<?xml version="1.0" encoding="UTF-8"?>
<testsuite xmlns:xsi="http://www.w3.org/2001/XMLSchema-instance" xsi:noNamespaceSchemaLocation="https://maven.apache.org/surefire/maven-surefire-plugin/xsd/surefire-test-report.xsd" name="org.apache.ratis.grpc.TestLogAppenderWithGrpc" time="30.222" tests="10" errors="1" skipped="0" failures="0">
  <properties>
    <property name="awt.toolkit" value="sun.awt.X11.XToolkit"/>
    <property name="file.encoding.pkg" value="sun.io"/>
    <property name="java.specification.version" value="1.8"/>
    <property name="sun.cpu.isalist" value=""/>
    <property name="sun.jnu.encoding" value="UTF-8"/>
    <property name="java.class.path" value="/home/runner/work/ratis/ratis/ratis-test/target/test-classes:/home/runner/work/ratis/ratis/ratis-test/target/classes:/home/runner/work/ratis/ratis/ratis-common/target/classes:/home/runner/.m2/repository/org/apache/ratis/ratis-thirdparty-misc/1.0.1/ratis-thirdparty-misc-1.0.1.jar:/home/runner/work/ratis/ratis/ratis-proto/target/ratis-proto-3.0.0-SNAPSHOT.jar:/home/runner/work/ratis/ratis/ratis-common/target/test-classes:/home/runner/work/ratis/ratis/ratis-client/target/classes:/home/runner/work/ratis/ratis/ratis-server/target/classes:/home/runner/work/ratis/ratis/ratis-server-api/target/classes:/home/runner/work/ratis/ratis/ratis-metrics/target/classes:/home/runner/work/ratis/ratis/ratis-server/target/test-classes:/home/runner/work/ratis/ratis/ratis-netty/target/classes:/home/runner/work/ratis/ratis/ratis-netty/target/test-classes:/home/runner/work/ratis/ratis/ratis-grpc/target/classes:/home/runner/work/ratis/ratis/ratis-grpc/target/test-classes:/home/runner/.m2/repository/org/slf4j/slf4j-api/1.7.29/slf4j-api-1.7.29.jar:/home/runner/.m2/repository/org/slf4j/slf4j-log4j12/1.7.29/slf4j-log4j12-1.7.29.jar:/home/runner/.m2/repository/log4j/log4j/1.2.17/log4j-1.2.17.jar:/home/runner/.m2/repository/junit/junit/4.13.2/junit-4.13.2.jar:/home/runner/.m2/repository/org/hamcrest/hamcrest-core/1.3/hamcrest-core-1.3.jar:/home/runner/.m2/repository/org/mockito/mockito-core/4.3.1/mockito-core-4.3.1.jar:/home/runner/.m2/repository/net/bytebuddy/byte-buddy/1.12.7/byte-buddy-1.12.7.jar:/home/runner/.m2/repository/net/bytebuddy/byte-buddy-agent/1.12.7/byte-buddy-agent-1.12.7.jar:/home/runner/.m2/repository/org/objenesis/objenesis/3.2/objenesis-3.2.jar:/home/runner/work/ratis/ratis/ratis-shell/target/classes:/home/runner/.m2/repository/commons-cli/commons-cli/1.5.0/commons-cli-1.5.0.jar:/home/runner/.m2/repository/org/reflections/reflections/0.10.2/reflections-0.10.2.jar:/home/runner/.m2/repository/org/javassist/javassist/3.28.0-GA/javassist-3.28.0-GA.jar:/home/runner/.m2/repository/com/google/code/findbugs/jsr305/3.0.2/jsr305-3.0.2.jar:"/>
    <property name="java.vm.vendor" value="Temurin"/>
    <property name="sun.arch.data.model" value="64"/>
    <property name="java.vendor.url" value="https://adoptium.net/"/>
    <property name="user.timezone" value=""/>
    <property name="java.vm.specification.version" value="1.8"/>
    <property name="os.name" value="Linux"/>
    <property name="sun.java.launcher" value="SUN_STANDARD"/>
    <property name="sun.boot.library.path" value="/usr/lib/jvm/temurin-8-jdk-amd64/jre/lib/amd64"/>
    <property name="sun.java.command" value="/home/runner/work/ratis/ratis/ratis-test/target/surefire/surefirebooter6396724220192840987.jar /home/runner/work/ratis/ratis/ratis-test/target/surefire 2022-08-02T20-58-28_312-jvmRun1 surefire4227041528124918865tmp surefire_158929174452051660901tmp"/>
    <property name="surefire.test.class.path" value="/home/runner/work/ratis/ratis/ratis-test/target/test-classes:/home/runner/work/ratis/ratis/ratis-test/target/classes:/home/runner/work/ratis/ratis/ratis-common/target/classes:/home/runner/.m2/repository/org/apache/ratis/ratis-thirdparty-misc/1.0.1/ratis-thirdparty-misc-1.0.1.jar:/home/runner/work/ratis/ratis/ratis-proto/target/ratis-proto-3.0.0-SNAPSHOT.jar:/home/runner/work/ratis/ratis/ratis-common/target/test-classes:/home/runner/work/ratis/ratis/ratis-client/target/classes:/home/runner/work/ratis/ratis/ratis-server/target/classes:/home/runner/work/ratis/ratis/ratis-server-api/target/classes:/home/runner/work/ratis/ratis/ratis-metrics/target/classes:/home/runner/work/ratis/ratis/ratis-server/target/test-classes:/home/runner/work/ratis/ratis/ratis-netty/target/classes:/home/runner/work/ratis/ratis/ratis-netty/target/test-classes:/home/runner/work/ratis/ratis/ratis-grpc/target/classes:/home/runner/work/ratis/ratis/ratis-grpc/target/test-classes:/home/runner/.m2/repository/org/slf4j/slf4j-api/1.7.29/slf4j-api-1.7.29.jar:/home/runner/.m2/repository/org/slf4j/slf4j-log4j12/1.7.29/slf4j-log4j12-1.7.29.jar:/home/runner/.m2/repository/log4j/log4j/1.2.17/log4j-1.2.17.jar:/home/runner/.m2/repository/junit/junit/4.13.2/junit-4.13.2.jar:/home/runner/.m2/repository/org/hamcrest/hamcrest-core/1.3/hamcrest-core-1.3.jar:/home/runner/.m2/repository/org/mockito/mockito-core/4.3.1/mockito-core-4.3.1.jar:/home/runner/.m2/repository/net/bytebuddy/byte-buddy/1.12.7/byte-buddy-1.12.7.jar:/home/runner/.m2/repository/net/bytebuddy/byte-buddy-agent/1.12.7/byte-buddy-agent-1.12.7.jar:/home/runner/.m2/repository/org/objenesis/objenesis/3.2/objenesis-3.2.jar:/home/runner/work/ratis/ratis/ratis-shell/target/classes:/home/runner/.m2/repository/commons-cli/commons-cli/1.5.0/commons-cli-1.5.0.jar:/home/runner/.m2/repository/org/reflections/reflections/0.10.2/reflections-0.10.2.jar:/home/runner/.m2/repository/org/javassist/javassist/3.28.0-GA/javassist-3.28.0-GA.jar:/home/runner/.m2/repository/com/google/code/findbugs/jsr305/3.0.2/jsr305-3.0.2.jar:"/>
    <property name="sun.cpu.endian" value="little"/>
    <property name="user.home" value="/home/runner"/>
    <property name="user.language" value="en"/>
    <property name="java.specification.vendor" value="Oracle Corporation"/>
    <property name="java.home" value="/usr/lib/jvm/temurin-8-jdk-amd64/jre"/>
    <property name="basedir" value="/home/runner/work/ratis/ratis/ratis-test"/>
    <property name="file.separator" value="/"/>
    <property name="line.separator" value="&#10;"/>
    <property name="java.vm.specification.vendor" value="Oracle Corporation"/>
    <property name="java.specification.name" value="Java Platform API Specification"/>
    <property name="java.awt.graphicsenv" value="sun.awt.X11GraphicsEnvironment"/>
    <property name="surefire.real.class.path" value="/home/runner/work/ratis/ratis/ratis-test/target/surefire/surefirebooter6396724220192840987.jar"/>
    <property name="sun.boot.class.path" value="/usr/lib/jvm/temurin-8-jdk-amd64/jre/lib/resources.jar:/usr/lib/jvm/temurin-8-jdk-amd64/jre/lib/rt.jar:/usr/lib/jvm/temurin-8-jdk-amd64/jre/lib/sunrsasign.jar:/usr/lib/jvm/temurin-8-jdk-amd64/jre/lib/jsse.jar:/usr/lib/jvm/temurin-8-jdk-amd64/jre/lib/jce.jar:/usr/lib/jvm/temurin-8-jdk-amd64/jre/lib/charsets.jar:/usr/lib/jvm/temurin-8-jdk-amd64/jre/lib/jfr.jar:/usr/lib/jvm/temurin-8-jdk-amd64/jre/classes"/>
    <property name="sun.management.compiler" value="HotSpot 64-Bit Tiered Compilers"/>
    <property name="java.runtime.version" value="1.8.0_332-b09"/>
    <property name="java.net.preferIPv4Stack" value="true"/>
    <property name="user.name" value="runner"/>
    <property name="path.separator" value=":"/>
    <property name="os.version" value="5.4.0-1086-azure"/>
    <property name="java.endorsed.dirs" value="/usr/lib/jvm/temurin-8-jdk-amd64/jre/lib/endorsed"/>
    <property name="java.runtime.name" value="OpenJDK Runtime Environment"/>
    <property name="file.encoding" value="UTF-8"/>
    <property name="java.vm.name" value="OpenJDK 64-Bit Server VM"/>
    <property name="localRepository" value="/home/runner/.m2/repository"/>
    <property name="java.vendor.url.bug" value="https://github.com/adoptium/adoptium-support/issues"/>
    <property name="java.io.tmpdir" value="/tmp"/>
    <property name="java.version" value="1.8.0_332"/>
    <property name="user.dir" value="/home/runner/work/ratis/ratis/ratis-test"/>
    <property name="os.arch" value="amd64"/>
    <property name="ratis.tmp.dir" value="/home/runner/work/ratis/ratis/ratis-test/target/tmp"/>
    <property name="java.vm.specification.name" value="Java Virtual Machine Specification"/>
    <property name="java.awt.printerjob" value="sun.print.PSPrinterJob"/>
    <property name="ratis.log.dir" value="/home/runner/work/ratis/ratis/ratis-test/target/log"/>
    <property name="sun.os.patch.level" value="unknown"/>
    <property name="java.library.path" value="/usr/java/packages/lib/amd64:/usr/lib64:/lib64:/lib:/usr/lib"/>
    <property name="java.vm.info" value="mixed mode"/>
    <property name="java.vendor" value="Temurin"/>
    <property name="java.vm.version" value="25.332-b09"/>
    <property name="java.ext.dirs" value="/usr/lib/jvm/temurin-8-jdk-amd64/jre/lib/ext:/usr/java/packages/lib/ext"/>
    <property name="sun.io.unicode.encoding" value="UnicodeLittle"/>
    <property name="java.class.version" value="52.0"/>
  </properties>
  <testcase name="testRestartLogAppender[0]" classname="org.apache.ratis.grpc.TestLogAppenderWithGrpc" time="2.499"/>
  <testcase name="testPendingLimits[0]" classname="org.apache.ratis.grpc.TestLogAppenderWithGrpc" time="6.874">
    <error message="org.apache.ratis.protocol.exceptions.AlreadyClosedException: SlidingWindow$Client:client-920847F5D7C6-&gt;RAFT is closed." type="java.util.concurrent.CompletionException">java.util.concurrent.CompletionException: org.apache.ratis.protocol.exceptions.AlreadyClosedException: SlidingWindow$Client:client-920847F5D7C6->RAFT is closed.
	at java.util.concurrent.CompletableFuture.encodeThrowable(CompletableFuture.java:292)
	at java.util.concurrent.CompletableFuture.completeThrowable(CompletableFuture.java:308)
	at java.util.concurrent.CompletableFuture.uniApply(CompletableFuture.java:607)
	at java.util.concurrent.CompletableFuture$UniApply.tryFire(CompletableFuture.java:591)
	at java.util.concurrent.CompletableFuture.postComplete(CompletableFuture.java:488)
	at java.util.concurrent.CompletableFuture.completeExceptionally(CompletableFuture.java:1990)
	at org.apache.ratis.client.impl.OrderedAsync$PendingOrderedRequest.fail(OrderedAsync.java:104)
	at org.apache.ratis.util.SlidingWindow$Client.alreadyClosed(SlidingWindow.java:378)
	at org.apache.ratis.util.SlidingWindow$Client.fail(SlidingWindow.java:366)
	at org.apache.ratis.client.impl.OrderedAsync.failAllAsyncRequests(OrderedAsync.java:148)
	at org.apache.ratis.client.impl.OrderedAsync.lambda$sendRequest$10(OrderedAsync.java:273)
	at java.util.concurrent.CompletableFuture.uniExceptionally(CompletableFuture.java:884)
	at java.util.concurrent.CompletableFuture.uniExceptionallyStage(CompletableFuture.java:898)
	at java.util.concurrent.CompletableFuture.exceptionally(CompletableFuture.java:2209)
	at org.apache.ratis.client.impl.OrderedAsync.sendRequest(OrderedAsync.java:251)
	at org.apache.ratis.client.impl.OrderedAsync.sendRequestWithRetry(OrderedAsync.java:198)
	at org.apache.ratis.util.SlidingWindow$Client.trySendDelayed(SlidingWindow.java:331)
	at org.apache.ratis.util.SlidingWindow$Client.receiveReply(SlidingWindow.java:323)
	at org.apache.ratis.client.impl.OrderedAsync.lambda$sendRequest$9(OrderedAsync.java:248)
	at java.util.concurrent.CompletableFuture.uniApply(CompletableFuture.java:616)
	at java.util.concurrent.CompletableFuture.uniApplyStage(CompletableFuture.java:628)
	at java.util.concurrent.CompletableFuture.thenApply(CompletableFuture.java:1996)
	at org.apache.ratis.client.impl.OrderedAsync.sendRequest(OrderedAsync.java:246)
	at org.apache.ratis.client.impl.OrderedAsync.sendRequestWithRetry(OrderedAsync.java:198)
	at org.apache.ratis.util.SlidingWindow$Client.trySendDelayed(SlidingWindow.java:331)
	at org.apache.ratis.util.SlidingWindow$Client.receiveReply(SlidingWindow.java:323)
	at org.apache.ratis.client.impl.OrderedAsync.lambda$sendRequest$9(OrderedAsync.java:248)
	at java.util.concurrent.CompletableFuture.uniApply(CompletableFuture.java:616)
	at java.util.concurrent.CompletableFuture.uniApplyStage(CompletableFuture.java:628)
	at java.util.concurrent.CompletableFuture.thenApply(CompletableFuture.java:1996)
	at org.apache.ratis.client.impl.OrderedAsync.sendRequest(OrderedAsync.java:246)
	at org.apache.ratis.client.impl.OrderedAsync.sendRequestWithRetry(OrderedAsync.java:198)
	at org.apache.ratis.util.SlidingWindow$Client.trySendDelayed(SlidingWindow.java:331)
	at org.apache.ratis.util.SlidingWindow$Client.receiveReply(SlidingWindow.java:323)
	at org.apache.ratis.client.impl.OrderedAsync.lambda$sendRequest$9(OrderedAsync.java:248)
	at java.util.concurrent.CompletableFuture.uniApply(CompletableFuture.java:616)
	at java.util.concurrent.CompletableFuture.uniApplyStage(CompletableFuture.java:628)
	at java.util.concurrent.CompletableFuture.thenApply(CompletableFuture.java:1996)
	at org.apache.ratis.client.impl.OrderedAsync.sendRequest(OrderedAsync.java:246)
	at org.apache.ratis.client.impl.OrderedAsync.sendRequestWithRetry(OrderedAsync.java:198)
	at org.apache.ratis.util.SlidingWindow$Client.trySendDelayed(SlidingWindow.java:331)
	at org.apache.ratis.util.SlidingWindow$Client.receiveReply(SlidingWindow.java:323)
	at org.apache.ratis.client.impl.OrderedAsync.lambda$sendRequest$9(OrderedAsync.java:248)
	at java.util.concurrent.CompletableFuture.uniApply(CompletableFuture.java:616)
	at java.util.concurrent.CompletableFuture.uniApplyStage(CompletableFuture.java:628)
	at java.util.concurrent.CompletableFuture.thenApply(CompletableFuture.java:1996)
	at org.apache.ratis.client.impl.OrderedAsync.sendRequest(OrderedAsync.java:246)
	at org.apache.ratis.client.impl.OrderedAsync.sendRequestWithRetry(OrderedAsync.java:198)
	at org.apache.ratis.util.SlidingWindow$Client.trySendDelayed(SlidingWindow.java:331)
	at org.apache.ratis.util.SlidingWindow$Client.receiveReply(SlidingWindow.java:323)
	at org.apache.ratis.client.impl.OrderedAsync.lambda$sendRequest$9(OrderedAsync.java:248)
	at java.util.concurrent.CompletableFuture.uniApply(CompletableFuture.java:616)
	at java.util.concurrent.CompletableFuture.uniApplyStage(CompletableFuture.java:628)
	at java.util.concurrent.CompletableFuture.thenApply(CompletableFuture.java:1996)
	at org.apache.ratis.client.impl.OrderedAsync.sendRequest(OrderedAsync.java:246)
	at org.apache.ratis.client.impl.OrderedAsync.sendRequestWithRetry(OrderedAsync.java:198)
	at org.apache.ratis.util.SlidingWindow$Client.trySendDelayed(SlidingWindow.java:331)
	at org.apache.ratis.util.SlidingWindow$Client.receiveReply(SlidingWindow.java:323)
	at org.apache.ratis.client.impl.OrderedAsync.lambda$sendRequest$9(OrderedAsync.java:248)
	at java.util.concurrent.CompletableFuture.uniApply(CompletableFuture.java:616)
	at java.util.concurrent.CompletableFuture.uniApplyStage(CompletableFuture.java:628)
	at java.util.concurrent.CompletableFuture.thenApply(CompletableFuture.java:1996)
	at org.apache.ratis.client.impl.OrderedAsync.sendRequest(OrderedAsync.java:246)
	at org.apache.ratis.client.impl.OrderedAsync.sendRequestWithRetry(OrderedAsync.java:198)
	at org.apache.ratis.util.SlidingWindow$Client.trySendDelayed(SlidingWindow.java:331)
	at org.apache.ratis.util.SlidingWindow$Client.receiveReply(SlidingWindow.java:323)
	at org.apache.ratis.client.impl.OrderedAsync.lambda$sendRequest$9(OrderedAsync.java:248)
	at java.util.concurrent.CompletableFuture.uniApply(CompletableFuture.java:616)
	at java.util.concurrent.CompletableFuture.uniApplyStage(CompletableFuture.java:628)
	at java.util.concurrent.CompletableFuture.thenApply(CompletableFuture.java:1996)
	at org.apache.ratis.client.impl.OrderedAsync.sendRequest(OrderedAsync.java:246)
	at org.apache.ratis.client.impl.OrderedAsync.sendRequestWithRetry(OrderedAsync.java:198)
	at org.apache.ratis.util.SlidingWindow$Client.trySendDelayed(SlidingWindow.java:331)
	at org.apache.ratis.util.SlidingWindow$Client.receiveReply(SlidingWindow.java:323)
	at org.apache.ratis.client.impl.OrderedAsync.lambda$sendRequest$9(OrderedAsync.java:248)
	at java.util.concurrent.CompletableFuture.uniApply(CompletableFuture.java:616)
	at java.util.concurrent.CompletableFuture.uniApplyStage(CompletableFuture.java:628)
	at java.util.concurrent.CompletableFuture.thenApply(CompletableFuture.java:1996)
	at org.apache.ratis.client.impl.OrderedAsync.sendRequest(OrderedAsync.java:246)
	at org.apache.ratis.client.impl.OrderedAsync.sendRequestWithRetry(OrderedAsync.java:198)
	at org.apache.ratis.util.SlidingWindow$Client.trySendDelayed(SlidingWindow.java:331)
	at org.apache.ratis.util.SlidingWindow$Client.receiveReply(SlidingWindow.java:323)
	at org.apache.ratis.client.impl.OrderedAsync.lambda$sendRequest$9(OrderedAsync.java:248)
	at java.util.concurrent.CompletableFuture.uniApply(CompletableFuture.java:616)
	at java.util.concurrent.CompletableFuture.uniApplyStage(CompletableFuture.java:628)
	at java.util.concurrent.CompletableFuture.thenApply(CompletableFuture.java:1996)
	at org.apache.ratis.client.impl.OrderedAsync.sendRequest(OrderedAsync.java:246)
	at org.apache.ratis.client.impl.OrderedAsync.sendRequestWithRetry(OrderedAsync.java:198)
	at org.apache.ratis.util.SlidingWindow$Client.trySendDelayed(SlidingWindow.java:331)
	at org.apache.ratis.util.SlidingWindow$Client.receiveReply(SlidingWindow.java:323)
	at org.apache.ratis.client.impl.OrderedAsync.lambda$sendRequest$9(OrderedAsync.java:248)
	at java.util.concurrent.CompletableFuture.uniApply(CompletableFuture.java:616)
	at java.util.concurrent.CompletableFuture.uniApplyStage(CompletableFuture.java:628)
	at java.util.concurrent.CompletableFuture.thenApply(CompletableFuture.java:1996)
	at org.apache.ratis.client.impl.OrderedAsync.sendRequest(OrderedAsync.java:246)
	at org.apache.ratis.client.impl.OrderedAsync.sendRequestWithRetry(OrderedAsync.java:198)
	at org.apache.ratis.util.SlidingWindow$Client.trySendDelayed(SlidingWindow.java:331)
	at org.apache.ratis.util.SlidingWindow$Client.receiveReply(SlidingWindow.java:323)
	at org.apache.ratis.client.impl.OrderedAsync.lambda$sendRequest$9(OrderedAsync.java:248)
	at java.util.concurrent.CompletableFuture.uniApply(CompletableFuture.java:616)
	at java.util.concurrent.CompletableFuture.uniApplyStage(CompletableFuture.java:628)
	at java.util.concurrent.CompletableFuture.thenApply(CompletableFuture.java:1996)
	at org.apache.ratis.client.impl.OrderedAsync.sendRequest(OrderedAsync.java:246)
	at org.apache.ratis.client.impl.OrderedAsync.sendRequestWithRetry(OrderedAsync.java:198)
	at org.apache.ratis.util.SlidingWindow$Client.trySendDelayed(SlidingWindow.java:331)
	at org.apache.ratis.util.SlidingWindow$Client.receiveReply(SlidingWindow.java:323)
	at org.apache.ratis.client.impl.OrderedAsync.lambda$sendRequest$9(OrderedAsync.java:248)
	at java.util.concurrent.CompletableFuture.uniApply(CompletableFuture.java:616)
	at java.util.concurrent.CompletableFuture.uniApplyStage(CompletableFuture.java:628)
	at java.util.concurrent.CompletableFuture.thenApply(CompletableFuture.java:1996)
	at org.apache.ratis.client.impl.OrderedAsync.sendRequest(OrderedAsync.java:246)
	at org.apache.ratis.client.impl.OrderedAsync.sendRequestWithRetry(OrderedAsync.java:198)
	at org.apache.ratis.util.SlidingWindow$Client.trySendDelayed(SlidingWindow.java:331)
	at org.apache.ratis.util.SlidingWindow$Client.receiveReply(SlidingWindow.java:323)
	at org.apache.ratis.client.impl.OrderedAsync.lambda$sendRequest$9(OrderedAsync.java:248)
	at java.util.concurrent.CompletableFuture.uniApply(CompletableFuture.java:616)
	at java.util.concurrent.CompletableFuture.uniApplyStage(CompletableFuture.java:628)
	at java.util.concurrent.CompletableFuture.thenApply(CompletableFuture.java:1996)
	at org.apache.ratis.client.impl.OrderedAsync.sendRequest(OrderedAsync.java:246)
	at org.apache.ratis.client.impl.OrderedAsync.sendRequestWithRetry(OrderedAsync.java:198)
	at org.apache.ratis.util.SlidingWindow$Client.sendOrDelayRequest(SlidingWindow.java:280)
	at org.apache.ratis.util.SlidingWindow$Client.retry(SlidingWindow.java:296)
	at org.apache.ratis.client.impl.OrderedAsync.lambda$scheduleWithTimeout$7(OrderedAsync.java:232)
	at org.apache.ratis.util.TimeoutScheduler.lambda$onTimeout$0(TimeoutScheduler.java:141)
	at org.apache.ratis.util.TimeoutScheduler.lambda$onTimeout$1(TimeoutScheduler.java:155)
	at org.apache.ratis.util.LogUtils.runAndLog(LogUtils.java:38)
	at org.apache.ratis.util.LogUtils$1.run(LogUtils.java:79)
	at java.util.concurrent.Executors$RunnableAdapter.call(Executors.java:511)
	at java.util.concurrent.FutureTask.run(FutureTask.java:266)
	at java.util.concurrent.ScheduledThreadPoolExecutor$ScheduledFutureTask.access$201(ScheduledThreadPoolExecutor.java:180)
	at java.util.concurrent.ScheduledThreadPoolExecutor$ScheduledFutureTask.run(ScheduledThreadPoolExecutor.java:293)
	at java.util.concurrent.ThreadPoolExecutor.runWorker(ThreadPoolExecutor.java:1149)
	at java.util.concurrent.ThreadPoolExecutor$Worker.run(ThreadPoolExecutor.java:624)
	at java.lang.Thread.run(Thread.java:750)
Caused by: org.apache.ratis.protocol.exceptions.AlreadyClosedException: SlidingWindow$Client:client-920847F5D7C6->RAFT is closed.
	... 127 more
Caused by: java.util.ConcurrentModificationException
	at java.util.TreeMap$PrivateEntryIterator.nextEntry(TreeMap.java:1211)
	at java.util.TreeMap$KeyIterator.next(TreeMap.java:1265)
	at org.apache.ratis.util.SlidingWindow$Client.trySendDelayed(SlidingWindow.java:330)
	at org.apache.ratis.util.SlidingWindow$Client.receiveReply(SlidingWindow.java:323)
	at org.apache.ratis.client.impl.OrderedAsync.lambda$sendRequest$9(OrderedAsync.java:248)
	at java.util.concurrent.CompletableFuture.uniApply(CompletableFuture.java:616)
	at java.util.concurrent.CompletableFuture.uniApplyStage(CompletableFuture.java:628)
	at java.util.concurrent.CompletableFuture.thenApply(CompletableFuture.java:1996)
	at org.apache.ratis.client.impl.OrderedAsync.sendRequest(OrderedAsync.java:246)
	... 119 more
</error>
    <system-out><![CDATA[2022-08-02 21:05:52,109 [main] INFO  util.LogUtils (Log4jUtils.java:setLogLevel(32)) - Set org.apache.ratis.conf.ConfUtils log level to WARN
2022-08-02 21:05:52,109 [main] INFO  util.LogUtils (Log4jUtils.java:setLogLevel(32)) - Set org.apache.ratis.util.FileUtils log level to TRACE
2022-08-02 21:05:52,109 [main] INFO  util.LogUtils (Log4jUtils.java:setLogLevel(32)) - Set org.apache.ratis.server.leader.LogAppender log level to DEBUG
2022-08-02 21:05:52,109 [main] INFO  util.LogUtils (Log4jUtils.java:setLogLevel(32)) - Set org.apache.ratis.server.leader.FollowerInfo log level to DEBUG
2022-08-02 21:05:52,111 [Time-limited test] INFO  impl.MiniRaftCluster (MiniRaftCluster.java:<init>(303)) - new MiniRaftClusterWithGrpc with group-DBBE7E7C6C61:[s0|rpc:localhost:34153|admin:localhost:38297|client:localhost:38535|dataStream:localhost:44971|priority:0|startupRole:FOLLOWER, s1|rpc:localhost:36619|admin:localhost:37635|client:localhost:36381|dataStream:localhost:35649|priority:0|startupRole:FOLLOWER, s2|rpc:localhost:36383|admin:localhost:43279|client:localhost:38239|dataStream:localhost:33503|priority:0|startupRole:FOLLOWER]
2022-08-02 21:05:52,111 [Time-limited test] INFO  impl.MiniRaftCluster (MiniRaftCluster.java:start(336)) - .............................................................. 
2022-08-02 21:05:52,111 [Time-limited test] INFO  impl.MiniRaftCluster (MiniRaftCluster.java:start(337)) - ... 
2022-08-02 21:05:52,111 [Time-limited test] INFO  impl.MiniRaftCluster (MiniRaftCluster.java:start(338)) - ...     Starting MiniRaftClusterWithGrpc
2022-08-02 21:05:52,111 [Time-limited test] INFO  impl.MiniRaftCluster (MiniRaftCluster.java:start(339)) - ... 
2022-08-02 21:05:52,111 [Time-limited test] INFO  impl.MiniRaftCluster (MiniRaftCluster.java:start(340)) - .............................................................. 
2022-08-02 21:05:52,111 [Time-limited test] INFO  impl.MiniRaftCluster (MiniRaftCluster.java:initServers(315)) - servers = {}
2022-08-02 21:05:52,111 [Time-limited test] INFO  impl.MiniRaftCluster (MiniRaftCluster.java:newRaftServer(379)) - newRaftServer: s0, group-DBBE7E7C6C61:[s0|rpc:localhost:34153|admin:localhost:38297|client:localhost:38535|dataStream:localhost:44971|priority:0|startupRole:FOLLOWER, s1|rpc:localhost:36619|admin:localhost:37635|client:localhost:36381|dataStream:localhost:35649|priority:0|startupRole:FOLLOWER, s2|rpc:localhost:36383|admin:localhost:43279|client:localhost:38239|dataStream:localhost:33503|priority:0|startupRole:FOLLOWER], format? true
2022-08-02 21:05:52,111 [Time-limited test] TRACE util.FileUtils (FileUtils.java:deleteFully(162)) - deleteFully target/test/data/74e1359d/MiniRaftClusterWithGrpc76079055/s0
2022-08-02 21:05:52,111 [Time-limited test] TRACE util.FileUtils (FileUtils.java:deleteFully(178)) - deleteFully: target/test/data/74e1359d/MiniRaftClusterWithGrpc76079055/s0 does not exist.
2022-08-02 21:05:52,111 [Time-limited test] INFO  impl.MiniRaftCluster (MiniRaftCluster.java:newRaftServer(384)) - Formatted directory target/test/data/74e1359d/MiniRaftClusterWithGrpc76079055/s0
2022-08-02 21:05:52,112 [Time-limited test] INFO  server.RaftServer (ConfUtils.java:logGet(46)) - raft.rpc.type = GRPC (default)
2022-08-02 21:05:52,112 [Time-limited test] INFO  grpc.GrpcConfigKeys (ConfUtils.java:logGet(46)) - raft.grpc.admin.port = 38297 (custom)
2022-08-02 21:05:52,112 [Time-limited test] INFO  grpc.GrpcConfigKeys (ConfUtils.java:logGet(46)) - raft.grpc.client.port = 38535 (custom)
2022-08-02 21:05:52,112 [Time-limited test] INFO  grpc.GrpcConfigKeys (ConfUtils.java:logGet(46)) - raft.grpc.server.port = 34153 (custom)
2022-08-02 21:05:52,112 [Time-limited test] INFO  server.GrpcService (ConfUtils.java:logGet(46)) - raft.grpc.message.size.max = 64MB (=67108864) (default)
2022-08-02 21:05:52,112 [Time-limited test] INFO  server.RaftServerConfigKeys (ConfUtils.java:logGet(46)) - raft.server.log.appender.buffer.byte-limit = 4MB (=4194304) (default)
2022-08-02 21:05:52,112 [Time-limited test] INFO  server.GrpcService (ConfUtils.java:logGet(46)) - raft.grpc.flow.control.window = 1MB (=1048576) (default)
2022-08-02 21:05:52,112 [Time-limited test] INFO  server.RaftServerConfigKeys (ConfUtils.java:logGet(46)) - raft.server.rpc.request.timeout = 3000ms (default)
2022-08-02 21:05:52,112 [Time-limited test] INFO  grpc.GrpcConfigKeys (ConfUtils.java:logGet(46)) - raft.grpc.server.heartbeat.channel = true (default)
2022-08-02 21:05:52,113 [Time-limited test] INFO  grpc.GrpcConfigKeys (ConfUtils.java:logGet(46)) - raft.grpc.server.async.request.thread.pool.cached = true (default)
2022-08-02 21:05:52,113 [Time-limited test] INFO  grpc.GrpcConfigKeys (ConfUtils.java:logGet(46)) - raft.grpc.server.async.request.thread.pool.size = 32 (default)
2022-08-02 21:05:52,114 [Time-limited test] INFO  impl.DataStreamServerImpl (ConfUtils.java:logGet(46)) - raft.datastream.type = DISABLED (default)
2022-08-02 21:05:52,114 [Time-limited test] INFO  server.RaftServerConfigKeys (ConfUtils.java:logGet(46)) - raft.server.threadpool.proxy.cached = true (default)
2022-08-02 21:05:52,114 [Time-limited test] INFO  server.RaftServerConfigKeys (ConfUtils.java:logGet(46)) - raft.server.threadpool.proxy.size = 0 (default)
2022-08-02 21:05:52,114 [Time-limited test] INFO  server.RaftServerConfigKeys (ConfUtils.java:logGet(46)) - raft.server.rpc.slowness.timeout = 60s (default)
2022-08-02 21:05:52,114 [Time-limited test] INFO  server.RaftServerConfigKeys (ConfUtils.java:logGet(46)) - raft.server.leaderelection.leader.step-down.wait-time = 10s (default)
2022-08-02 21:05:52,114 [Time-limited test] INFO  server.RaftServerConfigKeys (ConfUtils.java:logGet(46)) - raft.server.storage.dir = [/home/runner/work/ratis/ratis/ratis-test/target/test/data/74e1359d/MiniRaftClusterWithGrpc76079055/s0] (custom)
2022-08-02 21:05:52,115 [Time-limited test] INFO  server.RaftServer (RaftServerProxy.java:addNew(96)) - s0: addNew group-DBBE7E7C6C61:[s0|rpc:localhost:34153|admin:localhost:38297|client:localhost:38535|dataStream:localhost:44971|priority:0|startupRole:FOLLOWER, s1|rpc:localhost:36619|admin:localhost:37635|client:localhost:36381|dataStream:localhost:35649|priority:0|startupRole:FOLLOWER, s2|rpc:localhost:36383|admin:localhost:43279|client:localhost:38239|dataStream:localhost:33503|priority:0|startupRole:FOLLOWER] returns group-DBBE7E7C6C61:java.util.concurrent.CompletableFuture@3d34269f[Not completed]
2022-08-02 21:05:52,116 [Time-limited test] INFO  impl.MiniRaftCluster (MiniRaftCluster.java:newRaftServer(379)) - newRaftServer: s1, group-DBBE7E7C6C61:[s0|rpc:localhost:34153|admin:localhost:38297|client:localhost:38535|dataStream:localhost:44971|priority:0|startupRole:FOLLOWER, s1|rpc:localhost:36619|admin:localhost:37635|client:localhost:36381|dataStream:localhost:35649|priority:0|startupRole:FOLLOWER, s2|rpc:localhost:36383|admin:localhost:43279|client:localhost:38239|dataStream:localhost:33503|priority:0|startupRole:FOLLOWER], format? true
2022-08-02 21:05:52,116 [Time-limited test] TRACE util.FileUtils (FileUtils.java:deleteFully(162)) - deleteFully target/test/data/74e1359d/MiniRaftClusterWithGrpc76079055/s1
2022-08-02 21:05:52,116 [pool-5-thread-1] INFO  server.RaftServerConfigKeys (ConfUtils.java:logGet(46)) - raft.server.log.segment.size.max = 8MB (=8388608) (default)
2022-08-02 21:05:52,116 [Time-limited test] TRACE util.FileUtils (FileUtils.java:deleteFully(178)) - deleteFully: target/test/data/74e1359d/MiniRaftClusterWithGrpc76079055/s1 does not exist.
2022-08-02 21:05:52,116 [Time-limited test] INFO  impl.MiniRaftCluster (MiniRaftCluster.java:newRaftServer(384)) - Formatted directory target/test/data/74e1359d/MiniRaftClusterWithGrpc76079055/s1
2022-08-02 21:05:52,116 [pool-5-thread-1] INFO  server.RaftServerConfigKeys (ConfUtils.java:logGet(46)) - raft.server.log.preallocated.size = 4MB (=4194304) (default)
2022-08-02 21:05:52,116 [pool-5-thread-1] INFO  server.RaftServerConfigKeys (ConfUtils.java:logGet(46)) - raft.server.log.write.buffer.size = 64KB (=65536) (default)
2022-08-02 21:05:52,116 [Time-limited test] INFO  server.RaftServer (ConfUtils.java:logGet(46)) - raft.rpc.type = GRPC (default)
2022-08-02 21:05:52,116 [Time-limited test] INFO  grpc.GrpcConfigKeys (ConfUtils.java:logGet(46)) - raft.grpc.admin.port = 37635 (custom)
2022-08-02 21:05:52,117 [Time-limited test] INFO  grpc.GrpcConfigKeys (ConfUtils.java:logGet(46)) - raft.grpc.client.port = 36381 (custom)
2022-08-02 21:05:52,117 [Time-limited test] INFO  grpc.GrpcConfigKeys (ConfUtils.java:logGet(46)) - raft.grpc.server.port = 36619 (custom)
2022-08-02 21:05:52,117 [Time-limited test] INFO  server.GrpcService (ConfUtils.java:logGet(46)) - raft.grpc.message.size.max = 64MB (=67108864) (default)
2022-08-02 21:05:52,117 [Time-limited test] INFO  server.RaftServerConfigKeys (ConfUtils.java:logGet(46)) - raft.server.log.appender.buffer.byte-limit = 4MB (=4194304) (default)
2022-08-02 21:05:52,117 [Time-limited test] INFO  server.GrpcService (ConfUtils.java:logGet(46)) - raft.grpc.flow.control.window = 1MB (=1048576) (default)
2022-08-02 21:05:52,117 [Time-limited test] INFO  server.RaftServerConfigKeys (ConfUtils.java:logGet(46)) - raft.server.rpc.request.timeout = 3000ms (default)
2022-08-02 21:05:52,117 [Time-limited test] INFO  grpc.GrpcConfigKeys (ConfUtils.java:logGet(46)) - raft.grpc.server.heartbeat.channel = true (default)
2022-08-02 21:05:52,117 [Time-limited test] INFO  grpc.GrpcConfigKeys (ConfUtils.java:logGet(46)) - raft.grpc.server.async.request.thread.pool.cached = true (default)
2022-08-02 21:05:52,117 [Time-limited test] INFO  grpc.GrpcConfigKeys (ConfUtils.java:logGet(46)) - raft.grpc.server.async.request.thread.pool.size = 32 (default)
2022-08-02 21:05:52,118 [Time-limited test] INFO  impl.DataStreamServerImpl (ConfUtils.java:logGet(46)) - raft.datastream.type = DISABLED (default)
2022-08-02 21:05:52,119 [Time-limited test] INFO  server.RaftServerConfigKeys (ConfUtils.java:logGet(46)) - raft.server.threadpool.proxy.cached = true (default)
2022-08-02 21:05:52,116 [pool-5-thread-1] INFO  server.RaftServer$Division (RaftServerImpl.java:<init>(192)) - s0: new RaftServerImpl for group-DBBE7E7C6C61:[s0|rpc:localhost:34153|admin:localhost:38297|client:localhost:38535|dataStream:localhost:44971|priority:0|startupRole:FOLLOWER, s1|rpc:localhost:36619|admin:localhost:37635|client:localhost:36381|dataStream:localhost:35649|priority:0|startupRole:FOLLOWER, s2|rpc:localhost:36383|admin:localhost:43279|client:localhost:38239|dataStream:localhost:33503|priority:0|startupRole:FOLLOWER] with SimpleStateMachine4Testing:uninitialized
2022-08-02 21:05:52,119 [Time-limited test] INFO  server.RaftServerConfigKeys (ConfUtils.java:logGet(46)) - raft.server.threadpool.proxy.size = 0 (default)
2022-08-02 21:05:52,119 [pool-5-thread-1] INFO  server.RaftServerConfigKeys (ConfUtils.java:logGet(46)) - raft.server.rpc.timeout.min = 150ms (default)
2022-08-02 21:05:52,119 [Time-limited test] INFO  server.RaftServerConfigKeys (ConfUtils.java:logGet(46)) - raft.server.rpc.slowness.timeout = 60s (default)
2022-08-02 21:05:52,119 [pool-5-thread-1] INFO  server.RaftServerConfigKeys (ConfUtils.java:logGet(46)) - raft.server.rpc.timeout.max = 300ms (default)
2022-08-02 21:05:52,119 [Time-limited test] INFO  server.RaftServerConfigKeys (ConfUtils.java:logGet(46)) - raft.server.leaderelection.leader.step-down.wait-time = 10s (default)
2022-08-02 21:05:52,119 [pool-5-thread-1] INFO  server.RaftServerConfigKeys (ConfUtils.java:logGet(46)) - raft.server.rpc.sleep.time = 25ms (default)
2022-08-02 21:05:52,120 [Time-limited test] INFO  server.RaftServerConfigKeys (ConfUtils.java:logGet(46)) - raft.server.storage.dir = [/home/runner/work/ratis/ratis/ratis-test/target/test/data/74e1359d/MiniRaftClusterWithGrpc76079055/s1] (custom)
2022-08-02 21:05:52,120 [pool-5-thread-1] INFO  server.RaftServerConfigKeys (ConfUtils.java:logGet(46)) - raft.server.rpc.slowness.timeout = 60s (default)
2022-08-02 21:05:52,120 [pool-5-thread-1] INFO  server.RaftServerConfigKeys (ConfUtils.java:logGet(46)) - raft.server.leaderelection.leader.step-down.wait-time = 10s (default)
2022-08-02 21:05:52,120 [pool-5-thread-1] INFO  server.RaftServerConfigKeys (ConfUtils.java:logGet(46)) - raft.server.sleep.deviation.threshold = 300ms (default)
2022-08-02 21:05:52,120 [pool-5-thread-1] INFO  server.RaftServer$Division (ServerState.java:<init>(118)) - s0@group-DBBE7E7C6C61: ConfigurationManager, init=-1: peers:[s0|rpc:localhost:34153|admin:localhost:38297|client:localhost:38535|dataStream:localhost:44971|priority:0|startupRole:FOLLOWER, s1|rpc:localhost:36619|admin:localhost:37635|client:localhost:36381|dataStream:localhost:35649|priority:0|startupRole:FOLLOWER, s2|rpc:localhost:36383|admin:localhost:43279|client:localhost:38239|dataStream:localhost:33503|priority:0|startupRole:FOLLOWER]|listeners:[], old=null, confs=<EMPTY_MAP>
2022-08-02 21:05:52,120 [pool-5-thread-1] INFO  server.RaftServerConfigKeys (ConfUtils.java:logGet(46)) - raft.server.storage.dir = [/home/runner/work/ratis/ratis/ratis-test/target/test/data/74e1359d/MiniRaftClusterWithGrpc76079055/s0] (custom)
2022-08-02 21:05:52,120 [pool-5-thread-1] INFO  server.RaftServerConfigKeys (ConfUtils.java:logGet(46)) - raft.server.log.corruption.policy = EXCEPTION (default)
2022-08-02 21:05:52,121 [pool-5-thread-1] INFO  server.RaftServerConfigKeys (ConfUtils.java:logGet(46)) - raft.server.storage.free-space.min = 0MB (=0) (default)
2022-08-02 21:05:52,121 [pool-5-thread-1] INFO  server.RaftServerConfigKeys (ConfUtils.java:logGet(46)) - raft.server.notification.no-leader.timeout = 60s (default)
2022-08-02 21:05:52,121 [pool-5-thread-1] INFO  server.RaftServerConfigKeys (ConfUtils.java:logGet(46)) - raft.server.retrycache.expirytime = 60s (default)
2022-08-02 21:05:52,121 [pool-5-thread-1] INFO  server.RaftServerConfigKeys (ConfUtils.java:logGet(46)) - raft.server.retrycache.statistics.expirytime = 100μs (default)
2022-08-02 21:05:52,122 [pool-5-thread-1] INFO  server.RaftServerConfigKeys (ConfUtils.java:logGet(46)) - raft.server.log.appender.install.snapshot.enabled = true (default)
2022-08-02 21:05:52,122 [pool-5-thread-1] INFO  server.RaftServerConfigKeys (ConfUtils.java:logGet(46)) - raft.server.threadpool.server.cached = true (default)
2022-08-02 21:05:52,122 [pool-5-thread-1] INFO  server.RaftServerConfigKeys (ConfUtils.java:logGet(46)) - raft.server.threadpool.server.size = 0 (default)
2022-08-02 21:05:52,122 [pool-5-thread-1] INFO  server.RaftServerConfigKeys (ConfUtils.java:logGet(46)) - raft.server.threadpool.client.cached = true (default)
2022-08-02 21:05:52,122 [pool-5-thread-1] INFO  server.RaftServerConfigKeys (ConfUtils.java:logGet(46)) - raft.server.threadpool.client.size = 0 (default)
2022-08-02 21:05:52,122 [Time-limited test] INFO  server.RaftServer (RaftServerProxy.java:addNew(96)) - s1: addNew group-DBBE7E7C6C61:[s0|rpc:localhost:34153|admin:localhost:38297|client:localhost:38535|dataStream:localhost:44971|priority:0|startupRole:FOLLOWER, s1|rpc:localhost:36619|admin:localhost:37635|client:localhost:36381|dataStream:localhost:35649|priority:0|startupRole:FOLLOWER, s2|rpc:localhost:36383|admin:localhost:43279|client:localhost:38239|dataStream:localhost:33503|priority:0|startupRole:FOLLOWER] returns group-DBBE7E7C6C61:java.util.concurrent.CompletableFuture@e6b4c9e[Not completed]
2022-08-02 21:05:52,123 [Time-limited test] INFO  impl.MiniRaftCluster (MiniRaftCluster.java:newRaftServer(379)) - newRaftServer: s2, group-DBBE7E7C6C61:[s0|rpc:localhost:34153|admin:localhost:38297|client:localhost:38535|dataStream:localhost:44971|priority:0|startupRole:FOLLOWER, s1|rpc:localhost:36619|admin:localhost:37635|client:localhost:36381|dataStream:localhost:35649|priority:0|startupRole:FOLLOWER, s2|rpc:localhost:36383|admin:localhost:43279|client:localhost:38239|dataStream:localhost:33503|priority:0|startupRole:FOLLOWER], format? true
2022-08-02 21:05:52,123 [Time-limited test] TRACE util.FileUtils (FileUtils.java:deleteFully(162)) - deleteFully target/test/data/74e1359d/MiniRaftClusterWithGrpc76079055/s2
2022-08-02 21:05:52,123 [pool-6-thread-1] INFO  server.RaftServerConfigKeys (ConfUtils.java:logGet(46)) - raft.server.log.segment.size.max = 8MB (=8388608) (default)
2022-08-02 21:05:52,123 [Time-limited test] TRACE util.FileUtils (FileUtils.java:deleteFully(178)) - deleteFully: target/test/data/74e1359d/MiniRaftClusterWithGrpc76079055/s2 does not exist.
2022-08-02 21:05:52,123 [Time-limited test] INFO  impl.MiniRaftCluster (MiniRaftCluster.java:newRaftServer(384)) - Formatted directory target/test/data/74e1359d/MiniRaftClusterWithGrpc76079055/s2
2022-08-02 21:05:52,123 [pool-6-thread-1] INFO  server.RaftServerConfigKeys (ConfUtils.java:logGet(46)) - raft.server.log.preallocated.size = 4MB (=4194304) (default)
2022-08-02 21:05:52,123 [pool-6-thread-1] INFO  server.RaftServerConfigKeys (ConfUtils.java:logGet(46)) - raft.server.log.write.buffer.size = 64KB (=65536) (default)
2022-08-02 21:05:52,123 [Time-limited test] INFO  server.RaftServer (ConfUtils.java:logGet(46)) - raft.rpc.type = GRPC (default)
2022-08-02 21:05:52,123 [pool-6-thread-1] INFO  server.RaftServer$Division (RaftServerImpl.java:<init>(192)) - s1: new RaftServerImpl for group-DBBE7E7C6C61:[s0|rpc:localhost:34153|admin:localhost:38297|client:localhost:38535|dataStream:localhost:44971|priority:0|startupRole:FOLLOWER, s1|rpc:localhost:36619|admin:localhost:37635|client:localhost:36381|dataStream:localhost:35649|priority:0|startupRole:FOLLOWER, s2|rpc:localhost:36383|admin:localhost:43279|client:localhost:38239|dataStream:localhost:33503|priority:0|startupRole:FOLLOWER] with SimpleStateMachine4Testing:uninitialized
2022-08-02 21:05:52,123 [Time-limited test] INFO  grpc.GrpcConfigKeys (ConfUtils.java:logGet(46)) - raft.grpc.admin.port = 43279 (custom)
2022-08-02 21:05:52,123 [pool-6-thread-1] INFO  server.RaftServerConfigKeys (ConfUtils.java:logGet(46)) - raft.server.rpc.timeout.min = 150ms (default)
2022-08-02 21:05:52,124 [Time-limited test] INFO  grpc.GrpcConfigKeys (ConfUtils.java:logGet(46)) - raft.grpc.client.port = 38239 (custom)
2022-08-02 21:05:52,124 [pool-6-thread-1] INFO  server.RaftServerConfigKeys (ConfUtils.java:logGet(46)) - raft.server.rpc.timeout.max = 300ms (default)
2022-08-02 21:05:52,124 [Time-limited test] INFO  grpc.GrpcConfigKeys (ConfUtils.java:logGet(46)) - raft.grpc.server.port = 36383 (custom)
2022-08-02 21:05:52,124 [pool-6-thread-1] INFO  server.RaftServerConfigKeys (ConfUtils.java:logGet(46)) - raft.server.rpc.sleep.time = 25ms (default)
2022-08-02 21:05:52,124 [Time-limited test] INFO  server.GrpcService (ConfUtils.java:logGet(46)) - raft.grpc.message.size.max = 64MB (=67108864) (default)
2022-08-02 21:05:52,124 [pool-6-thread-1] INFO  server.RaftServerConfigKeys (ConfUtils.java:logGet(46)) - raft.server.rpc.slowness.timeout = 60s (default)
2022-08-02 21:05:52,124 [Time-limited test] INFO  server.RaftServerConfigKeys (ConfUtils.java:logGet(46)) - raft.server.log.appender.buffer.byte-limit = 4MB (=4194304) (default)
2022-08-02 21:05:52,124 [pool-6-thread-1] INFO  server.RaftServerConfigKeys (ConfUtils.java:logGet(46)) - raft.server.leaderelection.leader.step-down.wait-time = 10s (default)
2022-08-02 21:05:52,124 [Time-limited test] INFO  server.GrpcService (ConfUtils.java:logGet(46)) - raft.grpc.flow.control.window = 1MB (=1048576) (default)
2022-08-02 21:05:52,125 [pool-6-thread-1] INFO  server.RaftServerConfigKeys (ConfUtils.java:logGet(46)) - raft.server.sleep.deviation.threshold = 300ms (default)
2022-08-02 21:05:52,125 [Time-limited test] INFO  server.RaftServerConfigKeys (ConfUtils.java:logGet(46)) - raft.server.rpc.request.timeout = 3000ms (default)
2022-08-02 21:05:52,125 [pool-6-thread-1] INFO  server.RaftServer$Division (ServerState.java:<init>(118)) - s1@group-DBBE7E7C6C61: ConfigurationManager, init=-1: peers:[s0|rpc:localhost:34153|admin:localhost:38297|client:localhost:38535|dataStream:localhost:44971|priority:0|startupRole:FOLLOWER, s1|rpc:localhost:36619|admin:localhost:37635|client:localhost:36381|dataStream:localhost:35649|priority:0|startupRole:FOLLOWER, s2|rpc:localhost:36383|admin:localhost:43279|client:localhost:38239|dataStream:localhost:33503|priority:0|startupRole:FOLLOWER]|listeners:[], old=null, confs=<EMPTY_MAP>
2022-08-02 21:05:52,125 [Time-limited test] INFO  grpc.GrpcConfigKeys (ConfUtils.java:logGet(46)) - raft.grpc.server.heartbeat.channel = true (default)
2022-08-02 21:05:52,125 [pool-6-thread-1] INFO  server.RaftServerConfigKeys (ConfUtils.java:logGet(46)) - raft.server.storage.dir = [/home/runner/work/ratis/ratis/ratis-test/target/test/data/74e1359d/MiniRaftClusterWithGrpc76079055/s1] (custom)
2022-08-02 21:05:52,125 [Time-limited test] INFO  grpc.GrpcConfigKeys (ConfUtils.java:logGet(46)) - raft.grpc.server.async.request.thread.pool.cached = true (default)
2022-08-02 21:05:52,125 [Time-limited test] INFO  grpc.GrpcConfigKeys (ConfUtils.java:logGet(46)) - raft.grpc.server.async.request.thread.pool.size = 32 (default)
2022-08-02 21:05:52,125 [pool-6-thread-1] INFO  server.RaftServerConfigKeys (ConfUtils.java:logGet(46)) - raft.server.log.corruption.policy = EXCEPTION (default)
2022-08-02 21:05:52,126 [pool-6-thread-1] INFO  server.RaftServerConfigKeys (ConfUtils.java:logGet(46)) - raft.server.storage.free-space.min = 0MB (=0) (default)
2022-08-02 21:05:52,126 [pool-6-thread-1] INFO  server.RaftServerConfigKeys (ConfUtils.java:logGet(46)) - raft.server.notification.no-leader.timeout = 60s (default)
2022-08-02 21:05:52,126 [pool-6-thread-1] INFO  server.RaftServerConfigKeys (ConfUtils.java:logGet(46)) - raft.server.retrycache.expirytime = 60s (default)
2022-08-02 21:05:52,126 [pool-6-thread-1] INFO  server.RaftServerConfigKeys (ConfUtils.java:logGet(46)) - raft.server.retrycache.statistics.expirytime = 100μs (default)
2022-08-02 21:05:52,126 [pool-6-thread-1] INFO  server.RaftServerConfigKeys (ConfUtils.java:logGet(46)) - raft.server.log.appender.install.snapshot.enabled = true (default)
2022-08-02 21:05:52,127 [pool-6-thread-1] INFO  server.RaftServerConfigKeys (ConfUtils.java:logGet(46)) - raft.server.threadpool.server.cached = true (default)
2022-08-02 21:05:52,127 [pool-6-thread-1] INFO  server.RaftServerConfigKeys (ConfUtils.java:logGet(46)) - raft.server.threadpool.server.size = 0 (default)
2022-08-02 21:05:52,127 [pool-6-thread-1] INFO  server.RaftServerConfigKeys (ConfUtils.java:logGet(46)) - raft.server.threadpool.client.cached = true (default)
2022-08-02 21:05:52,127 [pool-6-thread-1] INFO  server.RaftServerConfigKeys (ConfUtils.java:logGet(46)) - raft.server.threadpool.client.size = 0 (default)
2022-08-02 21:05:52,127 [Time-limited test] INFO  impl.DataStreamServerImpl (ConfUtils.java:logGet(46)) - raft.datastream.type = DISABLED (default)
2022-08-02 21:05:52,131 [Time-limited test] INFO  server.RaftServerConfigKeys (ConfUtils.java:logGet(46)) - raft.server.threadpool.proxy.cached = true (default)
2022-08-02 21:05:52,131 [Time-limited test] INFO  server.RaftServerConfigKeys (ConfUtils.java:logGet(46)) - raft.server.threadpool.proxy.size = 0 (default)
2022-08-02 21:05:52,132 [Time-limited test] INFO  server.RaftServerConfigKeys (ConfUtils.java:logGet(46)) - raft.server.rpc.slowness.timeout = 60s (default)
2022-08-02 21:05:52,132 [Time-limited test] INFO  server.RaftServerConfigKeys (ConfUtils.java:logGet(46)) - raft.server.leaderelection.leader.step-down.wait-time = 10s (default)
2022-08-02 21:05:52,132 [Time-limited test] INFO  server.RaftServerConfigKeys (ConfUtils.java:logGet(46)) - raft.server.storage.dir = [/home/runner/work/ratis/ratis/ratis-test/target/test/data/74e1359d/MiniRaftClusterWithGrpc76079055/s2] (custom)
2022-08-02 21:05:52,132 [Time-limited test] INFO  server.RaftServer (RaftServerProxy.java:addNew(96)) - s2: addNew group-DBBE7E7C6C61:[s0|rpc:localhost:34153|admin:localhost:38297|client:localhost:38535|dataStream:localhost:44971|priority:0|startupRole:FOLLOWER, s1|rpc:localhost:36619|admin:localhost:37635|client:localhost:36381|dataStream:localhost:35649|priority:0|startupRole:FOLLOWER, s2|rpc:localhost:36383|admin:localhost:43279|client:localhost:38239|dataStream:localhost:33503|priority:0|startupRole:FOLLOWER] returns group-DBBE7E7C6C61:java.util.concurrent.CompletableFuture@5e7e9eb9[Not completed]
2022-08-02 21:05:52,133 [s0-impl-thread1] INFO  storage.RaftStorageDirectory (RaftStorageDirectoryImpl.java:analyzeStorage(137)) - The storage directory /home/runner/work/ratis/ratis/ratis-test/target/test/data/74e1359d/MiniRaftClusterWithGrpc76079055/s0/99562680-b41b-457b-862a-dbbe7e7c6c61 does not exist. Creating ...
2022-08-02 21:05:52,133 [pool-7-thread-1] INFO  server.RaftServerConfigKeys (ConfUtils.java:logGet(46)) - raft.server.log.segment.size.max = 8MB (=8388608) (default)
2022-08-02 21:05:52,133 [pool-7-thread-1] INFO  server.RaftServerConfigKeys (ConfUtils.java:logGet(46)) - raft.server.log.preallocated.size = 4MB (=4194304) (default)
2022-08-02 21:05:52,133 [pool-7-thread-1] INFO  server.RaftServerConfigKeys (ConfUtils.java:logGet(46)) - raft.server.log.write.buffer.size = 64KB (=65536) (default)
2022-08-02 21:05:52,133 [s0-impl-thread1] TRACE util.FileUtils (LogUtils.java:runAndLog(49)) - Successfully ran Files.createDirectories /home/runner/work/ratis/ratis/ratis-test/target/test/data/74e1359d/MiniRaftClusterWithGrpc76079055/s0/99562680-b41b-457b-862a-dbbe7e7c6c61
2022-08-02 21:05:52,133 [pool-7-thread-1] INFO  server.RaftServer$Division (RaftServerImpl.java:<init>(192)) - s2: new RaftServerImpl for group-DBBE7E7C6C61:[s0|rpc:localhost:34153|admin:localhost:38297|client:localhost:38535|dataStream:localhost:44971|priority:0|startupRole:FOLLOWER, s1|rpc:localhost:36619|admin:localhost:37635|client:localhost:36381|dataStream:localhost:35649|priority:0|startupRole:FOLLOWER, s2|rpc:localhost:36383|admin:localhost:43279|client:localhost:38239|dataStream:localhost:33503|priority:0|startupRole:FOLLOWER] with SimpleStateMachine4Testing:uninitialized
2022-08-02 21:05:52,133 [pool-7-thread-1] INFO  server.RaftServerConfigKeys (ConfUtils.java:logGet(46)) - raft.server.rpc.timeout.min = 150ms (default)
2022-08-02 21:05:52,135 [s0-impl-thread1] INFO  storage.RaftStorageDirectory (RaftStorageDirectoryImpl.java:tryLock(231)) - Lock on /home/runner/work/ratis/ratis/ratis-test/target/test/data/74e1359d/MiniRaftClusterWithGrpc76079055/s0/99562680-b41b-457b-862a-dbbe7e7c6c61/in_use.lock acquired by nodename 16672@fv-az94-903.5nf3ov1lyyvuxdxiv44ldfoe0f.jx.internal.cloudapp.net
2022-08-02 21:05:52,143 [pool-7-thread-1] INFO  server.RaftServerConfigKeys (ConfUtils.java:logGet(46)) - raft.server.rpc.timeout.max = 300ms (default)
2022-08-02 21:05:52,143 [pool-7-thread-1] INFO  server.RaftServerConfigKeys (ConfUtils.java:logGet(46)) - raft.server.rpc.sleep.time = 25ms (default)
2022-08-02 21:05:52,144 [pool-7-thread-1] INFO  server.RaftServerConfigKeys (ConfUtils.java:logGet(46)) - raft.server.rpc.slowness.timeout = 60s (default)
2022-08-02 21:05:52,144 [pool-7-thread-1] INFO  server.RaftServerConfigKeys (ConfUtils.java:logGet(46)) - raft.server.leaderelection.leader.step-down.wait-time = 10s (default)
2022-08-02 21:05:52,144 [pool-7-thread-1] INFO  server.RaftServerConfigKeys (ConfUtils.java:logGet(46)) - raft.server.sleep.deviation.threshold = 300ms (default)
2022-08-02 21:05:52,144 [s0-impl-thread1] TRACE util.FileUtils (LogUtils.java:runAndLog(49)) - Successfully ran Files.createDirectories /home/runner/work/ratis/ratis/ratis-test/target/test/data/74e1359d/MiniRaftClusterWithGrpc76079055/s0/99562680-b41b-457b-862a-dbbe7e7c6c61/current
2022-08-02 21:05:52,144 [pool-7-thread-1] INFO  server.RaftServer$Division (ServerState.java:<init>(118)) - s2@group-DBBE7E7C6C61: ConfigurationManager, init=-1: peers:[s0|rpc:localhost:34153|admin:localhost:38297|client:localhost:38535|dataStream:localhost:44971|priority:0|startupRole:FOLLOWER, s1|rpc:localhost:36619|admin:localhost:37635|client:localhost:36381|dataStream:localhost:35649|priority:0|startupRole:FOLLOWER, s2|rpc:localhost:36383|admin:localhost:43279|client:localhost:38239|dataStream:localhost:33503|priority:0|startupRole:FOLLOWER]|listeners:[], old=null, confs=<EMPTY_MAP>
2022-08-02 21:05:52,144 [s0-impl-thread1] TRACE util.FileUtils (LogUtils.java:runAndLog(49)) - Successfully ran Files.createDirectories /home/runner/work/ratis/ratis/ratis-test/target/test/data/74e1359d/MiniRaftClusterWithGrpc76079055/s0/99562680-b41b-457b-862a-dbbe7e7c6c61/sm
2022-08-02 21:05:52,144 [pool-7-thread-1] INFO  server.RaftServerConfigKeys (ConfUtils.java:logGet(46)) - raft.server.storage.dir = [/home/runner/work/ratis/ratis/ratis-test/target/test/data/74e1359d/MiniRaftClusterWithGrpc76079055/s2] (custom)
2022-08-02 21:05:52,144 [pool-7-thread-1] INFO  server.RaftServerConfigKeys (ConfUtils.java:logGet(46)) - raft.server.log.corruption.policy = EXCEPTION (default)
2022-08-02 21:05:52,144 [pool-7-thread-1] INFO  server.RaftServerConfigKeys (ConfUtils.java:logGet(46)) - raft.server.storage.free-space.min = 0MB (=0) (default)
2022-08-02 21:05:52,144 [pool-7-thread-1] INFO  server.RaftServerConfigKeys (ConfUtils.java:logGet(46)) - raft.server.notification.no-leader.timeout = 60s (default)
2022-08-02 21:05:52,144 [pool-7-thread-1] INFO  server.RaftServerConfigKeys (ConfUtils.java:logGet(46)) - raft.server.retrycache.expirytime = 60s (default)
2022-08-02 21:05:52,144 [pool-7-thread-1] INFO  server.RaftServerConfigKeys (ConfUtils.java:logGet(46)) - raft.server.retrycache.statistics.expirytime = 100μs (default)
2022-08-02 21:05:52,146 [s0-impl-thread1] INFO  storage.RaftStorage (RaftStorageImpl.java:format(96)) - Storage directory /home/runner/work/ratis/ratis/ratis-test/target/test/data/74e1359d/MiniRaftClusterWithGrpc76079055/s0/99562680-b41b-457b-862a-dbbe7e7c6c61 has been successfully formatted.
2022-08-02 21:05:52,146 [pool-7-thread-1] INFO  server.RaftServerConfigKeys (ConfUtils.java:logGet(46)) - raft.server.log.appender.install.snapshot.enabled = true (default)
2022-08-02 21:05:52,146 [s0-impl-thread1] INFO  statemachine.SimpleStateMachine4Testing (SimpleStateMachine4Testing.java:initialize(212)) - Initializing SimpleStateMachine4Testing:uninitialized
2022-08-02 21:05:52,146 [s0-impl-thread1] INFO  statemachine.SimpleStateMachine4Testing (SimpleStateMachine4Testing.java:loadSnapshot(306)) - The snapshot file null does not exist
2022-08-02 21:05:52,146 [s0-impl-thread1] INFO  server.RaftServerConfigKeys (ConfUtils.java:logGet(46)) - raft.server.log.use.memory = false (default)
2022-08-02 21:05:52,146 [s0-impl-thread1] INFO  server.RaftServerConfigKeys (ConfUtils.java:logGet(46)) - raft.server.log.purge.gap = 1024 (default)
2022-08-02 21:05:52,146 [s0-impl-thread1] INFO  server.RaftServerConfigKeys (ConfUtils.java:logGet(46)) - raft.server.log.appender.buffer.byte-limit = 4MB (=4194304) (default)
2022-08-02 21:05:52,146 [s0-impl-thread1] INFO  server.RaftServerConfigKeys (ConfUtils.java:logGet(46)) - raft.server.log.statemachine.data.read.timeout = 1000ms (default)
2022-08-02 21:05:52,146 [s0-impl-thread1] INFO  server.RaftServerConfigKeys (ConfUtils.java:logGet(46)) - raft.server.log.purge.preservation.log.num = 0 (default)
2022-08-02 21:05:52,146 [s0-impl-thread1] INFO  server.RaftServerConfigKeys (ConfUtils.java:logGet(46)) - raft.server.log.segment.size.max = 8MB (=8388608) (default)
2022-08-02 21:05:52,147 [s0-impl-thread1] INFO  server.RaftServerConfigKeys (ConfUtils.java:logGet(46)) - raft.server.log.segment.cache.num.max = 6 (default)
2022-08-02 21:05:52,147 [s0-impl-thread1] INFO  server.RaftServerConfigKeys (ConfUtils.java:logGet(46)) - raft.server.log.segment.cache.size.max = 200MB (=209715200) (default)
2022-08-02 21:05:52,147 [s0-impl-thread1] INFO  segmented.SegmentedRaftLogWorker (SegmentedRaftLogWorker.java:<init>(187)) - new s0@group-DBBE7E7C6C61-SegmentedRaftLogWorker for RaftStorageImpl:Storage Directory /home/runner/work/ratis/ratis/ratis-test/target/test/data/74e1359d/MiniRaftClusterWithGrpc76079055/s0/99562680-b41b-457b-862a-dbbe7e7c6c61
2022-08-02 21:05:52,147 [s0-impl-thread1] INFO  server.RaftServerConfigKeys (ConfUtils.java:logGet(46)) - raft.server.log.queue.byte-limit = 64MB (=67108864) (default)
2022-08-02 21:05:52,147 [s0-impl-thread1] INFO  server.RaftServerConfigKeys (ConfUtils.java:logGet(46)) - raft.server.log.queue.element-limit = 4096 (default)
2022-08-02 21:05:52,147 [s0-impl-thread1] INFO  server.RaftServerConfigKeys (ConfUtils.java:logGet(46)) - raft.server.log.segment.size.max = 8MB (=8388608) (default)
2022-08-02 21:05:52,147 [s0-impl-thread1] INFO  server.RaftServerConfigKeys (ConfUtils.java:logGet(46)) - raft.server.log.preallocated.size = 4MB (=4194304) (default)
2022-08-02 21:05:52,147 [s0-impl-thread1] INFO  server.RaftServerConfigKeys (ConfUtils.java:logGet(46)) - raft.server.log.force.sync.num = 128 (default)
2022-08-02 21:05:52,147 [s0-impl-thread1] INFO  server.RaftServerConfigKeys (ConfUtils.java:logGet(46)) - raft.server.log.statemachine.data.sync = true (default)
2022-08-02 21:05:52,147 [s0-impl-thread1] INFO  server.RaftServerConfigKeys (ConfUtils.java:logGet(46)) - raft.server.log.statemachine.data.sync.timeout = 10s (default)
2022-08-02 21:05:52,147 [s0-impl-thread1] INFO  server.RaftServerConfigKeys (ConfUtils.java:logGet(46)) - raft.server.log.statemachine.data.sync.timeout.retry = -1 (default)
2022-08-02 21:05:52,148 [s0-impl-thread1] INFO  server.RaftServerConfigKeys (ConfUtils.java:logGet(46)) - raft.server.log.write.buffer.size = 64KB (=65536) (default)
2022-08-02 21:05:52,148 [s0-impl-thread1] INFO  server.RaftServerConfigKeys (ConfUtils.java:logGet(46)) - raft.server.log.unsafe-flush.enabled = false (default)
2022-08-02 21:05:52,148 [s0-impl-thread1] INFO  server.RaftServerConfigKeys (ConfUtils.java:logGet(46)) - raft.server.log.statemachine.data.caching.enabled = false (default)
2022-08-02 21:05:52,148 [s0-impl-thread1] INFO  segmented.SegmentedRaftLogWorker (SegmentedRaftLogWorker.java:lambda$new$0(135)) - s0@group-DBBE7E7C6C61-SegmentedRaftLogWorker: flushIndex: setUnconditionally 0 -> -1
2022-08-02 21:05:52,148 [s0-impl-thread1] INFO  segmented.SegmentedRaftLogWorker (SegmentedRaftLogWorker.java:lambda$new$0(135)) - s0@group-DBBE7E7C6C61-SegmentedRaftLogWorker: safeCacheEvictIndex: setUnconditionally 0 -> -1
2022-08-02 21:05:52,148 [pool-7-thread-1] INFO  server.RaftServerConfigKeys (ConfUtils.java:logGet(46)) - raft.server.threadpool.server.cached = true (default)
2022-08-02 21:05:52,148 [pool-7-thread-1] INFO  server.RaftServerConfigKeys (ConfUtils.java:logGet(46)) - raft.server.threadpool.server.size = 0 (default)
2022-08-02 21:05:52,149 [pool-7-thread-1] INFO  server.RaftServerConfigKeys (ConfUtils.java:logGet(46)) - raft.server.threadpool.client.cached = true (default)
2022-08-02 21:05:52,149 [pool-7-thread-1] INFO  server.RaftServerConfigKeys (ConfUtils.java:logGet(46)) - raft.server.threadpool.client.size = 0 (default)
2022-08-02 21:05:52,151 [s0-impl-thread1] INFO  server.RaftServer$Division (RaftServerImpl.java:start(314)) - s0@group-DBBE7E7C6C61: start as a follower, conf=-1: peers:[s0|rpc:localhost:34153|admin:localhost:38297|client:localhost:38535|dataStream:localhost:44971|priority:0|startupRole:FOLLOWER, s1|rpc:localhost:36619|admin:localhost:37635|client:localhost:36381|dataStream:localhost:35649|priority:0|startupRole:FOLLOWER, s2|rpc:localhost:36383|admin:localhost:43279|client:localhost:38239|dataStream:localhost:33503|priority:0|startupRole:FOLLOWER]|listeners:[], old=null
2022-08-02 21:05:52,151 [s0-impl-thread1] INFO  server.RaftServer$Division (RaftServerImpl.java:setRole(301)) - s0@group-DBBE7E7C6C61: changes role from      null to FOLLOWER at term 0 for startAsFollower
2022-08-02 21:05:52,151 [s0-impl-thread1] INFO  impl.RoleInfo (RoleInfo.java:updateAndGet(139)) - s0: start s0@group-DBBE7E7C6C61-FollowerState
2022-08-02 21:05:52,152 [s0-impl-thread1] INFO  util.JmxRegister (JmxRegister.java:tryRegister(44)) - Successfully registered JMX Bean with object name Ratis:service=RaftServer,group=group-DBBE7E7C6C61,id=s0
2022-08-02 21:05:52,152 [s0-impl-thread1] INFO  server.RaftServerConfigKeys (ConfUtils.java:logGet(46)) - raft.server.snapshot.auto.trigger.enabled = false (default)
2022-08-02 21:05:52,152 [s0-impl-thread1] INFO  server.RaftServerConfigKeys (ConfUtils.java:logGet(46)) - raft.server.snapshot.retention.file.num = -1 (default)
2022-08-02 21:05:52,152 [s0-impl-thread1] INFO  server.RaftServerConfigKeys (ConfUtils.java:logGet(46)) - raft.server.log.purge.upto.snapshot.index = false (default)
2022-08-02 21:05:52,152 [Time-limited test] INFO  server.RaftServer (RaftServerProxy.java:startImpl(385)) - s0: start RPC server
2022-08-02 21:05:52,153 [Time-limited test] INFO  server.GrpcService (GrpcService.java:startImpl(262)) - s0: GrpcService started, listening on 38535
2022-08-02 21:05:52,153 [Time-limited test] INFO  server.GrpcService (GrpcService.java:startImpl(262)) - s0: GrpcService started, listening on 34153
2022-08-02 21:05:52,154 [Time-limited test] INFO  server.GrpcService (GrpcService.java:startImpl(262)) - s0: GrpcService started, listening on 38297
2022-08-02 21:05:52,154 [s1-impl-thread1] INFO  storage.RaftStorageDirectory (RaftStorageDirectoryImpl.java:analyzeStorage(137)) - The storage directory /home/runner/work/ratis/ratis/ratis-test/target/test/data/74e1359d/MiniRaftClusterWithGrpc76079055/s1/99562680-b41b-457b-862a-dbbe7e7c6c61 does not exist. Creating ...
2022-08-02 21:05:52,155 [s1-impl-thread1] TRACE util.FileUtils (LogUtils.java:runAndLog(49)) - Successfully ran Files.createDirectories /home/runner/work/ratis/ratis/ratis-test/target/test/data/74e1359d/MiniRaftClusterWithGrpc76079055/s1/99562680-b41b-457b-862a-dbbe7e7c6c61
2022-08-02 21:05:52,155 [org.apache.ratis.util.JvmPauseMonitor$$Lambda$288/196945902@a253654] INFO  util.JvmPauseMonitor (JvmPauseMonitor.java:run(103)) - JvmPauseMonitor-s0: Started
2022-08-02 21:05:52,156 [s1-impl-thread1] INFO  storage.RaftStorageDirectory (RaftStorageDirectoryImpl.java:tryLock(231)) - Lock on /home/runner/work/ratis/ratis/ratis-test/target/test/data/74e1359d/MiniRaftClusterWithGrpc76079055/s1/99562680-b41b-457b-862a-dbbe7e7c6c61/in_use.lock acquired by nodename 16672@fv-az94-903.5nf3ov1lyyvuxdxiv44ldfoe0f.jx.internal.cloudapp.net
2022-08-02 21:05:52,156 [s1-impl-thread1] TRACE util.FileUtils (LogUtils.java:runAndLog(49)) - Successfully ran Files.createDirectories /home/runner/work/ratis/ratis/ratis-test/target/test/data/74e1359d/MiniRaftClusterWithGrpc76079055/s1/99562680-b41b-457b-862a-dbbe7e7c6c61/current
2022-08-02 21:05:52,156 [s1-impl-thread1] TRACE util.FileUtils (LogUtils.java:runAndLog(49)) - Successfully ran Files.createDirectories /home/runner/work/ratis/ratis/ratis-test/target/test/data/74e1359d/MiniRaftClusterWithGrpc76079055/s1/99562680-b41b-457b-862a-dbbe7e7c6c61/sm
2022-08-02 21:05:52,158 [s1-impl-thread1] INFO  storage.RaftStorage (RaftStorageImpl.java:format(96)) - Storage directory /home/runner/work/ratis/ratis/ratis-test/target/test/data/74e1359d/MiniRaftClusterWithGrpc76079055/s1/99562680-b41b-457b-862a-dbbe7e7c6c61 has been successfully formatted.
2022-08-02 21:05:52,158 [s1-impl-thread1] INFO  statemachine.SimpleStateMachine4Testing (SimpleStateMachine4Testing.java:initialize(212)) - Initializing SimpleStateMachine4Testing:uninitialized
2022-08-02 21:05:52,159 [s1-impl-thread1] INFO  statemachine.SimpleStateMachine4Testing (SimpleStateMachine4Testing.java:loadSnapshot(306)) - The snapshot file null does not exist
2022-08-02 21:05:52,159 [s1-impl-thread1] INFO  server.RaftServerConfigKeys (ConfUtils.java:logGet(46)) - raft.server.log.use.memory = false (default)
2022-08-02 21:05:52,159 [s1-impl-thread1] INFO  server.RaftServerConfigKeys (ConfUtils.java:logGet(46)) - raft.server.log.purge.gap = 1024 (default)
2022-08-02 21:05:52,159 [s1-impl-thread1] INFO  server.RaftServerConfigKeys (ConfUtils.java:logGet(46)) - raft.server.log.appender.buffer.byte-limit = 4MB (=4194304) (default)
2022-08-02 21:05:52,159 [s1-impl-thread1] INFO  server.RaftServerConfigKeys (ConfUtils.java:logGet(46)) - raft.server.log.statemachine.data.read.timeout = 1000ms (default)
2022-08-02 21:05:52,159 [s1-impl-thread1] INFO  server.RaftServerConfigKeys (ConfUtils.java:logGet(46)) - raft.server.log.purge.preservation.log.num = 0 (default)
2022-08-02 21:05:52,159 [s1-impl-thread1] INFO  server.RaftServerConfigKeys (ConfUtils.java:logGet(46)) - raft.server.log.segment.size.max = 8MB (=8388608) (default)
2022-08-02 21:05:52,159 [s1-impl-thread1] INFO  server.RaftServerConfigKeys (ConfUtils.java:logGet(46)) - raft.server.log.segment.cache.num.max = 6 (default)
2022-08-02 21:05:52,159 [s1-impl-thread1] INFO  server.RaftServerConfigKeys (ConfUtils.java:logGet(46)) - raft.server.log.segment.cache.size.max = 200MB (=209715200) (default)
2022-08-02 21:05:52,159 [s1-impl-thread1] INFO  segmented.SegmentedRaftLogWorker (SegmentedRaftLogWorker.java:<init>(187)) - new s1@group-DBBE7E7C6C61-SegmentedRaftLogWorker for RaftStorageImpl:Storage Directory /home/runner/work/ratis/ratis/ratis-test/target/test/data/74e1359d/MiniRaftClusterWithGrpc76079055/s1/99562680-b41b-457b-862a-dbbe7e7c6c61
2022-08-02 21:05:52,159 [s1-impl-thread1] INFO  server.RaftServerConfigKeys (ConfUtils.java:logGet(46)) - raft.server.log.queue.byte-limit = 64MB (=67108864) (default)
2022-08-02 21:05:52,159 [s1-impl-thread1] INFO  server.RaftServerConfigKeys (ConfUtils.java:logGet(46)) - raft.server.log.queue.element-limit = 4096 (default)
2022-08-02 21:05:52,159 [s1-impl-thread1] INFO  server.RaftServerConfigKeys (ConfUtils.java:logGet(46)) - raft.server.log.segment.size.max = 8MB (=8388608) (default)
2022-08-02 21:05:52,160 [s1-impl-thread1] INFO  server.RaftServerConfigKeys (ConfUtils.java:logGet(46)) - raft.server.log.preallocated.size = 4MB (=4194304) (default)
2022-08-02 21:05:52,160 [s1-impl-thread1] INFO  server.RaftServerConfigKeys (ConfUtils.java:logGet(46)) - raft.server.log.force.sync.num = 128 (default)
2022-08-02 21:05:52,160 [s1-impl-thread1] INFO  server.RaftServerConfigKeys (ConfUtils.java:logGet(46)) - raft.server.log.statemachine.data.sync = true (default)
2022-08-02 21:05:52,160 [s1-impl-thread1] INFO  server.RaftServerConfigKeys (ConfUtils.java:logGet(46)) - raft.server.log.statemachine.data.sync.timeout = 10s (default)
2022-08-02 21:05:52,160 [s1-impl-thread1] INFO  server.RaftServerConfigKeys (ConfUtils.java:logGet(46)) - raft.server.log.statemachine.data.sync.timeout.retry = -1 (default)
2022-08-02 21:05:52,160 [s1-impl-thread1] INFO  server.RaftServerConfigKeys (ConfUtils.java:logGet(46)) - raft.server.log.write.buffer.size = 64KB (=65536) (default)
2022-08-02 21:05:52,160 [s1-impl-thread1] INFO  server.RaftServerConfigKeys (ConfUtils.java:logGet(46)) - raft.server.log.unsafe-flush.enabled = false (default)
2022-08-02 21:05:52,160 [s1-impl-thread1] INFO  server.RaftServerConfigKeys (ConfUtils.java:logGet(46)) - raft.server.log.statemachine.data.caching.enabled = false (default)
2022-08-02 21:05:52,160 [s1-impl-thread1] INFO  segmented.SegmentedRaftLogWorker (SegmentedRaftLogWorker.java:lambda$new$0(135)) - s1@group-DBBE7E7C6C61-SegmentedRaftLogWorker: flushIndex: setUnconditionally 0 -> -1
2022-08-02 21:05:52,161 [s1-impl-thread1] INFO  segmented.SegmentedRaftLogWorker (SegmentedRaftLogWorker.java:lambda$new$0(135)) - s1@group-DBBE7E7C6C61-SegmentedRaftLogWorker: safeCacheEvictIndex: setUnconditionally 0 -> -1
2022-08-02 21:05:52,161 [s1-impl-thread1] INFO  server.RaftServer$Division (RaftServerImpl.java:start(314)) - s1@group-DBBE7E7C6C61: start as a follower, conf=-1: peers:[s0|rpc:localhost:34153|admin:localhost:38297|client:localhost:38535|dataStream:localhost:44971|priority:0|startupRole:FOLLOWER, s1|rpc:localhost:36619|admin:localhost:37635|client:localhost:36381|dataStream:localhost:35649|priority:0|startupRole:FOLLOWER, s2|rpc:localhost:36383|admin:localhost:43279|client:localhost:38239|dataStream:localhost:33503|priority:0|startupRole:FOLLOWER]|listeners:[], old=null
2022-08-02 21:05:52,161 [s1-impl-thread1] INFO  server.RaftServer$Division (RaftServerImpl.java:setRole(301)) - s1@group-DBBE7E7C6C61: changes role from      null to FOLLOWER at term 0 for startAsFollower
2022-08-02 21:05:52,162 [s1-impl-thread1] INFO  impl.RoleInfo (RoleInfo.java:updateAndGet(139)) - s1: start s1@group-DBBE7E7C6C61-FollowerState
2022-08-02 21:05:52,162 [s1-impl-thread1] INFO  util.JmxRegister (JmxRegister.java:tryRegister(44)) - Successfully registered JMX Bean with object name Ratis:service=RaftServer,group=group-DBBE7E7C6C61,id=s1
2022-08-02 21:05:52,162 [s1-impl-thread1] INFO  server.RaftServerConfigKeys (ConfUtils.java:logGet(46)) - raft.server.snapshot.auto.trigger.enabled = false (default)
2022-08-02 21:05:52,162 [s1-impl-thread1] INFO  server.RaftServerConfigKeys (ConfUtils.java:logGet(46)) - raft.server.snapshot.retention.file.num = -1 (default)
2022-08-02 21:05:52,162 [s1-impl-thread1] INFO  server.RaftServerConfigKeys (ConfUtils.java:logGet(46)) - raft.server.log.purge.upto.snapshot.index = false (default)
2022-08-02 21:05:52,163 [Time-limited test] INFO  server.RaftServer (RaftServerProxy.java:startImpl(385)) - s1: start RPC server
2022-08-02 21:05:52,164 [Time-limited test] INFO  server.GrpcService (GrpcService.java:startImpl(262)) - s1: GrpcService started, listening on 36381
2022-08-02 21:05:52,164 [Time-limited test] INFO  server.GrpcService (GrpcService.java:startImpl(262)) - s1: GrpcService started, listening on 36619
2022-08-02 21:05:52,164 [Time-limited test] INFO  server.GrpcService (GrpcService.java:startImpl(262)) - s1: GrpcService started, listening on 37635
2022-08-02 21:05:52,165 [s2-impl-thread1] INFO  storage.RaftStorageDirectory (RaftStorageDirectoryImpl.java:analyzeStorage(137)) - The storage directory /home/runner/work/ratis/ratis/ratis-test/target/test/data/74e1359d/MiniRaftClusterWithGrpc76079055/s2/99562680-b41b-457b-862a-dbbe7e7c6c61 does not exist. Creating ...
2022-08-02 21:05:52,165 [s2-impl-thread1] TRACE util.FileUtils (LogUtils.java:runAndLog(49)) - Successfully ran Files.createDirectories /home/runner/work/ratis/ratis/ratis-test/target/test/data/74e1359d/MiniRaftClusterWithGrpc76079055/s2/99562680-b41b-457b-862a-dbbe7e7c6c61
2022-08-02 21:05:52,167 [s2-impl-thread1] INFO  storage.RaftStorageDirectory (RaftStorageDirectoryImpl.java:tryLock(231)) - Lock on /home/runner/work/ratis/ratis/ratis-test/target/test/data/74e1359d/MiniRaftClusterWithGrpc76079055/s2/99562680-b41b-457b-862a-dbbe7e7c6c61/in_use.lock acquired by nodename 16672@fv-az94-903.5nf3ov1lyyvuxdxiv44ldfoe0f.jx.internal.cloudapp.net
2022-08-02 21:05:52,167 [org.apache.ratis.util.JvmPauseMonitor$$Lambda$288/196945902@24644b01] INFO  util.JvmPauseMonitor (JvmPauseMonitor.java:run(103)) - JvmPauseMonitor-s1: Started
2022-08-02 21:05:52,167 [s2-impl-thread1] TRACE util.FileUtils (LogUtils.java:runAndLog(49)) - Successfully ran Files.createDirectories /home/runner/work/ratis/ratis/ratis-test/target/test/data/74e1359d/MiniRaftClusterWithGrpc76079055/s2/99562680-b41b-457b-862a-dbbe7e7c6c61/current
2022-08-02 21:05:52,167 [s2-impl-thread1] TRACE util.FileUtils (LogUtils.java:runAndLog(49)) - Successfully ran Files.createDirectories /home/runner/work/ratis/ratis/ratis-test/target/test/data/74e1359d/MiniRaftClusterWithGrpc76079055/s2/99562680-b41b-457b-862a-dbbe7e7c6c61/sm
2022-08-02 21:05:52,168 [s2-impl-thread1] INFO  storage.RaftStorage (RaftStorageImpl.java:format(96)) - Storage directory /home/runner/work/ratis/ratis/ratis-test/target/test/data/74e1359d/MiniRaftClusterWithGrpc76079055/s2/99562680-b41b-457b-862a-dbbe7e7c6c61 has been successfully formatted.
2022-08-02 21:05:52,169 [s2-impl-thread1] INFO  statemachine.SimpleStateMachine4Testing (SimpleStateMachine4Testing.java:initialize(212)) - Initializing SimpleStateMachine4Testing:uninitialized
2022-08-02 21:05:52,169 [s2-impl-thread1] INFO  statemachine.SimpleStateMachine4Testing (SimpleStateMachine4Testing.java:loadSnapshot(306)) - The snapshot file null does not exist
2022-08-02 21:05:52,169 [s2-impl-thread1] INFO  server.RaftServerConfigKeys (ConfUtils.java:logGet(46)) - raft.server.log.use.memory = false (default)
2022-08-02 21:05:52,169 [s2-impl-thread1] INFO  server.RaftServerConfigKeys (ConfUtils.java:logGet(46)) - raft.server.log.purge.gap = 1024 (default)
2022-08-02 21:05:52,169 [s2-impl-thread1] INFO  server.RaftServerConfigKeys (ConfUtils.java:logGet(46)) - raft.server.log.appender.buffer.byte-limit = 4MB (=4194304) (default)
2022-08-02 21:05:52,169 [s2-impl-thread1] INFO  server.RaftServerConfigKeys (ConfUtils.java:logGet(46)) - raft.server.log.statemachine.data.read.timeout = 1000ms (default)
2022-08-02 21:05:52,169 [s2-impl-thread1] INFO  server.RaftServerConfigKeys (ConfUtils.java:logGet(46)) - raft.server.log.purge.preservation.log.num = 0 (default)
2022-08-02 21:05:52,169 [s2-impl-thread1] INFO  server.RaftServerConfigKeys (ConfUtils.java:logGet(46)) - raft.server.log.segment.size.max = 8MB (=8388608) (default)
2022-08-02 21:05:52,169 [s2-impl-thread1] INFO  server.RaftServerConfigKeys (ConfUtils.java:logGet(46)) - raft.server.log.segment.cache.num.max = 6 (default)
2022-08-02 21:05:52,169 [s2-impl-thread1] INFO  server.RaftServerConfigKeys (ConfUtils.java:logGet(46)) - raft.server.log.segment.cache.size.max = 200MB (=209715200) (default)
2022-08-02 21:05:52,170 [s2-impl-thread1] INFO  segmented.SegmentedRaftLogWorker (SegmentedRaftLogWorker.java:<init>(187)) - new s2@group-DBBE7E7C6C61-SegmentedRaftLogWorker for RaftStorageImpl:Storage Directory /home/runner/work/ratis/ratis/ratis-test/target/test/data/74e1359d/MiniRaftClusterWithGrpc76079055/s2/99562680-b41b-457b-862a-dbbe7e7c6c61
2022-08-02 21:05:52,170 [s2-impl-thread1] INFO  server.RaftServerConfigKeys (ConfUtils.java:logGet(46)) - raft.server.log.queue.byte-limit = 64MB (=67108864) (default)
2022-08-02 21:05:52,170 [s2-impl-thread1] INFO  server.RaftServerConfigKeys (ConfUtils.java:logGet(46)) - raft.server.log.queue.element-limit = 4096 (default)
2022-08-02 21:05:52,170 [s2-impl-thread1] INFO  server.RaftServerConfigKeys (ConfUtils.java:logGet(46)) - raft.server.log.segment.size.max = 8MB (=8388608) (default)
2022-08-02 21:05:52,170 [s2-impl-thread1] INFO  server.RaftServerConfigKeys (ConfUtils.java:logGet(46)) - raft.server.log.preallocated.size = 4MB (=4194304) (default)
2022-08-02 21:05:52,170 [s2-impl-thread1] INFO  server.RaftServerConfigKeys (ConfUtils.java:logGet(46)) - raft.server.log.force.sync.num = 128 (default)
2022-08-02 21:05:52,170 [s2-impl-thread1] INFO  server.RaftServerConfigKeys (ConfUtils.java:logGet(46)) - raft.server.log.statemachine.data.sync = true (default)
2022-08-02 21:05:52,170 [s2-impl-thread1] INFO  server.RaftServerConfigKeys (ConfUtils.java:logGet(46)) - raft.server.log.statemachine.data.sync.timeout = 10s (default)
2022-08-02 21:05:52,170 [s2-impl-thread1] INFO  server.RaftServerConfigKeys (ConfUtils.java:logGet(46)) - raft.server.log.statemachine.data.sync.timeout.retry = -1 (default)
2022-08-02 21:05:52,170 [s2-impl-thread1] INFO  server.RaftServerConfigKeys (ConfUtils.java:logGet(46)) - raft.server.log.write.buffer.size = 64KB (=65536) (default)
2022-08-02 21:05:52,170 [s2-impl-thread1] INFO  server.RaftServerConfigKeys (ConfUtils.java:logGet(46)) - raft.server.log.unsafe-flush.enabled = false (default)
2022-08-02 21:05:52,170 [s2-impl-thread1] INFO  server.RaftServerConfigKeys (ConfUtils.java:logGet(46)) - raft.server.log.statemachine.data.caching.enabled = false (default)
2022-08-02 21:05:52,171 [s2-impl-thread1] INFO  segmented.SegmentedRaftLogWorker (SegmentedRaftLogWorker.java:lambda$new$0(135)) - s2@group-DBBE7E7C6C61-SegmentedRaftLogWorker: flushIndex: setUnconditionally 0 -> -1
2022-08-02 21:05:52,171 [s2-impl-thread1] INFO  segmented.SegmentedRaftLogWorker (SegmentedRaftLogWorker.java:lambda$new$0(135)) - s2@group-DBBE7E7C6C61-SegmentedRaftLogWorker: safeCacheEvictIndex: setUnconditionally 0 -> -1
2022-08-02 21:05:52,173 [s2-impl-thread1] INFO  server.RaftServer$Division (RaftServerImpl.java:start(314)) - s2@group-DBBE7E7C6C61: start as a follower, conf=-1: peers:[s0|rpc:localhost:34153|admin:localhost:38297|client:localhost:38535|dataStream:localhost:44971|priority:0|startupRole:FOLLOWER, s1|rpc:localhost:36619|admin:localhost:37635|client:localhost:36381|dataStream:localhost:35649|priority:0|startupRole:FOLLOWER, s2|rpc:localhost:36383|admin:localhost:43279|client:localhost:38239|dataStream:localhost:33503|priority:0|startupRole:FOLLOWER]|listeners:[], old=null
2022-08-02 21:05:52,174 [s2-impl-thread1] INFO  server.RaftServer$Division (RaftServerImpl.java:setRole(301)) - s2@group-DBBE7E7C6C61: changes role from      null to FOLLOWER at term 0 for startAsFollower
2022-08-02 21:05:52,174 [s2-impl-thread1] INFO  impl.RoleInfo (RoleInfo.java:updateAndGet(139)) - s2: start s2@group-DBBE7E7C6C61-FollowerState
2022-08-02 21:05:52,174 [s2-impl-thread1] INFO  util.JmxRegister (JmxRegister.java:tryRegister(44)) - Successfully registered JMX Bean with object name Ratis:service=RaftServer,group=group-DBBE7E7C6C61,id=s2
2022-08-02 21:05:52,174 [s2-impl-thread1] INFO  server.RaftServerConfigKeys (ConfUtils.java:logGet(46)) - raft.server.snapshot.auto.trigger.enabled = false (default)
2022-08-02 21:05:52,174 [s2-impl-thread1] INFO  server.RaftServerConfigKeys (ConfUtils.java:logGet(46)) - raft.server.snapshot.retention.file.num = -1 (default)
2022-08-02 21:05:52,174 [s2-impl-thread1] INFO  server.RaftServerConfigKeys (ConfUtils.java:logGet(46)) - raft.server.log.purge.upto.snapshot.index = false (default)
2022-08-02 21:05:52,175 [Time-limited test] INFO  server.RaftServer (RaftServerProxy.java:startImpl(385)) - s2: start RPC server
2022-08-02 21:05:52,175 [Time-limited test] INFO  server.GrpcService (GrpcService.java:startImpl(262)) - s2: GrpcService started, listening on 38239
2022-08-02 21:05:52,176 [Time-limited test] INFO  server.GrpcService (GrpcService.java:startImpl(262)) - s2: GrpcService started, listening on 36383
2022-08-02 21:05:52,176 [Time-limited test] INFO  server.GrpcService (GrpcService.java:startImpl(262)) - s2: GrpcService started, listening on 43279
2022-08-02 21:05:52,179 [org.apache.ratis.util.JvmPauseMonitor$$Lambda$288/196945902@3b37edab] INFO  util.JvmPauseMonitor (JvmPauseMonitor.java:run(103)) - JvmPauseMonitor-s2: Started
2022-08-02 21:05:52,192 [null-request--thread1] INFO  server.GrpcClientProtocolService (GrpcClientProtocolService.java:lambda$processClientRequest$0(284)) - Failed RaftClientRequest:client-920847F5D7C6->s0@group-DBBE7E7C6C61, cid=20, seq=0, RW, Message:6d, reply=RaftClientReply:client-920847F5D7C6->s0@group-DBBE7E7C6C61, cid=20, FAILED org.apache.ratis.protocol.exceptions.NotLeaderException: Server s0@group-DBBE7E7C6C61 is not the leader, logIndex=0, commits[s0:c-1]
2022-08-02 21:05:52,316 [null-request--thread1] INFO  server.GrpcClientProtocolService (GrpcClientProtocolService.java:lambda$processClientRequest$0(284)) - Failed RaftClientRequest:client-920847F5D7C6->s2@group-DBBE7E7C6C61, cid=20, seq=0, RW, Message:6d, reply=RaftClientReply:client-920847F5D7C6->s2@group-DBBE7E7C6C61, cid=20, FAILED org.apache.ratis.protocol.exceptions.NotLeaderException: Server s2@group-DBBE7E7C6C61 is not the leader, logIndex=0, commits[s2:c-1]
2022-08-02 21:05:52,358 [s0@group-DBBE7E7C6C61-FollowerState] INFO  impl.FollowerState (FollowerState.java:run(143)) - s0@group-DBBE7E7C6C61-FollowerState: change to CANDIDATE, lastRpcElapsedTime:206143460ns, electionTimeout:205ms
2022-08-02 21:05:52,358 [s0@group-DBBE7E7C6C61-FollowerState] INFO  impl.RoleInfo (RoleInfo.java:shutdownFollowerState(110)) - s0: shutdown s0@group-DBBE7E7C6C61-FollowerState
2022-08-02 21:05:52,358 [s0@group-DBBE7E7C6C61-FollowerState] INFO  server.RaftServer$Division (RaftServerImpl.java:setRole(301)) - s0@group-DBBE7E7C6C61: changes role from  FOLLOWER to CANDIDATE at term 0 for changeToCandidate
2022-08-02 21:05:52,358 [s0@group-DBBE7E7C6C61-FollowerState] INFO  server.RaftServerConfigKeys (ConfUtils.java:logGet(46)) - raft.server.leaderelection.pre-vote = true (default)
2022-08-02 21:05:52,358 [s0@group-DBBE7E7C6C61-FollowerState] INFO  impl.RoleInfo (RoleInfo.java:updateAndGet(139)) - s0: start s0@group-DBBE7E7C6C61-LeaderElection4
2022-08-02 21:05:52,359 [s0@group-DBBE7E7C6C61-LeaderElection4] INFO  impl.LeaderElection (LeaderElection.java:askForVotes(310)) - s0@group-DBBE7E7C6C61-LeaderElection4 PRE_VOTE round 0: submit vote requests at term 0 for -1: peers:[s0|rpc:localhost:34153|admin:localhost:38297|client:localhost:38535|dataStream:localhost:44971|priority:0|startupRole:FOLLOWER, s1|rpc:localhost:36619|admin:localhost:37635|client:localhost:36381|dataStream:localhost:35649|priority:0|startupRole:FOLLOWER, s2|rpc:localhost:36383|admin:localhost:43279|client:localhost:38239|dataStream:localhost:33503|priority:0|startupRole:FOLLOWER]|listeners:[], old=null
2022-08-02 21:05:52,359 [s0@group-DBBE7E7C6C61-LeaderElection4-1] INFO  server.GrpcServerProtocolClient (GrpcServerProtocolClient.java:<init>(63)) - Build channel for s1
2022-08-02 21:05:52,360 [s1@group-DBBE7E7C6C61-FollowerState] INFO  impl.FollowerState (FollowerState.java:run(143)) - s1@group-DBBE7E7C6C61-FollowerState: change to CANDIDATE, lastRpcElapsedTime:198671234ns, electionTimeout:197ms
2022-08-02 21:05:52,360 [s1@group-DBBE7E7C6C61-FollowerState] INFO  impl.RoleInfo (RoleInfo.java:shutdownFollowerState(110)) - s1: shutdown s1@group-DBBE7E7C6C61-FollowerState
2022-08-02 21:05:52,360 [s1@group-DBBE7E7C6C61-FollowerState] INFO  server.RaftServer$Division (RaftServerImpl.java:setRole(301)) - s1@group-DBBE7E7C6C61: changes role from  FOLLOWER to CANDIDATE at term 0 for changeToCandidate
2022-08-02 21:05:52,367 [s1@group-DBBE7E7C6C61-FollowerState] INFO  server.RaftServerConfigKeys (ConfUtils.java:logGet(46)) - raft.server.leaderelection.pre-vote = true (default)
2022-08-02 21:05:52,367 [s1@group-DBBE7E7C6C61-FollowerState] INFO  impl.RoleInfo (RoleInfo.java:updateAndGet(139)) - s1: start s1@group-DBBE7E7C6C61-LeaderElection5
2022-08-02 21:05:52,368 [s0@group-DBBE7E7C6C61-LeaderElection4-2] INFO  server.GrpcServerProtocolClient (GrpcServerProtocolClient.java:<init>(63)) - Build channel for s2
2022-08-02 21:05:52,370 [grpc-default-executor-1] INFO  server.RaftServer$Division (RaftServerImpl.java:requestVote(1198)) - s1@group-DBBE7E7C6C61: receive requestVote(PRE_VOTE, s0, group-DBBE7E7C6C61, 0, (t:0, i:0))
2022-08-02 21:05:52,374 [grpc-default-executor-1] INFO  impl.VoteContext (VoteContext.java:log(48)) - s1@group-DBBE7E7C6C61-CANDIDATE: accept PRE_VOTE from s0: our priority 0 <= candidate's priority 0
2022-08-02 21:05:52,374 [grpc-default-executor-1] INFO  server.RaftServer$Division (RaftServerImpl.java:requestVote(1231)) - s1@group-DBBE7E7C6C61 replies to PRE_VOTE vote request: s0<-s1#0:OK-t0. Peer's state: s1@group-DBBE7E7C6C61:t0, leader=null, voted=, raftlog=Memoized:s1@group-DBBE7E7C6C61-SegmentedRaftLog:OPENED:c-1, conf=-1: peers:[s0|rpc:localhost:34153|admin:localhost:38297|client:localhost:38535|dataStream:localhost:44971|priority:0|startupRole:FOLLOWER, s1|rpc:localhost:36619|admin:localhost:37635|client:localhost:36381|dataStream:localhost:35649|priority:0|startupRole:FOLLOWER, s2|rpc:localhost:36383|admin:localhost:43279|client:localhost:38239|dataStream:localhost:33503|priority:0|startupRole:FOLLOWER]|listeners:[], old=null
2022-08-02 21:05:52,376 [grpc-default-executor-1] INFO  server.RaftServer$Division (RaftServerImpl.java:requestVote(1198)) - s2@group-DBBE7E7C6C61: receive requestVote(PRE_VOTE, s0, group-DBBE7E7C6C61, 0, (t:0, i:0))
2022-08-02 21:05:52,376 [grpc-default-executor-1] INFO  impl.VoteContext (VoteContext.java:log(48)) - s2@group-DBBE7E7C6C61-FOLLOWER: accept PRE_VOTE from s0: our priority 0 <= candidate's priority 0
2022-08-02 21:05:52,377 [grpc-default-executor-1] INFO  server.RaftServer$Division (RaftServerImpl.java:requestVote(1231)) - s2@group-DBBE7E7C6C61 replies to PRE_VOTE vote request: s0<-s2#0:OK-t0. Peer's state: s2@group-DBBE7E7C6C61:t0, leader=null, voted=, raftlog=Memoized:s2@group-DBBE7E7C6C61-SegmentedRaftLog:OPENED:c-1, conf=-1: peers:[s0|rpc:localhost:34153|admin:localhost:38297|client:localhost:38535|dataStream:localhost:44971|priority:0|startupRole:FOLLOWER, s1|rpc:localhost:36619|admin:localhost:37635|client:localhost:36381|dataStream:localhost:35649|priority:0|startupRole:FOLLOWER, s2|rpc:localhost:36383|admin:localhost:43279|client:localhost:38239|dataStream:localhost:33503|priority:0|startupRole:FOLLOWER]|listeners:[], old=null
2022-08-02 21:05:52,378 [s0@group-DBBE7E7C6C61-LeaderElection4] INFO  impl.LeaderElection (LeaderElection.java:logAndReturn(90)) - s0@group-DBBE7E7C6C61-LeaderElection4: PRE_VOTE PASSED received 1 response(s) and 0 exception(s):
2022-08-02 21:05:52,378 [s0@group-DBBE7E7C6C61-LeaderElection4] INFO  impl.LeaderElection (LeaderElection.java:logAndReturn(94)) -   Response 0: s0<-s2#0:OK-t0
2022-08-02 21:05:52,378 [s0@group-DBBE7E7C6C61-LeaderElection4] INFO  impl.LeaderElection (LeaderElection.java:askForVotes(312)) - s0@group-DBBE7E7C6C61-LeaderElection4 PRE_VOTE round 0: result PASSED
2022-08-02 21:05:52,380 [s0@group-DBBE7E7C6C61-LeaderElection4] INFO  impl.LeaderElection (LeaderElection.java:askForVotes(310)) - s0@group-DBBE7E7C6C61-LeaderElection4 ELECTION round 0: submit vote requests at term 1 for -1: peers:[s0|rpc:localhost:34153|admin:localhost:38297|client:localhost:38535|dataStream:localhost:44971|priority:0|startupRole:FOLLOWER, s1|rpc:localhost:36619|admin:localhost:37635|client:localhost:36381|dataStream:localhost:35649|priority:0|startupRole:FOLLOWER, s2|rpc:localhost:36383|admin:localhost:43279|client:localhost:38239|dataStream:localhost:33503|priority:0|startupRole:FOLLOWER]|listeners:[], old=null
2022-08-02 21:05:52,382 [s1@group-DBBE7E7C6C61-LeaderElection5] INFO  impl.LeaderElection (LeaderElection.java:askForVotes(310)) - s1@group-DBBE7E7C6C61-LeaderElection5 PRE_VOTE round 0: submit vote requests at term 0 for -1: peers:[s0|rpc:localhost:34153|admin:localhost:38297|client:localhost:38535|dataStream:localhost:44971|priority:0|startupRole:FOLLOWER, s1|rpc:localhost:36619|admin:localhost:37635|client:localhost:36381|dataStream:localhost:35649|priority:0|startupRole:FOLLOWER, s2|rpc:localhost:36383|admin:localhost:43279|client:localhost:38239|dataStream:localhost:33503|priority:0|startupRole:FOLLOWER]|listeners:[], old=null
2022-08-02 21:05:52,384 [grpc-default-executor-1] INFO  server.RaftServer$Division (RaftServerImpl.java:requestVote(1198)) - s1@group-DBBE7E7C6C61: receive requestVote(ELECTION, s0, group-DBBE7E7C6C61, 1, (t:0, i:0))
2022-08-02 21:05:52,384 [grpc-default-executor-1] INFO  impl.VoteContext (VoteContext.java:log(48)) - s1@group-DBBE7E7C6C61-CANDIDATE: accept ELECTION from s0: our priority 0 <= candidate's priority 0
2022-08-02 21:05:52,384 [grpc-default-executor-1] INFO  server.RaftServer$Division (RaftServerImpl.java:setRole(301)) - s1@group-DBBE7E7C6C61: changes role from CANDIDATE to FOLLOWER at term 1 for candidate:s0
2022-08-02 21:05:52,385 [grpc-default-executor-1] INFO  impl.RoleInfo (RoleInfo.java:shutdownLeaderElection(130)) - s1: shutdown s1@group-DBBE7E7C6C61-LeaderElection5
2022-08-02 21:05:52,385 [grpc-default-executor-1] INFO  impl.RoleInfo (RoleInfo.java:updateAndGet(139)) - s1: start s1@group-DBBE7E7C6C61-FollowerState
2022-08-02 21:05:52,387 [grpc-default-executor-0] INFO  server.RaftServer$Division (RaftServerImpl.java:requestVote(1198)) - s2@group-DBBE7E7C6C61: receive requestVote(ELECTION, s0, group-DBBE7E7C6C61, 1, (t:0, i:0))
2022-08-02 21:05:52,387 [grpc-default-executor-0] INFO  impl.VoteContext (VoteContext.java:log(48)) - s2@group-DBBE7E7C6C61-FOLLOWER: accept ELECTION from s0: our priority 0 <= candidate's priority 0
2022-08-02 21:05:52,387 [grpc-default-executor-0] INFO  server.RaftServer$Division (RaftServerImpl.java:setRole(301)) - s2@group-DBBE7E7C6C61: changes role from  FOLLOWER to FOLLOWER at term 1 for candidate:s0
2022-08-02 21:05:52,387 [grpc-default-executor-0] INFO  impl.RoleInfo (RoleInfo.java:shutdownFollowerState(110)) - s2: shutdown s2@group-DBBE7E7C6C61-FollowerState
2022-08-02 21:05:52,390 [s1@group-DBBE7E7C6C61-LeaderElection5-1] INFO  server.GrpcServerProtocolClient (GrpcServerProtocolClient.java:<init>(63)) - Build channel for s0
2022-08-02 21:05:52,396 [grpc-default-executor-0] INFO  impl.RoleInfo (RoleInfo.java:updateAndGet(139)) - s2: start s2@group-DBBE7E7C6C61-FollowerState
2022-08-02 21:05:52,396 [s1@group-DBBE7E7C6C61-LeaderElection5] INFO  impl.LeaderElection (LeaderElection.java:logAndReturn(90)) - s1@group-DBBE7E7C6C61-LeaderElection5: PRE_VOTE REJECTED received 0 response(s) and 0 exception(s):
2022-08-02 21:05:52,396 [s2@group-DBBE7E7C6C61-FollowerState] INFO  impl.FollowerState (FollowerState.java:run(152)) - s2@group-DBBE7E7C6C61-FollowerState was interrupted
2022-08-02 21:05:52,396 [grpc-default-executor-3] INFO  server.RaftServer$Division (RaftServerImpl.java:requestVote(1198)) - s0@group-DBBE7E7C6C61: receive requestVote(PRE_VOTE, s1, group-DBBE7E7C6C61, 0, (t:0, i:0))
2022-08-02 21:05:52,396 [grpc-default-executor-3] INFO  impl.VoteContext (VoteContext.java:log(48)) - s0@group-DBBE7E7C6C61-CANDIDATE: accept PRE_VOTE from s1: our priority 0 <= candidate's priority 0
2022-08-02 21:05:52,396 [grpc-default-executor-3] INFO  server.RaftServer$Division (RaftServerImpl.java:requestVote(1231)) - s0@group-DBBE7E7C6C61 replies to PRE_VOTE vote request: s1<-s0#0:OK-t1. Peer's state: s0@group-DBBE7E7C6C61:t1, leader=null, voted=s0, raftlog=Memoized:s0@group-DBBE7E7C6C61-SegmentedRaftLog:OPENED:c-1, conf=-1: peers:[s0|rpc:localhost:34153|admin:localhost:38297|client:localhost:38535|dataStream:localhost:44971|priority:0|startupRole:FOLLOWER, s1|rpc:localhost:36619|admin:localhost:37635|client:localhost:36381|dataStream:localhost:35649|priority:0|startupRole:FOLLOWER, s2|rpc:localhost:36383|admin:localhost:43279|client:localhost:38239|dataStream:localhost:33503|priority:0|startupRole:FOLLOWER]|listeners:[], old=null
2022-08-02 21:05:52,397 [s1@group-DBBE7E7C6C61-LeaderElection5-2] INFO  server.GrpcServerProtocolClient (GrpcServerProtocolClient.java:<init>(63)) - Build channel for s2
2022-08-02 21:05:52,405 [s1@group-DBBE7E7C6C61-LeaderElection5] INFO  impl.LeaderElection (LeaderElection.java:askForVotes(312)) - s1@group-DBBE7E7C6C61-LeaderElection5 PRE_VOTE round 0: result REJECTED
2022-08-02 21:05:52,405 [grpc-default-executor-0] INFO  server.RaftServer$Division (RaftServerImpl.java:requestVote(1231)) - s2@group-DBBE7E7C6C61 replies to ELECTION vote request: s0<-s2#0:OK-t1. Peer's state: s2@group-DBBE7E7C6C61:t1, leader=null, voted=s0, raftlog=Memoized:s2@group-DBBE7E7C6C61-SegmentedRaftLog:OPENED:c-1, conf=-1: peers:[s0|rpc:localhost:34153|admin:localhost:38297|client:localhost:38535|dataStream:localhost:44971|priority:0|startupRole:FOLLOWER, s1|rpc:localhost:36619|admin:localhost:37635|client:localhost:36381|dataStream:localhost:35649|priority:0|startupRole:FOLLOWER, s2|rpc:localhost:36383|admin:localhost:43279|client:localhost:38239|dataStream:localhost:33503|priority:0|startupRole:FOLLOWER]|listeners:[], old=null
2022-08-02 21:05:52,406 [grpc-default-executor-1] INFO  server.RaftServer$Division (RaftServerImpl.java:requestVote(1231)) - s1@group-DBBE7E7C6C61 replies to ELECTION vote request: s0<-s1#0:OK-t1. Peer's state: s1@group-DBBE7E7C6C61:t1, leader=null, voted=s0, raftlog=Memoized:s1@group-DBBE7E7C6C61-SegmentedRaftLog:OPENED:c-1, conf=-1: peers:[s0|rpc:localhost:34153|admin:localhost:38297|client:localhost:38535|dataStream:localhost:44971|priority:0|startupRole:FOLLOWER, s1|rpc:localhost:36619|admin:localhost:37635|client:localhost:36381|dataStream:localhost:35649|priority:0|startupRole:FOLLOWER, s2|rpc:localhost:36383|admin:localhost:43279|client:localhost:38239|dataStream:localhost:33503|priority:0|startupRole:FOLLOWER]|listeners:[], old=null
2022-08-02 21:05:52,408 [s0@group-DBBE7E7C6C61-LeaderElection4] INFO  impl.LeaderElection (LeaderElection.java:logAndReturn(90)) - s0@group-DBBE7E7C6C61-LeaderElection4: ELECTION PASSED received 1 response(s) and 0 exception(s):
2022-08-02 21:05:52,408 [s0@group-DBBE7E7C6C61-LeaderElection4] INFO  impl.LeaderElection (LeaderElection.java:logAndReturn(94)) -   Response 0: s0<-s1#0:OK-t1
2022-08-02 21:05:52,408 [s0@group-DBBE7E7C6C61-LeaderElection4] INFO  impl.LeaderElection (LeaderElection.java:askForVotes(312)) - s0@group-DBBE7E7C6C61-LeaderElection4 ELECTION round 0: result PASSED
2022-08-02 21:05:52,408 [s0@group-DBBE7E7C6C61-LeaderElection4] INFO  impl.RoleInfo (RoleInfo.java:shutdownLeaderElection(130)) - s0: shutdown s0@group-DBBE7E7C6C61-LeaderElection4
2022-08-02 21:05:52,408 [s0@group-DBBE7E7C6C61-LeaderElection4] INFO  server.RaftServer$Division (RaftServerImpl.java:setRole(301)) - s0@group-DBBE7E7C6C61: changes role from CANDIDATE to LEADER at term 1 for changeToLeader
2022-08-02 21:05:52,408 [s0@group-DBBE7E7C6C61-LeaderElection4] INFO  server.RaftServer$Division (ServerState.java:setLeader(313)) - s0@group-DBBE7E7C6C61: change Leader from null to s0 at term 1 for becomeLeader, leader elected after 287ms
2022-08-02 21:05:52,409 [s0@group-DBBE7E7C6C61-LeaderElection4] INFO  server.RaftServerConfigKeys (ConfUtils.java:logGet(46)) - raft.server.staging.catchup.gap = 1000 (default)
2022-08-02 21:05:52,409 [s0@group-DBBE7E7C6C61-LeaderElection4] INFO  server.RaftServerConfigKeys (ConfUtils.java:logGet(46)) - raft.server.write.element-limit = 4096 (default)
2022-08-02 21:05:52,409 [s0@group-DBBE7E7C6C61-LeaderElection4] INFO  server.RaftServerConfigKeys (ConfUtils.java:logGet(46)) - raft.server.write.byte-limit = 64MB (=67108864) (default)
2022-08-02 21:05:52,409 [s0@group-DBBE7E7C6C61-LeaderElection4] INFO  server.RaftServerConfigKeys (ConfUtils.java:logGet(46)) - raft.server.watch.timeout = 10s (default)
2022-08-02 21:05:52,409 [s0@group-DBBE7E7C6C61-LeaderElection4] INFO  server.RaftServerConfigKeys (ConfUtils.java:logGet(46)) - raft.server.watch.timeout.denomination = 1s (default)
2022-08-02 21:05:52,409 [s0@group-DBBE7E7C6C61-LeaderElection4] INFO  server.RaftServerConfigKeys (ConfUtils.java:logGet(46)) - raft.server.watch.element-limit = 65536 (default)
2022-08-02 21:05:52,409 [s0@group-DBBE7E7C6C61-LeaderElection4] INFO  server.RaftServerConfigKeys (ConfUtils.java:logGet(46)) - raft.server.write.element-limit = 4096 (default)
2022-08-02 21:05:52,409 [s0@group-DBBE7E7C6C61-LeaderElection4] INFO  server.RaftServerConfigKeys (ConfUtils.java:logGet(46)) - raft.server.write.follower.gap.ratio.max = -1.0 (default)
2022-08-02 21:05:52,410 [s0@group-DBBE7E7C6C61-LeaderElection4] INFO  server.RaftServerConfigKeys (ConfUtils.java:logGet(46)) - raft.server.log.appender.snapshot.chunk.size.max = 16MB (=16777216) (default)
2022-08-02 21:05:52,410 [s0@group-DBBE7E7C6C61-LeaderElection4] INFO  server.RaftServerConfigKeys (ConfUtils.java:logGet(46)) - raft.server.log.appender.buffer.byte-limit = 4MB (=4194304) (default)
2022-08-02 21:05:52,410 [s0@group-DBBE7E7C6C61-LeaderElection4] INFO  server.RaftServerConfigKeys (ConfUtils.java:logGet(46)) - raft.server.log.appender.buffer.element-limit = 1 (custom)
2022-08-02 21:05:52,410 [s0@group-DBBE7E7C6C61-LeaderElection4] INFO  grpc.GrpcConfigKeys (ConfUtils.java:logGet(46)) - raft.grpc.server.leader.outstanding.appends.max = 10 (custom)
2022-08-02 21:05:52,410 [s0@group-DBBE7E7C6C61-LeaderElection4] INFO  server.RaftServerConfigKeys (ConfUtils.java:logGet(46)) - raft.server.rpc.request.timeout = 3000ms (default)
2022-08-02 21:05:52,410 [s0@group-DBBE7E7C6C61-LeaderElection4] INFO  server.RaftServerConfigKeys (ConfUtils.java:logGet(46)) - raft.server.log.appender.install.snapshot.enabled = true (default)
2022-08-02 21:05:52,410 [s0@group-DBBE7E7C6C61-LeaderElection4] INFO  grpc.GrpcConfigKeys (ConfUtils.java:logGet(46)) - raft.grpc.server.heartbeat.channel = true (default)
2022-08-02 21:05:52,410 [s0@group-DBBE7E7C6C61-LeaderElection4] INFO  server.RaftServerConfigKeys (ConfUtils.java:logGet(46)) - raft.server.log.appender.snapshot.chunk.size.max = 16MB (=16777216) (default)
2022-08-02 21:05:52,410 [s0@group-DBBE7E7C6C61-LeaderElection4] INFO  server.RaftServerConfigKeys (ConfUtils.java:logGet(46)) - raft.server.log.appender.buffer.byte-limit = 4MB (=4194304) (default)
2022-08-02 21:05:52,411 [s0@group-DBBE7E7C6C61-LeaderElection4] INFO  server.RaftServerConfigKeys (ConfUtils.java:logGet(46)) - raft.server.log.appender.buffer.element-limit = 1 (custom)
2022-08-02 21:05:52,411 [s0@group-DBBE7E7C6C61-LeaderElection4] INFO  grpc.GrpcConfigKeys (ConfUtils.java:logGet(46)) - raft.grpc.server.leader.outstanding.appends.max = 10 (custom)
2022-08-02 21:05:52,411 [s0@group-DBBE7E7C6C61-LeaderElection4] INFO  server.RaftServerConfigKeys (ConfUtils.java:logGet(46)) - raft.server.rpc.request.timeout = 3000ms (default)
2022-08-02 21:05:52,411 [s0@group-DBBE7E7C6C61-LeaderElection4] INFO  server.RaftServerConfigKeys (ConfUtils.java:logGet(46)) - raft.server.log.appender.install.snapshot.enabled = true (default)
2022-08-02 21:05:52,411 [s0@group-DBBE7E7C6C61-LeaderElection4] INFO  grpc.GrpcConfigKeys (ConfUtils.java:logGet(46)) - raft.grpc.server.heartbeat.channel = true (default)
2022-08-02 21:05:52,411 [s0@group-DBBE7E7C6C61-LeaderElection4] INFO  impl.RoleInfo (RoleInfo.java:updateAndGet(139)) - s0: start s0@group-DBBE7E7C6C61-LeaderStateImpl
2022-08-02 21:05:52,412 [s0@group-DBBE7E7C6C61-LeaderElection4] INFO  segmented.SegmentedRaftLogWorker (SegmentedRaftLogWorker.java:startLogSegment(425)) - s0@group-DBBE7E7C6C61-SegmentedRaftLogWorker: Starting segment from index:0
2022-08-02 21:05:52,413 [grpc-default-executor-1] INFO  server.RaftServer$Division (RaftServerImpl.java:requestVote(1198)) - s2@group-DBBE7E7C6C61: receive requestVote(PRE_VOTE, s1, group-DBBE7E7C6C61, 0, (t:0, i:0))
2022-08-02 21:05:52,413 [grpc-default-executor-1] INFO  impl.VoteContext (VoteContext.java:log(48)) - s2@group-DBBE7E7C6C61-FOLLOWER: accept PRE_VOTE from s1: our priority 0 <= candidate's priority 0
2022-08-02 21:05:52,413 [grpc-default-executor-1] INFO  server.RaftServer$Division (RaftServerImpl.java:requestVote(1231)) - s2@group-DBBE7E7C6C61 replies to PRE_VOTE vote request: s1<-s2#0:OK-t1. Peer's state: s2@group-DBBE7E7C6C61:t1, leader=null, voted=s0, raftlog=Memoized:s2@group-DBBE7E7C6C61-SegmentedRaftLog:OPENED:c-1, conf=-1: peers:[s0|rpc:localhost:34153|admin:localhost:38297|client:localhost:38535|dataStream:localhost:44971|priority:0|startupRole:FOLLOWER, s1|rpc:localhost:36619|admin:localhost:37635|client:localhost:36381|dataStream:localhost:35649|priority:0|startupRole:FOLLOWER, s2|rpc:localhost:36383|admin:localhost:43279|client:localhost:38239|dataStream:localhost:33503|priority:0|startupRole:FOLLOWER]|listeners:[], old=null
2022-08-02 21:05:52,427 [s0@group-DBBE7E7C6C61-SegmentedRaftLogWorker] INFO  segmented.SegmentedRaftLogWorker (SegmentedRaftLogWorker.java:execute(629)) - s0@group-DBBE7E7C6C61-SegmentedRaftLogWorker: created new log segment /home/runner/work/ratis/ratis/ratis-test/target/test/data/74e1359d/MiniRaftClusterWithGrpc76079055/s0/99562680-b41b-457b-862a-dbbe7e7c6c61/current/log_inprogress_0
2022-08-02 21:05:52,436 [s0@group-DBBE7E7C6C61-LeaderElection4] INFO  server.RaftServer$Division (ServerState.java:setRaftConf(429)) - s0@group-DBBE7E7C6C61: set configuration 0: peers:[s0|rpc:localhost:34153|admin:localhost:38297|client:localhost:38535|dataStream:localhost:44971|priority:0|startupRole:FOLLOWER, s1|rpc:localhost:36619|admin:localhost:37635|client:localhost:36381|dataStream:localhost:35649|priority:0|startupRole:FOLLOWER, s2|rpc:localhost:36383|admin:localhost:43279|client:localhost:38239|dataStream:localhost:33503|priority:0|startupRole:FOLLOWER]|listeners:[], old=null
2022-08-02 21:05:52,446 [null-request--thread1] INFO  server.GrpcClientProtocolService (GrpcClientProtocolService.java:lambda$processClientRequest$0(284)) - Failed RaftClientRequest:client-920847F5D7C6->s1@group-DBBE7E7C6C61, cid=20, seq=0, RW, Message:6d, reply=RaftClientReply:client-920847F5D7C6->s1@group-DBBE7E7C6C61, cid=20, FAILED org.apache.ratis.protocol.exceptions.NotLeaderException: Server s1@group-DBBE7E7C6C61 is not the leader, logIndex=0, commits[s1:c-1]
2022-08-02 21:05:52,452 [s0@group-DBBE7E7C6C61->s1-GrpcLogAppender-LogAppenderDaemon] DEBUG leader.FollowerInfo (FollowerInfoImpl.java:lambda$new$1(49)) - s0@group-DBBE7E7C6C61->s1: nextIndex: updateIncreasingly 0 -> 1
2022-08-02 21:05:52,454 [s1-server-thread1] INFO  server.RaftServer$Division (ServerState.java:setLeader(313)) - s1@group-DBBE7E7C6C61: change Leader from null to s0 at term 1 for appendEntries, leader elected after 328ms
2022-08-02 21:05:52,454 [s0@group-DBBE7E7C6C61->s2-GrpcLogAppender-LogAppenderDaemon] DEBUG leader.FollowerInfo (FollowerInfoImpl.java:lambda$new$1(49)) - s0@group-DBBE7E7C6C61->s2: nextIndex: updateIncreasingly 0 -> 1
2022-08-02 21:05:52,464 [s1-server-thread2] INFO  server.RaftServer$Division (ServerState.java:setRaftConf(429)) - s1@group-DBBE7E7C6C61: set configuration 0: peers:[s0|rpc:localhost:34153|admin:localhost:38297|client:localhost:38535|dataStream:localhost:44971|priority:0|startupRole:FOLLOWER, s1|rpc:localhost:36619|admin:localhost:37635|client:localhost:36381|dataStream:localhost:35649|priority:0|startupRole:FOLLOWER, s2|rpc:localhost:36383|admin:localhost:43279|client:localhost:38239|dataStream:localhost:33503|priority:0|startupRole:FOLLOWER]|listeners:[], old=null
2022-08-02 21:05:52,464 [s1-server-thread2] INFO  segmented.SegmentedRaftLogWorker (SegmentedRaftLogWorker.java:startLogSegment(425)) - s1@group-DBBE7E7C6C61-SegmentedRaftLogWorker: Starting segment from index:0
2022-08-02 21:05:52,470 [grpc-default-executor-3] DEBUG leader.FollowerInfo (FollowerInfoImpl.java:lambda$new$1(49)) - s0@group-DBBE7E7C6C61->s1: commitIndex: updateToMax old=-1, new=-1, updated? false
2022-08-02 21:05:52,471 [grpc-default-executor-3] DEBUG leader.FollowerInfo (FollowerInfoImpl.java:lambda$new$1(49)) - s0@group-DBBE7E7C6C61->s1: matchIndex: updateToMax old=0, new=-1, updated? false
2022-08-02 21:05:52,471 [s2-server-thread2] INFO  server.RaftServer$Division (ServerState.java:setLeader(313)) - s2@group-DBBE7E7C6C61: change Leader from null to s0 at term 1 for appendEntries, leader elected after 327ms
2022-08-02 21:05:52,472 [s2-server-thread1] INFO  server.RaftServer$Division (ServerState.java:setRaftConf(429)) - s2@group-DBBE7E7C6C61: set configuration 0: peers:[s0|rpc:localhost:34153|admin:localhost:38297|client:localhost:38535|dataStream:localhost:44971|priority:0|startupRole:FOLLOWER, s1|rpc:localhost:36619|admin:localhost:37635|client:localhost:36381|dataStream:localhost:35649|priority:0|startupRole:FOLLOWER, s2|rpc:localhost:36383|admin:localhost:43279|client:localhost:38239|dataStream:localhost:33503|priority:0|startupRole:FOLLOWER]|listeners:[], old=null
2022-08-02 21:05:52,473 [s2-server-thread1] INFO  segmented.SegmentedRaftLogWorker (SegmentedRaftLogWorker.java:startLogSegment(425)) - s2@group-DBBE7E7C6C61-SegmentedRaftLogWorker: Starting segment from index:0
2022-08-02 21:05:52,481 [grpc-default-executor-0] DEBUG leader.FollowerInfo (FollowerInfoImpl.java:lambda$new$1(49)) - s0@group-DBBE7E7C6C61->s2: commitIndex: updateToMax old=-1, new=-1, updated? false
2022-08-02 21:05:52,482 [grpc-default-executor-0] DEBUG leader.FollowerInfo (FollowerInfoImpl.java:lambda$new$1(49)) - s0@group-DBBE7E7C6C61->s2: matchIndex: updateToMax old=0, new=-1, updated? false
2022-08-02 21:05:52,486 [s1@group-DBBE7E7C6C61-SegmentedRaftLogWorker] INFO  segmented.SegmentedRaftLogWorker (SegmentedRaftLogWorker.java:execute(629)) - s1@group-DBBE7E7C6C61-SegmentedRaftLogWorker: created new log segment /home/runner/work/ratis/ratis/ratis-test/target/test/data/74e1359d/MiniRaftClusterWithGrpc76079055/s1/99562680-b41b-457b-862a-dbbe7e7c6c61/current/log_inprogress_0
2022-08-02 21:05:52,487 [s2@group-DBBE7E7C6C61-SegmentedRaftLogWorker] INFO  segmented.SegmentedRaftLogWorker (SegmentedRaftLogWorker.java:execute(629)) - s2@group-DBBE7E7C6C61-SegmentedRaftLogWorker: created new log segment /home/runner/work/ratis/ratis/ratis-test/target/test/data/74e1359d/MiniRaftClusterWithGrpc76079055/s2/99562680-b41b-457b-862a-dbbe7e7c6c61/current/log_inprogress_0
2022-08-02 21:05:52,497 [grpc-default-executor-0] DEBUG leader.FollowerInfo (FollowerInfoImpl.java:lambda$new$1(49)) - s0@group-DBBE7E7C6C61->s1: commitIndex: updateToMax old=-1, new=0, updated? true
2022-08-02 21:05:52,497 [grpc-default-executor-0] DEBUG leader.FollowerInfo (FollowerInfoImpl.java:lambda$new$1(49)) - s0@group-DBBE7E7C6C61->s1: matchIndex: updateToMax old=0, new=0, updated? false
2022-08-02 21:05:52,500 [grpc-default-executor-0] DEBUG leader.FollowerInfo (FollowerInfoImpl.java:lambda$new$1(49)) - s0@group-DBBE7E7C6C61->s2: commitIndex: updateToMax old=-1, new=0, updated? true
2022-08-02 21:05:52,500 [grpc-default-executor-0] DEBUG leader.FollowerInfo (FollowerInfoImpl.java:lambda$new$1(49)) - s0@group-DBBE7E7C6C61->s2: matchIndex: updateToMax old=0, new=0, updated? false
2022-08-02 21:05:52,564 [s0@group-DBBE7E7C6C61->s1-GrpcLogAppender-LogAppenderDaemon] DEBUG leader.FollowerInfo (FollowerInfoImpl.java:lambda$new$1(49)) - s0@group-DBBE7E7C6C61->s1: nextIndex: updateIncreasingly 1 -> 2
2022-08-02 21:05:52,564 [s0@group-DBBE7E7C6C61->s2-GrpcLogAppender-LogAppenderDaemon] DEBUG leader.FollowerInfo (FollowerInfoImpl.java:lambda$new$1(49)) - s0@group-DBBE7E7C6C61->s2: nextIndex: updateIncreasingly 1 -> 2
2022-08-02 21:05:52,569 [grpc-default-executor-0] DEBUG leader.FollowerInfo (FollowerInfoImpl.java:lambda$new$1(49)) - s0@group-DBBE7E7C6C61->s2: commitIndex: updateToMax old=0, new=0, updated? false
2022-08-02 21:05:52,569 [grpc-default-executor-0] DEBUG leader.FollowerInfo (FollowerInfoImpl.java:lambda$new$1(49)) - s0@group-DBBE7E7C6C61->s2: matchIndex: updateToMax old=0, new=1, updated? true
2022-08-02 21:05:52,570 [s0@group-DBBE7E7C6C61->s2-GrpcLogAppender-LogAppenderDaemon] DEBUG leader.FollowerInfo (FollowerInfoImpl.java:lambda$new$1(49)) - s0@group-DBBE7E7C6C61->s2: nextIndex: updateIncreasingly 2 -> 3
2022-08-02 21:05:52,570 [s0@group-DBBE7E7C6C61-StateMachineUpdater] INFO  statemachine.SimpleStateMachine4Testing (SimpleStateMachine4Testing.java:put(204)) - s0: put 1, m -> (t:1, i:1), STATEMACHINELOGENTRY, 20@client-920847F5D7C6
2022-08-02 21:05:52,571 [s0@group-DBBE7E7C6C61->s1-GrpcLogAppender-LogAppenderDaemon] DEBUG leader.FollowerInfo (FollowerInfoImpl.java:lambda$new$1(49)) - s0@group-DBBE7E7C6C61->s1: nextIndex: updateIncreasingly 2 -> 3
2022-08-02 21:05:52,579 [grpc-default-executor-2] DEBUG leader.FollowerInfo (FollowerInfoImpl.java:lambda$new$1(49)) - s0@group-DBBE7E7C6C61->s1: commitIndex: updateToMax old=0, new=0, updated? false
2022-08-02 21:05:52,579 [grpc-default-executor-2] DEBUG leader.FollowerInfo (FollowerInfoImpl.java:lambda$new$1(49)) - s0@group-DBBE7E7C6C61->s1: matchIndex: updateToMax old=0, new=1, updated? true
2022-08-02 21:05:52,582 [grpc-default-executor-0] DEBUG leader.FollowerInfo (FollowerInfoImpl.java:lambda$new$1(49)) - s0@group-DBBE7E7C6C61->s1: commitIndex: updateToMax old=0, new=0, updated? false
2022-08-02 21:05:52,582 [grpc-default-executor-0] DEBUG leader.FollowerInfo (FollowerInfoImpl.java:lambda$new$1(49)) - s0@group-DBBE7E7C6C61->s1: matchIndex: updateToMax old=1, new=-1, updated? false
2022-08-02 21:05:52,585 [Time-limited test] INFO  server.RaftServerConfigKeys (ConfUtils.java:logGet(46)) - raft.server.rpc.timeout.max = 300ms (default)
2022-08-02 21:05:52,585 [Time-limited test] INFO  ratis.RaftTestUtil (RaftTestUtil.java:waitForLeader(100)) - printing ALL groups
  s0:  RUNNING    LEADER s0@group-DBBE7E7C6C61:t1, leader=s0, voted=s0, raftlog=Memoized:s0@group-DBBE7E7C6C61-SegmentedRaftLog:OPENED:c1, conf=0: peers:[s0|rpc:localhost:34153|admin:localhost:38297|client:localhost:38535|dataStream:localhost:44971|priority:0|startupRole:FOLLOWER, s1|rpc:localhost:36619|admin:localhost:37635|client:localhost:36381|dataStream:localhost:35649|priority:0|startupRole:FOLLOWER, s2|rpc:localhost:36383|admin:localhost:43279|client:localhost:38239|dataStream:localhost:33503|priority:0|startupRole:FOLLOWER]|listeners:[], old=null RUNNING
  s1:  RUNNING  FOLLOWER s1@group-DBBE7E7C6C61:t1, leader=s0, voted=s0, raftlog=Memoized:s1@group-DBBE7E7C6C61-SegmentedRaftLog:OPENED:c0, conf=0: peers:[s0|rpc:localhost:34153|admin:localhost:38297|client:localhost:38535|dataStream:localhost:44971|priority:0|startupRole:FOLLOWER, s1|rpc:localhost:36619|admin:localhost:37635|client:localhost:36381|dataStream:localhost:35649|priority:0|startupRole:FOLLOWER, s2|rpc:localhost:36383|admin:localhost:43279|client:localhost:38239|dataStream:localhost:33503|priority:0|startupRole:FOLLOWER]|listeners:[], old=null RUNNING
  s2:  RUNNING  FOLLOWER s2@group-DBBE7E7C6C61:t1, leader=s0, voted=s0, raftlog=Memoized:s2@group-DBBE7E7C6C61-SegmentedRaftLog:OPENED:c0, conf=0: peers:[s0|rpc:localhost:34153|admin:localhost:38297|client:localhost:38535|dataStream:localhost:44971|priority:0|startupRole:FOLLOWER, s1|rpc:localhost:36619|admin:localhost:37635|client:localhost:36381|dataStream:localhost:35649|priority:0|startupRole:FOLLOWER, s2|rpc:localhost:36383|admin:localhost:43279|client:localhost:38239|dataStream:localhost:33503|priority:0|startupRole:FOLLOWER]|listeners:[], old=null RUNNING
2022-08-02 21:05:52,585 [Time-limited test] INFO  ratis.RaftTestUtil (RaftTestUtil.java:waitForLeader(119)) - printing ALL groups
  s0:  RUNNING    LEADER s0@group-DBBE7E7C6C61:t1, leader=s0, voted=s0, raftlog=Memoized:s0@group-DBBE7E7C6C61-SegmentedRaftLog:OPENED:c1, conf=0: peers:[s0|rpc:localhost:34153|admin:localhost:38297|client:localhost:38535|dataStream:localhost:44971|priority:0|startupRole:FOLLOWER, s1|rpc:localhost:36619|admin:localhost:37635|client:localhost:36381|dataStream:localhost:35649|priority:0|startupRole:FOLLOWER, s2|rpc:localhost:36383|admin:localhost:43279|client:localhost:38239|dataStream:localhost:33503|priority:0|startupRole:FOLLOWER]|listeners:[], old=null RUNNING
  s1:  RUNNING  FOLLOWER s1@group-DBBE7E7C6C61:t1, leader=s0, voted=s0, raftlog=Memoized:s1@group-DBBE7E7C6C61-SegmentedRaftLog:OPENED:c0, conf=0: peers:[s0|rpc:localhost:34153|admin:localhost:38297|client:localhost:38535|dataStream:localhost:44971|priority:0|startupRole:FOLLOWER, s1|rpc:localhost:36619|admin:localhost:37635|client:localhost:36381|dataStream:localhost:35649|priority:0|startupRole:FOLLOWER, s2|rpc:localhost:36383|admin:localhost:43279|client:localhost:38239|dataStream:localhost:33503|priority:0|startupRole:FOLLOWER]|listeners:[], old=null RUNNING
  s2:  RUNNING  FOLLOWER s2@group-DBBE7E7C6C61:t1, leader=s0, voted=s0, raftlog=Memoized:s2@group-DBBE7E7C6C61-SegmentedRaftLog:OPENED:c0, conf=0: peers:[s0|rpc:localhost:34153|admin:localhost:38297|client:localhost:38535|dataStream:localhost:44971|priority:0|startupRole:FOLLOWER, s1|rpc:localhost:36619|admin:localhost:37635|client:localhost:36381|dataStream:localhost:35649|priority:0|startupRole:FOLLOWER, s2|rpc:localhost:36383|admin:localhost:43279|client:localhost:38239|dataStream:localhost:33503|priority:0|startupRole:FOLLOWER]|listeners:[], old=null RUNNING
2022-08-02 21:05:52,586 [Time-limited test] INFO  statemachine.SimpleStateMachine4Testing (SimpleStateMachine4Testing.java:block(134)) - block WRITE_STATE_MACHINE_DATA
2022-08-02 21:05:52,586 [Time-limited test] INFO  statemachine.SimpleStateMachine4Testing (SimpleStateMachine4Testing.java:block(134)) - block WRITE_STATE_MACHINE_DATA
2022-08-02 21:05:52,596 [s2@group-DBBE7E7C6C61-StateMachineUpdater] INFO  statemachine.SimpleStateMachine4Testing (SimpleStateMachine4Testing.java:put(204)) - s2: put 1, m -> (t:1, i:1), STATEMACHINELOGENTRY, 20@client-920847F5D7C6
2022-08-02 21:05:52,597 [grpc-default-executor-2] DEBUG leader.FollowerInfo (FollowerInfoImpl.java:lambda$new$1(49)) - s0@group-DBBE7E7C6C61->s2: commitIndex: updateToMax old=0, new=1, updated? true
2022-08-02 21:05:52,597 [grpc-default-executor-2] DEBUG leader.FollowerInfo (FollowerInfoImpl.java:lambda$new$1(49)) - s0@group-DBBE7E7C6C61->s2: matchIndex: updateToMax old=1, new=2, updated? true
2022-08-02 21:05:52,602 [s1@group-DBBE7E7C6C61-StateMachineUpdater] INFO  statemachine.SimpleStateMachine4Testing (SimpleStateMachine4Testing.java:put(204)) - s1: put 1, m -> (t:1, i:1), STATEMACHINELOGENTRY, 20@client-920847F5D7C6
2022-08-02 21:05:52,602 [grpc-default-executor-2] DEBUG leader.FollowerInfo (FollowerInfoImpl.java:lambda$new$1(49)) - s0@group-DBBE7E7C6C61->s1: commitIndex: updateToMax old=0, new=1, updated? true
2022-08-02 21:05:52,603 [grpc-default-executor-2] DEBUG leader.FollowerInfo (FollowerInfoImpl.java:lambda$new$1(49)) - s0@group-DBBE7E7C6C61->s1: matchIndex: updateToMax old=1, new=2, updated? true
2022-08-02 21:05:52,616 [s0@group-DBBE7E7C6C61->s1-GrpcLogAppender-LogAppenderDaemon] DEBUG leader.FollowerInfo (FollowerInfoImpl.java:lambda$new$1(49)) - s0@group-DBBE7E7C6C61->s1: nextIndex: updateIncreasingly 3 -> 4
2022-08-02 21:05:52,617 [s0@group-DBBE7E7C6C61->s2-GrpcLogAppender-LogAppenderDaemon] DEBUG leader.FollowerInfo (FollowerInfoImpl.java:lambda$new$1(49)) - s0@group-DBBE7E7C6C61->s2: nextIndex: updateIncreasingly 3 -> 4
2022-08-02 21:05:52,623 [s0@group-DBBE7E7C6C61->s1-GrpcLogAppender-LogAppenderDaemon] DEBUG leader.FollowerInfo (FollowerInfoImpl.java:lambda$new$1(49)) - s0@group-DBBE7E7C6C61->s1: nextIndex: updateIncreasingly 4 -> 5
2022-08-02 21:05:52,623 [s0@group-DBBE7E7C6C61->s2-GrpcLogAppender-LogAppenderDaemon] DEBUG leader.FollowerInfo (FollowerInfoImpl.java:lambda$new$1(49)) - s0@group-DBBE7E7C6C61->s2: nextIndex: updateIncreasingly 4 -> 5
2022-08-02 21:05:52,627 [s0@group-DBBE7E7C6C61->s2-GrpcLogAppender-LogAppenderDaemon] DEBUG leader.FollowerInfo (FollowerInfoImpl.java:lambda$new$1(49)) - s0@group-DBBE7E7C6C61->s2: nextIndex: updateIncreasingly 5 -> 6
2022-08-02 21:05:52,627 [s0@group-DBBE7E7C6C61->s1-GrpcLogAppender-LogAppenderDaemon] DEBUG leader.FollowerInfo (FollowerInfoImpl.java:lambda$new$1(49)) - s0@group-DBBE7E7C6C61->s1: nextIndex: updateIncreasingly 5 -> 6
2022-08-02 21:05:52,635 [s0@group-DBBE7E7C6C61->s1-GrpcLogAppender-LogAppenderDaemon] DEBUG leader.FollowerInfo (FollowerInfoImpl.java:lambda$new$1(49)) - s0@group-DBBE7E7C6C61->s1: nextIndex: updateIncreasingly 6 -> 7
2022-08-02 21:05:52,635 [s0@group-DBBE7E7C6C61->s2-GrpcLogAppender-LogAppenderDaemon] DEBUG leader.FollowerInfo (FollowerInfoImpl.java:lambda$new$1(49)) - s0@group-DBBE7E7C6C61->s2: nextIndex: updateIncreasingly 6 -> 7
2022-08-02 21:05:52,641 [s0@group-DBBE7E7C6C61->s2-GrpcLogAppender-LogAppenderDaemon] DEBUG leader.FollowerInfo (FollowerInfoImpl.java:lambda$new$1(49)) - s0@group-DBBE7E7C6C61->s2: nextIndex: updateIncreasingly 7 -> 8
2022-08-02 21:05:52,641 [s0@group-DBBE7E7C6C61->s1-GrpcLogAppender-LogAppenderDaemon] DEBUG leader.FollowerInfo (FollowerInfoImpl.java:lambda$new$1(49)) - s0@group-DBBE7E7C6C61->s1: nextIndex: updateIncreasingly 7 -> 8
2022-08-02 21:05:52,644 [s0@group-DBBE7E7C6C61->s2-GrpcLogAppender-LogAppenderDaemon] DEBUG leader.FollowerInfo (FollowerInfoImpl.java:lambda$new$1(49)) - s0@group-DBBE7E7C6C61->s2: nextIndex: updateIncreasingly 8 -> 9
2022-08-02 21:05:52,644 [s0@group-DBBE7E7C6C61->s1-GrpcLogAppender-LogAppenderDaemon] DEBUG leader.FollowerInfo (FollowerInfoImpl.java:lambda$new$1(49)) - s0@group-DBBE7E7C6C61->s1: nextIndex: updateIncreasingly 8 -> 9
2022-08-02 21:05:52,647 [s0@group-DBBE7E7C6C61->s1-GrpcLogAppender-LogAppenderDaemon] DEBUG leader.FollowerInfo (FollowerInfoImpl.java:lambda$new$1(49)) - s0@group-DBBE7E7C6C61->s1: nextIndex: updateIncreasingly 9 -> 10
2022-08-02 21:05:52,647 [s0@group-DBBE7E7C6C61->s2-GrpcLogAppender-LogAppenderDaemon] DEBUG leader.FollowerInfo (FollowerInfoImpl.java:lambda$new$1(49)) - s0@group-DBBE7E7C6C61->s2: nextIndex: updateIncreasingly 9 -> 10
2022-08-02 21:05:52,650 [s0@group-DBBE7E7C6C61->s1-GrpcLogAppender-LogAppenderDaemon] DEBUG leader.FollowerInfo (FollowerInfoImpl.java:lambda$new$1(49)) - s0@group-DBBE7E7C6C61->s1: nextIndex: updateIncreasingly 10 -> 11
2022-08-02 21:05:52,650 [s0@group-DBBE7E7C6C61->s2-GrpcLogAppender-LogAppenderDaemon] DEBUG leader.FollowerInfo (FollowerInfoImpl.java:lambda$new$1(49)) - s0@group-DBBE7E7C6C61->s2: nextIndex: updateIncreasingly 10 -> 11
2022-08-02 21:05:52,653 [s0@group-DBBE7E7C6C61->s1-GrpcLogAppender-LogAppenderDaemon] DEBUG leader.FollowerInfo (FollowerInfoImpl.java:lambda$new$1(49)) - s0@group-DBBE7E7C6C61->s1: nextIndex: updateIncreasingly 11 -> 12
2022-08-02 21:05:52,653 [s0@group-DBBE7E7C6C61->s2-GrpcLogAppender-LogAppenderDaemon] DEBUG leader.FollowerInfo (FollowerInfoImpl.java:lambda$new$1(49)) - s0@group-DBBE7E7C6C61->s2: nextIndex: updateIncreasingly 11 -> 12
2022-08-02 21:05:52,656 [s0@group-DBBE7E7C6C61->s1-GrpcLogAppender-LogAppenderDaemon] DEBUG leader.FollowerInfo (FollowerInfoImpl.java:lambda$new$1(49)) - s0@group-DBBE7E7C6C61->s1: nextIndex: updateIncreasingly 12 -> 13
2022-08-02 21:05:52,656 [s0@group-DBBE7E7C6C61->s2-GrpcLogAppender-LogAppenderDaemon] DEBUG leader.FollowerInfo (FollowerInfoImpl.java:lambda$new$1(49)) - s0@group-DBBE7E7C6C61->s2: nextIndex: updateIncreasingly 12 -> 13
2022-08-02 21:05:52,664 [grpc-default-executor-3] DEBUG leader.FollowerInfo (FollowerInfoImpl.java:lambda$new$1(49)) - s0@group-DBBE7E7C6C61->s1: commitIndex: updateToMax old=1, new=1, updated? false
2022-08-02 21:05:52,665 [grpc-default-executor-3] DEBUG leader.FollowerInfo (FollowerInfoImpl.java:lambda$new$1(49)) - s0@group-DBBE7E7C6C61->s1: matchIndex: updateToMax old=2, new=-1, updated? false
2022-08-02 21:05:52,680 [grpc-default-executor-3] DEBUG leader.FollowerInfo (FollowerInfoImpl.java:lambda$new$1(49)) - s0@group-DBBE7E7C6C61->s2: commitIndex: updateToMax old=1, new=1, updated? false
2022-08-02 21:05:52,680 [grpc-default-executor-3] DEBUG leader.FollowerInfo (FollowerInfoImpl.java:lambda$new$1(49)) - s0@group-DBBE7E7C6C61->s2: matchIndex: updateToMax old=2, new=-1, updated? false
2022-08-02 21:05:52,683 [grpc-default-executor-3] DEBUG leader.FollowerInfo (FollowerInfoImpl.java:lambda$new$1(49)) - s0@group-DBBE7E7C6C61->s1: commitIndex: updateToMax old=1, new=1, updated? false
2022-08-02 21:05:52,684 [grpc-default-executor-3] DEBUG leader.FollowerInfo (FollowerInfoImpl.java:lambda$new$1(49)) - s0@group-DBBE7E7C6C61->s1: matchIndex: updateToMax old=2, new=-1, updated? false
2022-08-02 21:05:52,686 [grpc-default-executor-3] DEBUG leader.FollowerInfo (FollowerInfoImpl.java:lambda$new$1(49)) - s0@group-DBBE7E7C6C61->s2: commitIndex: updateToMax old=1, new=1, updated? false
2022-08-02 21:05:52,686 [grpc-default-executor-3] DEBUG leader.FollowerInfo (FollowerInfoImpl.java:lambda$new$1(49)) - s0@group-DBBE7E7C6C61->s2: matchIndex: updateToMax old=2, new=-1, updated? false
2022-08-02 21:05:52,691 [grpc-default-executor-3] DEBUG leader.FollowerInfo (FollowerInfoImpl.java:lambda$new$1(49)) - s0@group-DBBE7E7C6C61->s2: commitIndex: updateToMax old=1, new=1, updated? false
2022-08-02 21:05:52,691 [grpc-default-executor-3] DEBUG leader.FollowerInfo (FollowerInfoImpl.java:lambda$new$1(49)) - s0@group-DBBE7E7C6C61->s2: matchIndex: updateToMax old=2, new=-1, updated? false
2022-08-02 21:05:52,695 [grpc-default-executor-3] DEBUG leader.FollowerInfo (FollowerInfoImpl.java:lambda$new$1(49)) - s0@group-DBBE7E7C6C61->s2: commitIndex: updateToMax old=1, new=1, updated? false
2022-08-02 21:05:52,695 [grpc-default-executor-3] DEBUG leader.FollowerInfo (FollowerInfoImpl.java:lambda$new$1(49)) - s0@group-DBBE7E7C6C61->s2: matchIndex: updateToMax old=2, new=-1, updated? false
2022-08-02 21:05:52,697 [grpc-default-executor-3] DEBUG leader.FollowerInfo (FollowerInfoImpl.java:lambda$new$1(49)) - s0@group-DBBE7E7C6C61->s1: commitIndex: updateToMax old=1, new=1, updated? false
2022-08-02 21:05:52,697 [grpc-default-executor-3] DEBUG leader.FollowerInfo (FollowerInfoImpl.java:lambda$new$1(49)) - s0@group-DBBE7E7C6C61->s1: matchIndex: updateToMax old=2, new=-1, updated? false
2022-08-02 21:05:52,699 [grpc-default-executor-3] DEBUG leader.FollowerInfo (FollowerInfoImpl.java:lambda$new$1(49)) - s0@group-DBBE7E7C6C61->s1: commitIndex: updateToMax old=1, new=1, updated? false
2022-08-02 21:05:52,699 [grpc-default-executor-3] DEBUG leader.FollowerInfo (FollowerInfoImpl.java:lambda$new$1(49)) - s0@group-DBBE7E7C6C61->s1: matchIndex: updateToMax old=2, new=-1, updated? false
2022-08-02 21:05:52,700 [grpc-default-executor-3] DEBUG leader.FollowerInfo (FollowerInfoImpl.java:lambda$new$1(49)) - s0@group-DBBE7E7C6C61->s2: commitIndex: updateToMax old=1, new=1, updated? false
2022-08-02 21:05:52,700 [grpc-default-executor-3] DEBUG leader.FollowerInfo (FollowerInfoImpl.java:lambda$new$1(49)) - s0@group-DBBE7E7C6C61->s2: matchIndex: updateToMax old=2, new=-1, updated? false
2022-08-02 21:05:52,704 [grpc-default-executor-3] DEBUG leader.FollowerInfo (FollowerInfoImpl.java:lambda$new$1(49)) - s0@group-DBBE7E7C6C61->s2: commitIndex: updateToMax old=1, new=1, updated? false
2022-08-02 21:05:52,704 [grpc-default-executor-3] DEBUG leader.FollowerInfo (FollowerInfoImpl.java:lambda$new$1(49)) - s0@group-DBBE7E7C6C61->s2: matchIndex: updateToMax old=2, new=-1, updated? false
2022-08-02 21:05:52,707 [grpc-default-executor-3] DEBUG leader.FollowerInfo (FollowerInfoImpl.java:lambda$new$1(49)) - s0@group-DBBE7E7C6C61->s2: commitIndex: updateToMax old=1, new=1, updated? false
2022-08-02 21:05:52,707 [grpc-default-executor-3] DEBUG leader.FollowerInfo (FollowerInfoImpl.java:lambda$new$1(49)) - s0@group-DBBE7E7C6C61->s2: matchIndex: updateToMax old=2, new=-1, updated? false
2022-08-02 21:05:52,710 [grpc-default-executor-3] DEBUG leader.FollowerInfo (FollowerInfoImpl.java:lambda$new$1(49)) - s0@group-DBBE7E7C6C61->s2: commitIndex: updateToMax old=1, new=1, updated? false
2022-08-02 21:05:52,710 [grpc-default-executor-3] DEBUG leader.FollowerInfo (FollowerInfoImpl.java:lambda$new$1(49)) - s0@group-DBBE7E7C6C61->s2: matchIndex: updateToMax old=2, new=-1, updated? false
2022-08-02 21:05:52,711 [grpc-default-executor-3] DEBUG leader.FollowerInfo (FollowerInfoImpl.java:lambda$new$1(49)) - s0@group-DBBE7E7C6C61->s2: commitIndex: updateToMax old=1, new=1, updated? false
2022-08-02 21:05:52,711 [grpc-default-executor-3] DEBUG leader.FollowerInfo (FollowerInfoImpl.java:lambda$new$1(49)) - s0@group-DBBE7E7C6C61->s2: matchIndex: updateToMax old=2, new=-1, updated? false
2022-08-02 21:05:52,714 [grpc-default-executor-3] DEBUG leader.FollowerInfo (FollowerInfoImpl.java:lambda$new$1(49)) - s0@group-DBBE7E7C6C61->s2: commitIndex: updateToMax old=1, new=1, updated? false
2022-08-02 21:05:52,715 [grpc-default-executor-3] DEBUG leader.FollowerInfo (FollowerInfoImpl.java:lambda$new$1(49)) - s0@group-DBBE7E7C6C61->s2: matchIndex: updateToMax old=2, new=-1, updated? false
2022-08-02 21:05:52,718 [grpc-default-executor-3] DEBUG leader.FollowerInfo (FollowerInfoImpl.java:lambda$new$1(49)) - s0@group-DBBE7E7C6C61->s1: commitIndex: updateToMax old=1, new=1, updated? false
2022-08-02 21:05:52,719 [grpc-default-executor-3] DEBUG leader.FollowerInfo (FollowerInfoImpl.java:lambda$new$1(49)) - s0@group-DBBE7E7C6C61->s1: matchIndex: updateToMax old=2, new=-1, updated? false
2022-08-02 21:05:52,721 [grpc-default-executor-3] DEBUG leader.FollowerInfo (FollowerInfoImpl.java:lambda$new$1(49)) - s0@group-DBBE7E7C6C61->s2: commitIndex: updateToMax old=1, new=1, updated? false
2022-08-02 21:05:52,721 [grpc-default-executor-3] DEBUG leader.FollowerInfo (FollowerInfoImpl.java:lambda$new$1(49)) - s0@group-DBBE7E7C6C61->s2: matchIndex: updateToMax old=2, new=-1, updated? false
2022-08-02 21:05:52,725 [grpc-default-executor-3] DEBUG leader.FollowerInfo (FollowerInfoImpl.java:lambda$new$1(49)) - s0@group-DBBE7E7C6C61->s2: commitIndex: updateToMax old=1, new=1, updated? false
2022-08-02 21:05:52,725 [grpc-default-executor-3] DEBUG leader.FollowerInfo (FollowerInfoImpl.java:lambda$new$1(49)) - s0@group-DBBE7E7C6C61->s2: matchIndex: updateToMax old=2, new=-1, updated? false
2022-08-02 21:05:52,728 [grpc-default-executor-3] DEBUG leader.FollowerInfo (FollowerInfoImpl.java:lambda$new$1(49)) - s0@group-DBBE7E7C6C61->s2: commitIndex: updateToMax old=1, new=1, updated? false
2022-08-02 21:05:52,728 [grpc-default-executor-3] DEBUG leader.FollowerInfo (FollowerInfoImpl.java:lambda$new$1(49)) - s0@group-DBBE7E7C6C61->s2: matchIndex: updateToMax old=2, new=-1, updated? false
2022-08-02 21:05:52,730 [grpc-default-executor-3] DEBUG leader.FollowerInfo (FollowerInfoImpl.java:lambda$new$1(49)) - s0@group-DBBE7E7C6C61->s2: commitIndex: updateToMax old=1, new=1, updated? false
2022-08-02 21:05:52,730 [grpc-default-executor-3] DEBUG leader.FollowerInfo (FollowerInfoImpl.java:lambda$new$1(49)) - s0@group-DBBE7E7C6C61->s2: matchIndex: updateToMax old=2, new=-1, updated? false
2022-08-02 21:05:52,731 [grpc-default-executor-2] DEBUG leader.FollowerInfo (FollowerInfoImpl.java:lambda$new$1(49)) - s0@group-DBBE7E7C6C61->s1: commitIndex: updateToMax old=1, new=1, updated? false
2022-08-02 21:05:52,731 [grpc-default-executor-2] DEBUG leader.FollowerInfo (FollowerInfoImpl.java:lambda$new$1(49)) - s0@group-DBBE7E7C6C61->s1: matchIndex: updateToMax old=2, new=-1, updated? false
2022-08-02 21:05:52,733 [grpc-default-executor-2] DEBUG leader.FollowerInfo (FollowerInfoImpl.java:lambda$new$1(49)) - s0@group-DBBE7E7C6C61->s2: commitIndex: updateToMax old=1, new=1, updated? false
2022-08-02 21:05:52,733 [grpc-default-executor-2] DEBUG leader.FollowerInfo (FollowerInfoImpl.java:lambda$new$1(49)) - s0@group-DBBE7E7C6C61->s2: matchIndex: updateToMax old=2, new=-1, updated? false
2022-08-02 21:05:52,734 [grpc-default-executor-2] DEBUG leader.FollowerInfo (FollowerInfoImpl.java:lambda$new$1(49)) - s0@group-DBBE7E7C6C61->s1: commitIndex: updateToMax old=1, new=1, updated? false
2022-08-02 21:05:52,734 [grpc-default-executor-2] DEBUG leader.FollowerInfo (FollowerInfoImpl.java:lambda$new$1(49)) - s0@group-DBBE7E7C6C61->s1: matchIndex: updateToMax old=2, new=-1, updated? false
2022-08-02 21:05:52,736 [grpc-default-executor-2] DEBUG leader.FollowerInfo (FollowerInfoImpl.java:lambda$new$1(49)) - s0@group-DBBE7E7C6C61->s1: commitIndex: updateToMax old=1, new=1, updated? false
2022-08-02 21:05:52,736 [grpc-default-executor-2] DEBUG leader.FollowerInfo (FollowerInfoImpl.java:lambda$new$1(49)) - s0@group-DBBE7E7C6C61->s1: matchIndex: updateToMax old=2, new=-1, updated? false
2022-08-02 21:05:52,738 [grpc-default-executor-2] DEBUG leader.FollowerInfo (FollowerInfoImpl.java:lambda$new$1(49)) - s0@group-DBBE7E7C6C61->s1: commitIndex: updateToMax old=1, new=1, updated? false
2022-08-02 21:05:52,738 [grpc-default-executor-2] DEBUG leader.FollowerInfo (FollowerInfoImpl.java:lambda$new$1(49)) - s0@group-DBBE7E7C6C61->s1: matchIndex: updateToMax old=2, new=-1, updated? false
2022-08-02 21:05:52,741 [grpc-default-executor-2] DEBUG leader.FollowerInfo (FollowerInfoImpl.java:lambda$new$1(49)) - s0@group-DBBE7E7C6C61->s1: commitIndex: updateToMax old=1, new=1, updated? false
2022-08-02 21:05:52,741 [grpc-default-executor-2] DEBUG leader.FollowerInfo (FollowerInfoImpl.java:lambda$new$1(49)) - s0@group-DBBE7E7C6C61->s1: matchIndex: updateToMax old=2, new=-1, updated? false
2022-08-02 21:05:52,742 [grpc-default-executor-2] DEBUG leader.FollowerInfo (FollowerInfoImpl.java:lambda$new$1(49)) - s0@group-DBBE7E7C6C61->s1: commitIndex: updateToMax old=1, new=1, updated? false
2022-08-02 21:05:52,742 [grpc-default-executor-2] DEBUG leader.FollowerInfo (FollowerInfoImpl.java:lambda$new$1(49)) - s0@group-DBBE7E7C6C61->s1: matchIndex: updateToMax old=2, new=-1, updated? false
2022-08-02 21:05:52,743 [grpc-default-executor-0] DEBUG leader.FollowerInfo (FollowerInfoImpl.java:lambda$new$1(49)) - s0@group-DBBE7E7C6C61->s2: commitIndex: updateToMax old=1, new=1, updated? false
2022-08-02 21:05:52,743 [grpc-default-executor-0] DEBUG leader.FollowerInfo (FollowerInfoImpl.java:lambda$new$1(49)) - s0@group-DBBE7E7C6C61->s2: matchIndex: updateToMax old=2, new=-1, updated? false
2022-08-02 21:05:52,749 [grpc-default-executor-0] DEBUG leader.FollowerInfo (FollowerInfoImpl.java:lambda$new$1(49)) - s0@group-DBBE7E7C6C61->s2: commitIndex: updateToMax old=1, new=1, updated? false
2022-08-02 21:05:52,749 [grpc-default-executor-0] DEBUG leader.FollowerInfo (FollowerInfoImpl.java:lambda$new$1(49)) - s0@group-DBBE7E7C6C61->s2: matchIndex: updateToMax old=2, new=-1, updated? false
2022-08-02 21:05:52,753 [grpc-default-executor-0] DEBUG leader.FollowerInfo (FollowerInfoImpl.java:lambda$new$1(49)) - s0@group-DBBE7E7C6C61->s1: commitIndex: updateToMax old=1, new=1, updated? false
2022-08-02 21:05:52,753 [grpc-default-executor-0] DEBUG leader.FollowerInfo (FollowerInfoImpl.java:lambda$new$1(49)) - s0@group-DBBE7E7C6C61->s1: matchIndex: updateToMax old=2, new=-1, updated? false
2022-08-02 21:05:52,756 [grpc-default-executor-0] DEBUG leader.FollowerInfo (FollowerInfoImpl.java:lambda$new$1(49)) - s0@group-DBBE7E7C6C61->s2: commitIndex: updateToMax old=1, new=1, updated? false
2022-08-02 21:05:52,756 [grpc-default-executor-0] DEBUG leader.FollowerInfo (FollowerInfoImpl.java:lambda$new$1(49)) - s0@group-DBBE7E7C6C61->s2: matchIndex: updateToMax old=2, new=-1, updated? false
2022-08-02 21:05:52,760 [grpc-default-executor-0] DEBUG leader.FollowerInfo (FollowerInfoImpl.java:lambda$new$1(49)) - s0@group-DBBE7E7C6C61->s2: commitIndex: updateToMax old=1, new=1, updated? false
2022-08-02 21:05:52,760 [grpc-default-executor-0] DEBUG leader.FollowerInfo (FollowerInfoImpl.java:lambda$new$1(49)) - s0@group-DBBE7E7C6C61->s2: matchIndex: updateToMax old=2, new=-1, updated? false
2022-08-02 21:05:52,764 [grpc-default-executor-0] DEBUG leader.FollowerInfo (FollowerInfoImpl.java:lambda$new$1(49)) - s0@group-DBBE7E7C6C61->s2: commitIndex: updateToMax old=1, new=1, updated? false
2022-08-02 21:05:52,764 [grpc-default-executor-0] DEBUG leader.FollowerInfo (FollowerInfoImpl.java:lambda$new$1(49)) - s0@group-DBBE7E7C6C61->s2: matchIndex: updateToMax old=2, new=-1, updated? false
2022-08-02 21:05:52,765 [grpc-default-executor-0] DEBUG leader.FollowerInfo (FollowerInfoImpl.java:lambda$new$1(49)) - s0@group-DBBE7E7C6C61->s2: commitIndex: updateToMax old=1, new=1, updated? false
2022-08-02 21:05:52,765 [grpc-default-executor-0] DEBUG leader.FollowerInfo (FollowerInfoImpl.java:lambda$new$1(49)) - s0@group-DBBE7E7C6C61->s2: matchIndex: updateToMax old=2, new=-1, updated? false
2022-08-02 21:05:52,767 [grpc-default-executor-0] DEBUG leader.FollowerInfo (FollowerInfoImpl.java:lambda$new$1(49)) - s0@group-DBBE7E7C6C61->s1: commitIndex: updateToMax old=1, new=1, updated? false
2022-08-02 21:05:52,767 [grpc-default-executor-0] DEBUG leader.FollowerInfo (FollowerInfoImpl.java:lambda$new$1(49)) - s0@group-DBBE7E7C6C61->s1: matchIndex: updateToMax old=2, new=-1, updated? false
2022-08-02 21:05:52,768 [grpc-default-executor-0] DEBUG leader.FollowerInfo (FollowerInfoImpl.java:lambda$new$1(49)) - s0@group-DBBE7E7C6C61->s1: commitIndex: updateToMax old=1, new=1, updated? false
2022-08-02 21:05:52,768 [grpc-default-executor-0] DEBUG leader.FollowerInfo (FollowerInfoImpl.java:lambda$new$1(49)) - s0@group-DBBE7E7C6C61->s1: matchIndex: updateToMax old=2, new=-1, updated? false
2022-08-02 21:05:52,770 [grpc-default-executor-0] DEBUG leader.FollowerInfo (FollowerInfoImpl.java:lambda$new$1(49)) - s0@group-DBBE7E7C6C61->s1: commitIndex: updateToMax old=1, new=1, updated? false
2022-08-02 21:05:52,770 [grpc-default-executor-0] DEBUG leader.FollowerInfo (FollowerInfoImpl.java:lambda$new$1(49)) - s0@group-DBBE7E7C6C61->s1: matchIndex: updateToMax old=2, new=-1, updated? false
2022-08-02 21:05:52,771 [grpc-default-executor-0] DEBUG leader.FollowerInfo (FollowerInfoImpl.java:lambda$new$1(49)) - s0@group-DBBE7E7C6C61->s1: commitIndex: updateToMax old=1, new=1, updated? false
2022-08-02 21:05:52,772 [grpc-default-executor-0] DEBUG leader.FollowerInfo (FollowerInfoImpl.java:lambda$new$1(49)) - s0@group-DBBE7E7C6C61->s1: matchIndex: updateToMax old=2, new=-1, updated? false
2022-08-02 21:05:52,775 [grpc-default-executor-0] DEBUG leader.FollowerInfo (FollowerInfoImpl.java:lambda$new$1(49)) - s0@group-DBBE7E7C6C61->s2: commitIndex: updateToMax old=1, new=1, updated? false
2022-08-02 21:05:52,775 [grpc-default-executor-0] DEBUG leader.FollowerInfo (FollowerInfoImpl.java:lambda$new$1(49)) - s0@group-DBBE7E7C6C61->s2: matchIndex: updateToMax old=2, new=-1, updated? false
2022-08-02 21:05:52,776 [grpc-default-executor-0] DEBUG leader.FollowerInfo (FollowerInfoImpl.java:lambda$new$1(49)) - s0@group-DBBE7E7C6C61->s1: commitIndex: updateToMax old=1, new=1, updated? false
2022-08-02 21:05:52,776 [grpc-default-executor-0] DEBUG leader.FollowerInfo (FollowerInfoImpl.java:lambda$new$1(49)) - s0@group-DBBE7E7C6C61->s1: matchIndex: updateToMax old=2, new=-1, updated? false
2022-08-02 21:05:52,777 [grpc-default-executor-0] DEBUG leader.FollowerInfo (FollowerInfoImpl.java:lambda$new$1(49)) - s0@group-DBBE7E7C6C61->s2: commitIndex: updateToMax old=1, new=1, updated? false
2022-08-02 21:05:52,777 [grpc-default-executor-0] DEBUG leader.FollowerInfo (FollowerInfoImpl.java:lambda$new$1(49)) - s0@group-DBBE7E7C6C61->s2: matchIndex: updateToMax old=2, new=-1, updated? false
2022-08-02 21:05:52,779 [grpc-default-executor-0] DEBUG leader.FollowerInfo (FollowerInfoImpl.java:lambda$new$1(49)) - s0@group-DBBE7E7C6C61->s1: commitIndex: updateToMax old=1, new=1, updated? false
2022-08-02 21:05:52,779 [grpc-default-executor-0] DEBUG leader.FollowerInfo (FollowerInfoImpl.java:lambda$new$1(49)) - s0@group-DBBE7E7C6C61->s1: matchIndex: updateToMax old=2, new=-1, updated? false
2022-08-02 21:05:52,780 [grpc-default-executor-0] DEBUG leader.FollowerInfo (FollowerInfoImpl.java:lambda$new$1(49)) - s0@group-DBBE7E7C6C61->s1: commitIndex: updateToMax old=1, new=1, updated? false
2022-08-02 21:05:52,780 [grpc-default-executor-0] DEBUG leader.FollowerInfo (FollowerInfoImpl.java:lambda$new$1(49)) - s0@group-DBBE7E7C6C61->s1: matchIndex: updateToMax old=2, new=-1, updated? false
2022-08-02 21:05:52,782 [grpc-default-executor-0] DEBUG leader.FollowerInfo (FollowerInfoImpl.java:lambda$new$1(49)) - s0@group-DBBE7E7C6C61->s1: commitIndex: updateToMax old=1, new=1, updated? false
2022-08-02 21:05:52,782 [grpc-default-executor-0] DEBUG leader.FollowerInfo (FollowerInfoImpl.java:lambda$new$1(49)) - s0@group-DBBE7E7C6C61->s1: matchIndex: updateToMax old=2, new=-1, updated? false
2022-08-02 21:05:52,783 [grpc-default-executor-0] DEBUG leader.FollowerInfo (FollowerInfoImpl.java:lambda$new$1(49)) - s0@group-DBBE7E7C6C61->s1: commitIndex: updateToMax old=1, new=1, updated? false
2022-08-02 21:05:52,783 [grpc-default-executor-0] DEBUG leader.FollowerInfo (FollowerInfoImpl.java:lambda$new$1(49)) - s0@group-DBBE7E7C6C61->s1: matchIndex: updateToMax old=2, new=-1, updated? false
2022-08-02 21:05:52,786 [grpc-default-executor-0] DEBUG leader.FollowerInfo (FollowerInfoImpl.java:lambda$new$1(49)) - s0@group-DBBE7E7C6C61->s2: commitIndex: updateToMax old=1, new=1, updated? false
2022-08-02 21:05:52,786 [grpc-default-executor-0] DEBUG leader.FollowerInfo (FollowerInfoImpl.java:lambda$new$1(49)) - s0@group-DBBE7E7C6C61->s2: matchIndex: updateToMax old=2, new=-1, updated? false
2022-08-02 21:05:52,789 [grpc-default-executor-0] DEBUG leader.FollowerInfo (FollowerInfoImpl.java:lambda$new$1(49)) - s0@group-DBBE7E7C6C61->s2: commitIndex: updateToMax old=1, new=1, updated? false
2022-08-02 21:05:52,789 [grpc-default-executor-0] DEBUG leader.FollowerInfo (FollowerInfoImpl.java:lambda$new$1(49)) - s0@group-DBBE7E7C6C61->s2: matchIndex: updateToMax old=2, new=-1, updated? false
2022-08-02 21:05:52,793 [grpc-default-executor-0] DEBUG leader.FollowerInfo (FollowerInfoImpl.java:lambda$new$1(49)) - s0@group-DBBE7E7C6C61->s2: commitIndex: updateToMax old=1, new=1, updated? false
2022-08-02 21:05:52,793 [grpc-default-executor-0] DEBUG leader.FollowerInfo (FollowerInfoImpl.java:lambda$new$1(49)) - s0@group-DBBE7E7C6C61->s2: matchIndex: updateToMax old=2, new=-1, updated? false
2022-08-02 21:05:52,795 [grpc-default-executor-0] DEBUG leader.FollowerInfo (FollowerInfoImpl.java:lambda$new$1(49)) - s0@group-DBBE7E7C6C61->s2: commitIndex: updateToMax old=1, new=1, updated? false
2022-08-02 21:05:52,795 [grpc-default-executor-0] DEBUG leader.FollowerInfo (FollowerInfoImpl.java:lambda$new$1(49)) - s0@group-DBBE7E7C6C61->s2: matchIndex: updateToMax old=2, new=-1, updated? false
2022-08-02 21:05:52,797 [grpc-default-executor-0] DEBUG leader.FollowerInfo (FollowerInfoImpl.java:lambda$new$1(49)) - s0@group-DBBE7E7C6C61->s2: commitIndex: updateToMax old=1, new=1, updated? false
2022-08-02 21:05:52,798 [grpc-default-executor-0] DEBUG leader.FollowerInfo (FollowerInfoImpl.java:lambda$new$1(49)) - s0@group-DBBE7E7C6C61->s2: matchIndex: updateToMax old=2, new=-1, updated? false
2022-08-02 21:05:52,801 [grpc-default-executor-0] DEBUG leader.FollowerInfo (FollowerInfoImpl.java:lambda$new$1(49)) - s0@group-DBBE7E7C6C61->s1: commitIndex: updateToMax old=1, new=1, updated? false
2022-08-02 21:05:52,801 [grpc-default-executor-0] DEBUG leader.FollowerInfo (FollowerInfoImpl.java:lambda$new$1(49)) - s0@group-DBBE7E7C6C61->s1: matchIndex: updateToMax old=2, new=-1, updated? false
2022-08-02 21:05:52,804 [grpc-default-executor-0] DEBUG leader.FollowerInfo (FollowerInfoImpl.java:lambda$new$1(49)) - s0@group-DBBE7E7C6C61->s2: commitIndex: updateToMax old=1, new=1, updated? false
2022-08-02 21:05:52,804 [grpc-default-executor-0] DEBUG leader.FollowerInfo (FollowerInfoImpl.java:lambda$new$1(49)) - s0@group-DBBE7E7C6C61->s2: matchIndex: updateToMax old=2, new=-1, updated? false
2022-08-02 21:05:52,807 [grpc-default-executor-0] DEBUG leader.FollowerInfo (FollowerInfoImpl.java:lambda$new$1(49)) - s0@group-DBBE7E7C6C61->s2: commitIndex: updateToMax old=1, new=1, updated? false
2022-08-02 21:05:52,807 [grpc-default-executor-0] DEBUG leader.FollowerInfo (FollowerInfoImpl.java:lambda$new$1(49)) - s0@group-DBBE7E7C6C61->s2: matchIndex: updateToMax old=2, new=-1, updated? false
2022-08-02 21:05:52,810 [grpc-default-executor-0] DEBUG leader.FollowerInfo (FollowerInfoImpl.java:lambda$new$1(49)) - s0@group-DBBE7E7C6C61->s2: commitIndex: updateToMax old=1, new=1, updated? false
2022-08-02 21:05:52,811 [grpc-default-executor-0] DEBUG leader.FollowerInfo (FollowerInfoImpl.java:lambda$new$1(49)) - s0@group-DBBE7E7C6C61->s2: matchIndex: updateToMax old=2, new=-1, updated? false
2022-08-02 21:05:52,812 [grpc-default-executor-0] DEBUG leader.FollowerInfo (FollowerInfoImpl.java:lambda$new$1(49)) - s0@group-DBBE7E7C6C61->s1: commitIndex: updateToMax old=1, new=1, updated? false
2022-08-02 21:05:52,812 [grpc-default-executor-0] DEBUG leader.FollowerInfo (FollowerInfoImpl.java:lambda$new$1(49)) - s0@group-DBBE7E7C6C61->s1: matchIndex: updateToMax old=2, new=-1, updated? false
2022-08-02 21:05:52,814 [grpc-default-executor-0] DEBUG leader.FollowerInfo (FollowerInfoImpl.java:lambda$new$1(49)) - s0@group-DBBE7E7C6C61->s1: commitIndex: updateToMax old=1, new=1, updated? false
2022-08-02 21:05:52,815 [grpc-default-executor-0] DEBUG leader.FollowerInfo (FollowerInfoImpl.java:lambda$new$1(49)) - s0@group-DBBE7E7C6C61->s1: matchIndex: updateToMax old=2, new=-1, updated? false
2022-08-02 21:05:52,816 [grpc-default-executor-0] DEBUG leader.FollowerInfo (FollowerInfoImpl.java:lambda$new$1(49)) - s0@group-DBBE7E7C6C61->s2: commitIndex: updateToMax old=1, new=1, updated? false
2022-08-02 21:05:52,816 [grpc-default-executor-0] DEBUG leader.FollowerInfo (FollowerInfoImpl.java:lambda$new$1(49)) - s0@group-DBBE7E7C6C61->s2: matchIndex: updateToMax old=2, new=-1, updated? false
2022-08-02 21:05:52,818 [grpc-default-executor-0] DEBUG leader.FollowerInfo (FollowerInfoImpl.java:lambda$new$1(49)) - s0@group-DBBE7E7C6C61->s2: commitIndex: updateToMax old=1, new=1, updated? false
2022-08-02 21:05:52,818 [grpc-default-executor-0] DEBUG leader.FollowerInfo (FollowerInfoImpl.java:lambda$new$1(49)) - s0@group-DBBE7E7C6C61->s2: matchIndex: updateToMax old=2, new=-1, updated? false
2022-08-02 21:05:52,824 [grpc-default-executor-0] DEBUG leader.FollowerInfo (FollowerInfoImpl.java:lambda$new$1(49)) - s0@group-DBBE7E7C6C61->s2: commitIndex: updateToMax old=1, new=1, updated? false
2022-08-02 21:05:52,824 [grpc-default-executor-0] DEBUG leader.FollowerInfo (FollowerInfoImpl.java:lambda$new$1(49)) - s0@group-DBBE7E7C6C61->s2: matchIndex: updateToMax old=2, new=-1, updated? false
2022-08-02 21:05:52,826 [grpc-default-executor-0] DEBUG leader.FollowerInfo (FollowerInfoImpl.java:lambda$new$1(49)) - s0@group-DBBE7E7C6C61->s2: commitIndex: updateToMax old=1, new=1, updated? false
2022-08-02 21:05:52,826 [grpc-default-executor-0] DEBUG leader.FollowerInfo (FollowerInfoImpl.java:lambda$new$1(49)) - s0@group-DBBE7E7C6C61->s2: matchIndex: updateToMax old=2, new=-1, updated? false
2022-08-02 21:05:52,831 [grpc-default-executor-0] DEBUG leader.FollowerInfo (FollowerInfoImpl.java:lambda$new$1(49)) - s0@group-DBBE7E7C6C61->s2: commitIndex: updateToMax old=1, new=1, updated? false
2022-08-02 21:05:52,831 [grpc-default-executor-0] DEBUG leader.FollowerInfo (FollowerInfoImpl.java:lambda$new$1(49)) - s0@group-DBBE7E7C6C61->s2: matchIndex: updateToMax old=2, new=-1, updated? false
2022-08-02 21:05:52,833 [grpc-default-executor-0] DEBUG leader.FollowerInfo (FollowerInfoImpl.java:lambda$new$1(49)) - s0@group-DBBE7E7C6C61->s2: commitIndex: updateToMax old=1, new=1, updated? false
2022-08-02 21:05:52,833 [grpc-default-executor-0] DEBUG leader.FollowerInfo (FollowerInfoImpl.java:lambda$new$1(49)) - s0@group-DBBE7E7C6C61->s2: matchIndex: updateToMax old=2, new=-1, updated? false
2022-08-02 21:05:52,836 [grpc-default-executor-0] DEBUG leader.FollowerInfo (FollowerInfoImpl.java:lambda$new$1(49)) - s0@group-DBBE7E7C6C61->s1: commitIndex: updateToMax old=1, new=1, updated? false
2022-08-02 21:05:52,836 [grpc-default-executor-0] DEBUG leader.FollowerInfo (FollowerInfoImpl.java:lambda$new$1(49)) - s0@group-DBBE7E7C6C61->s1: matchIndex: updateToMax old=2, new=-1, updated? false
2022-08-02 21:05:52,839 [grpc-default-executor-0] DEBUG leader.FollowerInfo (FollowerInfoImpl.java:lambda$new$1(49)) - s0@group-DBBE7E7C6C61->s2: commitIndex: updateToMax old=1, new=1, updated? false
2022-08-02 21:05:52,839 [grpc-default-executor-0] DEBUG leader.FollowerInfo (FollowerInfoImpl.java:lambda$new$1(49)) - s0@group-DBBE7E7C6C61->s2: matchIndex: updateToMax old=2, new=-1, updated? false
2022-08-02 21:05:52,842 [grpc-default-executor-0] DEBUG leader.FollowerInfo (FollowerInfoImpl.java:lambda$new$1(49)) - s0@group-DBBE7E7C6C61->s2: commitIndex: updateToMax old=1, new=1, updated? false
2022-08-02 21:05:52,842 [grpc-default-executor-0] DEBUG leader.FollowerInfo (FollowerInfoImpl.java:lambda$new$1(49)) - s0@group-DBBE7E7C6C61->s2: matchIndex: updateToMax old=2, new=-1, updated? false
2022-08-02 21:05:52,844 [grpc-default-executor-0] DEBUG leader.FollowerInfo (FollowerInfoImpl.java:lambda$new$1(49)) - s0@group-DBBE7E7C6C61->s2: commitIndex: updateToMax old=1, new=1, updated? false
2022-08-02 21:05:52,845 [grpc-default-executor-0] DEBUG leader.FollowerInfo (FollowerInfoImpl.java:lambda$new$1(49)) - s0@group-DBBE7E7C6C61->s2: matchIndex: updateToMax old=2, new=-1, updated? false
2022-08-02 21:05:52,846 [grpc-default-executor-0] DEBUG leader.FollowerInfo (FollowerInfoImpl.java:lambda$new$1(49)) - s0@group-DBBE7E7C6C61->s2: commitIndex: updateToMax old=1, new=1, updated? false
2022-08-02 21:05:52,846 [grpc-default-executor-0] DEBUG leader.FollowerInfo (FollowerInfoImpl.java:lambda$new$1(49)) - s0@group-DBBE7E7C6C61->s2: matchIndex: updateToMax old=2, new=-1, updated? false
2022-08-02 21:05:52,850 [grpc-default-executor-0] DEBUG leader.FollowerInfo (FollowerInfoImpl.java:lambda$new$1(49)) - s0@group-DBBE7E7C6C61->s2: commitIndex: updateToMax old=1, new=1, updated? false
2022-08-02 21:05:52,850 [grpc-default-executor-0] DEBUG leader.FollowerInfo (FollowerInfoImpl.java:lambda$new$1(49)) - s0@group-DBBE7E7C6C61->s2: matchIndex: updateToMax old=2, new=-1, updated? false
2022-08-02 21:05:52,853 [grpc-default-executor-0] DEBUG leader.FollowerInfo (FollowerInfoImpl.java:lambda$new$1(49)) - s0@group-DBBE7E7C6C61->s1: commitIndex: updateToMax old=1, new=1, updated? false
2022-08-02 21:05:52,853 [grpc-default-executor-0] DEBUG leader.FollowerInfo (FollowerInfoImpl.java:lambda$new$1(49)) - s0@group-DBBE7E7C6C61->s1: matchIndex: updateToMax old=2, new=-1, updated? false
2022-08-02 21:05:52,855 [grpc-default-executor-0] DEBUG leader.FollowerInfo (FollowerInfoImpl.java:lambda$new$1(49)) - s0@group-DBBE7E7C6C61->s2: commitIndex: updateToMax old=1, new=1, updated? false
2022-08-02 21:05:52,855 [grpc-default-executor-0] DEBUG leader.FollowerInfo (FollowerInfoImpl.java:lambda$new$1(49)) - s0@group-DBBE7E7C6C61->s2: matchIndex: updateToMax old=2, new=-1, updated? false
2022-08-02 21:05:52,858 [grpc-default-executor-0] DEBUG leader.FollowerInfo (FollowerInfoImpl.java:lambda$new$1(49)) - s0@group-DBBE7E7C6C61->s2: commitIndex: updateToMax old=1, new=1, updated? false
2022-08-02 21:05:52,858 [grpc-default-executor-0] DEBUG leader.FollowerInfo (FollowerInfoImpl.java:lambda$new$1(49)) - s0@group-DBBE7E7C6C61->s2: matchIndex: updateToMax old=2, new=-1, updated? false
2022-08-02 21:05:52,860 [grpc-default-executor-0] DEBUG leader.FollowerInfo (FollowerInfoImpl.java:lambda$new$1(49)) - s0@group-DBBE7E7C6C61->s2: commitIndex: updateToMax old=1, new=1, updated? false
2022-08-02 21:05:52,860 [grpc-default-executor-0] DEBUG leader.FollowerInfo (FollowerInfoImpl.java:lambda$new$1(49)) - s0@group-DBBE7E7C6C61->s2: matchIndex: updateToMax old=2, new=-1, updated? false
2022-08-02 21:05:52,863 [grpc-default-executor-0] DEBUG leader.FollowerInfo (FollowerInfoImpl.java:lambda$new$1(49)) - s0@group-DBBE7E7C6C61->s2: commitIndex: updateToMax old=1, new=1, updated? false
2022-08-02 21:05:52,863 [grpc-default-executor-0] DEBUG leader.FollowerInfo (FollowerInfoImpl.java:lambda$new$1(49)) - s0@group-DBBE7E7C6C61->s2: matchIndex: updateToMax old=2, new=-1, updated? false
2022-08-02 21:05:52,866 [grpc-default-executor-0] DEBUG leader.FollowerInfo (FollowerInfoImpl.java:lambda$new$1(49)) - s0@group-DBBE7E7C6C61->s2: commitIndex: updateToMax old=1, new=1, updated? false
2022-08-02 21:05:52,866 [grpc-default-executor-0] DEBUG leader.FollowerInfo (FollowerInfoImpl.java:lambda$new$1(49)) - s0@group-DBBE7E7C6C61->s2: matchIndex: updateToMax old=2, new=-1, updated? false
2022-08-02 21:05:52,872 [grpc-default-executor-0] DEBUG leader.FollowerInfo (FollowerInfoImpl.java:lambda$new$1(49)) - s0@group-DBBE7E7C6C61->s2: commitIndex: updateToMax old=1, new=1, updated? false
2022-08-02 21:05:52,872 [grpc-default-executor-0] DEBUG leader.FollowerInfo (FollowerInfoImpl.java:lambda$new$1(49)) - s0@group-DBBE7E7C6C61->s2: matchIndex: updateToMax old=2, new=-1, updated? false
2022-08-02 21:05:52,875 [grpc-default-executor-0] DEBUG leader.FollowerInfo (FollowerInfoImpl.java:lambda$new$1(49)) - s0@group-DBBE7E7C6C61->s1: commitIndex: updateToMax old=1, new=1, updated? false
2022-08-02 21:05:52,875 [grpc-default-executor-0] DEBUG leader.FollowerInfo (FollowerInfoImpl.java:lambda$new$1(49)) - s0@group-DBBE7E7C6C61->s1: matchIndex: updateToMax old=2, new=-1, updated? false
2022-08-02 21:05:52,876 [grpc-default-executor-0] DEBUG leader.FollowerInfo (FollowerInfoImpl.java:lambda$new$1(49)) - s0@group-DBBE7E7C6C61->s2: commitIndex: updateToMax old=1, new=1, updated? false
2022-08-02 21:05:52,877 [grpc-default-executor-0] DEBUG leader.FollowerInfo (FollowerInfoImpl.java:lambda$new$1(49)) - s0@group-DBBE7E7C6C61->s2: matchIndex: updateToMax old=2, new=-1, updated? false
2022-08-02 21:05:52,878 [grpc-default-executor-0] DEBUG leader.FollowerInfo (FollowerInfoImpl.java:lambda$new$1(49)) - s0@group-DBBE7E7C6C61->s2: commitIndex: updateToMax old=1, new=1, updated? false
2022-08-02 21:05:52,878 [grpc-default-executor-0] DEBUG leader.FollowerInfo (FollowerInfoImpl.java:lambda$new$1(49)) - s0@group-DBBE7E7C6C61->s2: matchIndex: updateToMax old=2, new=-1, updated? false
2022-08-02 21:05:52,879 [grpc-default-executor-0] DEBUG leader.FollowerInfo (FollowerInfoImpl.java:lambda$new$1(49)) - s0@group-DBBE7E7C6C61->s2: commitIndex: updateToMax old=1, new=1, updated? false
2022-08-02 21:05:52,880 [grpc-default-executor-0] DEBUG leader.FollowerInfo (FollowerInfoImpl.java:lambda$new$1(49)) - s0@group-DBBE7E7C6C61->s2: matchIndex: updateToMax old=2, new=-1, updated? false
2022-08-02 21:05:52,882 [grpc-default-executor-0] DEBUG leader.FollowerInfo (FollowerInfoImpl.java:lambda$new$1(49)) - s0@group-DBBE7E7C6C61->s1: commitIndex: updateToMax old=1, new=1, updated? false
2022-08-02 21:05:52,882 [grpc-default-executor-0] DEBUG leader.FollowerInfo (FollowerInfoImpl.java:lambda$new$1(49)) - s0@group-DBBE7E7C6C61->s1: matchIndex: updateToMax old=2, new=-1, updated? false
2022-08-02 21:05:52,882 [grpc-default-executor-0] DEBUG leader.FollowerInfo (FollowerInfoImpl.java:lambda$new$1(49)) - s0@group-DBBE7E7C6C61->s2: commitIndex: updateToMax old=1, new=1, updated? false
2022-08-02 21:05:52,882 [grpc-default-executor-0] DEBUG leader.FollowerInfo (FollowerInfoImpl.java:lambda$new$1(49)) - s0@group-DBBE7E7C6C61->s2: matchIndex: updateToMax old=2, new=-1, updated? false
2022-08-02 21:05:52,883 [grpc-default-executor-0] DEBUG leader.FollowerInfo (FollowerInfoImpl.java:lambda$new$1(49)) - s0@group-DBBE7E7C6C61->s1: commitIndex: updateToMax old=1, new=1, updated? false
2022-08-02 21:05:52,883 [grpc-default-executor-0] DEBUG leader.FollowerInfo (FollowerInfoImpl.java:lambda$new$1(49)) - s0@group-DBBE7E7C6C61->s1: matchIndex: updateToMax old=2, new=-1, updated? false
2022-08-02 21:05:52,884 [grpc-default-executor-0] DEBUG leader.FollowerInfo (FollowerInfoImpl.java:lambda$new$1(49)) - s0@group-DBBE7E7C6C61->s1: commitIndex: updateToMax old=1, new=1, updated? false
2022-08-02 21:05:52,884 [grpc-default-executor-0] DEBUG leader.FollowerInfo (FollowerInfoImpl.java:lambda$new$1(49)) - s0@group-DBBE7E7C6C61->s1: matchIndex: updateToMax old=2, new=-1, updated? false
2022-08-02 21:05:52,885 [grpc-default-executor-0] DEBUG leader.FollowerInfo (FollowerInfoImpl.java:lambda$new$1(49)) - s0@group-DBBE7E7C6C61->s1: commitIndex: updateToMax old=1, new=1, updated? false
2022-08-02 21:05:52,886 [grpc-default-executor-0] DEBUG leader.FollowerInfo (FollowerInfoImpl.java:lambda$new$1(49)) - s0@group-DBBE7E7C6C61->s1: matchIndex: updateToMax old=2, new=-1, updated? false
2022-08-02 21:05:52,887 [grpc-default-executor-0] DEBUG leader.FollowerInfo (FollowerInfoImpl.java:lambda$new$1(49)) - s0@group-DBBE7E7C6C61->s1: commitIndex: updateToMax old=1, new=1, updated? false
2022-08-02 21:05:52,887 [grpc-default-executor-0] DEBUG leader.FollowerInfo (FollowerInfoImpl.java:lambda$new$1(49)) - s0@group-DBBE7E7C6C61->s1: matchIndex: updateToMax old=2, new=-1, updated? false
2022-08-02 21:05:52,889 [grpc-default-executor-0] DEBUG leader.FollowerInfo (FollowerInfoImpl.java:lambda$new$1(49)) - s0@group-DBBE7E7C6C61->s1: commitIndex: updateToMax old=1, new=1, updated? false
2022-08-02 21:05:52,889 [grpc-default-executor-0] DEBUG leader.FollowerInfo (FollowerInfoImpl.java:lambda$new$1(49)) - s0@group-DBBE7E7C6C61->s1: matchIndex: updateToMax old=2, new=-1, updated? false
2022-08-02 21:05:52,891 [grpc-default-executor-0] DEBUG leader.FollowerInfo (FollowerInfoImpl.java:lambda$new$1(49)) - s0@group-DBBE7E7C6C61->s2: commitIndex: updateToMax old=1, new=1, updated? false
2022-08-02 21:05:52,891 [grpc-default-executor-0] DEBUG leader.FollowerInfo (FollowerInfoImpl.java:lambda$new$1(49)) - s0@group-DBBE7E7C6C61->s2: matchIndex: updateToMax old=2, new=-1, updated? false
2022-08-02 21:05:52,893 [grpc-default-executor-0] DEBUG leader.FollowerInfo (FollowerInfoImpl.java:lambda$new$1(49)) - s0@group-DBBE7E7C6C61->s2: commitIndex: updateToMax old=1, new=1, updated? false
2022-08-02 21:05:52,893 [grpc-default-executor-0] DEBUG leader.FollowerInfo (FollowerInfoImpl.java:lambda$new$1(49)) - s0@group-DBBE7E7C6C61->s2: matchIndex: updateToMax old=2, new=-1, updated? false
2022-08-02 21:05:52,896 [grpc-default-executor-0] DEBUG leader.FollowerInfo (FollowerInfoImpl.java:lambda$new$1(49)) - s0@group-DBBE7E7C6C61->s2: commitIndex: updateToMax old=1, new=1, updated? false
2022-08-02 21:05:52,896 [grpc-default-executor-0] DEBUG leader.FollowerInfo (FollowerInfoImpl.java:lambda$new$1(49)) - s0@group-DBBE7E7C6C61->s2: matchIndex: updateToMax old=2, new=-1, updated? false
2022-08-02 21:05:52,898 [grpc-default-executor-0] DEBUG leader.FollowerInfo (FollowerInfoImpl.java:lambda$new$1(49)) - s0@group-DBBE7E7C6C61->s2: commitIndex: updateToMax old=1, new=1, updated? false
2022-08-02 21:05:52,898 [grpc-default-executor-0] DEBUG leader.FollowerInfo (FollowerInfoImpl.java:lambda$new$1(49)) - s0@group-DBBE7E7C6C61->s2: matchIndex: updateToMax old=2, new=-1, updated? false
2022-08-02 21:05:52,903 [grpc-default-executor-0] DEBUG leader.FollowerInfo (FollowerInfoImpl.java:lambda$new$1(49)) - s0@group-DBBE7E7C6C61->s2: commitIndex: updateToMax old=1, new=1, updated? false
2022-08-02 21:05:52,903 [grpc-default-executor-0] DEBUG leader.FollowerInfo (FollowerInfoImpl.java:lambda$new$1(49)) - s0@group-DBBE7E7C6C61->s2: matchIndex: updateToMax old=2, new=-1, updated? false
2022-08-02 21:05:52,905 [grpc-default-executor-0] DEBUG leader.FollowerInfo (FollowerInfoImpl.java:lambda$new$1(49)) - s0@group-DBBE7E7C6C61->s1: commitIndex: updateToMax old=1, new=1, updated? false
2022-08-02 21:05:52,905 [grpc-default-executor-0] DEBUG leader.FollowerInfo (FollowerInfoImpl.java:lambda$new$1(49)) - s0@group-DBBE7E7C6C61->s1: matchIndex: updateToMax old=2, new=-1, updated? false
2022-08-02 21:05:52,906 [grpc-default-executor-0] DEBUG leader.FollowerInfo (FollowerInfoImpl.java:lambda$new$1(49)) - s0@group-DBBE7E7C6C61->s2: commitIndex: updateToMax old=1, new=1, updated? false
2022-08-02 21:05:52,906 [grpc-default-executor-0] DEBUG leader.FollowerInfo (FollowerInfoImpl.java:lambda$new$1(49)) - s0@group-DBBE7E7C6C61->s2: matchIndex: updateToMax old=2, new=-1, updated? false
2022-08-02 21:05:52,908 [grpc-default-executor-0] DEBUG leader.FollowerInfo (FollowerInfoImpl.java:lambda$new$1(49)) - s0@group-DBBE7E7C6C61->s2: commitIndex: updateToMax old=1, new=1, updated? false
2022-08-02 21:05:52,908 [grpc-default-executor-0] DEBUG leader.FollowerInfo (FollowerInfoImpl.java:lambda$new$1(49)) - s0@group-DBBE7E7C6C61->s2: matchIndex: updateToMax old=2, new=-1, updated? false
2022-08-02 21:05:52,911 [grpc-default-executor-0] DEBUG leader.FollowerInfo (FollowerInfoImpl.java:lambda$new$1(49)) - s0@group-DBBE7E7C6C61->s2: commitIndex: updateToMax old=1, new=1, updated? false
2022-08-02 21:05:52,911 [grpc-default-executor-0] DEBUG leader.FollowerInfo (FollowerInfoImpl.java:lambda$new$1(49)) - s0@group-DBBE7E7C6C61->s2: matchIndex: updateToMax old=2, new=-1, updated? false
2022-08-02 21:05:52,913 [grpc-default-executor-0] DEBUG leader.FollowerInfo (FollowerInfoImpl.java:lambda$new$1(49)) - s0@group-DBBE7E7C6C61->s2: commitIndex: updateToMax old=1, new=1, updated? false
2022-08-02 21:05:52,913 [grpc-default-executor-0] DEBUG leader.FollowerInfo (FollowerInfoImpl.java:lambda$new$1(49)) - s0@group-DBBE7E7C6C61->s2: matchIndex: updateToMax old=2, new=-1, updated? false
2022-08-02 21:05:52,916 [grpc-default-executor-0] DEBUG leader.FollowerInfo (FollowerInfoImpl.java:lambda$new$1(49)) - s0@group-DBBE7E7C6C61->s2: commitIndex: updateToMax old=1, new=1, updated? false
2022-08-02 21:05:52,916 [grpc-default-executor-0] DEBUG leader.FollowerInfo (FollowerInfoImpl.java:lambda$new$1(49)) - s0@group-DBBE7E7C6C61->s2: matchIndex: updateToMax old=2, new=-1, updated? false
2022-08-02 21:05:52,918 [grpc-default-executor-0] DEBUG leader.FollowerInfo (FollowerInfoImpl.java:lambda$new$1(49)) - s0@group-DBBE7E7C6C61->s2: commitIndex: updateToMax old=1, new=1, updated? false
2022-08-02 21:05:52,918 [grpc-default-executor-0] DEBUG leader.FollowerInfo (FollowerInfoImpl.java:lambda$new$1(49)) - s0@group-DBBE7E7C6C61->s2: matchIndex: updateToMax old=2, new=-1, updated? false
2022-08-02 21:05:52,920 [grpc-default-executor-0] DEBUG leader.FollowerInfo (FollowerInfoImpl.java:lambda$new$1(49)) - s0@group-DBBE7E7C6C61->s2: commitIndex: updateToMax old=1, new=1, updated? false
2022-08-02 21:05:52,920 [grpc-default-executor-0] DEBUG leader.FollowerInfo (FollowerInfoImpl.java:lambda$new$1(49)) - s0@group-DBBE7E7C6C61->s2: matchIndex: updateToMax old=2, new=-1, updated? false
2022-08-02 21:05:52,922 [grpc-default-executor-0] DEBUG leader.FollowerInfo (FollowerInfoImpl.java:lambda$new$1(49)) - s0@group-DBBE7E7C6C61->s2: commitIndex: updateToMax old=1, new=1, updated? false
2022-08-02 21:05:52,922 [grpc-default-executor-0] DEBUG leader.FollowerInfo (FollowerInfoImpl.java:lambda$new$1(49)) - s0@group-DBBE7E7C6C61->s2: matchIndex: updateToMax old=2, new=-1, updated? false
2022-08-02 21:05:52,924 [grpc-default-executor-0] DEBUG leader.FollowerInfo (FollowerInfoImpl.java:lambda$new$1(49)) - s0@group-DBBE7E7C6C61->s1: commitIndex: updateToMax old=1, new=1, updated? false
2022-08-02 21:05:52,924 [grpc-default-executor-0] DEBUG leader.FollowerInfo (FollowerInfoImpl.java:lambda$new$1(49)) - s0@group-DBBE7E7C6C61->s1: matchIndex: updateToMax old=2, new=-1, updated? false
2022-08-02 21:05:52,926 [grpc-default-executor-0] DEBUG leader.FollowerInfo (FollowerInfoImpl.java:lambda$new$1(49)) - s0@group-DBBE7E7C6C61->s1: commitIndex: updateToMax old=1, new=1, updated? false
2022-08-02 21:05:52,927 [grpc-default-executor-0] DEBUG leader.FollowerInfo (FollowerInfoImpl.java:lambda$new$1(49)) - s0@group-DBBE7E7C6C61->s1: matchIndex: updateToMax old=2, new=-1, updated? false
2022-08-02 21:05:52,927 [grpc-default-executor-0] DEBUG leader.FollowerInfo (FollowerInfoImpl.java:lambda$new$1(49)) - s0@group-DBBE7E7C6C61->s1: commitIndex: updateToMax old=1, new=1, updated? false
2022-08-02 21:05:52,927 [grpc-default-executor-0] DEBUG leader.FollowerInfo (FollowerInfoImpl.java:lambda$new$1(49)) - s0@group-DBBE7E7C6C61->s1: matchIndex: updateToMax old=2, new=-1, updated? false
2022-08-02 21:05:52,929 [grpc-default-executor-0] DEBUG leader.FollowerInfo (FollowerInfoImpl.java:lambda$new$1(49)) - s0@group-DBBE7E7C6C61->s1: commitIndex: updateToMax old=1, new=1, updated? false
2022-08-02 21:05:52,929 [grpc-default-executor-0] DEBUG leader.FollowerInfo (FollowerInfoImpl.java:lambda$new$1(49)) - s0@group-DBBE7E7C6C61->s1: matchIndex: updateToMax old=2, new=-1, updated? false
2022-08-02 21:05:52,930 [grpc-default-executor-0] DEBUG leader.FollowerInfo (FollowerInfoImpl.java:lambda$new$1(49)) - s0@group-DBBE7E7C6C61->s2: commitIndex: updateToMax old=1, new=1, updated? false
2022-08-02 21:05:52,930 [grpc-default-executor-0] DEBUG leader.FollowerInfo (FollowerInfoImpl.java:lambda$new$1(49)) - s0@group-DBBE7E7C6C61->s2: matchIndex: updateToMax old=2, new=-1, updated? false
2022-08-02 21:05:52,932 [grpc-default-executor-0] DEBUG leader.FollowerInfo (FollowerInfoImpl.java:lambda$new$1(49)) - s0@group-DBBE7E7C6C61->s1: commitIndex: updateToMax old=1, new=1, updated? false
2022-08-02 21:05:52,932 [grpc-default-executor-0] DEBUG leader.FollowerInfo (FollowerInfoImpl.java:lambda$new$1(49)) - s0@group-DBBE7E7C6C61->s1: matchIndex: updateToMax old=2, new=-1, updated? false
2022-08-02 21:05:52,939 [grpc-default-executor-0] DEBUG leader.FollowerInfo (FollowerInfoImpl.java:lambda$new$1(49)) - s0@group-DBBE7E7C6C61->s1: commitIndex: updateToMax old=1, new=1, updated? false
2022-08-02 21:05:52,939 [grpc-default-executor-0] DEBUG leader.FollowerInfo (FollowerInfoImpl.java:lambda$new$1(49)) - s0@group-DBBE7E7C6C61->s1: matchIndex: updateToMax old=2, new=-1, updated? false
2022-08-02 21:05:52,941 [grpc-default-executor-0] DEBUG leader.FollowerInfo (FollowerInfoImpl.java:lambda$new$1(49)) - s0@group-DBBE7E7C6C61->s1: commitIndex: updateToMax old=1, new=1, updated? false
2022-08-02 21:05:52,942 [grpc-default-executor-0] DEBUG leader.FollowerInfo (FollowerInfoImpl.java:lambda$new$1(49)) - s0@group-DBBE7E7C6C61->s1: matchIndex: updateToMax old=2, new=-1, updated? false
2022-08-02 21:05:52,943 [grpc-default-executor-0] DEBUG leader.FollowerInfo (FollowerInfoImpl.java:lambda$new$1(49)) - s0@group-DBBE7E7C6C61->s1: commitIndex: updateToMax old=1, new=1, updated? false
2022-08-02 21:05:52,943 [grpc-default-executor-0] DEBUG leader.FollowerInfo (FollowerInfoImpl.java:lambda$new$1(49)) - s0@group-DBBE7E7C6C61->s1: matchIndex: updateToMax old=2, new=-1, updated? false
2022-08-02 21:05:52,944 [grpc-default-executor-0] DEBUG leader.FollowerInfo (FollowerInfoImpl.java:lambda$new$1(49)) - s0@group-DBBE7E7C6C61->s1: commitIndex: updateToMax old=1, new=1, updated? false
2022-08-02 21:05:52,944 [grpc-default-executor-0] DEBUG leader.FollowerInfo (FollowerInfoImpl.java:lambda$new$1(49)) - s0@group-DBBE7E7C6C61->s1: matchIndex: updateToMax old=2, new=-1, updated? false
2022-08-02 21:05:52,948 [grpc-default-executor-0] DEBUG leader.FollowerInfo (FollowerInfoImpl.java:lambda$new$1(49)) - s0@group-DBBE7E7C6C61->s2: commitIndex: updateToMax old=1, new=1, updated? false
2022-08-02 21:05:52,948 [grpc-default-executor-0] DEBUG leader.FollowerInfo (FollowerInfoImpl.java:lambda$new$1(49)) - s0@group-DBBE7E7C6C61->s2: matchIndex: updateToMax old=2, new=-1, updated? false
2022-08-02 21:05:52,951 [grpc-default-executor-3] DEBUG leader.FollowerInfo (FollowerInfoImpl.java:lambda$new$1(49)) - s0@group-DBBE7E7C6C61->s2: commitIndex: updateToMax old=1, new=1, updated? false
2022-08-02 21:05:52,951 [grpc-default-executor-3] DEBUG leader.FollowerInfo (FollowerInfoImpl.java:lambda$new$1(49)) - s0@group-DBBE7E7C6C61->s2: matchIndex: updateToMax old=2, new=-1, updated? false
2022-08-02 21:05:52,951 [grpc-default-executor-3] DEBUG leader.FollowerInfo (FollowerInfoImpl.java:lambda$new$1(49)) - s0@group-DBBE7E7C6C61->s1: commitIndex: updateToMax old=1, new=1, updated? false
2022-08-02 21:05:52,952 [grpc-default-executor-3] DEBUG leader.FollowerInfo (FollowerInfoImpl.java:lambda$new$1(49)) - s0@group-DBBE7E7C6C61->s1: matchIndex: updateToMax old=2, new=-1, updated? false
2022-08-02 21:05:52,953 [grpc-default-executor-3] DEBUG leader.FollowerInfo (FollowerInfoImpl.java:lambda$new$1(49)) - s0@group-DBBE7E7C6C61->s1: commitIndex: updateToMax old=1, new=1, updated? false
2022-08-02 21:05:52,953 [grpc-default-executor-3] DEBUG leader.FollowerInfo (FollowerInfoImpl.java:lambda$new$1(49)) - s0@group-DBBE7E7C6C61->s1: matchIndex: updateToMax old=2, new=-1, updated? false
2022-08-02 21:05:52,955 [grpc-default-executor-0] DEBUG leader.FollowerInfo (FollowerInfoImpl.java:lambda$new$1(49)) - s0@group-DBBE7E7C6C61->s1: commitIndex: updateToMax old=1, new=1, updated? false
2022-08-02 21:05:52,955 [grpc-default-executor-0] DEBUG leader.FollowerInfo (FollowerInfoImpl.java:lambda$new$1(49)) - s0@group-DBBE7E7C6C61->s1: matchIndex: updateToMax old=2, new=-1, updated? false
2022-08-02 21:05:52,958 [grpc-default-executor-0] DEBUG leader.FollowerInfo (FollowerInfoImpl.java:lambda$new$1(49)) - s0@group-DBBE7E7C6C61->s2: commitIndex: updateToMax old=1, new=1, updated? false
2022-08-02 21:05:52,958 [grpc-default-executor-0] DEBUG leader.FollowerInfo (FollowerInfoImpl.java:lambda$new$1(49)) - s0@group-DBBE7E7C6C61->s2: matchIndex: updateToMax old=2, new=-1, updated? false
2022-08-02 21:05:52,960 [grpc-default-executor-0] DEBUG leader.FollowerInfo (FollowerInfoImpl.java:lambda$new$1(49)) - s0@group-DBBE7E7C6C61->s1: commitIndex: updateToMax old=1, new=1, updated? false
2022-08-02 21:05:52,960 [grpc-default-executor-0] DEBUG leader.FollowerInfo (FollowerInfoImpl.java:lambda$new$1(49)) - s0@group-DBBE7E7C6C61->s1: matchIndex: updateToMax old=2, new=-1, updated? false
2022-08-02 21:05:52,961 [grpc-default-executor-0] DEBUG leader.FollowerInfo (FollowerInfoImpl.java:lambda$new$1(49)) - s0@group-DBBE7E7C6C61->s1: commitIndex: updateToMax old=1, new=1, updated? false
2022-08-02 21:05:52,961 [grpc-default-executor-0] DEBUG leader.FollowerInfo (FollowerInfoImpl.java:lambda$new$1(49)) - s0@group-DBBE7E7C6C61->s1: matchIndex: updateToMax old=2, new=-1, updated? false
2022-08-02 21:05:52,962 [grpc-default-executor-0] DEBUG leader.FollowerInfo (FollowerInfoImpl.java:lambda$new$1(49)) - s0@group-DBBE7E7C6C61->s1: commitIndex: updateToMax old=1, new=1, updated? false
2022-08-02 21:05:52,963 [grpc-default-executor-0] DEBUG leader.FollowerInfo (FollowerInfoImpl.java:lambda$new$1(49)) - s0@group-DBBE7E7C6C61->s1: matchIndex: updateToMax old=2, new=-1, updated? false
2022-08-02 21:05:52,964 [grpc-default-executor-0] DEBUG leader.FollowerInfo (FollowerInfoImpl.java:lambda$new$1(49)) - s0@group-DBBE7E7C6C61->s1: commitIndex: updateToMax old=1, new=1, updated? false
2022-08-02 21:05:52,964 [grpc-default-executor-0] DEBUG leader.FollowerInfo (FollowerInfoImpl.java:lambda$new$1(49)) - s0@group-DBBE7E7C6C61->s1: matchIndex: updateToMax old=2, new=-1, updated? false
2022-08-02 21:05:52,965 [grpc-default-executor-0] DEBUG leader.FollowerInfo (FollowerInfoImpl.java:lambda$new$1(49)) - s0@group-DBBE7E7C6C61->s2: commitIndex: updateToMax old=1, new=1, updated? false
2022-08-02 21:05:52,965 [grpc-default-executor-0] DEBUG leader.FollowerInfo (FollowerInfoImpl.java:lambda$new$1(49)) - s0@group-DBBE7E7C6C61->s2: matchIndex: updateToMax old=2, new=-1, updated? false
2022-08-02 21:05:52,966 [grpc-default-executor-0] DEBUG leader.FollowerInfo (FollowerInfoImpl.java:lambda$new$1(49)) - s0@group-DBBE7E7C6C61->s2: commitIndex: updateToMax old=1, new=1, updated? false
2022-08-02 21:05:52,966 [grpc-default-executor-0] DEBUG leader.FollowerInfo (FollowerInfoImpl.java:lambda$new$1(49)) - s0@group-DBBE7E7C6C61->s2: matchIndex: updateToMax old=2, new=-1, updated? false
2022-08-02 21:05:52,968 [grpc-default-executor-0] DEBUG leader.FollowerInfo (FollowerInfoImpl.java:lambda$new$1(49)) - s0@group-DBBE7E7C6C61->s2: commitIndex: updateToMax old=1, new=1, updated? false
2022-08-02 21:05:52,968 [grpc-default-executor-0] DEBUG leader.FollowerInfo (FollowerInfoImpl.java:lambda$new$1(49)) - s0@group-DBBE7E7C6C61->s2: matchIndex: updateToMax old=2, new=-1, updated? false
2022-08-02 21:05:52,969 [grpc-default-executor-0] DEBUG leader.FollowerInfo (FollowerInfoImpl.java:lambda$new$1(49)) - s0@group-DBBE7E7C6C61->s2: commitIndex: updateToMax old=1, new=1, updated? false
2022-08-02 21:05:52,969 [grpc-default-executor-0] DEBUG leader.FollowerInfo (FollowerInfoImpl.java:lambda$new$1(49)) - s0@group-DBBE7E7C6C61->s2: matchIndex: updateToMax old=2, new=-1, updated? false
2022-08-02 21:05:52,971 [grpc-default-executor-0] DEBUG leader.FollowerInfo (FollowerInfoImpl.java:lambda$new$1(49)) - s0@group-DBBE7E7C6C61->s2: commitIndex: updateToMax old=1, new=1, updated? false
2022-08-02 21:05:52,971 [grpc-default-executor-0] DEBUG leader.FollowerInfo (FollowerInfoImpl.java:lambda$new$1(49)) - s0@group-DBBE7E7C6C61->s2: matchIndex: updateToMax old=2, new=-1, updated? false
2022-08-02 21:05:52,972 [grpc-default-executor-0] DEBUG leader.FollowerInfo (FollowerInfoImpl.java:lambda$new$1(49)) - s0@group-DBBE7E7C6C61->s2: commitIndex: updateToMax old=1, new=1, updated? false
2022-08-02 21:05:52,972 [grpc-default-executor-0] DEBUG leader.FollowerInfo (FollowerInfoImpl.java:lambda$new$1(49)) - s0@group-DBBE7E7C6C61->s2: matchIndex: updateToMax old=2, new=-1, updated? false
2022-08-02 21:05:52,973 [grpc-default-executor-0] DEBUG leader.FollowerInfo (FollowerInfoImpl.java:lambda$new$1(49)) - s0@group-DBBE7E7C6C61->s2: commitIndex: updateToMax old=1, new=1, updated? false
2022-08-02 21:05:52,973 [grpc-default-executor-0] DEBUG leader.FollowerInfo (FollowerInfoImpl.java:lambda$new$1(49)) - s0@group-DBBE7E7C6C61->s2: matchIndex: updateToMax old=2, new=-1, updated? false
2022-08-02 21:05:52,978 [grpc-default-executor-0] DEBUG leader.FollowerInfo (FollowerInfoImpl.java:lambda$new$1(49)) - s0@group-DBBE7E7C6C61->s1: commitIndex: updateToMax old=1, new=1, updated? false
2022-08-02 21:05:52,978 [grpc-default-executor-0] DEBUG leader.FollowerInfo (FollowerInfoImpl.java:lambda$new$1(49)) - s0@group-DBBE7E7C6C61->s1: matchIndex: updateToMax old=2, new=-1, updated? false
2022-08-02 21:05:52,979 [grpc-default-executor-0] DEBUG leader.FollowerInfo (FollowerInfoImpl.java:lambda$new$1(49)) - s0@group-DBBE7E7C6C61->s1: commitIndex: updateToMax old=1, new=1, updated? false
2022-08-02 21:05:52,979 [grpc-default-executor-0] DEBUG leader.FollowerInfo (FollowerInfoImpl.java:lambda$new$1(49)) - s0@group-DBBE7E7C6C61->s1: matchIndex: updateToMax old=2, new=-1, updated? false
2022-08-02 21:05:52,981 [grpc-default-executor-0] DEBUG leader.FollowerInfo (FollowerInfoImpl.java:lambda$new$1(49)) - s0@group-DBBE7E7C6C61->s1: commitIndex: updateToMax old=1, new=1, updated? false
2022-08-02 21:05:52,981 [grpc-default-executor-0] DEBUG leader.FollowerInfo (FollowerInfoImpl.java:lambda$new$1(49)) - s0@group-DBBE7E7C6C61->s1: matchIndex: updateToMax old=2, new=-1, updated? false
2022-08-02 21:05:52,982 [grpc-default-executor-0] DEBUG leader.FollowerInfo (FollowerInfoImpl.java:lambda$new$1(49)) - s0@group-DBBE7E7C6C61->s1: commitIndex: updateToMax old=1, new=1, updated? false
2022-08-02 21:05:52,982 [grpc-default-executor-0] DEBUG leader.FollowerInfo (FollowerInfoImpl.java:lambda$new$1(49)) - s0@group-DBBE7E7C6C61->s1: matchIndex: updateToMax old=2, new=-1, updated? false
2022-08-02 21:05:52,983 [grpc-default-executor-0] DEBUG leader.FollowerInfo (FollowerInfoImpl.java:lambda$new$1(49)) - s0@group-DBBE7E7C6C61->s2: commitIndex: updateToMax old=1, new=1, updated? false
2022-08-02 21:05:52,983 [grpc-default-executor-0] DEBUG leader.FollowerInfo (FollowerInfoImpl.java:lambda$new$1(49)) - s0@group-DBBE7E7C6C61->s2: matchIndex: updateToMax old=2, new=-1, updated? false
2022-08-02 21:05:52,985 [grpc-default-executor-0] DEBUG leader.FollowerInfo (FollowerInfoImpl.java:lambda$new$1(49)) - s0@group-DBBE7E7C6C61->s2: commitIndex: updateToMax old=1, new=1, updated? false
2022-08-02 21:05:52,985 [grpc-default-executor-0] DEBUG leader.FollowerInfo (FollowerInfoImpl.java:lambda$new$1(49)) - s0@group-DBBE7E7C6C61->s2: matchIndex: updateToMax old=2, new=-1, updated? false
2022-08-02 21:05:52,986 [grpc-default-executor-0] DEBUG leader.FollowerInfo (FollowerInfoImpl.java:lambda$new$1(49)) - s0@group-DBBE7E7C6C61->s2: commitIndex: updateToMax old=1, new=1, updated? false
2022-08-02 21:05:52,986 [grpc-default-executor-0] DEBUG leader.FollowerInfo (FollowerInfoImpl.java:lambda$new$1(49)) - s0@group-DBBE7E7C6C61->s2: matchIndex: updateToMax old=2, new=-1, updated? false
2022-08-02 21:05:52,987 [grpc-default-executor-0] DEBUG leader.FollowerInfo (FollowerInfoImpl.java:lambda$new$1(49)) - s0@group-DBBE7E7C6C61->s2: commitIndex: updateToMax old=1, new=1, updated? false
2022-08-02 21:05:52,987 [grpc-default-executor-0] DEBUG leader.FollowerInfo (FollowerInfoImpl.java:lambda$new$1(49)) - s0@group-DBBE7E7C6C61->s2: matchIndex: updateToMax old=2, new=-1, updated? false
2022-08-02 21:05:52,989 [grpc-default-executor-0] DEBUG leader.FollowerInfo (FollowerInfoImpl.java:lambda$new$1(49)) - s0@group-DBBE7E7C6C61->s1: commitIndex: updateToMax old=1, new=1, updated? false
2022-08-02 21:05:52,990 [grpc-default-executor-0] DEBUG leader.FollowerInfo (FollowerInfoImpl.java:lambda$new$1(49)) - s0@group-DBBE7E7C6C61->s1: matchIndex: updateToMax old=2, new=-1, updated? false
2022-08-02 21:05:52,991 [grpc-default-executor-0] DEBUG leader.FollowerInfo (FollowerInfoImpl.java:lambda$new$1(49)) - s0@group-DBBE7E7C6C61->s2: commitIndex: updateToMax old=1, new=1, updated? false
2022-08-02 21:05:52,991 [grpc-default-executor-0] DEBUG leader.FollowerInfo (FollowerInfoImpl.java:lambda$new$1(49)) - s0@group-DBBE7E7C6C61->s2: matchIndex: updateToMax old=2, new=-1, updated? false
2022-08-02 21:05:52,995 [grpc-default-executor-2] DEBUG leader.FollowerInfo (FollowerInfoImpl.java:lambda$new$1(49)) - s0@group-DBBE7E7C6C61->s1: commitIndex: updateToMax old=1, new=1, updated? false
2022-08-02 21:05:52,995 [grpc-default-executor-2] DEBUG leader.FollowerInfo (FollowerInfoImpl.java:lambda$new$1(49)) - s0@group-DBBE7E7C6C61->s1: matchIndex: updateToMax old=2, new=-1, updated? false
2022-08-02 21:05:52,997 [grpc-default-executor-2] DEBUG leader.FollowerInfo (FollowerInfoImpl.java:lambda$new$1(49)) - s0@group-DBBE7E7C6C61->s2: commitIndex: updateToMax old=1, new=1, updated? false
2022-08-02 21:05:52,997 [grpc-default-executor-2] DEBUG leader.FollowerInfo (FollowerInfoImpl.java:lambda$new$1(49)) - s0@group-DBBE7E7C6C61->s2: matchIndex: updateToMax old=2, new=-1, updated? false
2022-08-02 21:05:52,998 [grpc-default-executor-0] DEBUG leader.FollowerInfo (FollowerInfoImpl.java:lambda$new$1(49)) - s0@group-DBBE7E7C6C61->s1: commitIndex: updateToMax old=1, new=1, updated? false
2022-08-02 21:05:52,998 [grpc-default-executor-0] DEBUG leader.FollowerInfo (FollowerInfoImpl.java:lambda$new$1(49)) - s0@group-DBBE7E7C6C61->s1: matchIndex: updateToMax old=2, new=-1, updated? false
2022-08-02 21:05:52,999 [grpc-default-executor-0] DEBUG leader.FollowerInfo (FollowerInfoImpl.java:lambda$new$1(49)) - s0@group-DBBE7E7C6C61->s2: commitIndex: updateToMax old=1, new=1, updated? false
2022-08-02 21:05:52,999 [grpc-default-executor-0] DEBUG leader.FollowerInfo (FollowerInfoImpl.java:lambda$new$1(49)) - s0@group-DBBE7E7C6C61->s2: matchIndex: updateToMax old=2, new=-1, updated? false
2022-08-02 21:05:53,000 [grpc-default-executor-2] DEBUG leader.FollowerInfo (FollowerInfoImpl.java:lambda$new$1(49)) - s0@group-DBBE7E7C6C61->s1: commitIndex: updateToMax old=1, new=1, updated? false
2022-08-02 21:05:53,000 [grpc-default-executor-2] DEBUG leader.FollowerInfo (FollowerInfoImpl.java:lambda$new$1(49)) - s0@group-DBBE7E7C6C61->s1: matchIndex: updateToMax old=2, new=-1, updated? false
2022-08-02 21:05:53,001 [grpc-default-executor-2] DEBUG leader.FollowerInfo (FollowerInfoImpl.java:lambda$new$1(49)) - s0@group-DBBE7E7C6C61->s2: commitIndex: updateToMax old=1, new=1, updated? false
2022-08-02 21:05:53,001 [grpc-default-executor-2] DEBUG leader.FollowerInfo (FollowerInfoImpl.java:lambda$new$1(49)) - s0@group-DBBE7E7C6C61->s2: matchIndex: updateToMax old=2, new=-1, updated? false
2022-08-02 21:05:53,002 [grpc-default-executor-2] DEBUG leader.FollowerInfo (FollowerInfoImpl.java:lambda$new$1(49)) - s0@group-DBBE7E7C6C61->s1: commitIndex: updateToMax old=1, new=1, updated? false
2022-08-02 21:05:53,003 [grpc-default-executor-2] DEBUG leader.FollowerInfo (FollowerInfoImpl.java:lambda$new$1(49)) - s0@group-DBBE7E7C6C61->s1: matchIndex: updateToMax old=2, new=-1, updated? false
2022-08-02 21:05:53,004 [grpc-default-executor-2] DEBUG leader.FollowerInfo (FollowerInfoImpl.java:lambda$new$1(49)) - s0@group-DBBE7E7C6C61->s2: commitIndex: updateToMax old=1, new=1, updated? false
2022-08-02 21:05:53,004 [grpc-default-executor-2] DEBUG leader.FollowerInfo (FollowerInfoImpl.java:lambda$new$1(49)) - s0@group-DBBE7E7C6C61->s2: matchIndex: updateToMax old=2, new=-1, updated? false
2022-08-02 21:05:53,006 [grpc-default-executor-2] DEBUG leader.FollowerInfo (FollowerInfoImpl.java:lambda$new$1(49)) - s0@group-DBBE7E7C6C61->s1: commitIndex: updateToMax old=1, new=1, updated? false
2022-08-02 21:05:53,006 [grpc-default-executor-2] DEBUG leader.FollowerInfo (FollowerInfoImpl.java:lambda$new$1(49)) - s0@group-DBBE7E7C6C61->s1: matchIndex: updateToMax old=2, new=-1, updated? false
2022-08-02 21:05:53,008 [grpc-default-executor-2] DEBUG leader.FollowerInfo (FollowerInfoImpl.java:lambda$new$1(49)) - s0@group-DBBE7E7C6C61->s2: commitIndex: updateToMax old=1, new=1, updated? false
2022-08-02 21:05:53,008 [grpc-default-executor-2] DEBUG leader.FollowerInfo (FollowerInfoImpl.java:lambda$new$1(49)) - s0@group-DBBE7E7C6C61->s2: matchIndex: updateToMax old=2, new=-1, updated? false
2022-08-02 21:05:53,009 [grpc-default-executor-2] DEBUG leader.FollowerInfo (FollowerInfoImpl.java:lambda$new$1(49)) - s0@group-DBBE7E7C6C61->s1: commitIndex: updateToMax old=1, new=1, updated? false
2022-08-02 21:05:53,009 [grpc-default-executor-2] DEBUG leader.FollowerInfo (FollowerInfoImpl.java:lambda$new$1(49)) - s0@group-DBBE7E7C6C61->s1: matchIndex: updateToMax old=2, new=-1, updated? false
2022-08-02 21:05:53,011 [grpc-default-executor-2] DEBUG leader.FollowerInfo (FollowerInfoImpl.java:lambda$new$1(49)) - s0@group-DBBE7E7C6C61->s2: commitIndex: updateToMax old=1, new=1, updated? false
2022-08-02 21:05:53,011 [grpc-default-executor-2] DEBUG leader.FollowerInfo (FollowerInfoImpl.java:lambda$new$1(49)) - s0@group-DBBE7E7C6C61->s2: matchIndex: updateToMax old=2, new=-1, updated? false
2022-08-02 21:05:53,014 [grpc-default-executor-2] DEBUG leader.FollowerInfo (FollowerInfoImpl.java:lambda$new$1(49)) - s0@group-DBBE7E7C6C61->s1: commitIndex: updateToMax old=1, new=1, updated? false
2022-08-02 21:05:53,014 [grpc-default-executor-2] DEBUG leader.FollowerInfo (FollowerInfoImpl.java:lambda$new$1(49)) - s0@group-DBBE7E7C6C61->s1: matchIndex: updateToMax old=2, new=-1, updated? false
2022-08-02 21:05:53,016 [grpc-default-executor-3] DEBUG leader.FollowerInfo (FollowerInfoImpl.java:lambda$new$1(49)) - s0@group-DBBE7E7C6C61->s2: commitIndex: updateToMax old=1, new=1, updated? false
2022-08-02 21:05:53,016 [grpc-default-executor-3] DEBUG leader.FollowerInfo (FollowerInfoImpl.java:lambda$new$1(49)) - s0@group-DBBE7E7C6C61->s2: matchIndex: updateToMax old=2, new=-1, updated? false
2022-08-02 21:05:53,017 [grpc-default-executor-3] DEBUG leader.FollowerInfo (FollowerInfoImpl.java:lambda$new$1(49)) - s0@group-DBBE7E7C6C61->s1: commitIndex: updateToMax old=1, new=1, updated? false
2022-08-02 21:05:53,017 [grpc-default-executor-3] DEBUG leader.FollowerInfo (FollowerInfoImpl.java:lambda$new$1(49)) - s0@group-DBBE7E7C6C61->s1: matchIndex: updateToMax old=2, new=-1, updated? false
2022-08-02 21:05:53,018 [grpc-default-executor-3] DEBUG leader.FollowerInfo (FollowerInfoImpl.java:lambda$new$1(49)) - s0@group-DBBE7E7C6C61->s2: commitIndex: updateToMax old=1, new=1, updated? false
2022-08-02 21:05:53,018 [grpc-default-executor-3] DEBUG leader.FollowerInfo (FollowerInfoImpl.java:lambda$new$1(49)) - s0@group-DBBE7E7C6C61->s2: matchIndex: updateToMax old=2, new=-1, updated? false
2022-08-02 21:05:53,019 [grpc-default-executor-3] DEBUG leader.FollowerInfo (FollowerInfoImpl.java:lambda$new$1(49)) - s0@group-DBBE7E7C6C61->s2: commitIndex: updateToMax old=1, new=1, updated? false
2022-08-02 21:05:53,019 [grpc-default-executor-3] DEBUG leader.FollowerInfo (FollowerInfoImpl.java:lambda$new$1(49)) - s0@group-DBBE7E7C6C61->s2: matchIndex: updateToMax old=2, new=-1, updated? false
2022-08-02 21:05:53,021 [grpc-default-executor-3] DEBUG leader.FollowerInfo (FollowerInfoImpl.java:lambda$new$1(49)) - s0@group-DBBE7E7C6C61->s2: commitIndex: updateToMax old=1, new=1, updated? false
2022-08-02 21:05:53,021 [grpc-default-executor-3] DEBUG leader.FollowerInfo (FollowerInfoImpl.java:lambda$new$1(49)) - s0@group-DBBE7E7C6C61->s2: matchIndex: updateToMax old=2, new=-1, updated? false
2022-08-02 21:05:53,023 [grpc-default-executor-3] DEBUG leader.FollowerInfo (FollowerInfoImpl.java:lambda$new$1(49)) - s0@group-DBBE7E7C6C61->s1: commitIndex: updateToMax old=1, new=1, updated? false
2022-08-02 21:05:53,023 [grpc-default-executor-3] DEBUG leader.FollowerInfo (FollowerInfoImpl.java:lambda$new$1(49)) - s0@group-DBBE7E7C6C61->s1: matchIndex: updateToMax old=2, new=-1, updated? false
2022-08-02 21:05:53,025 [grpc-default-executor-3] DEBUG leader.FollowerInfo (FollowerInfoImpl.java:lambda$new$1(49)) - s0@group-DBBE7E7C6C61->s1: commitIndex: updateToMax old=1, new=1, updated? false
2022-08-02 21:05:53,025 [grpc-default-executor-3] DEBUG leader.FollowerInfo (FollowerInfoImpl.java:lambda$new$1(49)) - s0@group-DBBE7E7C6C61->s1: matchIndex: updateToMax old=2, new=-1, updated? false
2022-08-02 21:05:53,030 [grpc-default-executor-3] DEBUG leader.FollowerInfo (FollowerInfoImpl.java:lambda$new$1(49)) - s0@group-DBBE7E7C6C61->s1: commitIndex: updateToMax old=1, new=1, updated? false
2022-08-02 21:05:53,030 [grpc-default-executor-3] DEBUG leader.FollowerInfo (FollowerInfoImpl.java:lambda$new$1(49)) - s0@group-DBBE7E7C6C61->s1: matchIndex: updateToMax old=2, new=-1, updated? false
2022-08-02 21:05:53,031 [grpc-default-executor-3] DEBUG leader.FollowerInfo (FollowerInfoImpl.java:lambda$new$1(49)) - s0@group-DBBE7E7C6C61->s1: commitIndex: updateToMax old=1, new=1, updated? false
2022-08-02 21:05:53,032 [grpc-default-executor-3] DEBUG leader.FollowerInfo (FollowerInfoImpl.java:lambda$new$1(49)) - s0@group-DBBE7E7C6C61->s1: matchIndex: updateToMax old=2, new=-1, updated? false
2022-08-02 21:05:53,032 [grpc-default-executor-3] DEBUG leader.FollowerInfo (FollowerInfoImpl.java:lambda$new$1(49)) - s0@group-DBBE7E7C6C61->s2: commitIndex: updateToMax old=1, new=1, updated? false
2022-08-02 21:05:53,032 [grpc-default-executor-3] DEBUG leader.FollowerInfo (FollowerInfoImpl.java:lambda$new$1(49)) - s0@group-DBBE7E7C6C61->s2: matchIndex: updateToMax old=2, new=-1, updated? false
2022-08-02 21:05:53,035 [grpc-default-executor-2] DEBUG leader.FollowerInfo (FollowerInfoImpl.java:lambda$new$1(49)) - s0@group-DBBE7E7C6C61->s2: commitIndex: updateToMax old=1, new=1, updated? false
2022-08-02 21:05:53,035 [grpc-default-executor-2] DEBUG leader.FollowerInfo (FollowerInfoImpl.java:lambda$new$1(49)) - s0@group-DBBE7E7C6C61->s2: matchIndex: updateToMax old=2, new=-1, updated? false
2022-08-02 21:05:53,037 [grpc-default-executor-0] DEBUG leader.FollowerInfo (FollowerInfoImpl.java:lambda$new$1(49)) - s0@group-DBBE7E7C6C61->s1: commitIndex: updateToMax old=1, new=1, updated? false
2022-08-02 21:05:53,037 [grpc-default-executor-0] DEBUG leader.FollowerInfo (FollowerInfoImpl.java:lambda$new$1(49)) - s0@group-DBBE7E7C6C61->s1: matchIndex: updateToMax old=2, new=-1, updated? false
2022-08-02 21:05:53,037 [grpc-default-executor-0] DEBUG leader.FollowerInfo (FollowerInfoImpl.java:lambda$new$1(49)) - s0@group-DBBE7E7C6C61->s2: commitIndex: updateToMax old=1, new=1, updated? false
2022-08-02 21:05:53,038 [grpc-default-executor-0] DEBUG leader.FollowerInfo (FollowerInfoImpl.java:lambda$new$1(49)) - s0@group-DBBE7E7C6C61->s2: matchIndex: updateToMax old=2, new=-1, updated? false
2022-08-02 21:05:53,039 [grpc-default-executor-0] DEBUG leader.FollowerInfo (FollowerInfoImpl.java:lambda$new$1(49)) - s0@group-DBBE7E7C6C61->s2: commitIndex: updateToMax old=1, new=1, updated? false
2022-08-02 21:05:53,039 [grpc-default-executor-0] DEBUG leader.FollowerInfo (FollowerInfoImpl.java:lambda$new$1(49)) - s0@group-DBBE7E7C6C61->s2: matchIndex: updateToMax old=2, new=-1, updated? false
2022-08-02 21:05:53,040 [grpc-default-executor-0] DEBUG leader.FollowerInfo (FollowerInfoImpl.java:lambda$new$1(49)) - s0@group-DBBE7E7C6C61->s2: commitIndex: updateToMax old=1, new=1, updated? false
2022-08-02 21:05:53,040 [grpc-default-executor-0] DEBUG leader.FollowerInfo (FollowerInfoImpl.java:lambda$new$1(49)) - s0@group-DBBE7E7C6C61->s2: matchIndex: updateToMax old=2, new=-1, updated? false
2022-08-02 21:05:53,041 [grpc-default-executor-0] DEBUG leader.FollowerInfo (FollowerInfoImpl.java:lambda$new$1(49)) - s0@group-DBBE7E7C6C61->s2: commitIndex: updateToMax old=1, new=1, updated? false
2022-08-02 21:05:53,041 [grpc-default-executor-0] DEBUG leader.FollowerInfo (FollowerInfoImpl.java:lambda$new$1(49)) - s0@group-DBBE7E7C6C61->s2: matchIndex: updateToMax old=2, new=-1, updated? false
2022-08-02 21:05:53,042 [grpc-default-executor-0] DEBUG leader.FollowerInfo (FollowerInfoImpl.java:lambda$new$1(49)) - s0@group-DBBE7E7C6C61->s1: commitIndex: updateToMax old=1, new=1, updated? false
2022-08-02 21:05:53,042 [grpc-default-executor-0] DEBUG leader.FollowerInfo (FollowerInfoImpl.java:lambda$new$1(49)) - s0@group-DBBE7E7C6C61->s1: matchIndex: updateToMax old=2, new=-1, updated? false
2022-08-02 21:05:53,043 [grpc-default-executor-0] DEBUG leader.FollowerInfo (FollowerInfoImpl.java:lambda$new$1(49)) - s0@group-DBBE7E7C6C61->s1: commitIndex: updateToMax old=1, new=1, updated? false
2022-08-02 21:05:53,043 [grpc-default-executor-0] DEBUG leader.FollowerInfo (FollowerInfoImpl.java:lambda$new$1(49)) - s0@group-DBBE7E7C6C61->s1: matchIndex: updateToMax old=2, new=-1, updated? false
2022-08-02 21:05:53,044 [grpc-default-executor-0] DEBUG leader.FollowerInfo (FollowerInfoImpl.java:lambda$new$1(49)) - s0@group-DBBE7E7C6C61->s1: commitIndex: updateToMax old=1, new=1, updated? false
2022-08-02 21:05:53,045 [grpc-default-executor-0] DEBUG leader.FollowerInfo (FollowerInfoImpl.java:lambda$new$1(49)) - s0@group-DBBE7E7C6C61->s1: matchIndex: updateToMax old=2, new=-1, updated? false
2022-08-02 21:05:53,046 [grpc-default-executor-0] DEBUG leader.FollowerInfo (FollowerInfoImpl.java:lambda$new$1(49)) - s0@group-DBBE7E7C6C61->s1: commitIndex: updateToMax old=1, new=1, updated? false
2022-08-02 21:05:53,046 [grpc-default-executor-0] DEBUG leader.FollowerInfo (FollowerInfoImpl.java:lambda$new$1(49)) - s0@group-DBBE7E7C6C61->s1: matchIndex: updateToMax old=2, new=-1, updated? false
2022-08-02 21:05:53,047 [grpc-default-executor-0] DEBUG leader.FollowerInfo (FollowerInfoImpl.java:lambda$new$1(49)) - s0@group-DBBE7E7C6C61->s2: commitIndex: updateToMax old=1, new=1, updated? false
2022-08-02 21:05:53,047 [grpc-default-executor-0] DEBUG leader.FollowerInfo (FollowerInfoImpl.java:lambda$new$1(49)) - s0@group-DBBE7E7C6C61->s2: matchIndex: updateToMax old=2, new=-1, updated? false
2022-08-02 21:05:53,048 [grpc-default-executor-0] DEBUG leader.FollowerInfo (FollowerInfoImpl.java:lambda$new$1(49)) - s0@group-DBBE7E7C6C61->s1: commitIndex: updateToMax old=1, new=1, updated? false
2022-08-02 21:05:53,048 [grpc-default-executor-0] DEBUG leader.FollowerInfo (FollowerInfoImpl.java:lambda$new$1(49)) - s0@group-DBBE7E7C6C61->s1: matchIndex: updateToMax old=2, new=-1, updated? false
2022-08-02 21:05:53,049 [grpc-default-executor-0] DEBUG leader.FollowerInfo (FollowerInfoImpl.java:lambda$new$1(49)) - s0@group-DBBE7E7C6C61->s2: commitIndex: updateToMax old=1, new=1, updated? false
2022-08-02 21:05:53,049 [grpc-default-executor-0] DEBUG leader.FollowerInfo (FollowerInfoImpl.java:lambda$new$1(49)) - s0@group-DBBE7E7C6C61->s2: matchIndex: updateToMax old=2, new=-1, updated? false
2022-08-02 21:05:53,050 [grpc-default-executor-0] DEBUG leader.FollowerInfo (FollowerInfoImpl.java:lambda$new$1(49)) - s0@group-DBBE7E7C6C61->s2: commitIndex: updateToMax old=1, new=1, updated? false
2022-08-02 21:05:53,050 [grpc-default-executor-0] DEBUG leader.FollowerInfo (FollowerInfoImpl.java:lambda$new$1(49)) - s0@group-DBBE7E7C6C61->s2: matchIndex: updateToMax old=2, new=-1, updated? false
2022-08-02 21:05:53,052 [grpc-default-executor-0] DEBUG leader.FollowerInfo (FollowerInfoImpl.java:lambda$new$1(49)) - s0@group-DBBE7E7C6C61->s2: commitIndex: updateToMax old=1, new=1, updated? false
2022-08-02 21:05:53,052 [grpc-default-executor-0] DEBUG leader.FollowerInfo (FollowerInfoImpl.java:lambda$new$1(49)) - s0@group-DBBE7E7C6C61->s2: matchIndex: updateToMax old=2, new=-1, updated? false
2022-08-02 21:05:53,055 [grpc-default-executor-0] DEBUG leader.FollowerInfo (FollowerInfoImpl.java:lambda$new$1(49)) - s0@group-DBBE7E7C6C61->s2: commitIndex: updateToMax old=1, new=1, updated? false
2022-08-02 21:05:53,055 [grpc-default-executor-0] DEBUG leader.FollowerInfo (FollowerInfoImpl.java:lambda$new$1(49)) - s0@group-DBBE7E7C6C61->s2: matchIndex: updateToMax old=2, new=-1, updated? false
2022-08-02 21:05:53,056 [grpc-default-executor-0] DEBUG leader.FollowerInfo (FollowerInfoImpl.java:lambda$new$1(49)) - s0@group-DBBE7E7C6C61->s2: commitIndex: updateToMax old=1, new=1, updated? false
2022-08-02 21:05:53,056 [grpc-default-executor-0] DEBUG leader.FollowerInfo (FollowerInfoImpl.java:lambda$new$1(49)) - s0@group-DBBE7E7C6C61->s2: matchIndex: updateToMax old=2, new=-1, updated? false
2022-08-02 21:05:53,057 [grpc-default-executor-0] DEBUG leader.FollowerInfo (FollowerInfoImpl.java:lambda$new$1(49)) - s0@group-DBBE7E7C6C61->s1: commitIndex: updateToMax old=1, new=1, updated? false
2022-08-02 21:05:53,057 [grpc-default-executor-0] DEBUG leader.FollowerInfo (FollowerInfoImpl.java:lambda$new$1(49)) - s0@group-DBBE7E7C6C61->s1: matchIndex: updateToMax old=2, new=-1, updated? false
2022-08-02 21:05:53,058 [grpc-default-executor-0] DEBUG leader.FollowerInfo (FollowerInfoImpl.java:lambda$new$1(49)) - s0@group-DBBE7E7C6C61->s1: commitIndex: updateToMax old=1, new=1, updated? false
2022-08-02 21:05:53,058 [grpc-default-executor-0] DEBUG leader.FollowerInfo (FollowerInfoImpl.java:lambda$new$1(49)) - s0@group-DBBE7E7C6C61->s1: matchIndex: updateToMax old=2, new=-1, updated? false
2022-08-02 21:05:53,060 [grpc-default-executor-0] DEBUG leader.FollowerInfo (FollowerInfoImpl.java:lambda$new$1(49)) - s0@group-DBBE7E7C6C61->s1: commitIndex: updateToMax old=1, new=1, updated? false
2022-08-02 21:05:53,060 [grpc-default-executor-0] DEBUG leader.FollowerInfo (FollowerInfoImpl.java:lambda$new$1(49)) - s0@group-DBBE7E7C6C61->s1: matchIndex: updateToMax old=2, new=-1, updated? false
2022-08-02 21:05:53,061 [grpc-default-executor-0] DEBUG leader.FollowerInfo (FollowerInfoImpl.java:lambda$new$1(49)) - s0@group-DBBE7E7C6C61->s1: commitIndex: updateToMax old=1, new=1, updated? false
2022-08-02 21:05:53,061 [grpc-default-executor-0] DEBUG leader.FollowerInfo (FollowerInfoImpl.java:lambda$new$1(49)) - s0@group-DBBE7E7C6C61->s1: matchIndex: updateToMax old=2, new=-1, updated? false
2022-08-02 21:05:53,065 [grpc-default-executor-0] DEBUG leader.FollowerInfo (FollowerInfoImpl.java:lambda$new$1(49)) - s0@group-DBBE7E7C6C61->s1: commitIndex: updateToMax old=1, new=1, updated? false
2022-08-02 21:05:53,065 [grpc-default-executor-0] DEBUG leader.FollowerInfo (FollowerInfoImpl.java:lambda$new$1(49)) - s0@group-DBBE7E7C6C61->s1: matchIndex: updateToMax old=2, new=-1, updated? false
2022-08-02 21:05:53,067 [grpc-default-executor-0] DEBUG leader.FollowerInfo (FollowerInfoImpl.java:lambda$new$1(49)) - s0@group-DBBE7E7C6C61->s2: commitIndex: updateToMax old=1, new=1, updated? false
2022-08-02 21:05:53,067 [grpc-default-executor-0] DEBUG leader.FollowerInfo (FollowerInfoImpl.java:lambda$new$1(49)) - s0@group-DBBE7E7C6C61->s2: matchIndex: updateToMax old=2, new=-1, updated? false
2022-08-02 21:05:53,068 [grpc-default-executor-0] DEBUG leader.FollowerInfo (FollowerInfoImpl.java:lambda$new$1(49)) - s0@group-DBBE7E7C6C61->s2: commitIndex: updateToMax old=1, new=1, updated? false
2022-08-02 21:05:53,068 [grpc-default-executor-0] DEBUG leader.FollowerInfo (FollowerInfoImpl.java:lambda$new$1(49)) - s0@group-DBBE7E7C6C61->s2: matchIndex: updateToMax old=2, new=-1, updated? false
2022-08-02 21:05:53,069 [grpc-default-executor-0] DEBUG leader.FollowerInfo (FollowerInfoImpl.java:lambda$new$1(49)) - s0@group-DBBE7E7C6C61->s2: commitIndex: updateToMax old=1, new=1, updated? false
2022-08-02 21:05:53,069 [grpc-default-executor-0] DEBUG leader.FollowerInfo (FollowerInfoImpl.java:lambda$new$1(49)) - s0@group-DBBE7E7C6C61->s2: matchIndex: updateToMax old=2, new=-1, updated? false
2022-08-02 21:05:53,070 [grpc-default-executor-3] DEBUG leader.FollowerInfo (FollowerInfoImpl.java:lambda$new$1(49)) - s0@group-DBBE7E7C6C61->s1: commitIndex: updateToMax old=1, new=1, updated? false
2022-08-02 21:05:53,070 [grpc-default-executor-3] DEBUG leader.FollowerInfo (FollowerInfoImpl.java:lambda$new$1(49)) - s0@group-DBBE7E7C6C61->s1: matchIndex: updateToMax old=2, new=-1, updated? false
2022-08-02 21:05:53,071 [grpc-default-executor-3] DEBUG leader.FollowerInfo (FollowerInfoImpl.java:lambda$new$1(49)) - s0@group-DBBE7E7C6C61->s2: commitIndex: updateToMax old=1, new=1, updated? false
2022-08-02 21:05:53,072 [grpc-default-executor-3] DEBUG leader.FollowerInfo (FollowerInfoImpl.java:lambda$new$1(49)) - s0@group-DBBE7E7C6C61->s2: matchIndex: updateToMax old=2, new=-1, updated? false
2022-08-02 21:05:53,073 [grpc-default-executor-3] DEBUG leader.FollowerInfo (FollowerInfoImpl.java:lambda$new$1(49)) - s0@group-DBBE7E7C6C61->s2: commitIndex: updateToMax old=1, new=1, updated? false
2022-08-02 21:05:53,073 [grpc-default-executor-3] DEBUG leader.FollowerInfo (FollowerInfoImpl.java:lambda$new$1(49)) - s0@group-DBBE7E7C6C61->s2: matchIndex: updateToMax old=2, new=-1, updated? false
2022-08-02 21:05:53,074 [grpc-default-executor-3] DEBUG leader.FollowerInfo (FollowerInfoImpl.java:lambda$new$1(49)) - s0@group-DBBE7E7C6C61->s2: commitIndex: updateToMax old=1, new=1, updated? false
2022-08-02 21:05:53,074 [grpc-default-executor-3] DEBUG leader.FollowerInfo (FollowerInfoImpl.java:lambda$new$1(49)) - s0@group-DBBE7E7C6C61->s2: matchIndex: updateToMax old=2, new=-1, updated? false
2022-08-02 21:05:53,076 [grpc-default-executor-3] DEBUG leader.FollowerInfo (FollowerInfoImpl.java:lambda$new$1(49)) - s0@group-DBBE7E7C6C61->s1: commitIndex: updateToMax old=1, new=1, updated? false
2022-08-02 21:05:53,076 [grpc-default-executor-3] DEBUG leader.FollowerInfo (FollowerInfoImpl.java:lambda$new$1(49)) - s0@group-DBBE7E7C6C61->s1: matchIndex: updateToMax old=2, new=-1, updated? false
2022-08-02 21:05:53,077 [grpc-default-executor-3] DEBUG leader.FollowerInfo (FollowerInfoImpl.java:lambda$new$1(49)) - s0@group-DBBE7E7C6C61->s2: commitIndex: updateToMax old=1, new=1, updated? false
2022-08-02 21:05:53,077 [grpc-default-executor-3] DEBUG leader.FollowerInfo (FollowerInfoImpl.java:lambda$new$1(49)) - s0@group-DBBE7E7C6C61->s2: matchIndex: updateToMax old=2, new=-1, updated? false
2022-08-02 21:05:53,083 [grpc-default-executor-3] DEBUG leader.FollowerInfo (FollowerInfoImpl.java:lambda$new$1(49)) - s0@group-DBBE7E7C6C61->s2: commitIndex: updateToMax old=1, new=1, updated? false
2022-08-02 21:05:53,083 [grpc-default-executor-3] DEBUG leader.FollowerInfo (FollowerInfoImpl.java:lambda$new$1(49)) - s0@group-DBBE7E7C6C61->s2: matchIndex: updateToMax old=2, new=-1, updated? false
2022-08-02 21:05:53,084 [grpc-default-executor-3] DEBUG leader.FollowerInfo (FollowerInfoImpl.java:lambda$new$1(49)) - s0@group-DBBE7E7C6C61->s2: commitIndex: updateToMax old=1, new=1, updated? false
2022-08-02 21:05:53,084 [grpc-default-executor-3] DEBUG leader.FollowerInfo (FollowerInfoImpl.java:lambda$new$1(49)) - s0@group-DBBE7E7C6C61->s2: matchIndex: updateToMax old=2, new=-1, updated? false
2022-08-02 21:05:53,087 [grpc-default-executor-3] DEBUG leader.FollowerInfo (FollowerInfoImpl.java:lambda$new$1(49)) - s0@group-DBBE7E7C6C61->s2: commitIndex: updateToMax old=1, new=1, updated? false
2022-08-02 21:05:53,087 [grpc-default-executor-3] DEBUG leader.FollowerInfo (FollowerInfoImpl.java:lambda$new$1(49)) - s0@group-DBBE7E7C6C61->s2: matchIndex: updateToMax old=2, new=-1, updated? false
2022-08-02 21:05:53,088 [grpc-default-executor-3] DEBUG leader.FollowerInfo (FollowerInfoImpl.java:lambda$new$1(49)) - s0@group-DBBE7E7C6C61->s1: commitIndex: updateToMax old=1, new=1, updated? false
2022-08-02 21:05:53,088 [grpc-default-executor-3] DEBUG leader.FollowerInfo (FollowerInfoImpl.java:lambda$new$1(49)) - s0@group-DBBE7E7C6C61->s1: matchIndex: updateToMax old=2, new=-1, updated? false
2022-08-02 21:05:53,089 [grpc-default-executor-3] DEBUG leader.FollowerInfo (FollowerInfoImpl.java:lambda$new$1(49)) - s0@group-DBBE7E7C6C61->s1: commitIndex: updateToMax old=1, new=1, updated? false
2022-08-02 21:05:53,089 [grpc-default-executor-3] DEBUG leader.FollowerInfo (FollowerInfoImpl.java:lambda$new$1(49)) - s0@group-DBBE7E7C6C61->s1: matchIndex: updateToMax old=2, new=-1, updated? false
2022-08-02 21:05:53,091 [grpc-default-executor-3] DEBUG leader.FollowerInfo (FollowerInfoImpl.java:lambda$new$1(49)) - s0@group-DBBE7E7C6C61->s1: commitIndex: updateToMax old=1, new=1, updated? false
2022-08-02 21:05:53,091 [grpc-default-executor-3] DEBUG leader.FollowerInfo (FollowerInfoImpl.java:lambda$new$1(49)) - s0@group-DBBE7E7C6C61->s1: matchIndex: updateToMax old=2, new=-1, updated? false
2022-08-02 21:05:53,094 [grpc-default-executor-3] DEBUG leader.FollowerInfo (FollowerInfoImpl.java:lambda$new$1(49)) - s0@group-DBBE7E7C6C61->s2: commitIndex: updateToMax old=1, new=1, updated? false
2022-08-02 21:05:53,094 [grpc-default-executor-3] DEBUG leader.FollowerInfo (FollowerInfoImpl.java:lambda$new$1(49)) - s0@group-DBBE7E7C6C61->s2: matchIndex: updateToMax old=2, new=-1, updated? false
2022-08-02 21:05:53,095 [grpc-default-executor-3] DEBUG leader.FollowerInfo (FollowerInfoImpl.java:lambda$new$1(49)) - s0@group-DBBE7E7C6C61->s1: commitIndex: updateToMax old=1, new=1, updated? false
2022-08-02 21:05:53,095 [grpc-default-executor-3] DEBUG leader.FollowerInfo (FollowerInfoImpl.java:lambda$new$1(49)) - s0@group-DBBE7E7C6C61->s1: matchIndex: updateToMax old=2, new=-1, updated? false
2022-08-02 21:05:53,096 [grpc-default-executor-3] DEBUG leader.FollowerInfo (FollowerInfoImpl.java:lambda$new$1(49)) - s0@group-DBBE7E7C6C61->s2: commitIndex: updateToMax old=1, new=1, updated? false
2022-08-02 21:05:53,096 [grpc-default-executor-3] DEBUG leader.FollowerInfo (FollowerInfoImpl.java:lambda$new$1(49)) - s0@group-DBBE7E7C6C61->s2: matchIndex: updateToMax old=2, new=-1, updated? false
2022-08-02 21:05:53,097 [grpc-default-executor-3] DEBUG leader.FollowerInfo (FollowerInfoImpl.java:lambda$new$1(49)) - s0@group-DBBE7E7C6C61->s2: commitIndex: updateToMax old=1, new=1, updated? false
2022-08-02 21:05:53,097 [grpc-default-executor-3] DEBUG leader.FollowerInfo (FollowerInfoImpl.java:lambda$new$1(49)) - s0@group-DBBE7E7C6C61->s2: matchIndex: updateToMax old=2, new=-1, updated? false
2022-08-02 21:05:53,098 [grpc-default-executor-3] DEBUG leader.FollowerInfo (FollowerInfoImpl.java:lambda$new$1(49)) - s0@group-DBBE7E7C6C61->s2: commitIndex: updateToMax old=1, new=1, updated? false
2022-08-02 21:05:53,098 [grpc-default-executor-3] DEBUG leader.FollowerInfo (FollowerInfoImpl.java:lambda$new$1(49)) - s0@group-DBBE7E7C6C61->s2: matchIndex: updateToMax old=2, new=-1, updated? false
2022-08-02 21:05:53,100 [grpc-default-executor-3] DEBUG leader.FollowerInfo (FollowerInfoImpl.java:lambda$new$1(49)) - s0@group-DBBE7E7C6C61->s2: commitIndex: updateToMax old=1, new=1, updated? false
2022-08-02 21:05:53,100 [grpc-default-executor-3] DEBUG leader.FollowerInfo (FollowerInfoImpl.java:lambda$new$1(49)) - s0@group-DBBE7E7C6C61->s2: matchIndex: updateToMax old=2, new=-1, updated? false
2022-08-02 21:05:53,102 [grpc-default-executor-3] DEBUG leader.FollowerInfo (FollowerInfoImpl.java:lambda$new$1(49)) - s0@group-DBBE7E7C6C61->s1: commitIndex: updateToMax old=1, new=1, updated? false
2022-08-02 21:05:53,103 [grpc-default-executor-3] DEBUG leader.FollowerInfo (FollowerInfoImpl.java:lambda$new$1(49)) - s0@group-DBBE7E7C6C61->s1: matchIndex: updateToMax old=2, new=-1, updated? false
2022-08-02 21:05:53,103 [grpc-default-executor-5] DEBUG leader.FollowerInfo (FollowerInfoImpl.java:lambda$new$1(49)) - s0@group-DBBE7E7C6C61->s2: commitIndex: updateToMax old=1, new=1, updated? false
2022-08-02 21:05:53,103 [grpc-default-executor-5] DEBUG leader.FollowerInfo (FollowerInfoImpl.java:lambda$new$1(49)) - s0@group-DBBE7E7C6C61->s2: matchIndex: updateToMax old=2, new=-1, updated? false
2022-08-02 21:05:53,103 [grpc-default-executor-2] DEBUG leader.FollowerInfo (FollowerInfoImpl.java:lambda$new$1(49)) - s0@group-DBBE7E7C6C61->s2: commitIndex: updateToMax old=1, new=1, updated? false
2022-08-02 21:05:53,103 [grpc-default-executor-2] DEBUG leader.FollowerInfo (FollowerInfoImpl.java:lambda$new$1(49)) - s0@group-DBBE7E7C6C61->s2: matchIndex: updateToMax old=2, new=-1, updated? false
2022-08-02 21:05:53,106 [grpc-default-executor-2] DEBUG leader.FollowerInfo (FollowerInfoImpl.java:lambda$new$1(49)) - s0@group-DBBE7E7C6C61->s1: commitIndex: updateToMax old=1, new=1, updated? false
2022-08-02 21:05:53,106 [grpc-default-executor-2] DEBUG leader.FollowerInfo (FollowerInfoImpl.java:lambda$new$1(49)) - s0@group-DBBE7E7C6C61->s1: matchIndex: updateToMax old=2, new=-1, updated? false
2022-08-02 21:05:53,106 [grpc-default-executor-2] DEBUG leader.FollowerInfo (FollowerInfoImpl.java:lambda$new$1(49)) - s0@group-DBBE7E7C6C61->s2: commitIndex: updateToMax old=1, new=1, updated? false
2022-08-02 21:05:53,106 [grpc-default-executor-2] DEBUG leader.FollowerInfo (FollowerInfoImpl.java:lambda$new$1(49)) - s0@group-DBBE7E7C6C61->s2: matchIndex: updateToMax old=2, new=-1, updated? false
2022-08-02 21:05:53,107 [grpc-default-executor-2] DEBUG leader.FollowerInfo (FollowerInfoImpl.java:lambda$new$1(49)) - s0@group-DBBE7E7C6C61->s1: commitIndex: updateToMax old=1, new=1, updated? false
2022-08-02 21:05:53,107 [grpc-default-executor-2] DEBUG leader.FollowerInfo (FollowerInfoImpl.java:lambda$new$1(49)) - s0@group-DBBE7E7C6C61->s1: matchIndex: updateToMax old=2, new=-1, updated? false
2022-08-02 21:05:53,110 [grpc-default-executor-5] DEBUG leader.FollowerInfo (FollowerInfoImpl.java:lambda$new$1(49)) - s0@group-DBBE7E7C6C61->s1: commitIndex: updateToMax old=1, new=1, updated? false
2022-08-02 21:05:53,110 [grpc-default-executor-5] DEBUG leader.FollowerInfo (FollowerInfoImpl.java:lambda$new$1(49)) - s0@group-DBBE7E7C6C61->s1: matchIndex: updateToMax old=2, new=-1, updated? false
2022-08-02 21:05:53,111 [grpc-default-executor-5] DEBUG leader.FollowerInfo (FollowerInfoImpl.java:lambda$new$1(49)) - s0@group-DBBE7E7C6C61->s1: commitIndex: updateToMax old=1, new=1, updated? false
2022-08-02 21:05:53,111 [grpc-default-executor-5] DEBUG leader.FollowerInfo (FollowerInfoImpl.java:lambda$new$1(49)) - s0@group-DBBE7E7C6C61->s1: matchIndex: updateToMax old=2, new=-1, updated? false
2022-08-02 21:05:53,112 [grpc-default-executor-5] DEBUG leader.FollowerInfo (FollowerInfoImpl.java:lambda$new$1(49)) - s0@group-DBBE7E7C6C61->s2: commitIndex: updateToMax old=1, new=1, updated? false
2022-08-02 21:05:53,112 [grpc-default-executor-5] DEBUG leader.FollowerInfo (FollowerInfoImpl.java:lambda$new$1(49)) - s0@group-DBBE7E7C6C61->s2: matchIndex: updateToMax old=2, new=-1, updated? false
2022-08-02 21:05:53,112 [grpc-default-executor-5] DEBUG leader.FollowerInfo (FollowerInfoImpl.java:lambda$new$1(49)) - s0@group-DBBE7E7C6C61->s1: commitIndex: updateToMax old=1, new=1, updated? false
2022-08-02 21:05:53,112 [grpc-default-executor-5] DEBUG leader.FollowerInfo (FollowerInfoImpl.java:lambda$new$1(49)) - s0@group-DBBE7E7C6C61->s1: matchIndex: updateToMax old=2, new=-1, updated? false
2022-08-02 21:05:53,113 [grpc-default-executor-5] DEBUG leader.FollowerInfo (FollowerInfoImpl.java:lambda$new$1(49)) - s0@group-DBBE7E7C6C61->s2: commitIndex: updateToMax old=1, new=1, updated? false
2022-08-02 21:05:53,113 [grpc-default-executor-5] DEBUG leader.FollowerInfo (FollowerInfoImpl.java:lambda$new$1(49)) - s0@group-DBBE7E7C6C61->s2: matchIndex: updateToMax old=2, new=-1, updated? false
2022-08-02 21:05:53,120 [grpc-default-executor-2] DEBUG leader.FollowerInfo (FollowerInfoImpl.java:lambda$new$1(49)) - s0@group-DBBE7E7C6C61->s1: commitIndex: updateToMax old=1, new=1, updated? false
2022-08-02 21:05:53,120 [grpc-default-executor-2] DEBUG leader.FollowerInfo (FollowerInfoImpl.java:lambda$new$1(49)) - s0@group-DBBE7E7C6C61->s1: matchIndex: updateToMax old=2, new=-1, updated? false
2022-08-02 21:05:53,121 [grpc-default-executor-2] DEBUG leader.FollowerInfo (FollowerInfoImpl.java:lambda$new$1(49)) - s0@group-DBBE7E7C6C61->s1: commitIndex: updateToMax old=1, new=1, updated? false
2022-08-02 21:05:53,121 [grpc-default-executor-2] DEBUG leader.FollowerInfo (FollowerInfoImpl.java:lambda$new$1(49)) - s0@group-DBBE7E7C6C61->s1: matchIndex: updateToMax old=2, new=-1, updated? false
2022-08-02 21:05:53,122 [grpc-default-executor-2] DEBUG leader.FollowerInfo (FollowerInfoImpl.java:lambda$new$1(49)) - s0@group-DBBE7E7C6C61->s1: commitIndex: updateToMax old=1, new=1, updated? false
2022-08-02 21:05:53,122 [grpc-default-executor-2] DEBUG leader.FollowerInfo (FollowerInfoImpl.java:lambda$new$1(49)) - s0@group-DBBE7E7C6C61->s1: matchIndex: updateToMax old=2, new=-1, updated? false
2022-08-02 21:05:53,123 [grpc-default-executor-2] DEBUG leader.FollowerInfo (FollowerInfoImpl.java:lambda$new$1(49)) - s0@group-DBBE7E7C6C61->s2: commitIndex: updateToMax old=1, new=1, updated? false
2022-08-02 21:05:53,123 [grpc-default-executor-2] DEBUG leader.FollowerInfo (FollowerInfoImpl.java:lambda$new$1(49)) - s0@group-DBBE7E7C6C61->s2: matchIndex: updateToMax old=2, new=-1, updated? false
2022-08-02 21:05:53,125 [grpc-default-executor-2] DEBUG leader.FollowerInfo (FollowerInfoImpl.java:lambda$new$1(49)) - s0@group-DBBE7E7C6C61->s1: commitIndex: updateToMax old=1, new=1, updated? false
2022-08-02 21:05:53,125 [grpc-default-executor-2] DEBUG leader.FollowerInfo (FollowerInfoImpl.java:lambda$new$1(49)) - s0@group-DBBE7E7C6C61->s1: matchIndex: updateToMax old=2, new=-1, updated? false
2022-08-02 21:05:53,127 [grpc-default-executor-2] DEBUG leader.FollowerInfo (FollowerInfoImpl.java:lambda$new$1(49)) - s0@group-DBBE7E7C6C61->s1: commitIndex: updateToMax old=1, new=1, updated? false
2022-08-02 21:05:53,127 [grpc-default-executor-2] DEBUG leader.FollowerInfo (FollowerInfoImpl.java:lambda$new$1(49)) - s0@group-DBBE7E7C6C61->s1: matchIndex: updateToMax old=2, new=-1, updated? false
2022-08-02 21:05:53,127 [grpc-default-executor-2] DEBUG leader.FollowerInfo (FollowerInfoImpl.java:lambda$new$1(49)) - s0@group-DBBE7E7C6C61->s2: commitIndex: updateToMax old=1, new=1, updated? false
2022-08-02 21:05:53,128 [grpc-default-executor-2] DEBUG leader.FollowerInfo (FollowerInfoImpl.java:lambda$new$1(49)) - s0@group-DBBE7E7C6C61->s2: matchIndex: updateToMax old=2, new=-1, updated? false
2022-08-02 21:05:53,128 [grpc-default-executor-3] DEBUG leader.FollowerInfo (FollowerInfoImpl.java:lambda$new$1(49)) - s0@group-DBBE7E7C6C61->s1: commitIndex: updateToMax old=1, new=1, updated? false
2022-08-02 21:05:53,129 [grpc-default-executor-3] DEBUG leader.FollowerInfo (FollowerInfoImpl.java:lambda$new$1(49)) - s0@group-DBBE7E7C6C61->s1: matchIndex: updateToMax old=2, new=-1, updated? false
2022-08-02 21:05:53,129 [grpc-default-executor-0] DEBUG leader.FollowerInfo (FollowerInfoImpl.java:lambda$new$1(49)) - s0@group-DBBE7E7C6C61->s2: commitIndex: updateToMax old=1, new=1, updated? false
2022-08-02 21:05:53,129 [grpc-default-executor-0] DEBUG leader.FollowerInfo (FollowerInfoImpl.java:lambda$new$1(49)) - s0@group-DBBE7E7C6C61->s2: matchIndex: updateToMax old=2, new=-1, updated? false
2022-08-02 21:05:53,130 [grpc-default-executor-3] DEBUG leader.FollowerInfo (FollowerInfoImpl.java:lambda$new$1(49)) - s0@group-DBBE7E7C6C61->s1: commitIndex: updateToMax old=1, new=1, updated? false
2022-08-02 21:05:53,130 [grpc-default-executor-3] DEBUG leader.FollowerInfo (FollowerInfoImpl.java:lambda$new$1(49)) - s0@group-DBBE7E7C6C61->s1: matchIndex: updateToMax old=2, new=-1, updated? false
2022-08-02 21:05:53,132 [grpc-default-executor-3] DEBUG leader.FollowerInfo (FollowerInfoImpl.java:lambda$new$1(49)) - s0@group-DBBE7E7C6C61->s1: commitIndex: updateToMax old=1, new=1, updated? false
2022-08-02 21:05:53,132 [grpc-default-executor-3] DEBUG leader.FollowerInfo (FollowerInfoImpl.java:lambda$new$1(49)) - s0@group-DBBE7E7C6C61->s1: matchIndex: updateToMax old=2, new=-1, updated? false
2022-08-02 21:05:53,132 [grpc-default-executor-0] DEBUG leader.FollowerInfo (FollowerInfoImpl.java:lambda$new$1(49)) - s0@group-DBBE7E7C6C61->s2: commitIndex: updateToMax old=1, new=1, updated? false
2022-08-02 21:05:53,132 [grpc-default-executor-0] DEBUG leader.FollowerInfo (FollowerInfoImpl.java:lambda$new$1(49)) - s0@group-DBBE7E7C6C61->s2: matchIndex: updateToMax old=2, new=-1, updated? false
2022-08-02 21:05:53,132 [grpc-default-executor-0] DEBUG leader.FollowerInfo (FollowerInfoImpl.java:lambda$new$1(49)) - s0@group-DBBE7E7C6C61->s2: commitIndex: updateToMax old=1, new=1, updated? false
2022-08-02 21:05:53,133 [grpc-default-executor-0] DEBUG leader.FollowerInfo (FollowerInfoImpl.java:lambda$new$1(49)) - s0@group-DBBE7E7C6C61->s2: matchIndex: updateToMax old=2, new=-1, updated? false
2022-08-02 21:05:53,133 [grpc-default-executor-2] DEBUG leader.FollowerInfo (FollowerInfoImpl.java:lambda$new$1(49)) - s0@group-DBBE7E7C6C61->s1: commitIndex: updateToMax old=1, new=1, updated? false
2022-08-02 21:05:53,133 [grpc-default-executor-2] DEBUG leader.FollowerInfo (FollowerInfoImpl.java:lambda$new$1(49)) - s0@group-DBBE7E7C6C61->s1: matchIndex: updateToMax old=2, new=-1, updated? false
2022-08-02 21:05:53,134 [grpc-default-executor-2] DEBUG leader.FollowerInfo (FollowerInfoImpl.java:lambda$new$1(49)) - s0@group-DBBE7E7C6C61->s2: commitIndex: updateToMax old=1, new=1, updated? false
2022-08-02 21:05:53,134 [grpc-default-executor-2] DEBUG leader.FollowerInfo (FollowerInfoImpl.java:lambda$new$1(49)) - s0@group-DBBE7E7C6C61->s2: matchIndex: updateToMax old=2, new=-1, updated? false
2022-08-02 21:05:53,135 [grpc-default-executor-2] DEBUG leader.FollowerInfo (FollowerInfoImpl.java:lambda$new$1(49)) - s0@group-DBBE7E7C6C61->s1: commitIndex: updateToMax old=1, new=1, updated? false
2022-08-02 21:05:53,135 [grpc-default-executor-2] DEBUG leader.FollowerInfo (FollowerInfoImpl.java:lambda$new$1(49)) - s0@group-DBBE7E7C6C61->s1: matchIndex: updateToMax old=2, new=-1, updated? false
2022-08-02 21:05:53,139 [grpc-default-executor-2] DEBUG leader.FollowerInfo (FollowerInfoImpl.java:lambda$new$1(49)) - s0@group-DBBE7E7C6C61->s1: commitIndex: updateToMax old=1, new=1, updated? false
2022-08-02 21:05:53,139 [grpc-default-executor-2] DEBUG leader.FollowerInfo (FollowerInfoImpl.java:lambda$new$1(49)) - s0@group-DBBE7E7C6C61->s1: matchIndex: updateToMax old=2, new=-1, updated? false
2022-08-02 21:05:53,140 [grpc-default-executor-0] DEBUG leader.FollowerInfo (FollowerInfoImpl.java:lambda$new$1(49)) - s0@group-DBBE7E7C6C61->s1: commitIndex: updateToMax old=1, new=1, updated? false
2022-08-02 21:05:53,140 [grpc-default-executor-0] DEBUG leader.FollowerInfo (FollowerInfoImpl.java:lambda$new$1(49)) - s0@group-DBBE7E7C6C61->s1: matchIndex: updateToMax old=2, new=-1, updated? false
2022-08-02 21:05:53,141 [grpc-default-executor-0] DEBUG leader.FollowerInfo (FollowerInfoImpl.java:lambda$new$1(49)) - s0@group-DBBE7E7C6C61->s2: commitIndex: updateToMax old=1, new=1, updated? false
2022-08-02 21:05:53,141 [grpc-default-executor-0] DEBUG leader.FollowerInfo (FollowerInfoImpl.java:lambda$new$1(49)) - s0@group-DBBE7E7C6C61->s2: matchIndex: updateToMax old=2, new=-1, updated? false
2022-08-02 21:05:53,142 [grpc-default-executor-0] DEBUG leader.FollowerInfo (FollowerInfoImpl.java:lambda$new$1(49)) - s0@group-DBBE7E7C6C61->s2: commitIndex: updateToMax old=1, new=1, updated? false
2022-08-02 21:05:53,142 [grpc-default-executor-0] DEBUG leader.FollowerInfo (FollowerInfoImpl.java:lambda$new$1(49)) - s0@group-DBBE7E7C6C61->s2: matchIndex: updateToMax old=2, new=-1, updated? false
2022-08-02 21:05:53,143 [grpc-default-executor-0] DEBUG leader.FollowerInfo (FollowerInfoImpl.java:lambda$new$1(49)) - s0@group-DBBE7E7C6C61->s2: commitIndex: updateToMax old=1, new=1, updated? false
2022-08-02 21:05:53,143 [grpc-default-executor-0] DEBUG leader.FollowerInfo (FollowerInfoImpl.java:lambda$new$1(49)) - s0@group-DBBE7E7C6C61->s2: matchIndex: updateToMax old=2, new=-1, updated? false
2022-08-02 21:05:53,144 [grpc-default-executor-0] DEBUG leader.FollowerInfo (FollowerInfoImpl.java:lambda$new$1(49)) - s0@group-DBBE7E7C6C61->s1: commitIndex: updateToMax old=1, new=1, updated? false
2022-08-02 21:05:53,144 [grpc-default-executor-0] DEBUG leader.FollowerInfo (FollowerInfoImpl.java:lambda$new$1(49)) - s0@group-DBBE7E7C6C61->s1: matchIndex: updateToMax old=2, new=-1, updated? false
2022-08-02 21:05:53,145 [grpc-default-executor-0] DEBUG leader.FollowerInfo (FollowerInfoImpl.java:lambda$new$1(49)) - s0@group-DBBE7E7C6C61->s1: commitIndex: updateToMax old=1, new=1, updated? false
2022-08-02 21:05:53,145 [grpc-default-executor-0] DEBUG leader.FollowerInfo (FollowerInfoImpl.java:lambda$new$1(49)) - s0@group-DBBE7E7C6C61->s1: matchIndex: updateToMax old=2, new=-1, updated? false
2022-08-02 21:05:53,146 [grpc-default-executor-0] DEBUG leader.FollowerInfo (FollowerInfoImpl.java:lambda$new$1(49)) - s0@group-DBBE7E7C6C61->s1: commitIndex: updateToMax old=1, new=1, updated? false
2022-08-02 21:05:53,146 [grpc-default-executor-0] DEBUG leader.FollowerInfo (FollowerInfoImpl.java:lambda$new$1(49)) - s0@group-DBBE7E7C6C61->s1: matchIndex: updateToMax old=2, new=-1, updated? false
2022-08-02 21:05:53,147 [grpc-default-executor-0] DEBUG leader.FollowerInfo (FollowerInfoImpl.java:lambda$new$1(49)) - s0@group-DBBE7E7C6C61->s1: commitIndex: updateToMax old=1, new=1, updated? false
2022-08-02 21:05:53,147 [grpc-default-executor-0] DEBUG leader.FollowerInfo (FollowerInfoImpl.java:lambda$new$1(49)) - s0@group-DBBE7E7C6C61->s1: matchIndex: updateToMax old=2, new=-1, updated? false
2022-08-02 21:05:53,148 [grpc-default-executor-0] DEBUG leader.FollowerInfo (FollowerInfoImpl.java:lambda$new$1(49)) - s0@group-DBBE7E7C6C61->s1: commitIndex: updateToMax old=1, new=1, updated? false
2022-08-02 21:05:53,148 [grpc-default-executor-0] DEBUG leader.FollowerInfo (FollowerInfoImpl.java:lambda$new$1(49)) - s0@group-DBBE7E7C6C61->s1: matchIndex: updateToMax old=2, new=-1, updated? false
2022-08-02 21:05:53,149 [grpc-default-executor-0] DEBUG leader.FollowerInfo (FollowerInfoImpl.java:lambda$new$1(49)) - s0@group-DBBE7E7C6C61->s1: commitIndex: updateToMax old=1, new=1, updated? false
2022-08-02 21:05:53,149 [grpc-default-executor-0] DEBUG leader.FollowerInfo (FollowerInfoImpl.java:lambda$new$1(49)) - s0@group-DBBE7E7C6C61->s1: matchIndex: updateToMax old=2, new=-1, updated? false
2022-08-02 21:05:53,150 [grpc-default-executor-0] DEBUG leader.FollowerInfo (FollowerInfoImpl.java:lambda$new$1(49)) - s0@group-DBBE7E7C6C61->s1: commitIndex: updateToMax old=1, new=1, updated? false
2022-08-02 21:05:53,150 [grpc-default-executor-0] DEBUG leader.FollowerInfo (FollowerInfoImpl.java:lambda$new$1(49)) - s0@group-DBBE7E7C6C61->s1: matchIndex: updateToMax old=2, new=-1, updated? false
2022-08-02 21:05:53,150 [grpc-default-executor-2] DEBUG leader.FollowerInfo (FollowerInfoImpl.java:lambda$new$1(49)) - s0@group-DBBE7E7C6C61->s1: commitIndex: updateToMax old=1, new=1, updated? false
2022-08-02 21:05:53,150 [grpc-default-executor-2] DEBUG leader.FollowerInfo (FollowerInfoImpl.java:lambda$new$1(49)) - s0@group-DBBE7E7C6C61->s1: matchIndex: updateToMax old=2, new=-1, updated? false
2022-08-02 21:05:53,153 [grpc-default-executor-2] DEBUG leader.FollowerInfo (FollowerInfoImpl.java:lambda$new$1(49)) - s0@group-DBBE7E7C6C61->s1: commitIndex: updateToMax old=1, new=1, updated? false
2022-08-02 21:05:53,153 [grpc-default-executor-2] DEBUG leader.FollowerInfo (FollowerInfoImpl.java:lambda$new$1(49)) - s0@group-DBBE7E7C6C61->s1: matchIndex: updateToMax old=2, new=-1, updated? false
2022-08-02 21:05:53,156 [grpc-default-executor-2] DEBUG leader.FollowerInfo (FollowerInfoImpl.java:lambda$new$1(49)) - s0@group-DBBE7E7C6C61->s2: commitIndex: updateToMax old=1, new=1, updated? false
2022-08-02 21:05:53,156 [grpc-default-executor-2] DEBUG leader.FollowerInfo (FollowerInfoImpl.java:lambda$new$1(49)) - s0@group-DBBE7E7C6C61->s2: matchIndex: updateToMax old=2, new=-1, updated? false
2022-08-02 21:05:53,157 [grpc-default-executor-2] DEBUG leader.FollowerInfo (FollowerInfoImpl.java:lambda$new$1(49)) - s0@group-DBBE7E7C6C61->s2: commitIndex: updateToMax old=1, new=1, updated? false
2022-08-02 21:05:53,157 [grpc-default-executor-2] DEBUG leader.FollowerInfo (FollowerInfoImpl.java:lambda$new$1(49)) - s0@group-DBBE7E7C6C61->s2: matchIndex: updateToMax old=2, new=-1, updated? false
2022-08-02 21:05:53,158 [grpc-default-executor-2] DEBUG leader.FollowerInfo (FollowerInfoImpl.java:lambda$new$1(49)) - s0@group-DBBE7E7C6C61->s2: commitIndex: updateToMax old=1, new=1, updated? false
2022-08-02 21:05:53,158 [grpc-default-executor-2] DEBUG leader.FollowerInfo (FollowerInfoImpl.java:lambda$new$1(49)) - s0@group-DBBE7E7C6C61->s2: matchIndex: updateToMax old=2, new=-1, updated? false
2022-08-02 21:05:53,159 [grpc-default-executor-2] DEBUG leader.FollowerInfo (FollowerInfoImpl.java:lambda$new$1(49)) - s0@group-DBBE7E7C6C61->s2: commitIndex: updateToMax old=1, new=1, updated? false
2022-08-02 21:05:53,159 [grpc-default-executor-2] DEBUG leader.FollowerInfo (FollowerInfoImpl.java:lambda$new$1(49)) - s0@group-DBBE7E7C6C61->s2: matchIndex: updateToMax old=2, new=-1, updated? false
2022-08-02 21:05:53,161 [grpc-default-executor-2] DEBUG leader.FollowerInfo (FollowerInfoImpl.java:lambda$new$1(49)) - s0@group-DBBE7E7C6C61->s2: commitIndex: updateToMax old=1, new=1, updated? false
2022-08-02 21:05:53,161 [grpc-default-executor-2] DEBUG leader.FollowerInfo (FollowerInfoImpl.java:lambda$new$1(49)) - s0@group-DBBE7E7C6C61->s2: matchIndex: updateToMax old=2, new=-1, updated? false
2022-08-02 21:05:53,159 [grpc-default-executor-0] DEBUG leader.FollowerInfo (FollowerInfoImpl.java:lambda$new$1(49)) - s0@group-DBBE7E7C6C61->s1: commitIndex: updateToMax old=1, new=1, updated? false
2022-08-02 21:05:53,162 [grpc-default-executor-0] DEBUG leader.FollowerInfo (FollowerInfoImpl.java:lambda$new$1(49)) - s0@group-DBBE7E7C6C61->s1: matchIndex: updateToMax old=2, new=-1, updated? false
2022-08-02 21:05:53,163 [grpc-default-executor-2] DEBUG leader.FollowerInfo (FollowerInfoImpl.java:lambda$new$1(49)) - s0@group-DBBE7E7C6C61->s2: commitIndex: updateToMax old=1, new=1, updated? false
2022-08-02 21:05:53,164 [grpc-default-executor-2] DEBUG leader.FollowerInfo (FollowerInfoImpl.java:lambda$new$1(49)) - s0@group-DBBE7E7C6C61->s2: matchIndex: updateToMax old=2, new=-1, updated? false
2022-08-02 21:05:53,164 [grpc-default-executor-2] DEBUG leader.FollowerInfo (FollowerInfoImpl.java:lambda$new$1(49)) - s0@group-DBBE7E7C6C61->s1: commitIndex: updateToMax old=1, new=1, updated? false
2022-08-02 21:05:53,164 [grpc-default-executor-2] DEBUG leader.FollowerInfo (FollowerInfoImpl.java:lambda$new$1(49)) - s0@group-DBBE7E7C6C61->s1: matchIndex: updateToMax old=2, new=-1, updated? false
2022-08-02 21:05:53,166 [grpc-default-executor-0] DEBUG leader.FollowerInfo (FollowerInfoImpl.java:lambda$new$1(49)) - s0@group-DBBE7E7C6C61->s2: commitIndex: updateToMax old=1, new=1, updated? false
2022-08-02 21:05:53,167 [grpc-default-executor-0] DEBUG leader.FollowerInfo (FollowerInfoImpl.java:lambda$new$1(49)) - s0@group-DBBE7E7C6C61->s2: matchIndex: updateToMax old=2, new=-1, updated? false
2022-08-02 21:05:53,167 [grpc-default-executor-0] DEBUG leader.FollowerInfo (FollowerInfoImpl.java:lambda$new$1(49)) - s0@group-DBBE7E7C6C61->s2: commitIndex: updateToMax old=1, new=1, updated? false
2022-08-02 21:05:53,167 [grpc-default-executor-0] DEBUG leader.FollowerInfo (FollowerInfoImpl.java:lambda$new$1(49)) - s0@group-DBBE7E7C6C61->s2: matchIndex: updateToMax old=2, new=-1, updated? false
2022-08-02 21:05:53,167 [grpc-default-executor-0] DEBUG leader.FollowerInfo (FollowerInfoImpl.java:lambda$new$1(49)) - s0@group-DBBE7E7C6C61->s2: commitIndex: updateToMax old=1, new=1, updated? false
2022-08-02 21:05:53,168 [grpc-default-executor-0] DEBUG leader.FollowerInfo (FollowerInfoImpl.java:lambda$new$1(49)) - s0@group-DBBE7E7C6C61->s2: matchIndex: updateToMax old=2, new=-1, updated? false
2022-08-02 21:05:53,169 [grpc-default-executor-3] DEBUG leader.FollowerInfo (FollowerInfoImpl.java:lambda$new$1(49)) - s0@group-DBBE7E7C6C61->s1: commitIndex: updateToMax old=1, new=1, updated? false
2022-08-02 21:05:53,169 [grpc-default-executor-3] DEBUG leader.FollowerInfo (FollowerInfoImpl.java:lambda$new$1(49)) - s0@group-DBBE7E7C6C61->s1: matchIndex: updateToMax old=2, new=-1, updated? false
2022-08-02 21:05:53,170 [grpc-default-executor-3] DEBUG leader.FollowerInfo (FollowerInfoImpl.java:lambda$new$1(49)) - s0@group-DBBE7E7C6C61->s2: commitIndex: updateToMax old=1, new=1, updated? false
2022-08-02 21:05:53,170 [grpc-default-executor-3] DEBUG leader.FollowerInfo (FollowerInfoImpl.java:lambda$new$1(49)) - s0@group-DBBE7E7C6C61->s2: matchIndex: updateToMax old=2, new=-1, updated? false
2022-08-02 21:05:53,172 [grpc-default-executor-3] DEBUG leader.FollowerInfo (FollowerInfoImpl.java:lambda$new$1(49)) - s0@group-DBBE7E7C6C61->s1: commitIndex: updateToMax old=1, new=1, updated? false
2022-08-02 21:05:53,172 [grpc-default-executor-3] DEBUG leader.FollowerInfo (FollowerInfoImpl.java:lambda$new$1(49)) - s0@group-DBBE7E7C6C61->s1: matchIndex: updateToMax old=2, new=-1, updated? false
2022-08-02 21:05:53,173 [grpc-default-executor-0] DEBUG leader.FollowerInfo (FollowerInfoImpl.java:lambda$new$1(49)) - s0@group-DBBE7E7C6C61->s2: commitIndex: updateToMax old=1, new=1, updated? false
2022-08-02 21:05:53,173 [grpc-default-executor-0] DEBUG leader.FollowerInfo (FollowerInfoImpl.java:lambda$new$1(49)) - s0@group-DBBE7E7C6C61->s2: matchIndex: updateToMax old=2, new=-1, updated? false
2022-08-02 21:05:53,173 [grpc-default-executor-0] DEBUG leader.FollowerInfo (FollowerInfoImpl.java:lambda$new$1(49)) - s0@group-DBBE7E7C6C61->s2: commitIndex: updateToMax old=1, new=1, updated? false
2022-08-02 21:05:53,173 [grpc-default-executor-0] DEBUG leader.FollowerInfo (FollowerInfoImpl.java:lambda$new$1(49)) - s0@group-DBBE7E7C6C61->s2: matchIndex: updateToMax old=2, new=-1, updated? false
2022-08-02 21:05:53,174 [grpc-default-executor-3] DEBUG leader.FollowerInfo (FollowerInfoImpl.java:lambda$new$1(49)) - s0@group-DBBE7E7C6C61->s2: commitIndex: updateToMax old=1, new=1, updated? false
2022-08-02 21:05:53,174 [grpc-default-executor-3] DEBUG leader.FollowerInfo (FollowerInfoImpl.java:lambda$new$1(49)) - s0@group-DBBE7E7C6C61->s2: matchIndex: updateToMax old=2, new=-1, updated? false
2022-08-02 21:05:53,175 [grpc-default-executor-3] DEBUG leader.FollowerInfo (FollowerInfoImpl.java:lambda$new$1(49)) - s0@group-DBBE7E7C6C61->s2: commitIndex: updateToMax old=1, new=1, updated? false
2022-08-02 21:05:53,175 [grpc-default-executor-3] DEBUG leader.FollowerInfo (FollowerInfoImpl.java:lambda$new$1(49)) - s0@group-DBBE7E7C6C61->s2: matchIndex: updateToMax old=2, new=-1, updated? false
2022-08-02 21:05:53,176 [grpc-default-executor-3] DEBUG leader.FollowerInfo (FollowerInfoImpl.java:lambda$new$1(49)) - s0@group-DBBE7E7C6C61->s2: commitIndex: updateToMax old=1, new=1, updated? false
2022-08-02 21:05:53,176 [grpc-default-executor-3] DEBUG leader.FollowerInfo (FollowerInfoImpl.java:lambda$new$1(49)) - s0@group-DBBE7E7C6C61->s2: matchIndex: updateToMax old=2, new=-1, updated? false
2022-08-02 21:05:53,179 [grpc-default-executor-3] DEBUG leader.FollowerInfo (FollowerInfoImpl.java:lambda$new$1(49)) - s0@group-DBBE7E7C6C61->s2: commitIndex: updateToMax old=1, new=1, updated? false
2022-08-02 21:05:53,179 [grpc-default-executor-3] DEBUG leader.FollowerInfo (FollowerInfoImpl.java:lambda$new$1(49)) - s0@group-DBBE7E7C6C61->s2: matchIndex: updateToMax old=2, new=-1, updated? false
2022-08-02 21:05:53,183 [grpc-default-executor-0] DEBUG leader.FollowerInfo (FollowerInfoImpl.java:lambda$new$1(49)) - s0@group-DBBE7E7C6C61->s1: commitIndex: updateToMax old=1, new=1, updated? false
2022-08-02 21:05:53,183 [grpc-default-executor-0] DEBUG leader.FollowerInfo (FollowerInfoImpl.java:lambda$new$1(49)) - s0@group-DBBE7E7C6C61->s1: matchIndex: updateToMax old=2, new=-1, updated? false
2022-08-02 21:05:53,186 [grpc-default-executor-3] DEBUG leader.FollowerInfo (FollowerInfoImpl.java:lambda$new$1(49)) - s0@group-DBBE7E7C6C61->s2: commitIndex: updateToMax old=1, new=1, updated? false
2022-08-02 21:05:53,187 [grpc-default-executor-3] DEBUG leader.FollowerInfo (FollowerInfoImpl.java:lambda$new$1(49)) - s0@group-DBBE7E7C6C61->s2: matchIndex: updateToMax old=2, new=-1, updated? false
2022-08-02 21:05:53,187 [grpc-default-executor-3] DEBUG leader.FollowerInfo (FollowerInfoImpl.java:lambda$new$1(49)) - s0@group-DBBE7E7C6C61->s2: commitIndex: updateToMax old=1, new=1, updated? false
2022-08-02 21:05:53,187 [grpc-default-executor-3] DEBUG leader.FollowerInfo (FollowerInfoImpl.java:lambda$new$1(49)) - s0@group-DBBE7E7C6C61->s2: matchIndex: updateToMax old=2, new=-1, updated? false
2022-08-02 21:05:53,189 [grpc-default-executor-3] DEBUG leader.FollowerInfo (FollowerInfoImpl.java:lambda$new$1(49)) - s0@group-DBBE7E7C6C61->s2: commitIndex: updateToMax old=1, new=1, updated? false
2022-08-02 21:05:53,189 [grpc-default-executor-3] DEBUG leader.FollowerInfo (FollowerInfoImpl.java:lambda$new$1(49)) - s0@group-DBBE7E7C6C61->s2: matchIndex: updateToMax old=2, new=-1, updated? false
2022-08-02 21:05:53,190 [grpc-default-executor-0] DEBUG leader.FollowerInfo (FollowerInfoImpl.java:lambda$new$1(49)) - s0@group-DBBE7E7C6C61->s1: commitIndex: updateToMax old=1, new=1, updated? false
2022-08-02 21:05:53,190 [grpc-default-executor-0] DEBUG leader.FollowerInfo (FollowerInfoImpl.java:lambda$new$1(49)) - s0@group-DBBE7E7C6C61->s1: matchIndex: updateToMax old=2, new=-1, updated? false
2022-08-02 21:05:53,191 [grpc-default-executor-3] DEBUG leader.FollowerInfo (FollowerInfoImpl.java:lambda$new$1(49)) - s0@group-DBBE7E7C6C61->s2: commitIndex: updateToMax old=1, new=1, updated? false
2022-08-02 21:05:53,191 [grpc-default-executor-3] DEBUG leader.FollowerInfo (FollowerInfoImpl.java:lambda$new$1(49)) - s0@group-DBBE7E7C6C61->s2: matchIndex: updateToMax old=2, new=-1, updated? false
2022-08-02 21:05:53,193 [grpc-default-executor-3] DEBUG leader.FollowerInfo (FollowerInfoImpl.java:lambda$new$1(49)) - s0@group-DBBE7E7C6C61->s2: commitIndex: updateToMax old=1, new=1, updated? false
2022-08-02 21:05:53,193 [grpc-default-executor-3] DEBUG leader.FollowerInfo (FollowerInfoImpl.java:lambda$new$1(49)) - s0@group-DBBE7E7C6C61->s2: matchIndex: updateToMax old=2, new=-1, updated? false
2022-08-02 21:05:53,194 [grpc-default-executor-0] DEBUG leader.FollowerInfo (FollowerInfoImpl.java:lambda$new$1(49)) - s0@group-DBBE7E7C6C61->s1: commitIndex: updateToMax old=1, new=1, updated? false
2022-08-02 21:05:53,194 [grpc-default-executor-0] DEBUG leader.FollowerInfo (FollowerInfoImpl.java:lambda$new$1(49)) - s0@group-DBBE7E7C6C61->s1: matchIndex: updateToMax old=2, new=-1, updated? false
2022-08-02 21:05:53,195 [grpc-default-executor-2] DEBUG leader.FollowerInfo (FollowerInfoImpl.java:lambda$new$1(49)) - s0@group-DBBE7E7C6C61->s2: commitIndex: updateToMax old=1, new=1, updated? false
2022-08-02 21:05:53,195 [grpc-default-executor-2] DEBUG leader.FollowerInfo (FollowerInfoImpl.java:lambda$new$1(49)) - s0@group-DBBE7E7C6C61->s2: matchIndex: updateToMax old=2, new=-1, updated? false
2022-08-02 21:05:53,196 [grpc-default-executor-2] DEBUG leader.FollowerInfo (FollowerInfoImpl.java:lambda$new$1(49)) - s0@group-DBBE7E7C6C61->s2: commitIndex: updateToMax old=1, new=1, updated? false
2022-08-02 21:05:53,196 [grpc-default-executor-2] DEBUG leader.FollowerInfo (FollowerInfoImpl.java:lambda$new$1(49)) - s0@group-DBBE7E7C6C61->s2: matchIndex: updateToMax old=2, new=-1, updated? false
2022-08-02 21:05:53,199 [grpc-default-executor-2] DEBUG leader.FollowerInfo (FollowerInfoImpl.java:lambda$new$1(49)) - s0@group-DBBE7E7C6C61->s2: commitIndex: updateToMax old=1, new=1, updated? false
2022-08-02 21:05:53,199 [grpc-default-executor-2] DEBUG leader.FollowerInfo (FollowerInfoImpl.java:lambda$new$1(49)) - s0@group-DBBE7E7C6C61->s2: matchIndex: updateToMax old=2, new=-1, updated? false
2022-08-02 21:05:53,202 [grpc-default-executor-2] DEBUG leader.FollowerInfo (FollowerInfoImpl.java:lambda$new$1(49)) - s0@group-DBBE7E7C6C61->s2: commitIndex: updateToMax old=1, new=1, updated? false
2022-08-02 21:05:53,202 [grpc-default-executor-2] DEBUG leader.FollowerInfo (FollowerInfoImpl.java:lambda$new$1(49)) - s0@group-DBBE7E7C6C61->s2: matchIndex: updateToMax old=2, new=-1, updated? false
2022-08-02 21:05:53,203 [grpc-default-executor-2] DEBUG leader.FollowerInfo (FollowerInfoImpl.java:lambda$new$1(49)) - s0@group-DBBE7E7C6C61->s2: commitIndex: updateToMax old=1, new=1, updated? false
2022-08-02 21:05:53,203 [grpc-default-executor-2] DEBUG leader.FollowerInfo (FollowerInfoImpl.java:lambda$new$1(49)) - s0@group-DBBE7E7C6C61->s2: matchIndex: updateToMax old=2, new=-1, updated? false
2022-08-02 21:05:53,204 [grpc-default-executor-0] DEBUG leader.FollowerInfo (FollowerInfoImpl.java:lambda$new$1(49)) - s0@group-DBBE7E7C6C61->s2: commitIndex: updateToMax old=1, new=1, updated? false
2022-08-02 21:05:53,204 [grpc-default-executor-0] DEBUG leader.FollowerInfo (FollowerInfoImpl.java:lambda$new$1(49)) - s0@group-DBBE7E7C6C61->s2: matchIndex: updateToMax old=2, new=-1, updated? false
2022-08-02 21:05:53,205 [grpc-default-executor-3] DEBUG leader.FollowerInfo (FollowerInfoImpl.java:lambda$new$1(49)) - s0@group-DBBE7E7C6C61->s1: commitIndex: updateToMax old=1, new=1, updated? false
2022-08-02 21:05:53,205 [grpc-default-executor-3] DEBUG leader.FollowerInfo (FollowerInfoImpl.java:lambda$new$1(49)) - s0@group-DBBE7E7C6C61->s1: matchIndex: updateToMax old=2, new=-1, updated? false
2022-08-02 21:05:53,205 [grpc-default-executor-2] DEBUG leader.FollowerInfo (FollowerInfoImpl.java:lambda$new$1(49)) - s0@group-DBBE7E7C6C61->s2: commitIndex: updateToMax old=1, new=1, updated? false
2022-08-02 21:05:53,206 [grpc-default-executor-2] DEBUG leader.FollowerInfo (FollowerInfoImpl.java:lambda$new$1(49)) - s0@group-DBBE7E7C6C61->s2: matchIndex: updateToMax old=2, new=-1, updated? false
2022-08-02 21:05:53,206 [grpc-default-executor-2] DEBUG leader.FollowerInfo (FollowerInfoImpl.java:lambda$new$1(49)) - s0@group-DBBE7E7C6C61->s2: commitIndex: updateToMax old=1, new=1, updated? false
2022-08-02 21:05:53,206 [grpc-default-executor-2] DEBUG leader.FollowerInfo (FollowerInfoImpl.java:lambda$new$1(49)) - s0@group-DBBE7E7C6C61->s2: matchIndex: updateToMax old=2, new=-1, updated? false
2022-08-02 21:05:53,207 [grpc-default-executor-2] DEBUG leader.FollowerInfo (FollowerInfoImpl.java:lambda$new$1(49)) - s0@group-DBBE7E7C6C61->s2: commitIndex: updateToMax old=1, new=1, updated? false
2022-08-02 21:05:53,207 [grpc-default-executor-2] DEBUG leader.FollowerInfo (FollowerInfoImpl.java:lambda$new$1(49)) - s0@group-DBBE7E7C6C61->s2: matchIndex: updateToMax old=2, new=-1, updated? false
2022-08-02 21:05:53,209 [grpc-default-executor-2] DEBUG leader.FollowerInfo (FollowerInfoImpl.java:lambda$new$1(49)) - s0@group-DBBE7E7C6C61->s2: commitIndex: updateToMax old=1, new=1, updated? false
2022-08-02 21:05:53,209 [grpc-default-executor-2] DEBUG leader.FollowerInfo (FollowerInfoImpl.java:lambda$new$1(49)) - s0@group-DBBE7E7C6C61->s2: matchIndex: updateToMax old=2, new=-1, updated? false
2022-08-02 21:05:53,210 [grpc-default-executor-3] DEBUG leader.FollowerInfo (FollowerInfoImpl.java:lambda$new$1(49)) - s0@group-DBBE7E7C6C61->s1: commitIndex: updateToMax old=1, new=1, updated? false
2022-08-02 21:05:53,210 [grpc-default-executor-3] DEBUG leader.FollowerInfo (FollowerInfoImpl.java:lambda$new$1(49)) - s0@group-DBBE7E7C6C61->s1: matchIndex: updateToMax old=2, new=-1, updated? false
2022-08-02 21:05:53,213 [grpc-default-executor-2] DEBUG leader.FollowerInfo (FollowerInfoImpl.java:lambda$new$1(49)) - s0@group-DBBE7E7C6C61->s2: commitIndex: updateToMax old=1, new=1, updated? false
2022-08-02 21:05:53,213 [grpc-default-executor-2] DEBUG leader.FollowerInfo (FollowerInfoImpl.java:lambda$new$1(49)) - s0@group-DBBE7E7C6C61->s2: matchIndex: updateToMax old=2, new=-1, updated? false
2022-08-02 21:05:53,214 [grpc-default-executor-2] DEBUG leader.FollowerInfo (FollowerInfoImpl.java:lambda$new$1(49)) - s0@group-DBBE7E7C6C61->s1: commitIndex: updateToMax old=1, new=1, updated? false
2022-08-02 21:05:53,214 [grpc-default-executor-2] DEBUG leader.FollowerInfo (FollowerInfoImpl.java:lambda$new$1(49)) - s0@group-DBBE7E7C6C61->s1: matchIndex: updateToMax old=2, new=-1, updated? false
2022-08-02 21:05:53,227 [grpc-default-executor-3] DEBUG leader.FollowerInfo (FollowerInfoImpl.java:lambda$new$1(49)) - s0@group-DBBE7E7C6C61->s2: commitIndex: updateToMax old=1, new=1, updated? false
2022-08-02 21:05:53,228 [grpc-default-executor-3] DEBUG leader.FollowerInfo (FollowerInfoImpl.java:lambda$new$1(49)) - s0@group-DBBE7E7C6C61->s2: matchIndex: updateToMax old=2, new=-1, updated? false
2022-08-02 21:05:53,229 [grpc-default-executor-3] DEBUG leader.FollowerInfo (FollowerInfoImpl.java:lambda$new$1(49)) - s0@group-DBBE7E7C6C61->s2: commitIndex: updateToMax old=1, new=1, updated? false
2022-08-02 21:05:53,229 [grpc-default-executor-3] DEBUG leader.FollowerInfo (FollowerInfoImpl.java:lambda$new$1(49)) - s0@group-DBBE7E7C6C61->s2: matchIndex: updateToMax old=2, new=-1, updated? false
2022-08-02 21:05:53,231 [grpc-default-executor-3] DEBUG leader.FollowerInfo (FollowerInfoImpl.java:lambda$new$1(49)) - s0@group-DBBE7E7C6C61->s2: commitIndex: updateToMax old=1, new=1, updated? false
2022-08-02 21:05:53,232 [grpc-default-executor-3] DEBUG leader.FollowerInfo (FollowerInfoImpl.java:lambda$new$1(49)) - s0@group-DBBE7E7C6C61->s2: matchIndex: updateToMax old=2, new=-1, updated? false
2022-08-02 21:05:53,236 [grpc-default-executor-3] DEBUG leader.FollowerInfo (FollowerInfoImpl.java:lambda$new$1(49)) - s0@group-DBBE7E7C6C61->s2: commitIndex: updateToMax old=1, new=1, updated? false
2022-08-02 21:05:53,236 [grpc-default-executor-3] DEBUG leader.FollowerInfo (FollowerInfoImpl.java:lambda$new$1(49)) - s0@group-DBBE7E7C6C61->s2: matchIndex: updateToMax old=2, new=-1, updated? false
2022-08-02 21:05:53,238 [grpc-default-executor-2] DEBUG leader.FollowerInfo (FollowerInfoImpl.java:lambda$new$1(49)) - s0@group-DBBE7E7C6C61->s1: commitIndex: updateToMax old=1, new=1, updated? false
2022-08-02 21:05:53,238 [grpc-default-executor-2] DEBUG leader.FollowerInfo (FollowerInfoImpl.java:lambda$new$1(49)) - s0@group-DBBE7E7C6C61->s1: matchIndex: updateToMax old=2, new=-1, updated? false
2022-08-02 21:05:53,240 [grpc-default-executor-3] DEBUG leader.FollowerInfo (FollowerInfoImpl.java:lambda$new$1(49)) - s0@group-DBBE7E7C6C61->s2: commitIndex: updateToMax old=1, new=1, updated? false
2022-08-02 21:05:53,240 [grpc-default-executor-3] DEBUG leader.FollowerInfo (FollowerInfoImpl.java:lambda$new$1(49)) - s0@group-DBBE7E7C6C61->s2: matchIndex: updateToMax old=2, new=-1, updated? false
2022-08-02 21:05:53,241 [grpc-default-executor-3] DEBUG leader.FollowerInfo (FollowerInfoImpl.java:lambda$new$1(49)) - s0@group-DBBE7E7C6C61->s2: commitIndex: updateToMax old=1, new=1, updated? false
2022-08-02 21:05:53,241 [grpc-default-executor-3] DEBUG leader.FollowerInfo (FollowerInfoImpl.java:lambda$new$1(49)) - s0@group-DBBE7E7C6C61->s2: matchIndex: updateToMax old=2, new=-1, updated? false
2022-08-02 21:05:53,242 [grpc-default-executor-3] DEBUG leader.FollowerInfo (FollowerInfoImpl.java:lambda$new$1(49)) - s0@group-DBBE7E7C6C61->s2: commitIndex: updateToMax old=1, new=1, updated? false
2022-08-02 21:05:53,242 [grpc-default-executor-3] DEBUG leader.FollowerInfo (FollowerInfoImpl.java:lambda$new$1(49)) - s0@group-DBBE7E7C6C61->s2: matchIndex: updateToMax old=2, new=-1, updated? false
2022-08-02 21:05:53,243 [grpc-default-executor-2] DEBUG leader.FollowerInfo (FollowerInfoImpl.java:lambda$new$1(49)) - s0@group-DBBE7E7C6C61->s1: commitIndex: updateToMax old=1, new=1, updated? false
2022-08-02 21:05:53,243 [grpc-default-executor-2] DEBUG leader.FollowerInfo (FollowerInfoImpl.java:lambda$new$1(49)) - s0@group-DBBE7E7C6C61->s1: matchIndex: updateToMax old=2, new=-1, updated? false
2022-08-02 21:05:53,244 [grpc-default-executor-3] DEBUG leader.FollowerInfo (FollowerInfoImpl.java:lambda$new$1(49)) - s0@group-DBBE7E7C6C61->s2: commitIndex: updateToMax old=1, new=1, updated? false
2022-08-02 21:05:53,245 [grpc-default-executor-3] DEBUG leader.FollowerInfo (FollowerInfoImpl.java:lambda$new$1(49)) - s0@group-DBBE7E7C6C61->s2: matchIndex: updateToMax old=2, new=-1, updated? false
2022-08-02 21:05:53,245 [grpc-default-executor-3] DEBUG leader.FollowerInfo (FollowerInfoImpl.java:lambda$new$1(49)) - s0@group-DBBE7E7C6C61->s2: commitIndex: updateToMax old=1, new=1, updated? false
2022-08-02 21:05:53,246 [grpc-default-executor-3] DEBUG leader.FollowerInfo (FollowerInfoImpl.java:lambda$new$1(49)) - s0@group-DBBE7E7C6C61->s2: matchIndex: updateToMax old=2, new=-1, updated? false
2022-08-02 21:05:53,247 [grpc-default-executor-3] DEBUG leader.FollowerInfo (FollowerInfoImpl.java:lambda$new$1(49)) - s0@group-DBBE7E7C6C61->s2: commitIndex: updateToMax old=1, new=1, updated? false
2022-08-02 21:05:53,247 [grpc-default-executor-3] DEBUG leader.FollowerInfo (FollowerInfoImpl.java:lambda$new$1(49)) - s0@group-DBBE7E7C6C61->s2: matchIndex: updateToMax old=2, new=-1, updated? false
2022-08-02 21:05:53,248 [grpc-default-executor-2] DEBUG leader.FollowerInfo (FollowerInfoImpl.java:lambda$new$1(49)) - s0@group-DBBE7E7C6C61->s1: commitIndex: updateToMax old=1, new=1, updated? false
2022-08-02 21:05:53,248 [grpc-default-executor-2] DEBUG leader.FollowerInfo (FollowerInfoImpl.java:lambda$new$1(49)) - s0@group-DBBE7E7C6C61->s1: matchIndex: updateToMax old=2, new=-1, updated? false
2022-08-02 21:05:53,251 [grpc-default-executor-3] DEBUG leader.FollowerInfo (FollowerInfoImpl.java:lambda$new$1(49)) - s0@group-DBBE7E7C6C61->s2: commitIndex: updateToMax old=1, new=1, updated? false
2022-08-02 21:05:53,251 [grpc-default-executor-3] DEBUG leader.FollowerInfo (FollowerInfoImpl.java:lambda$new$1(49)) - s0@group-DBBE7E7C6C61->s2: matchIndex: updateToMax old=2, new=-1, updated? false
2022-08-02 21:05:53,252 [grpc-default-executor-2] DEBUG leader.FollowerInfo (FollowerInfoImpl.java:lambda$new$1(49)) - s0@group-DBBE7E7C6C61->s2: commitIndex: updateToMax old=1, new=1, updated? false
2022-08-02 21:05:53,252 [grpc-default-executor-2] DEBUG leader.FollowerInfo (FollowerInfoImpl.java:lambda$new$1(49)) - s0@group-DBBE7E7C6C61->s2: matchIndex: updateToMax old=2, new=-1, updated? false
2022-08-02 21:05:53,253 [grpc-default-executor-2] DEBUG leader.FollowerInfo (FollowerInfoImpl.java:lambda$new$1(49)) - s0@group-DBBE7E7C6C61->s2: commitIndex: updateToMax old=1, new=1, updated? false
2022-08-02 21:05:53,253 [grpc-default-executor-2] DEBUG leader.FollowerInfo (FollowerInfoImpl.java:lambda$new$1(49)) - s0@group-DBBE7E7C6C61->s2: matchIndex: updateToMax old=2, new=-1, updated? false
2022-08-02 21:05:53,254 [grpc-default-executor-2] DEBUG leader.FollowerInfo (FollowerInfoImpl.java:lambda$new$1(49)) - s0@group-DBBE7E7C6C61->s1: commitIndex: updateToMax old=1, new=1, updated? false
2022-08-02 21:05:53,254 [grpc-default-executor-2] DEBUG leader.FollowerInfo (FollowerInfoImpl.java:lambda$new$1(49)) - s0@group-DBBE7E7C6C61->s1: matchIndex: updateToMax old=2, new=-1, updated? false
2022-08-02 21:05:53,255 [grpc-default-executor-3] DEBUG leader.FollowerInfo (FollowerInfoImpl.java:lambda$new$1(49)) - s0@group-DBBE7E7C6C61->s2: commitIndex: updateToMax old=1, new=1, updated? false
2022-08-02 21:05:53,255 [grpc-default-executor-3] DEBUG leader.FollowerInfo (FollowerInfoImpl.java:lambda$new$1(49)) - s0@group-DBBE7E7C6C61->s2: matchIndex: updateToMax old=2, new=-1, updated? false
2022-08-02 21:05:53,256 [grpc-default-executor-3] DEBUG leader.FollowerInfo (FollowerInfoImpl.java:lambda$new$1(49)) - s0@group-DBBE7E7C6C61->s2: commitIndex: updateToMax old=1, new=1, updated? false
2022-08-02 21:05:53,256 [grpc-default-executor-3] DEBUG leader.FollowerInfo (FollowerInfoImpl.java:lambda$new$1(49)) - s0@group-DBBE7E7C6C61->s2: matchIndex: updateToMax old=2, new=-1, updated? false
2022-08-02 21:05:53,259 [grpc-default-executor-3] DEBUG leader.FollowerInfo (FollowerInfoImpl.java:lambda$new$1(49)) - s0@group-DBBE7E7C6C61->s2: commitIndex: updateToMax old=1, new=1, updated? false
2022-08-02 21:05:53,259 [grpc-default-executor-3] DEBUG leader.FollowerInfo (FollowerInfoImpl.java:lambda$new$1(49)) - s0@group-DBBE7E7C6C61->s2: matchIndex: updateToMax old=2, new=-1, updated? false
2022-08-02 21:05:53,260 [grpc-default-executor-3] DEBUG leader.FollowerInfo (FollowerInfoImpl.java:lambda$new$1(49)) - s0@group-DBBE7E7C6C61->s2: commitIndex: updateToMax old=1, new=1, updated? false
2022-08-02 21:05:53,260 [grpc-default-executor-3] DEBUG leader.FollowerInfo (FollowerInfoImpl.java:lambda$new$1(49)) - s0@group-DBBE7E7C6C61->s2: matchIndex: updateToMax old=2, new=-1, updated? false
2022-08-02 21:05:53,262 [grpc-default-executor-3] DEBUG leader.FollowerInfo (FollowerInfoImpl.java:lambda$new$1(49)) - s0@group-DBBE7E7C6C61->s2: commitIndex: updateToMax old=1, new=1, updated? false
2022-08-02 21:05:53,262 [grpc-default-executor-3] DEBUG leader.FollowerInfo (FollowerInfoImpl.java:lambda$new$1(49)) - s0@group-DBBE7E7C6C61->s2: matchIndex: updateToMax old=2, new=-1, updated? false
2022-08-02 21:05:53,264 [grpc-default-executor-3] DEBUG leader.FollowerInfo (FollowerInfoImpl.java:lambda$new$1(49)) - s0@group-DBBE7E7C6C61->s2: commitIndex: updateToMax old=1, new=1, updated? false
2022-08-02 21:05:53,264 [grpc-default-executor-3] DEBUG leader.FollowerInfo (FollowerInfoImpl.java:lambda$new$1(49)) - s0@group-DBBE7E7C6C61->s2: matchIndex: updateToMax old=2, new=-1, updated? false
2022-08-02 21:05:53,266 [grpc-default-executor-2] DEBUG leader.FollowerInfo (FollowerInfoImpl.java:lambda$new$1(49)) - s0@group-DBBE7E7C6C61->s1: commitIndex: updateToMax old=1, new=1, updated? false
2022-08-02 21:05:53,266 [grpc-default-executor-2] DEBUG leader.FollowerInfo (FollowerInfoImpl.java:lambda$new$1(49)) - s0@group-DBBE7E7C6C61->s1: matchIndex: updateToMax old=2, new=-1, updated? false
2022-08-02 21:05:53,267 [grpc-default-executor-3] DEBUG leader.FollowerInfo (FollowerInfoImpl.java:lambda$new$1(49)) - s0@group-DBBE7E7C6C61->s2: commitIndex: updateToMax old=1, new=1, updated? false
2022-08-02 21:05:53,267 [grpc-default-executor-3] DEBUG leader.FollowerInfo (FollowerInfoImpl.java:lambda$new$1(49)) - s0@group-DBBE7E7C6C61->s2: matchIndex: updateToMax old=2, new=-1, updated? false
2022-08-02 21:05:53,268 [grpc-default-executor-3] DEBUG leader.FollowerInfo (FollowerInfoImpl.java:lambda$new$1(49)) - s0@group-DBBE7E7C6C61->s2: commitIndex: updateToMax old=1, new=1, updated? false
2022-08-02 21:05:53,269 [grpc-default-executor-3] DEBUG leader.FollowerInfo (FollowerInfoImpl.java:lambda$new$1(49)) - s0@group-DBBE7E7C6C61->s2: matchIndex: updateToMax old=2, new=-1, updated? false
2022-08-02 21:05:53,270 [grpc-default-executor-3] DEBUG leader.FollowerInfo (FollowerInfoImpl.java:lambda$new$1(49)) - s0@group-DBBE7E7C6C61->s2: commitIndex: updateToMax old=1, new=1, updated? false
2022-08-02 21:05:53,270 [grpc-default-executor-3] DEBUG leader.FollowerInfo (FollowerInfoImpl.java:lambda$new$1(49)) - s0@group-DBBE7E7C6C61->s2: matchIndex: updateToMax old=2, new=-1, updated? false
2022-08-02 21:05:53,271 [grpc-default-executor-3] DEBUG leader.FollowerInfo (FollowerInfoImpl.java:lambda$new$1(49)) - s0@group-DBBE7E7C6C61->s2: commitIndex: updateToMax old=1, new=1, updated? false
2022-08-02 21:05:53,271 [grpc-default-executor-3] DEBUG leader.FollowerInfo (FollowerInfoImpl.java:lambda$new$1(49)) - s0@group-DBBE7E7C6C61->s2: matchIndex: updateToMax old=2, new=-1, updated? false
2022-08-02 21:05:53,273 [grpc-default-executor-2] DEBUG leader.FollowerInfo (FollowerInfoImpl.java:lambda$new$1(49)) - s0@group-DBBE7E7C6C61->s1: commitIndex: updateToMax old=1, new=1, updated? false
2022-08-02 21:05:53,273 [grpc-default-executor-2] DEBUG leader.FollowerInfo (FollowerInfoImpl.java:lambda$new$1(49)) - s0@group-DBBE7E7C6C61->s1: matchIndex: updateToMax old=2, new=-1, updated? false
2022-08-02 21:05:53,275 [grpc-default-executor-2] DEBUG leader.FollowerInfo (FollowerInfoImpl.java:lambda$new$1(49)) - s0@group-DBBE7E7C6C61->s2: commitIndex: updateToMax old=1, new=1, updated? false
2022-08-02 21:05:53,275 [grpc-default-executor-2] DEBUG leader.FollowerInfo (FollowerInfoImpl.java:lambda$new$1(49)) - s0@group-DBBE7E7C6C61->s2: matchIndex: updateToMax old=2, new=-1, updated? false
2022-08-02 21:05:53,275 [grpc-default-executor-2] DEBUG leader.FollowerInfo (FollowerInfoImpl.java:lambda$new$1(49)) - s0@group-DBBE7E7C6C61->s2: commitIndex: updateToMax old=1, new=1, updated? false
2022-08-02 21:05:53,276 [grpc-default-executor-2] DEBUG leader.FollowerInfo (FollowerInfoImpl.java:lambda$new$1(49)) - s0@group-DBBE7E7C6C61->s2: matchIndex: updateToMax old=2, new=-1, updated? false
2022-08-02 21:05:53,281 [grpc-default-executor-2] DEBUG leader.FollowerInfo (FollowerInfoImpl.java:lambda$new$1(49)) - s0@group-DBBE7E7C6C61->s1: commitIndex: updateToMax old=1, new=1, updated? false
2022-08-02 21:05:53,281 [grpc-default-executor-2] DEBUG leader.FollowerInfo (FollowerInfoImpl.java:lambda$new$1(49)) - s0@group-DBBE7E7C6C61->s1: matchIndex: updateToMax old=2, new=-1, updated? false
2022-08-02 21:05:53,284 [grpc-default-executor-2] DEBUG leader.FollowerInfo (FollowerInfoImpl.java:lambda$new$1(49)) - s0@group-DBBE7E7C6C61->s2: commitIndex: updateToMax old=1, new=1, updated? false
2022-08-02 21:05:53,284 [grpc-default-executor-2] DEBUG leader.FollowerInfo (FollowerInfoImpl.java:lambda$new$1(49)) - s0@group-DBBE7E7C6C61->s2: matchIndex: updateToMax old=2, new=-1, updated? false
2022-08-02 21:05:53,284 [grpc-default-executor-2] DEBUG leader.FollowerInfo (FollowerInfoImpl.java:lambda$new$1(49)) - s0@group-DBBE7E7C6C61->s2: commitIndex: updateToMax old=1, new=1, updated? false
2022-08-02 21:05:53,284 [grpc-default-executor-2] DEBUG leader.FollowerInfo (FollowerInfoImpl.java:lambda$new$1(49)) - s0@group-DBBE7E7C6C61->s2: matchIndex: updateToMax old=2, new=-1, updated? false
2022-08-02 21:05:53,286 [grpc-default-executor-0] DEBUG leader.FollowerInfo (FollowerInfoImpl.java:lambda$new$1(49)) - s0@group-DBBE7E7C6C61->s1: commitIndex: updateToMax old=1, new=1, updated? false
2022-08-02 21:05:53,286 [grpc-default-executor-0] DEBUG leader.FollowerInfo (FollowerInfoImpl.java:lambda$new$1(49)) - s0@group-DBBE7E7C6C61->s1: matchIndex: updateToMax old=2, new=-1, updated? false
2022-08-02 21:05:53,289 [grpc-default-executor-3] DEBUG leader.FollowerInfo (FollowerInfoImpl.java:lambda$new$1(49)) - s0@group-DBBE7E7C6C61->s2: commitIndex: updateToMax old=1, new=1, updated? false
2022-08-02 21:05:53,289 [grpc-default-executor-3] DEBUG leader.FollowerInfo (FollowerInfoImpl.java:lambda$new$1(49)) - s0@group-DBBE7E7C6C61->s2: matchIndex: updateToMax old=2, new=-1, updated? false
2022-08-02 21:05:53,289 [grpc-default-executor-3] DEBUG leader.FollowerInfo (FollowerInfoImpl.java:lambda$new$1(49)) - s0@group-DBBE7E7C6C61->s2: commitIndex: updateToMax old=1, new=1, updated? false
2022-08-02 21:05:53,289 [grpc-default-executor-3] DEBUG leader.FollowerInfo (FollowerInfoImpl.java:lambda$new$1(49)) - s0@group-DBBE7E7C6C61->s2: matchIndex: updateToMax old=2, new=-1, updated? false
2022-08-02 21:05:53,305 [grpc-default-executor-0] DEBUG leader.FollowerInfo (FollowerInfoImpl.java:lambda$new$1(49)) - s0@group-DBBE7E7C6C61->s2: commitIndex: updateToMax old=1, new=1, updated? false
2022-08-02 21:05:53,305 [grpc-default-executor-0] DEBUG leader.FollowerInfo (FollowerInfoImpl.java:lambda$new$1(49)) - s0@group-DBBE7E7C6C61->s2: matchIndex: updateToMax old=2, new=-1, updated? false
2022-08-02 21:05:53,305 [grpc-default-executor-0] DEBUG leader.FollowerInfo (FollowerInfoImpl.java:lambda$new$1(49)) - s0@group-DBBE7E7C6C61->s2: commitIndex: updateToMax old=1, new=1, updated? false
2022-08-02 21:05:53,305 [grpc-default-executor-0] DEBUG leader.FollowerInfo (FollowerInfoImpl.java:lambda$new$1(49)) - s0@group-DBBE7E7C6C61->s2: matchIndex: updateToMax old=2, new=-1, updated? false
2022-08-02 21:05:53,307 [grpc-default-executor-2] DEBUG leader.FollowerInfo (FollowerInfoImpl.java:lambda$new$1(49)) - s0@group-DBBE7E7C6C61->s2: commitIndex: updateToMax old=1, new=1, updated? false
2022-08-02 21:05:53,307 [grpc-default-executor-2] DEBUG leader.FollowerInfo (FollowerInfoImpl.java:lambda$new$1(49)) - s0@group-DBBE7E7C6C61->s2: matchIndex: updateToMax old=2, new=-1, updated? false
2022-08-02 21:05:53,308 [grpc-default-executor-2] DEBUG leader.FollowerInfo (FollowerInfoImpl.java:lambda$new$1(49)) - s0@group-DBBE7E7C6C61->s2: commitIndex: updateToMax old=1, new=1, updated? false
2022-08-02 21:05:53,308 [grpc-default-executor-2] DEBUG leader.FollowerInfo (FollowerInfoImpl.java:lambda$new$1(49)) - s0@group-DBBE7E7C6C61->s2: matchIndex: updateToMax old=2, new=-1, updated? false
2022-08-02 21:05:53,314 [grpc-default-executor-2] DEBUG leader.FollowerInfo (FollowerInfoImpl.java:lambda$new$1(49)) - s0@group-DBBE7E7C6C61->s1: commitIndex: updateToMax old=1, new=1, updated? false
2022-08-02 21:05:53,314 [grpc-default-executor-2] DEBUG leader.FollowerInfo (FollowerInfoImpl.java:lambda$new$1(49)) - s0@group-DBBE7E7C6C61->s1: matchIndex: updateToMax old=2, new=-1, updated? false
2022-08-02 21:05:53,314 [grpc-default-executor-3] DEBUG leader.FollowerInfo (FollowerInfoImpl.java:lambda$new$1(49)) - s0@group-DBBE7E7C6C61->s2: commitIndex: updateToMax old=1, new=1, updated? false
2022-08-02 21:05:53,314 [grpc-default-executor-3] DEBUG leader.FollowerInfo (FollowerInfoImpl.java:lambda$new$1(49)) - s0@group-DBBE7E7C6C61->s2: matchIndex: updateToMax old=2, new=-1, updated? false
2022-08-02 21:05:53,319 [grpc-default-executor-3] DEBUG leader.FollowerInfo (FollowerInfoImpl.java:lambda$new$1(49)) - s0@group-DBBE7E7C6C61->s2: commitIndex: updateToMax old=1, new=1, updated? false
2022-08-02 21:05:53,320 [grpc-default-executor-3] DEBUG leader.FollowerInfo (FollowerInfoImpl.java:lambda$new$1(49)) - s0@group-DBBE7E7C6C61->s2: matchIndex: updateToMax old=2, new=-1, updated? false
2022-08-02 21:05:53,324 [grpc-default-executor-3] DEBUG leader.FollowerInfo (FollowerInfoImpl.java:lambda$new$1(49)) - s0@group-DBBE7E7C6C61->s1: commitIndex: updateToMax old=1, new=1, updated? false
2022-08-02 21:05:53,324 [grpc-default-executor-3] DEBUG leader.FollowerInfo (FollowerInfoImpl.java:lambda$new$1(49)) - s0@group-DBBE7E7C6C61->s1: matchIndex: updateToMax old=2, new=-1, updated? false
2022-08-02 21:05:53,324 [grpc-default-executor-3] DEBUG leader.FollowerInfo (FollowerInfoImpl.java:lambda$new$1(49)) - s0@group-DBBE7E7C6C61->s2: commitIndex: updateToMax old=1, new=1, updated? false
2022-08-02 21:05:53,324 [grpc-default-executor-3] DEBUG leader.FollowerInfo (FollowerInfoImpl.java:lambda$new$1(49)) - s0@group-DBBE7E7C6C61->s2: matchIndex: updateToMax old=2, new=-1, updated? false
2022-08-02 21:05:53,326 [grpc-default-executor-3] DEBUG leader.FollowerInfo (FollowerInfoImpl.java:lambda$new$1(49)) - s0@group-DBBE7E7C6C61->s2: commitIndex: updateToMax old=1, new=1, updated? false
2022-08-02 21:05:53,326 [grpc-default-executor-3] DEBUG leader.FollowerInfo (FollowerInfoImpl.java:lambda$new$1(49)) - s0@group-DBBE7E7C6C61->s2: matchIndex: updateToMax old=2, new=-1, updated? false
2022-08-02 21:05:53,331 [grpc-default-executor-2] DEBUG leader.FollowerInfo (FollowerInfoImpl.java:lambda$new$1(49)) - s0@group-DBBE7E7C6C61->s2: commitIndex: updateToMax old=1, new=1, updated? false
2022-08-02 21:05:53,331 [grpc-default-executor-2] DEBUG leader.FollowerInfo (FollowerInfoImpl.java:lambda$new$1(49)) - s0@group-DBBE7E7C6C61->s2: matchIndex: updateToMax old=2, new=-1, updated? false
2022-08-02 21:05:53,331 [grpc-default-executor-2] DEBUG leader.FollowerInfo (FollowerInfoImpl.java:lambda$new$1(49)) - s0@group-DBBE7E7C6C61->s2: commitIndex: updateToMax old=1, new=1, updated? false
2022-08-02 21:05:53,331 [grpc-default-executor-2] DEBUG leader.FollowerInfo (FollowerInfoImpl.java:lambda$new$1(49)) - s0@group-DBBE7E7C6C61->s2: matchIndex: updateToMax old=2, new=-1, updated? false
2022-08-02 21:05:53,333 [grpc-default-executor-2] DEBUG leader.FollowerInfo (FollowerInfoImpl.java:lambda$new$1(49)) - s0@group-DBBE7E7C6C61->s2: commitIndex: updateToMax old=1, new=1, updated? false
2022-08-02 21:05:53,333 [grpc-default-executor-2] DEBUG leader.FollowerInfo (FollowerInfoImpl.java:lambda$new$1(49)) - s0@group-DBBE7E7C6C61->s2: matchIndex: updateToMax old=2, new=-1, updated? false
2022-08-02 21:05:53,335 [grpc-default-executor-2] DEBUG leader.FollowerInfo (FollowerInfoImpl.java:lambda$new$1(49)) - s0@group-DBBE7E7C6C61->s2: commitIndex: updateToMax old=1, new=1, updated? false
2022-08-02 21:05:53,336 [grpc-default-executor-2] DEBUG leader.FollowerInfo (FollowerInfoImpl.java:lambda$new$1(49)) - s0@group-DBBE7E7C6C61->s2: matchIndex: updateToMax old=2, new=-1, updated? false
2022-08-02 21:05:53,336 [grpc-default-executor-0] DEBUG leader.FollowerInfo (FollowerInfoImpl.java:lambda$new$1(49)) - s0@group-DBBE7E7C6C61->s1: commitIndex: updateToMax old=1, new=1, updated? false
2022-08-02 21:05:53,336 [grpc-default-executor-0] DEBUG leader.FollowerInfo (FollowerInfoImpl.java:lambda$new$1(49)) - s0@group-DBBE7E7C6C61->s1: matchIndex: updateToMax old=2, new=-1, updated? false
2022-08-02 21:05:53,336 [grpc-default-executor-0] DEBUG leader.FollowerInfo (FollowerInfoImpl.java:lambda$new$1(49)) - s0@group-DBBE7E7C6C61->s2: commitIndex: updateToMax old=1, new=1, updated? false
2022-08-02 21:05:53,336 [grpc-default-executor-0] DEBUG leader.FollowerInfo (FollowerInfoImpl.java:lambda$new$1(49)) - s0@group-DBBE7E7C6C61->s2: matchIndex: updateToMax old=2, new=-1, updated? false
2022-08-02 21:05:53,338 [grpc-default-executor-0] DEBUG leader.FollowerInfo (FollowerInfoImpl.java:lambda$new$1(49)) - s0@group-DBBE7E7C6C61->s2: commitIndex: updateToMax old=1, new=1, updated? false
2022-08-02 21:05:53,338 [grpc-default-executor-0] DEBUG leader.FollowerInfo (FollowerInfoImpl.java:lambda$new$1(49)) - s0@group-DBBE7E7C6C61->s2: matchIndex: updateToMax old=2, new=-1, updated? false
2022-08-02 21:05:53,343 [grpc-default-executor-0] DEBUG leader.FollowerInfo (FollowerInfoImpl.java:lambda$new$1(49)) - s0@group-DBBE7E7C6C61->s1: commitIndex: updateToMax old=1, new=1, updated? false
2022-08-02 21:05:53,344 [grpc-default-executor-2] DEBUG leader.FollowerInfo (FollowerInfoImpl.java:lambda$new$1(49)) - s0@group-DBBE7E7C6C61->s2: commitIndex: updateToMax old=1, new=1, updated? false
2022-08-02 21:05:53,344 [grpc-default-executor-2] DEBUG leader.FollowerInfo (FollowerInfoImpl.java:lambda$new$1(49)) - s0@group-DBBE7E7C6C61->s2: matchIndex: updateToMax old=2, new=-1, updated? false
2022-08-02 21:05:53,344 [grpc-default-executor-0] DEBUG leader.FollowerInfo (FollowerInfoImpl.java:lambda$new$1(49)) - s0@group-DBBE7E7C6C61->s1: matchIndex: updateToMax old=2, new=-1, updated? false
2022-08-02 21:05:53,344 [grpc-default-executor-3] DEBUG leader.FollowerInfo (FollowerInfoImpl.java:lambda$new$1(49)) - s0@group-DBBE7E7C6C61->s2: commitIndex: updateToMax old=1, new=1, updated? false
2022-08-02 21:05:53,344 [grpc-default-executor-3] DEBUG leader.FollowerInfo (FollowerInfoImpl.java:lambda$new$1(49)) - s0@group-DBBE7E7C6C61->s2: matchIndex: updateToMax old=2, new=-1, updated? false
2022-08-02 21:05:53,352 [grpc-default-executor-3] DEBUG leader.FollowerInfo (FollowerInfoImpl.java:lambda$new$1(49)) - s0@group-DBBE7E7C6C61->s2: commitIndex: updateToMax old=1, new=1, updated? false
2022-08-02 21:05:53,352 [grpc-default-executor-3] DEBUG leader.FollowerInfo (FollowerInfoImpl.java:lambda$new$1(49)) - s0@group-DBBE7E7C6C61->s2: matchIndex: updateToMax old=2, new=-1, updated? false
2022-08-02 21:05:53,352 [grpc-default-executor-3] DEBUG leader.FollowerInfo (FollowerInfoImpl.java:lambda$new$1(49)) - s0@group-DBBE7E7C6C61->s2: commitIndex: updateToMax old=1, new=1, updated? false
2022-08-02 21:05:53,352 [grpc-default-executor-3] DEBUG leader.FollowerInfo (FollowerInfoImpl.java:lambda$new$1(49)) - s0@group-DBBE7E7C6C61->s2: matchIndex: updateToMax old=2, new=-1, updated? false
2022-08-02 21:05:53,355 [grpc-default-executor-2] DEBUG leader.FollowerInfo (FollowerInfoImpl.java:lambda$new$1(49)) - s0@group-DBBE7E7C6C61->s1: commitIndex: updateToMax old=1, new=1, updated? false
2022-08-02 21:05:53,355 [grpc-default-executor-2] DEBUG leader.FollowerInfo (FollowerInfoImpl.java:lambda$new$1(49)) - s0@group-DBBE7E7C6C61->s1: matchIndex: updateToMax old=2, new=-1, updated? false
2022-08-02 21:05:53,356 [grpc-default-executor-2] DEBUG leader.FollowerInfo (FollowerInfoImpl.java:lambda$new$1(49)) - s0@group-DBBE7E7C6C61->s2: commitIndex: updateToMax old=1, new=1, updated? false
2022-08-02 21:05:53,356 [grpc-default-executor-2] DEBUG leader.FollowerInfo (FollowerInfoImpl.java:lambda$new$1(49)) - s0@group-DBBE7E7C6C61->s2: matchIndex: updateToMax old=2, new=-1, updated? false
2022-08-02 21:05:53,360 [grpc-default-executor-0] DEBUG leader.FollowerInfo (FollowerInfoImpl.java:lambda$new$1(49)) - s0@group-DBBE7E7C6C61->s2: commitIndex: updateToMax old=1, new=1, updated? false
2022-08-02 21:05:53,360 [grpc-default-executor-0] DEBUG leader.FollowerInfo (FollowerInfoImpl.java:lambda$new$1(49)) - s0@group-DBBE7E7C6C61->s2: matchIndex: updateToMax old=2, new=-1, updated? false
2022-08-02 21:05:53,368 [grpc-default-executor-0] DEBUG leader.FollowerInfo (FollowerInfoImpl.java:lambda$new$1(49)) - s0@group-DBBE7E7C6C61->s2: commitIndex: updateToMax old=1, new=1, updated? false
2022-08-02 21:05:53,373 [grpc-default-executor-0] DEBUG leader.FollowerInfo (FollowerInfoImpl.java:lambda$new$1(49)) - s0@group-DBBE7E7C6C61->s2: matchIndex: updateToMax old=2, new=-1, updated? false
2022-08-02 21:05:53,373 [grpc-default-executor-2] DEBUG leader.FollowerInfo (FollowerInfoImpl.java:lambda$new$1(49)) - s0@group-DBBE7E7C6C61->s1: commitIndex: updateToMax old=1, new=1, updated? false
2022-08-02 21:05:53,374 [grpc-default-executor-2] DEBUG leader.FollowerInfo (FollowerInfoImpl.java:lambda$new$1(49)) - s0@group-DBBE7E7C6C61->s1: matchIndex: updateToMax old=2, new=-1, updated? false
2022-08-02 21:05:53,375 [grpc-default-executor-3] DEBUG leader.FollowerInfo (FollowerInfoImpl.java:lambda$new$1(49)) - s0@group-DBBE7E7C6C61->s2: commitIndex: updateToMax old=1, new=1, updated? false
2022-08-02 21:05:53,375 [grpc-default-executor-3] DEBUG leader.FollowerInfo (FollowerInfoImpl.java:lambda$new$1(49)) - s0@group-DBBE7E7C6C61->s2: matchIndex: updateToMax old=2, new=-1, updated? false
2022-08-02 21:05:53,375 [grpc-default-executor-3] DEBUG leader.FollowerInfo (FollowerInfoImpl.java:lambda$new$1(49)) - s0@group-DBBE7E7C6C61->s2: commitIndex: updateToMax old=1, new=1, updated? false
2022-08-02 21:05:53,375 [grpc-default-executor-3] DEBUG leader.FollowerInfo (FollowerInfoImpl.java:lambda$new$1(49)) - s0@group-DBBE7E7C6C61->s2: matchIndex: updateToMax old=2, new=-1, updated? false
2022-08-02 21:05:53,376 [grpc-default-executor-3] DEBUG leader.FollowerInfo (FollowerInfoImpl.java:lambda$new$1(49)) - s0@group-DBBE7E7C6C61->s2: commitIndex: updateToMax old=1, new=1, updated? false
2022-08-02 21:05:53,376 [grpc-default-executor-3] DEBUG leader.FollowerInfo (FollowerInfoImpl.java:lambda$new$1(49)) - s0@group-DBBE7E7C6C61->s2: matchIndex: updateToMax old=2, new=-1, updated? false
2022-08-02 21:05:53,376 [grpc-default-executor-3] DEBUG leader.FollowerInfo (FollowerInfoImpl.java:lambda$new$1(49)) - s0@group-DBBE7E7C6C61->s2: commitIndex: updateToMax old=1, new=1, updated? false
2022-08-02 21:05:53,376 [grpc-default-executor-3] DEBUG leader.FollowerInfo (FollowerInfoImpl.java:lambda$new$1(49)) - s0@group-DBBE7E7C6C61->s2: matchIndex: updateToMax old=2, new=-1, updated? false
2022-08-02 21:05:53,380 [grpc-default-executor-0] DEBUG leader.FollowerInfo (FollowerInfoImpl.java:lambda$new$1(49)) - s0@group-DBBE7E7C6C61->s1: commitIndex: updateToMax old=1, new=1, updated? false
2022-08-02 21:05:53,380 [grpc-default-executor-0] DEBUG leader.FollowerInfo (FollowerInfoImpl.java:lambda$new$1(49)) - s0@group-DBBE7E7C6C61->s1: matchIndex: updateToMax old=2, new=-1, updated? false
2022-08-02 21:05:53,384 [grpc-default-executor-0] DEBUG leader.FollowerInfo (FollowerInfoImpl.java:lambda$new$1(49)) - s0@group-DBBE7E7C6C61->s2: commitIndex: updateToMax old=1, new=1, updated? false
2022-08-02 21:05:53,384 [grpc-default-executor-0] DEBUG leader.FollowerInfo (FollowerInfoImpl.java:lambda$new$1(49)) - s0@group-DBBE7E7C6C61->s2: matchIndex: updateToMax old=2, new=-1, updated? false
2022-08-02 21:05:53,385 [grpc-default-executor-0] DEBUG leader.FollowerInfo (FollowerInfoImpl.java:lambda$new$1(49)) - s0@group-DBBE7E7C6C61->s2: commitIndex: updateToMax old=1, new=1, updated? false
2022-08-02 21:05:53,385 [grpc-default-executor-0] DEBUG leader.FollowerInfo (FollowerInfoImpl.java:lambda$new$1(49)) - s0@group-DBBE7E7C6C61->s2: matchIndex: updateToMax old=2, new=-1, updated? false
2022-08-02 21:05:53,388 [grpc-default-executor-3] DEBUG leader.FollowerInfo (FollowerInfoImpl.java:lambda$new$1(49)) - s0@group-DBBE7E7C6C61->s2: commitIndex: updateToMax old=1, new=1, updated? false
2022-08-02 21:05:53,388 [grpc-default-executor-3] DEBUG leader.FollowerInfo (FollowerInfoImpl.java:lambda$new$1(49)) - s0@group-DBBE7E7C6C61->s2: matchIndex: updateToMax old=2, new=-1, updated? false
2022-08-02 21:05:53,389 [grpc-default-executor-3] DEBUG leader.FollowerInfo (FollowerInfoImpl.java:lambda$new$1(49)) - s0@group-DBBE7E7C6C61->s1: commitIndex: updateToMax old=1, new=1, updated? false
2022-08-02 21:05:53,389 [grpc-default-executor-3] DEBUG leader.FollowerInfo (FollowerInfoImpl.java:lambda$new$1(49)) - s0@group-DBBE7E7C6C61->s1: matchIndex: updateToMax old=2, new=-1, updated? false
2022-08-02 21:05:53,390 [grpc-default-executor-0] DEBUG leader.FollowerInfo (FollowerInfoImpl.java:lambda$new$1(49)) - s0@group-DBBE7E7C6C61->s2: commitIndex: updateToMax old=1, new=1, updated? false
2022-08-02 21:05:53,390 [grpc-default-executor-0] DEBUG leader.FollowerInfo (FollowerInfoImpl.java:lambda$new$1(49)) - s0@group-DBBE7E7C6C61->s2: matchIndex: updateToMax old=2, new=-1, updated? false
2022-08-02 21:05:53,391 [grpc-default-executor-3] DEBUG leader.FollowerInfo (FollowerInfoImpl.java:lambda$new$1(49)) - s0@group-DBBE7E7C6C61->s1: commitIndex: updateToMax old=1, new=1, updated? false
2022-08-02 21:05:53,391 [grpc-default-executor-3] DEBUG leader.FollowerInfo (FollowerInfoImpl.java:lambda$new$1(49)) - s0@group-DBBE7E7C6C61->s1: matchIndex: updateToMax old=2, new=-1, updated? false
2022-08-02 21:05:53,392 [grpc-default-executor-0] DEBUG leader.FollowerInfo (FollowerInfoImpl.java:lambda$new$1(49)) - s0@group-DBBE7E7C6C61->s2: commitIndex: updateToMax old=1, new=1, updated? false
2022-08-02 21:05:53,392 [grpc-default-executor-0] DEBUG leader.FollowerInfo (FollowerInfoImpl.java:lambda$new$1(49)) - s0@group-DBBE7E7C6C61->s2: matchIndex: updateToMax old=2, new=-1, updated? false
2022-08-02 21:05:53,393 [grpc-default-executor-3] DEBUG leader.FollowerInfo (FollowerInfoImpl.java:lambda$new$1(49)) - s0@group-DBBE7E7C6C61->s1: commitIndex: updateToMax old=1, new=1, updated? false
2022-08-02 21:05:53,393 [grpc-default-executor-3] DEBUG leader.FollowerInfo (FollowerInfoImpl.java:lambda$new$1(49)) - s0@group-DBBE7E7C6C61->s1: matchIndex: updateToMax old=2, new=-1, updated? false
2022-08-02 21:05:53,394 [grpc-default-executor-0] DEBUG leader.FollowerInfo (FollowerInfoImpl.java:lambda$new$1(49)) - s0@group-DBBE7E7C6C61->s2: commitIndex: updateToMax old=1, new=1, updated? false
2022-08-02 21:05:53,394 [grpc-default-executor-0] DEBUG leader.FollowerInfo (FollowerInfoImpl.java:lambda$new$1(49)) - s0@group-DBBE7E7C6C61->s2: matchIndex: updateToMax old=2, new=-1, updated? false
2022-08-02 21:05:53,395 [grpc-default-executor-3] DEBUG leader.FollowerInfo (FollowerInfoImpl.java:lambda$new$1(49)) - s0@group-DBBE7E7C6C61->s1: commitIndex: updateToMax old=1, new=1, updated? false
2022-08-02 21:05:53,395 [grpc-default-executor-3] DEBUG leader.FollowerInfo (FollowerInfoImpl.java:lambda$new$1(49)) - s0@group-DBBE7E7C6C61->s1: matchIndex: updateToMax old=2, new=-1, updated? false
2022-08-02 21:05:53,396 [grpc-default-executor-0] DEBUG leader.FollowerInfo (FollowerInfoImpl.java:lambda$new$1(49)) - s0@group-DBBE7E7C6C61->s2: commitIndex: updateToMax old=1, new=1, updated? false
2022-08-02 21:05:53,396 [grpc-default-executor-0] DEBUG leader.FollowerInfo (FollowerInfoImpl.java:lambda$new$1(49)) - s0@group-DBBE7E7C6C61->s2: matchIndex: updateToMax old=2, new=-1, updated? false
2022-08-02 21:05:53,397 [grpc-default-executor-3] DEBUG leader.FollowerInfo (FollowerInfoImpl.java:lambda$new$1(49)) - s0@group-DBBE7E7C6C61->s1: commitIndex: updateToMax old=1, new=1, updated? false
2022-08-02 21:05:53,397 [grpc-default-executor-3] DEBUG leader.FollowerInfo (FollowerInfoImpl.java:lambda$new$1(49)) - s0@group-DBBE7E7C6C61->s1: matchIndex: updateToMax old=2, new=-1, updated? false
2022-08-02 21:05:53,398 [grpc-default-executor-0] DEBUG leader.FollowerInfo (FollowerInfoImpl.java:lambda$new$1(49)) - s0@group-DBBE7E7C6C61->s2: commitIndex: updateToMax old=1, new=1, updated? false
2022-08-02 21:05:53,398 [grpc-default-executor-0] DEBUG leader.FollowerInfo (FollowerInfoImpl.java:lambda$new$1(49)) - s0@group-DBBE7E7C6C61->s2: matchIndex: updateToMax old=2, new=-1, updated? false
2022-08-02 21:05:53,401 [grpc-default-executor-2] DEBUG leader.FollowerInfo (FollowerInfoImpl.java:lambda$new$1(49)) - s0@group-DBBE7E7C6C61->s1: commitIndex: updateToMax old=1, new=1, updated? false
2022-08-02 21:05:53,402 [grpc-default-executor-2] DEBUG leader.FollowerInfo (FollowerInfoImpl.java:lambda$new$1(49)) - s0@group-DBBE7E7C6C61->s1: matchIndex: updateToMax old=2, new=-1, updated? false
2022-08-02 21:05:53,402 [grpc-default-executor-2] DEBUG leader.FollowerInfo (FollowerInfoImpl.java:lambda$new$1(49)) - s0@group-DBBE7E7C6C61->s2: commitIndex: updateToMax old=1, new=1, updated? false
2022-08-02 21:05:53,402 [grpc-default-executor-2] DEBUG leader.FollowerInfo (FollowerInfoImpl.java:lambda$new$1(49)) - s0@group-DBBE7E7C6C61->s2: matchIndex: updateToMax old=2, new=-1, updated? false
2022-08-02 21:05:53,405 [grpc-default-executor-2] DEBUG leader.FollowerInfo (FollowerInfoImpl.java:lambda$new$1(49)) - s0@group-DBBE7E7C6C61->s2: commitIndex: updateToMax old=1, new=1, updated? false
2022-08-02 21:05:53,405 [grpc-default-executor-2] DEBUG leader.FollowerInfo (FollowerInfoImpl.java:lambda$new$1(49)) - s0@group-DBBE7E7C6C61->s2: matchIndex: updateToMax old=2, new=-1, updated? false
2022-08-02 21:05:53,406 [grpc-default-executor-0] DEBUG leader.FollowerInfo (FollowerInfoImpl.java:lambda$new$1(49)) - s0@group-DBBE7E7C6C61->s2: commitIndex: updateToMax old=1, new=1, updated? false
2022-08-02 21:05:53,406 [grpc-default-executor-0] DEBUG leader.FollowerInfo (FollowerInfoImpl.java:lambda$new$1(49)) - s0@group-DBBE7E7C6C61->s2: matchIndex: updateToMax old=2, new=-1, updated? false
2022-08-02 21:05:53,406 [grpc-default-executor-2] DEBUG leader.FollowerInfo (FollowerInfoImpl.java:lambda$new$1(49)) - s0@group-DBBE7E7C6C61->s1: commitIndex: updateToMax old=1, new=1, updated? false
2022-08-02 21:05:53,406 [grpc-default-executor-2] DEBUG leader.FollowerInfo (FollowerInfoImpl.java:lambda$new$1(49)) - s0@group-DBBE7E7C6C61->s1: matchIndex: updateToMax old=2, new=-1, updated? false
2022-08-02 21:05:53,409 [grpc-default-executor-2] DEBUG leader.FollowerInfo (FollowerInfoImpl.java:lambda$new$1(49)) - s0@group-DBBE7E7C6C61->s2: commitIndex: updateToMax old=1, new=1, updated? false
2022-08-02 21:05:53,409 [grpc-default-executor-2] DEBUG leader.FollowerInfo (FollowerInfoImpl.java:lambda$new$1(49)) - s0@group-DBBE7E7C6C61->s2: matchIndex: updateToMax old=2, new=-1, updated? false
2022-08-02 21:05:53,409 [grpc-default-executor-3] DEBUG leader.FollowerInfo (FollowerInfoImpl.java:lambda$new$1(49)) - s0@group-DBBE7E7C6C61->s2: commitIndex: updateToMax old=1, new=1, updated? false
2022-08-02 21:05:53,409 [grpc-default-executor-3] DEBUG leader.FollowerInfo (FollowerInfoImpl.java:lambda$new$1(49)) - s0@group-DBBE7E7C6C61->s2: matchIndex: updateToMax old=2, new=-1, updated? false
2022-08-02 21:05:53,410 [grpc-default-executor-3] DEBUG leader.FollowerInfo (FollowerInfoImpl.java:lambda$new$1(49)) - s0@group-DBBE7E7C6C61->s1: commitIndex: updateToMax old=1, new=1, updated? false
2022-08-02 21:05:53,410 [grpc-default-executor-3] DEBUG leader.FollowerInfo (FollowerInfoImpl.java:lambda$new$1(49)) - s0@group-DBBE7E7C6C61->s1: matchIndex: updateToMax old=2, new=-1, updated? false
2022-08-02 21:05:53,411 [grpc-default-executor-3] DEBUG leader.FollowerInfo (FollowerInfoImpl.java:lambda$new$1(49)) - s0@group-DBBE7E7C6C61->s1: commitIndex: updateToMax old=1, new=1, updated? false
2022-08-02 21:05:53,411 [grpc-default-executor-3] DEBUG leader.FollowerInfo (FollowerInfoImpl.java:lambda$new$1(49)) - s0@group-DBBE7E7C6C61->s1: matchIndex: updateToMax old=2, new=-1, updated? false
2022-08-02 21:05:53,416 [grpc-default-executor-3] DEBUG leader.FollowerInfo (FollowerInfoImpl.java:lambda$new$1(49)) - s0@group-DBBE7E7C6C61->s2: commitIndex: updateToMax old=1, new=1, updated? false
2022-08-02 21:05:53,416 [grpc-default-executor-3] DEBUG leader.FollowerInfo (FollowerInfoImpl.java:lambda$new$1(49)) - s0@group-DBBE7E7C6C61->s2: matchIndex: updateToMax old=2, new=-1, updated? false
2022-08-02 21:05:53,416 [grpc-default-executor-3] DEBUG leader.FollowerInfo (FollowerInfoImpl.java:lambda$new$1(49)) - s0@group-DBBE7E7C6C61->s1: commitIndex: updateToMax old=1, new=1, updated? false
2022-08-02 21:05:53,417 [grpc-default-executor-3] DEBUG leader.FollowerInfo (FollowerInfoImpl.java:lambda$new$1(49)) - s0@group-DBBE7E7C6C61->s1: matchIndex: updateToMax old=2, new=-1, updated? false
2022-08-02 21:05:53,417 [grpc-default-executor-0] DEBUG leader.FollowerInfo (FollowerInfoImpl.java:lambda$new$1(49)) - s0@group-DBBE7E7C6C61->s2: commitIndex: updateToMax old=1, new=1, updated? false
2022-08-02 21:05:53,417 [grpc-default-executor-0] DEBUG leader.FollowerInfo (FollowerInfoImpl.java:lambda$new$1(49)) - s0@group-DBBE7E7C6C61->s2: matchIndex: updateToMax old=2, new=-1, updated? false
2022-08-02 21:05:53,418 [grpc-default-executor-2] DEBUG leader.FollowerInfo (FollowerInfoImpl.java:lambda$new$1(49)) - s0@group-DBBE7E7C6C61->s2: commitIndex: updateToMax old=1, new=1, updated? false
2022-08-02 21:05:53,418 [grpc-default-executor-2] DEBUG leader.FollowerInfo (FollowerInfoImpl.java:lambda$new$1(49)) - s0@group-DBBE7E7C6C61->s2: matchIndex: updateToMax old=2, new=-1, updated? false
2022-08-02 21:05:53,418 [grpc-default-executor-2] DEBUG leader.FollowerInfo (FollowerInfoImpl.java:lambda$new$1(49)) - s0@group-DBBE7E7C6C61->s1: commitIndex: updateToMax old=1, new=1, updated? false
2022-08-02 21:05:53,418 [grpc-default-executor-2] DEBUG leader.FollowerInfo (FollowerInfoImpl.java:lambda$new$1(49)) - s0@group-DBBE7E7C6C61->s1: matchIndex: updateToMax old=2, new=-1, updated? false
2022-08-02 21:05:53,419 [grpc-default-executor-0] DEBUG leader.FollowerInfo (FollowerInfoImpl.java:lambda$new$1(49)) - s0@group-DBBE7E7C6C61->s2: commitIndex: updateToMax old=1, new=1, updated? false
2022-08-02 21:05:53,419 [grpc-default-executor-0] DEBUG leader.FollowerInfo (FollowerInfoImpl.java:lambda$new$1(49)) - s0@group-DBBE7E7C6C61->s2: matchIndex: updateToMax old=2, new=-1, updated? false
2022-08-02 21:05:53,420 [grpc-default-executor-0] DEBUG leader.FollowerInfo (FollowerInfoImpl.java:lambda$new$1(49)) - s0@group-DBBE7E7C6C61->s1: commitIndex: updateToMax old=1, new=1, updated? false
2022-08-02 21:05:53,420 [grpc-default-executor-0] DEBUG leader.FollowerInfo (FollowerInfoImpl.java:lambda$new$1(49)) - s0@group-DBBE7E7C6C61->s1: matchIndex: updateToMax old=2, new=-1, updated? false
2022-08-02 21:05:53,421 [grpc-default-executor-2] DEBUG leader.FollowerInfo (FollowerInfoImpl.java:lambda$new$1(49)) - s0@group-DBBE7E7C6C61->s2: commitIndex: updateToMax old=1, new=1, updated? false
2022-08-02 21:05:53,421 [grpc-default-executor-2] DEBUG leader.FollowerInfo (FollowerInfoImpl.java:lambda$new$1(49)) - s0@group-DBBE7E7C6C61->s2: matchIndex: updateToMax old=2, new=-1, updated? false
2022-08-02 21:05:53,421 [grpc-default-executor-2] DEBUG leader.FollowerInfo (FollowerInfoImpl.java:lambda$new$1(49)) - s0@group-DBBE7E7C6C61->s2: commitIndex: updateToMax old=1, new=1, updated? false
2022-08-02 21:05:53,422 [grpc-default-executor-2] DEBUG leader.FollowerInfo (FollowerInfoImpl.java:lambda$new$1(49)) - s0@group-DBBE7E7C6C61->s2: matchIndex: updateToMax old=2, new=-1, updated? false
2022-08-02 21:05:53,422 [grpc-default-executor-2] DEBUG leader.FollowerInfo (FollowerInfoImpl.java:lambda$new$1(49)) - s0@group-DBBE7E7C6C61->s2: commitIndex: updateToMax old=1, new=1, updated? false
2022-08-02 21:05:53,422 [grpc-default-executor-2] DEBUG leader.FollowerInfo (FollowerInfoImpl.java:lambda$new$1(49)) - s0@group-DBBE7E7C6C61->s2: matchIndex: updateToMax old=2, new=-1, updated? false
2022-08-02 21:05:53,423 [grpc-default-executor-2] DEBUG leader.FollowerInfo (FollowerInfoImpl.java:lambda$new$1(49)) - s0@group-DBBE7E7C6C61->s2: commitIndex: updateToMax old=1, new=1, updated? false
2022-08-02 21:05:53,423 [grpc-default-executor-2] DEBUG leader.FollowerInfo (FollowerInfoImpl.java:lambda$new$1(49)) - s0@group-DBBE7E7C6C61->s2: matchIndex: updateToMax old=2, new=-1, updated? false
2022-08-02 21:05:53,424 [grpc-default-executor-2] DEBUG leader.FollowerInfo (FollowerInfoImpl.java:lambda$new$1(49)) - s0@group-DBBE7E7C6C61->s2: commitIndex: updateToMax old=1, new=1, updated? false
2022-08-02 21:05:53,424 [grpc-default-executor-2] DEBUG leader.FollowerInfo (FollowerInfoImpl.java:lambda$new$1(49)) - s0@group-DBBE7E7C6C61->s2: matchIndex: updateToMax old=2, new=-1, updated? false
2022-08-02 21:05:53,425 [grpc-default-executor-0] DEBUG leader.FollowerInfo (FollowerInfoImpl.java:lambda$new$1(49)) - s0@group-DBBE7E7C6C61->s1: commitIndex: updateToMax old=1, new=1, updated? false
2022-08-02 21:05:53,425 [grpc-default-executor-0] DEBUG leader.FollowerInfo (FollowerInfoImpl.java:lambda$new$1(49)) - s0@group-DBBE7E7C6C61->s1: matchIndex: updateToMax old=2, new=-1, updated? false
2022-08-02 21:05:53,426 [grpc-default-executor-2] DEBUG leader.FollowerInfo (FollowerInfoImpl.java:lambda$new$1(49)) - s0@group-DBBE7E7C6C61->s2: commitIndex: updateToMax old=1, new=1, updated? false
2022-08-02 21:05:53,426 [grpc-default-executor-2] DEBUG leader.FollowerInfo (FollowerInfoImpl.java:lambda$new$1(49)) - s0@group-DBBE7E7C6C61->s2: matchIndex: updateToMax old=2, new=-1, updated? false
2022-08-02 21:05:53,427 [grpc-default-executor-0] DEBUG leader.FollowerInfo (FollowerInfoImpl.java:lambda$new$1(49)) - s0@group-DBBE7E7C6C61->s1: commitIndex: updateToMax old=1, new=1, updated? false
2022-08-02 21:05:53,427 [grpc-default-executor-0] DEBUG leader.FollowerInfo (FollowerInfoImpl.java:lambda$new$1(49)) - s0@group-DBBE7E7C6C61->s1: matchIndex: updateToMax old=2, new=-1, updated? false
2022-08-02 21:05:53,428 [grpc-default-executor-2] DEBUG leader.FollowerInfo (FollowerInfoImpl.java:lambda$new$1(49)) - s0@group-DBBE7E7C6C61->s2: commitIndex: updateToMax old=1, new=1, updated? false
2022-08-02 21:05:53,428 [grpc-default-executor-2] DEBUG leader.FollowerInfo (FollowerInfoImpl.java:lambda$new$1(49)) - s0@group-DBBE7E7C6C61->s2: matchIndex: updateToMax old=2, new=-1, updated? false
2022-08-02 21:05:53,429 [grpc-default-executor-2] DEBUG leader.FollowerInfo (FollowerInfoImpl.java:lambda$new$1(49)) - s0@group-DBBE7E7C6C61->s2: commitIndex: updateToMax old=1, new=1, updated? false
2022-08-02 21:05:53,429 [grpc-default-executor-2] DEBUG leader.FollowerInfo (FollowerInfoImpl.java:lambda$new$1(49)) - s0@group-DBBE7E7C6C61->s2: matchIndex: updateToMax old=2, new=-1, updated? false
2022-08-02 21:05:53,430 [grpc-default-executor-2] DEBUG leader.FollowerInfo (FollowerInfoImpl.java:lambda$new$1(49)) - s0@group-DBBE7E7C6C61->s2: commitIndex: updateToMax old=1, new=1, updated? false
2022-08-02 21:05:53,430 [grpc-default-executor-2] DEBUG leader.FollowerInfo (FollowerInfoImpl.java:lambda$new$1(49)) - s0@group-DBBE7E7C6C61->s2: matchIndex: updateToMax old=2, new=-1, updated? false
2022-08-02 21:05:53,431 [grpc-default-executor-0] DEBUG leader.FollowerInfo (FollowerInfoImpl.java:lambda$new$1(49)) - s0@group-DBBE7E7C6C61->s1: commitIndex: updateToMax old=1, new=1, updated? false
2022-08-02 21:05:53,431 [grpc-default-executor-0] DEBUG leader.FollowerInfo (FollowerInfoImpl.java:lambda$new$1(49)) - s0@group-DBBE7E7C6C61->s1: matchIndex: updateToMax old=2, new=-1, updated? false
2022-08-02 21:05:53,432 [grpc-default-executor-2] DEBUG leader.FollowerInfo (FollowerInfoImpl.java:lambda$new$1(49)) - s0@group-DBBE7E7C6C61->s2: commitIndex: updateToMax old=1, new=1, updated? false
2022-08-02 21:05:53,432 [grpc-default-executor-2] DEBUG leader.FollowerInfo (FollowerInfoImpl.java:lambda$new$1(49)) - s0@group-DBBE7E7C6C61->s2: matchIndex: updateToMax old=2, new=-1, updated? false
2022-08-02 21:05:53,434 [grpc-default-executor-0] DEBUG leader.FollowerInfo (FollowerInfoImpl.java:lambda$new$1(49)) - s0@group-DBBE7E7C6C61->s1: commitIndex: updateToMax old=1, new=1, updated? false
2022-08-02 21:05:53,434 [grpc-default-executor-0] DEBUG leader.FollowerInfo (FollowerInfoImpl.java:lambda$new$1(49)) - s0@group-DBBE7E7C6C61->s1: matchIndex: updateToMax old=2, new=-1, updated? false
2022-08-02 21:05:53,434 [grpc-default-executor-2] DEBUG leader.FollowerInfo (FollowerInfoImpl.java:lambda$new$1(49)) - s0@group-DBBE7E7C6C61->s2: commitIndex: updateToMax old=1, new=1, updated? false
2022-08-02 21:05:53,435 [grpc-default-executor-2] DEBUG leader.FollowerInfo (FollowerInfoImpl.java:lambda$new$1(49)) - s0@group-DBBE7E7C6C61->s2: matchIndex: updateToMax old=2, new=-1, updated? false
2022-08-02 21:05:53,436 [grpc-default-executor-0] DEBUG leader.FollowerInfo (FollowerInfoImpl.java:lambda$new$1(49)) - s0@group-DBBE7E7C6C61->s1: commitIndex: updateToMax old=1, new=1, updated? false
2022-08-02 21:05:53,436 [grpc-default-executor-0] DEBUG leader.FollowerInfo (FollowerInfoImpl.java:lambda$new$1(49)) - s0@group-DBBE7E7C6C61->s1: matchIndex: updateToMax old=2, new=-1, updated? false
2022-08-02 21:05:53,437 [grpc-default-executor-2] DEBUG leader.FollowerInfo (FollowerInfoImpl.java:lambda$new$1(49)) - s0@group-DBBE7E7C6C61->s2: commitIndex: updateToMax old=1, new=1, updated? false
2022-08-02 21:05:53,437 [grpc-default-executor-2] DEBUG leader.FollowerInfo (FollowerInfoImpl.java:lambda$new$1(49)) - s0@group-DBBE7E7C6C61->s2: matchIndex: updateToMax old=2, new=-1, updated? false
2022-08-02 21:05:53,438 [grpc-default-executor-0] DEBUG leader.FollowerInfo (FollowerInfoImpl.java:lambda$new$1(49)) - s0@group-DBBE7E7C6C61->s1: commitIndex: updateToMax old=1, new=1, updated? false
2022-08-02 21:05:53,438 [grpc-default-executor-0] DEBUG leader.FollowerInfo (FollowerInfoImpl.java:lambda$new$1(49)) - s0@group-DBBE7E7C6C61->s1: matchIndex: updateToMax old=2, new=-1, updated? false
2022-08-02 21:05:53,439 [grpc-default-executor-2] DEBUG leader.FollowerInfo (FollowerInfoImpl.java:lambda$new$1(49)) - s0@group-DBBE7E7C6C61->s2: commitIndex: updateToMax old=1, new=1, updated? false
2022-08-02 21:05:53,439 [grpc-default-executor-2] DEBUG leader.FollowerInfo (FollowerInfoImpl.java:lambda$new$1(49)) - s0@group-DBBE7E7C6C61->s2: matchIndex: updateToMax old=2, new=-1, updated? false
2022-08-02 21:05:53,440 [grpc-default-executor-0] DEBUG leader.FollowerInfo (FollowerInfoImpl.java:lambda$new$1(49)) - s0@group-DBBE7E7C6C61->s1: commitIndex: updateToMax old=1, new=1, updated? false
2022-08-02 21:05:53,440 [grpc-default-executor-0] DEBUG leader.FollowerInfo (FollowerInfoImpl.java:lambda$new$1(49)) - s0@group-DBBE7E7C6C61->s1: matchIndex: updateToMax old=2, new=-1, updated? false
2022-08-02 21:05:53,441 [grpc-default-executor-2] DEBUG leader.FollowerInfo (FollowerInfoImpl.java:lambda$new$1(49)) - s0@group-DBBE7E7C6C61->s2: commitIndex: updateToMax old=1, new=1, updated? false
2022-08-02 21:05:53,441 [grpc-default-executor-2] DEBUG leader.FollowerInfo (FollowerInfoImpl.java:lambda$new$1(49)) - s0@group-DBBE7E7C6C61->s2: matchIndex: updateToMax old=2, new=-1, updated? false
2022-08-02 21:05:53,442 [grpc-default-executor-0] DEBUG leader.FollowerInfo (FollowerInfoImpl.java:lambda$new$1(49)) - s0@group-DBBE7E7C6C61->s1: commitIndex: updateToMax old=1, new=1, updated? false
2022-08-02 21:05:53,442 [grpc-default-executor-0] DEBUG leader.FollowerInfo (FollowerInfoImpl.java:lambda$new$1(49)) - s0@group-DBBE7E7C6C61->s1: matchIndex: updateToMax old=2, new=-1, updated? false
2022-08-02 21:05:53,444 [grpc-default-executor-2] DEBUG leader.FollowerInfo (FollowerInfoImpl.java:lambda$new$1(49)) - s0@group-DBBE7E7C6C61->s2: commitIndex: updateToMax old=1, new=1, updated? false
2022-08-02 21:05:53,444 [grpc-default-executor-2] DEBUG leader.FollowerInfo (FollowerInfoImpl.java:lambda$new$1(49)) - s0@group-DBBE7E7C6C61->s2: matchIndex: updateToMax old=2, new=-1, updated? false
2022-08-02 21:05:53,445 [grpc-default-executor-0] DEBUG leader.FollowerInfo (FollowerInfoImpl.java:lambda$new$1(49)) - s0@group-DBBE7E7C6C61->s1: commitIndex: updateToMax old=1, new=1, updated? false
2022-08-02 21:05:53,445 [grpc-default-executor-0] DEBUG leader.FollowerInfo (FollowerInfoImpl.java:lambda$new$1(49)) - s0@group-DBBE7E7C6C61->s1: matchIndex: updateToMax old=2, new=-1, updated? false
2022-08-02 21:05:53,446 [grpc-default-executor-2] DEBUG leader.FollowerInfo (FollowerInfoImpl.java:lambda$new$1(49)) - s0@group-DBBE7E7C6C61->s2: commitIndex: updateToMax old=1, new=1, updated? false
2022-08-02 21:05:53,446 [grpc-default-executor-2] DEBUG leader.FollowerInfo (FollowerInfoImpl.java:lambda$new$1(49)) - s0@group-DBBE7E7C6C61->s2: matchIndex: updateToMax old=2, new=-1, updated? false
2022-08-02 21:05:53,446 [grpc-default-executor-0] DEBUG leader.FollowerInfo (FollowerInfoImpl.java:lambda$new$1(49)) - s0@group-DBBE7E7C6C61->s1: commitIndex: updateToMax old=1, new=1, updated? false
2022-08-02 21:05:53,447 [grpc-default-executor-0] DEBUG leader.FollowerInfo (FollowerInfoImpl.java:lambda$new$1(49)) - s0@group-DBBE7E7C6C61->s1: matchIndex: updateToMax old=2, new=-1, updated? false
2022-08-02 21:05:53,447 [grpc-default-executor-2] DEBUG leader.FollowerInfo (FollowerInfoImpl.java:lambda$new$1(49)) - s0@group-DBBE7E7C6C61->s2: commitIndex: updateToMax old=1, new=1, updated? false
2022-08-02 21:05:53,447 [grpc-default-executor-2] DEBUG leader.FollowerInfo (FollowerInfoImpl.java:lambda$new$1(49)) - s0@group-DBBE7E7C6C61->s2: matchIndex: updateToMax old=2, new=-1, updated? false
2022-08-02 21:05:53,448 [grpc-default-executor-0] DEBUG leader.FollowerInfo (FollowerInfoImpl.java:lambda$new$1(49)) - s0@group-DBBE7E7C6C61->s1: commitIndex: updateToMax old=1, new=1, updated? false
2022-08-02 21:05:53,448 [grpc-default-executor-0] DEBUG leader.FollowerInfo (FollowerInfoImpl.java:lambda$new$1(49)) - s0@group-DBBE7E7C6C61->s1: matchIndex: updateToMax old=2, new=-1, updated? false
2022-08-02 21:05:53,449 [grpc-default-executor-2] DEBUG leader.FollowerInfo (FollowerInfoImpl.java:lambda$new$1(49)) - s0@group-DBBE7E7C6C61->s2: commitIndex: updateToMax old=1, new=1, updated? false
2022-08-02 21:05:53,450 [grpc-default-executor-2] DEBUG leader.FollowerInfo (FollowerInfoImpl.java:lambda$new$1(49)) - s0@group-DBBE7E7C6C61->s2: matchIndex: updateToMax old=2, new=-1, updated? false
2022-08-02 21:05:53,450 [grpc-default-executor-0] DEBUG leader.FollowerInfo (FollowerInfoImpl.java:lambda$new$1(49)) - s0@group-DBBE7E7C6C61->s1: commitIndex: updateToMax old=1, new=1, updated? false
2022-08-02 21:05:53,450 [grpc-default-executor-0] DEBUG leader.FollowerInfo (FollowerInfoImpl.java:lambda$new$1(49)) - s0@group-DBBE7E7C6C61->s1: matchIndex: updateToMax old=2, new=-1, updated? false
2022-08-02 21:05:53,454 [grpc-default-executor-2] DEBUG leader.FollowerInfo (FollowerInfoImpl.java:lambda$new$1(49)) - s0@group-DBBE7E7C6C61->s2: commitIndex: updateToMax old=1, new=1, updated? false
2022-08-02 21:05:53,454 [grpc-default-executor-2] DEBUG leader.FollowerInfo (FollowerInfoImpl.java:lambda$new$1(49)) - s0@group-DBBE7E7C6C61->s2: matchIndex: updateToMax old=2, new=-1, updated? false
2022-08-02 21:05:53,455 [grpc-default-executor-2] DEBUG leader.FollowerInfo (FollowerInfoImpl.java:lambda$new$1(49)) - s0@group-DBBE7E7C6C61->s2: commitIndex: updateToMax old=1, new=1, updated? false
2022-08-02 21:05:53,455 [grpc-default-executor-2] DEBUG leader.FollowerInfo (FollowerInfoImpl.java:lambda$new$1(49)) - s0@group-DBBE7E7C6C61->s2: matchIndex: updateToMax old=2, new=-1, updated? false
2022-08-02 21:05:53,456 [grpc-default-executor-2] DEBUG leader.FollowerInfo (FollowerInfoImpl.java:lambda$new$1(49)) - s0@group-DBBE7E7C6C61->s2: commitIndex: updateToMax old=1, new=1, updated? false
2022-08-02 21:05:53,456 [grpc-default-executor-2] DEBUG leader.FollowerInfo (FollowerInfoImpl.java:lambda$new$1(49)) - s0@group-DBBE7E7C6C61->s2: matchIndex: updateToMax old=2, new=-1, updated? false
2022-08-02 21:05:53,457 [grpc-default-executor-2] DEBUG leader.FollowerInfo (FollowerInfoImpl.java:lambda$new$1(49)) - s0@group-DBBE7E7C6C61->s2: commitIndex: updateToMax old=1, new=1, updated? false
2022-08-02 21:05:53,457 [grpc-default-executor-2] DEBUG leader.FollowerInfo (FollowerInfoImpl.java:lambda$new$1(49)) - s0@group-DBBE7E7C6C61->s2: matchIndex: updateToMax old=2, new=-1, updated? false
2022-08-02 21:05:53,459 [grpc-default-executor-0] DEBUG leader.FollowerInfo (FollowerInfoImpl.java:lambda$new$1(49)) - s0@group-DBBE7E7C6C61->s1: commitIndex: updateToMax old=1, new=1, updated? false
2022-08-02 21:05:53,459 [grpc-default-executor-0] DEBUG leader.FollowerInfo (FollowerInfoImpl.java:lambda$new$1(49)) - s0@group-DBBE7E7C6C61->s1: matchIndex: updateToMax old=2, new=-1, updated? false
2022-08-02 21:05:53,460 [grpc-default-executor-2] DEBUG leader.FollowerInfo (FollowerInfoImpl.java:lambda$new$1(49)) - s0@group-DBBE7E7C6C61->s2: commitIndex: updateToMax old=1, new=1, updated? false
2022-08-02 21:05:53,460 [grpc-default-executor-2] DEBUG leader.FollowerInfo (FollowerInfoImpl.java:lambda$new$1(49)) - s0@group-DBBE7E7C6C61->s2: matchIndex: updateToMax old=2, new=-1, updated? false
2022-08-02 21:05:53,461 [grpc-default-executor-2] DEBUG leader.FollowerInfo (FollowerInfoImpl.java:lambda$new$1(49)) - s0@group-DBBE7E7C6C61->s2: commitIndex: updateToMax old=1, new=1, updated? false
2022-08-02 21:05:53,461 [grpc-default-executor-2] DEBUG leader.FollowerInfo (FollowerInfoImpl.java:lambda$new$1(49)) - s0@group-DBBE7E7C6C61->s2: matchIndex: updateToMax old=2, new=-1, updated? false
2022-08-02 21:05:53,462 [grpc-default-executor-2] DEBUG leader.FollowerInfo (FollowerInfoImpl.java:lambda$new$1(49)) - s0@group-DBBE7E7C6C61->s2: commitIndex: updateToMax old=1, new=1, updated? false
2022-08-02 21:05:53,462 [grpc-default-executor-2] DEBUG leader.FollowerInfo (FollowerInfoImpl.java:lambda$new$1(49)) - s0@group-DBBE7E7C6C61->s2: matchIndex: updateToMax old=2, new=-1, updated? false
2022-08-02 21:05:53,463 [grpc-default-executor-0] DEBUG leader.FollowerInfo (FollowerInfoImpl.java:lambda$new$1(49)) - s0@group-DBBE7E7C6C61->s1: commitIndex: updateToMax old=1, new=1, updated? false
2022-08-02 21:05:53,463 [grpc-default-executor-0] DEBUG leader.FollowerInfo (FollowerInfoImpl.java:lambda$new$1(49)) - s0@group-DBBE7E7C6C61->s1: matchIndex: updateToMax old=2, new=-1, updated? false
2022-08-02 21:05:53,464 [grpc-default-executor-2] DEBUG leader.FollowerInfo (FollowerInfoImpl.java:lambda$new$1(49)) - s0@group-DBBE7E7C6C61->s2: commitIndex: updateToMax old=1, new=1, updated? false
2022-08-02 21:05:53,464 [grpc-default-executor-2] DEBUG leader.FollowerInfo (FollowerInfoImpl.java:lambda$new$1(49)) - s0@group-DBBE7E7C6C61->s2: matchIndex: updateToMax old=2, new=-1, updated? false
2022-08-02 21:05:53,465 [grpc-default-executor-0] DEBUG leader.FollowerInfo (FollowerInfoImpl.java:lambda$new$1(49)) - s0@group-DBBE7E7C6C61->s1: commitIndex: updateToMax old=1, new=1, updated? false
2022-08-02 21:05:53,465 [grpc-default-executor-0] DEBUG leader.FollowerInfo (FollowerInfoImpl.java:lambda$new$1(49)) - s0@group-DBBE7E7C6C61->s1: matchIndex: updateToMax old=2, new=-1, updated? false
2022-08-02 21:05:53,466 [grpc-default-executor-2] DEBUG leader.FollowerInfo (FollowerInfoImpl.java:lambda$new$1(49)) - s0@group-DBBE7E7C6C61->s2: commitIndex: updateToMax old=1, new=1, updated? false
2022-08-02 21:05:53,466 [grpc-default-executor-2] DEBUG leader.FollowerInfo (FollowerInfoImpl.java:lambda$new$1(49)) - s0@group-DBBE7E7C6C61->s2: matchIndex: updateToMax old=2, new=-1, updated? false
2022-08-02 21:05:53,467 [grpc-default-executor-0] DEBUG leader.FollowerInfo (FollowerInfoImpl.java:lambda$new$1(49)) - s0@group-DBBE7E7C6C61->s1: commitIndex: updateToMax old=1, new=1, updated? false
2022-08-02 21:05:53,467 [grpc-default-executor-0] DEBUG leader.FollowerInfo (FollowerInfoImpl.java:lambda$new$1(49)) - s0@group-DBBE7E7C6C61->s1: matchIndex: updateToMax old=2, new=-1, updated? false
2022-08-02 21:05:53,468 [grpc-default-executor-2] DEBUG leader.FollowerInfo (FollowerInfoImpl.java:lambda$new$1(49)) - s0@group-DBBE7E7C6C61->s2: commitIndex: updateToMax old=1, new=1, updated? false
2022-08-02 21:05:53,468 [grpc-default-executor-2] DEBUG leader.FollowerInfo (FollowerInfoImpl.java:lambda$new$1(49)) - s0@group-DBBE7E7C6C61->s2: matchIndex: updateToMax old=2, new=-1, updated? false
2022-08-02 21:05:53,469 [grpc-default-executor-0] DEBUG leader.FollowerInfo (FollowerInfoImpl.java:lambda$new$1(49)) - s0@group-DBBE7E7C6C61->s1: commitIndex: updateToMax old=1, new=1, updated? false
2022-08-02 21:05:53,469 [grpc-default-executor-0] DEBUG leader.FollowerInfo (FollowerInfoImpl.java:lambda$new$1(49)) - s0@group-DBBE7E7C6C61->s1: matchIndex: updateToMax old=2, new=-1, updated? false
2022-08-02 21:05:53,473 [grpc-default-executor-2] DEBUG leader.FollowerInfo (FollowerInfoImpl.java:lambda$new$1(49)) - s0@group-DBBE7E7C6C61->s2: commitIndex: updateToMax old=1, new=1, updated? false
2022-08-02 21:05:53,473 [grpc-default-executor-2] DEBUG leader.FollowerInfo (FollowerInfoImpl.java:lambda$new$1(49)) - s0@group-DBBE7E7C6C61->s2: matchIndex: updateToMax old=2, new=-1, updated? false
2022-08-02 21:05:53,479 [grpc-default-executor-2] DEBUG leader.FollowerInfo (FollowerInfoImpl.java:lambda$new$1(49)) - s0@group-DBBE7E7C6C61->s2: commitIndex: updateToMax old=1, new=1, updated? false
2022-08-02 21:05:53,480 [grpc-default-executor-2] DEBUG leader.FollowerInfo (FollowerInfoImpl.java:lambda$new$1(49)) - s0@group-DBBE7E7C6C61->s2: matchIndex: updateToMax old=2, new=-1, updated? false
2022-08-02 21:05:53,481 [grpc-default-executor-0] DEBUG leader.FollowerInfo (FollowerInfoImpl.java:lambda$new$1(49)) - s0@group-DBBE7E7C6C61->s2: commitIndex: updateToMax old=1, new=1, updated? false
2022-08-02 21:05:53,481 [grpc-default-executor-0] DEBUG leader.FollowerInfo (FollowerInfoImpl.java:lambda$new$1(49)) - s0@group-DBBE7E7C6C61->s2: matchIndex: updateToMax old=2, new=-1, updated? false
2022-08-02 21:05:53,483 [grpc-default-executor-0] DEBUG leader.FollowerInfo (FollowerInfoImpl.java:lambda$new$1(49)) - s0@group-DBBE7E7C6C61->s1: commitIndex: updateToMax old=1, new=1, updated? false
2022-08-02 21:05:53,484 [grpc-default-executor-0] DEBUG leader.FollowerInfo (FollowerInfoImpl.java:lambda$new$1(49)) - s0@group-DBBE7E7C6C61->s1: matchIndex: updateToMax old=2, new=-1, updated? false
2022-08-02 21:05:53,491 [grpc-default-executor-2] DEBUG leader.FollowerInfo (FollowerInfoImpl.java:lambda$new$1(49)) - s0@group-DBBE7E7C6C61->s2: commitIndex: updateToMax old=1, new=1, updated? false
2022-08-02 21:05:53,492 [grpc-default-executor-2] DEBUG leader.FollowerInfo (FollowerInfoImpl.java:lambda$new$1(49)) - s0@group-DBBE7E7C6C61->s2: matchIndex: updateToMax old=2, new=-1, updated? false
2022-08-02 21:05:53,493 [grpc-default-executor-0] DEBUG leader.FollowerInfo (FollowerInfoImpl.java:lambda$new$1(49)) - s0@group-DBBE7E7C6C61->s1: commitIndex: updateToMax old=1, new=1, updated? false
2022-08-02 21:05:53,493 [grpc-default-executor-0] DEBUG leader.FollowerInfo (FollowerInfoImpl.java:lambda$new$1(49)) - s0@group-DBBE7E7C6C61->s1: matchIndex: updateToMax old=2, new=-1, updated? false
2022-08-02 21:05:53,493 [grpc-default-executor-2] DEBUG leader.FollowerInfo (FollowerInfoImpl.java:lambda$new$1(49)) - s0@group-DBBE7E7C6C61->s2: commitIndex: updateToMax old=1, new=1, updated? false
2022-08-02 21:05:53,494 [grpc-default-executor-2] DEBUG leader.FollowerInfo (FollowerInfoImpl.java:lambda$new$1(49)) - s0@group-DBBE7E7C6C61->s2: matchIndex: updateToMax old=2, new=-1, updated? false
2022-08-02 21:05:53,494 [grpc-default-executor-2] DEBUG leader.FollowerInfo (FollowerInfoImpl.java:lambda$new$1(49)) - s0@group-DBBE7E7C6C61->s2: commitIndex: updateToMax old=1, new=1, updated? false
2022-08-02 21:05:53,494 [grpc-default-executor-2] DEBUG leader.FollowerInfo (FollowerInfoImpl.java:lambda$new$1(49)) - s0@group-DBBE7E7C6C61->s2: matchIndex: updateToMax old=2, new=-1, updated? false
2022-08-02 21:05:53,495 [grpc-default-executor-0] DEBUG leader.FollowerInfo (FollowerInfoImpl.java:lambda$new$1(49)) - s0@group-DBBE7E7C6C61->s1: commitIndex: updateToMax old=1, new=1, updated? false
2022-08-02 21:05:53,495 [grpc-default-executor-0] DEBUG leader.FollowerInfo (FollowerInfoImpl.java:lambda$new$1(49)) - s0@group-DBBE7E7C6C61->s1: matchIndex: updateToMax old=2, new=-1, updated? false
2022-08-02 21:05:53,500 [grpc-default-executor-2] DEBUG leader.FollowerInfo (FollowerInfoImpl.java:lambda$new$1(49)) - s0@group-DBBE7E7C6C61->s2: commitIndex: updateToMax old=1, new=1, updated? false
2022-08-02 21:05:53,500 [grpc-default-executor-2] DEBUG leader.FollowerInfo (FollowerInfoImpl.java:lambda$new$1(49)) - s0@group-DBBE7E7C6C61->s2: matchIndex: updateToMax old=2, new=-1, updated? false
2022-08-02 21:05:53,504 [grpc-default-executor-0] DEBUG leader.FollowerInfo (FollowerInfoImpl.java:lambda$new$1(49)) - s0@group-DBBE7E7C6C61->s1: commitIndex: updateToMax old=1, new=1, updated? false
2022-08-02 21:05:53,504 [grpc-default-executor-0] DEBUG leader.FollowerInfo (FollowerInfoImpl.java:lambda$new$1(49)) - s0@group-DBBE7E7C6C61->s1: matchIndex: updateToMax old=2, new=-1, updated? false
2022-08-02 21:05:53,507 [grpc-default-executor-2] DEBUG leader.FollowerInfo (FollowerInfoImpl.java:lambda$new$1(49)) - s0@group-DBBE7E7C6C61->s2: commitIndex: updateToMax old=1, new=1, updated? false
2022-08-02 21:05:53,507 [grpc-default-executor-2] DEBUG leader.FollowerInfo (FollowerInfoImpl.java:lambda$new$1(49)) - s0@group-DBBE7E7C6C61->s2: matchIndex: updateToMax old=2, new=-1, updated? false
2022-08-02 21:05:53,508 [grpc-default-executor-0] DEBUG leader.FollowerInfo (FollowerInfoImpl.java:lambda$new$1(49)) - s0@group-DBBE7E7C6C61->s1: commitIndex: updateToMax old=1, new=1, updated? false
2022-08-02 21:05:53,508 [grpc-default-executor-0] DEBUG leader.FollowerInfo (FollowerInfoImpl.java:lambda$new$1(49)) - s0@group-DBBE7E7C6C61->s1: matchIndex: updateToMax old=2, new=-1, updated? false
2022-08-02 21:05:53,509 [grpc-default-executor-2] DEBUG leader.FollowerInfo (FollowerInfoImpl.java:lambda$new$1(49)) - s0@group-DBBE7E7C6C61->s2: commitIndex: updateToMax old=1, new=1, updated? false
2022-08-02 21:05:53,509 [grpc-default-executor-2] DEBUG leader.FollowerInfo (FollowerInfoImpl.java:lambda$new$1(49)) - s0@group-DBBE7E7C6C61->s2: matchIndex: updateToMax old=2, new=-1, updated? false
2022-08-02 21:05:53,510 [grpc-default-executor-2] DEBUG leader.FollowerInfo (FollowerInfoImpl.java:lambda$new$1(49)) - s0@group-DBBE7E7C6C61->s2: commitIndex: updateToMax old=1, new=1, updated? false
2022-08-02 21:05:53,510 [grpc-default-executor-2] DEBUG leader.FollowerInfo (FollowerInfoImpl.java:lambda$new$1(49)) - s0@group-DBBE7E7C6C61->s2: matchIndex: updateToMax old=2, new=-1, updated? false
2022-08-02 21:05:53,511 [grpc-default-executor-0] DEBUG leader.FollowerInfo (FollowerInfoImpl.java:lambda$new$1(49)) - s0@group-DBBE7E7C6C61->s1: commitIndex: updateToMax old=1, new=1, updated? false
2022-08-02 21:05:53,511 [grpc-default-executor-0] DEBUG leader.FollowerInfo (FollowerInfoImpl.java:lambda$new$1(49)) - s0@group-DBBE7E7C6C61->s1: matchIndex: updateToMax old=2, new=-1, updated? false
2022-08-02 21:05:53,512 [grpc-default-executor-2] DEBUG leader.FollowerInfo (FollowerInfoImpl.java:lambda$new$1(49)) - s0@group-DBBE7E7C6C61->s2: commitIndex: updateToMax old=1, new=1, updated? false
2022-08-02 21:05:53,512 [grpc-default-executor-2] DEBUG leader.FollowerInfo (FollowerInfoImpl.java:lambda$new$1(49)) - s0@group-DBBE7E7C6C61->s2: matchIndex: updateToMax old=2, new=-1, updated? false
2022-08-02 21:05:53,512 [grpc-default-executor-2] DEBUG leader.FollowerInfo (FollowerInfoImpl.java:lambda$new$1(49)) - s0@group-DBBE7E7C6C61->s2: commitIndex: updateToMax old=1, new=1, updated? false
2022-08-02 21:05:53,513 [grpc-default-executor-2] DEBUG leader.FollowerInfo (FollowerInfoImpl.java:lambda$new$1(49)) - s0@group-DBBE7E7C6C61->s2: matchIndex: updateToMax old=2, new=-1, updated? false
2022-08-02 21:05:53,513 [grpc-default-executor-0] DEBUG leader.FollowerInfo (FollowerInfoImpl.java:lambda$new$1(49)) - s0@group-DBBE7E7C6C61->s1: commitIndex: updateToMax old=1, new=1, updated? false
2022-08-02 21:05:53,513 [grpc-default-executor-0] DEBUG leader.FollowerInfo (FollowerInfoImpl.java:lambda$new$1(49)) - s0@group-DBBE7E7C6C61->s1: matchIndex: updateToMax old=2, new=-1, updated? false
2022-08-02 21:05:53,514 [grpc-default-executor-2] DEBUG leader.FollowerInfo (FollowerInfoImpl.java:lambda$new$1(49)) - s0@group-DBBE7E7C6C61->s2: commitIndex: updateToMax old=1, new=1, updated? false
2022-08-02 21:05:53,515 [grpc-default-executor-2] DEBUG leader.FollowerInfo (FollowerInfoImpl.java:lambda$new$1(49)) - s0@group-DBBE7E7C6C61->s2: matchIndex: updateToMax old=2, new=-1, updated? false
2022-08-02 21:05:53,520 [grpc-default-executor-0] DEBUG leader.FollowerInfo (FollowerInfoImpl.java:lambda$new$1(49)) - s0@group-DBBE7E7C6C61->s1: commitIndex: updateToMax old=1, new=1, updated? false
2022-08-02 21:05:53,520 [grpc-default-executor-0] DEBUG leader.FollowerInfo (FollowerInfoImpl.java:lambda$new$1(49)) - s0@group-DBBE7E7C6C61->s1: matchIndex: updateToMax old=2, new=-1, updated? false
2022-08-02 21:05:53,524 [grpc-default-executor-0] DEBUG leader.FollowerInfo (FollowerInfoImpl.java:lambda$new$1(49)) - s0@group-DBBE7E7C6C61->s2: commitIndex: updateToMax old=1, new=1, updated? false
2022-08-02 21:05:53,524 [grpc-default-executor-0] DEBUG leader.FollowerInfo (FollowerInfoImpl.java:lambda$new$1(49)) - s0@group-DBBE7E7C6C61->s2: matchIndex: updateToMax old=2, new=-1, updated? false
2022-08-02 21:05:53,525 [grpc-default-executor-0] DEBUG leader.FollowerInfo (FollowerInfoImpl.java:lambda$new$1(49)) - s0@group-DBBE7E7C6C61->s1: commitIndex: updateToMax old=1, new=1, updated? false
2022-08-02 21:05:53,525 [grpc-default-executor-0] DEBUG leader.FollowerInfo (FollowerInfoImpl.java:lambda$new$1(49)) - s0@group-DBBE7E7C6C61->s1: matchIndex: updateToMax old=2, new=-1, updated? false
2022-08-02 21:05:53,530 [grpc-default-executor-3] DEBUG leader.FollowerInfo (FollowerInfoImpl.java:lambda$new$1(49)) - s0@group-DBBE7E7C6C61->s1: commitIndex: updateToMax old=1, new=1, updated? false
2022-08-02 21:05:53,530 [grpc-default-executor-3] DEBUG leader.FollowerInfo (FollowerInfoImpl.java:lambda$new$1(49)) - s0@group-DBBE7E7C6C61->s1: matchIndex: updateToMax old=2, new=-1, updated? false
2022-08-02 21:05:53,530 [grpc-default-executor-3] DEBUG leader.FollowerInfo (FollowerInfoImpl.java:lambda$new$1(49)) - s0@group-DBBE7E7C6C61->s2: commitIndex: updateToMax old=1, new=1, updated? false
2022-08-02 21:05:53,531 [grpc-default-executor-3] DEBUG leader.FollowerInfo (FollowerInfoImpl.java:lambda$new$1(49)) - s0@group-DBBE7E7C6C61->s2: matchIndex: updateToMax old=2, new=-1, updated? false
2022-08-02 21:05:53,531 [grpc-default-executor-2] DEBUG leader.FollowerInfo (FollowerInfoImpl.java:lambda$new$1(49)) - s0@group-DBBE7E7C6C61->s2: commitIndex: updateToMax old=1, new=1, updated? false
2022-08-02 21:05:53,531 [grpc-default-executor-2] DEBUG leader.FollowerInfo (FollowerInfoImpl.java:lambda$new$1(49)) - s0@group-DBBE7E7C6C61->s2: matchIndex: updateToMax old=2, new=-1, updated? false
2022-08-02 21:05:53,533 [grpc-default-executor-3] DEBUG leader.FollowerInfo (FollowerInfoImpl.java:lambda$new$1(49)) - s0@group-DBBE7E7C6C61->s2: commitIndex: updateToMax old=1, new=1, updated? false
2022-08-02 21:05:53,533 [grpc-default-executor-3] DEBUG leader.FollowerInfo (FollowerInfoImpl.java:lambda$new$1(49)) - s0@group-DBBE7E7C6C61->s2: matchIndex: updateToMax old=2, new=-1, updated? false
2022-08-02 21:05:53,534 [grpc-default-executor-3] DEBUG leader.FollowerInfo (FollowerInfoImpl.java:lambda$new$1(49)) - s0@group-DBBE7E7C6C61->s1: commitIndex: updateToMax old=1, new=1, updated? false
2022-08-02 21:05:53,534 [grpc-default-executor-3] DEBUG leader.FollowerInfo (FollowerInfoImpl.java:lambda$new$1(49)) - s0@group-DBBE7E7C6C61->s1: matchIndex: updateToMax old=2, new=-1, updated? false
2022-08-02 21:05:53,537 [grpc-default-executor-0] DEBUG leader.FollowerInfo (FollowerInfoImpl.java:lambda$new$1(49)) - s0@group-DBBE7E7C6C61->s2: commitIndex: updateToMax old=1, new=1, updated? false
2022-08-02 21:05:53,537 [grpc-default-executor-0] DEBUG leader.FollowerInfo (FollowerInfoImpl.java:lambda$new$1(49)) - s0@group-DBBE7E7C6C61->s2: matchIndex: updateToMax old=2, new=-1, updated? false
2022-08-02 21:05:53,538 [grpc-default-executor-0] DEBUG leader.FollowerInfo (FollowerInfoImpl.java:lambda$new$1(49)) - s0@group-DBBE7E7C6C61->s1: commitIndex: updateToMax old=1, new=1, updated? false
2022-08-02 21:05:53,538 [grpc-default-executor-0] DEBUG leader.FollowerInfo (FollowerInfoImpl.java:lambda$new$1(49)) - s0@group-DBBE7E7C6C61->s1: matchIndex: updateToMax old=2, new=-1, updated? false
2022-08-02 21:05:53,540 [grpc-default-executor-2] DEBUG leader.FollowerInfo (FollowerInfoImpl.java:lambda$new$1(49)) - s0@group-DBBE7E7C6C61->s2: commitIndex: updateToMax old=1, new=1, updated? false
2022-08-02 21:05:53,540 [grpc-default-executor-2] DEBUG leader.FollowerInfo (FollowerInfoImpl.java:lambda$new$1(49)) - s0@group-DBBE7E7C6C61->s2: matchIndex: updateToMax old=2, new=-1, updated? false
2022-08-02 21:05:53,540 [grpc-default-executor-3] DEBUG leader.FollowerInfo (FollowerInfoImpl.java:lambda$new$1(49)) - s0@group-DBBE7E7C6C61->s1: commitIndex: updateToMax old=1, new=1, updated? false
2022-08-02 21:05:53,540 [grpc-default-executor-3] DEBUG leader.FollowerInfo (FollowerInfoImpl.java:lambda$new$1(49)) - s0@group-DBBE7E7C6C61->s1: matchIndex: updateToMax old=2, new=-1, updated? false
2022-08-02 21:05:53,544 [grpc-default-executor-2] DEBUG leader.FollowerInfo (FollowerInfoImpl.java:lambda$new$1(49)) - s0@group-DBBE7E7C6C61->s2: commitIndex: updateToMax old=1, new=1, updated? false
2022-08-02 21:05:53,544 [grpc-default-executor-2] DEBUG leader.FollowerInfo (FollowerInfoImpl.java:lambda$new$1(49)) - s0@group-DBBE7E7C6C61->s2: matchIndex: updateToMax old=2, new=-1, updated? false
2022-08-02 21:05:53,544 [grpc-default-executor-2] DEBUG leader.FollowerInfo (FollowerInfoImpl.java:lambda$new$1(49)) - s0@group-DBBE7E7C6C61->s2: commitIndex: updateToMax old=1, new=1, updated? false
2022-08-02 21:05:53,544 [grpc-default-executor-2] DEBUG leader.FollowerInfo (FollowerInfoImpl.java:lambda$new$1(49)) - s0@group-DBBE7E7C6C61->s2: matchIndex: updateToMax old=2, new=-1, updated? false
2022-08-02 21:05:53,547 [grpc-default-executor-3] DEBUG leader.FollowerInfo (FollowerInfoImpl.java:lambda$new$1(49)) - s0@group-DBBE7E7C6C61->s1: commitIndex: updateToMax old=1, new=1, updated? false
2022-08-02 21:05:53,548 [grpc-default-executor-3] DEBUG leader.FollowerInfo (FollowerInfoImpl.java:lambda$new$1(49)) - s0@group-DBBE7E7C6C61->s1: matchIndex: updateToMax old=2, new=-1, updated? false
2022-08-02 21:05:53,548 [grpc-default-executor-2] DEBUG leader.FollowerInfo (FollowerInfoImpl.java:lambda$new$1(49)) - s0@group-DBBE7E7C6C61->s2: commitIndex: updateToMax old=1, new=1, updated? false
2022-08-02 21:05:53,548 [grpc-default-executor-2] DEBUG leader.FollowerInfo (FollowerInfoImpl.java:lambda$new$1(49)) - s0@group-DBBE7E7C6C61->s2: matchIndex: updateToMax old=2, new=-1, updated? false
2022-08-02 21:05:53,549 [grpc-default-executor-3] DEBUG leader.FollowerInfo (FollowerInfoImpl.java:lambda$new$1(49)) - s0@group-DBBE7E7C6C61->s1: commitIndex: updateToMax old=1, new=1, updated? false
2022-08-02 21:05:53,549 [grpc-default-executor-3] DEBUG leader.FollowerInfo (FollowerInfoImpl.java:lambda$new$1(49)) - s0@group-DBBE7E7C6C61->s1: matchIndex: updateToMax old=2, new=-1, updated? false
2022-08-02 21:05:53,550 [grpc-default-executor-2] DEBUG leader.FollowerInfo (FollowerInfoImpl.java:lambda$new$1(49)) - s0@group-DBBE7E7C6C61->s2: commitIndex: updateToMax old=1, new=1, updated? false
2022-08-02 21:05:53,550 [grpc-default-executor-2] DEBUG leader.FollowerInfo (FollowerInfoImpl.java:lambda$new$1(49)) - s0@group-DBBE7E7C6C61->s2: matchIndex: updateToMax old=2, new=-1, updated? false
2022-08-02 21:05:53,551 [grpc-default-executor-3] DEBUG leader.FollowerInfo (FollowerInfoImpl.java:lambda$new$1(49)) - s0@group-DBBE7E7C6C61->s1: commitIndex: updateToMax old=1, new=1, updated? false
2022-08-02 21:05:53,551 [grpc-default-executor-3] DEBUG leader.FollowerInfo (FollowerInfoImpl.java:lambda$new$1(49)) - s0@group-DBBE7E7C6C61->s1: matchIndex: updateToMax old=2, new=-1, updated? false
2022-08-02 21:05:53,552 [grpc-default-executor-2] DEBUG leader.FollowerInfo (FollowerInfoImpl.java:lambda$new$1(49)) - s0@group-DBBE7E7C6C61->s2: commitIndex: updateToMax old=1, new=1, updated? false
2022-08-02 21:05:53,552 [grpc-default-executor-2] DEBUG leader.FollowerInfo (FollowerInfoImpl.java:lambda$new$1(49)) - s0@group-DBBE7E7C6C61->s2: matchIndex: updateToMax old=2, new=-1, updated? false
2022-08-02 21:05:53,552 [grpc-default-executor-3] DEBUG leader.FollowerInfo (FollowerInfoImpl.java:lambda$new$1(49)) - s0@group-DBBE7E7C6C61->s1: commitIndex: updateToMax old=1, new=1, updated? false
2022-08-02 21:05:53,553 [grpc-default-executor-3] DEBUG leader.FollowerInfo (FollowerInfoImpl.java:lambda$new$1(49)) - s0@group-DBBE7E7C6C61->s1: matchIndex: updateToMax old=2, new=-1, updated? false
2022-08-02 21:05:53,553 [grpc-default-executor-2] DEBUG leader.FollowerInfo (FollowerInfoImpl.java:lambda$new$1(49)) - s0@group-DBBE7E7C6C61->s2: commitIndex: updateToMax old=1, new=1, updated? false
2022-08-02 21:05:53,553 [grpc-default-executor-2] DEBUG leader.FollowerInfo (FollowerInfoImpl.java:lambda$new$1(49)) - s0@group-DBBE7E7C6C61->s2: matchIndex: updateToMax old=2, new=-1, updated? false
2022-08-02 21:05:53,554 [grpc-default-executor-3] DEBUG leader.FollowerInfo (FollowerInfoImpl.java:lambda$new$1(49)) - s0@group-DBBE7E7C6C61->s1: commitIndex: updateToMax old=1, new=1, updated? false
2022-08-02 21:05:53,554 [grpc-default-executor-3] DEBUG leader.FollowerInfo (FollowerInfoImpl.java:lambda$new$1(49)) - s0@group-DBBE7E7C6C61->s1: matchIndex: updateToMax old=2, new=-1, updated? false
2022-08-02 21:05:53,555 [grpc-default-executor-2] DEBUG leader.FollowerInfo (FollowerInfoImpl.java:lambda$new$1(49)) - s0@group-DBBE7E7C6C61->s2: commitIndex: updateToMax old=1, new=1, updated? false
2022-08-02 21:05:53,555 [grpc-default-executor-2] DEBUG leader.FollowerInfo (FollowerInfoImpl.java:lambda$new$1(49)) - s0@group-DBBE7E7C6C61->s2: matchIndex: updateToMax old=2, new=-1, updated? false
2022-08-02 21:05:53,556 [grpc-default-executor-3] DEBUG leader.FollowerInfo (FollowerInfoImpl.java:lambda$new$1(49)) - s0@group-DBBE7E7C6C61->s1: commitIndex: updateToMax old=1, new=1, updated? false
2022-08-02 21:05:53,556 [grpc-default-executor-3] DEBUG leader.FollowerInfo (FollowerInfoImpl.java:lambda$new$1(49)) - s0@group-DBBE7E7C6C61->s1: matchIndex: updateToMax old=2, new=-1, updated? false
2022-08-02 21:05:53,557 [grpc-default-executor-2] DEBUG leader.FollowerInfo (FollowerInfoImpl.java:lambda$new$1(49)) - s0@group-DBBE7E7C6C61->s2: commitIndex: updateToMax old=1, new=1, updated? false
2022-08-02 21:05:53,557 [grpc-default-executor-2] DEBUG leader.FollowerInfo (FollowerInfoImpl.java:lambda$new$1(49)) - s0@group-DBBE7E7C6C61->s2: matchIndex: updateToMax old=2, new=-1, updated? false
2022-08-02 21:05:53,558 [grpc-default-executor-3] DEBUG leader.FollowerInfo (FollowerInfoImpl.java:lambda$new$1(49)) - s0@group-DBBE7E7C6C61->s1: commitIndex: updateToMax old=1, new=1, updated? false
2022-08-02 21:05:53,558 [grpc-default-executor-3] DEBUG leader.FollowerInfo (FollowerInfoImpl.java:lambda$new$1(49)) - s0@group-DBBE7E7C6C61->s1: matchIndex: updateToMax old=2, new=-1, updated? false
2022-08-02 21:05:53,559 [grpc-default-executor-2] DEBUG leader.FollowerInfo (FollowerInfoImpl.java:lambda$new$1(49)) - s0@group-DBBE7E7C6C61->s2: commitIndex: updateToMax old=1, new=1, updated? false
2022-08-02 21:05:53,559 [grpc-default-executor-2] DEBUG leader.FollowerInfo (FollowerInfoImpl.java:lambda$new$1(49)) - s0@group-DBBE7E7C6C61->s2: matchIndex: updateToMax old=2, new=-1, updated? false
2022-08-02 21:05:53,560 [grpc-default-executor-3] DEBUG leader.FollowerInfo (FollowerInfoImpl.java:lambda$new$1(49)) - s0@group-DBBE7E7C6C61->s1: commitIndex: updateToMax old=1, new=1, updated? false
2022-08-02 21:05:53,560 [grpc-default-executor-3] DEBUG leader.FollowerInfo (FollowerInfoImpl.java:lambda$new$1(49)) - s0@group-DBBE7E7C6C61->s1: matchIndex: updateToMax old=2, new=-1, updated? false
2022-08-02 21:05:53,560 [grpc-default-executor-2] DEBUG leader.FollowerInfo (FollowerInfoImpl.java:lambda$new$1(49)) - s0@group-DBBE7E7C6C61->s2: commitIndex: updateToMax old=1, new=1, updated? false
2022-08-02 21:05:53,560 [grpc-default-executor-2] DEBUG leader.FollowerInfo (FollowerInfoImpl.java:lambda$new$1(49)) - s0@group-DBBE7E7C6C61->s2: matchIndex: updateToMax old=2, new=-1, updated? false
2022-08-02 21:05:53,561 [grpc-default-executor-3] DEBUG leader.FollowerInfo (FollowerInfoImpl.java:lambda$new$1(49)) - s0@group-DBBE7E7C6C61->s1: commitIndex: updateToMax old=1, new=1, updated? false
2022-08-02 21:05:53,561 [grpc-default-executor-3] DEBUG leader.FollowerInfo (FollowerInfoImpl.java:lambda$new$1(49)) - s0@group-DBBE7E7C6C61->s1: matchIndex: updateToMax old=2, new=-1, updated? false
2022-08-02 21:05:53,562 [grpc-default-executor-2] DEBUG leader.FollowerInfo (FollowerInfoImpl.java:lambda$new$1(49)) - s0@group-DBBE7E7C6C61->s2: commitIndex: updateToMax old=1, new=1, updated? false
2022-08-02 21:05:53,562 [grpc-default-executor-2] DEBUG leader.FollowerInfo (FollowerInfoImpl.java:lambda$new$1(49)) - s0@group-DBBE7E7C6C61->s2: matchIndex: updateToMax old=2, new=-1, updated? false
2022-08-02 21:05:53,563 [grpc-default-executor-3] DEBUG leader.FollowerInfo (FollowerInfoImpl.java:lambda$new$1(49)) - s0@group-DBBE7E7C6C61->s1: commitIndex: updateToMax old=1, new=1, updated? false
2022-08-02 21:05:53,563 [grpc-default-executor-3] DEBUG leader.FollowerInfo (FollowerInfoImpl.java:lambda$new$1(49)) - s0@group-DBBE7E7C6C61->s1: matchIndex: updateToMax old=2, new=-1, updated? false
2022-08-02 21:05:53,564 [grpc-default-executor-2] DEBUG leader.FollowerInfo (FollowerInfoImpl.java:lambda$new$1(49)) - s0@group-DBBE7E7C6C61->s2: commitIndex: updateToMax old=1, new=1, updated? false
2022-08-02 21:05:53,564 [grpc-default-executor-2] DEBUG leader.FollowerInfo (FollowerInfoImpl.java:lambda$new$1(49)) - s0@group-DBBE7E7C6C61->s2: matchIndex: updateToMax old=2, new=-1, updated? false
2022-08-02 21:05:53,564 [grpc-default-executor-3] DEBUG leader.FollowerInfo (FollowerInfoImpl.java:lambda$new$1(49)) - s0@group-DBBE7E7C6C61->s1: commitIndex: updateToMax old=1, new=1, updated? false
2022-08-02 21:05:53,565 [grpc-default-executor-3] DEBUG leader.FollowerInfo (FollowerInfoImpl.java:lambda$new$1(49)) - s0@group-DBBE7E7C6C61->s1: matchIndex: updateToMax old=2, new=-1, updated? false
2022-08-02 21:05:53,565 [grpc-default-executor-2] DEBUG leader.FollowerInfo (FollowerInfoImpl.java:lambda$new$1(49)) - s0@group-DBBE7E7C6C61->s2: commitIndex: updateToMax old=1, new=1, updated? false
2022-08-02 21:05:53,565 [grpc-default-executor-2] DEBUG leader.FollowerInfo (FollowerInfoImpl.java:lambda$new$1(49)) - s0@group-DBBE7E7C6C61->s2: matchIndex: updateToMax old=2, new=-1, updated? false
2022-08-02 21:05:53,566 [grpc-default-executor-3] DEBUG leader.FollowerInfo (FollowerInfoImpl.java:lambda$new$1(49)) - s0@group-DBBE7E7C6C61->s1: commitIndex: updateToMax old=1, new=1, updated? false
2022-08-02 21:05:53,568 [grpc-default-executor-3] DEBUG leader.FollowerInfo (FollowerInfoImpl.java:lambda$new$1(49)) - s0@group-DBBE7E7C6C61->s1: matchIndex: updateToMax old=2, new=-1, updated? false
2022-08-02 21:05:53,567 [grpc-default-executor-2] DEBUG leader.FollowerInfo (FollowerInfoImpl.java:lambda$new$1(49)) - s0@group-DBBE7E7C6C61->s2: commitIndex: updateToMax old=1, new=1, updated? false
2022-08-02 21:05:53,568 [grpc-default-executor-2] DEBUG leader.FollowerInfo (FollowerInfoImpl.java:lambda$new$1(49)) - s0@group-DBBE7E7C6C61->s2: matchIndex: updateToMax old=2, new=-1, updated? false
2022-08-02 21:05:53,569 [grpc-default-executor-3] DEBUG leader.FollowerInfo (FollowerInfoImpl.java:lambda$new$1(49)) - s0@group-DBBE7E7C6C61->s2: commitIndex: updateToMax old=1, new=1, updated? false
2022-08-02 21:05:53,569 [grpc-default-executor-3] DEBUG leader.FollowerInfo (FollowerInfoImpl.java:lambda$new$1(49)) - s0@group-DBBE7E7C6C61->s2: matchIndex: updateToMax old=2, new=-1, updated? false
2022-08-02 21:05:53,569 [grpc-default-executor-2] DEBUG leader.FollowerInfo (FollowerInfoImpl.java:lambda$new$1(49)) - s0@group-DBBE7E7C6C61->s2: commitIndex: updateToMax old=1, new=1, updated? false
2022-08-02 21:05:53,570 [grpc-default-executor-2] DEBUG leader.FollowerInfo (FollowerInfoImpl.java:lambda$new$1(49)) - s0@group-DBBE7E7C6C61->s2: matchIndex: updateToMax old=2, new=-1, updated? false
2022-08-02 21:05:53,570 [grpc-default-executor-2] DEBUG leader.FollowerInfo (FollowerInfoImpl.java:lambda$new$1(49)) - s0@group-DBBE7E7C6C61->s1: commitIndex: updateToMax old=1, new=1, updated? false
2022-08-02 21:05:53,570 [grpc-default-executor-2] DEBUG leader.FollowerInfo (FollowerInfoImpl.java:lambda$new$1(49)) - s0@group-DBBE7E7C6C61->s1: matchIndex: updateToMax old=2, new=-1, updated? false
2022-08-02 21:05:53,571 [grpc-default-executor-3] DEBUG leader.FollowerInfo (FollowerInfoImpl.java:lambda$new$1(49)) - s0@group-DBBE7E7C6C61->s2: commitIndex: updateToMax old=1, new=1, updated? false
2022-08-02 21:05:53,571 [grpc-default-executor-3] DEBUG leader.FollowerInfo (FollowerInfoImpl.java:lambda$new$1(49)) - s0@group-DBBE7E7C6C61->s2: matchIndex: updateToMax old=2, new=-1, updated? false
2022-08-02 21:05:53,572 [grpc-default-executor-2] DEBUG leader.FollowerInfo (FollowerInfoImpl.java:lambda$new$1(49)) - s0@group-DBBE7E7C6C61->s1: commitIndex: updateToMax old=1, new=1, updated? false
2022-08-02 21:05:53,572 [grpc-default-executor-2] DEBUG leader.FollowerInfo (FollowerInfoImpl.java:lambda$new$1(49)) - s0@group-DBBE7E7C6C61->s1: matchIndex: updateToMax old=2, new=-1, updated? false
2022-08-02 21:05:53,573 [grpc-default-executor-3] DEBUG leader.FollowerInfo (FollowerInfoImpl.java:lambda$new$1(49)) - s0@group-DBBE7E7C6C61->s2: commitIndex: updateToMax old=1, new=1, updated? false
2022-08-02 21:05:53,573 [grpc-default-executor-3] DEBUG leader.FollowerInfo (FollowerInfoImpl.java:lambda$new$1(49)) - s0@group-DBBE7E7C6C61->s2: matchIndex: updateToMax old=2, new=-1, updated? false
2022-08-02 21:05:53,574 [grpc-default-executor-2] DEBUG leader.FollowerInfo (FollowerInfoImpl.java:lambda$new$1(49)) - s0@group-DBBE7E7C6C61->s1: commitIndex: updateToMax old=1, new=1, updated? false
2022-08-02 21:05:53,574 [grpc-default-executor-2] DEBUG leader.FollowerInfo (FollowerInfoImpl.java:lambda$new$1(49)) - s0@group-DBBE7E7C6C61->s1: matchIndex: updateToMax old=2, new=-1, updated? false
2022-08-02 21:05:53,575 [grpc-default-executor-3] DEBUG leader.FollowerInfo (FollowerInfoImpl.java:lambda$new$1(49)) - s0@group-DBBE7E7C6C61->s2: commitIndex: updateToMax old=1, new=1, updated? false
2022-08-02 21:05:53,575 [grpc-default-executor-3] DEBUG leader.FollowerInfo (FollowerInfoImpl.java:lambda$new$1(49)) - s0@group-DBBE7E7C6C61->s2: matchIndex: updateToMax old=2, new=-1, updated? false
2022-08-02 21:05:53,576 [grpc-default-executor-2] DEBUG leader.FollowerInfo (FollowerInfoImpl.java:lambda$new$1(49)) - s0@group-DBBE7E7C6C61->s1: commitIndex: updateToMax old=1, new=1, updated? false
2022-08-02 21:05:53,576 [grpc-default-executor-2] DEBUG leader.FollowerInfo (FollowerInfoImpl.java:lambda$new$1(49)) - s0@group-DBBE7E7C6C61->s1: matchIndex: updateToMax old=2, new=-1, updated? false
2022-08-02 21:05:53,577 [grpc-default-executor-3] DEBUG leader.FollowerInfo (FollowerInfoImpl.java:lambda$new$1(49)) - s0@group-DBBE7E7C6C61->s2: commitIndex: updateToMax old=1, new=1, updated? false
2022-08-02 21:05:53,577 [grpc-default-executor-3] DEBUG leader.FollowerInfo (FollowerInfoImpl.java:lambda$new$1(49)) - s0@group-DBBE7E7C6C61->s2: matchIndex: updateToMax old=2, new=-1, updated? false
2022-08-02 21:05:53,582 [grpc-default-executor-2] DEBUG leader.FollowerInfo (FollowerInfoImpl.java:lambda$new$1(49)) - s0@group-DBBE7E7C6C61->s1: commitIndex: updateToMax old=1, new=1, updated? false
2022-08-02 21:05:53,582 [grpc-default-executor-2] DEBUG leader.FollowerInfo (FollowerInfoImpl.java:lambda$new$1(49)) - s0@group-DBBE7E7C6C61->s1: matchIndex: updateToMax old=2, new=-1, updated? false
2022-08-02 21:05:53,584 [grpc-default-executor-3] DEBUG leader.FollowerInfo (FollowerInfoImpl.java:lambda$new$1(49)) - s0@group-DBBE7E7C6C61->s2: commitIndex: updateToMax old=1, new=1, updated? false
2022-08-02 21:05:53,584 [grpc-default-executor-3] DEBUG leader.FollowerInfo (FollowerInfoImpl.java:lambda$new$1(49)) - s0@group-DBBE7E7C6C61->s2: matchIndex: updateToMax old=2, new=-1, updated? false
2022-08-02 21:05:53,585 [grpc-default-executor-2] DEBUG leader.FollowerInfo (FollowerInfoImpl.java:lambda$new$1(49)) - s0@group-DBBE7E7C6C61->s2: commitIndex: updateToMax old=1, new=1, updated? false
2022-08-02 21:05:53,585 [grpc-default-executor-2] DEBUG leader.FollowerInfo (FollowerInfoImpl.java:lambda$new$1(49)) - s0@group-DBBE7E7C6C61->s2: matchIndex: updateToMax old=2, new=-1, updated? false
2022-08-02 21:05:53,586 [grpc-default-executor-2] DEBUG leader.FollowerInfo (FollowerInfoImpl.java:lambda$new$1(49)) - s0@group-DBBE7E7C6C61->s1: commitIndex: updateToMax old=1, new=1, updated? false
2022-08-02 21:05:53,586 [grpc-default-executor-2] DEBUG leader.FollowerInfo (FollowerInfoImpl.java:lambda$new$1(49)) - s0@group-DBBE7E7C6C61->s1: matchIndex: updateToMax old=2, new=-1, updated? false
2022-08-02 21:05:53,587 [grpc-default-executor-3] DEBUG leader.FollowerInfo (FollowerInfoImpl.java:lambda$new$1(49)) - s0@group-DBBE7E7C6C61->s2: commitIndex: updateToMax old=1, new=1, updated? false
2022-08-02 21:05:53,587 [grpc-default-executor-3] DEBUG leader.FollowerInfo (FollowerInfoImpl.java:lambda$new$1(49)) - s0@group-DBBE7E7C6C61->s2: matchIndex: updateToMax old=2, new=-1, updated? false
2022-08-02 21:05:53,588 [grpc-default-executor-3] DEBUG leader.FollowerInfo (FollowerInfoImpl.java:lambda$new$1(49)) - s0@group-DBBE7E7C6C61->s2: commitIndex: updateToMax old=1, new=1, updated? false
2022-08-02 21:05:53,588 [grpc-default-executor-3] DEBUG leader.FollowerInfo (FollowerInfoImpl.java:lambda$new$1(49)) - s0@group-DBBE7E7C6C61->s2: matchIndex: updateToMax old=2, new=-1, updated? false
2022-08-02 21:05:53,588 [grpc-default-executor-3] DEBUG leader.FollowerInfo (FollowerInfoImpl.java:lambda$new$1(49)) - s0@group-DBBE7E7C6C61->s2: commitIndex: updateToMax old=1, new=1, updated? false
2022-08-02 21:05:53,589 [grpc-default-executor-3] DEBUG leader.FollowerInfo (FollowerInfoImpl.java:lambda$new$1(49)) - s0@group-DBBE7E7C6C61->s2: matchIndex: updateToMax old=2, new=-1, updated? false
2022-08-02 21:05:53,590 [grpc-default-executor-2] DEBUG leader.FollowerInfo (FollowerInfoImpl.java:lambda$new$1(49)) - s0@group-DBBE7E7C6C61->s2: commitIndex: updateToMax old=1, new=1, updated? false
2022-08-02 21:05:53,591 [grpc-default-executor-2] DEBUG leader.FollowerInfo (FollowerInfoImpl.java:lambda$new$1(49)) - s0@group-DBBE7E7C6C61->s2: matchIndex: updateToMax old=2, new=-1, updated? false
2022-08-02 21:05:53,591 [grpc-default-executor-3] DEBUG leader.FollowerInfo (FollowerInfoImpl.java:lambda$new$1(49)) - s0@group-DBBE7E7C6C61->s1: commitIndex: updateToMax old=1, new=1, updated? false
2022-08-02 21:05:53,591 [grpc-default-executor-3] DEBUG leader.FollowerInfo (FollowerInfoImpl.java:lambda$new$1(49)) - s0@group-DBBE7E7C6C61->s1: matchIndex: updateToMax old=2, new=-1, updated? false
2022-08-02 21:05:53,592 [grpc-default-executor-2] DEBUG leader.FollowerInfo (FollowerInfoImpl.java:lambda$new$1(49)) - s0@group-DBBE7E7C6C61->s2: commitIndex: updateToMax old=1, new=1, updated? false
2022-08-02 21:05:53,592 [grpc-default-executor-2] DEBUG leader.FollowerInfo (FollowerInfoImpl.java:lambda$new$1(49)) - s0@group-DBBE7E7C6C61->s2: matchIndex: updateToMax old=2, new=-1, updated? false
2022-08-02 21:05:53,592 [grpc-default-executor-0] DEBUG leader.FollowerInfo (FollowerInfoImpl.java:lambda$new$1(49)) - s0@group-DBBE7E7C6C61->s2: commitIndex: updateToMax old=1, new=1, updated? false
2022-08-02 21:05:53,592 [grpc-default-executor-0] DEBUG leader.FollowerInfo (FollowerInfoImpl.java:lambda$new$1(49)) - s0@group-DBBE7E7C6C61->s2: matchIndex: updateToMax old=2, new=-1, updated? false
2022-08-02 21:05:53,593 [grpc-default-executor-0] DEBUG leader.FollowerInfo (FollowerInfoImpl.java:lambda$new$1(49)) - s0@group-DBBE7E7C6C61->s2: commitIndex: updateToMax old=1, new=1, updated? false
2022-08-02 21:05:53,593 [grpc-default-executor-0] DEBUG leader.FollowerInfo (FollowerInfoImpl.java:lambda$new$1(49)) - s0@group-DBBE7E7C6C61->s2: matchIndex: updateToMax old=2, new=-1, updated? false
2022-08-02 21:05:53,594 [grpc-default-executor-2] DEBUG leader.FollowerInfo (FollowerInfoImpl.java:lambda$new$1(49)) - s0@group-DBBE7E7C6C61->s2: commitIndex: updateToMax old=1, new=1, updated? false
2022-08-02 21:05:53,594 [grpc-default-executor-2] DEBUG leader.FollowerInfo (FollowerInfoImpl.java:lambda$new$1(49)) - s0@group-DBBE7E7C6C61->s2: matchIndex: updateToMax old=2, new=-1, updated? false
2022-08-02 21:05:53,594 [grpc-default-executor-3] DEBUG leader.FollowerInfo (FollowerInfoImpl.java:lambda$new$1(49)) - s0@group-DBBE7E7C6C61->s1: commitIndex: updateToMax old=1, new=1, updated? false
2022-08-02 21:05:53,595 [grpc-default-executor-3] DEBUG leader.FollowerInfo (FollowerInfoImpl.java:lambda$new$1(49)) - s0@group-DBBE7E7C6C61->s1: matchIndex: updateToMax old=2, new=-1, updated? false
2022-08-02 21:05:53,595 [grpc-default-executor-0] DEBUG leader.FollowerInfo (FollowerInfoImpl.java:lambda$new$1(49)) - s0@group-DBBE7E7C6C61->s2: commitIndex: updateToMax old=1, new=1, updated? false
2022-08-02 21:05:53,595 [grpc-default-executor-0] DEBUG leader.FollowerInfo (FollowerInfoImpl.java:lambda$new$1(49)) - s0@group-DBBE7E7C6C61->s2: matchIndex: updateToMax old=2, new=-1, updated? false
2022-08-02 21:05:53,596 [grpc-default-executor-2] DEBUG leader.FollowerInfo (FollowerInfoImpl.java:lambda$new$1(49)) - s0@group-DBBE7E7C6C61->s1: commitIndex: updateToMax old=1, new=1, updated? false
2022-08-02 21:05:53,596 [grpc-default-executor-2] DEBUG leader.FollowerInfo (FollowerInfoImpl.java:lambda$new$1(49)) - s0@group-DBBE7E7C6C61->s1: matchIndex: updateToMax old=2, new=-1, updated? false
2022-08-02 21:05:53,596 [grpc-default-executor-0] DEBUG leader.FollowerInfo (FollowerInfoImpl.java:lambda$new$1(49)) - s0@group-DBBE7E7C6C61->s2: commitIndex: updateToMax old=1, new=1, updated? false
2022-08-02 21:05:53,596 [grpc-default-executor-0] DEBUG leader.FollowerInfo (FollowerInfoImpl.java:lambda$new$1(49)) - s0@group-DBBE7E7C6C61->s2: matchIndex: updateToMax old=2, new=-1, updated? false
2022-08-02 21:05:53,597 [grpc-default-executor-0] DEBUG leader.FollowerInfo (FollowerInfoImpl.java:lambda$new$1(49)) - s0@group-DBBE7E7C6C61->s2: commitIndex: updateToMax old=1, new=1, updated? false
2022-08-02 21:05:53,597 [grpc-default-executor-0] DEBUG leader.FollowerInfo (FollowerInfoImpl.java:lambda$new$1(49)) - s0@group-DBBE7E7C6C61->s2: matchIndex: updateToMax old=2, new=-1, updated? false
2022-08-02 21:05:53,597 [grpc-default-executor-0] DEBUG leader.FollowerInfo (FollowerInfoImpl.java:lambda$new$1(49)) - s0@group-DBBE7E7C6C61->s2: commitIndex: updateToMax old=1, new=1, updated? false
2022-08-02 21:05:53,598 [grpc-default-executor-0] DEBUG leader.FollowerInfo (FollowerInfoImpl.java:lambda$new$1(49)) - s0@group-DBBE7E7C6C61->s2: matchIndex: updateToMax old=2, new=-1, updated? false
2022-08-02 21:05:53,598 [grpc-default-executor-3] DEBUG leader.FollowerInfo (FollowerInfoImpl.java:lambda$new$1(49)) - s0@group-DBBE7E7C6C61->s2: commitIndex: updateToMax old=1, new=1, updated? false
2022-08-02 21:05:53,598 [grpc-default-executor-3] DEBUG leader.FollowerInfo (FollowerInfoImpl.java:lambda$new$1(49)) - s0@group-DBBE7E7C6C61->s2: matchIndex: updateToMax old=2, new=-1, updated? false
2022-08-02 21:05:53,598 [grpc-default-executor-3] DEBUG leader.FollowerInfo (FollowerInfoImpl.java:lambda$new$1(49)) - s0@group-DBBE7E7C6C61->s2: commitIndex: updateToMax old=1, new=1, updated? false
2022-08-02 21:05:53,599 [grpc-default-executor-3] DEBUG leader.FollowerInfo (FollowerInfoImpl.java:lambda$new$1(49)) - s0@group-DBBE7E7C6C61->s2: matchIndex: updateToMax old=2, new=-1, updated? false
2022-08-02 21:05:53,599 [grpc-default-executor-3] DEBUG leader.FollowerInfo (FollowerInfoImpl.java:lambda$new$1(49)) - s0@group-DBBE7E7C6C61->s1: commitIndex: updateToMax old=1, new=1, updated? false
2022-08-02 21:05:53,599 [grpc-default-executor-3] DEBUG leader.FollowerInfo (FollowerInfoImpl.java:lambda$new$1(49)) - s0@group-DBBE7E7C6C61->s1: matchIndex: updateToMax old=2, new=-1, updated? false
2022-08-02 21:05:53,600 [grpc-default-executor-2] DEBUG leader.FollowerInfo (FollowerInfoImpl.java:lambda$new$1(49)) - s0@group-DBBE7E7C6C61->s2: commitIndex: updateToMax old=1, new=1, updated? false
2022-08-02 21:05:53,600 [grpc-default-executor-2] DEBUG leader.FollowerInfo (FollowerInfoImpl.java:lambda$new$1(49)) - s0@group-DBBE7E7C6C61->s2: matchIndex: updateToMax old=2, new=-1, updated? false
2022-08-02 21:05:53,601 [grpc-default-executor-0] DEBUG leader.FollowerInfo (FollowerInfoImpl.java:lambda$new$1(49)) - s0@group-DBBE7E7C6C61->s2: commitIndex: updateToMax old=1, new=1, updated? false
2022-08-02 21:05:53,601 [grpc-default-executor-0] DEBUG leader.FollowerInfo (FollowerInfoImpl.java:lambda$new$1(49)) - s0@group-DBBE7E7C6C61->s2: matchIndex: updateToMax old=2, new=-1, updated? false
2022-08-02 21:05:53,601 [grpc-default-executor-2] DEBUG leader.FollowerInfo (FollowerInfoImpl.java:lambda$new$1(49)) - s0@group-DBBE7E7C6C61->s2: commitIndex: updateToMax old=1, new=1, updated? false
2022-08-02 21:05:53,601 [grpc-default-executor-2] DEBUG leader.FollowerInfo (FollowerInfoImpl.java:lambda$new$1(49)) - s0@group-DBBE7E7C6C61->s2: matchIndex: updateToMax old=2, new=-1, updated? false
2022-08-02 21:05:53,602 [grpc-default-executor-2] DEBUG leader.FollowerInfo (FollowerInfoImpl.java:lambda$new$1(49)) - s0@group-DBBE7E7C6C61->s2: commitIndex: updateToMax old=1, new=1, updated? false
2022-08-02 21:05:53,602 [grpc-default-executor-2] DEBUG leader.FollowerInfo (FollowerInfoImpl.java:lambda$new$1(49)) - s0@group-DBBE7E7C6C61->s2: matchIndex: updateToMax old=2, new=-1, updated? false
2022-08-02 21:05:53,602 [grpc-default-executor-0] DEBUG leader.FollowerInfo (FollowerInfoImpl.java:lambda$new$1(49)) - s0@group-DBBE7E7C6C61->s2: commitIndex: updateToMax old=1, new=1, updated? false
2022-08-02 21:05:53,602 [grpc-default-executor-0] DEBUG leader.FollowerInfo (FollowerInfoImpl.java:lambda$new$1(49)) - s0@group-DBBE7E7C6C61->s2: matchIndex: updateToMax old=2, new=-1, updated? false
2022-08-02 21:05:53,604 [grpc-default-executor-0] DEBUG leader.FollowerInfo (FollowerInfoImpl.java:lambda$new$1(49)) - s0@group-DBBE7E7C6C61->s1: commitIndex: updateToMax old=1, new=1, updated? false
2022-08-02 21:05:53,604 [grpc-default-executor-0] DEBUG leader.FollowerInfo (FollowerInfoImpl.java:lambda$new$1(49)) - s0@group-DBBE7E7C6C61->s1: matchIndex: updateToMax old=2, new=-1, updated? false
2022-08-02 21:05:53,604 [grpc-default-executor-0] DEBUG leader.FollowerInfo (FollowerInfoImpl.java:lambda$new$1(49)) - s0@group-DBBE7E7C6C61->s2: commitIndex: updateToMax old=1, new=1, updated? false
2022-08-02 21:05:53,605 [grpc-default-executor-0] DEBUG leader.FollowerInfo (FollowerInfoImpl.java:lambda$new$1(49)) - s0@group-DBBE7E7C6C61->s2: matchIndex: updateToMax old=2, new=-1, updated? false
2022-08-02 21:05:53,605 [grpc-default-executor-3] DEBUG leader.FollowerInfo (FollowerInfoImpl.java:lambda$new$1(49)) - s0@group-DBBE7E7C6C61->s2: commitIndex: updateToMax old=1, new=1, updated? false
2022-08-02 21:05:53,606 [grpc-default-executor-3] DEBUG leader.FollowerInfo (FollowerInfoImpl.java:lambda$new$1(49)) - s0@group-DBBE7E7C6C61->s2: matchIndex: updateToMax old=2, new=-1, updated? false
2022-08-02 21:05:53,606 [grpc-default-executor-3] DEBUG leader.FollowerInfo (FollowerInfoImpl.java:lambda$new$1(49)) - s0@group-DBBE7E7C6C61->s2: commitIndex: updateToMax old=1, new=1, updated? false
2022-08-02 21:05:53,606 [grpc-default-executor-3] DEBUG leader.FollowerInfo (FollowerInfoImpl.java:lambda$new$1(49)) - s0@group-DBBE7E7C6C61->s2: matchIndex: updateToMax old=2, new=-1, updated? false
2022-08-02 21:05:53,609 [grpc-default-executor-3] DEBUG leader.FollowerInfo (FollowerInfoImpl.java:lambda$new$1(49)) - s0@group-DBBE7E7C6C61->s1: commitIndex: updateToMax old=1, new=1, updated? false
2022-08-02 21:05:53,609 [grpc-default-executor-3] DEBUG leader.FollowerInfo (FollowerInfoImpl.java:lambda$new$1(49)) - s0@group-DBBE7E7C6C61->s1: matchIndex: updateToMax old=2, new=-1, updated? false
2022-08-02 21:05:53,609 [grpc-default-executor-0] DEBUG leader.FollowerInfo (FollowerInfoImpl.java:lambda$new$1(49)) - s0@group-DBBE7E7C6C61->s2: commitIndex: updateToMax old=1, new=1, updated? false
2022-08-02 21:05:53,609 [grpc-default-executor-0] DEBUG leader.FollowerInfo (FollowerInfoImpl.java:lambda$new$1(49)) - s0@group-DBBE7E7C6C61->s2: matchIndex: updateToMax old=2, new=-1, updated? false
2022-08-02 21:05:53,612 [grpc-default-executor-0] DEBUG leader.FollowerInfo (FollowerInfoImpl.java:lambda$new$1(49)) - s0@group-DBBE7E7C6C61->s2: commitIndex: updateToMax old=1, new=1, updated? false
2022-08-02 21:05:53,612 [grpc-default-executor-0] DEBUG leader.FollowerInfo (FollowerInfoImpl.java:lambda$new$1(49)) - s0@group-DBBE7E7C6C61->s2: matchIndex: updateToMax old=2, new=-1, updated? false
2022-08-02 21:05:53,613 [grpc-default-executor-3] DEBUG leader.FollowerInfo (FollowerInfoImpl.java:lambda$new$1(49)) - s0@group-DBBE7E7C6C61->s1: commitIndex: updateToMax old=1, new=1, updated? false
2022-08-02 21:05:53,613 [grpc-default-executor-3] DEBUG leader.FollowerInfo (FollowerInfoImpl.java:lambda$new$1(49)) - s0@group-DBBE7E7C6C61->s1: matchIndex: updateToMax old=2, new=-1, updated? false
2022-08-02 21:05:53,613 [grpc-default-executor-3] DEBUG leader.FollowerInfo (FollowerInfoImpl.java:lambda$new$1(49)) - s0@group-DBBE7E7C6C61->s2: commitIndex: updateToMax old=1, new=1, updated? false
2022-08-02 21:05:53,614 [grpc-default-executor-3] DEBUG leader.FollowerInfo (FollowerInfoImpl.java:lambda$new$1(49)) - s0@group-DBBE7E7C6C61->s2: matchIndex: updateToMax old=2, new=-1, updated? false
2022-08-02 21:05:53,614 [grpc-default-executor-0] DEBUG leader.FollowerInfo (FollowerInfoImpl.java:lambda$new$1(49)) - s0@group-DBBE7E7C6C61->s1: commitIndex: updateToMax old=1, new=1, updated? false
2022-08-02 21:05:53,615 [grpc-default-executor-0] DEBUG leader.FollowerInfo (FollowerInfoImpl.java:lambda$new$1(49)) - s0@group-DBBE7E7C6C61->s1: matchIndex: updateToMax old=2, new=-1, updated? false
2022-08-02 21:05:53,615 [grpc-default-executor-0] DEBUG leader.FollowerInfo (FollowerInfoImpl.java:lambda$new$1(49)) - s0@group-DBBE7E7C6C61->s2: commitIndex: updateToMax old=1, new=1, updated? false
2022-08-02 21:05:53,615 [grpc-default-executor-0] DEBUG leader.FollowerInfo (FollowerInfoImpl.java:lambda$new$1(49)) - s0@group-DBBE7E7C6C61->s2: matchIndex: updateToMax old=2, new=-1, updated? false
2022-08-02 21:05:53,616 [grpc-default-executor-3] DEBUG leader.FollowerInfo (FollowerInfoImpl.java:lambda$new$1(49)) - s0@group-DBBE7E7C6C61->s1: commitIndex: updateToMax old=1, new=1, updated? false
2022-08-02 21:05:53,616 [grpc-default-executor-3] DEBUG leader.FollowerInfo (FollowerInfoImpl.java:lambda$new$1(49)) - s0@group-DBBE7E7C6C61->s1: matchIndex: updateToMax old=2, new=-1, updated? false
2022-08-02 21:05:53,617 [grpc-default-executor-3] DEBUG leader.FollowerInfo (FollowerInfoImpl.java:lambda$new$1(49)) - s0@group-DBBE7E7C6C61->s2: commitIndex: updateToMax old=1, new=1, updated? false
2022-08-02 21:05:53,617 [grpc-default-executor-3] DEBUG leader.FollowerInfo (FollowerInfoImpl.java:lambda$new$1(49)) - s0@group-DBBE7E7C6C61->s2: matchIndex: updateToMax old=2, new=-1, updated? false
2022-08-02 21:05:53,618 [grpc-default-executor-0] DEBUG leader.FollowerInfo (FollowerInfoImpl.java:lambda$new$1(49)) - s0@group-DBBE7E7C6C61->s1: commitIndex: updateToMax old=1, new=1, updated? false
2022-08-02 21:05:53,618 [grpc-default-executor-0] DEBUG leader.FollowerInfo (FollowerInfoImpl.java:lambda$new$1(49)) - s0@group-DBBE7E7C6C61->s1: matchIndex: updateToMax old=2, new=-1, updated? false
2022-08-02 21:05:53,619 [grpc-default-executor-3] DEBUG leader.FollowerInfo (FollowerInfoImpl.java:lambda$new$1(49)) - s0@group-DBBE7E7C6C61->s2: commitIndex: updateToMax old=1, new=1, updated? false
2022-08-02 21:05:53,619 [grpc-default-executor-0] DEBUG leader.FollowerInfo (FollowerInfoImpl.java:lambda$new$1(49)) - s0@group-DBBE7E7C6C61->s1: commitIndex: updateToMax old=1, new=1, updated? false
2022-08-02 21:05:53,619 [grpc-default-executor-0] DEBUG leader.FollowerInfo (FollowerInfoImpl.java:lambda$new$1(49)) - s0@group-DBBE7E7C6C61->s1: matchIndex: updateToMax old=2, new=-1, updated? false
2022-08-02 21:05:53,619 [grpc-default-executor-3] DEBUG leader.FollowerInfo (FollowerInfoImpl.java:lambda$new$1(49)) - s0@group-DBBE7E7C6C61->s2: matchIndex: updateToMax old=2, new=-1, updated? false
2022-08-02 21:05:53,621 [grpc-default-executor-3] DEBUG leader.FollowerInfo (FollowerInfoImpl.java:lambda$new$1(49)) - s0@group-DBBE7E7C6C61->s1: commitIndex: updateToMax old=1, new=1, updated? false
2022-08-02 21:05:53,621 [grpc-default-executor-3] DEBUG leader.FollowerInfo (FollowerInfoImpl.java:lambda$new$1(49)) - s0@group-DBBE7E7C6C61->s1: matchIndex: updateToMax old=2, new=-1, updated? false
2022-08-02 21:05:53,621 [grpc-default-executor-0] DEBUG leader.FollowerInfo (FollowerInfoImpl.java:lambda$new$1(49)) - s0@group-DBBE7E7C6C61->s2: commitIndex: updateToMax old=1, new=1, updated? false
2022-08-02 21:05:53,621 [grpc-default-executor-0] DEBUG leader.FollowerInfo (FollowerInfoImpl.java:lambda$new$1(49)) - s0@group-DBBE7E7C6C61->s2: matchIndex: updateToMax old=2, new=-1, updated? false
2022-08-02 21:05:53,622 [grpc-default-executor-0] DEBUG leader.FollowerInfo (FollowerInfoImpl.java:lambda$new$1(49)) - s0@group-DBBE7E7C6C61->s1: commitIndex: updateToMax old=1, new=1, updated? false
2022-08-02 21:05:53,622 [grpc-default-executor-0] DEBUG leader.FollowerInfo (FollowerInfoImpl.java:lambda$new$1(49)) - s0@group-DBBE7E7C6C61->s1: matchIndex: updateToMax old=2, new=-1, updated? false
2022-08-02 21:05:53,623 [grpc-default-executor-0] DEBUG leader.FollowerInfo (FollowerInfoImpl.java:lambda$new$1(49)) - s0@group-DBBE7E7C6C61->s2: commitIndex: updateToMax old=1, new=1, updated? false
2022-08-02 21:05:53,623 [grpc-default-executor-0] DEBUG leader.FollowerInfo (FollowerInfoImpl.java:lambda$new$1(49)) - s0@group-DBBE7E7C6C61->s2: matchIndex: updateToMax old=2, new=-1, updated? false
2022-08-02 21:05:53,626 [grpc-default-executor-3] DEBUG leader.FollowerInfo (FollowerInfoImpl.java:lambda$new$1(49)) - s0@group-DBBE7E7C6C61->s1: commitIndex: updateToMax old=1, new=1, updated? false
2022-08-02 21:05:53,626 [grpc-default-executor-3] DEBUG leader.FollowerInfo (FollowerInfoImpl.java:lambda$new$1(49)) - s0@group-DBBE7E7C6C61->s1: matchIndex: updateToMax old=2, new=-1, updated? false
2022-08-02 21:05:53,626 [grpc-default-executor-0] DEBUG leader.FollowerInfo (FollowerInfoImpl.java:lambda$new$1(49)) - s0@group-DBBE7E7C6C61->s2: commitIndex: updateToMax old=1, new=1, updated? false
2022-08-02 21:05:53,627 [grpc-default-executor-0] DEBUG leader.FollowerInfo (FollowerInfoImpl.java:lambda$new$1(49)) - s0@group-DBBE7E7C6C61->s2: matchIndex: updateToMax old=2, new=-1, updated? false
2022-08-02 21:05:53,627 [grpc-default-executor-3] DEBUG leader.FollowerInfo (FollowerInfoImpl.java:lambda$new$1(49)) - s0@group-DBBE7E7C6C61->s1: commitIndex: updateToMax old=1, new=1, updated? false
2022-08-02 21:05:53,628 [grpc-default-executor-3] DEBUG leader.FollowerInfo (FollowerInfoImpl.java:lambda$new$1(49)) - s0@group-DBBE7E7C6C61->s1: matchIndex: updateToMax old=2, new=-1, updated? false
2022-08-02 21:05:53,628 [grpc-default-executor-3] DEBUG leader.FollowerInfo (FollowerInfoImpl.java:lambda$new$1(49)) - s0@group-DBBE7E7C6C61->s2: commitIndex: updateToMax old=1, new=1, updated? false
2022-08-02 21:05:53,628 [grpc-default-executor-3] DEBUG leader.FollowerInfo (FollowerInfoImpl.java:lambda$new$1(49)) - s0@group-DBBE7E7C6C61->s2: matchIndex: updateToMax old=2, new=-1, updated? false
2022-08-02 21:05:53,632 [grpc-default-executor-0] DEBUG leader.FollowerInfo (FollowerInfoImpl.java:lambda$new$1(49)) - s0@group-DBBE7E7C6C61->s1: commitIndex: updateToMax old=1, new=1, updated? false
2022-08-02 21:05:53,632 [grpc-default-executor-0] DEBUG leader.FollowerInfo (FollowerInfoImpl.java:lambda$new$1(49)) - s0@group-DBBE7E7C6C61->s1: matchIndex: updateToMax old=2, new=-1, updated? false
2022-08-02 21:05:53,632 [grpc-default-executor-3] DEBUG leader.FollowerInfo (FollowerInfoImpl.java:lambda$new$1(49)) - s0@group-DBBE7E7C6C61->s2: commitIndex: updateToMax old=1, new=1, updated? false
2022-08-02 21:05:53,632 [grpc-default-executor-3] DEBUG leader.FollowerInfo (FollowerInfoImpl.java:lambda$new$1(49)) - s0@group-DBBE7E7C6C61->s2: matchIndex: updateToMax old=2, new=-1, updated? false
2022-08-02 21:05:53,633 [grpc-default-executor-0] DEBUG leader.FollowerInfo (FollowerInfoImpl.java:lambda$new$1(49)) - s0@group-DBBE7E7C6C61->s2: commitIndex: updateToMax old=1, new=1, updated? false
2022-08-02 21:05:53,633 [grpc-default-executor-0] DEBUG leader.FollowerInfo (FollowerInfoImpl.java:lambda$new$1(49)) - s0@group-DBBE7E7C6C61->s2: matchIndex: updateToMax old=2, new=-1, updated? false
2022-08-02 21:05:53,634 [grpc-default-executor-0] DEBUG leader.FollowerInfo (FollowerInfoImpl.java:lambda$new$1(49)) - s0@group-DBBE7E7C6C61->s1: commitIndex: updateToMax old=1, new=1, updated? false
2022-08-02 21:05:53,634 [grpc-default-executor-0] DEBUG leader.FollowerInfo (FollowerInfoImpl.java:lambda$new$1(49)) - s0@group-DBBE7E7C6C61->s1: matchIndex: updateToMax old=2, new=-1, updated? false
2022-08-02 21:05:53,634 [grpc-default-executor-3] DEBUG leader.FollowerInfo (FollowerInfoImpl.java:lambda$new$1(49)) - s0@group-DBBE7E7C6C61->s2: commitIndex: updateToMax old=1, new=1, updated? false
2022-08-02 21:05:53,634 [grpc-default-executor-3] DEBUG leader.FollowerInfo (FollowerInfoImpl.java:lambda$new$1(49)) - s0@group-DBBE7E7C6C61->s2: matchIndex: updateToMax old=2, new=-1, updated? false
2022-08-02 21:05:53,635 [grpc-default-executor-3] DEBUG leader.FollowerInfo (FollowerInfoImpl.java:lambda$new$1(49)) - s0@group-DBBE7E7C6C61->s1: commitIndex: updateToMax old=1, new=1, updated? false
2022-08-02 21:05:53,635 [grpc-default-executor-3] DEBUG leader.FollowerInfo (FollowerInfoImpl.java:lambda$new$1(49)) - s0@group-DBBE7E7C6C61->s1: matchIndex: updateToMax old=2, new=-1, updated? false
2022-08-02 21:05:53,635 [grpc-default-executor-3] DEBUG leader.FollowerInfo (FollowerInfoImpl.java:lambda$new$1(49)) - s0@group-DBBE7E7C6C61->s2: commitIndex: updateToMax old=1, new=1, updated? false
2022-08-02 21:05:53,635 [grpc-default-executor-3] DEBUG leader.FollowerInfo (FollowerInfoImpl.java:lambda$new$1(49)) - s0@group-DBBE7E7C6C61->s2: matchIndex: updateToMax old=2, new=-1, updated? false
2022-08-02 21:05:53,636 [grpc-default-executor-0] DEBUG leader.FollowerInfo (FollowerInfoImpl.java:lambda$new$1(49)) - s0@group-DBBE7E7C6C61->s1: commitIndex: updateToMax old=1, new=1, updated? false
2022-08-02 21:05:53,636 [grpc-default-executor-0] DEBUG leader.FollowerInfo (FollowerInfoImpl.java:lambda$new$1(49)) - s0@group-DBBE7E7C6C61->s1: matchIndex: updateToMax old=2, new=-1, updated? false
2022-08-02 21:05:53,640 [grpc-default-executor-0] DEBUG leader.FollowerInfo (FollowerInfoImpl.java:lambda$new$1(49)) - s0@group-DBBE7E7C6C61->s2: commitIndex: updateToMax old=1, new=1, updated? false
2022-08-02 21:05:53,640 [grpc-default-executor-0] DEBUG leader.FollowerInfo (FollowerInfoImpl.java:lambda$new$1(49)) - s0@group-DBBE7E7C6C61->s2: matchIndex: updateToMax old=2, new=-1, updated? false
2022-08-02 21:05:53,641 [grpc-default-executor-3] DEBUG leader.FollowerInfo (FollowerInfoImpl.java:lambda$new$1(49)) - s0@group-DBBE7E7C6C61->s1: commitIndex: updateToMax old=1, new=1, updated? false
2022-08-02 21:05:53,641 [grpc-default-executor-3] DEBUG leader.FollowerInfo (FollowerInfoImpl.java:lambda$new$1(49)) - s0@group-DBBE7E7C6C61->s1: matchIndex: updateToMax old=2, new=-1, updated? false
2022-08-02 21:05:53,641 [grpc-default-executor-0] DEBUG leader.FollowerInfo (FollowerInfoImpl.java:lambda$new$1(49)) - s0@group-DBBE7E7C6C61->s2: commitIndex: updateToMax old=1, new=1, updated? false
2022-08-02 21:05:53,642 [grpc-default-executor-0] DEBUG leader.FollowerInfo (FollowerInfoImpl.java:lambda$new$1(49)) - s0@group-DBBE7E7C6C61->s2: matchIndex: updateToMax old=2, new=-1, updated? false
2022-08-02 21:05:53,642 [grpc-default-executor-3] DEBUG leader.FollowerInfo (FollowerInfoImpl.java:lambda$new$1(49)) - s0@group-DBBE7E7C6C61->s1: commitIndex: updateToMax old=1, new=1, updated? false
2022-08-02 21:05:53,642 [grpc-default-executor-3] DEBUG leader.FollowerInfo (FollowerInfoImpl.java:lambda$new$1(49)) - s0@group-DBBE7E7C6C61->s1: matchIndex: updateToMax old=2, new=-1, updated? false
2022-08-02 21:05:53,643 [grpc-default-executor-0] DEBUG leader.FollowerInfo (FollowerInfoImpl.java:lambda$new$1(49)) - s0@group-DBBE7E7C6C61->s2: commitIndex: updateToMax old=1, new=1, updated? false
2022-08-02 21:05:53,643 [grpc-default-executor-0] DEBUG leader.FollowerInfo (FollowerInfoImpl.java:lambda$new$1(49)) - s0@group-DBBE7E7C6C61->s2: matchIndex: updateToMax old=2, new=-1, updated? false
2022-08-02 21:05:53,644 [grpc-default-executor-3] DEBUG leader.FollowerInfo (FollowerInfoImpl.java:lambda$new$1(49)) - s0@group-DBBE7E7C6C61->s1: commitIndex: updateToMax old=1, new=1, updated? false
2022-08-02 21:05:53,644 [grpc-default-executor-3] DEBUG leader.FollowerInfo (FollowerInfoImpl.java:lambda$new$1(49)) - s0@group-DBBE7E7C6C61->s1: matchIndex: updateToMax old=2, new=-1, updated? false
2022-08-02 21:05:53,647 [grpc-default-executor-0] DEBUG leader.FollowerInfo (FollowerInfoImpl.java:lambda$new$1(49)) - s0@group-DBBE7E7C6C61->s2: commitIndex: updateToMax old=1, new=1, updated? false
2022-08-02 21:05:53,647 [grpc-default-executor-0] DEBUG leader.FollowerInfo (FollowerInfoImpl.java:lambda$new$1(49)) - s0@group-DBBE7E7C6C61->s2: matchIndex: updateToMax old=2, new=-1, updated? false
2022-08-02 21:05:53,647 [grpc-default-executor-3] DEBUG leader.FollowerInfo (FollowerInfoImpl.java:lambda$new$1(49)) - s0@group-DBBE7E7C6C61->s1: commitIndex: updateToMax old=1, new=1, updated? false
2022-08-02 21:05:53,648 [grpc-default-executor-3] DEBUG leader.FollowerInfo (FollowerInfoImpl.java:lambda$new$1(49)) - s0@group-DBBE7E7C6C61->s1: matchIndex: updateToMax old=2, new=-1, updated? false
2022-08-02 21:05:53,656 [grpc-default-executor-0] DEBUG leader.FollowerInfo (FollowerInfoImpl.java:lambda$new$1(49)) - s0@group-DBBE7E7C6C61->s2: commitIndex: updateToMax old=1, new=1, updated? false
2022-08-02 21:05:53,656 [grpc-default-executor-0] DEBUG leader.FollowerInfo (FollowerInfoImpl.java:lambda$new$1(49)) - s0@group-DBBE7E7C6C61->s2: matchIndex: updateToMax old=2, new=-1, updated? false
2022-08-02 21:05:53,657 [grpc-default-executor-3] DEBUG leader.FollowerInfo (FollowerInfoImpl.java:lambda$new$1(49)) - s0@group-DBBE7E7C6C61->s1: commitIndex: updateToMax old=1, new=1, updated? false
2022-08-02 21:05:53,657 [grpc-default-executor-3] DEBUG leader.FollowerInfo (FollowerInfoImpl.java:lambda$new$1(49)) - s0@group-DBBE7E7C6C61->s1: matchIndex: updateToMax old=2, new=-1, updated? false
2022-08-02 21:05:53,658 [grpc-default-executor-0] DEBUG leader.FollowerInfo (FollowerInfoImpl.java:lambda$new$1(49)) - s0@group-DBBE7E7C6C61->s2: commitIndex: updateToMax old=1, new=1, updated? false
2022-08-02 21:05:53,658 [grpc-default-executor-0] DEBUG leader.FollowerInfo (FollowerInfoImpl.java:lambda$new$1(49)) - s0@group-DBBE7E7C6C61->s2: matchIndex: updateToMax old=2, new=-1, updated? false
2022-08-02 21:05:53,659 [grpc-default-executor-3] DEBUG leader.FollowerInfo (FollowerInfoImpl.java:lambda$new$1(49)) - s0@group-DBBE7E7C6C61->s1: commitIndex: updateToMax old=1, new=1, updated? false
2022-08-02 21:05:53,659 [grpc-default-executor-3] DEBUG leader.FollowerInfo (FollowerInfoImpl.java:lambda$new$1(49)) - s0@group-DBBE7E7C6C61->s1: matchIndex: updateToMax old=2, new=-1, updated? false
2022-08-02 21:05:53,660 [grpc-default-executor-0] DEBUG leader.FollowerInfo (FollowerInfoImpl.java:lambda$new$1(49)) - s0@group-DBBE7E7C6C61->s2: commitIndex: updateToMax old=1, new=1, updated? false
2022-08-02 21:05:53,660 [grpc-default-executor-0] DEBUG leader.FollowerInfo (FollowerInfoImpl.java:lambda$new$1(49)) - s0@group-DBBE7E7C6C61->s2: matchIndex: updateToMax old=2, new=-1, updated? false
2022-08-02 21:05:53,661 [grpc-default-executor-0] DEBUG leader.FollowerInfo (FollowerInfoImpl.java:lambda$new$1(49)) - s0@group-DBBE7E7C6C61->s1: commitIndex: updateToMax old=1, new=1, updated? false
2022-08-02 21:05:53,661 [grpc-default-executor-0] DEBUG leader.FollowerInfo (FollowerInfoImpl.java:lambda$new$1(49)) - s0@group-DBBE7E7C6C61->s1: matchIndex: updateToMax old=2, new=-1, updated? false
2022-08-02 21:05:53,661 [grpc-default-executor-3] DEBUG leader.FollowerInfo (FollowerInfoImpl.java:lambda$new$1(49)) - s0@group-DBBE7E7C6C61->s2: commitIndex: updateToMax old=1, new=1, updated? false
2022-08-02 21:05:53,661 [grpc-default-executor-3] DEBUG leader.FollowerInfo (FollowerInfoImpl.java:lambda$new$1(49)) - s0@group-DBBE7E7C6C61->s2: matchIndex: updateToMax old=2, new=-1, updated? false
2022-08-02 21:05:53,662 [grpc-default-executor-3] DEBUG leader.FollowerInfo (FollowerInfoImpl.java:lambda$new$1(49)) - s0@group-DBBE7E7C6C61->s1: commitIndex: updateToMax old=1, new=1, updated? false
2022-08-02 21:05:53,662 [grpc-default-executor-3] DEBUG leader.FollowerInfo (FollowerInfoImpl.java:lambda$new$1(49)) - s0@group-DBBE7E7C6C61->s1: matchIndex: updateToMax old=2, new=-1, updated? false
2022-08-02 21:05:53,662 [grpc-default-executor-3] DEBUG leader.FollowerInfo (FollowerInfoImpl.java:lambda$new$1(49)) - s0@group-DBBE7E7C6C61->s2: commitIndex: updateToMax old=1, new=1, updated? false
2022-08-02 21:05:53,663 [grpc-default-executor-3] DEBUG leader.FollowerInfo (FollowerInfoImpl.java:lambda$new$1(49)) - s0@group-DBBE7E7C6C61->s2: matchIndex: updateToMax old=2, new=-1, updated? false
2022-08-02 21:05:53,663 [grpc-default-executor-3] DEBUG leader.FollowerInfo (FollowerInfoImpl.java:lambda$new$1(49)) - s0@group-DBBE7E7C6C61->s1: commitIndex: updateToMax old=1, new=1, updated? false
2022-08-02 21:05:53,663 [grpc-default-executor-3] DEBUG leader.FollowerInfo (FollowerInfoImpl.java:lambda$new$1(49)) - s0@group-DBBE7E7C6C61->s1: matchIndex: updateToMax old=2, new=-1, updated? false
2022-08-02 21:05:53,664 [grpc-default-executor-3] DEBUG leader.FollowerInfo (FollowerInfoImpl.java:lambda$new$1(49)) - s0@group-DBBE7E7C6C61->s2: commitIndex: updateToMax old=1, new=1, updated? false
2022-08-02 21:05:53,664 [grpc-default-executor-3] DEBUG leader.FollowerInfo (FollowerInfoImpl.java:lambda$new$1(49)) - s0@group-DBBE7E7C6C61->s2: matchIndex: updateToMax old=2, new=-1, updated? false
2022-08-02 21:05:53,665 [grpc-default-executor-3] DEBUG leader.FollowerInfo (FollowerInfoImpl.java:lambda$new$1(49)) - s0@group-DBBE7E7C6C61->s1: commitIndex: updateToMax old=1, new=1, updated? false
2022-08-02 21:05:53,665 [grpc-default-executor-3] DEBUG leader.FollowerInfo (FollowerInfoImpl.java:lambda$new$1(49)) - s0@group-DBBE7E7C6C61->s1: matchIndex: updateToMax old=2, new=-1, updated? false
2022-08-02 21:05:53,666 [grpc-default-executor-3] DEBUG leader.FollowerInfo (FollowerInfoImpl.java:lambda$new$1(49)) - s0@group-DBBE7E7C6C61->s2: commitIndex: updateToMax old=1, new=1, updated? false
2022-08-02 21:05:53,666 [grpc-default-executor-3] DEBUG leader.FollowerInfo (FollowerInfoImpl.java:lambda$new$1(49)) - s0@group-DBBE7E7C6C61->s2: matchIndex: updateToMax old=2, new=-1, updated? false
2022-08-02 21:05:53,666 [grpc-default-executor-3] DEBUG leader.FollowerInfo (FollowerInfoImpl.java:lambda$new$1(49)) - s0@group-DBBE7E7C6C61->s1: commitIndex: updateToMax old=1, new=1, updated? false
2022-08-02 21:05:53,666 [grpc-default-executor-3] DEBUG leader.FollowerInfo (FollowerInfoImpl.java:lambda$new$1(49)) - s0@group-DBBE7E7C6C61->s1: matchIndex: updateToMax old=2, new=-1, updated? false
2022-08-02 21:05:53,667 [grpc-default-executor-3] DEBUG leader.FollowerInfo (FollowerInfoImpl.java:lambda$new$1(49)) - s0@group-DBBE7E7C6C61->s2: commitIndex: updateToMax old=1, new=1, updated? false
2022-08-02 21:05:53,667 [grpc-default-executor-3] DEBUG leader.FollowerInfo (FollowerInfoImpl.java:lambda$new$1(49)) - s0@group-DBBE7E7C6C61->s2: matchIndex: updateToMax old=2, new=-1, updated? false
2022-08-02 21:05:53,668 [grpc-default-executor-3] DEBUG leader.FollowerInfo (FollowerInfoImpl.java:lambda$new$1(49)) - s0@group-DBBE7E7C6C61->s1: commitIndex: updateToMax old=1, new=1, updated? false
2022-08-02 21:05:53,668 [grpc-default-executor-3] DEBUG leader.FollowerInfo (FollowerInfoImpl.java:lambda$new$1(49)) - s0@group-DBBE7E7C6C61->s1: matchIndex: updateToMax old=2, new=-1, updated? false
2022-08-02 21:05:53,669 [grpc-default-executor-3] DEBUG leader.FollowerInfo (FollowerInfoImpl.java:lambda$new$1(49)) - s0@group-DBBE7E7C6C61->s2: commitIndex: updateToMax old=1, new=1, updated? false
2022-08-02 21:05:53,669 [grpc-default-executor-3] DEBUG leader.FollowerInfo (FollowerInfoImpl.java:lambda$new$1(49)) - s0@group-DBBE7E7C6C61->s2: matchIndex: updateToMax old=2, new=-1, updated? false
2022-08-02 21:05:53,670 [grpc-default-executor-3] DEBUG leader.FollowerInfo (FollowerInfoImpl.java:lambda$new$1(49)) - s0@group-DBBE7E7C6C61->s1: commitIndex: updateToMax old=1, new=1, updated? false
2022-08-02 21:05:53,670 [grpc-default-executor-3] DEBUG leader.FollowerInfo (FollowerInfoImpl.java:lambda$new$1(49)) - s0@group-DBBE7E7C6C61->s1: matchIndex: updateToMax old=2, new=-1, updated? false
2022-08-02 21:05:53,671 [grpc-default-executor-3] DEBUG leader.FollowerInfo (FollowerInfoImpl.java:lambda$new$1(49)) - s0@group-DBBE7E7C6C61->s2: commitIndex: updateToMax old=1, new=1, updated? false
2022-08-02 21:05:53,671 [grpc-default-executor-3] DEBUG leader.FollowerInfo (FollowerInfoImpl.java:lambda$new$1(49)) - s0@group-DBBE7E7C6C61->s2: matchIndex: updateToMax old=2, new=-1, updated? false
2022-08-02 21:05:53,671 [grpc-default-executor-3] DEBUG leader.FollowerInfo (FollowerInfoImpl.java:lambda$new$1(49)) - s0@group-DBBE7E7C6C61->s1: commitIndex: updateToMax old=1, new=1, updated? false
2022-08-02 21:05:53,672 [grpc-default-executor-3] DEBUG leader.FollowerInfo (FollowerInfoImpl.java:lambda$new$1(49)) - s0@group-DBBE7E7C6C61->s1: matchIndex: updateToMax old=2, new=-1, updated? false
2022-08-02 21:05:53,672 [grpc-default-executor-3] DEBUG leader.FollowerInfo (FollowerInfoImpl.java:lambda$new$1(49)) - s0@group-DBBE7E7C6C61->s2: commitIndex: updateToMax old=1, new=1, updated? false
2022-08-02 21:05:53,673 [grpc-default-executor-3] DEBUG leader.FollowerInfo (FollowerInfoImpl.java:lambda$new$1(49)) - s0@group-DBBE7E7C6C61->s2: matchIndex: updateToMax old=2, new=-1, updated? false
2022-08-02 21:05:53,673 [grpc-default-executor-3] DEBUG leader.FollowerInfo (FollowerInfoImpl.java:lambda$new$1(49)) - s0@group-DBBE7E7C6C61->s2: commitIndex: updateToMax old=1, new=1, updated? false
2022-08-02 21:05:53,673 [grpc-default-executor-3] DEBUG leader.FollowerInfo (FollowerInfoImpl.java:lambda$new$1(49)) - s0@group-DBBE7E7C6C61->s2: matchIndex: updateToMax old=2, new=-1, updated? false
2022-08-02 21:05:53,674 [grpc-default-executor-0] DEBUG leader.FollowerInfo (FollowerInfoImpl.java:lambda$new$1(49)) - s0@group-DBBE7E7C6C61->s1: commitIndex: updateToMax old=1, new=1, updated? false
2022-08-02 21:05:53,674 [grpc-default-executor-0] DEBUG leader.FollowerInfo (FollowerInfoImpl.java:lambda$new$1(49)) - s0@group-DBBE7E7C6C61->s1: matchIndex: updateToMax old=2, new=-1, updated? false
2022-08-02 21:05:53,675 [grpc-default-executor-0] DEBUG leader.FollowerInfo (FollowerInfoImpl.java:lambda$new$1(49)) - s0@group-DBBE7E7C6C61->s1: commitIndex: updateToMax old=1, new=1, updated? false
2022-08-02 21:05:53,675 [grpc-default-executor-0] DEBUG leader.FollowerInfo (FollowerInfoImpl.java:lambda$new$1(49)) - s0@group-DBBE7E7C6C61->s1: matchIndex: updateToMax old=2, new=-1, updated? false
2022-08-02 21:05:53,675 [grpc-default-executor-3] DEBUG leader.FollowerInfo (FollowerInfoImpl.java:lambda$new$1(49)) - s0@group-DBBE7E7C6C61->s2: commitIndex: updateToMax old=1, new=1, updated? false
2022-08-02 21:05:53,675 [grpc-default-executor-3] DEBUG leader.FollowerInfo (FollowerInfoImpl.java:lambda$new$1(49)) - s0@group-DBBE7E7C6C61->s2: matchIndex: updateToMax old=2, new=-1, updated? false
2022-08-02 21:05:53,676 [grpc-default-executor-3] DEBUG leader.FollowerInfo (FollowerInfoImpl.java:lambda$new$1(49)) - s0@group-DBBE7E7C6C61->s2: commitIndex: updateToMax old=1, new=1, updated? false
2022-08-02 21:05:53,677 [grpc-default-executor-3] DEBUG leader.FollowerInfo (FollowerInfoImpl.java:lambda$new$1(49)) - s0@group-DBBE7E7C6C61->s2: matchIndex: updateToMax old=2, new=-1, updated? false
2022-08-02 21:05:53,677 [grpc-default-executor-0] DEBUG leader.FollowerInfo (FollowerInfoImpl.java:lambda$new$1(49)) - s0@group-DBBE7E7C6C61->s1: commitIndex: updateToMax old=1, new=1, updated? false
2022-08-02 21:05:53,677 [grpc-default-executor-0] DEBUG leader.FollowerInfo (FollowerInfoImpl.java:lambda$new$1(49)) - s0@group-DBBE7E7C6C61->s1: matchIndex: updateToMax old=2, new=-1, updated? false
2022-08-02 21:05:53,678 [grpc-default-executor-3] DEBUG leader.FollowerInfo (FollowerInfoImpl.java:lambda$new$1(49)) - s0@group-DBBE7E7C6C61->s2: commitIndex: updateToMax old=1, new=1, updated? false
2022-08-02 21:05:53,678 [grpc-default-executor-3] DEBUG leader.FollowerInfo (FollowerInfoImpl.java:lambda$new$1(49)) - s0@group-DBBE7E7C6C61->s2: matchIndex: updateToMax old=2, new=-1, updated? false
2022-08-02 21:05:53,679 [grpc-default-executor-0] DEBUG leader.FollowerInfo (FollowerInfoImpl.java:lambda$new$1(49)) - s0@group-DBBE7E7C6C61->s1: commitIndex: updateToMax old=1, new=1, updated? false
2022-08-02 21:05:53,679 [grpc-default-executor-0] DEBUG leader.FollowerInfo (FollowerInfoImpl.java:lambda$new$1(49)) - s0@group-DBBE7E7C6C61->s1: matchIndex: updateToMax old=2, new=-1, updated? false
2022-08-02 21:05:53,680 [grpc-default-executor-0] DEBUG leader.FollowerInfo (FollowerInfoImpl.java:lambda$new$1(49)) - s0@group-DBBE7E7C6C61->s2: commitIndex: updateToMax old=1, new=1, updated? false
2022-08-02 21:05:53,680 [grpc-default-executor-0] DEBUG leader.FollowerInfo (FollowerInfoImpl.java:lambda$new$1(49)) - s0@group-DBBE7E7C6C61->s2: matchIndex: updateToMax old=2, new=-1, updated? false
2022-08-02 21:05:53,681 [grpc-default-executor-0] DEBUG leader.FollowerInfo (FollowerInfoImpl.java:lambda$new$1(49)) - s0@group-DBBE7E7C6C61->s1: commitIndex: updateToMax old=1, new=1, updated? false
2022-08-02 21:05:53,681 [grpc-default-executor-0] DEBUG leader.FollowerInfo (FollowerInfoImpl.java:lambda$new$1(49)) - s0@group-DBBE7E7C6C61->s1: matchIndex: updateToMax old=2, new=-1, updated? false
2022-08-02 21:05:53,681 [grpc-default-executor-3] DEBUG leader.FollowerInfo (FollowerInfoImpl.java:lambda$new$1(49)) - s0@group-DBBE7E7C6C61->s2: commitIndex: updateToMax old=1, new=1, updated? false
2022-08-02 21:05:53,681 [grpc-default-executor-3] DEBUG leader.FollowerInfo (FollowerInfoImpl.java:lambda$new$1(49)) - s0@group-DBBE7E7C6C61->s2: matchIndex: updateToMax old=2, new=-1, updated? false
2022-08-02 21:05:53,684 [grpc-default-executor-0] DEBUG leader.FollowerInfo (FollowerInfoImpl.java:lambda$new$1(49)) - s0@group-DBBE7E7C6C61->s2: commitIndex: updateToMax old=1, new=1, updated? false
2022-08-02 21:05:53,684 [grpc-default-executor-0] DEBUG leader.FollowerInfo (FollowerInfoImpl.java:lambda$new$1(49)) - s0@group-DBBE7E7C6C61->s2: matchIndex: updateToMax old=2, new=-1, updated? false
2022-08-02 21:05:53,684 [grpc-default-executor-0] DEBUG leader.FollowerInfo (FollowerInfoImpl.java:lambda$new$1(49)) - s0@group-DBBE7E7C6C61->s1: commitIndex: updateToMax old=1, new=1, updated? false
2022-08-02 21:05:53,684 [grpc-default-executor-0] DEBUG leader.FollowerInfo (FollowerInfoImpl.java:lambda$new$1(49)) - s0@group-DBBE7E7C6C61->s1: matchIndex: updateToMax old=2, new=-1, updated? false
2022-08-02 21:05:53,685 [grpc-default-executor-3] DEBUG leader.FollowerInfo (FollowerInfoImpl.java:lambda$new$1(49)) - s0@group-DBBE7E7C6C61->s2: commitIndex: updateToMax old=1, new=1, updated? false
2022-08-02 21:05:53,685 [grpc-default-executor-3] DEBUG leader.FollowerInfo (FollowerInfoImpl.java:lambda$new$1(49)) - s0@group-DBBE7E7C6C61->s2: matchIndex: updateToMax old=2, new=-1, updated? false
2022-08-02 21:05:53,685 [grpc-default-executor-3] DEBUG leader.FollowerInfo (FollowerInfoImpl.java:lambda$new$1(49)) - s0@group-DBBE7E7C6C61->s1: commitIndex: updateToMax old=1, new=1, updated? false
2022-08-02 21:05:53,685 [grpc-default-executor-3] DEBUG leader.FollowerInfo (FollowerInfoImpl.java:lambda$new$1(49)) - s0@group-DBBE7E7C6C61->s1: matchIndex: updateToMax old=2, new=-1, updated? false
2022-08-02 21:05:53,686 [grpc-default-executor-0] DEBUG leader.FollowerInfo (FollowerInfoImpl.java:lambda$new$1(49)) - s0@group-DBBE7E7C6C61->s2: commitIndex: updateToMax old=1, new=1, updated? false
2022-08-02 21:05:53,686 [grpc-default-executor-0] DEBUG leader.FollowerInfo (FollowerInfoImpl.java:lambda$new$1(49)) - s0@group-DBBE7E7C6C61->s2: matchIndex: updateToMax old=2, new=-1, updated? false
2022-08-02 21:05:53,687 [grpc-default-executor-3] DEBUG leader.FollowerInfo (FollowerInfoImpl.java:lambda$new$1(49)) - s0@group-DBBE7E7C6C61->s1: commitIndex: updateToMax old=1, new=1, updated? false
2022-08-02 21:05:53,687 [grpc-default-executor-3] DEBUG leader.FollowerInfo (FollowerInfoImpl.java:lambda$new$1(49)) - s0@group-DBBE7E7C6C61->s1: matchIndex: updateToMax old=2, new=-1, updated? false
2022-08-02 21:05:53,687 [grpc-default-executor-3] DEBUG leader.FollowerInfo (FollowerInfoImpl.java:lambda$new$1(49)) - s0@group-DBBE7E7C6C61->s2: commitIndex: updateToMax old=1, new=1, updated? false
2022-08-02 21:05:53,687 [grpc-default-executor-3] DEBUG leader.FollowerInfo (FollowerInfoImpl.java:lambda$new$1(49)) - s0@group-DBBE7E7C6C61->s2: matchIndex: updateToMax old=2, new=-1, updated? false
2022-08-02 21:05:53,687 [grpc-default-executor-3] DEBUG leader.FollowerInfo (FollowerInfoImpl.java:lambda$new$1(49)) - s0@group-DBBE7E7C6C61->s1: commitIndex: updateToMax old=1, new=1, updated? false
2022-08-02 21:05:53,687 [grpc-default-executor-3] DEBUG leader.FollowerInfo (FollowerInfoImpl.java:lambda$new$1(49)) - s0@group-DBBE7E7C6C61->s1: matchIndex: updateToMax old=2, new=-1, updated? false
2022-08-02 21:05:53,688 [grpc-default-executor-0] DEBUG leader.FollowerInfo (FollowerInfoImpl.java:lambda$new$1(49)) - s0@group-DBBE7E7C6C61->s1: commitIndex: updateToMax old=1, new=1, updated? false
2022-08-02 21:05:53,688 [grpc-default-executor-0] DEBUG leader.FollowerInfo (FollowerInfoImpl.java:lambda$new$1(49)) - s0@group-DBBE7E7C6C61->s1: matchIndex: updateToMax old=2, new=-1, updated? false
2022-08-02 21:05:53,689 [grpc-default-executor-0] DEBUG leader.FollowerInfo (FollowerInfoImpl.java:lambda$new$1(49)) - s0@group-DBBE7E7C6C61->s2: commitIndex: updateToMax old=1, new=1, updated? false
2022-08-02 21:05:53,689 [grpc-default-executor-0] DEBUG leader.FollowerInfo (FollowerInfoImpl.java:lambda$new$1(49)) - s0@group-DBBE7E7C6C61->s2: matchIndex: updateToMax old=2, new=-1, updated? false
2022-08-02 21:05:53,691 [grpc-default-executor-3] DEBUG leader.FollowerInfo (FollowerInfoImpl.java:lambda$new$1(49)) - s0@group-DBBE7E7C6C61->s1: commitIndex: updateToMax old=1, new=1, updated? false
2022-08-02 21:05:53,691 [grpc-default-executor-3] DEBUG leader.FollowerInfo (FollowerInfoImpl.java:lambda$new$1(49)) - s0@group-DBBE7E7C6C61->s1: matchIndex: updateToMax old=2, new=-1, updated? false
2022-08-02 21:05:53,692 [grpc-default-executor-0] DEBUG leader.FollowerInfo (FollowerInfoImpl.java:lambda$new$1(49)) - s0@group-DBBE7E7C6C61->s2: commitIndex: updateToMax old=1, new=1, updated? false
2022-08-02 21:05:53,692 [grpc-default-executor-0] DEBUG leader.FollowerInfo (FollowerInfoImpl.java:lambda$new$1(49)) - s0@group-DBBE7E7C6C61->s2: matchIndex: updateToMax old=2, new=-1, updated? false
2022-08-02 21:05:53,693 [grpc-default-executor-3] DEBUG leader.FollowerInfo (FollowerInfoImpl.java:lambda$new$1(49)) - s0@group-DBBE7E7C6C61->s1: commitIndex: updateToMax old=1, new=1, updated? false
2022-08-02 21:05:53,693 [grpc-default-executor-3] DEBUG leader.FollowerInfo (FollowerInfoImpl.java:lambda$new$1(49)) - s0@group-DBBE7E7C6C61->s1: matchIndex: updateToMax old=2, new=-1, updated? false
2022-08-02 21:05:53,694 [grpc-default-executor-0] DEBUG leader.FollowerInfo (FollowerInfoImpl.java:lambda$new$1(49)) - s0@group-DBBE7E7C6C61->s2: commitIndex: updateToMax old=1, new=1, updated? false
2022-08-02 21:05:53,694 [grpc-default-executor-0] DEBUG leader.FollowerInfo (FollowerInfoImpl.java:lambda$new$1(49)) - s0@group-DBBE7E7C6C61->s2: matchIndex: updateToMax old=2, new=-1, updated? false
2022-08-02 21:05:53,695 [grpc-default-executor-3] DEBUG leader.FollowerInfo (FollowerInfoImpl.java:lambda$new$1(49)) - s0@group-DBBE7E7C6C61->s1: commitIndex: updateToMax old=1, new=1, updated? false
2022-08-02 21:05:53,695 [grpc-default-executor-3] DEBUG leader.FollowerInfo (FollowerInfoImpl.java:lambda$new$1(49)) - s0@group-DBBE7E7C6C61->s1: matchIndex: updateToMax old=2, new=-1, updated? false
2022-08-02 21:05:53,695 [grpc-default-executor-0] DEBUG leader.FollowerInfo (FollowerInfoImpl.java:lambda$new$1(49)) - s0@group-DBBE7E7C6C61->s2: commitIndex: updateToMax old=1, new=1, updated? false
2022-08-02 21:05:53,696 [grpc-default-executor-0] DEBUG leader.FollowerInfo (FollowerInfoImpl.java:lambda$new$1(49)) - s0@group-DBBE7E7C6C61->s2: matchIndex: updateToMax old=2, new=-1, updated? false
2022-08-02 21:05:53,696 [grpc-default-executor-3] DEBUG leader.FollowerInfo (FollowerInfoImpl.java:lambda$new$1(49)) - s0@group-DBBE7E7C6C61->s1: commitIndex: updateToMax old=1, new=1, updated? false
2022-08-02 21:05:53,696 [grpc-default-executor-3] DEBUG leader.FollowerInfo (FollowerInfoImpl.java:lambda$new$1(49)) - s0@group-DBBE7E7C6C61->s1: matchIndex: updateToMax old=2, new=-1, updated? false
2022-08-02 21:05:53,697 [grpc-default-executor-0] DEBUG leader.FollowerInfo (FollowerInfoImpl.java:lambda$new$1(49)) - s0@group-DBBE7E7C6C61->s2: commitIndex: updateToMax old=1, new=1, updated? false
2022-08-02 21:05:53,697 [grpc-default-executor-0] DEBUG leader.FollowerInfo (FollowerInfoImpl.java:lambda$new$1(49)) - s0@group-DBBE7E7C6C61->s2: matchIndex: updateToMax old=2, new=-1, updated? false
2022-08-02 21:05:53,698 [grpc-default-executor-3] DEBUG leader.FollowerInfo (FollowerInfoImpl.java:lambda$new$1(49)) - s0@group-DBBE7E7C6C61->s1: commitIndex: updateToMax old=1, new=1, updated? false
2022-08-02 21:05:53,698 [grpc-default-executor-3] DEBUG leader.FollowerInfo (FollowerInfoImpl.java:lambda$new$1(49)) - s0@group-DBBE7E7C6C61->s1: matchIndex: updateToMax old=2, new=-1, updated? false
2022-08-02 21:05:53,698 [grpc-default-executor-0] DEBUG leader.FollowerInfo (FollowerInfoImpl.java:lambda$new$1(49)) - s0@group-DBBE7E7C6C61->s2: commitIndex: updateToMax old=1, new=1, updated? false
2022-08-02 21:05:53,698 [grpc-default-executor-0] DEBUG leader.FollowerInfo (FollowerInfoImpl.java:lambda$new$1(49)) - s0@group-DBBE7E7C6C61->s2: matchIndex: updateToMax old=2, new=-1, updated? false
2022-08-02 21:05:53,699 [grpc-default-executor-3] DEBUG leader.FollowerInfo (FollowerInfoImpl.java:lambda$new$1(49)) - s0@group-DBBE7E7C6C61->s1: commitIndex: updateToMax old=1, new=1, updated? false
2022-08-02 21:05:53,699 [grpc-default-executor-3] DEBUG leader.FollowerInfo (FollowerInfoImpl.java:lambda$new$1(49)) - s0@group-DBBE7E7C6C61->s1: matchIndex: updateToMax old=2, new=-1, updated? false
2022-08-02 21:05:53,700 [grpc-default-executor-0] DEBUG leader.FollowerInfo (FollowerInfoImpl.java:lambda$new$1(49)) - s0@group-DBBE7E7C6C61->s2: commitIndex: updateToMax old=1, new=1, updated? false
2022-08-02 21:05:53,700 [grpc-default-executor-0] DEBUG leader.FollowerInfo (FollowerInfoImpl.java:lambda$new$1(49)) - s0@group-DBBE7E7C6C61->s2: matchIndex: updateToMax old=2, new=-1, updated? false
2022-08-02 21:05:53,700 [grpc-default-executor-3] DEBUG leader.FollowerInfo (FollowerInfoImpl.java:lambda$new$1(49)) - s0@group-DBBE7E7C6C61->s1: commitIndex: updateToMax old=1, new=1, updated? false
2022-08-02 21:05:53,701 [grpc-default-executor-3] DEBUG leader.FollowerInfo (FollowerInfoImpl.java:lambda$new$1(49)) - s0@group-DBBE7E7C6C61->s1: matchIndex: updateToMax old=2, new=-1, updated? false
2022-08-02 21:05:53,701 [grpc-default-executor-3] DEBUG leader.FollowerInfo (FollowerInfoImpl.java:lambda$new$1(49)) - s0@group-DBBE7E7C6C61->s2: commitIndex: updateToMax old=1, new=1, updated? false
2022-08-02 21:05:53,701 [grpc-default-executor-3] DEBUG leader.FollowerInfo (FollowerInfoImpl.java:lambda$new$1(49)) - s0@group-DBBE7E7C6C61->s2: matchIndex: updateToMax old=2, new=-1, updated? false
2022-08-02 21:05:53,702 [grpc-default-executor-0] DEBUG leader.FollowerInfo (FollowerInfoImpl.java:lambda$new$1(49)) - s0@group-DBBE7E7C6C61->s1: commitIndex: updateToMax old=1, new=1, updated? false
2022-08-02 21:05:53,702 [grpc-default-executor-0] DEBUG leader.FollowerInfo (FollowerInfoImpl.java:lambda$new$1(49)) - s0@group-DBBE7E7C6C61->s1: matchIndex: updateToMax old=2, new=-1, updated? false
2022-08-02 21:05:53,703 [grpc-default-executor-0] DEBUG leader.FollowerInfo (FollowerInfoImpl.java:lambda$new$1(49)) - s0@group-DBBE7E7C6C61->s2: commitIndex: updateToMax old=1, new=1, updated? false
2022-08-02 21:05:53,703 [grpc-default-executor-0] DEBUG leader.FollowerInfo (FollowerInfoImpl.java:lambda$new$1(49)) - s0@group-DBBE7E7C6C61->s2: matchIndex: updateToMax old=2, new=-1, updated? false
2022-08-02 21:05:53,705 [grpc-default-executor-3] DEBUG leader.FollowerInfo (FollowerInfoImpl.java:lambda$new$1(49)) - s0@group-DBBE7E7C6C61->s1: commitIndex: updateToMax old=1, new=1, updated? false
2022-08-02 21:05:53,705 [grpc-default-executor-3] DEBUG leader.FollowerInfo (FollowerInfoImpl.java:lambda$new$1(49)) - s0@group-DBBE7E7C6C61->s1: matchIndex: updateToMax old=2, new=-1, updated? false
2022-08-02 21:05:53,705 [grpc-default-executor-0] DEBUG leader.FollowerInfo (FollowerInfoImpl.java:lambda$new$1(49)) - s0@group-DBBE7E7C6C61->s2: commitIndex: updateToMax old=1, new=1, updated? false
2022-08-02 21:05:53,706 [grpc-default-executor-0] DEBUG leader.FollowerInfo (FollowerInfoImpl.java:lambda$new$1(49)) - s0@group-DBBE7E7C6C61->s2: matchIndex: updateToMax old=2, new=-1, updated? false
2022-08-02 21:05:53,706 [grpc-default-executor-3] DEBUG leader.FollowerInfo (FollowerInfoImpl.java:lambda$new$1(49)) - s0@group-DBBE7E7C6C61->s1: commitIndex: updateToMax old=1, new=1, updated? false
2022-08-02 21:05:53,706 [grpc-default-executor-3] DEBUG leader.FollowerInfo (FollowerInfoImpl.java:lambda$new$1(49)) - s0@group-DBBE7E7C6C61->s1: matchIndex: updateToMax old=2, new=-1, updated? false
2022-08-02 21:05:53,707 [grpc-default-executor-0] DEBUG leader.FollowerInfo (FollowerInfoImpl.java:lambda$new$1(49)) - s0@group-DBBE7E7C6C61->s2: commitIndex: updateToMax old=1, new=1, updated? false
2022-08-02 21:05:53,707 [grpc-default-executor-0] DEBUG leader.FollowerInfo (FollowerInfoImpl.java:lambda$new$1(49)) - s0@group-DBBE7E7C6C61->s2: matchIndex: updateToMax old=2, new=-1, updated? false
2022-08-02 21:05:53,708 [grpc-default-executor-0] DEBUG leader.FollowerInfo (FollowerInfoImpl.java:lambda$new$1(49)) - s0@group-DBBE7E7C6C61->s1: commitIndex: updateToMax old=1, new=1, updated? false
2022-08-02 21:05:53,708 [grpc-default-executor-0] DEBUG leader.FollowerInfo (FollowerInfoImpl.java:lambda$new$1(49)) - s0@group-DBBE7E7C6C61->s1: matchIndex: updateToMax old=2, new=-1, updated? false
2022-08-02 21:05:53,708 [grpc-default-executor-3] DEBUG leader.FollowerInfo (FollowerInfoImpl.java:lambda$new$1(49)) - s0@group-DBBE7E7C6C61->s2: commitIndex: updateToMax old=1, new=1, updated? false
2022-08-02 21:05:53,708 [grpc-default-executor-3] DEBUG leader.FollowerInfo (FollowerInfoImpl.java:lambda$new$1(49)) - s0@group-DBBE7E7C6C61->s2: matchIndex: updateToMax old=2, new=-1, updated? false
2022-08-02 21:05:53,709 [grpc-default-executor-3] DEBUG leader.FollowerInfo (FollowerInfoImpl.java:lambda$new$1(49)) - s0@group-DBBE7E7C6C61->s1: commitIndex: updateToMax old=1, new=1, updated? false
2022-08-02 21:05:53,709 [grpc-default-executor-3] DEBUG leader.FollowerInfo (FollowerInfoImpl.java:lambda$new$1(49)) - s0@group-DBBE7E7C6C61->s1: matchIndex: updateToMax old=2, new=-1, updated? false
2022-08-02 21:05:53,710 [grpc-default-executor-0] DEBUG leader.FollowerInfo (FollowerInfoImpl.java:lambda$new$1(49)) - s0@group-DBBE7E7C6C61->s2: commitIndex: updateToMax old=1, new=1, updated? false
2022-08-02 21:05:53,710 [grpc-default-executor-0] DEBUG leader.FollowerInfo (FollowerInfoImpl.java:lambda$new$1(49)) - s0@group-DBBE7E7C6C61->s2: matchIndex: updateToMax old=2, new=-1, updated? false
2022-08-02 21:05:53,710 [grpc-default-executor-0] DEBUG leader.FollowerInfo (FollowerInfoImpl.java:lambda$new$1(49)) - s0@group-DBBE7E7C6C61->s1: commitIndex: updateToMax old=1, new=1, updated? false
2022-08-02 21:05:53,710 [grpc-default-executor-0] DEBUG leader.FollowerInfo (FollowerInfoImpl.java:lambda$new$1(49)) - s0@group-DBBE7E7C6C61->s1: matchIndex: updateToMax old=2, new=-1, updated? false
2022-08-02 21:05:53,711 [grpc-default-executor-3] DEBUG leader.FollowerInfo (FollowerInfoImpl.java:lambda$new$1(49)) - s0@group-DBBE7E7C6C61->s2: commitIndex: updateToMax old=1, new=1, updated? false
2022-08-02 21:05:53,711 [grpc-default-executor-3] DEBUG leader.FollowerInfo (FollowerInfoImpl.java:lambda$new$1(49)) - s0@group-DBBE7E7C6C61->s2: matchIndex: updateToMax old=2, new=-1, updated? false
2022-08-02 21:05:53,712 [grpc-default-executor-3] DEBUG leader.FollowerInfo (FollowerInfoImpl.java:lambda$new$1(49)) - s0@group-DBBE7E7C6C61->s1: commitIndex: updateToMax old=1, new=1, updated? false
2022-08-02 21:05:53,712 [grpc-default-executor-3] DEBUG leader.FollowerInfo (FollowerInfoImpl.java:lambda$new$1(49)) - s0@group-DBBE7E7C6C61->s1: matchIndex: updateToMax old=2, new=-1, updated? false
2022-08-02 21:05:53,712 [grpc-default-executor-0] DEBUG leader.FollowerInfo (FollowerInfoImpl.java:lambda$new$1(49)) - s0@group-DBBE7E7C6C61->s2: commitIndex: updateToMax old=1, new=1, updated? false
2022-08-02 21:05:53,712 [grpc-default-executor-0] DEBUG leader.FollowerInfo (FollowerInfoImpl.java:lambda$new$1(49)) - s0@group-DBBE7E7C6C61->s2: matchIndex: updateToMax old=2, new=-1, updated? false
2022-08-02 21:05:53,713 [grpc-default-executor-3] DEBUG leader.FollowerInfo (FollowerInfoImpl.java:lambda$new$1(49)) - s0@group-DBBE7E7C6C61->s1: commitIndex: updateToMax old=1, new=1, updated? false
2022-08-02 21:05:53,713 [grpc-default-executor-3] DEBUG leader.FollowerInfo (FollowerInfoImpl.java:lambda$new$1(49)) - s0@group-DBBE7E7C6C61->s1: matchIndex: updateToMax old=2, new=-1, updated? false
2022-08-02 21:05:53,715 [grpc-default-executor-0] DEBUG leader.FollowerInfo (FollowerInfoImpl.java:lambda$new$1(49)) - s0@group-DBBE7E7C6C61->s2: commitIndex: updateToMax old=1, new=1, updated? false
2022-08-02 21:05:53,716 [grpc-default-executor-0] DEBUG leader.FollowerInfo (FollowerInfoImpl.java:lambda$new$1(49)) - s0@group-DBBE7E7C6C61->s2: matchIndex: updateToMax old=2, new=-1, updated? false
2022-08-02 21:05:53,717 [grpc-default-executor-3] DEBUG leader.FollowerInfo (FollowerInfoImpl.java:lambda$new$1(49)) - s0@group-DBBE7E7C6C61->s1: commitIndex: updateToMax old=1, new=1, updated? false
2022-08-02 21:05:53,717 [grpc-default-executor-3] DEBUG leader.FollowerInfo (FollowerInfoImpl.java:lambda$new$1(49)) - s0@group-DBBE7E7C6C61->s1: matchIndex: updateToMax old=2, new=-1, updated? false
2022-08-02 21:05:53,717 [grpc-default-executor-0] DEBUG leader.FollowerInfo (FollowerInfoImpl.java:lambda$new$1(49)) - s0@group-DBBE7E7C6C61->s2: commitIndex: updateToMax old=1, new=1, updated? false
2022-08-02 21:05:53,718 [grpc-default-executor-0] DEBUG leader.FollowerInfo (FollowerInfoImpl.java:lambda$new$1(49)) - s0@group-DBBE7E7C6C61->s2: matchIndex: updateToMax old=2, new=-1, updated? false
2022-08-02 21:05:53,718 [grpc-default-executor-3] DEBUG leader.FollowerInfo (FollowerInfoImpl.java:lambda$new$1(49)) - s0@group-DBBE7E7C6C61->s1: commitIndex: updateToMax old=1, new=1, updated? false
2022-08-02 21:05:53,719 [grpc-default-executor-3] DEBUG leader.FollowerInfo (FollowerInfoImpl.java:lambda$new$1(49)) - s0@group-DBBE7E7C6C61->s1: matchIndex: updateToMax old=2, new=-1, updated? false
2022-08-02 21:05:53,719 [grpc-default-executor-0] DEBUG leader.FollowerInfo (FollowerInfoImpl.java:lambda$new$1(49)) - s0@group-DBBE7E7C6C61->s2: commitIndex: updateToMax old=1, new=1, updated? false
2022-08-02 21:05:53,719 [grpc-default-executor-0] DEBUG leader.FollowerInfo (FollowerInfoImpl.java:lambda$new$1(49)) - s0@group-DBBE7E7C6C61->s2: matchIndex: updateToMax old=2, new=-1, updated? false
2022-08-02 21:05:53,720 [grpc-default-executor-3] DEBUG leader.FollowerInfo (FollowerInfoImpl.java:lambda$new$1(49)) - s0@group-DBBE7E7C6C61->s1: commitIndex: updateToMax old=1, new=1, updated? false
2022-08-02 21:05:53,720 [grpc-default-executor-3] DEBUG leader.FollowerInfo (FollowerInfoImpl.java:lambda$new$1(49)) - s0@group-DBBE7E7C6C61->s1: matchIndex: updateToMax old=2, new=-1, updated? false
2022-08-02 21:05:53,721 [grpc-default-executor-0] DEBUG leader.FollowerInfo (FollowerInfoImpl.java:lambda$new$1(49)) - s0@group-DBBE7E7C6C61->s2: commitIndex: updateToMax old=1, new=1, updated? false
2022-08-02 21:05:53,721 [grpc-default-executor-0] DEBUG leader.FollowerInfo (FollowerInfoImpl.java:lambda$new$1(49)) - s0@group-DBBE7E7C6C61->s2: matchIndex: updateToMax old=2, new=-1, updated? false
2022-08-02 21:05:53,722 [grpc-default-executor-3] DEBUG leader.FollowerInfo (FollowerInfoImpl.java:lambda$new$1(49)) - s0@group-DBBE7E7C6C61->s1: commitIndex: updateToMax old=1, new=1, updated? false
2022-08-02 21:05:53,722 [grpc-default-executor-3] DEBUG leader.FollowerInfo (FollowerInfoImpl.java:lambda$new$1(49)) - s0@group-DBBE7E7C6C61->s1: matchIndex: updateToMax old=2, new=-1, updated? false
2022-08-02 21:05:53,723 [grpc-default-executor-0] DEBUG leader.FollowerInfo (FollowerInfoImpl.java:lambda$new$1(49)) - s0@group-DBBE7E7C6C61->s2: commitIndex: updateToMax old=1, new=1, updated? false
2022-08-02 21:05:53,723 [grpc-default-executor-0] DEBUG leader.FollowerInfo (FollowerInfoImpl.java:lambda$new$1(49)) - s0@group-DBBE7E7C6C61->s2: matchIndex: updateToMax old=2, new=-1, updated? false
2022-08-02 21:05:53,724 [grpc-default-executor-3] DEBUG leader.FollowerInfo (FollowerInfoImpl.java:lambda$new$1(49)) - s0@group-DBBE7E7C6C61->s1: commitIndex: updateToMax old=1, new=1, updated? false
2022-08-02 21:05:53,724 [grpc-default-executor-3] DEBUG leader.FollowerInfo (FollowerInfoImpl.java:lambda$new$1(49)) - s0@group-DBBE7E7C6C61->s1: matchIndex: updateToMax old=2, new=-1, updated? false
2022-08-02 21:05:53,724 [grpc-default-executor-2] DEBUG leader.FollowerInfo (FollowerInfoImpl.java:lambda$new$1(49)) - s0@group-DBBE7E7C6C61->s2: commitIndex: updateToMax old=1, new=1, updated? false
2022-08-02 21:05:53,724 [grpc-default-executor-2] DEBUG leader.FollowerInfo (FollowerInfoImpl.java:lambda$new$1(49)) - s0@group-DBBE7E7C6C61->s2: matchIndex: updateToMax old=2, new=-1, updated? false
2022-08-02 21:05:53,725 [grpc-default-executor-3] DEBUG leader.FollowerInfo (FollowerInfoImpl.java:lambda$new$1(49)) - s0@group-DBBE7E7C6C61->s1: commitIndex: updateToMax old=1, new=1, updated? false
2022-08-02 21:05:53,725 [grpc-default-executor-3] DEBUG leader.FollowerInfo (FollowerInfoImpl.java:lambda$new$1(49)) - s0@group-DBBE7E7C6C61->s1: matchIndex: updateToMax old=2, new=-1, updated? false
2022-08-02 21:05:53,726 [grpc-default-executor-3] DEBUG leader.FollowerInfo (FollowerInfoImpl.java:lambda$new$1(49)) - s0@group-DBBE7E7C6C61->s2: commitIndex: updateToMax old=1, new=1, updated? false
2022-08-02 21:05:53,726 [grpc-default-executor-3] DEBUG leader.FollowerInfo (FollowerInfoImpl.java:lambda$new$1(49)) - s0@group-DBBE7E7C6C61->s2: matchIndex: updateToMax old=2, new=-1, updated? false
2022-08-02 21:05:53,726 [grpc-default-executor-3] DEBUG leader.FollowerInfo (FollowerInfoImpl.java:lambda$new$1(49)) - s0@group-DBBE7E7C6C61->s1: commitIndex: updateToMax old=1, new=1, updated? false
2022-08-02 21:05:53,726 [grpc-default-executor-3] DEBUG leader.FollowerInfo (FollowerInfoImpl.java:lambda$new$1(49)) - s0@group-DBBE7E7C6C61->s1: matchIndex: updateToMax old=2, new=-1, updated? false
2022-08-02 21:05:53,727 [grpc-default-executor-3] DEBUG leader.FollowerInfo (FollowerInfoImpl.java:lambda$new$1(49)) - s0@group-DBBE7E7C6C61->s2: commitIndex: updateToMax old=1, new=1, updated? false
2022-08-02 21:05:53,727 [grpc-default-executor-3] DEBUG leader.FollowerInfo (FollowerInfoImpl.java:lambda$new$1(49)) - s0@group-DBBE7E7C6C61->s2: matchIndex: updateToMax old=2, new=-1, updated? false
2022-08-02 21:05:53,728 [grpc-default-executor-2] DEBUG leader.FollowerInfo (FollowerInfoImpl.java:lambda$new$1(49)) - s0@group-DBBE7E7C6C61->s1: commitIndex: updateToMax old=1, new=1, updated? false
2022-08-02 21:05:53,728 [grpc-default-executor-2] DEBUG leader.FollowerInfo (FollowerInfoImpl.java:lambda$new$1(49)) - s0@group-DBBE7E7C6C61->s1: matchIndex: updateToMax old=2, new=-1, updated? false
2022-08-02 21:05:53,728 [grpc-default-executor-3] DEBUG leader.FollowerInfo (FollowerInfoImpl.java:lambda$new$1(49)) - s0@group-DBBE7E7C6C61->s2: commitIndex: updateToMax old=1, new=1, updated? false
2022-08-02 21:05:53,728 [grpc-default-executor-3] DEBUG leader.FollowerInfo (FollowerInfoImpl.java:lambda$new$1(49)) - s0@group-DBBE7E7C6C61->s2: matchIndex: updateToMax old=2, new=-1, updated? false
2022-08-02 21:05:53,729 [grpc-default-executor-3] DEBUG leader.FollowerInfo (FollowerInfoImpl.java:lambda$new$1(49)) - s0@group-DBBE7E7C6C61->s1: commitIndex: updateToMax old=1, new=1, updated? false
2022-08-02 21:05:53,729 [grpc-default-executor-3] DEBUG leader.FollowerInfo (FollowerInfoImpl.java:lambda$new$1(49)) - s0@group-DBBE7E7C6C61->s1: matchIndex: updateToMax old=2, new=-1, updated? false
2022-08-02 21:05:53,731 [grpc-default-executor-3] DEBUG leader.FollowerInfo (FollowerInfoImpl.java:lambda$new$1(49)) - s0@group-DBBE7E7C6C61->s2: commitIndex: updateToMax old=1, new=1, updated? false
2022-08-02 21:05:53,731 [grpc-default-executor-3] DEBUG leader.FollowerInfo (FollowerInfoImpl.java:lambda$new$1(49)) - s0@group-DBBE7E7C6C61->s2: matchIndex: updateToMax old=2, new=-1, updated? false
2022-08-02 21:05:53,732 [grpc-default-executor-2] DEBUG leader.FollowerInfo (FollowerInfoImpl.java:lambda$new$1(49)) - s0@group-DBBE7E7C6C61->s1: commitIndex: updateToMax old=1, new=1, updated? false
2022-08-02 21:05:53,732 [grpc-default-executor-2] DEBUG leader.FollowerInfo (FollowerInfoImpl.java:lambda$new$1(49)) - s0@group-DBBE7E7C6C61->s1: matchIndex: updateToMax old=2, new=-1, updated? false
2022-08-02 21:05:53,732 [grpc-default-executor-2] DEBUG leader.FollowerInfo (FollowerInfoImpl.java:lambda$new$1(49)) - s0@group-DBBE7E7C6C61->s2: commitIndex: updateToMax old=1, new=1, updated? false
2022-08-02 21:05:53,732 [grpc-default-executor-2] DEBUG leader.FollowerInfo (FollowerInfoImpl.java:lambda$new$1(49)) - s0@group-DBBE7E7C6C61->s2: matchIndex: updateToMax old=2, new=-1, updated? false
2022-08-02 21:05:53,733 [grpc-default-executor-3] DEBUG leader.FollowerInfo (FollowerInfoImpl.java:lambda$new$1(49)) - s0@group-DBBE7E7C6C61->s1: commitIndex: updateToMax old=1, new=1, updated? false
2022-08-02 21:05:53,733 [grpc-default-executor-3] DEBUG leader.FollowerInfo (FollowerInfoImpl.java:lambda$new$1(49)) - s0@group-DBBE7E7C6C61->s1: matchIndex: updateToMax old=2, new=-1, updated? false
2022-08-02 21:05:53,733 [grpc-default-executor-2] DEBUG leader.FollowerInfo (FollowerInfoImpl.java:lambda$new$1(49)) - s0@group-DBBE7E7C6C61->s2: commitIndex: updateToMax old=1, new=1, updated? false
2022-08-02 21:05:53,733 [grpc-default-executor-2] DEBUG leader.FollowerInfo (FollowerInfoImpl.java:lambda$new$1(49)) - s0@group-DBBE7E7C6C61->s2: matchIndex: updateToMax old=2, new=-1, updated? false
2022-08-02 21:05:53,734 [grpc-default-executor-3] DEBUG leader.FollowerInfo (FollowerInfoImpl.java:lambda$new$1(49)) - s0@group-DBBE7E7C6C61->s1: commitIndex: updateToMax old=1, new=1, updated? false
2022-08-02 21:05:53,734 [grpc-default-executor-3] DEBUG leader.FollowerInfo (FollowerInfoImpl.java:lambda$new$1(49)) - s0@group-DBBE7E7C6C61->s1: matchIndex: updateToMax old=2, new=-1, updated? false
2022-08-02 21:05:53,735 [grpc-default-executor-2] DEBUG leader.FollowerInfo (FollowerInfoImpl.java:lambda$new$1(49)) - s0@group-DBBE7E7C6C61->s1: commitIndex: updateToMax old=1, new=1, updated? false
2022-08-02 21:05:53,735 [grpc-default-executor-2] DEBUG leader.FollowerInfo (FollowerInfoImpl.java:lambda$new$1(49)) - s0@group-DBBE7E7C6C61->s1: matchIndex: updateToMax old=2, new=-1, updated? false
2022-08-02 21:05:53,739 [grpc-default-executor-3] DEBUG leader.FollowerInfo (FollowerInfoImpl.java:lambda$new$1(49)) - s0@group-DBBE7E7C6C61->s2: commitIndex: updateToMax old=1, new=1, updated? false
2022-08-02 21:05:53,739 [grpc-default-executor-3] DEBUG leader.FollowerInfo (FollowerInfoImpl.java:lambda$new$1(49)) - s0@group-DBBE7E7C6C61->s2: matchIndex: updateToMax old=2, new=-1, updated? false
2022-08-02 21:05:53,740 [grpc-default-executor-3] DEBUG leader.FollowerInfo (FollowerInfoImpl.java:lambda$new$1(49)) - s0@group-DBBE7E7C6C61->s1: commitIndex: updateToMax old=1, new=1, updated? false
2022-08-02 21:05:53,740 [grpc-default-executor-3] DEBUG leader.FollowerInfo (FollowerInfoImpl.java:lambda$new$1(49)) - s0@group-DBBE7E7C6C61->s1: matchIndex: updateToMax old=2, new=-1, updated? false
2022-08-02 21:05:53,740 [grpc-default-executor-2] DEBUG leader.FollowerInfo (FollowerInfoImpl.java:lambda$new$1(49)) - s0@group-DBBE7E7C6C61->s2: commitIndex: updateToMax old=1, new=1, updated? false
2022-08-02 21:05:53,740 [grpc-default-executor-2] DEBUG leader.FollowerInfo (FollowerInfoImpl.java:lambda$new$1(49)) - s0@group-DBBE7E7C6C61->s2: matchIndex: updateToMax old=2, new=-1, updated? false
2022-08-02 21:05:53,741 [grpc-default-executor-3] DEBUG leader.FollowerInfo (FollowerInfoImpl.java:lambda$new$1(49)) - s0@group-DBBE7E7C6C61->s1: commitIndex: updateToMax old=1, new=1, updated? false
2022-08-02 21:05:53,741 [grpc-default-executor-3] DEBUG leader.FollowerInfo (FollowerInfoImpl.java:lambda$new$1(49)) - s0@group-DBBE7E7C6C61->s1: matchIndex: updateToMax old=2, new=-1, updated? false
2022-08-02 21:05:53,741 [grpc-default-executor-2] DEBUG leader.FollowerInfo (FollowerInfoImpl.java:lambda$new$1(49)) - s0@group-DBBE7E7C6C61->s2: commitIndex: updateToMax old=1, new=1, updated? false
2022-08-02 21:05:53,741 [grpc-default-executor-2] DEBUG leader.FollowerInfo (FollowerInfoImpl.java:lambda$new$1(49)) - s0@group-DBBE7E7C6C61->s2: matchIndex: updateToMax old=2, new=-1, updated? false
2022-08-02 21:05:53,742 [grpc-default-executor-2] DEBUG leader.FollowerInfo (FollowerInfoImpl.java:lambda$new$1(49)) - s0@group-DBBE7E7C6C61->s1: commitIndex: updateToMax old=1, new=1, updated? false
2022-08-02 21:05:53,742 [grpc-default-executor-2] DEBUG leader.FollowerInfo (FollowerInfoImpl.java:lambda$new$1(49)) - s0@group-DBBE7E7C6C61->s1: matchIndex: updateToMax old=2, new=-1, updated? false
2022-08-02 21:05:53,743 [grpc-default-executor-3] DEBUG leader.FollowerInfo (FollowerInfoImpl.java:lambda$new$1(49)) - s0@group-DBBE7E7C6C61->s1: commitIndex: updateToMax old=1, new=1, updated? false
2022-08-02 21:05:53,743 [grpc-default-executor-3] DEBUG leader.FollowerInfo (FollowerInfoImpl.java:lambda$new$1(49)) - s0@group-DBBE7E7C6C61->s1: matchIndex: updateToMax old=2, new=-1, updated? false
2022-08-02 21:05:53,743 [grpc-default-executor-2] DEBUG leader.FollowerInfo (FollowerInfoImpl.java:lambda$new$1(49)) - s0@group-DBBE7E7C6C61->s2: commitIndex: updateToMax old=1, new=1, updated? false
2022-08-02 21:05:53,744 [grpc-default-executor-2] DEBUG leader.FollowerInfo (FollowerInfoImpl.java:lambda$new$1(49)) - s0@group-DBBE7E7C6C61->s2: matchIndex: updateToMax old=2, new=-1, updated? false
2022-08-02 21:05:53,744 [grpc-default-executor-3] DEBUG leader.FollowerInfo (FollowerInfoImpl.java:lambda$new$1(49)) - s0@group-DBBE7E7C6C61->s1: commitIndex: updateToMax old=1, new=1, updated? false
2022-08-02 21:05:53,744 [grpc-default-executor-3] DEBUG leader.FollowerInfo (FollowerInfoImpl.java:lambda$new$1(49)) - s0@group-DBBE7E7C6C61->s1: matchIndex: updateToMax old=2, new=-1, updated? false
2022-08-02 21:05:53,748 [grpc-default-executor-2] DEBUG leader.FollowerInfo (FollowerInfoImpl.java:lambda$new$1(49)) - s0@group-DBBE7E7C6C61->s2: commitIndex: updateToMax old=1, new=1, updated? false
2022-08-02 21:05:53,748 [grpc-default-executor-2] DEBUG leader.FollowerInfo (FollowerInfoImpl.java:lambda$new$1(49)) - s0@group-DBBE7E7C6C61->s2: matchIndex: updateToMax old=2, new=-1, updated? false
2022-08-02 21:05:53,748 [grpc-default-executor-2] DEBUG leader.FollowerInfo (FollowerInfoImpl.java:lambda$new$1(49)) - s0@group-DBBE7E7C6C61->s1: commitIndex: updateToMax old=1, new=1, updated? false
2022-08-02 21:05:53,748 [grpc-default-executor-2] DEBUG leader.FollowerInfo (FollowerInfoImpl.java:lambda$new$1(49)) - s0@group-DBBE7E7C6C61->s1: matchIndex: updateToMax old=2, new=-1, updated? false
2022-08-02 21:05:53,749 [grpc-default-executor-2] DEBUG leader.FollowerInfo (FollowerInfoImpl.java:lambda$new$1(49)) - s0@group-DBBE7E7C6C61->s2: commitIndex: updateToMax old=1, new=1, updated? false
2022-08-02 21:05:53,749 [grpc-default-executor-2] DEBUG leader.FollowerInfo (FollowerInfoImpl.java:lambda$new$1(49)) - s0@group-DBBE7E7C6C61->s2: matchIndex: updateToMax old=2, new=-1, updated? false
2022-08-02 21:05:53,749 [grpc-default-executor-3] DEBUG leader.FollowerInfo (FollowerInfoImpl.java:lambda$new$1(49)) - s0@group-DBBE7E7C6C61->s1: commitIndex: updateToMax old=1, new=1, updated? false
2022-08-02 21:05:53,749 [grpc-default-executor-3] DEBUG leader.FollowerInfo (FollowerInfoImpl.java:lambda$new$1(49)) - s0@group-DBBE7E7C6C61->s1: matchIndex: updateToMax old=2, new=-1, updated? false
2022-08-02 21:05:53,750 [grpc-default-executor-3] DEBUG leader.FollowerInfo (FollowerInfoImpl.java:lambda$new$1(49)) - s0@group-DBBE7E7C6C61->s1: commitIndex: updateToMax old=1, new=1, updated? false
2022-08-02 21:05:53,750 [grpc-default-executor-3] DEBUG leader.FollowerInfo (FollowerInfoImpl.java:lambda$new$1(49)) - s0@group-DBBE7E7C6C61->s1: matchIndex: updateToMax old=2, new=-1, updated? false
2022-08-02 21:05:53,751 [grpc-default-executor-3] DEBUG leader.FollowerInfo (FollowerInfoImpl.java:lambda$new$1(49)) - s0@group-DBBE7E7C6C61->s2: commitIndex: updateToMax old=1, new=1, updated? false
2022-08-02 21:05:53,751 [grpc-default-executor-3] DEBUG leader.FollowerInfo (FollowerInfoImpl.java:lambda$new$1(49)) - s0@group-DBBE7E7C6C61->s2: matchIndex: updateToMax old=2, new=-1, updated? false
2022-08-02 21:05:53,752 [grpc-default-executor-3] DEBUG leader.FollowerInfo (FollowerInfoImpl.java:lambda$new$1(49)) - s0@group-DBBE7E7C6C61->s1: commitIndex: updateToMax old=1, new=1, updated? false
2022-08-02 21:05:53,752 [grpc-default-executor-3] DEBUG leader.FollowerInfo (FollowerInfoImpl.java:lambda$new$1(49)) - s0@group-DBBE7E7C6C61->s1: matchIndex: updateToMax old=2, new=-1, updated? false
2022-08-02 21:05:53,752 [grpc-default-executor-2] DEBUG leader.FollowerInfo (FollowerInfoImpl.java:lambda$new$1(49)) - s0@group-DBBE7E7C6C61->s2: commitIndex: updateToMax old=1, new=1, updated? false
2022-08-02 21:05:53,752 [grpc-default-executor-2] DEBUG leader.FollowerInfo (FollowerInfoImpl.java:lambda$new$1(49)) - s0@group-DBBE7E7C6C61->s2: matchIndex: updateToMax old=2, new=-1, updated? false
2022-08-02 21:05:53,753 [grpc-default-executor-2] DEBUG leader.FollowerInfo (FollowerInfoImpl.java:lambda$new$1(49)) - s0@group-DBBE7E7C6C61->s1: commitIndex: updateToMax old=1, new=1, updated? false
2022-08-02 21:05:53,753 [grpc-default-executor-2] DEBUG leader.FollowerInfo (FollowerInfoImpl.java:lambda$new$1(49)) - s0@group-DBBE7E7C6C61->s1: matchIndex: updateToMax old=2, new=-1, updated? false
2022-08-02 21:05:53,753 [grpc-default-executor-3] DEBUG leader.FollowerInfo (FollowerInfoImpl.java:lambda$new$1(49)) - s0@group-DBBE7E7C6C61->s2: commitIndex: updateToMax old=1, new=1, updated? false
2022-08-02 21:05:53,753 [grpc-default-executor-3] DEBUG leader.FollowerInfo (FollowerInfoImpl.java:lambda$new$1(49)) - s0@group-DBBE7E7C6C61->s2: matchIndex: updateToMax old=2, new=-1, updated? false
2022-08-02 21:05:53,754 [grpc-default-executor-3] DEBUG leader.FollowerInfo (FollowerInfoImpl.java:lambda$new$1(49)) - s0@group-DBBE7E7C6C61->s1: commitIndex: updateToMax old=1, new=1, updated? false
2022-08-02 21:05:53,754 [grpc-default-executor-3] DEBUG leader.FollowerInfo (FollowerInfoImpl.java:lambda$new$1(49)) - s0@group-DBBE7E7C6C61->s1: matchIndex: updateToMax old=2, new=-1, updated? false
2022-08-02 21:05:53,754 [grpc-default-executor-2] DEBUG leader.FollowerInfo (FollowerInfoImpl.java:lambda$new$1(49)) - s0@group-DBBE7E7C6C61->s2: commitIndex: updateToMax old=1, new=1, updated? false
2022-08-02 21:05:53,755 [grpc-default-executor-2] DEBUG leader.FollowerInfo (FollowerInfoImpl.java:lambda$new$1(49)) - s0@group-DBBE7E7C6C61->s2: matchIndex: updateToMax old=2, new=-1, updated? false
2022-08-02 21:05:53,755 [grpc-default-executor-2] DEBUG leader.FollowerInfo (FollowerInfoImpl.java:lambda$new$1(49)) - s0@group-DBBE7E7C6C61->s1: commitIndex: updateToMax old=1, new=1, updated? false
2022-08-02 21:05:53,755 [grpc-default-executor-2] DEBUG leader.FollowerInfo (FollowerInfoImpl.java:lambda$new$1(49)) - s0@group-DBBE7E7C6C61->s1: matchIndex: updateToMax old=2, new=-1, updated? false
2022-08-02 21:05:53,756 [grpc-default-executor-3] DEBUG leader.FollowerInfo (FollowerInfoImpl.java:lambda$new$1(49)) - s0@group-DBBE7E7C6C61->s2: commitIndex: updateToMax old=1, new=1, updated? false
2022-08-02 21:05:53,756 [grpc-default-executor-3] DEBUG leader.FollowerInfo (FollowerInfoImpl.java:lambda$new$1(49)) - s0@group-DBBE7E7C6C61->s2: matchIndex: updateToMax old=2, new=-1, updated? false
2022-08-02 21:05:53,757 [grpc-default-executor-3] DEBUG leader.FollowerInfo (FollowerInfoImpl.java:lambda$new$1(49)) - s0@group-DBBE7E7C6C61->s1: commitIndex: updateToMax old=1, new=1, updated? false
2022-08-02 21:05:53,757 [grpc-default-executor-3] DEBUG leader.FollowerInfo (FollowerInfoImpl.java:lambda$new$1(49)) - s0@group-DBBE7E7C6C61->s1: matchIndex: updateToMax old=2, new=-1, updated? false
2022-08-02 21:05:53,757 [grpc-default-executor-2] DEBUG leader.FollowerInfo (FollowerInfoImpl.java:lambda$new$1(49)) - s0@group-DBBE7E7C6C61->s2: commitIndex: updateToMax old=1, new=1, updated? false
2022-08-02 21:05:53,757 [grpc-default-executor-2] DEBUG leader.FollowerInfo (FollowerInfoImpl.java:lambda$new$1(49)) - s0@group-DBBE7E7C6C61->s2: matchIndex: updateToMax old=2, new=-1, updated? false
2022-08-02 21:05:53,757 [grpc-default-executor-3] DEBUG leader.FollowerInfo (FollowerInfoImpl.java:lambda$new$1(49)) - s0@group-DBBE7E7C6C61->s1: commitIndex: updateToMax old=1, new=1, updated? false
2022-08-02 21:05:53,758 [grpc-default-executor-3] DEBUG leader.FollowerInfo (FollowerInfoImpl.java:lambda$new$1(49)) - s0@group-DBBE7E7C6C61->s1: matchIndex: updateToMax old=2, new=-1, updated? false
2022-08-02 21:05:53,759 [grpc-default-executor-3] DEBUG leader.FollowerInfo (FollowerInfoImpl.java:lambda$new$1(49)) - s0@group-DBBE7E7C6C61->s2: commitIndex: updateToMax old=1, new=1, updated? false
2022-08-02 21:05:53,759 [grpc-default-executor-3] DEBUG leader.FollowerInfo (FollowerInfoImpl.java:lambda$new$1(49)) - s0@group-DBBE7E7C6C61->s2: matchIndex: updateToMax old=2, new=-1, updated? false
2022-08-02 21:05:53,763 [grpc-default-executor-3] DEBUG leader.FollowerInfo (FollowerInfoImpl.java:lambda$new$1(49)) - s0@group-DBBE7E7C6C61->s1: commitIndex: updateToMax old=1, new=1, updated? false
2022-08-02 21:05:53,763 [grpc-default-executor-3] DEBUG leader.FollowerInfo (FollowerInfoImpl.java:lambda$new$1(49)) - s0@group-DBBE7E7C6C61->s1: matchIndex: updateToMax old=2, new=-1, updated? false
2022-08-02 21:05:53,764 [grpc-default-executor-2] DEBUG leader.FollowerInfo (FollowerInfoImpl.java:lambda$new$1(49)) - s0@group-DBBE7E7C6C61->s2: commitIndex: updateToMax old=1, new=1, updated? false
2022-08-02 21:05:53,764 [grpc-default-executor-2] DEBUG leader.FollowerInfo (FollowerInfoImpl.java:lambda$new$1(49)) - s0@group-DBBE7E7C6C61->s2: matchIndex: updateToMax old=2, new=-1, updated? false
2022-08-02 21:05:53,764 [grpc-default-executor-2] DEBUG leader.FollowerInfo (FollowerInfoImpl.java:lambda$new$1(49)) - s0@group-DBBE7E7C6C61->s1: commitIndex: updateToMax old=1, new=1, updated? false
2022-08-02 21:05:53,765 [grpc-default-executor-2] DEBUG leader.FollowerInfo (FollowerInfoImpl.java:lambda$new$1(49)) - s0@group-DBBE7E7C6C61->s1: matchIndex: updateToMax old=2, new=-1, updated? false
2022-08-02 21:05:53,765 [grpc-default-executor-3] DEBUG leader.FollowerInfo (FollowerInfoImpl.java:lambda$new$1(49)) - s0@group-DBBE7E7C6C61->s1: commitIndex: updateToMax old=1, new=1, updated? false
2022-08-02 21:05:53,765 [grpc-default-executor-3] DEBUG leader.FollowerInfo (FollowerInfoImpl.java:lambda$new$1(49)) - s0@group-DBBE7E7C6C61->s1: matchIndex: updateToMax old=2, new=-1, updated? false
2022-08-02 21:05:53,766 [grpc-default-executor-2] DEBUG leader.FollowerInfo (FollowerInfoImpl.java:lambda$new$1(49)) - s0@group-DBBE7E7C6C61->s2: commitIndex: updateToMax old=1, new=1, updated? false
2022-08-02 21:05:53,766 [grpc-default-executor-2] DEBUG leader.FollowerInfo (FollowerInfoImpl.java:lambda$new$1(49)) - s0@group-DBBE7E7C6C61->s2: matchIndex: updateToMax old=2, new=-1, updated? false
2022-08-02 21:05:53,767 [grpc-default-executor-3] DEBUG leader.FollowerInfo (FollowerInfoImpl.java:lambda$new$1(49)) - s0@group-DBBE7E7C6C61->s2: commitIndex: updateToMax old=1, new=1, updated? false
2022-08-02 21:05:53,767 [grpc-default-executor-3] DEBUG leader.FollowerInfo (FollowerInfoImpl.java:lambda$new$1(49)) - s0@group-DBBE7E7C6C61->s2: matchIndex: updateToMax old=2, new=-1, updated? false
2022-08-02 21:05:53,767 [grpc-default-executor-3] DEBUG leader.FollowerInfo (FollowerInfoImpl.java:lambda$new$1(49)) - s0@group-DBBE7E7C6C61->s1: commitIndex: updateToMax old=1, new=1, updated? false
2022-08-02 21:05:53,767 [grpc-default-executor-3] DEBUG leader.FollowerInfo (FollowerInfoImpl.java:lambda$new$1(49)) - s0@group-DBBE7E7C6C61->s1: matchIndex: updateToMax old=2, new=-1, updated? false
2022-08-02 21:05:53,772 [grpc-default-executor-2] DEBUG leader.FollowerInfo (FollowerInfoImpl.java:lambda$new$1(49)) - s0@group-DBBE7E7C6C61->s2: commitIndex: updateToMax old=1, new=1, updated? false
2022-08-02 21:05:53,772 [grpc-default-executor-2] DEBUG leader.FollowerInfo (FollowerInfoImpl.java:lambda$new$1(49)) - s0@group-DBBE7E7C6C61->s2: matchIndex: updateToMax old=2, new=-1, updated? false
2022-08-02 21:05:53,772 [grpc-default-executor-3] DEBUG leader.FollowerInfo (FollowerInfoImpl.java:lambda$new$1(49)) - s0@group-DBBE7E7C6C61->s1: commitIndex: updateToMax old=1, new=1, updated? false
2022-08-02 21:05:53,772 [grpc-default-executor-3] DEBUG leader.FollowerInfo (FollowerInfoImpl.java:lambda$new$1(49)) - s0@group-DBBE7E7C6C61->s1: matchIndex: updateToMax old=2, new=-1, updated? false
2022-08-02 21:05:53,773 [grpc-default-executor-2] DEBUG leader.FollowerInfo (FollowerInfoImpl.java:lambda$new$1(49)) - s0@group-DBBE7E7C6C61->s2: commitIndex: updateToMax old=1, new=1, updated? false
2022-08-02 21:05:53,773 [grpc-default-executor-2] DEBUG leader.FollowerInfo (FollowerInfoImpl.java:lambda$new$1(49)) - s0@group-DBBE7E7C6C61->s2: matchIndex: updateToMax old=2, new=-1, updated? false
2022-08-02 21:05:53,774 [grpc-default-executor-3] DEBUG leader.FollowerInfo (FollowerInfoImpl.java:lambda$new$1(49)) - s0@group-DBBE7E7C6C61->s1: commitIndex: updateToMax old=1, new=1, updated? false
2022-08-02 21:05:53,774 [grpc-default-executor-3] DEBUG leader.FollowerInfo (FollowerInfoImpl.java:lambda$new$1(49)) - s0@group-DBBE7E7C6C61->s1: matchIndex: updateToMax old=2, new=-1, updated? false
2022-08-02 21:05:53,774 [grpc-default-executor-2] DEBUG leader.FollowerInfo (FollowerInfoImpl.java:lambda$new$1(49)) - s0@group-DBBE7E7C6C61->s2: commitIndex: updateToMax old=1, new=1, updated? false
2022-08-02 21:05:53,775 [grpc-default-executor-2] DEBUG leader.FollowerInfo (FollowerInfoImpl.java:lambda$new$1(49)) - s0@group-DBBE7E7C6C61->s2: matchIndex: updateToMax old=2, new=-1, updated? false
2022-08-02 21:05:53,775 [grpc-default-executor-2] DEBUG leader.FollowerInfo (FollowerInfoImpl.java:lambda$new$1(49)) - s0@group-DBBE7E7C6C61->s1: commitIndex: updateToMax old=1, new=1, updated? false
2022-08-02 21:05:53,775 [grpc-default-executor-2] DEBUG leader.FollowerInfo (FollowerInfoImpl.java:lambda$new$1(49)) - s0@group-DBBE7E7C6C61->s1: matchIndex: updateToMax old=2, new=-1, updated? false
2022-08-02 21:05:53,776 [grpc-default-executor-3] DEBUG leader.FollowerInfo (FollowerInfoImpl.java:lambda$new$1(49)) - s0@group-DBBE7E7C6C61->s2: commitIndex: updateToMax old=1, new=1, updated? false
2022-08-02 21:05:53,776 [grpc-default-executor-3] DEBUG leader.FollowerInfo (FollowerInfoImpl.java:lambda$new$1(49)) - s0@group-DBBE7E7C6C61->s2: matchIndex: updateToMax old=2, new=-1, updated? false
2022-08-02 21:05:53,776 [grpc-default-executor-2] DEBUG leader.FollowerInfo (FollowerInfoImpl.java:lambda$new$1(49)) - s0@group-DBBE7E7C6C61->s1: commitIndex: updateToMax old=1, new=1, updated? false
2022-08-02 21:05:53,776 [grpc-default-executor-2] DEBUG leader.FollowerInfo (FollowerInfoImpl.java:lambda$new$1(49)) - s0@group-DBBE7E7C6C61->s1: matchIndex: updateToMax old=2, new=-1, updated? false
2022-08-02 21:05:53,777 [grpc-default-executor-2] DEBUG leader.FollowerInfo (FollowerInfoImpl.java:lambda$new$1(49)) - s0@group-DBBE7E7C6C61->s2: commitIndex: updateToMax old=1, new=1, updated? false
2022-08-02 21:05:53,777 [grpc-default-executor-2] DEBUG leader.FollowerInfo (FollowerInfoImpl.java:lambda$new$1(49)) - s0@group-DBBE7E7C6C61->s2: matchIndex: updateToMax old=2, new=-1, updated? false
2022-08-02 21:05:53,778 [grpc-default-executor-3] DEBUG leader.FollowerInfo (FollowerInfoImpl.java:lambda$new$1(49)) - s0@group-DBBE7E7C6C61->s1: commitIndex: updateToMax old=1, new=1, updated? false
2022-08-02 21:05:53,778 [grpc-default-executor-3] DEBUG leader.FollowerInfo (FollowerInfoImpl.java:lambda$new$1(49)) - s0@group-DBBE7E7C6C61->s1: matchIndex: updateToMax old=2, new=-1, updated? false
2022-08-02 21:05:53,778 [grpc-default-executor-3] DEBUG leader.FollowerInfo (FollowerInfoImpl.java:lambda$new$1(49)) - s0@group-DBBE7E7C6C61->s2: commitIndex: updateToMax old=1, new=1, updated? false
2022-08-02 21:05:53,778 [grpc-default-executor-3] DEBUG leader.FollowerInfo (FollowerInfoImpl.java:lambda$new$1(49)) - s0@group-DBBE7E7C6C61->s2: matchIndex: updateToMax old=2, new=-1, updated? false
2022-08-02 21:05:53,779 [grpc-default-executor-2] DEBUG leader.FollowerInfo (FollowerInfoImpl.java:lambda$new$1(49)) - s0@group-DBBE7E7C6C61->s1: commitIndex: updateToMax old=1, new=1, updated? false
2022-08-02 21:05:53,779 [grpc-default-executor-2] DEBUG leader.FollowerInfo (FollowerInfoImpl.java:lambda$new$1(49)) - s0@group-DBBE7E7C6C61->s1: matchIndex: updateToMax old=2, new=-1, updated? false
2022-08-02 21:05:53,780 [grpc-default-executor-2] DEBUG leader.FollowerInfo (FollowerInfoImpl.java:lambda$new$1(49)) - s0@group-DBBE7E7C6C61->s2: commitIndex: updateToMax old=1, new=1, updated? false
2022-08-02 21:05:53,780 [grpc-default-executor-2] DEBUG leader.FollowerInfo (FollowerInfoImpl.java:lambda$new$1(49)) - s0@group-DBBE7E7C6C61->s2: matchIndex: updateToMax old=2, new=-1, updated? false
2022-08-02 21:05:53,780 [grpc-default-executor-3] DEBUG leader.FollowerInfo (FollowerInfoImpl.java:lambda$new$1(49)) - s0@group-DBBE7E7C6C61->s1: commitIndex: updateToMax old=1, new=1, updated? false
2022-08-02 21:05:53,780 [grpc-default-executor-3] DEBUG leader.FollowerInfo (FollowerInfoImpl.java:lambda$new$1(49)) - s0@group-DBBE7E7C6C61->s1: matchIndex: updateToMax old=2, new=-1, updated? false
2022-08-02 21:05:53,781 [grpc-default-executor-2] DEBUG leader.FollowerInfo (FollowerInfoImpl.java:lambda$new$1(49)) - s0@group-DBBE7E7C6C61->s2: commitIndex: updateToMax old=1, new=1, updated? false
2022-08-02 21:05:53,781 [grpc-default-executor-2] DEBUG leader.FollowerInfo (FollowerInfoImpl.java:lambda$new$1(49)) - s0@group-DBBE7E7C6C61->s2: matchIndex: updateToMax old=2, new=-1, updated? false
2022-08-02 21:05:53,782 [grpc-default-executor-3] DEBUG leader.FollowerInfo (FollowerInfoImpl.java:lambda$new$1(49)) - s0@group-DBBE7E7C6C61->s1: commitIndex: updateToMax old=1, new=1, updated? false
2022-08-02 21:05:53,782 [grpc-default-executor-3] DEBUG leader.FollowerInfo (FollowerInfoImpl.java:lambda$new$1(49)) - s0@group-DBBE7E7C6C61->s1: matchIndex: updateToMax old=2, new=-1, updated? false
2022-08-02 21:05:53,783 [grpc-default-executor-2] DEBUG leader.FollowerInfo (FollowerInfoImpl.java:lambda$new$1(49)) - s0@group-DBBE7E7C6C61->s2: commitIndex: updateToMax old=1, new=1, updated? false
2022-08-02 21:05:53,783 [grpc-default-executor-2] DEBUG leader.FollowerInfo (FollowerInfoImpl.java:lambda$new$1(49)) - s0@group-DBBE7E7C6C61->s2: matchIndex: updateToMax old=2, new=-1, updated? false
2022-08-02 21:05:53,783 [grpc-default-executor-3] DEBUG leader.FollowerInfo (FollowerInfoImpl.java:lambda$new$1(49)) - s0@group-DBBE7E7C6C61->s1: commitIndex: updateToMax old=1, new=1, updated? false
2022-08-02 21:05:53,783 [grpc-default-executor-3] DEBUG leader.FollowerInfo (FollowerInfoImpl.java:lambda$new$1(49)) - s0@group-DBBE7E7C6C61->s1: matchIndex: updateToMax old=2, new=-1, updated? false
2022-08-02 21:05:53,784 [grpc-default-executor-2] DEBUG leader.FollowerInfo (FollowerInfoImpl.java:lambda$new$1(49)) - s0@group-DBBE7E7C6C61->s2: commitIndex: updateToMax old=1, new=1, updated? false
2022-08-02 21:05:53,784 [grpc-default-executor-2] DEBUG leader.FollowerInfo (FollowerInfoImpl.java:lambda$new$1(49)) - s0@group-DBBE7E7C6C61->s2: matchIndex: updateToMax old=2, new=-1, updated? false
2022-08-02 21:05:53,784 [grpc-default-executor-3] DEBUG leader.FollowerInfo (FollowerInfoImpl.java:lambda$new$1(49)) - s0@group-DBBE7E7C6C61->s1: commitIndex: updateToMax old=1, new=1, updated? false
2022-08-02 21:05:53,784 [grpc-default-executor-3] DEBUG leader.FollowerInfo (FollowerInfoImpl.java:lambda$new$1(49)) - s0@group-DBBE7E7C6C61->s1: matchIndex: updateToMax old=2, new=-1, updated? false
2022-08-02 21:05:53,785 [grpc-default-executor-2] DEBUG leader.FollowerInfo (FollowerInfoImpl.java:lambda$new$1(49)) - s0@group-DBBE7E7C6C61->s2: commitIndex: updateToMax old=1, new=1, updated? false
2022-08-02 21:05:53,785 [grpc-default-executor-2] DEBUG leader.FollowerInfo (FollowerInfoImpl.java:lambda$new$1(49)) - s0@group-DBBE7E7C6C61->s2: matchIndex: updateToMax old=2, new=-1, updated? false
2022-08-02 21:05:53,786 [grpc-default-executor-3] DEBUG leader.FollowerInfo (FollowerInfoImpl.java:lambda$new$1(49)) - s0@group-DBBE7E7C6C61->s1: commitIndex: updateToMax old=1, new=1, updated? false
2022-08-02 21:05:53,786 [grpc-default-executor-3] DEBUG leader.FollowerInfo (FollowerInfoImpl.java:lambda$new$1(49)) - s0@group-DBBE7E7C6C61->s1: matchIndex: updateToMax old=2, new=-1, updated? false
2022-08-02 21:05:53,786 [grpc-default-executor-2] DEBUG leader.FollowerInfo (FollowerInfoImpl.java:lambda$new$1(49)) - s0@group-DBBE7E7C6C61->s2: commitIndex: updateToMax old=1, new=1, updated? false
2022-08-02 21:05:53,786 [grpc-default-executor-2] DEBUG leader.FollowerInfo (FollowerInfoImpl.java:lambda$new$1(49)) - s0@group-DBBE7E7C6C61->s2: matchIndex: updateToMax old=2, new=-1, updated? false
2022-08-02 21:05:53,787 [grpc-default-executor-3] DEBUG leader.FollowerInfo (FollowerInfoImpl.java:lambda$new$1(49)) - s0@group-DBBE7E7C6C61->s1: commitIndex: updateToMax old=1, new=1, updated? false
2022-08-02 21:05:53,787 [grpc-default-executor-3] DEBUG leader.FollowerInfo (FollowerInfoImpl.java:lambda$new$1(49)) - s0@group-DBBE7E7C6C61->s1: matchIndex: updateToMax old=2, new=-1, updated? false
2022-08-02 21:05:53,788 [grpc-default-executor-3] DEBUG leader.FollowerInfo (FollowerInfoImpl.java:lambda$new$1(49)) - s0@group-DBBE7E7C6C61->s2: commitIndex: updateToMax old=1, new=1, updated? false
2022-08-02 21:05:53,788 [grpc-default-executor-3] DEBUG leader.FollowerInfo (FollowerInfoImpl.java:lambda$new$1(49)) - s0@group-DBBE7E7C6C61->s2: matchIndex: updateToMax old=2, new=-1, updated? false
2022-08-02 21:05:53,789 [grpc-default-executor-2] DEBUG leader.FollowerInfo (FollowerInfoImpl.java:lambda$new$1(49)) - s0@group-DBBE7E7C6C61->s1: commitIndex: updateToMax old=1, new=1, updated? false
2022-08-02 21:05:53,789 [grpc-default-executor-2] DEBUG leader.FollowerInfo (FollowerInfoImpl.java:lambda$new$1(49)) - s0@group-DBBE7E7C6C61->s1: matchIndex: updateToMax old=2, new=-1, updated? false
2022-08-02 21:05:53,790 [grpc-default-executor-3] DEBUG leader.FollowerInfo (FollowerInfoImpl.java:lambda$new$1(49)) - s0@group-DBBE7E7C6C61->s2: commitIndex: updateToMax old=1, new=1, updated? false
2022-08-02 21:05:53,790 [grpc-default-executor-3] DEBUG leader.FollowerInfo (FollowerInfoImpl.java:lambda$new$1(49)) - s0@group-DBBE7E7C6C61->s2: matchIndex: updateToMax old=2, new=-1, updated? false
2022-08-02 21:05:53,790 [grpc-default-executor-2] DEBUG leader.FollowerInfo (FollowerInfoImpl.java:lambda$new$1(49)) - s0@group-DBBE7E7C6C61->s1: commitIndex: updateToMax old=1, new=1, updated? false
2022-08-02 21:05:53,790 [grpc-default-executor-2] DEBUG leader.FollowerInfo (FollowerInfoImpl.java:lambda$new$1(49)) - s0@group-DBBE7E7C6C61->s1: matchIndex: updateToMax old=2, new=-1, updated? false
2022-08-02 21:05:53,791 [grpc-default-executor-3] DEBUG leader.FollowerInfo (FollowerInfoImpl.java:lambda$new$1(49)) - s0@group-DBBE7E7C6C61->s2: commitIndex: updateToMax old=1, new=1, updated? false
2022-08-02 21:05:53,791 [grpc-default-executor-3] DEBUG leader.FollowerInfo (FollowerInfoImpl.java:lambda$new$1(49)) - s0@group-DBBE7E7C6C61->s2: matchIndex: updateToMax old=2, new=-1, updated? false
2022-08-02 21:05:53,792 [grpc-default-executor-2] DEBUG leader.FollowerInfo (FollowerInfoImpl.java:lambda$new$1(49)) - s0@group-DBBE7E7C6C61->s1: commitIndex: updateToMax old=1, new=1, updated? false
2022-08-02 21:05:53,792 [grpc-default-executor-2] DEBUG leader.FollowerInfo (FollowerInfoImpl.java:lambda$new$1(49)) - s0@group-DBBE7E7C6C61->s1: matchIndex: updateToMax old=2, new=-1, updated? false
2022-08-02 21:05:53,792 [grpc-default-executor-3] DEBUG leader.FollowerInfo (FollowerInfoImpl.java:lambda$new$1(49)) - s0@group-DBBE7E7C6C61->s2: commitIndex: updateToMax old=1, new=1, updated? false
2022-08-02 21:05:53,792 [grpc-default-executor-3] DEBUG leader.FollowerInfo (FollowerInfoImpl.java:lambda$new$1(49)) - s0@group-DBBE7E7C6C61->s2: matchIndex: updateToMax old=2, new=-1, updated? false
2022-08-02 21:05:53,793 [grpc-default-executor-3] DEBUG leader.FollowerInfo (FollowerInfoImpl.java:lambda$new$1(49)) - s0@group-DBBE7E7C6C61->s1: commitIndex: updateToMax old=1, new=1, updated? false
2022-08-02 21:05:53,793 [grpc-default-executor-3] DEBUG leader.FollowerInfo (FollowerInfoImpl.java:lambda$new$1(49)) - s0@group-DBBE7E7C6C61->s1: matchIndex: updateToMax old=2, new=-1, updated? false
2022-08-02 21:05:53,799 [grpc-default-executor-2] DEBUG leader.FollowerInfo (FollowerInfoImpl.java:lambda$new$1(49)) - s0@group-DBBE7E7C6C61->s2: commitIndex: updateToMax old=1, new=1, updated? false
2022-08-02 21:05:53,799 [grpc-default-executor-2] DEBUG leader.FollowerInfo (FollowerInfoImpl.java:lambda$new$1(49)) - s0@group-DBBE7E7C6C61->s2: matchIndex: updateToMax old=2, new=-1, updated? false
2022-08-02 21:05:53,800 [grpc-default-executor-2] DEBUG leader.FollowerInfo (FollowerInfoImpl.java:lambda$new$1(49)) - s0@group-DBBE7E7C6C61->s1: commitIndex: updateToMax old=1, new=1, updated? false
2022-08-02 21:05:53,800 [grpc-default-executor-2] DEBUG leader.FollowerInfo (FollowerInfoImpl.java:lambda$new$1(49)) - s0@group-DBBE7E7C6C61->s1: matchIndex: updateToMax old=2, new=-1, updated? false
2022-08-02 21:05:53,801 [grpc-default-executor-3] DEBUG leader.FollowerInfo (FollowerInfoImpl.java:lambda$new$1(49)) - s0@group-DBBE7E7C6C61->s2: commitIndex: updateToMax old=1, new=1, updated? false
2022-08-02 21:05:53,801 [grpc-default-executor-3] DEBUG leader.FollowerInfo (FollowerInfoImpl.java:lambda$new$1(49)) - s0@group-DBBE7E7C6C61->s2: matchIndex: updateToMax old=2, new=-1, updated? false
2022-08-02 21:05:53,803 [grpc-default-executor-2] DEBUG leader.FollowerInfo (FollowerInfoImpl.java:lambda$new$1(49)) - s0@group-DBBE7E7C6C61->s1: commitIndex: updateToMax old=1, new=1, updated? false
2022-08-02 21:05:53,804 [grpc-default-executor-2] DEBUG leader.FollowerInfo (FollowerInfoImpl.java:lambda$new$1(49)) - s0@group-DBBE7E7C6C61->s1: matchIndex: updateToMax old=2, new=-1, updated? false
2022-08-02 21:05:53,804 [grpc-default-executor-3] DEBUG leader.FollowerInfo (FollowerInfoImpl.java:lambda$new$1(49)) - s0@group-DBBE7E7C6C61->s2: commitIndex: updateToMax old=1, new=1, updated? false
2022-08-02 21:05:53,804 [grpc-default-executor-3] DEBUG leader.FollowerInfo (FollowerInfoImpl.java:lambda$new$1(49)) - s0@group-DBBE7E7C6C61->s2: matchIndex: updateToMax old=2, new=-1, updated? false
2022-08-02 21:05:53,805 [grpc-default-executor-2] DEBUG leader.FollowerInfo (FollowerInfoImpl.java:lambda$new$1(49)) - s0@group-DBBE7E7C6C61->s1: commitIndex: updateToMax old=1, new=1, updated? false
2022-08-02 21:05:53,805 [grpc-default-executor-2] DEBUG leader.FollowerInfo (FollowerInfoImpl.java:lambda$new$1(49)) - s0@group-DBBE7E7C6C61->s1: matchIndex: updateToMax old=2, new=-1, updated? false
2022-08-02 21:05:53,806 [grpc-default-executor-3] DEBUG leader.FollowerInfo (FollowerInfoImpl.java:lambda$new$1(49)) - s0@group-DBBE7E7C6C61->s2: commitIndex: updateToMax old=1, new=1, updated? false
2022-08-02 21:05:53,806 [grpc-default-executor-3] DEBUG leader.FollowerInfo (FollowerInfoImpl.java:lambda$new$1(49)) - s0@group-DBBE7E7C6C61->s2: matchIndex: updateToMax old=2, new=-1, updated? false
2022-08-02 21:05:53,807 [grpc-default-executor-2] DEBUG leader.FollowerInfo (FollowerInfoImpl.java:lambda$new$1(49)) - s0@group-DBBE7E7C6C61->s1: commitIndex: updateToMax old=1, new=1, updated? false
2022-08-02 21:05:53,807 [grpc-default-executor-2] DEBUG leader.FollowerInfo (FollowerInfoImpl.java:lambda$new$1(49)) - s0@group-DBBE7E7C6C61->s1: matchIndex: updateToMax old=2, new=-1, updated? false
2022-08-02 21:05:53,808 [grpc-default-executor-3] DEBUG leader.FollowerInfo (FollowerInfoImpl.java:lambda$new$1(49)) - s0@group-DBBE7E7C6C61->s2: commitIndex: updateToMax old=1, new=1, updated? false
2022-08-02 21:05:53,808 [grpc-default-executor-3] DEBUG leader.FollowerInfo (FollowerInfoImpl.java:lambda$new$1(49)) - s0@group-DBBE7E7C6C61->s2: matchIndex: updateToMax old=2, new=-1, updated? false
2022-08-02 21:05:53,809 [grpc-default-executor-2] DEBUG leader.FollowerInfo (FollowerInfoImpl.java:lambda$new$1(49)) - s0@group-DBBE7E7C6C61->s1: commitIndex: updateToMax old=1, new=1, updated? false
2022-08-02 21:05:53,809 [grpc-default-executor-2] DEBUG leader.FollowerInfo (FollowerInfoImpl.java:lambda$new$1(49)) - s0@group-DBBE7E7C6C61->s1: matchIndex: updateToMax old=2, new=-1, updated? false
2022-08-02 21:05:53,810 [grpc-default-executor-3] DEBUG leader.FollowerInfo (FollowerInfoImpl.java:lambda$new$1(49)) - s0@group-DBBE7E7C6C61->s2: commitIndex: updateToMax old=1, new=1, updated? false
2022-08-02 21:05:53,810 [grpc-default-executor-3] DEBUG leader.FollowerInfo (FollowerInfoImpl.java:lambda$new$1(49)) - s0@group-DBBE7E7C6C61->s2: matchIndex: updateToMax old=2, new=-1, updated? false
2022-08-02 21:05:53,811 [grpc-default-executor-2] DEBUG leader.FollowerInfo (FollowerInfoImpl.java:lambda$new$1(49)) - s0@group-DBBE7E7C6C61->s1: commitIndex: updateToMax old=1, new=1, updated? false
2022-08-02 21:05:53,811 [grpc-default-executor-2] DEBUG leader.FollowerInfo (FollowerInfoImpl.java:lambda$new$1(49)) - s0@group-DBBE7E7C6C61->s1: matchIndex: updateToMax old=2, new=-1, updated? false
2022-08-02 21:05:53,812 [grpc-default-executor-3] DEBUG leader.FollowerInfo (FollowerInfoImpl.java:lambda$new$1(49)) - s0@group-DBBE7E7C6C61->s2: commitIndex: updateToMax old=1, new=1, updated? false
2022-08-02 21:05:53,812 [grpc-default-executor-3] DEBUG leader.FollowerInfo (FollowerInfoImpl.java:lambda$new$1(49)) - s0@group-DBBE7E7C6C61->s2: matchIndex: updateToMax old=2, new=-1, updated? false
2022-08-02 21:05:53,813 [grpc-default-executor-2] DEBUG leader.FollowerInfo (FollowerInfoImpl.java:lambda$new$1(49)) - s0@group-DBBE7E7C6C61->s1: commitIndex: updateToMax old=1, new=1, updated? false
2022-08-02 21:05:53,813 [grpc-default-executor-2] DEBUG leader.FollowerInfo (FollowerInfoImpl.java:lambda$new$1(49)) - s0@group-DBBE7E7C6C61->s1: matchIndex: updateToMax old=2, new=-1, updated? false
2022-08-02 21:05:53,813 [grpc-default-executor-3] DEBUG leader.FollowerInfo (FollowerInfoImpl.java:lambda$new$1(49)) - s0@group-DBBE7E7C6C61->s2: commitIndex: updateToMax old=1, new=1, updated? false
2022-08-02 21:05:53,814 [grpc-default-executor-3] DEBUG leader.FollowerInfo (FollowerInfoImpl.java:lambda$new$1(49)) - s0@group-DBBE7E7C6C61->s2: matchIndex: updateToMax old=2, new=-1, updated? false
2022-08-02 21:05:53,814 [grpc-default-executor-2] DEBUG leader.FollowerInfo (FollowerInfoImpl.java:lambda$new$1(49)) - s0@group-DBBE7E7C6C61->s1: commitIndex: updateToMax old=1, new=1, updated? false
2022-08-02 21:05:53,814 [grpc-default-executor-2] DEBUG leader.FollowerInfo (FollowerInfoImpl.java:lambda$new$1(49)) - s0@group-DBBE7E7C6C61->s1: matchIndex: updateToMax old=2, new=-1, updated? false
2022-08-02 21:05:53,815 [grpc-default-executor-3] DEBUG leader.FollowerInfo (FollowerInfoImpl.java:lambda$new$1(49)) - s0@group-DBBE7E7C6C61->s2: commitIndex: updateToMax old=1, new=1, updated? false
2022-08-02 21:05:53,815 [grpc-default-executor-3] DEBUG leader.FollowerInfo (FollowerInfoImpl.java:lambda$new$1(49)) - s0@group-DBBE7E7C6C61->s2: matchIndex: updateToMax old=2, new=-1, updated? false
2022-08-02 21:05:53,816 [grpc-default-executor-2] DEBUG leader.FollowerInfo (FollowerInfoImpl.java:lambda$new$1(49)) - s0@group-DBBE7E7C6C61->s1: commitIndex: updateToMax old=1, new=1, updated? false
2022-08-02 21:05:53,816 [grpc-default-executor-2] DEBUG leader.FollowerInfo (FollowerInfoImpl.java:lambda$new$1(49)) - s0@group-DBBE7E7C6C61->s1: matchIndex: updateToMax old=2, new=-1, updated? false
2022-08-02 21:05:53,817 [grpc-default-executor-3] DEBUG leader.FollowerInfo (FollowerInfoImpl.java:lambda$new$1(49)) - s0@group-DBBE7E7C6C61->s2: commitIndex: updateToMax old=1, new=1, updated? false
2022-08-02 21:05:53,817 [grpc-default-executor-3] DEBUG leader.FollowerInfo (FollowerInfoImpl.java:lambda$new$1(49)) - s0@group-DBBE7E7C6C61->s2: matchIndex: updateToMax old=2, new=-1, updated? false
2022-08-02 21:05:53,818 [grpc-default-executor-2] DEBUG leader.FollowerInfo (FollowerInfoImpl.java:lambda$new$1(49)) - s0@group-DBBE7E7C6C61->s1: commitIndex: updateToMax old=1, new=1, updated? false
2022-08-02 21:05:53,818 [grpc-default-executor-2] DEBUG leader.FollowerInfo (FollowerInfoImpl.java:lambda$new$1(49)) - s0@group-DBBE7E7C6C61->s1: matchIndex: updateToMax old=2, new=-1, updated? false
2022-08-02 21:05:53,819 [grpc-default-executor-3] DEBUG leader.FollowerInfo (FollowerInfoImpl.java:lambda$new$1(49)) - s0@group-DBBE7E7C6C61->s2: commitIndex: updateToMax old=1, new=1, updated? false
2022-08-02 21:05:53,819 [grpc-default-executor-3] DEBUG leader.FollowerInfo (FollowerInfoImpl.java:lambda$new$1(49)) - s0@group-DBBE7E7C6C61->s2: matchIndex: updateToMax old=2, new=-1, updated? false
2022-08-02 21:05:53,820 [grpc-default-executor-2] DEBUG leader.FollowerInfo (FollowerInfoImpl.java:lambda$new$1(49)) - s0@group-DBBE7E7C6C61->s1: commitIndex: updateToMax old=1, new=1, updated? false
2022-08-02 21:05:53,820 [grpc-default-executor-2] DEBUG leader.FollowerInfo (FollowerInfoImpl.java:lambda$new$1(49)) - s0@group-DBBE7E7C6C61->s1: matchIndex: updateToMax old=2, new=-1, updated? false
2022-08-02 21:05:53,821 [grpc-default-executor-3] DEBUG leader.FollowerInfo (FollowerInfoImpl.java:lambda$new$1(49)) - s0@group-DBBE7E7C6C61->s2: commitIndex: updateToMax old=1, new=1, updated? false
2022-08-02 21:05:53,821 [grpc-default-executor-3] DEBUG leader.FollowerInfo (FollowerInfoImpl.java:lambda$new$1(49)) - s0@group-DBBE7E7C6C61->s2: matchIndex: updateToMax old=2, new=-1, updated? false
2022-08-02 21:05:53,822 [grpc-default-executor-2] DEBUG leader.FollowerInfo (FollowerInfoImpl.java:lambda$new$1(49)) - s0@group-DBBE7E7C6C61->s1: commitIndex: updateToMax old=1, new=1, updated? false
2022-08-02 21:05:53,822 [grpc-default-executor-2] DEBUG leader.FollowerInfo (FollowerInfoImpl.java:lambda$new$1(49)) - s0@group-DBBE7E7C6C61->s1: matchIndex: updateToMax old=2, new=-1, updated? false
2022-08-02 21:05:53,822 [grpc-default-executor-3] DEBUG leader.FollowerInfo (FollowerInfoImpl.java:lambda$new$1(49)) - s0@group-DBBE7E7C6C61->s2: commitIndex: updateToMax old=1, new=1, updated? false
2022-08-02 21:05:53,823 [grpc-default-executor-3] DEBUG leader.FollowerInfo (FollowerInfoImpl.java:lambda$new$1(49)) - s0@group-DBBE7E7C6C61->s2: matchIndex: updateToMax old=2, new=-1, updated? false
2022-08-02 21:05:53,823 [grpc-default-executor-2] DEBUG leader.FollowerInfo (FollowerInfoImpl.java:lambda$new$1(49)) - s0@group-DBBE7E7C6C61->s1: commitIndex: updateToMax old=1, new=1, updated? false
2022-08-02 21:05:53,823 [grpc-default-executor-2] DEBUG leader.FollowerInfo (FollowerInfoImpl.java:lambda$new$1(49)) - s0@group-DBBE7E7C6C61->s1: matchIndex: updateToMax old=2, new=-1, updated? false
2022-08-02 21:05:53,824 [grpc-default-executor-3] DEBUG leader.FollowerInfo (FollowerInfoImpl.java:lambda$new$1(49)) - s0@group-DBBE7E7C6C61->s2: commitIndex: updateToMax old=1, new=1, updated? false
2022-08-02 21:05:53,824 [grpc-default-executor-3] DEBUG leader.FollowerInfo (FollowerInfoImpl.java:lambda$new$1(49)) - s0@group-DBBE7E7C6C61->s2: matchIndex: updateToMax old=2, new=-1, updated? false
2022-08-02 21:05:53,825 [grpc-default-executor-2] DEBUG leader.FollowerInfo (FollowerInfoImpl.java:lambda$new$1(49)) - s0@group-DBBE7E7C6C61->s1: commitIndex: updateToMax old=1, new=1, updated? false
2022-08-02 21:05:53,825 [grpc-default-executor-2] DEBUG leader.FollowerInfo (FollowerInfoImpl.java:lambda$new$1(49)) - s0@group-DBBE7E7C6C61->s1: matchIndex: updateToMax old=2, new=-1, updated? false
2022-08-02 21:05:53,826 [grpc-default-executor-3] DEBUG leader.FollowerInfo (FollowerInfoImpl.java:lambda$new$1(49)) - s0@group-DBBE7E7C6C61->s2: commitIndex: updateToMax old=1, new=1, updated? false
2022-08-02 21:05:53,826 [grpc-default-executor-3] DEBUG leader.FollowerInfo (FollowerInfoImpl.java:lambda$new$1(49)) - s0@group-DBBE7E7C6C61->s2: matchIndex: updateToMax old=2, new=-1, updated? false
2022-08-02 21:05:53,827 [grpc-default-executor-2] DEBUG leader.FollowerInfo (FollowerInfoImpl.java:lambda$new$1(49)) - s0@group-DBBE7E7C6C61->s1: commitIndex: updateToMax old=1, new=1, updated? false
2022-08-02 21:05:53,827 [grpc-default-executor-2] DEBUG leader.FollowerInfo (FollowerInfoImpl.java:lambda$new$1(49)) - s0@group-DBBE7E7C6C61->s1: matchIndex: updateToMax old=2, new=-1, updated? false
2022-08-02 21:05:53,828 [grpc-default-executor-3] DEBUG leader.FollowerInfo (FollowerInfoImpl.java:lambda$new$1(49)) - s0@group-DBBE7E7C6C61->s2: commitIndex: updateToMax old=1, new=1, updated? false
2022-08-02 21:05:53,828 [grpc-default-executor-3] DEBUG leader.FollowerInfo (FollowerInfoImpl.java:lambda$new$1(49)) - s0@group-DBBE7E7C6C61->s2: matchIndex: updateToMax old=2, new=-1, updated? false
2022-08-02 21:05:53,829 [grpc-default-executor-2] DEBUG leader.FollowerInfo (FollowerInfoImpl.java:lambda$new$1(49)) - s0@group-DBBE7E7C6C61->s1: commitIndex: updateToMax old=1, new=1, updated? false
2022-08-02 21:05:53,829 [grpc-default-executor-2] DEBUG leader.FollowerInfo (FollowerInfoImpl.java:lambda$new$1(49)) - s0@group-DBBE7E7C6C61->s1: matchIndex: updateToMax old=2, new=-1, updated? false
2022-08-02 21:05:53,830 [grpc-default-executor-3] DEBUG leader.FollowerInfo (FollowerInfoImpl.java:lambda$new$1(49)) - s0@group-DBBE7E7C6C61->s2: commitIndex: updateToMax old=1, new=1, updated? false
2022-08-02 21:05:53,830 [grpc-default-executor-3] DEBUG leader.FollowerInfo (FollowerInfoImpl.java:lambda$new$1(49)) - s0@group-DBBE7E7C6C61->s2: matchIndex: updateToMax old=2, new=-1, updated? false
2022-08-02 21:05:53,830 [grpc-default-executor-2] DEBUG leader.FollowerInfo (FollowerInfoImpl.java:lambda$new$1(49)) - s0@group-DBBE7E7C6C61->s1: commitIndex: updateToMax old=1, new=1, updated? false
2022-08-02 21:05:53,831 [grpc-default-executor-2] DEBUG leader.FollowerInfo (FollowerInfoImpl.java:lambda$new$1(49)) - s0@group-DBBE7E7C6C61->s1: matchIndex: updateToMax old=2, new=-1, updated? false
2022-08-02 21:05:53,831 [grpc-default-executor-3] DEBUG leader.FollowerInfo (FollowerInfoImpl.java:lambda$new$1(49)) - s0@group-DBBE7E7C6C61->s2: commitIndex: updateToMax old=1, new=1, updated? false
2022-08-02 21:05:53,831 [grpc-default-executor-3] DEBUG leader.FollowerInfo (FollowerInfoImpl.java:lambda$new$1(49)) - s0@group-DBBE7E7C6C61->s2: matchIndex: updateToMax old=2, new=-1, updated? false
2022-08-02 21:05:53,832 [grpc-default-executor-2] DEBUG leader.FollowerInfo (FollowerInfoImpl.java:lambda$new$1(49)) - s0@group-DBBE7E7C6C61->s1: commitIndex: updateToMax old=1, new=1, updated? false
2022-08-02 21:05:53,832 [grpc-default-executor-2] DEBUG leader.FollowerInfo (FollowerInfoImpl.java:lambda$new$1(49)) - s0@group-DBBE7E7C6C61->s1: matchIndex: updateToMax old=2, new=-1, updated? false
2022-08-02 21:05:53,833 [grpc-default-executor-3] DEBUG leader.FollowerInfo (FollowerInfoImpl.java:lambda$new$1(49)) - s0@group-DBBE7E7C6C61->s2: commitIndex: updateToMax old=1, new=1, updated? false
2022-08-02 21:05:53,833 [grpc-default-executor-3] DEBUG leader.FollowerInfo (FollowerInfoImpl.java:lambda$new$1(49)) - s0@group-DBBE7E7C6C61->s2: matchIndex: updateToMax old=2, new=-1, updated? false
2022-08-02 21:05:53,834 [grpc-default-executor-2] DEBUG leader.FollowerInfo (FollowerInfoImpl.java:lambda$new$1(49)) - s0@group-DBBE7E7C6C61->s1: commitIndex: updateToMax old=1, new=1, updated? false
2022-08-02 21:05:53,834 [grpc-default-executor-2] DEBUG leader.FollowerInfo (FollowerInfoImpl.java:lambda$new$1(49)) - s0@group-DBBE7E7C6C61->s1: matchIndex: updateToMax old=2, new=-1, updated? false
2022-08-02 21:05:53,835 [grpc-default-executor-3] DEBUG leader.FollowerInfo (FollowerInfoImpl.java:lambda$new$1(49)) - s0@group-DBBE7E7C6C61->s2: commitIndex: updateToMax old=1, new=1, updated? false
2022-08-02 21:05:53,835 [grpc-default-executor-3] DEBUG leader.FollowerInfo (FollowerInfoImpl.java:lambda$new$1(49)) - s0@group-DBBE7E7C6C61->s2: matchIndex: updateToMax old=2, new=-1, updated? false
2022-08-02 21:05:53,836 [grpc-default-executor-2] DEBUG leader.FollowerInfo (FollowerInfoImpl.java:lambda$new$1(49)) - s0@group-DBBE7E7C6C61->s1: commitIndex: updateToMax old=1, new=1, updated? false
2022-08-02 21:05:53,836 [grpc-default-executor-2] DEBUG leader.FollowerInfo (FollowerInfoImpl.java:lambda$new$1(49)) - s0@group-DBBE7E7C6C61->s1: matchIndex: updateToMax old=2, new=-1, updated? false
2022-08-02 21:05:53,837 [grpc-default-executor-3] DEBUG leader.FollowerInfo (FollowerInfoImpl.java:lambda$new$1(49)) - s0@group-DBBE7E7C6C61->s2: commitIndex: updateToMax old=1, new=1, updated? false
2022-08-02 21:05:53,837 [grpc-default-executor-3] DEBUG leader.FollowerInfo (FollowerInfoImpl.java:lambda$new$1(49)) - s0@group-DBBE7E7C6C61->s2: matchIndex: updateToMax old=2, new=-1, updated? false
2022-08-02 21:05:53,838 [grpc-default-executor-2] DEBUG leader.FollowerInfo (FollowerInfoImpl.java:lambda$new$1(49)) - s0@group-DBBE7E7C6C61->s1: commitIndex: updateToMax old=1, new=1, updated? false
2022-08-02 21:05:53,838 [grpc-default-executor-2] DEBUG leader.FollowerInfo (FollowerInfoImpl.java:lambda$new$1(49)) - s0@group-DBBE7E7C6C61->s1: matchIndex: updateToMax old=2, new=-1, updated? false
2022-08-02 21:05:53,839 [grpc-default-executor-3] DEBUG leader.FollowerInfo (FollowerInfoImpl.java:lambda$new$1(49)) - s0@group-DBBE7E7C6C61->s2: commitIndex: updateToMax old=1, new=1, updated? false
2022-08-02 21:05:53,839 [grpc-default-executor-3] DEBUG leader.FollowerInfo (FollowerInfoImpl.java:lambda$new$1(49)) - s0@group-DBBE7E7C6C61->s2: matchIndex: updateToMax old=2, new=-1, updated? false
2022-08-02 21:05:53,839 [grpc-default-executor-2] DEBUG leader.FollowerInfo (FollowerInfoImpl.java:lambda$new$1(49)) - s0@group-DBBE7E7C6C61->s1: commitIndex: updateToMax old=1, new=1, updated? false
2022-08-02 21:05:53,840 [grpc-default-executor-2] DEBUG leader.FollowerInfo (FollowerInfoImpl.java:lambda$new$1(49)) - s0@group-DBBE7E7C6C61->s1: matchIndex: updateToMax old=2, new=-1, updated? false
2022-08-02 21:05:53,840 [grpc-default-executor-3] DEBUG leader.FollowerInfo (FollowerInfoImpl.java:lambda$new$1(49)) - s0@group-DBBE7E7C6C61->s2: commitIndex: updateToMax old=1, new=1, updated? false
2022-08-02 21:05:53,840 [grpc-default-executor-3] DEBUG leader.FollowerInfo (FollowerInfoImpl.java:lambda$new$1(49)) - s0@group-DBBE7E7C6C61->s2: matchIndex: updateToMax old=2, new=-1, updated? false
2022-08-02 21:05:53,841 [grpc-default-executor-2] DEBUG leader.FollowerInfo (FollowerInfoImpl.java:lambda$new$1(49)) - s0@group-DBBE7E7C6C61->s1: commitIndex: updateToMax old=1, new=1, updated? false
2022-08-02 21:05:53,841 [grpc-default-executor-2] DEBUG leader.FollowerInfo (FollowerInfoImpl.java:lambda$new$1(49)) - s0@group-DBBE7E7C6C61->s1: matchIndex: updateToMax old=2, new=-1, updated? false
2022-08-02 21:05:53,842 [grpc-default-executor-3] DEBUG leader.FollowerInfo (FollowerInfoImpl.java:lambda$new$1(49)) - s0@group-DBBE7E7C6C61->s2: commitIndex: updateToMax old=1, new=1, updated? false
2022-08-02 21:05:53,842 [grpc-default-executor-3] DEBUG leader.FollowerInfo (FollowerInfoImpl.java:lambda$new$1(49)) - s0@group-DBBE7E7C6C61->s2: matchIndex: updateToMax old=2, new=-1, updated? false
2022-08-02 21:05:53,843 [grpc-default-executor-2] DEBUG leader.FollowerInfo (FollowerInfoImpl.java:lambda$new$1(49)) - s0@group-DBBE7E7C6C61->s1: commitIndex: updateToMax old=1, new=1, updated? false
2022-08-02 21:05:53,843 [grpc-default-executor-2] DEBUG leader.FollowerInfo (FollowerInfoImpl.java:lambda$new$1(49)) - s0@group-DBBE7E7C6C61->s1: matchIndex: updateToMax old=2, new=-1, updated? false
2022-08-02 21:05:53,844 [grpc-default-executor-3] DEBUG leader.FollowerInfo (FollowerInfoImpl.java:lambda$new$1(49)) - s0@group-DBBE7E7C6C61->s2: commitIndex: updateToMax old=1, new=1, updated? false
2022-08-02 21:05:53,844 [grpc-default-executor-3] DEBUG leader.FollowerInfo (FollowerInfoImpl.java:lambda$new$1(49)) - s0@group-DBBE7E7C6C61->s2: matchIndex: updateToMax old=2, new=-1, updated? false
2022-08-02 21:05:53,845 [grpc-default-executor-2] DEBUG leader.FollowerInfo (FollowerInfoImpl.java:lambda$new$1(49)) - s0@group-DBBE7E7C6C61->s1: commitIndex: updateToMax old=1, new=1, updated? false
2022-08-02 21:05:53,845 [grpc-default-executor-2] DEBUG leader.FollowerInfo (FollowerInfoImpl.java:lambda$new$1(49)) - s0@group-DBBE7E7C6C61->s1: matchIndex: updateToMax old=2, new=-1, updated? false
2022-08-02 21:05:53,846 [grpc-default-executor-3] DEBUG leader.FollowerInfo (FollowerInfoImpl.java:lambda$new$1(49)) - s0@group-DBBE7E7C6C61->s2: commitIndex: updateToMax old=1, new=1, updated? false
2022-08-02 21:05:53,846 [grpc-default-executor-3] DEBUG leader.FollowerInfo (FollowerInfoImpl.java:lambda$new$1(49)) - s0@group-DBBE7E7C6C61->s2: matchIndex: updateToMax old=2, new=-1, updated? false
2022-08-02 21:05:53,847 [grpc-default-executor-2] DEBUG leader.FollowerInfo (FollowerInfoImpl.java:lambda$new$1(49)) - s0@group-DBBE7E7C6C61->s1: commitIndex: updateToMax old=1, new=1, updated? false
2022-08-02 21:05:53,847 [grpc-default-executor-2] DEBUG leader.FollowerInfo (FollowerInfoImpl.java:lambda$new$1(49)) - s0@group-DBBE7E7C6C61->s1: matchIndex: updateToMax old=2, new=-1, updated? false
2022-08-02 21:05:53,848 [grpc-default-executor-3] DEBUG leader.FollowerInfo (FollowerInfoImpl.java:lambda$new$1(49)) - s0@group-DBBE7E7C6C61->s2: commitIndex: updateToMax old=1, new=1, updated? false
2022-08-02 21:05:53,848 [grpc-default-executor-3] DEBUG leader.FollowerInfo (FollowerInfoImpl.java:lambda$new$1(49)) - s0@group-DBBE7E7C6C61->s2: matchIndex: updateToMax old=2, new=-1, updated? false
2022-08-02 21:05:53,848 [grpc-default-executor-2] DEBUG leader.FollowerInfo (FollowerInfoImpl.java:lambda$new$1(49)) - s0@group-DBBE7E7C6C61->s1: commitIndex: updateToMax old=1, new=1, updated? false
2022-08-02 21:05:53,849 [grpc-default-executor-2] DEBUG leader.FollowerInfo (FollowerInfoImpl.java:lambda$new$1(49)) - s0@group-DBBE7E7C6C61->s1: matchIndex: updateToMax old=2, new=-1, updated? false
2022-08-02 21:05:53,849 [grpc-default-executor-3] DEBUG leader.FollowerInfo (FollowerInfoImpl.java:lambda$new$1(49)) - s0@group-DBBE7E7C6C61->s2: commitIndex: updateToMax old=1, new=1, updated? false
2022-08-02 21:05:53,849 [grpc-default-executor-3] DEBUG leader.FollowerInfo (FollowerInfoImpl.java:lambda$new$1(49)) - s0@group-DBBE7E7C6C61->s2: matchIndex: updateToMax old=2, new=-1, updated? false
2022-08-02 21:05:53,850 [grpc-default-executor-2] DEBUG leader.FollowerInfo (FollowerInfoImpl.java:lambda$new$1(49)) - s0@group-DBBE7E7C6C61->s1: commitIndex: updateToMax old=1, new=1, updated? false
2022-08-02 21:05:53,850 [grpc-default-executor-2] DEBUG leader.FollowerInfo (FollowerInfoImpl.java:lambda$new$1(49)) - s0@group-DBBE7E7C6C61->s1: matchIndex: updateToMax old=2, new=-1, updated? false
2022-08-02 21:05:53,851 [grpc-default-executor-3] DEBUG leader.FollowerInfo (FollowerInfoImpl.java:lambda$new$1(49)) - s0@group-DBBE7E7C6C61->s2: commitIndex: updateToMax old=1, new=1, updated? false
2022-08-02 21:05:53,851 [grpc-default-executor-3] DEBUG leader.FollowerInfo (FollowerInfoImpl.java:lambda$new$1(49)) - s0@group-DBBE7E7C6C61->s2: matchIndex: updateToMax old=2, new=-1, updated? false
2022-08-02 21:05:53,852 [grpc-default-executor-2] DEBUG leader.FollowerInfo (FollowerInfoImpl.java:lambda$new$1(49)) - s0@group-DBBE7E7C6C61->s1: commitIndex: updateToMax old=1, new=1, updated? false
2022-08-02 21:05:53,852 [grpc-default-executor-2] DEBUG leader.FollowerInfo (FollowerInfoImpl.java:lambda$new$1(49)) - s0@group-DBBE7E7C6C61->s1: matchIndex: updateToMax old=2, new=-1, updated? false
2022-08-02 21:05:53,853 [grpc-default-executor-3] DEBUG leader.FollowerInfo (FollowerInfoImpl.java:lambda$new$1(49)) - s0@group-DBBE7E7C6C61->s2: commitIndex: updateToMax old=1, new=1, updated? false
2022-08-02 21:05:53,853 [grpc-default-executor-3] DEBUG leader.FollowerInfo (FollowerInfoImpl.java:lambda$new$1(49)) - s0@group-DBBE7E7C6C61->s2: matchIndex: updateToMax old=2, new=-1, updated? false
2022-08-02 21:05:53,854 [grpc-default-executor-2] DEBUG leader.FollowerInfo (FollowerInfoImpl.java:lambda$new$1(49)) - s0@group-DBBE7E7C6C61->s1: commitIndex: updateToMax old=1, new=1, updated? false
2022-08-02 21:05:53,854 [grpc-default-executor-2] DEBUG leader.FollowerInfo (FollowerInfoImpl.java:lambda$new$1(49)) - s0@group-DBBE7E7C6C61->s1: matchIndex: updateToMax old=2, new=-1, updated? false
2022-08-02 21:05:53,855 [grpc-default-executor-3] DEBUG leader.FollowerInfo (FollowerInfoImpl.java:lambda$new$1(49)) - s0@group-DBBE7E7C6C61->s2: commitIndex: updateToMax old=1, new=1, updated? false
2022-08-02 21:05:53,855 [grpc-default-executor-3] DEBUG leader.FollowerInfo (FollowerInfoImpl.java:lambda$new$1(49)) - s0@group-DBBE7E7C6C61->s2: matchIndex: updateToMax old=2, new=-1, updated? false
2022-08-02 21:05:53,856 [grpc-default-executor-2] DEBUG leader.FollowerInfo (FollowerInfoImpl.java:lambda$new$1(49)) - s0@group-DBBE7E7C6C61->s1: commitIndex: updateToMax old=1, new=1, updated? false
2022-08-02 21:05:53,856 [grpc-default-executor-2] DEBUG leader.FollowerInfo (FollowerInfoImpl.java:lambda$new$1(49)) - s0@group-DBBE7E7C6C61->s1: matchIndex: updateToMax old=2, new=-1, updated? false
2022-08-02 21:05:53,857 [grpc-default-executor-3] DEBUG leader.FollowerInfo (FollowerInfoImpl.java:lambda$new$1(49)) - s0@group-DBBE7E7C6C61->s2: commitIndex: updateToMax old=1, new=1, updated? false
2022-08-02 21:05:53,857 [grpc-default-executor-3] DEBUG leader.FollowerInfo (FollowerInfoImpl.java:lambda$new$1(49)) - s0@group-DBBE7E7C6C61->s2: matchIndex: updateToMax old=2, new=-1, updated? false
2022-08-02 21:05:53,858 [grpc-default-executor-2] DEBUG leader.FollowerInfo (FollowerInfoImpl.java:lambda$new$1(49)) - s0@group-DBBE7E7C6C61->s1: commitIndex: updateToMax old=1, new=1, updated? false
2022-08-02 21:05:53,858 [grpc-default-executor-2] DEBUG leader.FollowerInfo (FollowerInfoImpl.java:lambda$new$1(49)) - s0@group-DBBE7E7C6C61->s1: matchIndex: updateToMax old=2, new=-1, updated? false
2022-08-02 21:05:53,858 [grpc-default-executor-3] DEBUG leader.FollowerInfo (FollowerInfoImpl.java:lambda$new$1(49)) - s0@group-DBBE7E7C6C61->s2: commitIndex: updateToMax old=1, new=1, updated? false
2022-08-02 21:05:53,858 [grpc-default-executor-3] DEBUG leader.FollowerInfo (FollowerInfoImpl.java:lambda$new$1(49)) - s0@group-DBBE7E7C6C61->s2: matchIndex: updateToMax old=2, new=-1, updated? false
2022-08-02 21:05:53,859 [grpc-default-executor-2] DEBUG leader.FollowerInfo (FollowerInfoImpl.java:lambda$new$1(49)) - s0@group-DBBE7E7C6C61->s1: commitIndex: updateToMax old=1, new=1, updated? false
2022-08-02 21:05:53,859 [grpc-default-executor-2] DEBUG leader.FollowerInfo (FollowerInfoImpl.java:lambda$new$1(49)) - s0@group-DBBE7E7C6C61->s1: matchIndex: updateToMax old=2, new=-1, updated? false
2022-08-02 21:05:53,860 [grpc-default-executor-3] DEBUG leader.FollowerInfo (FollowerInfoImpl.java:lambda$new$1(49)) - s0@group-DBBE7E7C6C61->s2: commitIndex: updateToMax old=1, new=1, updated? false
2022-08-02 21:05:53,860 [grpc-default-executor-3] DEBUG leader.FollowerInfo (FollowerInfoImpl.java:lambda$new$1(49)) - s0@group-DBBE7E7C6C61->s2: matchIndex: updateToMax old=2, new=-1, updated? false
2022-08-02 21:05:53,861 [grpc-default-executor-2] DEBUG leader.FollowerInfo (FollowerInfoImpl.java:lambda$new$1(49)) - s0@group-DBBE7E7C6C61->s1: commitIndex: updateToMax old=1, new=1, updated? false
2022-08-02 21:05:53,861 [grpc-default-executor-2] DEBUG leader.FollowerInfo (FollowerInfoImpl.java:lambda$new$1(49)) - s0@group-DBBE7E7C6C61->s1: matchIndex: updateToMax old=2, new=-1, updated? false
2022-08-02 21:05:53,862 [grpc-default-executor-3] DEBUG leader.FollowerInfo (FollowerInfoImpl.java:lambda$new$1(49)) - s0@group-DBBE7E7C6C61->s2: commitIndex: updateToMax old=1, new=1, updated? false
2022-08-02 21:05:53,862 [grpc-default-executor-3] DEBUG leader.FollowerInfo (FollowerInfoImpl.java:lambda$new$1(49)) - s0@group-DBBE7E7C6C61->s2: matchIndex: updateToMax old=2, new=-1, updated? false
2022-08-02 21:05:53,863 [grpc-default-executor-2] DEBUG leader.FollowerInfo (FollowerInfoImpl.java:lambda$new$1(49)) - s0@group-DBBE7E7C6C61->s1: commitIndex: updateToMax old=1, new=1, updated? false
2022-08-02 21:05:53,863 [grpc-default-executor-2] DEBUG leader.FollowerInfo (FollowerInfoImpl.java:lambda$new$1(49)) - s0@group-DBBE7E7C6C61->s1: matchIndex: updateToMax old=2, new=-1, updated? false
2022-08-02 21:05:53,864 [grpc-default-executor-3] DEBUG leader.FollowerInfo (FollowerInfoImpl.java:lambda$new$1(49)) - s0@group-DBBE7E7C6C61->s2: commitIndex: updateToMax old=1, new=1, updated? false
2022-08-02 21:05:53,864 [grpc-default-executor-3] DEBUG leader.FollowerInfo (FollowerInfoImpl.java:lambda$new$1(49)) - s0@group-DBBE7E7C6C61->s2: matchIndex: updateToMax old=2, new=-1, updated? false
2022-08-02 21:05:53,865 [grpc-default-executor-2] DEBUG leader.FollowerInfo (FollowerInfoImpl.java:lambda$new$1(49)) - s0@group-DBBE7E7C6C61->s1: commitIndex: updateToMax old=1, new=1, updated? false
2022-08-02 21:05:53,865 [grpc-default-executor-2] DEBUG leader.FollowerInfo (FollowerInfoImpl.java:lambda$new$1(49)) - s0@group-DBBE7E7C6C61->s1: matchIndex: updateToMax old=2, new=-1, updated? false
2022-08-02 21:05:53,866 [grpc-default-executor-3] DEBUG leader.FollowerInfo (FollowerInfoImpl.java:lambda$new$1(49)) - s0@group-DBBE7E7C6C61->s2: commitIndex: updateToMax old=1, new=1, updated? false
2022-08-02 21:05:53,866 [grpc-default-executor-3] DEBUG leader.FollowerInfo (FollowerInfoImpl.java:lambda$new$1(49)) - s0@group-DBBE7E7C6C61->s2: matchIndex: updateToMax old=2, new=-1, updated? false
2022-08-02 21:05:53,866 [grpc-default-executor-2] DEBUG leader.FollowerInfo (FollowerInfoImpl.java:lambda$new$1(49)) - s0@group-DBBE7E7C6C61->s1: commitIndex: updateToMax old=1, new=1, updated? false
2022-08-02 21:05:53,866 [grpc-default-executor-2] DEBUG leader.FollowerInfo (FollowerInfoImpl.java:lambda$new$1(49)) - s0@group-DBBE7E7C6C61->s1: matchIndex: updateToMax old=2, new=-1, updated? false
2022-08-02 21:05:53,867 [grpc-default-executor-3] DEBUG leader.FollowerInfo (FollowerInfoImpl.java:lambda$new$1(49)) - s0@group-DBBE7E7C6C61->s2: commitIndex: updateToMax old=1, new=1, updated? false
2022-08-02 21:05:53,867 [grpc-default-executor-3] DEBUG leader.FollowerInfo (FollowerInfoImpl.java:lambda$new$1(49)) - s0@group-DBBE7E7C6C61->s2: matchIndex: updateToMax old=2, new=-1, updated? false
2022-08-02 21:05:53,868 [grpc-default-executor-2] DEBUG leader.FollowerInfo (FollowerInfoImpl.java:lambda$new$1(49)) - s0@group-DBBE7E7C6C61->s1: commitIndex: updateToMax old=1, new=1, updated? false
2022-08-02 21:05:53,868 [grpc-default-executor-2] DEBUG leader.FollowerInfo (FollowerInfoImpl.java:lambda$new$1(49)) - s0@group-DBBE7E7C6C61->s1: matchIndex: updateToMax old=2, new=-1, updated? false
2022-08-02 21:05:53,869 [grpc-default-executor-3] DEBUG leader.FollowerInfo (FollowerInfoImpl.java:lambda$new$1(49)) - s0@group-DBBE7E7C6C61->s2: commitIndex: updateToMax old=1, new=1, updated? false
2022-08-02 21:05:53,869 [grpc-default-executor-3] DEBUG leader.FollowerInfo (FollowerInfoImpl.java:lambda$new$1(49)) - s0@group-DBBE7E7C6C61->s2: matchIndex: updateToMax old=2, new=-1, updated? false
2022-08-02 21:05:53,870 [grpc-default-executor-2] DEBUG leader.FollowerInfo (FollowerInfoImpl.java:lambda$new$1(49)) - s0@group-DBBE7E7C6C61->s1: commitIndex: updateToMax old=1, new=1, updated? false
2022-08-02 21:05:53,870 [grpc-default-executor-2] DEBUG leader.FollowerInfo (FollowerInfoImpl.java:lambda$new$1(49)) - s0@group-DBBE7E7C6C61->s1: matchIndex: updateToMax old=2, new=-1, updated? false
2022-08-02 21:05:53,871 [grpc-default-executor-3] DEBUG leader.FollowerInfo (FollowerInfoImpl.java:lambda$new$1(49)) - s0@group-DBBE7E7C6C61->s2: commitIndex: updateToMax old=1, new=1, updated? false
2022-08-02 21:05:53,871 [grpc-default-executor-3] DEBUG leader.FollowerInfo (FollowerInfoImpl.java:lambda$new$1(49)) - s0@group-DBBE7E7C6C61->s2: matchIndex: updateToMax old=2, new=-1, updated? false
2022-08-02 21:05:53,872 [grpc-default-executor-2] DEBUG leader.FollowerInfo (FollowerInfoImpl.java:lambda$new$1(49)) - s0@group-DBBE7E7C6C61->s1: commitIndex: updateToMax old=1, new=1, updated? false
2022-08-02 21:05:53,872 [grpc-default-executor-2] DEBUG leader.FollowerInfo (FollowerInfoImpl.java:lambda$new$1(49)) - s0@group-DBBE7E7C6C61->s1: matchIndex: updateToMax old=2, new=-1, updated? false
2022-08-02 21:05:53,873 [grpc-default-executor-3] DEBUG leader.FollowerInfo (FollowerInfoImpl.java:lambda$new$1(49)) - s0@group-DBBE7E7C6C61->s2: commitIndex: updateToMax old=1, new=1, updated? false
2022-08-02 21:05:53,873 [grpc-default-executor-3] DEBUG leader.FollowerInfo (FollowerInfoImpl.java:lambda$new$1(49)) - s0@group-DBBE7E7C6C61->s2: matchIndex: updateToMax old=2, new=-1, updated? false
2022-08-02 21:05:53,874 [grpc-default-executor-2] DEBUG leader.FollowerInfo (FollowerInfoImpl.java:lambda$new$1(49)) - s0@group-DBBE7E7C6C61->s1: commitIndex: updateToMax old=1, new=1, updated? false
2022-08-02 21:05:53,874 [grpc-default-executor-2] DEBUG leader.FollowerInfo (FollowerInfoImpl.java:lambda$new$1(49)) - s0@group-DBBE7E7C6C61->s1: matchIndex: updateToMax old=2, new=-1, updated? false
2022-08-02 21:05:53,875 [grpc-default-executor-3] DEBUG leader.FollowerInfo (FollowerInfoImpl.java:lambda$new$1(49)) - s0@group-DBBE7E7C6C61->s2: commitIndex: updateToMax old=1, new=1, updated? false
2022-08-02 21:05:53,875 [grpc-default-executor-3] DEBUG leader.FollowerInfo (FollowerInfoImpl.java:lambda$new$1(49)) - s0@group-DBBE7E7C6C61->s2: matchIndex: updateToMax old=2, new=-1, updated? false
2022-08-02 21:05:53,875 [grpc-default-executor-2] DEBUG leader.FollowerInfo (FollowerInfoImpl.java:lambda$new$1(49)) - s0@group-DBBE7E7C6C61->s1: commitIndex: updateToMax old=1, new=1, updated? false
2022-08-02 21:05:53,876 [grpc-default-executor-2] DEBUG leader.FollowerInfo (FollowerInfoImpl.java:lambda$new$1(49)) - s0@group-DBBE7E7C6C61->s1: matchIndex: updateToMax old=2, new=-1, updated? false
2022-08-02 21:05:53,876 [grpc-default-executor-3] DEBUG leader.FollowerInfo (FollowerInfoImpl.java:lambda$new$1(49)) - s0@group-DBBE7E7C6C61->s2: commitIndex: updateToMax old=1, new=1, updated? false
2022-08-02 21:05:53,876 [grpc-default-executor-3] DEBUG leader.FollowerInfo (FollowerInfoImpl.java:lambda$new$1(49)) - s0@group-DBBE7E7C6C61->s2: matchIndex: updateToMax old=2, new=-1, updated? false
2022-08-02 21:05:53,877 [grpc-default-executor-2] DEBUG leader.FollowerInfo (FollowerInfoImpl.java:lambda$new$1(49)) - s0@group-DBBE7E7C6C61->s1: commitIndex: updateToMax old=1, new=1, updated? false
2022-08-02 21:05:53,877 [grpc-default-executor-2] DEBUG leader.FollowerInfo (FollowerInfoImpl.java:lambda$new$1(49)) - s0@group-DBBE7E7C6C61->s1: matchIndex: updateToMax old=2, new=-1, updated? false
2022-08-02 21:05:53,878 [grpc-default-executor-3] DEBUG leader.FollowerInfo (FollowerInfoImpl.java:lambda$new$1(49)) - s0@group-DBBE7E7C6C61->s2: commitIndex: updateToMax old=1, new=1, updated? false
2022-08-02 21:05:53,878 [grpc-default-executor-3] DEBUG leader.FollowerInfo (FollowerInfoImpl.java:lambda$new$1(49)) - s0@group-DBBE7E7C6C61->s2: matchIndex: updateToMax old=2, new=-1, updated? false
2022-08-02 21:05:53,879 [grpc-default-executor-2] DEBUG leader.FollowerInfo (FollowerInfoImpl.java:lambda$new$1(49)) - s0@group-DBBE7E7C6C61->s1: commitIndex: updateToMax old=1, new=1, updated? false
2022-08-02 21:05:53,879 [grpc-default-executor-2] DEBUG leader.FollowerInfo (FollowerInfoImpl.java:lambda$new$1(49)) - s0@group-DBBE7E7C6C61->s1: matchIndex: updateToMax old=2, new=-1, updated? false
2022-08-02 21:05:53,880 [grpc-default-executor-3] DEBUG leader.FollowerInfo (FollowerInfoImpl.java:lambda$new$1(49)) - s0@group-DBBE7E7C6C61->s2: commitIndex: updateToMax old=1, new=1, updated? false
2022-08-02 21:05:53,880 [grpc-default-executor-3] DEBUG leader.FollowerInfo (FollowerInfoImpl.java:lambda$new$1(49)) - s0@group-DBBE7E7C6C61->s2: matchIndex: updateToMax old=2, new=-1, updated? false
2022-08-02 21:05:53,881 [grpc-default-executor-2] DEBUG leader.FollowerInfo (FollowerInfoImpl.java:lambda$new$1(49)) - s0@group-DBBE7E7C6C61->s1: commitIndex: updateToMax old=1, new=1, updated? false
2022-08-02 21:05:53,881 [grpc-default-executor-2] DEBUG leader.FollowerInfo (FollowerInfoImpl.java:lambda$new$1(49)) - s0@group-DBBE7E7C6C61->s1: matchIndex: updateToMax old=2, new=-1, updated? false
2022-08-02 21:05:53,882 [grpc-default-executor-3] DEBUG leader.FollowerInfo (FollowerInfoImpl.java:lambda$new$1(49)) - s0@group-DBBE7E7C6C61->s2: commitIndex: updateToMax old=1, new=1, updated? false
2022-08-02 21:05:53,882 [grpc-default-executor-3] DEBUG leader.FollowerInfo (FollowerInfoImpl.java:lambda$new$1(49)) - s0@group-DBBE7E7C6C61->s2: matchIndex: updateToMax old=2, new=-1, updated? false
2022-08-02 21:05:53,883 [grpc-default-executor-2] DEBUG leader.FollowerInfo (FollowerInfoImpl.java:lambda$new$1(49)) - s0@group-DBBE7E7C6C61->s1: commitIndex: updateToMax old=1, new=1, updated? false
2022-08-02 21:05:53,883 [grpc-default-executor-2] DEBUG leader.FollowerInfo (FollowerInfoImpl.java:lambda$new$1(49)) - s0@group-DBBE7E7C6C61->s1: matchIndex: updateToMax old=2, new=-1, updated? false
2022-08-02 21:05:53,884 [grpc-default-executor-3] DEBUG leader.FollowerInfo (FollowerInfoImpl.java:lambda$new$1(49)) - s0@group-DBBE7E7C6C61->s2: commitIndex: updateToMax old=1, new=1, updated? false
2022-08-02 21:05:53,884 [grpc-default-executor-3] DEBUG leader.FollowerInfo (FollowerInfoImpl.java:lambda$new$1(49)) - s0@group-DBBE7E7C6C61->s2: matchIndex: updateToMax old=2, new=-1, updated? false
2022-08-02 21:05:53,885 [grpc-default-executor-2] DEBUG leader.FollowerInfo (FollowerInfoImpl.java:lambda$new$1(49)) - s0@group-DBBE7E7C6C61->s1: commitIndex: updateToMax old=1, new=1, updated? false
2022-08-02 21:05:53,885 [grpc-default-executor-2] DEBUG leader.FollowerInfo (FollowerInfoImpl.java:lambda$new$1(49)) - s0@group-DBBE7E7C6C61->s1: matchIndex: updateToMax old=2, new=-1, updated? false
2022-08-02 21:05:53,886 [grpc-default-executor-3] DEBUG leader.FollowerInfo (FollowerInfoImpl.java:lambda$new$1(49)) - s0@group-DBBE7E7C6C61->s2: commitIndex: updateToMax old=1, new=1, updated? false
2022-08-02 21:05:53,886 [grpc-default-executor-3] DEBUG leader.FollowerInfo (FollowerInfoImpl.java:lambda$new$1(49)) - s0@group-DBBE7E7C6C61->s2: matchIndex: updateToMax old=2, new=-1, updated? false
2022-08-02 21:05:53,886 [grpc-default-executor-2] DEBUG leader.FollowerInfo (FollowerInfoImpl.java:lambda$new$1(49)) - s0@group-DBBE7E7C6C61->s1: commitIndex: updateToMax old=1, new=1, updated? false
2022-08-02 21:05:53,886 [grpc-default-executor-2] DEBUG leader.FollowerInfo (FollowerInfoImpl.java:lambda$new$1(49)) - s0@group-DBBE7E7C6C61->s1: matchIndex: updateToMax old=2, new=-1, updated? false
2022-08-02 21:05:53,887 [grpc-default-executor-3] DEBUG leader.FollowerInfo (FollowerInfoImpl.java:lambda$new$1(49)) - s0@group-DBBE7E7C6C61->s2: commitIndex: updateToMax old=1, new=1, updated? false
2022-08-02 21:05:53,887 [grpc-default-executor-3] DEBUG leader.FollowerInfo (FollowerInfoImpl.java:lambda$new$1(49)) - s0@group-DBBE7E7C6C61->s2: matchIndex: updateToMax old=2, new=-1, updated? false
2022-08-02 21:05:53,888 [grpc-default-executor-2] DEBUG leader.FollowerInfo (FollowerInfoImpl.java:lambda$new$1(49)) - s0@group-DBBE7E7C6C61->s1: commitIndex: updateToMax old=1, new=1, updated? false
2022-08-02 21:05:53,888 [grpc-default-executor-2] DEBUG leader.FollowerInfo (FollowerInfoImpl.java:lambda$new$1(49)) - s0@group-DBBE7E7C6C61->s1: matchIndex: updateToMax old=2, new=-1, updated? false
2022-08-02 21:05:53,889 [grpc-default-executor-3] DEBUG leader.FollowerInfo (FollowerInfoImpl.java:lambda$new$1(49)) - s0@group-DBBE7E7C6C61->s2: commitIndex: updateToMax old=1, new=1, updated? false
2022-08-02 21:05:53,889 [grpc-default-executor-3] DEBUG leader.FollowerInfo (FollowerInfoImpl.java:lambda$new$1(49)) - s0@group-DBBE7E7C6C61->s2: matchIndex: updateToMax old=2, new=-1, updated? false
2022-08-02 21:05:53,890 [grpc-default-executor-2] DEBUG leader.FollowerInfo (FollowerInfoImpl.java:lambda$new$1(49)) - s0@group-DBBE7E7C6C61->s1: commitIndex: updateToMax old=1, new=1, updated? false
2022-08-02 21:05:53,890 [grpc-default-executor-2] DEBUG leader.FollowerInfo (FollowerInfoImpl.java:lambda$new$1(49)) - s0@group-DBBE7E7C6C61->s1: matchIndex: updateToMax old=2, new=-1, updated? false
2022-08-02 21:05:53,891 [grpc-default-executor-3] DEBUG leader.FollowerInfo (FollowerInfoImpl.java:lambda$new$1(49)) - s0@group-DBBE7E7C6C61->s2: commitIndex: updateToMax old=1, new=1, updated? false
2022-08-02 21:05:53,891 [grpc-default-executor-3] DEBUG leader.FollowerInfo (FollowerInfoImpl.java:lambda$new$1(49)) - s0@group-DBBE7E7C6C61->s2: matchIndex: updateToMax old=2, new=-1, updated? false
2022-08-02 21:05:53,892 [grpc-default-executor-2] DEBUG leader.FollowerInfo (FollowerInfoImpl.java:lambda$new$1(49)) - s0@group-DBBE7E7C6C61->s1: commitIndex: updateToMax old=1, new=1, updated? false
2022-08-02 21:05:53,892 [grpc-default-executor-2] DEBUG leader.FollowerInfo (FollowerInfoImpl.java:lambda$new$1(49)) - s0@group-DBBE7E7C6C61->s1: matchIndex: updateToMax old=2, new=-1, updated? false
2022-08-02 21:05:53,893 [grpc-default-executor-3] DEBUG leader.FollowerInfo (FollowerInfoImpl.java:lambda$new$1(49)) - s0@group-DBBE7E7C6C61->s2: commitIndex: updateToMax old=1, new=1, updated? false
2022-08-02 21:05:53,893 [grpc-default-executor-3] DEBUG leader.FollowerInfo (FollowerInfoImpl.java:lambda$new$1(49)) - s0@group-DBBE7E7C6C61->s2: matchIndex: updateToMax old=2, new=-1, updated? false
2022-08-02 21:05:53,894 [grpc-default-executor-2] DEBUG leader.FollowerInfo (FollowerInfoImpl.java:lambda$new$1(49)) - s0@group-DBBE7E7C6C61->s1: commitIndex: updateToMax old=1, new=1, updated? false
2022-08-02 21:05:53,894 [grpc-default-executor-2] DEBUG leader.FollowerInfo (FollowerInfoImpl.java:lambda$new$1(49)) - s0@group-DBBE7E7C6C61->s1: matchIndex: updateToMax old=2, new=-1, updated? false
2022-08-02 21:05:53,895 [grpc-default-executor-3] DEBUG leader.FollowerInfo (FollowerInfoImpl.java:lambda$new$1(49)) - s0@group-DBBE7E7C6C61->s2: commitIndex: updateToMax old=1, new=1, updated? false
2022-08-02 21:05:53,895 [grpc-default-executor-3] DEBUG leader.FollowerInfo (FollowerInfoImpl.java:lambda$new$1(49)) - s0@group-DBBE7E7C6C61->s2: matchIndex: updateToMax old=2, new=-1, updated? false
2022-08-02 21:05:53,895 [grpc-default-executor-2] DEBUG leader.FollowerInfo (FollowerInfoImpl.java:lambda$new$1(49)) - s0@group-DBBE7E7C6C61->s1: commitIndex: updateToMax old=1, new=1, updated? false
2022-08-02 21:05:53,895 [grpc-default-executor-2] DEBUG leader.FollowerInfo (FollowerInfoImpl.java:lambda$new$1(49)) - s0@group-DBBE7E7C6C61->s1: matchIndex: updateToMax old=2, new=-1, updated? false
2022-08-02 21:05:53,896 [grpc-default-executor-3] DEBUG leader.FollowerInfo (FollowerInfoImpl.java:lambda$new$1(49)) - s0@group-DBBE7E7C6C61->s2: commitIndex: updateToMax old=1, new=1, updated? false
2022-08-02 21:05:53,896 [grpc-default-executor-3] DEBUG leader.FollowerInfo (FollowerInfoImpl.java:lambda$new$1(49)) - s0@group-DBBE7E7C6C61->s2: matchIndex: updateToMax old=2, new=-1, updated? false
2022-08-02 21:05:53,897 [grpc-default-executor-2] DEBUG leader.FollowerInfo (FollowerInfoImpl.java:lambda$new$1(49)) - s0@group-DBBE7E7C6C61->s1: commitIndex: updateToMax old=1, new=1, updated? false
2022-08-02 21:05:53,897 [grpc-default-executor-2] DEBUG leader.FollowerInfo (FollowerInfoImpl.java:lambda$new$1(49)) - s0@group-DBBE7E7C6C61->s1: matchIndex: updateToMax old=2, new=-1, updated? false
2022-08-02 21:05:53,898 [grpc-default-executor-3] DEBUG leader.FollowerInfo (FollowerInfoImpl.java:lambda$new$1(49)) - s0@group-DBBE7E7C6C61->s2: commitIndex: updateToMax old=1, new=1, updated? false
2022-08-02 21:05:53,898 [grpc-default-executor-3] DEBUG leader.FollowerInfo (FollowerInfoImpl.java:lambda$new$1(49)) - s0@group-DBBE7E7C6C61->s2: matchIndex: updateToMax old=2, new=-1, updated? false
2022-08-02 21:05:53,899 [grpc-default-executor-2] DEBUG leader.FollowerInfo (FollowerInfoImpl.java:lambda$new$1(49)) - s0@group-DBBE7E7C6C61->s1: commitIndex: updateToMax old=1, new=1, updated? false
2022-08-02 21:05:53,899 [grpc-default-executor-2] DEBUG leader.FollowerInfo (FollowerInfoImpl.java:lambda$new$1(49)) - s0@group-DBBE7E7C6C61->s1: matchIndex: updateToMax old=2, new=-1, updated? false
2022-08-02 21:05:53,900 [grpc-default-executor-3] DEBUG leader.FollowerInfo (FollowerInfoImpl.java:lambda$new$1(49)) - s0@group-DBBE7E7C6C61->s2: commitIndex: updateToMax old=1, new=1, updated? false
2022-08-02 21:05:53,900 [grpc-default-executor-3] DEBUG leader.FollowerInfo (FollowerInfoImpl.java:lambda$new$1(49)) - s0@group-DBBE7E7C6C61->s2: matchIndex: updateToMax old=2, new=-1, updated? false
2022-08-02 21:05:53,901 [grpc-default-executor-2] DEBUG leader.FollowerInfo (FollowerInfoImpl.java:lambda$new$1(49)) - s0@group-DBBE7E7C6C61->s1: commitIndex: updateToMax old=1, new=1, updated? false
2022-08-02 21:05:53,901 [grpc-default-executor-2] DEBUG leader.FollowerInfo (FollowerInfoImpl.java:lambda$new$1(49)) - s0@group-DBBE7E7C6C61->s1: matchIndex: updateToMax old=2, new=-1, updated? false
2022-08-02 21:05:53,902 [grpc-default-executor-3] DEBUG leader.FollowerInfo (FollowerInfoImpl.java:lambda$new$1(49)) - s0@group-DBBE7E7C6C61->s2: commitIndex: updateToMax old=1, new=1, updated? false
2022-08-02 21:05:53,902 [grpc-default-executor-3] DEBUG leader.FollowerInfo (FollowerInfoImpl.java:lambda$new$1(49)) - s0@group-DBBE7E7C6C61->s2: matchIndex: updateToMax old=2, new=-1, updated? false
2022-08-02 21:05:53,903 [grpc-default-executor-2] DEBUG leader.FollowerInfo (FollowerInfoImpl.java:lambda$new$1(49)) - s0@group-DBBE7E7C6C61->s1: commitIndex: updateToMax old=1, new=1, updated? false
2022-08-02 21:05:53,903 [grpc-default-executor-2] DEBUG leader.FollowerInfo (FollowerInfoImpl.java:lambda$new$1(49)) - s0@group-DBBE7E7C6C61->s1: matchIndex: updateToMax old=2, new=-1, updated? false
2022-08-02 21:05:53,903 [grpc-default-executor-3] DEBUG leader.FollowerInfo (FollowerInfoImpl.java:lambda$new$1(49)) - s0@group-DBBE7E7C6C61->s2: commitIndex: updateToMax old=1, new=1, updated? false
2022-08-02 21:05:53,904 [grpc-default-executor-3] DEBUG leader.FollowerInfo (FollowerInfoImpl.java:lambda$new$1(49)) - s0@group-DBBE7E7C6C61->s2: matchIndex: updateToMax old=2, new=-1, updated? false
2022-08-02 21:05:53,904 [grpc-default-executor-2] DEBUG leader.FollowerInfo (FollowerInfoImpl.java:lambda$new$1(49)) - s0@group-DBBE7E7C6C61->s1: commitIndex: updateToMax old=1, new=1, updated? false
2022-08-02 21:05:53,904 [grpc-default-executor-2] DEBUG leader.FollowerInfo (FollowerInfoImpl.java:lambda$new$1(49)) - s0@group-DBBE7E7C6C61->s1: matchIndex: updateToMax old=2, new=-1, updated? false
2022-08-02 21:05:53,905 [grpc-default-executor-3] DEBUG leader.FollowerInfo (FollowerInfoImpl.java:lambda$new$1(49)) - s0@group-DBBE7E7C6C61->s2: commitIndex: updateToMax old=1, new=1, updated? false
2022-08-02 21:05:53,905 [grpc-default-executor-3] DEBUG leader.FollowerInfo (FollowerInfoImpl.java:lambda$new$1(49)) - s0@group-DBBE7E7C6C61->s2: matchIndex: updateToMax old=2, new=-1, updated? false
2022-08-02 21:05:53,906 [grpc-default-executor-2] DEBUG leader.FollowerInfo (FollowerInfoImpl.java:lambda$new$1(49)) - s0@group-DBBE7E7C6C61->s1: commitIndex: updateToMax old=1, new=1, updated? false
2022-08-02 21:05:53,906 [grpc-default-executor-2] DEBUG leader.FollowerInfo (FollowerInfoImpl.java:lambda$new$1(49)) - s0@group-DBBE7E7C6C61->s1: matchIndex: updateToMax old=2, new=-1, updated? false
2022-08-02 21:05:53,907 [grpc-default-executor-3] DEBUG leader.FollowerInfo (FollowerInfoImpl.java:lambda$new$1(49)) - s0@group-DBBE7E7C6C61->s2: commitIndex: updateToMax old=1, new=1, updated? false
2022-08-02 21:05:53,907 [grpc-default-executor-3] DEBUG leader.FollowerInfo (FollowerInfoImpl.java:lambda$new$1(49)) - s0@group-DBBE7E7C6C61->s2: matchIndex: updateToMax old=2, new=-1, updated? false
2022-08-02 21:05:53,908 [grpc-default-executor-2] DEBUG leader.FollowerInfo (FollowerInfoImpl.java:lambda$new$1(49)) - s0@group-DBBE7E7C6C61->s1: commitIndex: updateToMax old=1, new=1, updated? false
2022-08-02 21:05:53,908 [grpc-default-executor-2] DEBUG leader.FollowerInfo (FollowerInfoImpl.java:lambda$new$1(49)) - s0@group-DBBE7E7C6C61->s1: matchIndex: updateToMax old=2, new=-1, updated? false
2022-08-02 21:05:53,909 [grpc-default-executor-3] DEBUG leader.FollowerInfo (FollowerInfoImpl.java:lambda$new$1(49)) - s0@group-DBBE7E7C6C61->s2: commitIndex: updateToMax old=1, new=1, updated? false
2022-08-02 21:05:53,909 [grpc-default-executor-3] DEBUG leader.FollowerInfo (FollowerInfoImpl.java:lambda$new$1(49)) - s0@group-DBBE7E7C6C61->s2: matchIndex: updateToMax old=2, new=-1, updated? false
2022-08-02 21:05:53,910 [grpc-default-executor-2] DEBUG leader.FollowerInfo (FollowerInfoImpl.java:lambda$new$1(49)) - s0@group-DBBE7E7C6C61->s1: commitIndex: updateToMax old=1, new=1, updated? false
2022-08-02 21:05:53,910 [grpc-default-executor-2] DEBUG leader.FollowerInfo (FollowerInfoImpl.java:lambda$new$1(49)) - s0@group-DBBE7E7C6C61->s1: matchIndex: updateToMax old=2, new=-1, updated? false
2022-08-02 21:05:53,911 [grpc-default-executor-3] DEBUG leader.FollowerInfo (FollowerInfoImpl.java:lambda$new$1(49)) - s0@group-DBBE7E7C6C61->s2: commitIndex: updateToMax old=1, new=1, updated? false
2022-08-02 21:05:53,911 [grpc-default-executor-3] DEBUG leader.FollowerInfo (FollowerInfoImpl.java:lambda$new$1(49)) - s0@group-DBBE7E7C6C61->s2: matchIndex: updateToMax old=2, new=-1, updated? false
2022-08-02 21:05:53,912 [grpc-default-executor-2] DEBUG leader.FollowerInfo (FollowerInfoImpl.java:lambda$new$1(49)) - s0@group-DBBE7E7C6C61->s1: commitIndex: updateToMax old=1, new=1, updated? false
2022-08-02 21:05:53,912 [grpc-default-executor-2] DEBUG leader.FollowerInfo (FollowerInfoImpl.java:lambda$new$1(49)) - s0@group-DBBE7E7C6C61->s1: matchIndex: updateToMax old=2, new=-1, updated? false
2022-08-02 21:05:53,912 [grpc-default-executor-3] DEBUG leader.FollowerInfo (FollowerInfoImpl.java:lambda$new$1(49)) - s0@group-DBBE7E7C6C61->s2: commitIndex: updateToMax old=1, new=1, updated? false
2022-08-02 21:05:53,913 [grpc-default-executor-3] DEBUG leader.FollowerInfo (FollowerInfoImpl.java:lambda$new$1(49)) - s0@group-DBBE7E7C6C61->s2: matchIndex: updateToMax old=2, new=-1, updated? false
2022-08-02 21:05:53,913 [grpc-default-executor-2] DEBUG leader.FollowerInfo (FollowerInfoImpl.java:lambda$new$1(49)) - s0@group-DBBE7E7C6C61->s1: commitIndex: updateToMax old=1, new=1, updated? false
2022-08-02 21:05:53,913 [grpc-default-executor-2] DEBUG leader.FollowerInfo (FollowerInfoImpl.java:lambda$new$1(49)) - s0@group-DBBE7E7C6C61->s1: matchIndex: updateToMax old=2, new=-1, updated? false
2022-08-02 21:05:53,914 [grpc-default-executor-3] DEBUG leader.FollowerInfo (FollowerInfoImpl.java:lambda$new$1(49)) - s0@group-DBBE7E7C6C61->s2: commitIndex: updateToMax old=1, new=1, updated? false
2022-08-02 21:05:53,914 [grpc-default-executor-3] DEBUG leader.FollowerInfo (FollowerInfoImpl.java:lambda$new$1(49)) - s0@group-DBBE7E7C6C61->s2: matchIndex: updateToMax old=2, new=-1, updated? false
2022-08-02 21:05:53,915 [grpc-default-executor-2] DEBUG leader.FollowerInfo (FollowerInfoImpl.java:lambda$new$1(49)) - s0@group-DBBE7E7C6C61->s1: commitIndex: updateToMax old=1, new=1, updated? false
2022-08-02 21:05:53,915 [grpc-default-executor-2] DEBUG leader.FollowerInfo (FollowerInfoImpl.java:lambda$new$1(49)) - s0@group-DBBE7E7C6C61->s1: matchIndex: updateToMax old=2, new=-1, updated? false
2022-08-02 21:05:53,916 [grpc-default-executor-3] DEBUG leader.FollowerInfo (FollowerInfoImpl.java:lambda$new$1(49)) - s0@group-DBBE7E7C6C61->s2: commitIndex: updateToMax old=1, new=1, updated? false
2022-08-02 21:05:53,916 [grpc-default-executor-3] DEBUG leader.FollowerInfo (FollowerInfoImpl.java:lambda$new$1(49)) - s0@group-DBBE7E7C6C61->s2: matchIndex: updateToMax old=2, new=-1, updated? false
2022-08-02 21:05:53,917 [grpc-default-executor-2] DEBUG leader.FollowerInfo (FollowerInfoImpl.java:lambda$new$1(49)) - s0@group-DBBE7E7C6C61->s1: commitIndex: updateToMax old=1, new=1, updated? false
2022-08-02 21:05:53,917 [grpc-default-executor-2] DEBUG leader.FollowerInfo (FollowerInfoImpl.java:lambda$new$1(49)) - s0@group-DBBE7E7C6C61->s1: matchIndex: updateToMax old=2, new=-1, updated? false
2022-08-02 21:05:53,918 [grpc-default-executor-3] DEBUG leader.FollowerInfo (FollowerInfoImpl.java:lambda$new$1(49)) - s0@group-DBBE7E7C6C61->s2: commitIndex: updateToMax old=1, new=1, updated? false
2022-08-02 21:05:53,918 [grpc-default-executor-3] DEBUG leader.FollowerInfo (FollowerInfoImpl.java:lambda$new$1(49)) - s0@group-DBBE7E7C6C61->s2: matchIndex: updateToMax old=2, new=-1, updated? false
2022-08-02 21:05:53,919 [grpc-default-executor-2] DEBUG leader.FollowerInfo (FollowerInfoImpl.java:lambda$new$1(49)) - s0@group-DBBE7E7C6C61->s1: commitIndex: updateToMax old=1, new=1, updated? false
2022-08-02 21:05:53,919 [grpc-default-executor-2] DEBUG leader.FollowerInfo (FollowerInfoImpl.java:lambda$new$1(49)) - s0@group-DBBE7E7C6C61->s1: matchIndex: updateToMax old=2, new=-1, updated? false
2022-08-02 21:05:53,919 [grpc-default-executor-3] DEBUG leader.FollowerInfo (FollowerInfoImpl.java:lambda$new$1(49)) - s0@group-DBBE7E7C6C61->s2: commitIndex: updateToMax old=1, new=1, updated? false
2022-08-02 21:05:53,920 [grpc-default-executor-3] DEBUG leader.FollowerInfo (FollowerInfoImpl.java:lambda$new$1(49)) - s0@group-DBBE7E7C6C61->s2: matchIndex: updateToMax old=2, new=-1, updated? false
2022-08-02 21:05:53,920 [grpc-default-executor-2] DEBUG leader.FollowerInfo (FollowerInfoImpl.java:lambda$new$1(49)) - s0@group-DBBE7E7C6C61->s1: commitIndex: updateToMax old=1, new=1, updated? false
2022-08-02 21:05:53,920 [grpc-default-executor-2] DEBUG leader.FollowerInfo (FollowerInfoImpl.java:lambda$new$1(49)) - s0@group-DBBE7E7C6C61->s1: matchIndex: updateToMax old=2, new=-1, updated? false
2022-08-02 21:05:53,921 [grpc-default-executor-3] DEBUG leader.FollowerInfo (FollowerInfoImpl.java:lambda$new$1(49)) - s0@group-DBBE7E7C6C61->s2: commitIndex: updateToMax old=1, new=1, updated? false
2022-08-02 21:05:53,921 [grpc-default-executor-3] DEBUG leader.FollowerInfo (FollowerInfoImpl.java:lambda$new$1(49)) - s0@group-DBBE7E7C6C61->s2: matchIndex: updateToMax old=2, new=-1, updated? false
2022-08-02 21:05:53,922 [grpc-default-executor-2] DEBUG leader.FollowerInfo (FollowerInfoImpl.java:lambda$new$1(49)) - s0@group-DBBE7E7C6C61->s1: commitIndex: updateToMax old=1, new=1, updated? false
2022-08-02 21:05:53,922 [grpc-default-executor-2] DEBUG leader.FollowerInfo (FollowerInfoImpl.java:lambda$new$1(49)) - s0@group-DBBE7E7C6C61->s1: matchIndex: updateToMax old=2, new=-1, updated? false
2022-08-02 21:05:53,923 [grpc-default-executor-3] DEBUG leader.FollowerInfo (FollowerInfoImpl.java:lambda$new$1(49)) - s0@group-DBBE7E7C6C61->s2: commitIndex: updateToMax old=1, new=1, updated? false
2022-08-02 21:05:53,923 [grpc-default-executor-3] DEBUG leader.FollowerInfo (FollowerInfoImpl.java:lambda$new$1(49)) - s0@group-DBBE7E7C6C61->s2: matchIndex: updateToMax old=2, new=-1, updated? false
2022-08-02 21:05:53,924 [grpc-default-executor-2] DEBUG leader.FollowerInfo (FollowerInfoImpl.java:lambda$new$1(49)) - s0@group-DBBE7E7C6C61->s1: commitIndex: updateToMax old=1, new=1, updated? false
2022-08-02 21:05:53,924 [grpc-default-executor-2] DEBUG leader.FollowerInfo (FollowerInfoImpl.java:lambda$new$1(49)) - s0@group-DBBE7E7C6C61->s1: matchIndex: updateToMax old=2, new=-1, updated? false
2022-08-02 21:05:53,925 [grpc-default-executor-3] DEBUG leader.FollowerInfo (FollowerInfoImpl.java:lambda$new$1(49)) - s0@group-DBBE7E7C6C61->s2: commitIndex: updateToMax old=1, new=1, updated? false
2022-08-02 21:05:53,925 [grpc-default-executor-3] DEBUG leader.FollowerInfo (FollowerInfoImpl.java:lambda$new$1(49)) - s0@group-DBBE7E7C6C61->s2: matchIndex: updateToMax old=2, new=-1, updated? false
2022-08-02 21:05:53,926 [grpc-default-executor-2] DEBUG leader.FollowerInfo (FollowerInfoImpl.java:lambda$new$1(49)) - s0@group-DBBE7E7C6C61->s1: commitIndex: updateToMax old=1, new=1, updated? false
2022-08-02 21:05:53,926 [grpc-default-executor-2] DEBUG leader.FollowerInfo (FollowerInfoImpl.java:lambda$new$1(49)) - s0@group-DBBE7E7C6C61->s1: matchIndex: updateToMax old=2, new=-1, updated? false
2022-08-02 21:05:53,927 [grpc-default-executor-3] DEBUG leader.FollowerInfo (FollowerInfoImpl.java:lambda$new$1(49)) - s0@group-DBBE7E7C6C61->s2: commitIndex: updateToMax old=1, new=1, updated? false
2022-08-02 21:05:53,927 [grpc-default-executor-3] DEBUG leader.FollowerInfo (FollowerInfoImpl.java:lambda$new$1(49)) - s0@group-DBBE7E7C6C61->s2: matchIndex: updateToMax old=2, new=-1, updated? false
2022-08-02 21:05:53,928 [grpc-default-executor-2] DEBUG leader.FollowerInfo (FollowerInfoImpl.java:lambda$new$1(49)) - s0@group-DBBE7E7C6C61->s1: commitIndex: updateToMax old=1, new=1, updated? false
2022-08-02 21:05:53,928 [grpc-default-executor-2] DEBUG leader.FollowerInfo (FollowerInfoImpl.java:lambda$new$1(49)) - s0@group-DBBE7E7C6C61->s1: matchIndex: updateToMax old=2, new=-1, updated? false
2022-08-02 21:05:53,928 [grpc-default-executor-3] DEBUG leader.FollowerInfo (FollowerInfoImpl.java:lambda$new$1(49)) - s0@group-DBBE7E7C6C61->s2: commitIndex: updateToMax old=1, new=1, updated? false
2022-08-02 21:05:53,929 [grpc-default-executor-3] DEBUG leader.FollowerInfo (FollowerInfoImpl.java:lambda$new$1(49)) - s0@group-DBBE7E7C6C61->s2: matchIndex: updateToMax old=2, new=-1, updated? false
2022-08-02 21:05:53,929 [grpc-default-executor-2] DEBUG leader.FollowerInfo (FollowerInfoImpl.java:lambda$new$1(49)) - s0@group-DBBE7E7C6C61->s1: commitIndex: updateToMax old=1, new=1, updated? false
2022-08-02 21:05:53,930 [grpc-default-executor-2] DEBUG leader.FollowerInfo (FollowerInfoImpl.java:lambda$new$1(49)) - s0@group-DBBE7E7C6C61->s1: matchIndex: updateToMax old=2, new=-1, updated? false
2022-08-02 21:05:53,930 [grpc-default-executor-3] DEBUG leader.FollowerInfo (FollowerInfoImpl.java:lambda$new$1(49)) - s0@group-DBBE7E7C6C61->s2: commitIndex: updateToMax old=1, new=1, updated? false
2022-08-02 21:05:53,930 [grpc-default-executor-3] DEBUG leader.FollowerInfo (FollowerInfoImpl.java:lambda$new$1(49)) - s0@group-DBBE7E7C6C61->s2: matchIndex: updateToMax old=2, new=-1, updated? false
2022-08-02 21:05:53,931 [grpc-default-executor-2] DEBUG leader.FollowerInfo (FollowerInfoImpl.java:lambda$new$1(49)) - s0@group-DBBE7E7C6C61->s1: commitIndex: updateToMax old=1, new=1, updated? false
2022-08-02 21:05:53,931 [grpc-default-executor-2] DEBUG leader.FollowerInfo (FollowerInfoImpl.java:lambda$new$1(49)) - s0@group-DBBE7E7C6C61->s1: matchIndex: updateToMax old=2, new=-1, updated? false
2022-08-02 21:05:53,932 [grpc-default-executor-3] DEBUG leader.FollowerInfo (FollowerInfoImpl.java:lambda$new$1(49)) - s0@group-DBBE7E7C6C61->s2: commitIndex: updateToMax old=1, new=1, updated? false
2022-08-02 21:05:53,932 [grpc-default-executor-3] DEBUG leader.FollowerInfo (FollowerInfoImpl.java:lambda$new$1(49)) - s0@group-DBBE7E7C6C61->s2: matchIndex: updateToMax old=2, new=-1, updated? false
2022-08-02 21:05:53,933 [grpc-default-executor-2] DEBUG leader.FollowerInfo (FollowerInfoImpl.java:lambda$new$1(49)) - s0@group-DBBE7E7C6C61->s1: commitIndex: updateToMax old=1, new=1, updated? false
2022-08-02 21:05:53,933 [grpc-default-executor-2] DEBUG leader.FollowerInfo (FollowerInfoImpl.java:lambda$new$1(49)) - s0@group-DBBE7E7C6C61->s1: matchIndex: updateToMax old=2, new=-1, updated? false
2022-08-02 21:05:53,934 [grpc-default-executor-3] DEBUG leader.FollowerInfo (FollowerInfoImpl.java:lambda$new$1(49)) - s0@group-DBBE7E7C6C61->s2: commitIndex: updateToMax old=1, new=1, updated? false
2022-08-02 21:05:53,934 [grpc-default-executor-3] DEBUG leader.FollowerInfo (FollowerInfoImpl.java:lambda$new$1(49)) - s0@group-DBBE7E7C6C61->s2: matchIndex: updateToMax old=2, new=-1, updated? false
2022-08-02 21:05:53,935 [grpc-default-executor-2] DEBUG leader.FollowerInfo (FollowerInfoImpl.java:lambda$new$1(49)) - s0@group-DBBE7E7C6C61->s1: commitIndex: updateToMax old=1, new=1, updated? false
2022-08-02 21:05:53,935 [grpc-default-executor-2] DEBUG leader.FollowerInfo (FollowerInfoImpl.java:lambda$new$1(49)) - s0@group-DBBE7E7C6C61->s1: matchIndex: updateToMax old=2, new=-1, updated? false
2022-08-02 21:05:53,936 [grpc-default-executor-3] DEBUG leader.FollowerInfo (FollowerInfoImpl.java:lambda$new$1(49)) - s0@group-DBBE7E7C6C61->s2: commitIndex: updateToMax old=1, new=1, updated? false
2022-08-02 21:05:53,936 [grpc-default-executor-3] DEBUG leader.FollowerInfo (FollowerInfoImpl.java:lambda$new$1(49)) - s0@group-DBBE7E7C6C61->s2: matchIndex: updateToMax old=2, new=-1, updated? false
2022-08-02 21:05:53,937 [grpc-default-executor-2] DEBUG leader.FollowerInfo (FollowerInfoImpl.java:lambda$new$1(49)) - s0@group-DBBE7E7C6C61->s1: commitIndex: updateToMax old=1, new=1, updated? false
2022-08-02 21:05:53,937 [grpc-default-executor-2] DEBUG leader.FollowerInfo (FollowerInfoImpl.java:lambda$new$1(49)) - s0@group-DBBE7E7C6C61->s1: matchIndex: updateToMax old=2, new=-1, updated? false
2022-08-02 21:05:53,938 [grpc-default-executor-3] DEBUG leader.FollowerInfo (FollowerInfoImpl.java:lambda$new$1(49)) - s0@group-DBBE7E7C6C61->s2: commitIndex: updateToMax old=1, new=1, updated? false
2022-08-02 21:05:53,938 [grpc-default-executor-3] DEBUG leader.FollowerInfo (FollowerInfoImpl.java:lambda$new$1(49)) - s0@group-DBBE7E7C6C61->s2: matchIndex: updateToMax old=2, new=-1, updated? false
2022-08-02 21:05:53,938 [grpc-default-executor-2] DEBUG leader.FollowerInfo (FollowerInfoImpl.java:lambda$new$1(49)) - s0@group-DBBE7E7C6C61->s1: commitIndex: updateToMax old=1, new=1, updated? false
2022-08-02 21:05:53,939 [grpc-default-executor-2] DEBUG leader.FollowerInfo (FollowerInfoImpl.java:lambda$new$1(49)) - s0@group-DBBE7E7C6C61->s1: matchIndex: updateToMax old=2, new=-1, updated? false
2022-08-02 21:05:53,939 [grpc-default-executor-3] DEBUG leader.FollowerInfo (FollowerInfoImpl.java:lambda$new$1(49)) - s0@group-DBBE7E7C6C61->s2: commitIndex: updateToMax old=1, new=1, updated? false
2022-08-02 21:05:53,939 [grpc-default-executor-3] DEBUG leader.FollowerInfo (FollowerInfoImpl.java:lambda$new$1(49)) - s0@group-DBBE7E7C6C61->s2: matchIndex: updateToMax old=2, new=-1, updated? false
2022-08-02 21:05:53,940 [grpc-default-executor-2] DEBUG leader.FollowerInfo (FollowerInfoImpl.java:lambda$new$1(49)) - s0@group-DBBE7E7C6C61->s1: commitIndex: updateToMax old=1, new=1, updated? false
2022-08-02 21:05:53,940 [grpc-default-executor-2] DEBUG leader.FollowerInfo (FollowerInfoImpl.java:lambda$new$1(49)) - s0@group-DBBE7E7C6C61->s1: matchIndex: updateToMax old=2, new=-1, updated? false
2022-08-02 21:05:53,941 [grpc-default-executor-3] DEBUG leader.FollowerInfo (FollowerInfoImpl.java:lambda$new$1(49)) - s0@group-DBBE7E7C6C61->s2: commitIndex: updateToMax old=1, new=1, updated? false
2022-08-02 21:05:53,941 [grpc-default-executor-3] DEBUG leader.FollowerInfo (FollowerInfoImpl.java:lambda$new$1(49)) - s0@group-DBBE7E7C6C61->s2: matchIndex: updateToMax old=2, new=-1, updated? false
2022-08-02 21:05:53,942 [grpc-default-executor-2] DEBUG leader.FollowerInfo (FollowerInfoImpl.java:lambda$new$1(49)) - s0@group-DBBE7E7C6C61->s1: commitIndex: updateToMax old=1, new=1, updated? false
2022-08-02 21:05:53,942 [grpc-default-executor-2] DEBUG leader.FollowerInfo (FollowerInfoImpl.java:lambda$new$1(49)) - s0@group-DBBE7E7C6C61->s1: matchIndex: updateToMax old=2, new=-1, updated? false
2022-08-02 21:05:53,943 [grpc-default-executor-3] DEBUG leader.FollowerInfo (FollowerInfoImpl.java:lambda$new$1(49)) - s0@group-DBBE7E7C6C61->s2: commitIndex: updateToMax old=1, new=1, updated? false
2022-08-02 21:05:53,943 [grpc-default-executor-3] DEBUG leader.FollowerInfo (FollowerInfoImpl.java:lambda$new$1(49)) - s0@group-DBBE7E7C6C61->s2: matchIndex: updateToMax old=2, new=-1, updated? false
2022-08-02 21:05:53,944 [grpc-default-executor-2] DEBUG leader.FollowerInfo (FollowerInfoImpl.java:lambda$new$1(49)) - s0@group-DBBE7E7C6C61->s1: commitIndex: updateToMax old=1, new=1, updated? false
2022-08-02 21:05:53,944 [grpc-default-executor-2] DEBUG leader.FollowerInfo (FollowerInfoImpl.java:lambda$new$1(49)) - s0@group-DBBE7E7C6C61->s1: matchIndex: updateToMax old=2, new=-1, updated? false
2022-08-02 21:05:53,945 [grpc-default-executor-3] DEBUG leader.FollowerInfo (FollowerInfoImpl.java:lambda$new$1(49)) - s0@group-DBBE7E7C6C61->s2: commitIndex: updateToMax old=1, new=1, updated? false
2022-08-02 21:05:53,945 [grpc-default-executor-3] DEBUG leader.FollowerInfo (FollowerInfoImpl.java:lambda$new$1(49)) - s0@group-DBBE7E7C6C61->s2: matchIndex: updateToMax old=2, new=-1, updated? false
2022-08-02 21:05:53,946 [grpc-default-executor-2] DEBUG leader.FollowerInfo (FollowerInfoImpl.java:lambda$new$1(49)) - s0@group-DBBE7E7C6C61->s1: commitIndex: updateToMax old=1, new=1, updated? false
2022-08-02 21:05:53,946 [grpc-default-executor-2] DEBUG leader.FollowerInfo (FollowerInfoImpl.java:lambda$new$1(49)) - s0@group-DBBE7E7C6C61->s1: matchIndex: updateToMax old=2, new=-1, updated? false
2022-08-02 21:05:53,946 [grpc-default-executor-3] DEBUG leader.FollowerInfo (FollowerInfoImpl.java:lambda$new$1(49)) - s0@group-DBBE7E7C6C61->s2: commitIndex: updateToMax old=1, new=1, updated? false
2022-08-02 21:05:53,946 [grpc-default-executor-3] DEBUG leader.FollowerInfo (FollowerInfoImpl.java:lambda$new$1(49)) - s0@group-DBBE7E7C6C61->s2: matchIndex: updateToMax old=2, new=-1, updated? false
2022-08-02 21:05:53,947 [grpc-default-executor-2] DEBUG leader.FollowerInfo (FollowerInfoImpl.java:lambda$new$1(49)) - s0@group-DBBE7E7C6C61->s1: commitIndex: updateToMax old=1, new=1, updated? false
2022-08-02 21:05:53,947 [grpc-default-executor-2] DEBUG leader.FollowerInfo (FollowerInfoImpl.java:lambda$new$1(49)) - s0@group-DBBE7E7C6C61->s1: matchIndex: updateToMax old=2, new=-1, updated? false
2022-08-02 21:05:53,948 [grpc-default-executor-3] DEBUG leader.FollowerInfo (FollowerInfoImpl.java:lambda$new$1(49)) - s0@group-DBBE7E7C6C61->s2: commitIndex: updateToMax old=1, new=1, updated? false
2022-08-02 21:05:53,948 [grpc-default-executor-3] DEBUG leader.FollowerInfo (FollowerInfoImpl.java:lambda$new$1(49)) - s0@group-DBBE7E7C6C61->s2: matchIndex: updateToMax old=2, new=-1, updated? false
2022-08-02 21:05:53,949 [grpc-default-executor-2] DEBUG leader.FollowerInfo (FollowerInfoImpl.java:lambda$new$1(49)) - s0@group-DBBE7E7C6C61->s1: commitIndex: updateToMax old=1, new=1, updated? false
2022-08-02 21:05:53,949 [grpc-default-executor-2] DEBUG leader.FollowerInfo (FollowerInfoImpl.java:lambda$new$1(49)) - s0@group-DBBE7E7C6C61->s1: matchIndex: updateToMax old=2, new=-1, updated? false
2022-08-02 21:05:53,950 [grpc-default-executor-3] DEBUG leader.FollowerInfo (FollowerInfoImpl.java:lambda$new$1(49)) - s0@group-DBBE7E7C6C61->s2: commitIndex: updateToMax old=1, new=1, updated? false
2022-08-02 21:05:53,950 [grpc-default-executor-3] DEBUG leader.FollowerInfo (FollowerInfoImpl.java:lambda$new$1(49)) - s0@group-DBBE7E7C6C61->s2: matchIndex: updateToMax old=2, new=-1, updated? false
2022-08-02 21:05:53,951 [grpc-default-executor-2] DEBUG leader.FollowerInfo (FollowerInfoImpl.java:lambda$new$1(49)) - s0@group-DBBE7E7C6C61->s1: commitIndex: updateToMax old=1, new=1, updated? false
2022-08-02 21:05:53,951 [grpc-default-executor-2] DEBUG leader.FollowerInfo (FollowerInfoImpl.java:lambda$new$1(49)) - s0@group-DBBE7E7C6C61->s1: matchIndex: updateToMax old=2, new=-1, updated? false
2022-08-02 21:05:53,952 [grpc-default-executor-3] DEBUG leader.FollowerInfo (FollowerInfoImpl.java:lambda$new$1(49)) - s0@group-DBBE7E7C6C61->s2: commitIndex: updateToMax old=1, new=1, updated? false
2022-08-02 21:05:53,952 [grpc-default-executor-3] DEBUG leader.FollowerInfo (FollowerInfoImpl.java:lambda$new$1(49)) - s0@group-DBBE7E7C6C61->s2: matchIndex: updateToMax old=2, new=-1, updated? false
2022-08-02 21:05:53,953 [grpc-default-executor-2] DEBUG leader.FollowerInfo (FollowerInfoImpl.java:lambda$new$1(49)) - s0@group-DBBE7E7C6C61->s1: commitIndex: updateToMax old=1, new=1, updated? false
2022-08-02 21:05:53,953 [grpc-default-executor-2] DEBUG leader.FollowerInfo (FollowerInfoImpl.java:lambda$new$1(49)) - s0@group-DBBE7E7C6C61->s1: matchIndex: updateToMax old=2, new=-1, updated? false
2022-08-02 21:05:53,953 [grpc-default-executor-3] DEBUG leader.FollowerInfo (FollowerInfoImpl.java:lambda$new$1(49)) - s0@group-DBBE7E7C6C61->s2: commitIndex: updateToMax old=1, new=1, updated? false
2022-08-02 21:05:53,954 [grpc-default-executor-3] DEBUG leader.FollowerInfo (FollowerInfoImpl.java:lambda$new$1(49)) - s0@group-DBBE7E7C6C61->s2: matchIndex: updateToMax old=2, new=-1, updated? false
2022-08-02 21:05:53,954 [grpc-default-executor-2] DEBUG leader.FollowerInfo (FollowerInfoImpl.java:lambda$new$1(49)) - s0@group-DBBE7E7C6C61->s1: commitIndex: updateToMax old=1, new=1, updated? false
2022-08-02 21:05:53,954 [grpc-default-executor-2] DEBUG leader.FollowerInfo (FollowerInfoImpl.java:lambda$new$1(49)) - s0@group-DBBE7E7C6C61->s1: matchIndex: updateToMax old=2, new=-1, updated? false
2022-08-02 21:05:53,955 [grpc-default-executor-3] DEBUG leader.FollowerInfo (FollowerInfoImpl.java:lambda$new$1(49)) - s0@group-DBBE7E7C6C61->s2: commitIndex: updateToMax old=1, new=1, updated? false
2022-08-02 21:05:53,955 [grpc-default-executor-3] DEBUG leader.FollowerInfo (FollowerInfoImpl.java:lambda$new$1(49)) - s0@group-DBBE7E7C6C61->s2: matchIndex: updateToMax old=2, new=-1, updated? false
2022-08-02 21:05:53,956 [grpc-default-executor-2] DEBUG leader.FollowerInfo (FollowerInfoImpl.java:lambda$new$1(49)) - s0@group-DBBE7E7C6C61->s1: commitIndex: updateToMax old=1, new=1, updated? false
2022-08-02 21:05:53,956 [grpc-default-executor-2] DEBUG leader.FollowerInfo (FollowerInfoImpl.java:lambda$new$1(49)) - s0@group-DBBE7E7C6C61->s1: matchIndex: updateToMax old=2, new=-1, updated? false
2022-08-02 21:05:53,957 [grpc-default-executor-3] DEBUG leader.FollowerInfo (FollowerInfoImpl.java:lambda$new$1(49)) - s0@group-DBBE7E7C6C61->s2: commitIndex: updateToMax old=1, new=1, updated? false
2022-08-02 21:05:53,957 [grpc-default-executor-3] DEBUG leader.FollowerInfo (FollowerInfoImpl.java:lambda$new$1(49)) - s0@group-DBBE7E7C6C61->s2: matchIndex: updateToMax old=2, new=-1, updated? false
2022-08-02 21:05:53,958 [grpc-default-executor-2] DEBUG leader.FollowerInfo (FollowerInfoImpl.java:lambda$new$1(49)) - s0@group-DBBE7E7C6C61->s1: commitIndex: updateToMax old=1, new=1, updated? false
2022-08-02 21:05:53,958 [grpc-default-executor-2] DEBUG leader.FollowerInfo (FollowerInfoImpl.java:lambda$new$1(49)) - s0@group-DBBE7E7C6C61->s1: matchIndex: updateToMax old=2, new=-1, updated? false
2022-08-02 21:05:53,959 [grpc-default-executor-3] DEBUG leader.FollowerInfo (FollowerInfoImpl.java:lambda$new$1(49)) - s0@group-DBBE7E7C6C61->s2: commitIndex: updateToMax old=1, new=1, updated? false
2022-08-02 21:05:53,959 [grpc-default-executor-3] DEBUG leader.FollowerInfo (FollowerInfoImpl.java:lambda$new$1(49)) - s0@group-DBBE7E7C6C61->s2: matchIndex: updateToMax old=2, new=-1, updated? false
2022-08-02 21:05:53,960 [grpc-default-executor-2] DEBUG leader.FollowerInfo (FollowerInfoImpl.java:lambda$new$1(49)) - s0@group-DBBE7E7C6C61->s1: commitIndex: updateToMax old=1, new=1, updated? false
2022-08-02 21:05:53,960 [grpc-default-executor-2] DEBUG leader.FollowerInfo (FollowerInfoImpl.java:lambda$new$1(49)) - s0@group-DBBE7E7C6C61->s1: matchIndex: updateToMax old=2, new=-1, updated? false
2022-08-02 21:05:53,961 [grpc-default-executor-3] DEBUG leader.FollowerInfo (FollowerInfoImpl.java:lambda$new$1(49)) - s0@group-DBBE7E7C6C61->s2: commitIndex: updateToMax old=1, new=1, updated? false
2022-08-02 21:05:53,961 [grpc-default-executor-3] DEBUG leader.FollowerInfo (FollowerInfoImpl.java:lambda$new$1(49)) - s0@group-DBBE7E7C6C61->s2: matchIndex: updateToMax old=2, new=-1, updated? false
2022-08-02 21:05:53,962 [grpc-default-executor-2] DEBUG leader.FollowerInfo (FollowerInfoImpl.java:lambda$new$1(49)) - s0@group-DBBE7E7C6C61->s1: commitIndex: updateToMax old=1, new=1, updated? false
2022-08-02 21:05:53,962 [grpc-default-executor-2] DEBUG leader.FollowerInfo (FollowerInfoImpl.java:lambda$new$1(49)) - s0@group-DBBE7E7C6C61->s1: matchIndex: updateToMax old=2, new=-1, updated? false
2022-08-02 21:05:53,962 [grpc-default-executor-3] DEBUG leader.FollowerInfo (FollowerInfoImpl.java:lambda$new$1(49)) - s0@group-DBBE7E7C6C61->s2: commitIndex: updateToMax old=1, new=1, updated? false
2022-08-02 21:05:53,963 [grpc-default-executor-3] DEBUG leader.FollowerInfo (FollowerInfoImpl.java:lambda$new$1(49)) - s0@group-DBBE7E7C6C61->s2: matchIndex: updateToMax old=2, new=-1, updated? false
2022-08-02 21:05:53,963 [grpc-default-executor-2] DEBUG leader.FollowerInfo (FollowerInfoImpl.java:lambda$new$1(49)) - s0@group-DBBE7E7C6C61->s1: commitIndex: updateToMax old=1, new=1, updated? false
2022-08-02 21:05:53,964 [grpc-default-executor-2] DEBUG leader.FollowerInfo (FollowerInfoImpl.java:lambda$new$1(49)) - s0@group-DBBE7E7C6C61->s1: matchIndex: updateToMax old=2, new=-1, updated? false
2022-08-02 21:05:53,964 [grpc-default-executor-3] DEBUG leader.FollowerInfo (FollowerInfoImpl.java:lambda$new$1(49)) - s0@group-DBBE7E7C6C61->s2: commitIndex: updateToMax old=1, new=1, updated? false
2022-08-02 21:05:53,964 [grpc-default-executor-3] DEBUG leader.FollowerInfo (FollowerInfoImpl.java:lambda$new$1(49)) - s0@group-DBBE7E7C6C61->s2: matchIndex: updateToMax old=2, new=-1, updated? false
2022-08-02 21:05:53,965 [grpc-default-executor-2] DEBUG leader.FollowerInfo (FollowerInfoImpl.java:lambda$new$1(49)) - s0@group-DBBE7E7C6C61->s1: commitIndex: updateToMax old=1, new=1, updated? false
2022-08-02 21:05:53,965 [grpc-default-executor-2] DEBUG leader.FollowerInfo (FollowerInfoImpl.java:lambda$new$1(49)) - s0@group-DBBE7E7C6C61->s1: matchIndex: updateToMax old=2, new=-1, updated? false
2022-08-02 21:05:53,966 [grpc-default-executor-3] DEBUG leader.FollowerInfo (FollowerInfoImpl.java:lambda$new$1(49)) - s0@group-DBBE7E7C6C61->s2: commitIndex: updateToMax old=1, new=1, updated? false
2022-08-02 21:05:53,966 [grpc-default-executor-3] DEBUG leader.FollowerInfo (FollowerInfoImpl.java:lambda$new$1(49)) - s0@group-DBBE7E7C6C61->s2: matchIndex: updateToMax old=2, new=-1, updated? false
2022-08-02 21:05:53,967 [grpc-default-executor-2] DEBUG leader.FollowerInfo (FollowerInfoImpl.java:lambda$new$1(49)) - s0@group-DBBE7E7C6C61->s1: commitIndex: updateToMax old=1, new=1, updated? false
2022-08-02 21:05:53,967 [grpc-default-executor-2] DEBUG leader.FollowerInfo (FollowerInfoImpl.java:lambda$new$1(49)) - s0@group-DBBE7E7C6C61->s1: matchIndex: updateToMax old=2, new=-1, updated? false
2022-08-02 21:05:53,968 [grpc-default-executor-3] DEBUG leader.FollowerInfo (FollowerInfoImpl.java:lambda$new$1(49)) - s0@group-DBBE7E7C6C61->s2: commitIndex: updateToMax old=1, new=1, updated? false
2022-08-02 21:05:53,968 [grpc-default-executor-3] DEBUG leader.FollowerInfo (FollowerInfoImpl.java:lambda$new$1(49)) - s0@group-DBBE7E7C6C61->s2: matchIndex: updateToMax old=2, new=-1, updated? false
2022-08-02 21:05:53,969 [grpc-default-executor-2] DEBUG leader.FollowerInfo (FollowerInfoImpl.java:lambda$new$1(49)) - s0@group-DBBE7E7C6C61->s1: commitIndex: updateToMax old=1, new=1, updated? false
2022-08-02 21:05:53,969 [grpc-default-executor-2] DEBUG leader.FollowerInfo (FollowerInfoImpl.java:lambda$new$1(49)) - s0@group-DBBE7E7C6C61->s1: matchIndex: updateToMax old=2, new=-1, updated? false
2022-08-02 21:05:53,969 [grpc-default-executor-3] DEBUG leader.FollowerInfo (FollowerInfoImpl.java:lambda$new$1(49)) - s0@group-DBBE7E7C6C61->s2: commitIndex: updateToMax old=1, new=1, updated? false
2022-08-02 21:05:53,970 [grpc-default-executor-3] DEBUG leader.FollowerInfo (FollowerInfoImpl.java:lambda$new$1(49)) - s0@group-DBBE7E7C6C61->s2: matchIndex: updateToMax old=2, new=-1, updated? false
2022-08-02 21:05:53,970 [grpc-default-executor-2] DEBUG leader.FollowerInfo (FollowerInfoImpl.java:lambda$new$1(49)) - s0@group-DBBE7E7C6C61->s1: commitIndex: updateToMax old=1, new=1, updated? false
2022-08-02 21:05:53,970 [grpc-default-executor-2] DEBUG leader.FollowerInfo (FollowerInfoImpl.java:lambda$new$1(49)) - s0@group-DBBE7E7C6C61->s1: matchIndex: updateToMax old=2, new=-1, updated? false
2022-08-02 21:05:53,971 [grpc-default-executor-3] DEBUG leader.FollowerInfo (FollowerInfoImpl.java:lambda$new$1(49)) - s0@group-DBBE7E7C6C61->s2: commitIndex: updateToMax old=1, new=1, updated? false
2022-08-02 21:05:53,971 [grpc-default-executor-3] DEBUG leader.FollowerInfo (FollowerInfoImpl.java:lambda$new$1(49)) - s0@group-DBBE7E7C6C61->s2: matchIndex: updateToMax old=2, new=-1, updated? false
2022-08-02 21:05:53,972 [grpc-default-executor-2] DEBUG leader.FollowerInfo (FollowerInfoImpl.java:lambda$new$1(49)) - s0@group-DBBE7E7C6C61->s1: commitIndex: updateToMax old=1, new=1, updated? false
2022-08-02 21:05:53,972 [grpc-default-executor-2] DEBUG leader.FollowerInfo (FollowerInfoImpl.java:lambda$new$1(49)) - s0@group-DBBE7E7C6C61->s1: matchIndex: updateToMax old=2, new=-1, updated? false
2022-08-02 21:05:53,973 [grpc-default-executor-3] DEBUG leader.FollowerInfo (FollowerInfoImpl.java:lambda$new$1(49)) - s0@group-DBBE7E7C6C61->s2: commitIndex: updateToMax old=1, new=1, updated? false
2022-08-02 21:05:53,973 [grpc-default-executor-3] DEBUG leader.FollowerInfo (FollowerInfoImpl.java:lambda$new$1(49)) - s0@group-DBBE7E7C6C61->s2: matchIndex: updateToMax old=2, new=-1, updated? false
2022-08-02 21:05:53,974 [grpc-default-executor-2] DEBUG leader.FollowerInfo (FollowerInfoImpl.java:lambda$new$1(49)) - s0@group-DBBE7E7C6C61->s1: commitIndex: updateToMax old=1, new=1, updated? false
2022-08-02 21:05:53,974 [grpc-default-executor-2] DEBUG leader.FollowerInfo (FollowerInfoImpl.java:lambda$new$1(49)) - s0@group-DBBE7E7C6C61->s1: matchIndex: updateToMax old=2, new=-1, updated? false
2022-08-02 21:05:53,975 [grpc-default-executor-3] DEBUG leader.FollowerInfo (FollowerInfoImpl.java:lambda$new$1(49)) - s0@group-DBBE7E7C6C61->s2: commitIndex: updateToMax old=1, new=1, updated? false
2022-08-02 21:05:53,975 [grpc-default-executor-3] DEBUG leader.FollowerInfo (FollowerInfoImpl.java:lambda$new$1(49)) - s0@group-DBBE7E7C6C61->s2: matchIndex: updateToMax old=2, new=-1, updated? false
2022-08-02 21:05:53,976 [grpc-default-executor-2] DEBUG leader.FollowerInfo (FollowerInfoImpl.java:lambda$new$1(49)) - s0@group-DBBE7E7C6C61->s1: commitIndex: updateToMax old=1, new=1, updated? false
2022-08-02 21:05:53,976 [grpc-default-executor-2] DEBUG leader.FollowerInfo (FollowerInfoImpl.java:lambda$new$1(49)) - s0@group-DBBE7E7C6C61->s1: matchIndex: updateToMax old=2, new=-1, updated? false
2022-08-02 21:05:53,977 [grpc-default-executor-3] DEBUG leader.FollowerInfo (FollowerInfoImpl.java:lambda$new$1(49)) - s0@group-DBBE7E7C6C61->s2: commitIndex: updateToMax old=1, new=1, updated? false
2022-08-02 21:05:53,977 [grpc-default-executor-3] DEBUG leader.FollowerInfo (FollowerInfoImpl.java:lambda$new$1(49)) - s0@group-DBBE7E7C6C61->s2: matchIndex: updateToMax old=2, new=-1, updated? false
2022-08-02 21:05:53,977 [grpc-default-executor-2] DEBUG leader.FollowerInfo (FollowerInfoImpl.java:lambda$new$1(49)) - s0@group-DBBE7E7C6C61->s1: commitIndex: updateToMax old=1, new=1, updated? false
2022-08-02 21:05:53,978 [grpc-default-executor-2] DEBUG leader.FollowerInfo (FollowerInfoImpl.java:lambda$new$1(49)) - s0@group-DBBE7E7C6C61->s1: matchIndex: updateToMax old=2, new=-1, updated? false
2022-08-02 21:05:53,978 [grpc-default-executor-3] DEBUG leader.FollowerInfo (FollowerInfoImpl.java:lambda$new$1(49)) - s0@group-DBBE7E7C6C61->s2: commitIndex: updateToMax old=1, new=1, updated? false
2022-08-02 21:05:53,978 [grpc-default-executor-3] DEBUG leader.FollowerInfo (FollowerInfoImpl.java:lambda$new$1(49)) - s0@group-DBBE7E7C6C61->s2: matchIndex: updateToMax old=2, new=-1, updated? false
2022-08-02 21:05:53,979 [grpc-default-executor-2] DEBUG leader.FollowerInfo (FollowerInfoImpl.java:lambda$new$1(49)) - s0@group-DBBE7E7C6C61->s1: commitIndex: updateToMax old=1, new=1, updated? false
2022-08-02 21:05:53,979 [grpc-default-executor-2] DEBUG leader.FollowerInfo (FollowerInfoImpl.java:lambda$new$1(49)) - s0@group-DBBE7E7C6C61->s1: matchIndex: updateToMax old=2, new=-1, updated? false
2022-08-02 21:05:53,980 [grpc-default-executor-3] DEBUG leader.FollowerInfo (FollowerInfoImpl.java:lambda$new$1(49)) - s0@group-DBBE7E7C6C61->s2: commitIndex: updateToMax old=1, new=1, updated? false
2022-08-02 21:05:53,980 [grpc-default-executor-3] DEBUG leader.FollowerInfo (FollowerInfoImpl.java:lambda$new$1(49)) - s0@group-DBBE7E7C6C61->s2: matchIndex: updateToMax old=2, new=-1, updated? false
2022-08-02 21:05:53,981 [grpc-default-executor-2] DEBUG leader.FollowerInfo (FollowerInfoImpl.java:lambda$new$1(49)) - s0@group-DBBE7E7C6C61->s1: commitIndex: updateToMax old=1, new=1, updated? false
2022-08-02 21:05:53,981 [grpc-default-executor-2] DEBUG leader.FollowerInfo (FollowerInfoImpl.java:lambda$new$1(49)) - s0@group-DBBE7E7C6C61->s1: matchIndex: updateToMax old=2, new=-1, updated? false
2022-08-02 21:05:53,982 [grpc-default-executor-3] DEBUG leader.FollowerInfo (FollowerInfoImpl.java:lambda$new$1(49)) - s0@group-DBBE7E7C6C61->s2: commitIndex: updateToMax old=1, new=1, updated? false
2022-08-02 21:05:53,982 [grpc-default-executor-3] DEBUG leader.FollowerInfo (FollowerInfoImpl.java:lambda$new$1(49)) - s0@group-DBBE7E7C6C61->s2: matchIndex: updateToMax old=2, new=-1, updated? false
2022-08-02 21:05:53,983 [grpc-default-executor-2] DEBUG leader.FollowerInfo (FollowerInfoImpl.java:lambda$new$1(49)) - s0@group-DBBE7E7C6C61->s1: commitIndex: updateToMax old=1, new=1, updated? false
2022-08-02 21:05:53,983 [grpc-default-executor-2] DEBUG leader.FollowerInfo (FollowerInfoImpl.java:lambda$new$1(49)) - s0@group-DBBE7E7C6C61->s1: matchIndex: updateToMax old=2, new=-1, updated? false
2022-08-02 21:05:53,984 [grpc-default-executor-3] DEBUG leader.FollowerInfo (FollowerInfoImpl.java:lambda$new$1(49)) - s0@group-DBBE7E7C6C61->s2: commitIndex: updateToMax old=1, new=1, updated? false
2022-08-02 21:05:53,984 [grpc-default-executor-3] DEBUG leader.FollowerInfo (FollowerInfoImpl.java:lambda$new$1(49)) - s0@group-DBBE7E7C6C61->s2: matchIndex: updateToMax old=2, new=-1, updated? false
2022-08-02 21:05:53,985 [grpc-default-executor-2] DEBUG leader.FollowerInfo (FollowerInfoImpl.java:lambda$new$1(49)) - s0@group-DBBE7E7C6C61->s1: commitIndex: updateToMax old=1, new=1, updated? false
2022-08-02 21:05:53,985 [grpc-default-executor-2] DEBUG leader.FollowerInfo (FollowerInfoImpl.java:lambda$new$1(49)) - s0@group-DBBE7E7C6C61->s1: matchIndex: updateToMax old=2, new=-1, updated? false
2022-08-02 21:05:53,986 [grpc-default-executor-3] DEBUG leader.FollowerInfo (FollowerInfoImpl.java:lambda$new$1(49)) - s0@group-DBBE7E7C6C61->s2: commitIndex: updateToMax old=1, new=1, updated? false
2022-08-02 21:05:53,986 [grpc-default-executor-3] DEBUG leader.FollowerInfo (FollowerInfoImpl.java:lambda$new$1(49)) - s0@group-DBBE7E7C6C61->s2: matchIndex: updateToMax old=2, new=-1, updated? false
2022-08-02 21:05:53,986 [grpc-default-executor-2] DEBUG leader.FollowerInfo (FollowerInfoImpl.java:lambda$new$1(49)) - s0@group-DBBE7E7C6C61->s1: commitIndex: updateToMax old=1, new=1, updated? false
2022-08-02 21:05:53,986 [grpc-default-executor-2] DEBUG leader.FollowerInfo (FollowerInfoImpl.java:lambda$new$1(49)) - s0@group-DBBE7E7C6C61->s1: matchIndex: updateToMax old=2, new=-1, updated? false
2022-08-02 21:05:53,987 [grpc-default-executor-3] DEBUG leader.FollowerInfo (FollowerInfoImpl.java:lambda$new$1(49)) - s0@group-DBBE7E7C6C61->s2: commitIndex: updateToMax old=1, new=1, updated? false
2022-08-02 21:05:53,987 [grpc-default-executor-3] DEBUG leader.FollowerInfo (FollowerInfoImpl.java:lambda$new$1(49)) - s0@group-DBBE7E7C6C61->s2: matchIndex: updateToMax old=2, new=-1, updated? false
2022-08-02 21:05:53,988 [grpc-default-executor-2] DEBUG leader.FollowerInfo (FollowerInfoImpl.java:lambda$new$1(49)) - s0@group-DBBE7E7C6C61->s1: commitIndex: updateToMax old=1, new=1, updated? false
2022-08-02 21:05:53,988 [grpc-default-executor-2] DEBUG leader.FollowerInfo (FollowerInfoImpl.java:lambda$new$1(49)) - s0@group-DBBE7E7C6C61->s1: matchIndex: updateToMax old=2, new=-1, updated? false
2022-08-02 21:05:53,989 [grpc-default-executor-3] DEBUG leader.FollowerInfo (FollowerInfoImpl.java:lambda$new$1(49)) - s0@group-DBBE7E7C6C61->s2: commitIndex: updateToMax old=1, new=1, updated? false
2022-08-02 21:05:53,989 [grpc-default-executor-3] DEBUG leader.FollowerInfo (FollowerInfoImpl.java:lambda$new$1(49)) - s0@group-DBBE7E7C6C61->s2: matchIndex: updateToMax old=2, new=-1, updated? false
2022-08-02 21:05:53,990 [grpc-default-executor-2] DEBUG leader.FollowerInfo (FollowerInfoImpl.java:lambda$new$1(49)) - s0@group-DBBE7E7C6C61->s1: commitIndex: updateToMax old=1, new=1, updated? false
2022-08-02 21:05:53,990 [grpc-default-executor-2] DEBUG leader.FollowerInfo (FollowerInfoImpl.java:lambda$new$1(49)) - s0@group-DBBE7E7C6C61->s1: matchIndex: updateToMax old=2, new=-1, updated? false
2022-08-02 21:05:53,991 [grpc-default-executor-3] DEBUG leader.FollowerInfo (FollowerInfoImpl.java:lambda$new$1(49)) - s0@group-DBBE7E7C6C61->s2: commitIndex: updateToMax old=1, new=1, updated? false
2022-08-02 21:05:53,991 [grpc-default-executor-3] DEBUG leader.FollowerInfo (FollowerInfoImpl.java:lambda$new$1(49)) - s0@group-DBBE7E7C6C61->s2: matchIndex: updateToMax old=2, new=-1, updated? false
2022-08-02 21:05:53,992 [grpc-default-executor-2] DEBUG leader.FollowerInfo (FollowerInfoImpl.java:lambda$new$1(49)) - s0@group-DBBE7E7C6C61->s1: commitIndex: updateToMax old=1, new=1, updated? false
2022-08-02 21:05:53,992 [grpc-default-executor-2] DEBUG leader.FollowerInfo (FollowerInfoImpl.java:lambda$new$1(49)) - s0@group-DBBE7E7C6C61->s1: matchIndex: updateToMax old=2, new=-1, updated? false
2022-08-02 21:05:53,993 [grpc-default-executor-3] DEBUG leader.FollowerInfo (FollowerInfoImpl.java:lambda$new$1(49)) - s0@group-DBBE7E7C6C61->s2: commitIndex: updateToMax old=1, new=1, updated? false
2022-08-02 21:05:53,993 [grpc-default-executor-3] DEBUG leader.FollowerInfo (FollowerInfoImpl.java:lambda$new$1(49)) - s0@group-DBBE7E7C6C61->s2: matchIndex: updateToMax old=2, new=-1, updated? false
2022-08-02 21:05:53,993 [grpc-default-executor-2] DEBUG leader.FollowerInfo (FollowerInfoImpl.java:lambda$new$1(49)) - s0@group-DBBE7E7C6C61->s1: commitIndex: updateToMax old=1, new=1, updated? false
2022-08-02 21:05:53,994 [grpc-default-executor-2] DEBUG leader.FollowerInfo (FollowerInfoImpl.java:lambda$new$1(49)) - s0@group-DBBE7E7C6C61->s1: matchIndex: updateToMax old=2, new=-1, updated? false
2022-08-02 21:05:53,995 [grpc-default-executor-3] DEBUG leader.FollowerInfo (FollowerInfoImpl.java:lambda$new$1(49)) - s0@group-DBBE7E7C6C61->s2: commitIndex: updateToMax old=1, new=1, updated? false
2022-08-02 21:05:53,995 [grpc-default-executor-3] DEBUG leader.FollowerInfo (FollowerInfoImpl.java:lambda$new$1(49)) - s0@group-DBBE7E7C6C61->s2: matchIndex: updateToMax old=2, new=-1, updated? false
2022-08-02 21:05:53,995 [grpc-default-executor-2] DEBUG leader.FollowerInfo (FollowerInfoImpl.java:lambda$new$1(49)) - s0@group-DBBE7E7C6C61->s1: commitIndex: updateToMax old=1, new=1, updated? false
2022-08-02 21:05:53,995 [grpc-default-executor-2] DEBUG leader.FollowerInfo (FollowerInfoImpl.java:lambda$new$1(49)) - s0@group-DBBE7E7C6C61->s1: matchIndex: updateToMax old=2, new=-1, updated? false
2022-08-02 21:05:53,996 [grpc-default-executor-3] DEBUG leader.FollowerInfo (FollowerInfoImpl.java:lambda$new$1(49)) - s0@group-DBBE7E7C6C61->s2: commitIndex: updateToMax old=1, new=1, updated? false
2022-08-02 21:05:53,996 [grpc-default-executor-3] DEBUG leader.FollowerInfo (FollowerInfoImpl.java:lambda$new$1(49)) - s0@group-DBBE7E7C6C61->s2: matchIndex: updateToMax old=2, new=-1, updated? false
2022-08-02 21:05:53,997 [grpc-default-executor-2] DEBUG leader.FollowerInfo (FollowerInfoImpl.java:lambda$new$1(49)) - s0@group-DBBE7E7C6C61->s1: commitIndex: updateToMax old=1, new=1, updated? false
2022-08-02 21:05:53,997 [grpc-default-executor-2] DEBUG leader.FollowerInfo (FollowerInfoImpl.java:lambda$new$1(49)) - s0@group-DBBE7E7C6C61->s1: matchIndex: updateToMax old=2, new=-1, updated? false
2022-08-02 21:05:53,998 [grpc-default-executor-3] DEBUG leader.FollowerInfo (FollowerInfoImpl.java:lambda$new$1(49)) - s0@group-DBBE7E7C6C61->s2: commitIndex: updateToMax old=1, new=1, updated? false
2022-08-02 21:05:53,998 [grpc-default-executor-3] DEBUG leader.FollowerInfo (FollowerInfoImpl.java:lambda$new$1(49)) - s0@group-DBBE7E7C6C61->s2: matchIndex: updateToMax old=2, new=-1, updated? false
2022-08-02 21:05:53,999 [grpc-default-executor-2] DEBUG leader.FollowerInfo (FollowerInfoImpl.java:lambda$new$1(49)) - s0@group-DBBE7E7C6C61->s1: commitIndex: updateToMax old=1, new=1, updated? false
2022-08-02 21:05:53,999 [grpc-default-executor-2] DEBUG leader.FollowerInfo (FollowerInfoImpl.java:lambda$new$1(49)) - s0@group-DBBE7E7C6C61->s1: matchIndex: updateToMax old=2, new=-1, updated? false
2022-08-02 21:05:54,000 [grpc-default-executor-3] DEBUG leader.FollowerInfo (FollowerInfoImpl.java:lambda$new$1(49)) - s0@group-DBBE7E7C6C61->s2: commitIndex: updateToMax old=1, new=1, updated? false
2022-08-02 21:05:54,000 [grpc-default-executor-3] DEBUG leader.FollowerInfo (FollowerInfoImpl.java:lambda$new$1(49)) - s0@group-DBBE7E7C6C61->s2: matchIndex: updateToMax old=2, new=-1, updated? false
2022-08-02 21:05:54,001 [grpc-default-executor-2] DEBUG leader.FollowerInfo (FollowerInfoImpl.java:lambda$new$1(49)) - s0@group-DBBE7E7C6C61->s1: commitIndex: updateToMax old=1, new=1, updated? false
2022-08-02 21:05:54,001 [grpc-default-executor-2] DEBUG leader.FollowerInfo (FollowerInfoImpl.java:lambda$new$1(49)) - s0@group-DBBE7E7C6C61->s1: matchIndex: updateToMax old=2, new=-1, updated? false
2022-08-02 21:05:54,001 [grpc-default-executor-3] DEBUG leader.FollowerInfo (FollowerInfoImpl.java:lambda$new$1(49)) - s0@group-DBBE7E7C6C61->s2: commitIndex: updateToMax old=1, new=1, updated? false
2022-08-02 21:05:54,002 [grpc-default-executor-3] DEBUG leader.FollowerInfo (FollowerInfoImpl.java:lambda$new$1(49)) - s0@group-DBBE7E7C6C61->s2: matchIndex: updateToMax old=2, new=-1, updated? false
2022-08-02 21:05:54,002 [grpc-default-executor-2] DEBUG leader.FollowerInfo (FollowerInfoImpl.java:lambda$new$1(49)) - s0@group-DBBE7E7C6C61->s1: commitIndex: updateToMax old=1, new=1, updated? false
2022-08-02 21:05:54,002 [grpc-default-executor-2] DEBUG leader.FollowerInfo (FollowerInfoImpl.java:lambda$new$1(49)) - s0@group-DBBE7E7C6C61->s1: matchIndex: updateToMax old=2, new=-1, updated? false
2022-08-02 21:05:54,003 [grpc-default-executor-3] DEBUG leader.FollowerInfo (FollowerInfoImpl.java:lambda$new$1(49)) - s0@group-DBBE7E7C6C61->s2: commitIndex: updateToMax old=1, new=1, updated? false
2022-08-02 21:05:54,003 [grpc-default-executor-3] DEBUG leader.FollowerInfo (FollowerInfoImpl.java:lambda$new$1(49)) - s0@group-DBBE7E7C6C61->s2: matchIndex: updateToMax old=2, new=-1, updated? false
2022-08-02 21:05:54,004 [grpc-default-executor-2] DEBUG leader.FollowerInfo (FollowerInfoImpl.java:lambda$new$1(49)) - s0@group-DBBE7E7C6C61->s1: commitIndex: updateToMax old=1, new=1, updated? false
2022-08-02 21:05:54,004 [grpc-default-executor-2] DEBUG leader.FollowerInfo (FollowerInfoImpl.java:lambda$new$1(49)) - s0@group-DBBE7E7C6C61->s1: matchIndex: updateToMax old=2, new=-1, updated? false
2022-08-02 21:05:54,005 [grpc-default-executor-3] DEBUG leader.FollowerInfo (FollowerInfoImpl.java:lambda$new$1(49)) - s0@group-DBBE7E7C6C61->s2: commitIndex: updateToMax old=1, new=1, updated? false
2022-08-02 21:05:54,005 [grpc-default-executor-3] DEBUG leader.FollowerInfo (FollowerInfoImpl.java:lambda$new$1(49)) - s0@group-DBBE7E7C6C61->s2: matchIndex: updateToMax old=2, new=-1, updated? false
2022-08-02 21:05:54,006 [grpc-default-executor-2] DEBUG leader.FollowerInfo (FollowerInfoImpl.java:lambda$new$1(49)) - s0@group-DBBE7E7C6C61->s1: commitIndex: updateToMax old=1, new=1, updated? false
2022-08-02 21:05:54,006 [grpc-default-executor-2] DEBUG leader.FollowerInfo (FollowerInfoImpl.java:lambda$new$1(49)) - s0@group-DBBE7E7C6C61->s1: matchIndex: updateToMax old=2, new=-1, updated? false
2022-08-02 21:05:54,007 [grpc-default-executor-3] DEBUG leader.FollowerInfo (FollowerInfoImpl.java:lambda$new$1(49)) - s0@group-DBBE7E7C6C61->s2: commitIndex: updateToMax old=1, new=1, updated? false
2022-08-02 21:05:54,007 [grpc-default-executor-3] DEBUG leader.FollowerInfo (FollowerInfoImpl.java:lambda$new$1(49)) - s0@group-DBBE7E7C6C61->s2: matchIndex: updateToMax old=2, new=-1, updated? false
2022-08-02 21:05:54,008 [grpc-default-executor-2] DEBUG leader.FollowerInfo (FollowerInfoImpl.java:lambda$new$1(49)) - s0@group-DBBE7E7C6C61->s1: commitIndex: updateToMax old=1, new=1, updated? false
2022-08-02 21:05:54,008 [grpc-default-executor-2] DEBUG leader.FollowerInfo (FollowerInfoImpl.java:lambda$new$1(49)) - s0@group-DBBE7E7C6C61->s1: matchIndex: updateToMax old=2, new=-1, updated? false
2022-08-02 21:05:54,009 [grpc-default-executor-3] DEBUG leader.FollowerInfo (FollowerInfoImpl.java:lambda$new$1(49)) - s0@group-DBBE7E7C6C61->s2: commitIndex: updateToMax old=1, new=1, updated? false
2022-08-02 21:05:54,009 [grpc-default-executor-3] DEBUG leader.FollowerInfo (FollowerInfoImpl.java:lambda$new$1(49)) - s0@group-DBBE7E7C6C61->s2: matchIndex: updateToMax old=2, new=-1, updated? false
2022-08-02 21:05:54,010 [grpc-default-executor-2] DEBUG leader.FollowerInfo (FollowerInfoImpl.java:lambda$new$1(49)) - s0@group-DBBE7E7C6C61->s1: commitIndex: updateToMax old=1, new=1, updated? false
2022-08-02 21:05:54,010 [grpc-default-executor-2] DEBUG leader.FollowerInfo (FollowerInfoImpl.java:lambda$new$1(49)) - s0@group-DBBE7E7C6C61->s1: matchIndex: updateToMax old=2, new=-1, updated? false
2022-08-02 21:05:54,010 [grpc-default-executor-3] DEBUG leader.FollowerInfo (FollowerInfoImpl.java:lambda$new$1(49)) - s0@group-DBBE7E7C6C61->s2: commitIndex: updateToMax old=1, new=1, updated? false
2022-08-02 21:05:54,011 [grpc-default-executor-3] DEBUG leader.FollowerInfo (FollowerInfoImpl.java:lambda$new$1(49)) - s0@group-DBBE7E7C6C61->s2: matchIndex: updateToMax old=2, new=-1, updated? false
2022-08-02 21:05:54,011 [grpc-default-executor-2] DEBUG leader.FollowerInfo (FollowerInfoImpl.java:lambda$new$1(49)) - s0@group-DBBE7E7C6C61->s1: commitIndex: updateToMax old=1, new=1, updated? false
2022-08-02 21:05:54,011 [grpc-default-executor-2] DEBUG leader.FollowerInfo (FollowerInfoImpl.java:lambda$new$1(49)) - s0@group-DBBE7E7C6C61->s1: matchIndex: updateToMax old=2, new=-1, updated? false
2022-08-02 21:05:54,012 [grpc-default-executor-3] DEBUG leader.FollowerInfo (FollowerInfoImpl.java:lambda$new$1(49)) - s0@group-DBBE7E7C6C61->s2: commitIndex: updateToMax old=1, new=1, updated? false
2022-08-02 21:05:54,012 [grpc-default-executor-3] DEBUG leader.FollowerInfo (FollowerInfoImpl.java:lambda$new$1(49)) - s0@group-DBBE7E7C6C61->s2: matchIndex: updateToMax old=2, new=-1, updated? false
2022-08-02 21:05:54,013 [grpc-default-executor-2] DEBUG leader.FollowerInfo (FollowerInfoImpl.java:lambda$new$1(49)) - s0@group-DBBE7E7C6C61->s1: commitIndex: updateToMax old=1, new=1, updated? false
2022-08-02 21:05:54,013 [grpc-default-executor-2] DEBUG leader.FollowerInfo (FollowerInfoImpl.java:lambda$new$1(49)) - s0@group-DBBE7E7C6C61->s1: matchIndex: updateToMax old=2, new=-1, updated? false
2022-08-02 21:05:54,014 [grpc-default-executor-3] DEBUG leader.FollowerInfo (FollowerInfoImpl.java:lambda$new$1(49)) - s0@group-DBBE7E7C6C61->s2: commitIndex: updateToMax old=1, new=1, updated? false
2022-08-02 21:05:54,014 [grpc-default-executor-3] DEBUG leader.FollowerInfo (FollowerInfoImpl.java:lambda$new$1(49)) - s0@group-DBBE7E7C6C61->s2: matchIndex: updateToMax old=2, new=-1, updated? false
2022-08-02 21:05:54,015 [grpc-default-executor-2] DEBUG leader.FollowerInfo (FollowerInfoImpl.java:lambda$new$1(49)) - s0@group-DBBE7E7C6C61->s1: commitIndex: updateToMax old=1, new=1, updated? false
2022-08-02 21:05:54,015 [grpc-default-executor-2] DEBUG leader.FollowerInfo (FollowerInfoImpl.java:lambda$new$1(49)) - s0@group-DBBE7E7C6C61->s1: matchIndex: updateToMax old=2, new=-1, updated? false
2022-08-02 21:05:54,016 [grpc-default-executor-3] DEBUG leader.FollowerInfo (FollowerInfoImpl.java:lambda$new$1(49)) - s0@group-DBBE7E7C6C61->s2: commitIndex: updateToMax old=1, new=1, updated? false
2022-08-02 21:05:54,016 [grpc-default-executor-3] DEBUG leader.FollowerInfo (FollowerInfoImpl.java:lambda$new$1(49)) - s0@group-DBBE7E7C6C61->s2: matchIndex: updateToMax old=2, new=-1, updated? false
2022-08-02 21:05:54,017 [grpc-default-executor-2] DEBUG leader.FollowerInfo (FollowerInfoImpl.java:lambda$new$1(49)) - s0@group-DBBE7E7C6C61->s1: commitIndex: updateToMax old=1, new=1, updated? false
2022-08-02 21:05:54,017 [grpc-default-executor-2] DEBUG leader.FollowerInfo (FollowerInfoImpl.java:lambda$new$1(49)) - s0@group-DBBE7E7C6C61->s1: matchIndex: updateToMax old=2, new=-1, updated? false
2022-08-02 21:05:54,018 [grpc-default-executor-3] DEBUG leader.FollowerInfo (FollowerInfoImpl.java:lambda$new$1(49)) - s0@group-DBBE7E7C6C61->s2: commitIndex: updateToMax old=1, new=1, updated? false
2022-08-02 21:05:54,018 [grpc-default-executor-3] DEBUG leader.FollowerInfo (FollowerInfoImpl.java:lambda$new$1(49)) - s0@group-DBBE7E7C6C61->s2: matchIndex: updateToMax old=2, new=-1, updated? false
2022-08-02 21:05:54,019 [grpc-default-executor-2] DEBUG leader.FollowerInfo (FollowerInfoImpl.java:lambda$new$1(49)) - s0@group-DBBE7E7C6C61->s1: commitIndex: updateToMax old=1, new=1, updated? false
2022-08-02 21:05:54,019 [grpc-default-executor-2] DEBUG leader.FollowerInfo (FollowerInfoImpl.java:lambda$new$1(49)) - s0@group-DBBE7E7C6C61->s1: matchIndex: updateToMax old=2, new=-1, updated? false
2022-08-02 21:05:54,020 [grpc-default-executor-3] DEBUG leader.FollowerInfo (FollowerInfoImpl.java:lambda$new$1(49)) - s0@group-DBBE7E7C6C61->s2: commitIndex: updateToMax old=1, new=1, updated? false
2022-08-02 21:05:54,020 [grpc-default-executor-3] DEBUG leader.FollowerInfo (FollowerInfoImpl.java:lambda$new$1(49)) - s0@group-DBBE7E7C6C61->s2: matchIndex: updateToMax old=2, new=-1, updated? false
2022-08-02 21:05:54,020 [grpc-default-executor-2] DEBUG leader.FollowerInfo (FollowerInfoImpl.java:lambda$new$1(49)) - s0@group-DBBE7E7C6C61->s1: commitIndex: updateToMax old=1, new=1, updated? false
2022-08-02 21:05:54,021 [grpc-default-executor-2] DEBUG leader.FollowerInfo (FollowerInfoImpl.java:lambda$new$1(49)) - s0@group-DBBE7E7C6C61->s1: matchIndex: updateToMax old=2, new=-1, updated? false
2022-08-02 21:05:54,021 [grpc-default-executor-3] DEBUG leader.FollowerInfo (FollowerInfoImpl.java:lambda$new$1(49)) - s0@group-DBBE7E7C6C61->s2: commitIndex: updateToMax old=1, new=1, updated? false
2022-08-02 21:05:54,021 [grpc-default-executor-3] DEBUG leader.FollowerInfo (FollowerInfoImpl.java:lambda$new$1(49)) - s0@group-DBBE7E7C6C61->s2: matchIndex: updateToMax old=2, new=-1, updated? false
2022-08-02 21:05:54,022 [grpc-default-executor-2] DEBUG leader.FollowerInfo (FollowerInfoImpl.java:lambda$new$1(49)) - s0@group-DBBE7E7C6C61->s1: commitIndex: updateToMax old=1, new=1, updated? false
2022-08-02 21:05:54,022 [grpc-default-executor-2] DEBUG leader.FollowerInfo (FollowerInfoImpl.java:lambda$new$1(49)) - s0@group-DBBE7E7C6C61->s1: matchIndex: updateToMax old=2, new=-1, updated? false
2022-08-02 21:05:54,023 [grpc-default-executor-3] DEBUG leader.FollowerInfo (FollowerInfoImpl.java:lambda$new$1(49)) - s0@group-DBBE7E7C6C61->s2: commitIndex: updateToMax old=1, new=1, updated? false
2022-08-02 21:05:54,023 [grpc-default-executor-3] DEBUG leader.FollowerInfo (FollowerInfoImpl.java:lambda$new$1(49)) - s0@group-DBBE7E7C6C61->s2: matchIndex: updateToMax old=2, new=-1, updated? false
2022-08-02 21:05:54,024 [grpc-default-executor-2] DEBUG leader.FollowerInfo (FollowerInfoImpl.java:lambda$new$1(49)) - s0@group-DBBE7E7C6C61->s1: commitIndex: updateToMax old=1, new=1, updated? false
2022-08-02 21:05:54,024 [grpc-default-executor-2] DEBUG leader.FollowerInfo (FollowerInfoImpl.java:lambda$new$1(49)) - s0@group-DBBE7E7C6C61->s1: matchIndex: updateToMax old=2, new=-1, updated? false
2022-08-02 21:05:54,025 [grpc-default-executor-3] DEBUG leader.FollowerInfo (FollowerInfoImpl.java:lambda$new$1(49)) - s0@group-DBBE7E7C6C61->s2: commitIndex: updateToMax old=1, new=1, updated? false
2022-08-02 21:05:54,025 [grpc-default-executor-3] DEBUG leader.FollowerInfo (FollowerInfoImpl.java:lambda$new$1(49)) - s0@group-DBBE7E7C6C61->s2: matchIndex: updateToMax old=2, new=-1, updated? false
2022-08-02 21:05:54,026 [grpc-default-executor-2] DEBUG leader.FollowerInfo (FollowerInfoImpl.java:lambda$new$1(49)) - s0@group-DBBE7E7C6C61->s1: commitIndex: updateToMax old=1, new=1, updated? false
2022-08-02 21:05:54,026 [grpc-default-executor-2] DEBUG leader.FollowerInfo (FollowerInfoImpl.java:lambda$new$1(49)) - s0@group-DBBE7E7C6C61->s1: matchIndex: updateToMax old=2, new=-1, updated? false
2022-08-02 21:05:54,027 [grpc-default-executor-3] DEBUG leader.FollowerInfo (FollowerInfoImpl.java:lambda$new$1(49)) - s0@group-DBBE7E7C6C61->s2: commitIndex: updateToMax old=1, new=1, updated? false
2022-08-02 21:05:54,027 [grpc-default-executor-3] DEBUG leader.FollowerInfo (FollowerInfoImpl.java:lambda$new$1(49)) - s0@group-DBBE7E7C6C61->s2: matchIndex: updateToMax old=2, new=-1, updated? false
2022-08-02 21:05:54,028 [grpc-default-executor-2] DEBUG leader.FollowerInfo (FollowerInfoImpl.java:lambda$new$1(49)) - s0@group-DBBE7E7C6C61->s1: commitIndex: updateToMax old=1, new=1, updated? false
2022-08-02 21:05:54,028 [grpc-default-executor-2] DEBUG leader.FollowerInfo (FollowerInfoImpl.java:lambda$new$1(49)) - s0@group-DBBE7E7C6C61->s1: matchIndex: updateToMax old=2, new=-1, updated? false
2022-08-02 21:05:54,029 [grpc-default-executor-3] DEBUG leader.FollowerInfo (FollowerInfoImpl.java:lambda$new$1(49)) - s0@group-DBBE7E7C6C61->s2: commitIndex: updateToMax old=1, new=1, updated? false
2022-08-02 21:05:54,029 [grpc-default-executor-3] DEBUG leader.FollowerInfo (FollowerInfoImpl.java:lambda$new$1(49)) - s0@group-DBBE7E7C6C61->s2: matchIndex: updateToMax old=2, new=-1, updated? false
2022-08-02 21:05:54,034 [grpc-default-executor-2] DEBUG leader.FollowerInfo (FollowerInfoImpl.java:lambda$new$1(49)) - s0@group-DBBE7E7C6C61->s1: commitIndex: updateToMax old=1, new=1, updated? false
2022-08-02 21:05:54,034 [grpc-default-executor-2] DEBUG leader.FollowerInfo (FollowerInfoImpl.java:lambda$new$1(49)) - s0@group-DBBE7E7C6C61->s1: matchIndex: updateToMax old=2, new=-1, updated? false
2022-08-02 21:05:54,034 [grpc-default-executor-3] DEBUG leader.FollowerInfo (FollowerInfoImpl.java:lambda$new$1(49)) - s0@group-DBBE7E7C6C61->s2: commitIndex: updateToMax old=1, new=1, updated? false
2022-08-02 21:05:54,034 [grpc-default-executor-3] DEBUG leader.FollowerInfo (FollowerInfoImpl.java:lambda$new$1(49)) - s0@group-DBBE7E7C6C61->s2: matchIndex: updateToMax old=2, new=-1, updated? false
2022-08-02 21:05:54,035 [grpc-default-executor-2] DEBUG leader.FollowerInfo (FollowerInfoImpl.java:lambda$new$1(49)) - s0@group-DBBE7E7C6C61->s2: commitIndex: updateToMax old=1, new=1, updated? false
2022-08-02 21:05:54,035 [grpc-default-executor-2] DEBUG leader.FollowerInfo (FollowerInfoImpl.java:lambda$new$1(49)) - s0@group-DBBE7E7C6C61->s2: matchIndex: updateToMax old=2, new=-1, updated? false
2022-08-02 21:05:54,036 [grpc-default-executor-3] DEBUG leader.FollowerInfo (FollowerInfoImpl.java:lambda$new$1(49)) - s0@group-DBBE7E7C6C61->s1: commitIndex: updateToMax old=1, new=1, updated? false
2022-08-02 21:05:54,036 [grpc-default-executor-3] DEBUG leader.FollowerInfo (FollowerInfoImpl.java:lambda$new$1(49)) - s0@group-DBBE7E7C6C61->s1: matchIndex: updateToMax old=2, new=-1, updated? false
2022-08-02 21:05:54,037 [grpc-default-executor-2] DEBUG leader.FollowerInfo (FollowerInfoImpl.java:lambda$new$1(49)) - s0@group-DBBE7E7C6C61->s2: commitIndex: updateToMax old=1, new=1, updated? false
2022-08-02 21:05:54,037 [grpc-default-executor-2] DEBUG leader.FollowerInfo (FollowerInfoImpl.java:lambda$new$1(49)) - s0@group-DBBE7E7C6C61->s2: matchIndex: updateToMax old=2, new=-1, updated? false
2022-08-02 21:05:54,038 [grpc-default-executor-3] DEBUG leader.FollowerInfo (FollowerInfoImpl.java:lambda$new$1(49)) - s0@group-DBBE7E7C6C61->s1: commitIndex: updateToMax old=1, new=1, updated? false
2022-08-02 21:05:54,038 [grpc-default-executor-3] DEBUG leader.FollowerInfo (FollowerInfoImpl.java:lambda$new$1(49)) - s0@group-DBBE7E7C6C61->s1: matchIndex: updateToMax old=2, new=-1, updated? false
2022-08-02 21:05:54,038 [grpc-default-executor-3] DEBUG leader.FollowerInfo (FollowerInfoImpl.java:lambda$new$1(49)) - s0@group-DBBE7E7C6C61->s2: commitIndex: updateToMax old=1, new=1, updated? false
2022-08-02 21:05:54,038 [grpc-default-executor-3] DEBUG leader.FollowerInfo (FollowerInfoImpl.java:lambda$new$1(49)) - s0@group-DBBE7E7C6C61->s2: matchIndex: updateToMax old=2, new=-1, updated? false
2022-08-02 21:05:54,039 [grpc-default-executor-3] DEBUG leader.FollowerInfo (FollowerInfoImpl.java:lambda$new$1(49)) - s0@group-DBBE7E7C6C61->s1: commitIndex: updateToMax old=1, new=1, updated? false
2022-08-02 21:05:54,039 [grpc-default-executor-3] DEBUG leader.FollowerInfo (FollowerInfoImpl.java:lambda$new$1(49)) - s0@group-DBBE7E7C6C61->s1: matchIndex: updateToMax old=2, new=-1, updated? false
2022-08-02 21:05:54,040 [grpc-default-executor-2] DEBUG leader.FollowerInfo (FollowerInfoImpl.java:lambda$new$1(49)) - s0@group-DBBE7E7C6C61->s2: commitIndex: updateToMax old=1, new=1, updated? false
2022-08-02 21:05:54,040 [grpc-default-executor-2] DEBUG leader.FollowerInfo (FollowerInfoImpl.java:lambda$new$1(49)) - s0@group-DBBE7E7C6C61->s2: matchIndex: updateToMax old=2, new=-1, updated? false
2022-08-02 21:05:54,041 [grpc-default-executor-3] DEBUG leader.FollowerInfo (FollowerInfoImpl.java:lambda$new$1(49)) - s0@group-DBBE7E7C6C61->s1: commitIndex: updateToMax old=1, new=1, updated? false
2022-08-02 21:05:54,041 [grpc-default-executor-3] DEBUG leader.FollowerInfo (FollowerInfoImpl.java:lambda$new$1(49)) - s0@group-DBBE7E7C6C61->s1: matchIndex: updateToMax old=2, new=-1, updated? false
2022-08-02 21:05:54,042 [grpc-default-executor-2] DEBUG leader.FollowerInfo (FollowerInfoImpl.java:lambda$new$1(49)) - s0@group-DBBE7E7C6C61->s2: commitIndex: updateToMax old=1, new=1, updated? false
2022-08-02 21:05:54,042 [grpc-default-executor-2] DEBUG leader.FollowerInfo (FollowerInfoImpl.java:lambda$new$1(49)) - s0@group-DBBE7E7C6C61->s2: matchIndex: updateToMax old=2, new=-1, updated? false
2022-08-02 21:05:54,043 [grpc-default-executor-3] DEBUG leader.FollowerInfo (FollowerInfoImpl.java:lambda$new$1(49)) - s0@group-DBBE7E7C6C61->s1: commitIndex: updateToMax old=1, new=1, updated? false
2022-08-02 21:05:54,043 [grpc-default-executor-3] DEBUG leader.FollowerInfo (FollowerInfoImpl.java:lambda$new$1(49)) - s0@group-DBBE7E7C6C61->s1: matchIndex: updateToMax old=2, new=-1, updated? false
2022-08-02 21:05:54,044 [grpc-default-executor-2] DEBUG leader.FollowerInfo (FollowerInfoImpl.java:lambda$new$1(49)) - s0@group-DBBE7E7C6C61->s2: commitIndex: updateToMax old=1, new=1, updated? false
2022-08-02 21:05:54,044 [grpc-default-executor-2] DEBUG leader.FollowerInfo (FollowerInfoImpl.java:lambda$new$1(49)) - s0@group-DBBE7E7C6C61->s2: matchIndex: updateToMax old=2, new=-1, updated? false
2022-08-02 21:05:54,045 [grpc-default-executor-3] DEBUG leader.FollowerInfo (FollowerInfoImpl.java:lambda$new$1(49)) - s0@group-DBBE7E7C6C61->s1: commitIndex: updateToMax old=1, new=1, updated? false
2022-08-02 21:05:54,045 [grpc-default-executor-3] DEBUG leader.FollowerInfo (FollowerInfoImpl.java:lambda$new$1(49)) - s0@group-DBBE7E7C6C61->s1: matchIndex: updateToMax old=2, new=-1, updated? false
2022-08-02 21:05:54,046 [grpc-default-executor-3] DEBUG leader.FollowerInfo (FollowerInfoImpl.java:lambda$new$1(49)) - s0@group-DBBE7E7C6C61->s2: commitIndex: updateToMax old=1, new=1, updated? false
2022-08-02 21:05:54,046 [grpc-default-executor-3] DEBUG leader.FollowerInfo (FollowerInfoImpl.java:lambda$new$1(49)) - s0@group-DBBE7E7C6C61->s2: matchIndex: updateToMax old=2, new=-1, updated? false
2022-08-02 21:05:54,046 [grpc-default-executor-3] DEBUG leader.FollowerInfo (FollowerInfoImpl.java:lambda$new$1(49)) - s0@group-DBBE7E7C6C61->s1: commitIndex: updateToMax old=1, new=1, updated? false
2022-08-02 21:05:54,046 [grpc-default-executor-3] DEBUG leader.FollowerInfo (FollowerInfoImpl.java:lambda$new$1(49)) - s0@group-DBBE7E7C6C61->s1: matchIndex: updateToMax old=2, new=-1, updated? false
2022-08-02 21:05:54,047 [grpc-default-executor-3] DEBUG leader.FollowerInfo (FollowerInfoImpl.java:lambda$new$1(49)) - s0@group-DBBE7E7C6C61->s2: commitIndex: updateToMax old=1, new=1, updated? false
2022-08-02 21:05:54,047 [grpc-default-executor-3] DEBUG leader.FollowerInfo (FollowerInfoImpl.java:lambda$new$1(49)) - s0@group-DBBE7E7C6C61->s2: matchIndex: updateToMax old=2, new=-1, updated? false
2022-08-02 21:05:54,047 [grpc-default-executor-3] DEBUG leader.FollowerInfo (FollowerInfoImpl.java:lambda$new$1(49)) - s0@group-DBBE7E7C6C61->s1: commitIndex: updateToMax old=1, new=1, updated? false
2022-08-02 21:05:54,047 [grpc-default-executor-3] DEBUG leader.FollowerInfo (FollowerInfoImpl.java:lambda$new$1(49)) - s0@group-DBBE7E7C6C61->s1: matchIndex: updateToMax old=2, new=-1, updated? false
2022-08-02 21:05:54,051 [grpc-default-executor-3] DEBUG leader.FollowerInfo (FollowerInfoImpl.java:lambda$new$1(49)) - s0@group-DBBE7E7C6C61->s2: commitIndex: updateToMax old=1, new=1, updated? false
2022-08-02 21:05:54,051 [grpc-default-executor-3] DEBUG leader.FollowerInfo (FollowerInfoImpl.java:lambda$new$1(49)) - s0@group-DBBE7E7C6C61->s2: matchIndex: updateToMax old=2, new=-1, updated? false
2022-08-02 21:05:54,056 [grpc-default-executor-3] DEBUG leader.FollowerInfo (FollowerInfoImpl.java:lambda$new$1(49)) - s0@group-DBBE7E7C6C61->s1: commitIndex: updateToMax old=1, new=1, updated? false
2022-08-02 21:05:54,056 [grpc-default-executor-3] DEBUG leader.FollowerInfo (FollowerInfoImpl.java:lambda$new$1(49)) - s0@group-DBBE7E7C6C61->s1: matchIndex: updateToMax old=2, new=-1, updated? false
2022-08-02 21:05:54,056 [grpc-default-executor-2] DEBUG leader.FollowerInfo (FollowerInfoImpl.java:lambda$new$1(49)) - s0@group-DBBE7E7C6C61->s2: commitIndex: updateToMax old=1, new=1, updated? false
2022-08-02 21:05:54,056 [grpc-default-executor-2] DEBUG leader.FollowerInfo (FollowerInfoImpl.java:lambda$new$1(49)) - s0@group-DBBE7E7C6C61->s2: matchIndex: updateToMax old=2, new=-1, updated? false
2022-08-02 21:05:54,057 [grpc-default-executor-2] DEBUG leader.FollowerInfo (FollowerInfoImpl.java:lambda$new$1(49)) - s0@group-DBBE7E7C6C61->s1: commitIndex: updateToMax old=1, new=1, updated? false
2022-08-02 21:05:54,057 [grpc-default-executor-2] DEBUG leader.FollowerInfo (FollowerInfoImpl.java:lambda$new$1(49)) - s0@group-DBBE7E7C6C61->s1: matchIndex: updateToMax old=2, new=-1, updated? false
2022-08-02 21:05:54,058 [grpc-default-executor-3] DEBUG leader.FollowerInfo (FollowerInfoImpl.java:lambda$new$1(49)) - s0@group-DBBE7E7C6C61->s2: commitIndex: updateToMax old=1, new=1, updated? false
2022-08-02 21:05:54,058 [grpc-default-executor-3] DEBUG leader.FollowerInfo (FollowerInfoImpl.java:lambda$new$1(49)) - s0@group-DBBE7E7C6C61->s2: matchIndex: updateToMax old=2, new=-1, updated? false
2022-08-02 21:05:54,059 [grpc-default-executor-3] DEBUG leader.FollowerInfo (FollowerInfoImpl.java:lambda$new$1(49)) - s0@group-DBBE7E7C6C61->s1: commitIndex: updateToMax old=1, new=1, updated? false
2022-08-02 21:05:54,059 [grpc-default-executor-3] DEBUG leader.FollowerInfo (FollowerInfoImpl.java:lambda$new$1(49)) - s0@group-DBBE7E7C6C61->s1: matchIndex: updateToMax old=2, new=-1, updated? false
2022-08-02 21:05:54,060 [grpc-default-executor-2] DEBUG leader.FollowerInfo (FollowerInfoImpl.java:lambda$new$1(49)) - s0@group-DBBE7E7C6C61->s2: commitIndex: updateToMax old=1, new=1, updated? false
2022-08-02 21:05:54,060 [grpc-default-executor-2] DEBUG leader.FollowerInfo (FollowerInfoImpl.java:lambda$new$1(49)) - s0@group-DBBE7E7C6C61->s2: matchIndex: updateToMax old=2, new=-1, updated? false
2022-08-02 21:05:54,061 [grpc-default-executor-2] DEBUG leader.FollowerInfo (FollowerInfoImpl.java:lambda$new$1(49)) - s0@group-DBBE7E7C6C61->s1: commitIndex: updateToMax old=1, new=1, updated? false
2022-08-02 21:05:54,061 [grpc-default-executor-2] DEBUG leader.FollowerInfo (FollowerInfoImpl.java:lambda$new$1(49)) - s0@group-DBBE7E7C6C61->s1: matchIndex: updateToMax old=2, new=-1, updated? false
2022-08-02 21:05:54,062 [grpc-default-executor-3] DEBUG leader.FollowerInfo (FollowerInfoImpl.java:lambda$new$1(49)) - s0@group-DBBE7E7C6C61->s2: commitIndex: updateToMax old=1, new=1, updated? false
2022-08-02 21:05:54,062 [grpc-default-executor-3] DEBUG leader.FollowerInfo (FollowerInfoImpl.java:lambda$new$1(49)) - s0@group-DBBE7E7C6C61->s2: matchIndex: updateToMax old=2, new=-1, updated? false
2022-08-02 21:05:54,063 [grpc-default-executor-2] DEBUG leader.FollowerInfo (FollowerInfoImpl.java:lambda$new$1(49)) - s0@group-DBBE7E7C6C61->s1: commitIndex: updateToMax old=1, new=1, updated? false
2022-08-02 21:05:54,063 [grpc-default-executor-2] DEBUG leader.FollowerInfo (FollowerInfoImpl.java:lambda$new$1(49)) - s0@group-DBBE7E7C6C61->s1: matchIndex: updateToMax old=2, new=-1, updated? false
2022-08-02 21:05:54,063 [grpc-default-executor-3] DEBUG leader.FollowerInfo (FollowerInfoImpl.java:lambda$new$1(49)) - s0@group-DBBE7E7C6C61->s2: commitIndex: updateToMax old=1, new=1, updated? false
2022-08-02 21:05:54,063 [grpc-default-executor-3] DEBUG leader.FollowerInfo (FollowerInfoImpl.java:lambda$new$1(49)) - s0@group-DBBE7E7C6C61->s2: matchIndex: updateToMax old=2, new=-1, updated? false
2022-08-02 21:05:54,064 [grpc-default-executor-3] DEBUG leader.FollowerInfo (FollowerInfoImpl.java:lambda$new$1(49)) - s0@group-DBBE7E7C6C61->s1: commitIndex: updateToMax old=1, new=1, updated? false
2022-08-02 21:05:54,064 [grpc-default-executor-3] DEBUG leader.FollowerInfo (FollowerInfoImpl.java:lambda$new$1(49)) - s0@group-DBBE7E7C6C61->s1: matchIndex: updateToMax old=2, new=-1, updated? false
2022-08-02 21:05:54,065 [grpc-default-executor-2] DEBUG leader.FollowerInfo (FollowerInfoImpl.java:lambda$new$1(49)) - s0@group-DBBE7E7C6C61->s2: commitIndex: updateToMax old=1, new=1, updated? false
2022-08-02 21:05:54,065 [grpc-default-executor-2] DEBUG leader.FollowerInfo (FollowerInfoImpl.java:lambda$new$1(49)) - s0@group-DBBE7E7C6C61->s2: matchIndex: updateToMax old=2, new=-1, updated? false
2022-08-02 21:05:54,065 [grpc-default-executor-2] DEBUG leader.FollowerInfo (FollowerInfoImpl.java:lambda$new$1(49)) - s0@group-DBBE7E7C6C61->s1: commitIndex: updateToMax old=1, new=1, updated? false
2022-08-02 21:05:54,065 [grpc-default-executor-2] DEBUG leader.FollowerInfo (FollowerInfoImpl.java:lambda$new$1(49)) - s0@group-DBBE7E7C6C61->s1: matchIndex: updateToMax old=2, new=-1, updated? false
2022-08-02 21:05:54,066 [grpc-default-executor-3] DEBUG leader.FollowerInfo (FollowerInfoImpl.java:lambda$new$1(49)) - s0@group-DBBE7E7C6C61->s2: commitIndex: updateToMax old=1, new=1, updated? false
2022-08-02 21:05:54,066 [grpc-default-executor-3] DEBUG leader.FollowerInfo (FollowerInfoImpl.java:lambda$new$1(49)) - s0@group-DBBE7E7C6C61->s2: matchIndex: updateToMax old=2, new=-1, updated? false
2022-08-02 21:05:54,067 [grpc-default-executor-3] DEBUG leader.FollowerInfo (FollowerInfoImpl.java:lambda$new$1(49)) - s0@group-DBBE7E7C6C61->s1: commitIndex: updateToMax old=1, new=1, updated? false
2022-08-02 21:05:54,067 [grpc-default-executor-3] DEBUG leader.FollowerInfo (FollowerInfoImpl.java:lambda$new$1(49)) - s0@group-DBBE7E7C6C61->s1: matchIndex: updateToMax old=2, new=-1, updated? false
2022-08-02 21:05:54,068 [grpc-default-executor-2] DEBUG leader.FollowerInfo (FollowerInfoImpl.java:lambda$new$1(49)) - s0@group-DBBE7E7C6C61->s2: commitIndex: updateToMax old=1, new=1, updated? false
2022-08-02 21:05:54,068 [grpc-default-executor-2] DEBUG leader.FollowerInfo (FollowerInfoImpl.java:lambda$new$1(49)) - s0@group-DBBE7E7C6C61->s2: matchIndex: updateToMax old=2, new=-1, updated? false
2022-08-02 21:05:54,068 [grpc-default-executor-2] DEBUG leader.FollowerInfo (FollowerInfoImpl.java:lambda$new$1(49)) - s0@group-DBBE7E7C6C61->s1: commitIndex: updateToMax old=1, new=1, updated? false
2022-08-02 21:05:54,068 [grpc-default-executor-2] DEBUG leader.FollowerInfo (FollowerInfoImpl.java:lambda$new$1(49)) - s0@group-DBBE7E7C6C61->s1: matchIndex: updateToMax old=2, new=-1, updated? false
2022-08-02 21:05:54,069 [grpc-default-executor-3] DEBUG leader.FollowerInfo (FollowerInfoImpl.java:lambda$new$1(49)) - s0@group-DBBE7E7C6C61->s2: commitIndex: updateToMax old=1, new=1, updated? false
2022-08-02 21:05:54,069 [grpc-default-executor-3] DEBUG leader.FollowerInfo (FollowerInfoImpl.java:lambda$new$1(49)) - s0@group-DBBE7E7C6C61->s2: matchIndex: updateToMax old=2, new=-1, updated? false
2022-08-02 21:05:54,070 [grpc-default-executor-3] DEBUG leader.FollowerInfo (FollowerInfoImpl.java:lambda$new$1(49)) - s0@group-DBBE7E7C6C61->s1: commitIndex: updateToMax old=1, new=1, updated? false
2022-08-02 21:05:54,070 [grpc-default-executor-3] DEBUG leader.FollowerInfo (FollowerInfoImpl.java:lambda$new$1(49)) - s0@group-DBBE7E7C6C61->s1: matchIndex: updateToMax old=2, new=-1, updated? false
2022-08-02 21:05:54,071 [grpc-default-executor-2] DEBUG leader.FollowerInfo (FollowerInfoImpl.java:lambda$new$1(49)) - s0@group-DBBE7E7C6C61->s2: commitIndex: updateToMax old=1, new=1, updated? false
2022-08-02 21:05:54,071 [grpc-default-executor-2] DEBUG leader.FollowerInfo (FollowerInfoImpl.java:lambda$new$1(49)) - s0@group-DBBE7E7C6C61->s2: matchIndex: updateToMax old=2, new=-1, updated? false
2022-08-02 21:05:54,071 [grpc-default-executor-2] DEBUG leader.FollowerInfo (FollowerInfoImpl.java:lambda$new$1(49)) - s0@group-DBBE7E7C6C61->s1: commitIndex: updateToMax old=1, new=1, updated? false
2022-08-02 21:05:54,072 [grpc-default-executor-2] DEBUG leader.FollowerInfo (FollowerInfoImpl.java:lambda$new$1(49)) - s0@group-DBBE7E7C6C61->s1: matchIndex: updateToMax old=2, new=-1, updated? false
2022-08-02 21:05:54,073 [grpc-default-executor-3] DEBUG leader.FollowerInfo (FollowerInfoImpl.java:lambda$new$1(49)) - s0@group-DBBE7E7C6C61->s2: commitIndex: updateToMax old=1, new=1, updated? false
2022-08-02 21:05:54,073 [grpc-default-executor-3] DEBUG leader.FollowerInfo (FollowerInfoImpl.java:lambda$new$1(49)) - s0@group-DBBE7E7C6C61->s2: matchIndex: updateToMax old=2, new=-1, updated? false
2022-08-02 21:05:54,073 [grpc-default-executor-3] DEBUG leader.FollowerInfo (FollowerInfoImpl.java:lambda$new$1(49)) - s0@group-DBBE7E7C6C61->s1: commitIndex: updateToMax old=1, new=1, updated? false
2022-08-02 21:05:54,073 [grpc-default-executor-3] DEBUG leader.FollowerInfo (FollowerInfoImpl.java:lambda$new$1(49)) - s0@group-DBBE7E7C6C61->s1: matchIndex: updateToMax old=2, new=-1, updated? false
2022-08-02 21:05:54,075 [grpc-default-executor-2] DEBUG leader.FollowerInfo (FollowerInfoImpl.java:lambda$new$1(49)) - s0@group-DBBE7E7C6C61->s2: commitIndex: updateToMax old=1, new=1, updated? false
2022-08-02 21:05:54,075 [grpc-default-executor-2] DEBUG leader.FollowerInfo (FollowerInfoImpl.java:lambda$new$1(49)) - s0@group-DBBE7E7C6C61->s2: matchIndex: updateToMax old=2, new=-1, updated? false
2022-08-02 21:05:54,076 [grpc-default-executor-2] DEBUG leader.FollowerInfo (FollowerInfoImpl.java:lambda$new$1(49)) - s0@group-DBBE7E7C6C61->s1: commitIndex: updateToMax old=1, new=1, updated? false
2022-08-02 21:05:54,076 [grpc-default-executor-2] DEBUG leader.FollowerInfo (FollowerInfoImpl.java:lambda$new$1(49)) - s0@group-DBBE7E7C6C61->s1: matchIndex: updateToMax old=2, new=-1, updated? false
2022-08-02 21:05:54,076 [grpc-default-executor-3] DEBUG leader.FollowerInfo (FollowerInfoImpl.java:lambda$new$1(49)) - s0@group-DBBE7E7C6C61->s2: commitIndex: updateToMax old=1, new=1, updated? false
2022-08-02 21:05:54,076 [grpc-default-executor-3] DEBUG leader.FollowerInfo (FollowerInfoImpl.java:lambda$new$1(49)) - s0@group-DBBE7E7C6C61->s2: matchIndex: updateToMax old=2, new=-1, updated? false
2022-08-02 21:05:54,077 [grpc-default-executor-3] DEBUG leader.FollowerInfo (FollowerInfoImpl.java:lambda$new$1(49)) - s0@group-DBBE7E7C6C61->s1: commitIndex: updateToMax old=1, new=1, updated? false
2022-08-02 21:05:54,077 [grpc-default-executor-3] DEBUG leader.FollowerInfo (FollowerInfoImpl.java:lambda$new$1(49)) - s0@group-DBBE7E7C6C61->s1: matchIndex: updateToMax old=2, new=-1, updated? false
2022-08-02 21:05:54,078 [grpc-default-executor-2] DEBUG leader.FollowerInfo (FollowerInfoImpl.java:lambda$new$1(49)) - s0@group-DBBE7E7C6C61->s2: commitIndex: updateToMax old=1, new=1, updated? false
2022-08-02 21:05:54,078 [grpc-default-executor-2] DEBUG leader.FollowerInfo (FollowerInfoImpl.java:lambda$new$1(49)) - s0@group-DBBE7E7C6C61->s2: matchIndex: updateToMax old=2, new=-1, updated? false
2022-08-02 21:05:54,079 [grpc-default-executor-2] DEBUG leader.FollowerInfo (FollowerInfoImpl.java:lambda$new$1(49)) - s0@group-DBBE7E7C6C61->s1: commitIndex: updateToMax old=1, new=1, updated? false
2022-08-02 21:05:54,079 [grpc-default-executor-2] DEBUG leader.FollowerInfo (FollowerInfoImpl.java:lambda$new$1(49)) - s0@group-DBBE7E7C6C61->s1: matchIndex: updateToMax old=2, new=-1, updated? false
2022-08-02 21:05:54,079 [grpc-default-executor-3] DEBUG leader.FollowerInfo (FollowerInfoImpl.java:lambda$new$1(49)) - s0@group-DBBE7E7C6C61->s2: commitIndex: updateToMax old=1, new=1, updated? false
2022-08-02 21:05:54,079 [grpc-default-executor-3] DEBUG leader.FollowerInfo (FollowerInfoImpl.java:lambda$new$1(49)) - s0@group-DBBE7E7C6C61->s2: matchIndex: updateToMax old=2, new=-1, updated? false
2022-08-02 21:05:54,080 [grpc-default-executor-3] DEBUG leader.FollowerInfo (FollowerInfoImpl.java:lambda$new$1(49)) - s0@group-DBBE7E7C6C61->s1: commitIndex: updateToMax old=1, new=1, updated? false
2022-08-02 21:05:54,080 [grpc-default-executor-3] DEBUG leader.FollowerInfo (FollowerInfoImpl.java:lambda$new$1(49)) - s0@group-DBBE7E7C6C61->s1: matchIndex: updateToMax old=2, new=-1, updated? false
2022-08-02 21:05:54,081 [grpc-default-executor-2] DEBUG leader.FollowerInfo (FollowerInfoImpl.java:lambda$new$1(49)) - s0@group-DBBE7E7C6C61->s2: commitIndex: updateToMax old=1, new=1, updated? false
2022-08-02 21:05:54,081 [grpc-default-executor-2] DEBUG leader.FollowerInfo (FollowerInfoImpl.java:lambda$new$1(49)) - s0@group-DBBE7E7C6C61->s2: matchIndex: updateToMax old=2, new=-1, updated? false
2022-08-02 21:05:54,082 [grpc-default-executor-3] DEBUG leader.FollowerInfo (FollowerInfoImpl.java:lambda$new$1(49)) - s0@group-DBBE7E7C6C61->s1: commitIndex: updateToMax old=1, new=1, updated? false
2022-08-02 21:05:54,082 [grpc-default-executor-3] DEBUG leader.FollowerInfo (FollowerInfoImpl.java:lambda$new$1(49)) - s0@group-DBBE7E7C6C61->s1: matchIndex: updateToMax old=2, new=-1, updated? false
2022-08-02 21:05:54,083 [grpc-default-executor-2] DEBUG leader.FollowerInfo (FollowerInfoImpl.java:lambda$new$1(49)) - s0@group-DBBE7E7C6C61->s2: commitIndex: updateToMax old=1, new=1, updated? false
2022-08-02 21:05:54,083 [grpc-default-executor-2] DEBUG leader.FollowerInfo (FollowerInfoImpl.java:lambda$new$1(49)) - s0@group-DBBE7E7C6C61->s2: matchIndex: updateToMax old=2, new=-1, updated? false
2022-08-02 21:05:54,084 [grpc-default-executor-2] DEBUG leader.FollowerInfo (FollowerInfoImpl.java:lambda$new$1(49)) - s0@group-DBBE7E7C6C61->s1: commitIndex: updateToMax old=1, new=1, updated? false
2022-08-02 21:05:54,084 [grpc-default-executor-2] DEBUG leader.FollowerInfo (FollowerInfoImpl.java:lambda$new$1(49)) - s0@group-DBBE7E7C6C61->s1: matchIndex: updateToMax old=2, new=-1, updated? false
2022-08-02 21:05:54,084 [grpc-default-executor-3] DEBUG leader.FollowerInfo (FollowerInfoImpl.java:lambda$new$1(49)) - s0@group-DBBE7E7C6C61->s2: commitIndex: updateToMax old=1, new=1, updated? false
2022-08-02 21:05:54,085 [grpc-default-executor-3] DEBUG leader.FollowerInfo (FollowerInfoImpl.java:lambda$new$1(49)) - s0@group-DBBE7E7C6C61->s2: matchIndex: updateToMax old=2, new=-1, updated? false
2022-08-02 21:05:54,085 [grpc-default-executor-3] DEBUG leader.FollowerInfo (FollowerInfoImpl.java:lambda$new$1(49)) - s0@group-DBBE7E7C6C61->s1: commitIndex: updateToMax old=1, new=1, updated? false
2022-08-02 21:05:54,085 [grpc-default-executor-3] DEBUG leader.FollowerInfo (FollowerInfoImpl.java:lambda$new$1(49)) - s0@group-DBBE7E7C6C61->s1: matchIndex: updateToMax old=2, new=-1, updated? false
2022-08-02 21:05:54,086 [grpc-default-executor-3] DEBUG leader.FollowerInfo (FollowerInfoImpl.java:lambda$new$1(49)) - s0@group-DBBE7E7C6C61->s2: commitIndex: updateToMax old=1, new=1, updated? false
2022-08-02 21:05:54,086 [grpc-default-executor-3] DEBUG leader.FollowerInfo (FollowerInfoImpl.java:lambda$new$1(49)) - s0@group-DBBE7E7C6C61->s2: matchIndex: updateToMax old=2, new=-1, updated? false
2022-08-02 21:05:54,086 [grpc-default-executor-3] DEBUG leader.FollowerInfo (FollowerInfoImpl.java:lambda$new$1(49)) - s0@group-DBBE7E7C6C61->s1: commitIndex: updateToMax old=1, new=1, updated? false
2022-08-02 21:05:54,087 [grpc-default-executor-3] DEBUG leader.FollowerInfo (FollowerInfoImpl.java:lambda$new$1(49)) - s0@group-DBBE7E7C6C61->s1: matchIndex: updateToMax old=2, new=-1, updated? false
2022-08-02 21:05:54,089 [grpc-default-executor-2] DEBUG leader.FollowerInfo (FollowerInfoImpl.java:lambda$new$1(49)) - s0@group-DBBE7E7C6C61->s2: commitIndex: updateToMax old=1, new=1, updated? false
2022-08-02 21:05:54,089 [grpc-default-executor-2] DEBUG leader.FollowerInfo (FollowerInfoImpl.java:lambda$new$1(49)) - s0@group-DBBE7E7C6C61->s2: matchIndex: updateToMax old=2, new=-1, updated? false
2022-08-02 21:05:54,089 [grpc-default-executor-3] DEBUG leader.FollowerInfo (FollowerInfoImpl.java:lambda$new$1(49)) - s0@group-DBBE7E7C6C61->s1: commitIndex: updateToMax old=1, new=1, updated? false
2022-08-02 21:05:54,089 [grpc-default-executor-3] DEBUG leader.FollowerInfo (FollowerInfoImpl.java:lambda$new$1(49)) - s0@group-DBBE7E7C6C61->s1: matchIndex: updateToMax old=2, new=-1, updated? false
2022-08-02 21:05:54,090 [grpc-default-executor-3] DEBUG leader.FollowerInfo (FollowerInfoImpl.java:lambda$new$1(49)) - s0@group-DBBE7E7C6C61->s2: commitIndex: updateToMax old=1, new=1, updated? false
2022-08-02 21:05:54,090 [grpc-default-executor-3] DEBUG leader.FollowerInfo (FollowerInfoImpl.java:lambda$new$1(49)) - s0@group-DBBE7E7C6C61->s2: matchIndex: updateToMax old=2, new=-1, updated? false
2022-08-02 21:05:54,091 [grpc-default-executor-3] DEBUG leader.FollowerInfo (FollowerInfoImpl.java:lambda$new$1(49)) - s0@group-DBBE7E7C6C61->s1: commitIndex: updateToMax old=1, new=1, updated? false
2022-08-02 21:05:54,091 [grpc-default-executor-3] DEBUG leader.FollowerInfo (FollowerInfoImpl.java:lambda$new$1(49)) - s0@group-DBBE7E7C6C61->s1: matchIndex: updateToMax old=2, new=-1, updated? false
2022-08-02 21:05:54,092 [grpc-default-executor-2] DEBUG leader.FollowerInfo (FollowerInfoImpl.java:lambda$new$1(49)) - s0@group-DBBE7E7C6C61->s2: commitIndex: updateToMax old=1, new=1, updated? false
2022-08-02 21:05:54,092 [grpc-default-executor-2] DEBUG leader.FollowerInfo (FollowerInfoImpl.java:lambda$new$1(49)) - s0@group-DBBE7E7C6C61->s2: matchIndex: updateToMax old=2, new=-1, updated? false
2022-08-02 21:05:54,093 [grpc-default-executor-3] DEBUG leader.FollowerInfo (FollowerInfoImpl.java:lambda$new$1(49)) - s0@group-DBBE7E7C6C61->s1: commitIndex: updateToMax old=1, new=1, updated? false
2022-08-02 21:05:54,093 [grpc-default-executor-3] DEBUG leader.FollowerInfo (FollowerInfoImpl.java:lambda$new$1(49)) - s0@group-DBBE7E7C6C61->s1: matchIndex: updateToMax old=2, new=-1, updated? false
2022-08-02 21:05:54,093 [grpc-default-executor-3] DEBUG leader.FollowerInfo (FollowerInfoImpl.java:lambda$new$1(49)) - s0@group-DBBE7E7C6C61->s2: commitIndex: updateToMax old=1, new=1, updated? false
2022-08-02 21:05:54,093 [grpc-default-executor-3] DEBUG leader.FollowerInfo (FollowerInfoImpl.java:lambda$new$1(49)) - s0@group-DBBE7E7C6C61->s2: matchIndex: updateToMax old=2, new=-1, updated? false
2022-08-02 21:05:54,094 [grpc-default-executor-3] DEBUG leader.FollowerInfo (FollowerInfoImpl.java:lambda$new$1(49)) - s0@group-DBBE7E7C6C61->s2: commitIndex: updateToMax old=1, new=1, updated? false
2022-08-02 21:05:54,094 [grpc-default-executor-3] DEBUG leader.FollowerInfo (FollowerInfoImpl.java:lambda$new$1(49)) - s0@group-DBBE7E7C6C61->s2: matchIndex: updateToMax old=2, new=-1, updated? false
2022-08-02 21:05:54,095 [grpc-default-executor-3] DEBUG leader.FollowerInfo (FollowerInfoImpl.java:lambda$new$1(49)) - s0@group-DBBE7E7C6C61->s2: commitIndex: updateToMax old=1, new=1, updated? false
2022-08-02 21:05:54,095 [grpc-default-executor-3] DEBUG leader.FollowerInfo (FollowerInfoImpl.java:lambda$new$1(49)) - s0@group-DBBE7E7C6C61->s2: matchIndex: updateToMax old=2, new=-1, updated? false
2022-08-02 21:05:54,096 [grpc-default-executor-2] DEBUG leader.FollowerInfo (FollowerInfoImpl.java:lambda$new$1(49)) - s0@group-DBBE7E7C6C61->s1: commitIndex: updateToMax old=1, new=1, updated? false
2022-08-02 21:05:54,096 [grpc-default-executor-2] DEBUG leader.FollowerInfo (FollowerInfoImpl.java:lambda$new$1(49)) - s0@group-DBBE7E7C6C61->s1: matchIndex: updateToMax old=2, new=-1, updated? false
2022-08-02 21:05:54,102 [grpc-default-executor-3] DEBUG leader.FollowerInfo (FollowerInfoImpl.java:lambda$new$1(49)) - s0@group-DBBE7E7C6C61->s2: commitIndex: updateToMax old=1, new=1, updated? false
2022-08-02 21:05:54,102 [grpc-default-executor-3] DEBUG leader.FollowerInfo (FollowerInfoImpl.java:lambda$new$1(49)) - s0@group-DBBE7E7C6C61->s2: matchIndex: updateToMax old=2, new=-1, updated? false
2022-08-02 21:05:54,103 [grpc-default-executor-2] DEBUG leader.FollowerInfo (FollowerInfoImpl.java:lambda$new$1(49)) - s0@group-DBBE7E7C6C61->s1: commitIndex: updateToMax old=1, new=1, updated? false
2022-08-02 21:05:54,103 [grpc-default-executor-2] DEBUG leader.FollowerInfo (FollowerInfoImpl.java:lambda$new$1(49)) - s0@group-DBBE7E7C6C61->s1: matchIndex: updateToMax old=2, new=-1, updated? false
2022-08-02 21:05:54,104 [grpc-default-executor-3] DEBUG leader.FollowerInfo (FollowerInfoImpl.java:lambda$new$1(49)) - s0@group-DBBE7E7C6C61->s2: commitIndex: updateToMax old=1, new=1, updated? false
2022-08-02 21:05:54,104 [grpc-default-executor-3] DEBUG leader.FollowerInfo (FollowerInfoImpl.java:lambda$new$1(49)) - s0@group-DBBE7E7C6C61->s2: matchIndex: updateToMax old=2, new=-1, updated? false
2022-08-02 21:05:54,105 [grpc-default-executor-2] DEBUG leader.FollowerInfo (FollowerInfoImpl.java:lambda$new$1(49)) - s0@group-DBBE7E7C6C61->s1: commitIndex: updateToMax old=1, new=1, updated? false
2022-08-02 21:05:54,105 [grpc-default-executor-2] DEBUG leader.FollowerInfo (FollowerInfoImpl.java:lambda$new$1(49)) - s0@group-DBBE7E7C6C61->s1: matchIndex: updateToMax old=2, new=-1, updated? false
2022-08-02 21:05:54,106 [grpc-default-executor-3] DEBUG leader.FollowerInfo (FollowerInfoImpl.java:lambda$new$1(49)) - s0@group-DBBE7E7C6C61->s2: commitIndex: updateToMax old=1, new=1, updated? false
2022-08-02 21:05:54,107 [grpc-default-executor-3] DEBUG leader.FollowerInfo (FollowerInfoImpl.java:lambda$new$1(49)) - s0@group-DBBE7E7C6C61->s2: matchIndex: updateToMax old=2, new=-1, updated? false
2022-08-02 21:05:54,107 [grpc-default-executor-2] DEBUG leader.FollowerInfo (FollowerInfoImpl.java:lambda$new$1(49)) - s0@group-DBBE7E7C6C61->s1: commitIndex: updateToMax old=1, new=1, updated? false
2022-08-02 21:05:54,108 [grpc-default-executor-2] DEBUG leader.FollowerInfo (FollowerInfoImpl.java:lambda$new$1(49)) - s0@group-DBBE7E7C6C61->s1: matchIndex: updateToMax old=2, new=-1, updated? false
2022-08-02 21:05:54,108 [grpc-default-executor-2] DEBUG leader.FollowerInfo (FollowerInfoImpl.java:lambda$new$1(49)) - s0@group-DBBE7E7C6C61->s2: commitIndex: updateToMax old=1, new=1, updated? false
2022-08-02 21:05:54,108 [grpc-default-executor-2] DEBUG leader.FollowerInfo (FollowerInfoImpl.java:lambda$new$1(49)) - s0@group-DBBE7E7C6C61->s2: matchIndex: updateToMax old=2, new=-1, updated? false
2022-08-02 21:05:54,112 [grpc-default-executor-3] DEBUG leader.FollowerInfo (FollowerInfoImpl.java:lambda$new$1(49)) - s0@group-DBBE7E7C6C61->s1: commitIndex: updateToMax old=1, new=1, updated? false
2022-08-02 21:05:54,112 [grpc-default-executor-3] DEBUG leader.FollowerInfo (FollowerInfoImpl.java:lambda$new$1(49)) - s0@group-DBBE7E7C6C61->s1: matchIndex: updateToMax old=2, new=-1, updated? false
2022-08-02 21:05:54,116 [grpc-default-executor-2] DEBUG leader.FollowerInfo (FollowerInfoImpl.java:lambda$new$1(49)) - s0@group-DBBE7E7C6C61->s2: commitIndex: updateToMax old=1, new=1, updated? false
2022-08-02 21:05:54,116 [grpc-default-executor-2] DEBUG leader.FollowerInfo (FollowerInfoImpl.java:lambda$new$1(49)) - s0@group-DBBE7E7C6C61->s2: matchIndex: updateToMax old=2, new=-1, updated? false
2022-08-02 21:05:54,120 [grpc-default-executor-3] DEBUG leader.FollowerInfo (FollowerInfoImpl.java:lambda$new$1(49)) - s0@group-DBBE7E7C6C61->s1: commitIndex: updateToMax old=1, new=1, updated? false
2022-08-02 21:05:54,120 [grpc-default-executor-3] DEBUG leader.FollowerInfo (FollowerInfoImpl.java:lambda$new$1(49)) - s0@group-DBBE7E7C6C61->s1: matchIndex: updateToMax old=2, new=-1, updated? false
2022-08-02 21:05:54,121 [grpc-default-executor-3] DEBUG leader.FollowerInfo (FollowerInfoImpl.java:lambda$new$1(49)) - s0@group-DBBE7E7C6C61->s2: commitIndex: updateToMax old=1, new=1, updated? false
2022-08-02 21:05:54,121 [grpc-default-executor-3] DEBUG leader.FollowerInfo (FollowerInfoImpl.java:lambda$new$1(49)) - s0@group-DBBE7E7C6C61->s2: matchIndex: updateToMax old=2, new=-1, updated? false
2022-08-02 21:05:54,122 [grpc-default-executor-3] DEBUG leader.FollowerInfo (FollowerInfoImpl.java:lambda$new$1(49)) - s0@group-DBBE7E7C6C61->s1: commitIndex: updateToMax old=1, new=1, updated? false
2022-08-02 21:05:54,122 [grpc-default-executor-3] DEBUG leader.FollowerInfo (FollowerInfoImpl.java:lambda$new$1(49)) - s0@group-DBBE7E7C6C61->s1: matchIndex: updateToMax old=2, new=-1, updated? false
2022-08-02 21:05:54,123 [grpc-default-executor-3] DEBUG leader.FollowerInfo (FollowerInfoImpl.java:lambda$new$1(49)) - s0@group-DBBE7E7C6C61->s2: commitIndex: updateToMax old=1, new=1, updated? false
2022-08-02 21:05:54,123 [grpc-default-executor-3] DEBUG leader.FollowerInfo (FollowerInfoImpl.java:lambda$new$1(49)) - s0@group-DBBE7E7C6C61->s2: matchIndex: updateToMax old=2, new=-1, updated? false
2022-08-02 21:05:54,124 [grpc-default-executor-3] DEBUG leader.FollowerInfo (FollowerInfoImpl.java:lambda$new$1(49)) - s0@group-DBBE7E7C6C61->s1: commitIndex: updateToMax old=1, new=1, updated? false
2022-08-02 21:05:54,124 [grpc-default-executor-3] DEBUG leader.FollowerInfo (FollowerInfoImpl.java:lambda$new$1(49)) - s0@group-DBBE7E7C6C61->s1: matchIndex: updateToMax old=2, new=-1, updated? false
2022-08-02 21:05:54,125 [grpc-default-executor-2] DEBUG leader.FollowerInfo (FollowerInfoImpl.java:lambda$new$1(49)) - s0@group-DBBE7E7C6C61->s2: commitIndex: updateToMax old=1, new=1, updated? false
2022-08-02 21:05:54,125 [grpc-default-executor-2] DEBUG leader.FollowerInfo (FollowerInfoImpl.java:lambda$new$1(49)) - s0@group-DBBE7E7C6C61->s2: matchIndex: updateToMax old=2, new=-1, updated? false
2022-08-02 21:05:54,125 [grpc-default-executor-3] DEBUG leader.FollowerInfo (FollowerInfoImpl.java:lambda$new$1(49)) - s0@group-DBBE7E7C6C61->s1: commitIndex: updateToMax old=1, new=1, updated? false
2022-08-02 21:05:54,126 [grpc-default-executor-3] DEBUG leader.FollowerInfo (FollowerInfoImpl.java:lambda$new$1(49)) - s0@group-DBBE7E7C6C61->s1: matchIndex: updateToMax old=2, new=-1, updated? false
2022-08-02 21:05:54,126 [grpc-default-executor-3] DEBUG leader.FollowerInfo (FollowerInfoImpl.java:lambda$new$1(49)) - s0@group-DBBE7E7C6C61->s2: commitIndex: updateToMax old=1, new=1, updated? false
2022-08-02 21:05:54,126 [grpc-default-executor-3] DEBUG leader.FollowerInfo (FollowerInfoImpl.java:lambda$new$1(49)) - s0@group-DBBE7E7C6C61->s2: matchIndex: updateToMax old=2, new=-1, updated? false
2022-08-02 21:05:54,127 [grpc-default-executor-3] DEBUG leader.FollowerInfo (FollowerInfoImpl.java:lambda$new$1(49)) - s0@group-DBBE7E7C6C61->s1: commitIndex: updateToMax old=1, new=1, updated? false
2022-08-02 21:05:54,127 [grpc-default-executor-3] DEBUG leader.FollowerInfo (FollowerInfoImpl.java:lambda$new$1(49)) - s0@group-DBBE7E7C6C61->s1: matchIndex: updateToMax old=2, new=-1, updated? false
2022-08-02 21:05:54,128 [grpc-default-executor-2] DEBUG leader.FollowerInfo (FollowerInfoImpl.java:lambda$new$1(49)) - s0@group-DBBE7E7C6C61->s2: commitIndex: updateToMax old=1, new=1, updated? false
2022-08-02 21:05:54,128 [grpc-default-executor-2] DEBUG leader.FollowerInfo (FollowerInfoImpl.java:lambda$new$1(49)) - s0@group-DBBE7E7C6C61->s2: matchIndex: updateToMax old=2, new=-1, updated? false
2022-08-02 21:05:54,128 [grpc-default-executor-2] DEBUG leader.FollowerInfo (FollowerInfoImpl.java:lambda$new$1(49)) - s0@group-DBBE7E7C6C61->s1: commitIndex: updateToMax old=1, new=1, updated? false
2022-08-02 21:05:54,128 [grpc-default-executor-2] DEBUG leader.FollowerInfo (FollowerInfoImpl.java:lambda$new$1(49)) - s0@group-DBBE7E7C6C61->s1: matchIndex: updateToMax old=2, new=-1, updated? false
2022-08-02 21:05:54,129 [grpc-default-executor-3] DEBUG leader.FollowerInfo (FollowerInfoImpl.java:lambda$new$1(49)) - s0@group-DBBE7E7C6C61->s2: commitIndex: updateToMax old=1, new=1, updated? false
2022-08-02 21:05:54,129 [grpc-default-executor-3] DEBUG leader.FollowerInfo (FollowerInfoImpl.java:lambda$new$1(49)) - s0@group-DBBE7E7C6C61->s2: matchIndex: updateToMax old=2, new=-1, updated? false
2022-08-02 21:05:54,130 [grpc-default-executor-3] DEBUG leader.FollowerInfo (FollowerInfoImpl.java:lambda$new$1(49)) - s0@group-DBBE7E7C6C61->s1: commitIndex: updateToMax old=1, new=1, updated? false
2022-08-02 21:05:54,130 [grpc-default-executor-3] DEBUG leader.FollowerInfo (FollowerInfoImpl.java:lambda$new$1(49)) - s0@group-DBBE7E7C6C61->s1: matchIndex: updateToMax old=2, new=-1, updated? false
2022-08-02 21:05:54,131 [grpc-default-executor-2] DEBUG leader.FollowerInfo (FollowerInfoImpl.java:lambda$new$1(49)) - s0@group-DBBE7E7C6C61->s2: commitIndex: updateToMax old=1, new=1, updated? false
2022-08-02 21:05:54,131 [grpc-default-executor-2] DEBUG leader.FollowerInfo (FollowerInfoImpl.java:lambda$new$1(49)) - s0@group-DBBE7E7C6C61->s2: matchIndex: updateToMax old=2, new=-1, updated? false
2022-08-02 21:05:54,132 [grpc-default-executor-2] DEBUG leader.FollowerInfo (FollowerInfoImpl.java:lambda$new$1(49)) - s0@group-DBBE7E7C6C61->s1: commitIndex: updateToMax old=1, new=1, updated? false
2022-08-02 21:05:54,132 [grpc-default-executor-2] DEBUG leader.FollowerInfo (FollowerInfoImpl.java:lambda$new$1(49)) - s0@group-DBBE7E7C6C61->s1: matchIndex: updateToMax old=2, new=-1, updated? false
2022-08-02 21:05:54,132 [grpc-default-executor-3] DEBUG leader.FollowerInfo (FollowerInfoImpl.java:lambda$new$1(49)) - s0@group-DBBE7E7C6C61->s2: commitIndex: updateToMax old=1, new=1, updated? false
2022-08-02 21:05:54,132 [grpc-default-executor-3] DEBUG leader.FollowerInfo (FollowerInfoImpl.java:lambda$new$1(49)) - s0@group-DBBE7E7C6C61->s2: matchIndex: updateToMax old=2, new=-1, updated? false
2022-08-02 21:05:54,133 [grpc-default-executor-3] DEBUG leader.FollowerInfo (FollowerInfoImpl.java:lambda$new$1(49)) - s0@group-DBBE7E7C6C61->s1: commitIndex: updateToMax old=1, new=1, updated? false
2022-08-02 21:05:54,133 [grpc-default-executor-3] DEBUG leader.FollowerInfo (FollowerInfoImpl.java:lambda$new$1(49)) - s0@group-DBBE7E7C6C61->s1: matchIndex: updateToMax old=2, new=-1, updated? false
2022-08-02 21:05:54,134 [grpc-default-executor-3] DEBUG leader.FollowerInfo (FollowerInfoImpl.java:lambda$new$1(49)) - s0@group-DBBE7E7C6C61->s2: commitIndex: updateToMax old=1, new=1, updated? false
2022-08-02 21:05:54,134 [grpc-default-executor-3] DEBUG leader.FollowerInfo (FollowerInfoImpl.java:lambda$new$1(49)) - s0@group-DBBE7E7C6C61->s2: matchIndex: updateToMax old=2, new=-1, updated? false
2022-08-02 21:05:54,135 [grpc-default-executor-3] DEBUG leader.FollowerInfo (FollowerInfoImpl.java:lambda$new$1(49)) - s0@group-DBBE7E7C6C61->s1: commitIndex: updateToMax old=1, new=1, updated? false
2022-08-02 21:05:54,135 [grpc-default-executor-3] DEBUG leader.FollowerInfo (FollowerInfoImpl.java:lambda$new$1(49)) - s0@group-DBBE7E7C6C61->s1: matchIndex: updateToMax old=2, new=-1, updated? false
2022-08-02 21:05:54,135 [grpc-default-executor-3] DEBUG leader.FollowerInfo (FollowerInfoImpl.java:lambda$new$1(49)) - s0@group-DBBE7E7C6C61->s2: commitIndex: updateToMax old=1, new=1, updated? false
2022-08-02 21:05:54,136 [grpc-default-executor-3] DEBUG leader.FollowerInfo (FollowerInfoImpl.java:lambda$new$1(49)) - s0@group-DBBE7E7C6C61->s2: matchIndex: updateToMax old=2, new=-1, updated? false
2022-08-02 21:05:54,136 [grpc-default-executor-3] DEBUG leader.FollowerInfo (FollowerInfoImpl.java:lambda$new$1(49)) - s0@group-DBBE7E7C6C61->s1: commitIndex: updateToMax old=1, new=1, updated? false
2022-08-02 21:05:54,136 [grpc-default-executor-3] DEBUG leader.FollowerInfo (FollowerInfoImpl.java:lambda$new$1(49)) - s0@group-DBBE7E7C6C61->s1: matchIndex: updateToMax old=2, new=-1, updated? false
2022-08-02 21:05:54,137 [grpc-default-executor-3] DEBUG leader.FollowerInfo (FollowerInfoImpl.java:lambda$new$1(49)) - s0@group-DBBE7E7C6C61->s2: commitIndex: updateToMax old=1, new=1, updated? false
2022-08-02 21:05:54,137 [grpc-default-executor-3] DEBUG leader.FollowerInfo (FollowerInfoImpl.java:lambda$new$1(49)) - s0@group-DBBE7E7C6C61->s2: matchIndex: updateToMax old=2, new=-1, updated? false
2022-08-02 21:05:54,138 [grpc-default-executor-3] DEBUG leader.FollowerInfo (FollowerInfoImpl.java:lambda$new$1(49)) - s0@group-DBBE7E7C6C61->s1: commitIndex: updateToMax old=1, new=1, updated? false
2022-08-02 21:05:54,138 [grpc-default-executor-3] DEBUG leader.FollowerInfo (FollowerInfoImpl.java:lambda$new$1(49)) - s0@group-DBBE7E7C6C61->s1: matchIndex: updateToMax old=2, new=-1, updated? false
2022-08-02 21:05:54,139 [grpc-default-executor-3] DEBUG leader.FollowerInfo (FollowerInfoImpl.java:lambda$new$1(49)) - s0@group-DBBE7E7C6C61->s2: commitIndex: updateToMax old=1, new=1, updated? false
2022-08-02 21:05:54,139 [grpc-default-executor-3] DEBUG leader.FollowerInfo (FollowerInfoImpl.java:lambda$new$1(49)) - s0@group-DBBE7E7C6C61->s2: matchIndex: updateToMax old=2, new=-1, updated? false
2022-08-02 21:05:54,140 [grpc-default-executor-3] DEBUG leader.FollowerInfo (FollowerInfoImpl.java:lambda$new$1(49)) - s0@group-DBBE7E7C6C61->s1: commitIndex: updateToMax old=1, new=1, updated? false
2022-08-02 21:05:54,140 [grpc-default-executor-3] DEBUG leader.FollowerInfo (FollowerInfoImpl.java:lambda$new$1(49)) - s0@group-DBBE7E7C6C61->s1: matchIndex: updateToMax old=2, new=-1, updated? false
2022-08-02 21:05:54,141 [grpc-default-executor-3] DEBUG leader.FollowerInfo (FollowerInfoImpl.java:lambda$new$1(49)) - s0@group-DBBE7E7C6C61->s2: commitIndex: updateToMax old=1, new=1, updated? false
2022-08-02 21:05:54,141 [grpc-default-executor-3] DEBUG leader.FollowerInfo (FollowerInfoImpl.java:lambda$new$1(49)) - s0@group-DBBE7E7C6C61->s2: matchIndex: updateToMax old=2, new=-1, updated? false
2022-08-02 21:05:54,141 [grpc-default-executor-3] DEBUG leader.FollowerInfo (FollowerInfoImpl.java:lambda$new$1(49)) - s0@group-DBBE7E7C6C61->s1: commitIndex: updateToMax old=1, new=1, updated? false
2022-08-02 21:05:54,142 [grpc-default-executor-3] DEBUG leader.FollowerInfo (FollowerInfoImpl.java:lambda$new$1(49)) - s0@group-DBBE7E7C6C61->s1: matchIndex: updateToMax old=2, new=-1, updated? false
2022-08-02 21:05:54,142 [grpc-default-executor-3] DEBUG leader.FollowerInfo (FollowerInfoImpl.java:lambda$new$1(49)) - s0@group-DBBE7E7C6C61->s2: commitIndex: updateToMax old=1, new=1, updated? false
2022-08-02 21:05:54,142 [grpc-default-executor-3] DEBUG leader.FollowerInfo (FollowerInfoImpl.java:lambda$new$1(49)) - s0@group-DBBE7E7C6C61->s2: matchIndex: updateToMax old=2, new=-1, updated? false
2022-08-02 21:05:54,143 [grpc-default-executor-3] DEBUG leader.FollowerInfo (FollowerInfoImpl.java:lambda$new$1(49)) - s0@group-DBBE7E7C6C61->s1: commitIndex: updateToMax old=1, new=1, updated? false
2022-08-02 21:05:54,143 [grpc-default-executor-3] DEBUG leader.FollowerInfo (FollowerInfoImpl.java:lambda$new$1(49)) - s0@group-DBBE7E7C6C61->s1: matchIndex: updateToMax old=2, new=-1, updated? false
2022-08-02 21:05:54,144 [grpc-default-executor-3] DEBUG leader.FollowerInfo (FollowerInfoImpl.java:lambda$new$1(49)) - s0@group-DBBE7E7C6C61->s2: commitIndex: updateToMax old=1, new=1, updated? false
2022-08-02 21:05:54,144 [grpc-default-executor-3] DEBUG leader.FollowerInfo (FollowerInfoImpl.java:lambda$new$1(49)) - s0@group-DBBE7E7C6C61->s2: matchIndex: updateToMax old=2, new=-1, updated? false
2022-08-02 21:05:54,145 [grpc-default-executor-2] DEBUG leader.FollowerInfo (FollowerInfoImpl.java:lambda$new$1(49)) - s0@group-DBBE7E7C6C61->s1: commitIndex: updateToMax old=1, new=1, updated? false
2022-08-02 21:05:54,145 [grpc-default-executor-2] DEBUG leader.FollowerInfo (FollowerInfoImpl.java:lambda$new$1(49)) - s0@group-DBBE7E7C6C61->s1: matchIndex: updateToMax old=2, new=-1, updated? false
2022-08-02 21:05:54,145 [grpc-default-executor-3] DEBUG leader.FollowerInfo (FollowerInfoImpl.java:lambda$new$1(49)) - s0@group-DBBE7E7C6C61->s2: commitIndex: updateToMax old=1, new=1, updated? false
2022-08-02 21:05:54,145 [grpc-default-executor-3] DEBUG leader.FollowerInfo (FollowerInfoImpl.java:lambda$new$1(49)) - s0@group-DBBE7E7C6C61->s2: matchIndex: updateToMax old=2, new=-1, updated? false
2022-08-02 21:05:54,146 [grpc-default-executor-3] DEBUG leader.FollowerInfo (FollowerInfoImpl.java:lambda$new$1(49)) - s0@group-DBBE7E7C6C61->s1: commitIndex: updateToMax old=1, new=1, updated? false
2022-08-02 21:05:54,146 [grpc-default-executor-3] DEBUG leader.FollowerInfo (FollowerInfoImpl.java:lambda$new$1(49)) - s0@group-DBBE7E7C6C61->s1: matchIndex: updateToMax old=2, new=-1, updated? false
2022-08-02 21:05:54,147 [grpc-default-executor-3] DEBUG leader.FollowerInfo (FollowerInfoImpl.java:lambda$new$1(49)) - s0@group-DBBE7E7C6C61->s2: commitIndex: updateToMax old=1, new=1, updated? false
2022-08-02 21:05:54,147 [grpc-default-executor-3] DEBUG leader.FollowerInfo (FollowerInfoImpl.java:lambda$new$1(49)) - s0@group-DBBE7E7C6C61->s2: matchIndex: updateToMax old=2, new=-1, updated? false
2022-08-02 21:05:54,148 [grpc-default-executor-2] DEBUG leader.FollowerInfo (FollowerInfoImpl.java:lambda$new$1(49)) - s0@group-DBBE7E7C6C61->s1: commitIndex: updateToMax old=1, new=1, updated? false
2022-08-02 21:05:54,148 [grpc-default-executor-2] DEBUG leader.FollowerInfo (FollowerInfoImpl.java:lambda$new$1(49)) - s0@group-DBBE7E7C6C61->s1: matchIndex: updateToMax old=2, new=-1, updated? false
2022-08-02 21:05:54,148 [grpc-default-executor-3] DEBUG leader.FollowerInfo (FollowerInfoImpl.java:lambda$new$1(49)) - s0@group-DBBE7E7C6C61->s2: commitIndex: updateToMax old=1, new=1, updated? false
2022-08-02 21:05:54,148 [grpc-default-executor-3] DEBUG leader.FollowerInfo (FollowerInfoImpl.java:lambda$new$1(49)) - s0@group-DBBE7E7C6C61->s2: matchIndex: updateToMax old=2, new=-1, updated? false
2022-08-02 21:05:54,150 [grpc-default-executor-3] DEBUG leader.FollowerInfo (FollowerInfoImpl.java:lambda$new$1(49)) - s0@group-DBBE7E7C6C61->s2: commitIndex: updateToMax old=1, new=1, updated? false
2022-08-02 21:05:54,150 [grpc-default-executor-3] DEBUG leader.FollowerInfo (FollowerInfoImpl.java:lambda$new$1(49)) - s0@group-DBBE7E7C6C61->s2: matchIndex: updateToMax old=2, new=-1, updated? false
2022-08-02 21:05:54,151 [grpc-default-executor-2] DEBUG leader.FollowerInfo (FollowerInfoImpl.java:lambda$new$1(49)) - s0@group-DBBE7E7C6C61->s1: commitIndex: updateToMax old=1, new=1, updated? false
2022-08-02 21:05:54,151 [grpc-default-executor-2] DEBUG leader.FollowerInfo (FollowerInfoImpl.java:lambda$new$1(49)) - s0@group-DBBE7E7C6C61->s1: matchIndex: updateToMax old=2, new=-1, updated? false
2022-08-02 21:05:54,152 [grpc-default-executor-3] DEBUG leader.FollowerInfo (FollowerInfoImpl.java:lambda$new$1(49)) - s0@group-DBBE7E7C6C61->s2: commitIndex: updateToMax old=1, new=1, updated? false
2022-08-02 21:05:54,152 [grpc-default-executor-3] DEBUG leader.FollowerInfo (FollowerInfoImpl.java:lambda$new$1(49)) - s0@group-DBBE7E7C6C61->s2: matchIndex: updateToMax old=2, new=-1, updated? false
2022-08-02 21:05:54,153 [grpc-default-executor-2] DEBUG leader.FollowerInfo (FollowerInfoImpl.java:lambda$new$1(49)) - s0@group-DBBE7E7C6C61->s1: commitIndex: updateToMax old=1, new=1, updated? false
2022-08-02 21:05:54,153 [grpc-default-executor-2] DEBUG leader.FollowerInfo (FollowerInfoImpl.java:lambda$new$1(49)) - s0@group-DBBE7E7C6C61->s1: matchIndex: updateToMax old=2, new=-1, updated? false
2022-08-02 21:05:54,154 [grpc-default-executor-3] DEBUG leader.FollowerInfo (FollowerInfoImpl.java:lambda$new$1(49)) - s0@group-DBBE7E7C6C61->s2: commitIndex: updateToMax old=1, new=1, updated? false
2022-08-02 21:05:54,154 [grpc-default-executor-3] DEBUG leader.FollowerInfo (FollowerInfoImpl.java:lambda$new$1(49)) - s0@group-DBBE7E7C6C61->s2: matchIndex: updateToMax old=2, new=-1, updated? false
2022-08-02 21:05:54,154 [grpc-default-executor-2] DEBUG leader.FollowerInfo (FollowerInfoImpl.java:lambda$new$1(49)) - s0@group-DBBE7E7C6C61->s1: commitIndex: updateToMax old=1, new=1, updated? false
2022-08-02 21:05:54,154 [grpc-default-executor-2] DEBUG leader.FollowerInfo (FollowerInfoImpl.java:lambda$new$1(49)) - s0@group-DBBE7E7C6C61->s1: matchIndex: updateToMax old=2, new=-1, updated? false
2022-08-02 21:05:54,155 [grpc-default-executor-3] DEBUG leader.FollowerInfo (FollowerInfoImpl.java:lambda$new$1(49)) - s0@group-DBBE7E7C6C61->s2: commitIndex: updateToMax old=1, new=1, updated? false
2022-08-02 21:05:54,155 [grpc-default-executor-3] DEBUG leader.FollowerInfo (FollowerInfoImpl.java:lambda$new$1(49)) - s0@group-DBBE7E7C6C61->s2: matchIndex: updateToMax old=2, new=-1, updated? false
2022-08-02 21:05:54,157 [grpc-default-executor-2] DEBUG leader.FollowerInfo (FollowerInfoImpl.java:lambda$new$1(49)) - s0@group-DBBE7E7C6C61->s1: commitIndex: updateToMax old=1, new=1, updated? false
2022-08-02 21:05:54,157 [grpc-default-executor-2] DEBUG leader.FollowerInfo (FollowerInfoImpl.java:lambda$new$1(49)) - s0@group-DBBE7E7C6C61->s1: matchIndex: updateToMax old=2, new=-1, updated? false
2022-08-02 21:05:54,158 [grpc-default-executor-3] DEBUG leader.FollowerInfo (FollowerInfoImpl.java:lambda$new$1(49)) - s0@group-DBBE7E7C6C61->s2: commitIndex: updateToMax old=1, new=1, updated? false
2022-08-02 21:05:54,158 [grpc-default-executor-3] DEBUG leader.FollowerInfo (FollowerInfoImpl.java:lambda$new$1(49)) - s0@group-DBBE7E7C6C61->s2: matchIndex: updateToMax old=2, new=-1, updated? false
2022-08-02 21:05:54,159 [grpc-default-executor-2] DEBUG leader.FollowerInfo (FollowerInfoImpl.java:lambda$new$1(49)) - s0@group-DBBE7E7C6C61->s1: commitIndex: updateToMax old=1, new=1, updated? false
2022-08-02 21:05:54,159 [grpc-default-executor-2] DEBUG leader.FollowerInfo (FollowerInfoImpl.java:lambda$new$1(49)) - s0@group-DBBE7E7C6C61->s1: matchIndex: updateToMax old=2, new=-1, updated? false
2022-08-02 21:05:54,159 [grpc-default-executor-3] DEBUG leader.FollowerInfo (FollowerInfoImpl.java:lambda$new$1(49)) - s0@group-DBBE7E7C6C61->s2: commitIndex: updateToMax old=1, new=1, updated? false
2022-08-02 21:05:54,159 [grpc-default-executor-3] DEBUG leader.FollowerInfo (FollowerInfoImpl.java:lambda$new$1(49)) - s0@group-DBBE7E7C6C61->s2: matchIndex: updateToMax old=2, new=-1, updated? false
2022-08-02 21:05:54,160 [grpc-default-executor-2] DEBUG leader.FollowerInfo (FollowerInfoImpl.java:lambda$new$1(49)) - s0@group-DBBE7E7C6C61->s1: commitIndex: updateToMax old=1, new=1, updated? false
2022-08-02 21:05:54,160 [grpc-default-executor-2] DEBUG leader.FollowerInfo (FollowerInfoImpl.java:lambda$new$1(49)) - s0@group-DBBE7E7C6C61->s1: matchIndex: updateToMax old=2, new=-1, updated? false
2022-08-02 21:05:54,161 [grpc-default-executor-3] DEBUG leader.FollowerInfo (FollowerInfoImpl.java:lambda$new$1(49)) - s0@group-DBBE7E7C6C61->s2: commitIndex: updateToMax old=1, new=1, updated? false
2022-08-02 21:05:54,161 [grpc-default-executor-3] DEBUG leader.FollowerInfo (FollowerInfoImpl.java:lambda$new$1(49)) - s0@group-DBBE7E7C6C61->s2: matchIndex: updateToMax old=2, new=-1, updated? false
2022-08-02 21:05:54,162 [grpc-default-executor-2] DEBUG leader.FollowerInfo (FollowerInfoImpl.java:lambda$new$1(49)) - s0@group-DBBE7E7C6C61->s1: commitIndex: updateToMax old=1, new=1, updated? false
2022-08-02 21:05:54,162 [grpc-default-executor-2] DEBUG leader.FollowerInfo (FollowerInfoImpl.java:lambda$new$1(49)) - s0@group-DBBE7E7C6C61->s1: matchIndex: updateToMax old=2, new=-1, updated? false
2022-08-02 21:05:54,163 [grpc-default-executor-3] DEBUG leader.FollowerInfo (FollowerInfoImpl.java:lambda$new$1(49)) - s0@group-DBBE7E7C6C61->s2: commitIndex: updateToMax old=1, new=1, updated? false
2022-08-02 21:05:54,163 [grpc-default-executor-3] DEBUG leader.FollowerInfo (FollowerInfoImpl.java:lambda$new$1(49)) - s0@group-DBBE7E7C6C61->s2: matchIndex: updateToMax old=2, new=-1, updated? false
2022-08-02 21:05:54,164 [grpc-default-executor-2] DEBUG leader.FollowerInfo (FollowerInfoImpl.java:lambda$new$1(49)) - s0@group-DBBE7E7C6C61->s1: commitIndex: updateToMax old=1, new=1, updated? false
2022-08-02 21:05:54,164 [grpc-default-executor-2] DEBUG leader.FollowerInfo (FollowerInfoImpl.java:lambda$new$1(49)) - s0@group-DBBE7E7C6C61->s1: matchIndex: updateToMax old=2, new=-1, updated? false
2022-08-02 21:05:54,165 [grpc-default-executor-3] DEBUG leader.FollowerInfo (FollowerInfoImpl.java:lambda$new$1(49)) - s0@group-DBBE7E7C6C61->s2: commitIndex: updateToMax old=1, new=1, updated? false
2022-08-02 21:05:54,165 [grpc-default-executor-3] DEBUG leader.FollowerInfo (FollowerInfoImpl.java:lambda$new$1(49)) - s0@group-DBBE7E7C6C61->s2: matchIndex: updateToMax old=2, new=-1, updated? false
2022-08-02 21:05:54,165 [grpc-default-executor-2] DEBUG leader.FollowerInfo (FollowerInfoImpl.java:lambda$new$1(49)) - s0@group-DBBE7E7C6C61->s1: commitIndex: updateToMax old=1, new=1, updated? false
2022-08-02 21:05:54,166 [grpc-default-executor-2] DEBUG leader.FollowerInfo (FollowerInfoImpl.java:lambda$new$1(49)) - s0@group-DBBE7E7C6C61->s1: matchIndex: updateToMax old=2, new=-1, updated? false
2022-08-02 21:05:54,166 [grpc-default-executor-3] DEBUG leader.FollowerInfo (FollowerInfoImpl.java:lambda$new$1(49)) - s0@group-DBBE7E7C6C61->s2: commitIndex: updateToMax old=1, new=1, updated? false
2022-08-02 21:05:54,166 [grpc-default-executor-3] DEBUG leader.FollowerInfo (FollowerInfoImpl.java:lambda$new$1(49)) - s0@group-DBBE7E7C6C61->s2: matchIndex: updateToMax old=2, new=-1, updated? false
2022-08-02 21:05:54,167 [grpc-default-executor-3] DEBUG leader.FollowerInfo (FollowerInfoImpl.java:lambda$new$1(49)) - s0@group-DBBE7E7C6C61->s2: commitIndex: updateToMax old=1, new=1, updated? false
2022-08-02 21:05:54,167 [grpc-default-executor-3] DEBUG leader.FollowerInfo (FollowerInfoImpl.java:lambda$new$1(49)) - s0@group-DBBE7E7C6C61->s2: matchIndex: updateToMax old=2, new=-1, updated? false
2022-08-02 21:05:54,168 [grpc-default-executor-3] DEBUG leader.FollowerInfo (FollowerInfoImpl.java:lambda$new$1(49)) - s0@group-DBBE7E7C6C61->s1: commitIndex: updateToMax old=1, new=1, updated? false
2022-08-02 21:05:54,168 [grpc-default-executor-3] DEBUG leader.FollowerInfo (FollowerInfoImpl.java:lambda$new$1(49)) - s0@group-DBBE7E7C6C61->s1: matchIndex: updateToMax old=2, new=-1, updated? false
2022-08-02 21:05:54,168 [grpc-default-executor-2] DEBUG leader.FollowerInfo (FollowerInfoImpl.java:lambda$new$1(49)) - s0@group-DBBE7E7C6C61->s2: commitIndex: updateToMax old=1, new=1, updated? false
2022-08-02 21:05:54,169 [grpc-default-executor-2] DEBUG leader.FollowerInfo (FollowerInfoImpl.java:lambda$new$1(49)) - s0@group-DBBE7E7C6C61->s2: matchIndex: updateToMax old=2, new=-1, updated? false
2022-08-02 21:05:54,169 [grpc-default-executor-2] DEBUG leader.FollowerInfo (FollowerInfoImpl.java:lambda$new$1(49)) - s0@group-DBBE7E7C6C61->s1: commitIndex: updateToMax old=1, new=1, updated? false
2022-08-02 21:05:54,169 [grpc-default-executor-2] DEBUG leader.FollowerInfo (FollowerInfoImpl.java:lambda$new$1(49)) - s0@group-DBBE7E7C6C61->s1: matchIndex: updateToMax old=2, new=-1, updated? false
2022-08-02 21:05:54,169 [grpc-default-executor-3] DEBUG leader.FollowerInfo (FollowerInfoImpl.java:lambda$new$1(49)) - s0@group-DBBE7E7C6C61->s2: commitIndex: updateToMax old=1, new=1, updated? false
2022-08-02 21:05:54,169 [grpc-default-executor-3] DEBUG leader.FollowerInfo (FollowerInfoImpl.java:lambda$new$1(49)) - s0@group-DBBE7E7C6C61->s2: matchIndex: updateToMax old=2, new=-1, updated? false
2022-08-02 21:05:54,171 [grpc-default-executor-2] DEBUG leader.FollowerInfo (FollowerInfoImpl.java:lambda$new$1(49)) - s0@group-DBBE7E7C6C61->s1: commitIndex: updateToMax old=1, new=1, updated? false
2022-08-02 21:05:54,171 [grpc-default-executor-2] DEBUG leader.FollowerInfo (FollowerInfoImpl.java:lambda$new$1(49)) - s0@group-DBBE7E7C6C61->s1: matchIndex: updateToMax old=2, new=-1, updated? false
2022-08-02 21:05:54,172 [grpc-default-executor-2] DEBUG leader.FollowerInfo (FollowerInfoImpl.java:lambda$new$1(49)) - s0@group-DBBE7E7C6C61->s1: commitIndex: updateToMax old=1, new=1, updated? false
2022-08-02 21:05:54,172 [grpc-default-executor-2] DEBUG leader.FollowerInfo (FollowerInfoImpl.java:lambda$new$1(49)) - s0@group-DBBE7E7C6C61->s1: matchIndex: updateToMax old=2, new=-1, updated? false
2022-08-02 21:05:54,174 [grpc-default-executor-2] DEBUG leader.FollowerInfo (FollowerInfoImpl.java:lambda$new$1(49)) - s0@group-DBBE7E7C6C61->s1: commitIndex: updateToMax old=1, new=1, updated? false
2022-08-02 21:05:54,174 [grpc-default-executor-2] DEBUG leader.FollowerInfo (FollowerInfoImpl.java:lambda$new$1(49)) - s0@group-DBBE7E7C6C61->s1: matchIndex: updateToMax old=2, new=-1, updated? false
2022-08-02 21:05:54,174 [grpc-default-executor-2] DEBUG leader.FollowerInfo (FollowerInfoImpl.java:lambda$new$1(49)) - s0@group-DBBE7E7C6C61->s1: commitIndex: updateToMax old=1, new=1, updated? false
2022-08-02 21:05:54,175 [grpc-default-executor-2] DEBUG leader.FollowerInfo (FollowerInfoImpl.java:lambda$new$1(49)) - s0@group-DBBE7E7C6C61->s1: matchIndex: updateToMax old=2, new=-1, updated? false
2022-08-02 21:05:54,175 [grpc-default-executor-2] DEBUG leader.FollowerInfo (FollowerInfoImpl.java:lambda$new$1(49)) - s0@group-DBBE7E7C6C61->s1: commitIndex: updateToMax old=1, new=1, updated? false
2022-08-02 21:05:54,176 [grpc-default-executor-2] DEBUG leader.FollowerInfo (FollowerInfoImpl.java:lambda$new$1(49)) - s0@group-DBBE7E7C6C61->s1: matchIndex: updateToMax old=2, new=-1, updated? false
2022-08-02 21:05:54,179 [grpc-default-executor-2] DEBUG leader.FollowerInfo (FollowerInfoImpl.java:lambda$new$1(49)) - s0@group-DBBE7E7C6C61->s2: commitIndex: updateToMax old=1, new=1, updated? false
2022-08-02 21:05:54,179 [grpc-default-executor-2] DEBUG leader.FollowerInfo (FollowerInfoImpl.java:lambda$new$1(49)) - s0@group-DBBE7E7C6C61->s2: matchIndex: updateToMax old=2, new=-1, updated? false
2022-08-02 21:05:54,180 [grpc-default-executor-3] DEBUG leader.FollowerInfo (FollowerInfoImpl.java:lambda$new$1(49)) - s0@group-DBBE7E7C6C61->s1: commitIndex: updateToMax old=1, new=1, updated? false
2022-08-02 21:05:54,180 [grpc-default-executor-3] DEBUG leader.FollowerInfo (FollowerInfoImpl.java:lambda$new$1(49)) - s0@group-DBBE7E7C6C61->s1: matchIndex: updateToMax old=2, new=-1, updated? false
2022-08-02 21:05:54,181 [grpc-default-executor-3] DEBUG leader.FollowerInfo (FollowerInfoImpl.java:lambda$new$1(49)) - s0@group-DBBE7E7C6C61->s2: commitIndex: updateToMax old=1, new=1, updated? false
2022-08-02 21:05:54,181 [grpc-default-executor-3] DEBUG leader.FollowerInfo (FollowerInfoImpl.java:lambda$new$1(49)) - s0@group-DBBE7E7C6C61->s2: matchIndex: updateToMax old=2, new=-1, updated? false
2022-08-02 21:05:54,181 [grpc-default-executor-3] DEBUG leader.FollowerInfo (FollowerInfoImpl.java:lambda$new$1(49)) - s0@group-DBBE7E7C6C61->s1: commitIndex: updateToMax old=1, new=1, updated? false
2022-08-02 21:05:54,181 [grpc-default-executor-3] DEBUG leader.FollowerInfo (FollowerInfoImpl.java:lambda$new$1(49)) - s0@group-DBBE7E7C6C61->s1: matchIndex: updateToMax old=2, new=-1, updated? false
2022-08-02 21:05:54,182 [grpc-default-executor-2] DEBUG leader.FollowerInfo (FollowerInfoImpl.java:lambda$new$1(49)) - s0@group-DBBE7E7C6C61->s2: commitIndex: updateToMax old=1, new=1, updated? false
2022-08-02 21:05:54,182 [grpc-default-executor-2] DEBUG leader.FollowerInfo (FollowerInfoImpl.java:lambda$new$1(49)) - s0@group-DBBE7E7C6C61->s2: matchIndex: updateToMax old=2, new=-1, updated? false
2022-08-02 21:05:54,183 [grpc-default-executor-3] DEBUG leader.FollowerInfo (FollowerInfoImpl.java:lambda$new$1(49)) - s0@group-DBBE7E7C6C61->s1: commitIndex: updateToMax old=1, new=1, updated? false
2022-08-02 21:05:54,183 [grpc-default-executor-3] DEBUG leader.FollowerInfo (FollowerInfoImpl.java:lambda$new$1(49)) - s0@group-DBBE7E7C6C61->s1: matchIndex: updateToMax old=2, new=-1, updated? false
2022-08-02 21:05:54,183 [grpc-default-executor-2] DEBUG leader.FollowerInfo (FollowerInfoImpl.java:lambda$new$1(49)) - s0@group-DBBE7E7C6C61->s2: commitIndex: updateToMax old=1, new=1, updated? false
2022-08-02 21:05:54,183 [grpc-default-executor-2] DEBUG leader.FollowerInfo (FollowerInfoImpl.java:lambda$new$1(49)) - s0@group-DBBE7E7C6C61->s2: matchIndex: updateToMax old=2, new=-1, updated? false
2022-08-02 21:05:54,184 [grpc-default-executor-2] DEBUG leader.FollowerInfo (FollowerInfoImpl.java:lambda$new$1(49)) - s0@group-DBBE7E7C6C61->s1: commitIndex: updateToMax old=1, new=1, updated? false
2022-08-02 21:05:54,184 [grpc-default-executor-2] DEBUG leader.FollowerInfo (FollowerInfoImpl.java:lambda$new$1(49)) - s0@group-DBBE7E7C6C61->s1: matchIndex: updateToMax old=2, new=-1, updated? false
2022-08-02 21:05:54,185 [grpc-default-executor-3] DEBUG leader.FollowerInfo (FollowerInfoImpl.java:lambda$new$1(49)) - s0@group-DBBE7E7C6C61->s2: commitIndex: updateToMax old=1, new=1, updated? false
2022-08-02 21:05:54,185 [grpc-default-executor-3] DEBUG leader.FollowerInfo (FollowerInfoImpl.java:lambda$new$1(49)) - s0@group-DBBE7E7C6C61->s2: matchIndex: updateToMax old=2, new=-1, updated? false
2022-08-02 21:05:54,185 [grpc-default-executor-3] DEBUG leader.FollowerInfo (FollowerInfoImpl.java:lambda$new$1(49)) - s0@group-DBBE7E7C6C61->s1: commitIndex: updateToMax old=1, new=1, updated? false
2022-08-02 21:05:54,185 [grpc-default-executor-3] DEBUG leader.FollowerInfo (FollowerInfoImpl.java:lambda$new$1(49)) - s0@group-DBBE7E7C6C61->s1: matchIndex: updateToMax old=2, new=-1, updated? false
2022-08-02 21:05:54,186 [grpc-default-executor-2] DEBUG leader.FollowerInfo (FollowerInfoImpl.java:lambda$new$1(49)) - s0@group-DBBE7E7C6C61->s2: commitIndex: updateToMax old=1, new=1, updated? false
2022-08-02 21:05:54,186 [grpc-default-executor-2] DEBUG leader.FollowerInfo (FollowerInfoImpl.java:lambda$new$1(49)) - s0@group-DBBE7E7C6C61->s2: matchIndex: updateToMax old=2, new=-1, updated? false
2022-08-02 21:05:54,187 [grpc-default-executor-2] DEBUG leader.FollowerInfo (FollowerInfoImpl.java:lambda$new$1(49)) - s0@group-DBBE7E7C6C61->s1: commitIndex: updateToMax old=1, new=1, updated? false
2022-08-02 21:05:54,187 [grpc-default-executor-2] DEBUG leader.FollowerInfo (FollowerInfoImpl.java:lambda$new$1(49)) - s0@group-DBBE7E7C6C61->s1: matchIndex: updateToMax old=2, new=-1, updated? false
2022-08-02 21:05:54,188 [grpc-default-executor-3] DEBUG leader.FollowerInfo (FollowerInfoImpl.java:lambda$new$1(49)) - s0@group-DBBE7E7C6C61->s2: commitIndex: updateToMax old=1, new=1, updated? false
2022-08-02 21:05:54,188 [grpc-default-executor-3] DEBUG leader.FollowerInfo (FollowerInfoImpl.java:lambda$new$1(49)) - s0@group-DBBE7E7C6C61->s2: matchIndex: updateToMax old=2, new=-1, updated? false
2022-08-02 21:05:54,188 [grpc-default-executor-3] DEBUG leader.FollowerInfo (FollowerInfoImpl.java:lambda$new$1(49)) - s0@group-DBBE7E7C6C61->s1: commitIndex: updateToMax old=1, new=1, updated? false
2022-08-02 21:05:54,188 [grpc-default-executor-3] DEBUG leader.FollowerInfo (FollowerInfoImpl.java:lambda$new$1(49)) - s0@group-DBBE7E7C6C61->s1: matchIndex: updateToMax old=2, new=-1, updated? false
2022-08-02 21:05:54,188 [grpc-default-executor-3] DEBUG leader.FollowerInfo (FollowerInfoImpl.java:lambda$new$1(49)) - s0@group-DBBE7E7C6C61->s2: commitIndex: updateToMax old=1, new=1, updated? false
2022-08-02 21:05:54,189 [grpc-default-executor-3] DEBUG leader.FollowerInfo (FollowerInfoImpl.java:lambda$new$1(49)) - s0@group-DBBE7E7C6C61->s2: matchIndex: updateToMax old=2, new=-1, updated? false
2022-08-02 21:05:54,189 [grpc-default-executor-2] DEBUG leader.FollowerInfo (FollowerInfoImpl.java:lambda$new$1(49)) - s0@group-DBBE7E7C6C61->s1: commitIndex: updateToMax old=1, new=1, updated? false
2022-08-02 21:05:54,189 [grpc-default-executor-2] DEBUG leader.FollowerInfo (FollowerInfoImpl.java:lambda$new$1(49)) - s0@group-DBBE7E7C6C61->s1: matchIndex: updateToMax old=2, new=-1, updated? false
2022-08-02 21:05:54,191 [grpc-default-executor-3] DEBUG leader.FollowerInfo (FollowerInfoImpl.java:lambda$new$1(49)) - s0@group-DBBE7E7C6C61->s2: commitIndex: updateToMax old=1, new=1, updated? false
2022-08-02 21:05:54,191 [grpc-default-executor-3] DEBUG leader.FollowerInfo (FollowerInfoImpl.java:lambda$new$1(49)) - s0@group-DBBE7E7C6C61->s2: matchIndex: updateToMax old=2, new=-1, updated? false
2022-08-02 21:05:54,191 [grpc-default-executor-3] DEBUG leader.FollowerInfo (FollowerInfoImpl.java:lambda$new$1(49)) - s0@group-DBBE7E7C6C61->s1: commitIndex: updateToMax old=1, new=1, updated? false
2022-08-02 21:05:54,191 [grpc-default-executor-3] DEBUG leader.FollowerInfo (FollowerInfoImpl.java:lambda$new$1(49)) - s0@group-DBBE7E7C6C61->s1: matchIndex: updateToMax old=2, new=-1, updated? false
2022-08-02 21:05:54,192 [grpc-default-executor-2] DEBUG leader.FollowerInfo (FollowerInfoImpl.java:lambda$new$1(49)) - s0@group-DBBE7E7C6C61->s2: commitIndex: updateToMax old=1, new=1, updated? false
2022-08-02 21:05:54,192 [grpc-default-executor-2] DEBUG leader.FollowerInfo (FollowerInfoImpl.java:lambda$new$1(49)) - s0@group-DBBE7E7C6C61->s2: matchIndex: updateToMax old=2, new=-1, updated? false
2022-08-02 21:05:54,192 [grpc-default-executor-2] DEBUG leader.FollowerInfo (FollowerInfoImpl.java:lambda$new$1(49)) - s0@group-DBBE7E7C6C61->s1: commitIndex: updateToMax old=1, new=1, updated? false
2022-08-02 21:05:54,192 [grpc-default-executor-2] DEBUG leader.FollowerInfo (FollowerInfoImpl.java:lambda$new$1(49)) - s0@group-DBBE7E7C6C61->s1: matchIndex: updateToMax old=2, new=-1, updated? false
2022-08-02 21:05:54,193 [grpc-default-executor-3] DEBUG leader.FollowerInfo (FollowerInfoImpl.java:lambda$new$1(49)) - s0@group-DBBE7E7C6C61->s2: commitIndex: updateToMax old=1, new=1, updated? false
2022-08-02 21:05:54,193 [grpc-default-executor-3] DEBUG leader.FollowerInfo (FollowerInfoImpl.java:lambda$new$1(49)) - s0@group-DBBE7E7C6C61->s2: matchIndex: updateToMax old=2, new=-1, updated? false
2022-08-02 21:05:54,194 [grpc-default-executor-2] DEBUG leader.FollowerInfo (FollowerInfoImpl.java:lambda$new$1(49)) - s0@group-DBBE7E7C6C61->s1: commitIndex: updateToMax old=1, new=1, updated? false
2022-08-02 21:05:54,194 [grpc-default-executor-2] DEBUG leader.FollowerInfo (FollowerInfoImpl.java:lambda$new$1(49)) - s0@group-DBBE7E7C6C61->s1: matchIndex: updateToMax old=2, new=-1, updated? false
2022-08-02 21:05:54,195 [grpc-default-executor-3] DEBUG leader.FollowerInfo (FollowerInfoImpl.java:lambda$new$1(49)) - s0@group-DBBE7E7C6C61->s2: commitIndex: updateToMax old=1, new=1, updated? false
2022-08-02 21:05:54,195 [grpc-default-executor-3] DEBUG leader.FollowerInfo (FollowerInfoImpl.java:lambda$new$1(49)) - s0@group-DBBE7E7C6C61->s2: matchIndex: updateToMax old=2, new=-1, updated? false
2022-08-02 21:05:54,195 [grpc-default-executor-2] DEBUG leader.FollowerInfo (FollowerInfoImpl.java:lambda$new$1(49)) - s0@group-DBBE7E7C6C61->s1: commitIndex: updateToMax old=1, new=1, updated? false
2022-08-02 21:05:54,195 [grpc-default-executor-2] DEBUG leader.FollowerInfo (FollowerInfoImpl.java:lambda$new$1(49)) - s0@group-DBBE7E7C6C61->s1: matchIndex: updateToMax old=2, new=-1, updated? false
2022-08-02 21:05:54,196 [grpc-default-executor-3] DEBUG leader.FollowerInfo (FollowerInfoImpl.java:lambda$new$1(49)) - s0@group-DBBE7E7C6C61->s2: commitIndex: updateToMax old=1, new=1, updated? false
2022-08-02 21:05:54,196 [grpc-default-executor-3] DEBUG leader.FollowerInfo (FollowerInfoImpl.java:lambda$new$1(49)) - s0@group-DBBE7E7C6C61->s2: matchIndex: updateToMax old=2, new=-1, updated? false
2022-08-02 21:05:54,197 [grpc-default-executor-2] DEBUG leader.FollowerInfo (FollowerInfoImpl.java:lambda$new$1(49)) - s0@group-DBBE7E7C6C61->s1: commitIndex: updateToMax old=1, new=1, updated? false
2022-08-02 21:05:54,197 [grpc-default-executor-2] DEBUG leader.FollowerInfo (FollowerInfoImpl.java:lambda$new$1(49)) - s0@group-DBBE7E7C6C61->s1: matchIndex: updateToMax old=2, new=-1, updated? false
2022-08-02 21:05:54,198 [grpc-default-executor-3] DEBUG leader.FollowerInfo (FollowerInfoImpl.java:lambda$new$1(49)) - s0@group-DBBE7E7C6C61->s2: commitIndex: updateToMax old=1, new=1, updated? false
2022-08-02 21:05:54,198 [grpc-default-executor-3] DEBUG leader.FollowerInfo (FollowerInfoImpl.java:lambda$new$1(49)) - s0@group-DBBE7E7C6C61->s2: matchIndex: updateToMax old=2, new=-1, updated? false
2022-08-02 21:05:54,198 [grpc-default-executor-2] DEBUG leader.FollowerInfo (FollowerInfoImpl.java:lambda$new$1(49)) - s0@group-DBBE7E7C6C61->s1: commitIndex: updateToMax old=1, new=1, updated? false
2022-08-02 21:05:54,198 [grpc-default-executor-2] DEBUG leader.FollowerInfo (FollowerInfoImpl.java:lambda$new$1(49)) - s0@group-DBBE7E7C6C61->s1: matchIndex: updateToMax old=2, new=-1, updated? false
2022-08-02 21:05:54,199 [grpc-default-executor-3] DEBUG leader.FollowerInfo (FollowerInfoImpl.java:lambda$new$1(49)) - s0@group-DBBE7E7C6C61->s2: commitIndex: updateToMax old=1, new=1, updated? false
2022-08-02 21:05:54,199 [grpc-default-executor-3] DEBUG leader.FollowerInfo (FollowerInfoImpl.java:lambda$new$1(49)) - s0@group-DBBE7E7C6C61->s2: matchIndex: updateToMax old=2, new=-1, updated? false
2022-08-02 21:05:54,200 [grpc-default-executor-2] DEBUG leader.FollowerInfo (FollowerInfoImpl.java:lambda$new$1(49)) - s0@group-DBBE7E7C6C61->s1: commitIndex: updateToMax old=1, new=1, updated? false
2022-08-02 21:05:54,200 [grpc-default-executor-2] DEBUG leader.FollowerInfo (FollowerInfoImpl.java:lambda$new$1(49)) - s0@group-DBBE7E7C6C61->s1: matchIndex: updateToMax old=2, new=-1, updated? false
2022-08-02 21:05:54,200 [grpc-default-executor-3] DEBUG leader.FollowerInfo (FollowerInfoImpl.java:lambda$new$1(49)) - s0@group-DBBE7E7C6C61->s2: commitIndex: updateToMax old=1, new=1, updated? false
2022-08-02 21:05:54,201 [grpc-default-executor-3] DEBUG leader.FollowerInfo (FollowerInfoImpl.java:lambda$new$1(49)) - s0@group-DBBE7E7C6C61->s2: matchIndex: updateToMax old=2, new=-1, updated? false
2022-08-02 21:05:54,201 [grpc-default-executor-3] DEBUG leader.FollowerInfo (FollowerInfoImpl.java:lambda$new$1(49)) - s0@group-DBBE7E7C6C61->s1: commitIndex: updateToMax old=1, new=1, updated? false
2022-08-02 21:05:54,201 [grpc-default-executor-3] DEBUG leader.FollowerInfo (FollowerInfoImpl.java:lambda$new$1(49)) - s0@group-DBBE7E7C6C61->s1: matchIndex: updateToMax old=2, new=-1, updated? false
2022-08-02 21:05:54,202 [grpc-default-executor-3] DEBUG leader.FollowerInfo (FollowerInfoImpl.java:lambda$new$1(49)) - s0@group-DBBE7E7C6C61->s2: commitIndex: updateToMax old=1, new=1, updated? false
2022-08-02 21:05:54,202 [grpc-default-executor-3] DEBUG leader.FollowerInfo (FollowerInfoImpl.java:lambda$new$1(49)) - s0@group-DBBE7E7C6C61->s2: matchIndex: updateToMax old=2, new=-1, updated? false
2022-08-02 21:05:54,202 [grpc-default-executor-3] DEBUG leader.FollowerInfo (FollowerInfoImpl.java:lambda$new$1(49)) - s0@group-DBBE7E7C6C61->s1: commitIndex: updateToMax old=1, new=1, updated? false
2022-08-02 21:05:54,202 [grpc-default-executor-3] DEBUG leader.FollowerInfo (FollowerInfoImpl.java:lambda$new$1(49)) - s0@group-DBBE7E7C6C61->s1: matchIndex: updateToMax old=2, new=-1, updated? false
2022-08-02 21:05:54,203 [grpc-default-executor-3] DEBUG leader.FollowerInfo (FollowerInfoImpl.java:lambda$new$1(49)) - s0@group-DBBE7E7C6C61->s2: commitIndex: updateToMax old=1, new=1, updated? false
2022-08-02 21:05:54,203 [grpc-default-executor-3] DEBUG leader.FollowerInfo (FollowerInfoImpl.java:lambda$new$1(49)) - s0@group-DBBE7E7C6C61->s2: matchIndex: updateToMax old=2, new=-1, updated? false
2022-08-02 21:05:54,203 [grpc-default-executor-2] DEBUG leader.FollowerInfo (FollowerInfoImpl.java:lambda$new$1(49)) - s0@group-DBBE7E7C6C61->s1: commitIndex: updateToMax old=1, new=1, updated? false
2022-08-02 21:05:54,204 [grpc-default-executor-2] DEBUG leader.FollowerInfo (FollowerInfoImpl.java:lambda$new$1(49)) - s0@group-DBBE7E7C6C61->s1: matchIndex: updateToMax old=2, new=-1, updated? false
2022-08-02 21:05:54,205 [grpc-default-executor-3] DEBUG leader.FollowerInfo (FollowerInfoImpl.java:lambda$new$1(49)) - s0@group-DBBE7E7C6C61->s2: commitIndex: updateToMax old=1, new=1, updated? false
2022-08-02 21:05:54,205 [grpc-default-executor-3] DEBUG leader.FollowerInfo (FollowerInfoImpl.java:lambda$new$1(49)) - s0@group-DBBE7E7C6C61->s2: matchIndex: updateToMax old=2, new=-1, updated? false
2022-08-02 21:05:54,205 [grpc-default-executor-2] DEBUG leader.FollowerInfo (FollowerInfoImpl.java:lambda$new$1(49)) - s0@group-DBBE7E7C6C61->s1: commitIndex: updateToMax old=1, new=1, updated? false
2022-08-02 21:05:54,206 [grpc-default-executor-2] DEBUG leader.FollowerInfo (FollowerInfoImpl.java:lambda$new$1(49)) - s0@group-DBBE7E7C6C61->s1: matchIndex: updateToMax old=2, new=-1, updated? false
2022-08-02 21:05:54,206 [grpc-default-executor-3] DEBUG leader.FollowerInfo (FollowerInfoImpl.java:lambda$new$1(49)) - s0@group-DBBE7E7C6C61->s2: commitIndex: updateToMax old=1, new=1, updated? false
2022-08-02 21:05:54,206 [grpc-default-executor-3] DEBUG leader.FollowerInfo (FollowerInfoImpl.java:lambda$new$1(49)) - s0@group-DBBE7E7C6C61->s2: matchIndex: updateToMax old=2, new=-1, updated? false
2022-08-02 21:05:54,207 [grpc-default-executor-2] DEBUG leader.FollowerInfo (FollowerInfoImpl.java:lambda$new$1(49)) - s0@group-DBBE7E7C6C61->s1: commitIndex: updateToMax old=1, new=1, updated? false
2022-08-02 21:05:54,207 [grpc-default-executor-2] DEBUG leader.FollowerInfo (FollowerInfoImpl.java:lambda$new$1(49)) - s0@group-DBBE7E7C6C61->s1: matchIndex: updateToMax old=2, new=-1, updated? false
2022-08-02 21:05:54,208 [grpc-default-executor-3] DEBUG leader.FollowerInfo (FollowerInfoImpl.java:lambda$new$1(49)) - s0@group-DBBE7E7C6C61->s2: commitIndex: updateToMax old=1, new=1, updated? false
2022-08-02 21:05:54,208 [grpc-default-executor-3] DEBUG leader.FollowerInfo (FollowerInfoImpl.java:lambda$new$1(49)) - s0@group-DBBE7E7C6C61->s2: matchIndex: updateToMax old=2, new=-1, updated? false
2022-08-02 21:05:54,208 [grpc-default-executor-3] DEBUG leader.FollowerInfo (FollowerInfoImpl.java:lambda$new$1(49)) - s0@group-DBBE7E7C6C61->s1: commitIndex: updateToMax old=1, new=1, updated? false
2022-08-02 21:05:54,208 [grpc-default-executor-3] DEBUG leader.FollowerInfo (FollowerInfoImpl.java:lambda$new$1(49)) - s0@group-DBBE7E7C6C61->s1: matchIndex: updateToMax old=2, new=-1, updated? false
2022-08-02 21:05:54,209 [grpc-default-executor-3] DEBUG leader.FollowerInfo (FollowerInfoImpl.java:lambda$new$1(49)) - s0@group-DBBE7E7C6C61->s2: commitIndex: updateToMax old=1, new=1, updated? false
2022-08-02 21:05:54,209 [grpc-default-executor-3] DEBUG leader.FollowerInfo (FollowerInfoImpl.java:lambda$new$1(49)) - s0@group-DBBE7E7C6C61->s2: matchIndex: updateToMax old=2, new=-1, updated? false
2022-08-02 21:05:54,209 [grpc-default-executor-3] DEBUG leader.FollowerInfo (FollowerInfoImpl.java:lambda$new$1(49)) - s0@group-DBBE7E7C6C61->s1: commitIndex: updateToMax old=1, new=1, updated? false
2022-08-02 21:05:54,210 [grpc-default-executor-3] DEBUG leader.FollowerInfo (FollowerInfoImpl.java:lambda$new$1(49)) - s0@group-DBBE7E7C6C61->s1: matchIndex: updateToMax old=2, new=-1, updated? false
2022-08-02 21:05:54,210 [grpc-default-executor-3] DEBUG leader.FollowerInfo (FollowerInfoImpl.java:lambda$new$1(49)) - s0@group-DBBE7E7C6C61->s2: commitIndex: updateToMax old=1, new=1, updated? false
2022-08-02 21:05:54,210 [grpc-default-executor-3] DEBUG leader.FollowerInfo (FollowerInfoImpl.java:lambda$new$1(49)) - s0@group-DBBE7E7C6C61->s2: matchIndex: updateToMax old=2, new=-1, updated? false
2022-08-02 21:05:54,211 [grpc-default-executor-2] DEBUG leader.FollowerInfo (FollowerInfoImpl.java:lambda$new$1(49)) - s0@group-DBBE7E7C6C61->s1: commitIndex: updateToMax old=1, new=1, updated? false
2022-08-02 21:05:54,211 [grpc-default-executor-2] DEBUG leader.FollowerInfo (FollowerInfoImpl.java:lambda$new$1(49)) - s0@group-DBBE7E7C6C61->s1: matchIndex: updateToMax old=2, new=-1, updated? false
2022-08-02 21:05:54,211 [grpc-default-executor-3] DEBUG leader.FollowerInfo (FollowerInfoImpl.java:lambda$new$1(49)) - s0@group-DBBE7E7C6C61->s2: commitIndex: updateToMax old=1, new=1, updated? false
2022-08-02 21:05:54,212 [grpc-default-executor-3] DEBUG leader.FollowerInfo (FollowerInfoImpl.java:lambda$new$1(49)) - s0@group-DBBE7E7C6C61->s2: matchIndex: updateToMax old=2, new=-1, updated? false
2022-08-02 21:05:54,215 [grpc-default-executor-2] DEBUG leader.FollowerInfo (FollowerInfoImpl.java:lambda$new$1(49)) - s0@group-DBBE7E7C6C61->s1: commitIndex: updateToMax old=1, new=1, updated? false
2022-08-02 21:05:54,215 [grpc-default-executor-2] DEBUG leader.FollowerInfo (FollowerInfoImpl.java:lambda$new$1(49)) - s0@group-DBBE7E7C6C61->s1: matchIndex: updateToMax old=2, new=-1, updated? false
2022-08-02 21:05:54,216 [grpc-default-executor-3] DEBUG leader.FollowerInfo (FollowerInfoImpl.java:lambda$new$1(49)) - s0@group-DBBE7E7C6C61->s2: commitIndex: updateToMax old=1, new=1, updated? false
2022-08-02 21:05:54,216 [grpc-default-executor-3] DEBUG leader.FollowerInfo (FollowerInfoImpl.java:lambda$new$1(49)) - s0@group-DBBE7E7C6C61->s2: matchIndex: updateToMax old=2, new=-1, updated? false
2022-08-02 21:05:54,217 [grpc-default-executor-2] DEBUG leader.FollowerInfo (FollowerInfoImpl.java:lambda$new$1(49)) - s0@group-DBBE7E7C6C61->s1: commitIndex: updateToMax old=1, new=1, updated? false
2022-08-02 21:05:54,217 [grpc-default-executor-2] DEBUG leader.FollowerInfo (FollowerInfoImpl.java:lambda$new$1(49)) - s0@group-DBBE7E7C6C61->s1: matchIndex: updateToMax old=2, new=-1, updated? false
2022-08-02 21:05:54,218 [grpc-default-executor-3] DEBUG leader.FollowerInfo (FollowerInfoImpl.java:lambda$new$1(49)) - s0@group-DBBE7E7C6C61->s2: commitIndex: updateToMax old=1, new=1, updated? false
2022-08-02 21:05:54,218 [grpc-default-executor-3] DEBUG leader.FollowerInfo (FollowerInfoImpl.java:lambda$new$1(49)) - s0@group-DBBE7E7C6C61->s2: matchIndex: updateToMax old=2, new=-1, updated? false
2022-08-02 21:05:54,219 [grpc-default-executor-2] DEBUG leader.FollowerInfo (FollowerInfoImpl.java:lambda$new$1(49)) - s0@group-DBBE7E7C6C61->s1: commitIndex: updateToMax old=1, new=1, updated? false
2022-08-02 21:05:54,219 [grpc-default-executor-2] DEBUG leader.FollowerInfo (FollowerInfoImpl.java:lambda$new$1(49)) - s0@group-DBBE7E7C6C61->s1: matchIndex: updateToMax old=2, new=-1, updated? false
2022-08-02 21:05:54,220 [grpc-default-executor-3] DEBUG leader.FollowerInfo (FollowerInfoImpl.java:lambda$new$1(49)) - s0@group-DBBE7E7C6C61->s2: commitIndex: updateToMax old=1, new=1, updated? false
2022-08-02 21:05:54,220 [grpc-default-executor-3] DEBUG leader.FollowerInfo (FollowerInfoImpl.java:lambda$new$1(49)) - s0@group-DBBE7E7C6C61->s2: matchIndex: updateToMax old=2, new=-1, updated? false
2022-08-02 21:05:54,221 [grpc-default-executor-2] DEBUG leader.FollowerInfo (FollowerInfoImpl.java:lambda$new$1(49)) - s0@group-DBBE7E7C6C61->s1: commitIndex: updateToMax old=1, new=1, updated? false
2022-08-02 21:05:54,221 [grpc-default-executor-2] DEBUG leader.FollowerInfo (FollowerInfoImpl.java:lambda$new$1(49)) - s0@group-DBBE7E7C6C61->s1: matchIndex: updateToMax old=2, new=-1, updated? false
2022-08-02 21:05:54,222 [grpc-default-executor-3] DEBUG leader.FollowerInfo (FollowerInfoImpl.java:lambda$new$1(49)) - s0@group-DBBE7E7C6C61->s2: commitIndex: updateToMax old=1, new=1, updated? false
2022-08-02 21:05:54,222 [grpc-default-executor-3] DEBUG leader.FollowerInfo (FollowerInfoImpl.java:lambda$new$1(49)) - s0@group-DBBE7E7C6C61->s2: matchIndex: updateToMax old=2, new=-1, updated? false
2022-08-02 21:05:54,223 [grpc-default-executor-2] DEBUG leader.FollowerInfo (FollowerInfoImpl.java:lambda$new$1(49)) - s0@group-DBBE7E7C6C61->s1: commitIndex: updateToMax old=1, new=1, updated? false
2022-08-02 21:05:54,223 [grpc-default-executor-2] DEBUG leader.FollowerInfo (FollowerInfoImpl.java:lambda$new$1(49)) - s0@group-DBBE7E7C6C61->s1: matchIndex: updateToMax old=2, new=-1, updated? false
2022-08-02 21:05:54,224 [grpc-default-executor-3] DEBUG leader.FollowerInfo (FollowerInfoImpl.java:lambda$new$1(49)) - s0@group-DBBE7E7C6C61->s2: commitIndex: updateToMax old=1, new=1, updated? false
2022-08-02 21:05:54,224 [grpc-default-executor-3] DEBUG leader.FollowerInfo (FollowerInfoImpl.java:lambda$new$1(49)) - s0@group-DBBE7E7C6C61->s2: matchIndex: updateToMax old=2, new=-1, updated? false
2022-08-02 21:05:54,224 [grpc-default-executor-2] DEBUG leader.FollowerInfo (FollowerInfoImpl.java:lambda$new$1(49)) - s0@group-DBBE7E7C6C61->s1: commitIndex: updateToMax old=1, new=1, updated? false
2022-08-02 21:05:54,224 [grpc-default-executor-2] DEBUG leader.FollowerInfo (FollowerInfoImpl.java:lambda$new$1(49)) - s0@group-DBBE7E7C6C61->s1: matchIndex: updateToMax old=2, new=-1, updated? false
2022-08-02 21:05:54,225 [grpc-default-executor-3] DEBUG leader.FollowerInfo (FollowerInfoImpl.java:lambda$new$1(49)) - s0@group-DBBE7E7C6C61->s2: commitIndex: updateToMax old=1, new=1, updated? false
2022-08-02 21:05:54,225 [grpc-default-executor-3] DEBUG leader.FollowerInfo (FollowerInfoImpl.java:lambda$new$1(49)) - s0@group-DBBE7E7C6C61->s2: matchIndex: updateToMax old=2, new=-1, updated? false
2022-08-02 21:05:54,226 [grpc-default-executor-2] DEBUG leader.FollowerInfo (FollowerInfoImpl.java:lambda$new$1(49)) - s0@group-DBBE7E7C6C61->s1: commitIndex: updateToMax old=1, new=1, updated? false
2022-08-02 21:05:54,226 [grpc-default-executor-2] DEBUG leader.FollowerInfo (FollowerInfoImpl.java:lambda$new$1(49)) - s0@group-DBBE7E7C6C61->s1: matchIndex: updateToMax old=2, new=-1, updated? false
2022-08-02 21:05:54,227 [grpc-default-executor-3] DEBUG leader.FollowerInfo (FollowerInfoImpl.java:lambda$new$1(49)) - s0@group-DBBE7E7C6C61->s2: commitIndex: updateToMax old=1, new=1, updated? false
2022-08-02 21:05:54,227 [grpc-default-executor-3] DEBUG leader.FollowerInfo (FollowerInfoImpl.java:lambda$new$1(49)) - s0@group-DBBE7E7C6C61->s2: matchIndex: updateToMax old=2, new=-1, updated? false
2022-08-02 21:05:54,228 [grpc-default-executor-2] DEBUG leader.FollowerInfo (FollowerInfoImpl.java:lambda$new$1(49)) - s0@group-DBBE7E7C6C61->s1: commitIndex: updateToMax old=1, new=1, updated? false
2022-08-02 21:05:54,228 [grpc-default-executor-2] DEBUG leader.FollowerInfo (FollowerInfoImpl.java:lambda$new$1(49)) - s0@group-DBBE7E7C6C61->s1: matchIndex: updateToMax old=2, new=-1, updated? false
2022-08-02 21:05:54,229 [grpc-default-executor-3] DEBUG leader.FollowerInfo (FollowerInfoImpl.java:lambda$new$1(49)) - s0@group-DBBE7E7C6C61->s2: commitIndex: updateToMax old=1, new=1, updated? false
2022-08-02 21:05:54,229 [grpc-default-executor-3] DEBUG leader.FollowerInfo (FollowerInfoImpl.java:lambda$new$1(49)) - s0@group-DBBE7E7C6C61->s2: matchIndex: updateToMax old=2, new=-1, updated? false
2022-08-02 21:05:54,229 [grpc-default-executor-2] DEBUG leader.FollowerInfo (FollowerInfoImpl.java:lambda$new$1(49)) - s0@group-DBBE7E7C6C61->s1: commitIndex: updateToMax old=1, new=1, updated? false
2022-08-02 21:05:54,229 [grpc-default-executor-2] DEBUG leader.FollowerInfo (FollowerInfoImpl.java:lambda$new$1(49)) - s0@group-DBBE7E7C6C61->s1: matchIndex: updateToMax old=2, new=-1, updated? false
2022-08-02 21:05:54,230 [grpc-default-executor-3] DEBUG leader.FollowerInfo (FollowerInfoImpl.java:lambda$new$1(49)) - s0@group-DBBE7E7C6C61->s2: commitIndex: updateToMax old=1, new=1, updated? false
2022-08-02 21:05:54,230 [grpc-default-executor-3] DEBUG leader.FollowerInfo (FollowerInfoImpl.java:lambda$new$1(49)) - s0@group-DBBE7E7C6C61->s2: matchIndex: updateToMax old=2, new=-1, updated? false
2022-08-02 21:05:54,231 [grpc-default-executor-2] DEBUG leader.FollowerInfo (FollowerInfoImpl.java:lambda$new$1(49)) - s0@group-DBBE7E7C6C61->s1: commitIndex: updateToMax old=1, new=1, updated? false
2022-08-02 21:05:54,231 [grpc-default-executor-2] DEBUG leader.FollowerInfo (FollowerInfoImpl.java:lambda$new$1(49)) - s0@group-DBBE7E7C6C61->s1: matchIndex: updateToMax old=2, new=-1, updated? false
2022-08-02 21:05:54,232 [grpc-default-executor-3] DEBUG leader.FollowerInfo (FollowerInfoImpl.java:lambda$new$1(49)) - s0@group-DBBE7E7C6C61->s2: commitIndex: updateToMax old=1, new=1, updated? false
2022-08-02 21:05:54,232 [grpc-default-executor-3] DEBUG leader.FollowerInfo (FollowerInfoImpl.java:lambda$new$1(49)) - s0@group-DBBE7E7C6C61->s2: matchIndex: updateToMax old=2, new=-1, updated? false
2022-08-02 21:05:54,233 [grpc-default-executor-2] DEBUG leader.FollowerInfo (FollowerInfoImpl.java:lambda$new$1(49)) - s0@group-DBBE7E7C6C61->s1: commitIndex: updateToMax old=1, new=1, updated? false
2022-08-02 21:05:54,233 [grpc-default-executor-2] DEBUG leader.FollowerInfo (FollowerInfoImpl.java:lambda$new$1(49)) - s0@group-DBBE7E7C6C61->s1: matchIndex: updateToMax old=2, new=-1, updated? false
2022-08-02 21:05:54,233 [grpc-default-executor-3] DEBUG leader.FollowerInfo (FollowerInfoImpl.java:lambda$new$1(49)) - s0@group-DBBE7E7C6C61->s2: commitIndex: updateToMax old=1, new=1, updated? false
2022-08-02 21:05:54,233 [grpc-default-executor-3] DEBUG leader.FollowerInfo (FollowerInfoImpl.java:lambda$new$1(49)) - s0@group-DBBE7E7C6C61->s2: matchIndex: updateToMax old=2, new=-1, updated? false
2022-08-02 21:05:54,234 [grpc-default-executor-2] DEBUG leader.FollowerInfo (FollowerInfoImpl.java:lambda$new$1(49)) - s0@group-DBBE7E7C6C61->s1: commitIndex: updateToMax old=1, new=1, updated? false
2022-08-02 21:05:54,234 [grpc-default-executor-2] DEBUG leader.FollowerInfo (FollowerInfoImpl.java:lambda$new$1(49)) - s0@group-DBBE7E7C6C61->s1: matchIndex: updateToMax old=2, new=-1, updated? false
2022-08-02 21:05:54,235 [grpc-default-executor-3] DEBUG leader.FollowerInfo (FollowerInfoImpl.java:lambda$new$1(49)) - s0@group-DBBE7E7C6C61->s2: commitIndex: updateToMax old=1, new=1, updated? false
2022-08-02 21:05:54,235 [grpc-default-executor-3] DEBUG leader.FollowerInfo (FollowerInfoImpl.java:lambda$new$1(49)) - s0@group-DBBE7E7C6C61->s2: matchIndex: updateToMax old=2, new=-1, updated? false
2022-08-02 21:05:54,236 [grpc-default-executor-2] DEBUG leader.FollowerInfo (FollowerInfoImpl.java:lambda$new$1(49)) - s0@group-DBBE7E7C6C61->s1: commitIndex: updateToMax old=1, new=1, updated? false
2022-08-02 21:05:54,236 [grpc-default-executor-2] DEBUG leader.FollowerInfo (FollowerInfoImpl.java:lambda$new$1(49)) - s0@group-DBBE7E7C6C61->s1: matchIndex: updateToMax old=2, new=-1, updated? false
2022-08-02 21:05:54,237 [grpc-default-executor-3] DEBUG leader.FollowerInfo (FollowerInfoImpl.java:lambda$new$1(49)) - s0@group-DBBE7E7C6C61->s2: commitIndex: updateToMax old=1, new=1, updated? false
2022-08-02 21:05:54,237 [grpc-default-executor-3] DEBUG leader.FollowerInfo (FollowerInfoImpl.java:lambda$new$1(49)) - s0@group-DBBE7E7C6C61->s2: matchIndex: updateToMax old=2, new=-1, updated? false
2022-08-02 21:05:54,237 [grpc-default-executor-2] DEBUG leader.FollowerInfo (FollowerInfoImpl.java:lambda$new$1(49)) - s0@group-DBBE7E7C6C61->s1: commitIndex: updateToMax old=1, new=1, updated? false
2022-08-02 21:05:54,238 [grpc-default-executor-2] DEBUG leader.FollowerInfo (FollowerInfoImpl.java:lambda$new$1(49)) - s0@group-DBBE7E7C6C61->s1: matchIndex: updateToMax old=2, new=-1, updated? false
2022-08-02 21:05:54,238 [grpc-default-executor-3] DEBUG leader.FollowerInfo (FollowerInfoImpl.java:lambda$new$1(49)) - s0@group-DBBE7E7C6C61->s2: commitIndex: updateToMax old=1, new=1, updated? false
2022-08-02 21:05:54,238 [grpc-default-executor-3] DEBUG leader.FollowerInfo (FollowerInfoImpl.java:lambda$new$1(49)) - s0@group-DBBE7E7C6C61->s2: matchIndex: updateToMax old=2, new=-1, updated? false
2022-08-02 21:05:54,240 [grpc-default-executor-2] DEBUG leader.FollowerInfo (FollowerInfoImpl.java:lambda$new$1(49)) - s0@group-DBBE7E7C6C61->s1: commitIndex: updateToMax old=1, new=1, updated? false
2022-08-02 21:05:54,240 [grpc-default-executor-2] DEBUG leader.FollowerInfo (FollowerInfoImpl.java:lambda$new$1(49)) - s0@group-DBBE7E7C6C61->s1: matchIndex: updateToMax old=2, new=-1, updated? false
2022-08-02 21:05:54,241 [grpc-default-executor-3] DEBUG leader.FollowerInfo (FollowerInfoImpl.java:lambda$new$1(49)) - s0@group-DBBE7E7C6C61->s2: commitIndex: updateToMax old=1, new=1, updated? false
2022-08-02 21:05:54,241 [grpc-default-executor-3] DEBUG leader.FollowerInfo (FollowerInfoImpl.java:lambda$new$1(49)) - s0@group-DBBE7E7C6C61->s2: matchIndex: updateToMax old=2, new=-1, updated? false
2022-08-02 21:05:54,241 [grpc-default-executor-2] DEBUG leader.FollowerInfo (FollowerInfoImpl.java:lambda$new$1(49)) - s0@group-DBBE7E7C6C61->s1: commitIndex: updateToMax old=1, new=1, updated? false
2022-08-02 21:05:54,241 [grpc-default-executor-2] DEBUG leader.FollowerInfo (FollowerInfoImpl.java:lambda$new$1(49)) - s0@group-DBBE7E7C6C61->s1: matchIndex: updateToMax old=2, new=-1, updated? false
2022-08-02 21:05:54,242 [grpc-default-executor-3] DEBUG leader.FollowerInfo (FollowerInfoImpl.java:lambda$new$1(49)) - s0@group-DBBE7E7C6C61->s2: commitIndex: updateToMax old=1, new=1, updated? false
2022-08-02 21:05:54,242 [grpc-default-executor-3] DEBUG leader.FollowerInfo (FollowerInfoImpl.java:lambda$new$1(49)) - s0@group-DBBE7E7C6C61->s2: matchIndex: updateToMax old=2, new=-1, updated? false
2022-08-02 21:05:54,243 [grpc-default-executor-2] DEBUG leader.FollowerInfo (FollowerInfoImpl.java:lambda$new$1(49)) - s0@group-DBBE7E7C6C61->s1: commitIndex: updateToMax old=1, new=1, updated? false
2022-08-02 21:05:54,243 [grpc-default-executor-2] DEBUG leader.FollowerInfo (FollowerInfoImpl.java:lambda$new$1(49)) - s0@group-DBBE7E7C6C61->s1: matchIndex: updateToMax old=2, new=-1, updated? false
2022-08-02 21:05:54,244 [grpc-default-executor-3] DEBUG leader.FollowerInfo (FollowerInfoImpl.java:lambda$new$1(49)) - s0@group-DBBE7E7C6C61->s2: commitIndex: updateToMax old=1, new=1, updated? false
2022-08-02 21:05:54,244 [grpc-default-executor-3] DEBUG leader.FollowerInfo (FollowerInfoImpl.java:lambda$new$1(49)) - s0@group-DBBE7E7C6C61->s2: matchIndex: updateToMax old=2, new=-1, updated? false
2022-08-02 21:05:54,245 [grpc-default-executor-2] DEBUG leader.FollowerInfo (FollowerInfoImpl.java:lambda$new$1(49)) - s0@group-DBBE7E7C6C61->s1: commitIndex: updateToMax old=1, new=1, updated? false
2022-08-02 21:05:54,245 [grpc-default-executor-2] DEBUG leader.FollowerInfo (FollowerInfoImpl.java:lambda$new$1(49)) - s0@group-DBBE7E7C6C61->s1: matchIndex: updateToMax old=2, new=-1, updated? false
2022-08-02 21:05:54,246 [grpc-default-executor-3] DEBUG leader.FollowerInfo (FollowerInfoImpl.java:lambda$new$1(49)) - s0@group-DBBE7E7C6C61->s2: commitIndex: updateToMax old=1, new=1, updated? false
2022-08-02 21:05:54,246 [grpc-default-executor-3] DEBUG leader.FollowerInfo (FollowerInfoImpl.java:lambda$new$1(49)) - s0@group-DBBE7E7C6C61->s2: matchIndex: updateToMax old=2, new=-1, updated? false
2022-08-02 21:05:54,247 [grpc-default-executor-2] DEBUG leader.FollowerInfo (FollowerInfoImpl.java:lambda$new$1(49)) - s0@group-DBBE7E7C6C61->s1: commitIndex: updateToMax old=1, new=1, updated? false
2022-08-02 21:05:54,247 [grpc-default-executor-2] DEBUG leader.FollowerInfo (FollowerInfoImpl.java:lambda$new$1(49)) - s0@group-DBBE7E7C6C61->s1: matchIndex: updateToMax old=2, new=-1, updated? false
2022-08-02 21:05:54,247 [grpc-default-executor-3] DEBUG leader.FollowerInfo (FollowerInfoImpl.java:lambda$new$1(49)) - s0@group-DBBE7E7C6C61->s2: commitIndex: updateToMax old=1, new=1, updated? false
2022-08-02 21:05:54,248 [grpc-default-executor-3] DEBUG leader.FollowerInfo (FollowerInfoImpl.java:lambda$new$1(49)) - s0@group-DBBE7E7C6C61->s2: matchIndex: updateToMax old=2, new=-1, updated? false
2022-08-02 21:05:54,248 [grpc-default-executor-2] DEBUG leader.FollowerInfo (FollowerInfoImpl.java:lambda$new$1(49)) - s0@group-DBBE7E7C6C61->s1: commitIndex: updateToMax old=1, new=1, updated? false
2022-08-02 21:05:54,248 [grpc-default-executor-2] DEBUG leader.FollowerInfo (FollowerInfoImpl.java:lambda$new$1(49)) - s0@group-DBBE7E7C6C61->s1: matchIndex: updateToMax old=2, new=-1, updated? false
2022-08-02 21:05:54,249 [grpc-default-executor-3] DEBUG leader.FollowerInfo (FollowerInfoImpl.java:lambda$new$1(49)) - s0@group-DBBE7E7C6C61->s2: commitIndex: updateToMax old=1, new=1, updated? false
2022-08-02 21:05:54,249 [grpc-default-executor-3] DEBUG leader.FollowerInfo (FollowerInfoImpl.java:lambda$new$1(49)) - s0@group-DBBE7E7C6C61->s2: matchIndex: updateToMax old=2, new=-1, updated? false
2022-08-02 21:05:54,250 [grpc-default-executor-2] DEBUG leader.FollowerInfo (FollowerInfoImpl.java:lambda$new$1(49)) - s0@group-DBBE7E7C6C61->s1: commitIndex: updateToMax old=1, new=1, updated? false
2022-08-02 21:05:54,250 [grpc-default-executor-2] DEBUG leader.FollowerInfo (FollowerInfoImpl.java:lambda$new$1(49)) - s0@group-DBBE7E7C6C61->s1: matchIndex: updateToMax old=2, new=-1, updated? false
2022-08-02 21:05:54,251 [grpc-default-executor-3] DEBUG leader.FollowerInfo (FollowerInfoImpl.java:lambda$new$1(49)) - s0@group-DBBE7E7C6C61->s2: commitIndex: updateToMax old=1, new=1, updated? false
2022-08-02 21:05:54,251 [grpc-default-executor-3] DEBUG leader.FollowerInfo (FollowerInfoImpl.java:lambda$new$1(49)) - s0@group-DBBE7E7C6C61->s2: matchIndex: updateToMax old=2, new=-1, updated? false
2022-08-02 21:05:54,252 [grpc-default-executor-2] DEBUG leader.FollowerInfo (FollowerInfoImpl.java:lambda$new$1(49)) - s0@group-DBBE7E7C6C61->s1: commitIndex: updateToMax old=1, new=1, updated? false
2022-08-02 21:05:54,252 [grpc-default-executor-2] DEBUG leader.FollowerInfo (FollowerInfoImpl.java:lambda$new$1(49)) - s0@group-DBBE7E7C6C61->s1: matchIndex: updateToMax old=2, new=-1, updated? false
2022-08-02 21:05:54,253 [grpc-default-executor-3] DEBUG leader.FollowerInfo (FollowerInfoImpl.java:lambda$new$1(49)) - s0@group-DBBE7E7C6C61->s2: commitIndex: updateToMax old=1, new=1, updated? false
2022-08-02 21:05:54,253 [grpc-default-executor-3] DEBUG leader.FollowerInfo (FollowerInfoImpl.java:lambda$new$1(49)) - s0@group-DBBE7E7C6C61->s2: matchIndex: updateToMax old=2, new=-1, updated? false
2022-08-02 21:05:54,254 [grpc-default-executor-3] DEBUG leader.FollowerInfo (FollowerInfoImpl.java:lambda$new$1(49)) - s0@group-DBBE7E7C6C61->s1: commitIndex: updateToMax old=1, new=1, updated? false
2022-08-02 21:05:54,254 [grpc-default-executor-3] DEBUG leader.FollowerInfo (FollowerInfoImpl.java:lambda$new$1(49)) - s0@group-DBBE7E7C6C61->s1: matchIndex: updateToMax old=2, new=-1, updated? false
2022-08-02 21:05:54,254 [grpc-default-executor-2] DEBUG leader.FollowerInfo (FollowerInfoImpl.java:lambda$new$1(49)) - s0@group-DBBE7E7C6C61->s2: commitIndex: updateToMax old=1, new=1, updated? false
2022-08-02 21:05:54,254 [grpc-default-executor-2] DEBUG leader.FollowerInfo (FollowerInfoImpl.java:lambda$new$1(49)) - s0@group-DBBE7E7C6C61->s2: matchIndex: updateToMax old=2, new=-1, updated? false
2022-08-02 21:05:54,255 [grpc-default-executor-2] DEBUG leader.FollowerInfo (FollowerInfoImpl.java:lambda$new$1(49)) - s0@group-DBBE7E7C6C61->s2: commitIndex: updateToMax old=1, new=1, updated? false
2022-08-02 21:05:54,255 [grpc-default-executor-2] DEBUG leader.FollowerInfo (FollowerInfoImpl.java:lambda$new$1(49)) - s0@group-DBBE7E7C6C61->s2: matchIndex: updateToMax old=2, new=-1, updated? false
2022-08-02 21:05:54,256 [grpc-default-executor-2] DEBUG leader.FollowerInfo (FollowerInfoImpl.java:lambda$new$1(49)) - s0@group-DBBE7E7C6C61->s1: commitIndex: updateToMax old=1, new=1, updated? false
2022-08-02 21:05:54,256 [grpc-default-executor-2] DEBUG leader.FollowerInfo (FollowerInfoImpl.java:lambda$new$1(49)) - s0@group-DBBE7E7C6C61->s1: matchIndex: updateToMax old=2, new=-1, updated? false
2022-08-02 21:05:54,257 [grpc-default-executor-3] DEBUG leader.FollowerInfo (FollowerInfoImpl.java:lambda$new$1(49)) - s0@group-DBBE7E7C6C61->s2: commitIndex: updateToMax old=1, new=1, updated? false
2022-08-02 21:05:54,257 [grpc-default-executor-3] DEBUG leader.FollowerInfo (FollowerInfoImpl.java:lambda$new$1(49)) - s0@group-DBBE7E7C6C61->s2: matchIndex: updateToMax old=2, new=-1, updated? false
2022-08-02 21:05:54,258 [grpc-default-executor-2] DEBUG leader.FollowerInfo (FollowerInfoImpl.java:lambda$new$1(49)) - s0@group-DBBE7E7C6C61->s1: commitIndex: updateToMax old=1, new=1, updated? false
2022-08-02 21:05:54,258 [grpc-default-executor-2] DEBUG leader.FollowerInfo (FollowerInfoImpl.java:lambda$new$1(49)) - s0@group-DBBE7E7C6C61->s1: matchIndex: updateToMax old=2, new=-1, updated? false
2022-08-02 21:05:54,258 [grpc-default-executor-3] DEBUG leader.FollowerInfo (FollowerInfoImpl.java:lambda$new$1(49)) - s0@group-DBBE7E7C6C61->s2: commitIndex: updateToMax old=1, new=1, updated? false
2022-08-02 21:05:54,259 [grpc-default-executor-3] DEBUG leader.FollowerInfo (FollowerInfoImpl.java:lambda$new$1(49)) - s0@group-DBBE7E7C6C61->s2: matchIndex: updateToMax old=2, new=-1, updated? false
2022-08-02 21:05:54,267 [grpc-default-executor-3] DEBUG leader.FollowerInfo (FollowerInfoImpl.java:lambda$new$1(49)) - s0@group-DBBE7E7C6C61->s2: commitIndex: updateToMax old=1, new=1, updated? false
2022-08-02 21:05:54,267 [grpc-default-executor-3] DEBUG leader.FollowerInfo (FollowerInfoImpl.java:lambda$new$1(49)) - s0@group-DBBE7E7C6C61->s2: matchIndex: updateToMax old=2, new=-1, updated? false
2022-08-02 21:05:54,268 [grpc-default-executor-3] DEBUG leader.FollowerInfo (FollowerInfoImpl.java:lambda$new$1(49)) - s0@group-DBBE7E7C6C61->s1: commitIndex: updateToMax old=1, new=1, updated? false
2022-08-02 21:05:54,268 [grpc-default-executor-3] DEBUG leader.FollowerInfo (FollowerInfoImpl.java:lambda$new$1(49)) - s0@group-DBBE7E7C6C61->s1: matchIndex: updateToMax old=2, new=-1, updated? false
2022-08-02 21:05:54,268 [grpc-default-executor-2] DEBUG leader.FollowerInfo (FollowerInfoImpl.java:lambda$new$1(49)) - s0@group-DBBE7E7C6C61->s2: commitIndex: updateToMax old=1, new=1, updated? false
2022-08-02 21:05:54,268 [grpc-default-executor-2] DEBUG leader.FollowerInfo (FollowerInfoImpl.java:lambda$new$1(49)) - s0@group-DBBE7E7C6C61->s2: matchIndex: updateToMax old=2, new=-1, updated? false
2022-08-02 21:05:54,271 [grpc-default-executor-2] DEBUG leader.FollowerInfo (FollowerInfoImpl.java:lambda$new$1(49)) - s0@group-DBBE7E7C6C61->s2: commitIndex: updateToMax old=1, new=1, updated? false
2022-08-02 21:05:54,271 [grpc-default-executor-2] DEBUG leader.FollowerInfo (FollowerInfoImpl.java:lambda$new$1(49)) - s0@group-DBBE7E7C6C61->s2: matchIndex: updateToMax old=2, new=-1, updated? false
2022-08-02 21:05:54,272 [grpc-default-executor-3] DEBUG leader.FollowerInfo (FollowerInfoImpl.java:lambda$new$1(49)) - s0@group-DBBE7E7C6C61->s1: commitIndex: updateToMax old=1, new=1, updated? false
2022-08-02 21:05:54,272 [grpc-default-executor-3] DEBUG leader.FollowerInfo (FollowerInfoImpl.java:lambda$new$1(49)) - s0@group-DBBE7E7C6C61->s1: matchIndex: updateToMax old=2, new=-1, updated? false
2022-08-02 21:05:54,273 [grpc-default-executor-2] DEBUG leader.FollowerInfo (FollowerInfoImpl.java:lambda$new$1(49)) - s0@group-DBBE7E7C6C61->s2: commitIndex: updateToMax old=1, new=1, updated? false
2022-08-02 21:05:54,273 [grpc-default-executor-2] DEBUG leader.FollowerInfo (FollowerInfoImpl.java:lambda$new$1(49)) - s0@group-DBBE7E7C6C61->s2: matchIndex: updateToMax old=2, new=-1, updated? false
2022-08-02 21:05:54,274 [grpc-default-executor-3] DEBUG leader.FollowerInfo (FollowerInfoImpl.java:lambda$new$1(49)) - s0@group-DBBE7E7C6C61->s1: commitIndex: updateToMax old=1, new=1, updated? false
2022-08-02 21:05:54,274 [grpc-default-executor-3] DEBUG leader.FollowerInfo (FollowerInfoImpl.java:lambda$new$1(49)) - s0@group-DBBE7E7C6C61->s1: matchIndex: updateToMax old=2, new=-1, updated? false
2022-08-02 21:05:54,275 [grpc-default-executor-2] DEBUG leader.FollowerInfo (FollowerInfoImpl.java:lambda$new$1(49)) - s0@group-DBBE7E7C6C61->s2: commitIndex: updateToMax old=1, new=1, updated? false
2022-08-02 21:05:54,275 [grpc-default-executor-2] DEBUG leader.FollowerInfo (FollowerInfoImpl.java:lambda$new$1(49)) - s0@group-DBBE7E7C6C61->s2: matchIndex: updateToMax old=2, new=-1, updated? false
2022-08-02 21:05:54,276 [grpc-default-executor-3] DEBUG leader.FollowerInfo (FollowerInfoImpl.java:lambda$new$1(49)) - s0@group-DBBE7E7C6C61->s1: commitIndex: updateToMax old=1, new=1, updated? false
2022-08-02 21:05:54,276 [grpc-default-executor-3] DEBUG leader.FollowerInfo (FollowerInfoImpl.java:lambda$new$1(49)) - s0@group-DBBE7E7C6C61->s1: matchIndex: updateToMax old=2, new=-1, updated? false
2022-08-02 21:05:54,276 [grpc-default-executor-2] DEBUG leader.FollowerInfo (FollowerInfoImpl.java:lambda$new$1(49)) - s0@group-DBBE7E7C6C61->s2: commitIndex: updateToMax old=1, new=1, updated? false
2022-08-02 21:05:54,276 [grpc-default-executor-2] DEBUG leader.FollowerInfo (FollowerInfoImpl.java:lambda$new$1(49)) - s0@group-DBBE7E7C6C61->s2: matchIndex: updateToMax old=2, new=-1, updated? false
2022-08-02 21:05:54,277 [grpc-default-executor-3] DEBUG leader.FollowerInfo (FollowerInfoImpl.java:lambda$new$1(49)) - s0@group-DBBE7E7C6C61->s1: commitIndex: updateToMax old=1, new=1, updated? false
2022-08-02 21:05:54,277 [grpc-default-executor-3] DEBUG leader.FollowerInfo (FollowerInfoImpl.java:lambda$new$1(49)) - s0@group-DBBE7E7C6C61->s1: matchIndex: updateToMax old=2, new=-1, updated? false
2022-08-02 21:05:54,278 [grpc-default-executor-2] DEBUG leader.FollowerInfo (FollowerInfoImpl.java:lambda$new$1(49)) - s0@group-DBBE7E7C6C61->s2: commitIndex: updateToMax old=1, new=1, updated? false
2022-08-02 21:05:54,278 [grpc-default-executor-2] DEBUG leader.FollowerInfo (FollowerInfoImpl.java:lambda$new$1(49)) - s0@group-DBBE7E7C6C61->s2: matchIndex: updateToMax old=2, new=-1, updated? false
2022-08-02 21:05:54,279 [grpc-default-executor-3] DEBUG leader.FollowerInfo (FollowerInfoImpl.java:lambda$new$1(49)) - s0@group-DBBE7E7C6C61->s1: commitIndex: updateToMax old=1, new=1, updated? false
2022-08-02 21:05:54,279 [grpc-default-executor-3] DEBUG leader.FollowerInfo (FollowerInfoImpl.java:lambda$new$1(49)) - s0@group-DBBE7E7C6C61->s1: matchIndex: updateToMax old=2, new=-1, updated? false
2022-08-02 21:05:54,280 [grpc-default-executor-2] DEBUG leader.FollowerInfo (FollowerInfoImpl.java:lambda$new$1(49)) - s0@group-DBBE7E7C6C61->s2: commitIndex: updateToMax old=1, new=1, updated? false
2022-08-02 21:05:54,280 [grpc-default-executor-2] DEBUG leader.FollowerInfo (FollowerInfoImpl.java:lambda$new$1(49)) - s0@group-DBBE7E7C6C61->s2: matchIndex: updateToMax old=2, new=-1, updated? false
2022-08-02 21:05:54,281 [grpc-default-executor-3] DEBUG leader.FollowerInfo (FollowerInfoImpl.java:lambda$new$1(49)) - s0@group-DBBE7E7C6C61->s1: commitIndex: updateToMax old=1, new=1, updated? false
2022-08-02 21:05:54,281 [grpc-default-executor-3] DEBUG leader.FollowerInfo (FollowerInfoImpl.java:lambda$new$1(49)) - s0@group-DBBE7E7C6C61->s1: matchIndex: updateToMax old=2, new=-1, updated? false
2022-08-02 21:05:54,281 [grpc-default-executor-2] DEBUG leader.FollowerInfo (FollowerInfoImpl.java:lambda$new$1(49)) - s0@group-DBBE7E7C6C61->s2: commitIndex: updateToMax old=1, new=1, updated? false
2022-08-02 21:05:54,281 [grpc-default-executor-2] DEBUG leader.FollowerInfo (FollowerInfoImpl.java:lambda$new$1(49)) - s0@group-DBBE7E7C6C61->s2: matchIndex: updateToMax old=2, new=-1, updated? false
2022-08-02 21:05:54,282 [grpc-default-executor-3] DEBUG leader.FollowerInfo (FollowerInfoImpl.java:lambda$new$1(49)) - s0@group-DBBE7E7C6C61->s1: commitIndex: updateToMax old=1, new=1, updated? false
2022-08-02 21:05:54,282 [grpc-default-executor-3] DEBUG leader.FollowerInfo (FollowerInfoImpl.java:lambda$new$1(49)) - s0@group-DBBE7E7C6C61->s1: matchIndex: updateToMax old=2, new=-1, updated? false
2022-08-02 21:05:54,283 [grpc-default-executor-2] DEBUG leader.FollowerInfo (FollowerInfoImpl.java:lambda$new$1(49)) - s0@group-DBBE7E7C6C61->s2: commitIndex: updateToMax old=1, new=1, updated? false
2022-08-02 21:05:54,283 [grpc-default-executor-2] DEBUG leader.FollowerInfo (FollowerInfoImpl.java:lambda$new$1(49)) - s0@group-DBBE7E7C6C61->s2: matchIndex: updateToMax old=2, new=-1, updated? false
2022-08-02 21:05:54,284 [grpc-default-executor-3] DEBUG leader.FollowerInfo (FollowerInfoImpl.java:lambda$new$1(49)) - s0@group-DBBE7E7C6C61->s1: commitIndex: updateToMax old=1, new=1, updated? false
2022-08-02 21:05:54,284 [grpc-default-executor-3] DEBUG leader.FollowerInfo (FollowerInfoImpl.java:lambda$new$1(49)) - s0@group-DBBE7E7C6C61->s1: matchIndex: updateToMax old=2, new=-1, updated? false
2022-08-02 21:05:54,285 [grpc-default-executor-2] DEBUG leader.FollowerInfo (FollowerInfoImpl.java:lambda$new$1(49)) - s0@group-DBBE7E7C6C61->s2: commitIndex: updateToMax old=1, new=1, updated? false
2022-08-02 21:05:54,285 [grpc-default-executor-2] DEBUG leader.FollowerInfo (FollowerInfoImpl.java:lambda$new$1(49)) - s0@group-DBBE7E7C6C61->s2: matchIndex: updateToMax old=2, new=-1, updated? false
2022-08-02 21:05:54,286 [grpc-default-executor-3] DEBUG leader.FollowerInfo (FollowerInfoImpl.java:lambda$new$1(49)) - s0@group-DBBE7E7C6C61->s1: commitIndex: updateToMax old=1, new=1, updated? false
2022-08-02 21:05:54,286 [grpc-default-executor-3] DEBUG leader.FollowerInfo (FollowerInfoImpl.java:lambda$new$1(49)) - s0@group-DBBE7E7C6C61->s1: matchIndex: updateToMax old=2, new=-1, updated? false
2022-08-02 21:05:54,286 [grpc-default-executor-2] DEBUG leader.FollowerInfo (FollowerInfoImpl.java:lambda$new$1(49)) - s0@group-DBBE7E7C6C61->s2: commitIndex: updateToMax old=1, new=1, updated? false
2022-08-02 21:05:54,286 [grpc-default-executor-2] DEBUG leader.FollowerInfo (FollowerInfoImpl.java:lambda$new$1(49)) - s0@group-DBBE7E7C6C61->s2: matchIndex: updateToMax old=2, new=-1, updated? false
2022-08-02 21:05:54,287 [grpc-default-executor-3] DEBUG leader.FollowerInfo (FollowerInfoImpl.java:lambda$new$1(49)) - s0@group-DBBE7E7C6C61->s1: commitIndex: updateToMax old=1, new=1, updated? false
2022-08-02 21:05:54,287 [grpc-default-executor-3] DEBUG leader.FollowerInfo (FollowerInfoImpl.java:lambda$new$1(49)) - s0@group-DBBE7E7C6C61->s1: matchIndex: updateToMax old=2, new=-1, updated? false
2022-08-02 21:05:54,288 [grpc-default-executor-2] DEBUG leader.FollowerInfo (FollowerInfoImpl.java:lambda$new$1(49)) - s0@group-DBBE7E7C6C61->s2: commitIndex: updateToMax old=1, new=1, updated? false
2022-08-02 21:05:54,288 [grpc-default-executor-2] DEBUG leader.FollowerInfo (FollowerInfoImpl.java:lambda$new$1(49)) - s0@group-DBBE7E7C6C61->s2: matchIndex: updateToMax old=2, new=-1, updated? false
2022-08-02 21:05:54,289 [grpc-default-executor-3] DEBUG leader.FollowerInfo (FollowerInfoImpl.java:lambda$new$1(49)) - s0@group-DBBE7E7C6C61->s1: commitIndex: updateToMax old=1, new=1, updated? false
2022-08-02 21:05:54,289 [grpc-default-executor-3] DEBUG leader.FollowerInfo (FollowerInfoImpl.java:lambda$new$1(49)) - s0@group-DBBE7E7C6C61->s1: matchIndex: updateToMax old=2, new=-1, updated? false
2022-08-02 21:05:54,290 [grpc-default-executor-2] DEBUG leader.FollowerInfo (FollowerInfoImpl.java:lambda$new$1(49)) - s0@group-DBBE7E7C6C61->s2: commitIndex: updateToMax old=1, new=1, updated? false
2022-08-02 21:05:54,290 [grpc-default-executor-2] DEBUG leader.FollowerInfo (FollowerInfoImpl.java:lambda$new$1(49)) - s0@group-DBBE7E7C6C61->s2: matchIndex: updateToMax old=2, new=-1, updated? false
2022-08-02 21:05:54,291 [grpc-default-executor-3] DEBUG leader.FollowerInfo (FollowerInfoImpl.java:lambda$new$1(49)) - s0@group-DBBE7E7C6C61->s1: commitIndex: updateToMax old=1, new=1, updated? false
2022-08-02 21:05:54,291 [grpc-default-executor-3] DEBUG leader.FollowerInfo (FollowerInfoImpl.java:lambda$new$1(49)) - s0@group-DBBE7E7C6C61->s1: matchIndex: updateToMax old=2, new=-1, updated? false
2022-08-02 21:05:54,291 [grpc-default-executor-2] DEBUG leader.FollowerInfo (FollowerInfoImpl.java:lambda$new$1(49)) - s0@group-DBBE7E7C6C61->s2: commitIndex: updateToMax old=1, new=1, updated? false
2022-08-02 21:05:54,292 [grpc-default-executor-2] DEBUG leader.FollowerInfo (FollowerInfoImpl.java:lambda$new$1(49)) - s0@group-DBBE7E7C6C61->s2: matchIndex: updateToMax old=2, new=-1, updated? false
2022-08-02 21:05:54,292 [grpc-default-executor-3] DEBUG leader.FollowerInfo (FollowerInfoImpl.java:lambda$new$1(49)) - s0@group-DBBE7E7C6C61->s1: commitIndex: updateToMax old=1, new=1, updated? false
2022-08-02 21:05:54,292 [grpc-default-executor-3] DEBUG leader.FollowerInfo (FollowerInfoImpl.java:lambda$new$1(49)) - s0@group-DBBE7E7C6C61->s1: matchIndex: updateToMax old=2, new=-1, updated? false
2022-08-02 21:05:54,293 [grpc-default-executor-2] DEBUG leader.FollowerInfo (FollowerInfoImpl.java:lambda$new$1(49)) - s0@group-DBBE7E7C6C61->s2: commitIndex: updateToMax old=1, new=1, updated? false
2022-08-02 21:05:54,293 [grpc-default-executor-2] DEBUG leader.FollowerInfo (FollowerInfoImpl.java:lambda$new$1(49)) - s0@group-DBBE7E7C6C61->s2: matchIndex: updateToMax old=2, new=-1, updated? false
2022-08-02 21:05:54,294 [grpc-default-executor-3] DEBUG leader.FollowerInfo (FollowerInfoImpl.java:lambda$new$1(49)) - s0@group-DBBE7E7C6C61->s1: commitIndex: updateToMax old=1, new=1, updated? false
2022-08-02 21:05:54,294 [grpc-default-executor-3] DEBUG leader.FollowerInfo (FollowerInfoImpl.java:lambda$new$1(49)) - s0@group-DBBE7E7C6C61->s1: matchIndex: updateToMax old=2, new=-1, updated? false
2022-08-02 21:05:54,295 [grpc-default-executor-2] DEBUG leader.FollowerInfo (FollowerInfoImpl.java:lambda$new$1(49)) - s0@group-DBBE7E7C6C61->s2: commitIndex: updateToMax old=1, new=1, updated? false
2022-08-02 21:05:54,295 [grpc-default-executor-2] DEBUG leader.FollowerInfo (FollowerInfoImpl.java:lambda$new$1(49)) - s0@group-DBBE7E7C6C61->s2: matchIndex: updateToMax old=2, new=-1, updated? false
2022-08-02 21:05:54,296 [grpc-default-executor-3] DEBUG leader.FollowerInfo (FollowerInfoImpl.java:lambda$new$1(49)) - s0@group-DBBE7E7C6C61->s1: commitIndex: updateToMax old=1, new=1, updated? false
2022-08-02 21:05:54,296 [grpc-default-executor-3] DEBUG leader.FollowerInfo (FollowerInfoImpl.java:lambda$new$1(49)) - s0@group-DBBE7E7C6C61->s1: matchIndex: updateToMax old=2, new=-1, updated? false
2022-08-02 21:05:54,296 [grpc-default-executor-2] DEBUG leader.FollowerInfo (FollowerInfoImpl.java:lambda$new$1(49)) - s0@group-DBBE7E7C6C61->s2: commitIndex: updateToMax old=1, new=1, updated? false
2022-08-02 21:05:54,296 [grpc-default-executor-2] DEBUG leader.FollowerInfo (FollowerInfoImpl.java:lambda$new$1(49)) - s0@group-DBBE7E7C6C61->s2: matchIndex: updateToMax old=2, new=-1, updated? false
2022-08-02 21:05:54,297 [grpc-default-executor-3] DEBUG leader.FollowerInfo (FollowerInfoImpl.java:lambda$new$1(49)) - s0@group-DBBE7E7C6C61->s1: commitIndex: updateToMax old=1, new=1, updated? false
2022-08-02 21:05:54,297 [grpc-default-executor-3] DEBUG leader.FollowerInfo (FollowerInfoImpl.java:lambda$new$1(49)) - s0@group-DBBE7E7C6C61->s1: matchIndex: updateToMax old=2, new=-1, updated? false
2022-08-02 21:05:54,298 [grpc-default-executor-2] DEBUG leader.FollowerInfo (FollowerInfoImpl.java:lambda$new$1(49)) - s0@group-DBBE7E7C6C61->s2: commitIndex: updateToMax old=1, new=1, updated? false
2022-08-02 21:05:54,298 [grpc-default-executor-2] DEBUG leader.FollowerInfo (FollowerInfoImpl.java:lambda$new$1(49)) - s0@group-DBBE7E7C6C61->s2: matchIndex: updateToMax old=2, new=-1, updated? false
2022-08-02 21:05:54,299 [grpc-default-executor-3] DEBUG leader.FollowerInfo (FollowerInfoImpl.java:lambda$new$1(49)) - s0@group-DBBE7E7C6C61->s1: commitIndex: updateToMax old=1, new=1, updated? false
2022-08-02 21:05:54,299 [grpc-default-executor-3] DEBUG leader.FollowerInfo (FollowerInfoImpl.java:lambda$new$1(49)) - s0@group-DBBE7E7C6C61->s1: matchIndex: updateToMax old=2, new=-1, updated? false
2022-08-02 21:05:54,300 [grpc-default-executor-2] DEBUG leader.FollowerInfo (FollowerInfoImpl.java:lambda$new$1(49)) - s0@group-DBBE7E7C6C61->s2: commitIndex: updateToMax old=1, new=1, updated? false
2022-08-02 21:05:54,300 [grpc-default-executor-2] DEBUG leader.FollowerInfo (FollowerInfoImpl.java:lambda$new$1(49)) - s0@group-DBBE7E7C6C61->s2: matchIndex: updateToMax old=2, new=-1, updated? false
2022-08-02 21:05:54,301 [grpc-default-executor-3] DEBUG leader.FollowerInfo (FollowerInfoImpl.java:lambda$new$1(49)) - s0@group-DBBE7E7C6C61->s1: commitIndex: updateToMax old=1, new=1, updated? false
2022-08-02 21:05:54,301 [grpc-default-executor-3] DEBUG leader.FollowerInfo (FollowerInfoImpl.java:lambda$new$1(49)) - s0@group-DBBE7E7C6C61->s1: matchIndex: updateToMax old=2, new=-1, updated? false
2022-08-02 21:05:54,302 [grpc-default-executor-2] DEBUG leader.FollowerInfo (FollowerInfoImpl.java:lambda$new$1(49)) - s0@group-DBBE7E7C6C61->s2: commitIndex: updateToMax old=1, new=1, updated? false
2022-08-02 21:05:54,302 [grpc-default-executor-2] DEBUG leader.FollowerInfo (FollowerInfoImpl.java:lambda$new$1(49)) - s0@group-DBBE7E7C6C61->s2: matchIndex: updateToMax old=2, new=-1, updated? false
2022-08-02 21:05:54,302 [grpc-default-executor-3] DEBUG leader.FollowerInfo (FollowerInfoImpl.java:lambda$new$1(49)) - s0@group-DBBE7E7C6C61->s1: commitIndex: updateToMax old=1, new=1, updated? false
2022-08-02 21:05:54,303 [grpc-default-executor-3] DEBUG leader.FollowerInfo (FollowerInfoImpl.java:lambda$new$1(49)) - s0@group-DBBE7E7C6C61->s1: matchIndex: updateToMax old=2, new=-1, updated? false
2022-08-02 21:05:54,303 [grpc-default-executor-2] DEBUG leader.FollowerInfo (FollowerInfoImpl.java:lambda$new$1(49)) - s0@group-DBBE7E7C6C61->s2: commitIndex: updateToMax old=1, new=1, updated? false
2022-08-02 21:05:54,303 [grpc-default-executor-2] DEBUG leader.FollowerInfo (FollowerInfoImpl.java:lambda$new$1(49)) - s0@group-DBBE7E7C6C61->s2: matchIndex: updateToMax old=2, new=-1, updated? false
2022-08-02 21:05:54,304 [grpc-default-executor-3] DEBUG leader.FollowerInfo (FollowerInfoImpl.java:lambda$new$1(49)) - s0@group-DBBE7E7C6C61->s1: commitIndex: updateToMax old=1, new=1, updated? false
2022-08-02 21:05:54,304 [grpc-default-executor-3] DEBUG leader.FollowerInfo (FollowerInfoImpl.java:lambda$new$1(49)) - s0@group-DBBE7E7C6C61->s1: matchIndex: updateToMax old=2, new=-1, updated? false
2022-08-02 21:05:54,305 [grpc-default-executor-2] DEBUG leader.FollowerInfo (FollowerInfoImpl.java:lambda$new$1(49)) - s0@group-DBBE7E7C6C61->s2: commitIndex: updateToMax old=1, new=1, updated? false
2022-08-02 21:05:54,305 [grpc-default-executor-2] DEBUG leader.FollowerInfo (FollowerInfoImpl.java:lambda$new$1(49)) - s0@group-DBBE7E7C6C61->s2: matchIndex: updateToMax old=2, new=-1, updated? false
2022-08-02 21:05:54,306 [grpc-default-executor-3] DEBUG leader.FollowerInfo (FollowerInfoImpl.java:lambda$new$1(49)) - s0@group-DBBE7E7C6C61->s1: commitIndex: updateToMax old=1, new=1, updated? false
2022-08-02 21:05:54,306 [grpc-default-executor-3] DEBUG leader.FollowerInfo (FollowerInfoImpl.java:lambda$new$1(49)) - s0@group-DBBE7E7C6C61->s1: matchIndex: updateToMax old=2, new=-1, updated? false
2022-08-02 21:05:54,307 [grpc-default-executor-2] DEBUG leader.FollowerInfo (FollowerInfoImpl.java:lambda$new$1(49)) - s0@group-DBBE7E7C6C61->s2: commitIndex: updateToMax old=1, new=1, updated? false
2022-08-02 21:05:54,307 [grpc-default-executor-2] DEBUG leader.FollowerInfo (FollowerInfoImpl.java:lambda$new$1(49)) - s0@group-DBBE7E7C6C61->s2: matchIndex: updateToMax old=2, new=-1, updated? false
2022-08-02 21:05:54,308 [grpc-default-executor-3] DEBUG leader.FollowerInfo (FollowerInfoImpl.java:lambda$new$1(49)) - s0@group-DBBE7E7C6C61->s1: commitIndex: updateToMax old=1, new=1, updated? false
2022-08-02 21:05:54,308 [grpc-default-executor-3] DEBUG leader.FollowerInfo (FollowerInfoImpl.java:lambda$new$1(49)) - s0@group-DBBE7E7C6C61->s1: matchIndex: updateToMax old=2, new=-1, updated? false
2022-08-02 21:05:54,309 [grpc-default-executor-2] DEBUG leader.FollowerInfo (FollowerInfoImpl.java:lambda$new$1(49)) - s0@group-DBBE7E7C6C61->s2: commitIndex: updateToMax old=1, new=1, updated? false
2022-08-02 21:05:54,309 [grpc-default-executor-2] DEBUG leader.FollowerInfo (FollowerInfoImpl.java:lambda$new$1(49)) - s0@group-DBBE7E7C6C61->s2: matchIndex: updateToMax old=2, new=-1, updated? false
2022-08-02 21:05:54,309 [grpc-default-executor-3] DEBUG leader.FollowerInfo (FollowerInfoImpl.java:lambda$new$1(49)) - s0@group-DBBE7E7C6C61->s1: commitIndex: updateToMax old=1, new=1, updated? false
2022-08-02 21:05:54,309 [grpc-default-executor-3] DEBUG leader.FollowerInfo (FollowerInfoImpl.java:lambda$new$1(49)) - s0@group-DBBE7E7C6C61->s1: matchIndex: updateToMax old=2, new=-1, updated? false
2022-08-02 21:05:54,310 [grpc-default-executor-2] DEBUG leader.FollowerInfo (FollowerInfoImpl.java:lambda$new$1(49)) - s0@group-DBBE7E7C6C61->s2: commitIndex: updateToMax old=1, new=1, updated? false
2022-08-02 21:05:54,310 [grpc-default-executor-2] DEBUG leader.FollowerInfo (FollowerInfoImpl.java:lambda$new$1(49)) - s0@group-DBBE7E7C6C61->s2: matchIndex: updateToMax old=2, new=-1, updated? false
2022-08-02 21:05:54,311 [grpc-default-executor-3] DEBUG leader.FollowerInfo (FollowerInfoImpl.java:lambda$new$1(49)) - s0@group-DBBE7E7C6C61->s1: commitIndex: updateToMax old=1, new=1, updated? false
2022-08-02 21:05:54,311 [grpc-default-executor-3] DEBUG leader.FollowerInfo (FollowerInfoImpl.java:lambda$new$1(49)) - s0@group-DBBE7E7C6C61->s1: matchIndex: updateToMax old=2, new=-1, updated? false
2022-08-02 21:05:54,312 [grpc-default-executor-2] DEBUG leader.FollowerInfo (FollowerInfoImpl.java:lambda$new$1(49)) - s0@group-DBBE7E7C6C61->s2: commitIndex: updateToMax old=1, new=1, updated? false
2022-08-02 21:05:54,312 [grpc-default-executor-2] DEBUG leader.FollowerInfo (FollowerInfoImpl.java:lambda$new$1(49)) - s0@group-DBBE7E7C6C61->s2: matchIndex: updateToMax old=2, new=-1, updated? false
2022-08-02 21:05:54,313 [grpc-default-executor-3] DEBUG leader.FollowerInfo (FollowerInfoImpl.java:lambda$new$1(49)) - s0@group-DBBE7E7C6C61->s1: commitIndex: updateToMax old=1, new=1, updated? false
2022-08-02 21:05:54,313 [grpc-default-executor-3] DEBUG leader.FollowerInfo (FollowerInfoImpl.java:lambda$new$1(49)) - s0@group-DBBE7E7C6C61->s1: matchIndex: updateToMax old=2, new=-1, updated? false
2022-08-02 21:05:54,314 [grpc-default-executor-2] DEBUG leader.FollowerInfo (FollowerInfoImpl.java:lambda$new$1(49)) - s0@group-DBBE7E7C6C61->s2: commitIndex: updateToMax old=1, new=1, updated? false
2022-08-02 21:05:54,314 [grpc-default-executor-2] DEBUG leader.FollowerInfo (FollowerInfoImpl.java:lambda$new$1(49)) - s0@group-DBBE7E7C6C61->s2: matchIndex: updateToMax old=2, new=-1, updated? false
2022-08-02 21:05:54,314 [grpc-default-executor-3] DEBUG leader.FollowerInfo (FollowerInfoImpl.java:lambda$new$1(49)) - s0@group-DBBE7E7C6C61->s1: commitIndex: updateToMax old=1, new=1, updated? false
2022-08-02 21:05:54,314 [grpc-default-executor-3] DEBUG leader.FollowerInfo (FollowerInfoImpl.java:lambda$new$1(49)) - s0@group-DBBE7E7C6C61->s1: matchIndex: updateToMax old=2, new=-1, updated? false
2022-08-02 21:05:54,315 [grpc-default-executor-2] DEBUG leader.FollowerInfo (FollowerInfoImpl.java:lambda$new$1(49)) - s0@group-DBBE7E7C6C61->s2: commitIndex: updateToMax old=1, new=1, updated? false
2022-08-02 21:05:54,315 [grpc-default-executor-2] DEBUG leader.FollowerInfo (FollowerInfoImpl.java:lambda$new$1(49)) - s0@group-DBBE7E7C6C61->s2: matchIndex: updateToMax old=2, new=-1, updated? false
2022-08-02 21:05:54,316 [grpc-default-executor-3] DEBUG leader.FollowerInfo (FollowerInfoImpl.java:lambda$new$1(49)) - s0@group-DBBE7E7C6C61->s1: commitIndex: updateToMax old=1, new=1, updated? false
2022-08-02 21:05:54,316 [grpc-default-executor-3] DEBUG leader.FollowerInfo (FollowerInfoImpl.java:lambda$new$1(49)) - s0@group-DBBE7E7C6C61->s1: matchIndex: updateToMax old=2, new=-1, updated? false
2022-08-02 21:05:54,317 [grpc-default-executor-2] DEBUG leader.FollowerInfo (FollowerInfoImpl.java:lambda$new$1(49)) - s0@group-DBBE7E7C6C61->s2: commitIndex: updateToMax old=1, new=1, updated? false
2022-08-02 21:05:54,317 [grpc-default-executor-2] DEBUG leader.FollowerInfo (FollowerInfoImpl.java:lambda$new$1(49)) - s0@group-DBBE7E7C6C61->s2: matchIndex: updateToMax old=2, new=-1, updated? false
2022-08-02 21:05:54,318 [grpc-default-executor-3] DEBUG leader.FollowerInfo (FollowerInfoImpl.java:lambda$new$1(49)) - s0@group-DBBE7E7C6C61->s1: commitIndex: updateToMax old=1, new=1, updated? false
2022-08-02 21:05:54,318 [grpc-default-executor-3] DEBUG leader.FollowerInfo (FollowerInfoImpl.java:lambda$new$1(49)) - s0@group-DBBE7E7C6C61->s1: matchIndex: updateToMax old=2, new=-1, updated? false
2022-08-02 21:05:54,318 [grpc-default-executor-2] DEBUG leader.FollowerInfo (FollowerInfoImpl.java:lambda$new$1(49)) - s0@group-DBBE7E7C6C61->s2: commitIndex: updateToMax old=1, new=1, updated? false
2022-08-02 21:05:54,319 [grpc-default-executor-2] DEBUG leader.FollowerInfo (FollowerInfoImpl.java:lambda$new$1(49)) - s0@group-DBBE7E7C6C61->s2: matchIndex: updateToMax old=2, new=-1, updated? false
2022-08-02 21:05:54,319 [grpc-default-executor-3] DEBUG leader.FollowerInfo (FollowerInfoImpl.java:lambda$new$1(49)) - s0@group-DBBE7E7C6C61->s1: commitIndex: updateToMax old=1, new=1, updated? false
2022-08-02 21:05:54,319 [grpc-default-executor-3] DEBUG leader.FollowerInfo (FollowerInfoImpl.java:lambda$new$1(49)) - s0@group-DBBE7E7C6C61->s1: matchIndex: updateToMax old=2, new=-1, updated? false
2022-08-02 21:05:54,320 [grpc-default-executor-2] DEBUG leader.FollowerInfo (FollowerInfoImpl.java:lambda$new$1(49)) - s0@group-DBBE7E7C6C61->s2: commitIndex: updateToMax old=1, new=1, updated? false
2022-08-02 21:05:54,320 [grpc-default-executor-2] DEBUG leader.FollowerInfo (FollowerInfoImpl.java:lambda$new$1(49)) - s0@group-DBBE7E7C6C61->s2: matchIndex: updateToMax old=2, new=-1, updated? false
2022-08-02 21:05:54,321 [grpc-default-executor-3] DEBUG leader.FollowerInfo (FollowerInfoImpl.java:lambda$new$1(49)) - s0@group-DBBE7E7C6C61->s1: commitIndex: updateToMax old=1, new=1, updated? false
2022-08-02 21:05:54,321 [grpc-default-executor-3] DEBUG leader.FollowerInfo (FollowerInfoImpl.java:lambda$new$1(49)) - s0@group-DBBE7E7C6C61->s1: matchIndex: updateToMax old=2, new=-1, updated? false
2022-08-02 21:05:54,322 [grpc-default-executor-2] DEBUG leader.FollowerInfo (FollowerInfoImpl.java:lambda$new$1(49)) - s0@group-DBBE7E7C6C61->s2: commitIndex: updateToMax old=1, new=1, updated? false
2022-08-02 21:05:54,322 [grpc-default-executor-2] DEBUG leader.FollowerInfo (FollowerInfoImpl.java:lambda$new$1(49)) - s0@group-DBBE7E7C6C61->s2: matchIndex: updateToMax old=2, new=-1, updated? false
2022-08-02 21:05:54,322 [grpc-default-executor-3] DEBUG leader.FollowerInfo (FollowerInfoImpl.java:lambda$new$1(49)) - s0@group-DBBE7E7C6C61->s1: commitIndex: updateToMax old=1, new=1, updated? false
2022-08-02 21:05:54,323 [grpc-default-executor-3] DEBUG leader.FollowerInfo (FollowerInfoImpl.java:lambda$new$1(49)) - s0@group-DBBE7E7C6C61->s1: matchIndex: updateToMax old=2, new=-1, updated? false
2022-08-02 21:05:54,323 [grpc-default-executor-2] DEBUG leader.FollowerInfo (FollowerInfoImpl.java:lambda$new$1(49)) - s0@group-DBBE7E7C6C61->s2: commitIndex: updateToMax old=1, new=1, updated? false
2022-08-02 21:05:54,323 [grpc-default-executor-2] DEBUG leader.FollowerInfo (FollowerInfoImpl.java:lambda$new$1(49)) - s0@group-DBBE7E7C6C61->s2: matchIndex: updateToMax old=2, new=-1, updated? false
2022-08-02 21:05:54,324 [grpc-default-executor-3] DEBUG leader.FollowerInfo (FollowerInfoImpl.java:lambda$new$1(49)) - s0@group-DBBE7E7C6C61->s1: commitIndex: updateToMax old=1, new=1, updated? false
2022-08-02 21:05:54,324 [grpc-default-executor-3] DEBUG leader.FollowerInfo (FollowerInfoImpl.java:lambda$new$1(49)) - s0@group-DBBE7E7C6C61->s1: matchIndex: updateToMax old=2, new=-1, updated? false
2022-08-02 21:05:54,325 [grpc-default-executor-2] DEBUG leader.FollowerInfo (FollowerInfoImpl.java:lambda$new$1(49)) - s0@group-DBBE7E7C6C61->s2: commitIndex: updateToMax old=1, new=1, updated? false
2022-08-02 21:05:54,325 [grpc-default-executor-2] DEBUG leader.FollowerInfo (FollowerInfoImpl.java:lambda$new$1(49)) - s0@group-DBBE7E7C6C61->s2: matchIndex: updateToMax old=2, new=-1, updated? false
2022-08-02 21:05:54,326 [grpc-default-executor-3] DEBUG leader.FollowerInfo (FollowerInfoImpl.java:lambda$new$1(49)) - s0@group-DBBE7E7C6C61->s1: commitIndex: updateToMax old=1, new=1, updated? false
2022-08-02 21:05:54,326 [grpc-default-executor-3] DEBUG leader.FollowerInfo (FollowerInfoImpl.java:lambda$new$1(49)) - s0@group-DBBE7E7C6C61->s1: matchIndex: updateToMax old=2, new=-1, updated? false
2022-08-02 21:05:54,326 [grpc-default-executor-2] DEBUG leader.FollowerInfo (FollowerInfoImpl.java:lambda$new$1(49)) - s0@group-DBBE7E7C6C61->s2: commitIndex: updateToMax old=1, new=1, updated? false
2022-08-02 21:05:54,327 [grpc-default-executor-2] DEBUG leader.FollowerInfo (FollowerInfoImpl.java:lambda$new$1(49)) - s0@group-DBBE7E7C6C61->s2: matchIndex: updateToMax old=2, new=-1, updated? false
2022-08-02 21:05:54,327 [grpc-default-executor-3] DEBUG leader.FollowerInfo (FollowerInfoImpl.java:lambda$new$1(49)) - s0@group-DBBE7E7C6C61->s1: commitIndex: updateToMax old=1, new=1, updated? false
2022-08-02 21:05:54,327 [grpc-default-executor-3] DEBUG leader.FollowerInfo (FollowerInfoImpl.java:lambda$new$1(49)) - s0@group-DBBE7E7C6C61->s1: matchIndex: updateToMax old=2, new=-1, updated? false
2022-08-02 21:05:54,328 [grpc-default-executor-2] DEBUG leader.FollowerInfo (FollowerInfoImpl.java:lambda$new$1(49)) - s0@group-DBBE7E7C6C61->s2: commitIndex: updateToMax old=1, new=1, updated? false
2022-08-02 21:05:54,328 [grpc-default-executor-2] DEBUG leader.FollowerInfo (FollowerInfoImpl.java:lambda$new$1(49)) - s0@group-DBBE7E7C6C61->s2: matchIndex: updateToMax old=2, new=-1, updated? false
2022-08-02 21:05:54,329 [grpc-default-executor-3] DEBUG leader.FollowerInfo (FollowerInfoImpl.java:lambda$new$1(49)) - s0@group-DBBE7E7C6C61->s1: commitIndex: updateToMax old=1, new=1, updated? false
2022-08-02 21:05:54,329 [grpc-default-executor-3] DEBUG leader.FollowerInfo (FollowerInfoImpl.java:lambda$new$1(49)) - s0@group-DBBE7E7C6C61->s1: matchIndex: updateToMax old=2, new=-1, updated? false
2022-08-02 21:05:54,330 [grpc-default-executor-2] DEBUG leader.FollowerInfo (FollowerInfoImpl.java:lambda$new$1(49)) - s0@group-DBBE7E7C6C61->s2: commitIndex: updateToMax old=1, new=1, updated? false
2022-08-02 21:05:54,330 [grpc-default-executor-2] DEBUG leader.FollowerInfo (FollowerInfoImpl.java:lambda$new$1(49)) - s0@group-DBBE7E7C6C61->s2: matchIndex: updateToMax old=2, new=-1, updated? false
2022-08-02 21:05:54,331 [grpc-default-executor-3] DEBUG leader.FollowerInfo (FollowerInfoImpl.java:lambda$new$1(49)) - s0@group-DBBE7E7C6C61->s1: commitIndex: updateToMax old=1, new=1, updated? false
2022-08-02 21:05:54,331 [grpc-default-executor-3] DEBUG leader.FollowerInfo (FollowerInfoImpl.java:lambda$new$1(49)) - s0@group-DBBE7E7C6C61->s1: matchIndex: updateToMax old=2, new=-1, updated? false
2022-08-02 21:05:54,331 [grpc-default-executor-2] DEBUG leader.FollowerInfo (FollowerInfoImpl.java:lambda$new$1(49)) - s0@group-DBBE7E7C6C61->s2: commitIndex: updateToMax old=1, new=1, updated? false
2022-08-02 21:05:54,331 [grpc-default-executor-2] DEBUG leader.FollowerInfo (FollowerInfoImpl.java:lambda$new$1(49)) - s0@group-DBBE7E7C6C61->s2: matchIndex: updateToMax old=2, new=-1, updated? false
2022-08-02 21:05:54,332 [grpc-default-executor-3] DEBUG leader.FollowerInfo (FollowerInfoImpl.java:lambda$new$1(49)) - s0@group-DBBE7E7C6C61->s1: commitIndex: updateToMax old=1, new=1, updated? false
2022-08-02 21:05:54,332 [grpc-default-executor-3] DEBUG leader.FollowerInfo (FollowerInfoImpl.java:lambda$new$1(49)) - s0@group-DBBE7E7C6C61->s1: matchIndex: updateToMax old=2, new=-1, updated? false
2022-08-02 21:05:54,333 [grpc-default-executor-2] DEBUG leader.FollowerInfo (FollowerInfoImpl.java:lambda$new$1(49)) - s0@group-DBBE7E7C6C61->s2: commitIndex: updateToMax old=1, new=1, updated? false
2022-08-02 21:05:54,333 [grpc-default-executor-2] DEBUG leader.FollowerInfo (FollowerInfoImpl.java:lambda$new$1(49)) - s0@group-DBBE7E7C6C61->s2: matchIndex: updateToMax old=2, new=-1, updated? false
2022-08-02 21:05:54,334 [grpc-default-executor-3] DEBUG leader.FollowerInfo (FollowerInfoImpl.java:lambda$new$1(49)) - s0@group-DBBE7E7C6C61->s1: commitIndex: updateToMax old=1, new=1, updated? false
2022-08-02 21:05:54,334 [grpc-default-executor-3] DEBUG leader.FollowerInfo (FollowerInfoImpl.java:lambda$new$1(49)) - s0@group-DBBE7E7C6C61->s1: matchIndex: updateToMax old=2, new=-1, updated? false
2022-08-02 21:05:54,335 [grpc-default-executor-2] DEBUG leader.FollowerInfo (FollowerInfoImpl.java:lambda$new$1(49)) - s0@group-DBBE7E7C6C61->s2: commitIndex: updateToMax old=1, new=1, updated? false
2022-08-02 21:05:54,335 [grpc-default-executor-2] DEBUG leader.FollowerInfo (FollowerInfoImpl.java:lambda$new$1(49)) - s0@group-DBBE7E7C6C61->s2: matchIndex: updateToMax old=2, new=-1, updated? false
2022-08-02 21:05:54,335 [grpc-default-executor-3] DEBUG leader.FollowerInfo (FollowerInfoImpl.java:lambda$new$1(49)) - s0@group-DBBE7E7C6C61->s1: commitIndex: updateToMax old=1, new=1, updated? false
2022-08-02 21:05:54,336 [grpc-default-executor-3] DEBUG leader.FollowerInfo (FollowerInfoImpl.java:lambda$new$1(49)) - s0@group-DBBE7E7C6C61->s1: matchIndex: updateToMax old=2, new=-1, updated? false
2022-08-02 21:05:54,336 [grpc-default-executor-2] DEBUG leader.FollowerInfo (FollowerInfoImpl.java:lambda$new$1(49)) - s0@group-DBBE7E7C6C61->s2: commitIndex: updateToMax old=1, new=1, updated? false
2022-08-02 21:05:54,336 [grpc-default-executor-2] DEBUG leader.FollowerInfo (FollowerInfoImpl.java:lambda$new$1(49)) - s0@group-DBBE7E7C6C61->s2: matchIndex: updateToMax old=2, new=-1, updated? false
2022-08-02 21:05:54,337 [grpc-default-executor-3] DEBUG leader.FollowerInfo (FollowerInfoImpl.java:lambda$new$1(49)) - s0@group-DBBE7E7C6C61->s1: commitIndex: updateToMax old=1, new=1, updated? false
2022-08-02 21:05:54,337 [grpc-default-executor-3] DEBUG leader.FollowerInfo (FollowerInfoImpl.java:lambda$new$1(49)) - s0@group-DBBE7E7C6C61->s1: matchIndex: updateToMax old=2, new=-1, updated? false
2022-08-02 21:05:54,338 [grpc-default-executor-2] DEBUG leader.FollowerInfo (FollowerInfoImpl.java:lambda$new$1(49)) - s0@group-DBBE7E7C6C61->s2: commitIndex: updateToMax old=1, new=1, updated? false
2022-08-02 21:05:54,338 [grpc-default-executor-2] DEBUG leader.FollowerInfo (FollowerInfoImpl.java:lambda$new$1(49)) - s0@group-DBBE7E7C6C61->s2: matchIndex: updateToMax old=2, new=-1, updated? false
2022-08-02 21:05:54,339 [grpc-default-executor-3] DEBUG leader.FollowerInfo (FollowerInfoImpl.java:lambda$new$1(49)) - s0@group-DBBE7E7C6C61->s1: commitIndex: updateToMax old=1, new=1, updated? false
2022-08-02 21:05:54,339 [grpc-default-executor-3] DEBUG leader.FollowerInfo (FollowerInfoImpl.java:lambda$new$1(49)) - s0@group-DBBE7E7C6C61->s1: matchIndex: updateToMax old=2, new=-1, updated? false
2022-08-02 21:05:54,340 [grpc-default-executor-2] DEBUG leader.FollowerInfo (FollowerInfoImpl.java:lambda$new$1(49)) - s0@group-DBBE7E7C6C61->s2: commitIndex: updateToMax old=1, new=1, updated? false
2022-08-02 21:05:54,340 [grpc-default-executor-2] DEBUG leader.FollowerInfo (FollowerInfoImpl.java:lambda$new$1(49)) - s0@group-DBBE7E7C6C61->s2: matchIndex: updateToMax old=2, new=-1, updated? false
2022-08-02 21:05:54,341 [grpc-default-executor-3] DEBUG leader.FollowerInfo (FollowerInfoImpl.java:lambda$new$1(49)) - s0@group-DBBE7E7C6C61->s1: commitIndex: updateToMax old=1, new=1, updated? false
2022-08-02 21:05:54,341 [grpc-default-executor-3] DEBUG leader.FollowerInfo (FollowerInfoImpl.java:lambda$new$1(49)) - s0@group-DBBE7E7C6C61->s1: matchIndex: updateToMax old=2, new=-1, updated? false
2022-08-02 21:05:54,342 [grpc-default-executor-2] DEBUG leader.FollowerInfo (FollowerInfoImpl.java:lambda$new$1(49)) - s0@group-DBBE7E7C6C61->s2: commitIndex: updateToMax old=1, new=1, updated? false
2022-08-02 21:05:54,342 [grpc-default-executor-2] DEBUG leader.FollowerInfo (FollowerInfoImpl.java:lambda$new$1(49)) - s0@group-DBBE7E7C6C61->s2: matchIndex: updateToMax old=2, new=-1, updated? false
2022-08-02 21:05:54,342 [grpc-default-executor-3] DEBUG leader.FollowerInfo (FollowerInfoImpl.java:lambda$new$1(49)) - s0@group-DBBE7E7C6C61->s1: commitIndex: updateToMax old=1, new=1, updated? false
2022-08-02 21:05:54,342 [grpc-default-executor-3] DEBUG leader.FollowerInfo (FollowerInfoImpl.java:lambda$new$1(49)) - s0@group-DBBE7E7C6C61->s1: matchIndex: updateToMax old=2, new=-1, updated? false
2022-08-02 21:05:54,343 [grpc-default-executor-2] DEBUG leader.FollowerInfo (FollowerInfoImpl.java:lambda$new$1(49)) - s0@group-DBBE7E7C6C61->s2: commitIndex: updateToMax old=1, new=1, updated? false
2022-08-02 21:05:54,343 [grpc-default-executor-2] DEBUG leader.FollowerInfo (FollowerInfoImpl.java:lambda$new$1(49)) - s0@group-DBBE7E7C6C61->s2: matchIndex: updateToMax old=2, new=-1, updated? false
2022-08-02 21:05:54,344 [grpc-default-executor-3] DEBUG leader.FollowerInfo (FollowerInfoImpl.java:lambda$new$1(49)) - s0@group-DBBE7E7C6C61->s1: commitIndex: updateToMax old=1, new=1, updated? false
2022-08-02 21:05:54,344 [grpc-default-executor-3] DEBUG leader.FollowerInfo (FollowerInfoImpl.java:lambda$new$1(49)) - s0@group-DBBE7E7C6C61->s1: matchIndex: updateToMax old=2, new=-1, updated? false
2022-08-02 21:05:54,345 [grpc-default-executor-2] DEBUG leader.FollowerInfo (FollowerInfoImpl.java:lambda$new$1(49)) - s0@group-DBBE7E7C6C61->s2: commitIndex: updateToMax old=1, new=1, updated? false
2022-08-02 21:05:54,345 [grpc-default-executor-2] DEBUG leader.FollowerInfo (FollowerInfoImpl.java:lambda$new$1(49)) - s0@group-DBBE7E7C6C61->s2: matchIndex: updateToMax old=2, new=-1, updated? false
2022-08-02 21:05:54,346 [grpc-default-executor-3] DEBUG leader.FollowerInfo (FollowerInfoImpl.java:lambda$new$1(49)) - s0@group-DBBE7E7C6C61->s1: commitIndex: updateToMax old=1, new=1, updated? false
2022-08-02 21:05:54,346 [grpc-default-executor-3] DEBUG leader.FollowerInfo (FollowerInfoImpl.java:lambda$new$1(49)) - s0@group-DBBE7E7C6C61->s1: matchIndex: updateToMax old=2, new=-1, updated? false
2022-08-02 21:05:54,347 [grpc-default-executor-2] DEBUG leader.FollowerInfo (FollowerInfoImpl.java:lambda$new$1(49)) - s0@group-DBBE7E7C6C61->s2: commitIndex: updateToMax old=1, new=1, updated? false
2022-08-02 21:05:54,347 [grpc-default-executor-2] DEBUG leader.FollowerInfo (FollowerInfoImpl.java:lambda$new$1(49)) - s0@group-DBBE7E7C6C61->s2: matchIndex: updateToMax old=2, new=-1, updated? false
2022-08-02 21:05:54,348 [grpc-default-executor-3] DEBUG leader.FollowerInfo (FollowerInfoImpl.java:lambda$new$1(49)) - s0@group-DBBE7E7C6C61->s1: commitIndex: updateToMax old=1, new=1, updated? false
2022-08-02 21:05:54,348 [grpc-default-executor-3] DEBUG leader.FollowerInfo (FollowerInfoImpl.java:lambda$new$1(49)) - s0@group-DBBE7E7C6C61->s1: matchIndex: updateToMax old=2, new=-1, updated? false
2022-08-02 21:05:54,348 [grpc-default-executor-2] DEBUG leader.FollowerInfo (FollowerInfoImpl.java:lambda$new$1(49)) - s0@group-DBBE7E7C6C61->s2: commitIndex: updateToMax old=1, new=1, updated? false
2022-08-02 21:05:54,348 [grpc-default-executor-2] DEBUG leader.FollowerInfo (FollowerInfoImpl.java:lambda$new$1(49)) - s0@group-DBBE7E7C6C61->s2: matchIndex: updateToMax old=2, new=-1, updated? false
2022-08-02 21:05:54,349 [grpc-default-executor-3] DEBUG leader.FollowerInfo (FollowerInfoImpl.java:lambda$new$1(49)) - s0@group-DBBE7E7C6C61->s1: commitIndex: updateToMax old=1, new=1, updated? false
2022-08-02 21:05:54,349 [grpc-default-executor-3] DEBUG leader.FollowerInfo (FollowerInfoImpl.java:lambda$new$1(49)) - s0@group-DBBE7E7C6C61->s1: matchIndex: updateToMax old=2, new=-1, updated? false
2022-08-02 21:05:54,350 [grpc-default-executor-2] DEBUG leader.FollowerInfo (FollowerInfoImpl.java:lambda$new$1(49)) - s0@group-DBBE7E7C6C61->s2: commitIndex: updateToMax old=1, new=1, updated? false
2022-08-02 21:05:54,350 [grpc-default-executor-2] DEBUG leader.FollowerInfo (FollowerInfoImpl.java:lambda$new$1(49)) - s0@group-DBBE7E7C6C61->s2: matchIndex: updateToMax old=2, new=-1, updated? false
2022-08-02 21:05:54,351 [grpc-default-executor-3] DEBUG leader.FollowerInfo (FollowerInfoImpl.java:lambda$new$1(49)) - s0@group-DBBE7E7C6C61->s1: commitIndex: updateToMax old=1, new=1, updated? false
2022-08-02 21:05:54,351 [grpc-default-executor-3] DEBUG leader.FollowerInfo (FollowerInfoImpl.java:lambda$new$1(49)) - s0@group-DBBE7E7C6C61->s1: matchIndex: updateToMax old=2, new=-1, updated? false
2022-08-02 21:05:54,352 [grpc-default-executor-2] DEBUG leader.FollowerInfo (FollowerInfoImpl.java:lambda$new$1(49)) - s0@group-DBBE7E7C6C61->s2: commitIndex: updateToMax old=1, new=1, updated? false
2022-08-02 21:05:54,352 [grpc-default-executor-2] DEBUG leader.FollowerInfo (FollowerInfoImpl.java:lambda$new$1(49)) - s0@group-DBBE7E7C6C61->s2: matchIndex: updateToMax old=2, new=-1, updated? false
2022-08-02 21:05:54,353 [grpc-default-executor-3] DEBUG leader.FollowerInfo (FollowerInfoImpl.java:lambda$new$1(49)) - s0@group-DBBE7E7C6C61->s1: commitIndex: updateToMax old=1, new=1, updated? false
2022-08-02 21:05:54,353 [grpc-default-executor-3] DEBUG leader.FollowerInfo (FollowerInfoImpl.java:lambda$new$1(49)) - s0@group-DBBE7E7C6C61->s1: matchIndex: updateToMax old=2, new=-1, updated? false
2022-08-02 21:05:54,353 [grpc-default-executor-2] DEBUG leader.FollowerInfo (FollowerInfoImpl.java:lambda$new$1(49)) - s0@group-DBBE7E7C6C61->s2: commitIndex: updateToMax old=1, new=1, updated? false
2022-08-02 21:05:54,353 [grpc-default-executor-2] DEBUG leader.FollowerInfo (FollowerInfoImpl.java:lambda$new$1(49)) - s0@group-DBBE7E7C6C61->s2: matchIndex: updateToMax old=2, new=-1, updated? false
2022-08-02 21:05:54,354 [grpc-default-executor-3] DEBUG leader.FollowerInfo (FollowerInfoImpl.java:lambda$new$1(49)) - s0@group-DBBE7E7C6C61->s1: commitIndex: updateToMax old=1, new=1, updated? false
2022-08-02 21:05:54,354 [grpc-default-executor-3] DEBUG leader.FollowerInfo (FollowerInfoImpl.java:lambda$new$1(49)) - s0@group-DBBE7E7C6C61->s1: matchIndex: updateToMax old=2, new=-1, updated? false
2022-08-02 21:05:54,355 [grpc-default-executor-2] DEBUG leader.FollowerInfo (FollowerInfoImpl.java:lambda$new$1(49)) - s0@group-DBBE7E7C6C61->s2: commitIndex: updateToMax old=1, new=1, updated? false
2022-08-02 21:05:54,355 [grpc-default-executor-2] DEBUG leader.FollowerInfo (FollowerInfoImpl.java:lambda$new$1(49)) - s0@group-DBBE7E7C6C61->s2: matchIndex: updateToMax old=2, new=-1, updated? false
2022-08-02 21:05:54,356 [grpc-default-executor-3] DEBUG leader.FollowerInfo (FollowerInfoImpl.java:lambda$new$1(49)) - s0@group-DBBE7E7C6C61->s1: commitIndex: updateToMax old=1, new=1, updated? false
2022-08-02 21:05:54,356 [grpc-default-executor-3] DEBUG leader.FollowerInfo (FollowerInfoImpl.java:lambda$new$1(49)) - s0@group-DBBE7E7C6C61->s1: matchIndex: updateToMax old=2, new=-1, updated? false
2022-08-02 21:05:54,357 [grpc-default-executor-2] DEBUG leader.FollowerInfo (FollowerInfoImpl.java:lambda$new$1(49)) - s0@group-DBBE7E7C6C61->s2: commitIndex: updateToMax old=1, new=1, updated? false
2022-08-02 21:05:54,357 [grpc-default-executor-2] DEBUG leader.FollowerInfo (FollowerInfoImpl.java:lambda$new$1(49)) - s0@group-DBBE7E7C6C61->s2: matchIndex: updateToMax old=2, new=-1, updated? false
2022-08-02 21:05:54,357 [grpc-default-executor-3] DEBUG leader.FollowerInfo (FollowerInfoImpl.java:lambda$new$1(49)) - s0@group-DBBE7E7C6C61->s1: commitIndex: updateToMax old=1, new=1, updated? false
2022-08-02 21:05:54,358 [grpc-default-executor-3] DEBUG leader.FollowerInfo (FollowerInfoImpl.java:lambda$new$1(49)) - s0@group-DBBE7E7C6C61->s1: matchIndex: updateToMax old=2, new=-1, updated? false
2022-08-02 21:05:54,358 [grpc-default-executor-2] DEBUG leader.FollowerInfo (FollowerInfoImpl.java:lambda$new$1(49)) - s0@group-DBBE7E7C6C61->s2: commitIndex: updateToMax old=1, new=1, updated? false
2022-08-02 21:05:54,358 [grpc-default-executor-2] DEBUG leader.FollowerInfo (FollowerInfoImpl.java:lambda$new$1(49)) - s0@group-DBBE7E7C6C61->s2: matchIndex: updateToMax old=2, new=-1, updated? false
2022-08-02 21:05:54,359 [grpc-default-executor-3] DEBUG leader.FollowerInfo (FollowerInfoImpl.java:lambda$new$1(49)) - s0@group-DBBE7E7C6C61->s1: commitIndex: updateToMax old=1, new=1, updated? false
2022-08-02 21:05:54,359 [grpc-default-executor-3] DEBUG leader.FollowerInfo (FollowerInfoImpl.java:lambda$new$1(49)) - s0@group-DBBE7E7C6C61->s1: matchIndex: updateToMax old=2, new=-1, updated? false
2022-08-02 21:05:54,360 [grpc-default-executor-2] DEBUG leader.FollowerInfo (FollowerInfoImpl.java:lambda$new$1(49)) - s0@group-DBBE7E7C6C61->s2: commitIndex: updateToMax old=1, new=1, updated? false
2022-08-02 21:05:54,360 [grpc-default-executor-2] DEBUG leader.FollowerInfo (FollowerInfoImpl.java:lambda$new$1(49)) - s0@group-DBBE7E7C6C61->s2: matchIndex: updateToMax old=2, new=-1, updated? false
2022-08-02 21:05:54,361 [grpc-default-executor-3] DEBUG leader.FollowerInfo (FollowerInfoImpl.java:lambda$new$1(49)) - s0@group-DBBE7E7C6C61->s1: commitIndex: updateToMax old=1, new=1, updated? false
2022-08-02 21:05:54,361 [grpc-default-executor-3] DEBUG leader.FollowerInfo (FollowerInfoImpl.java:lambda$new$1(49)) - s0@group-DBBE7E7C6C61->s1: matchIndex: updateToMax old=2, new=-1, updated? false
2022-08-02 21:05:54,362 [grpc-default-executor-2] DEBUG leader.FollowerInfo (FollowerInfoImpl.java:lambda$new$1(49)) - s0@group-DBBE7E7C6C61->s2: commitIndex: updateToMax old=1, new=1, updated? false
2022-08-02 21:05:54,362 [grpc-default-executor-2] DEBUG leader.FollowerInfo (FollowerInfoImpl.java:lambda$new$1(49)) - s0@group-DBBE7E7C6C61->s2: matchIndex: updateToMax old=2, new=-1, updated? false
2022-08-02 21:05:54,362 [grpc-default-executor-3] DEBUG leader.FollowerInfo (FollowerInfoImpl.java:lambda$new$1(49)) - s0@group-DBBE7E7C6C61->s1: commitIndex: updateToMax old=1, new=1, updated? false
2022-08-02 21:05:54,362 [grpc-default-executor-3] DEBUG leader.FollowerInfo (FollowerInfoImpl.java:lambda$new$1(49)) - s0@group-DBBE7E7C6C61->s1: matchIndex: updateToMax old=2, new=-1, updated? false
2022-08-02 21:05:54,363 [grpc-default-executor-2] DEBUG leader.FollowerInfo (FollowerInfoImpl.java:lambda$new$1(49)) - s0@group-DBBE7E7C6C61->s2: commitIndex: updateToMax old=1, new=1, updated? false
2022-08-02 21:05:54,363 [grpc-default-executor-2] DEBUG leader.FollowerInfo (FollowerInfoImpl.java:lambda$new$1(49)) - s0@group-DBBE7E7C6C61->s2: matchIndex: updateToMax old=2, new=-1, updated? false
2022-08-02 21:05:54,364 [grpc-default-executor-3] DEBUG leader.FollowerInfo (FollowerInfoImpl.java:lambda$new$1(49)) - s0@group-DBBE7E7C6C61->s1: commitIndex: updateToMax old=1, new=1, updated? false
2022-08-02 21:05:54,364 [grpc-default-executor-3] DEBUG leader.FollowerInfo (FollowerInfoImpl.java:lambda$new$1(49)) - s0@group-DBBE7E7C6C61->s1: matchIndex: updateToMax old=2, new=-1, updated? false
2022-08-02 21:05:54,365 [grpc-default-executor-2] DEBUG leader.FollowerInfo (FollowerInfoImpl.java:lambda$new$1(49)) - s0@group-DBBE7E7C6C61->s2: commitIndex: updateToMax old=1, new=1, updated? false
2022-08-02 21:05:54,365 [grpc-default-executor-2] DEBUG leader.FollowerInfo (FollowerInfoImpl.java:lambda$new$1(49)) - s0@group-DBBE7E7C6C61->s2: matchIndex: updateToMax old=2, new=-1, updated? false
2022-08-02 21:05:54,365 [grpc-default-executor-3] DEBUG leader.FollowerInfo (FollowerInfoImpl.java:lambda$new$1(49)) - s0@group-DBBE7E7C6C61->s1: commitIndex: updateToMax old=1, new=1, updated? false
2022-08-02 21:05:54,365 [grpc-default-executor-3] DEBUG leader.FollowerInfo (FollowerInfoImpl.java:lambda$new$1(49)) - s0@group-DBBE7E7C6C61->s1: matchIndex: updateToMax old=2, new=-1, updated? false
2022-08-02 21:05:54,366 [grpc-default-executor-2] DEBUG leader.FollowerInfo (FollowerInfoImpl.java:lambda$new$1(49)) - s0@group-DBBE7E7C6C61->s2: commitIndex: updateToMax old=1, new=1, updated? false
2022-08-02 21:05:54,366 [grpc-default-executor-2] DEBUG leader.FollowerInfo (FollowerInfoImpl.java:lambda$new$1(49)) - s0@group-DBBE7E7C6C61->s2: matchIndex: updateToMax old=2, new=-1, updated? false
2022-08-02 21:05:54,367 [grpc-default-executor-3] DEBUG leader.FollowerInfo (FollowerInfoImpl.java:lambda$new$1(49)) - s0@group-DBBE7E7C6C61->s1: commitIndex: updateToMax old=1, new=1, updated? false
2022-08-02 21:05:54,367 [grpc-default-executor-3] DEBUG leader.FollowerInfo (FollowerInfoImpl.java:lambda$new$1(49)) - s0@group-DBBE7E7C6C61->s1: matchIndex: updateToMax old=2, new=-1, updated? false
2022-08-02 21:05:54,368 [grpc-default-executor-2] DEBUG leader.FollowerInfo (FollowerInfoImpl.java:lambda$new$1(49)) - s0@group-DBBE7E7C6C61->s2: commitIndex: updateToMax old=1, new=1, updated? false
2022-08-02 21:05:54,368 [grpc-default-executor-2] DEBUG leader.FollowerInfo (FollowerInfoImpl.java:lambda$new$1(49)) - s0@group-DBBE7E7C6C61->s2: matchIndex: updateToMax old=2, new=-1, updated? false
2022-08-02 21:05:54,369 [grpc-default-executor-3] DEBUG leader.FollowerInfo (FollowerInfoImpl.java:lambda$new$1(49)) - s0@group-DBBE7E7C6C61->s1: commitIndex: updateToMax old=1, new=1, updated? false
2022-08-02 21:05:54,369 [grpc-default-executor-3] DEBUG leader.FollowerInfo (FollowerInfoImpl.java:lambda$new$1(49)) - s0@group-DBBE7E7C6C61->s1: matchIndex: updateToMax old=2, new=-1, updated? false
2022-08-02 21:05:54,369 [grpc-default-executor-2] DEBUG leader.FollowerInfo (FollowerInfoImpl.java:lambda$new$1(49)) - s0@group-DBBE7E7C6C61->s2: commitIndex: updateToMax old=1, new=1, updated? false
2022-08-02 21:05:54,370 [grpc-default-executor-2] DEBUG leader.FollowerInfo (FollowerInfoImpl.java:lambda$new$1(49)) - s0@group-DBBE7E7C6C61->s2: matchIndex: updateToMax old=2, new=-1, updated? false
2022-08-02 21:05:54,370 [grpc-default-executor-3] DEBUG leader.FollowerInfo (FollowerInfoImpl.java:lambda$new$1(49)) - s0@group-DBBE7E7C6C61->s1: commitIndex: updateToMax old=1, new=1, updated? false
2022-08-02 21:05:54,370 [grpc-default-executor-3] DEBUG leader.FollowerInfo (FollowerInfoImpl.java:lambda$new$1(49)) - s0@group-DBBE7E7C6C61->s1: matchIndex: updateToMax old=2, new=-1, updated? false
2022-08-02 21:05:54,371 [grpc-default-executor-2] DEBUG leader.FollowerInfo (FollowerInfoImpl.java:lambda$new$1(49)) - s0@group-DBBE7E7C6C61->s2: commitIndex: updateToMax old=1, new=1, updated? false
2022-08-02 21:05:54,371 [grpc-default-executor-2] DEBUG leader.FollowerInfo (FollowerInfoImpl.java:lambda$new$1(49)) - s0@group-DBBE7E7C6C61->s2: matchIndex: updateToMax old=2, new=-1, updated? false
2022-08-02 21:05:54,372 [grpc-default-executor-3] DEBUG leader.FollowerInfo (FollowerInfoImpl.java:lambda$new$1(49)) - s0@group-DBBE7E7C6C61->s1: commitIndex: updateToMax old=1, new=1, updated? false
2022-08-02 21:05:54,372 [grpc-default-executor-3] DEBUG leader.FollowerInfo (FollowerInfoImpl.java:lambda$new$1(49)) - s0@group-DBBE7E7C6C61->s1: matchIndex: updateToMax old=2, new=-1, updated? false
2022-08-02 21:05:54,373 [grpc-default-executor-2] DEBUG leader.FollowerInfo (FollowerInfoImpl.java:lambda$new$1(49)) - s0@group-DBBE7E7C6C61->s2: commitIndex: updateToMax old=1, new=1, updated? false
2022-08-02 21:05:54,373 [grpc-default-executor-2] DEBUG leader.FollowerInfo (FollowerInfoImpl.java:lambda$new$1(49)) - s0@group-DBBE7E7C6C61->s2: matchIndex: updateToMax old=2, new=-1, updated? false
2022-08-02 21:05:54,374 [grpc-default-executor-3] DEBUG leader.FollowerInfo (FollowerInfoImpl.java:lambda$new$1(49)) - s0@group-DBBE7E7C6C61->s1: commitIndex: updateToMax old=1, new=1, updated? false
2022-08-02 21:05:54,374 [grpc-default-executor-3] DEBUG leader.FollowerInfo (FollowerInfoImpl.java:lambda$new$1(49)) - s0@group-DBBE7E7C6C61->s1: matchIndex: updateToMax old=2, new=-1, updated? false
2022-08-02 21:05:54,374 [grpc-default-executor-2] DEBUG leader.FollowerInfo (FollowerInfoImpl.java:lambda$new$1(49)) - s0@group-DBBE7E7C6C61->s2: commitIndex: updateToMax old=1, new=1, updated? false
2022-08-02 21:05:54,375 [grpc-default-executor-2] DEBUG leader.FollowerInfo (FollowerInfoImpl.java:lambda$new$1(49)) - s0@group-DBBE7E7C6C61->s2: matchIndex: updateToMax old=2, new=-1, updated? false
2022-08-02 21:05:54,375 [grpc-default-executor-3] DEBUG leader.FollowerInfo (FollowerInfoImpl.java:lambda$new$1(49)) - s0@group-DBBE7E7C6C61->s1: commitIndex: updateToMax old=1, new=1, updated? false
2022-08-02 21:05:54,375 [grpc-default-executor-3] DEBUG leader.FollowerInfo (FollowerInfoImpl.java:lambda$new$1(49)) - s0@group-DBBE7E7C6C61->s1: matchIndex: updateToMax old=2, new=-1, updated? false
2022-08-02 21:05:54,376 [grpc-default-executor-2] DEBUG leader.FollowerInfo (FollowerInfoImpl.java:lambda$new$1(49)) - s0@group-DBBE7E7C6C61->s2: commitIndex: updateToMax old=1, new=1, updated? false
2022-08-02 21:05:54,376 [grpc-default-executor-2] DEBUG leader.FollowerInfo (FollowerInfoImpl.java:lambda$new$1(49)) - s0@group-DBBE7E7C6C61->s2: matchIndex: updateToMax old=2, new=-1, updated? false
2022-08-02 21:05:54,377 [grpc-default-executor-3] DEBUG leader.FollowerInfo (FollowerInfoImpl.java:lambda$new$1(49)) - s0@group-DBBE7E7C6C61->s1: commitIndex: updateToMax old=1, new=1, updated? false
2022-08-02 21:05:54,377 [grpc-default-executor-3] DEBUG leader.FollowerInfo (FollowerInfoImpl.java:lambda$new$1(49)) - s0@group-DBBE7E7C6C61->s1: matchIndex: updateToMax old=2, new=-1, updated? false
2022-08-02 21:05:54,378 [grpc-default-executor-2] DEBUG leader.FollowerInfo (FollowerInfoImpl.java:lambda$new$1(49)) - s0@group-DBBE7E7C6C61->s2: commitIndex: updateToMax old=1, new=1, updated? false
2022-08-02 21:05:54,378 [grpc-default-executor-2] DEBUG leader.FollowerInfo (FollowerInfoImpl.java:lambda$new$1(49)) - s0@group-DBBE7E7C6C61->s2: matchIndex: updateToMax old=2, new=-1, updated? false
2022-08-02 21:05:54,379 [grpc-default-executor-3] DEBUG leader.FollowerInfo (FollowerInfoImpl.java:lambda$new$1(49)) - s0@group-DBBE7E7C6C61->s1: commitIndex: updateToMax old=1, new=1, updated? false
2022-08-02 21:05:54,379 [grpc-default-executor-3] DEBUG leader.FollowerInfo (FollowerInfoImpl.java:lambda$new$1(49)) - s0@group-DBBE7E7C6C61->s1: matchIndex: updateToMax old=2, new=-1, updated? false
2022-08-02 21:05:54,379 [grpc-default-executor-2] DEBUG leader.FollowerInfo (FollowerInfoImpl.java:lambda$new$1(49)) - s0@group-DBBE7E7C6C61->s2: commitIndex: updateToMax old=1, new=1, updated? false
2022-08-02 21:05:54,379 [grpc-default-executor-2] DEBUG leader.FollowerInfo (FollowerInfoImpl.java:lambda$new$1(49)) - s0@group-DBBE7E7C6C61->s2: matchIndex: updateToMax old=2, new=-1, updated? false
2022-08-02 21:05:54,380 [grpc-default-executor-3] DEBUG leader.FollowerInfo (FollowerInfoImpl.java:lambda$new$1(49)) - s0@group-DBBE7E7C6C61->s1: commitIndex: updateToMax old=1, new=1, updated? false
2022-08-02 21:05:54,380 [grpc-default-executor-3] DEBUG leader.FollowerInfo (FollowerInfoImpl.java:lambda$new$1(49)) - s0@group-DBBE7E7C6C61->s1: matchIndex: updateToMax old=2, new=-1, updated? false
2022-08-02 21:05:54,381 [grpc-default-executor-2] DEBUG leader.FollowerInfo (FollowerInfoImpl.java:lambda$new$1(49)) - s0@group-DBBE7E7C6C61->s2: commitIndex: updateToMax old=1, new=1, updated? false
2022-08-02 21:05:54,381 [grpc-default-executor-2] DEBUG leader.FollowerInfo (FollowerInfoImpl.java:lambda$new$1(49)) - s0@group-DBBE7E7C6C61->s2: matchIndex: updateToMax old=2, new=-1, updated? false
2022-08-02 21:05:54,382 [grpc-default-executor-3] DEBUG leader.FollowerInfo (FollowerInfoImpl.java:lambda$new$1(49)) - s0@group-DBBE7E7C6C61->s1: commitIndex: updateToMax old=1, new=1, updated? false
2022-08-02 21:05:54,382 [grpc-default-executor-3] DEBUG leader.FollowerInfo (FollowerInfoImpl.java:lambda$new$1(49)) - s0@group-DBBE7E7C6C61->s1: matchIndex: updateToMax old=2, new=-1, updated? false
2022-08-02 21:05:54,383 [grpc-default-executor-2] DEBUG leader.FollowerInfo (FollowerInfoImpl.java:lambda$new$1(49)) - s0@group-DBBE7E7C6C61->s2: commitIndex: updateToMax old=1, new=1, updated? false
2022-08-02 21:05:54,383 [grpc-default-executor-2] DEBUG leader.FollowerInfo (FollowerInfoImpl.java:lambda$new$1(49)) - s0@group-DBBE7E7C6C61->s2: matchIndex: updateToMax old=2, new=-1, updated? false
2022-08-02 21:05:54,383 [grpc-default-executor-3] DEBUG leader.FollowerInfo (FollowerInfoImpl.java:lambda$new$1(49)) - s0@group-DBBE7E7C6C61->s1: commitIndex: updateToMax old=1, new=1, updated? false
2022-08-02 21:05:54,384 [grpc-default-executor-3] DEBUG leader.FollowerInfo (FollowerInfoImpl.java:lambda$new$1(49)) - s0@group-DBBE7E7C6C61->s1: matchIndex: updateToMax old=2, new=-1, updated? false
2022-08-02 21:05:54,384 [grpc-default-executor-2] DEBUG leader.FollowerInfo (FollowerInfoImpl.java:lambda$new$1(49)) - s0@group-DBBE7E7C6C61->s2: commitIndex: updateToMax old=1, new=1, updated? false
2022-08-02 21:05:54,384 [grpc-default-executor-2] DEBUG leader.FollowerInfo (FollowerInfoImpl.java:lambda$new$1(49)) - s0@group-DBBE7E7C6C61->s2: matchIndex: updateToMax old=2, new=-1, updated? false
2022-08-02 21:05:54,385 [grpc-default-executor-3] DEBUG leader.FollowerInfo (FollowerInfoImpl.java:lambda$new$1(49)) - s0@group-DBBE7E7C6C61->s1: commitIndex: updateToMax old=1, new=1, updated? false
2022-08-02 21:05:54,385 [grpc-default-executor-3] DEBUG leader.FollowerInfo (FollowerInfoImpl.java:lambda$new$1(49)) - s0@group-DBBE7E7C6C61->s1: matchIndex: updateToMax old=2, new=-1, updated? false
2022-08-02 21:05:54,386 [grpc-default-executor-2] DEBUG leader.FollowerInfo (FollowerInfoImpl.java:lambda$new$1(49)) - s0@group-DBBE7E7C6C61->s2: commitIndex: updateToMax old=1, new=1, updated? false
2022-08-02 21:05:54,386 [grpc-default-executor-2] DEBUG leader.FollowerInfo (FollowerInfoImpl.java:lambda$new$1(49)) - s0@group-DBBE7E7C6C61->s2: matchIndex: updateToMax old=2, new=-1, updated? false
2022-08-02 21:05:54,387 [grpc-default-executor-3] DEBUG leader.FollowerInfo (FollowerInfoImpl.java:lambda$new$1(49)) - s0@group-DBBE7E7C6C61->s1: commitIndex: updateToMax old=1, new=1, updated? false
2022-08-02 21:05:54,387 [grpc-default-executor-3] DEBUG leader.FollowerInfo (FollowerInfoImpl.java:lambda$new$1(49)) - s0@group-DBBE7E7C6C61->s1: matchIndex: updateToMax old=2, new=-1, updated? false
2022-08-02 21:05:54,388 [grpc-default-executor-2] DEBUG leader.FollowerInfo (FollowerInfoImpl.java:lambda$new$1(49)) - s0@group-DBBE7E7C6C61->s2: commitIndex: updateToMax old=1, new=1, updated? false
2022-08-02 21:05:54,388 [grpc-default-executor-2] DEBUG leader.FollowerInfo (FollowerInfoImpl.java:lambda$new$1(49)) - s0@group-DBBE7E7C6C61->s2: matchIndex: updateToMax old=2, new=-1, updated? false
2022-08-02 21:05:54,388 [grpc-default-executor-3] DEBUG leader.FollowerInfo (FollowerInfoImpl.java:lambda$new$1(49)) - s0@group-DBBE7E7C6C61->s1: commitIndex: updateToMax old=1, new=1, updated? false
2022-08-02 21:05:54,388 [grpc-default-executor-3] DEBUG leader.FollowerInfo (FollowerInfoImpl.java:lambda$new$1(49)) - s0@group-DBBE7E7C6C61->s1: matchIndex: updateToMax old=2, new=-1, updated? false
2022-08-02 21:05:54,389 [grpc-default-executor-2] DEBUG leader.FollowerInfo (FollowerInfoImpl.java:lambda$new$1(49)) - s0@group-DBBE7E7C6C61->s2: commitIndex: updateToMax old=1, new=1, updated? false
2022-08-02 21:05:54,389 [grpc-default-executor-2] DEBUG leader.FollowerInfo (FollowerInfoImpl.java:lambda$new$1(49)) - s0@group-DBBE7E7C6C61->s2: matchIndex: updateToMax old=2, new=-1, updated? false
2022-08-02 21:05:54,390 [grpc-default-executor-3] DEBUG leader.FollowerInfo (FollowerInfoImpl.java:lambda$new$1(49)) - s0@group-DBBE7E7C6C61->s1: commitIndex: updateToMax old=1, new=1, updated? false
2022-08-02 21:05:54,390 [grpc-default-executor-3] DEBUG leader.FollowerInfo (FollowerInfoImpl.java:lambda$new$1(49)) - s0@group-DBBE7E7C6C61->s1: matchIndex: updateToMax old=2, new=-1, updated? false
2022-08-02 21:05:54,391 [grpc-default-executor-2] DEBUG leader.FollowerInfo (FollowerInfoImpl.java:lambda$new$1(49)) - s0@group-DBBE7E7C6C61->s2: commitIndex: updateToMax old=1, new=1, updated? false
2022-08-02 21:05:54,391 [grpc-default-executor-2] DEBUG leader.FollowerInfo (FollowerInfoImpl.java:lambda$new$1(49)) - s0@group-DBBE7E7C6C61->s2: matchIndex: updateToMax old=2, new=-1, updated? false
2022-08-02 21:05:54,392 [grpc-default-executor-3] DEBUG leader.FollowerInfo (FollowerInfoImpl.java:lambda$new$1(49)) - s0@group-DBBE7E7C6C61->s1: commitIndex: updateToMax old=1, new=1, updated? false
2022-08-02 21:05:54,392 [grpc-default-executor-3] DEBUG leader.FollowerInfo (FollowerInfoImpl.java:lambda$new$1(49)) - s0@group-DBBE7E7C6C61->s1: matchIndex: updateToMax old=2, new=-1, updated? false
2022-08-02 21:05:54,393 [grpc-default-executor-2] DEBUG leader.FollowerInfo (FollowerInfoImpl.java:lambda$new$1(49)) - s0@group-DBBE7E7C6C61->s2: commitIndex: updateToMax old=1, new=1, updated? false
2022-08-02 21:05:54,393 [grpc-default-executor-2] DEBUG leader.FollowerInfo (FollowerInfoImpl.java:lambda$new$1(49)) - s0@group-DBBE7E7C6C61->s2: matchIndex: updateToMax old=2, new=-1, updated? false
2022-08-02 21:05:54,393 [grpc-default-executor-3] DEBUG leader.FollowerInfo (FollowerInfoImpl.java:lambda$new$1(49)) - s0@group-DBBE7E7C6C61->s1: commitIndex: updateToMax old=1, new=1, updated? false
2022-08-02 21:05:54,393 [grpc-default-executor-3] DEBUG leader.FollowerInfo (FollowerInfoImpl.java:lambda$new$1(49)) - s0@group-DBBE7E7C6C61->s1: matchIndex: updateToMax old=2, new=-1, updated? false
2022-08-02 21:05:54,394 [grpc-default-executor-3] DEBUG leader.FollowerInfo (FollowerInfoImpl.java:lambda$new$1(49)) - s0@group-DBBE7E7C6C61->s2: commitIndex: updateToMax old=1, new=1, updated? false
2022-08-02 21:05:54,394 [grpc-default-executor-3] DEBUG leader.FollowerInfo (FollowerInfoImpl.java:lambda$new$1(49)) - s0@group-DBBE7E7C6C61->s2: matchIndex: updateToMax old=2, new=-1, updated? false
2022-08-02 21:05:54,394 [grpc-default-executor-2] DEBUG leader.FollowerInfo (FollowerInfoImpl.java:lambda$new$1(49)) - s0@group-DBBE7E7C6C61->s1: commitIndex: updateToMax old=1, new=1, updated? false
2022-08-02 21:05:54,394 [grpc-default-executor-2] DEBUG leader.FollowerInfo (FollowerInfoImpl.java:lambda$new$1(49)) - s0@group-DBBE7E7C6C61->s1: matchIndex: updateToMax old=2, new=-1, updated? false
2022-08-02 21:05:54,395 [grpc-default-executor-3] DEBUG leader.FollowerInfo (FollowerInfoImpl.java:lambda$new$1(49)) - s0@group-DBBE7E7C6C61->s1: commitIndex: updateToMax old=1, new=1, updated? false
2022-08-02 21:05:54,395 [grpc-default-executor-2] DEBUG leader.FollowerInfo (FollowerInfoImpl.java:lambda$new$1(49)) - s0@group-DBBE7E7C6C61->s2: commitIndex: updateToMax old=1, new=1, updated? false
2022-08-02 21:05:54,395 [grpc-default-executor-2] DEBUG leader.FollowerInfo (FollowerInfoImpl.java:lambda$new$1(49)) - s0@group-DBBE7E7C6C61->s2: matchIndex: updateToMax old=2, new=-1, updated? false
2022-08-02 21:05:54,395 [grpc-default-executor-3] DEBUG leader.FollowerInfo (FollowerInfoImpl.java:lambda$new$1(49)) - s0@group-DBBE7E7C6C61->s1: matchIndex: updateToMax old=2, new=-1, updated? false
2022-08-02 21:05:54,396 [grpc-default-executor-2] DEBUG leader.FollowerInfo (FollowerInfoImpl.java:lambda$new$1(49)) - s0@group-DBBE7E7C6C61->s2: commitIndex: updateToMax old=1, new=1, updated? false
2022-08-02 21:05:54,396 [grpc-default-executor-2] DEBUG leader.FollowerInfo (FollowerInfoImpl.java:lambda$new$1(49)) - s0@group-DBBE7E7C6C61->s2: matchIndex: updateToMax old=2, new=-1, updated? false
2022-08-02 21:05:54,397 [grpc-default-executor-3] DEBUG leader.FollowerInfo (FollowerInfoImpl.java:lambda$new$1(49)) - s0@group-DBBE7E7C6C61->s1: commitIndex: updateToMax old=1, new=1, updated? false
2022-08-02 21:05:54,397 [grpc-default-executor-3] DEBUG leader.FollowerInfo (FollowerInfoImpl.java:lambda$new$1(49)) - s0@group-DBBE7E7C6C61->s1: matchIndex: updateToMax old=2, new=-1, updated? false
2022-08-02 21:05:54,398 [grpc-default-executor-2] DEBUG leader.FollowerInfo (FollowerInfoImpl.java:lambda$new$1(49)) - s0@group-DBBE7E7C6C61->s2: commitIndex: updateToMax old=1, new=1, updated? false
2022-08-02 21:05:54,398 [grpc-default-executor-2] DEBUG leader.FollowerInfo (FollowerInfoImpl.java:lambda$new$1(49)) - s0@group-DBBE7E7C6C61->s2: matchIndex: updateToMax old=2, new=-1, updated? false
2022-08-02 21:05:54,398 [grpc-default-executor-3] DEBUG leader.FollowerInfo (FollowerInfoImpl.java:lambda$new$1(49)) - s0@group-DBBE7E7C6C61->s1: commitIndex: updateToMax old=1, new=1, updated? false
2022-08-02 21:05:54,398 [grpc-default-executor-3] DEBUG leader.FollowerInfo (FollowerInfoImpl.java:lambda$new$1(49)) - s0@group-DBBE7E7C6C61->s1: matchIndex: updateToMax old=2, new=-1, updated? false
2022-08-02 21:05:54,399 [grpc-default-executor-2] DEBUG leader.FollowerInfo (FollowerInfoImpl.java:lambda$new$1(49)) - s0@group-DBBE7E7C6C61->s2: commitIndex: updateToMax old=1, new=1, updated? false
2022-08-02 21:05:54,399 [grpc-default-executor-2] DEBUG leader.FollowerInfo (FollowerInfoImpl.java:lambda$new$1(49)) - s0@group-DBBE7E7C6C61->s2: matchIndex: updateToMax old=2, new=-1, updated? false
2022-08-02 21:05:54,400 [grpc-default-executor-3] DEBUG leader.FollowerInfo (FollowerInfoImpl.java:lambda$new$1(49)) - s0@group-DBBE7E7C6C61->s1: commitIndex: updateToMax old=1, new=1, updated? false
2022-08-02 21:05:54,400 [grpc-default-executor-3] DEBUG leader.FollowerInfo (FollowerInfoImpl.java:lambda$new$1(49)) - s0@group-DBBE7E7C6C61->s1: matchIndex: updateToMax old=2, new=-1, updated? false
2022-08-02 21:05:54,403 [grpc-default-executor-2] DEBUG leader.FollowerInfo (FollowerInfoImpl.java:lambda$new$1(49)) - s0@group-DBBE7E7C6C61->s2: commitIndex: updateToMax old=1, new=1, updated? false
2022-08-02 21:05:54,404 [grpc-default-executor-2] DEBUG leader.FollowerInfo (FollowerInfoImpl.java:lambda$new$1(49)) - s0@group-DBBE7E7C6C61->s2: matchIndex: updateToMax old=2, new=-1, updated? false
2022-08-02 21:05:54,404 [grpc-default-executor-3] DEBUG leader.FollowerInfo (FollowerInfoImpl.java:lambda$new$1(49)) - s0@group-DBBE7E7C6C61->s1: commitIndex: updateToMax old=1, new=1, updated? false
2022-08-02 21:05:54,404 [grpc-default-executor-3] DEBUG leader.FollowerInfo (FollowerInfoImpl.java:lambda$new$1(49)) - s0@group-DBBE7E7C6C61->s1: matchIndex: updateToMax old=2, new=-1, updated? false
2022-08-02 21:05:54,405 [grpc-default-executor-2] DEBUG leader.FollowerInfo (FollowerInfoImpl.java:lambda$new$1(49)) - s0@group-DBBE7E7C6C61->s2: commitIndex: updateToMax old=1, new=1, updated? false
2022-08-02 21:05:54,405 [grpc-default-executor-2] DEBUG leader.FollowerInfo (FollowerInfoImpl.java:lambda$new$1(49)) - s0@group-DBBE7E7C6C61->s2: matchIndex: updateToMax old=2, new=-1, updated? false
2022-08-02 21:05:54,406 [grpc-default-executor-3] DEBUG leader.FollowerInfo (FollowerInfoImpl.java:lambda$new$1(49)) - s0@group-DBBE7E7C6C61->s1: commitIndex: updateToMax old=1, new=1, updated? false
2022-08-02 21:05:54,406 [grpc-default-executor-3] DEBUG leader.FollowerInfo (FollowerInfoImpl.java:lambda$new$1(49)) - s0@group-DBBE7E7C6C61->s1: matchIndex: updateToMax old=2, new=-1, updated? false
2022-08-02 21:05:54,407 [grpc-default-executor-2] DEBUG leader.FollowerInfo (FollowerInfoImpl.java:lambda$new$1(49)) - s0@group-DBBE7E7C6C61->s2: commitIndex: updateToMax old=1, new=1, updated? false
2022-08-02 21:05:54,407 [grpc-default-executor-2] DEBUG leader.FollowerInfo (FollowerInfoImpl.java:lambda$new$1(49)) - s0@group-DBBE7E7C6C61->s2: matchIndex: updateToMax old=2, new=-1, updated? false
2022-08-02 21:05:54,407 [grpc-default-executor-3] DEBUG leader.FollowerInfo (FollowerInfoImpl.java:lambda$new$1(49)) - s0@group-DBBE7E7C6C61->s1: commitIndex: updateToMax old=1, new=1, updated? false
2022-08-02 21:05:54,407 [grpc-default-executor-3] DEBUG leader.FollowerInfo (FollowerInfoImpl.java:lambda$new$1(49)) - s0@group-DBBE7E7C6C61->s1: matchIndex: updateToMax old=2, new=-1, updated? false
2022-08-02 21:05:54,408 [grpc-default-executor-2] DEBUG leader.FollowerInfo (FollowerInfoImpl.java:lambda$new$1(49)) - s0@group-DBBE7E7C6C61->s2: commitIndex: updateToMax old=1, new=1, updated? false
2022-08-02 21:05:54,408 [grpc-default-executor-2] DEBUG leader.FollowerInfo (FollowerInfoImpl.java:lambda$new$1(49)) - s0@group-DBBE7E7C6C61->s2: matchIndex: updateToMax old=2, new=-1, updated? false
2022-08-02 21:05:54,409 [grpc-default-executor-3] DEBUG leader.FollowerInfo (FollowerInfoImpl.java:lambda$new$1(49)) - s0@group-DBBE7E7C6C61->s1: commitIndex: updateToMax old=1, new=1, updated? false
2022-08-02 21:05:54,409 [grpc-default-executor-3] DEBUG leader.FollowerInfo (FollowerInfoImpl.java:lambda$new$1(49)) - s0@group-DBBE7E7C6C61->s1: matchIndex: updateToMax old=2, new=-1, updated? false
2022-08-02 21:05:54,410 [grpc-default-executor-2] DEBUG leader.FollowerInfo (FollowerInfoImpl.java:lambda$new$1(49)) - s0@group-DBBE7E7C6C61->s2: commitIndex: updateToMax old=1, new=1, updated? false
2022-08-02 21:05:54,410 [grpc-default-executor-2] DEBUG leader.FollowerInfo (FollowerInfoImpl.java:lambda$new$1(49)) - s0@group-DBBE7E7C6C61->s2: matchIndex: updateToMax old=2, new=-1, updated? false
2022-08-02 21:05:54,411 [grpc-default-executor-3] DEBUG leader.FollowerInfo (FollowerInfoImpl.java:lambda$new$1(49)) - s0@group-DBBE7E7C6C61->s1: commitIndex: updateToMax old=1, new=1, updated? false
2022-08-02 21:05:54,411 [grpc-default-executor-3] DEBUG leader.FollowerInfo (FollowerInfoImpl.java:lambda$new$1(49)) - s0@group-DBBE7E7C6C61->s1: matchIndex: updateToMax old=2, new=-1, updated? false
2022-08-02 21:05:54,411 [grpc-default-executor-2] DEBUG leader.FollowerInfo (FollowerInfoImpl.java:lambda$new$1(49)) - s0@group-DBBE7E7C6C61->s2: commitIndex: updateToMax old=1, new=1, updated? false
2022-08-02 21:05:54,411 [grpc-default-executor-2] DEBUG leader.FollowerInfo (FollowerInfoImpl.java:lambda$new$1(49)) - s0@group-DBBE7E7C6C61->s2: matchIndex: updateToMax old=2, new=-1, updated? false
2022-08-02 21:05:54,412 [grpc-default-executor-3] DEBUG leader.FollowerInfo (FollowerInfoImpl.java:lambda$new$1(49)) - s0@group-DBBE7E7C6C61->s1: commitIndex: updateToMax old=1, new=1, updated? false
2022-08-02 21:05:54,412 [grpc-default-executor-3] DEBUG leader.FollowerInfo (FollowerInfoImpl.java:lambda$new$1(49)) - s0@group-DBBE7E7C6C61->s1: matchIndex: updateToMax old=2, new=-1, updated? false
2022-08-02 21:05:54,413 [grpc-default-executor-2] DEBUG leader.FollowerInfo (FollowerInfoImpl.java:lambda$new$1(49)) - s0@group-DBBE7E7C6C61->s2: commitIndex: updateToMax old=1, new=1, updated? false
2022-08-02 21:05:54,413 [grpc-default-executor-2] DEBUG leader.FollowerInfo (FollowerInfoImpl.java:lambda$new$1(49)) - s0@group-DBBE7E7C6C61->s2: matchIndex: updateToMax old=2, new=-1, updated? false
2022-08-02 21:05:54,414 [grpc-default-executor-3] DEBUG leader.FollowerInfo (FollowerInfoImpl.java:lambda$new$1(49)) - s0@group-DBBE7E7C6C61->s1: commitIndex: updateToMax old=1, new=1, updated? false
2022-08-02 21:05:54,414 [grpc-default-executor-3] DEBUG leader.FollowerInfo (FollowerInfoImpl.java:lambda$new$1(49)) - s0@group-DBBE7E7C6C61->s1: matchIndex: updateToMax old=2, new=-1, updated? false
2022-08-02 21:05:54,414 [grpc-default-executor-2] DEBUG leader.FollowerInfo (FollowerInfoImpl.java:lambda$new$1(49)) - s0@group-DBBE7E7C6C61->s2: commitIndex: updateToMax old=1, new=1, updated? false
2022-08-02 21:05:54,414 [grpc-default-executor-2] DEBUG leader.FollowerInfo (FollowerInfoImpl.java:lambda$new$1(49)) - s0@group-DBBE7E7C6C61->s2: matchIndex: updateToMax old=2, new=-1, updated? false
2022-08-02 21:05:54,415 [grpc-default-executor-3] DEBUG leader.FollowerInfo (FollowerInfoImpl.java:lambda$new$1(49)) - s0@group-DBBE7E7C6C61->s1: commitIndex: updateToMax old=1, new=1, updated? false
2022-08-02 21:05:54,415 [grpc-default-executor-3] DEBUG leader.FollowerInfo (FollowerInfoImpl.java:lambda$new$1(49)) - s0@group-DBBE7E7C6C61->s1: matchIndex: updateToMax old=2, new=-1, updated? false
2022-08-02 21:05:54,416 [grpc-default-executor-2] DEBUG leader.FollowerInfo (FollowerInfoImpl.java:lambda$new$1(49)) - s0@group-DBBE7E7C6C61->s2: commitIndex: updateToMax old=1, new=1, updated? false
2022-08-02 21:05:54,416 [grpc-default-executor-2] DEBUG leader.FollowerInfo (FollowerInfoImpl.java:lambda$new$1(49)) - s0@group-DBBE7E7C6C61->s2: matchIndex: updateToMax old=2, new=-1, updated? false
2022-08-02 21:05:54,417 [grpc-default-executor-3] DEBUG leader.FollowerInfo (FollowerInfoImpl.java:lambda$new$1(49)) - s0@group-DBBE7E7C6C61->s1: commitIndex: updateToMax old=1, new=1, updated? false
2022-08-02 21:05:54,417 [grpc-default-executor-3] DEBUG leader.FollowerInfo (FollowerInfoImpl.java:lambda$new$1(49)) - s0@group-DBBE7E7C6C61->s1: matchIndex: updateToMax old=2, new=-1, updated? false
2022-08-02 21:05:54,418 [grpc-default-executor-2] DEBUG leader.FollowerInfo (FollowerInfoImpl.java:lambda$new$1(49)) - s0@group-DBBE7E7C6C61->s2: commitIndex: updateToMax old=1, new=1, updated? false
2022-08-02 21:05:54,418 [grpc-default-executor-2] DEBUG leader.FollowerInfo (FollowerInfoImpl.java:lambda$new$1(49)) - s0@group-DBBE7E7C6C61->s2: matchIndex: updateToMax old=2, new=-1, updated? false
2022-08-02 21:05:54,418 [grpc-default-executor-3] DEBUG leader.FollowerInfo (FollowerInfoImpl.java:lambda$new$1(49)) - s0@group-DBBE7E7C6C61->s1: commitIndex: updateToMax old=1, new=1, updated? false
2022-08-02 21:05:54,418 [grpc-default-executor-3] DEBUG leader.FollowerInfo (FollowerInfoImpl.java:lambda$new$1(49)) - s0@group-DBBE7E7C6C61->s1: matchIndex: updateToMax old=2, new=-1, updated? false
2022-08-02 21:05:54,419 [grpc-default-executor-2] DEBUG leader.FollowerInfo (FollowerInfoImpl.java:lambda$new$1(49)) - s0@group-DBBE7E7C6C61->s2: commitIndex: updateToMax old=1, new=1, updated? false
2022-08-02 21:05:54,419 [grpc-default-executor-2] DEBUG leader.FollowerInfo (FollowerInfoImpl.java:lambda$new$1(49)) - s0@group-DBBE7E7C6C61->s2: matchIndex: updateToMax old=2, new=-1, updated? false
2022-08-02 21:05:54,420 [grpc-default-executor-3] DEBUG leader.FollowerInfo (FollowerInfoImpl.java:lambda$new$1(49)) - s0@group-DBBE7E7C6C61->s1: commitIndex: updateToMax old=1, new=1, updated? false
2022-08-02 21:05:54,420 [grpc-default-executor-3] DEBUG leader.FollowerInfo (FollowerInfoImpl.java:lambda$new$1(49)) - s0@group-DBBE7E7C6C61->s1: matchIndex: updateToMax old=2, new=-1, updated? false
2022-08-02 21:05:54,421 [grpc-default-executor-2] DEBUG leader.FollowerInfo (FollowerInfoImpl.java:lambda$new$1(49)) - s0@group-DBBE7E7C6C61->s2: commitIndex: updateToMax old=1, new=1, updated? false
2022-08-02 21:05:54,421 [grpc-default-executor-2] DEBUG leader.FollowerInfo (FollowerInfoImpl.java:lambda$new$1(49)) - s0@group-DBBE7E7C6C61->s2: matchIndex: updateToMax old=2, new=-1, updated? false
2022-08-02 21:05:54,421 [grpc-default-executor-3] DEBUG leader.FollowerInfo (FollowerInfoImpl.java:lambda$new$1(49)) - s0@group-DBBE7E7C6C61->s1: commitIndex: updateToMax old=1, new=1, updated? false
2022-08-02 21:05:54,422 [grpc-default-executor-3] DEBUG leader.FollowerInfo (FollowerInfoImpl.java:lambda$new$1(49)) - s0@group-DBBE7E7C6C61->s1: matchIndex: updateToMax old=2, new=-1, updated? false
2022-08-02 21:05:54,422 [grpc-default-executor-2] DEBUG leader.FollowerInfo (FollowerInfoImpl.java:lambda$new$1(49)) - s0@group-DBBE7E7C6C61->s2: commitIndex: updateToMax old=1, new=1, updated? false
2022-08-02 21:05:54,422 [grpc-default-executor-2] DEBUG leader.FollowerInfo (FollowerInfoImpl.java:lambda$new$1(49)) - s0@group-DBBE7E7C6C61->s2: matchIndex: updateToMax old=2, new=-1, updated? false
2022-08-02 21:05:54,423 [grpc-default-executor-3] DEBUG leader.FollowerInfo (FollowerInfoImpl.java:lambda$new$1(49)) - s0@group-DBBE7E7C6C61->s1: commitIndex: updateToMax old=1, new=1, updated? false
2022-08-02 21:05:54,423 [grpc-default-executor-3] DEBUG leader.FollowerInfo (FollowerInfoImpl.java:lambda$new$1(49)) - s0@group-DBBE7E7C6C61->s1: matchIndex: updateToMax old=2, new=-1, updated? false
2022-08-02 21:05:54,424 [grpc-default-executor-2] DEBUG leader.FollowerInfo (FollowerInfoImpl.java:lambda$new$1(49)) - s0@group-DBBE7E7C6C61->s2: commitIndex: updateToMax old=1, new=1, updated? false
2022-08-02 21:05:54,424 [grpc-default-executor-2] DEBUG leader.FollowerInfo (FollowerInfoImpl.java:lambda$new$1(49)) - s0@group-DBBE7E7C6C61->s2: matchIndex: updateToMax old=2, new=-1, updated? false
2022-08-02 21:05:54,425 [grpc-default-executor-3] DEBUG leader.FollowerInfo (FollowerInfoImpl.java:lambda$new$1(49)) - s0@group-DBBE7E7C6C61->s1: commitIndex: updateToMax old=1, new=1, updated? false
2022-08-02 21:05:54,425 [grpc-default-executor-3] DEBUG leader.FollowerInfo (FollowerInfoImpl.java:lambda$new$1(49)) - s0@group-DBBE7E7C6C61->s1: matchIndex: updateToMax old=2, new=-1, updated? false
2022-08-02 21:05:54,425 [grpc-default-executor-2] DEBUG leader.FollowerInfo (FollowerInfoImpl.java:lambda$new$1(49)) - s0@group-DBBE7E7C6C61->s2: commitIndex: updateToMax old=1, new=1, updated? false
2022-08-02 21:05:54,426 [grpc-default-executor-2] DEBUG leader.FollowerInfo (FollowerInfoImpl.java:lambda$new$1(49)) - s0@group-DBBE7E7C6C61->s2: matchIndex: updateToMax old=2, new=-1, updated? false
2022-08-02 21:05:54,426 [grpc-default-executor-3] DEBUG leader.FollowerInfo (FollowerInfoImpl.java:lambda$new$1(49)) - s0@group-DBBE7E7C6C61->s1: commitIndex: updateToMax old=1, new=1, updated? false
2022-08-02 21:05:54,426 [grpc-default-executor-3] DEBUG leader.FollowerInfo (FollowerInfoImpl.java:lambda$new$1(49)) - s0@group-DBBE7E7C6C61->s1: matchIndex: updateToMax old=2, new=-1, updated? false
2022-08-02 21:05:54,427 [grpc-default-executor-2] DEBUG leader.FollowerInfo (FollowerInfoImpl.java:lambda$new$1(49)) - s0@group-DBBE7E7C6C61->s2: commitIndex: updateToMax old=1, new=1, updated? false
2022-08-02 21:05:54,427 [grpc-default-executor-2] DEBUG leader.FollowerInfo (FollowerInfoImpl.java:lambda$new$1(49)) - s0@group-DBBE7E7C6C61->s2: matchIndex: updateToMax old=2, new=-1, updated? false
2022-08-02 21:05:54,428 [grpc-default-executor-3] DEBUG leader.FollowerInfo (FollowerInfoImpl.java:lambda$new$1(49)) - s0@group-DBBE7E7C6C61->s1: commitIndex: updateToMax old=1, new=1, updated? false
2022-08-02 21:05:54,428 [grpc-default-executor-3] DEBUG leader.FollowerInfo (FollowerInfoImpl.java:lambda$new$1(49)) - s0@group-DBBE7E7C6C61->s1: matchIndex: updateToMax old=2, new=-1, updated? false
2022-08-02 21:05:54,429 [grpc-default-executor-2] DEBUG leader.FollowerInfo (FollowerInfoImpl.java:lambda$new$1(49)) - s0@group-DBBE7E7C6C61->s2: commitIndex: updateToMax old=1, new=1, updated? false
2022-08-02 21:05:54,429 [grpc-default-executor-2] DEBUG leader.FollowerInfo (FollowerInfoImpl.java:lambda$new$1(49)) - s0@group-DBBE7E7C6C61->s2: matchIndex: updateToMax old=2, new=-1, updated? false
2022-08-02 21:05:54,429 [grpc-default-executor-3] DEBUG leader.FollowerInfo (FollowerInfoImpl.java:lambda$new$1(49)) - s0@group-DBBE7E7C6C61->s1: commitIndex: updateToMax old=1, new=1, updated? false
2022-08-02 21:05:54,430 [grpc-default-executor-3] DEBUG leader.FollowerInfo (FollowerInfoImpl.java:lambda$new$1(49)) - s0@group-DBBE7E7C6C61->s1: matchIndex: updateToMax old=2, new=-1, updated? false
2022-08-02 21:05:54,430 [grpc-default-executor-2] DEBUG leader.FollowerInfo (FollowerInfoImpl.java:lambda$new$1(49)) - s0@group-DBBE7E7C6C61->s2: commitIndex: updateToMax old=1, new=1, updated? false
2022-08-02 21:05:54,430 [grpc-default-executor-2] DEBUG leader.FollowerInfo (FollowerInfoImpl.java:lambda$new$1(49)) - s0@group-DBBE7E7C6C61->s2: matchIndex: updateToMax old=2, new=-1, updated? false
2022-08-02 21:05:54,431 [grpc-default-executor-3] DEBUG leader.FollowerInfo (FollowerInfoImpl.java:lambda$new$1(49)) - s0@group-DBBE7E7C6C61->s1: commitIndex: updateToMax old=1, new=1, updated? false
2022-08-02 21:05:54,431 [grpc-default-executor-3] DEBUG leader.FollowerInfo (FollowerInfoImpl.java:lambda$new$1(49)) - s0@group-DBBE7E7C6C61->s1: matchIndex: updateToMax old=2, new=-1, updated? false
2022-08-02 21:05:54,432 [grpc-default-executor-2] DEBUG leader.FollowerInfo (FollowerInfoImpl.java:lambda$new$1(49)) - s0@group-DBBE7E7C6C61->s2: commitIndex: updateToMax old=1, new=1, updated? false
2022-08-02 21:05:54,432 [grpc-default-executor-2] DEBUG leader.FollowerInfo (FollowerInfoImpl.java:lambda$new$1(49)) - s0@group-DBBE7E7C6C61->s2: matchIndex: updateToMax old=2, new=-1, updated? false
2022-08-02 21:05:54,433 [grpc-default-executor-3] DEBUG leader.FollowerInfo (FollowerInfoImpl.java:lambda$new$1(49)) - s0@group-DBBE7E7C6C61->s1: commitIndex: updateToMax old=1, new=1, updated? false
2022-08-02 21:05:54,433 [grpc-default-executor-3] DEBUG leader.FollowerInfo (FollowerInfoImpl.java:lambda$new$1(49)) - s0@group-DBBE7E7C6C61->s1: matchIndex: updateToMax old=2, new=-1, updated? false
2022-08-02 21:05:54,433 [grpc-default-executor-2] DEBUG leader.FollowerInfo (FollowerInfoImpl.java:lambda$new$1(49)) - s0@group-DBBE7E7C6C61->s2: commitIndex: updateToMax old=1, new=1, updated? false
2022-08-02 21:05:54,434 [grpc-default-executor-2] DEBUG leader.FollowerInfo (FollowerInfoImpl.java:lambda$new$1(49)) - s0@group-DBBE7E7C6C61->s2: matchIndex: updateToMax old=2, new=-1, updated? false
2022-08-02 21:05:54,434 [grpc-default-executor-3] DEBUG leader.FollowerInfo (FollowerInfoImpl.java:lambda$new$1(49)) - s0@group-DBBE7E7C6C61->s1: commitIndex: updateToMax old=1, new=1, updated? false
2022-08-02 21:05:54,434 [grpc-default-executor-3] DEBUG leader.FollowerInfo (FollowerInfoImpl.java:lambda$new$1(49)) - s0@group-DBBE7E7C6C61->s1: matchIndex: updateToMax old=2, new=-1, updated? false
2022-08-02 21:05:54,435 [grpc-default-executor-2] DEBUG leader.FollowerInfo (FollowerInfoImpl.java:lambda$new$1(49)) - s0@group-DBBE7E7C6C61->s2: commitIndex: updateToMax old=1, new=1, updated? false
2022-08-02 21:05:54,435 [grpc-default-executor-2] DEBUG leader.FollowerInfo (FollowerInfoImpl.java:lambda$new$1(49)) - s0@group-DBBE7E7C6C61->s2: matchIndex: updateToMax old=2, new=-1, updated? false
2022-08-02 21:05:54,436 [grpc-default-executor-3] DEBUG leader.FollowerInfo (FollowerInfoImpl.java:lambda$new$1(49)) - s0@group-DBBE7E7C6C61->s1: commitIndex: updateToMax old=1, new=1, updated? false
2022-08-02 21:05:54,436 [grpc-default-executor-3] DEBUG leader.FollowerInfo (FollowerInfoImpl.java:lambda$new$1(49)) - s0@group-DBBE7E7C6C61->s1: matchIndex: updateToMax old=2, new=-1, updated? false
2022-08-02 21:05:54,437 [grpc-default-executor-2] DEBUG leader.FollowerInfo (FollowerInfoImpl.java:lambda$new$1(49)) - s0@group-DBBE7E7C6C61->s2: commitIndex: updateToMax old=1, new=1, updated? false
2022-08-02 21:05:54,437 [grpc-default-executor-2] DEBUG leader.FollowerInfo (FollowerInfoImpl.java:lambda$new$1(49)) - s0@group-DBBE7E7C6C61->s2: matchIndex: updateToMax old=2, new=-1, updated? false
2022-08-02 21:05:54,437 [grpc-default-executor-3] DEBUG leader.FollowerInfo (FollowerInfoImpl.java:lambda$new$1(49)) - s0@group-DBBE7E7C6C61->s1: commitIndex: updateToMax old=1, new=1, updated? false
2022-08-02 21:05:54,438 [grpc-default-executor-3] DEBUG leader.FollowerInfo (FollowerInfoImpl.java:lambda$new$1(49)) - s0@group-DBBE7E7C6C61->s1: matchIndex: updateToMax old=2, new=-1, updated? false
2022-08-02 21:05:54,438 [grpc-default-executor-2] DEBUG leader.FollowerInfo (FollowerInfoImpl.java:lambda$new$1(49)) - s0@group-DBBE7E7C6C61->s2: commitIndex: updateToMax old=1, new=1, updated? false
2022-08-02 21:05:54,438 [grpc-default-executor-2] DEBUG leader.FollowerInfo (FollowerInfoImpl.java:lambda$new$1(49)) - s0@group-DBBE7E7C6C61->s2: matchIndex: updateToMax old=2, new=-1, updated? false
2022-08-02 21:05:54,439 [grpc-default-executor-3] DEBUG leader.FollowerInfo (FollowerInfoImpl.java:lambda$new$1(49)) - s0@group-DBBE7E7C6C61->s1: commitIndex: updateToMax old=1, new=1, updated? false
2022-08-02 21:05:54,439 [grpc-default-executor-3] DEBUG leader.FollowerInfo (FollowerInfoImpl.java:lambda$new$1(49)) - s0@group-DBBE7E7C6C61->s1: matchIndex: updateToMax old=2, new=-1, updated? false
2022-08-02 21:05:54,440 [grpc-default-executor-2] DEBUG leader.FollowerInfo (FollowerInfoImpl.java:lambda$new$1(49)) - s0@group-DBBE7E7C6C61->s2: commitIndex: updateToMax old=1, new=1, updated? false
2022-08-02 21:05:54,440 [grpc-default-executor-2] DEBUG leader.FollowerInfo (FollowerInfoImpl.java:lambda$new$1(49)) - s0@group-DBBE7E7C6C61->s2: matchIndex: updateToMax old=2, new=-1, updated? false
2022-08-02 21:05:54,441 [grpc-default-executor-3] DEBUG leader.FollowerInfo (FollowerInfoImpl.java:lambda$new$1(49)) - s0@group-DBBE7E7C6C61->s1: commitIndex: updateToMax old=1, new=1, updated? false
2022-08-02 21:05:54,441 [grpc-default-executor-3] DEBUG leader.FollowerInfo (FollowerInfoImpl.java:lambda$new$1(49)) - s0@group-DBBE7E7C6C61->s1: matchIndex: updateToMax old=2, new=-1, updated? false
2022-08-02 21:05:54,441 [grpc-default-executor-2] DEBUG leader.FollowerInfo (FollowerInfoImpl.java:lambda$new$1(49)) - s0@group-DBBE7E7C6C61->s2: commitIndex: updateToMax old=1, new=1, updated? false
2022-08-02 21:05:54,442 [grpc-default-executor-2] DEBUG leader.FollowerInfo (FollowerInfoImpl.java:lambda$new$1(49)) - s0@group-DBBE7E7C6C61->s2: matchIndex: updateToMax old=2, new=-1, updated? false
2022-08-02 21:05:54,442 [grpc-default-executor-3] DEBUG leader.FollowerInfo (FollowerInfoImpl.java:lambda$new$1(49)) - s0@group-DBBE7E7C6C61->s1: commitIndex: updateToMax old=1, new=1, updated? false
2022-08-02 21:05:54,442 [grpc-default-executor-3] DEBUG leader.FollowerInfo (FollowerInfoImpl.java:lambda$new$1(49)) - s0@group-DBBE7E7C6C61->s1: matchIndex: updateToMax old=2, new=-1, updated? false
2022-08-02 21:05:54,443 [grpc-default-executor-2] DEBUG leader.FollowerInfo (FollowerInfoImpl.java:lambda$new$1(49)) - s0@group-DBBE7E7C6C61->s2: commitIndex: updateToMax old=1, new=1, updated? false
2022-08-02 21:05:54,443 [grpc-default-executor-2] DEBUG leader.FollowerInfo (FollowerInfoImpl.java:lambda$new$1(49)) - s0@group-DBBE7E7C6C61->s2: matchIndex: updateToMax old=2, new=-1, updated? false
2022-08-02 21:05:54,444 [grpc-default-executor-3] DEBUG leader.FollowerInfo (FollowerInfoImpl.java:lambda$new$1(49)) - s0@group-DBBE7E7C6C61->s1: commitIndex: updateToMax old=1, new=1, updated? false
2022-08-02 21:05:54,444 [grpc-default-executor-3] DEBUG leader.FollowerInfo (FollowerInfoImpl.java:lambda$new$1(49)) - s0@group-DBBE7E7C6C61->s1: matchIndex: updateToMax old=2, new=-1, updated? false
2022-08-02 21:05:54,445 [grpc-default-executor-2] DEBUG leader.FollowerInfo (FollowerInfoImpl.java:lambda$new$1(49)) - s0@group-DBBE7E7C6C61->s2: commitIndex: updateToMax old=1, new=1, updated? false
2022-08-02 21:05:54,445 [grpc-default-executor-2] DEBUG leader.FollowerInfo (FollowerInfoImpl.java:lambda$new$1(49)) - s0@group-DBBE7E7C6C61->s2: matchIndex: updateToMax old=2, new=-1, updated? false
2022-08-02 21:05:54,446 [grpc-default-executor-3] DEBUG leader.FollowerInfo (FollowerInfoImpl.java:lambda$new$1(49)) - s0@group-DBBE7E7C6C61->s1: commitIndex: updateToMax old=1, new=1, updated? false
2022-08-02 21:05:54,446 [grpc-default-executor-3] DEBUG leader.FollowerInfo (FollowerInfoImpl.java:lambda$new$1(49)) - s0@group-DBBE7E7C6C61->s1: matchIndex: updateToMax old=2, new=-1, updated? false
2022-08-02 21:05:54,446 [grpc-default-executor-2] DEBUG leader.FollowerInfo (FollowerInfoImpl.java:lambda$new$1(49)) - s0@group-DBBE7E7C6C61->s2: commitIndex: updateToMax old=1, new=1, updated? false
2022-08-02 21:05:54,446 [grpc-default-executor-2] DEBUG leader.FollowerInfo (FollowerInfoImpl.java:lambda$new$1(49)) - s0@group-DBBE7E7C6C61->s2: matchIndex: updateToMax old=2, new=-1, updated? false
2022-08-02 21:05:54,447 [grpc-default-executor-3] DEBUG leader.FollowerInfo (FollowerInfoImpl.java:lambda$new$1(49)) - s0@group-DBBE7E7C6C61->s1: commitIndex: updateToMax old=1, new=1, updated? false
2022-08-02 21:05:54,447 [grpc-default-executor-3] DEBUG leader.FollowerInfo (FollowerInfoImpl.java:lambda$new$1(49)) - s0@group-DBBE7E7C6C61->s1: matchIndex: updateToMax old=2, new=-1, updated? false
2022-08-02 21:05:54,448 [grpc-default-executor-2] DEBUG leader.FollowerInfo (FollowerInfoImpl.java:lambda$new$1(49)) - s0@group-DBBE7E7C6C61->s2: commitIndex: updateToMax old=1, new=1, updated? false
2022-08-02 21:05:54,448 [grpc-default-executor-2] DEBUG leader.FollowerInfo (FollowerInfoImpl.java:lambda$new$1(49)) - s0@group-DBBE7E7C6C61->s2: matchIndex: updateToMax old=2, new=-1, updated? false
2022-08-02 21:05:54,449 [grpc-default-executor-3] DEBUG leader.FollowerInfo (FollowerInfoImpl.java:lambda$new$1(49)) - s0@group-DBBE7E7C6C61->s1: commitIndex: updateToMax old=1, new=1, updated? false
2022-08-02 21:05:54,449 [grpc-default-executor-3] DEBUG leader.FollowerInfo (FollowerInfoImpl.java:lambda$new$1(49)) - s0@group-DBBE7E7C6C61->s1: matchIndex: updateToMax old=2, new=-1, updated? false
2022-08-02 21:05:54,449 [grpc-default-executor-2] DEBUG leader.FollowerInfo (FollowerInfoImpl.java:lambda$new$1(49)) - s0@group-DBBE7E7C6C61->s2: commitIndex: updateToMax old=1, new=1, updated? false
2022-08-02 21:05:54,449 [grpc-default-executor-2] DEBUG leader.FollowerInfo (FollowerInfoImpl.java:lambda$new$1(49)) - s0@group-DBBE7E7C6C61->s2: matchIndex: updateToMax old=2, new=-1, updated? false
2022-08-02 21:05:54,450 [grpc-default-executor-3] DEBUG leader.FollowerInfo (FollowerInfoImpl.java:lambda$new$1(49)) - s0@group-DBBE7E7C6C61->s1: commitIndex: updateToMax old=1, new=1, updated? false
2022-08-02 21:05:54,450 [grpc-default-executor-3] DEBUG leader.FollowerInfo (FollowerInfoImpl.java:lambda$new$1(49)) - s0@group-DBBE7E7C6C61->s1: matchIndex: updateToMax old=2, new=-1, updated? false
2022-08-02 21:05:54,451 [grpc-default-executor-2] DEBUG leader.FollowerInfo (FollowerInfoImpl.java:lambda$new$1(49)) - s0@group-DBBE7E7C6C61->s2: commitIndex: updateToMax old=1, new=1, updated? false
2022-08-02 21:05:54,451 [grpc-default-executor-2] DEBUG leader.FollowerInfo (FollowerInfoImpl.java:lambda$new$1(49)) - s0@group-DBBE7E7C6C61->s2: matchIndex: updateToMax old=2, new=-1, updated? false
2022-08-02 21:05:54,452 [grpc-default-executor-3] DEBUG leader.FollowerInfo (FollowerInfoImpl.java:lambda$new$1(49)) - s0@group-DBBE7E7C6C61->s1: commitIndex: updateToMax old=1, new=1, updated? false
2022-08-02 21:05:54,452 [grpc-default-executor-3] DEBUG leader.FollowerInfo (FollowerInfoImpl.java:lambda$new$1(49)) - s0@group-DBBE7E7C6C61->s1: matchIndex: updateToMax old=2, new=-1, updated? false
2022-08-02 21:05:54,452 [grpc-default-executor-2] DEBUG leader.FollowerInfo (FollowerInfoImpl.java:lambda$new$1(49)) - s0@group-DBBE7E7C6C61->s2: commitIndex: updateToMax old=1, new=1, updated? false
2022-08-02 21:05:54,453 [grpc-default-executor-2] DEBUG leader.FollowerInfo (FollowerInfoImpl.java:lambda$new$1(49)) - s0@group-DBBE7E7C6C61->s2: matchIndex: updateToMax old=2, new=-1, updated? false
2022-08-02 21:05:54,453 [grpc-default-executor-3] DEBUG leader.FollowerInfo (FollowerInfoImpl.java:lambda$new$1(49)) - s0@group-DBBE7E7C6C61->s1: commitIndex: updateToMax old=1, new=1, updated? false
2022-08-02 21:05:54,453 [grpc-default-executor-3] DEBUG leader.FollowerInfo (FollowerInfoImpl.java:lambda$new$1(49)) - s0@group-DBBE7E7C6C61->s1: matchIndex: updateToMax old=2, new=-1, updated? false
2022-08-02 21:05:54,454 [grpc-default-executor-2] DEBUG leader.FollowerInfo (FollowerInfoImpl.java:lambda$new$1(49)) - s0@group-DBBE7E7C6C61->s2: commitIndex: updateToMax old=1, new=1, updated? false
2022-08-02 21:05:54,454 [grpc-default-executor-2] DEBUG leader.FollowerInfo (FollowerInfoImpl.java:lambda$new$1(49)) - s0@group-DBBE7E7C6C61->s2: matchIndex: updateToMax old=2, new=-1, updated? false
2022-08-02 21:05:54,455 [grpc-default-executor-3] DEBUG leader.FollowerInfo (FollowerInfoImpl.java:lambda$new$1(49)) - s0@group-DBBE7E7C6C61->s1: commitIndex: updateToMax old=1, new=1, updated? false
2022-08-02 21:05:54,455 [grpc-default-executor-3] DEBUG leader.FollowerInfo (FollowerInfoImpl.java:lambda$new$1(49)) - s0@group-DBBE7E7C6C61->s1: matchIndex: updateToMax old=2, new=-1, updated? false
2022-08-02 21:05:54,456 [grpc-default-executor-2] DEBUG leader.FollowerInfo (FollowerInfoImpl.java:lambda$new$1(49)) - s0@group-DBBE7E7C6C61->s2: commitIndex: updateToMax old=1, new=1, updated? false
2022-08-02 21:05:54,456 [grpc-default-executor-2] DEBUG leader.FollowerInfo (FollowerInfoImpl.java:lambda$new$1(49)) - s0@group-DBBE7E7C6C61->s2: matchIndex: updateToMax old=2, new=-1, updated? false
2022-08-02 21:05:54,456 [grpc-default-executor-3] DEBUG leader.FollowerInfo (FollowerInfoImpl.java:lambda$new$1(49)) - s0@group-DBBE7E7C6C61->s1: commitIndex: updateToMax old=1, new=1, updated? false
2022-08-02 21:05:54,456 [grpc-default-executor-3] DEBUG leader.FollowerInfo (FollowerInfoImpl.java:lambda$new$1(49)) - s0@group-DBBE7E7C6C61->s1: matchIndex: updateToMax old=2, new=-1, updated? false
2022-08-02 21:05:54,457 [grpc-default-executor-2] DEBUG leader.FollowerInfo (FollowerInfoImpl.java:lambda$new$1(49)) - s0@group-DBBE7E7C6C61->s2: commitIndex: updateToMax old=1, new=1, updated? false
2022-08-02 21:05:54,457 [grpc-default-executor-2] DEBUG leader.FollowerInfo (FollowerInfoImpl.java:lambda$new$1(49)) - s0@group-DBBE7E7C6C61->s2: matchIndex: updateToMax old=2, new=-1, updated? false
2022-08-02 21:05:54,458 [grpc-default-executor-3] DEBUG leader.FollowerInfo (FollowerInfoImpl.java:lambda$new$1(49)) - s0@group-DBBE7E7C6C61->s1: commitIndex: updateToMax old=1, new=1, updated? false
2022-08-02 21:05:54,458 [grpc-default-executor-3] DEBUG leader.FollowerInfo (FollowerInfoImpl.java:lambda$new$1(49)) - s0@group-DBBE7E7C6C61->s1: matchIndex: updateToMax old=2, new=-1, updated? false
2022-08-02 21:05:54,459 [grpc-default-executor-2] DEBUG leader.FollowerInfo (FollowerInfoImpl.java:lambda$new$1(49)) - s0@group-DBBE7E7C6C61->s2: commitIndex: updateToMax old=1, new=1, updated? false
2022-08-02 21:05:54,459 [grpc-default-executor-2] DEBUG leader.FollowerInfo (FollowerInfoImpl.java:lambda$new$1(49)) - s0@group-DBBE7E7C6C61->s2: matchIndex: updateToMax old=2, new=-1, updated? false
2022-08-02 21:05:54,459 [grpc-default-executor-3] DEBUG leader.FollowerInfo (FollowerInfoImpl.java:lambda$new$1(49)) - s0@group-DBBE7E7C6C61->s1: commitIndex: updateToMax old=1, new=1, updated? false
2022-08-02 21:05:54,459 [grpc-default-executor-3] DEBUG leader.FollowerInfo (FollowerInfoImpl.java:lambda$new$1(49)) - s0@group-DBBE7E7C6C61->s1: matchIndex: updateToMax old=2, new=-1, updated? false
2022-08-02 21:05:54,460 [grpc-default-executor-2] DEBUG leader.FollowerInfo (FollowerInfoImpl.java:lambda$new$1(49)) - s0@group-DBBE7E7C6C61->s2: commitIndex: updateToMax old=1, new=1, updated? false
2022-08-02 21:05:54,460 [grpc-default-executor-2] DEBUG leader.FollowerInfo (FollowerInfoImpl.java:lambda$new$1(49)) - s0@group-DBBE7E7C6C61->s2: matchIndex: updateToMax old=2, new=-1, updated? false
2022-08-02 21:05:54,461 [grpc-default-executor-3] DEBUG leader.FollowerInfo (FollowerInfoImpl.java:lambda$new$1(49)) - s0@group-DBBE7E7C6C61->s1: commitIndex: updateToMax old=1, new=1, updated? false
2022-08-02 21:05:54,461 [grpc-default-executor-3] DEBUG leader.FollowerInfo (FollowerInfoImpl.java:lambda$new$1(49)) - s0@group-DBBE7E7C6C61->s1: matchIndex: updateToMax old=2, new=-1, updated? false
2022-08-02 21:05:54,462 [grpc-default-executor-2] DEBUG leader.FollowerInfo (FollowerInfoImpl.java:lambda$new$1(49)) - s0@group-DBBE7E7C6C61->s2: commitIndex: updateToMax old=1, new=1, updated? false
2022-08-02 21:05:54,462 [grpc-default-executor-2] DEBUG leader.FollowerInfo (FollowerInfoImpl.java:lambda$new$1(49)) - s0@group-DBBE7E7C6C61->s2: matchIndex: updateToMax old=2, new=-1, updated? false
2022-08-02 21:05:54,462 [grpc-default-executor-3] DEBUG leader.FollowerInfo (FollowerInfoImpl.java:lambda$new$1(49)) - s0@group-DBBE7E7C6C61->s1: commitIndex: updateToMax old=1, new=1, updated? false
2022-08-02 21:05:54,463 [grpc-default-executor-3] DEBUG leader.FollowerInfo (FollowerInfoImpl.java:lambda$new$1(49)) - s0@group-DBBE7E7C6C61->s1: matchIndex: updateToMax old=2, new=-1, updated? false
2022-08-02 21:05:54,463 [grpc-default-executor-2] DEBUG leader.FollowerInfo (FollowerInfoImpl.java:lambda$new$1(49)) - s0@group-DBBE7E7C6C61->s2: commitIndex: updateToMax old=1, new=1, updated? false
2022-08-02 21:05:54,463 [grpc-default-executor-2] DEBUG leader.FollowerInfo (FollowerInfoImpl.java:lambda$new$1(49)) - s0@group-DBBE7E7C6C61->s2: matchIndex: updateToMax old=2, new=-1, updated? false
2022-08-02 21:05:54,464 [grpc-default-executor-3] DEBUG leader.FollowerInfo (FollowerInfoImpl.java:lambda$new$1(49)) - s0@group-DBBE7E7C6C61->s1: commitIndex: updateToMax old=1, new=1, updated? false
2022-08-02 21:05:54,464 [grpc-default-executor-3] DEBUG leader.FollowerInfo (FollowerInfoImpl.java:lambda$new$1(49)) - s0@group-DBBE7E7C6C61->s1: matchIndex: updateToMax old=2, new=-1, updated? false
2022-08-02 21:05:54,465 [grpc-default-executor-2] DEBUG leader.FollowerInfo (FollowerInfoImpl.java:lambda$new$1(49)) - s0@group-DBBE7E7C6C61->s2: commitIndex: updateToMax old=1, new=1, updated? false
2022-08-02 21:05:54,465 [grpc-default-executor-2] DEBUG leader.FollowerInfo (FollowerInfoImpl.java:lambda$new$1(49)) - s0@group-DBBE7E7C6C61->s2: matchIndex: updateToMax old=2, new=-1, updated? false
2022-08-02 21:05:54,466 [grpc-default-executor-3] DEBUG leader.FollowerInfo (FollowerInfoImpl.java:lambda$new$1(49)) - s0@group-DBBE7E7C6C61->s1: commitIndex: updateToMax old=1, new=1, updated? false
2022-08-02 21:05:54,466 [grpc-default-executor-3] DEBUG leader.FollowerInfo (FollowerInfoImpl.java:lambda$new$1(49)) - s0@group-DBBE7E7C6C61->s1: matchIndex: updateToMax old=2, new=-1, updated? false
2022-08-02 21:05:54,466 [grpc-default-executor-2] DEBUG leader.FollowerInfo (FollowerInfoImpl.java:lambda$new$1(49)) - s0@group-DBBE7E7C6C61->s2: commitIndex: updateToMax old=1, new=1, updated? false
2022-08-02 21:05:54,466 [grpc-default-executor-2] DEBUG leader.FollowerInfo (FollowerInfoImpl.java:lambda$new$1(49)) - s0@group-DBBE7E7C6C61->s2: matchIndex: updateToMax old=2, new=-1, updated? false
2022-08-02 21:05:54,467 [grpc-default-executor-3] DEBUG leader.FollowerInfo (FollowerInfoImpl.java:lambda$new$1(49)) - s0@group-DBBE7E7C6C61->s1: commitIndex: updateToMax old=1, new=1, updated? false
2022-08-02 21:05:54,467 [grpc-default-executor-3] DEBUG leader.FollowerInfo (FollowerInfoImpl.java:lambda$new$1(49)) - s0@group-DBBE7E7C6C61->s1: matchIndex: updateToMax old=2, new=-1, updated? false
2022-08-02 21:05:54,468 [grpc-default-executor-2] DEBUG leader.FollowerInfo (FollowerInfoImpl.java:lambda$new$1(49)) - s0@group-DBBE7E7C6C61->s2: commitIndex: updateToMax old=1, new=1, updated? false
2022-08-02 21:05:54,468 [grpc-default-executor-2] DEBUG leader.FollowerInfo (FollowerInfoImpl.java:lambda$new$1(49)) - s0@group-DBBE7E7C6C61->s2: matchIndex: updateToMax old=2, new=-1, updated? false
2022-08-02 21:05:54,469 [grpc-default-executor-3] DEBUG leader.FollowerInfo (FollowerInfoImpl.java:lambda$new$1(49)) - s0@group-DBBE7E7C6C61->s1: commitIndex: updateToMax old=1, new=1, updated? false
2022-08-02 21:05:54,469 [grpc-default-executor-3] DEBUG leader.FollowerInfo (FollowerInfoImpl.java:lambda$new$1(49)) - s0@group-DBBE7E7C6C61->s1: matchIndex: updateToMax old=2, new=-1, updated? false
2022-08-02 21:05:54,469 [grpc-default-executor-2] DEBUG leader.FollowerInfo (FollowerInfoImpl.java:lambda$new$1(49)) - s0@group-DBBE7E7C6C61->s2: commitIndex: updateToMax old=1, new=1, updated? false
2022-08-02 21:05:54,469 [grpc-default-executor-2] DEBUG leader.FollowerInfo (FollowerInfoImpl.java:lambda$new$1(49)) - s0@group-DBBE7E7C6C61->s2: matchIndex: updateToMax old=2, new=-1, updated? false
2022-08-02 21:05:54,470 [grpc-default-executor-3] DEBUG leader.FollowerInfo (FollowerInfoImpl.java:lambda$new$1(49)) - s0@group-DBBE7E7C6C61->s1: commitIndex: updateToMax old=1, new=1, updated? false
2022-08-02 21:05:54,470 [grpc-default-executor-3] DEBUG leader.FollowerInfo (FollowerInfoImpl.java:lambda$new$1(49)) - s0@group-DBBE7E7C6C61->s1: matchIndex: updateToMax old=2, new=-1, updated? false
2022-08-02 21:05:54,471 [grpc-default-executor-2] DEBUG leader.FollowerInfo (FollowerInfoImpl.java:lambda$new$1(49)) - s0@group-DBBE7E7C6C61->s2: commitIndex: updateToMax old=1, new=1, updated? false
2022-08-02 21:05:54,471 [grpc-default-executor-2] DEBUG leader.FollowerInfo (FollowerInfoImpl.java:lambda$new$1(49)) - s0@group-DBBE7E7C6C61->s2: matchIndex: updateToMax old=2, new=-1, updated? false
2022-08-02 21:05:54,472 [grpc-default-executor-3] DEBUG leader.FollowerInfo (FollowerInfoImpl.java:lambda$new$1(49)) - s0@group-DBBE7E7C6C61->s1: commitIndex: updateToMax old=1, new=1, updated? false
2022-08-02 21:05:54,472 [grpc-default-executor-3] DEBUG leader.FollowerInfo (FollowerInfoImpl.java:lambda$new$1(49)) - s0@group-DBBE7E7C6C61->s1: matchIndex: updateToMax old=2, new=-1, updated? false
2022-08-02 21:05:54,472 [grpc-default-executor-2] DEBUG leader.FollowerInfo (FollowerInfoImpl.java:lambda$new$1(49)) - s0@group-DBBE7E7C6C61->s2: commitIndex: updateToMax old=1, new=1, updated? false
2022-08-02 21:05:54,472 [grpc-default-executor-2] DEBUG leader.FollowerInfo (FollowerInfoImpl.java:lambda$new$1(49)) - s0@group-DBBE7E7C6C61->s2: matchIndex: updateToMax old=2, new=-1, updated? false
2022-08-02 21:05:54,473 [grpc-default-executor-3] DEBUG leader.FollowerInfo (FollowerInfoImpl.java:lambda$new$1(49)) - s0@group-DBBE7E7C6C61->s1: commitIndex: updateToMax old=1, new=1, updated? false
2022-08-02 21:05:54,473 [grpc-default-executor-3] DEBUG leader.FollowerInfo (FollowerInfoImpl.java:lambda$new$1(49)) - s0@group-DBBE7E7C6C61->s1: matchIndex: updateToMax old=2, new=-1, updated? false
2022-08-02 21:05:54,474 [grpc-default-executor-2] DEBUG leader.FollowerInfo (FollowerInfoImpl.java:lambda$new$1(49)) - s0@group-DBBE7E7C6C61->s2: commitIndex: updateToMax old=1, new=1, updated? false
2022-08-02 21:05:54,474 [grpc-default-executor-2] DEBUG leader.FollowerInfo (FollowerInfoImpl.java:lambda$new$1(49)) - s0@group-DBBE7E7C6C61->s2: matchIndex: updateToMax old=2, new=-1, updated? false
2022-08-02 21:05:54,475 [grpc-default-executor-3] DEBUG leader.FollowerInfo (FollowerInfoImpl.java:lambda$new$1(49)) - s0@group-DBBE7E7C6C61->s1: commitIndex: updateToMax old=1, new=1, updated? false
2022-08-02 21:05:54,475 [grpc-default-executor-3] DEBUG leader.FollowerInfo (FollowerInfoImpl.java:lambda$new$1(49)) - s0@group-DBBE7E7C6C61->s1: matchIndex: updateToMax old=2, new=-1, updated? false
2022-08-02 21:05:54,475 [grpc-default-executor-2] DEBUG leader.FollowerInfo (FollowerInfoImpl.java:lambda$new$1(49)) - s0@group-DBBE7E7C6C61->s2: commitIndex: updateToMax old=1, new=1, updated? false
2022-08-02 21:05:54,476 [grpc-default-executor-2] DEBUG leader.FollowerInfo (FollowerInfoImpl.java:lambda$new$1(49)) - s0@group-DBBE7E7C6C61->s2: matchIndex: updateToMax old=2, new=-1, updated? false
2022-08-02 21:05:54,476 [grpc-default-executor-3] DEBUG leader.FollowerInfo (FollowerInfoImpl.java:lambda$new$1(49)) - s0@group-DBBE7E7C6C61->s1: commitIndex: updateToMax old=1, new=1, updated? false
2022-08-02 21:05:54,476 [grpc-default-executor-3] DEBUG leader.FollowerInfo (FollowerInfoImpl.java:lambda$new$1(49)) - s0@group-DBBE7E7C6C61->s1: matchIndex: updateToMax old=2, new=-1, updated? false
2022-08-02 21:05:54,477 [grpc-default-executor-2] DEBUG leader.FollowerInfo (FollowerInfoImpl.java:lambda$new$1(49)) - s0@group-DBBE7E7C6C61->s2: commitIndex: updateToMax old=1, new=1, updated? false
2022-08-02 21:05:54,477 [grpc-default-executor-2] DEBUG leader.FollowerInfo (FollowerInfoImpl.java:lambda$new$1(49)) - s0@group-DBBE7E7C6C61->s2: matchIndex: updateToMax old=2, new=-1, updated? false
2022-08-02 21:05:54,478 [grpc-default-executor-3] DEBUG leader.FollowerInfo (FollowerInfoImpl.java:lambda$new$1(49)) - s0@group-DBBE7E7C6C61->s1: commitIndex: updateToMax old=1, new=1, updated? false
2022-08-02 21:05:54,478 [grpc-default-executor-3] DEBUG leader.FollowerInfo (FollowerInfoImpl.java:lambda$new$1(49)) - s0@group-DBBE7E7C6C61->s1: matchIndex: updateToMax old=2, new=-1, updated? false
2022-08-02 21:05:54,478 [grpc-default-executor-2] DEBUG leader.FollowerInfo (FollowerInfoImpl.java:lambda$new$1(49)) - s0@group-DBBE7E7C6C61->s2: commitIndex: updateToMax old=1, new=1, updated? false
2022-08-02 21:05:54,478 [grpc-default-executor-2] DEBUG leader.FollowerInfo (FollowerInfoImpl.java:lambda$new$1(49)) - s0@group-DBBE7E7C6C61->s2: matchIndex: updateToMax old=2, new=-1, updated? false
2022-08-02 21:05:54,479 [grpc-default-executor-3] DEBUG leader.FollowerInfo (FollowerInfoImpl.java:lambda$new$1(49)) - s0@group-DBBE7E7C6C61->s1: commitIndex: updateToMax old=1, new=1, updated? false
2022-08-02 21:05:54,479 [grpc-default-executor-3] DEBUG leader.FollowerInfo (FollowerInfoImpl.java:lambda$new$1(49)) - s0@group-DBBE7E7C6C61->s1: matchIndex: updateToMax old=2, new=-1, updated? false
2022-08-02 21:05:54,480 [grpc-default-executor-2] DEBUG leader.FollowerInfo (FollowerInfoImpl.java:lambda$new$1(49)) - s0@group-DBBE7E7C6C61->s2: commitIndex: updateToMax old=1, new=1, updated? false
2022-08-02 21:05:54,480 [grpc-default-executor-2] DEBUG leader.FollowerInfo (FollowerInfoImpl.java:lambda$new$1(49)) - s0@group-DBBE7E7C6C61->s2: matchIndex: updateToMax old=2, new=-1, updated? false
2022-08-02 21:05:54,481 [grpc-default-executor-3] DEBUG leader.FollowerInfo (FollowerInfoImpl.java:lambda$new$1(49)) - s0@group-DBBE7E7C6C61->s1: commitIndex: updateToMax old=1, new=1, updated? false
2022-08-02 21:05:54,481 [grpc-default-executor-3] DEBUG leader.FollowerInfo (FollowerInfoImpl.java:lambda$new$1(49)) - s0@group-DBBE7E7C6C61->s1: matchIndex: updateToMax old=2, new=-1, updated? false
2022-08-02 21:05:54,482 [grpc-default-executor-2] DEBUG leader.FollowerInfo (FollowerInfoImpl.java:lambda$new$1(49)) - s0@group-DBBE7E7C6C61->s2: commitIndex: updateToMax old=1, new=1, updated? false
2022-08-02 21:05:54,482 [grpc-default-executor-2] DEBUG leader.FollowerInfo (FollowerInfoImpl.java:lambda$new$1(49)) - s0@group-DBBE7E7C6C61->s2: matchIndex: updateToMax old=2, new=-1, updated? false
2022-08-02 21:05:54,482 [grpc-default-executor-3] DEBUG leader.FollowerInfo (FollowerInfoImpl.java:lambda$new$1(49)) - s0@group-DBBE7E7C6C61->s1: commitIndex: updateToMax old=1, new=1, updated? false
2022-08-02 21:05:54,482 [grpc-default-executor-3] DEBUG leader.FollowerInfo (FollowerInfoImpl.java:lambda$new$1(49)) - s0@group-DBBE7E7C6C61->s1: matchIndex: updateToMax old=2, new=-1, updated? false
2022-08-02 21:05:54,483 [grpc-default-executor-2] DEBUG leader.FollowerInfo (FollowerInfoImpl.java:lambda$new$1(49)) - s0@group-DBBE7E7C6C61->s2: commitIndex: updateToMax old=1, new=1, updated? false
2022-08-02 21:05:54,483 [grpc-default-executor-2] DEBUG leader.FollowerInfo (FollowerInfoImpl.java:lambda$new$1(49)) - s0@group-DBBE7E7C6C61->s2: matchIndex: updateToMax old=2, new=-1, updated? false
2022-08-02 21:05:54,484 [grpc-default-executor-3] DEBUG leader.FollowerInfo (FollowerInfoImpl.java:lambda$new$1(49)) - s0@group-DBBE7E7C6C61->s1: commitIndex: updateToMax old=1, new=1, updated? false
2022-08-02 21:05:54,484 [grpc-default-executor-3] DEBUG leader.FollowerInfo (FollowerInfoImpl.java:lambda$new$1(49)) - s0@group-DBBE7E7C6C61->s1: matchIndex: updateToMax old=2, new=-1, updated? false
2022-08-02 21:05:54,485 [grpc-default-executor-2] DEBUG leader.FollowerInfo (FollowerInfoImpl.java:lambda$new$1(49)) - s0@group-DBBE7E7C6C61->s2: commitIndex: updateToMax old=1, new=1, updated? false
2022-08-02 21:05:54,485 [grpc-default-executor-2] DEBUG leader.FollowerInfo (FollowerInfoImpl.java:lambda$new$1(49)) - s0@group-DBBE7E7C6C61->s2: matchIndex: updateToMax old=2, new=-1, updated? false
2022-08-02 21:05:54,486 [grpc-default-executor-3] DEBUG leader.FollowerInfo (FollowerInfoImpl.java:lambda$new$1(49)) - s0@group-DBBE7E7C6C61->s1: commitIndex: updateToMax old=1, new=1, updated? false
2022-08-02 21:05:54,486 [grpc-default-executor-3] DEBUG leader.FollowerInfo (FollowerInfoImpl.java:lambda$new$1(49)) - s0@group-DBBE7E7C6C61->s1: matchIndex: updateToMax old=2, new=-1, updated? false
2022-08-02 21:05:54,486 [grpc-default-executor-2] DEBUG leader.FollowerInfo (FollowerInfoImpl.java:lambda$new$1(49)) - s0@group-DBBE7E7C6C61->s2: commitIndex: updateToMax old=1, new=1, updated? false
2022-08-02 21:05:54,486 [grpc-default-executor-2] DEBUG leader.FollowerInfo (FollowerInfoImpl.java:lambda$new$1(49)) - s0@group-DBBE7E7C6C61->s2: matchIndex: updateToMax old=2, new=-1, updated? false
2022-08-02 21:05:54,487 [grpc-default-executor-3] DEBUG leader.FollowerInfo (FollowerInfoImpl.java:lambda$new$1(49)) - s0@group-DBBE7E7C6C61->s1: commitIndex: updateToMax old=1, new=1, updated? false
2022-08-02 21:05:54,487 [grpc-default-executor-3] DEBUG leader.FollowerInfo (FollowerInfoImpl.java:lambda$new$1(49)) - s0@group-DBBE7E7C6C61->s1: matchIndex: updateToMax old=2, new=-1, updated? false
2022-08-02 21:05:54,488 [grpc-default-executor-2] DEBUG leader.FollowerInfo (FollowerInfoImpl.java:lambda$new$1(49)) - s0@group-DBBE7E7C6C61->s2: commitIndex: updateToMax old=1, new=1, updated? false
2022-08-02 21:05:54,488 [grpc-default-executor-2] DEBUG leader.FollowerInfo (FollowerInfoImpl.java:lambda$new$1(49)) - s0@group-DBBE7E7C6C61->s2: matchIndex: updateToMax old=2, new=-1, updated? false
2022-08-02 21:05:54,489 [grpc-default-executor-3] DEBUG leader.FollowerInfo (FollowerInfoImpl.java:lambda$new$1(49)) - s0@group-DBBE7E7C6C61->s1: commitIndex: updateToMax old=1, new=1, updated? false
2022-08-02 21:05:54,489 [grpc-default-executor-3] DEBUG leader.FollowerInfo (FollowerInfoImpl.java:lambda$new$1(49)) - s0@group-DBBE7E7C6C61->s1: matchIndex: updateToMax old=2, new=-1, updated? false
2022-08-02 21:05:54,489 [grpc-default-executor-2] DEBUG leader.FollowerInfo (FollowerInfoImpl.java:lambda$new$1(49)) - s0@group-DBBE7E7C6C61->s2: commitIndex: updateToMax old=1, new=1, updated? false
2022-08-02 21:05:54,490 [grpc-default-executor-2] DEBUG leader.FollowerInfo (FollowerInfoImpl.java:lambda$new$1(49)) - s0@group-DBBE7E7C6C61->s2: matchIndex: updateToMax old=2, new=-1, updated? false
2022-08-02 21:05:54,490 [grpc-default-executor-3] DEBUG leader.FollowerInfo (FollowerInfoImpl.java:lambda$new$1(49)) - s0@group-DBBE7E7C6C61->s1: commitIndex: updateToMax old=1, new=1, updated? false
2022-08-02 21:05:54,490 [grpc-default-executor-3] DEBUG leader.FollowerInfo (FollowerInfoImpl.java:lambda$new$1(49)) - s0@group-DBBE7E7C6C61->s1: matchIndex: updateToMax old=2, new=-1, updated? false
2022-08-02 21:05:54,491 [grpc-default-executor-2] DEBUG leader.FollowerInfo (FollowerInfoImpl.java:lambda$new$1(49)) - s0@group-DBBE7E7C6C61->s2: commitIndex: updateToMax old=1, new=1, updated? false
2022-08-02 21:05:54,491 [grpc-default-executor-2] DEBUG leader.FollowerInfo (FollowerInfoImpl.java:lambda$new$1(49)) - s0@group-DBBE7E7C6C61->s2: matchIndex: updateToMax old=2, new=-1, updated? false
2022-08-02 21:05:54,492 [grpc-default-executor-3] DEBUG leader.FollowerInfo (FollowerInfoImpl.java:lambda$new$1(49)) - s0@group-DBBE7E7C6C61->s1: commitIndex: updateToMax old=1, new=1, updated? false
2022-08-02 21:05:54,492 [grpc-default-executor-3] DEBUG leader.FollowerInfo (FollowerInfoImpl.java:lambda$new$1(49)) - s0@group-DBBE7E7C6C61->s1: matchIndex: updateToMax old=2, new=-1, updated? false
2022-08-02 21:05:54,493 [grpc-default-executor-2] DEBUG leader.FollowerInfo (FollowerInfoImpl.java:lambda$new$1(49)) - s0@group-DBBE7E7C6C61->s2: commitIndex: updateToMax old=1, new=1, updated? false
2022-08-02 21:05:54,493 [grpc-default-executor-2] DEBUG leader.FollowerInfo (FollowerInfoImpl.java:lambda$new$1(49)) - s0@group-DBBE7E7C6C61->s2: matchIndex: updateToMax old=2, new=-1, updated? false
2022-08-02 21:05:54,493 [grpc-default-executor-3] DEBUG leader.FollowerInfo (FollowerInfoImpl.java:lambda$new$1(49)) - s0@group-DBBE7E7C6C61->s1: commitIndex: updateToMax old=1, new=1, updated? false
2022-08-02 21:05:54,493 [grpc-default-executor-3] DEBUG leader.FollowerInfo (FollowerInfoImpl.java:lambda$new$1(49)) - s0@group-DBBE7E7C6C61->s1: matchIndex: updateToMax old=2, new=-1, updated? false
2022-08-02 21:05:54,494 [grpc-default-executor-2] DEBUG leader.FollowerInfo (FollowerInfoImpl.java:lambda$new$1(49)) - s0@group-DBBE7E7C6C61->s2: commitIndex: updateToMax old=1, new=1, updated? false
2022-08-02 21:05:54,494 [grpc-default-executor-2] DEBUG leader.FollowerInfo (FollowerInfoImpl.java:lambda$new$1(49)) - s0@group-DBBE7E7C6C61->s2: matchIndex: updateToMax old=2, new=-1, updated? false
2022-08-02 21:05:54,495 [grpc-default-executor-3] DEBUG leader.FollowerInfo (FollowerInfoImpl.java:lambda$new$1(49)) - s0@group-DBBE7E7C6C61->s1: commitIndex: updateToMax old=1, new=1, updated? false
2022-08-02 21:05:54,495 [grpc-default-executor-3] DEBUG leader.FollowerInfo (FollowerInfoImpl.java:lambda$new$1(49)) - s0@group-DBBE7E7C6C61->s1: matchIndex: updateToMax old=2, new=-1, updated? false
2022-08-02 21:05:54,496 [grpc-default-executor-2] DEBUG leader.FollowerInfo (FollowerInfoImpl.java:lambda$new$1(49)) - s0@group-DBBE7E7C6C61->s2: commitIndex: updateToMax old=1, new=1, updated? false
2022-08-02 21:05:54,496 [grpc-default-executor-2] DEBUG leader.FollowerInfo (FollowerInfoImpl.java:lambda$new$1(49)) - s0@group-DBBE7E7C6C61->s2: matchIndex: updateToMax old=2, new=-1, updated? false
2022-08-02 21:05:54,496 [grpc-default-executor-3] DEBUG leader.FollowerInfo (FollowerInfoImpl.java:lambda$new$1(49)) - s0@group-DBBE7E7C6C61->s1: commitIndex: updateToMax old=1, new=1, updated? false
2022-08-02 21:05:54,496 [grpc-default-executor-3] DEBUG leader.FollowerInfo (FollowerInfoImpl.java:lambda$new$1(49)) - s0@group-DBBE7E7C6C61->s1: matchIndex: updateToMax old=2, new=-1, updated? false
2022-08-02 21:05:54,497 [grpc-default-executor-2] DEBUG leader.FollowerInfo (FollowerInfoImpl.java:lambda$new$1(49)) - s0@group-DBBE7E7C6C61->s2: commitIndex: updateToMax old=1, new=1, updated? false
2022-08-02 21:05:54,497 [grpc-default-executor-2] DEBUG leader.FollowerInfo (FollowerInfoImpl.java:lambda$new$1(49)) - s0@group-DBBE7E7C6C61->s2: matchIndex: updateToMax old=2, new=-1, updated? false
2022-08-02 21:05:54,498 [grpc-default-executor-3] DEBUG leader.FollowerInfo (FollowerInfoImpl.java:lambda$new$1(49)) - s0@group-DBBE7E7C6C61->s1: commitIndex: updateToMax old=1, new=1, updated? false
2022-08-02 21:05:54,498 [grpc-default-executor-3] DEBUG leader.FollowerInfo (FollowerInfoImpl.java:lambda$new$1(49)) - s0@group-DBBE7E7C6C61->s1: matchIndex: updateToMax old=2, new=-1, updated? false
2022-08-02 21:05:54,499 [grpc-default-executor-2] DEBUG leader.FollowerInfo (FollowerInfoImpl.java:lambda$new$1(49)) - s0@group-DBBE7E7C6C61->s2: commitIndex: updateToMax old=1, new=1, updated? false
2022-08-02 21:05:54,499 [grpc-default-executor-2] DEBUG leader.FollowerInfo (FollowerInfoImpl.java:lambda$new$1(49)) - s0@group-DBBE7E7C6C61->s2: matchIndex: updateToMax old=2, new=-1, updated? false
2022-08-02 21:05:54,499 [grpc-default-executor-3] DEBUG leader.FollowerInfo (FollowerInfoImpl.java:lambda$new$1(49)) - s0@group-DBBE7E7C6C61->s1: commitIndex: updateToMax old=1, new=1, updated? false
2022-08-02 21:05:54,500 [grpc-default-executor-3] DEBUG leader.FollowerInfo (FollowerInfoImpl.java:lambda$new$1(49)) - s0@group-DBBE7E7C6C61->s1: matchIndex: updateToMax old=2, new=-1, updated? false
2022-08-02 21:05:54,500 [grpc-default-executor-2] DEBUG leader.FollowerInfo (FollowerInfoImpl.java:lambda$new$1(49)) - s0@group-DBBE7E7C6C61->s2: commitIndex: updateToMax old=1, new=1, updated? false
2022-08-02 21:05:54,500 [grpc-default-executor-2] DEBUG leader.FollowerInfo (FollowerInfoImpl.java:lambda$new$1(49)) - s0@group-DBBE7E7C6C61->s2: matchIndex: updateToMax old=2, new=-1, updated? false
2022-08-02 21:05:54,501 [grpc-default-executor-3] DEBUG leader.FollowerInfo (FollowerInfoImpl.java:lambda$new$1(49)) - s0@group-DBBE7E7C6C61->s1: commitIndex: updateToMax old=1, new=1, updated? false
2022-08-02 21:05:54,501 [grpc-default-executor-3] DEBUG leader.FollowerInfo (FollowerInfoImpl.java:lambda$new$1(49)) - s0@group-DBBE7E7C6C61->s1: matchIndex: updateToMax old=2, new=-1, updated? false
2022-08-02 21:05:54,502 [grpc-default-executor-2] DEBUG leader.FollowerInfo (FollowerInfoImpl.java:lambda$new$1(49)) - s0@group-DBBE7E7C6C61->s2: commitIndex: updateToMax old=1, new=1, updated? false
2022-08-02 21:05:54,502 [grpc-default-executor-2] DEBUG leader.FollowerInfo (FollowerInfoImpl.java:lambda$new$1(49)) - s0@group-DBBE7E7C6C61->s2: matchIndex: updateToMax old=2, new=-1, updated? false
2022-08-02 21:05:54,503 [grpc-default-executor-3] DEBUG leader.FollowerInfo (FollowerInfoImpl.java:lambda$new$1(49)) - s0@group-DBBE7E7C6C61->s1: commitIndex: updateToMax old=1, new=1, updated? false
2022-08-02 21:05:54,503 [grpc-default-executor-3] DEBUG leader.FollowerInfo (FollowerInfoImpl.java:lambda$new$1(49)) - s0@group-DBBE7E7C6C61->s1: matchIndex: updateToMax old=2, new=-1, updated? false
2022-08-02 21:05:54,504 [grpc-default-executor-2] DEBUG leader.FollowerInfo (FollowerInfoImpl.java:lambda$new$1(49)) - s0@group-DBBE7E7C6C61->s2: commitIndex: updateToMax old=1, new=1, updated? false
2022-08-02 21:05:54,504 [grpc-default-executor-2] DEBUG leader.FollowerInfo (FollowerInfoImpl.java:lambda$new$1(49)) - s0@group-DBBE7E7C6C61->s2: matchIndex: updateToMax old=2, new=-1, updated? false
2022-08-02 21:05:54,504 [grpc-default-executor-3] DEBUG leader.FollowerInfo (FollowerInfoImpl.java:lambda$new$1(49)) - s0@group-DBBE7E7C6C61->s1: commitIndex: updateToMax old=1, new=1, updated? false
2022-08-02 21:05:54,505 [grpc-default-executor-3] DEBUG leader.FollowerInfo (FollowerInfoImpl.java:lambda$new$1(49)) - s0@group-DBBE7E7C6C61->s1: matchIndex: updateToMax old=2, new=-1, updated? false
2022-08-02 21:05:54,505 [grpc-default-executor-2] DEBUG leader.FollowerInfo (FollowerInfoImpl.java:lambda$new$1(49)) - s0@group-DBBE7E7C6C61->s2: commitIndex: updateToMax old=1, new=1, updated? false
2022-08-02 21:05:54,505 [grpc-default-executor-2] DEBUG leader.FollowerInfo (FollowerInfoImpl.java:lambda$new$1(49)) - s0@group-DBBE7E7C6C61->s2: matchIndex: updateToMax old=2, new=-1, updated? false
2022-08-02 21:05:54,506 [grpc-default-executor-3] DEBUG leader.FollowerInfo (FollowerInfoImpl.java:lambda$new$1(49)) - s0@group-DBBE7E7C6C61->s1: commitIndex: updateToMax old=1, new=1, updated? false
2022-08-02 21:05:54,506 [grpc-default-executor-3] DEBUG leader.FollowerInfo (FollowerInfoImpl.java:lambda$new$1(49)) - s0@group-DBBE7E7C6C61->s1: matchIndex: updateToMax old=2, new=-1, updated? false
2022-08-02 21:05:54,507 [grpc-default-executor-2] DEBUG leader.FollowerInfo (FollowerInfoImpl.java:lambda$new$1(49)) - s0@group-DBBE7E7C6C61->s2: commitIndex: updateToMax old=1, new=1, updated? false
2022-08-02 21:05:54,507 [grpc-default-executor-2] DEBUG leader.FollowerInfo (FollowerInfoImpl.java:lambda$new$1(49)) - s0@group-DBBE7E7C6C61->s2: matchIndex: updateToMax old=2, new=-1, updated? false
2022-08-02 21:05:54,508 [grpc-default-executor-3] DEBUG leader.FollowerInfo (FollowerInfoImpl.java:lambda$new$1(49)) - s0@group-DBBE7E7C6C61->s1: commitIndex: updateToMax old=1, new=1, updated? false
2022-08-02 21:05:54,508 [grpc-default-executor-3] DEBUG leader.FollowerInfo (FollowerInfoImpl.java:lambda$new$1(49)) - s0@group-DBBE7E7C6C61->s1: matchIndex: updateToMax old=2, new=-1, updated? false
2022-08-02 21:05:54,508 [grpc-default-executor-2] DEBUG leader.FollowerInfo (FollowerInfoImpl.java:lambda$new$1(49)) - s0@group-DBBE7E7C6C61->s2: commitIndex: updateToMax old=1, new=1, updated? false
2022-08-02 21:05:54,508 [grpc-default-executor-2] DEBUG leader.FollowerInfo (FollowerInfoImpl.java:lambda$new$1(49)) - s0@group-DBBE7E7C6C61->s2: matchIndex: updateToMax old=2, new=-1, updated? false
2022-08-02 21:05:54,509 [grpc-default-executor-3] DEBUG leader.FollowerInfo (FollowerInfoImpl.java:lambda$new$1(49)) - s0@group-DBBE7E7C6C61->s1: commitIndex: updateToMax old=1, new=1, updated? false
2022-08-02 21:05:54,509 [grpc-default-executor-3] DEBUG leader.FollowerInfo (FollowerInfoImpl.java:lambda$new$1(49)) - s0@group-DBBE7E7C6C61->s1: matchIndex: updateToMax old=2, new=-1, updated? false
2022-08-02 21:05:54,510 [grpc-default-executor-2] DEBUG leader.FollowerInfo (FollowerInfoImpl.java:lambda$new$1(49)) - s0@group-DBBE7E7C6C61->s2: commitIndex: updateToMax old=1, new=1, updated? false
2022-08-02 21:05:54,510 [grpc-default-executor-2] DEBUG leader.FollowerInfo (FollowerInfoImpl.java:lambda$new$1(49)) - s0@group-DBBE7E7C6C61->s2: matchIndex: updateToMax old=2, new=-1, updated? false
2022-08-02 21:05:54,511 [grpc-default-executor-3] DEBUG leader.FollowerInfo (FollowerInfoImpl.java:lambda$new$1(49)) - s0@group-DBBE7E7C6C61->s1: commitIndex: updateToMax old=1, new=1, updated? false
2022-08-02 21:05:54,511 [grpc-default-executor-3] DEBUG leader.FollowerInfo (FollowerInfoImpl.java:lambda$new$1(49)) - s0@group-DBBE7E7C6C61->s1: matchIndex: updateToMax old=2, new=-1, updated? false
2022-08-02 21:05:54,511 [grpc-default-executor-2] DEBUG leader.FollowerInfo (FollowerInfoImpl.java:lambda$new$1(49)) - s0@group-DBBE7E7C6C61->s2: commitIndex: updateToMax old=1, new=1, updated? false
2022-08-02 21:05:54,511 [grpc-default-executor-2] DEBUG leader.FollowerInfo (FollowerInfoImpl.java:lambda$new$1(49)) - s0@group-DBBE7E7C6C61->s2: matchIndex: updateToMax old=2, new=-1, updated? false
2022-08-02 21:05:54,512 [grpc-default-executor-3] DEBUG leader.FollowerInfo (FollowerInfoImpl.java:lambda$new$1(49)) - s0@group-DBBE7E7C6C61->s1: commitIndex: updateToMax old=1, new=1, updated? false
2022-08-02 21:05:54,512 [grpc-default-executor-3] DEBUG leader.FollowerInfo (FollowerInfoImpl.java:lambda$new$1(49)) - s0@group-DBBE7E7C6C61->s1: matchIndex: updateToMax old=2, new=-1, updated? false
2022-08-02 21:05:54,513 [grpc-default-executor-2] DEBUG leader.FollowerInfo (FollowerInfoImpl.java:lambda$new$1(49)) - s0@group-DBBE7E7C6C61->s2: commitIndex: updateToMax old=1, new=1, updated? false
2022-08-02 21:05:54,513 [grpc-default-executor-2] DEBUG leader.FollowerInfo (FollowerInfoImpl.java:lambda$new$1(49)) - s0@group-DBBE7E7C6C61->s2: matchIndex: updateToMax old=2, new=-1, updated? false
2022-08-02 21:05:54,514 [grpc-default-executor-3] DEBUG leader.FollowerInfo (FollowerInfoImpl.java:lambda$new$1(49)) - s0@group-DBBE7E7C6C61->s1: commitIndex: updateToMax old=1, new=1, updated? false
2022-08-02 21:05:54,514 [grpc-default-executor-3] DEBUG leader.FollowerInfo (FollowerInfoImpl.java:lambda$new$1(49)) - s0@group-DBBE7E7C6C61->s1: matchIndex: updateToMax old=2, new=-1, updated? false
2022-08-02 21:05:54,514 [grpc-default-executor-2] DEBUG leader.FollowerInfo (FollowerInfoImpl.java:lambda$new$1(49)) - s0@group-DBBE7E7C6C61->s2: commitIndex: updateToMax old=1, new=1, updated? false
2022-08-02 21:05:54,515 [grpc-default-executor-2] DEBUG leader.FollowerInfo (FollowerInfoImpl.java:lambda$new$1(49)) - s0@group-DBBE7E7C6C61->s2: matchIndex: updateToMax old=2, new=-1, updated? false
2022-08-02 21:05:54,515 [grpc-default-executor-3] DEBUG leader.FollowerInfo (FollowerInfoImpl.java:lambda$new$1(49)) - s0@group-DBBE7E7C6C61->s1: commitIndex: updateToMax old=1, new=1, updated? false
2022-08-02 21:05:54,515 [grpc-default-executor-3] DEBUG leader.FollowerInfo (FollowerInfoImpl.java:lambda$new$1(49)) - s0@group-DBBE7E7C6C61->s1: matchIndex: updateToMax old=2, new=-1, updated? false
2022-08-02 21:05:54,516 [grpc-default-executor-2] DEBUG leader.FollowerInfo (FollowerInfoImpl.java:lambda$new$1(49)) - s0@group-DBBE7E7C6C61->s2: commitIndex: updateToMax old=1, new=1, updated? false
2022-08-02 21:05:54,516 [grpc-default-executor-2] DEBUG leader.FollowerInfo (FollowerInfoImpl.java:lambda$new$1(49)) - s0@group-DBBE7E7C6C61->s2: matchIndex: updateToMax old=2, new=-1, updated? false
2022-08-02 21:05:54,517 [grpc-default-executor-3] DEBUG leader.FollowerInfo (FollowerInfoImpl.java:lambda$new$1(49)) - s0@group-DBBE7E7C6C61->s1: commitIndex: updateToMax old=1, new=1, updated? false
2022-08-02 21:05:54,517 [grpc-default-executor-3] DEBUG leader.FollowerInfo (FollowerInfoImpl.java:lambda$new$1(49)) - s0@group-DBBE7E7C6C61->s1: matchIndex: updateToMax old=2, new=-1, updated? false
2022-08-02 21:05:54,518 [grpc-default-executor-2] DEBUG leader.FollowerInfo (FollowerInfoImpl.java:lambda$new$1(49)) - s0@group-DBBE7E7C6C61->s2: commitIndex: updateToMax old=1, new=1, updated? false
2022-08-02 21:05:54,518 [grpc-default-executor-2] DEBUG leader.FollowerInfo (FollowerInfoImpl.java:lambda$new$1(49)) - s0@group-DBBE7E7C6C61->s2: matchIndex: updateToMax old=2, new=-1, updated? false
2022-08-02 21:05:54,518 [grpc-default-executor-3] DEBUG leader.FollowerInfo (FollowerInfoImpl.java:lambda$new$1(49)) - s0@group-DBBE7E7C6C61->s1: commitIndex: updateToMax old=1, new=1, updated? false
2022-08-02 21:05:54,518 [grpc-default-executor-3] DEBUG leader.FollowerInfo (FollowerInfoImpl.java:lambda$new$1(49)) - s0@group-DBBE7E7C6C61->s1: matchIndex: updateToMax old=2, new=-1, updated? false
2022-08-02 21:05:54,519 [grpc-default-executor-2] DEBUG leader.FollowerInfo (FollowerInfoImpl.java:lambda$new$1(49)) - s0@group-DBBE7E7C6C61->s2: commitIndex: updateToMax old=1, new=1, updated? false
2022-08-02 21:05:54,519 [grpc-default-executor-2] DEBUG leader.FollowerInfo (FollowerInfoImpl.java:lambda$new$1(49)) - s0@group-DBBE7E7C6C61->s2: matchIndex: updateToMax old=2, new=-1, updated? false
2022-08-02 21:05:54,520 [grpc-default-executor-3] DEBUG leader.FollowerInfo (FollowerInfoImpl.java:lambda$new$1(49)) - s0@group-DBBE7E7C6C61->s1: commitIndex: updateToMax old=1, new=1, updated? false
2022-08-02 21:05:54,520 [grpc-default-executor-3] DEBUG leader.FollowerInfo (FollowerInfoImpl.java:lambda$new$1(49)) - s0@group-DBBE7E7C6C61->s1: matchIndex: updateToMax old=2, new=-1, updated? false
2022-08-02 21:05:54,521 [grpc-default-executor-2] DEBUG leader.FollowerInfo (FollowerInfoImpl.java:lambda$new$1(49)) - s0@group-DBBE7E7C6C61->s2: commitIndex: updateToMax old=1, new=1, updated? false
2022-08-02 21:05:54,521 [grpc-default-executor-2] DEBUG leader.FollowerInfo (FollowerInfoImpl.java:lambda$new$1(49)) - s0@group-DBBE7E7C6C61->s2: matchIndex: updateToMax old=2, new=-1, updated? false
2022-08-02 21:05:54,521 [grpc-default-executor-3] DEBUG leader.FollowerInfo (FollowerInfoImpl.java:lambda$new$1(49)) - s0@group-DBBE7E7C6C61->s1: commitIndex: updateToMax old=1, new=1, updated? false
2022-08-02 21:05:54,522 [grpc-default-executor-3] DEBUG leader.FollowerInfo (FollowerInfoImpl.java:lambda$new$1(49)) - s0@group-DBBE7E7C6C61->s1: matchIndex: updateToMax old=2, new=-1, updated? false
2022-08-02 21:05:54,522 [grpc-default-executor-2] DEBUG leader.FollowerInfo (FollowerInfoImpl.java:lambda$new$1(49)) - s0@group-DBBE7E7C6C61->s2: commitIndex: updateToMax old=1, new=1, updated? false
2022-08-02 21:05:54,522 [grpc-default-executor-2] DEBUG leader.FollowerInfo (FollowerInfoImpl.java:lambda$new$1(49)) - s0@group-DBBE7E7C6C61->s2: matchIndex: updateToMax old=2, new=-1, updated? false
2022-08-02 21:05:54,523 [grpc-default-executor-3] DEBUG leader.FollowerInfo (FollowerInfoImpl.java:lambda$new$1(49)) - s0@group-DBBE7E7C6C61->s1: commitIndex: updateToMax old=1, new=1, updated? false
2022-08-02 21:05:54,523 [grpc-default-executor-3] DEBUG leader.FollowerInfo (FollowerInfoImpl.java:lambda$new$1(49)) - s0@group-DBBE7E7C6C61->s1: matchIndex: updateToMax old=2, new=-1, updated? false
2022-08-02 21:05:54,537 [grpc-default-executor-2] DEBUG leader.FollowerInfo (FollowerInfoImpl.java:lambda$new$1(49)) - s0@group-DBBE7E7C6C61->s2: commitIndex: updateToMax old=1, new=1, updated? false
2022-08-02 21:05:54,539 [grpc-default-executor-2] DEBUG leader.FollowerInfo (FollowerInfoImpl.java:lambda$new$1(49)) - s0@group-DBBE7E7C6C61->s2: matchIndex: updateToMax old=2, new=-1, updated? false
2022-08-02 21:05:54,539 [grpc-default-executor-3] DEBUG leader.FollowerInfo (FollowerInfoImpl.java:lambda$new$1(49)) - s0@group-DBBE7E7C6C61->s1: commitIndex: updateToMax old=1, new=1, updated? false
2022-08-02 21:05:54,539 [grpc-default-executor-3] DEBUG leader.FollowerInfo (FollowerInfoImpl.java:lambda$new$1(49)) - s0@group-DBBE7E7C6C61->s1: matchIndex: updateToMax old=2, new=-1, updated? false
2022-08-02 21:05:54,544 [grpc-default-executor-2] DEBUG leader.FollowerInfo (FollowerInfoImpl.java:lambda$new$1(49)) - s0@group-DBBE7E7C6C61->s2: commitIndex: updateToMax old=1, new=1, updated? false
2022-08-02 21:05:54,544 [grpc-default-executor-2] DEBUG leader.FollowerInfo (FollowerInfoImpl.java:lambda$new$1(49)) - s0@group-DBBE7E7C6C61->s2: matchIndex: updateToMax old=2, new=-1, updated? false
2022-08-02 21:05:54,545 [grpc-default-executor-2] DEBUG leader.FollowerInfo (FollowerInfoImpl.java:lambda$new$1(49)) - s0@group-DBBE7E7C6C61->s1: commitIndex: updateToMax old=1, new=1, updated? false
2022-08-02 21:05:54,545 [grpc-default-executor-2] DEBUG leader.FollowerInfo (FollowerInfoImpl.java:lambda$new$1(49)) - s0@group-DBBE7E7C6C61->s1: matchIndex: updateToMax old=2, new=-1, updated? false
2022-08-02 21:05:54,545 [grpc-default-executor-2] DEBUG leader.FollowerInfo (FollowerInfoImpl.java:lambda$new$1(49)) - s0@group-DBBE7E7C6C61->s2: commitIndex: updateToMax old=1, new=1, updated? false
2022-08-02 21:05:54,545 [grpc-default-executor-2] DEBUG leader.FollowerInfo (FollowerInfoImpl.java:lambda$new$1(49)) - s0@group-DBBE7E7C6C61->s2: matchIndex: updateToMax old=2, new=-1, updated? false
2022-08-02 21:05:54,546 [grpc-default-executor-3] DEBUG leader.FollowerInfo (FollowerInfoImpl.java:lambda$new$1(49)) - s0@group-DBBE7E7C6C61->s1: commitIndex: updateToMax old=1, new=1, updated? false
2022-08-02 21:05:54,546 [grpc-default-executor-3] DEBUG leader.FollowerInfo (FollowerInfoImpl.java:lambda$new$1(49)) - s0@group-DBBE7E7C6C61->s1: matchIndex: updateToMax old=2, new=-1, updated? false
2022-08-02 21:05:54,547 [grpc-default-executor-2] DEBUG leader.FollowerInfo (FollowerInfoImpl.java:lambda$new$1(49)) - s0@group-DBBE7E7C6C61->s2: commitIndex: updateToMax old=1, new=1, updated? false
2022-08-02 21:05:54,547 [grpc-default-executor-2] DEBUG leader.FollowerInfo (FollowerInfoImpl.java:lambda$new$1(49)) - s0@group-DBBE7E7C6C61->s2: matchIndex: updateToMax old=2, new=-1, updated? false
2022-08-02 21:05:54,551 [grpc-default-executor-3] DEBUG leader.FollowerInfo (FollowerInfoImpl.java:lambda$new$1(49)) - s0@group-DBBE7E7C6C61->s1: commitIndex: updateToMax old=1, new=1, updated? false
2022-08-02 21:05:54,552 [grpc-default-executor-3] DEBUG leader.FollowerInfo (FollowerInfoImpl.java:lambda$new$1(49)) - s0@group-DBBE7E7C6C61->s1: matchIndex: updateToMax old=2, new=-1, updated? false
2022-08-02 21:05:54,552 [grpc-default-executor-2] DEBUG leader.FollowerInfo (FollowerInfoImpl.java:lambda$new$1(49)) - s0@group-DBBE7E7C6C61->s2: commitIndex: updateToMax old=1, new=1, updated? false
2022-08-02 21:05:54,552 [grpc-default-executor-2] DEBUG leader.FollowerInfo (FollowerInfoImpl.java:lambda$new$1(49)) - s0@group-DBBE7E7C6C61->s2: matchIndex: updateToMax old=2, new=-1, updated? false
2022-08-02 21:05:54,553 [grpc-default-executor-2] DEBUG leader.FollowerInfo (FollowerInfoImpl.java:lambda$new$1(49)) - s0@group-DBBE7E7C6C61->s1: commitIndex: updateToMax old=1, new=1, updated? false
2022-08-02 21:05:54,553 [grpc-default-executor-2] DEBUG leader.FollowerInfo (FollowerInfoImpl.java:lambda$new$1(49)) - s0@group-DBBE7E7C6C61->s1: matchIndex: updateToMax old=2, new=-1, updated? false
2022-08-02 21:05:54,554 [grpc-default-executor-3] DEBUG leader.FollowerInfo (FollowerInfoImpl.java:lambda$new$1(49)) - s0@group-DBBE7E7C6C61->s2: commitIndex: updateToMax old=1, new=1, updated? false
2022-08-02 21:05:54,554 [grpc-default-executor-3] DEBUG leader.FollowerInfo (FollowerInfoImpl.java:lambda$new$1(49)) - s0@group-DBBE7E7C6C61->s2: matchIndex: updateToMax old=2, new=-1, updated? false
2022-08-02 21:05:54,554 [grpc-default-executor-2] DEBUG leader.FollowerInfo (FollowerInfoImpl.java:lambda$new$1(49)) - s0@group-DBBE7E7C6C61->s1: commitIndex: updateToMax old=1, new=1, updated? false
2022-08-02 21:05:54,555 [grpc-default-executor-2] DEBUG leader.FollowerInfo (FollowerInfoImpl.java:lambda$new$1(49)) - s0@group-DBBE7E7C6C61->s1: matchIndex: updateToMax old=2, new=-1, updated? false
2022-08-02 21:05:54,555 [grpc-default-executor-2] DEBUG leader.FollowerInfo (FollowerInfoImpl.java:lambda$new$1(49)) - s0@group-DBBE7E7C6C61->s2: commitIndex: updateToMax old=1, new=1, updated? false
2022-08-02 21:05:54,555 [grpc-default-executor-2] DEBUG leader.FollowerInfo (FollowerInfoImpl.java:lambda$new$1(49)) - s0@group-DBBE7E7C6C61->s2: matchIndex: updateToMax old=2, new=-1, updated? false
2022-08-02 21:05:54,556 [grpc-default-executor-2] DEBUG leader.FollowerInfo (FollowerInfoImpl.java:lambda$new$1(49)) - s0@group-DBBE7E7C6C61->s1: commitIndex: updateToMax old=1, new=1, updated? false
2022-08-02 21:05:54,556 [grpc-default-executor-2] DEBUG leader.FollowerInfo (FollowerInfoImpl.java:lambda$new$1(49)) - s0@group-DBBE7E7C6C61->s1: matchIndex: updateToMax old=2, new=-1, updated? false
2022-08-02 21:05:54,556 [grpc-default-executor-3] DEBUG leader.FollowerInfo (FollowerInfoImpl.java:lambda$new$1(49)) - s0@group-DBBE7E7C6C61->s2: commitIndex: updateToMax old=1, new=1, updated? false
2022-08-02 21:05:54,556 [grpc-default-executor-3] DEBUG leader.FollowerInfo (FollowerInfoImpl.java:lambda$new$1(49)) - s0@group-DBBE7E7C6C61->s2: matchIndex: updateToMax old=2, new=-1, updated? false
2022-08-02 21:05:54,559 [grpc-default-executor-2] DEBUG leader.FollowerInfo (FollowerInfoImpl.java:lambda$new$1(49)) - s0@group-DBBE7E7C6C61->s1: commitIndex: updateToMax old=1, new=1, updated? false
2022-08-02 21:05:54,559 [grpc-default-executor-2] DEBUG leader.FollowerInfo (FollowerInfoImpl.java:lambda$new$1(49)) - s0@group-DBBE7E7C6C61->s1: matchIndex: updateToMax old=2, new=-1, updated? false
2022-08-02 21:05:54,560 [grpc-default-executor-3] DEBUG leader.FollowerInfo (FollowerInfoImpl.java:lambda$new$1(49)) - s0@group-DBBE7E7C6C61->s2: commitIndex: updateToMax old=1, new=1, updated? false
2022-08-02 21:05:54,560 [grpc-default-executor-3] DEBUG leader.FollowerInfo (FollowerInfoImpl.java:lambda$new$1(49)) - s0@group-DBBE7E7C6C61->s2: matchIndex: updateToMax old=2, new=-1, updated? false
2022-08-02 21:05:54,561 [grpc-default-executor-2] DEBUG leader.FollowerInfo (FollowerInfoImpl.java:lambda$new$1(49)) - s0@group-DBBE7E7C6C61->s1: commitIndex: updateToMax old=1, new=1, updated? false
2022-08-02 21:05:54,561 [grpc-default-executor-2] DEBUG leader.FollowerInfo (FollowerInfoImpl.java:lambda$new$1(49)) - s0@group-DBBE7E7C6C61->s1: matchIndex: updateToMax old=2, new=-1, updated? false
2022-08-02 21:05:54,561 [grpc-default-executor-3] DEBUG leader.FollowerInfo (FollowerInfoImpl.java:lambda$new$1(49)) - s0@group-DBBE7E7C6C61->s2: commitIndex: updateToMax old=1, new=1, updated? false
2022-08-02 21:05:54,561 [grpc-default-executor-3] DEBUG leader.FollowerInfo (FollowerInfoImpl.java:lambda$new$1(49)) - s0@group-DBBE7E7C6C61->s2: matchIndex: updateToMax old=2, new=-1, updated? false
2022-08-02 21:05:54,563 [grpc-default-executor-2] DEBUG leader.FollowerInfo (FollowerInfoImpl.java:lambda$new$1(49)) - s0@group-DBBE7E7C6C61->s1: commitIndex: updateToMax old=1, new=1, updated? false
2022-08-02 21:05:54,564 [grpc-default-executor-2] DEBUG leader.FollowerInfo (FollowerInfoImpl.java:lambda$new$1(49)) - s0@group-DBBE7E7C6C61->s1: matchIndex: updateToMax old=2, new=-1, updated? false
2022-08-02 21:05:54,564 [grpc-default-executor-3] DEBUG leader.FollowerInfo (FollowerInfoImpl.java:lambda$new$1(49)) - s0@group-DBBE7E7C6C61->s2: commitIndex: updateToMax old=1, new=1, updated? false
2022-08-02 21:05:54,564 [grpc-default-executor-3] DEBUG leader.FollowerInfo (FollowerInfoImpl.java:lambda$new$1(49)) - s0@group-DBBE7E7C6C61->s2: matchIndex: updateToMax old=2, new=-1, updated? false
2022-08-02 21:05:54,565 [grpc-default-executor-2] DEBUG leader.FollowerInfo (FollowerInfoImpl.java:lambda$new$1(49)) - s0@group-DBBE7E7C6C61->s1: commitIndex: updateToMax old=1, new=1, updated? false
2022-08-02 21:05:54,565 [grpc-default-executor-2] DEBUG leader.FollowerInfo (FollowerInfoImpl.java:lambda$new$1(49)) - s0@group-DBBE7E7C6C61->s1: matchIndex: updateToMax old=2, new=-1, updated? false
2022-08-02 21:05:54,566 [grpc-default-executor-3] DEBUG leader.FollowerInfo (FollowerInfoImpl.java:lambda$new$1(49)) - s0@group-DBBE7E7C6C61->s2: commitIndex: updateToMax old=1, new=1, updated? false
2022-08-02 21:05:54,566 [grpc-default-executor-3] DEBUG leader.FollowerInfo (FollowerInfoImpl.java:lambda$new$1(49)) - s0@group-DBBE7E7C6C61->s2: matchIndex: updateToMax old=2, new=-1, updated? false
2022-08-02 21:05:54,566 [grpc-default-executor-2] DEBUG leader.FollowerInfo (FollowerInfoImpl.java:lambda$new$1(49)) - s0@group-DBBE7E7C6C61->s1: commitIndex: updateToMax old=1, new=1, updated? false
2022-08-02 21:05:54,566 [grpc-default-executor-2] DEBUG leader.FollowerInfo (FollowerInfoImpl.java:lambda$new$1(49)) - s0@group-DBBE7E7C6C61->s1: matchIndex: updateToMax old=2, new=-1, updated? false
2022-08-02 21:05:54,567 [grpc-default-executor-3] DEBUG leader.FollowerInfo (FollowerInfoImpl.java:lambda$new$1(49)) - s0@group-DBBE7E7C6C61->s2: commitIndex: updateToMax old=1, new=1, updated? false
2022-08-02 21:05:54,567 [grpc-default-executor-3] DEBUG leader.FollowerInfo (FollowerInfoImpl.java:lambda$new$1(49)) - s0@group-DBBE7E7C6C61->s2: matchIndex: updateToMax old=2, new=-1, updated? false
2022-08-02 21:05:54,568 [grpc-default-executor-2] DEBUG leader.FollowerInfo (FollowerInfoImpl.java:lambda$new$1(49)) - s0@group-DBBE7E7C6C61->s1: commitIndex: updateToMax old=1, new=1, updated? false
2022-08-02 21:05:54,568 [grpc-default-executor-2] DEBUG leader.FollowerInfo (FollowerInfoImpl.java:lambda$new$1(49)) - s0@group-DBBE7E7C6C61->s1: matchIndex: updateToMax old=2, new=-1, updated? false
2022-08-02 21:05:54,569 [grpc-default-executor-3] DEBUG leader.FollowerInfo (FollowerInfoImpl.java:lambda$new$1(49)) - s0@group-DBBE7E7C6C61->s2: commitIndex: updateToMax old=1, new=1, updated? false
2022-08-02 21:05:54,569 [grpc-default-executor-3] DEBUG leader.FollowerInfo (FollowerInfoImpl.java:lambda$new$1(49)) - s0@group-DBBE7E7C6C61->s2: matchIndex: updateToMax old=2, new=-1, updated? false
2022-08-02 21:05:54,569 [grpc-default-executor-2] DEBUG leader.FollowerInfo (FollowerInfoImpl.java:lambda$new$1(49)) - s0@group-DBBE7E7C6C61->s1: commitIndex: updateToMax old=1, new=1, updated? false
2022-08-02 21:05:54,569 [grpc-default-executor-2] DEBUG leader.FollowerInfo (FollowerInfoImpl.java:lambda$new$1(49)) - s0@group-DBBE7E7C6C61->s1: matchIndex: updateToMax old=2, new=-1, updated? false
2022-08-02 21:05:54,570 [grpc-default-executor-3] DEBUG leader.FollowerInfo (FollowerInfoImpl.java:lambda$new$1(49)) - s0@group-DBBE7E7C6C61->s2: commitIndex: updateToMax old=1, new=1, updated? false
2022-08-02 21:05:54,570 [grpc-default-executor-3] DEBUG leader.FollowerInfo (FollowerInfoImpl.java:lambda$new$1(49)) - s0@group-DBBE7E7C6C61->s2: matchIndex: updateToMax old=2, new=-1, updated? false
2022-08-02 21:05:54,571 [grpc-default-executor-2] DEBUG leader.FollowerInfo (FollowerInfoImpl.java:lambda$new$1(49)) - s0@group-DBBE7E7C6C61->s1: commitIndex: updateToMax old=1, new=1, updated? false
2022-08-02 21:05:54,571 [grpc-default-executor-2] DEBUG leader.FollowerInfo (FollowerInfoImpl.java:lambda$new$1(49)) - s0@group-DBBE7E7C6C61->s1: matchIndex: updateToMax old=2, new=-1, updated? false
2022-08-02 21:05:54,572 [grpc-default-executor-3] DEBUG leader.FollowerInfo (FollowerInfoImpl.java:lambda$new$1(49)) - s0@group-DBBE7E7C6C61->s2: commitIndex: updateToMax old=1, new=1, updated? false
2022-08-02 21:05:54,572 [grpc-default-executor-3] DEBUG leader.FollowerInfo (FollowerInfoImpl.java:lambda$new$1(49)) - s0@group-DBBE7E7C6C61->s2: matchIndex: updateToMax old=2, new=-1, updated? false
2022-08-02 21:05:54,572 [grpc-default-executor-2] DEBUG leader.FollowerInfo (FollowerInfoImpl.java:lambda$new$1(49)) - s0@group-DBBE7E7C6C61->s1: commitIndex: updateToMax old=1, new=1, updated? false
2022-08-02 21:05:54,572 [grpc-default-executor-2] DEBUG leader.FollowerInfo (FollowerInfoImpl.java:lambda$new$1(49)) - s0@group-DBBE7E7C6C61->s1: matchIndex: updateToMax old=2, new=-1, updated? false
2022-08-02 21:05:54,573 [grpc-default-executor-2] DEBUG leader.FollowerInfo (FollowerInfoImpl.java:lambda$new$1(49)) - s0@group-DBBE7E7C6C61->s2: commitIndex: updateToMax old=1, new=1, updated? false
2022-08-02 21:05:54,573 [grpc-default-executor-2] DEBUG leader.FollowerInfo (FollowerInfoImpl.java:lambda$new$1(49)) - s0@group-DBBE7E7C6C61->s2: matchIndex: updateToMax old=2, new=-1, updated? false
2022-08-02 21:05:54,574 [grpc-default-executor-3] DEBUG leader.FollowerInfo (FollowerInfoImpl.java:lambda$new$1(49)) - s0@group-DBBE7E7C6C61->s1: commitIndex: updateToMax old=1, new=1, updated? false
2022-08-02 21:05:54,574 [grpc-default-executor-3] DEBUG leader.FollowerInfo (FollowerInfoImpl.java:lambda$new$1(49)) - s0@group-DBBE7E7C6C61->s1: matchIndex: updateToMax old=2, new=-1, updated? false
2022-08-02 21:05:54,574 [grpc-default-executor-2] DEBUG leader.FollowerInfo (FollowerInfoImpl.java:lambda$new$1(49)) - s0@group-DBBE7E7C6C61->s2: commitIndex: updateToMax old=1, new=1, updated? false
2022-08-02 21:05:54,575 [grpc-default-executor-2] DEBUG leader.FollowerInfo (FollowerInfoImpl.java:lambda$new$1(49)) - s0@group-DBBE7E7C6C61->s2: matchIndex: updateToMax old=2, new=-1, updated? false
2022-08-02 21:05:54,575 [grpc-default-executor-3] DEBUG leader.FollowerInfo (FollowerInfoImpl.java:lambda$new$1(49)) - s0@group-DBBE7E7C6C61->s1: commitIndex: updateToMax old=1, new=1, updated? false
2022-08-02 21:05:54,576 [grpc-default-executor-3] DEBUG leader.FollowerInfo (FollowerInfoImpl.java:lambda$new$1(49)) - s0@group-DBBE7E7C6C61->s1: matchIndex: updateToMax old=2, new=-1, updated? false
2022-08-02 21:05:54,579 [grpc-default-executor-2] DEBUG leader.FollowerInfo (FollowerInfoImpl.java:lambda$new$1(49)) - s0@group-DBBE7E7C6C61->s2: commitIndex: updateToMax old=1, new=1, updated? false
2022-08-02 21:05:54,579 [grpc-default-executor-2] DEBUG leader.FollowerInfo (FollowerInfoImpl.java:lambda$new$1(49)) - s0@group-DBBE7E7C6C61->s2: matchIndex: updateToMax old=2, new=-1, updated? false
2022-08-02 21:05:54,580 [grpc-default-executor-3] DEBUG leader.FollowerInfo (FollowerInfoImpl.java:lambda$new$1(49)) - s0@group-DBBE7E7C6C61->s1: commitIndex: updateToMax old=1, new=1, updated? false
2022-08-02 21:05:54,580 [grpc-default-executor-3] DEBUG leader.FollowerInfo (FollowerInfoImpl.java:lambda$new$1(49)) - s0@group-DBBE7E7C6C61->s1: matchIndex: updateToMax old=2, new=-1, updated? false
2022-08-02 21:05:54,581 [grpc-default-executor-2] DEBUG leader.FollowerInfo (FollowerInfoImpl.java:lambda$new$1(49)) - s0@group-DBBE7E7C6C61->s2: commitIndex: updateToMax old=1, new=1, updated? false
2022-08-02 21:05:54,581 [grpc-default-executor-2] DEBUG leader.FollowerInfo (FollowerInfoImpl.java:lambda$new$1(49)) - s0@group-DBBE7E7C6C61->s2: matchIndex: updateToMax old=2, new=-1, updated? false
2022-08-02 21:05:54,582 [grpc-default-executor-3] DEBUG leader.FollowerInfo (FollowerInfoImpl.java:lambda$new$1(49)) - s0@group-DBBE7E7C6C61->s1: commitIndex: updateToMax old=1, new=1, updated? false
2022-08-02 21:05:54,582 [grpc-default-executor-3] DEBUG leader.FollowerInfo (FollowerInfoImpl.java:lambda$new$1(49)) - s0@group-DBBE7E7C6C61->s1: matchIndex: updateToMax old=2, new=-1, updated? false
2022-08-02 21:05:54,583 [grpc-default-executor-2] DEBUG leader.FollowerInfo (FollowerInfoImpl.java:lambda$new$1(49)) - s0@group-DBBE7E7C6C61->s2: commitIndex: updateToMax old=1, new=1, updated? false
2022-08-02 21:05:54,584 [grpc-default-executor-2] DEBUG leader.FollowerInfo (FollowerInfoImpl.java:lambda$new$1(49)) - s0@group-DBBE7E7C6C61->s2: matchIndex: updateToMax old=2, new=-1, updated? false
2022-08-02 21:05:54,584 [grpc-default-executor-2] DEBUG leader.FollowerInfo (FollowerInfoImpl.java:lambda$new$1(49)) - s0@group-DBBE7E7C6C61->s1: commitIndex: updateToMax old=1, new=1, updated? false
2022-08-02 21:05:54,584 [grpc-default-executor-2] DEBUG leader.FollowerInfo (FollowerInfoImpl.java:lambda$new$1(49)) - s0@group-DBBE7E7C6C61->s1: matchIndex: updateToMax old=2, new=-1, updated? false
2022-08-02 21:05:54,585 [grpc-default-executor-3] DEBUG leader.FollowerInfo (FollowerInfoImpl.java:lambda$new$1(49)) - s0@group-DBBE7E7C6C61->s2: commitIndex: updateToMax old=1, new=1, updated? false
2022-08-02 21:05:54,585 [grpc-default-executor-3] DEBUG leader.FollowerInfo (FollowerInfoImpl.java:lambda$new$1(49)) - s0@group-DBBE7E7C6C61->s2: matchIndex: updateToMax old=2, new=-1, updated? false
2022-08-02 21:05:54,586 [grpc-default-executor-2] DEBUG leader.FollowerInfo (FollowerInfoImpl.java:lambda$new$1(49)) - s0@group-DBBE7E7C6C61->s1: commitIndex: updateToMax old=1, new=1, updated? false
2022-08-02 21:05:54,586 [grpc-default-executor-2] DEBUG leader.FollowerInfo (FollowerInfoImpl.java:lambda$new$1(49)) - s0@group-DBBE7E7C6C61->s1: matchIndex: updateToMax old=2, new=-1, updated? false
2022-08-02 21:05:54,586 [grpc-default-executor-3] DEBUG leader.FollowerInfo (FollowerInfoImpl.java:lambda$new$1(49)) - s0@group-DBBE7E7C6C61->s2: commitIndex: updateToMax old=1, new=1, updated? false
2022-08-02 21:05:54,586 [grpc-default-executor-3] DEBUG leader.FollowerInfo (FollowerInfoImpl.java:lambda$new$1(49)) - s0@group-DBBE7E7C6C61->s2: matchIndex: updateToMax old=2, new=-1, updated? false
2022-08-02 21:05:54,587 [grpc-default-executor-2] DEBUG leader.FollowerInfo (FollowerInfoImpl.java:lambda$new$1(49)) - s0@group-DBBE7E7C6C61->s1: commitIndex: updateToMax old=1, new=1, updated? false
2022-08-02 21:05:54,587 [grpc-default-executor-2] DEBUG leader.FollowerInfo (FollowerInfoImpl.java:lambda$new$1(49)) - s0@group-DBBE7E7C6C61->s1: matchIndex: updateToMax old=2, new=-1, updated? false
2022-08-02 21:05:54,588 [grpc-default-executor-3] DEBUG leader.FollowerInfo (FollowerInfoImpl.java:lambda$new$1(49)) - s0@group-DBBE7E7C6C61->s2: commitIndex: updateToMax old=1, new=1, updated? false
2022-08-02 21:05:54,588 [grpc-default-executor-3] DEBUG leader.FollowerInfo (FollowerInfoImpl.java:lambda$new$1(49)) - s0@group-DBBE7E7C6C61->s2: matchIndex: updateToMax old=2, new=-1, updated? false
2022-08-02 21:05:54,591 [grpc-default-executor-2] DEBUG leader.FollowerInfo (FollowerInfoImpl.java:lambda$new$1(49)) - s0@group-DBBE7E7C6C61->s1: commitIndex: updateToMax old=1, new=1, updated? false
2022-08-02 21:05:54,592 [grpc-default-executor-2] DEBUG leader.FollowerInfo (FollowerInfoImpl.java:lambda$new$1(49)) - s0@group-DBBE7E7C6C61->s1: matchIndex: updateToMax old=2, new=-1, updated? false
2022-08-02 21:05:54,592 [grpc-default-executor-3] DEBUG leader.FollowerInfo (FollowerInfoImpl.java:lambda$new$1(49)) - s0@group-DBBE7E7C6C61->s2: commitIndex: updateToMax old=1, new=1, updated? false
2022-08-02 21:05:54,592 [grpc-default-executor-3] DEBUG leader.FollowerInfo (FollowerInfoImpl.java:lambda$new$1(49)) - s0@group-DBBE7E7C6C61->s2: matchIndex: updateToMax old=2, new=-1, updated? false
2022-08-02 21:05:54,593 [grpc-default-executor-2] DEBUG leader.FollowerInfo (FollowerInfoImpl.java:lambda$new$1(49)) - s0@group-DBBE7E7C6C61->s1: commitIndex: updateToMax old=1, new=1, updated? false
2022-08-02 21:05:54,593 [grpc-default-executor-2] DEBUG leader.FollowerInfo (FollowerInfoImpl.java:lambda$new$1(49)) - s0@group-DBBE7E7C6C61->s1: matchIndex: updateToMax old=2, new=-1, updated? false
2022-08-02 21:05:54,594 [grpc-default-executor-3] DEBUG leader.FollowerInfo (FollowerInfoImpl.java:lambda$new$1(49)) - s0@group-DBBE7E7C6C61->s2: commitIndex: updateToMax old=1, new=1, updated? false
2022-08-02 21:05:54,594 [grpc-default-executor-3] DEBUG leader.FollowerInfo (FollowerInfoImpl.java:lambda$new$1(49)) - s0@group-DBBE7E7C6C61->s2: matchIndex: updateToMax old=2, new=-1, updated? false
2022-08-02 21:05:54,594 [grpc-default-executor-2] DEBUG leader.FollowerInfo (FollowerInfoImpl.java:lambda$new$1(49)) - s0@group-DBBE7E7C6C61->s1: commitIndex: updateToMax old=1, new=1, updated? false
2022-08-02 21:05:54,594 [grpc-default-executor-2] DEBUG leader.FollowerInfo (FollowerInfoImpl.java:lambda$new$1(49)) - s0@group-DBBE7E7C6C61->s1: matchIndex: updateToMax old=2, new=-1, updated? false
2022-08-02 21:05:54,595 [grpc-default-executor-3] DEBUG leader.FollowerInfo (FollowerInfoImpl.java:lambda$new$1(49)) - s0@group-DBBE7E7C6C61->s2: commitIndex: updateToMax old=1, new=1, updated? false
2022-08-02 21:05:54,595 [grpc-default-executor-3] DEBUG leader.FollowerInfo (FollowerInfoImpl.java:lambda$new$1(49)) - s0@group-DBBE7E7C6C61->s2: matchIndex: updateToMax old=2, new=-1, updated? false
2022-08-02 21:05:54,596 [grpc-default-executor-2] DEBUG leader.FollowerInfo (FollowerInfoImpl.java:lambda$new$1(49)) - s0@group-DBBE7E7C6C61->s1: commitIndex: updateToMax old=1, new=1, updated? false
2022-08-02 21:05:54,596 [grpc-default-executor-2] DEBUG leader.FollowerInfo (FollowerInfoImpl.java:lambda$new$1(49)) - s0@group-DBBE7E7C6C61->s1: matchIndex: updateToMax old=2, new=-1, updated? false
2022-08-02 21:05:54,596 [grpc-default-executor-3] DEBUG leader.FollowerInfo (FollowerInfoImpl.java:lambda$new$1(49)) - s0@group-DBBE7E7C6C61->s2: commitIndex: updateToMax old=1, new=1, updated? false
2022-08-02 21:05:54,596 [grpc-default-executor-3] DEBUG leader.FollowerInfo (FollowerInfoImpl.java:lambda$new$1(49)) - s0@group-DBBE7E7C6C61->s2: matchIndex: updateToMax old=2, new=-1, updated? false
2022-08-02 21:05:54,599 [grpc-default-executor-2] DEBUG leader.FollowerInfo (FollowerInfoImpl.java:lambda$new$1(49)) - s0@group-DBBE7E7C6C61->s1: commitIndex: updateToMax old=1, new=1, updated? false
2022-08-02 21:05:54,599 [grpc-default-executor-2] DEBUG leader.FollowerInfo (FollowerInfoImpl.java:lambda$new$1(49)) - s0@group-DBBE7E7C6C61->s1: matchIndex: updateToMax old=2, new=-1, updated? false
2022-08-02 21:05:54,600 [grpc-default-executor-3] DEBUG leader.FollowerInfo (FollowerInfoImpl.java:lambda$new$1(49)) - s0@group-DBBE7E7C6C61->s2: commitIndex: updateToMax old=1, new=1, updated? false
2022-08-02 21:05:54,600 [grpc-default-executor-3] DEBUG leader.FollowerInfo (FollowerInfoImpl.java:lambda$new$1(49)) - s0@group-DBBE7E7C6C61->s2: matchIndex: updateToMax old=2, new=-1, updated? false
2022-08-02 21:05:54,601 [grpc-default-executor-2] DEBUG leader.FollowerInfo (FollowerInfoImpl.java:lambda$new$1(49)) - s0@group-DBBE7E7C6C61->s1: commitIndex: updateToMax old=1, new=1, updated? false
2022-08-02 21:05:54,601 [grpc-default-executor-2] DEBUG leader.FollowerInfo (FollowerInfoImpl.java:lambda$new$1(49)) - s0@group-DBBE7E7C6C61->s1: matchIndex: updateToMax old=2, new=-1, updated? false
2022-08-02 21:05:54,602 [grpc-default-executor-3] DEBUG leader.FollowerInfo (FollowerInfoImpl.java:lambda$new$1(49)) - s0@group-DBBE7E7C6C61->s2: commitIndex: updateToMax old=1, new=1, updated? false
2022-08-02 21:05:54,602 [grpc-default-executor-3] DEBUG leader.FollowerInfo (FollowerInfoImpl.java:lambda$new$1(49)) - s0@group-DBBE7E7C6C61->s2: matchIndex: updateToMax old=2, new=-1, updated? false
2022-08-02 21:05:54,602 [grpc-default-executor-2] DEBUG leader.FollowerInfo (FollowerInfoImpl.java:lambda$new$1(49)) - s0@group-DBBE7E7C6C61->s1: commitIndex: updateToMax old=1, new=1, updated? false
2022-08-02 21:05:54,602 [grpc-default-executor-2] DEBUG leader.FollowerInfo (FollowerInfoImpl.java:lambda$new$1(49)) - s0@group-DBBE7E7C6C61->s1: matchIndex: updateToMax old=2, new=-1, updated? false
2022-08-02 21:05:54,603 [grpc-default-executor-3] DEBUG leader.FollowerInfo (FollowerInfoImpl.java:lambda$new$1(49)) - s0@group-DBBE7E7C6C61->s2: commitIndex: updateToMax old=1, new=1, updated? false
2022-08-02 21:05:54,603 [grpc-default-executor-3] DEBUG leader.FollowerInfo (FollowerInfoImpl.java:lambda$new$1(49)) - s0@group-DBBE7E7C6C61->s2: matchIndex: updateToMax old=2, new=-1, updated? false
2022-08-02 21:05:54,604 [grpc-default-executor-2] DEBUG leader.FollowerInfo (FollowerInfoImpl.java:lambda$new$1(49)) - s0@group-DBBE7E7C6C61->s1: commitIndex: updateToMax old=1, new=1, updated? false
2022-08-02 21:05:54,604 [grpc-default-executor-2] DEBUG leader.FollowerInfo (FollowerInfoImpl.java:lambda$new$1(49)) - s0@group-DBBE7E7C6C61->s1: matchIndex: updateToMax old=2, new=-1, updated? false
2022-08-02 21:05:54,605 [grpc-default-executor-3] DEBUG leader.FollowerInfo (FollowerInfoImpl.java:lambda$new$1(49)) - s0@group-DBBE7E7C6C61->s2: commitIndex: updateToMax old=1, new=1, updated? false
2022-08-02 21:05:54,605 [grpc-default-executor-3] DEBUG leader.FollowerInfo (FollowerInfoImpl.java:lambda$new$1(49)) - s0@group-DBBE7E7C6C61->s2: matchIndex: updateToMax old=2, new=-1, updated? false
2022-08-02 21:05:54,607 [grpc-default-executor-2] DEBUG leader.FollowerInfo (FollowerInfoImpl.java:lambda$new$1(49)) - s0@group-DBBE7E7C6C61->s1: commitIndex: updateToMax old=1, new=1, updated? false
2022-08-02 21:05:54,608 [grpc-default-executor-2] DEBUG leader.FollowerInfo (FollowerInfoImpl.java:lambda$new$1(49)) - s0@group-DBBE7E7C6C61->s1: matchIndex: updateToMax old=2, new=-1, updated? false
2022-08-02 21:05:54,608 [grpc-default-executor-3] DEBUG leader.FollowerInfo (FollowerInfoImpl.java:lambda$new$1(49)) - s0@group-DBBE7E7C6C61->s2: commitIndex: updateToMax old=1, new=1, updated? false
2022-08-02 21:05:54,608 [grpc-default-executor-3] DEBUG leader.FollowerInfo (FollowerInfoImpl.java:lambda$new$1(49)) - s0@group-DBBE7E7C6C61->s2: matchIndex: updateToMax old=2, new=-1, updated? false
2022-08-02 21:05:54,609 [grpc-default-executor-2] DEBUG leader.FollowerInfo (FollowerInfoImpl.java:lambda$new$1(49)) - s0@group-DBBE7E7C6C61->s1: commitIndex: updateToMax old=1, new=1, updated? false
2022-08-02 21:05:54,609 [grpc-default-executor-2] DEBUG leader.FollowerInfo (FollowerInfoImpl.java:lambda$new$1(49)) - s0@group-DBBE7E7C6C61->s1: matchIndex: updateToMax old=2, new=-1, updated? false
2022-08-02 21:05:54,610 [grpc-default-executor-3] DEBUG leader.FollowerInfo (FollowerInfoImpl.java:lambda$new$1(49)) - s0@group-DBBE7E7C6C61->s2: commitIndex: updateToMax old=1, new=1, updated? false
2022-08-02 21:05:54,610 [grpc-default-executor-3] DEBUG leader.FollowerInfo (FollowerInfoImpl.java:lambda$new$1(49)) - s0@group-DBBE7E7C6C61->s2: matchIndex: updateToMax old=2, new=-1, updated? false
2022-08-02 21:05:54,610 [grpc-default-executor-2] DEBUG leader.FollowerInfo (FollowerInfoImpl.java:lambda$new$1(49)) - s0@group-DBBE7E7C6C61->s1: commitIndex: updateToMax old=1, new=1, updated? false
2022-08-02 21:05:54,610 [grpc-default-executor-2] DEBUG leader.FollowerInfo (FollowerInfoImpl.java:lambda$new$1(49)) - s0@group-DBBE7E7C6C61->s1: matchIndex: updateToMax old=2, new=-1, updated? false
2022-08-02 21:05:54,611 [grpc-default-executor-3] DEBUG leader.FollowerInfo (FollowerInfoImpl.java:lambda$new$1(49)) - s0@group-DBBE7E7C6C61->s2: commitIndex: updateToMax old=1, new=1, updated? false
2022-08-02 21:05:54,611 [grpc-default-executor-3] DEBUG leader.FollowerInfo (FollowerInfoImpl.java:lambda$new$1(49)) - s0@group-DBBE7E7C6C61->s2: matchIndex: updateToMax old=2, new=-1, updated? false
2022-08-02 21:05:54,612 [grpc-default-executor-2] DEBUG leader.FollowerInfo (FollowerInfoImpl.java:lambda$new$1(49)) - s0@group-DBBE7E7C6C61->s1: commitIndex: updateToMax old=1, new=1, updated? false
2022-08-02 21:05:54,612 [grpc-default-executor-2] DEBUG leader.FollowerInfo (FollowerInfoImpl.java:lambda$new$1(49)) - s0@group-DBBE7E7C6C61->s1: matchIndex: updateToMax old=2, new=-1, updated? false
2022-08-02 21:05:54,614 [grpc-default-executor-3] DEBUG leader.FollowerInfo (FollowerInfoImpl.java:lambda$new$1(49)) - s0@group-DBBE7E7C6C61->s2: commitIndex: updateToMax old=1, new=1, updated? false
2022-08-02 21:05:54,614 [grpc-default-executor-3] DEBUG leader.FollowerInfo (FollowerInfoImpl.java:lambda$new$1(49)) - s0@group-DBBE7E7C6C61->s2: matchIndex: updateToMax old=2, new=-1, updated? false
2022-08-02 21:05:54,615 [grpc-default-executor-2] DEBUG leader.FollowerInfo (FollowerInfoImpl.java:lambda$new$1(49)) - s0@group-DBBE7E7C6C61->s1: commitIndex: updateToMax old=1, new=1, updated? false
2022-08-02 21:05:54,615 [grpc-default-executor-2] DEBUG leader.FollowerInfo (FollowerInfoImpl.java:lambda$new$1(49)) - s0@group-DBBE7E7C6C61->s1: matchIndex: updateToMax old=2, new=-1, updated? false
2022-08-02 21:05:54,616 [grpc-default-executor-3] DEBUG leader.FollowerInfo (FollowerInfoImpl.java:lambda$new$1(49)) - s0@group-DBBE7E7C6C61->s2: commitIndex: updateToMax old=1, new=1, updated? false
2022-08-02 21:05:54,616 [grpc-default-executor-3] DEBUG leader.FollowerInfo (FollowerInfoImpl.java:lambda$new$1(49)) - s0@group-DBBE7E7C6C61->s2: matchIndex: updateToMax old=2, new=-1, updated? false
2022-08-02 21:05:54,616 [grpc-default-executor-2] DEBUG leader.FollowerInfo (FollowerInfoImpl.java:lambda$new$1(49)) - s0@group-DBBE7E7C6C61->s1: commitIndex: updateToMax old=1, new=1, updated? false
2022-08-02 21:05:54,616 [grpc-default-executor-2] DEBUG leader.FollowerInfo (FollowerInfoImpl.java:lambda$new$1(49)) - s0@group-DBBE7E7C6C61->s1: matchIndex: updateToMax old=2, new=-1, updated? false
2022-08-02 21:05:54,617 [grpc-default-executor-3] DEBUG leader.FollowerInfo (FollowerInfoImpl.java:lambda$new$1(49)) - s0@group-DBBE7E7C6C61->s2: commitIndex: updateToMax old=1, new=1, updated? false
2022-08-02 21:05:54,617 [grpc-default-executor-3] DEBUG leader.FollowerInfo (FollowerInfoImpl.java:lambda$new$1(49)) - s0@group-DBBE7E7C6C61->s2: matchIndex: updateToMax old=2, new=-1, updated? false
2022-08-02 21:05:54,618 [grpc-default-executor-2] DEBUG leader.FollowerInfo (FollowerInfoImpl.java:lambda$new$1(49)) - s0@group-DBBE7E7C6C61->s1: commitIndex: updateToMax old=1, new=1, updated? false
2022-08-02 21:05:54,618 [grpc-default-executor-2] DEBUG leader.FollowerInfo (FollowerInfoImpl.java:lambda$new$1(49)) - s0@group-DBBE7E7C6C61->s1: matchIndex: updateToMax old=2, new=-1, updated? false
2022-08-02 21:05:54,619 [grpc-default-executor-3] DEBUG leader.FollowerInfo (FollowerInfoImpl.java:lambda$new$1(49)) - s0@group-DBBE7E7C6C61->s2: commitIndex: updateToMax old=1, new=1, updated? false
2022-08-02 21:05:54,619 [grpc-default-executor-3] DEBUG leader.FollowerInfo (FollowerInfoImpl.java:lambda$new$1(49)) - s0@group-DBBE7E7C6C61->s2: matchIndex: updateToMax old=2, new=-1, updated? false
2022-08-02 21:05:54,619 [grpc-default-executor-2] DEBUG leader.FollowerInfo (FollowerInfoImpl.java:lambda$new$1(49)) - s0@group-DBBE7E7C6C61->s1: commitIndex: updateToMax old=1, new=1, updated? false
2022-08-02 21:05:54,619 [grpc-default-executor-2] DEBUG leader.FollowerInfo (FollowerInfoImpl.java:lambda$new$1(49)) - s0@group-DBBE7E7C6C61->s1: matchIndex: updateToMax old=2, new=-1, updated? false
2022-08-02 21:05:54,620 [grpc-default-executor-3] DEBUG leader.FollowerInfo (FollowerInfoImpl.java:lambda$new$1(49)) - s0@group-DBBE7E7C6C61->s2: commitIndex: updateToMax old=1, new=1, updated? false
2022-08-02 21:05:54,620 [grpc-default-executor-3] DEBUG leader.FollowerInfo (FollowerInfoImpl.java:lambda$new$1(49)) - s0@group-DBBE7E7C6C61->s2: matchIndex: updateToMax old=2, new=-1, updated? false
2022-08-02 21:05:54,621 [grpc-default-executor-2] DEBUG leader.FollowerInfo (FollowerInfoImpl.java:lambda$new$1(49)) - s0@group-DBBE7E7C6C61->s1: commitIndex: updateToMax old=1, new=1, updated? false
2022-08-02 21:05:54,621 [grpc-default-executor-2] DEBUG leader.FollowerInfo (FollowerInfoImpl.java:lambda$new$1(49)) - s0@group-DBBE7E7C6C61->s1: matchIndex: updateToMax old=2, new=-1, updated? false
2022-08-02 21:05:54,622 [grpc-default-executor-3] DEBUG leader.FollowerInfo (FollowerInfoImpl.java:lambda$new$1(49)) - s0@group-DBBE7E7C6C61->s2: commitIndex: updateToMax old=1, new=1, updated? false
2022-08-02 21:05:54,622 [grpc-default-executor-3] DEBUG leader.FollowerInfo (FollowerInfoImpl.java:lambda$new$1(49)) - s0@group-DBBE7E7C6C61->s2: matchIndex: updateToMax old=2, new=-1, updated? false
2022-08-02 21:05:54,622 [grpc-default-executor-2] DEBUG leader.FollowerInfo (FollowerInfoImpl.java:lambda$new$1(49)) - s0@group-DBBE7E7C6C61->s1: commitIndex: updateToMax old=1, new=1, updated? false
2022-08-02 21:05:54,622 [grpc-default-executor-2] DEBUG leader.FollowerInfo (FollowerInfoImpl.java:lambda$new$1(49)) - s0@group-DBBE7E7C6C61->s1: matchIndex: updateToMax old=2, new=-1, updated? false
2022-08-02 21:05:54,623 [grpc-default-executor-3] DEBUG leader.FollowerInfo (FollowerInfoImpl.java:lambda$new$1(49)) - s0@group-DBBE7E7C6C61->s2: commitIndex: updateToMax old=1, new=1, updated? false
2022-08-02 21:05:54,623 [grpc-default-executor-3] DEBUG leader.FollowerInfo (FollowerInfoImpl.java:lambda$new$1(49)) - s0@group-DBBE7E7C6C61->s2: matchIndex: updateToMax old=2, new=-1, updated? false
2022-08-02 21:05:54,624 [grpc-default-executor-2] DEBUG leader.FollowerInfo (FollowerInfoImpl.java:lambda$new$1(49)) - s0@group-DBBE7E7C6C61->s1: commitIndex: updateToMax old=1, new=1, updated? false
2022-08-02 21:05:54,624 [grpc-default-executor-2] DEBUG leader.FollowerInfo (FollowerInfoImpl.java:lambda$new$1(49)) - s0@group-DBBE7E7C6C61->s1: matchIndex: updateToMax old=2, new=-1, updated? false
2022-08-02 21:05:54,625 [grpc-default-executor-3] DEBUG leader.FollowerInfo (FollowerInfoImpl.java:lambda$new$1(49)) - s0@group-DBBE7E7C6C61->s2: commitIndex: updateToMax old=1, new=1, updated? false
2022-08-02 21:05:54,625 [grpc-default-executor-3] DEBUG leader.FollowerInfo (FollowerInfoImpl.java:lambda$new$1(49)) - s0@group-DBBE7E7C6C61->s2: matchIndex: updateToMax old=2, new=-1, updated? false
2022-08-02 21:05:54,625 [grpc-default-executor-2] DEBUG leader.FollowerInfo (FollowerInfoImpl.java:lambda$new$1(49)) - s0@group-DBBE7E7C6C61->s1: commitIndex: updateToMax old=1, new=1, updated? false
2022-08-02 21:05:54,625 [grpc-default-executor-2] DEBUG leader.FollowerInfo (FollowerInfoImpl.java:lambda$new$1(49)) - s0@group-DBBE7E7C6C61->s1: matchIndex: updateToMax old=2, new=-1, updated? false
2022-08-02 21:05:54,626 [grpc-default-executor-3] DEBUG leader.FollowerInfo (FollowerInfoImpl.java:lambda$new$1(49)) - s0@group-DBBE7E7C6C61->s2: commitIndex: updateToMax old=1, new=1, updated? false
2022-08-02 21:05:54,626 [grpc-default-executor-3] DEBUG leader.FollowerInfo (FollowerInfoImpl.java:lambda$new$1(49)) - s0@group-DBBE7E7C6C61->s2: matchIndex: updateToMax old=2, new=-1, updated? false
2022-08-02 21:05:54,627 [grpc-default-executor-2] DEBUG leader.FollowerInfo (FollowerInfoImpl.java:lambda$new$1(49)) - s0@group-DBBE7E7C6C61->s1: commitIndex: updateToMax old=1, new=1, updated? false
2022-08-02 21:05:54,627 [grpc-default-executor-2] DEBUG leader.FollowerInfo (FollowerInfoImpl.java:lambda$new$1(49)) - s0@group-DBBE7E7C6C61->s1: matchIndex: updateToMax old=2, new=-1, updated? false
2022-08-02 21:05:54,628 [grpc-default-executor-3] DEBUG leader.FollowerInfo (FollowerInfoImpl.java:lambda$new$1(49)) - s0@group-DBBE7E7C6C61->s2: commitIndex: updateToMax old=1, new=1, updated? false
2022-08-02 21:05:54,628 [grpc-default-executor-3] DEBUG leader.FollowerInfo (FollowerInfoImpl.java:lambda$new$1(49)) - s0@group-DBBE7E7C6C61->s2: matchIndex: updateToMax old=2, new=-1, updated? false
2022-08-02 21:05:54,628 [grpc-default-executor-2] DEBUG leader.FollowerInfo (FollowerInfoImpl.java:lambda$new$1(49)) - s0@group-DBBE7E7C6C61->s1: commitIndex: updateToMax old=1, new=1, updated? false
2022-08-02 21:05:54,628 [grpc-default-executor-2] DEBUG leader.FollowerInfo (FollowerInfoImpl.java:lambda$new$1(49)) - s0@group-DBBE7E7C6C61->s1: matchIndex: updateToMax old=2, new=-1, updated? false
2022-08-02 21:05:54,629 [grpc-default-executor-3] DEBUG leader.FollowerInfo (FollowerInfoImpl.java:lambda$new$1(49)) - s0@group-DBBE7E7C6C61->s2: commitIndex: updateToMax old=1, new=1, updated? false
2022-08-02 21:05:54,629 [grpc-default-executor-3] DEBUG leader.FollowerInfo (FollowerInfoImpl.java:lambda$new$1(49)) - s0@group-DBBE7E7C6C61->s2: matchIndex: updateToMax old=2, new=-1, updated? false
2022-08-02 21:05:54,630 [grpc-default-executor-2] DEBUG leader.FollowerInfo (FollowerInfoImpl.java:lambda$new$1(49)) - s0@group-DBBE7E7C6C61->s1: commitIndex: updateToMax old=1, new=1, updated? false
2022-08-02 21:05:54,630 [grpc-default-executor-2] DEBUG leader.FollowerInfo (FollowerInfoImpl.java:lambda$new$1(49)) - s0@group-DBBE7E7C6C61->s1: matchIndex: updateToMax old=2, new=-1, updated? false
2022-08-02 21:05:54,631 [grpc-default-executor-3] DEBUG leader.FollowerInfo (FollowerInfoImpl.java:lambda$new$1(49)) - s0@group-DBBE7E7C6C61->s2: commitIndex: updateToMax old=1, new=1, updated? false
2022-08-02 21:05:54,631 [grpc-default-executor-3] DEBUG leader.FollowerInfo (FollowerInfoImpl.java:lambda$new$1(49)) - s0@group-DBBE7E7C6C61->s2: matchIndex: updateToMax old=2, new=-1, updated? false
2022-08-02 21:05:54,631 [grpc-default-executor-2] DEBUG leader.FollowerInfo (FollowerInfoImpl.java:lambda$new$1(49)) - s0@group-DBBE7E7C6C61->s1: commitIndex: updateToMax old=1, new=1, updated? false
2022-08-02 21:05:54,632 [grpc-default-executor-2] DEBUG leader.FollowerInfo (FollowerInfoImpl.java:lambda$new$1(49)) - s0@group-DBBE7E7C6C61->s1: matchIndex: updateToMax old=2, new=-1, updated? false
2022-08-02 21:05:54,634 [grpc-default-executor-2] DEBUG leader.FollowerInfo (FollowerInfoImpl.java:lambda$new$1(49)) - s0@group-DBBE7E7C6C61->s2: commitIndex: updateToMax old=1, new=1, updated? false
2022-08-02 21:05:54,634 [grpc-default-executor-2] DEBUG leader.FollowerInfo (FollowerInfoImpl.java:lambda$new$1(49)) - s0@group-DBBE7E7C6C61->s2: matchIndex: updateToMax old=2, new=-1, updated? false
2022-08-02 21:05:54,635 [grpc-default-executor-2] DEBUG leader.FollowerInfo (FollowerInfoImpl.java:lambda$new$1(49)) - s0@group-DBBE7E7C6C61->s1: commitIndex: updateToMax old=1, new=1, updated? false
2022-08-02 21:05:54,635 [grpc-default-executor-2] DEBUG leader.FollowerInfo (FollowerInfoImpl.java:lambda$new$1(49)) - s0@group-DBBE7E7C6C61->s1: matchIndex: updateToMax old=2, new=-1, updated? false
2022-08-02 21:05:54,635 [grpc-default-executor-3] DEBUG leader.FollowerInfo (FollowerInfoImpl.java:lambda$new$1(49)) - s0@group-DBBE7E7C6C61->s2: commitIndex: updateToMax old=1, new=1, updated? false
2022-08-02 21:05:54,635 [grpc-default-executor-2] DEBUG leader.FollowerInfo (FollowerInfoImpl.java:lambda$new$1(49)) - s0@group-DBBE7E7C6C61->s1: commitIndex: updateToMax old=1, new=1, updated? false
2022-08-02 21:05:54,636 [grpc-default-executor-2] DEBUG leader.FollowerInfo (FollowerInfoImpl.java:lambda$new$1(49)) - s0@group-DBBE7E7C6C61->s1: matchIndex: updateToMax old=2, new=-1, updated? false
2022-08-02 21:05:54,635 [grpc-default-executor-3] DEBUG leader.FollowerInfo (FollowerInfoImpl.java:lambda$new$1(49)) - s0@group-DBBE7E7C6C61->s2: matchIndex: updateToMax old=2, new=-1, updated? false
2022-08-02 21:05:54,636 [grpc-default-executor-2] DEBUG leader.FollowerInfo (FollowerInfoImpl.java:lambda$new$1(49)) - s0@group-DBBE7E7C6C61->s1: commitIndex: updateToMax old=1, new=1, updated? false
2022-08-02 21:05:54,636 [grpc-default-executor-2] DEBUG leader.FollowerInfo (FollowerInfoImpl.java:lambda$new$1(49)) - s0@group-DBBE7E7C6C61->s1: matchIndex: updateToMax old=2, new=-1, updated? false
2022-08-02 21:05:54,637 [grpc-default-executor-2] DEBUG leader.FollowerInfo (FollowerInfoImpl.java:lambda$new$1(49)) - s0@group-DBBE7E7C6C61->s2: commitIndex: updateToMax old=1, new=1, updated? false
2022-08-02 21:05:54,637 [grpc-default-executor-2] DEBUG leader.FollowerInfo (FollowerInfoImpl.java:lambda$new$1(49)) - s0@group-DBBE7E7C6C61->s2: matchIndex: updateToMax old=2, new=-1, updated? false
2022-08-02 21:05:54,637 [grpc-default-executor-3] DEBUG leader.FollowerInfo (FollowerInfoImpl.java:lambda$new$1(49)) - s0@group-DBBE7E7C6C61->s1: commitIndex: updateToMax old=1, new=1, updated? false
2022-08-02 21:05:54,637 [grpc-default-executor-3] DEBUG leader.FollowerInfo (FollowerInfoImpl.java:lambda$new$1(49)) - s0@group-DBBE7E7C6C61->s1: matchIndex: updateToMax old=2, new=-1, updated? false
2022-08-02 21:05:54,638 [grpc-default-executor-2] DEBUG leader.FollowerInfo (FollowerInfoImpl.java:lambda$new$1(49)) - s0@group-DBBE7E7C6C61->s2: commitIndex: updateToMax old=1, new=1, updated? false
2022-08-02 21:05:54,638 [grpc-default-executor-2] DEBUG leader.FollowerInfo (FollowerInfoImpl.java:lambda$new$1(49)) - s0@group-DBBE7E7C6C61->s2: matchIndex: updateToMax old=2, new=-1, updated? false
2022-08-02 21:05:54,639 [grpc-default-executor-2] DEBUG leader.FollowerInfo (FollowerInfoImpl.java:lambda$new$1(49)) - s0@group-DBBE7E7C6C61->s2: commitIndex: updateToMax old=1, new=1, updated? false
2022-08-02 21:05:54,639 [grpc-default-executor-2] DEBUG leader.FollowerInfo (FollowerInfoImpl.java:lambda$new$1(49)) - s0@group-DBBE7E7C6C61->s2: matchIndex: updateToMax old=2, new=-1, updated? false
2022-08-02 21:05:54,639 [grpc-default-executor-2] DEBUG leader.FollowerInfo (FollowerInfoImpl.java:lambda$new$1(49)) - s0@group-DBBE7E7C6C61->s1: commitIndex: updateToMax old=1, new=1, updated? false
2022-08-02 21:05:54,639 [grpc-default-executor-2] DEBUG leader.FollowerInfo (FollowerInfoImpl.java:lambda$new$1(49)) - s0@group-DBBE7E7C6C61->s1: matchIndex: updateToMax old=2, new=-1, updated? false
2022-08-02 21:05:54,642 [grpc-default-executor-2] DEBUG leader.FollowerInfo (FollowerInfoImpl.java:lambda$new$1(49)) - s0@group-DBBE7E7C6C61->s1: commitIndex: updateToMax old=1, new=1, updated? false
2022-08-02 21:05:54,642 [grpc-default-executor-2] DEBUG leader.FollowerInfo (FollowerInfoImpl.java:lambda$new$1(49)) - s0@group-DBBE7E7C6C61->s1: matchIndex: updateToMax old=2, new=-1, updated? false
2022-08-02 21:05:54,642 [grpc-default-executor-3] DEBUG leader.FollowerInfo (FollowerInfoImpl.java:lambda$new$1(49)) - s0@group-DBBE7E7C6C61->s2: commitIndex: updateToMax old=1, new=1, updated? false
2022-08-02 21:05:54,642 [grpc-default-executor-3] DEBUG leader.FollowerInfo (FollowerInfoImpl.java:lambda$new$1(49)) - s0@group-DBBE7E7C6C61->s2: matchIndex: updateToMax old=2, new=-1, updated? false
2022-08-02 21:05:54,643 [grpc-default-executor-3] DEBUG leader.FollowerInfo (FollowerInfoImpl.java:lambda$new$1(49)) - s0@group-DBBE7E7C6C61->s2: commitIndex: updateToMax old=1, new=1, updated? false
2022-08-02 21:05:54,643 [grpc-default-executor-3] DEBUG leader.FollowerInfo (FollowerInfoImpl.java:lambda$new$1(49)) - s0@group-DBBE7E7C6C61->s2: matchIndex: updateToMax old=2, new=-1, updated? false
2022-08-02 21:05:54,644 [grpc-default-executor-2] DEBUG leader.FollowerInfo (FollowerInfoImpl.java:lambda$new$1(49)) - s0@group-DBBE7E7C6C61->s1: commitIndex: updateToMax old=1, new=1, updated? false
2022-08-02 21:05:54,644 [grpc-default-executor-2] DEBUG leader.FollowerInfo (FollowerInfoImpl.java:lambda$new$1(49)) - s0@group-DBBE7E7C6C61->s1: matchIndex: updateToMax old=2, new=-1, updated? false
2022-08-02 21:05:54,645 [grpc-default-executor-3] DEBUG leader.FollowerInfo (FollowerInfoImpl.java:lambda$new$1(49)) - s0@group-DBBE7E7C6C61->s2: commitIndex: updateToMax old=1, new=1, updated? false
2022-08-02 21:05:54,645 [grpc-default-executor-3] DEBUG leader.FollowerInfo (FollowerInfoImpl.java:lambda$new$1(49)) - s0@group-DBBE7E7C6C61->s2: matchIndex: updateToMax old=2, new=-1, updated? false
2022-08-02 21:05:54,646 [grpc-default-executor-2] DEBUG leader.FollowerInfo (FollowerInfoImpl.java:lambda$new$1(49)) - s0@group-DBBE7E7C6C61->s1: commitIndex: updateToMax old=1, new=1, updated? false
2022-08-02 21:05:54,646 [grpc-default-executor-2] DEBUG leader.FollowerInfo (FollowerInfoImpl.java:lambda$new$1(49)) - s0@group-DBBE7E7C6C61->s1: matchIndex: updateToMax old=2, new=-1, updated? false
2022-08-02 21:05:54,647 [grpc-default-executor-3] DEBUG leader.FollowerInfo (FollowerInfoImpl.java:lambda$new$1(49)) - s0@group-DBBE7E7C6C61->s2: commitIndex: updateToMax old=1, new=1, updated? false
2022-08-02 21:05:54,647 [grpc-default-executor-3] DEBUG leader.FollowerInfo (FollowerInfoImpl.java:lambda$new$1(49)) - s0@group-DBBE7E7C6C61->s2: matchIndex: updateToMax old=2, new=-1, updated? false
2022-08-02 21:05:54,647 [grpc-default-executor-2] DEBUG leader.FollowerInfo (FollowerInfoImpl.java:lambda$new$1(49)) - s0@group-DBBE7E7C6C61->s1: commitIndex: updateToMax old=1, new=1, updated? false
2022-08-02 21:05:54,647 [grpc-default-executor-2] DEBUG leader.FollowerInfo (FollowerInfoImpl.java:lambda$new$1(49)) - s0@group-DBBE7E7C6C61->s1: matchIndex: updateToMax old=2, new=-1, updated? false
2022-08-02 21:05:54,648 [grpc-default-executor-3] DEBUG leader.FollowerInfo (FollowerInfoImpl.java:lambda$new$1(49)) - s0@group-DBBE7E7C6C61->s2: commitIndex: updateToMax old=1, new=1, updated? false
2022-08-02 21:05:54,648 [grpc-default-executor-3] DEBUG leader.FollowerInfo (FollowerInfoImpl.java:lambda$new$1(49)) - s0@group-DBBE7E7C6C61->s2: matchIndex: updateToMax old=2, new=-1, updated? false
2022-08-02 21:05:54,649 [grpc-default-executor-2] DEBUG leader.FollowerInfo (FollowerInfoImpl.java:lambda$new$1(49)) - s0@group-DBBE7E7C6C61->s1: commitIndex: updateToMax old=1, new=1, updated? false
2022-08-02 21:05:54,649 [grpc-default-executor-2] DEBUG leader.FollowerInfo (FollowerInfoImpl.java:lambda$new$1(49)) - s0@group-DBBE7E7C6C61->s1: matchIndex: updateToMax old=2, new=-1, updated? false
2022-08-02 21:05:54,650 [grpc-default-executor-3] DEBUG leader.FollowerInfo (FollowerInfoImpl.java:lambda$new$1(49)) - s0@group-DBBE7E7C6C61->s2: commitIndex: updateToMax old=1, new=1, updated? false
2022-08-02 21:05:54,650 [grpc-default-executor-3] DEBUG leader.FollowerInfo (FollowerInfoImpl.java:lambda$new$1(49)) - s0@group-DBBE7E7C6C61->s2: matchIndex: updateToMax old=2, new=-1, updated? false
2022-08-02 21:05:54,651 [grpc-default-executor-2] DEBUG leader.FollowerInfo (FollowerInfoImpl.java:lambda$new$1(49)) - s0@group-DBBE7E7C6C61->s1: commitIndex: updateToMax old=1, new=1, updated? false
2022-08-02 21:05:54,651 [grpc-default-executor-2] DEBUG leader.FollowerInfo (FollowerInfoImpl.java:lambda$new$1(49)) - s0@group-DBBE7E7C6C61->s1: matchIndex: updateToMax old=2, new=-1, updated? false
2022-08-02 21:05:54,652 [grpc-default-executor-3] DEBUG leader.FollowerInfo (FollowerInfoImpl.java:lambda$new$1(49)) - s0@group-DBBE7E7C6C61->s2: commitIndex: updateToMax old=1, new=1, updated? false
2022-08-02 21:05:54,652 [grpc-default-executor-3] DEBUG leader.FollowerInfo (FollowerInfoImpl.java:lambda$new$1(49)) - s0@group-DBBE7E7C6C61->s2: matchIndex: updateToMax old=2, new=-1, updated? false
2022-08-02 21:05:54,652 [grpc-default-executor-2] DEBUG leader.FollowerInfo (FollowerInfoImpl.java:lambda$new$1(49)) - s0@group-DBBE7E7C6C61->s1: commitIndex: updateToMax old=1, new=1, updated? false
2022-08-02 21:05:54,652 [grpc-default-executor-2] DEBUG leader.FollowerInfo (FollowerInfoImpl.java:lambda$new$1(49)) - s0@group-DBBE7E7C6C61->s1: matchIndex: updateToMax old=2, new=-1, updated? false
2022-08-02 21:05:54,653 [grpc-default-executor-3] DEBUG leader.FollowerInfo (FollowerInfoImpl.java:lambda$new$1(49)) - s0@group-DBBE7E7C6C61->s2: commitIndex: updateToMax old=1, new=1, updated? false
2022-08-02 21:05:54,653 [grpc-default-executor-3] DEBUG leader.FollowerInfo (FollowerInfoImpl.java:lambda$new$1(49)) - s0@group-DBBE7E7C6C61->s2: matchIndex: updateToMax old=2, new=-1, updated? false
2022-08-02 21:05:54,654 [grpc-default-executor-2] DEBUG leader.FollowerInfo (FollowerInfoImpl.java:lambda$new$1(49)) - s0@group-DBBE7E7C6C61->s1: commitIndex: updateToMax old=1, new=1, updated? false
2022-08-02 21:05:54,654 [grpc-default-executor-2] DEBUG leader.FollowerInfo (FollowerInfoImpl.java:lambda$new$1(49)) - s0@group-DBBE7E7C6C61->s1: matchIndex: updateToMax old=2, new=-1, updated? false
2022-08-02 21:05:54,655 [grpc-default-executor-3] DEBUG leader.FollowerInfo (FollowerInfoImpl.java:lambda$new$1(49)) - s0@group-DBBE7E7C6C61->s2: commitIndex: updateToMax old=1, new=1, updated? false
2022-08-02 21:05:54,655 [grpc-default-executor-3] DEBUG leader.FollowerInfo (FollowerInfoImpl.java:lambda$new$1(49)) - s0@group-DBBE7E7C6C61->s2: matchIndex: updateToMax old=2, new=-1, updated? false
2022-08-02 21:05:54,656 [grpc-default-executor-2] DEBUG leader.FollowerInfo (FollowerInfoImpl.java:lambda$new$1(49)) - s0@group-DBBE7E7C6C61->s1: commitIndex: updateToMax old=1, new=1, updated? false
2022-08-02 21:05:54,656 [grpc-default-executor-2] DEBUG leader.FollowerInfo (FollowerInfoImpl.java:lambda$new$1(49)) - s0@group-DBBE7E7C6C61->s1: matchIndex: updateToMax old=2, new=-1, updated? false
2022-08-02 21:05:54,656 [grpc-default-executor-3] DEBUG leader.FollowerInfo (FollowerInfoImpl.java:lambda$new$1(49)) - s0@group-DBBE7E7C6C61->s2: commitIndex: updateToMax old=1, new=1, updated? false
2022-08-02 21:05:54,656 [grpc-default-executor-3] DEBUG leader.FollowerInfo (FollowerInfoImpl.java:lambda$new$1(49)) - s0@group-DBBE7E7C6C61->s2: matchIndex: updateToMax old=2, new=-1, updated? false
2022-08-02 21:05:54,657 [grpc-default-executor-2] DEBUG leader.FollowerInfo (FollowerInfoImpl.java:lambda$new$1(49)) - s0@group-DBBE7E7C6C61->s1: commitIndex: updateToMax old=1, new=1, updated? false
2022-08-02 21:05:54,657 [grpc-default-executor-2] DEBUG leader.FollowerInfo (FollowerInfoImpl.java:lambda$new$1(49)) - s0@group-DBBE7E7C6C61->s1: matchIndex: updateToMax old=2, new=-1, updated? false
2022-08-02 21:05:54,658 [grpc-default-executor-3] DEBUG leader.FollowerInfo (FollowerInfoImpl.java:lambda$new$1(49)) - s0@group-DBBE7E7C6C61->s2: commitIndex: updateToMax old=1, new=1, updated? false
2022-08-02 21:05:54,658 [grpc-default-executor-3] DEBUG leader.FollowerInfo (FollowerInfoImpl.java:lambda$new$1(49)) - s0@group-DBBE7E7C6C61->s2: matchIndex: updateToMax old=2, new=-1, updated? false
2022-08-02 21:05:54,659 [grpc-default-executor-2] DEBUG leader.FollowerInfo (FollowerInfoImpl.java:lambda$new$1(49)) - s0@group-DBBE7E7C6C61->s1: commitIndex: updateToMax old=1, new=1, updated? false
2022-08-02 21:05:54,659 [grpc-default-executor-2] DEBUG leader.FollowerInfo (FollowerInfoImpl.java:lambda$new$1(49)) - s0@group-DBBE7E7C6C61->s1: matchIndex: updateToMax old=2, new=-1, updated? false
2022-08-02 21:05:54,659 [grpc-default-executor-3] DEBUG leader.FollowerInfo (FollowerInfoImpl.java:lambda$new$1(49)) - s0@group-DBBE7E7C6C61->s2: commitIndex: updateToMax old=1, new=1, updated? false
2022-08-02 21:05:54,660 [grpc-default-executor-3] DEBUG leader.FollowerInfo (FollowerInfoImpl.java:lambda$new$1(49)) - s0@group-DBBE7E7C6C61->s2: matchIndex: updateToMax old=2, new=-1, updated? false
2022-08-02 21:05:54,660 [grpc-default-executor-2] DEBUG leader.FollowerInfo (FollowerInfoImpl.java:lambda$new$1(49)) - s0@group-DBBE7E7C6C61->s1: commitIndex: updateToMax old=1, new=1, updated? false
2022-08-02 21:05:54,660 [grpc-default-executor-2] DEBUG leader.FollowerInfo (FollowerInfoImpl.java:lambda$new$1(49)) - s0@group-DBBE7E7C6C61->s1: matchIndex: updateToMax old=2, new=-1, updated? false
2022-08-02 21:05:54,661 [grpc-default-executor-3] DEBUG leader.FollowerInfo (FollowerInfoImpl.java:lambda$new$1(49)) - s0@group-DBBE7E7C6C61->s2: commitIndex: updateToMax old=1, new=1, updated? false
2022-08-02 21:05:54,661 [grpc-default-executor-3] DEBUG leader.FollowerInfo (FollowerInfoImpl.java:lambda$new$1(49)) - s0@group-DBBE7E7C6C61->s2: matchIndex: updateToMax old=2, new=-1, updated? false
2022-08-02 21:05:54,662 [grpc-default-executor-2] DEBUG leader.FollowerInfo (FollowerInfoImpl.java:lambda$new$1(49)) - s0@group-DBBE7E7C6C61->s1: commitIndex: updateToMax old=1, new=1, updated? false
2022-08-02 21:05:54,662 [grpc-default-executor-2] DEBUG leader.FollowerInfo (FollowerInfoImpl.java:lambda$new$1(49)) - s0@group-DBBE7E7C6C61->s1: matchIndex: updateToMax old=2, new=-1, updated? false
2022-08-02 21:05:54,663 [grpc-default-executor-3] DEBUG leader.FollowerInfo (FollowerInfoImpl.java:lambda$new$1(49)) - s0@group-DBBE7E7C6C61->s2: commitIndex: updateToMax old=1, new=1, updated? false
2022-08-02 21:05:54,663 [grpc-default-executor-3] DEBUG leader.FollowerInfo (FollowerInfoImpl.java:lambda$new$1(49)) - s0@group-DBBE7E7C6C61->s2: matchIndex: updateToMax old=2, new=-1, updated? false
2022-08-02 21:05:54,664 [grpc-default-executor-2] DEBUG leader.FollowerInfo (FollowerInfoImpl.java:lambda$new$1(49)) - s0@group-DBBE7E7C6C61->s1: commitIndex: updateToMax old=1, new=1, updated? false
2022-08-02 21:05:54,664 [grpc-default-executor-2] DEBUG leader.FollowerInfo (FollowerInfoImpl.java:lambda$new$1(49)) - s0@group-DBBE7E7C6C61->s1: matchIndex: updateToMax old=2, new=-1, updated? false
2022-08-02 21:05:54,664 [grpc-default-executor-2] DEBUG leader.FollowerInfo (FollowerInfoImpl.java:lambda$new$1(49)) - s0@group-DBBE7E7C6C61->s2: commitIndex: updateToMax old=1, new=1, updated? false
2022-08-02 21:05:54,665 [grpc-default-executor-2] DEBUG leader.FollowerInfo (FollowerInfoImpl.java:lambda$new$1(49)) - s0@group-DBBE7E7C6C61->s2: matchIndex: updateToMax old=2, new=-1, updated? false
2022-08-02 21:05:54,665 [grpc-default-executor-3] DEBUG leader.FollowerInfo (FollowerInfoImpl.java:lambda$new$1(49)) - s0@group-DBBE7E7C6C61->s1: commitIndex: updateToMax old=1, new=1, updated? false
2022-08-02 21:05:54,665 [grpc-default-executor-3] DEBUG leader.FollowerInfo (FollowerInfoImpl.java:lambda$new$1(49)) - s0@group-DBBE7E7C6C61->s1: matchIndex: updateToMax old=2, new=-1, updated? false
2022-08-02 21:05:54,666 [grpc-default-executor-2] DEBUG leader.FollowerInfo (FollowerInfoImpl.java:lambda$new$1(49)) - s0@group-DBBE7E7C6C61->s2: commitIndex: updateToMax old=1, new=1, updated? false
2022-08-02 21:05:54,666 [grpc-default-executor-2] DEBUG leader.FollowerInfo (FollowerInfoImpl.java:lambda$new$1(49)) - s0@group-DBBE7E7C6C61->s2: matchIndex: updateToMax old=2, new=-1, updated? false
2022-08-02 21:05:54,667 [grpc-default-executor-3] DEBUG leader.FollowerInfo (FollowerInfoImpl.java:lambda$new$1(49)) - s0@group-DBBE7E7C6C61->s1: commitIndex: updateToMax old=1, new=1, updated? false
2022-08-02 21:05:54,667 [grpc-default-executor-3] DEBUG leader.FollowerInfo (FollowerInfoImpl.java:lambda$new$1(49)) - s0@group-DBBE7E7C6C61->s1: matchIndex: updateToMax old=2, new=-1, updated? false
2022-08-02 21:05:54,667 [grpc-default-executor-2] DEBUG leader.FollowerInfo (FollowerInfoImpl.java:lambda$new$1(49)) - s0@group-DBBE7E7C6C61->s2: commitIndex: updateToMax old=1, new=1, updated? false
2022-08-02 21:05:54,668 [grpc-default-executor-2] DEBUG leader.FollowerInfo (FollowerInfoImpl.java:lambda$new$1(49)) - s0@group-DBBE7E7C6C61->s2: matchIndex: updateToMax old=2, new=-1, updated? false
2022-08-02 21:05:54,668 [grpc-default-executor-3] DEBUG leader.FollowerInfo (FollowerInfoImpl.java:lambda$new$1(49)) - s0@group-DBBE7E7C6C61->s1: commitIndex: updateToMax old=1, new=1, updated? false
2022-08-02 21:05:54,668 [grpc-default-executor-3] DEBUG leader.FollowerInfo (FollowerInfoImpl.java:lambda$new$1(49)) - s0@group-DBBE7E7C6C61->s1: matchIndex: updateToMax old=2, new=-1, updated? false
2022-08-02 21:05:54,669 [grpc-default-executor-2] DEBUG leader.FollowerInfo (FollowerInfoImpl.java:lambda$new$1(49)) - s0@group-DBBE7E7C6C61->s2: commitIndex: updateToMax old=1, new=1, updated? false
2022-08-02 21:05:54,669 [grpc-default-executor-2] DEBUG leader.FollowerInfo (FollowerInfoImpl.java:lambda$new$1(49)) - s0@group-DBBE7E7C6C61->s2: matchIndex: updateToMax old=2, new=-1, updated? false
2022-08-02 21:05:54,670 [grpc-default-executor-3] DEBUG leader.FollowerInfo (FollowerInfoImpl.java:lambda$new$1(49)) - s0@group-DBBE7E7C6C61->s1: commitIndex: updateToMax old=1, new=1, updated? false
2022-08-02 21:05:54,670 [grpc-default-executor-3] DEBUG leader.FollowerInfo (FollowerInfoImpl.java:lambda$new$1(49)) - s0@group-DBBE7E7C6C61->s1: matchIndex: updateToMax old=2, new=-1, updated? false
2022-08-02 21:05:54,671 [grpc-default-executor-2] DEBUG leader.FollowerInfo (FollowerInfoImpl.java:lambda$new$1(49)) - s0@group-DBBE7E7C6C61->s2: commitIndex: updateToMax old=1, new=1, updated? false
2022-08-02 21:05:54,671 [grpc-default-executor-2] DEBUG leader.FollowerInfo (FollowerInfoImpl.java:lambda$new$1(49)) - s0@group-DBBE7E7C6C61->s2: matchIndex: updateToMax old=2, new=-1, updated? false
2022-08-02 21:05:54,672 [grpc-default-executor-3] DEBUG leader.FollowerInfo (FollowerInfoImpl.java:lambda$new$1(49)) - s0@group-DBBE7E7C6C61->s1: commitIndex: updateToMax old=1, new=1, updated? false
2022-08-02 21:05:54,672 [grpc-default-executor-3] DEBUG leader.FollowerInfo (FollowerInfoImpl.java:lambda$new$1(49)) - s0@group-DBBE7E7C6C61->s1: matchIndex: updateToMax old=2, new=-1, updated? false
2022-08-02 21:05:54,672 [grpc-default-executor-2] DEBUG leader.FollowerInfo (FollowerInfoImpl.java:lambda$new$1(49)) - s0@group-DBBE7E7C6C61->s2: commitIndex: updateToMax old=1, new=1, updated? false
2022-08-02 21:05:54,672 [grpc-default-executor-2] DEBUG leader.FollowerInfo (FollowerInfoImpl.java:lambda$new$1(49)) - s0@group-DBBE7E7C6C61->s2: matchIndex: updateToMax old=2, new=-1, updated? false
2022-08-02 21:05:54,673 [grpc-default-executor-3] DEBUG leader.FollowerInfo (FollowerInfoImpl.java:lambda$new$1(49)) - s0@group-DBBE7E7C6C61->s1: commitIndex: updateToMax old=1, new=1, updated? false
2022-08-02 21:05:54,673 [grpc-default-executor-3] DEBUG leader.FollowerInfo (FollowerInfoImpl.java:lambda$new$1(49)) - s0@group-DBBE7E7C6C61->s1: matchIndex: updateToMax old=2, new=-1, updated? false
2022-08-02 21:05:54,674 [grpc-default-executor-2] DEBUG leader.FollowerInfo (FollowerInfoImpl.java:lambda$new$1(49)) - s0@group-DBBE7E7C6C61->s2: commitIndex: updateToMax old=1, new=1, updated? false
2022-08-02 21:05:54,674 [grpc-default-executor-2] DEBUG leader.FollowerInfo (FollowerInfoImpl.java:lambda$new$1(49)) - s0@group-DBBE7E7C6C61->s2: matchIndex: updateToMax old=2, new=-1, updated? false
2022-08-02 21:05:54,675 [grpc-default-executor-3] DEBUG leader.FollowerInfo (FollowerInfoImpl.java:lambda$new$1(49)) - s0@group-DBBE7E7C6C61->s1: commitIndex: updateToMax old=1, new=1, updated? false
2022-08-02 21:05:54,675 [grpc-default-executor-3] DEBUG leader.FollowerInfo (FollowerInfoImpl.java:lambda$new$1(49)) - s0@group-DBBE7E7C6C61->s1: matchIndex: updateToMax old=2, new=-1, updated? false
2022-08-02 21:05:54,675 [grpc-default-executor-2] DEBUG leader.FollowerInfo (FollowerInfoImpl.java:lambda$new$1(49)) - s0@group-DBBE7E7C6C61->s2: commitIndex: updateToMax old=1, new=1, updated? false
2022-08-02 21:05:54,676 [grpc-default-executor-2] DEBUG leader.FollowerInfo (FollowerInfoImpl.java:lambda$new$1(49)) - s0@group-DBBE7E7C6C61->s2: matchIndex: updateToMax old=2, new=-1, updated? false
2022-08-02 21:05:54,676 [grpc-default-executor-3] DEBUG leader.FollowerInfo (FollowerInfoImpl.java:lambda$new$1(49)) - s0@group-DBBE7E7C6C61->s1: commitIndex: updateToMax old=1, new=1, updated? false
2022-08-02 21:05:54,676 [grpc-default-executor-3] DEBUG leader.FollowerInfo (FollowerInfoImpl.java:lambda$new$1(49)) - s0@group-DBBE7E7C6C61->s1: matchIndex: updateToMax old=2, new=-1, updated? false
2022-08-02 21:05:54,677 [grpc-default-executor-2] DEBUG leader.FollowerInfo (FollowerInfoImpl.java:lambda$new$1(49)) - s0@group-DBBE7E7C6C61->s2: commitIndex: updateToMax old=1, new=1, updated? false
2022-08-02 21:05:54,677 [grpc-default-executor-2] DEBUG leader.FollowerInfo (FollowerInfoImpl.java:lambda$new$1(49)) - s0@group-DBBE7E7C6C61->s2: matchIndex: updateToMax old=2, new=-1, updated? false
2022-08-02 21:05:54,678 [grpc-default-executor-3] DEBUG leader.FollowerInfo (FollowerInfoImpl.java:lambda$new$1(49)) - s0@group-DBBE7E7C6C61->s1: commitIndex: updateToMax old=1, new=1, updated? false
2022-08-02 21:05:54,678 [grpc-default-executor-3] DEBUG leader.FollowerInfo (FollowerInfoImpl.java:lambda$new$1(49)) - s0@group-DBBE7E7C6C61->s1: matchIndex: updateToMax old=2, new=-1, updated? false
2022-08-02 21:05:54,679 [grpc-default-executor-2] DEBUG leader.FollowerInfo (FollowerInfoImpl.java:lambda$new$1(49)) - s0@group-DBBE7E7C6C61->s2: commitIndex: updateToMax old=1, new=1, updated? false
2022-08-02 21:05:54,679 [grpc-default-executor-2] DEBUG leader.FollowerInfo (FollowerInfoImpl.java:lambda$new$1(49)) - s0@group-DBBE7E7C6C61->s2: matchIndex: updateToMax old=2, new=-1, updated? false
2022-08-02 21:05:54,680 [grpc-default-executor-3] DEBUG leader.FollowerInfo (FollowerInfoImpl.java:lambda$new$1(49)) - s0@group-DBBE7E7C6C61->s1: commitIndex: updateToMax old=1, new=1, updated? false
2022-08-02 21:05:54,680 [grpc-default-executor-3] DEBUG leader.FollowerInfo (FollowerInfoImpl.java:lambda$new$1(49)) - s0@group-DBBE7E7C6C61->s1: matchIndex: updateToMax old=2, new=-1, updated? false
2022-08-02 21:05:54,680 [grpc-default-executor-2] DEBUG leader.FollowerInfo (FollowerInfoImpl.java:lambda$new$1(49)) - s0@group-DBBE7E7C6C61->s2: commitIndex: updateToMax old=1, new=1, updated? false
2022-08-02 21:05:54,680 [grpc-default-executor-2] DEBUG leader.FollowerInfo (FollowerInfoImpl.java:lambda$new$1(49)) - s0@group-DBBE7E7C6C61->s2: matchIndex: updateToMax old=2, new=-1, updated? false
2022-08-02 21:05:54,681 [grpc-default-executor-3] DEBUG leader.FollowerInfo (FollowerInfoImpl.java:lambda$new$1(49)) - s0@group-DBBE7E7C6C61->s1: commitIndex: updateToMax old=1, new=1, updated? false
2022-08-02 21:05:54,681 [grpc-default-executor-3] DEBUG leader.FollowerInfo (FollowerInfoImpl.java:lambda$new$1(49)) - s0@group-DBBE7E7C6C61->s1: matchIndex: updateToMax old=2, new=-1, updated? false
2022-08-02 21:05:54,682 [grpc-default-executor-2] DEBUG leader.FollowerInfo (FollowerInfoImpl.java:lambda$new$1(49)) - s0@group-DBBE7E7C6C61->s2: commitIndex: updateToMax old=1, new=1, updated? false
2022-08-02 21:05:54,682 [grpc-default-executor-2] DEBUG leader.FollowerInfo (FollowerInfoImpl.java:lambda$new$1(49)) - s0@group-DBBE7E7C6C61->s2: matchIndex: updateToMax old=2, new=-1, updated? false
2022-08-02 21:05:54,683 [grpc-default-executor-3] DEBUG leader.FollowerInfo (FollowerInfoImpl.java:lambda$new$1(49)) - s0@group-DBBE7E7C6C61->s1: commitIndex: updateToMax old=1, new=1, updated? false
2022-08-02 21:05:54,683 [grpc-default-executor-3] DEBUG leader.FollowerInfo (FollowerInfoImpl.java:lambda$new$1(49)) - s0@group-DBBE7E7C6C61->s1: matchIndex: updateToMax old=2, new=-1, updated? false
2022-08-02 21:05:54,684 [grpc-default-executor-2] DEBUG leader.FollowerInfo (FollowerInfoImpl.java:lambda$new$1(49)) - s0@group-DBBE7E7C6C61->s2: commitIndex: updateToMax old=1, new=1, updated? false
2022-08-02 21:05:54,684 [grpc-default-executor-2] DEBUG leader.FollowerInfo (FollowerInfoImpl.java:lambda$new$1(49)) - s0@group-DBBE7E7C6C61->s2: matchIndex: updateToMax old=2, new=-1, updated? false
2022-08-02 21:05:54,684 [grpc-default-executor-3] DEBUG leader.FollowerInfo (FollowerInfoImpl.java:lambda$new$1(49)) - s0@group-DBBE7E7C6C61->s1: commitIndex: updateToMax old=1, new=1, updated? false
2022-08-02 21:05:54,684 [grpc-default-executor-3] DEBUG leader.FollowerInfo (FollowerInfoImpl.java:lambda$new$1(49)) - s0@group-DBBE7E7C6C61->s1: matchIndex: updateToMax old=2, new=-1, updated? false
2022-08-02 21:05:54,685 [grpc-default-executor-2] DEBUG leader.FollowerInfo (FollowerInfoImpl.java:lambda$new$1(49)) - s0@group-DBBE7E7C6C61->s2: commitIndex: updateToMax old=1, new=1, updated? false
2022-08-02 21:05:54,685 [grpc-default-executor-2] DEBUG leader.FollowerInfo (FollowerInfoImpl.java:lambda$new$1(49)) - s0@group-DBBE7E7C6C61->s2: matchIndex: updateToMax old=2, new=-1, updated? false
2022-08-02 21:05:54,686 [grpc-default-executor-3] DEBUG leader.FollowerInfo (FollowerInfoImpl.java:lambda$new$1(49)) - s0@group-DBBE7E7C6C61->s1: commitIndex: updateToMax old=1, new=1, updated? false
2022-08-02 21:05:54,686 [grpc-default-executor-3] DEBUG leader.FollowerInfo (FollowerInfoImpl.java:lambda$new$1(49)) - s0@group-DBBE7E7C6C61->s1: matchIndex: updateToMax old=2, new=-1, updated? false
2022-08-02 21:05:54,687 [grpc-default-executor-2] DEBUG leader.FollowerInfo (FollowerInfoImpl.java:lambda$new$1(49)) - s0@group-DBBE7E7C6C61->s2: commitIndex: updateToMax old=1, new=1, updated? false
2022-08-02 21:05:54,687 [grpc-default-executor-2] DEBUG leader.FollowerInfo (FollowerInfoImpl.java:lambda$new$1(49)) - s0@group-DBBE7E7C6C61->s2: matchIndex: updateToMax old=2, new=-1, updated? false
2022-08-02 21:05:54,687 [grpc-default-executor-3] DEBUG leader.FollowerInfo (FollowerInfoImpl.java:lambda$new$1(49)) - s0@group-DBBE7E7C6C61->s1: commitIndex: updateToMax old=1, new=1, updated? false
2022-08-02 21:05:54,687 [grpc-default-executor-3] DEBUG leader.FollowerInfo (FollowerInfoImpl.java:lambda$new$1(49)) - s0@group-DBBE7E7C6C61->s1: matchIndex: updateToMax old=2, new=-1, updated? false
2022-08-02 21:05:54,688 [grpc-default-executor-2] DEBUG leader.FollowerInfo (FollowerInfoImpl.java:lambda$new$1(49)) - s0@group-DBBE7E7C6C61->s2: commitIndex: updateToMax old=1, new=1, updated? false
2022-08-02 21:05:54,688 [grpc-default-executor-2] DEBUG leader.FollowerInfo (FollowerInfoImpl.java:lambda$new$1(49)) - s0@group-DBBE7E7C6C61->s2: matchIndex: updateToMax old=2, new=-1, updated? false
2022-08-02 21:05:54,689 [grpc-default-executor-3] DEBUG leader.FollowerInfo (FollowerInfoImpl.java:lambda$new$1(49)) - s0@group-DBBE7E7C6C61->s1: commitIndex: updateToMax old=1, new=1, updated? false
2022-08-02 21:05:54,689 [grpc-default-executor-3] DEBUG leader.FollowerInfo (FollowerInfoImpl.java:lambda$new$1(49)) - s0@group-DBBE7E7C6C61->s1: matchIndex: updateToMax old=2, new=-1, updated? false
2022-08-02 21:05:54,690 [grpc-default-executor-2] DEBUG leader.FollowerInfo (FollowerInfoImpl.java:lambda$new$1(49)) - s0@group-DBBE7E7C6C61->s2: commitIndex: updateToMax old=1, new=1, updated? false
2022-08-02 21:05:54,690 [grpc-default-executor-2] DEBUG leader.FollowerInfo (FollowerInfoImpl.java:lambda$new$1(49)) - s0@group-DBBE7E7C6C61->s2: matchIndex: updateToMax old=2, new=-1, updated? false
2022-08-02 21:05:54,690 [grpc-default-executor-3] DEBUG leader.FollowerInfo (FollowerInfoImpl.java:lambda$new$1(49)) - s0@group-DBBE7E7C6C61->s1: commitIndex: updateToMax old=1, new=1, updated? false
2022-08-02 21:05:54,690 [grpc-default-executor-3] DEBUG leader.FollowerInfo (FollowerInfoImpl.java:lambda$new$1(49)) - s0@group-DBBE7E7C6C61->s1: matchIndex: updateToMax old=2, new=-1, updated? false
2022-08-02 21:05:54,691 [grpc-default-executor-2] DEBUG leader.FollowerInfo (FollowerInfoImpl.java:lambda$new$1(49)) - s0@group-DBBE7E7C6C61->s2: commitIndex: updateToMax old=1, new=1, updated? false
2022-08-02 21:05:54,691 [grpc-default-executor-2] DEBUG leader.FollowerInfo (FollowerInfoImpl.java:lambda$new$1(49)) - s0@group-DBBE7E7C6C61->s2: matchIndex: updateToMax old=2, new=-1, updated? false
2022-08-02 21:05:54,692 [grpc-default-executor-3] DEBUG leader.FollowerInfo (FollowerInfoImpl.java:lambda$new$1(49)) - s0@group-DBBE7E7C6C61->s1: commitIndex: updateToMax old=1, new=1, updated? false
2022-08-02 21:05:54,692 [grpc-default-executor-3] DEBUG leader.FollowerInfo (FollowerInfoImpl.java:lambda$new$1(49)) - s0@group-DBBE7E7C6C61->s1: matchIndex: updateToMax old=2, new=-1, updated? false
2022-08-02 21:05:54,693 [grpc-default-executor-2] DEBUG leader.FollowerInfo (FollowerInfoImpl.java:lambda$new$1(49)) - s0@group-DBBE7E7C6C61->s2: commitIndex: updateToMax old=1, new=1, updated? false
2022-08-02 21:05:54,693 [grpc-default-executor-2] DEBUG leader.FollowerInfo (FollowerInfoImpl.java:lambda$new$1(49)) - s0@group-DBBE7E7C6C61->s2: matchIndex: updateToMax old=2, new=-1, updated? false
2022-08-02 21:05:54,694 [grpc-default-executor-3] DEBUG leader.FollowerInfo (FollowerInfoImpl.java:lambda$new$1(49)) - s0@group-DBBE7E7C6C61->s1: commitIndex: updateToMax old=1, new=1, updated? false
2022-08-02 21:05:54,694 [grpc-default-executor-3] DEBUG leader.FollowerInfo (FollowerInfoImpl.java:lambda$new$1(49)) - s0@group-DBBE7E7C6C61->s1: matchIndex: updateToMax old=2, new=-1, updated? false
2022-08-02 21:05:54,695 [grpc-default-executor-2] DEBUG leader.FollowerInfo (FollowerInfoImpl.java:lambda$new$1(49)) - s0@group-DBBE7E7C6C61->s2: commitIndex: updateToMax old=1, new=1, updated? false
2022-08-02 21:05:54,695 [grpc-default-executor-2] DEBUG leader.FollowerInfo (FollowerInfoImpl.java:lambda$new$1(49)) - s0@group-DBBE7E7C6C61->s2: matchIndex: updateToMax old=2, new=-1, updated? false
2022-08-02 21:05:54,695 [grpc-default-executor-3] DEBUG leader.FollowerInfo (FollowerInfoImpl.java:lambda$new$1(49)) - s0@group-DBBE7E7C6C61->s1: commitIndex: updateToMax old=1, new=1, updated? false
2022-08-02 21:05:54,695 [grpc-default-executor-3] DEBUG leader.FollowerInfo (FollowerInfoImpl.java:lambda$new$1(49)) - s0@group-DBBE7E7C6C61->s1: matchIndex: updateToMax old=2, new=-1, updated? false
2022-08-02 21:05:54,696 [grpc-default-executor-2] DEBUG leader.FollowerInfo (FollowerInfoImpl.java:lambda$new$1(49)) - s0@group-DBBE7E7C6C61->s2: commitIndex: updateToMax old=1, new=1, updated? false
2022-08-02 21:05:54,696 [grpc-default-executor-2] DEBUG leader.FollowerInfo (FollowerInfoImpl.java:lambda$new$1(49)) - s0@group-DBBE7E7C6C61->s2: matchIndex: updateToMax old=2, new=-1, updated? false
2022-08-02 21:05:54,697 [grpc-default-executor-3] DEBUG leader.FollowerInfo (FollowerInfoImpl.java:lambda$new$1(49)) - s0@group-DBBE7E7C6C61->s1: commitIndex: updateToMax old=1, new=1, updated? false
2022-08-02 21:05:54,697 [grpc-default-executor-3] DEBUG leader.FollowerInfo (FollowerInfoImpl.java:lambda$new$1(49)) - s0@group-DBBE7E7C6C61->s1: matchIndex: updateToMax old=2, new=-1, updated? false
2022-08-02 21:05:54,698 [grpc-default-executor-2] DEBUG leader.FollowerInfo (FollowerInfoImpl.java:lambda$new$1(49)) - s0@group-DBBE7E7C6C61->s2: commitIndex: updateToMax old=1, new=1, updated? false
2022-08-02 21:05:54,698 [grpc-default-executor-2] DEBUG leader.FollowerInfo (FollowerInfoImpl.java:lambda$new$1(49)) - s0@group-DBBE7E7C6C61->s2: matchIndex: updateToMax old=2, new=-1, updated? false
2022-08-02 21:05:54,698 [grpc-default-executor-3] DEBUG leader.FollowerInfo (FollowerInfoImpl.java:lambda$new$1(49)) - s0@group-DBBE7E7C6C61->s1: commitIndex: updateToMax old=1, new=1, updated? false
2022-08-02 21:05:54,698 [grpc-default-executor-3] DEBUG leader.FollowerInfo (FollowerInfoImpl.java:lambda$new$1(49)) - s0@group-DBBE7E7C6C61->s1: matchIndex: updateToMax old=2, new=-1, updated? false
2022-08-02 21:05:54,699 [grpc-default-executor-2] DEBUG leader.FollowerInfo (FollowerInfoImpl.java:lambda$new$1(49)) - s0@group-DBBE7E7C6C61->s2: commitIndex: updateToMax old=1, new=1, updated? false
2022-08-02 21:05:54,699 [grpc-default-executor-2] DEBUG leader.FollowerInfo (FollowerInfoImpl.java:lambda$new$1(49)) - s0@group-DBBE7E7C6C61->s2: matchIndex: updateToMax old=2, new=-1, updated? false
2022-08-02 21:05:54,700 [grpc-default-executor-3] DEBUG leader.FollowerInfo (FollowerInfoImpl.java:lambda$new$1(49)) - s0@group-DBBE7E7C6C61->s1: commitIndex: updateToMax old=1, new=1, updated? false
2022-08-02 21:05:54,700 [grpc-default-executor-3] DEBUG leader.FollowerInfo (FollowerInfoImpl.java:lambda$new$1(49)) - s0@group-DBBE7E7C6C61->s1: matchIndex: updateToMax old=2, new=-1, updated? false
2022-08-02 21:05:54,701 [grpc-default-executor-2] DEBUG leader.FollowerInfo (FollowerInfoImpl.java:lambda$new$1(49)) - s0@group-DBBE7E7C6C61->s2: commitIndex: updateToMax old=1, new=1, updated? false
2022-08-02 21:05:54,701 [grpc-default-executor-2] DEBUG leader.FollowerInfo (FollowerInfoImpl.java:lambda$new$1(49)) - s0@group-DBBE7E7C6C61->s2: matchIndex: updateToMax old=2, new=-1, updated? false
2022-08-02 21:05:54,701 [grpc-default-executor-3] DEBUG leader.FollowerInfo (FollowerInfoImpl.java:lambda$new$1(49)) - s0@group-DBBE7E7C6C61->s1: commitIndex: updateToMax old=1, new=1, updated? false
2022-08-02 21:05:54,702 [grpc-default-executor-3] DEBUG leader.FollowerInfo (FollowerInfoImpl.java:lambda$new$1(49)) - s0@group-DBBE7E7C6C61->s1: matchIndex: updateToMax old=2, new=-1, updated? false
2022-08-02 21:05:54,702 [grpc-default-executor-2] DEBUG leader.FollowerInfo (FollowerInfoImpl.java:lambda$new$1(49)) - s0@group-DBBE7E7C6C61->s2: commitIndex: updateToMax old=1, new=1, updated? false
2022-08-02 21:05:54,702 [grpc-default-executor-2] DEBUG leader.FollowerInfo (FollowerInfoImpl.java:lambda$new$1(49)) - s0@group-DBBE7E7C6C61->s2: matchIndex: updateToMax old=2, new=-1, updated? false
2022-08-02 21:05:54,703 [grpc-default-executor-3] DEBUG leader.FollowerInfo (FollowerInfoImpl.java:lambda$new$1(49)) - s0@group-DBBE7E7C6C61->s1: commitIndex: updateToMax old=1, new=1, updated? false
2022-08-02 21:05:54,703 [grpc-default-executor-3] DEBUG leader.FollowerInfo (FollowerInfoImpl.java:lambda$new$1(49)) - s0@group-DBBE7E7C6C61->s1: matchIndex: updateToMax old=2, new=-1, updated? false
2022-08-02 21:05:54,704 [grpc-default-executor-2] DEBUG leader.FollowerInfo (FollowerInfoImpl.java:lambda$new$1(49)) - s0@group-DBBE7E7C6C61->s2: commitIndex: updateToMax old=1, new=1, updated? false
2022-08-02 21:05:54,704 [grpc-default-executor-2] DEBUG leader.FollowerInfo (FollowerInfoImpl.java:lambda$new$1(49)) - s0@group-DBBE7E7C6C61->s2: matchIndex: updateToMax old=2, new=-1, updated? false
2022-08-02 21:05:54,705 [grpc-default-executor-3] DEBUG leader.FollowerInfo (FollowerInfoImpl.java:lambda$new$1(49)) - s0@group-DBBE7E7C6C61->s1: commitIndex: updateToMax old=1, new=1, updated? false
2022-08-02 21:05:54,705 [grpc-default-executor-3] DEBUG leader.FollowerInfo (FollowerInfoImpl.java:lambda$new$1(49)) - s0@group-DBBE7E7C6C61->s1: matchIndex: updateToMax old=2, new=-1, updated? false
2022-08-02 21:05:54,706 [grpc-default-executor-2] DEBUG leader.FollowerInfo (FollowerInfoImpl.java:lambda$new$1(49)) - s0@group-DBBE7E7C6C61->s2: commitIndex: updateToMax old=1, new=1, updated? false
2022-08-02 21:05:54,706 [grpc-default-executor-2] DEBUG leader.FollowerInfo (FollowerInfoImpl.java:lambda$new$1(49)) - s0@group-DBBE7E7C6C61->s2: matchIndex: updateToMax old=2, new=-1, updated? false
2022-08-02 21:05:54,706 [grpc-default-executor-3] DEBUG leader.FollowerInfo (FollowerInfoImpl.java:lambda$new$1(49)) - s0@group-DBBE7E7C6C61->s1: commitIndex: updateToMax old=1, new=1, updated? false
2022-08-02 21:05:54,706 [grpc-default-executor-3] DEBUG leader.FollowerInfo (FollowerInfoImpl.java:lambda$new$1(49)) - s0@group-DBBE7E7C6C61->s1: matchIndex: updateToMax old=2, new=-1, updated? false
2022-08-02 21:05:54,707 [grpc-default-executor-2] DEBUG leader.FollowerInfo (FollowerInfoImpl.java:lambda$new$1(49)) - s0@group-DBBE7E7C6C61->s2: commitIndex: updateToMax old=1, new=1, updated? false
2022-08-02 21:05:54,707 [grpc-default-executor-2] DEBUG leader.FollowerInfo (FollowerInfoImpl.java:lambda$new$1(49)) - s0@group-DBBE7E7C6C61->s2: matchIndex: updateToMax old=2, new=-1, updated? false
2022-08-02 21:05:54,708 [grpc-default-executor-3] DEBUG leader.FollowerInfo (FollowerInfoImpl.java:lambda$new$1(49)) - s0@group-DBBE7E7C6C61->s1: commitIndex: updateToMax old=1, new=1, updated? false
2022-08-02 21:05:54,708 [grpc-default-executor-3] DEBUG leader.FollowerInfo (FollowerInfoImpl.java:lambda$new$1(49)) - s0@group-DBBE7E7C6C61->s1: matchIndex: updateToMax old=2, new=-1, updated? false
2022-08-02 21:05:54,709 [grpc-default-executor-2] DEBUG leader.FollowerInfo (FollowerInfoImpl.java:lambda$new$1(49)) - s0@group-DBBE7E7C6C61->s2: commitIndex: updateToMax old=1, new=1, updated? false
2022-08-02 21:05:54,709 [grpc-default-executor-2] DEBUG leader.FollowerInfo (FollowerInfoImpl.java:lambda$new$1(49)) - s0@group-DBBE7E7C6C61->s2: matchIndex: updateToMax old=2, new=-1, updated? false
2022-08-02 21:05:54,710 [grpc-default-executor-3] DEBUG leader.FollowerInfo (FollowerInfoImpl.java:lambda$new$1(49)) - s0@group-DBBE7E7C6C61->s1: commitIndex: updateToMax old=1, new=1, updated? false
2022-08-02 21:05:54,710 [grpc-default-executor-3] DEBUG leader.FollowerInfo (FollowerInfoImpl.java:lambda$new$1(49)) - s0@group-DBBE7E7C6C61->s1: matchIndex: updateToMax old=2, new=-1, updated? false
2022-08-02 21:05:54,710 [grpc-default-executor-2] DEBUG leader.FollowerInfo (FollowerInfoImpl.java:lambda$new$1(49)) - s0@group-DBBE7E7C6C61->s2: commitIndex: updateToMax old=1, new=1, updated? false
2022-08-02 21:05:54,710 [grpc-default-executor-2] DEBUG leader.FollowerInfo (FollowerInfoImpl.java:lambda$new$1(49)) - s0@group-DBBE7E7C6C61->s2: matchIndex: updateToMax old=2, new=-1, updated? false
2022-08-02 21:05:54,711 [grpc-default-executor-3] DEBUG leader.FollowerInfo (FollowerInfoImpl.java:lambda$new$1(49)) - s0@group-DBBE7E7C6C61->s1: commitIndex: updateToMax old=1, new=1, updated? false
2022-08-02 21:05:54,711 [grpc-default-executor-3] DEBUG leader.FollowerInfo (FollowerInfoImpl.java:lambda$new$1(49)) - s0@group-DBBE7E7C6C61->s1: matchIndex: updateToMax old=2, new=-1, updated? false
2022-08-02 21:05:54,712 [grpc-default-executor-2] DEBUG leader.FollowerInfo (FollowerInfoImpl.java:lambda$new$1(49)) - s0@group-DBBE7E7C6C61->s2: commitIndex: updateToMax old=1, new=1, updated? false
2022-08-02 21:05:54,712 [grpc-default-executor-2] DEBUG leader.FollowerInfo (FollowerInfoImpl.java:lambda$new$1(49)) - s0@group-DBBE7E7C6C61->s2: matchIndex: updateToMax old=2, new=-1, updated? false
2022-08-02 21:05:54,713 [grpc-default-executor-3] DEBUG leader.FollowerInfo (FollowerInfoImpl.java:lambda$new$1(49)) - s0@group-DBBE7E7C6C61->s1: commitIndex: updateToMax old=1, new=1, updated? false
2022-08-02 21:05:54,713 [grpc-default-executor-3] DEBUG leader.FollowerInfo (FollowerInfoImpl.java:lambda$new$1(49)) - s0@group-DBBE7E7C6C61->s1: matchIndex: updateToMax old=2, new=-1, updated? false
2022-08-02 21:05:54,713 [grpc-default-executor-2] DEBUG leader.FollowerInfo (FollowerInfoImpl.java:lambda$new$1(49)) - s0@group-DBBE7E7C6C61->s2: commitIndex: updateToMax old=1, new=1, updated? false
2022-08-02 21:05:54,713 [grpc-default-executor-2] DEBUG leader.FollowerInfo (FollowerInfoImpl.java:lambda$new$1(49)) - s0@group-DBBE7E7C6C61->s2: matchIndex: updateToMax old=2, new=-1, updated? false
2022-08-02 21:05:54,714 [grpc-default-executor-3] DEBUG leader.FollowerInfo (FollowerInfoImpl.java:lambda$new$1(49)) - s0@group-DBBE7E7C6C61->s1: commitIndex: updateToMax old=1, new=1, updated? false
2022-08-02 21:05:54,714 [grpc-default-executor-3] DEBUG leader.FollowerInfo (FollowerInfoImpl.java:lambda$new$1(49)) - s0@group-DBBE7E7C6C61->s1: matchIndex: updateToMax old=2, new=-1, updated? false
2022-08-02 21:05:54,715 [grpc-default-executor-2] DEBUG leader.FollowerInfo (FollowerInfoImpl.java:lambda$new$1(49)) - s0@group-DBBE7E7C6C61->s2: commitIndex: updateToMax old=1, new=1, updated? false
2022-08-02 21:05:54,715 [grpc-default-executor-2] DEBUG leader.FollowerInfo (FollowerInfoImpl.java:lambda$new$1(49)) - s0@group-DBBE7E7C6C61->s2: matchIndex: updateToMax old=2, new=-1, updated? false
2022-08-02 21:05:54,716 [grpc-default-executor-3] DEBUG leader.FollowerInfo (FollowerInfoImpl.java:lambda$new$1(49)) - s0@group-DBBE7E7C6C61->s1: commitIndex: updateToMax old=1, new=1, updated? false
2022-08-02 21:05:54,716 [grpc-default-executor-3] DEBUG leader.FollowerInfo (FollowerInfoImpl.java:lambda$new$1(49)) - s0@group-DBBE7E7C6C61->s1: matchIndex: updateToMax old=2, new=-1, updated? false
2022-08-02 21:05:54,717 [grpc-default-executor-2] DEBUG leader.FollowerInfo (FollowerInfoImpl.java:lambda$new$1(49)) - s0@group-DBBE7E7C6C61->s2: commitIndex: updateToMax old=1, new=1, updated? false
2022-08-02 21:05:54,717 [grpc-default-executor-2] DEBUG leader.FollowerInfo (FollowerInfoImpl.java:lambda$new$1(49)) - s0@group-DBBE7E7C6C61->s2: matchIndex: updateToMax old=2, new=-1, updated? false
2022-08-02 21:05:54,717 [grpc-default-executor-3] DEBUG leader.FollowerInfo (FollowerInfoImpl.java:lambda$new$1(49)) - s0@group-DBBE7E7C6C61->s1: commitIndex: updateToMax old=1, new=1, updated? false
2022-08-02 21:05:54,718 [grpc-default-executor-3] DEBUG leader.FollowerInfo (FollowerInfoImpl.java:lambda$new$1(49)) - s0@group-DBBE7E7C6C61->s1: matchIndex: updateToMax old=2, new=-1, updated? false
2022-08-02 21:05:54,718 [grpc-default-executor-2] DEBUG leader.FollowerInfo (FollowerInfoImpl.java:lambda$new$1(49)) - s0@group-DBBE7E7C6C61->s2: commitIndex: updateToMax old=1, new=1, updated? false
2022-08-02 21:05:54,718 [grpc-default-executor-2] DEBUG leader.FollowerInfo (FollowerInfoImpl.java:lambda$new$1(49)) - s0@group-DBBE7E7C6C61->s2: matchIndex: updateToMax old=2, new=-1, updated? false
2022-08-02 21:05:54,719 [grpc-default-executor-3] DEBUG leader.FollowerInfo (FollowerInfoImpl.java:lambda$new$1(49)) - s0@group-DBBE7E7C6C61->s1: commitIndex: updateToMax old=1, new=1, updated? false
2022-08-02 21:05:54,719 [grpc-default-executor-3] DEBUG leader.FollowerInfo (FollowerInfoImpl.java:lambda$new$1(49)) - s0@group-DBBE7E7C6C61->s1: matchIndex: updateToMax old=2, new=-1, updated? false
2022-08-02 21:05:54,720 [grpc-default-executor-2] DEBUG leader.FollowerInfo (FollowerInfoImpl.java:lambda$new$1(49)) - s0@group-DBBE7E7C6C61->s2: commitIndex: updateToMax old=1, new=1, updated? false
2022-08-02 21:05:54,720 [grpc-default-executor-2] DEBUG leader.FollowerInfo (FollowerInfoImpl.java:lambda$new$1(49)) - s0@group-DBBE7E7C6C61->s2: matchIndex: updateToMax old=2, new=-1, updated? false
2022-08-02 21:05:54,721 [grpc-default-executor-3] DEBUG leader.FollowerInfo (FollowerInfoImpl.java:lambda$new$1(49)) - s0@group-DBBE7E7C6C61->s1: commitIndex: updateToMax old=1, new=1, updated? false
2022-08-02 21:05:54,721 [grpc-default-executor-3] DEBUG leader.FollowerInfo (FollowerInfoImpl.java:lambda$new$1(49)) - s0@group-DBBE7E7C6C61->s1: matchIndex: updateToMax old=2, new=-1, updated? false
2022-08-02 21:05:54,721 [grpc-default-executor-2] DEBUG leader.FollowerInfo (FollowerInfoImpl.java:lambda$new$1(49)) - s0@group-DBBE7E7C6C61->s2: commitIndex: updateToMax old=1, new=1, updated? false
2022-08-02 21:05:54,722 [grpc-default-executor-2] DEBUG leader.FollowerInfo (FollowerInfoImpl.java:lambda$new$1(49)) - s0@group-DBBE7E7C6C61->s2: matchIndex: updateToMax old=2, new=-1, updated? false
2022-08-02 21:05:54,722 [grpc-default-executor-3] DEBUG leader.FollowerInfo (FollowerInfoImpl.java:lambda$new$1(49)) - s0@group-DBBE7E7C6C61->s1: commitIndex: updateToMax old=1, new=1, updated? false
2022-08-02 21:05:54,722 [grpc-default-executor-3] DEBUG leader.FollowerInfo (FollowerInfoImpl.java:lambda$new$1(49)) - s0@group-DBBE7E7C6C61->s1: matchIndex: updateToMax old=2, new=-1, updated? false
2022-08-02 21:05:54,723 [grpc-default-executor-2] DEBUG leader.FollowerInfo (FollowerInfoImpl.java:lambda$new$1(49)) - s0@group-DBBE7E7C6C61->s2: commitIndex: updateToMax old=1, new=1, updated? false
2022-08-02 21:05:54,723 [grpc-default-executor-2] DEBUG leader.FollowerInfo (FollowerInfoImpl.java:lambda$new$1(49)) - s0@group-DBBE7E7C6C61->s2: matchIndex: updateToMax old=2, new=-1, updated? false
2022-08-02 21:05:54,724 [grpc-default-executor-3] DEBUG leader.FollowerInfo (FollowerInfoImpl.java:lambda$new$1(49)) - s0@group-DBBE7E7C6C61->s1: commitIndex: updateToMax old=1, new=1, updated? false
2022-08-02 21:05:54,724 [grpc-default-executor-3] DEBUG leader.FollowerInfo (FollowerInfoImpl.java:lambda$new$1(49)) - s0@group-DBBE7E7C6C61->s1: matchIndex: updateToMax old=2, new=-1, updated? false
2022-08-02 21:05:54,725 [grpc-default-executor-2] DEBUG leader.FollowerInfo (FollowerInfoImpl.java:lambda$new$1(49)) - s0@group-DBBE7E7C6C61->s2: commitIndex: updateToMax old=1, new=1, updated? false
2022-08-02 21:05:54,725 [grpc-default-executor-2] DEBUG leader.FollowerInfo (FollowerInfoImpl.java:lambda$new$1(49)) - s0@group-DBBE7E7C6C61->s2: matchIndex: updateToMax old=2, new=-1, updated? false
2022-08-02 21:05:54,725 [grpc-default-executor-3] DEBUG leader.FollowerInfo (FollowerInfoImpl.java:lambda$new$1(49)) - s0@group-DBBE7E7C6C61->s1: commitIndex: updateToMax old=1, new=1, updated? false
2022-08-02 21:05:54,725 [grpc-default-executor-3] DEBUG leader.FollowerInfo (FollowerInfoImpl.java:lambda$new$1(49)) - s0@group-DBBE7E7C6C61->s1: matchIndex: updateToMax old=2, new=-1, updated? false
2022-08-02 21:05:54,726 [grpc-default-executor-2] DEBUG leader.FollowerInfo (FollowerInfoImpl.java:lambda$new$1(49)) - s0@group-DBBE7E7C6C61->s2: commitIndex: updateToMax old=1, new=1, updated? false
2022-08-02 21:05:54,726 [grpc-default-executor-2] DEBUG leader.FollowerInfo (FollowerInfoImpl.java:lambda$new$1(49)) - s0@group-DBBE7E7C6C61->s2: matchIndex: updateToMax old=2, new=-1, updated? false
2022-08-02 21:05:54,727 [grpc-default-executor-3] DEBUG leader.FollowerInfo (FollowerInfoImpl.java:lambda$new$1(49)) - s0@group-DBBE7E7C6C61->s1: commitIndex: updateToMax old=1, new=1, updated? false
2022-08-02 21:05:54,727 [grpc-default-executor-3] DEBUG leader.FollowerInfo (FollowerInfoImpl.java:lambda$new$1(49)) - s0@group-DBBE7E7C6C61->s1: matchIndex: updateToMax old=2, new=-1, updated? false
2022-08-02 21:05:54,728 [grpc-default-executor-2] DEBUG leader.FollowerInfo (FollowerInfoImpl.java:lambda$new$1(49)) - s0@group-DBBE7E7C6C61->s2: commitIndex: updateToMax old=1, new=1, updated? false
2022-08-02 21:05:54,728 [grpc-default-executor-2] DEBUG leader.FollowerInfo (FollowerInfoImpl.java:lambda$new$1(49)) - s0@group-DBBE7E7C6C61->s2: matchIndex: updateToMax old=2, new=-1, updated? false
2022-08-02 21:05:54,728 [grpc-default-executor-3] DEBUG leader.FollowerInfo (FollowerInfoImpl.java:lambda$new$1(49)) - s0@group-DBBE7E7C6C61->s1: commitIndex: updateToMax old=1, new=1, updated? false
2022-08-02 21:05:54,729 [grpc-default-executor-3] DEBUG leader.FollowerInfo (FollowerInfoImpl.java:lambda$new$1(49)) - s0@group-DBBE7E7C6C61->s1: matchIndex: updateToMax old=2, new=-1, updated? false
2022-08-02 21:05:54,729 [grpc-default-executor-2] DEBUG leader.FollowerInfo (FollowerInfoImpl.java:lambda$new$1(49)) - s0@group-DBBE7E7C6C61->s2: commitIndex: updateToMax old=1, new=1, updated? false
2022-08-02 21:05:54,729 [grpc-default-executor-2] DEBUG leader.FollowerInfo (FollowerInfoImpl.java:lambda$new$1(49)) - s0@group-DBBE7E7C6C61->s2: matchIndex: updateToMax old=2, new=-1, updated? false
2022-08-02 21:05:54,730 [grpc-default-executor-3] DEBUG leader.FollowerInfo (FollowerInfoImpl.java:lambda$new$1(49)) - s0@group-DBBE7E7C6C61->s1: commitIndex: updateToMax old=1, new=1, updated? false
2022-08-02 21:05:54,730 [grpc-default-executor-3] DEBUG leader.FollowerInfo (FollowerInfoImpl.java:lambda$new$1(49)) - s0@group-DBBE7E7C6C61->s1: matchIndex: updateToMax old=2, new=-1, updated? false
2022-08-02 21:05:54,731 [grpc-default-executor-2] DEBUG leader.FollowerInfo (FollowerInfoImpl.java:lambda$new$1(49)) - s0@group-DBBE7E7C6C61->s2: commitIndex: updateToMax old=1, new=1, updated? false
2022-08-02 21:05:54,731 [grpc-default-executor-2] DEBUG leader.FollowerInfo (FollowerInfoImpl.java:lambda$new$1(49)) - s0@group-DBBE7E7C6C61->s2: matchIndex: updateToMax old=2, new=-1, updated? false
2022-08-02 21:05:54,732 [grpc-default-executor-3] DEBUG leader.FollowerInfo (FollowerInfoImpl.java:lambda$new$1(49)) - s0@group-DBBE7E7C6C61->s1: commitIndex: updateToMax old=1, new=1, updated? false
2022-08-02 21:05:54,732 [grpc-default-executor-3] DEBUG leader.FollowerInfo (FollowerInfoImpl.java:lambda$new$1(49)) - s0@group-DBBE7E7C6C61->s1: matchIndex: updateToMax old=2, new=-1, updated? false
2022-08-02 21:05:54,732 [grpc-default-executor-2] DEBUG leader.FollowerInfo (FollowerInfoImpl.java:lambda$new$1(49)) - s0@group-DBBE7E7C6C61->s2: commitIndex: updateToMax old=1, new=1, updated? false
2022-08-02 21:05:54,732 [grpc-default-executor-2] DEBUG leader.FollowerInfo (FollowerInfoImpl.java:lambda$new$1(49)) - s0@group-DBBE7E7C6C61->s2: matchIndex: updateToMax old=2, new=-1, updated? false
2022-08-02 21:05:54,733 [grpc-default-executor-3] DEBUG leader.FollowerInfo (FollowerInfoImpl.java:lambda$new$1(49)) - s0@group-DBBE7E7C6C61->s1: commitIndex: updateToMax old=1, new=1, updated? false
2022-08-02 21:05:54,733 [grpc-default-executor-3] DEBUG leader.FollowerInfo (FollowerInfoImpl.java:lambda$new$1(49)) - s0@group-DBBE7E7C6C61->s1: matchIndex: updateToMax old=2, new=-1, updated? false
2022-08-02 21:05:54,734 [grpc-default-executor-2] DEBUG leader.FollowerInfo (FollowerInfoImpl.java:lambda$new$1(49)) - s0@group-DBBE7E7C6C61->s2: commitIndex: updateToMax old=1, new=1, updated? false
2022-08-02 21:05:54,734 [grpc-default-executor-2] DEBUG leader.FollowerInfo (FollowerInfoImpl.java:lambda$new$1(49)) - s0@group-DBBE7E7C6C61->s2: matchIndex: updateToMax old=2, new=-1, updated? false
2022-08-02 21:05:54,735 [grpc-default-executor-3] DEBUG leader.FollowerInfo (FollowerInfoImpl.java:lambda$new$1(49)) - s0@group-DBBE7E7C6C61->s1: commitIndex: updateToMax old=1, new=1, updated? false
2022-08-02 21:05:54,735 [grpc-default-executor-3] DEBUG leader.FollowerInfo (FollowerInfoImpl.java:lambda$new$1(49)) - s0@group-DBBE7E7C6C61->s1: matchIndex: updateToMax old=2, new=-1, updated? false
2022-08-02 21:05:54,735 [grpc-default-executor-2] DEBUG leader.FollowerInfo (FollowerInfoImpl.java:lambda$new$1(49)) - s0@group-DBBE7E7C6C61->s2: commitIndex: updateToMax old=1, new=1, updated? false
2022-08-02 21:05:54,735 [grpc-default-executor-2] DEBUG leader.FollowerInfo (FollowerInfoImpl.java:lambda$new$1(49)) - s0@group-DBBE7E7C6C61->s2: matchIndex: updateToMax old=2, new=-1, updated? false
2022-08-02 21:05:54,736 [grpc-default-executor-3] DEBUG leader.FollowerInfo (FollowerInfoImpl.java:lambda$new$1(49)) - s0@group-DBBE7E7C6C61->s1: commitIndex: updateToMax old=1, new=1, updated? false
2022-08-02 21:05:54,736 [grpc-default-executor-3] DEBUG leader.FollowerInfo (FollowerInfoImpl.java:lambda$new$1(49)) - s0@group-DBBE7E7C6C61->s1: matchIndex: updateToMax old=2, new=-1, updated? false
2022-08-02 21:05:54,737 [grpc-default-executor-2] DEBUG leader.FollowerInfo (FollowerInfoImpl.java:lambda$new$1(49)) - s0@group-DBBE7E7C6C61->s2: commitIndex: updateToMax old=1, new=1, updated? false
2022-08-02 21:05:54,737 [grpc-default-executor-2] DEBUG leader.FollowerInfo (FollowerInfoImpl.java:lambda$new$1(49)) - s0@group-DBBE7E7C6C61->s2: matchIndex: updateToMax old=2, new=-1, updated? false
2022-08-02 21:05:54,738 [grpc-default-executor-3] DEBUG leader.FollowerInfo (FollowerInfoImpl.java:lambda$new$1(49)) - s0@group-DBBE7E7C6C61->s1: commitIndex: updateToMax old=1, new=1, updated? false
2022-08-02 21:05:54,738 [grpc-default-executor-3] DEBUG leader.FollowerInfo (FollowerInfoImpl.java:lambda$new$1(49)) - s0@group-DBBE7E7C6C61->s1: matchIndex: updateToMax old=2, new=-1, updated? false
2022-08-02 21:05:54,738 [grpc-default-executor-2] DEBUG leader.FollowerInfo (FollowerInfoImpl.java:lambda$new$1(49)) - s0@group-DBBE7E7C6C61->s2: commitIndex: updateToMax old=1, new=1, updated? false
2022-08-02 21:05:54,738 [grpc-default-executor-2] DEBUG leader.FollowerInfo (FollowerInfoImpl.java:lambda$new$1(49)) - s0@group-DBBE7E7C6C61->s2: matchIndex: updateToMax old=2, new=-1, updated? false
2022-08-02 21:05:54,739 [grpc-default-executor-3] DEBUG leader.FollowerInfo (FollowerInfoImpl.java:lambda$new$1(49)) - s0@group-DBBE7E7C6C61->s1: commitIndex: updateToMax old=1, new=1, updated? false
2022-08-02 21:05:54,739 [grpc-default-executor-3] DEBUG leader.FollowerInfo (FollowerInfoImpl.java:lambda$new$1(49)) - s0@group-DBBE7E7C6C61->s1: matchIndex: updateToMax old=2, new=-1, updated? false
2022-08-02 21:05:54,740 [grpc-default-executor-2] DEBUG leader.FollowerInfo (FollowerInfoImpl.java:lambda$new$1(49)) - s0@group-DBBE7E7C6C61->s2: commitIndex: updateToMax old=1, new=1, updated? false
2022-08-02 21:05:54,740 [grpc-default-executor-2] DEBUG leader.FollowerInfo (FollowerInfoImpl.java:lambda$new$1(49)) - s0@group-DBBE7E7C6C61->s2: matchIndex: updateToMax old=2, new=-1, updated? false
2022-08-02 21:05:54,741 [grpc-default-executor-3] DEBUG leader.FollowerInfo (FollowerInfoImpl.java:lambda$new$1(49)) - s0@group-DBBE7E7C6C61->s1: commitIndex: updateToMax old=1, new=1, updated? false
2022-08-02 21:05:54,741 [grpc-default-executor-3] DEBUG leader.FollowerInfo (FollowerInfoImpl.java:lambda$new$1(49)) - s0@group-DBBE7E7C6C61->s1: matchIndex: updateToMax old=2, new=-1, updated? false
2022-08-02 21:05:54,742 [grpc-default-executor-2] DEBUG leader.FollowerInfo (FollowerInfoImpl.java:lambda$new$1(49)) - s0@group-DBBE7E7C6C61->s2: commitIndex: updateToMax old=1, new=1, updated? false
2022-08-02 21:05:54,742 [grpc-default-executor-2] DEBUG leader.FollowerInfo (FollowerInfoImpl.java:lambda$new$1(49)) - s0@group-DBBE7E7C6C61->s2: matchIndex: updateToMax old=2, new=-1, updated? false
2022-08-02 21:05:54,742 [grpc-default-executor-3] DEBUG leader.FollowerInfo (FollowerInfoImpl.java:lambda$new$1(49)) - s0@group-DBBE7E7C6C61->s1: commitIndex: updateToMax old=1, new=1, updated? false
2022-08-02 21:05:54,742 [grpc-default-executor-3] DEBUG leader.FollowerInfo (FollowerInfoImpl.java:lambda$new$1(49)) - s0@group-DBBE7E7C6C61->s1: matchIndex: updateToMax old=2, new=-1, updated? false
2022-08-02 21:05:54,743 [grpc-default-executor-2] DEBUG leader.FollowerInfo (FollowerInfoImpl.java:lambda$new$1(49)) - s0@group-DBBE7E7C6C61->s2: commitIndex: updateToMax old=1, new=1, updated? false
2022-08-02 21:05:54,743 [grpc-default-executor-2] DEBUG leader.FollowerInfo (FollowerInfoImpl.java:lambda$new$1(49)) - s0@group-DBBE7E7C6C61->s2: matchIndex: updateToMax old=2, new=-1, updated? false
2022-08-02 21:05:54,744 [grpc-default-executor-3] DEBUG leader.FollowerInfo (FollowerInfoImpl.java:lambda$new$1(49)) - s0@group-DBBE7E7C6C61->s1: commitIndex: updateToMax old=1, new=1, updated? false
2022-08-02 21:05:54,744 [grpc-default-executor-3] DEBUG leader.FollowerInfo (FollowerInfoImpl.java:lambda$new$1(49)) - s0@group-DBBE7E7C6C61->s1: matchIndex: updateToMax old=2, new=-1, updated? false
2022-08-02 21:05:54,745 [grpc-default-executor-2] DEBUG leader.FollowerInfo (FollowerInfoImpl.java:lambda$new$1(49)) - s0@group-DBBE7E7C6C61->s2: commitIndex: updateToMax old=1, new=1, updated? false
2022-08-02 21:05:54,745 [grpc-default-executor-2] DEBUG leader.FollowerInfo (FollowerInfoImpl.java:lambda$new$1(49)) - s0@group-DBBE7E7C6C61->s2: matchIndex: updateToMax old=2, new=-1, updated? false
2022-08-02 21:05:54,745 [grpc-default-executor-3] DEBUG leader.FollowerInfo (FollowerInfoImpl.java:lambda$new$1(49)) - s0@group-DBBE7E7C6C61->s1: commitIndex: updateToMax old=1, new=1, updated? false
2022-08-02 21:05:54,745 [grpc-default-executor-3] DEBUG leader.FollowerInfo (FollowerInfoImpl.java:lambda$new$1(49)) - s0@group-DBBE7E7C6C61->s1: matchIndex: updateToMax old=2, new=-1, updated? false
2022-08-02 21:05:54,746 [grpc-default-executor-2] DEBUG leader.FollowerInfo (FollowerInfoImpl.java:lambda$new$1(49)) - s0@group-DBBE7E7C6C61->s2: commitIndex: updateToMax old=1, new=1, updated? false
2022-08-02 21:05:54,746 [grpc-default-executor-2] DEBUG leader.FollowerInfo (FollowerInfoImpl.java:lambda$new$1(49)) - s0@group-DBBE7E7C6C61->s2: matchIndex: updateToMax old=2, new=-1, updated? false
2022-08-02 21:05:54,747 [grpc-default-executor-3] DEBUG leader.FollowerInfo (FollowerInfoImpl.java:lambda$new$1(49)) - s0@group-DBBE7E7C6C61->s1: commitIndex: updateToMax old=1, new=1, updated? false
2022-08-02 21:05:54,747 [grpc-default-executor-3] DEBUG leader.FollowerInfo (FollowerInfoImpl.java:lambda$new$1(49)) - s0@group-DBBE7E7C6C61->s1: matchIndex: updateToMax old=2, new=-1, updated? false
2022-08-02 21:05:54,748 [grpc-default-executor-2] DEBUG leader.FollowerInfo (FollowerInfoImpl.java:lambda$new$1(49)) - s0@group-DBBE7E7C6C61->s2: commitIndex: updateToMax old=1, new=1, updated? false
2022-08-02 21:05:54,748 [grpc-default-executor-2] DEBUG leader.FollowerInfo (FollowerInfoImpl.java:lambda$new$1(49)) - s0@group-DBBE7E7C6C61->s2: matchIndex: updateToMax old=2, new=-1, updated? false
2022-08-02 21:05:54,749 [grpc-default-executor-3] DEBUG leader.FollowerInfo (FollowerInfoImpl.java:lambda$new$1(49)) - s0@group-DBBE7E7C6C61->s1: commitIndex: updateToMax old=1, new=1, updated? false
2022-08-02 21:05:54,749 [grpc-default-executor-3] DEBUG leader.FollowerInfo (FollowerInfoImpl.java:lambda$new$1(49)) - s0@group-DBBE7E7C6C61->s1: matchIndex: updateToMax old=2, new=-1, updated? false
2022-08-02 21:05:54,749 [grpc-default-executor-2] DEBUG leader.FollowerInfo (FollowerInfoImpl.java:lambda$new$1(49)) - s0@group-DBBE7E7C6C61->s2: commitIndex: updateToMax old=1, new=1, updated? false
2022-08-02 21:05:54,749 [grpc-default-executor-2] DEBUG leader.FollowerInfo (FollowerInfoImpl.java:lambda$new$1(49)) - s0@group-DBBE7E7C6C61->s2: matchIndex: updateToMax old=2, new=-1, updated? false
2022-08-02 21:05:54,750 [grpc-default-executor-3] DEBUG leader.FollowerInfo (FollowerInfoImpl.java:lambda$new$1(49)) - s0@group-DBBE7E7C6C61->s1: commitIndex: updateToMax old=1, new=1, updated? false
2022-08-02 21:05:54,750 [grpc-default-executor-3] DEBUG leader.FollowerInfo (FollowerInfoImpl.java:lambda$new$1(49)) - s0@group-DBBE7E7C6C61->s1: matchIndex: updateToMax old=2, new=-1, updated? false
2022-08-02 21:05:54,751 [grpc-default-executor-2] DEBUG leader.FollowerInfo (FollowerInfoImpl.java:lambda$new$1(49)) - s0@group-DBBE7E7C6C61->s2: commitIndex: updateToMax old=1, new=1, updated? false
2022-08-02 21:05:54,751 [grpc-default-executor-2] DEBUG leader.FollowerInfo (FollowerInfoImpl.java:lambda$new$1(49)) - s0@group-DBBE7E7C6C61->s2: matchIndex: updateToMax old=2, new=-1, updated? false
2022-08-02 21:05:54,752 [grpc-default-executor-3] DEBUG leader.FollowerInfo (FollowerInfoImpl.java:lambda$new$1(49)) - s0@group-DBBE7E7C6C61->s1: commitIndex: updateToMax old=1, new=1, updated? false
2022-08-02 21:05:54,752 [grpc-default-executor-3] DEBUG leader.FollowerInfo (FollowerInfoImpl.java:lambda$new$1(49)) - s0@group-DBBE7E7C6C61->s1: matchIndex: updateToMax old=2, new=-1, updated? false
2022-08-02 21:05:54,752 [grpc-default-executor-2] DEBUG leader.FollowerInfo (FollowerInfoImpl.java:lambda$new$1(49)) - s0@group-DBBE7E7C6C61->s2: commitIndex: updateToMax old=1, new=1, updated? false
2022-08-02 21:05:54,752 [grpc-default-executor-2] DEBUG leader.FollowerInfo (FollowerInfoImpl.java:lambda$new$1(49)) - s0@group-DBBE7E7C6C61->s2: matchIndex: updateToMax old=2, new=-1, updated? false
2022-08-02 21:05:54,753 [grpc-default-executor-3] DEBUG leader.FollowerInfo (FollowerInfoImpl.java:lambda$new$1(49)) - s0@group-DBBE7E7C6C61->s1: commitIndex: updateToMax old=1, new=1, updated? false
2022-08-02 21:05:54,753 [grpc-default-executor-3] DEBUG leader.FollowerInfo (FollowerInfoImpl.java:lambda$new$1(49)) - s0@group-DBBE7E7C6C61->s1: matchIndex: updateToMax old=2, new=-1, updated? false
2022-08-02 21:05:54,754 [grpc-default-executor-2] DEBUG leader.FollowerInfo (FollowerInfoImpl.java:lambda$new$1(49)) - s0@group-DBBE7E7C6C61->s2: commitIndex: updateToMax old=1, new=1, updated? false
2022-08-02 21:05:54,754 [grpc-default-executor-2] DEBUG leader.FollowerInfo (FollowerInfoImpl.java:lambda$new$1(49)) - s0@group-DBBE7E7C6C61->s2: matchIndex: updateToMax old=2, new=-1, updated? false
2022-08-02 21:05:54,755 [grpc-default-executor-3] DEBUG leader.FollowerInfo (FollowerInfoImpl.java:lambda$new$1(49)) - s0@group-DBBE7E7C6C61->s1: commitIndex: updateToMax old=1, new=1, updated? false
2022-08-02 21:05:54,755 [grpc-default-executor-3] DEBUG leader.FollowerInfo (FollowerInfoImpl.java:lambda$new$1(49)) - s0@group-DBBE7E7C6C61->s1: matchIndex: updateToMax old=2, new=-1, updated? false
2022-08-02 21:05:54,756 [grpc-default-executor-2] DEBUG leader.FollowerInfo (FollowerInfoImpl.java:lambda$new$1(49)) - s0@group-DBBE7E7C6C61->s2: commitIndex: updateToMax old=1, new=1, updated? false
2022-08-02 21:05:54,756 [grpc-default-executor-2] DEBUG leader.FollowerInfo (FollowerInfoImpl.java:lambda$new$1(49)) - s0@group-DBBE7E7C6C61->s2: matchIndex: updateToMax old=2, new=-1, updated? false
2022-08-02 21:05:54,756 [grpc-default-executor-3] DEBUG leader.FollowerInfo (FollowerInfoImpl.java:lambda$new$1(49)) - s0@group-DBBE7E7C6C61->s1: commitIndex: updateToMax old=1, new=1, updated? false
2022-08-02 21:05:54,756 [grpc-default-executor-3] DEBUG leader.FollowerInfo (FollowerInfoImpl.java:lambda$new$1(49)) - s0@group-DBBE7E7C6C61->s1: matchIndex: updateToMax old=2, new=-1, updated? false
2022-08-02 21:05:54,757 [grpc-default-executor-2] DEBUG leader.FollowerInfo (FollowerInfoImpl.java:lambda$new$1(49)) - s0@group-DBBE7E7C6C61->s2: commitIndex: updateToMax old=1, new=1, updated? false
2022-08-02 21:05:54,757 [grpc-default-executor-2] DEBUG leader.FollowerInfo (FollowerInfoImpl.java:lambda$new$1(49)) - s0@group-DBBE7E7C6C61->s2: matchIndex: updateToMax old=2, new=-1, updated? false
2022-08-02 21:05:54,758 [grpc-default-executor-3] DEBUG leader.FollowerInfo (FollowerInfoImpl.java:lambda$new$1(49)) - s0@group-DBBE7E7C6C61->s1: commitIndex: updateToMax old=1, new=1, updated? false
2022-08-02 21:05:54,758 [grpc-default-executor-3] DEBUG leader.FollowerInfo (FollowerInfoImpl.java:lambda$new$1(49)) - s0@group-DBBE7E7C6C61->s1: matchIndex: updateToMax old=2, new=-1, updated? false
2022-08-02 21:05:54,759 [grpc-default-executor-2] DEBUG leader.FollowerInfo (FollowerInfoImpl.java:lambda$new$1(49)) - s0@group-DBBE7E7C6C61->s2: commitIndex: updateToMax old=1, new=1, updated? false
2022-08-02 21:05:54,759 [grpc-default-executor-2] DEBUG leader.FollowerInfo (FollowerInfoImpl.java:lambda$new$1(49)) - s0@group-DBBE7E7C6C61->s2: matchIndex: updateToMax old=2, new=-1, updated? false
2022-08-02 21:05:54,759 [grpc-default-executor-3] DEBUG leader.FollowerInfo (FollowerInfoImpl.java:lambda$new$1(49)) - s0@group-DBBE7E7C6C61->s1: commitIndex: updateToMax old=1, new=1, updated? false
2022-08-02 21:05:54,760 [grpc-default-executor-3] DEBUG leader.FollowerInfo (FollowerInfoImpl.java:lambda$new$1(49)) - s0@group-DBBE7E7C6C61->s1: matchIndex: updateToMax old=2, new=-1, updated? false
2022-08-02 21:05:54,760 [grpc-default-executor-2] DEBUG leader.FollowerInfo (FollowerInfoImpl.java:lambda$new$1(49)) - s0@group-DBBE7E7C6C61->s2: commitIndex: updateToMax old=1, new=1, updated? false
2022-08-02 21:05:54,760 [grpc-default-executor-2] DEBUG leader.FollowerInfo (FollowerInfoImpl.java:lambda$new$1(49)) - s0@group-DBBE7E7C6C61->s2: matchIndex: updateToMax old=2, new=-1, updated? false
2022-08-02 21:05:54,761 [grpc-default-executor-3] DEBUG leader.FollowerInfo (FollowerInfoImpl.java:lambda$new$1(49)) - s0@group-DBBE7E7C6C61->s1: commitIndex: updateToMax old=1, new=1, updated? false
2022-08-02 21:05:54,761 [grpc-default-executor-3] DEBUG leader.FollowerInfo (FollowerInfoImpl.java:lambda$new$1(49)) - s0@group-DBBE7E7C6C61->s1: matchIndex: updateToMax old=2, new=-1, updated? false
2022-08-02 21:05:54,762 [grpc-default-executor-2] DEBUG leader.FollowerInfo (FollowerInfoImpl.java:lambda$new$1(49)) - s0@group-DBBE7E7C6C61->s2: commitIndex: updateToMax old=1, new=1, updated? false
2022-08-02 21:05:54,762 [grpc-default-executor-2] DEBUG leader.FollowerInfo (FollowerInfoImpl.java:lambda$new$1(49)) - s0@group-DBBE7E7C6C61->s2: matchIndex: updateToMax old=2, new=-1, updated? false
2022-08-02 21:05:54,763 [grpc-default-executor-3] DEBUG leader.FollowerInfo (FollowerInfoImpl.java:lambda$new$1(49)) - s0@group-DBBE7E7C6C61->s1: commitIndex: updateToMax old=1, new=1, updated? false
2022-08-02 21:05:54,763 [grpc-default-executor-3] DEBUG leader.FollowerInfo (FollowerInfoImpl.java:lambda$new$1(49)) - s0@group-DBBE7E7C6C61->s1: matchIndex: updateToMax old=2, new=-1, updated? false
2022-08-02 21:05:54,763 [grpc-default-executor-2] DEBUG leader.FollowerInfo (FollowerInfoImpl.java:lambda$new$1(49)) - s0@group-DBBE7E7C6C61->s2: commitIndex: updateToMax old=1, new=1, updated? false
2022-08-02 21:05:54,763 [grpc-default-executor-2] DEBUG leader.FollowerInfo (FollowerInfoImpl.java:lambda$new$1(49)) - s0@group-DBBE7E7C6C61->s2: matchIndex: updateToMax old=2, new=-1, updated? false
2022-08-02 21:05:54,764 [grpc-default-executor-3] DEBUG leader.FollowerInfo (FollowerInfoImpl.java:lambda$new$1(49)) - s0@group-DBBE7E7C6C61->s1: commitIndex: updateToMax old=1, new=1, updated? false
2022-08-02 21:05:54,764 [grpc-default-executor-3] DEBUG leader.FollowerInfo (FollowerInfoImpl.java:lambda$new$1(49)) - s0@group-DBBE7E7C6C61->s1: matchIndex: updateToMax old=2, new=-1, updated? false
2022-08-02 21:05:54,765 [grpc-default-executor-2] DEBUG leader.FollowerInfo (FollowerInfoImpl.java:lambda$new$1(49)) - s0@group-DBBE7E7C6C61->s2: commitIndex: updateToMax old=1, new=1, updated? false
2022-08-02 21:05:54,765 [grpc-default-executor-2] DEBUG leader.FollowerInfo (FollowerInfoImpl.java:lambda$new$1(49)) - s0@group-DBBE7E7C6C61->s2: matchIndex: updateToMax old=2, new=-1, updated? false
2022-08-02 21:05:54,766 [grpc-default-executor-3] DEBUG leader.FollowerInfo (FollowerInfoImpl.java:lambda$new$1(49)) - s0@group-DBBE7E7C6C61->s1: commitIndex: updateToMax old=1, new=1, updated? false
2022-08-02 21:05:54,766 [grpc-default-executor-3] DEBUG leader.FollowerInfo (FollowerInfoImpl.java:lambda$new$1(49)) - s0@group-DBBE7E7C6C61->s1: matchIndex: updateToMax old=2, new=-1, updated? false
2022-08-02 21:05:54,767 [grpc-default-executor-2] DEBUG leader.FollowerInfo (FollowerInfoImpl.java:lambda$new$1(49)) - s0@group-DBBE7E7C6C61->s2: commitIndex: updateToMax old=1, new=1, updated? false
2022-08-02 21:05:54,767 [grpc-default-executor-2] DEBUG leader.FollowerInfo (FollowerInfoImpl.java:lambda$new$1(49)) - s0@group-DBBE7E7C6C61->s2: matchIndex: updateToMax old=2, new=-1, updated? false
2022-08-02 21:05:54,767 [grpc-default-executor-3] DEBUG leader.FollowerInfo (FollowerInfoImpl.java:lambda$new$1(49)) - s0@group-DBBE7E7C6C61->s1: commitIndex: updateToMax old=1, new=1, updated? false
2022-08-02 21:05:54,767 [grpc-default-executor-3] DEBUG leader.FollowerInfo (FollowerInfoImpl.java:lambda$new$1(49)) - s0@group-DBBE7E7C6C61->s1: matchIndex: updateToMax old=2, new=-1, updated? false
2022-08-02 21:05:54,768 [grpc-default-executor-2] DEBUG leader.FollowerInfo (FollowerInfoImpl.java:lambda$new$1(49)) - s0@group-DBBE7E7C6C61->s2: commitIndex: updateToMax old=1, new=1, updated? false
2022-08-02 21:05:54,768 [grpc-default-executor-2] DEBUG leader.FollowerInfo (FollowerInfoImpl.java:lambda$new$1(49)) - s0@group-DBBE7E7C6C61->s2: matchIndex: updateToMax old=2, new=-1, updated? false
2022-08-02 21:05:54,769 [grpc-default-executor-3] DEBUG leader.FollowerInfo (FollowerInfoImpl.java:lambda$new$1(49)) - s0@group-DBBE7E7C6C61->s1: commitIndex: updateToMax old=1, new=1, updated? false
2022-08-02 21:05:54,769 [grpc-default-executor-3] DEBUG leader.FollowerInfo (FollowerInfoImpl.java:lambda$new$1(49)) - s0@group-DBBE7E7C6C61->s1: matchIndex: updateToMax old=2, new=-1, updated? false
2022-08-02 21:05:54,770 [grpc-default-executor-2] DEBUG leader.FollowerInfo (FollowerInfoImpl.java:lambda$new$1(49)) - s0@group-DBBE7E7C6C61->s2: commitIndex: updateToMax old=1, new=1, updated? false
2022-08-02 21:05:54,770 [grpc-default-executor-2] DEBUG leader.FollowerInfo (FollowerInfoImpl.java:lambda$new$1(49)) - s0@group-DBBE7E7C6C61->s2: matchIndex: updateToMax old=2, new=-1, updated? false
2022-08-02 21:05:54,770 [grpc-default-executor-3] DEBUG leader.FollowerInfo (FollowerInfoImpl.java:lambda$new$1(49)) - s0@group-DBBE7E7C6C61->s1: commitIndex: updateToMax old=1, new=1, updated? false
2022-08-02 21:05:54,771 [grpc-default-executor-3] DEBUG leader.FollowerInfo (FollowerInfoImpl.java:lambda$new$1(49)) - s0@group-DBBE7E7C6C61->s1: matchIndex: updateToMax old=2, new=-1, updated? false
2022-08-02 21:05:54,771 [grpc-default-executor-2] DEBUG leader.FollowerInfo (FollowerInfoImpl.java:lambda$new$1(49)) - s0@group-DBBE7E7C6C61->s2: commitIndex: updateToMax old=1, new=1, updated? false
2022-08-02 21:05:54,771 [grpc-default-executor-2] DEBUG leader.FollowerInfo (FollowerInfoImpl.java:lambda$new$1(49)) - s0@group-DBBE7E7C6C61->s2: matchIndex: updateToMax old=2, new=-1, updated? false
2022-08-02 21:05:54,772 [grpc-default-executor-3] DEBUG leader.FollowerInfo (FollowerInfoImpl.java:lambda$new$1(49)) - s0@group-DBBE7E7C6C61->s1: commitIndex: updateToMax old=1, new=1, updated? false
2022-08-02 21:05:54,772 [grpc-default-executor-3] DEBUG leader.FollowerInfo (FollowerInfoImpl.java:lambda$new$1(49)) - s0@group-DBBE7E7C6C61->s1: matchIndex: updateToMax old=2, new=-1, updated? false
2022-08-02 21:05:54,773 [grpc-default-executor-2] DEBUG leader.FollowerInfo (FollowerInfoImpl.java:lambda$new$1(49)) - s0@group-DBBE7E7C6C61->s2: commitIndex: updateToMax old=1, new=1, updated? false
2022-08-02 21:05:54,773 [grpc-default-executor-2] DEBUG leader.FollowerInfo (FollowerInfoImpl.java:lambda$new$1(49)) - s0@group-DBBE7E7C6C61->s2: matchIndex: updateToMax old=2, new=-1, updated? false
2022-08-02 21:05:54,774 [grpc-default-executor-3] DEBUG leader.FollowerInfo (FollowerInfoImpl.java:lambda$new$1(49)) - s0@group-DBBE7E7C6C61->s1: commitIndex: updateToMax old=1, new=1, updated? false
2022-08-02 21:05:54,774 [grpc-default-executor-3] DEBUG leader.FollowerInfo (FollowerInfoImpl.java:lambda$new$1(49)) - s0@group-DBBE7E7C6C61->s1: matchIndex: updateToMax old=2, new=-1, updated? false
2022-08-02 21:05:54,775 [grpc-default-executor-2] DEBUG leader.FollowerInfo (FollowerInfoImpl.java:lambda$new$1(49)) - s0@group-DBBE7E7C6C61->s2: commitIndex: updateToMax old=1, new=1, updated? false
2022-08-02 21:05:54,775 [grpc-default-executor-2] DEBUG leader.FollowerInfo (FollowerInfoImpl.java:lambda$new$1(49)) - s0@group-DBBE7E7C6C61->s2: matchIndex: updateToMax old=2, new=-1, updated? false
2022-08-02 21:05:54,775 [grpc-default-executor-3] DEBUG leader.FollowerInfo (FollowerInfoImpl.java:lambda$new$1(49)) - s0@group-DBBE7E7C6C61->s1: commitIndex: updateToMax old=1, new=1, updated? false
2022-08-02 21:05:54,776 [grpc-default-executor-3] DEBUG leader.FollowerInfo (FollowerInfoImpl.java:lambda$new$1(49)) - s0@group-DBBE7E7C6C61->s1: matchIndex: updateToMax old=2, new=-1, updated? false
2022-08-02 21:05:54,776 [grpc-default-executor-2] DEBUG leader.FollowerInfo (FollowerInfoImpl.java:lambda$new$1(49)) - s0@group-DBBE7E7C6C61->s2: commitIndex: updateToMax old=1, new=1, updated? false
2022-08-02 21:05:54,776 [grpc-default-executor-2] DEBUG leader.FollowerInfo (FollowerInfoImpl.java:lambda$new$1(49)) - s0@group-DBBE7E7C6C61->s2: matchIndex: updateToMax old=2, new=-1, updated? false
2022-08-02 21:05:54,777 [grpc-default-executor-3] DEBUG leader.FollowerInfo (FollowerInfoImpl.java:lambda$new$1(49)) - s0@group-DBBE7E7C6C61->s1: commitIndex: updateToMax old=1, new=1, updated? false
2022-08-02 21:05:54,777 [grpc-default-executor-3] DEBUG leader.FollowerInfo (FollowerInfoImpl.java:lambda$new$1(49)) - s0@group-DBBE7E7C6C61->s1: matchIndex: updateToMax old=2, new=-1, updated? false
2022-08-02 21:05:54,778 [grpc-default-executor-2] DEBUG leader.FollowerInfo (FollowerInfoImpl.java:lambda$new$1(49)) - s0@group-DBBE7E7C6C61->s2: commitIndex: updateToMax old=1, new=1, updated? false
2022-08-02 21:05:54,778 [grpc-default-executor-2] DEBUG leader.FollowerInfo (FollowerInfoImpl.java:lambda$new$1(49)) - s0@group-DBBE7E7C6C61->s2: matchIndex: updateToMax old=2, new=-1, updated? false
2022-08-02 21:05:54,779 [grpc-default-executor-3] DEBUG leader.FollowerInfo (FollowerInfoImpl.java:lambda$new$1(49)) - s0@group-DBBE7E7C6C61->s1: commitIndex: updateToMax old=1, new=1, updated? false
2022-08-02 21:05:54,779 [grpc-default-executor-3] DEBUG leader.FollowerInfo (FollowerInfoImpl.java:lambda$new$1(49)) - s0@group-DBBE7E7C6C61->s1: matchIndex: updateToMax old=2, new=-1, updated? false
2022-08-02 21:05:54,780 [grpc-default-executor-2] DEBUG leader.FollowerInfo (FollowerInfoImpl.java:lambda$new$1(49)) - s0@group-DBBE7E7C6C61->s2: commitIndex: updateToMax old=1, new=1, updated? false
2022-08-02 21:05:54,780 [grpc-default-executor-2] DEBUG leader.FollowerInfo (FollowerInfoImpl.java:lambda$new$1(49)) - s0@group-DBBE7E7C6C61->s2: matchIndex: updateToMax old=2, new=-1, updated? false
2022-08-02 21:05:54,781 [grpc-default-executor-3] DEBUG leader.FollowerInfo (FollowerInfoImpl.java:lambda$new$1(49)) - s0@group-DBBE7E7C6C61->s1: commitIndex: updateToMax old=1, new=1, updated? false
2022-08-02 21:05:54,781 [grpc-default-executor-3] DEBUG leader.FollowerInfo (FollowerInfoImpl.java:lambda$new$1(49)) - s0@group-DBBE7E7C6C61->s1: matchIndex: updateToMax old=2, new=-1, updated? false
2022-08-02 21:05:54,782 [grpc-default-executor-2] DEBUG leader.FollowerInfo (FollowerInfoImpl.java:lambda$new$1(49)) - s0@group-DBBE7E7C6C61->s2: commitIndex: updateToMax old=1, new=1, updated? false
2022-08-02 21:05:54,782 [grpc-default-executor-2] DEBUG leader.FollowerInfo (FollowerInfoImpl.java:lambda$new$1(49)) - s0@group-DBBE7E7C6C61->s2: matchIndex: updateToMax old=2, new=-1, updated? false
2022-08-02 21:05:54,783 [grpc-default-executor-3] DEBUG leader.FollowerInfo (FollowerInfoImpl.java:lambda$new$1(49)) - s0@group-DBBE7E7C6C61->s1: commitIndex: updateToMax old=1, new=1, updated? false
2022-08-02 21:05:54,783 [grpc-default-executor-3] DEBUG leader.FollowerInfo (FollowerInfoImpl.java:lambda$new$1(49)) - s0@group-DBBE7E7C6C61->s1: matchIndex: updateToMax old=2, new=-1, updated? false
2022-08-02 21:05:54,783 [grpc-default-executor-2] DEBUG leader.FollowerInfo (FollowerInfoImpl.java:lambda$new$1(49)) - s0@group-DBBE7E7C6C61->s2: commitIndex: updateToMax old=1, new=1, updated? false
2022-08-02 21:05:54,783 [grpc-default-executor-2] DEBUG leader.FollowerInfo (FollowerInfoImpl.java:lambda$new$1(49)) - s0@group-DBBE7E7C6C61->s2: matchIndex: updateToMax old=2, new=-1, updated? false
2022-08-02 21:05:54,784 [grpc-default-executor-3] DEBUG leader.FollowerInfo (FollowerInfoImpl.java:lambda$new$1(49)) - s0@group-DBBE7E7C6C61->s1: commitIndex: updateToMax old=1, new=1, updated? false
2022-08-02 21:05:54,784 [grpc-default-executor-3] DEBUG leader.FollowerInfo (FollowerInfoImpl.java:lambda$new$1(49)) - s0@group-DBBE7E7C6C61->s1: matchIndex: updateToMax old=2, new=-1, updated? false
2022-08-02 21:05:54,785 [grpc-default-executor-2] DEBUG leader.FollowerInfo (FollowerInfoImpl.java:lambda$new$1(49)) - s0@group-DBBE7E7C6C61->s2: commitIndex: updateToMax old=1, new=1, updated? false
2022-08-02 21:05:54,785 [grpc-default-executor-2] DEBUG leader.FollowerInfo (FollowerInfoImpl.java:lambda$new$1(49)) - s0@group-DBBE7E7C6C61->s2: matchIndex: updateToMax old=2, new=-1, updated? false
2022-08-02 21:05:54,786 [grpc-default-executor-3] DEBUG leader.FollowerInfo (FollowerInfoImpl.java:lambda$new$1(49)) - s0@group-DBBE7E7C6C61->s1: commitIndex: updateToMax old=1, new=1, updated? false
2022-08-02 21:05:54,786 [grpc-default-executor-3] DEBUG leader.FollowerInfo (FollowerInfoImpl.java:lambda$new$1(49)) - s0@group-DBBE7E7C6C61->s1: matchIndex: updateToMax old=2, new=-1, updated? false
2022-08-02 21:05:54,787 [grpc-default-executor-2] DEBUG leader.FollowerInfo (FollowerInfoImpl.java:lambda$new$1(49)) - s0@group-DBBE7E7C6C61->s2: commitIndex: updateToMax old=1, new=1, updated? false
2022-08-02 21:05:54,787 [grpc-default-executor-2] DEBUG leader.FollowerInfo (FollowerInfoImpl.java:lambda$new$1(49)) - s0@group-DBBE7E7C6C61->s2: matchIndex: updateToMax old=2, new=-1, updated? false
2022-08-02 21:05:54,787 [grpc-default-executor-3] DEBUG leader.FollowerInfo (FollowerInfoImpl.java:lambda$new$1(49)) - s0@group-DBBE7E7C6C61->s1: commitIndex: updateToMax old=1, new=1, updated? false
2022-08-02 21:05:54,787 [grpc-default-executor-3] DEBUG leader.FollowerInfo (FollowerInfoImpl.java:lambda$new$1(49)) - s0@group-DBBE7E7C6C61->s1: matchIndex: updateToMax old=2, new=-1, updated? false
2022-08-02 21:05:54,788 [grpc-default-executor-2] DEBUG leader.FollowerInfo (FollowerInfoImpl.java:lambda$new$1(49)) - s0@group-DBBE7E7C6C61->s2: commitIndex: updateToMax old=1, new=1, updated? false
2022-08-02 21:05:54,788 [grpc-default-executor-2] DEBUG leader.FollowerInfo (FollowerInfoImpl.java:lambda$new$1(49)) - s0@group-DBBE7E7C6C61->s2: matchIndex: updateToMax old=2, new=-1, updated? false
2022-08-02 21:05:54,789 [grpc-default-executor-3] DEBUG leader.FollowerInfo (FollowerInfoImpl.java:lambda$new$1(49)) - s0@group-DBBE7E7C6C61->s1: commitIndex: updateToMax old=1, new=1, updated? false
2022-08-02 21:05:54,789 [grpc-default-executor-3] DEBUG leader.FollowerInfo (FollowerInfoImpl.java:lambda$new$1(49)) - s0@group-DBBE7E7C6C61->s1: matchIndex: updateToMax old=2, new=-1, updated? false
2022-08-02 21:05:54,790 [grpc-default-executor-2] DEBUG leader.FollowerInfo (FollowerInfoImpl.java:lambda$new$1(49)) - s0@group-DBBE7E7C6C61->s2: commitIndex: updateToMax old=1, new=1, updated? false
2022-08-02 21:05:54,790 [grpc-default-executor-2] DEBUG leader.FollowerInfo (FollowerInfoImpl.java:lambda$new$1(49)) - s0@group-DBBE7E7C6C61->s2: matchIndex: updateToMax old=2, new=-1, updated? false
2022-08-02 21:05:54,790 [grpc-default-executor-3] DEBUG leader.FollowerInfo (FollowerInfoImpl.java:lambda$new$1(49)) - s0@group-DBBE7E7C6C61->s1: commitIndex: updateToMax old=1, new=1, updated? false
2022-08-02 21:05:54,791 [grpc-default-executor-3] DEBUG leader.FollowerInfo (FollowerInfoImpl.java:lambda$new$1(49)) - s0@group-DBBE7E7C6C61->s1: matchIndex: updateToMax old=2, new=-1, updated? false
2022-08-02 21:05:54,791 [grpc-default-executor-2] DEBUG leader.FollowerInfo (FollowerInfoImpl.java:lambda$new$1(49)) - s0@group-DBBE7E7C6C61->s2: commitIndex: updateToMax old=1, new=1, updated? false
2022-08-02 21:05:54,791 [grpc-default-executor-2] DEBUG leader.FollowerInfo (FollowerInfoImpl.java:lambda$new$1(49)) - s0@group-DBBE7E7C6C61->s2: matchIndex: updateToMax old=2, new=-1, updated? false
2022-08-02 21:05:54,792 [grpc-default-executor-3] DEBUG leader.FollowerInfo (FollowerInfoImpl.java:lambda$new$1(49)) - s0@group-DBBE7E7C6C61->s1: commitIndex: updateToMax old=1, new=1, updated? false
2022-08-02 21:05:54,792 [grpc-default-executor-3] DEBUG leader.FollowerInfo (FollowerInfoImpl.java:lambda$new$1(49)) - s0@group-DBBE7E7C6C61->s1: matchIndex: updateToMax old=2, new=-1, updated? false
2022-08-02 21:05:54,793 [grpc-default-executor-2] DEBUG leader.FollowerInfo (FollowerInfoImpl.java:lambda$new$1(49)) - s0@group-DBBE7E7C6C61->s2: commitIndex: updateToMax old=1, new=1, updated? false
2022-08-02 21:05:54,793 [grpc-default-executor-2] DEBUG leader.FollowerInfo (FollowerInfoImpl.java:lambda$new$1(49)) - s0@group-DBBE7E7C6C61->s2: matchIndex: updateToMax old=2, new=-1, updated? false
2022-08-02 21:05:54,794 [grpc-default-executor-3] DEBUG leader.FollowerInfo (FollowerInfoImpl.java:lambda$new$1(49)) - s0@group-DBBE7E7C6C61->s1: commitIndex: updateToMax old=1, new=1, updated? false
2022-08-02 21:05:54,794 [grpc-default-executor-3] DEBUG leader.FollowerInfo (FollowerInfoImpl.java:lambda$new$1(49)) - s0@group-DBBE7E7C6C61->s1: matchIndex: updateToMax old=2, new=-1, updated? false
2022-08-02 21:05:54,794 [grpc-default-executor-2] DEBUG leader.FollowerInfo (FollowerInfoImpl.java:lambda$new$1(49)) - s0@group-DBBE7E7C6C61->s2: commitIndex: updateToMax old=1, new=1, updated? false
2022-08-02 21:05:54,794 [grpc-default-executor-2] DEBUG leader.FollowerInfo (FollowerInfoImpl.java:lambda$new$1(49)) - s0@group-DBBE7E7C6C61->s2: matchIndex: updateToMax old=2, new=-1, updated? false
2022-08-02 21:05:54,795 [grpc-default-executor-3] DEBUG leader.FollowerInfo (FollowerInfoImpl.java:lambda$new$1(49)) - s0@group-DBBE7E7C6C61->s1: commitIndex: updateToMax old=1, new=1, updated? false
2022-08-02 21:05:54,795 [grpc-default-executor-3] DEBUG leader.FollowerInfo (FollowerInfoImpl.java:lambda$new$1(49)) - s0@group-DBBE7E7C6C61->s1: matchIndex: updateToMax old=2, new=-1, updated? false
2022-08-02 21:05:54,796 [grpc-default-executor-2] DEBUG leader.FollowerInfo (FollowerInfoImpl.java:lambda$new$1(49)) - s0@group-DBBE7E7C6C61->s2: commitIndex: updateToMax old=1, new=1, updated? false
2022-08-02 21:05:54,796 [grpc-default-executor-2] DEBUG leader.FollowerInfo (FollowerInfoImpl.java:lambda$new$1(49)) - s0@group-DBBE7E7C6C61->s2: matchIndex: updateToMax old=2, new=-1, updated? false
2022-08-02 21:05:54,797 [grpc-default-executor-3] DEBUG leader.FollowerInfo (FollowerInfoImpl.java:lambda$new$1(49)) - s0@group-DBBE7E7C6C61->s1: commitIndex: updateToMax old=1, new=1, updated? false
2022-08-02 21:05:54,797 [grpc-default-executor-3] DEBUG leader.FollowerInfo (FollowerInfoImpl.java:lambda$new$1(49)) - s0@group-DBBE7E7C6C61->s1: matchIndex: updateToMax old=2, new=-1, updated? false
2022-08-02 21:05:54,797 [grpc-default-executor-2] DEBUG leader.FollowerInfo (FollowerInfoImpl.java:lambda$new$1(49)) - s0@group-DBBE7E7C6C61->s2: commitIndex: updateToMax old=1, new=1, updated? false
2022-08-02 21:05:54,798 [grpc-default-executor-2] DEBUG leader.FollowerInfo (FollowerInfoImpl.java:lambda$new$1(49)) - s0@group-DBBE7E7C6C61->s2: matchIndex: updateToMax old=2, new=-1, updated? false
2022-08-02 21:05:54,798 [grpc-default-executor-3] DEBUG leader.FollowerInfo (FollowerInfoImpl.java:lambda$new$1(49)) - s0@group-DBBE7E7C6C61->s1: commitIndex: updateToMax old=1, new=1, updated? false
2022-08-02 21:05:54,798 [grpc-default-executor-3] DEBUG leader.FollowerInfo (FollowerInfoImpl.java:lambda$new$1(49)) - s0@group-DBBE7E7C6C61->s1: matchIndex: updateToMax old=2, new=-1, updated? false
2022-08-02 21:05:54,799 [grpc-default-executor-2] DEBUG leader.FollowerInfo (FollowerInfoImpl.java:lambda$new$1(49)) - s0@group-DBBE7E7C6C61->s2: commitIndex: updateToMax old=1, new=1, updated? false
2022-08-02 21:05:54,799 [grpc-default-executor-2] DEBUG leader.FollowerInfo (FollowerInfoImpl.java:lambda$new$1(49)) - s0@group-DBBE7E7C6C61->s2: matchIndex: updateToMax old=2, new=-1, updated? false
2022-08-02 21:05:54,800 [grpc-default-executor-3] DEBUG leader.FollowerInfo (FollowerInfoImpl.java:lambda$new$1(49)) - s0@group-DBBE7E7C6C61->s1: commitIndex: updateToMax old=1, new=1, updated? false
2022-08-02 21:05:54,800 [grpc-default-executor-3] DEBUG leader.FollowerInfo (FollowerInfoImpl.java:lambda$new$1(49)) - s0@group-DBBE7E7C6C61->s1: matchIndex: updateToMax old=2, new=-1, updated? false
2022-08-02 21:05:54,801 [grpc-default-executor-2] DEBUG leader.FollowerInfo (FollowerInfoImpl.java:lambda$new$1(49)) - s0@group-DBBE7E7C6C61->s2: commitIndex: updateToMax old=1, new=1, updated? false
2022-08-02 21:05:54,801 [grpc-default-executor-2] DEBUG leader.FollowerInfo (FollowerInfoImpl.java:lambda$new$1(49)) - s0@group-DBBE7E7C6C61->s2: matchIndex: updateToMax old=2, new=-1, updated? false
2022-08-02 21:05:54,801 [grpc-default-executor-3] DEBUG leader.FollowerInfo (FollowerInfoImpl.java:lambda$new$1(49)) - s0@group-DBBE7E7C6C61->s1: commitIndex: updateToMax old=1, new=1, updated? false
2022-08-02 21:05:54,801 [grpc-default-executor-3] DEBUG leader.FollowerInfo (FollowerInfoImpl.java:lambda$new$1(49)) - s0@group-DBBE7E7C6C61->s1: matchIndex: updateToMax old=2, new=-1, updated? false
2022-08-02 21:05:54,802 [grpc-default-executor-2] DEBUG leader.FollowerInfo (FollowerInfoImpl.java:lambda$new$1(49)) - s0@group-DBBE7E7C6C61->s2: commitIndex: updateToMax old=1, new=1, updated? false
2022-08-02 21:05:54,802 [grpc-default-executor-2] DEBUG leader.FollowerInfo (FollowerInfoImpl.java:lambda$new$1(49)) - s0@group-DBBE7E7C6C61->s2: matchIndex: updateToMax old=2, new=-1, updated? false
2022-08-02 21:05:54,803 [grpc-default-executor-3] DEBUG leader.FollowerInfo (FollowerInfoImpl.java:lambda$new$1(49)) - s0@group-DBBE7E7C6C61->s1: commitIndex: updateToMax old=1, new=1, updated? false
2022-08-02 21:05:54,803 [grpc-default-executor-3] DEBUG leader.FollowerInfo (FollowerInfoImpl.java:lambda$new$1(49)) - s0@group-DBBE7E7C6C61->s1: matchIndex: updateToMax old=2, new=-1, updated? false
2022-08-02 21:05:54,804 [grpc-default-executor-2] DEBUG leader.FollowerInfo (FollowerInfoImpl.java:lambda$new$1(49)) - s0@group-DBBE7E7C6C61->s2: commitIndex: updateToMax old=1, new=1, updated? false
2022-08-02 21:05:54,804 [grpc-default-executor-2] DEBUG leader.FollowerInfo (FollowerInfoImpl.java:lambda$new$1(49)) - s0@group-DBBE7E7C6C61->s2: matchIndex: updateToMax old=2, new=-1, updated? false
2022-08-02 21:05:54,805 [grpc-default-executor-3] DEBUG leader.FollowerInfo (FollowerInfoImpl.java:lambda$new$1(49)) - s0@group-DBBE7E7C6C61->s1: commitIndex: updateToMax old=1, new=1, updated? false
2022-08-02 21:05:54,805 [grpc-default-executor-3] DEBUG leader.FollowerInfo (FollowerInfoImpl.java:lambda$new$1(49)) - s0@group-DBBE7E7C6C61->s1: matchIndex: updateToMax old=2, new=-1, updated? false
2022-08-02 21:05:54,805 [grpc-default-executor-2] DEBUG leader.FollowerInfo (FollowerInfoImpl.java:lambda$new$1(49)) - s0@group-DBBE7E7C6C61->s2: commitIndex: updateToMax old=1, new=1, updated? false
2022-08-02 21:05:54,806 [grpc-default-executor-2] DEBUG leader.FollowerInfo (FollowerInfoImpl.java:lambda$new$1(49)) - s0@group-DBBE7E7C6C61->s2: matchIndex: updateToMax old=2, new=-1, updated? false
2022-08-02 21:05:54,806 [grpc-default-executor-3] DEBUG leader.FollowerInfo (FollowerInfoImpl.java:lambda$new$1(49)) - s0@group-DBBE7E7C6C61->s1: commitIndex: updateToMax old=1, new=1, updated? false
2022-08-02 21:05:54,806 [grpc-default-executor-3] DEBUG leader.FollowerInfo (FollowerInfoImpl.java:lambda$new$1(49)) - s0@group-DBBE7E7C6C61->s1: matchIndex: updateToMax old=2, new=-1, updated? false
2022-08-02 21:05:54,807 [grpc-default-executor-2] DEBUG leader.FollowerInfo (FollowerInfoImpl.java:lambda$new$1(49)) - s0@group-DBBE7E7C6C61->s2: commitIndex: updateToMax old=1, new=1, updated? false
2022-08-02 21:05:54,807 [grpc-default-executor-2] DEBUG leader.FollowerInfo (FollowerInfoImpl.java:lambda$new$1(49)) - s0@group-DBBE7E7C6C61->s2: matchIndex: updateToMax old=2, new=-1, updated? false
2022-08-02 21:05:54,808 [grpc-default-executor-3] DEBUG leader.FollowerInfo (FollowerInfoImpl.java:lambda$new$1(49)) - s0@group-DBBE7E7C6C61->s1: commitIndex: updateToMax old=1, new=1, updated? false
2022-08-02 21:05:54,808 [grpc-default-executor-3] DEBUG leader.FollowerInfo (FollowerInfoImpl.java:lambda$new$1(49)) - s0@group-DBBE7E7C6C61->s1: matchIndex: updateToMax old=2, new=-1, updated? false
2022-08-02 21:05:54,809 [grpc-default-executor-2] DEBUG leader.FollowerInfo (FollowerInfoImpl.java:lambda$new$1(49)) - s0@group-DBBE7E7C6C61->s2: commitIndex: updateToMax old=1, new=1, updated? false
2022-08-02 21:05:54,809 [grpc-default-executor-2] DEBUG leader.FollowerInfo (FollowerInfoImpl.java:lambda$new$1(49)) - s0@group-DBBE7E7C6C61->s2: matchIndex: updateToMax old=2, new=-1, updated? false
2022-08-02 21:05:54,809 [grpc-default-executor-3] DEBUG leader.FollowerInfo (FollowerInfoImpl.java:lambda$new$1(49)) - s0@group-DBBE7E7C6C61->s1: commitIndex: updateToMax old=1, new=1, updated? false
2022-08-02 21:05:54,809 [grpc-default-executor-3] DEBUG leader.FollowerInfo (FollowerInfoImpl.java:lambda$new$1(49)) - s0@group-DBBE7E7C6C61->s1: matchIndex: updateToMax old=2, new=-1, updated? false
2022-08-02 21:05:54,810 [grpc-default-executor-2] DEBUG leader.FollowerInfo (FollowerInfoImpl.java:lambda$new$1(49)) - s0@group-DBBE7E7C6C61->s2: commitIndex: updateToMax old=1, new=1, updated? false
2022-08-02 21:05:54,810 [grpc-default-executor-2] DEBUG leader.FollowerInfo (FollowerInfoImpl.java:lambda$new$1(49)) - s0@group-DBBE7E7C6C61->s2: matchIndex: updateToMax old=2, new=-1, updated? false
2022-08-02 21:05:54,811 [grpc-default-executor-3] DEBUG leader.FollowerInfo (FollowerInfoImpl.java:lambda$new$1(49)) - s0@group-DBBE7E7C6C61->s1: commitIndex: updateToMax old=1, new=1, updated? false
2022-08-02 21:05:54,811 [grpc-default-executor-3] DEBUG leader.FollowerInfo (FollowerInfoImpl.java:lambda$new$1(49)) - s0@group-DBBE7E7C6C61->s1: matchIndex: updateToMax old=2, new=-1, updated? false
2022-08-02 21:05:54,812 [grpc-default-executor-2] DEBUG leader.FollowerInfo (FollowerInfoImpl.java:lambda$new$1(49)) - s0@group-DBBE7E7C6C61->s2: commitIndex: updateToMax old=1, new=1, updated? false
2022-08-02 21:05:54,812 [grpc-default-executor-2] DEBUG leader.FollowerInfo (FollowerInfoImpl.java:lambda$new$1(49)) - s0@group-DBBE7E7C6C61->s2: matchIndex: updateToMax old=2, new=-1, updated? false
2022-08-02 21:05:54,812 [grpc-default-executor-3] DEBUG leader.FollowerInfo (FollowerInfoImpl.java:lambda$new$1(49)) - s0@group-DBBE7E7C6C61->s1: commitIndex: updateToMax old=1, new=1, updated? false
2022-08-02 21:05:54,812 [grpc-default-executor-3] DEBUG leader.FollowerInfo (FollowerInfoImpl.java:lambda$new$1(49)) - s0@group-DBBE7E7C6C61->s1: matchIndex: updateToMax old=2, new=-1, updated? false
2022-08-02 21:05:54,813 [grpc-default-executor-2] DEBUG leader.FollowerInfo (FollowerInfoImpl.java:lambda$new$1(49)) - s0@group-DBBE7E7C6C61->s2: commitIndex: updateToMax old=1, new=1, updated? false
2022-08-02 21:05:54,813 [grpc-default-executor-2] DEBUG leader.FollowerInfo (FollowerInfoImpl.java:lambda$new$1(49)) - s0@group-DBBE7E7C6C61->s2: matchIndex: updateToMax old=2, new=-1, updated? false
2022-08-02 21:05:54,814 [grpc-default-executor-3] DEBUG leader.FollowerInfo (FollowerInfoImpl.java:lambda$new$1(49)) - s0@group-DBBE7E7C6C61->s1: commitIndex: updateToMax old=1, new=1, updated? false
2022-08-02 21:05:54,814 [grpc-default-executor-3] DEBUG leader.FollowerInfo (FollowerInfoImpl.java:lambda$new$1(49)) - s0@group-DBBE7E7C6C61->s1: matchIndex: updateToMax old=2, new=-1, updated? false
2022-08-02 21:05:54,815 [grpc-default-executor-2] DEBUG leader.FollowerInfo (FollowerInfoImpl.java:lambda$new$1(49)) - s0@group-DBBE7E7C6C61->s2: commitIndex: updateToMax old=1, new=1, updated? false
2022-08-02 21:05:54,815 [grpc-default-executor-2] DEBUG leader.FollowerInfo (FollowerInfoImpl.java:lambda$new$1(49)) - s0@group-DBBE7E7C6C61->s2: matchIndex: updateToMax old=2, new=-1, updated? false
2022-08-02 21:05:54,815 [grpc-default-executor-3] DEBUG leader.FollowerInfo (FollowerInfoImpl.java:lambda$new$1(49)) - s0@group-DBBE7E7C6C61->s1: commitIndex: updateToMax old=1, new=1, updated? false
2022-08-02 21:05:54,816 [grpc-default-executor-3] DEBUG leader.FollowerInfo (FollowerInfoImpl.java:lambda$new$1(49)) - s0@group-DBBE7E7C6C61->s1: matchIndex: updateToMax old=2, new=-1, updated? false
2022-08-02 21:05:54,816 [grpc-default-executor-2] DEBUG leader.FollowerInfo (FollowerInfoImpl.java:lambda$new$1(49)) - s0@group-DBBE7E7C6C61->s2: commitIndex: updateToMax old=1, new=1, updated? false
2022-08-02 21:05:54,816 [grpc-default-executor-2] DEBUG leader.FollowerInfo (FollowerInfoImpl.java:lambda$new$1(49)) - s0@group-DBBE7E7C6C61->s2: matchIndex: updateToMax old=2, new=-1, updated? false
2022-08-02 21:05:54,817 [grpc-default-executor-3] DEBUG leader.FollowerInfo (FollowerInfoImpl.java:lambda$new$1(49)) - s0@group-DBBE7E7C6C61->s1: commitIndex: updateToMax old=1, new=1, updated? false
2022-08-02 21:05:54,817 [grpc-default-executor-3] DEBUG leader.FollowerInfo (FollowerInfoImpl.java:lambda$new$1(49)) - s0@group-DBBE7E7C6C61->s1: matchIndex: updateToMax old=2, new=-1, updated? false
2022-08-02 21:05:54,818 [grpc-default-executor-2] DEBUG leader.FollowerInfo (FollowerInfoImpl.java:lambda$new$1(49)) - s0@group-DBBE7E7C6C61->s2: commitIndex: updateToMax old=1, new=1, updated? false
2022-08-02 21:05:54,818 [grpc-default-executor-2] DEBUG leader.FollowerInfo (FollowerInfoImpl.java:lambda$new$1(49)) - s0@group-DBBE7E7C6C61->s2: matchIndex: updateToMax old=2, new=-1, updated? false
2022-08-02 21:05:54,818 [grpc-default-executor-3] DEBUG leader.FollowerInfo (FollowerInfoImpl.java:lambda$new$1(49)) - s0@group-DBBE7E7C6C61->s1: commitIndex: updateToMax old=1, new=1, updated? false
2022-08-02 21:05:54,819 [grpc-default-executor-3] DEBUG leader.FollowerInfo (FollowerInfoImpl.java:lambda$new$1(49)) - s0@group-DBBE7E7C6C61->s1: matchIndex: updateToMax old=2, new=-1, updated? false
2022-08-02 21:05:54,819 [grpc-default-executor-2] DEBUG leader.FollowerInfo (FollowerInfoImpl.java:lambda$new$1(49)) - s0@group-DBBE7E7C6C61->s2: commitIndex: updateToMax old=1, new=1, updated? false
2022-08-02 21:05:54,819 [grpc-default-executor-2] DEBUG leader.FollowerInfo (FollowerInfoImpl.java:lambda$new$1(49)) - s0@group-DBBE7E7C6C61->s2: matchIndex: updateToMax old=2, new=-1, updated? false
2022-08-02 21:05:54,820 [grpc-default-executor-3] DEBUG leader.FollowerInfo (FollowerInfoImpl.java:lambda$new$1(49)) - s0@group-DBBE7E7C6C61->s1: commitIndex: updateToMax old=1, new=1, updated? false
2022-08-02 21:05:54,820 [grpc-default-executor-3] DEBUG leader.FollowerInfo (FollowerInfoImpl.java:lambda$new$1(49)) - s0@group-DBBE7E7C6C61->s1: matchIndex: updateToMax old=2, new=-1, updated? false
2022-08-02 21:05:54,821 [grpc-default-executor-2] DEBUG leader.FollowerInfo (FollowerInfoImpl.java:lambda$new$1(49)) - s0@group-DBBE7E7C6C61->s2: commitIndex: updateToMax old=1, new=1, updated? false
2022-08-02 21:05:54,821 [grpc-default-executor-2] DEBUG leader.FollowerInfo (FollowerInfoImpl.java:lambda$new$1(49)) - s0@group-DBBE7E7C6C61->s2: matchIndex: updateToMax old=2, new=-1, updated? false
2022-08-02 21:05:54,822 [grpc-default-executor-3] DEBUG leader.FollowerInfo (FollowerInfoImpl.java:lambda$new$1(49)) - s0@group-DBBE7E7C6C61->s1: commitIndex: updateToMax old=1, new=1, updated? false
2022-08-02 21:05:54,822 [grpc-default-executor-3] DEBUG leader.FollowerInfo (FollowerInfoImpl.java:lambda$new$1(49)) - s0@group-DBBE7E7C6C61->s1: matchIndex: updateToMax old=2, new=-1, updated? false
2022-08-02 21:05:54,822 [grpc-default-executor-2] DEBUG leader.FollowerInfo (FollowerInfoImpl.java:lambda$new$1(49)) - s0@group-DBBE7E7C6C61->s2: commitIndex: updateToMax old=1, new=1, updated? false
2022-08-02 21:05:54,822 [grpc-default-executor-2] DEBUG leader.FollowerInfo (FollowerInfoImpl.java:lambda$new$1(49)) - s0@group-DBBE7E7C6C61->s2: matchIndex: updateToMax old=2, new=-1, updated? false
2022-08-02 21:05:54,823 [grpc-default-executor-3] DEBUG leader.FollowerInfo (FollowerInfoImpl.java:lambda$new$1(49)) - s0@group-DBBE7E7C6C61->s1: commitIndex: updateToMax old=1, new=1, updated? false
2022-08-02 21:05:54,823 [grpc-default-executor-3] DEBUG leader.FollowerInfo (FollowerInfoImpl.java:lambda$new$1(49)) - s0@group-DBBE7E7C6C61->s1: matchIndex: updateToMax old=2, new=-1, updated? false
2022-08-02 21:05:54,824 [grpc-default-executor-2] DEBUG leader.FollowerInfo (FollowerInfoImpl.java:lambda$new$1(49)) - s0@group-DBBE7E7C6C61->s2: commitIndex: updateToMax old=1, new=1, updated? false
2022-08-02 21:05:54,824 [grpc-default-executor-2] DEBUG leader.FollowerInfo (FollowerInfoImpl.java:lambda$new$1(49)) - s0@group-DBBE7E7C6C61->s2: matchIndex: updateToMax old=2, new=-1, updated? false
2022-08-02 21:05:54,825 [grpc-default-executor-3] DEBUG leader.FollowerInfo (FollowerInfoImpl.java:lambda$new$1(49)) - s0@group-DBBE7E7C6C61->s1: commitIndex: updateToMax old=1, new=1, updated? false
2022-08-02 21:05:54,825 [grpc-default-executor-3] DEBUG leader.FollowerInfo (FollowerInfoImpl.java:lambda$new$1(49)) - s0@group-DBBE7E7C6C61->s1: matchIndex: updateToMax old=2, new=-1, updated? false
2022-08-02 21:05:54,825 [grpc-default-executor-2] DEBUG leader.FollowerInfo (FollowerInfoImpl.java:lambda$new$1(49)) - s0@group-DBBE7E7C6C61->s2: commitIndex: updateToMax old=1, new=1, updated? false
2022-08-02 21:05:54,825 [grpc-default-executor-2] DEBUG leader.FollowerInfo (FollowerInfoImpl.java:lambda$new$1(49)) - s0@group-DBBE7E7C6C61->s2: matchIndex: updateToMax old=2, new=-1, updated? false
2022-08-02 21:05:54,826 [grpc-default-executor-3] DEBUG leader.FollowerInfo (FollowerInfoImpl.java:lambda$new$1(49)) - s0@group-DBBE7E7C6C61->s1: commitIndex: updateToMax old=1, new=1, updated? false
2022-08-02 21:05:54,826 [grpc-default-executor-3] DEBUG leader.FollowerInfo (FollowerInfoImpl.java:lambda$new$1(49)) - s0@group-DBBE7E7C6C61->s1: matchIndex: updateToMax old=2, new=-1, updated? false
2022-08-02 21:05:54,827 [grpc-default-executor-2] DEBUG leader.FollowerInfo (FollowerInfoImpl.java:lambda$new$1(49)) - s0@group-DBBE7E7C6C61->s2: commitIndex: updateToMax old=1, new=1, updated? false
2022-08-02 21:05:54,827 [grpc-default-executor-2] DEBUG leader.FollowerInfo (FollowerInfoImpl.java:lambda$new$1(49)) - s0@group-DBBE7E7C6C61->s2: matchIndex: updateToMax old=2, new=-1, updated? false
2022-08-02 21:05:54,828 [grpc-default-executor-3] DEBUG leader.FollowerInfo (FollowerInfoImpl.java:lambda$new$1(49)) - s0@group-DBBE7E7C6C61->s1: commitIndex: updateToMax old=1, new=1, updated? false
2022-08-02 21:05:54,828 [grpc-default-executor-3] DEBUG leader.FollowerInfo (FollowerInfoImpl.java:lambda$new$1(49)) - s0@group-DBBE7E7C6C61->s1: matchIndex: updateToMax old=2, new=-1, updated? false
2022-08-02 21:05:54,829 [grpc-default-executor-2] DEBUG leader.FollowerInfo (FollowerInfoImpl.java:lambda$new$1(49)) - s0@group-DBBE7E7C6C61->s2: commitIndex: updateToMax old=1, new=1, updated? false
2022-08-02 21:05:54,829 [grpc-default-executor-2] DEBUG leader.FollowerInfo (FollowerInfoImpl.java:lambda$new$1(49)) - s0@group-DBBE7E7C6C61->s2: matchIndex: updateToMax old=2, new=-1, updated? false
2022-08-02 21:05:54,830 [grpc-default-executor-3] DEBUG leader.FollowerInfo (FollowerInfoImpl.java:lambda$new$1(49)) - s0@group-DBBE7E7C6C61->s1: commitIndex: updateToMax old=1, new=1, updated? false
2022-08-02 21:05:54,830 [grpc-default-executor-3] DEBUG leader.FollowerInfo (FollowerInfoImpl.java:lambda$new$1(49)) - s0@group-DBBE7E7C6C61->s1: matchIndex: updateToMax old=2, new=-1, updated? false
2022-08-02 21:05:54,830 [grpc-default-executor-2] DEBUG leader.FollowerInfo (FollowerInfoImpl.java:lambda$new$1(49)) - s0@group-DBBE7E7C6C61->s2: commitIndex: updateToMax old=1, new=1, updated? false
2022-08-02 21:05:54,830 [grpc-default-executor-2] DEBUG leader.FollowerInfo (FollowerInfoImpl.java:lambda$new$1(49)) - s0@group-DBBE7E7C6C61->s2: matchIndex: updateToMax old=2, new=-1, updated? false
2022-08-02 21:05:54,831 [grpc-default-executor-3] DEBUG leader.FollowerInfo (FollowerInfoImpl.java:lambda$new$1(49)) - s0@group-DBBE7E7C6C61->s1: commitIndex: updateToMax old=1, new=1, updated? false
2022-08-02 21:05:54,831 [grpc-default-executor-3] DEBUG leader.FollowerInfo (FollowerInfoImpl.java:lambda$new$1(49)) - s0@group-DBBE7E7C6C61->s1: matchIndex: updateToMax old=2, new=-1, updated? false
2022-08-02 21:05:54,832 [grpc-default-executor-2] DEBUG leader.FollowerInfo (FollowerInfoImpl.java:lambda$new$1(49)) - s0@group-DBBE7E7C6C61->s2: commitIndex: updateToMax old=1, new=1, updated? false
2022-08-02 21:05:54,832 [grpc-default-executor-2] DEBUG leader.FollowerInfo (FollowerInfoImpl.java:lambda$new$1(49)) - s0@group-DBBE7E7C6C61->s2: matchIndex: updateToMax old=2, new=-1, updated? false
2022-08-02 21:05:54,833 [grpc-default-executor-3] DEBUG leader.FollowerInfo (FollowerInfoImpl.java:lambda$new$1(49)) - s0@group-DBBE7E7C6C61->s1: commitIndex: updateToMax old=1, new=1, updated? false
2022-08-02 21:05:54,833 [grpc-default-executor-3] DEBUG leader.FollowerInfo (FollowerInfoImpl.java:lambda$new$1(49)) - s0@group-DBBE7E7C6C61->s1: matchIndex: updateToMax old=2, new=-1, updated? false
2022-08-02 21:05:54,834 [grpc-default-executor-2] DEBUG leader.FollowerInfo (FollowerInfoImpl.java:lambda$new$1(49)) - s0@group-DBBE7E7C6C61->s2: commitIndex: updateToMax old=1, new=1, updated? false
2022-08-02 21:05:54,834 [grpc-default-executor-2] DEBUG leader.FollowerInfo (FollowerInfoImpl.java:lambda$new$1(49)) - s0@group-DBBE7E7C6C61->s2: matchIndex: updateToMax old=2, new=-1, updated? false
2022-08-02 21:05:54,834 [grpc-default-executor-3] DEBUG leader.FollowerInfo (FollowerInfoImpl.java:lambda$new$1(49)) - s0@group-DBBE7E7C6C61->s1: commitIndex: updateToMax old=1, new=1, updated? false
2022-08-02 21:05:54,835 [grpc-default-executor-3] DEBUG leader.FollowerInfo (FollowerInfoImpl.java:lambda$new$1(49)) - s0@group-DBBE7E7C6C61->s1: matchIndex: updateToMax old=2, new=-1, updated? false
2022-08-02 21:05:54,835 [grpc-default-executor-2] DEBUG leader.FollowerInfo (FollowerInfoImpl.java:lambda$new$1(49)) - s0@group-DBBE7E7C6C61->s2: commitIndex: updateToMax old=1, new=1, updated? false
2022-08-02 21:05:54,835 [grpc-default-executor-2] DEBUG leader.FollowerInfo (FollowerInfoImpl.java:lambda$new$1(49)) - s0@group-DBBE7E7C6C61->s2: matchIndex: updateToMax old=2, new=-1, updated? false
2022-08-02 21:05:54,836 [grpc-default-executor-3] DEBUG leader.FollowerInfo (FollowerInfoImpl.java:lambda$new$1(49)) - s0@group-DBBE7E7C6C61->s1: commitIndex: updateToMax old=1, new=1, updated? false
2022-08-02 21:05:54,836 [grpc-default-executor-3] DEBUG leader.FollowerInfo (FollowerInfoImpl.java:lambda$new$1(49)) - s0@group-DBBE7E7C6C61->s1: matchIndex: updateToMax old=2, new=-1, updated? false
2022-08-02 21:05:54,837 [grpc-default-executor-2] DEBUG leader.FollowerInfo (FollowerInfoImpl.java:lambda$new$1(49)) - s0@group-DBBE7E7C6C61->s2: commitIndex: updateToMax old=1, new=1, updated? false
2022-08-02 21:05:54,837 [grpc-default-executor-2] DEBUG leader.FollowerInfo (FollowerInfoImpl.java:lambda$new$1(49)) - s0@group-DBBE7E7C6C61->s2: matchIndex: updateToMax old=2, new=-1, updated? false
2022-08-02 21:05:54,838 [grpc-default-executor-3] DEBUG leader.FollowerInfo (FollowerInfoImpl.java:lambda$new$1(49)) - s0@group-DBBE7E7C6C61->s1: commitIndex: updateToMax old=1, new=1, updated? false
2022-08-02 21:05:54,838 [grpc-default-executor-3] DEBUG leader.FollowerInfo (FollowerInfoImpl.java:lambda$new$1(49)) - s0@group-DBBE7E7C6C61->s1: matchIndex: updateToMax old=2, new=-1, updated? false
2022-08-02 21:05:54,838 [grpc-default-executor-2] DEBUG leader.FollowerInfo (FollowerInfoImpl.java:lambda$new$1(49)) - s0@group-DBBE7E7C6C61->s2: commitIndex: updateToMax old=1, new=1, updated? false
2022-08-02 21:05:54,839 [grpc-default-executor-2] DEBUG leader.FollowerInfo (FollowerInfoImpl.java:lambda$new$1(49)) - s0@group-DBBE7E7C6C61->s2: matchIndex: updateToMax old=2, new=-1, updated? false
2022-08-02 21:05:54,839 [grpc-default-executor-3] DEBUG leader.FollowerInfo (FollowerInfoImpl.java:lambda$new$1(49)) - s0@group-DBBE7E7C6C61->s1: commitIndex: updateToMax old=1, new=1, updated? false
2022-08-02 21:05:54,839 [grpc-default-executor-3] DEBUG leader.FollowerInfo (FollowerInfoImpl.java:lambda$new$1(49)) - s0@group-DBBE7E7C6C61->s1: matchIndex: updateToMax old=2, new=-1, updated? false
2022-08-02 21:05:54,840 [grpc-default-executor-2] DEBUG leader.FollowerInfo (FollowerInfoImpl.java:lambda$new$1(49)) - s0@group-DBBE7E7C6C61->s2: commitIndex: updateToMax old=1, new=1, updated? false
2022-08-02 21:05:54,840 [grpc-default-executor-2] DEBUG leader.FollowerInfo (FollowerInfoImpl.java:lambda$new$1(49)) - s0@group-DBBE7E7C6C61->s2: matchIndex: updateToMax old=2, new=-1, updated? false
2022-08-02 21:05:54,841 [grpc-default-executor-3] DEBUG leader.FollowerInfo (FollowerInfoImpl.java:lambda$new$1(49)) - s0@group-DBBE7E7C6C61->s1: commitIndex: updateToMax old=1, new=1, updated? false
2022-08-02 21:05:54,841 [grpc-default-executor-3] DEBUG leader.FollowerInfo (FollowerInfoImpl.java:lambda$new$1(49)) - s0@group-DBBE7E7C6C61->s1: matchIndex: updateToMax old=2, new=-1, updated? false
2022-08-02 21:05:54,842 [grpc-default-executor-2] DEBUG leader.FollowerInfo (FollowerInfoImpl.java:lambda$new$1(49)) - s0@group-DBBE7E7C6C61->s2: commitIndex: updateToMax old=1, new=1, updated? false
2022-08-02 21:05:54,842 [grpc-default-executor-2] DEBUG leader.FollowerInfo (FollowerInfoImpl.java:lambda$new$1(49)) - s0@group-DBBE7E7C6C61->s2: matchIndex: updateToMax old=2, new=-1, updated? false
2022-08-02 21:05:54,842 [grpc-default-executor-3] DEBUG leader.FollowerInfo (FollowerInfoImpl.java:lambda$new$1(49)) - s0@group-DBBE7E7C6C61->s1: commitIndex: updateToMax old=1, new=1, updated? false
2022-08-02 21:05:54,842 [grpc-default-executor-3] DEBUG leader.FollowerInfo (FollowerInfoImpl.java:lambda$new$1(49)) - s0@group-DBBE7E7C6C61->s1: matchIndex: updateToMax old=2, new=-1, updated? false
2022-08-02 21:05:54,843 [grpc-default-executor-2] DEBUG leader.FollowerInfo (FollowerInfoImpl.java:lambda$new$1(49)) - s0@group-DBBE7E7C6C61->s2: commitIndex: updateToMax old=1, new=1, updated? false
2022-08-02 21:05:54,843 [grpc-default-executor-2] DEBUG leader.FollowerInfo (FollowerInfoImpl.java:lambda$new$1(49)) - s0@group-DBBE7E7C6C61->s2: matchIndex: updateToMax old=2, new=-1, updated? false
2022-08-02 21:05:54,844 [grpc-default-executor-3] DEBUG leader.FollowerInfo (FollowerInfoImpl.java:lambda$new$1(49)) - s0@group-DBBE7E7C6C61->s1: commitIndex: updateToMax old=1, new=1, updated? false
2022-08-02 21:05:54,844 [grpc-default-executor-3] DEBUG leader.FollowerInfo (FollowerInfoImpl.java:lambda$new$1(49)) - s0@group-DBBE7E7C6C61->s1: matchIndex: updateToMax old=2, new=-1, updated? false
2022-08-02 21:05:54,845 [grpc-default-executor-2] DEBUG leader.FollowerInfo (FollowerInfoImpl.java:lambda$new$1(49)) - s0@group-DBBE7E7C6C61->s2: commitIndex: updateToMax old=1, new=1, updated? false
2022-08-02 21:05:54,845 [grpc-default-executor-2] DEBUG leader.FollowerInfo (FollowerInfoImpl.java:lambda$new$1(49)) - s0@group-DBBE7E7C6C61->s2: matchIndex: updateToMax old=2, new=-1, updated? false
2022-08-02 21:05:54,845 [grpc-default-executor-3] DEBUG leader.FollowerInfo (FollowerInfoImpl.java:lambda$new$1(49)) - s0@group-DBBE7E7C6C61->s1: commitIndex: updateToMax old=1, new=1, updated? false
2022-08-02 21:05:54,846 [grpc-default-executor-3] DEBUG leader.FollowerInfo (FollowerInfoImpl.java:lambda$new$1(49)) - s0@group-DBBE7E7C6C61->s1: matchIndex: updateToMax old=2, new=-1, updated? false
2022-08-02 21:05:54,846 [grpc-default-executor-2] DEBUG leader.FollowerInfo (FollowerInfoImpl.java:lambda$new$1(49)) - s0@group-DBBE7E7C6C61->s2: commitIndex: updateToMax old=1, new=1, updated? false
2022-08-02 21:05:54,846 [grpc-default-executor-2] DEBUG leader.FollowerInfo (FollowerInfoImpl.java:lambda$new$1(49)) - s0@group-DBBE7E7C6C61->s2: matchIndex: updateToMax old=2, new=-1, updated? false
2022-08-02 21:05:54,847 [grpc-default-executor-3] DEBUG leader.FollowerInfo (FollowerInfoImpl.java:lambda$new$1(49)) - s0@group-DBBE7E7C6C61->s1: commitIndex: updateToMax old=1, new=1, updated? false
2022-08-02 21:05:54,847 [grpc-default-executor-3] DEBUG leader.FollowerInfo (FollowerInfoImpl.java:lambda$new$1(49)) - s0@group-DBBE7E7C6C61->s1: matchIndex: updateToMax old=2, new=-1, updated? false
2022-08-02 21:05:54,848 [grpc-default-executor-2] DEBUG leader.FollowerInfo (FollowerInfoImpl.java:lambda$new$1(49)) - s0@group-DBBE7E7C6C61->s2: commitIndex: updateToMax old=1, new=1, updated? false
2022-08-02 21:05:54,848 [grpc-default-executor-2] DEBUG leader.FollowerInfo (FollowerInfoImpl.java:lambda$new$1(49)) - s0@group-DBBE7E7C6C61->s2: matchIndex: updateToMax old=2, new=-1, updated? false
2022-08-02 21:05:54,849 [grpc-default-executor-3] DEBUG leader.FollowerInfo (FollowerInfoImpl.java:lambda$new$1(49)) - s0@group-DBBE7E7C6C61->s1: commitIndex: updateToMax old=1, new=1, updated? false
2022-08-02 21:05:54,849 [grpc-default-executor-3] DEBUG leader.FollowerInfo (FollowerInfoImpl.java:lambda$new$1(49)) - s0@group-DBBE7E7C6C61->s1: matchIndex: updateToMax old=2, new=-1, updated? false
2022-08-02 21:05:54,850 [grpc-default-executor-2] DEBUG leader.FollowerInfo (FollowerInfoImpl.java:lambda$new$1(49)) - s0@group-DBBE7E7C6C61->s2: commitIndex: updateToMax old=1, new=1, updated? false
2022-08-02 21:05:54,850 [grpc-default-executor-2] DEBUG leader.FollowerInfo (FollowerInfoImpl.java:lambda$new$1(49)) - s0@group-DBBE7E7C6C61->s2: matchIndex: updateToMax old=2, new=-1, updated? false
2022-08-02 21:05:54,850 [grpc-default-executor-3] DEBUG leader.FollowerInfo (FollowerInfoImpl.java:lambda$new$1(49)) - s0@group-DBBE7E7C6C61->s1: commitIndex: updateToMax old=1, new=1, updated? false
2022-08-02 21:05:54,850 [grpc-default-executor-3] DEBUG leader.FollowerInfo (FollowerInfoImpl.java:lambda$new$1(49)) - s0@group-DBBE7E7C6C61->s1: matchIndex: updateToMax old=2, new=-1, updated? false
2022-08-02 21:05:54,851 [grpc-default-executor-2] DEBUG leader.FollowerInfo (FollowerInfoImpl.java:lambda$new$1(49)) - s0@group-DBBE7E7C6C61->s2: commitIndex: updateToMax old=1, new=1, updated? false
2022-08-02 21:05:54,851 [grpc-default-executor-2] DEBUG leader.FollowerInfo (FollowerInfoImpl.java:lambda$new$1(49)) - s0@group-DBBE7E7C6C61->s2: matchIndex: updateToMax old=2, new=-1, updated? false
2022-08-02 21:05:54,852 [grpc-default-executor-3] DEBUG leader.FollowerInfo (FollowerInfoImpl.java:lambda$new$1(49)) - s0@group-DBBE7E7C6C61->s1: commitIndex: updateToMax old=1, new=1, updated? false
2022-08-02 21:05:54,852 [grpc-default-executor-3] DEBUG leader.FollowerInfo (FollowerInfoImpl.java:lambda$new$1(49)) - s0@group-DBBE7E7C6C61->s1: matchIndex: updateToMax old=2, new=-1, updated? false
2022-08-02 21:05:54,853 [grpc-default-executor-2] DEBUG leader.FollowerInfo (FollowerInfoImpl.java:lambda$new$1(49)) - s0@group-DBBE7E7C6C61->s2: commitIndex: updateToMax old=1, new=1, updated? false
2022-08-02 21:05:54,853 [grpc-default-executor-2] DEBUG leader.FollowerInfo (FollowerInfoImpl.java:lambda$new$1(49)) - s0@group-DBBE7E7C6C61->s2: matchIndex: updateToMax old=2, new=-1, updated? false
2022-08-02 21:05:54,853 [grpc-default-executor-3] DEBUG leader.FollowerInfo (FollowerInfoImpl.java:lambda$new$1(49)) - s0@group-DBBE7E7C6C61->s1: commitIndex: updateToMax old=1, new=1, updated? false
2022-08-02 21:05:54,854 [grpc-default-executor-3] DEBUG leader.FollowerInfo (FollowerInfoImpl.java:lambda$new$1(49)) - s0@group-DBBE7E7C6C61->s1: matchIndex: updateToMax old=2, new=-1, updated? false
2022-08-02 21:05:54,854 [grpc-default-executor-2] DEBUG leader.FollowerInfo (FollowerInfoImpl.java:lambda$new$1(49)) - s0@group-DBBE7E7C6C61->s2: commitIndex: updateToMax old=1, new=1, updated? false
2022-08-02 21:05:54,854 [grpc-default-executor-2] DEBUG leader.FollowerInfo (FollowerInfoImpl.java:lambda$new$1(49)) - s0@group-DBBE7E7C6C61->s2: matchIndex: updateToMax old=2, new=-1, updated? false
2022-08-02 21:05:54,855 [grpc-default-executor-3] DEBUG leader.FollowerInfo (FollowerInfoImpl.java:lambda$new$1(49)) - s0@group-DBBE7E7C6C61->s1: commitIndex: updateToMax old=1, new=1, updated? false
2022-08-02 21:05:54,855 [grpc-default-executor-3] DEBUG leader.FollowerInfo (FollowerInfoImpl.java:lambda$new$1(49)) - s0@group-DBBE7E7C6C61->s1: matchIndex: updateToMax old=2, new=-1, updated? false
2022-08-02 21:05:54,856 [grpc-default-executor-2] DEBUG leader.FollowerInfo (FollowerInfoImpl.java:lambda$new$1(49)) - s0@group-DBBE7E7C6C61->s2: commitIndex: updateToMax old=1, new=1, updated? false
2022-08-02 21:05:54,856 [grpc-default-executor-2] DEBUG leader.FollowerInfo (FollowerInfoImpl.java:lambda$new$1(49)) - s0@group-DBBE7E7C6C61->s2: matchIndex: updateToMax old=2, new=-1, updated? false
2022-08-02 21:05:54,857 [grpc-default-executor-3] DEBUG leader.FollowerInfo (FollowerInfoImpl.java:lambda$new$1(49)) - s0@group-DBBE7E7C6C61->s1: commitIndex: updateToMax old=1, new=1, updated? false
2022-08-02 21:05:54,857 [grpc-default-executor-3] DEBUG leader.FollowerInfo (FollowerInfoImpl.java:lambda$new$1(49)) - s0@group-DBBE7E7C6C61->s1: matchIndex: updateToMax old=2, new=-1, updated? false
2022-08-02 21:05:54,857 [grpc-default-executor-2] DEBUG leader.FollowerInfo (FollowerInfoImpl.java:lambda$new$1(49)) - s0@group-DBBE7E7C6C61->s2: commitIndex: updateToMax old=1, new=1, updated? false
2022-08-02 21:05:54,858 [grpc-default-executor-2] DEBUG leader.FollowerInfo (FollowerInfoImpl.java:lambda$new$1(49)) - s0@group-DBBE7E7C6C61->s2: matchIndex: updateToMax old=2, new=-1, updated? false
2022-08-02 21:05:54,858 [grpc-default-executor-3] DEBUG leader.FollowerInfo (FollowerInfoImpl.java:lambda$new$1(49)) - s0@group-DBBE7E7C6C61->s1: commitIndex: updateToMax old=1, new=1, updated? false
2022-08-02 21:05:54,858 [grpc-default-executor-3] DEBUG leader.FollowerInfo (FollowerInfoImpl.java:lambda$new$1(49)) - s0@group-DBBE7E7C6C61->s1: matchIndex: updateToMax old=2, new=-1, updated? false
2022-08-02 21:05:54,859 [grpc-default-executor-2] DEBUG leader.FollowerInfo (FollowerInfoImpl.java:lambda$new$1(49)) - s0@group-DBBE7E7C6C61->s2: commitIndex: updateToMax old=1, new=1, updated? false
2022-08-02 21:05:54,859 [grpc-default-executor-2] DEBUG leader.FollowerInfo (FollowerInfoImpl.java:lambda$new$1(49)) - s0@group-DBBE7E7C6C61->s2: matchIndex: updateToMax old=2, new=-1, updated? false
2022-08-02 21:05:54,860 [grpc-default-executor-3] DEBUG leader.FollowerInfo (FollowerInfoImpl.java:lambda$new$1(49)) - s0@group-DBBE7E7C6C61->s1: commitIndex: updateToMax old=1, new=1, updated? false
2022-08-02 21:05:54,860 [grpc-default-executor-3] DEBUG leader.FollowerInfo (FollowerInfoImpl.java:lambda$new$1(49)) - s0@group-DBBE7E7C6C61->s1: matchIndex: updateToMax old=2, new=-1, updated? false
2022-08-02 21:05:54,861 [grpc-default-executor-2] DEBUG leader.FollowerInfo (FollowerInfoImpl.java:lambda$new$1(49)) - s0@group-DBBE7E7C6C61->s2: commitIndex: updateToMax old=1, new=1, updated? false
2022-08-02 21:05:54,861 [grpc-default-executor-2] DEBUG leader.FollowerInfo (FollowerInfoImpl.java:lambda$new$1(49)) - s0@group-DBBE7E7C6C61->s2: matchIndex: updateToMax old=2, new=-1, updated? false
2022-08-02 21:05:54,862 [grpc-default-executor-3] DEBUG leader.FollowerInfo (FollowerInfoImpl.java:lambda$new$1(49)) - s0@group-DBBE7E7C6C61->s1: commitIndex: updateToMax old=1, new=1, updated? false
2022-08-02 21:05:54,862 [grpc-default-executor-3] DEBUG leader.FollowerInfo (FollowerInfoImpl.java:lambda$new$1(49)) - s0@group-DBBE7E7C6C61->s1: matchIndex: updateToMax old=2, new=-1, updated? false
2022-08-02 21:05:54,862 [grpc-default-executor-2] DEBUG leader.FollowerInfo (FollowerInfoImpl.java:lambda$new$1(49)) - s0@group-DBBE7E7C6C61->s2: commitIndex: updateToMax old=1, new=1, updated? false
2022-08-02 21:05:54,862 [grpc-default-executor-2] DEBUG leader.FollowerInfo (FollowerInfoImpl.java:lambda$new$1(49)) - s0@group-DBBE7E7C6C61->s2: matchIndex: updateToMax old=2, new=-1, updated? false
2022-08-02 21:05:54,863 [grpc-default-executor-3] DEBUG leader.FollowerInfo (FollowerInfoImpl.java:lambda$new$1(49)) - s0@group-DBBE7E7C6C61->s1: commitIndex: updateToMax old=1, new=1, updated? false
2022-08-02 21:05:54,863 [grpc-default-executor-3] DEBUG leader.FollowerInfo (FollowerInfoImpl.java:lambda$new$1(49)) - s0@group-DBBE7E7C6C61->s1: matchIndex: updateToMax old=2, new=-1, updated? false
2022-08-02 21:05:54,864 [grpc-default-executor-2] DEBUG leader.FollowerInfo (FollowerInfoImpl.java:lambda$new$1(49)) - s0@group-DBBE7E7C6C61->s2: commitIndex: updateToMax old=1, new=1, updated? false
2022-08-02 21:05:54,864 [grpc-default-executor-2] DEBUG leader.FollowerInfo (FollowerInfoImpl.java:lambda$new$1(49)) - s0@group-DBBE7E7C6C61->s2: matchIndex: updateToMax old=2, new=-1, updated? false
2022-08-02 21:05:54,865 [grpc-default-executor-3] DEBUG leader.FollowerInfo (FollowerInfoImpl.java:lambda$new$1(49)) - s0@group-DBBE7E7C6C61->s1: commitIndex: updateToMax old=1, new=1, updated? false
2022-08-02 21:05:54,865 [grpc-default-executor-3] DEBUG leader.FollowerInfo (FollowerInfoImpl.java:lambda$new$1(49)) - s0@group-DBBE7E7C6C61->s1: matchIndex: updateToMax old=2, new=-1, updated? false
2022-08-02 21:05:54,866 [grpc-default-executor-2] DEBUG leader.FollowerInfo (FollowerInfoImpl.java:lambda$new$1(49)) - s0@group-DBBE7E7C6C61->s2: commitIndex: updateToMax old=1, new=1, updated? false
2022-08-02 21:05:54,866 [grpc-default-executor-2] DEBUG leader.FollowerInfo (FollowerInfoImpl.java:lambda$new$1(49)) - s0@group-DBBE7E7C6C61->s2: matchIndex: updateToMax old=2, new=-1, updated? false
2022-08-02 21:05:54,867 [grpc-default-executor-3] DEBUG leader.FollowerInfo (FollowerInfoImpl.java:lambda$new$1(49)) - s0@group-DBBE7E7C6C61->s1: commitIndex: updateToMax old=1, new=1, updated? false
2022-08-02 21:05:54,867 [grpc-default-executor-3] DEBUG leader.FollowerInfo (FollowerInfoImpl.java:lambda$new$1(49)) - s0@group-DBBE7E7C6C61->s1: matchIndex: updateToMax old=2, new=-1, updated? false
2022-08-02 21:05:54,867 [grpc-default-executor-2] DEBUG leader.FollowerInfo (FollowerInfoImpl.java:lambda$new$1(49)) - s0@group-DBBE7E7C6C61->s2: commitIndex: updateToMax old=1, new=1, updated? false
2022-08-02 21:05:54,867 [grpc-default-executor-2] DEBUG leader.FollowerInfo (FollowerInfoImpl.java:lambda$new$1(49)) - s0@group-DBBE7E7C6C61->s2: matchIndex: updateToMax old=2, new=-1, updated? false
2022-08-02 21:05:54,868 [grpc-default-executor-3] DEBUG leader.FollowerInfo (FollowerInfoImpl.java:lambda$new$1(49)) - s0@group-DBBE7E7C6C61->s1: commitIndex: updateToMax old=1, new=1, updated? false
2022-08-02 21:05:54,868 [grpc-default-executor-3] DEBUG leader.FollowerInfo (FollowerInfoImpl.java:lambda$new$1(49)) - s0@group-DBBE7E7C6C61->s1: matchIndex: updateToMax old=2, new=-1, updated? false
2022-08-02 21:05:54,869 [grpc-default-executor-2] DEBUG leader.FollowerInfo (FollowerInfoImpl.java:lambda$new$1(49)) - s0@group-DBBE7E7C6C61->s2: commitIndex: updateToMax old=1, new=1, updated? false
2022-08-02 21:05:54,869 [grpc-default-executor-2] DEBUG leader.FollowerInfo (FollowerInfoImpl.java:lambda$new$1(49)) - s0@group-DBBE7E7C6C61->s2: matchIndex: updateToMax old=2, new=-1, updated? false
2022-08-02 21:05:54,870 [grpc-default-executor-3] DEBUG leader.FollowerInfo (FollowerInfoImpl.java:lambda$new$1(49)) - s0@group-DBBE7E7C6C61->s1: commitIndex: updateToMax old=1, new=1, updated? false
2022-08-02 21:05:54,870 [grpc-default-executor-3] DEBUG leader.FollowerInfo (FollowerInfoImpl.java:lambda$new$1(49)) - s0@group-DBBE7E7C6C61->s1: matchIndex: updateToMax old=2, new=-1, updated? false
2022-08-02 21:05:54,871 [grpc-default-executor-2] DEBUG leader.FollowerInfo (FollowerInfoImpl.java:lambda$new$1(49)) - s0@group-DBBE7E7C6C61->s2: commitIndex: updateToMax old=1, new=1, updated? false
2022-08-02 21:05:54,871 [grpc-default-executor-2] DEBUG leader.FollowerInfo (FollowerInfoImpl.java:lambda$new$1(49)) - s0@group-DBBE7E7C6C61->s2: matchIndex: updateToMax old=2, new=-1, updated? false
2022-08-02 21:05:54,871 [grpc-default-executor-3] DEBUG leader.FollowerInfo (FollowerInfoImpl.java:lambda$new$1(49)) - s0@group-DBBE7E7C6C61->s1: commitIndex: updateToMax old=1, new=1, updated? false
2022-08-02 21:05:54,871 [grpc-default-executor-3] DEBUG leader.FollowerInfo (FollowerInfoImpl.java:lambda$new$1(49)) - s0@group-DBBE7E7C6C61->s1: matchIndex: updateToMax old=2, new=-1, updated? false
2022-08-02 21:05:54,872 [grpc-default-executor-2] DEBUG leader.FollowerInfo (FollowerInfoImpl.java:lambda$new$1(49)) - s0@group-DBBE7E7C6C61->s2: commitIndex: updateToMax old=1, new=1, updated? false
2022-08-02 21:05:54,872 [grpc-default-executor-2] DEBUG leader.FollowerInfo (FollowerInfoImpl.java:lambda$new$1(49)) - s0@group-DBBE7E7C6C61->s2: matchIndex: updateToMax old=2, new=-1, updated? false
2022-08-02 21:05:54,873 [grpc-default-executor-3] DEBUG leader.FollowerInfo (FollowerInfoImpl.java:lambda$new$1(49)) - s0@group-DBBE7E7C6C61->s1: commitIndex: updateToMax old=1, new=1, updated? false
2022-08-02 21:05:54,873 [grpc-default-executor-3] DEBUG leader.FollowerInfo (FollowerInfoImpl.java:lambda$new$1(49)) - s0@group-DBBE7E7C6C61->s1: matchIndex: updateToMax old=2, new=-1, updated? false
2022-08-02 21:05:54,874 [grpc-default-executor-2] DEBUG leader.FollowerInfo (FollowerInfoImpl.java:lambda$new$1(49)) - s0@group-DBBE7E7C6C61->s2: commitIndex: updateToMax old=1, new=1, updated? false
2022-08-02 21:05:54,874 [grpc-default-executor-2] DEBUG leader.FollowerInfo (FollowerInfoImpl.java:lambda$new$1(49)) - s0@group-DBBE7E7C6C61->s2: matchIndex: updateToMax old=2, new=-1, updated? false
2022-08-02 21:05:54,875 [grpc-default-executor-3] DEBUG leader.FollowerInfo (FollowerInfoImpl.java:lambda$new$1(49)) - s0@group-DBBE7E7C6C61->s1: commitIndex: updateToMax old=1, new=1, updated? false
2022-08-02 21:05:54,875 [grpc-default-executor-3] DEBUG leader.FollowerInfo (FollowerInfoImpl.java:lambda$new$1(49)) - s0@group-DBBE7E7C6C61->s1: matchIndex: updateToMax old=2, new=-1, updated? false
2022-08-02 21:05:54,876 [grpc-default-executor-2] DEBUG leader.FollowerInfo (FollowerInfoImpl.java:lambda$new$1(49)) - s0@group-DBBE7E7C6C61->s2: commitIndex: updateToMax old=1, new=1, updated? false
2022-08-02 21:05:54,876 [grpc-default-executor-2] DEBUG leader.FollowerInfo (FollowerInfoImpl.java:lambda$new$1(49)) - s0@group-DBBE7E7C6C61->s2: matchIndex: updateToMax old=2, new=-1, updated? false
2022-08-02 21:05:54,876 [grpc-default-executor-3] DEBUG leader.FollowerInfo (FollowerInfoImpl.java:lambda$new$1(49)) - s0@group-DBBE7E7C6C61->s1: commitIndex: updateToMax old=1, new=1, updated? false
2022-08-02 21:05:54,876 [grpc-default-executor-3] DEBUG leader.FollowerInfo (FollowerInfoImpl.java:lambda$new$1(49)) - s0@group-DBBE7E7C6C61->s1: matchIndex: updateToMax old=2, new=-1, updated? false
2022-08-02 21:05:54,877 [grpc-default-executor-2] DEBUG leader.FollowerInfo (FollowerInfoImpl.java:lambda$new$1(49)) - s0@group-DBBE7E7C6C61->s2: commitIndex: updateToMax old=1, new=1, updated? false
2022-08-02 21:05:54,877 [grpc-default-executor-2] DEBUG leader.FollowerInfo (FollowerInfoImpl.java:lambda$new$1(49)) - s0@group-DBBE7E7C6C61->s2: matchIndex: updateToMax old=2, new=-1, updated? false
2022-08-02 21:05:54,878 [grpc-default-executor-3] DEBUG leader.FollowerInfo (FollowerInfoImpl.java:lambda$new$1(49)) - s0@group-DBBE7E7C6C61->s1: commitIndex: updateToMax old=1, new=1, updated? false
2022-08-02 21:05:54,878 [grpc-default-executor-3] DEBUG leader.FollowerInfo (FollowerInfoImpl.java:lambda$new$1(49)) - s0@group-DBBE7E7C6C61->s1: matchIndex: updateToMax old=2, new=-1, updated? false
2022-08-02 21:05:54,879 [grpc-default-executor-2] DEBUG leader.FollowerInfo (FollowerInfoImpl.java:lambda$new$1(49)) - s0@group-DBBE7E7C6C61->s2: commitIndex: updateToMax old=1, new=1, updated? false
2022-08-02 21:05:54,879 [grpc-default-executor-2] DEBUG leader.FollowerInfo (FollowerInfoImpl.java:lambda$new$1(49)) - s0@group-DBBE7E7C6C61->s2: matchIndex: updateToMax old=2, new=-1, updated? false
2022-08-02 21:05:54,880 [grpc-default-executor-3] DEBUG leader.FollowerInfo (FollowerInfoImpl.java:lambda$new$1(49)) - s0@group-DBBE7E7C6C61->s1: commitIndex: updateToMax old=1, new=1, updated? false
2022-08-02 21:05:54,880 [grpc-default-executor-3] DEBUG leader.FollowerInfo (FollowerInfoImpl.java:lambda$new$1(49)) - s0@group-DBBE7E7C6C61->s1: matchIndex: updateToMax old=2, new=-1, updated? false
2022-08-02 21:05:54,880 [grpc-default-executor-2] DEBUG leader.FollowerInfo (FollowerInfoImpl.java:lambda$new$1(49)) - s0@group-DBBE7E7C6C61->s2: commitIndex: updateToMax old=1, new=1, updated? false
2022-08-02 21:05:54,880 [grpc-default-executor-2] DEBUG leader.FollowerInfo (FollowerInfoImpl.java:lambda$new$1(49)) - s0@group-DBBE7E7C6C61->s2: matchIndex: updateToMax old=2, new=-1, updated? false
2022-08-02 21:05:54,881 [grpc-default-executor-3] DEBUG leader.FollowerInfo (FollowerInfoImpl.java:lambda$new$1(49)) - s0@group-DBBE7E7C6C61->s1: commitIndex: updateToMax old=1, new=1, updated? false
2022-08-02 21:05:54,881 [grpc-default-executor-3] DEBUG leader.FollowerInfo (FollowerInfoImpl.java:lambda$new$1(49)) - s0@group-DBBE7E7C6C61->s1: matchIndex: updateToMax old=2, new=-1, updated? false
2022-08-02 21:05:54,882 [grpc-default-executor-2] DEBUG leader.FollowerInfo (FollowerInfoImpl.java:lambda$new$1(49)) - s0@group-DBBE7E7C6C61->s2: commitIndex: updateToMax old=1, new=1, updated? false
2022-08-02 21:05:54,882 [grpc-default-executor-2] DEBUG leader.FollowerInfo (FollowerInfoImpl.java:lambda$new$1(49)) - s0@group-DBBE7E7C6C61->s2: matchIndex: updateToMax old=2, new=-1, updated? false
2022-08-02 21:05:54,883 [grpc-default-executor-3] DEBUG leader.FollowerInfo (FollowerInfoImpl.java:lambda$new$1(49)) - s0@group-DBBE7E7C6C61->s1: commitIndex: updateToMax old=1, new=1, updated? false
2022-08-02 21:05:54,883 [grpc-default-executor-3] DEBUG leader.FollowerInfo (FollowerInfoImpl.java:lambda$new$1(49)) - s0@group-DBBE7E7C6C61->s1: matchIndex: updateToMax old=2, new=-1, updated? false
2022-08-02 21:05:54,884 [grpc-default-executor-2] DEBUG leader.FollowerInfo (FollowerInfoImpl.java:lambda$new$1(49)) - s0@group-DBBE7E7C6C61->s2: commitIndex: updateToMax old=1, new=1, updated? false
2022-08-02 21:05:54,884 [grpc-default-executor-2] DEBUG leader.FollowerInfo (FollowerInfoImpl.java:lambda$new$1(49)) - s0@group-DBBE7E7C6C61->s2: matchIndex: updateToMax old=2, new=-1, updated? false
2022-08-02 21:05:54,884 [grpc-default-executor-3] DEBUG leader.FollowerInfo (FollowerInfoImpl.java:lambda$new$1(49)) - s0@group-DBBE7E7C6C61->s1: commitIndex: updateToMax old=1, new=1, updated? false
2022-08-02 21:05:54,884 [grpc-default-executor-3] DEBUG leader.FollowerInfo (FollowerInfoImpl.java:lambda$new$1(49)) - s0@group-DBBE7E7C6C61->s1: matchIndex: updateToMax old=2, new=-1, updated? false
2022-08-02 21:05:54,885 [grpc-default-executor-2] DEBUG leader.FollowerInfo (FollowerInfoImpl.java:lambda$new$1(49)) - s0@group-DBBE7E7C6C61->s2: commitIndex: updateToMax old=1, new=1, updated? false
2022-08-02 21:05:54,885 [grpc-default-executor-2] DEBUG leader.FollowerInfo (FollowerInfoImpl.java:lambda$new$1(49)) - s0@group-DBBE7E7C6C61->s2: matchIndex: updateToMax old=2, new=-1, updated? false
2022-08-02 21:05:54,886 [grpc-default-executor-3] DEBUG leader.FollowerInfo (FollowerInfoImpl.java:lambda$new$1(49)) - s0@group-DBBE7E7C6C61->s1: commitIndex: updateToMax old=1, new=1, updated? false
2022-08-02 21:05:54,886 [grpc-default-executor-3] DEBUG leader.FollowerInfo (FollowerInfoImpl.java:lambda$new$1(49)) - s0@group-DBBE7E7C6C61->s1: matchIndex: updateToMax old=2, new=-1, updated? false
2022-08-02 21:05:54,887 [grpc-default-executor-2] DEBUG leader.FollowerInfo (FollowerInfoImpl.java:lambda$new$1(49)) - s0@group-DBBE7E7C6C61->s2: commitIndex: updateToMax old=1, new=1, updated? false
2022-08-02 21:05:54,887 [grpc-default-executor-2] DEBUG leader.FollowerInfo (FollowerInfoImpl.java:lambda$new$1(49)) - s0@group-DBBE7E7C6C61->s2: matchIndex: updateToMax old=2, new=-1, updated? false
2022-08-02 21:05:54,888 [grpc-default-executor-3] DEBUG leader.FollowerInfo (FollowerInfoImpl.java:lambda$new$1(49)) - s0@group-DBBE7E7C6C61->s1: commitIndex: updateToMax old=1, new=1, updated? false
2022-08-02 21:05:54,888 [grpc-default-executor-3] DEBUG leader.FollowerInfo (FollowerInfoImpl.java:lambda$new$1(49)) - s0@group-DBBE7E7C6C61->s1: matchIndex: updateToMax old=2, new=-1, updated? false
2022-08-02 21:05:54,889 [grpc-default-executor-2] DEBUG leader.FollowerInfo (FollowerInfoImpl.java:lambda$new$1(49)) - s0@group-DBBE7E7C6C61->s2: commitIndex: updateToMax old=1, new=1, updated? false
2022-08-02 21:05:54,889 [grpc-default-executor-2] DEBUG leader.FollowerInfo (FollowerInfoImpl.java:lambda$new$1(49)) - s0@group-DBBE7E7C6C61->s2: matchIndex: updateToMax old=2, new=-1, updated? false
2022-08-02 21:05:54,890 [grpc-default-executor-3] DEBUG leader.FollowerInfo (FollowerInfoImpl.java:lambda$new$1(49)) - s0@group-DBBE7E7C6C61->s1: commitIndex: updateToMax old=1, new=1, updated? false
2022-08-02 21:05:54,890 [grpc-default-executor-3] DEBUG leader.FollowerInfo (FollowerInfoImpl.java:lambda$new$1(49)) - s0@group-DBBE7E7C6C61->s1: matchIndex: updateToMax old=2, new=-1, updated? false
2022-08-02 21:05:54,891 [grpc-default-executor-2] DEBUG leader.FollowerInfo (FollowerInfoImpl.java:lambda$new$1(49)) - s0@group-DBBE7E7C6C61->s2: commitIndex: updateToMax old=1, new=1, updated? false
2022-08-02 21:05:54,891 [grpc-default-executor-2] DEBUG leader.FollowerInfo (FollowerInfoImpl.java:lambda$new$1(49)) - s0@group-DBBE7E7C6C61->s2: matchIndex: updateToMax old=2, new=-1, updated? false
2022-08-02 21:05:54,892 [grpc-default-executor-3] DEBUG leader.FollowerInfo (FollowerInfoImpl.java:lambda$new$1(49)) - s0@group-DBBE7E7C6C61->s1: commitIndex: updateToMax old=1, new=1, updated? false
2022-08-02 21:05:54,892 [grpc-default-executor-3] DEBUG leader.FollowerInfo (FollowerInfoImpl.java:lambda$new$1(49)) - s0@group-DBBE7E7C6C61->s1: matchIndex: updateToMax old=2, new=-1, updated? false
2022-08-02 21:05:54,893 [grpc-default-executor-2] DEBUG leader.FollowerInfo (FollowerInfoImpl.java:lambda$new$1(49)) - s0@group-DBBE7E7C6C61->s2: commitIndex: updateToMax old=1, new=1, updated? false
2022-08-02 21:05:54,893 [grpc-default-executor-2] DEBUG leader.FollowerInfo (FollowerInfoImpl.java:lambda$new$1(49)) - s0@group-DBBE7E7C6C61->s2: matchIndex: updateToMax old=2, new=-1, updated? false
2022-08-02 21:05:54,894 [grpc-default-executor-3] DEBUG leader.FollowerInfo (FollowerInfoImpl.java:lambda$new$1(49)) - s0@group-DBBE7E7C6C61->s1: commitIndex: updateToMax old=1, new=1, updated? false
2022-08-02 21:05:54,894 [grpc-default-executor-3] DEBUG leader.FollowerInfo (FollowerInfoImpl.java:lambda$new$1(49)) - s0@group-DBBE7E7C6C61->s1: matchIndex: updateToMax old=2, new=-1, updated? false
2022-08-02 21:05:54,895 [grpc-default-executor-2] DEBUG leader.FollowerInfo (FollowerInfoImpl.java:lambda$new$1(49)) - s0@group-DBBE7E7C6C61->s2: commitIndex: updateToMax old=1, new=1, updated? false
2022-08-02 21:05:54,895 [grpc-default-executor-2] DEBUG leader.FollowerInfo (FollowerInfoImpl.java:lambda$new$1(49)) - s0@group-DBBE7E7C6C61->s2: matchIndex: updateToMax old=2, new=-1, updated? false
2022-08-02 21:05:54,896 [grpc-default-executor-3] DEBUG leader.FollowerInfo (FollowerInfoImpl.java:lambda$new$1(49)) - s0@group-DBBE7E7C6C61->s1: commitIndex: updateToMax old=1, new=1, updated? false
2022-08-02 21:05:54,896 [grpc-default-executor-3] DEBUG leader.FollowerInfo (FollowerInfoImpl.java:lambda$new$1(49)) - s0@group-DBBE7E7C6C61->s1: matchIndex: updateToMax old=2, new=-1, updated? false
2022-08-02 21:05:54,897 [grpc-default-executor-2] DEBUG leader.FollowerInfo (FollowerInfoImpl.java:lambda$new$1(49)) - s0@group-DBBE7E7C6C61->s2: commitIndex: updateToMax old=1, new=1, updated? false
2022-08-02 21:05:54,897 [grpc-default-executor-2] DEBUG leader.FollowerInfo (FollowerInfoImpl.java:lambda$new$1(49)) - s0@group-DBBE7E7C6C61->s2: matchIndex: updateToMax old=2, new=-1, updated? false
2022-08-02 21:05:54,898 [grpc-default-executor-3] DEBUG leader.FollowerInfo (FollowerInfoImpl.java:lambda$new$1(49)) - s0@group-DBBE7E7C6C61->s1: commitIndex: updateToMax old=1, new=1, updated? false
2022-08-02 21:05:54,898 [grpc-default-executor-3] DEBUG leader.FollowerInfo (FollowerInfoImpl.java:lambda$new$1(49)) - s0@group-DBBE7E7C6C61->s1: matchIndex: updateToMax old=2, new=-1, updated? false
2022-08-02 21:05:54,899 [grpc-default-executor-3] DEBUG leader.FollowerInfo (FollowerInfoImpl.java:lambda$new$1(49)) - s0@group-DBBE7E7C6C61->s2: commitIndex: updateToMax old=1, new=1, updated? false
2022-08-02 21:05:54,899 [grpc-default-executor-3] DEBUG leader.FollowerInfo (FollowerInfoImpl.java:lambda$new$1(49)) - s0@group-DBBE7E7C6C61->s2: matchIndex: updateToMax old=2, new=-1, updated? false
2022-08-02 21:05:54,901 [grpc-default-executor-3] DEBUG leader.FollowerInfo (FollowerInfoImpl.java:lambda$new$1(49)) - s0@group-DBBE7E7C6C61->s2: commitIndex: updateToMax old=1, new=1, updated? false
2022-08-02 21:05:54,901 [grpc-default-executor-3] DEBUG leader.FollowerInfo (FollowerInfoImpl.java:lambda$new$1(49)) - s0@group-DBBE7E7C6C61->s2: matchIndex: updateToMax old=2, new=-1, updated? false
2022-08-02 21:05:54,902 [grpc-default-executor-2] DEBUG leader.FollowerInfo (FollowerInfoImpl.java:lambda$new$1(49)) - s0@group-DBBE7E7C6C61->s1: commitIndex: updateToMax old=1, new=1, updated? false
2022-08-02 21:05:54,902 [grpc-default-executor-2] DEBUG leader.FollowerInfo (FollowerInfoImpl.java:lambda$new$1(49)) - s0@group-DBBE7E7C6C61->s1: matchIndex: updateToMax old=2, new=-1, updated? false
2022-08-02 21:05:54,904 [grpc-default-executor-2] DEBUG leader.FollowerInfo (FollowerInfoImpl.java:lambda$new$1(49)) - s0@group-DBBE7E7C6C61->s2: commitIndex: updateToMax old=1, new=1, updated? false
2022-08-02 21:05:54,904 [grpc-default-executor-2] DEBUG leader.FollowerInfo (FollowerInfoImpl.java:lambda$new$1(49)) - s0@group-DBBE7E7C6C61->s2: matchIndex: updateToMax old=2, new=-1, updated? false
2022-08-02 21:05:54,905 [grpc-default-executor-3] DEBUG leader.FollowerInfo (FollowerInfoImpl.java:lambda$new$1(49)) - s0@group-DBBE7E7C6C61->s1: commitIndex: updateToMax old=1, new=1, updated? false
2022-08-02 21:05:54,905 [grpc-default-executor-3] DEBUG leader.FollowerInfo (FollowerInfoImpl.java:lambda$new$1(49)) - s0@group-DBBE7E7C6C61->s1: matchIndex: updateToMax old=2, new=-1, updated? false
2022-08-02 21:05:54,906 [grpc-default-executor-3] DEBUG leader.FollowerInfo (FollowerInfoImpl.java:lambda$new$1(49)) - s0@group-DBBE7E7C6C61->s2: commitIndex: updateToMax old=1, new=1, updated? false
2022-08-02 21:05:54,906 [grpc-default-executor-3] DEBUG leader.FollowerInfo (FollowerInfoImpl.java:lambda$new$1(49)) - s0@group-DBBE7E7C6C61->s2: matchIndex: updateToMax old=2, new=-1, updated? false
2022-08-02 21:05:54,908 [grpc-default-executor-2] DEBUG leader.FollowerInfo (FollowerInfoImpl.java:lambda$new$1(49)) - s0@group-DBBE7E7C6C61->s1: commitIndex: updateToMax old=1, new=1, updated? false
2022-08-02 21:05:54,908 [grpc-default-executor-2] DEBUG leader.FollowerInfo (FollowerInfoImpl.java:lambda$new$1(49)) - s0@group-DBBE7E7C6C61->s1: matchIndex: updateToMax old=2, new=-1, updated? false
2022-08-02 21:05:54,912 [grpc-default-executor-3] DEBUG leader.FollowerInfo (FollowerInfoImpl.java:lambda$new$1(49)) - s0@group-DBBE7E7C6C61->s2: commitIndex: updateToMax old=1, new=1, updated? false
2022-08-02 21:05:54,912 [grpc-default-executor-3] DEBUG leader.FollowerInfo (FollowerInfoImpl.java:lambda$new$1(49)) - s0@group-DBBE7E7C6C61->s2: matchIndex: updateToMax old=2, new=-1, updated? false
2022-08-02 21:05:54,917 [grpc-default-executor-2] DEBUG leader.FollowerInfo (FollowerInfoImpl.java:lambda$new$1(49)) - s0@group-DBBE7E7C6C61->s1: commitIndex: updateToMax old=1, new=1, updated? false
2022-08-02 21:05:54,917 [grpc-default-executor-2] DEBUG leader.FollowerInfo (FollowerInfoImpl.java:lambda$new$1(49)) - s0@group-DBBE7E7C6C61->s1: matchIndex: updateToMax old=2, new=-1, updated? false
2022-08-02 21:05:54,918 [grpc-default-executor-3] DEBUG leader.FollowerInfo (FollowerInfoImpl.java:lambda$new$1(49)) - s0@group-DBBE7E7C6C61->s2: commitIndex: updateToMax old=1, new=1, updated? false
2022-08-02 21:05:54,918 [grpc-default-executor-3] DEBUG leader.FollowerInfo (FollowerInfoImpl.java:lambda$new$1(49)) - s0@group-DBBE7E7C6C61->s2: matchIndex: updateToMax old=2, new=-1, updated? false
2022-08-02 21:05:54,919 [grpc-default-executor-2] DEBUG leader.FollowerInfo (FollowerInfoImpl.java:lambda$new$1(49)) - s0@group-DBBE7E7C6C61->s1: commitIndex: updateToMax old=1, new=1, updated? false
2022-08-02 21:05:54,919 [grpc-default-executor-2] DEBUG leader.FollowerInfo (FollowerInfoImpl.java:lambda$new$1(49)) - s0@group-DBBE7E7C6C61->s1: matchIndex: updateToMax old=2, new=-1, updated? false
2022-08-02 21:05:54,920 [grpc-default-executor-3] DEBUG leader.FollowerInfo (FollowerInfoImpl.java:lambda$new$1(49)) - s0@group-DBBE7E7C6C61->s2: commitIndex: updateToMax old=1, new=1, updated? false
2022-08-02 21:05:54,920 [grpc-default-executor-3] DEBUG leader.FollowerInfo (FollowerInfoImpl.java:lambda$new$1(49)) - s0@group-DBBE7E7C6C61->s2: matchIndex: updateToMax old=2, new=-1, updated? false
2022-08-02 21:05:54,921 [grpc-default-executor-2] DEBUG leader.FollowerInfo (FollowerInfoImpl.java:lambda$new$1(49)) - s0@group-DBBE7E7C6C61->s1: commitIndex: updateToMax old=1, new=1, updated? false
2022-08-02 21:05:54,921 [grpc-default-executor-2] DEBUG leader.FollowerInfo (FollowerInfoImpl.java:lambda$new$1(49)) - s0@group-DBBE7E7C6C61->s1: matchIndex: updateToMax old=2, new=-1, updated? false
2022-08-02 21:05:54,922 [grpc-default-executor-3] DEBUG leader.FollowerInfo (FollowerInfoImpl.java:lambda$new$1(49)) - s0@group-DBBE7E7C6C61->s2: commitIndex: updateToMax old=1, new=1, updated? false
2022-08-02 21:05:54,922 [grpc-default-executor-3] DEBUG leader.FollowerInfo (FollowerInfoImpl.java:lambda$new$1(49)) - s0@group-DBBE7E7C6C61->s2: matchIndex: updateToMax old=2, new=-1, updated? false
2022-08-02 21:05:54,923 [grpc-default-executor-2] DEBUG leader.FollowerInfo (FollowerInfoImpl.java:lambda$new$1(49)) - s0@group-DBBE7E7C6C61->s1: commitIndex: updateToMax old=1, new=1, updated? false
2022-08-02 21:05:54,923 [grpc-default-executor-2] DEBUG leader.FollowerInfo (FollowerInfoImpl.java:lambda$new$1(49)) - s0@group-DBBE7E7C6C61->s1: matchIndex: updateToMax old=2, new=-1, updated? false
2022-08-02 21:05:54,924 [grpc-default-executor-3] DEBUG leader.FollowerInfo (FollowerInfoImpl.java:lambda$new$1(49)) - s0@group-DBBE7E7C6C61->s2: commitIndex: updateToMax old=1, new=1, updated? false
2022-08-02 21:05:54,924 [grpc-default-executor-3] DEBUG leader.FollowerInfo (FollowerInfoImpl.java:lambda$new$1(49)) - s0@group-DBBE7E7C6C61->s2: matchIndex: updateToMax old=2, new=-1, updated? false
2022-08-02 21:05:54,924 [grpc-default-executor-2] DEBUG leader.FollowerInfo (FollowerInfoImpl.java:lambda$new$1(49)) - s0@group-DBBE7E7C6C61->s1: commitIndex: updateToMax old=1, new=1, updated? false
2022-08-02 21:05:54,924 [grpc-default-executor-2] DEBUG leader.FollowerInfo (FollowerInfoImpl.java:lambda$new$1(49)) - s0@group-DBBE7E7C6C61->s1: matchIndex: updateToMax old=2, new=-1, updated? false
2022-08-02 21:05:54,925 [grpc-default-executor-3] DEBUG leader.FollowerInfo (FollowerInfoImpl.java:lambda$new$1(49)) - s0@group-DBBE7E7C6C61->s2: commitIndex: updateToMax old=1, new=1, updated? false
2022-08-02 21:05:54,925 [grpc-default-executor-3] DEBUG leader.FollowerInfo (FollowerInfoImpl.java:lambda$new$1(49)) - s0@group-DBBE7E7C6C61->s2: matchIndex: updateToMax old=2, new=-1, updated? false
2022-08-02 21:05:54,926 [grpc-default-executor-2] DEBUG leader.FollowerInfo (FollowerInfoImpl.java:lambda$new$1(49)) - s0@group-DBBE7E7C6C61->s1: commitIndex: updateToMax old=1, new=1, updated? false
2022-08-02 21:05:54,926 [grpc-default-executor-2] DEBUG leader.FollowerInfo (FollowerInfoImpl.java:lambda$new$1(49)) - s0@group-DBBE7E7C6C61->s1: matchIndex: updateToMax old=2, new=-1, updated? false
2022-08-02 21:05:54,927 [grpc-default-executor-3] DEBUG leader.FollowerInfo (FollowerInfoImpl.java:lambda$new$1(49)) - s0@group-DBBE7E7C6C61->s2: commitIndex: updateToMax old=1, new=1, updated? false
2022-08-02 21:05:54,927 [grpc-default-executor-3] DEBUG leader.FollowerInfo (FollowerInfoImpl.java:lambda$new$1(49)) - s0@group-DBBE7E7C6C61->s2: matchIndex: updateToMax old=2, new=-1, updated? false
2022-08-02 21:05:54,929 [grpc-default-executor-2] DEBUG leader.FollowerInfo (FollowerInfoImpl.java:lambda$new$1(49)) - s0@group-DBBE7E7C6C61->s1: commitIndex: updateToMax old=1, new=1, updated? false
2022-08-02 21:05:54,929 [grpc-default-executor-2] DEBUG leader.FollowerInfo (FollowerInfoImpl.java:lambda$new$1(49)) - s0@group-DBBE7E7C6C61->s1: matchIndex: updateToMax old=2, new=-1, updated? false
2022-08-02 21:05:54,932 [grpc-default-executor-3] DEBUG leader.FollowerInfo (FollowerInfoImpl.java:lambda$new$1(49)) - s0@group-DBBE7E7C6C61->s2: commitIndex: updateToMax old=1, new=1, updated? false
2022-08-02 21:05:54,932 [grpc-default-executor-3] DEBUG leader.FollowerInfo (FollowerInfoImpl.java:lambda$new$1(49)) - s0@group-DBBE7E7C6C61->s2: matchIndex: updateToMax old=2, new=-1, updated? false
2022-08-02 21:05:54,933 [grpc-default-executor-2] DEBUG leader.FollowerInfo (FollowerInfoImpl.java:lambda$new$1(49)) - s0@group-DBBE7E7C6C61->s1: commitIndex: updateToMax old=1, new=1, updated? false
2022-08-02 21:05:54,933 [grpc-default-executor-2] DEBUG leader.FollowerInfo (FollowerInfoImpl.java:lambda$new$1(49)) - s0@group-DBBE7E7C6C61->s1: matchIndex: updateToMax old=2, new=-1, updated? false
2022-08-02 21:05:54,934 [grpc-default-executor-3] DEBUG leader.FollowerInfo (FollowerInfoImpl.java:lambda$new$1(49)) - s0@group-DBBE7E7C6C61->s2: commitIndex: updateToMax old=1, new=1, updated? false
2022-08-02 21:05:54,934 [grpc-default-executor-3] DEBUG leader.FollowerInfo (FollowerInfoImpl.java:lambda$new$1(49)) - s0@group-DBBE7E7C6C61->s2: matchIndex: updateToMax old=2, new=-1, updated? false
2022-08-02 21:05:54,935 [grpc-default-executor-2] DEBUG leader.FollowerInfo (FollowerInfoImpl.java:lambda$new$1(49)) - s0@group-DBBE7E7C6C61->s1: commitIndex: updateToMax old=1, new=1, updated? false
2022-08-02 21:05:54,935 [grpc-default-executor-2] DEBUG leader.FollowerInfo (FollowerInfoImpl.java:lambda$new$1(49)) - s0@group-DBBE7E7C6C61->s1: matchIndex: updateToMax old=2, new=-1, updated? false
2022-08-02 21:05:54,935 [grpc-default-executor-3] DEBUG leader.FollowerInfo (FollowerInfoImpl.java:lambda$new$1(49)) - s0@group-DBBE7E7C6C61->s2: commitIndex: updateToMax old=1, new=1, updated? false
2022-08-02 21:05:54,936 [grpc-default-executor-3] DEBUG leader.FollowerInfo (FollowerInfoImpl.java:lambda$new$1(49)) - s0@group-DBBE7E7C6C61->s2: matchIndex: updateToMax old=2, new=-1, updated? false
2022-08-02 21:05:54,936 [grpc-default-executor-2] DEBUG leader.FollowerInfo (FollowerInfoImpl.java:lambda$new$1(49)) - s0@group-DBBE7E7C6C61->s1: commitIndex: updateToMax old=1, new=1, updated? false
2022-08-02 21:05:54,936 [grpc-default-executor-2] DEBUG leader.FollowerInfo (FollowerInfoImpl.java:lambda$new$1(49)) - s0@group-DBBE7E7C6C61->s1: matchIndex: updateToMax old=2, new=-1, updated? false
2022-08-02 21:05:54,937 [grpc-default-executor-3] DEBUG leader.FollowerInfo (FollowerInfoImpl.java:lambda$new$1(49)) - s0@group-DBBE7E7C6C61->s2: commitIndex: updateToMax old=1, new=1, updated? false
2022-08-02 21:05:54,937 [grpc-default-executor-3] DEBUG leader.FollowerInfo (FollowerInfoImpl.java:lambda$new$1(49)) - s0@group-DBBE7E7C6C61->s2: matchIndex: updateToMax old=2, new=-1, updated? false
2022-08-02 21:05:54,938 [grpc-default-executor-2] DEBUG leader.FollowerInfo (FollowerInfoImpl.java:lambda$new$1(49)) - s0@group-DBBE7E7C6C61->s1: commitIndex: updateToMax old=1, new=1, updated? false
2022-08-02 21:05:54,938 [grpc-default-executor-2] DEBUG leader.FollowerInfo (FollowerInfoImpl.java:lambda$new$1(49)) - s0@group-DBBE7E7C6C61->s1: matchIndex: updateToMax old=2, new=-1, updated? false
2022-08-02 21:05:54,939 [grpc-default-executor-3] DEBUG leader.FollowerInfo (FollowerInfoImpl.java:lambda$new$1(49)) - s0@group-DBBE7E7C6C61->s2: commitIndex: updateToMax old=1, new=1, updated? false
2022-08-02 21:05:54,939 [grpc-default-executor-3] DEBUG leader.FollowerInfo (FollowerInfoImpl.java:lambda$new$1(49)) - s0@group-DBBE7E7C6C61->s2: matchIndex: updateToMax old=2, new=-1, updated? false
2022-08-02 21:05:54,941 [grpc-default-executor-2] DEBUG leader.FollowerInfo (FollowerInfoImpl.java:lambda$new$1(49)) - s0@group-DBBE7E7C6C61->s1: commitIndex: updateToMax old=1, new=1, updated? false
2022-08-02 21:05:54,941 [grpc-default-executor-2] DEBUG leader.FollowerInfo (FollowerInfoImpl.java:lambda$new$1(49)) - s0@group-DBBE7E7C6C61->s1: matchIndex: updateToMax old=2, new=-1, updated? false
2022-08-02 21:05:54,943 [grpc-default-executor-3] DEBUG leader.FollowerInfo (FollowerInfoImpl.java:lambda$new$1(49)) - s0@group-DBBE7E7C6C61->s2: commitIndex: updateToMax old=1, new=1, updated? false
2022-08-02 21:05:54,943 [grpc-default-executor-3] DEBUG leader.FollowerInfo (FollowerInfoImpl.java:lambda$new$1(49)) - s0@group-DBBE7E7C6C61->s2: matchIndex: updateToMax old=2, new=-1, updated? false
2022-08-02 21:05:54,944 [grpc-default-executor-3] DEBUG leader.FollowerInfo (FollowerInfoImpl.java:lambda$new$1(49)) - s0@group-DBBE7E7C6C61->s1: commitIndex: updateToMax old=1, new=1, updated? false
2022-08-02 21:05:54,944 [grpc-default-executor-3] DEBUG leader.FollowerInfo (FollowerInfoImpl.java:lambda$new$1(49)) - s0@group-DBBE7E7C6C61->s1: matchIndex: updateToMax old=2, new=-1, updated? false
2022-08-02 21:05:54,946 [grpc-default-executor-3] DEBUG leader.FollowerInfo (FollowerInfoImpl.java:lambda$new$1(49)) - s0@group-DBBE7E7C6C61->s2: commitIndex: updateToMax old=1, new=1, updated? false
2022-08-02 21:05:54,946 [grpc-default-executor-3] DEBUG leader.FollowerInfo (FollowerInfoImpl.java:lambda$new$1(49)) - s0@group-DBBE7E7C6C61->s2: matchIndex: updateToMax old=2, new=-1, updated? false
2022-08-02 21:05:54,947 [grpc-default-executor-3] DEBUG leader.FollowerInfo (FollowerInfoImpl.java:lambda$new$1(49)) - s0@group-DBBE7E7C6C61->s1: commitIndex: updateToMax old=1, new=1, updated? false
2022-08-02 21:05:54,947 [grpc-default-executor-3] DEBUG leader.FollowerInfo (FollowerInfoImpl.java:lambda$new$1(49)) - s0@group-DBBE7E7C6C61->s1: matchIndex: updateToMax old=2, new=-1, updated? false
2022-08-02 21:05:54,948 [grpc-default-executor-2] DEBUG leader.FollowerInfo (FollowerInfoImpl.java:lambda$new$1(49)) - s0@group-DBBE7E7C6C61->s2: commitIndex: updateToMax old=1, new=1, updated? false
2022-08-02 21:05:54,948 [grpc-default-executor-2] DEBUG leader.FollowerInfo (FollowerInfoImpl.java:lambda$new$1(49)) - s0@group-DBBE7E7C6C61->s2: matchIndex: updateToMax old=2, new=-1, updated? false
2022-08-02 21:05:54,948 [grpc-default-executor-2] DEBUG leader.FollowerInfo (FollowerInfoImpl.java:lambda$new$1(49)) - s0@group-DBBE7E7C6C61->s1: commitIndex: updateToMax old=1, new=1, updated? false
2022-08-02 21:05:54,948 [grpc-default-executor-2] DEBUG leader.FollowerInfo (FollowerInfoImpl.java:lambda$new$1(49)) - s0@group-DBBE7E7C6C61->s1: matchIndex: updateToMax old=2, new=-1, updated? false
2022-08-02 21:05:54,949 [grpc-default-executor-3] DEBUG leader.FollowerInfo (FollowerInfoImpl.java:lambda$new$1(49)) - s0@group-DBBE7E7C6C61->s2: commitIndex: updateToMax old=1, new=1, updated? false
2022-08-02 21:05:54,949 [grpc-default-executor-3] DEBUG leader.FollowerInfo (FollowerInfoImpl.java:lambda$new$1(49)) - s0@group-DBBE7E7C6C61->s2: matchIndex: updateToMax old=2, new=-1, updated? false
2022-08-02 21:05:54,950 [grpc-default-executor-3] DEBUG leader.FollowerInfo (FollowerInfoImpl.java:lambda$new$1(49)) - s0@group-DBBE7E7C6C61->s1: commitIndex: updateToMax old=1, new=1, updated? false
2022-08-02 21:05:54,950 [grpc-default-executor-3] DEBUG leader.FollowerInfo (FollowerInfoImpl.java:lambda$new$1(49)) - s0@group-DBBE7E7C6C61->s1: matchIndex: updateToMax old=2, new=-1, updated? false
2022-08-02 21:05:54,950 [grpc-default-executor-3] DEBUG leader.FollowerInfo (FollowerInfoImpl.java:lambda$new$1(49)) - s0@group-DBBE7E7C6C61->s2: commitIndex: updateToMax old=1, new=1, updated? false
2022-08-02 21:05:54,950 [grpc-default-executor-3] DEBUG leader.FollowerInfo (FollowerInfoImpl.java:lambda$new$1(49)) - s0@group-DBBE7E7C6C61->s2: matchIndex: updateToMax old=2, new=-1, updated? false
2022-08-02 21:05:54,951 [grpc-default-executor-3] DEBUG leader.FollowerInfo (FollowerInfoImpl.java:lambda$new$1(49)) - s0@group-DBBE7E7C6C61->s1: commitIndex: updateToMax old=1, new=1, updated? false
2022-08-02 21:05:54,951 [grpc-default-executor-3] DEBUG leader.FollowerInfo (FollowerInfoImpl.java:lambda$new$1(49)) - s0@group-DBBE7E7C6C61->s1: matchIndex: updateToMax old=2, new=-1, updated? false
2022-08-02 21:05:54,955 [grpc-default-executor-2] DEBUG leader.FollowerInfo (FollowerInfoImpl.java:lambda$new$1(49)) - s0@group-DBBE7E7C6C61->s2: commitIndex: updateToMax old=1, new=1, updated? false
2022-08-02 21:05:54,956 [grpc-default-executor-2] DEBUG leader.FollowerInfo (FollowerInfoImpl.java:lambda$new$1(49)) - s0@group-DBBE7E7C6C61->s2: matchIndex: updateToMax old=2, new=-1, updated? false
2022-08-02 21:05:54,956 [grpc-default-executor-3] DEBUG leader.FollowerInfo (FollowerInfoImpl.java:lambda$new$1(49)) - s0@group-DBBE7E7C6C61->s1: commitIndex: updateToMax old=1, new=1, updated? false
2022-08-02 21:05:54,956 [grpc-default-executor-3] DEBUG leader.FollowerInfo (FollowerInfoImpl.java:lambda$new$1(49)) - s0@group-DBBE7E7C6C61->s1: matchIndex: updateToMax old=2, new=-1, updated? false
2022-08-02 21:05:54,957 [grpc-default-executor-2] DEBUG leader.FollowerInfo (FollowerInfoImpl.java:lambda$new$1(49)) - s0@group-DBBE7E7C6C61->s2: commitIndex: updateToMax old=1, new=1, updated? false
2022-08-02 21:05:54,957 [grpc-default-executor-2] DEBUG leader.FollowerInfo (FollowerInfoImpl.java:lambda$new$1(49)) - s0@group-DBBE7E7C6C61->s2: matchIndex: updateToMax old=2, new=-1, updated? false
2022-08-02 21:05:54,958 [grpc-default-executor-3] DEBUG leader.FollowerInfo (FollowerInfoImpl.java:lambda$new$1(49)) - s0@group-DBBE7E7C6C61->s1: commitIndex: updateToMax old=1, new=1, updated? false
2022-08-02 21:05:54,958 [grpc-default-executor-3] DEBUG leader.FollowerInfo (FollowerInfoImpl.java:lambda$new$1(49)) - s0@group-DBBE7E7C6C61->s1: matchIndex: updateToMax old=2, new=-1, updated? false
2022-08-02 21:05:54,959 [grpc-default-executor-2] DEBUG leader.FollowerInfo (FollowerInfoImpl.java:lambda$new$1(49)) - s0@group-DBBE7E7C6C61->s2: commitIndex: updateToMax old=1, new=1, updated? false
2022-08-02 21:05:54,959 [grpc-default-executor-2] DEBUG leader.FollowerInfo (FollowerInfoImpl.java:lambda$new$1(49)) - s0@group-DBBE7E7C6C61->s2: matchIndex: updateToMax old=2, new=-1, updated? false
2022-08-02 21:05:54,960 [grpc-default-executor-3] DEBUG leader.FollowerInfo (FollowerInfoImpl.java:lambda$new$1(49)) - s0@group-DBBE7E7C6C61->s1: commitIndex: updateToMax old=1, new=1, updated? false
2022-08-02 21:05:54,960 [grpc-default-executor-3] DEBUG leader.FollowerInfo (FollowerInfoImpl.java:lambda$new$1(49)) - s0@group-DBBE7E7C6C61->s1: matchIndex: updateToMax old=2, new=-1, updated? false
2022-08-02 21:05:54,960 [grpc-default-executor-2] DEBUG leader.FollowerInfo (FollowerInfoImpl.java:lambda$new$1(49)) - s0@group-DBBE7E7C6C61->s2: commitIndex: updateToMax old=1, new=1, updated? false
2022-08-02 21:05:54,961 [grpc-default-executor-2] DEBUG leader.FollowerInfo (FollowerInfoImpl.java:lambda$new$1(49)) - s0@group-DBBE7E7C6C61->s2: matchIndex: updateToMax old=2, new=-1, updated? false
2022-08-02 21:05:54,961 [grpc-default-executor-3] DEBUG leader.FollowerInfo (FollowerInfoImpl.java:lambda$new$1(49)) - s0@group-DBBE7E7C6C61->s1: commitIndex: updateToMax old=1, new=1, updated? false
2022-08-02 21:05:54,961 [grpc-default-executor-3] DEBUG leader.FollowerInfo (FollowerInfoImpl.java:lambda$new$1(49)) - s0@group-DBBE7E7C6C61->s1: matchIndex: updateToMax old=2, new=-1, updated? false
2022-08-02 21:05:54,962 [grpc-default-executor-2] DEBUG leader.FollowerInfo (FollowerInfoImpl.java:lambda$new$1(49)) - s0@group-DBBE7E7C6C61->s2: commitIndex: updateToMax old=1, new=1, updated? false
2022-08-02 21:05:54,962 [grpc-default-executor-2] DEBUG leader.FollowerInfo (FollowerInfoImpl.java:lambda$new$1(49)) - s0@group-DBBE7E7C6C61->s2: matchIndex: updateToMax old=2, new=-1, updated? false
2022-08-02 21:05:54,963 [grpc-default-executor-3] DEBUG leader.FollowerInfo (FollowerInfoImpl.java:lambda$new$1(49)) - s0@group-DBBE7E7C6C61->s1: commitIndex: updateToMax old=1, new=1, updated? false
2022-08-02 21:05:54,963 [grpc-default-executor-3] DEBUG leader.FollowerInfo (FollowerInfoImpl.java:lambda$new$1(49)) - s0@group-DBBE7E7C6C61->s1: matchIndex: updateToMax old=2, new=-1, updated? false
2022-08-02 21:05:54,964 [grpc-default-executor-2] DEBUG leader.FollowerInfo (FollowerInfoImpl.java:lambda$new$1(49)) - s0@group-DBBE7E7C6C61->s2: commitIndex: updateToMax old=1, new=1, updated? false
2022-08-02 21:05:54,964 [grpc-default-executor-2] DEBUG leader.FollowerInfo (FollowerInfoImpl.java:lambda$new$1(49)) - s0@group-DBBE7E7C6C61->s2: matchIndex: updateToMax old=2, new=-1, updated? false
2022-08-02 21:05:54,965 [grpc-default-executor-3] DEBUG leader.FollowerInfo (FollowerInfoImpl.java:lambda$new$1(49)) - s0@group-DBBE7E7C6C61->s1: commitIndex: updateToMax old=1, new=1, updated? false
2022-08-02 21:05:54,965 [grpc-default-executor-3] DEBUG leader.FollowerInfo (FollowerInfoImpl.java:lambda$new$1(49)) - s0@group-DBBE7E7C6C61->s1: matchIndex: updateToMax old=2, new=-1, updated? false
2022-08-02 21:05:54,965 [grpc-default-executor-2] DEBUG leader.FollowerInfo (FollowerInfoImpl.java:lambda$new$1(49)) - s0@group-DBBE7E7C6C61->s2: commitIndex: updateToMax old=1, new=1, updated? false
2022-08-02 21:05:54,965 [grpc-default-executor-2] DEBUG leader.FollowerInfo (FollowerInfoImpl.java:lambda$new$1(49)) - s0@group-DBBE7E7C6C61->s2: matchIndex: updateToMax old=2, new=-1, updated? false
2022-08-02 21:05:54,966 [grpc-default-executor-3] DEBUG leader.FollowerInfo (FollowerInfoImpl.java:lambda$new$1(49)) - s0@group-DBBE7E7C6C61->s1: commitIndex: updateToMax old=1, new=1, updated? false
2022-08-02 21:05:54,966 [grpc-default-executor-3] DEBUG leader.FollowerInfo (FollowerInfoImpl.java:lambda$new$1(49)) - s0@group-DBBE7E7C6C61->s1: matchIndex: updateToMax old=2, new=-1, updated? false
2022-08-02 21:05:54,967 [grpc-default-executor-2] DEBUG leader.FollowerInfo (FollowerInfoImpl.java:lambda$new$1(49)) - s0@group-DBBE7E7C6C61->s2: commitIndex: updateToMax old=1, new=1, updated? false
2022-08-02 21:05:54,967 [grpc-default-executor-2] DEBUG leader.FollowerInfo (FollowerInfoImpl.java:lambda$new$1(49)) - s0@group-DBBE7E7C6C61->s2: matchIndex: updateToMax old=2, new=-1, updated? false
2022-08-02 21:05:54,968 [grpc-default-executor-3] DEBUG leader.FollowerInfo (FollowerInfoImpl.java:lambda$new$1(49)) - s0@group-DBBE7E7C6C61->s1: commitIndex: updateToMax old=1, new=1, updated? false
2022-08-02 21:05:54,968 [grpc-default-executor-3] DEBUG leader.FollowerInfo (FollowerInfoImpl.java:lambda$new$1(49)) - s0@group-DBBE7E7C6C61->s1: matchIndex: updateToMax old=2, new=-1, updated? false
2022-08-02 21:05:54,969 [grpc-default-executor-2] DEBUG leader.FollowerInfo (FollowerInfoImpl.java:lambda$new$1(49)) - s0@group-DBBE7E7C6C61->s2: commitIndex: updateToMax old=1, new=1, updated? false
2022-08-02 21:05:54,969 [grpc-default-executor-2] DEBUG leader.FollowerInfo (FollowerInfoImpl.java:lambda$new$1(49)) - s0@group-DBBE7E7C6C61->s2: matchIndex: updateToMax old=2, new=-1, updated? false
2022-08-02 21:05:54,970 [grpc-default-executor-3] DEBUG leader.FollowerInfo (FollowerInfoImpl.java:lambda$new$1(49)) - s0@group-DBBE7E7C6C61->s1: commitIndex: updateToMax old=1, new=1, updated? false
2022-08-02 21:05:54,970 [grpc-default-executor-3] DEBUG leader.FollowerInfo (FollowerInfoImpl.java:lambda$new$1(49)) - s0@group-DBBE7E7C6C61->s1: matchIndex: updateToMax old=2, new=-1, updated? false
2022-08-02 21:05:54,970 [grpc-default-executor-2] DEBUG leader.FollowerInfo (FollowerInfoImpl.java:lambda$new$1(49)) - s0@group-DBBE7E7C6C61->s2: commitIndex: updateToMax old=1, new=1, updated? false
2022-08-02 21:05:54,970 [grpc-default-executor-2] DEBUG leader.FollowerInfo (FollowerInfoImpl.java:lambda$new$1(49)) - s0@group-DBBE7E7C6C61->s2: matchIndex: updateToMax old=2, new=-1, updated? false
2022-08-02 21:05:54,971 [grpc-default-executor-3] DEBUG leader.FollowerInfo (FollowerInfoImpl.java:lambda$new$1(49)) - s0@group-DBBE7E7C6C61->s1: commitIndex: updateToMax old=1, new=1, updated? false
2022-08-02 21:05:54,971 [grpc-default-executor-3] DEBUG leader.FollowerInfo (FollowerInfoImpl.java:lambda$new$1(49)) - s0@group-DBBE7E7C6C61->s1: matchIndex: updateToMax old=2, new=-1, updated? false
2022-08-02 21:05:54,972 [grpc-default-executor-2] DEBUG leader.FollowerInfo (FollowerInfoImpl.java:lambda$new$1(49)) - s0@group-DBBE7E7C6C61->s2: commitIndex: updateToMax old=1, new=1, updated? false
2022-08-02 21:05:54,972 [grpc-default-executor-2] DEBUG leader.FollowerInfo (FollowerInfoImpl.java:lambda$new$1(49)) - s0@group-DBBE7E7C6C61->s2: matchIndex: updateToMax old=2, new=-1, updated? false
2022-08-02 21:05:54,973 [grpc-default-executor-3] DEBUG leader.FollowerInfo (FollowerInfoImpl.java:lambda$new$1(49)) - s0@group-DBBE7E7C6C61->s1: commitIndex: updateToMax old=1, new=1, updated? false
2022-08-02 21:05:54,973 [grpc-default-executor-3] DEBUG leader.FollowerInfo (FollowerInfoImpl.java:lambda$new$1(49)) - s0@group-DBBE7E7C6C61->s1: matchIndex: updateToMax old=2, new=-1, updated? false
2022-08-02 21:05:54,974 [grpc-default-executor-2] DEBUG leader.FollowerInfo (FollowerInfoImpl.java:lambda$new$1(49)) - s0@group-DBBE7E7C6C61->s2: commitIndex: updateToMax old=1, new=1, updated? false
2022-08-02 21:05:54,974 [grpc-default-executor-2] DEBUG leader.FollowerInfo (FollowerInfoImpl.java:lambda$new$1(49)) - s0@group-DBBE7E7C6C61->s2: matchIndex: updateToMax old=2, new=-1, updated? false
2022-08-02 21:05:54,974 [grpc-default-executor-3] DEBUG leader.FollowerInfo (FollowerInfoImpl.java:lambda$new$1(49)) - s0@group-DBBE7E7C6C61->s1: commitIndex: updateToMax old=1, new=1, updated? false
2022-08-02 21:05:54,975 [grpc-default-executor-3] DEBUG leader.FollowerInfo (FollowerInfoImpl.java:lambda$new$1(49)) - s0@group-DBBE7E7C6C61->s1: matchIndex: updateToMax old=2, new=-1, updated? false
2022-08-02 21:05:54,976 [grpc-default-executor-2] DEBUG leader.FollowerInfo (FollowerInfoImpl.java:lambda$new$1(49)) - s0@group-DBBE7E7C6C61->s2: commitIndex: updateToMax old=1, new=1, updated? false
2022-08-02 21:05:54,976 [grpc-default-executor-2] DEBUG leader.FollowerInfo (FollowerInfoImpl.java:lambda$new$1(49)) - s0@group-DBBE7E7C6C61->s2: matchIndex: updateToMax old=2, new=-1, updated? false
2022-08-02 21:05:54,977 [grpc-default-executor-3] DEBUG leader.FollowerInfo (FollowerInfoImpl.java:lambda$new$1(49)) - s0@group-DBBE7E7C6C61->s1: commitIndex: updateToMax old=1, new=1, updated? false
2022-08-02 21:05:54,977 [grpc-default-executor-3] DEBUG leader.FollowerInfo (FollowerInfoImpl.java:lambda$new$1(49)) - s0@group-DBBE7E7C6C61->s1: matchIndex: updateToMax old=2, new=-1, updated? false
2022-08-02 21:05:54,978 [grpc-default-executor-2] DEBUG leader.FollowerInfo (FollowerInfoImpl.java:lambda$new$1(49)) - s0@group-DBBE7E7C6C61->s2: commitIndex: updateToMax old=1, new=1, updated? false
2022-08-02 21:05:54,978 [grpc-default-executor-2] DEBUG leader.FollowerInfo (FollowerInfoImpl.java:lambda$new$1(49)) - s0@group-DBBE7E7C6C61->s2: matchIndex: updateToMax old=2, new=-1, updated? false
2022-08-02 21:05:54,978 [grpc-default-executor-3] DEBUG leader.FollowerInfo (FollowerInfoImpl.java:lambda$new$1(49)) - s0@group-DBBE7E7C6C61->s1: commitIndex: updateToMax old=1, new=1, updated? false
2022-08-02 21:05:54,978 [grpc-default-executor-3] DEBUG leader.FollowerInfo (FollowerInfoImpl.java:lambda$new$1(49)) - s0@group-DBBE7E7C6C61->s1: matchIndex: updateToMax old=2, new=-1, updated? false
2022-08-02 21:05:54,979 [grpc-default-executor-2] DEBUG leader.FollowerInfo (FollowerInfoImpl.java:lambda$new$1(49)) - s0@group-DBBE7E7C6C61->s2: commitIndex: updateToMax old=1, new=1, updated? false
2022-08-02 21:05:54,980 [grpc-default-executor-2] DEBUG leader.FollowerInfo (FollowerInfoImpl.java:lambda$new$1(49)) - s0@group-DBBE7E7C6C61->s2: matchIndex: updateToMax old=2, new=-1, updated? false
2022-08-02 21:05:54,980 [grpc-default-executor-3] DEBUG leader.FollowerInfo (FollowerInfoImpl.java:lambda$new$1(49)) - s0@group-DBBE7E7C6C61->s1: commitIndex: updateToMax old=1, new=1, updated? false
2022-08-02 21:05:54,980 [grpc-default-executor-3] DEBUG leader.FollowerInfo (FollowerInfoImpl.java:lambda$new$1(49)) - s0@group-DBBE7E7C6C61->s1: matchIndex: updateToMax old=2, new=-1, updated? false
2022-08-02 21:05:54,981 [grpc-default-executor-2] DEBUG leader.FollowerInfo (FollowerInfoImpl.java:lambda$new$1(49)) - s0@group-DBBE7E7C6C61->s2: commitIndex: updateToMax old=1, new=1, updated? false
2022-08-02 21:05:54,981 [grpc-default-executor-2] DEBUG leader.FollowerInfo (FollowerInfoImpl.java:lambda$new$1(49)) - s0@group-DBBE7E7C6C61->s2: matchIndex: updateToMax old=2, new=-1, updated? false
2022-08-02 21:05:54,982 [grpc-default-executor-3] DEBUG leader.FollowerInfo (FollowerInfoImpl.java:lambda$new$1(49)) - s0@group-DBBE7E7C6C61->s1: commitIndex: updateToMax old=1, new=1, updated? false
2022-08-02 21:05:54,982 [grpc-default-executor-3] DEBUG leader.FollowerInfo (FollowerInfoImpl.java:lambda$new$1(49)) - s0@group-DBBE7E7C6C61->s1: matchIndex: updateToMax old=2, new=-1, updated? false
2022-08-02 21:05:54,983 [grpc-default-executor-2] DEBUG leader.FollowerInfo (FollowerInfoImpl.java:lambda$new$1(49)) - s0@group-DBBE7E7C6C61->s2: commitIndex: updateToMax old=1, new=1, updated? false
2022-08-02 21:05:54,983 [grpc-default-executor-2] DEBUG leader.FollowerInfo (FollowerInfoImpl.java:lambda$new$1(49)) - s0@group-DBBE7E7C6C61->s2: matchIndex: updateToMax old=2, new=-1, updated? false
2022-08-02 21:05:54,984 [grpc-default-executor-3] DEBUG leader.FollowerInfo (FollowerInfoImpl.java:lambda$new$1(49)) - s0@group-DBBE7E7C6C61->s1: commitIndex: updateToMax old=1, new=1, updated? false
2022-08-02 21:05:54,984 [grpc-default-executor-3] DEBUG leader.FollowerInfo (FollowerInfoImpl.java:lambda$new$1(49)) - s0@group-DBBE7E7C6C61->s1: matchIndex: updateToMax old=2, new=-1, updated? false
2022-08-02 21:05:54,984 [grpc-default-executor-2] DEBUG leader.FollowerInfo (FollowerInfoImpl.java:lambda$new$1(49)) - s0@group-DBBE7E7C6C61->s2: commitIndex: updateToMax old=1, new=1, updated? false
2022-08-02 21:05:54,984 [grpc-default-executor-2] DEBUG leader.FollowerInfo (FollowerInfoImpl.java:lambda$new$1(49)) - s0@group-DBBE7E7C6C61->s2: matchIndex: updateToMax old=2, new=-1, updated? false
2022-08-02 21:05:54,985 [grpc-default-executor-3] DEBUG leader.FollowerInfo (FollowerInfoImpl.java:lambda$new$1(49)) - s0@group-DBBE7E7C6C61->s1: commitIndex: updateToMax old=1, new=1, updated? false
2022-08-02 21:05:54,985 [grpc-default-executor-3] DEBUG leader.FollowerInfo (FollowerInfoImpl.java:lambda$new$1(49)) - s0@group-DBBE7E7C6C61->s1: matchIndex: updateToMax old=2, new=-1, updated? false
2022-08-02 21:05:54,986 [grpc-default-executor-2] DEBUG leader.FollowerInfo (FollowerInfoImpl.java:lambda$new$1(49)) - s0@group-DBBE7E7C6C61->s2: commitIndex: updateToMax old=1, new=1, updated? false
2022-08-02 21:05:54,986 [grpc-default-executor-2] DEBUG leader.FollowerInfo (FollowerInfoImpl.java:lambda$new$1(49)) - s0@group-DBBE7E7C6C61->s2: matchIndex: updateToMax old=2, new=-1, updated? false
2022-08-02 21:05:54,987 [grpc-default-executor-3] DEBUG leader.FollowerInfo (FollowerInfoImpl.java:lambda$new$1(49)) - s0@group-DBBE7E7C6C61->s1: commitIndex: updateToMax old=1, new=1, updated? false
2022-08-02 21:05:54,987 [grpc-default-executor-3] DEBUG leader.FollowerInfo (FollowerInfoImpl.java:lambda$new$1(49)) - s0@group-DBBE7E7C6C61->s1: matchIndex: updateToMax old=2, new=-1, updated? false
2022-08-02 21:05:54,988 [grpc-default-executor-2] DEBUG leader.FollowerInfo (FollowerInfoImpl.java:lambda$new$1(49)) - s0@group-DBBE7E7C6C61->s2: commitIndex: updateToMax old=1, new=1, updated? false
2022-08-02 21:05:54,988 [grpc-default-executor-2] DEBUG leader.FollowerInfo (FollowerInfoImpl.java:lambda$new$1(49)) - s0@group-DBBE7E7C6C61->s2: matchIndex: updateToMax old=2, new=-1, updated? false
2022-08-02 21:05:54,988 [grpc-default-executor-3] DEBUG leader.FollowerInfo (FollowerInfoImpl.java:lambda$new$1(49)) - s0@group-DBBE7E7C6C61->s1: commitIndex: updateToMax old=1, new=1, updated? false
2022-08-02 21:05:54,989 [grpc-default-executor-3] DEBUG leader.FollowerInfo (FollowerInfoImpl.java:lambda$new$1(49)) - s0@group-DBBE7E7C6C61->s1: matchIndex: updateToMax old=2, new=-1, updated? false
2022-08-02 21:05:54,989 [grpc-default-executor-2] DEBUG leader.FollowerInfo (FollowerInfoImpl.java:lambda$new$1(49)) - s0@group-DBBE7E7C6C61->s2: commitIndex: updateToMax old=1, new=1, updated? false
2022-08-02 21:05:54,989 [grpc-default-executor-2] DEBUG leader.FollowerInfo (FollowerInfoImpl.java:lambda$new$1(49)) - s0@group-DBBE7E7C6C61->s2: matchIndex: updateToMax old=2, new=-1, updated? false
2022-08-02 21:05:54,990 [grpc-default-executor-3] DEBUG leader.FollowerInfo (FollowerInfoImpl.java:lambda$new$1(49)) - s0@group-DBBE7E7C6C61->s1: commitIndex: updateToMax old=1, new=1, updated? false
2022-08-02 21:05:54,990 [grpc-default-executor-3] DEBUG leader.FollowerInfo (FollowerInfoImpl.java:lambda$new$1(49)) - s0@group-DBBE7E7C6C61->s1: matchIndex: updateToMax old=2, new=-1, updated? false
2022-08-02 21:05:54,991 [grpc-default-executor-2] DEBUG leader.FollowerInfo (FollowerInfoImpl.java:lambda$new$1(49)) - s0@group-DBBE7E7C6C61->s2: commitIndex: updateToMax old=1, new=1, updated? false
2022-08-02 21:05:54,991 [grpc-default-executor-2] DEBUG leader.FollowerInfo (FollowerInfoImpl.java:lambda$new$1(49)) - s0@group-DBBE7E7C6C61->s2: matchIndex: updateToMax old=2, new=-1, updated? false
2022-08-02 21:05:54,992 [grpc-default-executor-3] DEBUG leader.FollowerInfo (FollowerInfoImpl.java:lambda$new$1(49)) - s0@group-DBBE7E7C6C61->s1: commitIndex: updateToMax old=1, new=1, updated? false
2022-08-02 21:05:54,992 [grpc-default-executor-3] DEBUG leader.FollowerInfo (FollowerInfoImpl.java:lambda$new$1(49)) - s0@group-DBBE7E7C6C61->s1: matchIndex: updateToMax old=2, new=-1, updated? false
2022-08-02 21:05:54,993 [grpc-default-executor-2] DEBUG leader.FollowerInfo (FollowerInfoImpl.java:lambda$new$1(49)) - s0@group-DBBE7E7C6C61->s2: commitIndex: updateToMax old=1, new=1, updated? false
2022-08-02 21:05:54,993 [grpc-default-executor-2] DEBUG leader.FollowerInfo (FollowerInfoImpl.java:lambda$new$1(49)) - s0@group-DBBE7E7C6C61->s2: matchIndex: updateToMax old=2, new=-1, updated? false
2022-08-02 21:05:54,994 [grpc-default-executor-3] DEBUG leader.FollowerInfo (FollowerInfoImpl.java:lambda$new$1(49)) - s0@group-DBBE7E7C6C61->s1: commitIndex: updateToMax old=1, new=1, updated? false
2022-08-02 21:05:54,994 [grpc-default-executor-3] DEBUG leader.FollowerInfo (FollowerInfoImpl.java:lambda$new$1(49)) - s0@group-DBBE7E7C6C61->s1: matchIndex: updateToMax old=2, new=-1, updated? false
2022-08-02 21:05:54,994 [grpc-default-executor-2] DEBUG leader.FollowerInfo (FollowerInfoImpl.java:lambda$new$1(49)) - s0@group-DBBE7E7C6C61->s2: commitIndex: updateToMax old=1, new=1, updated? false
2022-08-02 21:05:54,994 [grpc-default-executor-2] DEBUG leader.FollowerInfo (FollowerInfoImpl.java:lambda$new$1(49)) - s0@group-DBBE7E7C6C61->s2: matchIndex: updateToMax old=2, new=-1, updated? false
2022-08-02 21:05:54,995 [grpc-default-executor-3] DEBUG leader.FollowerInfo (FollowerInfoImpl.java:lambda$new$1(49)) - s0@group-DBBE7E7C6C61->s1: commitIndex: updateToMax old=1, new=1, updated? false
2022-08-02 21:05:54,995 [grpc-default-executor-3] DEBUG leader.FollowerInfo (FollowerInfoImpl.java:lambda$new$1(49)) - s0@group-DBBE7E7C6C61->s1: matchIndex: updateToMax old=2, new=-1, updated? false
2022-08-02 21:05:54,996 [grpc-default-executor-2] DEBUG leader.FollowerInfo (FollowerInfoImpl.java:lambda$new$1(49)) - s0@group-DBBE7E7C6C61->s2: commitIndex: updateToMax old=1, new=1, updated? false
2022-08-02 21:05:54,996 [grpc-default-executor-2] DEBUG leader.FollowerInfo (FollowerInfoImpl.java:lambda$new$1(49)) - s0@group-DBBE7E7C6C61->s2: matchIndex: updateToMax old=2, new=-1, updated? false
2022-08-02 21:05:54,997 [grpc-default-executor-3] DEBUG leader.FollowerInfo (FollowerInfoImpl.java:lambda$new$1(49)) - s0@group-DBBE7E7C6C61->s1: commitIndex: updateToMax old=1, new=1, updated? false
2022-08-02 21:05:54,997 [grpc-default-executor-3] DEBUG leader.FollowerInfo (FollowerInfoImpl.java:lambda$new$1(49)) - s0@group-DBBE7E7C6C61->s1: matchIndex: updateToMax old=2, new=-1, updated? false
2022-08-02 21:05:54,998 [grpc-default-executor-2] DEBUG leader.FollowerInfo (FollowerInfoImpl.java:lambda$new$1(49)) - s0@group-DBBE7E7C6C61->s2: commitIndex: updateToMax old=1, new=1, updated? false
2022-08-02 21:05:54,998 [grpc-default-executor-2] DEBUG leader.FollowerInfo (FollowerInfoImpl.java:lambda$new$1(49)) - s0@group-DBBE7E7C6C61->s2: matchIndex: updateToMax old=2, new=-1, updated? false
2022-08-02 21:05:54,998 [grpc-default-executor-3] DEBUG leader.FollowerInfo (FollowerInfoImpl.java:lambda$new$1(49)) - s0@group-DBBE7E7C6C61->s1: commitIndex: updateToMax old=1, new=1, updated? false
2022-08-02 21:05:54,998 [grpc-default-executor-3] DEBUG leader.FollowerInfo (FollowerInfoImpl.java:lambda$new$1(49)) - s0@group-DBBE7E7C6C61->s1: matchIndex: updateToMax old=2, new=-1, updated? false
2022-08-02 21:05:54,999 [grpc-default-executor-2] DEBUG leader.FollowerInfo (FollowerInfoImpl.java:lambda$new$1(49)) - s0@group-DBBE7E7C6C61->s2: commitIndex: updateToMax old=1, new=1, updated? false
2022-08-02 21:05:54,999 [grpc-default-executor-2] DEBUG leader.FollowerInfo (FollowerInfoImpl.java:lambda$new$1(49)) - s0@group-DBBE7E7C6C61->s2: matchIndex: updateToMax old=2, new=-1, updated? false
2022-08-02 21:05:55,000 [grpc-default-executor-3] DEBUG leader.FollowerInfo (FollowerInfoImpl.java:lambda$new$1(49)) - s0@group-DBBE7E7C6C61->s1: commitIndex: updateToMax old=1, new=1, updated? false
2022-08-02 21:05:55,000 [grpc-default-executor-3] DEBUG leader.FollowerInfo (FollowerInfoImpl.java:lambda$new$1(49)) - s0@group-DBBE7E7C6C61->s1: matchIndex: updateToMax old=2, new=-1, updated? false
2022-08-02 21:05:55,001 [grpc-default-executor-2] DEBUG leader.FollowerInfo (FollowerInfoImpl.java:lambda$new$1(49)) - s0@group-DBBE7E7C6C61->s2: commitIndex: updateToMax old=1, new=1, updated? false
2022-08-02 21:05:55,001 [grpc-default-executor-2] DEBUG leader.FollowerInfo (FollowerInfoImpl.java:lambda$new$1(49)) - s0@group-DBBE7E7C6C61->s2: matchIndex: updateToMax old=2, new=-1, updated? false
2022-08-02 21:05:55,002 [grpc-default-executor-3] DEBUG leader.FollowerInfo (FollowerInfoImpl.java:lambda$new$1(49)) - s0@group-DBBE7E7C6C61->s1: commitIndex: updateToMax old=1, new=1, updated? false
2022-08-02 21:05:55,002 [grpc-default-executor-3] DEBUG leader.FollowerInfo (FollowerInfoImpl.java:lambda$new$1(49)) - s0@group-DBBE7E7C6C61->s1: matchIndex: updateToMax old=2, new=-1, updated? false
2022-08-02 21:05:55,002 [grpc-default-executor-2] DEBUG leader.FollowerInfo (FollowerInfoImpl.java:lambda$new$1(49)) - s0@group-DBBE7E7C6C61->s2: commitIndex: updateToMax old=1, new=1, updated? false
2022-08-02 21:05:55,003 [grpc-default-executor-2] DEBUG leader.FollowerInfo (FollowerInfoImpl.java:lambda$new$1(49)) - s0@group-DBBE7E7C6C61->s2: matchIndex: updateToMax old=2, new=-1, updated? false
2022-08-02 21:05:55,003 [grpc-default-executor-3] DEBUG leader.FollowerInfo (FollowerInfoImpl.java:lambda$new$1(49)) - s0@group-DBBE7E7C6C61->s1: commitIndex: updateToMax old=1, new=1, updated? false
2022-08-02 21:05:55,003 [grpc-default-executor-3] DEBUG leader.FollowerInfo (FollowerInfoImpl.java:lambda$new$1(49)) - s0@group-DBBE7E7C6C61->s1: matchIndex: updateToMax old=2, new=-1, updated? false
2022-08-02 21:05:55,004 [grpc-default-executor-2] DEBUG leader.FollowerInfo (FollowerInfoImpl.java:lambda$new$1(49)) - s0@group-DBBE7E7C6C61->s2: commitIndex: updateToMax old=1, new=1, updated? false
2022-08-02 21:05:55,004 [grpc-default-executor-2] DEBUG leader.FollowerInfo (FollowerInfoImpl.java:lambda$new$1(49)) - s0@group-DBBE7E7C6C61->s2: matchIndex: updateToMax old=2, new=-1, updated? false
2022-08-02 21:05:55,005 [grpc-default-executor-3] DEBUG leader.FollowerInfo (FollowerInfoImpl.java:lambda$new$1(49)) - s0@group-DBBE7E7C6C61->s1: commitIndex: updateToMax old=1, new=1, updated? false
2022-08-02 21:05:55,005 [grpc-default-executor-3] DEBUG leader.FollowerInfo (FollowerInfoImpl.java:lambda$new$1(49)) - s0@group-DBBE7E7C6C61->s1: matchIndex: updateToMax old=2, new=-1, updated? false
2022-08-02 21:05:55,006 [grpc-default-executor-2] DEBUG leader.FollowerInfo (FollowerInfoImpl.java:lambda$new$1(49)) - s0@group-DBBE7E7C6C61->s2: commitIndex: updateToMax old=1, new=1, updated? false
2022-08-02 21:05:55,006 [grpc-default-executor-2] DEBUG leader.FollowerInfo (FollowerInfoImpl.java:lambda$new$1(49)) - s0@group-DBBE7E7C6C61->s2: matchIndex: updateToMax old=2, new=-1, updated? false
2022-08-02 21:05:55,007 [grpc-default-executor-3] DEBUG leader.FollowerInfo (FollowerInfoImpl.java:lambda$new$1(49)) - s0@group-DBBE7E7C6C61->s1: commitIndex: updateToMax old=1, new=1, updated? false
2022-08-02 21:05:55,007 [grpc-default-executor-3] DEBUG leader.FollowerInfo (FollowerInfoImpl.java:lambda$new$1(49)) - s0@group-DBBE7E7C6C61->s1: matchIndex: updateToMax old=2, new=-1, updated? false
2022-08-02 21:05:55,008 [grpc-default-executor-2] DEBUG leader.FollowerInfo (FollowerInfoImpl.java:lambda$new$1(49)) - s0@group-DBBE7E7C6C61->s2: commitIndex: updateToMax old=1, new=1, updated? false
2022-08-02 21:05:55,008 [grpc-default-executor-2] DEBUG leader.FollowerInfo (FollowerInfoImpl.java:lambda$new$1(49)) - s0@group-DBBE7E7C6C61->s2: matchIndex: updateToMax old=2, new=-1, updated? false
2022-08-02 21:05:55,008 [grpc-default-executor-3] DEBUG leader.FollowerInfo (FollowerInfoImpl.java:lambda$new$1(49)) - s0@group-DBBE7E7C6C61->s1: commitIndex: updateToMax old=1, new=1, updated? false
2022-08-02 21:05:55,008 [grpc-default-executor-3] DEBUG leader.FollowerInfo (FollowerInfoImpl.java:lambda$new$1(49)) - s0@group-DBBE7E7C6C61->s1: matchIndex: updateToMax old=2, new=-1, updated? false
2022-08-02 21:05:55,009 [grpc-default-executor-2] DEBUG leader.FollowerInfo (FollowerInfoImpl.java:lambda$new$1(49)) - s0@group-DBBE7E7C6C61->s2: commitIndex: updateToMax old=1, new=1, updated? false
2022-08-02 21:05:55,009 [grpc-default-executor-2] DEBUG leader.FollowerInfo (FollowerInfoImpl.java:lambda$new$1(49)) - s0@group-DBBE7E7C6C61->s2: matchIndex: updateToMax old=2, new=-1, updated? false
2022-08-02 21:05:55,010 [grpc-default-executor-3] DEBUG leader.FollowerInfo (FollowerInfoImpl.java:lambda$new$1(49)) - s0@group-DBBE7E7C6C61->s1: commitIndex: updateToMax old=1, new=1, updated? false
2022-08-02 21:05:55,010 [grpc-default-executor-3] DEBUG leader.FollowerInfo (FollowerInfoImpl.java:lambda$new$1(49)) - s0@group-DBBE7E7C6C61->s1: matchIndex: updateToMax old=2, new=-1, updated? false
2022-08-02 21:05:55,011 [grpc-default-executor-2] DEBUG leader.FollowerInfo (FollowerInfoImpl.java:lambda$new$1(49)) - s0@group-DBBE7E7C6C61->s2: commitIndex: updateToMax old=1, new=1, updated? false
2022-08-02 21:05:55,011 [grpc-default-executor-2] DEBUG leader.FollowerInfo (FollowerInfoImpl.java:lambda$new$1(49)) - s0@group-DBBE7E7C6C61->s2: matchIndex: updateToMax old=2, new=-1, updated? false
2022-08-02 21:05:55,012 [grpc-default-executor-3] DEBUG leader.FollowerInfo (FollowerInfoImpl.java:lambda$new$1(49)) - s0@group-DBBE7E7C6C61->s1: commitIndex: updateToMax old=1, new=1, updated? false
2022-08-02 21:05:55,012 [grpc-default-executor-3] DEBUG leader.FollowerInfo (FollowerInfoImpl.java:lambda$new$1(49)) - s0@group-DBBE7E7C6C61->s1: matchIndex: updateToMax old=2, new=-1, updated? false
2022-08-02 21:05:55,012 [grpc-default-executor-2] DEBUG leader.FollowerInfo (FollowerInfoImpl.java:lambda$new$1(49)) - s0@group-DBBE7E7C6C61->s2: commitIndex: updateToMax old=1, new=1, updated? false
2022-08-02 21:05:55,013 [grpc-default-executor-2] DEBUG leader.FollowerInfo (FollowerInfoImpl.java:lambda$new$1(49)) - s0@group-DBBE7E7C6C61->s2: matchIndex: updateToMax old=2, new=-1, updated? false
2022-08-02 21:05:55,013 [grpc-default-executor-3] DEBUG leader.FollowerInfo (FollowerInfoImpl.java:lambda$new$1(49)) - s0@group-DBBE7E7C6C61->s1: commitIndex: updateToMax old=1, new=1, updated? false
2022-08-02 21:05:55,013 [grpc-default-executor-3] DEBUG leader.FollowerInfo (FollowerInfoImpl.java:lambda$new$1(49)) - s0@group-DBBE7E7C6C61->s1: matchIndex: updateToMax old=2, new=-1, updated? false
2022-08-02 21:05:55,014 [grpc-default-executor-2] DEBUG leader.FollowerInfo (FollowerInfoImpl.java:lambda$new$1(49)) - s0@group-DBBE7E7C6C61->s2: commitIndex: updateToMax old=1, new=1, updated? false
2022-08-02 21:05:55,014 [grpc-default-executor-2] DEBUG leader.FollowerInfo (FollowerInfoImpl.java:lambda$new$1(49)) - s0@group-DBBE7E7C6C61->s2: matchIndex: updateToMax old=2, new=-1, updated? false
2022-08-02 21:05:55,015 [grpc-default-executor-3] DEBUG leader.FollowerInfo (FollowerInfoImpl.java:lambda$new$1(49)) - s0@group-DBBE7E7C6C61->s1: commitIndex: updateToMax old=1, new=1, updated? false
2022-08-02 21:05:55,015 [grpc-default-executor-3] DEBUG leader.FollowerInfo (FollowerInfoImpl.java:lambda$new$1(49)) - s0@group-DBBE7E7C6C61->s1: matchIndex: updateToMax old=2, new=-1, updated? false
2022-08-02 21:05:55,016 [grpc-default-executor-2] DEBUG leader.FollowerInfo (FollowerInfoImpl.java:lambda$new$1(49)) - s0@group-DBBE7E7C6C61->s2: commitIndex: updateToMax old=1, new=1, updated? false
2022-08-02 21:05:55,016 [grpc-default-executor-2] DEBUG leader.FollowerInfo (FollowerInfoImpl.java:lambda$new$1(49)) - s0@group-DBBE7E7C6C61->s2: matchIndex: updateToMax old=2, new=-1, updated? false
2022-08-02 21:05:55,016 [grpc-default-executor-3] DEBUG leader.FollowerInfo (FollowerInfoImpl.java:lambda$new$1(49)) - s0@group-DBBE7E7C6C61->s1: commitIndex: updateToMax old=1, new=1, updated? false
2022-08-02 21:05:55,016 [grpc-default-executor-3] DEBUG leader.FollowerInfo (FollowerInfoImpl.java:lambda$new$1(49)) - s0@group-DBBE7E7C6C61->s1: matchIndex: updateToMax old=2, new=-1, updated? false
2022-08-02 21:05:55,017 [grpc-default-executor-2] DEBUG leader.FollowerInfo (FollowerInfoImpl.java:lambda$new$1(49)) - s0@group-DBBE7E7C6C61->s2: commitIndex: updateToMax old=1, new=1, updated? false
2022-08-02 21:05:55,017 [grpc-default-executor-2] DEBUG leader.FollowerInfo (FollowerInfoImpl.java:lambda$new$1(49)) - s0@group-DBBE7E7C6C61->s2: matchIndex: updateToMax old=2, new=-1, updated? false
2022-08-02 21:05:55,018 [grpc-default-executor-3] DEBUG leader.FollowerInfo (FollowerInfoImpl.java:lambda$new$1(49)) - s0@group-DBBE7E7C6C61->s1: commitIndex: updateToMax old=1, new=1, updated? false
2022-08-02 21:05:55,018 [grpc-default-executor-3] DEBUG leader.FollowerInfo (FollowerInfoImpl.java:lambda$new$1(49)) - s0@group-DBBE7E7C6C61->s1: matchIndex: updateToMax old=2, new=-1, updated? false
2022-08-02 21:05:55,019 [grpc-default-executor-2] DEBUG leader.FollowerInfo (FollowerInfoImpl.java:lambda$new$1(49)) - s0@group-DBBE7E7C6C61->s2: commitIndex: updateToMax old=1, new=1, updated? false
2022-08-02 21:05:55,019 [grpc-default-executor-2] DEBUG leader.FollowerInfo (FollowerInfoImpl.java:lambda$new$1(49)) - s0@group-DBBE7E7C6C61->s2: matchIndex: updateToMax old=2, new=-1, updated? false
2022-08-02 21:05:55,020 [grpc-default-executor-3] DEBUG leader.FollowerInfo (FollowerInfoImpl.java:lambda$new$1(49)) - s0@group-DBBE7E7C6C61->s1: commitIndex: updateToMax old=1, new=1, updated? false
2022-08-02 21:05:55,020 [grpc-default-executor-3] DEBUG leader.FollowerInfo (FollowerInfoImpl.java:lambda$new$1(49)) - s0@group-DBBE7E7C6C61->s1: matchIndex: updateToMax old=2, new=-1, updated? false
2022-08-02 21:05:55,020 [grpc-default-executor-2] DEBUG leader.FollowerInfo (FollowerInfoImpl.java:lambda$new$1(49)) - s0@group-DBBE7E7C6C61->s2: commitIndex: updateToMax old=1, new=1, updated? false
2022-08-02 21:05:55,020 [grpc-default-executor-2] DEBUG leader.FollowerInfo (FollowerInfoImpl.java:lambda$new$1(49)) - s0@group-DBBE7E7C6C61->s2: matchIndex: updateToMax old=2, new=-1, updated? false
2022-08-02 21:05:55,021 [grpc-default-executor-3] DEBUG leader.FollowerInfo (FollowerInfoImpl.java:lambda$new$1(49)) - s0@group-DBBE7E7C6C61->s1: commitIndex: updateToMax old=1, new=1, updated? false
2022-08-02 21:05:55,021 [grpc-default-executor-3] DEBUG leader.FollowerInfo (FollowerInfoImpl.java:lambda$new$1(49)) - s0@group-DBBE7E7C6C61->s1: matchIndex: updateToMax old=2, new=-1, updated? false
2022-08-02 21:05:55,022 [grpc-default-executor-2] DEBUG leader.FollowerInfo (FollowerInfoImpl.java:lambda$new$1(49)) - s0@group-DBBE7E7C6C61->s2: commitIndex: updateToMax old=1, new=1, updated? false
2022-08-02 21:05:55,022 [grpc-default-executor-2] DEBUG leader.FollowerInfo (FollowerInfoImpl.java:lambda$new$1(49)) - s0@group-DBBE7E7C6C61->s2: matchIndex: updateToMax old=2, new=-1, updated? false
2022-08-02 21:05:55,023 [grpc-default-executor-3] DEBUG leader.FollowerInfo (FollowerInfoImpl.java:lambda$new$1(49)) - s0@group-DBBE7E7C6C61->s1: commitIndex: updateToMax old=1, new=1, updated? false
2022-08-02 21:05:55,023 [grpc-default-executor-3] DEBUG leader.FollowerInfo (FollowerInfoImpl.java:lambda$new$1(49)) - s0@group-DBBE7E7C6C61->s1: matchIndex: updateToMax old=2, new=-1, updated? false
2022-08-02 21:05:55,024 [grpc-default-executor-2] DEBUG leader.FollowerInfo (FollowerInfoImpl.java:lambda$new$1(49)) - s0@group-DBBE7E7C6C61->s2: commitIndex: updateToMax old=1, new=1, updated? false
2022-08-02 21:05:55,024 [grpc-default-executor-2] DEBUG leader.FollowerInfo (FollowerInfoImpl.java:lambda$new$1(49)) - s0@group-DBBE7E7C6C61->s2: matchIndex: updateToMax old=2, new=-1, updated? false
2022-08-02 21:05:55,024 [grpc-default-executor-3] DEBUG leader.FollowerInfo (FollowerInfoImpl.java:lambda$new$1(49)) - s0@group-DBBE7E7C6C61->s1: commitIndex: updateToMax old=1, new=1, updated? false
2022-08-02 21:05:55,024 [grpc-default-executor-3] DEBUG leader.FollowerInfo (FollowerInfoImpl.java:lambda$new$1(49)) - s0@group-DBBE7E7C6C61->s1: matchIndex: updateToMax old=2, new=-1, updated? false
2022-08-02 21:05:55,025 [grpc-default-executor-2] DEBUG leader.FollowerInfo (FollowerInfoImpl.java:lambda$new$1(49)) - s0@group-DBBE7E7C6C61->s2: commitIndex: updateToMax old=1, new=1, updated? false
2022-08-02 21:05:55,025 [grpc-default-executor-2] DEBUG leader.FollowerInfo (FollowerInfoImpl.java:lambda$new$1(49)) - s0@group-DBBE7E7C6C61->s2: matchIndex: updateToMax old=2, new=-1, updated? false
2022-08-02 21:05:55,026 [grpc-default-executor-3] DEBUG leader.FollowerInfo (FollowerInfoImpl.java:lambda$new$1(49)) - s0@group-DBBE7E7C6C61->s1: commitIndex: updateToMax old=1, new=1, updated? false
2022-08-02 21:05:55,026 [grpc-default-executor-3] DEBUG leader.FollowerInfo (FollowerInfoImpl.java:lambda$new$1(49)) - s0@group-DBBE7E7C6C61->s1: matchIndex: updateToMax old=2, new=-1, updated? false
2022-08-02 21:05:55,027 [grpc-default-executor-2] DEBUG leader.FollowerInfo (FollowerInfoImpl.java:lambda$new$1(49)) - s0@group-DBBE7E7C6C61->s2: commitIndex: updateToMax old=1, new=1, updated? false
2022-08-02 21:05:55,027 [grpc-default-executor-2] DEBUG leader.FollowerInfo (FollowerInfoImpl.java:lambda$new$1(49)) - s0@group-DBBE7E7C6C61->s2: matchIndex: updateToMax old=2, new=-1, updated? false
2022-08-02 21:05:55,028 [grpc-default-executor-3] DEBUG leader.FollowerInfo (FollowerInfoImpl.java:lambda$new$1(49)) - s0@group-DBBE7E7C6C61->s1: commitIndex: updateToMax old=1, new=1, updated? false
2022-08-02 21:05:55,028 [grpc-default-executor-3] DEBUG leader.FollowerInfo (FollowerInfoImpl.java:lambda$new$1(49)) - s0@group-DBBE7E7C6C61->s1: matchIndex: updateToMax old=2, new=-1, updated? false
2022-08-02 21:05:55,029 [grpc-default-executor-2] DEBUG leader.FollowerInfo (FollowerInfoImpl.java:lambda$new$1(49)) - s0@group-DBBE7E7C6C61->s2: commitIndex: updateToMax old=1, new=1, updated? false
2022-08-02 21:05:55,029 [grpc-default-executor-2] DEBUG leader.FollowerInfo (FollowerInfoImpl.java:lambda$new$1(49)) - s0@group-DBBE7E7C6C61->s2: matchIndex: updateToMax old=2, new=-1, updated? false
2022-08-02 21:05:55,029 [grpc-default-executor-3] DEBUG leader.FollowerInfo (FollowerInfoImpl.java:lambda$new$1(49)) - s0@group-DBBE7E7C6C61->s1: commitIndex: updateToMax old=1, new=1, updated? false
2022-08-02 21:05:55,030 [grpc-default-executor-3] DEBUG leader.FollowerInfo (FollowerInfoImpl.java:lambda$new$1(49)) - s0@group-DBBE7E7C6C61->s1: matchIndex: updateToMax old=2, new=-1, updated? false
2022-08-02 21:05:55,030 [grpc-default-executor-2] DEBUG leader.FollowerInfo (FollowerInfoImpl.java:lambda$new$1(49)) - s0@group-DBBE7E7C6C61->s2: commitIndex: updateToMax old=1, new=1, updated? false
2022-08-02 21:05:55,030 [grpc-default-executor-2] DEBUG leader.FollowerInfo (FollowerInfoImpl.java:lambda$new$1(49)) - s0@group-DBBE7E7C6C61->s2: matchIndex: updateToMax old=2, new=-1, updated? false
2022-08-02 21:05:55,031 [grpc-default-executor-3] DEBUG leader.FollowerInfo (FollowerInfoImpl.java:lambda$new$1(49)) - s0@group-DBBE7E7C6C61->s1: commitIndex: updateToMax old=1, new=1, updated? false
2022-08-02 21:05:55,032 [grpc-default-executor-3] DEBUG leader.FollowerInfo (FollowerInfoImpl.java:lambda$new$1(49)) - s0@group-DBBE7E7C6C61->s1: matchIndex: updateToMax old=2, new=-1, updated? false
2022-08-02 21:05:55,032 [grpc-default-executor-2] DEBUG leader.FollowerInfo (FollowerInfoImpl.java:lambda$new$1(49)) - s0@group-DBBE7E7C6C61->s2: commitIndex: updateToMax old=1, new=1, updated? false
2022-08-02 21:05:55,032 [grpc-default-executor-2] DEBUG leader.FollowerInfo (FollowerInfoImpl.java:lambda$new$1(49)) - s0@group-DBBE7E7C6C61->s2: matchIndex: updateToMax old=2, new=-1, updated? false
2022-08-02 21:05:55,033 [grpc-default-executor-3] DEBUG leader.FollowerInfo (FollowerInfoImpl.java:lambda$new$1(49)) - s0@group-DBBE7E7C6C61->s1: commitIndex: updateToMax old=1, new=1, updated? false
2022-08-02 21:05:55,033 [grpc-default-executor-3] DEBUG leader.FollowerInfo (FollowerInfoImpl.java:lambda$new$1(49)) - s0@group-DBBE7E7C6C61->s1: matchIndex: updateToMax old=2, new=-1, updated? false
2022-08-02 21:05:55,034 [grpc-default-executor-2] DEBUG leader.FollowerInfo (FollowerInfoImpl.java:lambda$new$1(49)) - s0@group-DBBE7E7C6C61->s2: commitIndex: updateToMax old=1, new=1, updated? false
2022-08-02 21:05:55,034 [grpc-default-executor-2] DEBUG leader.FollowerInfo (FollowerInfoImpl.java:lambda$new$1(49)) - s0@group-DBBE7E7C6C61->s2: matchIndex: updateToMax old=2, new=-1, updated? false
2022-08-02 21:05:55,035 [grpc-default-executor-3] DEBUG leader.FollowerInfo (FollowerInfoImpl.java:lambda$new$1(49)) - s0@group-DBBE7E7C6C61->s1: commitIndex: updateToMax old=1, new=1, updated? false
2022-08-02 21:05:55,035 [grpc-default-executor-3] DEBUG leader.FollowerInfo (FollowerInfoImpl.java:lambda$new$1(49)) - s0@group-DBBE7E7C6C61->s1: matchIndex: updateToMax old=2, new=-1, updated? false
2022-08-02 21:05:55,036 [grpc-default-executor-2] DEBUG leader.FollowerInfo (FollowerInfoImpl.java:lambda$new$1(49)) - s0@group-DBBE7E7C6C61->s2: commitIndex: updateToMax old=1, new=1, updated? false
2022-08-02 21:05:55,036 [grpc-default-executor-2] DEBUG leader.FollowerInfo (FollowerInfoImpl.java:lambda$new$1(49)) - s0@group-DBBE7E7C6C61->s2: matchIndex: updateToMax old=2, new=-1, updated? false
2022-08-02 21:05:55,037 [grpc-default-executor-3] DEBUG leader.FollowerInfo (FollowerInfoImpl.java:lambda$new$1(49)) - s0@group-DBBE7E7C6C61->s1: commitIndex: updateToMax old=1, new=1, updated? false
2022-08-02 21:05:55,037 [grpc-default-executor-3] DEBUG leader.FollowerInfo (FollowerInfoImpl.java:lambda$new$1(49)) - s0@group-DBBE7E7C6C61->s1: matchIndex: updateToMax old=2, new=-1, updated? false
2022-08-02 21:05:55,037 [grpc-default-executor-2] DEBUG leader.FollowerInfo (FollowerInfoImpl.java:lambda$new$1(49)) - s0@group-DBBE7E7C6C61->s2: commitIndex: updateToMax old=1, new=1, updated? false
2022-08-02 21:05:55,038 [grpc-default-executor-2] DEBUG leader.FollowerInfo (FollowerInfoImpl.java:lambda$new$1(49)) - s0@group-DBBE7E7C6C61->s2: matchIndex: updateToMax old=2, new=-1, updated? false
2022-08-02 21:05:55,038 [grpc-default-executor-3] DEBUG leader.FollowerInfo (FollowerInfoImpl.java:lambda$new$1(49)) - s0@group-DBBE7E7C6C61->s1: commitIndex: updateToMax old=1, new=1, updated? false
2022-08-02 21:05:55,038 [grpc-default-executor-3] DEBUG leader.FollowerInfo (FollowerInfoImpl.java:lambda$new$1(49)) - s0@group-DBBE7E7C6C61->s1: matchIndex: updateToMax old=2, new=-1, updated? false
2022-08-02 21:05:55,039 [grpc-default-executor-2] DEBUG leader.FollowerInfo (FollowerInfoImpl.java:lambda$new$1(49)) - s0@group-DBBE7E7C6C61->s2: commitIndex: updateToMax old=1, new=1, updated? false
2022-08-02 21:05:55,039 [grpc-default-executor-2] DEBUG leader.FollowerInfo (FollowerInfoImpl.java:lambda$new$1(49)) - s0@group-DBBE7E7C6C61->s2: matchIndex: updateToMax old=2, new=-1, updated? false
2022-08-02 21:05:55,040 [grpc-default-executor-3] DEBUG leader.FollowerInfo (FollowerInfoImpl.java:lambda$new$1(49)) - s0@group-DBBE7E7C6C61->s1: commitIndex: updateToMax old=1, new=1, updated? false
2022-08-02 21:05:55,040 [grpc-default-executor-3] DEBUG leader.FollowerInfo (FollowerInfoImpl.java:lambda$new$1(49)) - s0@group-DBBE7E7C6C61->s1: matchIndex: updateToMax old=2, new=-1, updated? false
2022-08-02 21:05:55,041 [grpc-default-executor-2] DEBUG leader.FollowerInfo (FollowerInfoImpl.java:lambda$new$1(49)) - s0@group-DBBE7E7C6C61->s2: commitIndex: updateToMax old=1, new=1, updated? false
2022-08-02 21:05:55,041 [grpc-default-executor-2] DEBUG leader.FollowerInfo (FollowerInfoImpl.java:lambda$new$1(49)) - s0@group-DBBE7E7C6C61->s2: matchIndex: updateToMax old=2, new=-1, updated? false
2022-08-02 21:05:55,042 [grpc-default-executor-3] DEBUG leader.FollowerInfo (FollowerInfoImpl.java:lambda$new$1(49)) - s0@group-DBBE7E7C6C61->s1: commitIndex: updateToMax old=1, new=1, updated? false
2022-08-02 21:05:55,042 [grpc-default-executor-3] DEBUG leader.FollowerInfo (FollowerInfoImpl.java:lambda$new$1(49)) - s0@group-DBBE7E7C6C61->s1: matchIndex: updateToMax old=2, new=-1, updated? false
2022-08-02 21:05:55,042 [grpc-default-executor-2] DEBUG leader.FollowerInfo (FollowerInfoImpl.java:lambda$new$1(49)) - s0@group-DBBE7E7C6C61->s2: commitIndex: updateToMax old=1, new=1, updated? false
2022-08-02 21:05:55,043 [grpc-default-executor-2] DEBUG leader.FollowerInfo (FollowerInfoImpl.java:lambda$new$1(49)) - s0@group-DBBE7E7C6C61->s2: matchIndex: updateToMax old=2, new=-1, updated? false
2022-08-02 21:05:55,043 [grpc-default-executor-3] DEBUG leader.FollowerInfo (FollowerInfoImpl.java:lambda$new$1(49)) - s0@group-DBBE7E7C6C61->s1: commitIndex: updateToMax old=1, new=1, updated? false
2022-08-02 21:05:55,043 [grpc-default-executor-3] DEBUG leader.FollowerInfo (FollowerInfoImpl.java:lambda$new$1(49)) - s0@group-DBBE7E7C6C61->s1: matchIndex: updateToMax old=2, new=-1, updated? false
2022-08-02 21:05:55,044 [grpc-default-executor-2] DEBUG leader.FollowerInfo (FollowerInfoImpl.java:lambda$new$1(49)) - s0@group-DBBE7E7C6C61->s2: commitIndex: updateToMax old=1, new=1, updated? false
2022-08-02 21:05:55,044 [grpc-default-executor-2] DEBUG leader.FollowerInfo (FollowerInfoImpl.java:lambda$new$1(49)) - s0@group-DBBE7E7C6C61->s2: matchIndex: updateToMax old=2, new=-1, updated? false
2022-08-02 21:05:55,045 [grpc-default-executor-3] DEBUG leader.FollowerInfo (FollowerInfoImpl.java:lambda$new$1(49)) - s0@group-DBBE7E7C6C61->s1: commitIndex: updateToMax old=1, new=1, updated? false
2022-08-02 21:05:55,045 [grpc-default-executor-3] DEBUG leader.FollowerInfo (FollowerInfoImpl.java:lambda$new$1(49)) - s0@group-DBBE7E7C6C61->s1: matchIndex: updateToMax old=2, new=-1, updated? false
2022-08-02 21:05:55,046 [grpc-default-executor-2] DEBUG leader.FollowerInfo (FollowerInfoImpl.java:lambda$new$1(49)) - s0@group-DBBE7E7C6C61->s2: commitIndex: updateToMax old=1, new=1, updated? false
2022-08-02 21:05:55,046 [grpc-default-executor-2] DEBUG leader.FollowerInfo (FollowerInfoImpl.java:lambda$new$1(49)) - s0@group-DBBE7E7C6C61->s2: matchIndex: updateToMax old=2, new=-1, updated? false
2022-08-02 21:05:55,047 [grpc-default-executor-3] DEBUG leader.FollowerInfo (FollowerInfoImpl.java:lambda$new$1(49)) - s0@group-DBBE7E7C6C61->s1: commitIndex: updateToMax old=1, new=1, updated? false
2022-08-02 21:05:55,047 [grpc-default-executor-3] DEBUG leader.FollowerInfo (FollowerInfoImpl.java:lambda$new$1(49)) - s0@group-DBBE7E7C6C61->s1: matchIndex: updateToMax old=2, new=-1, updated? false
2022-08-02 21:05:55,048 [grpc-default-executor-2] DEBUG leader.FollowerInfo (FollowerInfoImpl.java:lambda$new$1(49)) - s0@group-DBBE7E7C6C61->s2: commitIndex: updateToMax old=1, new=1, updated? false
2022-08-02 21:05:55,048 [grpc-default-executor-2] DEBUG leader.FollowerInfo (FollowerInfoImpl.java:lambda$new$1(49)) - s0@group-DBBE7E7C6C61->s2: matchIndex: updateToMax old=2, new=-1, updated? false
2022-08-02 21:05:55,048 [grpc-default-executor-3] DEBUG leader.FollowerInfo (FollowerInfoImpl.java:lambda$new$1(49)) - s0@group-DBBE7E7C6C61->s1: commitIndex: updateToMax old=1, new=1, updated? false
2022-08-02 21:05:55,048 [grpc-default-executor-3] DEBUG leader.FollowerInfo (FollowerInfoImpl.java:lambda$new$1(49)) - s0@group-DBBE7E7C6C61->s1: matchIndex: updateToMax old=2, new=-1, updated? false
2022-08-02 21:05:55,049 [grpc-default-executor-2] DEBUG leader.FollowerInfo (FollowerInfoImpl.java:lambda$new$1(49)) - s0@group-DBBE7E7C6C61->s2: commitIndex: updateToMax old=1, new=1, updated? false
2022-08-02 21:05:55,049 [grpc-default-executor-2] DEBUG leader.FollowerInfo (FollowerInfoImpl.java:lambda$new$1(49)) - s0@group-DBBE7E7C6C61->s2: matchIndex: updateToMax old=2, new=-1, updated? false
2022-08-02 21:05:55,050 [grpc-default-executor-3] DEBUG leader.FollowerInfo (FollowerInfoImpl.java:lambda$new$1(49)) - s0@group-DBBE7E7C6C61->s1: commitIndex: updateToMax old=1, new=1, updated? false
2022-08-02 21:05:55,050 [grpc-default-executor-3] DEBUG leader.FollowerInfo (FollowerInfoImpl.java:lambda$new$1(49)) - s0@group-DBBE7E7C6C61->s1: matchIndex: updateToMax old=2, new=-1, updated? false
2022-08-02 21:05:55,051 [grpc-default-executor-2] DEBUG leader.FollowerInfo (FollowerInfoImpl.java:lambda$new$1(49)) - s0@group-DBBE7E7C6C61->s2: commitIndex: updateToMax old=1, new=1, updated? false
2022-08-02 21:05:55,051 [grpc-default-executor-2] DEBUG leader.FollowerInfo (FollowerInfoImpl.java:lambda$new$1(49)) - s0@group-DBBE7E7C6C61->s2: matchIndex: updateToMax old=2, new=-1, updated? false
2022-08-02 21:05:55,052 [grpc-default-executor-3] DEBUG leader.FollowerInfo (FollowerInfoImpl.java:lambda$new$1(49)) - s0@group-DBBE7E7C6C61->s1: commitIndex: updateToMax old=1, new=1, updated? false
2022-08-02 21:05:55,052 [grpc-default-executor-3] DEBUG leader.FollowerInfo (FollowerInfoImpl.java:lambda$new$1(49)) - s0@group-DBBE7E7C6C61->s1: matchIndex: updateToMax old=2, new=-1, updated? false
2022-08-02 21:05:55,053 [grpc-default-executor-2] DEBUG leader.FollowerInfo (FollowerInfoImpl.java:lambda$new$1(49)) - s0@group-DBBE7E7C6C61->s2: commitIndex: updateToMax old=1, new=1, updated? false
2022-08-02 21:05:55,053 [grpc-default-executor-2] DEBUG leader.FollowerInfo (FollowerInfoImpl.java:lambda$new$1(49)) - s0@group-DBBE7E7C6C61->s2: matchIndex: updateToMax old=2, new=-1, updated? false
2022-08-02 21:05:55,053 [grpc-default-executor-3] DEBUG leader.FollowerInfo (FollowerInfoImpl.java:lambda$new$1(49)) - s0@group-DBBE7E7C6C61->s1: commitIndex: updateToMax old=1, new=1, updated? false
2022-08-02 21:05:55,054 [grpc-default-executor-3] DEBUG leader.FollowerInfo (FollowerInfoImpl.java:lambda$new$1(49)) - s0@group-DBBE7E7C6C61->s1: matchIndex: updateToMax old=2, new=-1, updated? false
2022-08-02 21:05:55,054 [grpc-default-executor-2] DEBUG leader.FollowerInfo (FollowerInfoImpl.java:lambda$new$1(49)) - s0@group-DBBE7E7C6C61->s2: commitIndex: updateToMax old=1, new=1, updated? false
2022-08-02 21:05:55,054 [grpc-default-executor-2] DEBUG leader.FollowerInfo (FollowerInfoImpl.java:lambda$new$1(49)) - s0@group-DBBE7E7C6C61->s2: matchIndex: updateToMax old=2, new=-1, updated? false
2022-08-02 21:05:55,055 [grpc-default-executor-3] DEBUG leader.FollowerInfo (FollowerInfoImpl.java:lambda$new$1(49)) - s0@group-DBBE7E7C6C61->s1: commitIndex: updateToMax old=1, new=1, updated? false
2022-08-02 21:05:55,055 [grpc-default-executor-3] DEBUG leader.FollowerInfo (FollowerInfoImpl.java:lambda$new$1(49)) - s0@group-DBBE7E7C6C61->s1: matchIndex: updateToMax old=2, new=-1, updated? false
2022-08-02 21:05:55,056 [grpc-default-executor-2] DEBUG leader.FollowerInfo (FollowerInfoImpl.java:lambda$new$1(49)) - s0@group-DBBE7E7C6C61->s2: commitIndex: updateToMax old=1, new=1, updated? false
2022-08-02 21:05:55,056 [grpc-default-executor-2] DEBUG leader.FollowerInfo (FollowerInfoImpl.java:lambda$new$1(49)) - s0@group-DBBE7E7C6C61->s2: matchIndex: updateToMax old=2, new=-1, updated? false
2022-08-02 21:05:55,057 [grpc-default-executor-3] DEBUG leader.FollowerInfo (FollowerInfoImpl.java:lambda$new$1(49)) - s0@group-DBBE7E7C6C61->s1: commitIndex: updateToMax old=1, new=1, updated? false
2022-08-02 21:05:55,057 [grpc-default-executor-3] DEBUG leader.FollowerInfo (FollowerInfoImpl.java:lambda$new$1(49)) - s0@group-DBBE7E7C6C61->s1: matchIndex: updateToMax old=2, new=-1, updated? false
2022-08-02 21:05:55,057 [grpc-default-executor-2] DEBUG leader.FollowerInfo (FollowerInfoImpl.java:lambda$new$1(49)) - s0@group-DBBE7E7C6C61->s2: commitIndex: updateToMax old=1, new=1, updated? false
2022-08-02 21:05:55,058 [grpc-default-executor-2] DEBUG leader.FollowerInfo (FollowerInfoImpl.java:lambda$new$1(49)) - s0@group-DBBE7E7C6C61->s2: matchIndex: updateToMax old=2, new=-1, updated? false
2022-08-02 21:05:55,059 [grpc-default-executor-3] DEBUG leader.FollowerInfo (FollowerInfoImpl.java:lambda$new$1(49)) - s0@group-DBBE7E7C6C61->s1: commitIndex: updateToMax old=1, new=1, updated? false
2022-08-02 21:05:55,059 [grpc-default-executor-3] DEBUG leader.FollowerInfo (FollowerInfoImpl.java:lambda$new$1(49)) - s0@group-DBBE7E7C6C61->s1: matchIndex: updateToMax old=2, new=-1, updated? false
2022-08-02 21:05:55,059 [grpc-default-executor-2] DEBUG leader.FollowerInfo (FollowerInfoImpl.java:lambda$new$1(49)) - s0@group-DBBE7E7C6C61->s2: commitIndex: updateToMax old=1, new=1, updated? false
2022-08-02 21:05:55,059 [grpc-default-executor-2] DEBUG leader.FollowerInfo (FollowerInfoImpl.java:lambda$new$1(49)) - s0@group-DBBE7E7C6C61->s2: matchIndex: updateToMax old=2, new=-1, updated? false
2022-08-02 21:05:55,060 [grpc-default-executor-3] DEBUG leader.FollowerInfo (FollowerInfoImpl.java:lambda$new$1(49)) - s0@group-DBBE7E7C6C61->s1: commitIndex: updateToMax old=1, new=1, updated? false
2022-08-02 21:05:55,060 [grpc-default-executor-3] DEBUG leader.FollowerInfo (FollowerInfoImpl.java:lambda$new$1(49)) - s0@group-DBBE7E7C6C61->s1: matchIndex: updateToMax old=2, new=-1, updated? false
2022-08-02 21:05:55,061 [grpc-default-executor-2] DEBUG leader.FollowerInfo (FollowerInfoImpl.java:lambda$new$1(49)) - s0@group-DBBE7E7C6C61->s2: commitIndex: updateToMax old=1, new=1, updated? false
2022-08-02 21:05:55,061 [grpc-default-executor-2] DEBUG leader.FollowerInfo (FollowerInfoImpl.java:lambda$new$1(49)) - s0@group-DBBE7E7C6C61->s2: matchIndex: updateToMax old=2, new=-1, updated? false
2022-08-02 21:05:55,062 [grpc-default-executor-3] DEBUG leader.FollowerInfo (FollowerInfoImpl.java:lambda$new$1(49)) - s0@group-DBBE7E7C6C61->s1: commitIndex: updateToMax old=1, new=1, updated? false
2022-08-02 21:05:55,062 [grpc-default-executor-3] DEBUG leader.FollowerInfo (FollowerInfoImpl.java:lambda$new$1(49)) - s0@group-DBBE7E7C6C61->s1: matchIndex: updateToMax old=2, new=-1, updated? false
2022-08-02 21:05:55,063 [grpc-default-executor-2] DEBUG leader.FollowerInfo (FollowerInfoImpl.java:lambda$new$1(49)) - s0@group-DBBE7E7C6C61->s2: commitIndex: updateToMax old=1, new=1, updated? false
2022-08-02 21:05:55,063 [grpc-default-executor-2] DEBUG leader.FollowerInfo (FollowerInfoImpl.java:lambda$new$1(49)) - s0@group-DBBE7E7C6C61->s2: matchIndex: updateToMax old=2, new=-1, updated? false
2022-08-02 21:05:55,063 [grpc-default-executor-3] DEBUG leader.FollowerInfo (FollowerInfoImpl.java:lambda$new$1(49)) - s0@group-DBBE7E7C6C61->s1: commitIndex: updateToMax old=1, new=1, updated? false
2022-08-02 21:05:55,064 [grpc-default-executor-3] DEBUG leader.FollowerInfo (FollowerInfoImpl.java:lambda$new$1(49)) - s0@group-DBBE7E7C6C61->s1: matchIndex: updateToMax old=2, new=-1, updated? false
2022-08-02 21:05:55,064 [grpc-default-executor-2] DEBUG leader.FollowerInfo (FollowerInfoImpl.java:lambda$new$1(49)) - s0@group-DBBE7E7C6C61->s2: commitIndex: updateToMax old=1, new=1, updated? false
2022-08-02 21:05:55,064 [grpc-default-executor-2] DEBUG leader.FollowerInfo (FollowerInfoImpl.java:lambda$new$1(49)) - s0@group-DBBE7E7C6C61->s2: matchIndex: updateToMax old=2, new=-1, updated? false
2022-08-02 21:05:55,065 [grpc-default-executor-3] DEBUG leader.FollowerInfo (FollowerInfoImpl.java:lambda$new$1(49)) - s0@group-DBBE7E7C6C61->s1: commitIndex: updateToMax old=1, new=1, updated? false
2022-08-02 21:05:55,065 [grpc-default-executor-3] DEBUG leader.FollowerInfo (FollowerInfoImpl.java:lambda$new$1(49)) - s0@group-DBBE7E7C6C61->s1: matchIndex: updateToMax old=2, new=-1, updated? false
2022-08-02 21:05:55,066 [grpc-default-executor-2] DEBUG leader.FollowerInfo (FollowerInfoImpl.java:lambda$new$1(49)) - s0@group-DBBE7E7C6C61->s2: commitIndex: updateToMax old=1, new=1, updated? false
2022-08-02 21:05:55,066 [grpc-default-executor-2] DEBUG leader.FollowerInfo (FollowerInfoImpl.java:lambda$new$1(49)) - s0@group-DBBE7E7C6C61->s2: matchIndex: updateToMax old=2, new=-1, updated? false
2022-08-02 21:05:55,067 [grpc-default-executor-3] DEBUG leader.FollowerInfo (FollowerInfoImpl.java:lambda$new$1(49)) - s0@group-DBBE7E7C6C61->s1: commitIndex: updateToMax old=1, new=1, updated? false
2022-08-02 21:05:55,067 [grpc-default-executor-3] DEBUG leader.FollowerInfo (FollowerInfoImpl.java:lambda$new$1(49)) - s0@group-DBBE7E7C6C61->s1: matchIndex: updateToMax old=2, new=-1, updated? false
2022-08-02 21:05:55,068 [grpc-default-executor-2] DEBUG leader.FollowerInfo (FollowerInfoImpl.java:lambda$new$1(49)) - s0@group-DBBE7E7C6C61->s2: commitIndex: updateToMax old=1, new=1, updated? false
2022-08-02 21:05:55,068 [grpc-default-executor-2] DEBUG leader.FollowerInfo (FollowerInfoImpl.java:lambda$new$1(49)) - s0@group-DBBE7E7C6C61->s2: matchIndex: updateToMax old=2, new=-1, updated? false
2022-08-02 21:05:55,068 [grpc-default-executor-3] DEBUG leader.FollowerInfo (FollowerInfoImpl.java:lambda$new$1(49)) - s0@group-DBBE7E7C6C61->s1: commitIndex: updateToMax old=1, new=1, updated? false
2022-08-02 21:05:55,068 [grpc-default-executor-3] DEBUG leader.FollowerInfo (FollowerInfoImpl.java:lambda$new$1(49)) - s0@group-DBBE7E7C6C61->s1: matchIndex: updateToMax old=2, new=-1, updated? false
2022-08-02 21:05:55,069 [grpc-default-executor-2] DEBUG leader.FollowerInfo (FollowerInfoImpl.java:lambda$new$1(49)) - s0@group-DBBE7E7C6C61->s2: commitIndex: updateToMax old=1, new=1, updated? false
2022-08-02 21:05:55,069 [grpc-default-executor-2] DEBUG leader.FollowerInfo (FollowerInfoImpl.java:lambda$new$1(49)) - s0@group-DBBE7E7C6C61->s2: matchIndex: updateToMax old=2, new=-1, updated? false
2022-08-02 21:05:55,070 [grpc-default-executor-3] DEBUG leader.FollowerInfo (FollowerInfoImpl.java:lambda$new$1(49)) - s0@group-DBBE7E7C6C61->s1: commitIndex: updateToMax old=1, new=1, updated? false
2022-08-02 21:05:55,070 [grpc-default-executor-3] DEBUG leader.FollowerInfo (FollowerInfoImpl.java:lambda$new$1(49)) - s0@group-DBBE7E7C6C61->s1: matchIndex: updateToMax old=2, new=-1, updated? false
2022-08-02 21:05:55,071 [grpc-default-executor-2] DEBUG leader.FollowerInfo (FollowerInfoImpl.java:lambda$new$1(49)) - s0@group-DBBE7E7C6C61->s2: commitIndex: updateToMax old=1, new=1, updated? false
2022-08-02 21:05:55,071 [grpc-default-executor-2] DEBUG leader.FollowerInfo (FollowerInfoImpl.java:lambda$new$1(49)) - s0@group-DBBE7E7C6C61->s2: matchIndex: updateToMax old=2, new=-1, updated? false
2022-08-02 21:05:55,072 [grpc-default-executor-3] DEBUG leader.FollowerInfo (FollowerInfoImpl.java:lambda$new$1(49)) - s0@group-DBBE7E7C6C61->s1: commitIndex: updateToMax old=1, new=1, updated? false
2022-08-02 21:05:55,072 [grpc-default-executor-3] DEBUG leader.FollowerInfo (FollowerInfoImpl.java:lambda$new$1(49)) - s0@group-DBBE7E7C6C61->s1: matchIndex: updateToMax old=2, new=-1, updated? false
2022-08-02 21:05:55,073 [grpc-default-executor-2] DEBUG leader.FollowerInfo (FollowerInfoImpl.java:lambda$new$1(49)) - s0@group-DBBE7E7C6C61->s2: commitIndex: updateToMax old=1, new=1, updated? false
2022-08-02 21:05:55,073 [grpc-default-executor-2] DEBUG leader.FollowerInfo (FollowerInfoImpl.java:lambda$new$1(49)) - s0@group-DBBE7E7C6C61->s2: matchIndex: updateToMax old=2, new=-1, updated? false
2022-08-02 21:05:55,073 [grpc-default-executor-3] DEBUG leader.FollowerInfo (FollowerInfoImpl.java:lambda$new$1(49)) - s0@group-DBBE7E7C6C61->s1: commitIndex: updateToMax old=1, new=1, updated? false
2022-08-02 21:05:55,073 [grpc-default-executor-3] DEBUG leader.FollowerInfo (FollowerInfoImpl.java:lambda$new$1(49)) - s0@group-DBBE7E7C6C61->s1: matchIndex: updateToMax old=2, new=-1, updated? false
2022-08-02 21:05:55,074 [grpc-default-executor-2] DEBUG leader.FollowerInfo (FollowerInfoImpl.java:lambda$new$1(49)) - s0@group-DBBE7E7C6C61->s2: commitIndex: updateToMax old=1, new=1, updated? false
2022-08-02 21:05:55,074 [grpc-default-executor-2] DEBUG leader.FollowerInfo (FollowerInfoImpl.java:lambda$new$1(49)) - s0@group-DBBE7E7C6C61->s2: matchIndex: updateToMax old=2, new=-1, updated? false
2022-08-02 21:05:55,075 [grpc-default-executor-3] DEBUG leader.FollowerInfo (FollowerInfoImpl.java:lambda$new$1(49)) - s0@group-DBBE7E7C6C61->s1: commitIndex: updateToMax old=1, new=1, updated? false
2022-08-02 21:05:55,075 [grpc-default-executor-3] DEBUG leader.FollowerInfo (FollowerInfoImpl.java:lambda$new$1(49)) - s0@group-DBBE7E7C6C61->s1: matchIndex: updateToMax old=2, new=-1, updated? false
2022-08-02 21:05:55,076 [grpc-default-executor-2] DEBUG leader.FollowerInfo (FollowerInfoImpl.java:lambda$new$1(49)) - s0@group-DBBE7E7C6C61->s2: commitIndex: updateToMax old=1, new=1, updated? false
2022-08-02 21:05:55,076 [grpc-default-executor-2] DEBUG leader.FollowerInfo (FollowerInfoImpl.java:lambda$new$1(49)) - s0@group-DBBE7E7C6C61->s2: matchIndex: updateToMax old=2, new=-1, updated? false
2022-08-02 21:05:55,077 [grpc-default-executor-3] DEBUG leader.FollowerInfo (FollowerInfoImpl.java:lambda$new$1(49)) - s0@group-DBBE7E7C6C61->s1: commitIndex: updateToMax old=1, new=1, updated? false
2022-08-02 21:05:55,077 [grpc-default-executor-3] DEBUG leader.FollowerInfo (FollowerInfoImpl.java:lambda$new$1(49)) - s0@group-DBBE7E7C6C61->s1: matchIndex: updateToMax old=2, new=-1, updated? false
2022-08-02 21:05:55,078 [grpc-default-executor-2] DEBUG leader.FollowerInfo (FollowerInfoImpl.java:lambda$new$1(49)) - s0@group-DBBE7E7C6C61->s2: commitIndex: updateToMax old=1, new=1, updated? false
2022-08-02 21:05:55,078 [grpc-default-executor-2] DEBUG leader.FollowerInfo (FollowerInfoImpl.java:lambda$new$1(49)) - s0@group-DBBE7E7C6C61->s2: matchIndex: updateToMax old=2, new=-1, updated? false
2022-08-02 21:05:55,079 [grpc-default-executor-3] DEBUG leader.FollowerInfo (FollowerInfoImpl.java:lambda$new$1(49)) - s0@group-DBBE7E7C6C61->s1: commitIndex: updateToMax old=1, new=1, updated? false
2022-08-02 21:05:55,079 [grpc-default-executor-3] DEBUG leader.FollowerInfo (FollowerInfoImpl.java:lambda$new$1(49)) - s0@group-DBBE7E7C6C61->s1: matchIndex: updateToMax old=2, new=-1, updated? false
2022-08-02 21:05:55,079 [grpc-default-executor-2] DEBUG leader.FollowerInfo (FollowerInfoImpl.java:lambda$new$1(49)) - s0@group-DBBE7E7C6C61->s2: commitIndex: updateToMax old=1, new=1, updated? false
2022-08-02 21:05:55,080 [grpc-default-executor-2] DEBUG leader.FollowerInfo (FollowerInfoImpl.java:lambda$new$1(49)) - s0@group-DBBE7E7C6C61->s2: matchIndex: updateToMax old=2, new=-1, updated? false
2022-08-02 21:05:55,080 [grpc-default-executor-3] DEBUG leader.FollowerInfo (FollowerInfoImpl.java:lambda$new$1(49)) - s0@group-DBBE7E7C6C61->s1: commitIndex: updateToMax old=1, new=1, updated? false
2022-08-02 21:05:55,080 [grpc-default-executor-3] DEBUG leader.FollowerInfo (FollowerInfoImpl.java:lambda$new$1(49)) - s0@group-DBBE7E7C6C61->s1: matchIndex: updateToMax old=2, new=-1, updated? false
2022-08-02 21:05:55,081 [grpc-default-executor-2] DEBUG leader.FollowerInfo (FollowerInfoImpl.java:lambda$new$1(49)) - s0@group-DBBE7E7C6C61->s2: commitIndex: updateToMax old=1, new=1, updated? false
2022-08-02 21:05:55,081 [grpc-default-executor-2] DEBUG leader.FollowerInfo (FollowerInfoImpl.java:lambda$new$1(49)) - s0@group-DBBE7E7C6C61->s2: matchIndex: updateToMax old=2, new=-1, updated? false
2022-08-02 21:05:55,082 [grpc-default-executor-3] DEBUG leader.FollowerInfo (FollowerInfoImpl.java:lambda$new$1(49)) - s0@group-DBBE7E7C6C61->s1: commitIndex: updateToMax old=1, new=1, updated? false
2022-08-02 21:05:55,082 [grpc-default-executor-3] DEBUG leader.FollowerInfo (FollowerInfoImpl.java:lambda$new$1(49)) - s0@group-DBBE7E7C6C61->s1: matchIndex: updateToMax old=2, new=-1, updated? false
2022-08-02 21:05:55,083 [grpc-default-executor-2] DEBUG leader.FollowerInfo (FollowerInfoImpl.java:lambda$new$1(49)) - s0@group-DBBE7E7C6C61->s2: commitIndex: updateToMax old=1, new=1, updated? false
2022-08-02 21:05:55,083 [grpc-default-executor-2] DEBUG leader.FollowerInfo (FollowerInfoImpl.java:lambda$new$1(49)) - s0@group-DBBE7E7C6C61->s2: matchIndex: updateToMax old=2, new=-1, updated? false
2022-08-02 21:05:55,084 [grpc-default-executor-3] DEBUG leader.FollowerInfo (FollowerInfoImpl.java:lambda$new$1(49)) - s0@group-DBBE7E7C6C61->s1: commitIndex: updateToMax old=1, new=1, updated? false
2022-08-02 21:05:55,084 [grpc-default-executor-3] DEBUG leader.FollowerInfo (FollowerInfoImpl.java:lambda$new$1(49)) - s0@group-DBBE7E7C6C61->s1: matchIndex: updateToMax old=2, new=-1, updated? false
2022-08-02 21:05:55,084 [grpc-default-executor-2] DEBUG leader.FollowerInfo (FollowerInfoImpl.java:lambda$new$1(49)) - s0@group-DBBE7E7C6C61->s2: commitIndex: updateToMax old=1, new=1, updated? false
2022-08-02 21:05:55,084 [grpc-default-executor-2] DEBUG leader.FollowerInfo (FollowerInfoImpl.java:lambda$new$1(49)) - s0@group-DBBE7E7C6C61->s2: matchIndex: updateToMax old=2, new=-1, updated? false
2022-08-02 21:05:55,085 [grpc-default-executor-3] DEBUG leader.FollowerInfo (FollowerInfoImpl.java:lambda$new$1(49)) - s0@group-DBBE7E7C6C61->s1: commitIndex: updateToMax old=1, new=1, updated? false
2022-08-02 21:05:55,085 [grpc-default-executor-3] DEBUG leader.FollowerInfo (FollowerInfoImpl.java:lambda$new$1(49)) - s0@group-DBBE7E7C6C61->s1: matchIndex: updateToMax old=2, new=-1, updated? false
2022-08-02 21:05:55,086 [grpc-default-executor-2] DEBUG leader.FollowerInfo (FollowerInfoImpl.java:lambda$new$1(49)) - s0@group-DBBE7E7C6C61->s2: commitIndex: updateToMax old=1, new=1, updated? false
2022-08-02 21:05:55,086 [grpc-default-executor-2] DEBUG leader.FollowerInfo (FollowerInfoImpl.java:lambda$new$1(49)) - s0@group-DBBE7E7C6C61->s2: matchIndex: updateToMax old=2, new=-1, updated? false
2022-08-02 21:05:55,087 [grpc-default-executor-3] DEBUG leader.FollowerInfo (FollowerInfoImpl.java:lambda$new$1(49)) - s0@group-DBBE7E7C6C61->s1: commitIndex: updateToMax old=1, new=1, updated? false
2022-08-02 21:05:55,087 [grpc-default-executor-3] DEBUG leader.FollowerInfo (FollowerInfoImpl.java:lambda$new$1(49)) - s0@group-DBBE7E7C6C61->s1: matchIndex: updateToMax old=2, new=-1, updated? false
2022-08-02 21:05:55,087 [grpc-default-executor-2] DEBUG leader.FollowerInfo (FollowerInfoImpl.java:lambda$new$1(49)) - s0@group-DBBE7E7C6C61->s2: commitIndex: updateToMax old=1, new=1, updated? false
2022-08-02 21:05:55,088 [grpc-default-executor-2] DEBUG leader.FollowerInfo (FollowerInfoImpl.java:lambda$new$1(49)) - s0@group-DBBE7E7C6C61->s2: matchIndex: updateToMax old=2, new=-1, updated? false
2022-08-02 21:05:55,088 [grpc-default-executor-3] DEBUG leader.FollowerInfo (FollowerInfoImpl.java:lambda$new$1(49)) - s0@group-DBBE7E7C6C61->s1: commitIndex: updateToMax old=1, new=1, updated? false
2022-08-02 21:05:55,088 [grpc-default-executor-3] DEBUG leader.FollowerInfo (FollowerInfoImpl.java:lambda$new$1(49)) - s0@group-DBBE7E7C6C61->s1: matchIndex: updateToMax old=2, new=-1, updated? false
2022-08-02 21:05:55,089 [grpc-default-executor-2] DEBUG leader.FollowerInfo (FollowerInfoImpl.java:lambda$new$1(49)) - s0@group-DBBE7E7C6C61->s2: commitIndex: updateToMax old=1, new=1, updated? false
2022-08-02 21:05:55,089 [grpc-default-executor-2] DEBUG leader.FollowerInfo (FollowerInfoImpl.java:lambda$new$1(49)) - s0@group-DBBE7E7C6C61->s2: matchIndex: updateToMax old=2, new=-1, updated? false
2022-08-02 21:05:55,090 [grpc-default-executor-3] DEBUG leader.FollowerInfo (FollowerInfoImpl.java:lambda$new$1(49)) - s0@group-DBBE7E7C6C61->s1: commitIndex: updateToMax old=1, new=1, updated? false
2022-08-02 21:05:55,090 [grpc-default-executor-3] DEBUG leader.FollowerInfo (FollowerInfoImpl.java:lambda$new$1(49)) - s0@group-DBBE7E7C6C61->s1: matchIndex: updateToMax old=2, new=-1, updated? false
2022-08-02 21:05:55,091 [grpc-default-executor-2] DEBUG leader.FollowerInfo (FollowerInfoImpl.java:lambda$new$1(49)) - s0@group-DBBE7E7C6C61->s2: commitIndex: updateToMax old=1, new=1, updated? false
2022-08-02 21:05:55,091 [grpc-default-executor-2] DEBUG leader.FollowerInfo (FollowerInfoImpl.java:lambda$new$1(49)) - s0@group-DBBE7E7C6C61->s2: matchIndex: updateToMax old=2, new=-1, updated? false
2022-08-02 21:05:55,092 [grpc-default-executor-3] DEBUG leader.FollowerInfo (FollowerInfoImpl.java:lambda$new$1(49)) - s0@group-DBBE7E7C6C61->s1: commitIndex: updateToMax old=1, new=1, updated? false
2022-08-02 21:05:55,092 [grpc-default-executor-3] DEBUG leader.FollowerInfo (FollowerInfoImpl.java:lambda$new$1(49)) - s0@group-DBBE7E7C6C61->s1: matchIndex: updateToMax old=2, new=-1, updated? false
2022-08-02 21:05:55,093 [grpc-default-executor-2] DEBUG leader.FollowerInfo (FollowerInfoImpl.java:lambda$new$1(49)) - s0@group-DBBE7E7C6C61->s2: commitIndex: updateToMax old=1, new=1, updated? false
2022-08-02 21:05:55,093 [grpc-default-executor-2] DEBUG leader.FollowerInfo (FollowerInfoImpl.java:lambda$new$1(49)) - s0@group-DBBE7E7C6C61->s2: matchIndex: updateToMax old=2, new=-1, updated? false
2022-08-02 21:05:55,094 [grpc-default-executor-3] DEBUG leader.FollowerInfo (FollowerInfoImpl.java:lambda$new$1(49)) - s0@group-DBBE7E7C6C61->s1: commitIndex: updateToMax old=1, new=1, updated? false
2022-08-02 21:05:55,094 [grpc-default-executor-3] DEBUG leader.FollowerInfo (FollowerInfoImpl.java:lambda$new$1(49)) - s0@group-DBBE7E7C6C61->s1: matchIndex: updateToMax old=2, new=-1, updated? false
2022-08-02 21:05:55,096 [grpc-default-executor-2] DEBUG leader.FollowerInfo (FollowerInfoImpl.java:lambda$new$1(49)) - s0@group-DBBE7E7C6C61->s2: commitIndex: updateToMax old=1, new=1, updated? false
2022-08-02 21:05:55,096 [grpc-default-executor-2] DEBUG leader.FollowerInfo (FollowerInfoImpl.java:lambda$new$1(49)) - s0@group-DBBE7E7C6C61->s2: matchIndex: updateToMax old=2, new=-1, updated? false
2022-08-02 21:05:55,097 [grpc-default-executor-3] DEBUG leader.FollowerInfo (FollowerInfoImpl.java:lambda$new$1(49)) - s0@group-DBBE7E7C6C61->s1: commitIndex: updateToMax old=1, new=1, updated? false
2022-08-02 21:05:55,097 [grpc-default-executor-3] DEBUG leader.FollowerInfo (FollowerInfoImpl.java:lambda$new$1(49)) - s0@group-DBBE7E7C6C61->s1: matchIndex: updateToMax old=2, new=-1, updated? false
2022-08-02 21:05:55,097 [grpc-default-executor-2] DEBUG leader.FollowerInfo (FollowerInfoImpl.java:lambda$new$1(49)) - s0@group-DBBE7E7C6C61->s2: commitIndex: updateToMax old=1, new=1, updated? false
2022-08-02 21:05:55,098 [grpc-default-executor-2] DEBUG leader.FollowerInfo (FollowerInfoImpl.java:lambda$new$1(49)) - s0@group-DBBE7E7C6C61->s2: matchIndex: updateToMax old=2, new=-1, updated? false
2022-08-02 21:05:55,099 [grpc-default-executor-3] DEBUG leader.FollowerInfo (FollowerInfoImpl.java:lambda$new$1(49)) - s0@group-DBBE7E7C6C61->s1: commitIndex: updateToMax old=1, new=1, updated? false
2022-08-02 21:05:55,099 [grpc-default-executor-3] DEBUG leader.FollowerInfo (FollowerInfoImpl.java:lambda$new$1(49)) - s0@group-DBBE7E7C6C61->s1: matchIndex: updateToMax old=2, new=-1, updated? false
2022-08-02 21:05:55,100 [grpc-default-executor-2] DEBUG leader.FollowerInfo (FollowerInfoImpl.java:lambda$new$1(49)) - s0@group-DBBE7E7C6C61->s2: commitIndex: updateToMax old=1, new=1, updated? false
2022-08-02 21:05:55,100 [grpc-default-executor-2] DEBUG leader.FollowerInfo (FollowerInfoImpl.java:lambda$new$1(49)) - s0@group-DBBE7E7C6C61->s2: matchIndex: updateToMax old=2, new=-1, updated? false
2022-08-02 21:05:55,100 [grpc-default-executor-3] DEBUG leader.FollowerInfo (FollowerInfoImpl.java:lambda$new$1(49)) - s0@group-DBBE7E7C6C61->s1: commitIndex: updateToMax old=1, new=1, updated? false
2022-08-02 21:05:55,100 [grpc-default-executor-3] DEBUG leader.FollowerInfo (FollowerInfoImpl.java:lambda$new$1(49)) - s0@group-DBBE7E7C6C61->s1: matchIndex: updateToMax old=2, new=-1, updated? false
2022-08-02 21:05:55,101 [grpc-default-executor-2] DEBUG leader.FollowerInfo (FollowerInfoImpl.java:lambda$new$1(49)) - s0@group-DBBE7E7C6C61->s2: commitIndex: updateToMax old=1, new=1, updated? false
2022-08-02 21:05:55,101 [grpc-default-executor-2] DEBUG leader.FollowerInfo (FollowerInfoImpl.java:lambda$new$1(49)) - s0@group-DBBE7E7C6C61->s2: matchIndex: updateToMax old=2, new=-1, updated? false
2022-08-02 21:05:55,102 [grpc-default-executor-3] DEBUG leader.FollowerInfo (FollowerInfoImpl.java:lambda$new$1(49)) - s0@group-DBBE7E7C6C61->s1: commitIndex: updateToMax old=1, new=1, updated? false
2022-08-02 21:05:55,102 [grpc-default-executor-3] DEBUG leader.FollowerInfo (FollowerInfoImpl.java:lambda$new$1(49)) - s0@group-DBBE7E7C6C61->s1: matchIndex: updateToMax old=2, new=-1, updated? false
2022-08-02 21:05:55,103 [grpc-default-executor-2] DEBUG leader.FollowerInfo (FollowerInfoImpl.java:lambda$new$1(49)) - s0@group-DBBE7E7C6C61->s2: commitIndex: updateToMax old=1, new=1, updated? false
2022-08-02 21:05:55,103 [grpc-default-executor-2] DEBUG leader.FollowerInfo (FollowerInfoImpl.java:lambda$new$1(49)) - s0@group-DBBE7E7C6C61->s2: matchIndex: updateToMax old=2, new=-1, updated? false
2022-08-02 21:05:55,104 [grpc-default-executor-3] DEBUG leader.FollowerInfo (FollowerInfoImpl.java:lambda$new$1(49)) - s0@group-DBBE7E7C6C61->s1: commitIndex: updateToMax old=1, new=1, updated? false
2022-08-02 21:05:55,104 [grpc-default-executor-3] DEBUG leader.FollowerInfo (FollowerInfoImpl.java:lambda$new$1(49)) - s0@group-DBBE7E7C6C61->s1: matchIndex: updateToMax old=2, new=-1, updated? false
2022-08-02 21:05:55,104 [grpc-default-executor-2] DEBUG leader.FollowerInfo (FollowerInfoImpl.java:lambda$new$1(49)) - s0@group-DBBE7E7C6C61->s2: commitIndex: updateToMax old=1, new=1, updated? false
2022-08-02 21:05:55,105 [grpc-default-executor-2] DEBUG leader.FollowerInfo (FollowerInfoImpl.java:lambda$new$1(49)) - s0@group-DBBE7E7C6C61->s2: matchIndex: updateToMax old=2, new=-1, updated? false
2022-08-02 21:05:55,105 [grpc-default-executor-3] DEBUG leader.FollowerInfo (FollowerInfoImpl.java:lambda$new$1(49)) - s0@group-DBBE7E7C6C61->s1: commitIndex: updateToMax old=1, new=1, updated? false
2022-08-02 21:05:55,105 [grpc-default-executor-3] DEBUG leader.FollowerInfo (FollowerInfoImpl.java:lambda$new$1(49)) - s0@group-DBBE7E7C6C61->s1: matchIndex: updateToMax old=2, new=-1, updated? false
2022-08-02 21:05:55,106 [grpc-default-executor-2] DEBUG leader.FollowerInfo (FollowerInfoImpl.java:lambda$new$1(49)) - s0@group-DBBE7E7C6C61->s2: commitIndex: updateToMax old=1, new=1, updated? false
2022-08-02 21:05:55,106 [grpc-default-executor-2] DEBUG leader.FollowerInfo (FollowerInfoImpl.java:lambda$new$1(49)) - s0@group-DBBE7E7C6C61->s2: matchIndex: updateToMax old=2, new=-1, updated? false
2022-08-02 21:05:55,107 [grpc-default-executor-3] DEBUG leader.FollowerInfo (FollowerInfoImpl.java:lambda$new$1(49)) - s0@group-DBBE7E7C6C61->s1: commitIndex: updateToMax old=1, new=1, updated? false
2022-08-02 21:05:55,107 [grpc-default-executor-3] DEBUG leader.FollowerInfo (FollowerInfoImpl.java:lambda$new$1(49)) - s0@group-DBBE7E7C6C61->s1: matchIndex: updateToMax old=2, new=-1, updated? false
2022-08-02 21:05:55,108 [grpc-default-executor-2] DEBUG leader.FollowerInfo (FollowerInfoImpl.java:lambda$new$1(49)) - s0@group-DBBE7E7C6C61->s2: commitIndex: updateToMax old=1, new=1, updated? false
2022-08-02 21:05:55,108 [grpc-default-executor-2] DEBUG leader.FollowerInfo (FollowerInfoImpl.java:lambda$new$1(49)) - s0@group-DBBE7E7C6C61->s2: matchIndex: updateToMax old=2, new=-1, updated? false
2022-08-02 21:05:55,108 [grpc-default-executor-3] DEBUG leader.FollowerInfo (FollowerInfoImpl.java:lambda$new$1(49)) - s0@group-DBBE7E7C6C61->s1: commitIndex: updateToMax old=1, new=1, updated? false
2022-08-02 21:05:55,108 [grpc-default-executor-3] DEBUG leader.FollowerInfo (FollowerInfoImpl.java:lambda$new$1(49)) - s0@group-DBBE7E7C6C61->s1: matchIndex: updateToMax old=2, new=-1, updated? false
2022-08-02 21:05:55,109 [grpc-default-executor-2] DEBUG leader.FollowerInfo (FollowerInfoImpl.java:lambda$new$1(49)) - s0@group-DBBE7E7C6C61->s2: commitIndex: updateToMax old=1, new=1, updated? false
2022-08-02 21:05:55,109 [grpc-default-executor-2] DEBUG leader.FollowerInfo (FollowerInfoImpl.java:lambda$new$1(49)) - s0@group-DBBE7E7C6C61->s2: matchIndex: updateToMax old=2, new=-1, updated? false
2022-08-02 21:05:55,110 [grpc-default-executor-3] DEBUG leader.FollowerInfo (FollowerInfoImpl.java:lambda$new$1(49)) - s0@group-DBBE7E7C6C61->s1: commitIndex: updateToMax old=1, new=1, updated? false
2022-08-02 21:05:55,110 [grpc-default-executor-3] DEBUG leader.FollowerInfo (FollowerInfoImpl.java:lambda$new$1(49)) - s0@group-DBBE7E7C6C61->s1: matchIndex: updateToMax old=2, new=-1, updated? false
2022-08-02 21:05:55,111 [grpc-default-executor-2] DEBUG leader.FollowerInfo (FollowerInfoImpl.java:lambda$new$1(49)) - s0@group-DBBE7E7C6C61->s2: commitIndex: updateToMax old=1, new=1, updated? false
2022-08-02 21:05:55,111 [grpc-default-executor-2] DEBUG leader.FollowerInfo (FollowerInfoImpl.java:lambda$new$1(49)) - s0@group-DBBE7E7C6C61->s2: matchIndex: updateToMax old=2, new=-1, updated? false
2022-08-02 21:05:55,112 [grpc-default-executor-3] DEBUG leader.FollowerInfo (FollowerInfoImpl.java:lambda$new$1(49)) - s0@group-DBBE7E7C6C61->s1: commitIndex: updateToMax old=1, new=1, updated? false
2022-08-02 21:05:55,112 [grpc-default-executor-3] DEBUG leader.FollowerInfo (FollowerInfoImpl.java:lambda$new$1(49)) - s0@group-DBBE7E7C6C61->s1: matchIndex: updateToMax old=2, new=-1, updated? false
2022-08-02 21:05:55,112 [grpc-default-executor-2] DEBUG leader.FollowerInfo (FollowerInfoImpl.java:lambda$new$1(49)) - s0@group-DBBE7E7C6C61->s2: commitIndex: updateToMax old=1, new=1, updated? false
2022-08-02 21:05:55,112 [grpc-default-executor-2] DEBUG leader.FollowerInfo (FollowerInfoImpl.java:lambda$new$1(49)) - s0@group-DBBE7E7C6C61->s2: matchIndex: updateToMax old=2, new=-1, updated? false
2022-08-02 21:05:55,114 [grpc-default-executor-3] DEBUG leader.FollowerInfo (FollowerInfoImpl.java:lambda$new$1(49)) - s0@group-DBBE7E7C6C61->s1: commitIndex: updateToMax old=1, new=1, updated? false
2022-08-02 21:05:55,114 [grpc-default-executor-3] DEBUG leader.FollowerInfo (FollowerInfoImpl.java:lambda$new$1(49)) - s0@group-DBBE7E7C6C61->s1: matchIndex: updateToMax old=2, new=-1, updated? false
2022-08-02 21:05:55,114 [grpc-default-executor-2] DEBUG leader.FollowerInfo (FollowerInfoImpl.java:lambda$new$1(49)) - s0@group-DBBE7E7C6C61->s2: commitIndex: updateToMax old=1, new=1, updated? false
2022-08-02 21:05:55,114 [grpc-default-executor-2] DEBUG leader.FollowerInfo (FollowerInfoImpl.java:lambda$new$1(49)) - s0@group-DBBE7E7C6C61->s2: matchIndex: updateToMax old=2, new=-1, updated? false
2022-08-02 21:05:55,115 [grpc-default-executor-3] DEBUG leader.FollowerInfo (FollowerInfoImpl.java:lambda$new$1(49)) - s0@group-DBBE7E7C6C61->s1: commitIndex: updateToMax old=1, new=1, updated? false
2022-08-02 21:05:55,115 [grpc-default-executor-3] DEBUG leader.FollowerInfo (FollowerInfoImpl.java:lambda$new$1(49)) - s0@group-DBBE7E7C6C61->s1: matchIndex: updateToMax old=2, new=-1, updated? false
2022-08-02 21:05:55,116 [grpc-default-executor-2] DEBUG leader.FollowerInfo (FollowerInfoImpl.java:lambda$new$1(49)) - s0@group-DBBE7E7C6C61->s2: commitIndex: updateToMax old=1, new=1, updated? false
2022-08-02 21:05:55,116 [grpc-default-executor-2] DEBUG leader.FollowerInfo (FollowerInfoImpl.java:lambda$new$1(49)) - s0@group-DBBE7E7C6C61->s2: matchIndex: updateToMax old=2, new=-1, updated? false
2022-08-02 21:05:55,116 [grpc-default-executor-2] DEBUG leader.FollowerInfo (FollowerInfoImpl.java:lambda$new$1(49)) - s0@group-DBBE7E7C6C61->s1: commitIndex: updateToMax old=1, new=1, updated? false
2022-08-02 21:05:55,116 [grpc-default-executor-2] DEBUG leader.FollowerInfo (FollowerInfoImpl.java:lambda$new$1(49)) - s0@group-DBBE7E7C6C61->s1: matchIndex: updateToMax old=2, new=-1, updated? false
2022-08-02 21:05:55,126 [grpc-default-executor-2] DEBUG leader.FollowerInfo (FollowerInfoImpl.java:lambda$new$1(49)) - s0@group-DBBE7E7C6C61->s2: commitIndex: updateToMax old=1, new=1, updated? false
2022-08-02 21:05:55,127 [grpc-default-executor-2] DEBUG leader.FollowerInfo (FollowerInfoImpl.java:lambda$new$1(49)) - s0@group-DBBE7E7C6C61->s2: matchIndex: updateToMax old=2, new=-1, updated? false
2022-08-02 21:05:55,128 [grpc-default-executor-2] DEBUG leader.FollowerInfo (FollowerInfoImpl.java:lambda$new$1(49)) - s0@group-DBBE7E7C6C61->s2: commitIndex: updateToMax old=1, new=1, updated? false
2022-08-02 21:05:55,128 [grpc-default-executor-2] DEBUG leader.FollowerInfo (FollowerInfoImpl.java:lambda$new$1(49)) - s0@group-DBBE7E7C6C61->s2: matchIndex: updateToMax old=2, new=-1, updated? false
2022-08-02 21:05:55,128 [grpc-default-executor-2] DEBUG leader.FollowerInfo (FollowerInfoImpl.java:lambda$new$1(49)) - s0@group-DBBE7E7C6C61->s2: commitIndex: updateToMax old=1, new=1, updated? false
2022-08-02 21:05:55,128 [grpc-default-executor-2] DEBUG leader.FollowerInfo (FollowerInfoImpl.java:lambda$new$1(49)) - s0@group-DBBE7E7C6C61->s2: matchIndex: updateToMax old=2, new=-1, updated? false
2022-08-02 21:05:55,129 [grpc-default-executor-2] DEBUG leader.FollowerInfo (FollowerInfoImpl.java:lambda$new$1(49)) - s0@group-DBBE7E7C6C61->s2: commitIndex: updateToMax old=1, new=1, updated? false
2022-08-02 21:05:55,129 [grpc-default-executor-2] DEBUG leader.FollowerInfo (FollowerInfoImpl.java:lambda$new$1(49)) - s0@group-DBBE7E7C6C61->s2: matchIndex: updateToMax old=2, new=-1, updated? false
2022-08-02 21:05:55,130 [grpc-default-executor-2] DEBUG leader.FollowerInfo (FollowerInfoImpl.java:lambda$new$1(49)) - s0@group-DBBE7E7C6C61->s2: commitIndex: updateToMax old=1, new=1, updated? false
2022-08-02 21:05:55,130 [grpc-default-executor-2] DEBUG leader.FollowerInfo (FollowerInfoImpl.java:lambda$new$1(49)) - s0@group-DBBE7E7C6C61->s2: matchIndex: updateToMax old=2, new=-1, updated? false
2022-08-02 21:05:55,130 [grpc-default-executor-2] DEBUG leader.FollowerInfo (FollowerInfoImpl.java:lambda$new$1(49)) - s0@group-DBBE7E7C6C61->s2: commitIndex: updateToMax old=1, new=1, updated? false
2022-08-02 21:05:55,130 [grpc-default-executor-2] DEBUG leader.FollowerInfo (FollowerInfoImpl.java:lambda$new$1(49)) - s0@group-DBBE7E7C6C61->s2: matchIndex: updateToMax old=2, new=-1, updated? false
2022-08-02 21:05:55,131 [grpc-default-executor-3] DEBUG leader.FollowerInfo (FollowerInfoImpl.java:lambda$new$1(49)) - s0@group-DBBE7E7C6C61->s1: commitIndex: updateToMax old=1, new=1, updated? false
2022-08-02 21:05:55,131 [grpc-default-executor-3] DEBUG leader.FollowerInfo (FollowerInfoImpl.java:lambda$new$1(49)) - s0@group-DBBE7E7C6C61->s1: matchIndex: updateToMax old=2, new=-1, updated? false
2022-08-02 21:05:55,131 [grpc-default-executor-3] DEBUG leader.FollowerInfo (FollowerInfoImpl.java:lambda$new$1(49)) - s0@group-DBBE7E7C6C61->s2: commitIndex: updateToMax old=1, new=1, updated? false
2022-08-02 21:05:55,131 [grpc-default-executor-3] DEBUG leader.FollowerInfo (FollowerInfoImpl.java:lambda$new$1(49)) - s0@group-DBBE7E7C6C61->s2: matchIndex: updateToMax old=2, new=-1, updated? false
2022-08-02 21:05:55,132 [grpc-default-executor-2] DEBUG leader.FollowerInfo (FollowerInfoImpl.java:lambda$new$1(49)) - s0@group-DBBE7E7C6C61->s1: commitIndex: updateToMax old=1, new=1, updated? false
2022-08-02 21:05:55,132 [grpc-default-executor-2] DEBUG leader.FollowerInfo (FollowerInfoImpl.java:lambda$new$1(49)) - s0@group-DBBE7E7C6C61->s1: matchIndex: updateToMax old=2, new=-1, updated? false
2022-08-02 21:05:55,135 [grpc-default-executor-3] DEBUG leader.FollowerInfo (FollowerInfoImpl.java:lambda$new$1(49)) - s0@group-DBBE7E7C6C61->s2: commitIndex: updateToMax old=1, new=1, updated? false
2022-08-02 21:05:55,136 [grpc-default-executor-3] DEBUG leader.FollowerInfo (FollowerInfoImpl.java:lambda$new$1(49)) - s0@group-DBBE7E7C6C61->s2: matchIndex: updateToMax old=2, new=-1, updated? false
2022-08-02 21:05:55,139 [grpc-default-executor-2] DEBUG leader.FollowerInfo (FollowerInfoImpl.java:lambda$new$1(49)) - s0@group-DBBE7E7C6C61->s1: commitIndex: updateToMax old=1, new=1, updated? false
2022-08-02 21:05:55,140 [grpc-default-executor-2] DEBUG leader.FollowerInfo (FollowerInfoImpl.java:lambda$new$1(49)) - s0@group-DBBE7E7C6C61->s1: matchIndex: updateToMax old=2, new=-1, updated? false
2022-08-02 21:05:55,140 [grpc-default-executor-3] DEBUG leader.FollowerInfo (FollowerInfoImpl.java:lambda$new$1(49)) - s0@group-DBBE7E7C6C61->s2: commitIndex: updateToMax old=1, new=1, updated? false
2022-08-02 21:05:55,140 [grpc-default-executor-3] DEBUG leader.FollowerInfo (FollowerInfoImpl.java:lambda$new$1(49)) - s0@group-DBBE7E7C6C61->s2: matchIndex: updateToMax old=2, new=-1, updated? false
2022-08-02 21:05:55,141 [grpc-default-executor-2] DEBUG leader.FollowerInfo (FollowerInfoImpl.java:lambda$new$1(49)) - s0@group-DBBE7E7C6C61->s1: commitIndex: updateToMax old=1, new=1, updated? false
2022-08-02 21:05:55,141 [grpc-default-executor-2] DEBUG leader.FollowerInfo (FollowerInfoImpl.java:lambda$new$1(49)) - s0@group-DBBE7E7C6C61->s1: matchIndex: updateToMax old=2, new=-1, updated? false
2022-08-02 21:05:55,142 [grpc-default-executor-3] DEBUG leader.FollowerInfo (FollowerInfoImpl.java:lambda$new$1(49)) - s0@group-DBBE7E7C6C61->s2: commitIndex: updateToMax old=1, new=1, updated? false
2022-08-02 21:05:55,142 [grpc-default-executor-3] DEBUG leader.FollowerInfo (FollowerInfoImpl.java:lambda$new$1(49)) - s0@group-DBBE7E7C6C61->s2: matchIndex: updateToMax old=2, new=-1, updated? false
2022-08-02 21:05:55,142 [grpc-default-executor-2] DEBUG leader.FollowerInfo (FollowerInfoImpl.java:lambda$new$1(49)) - s0@group-DBBE7E7C6C61->s1: commitIndex: updateToMax old=1, new=1, updated? false
2022-08-02 21:05:55,142 [grpc-default-executor-2] DEBUG leader.FollowerInfo (FollowerInfoImpl.java:lambda$new$1(49)) - s0@group-DBBE7E7C6C61->s1: matchIndex: updateToMax old=2, new=-1, updated? false
2022-08-02 21:05:55,143 [grpc-default-executor-3] DEBUG leader.FollowerInfo (FollowerInfoImpl.java:lambda$new$1(49)) - s0@group-DBBE7E7C6C61->s2: commitIndex: updateToMax old=1, new=1, updated? false
2022-08-02 21:05:55,143 [grpc-default-executor-3] DEBUG leader.FollowerInfo (FollowerInfoImpl.java:lambda$new$1(49)) - s0@group-DBBE7E7C6C61->s2: matchIndex: updateToMax old=2, new=-1, updated? false
2022-08-02 21:05:55,144 [grpc-default-executor-2] DEBUG leader.FollowerInfo (FollowerInfoImpl.java:lambda$new$1(49)) - s0@group-DBBE7E7C6C61->s1: commitIndex: updateToMax old=1, new=1, updated? false
2022-08-02 21:05:55,144 [grpc-default-executor-2] DEBUG leader.FollowerInfo (FollowerInfoImpl.java:lambda$new$1(49)) - s0@group-DBBE7E7C6C61->s1: matchIndex: updateToMax old=2, new=-1, updated? false
2022-08-02 21:05:55,145 [grpc-default-executor-3] DEBUG leader.FollowerInfo (FollowerInfoImpl.java:lambda$new$1(49)) - s0@group-DBBE7E7C6C61->s2: commitIndex: updateToMax old=1, new=1, updated? false
2022-08-02 21:05:55,145 [grpc-default-executor-3] DEBUG leader.FollowerInfo (FollowerInfoImpl.java:lambda$new$1(49)) - s0@group-DBBE7E7C6C61->s2: matchIndex: updateToMax old=2, new=-1, updated? false
2022-08-02 21:05:55,145 [grpc-default-executor-2] DEBUG leader.FollowerInfo (FollowerInfoImpl.java:lambda$new$1(49)) - s0@group-DBBE7E7C6C61->s1: commitIndex: updateToMax old=1, new=1, updated? false
2022-08-02 21:05:55,145 [grpc-default-executor-2] DEBUG leader.FollowerInfo (FollowerInfoImpl.java:lambda$new$1(49)) - s0@group-DBBE7E7C6C61->s1: matchIndex: updateToMax old=2, new=-1, updated? false
2022-08-02 21:05:55,147 [grpc-default-executor-3] DEBUG leader.FollowerInfo (FollowerInfoImpl.java:lambda$new$1(49)) - s0@group-DBBE7E7C6C61->s2: commitIndex: updateToMax old=1, new=1, updated? false
2022-08-02 21:05:55,147 [grpc-default-executor-3] DEBUG leader.FollowerInfo (FollowerInfoImpl.java:lambda$new$1(49)) - s0@group-DBBE7E7C6C61->s2: matchIndex: updateToMax old=2, new=-1, updated? false
2022-08-02 21:05:55,148 [grpc-default-executor-2] DEBUG leader.FollowerInfo (FollowerInfoImpl.java:lambda$new$1(49)) - s0@group-DBBE7E7C6C61->s1: commitIndex: updateToMax old=1, new=1, updated? false
2022-08-02 21:05:55,148 [grpc-default-executor-2] DEBUG leader.FollowerInfo (FollowerInfoImpl.java:lambda$new$1(49)) - s0@group-DBBE7E7C6C61->s1: matchIndex: updateToMax old=2, new=-1, updated? false
2022-08-02 21:05:55,149 [grpc-default-executor-3] DEBUG leader.FollowerInfo (FollowerInfoImpl.java:lambda$new$1(49)) - s0@group-DBBE7E7C6C61->s2: commitIndex: updateToMax old=1, new=1, updated? false
2022-08-02 21:05:55,149 [grpc-default-executor-3] DEBUG leader.FollowerInfo (FollowerInfoImpl.java:lambda$new$1(49)) - s0@group-DBBE7E7C6C61->s2: matchIndex: updateToMax old=2, new=-1, updated? false
2022-08-02 21:05:55,151 [grpc-default-executor-2] DEBUG leader.FollowerInfo (FollowerInfoImpl.java:lambda$new$1(49)) - s0@group-DBBE7E7C6C61->s1: commitIndex: updateToMax old=1, new=1, updated? false
2022-08-02 21:05:55,151 [grpc-default-executor-2] DEBUG leader.FollowerInfo (FollowerInfoImpl.java:lambda$new$1(49)) - s0@group-DBBE7E7C6C61->s1: matchIndex: updateToMax old=2, new=-1, updated? false
2022-08-02 21:05:55,152 [grpc-default-executor-3] DEBUG leader.FollowerInfo (FollowerInfoImpl.java:lambda$new$1(49)) - s0@group-DBBE7E7C6C61->s2: commitIndex: updateToMax old=1, new=1, updated? false
2022-08-02 21:05:55,152 [grpc-default-executor-3] DEBUG leader.FollowerInfo (FollowerInfoImpl.java:lambda$new$1(49)) - s0@group-DBBE7E7C6C61->s2: matchIndex: updateToMax old=2, new=-1, updated? false
2022-08-02 21:05:55,155 [grpc-default-executor-2] DEBUG leader.FollowerInfo (FollowerInfoImpl.java:lambda$new$1(49)) - s0@group-DBBE7E7C6C61->s1: commitIndex: updateToMax old=1, new=1, updated? false
2022-08-02 21:05:55,156 [grpc-default-executor-2] DEBUG leader.FollowerInfo (FollowerInfoImpl.java:lambda$new$1(49)) - s0@group-DBBE7E7C6C61->s1: matchIndex: updateToMax old=2, new=-1, updated? false
2022-08-02 21:05:55,156 [grpc-default-executor-3] DEBUG leader.FollowerInfo (FollowerInfoImpl.java:lambda$new$1(49)) - s0@group-DBBE7E7C6C61->s2: commitIndex: updateToMax old=1, new=1, updated? false
2022-08-02 21:05:55,156 [grpc-default-executor-3] DEBUG leader.FollowerInfo (FollowerInfoImpl.java:lambda$new$1(49)) - s0@group-DBBE7E7C6C61->s2: matchIndex: updateToMax old=2, new=-1, updated? false
2022-08-02 21:05:55,158 [grpc-default-executor-2] DEBUG leader.FollowerInfo (FollowerInfoImpl.java:lambda$new$1(49)) - s0@group-DBBE7E7C6C61->s1: commitIndex: updateToMax old=1, new=1, updated? false
2022-08-02 21:05:55,158 [grpc-default-executor-2] DEBUG leader.FollowerInfo (FollowerInfoImpl.java:lambda$new$1(49)) - s0@group-DBBE7E7C6C61->s1: matchIndex: updateToMax old=2, new=-1, updated? false
2022-08-02 21:05:55,159 [grpc-default-executor-3] DEBUG leader.FollowerInfo (FollowerInfoImpl.java:lambda$new$1(49)) - s0@group-DBBE7E7C6C61->s2: commitIndex: updateToMax old=1, new=1, updated? false
2022-08-02 21:05:55,159 [grpc-default-executor-3] DEBUG leader.FollowerInfo (FollowerInfoImpl.java:lambda$new$1(49)) - s0@group-DBBE7E7C6C61->s2: matchIndex: updateToMax old=2, new=-1, updated? false
2022-08-02 21:05:55,159 [grpc-default-executor-2] DEBUG leader.FollowerInfo (FollowerInfoImpl.java:lambda$new$1(49)) - s0@group-DBBE7E7C6C61->s1: commitIndex: updateToMax old=1, new=1, updated? false
2022-08-02 21:05:55,159 [grpc-default-executor-2] DEBUG leader.FollowerInfo (FollowerInfoImpl.java:lambda$new$1(49)) - s0@group-DBBE7E7C6C61->s1: matchIndex: updateToMax old=2, new=-1, updated? false
2022-08-02 21:05:55,160 [grpc-default-executor-3] DEBUG leader.FollowerInfo (FollowerInfoImpl.java:lambda$new$1(49)) - s0@group-DBBE7E7C6C61->s2: commitIndex: updateToMax old=1, new=1, updated? false
2022-08-02 21:05:55,160 [grpc-default-executor-3] DEBUG leader.FollowerInfo (FollowerInfoImpl.java:lambda$new$1(49)) - s0@group-DBBE7E7C6C61->s2: matchIndex: updateToMax old=2, new=-1, updated? false
2022-08-02 21:05:55,161 [grpc-default-executor-2] DEBUG leader.FollowerInfo (FollowerInfoImpl.java:lambda$new$1(49)) - s0@group-DBBE7E7C6C61->s1: commitIndex: updateToMax old=1, new=1, updated? false
2022-08-02 21:05:55,161 [grpc-default-executor-2] DEBUG leader.FollowerInfo (FollowerInfoImpl.java:lambda$new$1(49)) - s0@group-DBBE7E7C6C61->s1: matchIndex: updateToMax old=2, new=-1, updated? false
2022-08-02 21:05:55,162 [grpc-default-executor-3] DEBUG leader.FollowerInfo (FollowerInfoImpl.java:lambda$new$1(49)) - s0@group-DBBE7E7C6C61->s2: commitIndex: updateToMax old=1, new=1, updated? false
2022-08-02 21:05:55,162 [grpc-default-executor-3] DEBUG leader.FollowerInfo (FollowerInfoImpl.java:lambda$new$1(49)) - s0@group-DBBE7E7C6C61->s2: matchIndex: updateToMax old=2, new=-1, updated? false
2022-08-02 21:05:55,162 [grpc-default-executor-2] DEBUG leader.FollowerInfo (FollowerInfoImpl.java:lambda$new$1(49)) - s0@group-DBBE7E7C6C61->s1: commitIndex: updateToMax old=1, new=1, updated? false
2022-08-02 21:05:55,162 [grpc-default-executor-2] DEBUG leader.FollowerInfo (FollowerInfoImpl.java:lambda$new$1(49)) - s0@group-DBBE7E7C6C61->s1: matchIndex: updateToMax old=2, new=-1, updated? false
2022-08-02 21:05:55,163 [grpc-default-executor-3] DEBUG leader.FollowerInfo (FollowerInfoImpl.java:lambda$new$1(49)) - s0@group-DBBE7E7C6C61->s2: commitIndex: updateToMax old=1, new=1, updated? false
2022-08-02 21:05:55,163 [grpc-default-executor-3] DEBUG leader.FollowerInfo (FollowerInfoImpl.java:lambda$new$1(49)) - s0@group-DBBE7E7C6C61->s2: matchIndex: updateToMax old=2, new=-1, updated? false
2022-08-02 21:05:55,164 [grpc-default-executor-2] DEBUG leader.FollowerInfo (FollowerInfoImpl.java:lambda$new$1(49)) - s0@group-DBBE7E7C6C61->s1: commitIndex: updateToMax old=1, new=1, updated? false
2022-08-02 21:05:55,164 [grpc-default-executor-2] DEBUG leader.FollowerInfo (FollowerInfoImpl.java:lambda$new$1(49)) - s0@group-DBBE7E7C6C61->s1: matchIndex: updateToMax old=2, new=-1, updated? false
2022-08-02 21:05:55,164 [grpc-default-executor-3] DEBUG leader.FollowerInfo (FollowerInfoImpl.java:lambda$new$1(49)) - s0@group-DBBE7E7C6C61->s2: commitIndex: updateToMax old=1, new=1, updated? false
2022-08-02 21:05:55,164 [grpc-default-executor-3] DEBUG leader.FollowerInfo (FollowerInfoImpl.java:lambda$new$1(49)) - s0@group-DBBE7E7C6C61->s2: matchIndex: updateToMax old=2, new=-1, updated? false
2022-08-02 21:05:55,165 [grpc-default-executor-2] DEBUG leader.FollowerInfo (FollowerInfoImpl.java:lambda$new$1(49)) - s0@group-DBBE7E7C6C61->s1: commitIndex: updateToMax old=1, new=1, updated? false
2022-08-02 21:05:55,165 [grpc-default-executor-2] DEBUG leader.FollowerInfo (FollowerInfoImpl.java:lambda$new$1(49)) - s0@group-DBBE7E7C6C61->s1: matchIndex: updateToMax old=2, new=-1, updated? false
2022-08-02 21:05:55,166 [grpc-default-executor-3] DEBUG leader.FollowerInfo (FollowerInfoImpl.java:lambda$new$1(49)) - s0@group-DBBE7E7C6C61->s2: commitIndex: updateToMax old=1, new=1, updated? false
2022-08-02 21:05:55,166 [grpc-default-executor-3] DEBUG leader.FollowerInfo (FollowerInfoImpl.java:lambda$new$1(49)) - s0@group-DBBE7E7C6C61->s2: matchIndex: updateToMax old=2, new=-1, updated? false
2022-08-02 21:05:55,166 [grpc-default-executor-2] DEBUG leader.FollowerInfo (FollowerInfoImpl.java:lambda$new$1(49)) - s0@group-DBBE7E7C6C61->s1: commitIndex: updateToMax old=1, new=1, updated? false
2022-08-02 21:05:55,167 [grpc-default-executor-2] DEBUG leader.FollowerInfo (FollowerInfoImpl.java:lambda$new$1(49)) - s0@group-DBBE7E7C6C61->s1: matchIndex: updateToMax old=2, new=-1, updated? false
2022-08-02 21:05:55,167 [grpc-default-executor-3] DEBUG leader.FollowerInfo (FollowerInfoImpl.java:lambda$new$1(49)) - s0@group-DBBE7E7C6C61->s2: commitIndex: updateToMax old=1, new=1, updated? false
2022-08-02 21:05:55,167 [grpc-default-executor-3] DEBUG leader.FollowerInfo (FollowerInfoImpl.java:lambda$new$1(49)) - s0@group-DBBE7E7C6C61->s2: matchIndex: updateToMax old=2, new=-1, updated? false
2022-08-02 21:05:55,168 [grpc-default-executor-2] DEBUG leader.FollowerInfo (FollowerInfoImpl.java:lambda$new$1(49)) - s0@group-DBBE7E7C6C61->s1: commitIndex: updateToMax old=1, new=1, updated? false
2022-08-02 21:05:55,168 [grpc-default-executor-2] DEBUG leader.FollowerInfo (FollowerInfoImpl.java:lambda$new$1(49)) - s0@group-DBBE7E7C6C61->s1: matchIndex: updateToMax old=2, new=-1, updated? false
2022-08-02 21:05:55,169 [grpc-default-executor-3] DEBUG leader.FollowerInfo (FollowerInfoImpl.java:lambda$new$1(49)) - s0@group-DBBE7E7C6C61->s2: commitIndex: updateToMax old=1, new=1, updated? false
2022-08-02 21:05:55,169 [grpc-default-executor-3] DEBUG leader.FollowerInfo (FollowerInfoImpl.java:lambda$new$1(49)) - s0@group-DBBE7E7C6C61->s2: matchIndex: updateToMax old=2, new=-1, updated? false
2022-08-02 21:05:55,169 [grpc-default-executor-2] DEBUG leader.FollowerInfo (FollowerInfoImpl.java:lambda$new$1(49)) - s0@group-DBBE7E7C6C61->s1: commitIndex: updateToMax old=1, new=1, updated? false
2022-08-02 21:05:55,169 [grpc-default-executor-2] DEBUG leader.FollowerInfo (FollowerInfoImpl.java:lambda$new$1(49)) - s0@group-DBBE7E7C6C61->s1: matchIndex: updateToMax old=2, new=-1, updated? false
2022-08-02 21:05:55,170 [grpc-default-executor-3] DEBUG leader.FollowerInfo (FollowerInfoImpl.java:lambda$new$1(49)) - s0@group-DBBE7E7C6C61->s2: commitIndex: updateToMax old=1, new=1, updated? false
2022-08-02 21:05:55,170 [grpc-default-executor-3] DEBUG leader.FollowerInfo (FollowerInfoImpl.java:lambda$new$1(49)) - s0@group-DBBE7E7C6C61->s2: matchIndex: updateToMax old=2, new=-1, updated? false
2022-08-02 21:05:55,171 [grpc-default-executor-2] DEBUG leader.FollowerInfo (FollowerInfoImpl.java:lambda$new$1(49)) - s0@group-DBBE7E7C6C61->s1: commitIndex: updateToMax old=1, new=1, updated? false
2022-08-02 21:05:55,171 [grpc-default-executor-2] DEBUG leader.FollowerInfo (FollowerInfoImpl.java:lambda$new$1(49)) - s0@group-DBBE7E7C6C61->s1: matchIndex: updateToMax old=2, new=-1, updated? false
2022-08-02 21:05:55,172 [grpc-default-executor-3] DEBUG leader.FollowerInfo (FollowerInfoImpl.java:lambda$new$1(49)) - s0@group-DBBE7E7C6C61->s2: commitIndex: updateToMax old=1, new=1, updated? false
2022-08-02 21:05:55,172 [grpc-default-executor-3] DEBUG leader.FollowerInfo (FollowerInfoImpl.java:lambda$new$1(49)) - s0@group-DBBE7E7C6C61->s2: matchIndex: updateToMax old=2, new=-1, updated? false
2022-08-02 21:05:55,172 [grpc-default-executor-2] DEBUG leader.FollowerInfo (FollowerInfoImpl.java:lambda$new$1(49)) - s0@group-DBBE7E7C6C61->s1: commitIndex: updateToMax old=1, new=1, updated? false
2022-08-02 21:05:55,172 [grpc-default-executor-2] DEBUG leader.FollowerInfo (FollowerInfoImpl.java:lambda$new$1(49)) - s0@group-DBBE7E7C6C61->s1: matchIndex: updateToMax old=2, new=-1, updated? false
2022-08-02 21:05:55,175 [grpc-default-executor-3] DEBUG leader.FollowerInfo (FollowerInfoImpl.java:lambda$new$1(49)) - s0@group-DBBE7E7C6C61->s2: commitIndex: updateToMax old=1, new=1, updated? false
2022-08-02 21:05:55,176 [grpc-default-executor-3] DEBUG leader.FollowerInfo (FollowerInfoImpl.java:lambda$new$1(49)) - s0@group-DBBE7E7C6C61->s2: matchIndex: updateToMax old=2, new=-1, updated? false
2022-08-02 21:05:55,176 [grpc-default-executor-2] DEBUG leader.FollowerInfo (FollowerInfoImpl.java:lambda$new$1(49)) - s0@group-DBBE7E7C6C61->s1: commitIndex: updateToMax old=1, new=1, updated? false
2022-08-02 21:05:55,176 [grpc-default-executor-2] DEBUG leader.FollowerInfo (FollowerInfoImpl.java:lambda$new$1(49)) - s0@group-DBBE7E7C6C61->s1: matchIndex: updateToMax old=2, new=-1, updated? false
2022-08-02 21:05:55,177 [grpc-default-executor-3] DEBUG leader.FollowerInfo (FollowerInfoImpl.java:lambda$new$1(49)) - s0@group-DBBE7E7C6C61->s2: commitIndex: updateToMax old=1, new=1, updated? false
2022-08-02 21:05:55,177 [grpc-default-executor-3] DEBUG leader.FollowerInfo (FollowerInfoImpl.java:lambda$new$1(49)) - s0@group-DBBE7E7C6C61->s2: matchIndex: updateToMax old=2, new=-1, updated? false
2022-08-02 21:05:55,178 [grpc-default-executor-2] DEBUG leader.FollowerInfo (FollowerInfoImpl.java:lambda$new$1(49)) - s0@group-DBBE7E7C6C61->s1: commitIndex: updateToMax old=1, new=1, updated? false
2022-08-02 21:05:55,178 [grpc-default-executor-2] DEBUG leader.FollowerInfo (FollowerInfoImpl.java:lambda$new$1(49)) - s0@group-DBBE7E7C6C61->s1: matchIndex: updateToMax old=2, new=-1, updated? false
2022-08-02 21:05:55,178 [grpc-default-executor-3] DEBUG leader.FollowerInfo (FollowerInfoImpl.java:lambda$new$1(49)) - s0@group-DBBE7E7C6C61->s2: commitIndex: updateToMax old=1, new=1, updated? false
2022-08-02 21:05:55,178 [grpc-default-executor-3] DEBUG leader.FollowerInfo (FollowerInfoImpl.java:lambda$new$1(49)) - s0@group-DBBE7E7C6C61->s2: matchIndex: updateToMax old=2, new=-1, updated? false
2022-08-02 21:05:55,179 [grpc-default-executor-2] DEBUG leader.FollowerInfo (FollowerInfoImpl.java:lambda$new$1(49)) - s0@group-DBBE7E7C6C61->s1: commitIndex: updateToMax old=1, new=1, updated? false
2022-08-02 21:05:55,179 [grpc-default-executor-2] DEBUG leader.FollowerInfo (FollowerInfoImpl.java:lambda$new$1(49)) - s0@group-DBBE7E7C6C61->s1: matchIndex: updateToMax old=2, new=-1, updated? false
2022-08-02 21:05:55,180 [grpc-default-executor-3] DEBUG leader.FollowerInfo (FollowerInfoImpl.java:lambda$new$1(49)) - s0@group-DBBE7E7C6C61->s2: commitIndex: updateToMax old=1, new=1, updated? false
2022-08-02 21:05:55,180 [grpc-default-executor-3] DEBUG leader.FollowerInfo (FollowerInfoImpl.java:lambda$new$1(49)) - s0@group-DBBE7E7C6C61->s2: matchIndex: updateToMax old=2, new=-1, updated? false
2022-08-02 21:05:55,182 [grpc-default-executor-2] DEBUG leader.FollowerInfo (FollowerInfoImpl.java:lambda$new$1(49)) - s0@group-DBBE7E7C6C61->s1: commitIndex: updateToMax old=1, new=1, updated? false
2022-08-02 21:05:55,182 [grpc-default-executor-2] DEBUG leader.FollowerInfo (FollowerInfoImpl.java:lambda$new$1(49)) - s0@group-DBBE7E7C6C61->s1: matchIndex: updateToMax old=2, new=-1, updated? false
2022-08-02 21:05:55,183 [grpc-default-executor-3] DEBUG leader.FollowerInfo (FollowerInfoImpl.java:lambda$new$1(49)) - s0@group-DBBE7E7C6C61->s2: commitIndex: updateToMax old=1, new=1, updated? false
2022-08-02 21:05:55,183 [grpc-default-executor-3] DEBUG leader.FollowerInfo (FollowerInfoImpl.java:lambda$new$1(49)) - s0@group-DBBE7E7C6C61->s2: matchIndex: updateToMax old=2, new=-1, updated? false
2022-08-02 21:05:55,187 [grpc-default-executor-2] DEBUG leader.FollowerInfo (FollowerInfoImpl.java:lambda$new$1(49)) - s0@group-DBBE7E7C6C61->s1: commitIndex: updateToMax old=1, new=1, updated? false
2022-08-02 21:05:55,188 [grpc-default-executor-2] DEBUG leader.FollowerInfo (FollowerInfoImpl.java:lambda$new$1(49)) - s0@group-DBBE7E7C6C61->s1: matchIndex: updateToMax old=2, new=-1, updated? false
2022-08-02 21:05:55,188 [grpc-default-executor-3] DEBUG leader.FollowerInfo (FollowerInfoImpl.java:lambda$new$1(49)) - s0@group-DBBE7E7C6C61->s2: commitIndex: updateToMax old=1, new=1, updated? false
2022-08-02 21:05:55,188 [grpc-default-executor-3] DEBUG leader.FollowerInfo (FollowerInfoImpl.java:lambda$new$1(49)) - s0@group-DBBE7E7C6C61->s2: matchIndex: updateToMax old=2, new=-1, updated? false
2022-08-02 21:05:55,189 [grpc-default-executor-2] DEBUG leader.FollowerInfo (FollowerInfoImpl.java:lambda$new$1(49)) - s0@group-DBBE7E7C6C61->s1: commitIndex: updateToMax old=1, new=1, updated? false
2022-08-02 21:05:55,189 [grpc-default-executor-2] DEBUG leader.FollowerInfo (FollowerInfoImpl.java:lambda$new$1(49)) - s0@group-DBBE7E7C6C61->s1: matchIndex: updateToMax old=2, new=-1, updated? false
2022-08-02 21:05:55,190 [grpc-default-executor-3] DEBUG leader.FollowerInfo (FollowerInfoImpl.java:lambda$new$1(49)) - s0@group-DBBE7E7C6C61->s2: commitIndex: updateToMax old=1, new=1, updated? false
2022-08-02 21:05:55,190 [grpc-default-executor-3] DEBUG leader.FollowerInfo (FollowerInfoImpl.java:lambda$new$1(49)) - s0@group-DBBE7E7C6C61->s2: matchIndex: updateToMax old=2, new=-1, updated? false
2022-08-02 21:05:55,190 [grpc-default-executor-2] DEBUG leader.FollowerInfo (FollowerInfoImpl.java:lambda$new$1(49)) - s0@group-DBBE7E7C6C61->s1: commitIndex: updateToMax old=1, new=1, updated? false
2022-08-02 21:05:55,190 [grpc-default-executor-2] DEBUG leader.FollowerInfo (FollowerInfoImpl.java:lambda$new$1(49)) - s0@group-DBBE7E7C6C61->s1: matchIndex: updateToMax old=2, new=-1, updated? false
2022-08-02 21:05:55,191 [grpc-default-executor-3] DEBUG leader.FollowerInfo (FollowerInfoImpl.java:lambda$new$1(49)) - s0@group-DBBE7E7C6C61->s2: commitIndex: updateToMax old=1, new=1, updated? false
2022-08-02 21:05:55,191 [grpc-default-executor-3] DEBUG leader.FollowerInfo (FollowerInfoImpl.java:lambda$new$1(49)) - s0@group-DBBE7E7C6C61->s2: matchIndex: updateToMax old=2, new=-1, updated? false
2022-08-02 21:05:55,193 [grpc-default-executor-2] DEBUG leader.FollowerInfo (FollowerInfoImpl.java:lambda$new$1(49)) - s0@group-DBBE7E7C6C61->s1: commitIndex: updateToMax old=1, new=1, updated? false
2022-08-02 21:05:55,193 [grpc-default-executor-2] DEBUG leader.FollowerInfo (FollowerInfoImpl.java:lambda$new$1(49)) - s0@group-DBBE7E7C6C61->s1: matchIndex: updateToMax old=2, new=-1, updated? false
2022-08-02 21:05:55,193 [grpc-default-executor-3] DEBUG leader.FollowerInfo (FollowerInfoImpl.java:lambda$new$1(49)) - s0@group-DBBE7E7C6C61->s2: commitIndex: updateToMax old=1, new=1, updated? false
2022-08-02 21:05:55,193 [grpc-default-executor-3] DEBUG leader.FollowerInfo (FollowerInfoImpl.java:lambda$new$1(49)) - s0@group-DBBE7E7C6C61->s2: matchIndex: updateToMax old=2, new=-1, updated? false
2022-08-02 21:05:55,194 [grpc-default-executor-2] DEBUG leader.FollowerInfo (FollowerInfoImpl.java:lambda$new$1(49)) - s0@group-DBBE7E7C6C61->s1: commitIndex: updateToMax old=1, new=1, updated? false
2022-08-02 21:05:55,194 [grpc-default-executor-2] DEBUG leader.FollowerInfo (FollowerInfoImpl.java:lambda$new$1(49)) - s0@group-DBBE7E7C6C61->s1: matchIndex: updateToMax old=2, new=-1, updated? false
2022-08-02 21:05:55,195 [grpc-default-executor-3] DEBUG leader.FollowerInfo (FollowerInfoImpl.java:lambda$new$1(49)) - s0@group-DBBE7E7C6C61->s2: commitIndex: updateToMax old=1, new=1, updated? false
2022-08-02 21:05:55,195 [grpc-default-executor-3] DEBUG leader.FollowerInfo (FollowerInfoImpl.java:lambda$new$1(49)) - s0@group-DBBE7E7C6C61->s2: matchIndex: updateToMax old=2, new=-1, updated? false
2022-08-02 21:05:55,195 [grpc-default-executor-2] DEBUG leader.FollowerInfo (FollowerInfoImpl.java:lambda$new$1(49)) - s0@group-DBBE7E7C6C61->s1: commitIndex: updateToMax old=1, new=1, updated? false
2022-08-02 21:05:55,195 [grpc-default-executor-2] DEBUG leader.FollowerInfo (FollowerInfoImpl.java:lambda$new$1(49)) - s0@group-DBBE7E7C6C61->s1: matchIndex: updateToMax old=2, new=-1, updated? false
2022-08-02 21:05:55,196 [grpc-default-executor-3] DEBUG leader.FollowerInfo (FollowerInfoImpl.java:lambda$new$1(49)) - s0@group-DBBE7E7C6C61->s2: commitIndex: updateToMax old=1, new=1, updated? false
2022-08-02 21:05:55,196 [grpc-default-executor-3] DEBUG leader.FollowerInfo (FollowerInfoImpl.java:lambda$new$1(49)) - s0@group-DBBE7E7C6C61->s2: matchIndex: updateToMax old=2, new=-1, updated? false
2022-08-02 21:05:55,197 [grpc-default-executor-2] DEBUG leader.FollowerInfo (FollowerInfoImpl.java:lambda$new$1(49)) - s0@group-DBBE7E7C6C61->s1: commitIndex: updateToMax old=1, new=1, updated? false
2022-08-02 21:05:55,197 [grpc-default-executor-2] DEBUG leader.FollowerInfo (FollowerInfoImpl.java:lambda$new$1(49)) - s0@group-DBBE7E7C6C61->s1: matchIndex: updateToMax old=2, new=-1, updated? false
2022-08-02 21:05:55,197 [grpc-default-executor-3] DEBUG leader.FollowerInfo (FollowerInfoImpl.java:lambda$new$1(49)) - s0@group-DBBE7E7C6C61->s2: commitIndex: updateToMax old=1, new=1, updated? false
2022-08-02 21:05:55,197 [grpc-default-executor-3] DEBUG leader.FollowerInfo (FollowerInfoImpl.java:lambda$new$1(49)) - s0@group-DBBE7E7C6C61->s2: matchIndex: updateToMax old=2, new=-1, updated? false
2022-08-02 21:05:55,198 [grpc-default-executor-2] DEBUG leader.FollowerInfo (FollowerInfoImpl.java:lambda$new$1(49)) - s0@group-DBBE7E7C6C61->s1: commitIndex: updateToMax old=1, new=1, updated? false
2022-08-02 21:05:55,198 [grpc-default-executor-2] DEBUG leader.FollowerInfo (FollowerInfoImpl.java:lambda$new$1(49)) - s0@group-DBBE7E7C6C61->s1: matchIndex: updateToMax old=2, new=-1, updated? false
2022-08-02 21:05:55,199 [grpc-default-executor-3] DEBUG leader.FollowerInfo (FollowerInfoImpl.java:lambda$new$1(49)) - s0@group-DBBE7E7C6C61->s2: commitIndex: updateToMax old=1, new=1, updated? false
2022-08-02 21:05:55,199 [grpc-default-executor-3] DEBUG leader.FollowerInfo (FollowerInfoImpl.java:lambda$new$1(49)) - s0@group-DBBE7E7C6C61->s2: matchIndex: updateToMax old=2, new=-1, updated? false
2022-08-02 21:05:55,199 [grpc-default-executor-2] DEBUG leader.FollowerInfo (FollowerInfoImpl.java:lambda$new$1(49)) - s0@group-DBBE7E7C6C61->s1: commitIndex: updateToMax old=1, new=1, updated? false
2022-08-02 21:05:55,199 [grpc-default-executor-2] DEBUG leader.FollowerInfo (FollowerInfoImpl.java:lambda$new$1(49)) - s0@group-DBBE7E7C6C61->s1: matchIndex: updateToMax old=2, new=-1, updated? false
2022-08-02 21:05:55,200 [grpc-default-executor-3] DEBUG leader.FollowerInfo (FollowerInfoImpl.java:lambda$new$1(49)) - s0@group-DBBE7E7C6C61->s2: commitIndex: updateToMax old=1, new=1, updated? false
2022-08-02 21:05:55,200 [grpc-default-executor-3] DEBUG leader.FollowerInfo (FollowerInfoImpl.java:lambda$new$1(49)) - s0@group-DBBE7E7C6C61->s2: matchIndex: updateToMax old=2, new=-1, updated? false
2022-08-02 21:05:55,201 [grpc-default-executor-2] DEBUG leader.FollowerInfo (FollowerInfoImpl.java:lambda$new$1(49)) - s0@group-DBBE7E7C6C61->s1: commitIndex: updateToMax old=1, new=1, updated? false
2022-08-02 21:05:55,201 [grpc-default-executor-2] DEBUG leader.FollowerInfo (FollowerInfoImpl.java:lambda$new$1(49)) - s0@group-DBBE7E7C6C61->s1: matchIndex: updateToMax old=2, new=-1, updated? false
2022-08-02 21:05:55,202 [grpc-default-executor-3] DEBUG leader.FollowerInfo (FollowerInfoImpl.java:lambda$new$1(49)) - s0@group-DBBE7E7C6C61->s2: commitIndex: updateToMax old=1, new=1, updated? false
2022-08-02 21:05:55,202 [grpc-default-executor-3] DEBUG leader.FollowerInfo (FollowerInfoImpl.java:lambda$new$1(49)) - s0@group-DBBE7E7C6C61->s2: matchIndex: updateToMax old=2, new=-1, updated? false
2022-08-02 21:05:55,204 [grpc-default-executor-2] DEBUG leader.FollowerInfo (FollowerInfoImpl.java:lambda$new$1(49)) - s0@group-DBBE7E7C6C61->s1: commitIndex: updateToMax old=1, new=1, updated? false
2022-08-02 21:05:55,204 [grpc-default-executor-2] DEBUG leader.FollowerInfo (FollowerInfoImpl.java:lambda$new$1(49)) - s0@group-DBBE7E7C6C61->s1: matchIndex: updateToMax old=2, new=-1, updated? false
2022-08-02 21:05:55,204 [grpc-default-executor-3] DEBUG leader.FollowerInfo (FollowerInfoImpl.java:lambda$new$1(49)) - s0@group-DBBE7E7C6C61->s2: commitIndex: updateToMax old=1, new=1, updated? false
2022-08-02 21:05:55,204 [grpc-default-executor-3] DEBUG leader.FollowerInfo (FollowerInfoImpl.java:lambda$new$1(49)) - s0@group-DBBE7E7C6C61->s2: matchIndex: updateToMax old=2, new=-1, updated? false
2022-08-02 21:05:55,205 [grpc-default-executor-2] DEBUG leader.FollowerInfo (FollowerInfoImpl.java:lambda$new$1(49)) - s0@group-DBBE7E7C6C61->s1: commitIndex: updateToMax old=1, new=1, updated? false
2022-08-02 21:05:55,205 [grpc-default-executor-2] DEBUG leader.FollowerInfo (FollowerInfoImpl.java:lambda$new$1(49)) - s0@group-DBBE7E7C6C61->s1: matchIndex: updateToMax old=2, new=-1, updated? false
2022-08-02 21:05:55,206 [grpc-default-executor-3] DEBUG leader.FollowerInfo (FollowerInfoImpl.java:lambda$new$1(49)) - s0@group-DBBE7E7C6C61->s2: commitIndex: updateToMax old=1, new=1, updated? false
2022-08-02 21:05:55,206 [grpc-default-executor-3] DEBUG leader.FollowerInfo (FollowerInfoImpl.java:lambda$new$1(49)) - s0@group-DBBE7E7C6C61->s2: matchIndex: updateToMax old=2, new=-1, updated? false
2022-08-02 21:05:55,206 [grpc-default-executor-2] DEBUG leader.FollowerInfo (FollowerInfoImpl.java:lambda$new$1(49)) - s0@group-DBBE7E7C6C61->s1: commitIndex: updateToMax old=1, new=1, updated? false
2022-08-02 21:05:55,206 [grpc-default-executor-2] DEBUG leader.FollowerInfo (FollowerInfoImpl.java:lambda$new$1(49)) - s0@group-DBBE7E7C6C61->s1: matchIndex: updateToMax old=2, new=-1, updated? false
2022-08-02 21:05:55,207 [grpc-default-executor-3] DEBUG leader.FollowerInfo (FollowerInfoImpl.java:lambda$new$1(49)) - s0@group-DBBE7E7C6C61->s2: commitIndex: updateToMax old=1, new=1, updated? false
2022-08-02 21:05:55,207 [grpc-default-executor-3] DEBUG leader.FollowerInfo (FollowerInfoImpl.java:lambda$new$1(49)) - s0@group-DBBE7E7C6C61->s2: matchIndex: updateToMax old=2, new=-1, updated? false
2022-08-02 21:05:55,208 [grpc-default-executor-2] DEBUG leader.FollowerInfo (FollowerInfoImpl.java:lambda$new$1(49)) - s0@group-DBBE7E7C6C61->s1: commitIndex: updateToMax old=1, new=1, updated? false
2022-08-02 21:05:55,208 [grpc-default-executor-2] DEBUG leader.FollowerInfo (FollowerInfoImpl.java:lambda$new$1(49)) - s0@group-DBBE7E7C6C61->s1: matchIndex: updateToMax old=2, new=-1, updated? false
2022-08-02 21:05:55,208 [grpc-default-executor-3] DEBUG leader.FollowerInfo (FollowerInfoImpl.java:lambda$new$1(49)) - s0@group-DBBE7E7C6C61->s2: commitIndex: updateToMax old=1, new=1, updated? false
2022-08-02 21:05:55,209 [grpc-default-executor-3] DEBUG leader.FollowerInfo (FollowerInfoImpl.java:lambda$new$1(49)) - s0@group-DBBE7E7C6C61->s2: matchIndex: updateToMax old=2, new=-1, updated? false
2022-08-02 21:05:55,209 [grpc-default-executor-2] DEBUG leader.FollowerInfo (FollowerInfoImpl.java:lambda$new$1(49)) - s0@group-DBBE7E7C6C61->s1: commitIndex: updateToMax old=1, new=1, updated? false
2022-08-02 21:05:55,209 [grpc-default-executor-2] DEBUG leader.FollowerInfo (FollowerInfoImpl.java:lambda$new$1(49)) - s0@group-DBBE7E7C6C61->s1: matchIndex: updateToMax old=2, new=-1, updated? false
2022-08-02 21:05:55,210 [grpc-default-executor-3] DEBUG leader.FollowerInfo (FollowerInfoImpl.java:lambda$new$1(49)) - s0@group-DBBE7E7C6C61->s2: commitIndex: updateToMax old=1, new=1, updated? false
2022-08-02 21:05:55,210 [grpc-default-executor-3] DEBUG leader.FollowerInfo (FollowerInfoImpl.java:lambda$new$1(49)) - s0@group-DBBE7E7C6C61->s2: matchIndex: updateToMax old=2, new=-1, updated? false
2022-08-02 21:05:55,211 [grpc-default-executor-2] DEBUG leader.FollowerInfo (FollowerInfoImpl.java:lambda$new$1(49)) - s0@group-DBBE7E7C6C61->s1: commitIndex: updateToMax old=1, new=1, updated? false
2022-08-02 21:05:55,211 [grpc-default-executor-2] DEBUG leader.FollowerInfo (FollowerInfoImpl.java:lambda$new$1(49)) - s0@group-DBBE7E7C6C61->s1: matchIndex: updateToMax old=2, new=-1, updated? false
2022-08-02 21:05:55,211 [grpc-default-executor-3] DEBUG leader.FollowerInfo (FollowerInfoImpl.java:lambda$new$1(49)) - s0@group-DBBE7E7C6C61->s2: commitIndex: updateToMax old=1, new=1, updated? false
2022-08-02 21:05:55,211 [grpc-default-executor-3] DEBUG leader.FollowerInfo (FollowerInfoImpl.java:lambda$new$1(49)) - s0@group-DBBE7E7C6C61->s2: matchIndex: updateToMax old=2, new=-1, updated? false
2022-08-02 21:05:55,212 [grpc-default-executor-2] DEBUG leader.FollowerInfo (FollowerInfoImpl.java:lambda$new$1(49)) - s0@group-DBBE7E7C6C61->s1: commitIndex: updateToMax old=1, new=1, updated? false
2022-08-02 21:05:55,212 [grpc-default-executor-2] DEBUG leader.FollowerInfo (FollowerInfoImpl.java:lambda$new$1(49)) - s0@group-DBBE7E7C6C61->s1: matchIndex: updateToMax old=2, new=-1, updated? false
2022-08-02 21:05:55,213 [grpc-default-executor-3] DEBUG leader.FollowerInfo (FollowerInfoImpl.java:lambda$new$1(49)) - s0@group-DBBE7E7C6C61->s2: commitIndex: updateToMax old=1, new=1, updated? false
2022-08-02 21:05:55,213 [grpc-default-executor-3] DEBUG leader.FollowerInfo (FollowerInfoImpl.java:lambda$new$1(49)) - s0@group-DBBE7E7C6C61->s2: matchIndex: updateToMax old=2, new=-1, updated? false
2022-08-02 21:05:55,213 [grpc-default-executor-2] DEBUG leader.FollowerInfo (FollowerInfoImpl.java:lambda$new$1(49)) - s0@group-DBBE7E7C6C61->s1: commitIndex: updateToMax old=1, new=1, updated? false
2022-08-02 21:05:55,213 [grpc-default-executor-2] DEBUG leader.FollowerInfo (FollowerInfoImpl.java:lambda$new$1(49)) - s0@group-DBBE7E7C6C61->s1: matchIndex: updateToMax old=2, new=-1, updated? false
2022-08-02 21:05:55,214 [grpc-default-executor-3] DEBUG leader.FollowerInfo (FollowerInfoImpl.java:lambda$new$1(49)) - s0@group-DBBE7E7C6C61->s2: commitIndex: updateToMax old=1, new=1, updated? false
2022-08-02 21:05:55,214 [grpc-default-executor-3] DEBUG leader.FollowerInfo (FollowerInfoImpl.java:lambda$new$1(49)) - s0@group-DBBE7E7C6C61->s2: matchIndex: updateToMax old=2, new=-1, updated? false
2022-08-02 21:05:55,215 [grpc-default-executor-2] DEBUG leader.FollowerInfo (FollowerInfoImpl.java:lambda$new$1(49)) - s0@group-DBBE7E7C6C61->s1: commitIndex: updateToMax old=1, new=1, updated? false
2022-08-02 21:05:55,215 [grpc-default-executor-2] DEBUG leader.FollowerInfo (FollowerInfoImpl.java:lambda$new$1(49)) - s0@group-DBBE7E7C6C61->s1: matchIndex: updateToMax old=2, new=-1, updated? false
2022-08-02 21:05:55,216 [grpc-default-executor-3] DEBUG leader.FollowerInfo (FollowerInfoImpl.java:lambda$new$1(49)) - s0@group-DBBE7E7C6C61->s2: commitIndex: updateToMax old=1, new=1, updated? false
2022-08-02 21:05:55,216 [grpc-default-executor-3] DEBUG leader.FollowerInfo (FollowerInfoImpl.java:lambda$new$1(49)) - s0@group-DBBE7E7C6C61->s2: matchIndex: updateToMax old=2, new=-1, updated? false
2022-08-02 21:05:55,216 [grpc-default-executor-2] DEBUG leader.FollowerInfo (FollowerInfoImpl.java:lambda$new$1(49)) - s0@group-DBBE7E7C6C61->s1: commitIndex: updateToMax old=1, new=1, updated? false
2022-08-02 21:05:55,216 [grpc-default-executor-2] DEBUG leader.FollowerInfo (FollowerInfoImpl.java:lambda$new$1(49)) - s0@group-DBBE7E7C6C61->s1: matchIndex: updateToMax old=2, new=-1, updated? false
2022-08-02 21:05:55,217 [grpc-default-executor-3] DEBUG leader.FollowerInfo (FollowerInfoImpl.java:lambda$new$1(49)) - s0@group-DBBE7E7C6C61->s2: commitIndex: updateToMax old=1, new=1, updated? false
2022-08-02 21:05:55,217 [grpc-default-executor-3] DEBUG leader.FollowerInfo (FollowerInfoImpl.java:lambda$new$1(49)) - s0@group-DBBE7E7C6C61->s2: matchIndex: updateToMax old=2, new=-1, updated? false
2022-08-02 21:05:55,218 [grpc-default-executor-2] DEBUG leader.FollowerInfo (FollowerInfoImpl.java:lambda$new$1(49)) - s0@group-DBBE7E7C6C61->s1: commitIndex: updateToMax old=1, new=1, updated? false
2022-08-02 21:05:55,218 [grpc-default-executor-2] DEBUG leader.FollowerInfo (FollowerInfoImpl.java:lambda$new$1(49)) - s0@group-DBBE7E7C6C61->s1: matchIndex: updateToMax old=2, new=-1, updated? false
2022-08-02 21:05:55,219 [grpc-default-executor-3] DEBUG leader.FollowerInfo (FollowerInfoImpl.java:lambda$new$1(49)) - s0@group-DBBE7E7C6C61->s2: commitIndex: updateToMax old=1, new=1, updated? false
2022-08-02 21:05:55,219 [grpc-default-executor-3] DEBUG leader.FollowerInfo (FollowerInfoImpl.java:lambda$new$1(49)) - s0@group-DBBE7E7C6C61->s2: matchIndex: updateToMax old=2, new=-1, updated? false
2022-08-02 21:05:55,219 [grpc-default-executor-2] DEBUG leader.FollowerInfo (FollowerInfoImpl.java:lambda$new$1(49)) - s0@group-DBBE7E7C6C61->s1: commitIndex: updateToMax old=1, new=1, updated? false
2022-08-02 21:05:55,219 [grpc-default-executor-2] DEBUG leader.FollowerInfo (FollowerInfoImpl.java:lambda$new$1(49)) - s0@group-DBBE7E7C6C61->s1: matchIndex: updateToMax old=2, new=-1, updated? false
2022-08-02 21:05:55,220 [grpc-default-executor-3] DEBUG leader.FollowerInfo (FollowerInfoImpl.java:lambda$new$1(49)) - s0@group-DBBE7E7C6C61->s2: commitIndex: updateToMax old=1, new=1, updated? false
2022-08-02 21:05:55,220 [grpc-default-executor-3] DEBUG leader.FollowerInfo (FollowerInfoImpl.java:lambda$new$1(49)) - s0@group-DBBE7E7C6C61->s2: matchIndex: updateToMax old=2, new=-1, updated? false
2022-08-02 21:05:55,221 [grpc-default-executor-2] DEBUG leader.FollowerInfo (FollowerInfoImpl.java:lambda$new$1(49)) - s0@group-DBBE7E7C6C61->s1: commitIndex: updateToMax old=1, new=1, updated? false
2022-08-02 21:05:55,221 [grpc-default-executor-2] DEBUG leader.FollowerInfo (FollowerInfoImpl.java:lambda$new$1(49)) - s0@group-DBBE7E7C6C61->s1: matchIndex: updateToMax old=2, new=-1, updated? false
2022-08-02 21:05:55,221 [grpc-default-executor-3] DEBUG leader.FollowerInfo (FollowerInfoImpl.java:lambda$new$1(49)) - s0@group-DBBE7E7C6C61->s2: commitIndex: updateToMax old=1, new=1, updated? false
2022-08-02 21:05:55,221 [grpc-default-executor-3] DEBUG leader.FollowerInfo (FollowerInfoImpl.java:lambda$new$1(49)) - s0@group-DBBE7E7C6C61->s2: matchIndex: updateToMax old=2, new=-1, updated? false
2022-08-02 21:05:55,222 [grpc-default-executor-2] DEBUG leader.FollowerInfo (FollowerInfoImpl.java:lambda$new$1(49)) - s0@group-DBBE7E7C6C61->s1: commitIndex: updateToMax old=1, new=1, updated? false
2022-08-02 21:05:55,222 [grpc-default-executor-2] DEBUG leader.FollowerInfo (FollowerInfoImpl.java:lambda$new$1(49)) - s0@group-DBBE7E7C6C61->s1: matchIndex: updateToMax old=2, new=-1, updated? false
2022-08-02 21:05:55,223 [grpc-default-executor-3] DEBUG leader.FollowerInfo (FollowerInfoImpl.java:lambda$new$1(49)) - s0@group-DBBE7E7C6C61->s2: commitIndex: updateToMax old=1, new=1, updated? false
2022-08-02 21:05:55,223 [grpc-default-executor-3] DEBUG leader.FollowerInfo (FollowerInfoImpl.java:lambda$new$1(49)) - s0@group-DBBE7E7C6C61->s2: matchIndex: updateToMax old=2, new=-1, updated? false
2022-08-02 21:05:55,224 [grpc-default-executor-2] DEBUG leader.FollowerInfo (FollowerInfoImpl.java:lambda$new$1(49)) - s0@group-DBBE7E7C6C61->s1: commitIndex: updateToMax old=1, new=1, updated? false
2022-08-02 21:05:55,224 [grpc-default-executor-2] DEBUG leader.FollowerInfo (FollowerInfoImpl.java:lambda$new$1(49)) - s0@group-DBBE7E7C6C61->s1: matchIndex: updateToMax old=2, new=-1, updated? false
2022-08-02 21:05:55,224 [grpc-default-executor-3] DEBUG leader.FollowerInfo (FollowerInfoImpl.java:lambda$new$1(49)) - s0@group-DBBE7E7C6C61->s2: commitIndex: updateToMax old=1, new=1, updated? false
2022-08-02 21:05:55,224 [grpc-default-executor-3] DEBUG leader.FollowerInfo (FollowerInfoImpl.java:lambda$new$1(49)) - s0@group-DBBE7E7C6C61->s2: matchIndex: updateToMax old=2, new=-1, updated? false
2022-08-02 21:05:55,225 [grpc-default-executor-3] DEBUG leader.FollowerInfo (FollowerInfoImpl.java:lambda$new$1(49)) - s0@group-DBBE7E7C6C61->s1: commitIndex: updateToMax old=1, new=1, updated? false
2022-08-02 21:05:55,225 [grpc-default-executor-3] DEBUG leader.FollowerInfo (FollowerInfoImpl.java:lambda$new$1(49)) - s0@group-DBBE7E7C6C61->s1: matchIndex: updateToMax old=2, new=-1, updated? false
2022-08-02 21:05:55,226 [grpc-default-executor-2] DEBUG leader.FollowerInfo (FollowerInfoImpl.java:lambda$new$1(49)) - s0@group-DBBE7E7C6C61->s2: commitIndex: updateToMax old=1, new=1, updated? false
2022-08-02 21:05:55,226 [grpc-default-executor-2] DEBUG leader.FollowerInfo (FollowerInfoImpl.java:lambda$new$1(49)) - s0@group-DBBE7E7C6C61->s2: matchIndex: updateToMax old=2, new=-1, updated? false
2022-08-02 21:05:55,226 [grpc-default-executor-3] DEBUG leader.FollowerInfo (FollowerInfoImpl.java:lambda$new$1(49)) - s0@group-DBBE7E7C6C61->s1: commitIndex: updateToMax old=1, new=1, updated? false
2022-08-02 21:05:55,226 [grpc-default-executor-3] DEBUG leader.FollowerInfo (FollowerInfoImpl.java:lambda$new$1(49)) - s0@group-DBBE7E7C6C61->s1: matchIndex: updateToMax old=2, new=-1, updated? false
2022-08-02 21:05:55,227 [grpc-default-executor-2] DEBUG leader.FollowerInfo (FollowerInfoImpl.java:lambda$new$1(49)) - s0@group-DBBE7E7C6C61->s2: commitIndex: updateToMax old=1, new=1, updated? false
2022-08-02 21:05:55,227 [grpc-default-executor-2] DEBUG leader.FollowerInfo (FollowerInfoImpl.java:lambda$new$1(49)) - s0@group-DBBE7E7C6C61->s2: matchIndex: updateToMax old=2, new=-1, updated? false
2022-08-02 21:05:55,228 [grpc-default-executor-3] DEBUG leader.FollowerInfo (FollowerInfoImpl.java:lambda$new$1(49)) - s0@group-DBBE7E7C6C61->s1: commitIndex: updateToMax old=1, new=1, updated? false
2022-08-02 21:05:55,228 [grpc-default-executor-3] DEBUG leader.FollowerInfo (FollowerInfoImpl.java:lambda$new$1(49)) - s0@group-DBBE7E7C6C61->s1: matchIndex: updateToMax old=2, new=-1, updated? false
2022-08-02 21:05:55,228 [grpc-default-executor-2] DEBUG leader.FollowerInfo (FollowerInfoImpl.java:lambda$new$1(49)) - s0@group-DBBE7E7C6C61->s2: commitIndex: updateToMax old=1, new=1, updated? false
2022-08-02 21:05:55,229 [grpc-default-executor-2] DEBUG leader.FollowerInfo (FollowerInfoImpl.java:lambda$new$1(49)) - s0@group-DBBE7E7C6C61->s2: matchIndex: updateToMax old=2, new=-1, updated? false
2022-08-02 21:05:55,229 [grpc-default-executor-3] DEBUG leader.FollowerInfo (FollowerInfoImpl.java:lambda$new$1(49)) - s0@group-DBBE7E7C6C61->s1: commitIndex: updateToMax old=1, new=1, updated? false
2022-08-02 21:05:55,229 [grpc-default-executor-3] DEBUG leader.FollowerInfo (FollowerInfoImpl.java:lambda$new$1(49)) - s0@group-DBBE7E7C6C61->s1: matchIndex: updateToMax old=2, new=-1, updated? false
2022-08-02 21:05:55,232 [grpc-default-executor-2] DEBUG leader.FollowerInfo (FollowerInfoImpl.java:lambda$new$1(49)) - s0@group-DBBE7E7C6C61->s2: commitIndex: updateToMax old=1, new=1, updated? false
2022-08-02 21:05:55,232 [grpc-default-executor-2] DEBUG leader.FollowerInfo (FollowerInfoImpl.java:lambda$new$1(49)) - s0@group-DBBE7E7C6C61->s2: matchIndex: updateToMax old=2, new=-1, updated? false
2022-08-02 21:05:55,233 [grpc-default-executor-3] DEBUG leader.FollowerInfo (FollowerInfoImpl.java:lambda$new$1(49)) - s0@group-DBBE7E7C6C61->s1: commitIndex: updateToMax old=1, new=1, updated? false
2022-08-02 21:05:55,233 [grpc-default-executor-3] DEBUG leader.FollowerInfo (FollowerInfoImpl.java:lambda$new$1(49)) - s0@group-DBBE7E7C6C61->s1: matchIndex: updateToMax old=2, new=-1, updated? false
2022-08-02 21:05:55,234 [grpc-default-executor-2] DEBUG leader.FollowerInfo (FollowerInfoImpl.java:lambda$new$1(49)) - s0@group-DBBE7E7C6C61->s2: commitIndex: updateToMax old=1, new=1, updated? false
2022-08-02 21:05:55,234 [grpc-default-executor-2] DEBUG leader.FollowerInfo (FollowerInfoImpl.java:lambda$new$1(49)) - s0@group-DBBE7E7C6C61->s2: matchIndex: updateToMax old=2, new=-1, updated? false
2022-08-02 21:05:55,234 [grpc-default-executor-3] DEBUG leader.FollowerInfo (FollowerInfoImpl.java:lambda$new$1(49)) - s0@group-DBBE7E7C6C61->s1: commitIndex: updateToMax old=1, new=1, updated? false
2022-08-02 21:05:55,234 [grpc-default-executor-3] DEBUG leader.FollowerInfo (FollowerInfoImpl.java:lambda$new$1(49)) - s0@group-DBBE7E7C6C61->s1: matchIndex: updateToMax old=2, new=-1, updated? false
2022-08-02 21:05:55,235 [grpc-default-executor-2] DEBUG leader.FollowerInfo (FollowerInfoImpl.java:lambda$new$1(49)) - s0@group-DBBE7E7C6C61->s2: commitIndex: updateToMax old=1, new=1, updated? false
2022-08-02 21:05:55,235 [grpc-default-executor-2] DEBUG leader.FollowerInfo (FollowerInfoImpl.java:lambda$new$1(49)) - s0@group-DBBE7E7C6C61->s2: matchIndex: updateToMax old=2, new=-1, updated? false
2022-08-02 21:05:55,236 [grpc-default-executor-3] DEBUG leader.FollowerInfo (FollowerInfoImpl.java:lambda$new$1(49)) - s0@group-DBBE7E7C6C61->s1: commitIndex: updateToMax old=1, new=1, updated? false
2022-08-02 21:05:55,236 [grpc-default-executor-3] DEBUG leader.FollowerInfo (FollowerInfoImpl.java:lambda$new$1(49)) - s0@group-DBBE7E7C6C61->s1: matchIndex: updateToMax old=2, new=-1, updated? false
2022-08-02 21:05:55,236 [grpc-default-executor-2] DEBUG leader.FollowerInfo (FollowerInfoImpl.java:lambda$new$1(49)) - s0@group-DBBE7E7C6C61->s2: commitIndex: updateToMax old=1, new=1, updated? false
2022-08-02 21:05:55,237 [grpc-default-executor-2] DEBUG leader.FollowerInfo (FollowerInfoImpl.java:lambda$new$1(49)) - s0@group-DBBE7E7C6C61->s2: matchIndex: updateToMax old=2, new=-1, updated? false
2022-08-02 21:05:55,237 [grpc-default-executor-3] DEBUG leader.FollowerInfo (FollowerInfoImpl.java:lambda$new$1(49)) - s0@group-DBBE7E7C6C61->s1: commitIndex: updateToMax old=1, new=1, updated? false
2022-08-02 21:05:55,237 [grpc-default-executor-3] DEBUG leader.FollowerInfo (FollowerInfoImpl.java:lambda$new$1(49)) - s0@group-DBBE7E7C6C61->s1: matchIndex: updateToMax old=2, new=-1, updated? false
2022-08-02 21:05:55,238 [grpc-default-executor-2] DEBUG leader.FollowerInfo (FollowerInfoImpl.java:lambda$new$1(49)) - s0@group-DBBE7E7C6C61->s2: commitIndex: updateToMax old=1, new=1, updated? false
2022-08-02 21:05:55,238 [grpc-default-executor-2] DEBUG leader.FollowerInfo (FollowerInfoImpl.java:lambda$new$1(49)) - s0@group-DBBE7E7C6C61->s2: matchIndex: updateToMax old=2, new=-1, updated? false
2022-08-02 21:05:55,238 [grpc-default-executor-3] DEBUG leader.FollowerInfo (FollowerInfoImpl.java:lambda$new$1(49)) - s0@group-DBBE7E7C6C61->s1: commitIndex: updateToMax old=1, new=1, updated? false
2022-08-02 21:05:55,239 [grpc-default-executor-3] DEBUG leader.FollowerInfo (FollowerInfoImpl.java:lambda$new$1(49)) - s0@group-DBBE7E7C6C61->s1: matchIndex: updateToMax old=2, new=-1, updated? false
2022-08-02 21:05:55,240 [grpc-default-executor-3] DEBUG leader.FollowerInfo (FollowerInfoImpl.java:lambda$new$1(49)) - s0@group-DBBE7E7C6C61->s2: commitIndex: updateToMax old=1, new=1, updated? false
2022-08-02 21:05:55,240 [grpc-default-executor-3] DEBUG leader.FollowerInfo (FollowerInfoImpl.java:lambda$new$1(49)) - s0@group-DBBE7E7C6C61->s2: matchIndex: updateToMax old=2, new=-1, updated? false
2022-08-02 21:05:55,241 [grpc-default-executor-2] DEBUG leader.FollowerInfo (FollowerInfoImpl.java:lambda$new$1(49)) - s0@group-DBBE7E7C6C61->s1: commitIndex: updateToMax old=1, new=1, updated? false
2022-08-02 21:05:55,241 [grpc-default-executor-2] DEBUG leader.FollowerInfo (FollowerInfoImpl.java:lambda$new$1(49)) - s0@group-DBBE7E7C6C61->s1: matchIndex: updateToMax old=2, new=-1, updated? false
2022-08-02 21:05:55,241 [grpc-default-executor-3] DEBUG leader.FollowerInfo (FollowerInfoImpl.java:lambda$new$1(49)) - s0@group-DBBE7E7C6C61->s2: commitIndex: updateToMax old=1, new=1, updated? false
2022-08-02 21:05:55,241 [grpc-default-executor-3] DEBUG leader.FollowerInfo (FollowerInfoImpl.java:lambda$new$1(49)) - s0@group-DBBE7E7C6C61->s2: matchIndex: updateToMax old=2, new=-1, updated? false
2022-08-02 21:05:55,242 [grpc-default-executor-2] DEBUG leader.FollowerInfo (FollowerInfoImpl.java:lambda$new$1(49)) - s0@group-DBBE7E7C6C61->s1: commitIndex: updateToMax old=1, new=1, updated? false
2022-08-02 21:05:55,242 [grpc-default-executor-2] DEBUG leader.FollowerInfo (FollowerInfoImpl.java:lambda$new$1(49)) - s0@group-DBBE7E7C6C61->s1: matchIndex: updateToMax old=2, new=-1, updated? false
2022-08-02 21:05:55,243 [grpc-default-executor-3] DEBUG leader.FollowerInfo (FollowerInfoImpl.java:lambda$new$1(49)) - s0@group-DBBE7E7C6C61->s2: commitIndex: updateToMax old=1, new=1, updated? false
2022-08-02 21:05:55,243 [grpc-default-executor-3] DEBUG leader.FollowerInfo (FollowerInfoImpl.java:lambda$new$1(49)) - s0@group-DBBE7E7C6C61->s2: matchIndex: updateToMax old=2, new=-1, updated? false
2022-08-02 21:05:55,243 [grpc-default-executor-2] DEBUG leader.FollowerInfo (FollowerInfoImpl.java:lambda$new$1(49)) - s0@group-DBBE7E7C6C61->s1: commitIndex: updateToMax old=1, new=1, updated? false
2022-08-02 21:05:55,244 [grpc-default-executor-2] DEBUG leader.FollowerInfo (FollowerInfoImpl.java:lambda$new$1(49)) - s0@group-DBBE7E7C6C61->s1: matchIndex: updateToMax old=2, new=-1, updated? false
2022-08-02 21:05:55,244 [grpc-default-executor-3] DEBUG leader.FollowerInfo (FollowerInfoImpl.java:lambda$new$1(49)) - s0@group-DBBE7E7C6C61->s2: commitIndex: updateToMax old=1, new=1, updated? false
2022-08-02 21:05:55,244 [grpc-default-executor-3] DEBUG leader.FollowerInfo (FollowerInfoImpl.java:lambda$new$1(49)) - s0@group-DBBE7E7C6C61->s2: matchIndex: updateToMax old=2, new=-1, updated? false
2022-08-02 21:05:55,245 [grpc-default-executor-2] DEBUG leader.FollowerInfo (FollowerInfoImpl.java:lambda$new$1(49)) - s0@group-DBBE7E7C6C61->s1: commitIndex: updateToMax old=1, new=1, updated? false
2022-08-02 21:05:55,245 [grpc-default-executor-2] DEBUG leader.FollowerInfo (FollowerInfoImpl.java:lambda$new$1(49)) - s0@group-DBBE7E7C6C61->s1: matchIndex: updateToMax old=2, new=-1, updated? false
2022-08-02 21:05:55,246 [grpc-default-executor-3] DEBUG leader.FollowerInfo (FollowerInfoImpl.java:lambda$new$1(49)) - s0@group-DBBE7E7C6C61->s2: commitIndex: updateToMax old=1, new=1, updated? false
2022-08-02 21:05:55,246 [grpc-default-executor-3] DEBUG leader.FollowerInfo (FollowerInfoImpl.java:lambda$new$1(49)) - s0@group-DBBE7E7C6C61->s2: matchIndex: updateToMax old=2, new=-1, updated? false
2022-08-02 21:05:55,246 [grpc-default-executor-2] DEBUG leader.FollowerInfo (FollowerInfoImpl.java:lambda$new$1(49)) - s0@group-DBBE7E7C6C61->s1: commitIndex: updateToMax old=1, new=1, updated? false
2022-08-02 21:05:55,246 [grpc-default-executor-2] DEBUG leader.FollowerInfo (FollowerInfoImpl.java:lambda$new$1(49)) - s0@group-DBBE7E7C6C61->s1: matchIndex: updateToMax old=2, new=-1, updated? false
2022-08-02 21:05:55,247 [grpc-default-executor-3] DEBUG leader.FollowerInfo (FollowerInfoImpl.java:lambda$new$1(49)) - s0@group-DBBE7E7C6C61->s2: commitIndex: updateToMax old=1, new=1, updated? false
2022-08-02 21:05:55,247 [grpc-default-executor-3] DEBUG leader.FollowerInfo (FollowerInfoImpl.java:lambda$new$1(49)) - s0@group-DBBE7E7C6C61->s2: matchIndex: updateToMax old=2, new=-1, updated? false
2022-08-02 21:05:55,248 [grpc-default-executor-2] DEBUG leader.FollowerInfo (FollowerInfoImpl.java:lambda$new$1(49)) - s0@group-DBBE7E7C6C61->s1: commitIndex: updateToMax old=1, new=1, updated? false
2022-08-02 21:05:55,248 [grpc-default-executor-2] DEBUG leader.FollowerInfo (FollowerInfoImpl.java:lambda$new$1(49)) - s0@group-DBBE7E7C6C61->s1: matchIndex: updateToMax old=2, new=-1, updated? false
2022-08-02 21:05:55,248 [grpc-default-executor-3] DEBUG leader.FollowerInfo (FollowerInfoImpl.java:lambda$new$1(49)) - s0@group-DBBE7E7C6C61->s2: commitIndex: updateToMax old=1, new=1, updated? false
2022-08-02 21:05:55,248 [grpc-default-executor-3] DEBUG leader.FollowerInfo (FollowerInfoImpl.java:lambda$new$1(49)) - s0@group-DBBE7E7C6C61->s2: matchIndex: updateToMax old=2, new=-1, updated? false
2022-08-02 21:05:55,249 [grpc-default-executor-2] DEBUG leader.FollowerInfo (FollowerInfoImpl.java:lambda$new$1(49)) - s0@group-DBBE7E7C6C61->s1: commitIndex: updateToMax old=1, new=1, updated? false
2022-08-02 21:05:55,249 [grpc-default-executor-2] DEBUG leader.FollowerInfo (FollowerInfoImpl.java:lambda$new$1(49)) - s0@group-DBBE7E7C6C61->s1: matchIndex: updateToMax old=2, new=-1, updated? false
2022-08-02 21:05:55,250 [grpc-default-executor-3] DEBUG leader.FollowerInfo (FollowerInfoImpl.java:lambda$new$1(49)) - s0@group-DBBE7E7C6C61->s2: commitIndex: updateToMax old=1, new=1, updated? false
2022-08-02 21:05:55,250 [grpc-default-executor-3] DEBUG leader.FollowerInfo (FollowerInfoImpl.java:lambda$new$1(49)) - s0@group-DBBE7E7C6C61->s2: matchIndex: updateToMax old=2, new=-1, updated? false
2022-08-02 21:05:55,251 [grpc-default-executor-2] DEBUG leader.FollowerInfo (FollowerInfoImpl.java:lambda$new$1(49)) - s0@group-DBBE7E7C6C61->s1: commitIndex: updateToMax old=1, new=1, updated? false
2022-08-02 21:05:55,251 [grpc-default-executor-2] DEBUG leader.FollowerInfo (FollowerInfoImpl.java:lambda$new$1(49)) - s0@group-DBBE7E7C6C61->s1: matchIndex: updateToMax old=2, new=-1, updated? false
2022-08-02 21:05:55,251 [grpc-default-executor-3] DEBUG leader.FollowerInfo (FollowerInfoImpl.java:lambda$new$1(49)) - s0@group-DBBE7E7C6C61->s2: commitIndex: updateToMax old=1, new=1, updated? false
2022-08-02 21:05:55,251 [grpc-default-executor-3] DEBUG leader.FollowerInfo (FollowerInfoImpl.java:lambda$new$1(49)) - s0@group-DBBE7E7C6C61->s2: matchIndex: updateToMax old=2, new=-1, updated? false
2022-08-02 21:05:55,252 [grpc-default-executor-2] DEBUG leader.FollowerInfo (FollowerInfoImpl.java:lambda$new$1(49)) - s0@group-DBBE7E7C6C61->s1: commitIndex: updateToMax old=1, new=1, updated? false
2022-08-02 21:05:55,252 [grpc-default-executor-2] DEBUG leader.FollowerInfo (FollowerInfoImpl.java:lambda$new$1(49)) - s0@group-DBBE7E7C6C61->s1: matchIndex: updateToMax old=2, new=-1, updated? false
2022-08-02 21:05:55,253 [grpc-default-executor-3] DEBUG leader.FollowerInfo (FollowerInfoImpl.java:lambda$new$1(49)) - s0@group-DBBE7E7C6C61->s2: commitIndex: updateToMax old=1, new=1, updated? false
2022-08-02 21:05:55,253 [grpc-default-executor-3] DEBUG leader.FollowerInfo (FollowerInfoImpl.java:lambda$new$1(49)) - s0@group-DBBE7E7C6C61->s2: matchIndex: updateToMax old=2, new=-1, updated? false
2022-08-02 21:05:55,254 [grpc-default-executor-2] DEBUG leader.FollowerInfo (FollowerInfoImpl.java:lambda$new$1(49)) - s0@group-DBBE7E7C6C61->s1: commitIndex: updateToMax old=1, new=1, updated? false
2022-08-02 21:05:55,254 [grpc-default-executor-2] DEBUG leader.FollowerInfo (FollowerInfoImpl.java:lambda$new$1(49)) - s0@group-DBBE7E7C6C61->s1: matchIndex: updateToMax old=2, new=-1, updated? false
2022-08-02 21:05:55,254 [grpc-default-executor-3] DEBUG leader.FollowerInfo (FollowerInfoImpl.java:lambda$new$1(49)) - s0@group-DBBE7E7C6C61->s2: commitIndex: updateToMax old=1, new=1, updated? false
2022-08-02 21:05:55,254 [grpc-default-executor-3] DEBUG leader.FollowerInfo (FollowerInfoImpl.java:lambda$new$1(49)) - s0@group-DBBE7E7C6C61->s2: matchIndex: updateToMax old=2, new=-1, updated? false
2022-08-02 21:05:55,255 [grpc-default-executor-2] DEBUG leader.FollowerInfo (FollowerInfoImpl.java:lambda$new$1(49)) - s0@group-DBBE7E7C6C61->s1: commitIndex: updateToMax old=1, new=1, updated? false
2022-08-02 21:05:55,255 [grpc-default-executor-2] DEBUG leader.FollowerInfo (FollowerInfoImpl.java:lambda$new$1(49)) - s0@group-DBBE7E7C6C61->s1: matchIndex: updateToMax old=2, new=-1, updated? false
2022-08-02 21:05:55,256 [grpc-default-executor-3] DEBUG leader.FollowerInfo (FollowerInfoImpl.java:lambda$new$1(49)) - s0@group-DBBE7E7C6C61->s2: commitIndex: updateToMax old=1, new=1, updated? false
2022-08-02 21:05:55,256 [grpc-default-executor-3] DEBUG leader.FollowerInfo (FollowerInfoImpl.java:lambda$new$1(49)) - s0@group-DBBE7E7C6C61->s2: matchIndex: updateToMax old=2, new=-1, updated? false
2022-08-02 21:05:55,256 [grpc-default-executor-2] DEBUG leader.FollowerInfo (FollowerInfoImpl.java:lambda$new$1(49)) - s0@group-DBBE7E7C6C61->s1: commitIndex: updateToMax old=1, new=1, updated? false
2022-08-02 21:05:55,256 [grpc-default-executor-2] DEBUG leader.FollowerInfo (FollowerInfoImpl.java:lambda$new$1(49)) - s0@group-DBBE7E7C6C61->s1: matchIndex: updateToMax old=2, new=-1, updated? false
2022-08-02 21:05:55,257 [grpc-default-executor-3] DEBUG leader.FollowerInfo (FollowerInfoImpl.java:lambda$new$1(49)) - s0@group-DBBE7E7C6C61->s2: commitIndex: updateToMax old=1, new=1, updated? false
2022-08-02 21:05:55,257 [grpc-default-executor-3] DEBUG leader.FollowerInfo (FollowerInfoImpl.java:lambda$new$1(49)) - s0@group-DBBE7E7C6C61->s2: matchIndex: updateToMax old=2, new=-1, updated? false
2022-08-02 21:05:55,258 [grpc-default-executor-2] DEBUG leader.FollowerInfo (FollowerInfoImpl.java:lambda$new$1(49)) - s0@group-DBBE7E7C6C61->s1: commitIndex: updateToMax old=1, new=1, updated? false
2022-08-02 21:05:55,258 [grpc-default-executor-2] DEBUG leader.FollowerInfo (FollowerInfoImpl.java:lambda$new$1(49)) - s0@group-DBBE7E7C6C61->s1: matchIndex: updateToMax old=2, new=-1, updated? false
2022-08-02 21:05:55,258 [grpc-default-executor-3] DEBUG leader.FollowerInfo (FollowerInfoImpl.java:lambda$new$1(49)) - s0@group-DBBE7E7C6C61->s2: commitIndex: updateToMax old=1, new=1, updated? false
2022-08-02 21:05:55,259 [grpc-default-executor-3] DEBUG leader.FollowerInfo (FollowerInfoImpl.java:lambda$new$1(49)) - s0@group-DBBE7E7C6C61->s2: matchIndex: updateToMax old=2, new=-1, updated? false
2022-08-02 21:05:55,259 [grpc-default-executor-2] DEBUG leader.FollowerInfo (FollowerInfoImpl.java:lambda$new$1(49)) - s0@group-DBBE7E7C6C61->s1: commitIndex: updateToMax old=1, new=1, updated? false
2022-08-02 21:05:55,259 [grpc-default-executor-2] DEBUG leader.FollowerInfo (FollowerInfoImpl.java:lambda$new$1(49)) - s0@group-DBBE7E7C6C61->s1: matchIndex: updateToMax old=2, new=-1, updated? false
2022-08-02 21:05:55,260 [grpc-default-executor-3] DEBUG leader.FollowerInfo (FollowerInfoImpl.java:lambda$new$1(49)) - s0@group-DBBE7E7C6C61->s2: commitIndex: updateToMax old=1, new=1, updated? false
2022-08-02 21:05:55,260 [grpc-default-executor-3] DEBUG leader.FollowerInfo (FollowerInfoImpl.java:lambda$new$1(49)) - s0@group-DBBE7E7C6C61->s2: matchIndex: updateToMax old=2, new=-1, updated? false
2022-08-02 21:05:55,260 [grpc-default-executor-2] DEBUG leader.FollowerInfo (FollowerInfoImpl.java:lambda$new$1(49)) - s0@group-DBBE7E7C6C61->s1: commitIndex: updateToMax old=1, new=1, updated? false
2022-08-02 21:05:55,261 [grpc-default-executor-2] DEBUG leader.FollowerInfo (FollowerInfoImpl.java:lambda$new$1(49)) - s0@group-DBBE7E7C6C61->s1: matchIndex: updateToMax old=2, new=-1, updated? false
2022-08-02 21:05:55,261 [grpc-default-executor-3] DEBUG leader.FollowerInfo (FollowerInfoImpl.java:lambda$new$1(49)) - s0@group-DBBE7E7C6C61->s2: commitIndex: updateToMax old=1, new=1, updated? false
2022-08-02 21:05:55,261 [grpc-default-executor-3] DEBUG leader.FollowerInfo (FollowerInfoImpl.java:lambda$new$1(49)) - s0@group-DBBE7E7C6C61->s2: matchIndex: updateToMax old=2, new=-1, updated? false
2022-08-02 21:05:55,262 [grpc-default-executor-2] DEBUG leader.FollowerInfo (FollowerInfoImpl.java:lambda$new$1(49)) - s0@group-DBBE7E7C6C61->s1: commitIndex: updateToMax old=1, new=1, updated? false
2022-08-02 21:05:55,262 [grpc-default-executor-2] DEBUG leader.FollowerInfo (FollowerInfoImpl.java:lambda$new$1(49)) - s0@group-DBBE7E7C6C61->s1: matchIndex: updateToMax old=2, new=-1, updated? false
2022-08-02 21:05:55,263 [grpc-default-executor-3] DEBUG leader.FollowerInfo (FollowerInfoImpl.java:lambda$new$1(49)) - s0@group-DBBE7E7C6C61->s2: commitIndex: updateToMax old=1, new=1, updated? false
2022-08-02 21:05:55,263 [grpc-default-executor-3] DEBUG leader.FollowerInfo (FollowerInfoImpl.java:lambda$new$1(49)) - s0@group-DBBE7E7C6C61->s2: matchIndex: updateToMax old=2, new=-1, updated? false
2022-08-02 21:05:55,263 [grpc-default-executor-2] DEBUG leader.FollowerInfo (FollowerInfoImpl.java:lambda$new$1(49)) - s0@group-DBBE7E7C6C61->s1: commitIndex: updateToMax old=1, new=1, updated? false
2022-08-02 21:05:55,263 [grpc-default-executor-2] DEBUG leader.FollowerInfo (FollowerInfoImpl.java:lambda$new$1(49)) - s0@group-DBBE7E7C6C61->s1: matchIndex: updateToMax old=2, new=-1, updated? false
2022-08-02 21:05:55,264 [grpc-default-executor-3] DEBUG leader.FollowerInfo (FollowerInfoImpl.java:lambda$new$1(49)) - s0@group-DBBE7E7C6C61->s2: commitIndex: updateToMax old=1, new=1, updated? false
2022-08-02 21:05:55,264 [grpc-default-executor-3] DEBUG leader.FollowerInfo (FollowerInfoImpl.java:lambda$new$1(49)) - s0@group-DBBE7E7C6C61->s2: matchIndex: updateToMax old=2, new=-1, updated? false
2022-08-02 21:05:55,265 [grpc-default-executor-2] DEBUG leader.FollowerInfo (FollowerInfoImpl.java:lambda$new$1(49)) - s0@group-DBBE7E7C6C61->s1: commitIndex: updateToMax old=1, new=1, updated? false
2022-08-02 21:05:55,265 [grpc-default-executor-2] DEBUG leader.FollowerInfo (FollowerInfoImpl.java:lambda$new$1(49)) - s0@group-DBBE7E7C6C61->s1: matchIndex: updateToMax old=2, new=-1, updated? false
2022-08-02 21:05:55,265 [grpc-default-executor-3] DEBUG leader.FollowerInfo (FollowerInfoImpl.java:lambda$new$1(49)) - s0@group-DBBE7E7C6C61->s2: commitIndex: updateToMax old=1, new=1, updated? false
2022-08-02 21:05:55,266 [grpc-default-executor-3] DEBUG leader.FollowerInfo (FollowerInfoImpl.java:lambda$new$1(49)) - s0@group-DBBE7E7C6C61->s2: matchIndex: updateToMax old=2, new=-1, updated? false
2022-08-02 21:05:55,266 [grpc-default-executor-2] DEBUG leader.FollowerInfo (FollowerInfoImpl.java:lambda$new$1(49)) - s0@group-DBBE7E7C6C61->s1: commitIndex: updateToMax old=1, new=1, updated? false
2022-08-02 21:05:55,266 [grpc-default-executor-2] DEBUG leader.FollowerInfo (FollowerInfoImpl.java:lambda$new$1(49)) - s0@group-DBBE7E7C6C61->s1: matchIndex: updateToMax old=2, new=-1, updated? false
2022-08-02 21:05:55,267 [grpc-default-executor-3] DEBUG leader.FollowerInfo (FollowerInfoImpl.java:lambda$new$1(49)) - s0@group-DBBE7E7C6C61->s2: commitIndex: updateToMax old=1, new=1, updated? false
2022-08-02 21:05:55,267 [grpc-default-executor-3] DEBUG leader.FollowerInfo (FollowerInfoImpl.java:lambda$new$1(49)) - s0@group-DBBE7E7C6C61->s2: matchIndex: updateToMax old=2, new=-1, updated? false
2022-08-02 21:05:55,268 [grpc-default-executor-2] DEBUG leader.FollowerInfo (FollowerInfoImpl.java:lambda$new$1(49)) - s0@group-DBBE7E7C6C61->s1: commitIndex: updateToMax old=1, new=1, updated? false
2022-08-02 21:05:55,268 [grpc-default-executor-2] DEBUG leader.FollowerInfo (FollowerInfoImpl.java:lambda$new$1(49)) - s0@group-DBBE7E7C6C61->s1: matchIndex: updateToMax old=2, new=-1, updated? false
2022-08-02 21:05:55,268 [grpc-default-executor-3] DEBUG leader.FollowerInfo (FollowerInfoImpl.java:lambda$new$1(49)) - s0@group-DBBE7E7C6C61->s2: commitIndex: updateToMax old=1, new=1, updated? false
2022-08-02 21:05:55,268 [grpc-default-executor-3] DEBUG leader.FollowerInfo (FollowerInfoImpl.java:lambda$new$1(49)) - s0@group-DBBE7E7C6C61->s2: matchIndex: updateToMax old=2, new=-1, updated? false
2022-08-02 21:05:55,271 [grpc-default-executor-2] DEBUG leader.FollowerInfo (FollowerInfoImpl.java:lambda$new$1(49)) - s0@group-DBBE7E7C6C61->s1: commitIndex: updateToMax old=1, new=1, updated? false
2022-08-02 21:05:55,272 [grpc-default-executor-2] DEBUG leader.FollowerInfo (FollowerInfoImpl.java:lambda$new$1(49)) - s0@group-DBBE7E7C6C61->s1: matchIndex: updateToMax old=2, new=-1, updated? false
2022-08-02 21:05:55,272 [grpc-default-executor-3] DEBUG leader.FollowerInfo (FollowerInfoImpl.java:lambda$new$1(49)) - s0@group-DBBE7E7C6C61->s2: commitIndex: updateToMax old=1, new=1, updated? false
2022-08-02 21:05:55,272 [grpc-default-executor-3] DEBUG leader.FollowerInfo (FollowerInfoImpl.java:lambda$new$1(49)) - s0@group-DBBE7E7C6C61->s2: matchIndex: updateToMax old=2, new=-1, updated? false
2022-08-02 21:05:55,273 [grpc-default-executor-2] DEBUG leader.FollowerInfo (FollowerInfoImpl.java:lambda$new$1(49)) - s0@group-DBBE7E7C6C61->s1: commitIndex: updateToMax old=1, new=1, updated? false
2022-08-02 21:05:55,273 [grpc-default-executor-2] DEBUG leader.FollowerInfo (FollowerInfoImpl.java:lambda$new$1(49)) - s0@group-DBBE7E7C6C61->s1: matchIndex: updateToMax old=2, new=-1, updated? false
2022-08-02 21:05:55,274 [grpc-default-executor-3] DEBUG leader.FollowerInfo (FollowerInfoImpl.java:lambda$new$1(49)) - s0@group-DBBE7E7C6C61->s2: commitIndex: updateToMax old=1, new=1, updated? false
2022-08-02 21:05:55,274 [grpc-default-executor-3] DEBUG leader.FollowerInfo (FollowerInfoImpl.java:lambda$new$1(49)) - s0@group-DBBE7E7C6C61->s2: matchIndex: updateToMax old=2, new=-1, updated? false
2022-08-02 21:05:55,274 [grpc-default-executor-2] DEBUG leader.FollowerInfo (FollowerInfoImpl.java:lambda$new$1(49)) - s0@group-DBBE7E7C6C61->s1: commitIndex: updateToMax old=1, new=1, updated? false
2022-08-02 21:05:55,274 [grpc-default-executor-2] DEBUG leader.FollowerInfo (FollowerInfoImpl.java:lambda$new$1(49)) - s0@group-DBBE7E7C6C61->s1: matchIndex: updateToMax old=2, new=-1, updated? false
2022-08-02 21:05:55,275 [grpc-default-executor-3] DEBUG leader.FollowerInfo (FollowerInfoImpl.java:lambda$new$1(49)) - s0@group-DBBE7E7C6C61->s2: commitIndex: updateToMax old=1, new=1, updated? false
2022-08-02 21:05:55,275 [grpc-default-executor-3] DEBUG leader.FollowerInfo (FollowerInfoImpl.java:lambda$new$1(49)) - s0@group-DBBE7E7C6C61->s2: matchIndex: updateToMax old=2, new=-1, updated? false
2022-08-02 21:05:55,276 [grpc-default-executor-2] DEBUG leader.FollowerInfo (FollowerInfoImpl.java:lambda$new$1(49)) - s0@group-DBBE7E7C6C61->s1: commitIndex: updateToMax old=1, new=1, updated? false
2022-08-02 21:05:55,276 [grpc-default-executor-2] DEBUG leader.FollowerInfo (FollowerInfoImpl.java:lambda$new$1(49)) - s0@group-DBBE7E7C6C61->s1: matchIndex: updateToMax old=2, new=-1, updated? false
2022-08-02 21:05:55,276 [grpc-default-executor-3] DEBUG leader.FollowerInfo (FollowerInfoImpl.java:lambda$new$1(49)) - s0@group-DBBE7E7C6C61->s2: commitIndex: updateToMax old=1, new=1, updated? false
2022-08-02 21:05:55,277 [grpc-default-executor-3] DEBUG leader.FollowerInfo (FollowerInfoImpl.java:lambda$new$1(49)) - s0@group-DBBE7E7C6C61->s2: matchIndex: updateToMax old=2, new=-1, updated? false
2022-08-02 21:05:55,277 [grpc-default-executor-2] DEBUG leader.FollowerInfo (FollowerInfoImpl.java:lambda$new$1(49)) - s0@group-DBBE7E7C6C61->s1: commitIndex: updateToMax old=1, new=1, updated? false
2022-08-02 21:05:55,277 [grpc-default-executor-2] DEBUG leader.FollowerInfo (FollowerInfoImpl.java:lambda$new$1(49)) - s0@group-DBBE7E7C6C61->s1: matchIndex: updateToMax old=2, new=-1, updated? false
2022-08-02 21:05:55,278 [grpc-default-executor-3] DEBUG leader.FollowerInfo (FollowerInfoImpl.java:lambda$new$1(49)) - s0@group-DBBE7E7C6C61->s2: commitIndex: updateToMax old=1, new=1, updated? false
2022-08-02 21:05:55,278 [grpc-default-executor-3] DEBUG leader.FollowerInfo (FollowerInfoImpl.java:lambda$new$1(49)) - s0@group-DBBE7E7C6C61->s2: matchIndex: updateToMax old=2, new=-1, updated? false
2022-08-02 21:05:55,279 [grpc-default-executor-2] DEBUG leader.FollowerInfo (FollowerInfoImpl.java:lambda$new$1(49)) - s0@group-DBBE7E7C6C61->s1: commitIndex: updateToMax old=1, new=1, updated? false
2022-08-02 21:05:55,279 [grpc-default-executor-2] DEBUG leader.FollowerInfo (FollowerInfoImpl.java:lambda$new$1(49)) - s0@group-DBBE7E7C6C61->s1: matchIndex: updateToMax old=2, new=-1, updated? false
2022-08-02 21:05:55,279 [grpc-default-executor-3] DEBUG leader.FollowerInfo (FollowerInfoImpl.java:lambda$new$1(49)) - s0@group-DBBE7E7C6C61->s2: commitIndex: updateToMax old=1, new=1, updated? false
2022-08-02 21:05:55,279 [grpc-default-executor-3] DEBUG leader.FollowerInfo (FollowerInfoImpl.java:lambda$new$1(49)) - s0@group-DBBE7E7C6C61->s2: matchIndex: updateToMax old=2, new=-1, updated? false
2022-08-02 21:05:55,280 [grpc-default-executor-2] DEBUG leader.FollowerInfo (FollowerInfoImpl.java:lambda$new$1(49)) - s0@group-DBBE7E7C6C61->s1: commitIndex: updateToMax old=1, new=1, updated? false
2022-08-02 21:05:55,280 [grpc-default-executor-2] DEBUG leader.FollowerInfo (FollowerInfoImpl.java:lambda$new$1(49)) - s0@group-DBBE7E7C6C61->s1: matchIndex: updateToMax old=2, new=-1, updated? false
2022-08-02 21:05:55,281 [grpc-default-executor-2] DEBUG leader.FollowerInfo (FollowerInfoImpl.java:lambda$new$1(49)) - s0@group-DBBE7E7C6C61->s2: commitIndex: updateToMax old=1, new=1, updated? false
2022-08-02 21:05:55,281 [grpc-default-executor-2] DEBUG leader.FollowerInfo (FollowerInfoImpl.java:lambda$new$1(49)) - s0@group-DBBE7E7C6C61->s2: matchIndex: updateToMax old=2, new=-1, updated? false
2022-08-02 21:05:55,281 [grpc-default-executor-3] DEBUG leader.FollowerInfo (FollowerInfoImpl.java:lambda$new$1(49)) - s0@group-DBBE7E7C6C61->s1: commitIndex: updateToMax old=1, new=1, updated? false
2022-08-02 21:05:55,281 [grpc-default-executor-3] DEBUG leader.FollowerInfo (FollowerInfoImpl.java:lambda$new$1(49)) - s0@group-DBBE7E7C6C61->s1: matchIndex: updateToMax old=2, new=-1, updated? false
2022-08-02 21:05:55,282 [grpc-default-executor-2] DEBUG leader.FollowerInfo (FollowerInfoImpl.java:lambda$new$1(49)) - s0@group-DBBE7E7C6C61->s2: commitIndex: updateToMax old=1, new=1, updated? false
2022-08-02 21:05:55,282 [grpc-default-executor-2] DEBUG leader.FollowerInfo (FollowerInfoImpl.java:lambda$new$1(49)) - s0@group-DBBE7E7C6C61->s2: matchIndex: updateToMax old=2, new=-1, updated? false
2022-08-02 21:05:55,283 [grpc-default-executor-3] DEBUG leader.FollowerInfo (FollowerInfoImpl.java:lambda$new$1(49)) - s0@group-DBBE7E7C6C61->s1: commitIndex: updateToMax old=1, new=1, updated? false
2022-08-02 21:05:55,283 [grpc-default-executor-3] DEBUG leader.FollowerInfo (FollowerInfoImpl.java:lambda$new$1(49)) - s0@group-DBBE7E7C6C61->s1: matchIndex: updateToMax old=2, new=-1, updated? false
2022-08-02 21:05:55,283 [grpc-default-executor-2] DEBUG leader.FollowerInfo (FollowerInfoImpl.java:lambda$new$1(49)) - s0@group-DBBE7E7C6C61->s2: commitIndex: updateToMax old=1, new=1, updated? false
2022-08-02 21:05:55,283 [grpc-default-executor-2] DEBUG leader.FollowerInfo (FollowerInfoImpl.java:lambda$new$1(49)) - s0@group-DBBE7E7C6C61->s2: matchIndex: updateToMax old=2, new=-1, updated? false
2022-08-02 21:05:55,284 [grpc-default-executor-3] DEBUG leader.FollowerInfo (FollowerInfoImpl.java:lambda$new$1(49)) - s0@group-DBBE7E7C6C61->s1: commitIndex: updateToMax old=1, new=1, updated? false
2022-08-02 21:05:55,284 [grpc-default-executor-3] DEBUG leader.FollowerInfo (FollowerInfoImpl.java:lambda$new$1(49)) - s0@group-DBBE7E7C6C61->s1: matchIndex: updateToMax old=2, new=-1, updated? false
2022-08-02 21:05:55,285 [grpc-default-executor-2] DEBUG leader.FollowerInfo (FollowerInfoImpl.java:lambda$new$1(49)) - s0@group-DBBE7E7C6C61->s2: commitIndex: updateToMax old=1, new=1, updated? false
2022-08-02 21:05:55,285 [grpc-default-executor-2] DEBUG leader.FollowerInfo (FollowerInfoImpl.java:lambda$new$1(49)) - s0@group-DBBE7E7C6C61->s2: matchIndex: updateToMax old=2, new=-1, updated? false
2022-08-02 21:05:55,285 [grpc-default-executor-3] DEBUG leader.FollowerInfo (FollowerInfoImpl.java:lambda$new$1(49)) - s0@group-DBBE7E7C6C61->s1: commitIndex: updateToMax old=1, new=1, updated? false
2022-08-02 21:05:55,286 [grpc-default-executor-3] DEBUG leader.FollowerInfo (FollowerInfoImpl.java:lambda$new$1(49)) - s0@group-DBBE7E7C6C61->s1: matchIndex: updateToMax old=2, new=-1, updated? false
2022-08-02 21:05:55,286 [grpc-default-executor-2] DEBUG leader.FollowerInfo (FollowerInfoImpl.java:lambda$new$1(49)) - s0@group-DBBE7E7C6C61->s2: commitIndex: updateToMax old=1, new=1, updated? false
2022-08-02 21:05:55,286 [grpc-default-executor-2] DEBUG leader.FollowerInfo (FollowerInfoImpl.java:lambda$new$1(49)) - s0@group-DBBE7E7C6C61->s2: matchIndex: updateToMax old=2, new=-1, updated? false
2022-08-02 21:05:55,287 [grpc-default-executor-3] DEBUG leader.FollowerInfo (FollowerInfoImpl.java:lambda$new$1(49)) - s0@group-DBBE7E7C6C61->s1: commitIndex: updateToMax old=1, new=1, updated? false
2022-08-02 21:05:55,287 [grpc-default-executor-3] DEBUG leader.FollowerInfo (FollowerInfoImpl.java:lambda$new$1(49)) - s0@group-DBBE7E7C6C61->s1: matchIndex: updateToMax old=2, new=-1, updated? false
2022-08-02 21:05:55,288 [grpc-default-executor-2] DEBUG leader.FollowerInfo (FollowerInfoImpl.java:lambda$new$1(49)) - s0@group-DBBE7E7C6C61->s2: commitIndex: updateToMax old=1, new=1, updated? false
2022-08-02 21:05:55,288 [grpc-default-executor-2] DEBUG leader.FollowerInfo (FollowerInfoImpl.java:lambda$new$1(49)) - s0@group-DBBE7E7C6C61->s2: matchIndex: updateToMax old=2, new=-1, updated? false
2022-08-02 21:05:55,288 [grpc-default-executor-3] DEBUG leader.FollowerInfo (FollowerInfoImpl.java:lambda$new$1(49)) - s0@group-DBBE7E7C6C61->s1: commitIndex: updateToMax old=1, new=1, updated? false
2022-08-02 21:05:55,288 [grpc-default-executor-3] DEBUG leader.FollowerInfo (FollowerInfoImpl.java:lambda$new$1(49)) - s0@group-DBBE7E7C6C61->s1: matchIndex: updateToMax old=2, new=-1, updated? false
2022-08-02 21:05:55,288 [grpc-default-executor-3] DEBUG leader.FollowerInfo (FollowerInfoImpl.java:lambda$new$1(49)) - s0@group-DBBE7E7C6C61->s2: commitIndex: updateToMax old=1, new=1, updated? false
2022-08-02 21:05:55,289 [grpc-default-executor-3] DEBUG leader.FollowerInfo (FollowerInfoImpl.java:lambda$new$1(49)) - s0@group-DBBE7E7C6C61->s2: matchIndex: updateToMax old=2, new=-1, updated? false
2022-08-02 21:05:55,289 [grpc-default-executor-3] DEBUG leader.FollowerInfo (FollowerInfoImpl.java:lambda$new$1(49)) - s0@group-DBBE7E7C6C61->s1: commitIndex: updateToMax old=1, new=1, updated? false
2022-08-02 21:05:55,289 [grpc-default-executor-3] DEBUG leader.FollowerInfo (FollowerInfoImpl.java:lambda$new$1(49)) - s0@group-DBBE7E7C6C61->s1: matchIndex: updateToMax old=2, new=-1, updated? false
2022-08-02 21:05:55,289 [grpc-default-executor-2] DEBUG leader.FollowerInfo (FollowerInfoImpl.java:lambda$new$1(49)) - s0@group-DBBE7E7C6C61->s2: commitIndex: updateToMax old=1, new=1, updated? false
2022-08-02 21:05:55,289 [grpc-default-executor-2] DEBUG leader.FollowerInfo (FollowerInfoImpl.java:lambda$new$1(49)) - s0@group-DBBE7E7C6C61->s2: matchIndex: updateToMax old=2, new=-1, updated? false
2022-08-02 21:05:55,290 [grpc-default-executor-3] DEBUG leader.FollowerInfo (FollowerInfoImpl.java:lambda$new$1(49)) - s0@group-DBBE7E7C6C61->s1: commitIndex: updateToMax old=1, new=1, updated? false
2022-08-02 21:05:55,290 [grpc-default-executor-3] DEBUG leader.FollowerInfo (FollowerInfoImpl.java:lambda$new$1(49)) - s0@group-DBBE7E7C6C61->s1: matchIndex: updateToMax old=2, new=-1, updated? false
2022-08-02 21:05:55,291 [grpc-default-executor-3] DEBUG leader.FollowerInfo (FollowerInfoImpl.java:lambda$new$1(49)) - s0@group-DBBE7E7C6C61->s2: commitIndex: updateToMax old=1, new=1, updated? false
2022-08-02 21:05:55,291 [grpc-default-executor-3] DEBUG leader.FollowerInfo (FollowerInfoImpl.java:lambda$new$1(49)) - s0@group-DBBE7E7C6C61->s2: matchIndex: updateToMax old=2, new=-1, updated? false
2022-08-02 21:05:55,292 [grpc-default-executor-2] DEBUG leader.FollowerInfo (FollowerInfoImpl.java:lambda$new$1(49)) - s0@group-DBBE7E7C6C61->s1: commitIndex: updateToMax old=1, new=1, updated? false
2022-08-02 21:05:55,292 [grpc-default-executor-2] DEBUG leader.FollowerInfo (FollowerInfoImpl.java:lambda$new$1(49)) - s0@group-DBBE7E7C6C61->s1: matchIndex: updateToMax old=2, new=-1, updated? false
2022-08-02 21:05:55,293 [grpc-default-executor-3] DEBUG leader.FollowerInfo (FollowerInfoImpl.java:lambda$new$1(49)) - s0@group-DBBE7E7C6C61->s2: commitIndex: updateToMax old=1, new=1, updated? false
2022-08-02 21:05:55,293 [grpc-default-executor-3] DEBUG leader.FollowerInfo (FollowerInfoImpl.java:lambda$new$1(49)) - s0@group-DBBE7E7C6C61->s2: matchIndex: updateToMax old=2, new=-1, updated? false
2022-08-02 21:05:55,293 [grpc-default-executor-2] DEBUG leader.FollowerInfo (FollowerInfoImpl.java:lambda$new$1(49)) - s0@group-DBBE7E7C6C61->s1: commitIndex: updateToMax old=1, new=1, updated? false
2022-08-02 21:05:55,293 [grpc-default-executor-2] DEBUG leader.FollowerInfo (FollowerInfoImpl.java:lambda$new$1(49)) - s0@group-DBBE7E7C6C61->s1: matchIndex: updateToMax old=2, new=-1, updated? false
2022-08-02 21:05:55,294 [grpc-default-executor-3] DEBUG leader.FollowerInfo (FollowerInfoImpl.java:lambda$new$1(49)) - s0@group-DBBE7E7C6C61->s2: commitIndex: updateToMax old=1, new=1, updated? false
2022-08-02 21:05:55,294 [grpc-default-executor-3] DEBUG leader.FollowerInfo (FollowerInfoImpl.java:lambda$new$1(49)) - s0@group-DBBE7E7C6C61->s2: matchIndex: updateToMax old=2, new=-1, updated? false
2022-08-02 21:05:55,295 [grpc-default-executor-2] DEBUG leader.FollowerInfo (FollowerInfoImpl.java:lambda$new$1(49)) - s0@group-DBBE7E7C6C61->s1: commitIndex: updateToMax old=1, new=1, updated? false
2022-08-02 21:05:55,295 [grpc-default-executor-2] DEBUG leader.FollowerInfo (FollowerInfoImpl.java:lambda$new$1(49)) - s0@group-DBBE7E7C6C61->s1: matchIndex: updateToMax old=2, new=-1, updated? false
2022-08-02 21:05:55,296 [grpc-default-executor-3] DEBUG leader.FollowerInfo (FollowerInfoImpl.java:lambda$new$1(49)) - s0@group-DBBE7E7C6C61->s2: commitIndex: updateToMax old=1, new=1, updated? false
2022-08-02 21:05:55,296 [grpc-default-executor-3] DEBUG leader.FollowerInfo (FollowerInfoImpl.java:lambda$new$1(49)) - s0@group-DBBE7E7C6C61->s2: matchIndex: updateToMax old=2, new=-1, updated? false
2022-08-02 21:05:55,297 [grpc-default-executor-2] DEBUG leader.FollowerInfo (FollowerInfoImpl.java:lambda$new$1(49)) - s0@group-DBBE7E7C6C61->s1: commitIndex: updateToMax old=1, new=1, updated? false
2022-08-02 21:05:55,297 [grpc-default-executor-2] DEBUG leader.FollowerInfo (FollowerInfoImpl.java:lambda$new$1(49)) - s0@group-DBBE7E7C6C61->s1: matchIndex: updateToMax old=2, new=-1, updated? false
2022-08-02 21:05:55,297 [grpc-default-executor-3] DEBUG leader.FollowerInfo (FollowerInfoImpl.java:lambda$new$1(49)) - s0@group-DBBE7E7C6C61->s2: commitIndex: updateToMax old=1, new=1, updated? false
2022-08-02 21:05:55,297 [grpc-default-executor-3] DEBUG leader.FollowerInfo (FollowerInfoImpl.java:lambda$new$1(49)) - s0@group-DBBE7E7C6C61->s2: matchIndex: updateToMax old=2, new=-1, updated? false
2022-08-02 21:05:55,298 [grpc-default-executor-2] DEBUG leader.FollowerInfo (FollowerInfoImpl.java:lambda$new$1(49)) - s0@group-DBBE7E7C6C61->s1: commitIndex: updateToMax old=1, new=1, updated? false
2022-08-02 21:05:55,298 [grpc-default-executor-2] DEBUG leader.FollowerInfo (FollowerInfoImpl.java:lambda$new$1(49)) - s0@group-DBBE7E7C6C61->s1: matchIndex: updateToMax old=2, new=-1, updated? false
2022-08-02 21:05:55,299 [grpc-default-executor-3] DEBUG leader.FollowerInfo (FollowerInfoImpl.java:lambda$new$1(49)) - s0@group-DBBE7E7C6C61->s2: commitIndex: updateToMax old=1, new=1, updated? false
2022-08-02 21:05:55,299 [grpc-default-executor-3] DEBUG leader.FollowerInfo (FollowerInfoImpl.java:lambda$new$1(49)) - s0@group-DBBE7E7C6C61->s2: matchIndex: updateToMax old=2, new=-1, updated? false
2022-08-02 21:05:55,300 [grpc-default-executor-2] DEBUG leader.FollowerInfo (FollowerInfoImpl.java:lambda$new$1(49)) - s0@group-DBBE7E7C6C61->s1: commitIndex: updateToMax old=1, new=1, updated? false
2022-08-02 21:05:55,300 [grpc-default-executor-2] DEBUG leader.FollowerInfo (FollowerInfoImpl.java:lambda$new$1(49)) - s0@group-DBBE7E7C6C61->s1: matchIndex: updateToMax old=2, new=-1, updated? false
2022-08-02 21:05:55,300 [grpc-default-executor-3] DEBUG leader.FollowerInfo (FollowerInfoImpl.java:lambda$new$1(49)) - s0@group-DBBE7E7C6C61->s2: commitIndex: updateToMax old=1, new=1, updated? false
2022-08-02 21:05:55,301 [grpc-default-executor-3] DEBUG leader.FollowerInfo (FollowerInfoImpl.java:lambda$new$1(49)) - s0@group-DBBE7E7C6C61->s2: matchIndex: updateToMax old=2, new=-1, updated? false
2022-08-02 21:05:55,301 [grpc-default-executor-2] DEBUG leader.FollowerInfo (FollowerInfoImpl.java:lambda$new$1(49)) - s0@group-DBBE7E7C6C61->s1: commitIndex: updateToMax old=1, new=1, updated? false
2022-08-02 21:05:55,301 [grpc-default-executor-2] DEBUG leader.FollowerInfo (FollowerInfoImpl.java:lambda$new$1(49)) - s0@group-DBBE7E7C6C61->s1: matchIndex: updateToMax old=2, new=-1, updated? false
2022-08-02 21:05:55,302 [grpc-default-executor-3] DEBUG leader.FollowerInfo (FollowerInfoImpl.java:lambda$new$1(49)) - s0@group-DBBE7E7C6C61->s2: commitIndex: updateToMax old=1, new=1, updated? false
2022-08-02 21:05:55,302 [grpc-default-executor-3] DEBUG leader.FollowerInfo (FollowerInfoImpl.java:lambda$new$1(49)) - s0@group-DBBE7E7C6C61->s2: matchIndex: updateToMax old=2, new=-1, updated? false
2022-08-02 21:05:55,303 [grpc-default-executor-2] DEBUG leader.FollowerInfo (FollowerInfoImpl.java:lambda$new$1(49)) - s0@group-DBBE7E7C6C61->s1: commitIndex: updateToMax old=1, new=1, updated? false
2022-08-02 21:05:55,303 [grpc-default-executor-2] DEBUG leader.FollowerInfo (FollowerInfoImpl.java:lambda$new$1(49)) - s0@group-DBBE7E7C6C61->s1: matchIndex: updateToMax old=2, new=-1, updated? false
2022-08-02 21:05:55,304 [grpc-default-executor-3] DEBUG leader.FollowerInfo (FollowerInfoImpl.java:lambda$new$1(49)) - s0@group-DBBE7E7C6C61->s2: commitIndex: updateToMax old=1, new=1, updated? false
2022-08-02 21:05:55,304 [grpc-default-executor-3] DEBUG leader.FollowerInfo (FollowerInfoImpl.java:lambda$new$1(49)) - s0@group-DBBE7E7C6C61->s2: matchIndex: updateToMax old=2, new=-1, updated? false
2022-08-02 21:05:55,304 [grpc-default-executor-2] DEBUG leader.FollowerInfo (FollowerInfoImpl.java:lambda$new$1(49)) - s0@group-DBBE7E7C6C61->s1: commitIndex: updateToMax old=1, new=1, updated? false
2022-08-02 21:05:55,304 [grpc-default-executor-2] DEBUG leader.FollowerInfo (FollowerInfoImpl.java:lambda$new$1(49)) - s0@group-DBBE7E7C6C61->s1: matchIndex: updateToMax old=2, new=-1, updated? false
2022-08-02 21:05:55,305 [grpc-default-executor-3] DEBUG leader.FollowerInfo (FollowerInfoImpl.java:lambda$new$1(49)) - s0@group-DBBE7E7C6C61->s2: commitIndex: updateToMax old=1, new=1, updated? false
2022-08-02 21:05:55,305 [grpc-default-executor-3] DEBUG leader.FollowerInfo (FollowerInfoImpl.java:lambda$new$1(49)) - s0@group-DBBE7E7C6C61->s2: matchIndex: updateToMax old=2, new=-1, updated? false
2022-08-02 21:05:55,306 [grpc-default-executor-2] DEBUG leader.FollowerInfo (FollowerInfoImpl.java:lambda$new$1(49)) - s0@group-DBBE7E7C6C61->s1: commitIndex: updateToMax old=1, new=1, updated? false
2022-08-02 21:05:55,306 [grpc-default-executor-2] DEBUG leader.FollowerInfo (FollowerInfoImpl.java:lambda$new$1(49)) - s0@group-DBBE7E7C6C61->s1: matchIndex: updateToMax old=2, new=-1, updated? false
2022-08-02 21:05:55,307 [grpc-default-executor-3] DEBUG leader.FollowerInfo (FollowerInfoImpl.java:lambda$new$1(49)) - s0@group-DBBE7E7C6C61->s2: commitIndex: updateToMax old=1, new=1, updated? false
2022-08-02 21:05:55,307 [grpc-default-executor-3] DEBUG leader.FollowerInfo (FollowerInfoImpl.java:lambda$new$1(49)) - s0@group-DBBE7E7C6C61->s2: matchIndex: updateToMax old=2, new=-1, updated? false
2022-08-02 21:05:55,307 [grpc-default-executor-2] DEBUG leader.FollowerInfo (FollowerInfoImpl.java:lambda$new$1(49)) - s0@group-DBBE7E7C6C61->s1: commitIndex: updateToMax old=1, new=1, updated? false
2022-08-02 21:05:55,308 [grpc-default-executor-2] DEBUG leader.FollowerInfo (FollowerInfoImpl.java:lambda$new$1(49)) - s0@group-DBBE7E7C6C61->s1: matchIndex: updateToMax old=2, new=-1, updated? false
2022-08-02 21:05:55,308 [grpc-default-executor-3] DEBUG leader.FollowerInfo (FollowerInfoImpl.java:lambda$new$1(49)) - s0@group-DBBE7E7C6C61->s2: commitIndex: updateToMax old=1, new=1, updated? false
2022-08-02 21:05:55,308 [grpc-default-executor-3] DEBUG leader.FollowerInfo (FollowerInfoImpl.java:lambda$new$1(49)) - s0@group-DBBE7E7C6C61->s2: matchIndex: updateToMax old=2, new=-1, updated? false
2022-08-02 21:05:55,309 [grpc-default-executor-2] DEBUG leader.FollowerInfo (FollowerInfoImpl.java:lambda$new$1(49)) - s0@group-DBBE7E7C6C61->s1: commitIndex: updateToMax old=1, new=1, updated? false
2022-08-02 21:05:55,309 [grpc-default-executor-2] DEBUG leader.FollowerInfo (FollowerInfoImpl.java:lambda$new$1(49)) - s0@group-DBBE7E7C6C61->s1: matchIndex: updateToMax old=2, new=-1, updated? false
2022-08-02 21:05:55,310 [grpc-default-executor-3] DEBUG leader.FollowerInfo (FollowerInfoImpl.java:lambda$new$1(49)) - s0@group-DBBE7E7C6C61->s2: commitIndex: updateToMax old=1, new=1, updated? false
2022-08-02 21:05:55,310 [grpc-default-executor-3] DEBUG leader.FollowerInfo (FollowerInfoImpl.java:lambda$new$1(49)) - s0@group-DBBE7E7C6C61->s2: matchIndex: updateToMax old=2, new=-1, updated? false
2022-08-02 21:05:55,310 [grpc-default-executor-2] DEBUG leader.FollowerInfo (FollowerInfoImpl.java:lambda$new$1(49)) - s0@group-DBBE7E7C6C61->s1: commitIndex: updateToMax old=1, new=1, updated? false
2022-08-02 21:05:55,311 [grpc-default-executor-2] DEBUG leader.FollowerInfo (FollowerInfoImpl.java:lambda$new$1(49)) - s0@group-DBBE7E7C6C61->s1: matchIndex: updateToMax old=2, new=-1, updated? false
2022-08-02 21:05:55,311 [grpc-default-executor-3] DEBUG leader.FollowerInfo (FollowerInfoImpl.java:lambda$new$1(49)) - s0@group-DBBE7E7C6C61->s2: commitIndex: updateToMax old=1, new=1, updated? false
2022-08-02 21:05:55,311 [grpc-default-executor-3] DEBUG leader.FollowerInfo (FollowerInfoImpl.java:lambda$new$1(49)) - s0@group-DBBE7E7C6C61->s2: matchIndex: updateToMax old=2, new=-1, updated? false
2022-08-02 21:05:55,312 [grpc-default-executor-2] DEBUG leader.FollowerInfo (FollowerInfoImpl.java:lambda$new$1(49)) - s0@group-DBBE7E7C6C61->s1: commitIndex: updateToMax old=1, new=1, updated? false
2022-08-02 21:05:55,312 [grpc-default-executor-2] DEBUG leader.FollowerInfo (FollowerInfoImpl.java:lambda$new$1(49)) - s0@group-DBBE7E7C6C61->s1: matchIndex: updateToMax old=2, new=-1, updated? false
2022-08-02 21:05:55,313 [grpc-default-executor-3] DEBUG leader.FollowerInfo (FollowerInfoImpl.java:lambda$new$1(49)) - s0@group-DBBE7E7C6C61->s2: commitIndex: updateToMax old=1, new=1, updated? false
2022-08-02 21:05:55,313 [grpc-default-executor-3] DEBUG leader.FollowerInfo (FollowerInfoImpl.java:lambda$new$1(49)) - s0@group-DBBE7E7C6C61->s2: matchIndex: updateToMax old=2, new=-1, updated? false
2022-08-02 21:05:55,314 [grpc-default-executor-2] DEBUG leader.FollowerInfo (FollowerInfoImpl.java:lambda$new$1(49)) - s0@group-DBBE7E7C6C61->s1: commitIndex: updateToMax old=1, new=1, updated? false
2022-08-02 21:05:55,314 [grpc-default-executor-2] DEBUG leader.FollowerInfo (FollowerInfoImpl.java:lambda$new$1(49)) - s0@group-DBBE7E7C6C61->s1: matchIndex: updateToMax old=2, new=-1, updated? false
2022-08-02 21:05:55,314 [grpc-default-executor-3] DEBUG leader.FollowerInfo (FollowerInfoImpl.java:lambda$new$1(49)) - s0@group-DBBE7E7C6C61->s2: commitIndex: updateToMax old=1, new=1, updated? false
2022-08-02 21:05:55,315 [grpc-default-executor-3] DEBUG leader.FollowerInfo (FollowerInfoImpl.java:lambda$new$1(49)) - s0@group-DBBE7E7C6C61->s2: matchIndex: updateToMax old=2, new=-1, updated? false
2022-08-02 21:05:55,315 [grpc-default-executor-2] DEBUG leader.FollowerInfo (FollowerInfoImpl.java:lambda$new$1(49)) - s0@group-DBBE7E7C6C61->s1: commitIndex: updateToMax old=1, new=1, updated? false
2022-08-02 21:05:55,315 [grpc-default-executor-2] DEBUG leader.FollowerInfo (FollowerInfoImpl.java:lambda$new$1(49)) - s0@group-DBBE7E7C6C61->s1: matchIndex: updateToMax old=2, new=-1, updated? false
2022-08-02 21:05:55,316 [grpc-default-executor-3] DEBUG leader.FollowerInfo (FollowerInfoImpl.java:lambda$new$1(49)) - s0@group-DBBE7E7C6C61->s2: commitIndex: updateToMax old=1, new=1, updated? false
2022-08-02 21:05:55,316 [grpc-default-executor-3] DEBUG leader.FollowerInfo (FollowerInfoImpl.java:lambda$new$1(49)) - s0@group-DBBE7E7C6C61->s2: matchIndex: updateToMax old=2, new=-1, updated? false
2022-08-02 21:05:55,317 [grpc-default-executor-2] DEBUG leader.FollowerInfo (FollowerInfoImpl.java:lambda$new$1(49)) - s0@group-DBBE7E7C6C61->s1: commitIndex: updateToMax old=1, new=1, updated? false
2022-08-02 21:05:55,317 [grpc-default-executor-2] DEBUG leader.FollowerInfo (FollowerInfoImpl.java:lambda$new$1(49)) - s0@group-DBBE7E7C6C61->s1: matchIndex: updateToMax old=2, new=-1, updated? false
2022-08-02 21:05:55,318 [grpc-default-executor-3] DEBUG leader.FollowerInfo (FollowerInfoImpl.java:lambda$new$1(49)) - s0@group-DBBE7E7C6C61->s2: commitIndex: updateToMax old=1, new=1, updated? false
2022-08-02 21:05:55,318 [grpc-default-executor-3] DEBUG leader.FollowerInfo (FollowerInfoImpl.java:lambda$new$1(49)) - s0@group-DBBE7E7C6C61->s2: matchIndex: updateToMax old=2, new=-1, updated? false
2022-08-02 21:05:55,318 [grpc-default-executor-2] DEBUG leader.FollowerInfo (FollowerInfoImpl.java:lambda$new$1(49)) - s0@group-DBBE7E7C6C61->s1: commitIndex: updateToMax old=1, new=1, updated? false
2022-08-02 21:05:55,318 [grpc-default-executor-2] DEBUG leader.FollowerInfo (FollowerInfoImpl.java:lambda$new$1(49)) - s0@group-DBBE7E7C6C61->s1: matchIndex: updateToMax old=2, new=-1, updated? false
2022-08-02 21:05:55,319 [grpc-default-executor-3] DEBUG leader.FollowerInfo (FollowerInfoImpl.java:lambda$new$1(49)) - s0@group-DBBE7E7C6C61->s2: commitIndex: updateToMax old=1, new=1, updated? false
2022-08-02 21:05:55,319 [grpc-default-executor-3] DEBUG leader.FollowerInfo (FollowerInfoImpl.java:lambda$new$1(49)) - s0@group-DBBE7E7C6C61->s2: matchIndex: updateToMax old=2, new=-1, updated? false
2022-08-02 21:05:55,320 [grpc-default-executor-2] DEBUG leader.FollowerInfo (FollowerInfoImpl.java:lambda$new$1(49)) - s0@group-DBBE7E7C6C61->s1: commitIndex: updateToMax old=1, new=1, updated? false
2022-08-02 21:05:55,320 [grpc-default-executor-2] DEBUG leader.FollowerInfo (FollowerInfoImpl.java:lambda$new$1(49)) - s0@group-DBBE7E7C6C61->s1: matchIndex: updateToMax old=2, new=-1, updated? false
2022-08-02 21:05:55,321 [grpc-default-executor-3] DEBUG leader.FollowerInfo (FollowerInfoImpl.java:lambda$new$1(49)) - s0@group-DBBE7E7C6C61->s2: commitIndex: updateToMax old=1, new=1, updated? false
2022-08-02 21:05:55,321 [grpc-default-executor-3] DEBUG leader.FollowerInfo (FollowerInfoImpl.java:lambda$new$1(49)) - s0@group-DBBE7E7C6C61->s2: matchIndex: updateToMax old=2, new=-1, updated? false
2022-08-02 21:05:55,321 [grpc-default-executor-2] DEBUG leader.FollowerInfo (FollowerInfoImpl.java:lambda$new$1(49)) - s0@group-DBBE7E7C6C61->s1: commitIndex: updateToMax old=1, new=1, updated? false
2022-08-02 21:05:55,322 [grpc-default-executor-2] DEBUG leader.FollowerInfo (FollowerInfoImpl.java:lambda$new$1(49)) - s0@group-DBBE7E7C6C61->s1: matchIndex: updateToMax old=2, new=-1, updated? false
2022-08-02 21:05:55,322 [grpc-default-executor-3] DEBUG leader.FollowerInfo (FollowerInfoImpl.java:lambda$new$1(49)) - s0@group-DBBE7E7C6C61->s2: commitIndex: updateToMax old=1, new=1, updated? false
2022-08-02 21:05:55,322 [grpc-default-executor-3] DEBUG leader.FollowerInfo (FollowerInfoImpl.java:lambda$new$1(49)) - s0@group-DBBE7E7C6C61->s2: matchIndex: updateToMax old=2, new=-1, updated? false
2022-08-02 21:05:55,323 [grpc-default-executor-2] DEBUG leader.FollowerInfo (FollowerInfoImpl.java:lambda$new$1(49)) - s0@group-DBBE7E7C6C61->s1: commitIndex: updateToMax old=1, new=1, updated? false
2022-08-02 21:05:55,323 [grpc-default-executor-2] DEBUG leader.FollowerInfo (FollowerInfoImpl.java:lambda$new$1(49)) - s0@group-DBBE7E7C6C61->s1: matchIndex: updateToMax old=2, new=-1, updated? false
2022-08-02 21:05:55,324 [grpc-default-executor-3] DEBUG leader.FollowerInfo (FollowerInfoImpl.java:lambda$new$1(49)) - s0@group-DBBE7E7C6C61->s2: commitIndex: updateToMax old=1, new=1, updated? false
2022-08-02 21:05:55,324 [grpc-default-executor-3] DEBUG leader.FollowerInfo (FollowerInfoImpl.java:lambda$new$1(49)) - s0@group-DBBE7E7C6C61->s2: matchIndex: updateToMax old=2, new=-1, updated? false
2022-08-02 21:05:55,324 [grpc-default-executor-2] DEBUG leader.FollowerInfo (FollowerInfoImpl.java:lambda$new$1(49)) - s0@group-DBBE7E7C6C61->s1: commitIndex: updateToMax old=1, new=1, updated? false
2022-08-02 21:05:55,325 [grpc-default-executor-2] DEBUG leader.FollowerInfo (FollowerInfoImpl.java:lambda$new$1(49)) - s0@group-DBBE7E7C6C61->s1: matchIndex: updateToMax old=2, new=-1, updated? false
2022-08-02 21:05:55,325 [grpc-default-executor-3] DEBUG leader.FollowerInfo (FollowerInfoImpl.java:lambda$new$1(49)) - s0@group-DBBE7E7C6C61->s2: commitIndex: updateToMax old=1, new=1, updated? false
2022-08-02 21:05:55,325 [grpc-default-executor-3] DEBUG leader.FollowerInfo (FollowerInfoImpl.java:lambda$new$1(49)) - s0@group-DBBE7E7C6C61->s2: matchIndex: updateToMax old=2, new=-1, updated? false
2022-08-02 21:05:55,326 [grpc-default-executor-2] DEBUG leader.FollowerInfo (FollowerInfoImpl.java:lambda$new$1(49)) - s0@group-DBBE7E7C6C61->s1: commitIndex: updateToMax old=1, new=1, updated? false
2022-08-02 21:05:55,326 [grpc-default-executor-2] DEBUG leader.FollowerInfo (FollowerInfoImpl.java:lambda$new$1(49)) - s0@group-DBBE7E7C6C61->s1: matchIndex: updateToMax old=2, new=-1, updated? false
2022-08-02 21:05:55,327 [grpc-default-executor-3] DEBUG leader.FollowerInfo (FollowerInfoImpl.java:lambda$new$1(49)) - s0@group-DBBE7E7C6C61->s2: commitIndex: updateToMax old=1, new=1, updated? false
2022-08-02 21:05:55,327 [grpc-default-executor-3] DEBUG leader.FollowerInfo (FollowerInfoImpl.java:lambda$new$1(49)) - s0@group-DBBE7E7C6C61->s2: matchIndex: updateToMax old=2, new=-1, updated? false
2022-08-02 21:05:55,327 [grpc-default-executor-2] DEBUG leader.FollowerInfo (FollowerInfoImpl.java:lambda$new$1(49)) - s0@group-DBBE7E7C6C61->s1: commitIndex: updateToMax old=1, new=1, updated? false
2022-08-02 21:05:55,328 [grpc-default-executor-2] DEBUG leader.FollowerInfo (FollowerInfoImpl.java:lambda$new$1(49)) - s0@group-DBBE7E7C6C61->s1: matchIndex: updateToMax old=2, new=-1, updated? false
2022-08-02 21:05:55,328 [grpc-default-executor-3] DEBUG leader.FollowerInfo (FollowerInfoImpl.java:lambda$new$1(49)) - s0@group-DBBE7E7C6C61->s2: commitIndex: updateToMax old=1, new=1, updated? false
2022-08-02 21:05:55,328 [grpc-default-executor-3] DEBUG leader.FollowerInfo (FollowerInfoImpl.java:lambda$new$1(49)) - s0@group-DBBE7E7C6C61->s2: matchIndex: updateToMax old=2, new=-1, updated? false
2022-08-02 21:05:55,329 [grpc-default-executor-2] DEBUG leader.FollowerInfo (FollowerInfoImpl.java:lambda$new$1(49)) - s0@group-DBBE7E7C6C61->s1: commitIndex: updateToMax old=1, new=1, updated? false
2022-08-02 21:05:55,329 [grpc-default-executor-2] DEBUG leader.FollowerInfo (FollowerInfoImpl.java:lambda$new$1(49)) - s0@group-DBBE7E7C6C61->s1: matchIndex: updateToMax old=2, new=-1, updated? false
2022-08-02 21:05:55,330 [grpc-default-executor-3] DEBUG leader.FollowerInfo (FollowerInfoImpl.java:lambda$new$1(49)) - s0@group-DBBE7E7C6C61->s2: commitIndex: updateToMax old=1, new=1, updated? false
2022-08-02 21:05:55,330 [grpc-default-executor-3] DEBUG leader.FollowerInfo (FollowerInfoImpl.java:lambda$new$1(49)) - s0@group-DBBE7E7C6C61->s2: matchIndex: updateToMax old=2, new=-1, updated? false
2022-08-02 21:05:55,330 [grpc-default-executor-2] DEBUG leader.FollowerInfo (FollowerInfoImpl.java:lambda$new$1(49)) - s0@group-DBBE7E7C6C61->s1: commitIndex: updateToMax old=1, new=1, updated? false
2022-08-02 21:05:55,330 [grpc-default-executor-2] DEBUG leader.FollowerInfo (FollowerInfoImpl.java:lambda$new$1(49)) - s0@group-DBBE7E7C6C61->s1: matchIndex: updateToMax old=2, new=-1, updated? false
2022-08-02 21:05:55,331 [grpc-default-executor-3] DEBUG leader.FollowerInfo (FollowerInfoImpl.java:lambda$new$1(49)) - s0@group-DBBE7E7C6C61->s2: commitIndex: updateToMax old=1, new=1, updated? false
2022-08-02 21:05:55,331 [grpc-default-executor-3] DEBUG leader.FollowerInfo (FollowerInfoImpl.java:lambda$new$1(49)) - s0@group-DBBE7E7C6C61->s2: matchIndex: updateToMax old=2, new=-1, updated? false
2022-08-02 21:05:55,332 [grpc-default-executor-2] DEBUG leader.FollowerInfo (FollowerInfoImpl.java:lambda$new$1(49)) - s0@group-DBBE7E7C6C61->s1: commitIndex: updateToMax old=1, new=1, updated? false
2022-08-02 21:05:55,332 [grpc-default-executor-2] DEBUG leader.FollowerInfo (FollowerInfoImpl.java:lambda$new$1(49)) - s0@group-DBBE7E7C6C61->s1: matchIndex: updateToMax old=2, new=-1, updated? false
2022-08-02 21:05:55,333 [grpc-default-executor-3] DEBUG leader.FollowerInfo (FollowerInfoImpl.java:lambda$new$1(49)) - s0@group-DBBE7E7C6C61->s2: commitIndex: updateToMax old=1, new=1, updated? false
2022-08-02 21:05:55,333 [grpc-default-executor-3] DEBUG leader.FollowerInfo (FollowerInfoImpl.java:lambda$new$1(49)) - s0@group-DBBE7E7C6C61->s2: matchIndex: updateToMax old=2, new=-1, updated? false
2022-08-02 21:05:55,333 [grpc-default-executor-2] DEBUG leader.FollowerInfo (FollowerInfoImpl.java:lambda$new$1(49)) - s0@group-DBBE7E7C6C61->s1: commitIndex: updateToMax old=1, new=1, updated? false
2022-08-02 21:05:55,333 [grpc-default-executor-2] DEBUG leader.FollowerInfo (FollowerInfoImpl.java:lambda$new$1(49)) - s0@group-DBBE7E7C6C61->s1: matchIndex: updateToMax old=2, new=-1, updated? false
2022-08-02 21:05:55,334 [grpc-default-executor-3] DEBUG leader.FollowerInfo (FollowerInfoImpl.java:lambda$new$1(49)) - s0@group-DBBE7E7C6C61->s2: commitIndex: updateToMax old=1, new=1, updated? false
2022-08-02 21:05:55,334 [grpc-default-executor-3] DEBUG leader.FollowerInfo (FollowerInfoImpl.java:lambda$new$1(49)) - s0@group-DBBE7E7C6C61->s2: matchIndex: updateToMax old=2, new=-1, updated? false
2022-08-02 21:05:55,335 [grpc-default-executor-2] DEBUG leader.FollowerInfo (FollowerInfoImpl.java:lambda$new$1(49)) - s0@group-DBBE7E7C6C61->s1: commitIndex: updateToMax old=1, new=1, updated? false
2022-08-02 21:05:55,335 [grpc-default-executor-2] DEBUG leader.FollowerInfo (FollowerInfoImpl.java:lambda$new$1(49)) - s0@group-DBBE7E7C6C61->s1: matchIndex: updateToMax old=2, new=-1, updated? false
2022-08-02 21:05:55,336 [grpc-default-executor-3] DEBUG leader.FollowerInfo (FollowerInfoImpl.java:lambda$new$1(49)) - s0@group-DBBE7E7C6C61->s2: commitIndex: updateToMax old=1, new=1, updated? false
2022-08-02 21:05:55,336 [grpc-default-executor-3] DEBUG leader.FollowerInfo (FollowerInfoImpl.java:lambda$new$1(49)) - s0@group-DBBE7E7C6C61->s2: matchIndex: updateToMax old=2, new=-1, updated? false
2022-08-02 21:05:55,337 [grpc-default-executor-0] DEBUG leader.FollowerInfo (FollowerInfoImpl.java:lambda$new$1(49)) - s0@group-DBBE7E7C6C61->s1: commitIndex: updateToMax old=1, new=1, updated? false
2022-08-02 21:05:55,337 [grpc-default-executor-0] DEBUG leader.FollowerInfo (FollowerInfoImpl.java:lambda$new$1(49)) - s0@group-DBBE7E7C6C61->s1: matchIndex: updateToMax old=2, new=-1, updated? false
2022-08-02 21:05:55,337 [grpc-default-executor-3] DEBUG leader.FollowerInfo (FollowerInfoImpl.java:lambda$new$1(49)) - s0@group-DBBE7E7C6C61->s2: commitIndex: updateToMax old=1, new=1, updated? false
2022-08-02 21:05:55,337 [grpc-default-executor-3] DEBUG leader.FollowerInfo (FollowerInfoImpl.java:lambda$new$1(49)) - s0@group-DBBE7E7C6C61->s2: matchIndex: updateToMax old=2, new=-1, updated? false
2022-08-02 21:05:55,338 [grpc-default-executor-0] DEBUG leader.FollowerInfo (FollowerInfoImpl.java:lambda$new$1(49)) - s0@group-DBBE7E7C6C61->s1: commitIndex: updateToMax old=1, new=1, updated? false
2022-08-02 21:05:55,338 [grpc-default-executor-0] DEBUG leader.FollowerInfo (FollowerInfoImpl.java:lambda$new$1(49)) - s0@group-DBBE7E7C6C61->s1: matchIndex: updateToMax old=2, new=-1, updated? false
2022-08-02 21:05:55,339 [grpc-default-executor-3] DEBUG leader.FollowerInfo (FollowerInfoImpl.java:lambda$new$1(49)) - s0@group-DBBE7E7C6C61->s2: commitIndex: updateToMax old=1, new=1, updated? false
2022-08-02 21:05:55,339 [grpc-default-executor-3] DEBUG leader.FollowerInfo (FollowerInfoImpl.java:lambda$new$1(49)) - s0@group-DBBE7E7C6C61->s2: matchIndex: updateToMax old=2, new=-1, updated? false
2022-08-02 21:05:55,339 [grpc-default-executor-0] DEBUG leader.FollowerInfo (FollowerInfoImpl.java:lambda$new$1(49)) - s0@group-DBBE7E7C6C61->s1: commitIndex: updateToMax old=1, new=1, updated? false
2022-08-02 21:05:55,340 [grpc-default-executor-0] DEBUG leader.FollowerInfo (FollowerInfoImpl.java:lambda$new$1(49)) - s0@group-DBBE7E7C6C61->s1: matchIndex: updateToMax old=2, new=-1, updated? false
2022-08-02 21:05:55,340 [grpc-default-executor-3] DEBUG leader.FollowerInfo (FollowerInfoImpl.java:lambda$new$1(49)) - s0@group-DBBE7E7C6C61->s2: commitIndex: updateToMax old=1, new=1, updated? false
2022-08-02 21:05:55,340 [grpc-default-executor-3] DEBUG leader.FollowerInfo (FollowerInfoImpl.java:lambda$new$1(49)) - s0@group-DBBE7E7C6C61->s2: matchIndex: updateToMax old=2, new=-1, updated? false
2022-08-02 21:05:55,341 [grpc-default-executor-0] DEBUG leader.FollowerInfo (FollowerInfoImpl.java:lambda$new$1(49)) - s0@group-DBBE7E7C6C61->s1: commitIndex: updateToMax old=1, new=1, updated? false
2022-08-02 21:05:55,341 [grpc-default-executor-0] DEBUG leader.FollowerInfo (FollowerInfoImpl.java:lambda$new$1(49)) - s0@group-DBBE7E7C6C61->s1: matchIndex: updateToMax old=2, new=-1, updated? false
2022-08-02 21:05:55,342 [grpc-default-executor-3] DEBUG leader.FollowerInfo (FollowerInfoImpl.java:lambda$new$1(49)) - s0@group-DBBE7E7C6C61->s2: commitIndex: updateToMax old=1, new=1, updated? false
2022-08-02 21:05:55,342 [grpc-default-executor-3] DEBUG leader.FollowerInfo (FollowerInfoImpl.java:lambda$new$1(49)) - s0@group-DBBE7E7C6C61->s2: matchIndex: updateToMax old=2, new=-1, updated? false
2022-08-02 21:05:55,342 [grpc-default-executor-0] DEBUG leader.FollowerInfo (FollowerInfoImpl.java:lambda$new$1(49)) - s0@group-DBBE7E7C6C61->s1: commitIndex: updateToMax old=1, new=1, updated? false
2022-08-02 21:05:55,342 [grpc-default-executor-0] DEBUG leader.FollowerInfo (FollowerInfoImpl.java:lambda$new$1(49)) - s0@group-DBBE7E7C6C61->s1: matchIndex: updateToMax old=2, new=-1, updated? false
2022-08-02 21:05:55,343 [grpc-default-executor-3] DEBUG leader.FollowerInfo (FollowerInfoImpl.java:lambda$new$1(49)) - s0@group-DBBE7E7C6C61->s2: commitIndex: updateToMax old=1, new=1, updated? false
2022-08-02 21:05:55,343 [grpc-default-executor-3] DEBUG leader.FollowerInfo (FollowerInfoImpl.java:lambda$new$1(49)) - s0@group-DBBE7E7C6C61->s2: matchIndex: updateToMax old=2, new=-1, updated? false
2022-08-02 21:05:55,344 [grpc-default-executor-0] DEBUG leader.FollowerInfo (FollowerInfoImpl.java:lambda$new$1(49)) - s0@group-DBBE7E7C6C61->s1: commitIndex: updateToMax old=1, new=1, updated? false
2022-08-02 21:05:55,344 [grpc-default-executor-0] DEBUG leader.FollowerInfo (FollowerInfoImpl.java:lambda$new$1(49)) - s0@group-DBBE7E7C6C61->s1: matchIndex: updateToMax old=2, new=-1, updated? false
2022-08-02 21:05:55,345 [grpc-default-executor-3] DEBUG leader.FollowerInfo (FollowerInfoImpl.java:lambda$new$1(49)) - s0@group-DBBE7E7C6C61->s2: commitIndex: updateToMax old=1, new=1, updated? false
2022-08-02 21:05:55,345 [grpc-default-executor-3] DEBUG leader.FollowerInfo (FollowerInfoImpl.java:lambda$new$1(49)) - s0@group-DBBE7E7C6C61->s2: matchIndex: updateToMax old=2, new=-1, updated? false
2022-08-02 21:05:55,345 [grpc-default-executor-0] DEBUG leader.FollowerInfo (FollowerInfoImpl.java:lambda$new$1(49)) - s0@group-DBBE7E7C6C61->s1: commitIndex: updateToMax old=1, new=1, updated? false
2022-08-02 21:05:55,345 [grpc-default-executor-0] DEBUG leader.FollowerInfo (FollowerInfoImpl.java:lambda$new$1(49)) - s0@group-DBBE7E7C6C61->s1: matchIndex: updateToMax old=2, new=-1, updated? false
2022-08-02 21:05:55,346 [grpc-default-executor-3] DEBUG leader.FollowerInfo (FollowerInfoImpl.java:lambda$new$1(49)) - s0@group-DBBE7E7C6C61->s2: commitIndex: updateToMax old=1, new=1, updated? false
2022-08-02 21:05:55,346 [grpc-default-executor-3] DEBUG leader.FollowerInfo (FollowerInfoImpl.java:lambda$new$1(49)) - s0@group-DBBE7E7C6C61->s2: matchIndex: updateToMax old=2, new=-1, updated? false
2022-08-02 21:05:55,347 [grpc-default-executor-0] DEBUG leader.FollowerInfo (FollowerInfoImpl.java:lambda$new$1(49)) - s0@group-DBBE7E7C6C61->s1: commitIndex: updateToMax old=1, new=1, updated? false
2022-08-02 21:05:55,347 [grpc-default-executor-0] DEBUG leader.FollowerInfo (FollowerInfoImpl.java:lambda$new$1(49)) - s0@group-DBBE7E7C6C61->s1: matchIndex: updateToMax old=2, new=-1, updated? false
2022-08-02 21:05:55,348 [grpc-default-executor-3] DEBUG leader.FollowerInfo (FollowerInfoImpl.java:lambda$new$1(49)) - s0@group-DBBE7E7C6C61->s2: commitIndex: updateToMax old=1, new=1, updated? false
2022-08-02 21:05:55,348 [grpc-default-executor-3] DEBUG leader.FollowerInfo (FollowerInfoImpl.java:lambda$new$1(49)) - s0@group-DBBE7E7C6C61->s2: matchIndex: updateToMax old=2, new=-1, updated? false
2022-08-02 21:05:55,348 [grpc-default-executor-0] DEBUG leader.FollowerInfo (FollowerInfoImpl.java:lambda$new$1(49)) - s0@group-DBBE7E7C6C61->s1: commitIndex: updateToMax old=1, new=1, updated? false
2022-08-02 21:05:55,349 [grpc-default-executor-0] DEBUG leader.FollowerInfo (FollowerInfoImpl.java:lambda$new$1(49)) - s0@group-DBBE7E7C6C61->s1: matchIndex: updateToMax old=2, new=-1, updated? false
2022-08-02 21:05:55,349 [grpc-default-executor-3] DEBUG leader.FollowerInfo (FollowerInfoImpl.java:lambda$new$1(49)) - s0@group-DBBE7E7C6C61->s2: commitIndex: updateToMax old=1, new=1, updated? false
2022-08-02 21:05:55,349 [grpc-default-executor-3] DEBUG leader.FollowerInfo (FollowerInfoImpl.java:lambda$new$1(49)) - s0@group-DBBE7E7C6C61->s2: matchIndex: updateToMax old=2, new=-1, updated? false
2022-08-02 21:05:55,350 [grpc-default-executor-0] DEBUG leader.FollowerInfo (FollowerInfoImpl.java:lambda$new$1(49)) - s0@group-DBBE7E7C6C61->s1: commitIndex: updateToMax old=1, new=1, updated? false
2022-08-02 21:05:55,350 [grpc-default-executor-0] DEBUG leader.FollowerInfo (FollowerInfoImpl.java:lambda$new$1(49)) - s0@group-DBBE7E7C6C61->s1: matchIndex: updateToMax old=2, new=-1, updated? false
2022-08-02 21:05:55,351 [grpc-default-executor-3] DEBUG leader.FollowerInfo (FollowerInfoImpl.java:lambda$new$1(49)) - s0@group-DBBE7E7C6C61->s2: commitIndex: updateToMax old=1, new=1, updated? false
2022-08-02 21:05:55,351 [grpc-default-executor-3] DEBUG leader.FollowerInfo (FollowerInfoImpl.java:lambda$new$1(49)) - s0@group-DBBE7E7C6C61->s2: matchIndex: updateToMax old=2, new=-1, updated? false
2022-08-02 21:05:55,351 [grpc-default-executor-0] DEBUG leader.FollowerInfo (FollowerInfoImpl.java:lambda$new$1(49)) - s0@group-DBBE7E7C6C61->s1: commitIndex: updateToMax old=1, new=1, updated? false
2022-08-02 21:05:55,352 [grpc-default-executor-0] DEBUG leader.FollowerInfo (FollowerInfoImpl.java:lambda$new$1(49)) - s0@group-DBBE7E7C6C61->s1: matchIndex: updateToMax old=2, new=-1, updated? false
2022-08-02 21:05:55,352 [grpc-default-executor-3] DEBUG leader.FollowerInfo (FollowerInfoImpl.java:lambda$new$1(49)) - s0@group-DBBE7E7C6C61->s2: commitIndex: updateToMax old=1, new=1, updated? false
2022-08-02 21:05:55,352 [grpc-default-executor-3] DEBUG leader.FollowerInfo (FollowerInfoImpl.java:lambda$new$1(49)) - s0@group-DBBE7E7C6C61->s2: matchIndex: updateToMax old=2, new=-1, updated? false
2022-08-02 21:05:55,353 [grpc-default-executor-0] DEBUG leader.FollowerInfo (FollowerInfoImpl.java:lambda$new$1(49)) - s0@group-DBBE7E7C6C61->s1: commitIndex: updateToMax old=1, new=1, updated? false
2022-08-02 21:05:55,353 [grpc-default-executor-0] DEBUG leader.FollowerInfo (FollowerInfoImpl.java:lambda$new$1(49)) - s0@group-DBBE7E7C6C61->s1: matchIndex: updateToMax old=2, new=-1, updated? false
2022-08-02 21:05:55,354 [grpc-default-executor-3] DEBUG leader.FollowerInfo (FollowerInfoImpl.java:lambda$new$1(49)) - s0@group-DBBE7E7C6C61->s2: commitIndex: updateToMax old=1, new=1, updated? false
2022-08-02 21:05:55,354 [grpc-default-executor-3] DEBUG leader.FollowerInfo (FollowerInfoImpl.java:lambda$new$1(49)) - s0@group-DBBE7E7C6C61->s2: matchIndex: updateToMax old=2, new=-1, updated? false
2022-08-02 21:05:55,354 [grpc-default-executor-0] DEBUG leader.FollowerInfo (FollowerInfoImpl.java:lambda$new$1(49)) - s0@group-DBBE7E7C6C61->s1: commitIndex: updateToMax old=1, new=1, updated? false
2022-08-02 21:05:55,355 [grpc-default-executor-0] DEBUG leader.FollowerInfo (FollowerInfoImpl.java:lambda$new$1(49)) - s0@group-DBBE7E7C6C61->s1: matchIndex: updateToMax old=2, new=-1, updated? false
2022-08-02 21:05:55,355 [grpc-default-executor-3] DEBUG leader.FollowerInfo (FollowerInfoImpl.java:lambda$new$1(49)) - s0@group-DBBE7E7C6C61->s2: commitIndex: updateToMax old=1, new=1, updated? false
2022-08-02 21:05:55,355 [grpc-default-executor-3] DEBUG leader.FollowerInfo (FollowerInfoImpl.java:lambda$new$1(49)) - s0@group-DBBE7E7C6C61->s2: matchIndex: updateToMax old=2, new=-1, updated? false
2022-08-02 21:05:55,356 [grpc-default-executor-0] DEBUG leader.FollowerInfo (FollowerInfoImpl.java:lambda$new$1(49)) - s0@group-DBBE7E7C6C61->s1: commitIndex: updateToMax old=1, new=1, updated? false
2022-08-02 21:05:55,356 [grpc-default-executor-0] DEBUG leader.FollowerInfo (FollowerInfoImpl.java:lambda$new$1(49)) - s0@group-DBBE7E7C6C61->s1: matchIndex: updateToMax old=2, new=-1, updated? false
2022-08-02 21:05:55,357 [grpc-default-executor-3] DEBUG leader.FollowerInfo (FollowerInfoImpl.java:lambda$new$1(49)) - s0@group-DBBE7E7C6C61->s2: commitIndex: updateToMax old=1, new=1, updated? false
2022-08-02 21:05:55,357 [grpc-default-executor-3] DEBUG leader.FollowerInfo (FollowerInfoImpl.java:lambda$new$1(49)) - s0@group-DBBE7E7C6C61->s2: matchIndex: updateToMax old=2, new=-1, updated? false
2022-08-02 21:05:55,357 [grpc-default-executor-0] DEBUG leader.FollowerInfo (FollowerInfoImpl.java:lambda$new$1(49)) - s0@group-DBBE7E7C6C61->s1: commitIndex: updateToMax old=1, new=1, updated? false
2022-08-02 21:05:55,358 [grpc-default-executor-0] DEBUG leader.FollowerInfo (FollowerInfoImpl.java:lambda$new$1(49)) - s0@group-DBBE7E7C6C61->s1: matchIndex: updateToMax old=2, new=-1, updated? false
2022-08-02 21:05:55,358 [grpc-default-executor-0] DEBUG leader.FollowerInfo (FollowerInfoImpl.java:lambda$new$1(49)) - s0@group-DBBE7E7C6C61->s2: commitIndex: updateToMax old=1, new=1, updated? false
2022-08-02 21:05:55,358 [grpc-default-executor-0] DEBUG leader.FollowerInfo (FollowerInfoImpl.java:lambda$new$1(49)) - s0@group-DBBE7E7C6C61->s2: matchIndex: updateToMax old=2, new=-1, updated? false
2022-08-02 21:05:55,359 [grpc-default-executor-3] DEBUG leader.FollowerInfo (FollowerInfoImpl.java:lambda$new$1(49)) - s0@group-DBBE7E7C6C61->s1: commitIndex: updateToMax old=1, new=1, updated? false
2022-08-02 21:05:55,359 [grpc-default-executor-3] DEBUG leader.FollowerInfo (FollowerInfoImpl.java:lambda$new$1(49)) - s0@group-DBBE7E7C6C61->s1: matchIndex: updateToMax old=2, new=-1, updated? false
2022-08-02 21:05:55,359 [grpc-default-executor-0] DEBUG leader.FollowerInfo (FollowerInfoImpl.java:lambda$new$1(49)) - s0@group-DBBE7E7C6C61->s2: commitIndex: updateToMax old=1, new=1, updated? false
2022-08-02 21:05:55,359 [grpc-default-executor-0] DEBUG leader.FollowerInfo (FollowerInfoImpl.java:lambda$new$1(49)) - s0@group-DBBE7E7C6C61->s2: matchIndex: updateToMax old=2, new=-1, updated? false
2022-08-02 21:05:55,360 [grpc-default-executor-0] DEBUG leader.FollowerInfo (FollowerInfoImpl.java:lambda$new$1(49)) - s0@group-DBBE7E7C6C61->s1: commitIndex: updateToMax old=1, new=1, updated? false
2022-08-02 21:05:55,360 [grpc-default-executor-0] DEBUG leader.FollowerInfo (FollowerInfoImpl.java:lambda$new$1(49)) - s0@group-DBBE7E7C6C61->s1: matchIndex: updateToMax old=2, new=-1, updated? false
2022-08-02 21:05:55,360 [grpc-default-executor-0] DEBUG leader.FollowerInfo (FollowerInfoImpl.java:lambda$new$1(49)) - s0@group-DBBE7E7C6C61->s2: commitIndex: updateToMax old=1, new=1, updated? false
2022-08-02 21:05:55,360 [grpc-default-executor-0] DEBUG leader.FollowerInfo (FollowerInfoImpl.java:lambda$new$1(49)) - s0@group-DBBE7E7C6C61->s2: matchIndex: updateToMax old=2, new=-1, updated? false
2022-08-02 21:05:55,361 [grpc-default-executor-0] DEBUG leader.FollowerInfo (FollowerInfoImpl.java:lambda$new$1(49)) - s0@group-DBBE7E7C6C61->s1: commitIndex: updateToMax old=1, new=1, updated? false
2022-08-02 21:05:55,361 [grpc-default-executor-0] DEBUG leader.FollowerInfo (FollowerInfoImpl.java:lambda$new$1(49)) - s0@group-DBBE7E7C6C61->s1: matchIndex: updateToMax old=2, new=-1, updated? false
2022-08-02 21:05:55,361 [grpc-default-executor-0] DEBUG leader.FollowerInfo (FollowerInfoImpl.java:lambda$new$1(49)) - s0@group-DBBE7E7C6C61->s2: commitIndex: updateToMax old=1, new=1, updated? false
2022-08-02 21:05:55,361 [grpc-default-executor-0] DEBUG leader.FollowerInfo (FollowerInfoImpl.java:lambda$new$1(49)) - s0@group-DBBE7E7C6C61->s2: matchIndex: updateToMax old=2, new=-1, updated? false
2022-08-02 21:05:55,361 [grpc-default-executor-3] DEBUG leader.FollowerInfo (FollowerInfoImpl.java:lambda$new$1(49)) - s0@group-DBBE7E7C6C61->s1: commitIndex: updateToMax old=1, new=1, updated? false
2022-08-02 21:05:55,362 [grpc-default-executor-3] DEBUG leader.FollowerInfo (FollowerInfoImpl.java:lambda$new$1(49)) - s0@group-DBBE7E7C6C61->s1: matchIndex: updateToMax old=2, new=-1, updated? false
2022-08-02 21:05:55,362 [grpc-default-executor-3] DEBUG leader.FollowerInfo (FollowerInfoImpl.java:lambda$new$1(49)) - s0@group-DBBE7E7C6C61->s2: commitIndex: updateToMax old=1, new=1, updated? false
2022-08-02 21:05:55,362 [grpc-default-executor-3] DEBUG leader.FollowerInfo (FollowerInfoImpl.java:lambda$new$1(49)) - s0@group-DBBE7E7C6C61->s2: matchIndex: updateToMax old=2, new=-1, updated? false
2022-08-02 21:05:55,362 [grpc-default-executor-3] DEBUG leader.FollowerInfo (FollowerInfoImpl.java:lambda$new$1(49)) - s0@group-DBBE7E7C6C61->s1: commitIndex: updateToMax old=1, new=1, updated? false
2022-08-02 21:05:55,363 [grpc-default-executor-3] DEBUG leader.FollowerInfo (FollowerInfoImpl.java:lambda$new$1(49)) - s0@group-DBBE7E7C6C61->s1: matchIndex: updateToMax old=2, new=-1, updated? false
2022-08-02 21:05:55,363 [grpc-default-executor-0] DEBUG leader.FollowerInfo (FollowerInfoImpl.java:lambda$new$1(49)) - s0@group-DBBE7E7C6C61->s2: commitIndex: updateToMax old=1, new=1, updated? false
2022-08-02 21:05:55,363 [grpc-default-executor-0] DEBUG leader.FollowerInfo (FollowerInfoImpl.java:lambda$new$1(49)) - s0@group-DBBE7E7C6C61->s2: matchIndex: updateToMax old=2, new=-1, updated? false
2022-08-02 21:05:55,366 [grpc-default-executor-0] DEBUG leader.FollowerInfo (FollowerInfoImpl.java:lambda$new$1(49)) - s0@group-DBBE7E7C6C61->s1: commitIndex: updateToMax old=1, new=1, updated? false
2022-08-02 21:05:55,367 [grpc-default-executor-0] DEBUG leader.FollowerInfo (FollowerInfoImpl.java:lambda$new$1(49)) - s0@group-DBBE7E7C6C61->s1: matchIndex: updateToMax old=2, new=-1, updated? false
2022-08-02 21:05:55,367 [grpc-default-executor-3] DEBUG leader.FollowerInfo (FollowerInfoImpl.java:lambda$new$1(49)) - s0@group-DBBE7E7C6C61->s2: commitIndex: updateToMax old=1, new=1, updated? false
2022-08-02 21:05:55,367 [grpc-default-executor-3] DEBUG leader.FollowerInfo (FollowerInfoImpl.java:lambda$new$1(49)) - s0@group-DBBE7E7C6C61->s2: matchIndex: updateToMax old=2, new=-1, updated? false
2022-08-02 21:05:55,367 [grpc-default-executor-0] DEBUG leader.FollowerInfo (FollowerInfoImpl.java:lambda$new$1(49)) - s0@group-DBBE7E7C6C61->s1: commitIndex: updateToMax old=1, new=1, updated? false
2022-08-02 21:05:55,368 [grpc-default-executor-0] DEBUG leader.FollowerInfo (FollowerInfoImpl.java:lambda$new$1(49)) - s0@group-DBBE7E7C6C61->s1: matchIndex: updateToMax old=2, new=-1, updated? false
2022-08-02 21:05:55,368 [grpc-default-executor-3] DEBUG leader.FollowerInfo (FollowerInfoImpl.java:lambda$new$1(49)) - s0@group-DBBE7E7C6C61->s2: commitIndex: updateToMax old=1, new=1, updated? false
2022-08-02 21:05:55,368 [grpc-default-executor-3] DEBUG leader.FollowerInfo (FollowerInfoImpl.java:lambda$new$1(49)) - s0@group-DBBE7E7C6C61->s2: matchIndex: updateToMax old=2, new=-1, updated? false
2022-08-02 21:05:55,369 [grpc-default-executor-0] DEBUG leader.FollowerInfo (FollowerInfoImpl.java:lambda$new$1(49)) - s0@group-DBBE7E7C6C61->s1: commitIndex: updateToMax old=1, new=1, updated? false
2022-08-02 21:05:55,369 [grpc-default-executor-0] DEBUG leader.FollowerInfo (FollowerInfoImpl.java:lambda$new$1(49)) - s0@group-DBBE7E7C6C61->s1: matchIndex: updateToMax old=2, new=-1, updated? false
2022-08-02 21:05:55,370 [grpc-default-executor-0] DEBUG leader.FollowerInfo (FollowerInfoImpl.java:lambda$new$1(49)) - s0@group-DBBE7E7C6C61->s2: commitIndex: updateToMax old=1, new=1, updated? false
2022-08-02 21:05:55,370 [grpc-default-executor-0] DEBUG leader.FollowerInfo (FollowerInfoImpl.java:lambda$new$1(49)) - s0@group-DBBE7E7C6C61->s2: matchIndex: updateToMax old=2, new=-1, updated? false
2022-08-02 21:05:55,371 [grpc-default-executor-3] DEBUG leader.FollowerInfo (FollowerInfoImpl.java:lambda$new$1(49)) - s0@group-DBBE7E7C6C61->s2: commitIndex: updateToMax old=1, new=1, updated? false
2022-08-02 21:05:55,371 [grpc-default-executor-3] DEBUG leader.FollowerInfo (FollowerInfoImpl.java:lambda$new$1(49)) - s0@group-DBBE7E7C6C61->s2: matchIndex: updateToMax old=2, new=-1, updated? false
2022-08-02 21:05:55,371 [grpc-default-executor-3] DEBUG leader.FollowerInfo (FollowerInfoImpl.java:lambda$new$1(49)) - s0@group-DBBE7E7C6C61->s1: commitIndex: updateToMax old=1, new=1, updated? false
2022-08-02 21:05:55,371 [grpc-default-executor-3] DEBUG leader.FollowerInfo (FollowerInfoImpl.java:lambda$new$1(49)) - s0@group-DBBE7E7C6C61->s1: matchIndex: updateToMax old=2, new=-1, updated? false
2022-08-02 21:05:55,372 [grpc-default-executor-0] DEBUG leader.FollowerInfo (FollowerInfoImpl.java:lambda$new$1(49)) - s0@group-DBBE7E7C6C61->s2: commitIndex: updateToMax old=1, new=1, updated? false
2022-08-02 21:05:55,372 [grpc-default-executor-0] DEBUG leader.FollowerInfo (FollowerInfoImpl.java:lambda$new$1(49)) - s0@group-DBBE7E7C6C61->s2: matchIndex: updateToMax old=2, new=-1, updated? false
2022-08-02 21:05:55,372 [grpc-default-executor-0] DEBUG leader.FollowerInfo (FollowerInfoImpl.java:lambda$new$1(49)) - s0@group-DBBE7E7C6C61->s2: commitIndex: updateToMax old=1, new=1, updated? false
2022-08-02 21:05:55,372 [grpc-default-executor-0] DEBUG leader.FollowerInfo (FollowerInfoImpl.java:lambda$new$1(49)) - s0@group-DBBE7E7C6C61->s2: matchIndex: updateToMax old=2, new=-1, updated? false
2022-08-02 21:05:55,373 [grpc-default-executor-0] DEBUG leader.FollowerInfo (FollowerInfoImpl.java:lambda$new$1(49)) - s0@group-DBBE7E7C6C61->s2: commitIndex: updateToMax old=1, new=1, updated? false
2022-08-02 21:05:55,373 [grpc-default-executor-0] DEBUG leader.FollowerInfo (FollowerInfoImpl.java:lambda$new$1(49)) - s0@group-DBBE7E7C6C61->s2: matchIndex: updateToMax old=2, new=-1, updated? false
2022-08-02 21:05:55,374 [grpc-default-executor-3] DEBUG leader.FollowerInfo (FollowerInfoImpl.java:lambda$new$1(49)) - s0@group-DBBE7E7C6C61->s1: commitIndex: updateToMax old=1, new=1, updated? false
2022-08-02 21:05:55,374 [grpc-default-executor-3] DEBUG leader.FollowerInfo (FollowerInfoImpl.java:lambda$new$1(49)) - s0@group-DBBE7E7C6C61->s1: matchIndex: updateToMax old=2, new=-1, updated? false
2022-08-02 21:05:55,374 [grpc-default-executor-3] DEBUG leader.FollowerInfo (FollowerInfoImpl.java:lambda$new$1(49)) - s0@group-DBBE7E7C6C61->s2: commitIndex: updateToMax old=1, new=1, updated? false
2022-08-02 21:05:55,375 [grpc-default-executor-3] DEBUG leader.FollowerInfo (FollowerInfoImpl.java:lambda$new$1(49)) - s0@group-DBBE7E7C6C61->s2: matchIndex: updateToMax old=2, new=-1, updated? false
2022-08-02 21:05:55,377 [grpc-default-executor-0] DEBUG leader.FollowerInfo (FollowerInfoImpl.java:lambda$new$1(49)) - s0@group-DBBE7E7C6C61->s1: commitIndex: updateToMax old=1, new=1, updated? false
2022-08-02 21:05:55,377 [grpc-default-executor-0] DEBUG leader.FollowerInfo (FollowerInfoImpl.java:lambda$new$1(49)) - s0@group-DBBE7E7C6C61->s1: matchIndex: updateToMax old=2, new=-1, updated? false
2022-08-02 21:05:55,378 [grpc-default-executor-3] DEBUG leader.FollowerInfo (FollowerInfoImpl.java:lambda$new$1(49)) - s0@group-DBBE7E7C6C61->s2: commitIndex: updateToMax old=1, new=1, updated? false
2022-08-02 21:05:55,378 [grpc-default-executor-3] DEBUG leader.FollowerInfo (FollowerInfoImpl.java:lambda$new$1(49)) - s0@group-DBBE7E7C6C61->s2: matchIndex: updateToMax old=2, new=-1, updated? false
2022-08-02 21:05:55,378 [grpc-default-executor-0] DEBUG leader.FollowerInfo (FollowerInfoImpl.java:lambda$new$1(49)) - s0@group-DBBE7E7C6C61->s1: commitIndex: updateToMax old=1, new=1, updated? false
2022-08-02 21:05:55,378 [grpc-default-executor-0] DEBUG leader.FollowerInfo (FollowerInfoImpl.java:lambda$new$1(49)) - s0@group-DBBE7E7C6C61->s1: matchIndex: updateToMax old=2, new=-1, updated? false
2022-08-02 21:05:55,380 [grpc-default-executor-3] DEBUG leader.FollowerInfo (FollowerInfoImpl.java:lambda$new$1(49)) - s0@group-DBBE7E7C6C61->s2: commitIndex: updateToMax old=1, new=1, updated? false
2022-08-02 21:05:55,380 [grpc-default-executor-3] DEBUG leader.FollowerInfo (FollowerInfoImpl.java:lambda$new$1(49)) - s0@group-DBBE7E7C6C61->s2: matchIndex: updateToMax old=2, new=-1, updated? false
2022-08-02 21:05:55,382 [grpc-default-executor-3] DEBUG leader.FollowerInfo (FollowerInfoImpl.java:lambda$new$1(49)) - s0@group-DBBE7E7C6C61->s1: commitIndex: updateToMax old=1, new=1, updated? false
2022-08-02 21:05:55,382 [grpc-default-executor-3] DEBUG leader.FollowerInfo (FollowerInfoImpl.java:lambda$new$1(49)) - s0@group-DBBE7E7C6C61->s1: matchIndex: updateToMax old=2, new=-1, updated? false
2022-08-02 21:05:55,383 [grpc-default-executor-0] DEBUG leader.FollowerInfo (FollowerInfoImpl.java:lambda$new$1(49)) - s0@group-DBBE7E7C6C61->s2: commitIndex: updateToMax old=1, new=1, updated? false
2022-08-02 21:05:55,383 [grpc-default-executor-0] DEBUG leader.FollowerInfo (FollowerInfoImpl.java:lambda$new$1(49)) - s0@group-DBBE7E7C6C61->s2: matchIndex: updateToMax old=2, new=-1, updated? false
2022-08-02 21:05:55,384 [grpc-default-executor-0] DEBUG leader.FollowerInfo (FollowerInfoImpl.java:lambda$new$1(49)) - s0@group-DBBE7E7C6C61->s2: commitIndex: updateToMax old=1, new=1, updated? false
2022-08-02 21:05:55,384 [grpc-default-executor-0] DEBUG leader.FollowerInfo (FollowerInfoImpl.java:lambda$new$1(49)) - s0@group-DBBE7E7C6C61->s2: matchIndex: updateToMax old=2, new=-1, updated? false
2022-08-02 21:05:55,385 [grpc-default-executor-3] DEBUG leader.FollowerInfo (FollowerInfoImpl.java:lambda$new$1(49)) - s0@group-DBBE7E7C6C61->s1: commitIndex: updateToMax old=1, new=1, updated? false
2022-08-02 21:05:55,385 [grpc-default-executor-3] DEBUG leader.FollowerInfo (FollowerInfoImpl.java:lambda$new$1(49)) - s0@group-DBBE7E7C6C61->s1: matchIndex: updateToMax old=2, new=-1, updated? false
2022-08-02 21:05:55,386 [grpc-default-executor-0] DEBUG leader.FollowerInfo (FollowerInfoImpl.java:lambda$new$1(49)) - s0@group-DBBE7E7C6C61->s2: commitIndex: updateToMax old=1, new=1, updated? false
2022-08-02 21:05:55,386 [grpc-default-executor-0] DEBUG leader.FollowerInfo (FollowerInfoImpl.java:lambda$new$1(49)) - s0@group-DBBE7E7C6C61->s2: matchIndex: updateToMax old=2, new=-1, updated? false
2022-08-02 21:05:55,386 [grpc-default-executor-3] DEBUG leader.FollowerInfo (FollowerInfoImpl.java:lambda$new$1(49)) - s0@group-DBBE7E7C6C61->s1: commitIndex: updateToMax old=1, new=1, updated? false
2022-08-02 21:05:55,386 [grpc-default-executor-3] DEBUG leader.FollowerInfo (FollowerInfoImpl.java:lambda$new$1(49)) - s0@group-DBBE7E7C6C61->s1: matchIndex: updateToMax old=2, new=-1, updated? false
2022-08-02 21:05:55,387 [grpc-default-executor-0] DEBUG leader.FollowerInfo (FollowerInfoImpl.java:lambda$new$1(49)) - s0@group-DBBE7E7C6C61->s2: commitIndex: updateToMax old=1, new=1, updated? false
2022-08-02 21:05:55,387 [grpc-default-executor-0] DEBUG leader.FollowerInfo (FollowerInfoImpl.java:lambda$new$1(49)) - s0@group-DBBE7E7C6C61->s2: matchIndex: updateToMax old=2, new=-1, updated? false
2022-08-02 21:05:55,388 [grpc-default-executor-3] DEBUG leader.FollowerInfo (FollowerInfoImpl.java:lambda$new$1(49)) - s0@group-DBBE7E7C6C61->s1: commitIndex: updateToMax old=1, new=1, updated? false
2022-08-02 21:05:55,388 [grpc-default-executor-3] DEBUG leader.FollowerInfo (FollowerInfoImpl.java:lambda$new$1(49)) - s0@group-DBBE7E7C6C61->s1: matchIndex: updateToMax old=2, new=-1, updated? false
2022-08-02 21:05:55,389 [grpc-default-executor-0] DEBUG leader.FollowerInfo (FollowerInfoImpl.java:lambda$new$1(49)) - s0@group-DBBE7E7C6C61->s2: commitIndex: updateToMax old=1, new=1, updated? false
2022-08-02 21:05:55,389 [grpc-default-executor-0] DEBUG leader.FollowerInfo (FollowerInfoImpl.java:lambda$new$1(49)) - s0@group-DBBE7E7C6C61->s2: matchIndex: updateToMax old=2, new=-1, updated? false
2022-08-02 21:05:55,389 [grpc-default-executor-3] DEBUG leader.FollowerInfo (FollowerInfoImpl.java:lambda$new$1(49)) - s0@group-DBBE7E7C6C61->s1: commitIndex: updateToMax old=1, new=1, updated? false
2022-08-02 21:05:55,390 [grpc-default-executor-3] DEBUG leader.FollowerInfo (FollowerInfoImpl.java:lambda$new$1(49)) - s0@group-DBBE7E7C6C61->s1: matchIndex: updateToMax old=2, new=-1, updated? false
2022-08-02 21:05:55,390 [grpc-default-executor-0] DEBUG leader.FollowerInfo (FollowerInfoImpl.java:lambda$new$1(49)) - s0@group-DBBE7E7C6C61->s2: commitIndex: updateToMax old=1, new=1, updated? false
2022-08-02 21:05:55,390 [grpc-default-executor-0] DEBUG leader.FollowerInfo (FollowerInfoImpl.java:lambda$new$1(49)) - s0@group-DBBE7E7C6C61->s2: matchIndex: updateToMax old=2, new=-1, updated? false
2022-08-02 21:05:55,391 [grpc-default-executor-3] DEBUG leader.FollowerInfo (FollowerInfoImpl.java:lambda$new$1(49)) - s0@group-DBBE7E7C6C61->s1: commitIndex: updateToMax old=1, new=1, updated? false
2022-08-02 21:05:55,391 [grpc-default-executor-3] DEBUG leader.FollowerInfo (FollowerInfoImpl.java:lambda$new$1(49)) - s0@group-DBBE7E7C6C61->s1: matchIndex: updateToMax old=2, new=-1, updated? false
2022-08-02 21:05:55,392 [grpc-default-executor-0] DEBUG leader.FollowerInfo (FollowerInfoImpl.java:lambda$new$1(49)) - s0@group-DBBE7E7C6C61->s2: commitIndex: updateToMax old=1, new=1, updated? false
2022-08-02 21:05:55,392 [grpc-default-executor-0] DEBUG leader.FollowerInfo (FollowerInfoImpl.java:lambda$new$1(49)) - s0@group-DBBE7E7C6C61->s2: matchIndex: updateToMax old=2, new=-1, updated? false
2022-08-02 21:05:55,393 [grpc-default-executor-3] DEBUG leader.FollowerInfo (FollowerInfoImpl.java:lambda$new$1(49)) - s0@group-DBBE7E7C6C61->s1: commitIndex: updateToMax old=1, new=1, updated? false
2022-08-02 21:05:55,393 [grpc-default-executor-3] DEBUG leader.FollowerInfo (FollowerInfoImpl.java:lambda$new$1(49)) - s0@group-DBBE7E7C6C61->s1: matchIndex: updateToMax old=2, new=-1, updated? false
2022-08-02 21:05:55,393 [grpc-default-executor-0] DEBUG leader.FollowerInfo (FollowerInfoImpl.java:lambda$new$1(49)) - s0@group-DBBE7E7C6C61->s2: commitIndex: updateToMax old=1, new=1, updated? false
2022-08-02 21:05:55,393 [grpc-default-executor-0] DEBUG leader.FollowerInfo (FollowerInfoImpl.java:lambda$new$1(49)) - s0@group-DBBE7E7C6C61->s2: matchIndex: updateToMax old=2, new=-1, updated? false
2022-08-02 21:05:55,394 [grpc-default-executor-3] DEBUG leader.FollowerInfo (FollowerInfoImpl.java:lambda$new$1(49)) - s0@group-DBBE7E7C6C61->s1: commitIndex: updateToMax old=1, new=1, updated? false
2022-08-02 21:05:55,394 [grpc-default-executor-3] DEBUG leader.FollowerInfo (FollowerInfoImpl.java:lambda$new$1(49)) - s0@group-DBBE7E7C6C61->s1: matchIndex: updateToMax old=2, new=-1, updated? false
2022-08-02 21:05:55,395 [grpc-default-executor-0] DEBUG leader.FollowerInfo (FollowerInfoImpl.java:lambda$new$1(49)) - s0@group-DBBE7E7C6C61->s2: commitIndex: updateToMax old=1, new=1, updated? false
2022-08-02 21:05:55,395 [grpc-default-executor-0] DEBUG leader.FollowerInfo (FollowerInfoImpl.java:lambda$new$1(49)) - s0@group-DBBE7E7C6C61->s2: matchIndex: updateToMax old=2, new=-1, updated? false
2022-08-02 21:05:55,396 [grpc-default-executor-3] DEBUG leader.FollowerInfo (FollowerInfoImpl.java:lambda$new$1(49)) - s0@group-DBBE7E7C6C61->s1: commitIndex: updateToMax old=1, new=1, updated? false
2022-08-02 21:05:55,396 [grpc-default-executor-3] DEBUG leader.FollowerInfo (FollowerInfoImpl.java:lambda$new$1(49)) - s0@group-DBBE7E7C6C61->s1: matchIndex: updateToMax old=2, new=-1, updated? false
2022-08-02 21:05:55,396 [grpc-default-executor-0] DEBUG leader.FollowerInfo (FollowerInfoImpl.java:lambda$new$1(49)) - s0@group-DBBE7E7C6C61->s2: commitIndex: updateToMax old=1, new=1, updated? false
2022-08-02 21:05:55,397 [grpc-default-executor-0] DEBUG leader.FollowerInfo (FollowerInfoImpl.java:lambda$new$1(49)) - s0@group-DBBE7E7C6C61->s2: matchIndex: updateToMax old=2, new=-1, updated? false
2022-08-02 21:05:55,397 [grpc-default-executor-3] DEBUG leader.FollowerInfo (FollowerInfoImpl.java:lambda$new$1(49)) - s0@group-DBBE7E7C6C61->s1: commitIndex: updateToMax old=1, new=1, updated? false
2022-08-02 21:05:55,397 [grpc-default-executor-3] DEBUG leader.FollowerInfo (FollowerInfoImpl.java:lambda$new$1(49)) - s0@group-DBBE7E7C6C61->s1: matchIndex: updateToMax old=2, new=-1, updated? false
2022-08-02 21:05:55,398 [grpc-default-executor-0] DEBUG leader.FollowerInfo (FollowerInfoImpl.java:lambda$new$1(49)) - s0@group-DBBE7E7C6C61->s2: commitIndex: updateToMax old=1, new=1, updated? false
2022-08-02 21:05:55,398 [grpc-default-executor-0] DEBUG leader.FollowerInfo (FollowerInfoImpl.java:lambda$new$1(49)) - s0@group-DBBE7E7C6C61->s2: matchIndex: updateToMax old=2, new=-1, updated? false
2022-08-02 21:05:55,399 [grpc-default-executor-3] DEBUG leader.FollowerInfo (FollowerInfoImpl.java:lambda$new$1(49)) - s0@group-DBBE7E7C6C61->s1: commitIndex: updateToMax old=1, new=1, updated? false
2022-08-02 21:05:55,399 [grpc-default-executor-3] DEBUG leader.FollowerInfo (FollowerInfoImpl.java:lambda$new$1(49)) - s0@group-DBBE7E7C6C61->s1: matchIndex: updateToMax old=2, new=-1, updated? false
2022-08-02 21:05:55,400 [grpc-default-executor-0] DEBUG leader.FollowerInfo (FollowerInfoImpl.java:lambda$new$1(49)) - s0@group-DBBE7E7C6C61->s2: commitIndex: updateToMax old=1, new=1, updated? false
2022-08-02 21:05:55,400 [grpc-default-executor-0] DEBUG leader.FollowerInfo (FollowerInfoImpl.java:lambda$new$1(49)) - s0@group-DBBE7E7C6C61->s2: matchIndex: updateToMax old=2, new=-1, updated? false
2022-08-02 21:05:55,400 [grpc-default-executor-3] DEBUG leader.FollowerInfo (FollowerInfoImpl.java:lambda$new$1(49)) - s0@group-DBBE7E7C6C61->s1: commitIndex: updateToMax old=1, new=1, updated? false
2022-08-02 21:05:55,400 [grpc-default-executor-3] DEBUG leader.FollowerInfo (FollowerInfoImpl.java:lambda$new$1(49)) - s0@group-DBBE7E7C6C61->s1: matchIndex: updateToMax old=2, new=-1, updated? false
2022-08-02 21:05:55,401 [grpc-default-executor-0] DEBUG leader.FollowerInfo (FollowerInfoImpl.java:lambda$new$1(49)) - s0@group-DBBE7E7C6C61->s2: commitIndex: updateToMax old=1, new=1, updated? false
2022-08-02 21:05:55,401 [grpc-default-executor-0] DEBUG leader.FollowerInfo (FollowerInfoImpl.java:lambda$new$1(49)) - s0@group-DBBE7E7C6C61->s2: matchIndex: updateToMax old=2, new=-1, updated? false
2022-08-02 21:05:55,402 [grpc-default-executor-3] DEBUG leader.FollowerInfo (FollowerInfoImpl.java:lambda$new$1(49)) - s0@group-DBBE7E7C6C61->s1: commitIndex: updateToMax old=1, new=1, updated? false
2022-08-02 21:05:55,402 [grpc-default-executor-3] DEBUG leader.FollowerInfo (FollowerInfoImpl.java:lambda$new$1(49)) - s0@group-DBBE7E7C6C61->s1: matchIndex: updateToMax old=2, new=-1, updated? false
2022-08-02 21:05:55,403 [grpc-default-executor-0] DEBUG leader.FollowerInfo (FollowerInfoImpl.java:lambda$new$1(49)) - s0@group-DBBE7E7C6C61->s2: commitIndex: updateToMax old=1, new=1, updated? false
2022-08-02 21:05:55,403 [grpc-default-executor-0] DEBUG leader.FollowerInfo (FollowerInfoImpl.java:lambda$new$1(49)) - s0@group-DBBE7E7C6C61->s2: matchIndex: updateToMax old=2, new=-1, updated? false
2022-08-02 21:05:55,403 [grpc-default-executor-3] DEBUG leader.FollowerInfo (FollowerInfoImpl.java:lambda$new$1(49)) - s0@group-DBBE7E7C6C61->s1: commitIndex: updateToMax old=1, new=1, updated? false
2022-08-02 21:05:55,403 [grpc-default-executor-3] DEBUG leader.FollowerInfo (FollowerInfoImpl.java:lambda$new$1(49)) - s0@group-DBBE7E7C6C61->s1: matchIndex: updateToMax old=2, new=-1, updated? false
2022-08-02 21:05:55,404 [grpc-default-executor-0] DEBUG leader.FollowerInfo (FollowerInfoImpl.java:lambda$new$1(49)) - s0@group-DBBE7E7C6C61->s2: commitIndex: updateToMax old=1, new=1, updated? false
2022-08-02 21:05:55,404 [grpc-default-executor-0] DEBUG leader.FollowerInfo (FollowerInfoImpl.java:lambda$new$1(49)) - s0@group-DBBE7E7C6C61->s2: matchIndex: updateToMax old=2, new=-1, updated? false
2022-08-02 21:05:55,405 [grpc-default-executor-3] DEBUG leader.FollowerInfo (FollowerInfoImpl.java:lambda$new$1(49)) - s0@group-DBBE7E7C6C61->s1: commitIndex: updateToMax old=1, new=1, updated? false
2022-08-02 21:05:55,405 [grpc-default-executor-3] DEBUG leader.FollowerInfo (FollowerInfoImpl.java:lambda$new$1(49)) - s0@group-DBBE7E7C6C61->s1: matchIndex: updateToMax old=2, new=-1, updated? false
2022-08-02 21:05:55,406 [grpc-default-executor-0] DEBUG leader.FollowerInfo (FollowerInfoImpl.java:lambda$new$1(49)) - s0@group-DBBE7E7C6C61->s2: commitIndex: updateToMax old=1, new=1, updated? false
2022-08-02 21:05:55,406 [grpc-default-executor-0] DEBUG leader.FollowerInfo (FollowerInfoImpl.java:lambda$new$1(49)) - s0@group-DBBE7E7C6C61->s2: matchIndex: updateToMax old=2, new=-1, updated? false
2022-08-02 21:05:55,406 [grpc-default-executor-3] DEBUG leader.FollowerInfo (FollowerInfoImpl.java:lambda$new$1(49)) - s0@group-DBBE7E7C6C61->s1: commitIndex: updateToMax old=1, new=1, updated? false
2022-08-02 21:05:55,407 [grpc-default-executor-3] DEBUG leader.FollowerInfo (FollowerInfoImpl.java:lambda$new$1(49)) - s0@group-DBBE7E7C6C61->s1: matchIndex: updateToMax old=2, new=-1, updated? false
2022-08-02 21:05:55,407 [grpc-default-executor-0] DEBUG leader.FollowerInfo (FollowerInfoImpl.java:lambda$new$1(49)) - s0@group-DBBE7E7C6C61->s2: commitIndex: updateToMax old=1, new=1, updated? false
2022-08-02 21:05:55,407 [grpc-default-executor-0] DEBUG leader.FollowerInfo (FollowerInfoImpl.java:lambda$new$1(49)) - s0@group-DBBE7E7C6C61->s2: matchIndex: updateToMax old=2, new=-1, updated? false
2022-08-02 21:05:55,408 [grpc-default-executor-3] DEBUG leader.FollowerInfo (FollowerInfoImpl.java:lambda$new$1(49)) - s0@group-DBBE7E7C6C61->s1: commitIndex: updateToMax old=1, new=1, updated? false
2022-08-02 21:05:55,408 [grpc-default-executor-3] DEBUG leader.FollowerInfo (FollowerInfoImpl.java:lambda$new$1(49)) - s0@group-DBBE7E7C6C61->s1: matchIndex: updateToMax old=2, new=-1, updated? false
2022-08-02 21:05:55,409 [grpc-default-executor-0] DEBUG leader.FollowerInfo (FollowerInfoImpl.java:lambda$new$1(49)) - s0@group-DBBE7E7C6C61->s2: commitIndex: updateToMax old=1, new=1, updated? false
2022-08-02 21:05:55,409 [grpc-default-executor-0] DEBUG leader.FollowerInfo (FollowerInfoImpl.java:lambda$new$1(49)) - s0@group-DBBE7E7C6C61->s2: matchIndex: updateToMax old=2, new=-1, updated? false
2022-08-02 21:05:55,409 [grpc-default-executor-3] DEBUG leader.FollowerInfo (FollowerInfoImpl.java:lambda$new$1(49)) - s0@group-DBBE7E7C6C61->s1: commitIndex: updateToMax old=1, new=1, updated? false
2022-08-02 21:05:55,409 [grpc-default-executor-3] DEBUG leader.FollowerInfo (FollowerInfoImpl.java:lambda$new$1(49)) - s0@group-DBBE7E7C6C61->s1: matchIndex: updateToMax old=2, new=-1, updated? false
2022-08-02 21:05:55,410 [grpc-default-executor-0] DEBUG leader.FollowerInfo (FollowerInfoImpl.java:lambda$new$1(49)) - s0@group-DBBE7E7C6C61->s2: commitIndex: updateToMax old=1, new=1, updated? false
2022-08-02 21:05:55,410 [grpc-default-executor-0] DEBUG leader.FollowerInfo (FollowerInfoImpl.java:lambda$new$1(49)) - s0@group-DBBE7E7C6C61->s2: matchIndex: updateToMax old=2, new=-1, updated? false
2022-08-02 21:05:55,411 [grpc-default-executor-3] DEBUG leader.FollowerInfo (FollowerInfoImpl.java:lambda$new$1(49)) - s0@group-DBBE7E7C6C61->s1: commitIndex: updateToMax old=1, new=1, updated? false
2022-08-02 21:05:55,411 [grpc-default-executor-3] DEBUG leader.FollowerInfo (FollowerInfoImpl.java:lambda$new$1(49)) - s0@group-DBBE7E7C6C61->s1: matchIndex: updateToMax old=2, new=-1, updated? false
2022-08-02 21:05:55,412 [grpc-default-executor-0] DEBUG leader.FollowerInfo (FollowerInfoImpl.java:lambda$new$1(49)) - s0@group-DBBE7E7C6C61->s2: commitIndex: updateToMax old=1, new=1, updated? false
2022-08-02 21:05:55,412 [grpc-default-executor-0] DEBUG leader.FollowerInfo (FollowerInfoImpl.java:lambda$new$1(49)) - s0@group-DBBE7E7C6C61->s2: matchIndex: updateToMax old=2, new=-1, updated? false
2022-08-02 21:05:55,412 [grpc-default-executor-3] DEBUG leader.FollowerInfo (FollowerInfoImpl.java:lambda$new$1(49)) - s0@group-DBBE7E7C6C61->s1: commitIndex: updateToMax old=1, new=1, updated? false
2022-08-02 21:05:55,412 [grpc-default-executor-3] DEBUG leader.FollowerInfo (FollowerInfoImpl.java:lambda$new$1(49)) - s0@group-DBBE7E7C6C61->s1: matchIndex: updateToMax old=2, new=-1, updated? false
2022-08-02 21:05:55,413 [grpc-default-executor-0] DEBUG leader.FollowerInfo (FollowerInfoImpl.java:lambda$new$1(49)) - s0@group-DBBE7E7C6C61->s2: commitIndex: updateToMax old=1, new=1, updated? false
2022-08-02 21:05:55,413 [grpc-default-executor-0] DEBUG leader.FollowerInfo (FollowerInfoImpl.java:lambda$new$1(49)) - s0@group-DBBE7E7C6C61->s2: matchIndex: updateToMax old=2, new=-1, updated? false
2022-08-02 21:05:55,414 [grpc-default-executor-3] DEBUG leader.FollowerInfo (FollowerInfoImpl.java:lambda$new$1(49)) - s0@group-DBBE7E7C6C61->s1: commitIndex: updateToMax old=1, new=1, updated? false
2022-08-02 21:05:55,414 [grpc-default-executor-3] DEBUG leader.FollowerInfo (FollowerInfoImpl.java:lambda$new$1(49)) - s0@group-DBBE7E7C6C61->s1: matchIndex: updateToMax old=2, new=-1, updated? false
2022-08-02 21:05:55,415 [grpc-default-executor-0] DEBUG leader.FollowerInfo (FollowerInfoImpl.java:lambda$new$1(49)) - s0@group-DBBE7E7C6C61->s2: commitIndex: updateToMax old=1, new=1, updated? false
2022-08-02 21:05:55,415 [grpc-default-executor-0] DEBUG leader.FollowerInfo (FollowerInfoImpl.java:lambda$new$1(49)) - s0@group-DBBE7E7C6C61->s2: matchIndex: updateToMax old=2, new=-1, updated? false
2022-08-02 21:05:55,415 [grpc-default-executor-3] DEBUG leader.FollowerInfo (FollowerInfoImpl.java:lambda$new$1(49)) - s0@group-DBBE7E7C6C61->s1: commitIndex: updateToMax old=1, new=1, updated? false
2022-08-02 21:05:55,415 [grpc-default-executor-3] DEBUG leader.FollowerInfo (FollowerInfoImpl.java:lambda$new$1(49)) - s0@group-DBBE7E7C6C61->s1: matchIndex: updateToMax old=2, new=-1, updated? false
2022-08-02 21:05:55,416 [grpc-default-executor-0] DEBUG leader.FollowerInfo (FollowerInfoImpl.java:lambda$new$1(49)) - s0@group-DBBE7E7C6C61->s2: commitIndex: updateToMax old=1, new=1, updated? false
2022-08-02 21:05:55,416 [grpc-default-executor-0] DEBUG leader.FollowerInfo (FollowerInfoImpl.java:lambda$new$1(49)) - s0@group-DBBE7E7C6C61->s2: matchIndex: updateToMax old=2, new=-1, updated? false
2022-08-02 21:05:55,417 [grpc-default-executor-3] DEBUG leader.FollowerInfo (FollowerInfoImpl.java:lambda$new$1(49)) - s0@group-DBBE7E7C6C61->s1: commitIndex: updateToMax old=1, new=1, updated? false
2022-08-02 21:05:55,417 [grpc-default-executor-3] DEBUG leader.FollowerInfo (FollowerInfoImpl.java:lambda$new$1(49)) - s0@group-DBBE7E7C6C61->s1: matchIndex: updateToMax old=2, new=-1, updated? false
2022-08-02 21:05:55,418 [grpc-default-executor-0] DEBUG leader.FollowerInfo (FollowerInfoImpl.java:lambda$new$1(49)) - s0@group-DBBE7E7C6C61->s2: commitIndex: updateToMax old=1, new=1, updated? false
2022-08-02 21:05:55,418 [grpc-default-executor-0] DEBUG leader.FollowerInfo (FollowerInfoImpl.java:lambda$new$1(49)) - s0@group-DBBE7E7C6C61->s2: matchIndex: updateToMax old=2, new=-1, updated? false
2022-08-02 21:05:55,418 [grpc-default-executor-3] DEBUG leader.FollowerInfo (FollowerInfoImpl.java:lambda$new$1(49)) - s0@group-DBBE7E7C6C61->s1: commitIndex: updateToMax old=1, new=1, updated? false
2022-08-02 21:05:55,418 [grpc-default-executor-3] DEBUG leader.FollowerInfo (FollowerInfoImpl.java:lambda$new$1(49)) - s0@group-DBBE7E7C6C61->s1: matchIndex: updateToMax old=2, new=-1, updated? false
2022-08-02 21:05:55,419 [grpc-default-executor-0] DEBUG leader.FollowerInfo (FollowerInfoImpl.java:lambda$new$1(49)) - s0@group-DBBE7E7C6C61->s2: commitIndex: updateToMax old=1, new=1, updated? false
2022-08-02 21:05:55,419 [grpc-default-executor-0] DEBUG leader.FollowerInfo (FollowerInfoImpl.java:lambda$new$1(49)) - s0@group-DBBE7E7C6C61->s2: matchIndex: updateToMax old=2, new=-1, updated? false
2022-08-02 21:05:55,420 [grpc-default-executor-3] DEBUG leader.FollowerInfo (FollowerInfoImpl.java:lambda$new$1(49)) - s0@group-DBBE7E7C6C61->s1: commitIndex: updateToMax old=1, new=1, updated? false
2022-08-02 21:05:55,420 [grpc-default-executor-3] DEBUG leader.FollowerInfo (FollowerInfoImpl.java:lambda$new$1(49)) - s0@group-DBBE7E7C6C61->s1: matchIndex: updateToMax old=2, new=-1, updated? false
2022-08-02 21:05:55,421 [grpc-default-executor-0] DEBUG leader.FollowerInfo (FollowerInfoImpl.java:lambda$new$1(49)) - s0@group-DBBE7E7C6C61->s2: commitIndex: updateToMax old=1, new=1, updated? false
2022-08-02 21:05:55,421 [grpc-default-executor-0] DEBUG leader.FollowerInfo (FollowerInfoImpl.java:lambda$new$1(49)) - s0@group-DBBE7E7C6C61->s2: matchIndex: updateToMax old=2, new=-1, updated? false
2022-08-02 21:05:55,421 [grpc-default-executor-3] DEBUG leader.FollowerInfo (FollowerInfoImpl.java:lambda$new$1(49)) - s0@group-DBBE7E7C6C61->s1: commitIndex: updateToMax old=1, new=1, updated? false
2022-08-02 21:05:55,421 [grpc-default-executor-3] DEBUG leader.FollowerInfo (FollowerInfoImpl.java:lambda$new$1(49)) - s0@group-DBBE7E7C6C61->s1: matchIndex: updateToMax old=2, new=-1, updated? false
2022-08-02 21:05:55,422 [grpc-default-executor-0] DEBUG leader.FollowerInfo (FollowerInfoImpl.java:lambda$new$1(49)) - s0@group-DBBE7E7C6C61->s2: commitIndex: updateToMax old=1, new=1, updated? false
2022-08-02 21:05:55,422 [grpc-default-executor-0] DEBUG leader.FollowerInfo (FollowerInfoImpl.java:lambda$new$1(49)) - s0@group-DBBE7E7C6C61->s2: matchIndex: updateToMax old=2, new=-1, updated? false
2022-08-02 21:05:55,423 [grpc-default-executor-3] DEBUG leader.FollowerInfo (FollowerInfoImpl.java:lambda$new$1(49)) - s0@group-DBBE7E7C6C61->s1: commitIndex: updateToMax old=1, new=1, updated? false
2022-08-02 21:05:55,423 [grpc-default-executor-3] DEBUG leader.FollowerInfo (FollowerInfoImpl.java:lambda$new$1(49)) - s0@group-DBBE7E7C6C61->s1: matchIndex: updateToMax old=2, new=-1, updated? false
2022-08-02 21:05:55,424 [grpc-default-executor-0] DEBUG leader.FollowerInfo (FollowerInfoImpl.java:lambda$new$1(49)) - s0@group-DBBE7E7C6C61->s2: commitIndex: updateToMax old=1, new=1, updated? false
2022-08-02 21:05:55,424 [grpc-default-executor-0] DEBUG leader.FollowerInfo (FollowerInfoImpl.java:lambda$new$1(49)) - s0@group-DBBE7E7C6C61->s2: matchIndex: updateToMax old=2, new=-1, updated? false
2022-08-02 21:05:55,425 [grpc-default-executor-3] DEBUG leader.FollowerInfo (FollowerInfoImpl.java:lambda$new$1(49)) - s0@group-DBBE7E7C6C61->s1: commitIndex: updateToMax old=1, new=1, updated? false
2022-08-02 21:05:55,425 [grpc-default-executor-3] DEBUG leader.FollowerInfo (FollowerInfoImpl.java:lambda$new$1(49)) - s0@group-DBBE7E7C6C61->s1: matchIndex: updateToMax old=2, new=-1, updated? false
2022-08-02 21:05:55,425 [grpc-default-executor-0] DEBUG leader.FollowerInfo (FollowerInfoImpl.java:lambda$new$1(49)) - s0@group-DBBE7E7C6C61->s2: commitIndex: updateToMax old=1, new=1, updated? false
2022-08-02 21:05:55,425 [grpc-default-executor-0] DEBUG leader.FollowerInfo (FollowerInfoImpl.java:lambda$new$1(49)) - s0@group-DBBE7E7C6C61->s2: matchIndex: updateToMax old=2, new=-1, updated? false
2022-08-02 21:05:55,426 [grpc-default-executor-3] DEBUG leader.FollowerInfo (FollowerInfoImpl.java:lambda$new$1(49)) - s0@group-DBBE7E7C6C61->s1: commitIndex: updateToMax old=1, new=1, updated? false
2022-08-02 21:05:55,426 [grpc-default-executor-3] DEBUG leader.FollowerInfo (FollowerInfoImpl.java:lambda$new$1(49)) - s0@group-DBBE7E7C6C61->s1: matchIndex: updateToMax old=2, new=-1, updated? false
2022-08-02 21:05:55,427 [grpc-default-executor-0] DEBUG leader.FollowerInfo (FollowerInfoImpl.java:lambda$new$1(49)) - s0@group-DBBE7E7C6C61->s2: commitIndex: updateToMax old=1, new=1, updated? false
2022-08-02 21:05:55,427 [grpc-default-executor-0] DEBUG leader.FollowerInfo (FollowerInfoImpl.java:lambda$new$1(49)) - s0@group-DBBE7E7C6C61->s2: matchIndex: updateToMax old=2, new=-1, updated? false
2022-08-02 21:05:55,428 [grpc-default-executor-3] DEBUG leader.FollowerInfo (FollowerInfoImpl.java:lambda$new$1(49)) - s0@group-DBBE7E7C6C61->s1: commitIndex: updateToMax old=1, new=1, updated? false
2022-08-02 21:05:55,428 [grpc-default-executor-3] DEBUG leader.FollowerInfo (FollowerInfoImpl.java:lambda$new$1(49)) - s0@group-DBBE7E7C6C61->s1: matchIndex: updateToMax old=2, new=-1, updated? false
2022-08-02 21:05:55,428 [grpc-default-executor-0] DEBUG leader.FollowerInfo (FollowerInfoImpl.java:lambda$new$1(49)) - s0@group-DBBE7E7C6C61->s2: commitIndex: updateToMax old=1, new=1, updated? false
2022-08-02 21:05:55,428 [grpc-default-executor-0] DEBUG leader.FollowerInfo (FollowerInfoImpl.java:lambda$new$1(49)) - s0@group-DBBE7E7C6C61->s2: matchIndex: updateToMax old=2, new=-1, updated? false
2022-08-02 21:05:55,429 [grpc-default-executor-3] DEBUG leader.FollowerInfo (FollowerInfoImpl.java:lambda$new$1(49)) - s0@group-DBBE7E7C6C61->s1: commitIndex: updateToMax old=1, new=1, updated? false
2022-08-02 21:05:55,429 [grpc-default-executor-3] DEBUG leader.FollowerInfo (FollowerInfoImpl.java:lambda$new$1(49)) - s0@group-DBBE7E7C6C61->s1: matchIndex: updateToMax old=2, new=-1, updated? false
2022-08-02 21:05:55,430 [grpc-default-executor-0] DEBUG leader.FollowerInfo (FollowerInfoImpl.java:lambda$new$1(49)) - s0@group-DBBE7E7C6C61->s2: commitIndex: updateToMax old=1, new=1, updated? false
2022-08-02 21:05:55,430 [grpc-default-executor-0] DEBUG leader.FollowerInfo (FollowerInfoImpl.java:lambda$new$1(49)) - s0@group-DBBE7E7C6C61->s2: matchIndex: updateToMax old=2, new=-1, updated? false
2022-08-02 21:05:55,431 [grpc-default-executor-3] DEBUG leader.FollowerInfo (FollowerInfoImpl.java:lambda$new$1(49)) - s0@group-DBBE7E7C6C61->s1: commitIndex: updateToMax old=1, new=1, updated? false
2022-08-02 21:05:55,431 [grpc-default-executor-3] DEBUG leader.FollowerInfo (FollowerInfoImpl.java:lambda$new$1(49)) - s0@group-DBBE7E7C6C61->s1: matchIndex: updateToMax old=2, new=-1, updated? false
2022-08-02 21:05:55,431 [grpc-default-executor-0] DEBUG leader.FollowerInfo (FollowerInfoImpl.java:lambda$new$1(49)) - s0@group-DBBE7E7C6C61->s2: commitIndex: updateToMax old=1, new=1, updated? false
2022-08-02 21:05:55,431 [grpc-default-executor-0] DEBUG leader.FollowerInfo (FollowerInfoImpl.java:lambda$new$1(49)) - s0@group-DBBE7E7C6C61->s2: matchIndex: updateToMax old=2, new=-1, updated? false
2022-08-02 21:05:55,432 [grpc-default-executor-3] DEBUG leader.FollowerInfo (FollowerInfoImpl.java:lambda$new$1(49)) - s0@group-DBBE7E7C6C61->s1: commitIndex: updateToMax old=1, new=1, updated? false
2022-08-02 21:05:55,432 [grpc-default-executor-3] DEBUG leader.FollowerInfo (FollowerInfoImpl.java:lambda$new$1(49)) - s0@group-DBBE7E7C6C61->s1: matchIndex: updateToMax old=2, new=-1, updated? false
2022-08-02 21:05:55,433 [grpc-default-executor-0] DEBUG leader.FollowerInfo (FollowerInfoImpl.java:lambda$new$1(49)) - s0@group-DBBE7E7C6C61->s2: commitIndex: updateToMax old=1, new=1, updated? false
2022-08-02 21:05:55,433 [grpc-default-executor-0] DEBUG leader.FollowerInfo (FollowerInfoImpl.java:lambda$new$1(49)) - s0@group-DBBE7E7C6C61->s2: matchIndex: updateToMax old=2, new=-1, updated? false
2022-08-02 21:05:55,433 [grpc-default-executor-3] DEBUG leader.FollowerInfo (FollowerInfoImpl.java:lambda$new$1(49)) - s0@group-DBBE7E7C6C61->s1: commitIndex: updateToMax old=1, new=1, updated? false
2022-08-02 21:05:55,434 [grpc-default-executor-3] DEBUG leader.FollowerInfo (FollowerInfoImpl.java:lambda$new$1(49)) - s0@group-DBBE7E7C6C61->s1: matchIndex: updateToMax old=2, new=-1, updated? false
2022-08-02 21:05:55,434 [grpc-default-executor-0] DEBUG leader.FollowerInfo (FollowerInfoImpl.java:lambda$new$1(49)) - s0@group-DBBE7E7C6C61->s2: commitIndex: updateToMax old=1, new=1, updated? false
2022-08-02 21:05:55,434 [grpc-default-executor-0] DEBUG leader.FollowerInfo (FollowerInfoImpl.java:lambda$new$1(49)) - s0@group-DBBE7E7C6C61->s2: matchIndex: updateToMax old=2, new=-1, updated? false
2022-08-02 21:05:55,435 [grpc-default-executor-3] DEBUG leader.FollowerInfo (FollowerInfoImpl.java:lambda$new$1(49)) - s0@group-DBBE7E7C6C61->s1: commitIndex: updateToMax old=1, new=1, updated? false
2022-08-02 21:05:55,435 [grpc-default-executor-3] DEBUG leader.FollowerInfo (FollowerInfoImpl.java:lambda$new$1(49)) - s0@group-DBBE7E7C6C61->s1: matchIndex: updateToMax old=2, new=-1, updated? false
2022-08-02 21:05:55,436 [grpc-default-executor-0] DEBUG leader.FollowerInfo (FollowerInfoImpl.java:lambda$new$1(49)) - s0@group-DBBE7E7C6C61->s2: commitIndex: updateToMax old=1, new=1, updated? false
2022-08-02 21:05:55,436 [grpc-default-executor-0] DEBUG leader.FollowerInfo (FollowerInfoImpl.java:lambda$new$1(49)) - s0@group-DBBE7E7C6C61->s2: matchIndex: updateToMax old=2, new=-1, updated? false
2022-08-02 21:05:55,436 [grpc-default-executor-3] DEBUG leader.FollowerInfo (FollowerInfoImpl.java:lambda$new$1(49)) - s0@group-DBBE7E7C6C61->s1: commitIndex: updateToMax old=1, new=1, updated? false
2022-08-02 21:05:55,437 [grpc-default-executor-3] DEBUG leader.FollowerInfo (FollowerInfoImpl.java:lambda$new$1(49)) - s0@group-DBBE7E7C6C61->s1: matchIndex: updateToMax old=2, new=-1, updated? false
2022-08-02 21:05:55,437 [grpc-default-executor-0] DEBUG leader.FollowerInfo (FollowerInfoImpl.java:lambda$new$1(49)) - s0@group-DBBE7E7C6C61->s2: commitIndex: updateToMax old=1, new=1, updated? false
2022-08-02 21:05:55,437 [grpc-default-executor-0] DEBUG leader.FollowerInfo (FollowerInfoImpl.java:lambda$new$1(49)) - s0@group-DBBE7E7C6C61->s2: matchIndex: updateToMax old=2, new=-1, updated? false
2022-08-02 21:05:55,438 [grpc-default-executor-3] DEBUG leader.FollowerInfo (FollowerInfoImpl.java:lambda$new$1(49)) - s0@group-DBBE7E7C6C61->s1: commitIndex: updateToMax old=1, new=1, updated? false
2022-08-02 21:05:55,438 [grpc-default-executor-3] DEBUG leader.FollowerInfo (FollowerInfoImpl.java:lambda$new$1(49)) - s0@group-DBBE7E7C6C61->s1: matchIndex: updateToMax old=2, new=-1, updated? false
2022-08-02 21:05:55,439 [grpc-default-executor-0] DEBUG leader.FollowerInfo (FollowerInfoImpl.java:lambda$new$1(49)) - s0@group-DBBE7E7C6C61->s2: commitIndex: updateToMax old=1, new=1, updated? false
2022-08-02 21:05:55,439 [grpc-default-executor-0] DEBUG leader.FollowerInfo (FollowerInfoImpl.java:lambda$new$1(49)) - s0@group-DBBE7E7C6C61->s2: matchIndex: updateToMax old=2, new=-1, updated? false
2022-08-02 21:05:55,440 [grpc-default-executor-3] DEBUG leader.FollowerInfo (FollowerInfoImpl.java:lambda$new$1(49)) - s0@group-DBBE7E7C6C61->s1: commitIndex: updateToMax old=1, new=1, updated? false
2022-08-02 21:05:55,440 [grpc-default-executor-3] DEBUG leader.FollowerInfo (FollowerInfoImpl.java:lambda$new$1(49)) - s0@group-DBBE7E7C6C61->s1: matchIndex: updateToMax old=2, new=-1, updated? false
2022-08-02 21:05:55,440 [grpc-default-executor-0] DEBUG leader.FollowerInfo (FollowerInfoImpl.java:lambda$new$1(49)) - s0@group-DBBE7E7C6C61->s2: commitIndex: updateToMax old=1, new=1, updated? false
2022-08-02 21:05:55,440 [grpc-default-executor-0] DEBUG leader.FollowerInfo (FollowerInfoImpl.java:lambda$new$1(49)) - s0@group-DBBE7E7C6C61->s2: matchIndex: updateToMax old=2, new=-1, updated? false
2022-08-02 21:05:55,441 [grpc-default-executor-3] DEBUG leader.FollowerInfo (FollowerInfoImpl.java:lambda$new$1(49)) - s0@group-DBBE7E7C6C61->s1: commitIndex: updateToMax old=1, new=1, updated? false
2022-08-02 21:05:55,441 [grpc-default-executor-3] DEBUG leader.FollowerInfo (FollowerInfoImpl.java:lambda$new$1(49)) - s0@group-DBBE7E7C6C61->s1: matchIndex: updateToMax old=2, new=-1, updated? false
2022-08-02 21:05:55,442 [grpc-default-executor-0] DEBUG leader.FollowerInfo (FollowerInfoImpl.java:lambda$new$1(49)) - s0@group-DBBE7E7C6C61->s2: commitIndex: updateToMax old=1, new=1, updated? false
2022-08-02 21:05:55,442 [grpc-default-executor-0] DEBUG leader.FollowerInfo (FollowerInfoImpl.java:lambda$new$1(49)) - s0@group-DBBE7E7C6C61->s2: matchIndex: updateToMax old=2, new=-1, updated? false
2022-08-02 21:05:55,443 [grpc-default-executor-3] DEBUG leader.FollowerInfo (FollowerInfoImpl.java:lambda$new$1(49)) - s0@group-DBBE7E7C6C61->s1: commitIndex: updateToMax old=1, new=1, updated? false
2022-08-02 21:05:55,443 [grpc-default-executor-3] DEBUG leader.FollowerInfo (FollowerInfoImpl.java:lambda$new$1(49)) - s0@group-DBBE7E7C6C61->s1: matchIndex: updateToMax old=2, new=-1, updated? false
2022-08-02 21:05:55,443 [grpc-default-executor-0] DEBUG leader.FollowerInfo (FollowerInfoImpl.java:lambda$new$1(49)) - s0@group-DBBE7E7C6C61->s2: commitIndex: updateToMax old=1, new=1, updated? false
2022-08-02 21:05:55,443 [grpc-default-executor-0] DEBUG leader.FollowerInfo (FollowerInfoImpl.java:lambda$new$1(49)) - s0@group-DBBE7E7C6C61->s2: matchIndex: updateToMax old=2, new=-1, updated? false
2022-08-02 21:05:55,444 [grpc-default-executor-3] DEBUG leader.FollowerInfo (FollowerInfoImpl.java:lambda$new$1(49)) - s0@group-DBBE7E7C6C61->s1: commitIndex: updateToMax old=1, new=1, updated? false
2022-08-02 21:05:55,444 [grpc-default-executor-3] DEBUG leader.FollowerInfo (FollowerInfoImpl.java:lambda$new$1(49)) - s0@group-DBBE7E7C6C61->s1: matchIndex: updateToMax old=2, new=-1, updated? false
2022-08-02 21:05:55,445 [grpc-default-executor-0] DEBUG leader.FollowerInfo (FollowerInfoImpl.java:lambda$new$1(49)) - s0@group-DBBE7E7C6C61->s2: commitIndex: updateToMax old=1, new=1, updated? false
2022-08-02 21:05:55,445 [grpc-default-executor-0] DEBUG leader.FollowerInfo (FollowerInfoImpl.java:lambda$new$1(49)) - s0@group-DBBE7E7C6C61->s2: matchIndex: updateToMax old=2, new=-1, updated? false
2022-08-02 21:05:55,446 [grpc-default-executor-3] DEBUG leader.FollowerInfo (FollowerInfoImpl.java:lambda$new$1(49)) - s0@group-DBBE7E7C6C61->s1: commitIndex: updateToMax old=1, new=1, updated? false
2022-08-02 21:05:55,446 [grpc-default-executor-3] DEBUG leader.FollowerInfo (FollowerInfoImpl.java:lambda$new$1(49)) - s0@group-DBBE7E7C6C61->s1: matchIndex: updateToMax old=2, new=-1, updated? false
2022-08-02 21:05:55,446 [grpc-default-executor-0] DEBUG leader.FollowerInfo (FollowerInfoImpl.java:lambda$new$1(49)) - s0@group-DBBE7E7C6C61->s2: commitIndex: updateToMax old=1, new=1, updated? false
2022-08-02 21:05:55,446 [grpc-default-executor-0] DEBUG leader.FollowerInfo (FollowerInfoImpl.java:lambda$new$1(49)) - s0@group-DBBE7E7C6C61->s2: matchIndex: updateToMax old=2, new=-1, updated? false
2022-08-02 21:05:55,447 [grpc-default-executor-3] DEBUG leader.FollowerInfo (FollowerInfoImpl.java:lambda$new$1(49)) - s0@group-DBBE7E7C6C61->s1: commitIndex: updateToMax old=1, new=1, updated? false
2022-08-02 21:05:55,447 [grpc-default-executor-3] DEBUG leader.FollowerInfo (FollowerInfoImpl.java:lambda$new$1(49)) - s0@group-DBBE7E7C6C61->s1: matchIndex: updateToMax old=2, new=-1, updated? false
2022-08-02 21:05:55,448 [grpc-default-executor-0] DEBUG leader.FollowerInfo (FollowerInfoImpl.java:lambda$new$1(49)) - s0@group-DBBE7E7C6C61->s2: commitIndex: updateToMax old=1, new=1, updated? false
2022-08-02 21:05:55,448 [grpc-default-executor-0] DEBUG leader.FollowerInfo (FollowerInfoImpl.java:lambda$new$1(49)) - s0@group-DBBE7E7C6C61->s2: matchIndex: updateToMax old=2, new=-1, updated? false
2022-08-02 21:05:55,448 [grpc-default-executor-3] DEBUG leader.FollowerInfo (FollowerInfoImpl.java:lambda$new$1(49)) - s0@group-DBBE7E7C6C61->s1: commitIndex: updateToMax old=1, new=1, updated? false
2022-08-02 21:05:55,449 [grpc-default-executor-3] DEBUG leader.FollowerInfo (FollowerInfoImpl.java:lambda$new$1(49)) - s0@group-DBBE7E7C6C61->s1: matchIndex: updateToMax old=2, new=-1, updated? false
2022-08-02 21:05:55,449 [grpc-default-executor-0] DEBUG leader.FollowerInfo (FollowerInfoImpl.java:lambda$new$1(49)) - s0@group-DBBE7E7C6C61->s2: commitIndex: updateToMax old=1, new=1, updated? false
2022-08-02 21:05:55,449 [grpc-default-executor-0] DEBUG leader.FollowerInfo (FollowerInfoImpl.java:lambda$new$1(49)) - s0@group-DBBE7E7C6C61->s2: matchIndex: updateToMax old=2, new=-1, updated? false
2022-08-02 21:05:55,450 [grpc-default-executor-3] DEBUG leader.FollowerInfo (FollowerInfoImpl.java:lambda$new$1(49)) - s0@group-DBBE7E7C6C61->s1: commitIndex: updateToMax old=1, new=1, updated? false
2022-08-02 21:05:55,450 [grpc-default-executor-3] DEBUG leader.FollowerInfo (FollowerInfoImpl.java:lambda$new$1(49)) - s0@group-DBBE7E7C6C61->s1: matchIndex: updateToMax old=2, new=-1, updated? false
2022-08-02 21:05:55,451 [grpc-default-executor-0] DEBUG leader.FollowerInfo (FollowerInfoImpl.java:lambda$new$1(49)) - s0@group-DBBE7E7C6C61->s2: commitIndex: updateToMax old=1, new=1, updated? false
2022-08-02 21:05:55,451 [grpc-default-executor-0] DEBUG leader.FollowerInfo (FollowerInfoImpl.java:lambda$new$1(49)) - s0@group-DBBE7E7C6C61->s2: matchIndex: updateToMax old=2, new=-1, updated? false
2022-08-02 21:05:55,451 [grpc-default-executor-3] DEBUG leader.FollowerInfo (FollowerInfoImpl.java:lambda$new$1(49)) - s0@group-DBBE7E7C6C61->s1: commitIndex: updateToMax old=1, new=1, updated? false
2022-08-02 21:05:55,451 [grpc-default-executor-3] DEBUG leader.FollowerInfo (FollowerInfoImpl.java:lambda$new$1(49)) - s0@group-DBBE7E7C6C61->s1: matchIndex: updateToMax old=2, new=-1, updated? false
2022-08-02 21:05:55,452 [grpc-default-executor-0] DEBUG leader.FollowerInfo (FollowerInfoImpl.java:lambda$new$1(49)) - s0@group-DBBE7E7C6C61->s2: commitIndex: updateToMax old=1, new=1, updated? false
2022-08-02 21:05:55,452 [grpc-default-executor-0] DEBUG leader.FollowerInfo (FollowerInfoImpl.java:lambda$new$1(49)) - s0@group-DBBE7E7C6C61->s2: matchIndex: updateToMax old=2, new=-1, updated? false
2022-08-02 21:05:55,453 [grpc-default-executor-3] DEBUG leader.FollowerInfo (FollowerInfoImpl.java:lambda$new$1(49)) - s0@group-DBBE7E7C6C61->s1: commitIndex: updateToMax old=1, new=1, updated? false
2022-08-02 21:05:55,453 [grpc-default-executor-3] DEBUG leader.FollowerInfo (FollowerInfoImpl.java:lambda$new$1(49)) - s0@group-DBBE7E7C6C61->s1: matchIndex: updateToMax old=2, new=-1, updated? false
2022-08-02 21:05:55,454 [grpc-default-executor-0] DEBUG leader.FollowerInfo (FollowerInfoImpl.java:lambda$new$1(49)) - s0@group-DBBE7E7C6C61->s2: commitIndex: updateToMax old=1, new=1, updated? false
2022-08-02 21:05:55,454 [grpc-default-executor-0] DEBUG leader.FollowerInfo (FollowerInfoImpl.java:lambda$new$1(49)) - s0@group-DBBE7E7C6C61->s2: matchIndex: updateToMax old=2, new=-1, updated? false
2022-08-02 21:05:55,455 [grpc-default-executor-3] DEBUG leader.FollowerInfo (FollowerInfoImpl.java:lambda$new$1(49)) - s0@group-DBBE7E7C6C61->s1: commitIndex: updateToMax old=1, new=1, updated? false
2022-08-02 21:05:55,455 [grpc-default-executor-3] DEBUG leader.FollowerInfo (FollowerInfoImpl.java:lambda$new$1(49)) - s0@group-DBBE7E7C6C61->s1: matchIndex: updateToMax old=2, new=-1, updated? false
2022-08-02 21:05:55,455 [grpc-default-executor-0] DEBUG leader.FollowerInfo (FollowerInfoImpl.java:lambda$new$1(49)) - s0@group-DBBE7E7C6C61->s2: commitIndex: updateToMax old=1, new=1, updated? false
2022-08-02 21:05:55,456 [grpc-default-executor-0] DEBUG leader.FollowerInfo (FollowerInfoImpl.java:lambda$new$1(49)) - s0@group-DBBE7E7C6C61->s2: matchIndex: updateToMax old=2, new=-1, updated? false
2022-08-02 21:05:55,456 [grpc-default-executor-3] DEBUG leader.FollowerInfo (FollowerInfoImpl.java:lambda$new$1(49)) - s0@group-DBBE7E7C6C61->s1: commitIndex: updateToMax old=1, new=1, updated? false
2022-08-02 21:05:55,456 [grpc-default-executor-3] DEBUG leader.FollowerInfo (FollowerInfoImpl.java:lambda$new$1(49)) - s0@group-DBBE7E7C6C61->s1: matchIndex: updateToMax old=2, new=-1, updated? false
2022-08-02 21:05:55,457 [grpc-default-executor-0] DEBUG leader.FollowerInfo (FollowerInfoImpl.java:lambda$new$1(49)) - s0@group-DBBE7E7C6C61->s2: commitIndex: updateToMax old=1, new=1, updated? false
2022-08-02 21:05:55,457 [grpc-default-executor-0] DEBUG leader.FollowerInfo (FollowerInfoImpl.java:lambda$new$1(49)) - s0@group-DBBE7E7C6C61->s2: matchIndex: updateToMax old=2, new=-1, updated? false
2022-08-02 21:05:55,458 [grpc-default-executor-3] DEBUG leader.FollowerInfo (FollowerInfoImpl.java:lambda$new$1(49)) - s0@group-DBBE7E7C6C61->s1: commitIndex: updateToMax old=1, new=1, updated? false
2022-08-02 21:05:55,458 [grpc-default-executor-3] DEBUG leader.FollowerInfo (FollowerInfoImpl.java:lambda$new$1(49)) - s0@group-DBBE7E7C6C61->s1: matchIndex: updateToMax old=2, new=-1, updated? false
2022-08-02 21:05:55,458 [grpc-default-executor-0] DEBUG leader.FollowerInfo (FollowerInfoImpl.java:lambda$new$1(49)) - s0@group-DBBE7E7C6C61->s2: commitIndex: updateToMax old=1, new=1, updated? false
2022-08-02 21:05:55,459 [grpc-default-executor-0] DEBUG leader.FollowerInfo (FollowerInfoImpl.java:lambda$new$1(49)) - s0@group-DBBE7E7C6C61->s2: matchIndex: updateToMax old=2, new=-1, updated? false
2022-08-02 21:05:55,459 [grpc-default-executor-3] DEBUG leader.FollowerInfo (FollowerInfoImpl.java:lambda$new$1(49)) - s0@group-DBBE7E7C6C61->s1: commitIndex: updateToMax old=1, new=1, updated? false
2022-08-02 21:05:55,459 [grpc-default-executor-3] DEBUG leader.FollowerInfo (FollowerInfoImpl.java:lambda$new$1(49)) - s0@group-DBBE7E7C6C61->s1: matchIndex: updateToMax old=2, new=-1, updated? false
2022-08-02 21:05:55,460 [grpc-default-executor-0] DEBUG leader.FollowerInfo (FollowerInfoImpl.java:lambda$new$1(49)) - s0@group-DBBE7E7C6C61->s2: commitIndex: updateToMax old=1, new=1, updated? false
2022-08-02 21:05:55,460 [grpc-default-executor-0] DEBUG leader.FollowerInfo (FollowerInfoImpl.java:lambda$new$1(49)) - s0@group-DBBE7E7C6C61->s2: matchIndex: updateToMax old=2, new=-1, updated? false
2022-08-02 21:05:55,461 [grpc-default-executor-3] DEBUG leader.FollowerInfo (FollowerInfoImpl.java:lambda$new$1(49)) - s0@group-DBBE7E7C6C61->s1: commitIndex: updateToMax old=1, new=1, updated? false
2022-08-02 21:05:55,461 [grpc-default-executor-3] DEBUG leader.FollowerInfo (FollowerInfoImpl.java:lambda$new$1(49)) - s0@group-DBBE7E7C6C61->s1: matchIndex: updateToMax old=2, new=-1, updated? false
2022-08-02 21:05:55,461 [grpc-default-executor-0] DEBUG leader.FollowerInfo (FollowerInfoImpl.java:lambda$new$1(49)) - s0@group-DBBE7E7C6C61->s2: commitIndex: updateToMax old=1, new=1, updated? false
2022-08-02 21:05:55,461 [grpc-default-executor-0] DEBUG leader.FollowerInfo (FollowerInfoImpl.java:lambda$new$1(49)) - s0@group-DBBE7E7C6C61->s2: matchIndex: updateToMax old=2, new=-1, updated? false
2022-08-02 21:05:55,462 [grpc-default-executor-3] DEBUG leader.FollowerInfo (FollowerInfoImpl.java:lambda$new$1(49)) - s0@group-DBBE7E7C6C61->s1: commitIndex: updateToMax old=1, new=1, updated? false
2022-08-02 21:05:55,462 [grpc-default-executor-3] DEBUG leader.FollowerInfo (FollowerInfoImpl.java:lambda$new$1(49)) - s0@group-DBBE7E7C6C61->s1: matchIndex: updateToMax old=2, new=-1, updated? false
2022-08-02 21:05:55,463 [grpc-default-executor-0] DEBUG leader.FollowerInfo (FollowerInfoImpl.java:lambda$new$1(49)) - s0@group-DBBE7E7C6C61->s2: commitIndex: updateToMax old=1, new=1, updated? false
2022-08-02 21:05:55,463 [grpc-default-executor-0] DEBUG leader.FollowerInfo (FollowerInfoImpl.java:lambda$new$1(49)) - s0@group-DBBE7E7C6C61->s2: matchIndex: updateToMax old=2, new=-1, updated? false
2022-08-02 21:05:55,464 [grpc-default-executor-3] DEBUG leader.FollowerInfo (FollowerInfoImpl.java:lambda$new$1(49)) - s0@group-DBBE7E7C6C61->s1: commitIndex: updateToMax old=1, new=1, updated? false
2022-08-02 21:05:55,464 [grpc-default-executor-3] DEBUG leader.FollowerInfo (FollowerInfoImpl.java:lambda$new$1(49)) - s0@group-DBBE7E7C6C61->s1: matchIndex: updateToMax old=2, new=-1, updated? false
2022-08-02 21:05:55,464 [grpc-default-executor-0] DEBUG leader.FollowerInfo (FollowerInfoImpl.java:lambda$new$1(49)) - s0@group-DBBE7E7C6C61->s2: commitIndex: updateToMax old=1, new=1, updated? false
2022-08-02 21:05:55,464 [grpc-default-executor-0] DEBUG leader.FollowerInfo (FollowerInfoImpl.java:lambda$new$1(49)) - s0@group-DBBE7E7C6C61->s2: matchIndex: updateToMax old=2, new=-1, updated? false
2022-08-02 21:05:55,465 [grpc-default-executor-3] DEBUG leader.FollowerInfo (FollowerInfoImpl.java:lambda$new$1(49)) - s0@group-DBBE7E7C6C61->s1: commitIndex: updateToMax old=1, new=1, updated? false
2022-08-02 21:05:55,465 [grpc-default-executor-3] DEBUG leader.FollowerInfo (FollowerInfoImpl.java:lambda$new$1(49)) - s0@group-DBBE7E7C6C61->s1: matchIndex: updateToMax old=2, new=-1, updated? false
2022-08-02 21:05:55,466 [grpc-default-executor-0] DEBUG leader.FollowerInfo (FollowerInfoImpl.java:lambda$new$1(49)) - s0@group-DBBE7E7C6C61->s2: commitIndex: updateToMax old=1, new=1, updated? false
2022-08-02 21:05:55,466 [grpc-default-executor-0] DEBUG leader.FollowerInfo (FollowerInfoImpl.java:lambda$new$1(49)) - s0@group-DBBE7E7C6C61->s2: matchIndex: updateToMax old=2, new=-1, updated? false
2022-08-02 21:05:55,467 [grpc-default-executor-3] DEBUG leader.FollowerInfo (FollowerInfoImpl.java:lambda$new$1(49)) - s0@group-DBBE7E7C6C61->s1: commitIndex: updateToMax old=1, new=1, updated? false
2022-08-02 21:05:55,467 [grpc-default-executor-3] DEBUG leader.FollowerInfo (FollowerInfoImpl.java:lambda$new$1(49)) - s0@group-DBBE7E7C6C61->s1: matchIndex: updateToMax old=2, new=-1, updated? false
2022-08-02 21:05:55,467 [grpc-default-executor-0] DEBUG leader.FollowerInfo (FollowerInfoImpl.java:lambda$new$1(49)) - s0@group-DBBE7E7C6C61->s2: commitIndex: updateToMax old=1, new=1, updated? false
2022-08-02 21:05:55,467 [grpc-default-executor-0] DEBUG leader.FollowerInfo (FollowerInfoImpl.java:lambda$new$1(49)) - s0@group-DBBE7E7C6C61->s2: matchIndex: updateToMax old=2, new=-1, updated? false
2022-08-02 21:05:55,468 [grpc-default-executor-3] DEBUG leader.FollowerInfo (FollowerInfoImpl.java:lambda$new$1(49)) - s0@group-DBBE7E7C6C61->s1: commitIndex: updateToMax old=1, new=1, updated? false
2022-08-02 21:05:55,468 [grpc-default-executor-3] DEBUG leader.FollowerInfo (FollowerInfoImpl.java:lambda$new$1(49)) - s0@group-DBBE7E7C6C61->s1: matchIndex: updateToMax old=2, new=-1, updated? false
2022-08-02 21:05:55,469 [grpc-default-executor-0] DEBUG leader.FollowerInfo (FollowerInfoImpl.java:lambda$new$1(49)) - s0@group-DBBE7E7C6C61->s2: commitIndex: updateToMax old=1, new=1, updated? false
2022-08-02 21:05:55,469 [grpc-default-executor-0] DEBUG leader.FollowerInfo (FollowerInfoImpl.java:lambda$new$1(49)) - s0@group-DBBE7E7C6C61->s2: matchIndex: updateToMax old=2, new=-1, updated? false
2022-08-02 21:05:55,469 [grpc-default-executor-3] DEBUG leader.FollowerInfo (FollowerInfoImpl.java:lambda$new$1(49)) - s0@group-DBBE7E7C6C61->s1: commitIndex: updateToMax old=1, new=1, updated? false
2022-08-02 21:05:55,470 [grpc-default-executor-3] DEBUG leader.FollowerInfo (FollowerInfoImpl.java:lambda$new$1(49)) - s0@group-DBBE7E7C6C61->s1: matchIndex: updateToMax old=2, new=-1, updated? false
2022-08-02 21:05:55,470 [grpc-default-executor-0] DEBUG leader.FollowerInfo (FollowerInfoImpl.java:lambda$new$1(49)) - s0@group-DBBE7E7C6C61->s2: commitIndex: updateToMax old=1, new=1, updated? false
2022-08-02 21:05:55,470 [grpc-default-executor-0] DEBUG leader.FollowerInfo (FollowerInfoImpl.java:lambda$new$1(49)) - s0@group-DBBE7E7C6C61->s2: matchIndex: updateToMax old=2, new=-1, updated? false
2022-08-02 21:05:55,471 [grpc-default-executor-3] DEBUG leader.FollowerInfo (FollowerInfoImpl.java:lambda$new$1(49)) - s0@group-DBBE7E7C6C61->s1: commitIndex: updateToMax old=1, new=1, updated? false
2022-08-02 21:05:55,471 [grpc-default-executor-3] DEBUG leader.FollowerInfo (FollowerInfoImpl.java:lambda$new$1(49)) - s0@group-DBBE7E7C6C61->s1: matchIndex: updateToMax old=2, new=-1, updated? false
2022-08-02 21:05:55,472 [grpc-default-executor-0] DEBUG leader.FollowerInfo (FollowerInfoImpl.java:lambda$new$1(49)) - s0@group-DBBE7E7C6C61->s2: commitIndex: updateToMax old=1, new=1, updated? false
2022-08-02 21:05:55,472 [grpc-default-executor-0] DEBUG leader.FollowerInfo (FollowerInfoImpl.java:lambda$new$1(49)) - s0@group-DBBE7E7C6C61->s2: matchIndex: updateToMax old=2, new=-1, updated? false
2022-08-02 21:05:55,472 [grpc-default-executor-3] DEBUG leader.FollowerInfo (FollowerInfoImpl.java:lambda$new$1(49)) - s0@group-DBBE7E7C6C61->s1: commitIndex: updateToMax old=1, new=1, updated? false
2022-08-02 21:05:55,472 [grpc-default-executor-3] DEBUG leader.FollowerInfo (FollowerInfoImpl.java:lambda$new$1(49)) - s0@group-DBBE7E7C6C61->s1: matchIndex: updateToMax old=2, new=-1, updated? false
2022-08-02 21:05:55,473 [grpc-default-executor-0] DEBUG leader.FollowerInfo (FollowerInfoImpl.java:lambda$new$1(49)) - s0@group-DBBE7E7C6C61->s2: commitIndex: updateToMax old=1, new=1, updated? false
2022-08-02 21:05:55,473 [grpc-default-executor-0] DEBUG leader.FollowerInfo (FollowerInfoImpl.java:lambda$new$1(49)) - s0@group-DBBE7E7C6C61->s2: matchIndex: updateToMax old=2, new=-1, updated? false
2022-08-02 21:05:55,474 [grpc-default-executor-3] DEBUG leader.FollowerInfo (FollowerInfoImpl.java:lambda$new$1(49)) - s0@group-DBBE7E7C6C61->s1: commitIndex: updateToMax old=1, new=1, updated? false
2022-08-02 21:05:55,474 [grpc-default-executor-3] DEBUG leader.FollowerInfo (FollowerInfoImpl.java:lambda$new$1(49)) - s0@group-DBBE7E7C6C61->s1: matchIndex: updateToMax old=2, new=-1, updated? false
2022-08-02 21:05:55,475 [grpc-default-executor-0] DEBUG leader.FollowerInfo (FollowerInfoImpl.java:lambda$new$1(49)) - s0@group-DBBE7E7C6C61->s2: commitIndex: updateToMax old=1, new=1, updated? false
2022-08-02 21:05:55,475 [grpc-default-executor-0] DEBUG leader.FollowerInfo (FollowerInfoImpl.java:lambda$new$1(49)) - s0@group-DBBE7E7C6C61->s2: matchIndex: updateToMax old=2, new=-1, updated? false
2022-08-02 21:05:55,475 [grpc-default-executor-3] DEBUG leader.FollowerInfo (FollowerInfoImpl.java:lambda$new$1(49)) - s0@group-DBBE7E7C6C61->s1: commitIndex: updateToMax old=1, new=1, updated? false
2022-08-02 21:05:55,476 [grpc-default-executor-3] DEBUG leader.FollowerInfo (FollowerInfoImpl.java:lambda$new$1(49)) - s0@group-DBBE7E7C6C61->s1: matchIndex: updateToMax old=2, new=-1, updated? false
2022-08-02 21:05:55,476 [grpc-default-executor-0] DEBUG leader.FollowerInfo (FollowerInfoImpl.java:lambda$new$1(49)) - s0@group-DBBE7E7C6C61->s2: commitIndex: updateToMax old=1, new=1, updated? false
2022-08-02 21:05:55,476 [grpc-default-executor-0] DEBUG leader.FollowerInfo (FollowerInfoImpl.java:lambda$new$1(49)) - s0@group-DBBE7E7C6C61->s2: matchIndex: updateToMax old=2, new=-1, updated? false
2022-08-02 21:05:55,477 [grpc-default-executor-3] DEBUG leader.FollowerInfo (FollowerInfoImpl.java:lambda$new$1(49)) - s0@group-DBBE7E7C6C61->s1: commitIndex: updateToMax old=1, new=1, updated? false
2022-08-02 21:05:55,477 [grpc-default-executor-3] DEBUG leader.FollowerInfo (FollowerInfoImpl.java:lambda$new$1(49)) - s0@group-DBBE7E7C6C61->s1: matchIndex: updateToMax old=2, new=-1, updated? false
2022-08-02 21:05:55,478 [grpc-default-executor-0] DEBUG leader.FollowerInfo (FollowerInfoImpl.java:lambda$new$1(49)) - s0@group-DBBE7E7C6C61->s2: commitIndex: updateToMax old=1, new=1, updated? false
2022-08-02 21:05:55,478 [grpc-default-executor-0] DEBUG leader.FollowerInfo (FollowerInfoImpl.java:lambda$new$1(49)) - s0@group-DBBE7E7C6C61->s2: matchIndex: updateToMax old=2, new=-1, updated? false
2022-08-02 21:05:55,478 [grpc-default-executor-3] DEBUG leader.FollowerInfo (FollowerInfoImpl.java:lambda$new$1(49)) - s0@group-DBBE7E7C6C61->s1: commitIndex: updateToMax old=1, new=1, updated? false
2022-08-02 21:05:55,478 [grpc-default-executor-3] DEBUG leader.FollowerInfo (FollowerInfoImpl.java:lambda$new$1(49)) - s0@group-DBBE7E7C6C61->s1: matchIndex: updateToMax old=2, new=-1, updated? false
2022-08-02 21:05:55,479 [grpc-default-executor-0] DEBUG leader.FollowerInfo (FollowerInfoImpl.java:lambda$new$1(49)) - s0@group-DBBE7E7C6C61->s2: commitIndex: updateToMax old=1, new=1, updated? false
2022-08-02 21:05:55,479 [grpc-default-executor-0] DEBUG leader.FollowerInfo (FollowerInfoImpl.java:lambda$new$1(49)) - s0@group-DBBE7E7C6C61->s2: matchIndex: updateToMax old=2, new=-1, updated? false
2022-08-02 21:05:55,480 [grpc-default-executor-3] DEBUG leader.FollowerInfo (FollowerInfoImpl.java:lambda$new$1(49)) - s0@group-DBBE7E7C6C61->s1: commitIndex: updateToMax old=1, new=1, updated? false
2022-08-02 21:05:55,480 [grpc-default-executor-3] DEBUG leader.FollowerInfo (FollowerInfoImpl.java:lambda$new$1(49)) - s0@group-DBBE7E7C6C61->s1: matchIndex: updateToMax old=2, new=-1, updated? false
2022-08-02 21:05:55,481 [grpc-default-executor-0] DEBUG leader.FollowerInfo (FollowerInfoImpl.java:lambda$new$1(49)) - s0@group-DBBE7E7C6C61->s2: commitIndex: updateToMax old=1, new=1, updated? false
2022-08-02 21:05:55,481 [grpc-default-executor-0] DEBUG leader.FollowerInfo (FollowerInfoImpl.java:lambda$new$1(49)) - s0@group-DBBE7E7C6C61->s2: matchIndex: updateToMax old=2, new=-1, updated? false
2022-08-02 21:05:55,481 [grpc-default-executor-3] DEBUG leader.FollowerInfo (FollowerInfoImpl.java:lambda$new$1(49)) - s0@group-DBBE7E7C6C61->s1: commitIndex: updateToMax old=1, new=1, updated? false
2022-08-02 21:05:55,481 [grpc-default-executor-3] DEBUG leader.FollowerInfo (FollowerInfoImpl.java:lambda$new$1(49)) - s0@group-DBBE7E7C6C61->s1: matchIndex: updateToMax old=2, new=-1, updated? false
2022-08-02 21:05:55,482 [grpc-default-executor-0] DEBUG leader.FollowerInfo (FollowerInfoImpl.java:lambda$new$1(49)) - s0@group-DBBE7E7C6C61->s2: commitIndex: updateToMax old=1, new=1, updated? false
2022-08-02 21:05:55,482 [grpc-default-executor-0] DEBUG leader.FollowerInfo (FollowerInfoImpl.java:lambda$new$1(49)) - s0@group-DBBE7E7C6C61->s2: matchIndex: updateToMax old=2, new=-1, updated? false
2022-08-02 21:05:55,483 [grpc-default-executor-3] DEBUG leader.FollowerInfo (FollowerInfoImpl.java:lambda$new$1(49)) - s0@group-DBBE7E7C6C61->s1: commitIndex: updateToMax old=1, new=1, updated? false
2022-08-02 21:05:55,483 [grpc-default-executor-3] DEBUG leader.FollowerInfo (FollowerInfoImpl.java:lambda$new$1(49)) - s0@group-DBBE7E7C6C61->s1: matchIndex: updateToMax old=2, new=-1, updated? false
2022-08-02 21:05:55,484 [grpc-default-executor-0] DEBUG leader.FollowerInfo (FollowerInfoImpl.java:lambda$new$1(49)) - s0@group-DBBE7E7C6C61->s2: commitIndex: updateToMax old=1, new=1, updated? false
2022-08-02 21:05:55,484 [grpc-default-executor-0] DEBUG leader.FollowerInfo (FollowerInfoImpl.java:lambda$new$1(49)) - s0@group-DBBE7E7C6C61->s2: matchIndex: updateToMax old=2, new=-1, updated? false
2022-08-02 21:05:55,484 [grpc-default-executor-3] DEBUG leader.FollowerInfo (FollowerInfoImpl.java:lambda$new$1(49)) - s0@group-DBBE7E7C6C61->s1: commitIndex: updateToMax old=1, new=1, updated? false
2022-08-02 21:05:55,484 [grpc-default-executor-3] DEBUG leader.FollowerInfo (FollowerInfoImpl.java:lambda$new$1(49)) - s0@group-DBBE7E7C6C61->s1: matchIndex: updateToMax old=2, new=-1, updated? false
2022-08-02 21:05:55,485 [grpc-default-executor-0] DEBUG leader.FollowerInfo (FollowerInfoImpl.java:lambda$new$1(49)) - s0@group-DBBE7E7C6C61->s2: commitIndex: updateToMax old=1, new=1, updated? false
2022-08-02 21:05:55,485 [grpc-default-executor-0] DEBUG leader.FollowerInfo (FollowerInfoImpl.java:lambda$new$1(49)) - s0@group-DBBE7E7C6C61->s2: matchIndex: updateToMax old=2, new=-1, updated? false
2022-08-02 21:05:55,486 [grpc-default-executor-3] DEBUG leader.FollowerInfo (FollowerInfoImpl.java:lambda$new$1(49)) - s0@group-DBBE7E7C6C61->s1: commitIndex: updateToMax old=1, new=1, updated? false
2022-08-02 21:05:55,486 [grpc-default-executor-3] DEBUG leader.FollowerInfo (FollowerInfoImpl.java:lambda$new$1(49)) - s0@group-DBBE7E7C6C61->s1: matchIndex: updateToMax old=2, new=-1, updated? false
2022-08-02 21:05:55,487 [grpc-default-executor-0] DEBUG leader.FollowerInfo (FollowerInfoImpl.java:lambda$new$1(49)) - s0@group-DBBE7E7C6C61->s2: commitIndex: updateToMax old=1, new=1, updated? false
2022-08-02 21:05:55,487 [grpc-default-executor-0] DEBUG leader.FollowerInfo (FollowerInfoImpl.java:lambda$new$1(49)) - s0@group-DBBE7E7C6C61->s2: matchIndex: updateToMax old=2, new=-1, updated? false
2022-08-02 21:05:55,487 [grpc-default-executor-3] DEBUG leader.FollowerInfo (FollowerInfoImpl.java:lambda$new$1(49)) - s0@group-DBBE7E7C6C61->s1: commitIndex: updateToMax old=1, new=1, updated? false
2022-08-02 21:05:55,487 [grpc-default-executor-3] DEBUG leader.FollowerInfo (FollowerInfoImpl.java:lambda$new$1(49)) - s0@group-DBBE7E7C6C61->s1: matchIndex: updateToMax old=2, new=-1, updated? false
2022-08-02 21:05:55,488 [grpc-default-executor-0] DEBUG leader.FollowerInfo (FollowerInfoImpl.java:lambda$new$1(49)) - s0@group-DBBE7E7C6C61->s2: commitIndex: updateToMax old=1, new=1, updated? false
2022-08-02 21:05:55,488 [grpc-default-executor-0] DEBUG leader.FollowerInfo (FollowerInfoImpl.java:lambda$new$1(49)) - s0@group-DBBE7E7C6C61->s2: matchIndex: updateToMax old=2, new=-1, updated? false
2022-08-02 21:05:55,488 [grpc-default-executor-3] DEBUG leader.FollowerInfo (FollowerInfoImpl.java:lambda$new$1(49)) - s0@group-DBBE7E7C6C61->s1: commitIndex: updateToMax old=1, new=1, updated? false
2022-08-02 21:05:55,489 [grpc-default-executor-3] DEBUG leader.FollowerInfo (FollowerInfoImpl.java:lambda$new$1(49)) - s0@group-DBBE7E7C6C61->s1: matchIndex: updateToMax old=2, new=-1, updated? false
2022-08-02 21:05:55,489 [grpc-default-executor-0] DEBUG leader.FollowerInfo (FollowerInfoImpl.java:lambda$new$1(49)) - s0@group-DBBE7E7C6C61->s2: commitIndex: updateToMax old=1, new=1, updated? false
2022-08-02 21:05:55,489 [grpc-default-executor-0] DEBUG leader.FollowerInfo (FollowerInfoImpl.java:lambda$new$1(49)) - s0@group-DBBE7E7C6C61->s2: matchIndex: updateToMax old=2, new=-1, updated? false
2022-08-02 21:05:55,490 [grpc-default-executor-0] DEBUG leader.FollowerInfo (FollowerInfoImpl.java:lambda$new$1(49)) - s0@group-DBBE7E7C6C61->s1: commitIndex: updateToMax old=1, new=1, updated? false
2022-08-02 21:05:55,490 [grpc-default-executor-0] DEBUG leader.FollowerInfo (FollowerInfoImpl.java:lambda$new$1(49)) - s0@group-DBBE7E7C6C61->s1: matchIndex: updateToMax old=2, new=-1, updated? false
2022-08-02 21:05:55,491 [grpc-default-executor-3] DEBUG leader.FollowerInfo (FollowerInfoImpl.java:lambda$new$1(49)) - s0@group-DBBE7E7C6C61->s2: commitIndex: updateToMax old=1, new=1, updated? false
2022-08-02 21:05:55,491 [grpc-default-executor-3] DEBUG leader.FollowerInfo (FollowerInfoImpl.java:lambda$new$1(49)) - s0@group-DBBE7E7C6C61->s2: matchIndex: updateToMax old=2, new=-1, updated? false
2022-08-02 21:05:55,491 [grpc-default-executor-0] DEBUG leader.FollowerInfo (FollowerInfoImpl.java:lambda$new$1(49)) - s0@group-DBBE7E7C6C61->s1: commitIndex: updateToMax old=1, new=1, updated? false
2022-08-02 21:05:55,491 [grpc-default-executor-0] DEBUG leader.FollowerInfo (FollowerInfoImpl.java:lambda$new$1(49)) - s0@group-DBBE7E7C6C61->s1: matchIndex: updateToMax old=2, new=-1, updated? false
2022-08-02 21:05:55,492 [grpc-default-executor-3] DEBUG leader.FollowerInfo (FollowerInfoImpl.java:lambda$new$1(49)) - s0@group-DBBE7E7C6C61->s2: commitIndex: updateToMax old=1, new=1, updated? false
2022-08-02 21:05:55,492 [grpc-default-executor-3] DEBUG leader.FollowerInfo (FollowerInfoImpl.java:lambda$new$1(49)) - s0@group-DBBE7E7C6C61->s2: matchIndex: updateToMax old=2, new=-1, updated? false
2022-08-02 21:05:55,492 [grpc-default-executor-0] DEBUG leader.FollowerInfo (FollowerInfoImpl.java:lambda$new$1(49)) - s0@group-DBBE7E7C6C61->s1: commitIndex: updateToMax old=1, new=1, updated? false
2022-08-02 21:05:55,493 [grpc-default-executor-0] DEBUG leader.FollowerInfo (FollowerInfoImpl.java:lambda$new$1(49)) - s0@group-DBBE7E7C6C61->s1: matchIndex: updateToMax old=2, new=-1, updated? false
2022-08-02 21:05:55,493 [grpc-default-executor-0] DEBUG leader.FollowerInfo (FollowerInfoImpl.java:lambda$new$1(49)) - s0@group-DBBE7E7C6C61->s2: commitIndex: updateToMax old=1, new=1, updated? false
2022-08-02 21:05:55,493 [grpc-default-executor-0] DEBUG leader.FollowerInfo (FollowerInfoImpl.java:lambda$new$1(49)) - s0@group-DBBE7E7C6C61->s2: matchIndex: updateToMax old=2, new=-1, updated? false
2022-08-02 21:05:55,493 [grpc-default-executor-3] DEBUG leader.FollowerInfo (FollowerInfoImpl.java:lambda$new$1(49)) - s0@group-DBBE7E7C6C61->s1: commitIndex: updateToMax old=1, new=1, updated? false
2022-08-02 21:05:55,493 [grpc-default-executor-3] DEBUG leader.FollowerInfo (FollowerInfoImpl.java:lambda$new$1(49)) - s0@group-DBBE7E7C6C61->s1: matchIndex: updateToMax old=2, new=-1, updated? false
2022-08-02 21:05:55,494 [grpc-default-executor-3] DEBUG leader.FollowerInfo (FollowerInfoImpl.java:lambda$new$1(49)) - s0@group-DBBE7E7C6C61->s2: commitIndex: updateToMax old=1, new=1, updated? false
2022-08-02 21:05:55,494 [grpc-default-executor-3] DEBUG leader.FollowerInfo (FollowerInfoImpl.java:lambda$new$1(49)) - s0@group-DBBE7E7C6C61->s2: matchIndex: updateToMax old=2, new=-1, updated? false
2022-08-02 21:05:55,495 [grpc-default-executor-0] DEBUG leader.FollowerInfo (FollowerInfoImpl.java:lambda$new$1(49)) - s0@group-DBBE7E7C6C61->s1: commitIndex: updateToMax old=1, new=1, updated? false
2022-08-02 21:05:55,495 [grpc-default-executor-0] DEBUG leader.FollowerInfo (FollowerInfoImpl.java:lambda$new$1(49)) - s0@group-DBBE7E7C6C61->s1: matchIndex: updateToMax old=2, new=-1, updated? false
2022-08-02 21:05:55,496 [grpc-default-executor-3] DEBUG leader.FollowerInfo (FollowerInfoImpl.java:lambda$new$1(49)) - s0@group-DBBE7E7C6C61->s2: commitIndex: updateToMax old=1, new=1, updated? false
2022-08-02 21:05:55,496 [grpc-default-executor-3] DEBUG leader.FollowerInfo (FollowerInfoImpl.java:lambda$new$1(49)) - s0@group-DBBE7E7C6C61->s2: matchIndex: updateToMax old=2, new=-1, updated? false
2022-08-02 21:05:55,499 [grpc-default-executor-3] DEBUG leader.FollowerInfo (FollowerInfoImpl.java:lambda$new$1(49)) - s0@group-DBBE7E7C6C61->s1: commitIndex: updateToMax old=1, new=1, updated? false
2022-08-02 21:05:55,499 [grpc-default-executor-3] DEBUG leader.FollowerInfo (FollowerInfoImpl.java:lambda$new$1(49)) - s0@group-DBBE7E7C6C61->s1: matchIndex: updateToMax old=2, new=-1, updated? false
2022-08-02 21:05:55,500 [grpc-default-executor-0] DEBUG leader.FollowerInfo (FollowerInfoImpl.java:lambda$new$1(49)) - s0@group-DBBE7E7C6C61->s2: commitIndex: updateToMax old=1, new=1, updated? false
2022-08-02 21:05:55,500 [grpc-default-executor-0] DEBUG leader.FollowerInfo (FollowerInfoImpl.java:lambda$new$1(49)) - s0@group-DBBE7E7C6C61->s2: matchIndex: updateToMax old=2, new=-1, updated? false
2022-08-02 21:05:55,500 [grpc-default-executor-3] DEBUG leader.FollowerInfo (FollowerInfoImpl.java:lambda$new$1(49)) - s0@group-DBBE7E7C6C61->s1: commitIndex: updateToMax old=1, new=1, updated? false
2022-08-02 21:05:55,500 [grpc-default-executor-3] DEBUG leader.FollowerInfo (FollowerInfoImpl.java:lambda$new$1(49)) - s0@group-DBBE7E7C6C61->s1: matchIndex: updateToMax old=2, new=-1, updated? false
2022-08-02 21:05:55,501 [grpc-default-executor-3] DEBUG leader.FollowerInfo (FollowerInfoImpl.java:lambda$new$1(49)) - s0@group-DBBE7E7C6C61->s2: commitIndex: updateToMax old=1, new=1, updated? false
2022-08-02 21:05:55,501 [grpc-default-executor-3] DEBUG leader.FollowerInfo (FollowerInfoImpl.java:lambda$new$1(49)) - s0@group-DBBE7E7C6C61->s2: matchIndex: updateToMax old=2, new=-1, updated? false
2022-08-02 21:05:55,502 [grpc-default-executor-0] DEBUG leader.FollowerInfo (FollowerInfoImpl.java:lambda$new$1(49)) - s0@group-DBBE7E7C6C61->s1: commitIndex: updateToMax old=1, new=1, updated? false
2022-08-02 21:05:55,502 [grpc-default-executor-0] DEBUG leader.FollowerInfo (FollowerInfoImpl.java:lambda$new$1(49)) - s0@group-DBBE7E7C6C61->s1: matchIndex: updateToMax old=2, new=-1, updated? false
2022-08-02 21:05:55,502 [grpc-default-executor-3] DEBUG leader.FollowerInfo (FollowerInfoImpl.java:lambda$new$1(49)) - s0@group-DBBE7E7C6C61->s2: commitIndex: updateToMax old=1, new=1, updated? false
2022-08-02 21:05:55,502 [grpc-default-executor-3] DEBUG leader.FollowerInfo (FollowerInfoImpl.java:lambda$new$1(49)) - s0@group-DBBE7E7C6C61->s2: matchIndex: updateToMax old=2, new=-1, updated? false
2022-08-02 21:05:55,503 [grpc-default-executor-0] DEBUG leader.FollowerInfo (FollowerInfoImpl.java:lambda$new$1(49)) - s0@group-DBBE7E7C6C61->s1: commitIndex: updateToMax old=1, new=1, updated? false
2022-08-02 21:05:55,503 [grpc-default-executor-0] DEBUG leader.FollowerInfo (FollowerInfoImpl.java:lambda$new$1(49)) - s0@group-DBBE7E7C6C61->s1: matchIndex: updateToMax old=2, new=-1, updated? false
2022-08-02 21:05:55,504 [grpc-default-executor-3] DEBUG leader.FollowerInfo (FollowerInfoImpl.java:lambda$new$1(49)) - s0@group-DBBE7E7C6C61->s2: commitIndex: updateToMax old=1, new=1, updated? false
2022-08-02 21:05:55,504 [grpc-default-executor-3] DEBUG leader.FollowerInfo (FollowerInfoImpl.java:lambda$new$1(49)) - s0@group-DBBE7E7C6C61->s2: matchIndex: updateToMax old=2, new=-1, updated? false
2022-08-02 21:05:55,504 [grpc-default-executor-0] DEBUG leader.FollowerInfo (FollowerInfoImpl.java:lambda$new$1(49)) - s0@group-DBBE7E7C6C61->s1: commitIndex: updateToMax old=1, new=1, updated? false
2022-08-02 21:05:55,504 [grpc-default-executor-0] DEBUG leader.FollowerInfo (FollowerInfoImpl.java:lambda$new$1(49)) - s0@group-DBBE7E7C6C61->s1: matchIndex: updateToMax old=2, new=-1, updated? false
2022-08-02 21:05:55,505 [grpc-default-executor-0] DEBUG leader.FollowerInfo (FollowerInfoImpl.java:lambda$new$1(49)) - s0@group-DBBE7E7C6C61->s2: commitIndex: updateToMax old=1, new=1, updated? false
2022-08-02 21:05:55,505 [grpc-default-executor-0] DEBUG leader.FollowerInfo (FollowerInfoImpl.java:lambda$new$1(49)) - s0@group-DBBE7E7C6C61->s2: matchIndex: updateToMax old=2, new=-1, updated? false
2022-08-02 21:05:55,505 [grpc-default-executor-3] DEBUG leader.FollowerInfo (FollowerInfoImpl.java:lambda$new$1(49)) - s0@group-DBBE7E7C6C61->s1: commitIndex: updateToMax old=1, new=1, updated? false
2022-08-02 21:05:55,505 [grpc-default-executor-3] DEBUG leader.FollowerInfo (FollowerInfoImpl.java:lambda$new$1(49)) - s0@group-DBBE7E7C6C61->s1: matchIndex: updateToMax old=2, new=-1, updated? false
2022-08-02 21:05:55,506 [grpc-default-executor-0] DEBUG leader.FollowerInfo (FollowerInfoImpl.java:lambda$new$1(49)) - s0@group-DBBE7E7C6C61->s2: commitIndex: updateToMax old=1, new=1, updated? false
2022-08-02 21:05:55,506 [grpc-default-executor-0] DEBUG leader.FollowerInfo (FollowerInfoImpl.java:lambda$new$1(49)) - s0@group-DBBE7E7C6C61->s2: matchIndex: updateToMax old=2, new=-1, updated? false
2022-08-02 21:05:55,507 [grpc-default-executor-3] DEBUG leader.FollowerInfo (FollowerInfoImpl.java:lambda$new$1(49)) - s0@group-DBBE7E7C6C61->s1: commitIndex: updateToMax old=1, new=1, updated? false
2022-08-02 21:05:55,507 [grpc-default-executor-3] DEBUG leader.FollowerInfo (FollowerInfoImpl.java:lambda$new$1(49)) - s0@group-DBBE7E7C6C61->s1: matchIndex: updateToMax old=2, new=-1, updated? false
2022-08-02 21:05:55,508 [grpc-default-executor-0] DEBUG leader.FollowerInfo (FollowerInfoImpl.java:lambda$new$1(49)) - s0@group-DBBE7E7C6C61->s2: commitIndex: updateToMax old=1, new=1, updated? false
2022-08-02 21:05:55,508 [grpc-default-executor-0] DEBUG leader.FollowerInfo (FollowerInfoImpl.java:lambda$new$1(49)) - s0@group-DBBE7E7C6C61->s2: matchIndex: updateToMax old=2, new=-1, updated? false
2022-08-02 21:05:55,508 [grpc-default-executor-3] DEBUG leader.FollowerInfo (FollowerInfoImpl.java:lambda$new$1(49)) - s0@group-DBBE7E7C6C61->s1: commitIndex: updateToMax old=1, new=1, updated? false
2022-08-02 21:05:55,508 [grpc-default-executor-3] DEBUG leader.FollowerInfo (FollowerInfoImpl.java:lambda$new$1(49)) - s0@group-DBBE7E7C6C61->s1: matchIndex: updateToMax old=2, new=-1, updated? false
2022-08-02 21:05:55,509 [grpc-default-executor-0] DEBUG leader.FollowerInfo (FollowerInfoImpl.java:lambda$new$1(49)) - s0@group-DBBE7E7C6C61->s2: commitIndex: updateToMax old=1, new=1, updated? false
2022-08-02 21:05:55,509 [grpc-default-executor-0] DEBUG leader.FollowerInfo (FollowerInfoImpl.java:lambda$new$1(49)) - s0@group-DBBE7E7C6C61->s2: matchIndex: updateToMax old=2, new=-1, updated? false
2022-08-02 21:05:55,510 [grpc-default-executor-3] DEBUG leader.FollowerInfo (FollowerInfoImpl.java:lambda$new$1(49)) - s0@group-DBBE7E7C6C61->s1: commitIndex: updateToMax old=1, new=1, updated? false
2022-08-02 21:05:55,510 [grpc-default-executor-3] DEBUG leader.FollowerInfo (FollowerInfoImpl.java:lambda$new$1(49)) - s0@group-DBBE7E7C6C61->s1: matchIndex: updateToMax old=2, new=-1, updated? false
2022-08-02 21:05:55,510 [grpc-default-executor-0] DEBUG leader.FollowerInfo (FollowerInfoImpl.java:lambda$new$1(49)) - s0@group-DBBE7E7C6C61->s2: commitIndex: updateToMax old=1, new=1, updated? false
2022-08-02 21:05:55,510 [grpc-default-executor-0] DEBUG leader.FollowerInfo (FollowerInfoImpl.java:lambda$new$1(49)) - s0@group-DBBE7E7C6C61->s2: matchIndex: updateToMax old=2, new=-1, updated? false
2022-08-02 21:05:55,511 [grpc-default-executor-3] DEBUG leader.FollowerInfo (FollowerInfoImpl.java:lambda$new$1(49)) - s0@group-DBBE7E7C6C61->s1: commitIndex: updateToMax old=1, new=1, updated? false
2022-08-02 21:05:55,511 [grpc-default-executor-3] DEBUG leader.FollowerInfo (FollowerInfoImpl.java:lambda$new$1(49)) - s0@group-DBBE7E7C6C61->s1: matchIndex: updateToMax old=2, new=-1, updated? false
2022-08-02 21:05:55,512 [grpc-default-executor-0] DEBUG leader.FollowerInfo (FollowerInfoImpl.java:lambda$new$1(49)) - s0@group-DBBE7E7C6C61->s2: commitIndex: updateToMax old=1, new=1, updated? false
2022-08-02 21:05:55,512 [grpc-default-executor-0] DEBUG leader.FollowerInfo (FollowerInfoImpl.java:lambda$new$1(49)) - s0@group-DBBE7E7C6C61->s2: matchIndex: updateToMax old=2, new=-1, updated? false
2022-08-02 21:05:55,513 [grpc-default-executor-3] DEBUG leader.FollowerInfo (FollowerInfoImpl.java:lambda$new$1(49)) - s0@group-DBBE7E7C6C61->s1: commitIndex: updateToMax old=1, new=1, updated? false
2022-08-02 21:05:55,513 [grpc-default-executor-3] DEBUG leader.FollowerInfo (FollowerInfoImpl.java:lambda$new$1(49)) - s0@group-DBBE7E7C6C61->s1: matchIndex: updateToMax old=2, new=-1, updated? false
2022-08-02 21:05:55,513 [grpc-default-executor-0] DEBUG leader.FollowerInfo (FollowerInfoImpl.java:lambda$new$1(49)) - s0@group-DBBE7E7C6C61->s2: commitIndex: updateToMax old=1, new=1, updated? false
2022-08-02 21:05:55,513 [grpc-default-executor-0] DEBUG leader.FollowerInfo (FollowerInfoImpl.java:lambda$new$1(49)) - s0@group-DBBE7E7C6C61->s2: matchIndex: updateToMax old=2, new=-1, updated? false
2022-08-02 21:05:55,514 [grpc-default-executor-3] DEBUG leader.FollowerInfo (FollowerInfoImpl.java:lambda$new$1(49)) - s0@group-DBBE7E7C6C61->s1: commitIndex: updateToMax old=1, new=1, updated? false
2022-08-02 21:05:55,514 [grpc-default-executor-3] DEBUG leader.FollowerInfo (FollowerInfoImpl.java:lambda$new$1(49)) - s0@group-DBBE7E7C6C61->s1: matchIndex: updateToMax old=2, new=-1, updated? false
2022-08-02 21:05:55,515 [grpc-default-executor-0] DEBUG leader.FollowerInfo (FollowerInfoImpl.java:lambda$new$1(49)) - s0@group-DBBE7E7C6C61->s2: commitIndex: updateToMax old=1, new=1, updated? false
2022-08-02 21:05:55,515 [grpc-default-executor-0] DEBUG leader.FollowerInfo (FollowerInfoImpl.java:lambda$new$1(49)) - s0@group-DBBE7E7C6C61->s2: matchIndex: updateToMax old=2, new=-1, updated? false
2022-08-02 21:05:55,516 [grpc-default-executor-3] DEBUG leader.FollowerInfo (FollowerInfoImpl.java:lambda$new$1(49)) - s0@group-DBBE7E7C6C61->s1: commitIndex: updateToMax old=1, new=1, updated? false
2022-08-02 21:05:55,516 [grpc-default-executor-3] DEBUG leader.FollowerInfo (FollowerInfoImpl.java:lambda$new$1(49)) - s0@group-DBBE7E7C6C61->s1: matchIndex: updateToMax old=2, new=-1, updated? false
2022-08-02 21:05:55,516 [grpc-default-executor-0] DEBUG leader.FollowerInfo (FollowerInfoImpl.java:lambda$new$1(49)) - s0@group-DBBE7E7C6C61->s2: commitIndex: updateToMax old=1, new=1, updated? false
2022-08-02 21:05:55,516 [grpc-default-executor-0] DEBUG leader.FollowerInfo (FollowerInfoImpl.java:lambda$new$1(49)) - s0@group-DBBE7E7C6C61->s2: matchIndex: updateToMax old=2, new=-1, updated? false
2022-08-02 21:05:55,517 [grpc-default-executor-3] DEBUG leader.FollowerInfo (FollowerInfoImpl.java:lambda$new$1(49)) - s0@group-DBBE7E7C6C61->s1: commitIndex: updateToMax old=1, new=1, updated? false
2022-08-02 21:05:55,517 [grpc-default-executor-3] DEBUG leader.FollowerInfo (FollowerInfoImpl.java:lambda$new$1(49)) - s0@group-DBBE7E7C6C61->s1: matchIndex: updateToMax old=2, new=-1, updated? false
2022-08-02 21:05:55,518 [grpc-default-executor-0] DEBUG leader.FollowerInfo (FollowerInfoImpl.java:lambda$new$1(49)) - s0@group-DBBE7E7C6C61->s2: commitIndex: updateToMax old=1, new=1, updated? false
2022-08-02 21:05:55,518 [grpc-default-executor-0] DEBUG leader.FollowerInfo (FollowerInfoImpl.java:lambda$new$1(49)) - s0@group-DBBE7E7C6C61->s2: matchIndex: updateToMax old=2, new=-1, updated? false
2022-08-02 21:05:55,519 [grpc-default-executor-3] DEBUG leader.FollowerInfo (FollowerInfoImpl.java:lambda$new$1(49)) - s0@group-DBBE7E7C6C61->s1: commitIndex: updateToMax old=1, new=1, updated? false
2022-08-02 21:05:55,519 [grpc-default-executor-3] DEBUG leader.FollowerInfo (FollowerInfoImpl.java:lambda$new$1(49)) - s0@group-DBBE7E7C6C61->s1: matchIndex: updateToMax old=2, new=-1, updated? false
2022-08-02 21:05:55,519 [grpc-default-executor-0] DEBUG leader.FollowerInfo (FollowerInfoImpl.java:lambda$new$1(49)) - s0@group-DBBE7E7C6C61->s2: commitIndex: updateToMax old=1, new=1, updated? false
2022-08-02 21:05:55,519 [grpc-default-executor-0] DEBUG leader.FollowerInfo (FollowerInfoImpl.java:lambda$new$1(49)) - s0@group-DBBE7E7C6C61->s2: matchIndex: updateToMax old=2, new=-1, updated? false
2022-08-02 21:05:55,520 [grpc-default-executor-3] DEBUG leader.FollowerInfo (FollowerInfoImpl.java:lambda$new$1(49)) - s0@group-DBBE7E7C6C61->s1: commitIndex: updateToMax old=1, new=1, updated? false
2022-08-02 21:05:55,520 [grpc-default-executor-3] DEBUG leader.FollowerInfo (FollowerInfoImpl.java:lambda$new$1(49)) - s0@group-DBBE7E7C6C61->s1: matchIndex: updateToMax old=2, new=-1, updated? false
2022-08-02 21:05:55,521 [grpc-default-executor-0] DEBUG leader.FollowerInfo (FollowerInfoImpl.java:lambda$new$1(49)) - s0@group-DBBE7E7C6C61->s2: commitIndex: updateToMax old=1, new=1, updated? false
2022-08-02 21:05:55,521 [grpc-default-executor-0] DEBUG leader.FollowerInfo (FollowerInfoImpl.java:lambda$new$1(49)) - s0@group-DBBE7E7C6C61->s2: matchIndex: updateToMax old=2, new=-1, updated? false
2022-08-02 21:05:55,522 [grpc-default-executor-3] DEBUG leader.FollowerInfo (FollowerInfoImpl.java:lambda$new$1(49)) - s0@group-DBBE7E7C6C61->s1: commitIndex: updateToMax old=1, new=1, updated? false
2022-08-02 21:05:55,522 [grpc-default-executor-3] DEBUG leader.FollowerInfo (FollowerInfoImpl.java:lambda$new$1(49)) - s0@group-DBBE7E7C6C61->s1: matchIndex: updateToMax old=2, new=-1, updated? false
2022-08-02 21:05:55,522 [grpc-default-executor-0] DEBUG leader.FollowerInfo (FollowerInfoImpl.java:lambda$new$1(49)) - s0@group-DBBE7E7C6C61->s2: commitIndex: updateToMax old=1, new=1, updated? false
2022-08-02 21:05:55,522 [grpc-default-executor-0] DEBUG leader.FollowerInfo (FollowerInfoImpl.java:lambda$new$1(49)) - s0@group-DBBE7E7C6C61->s2: matchIndex: updateToMax old=2, new=-1, updated? false
2022-08-02 21:05:55,523 [grpc-default-executor-3] DEBUG leader.FollowerInfo (FollowerInfoImpl.java:lambda$new$1(49)) - s0@group-DBBE7E7C6C61->s1: commitIndex: updateToMax old=1, new=1, updated? false
2022-08-02 21:05:55,523 [grpc-default-executor-3] DEBUG leader.FollowerInfo (FollowerInfoImpl.java:lambda$new$1(49)) - s0@group-DBBE7E7C6C61->s1: matchIndex: updateToMax old=2, new=-1, updated? false
2022-08-02 21:05:55,524 [grpc-default-executor-0] DEBUG leader.FollowerInfo (FollowerInfoImpl.java:lambda$new$1(49)) - s0@group-DBBE7E7C6C61->s2: commitIndex: updateToMax old=1, new=1, updated? false
2022-08-02 21:05:55,524 [grpc-default-executor-0] DEBUG leader.FollowerInfo (FollowerInfoImpl.java:lambda$new$1(49)) - s0@group-DBBE7E7C6C61->s2: matchIndex: updateToMax old=2, new=-1, updated? false
2022-08-02 21:05:55,525 [grpc-default-executor-3] DEBUG leader.FollowerInfo (FollowerInfoImpl.java:lambda$new$1(49)) - s0@group-DBBE7E7C6C61->s1: commitIndex: updateToMax old=1, new=1, updated? false
2022-08-02 21:05:55,525 [grpc-default-executor-3] DEBUG leader.FollowerInfo (FollowerInfoImpl.java:lambda$new$1(49)) - s0@group-DBBE7E7C6C61->s1: matchIndex: updateToMax old=2, new=-1, updated? false
2022-08-02 21:05:55,525 [grpc-default-executor-0] DEBUG leader.FollowerInfo (FollowerInfoImpl.java:lambda$new$1(49)) - s0@group-DBBE7E7C6C61->s2: commitIndex: updateToMax old=1, new=1, updated? false
2022-08-02 21:05:55,525 [grpc-default-executor-0] DEBUG leader.FollowerInfo (FollowerInfoImpl.java:lambda$new$1(49)) - s0@group-DBBE7E7C6C61->s2: matchIndex: updateToMax old=2, new=-1, updated? false
2022-08-02 21:05:55,526 [grpc-default-executor-3] DEBUG leader.FollowerInfo (FollowerInfoImpl.java:lambda$new$1(49)) - s0@group-DBBE7E7C6C61->s1: commitIndex: updateToMax old=1, new=1, updated? false
2022-08-02 21:05:55,526 [grpc-default-executor-3] DEBUG leader.FollowerInfo (FollowerInfoImpl.java:lambda$new$1(49)) - s0@group-DBBE7E7C6C61->s1: matchIndex: updateToMax old=2, new=-1, updated? false
2022-08-02 21:05:55,527 [grpc-default-executor-0] DEBUG leader.FollowerInfo (FollowerInfoImpl.java:lambda$new$1(49)) - s0@group-DBBE7E7C6C61->s2: commitIndex: updateToMax old=1, new=1, updated? false
2022-08-02 21:05:55,527 [grpc-default-executor-0] DEBUG leader.FollowerInfo (FollowerInfoImpl.java:lambda$new$1(49)) - s0@group-DBBE7E7C6C61->s2: matchIndex: updateToMax old=2, new=-1, updated? false
2022-08-02 21:05:55,528 [grpc-default-executor-3] DEBUG leader.FollowerInfo (FollowerInfoImpl.java:lambda$new$1(49)) - s0@group-DBBE7E7C6C61->s1: commitIndex: updateToMax old=1, new=1, updated? false
2022-08-02 21:05:55,528 [grpc-default-executor-3] DEBUG leader.FollowerInfo (FollowerInfoImpl.java:lambda$new$1(49)) - s0@group-DBBE7E7C6C61->s1: matchIndex: updateToMax old=2, new=-1, updated? false
2022-08-02 21:05:55,528 [grpc-default-executor-0] DEBUG leader.FollowerInfo (FollowerInfoImpl.java:lambda$new$1(49)) - s0@group-DBBE7E7C6C61->s2: commitIndex: updateToMax old=1, new=1, updated? false
2022-08-02 21:05:55,528 [grpc-default-executor-0] DEBUG leader.FollowerInfo (FollowerInfoImpl.java:lambda$new$1(49)) - s0@group-DBBE7E7C6C61->s2: matchIndex: updateToMax old=2, new=-1, updated? false
2022-08-02 21:05:55,529 [grpc-default-executor-0] DEBUG leader.FollowerInfo (FollowerInfoImpl.java:lambda$new$1(49)) - s0@group-DBBE7E7C6C61->s1: commitIndex: updateToMax old=1, new=1, updated? false
2022-08-02 21:05:55,529 [grpc-default-executor-0] DEBUG leader.FollowerInfo (FollowerInfoImpl.java:lambda$new$1(49)) - s0@group-DBBE7E7C6C61->s1: matchIndex: updateToMax old=2, new=-1, updated? false
2022-08-02 21:05:55,529 [grpc-default-executor-3] DEBUG leader.FollowerInfo (FollowerInfoImpl.java:lambda$new$1(49)) - s0@group-DBBE7E7C6C61->s2: commitIndex: updateToMax old=1, new=1, updated? false
2022-08-02 21:05:55,529 [grpc-default-executor-3] DEBUG leader.FollowerInfo (FollowerInfoImpl.java:lambda$new$1(49)) - s0@group-DBBE7E7C6C61->s2: matchIndex: updateToMax old=2, new=-1, updated? false
2022-08-02 21:05:55,531 [grpc-default-executor-0] DEBUG leader.FollowerInfo (FollowerInfoImpl.java:lambda$new$1(49)) - s0@group-DBBE7E7C6C61->s1: commitIndex: updateToMax old=1, new=1, updated? false
2022-08-02 21:05:55,531 [grpc-default-executor-0] DEBUG leader.FollowerInfo (FollowerInfoImpl.java:lambda$new$1(49)) - s0@group-DBBE7E7C6C61->s1: matchIndex: updateToMax old=2, new=-1, updated? false
2022-08-02 21:05:55,531 [grpc-default-executor-3] DEBUG leader.FollowerInfo (FollowerInfoImpl.java:lambda$new$1(49)) - s0@group-DBBE7E7C6C61->s2: commitIndex: updateToMax old=1, new=1, updated? false
2022-08-02 21:05:55,531 [grpc-default-executor-3] DEBUG leader.FollowerInfo (FollowerInfoImpl.java:lambda$new$1(49)) - s0@group-DBBE7E7C6C61->s2: matchIndex: updateToMax old=2, new=-1, updated? false
2022-08-02 21:05:55,533 [grpc-default-executor-3] DEBUG leader.FollowerInfo (FollowerInfoImpl.java:lambda$new$1(49)) - s0@group-DBBE7E7C6C61->s2: commitIndex: updateToMax old=1, new=1, updated? false
2022-08-02 21:05:55,533 [grpc-default-executor-3] DEBUG leader.FollowerInfo (FollowerInfoImpl.java:lambda$new$1(49)) - s0@group-DBBE7E7C6C61->s2: matchIndex: updateToMax old=2, new=-1, updated? false
2022-08-02 21:05:55,533 [grpc-default-executor-0] DEBUG leader.FollowerInfo (FollowerInfoImpl.java:lambda$new$1(49)) - s0@group-DBBE7E7C6C61->s1: commitIndex: updateToMax old=1, new=1, updated? false
2022-08-02 21:05:55,533 [grpc-default-executor-0] DEBUG leader.FollowerInfo (FollowerInfoImpl.java:lambda$new$1(49)) - s0@group-DBBE7E7C6C61->s1: matchIndex: updateToMax old=2, new=-1, updated? false
2022-08-02 21:05:55,535 [grpc-default-executor-0] DEBUG leader.FollowerInfo (FollowerInfoImpl.java:lambda$new$1(49)) - s0@group-DBBE7E7C6C61->s2: commitIndex: updateToMax old=1, new=1, updated? false
2022-08-02 21:05:55,535 [grpc-default-executor-0] DEBUG leader.FollowerInfo (FollowerInfoImpl.java:lambda$new$1(49)) - s0@group-DBBE7E7C6C61->s2: matchIndex: updateToMax old=2, new=-1, updated? false
2022-08-02 21:05:55,543 [grpc-default-executor-3] DEBUG leader.FollowerInfo (FollowerInfoImpl.java:lambda$new$1(49)) - s0@group-DBBE7E7C6C61->s1: commitIndex: updateToMax old=1, new=1, updated? false
2022-08-02 21:05:55,544 [grpc-default-executor-3] DEBUG leader.FollowerInfo (FollowerInfoImpl.java:lambda$new$1(49)) - s0@group-DBBE7E7C6C61->s1: matchIndex: updateToMax old=2, new=-1, updated? false
2022-08-02 21:05:55,544 [grpc-default-executor-3] DEBUG leader.FollowerInfo (FollowerInfoImpl.java:lambda$new$1(49)) - s0@group-DBBE7E7C6C61->s2: commitIndex: updateToMax old=1, new=1, updated? false
2022-08-02 21:05:55,544 [grpc-default-executor-3] DEBUG leader.FollowerInfo (FollowerInfoImpl.java:lambda$new$1(49)) - s0@group-DBBE7E7C6C61->s2: matchIndex: updateToMax old=2, new=-1, updated? false
2022-08-02 21:05:55,545 [grpc-default-executor-3] DEBUG leader.FollowerInfo (FollowerInfoImpl.java:lambda$new$1(49)) - s0@group-DBBE7E7C6C61->s1: commitIndex: updateToMax old=1, new=1, updated? false
2022-08-02 21:05:55,545 [grpc-default-executor-3] DEBUG leader.FollowerInfo (FollowerInfoImpl.java:lambda$new$1(49)) - s0@group-DBBE7E7C6C61->s1: matchIndex: updateToMax old=2, new=-1, updated? false
2022-08-02 21:05:55,545 [grpc-default-executor-3] DEBUG leader.FollowerInfo (FollowerInfoImpl.java:lambda$new$1(49)) - s0@group-DBBE7E7C6C61->s2: commitIndex: updateToMax old=1, new=1, updated? false
2022-08-02 21:05:55,545 [grpc-default-executor-3] DEBUG leader.FollowerInfo (FollowerInfoImpl.java:lambda$new$1(49)) - s0@group-DBBE7E7C6C61->s2: matchIndex: updateToMax old=2, new=-1, updated? false
2022-08-02 21:05:55,546 [grpc-default-executor-3] DEBUG leader.FollowerInfo (FollowerInfoImpl.java:lambda$new$1(49)) - s0@group-DBBE7E7C6C61->s1: commitIndex: updateToMax old=1, new=1, updated? false
2022-08-02 21:05:55,546 [grpc-default-executor-3] DEBUG leader.FollowerInfo (FollowerInfoImpl.java:lambda$new$1(49)) - s0@group-DBBE7E7C6C61->s1: matchIndex: updateToMax old=2, new=-1, updated? false
2022-08-02 21:05:55,546 [grpc-default-executor-3] DEBUG leader.FollowerInfo (FollowerInfoImpl.java:lambda$new$1(49)) - s0@group-DBBE7E7C6C61->s2: commitIndex: updateToMax old=1, new=1, updated? false
2022-08-02 21:05:55,546 [grpc-default-executor-3] DEBUG leader.FollowerInfo (FollowerInfoImpl.java:lambda$new$1(49)) - s0@group-DBBE7E7C6C61->s2: matchIndex: updateToMax old=2, new=-1, updated? false
2022-08-02 21:05:55,547 [grpc-default-executor-0] DEBUG leader.FollowerInfo (FollowerInfoImpl.java:lambda$new$1(49)) - s0@group-DBBE7E7C6C61->s1: commitIndex: updateToMax old=1, new=1, updated? false
2022-08-02 21:05:55,547 [grpc-default-executor-0] DEBUG leader.FollowerInfo (FollowerInfoImpl.java:lambda$new$1(49)) - s0@group-DBBE7E7C6C61->s1: matchIndex: updateToMax old=2, new=-1, updated? false
2022-08-02 21:05:55,547 [grpc-default-executor-0] DEBUG leader.FollowerInfo (FollowerInfoImpl.java:lambda$new$1(49)) - s0@group-DBBE7E7C6C61->s2: commitIndex: updateToMax old=1, new=1, updated? false
2022-08-02 21:05:55,547 [grpc-default-executor-0] DEBUG leader.FollowerInfo (FollowerInfoImpl.java:lambda$new$1(49)) - s0@group-DBBE7E7C6C61->s2: matchIndex: updateToMax old=2, new=-1, updated? false
2022-08-02 21:05:55,548 [grpc-default-executor-0] DEBUG leader.FollowerInfo (FollowerInfoImpl.java:lambda$new$1(49)) - s0@group-DBBE7E7C6C61->s1: commitIndex: updateToMax old=1, new=1, updated? false
2022-08-02 21:05:55,548 [grpc-default-executor-0] DEBUG leader.FollowerInfo (FollowerInfoImpl.java:lambda$new$1(49)) - s0@group-DBBE7E7C6C61->s1: matchIndex: updateToMax old=2, new=-1, updated? false
2022-08-02 21:05:55,548 [grpc-default-executor-3] DEBUG leader.FollowerInfo (FollowerInfoImpl.java:lambda$new$1(49)) - s0@group-DBBE7E7C6C61->s2: commitIndex: updateToMax old=1, new=1, updated? false
2022-08-02 21:05:55,548 [grpc-default-executor-3] DEBUG leader.FollowerInfo (FollowerInfoImpl.java:lambda$new$1(49)) - s0@group-DBBE7E7C6C61->s2: matchIndex: updateToMax old=2, new=-1, updated? false
2022-08-02 21:05:55,548 [grpc-default-executor-3] DEBUG leader.FollowerInfo (FollowerInfoImpl.java:lambda$new$1(49)) - s0@group-DBBE7E7C6C61->s1: commitIndex: updateToMax old=1, new=1, updated? false
2022-08-02 21:05:55,548 [grpc-default-executor-3] DEBUG leader.FollowerInfo (FollowerInfoImpl.java:lambda$new$1(49)) - s0@group-DBBE7E7C6C61->s1: matchIndex: updateToMax old=2, new=-1, updated? false
2022-08-02 21:05:55,551 [grpc-default-executor-3] DEBUG leader.FollowerInfo (FollowerInfoImpl.java:lambda$new$1(49)) - s0@group-DBBE7E7C6C61->s2: commitIndex: updateToMax old=1, new=1, updated? false
2022-08-02 21:05:55,551 [grpc-default-executor-3] DEBUG leader.FollowerInfo (FollowerInfoImpl.java:lambda$new$1(49)) - s0@group-DBBE7E7C6C61->s2: matchIndex: updateToMax old=2, new=-1, updated? false
2022-08-02 21:05:55,551 [grpc-default-executor-3] DEBUG leader.FollowerInfo (FollowerInfoImpl.java:lambda$new$1(49)) - s0@group-DBBE7E7C6C61->s1: commitIndex: updateToMax old=1, new=1, updated? false
2022-08-02 21:05:55,551 [grpc-default-executor-3] DEBUG leader.FollowerInfo (FollowerInfoImpl.java:lambda$new$1(49)) - s0@group-DBBE7E7C6C61->s1: matchIndex: updateToMax old=2, new=-1, updated? false
2022-08-02 21:05:55,552 [grpc-default-executor-3] DEBUG leader.FollowerInfo (FollowerInfoImpl.java:lambda$new$1(49)) - s0@group-DBBE7E7C6C61->s2: commitIndex: updateToMax old=1, new=1, updated? false
2022-08-02 21:05:55,552 [grpc-default-executor-3] DEBUG leader.FollowerInfo (FollowerInfoImpl.java:lambda$new$1(49)) - s0@group-DBBE7E7C6C61->s2: matchIndex: updateToMax old=2, new=-1, updated? false
2022-08-02 21:05:55,552 [grpc-default-executor-3] DEBUG leader.FollowerInfo (FollowerInfoImpl.java:lambda$new$1(49)) - s0@group-DBBE7E7C6C61->s1: commitIndex: updateToMax old=1, new=1, updated? false
2022-08-02 21:05:55,552 [grpc-default-executor-3] DEBUG leader.FollowerInfo (FollowerInfoImpl.java:lambda$new$1(49)) - s0@group-DBBE7E7C6C61->s1: matchIndex: updateToMax old=2, new=-1, updated? false
2022-08-02 21:05:55,552 [grpc-default-executor-0] DEBUG leader.FollowerInfo (FollowerInfoImpl.java:lambda$new$1(49)) - s0@group-DBBE7E7C6C61->s2: commitIndex: updateToMax old=1, new=1, updated? false
2022-08-02 21:05:55,552 [grpc-default-executor-0] DEBUG leader.FollowerInfo (FollowerInfoImpl.java:lambda$new$1(49)) - s0@group-DBBE7E7C6C61->s2: matchIndex: updateToMax old=2, new=-1, updated? false
2022-08-02 21:05:55,553 [grpc-default-executor-0] DEBUG leader.FollowerInfo (FollowerInfoImpl.java:lambda$new$1(49)) - s0@group-DBBE7E7C6C61->s1: commitIndex: updateToMax old=1, new=1, updated? false
2022-08-02 21:05:55,553 [grpc-default-executor-0] DEBUG leader.FollowerInfo (FollowerInfoImpl.java:lambda$new$1(49)) - s0@group-DBBE7E7C6C61->s1: matchIndex: updateToMax old=2, new=-1, updated? false
2022-08-02 21:05:55,553 [grpc-default-executor-0] DEBUG leader.FollowerInfo (FollowerInfoImpl.java:lambda$new$1(49)) - s0@group-DBBE7E7C6C61->s2: commitIndex: updateToMax old=1, new=1, updated? false
2022-08-02 21:05:55,553 [grpc-default-executor-0] DEBUG leader.FollowerInfo (FollowerInfoImpl.java:lambda$new$1(49)) - s0@group-DBBE7E7C6C61->s2: matchIndex: updateToMax old=2, new=-1, updated? false
2022-08-02 21:05:55,554 [grpc-default-executor-3] DEBUG leader.FollowerInfo (FollowerInfoImpl.java:lambda$new$1(49)) - s0@group-DBBE7E7C6C61->s1: commitIndex: updateToMax old=1, new=1, updated? false
2022-08-02 21:05:55,554 [grpc-default-executor-3] DEBUG leader.FollowerInfo (FollowerInfoImpl.java:lambda$new$1(49)) - s0@group-DBBE7E7C6C61->s1: matchIndex: updateToMax old=2, new=-1, updated? false
2022-08-02 21:05:55,554 [grpc-default-executor-3] DEBUG leader.FollowerInfo (FollowerInfoImpl.java:lambda$new$1(49)) - s0@group-DBBE7E7C6C61->s2: commitIndex: updateToMax old=1, new=1, updated? false
2022-08-02 21:05:55,554 [grpc-default-executor-3] DEBUG leader.FollowerInfo (FollowerInfoImpl.java:lambda$new$1(49)) - s0@group-DBBE7E7C6C61->s2: matchIndex: updateToMax old=2, new=-1, updated? false
2022-08-02 21:05:55,555 [grpc-default-executor-3] DEBUG leader.FollowerInfo (FollowerInfoImpl.java:lambda$new$1(49)) - s0@group-DBBE7E7C6C61->s1: commitIndex: updateToMax old=1, new=1, updated? false
2022-08-02 21:05:55,555 [grpc-default-executor-3] DEBUG leader.FollowerInfo (FollowerInfoImpl.java:lambda$new$1(49)) - s0@group-DBBE7E7C6C61->s1: matchIndex: updateToMax old=2, new=-1, updated? false
2022-08-02 21:05:55,556 [grpc-default-executor-0] DEBUG leader.FollowerInfo (FollowerInfoImpl.java:lambda$new$1(49)) - s0@group-DBBE7E7C6C61->s2: commitIndex: updateToMax old=1, new=1, updated? false
2022-08-02 21:05:55,556 [grpc-default-executor-0] DEBUG leader.FollowerInfo (FollowerInfoImpl.java:lambda$new$1(49)) - s0@group-DBBE7E7C6C61->s2: matchIndex: updateToMax old=2, new=-1, updated? false
2022-08-02 21:05:55,558 [grpc-default-executor-3] DEBUG leader.FollowerInfo (FollowerInfoImpl.java:lambda$new$1(49)) - s0@group-DBBE7E7C6C61->s1: commitIndex: updateToMax old=1, new=1, updated? false
2022-08-02 21:05:55,558 [grpc-default-executor-3] DEBUG leader.FollowerInfo (FollowerInfoImpl.java:lambda$new$1(49)) - s0@group-DBBE7E7C6C61->s1: matchIndex: updateToMax old=2, new=-1, updated? false
2022-08-02 21:05:55,558 [grpc-default-executor-3] DEBUG leader.FollowerInfo (FollowerInfoImpl.java:lambda$new$1(49)) - s0@group-DBBE7E7C6C61->s2: commitIndex: updateToMax old=1, new=1, updated? false
2022-08-02 21:05:55,558 [grpc-default-executor-3] DEBUG leader.FollowerInfo (FollowerInfoImpl.java:lambda$new$1(49)) - s0@group-DBBE7E7C6C61->s2: matchIndex: updateToMax old=2, new=-1, updated? false
2022-08-02 21:05:55,559 [grpc-default-executor-0] DEBUG leader.FollowerInfo (FollowerInfoImpl.java:lambda$new$1(49)) - s0@group-DBBE7E7C6C61->s1: commitIndex: updateToMax old=1, new=1, updated? false
2022-08-02 21:05:55,559 [grpc-default-executor-0] DEBUG leader.FollowerInfo (FollowerInfoImpl.java:lambda$new$1(49)) - s0@group-DBBE7E7C6C61->s1: matchIndex: updateToMax old=2, new=-1, updated? false
2022-08-02 21:05:55,559 [grpc-default-executor-0] DEBUG leader.FollowerInfo (FollowerInfoImpl.java:lambda$new$1(49)) - s0@group-DBBE7E7C6C61->s2: commitIndex: updateToMax old=1, new=1, updated? false
2022-08-02 21:05:55,559 [grpc-default-executor-0] DEBUG leader.FollowerInfo (FollowerInfoImpl.java:lambda$new$1(49)) - s0@group-DBBE7E7C6C61->s2: matchIndex: updateToMax old=2, new=-1, updated? false
2022-08-02 21:05:55,560 [grpc-default-executor-3] DEBUG leader.FollowerInfo (FollowerInfoImpl.java:lambda$new$1(49)) - s0@group-DBBE7E7C6C61->s1: commitIndex: updateToMax old=1, new=1, updated? false
2022-08-02 21:05:55,560 [grpc-default-executor-3] DEBUG leader.FollowerInfo (FollowerInfoImpl.java:lambda$new$1(49)) - s0@group-DBBE7E7C6C61->s1: matchIndex: updateToMax old=2, new=-1, updated? false
2022-08-02 21:05:55,560 [grpc-default-executor-0] DEBUG leader.FollowerInfo (FollowerInfoImpl.java:lambda$new$1(49)) - s0@group-DBBE7E7C6C61->s2: commitIndex: updateToMax old=1, new=1, updated? false
2022-08-02 21:05:55,560 [grpc-default-executor-0] DEBUG leader.FollowerInfo (FollowerInfoImpl.java:lambda$new$1(49)) - s0@group-DBBE7E7C6C61->s2: matchIndex: updateToMax old=2, new=-1, updated? false
2022-08-02 21:05:55,561 [grpc-default-executor-0] DEBUG leader.FollowerInfo (FollowerInfoImpl.java:lambda$new$1(49)) - s0@group-DBBE7E7C6C61->s1: commitIndex: updateToMax old=1, new=1, updated? false
2022-08-02 21:05:55,561 [grpc-default-executor-0] DEBUG leader.FollowerInfo (FollowerInfoImpl.java:lambda$new$1(49)) - s0@group-DBBE7E7C6C61->s1: matchIndex: updateToMax old=2, new=-1, updated? false
2022-08-02 21:05:55,563 [grpc-default-executor-0] DEBUG leader.FollowerInfo (FollowerInfoImpl.java:lambda$new$1(49)) - s0@group-DBBE7E7C6C61->s2: commitIndex: updateToMax old=1, new=1, updated? false
2022-08-02 21:05:55,563 [grpc-default-executor-0] DEBUG leader.FollowerInfo (FollowerInfoImpl.java:lambda$new$1(49)) - s0@group-DBBE7E7C6C61->s2: matchIndex: updateToMax old=2, new=-1, updated? false
2022-08-02 21:05:55,564 [grpc-default-executor-0] DEBUG leader.FollowerInfo (FollowerInfoImpl.java:lambda$new$1(49)) - s0@group-DBBE7E7C6C61->s1: commitIndex: updateToMax old=1, new=1, updated? false
2022-08-02 21:05:55,564 [grpc-default-executor-3] DEBUG leader.FollowerInfo (FollowerInfoImpl.java:lambda$new$1(49)) - s0@group-DBBE7E7C6C61->s2: commitIndex: updateToMax old=1, new=1, updated? false
2022-08-02 21:05:55,564 [grpc-default-executor-3] DEBUG leader.FollowerInfo (FollowerInfoImpl.java:lambda$new$1(49)) - s0@group-DBBE7E7C6C61->s2: matchIndex: updateToMax old=2, new=-1, updated? false
2022-08-02 21:05:55,564 [grpc-default-executor-0] DEBUG leader.FollowerInfo (FollowerInfoImpl.java:lambda$new$1(49)) - s0@group-DBBE7E7C6C61->s1: matchIndex: updateToMax old=2, new=-1, updated? false
2022-08-02 21:05:55,568 [grpc-default-executor-3] DEBUG leader.FollowerInfo (FollowerInfoImpl.java:lambda$new$1(49)) - s0@group-DBBE7E7C6C61->s2: commitIndex: updateToMax old=1, new=1, updated? false
2022-08-02 21:05:55,568 [grpc-default-executor-3] DEBUG leader.FollowerInfo (FollowerInfoImpl.java:lambda$new$1(49)) - s0@group-DBBE7E7C6C61->s2: matchIndex: updateToMax old=2, new=-1, updated? false
2022-08-02 21:05:55,569 [grpc-default-executor-0] DEBUG leader.FollowerInfo (FollowerInfoImpl.java:lambda$new$1(49)) - s0@group-DBBE7E7C6C61->s1: commitIndex: updateToMax old=1, new=1, updated? false
2022-08-02 21:05:55,569 [grpc-default-executor-0] DEBUG leader.FollowerInfo (FollowerInfoImpl.java:lambda$new$1(49)) - s0@group-DBBE7E7C6C61->s1: matchIndex: updateToMax old=2, new=-1, updated? false
2022-08-02 21:05:55,569 [grpc-default-executor-3] DEBUG leader.FollowerInfo (FollowerInfoImpl.java:lambda$new$1(49)) - s0@group-DBBE7E7C6C61->s2: commitIndex: updateToMax old=1, new=1, updated? false
2022-08-02 21:05:55,569 [grpc-default-executor-3] DEBUG leader.FollowerInfo (FollowerInfoImpl.java:lambda$new$1(49)) - s0@group-DBBE7E7C6C61->s2: matchIndex: updateToMax old=2, new=-1, updated? false
2022-08-02 21:05:55,570 [grpc-default-executor-0] DEBUG leader.FollowerInfo (FollowerInfoImpl.java:lambda$new$1(49)) - s0@group-DBBE7E7C6C61->s1: commitIndex: updateToMax old=1, new=1, updated? false
2022-08-02 21:05:55,570 [grpc-default-executor-0] DEBUG leader.FollowerInfo (FollowerInfoImpl.java:lambda$new$1(49)) - s0@group-DBBE7E7C6C61->s1: matchIndex: updateToMax old=2, new=-1, updated? false
2022-08-02 21:05:55,571 [grpc-default-executor-3] DEBUG leader.FollowerInfo (FollowerInfoImpl.java:lambda$new$1(49)) - s0@group-DBBE7E7C6C61->s2: commitIndex: updateToMax old=1, new=1, updated? false
2022-08-02 21:05:55,571 [grpc-default-executor-3] DEBUG leader.FollowerInfo (FollowerInfoImpl.java:lambda$new$1(49)) - s0@group-DBBE7E7C6C61->s2: matchIndex: updateToMax old=2, new=-1, updated? false
2022-08-02 21:05:55,572 [grpc-default-executor-0] DEBUG leader.FollowerInfo (FollowerInfoImpl.java:lambda$new$1(49)) - s0@group-DBBE7E7C6C61->s1: commitIndex: updateToMax old=1, new=1, updated? false
2022-08-02 21:05:55,572 [grpc-default-executor-0] DEBUG leader.FollowerInfo (FollowerInfoImpl.java:lambda$new$1(49)) - s0@group-DBBE7E7C6C61->s1: matchIndex: updateToMax old=2, new=-1, updated? false
2022-08-02 21:05:55,573 [grpc-default-executor-3] DEBUG leader.FollowerInfo (FollowerInfoImpl.java:lambda$new$1(49)) - s0@group-DBBE7E7C6C61->s2: commitIndex: updateToMax old=1, new=1, updated? false
2022-08-02 21:05:55,573 [grpc-default-executor-3] DEBUG leader.FollowerInfo (FollowerInfoImpl.java:lambda$new$1(49)) - s0@group-DBBE7E7C6C61->s2: matchIndex: updateToMax old=2, new=-1, updated? false
2022-08-02 21:05:55,573 [grpc-default-executor-0] DEBUG leader.FollowerInfo (FollowerInfoImpl.java:lambda$new$1(49)) - s0@group-DBBE7E7C6C61->s1: commitIndex: updateToMax old=1, new=1, updated? false
2022-08-02 21:05:55,573 [grpc-default-executor-0] DEBUG leader.FollowerInfo (FollowerInfoImpl.java:lambda$new$1(49)) - s0@group-DBBE7E7C6C61->s1: matchIndex: updateToMax old=2, new=-1, updated? false
2022-08-02 21:05:55,574 [grpc-default-executor-3] DEBUG leader.FollowerInfo (FollowerInfoImpl.java:lambda$new$1(49)) - s0@group-DBBE7E7C6C61->s2: commitIndex: updateToMax old=1, new=1, updated? false
2022-08-02 21:05:55,574 [grpc-default-executor-3] DEBUG leader.FollowerInfo (FollowerInfoImpl.java:lambda$new$1(49)) - s0@group-DBBE7E7C6C61->s2: matchIndex: updateToMax old=2, new=-1, updated? false
2022-08-02 21:05:55,575 [grpc-default-executor-0] DEBUG leader.FollowerInfo (FollowerInfoImpl.java:lambda$new$1(49)) - s0@group-DBBE7E7C6C61->s1: commitIndex: updateToMax old=1, new=1, updated? false
2022-08-02 21:05:55,575 [grpc-default-executor-0] DEBUG leader.FollowerInfo (FollowerInfoImpl.java:lambda$new$1(49)) - s0@group-DBBE7E7C6C61->s1: matchIndex: updateToMax old=2, new=-1, updated? false
2022-08-02 21:05:55,575 [grpc-default-executor-3] DEBUG leader.FollowerInfo (FollowerInfoImpl.java:lambda$new$1(49)) - s0@group-DBBE7E7C6C61->s2: commitIndex: updateToMax old=1, new=1, updated? false
2022-08-02 21:05:55,575 [grpc-default-executor-3] DEBUG leader.FollowerInfo (FollowerInfoImpl.java:lambda$new$1(49)) - s0@group-DBBE7E7C6C61->s2: matchIndex: updateToMax old=2, new=-1, updated? false
2022-08-02 21:05:55,576 [grpc-default-executor-0] DEBUG leader.FollowerInfo (FollowerInfoImpl.java:lambda$new$1(49)) - s0@group-DBBE7E7C6C61->s1: commitIndex: updateToMax old=1, new=1, updated? false
2022-08-02 21:05:55,576 [grpc-default-executor-0] DEBUG leader.FollowerInfo (FollowerInfoImpl.java:lambda$new$1(49)) - s0@group-DBBE7E7C6C61->s1: matchIndex: updateToMax old=2, new=-1, updated? false
2022-08-02 21:05:55,577 [grpc-default-executor-3] DEBUG leader.FollowerInfo (FollowerInfoImpl.java:lambda$new$1(49)) - s0@group-DBBE7E7C6C61->s2: commitIndex: updateToMax old=1, new=1, updated? false
2022-08-02 21:05:55,577 [grpc-default-executor-3] DEBUG leader.FollowerInfo (FollowerInfoImpl.java:lambda$new$1(49)) - s0@group-DBBE7E7C6C61->s2: matchIndex: updateToMax old=2, new=-1, updated? false
2022-08-02 21:05:55,578 [grpc-default-executor-0] DEBUG leader.FollowerInfo (FollowerInfoImpl.java:lambda$new$1(49)) - s0@group-DBBE7E7C6C61->s1: commitIndex: updateToMax old=1, new=1, updated? false
2022-08-02 21:05:55,578 [grpc-default-executor-0] DEBUG leader.FollowerInfo (FollowerInfoImpl.java:lambda$new$1(49)) - s0@group-DBBE7E7C6C61->s1: matchIndex: updateToMax old=2, new=-1, updated? false
2022-08-02 21:05:55,578 [grpc-default-executor-3] DEBUG leader.FollowerInfo (FollowerInfoImpl.java:lambda$new$1(49)) - s0@group-DBBE7E7C6C61->s2: commitIndex: updateToMax old=1, new=1, updated? false
2022-08-02 21:05:55,578 [grpc-default-executor-3] DEBUG leader.FollowerInfo (FollowerInfoImpl.java:lambda$new$1(49)) - s0@group-DBBE7E7C6C61->s2: matchIndex: updateToMax old=2, new=-1, updated? false
2022-08-02 21:05:55,579 [grpc-default-executor-0] DEBUG leader.FollowerInfo (FollowerInfoImpl.java:lambda$new$1(49)) - s0@group-DBBE7E7C6C61->s1: commitIndex: updateToMax old=1, new=1, updated? false
2022-08-02 21:05:55,579 [grpc-default-executor-0] DEBUG leader.FollowerInfo (FollowerInfoImpl.java:lambda$new$1(49)) - s0@group-DBBE7E7C6C61->s1: matchIndex: updateToMax old=2, new=-1, updated? false
2022-08-02 21:05:55,580 [grpc-default-executor-3] DEBUG leader.FollowerInfo (FollowerInfoImpl.java:lambda$new$1(49)) - s0@group-DBBE7E7C6C61->s2: commitIndex: updateToMax old=1, new=1, updated? false
2022-08-02 21:05:55,580 [grpc-default-executor-3] DEBUG leader.FollowerInfo (FollowerInfoImpl.java:lambda$new$1(49)) - s0@group-DBBE7E7C6C61->s2: matchIndex: updateToMax old=2, new=-1, updated? false
2022-08-02 21:05:55,581 [grpc-default-executor-0] DEBUG leader.FollowerInfo (FollowerInfoImpl.java:lambda$new$1(49)) - s0@group-DBBE7E7C6C61->s1: commitIndex: updateToMax old=1, new=1, updated? false
2022-08-02 21:05:55,581 [grpc-default-executor-0] DEBUG leader.FollowerInfo (FollowerInfoImpl.java:lambda$new$1(49)) - s0@group-DBBE7E7C6C61->s1: matchIndex: updateToMax old=2, new=-1, updated? false
2022-08-02 21:05:55,581 [grpc-default-executor-3] DEBUG leader.FollowerInfo (FollowerInfoImpl.java:lambda$new$1(49)) - s0@group-DBBE7E7C6C61->s2: commitIndex: updateToMax old=1, new=1, updated? false
2022-08-02 21:05:55,581 [grpc-default-executor-3] DEBUG leader.FollowerInfo (FollowerInfoImpl.java:lambda$new$1(49)) - s0@group-DBBE7E7C6C61->s2: matchIndex: updateToMax old=2, new=-1, updated? false
2022-08-02 21:05:55,582 [grpc-default-executor-0] DEBUG leader.FollowerInfo (FollowerInfoImpl.java:lambda$new$1(49)) - s0@group-DBBE7E7C6C61->s1: commitIndex: updateToMax old=1, new=1, updated? false
2022-08-02 21:05:55,582 [grpc-default-executor-0] DEBUG leader.FollowerInfo (FollowerInfoImpl.java:lambda$new$1(49)) - s0@group-DBBE7E7C6C61->s1: matchIndex: updateToMax old=2, new=-1, updated? false
2022-08-02 21:05:55,583 [grpc-default-executor-3] DEBUG leader.FollowerInfo (FollowerInfoImpl.java:lambda$new$1(49)) - s0@group-DBBE7E7C6C61->s2: commitIndex: updateToMax old=1, new=1, updated? false
2022-08-02 21:05:55,583 [grpc-default-executor-3] DEBUG leader.FollowerInfo (FollowerInfoImpl.java:lambda$new$1(49)) - s0@group-DBBE7E7C6C61->s2: matchIndex: updateToMax old=2, new=-1, updated? false
2022-08-02 21:05:55,584 [grpc-default-executor-0] DEBUG leader.FollowerInfo (FollowerInfoImpl.java:lambda$new$1(49)) - s0@group-DBBE7E7C6C61->s1: commitIndex: updateToMax old=1, new=1, updated? false
2022-08-02 21:05:55,584 [grpc-default-executor-0] DEBUG leader.FollowerInfo (FollowerInfoImpl.java:lambda$new$1(49)) - s0@group-DBBE7E7C6C61->s1: matchIndex: updateToMax old=2, new=-1, updated? false
2022-08-02 21:05:55,584 [grpc-default-executor-3] DEBUG leader.FollowerInfo (FollowerInfoImpl.java:lambda$new$1(49)) - s0@group-DBBE7E7C6C61->s2: commitIndex: updateToMax old=1, new=1, updated? false
2022-08-02 21:05:55,584 [grpc-default-executor-3] DEBUG leader.FollowerInfo (FollowerInfoImpl.java:lambda$new$1(49)) - s0@group-DBBE7E7C6C61->s2: matchIndex: updateToMax old=2, new=-1, updated? false
2022-08-02 21:05:55,585 [grpc-default-executor-0] DEBUG leader.FollowerInfo (FollowerInfoImpl.java:lambda$new$1(49)) - s0@group-DBBE7E7C6C61->s1: commitIndex: updateToMax old=1, new=1, updated? false
2022-08-02 21:05:55,585 [grpc-default-executor-0] DEBUG leader.FollowerInfo (FollowerInfoImpl.java:lambda$new$1(49)) - s0@group-DBBE7E7C6C61->s1: matchIndex: updateToMax old=2, new=-1, updated? false
2022-08-02 21:05:55,586 [grpc-default-executor-3] DEBUG leader.FollowerInfo (FollowerInfoImpl.java:lambda$new$1(49)) - s0@group-DBBE7E7C6C61->s2: commitIndex: updateToMax old=1, new=1, updated? false
2022-08-02 21:05:55,586 [grpc-default-executor-3] DEBUG leader.FollowerInfo (FollowerInfoImpl.java:lambda$new$1(49)) - s0@group-DBBE7E7C6C61->s2: matchIndex: updateToMax old=2, new=-1, updated? false
2022-08-02 21:05:55,586 [grpc-default-executor-0] DEBUG leader.FollowerInfo (FollowerInfoImpl.java:lambda$new$1(49)) - s0@group-DBBE7E7C6C61->s1: commitIndex: updateToMax old=1, new=1, updated? false
2022-08-02 21:05:55,586 [grpc-default-executor-0] DEBUG leader.FollowerInfo (FollowerInfoImpl.java:lambda$new$1(49)) - s0@group-DBBE7E7C6C61->s1: matchIndex: updateToMax old=2, new=-1, updated? false
2022-08-02 21:05:55,587 [grpc-default-executor-3] DEBUG leader.FollowerInfo (FollowerInfoImpl.java:lambda$new$1(49)) - s0@group-DBBE7E7C6C61->s2: commitIndex: updateToMax old=1, new=1, updated? false
2022-08-02 21:05:55,587 [grpc-default-executor-3] DEBUG leader.FollowerInfo (FollowerInfoImpl.java:lambda$new$1(49)) - s0@group-DBBE7E7C6C61->s2: matchIndex: updateToMax old=2, new=-1, updated? false
2022-08-02 21:05:55,588 [grpc-default-executor-0] DEBUG leader.FollowerInfo (FollowerInfoImpl.java:lambda$new$1(49)) - s0@group-DBBE7E7C6C61->s1: commitIndex: updateToMax old=1, new=1, updated? false
2022-08-02 21:05:55,588 [grpc-default-executor-0] DEBUG leader.FollowerInfo (FollowerInfoImpl.java:lambda$new$1(49)) - s0@group-DBBE7E7C6C61->s1: matchIndex: updateToMax old=2, new=-1, updated? false
2022-08-02 21:05:55,588 [grpc-default-executor-3] DEBUG leader.FollowerInfo (FollowerInfoImpl.java:lambda$new$1(49)) - s0@group-DBBE7E7C6C61->s2: commitIndex: updateToMax old=1, new=1, updated? false
2022-08-02 21:05:55,589 [grpc-default-executor-3] DEBUG leader.FollowerInfo (FollowerInfoImpl.java:lambda$new$1(49)) - s0@group-DBBE7E7C6C61->s2: matchIndex: updateToMax old=2, new=-1, updated? false
2022-08-02 21:05:55,589 [grpc-default-executor-0] DEBUG leader.FollowerInfo (FollowerInfoImpl.java:lambda$new$1(49)) - s0@group-DBBE7E7C6C61->s1: commitIndex: updateToMax old=1, new=1, updated? false
2022-08-02 21:05:55,589 [grpc-default-executor-0] DEBUG leader.FollowerInfo (FollowerInfoImpl.java:lambda$new$1(49)) - s0@group-DBBE7E7C6C61->s1: matchIndex: updateToMax old=2, new=-1, updated? false
2022-08-02 21:05:55,590 [grpc-default-executor-3] DEBUG leader.FollowerInfo (FollowerInfoImpl.java:lambda$new$1(49)) - s0@group-DBBE7E7C6C61->s2: commitIndex: updateToMax old=1, new=1, updated? false
2022-08-02 21:05:55,590 [grpc-default-executor-3] DEBUG leader.FollowerInfo (FollowerInfoImpl.java:lambda$new$1(49)) - s0@group-DBBE7E7C6C61->s2: matchIndex: updateToMax old=2, new=-1, updated? false
2022-08-02 21:05:55,591 [grpc-default-executor-0] DEBUG leader.FollowerInfo (FollowerInfoImpl.java:lambda$new$1(49)) - s0@group-DBBE7E7C6C61->s1: commitIndex: updateToMax old=1, new=1, updated? false
2022-08-02 21:05:55,591 [grpc-default-executor-0] DEBUG leader.FollowerInfo (FollowerInfoImpl.java:lambda$new$1(49)) - s0@group-DBBE7E7C6C61->s1: matchIndex: updateToMax old=2, new=-1, updated? false
2022-08-02 21:05:55,591 [grpc-default-executor-3] DEBUG leader.FollowerInfo (FollowerInfoImpl.java:lambda$new$1(49)) - s0@group-DBBE7E7C6C61->s2: commitIndex: updateToMax old=1, new=1, updated? false
2022-08-02 21:05:55,591 [grpc-default-executor-3] DEBUG leader.FollowerInfo (FollowerInfoImpl.java:lambda$new$1(49)) - s0@group-DBBE7E7C6C61->s2: matchIndex: updateToMax old=2, new=-1, updated? false
2022-08-02 21:05:55,592 [grpc-default-executor-0] DEBUG leader.FollowerInfo (FollowerInfoImpl.java:lambda$new$1(49)) - s0@group-DBBE7E7C6C61->s1: commitIndex: updateToMax old=1, new=1, updated? false
2022-08-02 21:05:55,592 [grpc-default-executor-0] DEBUG leader.FollowerInfo (FollowerInfoImpl.java:lambda$new$1(49)) - s0@group-DBBE7E7C6C61->s1: matchIndex: updateToMax old=2, new=-1, updated? false
2022-08-02 21:05:55,593 [grpc-default-executor-3] DEBUG leader.FollowerInfo (FollowerInfoImpl.java:lambda$new$1(49)) - s0@group-DBBE7E7C6C61->s2: commitIndex: updateToMax old=1, new=1, updated? false
2022-08-02 21:05:55,593 [grpc-default-executor-3] DEBUG leader.FollowerInfo (FollowerInfoImpl.java:lambda$new$1(49)) - s0@group-DBBE7E7C6C61->s2: matchIndex: updateToMax old=2, new=-1, updated? false
2022-08-02 21:05:55,594 [grpc-default-executor-0] DEBUG leader.FollowerInfo (FollowerInfoImpl.java:lambda$new$1(49)) - s0@group-DBBE7E7C6C61->s1: commitIndex: updateToMax old=1, new=1, updated? false
2022-08-02 21:05:55,594 [grpc-default-executor-0] DEBUG leader.FollowerInfo (FollowerInfoImpl.java:lambda$new$1(49)) - s0@group-DBBE7E7C6C61->s1: matchIndex: updateToMax old=2, new=-1, updated? false
2022-08-02 21:05:55,594 [grpc-default-executor-3] DEBUG leader.FollowerInfo (FollowerInfoImpl.java:lambda$new$1(49)) - s0@group-DBBE7E7C6C61->s2: commitIndex: updateToMax old=1, new=1, updated? false
2022-08-02 21:05:55,594 [grpc-default-executor-3] DEBUG leader.FollowerInfo (FollowerInfoImpl.java:lambda$new$1(49)) - s0@group-DBBE7E7C6C61->s2: matchIndex: updateToMax old=2, new=-1, updated? false
2022-08-02 21:05:55,595 [grpc-default-executor-0] DEBUG leader.FollowerInfo (FollowerInfoImpl.java:lambda$new$1(49)) - s0@group-DBBE7E7C6C61->s1: commitIndex: updateToMax old=1, new=1, updated? false
2022-08-02 21:05:55,595 [grpc-default-executor-0] DEBUG leader.FollowerInfo (FollowerInfoImpl.java:lambda$new$1(49)) - s0@group-DBBE7E7C6C61->s1: matchIndex: updateToMax old=2, new=-1, updated? false
2022-08-02 21:05:55,596 [grpc-default-executor-3] DEBUG leader.FollowerInfo (FollowerInfoImpl.java:lambda$new$1(49)) - s0@group-DBBE7E7C6C61->s2: commitIndex: updateToMax old=1, new=1, updated? false
2022-08-02 21:05:55,596 [grpc-default-executor-3] DEBUG leader.FollowerInfo (FollowerInfoImpl.java:lambda$new$1(49)) - s0@group-DBBE7E7C6C61->s2: matchIndex: updateToMax old=2, new=-1, updated? false
2022-08-02 21:05:55,596 [grpc-default-executor-0] DEBUG leader.FollowerInfo (FollowerInfoImpl.java:lambda$new$1(49)) - s0@group-DBBE7E7C6C61->s1: commitIndex: updateToMax old=1, new=1, updated? false
2022-08-02 21:05:55,597 [grpc-default-executor-0] DEBUG leader.FollowerInfo (FollowerInfoImpl.java:lambda$new$1(49)) - s0@group-DBBE7E7C6C61->s1: matchIndex: updateToMax old=2, new=-1, updated? false
2022-08-02 21:05:55,597 [grpc-default-executor-3] DEBUG leader.FollowerInfo (FollowerInfoImpl.java:lambda$new$1(49)) - s0@group-DBBE7E7C6C61->s2: commitIndex: updateToMax old=1, new=1, updated? false
2022-08-02 21:05:55,597 [grpc-default-executor-3] DEBUG leader.FollowerInfo (FollowerInfoImpl.java:lambda$new$1(49)) - s0@group-DBBE7E7C6C61->s2: matchIndex: updateToMax old=2, new=-1, updated? false
2022-08-02 21:05:55,598 [grpc-default-executor-0] DEBUG leader.FollowerInfo (FollowerInfoImpl.java:lambda$new$1(49)) - s0@group-DBBE7E7C6C61->s1: commitIndex: updateToMax old=1, new=1, updated? false
2022-08-02 21:05:55,598 [grpc-default-executor-0] DEBUG leader.FollowerInfo (FollowerInfoImpl.java:lambda$new$1(49)) - s0@group-DBBE7E7C6C61->s1: matchIndex: updateToMax old=2, new=-1, updated? false
2022-08-02 21:05:55,599 [grpc-default-executor-3] DEBUG leader.FollowerInfo (FollowerInfoImpl.java:lambda$new$1(49)) - s0@group-DBBE7E7C6C61->s2: commitIndex: updateToMax old=1, new=1, updated? false
2022-08-02 21:05:55,599 [grpc-default-executor-3] DEBUG leader.FollowerInfo (FollowerInfoImpl.java:lambda$new$1(49)) - s0@group-DBBE7E7C6C61->s2: matchIndex: updateToMax old=2, new=-1, updated? false
2022-08-02 21:05:55,599 [grpc-default-executor-0] DEBUG leader.FollowerInfo (FollowerInfoImpl.java:lambda$new$1(49)) - s0@group-DBBE7E7C6C61->s1: commitIndex: updateToMax old=1, new=1, updated? false
2022-08-02 21:05:55,600 [grpc-default-executor-0] DEBUG leader.FollowerInfo (FollowerInfoImpl.java:lambda$new$1(49)) - s0@group-DBBE7E7C6C61->s1: matchIndex: updateToMax old=2, new=-1, updated? false
2022-08-02 21:05:55,600 [grpc-default-executor-3] DEBUG leader.FollowerInfo (FollowerInfoImpl.java:lambda$new$1(49)) - s0@group-DBBE7E7C6C61->s2: commitIndex: updateToMax old=1, new=1, updated? false
2022-08-02 21:05:55,600 [grpc-default-executor-3] DEBUG leader.FollowerInfo (FollowerInfoImpl.java:lambda$new$1(49)) - s0@group-DBBE7E7C6C61->s2: matchIndex: updateToMax old=2, new=-1, updated? false
2022-08-02 21:05:55,601 [grpc-default-executor-0] DEBUG leader.FollowerInfo (FollowerInfoImpl.java:lambda$new$1(49)) - s0@group-DBBE7E7C6C61->s1: commitIndex: updateToMax old=1, new=1, updated? false
2022-08-02 21:05:55,601 [grpc-default-executor-0] DEBUG leader.FollowerInfo (FollowerInfoImpl.java:lambda$new$1(49)) - s0@group-DBBE7E7C6C61->s1: matchIndex: updateToMax old=2, new=-1, updated? false
2022-08-02 21:05:55,602 [grpc-default-executor-3] DEBUG leader.FollowerInfo (FollowerInfoImpl.java:lambda$new$1(49)) - s0@group-DBBE7E7C6C61->s2: commitIndex: updateToMax old=1, new=1, updated? false
2022-08-02 21:05:55,602 [grpc-default-executor-3] DEBUG leader.FollowerInfo (FollowerInfoImpl.java:lambda$new$1(49)) - s0@group-DBBE7E7C6C61->s2: matchIndex: updateToMax old=2, new=-1, updated? false
2022-08-02 21:05:55,602 [grpc-default-executor-0] DEBUG leader.FollowerInfo (FollowerInfoImpl.java:lambda$new$1(49)) - s0@group-DBBE7E7C6C61->s1: commitIndex: updateToMax old=1, new=1, updated? false
2022-08-02 21:05:55,602 [grpc-default-executor-0] DEBUG leader.FollowerInfo (FollowerInfoImpl.java:lambda$new$1(49)) - s0@group-DBBE7E7C6C61->s1: matchIndex: updateToMax old=2, new=-1, updated? false
2022-08-02 21:05:55,603 [grpc-default-executor-3] DEBUG leader.FollowerInfo (FollowerInfoImpl.java:lambda$new$1(49)) - s0@group-DBBE7E7C6C61->s2: commitIndex: updateToMax old=1, new=1, updated? false
2022-08-02 21:05:55,603 [grpc-default-executor-3] DEBUG leader.FollowerInfo (FollowerInfoImpl.java:lambda$new$1(49)) - s0@group-DBBE7E7C6C61->s2: matchIndex: updateToMax old=2, new=-1, updated? false
2022-08-02 21:05:55,604 [grpc-default-executor-0] DEBUG leader.FollowerInfo (FollowerInfoImpl.java:lambda$new$1(49)) - s0@group-DBBE7E7C6C61->s1: commitIndex: updateToMax old=1, new=1, updated? false
2022-08-02 21:05:55,604 [grpc-default-executor-0] DEBUG leader.FollowerInfo (FollowerInfoImpl.java:lambda$new$1(49)) - s0@group-DBBE7E7C6C61->s1: matchIndex: updateToMax old=2, new=-1, updated? false
2022-08-02 21:05:55,604 [grpc-default-executor-3] DEBUG leader.FollowerInfo (FollowerInfoImpl.java:lambda$new$1(49)) - s0@group-DBBE7E7C6C61->s2: commitIndex: updateToMax old=1, new=1, updated? false
2022-08-02 21:05:55,604 [grpc-default-executor-3] DEBUG leader.FollowerInfo (FollowerInfoImpl.java:lambda$new$1(49)) - s0@group-DBBE7E7C6C61->s2: matchIndex: updateToMax old=2, new=-1, updated? false
2022-08-02 21:05:55,605 [grpc-default-executor-0] DEBUG leader.FollowerInfo (FollowerInfoImpl.java:lambda$new$1(49)) - s0@group-DBBE7E7C6C61->s1: commitIndex: updateToMax old=1, new=1, updated? false
2022-08-02 21:05:55,605 [grpc-default-executor-0] DEBUG leader.FollowerInfo (FollowerInfoImpl.java:lambda$new$1(49)) - s0@group-DBBE7E7C6C61->s1: matchIndex: updateToMax old=2, new=-1, updated? false
2022-08-02 21:05:55,606 [grpc-default-executor-3] DEBUG leader.FollowerInfo (FollowerInfoImpl.java:lambda$new$1(49)) - s0@group-DBBE7E7C6C61->s2: commitIndex: updateToMax old=1, new=1, updated? false
2022-08-02 21:05:55,606 [grpc-default-executor-3] DEBUG leader.FollowerInfo (FollowerInfoImpl.java:lambda$new$1(49)) - s0@group-DBBE7E7C6C61->s2: matchIndex: updateToMax old=2, new=-1, updated? false
2022-08-02 21:05:55,606 [grpc-default-executor-0] DEBUG leader.FollowerInfo (FollowerInfoImpl.java:lambda$new$1(49)) - s0@group-DBBE7E7C6C61->s1: commitIndex: updateToMax old=1, new=1, updated? false
2022-08-02 21:05:55,607 [grpc-default-executor-0] DEBUG leader.FollowerInfo (FollowerInfoImpl.java:lambda$new$1(49)) - s0@group-DBBE7E7C6C61->s1: matchIndex: updateToMax old=2, new=-1, updated? false
2022-08-02 21:05:55,607 [grpc-default-executor-3] DEBUG leader.FollowerInfo (FollowerInfoImpl.java:lambda$new$1(49)) - s0@group-DBBE7E7C6C61->s2: commitIndex: updateToMax old=1, new=1, updated? false
2022-08-02 21:05:55,607 [grpc-default-executor-3] DEBUG leader.FollowerInfo (FollowerInfoImpl.java:lambda$new$1(49)) - s0@group-DBBE7E7C6C61->s2: matchIndex: updateToMax old=2, new=-1, updated? false
2022-08-02 21:05:55,608 [grpc-default-executor-0] DEBUG leader.FollowerInfo (FollowerInfoImpl.java:lambda$new$1(49)) - s0@group-DBBE7E7C6C61->s1: commitIndex: updateToMax old=1, new=1, updated? false
2022-08-02 21:05:55,608 [grpc-default-executor-0] DEBUG leader.FollowerInfo (FollowerInfoImpl.java:lambda$new$1(49)) - s0@group-DBBE7E7C6C61->s1: matchIndex: updateToMax old=2, new=-1, updated? false
2022-08-02 21:05:55,609 [grpc-default-executor-3] DEBUG leader.FollowerInfo (FollowerInfoImpl.java:lambda$new$1(49)) - s0@group-DBBE7E7C6C61->s2: commitIndex: updateToMax old=1, new=1, updated? false
2022-08-02 21:05:55,609 [grpc-default-executor-3] DEBUG leader.FollowerInfo (FollowerInfoImpl.java:lambda$new$1(49)) - s0@group-DBBE7E7C6C61->s2: matchIndex: updateToMax old=2, new=-1, updated? false
2022-08-02 21:05:55,609 [grpc-default-executor-0] DEBUG leader.FollowerInfo (FollowerInfoImpl.java:lambda$new$1(49)) - s0@group-DBBE7E7C6C61->s1: commitIndex: updateToMax old=1, new=1, updated? false
2022-08-02 21:05:55,609 [grpc-default-executor-0] DEBUG leader.FollowerInfo (FollowerInfoImpl.java:lambda$new$1(49)) - s0@group-DBBE7E7C6C61->s1: matchIndex: updateToMax old=2, new=-1, updated? false
2022-08-02 21:05:55,610 [grpc-default-executor-3] DEBUG leader.FollowerInfo (FollowerInfoImpl.java:lambda$new$1(49)) - s0@group-DBBE7E7C6C61->s2: commitIndex: updateToMax old=1, new=1, updated? false
2022-08-02 21:05:55,610 [grpc-default-executor-3] DEBUG leader.FollowerInfo (FollowerInfoImpl.java:lambda$new$1(49)) - s0@group-DBBE7E7C6C61->s2: matchIndex: updateToMax old=2, new=-1, updated? false
2022-08-02 21:05:55,611 [grpc-default-executor-0] DEBUG leader.FollowerInfo (FollowerInfoImpl.java:lambda$new$1(49)) - s0@group-DBBE7E7C6C61->s1: commitIndex: updateToMax old=1, new=1, updated? false
2022-08-02 21:05:55,611 [grpc-default-executor-0] DEBUG leader.FollowerInfo (FollowerInfoImpl.java:lambda$new$1(49)) - s0@group-DBBE7E7C6C61->s1: matchIndex: updateToMax old=2, new=-1, updated? false
2022-08-02 21:05:55,612 [grpc-default-executor-3] DEBUG leader.FollowerInfo (FollowerInfoImpl.java:lambda$new$1(49)) - s0@group-DBBE7E7C6C61->s2: commitIndex: updateToMax old=1, new=1, updated? false
2022-08-02 21:05:55,612 [grpc-default-executor-3] DEBUG leader.FollowerInfo (FollowerInfoImpl.java:lambda$new$1(49)) - s0@group-DBBE7E7C6C61->s2: matchIndex: updateToMax old=2, new=-1, updated? false
2022-08-02 21:05:55,612 [grpc-default-executor-0] DEBUG leader.FollowerInfo (FollowerInfoImpl.java:lambda$new$1(49)) - s0@group-DBBE7E7C6C61->s1: commitIndex: updateToMax old=1, new=1, updated? false
2022-08-02 21:05:55,612 [grpc-default-executor-0] DEBUG leader.FollowerInfo (FollowerInfoImpl.java:lambda$new$1(49)) - s0@group-DBBE7E7C6C61->s1: matchIndex: updateToMax old=2, new=-1, updated? false
2022-08-02 21:05:55,613 [grpc-default-executor-3] DEBUG leader.FollowerInfo (FollowerInfoImpl.java:lambda$new$1(49)) - s0@group-DBBE7E7C6C61->s2: commitIndex: updateToMax old=1, new=1, updated? false
2022-08-02 21:05:55,613 [grpc-default-executor-3] DEBUG leader.FollowerInfo (FollowerInfoImpl.java:lambda$new$1(49)) - s0@group-DBBE7E7C6C61->s2: matchIndex: updateToMax old=2, new=-1, updated? false
2022-08-02 21:05:55,614 [grpc-default-executor-0] DEBUG leader.FollowerInfo (FollowerInfoImpl.java:lambda$new$1(49)) - s0@group-DBBE7E7C6C61->s1: commitIndex: updateToMax old=1, new=1, updated? false
2022-08-02 21:05:55,614 [grpc-default-executor-0] DEBUG leader.FollowerInfo (FollowerInfoImpl.java:lambda$new$1(49)) - s0@group-DBBE7E7C6C61->s1: matchIndex: updateToMax old=2, new=-1, updated? false
2022-08-02 21:05:55,614 [grpc-default-executor-3] DEBUG leader.FollowerInfo (FollowerInfoImpl.java:lambda$new$1(49)) - s0@group-DBBE7E7C6C61->s2: commitIndex: updateToMax old=1, new=1, updated? false
2022-08-02 21:05:55,614 [grpc-default-executor-3] DEBUG leader.FollowerInfo (FollowerInfoImpl.java:lambda$new$1(49)) - s0@group-DBBE7E7C6C61->s2: matchIndex: updateToMax old=2, new=-1, updated? false
2022-08-02 21:05:55,615 [grpc-default-executor-0] DEBUG leader.FollowerInfo (FollowerInfoImpl.java:lambda$new$1(49)) - s0@group-DBBE7E7C6C61->s1: commitIndex: updateToMax old=1, new=1, updated? false
2022-08-02 21:05:55,615 [grpc-default-executor-0] DEBUG leader.FollowerInfo (FollowerInfoImpl.java:lambda$new$1(49)) - s0@group-DBBE7E7C6C61->s1: matchIndex: updateToMax old=2, new=-1, updated? false
2022-08-02 21:05:55,616 [grpc-default-executor-3] DEBUG leader.FollowerInfo (FollowerInfoImpl.java:lambda$new$1(49)) - s0@group-DBBE7E7C6C61->s2: commitIndex: updateToMax old=1, new=1, updated? false
2022-08-02 21:05:55,616 [grpc-default-executor-3] DEBUG leader.FollowerInfo (FollowerInfoImpl.java:lambda$new$1(49)) - s0@group-DBBE7E7C6C61->s2: matchIndex: updateToMax old=2, new=-1, updated? false
2022-08-02 21:05:55,617 [java.util.concurrent.ThreadPoolExecutor$Worker@63262e1c[State = -1, empty queue]] WARN  server.GrpcLogAppender (GrpcLogAppender.java:timeoutAppendRequest(285)) - s0@group-DBBE7E7C6C61->s1-GrpcLogAppender:  appendEntries Timeout, request=AppendEntriesRequest:cid=15,entriesCount=1,lastEntry=(t:1, i:3)
2022-08-02 21:05:55,617 [java.util.concurrent.ThreadPoolExecutor$Worker@63262e1c[State = -1, empty queue]] WARN  server.GrpcLogAppender (GrpcLogAppender.java:timeoutAppendRequest(285)) - s0@group-DBBE7E7C6C61->s2-GrpcLogAppender:  appendEntries Timeout, request=AppendEntriesRequest:cid=12,entriesCount=1,lastEntry=(t:1, i:3)
2022-08-02 21:05:55,617 [grpc-default-executor-0] DEBUG leader.FollowerInfo (FollowerInfoImpl.java:lambda$new$1(49)) - s0@group-DBBE7E7C6C61->s1: commitIndex: updateToMax old=1, new=1, updated? false
2022-08-02 21:05:55,617 [grpc-default-executor-0] DEBUG leader.FollowerInfo (FollowerInfoImpl.java:lambda$new$1(49)) - s0@group-DBBE7E7C6C61->s1: matchIndex: updateToMax old=2, new=-1, updated? false
2022-08-02 21:05:55,618 [grpc-default-executor-3] DEBUG leader.FollowerInfo (FollowerInfoImpl.java:lambda$new$1(49)) - s0@group-DBBE7E7C6C61->s2: commitIndex: updateToMax old=1, new=1, updated? false
2022-08-02 21:05:55,618 [grpc-default-executor-3] DEBUG leader.FollowerInfo (FollowerInfoImpl.java:lambda$new$1(49)) - s0@group-DBBE7E7C6C61->s2: matchIndex: updateToMax old=2, new=-1, updated? false
2022-08-02 21:05:55,619 [grpc-default-executor-0] DEBUG leader.FollowerInfo (FollowerInfoImpl.java:lambda$new$1(49)) - s0@group-DBBE7E7C6C61->s1: commitIndex: updateToMax old=1, new=1, updated? false
2022-08-02 21:05:55,619 [grpc-default-executor-0] DEBUG leader.FollowerInfo (FollowerInfoImpl.java:lambda$new$1(49)) - s0@group-DBBE7E7C6C61->s1: matchIndex: updateToMax old=2, new=-1, updated? false
2022-08-02 21:05:55,620 [grpc-default-executor-3] DEBUG leader.FollowerInfo (FollowerInfoImpl.java:lambda$new$1(49)) - s0@group-DBBE7E7C6C61->s2: commitIndex: updateToMax old=1, new=1, updated? false
2022-08-02 21:05:55,620 [grpc-default-executor-3] DEBUG leader.FollowerInfo (FollowerInfoImpl.java:lambda$new$1(49)) - s0@group-DBBE7E7C6C61->s2: matchIndex: updateToMax old=2, new=-1, updated? false
2022-08-02 21:05:55,626 [grpc-default-executor-3] DEBUG leader.FollowerInfo (FollowerInfoImpl.java:lambda$new$1(49)) - s0@group-DBBE7E7C6C61->s2: commitIndex: updateToMax old=1, new=1, updated? false
2022-08-02 21:05:55,626 [grpc-default-executor-3] DEBUG leader.FollowerInfo (FollowerInfoImpl.java:lambda$new$1(49)) - s0@group-DBBE7E7C6C61->s2: matchIndex: updateToMax old=2, new=-1, updated? false
2022-08-02 21:05:55,627 [grpc-default-executor-3] DEBUG leader.FollowerInfo (FollowerInfoImpl.java:lambda$new$1(49)) - s0@group-DBBE7E7C6C61->s2: commitIndex: updateToMax old=1, new=1, updated? false
2022-08-02 21:05:55,627 [grpc-default-executor-3] DEBUG leader.FollowerInfo (FollowerInfoImpl.java:lambda$new$1(49)) - s0@group-DBBE7E7C6C61->s2: matchIndex: updateToMax old=2, new=-1, updated? false
2022-08-02 21:05:55,628 [grpc-default-executor-2] DEBUG leader.FollowerInfo (FollowerInfoImpl.java:lambda$new$1(49)) - s0@group-DBBE7E7C6C61->s1: commitIndex: updateToMax old=1, new=1, updated? false
2022-08-02 21:05:55,628 [grpc-default-executor-2] DEBUG leader.FollowerInfo (FollowerInfoImpl.java:lambda$new$1(49)) - s0@group-DBBE7E7C6C61->s1: matchIndex: updateToMax old=2, new=-1, updated? false
2022-08-02 21:05:55,628 [grpc-default-executor-2] DEBUG leader.FollowerInfo (FollowerInfoImpl.java:lambda$new$1(49)) - s0@group-DBBE7E7C6C61->s2: commitIndex: updateToMax old=1, new=1, updated? false
2022-08-02 21:05:55,628 [grpc-default-executor-2] DEBUG leader.FollowerInfo (FollowerInfoImpl.java:lambda$new$1(49)) - s0@group-DBBE7E7C6C61->s2: matchIndex: updateToMax old=2, new=-1, updated? false
2022-08-02 21:05:55,629 [grpc-default-executor-3] DEBUG leader.FollowerInfo (FollowerInfoImpl.java:lambda$new$1(49)) - s0@group-DBBE7E7C6C61->s1: commitIndex: updateToMax old=1, new=1, updated? false
2022-08-02 21:05:55,629 [grpc-default-executor-3] DEBUG leader.FollowerInfo (FollowerInfoImpl.java:lambda$new$1(49)) - s0@group-DBBE7E7C6C61->s1: matchIndex: updateToMax old=2, new=-1, updated? false
2022-08-02 21:05:55,631 [grpc-default-executor-2] DEBUG leader.FollowerInfo (FollowerInfoImpl.java:lambda$new$1(49)) - s0@group-DBBE7E7C6C61->s2: commitIndex: updateToMax old=1, new=1, updated? false
2022-08-02 21:05:55,632 [grpc-default-executor-2] DEBUG leader.FollowerInfo (FollowerInfoImpl.java:lambda$new$1(49)) - s0@group-DBBE7E7C6C61->s2: matchIndex: updateToMax old=2, new=-1, updated? false
2022-08-02 21:05:55,635 [grpc-default-executor-3] DEBUG leader.FollowerInfo (FollowerInfoImpl.java:lambda$new$1(49)) - s0@group-DBBE7E7C6C61->s1: commitIndex: updateToMax old=1, new=1, updated? false
2022-08-02 21:05:55,636 [grpc-default-executor-3] DEBUG leader.FollowerInfo (FollowerInfoImpl.java:lambda$new$1(49)) - s0@group-DBBE7E7C6C61->s1: matchIndex: updateToMax old=2, new=-1, updated? false
2022-08-02 21:05:55,636 [grpc-default-executor-2] DEBUG leader.FollowerInfo (FollowerInfoImpl.java:lambda$new$1(49)) - s0@group-DBBE7E7C6C61->s2: commitIndex: updateToMax old=1, new=1, updated? false
2022-08-02 21:05:55,636 [grpc-default-executor-2] DEBUG leader.FollowerInfo (FollowerInfoImpl.java:lambda$new$1(49)) - s0@group-DBBE7E7C6C61->s2: matchIndex: updateToMax old=2, new=-1, updated? false
2022-08-02 21:05:55,637 [grpc-default-executor-3] DEBUG leader.FollowerInfo (FollowerInfoImpl.java:lambda$new$1(49)) - s0@group-DBBE7E7C6C61->s1: commitIndex: updateToMax old=1, new=1, updated? false
2022-08-02 21:05:55,637 [grpc-default-executor-3] DEBUG leader.FollowerInfo (FollowerInfoImpl.java:lambda$new$1(49)) - s0@group-DBBE7E7C6C61->s1: matchIndex: updateToMax old=2, new=-1, updated? false
2022-08-02 21:05:55,638 [grpc-default-executor-2] DEBUG leader.FollowerInfo (FollowerInfoImpl.java:lambda$new$1(49)) - s0@group-DBBE7E7C6C61->s2: commitIndex: updateToMax old=1, new=1, updated? false
2022-08-02 21:05:55,638 [grpc-default-executor-2] DEBUG leader.FollowerInfo (FollowerInfoImpl.java:lambda$new$1(49)) - s0@group-DBBE7E7C6C61->s2: matchIndex: updateToMax old=2, new=-1, updated? false
2022-08-02 21:05:55,639 [grpc-default-executor-3] DEBUG leader.FollowerInfo (FollowerInfoImpl.java:lambda$new$1(49)) - s0@group-DBBE7E7C6C61->s1: commitIndex: updateToMax old=1, new=1, updated? false
2022-08-02 21:05:55,639 [grpc-default-executor-3] DEBUG leader.FollowerInfo (FollowerInfoImpl.java:lambda$new$1(49)) - s0@group-DBBE7E7C6C61->s1: matchIndex: updateToMax old=2, new=-1, updated? false
2022-08-02 21:05:55,639 [grpc-default-executor-2] DEBUG leader.FollowerInfo (FollowerInfoImpl.java:lambda$new$1(49)) - s0@group-DBBE7E7C6C61->s2: commitIndex: updateToMax old=1, new=1, updated? false
2022-08-02 21:05:55,639 [grpc-default-executor-2] DEBUG leader.FollowerInfo (FollowerInfoImpl.java:lambda$new$1(49)) - s0@group-DBBE7E7C6C61->s2: matchIndex: updateToMax old=2, new=-1, updated? false
2022-08-02 21:05:55,640 [grpc-default-executor-3] DEBUG leader.FollowerInfo (FollowerInfoImpl.java:lambda$new$1(49)) - s0@group-DBBE7E7C6C61->s1: commitIndex: updateToMax old=1, new=1, updated? false
2022-08-02 21:05:55,640 [grpc-default-executor-3] DEBUG leader.FollowerInfo (FollowerInfoImpl.java:lambda$new$1(49)) - s0@group-DBBE7E7C6C61->s1: matchIndex: updateToMax old=2, new=-1, updated? false
2022-08-02 21:05:55,641 [grpc-default-executor-2] DEBUG leader.FollowerInfo (FollowerInfoImpl.java:lambda$new$1(49)) - s0@group-DBBE7E7C6C61->s2: commitIndex: updateToMax old=1, new=1, updated? false
2022-08-02 21:05:55,641 [grpc-default-executor-2] DEBUG leader.FollowerInfo (FollowerInfoImpl.java:lambda$new$1(49)) - s0@group-DBBE7E7C6C61->s2: matchIndex: updateToMax old=2, new=-1, updated? false
2022-08-02 21:05:55,642 [grpc-default-executor-3] DEBUG leader.FollowerInfo (FollowerInfoImpl.java:lambda$new$1(49)) - s0@group-DBBE7E7C6C61->s1: commitIndex: updateToMax old=1, new=1, updated? false
2022-08-02 21:05:55,642 [grpc-default-executor-3] DEBUG leader.FollowerInfo (FollowerInfoImpl.java:lambda$new$1(49)) - s0@group-DBBE7E7C6C61->s1: matchIndex: updateToMax old=2, new=-1, updated? false
2022-08-02 21:05:55,643 [grpc-default-executor-2] DEBUG leader.FollowerInfo (FollowerInfoImpl.java:lambda$new$1(49)) - s0@group-DBBE7E7C6C61->s2: commitIndex: updateToMax old=1, new=1, updated? false
2022-08-02 21:05:55,643 [grpc-default-executor-2] DEBUG leader.FollowerInfo (FollowerInfoImpl.java:lambda$new$1(49)) - s0@group-DBBE7E7C6C61->s2: matchIndex: updateToMax old=2, new=-1, updated? false
2022-08-02 21:05:55,644 [grpc-default-executor-3] DEBUG leader.FollowerInfo (FollowerInfoImpl.java:lambda$new$1(49)) - s0@group-DBBE7E7C6C61->s1: commitIndex: updateToMax old=1, new=1, updated? false
2022-08-02 21:05:55,644 [grpc-default-executor-3] DEBUG leader.FollowerInfo (FollowerInfoImpl.java:lambda$new$1(49)) - s0@group-DBBE7E7C6C61->s1: matchIndex: updateToMax old=2, new=-1, updated? false
2022-08-02 21:05:55,644 [grpc-default-executor-2] DEBUG leader.FollowerInfo (FollowerInfoImpl.java:lambda$new$1(49)) - s0@group-DBBE7E7C6C61->s2: commitIndex: updateToMax old=1, new=1, updated? false
2022-08-02 21:05:55,644 [grpc-default-executor-2] DEBUG leader.FollowerInfo (FollowerInfoImpl.java:lambda$new$1(49)) - s0@group-DBBE7E7C6C61->s2: matchIndex: updateToMax old=2, new=-1, updated? false
2022-08-02 21:05:55,645 [grpc-default-executor-3] DEBUG leader.FollowerInfo (FollowerInfoImpl.java:lambda$new$1(49)) - s0@group-DBBE7E7C6C61->s1: commitIndex: updateToMax old=1, new=1, updated? false
2022-08-02 21:05:55,645 [grpc-default-executor-3] DEBUG leader.FollowerInfo (FollowerInfoImpl.java:lambda$new$1(49)) - s0@group-DBBE7E7C6C61->s1: matchIndex: updateToMax old=2, new=-1, updated? false
2022-08-02 21:05:55,647 [grpc-default-executor-2] DEBUG leader.FollowerInfo (FollowerInfoImpl.java:lambda$new$1(49)) - s0@group-DBBE7E7C6C61->s2: commitIndex: updateToMax old=1, new=1, updated? false
2022-08-02 21:05:55,647 [grpc-default-executor-2] DEBUG leader.FollowerInfo (FollowerInfoImpl.java:lambda$new$1(49)) - s0@group-DBBE7E7C6C61->s2: matchIndex: updateToMax old=2, new=-1, updated? false
2022-08-02 21:05:55,648 [grpc-default-executor-3] DEBUG leader.FollowerInfo (FollowerInfoImpl.java:lambda$new$1(49)) - s0@group-DBBE7E7C6C61->s1: commitIndex: updateToMax old=1, new=1, updated? false
2022-08-02 21:05:55,648 [grpc-default-executor-3] DEBUG leader.FollowerInfo (FollowerInfoImpl.java:lambda$new$1(49)) - s0@group-DBBE7E7C6C61->s1: matchIndex: updateToMax old=2, new=-1, updated? false
2022-08-02 21:05:55,648 [grpc-default-executor-2] DEBUG leader.FollowerInfo (FollowerInfoImpl.java:lambda$new$1(49)) - s0@group-DBBE7E7C6C61->s2: commitIndex: updateToMax old=1, new=1, updated? false
2022-08-02 21:05:55,649 [grpc-default-executor-2] DEBUG leader.FollowerInfo (FollowerInfoImpl.java:lambda$new$1(49)) - s0@group-DBBE7E7C6C61->s2: matchIndex: updateToMax old=2, new=-1, updated? false
2022-08-02 21:05:55,649 [grpc-default-executor-3] DEBUG leader.FollowerInfo (FollowerInfoImpl.java:lambda$new$1(49)) - s0@group-DBBE7E7C6C61->s1: commitIndex: updateToMax old=1, new=1, updated? false
2022-08-02 21:05:55,649 [grpc-default-executor-3] DEBUG leader.FollowerInfo (FollowerInfoImpl.java:lambda$new$1(49)) - s0@group-DBBE7E7C6C61->s1: matchIndex: updateToMax old=2, new=-1, updated? false
2022-08-02 21:05:55,650 [grpc-default-executor-2] DEBUG leader.FollowerInfo (FollowerInfoImpl.java:lambda$new$1(49)) - s0@group-DBBE7E7C6C61->s2: commitIndex: updateToMax old=1, new=1, updated? false
2022-08-02 21:05:55,650 [grpc-default-executor-2] DEBUG leader.FollowerInfo (FollowerInfoImpl.java:lambda$new$1(49)) - s0@group-DBBE7E7C6C61->s2: matchIndex: updateToMax old=2, new=-1, updated? false
2022-08-02 21:05:55,651 [grpc-default-executor-3] DEBUG leader.FollowerInfo (FollowerInfoImpl.java:lambda$new$1(49)) - s0@group-DBBE7E7C6C61->s1: commitIndex: updateToMax old=1, new=1, updated? false
2022-08-02 21:05:55,651 [grpc-default-executor-3] DEBUG leader.FollowerInfo (FollowerInfoImpl.java:lambda$new$1(49)) - s0@group-DBBE7E7C6C61->s1: matchIndex: updateToMax old=2, new=-1, updated? false
2022-08-02 21:05:55,651 [grpc-default-executor-2] DEBUG leader.FollowerInfo (FollowerInfoImpl.java:lambda$new$1(49)) - s0@group-DBBE7E7C6C61->s2: commitIndex: updateToMax old=1, new=1, updated? false
2022-08-02 21:05:55,651 [grpc-default-executor-2] DEBUG leader.FollowerInfo (FollowerInfoImpl.java:lambda$new$1(49)) - s0@group-DBBE7E7C6C61->s2: matchIndex: updateToMax old=2, new=-1, updated? false
2022-08-02 21:05:55,652 [grpc-default-executor-3] DEBUG leader.FollowerInfo (FollowerInfoImpl.java:lambda$new$1(49)) - s0@group-DBBE7E7C6C61->s1: commitIndex: updateToMax old=1, new=1, updated? false
2022-08-02 21:05:55,652 [grpc-default-executor-3] DEBUG leader.FollowerInfo (FollowerInfoImpl.java:lambda$new$1(49)) - s0@group-DBBE7E7C6C61->s1: matchIndex: updateToMax old=2, new=-1, updated? false
2022-08-02 21:05:55,654 [grpc-default-executor-2] DEBUG leader.FollowerInfo (FollowerInfoImpl.java:lambda$new$1(49)) - s0@group-DBBE7E7C6C61->s2: commitIndex: updateToMax old=1, new=1, updated? false
2022-08-02 21:05:55,654 [grpc-default-executor-2] DEBUG leader.FollowerInfo (FollowerInfoImpl.java:lambda$new$1(49)) - s0@group-DBBE7E7C6C61->s2: matchIndex: updateToMax old=2, new=-1, updated? false
2022-08-02 21:05:55,655 [grpc-default-executor-3] DEBUG leader.FollowerInfo (FollowerInfoImpl.java:lambda$new$1(49)) - s0@group-DBBE7E7C6C61->s1: commitIndex: updateToMax old=1, new=1, updated? false
2022-08-02 21:05:55,655 [grpc-default-executor-3] DEBUG leader.FollowerInfo (FollowerInfoImpl.java:lambda$new$1(49)) - s0@group-DBBE7E7C6C61->s1: matchIndex: updateToMax old=2, new=-1, updated? false
2022-08-02 21:05:55,655 [grpc-default-executor-2] DEBUG leader.FollowerInfo (FollowerInfoImpl.java:lambda$new$1(49)) - s0@group-DBBE7E7C6C61->s2: commitIndex: updateToMax old=1, new=1, updated? false
2022-08-02 21:05:55,655 [grpc-default-executor-2] DEBUG leader.FollowerInfo (FollowerInfoImpl.java:lambda$new$1(49)) - s0@group-DBBE7E7C6C61->s2: matchIndex: updateToMax old=2, new=-1, updated? false
2022-08-02 21:05:55,656 [grpc-default-executor-3] DEBUG leader.FollowerInfo (FollowerInfoImpl.java:lambda$new$1(49)) - s0@group-DBBE7E7C6C61->s1: commitIndex: updateToMax old=1, new=1, updated? false
2022-08-02 21:05:55,656 [grpc-default-executor-3] DEBUG leader.FollowerInfo (FollowerInfoImpl.java:lambda$new$1(49)) - s0@group-DBBE7E7C6C61->s1: matchIndex: updateToMax old=2, new=-1, updated? false
2022-08-02 21:05:55,657 [grpc-default-executor-2] DEBUG leader.FollowerInfo (FollowerInfoImpl.java:lambda$new$1(49)) - s0@group-DBBE7E7C6C61->s2: commitIndex: updateToMax old=1, new=1, updated? false
2022-08-02 21:05:55,657 [grpc-default-executor-2] DEBUG leader.FollowerInfo (FollowerInfoImpl.java:lambda$new$1(49)) - s0@group-DBBE7E7C6C61->s2: matchIndex: updateToMax old=2, new=-1, updated? false
2022-08-02 21:05:55,657 [grpc-default-executor-3] DEBUG leader.FollowerInfo (FollowerInfoImpl.java:lambda$new$1(49)) - s0@group-DBBE7E7C6C61->s1: commitIndex: updateToMax old=1, new=1, updated? false
2022-08-02 21:05:55,657 [grpc-default-executor-3] DEBUG leader.FollowerInfo (FollowerInfoImpl.java:lambda$new$1(49)) - s0@group-DBBE7E7C6C61->s1: matchIndex: updateToMax old=2, new=-1, updated? false
2022-08-02 21:05:55,658 [grpc-default-executor-2] DEBUG leader.FollowerInfo (FollowerInfoImpl.java:lambda$new$1(49)) - s0@group-DBBE7E7C6C61->s2: commitIndex: updateToMax old=1, new=1, updated? false
2022-08-02 21:05:55,658 [grpc-default-executor-2] DEBUG leader.FollowerInfo (FollowerInfoImpl.java:lambda$new$1(49)) - s0@group-DBBE7E7C6C61->s2: matchIndex: updateToMax old=2, new=-1, updated? false
2022-08-02 21:05:55,659 [grpc-default-executor-3] DEBUG leader.FollowerInfo (FollowerInfoImpl.java:lambda$new$1(49)) - s0@group-DBBE7E7C6C61->s1: commitIndex: updateToMax old=1, new=1, updated? false
2022-08-02 21:05:55,659 [grpc-default-executor-3] DEBUG leader.FollowerInfo (FollowerInfoImpl.java:lambda$new$1(49)) - s0@group-DBBE7E7C6C61->s1: matchIndex: updateToMax old=2, new=-1, updated? false
2022-08-02 21:05:55,659 [grpc-default-executor-2] DEBUG leader.FollowerInfo (FollowerInfoImpl.java:lambda$new$1(49)) - s0@group-DBBE7E7C6C61->s2: commitIndex: updateToMax old=1, new=1, updated? false
2022-08-02 21:05:55,660 [grpc-default-executor-2] DEBUG leader.FollowerInfo (FollowerInfoImpl.java:lambda$new$1(49)) - s0@group-DBBE7E7C6C61->s2: matchIndex: updateToMax old=2, new=-1, updated? false
2022-08-02 21:05:55,660 [grpc-default-executor-3] DEBUG leader.FollowerInfo (FollowerInfoImpl.java:lambda$new$1(49)) - s0@group-DBBE7E7C6C61->s1: commitIndex: updateToMax old=1, new=1, updated? false
2022-08-02 21:05:55,660 [grpc-default-executor-3] DEBUG leader.FollowerInfo (FollowerInfoImpl.java:lambda$new$1(49)) - s0@group-DBBE7E7C6C61->s1: matchIndex: updateToMax old=2, new=-1, updated? false
2022-08-02 21:05:55,661 [grpc-default-executor-2] DEBUG leader.FollowerInfo (FollowerInfoImpl.java:lambda$new$1(49)) - s0@group-DBBE7E7C6C61->s2: commitIndex: updateToMax old=1, new=1, updated? false
2022-08-02 21:05:55,661 [grpc-default-executor-2] DEBUG leader.FollowerInfo (FollowerInfoImpl.java:lambda$new$1(49)) - s0@group-DBBE7E7C6C61->s2: matchIndex: updateToMax old=2, new=-1, updated? false
2022-08-02 21:05:55,661 [grpc-default-executor-3] DEBUG leader.FollowerInfo (FollowerInfoImpl.java:lambda$new$1(49)) - s0@group-DBBE7E7C6C61->s1: commitIndex: updateToMax old=1, new=1, updated? false
2022-08-02 21:05:55,662 [grpc-default-executor-3] DEBUG leader.FollowerInfo (FollowerInfoImpl.java:lambda$new$1(49)) - s0@group-DBBE7E7C6C61->s1: matchIndex: updateToMax old=2, new=-1, updated? false
2022-08-02 21:05:55,662 [grpc-default-executor-2] DEBUG leader.FollowerInfo (FollowerInfoImpl.java:lambda$new$1(49)) - s0@group-DBBE7E7C6C61->s2: commitIndex: updateToMax old=1, new=1, updated? false
2022-08-02 21:05:55,662 [grpc-default-executor-2] DEBUG leader.FollowerInfo (FollowerInfoImpl.java:lambda$new$1(49)) - s0@group-DBBE7E7C6C61->s2: matchIndex: updateToMax old=2, new=-1, updated? false
2022-08-02 21:05:55,663 [grpc-default-executor-3] DEBUG leader.FollowerInfo (FollowerInfoImpl.java:lambda$new$1(49)) - s0@group-DBBE7E7C6C61->s1: commitIndex: updateToMax old=1, new=1, updated? false
2022-08-02 21:05:55,663 [grpc-default-executor-3] DEBUG leader.FollowerInfo (FollowerInfoImpl.java:lambda$new$1(49)) - s0@group-DBBE7E7C6C61->s1: matchIndex: updateToMax old=2, new=-1, updated? false
2022-08-02 21:05:55,664 [grpc-default-executor-3] DEBUG leader.FollowerInfo (FollowerInfoImpl.java:lambda$new$1(49)) - s0@group-DBBE7E7C6C61->s2: commitIndex: updateToMax old=1, new=1, updated? false
2022-08-02 21:05:55,664 [grpc-default-executor-3] DEBUG leader.FollowerInfo (FollowerInfoImpl.java:lambda$new$1(49)) - s0@group-DBBE7E7C6C61->s2: matchIndex: updateToMax old=2, new=-1, updated? false
2022-08-02 21:05:55,664 [grpc-default-executor-2] DEBUG leader.FollowerInfo (FollowerInfoImpl.java:lambda$new$1(49)) - s0@group-DBBE7E7C6C61->s1: commitIndex: updateToMax old=1, new=1, updated? false
2022-08-02 21:05:55,664 [grpc-default-executor-2] DEBUG leader.FollowerInfo (FollowerInfoImpl.java:lambda$new$1(49)) - s0@group-DBBE7E7C6C61->s1: matchIndex: updateToMax old=2, new=-1, updated? false
2022-08-02 21:05:55,665 [grpc-default-executor-3] DEBUG leader.FollowerInfo (FollowerInfoImpl.java:lambda$new$1(49)) - s0@group-DBBE7E7C6C61->s2: commitIndex: updateToMax old=1, new=1, updated? false
2022-08-02 21:05:55,665 [grpc-default-executor-3] DEBUG leader.FollowerInfo (FollowerInfoImpl.java:lambda$new$1(49)) - s0@group-DBBE7E7C6C61->s2: matchIndex: updateToMax old=2, new=-1, updated? false
2022-08-02 21:05:55,666 [grpc-default-executor-2] DEBUG leader.FollowerInfo (FollowerInfoImpl.java:lambda$new$1(49)) - s0@group-DBBE7E7C6C61->s1: commitIndex: updateToMax old=1, new=1, updated? false
2022-08-02 21:05:55,666 [grpc-default-executor-2] DEBUG leader.FollowerInfo (FollowerInfoImpl.java:lambda$new$1(49)) - s0@group-DBBE7E7C6C61->s1: matchIndex: updateToMax old=2, new=-1, updated? false
2022-08-02 21:05:55,666 [grpc-default-executor-3] DEBUG leader.FollowerInfo (FollowerInfoImpl.java:lambda$new$1(49)) - s0@group-DBBE7E7C6C61->s2: commitIndex: updateToMax old=1, new=1, updated? false
2022-08-02 21:05:55,666 [grpc-default-executor-3] DEBUG leader.FollowerInfo (FollowerInfoImpl.java:lambda$new$1(49)) - s0@group-DBBE7E7C6C61->s2: matchIndex: updateToMax old=2, new=-1, updated? false
2022-08-02 21:05:55,667 [grpc-default-executor-2] DEBUG leader.FollowerInfo (FollowerInfoImpl.java:lambda$new$1(49)) - s0@group-DBBE7E7C6C61->s1: commitIndex: updateToMax old=1, new=1, updated? false
2022-08-02 21:05:55,667 [grpc-default-executor-2] DEBUG leader.FollowerInfo (FollowerInfoImpl.java:lambda$new$1(49)) - s0@group-DBBE7E7C6C61->s1: matchIndex: updateToMax old=2, new=-1, updated? false
2022-08-02 21:05:55,668 [grpc-default-executor-3] DEBUG leader.FollowerInfo (FollowerInfoImpl.java:lambda$new$1(49)) - s0@group-DBBE7E7C6C61->s2: commitIndex: updateToMax old=1, new=1, updated? false
2022-08-02 21:05:55,668 [grpc-default-executor-3] DEBUG leader.FollowerInfo (FollowerInfoImpl.java:lambda$new$1(49)) - s0@group-DBBE7E7C6C61->s2: matchIndex: updateToMax old=2, new=-1, updated? false
2022-08-02 21:05:55,669 [grpc-default-executor-2] DEBUG leader.FollowerInfo (FollowerInfoImpl.java:lambda$new$1(49)) - s0@group-DBBE7E7C6C61->s1: commitIndex: updateToMax old=1, new=1, updated? false
2022-08-02 21:05:55,669 [grpc-default-executor-2] DEBUG leader.FollowerInfo (FollowerInfoImpl.java:lambda$new$1(49)) - s0@group-DBBE7E7C6C61->s1: matchIndex: updateToMax old=2, new=-1, updated? false
2022-08-02 21:05:55,669 [grpc-default-executor-3] DEBUG leader.FollowerInfo (FollowerInfoImpl.java:lambda$new$1(49)) - s0@group-DBBE7E7C6C61->s2: commitIndex: updateToMax old=1, new=1, updated? false
2022-08-02 21:05:55,669 [grpc-default-executor-3] DEBUG leader.FollowerInfo (FollowerInfoImpl.java:lambda$new$1(49)) - s0@group-DBBE7E7C6C61->s2: matchIndex: updateToMax old=2, new=-1, updated? false
2022-08-02 21:05:55,670 [grpc-default-executor-2] DEBUG leader.FollowerInfo (FollowerInfoImpl.java:lambda$new$1(49)) - s0@group-DBBE7E7C6C61->s1: commitIndex: updateToMax old=1, new=1, updated? false
2022-08-02 21:05:55,670 [grpc-default-executor-2] DEBUG leader.FollowerInfo (FollowerInfoImpl.java:lambda$new$1(49)) - s0@group-DBBE7E7C6C61->s1: matchIndex: updateToMax old=2, new=-1, updated? false
2022-08-02 21:05:55,670 [grpc-default-executor-3] DEBUG leader.FollowerInfo (FollowerInfoImpl.java:lambda$new$1(49)) - s0@group-DBBE7E7C6C61->s2: commitIndex: updateToMax old=1, new=1, updated? false
2022-08-02 21:05:55,671 [grpc-default-executor-3] DEBUG leader.FollowerInfo (FollowerInfoImpl.java:lambda$new$1(49)) - s0@group-DBBE7E7C6C61->s2: matchIndex: updateToMax old=2, new=-1, updated? false
2022-08-02 21:05:55,671 [grpc-default-executor-2] DEBUG leader.FollowerInfo (FollowerInfoImpl.java:lambda$new$1(49)) - s0@group-DBBE7E7C6C61->s1: commitIndex: updateToMax old=1, new=1, updated? false
2022-08-02 21:05:55,671 [grpc-default-executor-2] DEBUG leader.FollowerInfo (FollowerInfoImpl.java:lambda$new$1(49)) - s0@group-DBBE7E7C6C61->s1: matchIndex: updateToMax old=2, new=-1, updated? false
2022-08-02 21:05:55,672 [grpc-default-executor-3] DEBUG leader.FollowerInfo (FollowerInfoImpl.java:lambda$new$1(49)) - s0@group-DBBE7E7C6C61->s2: commitIndex: updateToMax old=1, new=1, updated? false
2022-08-02 21:05:55,672 [grpc-default-executor-3] DEBUG leader.FollowerInfo (FollowerInfoImpl.java:lambda$new$1(49)) - s0@group-DBBE7E7C6C61->s2: matchIndex: updateToMax old=2, new=-1, updated? false
2022-08-02 21:05:55,673 [grpc-default-executor-2] DEBUG leader.FollowerInfo (FollowerInfoImpl.java:lambda$new$1(49)) - s0@group-DBBE7E7C6C61->s1: commitIndex: updateToMax old=1, new=1, updated? false
2022-08-02 21:05:55,673 [grpc-default-executor-2] DEBUG leader.FollowerInfo (FollowerInfoImpl.java:lambda$new$1(49)) - s0@group-DBBE7E7C6C61->s1: matchIndex: updateToMax old=2, new=-1, updated? false
2022-08-02 21:05:55,674 [grpc-default-executor-3] DEBUG leader.FollowerInfo (FollowerInfoImpl.java:lambda$new$1(49)) - s0@group-DBBE7E7C6C61->s2: commitIndex: updateToMax old=1, new=1, updated? false
2022-08-02 21:05:55,674 [grpc-default-executor-3] DEBUG leader.FollowerInfo (FollowerInfoImpl.java:lambda$new$1(49)) - s0@group-DBBE7E7C6C61->s2: matchIndex: updateToMax old=2, new=-1, updated? false
2022-08-02 21:05:55,674 [grpc-default-executor-2] DEBUG leader.FollowerInfo (FollowerInfoImpl.java:lambda$new$1(49)) - s0@group-DBBE7E7C6C61->s1: commitIndex: updateToMax old=1, new=1, updated? false
2022-08-02 21:05:55,674 [grpc-default-executor-2] DEBUG leader.FollowerInfo (FollowerInfoImpl.java:lambda$new$1(49)) - s0@group-DBBE7E7C6C61->s1: matchIndex: updateToMax old=2, new=-1, updated? false
2022-08-02 21:05:55,675 [grpc-default-executor-3] DEBUG leader.FollowerInfo (FollowerInfoImpl.java:lambda$new$1(49)) - s0@group-DBBE7E7C6C61->s2: commitIndex: updateToMax old=1, new=1, updated? false
2022-08-02 21:05:55,675 [grpc-default-executor-3] DEBUG leader.FollowerInfo (FollowerInfoImpl.java:lambda$new$1(49)) - s0@group-DBBE7E7C6C61->s2: matchIndex: updateToMax old=2, new=-1, updated? false
2022-08-02 21:05:55,676 [grpc-default-executor-2] DEBUG leader.FollowerInfo (FollowerInfoImpl.java:lambda$new$1(49)) - s0@group-DBBE7E7C6C61->s1: commitIndex: updateToMax old=1, new=1, updated? false
2022-08-02 21:05:55,676 [grpc-default-executor-2] DEBUG leader.FollowerInfo (FollowerInfoImpl.java:lambda$new$1(49)) - s0@group-DBBE7E7C6C61->s1: matchIndex: updateToMax old=2, new=-1, updated? false
2022-08-02 21:05:55,676 [grpc-default-executor-3] DEBUG leader.FollowerInfo (FollowerInfoImpl.java:lambda$new$1(49)) - s0@group-DBBE7E7C6C61->s2: commitIndex: updateToMax old=1, new=1, updated? false
2022-08-02 21:05:55,676 [grpc-default-executor-3] DEBUG leader.FollowerInfo (FollowerInfoImpl.java:lambda$new$1(49)) - s0@group-DBBE7E7C6C61->s2: matchIndex: updateToMax old=2, new=-1, updated? false
2022-08-02 21:05:55,677 [grpc-default-executor-2] DEBUG leader.FollowerInfo (FollowerInfoImpl.java:lambda$new$1(49)) - s0@group-DBBE7E7C6C61->s1: commitIndex: updateToMax old=1, new=1, updated? false
2022-08-02 21:05:55,677 [grpc-default-executor-2] DEBUG leader.FollowerInfo (FollowerInfoImpl.java:lambda$new$1(49)) - s0@group-DBBE7E7C6C61->s1: matchIndex: updateToMax old=2, new=-1, updated? false
2022-08-02 21:05:55,678 [grpc-default-executor-3] DEBUG leader.FollowerInfo (FollowerInfoImpl.java:lambda$new$1(49)) - s0@group-DBBE7E7C6C61->s2: commitIndex: updateToMax old=1, new=1, updated? false
2022-08-02 21:05:55,678 [grpc-default-executor-3] DEBUG leader.FollowerInfo (FollowerInfoImpl.java:lambda$new$1(49)) - s0@group-DBBE7E7C6C61->s2: matchIndex: updateToMax old=2, new=-1, updated? false
2022-08-02 21:05:55,678 [grpc-default-executor-2] DEBUG leader.FollowerInfo (FollowerInfoImpl.java:lambda$new$1(49)) - s0@group-DBBE7E7C6C61->s1: commitIndex: updateToMax old=1, new=1, updated? false
2022-08-02 21:05:55,678 [grpc-default-executor-2] DEBUG leader.FollowerInfo (FollowerInfoImpl.java:lambda$new$1(49)) - s0@group-DBBE7E7C6C61->s1: matchIndex: updateToMax old=2, new=-1, updated? false
2022-08-02 21:05:55,679 [grpc-default-executor-3] DEBUG leader.FollowerInfo (FollowerInfoImpl.java:lambda$new$1(49)) - s0@group-DBBE7E7C6C61->s2: commitIndex: updateToMax old=1, new=1, updated? false
2022-08-02 21:05:55,679 [grpc-default-executor-3] DEBUG leader.FollowerInfo (FollowerInfoImpl.java:lambda$new$1(49)) - s0@group-DBBE7E7C6C61->s2: matchIndex: updateToMax old=2, new=-1, updated? false
2022-08-02 21:05:55,680 [grpc-default-executor-2] DEBUG leader.FollowerInfo (FollowerInfoImpl.java:lambda$new$1(49)) - s0@group-DBBE7E7C6C61->s1: commitIndex: updateToMax old=1, new=1, updated? false
2022-08-02 21:05:55,680 [grpc-default-executor-2] DEBUG leader.FollowerInfo (FollowerInfoImpl.java:lambda$new$1(49)) - s0@group-DBBE7E7C6C61->s1: matchIndex: updateToMax old=2, new=-1, updated? false
2022-08-02 21:05:55,680 [grpc-default-executor-3] DEBUG leader.FollowerInfo (FollowerInfoImpl.java:lambda$new$1(49)) - s0@group-DBBE7E7C6C61->s2: commitIndex: updateToMax old=1, new=1, updated? false
2022-08-02 21:05:55,680 [grpc-default-executor-3] DEBUG leader.FollowerInfo (FollowerInfoImpl.java:lambda$new$1(49)) - s0@group-DBBE7E7C6C61->s2: matchIndex: updateToMax old=2, new=-1, updated? false
2022-08-02 21:05:55,681 [grpc-default-executor-2] DEBUG leader.FollowerInfo (FollowerInfoImpl.java:lambda$new$1(49)) - s0@group-DBBE7E7C6C61->s1: commitIndex: updateToMax old=1, new=1, updated? false
2022-08-02 21:05:55,681 [grpc-default-executor-2] DEBUG leader.FollowerInfo (FollowerInfoImpl.java:lambda$new$1(49)) - s0@group-DBBE7E7C6C61->s1: matchIndex: updateToMax old=2, new=-1, updated? false
2022-08-02 21:05:55,682 [grpc-default-executor-3] DEBUG leader.FollowerInfo (FollowerInfoImpl.java:lambda$new$1(49)) - s0@group-DBBE7E7C6C61->s2: commitIndex: updateToMax old=1, new=1, updated? false
2022-08-02 21:05:55,682 [grpc-default-executor-3] DEBUG leader.FollowerInfo (FollowerInfoImpl.java:lambda$new$1(49)) - s0@group-DBBE7E7C6C61->s2: matchIndex: updateToMax old=2, new=-1, updated? false
2022-08-02 21:05:55,682 [grpc-default-executor-2] DEBUG leader.FollowerInfo (FollowerInfoImpl.java:lambda$new$1(49)) - s0@group-DBBE7E7C6C61->s1: commitIndex: updateToMax old=1, new=1, updated? false
2022-08-02 21:05:55,683 [grpc-default-executor-2] DEBUG leader.FollowerInfo (FollowerInfoImpl.java:lambda$new$1(49)) - s0@group-DBBE7E7C6C61->s1: matchIndex: updateToMax old=2, new=-1, updated? false
2022-08-02 21:05:55,683 [grpc-default-executor-3] DEBUG leader.FollowerInfo (FollowerInfoImpl.java:lambda$new$1(49)) - s0@group-DBBE7E7C6C61->s2: commitIndex: updateToMax old=1, new=1, updated? false
2022-08-02 21:05:55,683 [grpc-default-executor-3] DEBUG leader.FollowerInfo (FollowerInfoImpl.java:lambda$new$1(49)) - s0@group-DBBE7E7C6C61->s2: matchIndex: updateToMax old=2, new=-1, updated? false
2022-08-02 21:05:55,684 [grpc-default-executor-2] DEBUG leader.FollowerInfo (FollowerInfoImpl.java:lambda$new$1(49)) - s0@group-DBBE7E7C6C61->s1: commitIndex: updateToMax old=1, new=1, updated? false
2022-08-02 21:05:55,684 [grpc-default-executor-2] DEBUG leader.FollowerInfo (FollowerInfoImpl.java:lambda$new$1(49)) - s0@group-DBBE7E7C6C61->s1: matchIndex: updateToMax old=2, new=-1, updated? false
2022-08-02 21:05:55,685 [grpc-default-executor-3] DEBUG leader.FollowerInfo (FollowerInfoImpl.java:lambda$new$1(49)) - s0@group-DBBE7E7C6C61->s2: commitIndex: updateToMax old=1, new=1, updated? false
2022-08-02 21:05:55,685 [grpc-default-executor-3] DEBUG leader.FollowerInfo (FollowerInfoImpl.java:lambda$new$1(49)) - s0@group-DBBE7E7C6C61->s2: matchIndex: updateToMax old=2, new=-1, updated? false
2022-08-02 21:05:55,685 [grpc-default-executor-2] DEBUG leader.FollowerInfo (FollowerInfoImpl.java:lambda$new$1(49)) - s0@group-DBBE7E7C6C61->s1: commitIndex: updateToMax old=1, new=1, updated? false
2022-08-02 21:05:55,685 [grpc-default-executor-2] DEBUG leader.FollowerInfo (FollowerInfoImpl.java:lambda$new$1(49)) - s0@group-DBBE7E7C6C61->s1: matchIndex: updateToMax old=2, new=-1, updated? false
2022-08-02 21:05:55,686 [grpc-default-executor-3] DEBUG leader.FollowerInfo (FollowerInfoImpl.java:lambda$new$1(49)) - s0@group-DBBE7E7C6C61->s2: commitIndex: updateToMax old=1, new=1, updated? false
2022-08-02 21:05:55,686 [grpc-default-executor-3] DEBUG leader.FollowerInfo (FollowerInfoImpl.java:lambda$new$1(49)) - s0@group-DBBE7E7C6C61->s2: matchIndex: updateToMax old=2, new=-1, updated? false
2022-08-02 21:05:55,687 [grpc-default-executor-2] DEBUG leader.FollowerInfo (FollowerInfoImpl.java:lambda$new$1(49)) - s0@group-DBBE7E7C6C61->s1: commitIndex: updateToMax old=1, new=1, updated? false
2022-08-02 21:05:55,687 [grpc-default-executor-2] DEBUG leader.FollowerInfo (FollowerInfoImpl.java:lambda$new$1(49)) - s0@group-DBBE7E7C6C61->s1: matchIndex: updateToMax old=2, new=-1, updated? false
2022-08-02 21:05:55,687 [grpc-default-executor-3] DEBUG leader.FollowerInfo (FollowerInfoImpl.java:lambda$new$1(49)) - s0@group-DBBE7E7C6C61->s2: commitIndex: updateToMax old=1, new=1, updated? false
2022-08-02 21:05:55,687 [grpc-default-executor-3] DEBUG leader.FollowerInfo (FollowerInfoImpl.java:lambda$new$1(49)) - s0@group-DBBE7E7C6C61->s2: matchIndex: updateToMax old=2, new=-1, updated? false
2022-08-02 21:05:55,688 [grpc-default-executor-2] DEBUG leader.FollowerInfo (FollowerInfoImpl.java:lambda$new$1(49)) - s0@group-DBBE7E7C6C61->s1: commitIndex: updateToMax old=1, new=1, updated? false
2022-08-02 21:05:55,688 [grpc-default-executor-2] DEBUG leader.FollowerInfo (FollowerInfoImpl.java:lambda$new$1(49)) - s0@group-DBBE7E7C6C61->s1: matchIndex: updateToMax old=2, new=-1, updated? false
2022-08-02 21:05:55,689 [grpc-default-executor-3] DEBUG leader.FollowerInfo (FollowerInfoImpl.java:lambda$new$1(49)) - s0@group-DBBE7E7C6C61->s2: commitIndex: updateToMax old=1, new=1, updated? false
2022-08-02 21:05:55,689 [grpc-default-executor-3] DEBUG leader.FollowerInfo (FollowerInfoImpl.java:lambda$new$1(49)) - s0@group-DBBE7E7C6C61->s2: matchIndex: updateToMax old=2, new=-1, updated? false
2022-08-02 21:05:55,689 [grpc-default-executor-2] DEBUG leader.FollowerInfo (FollowerInfoImpl.java:lambda$new$1(49)) - s0@group-DBBE7E7C6C61->s1: commitIndex: updateToMax old=1, new=1, updated? false
2022-08-02 21:05:55,689 [grpc-default-executor-2] DEBUG leader.FollowerInfo (FollowerInfoImpl.java:lambda$new$1(49)) - s0@group-DBBE7E7C6C61->s1: matchIndex: updateToMax old=2, new=-1, updated? false
2022-08-02 21:05:55,690 [grpc-default-executor-3] DEBUG leader.FollowerInfo (FollowerInfoImpl.java:lambda$new$1(49)) - s0@group-DBBE7E7C6C61->s2: commitIndex: updateToMax old=1, new=1, updated? false
2022-08-02 21:05:55,690 [grpc-default-executor-3] DEBUG leader.FollowerInfo (FollowerInfoImpl.java:lambda$new$1(49)) - s0@group-DBBE7E7C6C61->s2: matchIndex: updateToMax old=2, new=-1, updated? false
2022-08-02 21:05:55,691 [grpc-default-executor-2] DEBUG leader.FollowerInfo (FollowerInfoImpl.java:lambda$new$1(49)) - s0@group-DBBE7E7C6C61->s1: commitIndex: updateToMax old=1, new=1, updated? false
2022-08-02 21:05:55,691 [grpc-default-executor-2] DEBUG leader.FollowerInfo (FollowerInfoImpl.java:lambda$new$1(49)) - s0@group-DBBE7E7C6C61->s1: matchIndex: updateToMax old=2, new=-1, updated? false
2022-08-02 21:05:55,691 [grpc-default-executor-3] DEBUG leader.FollowerInfo (FollowerInfoImpl.java:lambda$new$1(49)) - s0@group-DBBE7E7C6C61->s2: commitIndex: updateToMax old=1, new=1, updated? false
2022-08-02 21:05:55,691 [grpc-default-executor-3] DEBUG leader.FollowerInfo (FollowerInfoImpl.java:lambda$new$1(49)) - s0@group-DBBE7E7C6C61->s2: matchIndex: updateToMax old=2, new=-1, updated? false
2022-08-02 21:05:55,692 [grpc-default-executor-2] DEBUG leader.FollowerInfo (FollowerInfoImpl.java:lambda$new$1(49)) - s0@group-DBBE7E7C6C61->s1: commitIndex: updateToMax old=1, new=1, updated? false
2022-08-02 21:05:55,692 [grpc-default-executor-2] DEBUG leader.FollowerInfo (FollowerInfoImpl.java:lambda$new$1(49)) - s0@group-DBBE7E7C6C61->s1: matchIndex: updateToMax old=2, new=-1, updated? false
2022-08-02 21:05:55,693 [grpc-default-executor-3] DEBUG leader.FollowerInfo (FollowerInfoImpl.java:lambda$new$1(49)) - s0@group-DBBE7E7C6C61->s2: commitIndex: updateToMax old=1, new=1, updated? false
2022-08-02 21:05:55,693 [grpc-default-executor-3] DEBUG leader.FollowerInfo (FollowerInfoImpl.java:lambda$new$1(49)) - s0@group-DBBE7E7C6C61->s2: matchIndex: updateToMax old=2, new=-1, updated? false
2022-08-02 21:05:55,693 [grpc-default-executor-2] DEBUG leader.FollowerInfo (FollowerInfoImpl.java:lambda$new$1(49)) - s0@group-DBBE7E7C6C61->s1: commitIndex: updateToMax old=1, new=1, updated? false
2022-08-02 21:05:55,693 [grpc-default-executor-2] DEBUG leader.FollowerInfo (FollowerInfoImpl.java:lambda$new$1(49)) - s0@group-DBBE7E7C6C61->s1: matchIndex: updateToMax old=2, new=-1, updated? false
2022-08-02 21:05:55,694 [grpc-default-executor-3] DEBUG leader.FollowerInfo (FollowerInfoImpl.java:lambda$new$1(49)) - s0@group-DBBE7E7C6C61->s2: commitIndex: updateToMax old=1, new=1, updated? false
2022-08-02 21:05:55,694 [grpc-default-executor-3] DEBUG leader.FollowerInfo (FollowerInfoImpl.java:lambda$new$1(49)) - s0@group-DBBE7E7C6C61->s2: matchIndex: updateToMax old=2, new=-1, updated? false
2022-08-02 21:05:55,694 [grpc-default-executor-2] DEBUG leader.FollowerInfo (FollowerInfoImpl.java:lambda$new$1(49)) - s0@group-DBBE7E7C6C61->s1: commitIndex: updateToMax old=1, new=1, updated? false
2022-08-02 21:05:55,695 [grpc-default-executor-2] DEBUG leader.FollowerInfo (FollowerInfoImpl.java:lambda$new$1(49)) - s0@group-DBBE7E7C6C61->s1: matchIndex: updateToMax old=2, new=-1, updated? false
2022-08-02 21:05:55,695 [grpc-default-executor-3] DEBUG leader.FollowerInfo (FollowerInfoImpl.java:lambda$new$1(49)) - s0@group-DBBE7E7C6C61->s2: commitIndex: updateToMax old=1, new=1, updated? false
2022-08-02 21:05:55,695 [grpc-default-executor-3] DEBUG leader.FollowerInfo (FollowerInfoImpl.java:lambda$new$1(49)) - s0@group-DBBE7E7C6C61->s2: matchIndex: updateToMax old=2, new=-1, updated? false
2022-08-02 21:05:55,696 [grpc-default-executor-2] DEBUG leader.FollowerInfo (FollowerInfoImpl.java:lambda$new$1(49)) - s0@group-DBBE7E7C6C61->s1: commitIndex: updateToMax old=1, new=1, updated? false
2022-08-02 21:05:55,696 [grpc-default-executor-2] DEBUG leader.FollowerInfo (FollowerInfoImpl.java:lambda$new$1(49)) - s0@group-DBBE7E7C6C61->s1: matchIndex: updateToMax old=2, new=-1, updated? false
2022-08-02 21:05:55,696 [grpc-default-executor-3] DEBUG leader.FollowerInfo (FollowerInfoImpl.java:lambda$new$1(49)) - s0@group-DBBE7E7C6C61->s2: commitIndex: updateToMax old=1, new=1, updated? false
2022-08-02 21:05:55,696 [grpc-default-executor-3] DEBUG leader.FollowerInfo (FollowerInfoImpl.java:lambda$new$1(49)) - s0@group-DBBE7E7C6C61->s2: matchIndex: updateToMax old=2, new=-1, updated? false
2022-08-02 21:05:55,697 [grpc-default-executor-2] DEBUG leader.FollowerInfo (FollowerInfoImpl.java:lambda$new$1(49)) - s0@group-DBBE7E7C6C61->s1: commitIndex: updateToMax old=1, new=1, updated? false
2022-08-02 21:05:55,697 [grpc-default-executor-2] DEBUG leader.FollowerInfo (FollowerInfoImpl.java:lambda$new$1(49)) - s0@group-DBBE7E7C6C61->s1: matchIndex: updateToMax old=2, new=-1, updated? false
2022-08-02 21:05:55,698 [grpc-default-executor-3] DEBUG leader.FollowerInfo (FollowerInfoImpl.java:lambda$new$1(49)) - s0@group-DBBE7E7C6C61->s2: commitIndex: updateToMax old=1, new=1, updated? false
2022-08-02 21:05:55,698 [grpc-default-executor-3] DEBUG leader.FollowerInfo (FollowerInfoImpl.java:lambda$new$1(49)) - s0@group-DBBE7E7C6C61->s2: matchIndex: updateToMax old=2, new=-1, updated? false
2022-08-02 21:05:55,698 [grpc-default-executor-2] DEBUG leader.FollowerInfo (FollowerInfoImpl.java:lambda$new$1(49)) - s0@group-DBBE7E7C6C61->s1: commitIndex: updateToMax old=1, new=1, updated? false
2022-08-02 21:05:55,698 [grpc-default-executor-2] DEBUG leader.FollowerInfo (FollowerInfoImpl.java:lambda$new$1(49)) - s0@group-DBBE7E7C6C61->s1: matchIndex: updateToMax old=2, new=-1, updated? false
2022-08-02 21:05:55,699 [grpc-default-executor-3] DEBUG leader.FollowerInfo (FollowerInfoImpl.java:lambda$new$1(49)) - s0@group-DBBE7E7C6C61->s2: commitIndex: updateToMax old=1, new=1, updated? false
2022-08-02 21:05:55,699 [grpc-default-executor-3] DEBUG leader.FollowerInfo (FollowerInfoImpl.java:lambda$new$1(49)) - s0@group-DBBE7E7C6C61->s2: matchIndex: updateToMax old=2, new=-1, updated? false
2022-08-02 21:05:55,700 [grpc-default-executor-2] DEBUG leader.FollowerInfo (FollowerInfoImpl.java:lambda$new$1(49)) - s0@group-DBBE7E7C6C61->s1: commitIndex: updateToMax old=1, new=1, updated? false
2022-08-02 21:05:55,700 [grpc-default-executor-2] DEBUG leader.FollowerInfo (FollowerInfoImpl.java:lambda$new$1(49)) - s0@group-DBBE7E7C6C61->s1: matchIndex: updateToMax old=2, new=-1, updated? false
2022-08-02 21:05:55,700 [grpc-default-executor-3] DEBUG leader.FollowerInfo (FollowerInfoImpl.java:lambda$new$1(49)) - s0@group-DBBE7E7C6C61->s2: commitIndex: updateToMax old=1, new=1, updated? false
2022-08-02 21:05:55,701 [grpc-default-executor-3] DEBUG leader.FollowerInfo (FollowerInfoImpl.java:lambda$new$1(49)) - s0@group-DBBE7E7C6C61->s2: matchIndex: updateToMax old=2, new=-1, updated? false
2022-08-02 21:05:55,701 [grpc-default-executor-2] DEBUG leader.FollowerInfo (FollowerInfoImpl.java:lambda$new$1(49)) - s0@group-DBBE7E7C6C61->s1: commitIndex: updateToMax old=1, new=1, updated? false
2022-08-02 21:05:55,701 [grpc-default-executor-2] DEBUG leader.FollowerInfo (FollowerInfoImpl.java:lambda$new$1(49)) - s0@group-DBBE7E7C6C61->s1: matchIndex: updateToMax old=2, new=-1, updated? false
2022-08-02 21:05:55,702 [grpc-default-executor-3] DEBUG leader.FollowerInfo (FollowerInfoImpl.java:lambda$new$1(49)) - s0@group-DBBE7E7C6C61->s2: commitIndex: updateToMax old=1, new=1, updated? false
2022-08-02 21:05:55,702 [grpc-default-executor-3] DEBUG leader.FollowerInfo (FollowerInfoImpl.java:lambda$new$1(49)) - s0@group-DBBE7E7C6C61->s2: matchIndex: updateToMax old=2, new=-1, updated? false
2022-08-02 21:05:55,703 [grpc-default-executor-2] DEBUG leader.FollowerInfo (FollowerInfoImpl.java:lambda$new$1(49)) - s0@group-DBBE7E7C6C61->s1: commitIndex: updateToMax old=1, new=1, updated? false
2022-08-02 21:05:55,703 [grpc-default-executor-2] DEBUG leader.FollowerInfo (FollowerInfoImpl.java:lambda$new$1(49)) - s0@group-DBBE7E7C6C61->s1: matchIndex: updateToMax old=2, new=-1, updated? false
2022-08-02 21:05:55,703 [grpc-default-executor-3] DEBUG leader.FollowerInfo (FollowerInfoImpl.java:lambda$new$1(49)) - s0@group-DBBE7E7C6C61->s2: commitIndex: updateToMax old=1, new=1, updated? false
2022-08-02 21:05:55,703 [grpc-default-executor-3] DEBUG leader.FollowerInfo (FollowerInfoImpl.java:lambda$new$1(49)) - s0@group-DBBE7E7C6C61->s2: matchIndex: updateToMax old=2, new=-1, updated? false
2022-08-02 21:05:55,704 [grpc-default-executor-2] DEBUG leader.FollowerInfo (FollowerInfoImpl.java:lambda$new$1(49)) - s0@group-DBBE7E7C6C61->s1: commitIndex: updateToMax old=1, new=1, updated? false
2022-08-02 21:05:55,704 [grpc-default-executor-2] DEBUG leader.FollowerInfo (FollowerInfoImpl.java:lambda$new$1(49)) - s0@group-DBBE7E7C6C61->s1: matchIndex: updateToMax old=2, new=-1, updated? false
2022-08-02 21:05:55,705 [grpc-default-executor-3] DEBUG leader.FollowerInfo (FollowerInfoImpl.java:lambda$new$1(49)) - s0@group-DBBE7E7C6C61->s2: commitIndex: updateToMax old=1, new=1, updated? false
2022-08-02 21:05:55,705 [grpc-default-executor-3] DEBUG leader.FollowerInfo (FollowerInfoImpl.java:lambda$new$1(49)) - s0@group-DBBE7E7C6C61->s2: matchIndex: updateToMax old=2, new=-1, updated? false
2022-08-02 21:05:55,705 [grpc-default-executor-2] DEBUG leader.FollowerInfo (FollowerInfoImpl.java:lambda$new$1(49)) - s0@group-DBBE7E7C6C61->s1: commitIndex: updateToMax old=1, new=1, updated? false
2022-08-02 21:05:55,705 [grpc-default-executor-2] DEBUG leader.FollowerInfo (FollowerInfoImpl.java:lambda$new$1(49)) - s0@group-DBBE7E7C6C61->s1: matchIndex: updateToMax old=2, new=-1, updated? false
2022-08-02 21:05:55,706 [grpc-default-executor-3] DEBUG leader.FollowerInfo (FollowerInfoImpl.java:lambda$new$1(49)) - s0@group-DBBE7E7C6C61->s2: commitIndex: updateToMax old=1, new=1, updated? false
2022-08-02 21:05:55,706 [grpc-default-executor-3] DEBUG leader.FollowerInfo (FollowerInfoImpl.java:lambda$new$1(49)) - s0@group-DBBE7E7C6C61->s2: matchIndex: updateToMax old=2, new=-1, updated? false
2022-08-02 21:05:55,707 [grpc-default-executor-2] DEBUG leader.FollowerInfo (FollowerInfoImpl.java:lambda$new$1(49)) - s0@group-DBBE7E7C6C61->s1: commitIndex: updateToMax old=1, new=1, updated? false
2022-08-02 21:05:55,707 [grpc-default-executor-2] DEBUG leader.FollowerInfo (FollowerInfoImpl.java:lambda$new$1(49)) - s0@group-DBBE7E7C6C61->s1: matchIndex: updateToMax old=2, new=-1, updated? false
2022-08-02 21:05:55,707 [grpc-default-executor-3] DEBUG leader.FollowerInfo (FollowerInfoImpl.java:lambda$new$1(49)) - s0@group-DBBE7E7C6C61->s2: commitIndex: updateToMax old=1, new=1, updated? false
2022-08-02 21:05:55,707 [grpc-default-executor-3] DEBUG leader.FollowerInfo (FollowerInfoImpl.java:lambda$new$1(49)) - s0@group-DBBE7E7C6C61->s2: matchIndex: updateToMax old=2, new=-1, updated? false
2022-08-02 21:05:55,708 [grpc-default-executor-2] DEBUG leader.FollowerInfo (FollowerInfoImpl.java:lambda$new$1(49)) - s0@group-DBBE7E7C6C61->s1: commitIndex: updateToMax old=1, new=1, updated? false
2022-08-02 21:05:55,708 [grpc-default-executor-2] DEBUG leader.FollowerInfo (FollowerInfoImpl.java:lambda$new$1(49)) - s0@group-DBBE7E7C6C61->s1: matchIndex: updateToMax old=2, new=-1, updated? false
2022-08-02 21:05:55,709 [grpc-default-executor-3] DEBUG leader.FollowerInfo (FollowerInfoImpl.java:lambda$new$1(49)) - s0@group-DBBE7E7C6C61->s2: commitIndex: updateToMax old=1, new=1, updated? false
2022-08-02 21:05:55,709 [grpc-default-executor-3] DEBUG leader.FollowerInfo (FollowerInfoImpl.java:lambda$new$1(49)) - s0@group-DBBE7E7C6C61->s2: matchIndex: updateToMax old=2, new=-1, updated? false
2022-08-02 21:05:55,710 [grpc-default-executor-2] DEBUG leader.FollowerInfo (FollowerInfoImpl.java:lambda$new$1(49)) - s0@group-DBBE7E7C6C61->s1: commitIndex: updateToMax old=1, new=1, updated? false
2022-08-02 21:05:55,710 [grpc-default-executor-2] DEBUG leader.FollowerInfo (FollowerInfoImpl.java:lambda$new$1(49)) - s0@group-DBBE7E7C6C61->s1: matchIndex: updateToMax old=2, new=-1, updated? false
2022-08-02 21:05:55,710 [grpc-default-executor-3] DEBUG leader.FollowerInfo (FollowerInfoImpl.java:lambda$new$1(49)) - s0@group-DBBE7E7C6C61->s2: commitIndex: updateToMax old=1, new=1, updated? false
2022-08-02 21:05:55,710 [grpc-default-executor-3] DEBUG leader.FollowerInfo (FollowerInfoImpl.java:lambda$new$1(49)) - s0@group-DBBE7E7C6C61->s2: matchIndex: updateToMax old=2, new=-1, updated? false
2022-08-02 21:05:55,711 [grpc-default-executor-2] DEBUG leader.FollowerInfo (FollowerInfoImpl.java:lambda$new$1(49)) - s0@group-DBBE7E7C6C61->s1: commitIndex: updateToMax old=1, new=1, updated? false
2022-08-02 21:05:55,711 [grpc-default-executor-2] DEBUG leader.FollowerInfo (FollowerInfoImpl.java:lambda$new$1(49)) - s0@group-DBBE7E7C6C61->s1: matchIndex: updateToMax old=2, new=-1, updated? false
2022-08-02 21:05:55,712 [grpc-default-executor-3] DEBUG leader.FollowerInfo (FollowerInfoImpl.java:lambda$new$1(49)) - s0@group-DBBE7E7C6C61->s2: commitIndex: updateToMax old=1, new=1, updated? false
2022-08-02 21:05:55,712 [grpc-default-executor-3] DEBUG leader.FollowerInfo (FollowerInfoImpl.java:lambda$new$1(49)) - s0@group-DBBE7E7C6C61->s2: matchIndex: updateToMax old=2, new=-1, updated? false
2022-08-02 21:05:55,712 [grpc-default-executor-2] DEBUG leader.FollowerInfo (FollowerInfoImpl.java:lambda$new$1(49)) - s0@group-DBBE7E7C6C61->s1: commitIndex: updateToMax old=1, new=1, updated? false
2022-08-02 21:05:55,712 [grpc-default-executor-2] DEBUG leader.FollowerInfo (FollowerInfoImpl.java:lambda$new$1(49)) - s0@group-DBBE7E7C6C61->s1: matchIndex: updateToMax old=2, new=-1, updated? false
2022-08-02 21:05:55,713 [grpc-default-executor-3] DEBUG leader.FollowerInfo (FollowerInfoImpl.java:lambda$new$1(49)) - s0@group-DBBE7E7C6C61->s2: commitIndex: updateToMax old=1, new=1, updated? false
2022-08-02 21:05:55,713 [grpc-default-executor-3] DEBUG leader.FollowerInfo (FollowerInfoImpl.java:lambda$new$1(49)) - s0@group-DBBE7E7C6C61->s2: matchIndex: updateToMax old=2, new=-1, updated? false
2022-08-02 21:05:55,714 [grpc-default-executor-2] DEBUG leader.FollowerInfo (FollowerInfoImpl.java:lambda$new$1(49)) - s0@group-DBBE7E7C6C61->s1: commitIndex: updateToMax old=1, new=1, updated? false
2022-08-02 21:05:55,714 [grpc-default-executor-2] DEBUG leader.FollowerInfo (FollowerInfoImpl.java:lambda$new$1(49)) - s0@group-DBBE7E7C6C61->s1: matchIndex: updateToMax old=2, new=-1, updated? false
2022-08-02 21:05:55,714 [grpc-default-executor-3] DEBUG leader.FollowerInfo (FollowerInfoImpl.java:lambda$new$1(49)) - s0@group-DBBE7E7C6C61->s2: commitIndex: updateToMax old=1, new=1, updated? false
2022-08-02 21:05:55,714 [grpc-default-executor-3] DEBUG leader.FollowerInfo (FollowerInfoImpl.java:lambda$new$1(49)) - s0@group-DBBE7E7C6C61->s2: matchIndex: updateToMax old=2, new=-1, updated? false
2022-08-02 21:05:55,715 [grpc-default-executor-2] DEBUG leader.FollowerInfo (FollowerInfoImpl.java:lambda$new$1(49)) - s0@group-DBBE7E7C6C61->s1: commitIndex: updateToMax old=1, new=1, updated? false
2022-08-02 21:05:55,715 [grpc-default-executor-2] DEBUG leader.FollowerInfo (FollowerInfoImpl.java:lambda$new$1(49)) - s0@group-DBBE7E7C6C61->s1: matchIndex: updateToMax old=2, new=-1, updated? false
2022-08-02 21:05:55,716 [grpc-default-executor-3] DEBUG leader.FollowerInfo (FollowerInfoImpl.java:lambda$new$1(49)) - s0@group-DBBE7E7C6C61->s2: commitIndex: updateToMax old=1, new=1, updated? false
2022-08-02 21:05:55,716 [grpc-default-executor-3] DEBUG leader.FollowerInfo (FollowerInfoImpl.java:lambda$new$1(49)) - s0@group-DBBE7E7C6C61->s2: matchIndex: updateToMax old=2, new=-1, updated? false
2022-08-02 21:05:55,716 [grpc-default-executor-2] DEBUG leader.FollowerInfo (FollowerInfoImpl.java:lambda$new$1(49)) - s0@group-DBBE7E7C6C61->s1: commitIndex: updateToMax old=1, new=1, updated? false
2022-08-02 21:05:55,716 [grpc-default-executor-2] DEBUG leader.FollowerInfo (FollowerInfoImpl.java:lambda$new$1(49)) - s0@group-DBBE7E7C6C61->s1: matchIndex: updateToMax old=2, new=-1, updated? false
2022-08-02 21:05:55,717 [grpc-default-executor-3] DEBUG leader.FollowerInfo (FollowerInfoImpl.java:lambda$new$1(49)) - s0@group-DBBE7E7C6C61->s2: commitIndex: updateToMax old=1, new=1, updated? false
2022-08-02 21:05:55,717 [grpc-default-executor-3] DEBUG leader.FollowerInfo (FollowerInfoImpl.java:lambda$new$1(49)) - s0@group-DBBE7E7C6C61->s2: matchIndex: updateToMax old=2, new=-1, updated? false
2022-08-02 21:05:55,717 [grpc-default-executor-2] DEBUG leader.FollowerInfo (FollowerInfoImpl.java:lambda$new$1(49)) - s0@group-DBBE7E7C6C61->s1: commitIndex: updateToMax old=1, new=1, updated? false
2022-08-02 21:05:55,718 [grpc-default-executor-2] DEBUG leader.FollowerInfo (FollowerInfoImpl.java:lambda$new$1(49)) - s0@group-DBBE7E7C6C61->s1: matchIndex: updateToMax old=2, new=-1, updated? false
2022-08-02 21:05:55,718 [grpc-default-executor-3] DEBUG leader.FollowerInfo (FollowerInfoImpl.java:lambda$new$1(49)) - s0@group-DBBE7E7C6C61->s2: commitIndex: updateToMax old=1, new=1, updated? false
2022-08-02 21:05:55,718 [grpc-default-executor-3] DEBUG leader.FollowerInfo (FollowerInfoImpl.java:lambda$new$1(49)) - s0@group-DBBE7E7C6C61->s2: matchIndex: updateToMax old=2, new=-1, updated? false
2022-08-02 21:05:55,719 [grpc-default-executor-2] DEBUG leader.FollowerInfo (FollowerInfoImpl.java:lambda$new$1(49)) - s0@group-DBBE7E7C6C61->s1: commitIndex: updateToMax old=1, new=1, updated? false
2022-08-02 21:05:55,719 [grpc-default-executor-2] DEBUG leader.FollowerInfo (FollowerInfoImpl.java:lambda$new$1(49)) - s0@group-DBBE7E7C6C61->s1: matchIndex: updateToMax old=2, new=-1, updated? false
2022-08-02 21:05:55,719 [grpc-default-executor-3] DEBUG leader.FollowerInfo (FollowerInfoImpl.java:lambda$new$1(49)) - s0@group-DBBE7E7C6C61->s2: commitIndex: updateToMax old=1, new=1, updated? false
2022-08-02 21:05:55,720 [grpc-default-executor-3] DEBUG leader.FollowerInfo (FollowerInfoImpl.java:lambda$new$1(49)) - s0@group-DBBE7E7C6C61->s2: matchIndex: updateToMax old=2, new=-1, updated? false
2022-08-02 21:05:55,720 [grpc-default-executor-2] DEBUG leader.FollowerInfo (FollowerInfoImpl.java:lambda$new$1(49)) - s0@group-DBBE7E7C6C61->s1: commitIndex: updateToMax old=1, new=1, updated? false
2022-08-02 21:05:55,720 [grpc-default-executor-2] DEBUG leader.FollowerInfo (FollowerInfoImpl.java:lambda$new$1(49)) - s0@group-DBBE7E7C6C61->s1: matchIndex: updateToMax old=2, new=-1, updated? false
2022-08-02 21:05:55,721 [grpc-default-executor-3] DEBUG leader.FollowerInfo (FollowerInfoImpl.java:lambda$new$1(49)) - s0@group-DBBE7E7C6C61->s2: commitIndex: updateToMax old=1, new=1, updated? false
2022-08-02 21:05:55,721 [grpc-default-executor-3] DEBUG leader.FollowerInfo (FollowerInfoImpl.java:lambda$new$1(49)) - s0@group-DBBE7E7C6C61->s2: matchIndex: updateToMax old=2, new=-1, updated? false
2022-08-02 21:05:55,721 [grpc-default-executor-2] DEBUG leader.FollowerInfo (FollowerInfoImpl.java:lambda$new$1(49)) - s0@group-DBBE7E7C6C61->s1: commitIndex: updateToMax old=1, new=1, updated? false
2022-08-02 21:05:55,722 [grpc-default-executor-2] DEBUG leader.FollowerInfo (FollowerInfoImpl.java:lambda$new$1(49)) - s0@group-DBBE7E7C6C61->s1: matchIndex: updateToMax old=2, new=-1, updated? false
2022-08-02 21:05:55,722 [grpc-default-executor-3] DEBUG leader.FollowerInfo (FollowerInfoImpl.java:lambda$new$1(49)) - s0@group-DBBE7E7C6C61->s2: commitIndex: updateToMax old=1, new=1, updated? false
2022-08-02 21:05:55,722 [grpc-default-executor-3] DEBUG leader.FollowerInfo (FollowerInfoImpl.java:lambda$new$1(49)) - s0@group-DBBE7E7C6C61->s2: matchIndex: updateToMax old=2, new=-1, updated? false
2022-08-02 21:05:55,723 [grpc-default-executor-2] DEBUG leader.FollowerInfo (FollowerInfoImpl.java:lambda$new$1(49)) - s0@group-DBBE7E7C6C61->s1: commitIndex: updateToMax old=1, new=1, updated? false
2022-08-02 21:05:55,723 [grpc-default-executor-2] DEBUG leader.FollowerInfo (FollowerInfoImpl.java:lambda$new$1(49)) - s0@group-DBBE7E7C6C61->s1: matchIndex: updateToMax old=2, new=-1, updated? false
2022-08-02 21:05:55,724 [grpc-default-executor-3] DEBUG leader.FollowerInfo (FollowerInfoImpl.java:lambda$new$1(49)) - s0@group-DBBE7E7C6C61->s2: commitIndex: updateToMax old=1, new=1, updated? false
2022-08-02 21:05:55,724 [grpc-default-executor-3] DEBUG leader.FollowerInfo (FollowerInfoImpl.java:lambda$new$1(49)) - s0@group-DBBE7E7C6C61->s2: matchIndex: updateToMax old=2, new=-1, updated? false
2022-08-02 21:05:55,724 [grpc-default-executor-2] DEBUG leader.FollowerInfo (FollowerInfoImpl.java:lambda$new$1(49)) - s0@group-DBBE7E7C6C61->s1: commitIndex: updateToMax old=1, new=1, updated? false
2022-08-02 21:05:55,724 [grpc-default-executor-2] DEBUG leader.FollowerInfo (FollowerInfoImpl.java:lambda$new$1(49)) - s0@group-DBBE7E7C6C61->s1: matchIndex: updateToMax old=2, new=-1, updated? false
2022-08-02 21:05:55,725 [grpc-default-executor-3] DEBUG leader.FollowerInfo (FollowerInfoImpl.java:lambda$new$1(49)) - s0@group-DBBE7E7C6C61->s2: commitIndex: updateToMax old=1, new=1, updated? false
2022-08-02 21:05:55,725 [grpc-default-executor-3] DEBUG leader.FollowerInfo (FollowerInfoImpl.java:lambda$new$1(49)) - s0@group-DBBE7E7C6C61->s2: matchIndex: updateToMax old=2, new=-1, updated? false
2022-08-02 21:05:55,726 [grpc-default-executor-2] DEBUG leader.FollowerInfo (FollowerInfoImpl.java:lambda$new$1(49)) - s0@group-DBBE7E7C6C61->s1: commitIndex: updateToMax old=1, new=1, updated? false
2022-08-02 21:05:55,726 [grpc-default-executor-2] DEBUG leader.FollowerInfo (FollowerInfoImpl.java:lambda$new$1(49)) - s0@group-DBBE7E7C6C61->s1: matchIndex: updateToMax old=2, new=-1, updated? false
2022-08-02 21:05:55,726 [grpc-default-executor-3] DEBUG leader.FollowerInfo (FollowerInfoImpl.java:lambda$new$1(49)) - s0@group-DBBE7E7C6C61->s2: commitIndex: updateToMax old=1, new=1, updated? false
2022-08-02 21:05:55,726 [grpc-default-executor-3] DEBUG leader.FollowerInfo (FollowerInfoImpl.java:lambda$new$1(49)) - s0@group-DBBE7E7C6C61->s2: matchIndex: updateToMax old=2, new=-1, updated? false
2022-08-02 21:05:55,727 [grpc-default-executor-2] DEBUG leader.FollowerInfo (FollowerInfoImpl.java:lambda$new$1(49)) - s0@group-DBBE7E7C6C61->s1: commitIndex: updateToMax old=1, new=1, updated? false
2022-08-02 21:05:55,727 [grpc-default-executor-2] DEBUG leader.FollowerInfo (FollowerInfoImpl.java:lambda$new$1(49)) - s0@group-DBBE7E7C6C61->s1: matchIndex: updateToMax old=2, new=-1, updated? false
2022-08-02 21:05:55,728 [grpc-default-executor-3] DEBUG leader.FollowerInfo (FollowerInfoImpl.java:lambda$new$1(49)) - s0@group-DBBE7E7C6C61->s2: commitIndex: updateToMax old=1, new=1, updated? false
2022-08-02 21:05:55,728 [grpc-default-executor-3] DEBUG leader.FollowerInfo (FollowerInfoImpl.java:lambda$new$1(49)) - s0@group-DBBE7E7C6C61->s2: matchIndex: updateToMax old=2, new=-1, updated? false
2022-08-02 21:05:55,728 [grpc-default-executor-2] DEBUG leader.FollowerInfo (FollowerInfoImpl.java:lambda$new$1(49)) - s0@group-DBBE7E7C6C61->s1: commitIndex: updateToMax old=1, new=1, updated? false
2022-08-02 21:05:55,728 [grpc-default-executor-2] DEBUG leader.FollowerInfo (FollowerInfoImpl.java:lambda$new$1(49)) - s0@group-DBBE7E7C6C61->s1: matchIndex: updateToMax old=2, new=-1, updated? false
2022-08-02 21:05:55,729 [grpc-default-executor-3] DEBUG leader.FollowerInfo (FollowerInfoImpl.java:lambda$new$1(49)) - s0@group-DBBE7E7C6C61->s2: commitIndex: updateToMax old=1, new=1, updated? false
2022-08-02 21:05:55,729 [grpc-default-executor-3] DEBUG leader.FollowerInfo (FollowerInfoImpl.java:lambda$new$1(49)) - s0@group-DBBE7E7C6C61->s2: matchIndex: updateToMax old=2, new=-1, updated? false
2022-08-02 21:05:55,730 [grpc-default-executor-2] DEBUG leader.FollowerInfo (FollowerInfoImpl.java:lambda$new$1(49)) - s0@group-DBBE7E7C6C61->s1: commitIndex: updateToMax old=1, new=1, updated? false
2022-08-02 21:05:55,730 [grpc-default-executor-2] DEBUG leader.FollowerInfo (FollowerInfoImpl.java:lambda$new$1(49)) - s0@group-DBBE7E7C6C61->s1: matchIndex: updateToMax old=2, new=-1, updated? false
2022-08-02 21:05:55,730 [grpc-default-executor-3] DEBUG leader.FollowerInfo (FollowerInfoImpl.java:lambda$new$1(49)) - s0@group-DBBE7E7C6C61->s2: commitIndex: updateToMax old=1, new=1, updated? false
2022-08-02 21:05:55,730 [grpc-default-executor-3] DEBUG leader.FollowerInfo (FollowerInfoImpl.java:lambda$new$1(49)) - s0@group-DBBE7E7C6C61->s2: matchIndex: updateToMax old=2, new=-1, updated? false
2022-08-02 21:05:55,731 [grpc-default-executor-2] DEBUG leader.FollowerInfo (FollowerInfoImpl.java:lambda$new$1(49)) - s0@group-DBBE7E7C6C61->s1: commitIndex: updateToMax old=1, new=1, updated? false
2022-08-02 21:05:55,731 [grpc-default-executor-2] DEBUG leader.FollowerInfo (FollowerInfoImpl.java:lambda$new$1(49)) - s0@group-DBBE7E7C6C61->s1: matchIndex: updateToMax old=2, new=-1, updated? false
2022-08-02 21:05:55,732 [grpc-default-executor-3] DEBUG leader.FollowerInfo (FollowerInfoImpl.java:lambda$new$1(49)) - s0@group-DBBE7E7C6C61->s2: commitIndex: updateToMax old=1, new=1, updated? false
2022-08-02 21:05:55,732 [grpc-default-executor-3] DEBUG leader.FollowerInfo (FollowerInfoImpl.java:lambda$new$1(49)) - s0@group-DBBE7E7C6C61->s2: matchIndex: updateToMax old=2, new=-1, updated? false
2022-08-02 21:05:55,732 [grpc-default-executor-2] DEBUG leader.FollowerInfo (FollowerInfoImpl.java:lambda$new$1(49)) - s0@group-DBBE7E7C6C61->s1: commitIndex: updateToMax old=1, new=1, updated? false
2022-08-02 21:05:55,732 [grpc-default-executor-2] DEBUG leader.FollowerInfo (FollowerInfoImpl.java:lambda$new$1(49)) - s0@group-DBBE7E7C6C61->s1: matchIndex: updateToMax old=2, new=-1, updated? false
2022-08-02 21:05:55,733 [grpc-default-executor-3] DEBUG leader.FollowerInfo (FollowerInfoImpl.java:lambda$new$1(49)) - s0@group-DBBE7E7C6C61->s2: commitIndex: updateToMax old=1, new=1, updated? false
2022-08-02 21:05:55,733 [grpc-default-executor-3] DEBUG leader.FollowerInfo (FollowerInfoImpl.java:lambda$new$1(49)) - s0@group-DBBE7E7C6C61->s2: matchIndex: updateToMax old=2, new=-1, updated? false
2022-08-02 21:05:55,734 [grpc-default-executor-2] DEBUG leader.FollowerInfo (FollowerInfoImpl.java:lambda$new$1(49)) - s0@group-DBBE7E7C6C61->s1: commitIndex: updateToMax old=1, new=1, updated? false
2022-08-02 21:05:55,734 [grpc-default-executor-2] DEBUG leader.FollowerInfo (FollowerInfoImpl.java:lambda$new$1(49)) - s0@group-DBBE7E7C6C61->s1: matchIndex: updateToMax old=2, new=-1, updated? false
2022-08-02 21:05:55,734 [grpc-default-executor-3] DEBUG leader.FollowerInfo (FollowerInfoImpl.java:lambda$new$1(49)) - s0@group-DBBE7E7C6C61->s2: commitIndex: updateToMax old=1, new=1, updated? false
2022-08-02 21:05:55,734 [grpc-default-executor-3] DEBUG leader.FollowerInfo (FollowerInfoImpl.java:lambda$new$1(49)) - s0@group-DBBE7E7C6C61->s2: matchIndex: updateToMax old=2, new=-1, updated? false
2022-08-02 21:05:55,735 [grpc-default-executor-2] DEBUG leader.FollowerInfo (FollowerInfoImpl.java:lambda$new$1(49)) - s0@group-DBBE7E7C6C61->s1: commitIndex: updateToMax old=1, new=1, updated? false
2022-08-02 21:05:55,735 [grpc-default-executor-2] DEBUG leader.FollowerInfo (FollowerInfoImpl.java:lambda$new$1(49)) - s0@group-DBBE7E7C6C61->s1: matchIndex: updateToMax old=2, new=-1, updated? false
2022-08-02 21:05:55,736 [grpc-default-executor-3] DEBUG leader.FollowerInfo (FollowerInfoImpl.java:lambda$new$1(49)) - s0@group-DBBE7E7C6C61->s2: commitIndex: updateToMax old=1, new=1, updated? false
2022-08-02 21:05:55,736 [grpc-default-executor-3] DEBUG leader.FollowerInfo (FollowerInfoImpl.java:lambda$new$1(49)) - s0@group-DBBE7E7C6C61->s2: matchIndex: updateToMax old=2, new=-1, updated? false
2022-08-02 21:05:55,736 [grpc-default-executor-2] DEBUG leader.FollowerInfo (FollowerInfoImpl.java:lambda$new$1(49)) - s0@group-DBBE7E7C6C61->s1: commitIndex: updateToMax old=1, new=1, updated? false
2022-08-02 21:05:55,736 [grpc-default-executor-2] DEBUG leader.FollowerInfo (FollowerInfoImpl.java:lambda$new$1(49)) - s0@group-DBBE7E7C6C61->s1: matchIndex: updateToMax old=2, new=-1, updated? false
2022-08-02 21:05:55,737 [grpc-default-executor-3] DEBUG leader.FollowerInfo (FollowerInfoImpl.java:lambda$new$1(49)) - s0@group-DBBE7E7C6C61->s2: commitIndex: updateToMax old=1, new=1, updated? false
2022-08-02 21:05:55,737 [grpc-default-executor-3] DEBUG leader.FollowerInfo (FollowerInfoImpl.java:lambda$new$1(49)) - s0@group-DBBE7E7C6C61->s2: matchIndex: updateToMax old=2, new=-1, updated? false
2022-08-02 21:05:55,738 [grpc-default-executor-2] DEBUG leader.FollowerInfo (FollowerInfoImpl.java:lambda$new$1(49)) - s0@group-DBBE7E7C6C61->s1: commitIndex: updateToMax old=1, new=1, updated? false
2022-08-02 21:05:55,738 [grpc-default-executor-2] DEBUG leader.FollowerInfo (FollowerInfoImpl.java:lambda$new$1(49)) - s0@group-DBBE7E7C6C61->s1: matchIndex: updateToMax old=2, new=-1, updated? false
2022-08-02 21:05:55,738 [grpc-default-executor-3] DEBUG leader.FollowerInfo (FollowerInfoImpl.java:lambda$new$1(49)) - s0@group-DBBE7E7C6C61->s2: commitIndex: updateToMax old=1, new=1, updated? false
2022-08-02 21:05:55,738 [grpc-default-executor-3] DEBUG leader.FollowerInfo (FollowerInfoImpl.java:lambda$new$1(49)) - s0@group-DBBE7E7C6C61->s2: matchIndex: updateToMax old=2, new=-1, updated? false
2022-08-02 21:05:55,739 [grpc-default-executor-2] DEBUG leader.FollowerInfo (FollowerInfoImpl.java:lambda$new$1(49)) - s0@group-DBBE7E7C6C61->s1: commitIndex: updateToMax old=1, new=1, updated? false
2022-08-02 21:05:55,739 [grpc-default-executor-2] DEBUG leader.FollowerInfo (FollowerInfoImpl.java:lambda$new$1(49)) - s0@group-DBBE7E7C6C61->s1: matchIndex: updateToMax old=2, new=-1, updated? false
2022-08-02 21:05:55,740 [grpc-default-executor-3] DEBUG leader.FollowerInfo (FollowerInfoImpl.java:lambda$new$1(49)) - s0@group-DBBE7E7C6C61->s2: commitIndex: updateToMax old=1, new=1, updated? false
2022-08-02 21:05:55,740 [grpc-default-executor-3] DEBUG leader.FollowerInfo (FollowerInfoImpl.java:lambda$new$1(49)) - s0@group-DBBE7E7C6C61->s2: matchIndex: updateToMax old=2, new=-1, updated? false
2022-08-02 21:05:55,741 [grpc-default-executor-2] DEBUG leader.FollowerInfo (FollowerInfoImpl.java:lambda$new$1(49)) - s0@group-DBBE7E7C6C61->s1: commitIndex: updateToMax old=1, new=1, updated? false
2022-08-02 21:05:55,741 [grpc-default-executor-2] DEBUG leader.FollowerInfo (FollowerInfoImpl.java:lambda$new$1(49)) - s0@group-DBBE7E7C6C61->s1: matchIndex: updateToMax old=2, new=-1, updated? false
2022-08-02 21:05:55,741 [grpc-default-executor-3] DEBUG leader.FollowerInfo (FollowerInfoImpl.java:lambda$new$1(49)) - s0@group-DBBE7E7C6C61->s2: commitIndex: updateToMax old=1, new=1, updated? false
2022-08-02 21:05:55,741 [grpc-default-executor-3] DEBUG leader.FollowerInfo (FollowerInfoImpl.java:lambda$new$1(49)) - s0@group-DBBE7E7C6C61->s2: matchIndex: updateToMax old=2, new=-1, updated? false
2022-08-02 21:05:55,742 [grpc-default-executor-2] DEBUG leader.FollowerInfo (FollowerInfoImpl.java:lambda$new$1(49)) - s0@group-DBBE7E7C6C61->s1: commitIndex: updateToMax old=1, new=1, updated? false
2022-08-02 21:05:55,742 [grpc-default-executor-2] DEBUG leader.FollowerInfo (FollowerInfoImpl.java:lambda$new$1(49)) - s0@group-DBBE7E7C6C61->s1: matchIndex: updateToMax old=2, new=-1, updated? false
2022-08-02 21:05:55,743 [grpc-default-executor-3] DEBUG leader.FollowerInfo (FollowerInfoImpl.java:lambda$new$1(49)) - s0@group-DBBE7E7C6C61->s2: commitIndex: updateToMax old=1, new=1, updated? false
2022-08-02 21:05:55,743 [grpc-default-executor-3] DEBUG leader.FollowerInfo (FollowerInfoImpl.java:lambda$new$1(49)) - s0@group-DBBE7E7C6C61->s2: matchIndex: updateToMax old=2, new=-1, updated? false
2022-08-02 21:05:55,743 [grpc-default-executor-2] DEBUG leader.FollowerInfo (FollowerInfoImpl.java:lambda$new$1(49)) - s0@group-DBBE7E7C6C61->s1: commitIndex: updateToMax old=1, new=1, updated? false
2022-08-02 21:05:55,743 [grpc-default-executor-2] DEBUG leader.FollowerInfo (FollowerInfoImpl.java:lambda$new$1(49)) - s0@group-DBBE7E7C6C61->s1: matchIndex: updateToMax old=2, new=-1, updated? false
2022-08-02 21:05:55,744 [grpc-default-executor-3] DEBUG leader.FollowerInfo (FollowerInfoImpl.java:lambda$new$1(49)) - s0@group-DBBE7E7C6C61->s2: commitIndex: updateToMax old=1, new=1, updated? false
2022-08-02 21:05:55,744 [grpc-default-executor-3] DEBUG leader.FollowerInfo (FollowerInfoImpl.java:lambda$new$1(49)) - s0@group-DBBE7E7C6C61->s2: matchIndex: updateToMax old=2, new=-1, updated? false
2022-08-02 21:05:55,745 [grpc-default-executor-2] DEBUG leader.FollowerInfo (FollowerInfoImpl.java:lambda$new$1(49)) - s0@group-DBBE7E7C6C61->s1: commitIndex: updateToMax old=1, new=1, updated? false
2022-08-02 21:05:55,745 [grpc-default-executor-2] DEBUG leader.FollowerInfo (FollowerInfoImpl.java:lambda$new$1(49)) - s0@group-DBBE7E7C6C61->s1: matchIndex: updateToMax old=2, new=-1, updated? false
2022-08-02 21:05:55,745 [grpc-default-executor-3] DEBUG leader.FollowerInfo (FollowerInfoImpl.java:lambda$new$1(49)) - s0@group-DBBE7E7C6C61->s2: commitIndex: updateToMax old=1, new=1, updated? false
2022-08-02 21:05:55,746 [grpc-default-executor-3] DEBUG leader.FollowerInfo (FollowerInfoImpl.java:lambda$new$1(49)) - s0@group-DBBE7E7C6C61->s2: matchIndex: updateToMax old=2, new=-1, updated? false
2022-08-02 21:05:55,746 [grpc-default-executor-2] DEBUG leader.FollowerInfo (FollowerInfoImpl.java:lambda$new$1(49)) - s0@group-DBBE7E7C6C61->s1: commitIndex: updateToMax old=1, new=1, updated? false
2022-08-02 21:05:55,746 [grpc-default-executor-2] DEBUG leader.FollowerInfo (FollowerInfoImpl.java:lambda$new$1(49)) - s0@group-DBBE7E7C6C61->s1: matchIndex: updateToMax old=2, new=-1, updated? false
2022-08-02 21:05:55,747 [grpc-default-executor-3] DEBUG leader.FollowerInfo (FollowerInfoImpl.java:lambda$new$1(49)) - s0@group-DBBE7E7C6C61->s2: commitIndex: updateToMax old=1, new=1, updated? false
2022-08-02 21:05:55,747 [grpc-default-executor-3] DEBUG leader.FollowerInfo (FollowerInfoImpl.java:lambda$new$1(49)) - s0@group-DBBE7E7C6C61->s2: matchIndex: updateToMax old=2, new=-1, updated? false
2022-08-02 21:05:55,748 [grpc-default-executor-2] DEBUG leader.FollowerInfo (FollowerInfoImpl.java:lambda$new$1(49)) - s0@group-DBBE7E7C6C61->s1: commitIndex: updateToMax old=1, new=1, updated? false
2022-08-02 21:05:55,748 [grpc-default-executor-2] DEBUG leader.FollowerInfo (FollowerInfoImpl.java:lambda$new$1(49)) - s0@group-DBBE7E7C6C61->s1: matchIndex: updateToMax old=2, new=-1, updated? false
2022-08-02 21:05:55,748 [grpc-default-executor-3] DEBUG leader.FollowerInfo (FollowerInfoImpl.java:lambda$new$1(49)) - s0@group-DBBE7E7C6C61->s2: commitIndex: updateToMax old=1, new=1, updated? false
2022-08-02 21:05:55,748 [grpc-default-executor-3] DEBUG leader.FollowerInfo (FollowerInfoImpl.java:lambda$new$1(49)) - s0@group-DBBE7E7C6C61->s2: matchIndex: updateToMax old=2, new=-1, updated? false
2022-08-02 21:05:55,749 [grpc-default-executor-2] DEBUG leader.FollowerInfo (FollowerInfoImpl.java:lambda$new$1(49)) - s0@group-DBBE7E7C6C61->s1: commitIndex: updateToMax old=1, new=1, updated? false
2022-08-02 21:05:55,749 [grpc-default-executor-2] DEBUG leader.FollowerInfo (FollowerInfoImpl.java:lambda$new$1(49)) - s0@group-DBBE7E7C6C61->s1: matchIndex: updateToMax old=2, new=-1, updated? false
2022-08-02 21:05:55,750 [grpc-default-executor-3] DEBUG leader.FollowerInfo (FollowerInfoImpl.java:lambda$new$1(49)) - s0@group-DBBE7E7C6C61->s2: commitIndex: updateToMax old=1, new=1, updated? false
2022-08-02 21:05:55,750 [grpc-default-executor-3] DEBUG leader.FollowerInfo (FollowerInfoImpl.java:lambda$new$1(49)) - s0@group-DBBE7E7C6C61->s2: matchIndex: updateToMax old=2, new=-1, updated? false
2022-08-02 21:05:55,750 [grpc-default-executor-2] DEBUG leader.FollowerInfo (FollowerInfoImpl.java:lambda$new$1(49)) - s0@group-DBBE7E7C6C61->s1: commitIndex: updateToMax old=1, new=1, updated? false
2022-08-02 21:05:55,750 [grpc-default-executor-2] DEBUG leader.FollowerInfo (FollowerInfoImpl.java:lambda$new$1(49)) - s0@group-DBBE7E7C6C61->s1: matchIndex: updateToMax old=2, new=-1, updated? false
2022-08-02 21:05:55,751 [grpc-default-executor-3] DEBUG leader.FollowerInfo (FollowerInfoImpl.java:lambda$new$1(49)) - s0@group-DBBE7E7C6C61->s2: commitIndex: updateToMax old=1, new=1, updated? false
2022-08-02 21:05:55,751 [grpc-default-executor-3] DEBUG leader.FollowerInfo (FollowerInfoImpl.java:lambda$new$1(49)) - s0@group-DBBE7E7C6C61->s2: matchIndex: updateToMax old=2, new=-1, updated? false
2022-08-02 21:05:55,752 [grpc-default-executor-2] DEBUG leader.FollowerInfo (FollowerInfoImpl.java:lambda$new$1(49)) - s0@group-DBBE7E7C6C61->s1: commitIndex: updateToMax old=1, new=1, updated? false
2022-08-02 21:05:55,752 [grpc-default-executor-2] DEBUG leader.FollowerInfo (FollowerInfoImpl.java:lambda$new$1(49)) - s0@group-DBBE7E7C6C61->s1: matchIndex: updateToMax old=2, new=-1, updated? false
2022-08-02 21:05:55,753 [grpc-default-executor-3] DEBUG leader.FollowerInfo (FollowerInfoImpl.java:lambda$new$1(49)) - s0@group-DBBE7E7C6C61->s2: commitIndex: updateToMax old=1, new=1, updated? false
2022-08-02 21:05:55,753 [grpc-default-executor-3] DEBUG leader.FollowerInfo (FollowerInfoImpl.java:lambda$new$1(49)) - s0@group-DBBE7E7C6C61->s2: matchIndex: updateToMax old=2, new=-1, updated? false
2022-08-02 21:05:55,753 [grpc-default-executor-2] DEBUG leader.FollowerInfo (FollowerInfoImpl.java:lambda$new$1(49)) - s0@group-DBBE7E7C6C61->s1: commitIndex: updateToMax old=1, new=1, updated? false
2022-08-02 21:05:55,753 [grpc-default-executor-2] DEBUG leader.FollowerInfo (FollowerInfoImpl.java:lambda$new$1(49)) - s0@group-DBBE7E7C6C61->s1: matchIndex: updateToMax old=2, new=-1, updated? false
2022-08-02 21:05:55,754 [grpc-default-executor-3] DEBUG leader.FollowerInfo (FollowerInfoImpl.java:lambda$new$1(49)) - s0@group-DBBE7E7C6C61->s2: commitIndex: updateToMax old=1, new=1, updated? false
2022-08-02 21:05:55,754 [grpc-default-executor-3] DEBUG leader.FollowerInfo (FollowerInfoImpl.java:lambda$new$1(49)) - s0@group-DBBE7E7C6C61->s2: matchIndex: updateToMax old=2, new=-1, updated? false
2022-08-02 21:05:55,755 [grpc-default-executor-2] DEBUG leader.FollowerInfo (FollowerInfoImpl.java:lambda$new$1(49)) - s0@group-DBBE7E7C6C61->s1: commitIndex: updateToMax old=1, new=1, updated? false
2022-08-02 21:05:55,755 [grpc-default-executor-2] DEBUG leader.FollowerInfo (FollowerInfoImpl.java:lambda$new$1(49)) - s0@group-DBBE7E7C6C61->s1: matchIndex: updateToMax old=2, new=-1, updated? false
2022-08-02 21:05:55,756 [grpc-default-executor-3] DEBUG leader.FollowerInfo (FollowerInfoImpl.java:lambda$new$1(49)) - s0@group-DBBE7E7C6C61->s2: commitIndex: updateToMax old=1, new=1, updated? false
2022-08-02 21:05:55,756 [grpc-default-executor-3] DEBUG leader.FollowerInfo (FollowerInfoImpl.java:lambda$new$1(49)) - s0@group-DBBE7E7C6C61->s2: matchIndex: updateToMax old=2, new=-1, updated? false
2022-08-02 21:05:55,756 [grpc-default-executor-2] DEBUG leader.FollowerInfo (FollowerInfoImpl.java:lambda$new$1(49)) - s0@group-DBBE7E7C6C61->s1: commitIndex: updateToMax old=1, new=1, updated? false
2022-08-02 21:05:55,757 [grpc-default-executor-2] DEBUG leader.FollowerInfo (FollowerInfoImpl.java:lambda$new$1(49)) - s0@group-DBBE7E7C6C61->s1: matchIndex: updateToMax old=2, new=-1, updated? false
2022-08-02 21:05:55,757 [grpc-default-executor-3] DEBUG leader.FollowerInfo (FollowerInfoImpl.java:lambda$new$1(49)) - s0@group-DBBE7E7C6C61->s2: commitIndex: updateToMax old=1, new=1, updated? false
2022-08-02 21:05:55,757 [grpc-default-executor-3] DEBUG leader.FollowerInfo (FollowerInfoImpl.java:lambda$new$1(49)) - s0@group-DBBE7E7C6C61->s2: matchIndex: updateToMax old=2, new=-1, updated? false
2022-08-02 21:05:55,758 [grpc-default-executor-2] DEBUG leader.FollowerInfo (FollowerInfoImpl.java:lambda$new$1(49)) - s0@group-DBBE7E7C6C61->s1: commitIndex: updateToMax old=1, new=1, updated? false
2022-08-02 21:05:55,758 [grpc-default-executor-2] DEBUG leader.FollowerInfo (FollowerInfoImpl.java:lambda$new$1(49)) - s0@group-DBBE7E7C6C61->s1: matchIndex: updateToMax old=2, new=-1, updated? false
2022-08-02 21:05:55,759 [grpc-default-executor-3] DEBUG leader.FollowerInfo (FollowerInfoImpl.java:lambda$new$1(49)) - s0@group-DBBE7E7C6C61->s2: commitIndex: updateToMax old=1, new=1, updated? false
2022-08-02 21:05:55,759 [grpc-default-executor-3] DEBUG leader.FollowerInfo (FollowerInfoImpl.java:lambda$new$1(49)) - s0@group-DBBE7E7C6C61->s2: matchIndex: updateToMax old=2, new=-1, updated? false
2022-08-02 21:05:55,759 [grpc-default-executor-2] DEBUG leader.FollowerInfo (FollowerInfoImpl.java:lambda$new$1(49)) - s0@group-DBBE7E7C6C61->s1: commitIndex: updateToMax old=1, new=1, updated? false
2022-08-02 21:05:55,759 [grpc-default-executor-2] DEBUG leader.FollowerInfo (FollowerInfoImpl.java:lambda$new$1(49)) - s0@group-DBBE7E7C6C61->s1: matchIndex: updateToMax old=2, new=-1, updated? false
2022-08-02 21:05:55,760 [grpc-default-executor-3] DEBUG leader.FollowerInfo (FollowerInfoImpl.java:lambda$new$1(49)) - s0@group-DBBE7E7C6C61->s2: commitIndex: updateToMax old=1, new=1, updated? false
2022-08-02 21:05:55,760 [grpc-default-executor-3] DEBUG leader.FollowerInfo (FollowerInfoImpl.java:lambda$new$1(49)) - s0@group-DBBE7E7C6C61->s2: matchIndex: updateToMax old=2, new=-1, updated? false
2022-08-02 21:05:55,761 [grpc-default-executor-2] DEBUG leader.FollowerInfo (FollowerInfoImpl.java:lambda$new$1(49)) - s0@group-DBBE7E7C6C61->s1: commitIndex: updateToMax old=1, new=1, updated? false
2022-08-02 21:05:55,761 [grpc-default-executor-2] DEBUG leader.FollowerInfo (FollowerInfoImpl.java:lambda$new$1(49)) - s0@group-DBBE7E7C6C61->s1: matchIndex: updateToMax old=2, new=-1, updated? false
2022-08-02 21:05:55,761 [grpc-default-executor-3] DEBUG leader.FollowerInfo (FollowerInfoImpl.java:lambda$new$1(49)) - s0@group-DBBE7E7C6C61->s2: commitIndex: updateToMax old=1, new=1, updated? false
2022-08-02 21:05:55,761 [grpc-default-executor-3] DEBUG leader.FollowerInfo (FollowerInfoImpl.java:lambda$new$1(49)) - s0@group-DBBE7E7C6C61->s2: matchIndex: updateToMax old=2, new=-1, updated? false
2022-08-02 21:05:55,762 [grpc-default-executor-2] DEBUG leader.FollowerInfo (FollowerInfoImpl.java:lambda$new$1(49)) - s0@group-DBBE7E7C6C61->s1: commitIndex: updateToMax old=1, new=1, updated? false
2022-08-02 21:05:55,762 [grpc-default-executor-2] DEBUG leader.FollowerInfo (FollowerInfoImpl.java:lambda$new$1(49)) - s0@group-DBBE7E7C6C61->s1: matchIndex: updateToMax old=2, new=-1, updated? false
2022-08-02 21:05:55,763 [grpc-default-executor-3] DEBUG leader.FollowerInfo (FollowerInfoImpl.java:lambda$new$1(49)) - s0@group-DBBE7E7C6C61->s2: commitIndex: updateToMax old=1, new=1, updated? false
2022-08-02 21:05:55,763 [grpc-default-executor-3] DEBUG leader.FollowerInfo (FollowerInfoImpl.java:lambda$new$1(49)) - s0@group-DBBE7E7C6C61->s2: matchIndex: updateToMax old=2, new=-1, updated? false
2022-08-02 21:05:55,763 [grpc-default-executor-2] DEBUG leader.FollowerInfo (FollowerInfoImpl.java:lambda$new$1(49)) - s0@group-DBBE7E7C6C61->s1: commitIndex: updateToMax old=1, new=1, updated? false
2022-08-02 21:05:55,763 [grpc-default-executor-2] DEBUG leader.FollowerInfo (FollowerInfoImpl.java:lambda$new$1(49)) - s0@group-DBBE7E7C6C61->s1: matchIndex: updateToMax old=2, new=-1, updated? false
2022-08-02 21:05:55,764 [grpc-default-executor-3] DEBUG leader.FollowerInfo (FollowerInfoImpl.java:lambda$new$1(49)) - s0@group-DBBE7E7C6C61->s2: commitIndex: updateToMax old=1, new=1, updated? false
2022-08-02 21:05:55,764 [grpc-default-executor-3] DEBUG leader.FollowerInfo (FollowerInfoImpl.java:lambda$new$1(49)) - s0@group-DBBE7E7C6C61->s2: matchIndex: updateToMax old=2, new=-1, updated? false
2022-08-02 21:05:55,765 [grpc-default-executor-2] DEBUG leader.FollowerInfo (FollowerInfoImpl.java:lambda$new$1(49)) - s0@group-DBBE7E7C6C61->s1: commitIndex: updateToMax old=1, new=1, updated? false
2022-08-02 21:05:55,765 [grpc-default-executor-2] DEBUG leader.FollowerInfo (FollowerInfoImpl.java:lambda$new$1(49)) - s0@group-DBBE7E7C6C61->s1: matchIndex: updateToMax old=2, new=-1, updated? false
2022-08-02 21:05:55,765 [grpc-default-executor-3] DEBUG leader.FollowerInfo (FollowerInfoImpl.java:lambda$new$1(49)) - s0@group-DBBE7E7C6C61->s2: commitIndex: updateToMax old=1, new=1, updated? false
2022-08-02 21:05:55,766 [grpc-default-executor-3] DEBUG leader.FollowerInfo (FollowerInfoImpl.java:lambda$new$1(49)) - s0@group-DBBE7E7C6C61->s2: matchIndex: updateToMax old=2, new=-1, updated? false
2022-08-02 21:05:55,766 [grpc-default-executor-2] DEBUG leader.FollowerInfo (FollowerInfoImpl.java:lambda$new$1(49)) - s0@group-DBBE7E7C6C61->s1: commitIndex: updateToMax old=1, new=1, updated? false
2022-08-02 21:05:55,766 [grpc-default-executor-2] DEBUG leader.FollowerInfo (FollowerInfoImpl.java:lambda$new$1(49)) - s0@group-DBBE7E7C6C61->s1: matchIndex: updateToMax old=2, new=-1, updated? false
2022-08-02 21:05:55,767 [grpc-default-executor-3] DEBUG leader.FollowerInfo (FollowerInfoImpl.java:lambda$new$1(49)) - s0@group-DBBE7E7C6C61->s2: commitIndex: updateToMax old=1, new=1, updated? false
2022-08-02 21:05:55,767 [grpc-default-executor-3] DEBUG leader.FollowerInfo (FollowerInfoImpl.java:lambda$new$1(49)) - s0@group-DBBE7E7C6C61->s2: matchIndex: updateToMax old=2, new=-1, updated? false
2022-08-02 21:05:55,768 [grpc-default-executor-2] DEBUG leader.FollowerInfo (FollowerInfoImpl.java:lambda$new$1(49)) - s0@group-DBBE7E7C6C61->s1: commitIndex: updateToMax old=1, new=1, updated? false
2022-08-02 21:05:55,768 [grpc-default-executor-2] DEBUG leader.FollowerInfo (FollowerInfoImpl.java:lambda$new$1(49)) - s0@group-DBBE7E7C6C61->s1: matchIndex: updateToMax old=2, new=-1, updated? false
2022-08-02 21:05:55,768 [grpc-default-executor-3] DEBUG leader.FollowerInfo (FollowerInfoImpl.java:lambda$new$1(49)) - s0@group-DBBE7E7C6C61->s2: commitIndex: updateToMax old=1, new=1, updated? false
2022-08-02 21:05:55,768 [grpc-default-executor-3] DEBUG leader.FollowerInfo (FollowerInfoImpl.java:lambda$new$1(49)) - s0@group-DBBE7E7C6C61->s2: matchIndex: updateToMax old=2, new=-1, updated? false
2022-08-02 21:05:55,769 [grpc-default-executor-2] DEBUG leader.FollowerInfo (FollowerInfoImpl.java:lambda$new$1(49)) - s0@group-DBBE7E7C6C61->s1: commitIndex: updateToMax old=1, new=1, updated? false
2022-08-02 21:05:55,769 [grpc-default-executor-2] DEBUG leader.FollowerInfo (FollowerInfoImpl.java:lambda$new$1(49)) - s0@group-DBBE7E7C6C61->s1: matchIndex: updateToMax old=2, new=-1, updated? false
2022-08-02 21:05:55,770 [grpc-default-executor-3] DEBUG leader.FollowerInfo (FollowerInfoImpl.java:lambda$new$1(49)) - s0@group-DBBE7E7C6C61->s2: commitIndex: updateToMax old=1, new=1, updated? false
2022-08-02 21:05:55,770 [grpc-default-executor-3] DEBUG leader.FollowerInfo (FollowerInfoImpl.java:lambda$new$1(49)) - s0@group-DBBE7E7C6C61->s2: matchIndex: updateToMax old=2, new=-1, updated? false
2022-08-02 21:05:55,770 [grpc-default-executor-2] DEBUG leader.FollowerInfo (FollowerInfoImpl.java:lambda$new$1(49)) - s0@group-DBBE7E7C6C61->s1: commitIndex: updateToMax old=1, new=1, updated? false
2022-08-02 21:05:55,770 [grpc-default-executor-2] DEBUG leader.FollowerInfo (FollowerInfoImpl.java:lambda$new$1(49)) - s0@group-DBBE7E7C6C61->s1: matchIndex: updateToMax old=2, new=-1, updated? false
2022-08-02 21:05:55,771 [grpc-default-executor-3] DEBUG leader.FollowerInfo (FollowerInfoImpl.java:lambda$new$1(49)) - s0@group-DBBE7E7C6C61->s2: commitIndex: updateToMax old=1, new=1, updated? false
2022-08-02 21:05:55,771 [grpc-default-executor-3] DEBUG leader.FollowerInfo (FollowerInfoImpl.java:lambda$new$1(49)) - s0@group-DBBE7E7C6C61->s2: matchIndex: updateToMax old=2, new=-1, updated? false
2022-08-02 21:05:55,772 [grpc-default-executor-2] DEBUG leader.FollowerInfo (FollowerInfoImpl.java:lambda$new$1(49)) - s0@group-DBBE7E7C6C61->s1: commitIndex: updateToMax old=1, new=1, updated? false
2022-08-02 21:05:55,772 [grpc-default-executor-2] DEBUG leader.FollowerInfo (FollowerInfoImpl.java:lambda$new$1(49)) - s0@group-DBBE7E7C6C61->s1: matchIndex: updateToMax old=2, new=-1, updated? false
2022-08-02 21:05:55,772 [grpc-default-executor-3] DEBUG leader.FollowerInfo (FollowerInfoImpl.java:lambda$new$1(49)) - s0@group-DBBE7E7C6C61->s2: commitIndex: updateToMax old=1, new=1, updated? false
2022-08-02 21:05:55,773 [grpc-default-executor-3] DEBUG leader.FollowerInfo (FollowerInfoImpl.java:lambda$new$1(49)) - s0@group-DBBE7E7C6C61->s2: matchIndex: updateToMax old=2, new=-1, updated? false
2022-08-02 21:05:55,773 [grpc-default-executor-2] DEBUG leader.FollowerInfo (FollowerInfoImpl.java:lambda$new$1(49)) - s0@group-DBBE7E7C6C61->s1: commitIndex: updateToMax old=1, new=1, updated? false
2022-08-02 21:05:55,773 [grpc-default-executor-2] DEBUG leader.FollowerInfo (FollowerInfoImpl.java:lambda$new$1(49)) - s0@group-DBBE7E7C6C61->s1: matchIndex: updateToMax old=2, new=-1, updated? false
2022-08-02 21:05:55,774 [grpc-default-executor-3] DEBUG leader.FollowerInfo (FollowerInfoImpl.java:lambda$new$1(49)) - s0@group-DBBE7E7C6C61->s2: commitIndex: updateToMax old=1, new=1, updated? false
2022-08-02 21:05:55,774 [grpc-default-executor-3] DEBUG leader.FollowerInfo (FollowerInfoImpl.java:lambda$new$1(49)) - s0@group-DBBE7E7C6C61->s2: matchIndex: updateToMax old=2, new=-1, updated? false
2022-08-02 21:05:55,775 [grpc-default-executor-2] DEBUG leader.FollowerInfo (FollowerInfoImpl.java:lambda$new$1(49)) - s0@group-DBBE7E7C6C61->s1: commitIndex: updateToMax old=1, new=1, updated? false
2022-08-02 21:05:55,775 [grpc-default-executor-2] DEBUG leader.FollowerInfo (FollowerInfoImpl.java:lambda$new$1(49)) - s0@group-DBBE7E7C6C61->s1: matchIndex: updateToMax old=2, new=-1, updated? false
2022-08-02 21:05:55,775 [grpc-default-executor-3] DEBUG leader.FollowerInfo (FollowerInfoImpl.java:lambda$new$1(49)) - s0@group-DBBE7E7C6C61->s2: commitIndex: updateToMax old=1, new=1, updated? false
2022-08-02 21:05:55,775 [grpc-default-executor-3] DEBUG leader.FollowerInfo (FollowerInfoImpl.java:lambda$new$1(49)) - s0@group-DBBE7E7C6C61->s2: matchIndex: updateToMax old=2, new=-1, updated? false
2022-08-02 21:05:55,776 [grpc-default-executor-2] DEBUG leader.FollowerInfo (FollowerInfoImpl.java:lambda$new$1(49)) - s0@group-DBBE7E7C6C61->s1: commitIndex: updateToMax old=1, new=1, updated? false
2022-08-02 21:05:55,776 [grpc-default-executor-2] DEBUG leader.FollowerInfo (FollowerInfoImpl.java:lambda$new$1(49)) - s0@group-DBBE7E7C6C61->s1: matchIndex: updateToMax old=2, new=-1, updated? false
2022-08-02 21:05:55,777 [grpc-default-executor-3] DEBUG leader.FollowerInfo (FollowerInfoImpl.java:lambda$new$1(49)) - s0@group-DBBE7E7C6C61->s2: commitIndex: updateToMax old=1, new=1, updated? false
2022-08-02 21:05:55,777 [grpc-default-executor-3] DEBUG leader.FollowerInfo (FollowerInfoImpl.java:lambda$new$1(49)) - s0@group-DBBE7E7C6C61->s2: matchIndex: updateToMax old=2, new=-1, updated? false
2022-08-02 21:05:55,777 [grpc-default-executor-2] DEBUG leader.FollowerInfo (FollowerInfoImpl.java:lambda$new$1(49)) - s0@group-DBBE7E7C6C61->s1: commitIndex: updateToMax old=1, new=1, updated? false
2022-08-02 21:05:55,777 [grpc-default-executor-2] DEBUG leader.FollowerInfo (FollowerInfoImpl.java:lambda$new$1(49)) - s0@group-DBBE7E7C6C61->s1: matchIndex: updateToMax old=2, new=-1, updated? false
2022-08-02 21:05:55,778 [grpc-default-executor-3] DEBUG leader.FollowerInfo (FollowerInfoImpl.java:lambda$new$1(49)) - s0@group-DBBE7E7C6C61->s2: commitIndex: updateToMax old=1, new=1, updated? false
2022-08-02 21:05:55,778 [grpc-default-executor-3] DEBUG leader.FollowerInfo (FollowerInfoImpl.java:lambda$new$1(49)) - s0@group-DBBE7E7C6C61->s2: matchIndex: updateToMax old=2, new=-1, updated? false
2022-08-02 21:05:55,779 [grpc-default-executor-2] DEBUG leader.FollowerInfo (FollowerInfoImpl.java:lambda$new$1(49)) - s0@group-DBBE7E7C6C61->s1: commitIndex: updateToMax old=1, new=1, updated? false
2022-08-02 21:05:55,779 [grpc-default-executor-2] DEBUG leader.FollowerInfo (FollowerInfoImpl.java:lambda$new$1(49)) - s0@group-DBBE7E7C6C61->s1: matchIndex: updateToMax old=2, new=-1, updated? false
2022-08-02 21:05:55,779 [grpc-default-executor-3] DEBUG leader.FollowerInfo (FollowerInfoImpl.java:lambda$new$1(49)) - s0@group-DBBE7E7C6C61->s2: commitIndex: updateToMax old=1, new=1, updated? false
2022-08-02 21:05:55,779 [grpc-default-executor-3] DEBUG leader.FollowerInfo (FollowerInfoImpl.java:lambda$new$1(49)) - s0@group-DBBE7E7C6C61->s2: matchIndex: updateToMax old=2, new=-1, updated? false
2022-08-02 21:05:55,780 [grpc-default-executor-2] DEBUG leader.FollowerInfo (FollowerInfoImpl.java:lambda$new$1(49)) - s0@group-DBBE7E7C6C61->s1: commitIndex: updateToMax old=1, new=1, updated? false
2022-08-02 21:05:55,780 [grpc-default-executor-2] DEBUG leader.FollowerInfo (FollowerInfoImpl.java:lambda$new$1(49)) - s0@group-DBBE7E7C6C61->s1: matchIndex: updateToMax old=2, new=-1, updated? false
2022-08-02 21:05:55,781 [grpc-default-executor-3] DEBUG leader.FollowerInfo (FollowerInfoImpl.java:lambda$new$1(49)) - s0@group-DBBE7E7C6C61->s2: commitIndex: updateToMax old=1, new=1, updated? false
2022-08-02 21:05:55,781 [grpc-default-executor-3] DEBUG leader.FollowerInfo (FollowerInfoImpl.java:lambda$new$1(49)) - s0@group-DBBE7E7C6C61->s2: matchIndex: updateToMax old=2, new=-1, updated? false
2022-08-02 21:05:55,782 [grpc-default-executor-2] DEBUG leader.FollowerInfo (FollowerInfoImpl.java:lambda$new$1(49)) - s0@group-DBBE7E7C6C61->s1: commitIndex: updateToMax old=1, new=1, updated? false
2022-08-02 21:05:55,782 [grpc-default-executor-2] DEBUG leader.FollowerInfo (FollowerInfoImpl.java:lambda$new$1(49)) - s0@group-DBBE7E7C6C61->s1: matchIndex: updateToMax old=2, new=-1, updated? false
2022-08-02 21:05:55,782 [grpc-default-executor-3] DEBUG leader.FollowerInfo (FollowerInfoImpl.java:lambda$new$1(49)) - s0@group-DBBE7E7C6C61->s2: commitIndex: updateToMax old=1, new=1, updated? false
2022-08-02 21:05:55,782 [grpc-default-executor-3] DEBUG leader.FollowerInfo (FollowerInfoImpl.java:lambda$new$1(49)) - s0@group-DBBE7E7C6C61->s2: matchIndex: updateToMax old=2, new=-1, updated? false
2022-08-02 21:05:55,783 [grpc-default-executor-2] DEBUG leader.FollowerInfo (FollowerInfoImpl.java:lambda$new$1(49)) - s0@group-DBBE7E7C6C61->s1: commitIndex: updateToMax old=1, new=1, updated? false
2022-08-02 21:05:55,783 [grpc-default-executor-2] DEBUG leader.FollowerInfo (FollowerInfoImpl.java:lambda$new$1(49)) - s0@group-DBBE7E7C6C61->s1: matchIndex: updateToMax old=2, new=-1, updated? false
2022-08-02 21:05:55,784 [grpc-default-executor-3] DEBUG leader.FollowerInfo (FollowerInfoImpl.java:lambda$new$1(49)) - s0@group-DBBE7E7C6C61->s2: commitIndex: updateToMax old=1, new=1, updated? false
2022-08-02 21:05:55,784 [grpc-default-executor-3] DEBUG leader.FollowerInfo (FollowerInfoImpl.java:lambda$new$1(49)) - s0@group-DBBE7E7C6C61->s2: matchIndex: updateToMax old=2, new=-1, updated? false
2022-08-02 21:05:55,784 [grpc-default-executor-2] DEBUG leader.FollowerInfo (FollowerInfoImpl.java:lambda$new$1(49)) - s0@group-DBBE7E7C6C61->s1: commitIndex: updateToMax old=1, new=1, updated? false
2022-08-02 21:05:55,784 [grpc-default-executor-2] DEBUG leader.FollowerInfo (FollowerInfoImpl.java:lambda$new$1(49)) - s0@group-DBBE7E7C6C61->s1: matchIndex: updateToMax old=2, new=-1, updated? false
2022-08-02 21:05:55,785 [grpc-default-executor-3] DEBUG leader.FollowerInfo (FollowerInfoImpl.java:lambda$new$1(49)) - s0@group-DBBE7E7C6C61->s2: commitIndex: updateToMax old=1, new=1, updated? false
2022-08-02 21:05:55,785 [grpc-default-executor-3] DEBUG leader.FollowerInfo (FollowerInfoImpl.java:lambda$new$1(49)) - s0@group-DBBE7E7C6C61->s2: matchIndex: updateToMax old=2, new=-1, updated? false
2022-08-02 21:05:55,786 [grpc-default-executor-2] DEBUG leader.FollowerInfo (FollowerInfoImpl.java:lambda$new$1(49)) - s0@group-DBBE7E7C6C61->s1: commitIndex: updateToMax old=1, new=1, updated? false
2022-08-02 21:05:55,786 [grpc-default-executor-2] DEBUG leader.FollowerInfo (FollowerInfoImpl.java:lambda$new$1(49)) - s0@group-DBBE7E7C6C61->s1: matchIndex: updateToMax old=2, new=-1, updated? false
2022-08-02 21:05:55,786 [grpc-default-executor-3] DEBUG leader.FollowerInfo (FollowerInfoImpl.java:lambda$new$1(49)) - s0@group-DBBE7E7C6C61->s2: commitIndex: updateToMax old=1, new=1, updated? false
2022-08-02 21:05:55,786 [grpc-default-executor-3] DEBUG leader.FollowerInfo (FollowerInfoImpl.java:lambda$new$1(49)) - s0@group-DBBE7E7C6C61->s2: matchIndex: updateToMax old=2, new=-1, updated? false
2022-08-02 21:05:55,787 [grpc-default-executor-2] DEBUG leader.FollowerInfo (FollowerInfoImpl.java:lambda$new$1(49)) - s0@group-DBBE7E7C6C61->s1: commitIndex: updateToMax old=1, new=1, updated? false
2022-08-02 21:05:55,787 [grpc-default-executor-2] DEBUG leader.FollowerInfo (FollowerInfoImpl.java:lambda$new$1(49)) - s0@group-DBBE7E7C6C61->s1: matchIndex: updateToMax old=2, new=-1, updated? false
2022-08-02 21:05:55,788 [grpc-default-executor-3] DEBUG leader.FollowerInfo (FollowerInfoImpl.java:lambda$new$1(49)) - s0@group-DBBE7E7C6C61->s2: commitIndex: updateToMax old=1, new=1, updated? false
2022-08-02 21:05:55,788 [grpc-default-executor-3] DEBUG leader.FollowerInfo (FollowerInfoImpl.java:lambda$new$1(49)) - s0@group-DBBE7E7C6C61->s2: matchIndex: updateToMax old=2, new=-1, updated? false
2022-08-02 21:05:55,788 [grpc-default-executor-2] DEBUG leader.FollowerInfo (FollowerInfoImpl.java:lambda$new$1(49)) - s0@group-DBBE7E7C6C61->s1: commitIndex: updateToMax old=1, new=1, updated? false
2022-08-02 21:05:55,788 [grpc-default-executor-2] DEBUG leader.FollowerInfo (FollowerInfoImpl.java:lambda$new$1(49)) - s0@group-DBBE7E7C6C61->s1: matchIndex: updateToMax old=2, new=-1, updated? false
2022-08-02 21:05:55,789 [grpc-default-executor-3] DEBUG leader.FollowerInfo (FollowerInfoImpl.java:lambda$new$1(49)) - s0@group-DBBE7E7C6C61->s2: commitIndex: updateToMax old=1, new=1, updated? false
2022-08-02 21:05:55,789 [grpc-default-executor-3] DEBUG leader.FollowerInfo (FollowerInfoImpl.java:lambda$new$1(49)) - s0@group-DBBE7E7C6C61->s2: matchIndex: updateToMax old=2, new=-1, updated? false
2022-08-02 21:05:55,790 [grpc-default-executor-2] DEBUG leader.FollowerInfo (FollowerInfoImpl.java:lambda$new$1(49)) - s0@group-DBBE7E7C6C61->s1: commitIndex: updateToMax old=1, new=1, updated? false
2022-08-02 21:05:55,790 [grpc-default-executor-2] DEBUG leader.FollowerInfo (FollowerInfoImpl.java:lambda$new$1(49)) - s0@group-DBBE7E7C6C61->s1: matchIndex: updateToMax old=2, new=-1, updated? false
2022-08-02 21:05:55,790 [grpc-default-executor-3] DEBUG leader.FollowerInfo (FollowerInfoImpl.java:lambda$new$1(49)) - s0@group-DBBE7E7C6C61->s2: commitIndex: updateToMax old=1, new=1, updated? false
2022-08-02 21:05:55,790 [grpc-default-executor-3] DEBUG leader.FollowerInfo (FollowerInfoImpl.java:lambda$new$1(49)) - s0@group-DBBE7E7C6C61->s2: matchIndex: updateToMax old=2, new=-1, updated? false
2022-08-02 21:05:55,791 [grpc-default-executor-2] DEBUG leader.FollowerInfo (FollowerInfoImpl.java:lambda$new$1(49)) - s0@group-DBBE7E7C6C61->s1: commitIndex: updateToMax old=1, new=1, updated? false
2022-08-02 21:05:55,791 [grpc-default-executor-2] DEBUG leader.FollowerInfo (FollowerInfoImpl.java:lambda$new$1(49)) - s0@group-DBBE7E7C6C61->s1: matchIndex: updateToMax old=2, new=-1, updated? false
2022-08-02 21:05:55,792 [grpc-default-executor-3] DEBUG leader.FollowerInfo (FollowerInfoImpl.java:lambda$new$1(49)) - s0@group-DBBE7E7C6C61->s2: commitIndex: updateToMax old=1, new=1, updated? false
2022-08-02 21:05:55,792 [grpc-default-executor-3] DEBUG leader.FollowerInfo (FollowerInfoImpl.java:lambda$new$1(49)) - s0@group-DBBE7E7C6C61->s2: matchIndex: updateToMax old=2, new=-1, updated? false
2022-08-02 21:05:55,792 [grpc-default-executor-2] DEBUG leader.FollowerInfo (FollowerInfoImpl.java:lambda$new$1(49)) - s0@group-DBBE7E7C6C61->s1: commitIndex: updateToMax old=1, new=1, updated? false
2022-08-02 21:05:55,793 [grpc-default-executor-2] DEBUG leader.FollowerInfo (FollowerInfoImpl.java:lambda$new$1(49)) - s0@group-DBBE7E7C6C61->s1: matchIndex: updateToMax old=2, new=-1, updated? false
2022-08-02 21:05:55,793 [grpc-default-executor-3] DEBUG leader.FollowerInfo (FollowerInfoImpl.java:lambda$new$1(49)) - s0@group-DBBE7E7C6C61->s2: commitIndex: updateToMax old=1, new=1, updated? false
2022-08-02 21:05:55,793 [grpc-default-executor-3] DEBUG leader.FollowerInfo (FollowerInfoImpl.java:lambda$new$1(49)) - s0@group-DBBE7E7C6C61->s2: matchIndex: updateToMax old=2, new=-1, updated? false
2022-08-02 21:05:55,794 [grpc-default-executor-2] DEBUG leader.FollowerInfo (FollowerInfoImpl.java:lambda$new$1(49)) - s0@group-DBBE7E7C6C61->s1: commitIndex: updateToMax old=1, new=1, updated? false
2022-08-02 21:05:55,794 [grpc-default-executor-2] DEBUG leader.FollowerInfo (FollowerInfoImpl.java:lambda$new$1(49)) - s0@group-DBBE7E7C6C61->s1: matchIndex: updateToMax old=2, new=-1, updated? false
2022-08-02 21:05:55,795 [grpc-default-executor-3] DEBUG leader.FollowerInfo (FollowerInfoImpl.java:lambda$new$1(49)) - s0@group-DBBE7E7C6C61->s2: commitIndex: updateToMax old=1, new=1, updated? false
2022-08-02 21:05:55,795 [grpc-default-executor-3] DEBUG leader.FollowerInfo (FollowerInfoImpl.java:lambda$new$1(49)) - s0@group-DBBE7E7C6C61->s2: matchIndex: updateToMax old=2, new=-1, updated? false
2022-08-02 21:05:55,795 [grpc-default-executor-2] DEBUG leader.FollowerInfo (FollowerInfoImpl.java:lambda$new$1(49)) - s0@group-DBBE7E7C6C61->s1: commitIndex: updateToMax old=1, new=1, updated? false
2022-08-02 21:05:55,795 [grpc-default-executor-2] DEBUG leader.FollowerInfo (FollowerInfoImpl.java:lambda$new$1(49)) - s0@group-DBBE7E7C6C61->s1: matchIndex: updateToMax old=2, new=-1, updated? false
2022-08-02 21:05:55,796 [grpc-default-executor-3] DEBUG leader.FollowerInfo (FollowerInfoImpl.java:lambda$new$1(49)) - s0@group-DBBE7E7C6C61->s2: commitIndex: updateToMax old=1, new=1, updated? false
2022-08-02 21:05:55,796 [grpc-default-executor-3] DEBUG leader.FollowerInfo (FollowerInfoImpl.java:lambda$new$1(49)) - s0@group-DBBE7E7C6C61->s2: matchIndex: updateToMax old=2, new=-1, updated? false
2022-08-02 21:05:55,797 [grpc-default-executor-2] DEBUG leader.FollowerInfo (FollowerInfoImpl.java:lambda$new$1(49)) - s0@group-DBBE7E7C6C61->s1: commitIndex: updateToMax old=1, new=1, updated? false
2022-08-02 21:05:55,797 [grpc-default-executor-2] DEBUG leader.FollowerInfo (FollowerInfoImpl.java:lambda$new$1(49)) - s0@group-DBBE7E7C6C61->s1: matchIndex: updateToMax old=2, new=-1, updated? false
2022-08-02 21:05:55,798 [grpc-default-executor-3] DEBUG leader.FollowerInfo (FollowerInfoImpl.java:lambda$new$1(49)) - s0@group-DBBE7E7C6C61->s2: commitIndex: updateToMax old=1, new=1, updated? false
2022-08-02 21:05:55,798 [grpc-default-executor-3] DEBUG leader.FollowerInfo (FollowerInfoImpl.java:lambda$new$1(49)) - s0@group-DBBE7E7C6C61->s2: matchIndex: updateToMax old=2, new=-1, updated? false
2022-08-02 21:05:55,798 [grpc-default-executor-2] DEBUG leader.FollowerInfo (FollowerInfoImpl.java:lambda$new$1(49)) - s0@group-DBBE7E7C6C61->s1: commitIndex: updateToMax old=1, new=1, updated? false
2022-08-02 21:05:55,798 [grpc-default-executor-2] DEBUG leader.FollowerInfo (FollowerInfoImpl.java:lambda$new$1(49)) - s0@group-DBBE7E7C6C61->s1: matchIndex: updateToMax old=2, new=-1, updated? false
2022-08-02 21:05:55,799 [grpc-default-executor-3] DEBUG leader.FollowerInfo (FollowerInfoImpl.java:lambda$new$1(49)) - s0@group-DBBE7E7C6C61->s2: commitIndex: updateToMax old=1, new=1, updated? false
2022-08-02 21:05:55,799 [grpc-default-executor-3] DEBUG leader.FollowerInfo (FollowerInfoImpl.java:lambda$new$1(49)) - s0@group-DBBE7E7C6C61->s2: matchIndex: updateToMax old=2, new=-1, updated? false
2022-08-02 21:05:55,800 [grpc-default-executor-2] DEBUG leader.FollowerInfo (FollowerInfoImpl.java:lambda$new$1(49)) - s0@group-DBBE7E7C6C61->s1: commitIndex: updateToMax old=1, new=1, updated? false
2022-08-02 21:05:55,800 [grpc-default-executor-2] DEBUG leader.FollowerInfo (FollowerInfoImpl.java:lambda$new$1(49)) - s0@group-DBBE7E7C6C61->s1: matchIndex: updateToMax old=2, new=-1, updated? false
2022-08-02 21:05:55,800 [grpc-default-executor-3] DEBUG leader.FollowerInfo (FollowerInfoImpl.java:lambda$new$1(49)) - s0@group-DBBE7E7C6C61->s2: commitIndex: updateToMax old=1, new=1, updated? false
2022-08-02 21:05:55,800 [grpc-default-executor-3] DEBUG leader.FollowerInfo (FollowerInfoImpl.java:lambda$new$1(49)) - s0@group-DBBE7E7C6C61->s2: matchIndex: updateToMax old=2, new=-1, updated? false
2022-08-02 21:05:55,801 [grpc-default-executor-2] DEBUG leader.FollowerInfo (FollowerInfoImpl.java:lambda$new$1(49)) - s0@group-DBBE7E7C6C61->s1: commitIndex: updateToMax old=1, new=1, updated? false
2022-08-02 21:05:55,801 [grpc-default-executor-2] DEBUG leader.FollowerInfo (FollowerInfoImpl.java:lambda$new$1(49)) - s0@group-DBBE7E7C6C61->s1: matchIndex: updateToMax old=2, new=-1, updated? false
2022-08-02 21:05:55,802 [grpc-default-executor-3] DEBUG leader.FollowerInfo (FollowerInfoImpl.java:lambda$new$1(49)) - s0@group-DBBE7E7C6C61->s2: commitIndex: updateToMax old=1, new=1, updated? false
2022-08-02 21:05:55,802 [grpc-default-executor-3] DEBUG leader.FollowerInfo (FollowerInfoImpl.java:lambda$new$1(49)) - s0@group-DBBE7E7C6C61->s2: matchIndex: updateToMax old=2, new=-1, updated? false
2022-08-02 21:05:55,802 [grpc-default-executor-2] DEBUG leader.FollowerInfo (FollowerInfoImpl.java:lambda$new$1(49)) - s0@group-DBBE7E7C6C61->s1: commitIndex: updateToMax old=1, new=1, updated? false
2022-08-02 21:05:55,802 [grpc-default-executor-2] DEBUG leader.FollowerInfo (FollowerInfoImpl.java:lambda$new$1(49)) - s0@group-DBBE7E7C6C61->s1: matchIndex: updateToMax old=2, new=-1, updated? false
2022-08-02 21:05:55,803 [grpc-default-executor-3] DEBUG leader.FollowerInfo (FollowerInfoImpl.java:lambda$new$1(49)) - s0@group-DBBE7E7C6C61->s2: commitIndex: updateToMax old=1, new=1, updated? false
2022-08-02 21:05:55,803 [grpc-default-executor-3] DEBUG leader.FollowerInfo (FollowerInfoImpl.java:lambda$new$1(49)) - s0@group-DBBE7E7C6C61->s2: matchIndex: updateToMax old=2, new=-1, updated? false
2022-08-02 21:05:55,804 [grpc-default-executor-2] DEBUG leader.FollowerInfo (FollowerInfoImpl.java:lambda$new$1(49)) - s0@group-DBBE7E7C6C61->s1: commitIndex: updateToMax old=1, new=1, updated? false
2022-08-02 21:05:55,804 [grpc-default-executor-2] DEBUG leader.FollowerInfo (FollowerInfoImpl.java:lambda$new$1(49)) - s0@group-DBBE7E7C6C61->s1: matchIndex: updateToMax old=2, new=-1, updated? false
2022-08-02 21:05:55,804 [grpc-default-executor-3] DEBUG leader.FollowerInfo (FollowerInfoImpl.java:lambda$new$1(49)) - s0@group-DBBE7E7C6C61->s2: commitIndex: updateToMax old=1, new=1, updated? false
2022-08-02 21:05:55,804 [grpc-default-executor-3] DEBUG leader.FollowerInfo (FollowerInfoImpl.java:lambda$new$1(49)) - s0@group-DBBE7E7C6C61->s2: matchIndex: updateToMax old=2, new=-1, updated? false
2022-08-02 21:05:55,805 [grpc-default-executor-2] DEBUG leader.FollowerInfo (FollowerInfoImpl.java:lambda$new$1(49)) - s0@group-DBBE7E7C6C61->s1: commitIndex: updateToMax old=1, new=1, updated? false
2022-08-02 21:05:55,805 [grpc-default-executor-2] DEBUG leader.FollowerInfo (FollowerInfoImpl.java:lambda$new$1(49)) - s0@group-DBBE7E7C6C61->s1: matchIndex: updateToMax old=2, new=-1, updated? false
2022-08-02 21:05:55,806 [grpc-default-executor-3] DEBUG leader.FollowerInfo (FollowerInfoImpl.java:lambda$new$1(49)) - s0@group-DBBE7E7C6C61->s2: commitIndex: updateToMax old=1, new=1, updated? false
2022-08-02 21:05:55,806 [grpc-default-executor-3] DEBUG leader.FollowerInfo (FollowerInfoImpl.java:lambda$new$1(49)) - s0@group-DBBE7E7C6C61->s2: matchIndex: updateToMax old=2, new=-1, updated? false
2022-08-02 21:05:55,806 [grpc-default-executor-2] DEBUG leader.FollowerInfo (FollowerInfoImpl.java:lambda$new$1(49)) - s0@group-DBBE7E7C6C61->s1: commitIndex: updateToMax old=1, new=1, updated? false
2022-08-02 21:05:55,806 [grpc-default-executor-2] DEBUG leader.FollowerInfo (FollowerInfoImpl.java:lambda$new$1(49)) - s0@group-DBBE7E7C6C61->s1: matchIndex: updateToMax old=2, new=-1, updated? false
2022-08-02 21:05:55,807 [grpc-default-executor-3] DEBUG leader.FollowerInfo (FollowerInfoImpl.java:lambda$new$1(49)) - s0@group-DBBE7E7C6C61->s2: commitIndex: updateToMax old=1, new=1, updated? false
2022-08-02 21:05:55,807 [grpc-default-executor-3] DEBUG leader.FollowerInfo (FollowerInfoImpl.java:lambda$new$1(49)) - s0@group-DBBE7E7C6C61->s2: matchIndex: updateToMax old=2, new=-1, updated? false
2022-08-02 21:05:55,808 [grpc-default-executor-2] DEBUG leader.FollowerInfo (FollowerInfoImpl.java:lambda$new$1(49)) - s0@group-DBBE7E7C6C61->s1: commitIndex: updateToMax old=1, new=1, updated? false
2022-08-02 21:05:55,808 [grpc-default-executor-2] DEBUG leader.FollowerInfo (FollowerInfoImpl.java:lambda$new$1(49)) - s0@group-DBBE7E7C6C61->s1: matchIndex: updateToMax old=2, new=-1, updated? false
2022-08-02 21:05:55,808 [grpc-default-executor-3] DEBUG leader.FollowerInfo (FollowerInfoImpl.java:lambda$new$1(49)) - s0@group-DBBE7E7C6C61->s2: commitIndex: updateToMax old=1, new=1, updated? false
2022-08-02 21:05:55,808 [grpc-default-executor-3] DEBUG leader.FollowerInfo (FollowerInfoImpl.java:lambda$new$1(49)) - s0@group-DBBE7E7C6C61->s2: matchIndex: updateToMax old=2, new=-1, updated? false
2022-08-02 21:05:55,809 [grpc-default-executor-2] DEBUG leader.FollowerInfo (FollowerInfoImpl.java:lambda$new$1(49)) - s0@group-DBBE7E7C6C61->s1: commitIndex: updateToMax old=1, new=1, updated? false
2022-08-02 21:05:55,809 [grpc-default-executor-2] DEBUG leader.FollowerInfo (FollowerInfoImpl.java:lambda$new$1(49)) - s0@group-DBBE7E7C6C61->s1: matchIndex: updateToMax old=2, new=-1, updated? false
2022-08-02 21:05:55,810 [grpc-default-executor-3] DEBUG leader.FollowerInfo (FollowerInfoImpl.java:lambda$new$1(49)) - s0@group-DBBE7E7C6C61->s2: commitIndex: updateToMax old=1, new=1, updated? false
2022-08-02 21:05:55,810 [grpc-default-executor-3] DEBUG leader.FollowerInfo (FollowerInfoImpl.java:lambda$new$1(49)) - s0@group-DBBE7E7C6C61->s2: matchIndex: updateToMax old=2, new=-1, updated? false
2022-08-02 21:05:55,810 [grpc-default-executor-2] DEBUG leader.FollowerInfo (FollowerInfoImpl.java:lambda$new$1(49)) - s0@group-DBBE7E7C6C61->s1: commitIndex: updateToMax old=1, new=1, updated? false
2022-08-02 21:05:55,810 [grpc-default-executor-2] DEBUG leader.FollowerInfo (FollowerInfoImpl.java:lambda$new$1(49)) - s0@group-DBBE7E7C6C61->s1: matchIndex: updateToMax old=2, new=-1, updated? false
2022-08-02 21:05:55,811 [grpc-default-executor-3] DEBUG leader.FollowerInfo (FollowerInfoImpl.java:lambda$new$1(49)) - s0@group-DBBE7E7C6C61->s2: commitIndex: updateToMax old=1, new=1, updated? false
2022-08-02 21:05:55,811 [grpc-default-executor-3] DEBUG leader.FollowerInfo (FollowerInfoImpl.java:lambda$new$1(49)) - s0@group-DBBE7E7C6C61->s2: matchIndex: updateToMax old=2, new=-1, updated? false
2022-08-02 21:05:55,812 [grpc-default-executor-2] DEBUG leader.FollowerInfo (FollowerInfoImpl.java:lambda$new$1(49)) - s0@group-DBBE7E7C6C61->s1: commitIndex: updateToMax old=1, new=1, updated? false
2022-08-02 21:05:55,812 [grpc-default-executor-2] DEBUG leader.FollowerInfo (FollowerInfoImpl.java:lambda$new$1(49)) - s0@group-DBBE7E7C6C61->s1: matchIndex: updateToMax old=2, new=-1, updated? false
2022-08-02 21:05:55,812 [grpc-default-executor-3] DEBUG leader.FollowerInfo (FollowerInfoImpl.java:lambda$new$1(49)) - s0@group-DBBE7E7C6C61->s2: commitIndex: updateToMax old=1, new=1, updated? false
2022-08-02 21:05:55,812 [grpc-default-executor-3] DEBUG leader.FollowerInfo (FollowerInfoImpl.java:lambda$new$1(49)) - s0@group-DBBE7E7C6C61->s2: matchIndex: updateToMax old=2, new=-1, updated? false
2022-08-02 21:05:55,813 [grpc-default-executor-2] DEBUG leader.FollowerInfo (FollowerInfoImpl.java:lambda$new$1(49)) - s0@group-DBBE7E7C6C61->s1: commitIndex: updateToMax old=1, new=1, updated? false
2022-08-02 21:05:55,813 [grpc-default-executor-2] DEBUG leader.FollowerInfo (FollowerInfoImpl.java:lambda$new$1(49)) - s0@group-DBBE7E7C6C61->s1: matchIndex: updateToMax old=2, new=-1, updated? false
2022-08-02 21:05:55,814 [grpc-default-executor-3] DEBUG leader.FollowerInfo (FollowerInfoImpl.java:lambda$new$1(49)) - s0@group-DBBE7E7C6C61->s2: commitIndex: updateToMax old=1, new=1, updated? false
2022-08-02 21:05:55,814 [grpc-default-executor-3] DEBUG leader.FollowerInfo (FollowerInfoImpl.java:lambda$new$1(49)) - s0@group-DBBE7E7C6C61->s2: matchIndex: updateToMax old=2, new=-1, updated? false
2022-08-02 21:05:55,814 [grpc-default-executor-2] DEBUG leader.FollowerInfo (FollowerInfoImpl.java:lambda$new$1(49)) - s0@group-DBBE7E7C6C61->s1: commitIndex: updateToMax old=1, new=1, updated? false
2022-08-02 21:05:55,814 [grpc-default-executor-2] DEBUG leader.FollowerInfo (FollowerInfoImpl.java:lambda$new$1(49)) - s0@group-DBBE7E7C6C61->s1: matchIndex: updateToMax old=2, new=-1, updated? false
2022-08-02 21:05:55,815 [grpc-default-executor-3] DEBUG leader.FollowerInfo (FollowerInfoImpl.java:lambda$new$1(49)) - s0@group-DBBE7E7C6C61->s2: commitIndex: updateToMax old=1, new=1, updated? false
2022-08-02 21:05:55,815 [grpc-default-executor-3] DEBUG leader.FollowerInfo (FollowerInfoImpl.java:lambda$new$1(49)) - s0@group-DBBE7E7C6C61->s2: matchIndex: updateToMax old=2, new=-1, updated? false
2022-08-02 21:05:55,816 [grpc-default-executor-2] DEBUG leader.FollowerInfo (FollowerInfoImpl.java:lambda$new$1(49)) - s0@group-DBBE7E7C6C61->s1: commitIndex: updateToMax old=1, new=1, updated? false
2022-08-02 21:05:55,816 [grpc-default-executor-2] DEBUG leader.FollowerInfo (FollowerInfoImpl.java:lambda$new$1(49)) - s0@group-DBBE7E7C6C61->s1: matchIndex: updateToMax old=2, new=-1, updated? false
2022-08-02 21:05:55,816 [grpc-default-executor-3] DEBUG leader.FollowerInfo (FollowerInfoImpl.java:lambda$new$1(49)) - s0@group-DBBE7E7C6C61->s2: commitIndex: updateToMax old=1, new=1, updated? false
2022-08-02 21:05:55,816 [grpc-default-executor-3] DEBUG leader.FollowerInfo (FollowerInfoImpl.java:lambda$new$1(49)) - s0@group-DBBE7E7C6C61->s2: matchIndex: updateToMax old=2, new=-1, updated? false
2022-08-02 21:05:55,817 [grpc-default-executor-2] DEBUG leader.FollowerInfo (FollowerInfoImpl.java:lambda$new$1(49)) - s0@group-DBBE7E7C6C61->s1: commitIndex: updateToMax old=1, new=1, updated? false
2022-08-02 21:05:55,817 [grpc-default-executor-2] DEBUG leader.FollowerInfo (FollowerInfoImpl.java:lambda$new$1(49)) - s0@group-DBBE7E7C6C61->s1: matchIndex: updateToMax old=2, new=-1, updated? false
2022-08-02 21:05:55,818 [grpc-default-executor-3] DEBUG leader.FollowerInfo (FollowerInfoImpl.java:lambda$new$1(49)) - s0@group-DBBE7E7C6C61->s2: commitIndex: updateToMax old=1, new=1, updated? false
2022-08-02 21:05:55,818 [grpc-default-executor-3] DEBUG leader.FollowerInfo (FollowerInfoImpl.java:lambda$new$1(49)) - s0@group-DBBE7E7C6C61->s2: matchIndex: updateToMax old=2, new=-1, updated? false
2022-08-02 21:05:55,818 [grpc-default-executor-2] DEBUG leader.FollowerInfo (FollowerInfoImpl.java:lambda$new$1(49)) - s0@group-DBBE7E7C6C61->s1: commitIndex: updateToMax old=1, new=1, updated? false
2022-08-02 21:05:55,818 [grpc-default-executor-2] DEBUG leader.FollowerInfo (FollowerInfoImpl.java:lambda$new$1(49)) - s0@group-DBBE7E7C6C61->s1: matchIndex: updateToMax old=2, new=-1, updated? false
2022-08-02 21:05:55,819 [grpc-default-executor-3] DEBUG leader.FollowerInfo (FollowerInfoImpl.java:lambda$new$1(49)) - s0@group-DBBE7E7C6C61->s2: commitIndex: updateToMax old=1, new=1, updated? false
2022-08-02 21:05:55,819 [grpc-default-executor-3] DEBUG leader.FollowerInfo (FollowerInfoImpl.java:lambda$new$1(49)) - s0@group-DBBE7E7C6C61->s2: matchIndex: updateToMax old=2, new=-1, updated? false
2022-08-02 21:05:55,820 [grpc-default-executor-2] DEBUG leader.FollowerInfo (FollowerInfoImpl.java:lambda$new$1(49)) - s0@group-DBBE7E7C6C61->s1: commitIndex: updateToMax old=1, new=1, updated? false
2022-08-02 21:05:55,820 [grpc-default-executor-2] DEBUG leader.FollowerInfo (FollowerInfoImpl.java:lambda$new$1(49)) - s0@group-DBBE7E7C6C61->s1: matchIndex: updateToMax old=2, new=-1, updated? false
2022-08-02 21:05:55,820 [grpc-default-executor-3] DEBUG leader.FollowerInfo (FollowerInfoImpl.java:lambda$new$1(49)) - s0@group-DBBE7E7C6C61->s2: commitIndex: updateToMax old=1, new=1, updated? false
2022-08-02 21:05:55,820 [grpc-default-executor-3] DEBUG leader.FollowerInfo (FollowerInfoImpl.java:lambda$new$1(49)) - s0@group-DBBE7E7C6C61->s2: matchIndex: updateToMax old=2, new=-1, updated? false
2022-08-02 21:05:55,821 [grpc-default-executor-2] DEBUG leader.FollowerInfo (FollowerInfoImpl.java:lambda$new$1(49)) - s0@group-DBBE7E7C6C61->s1: commitIndex: updateToMax old=1, new=1, updated? false
2022-08-02 21:05:55,821 [grpc-default-executor-2] DEBUG leader.FollowerInfo (FollowerInfoImpl.java:lambda$new$1(49)) - s0@group-DBBE7E7C6C61->s1: matchIndex: updateToMax old=2, new=-1, updated? false
2022-08-02 21:05:55,822 [grpc-default-executor-3] DEBUG leader.FollowerInfo (FollowerInfoImpl.java:lambda$new$1(49)) - s0@group-DBBE7E7C6C61->s2: commitIndex: updateToMax old=1, new=1, updated? false
2022-08-02 21:05:55,822 [grpc-default-executor-3] DEBUG leader.FollowerInfo (FollowerInfoImpl.java:lambda$new$1(49)) - s0@group-DBBE7E7C6C61->s2: matchIndex: updateToMax old=2, new=-1, updated? false
2022-08-02 21:05:55,822 [grpc-default-executor-2] DEBUG leader.FollowerInfo (FollowerInfoImpl.java:lambda$new$1(49)) - s0@group-DBBE7E7C6C61->s1: commitIndex: updateToMax old=1, new=1, updated? false
2022-08-02 21:05:55,822 [grpc-default-executor-2] DEBUG leader.FollowerInfo (FollowerInfoImpl.java:lambda$new$1(49)) - s0@group-DBBE7E7C6C61->s1: matchIndex: updateToMax old=2, new=-1, updated? false
2022-08-02 21:05:55,823 [grpc-default-executor-3] DEBUG leader.FollowerInfo (FollowerInfoImpl.java:lambda$new$1(49)) - s0@group-DBBE7E7C6C61->s2: commitIndex: updateToMax old=1, new=1, updated? false
2022-08-02 21:05:55,823 [grpc-default-executor-3] DEBUG leader.FollowerInfo (FollowerInfoImpl.java:lambda$new$1(49)) - s0@group-DBBE7E7C6C61->s2: matchIndex: updateToMax old=2, new=-1, updated? false
2022-08-02 21:05:55,824 [grpc-default-executor-2] DEBUG leader.FollowerInfo (FollowerInfoImpl.java:lambda$new$1(49)) - s0@group-DBBE7E7C6C61->s1: commitIndex: updateToMax old=1, new=1, updated? false
2022-08-02 21:05:55,824 [grpc-default-executor-2] DEBUG leader.FollowerInfo (FollowerInfoImpl.java:lambda$new$1(49)) - s0@group-DBBE7E7C6C61->s1: matchIndex: updateToMax old=2, new=-1, updated? false
2022-08-02 21:05:55,824 [grpc-default-executor-3] DEBUG leader.FollowerInfo (FollowerInfoImpl.java:lambda$new$1(49)) - s0@group-DBBE7E7C6C61->s2: commitIndex: updateToMax old=1, new=1, updated? false
2022-08-02 21:05:55,824 [grpc-default-executor-3] DEBUG leader.FollowerInfo (FollowerInfoImpl.java:lambda$new$1(49)) - s0@group-DBBE7E7C6C61->s2: matchIndex: updateToMax old=2, new=-1, updated? false
2022-08-02 21:05:55,825 [grpc-default-executor-2] DEBUG leader.FollowerInfo (FollowerInfoImpl.java:lambda$new$1(49)) - s0@group-DBBE7E7C6C61->s1: commitIndex: updateToMax old=1, new=1, updated? false
2022-08-02 21:05:55,825 [grpc-default-executor-2] DEBUG leader.FollowerInfo (FollowerInfoImpl.java:lambda$new$1(49)) - s0@group-DBBE7E7C6C61->s1: matchIndex: updateToMax old=2, new=-1, updated? false
2022-08-02 21:05:55,826 [grpc-default-executor-3] DEBUG leader.FollowerInfo (FollowerInfoImpl.java:lambda$new$1(49)) - s0@group-DBBE7E7C6C61->s2: commitIndex: updateToMax old=1, new=1, updated? false
2022-08-02 21:05:55,826 [grpc-default-executor-3] DEBUG leader.FollowerInfo (FollowerInfoImpl.java:lambda$new$1(49)) - s0@group-DBBE7E7C6C61->s2: matchIndex: updateToMax old=2, new=-1, updated? false
2022-08-02 21:05:55,826 [grpc-default-executor-2] DEBUG leader.FollowerInfo (FollowerInfoImpl.java:lambda$new$1(49)) - s0@group-DBBE7E7C6C61->s1: commitIndex: updateToMax old=1, new=1, updated? false
2022-08-02 21:05:55,826 [grpc-default-executor-2] DEBUG leader.FollowerInfo (FollowerInfoImpl.java:lambda$new$1(49)) - s0@group-DBBE7E7C6C61->s1: matchIndex: updateToMax old=2, new=-1, updated? false
2022-08-02 21:05:55,827 [grpc-default-executor-3] DEBUG leader.FollowerInfo (FollowerInfoImpl.java:lambda$new$1(49)) - s0@group-DBBE7E7C6C61->s2: commitIndex: updateToMax old=1, new=1, updated? false
2022-08-02 21:05:55,827 [grpc-default-executor-3] DEBUG leader.FollowerInfo (FollowerInfoImpl.java:lambda$new$1(49)) - s0@group-DBBE7E7C6C61->s2: matchIndex: updateToMax old=2, new=-1, updated? false
2022-08-02 21:05:55,828 [grpc-default-executor-2] DEBUG leader.FollowerInfo (FollowerInfoImpl.java:lambda$new$1(49)) - s0@group-DBBE7E7C6C61->s1: commitIndex: updateToMax old=1, new=1, updated? false
2022-08-02 21:05:55,828 [grpc-default-executor-2] DEBUG leader.FollowerInfo (FollowerInfoImpl.java:lambda$new$1(49)) - s0@group-DBBE7E7C6C61->s1: matchIndex: updateToMax old=2, new=-1, updated? false
2022-08-02 21:05:55,828 [grpc-default-executor-3] DEBUG leader.FollowerInfo (FollowerInfoImpl.java:lambda$new$1(49)) - s0@group-DBBE7E7C6C61->s2: commitIndex: updateToMax old=1, new=1, updated? false
2022-08-02 21:05:55,828 [grpc-default-executor-3] DEBUG leader.FollowerInfo (FollowerInfoImpl.java:lambda$new$1(49)) - s0@group-DBBE7E7C6C61->s2: matchIndex: updateToMax old=2, new=-1, updated? false
2022-08-02 21:05:55,829 [grpc-default-executor-2] DEBUG leader.FollowerInfo (FollowerInfoImpl.java:lambda$new$1(49)) - s0@group-DBBE7E7C6C61->s1: commitIndex: updateToMax old=1, new=1, updated? false
2022-08-02 21:05:55,829 [grpc-default-executor-2] DEBUG leader.FollowerInfo (FollowerInfoImpl.java:lambda$new$1(49)) - s0@group-DBBE7E7C6C61->s1: matchIndex: updateToMax old=2, new=-1, updated? false
2022-08-02 21:05:55,830 [grpc-default-executor-3] DEBUG leader.FollowerInfo (FollowerInfoImpl.java:lambda$new$1(49)) - s0@group-DBBE7E7C6C61->s2: commitIndex: updateToMax old=1, new=1, updated? false
2022-08-02 21:05:55,830 [grpc-default-executor-3] DEBUG leader.FollowerInfo (FollowerInfoImpl.java:lambda$new$1(49)) - s0@group-DBBE7E7C6C61->s2: matchIndex: updateToMax old=2, new=-1, updated? false
2022-08-02 21:05:55,830 [grpc-default-executor-2] DEBUG leader.FollowerInfo (FollowerInfoImpl.java:lambda$new$1(49)) - s0@group-DBBE7E7C6C61->s1: commitIndex: updateToMax old=1, new=1, updated? false
2022-08-02 21:05:55,831 [grpc-default-executor-2] DEBUG leader.FollowerInfo (FollowerInfoImpl.java:lambda$new$1(49)) - s0@group-DBBE7E7C6C61->s1: matchIndex: updateToMax old=2, new=-1, updated? false
2022-08-02 21:05:55,831 [grpc-default-executor-3] DEBUG leader.FollowerInfo (FollowerInfoImpl.java:lambda$new$1(49)) - s0@group-DBBE7E7C6C61->s2: commitIndex: updateToMax old=1, new=1, updated? false
2022-08-02 21:05:55,831 [grpc-default-executor-3] DEBUG leader.FollowerInfo (FollowerInfoImpl.java:lambda$new$1(49)) - s0@group-DBBE7E7C6C61->s2: matchIndex: updateToMax old=2, new=-1, updated? false
2022-08-02 21:05:55,832 [grpc-default-executor-2] DEBUG leader.FollowerInfo (FollowerInfoImpl.java:lambda$new$1(49)) - s0@group-DBBE7E7C6C61->s1: commitIndex: updateToMax old=1, new=1, updated? false
2022-08-02 21:05:55,832 [grpc-default-executor-2] DEBUG leader.FollowerInfo (FollowerInfoImpl.java:lambda$new$1(49)) - s0@group-DBBE7E7C6C61->s1: matchIndex: updateToMax old=2, new=-1, updated? false
2022-08-02 21:05:55,833 [grpc-default-executor-3] DEBUG leader.FollowerInfo (FollowerInfoImpl.java:lambda$new$1(49)) - s0@group-DBBE7E7C6C61->s2: commitIndex: updateToMax old=1, new=1, updated? false
2022-08-02 21:05:55,833 [grpc-default-executor-3] DEBUG leader.FollowerInfo (FollowerInfoImpl.java:lambda$new$1(49)) - s0@group-DBBE7E7C6C61->s2: matchIndex: updateToMax old=2, new=-1, updated? false
2022-08-02 21:05:55,833 [grpc-default-executor-2] DEBUG leader.FollowerInfo (FollowerInfoImpl.java:lambda$new$1(49)) - s0@group-DBBE7E7C6C61->s1: commitIndex: updateToMax old=1, new=1, updated? false
2022-08-02 21:05:55,833 [grpc-default-executor-2] DEBUG leader.FollowerInfo (FollowerInfoImpl.java:lambda$new$1(49)) - s0@group-DBBE7E7C6C61->s1: matchIndex: updateToMax old=2, new=-1, updated? false
2022-08-02 21:05:55,834 [grpc-default-executor-3] DEBUG leader.FollowerInfo (FollowerInfoImpl.java:lambda$new$1(49)) - s0@group-DBBE7E7C6C61->s2: commitIndex: updateToMax old=1, new=1, updated? false
2022-08-02 21:05:55,834 [grpc-default-executor-3] DEBUG leader.FollowerInfo (FollowerInfoImpl.java:lambda$new$1(49)) - s0@group-DBBE7E7C6C61->s2: matchIndex: updateToMax old=2, new=-1, updated? false
2022-08-02 21:05:55,835 [grpc-default-executor-2] DEBUG leader.FollowerInfo (FollowerInfoImpl.java:lambda$new$1(49)) - s0@group-DBBE7E7C6C61->s1: commitIndex: updateToMax old=1, new=1, updated? false
2022-08-02 21:05:55,835 [grpc-default-executor-2] DEBUG leader.FollowerInfo (FollowerInfoImpl.java:lambda$new$1(49)) - s0@group-DBBE7E7C6C61->s1: matchIndex: updateToMax old=2, new=-1, updated? false
2022-08-02 21:05:55,835 [grpc-default-executor-3] DEBUG leader.FollowerInfo (FollowerInfoImpl.java:lambda$new$1(49)) - s0@group-DBBE7E7C6C61->s2: commitIndex: updateToMax old=1, new=1, updated? false
2022-08-02 21:05:55,835 [grpc-default-executor-3] DEBUG leader.FollowerInfo (FollowerInfoImpl.java:lambda$new$1(49)) - s0@group-DBBE7E7C6C61->s2: matchIndex: updateToMax old=2, new=-1, updated? false
2022-08-02 21:05:55,836 [grpc-default-executor-2] DEBUG leader.FollowerInfo (FollowerInfoImpl.java:lambda$new$1(49)) - s0@group-DBBE7E7C6C61->s1: commitIndex: updateToMax old=1, new=1, updated? false
2022-08-02 21:05:55,836 [grpc-default-executor-2] DEBUG leader.FollowerInfo (FollowerInfoImpl.java:lambda$new$1(49)) - s0@group-DBBE7E7C6C61->s1: matchIndex: updateToMax old=2, new=-1, updated? false
2022-08-02 21:05:55,837 [grpc-default-executor-3] DEBUG leader.FollowerInfo (FollowerInfoImpl.java:lambda$new$1(49)) - s0@group-DBBE7E7C6C61->s2: commitIndex: updateToMax old=1, new=1, updated? false
2022-08-02 21:05:55,837 [grpc-default-executor-3] DEBUG leader.FollowerInfo (FollowerInfoImpl.java:lambda$new$1(49)) - s0@group-DBBE7E7C6C61->s2: matchIndex: updateToMax old=2, new=-1, updated? false
2022-08-02 21:05:55,837 [grpc-default-executor-2] DEBUG leader.FollowerInfo (FollowerInfoImpl.java:lambda$new$1(49)) - s0@group-DBBE7E7C6C61->s1: commitIndex: updateToMax old=1, new=1, updated? false
2022-08-02 21:05:55,837 [grpc-default-executor-2] DEBUG leader.FollowerInfo (FollowerInfoImpl.java:lambda$new$1(49)) - s0@group-DBBE7E7C6C61->s1: matchIndex: updateToMax old=2, new=-1, updated? false
2022-08-02 21:05:55,838 [grpc-default-executor-3] DEBUG leader.FollowerInfo (FollowerInfoImpl.java:lambda$new$1(49)) - s0@group-DBBE7E7C6C61->s2: commitIndex: updateToMax old=1, new=1, updated? false
2022-08-02 21:05:55,838 [grpc-default-executor-3] DEBUG leader.FollowerInfo (FollowerInfoImpl.java:lambda$new$1(49)) - s0@group-DBBE7E7C6C61->s2: matchIndex: updateToMax old=2, new=-1, updated? false
2022-08-02 21:05:55,839 [grpc-default-executor-2] DEBUG leader.FollowerInfo (FollowerInfoImpl.java:lambda$new$1(49)) - s0@group-DBBE7E7C6C61->s1: commitIndex: updateToMax old=1, new=1, updated? false
2022-08-02 21:05:55,839 [grpc-default-executor-2] DEBUG leader.FollowerInfo (FollowerInfoImpl.java:lambda$new$1(49)) - s0@group-DBBE7E7C6C61->s1: matchIndex: updateToMax old=2, new=-1, updated? false
2022-08-02 21:05:55,839 [grpc-default-executor-3] DEBUG leader.FollowerInfo (FollowerInfoImpl.java:lambda$new$1(49)) - s0@group-DBBE7E7C6C61->s2: commitIndex: updateToMax old=1, new=1, updated? false
2022-08-02 21:05:55,839 [grpc-default-executor-3] DEBUG leader.FollowerInfo (FollowerInfoImpl.java:lambda$new$1(49)) - s0@group-DBBE7E7C6C61->s2: matchIndex: updateToMax old=2, new=-1, updated? false
2022-08-02 21:05:55,840 [grpc-default-executor-2] DEBUG leader.FollowerInfo (FollowerInfoImpl.java:lambda$new$1(49)) - s0@group-DBBE7E7C6C61->s1: commitIndex: updateToMax old=1, new=1, updated? false
2022-08-02 21:05:55,840 [grpc-default-executor-2] DEBUG leader.FollowerInfo (FollowerInfoImpl.java:lambda$new$1(49)) - s0@group-DBBE7E7C6C61->s1: matchIndex: updateToMax old=2, new=-1, updated? false
2022-08-02 21:05:55,841 [grpc-default-executor-3] DEBUG leader.FollowerInfo (FollowerInfoImpl.java:lambda$new$1(49)) - s0@group-DBBE7E7C6C61->s2: commitIndex: updateToMax old=1, new=1, updated? false
2022-08-02 21:05:55,841 [grpc-default-executor-3] DEBUG leader.FollowerInfo (FollowerInfoImpl.java:lambda$new$1(49)) - s0@group-DBBE7E7C6C61->s2: matchIndex: updateToMax old=2, new=-1, updated? false
2022-08-02 21:05:55,841 [grpc-default-executor-2] DEBUG leader.FollowerInfo (FollowerInfoImpl.java:lambda$new$1(49)) - s0@group-DBBE7E7C6C61->s1: commitIndex: updateToMax old=1, new=1, updated? false
2022-08-02 21:05:55,841 [grpc-default-executor-2] DEBUG leader.FollowerInfo (FollowerInfoImpl.java:lambda$new$1(49)) - s0@group-DBBE7E7C6C61->s1: matchIndex: updateToMax old=2, new=-1, updated? false
2022-08-02 21:05:55,842 [grpc-default-executor-3] DEBUG leader.FollowerInfo (FollowerInfoImpl.java:lambda$new$1(49)) - s0@group-DBBE7E7C6C61->s2: commitIndex: updateToMax old=1, new=1, updated? false
2022-08-02 21:05:55,842 [grpc-default-executor-3] DEBUG leader.FollowerInfo (FollowerInfoImpl.java:lambda$new$1(49)) - s0@group-DBBE7E7C6C61->s2: matchIndex: updateToMax old=2, new=-1, updated? false
2022-08-02 21:05:55,843 [grpc-default-executor-2] DEBUG leader.FollowerInfo (FollowerInfoImpl.java:lambda$new$1(49)) - s0@group-DBBE7E7C6C61->s1: commitIndex: updateToMax old=1, new=1, updated? false
2022-08-02 21:05:55,843 [grpc-default-executor-2] DEBUG leader.FollowerInfo (FollowerInfoImpl.java:lambda$new$1(49)) - s0@group-DBBE7E7C6C61->s1: matchIndex: updateToMax old=2, new=-1, updated? false
2022-08-02 21:05:55,843 [grpc-default-executor-3] DEBUG leader.FollowerInfo (FollowerInfoImpl.java:lambda$new$1(49)) - s0@group-DBBE7E7C6C61->s2: commitIndex: updateToMax old=1, new=1, updated? false
2022-08-02 21:05:55,844 [grpc-default-executor-3] DEBUG leader.FollowerInfo (FollowerInfoImpl.java:lambda$new$1(49)) - s0@group-DBBE7E7C6C61->s2: matchIndex: updateToMax old=2, new=-1, updated? false
2022-08-02 21:05:55,844 [grpc-default-executor-2] DEBUG leader.FollowerInfo (FollowerInfoImpl.java:lambda$new$1(49)) - s0@group-DBBE7E7C6C61->s1: commitIndex: updateToMax old=1, new=1, updated? false
2022-08-02 21:05:55,844 [grpc-default-executor-2] DEBUG leader.FollowerInfo (FollowerInfoImpl.java:lambda$new$1(49)) - s0@group-DBBE7E7C6C61->s1: matchIndex: updateToMax old=2, new=-1, updated? false
2022-08-02 21:05:55,845 [grpc-default-executor-3] DEBUG leader.FollowerInfo (FollowerInfoImpl.java:lambda$new$1(49)) - s0@group-DBBE7E7C6C61->s2: commitIndex: updateToMax old=1, new=1, updated? false
2022-08-02 21:05:55,845 [grpc-default-executor-3] DEBUG leader.FollowerInfo (FollowerInfoImpl.java:lambda$new$1(49)) - s0@group-DBBE7E7C6C61->s2: matchIndex: updateToMax old=2, new=-1, updated? false
2022-08-02 21:05:55,846 [grpc-default-executor-2] DEBUG leader.FollowerInfo (FollowerInfoImpl.java:lambda$new$1(49)) - s0@group-DBBE7E7C6C61->s1: commitIndex: updateToMax old=1, new=1, updated? false
2022-08-02 21:05:55,846 [grpc-default-executor-2] DEBUG leader.FollowerInfo (FollowerInfoImpl.java:lambda$new$1(49)) - s0@group-DBBE7E7C6C61->s1: matchIndex: updateToMax old=2, new=-1, updated? false
2022-08-02 21:05:55,846 [grpc-default-executor-3] DEBUG leader.FollowerInfo (FollowerInfoImpl.java:lambda$new$1(49)) - s0@group-DBBE7E7C6C61->s2: commitIndex: updateToMax old=1, new=1, updated? false
2022-08-02 21:05:55,846 [grpc-default-executor-3] DEBUG leader.FollowerInfo (FollowerInfoImpl.java:lambda$new$1(49)) - s0@group-DBBE7E7C6C61->s2: matchIndex: updateToMax old=2, new=-1, updated? false
2022-08-02 21:05:55,847 [grpc-default-executor-2] DEBUG leader.FollowerInfo (FollowerInfoImpl.java:lambda$new$1(49)) - s0@group-DBBE7E7C6C61->s1: commitIndex: updateToMax old=1, new=1, updated? false
2022-08-02 21:05:55,847 [grpc-default-executor-2] DEBUG leader.FollowerInfo (FollowerInfoImpl.java:lambda$new$1(49)) - s0@group-DBBE7E7C6C61->s1: matchIndex: updateToMax old=2, new=-1, updated? false
2022-08-02 21:05:55,848 [grpc-default-executor-3] DEBUG leader.FollowerInfo (FollowerInfoImpl.java:lambda$new$1(49)) - s0@group-DBBE7E7C6C61->s2: commitIndex: updateToMax old=1, new=1, updated? false
2022-08-02 21:05:55,848 [grpc-default-executor-3] DEBUG leader.FollowerInfo (FollowerInfoImpl.java:lambda$new$1(49)) - s0@group-DBBE7E7C6C61->s2: matchIndex: updateToMax old=2, new=-1, updated? false
2022-08-02 21:05:55,848 [grpc-default-executor-2] DEBUG leader.FollowerInfo (FollowerInfoImpl.java:lambda$new$1(49)) - s0@group-DBBE7E7C6C61->s1: commitIndex: updateToMax old=1, new=1, updated? false
2022-08-02 21:05:55,848 [grpc-default-executor-2] DEBUG leader.FollowerInfo (FollowerInfoImpl.java:lambda$new$1(49)) - s0@group-DBBE7E7C6C61->s1: matchIndex: updateToMax old=2, new=-1, updated? false
2022-08-02 21:05:55,849 [grpc-default-executor-3] DEBUG leader.FollowerInfo (FollowerInfoImpl.java:lambda$new$1(49)) - s0@group-DBBE7E7C6C61->s2: commitIndex: updateToMax old=1, new=1, updated? false
2022-08-02 21:05:55,849 [grpc-default-executor-3] DEBUG leader.FollowerInfo (FollowerInfoImpl.java:lambda$new$1(49)) - s0@group-DBBE7E7C6C61->s2: matchIndex: updateToMax old=2, new=-1, updated? false
2022-08-02 21:05:55,850 [grpc-default-executor-2] DEBUG leader.FollowerInfo (FollowerInfoImpl.java:lambda$new$1(49)) - s0@group-DBBE7E7C6C61->s1: commitIndex: updateToMax old=1, new=1, updated? false
2022-08-02 21:05:55,850 [grpc-default-executor-2] DEBUG leader.FollowerInfo (FollowerInfoImpl.java:lambda$new$1(49)) - s0@group-DBBE7E7C6C61->s1: matchIndex: updateToMax old=2, new=-1, updated? false
2022-08-02 21:05:55,850 [grpc-default-executor-3] DEBUG leader.FollowerInfo (FollowerInfoImpl.java:lambda$new$1(49)) - s0@group-DBBE7E7C6C61->s2: commitIndex: updateToMax old=1, new=1, updated? false
2022-08-02 21:05:55,850 [grpc-default-executor-3] DEBUG leader.FollowerInfo (FollowerInfoImpl.java:lambda$new$1(49)) - s0@group-DBBE7E7C6C61->s2: matchIndex: updateToMax old=2, new=-1, updated? false
2022-08-02 21:05:55,851 [grpc-default-executor-2] DEBUG leader.FollowerInfo (FollowerInfoImpl.java:lambda$new$1(49)) - s0@group-DBBE7E7C6C61->s1: commitIndex: updateToMax old=1, new=1, updated? false
2022-08-02 21:05:55,851 [grpc-default-executor-2] DEBUG leader.FollowerInfo (FollowerInfoImpl.java:lambda$new$1(49)) - s0@group-DBBE7E7C6C61->s1: matchIndex: updateToMax old=2, new=-1, updated? false
2022-08-02 21:05:55,852 [grpc-default-executor-3] DEBUG leader.FollowerInfo (FollowerInfoImpl.java:lambda$new$1(49)) - s0@group-DBBE7E7C6C61->s2: commitIndex: updateToMax old=1, new=1, updated? false
2022-08-02 21:05:55,852 [grpc-default-executor-3] DEBUG leader.FollowerInfo (FollowerInfoImpl.java:lambda$new$1(49)) - s0@group-DBBE7E7C6C61->s2: matchIndex: updateToMax old=2, new=-1, updated? false
2022-08-02 21:05:55,852 [grpc-default-executor-2] DEBUG leader.FollowerInfo (FollowerInfoImpl.java:lambda$new$1(49)) - s0@group-DBBE7E7C6C61->s1: commitIndex: updateToMax old=1, new=1, updated? false
2022-08-02 21:05:55,853 [grpc-default-executor-2] DEBUG leader.FollowerInfo (FollowerInfoImpl.java:lambda$new$1(49)) - s0@group-DBBE7E7C6C61->s1: matchIndex: updateToMax old=2, new=-1, updated? false
2022-08-02 21:05:55,853 [grpc-default-executor-3] DEBUG leader.FollowerInfo (FollowerInfoImpl.java:lambda$new$1(49)) - s0@group-DBBE7E7C6C61->s2: commitIndex: updateToMax old=1, new=1, updated? false
2022-08-02 21:05:55,853 [grpc-default-executor-3] DEBUG leader.FollowerInfo (FollowerInfoImpl.java:lambda$new$1(49)) - s0@group-DBBE7E7C6C61->s2: matchIndex: updateToMax old=2, new=-1, updated? false
2022-08-02 21:05:55,854 [grpc-default-executor-2] DEBUG leader.FollowerInfo (FollowerInfoImpl.java:lambda$new$1(49)) - s0@group-DBBE7E7C6C61->s1: commitIndex: updateToMax old=1, new=1, updated? false
2022-08-02 21:05:55,854 [grpc-default-executor-2] DEBUG leader.FollowerInfo (FollowerInfoImpl.java:lambda$new$1(49)) - s0@group-DBBE7E7C6C61->s1: matchIndex: updateToMax old=2, new=-1, updated? false
2022-08-02 21:05:55,855 [grpc-default-executor-3] DEBUG leader.FollowerInfo (FollowerInfoImpl.java:lambda$new$1(49)) - s0@group-DBBE7E7C6C61->s2: commitIndex: updateToMax old=1, new=1, updated? false
2022-08-02 21:05:55,855 [grpc-default-executor-3] DEBUG leader.FollowerInfo (FollowerInfoImpl.java:lambda$new$1(49)) - s0@group-DBBE7E7C6C61->s2: matchIndex: updateToMax old=2, new=-1, updated? false
2022-08-02 21:05:55,855 [grpc-default-executor-2] DEBUG leader.FollowerInfo (FollowerInfoImpl.java:lambda$new$1(49)) - s0@group-DBBE7E7C6C61->s1: commitIndex: updateToMax old=1, new=1, updated? false
2022-08-02 21:05:55,855 [grpc-default-executor-2] DEBUG leader.FollowerInfo (FollowerInfoImpl.java:lambda$new$1(49)) - s0@group-DBBE7E7C6C61->s1: matchIndex: updateToMax old=2, new=-1, updated? false
2022-08-02 21:05:55,856 [grpc-default-executor-3] DEBUG leader.FollowerInfo (FollowerInfoImpl.java:lambda$new$1(49)) - s0@group-DBBE7E7C6C61->s2: commitIndex: updateToMax old=1, new=1, updated? false
2022-08-02 21:05:55,856 [grpc-default-executor-3] DEBUG leader.FollowerInfo (FollowerInfoImpl.java:lambda$new$1(49)) - s0@group-DBBE7E7C6C61->s2: matchIndex: updateToMax old=2, new=-1, updated? false
2022-08-02 21:05:55,857 [grpc-default-executor-2] DEBUG leader.FollowerInfo (FollowerInfoImpl.java:lambda$new$1(49)) - s0@group-DBBE7E7C6C61->s1: commitIndex: updateToMax old=1, new=1, updated? false
2022-08-02 21:05:55,857 [grpc-default-executor-2] DEBUG leader.FollowerInfo (FollowerInfoImpl.java:lambda$new$1(49)) - s0@group-DBBE7E7C6C61->s1: matchIndex: updateToMax old=2, new=-1, updated? false
2022-08-02 21:05:55,857 [grpc-default-executor-3] DEBUG leader.FollowerInfo (FollowerInfoImpl.java:lambda$new$1(49)) - s0@group-DBBE7E7C6C61->s2: commitIndex: updateToMax old=1, new=1, updated? false
2022-08-02 21:05:55,857 [grpc-default-executor-3] DEBUG leader.FollowerInfo (FollowerInfoImpl.java:lambda$new$1(49)) - s0@group-DBBE7E7C6C61->s2: matchIndex: updateToMax old=2, new=-1, updated? false
2022-08-02 21:05:55,867 [grpc-default-executor-2] DEBUG leader.FollowerInfo (FollowerInfoImpl.java:lambda$new$1(49)) - s0@group-DBBE7E7C6C61->s1: commitIndex: updateToMax old=1, new=1, updated? false
2022-08-02 21:05:55,868 [grpc-default-executor-2] DEBUG leader.FollowerInfo (FollowerInfoImpl.java:lambda$new$1(49)) - s0@group-DBBE7E7C6C61->s1: matchIndex: updateToMax old=2, new=-1, updated? false
2022-08-02 21:05:55,868 [grpc-default-executor-2] DEBUG leader.FollowerInfo (FollowerInfoImpl.java:lambda$new$1(49)) - s0@group-DBBE7E7C6C61->s2: commitIndex: updateToMax old=1, new=1, updated? false
2022-08-02 21:05:55,868 [grpc-default-executor-2] DEBUG leader.FollowerInfo (FollowerInfoImpl.java:lambda$new$1(49)) - s0@group-DBBE7E7C6C61->s2: matchIndex: updateToMax old=2, new=-1, updated? false
2022-08-02 21:05:55,871 [grpc-default-executor-3] DEBUG leader.FollowerInfo (FollowerInfoImpl.java:lambda$new$1(49)) - s0@group-DBBE7E7C6C61->s2: commitIndex: updateToMax old=1, new=1, updated? false
2022-08-02 21:05:55,872 [grpc-default-executor-3] DEBUG leader.FollowerInfo (FollowerInfoImpl.java:lambda$new$1(49)) - s0@group-DBBE7E7C6C61->s2: matchIndex: updateToMax old=2, new=-1, updated? false
2022-08-02 21:05:55,872 [grpc-default-executor-2] DEBUG leader.FollowerInfo (FollowerInfoImpl.java:lambda$new$1(49)) - s0@group-DBBE7E7C6C61->s1: commitIndex: updateToMax old=1, new=1, updated? false
2022-08-02 21:05:55,872 [grpc-default-executor-2] DEBUG leader.FollowerInfo (FollowerInfoImpl.java:lambda$new$1(49)) - s0@group-DBBE7E7C6C61->s1: matchIndex: updateToMax old=2, new=-1, updated? false
2022-08-02 21:05:55,873 [grpc-default-executor-3] DEBUG leader.FollowerInfo (FollowerInfoImpl.java:lambda$new$1(49)) - s0@group-DBBE7E7C6C61->s2: commitIndex: updateToMax old=1, new=1, updated? false
2022-08-02 21:05:55,873 [grpc-default-executor-3] DEBUG leader.FollowerInfo (FollowerInfoImpl.java:lambda$new$1(49)) - s0@group-DBBE7E7C6C61->s2: matchIndex: updateToMax old=2, new=-1, updated? false
2022-08-02 21:05:55,874 [grpc-default-executor-2] DEBUG leader.FollowerInfo (FollowerInfoImpl.java:lambda$new$1(49)) - s0@group-DBBE7E7C6C61->s1: commitIndex: updateToMax old=1, new=1, updated? false
2022-08-02 21:05:55,874 [grpc-default-executor-2] DEBUG leader.FollowerInfo (FollowerInfoImpl.java:lambda$new$1(49)) - s0@group-DBBE7E7C6C61->s1: matchIndex: updateToMax old=2, new=-1, updated? false
2022-08-02 21:05:55,874 [grpc-default-executor-3] DEBUG leader.FollowerInfo (FollowerInfoImpl.java:lambda$new$1(49)) - s0@group-DBBE7E7C6C61->s2: commitIndex: updateToMax old=1, new=1, updated? false
2022-08-02 21:05:55,874 [grpc-default-executor-3] DEBUG leader.FollowerInfo (FollowerInfoImpl.java:lambda$new$1(49)) - s0@group-DBBE7E7C6C61->s2: matchIndex: updateToMax old=2, new=-1, updated? false
2022-08-02 21:05:55,875 [grpc-default-executor-2] DEBUG leader.FollowerInfo (FollowerInfoImpl.java:lambda$new$1(49)) - s0@group-DBBE7E7C6C61->s1: commitIndex: updateToMax old=1, new=1, updated? false
2022-08-02 21:05:55,875 [grpc-default-executor-2] DEBUG leader.FollowerInfo (FollowerInfoImpl.java:lambda$new$1(49)) - s0@group-DBBE7E7C6C61->s1: matchIndex: updateToMax old=2, new=-1, updated? false
2022-08-02 21:05:55,876 [grpc-default-executor-3] DEBUG leader.FollowerInfo (FollowerInfoImpl.java:lambda$new$1(49)) - s0@group-DBBE7E7C6C61->s2: commitIndex: updateToMax old=1, new=1, updated? false
2022-08-02 21:05:55,876 [grpc-default-executor-3] DEBUG leader.FollowerInfo (FollowerInfoImpl.java:lambda$new$1(49)) - s0@group-DBBE7E7C6C61->s2: matchIndex: updateToMax old=2, new=-1, updated? false
2022-08-02 21:05:55,876 [grpc-default-executor-2] DEBUG leader.FollowerInfo (FollowerInfoImpl.java:lambda$new$1(49)) - s0@group-DBBE7E7C6C61->s1: commitIndex: updateToMax old=1, new=1, updated? false
2022-08-02 21:05:55,876 [grpc-default-executor-2] DEBUG leader.FollowerInfo (FollowerInfoImpl.java:lambda$new$1(49)) - s0@group-DBBE7E7C6C61->s1: matchIndex: updateToMax old=2, new=-1, updated? false
2022-08-02 21:05:55,877 [grpc-default-executor-3] DEBUG leader.FollowerInfo (FollowerInfoImpl.java:lambda$new$1(49)) - s0@group-DBBE7E7C6C61->s2: commitIndex: updateToMax old=1, new=1, updated? false
2022-08-02 21:05:55,877 [grpc-default-executor-3] DEBUG leader.FollowerInfo (FollowerInfoImpl.java:lambda$new$1(49)) - s0@group-DBBE7E7C6C61->s2: matchIndex: updateToMax old=2, new=-1, updated? false
2022-08-02 21:05:55,878 [grpc-default-executor-2] DEBUG leader.FollowerInfo (FollowerInfoImpl.java:lambda$new$1(49)) - s0@group-DBBE7E7C6C61->s1: commitIndex: updateToMax old=1, new=1, updated? false
2022-08-02 21:05:55,878 [grpc-default-executor-2] DEBUG leader.FollowerInfo (FollowerInfoImpl.java:lambda$new$1(49)) - s0@group-DBBE7E7C6C61->s1: matchIndex: updateToMax old=2, new=-1, updated? false
2022-08-02 21:05:55,878 [grpc-default-executor-3] DEBUG leader.FollowerInfo (FollowerInfoImpl.java:lambda$new$1(49)) - s0@group-DBBE7E7C6C61->s2: commitIndex: updateToMax old=1, new=1, updated? false
2022-08-02 21:05:55,878 [grpc-default-executor-3] DEBUG leader.FollowerInfo (FollowerInfoImpl.java:lambda$new$1(49)) - s0@group-DBBE7E7C6C61->s2: matchIndex: updateToMax old=2, new=-1, updated? false
2022-08-02 21:05:55,879 [grpc-default-executor-2] DEBUG leader.FollowerInfo (FollowerInfoImpl.java:lambda$new$1(49)) - s0@group-DBBE7E7C6C61->s1: commitIndex: updateToMax old=1, new=1, updated? false
2022-08-02 21:05:55,879 [grpc-default-executor-2] DEBUG leader.FollowerInfo (FollowerInfoImpl.java:lambda$new$1(49)) - s0@group-DBBE7E7C6C61->s1: matchIndex: updateToMax old=2, new=-1, updated? false
2022-08-02 21:05:55,880 [grpc-default-executor-3] DEBUG leader.FollowerInfo (FollowerInfoImpl.java:lambda$new$1(49)) - s0@group-DBBE7E7C6C61->s2: commitIndex: updateToMax old=1, new=1, updated? false
2022-08-02 21:05:55,880 [grpc-default-executor-3] DEBUG leader.FollowerInfo (FollowerInfoImpl.java:lambda$new$1(49)) - s0@group-DBBE7E7C6C61->s2: matchIndex: updateToMax old=2, new=-1, updated? false
2022-08-02 21:05:55,880 [grpc-default-executor-2] DEBUG leader.FollowerInfo (FollowerInfoImpl.java:lambda$new$1(49)) - s0@group-DBBE7E7C6C61->s1: commitIndex: updateToMax old=1, new=1, updated? false
2022-08-02 21:05:55,880 [grpc-default-executor-2] DEBUG leader.FollowerInfo (FollowerInfoImpl.java:lambda$new$1(49)) - s0@group-DBBE7E7C6C61->s1: matchIndex: updateToMax old=2, new=-1, updated? false
2022-08-02 21:05:55,881 [grpc-default-executor-3] DEBUG leader.FollowerInfo (FollowerInfoImpl.java:lambda$new$1(49)) - s0@group-DBBE7E7C6C61->s2: commitIndex: updateToMax old=1, new=1, updated? false
2022-08-02 21:05:55,881 [grpc-default-executor-3] DEBUG leader.FollowerInfo (FollowerInfoImpl.java:lambda$new$1(49)) - s0@group-DBBE7E7C6C61->s2: matchIndex: updateToMax old=2, new=-1, updated? false
2022-08-02 21:05:55,882 [grpc-default-executor-3] DEBUG leader.FollowerInfo (FollowerInfoImpl.java:lambda$new$1(49)) - s0@group-DBBE7E7C6C61->s1: commitIndex: updateToMax old=1, new=1, updated? false
2022-08-02 21:05:55,882 [grpc-default-executor-3] DEBUG leader.FollowerInfo (FollowerInfoImpl.java:lambda$new$1(49)) - s0@group-DBBE7E7C6C61->s1: matchIndex: updateToMax old=2, new=-1, updated? false
2022-08-02 21:05:55,882 [grpc-default-executor-2] DEBUG leader.FollowerInfo (FollowerInfoImpl.java:lambda$new$1(49)) - s0@group-DBBE7E7C6C61->s2: commitIndex: updateToMax old=1, new=1, updated? false
2022-08-02 21:05:55,882 [grpc-default-executor-2] DEBUG leader.FollowerInfo (FollowerInfoImpl.java:lambda$new$1(49)) - s0@group-DBBE7E7C6C61->s2: matchIndex: updateToMax old=2, new=-1, updated? false
2022-08-02 21:05:55,883 [grpc-default-executor-3] DEBUG leader.FollowerInfo (FollowerInfoImpl.java:lambda$new$1(49)) - s0@group-DBBE7E7C6C61->s1: commitIndex: updateToMax old=1, new=1, updated? false
2022-08-02 21:05:55,883 [grpc-default-executor-3] DEBUG leader.FollowerInfo (FollowerInfoImpl.java:lambda$new$1(49)) - s0@group-DBBE7E7C6C61->s1: matchIndex: updateToMax old=2, new=-1, updated? false
2022-08-02 21:05:55,884 [grpc-default-executor-2] DEBUG leader.FollowerInfo (FollowerInfoImpl.java:lambda$new$1(49)) - s0@group-DBBE7E7C6C61->s2: commitIndex: updateToMax old=1, new=1, updated? false
2022-08-02 21:05:55,884 [grpc-default-executor-2] DEBUG leader.FollowerInfo (FollowerInfoImpl.java:lambda$new$1(49)) - s0@group-DBBE7E7C6C61->s2: matchIndex: updateToMax old=2, new=-1, updated? false
2022-08-02 21:05:55,884 [grpc-default-executor-3] DEBUG leader.FollowerInfo (FollowerInfoImpl.java:lambda$new$1(49)) - s0@group-DBBE7E7C6C61->s1: commitIndex: updateToMax old=1, new=1, updated? false
2022-08-02 21:05:55,885 [grpc-default-executor-3] DEBUG leader.FollowerInfo (FollowerInfoImpl.java:lambda$new$1(49)) - s0@group-DBBE7E7C6C61->s1: matchIndex: updateToMax old=2, new=-1, updated? false
2022-08-02 21:05:55,885 [grpc-default-executor-2] DEBUG leader.FollowerInfo (FollowerInfoImpl.java:lambda$new$1(49)) - s0@group-DBBE7E7C6C61->s2: commitIndex: updateToMax old=1, new=1, updated? false
2022-08-02 21:05:55,885 [grpc-default-executor-2] DEBUG leader.FollowerInfo (FollowerInfoImpl.java:lambda$new$1(49)) - s0@group-DBBE7E7C6C61->s2: matchIndex: updateToMax old=2, new=-1, updated? false
2022-08-02 21:05:55,886 [grpc-default-executor-3] DEBUG leader.FollowerInfo (FollowerInfoImpl.java:lambda$new$1(49)) - s0@group-DBBE7E7C6C61->s1: commitIndex: updateToMax old=1, new=1, updated? false
2022-08-02 21:05:55,886 [grpc-default-executor-3] DEBUG leader.FollowerInfo (FollowerInfoImpl.java:lambda$new$1(49)) - s0@group-DBBE7E7C6C61->s1: matchIndex: updateToMax old=2, new=-1, updated? false
2022-08-02 21:05:55,886 [grpc-default-executor-2] DEBUG leader.FollowerInfo (FollowerInfoImpl.java:lambda$new$1(49)) - s0@group-DBBE7E7C6C61->s2: commitIndex: updateToMax old=1, new=1, updated? false
2022-08-02 21:05:55,887 [grpc-default-executor-2] DEBUG leader.FollowerInfo (FollowerInfoImpl.java:lambda$new$1(49)) - s0@group-DBBE7E7C6C61->s2: matchIndex: updateToMax old=2, new=-1, updated? false
2022-08-02 21:05:55,887 [grpc-default-executor-3] DEBUG leader.FollowerInfo (FollowerInfoImpl.java:lambda$new$1(49)) - s0@group-DBBE7E7C6C61->s1: commitIndex: updateToMax old=1, new=1, updated? false
2022-08-02 21:05:55,887 [grpc-default-executor-3] DEBUG leader.FollowerInfo (FollowerInfoImpl.java:lambda$new$1(49)) - s0@group-DBBE7E7C6C61->s1: matchIndex: updateToMax old=2, new=-1, updated? false
2022-08-02 21:05:55,888 [grpc-default-executor-2] DEBUG leader.FollowerInfo (FollowerInfoImpl.java:lambda$new$1(49)) - s0@group-DBBE7E7C6C61->s2: commitIndex: updateToMax old=1, new=1, updated? false
2022-08-02 21:05:55,888 [grpc-default-executor-2] DEBUG leader.FollowerInfo (FollowerInfoImpl.java:lambda$new$1(49)) - s0@group-DBBE7E7C6C61->s2: matchIndex: updateToMax old=2, new=-1, updated? false
2022-08-02 21:05:55,889 [grpc-default-executor-3] DEBUG leader.FollowerInfo (FollowerInfoImpl.java:lambda$new$1(49)) - s0@group-DBBE7E7C6C61->s1: commitIndex: updateToMax old=1, new=1, updated? false
2022-08-02 21:05:55,889 [grpc-default-executor-3] DEBUG leader.FollowerInfo (FollowerInfoImpl.java:lambda$new$1(49)) - s0@group-DBBE7E7C6C61->s1: matchIndex: updateToMax old=2, new=-1, updated? false
2022-08-02 21:05:55,889 [grpc-default-executor-2] DEBUG leader.FollowerInfo (FollowerInfoImpl.java:lambda$new$1(49)) - s0@group-DBBE7E7C6C61->s2: commitIndex: updateToMax old=1, new=1, updated? false
2022-08-02 21:05:55,889 [grpc-default-executor-2] DEBUG leader.FollowerInfo (FollowerInfoImpl.java:lambda$new$1(49)) - s0@group-DBBE7E7C6C61->s2: matchIndex: updateToMax old=2, new=-1, updated? false
2022-08-02 21:05:55,890 [grpc-default-executor-3] DEBUG leader.FollowerInfo (FollowerInfoImpl.java:lambda$new$1(49)) - s0@group-DBBE7E7C6C61->s1: commitIndex: updateToMax old=1, new=1, updated? false
2022-08-02 21:05:55,890 [grpc-default-executor-3] DEBUG leader.FollowerInfo (FollowerInfoImpl.java:lambda$new$1(49)) - s0@group-DBBE7E7C6C61->s1: matchIndex: updateToMax old=2, new=-1, updated? false
2022-08-02 21:05:55,891 [grpc-default-executor-2] DEBUG leader.FollowerInfo (FollowerInfoImpl.java:lambda$new$1(49)) - s0@group-DBBE7E7C6C61->s2: commitIndex: updateToMax old=1, new=1, updated? false
2022-08-02 21:05:55,891 [grpc-default-executor-2] DEBUG leader.FollowerInfo (FollowerInfoImpl.java:lambda$new$1(49)) - s0@group-DBBE7E7C6C61->s2: matchIndex: updateToMax old=2, new=-1, updated? false
2022-08-02 21:05:55,891 [grpc-default-executor-3] DEBUG leader.FollowerInfo (FollowerInfoImpl.java:lambda$new$1(49)) - s0@group-DBBE7E7C6C61->s1: commitIndex: updateToMax old=1, new=1, updated? false
2022-08-02 21:05:55,891 [grpc-default-executor-3] DEBUG leader.FollowerInfo (FollowerInfoImpl.java:lambda$new$1(49)) - s0@group-DBBE7E7C6C61->s1: matchIndex: updateToMax old=2, new=-1, updated? false
2022-08-02 21:05:55,892 [grpc-default-executor-2] DEBUG leader.FollowerInfo (FollowerInfoImpl.java:lambda$new$1(49)) - s0@group-DBBE7E7C6C61->s2: commitIndex: updateToMax old=1, new=1, updated? false
2022-08-02 21:05:55,892 [grpc-default-executor-2] DEBUG leader.FollowerInfo (FollowerInfoImpl.java:lambda$new$1(49)) - s0@group-DBBE7E7C6C61->s2: matchIndex: updateToMax old=2, new=-1, updated? false
2022-08-02 21:05:55,893 [grpc-default-executor-3] DEBUG leader.FollowerInfo (FollowerInfoImpl.java:lambda$new$1(49)) - s0@group-DBBE7E7C6C61->s1: commitIndex: updateToMax old=1, new=1, updated? false
2022-08-02 21:05:55,893 [grpc-default-executor-3] DEBUG leader.FollowerInfo (FollowerInfoImpl.java:lambda$new$1(49)) - s0@group-DBBE7E7C6C61->s1: matchIndex: updateToMax old=2, new=-1, updated? false
2022-08-02 21:05:55,893 [grpc-default-executor-2] DEBUG leader.FollowerInfo (FollowerInfoImpl.java:lambda$new$1(49)) - s0@group-DBBE7E7C6C61->s2: commitIndex: updateToMax old=1, new=1, updated? false
2022-08-02 21:05:55,893 [grpc-default-executor-2] DEBUG leader.FollowerInfo (FollowerInfoImpl.java:lambda$new$1(49)) - s0@group-DBBE7E7C6C61->s2: matchIndex: updateToMax old=2, new=-1, updated? false
2022-08-02 21:05:55,894 [grpc-default-executor-3] DEBUG leader.FollowerInfo (FollowerInfoImpl.java:lambda$new$1(49)) - s0@group-DBBE7E7C6C61->s1: commitIndex: updateToMax old=1, new=1, updated? false
2022-08-02 21:05:55,894 [grpc-default-executor-3] DEBUG leader.FollowerInfo (FollowerInfoImpl.java:lambda$new$1(49)) - s0@group-DBBE7E7C6C61->s1: matchIndex: updateToMax old=2, new=-1, updated? false
2022-08-02 21:05:55,895 [grpc-default-executor-2] DEBUG leader.FollowerInfo (FollowerInfoImpl.java:lambda$new$1(49)) - s0@group-DBBE7E7C6C61->s2: commitIndex: updateToMax old=1, new=1, updated? false
2022-08-02 21:05:55,895 [grpc-default-executor-2] DEBUG leader.FollowerInfo (FollowerInfoImpl.java:lambda$new$1(49)) - s0@group-DBBE7E7C6C61->s2: matchIndex: updateToMax old=2, new=-1, updated? false
2022-08-02 21:05:55,895 [grpc-default-executor-3] DEBUG leader.FollowerInfo (FollowerInfoImpl.java:lambda$new$1(49)) - s0@group-DBBE7E7C6C61->s1: commitIndex: updateToMax old=1, new=1, updated? false
2022-08-02 21:05:55,895 [grpc-default-executor-3] DEBUG leader.FollowerInfo (FollowerInfoImpl.java:lambda$new$1(49)) - s0@group-DBBE7E7C6C61->s1: matchIndex: updateToMax old=2, new=-1, updated? false
2022-08-02 21:05:55,899 [grpc-default-executor-2] DEBUG leader.FollowerInfo (FollowerInfoImpl.java:lambda$new$1(49)) - s0@group-DBBE7E7C6C61->s2: commitIndex: updateToMax old=1, new=1, updated? false
2022-08-02 21:05:55,899 [grpc-default-executor-2] DEBUG leader.FollowerInfo (FollowerInfoImpl.java:lambda$new$1(49)) - s0@group-DBBE7E7C6C61->s2: matchIndex: updateToMax old=2, new=-1, updated? false
2022-08-02 21:05:55,900 [grpc-default-executor-3] DEBUG leader.FollowerInfo (FollowerInfoImpl.java:lambda$new$1(49)) - s0@group-DBBE7E7C6C61->s1: commitIndex: updateToMax old=1, new=1, updated? false
2022-08-02 21:05:55,900 [grpc-default-executor-3] DEBUG leader.FollowerInfo (FollowerInfoImpl.java:lambda$new$1(49)) - s0@group-DBBE7E7C6C61->s1: matchIndex: updateToMax old=2, new=-1, updated? false
2022-08-02 21:05:55,901 [grpc-default-executor-2] DEBUG leader.FollowerInfo (FollowerInfoImpl.java:lambda$new$1(49)) - s0@group-DBBE7E7C6C61->s2: commitIndex: updateToMax old=1, new=1, updated? false
2022-08-02 21:05:55,901 [grpc-default-executor-2] DEBUG leader.FollowerInfo (FollowerInfoImpl.java:lambda$new$1(49)) - s0@group-DBBE7E7C6C61->s2: matchIndex: updateToMax old=2, new=-1, updated? false
2022-08-02 21:05:55,901 [grpc-default-executor-3] DEBUG leader.FollowerInfo (FollowerInfoImpl.java:lambda$new$1(49)) - s0@group-DBBE7E7C6C61->s1: commitIndex: updateToMax old=1, new=1, updated? false
2022-08-02 21:05:55,902 [grpc-default-executor-3] DEBUG leader.FollowerInfo (FollowerInfoImpl.java:lambda$new$1(49)) - s0@group-DBBE7E7C6C61->s1: matchIndex: updateToMax old=2, new=-1, updated? false
2022-08-02 21:05:55,902 [grpc-default-executor-2] DEBUG leader.FollowerInfo (FollowerInfoImpl.java:lambda$new$1(49)) - s0@group-DBBE7E7C6C61->s2: commitIndex: updateToMax old=1, new=1, updated? false
2022-08-02 21:05:55,902 [grpc-default-executor-2] DEBUG leader.FollowerInfo (FollowerInfoImpl.java:lambda$new$1(49)) - s0@group-DBBE7E7C6C61->s2: matchIndex: updateToMax old=2, new=-1, updated? false
2022-08-02 21:05:55,903 [grpc-default-executor-3] DEBUG leader.FollowerInfo (FollowerInfoImpl.java:lambda$new$1(49)) - s0@group-DBBE7E7C6C61->s1: commitIndex: updateToMax old=1, new=1, updated? false
2022-08-02 21:05:55,903 [grpc-default-executor-3] DEBUG leader.FollowerInfo (FollowerInfoImpl.java:lambda$new$1(49)) - s0@group-DBBE7E7C6C61->s1: matchIndex: updateToMax old=2, new=-1, updated? false
2022-08-02 21:05:55,904 [grpc-default-executor-2] DEBUG leader.FollowerInfo (FollowerInfoImpl.java:lambda$new$1(49)) - s0@group-DBBE7E7C6C61->s2: commitIndex: updateToMax old=1, new=1, updated? false
2022-08-02 21:05:55,904 [grpc-default-executor-2] DEBUG leader.FollowerInfo (FollowerInfoImpl.java:lambda$new$1(49)) - s0@group-DBBE7E7C6C61->s2: matchIndex: updateToMax old=2, new=-1, updated? false
2022-08-02 21:05:55,904 [grpc-default-executor-3] DEBUG leader.FollowerInfo (FollowerInfoImpl.java:lambda$new$1(49)) - s0@group-DBBE7E7C6C61->s1: commitIndex: updateToMax old=1, new=1, updated? false
2022-08-02 21:05:55,904 [grpc-default-executor-3] DEBUG leader.FollowerInfo (FollowerInfoImpl.java:lambda$new$1(49)) - s0@group-DBBE7E7C6C61->s1: matchIndex: updateToMax old=2, new=-1, updated? false
2022-08-02 21:05:55,905 [grpc-default-executor-2] DEBUG leader.FollowerInfo (FollowerInfoImpl.java:lambda$new$1(49)) - s0@group-DBBE7E7C6C61->s2: commitIndex: updateToMax old=1, new=1, updated? false
2022-08-02 21:05:55,905 [grpc-default-executor-2] DEBUG leader.FollowerInfo (FollowerInfoImpl.java:lambda$new$1(49)) - s0@group-DBBE7E7C6C61->s2: matchIndex: updateToMax old=2, new=-1, updated? false
2022-08-02 21:05:55,906 [grpc-default-executor-3] DEBUG leader.FollowerInfo (FollowerInfoImpl.java:lambda$new$1(49)) - s0@group-DBBE7E7C6C61->s1: commitIndex: updateToMax old=1, new=1, updated? false
2022-08-02 21:05:55,906 [grpc-default-executor-3] DEBUG leader.FollowerInfo (FollowerInfoImpl.java:lambda$new$1(49)) - s0@group-DBBE7E7C6C61->s1: matchIndex: updateToMax old=2, new=-1, updated? false
2022-08-02 21:05:55,906 [grpc-default-executor-2] DEBUG leader.FollowerInfo (FollowerInfoImpl.java:lambda$new$1(49)) - s0@group-DBBE7E7C6C61->s2: commitIndex: updateToMax old=1, new=1, updated? false
2022-08-02 21:05:55,906 [grpc-default-executor-2] DEBUG leader.FollowerInfo (FollowerInfoImpl.java:lambda$new$1(49)) - s0@group-DBBE7E7C6C61->s2: matchIndex: updateToMax old=2, new=-1, updated? false
2022-08-02 21:05:55,907 [grpc-default-executor-3] DEBUG leader.FollowerInfo (FollowerInfoImpl.java:lambda$new$1(49)) - s0@group-DBBE7E7C6C61->s1: commitIndex: updateToMax old=1, new=1, updated? false
2022-08-02 21:05:55,907 [grpc-default-executor-3] DEBUG leader.FollowerInfo (FollowerInfoImpl.java:lambda$new$1(49)) - s0@group-DBBE7E7C6C61->s1: matchIndex: updateToMax old=2, new=-1, updated? false
2022-08-02 21:05:55,908 [grpc-default-executor-2] DEBUG leader.FollowerInfo (FollowerInfoImpl.java:lambda$new$1(49)) - s0@group-DBBE7E7C6C61->s2: commitIndex: updateToMax old=1, new=1, updated? false
2022-08-02 21:05:55,908 [grpc-default-executor-2] DEBUG leader.FollowerInfo (FollowerInfoImpl.java:lambda$new$1(49)) - s0@group-DBBE7E7C6C61->s2: matchIndex: updateToMax old=2, new=-1, updated? false
2022-08-02 21:05:55,908 [grpc-default-executor-3] DEBUG leader.FollowerInfo (FollowerInfoImpl.java:lambda$new$1(49)) - s0@group-DBBE7E7C6C61->s1: commitIndex: updateToMax old=1, new=1, updated? false
2022-08-02 21:05:55,908 [grpc-default-executor-3] DEBUG leader.FollowerInfo (FollowerInfoImpl.java:lambda$new$1(49)) - s0@group-DBBE7E7C6C61->s1: matchIndex: updateToMax old=2, new=-1, updated? false
2022-08-02 21:05:55,909 [grpc-default-executor-3] DEBUG leader.FollowerInfo (FollowerInfoImpl.java:lambda$new$1(49)) - s0@group-DBBE7E7C6C61->s2: commitIndex: updateToMax old=1, new=1, updated? false
2022-08-02 21:05:55,909 [grpc-default-executor-3] DEBUG leader.FollowerInfo (FollowerInfoImpl.java:lambda$new$1(49)) - s0@group-DBBE7E7C6C61->s2: matchIndex: updateToMax old=2, new=-1, updated? false
2022-08-02 21:05:55,909 [grpc-default-executor-2] DEBUG leader.FollowerInfo (FollowerInfoImpl.java:lambda$new$1(49)) - s0@group-DBBE7E7C6C61->s1: commitIndex: updateToMax old=1, new=1, updated? false
2022-08-02 21:05:55,909 [grpc-default-executor-2] DEBUG leader.FollowerInfo (FollowerInfoImpl.java:lambda$new$1(49)) - s0@group-DBBE7E7C6C61->s1: matchIndex: updateToMax old=2, new=-1, updated? false
2022-08-02 21:05:55,909 [grpc-default-executor-2] DEBUG leader.FollowerInfo (FollowerInfoImpl.java:lambda$new$1(49)) - s0@group-DBBE7E7C6C61->s2: commitIndex: updateToMax old=1, new=1, updated? false
2022-08-02 21:05:55,910 [grpc-default-executor-2] DEBUG leader.FollowerInfo (FollowerInfoImpl.java:lambda$new$1(49)) - s0@group-DBBE7E7C6C61->s2: matchIndex: updateToMax old=2, new=-1, updated? false
2022-08-02 21:05:55,910 [grpc-default-executor-3] DEBUG leader.FollowerInfo (FollowerInfoImpl.java:lambda$new$1(49)) - s0@group-DBBE7E7C6C61->s1: commitIndex: updateToMax old=1, new=1, updated? false
2022-08-02 21:05:55,910 [grpc-default-executor-3] DEBUG leader.FollowerInfo (FollowerInfoImpl.java:lambda$new$1(49)) - s0@group-DBBE7E7C6C61->s1: matchIndex: updateToMax old=2, new=-1, updated? false
2022-08-02 21:05:55,911 [grpc-default-executor-2] DEBUG leader.FollowerInfo (FollowerInfoImpl.java:lambda$new$1(49)) - s0@group-DBBE7E7C6C61->s2: commitIndex: updateToMax old=1, new=1, updated? false
2022-08-02 21:05:55,911 [grpc-default-executor-2] DEBUG leader.FollowerInfo (FollowerInfoImpl.java:lambda$new$1(49)) - s0@group-DBBE7E7C6C61->s2: matchIndex: updateToMax old=2, new=-1, updated? false
2022-08-02 21:05:55,911 [grpc-default-executor-3] DEBUG leader.FollowerInfo (FollowerInfoImpl.java:lambda$new$1(49)) - s0@group-DBBE7E7C6C61->s1: commitIndex: updateToMax old=1, new=1, updated? false
2022-08-02 21:05:55,911 [grpc-default-executor-3] DEBUG leader.FollowerInfo (FollowerInfoImpl.java:lambda$new$1(49)) - s0@group-DBBE7E7C6C61->s1: matchIndex: updateToMax old=2, new=-1, updated? false
2022-08-02 21:05:55,912 [grpc-default-executor-2] DEBUG leader.FollowerInfo (FollowerInfoImpl.java:lambda$new$1(49)) - s0@group-DBBE7E7C6C61->s2: commitIndex: updateToMax old=1, new=1, updated? false
2022-08-02 21:05:55,912 [grpc-default-executor-2] DEBUG leader.FollowerInfo (FollowerInfoImpl.java:lambda$new$1(49)) - s0@group-DBBE7E7C6C61->s2: matchIndex: updateToMax old=2, new=-1, updated? false
2022-08-02 21:05:55,912 [grpc-default-executor-3] DEBUG leader.FollowerInfo (FollowerInfoImpl.java:lambda$new$1(49)) - s0@group-DBBE7E7C6C61->s1: commitIndex: updateToMax old=1, new=1, updated? false
2022-08-02 21:05:55,912 [grpc-default-executor-3] DEBUG leader.FollowerInfo (FollowerInfoImpl.java:lambda$new$1(49)) - s0@group-DBBE7E7C6C61->s1: matchIndex: updateToMax old=2, new=-1, updated? false
2022-08-02 21:05:55,913 [grpc-default-executor-2] DEBUG leader.FollowerInfo (FollowerInfoImpl.java:lambda$new$1(49)) - s0@group-DBBE7E7C6C61->s2: commitIndex: updateToMax old=1, new=1, updated? false
2022-08-02 21:05:55,913 [grpc-default-executor-2] DEBUG leader.FollowerInfo (FollowerInfoImpl.java:lambda$new$1(49)) - s0@group-DBBE7E7C6C61->s2: matchIndex: updateToMax old=2, new=-1, updated? false
2022-08-02 21:05:55,914 [grpc-default-executor-2] DEBUG leader.FollowerInfo (FollowerInfoImpl.java:lambda$new$1(49)) - s0@group-DBBE7E7C6C61->s1: commitIndex: updateToMax old=1, new=1, updated? false
2022-08-02 21:05:55,914 [grpc-default-executor-2] DEBUG leader.FollowerInfo (FollowerInfoImpl.java:lambda$new$1(49)) - s0@group-DBBE7E7C6C61->s1: matchIndex: updateToMax old=2, new=-1, updated? false
2022-08-02 21:05:55,914 [grpc-default-executor-3] DEBUG leader.FollowerInfo (FollowerInfoImpl.java:lambda$new$1(49)) - s0@group-DBBE7E7C6C61->s2: commitIndex: updateToMax old=1, new=1, updated? false
2022-08-02 21:05:55,914 [grpc-default-executor-3] DEBUG leader.FollowerInfo (FollowerInfoImpl.java:lambda$new$1(49)) - s0@group-DBBE7E7C6C61->s2: matchIndex: updateToMax old=2, new=-1, updated? false
2022-08-02 21:05:55,915 [grpc-default-executor-2] DEBUG leader.FollowerInfo (FollowerInfoImpl.java:lambda$new$1(49)) - s0@group-DBBE7E7C6C61->s1: commitIndex: updateToMax old=1, new=1, updated? false
2022-08-02 21:05:55,915 [grpc-default-executor-2] DEBUG leader.FollowerInfo (FollowerInfoImpl.java:lambda$new$1(49)) - s0@group-DBBE7E7C6C61->s1: matchIndex: updateToMax old=2, new=-1, updated? false
2022-08-02 21:05:55,916 [grpc-default-executor-3] DEBUG leader.FollowerInfo (FollowerInfoImpl.java:lambda$new$1(49)) - s0@group-DBBE7E7C6C61->s2: commitIndex: updateToMax old=1, new=1, updated? false
2022-08-02 21:05:55,916 [grpc-default-executor-3] DEBUG leader.FollowerInfo (FollowerInfoImpl.java:lambda$new$1(49)) - s0@group-DBBE7E7C6C61->s2: matchIndex: updateToMax old=2, new=-1, updated? false
2022-08-02 21:05:55,916 [grpc-default-executor-3] DEBUG leader.FollowerInfo (FollowerInfoImpl.java:lambda$new$1(49)) - s0@group-DBBE7E7C6C61->s1: commitIndex: updateToMax old=1, new=1, updated? false
2022-08-02 21:05:55,916 [grpc-default-executor-3] DEBUG leader.FollowerInfo (FollowerInfoImpl.java:lambda$new$1(49)) - s0@group-DBBE7E7C6C61->s1: matchIndex: updateToMax old=2, new=-1, updated? false
2022-08-02 21:05:55,917 [grpc-default-executor-2] DEBUG leader.FollowerInfo (FollowerInfoImpl.java:lambda$new$1(49)) - s0@group-DBBE7E7C6C61->s2: commitIndex: updateToMax old=1, new=1, updated? false
2022-08-02 21:05:55,917 [grpc-default-executor-2] DEBUG leader.FollowerInfo (FollowerInfoImpl.java:lambda$new$1(49)) - s0@group-DBBE7E7C6C61->s2: matchIndex: updateToMax old=2, new=-1, updated? false
2022-08-02 21:05:55,918 [grpc-default-executor-3] DEBUG leader.FollowerInfo (FollowerInfoImpl.java:lambda$new$1(49)) - s0@group-DBBE7E7C6C61->s1: commitIndex: updateToMax old=1, new=1, updated? false
2022-08-02 21:05:55,918 [grpc-default-executor-3] DEBUG leader.FollowerInfo (FollowerInfoImpl.java:lambda$new$1(49)) - s0@group-DBBE7E7C6C61->s1: matchIndex: updateToMax old=2, new=-1, updated? false
2022-08-02 21:05:55,918 [grpc-default-executor-2] DEBUG leader.FollowerInfo (FollowerInfoImpl.java:lambda$new$1(49)) - s0@group-DBBE7E7C6C61->s2: commitIndex: updateToMax old=1, new=1, updated? false
2022-08-02 21:05:55,918 [grpc-default-executor-2] DEBUG leader.FollowerInfo (FollowerInfoImpl.java:lambda$new$1(49)) - s0@group-DBBE7E7C6C61->s2: matchIndex: updateToMax old=2, new=-1, updated? false
2022-08-02 21:05:55,919 [grpc-default-executor-3] DEBUG leader.FollowerInfo (FollowerInfoImpl.java:lambda$new$1(49)) - s0@group-DBBE7E7C6C61->s1: commitIndex: updateToMax old=1, new=1, updated? false
2022-08-02 21:05:55,919 [grpc-default-executor-3] DEBUG leader.FollowerInfo (FollowerInfoImpl.java:lambda$new$1(49)) - s0@group-DBBE7E7C6C61->s1: matchIndex: updateToMax old=2, new=-1, updated? false
2022-08-02 21:05:55,920 [grpc-default-executor-2] DEBUG leader.FollowerInfo (FollowerInfoImpl.java:lambda$new$1(49)) - s0@group-DBBE7E7C6C61->s2: commitIndex: updateToMax old=1, new=1, updated? false
2022-08-02 21:05:55,920 [grpc-default-executor-2] DEBUG leader.FollowerInfo (FollowerInfoImpl.java:lambda$new$1(49)) - s0@group-DBBE7E7C6C61->s2: matchIndex: updateToMax old=2, new=-1, updated? false
2022-08-02 21:05:55,920 [grpc-default-executor-3] DEBUG leader.FollowerInfo (FollowerInfoImpl.java:lambda$new$1(49)) - s0@group-DBBE7E7C6C61->s1: commitIndex: updateToMax old=1, new=1, updated? false
2022-08-02 21:05:55,920 [grpc-default-executor-3] DEBUG leader.FollowerInfo (FollowerInfoImpl.java:lambda$new$1(49)) - s0@group-DBBE7E7C6C61->s1: matchIndex: updateToMax old=2, new=-1, updated? false
2022-08-02 21:05:55,921 [grpc-default-executor-2] DEBUG leader.FollowerInfo (FollowerInfoImpl.java:lambda$new$1(49)) - s0@group-DBBE7E7C6C61->s2: commitIndex: updateToMax old=1, new=1, updated? false
2022-08-02 21:05:55,921 [grpc-default-executor-2] DEBUG leader.FollowerInfo (FollowerInfoImpl.java:lambda$new$1(49)) - s0@group-DBBE7E7C6C61->s2: matchIndex: updateToMax old=2, new=-1, updated? false
2022-08-02 21:05:55,922 [grpc-default-executor-3] DEBUG leader.FollowerInfo (FollowerInfoImpl.java:lambda$new$1(49)) - s0@group-DBBE7E7C6C61->s1: commitIndex: updateToMax old=1, new=1, updated? false
2022-08-02 21:05:55,922 [grpc-default-executor-3] DEBUG leader.FollowerInfo (FollowerInfoImpl.java:lambda$new$1(49)) - s0@group-DBBE7E7C6C61->s1: matchIndex: updateToMax old=2, new=-1, updated? false
2022-08-02 21:05:55,922 [grpc-default-executor-2] DEBUG leader.FollowerInfo (FollowerInfoImpl.java:lambda$new$1(49)) - s0@group-DBBE7E7C6C61->s2: commitIndex: updateToMax old=1, new=1, updated? false
2022-08-02 21:05:55,922 [grpc-default-executor-2] DEBUG leader.FollowerInfo (FollowerInfoImpl.java:lambda$new$1(49)) - s0@group-DBBE7E7C6C61->s2: matchIndex: updateToMax old=2, new=-1, updated? false
2022-08-02 21:05:55,923 [grpc-default-executor-3] DEBUG leader.FollowerInfo (FollowerInfoImpl.java:lambda$new$1(49)) - s0@group-DBBE7E7C6C61->s1: commitIndex: updateToMax old=1, new=1, updated? false
2022-08-02 21:05:55,923 [grpc-default-executor-3] DEBUG leader.FollowerInfo (FollowerInfoImpl.java:lambda$new$1(49)) - s0@group-DBBE7E7C6C61->s1: matchIndex: updateToMax old=2, new=-1, updated? false
2022-08-02 21:05:55,924 [grpc-default-executor-2] DEBUG leader.FollowerInfo (FollowerInfoImpl.java:lambda$new$1(49)) - s0@group-DBBE7E7C6C61->s2: commitIndex: updateToMax old=1, new=1, updated? false
2022-08-02 21:05:55,924 [grpc-default-executor-2] DEBUG leader.FollowerInfo (FollowerInfoImpl.java:lambda$new$1(49)) - s0@group-DBBE7E7C6C61->s2: matchIndex: updateToMax old=2, new=-1, updated? false
2022-08-02 21:05:55,924 [grpc-default-executor-3] DEBUG leader.FollowerInfo (FollowerInfoImpl.java:lambda$new$1(49)) - s0@group-DBBE7E7C6C61->s1: commitIndex: updateToMax old=1, new=1, updated? false
2022-08-02 21:05:55,924 [grpc-default-executor-3] DEBUG leader.FollowerInfo (FollowerInfoImpl.java:lambda$new$1(49)) - s0@group-DBBE7E7C6C61->s1: matchIndex: updateToMax old=2, new=-1, updated? false
2022-08-02 21:05:55,925 [grpc-default-executor-2] DEBUG leader.FollowerInfo (FollowerInfoImpl.java:lambda$new$1(49)) - s0@group-DBBE7E7C6C61->s2: commitIndex: updateToMax old=1, new=1, updated? false
2022-08-02 21:05:55,925 [grpc-default-executor-2] DEBUG leader.FollowerInfo (FollowerInfoImpl.java:lambda$new$1(49)) - s0@group-DBBE7E7C6C61->s2: matchIndex: updateToMax old=2, new=-1, updated? false
2022-08-02 21:05:55,926 [grpc-default-executor-3] DEBUG leader.FollowerInfo (FollowerInfoImpl.java:lambda$new$1(49)) - s0@group-DBBE7E7C6C61->s1: commitIndex: updateToMax old=1, new=1, updated? false
2022-08-02 21:05:55,926 [grpc-default-executor-3] DEBUG leader.FollowerInfo (FollowerInfoImpl.java:lambda$new$1(49)) - s0@group-DBBE7E7C6C61->s1: matchIndex: updateToMax old=2, new=-1, updated? false
2022-08-02 21:05:55,926 [grpc-default-executor-2] DEBUG leader.FollowerInfo (FollowerInfoImpl.java:lambda$new$1(49)) - s0@group-DBBE7E7C6C61->s2: commitIndex: updateToMax old=1, new=1, updated? false
2022-08-02 21:05:55,926 [grpc-default-executor-2] DEBUG leader.FollowerInfo (FollowerInfoImpl.java:lambda$new$1(49)) - s0@group-DBBE7E7C6C61->s2: matchIndex: updateToMax old=2, new=-1, updated? false
2022-08-02 21:05:55,927 [grpc-default-executor-3] DEBUG leader.FollowerInfo (FollowerInfoImpl.java:lambda$new$1(49)) - s0@group-DBBE7E7C6C61->s1: commitIndex: updateToMax old=1, new=1, updated? false
2022-08-02 21:05:55,927 [grpc-default-executor-3] DEBUG leader.FollowerInfo (FollowerInfoImpl.java:lambda$new$1(49)) - s0@group-DBBE7E7C6C61->s1: matchIndex: updateToMax old=2, new=-1, updated? false
2022-08-02 21:05:55,928 [grpc-default-executor-2] DEBUG leader.FollowerInfo (FollowerInfoImpl.java:lambda$new$1(49)) - s0@group-DBBE7E7C6C61->s2: commitIndex: updateToMax old=1, new=1, updated? false
2022-08-02 21:05:55,928 [grpc-default-executor-2] DEBUG leader.FollowerInfo (FollowerInfoImpl.java:lambda$new$1(49)) - s0@group-DBBE7E7C6C61->s2: matchIndex: updateToMax old=2, new=-1, updated? false
2022-08-02 21:05:55,928 [grpc-default-executor-3] DEBUG leader.FollowerInfo (FollowerInfoImpl.java:lambda$new$1(49)) - s0@group-DBBE7E7C6C61->s1: commitIndex: updateToMax old=1, new=1, updated? false
2022-08-02 21:05:55,928 [grpc-default-executor-3] DEBUG leader.FollowerInfo (FollowerInfoImpl.java:lambda$new$1(49)) - s0@group-DBBE7E7C6C61->s1: matchIndex: updateToMax old=2, new=-1, updated? false
2022-08-02 21:05:55,929 [grpc-default-executor-2] DEBUG leader.FollowerInfo (FollowerInfoImpl.java:lambda$new$1(49)) - s0@group-DBBE7E7C6C61->s2: commitIndex: updateToMax old=1, new=1, updated? false
2022-08-02 21:05:55,929 [grpc-default-executor-2] DEBUG leader.FollowerInfo (FollowerInfoImpl.java:lambda$new$1(49)) - s0@group-DBBE7E7C6C61->s2: matchIndex: updateToMax old=2, new=-1, updated? false
2022-08-02 21:05:55,930 [grpc-default-executor-3] DEBUG leader.FollowerInfo (FollowerInfoImpl.java:lambda$new$1(49)) - s0@group-DBBE7E7C6C61->s1: commitIndex: updateToMax old=1, new=1, updated? false
2022-08-02 21:05:55,930 [grpc-default-executor-3] DEBUG leader.FollowerInfo (FollowerInfoImpl.java:lambda$new$1(49)) - s0@group-DBBE7E7C6C61->s1: matchIndex: updateToMax old=2, new=-1, updated? false
2022-08-02 21:05:55,930 [grpc-default-executor-2] DEBUG leader.FollowerInfo (FollowerInfoImpl.java:lambda$new$1(49)) - s0@group-DBBE7E7C6C61->s2: commitIndex: updateToMax old=1, new=1, updated? false
2022-08-02 21:05:55,930 [grpc-default-executor-2] DEBUG leader.FollowerInfo (FollowerInfoImpl.java:lambda$new$1(49)) - s0@group-DBBE7E7C6C61->s2: matchIndex: updateToMax old=2, new=-1, updated? false
2022-08-02 21:05:55,931 [grpc-default-executor-3] DEBUG leader.FollowerInfo (FollowerInfoImpl.java:lambda$new$1(49)) - s0@group-DBBE7E7C6C61->s1: commitIndex: updateToMax old=1, new=1, updated? false
2022-08-02 21:05:55,931 [grpc-default-executor-3] DEBUG leader.FollowerInfo (FollowerInfoImpl.java:lambda$new$1(49)) - s0@group-DBBE7E7C6C61->s1: matchIndex: updateToMax old=2, new=-1, updated? false
2022-08-02 21:05:55,932 [grpc-default-executor-2] DEBUG leader.FollowerInfo (FollowerInfoImpl.java:lambda$new$1(49)) - s0@group-DBBE7E7C6C61->s2: commitIndex: updateToMax old=1, new=1, updated? false
2022-08-02 21:05:55,932 [grpc-default-executor-2] DEBUG leader.FollowerInfo (FollowerInfoImpl.java:lambda$new$1(49)) - s0@group-DBBE7E7C6C61->s2: matchIndex: updateToMax old=2, new=-1, updated? false
2022-08-02 21:05:55,932 [grpc-default-executor-3] DEBUG leader.FollowerInfo (FollowerInfoImpl.java:lambda$new$1(49)) - s0@group-DBBE7E7C6C61->s1: commitIndex: updateToMax old=1, new=1, updated? false
2022-08-02 21:05:55,932 [grpc-default-executor-3] DEBUG leader.FollowerInfo (FollowerInfoImpl.java:lambda$new$1(49)) - s0@group-DBBE7E7C6C61->s1: matchIndex: updateToMax old=2, new=-1, updated? false
2022-08-02 21:05:55,933 [grpc-default-executor-2] DEBUG leader.FollowerInfo (FollowerInfoImpl.java:lambda$new$1(49)) - s0@group-DBBE7E7C6C61->s2: commitIndex: updateToMax old=1, new=1, updated? false
2022-08-02 21:05:55,933 [grpc-default-executor-2] DEBUG leader.FollowerInfo (FollowerInfoImpl.java:lambda$new$1(49)) - s0@group-DBBE7E7C6C61->s2: matchIndex: updateToMax old=2, new=-1, updated? false
2022-08-02 21:05:55,934 [grpc-default-executor-3] DEBUG leader.FollowerInfo (FollowerInfoImpl.java:lambda$new$1(49)) - s0@group-DBBE7E7C6C61->s1: commitIndex: updateToMax old=1, new=1, updated? false
2022-08-02 21:05:55,934 [grpc-default-executor-3] DEBUG leader.FollowerInfo (FollowerInfoImpl.java:lambda$new$1(49)) - s0@group-DBBE7E7C6C61->s1: matchIndex: updateToMax old=2, new=-1, updated? false
2022-08-02 21:05:55,934 [grpc-default-executor-2] DEBUG leader.FollowerInfo (FollowerInfoImpl.java:lambda$new$1(49)) - s0@group-DBBE7E7C6C61->s2: commitIndex: updateToMax old=1, new=1, updated? false
2022-08-02 21:05:55,935 [grpc-default-executor-2] DEBUG leader.FollowerInfo (FollowerInfoImpl.java:lambda$new$1(49)) - s0@group-DBBE7E7C6C61->s2: matchIndex: updateToMax old=2, new=-1, updated? false
2022-08-02 21:05:55,935 [grpc-default-executor-3] DEBUG leader.FollowerInfo (FollowerInfoImpl.java:lambda$new$1(49)) - s0@group-DBBE7E7C6C61->s1: commitIndex: updateToMax old=1, new=1, updated? false
2022-08-02 21:05:55,935 [grpc-default-executor-3] DEBUG leader.FollowerInfo (FollowerInfoImpl.java:lambda$new$1(49)) - s0@group-DBBE7E7C6C61->s1: matchIndex: updateToMax old=2, new=-1, updated? false
2022-08-02 21:05:55,936 [grpc-default-executor-2] DEBUG leader.FollowerInfo (FollowerInfoImpl.java:lambda$new$1(49)) - s0@group-DBBE7E7C6C61->s2: commitIndex: updateToMax old=1, new=1, updated? false
2022-08-02 21:05:55,936 [grpc-default-executor-2] DEBUG leader.FollowerInfo (FollowerInfoImpl.java:lambda$new$1(49)) - s0@group-DBBE7E7C6C61->s2: matchIndex: updateToMax old=2, new=-1, updated? false
2022-08-02 21:05:55,936 [grpc-default-executor-3] DEBUG leader.FollowerInfo (FollowerInfoImpl.java:lambda$new$1(49)) - s0@group-DBBE7E7C6C61->s1: commitIndex: updateToMax old=1, new=1, updated? false
2022-08-02 21:05:55,937 [grpc-default-executor-3] DEBUG leader.FollowerInfo (FollowerInfoImpl.java:lambda$new$1(49)) - s0@group-DBBE7E7C6C61->s1: matchIndex: updateToMax old=2, new=-1, updated? false
2022-08-02 21:05:55,937 [grpc-default-executor-2] DEBUG leader.FollowerInfo (FollowerInfoImpl.java:lambda$new$1(49)) - s0@group-DBBE7E7C6C61->s2: commitIndex: updateToMax old=1, new=1, updated? false
2022-08-02 21:05:55,937 [grpc-default-executor-2] DEBUG leader.FollowerInfo (FollowerInfoImpl.java:lambda$new$1(49)) - s0@group-DBBE7E7C6C61->s2: matchIndex: updateToMax old=2, new=-1, updated? false
2022-08-02 21:05:55,938 [grpc-default-executor-3] DEBUG leader.FollowerInfo (FollowerInfoImpl.java:lambda$new$1(49)) - s0@group-DBBE7E7C6C61->s1: commitIndex: updateToMax old=1, new=1, updated? false
2022-08-02 21:05:55,938 [grpc-default-executor-3] DEBUG leader.FollowerInfo (FollowerInfoImpl.java:lambda$new$1(49)) - s0@group-DBBE7E7C6C61->s1: matchIndex: updateToMax old=2, new=-1, updated? false
2022-08-02 21:05:55,938 [grpc-default-executor-2] DEBUG leader.FollowerInfo (FollowerInfoImpl.java:lambda$new$1(49)) - s0@group-DBBE7E7C6C61->s2: commitIndex: updateToMax old=1, new=1, updated? false
2022-08-02 21:05:55,939 [grpc-default-executor-2] DEBUG leader.FollowerInfo (FollowerInfoImpl.java:lambda$new$1(49)) - s0@group-DBBE7E7C6C61->s2: matchIndex: updateToMax old=2, new=-1, updated? false
2022-08-02 21:05:55,939 [grpc-default-executor-3] DEBUG leader.FollowerInfo (FollowerInfoImpl.java:lambda$new$1(49)) - s0@group-DBBE7E7C6C61->s1: commitIndex: updateToMax old=1, new=1, updated? false
2022-08-02 21:05:55,939 [grpc-default-executor-3] DEBUG leader.FollowerInfo (FollowerInfoImpl.java:lambda$new$1(49)) - s0@group-DBBE7E7C6C61->s1: matchIndex: updateToMax old=2, new=-1, updated? false
2022-08-02 21:05:55,940 [grpc-default-executor-2] DEBUG leader.FollowerInfo (FollowerInfoImpl.java:lambda$new$1(49)) - s0@group-DBBE7E7C6C61->s2: commitIndex: updateToMax old=1, new=1, updated? false
2022-08-02 21:05:55,940 [grpc-default-executor-2] DEBUG leader.FollowerInfo (FollowerInfoImpl.java:lambda$new$1(49)) - s0@group-DBBE7E7C6C61->s2: matchIndex: updateToMax old=2, new=-1, updated? false
2022-08-02 21:05:55,941 [grpc-default-executor-3] DEBUG leader.FollowerInfo (FollowerInfoImpl.java:lambda$new$1(49)) - s0@group-DBBE7E7C6C61->s1: commitIndex: updateToMax old=1, new=1, updated? false
2022-08-02 21:05:55,941 [grpc-default-executor-3] DEBUG leader.FollowerInfo (FollowerInfoImpl.java:lambda$new$1(49)) - s0@group-DBBE7E7C6C61->s1: matchIndex: updateToMax old=2, new=-1, updated? false
2022-08-02 21:05:55,941 [grpc-default-executor-2] DEBUG leader.FollowerInfo (FollowerInfoImpl.java:lambda$new$1(49)) - s0@group-DBBE7E7C6C61->s2: commitIndex: updateToMax old=1, new=1, updated? false
2022-08-02 21:05:55,941 [grpc-default-executor-2] DEBUG leader.FollowerInfo (FollowerInfoImpl.java:lambda$new$1(49)) - s0@group-DBBE7E7C6C61->s2: matchIndex: updateToMax old=2, new=-1, updated? false
2022-08-02 21:05:55,942 [grpc-default-executor-3] DEBUG leader.FollowerInfo (FollowerInfoImpl.java:lambda$new$1(49)) - s0@group-DBBE7E7C6C61->s1: commitIndex: updateToMax old=1, new=1, updated? false
2022-08-02 21:05:55,942 [grpc-default-executor-3] DEBUG leader.FollowerInfo (FollowerInfoImpl.java:lambda$new$1(49)) - s0@group-DBBE7E7C6C61->s1: matchIndex: updateToMax old=2, new=-1, updated? false
2022-08-02 21:05:55,942 [grpc-default-executor-2] DEBUG leader.FollowerInfo (FollowerInfoImpl.java:lambda$new$1(49)) - s0@group-DBBE7E7C6C61->s2: commitIndex: updateToMax old=1, new=1, updated? false
2022-08-02 21:05:55,943 [grpc-default-executor-2] DEBUG leader.FollowerInfo (FollowerInfoImpl.java:lambda$new$1(49)) - s0@group-DBBE7E7C6C61->s2: matchIndex: updateToMax old=2, new=-1, updated? false
2022-08-02 21:05:55,943 [grpc-default-executor-3] DEBUG leader.FollowerInfo (FollowerInfoImpl.java:lambda$new$1(49)) - s0@group-DBBE7E7C6C61->s1: commitIndex: updateToMax old=1, new=1, updated? false
2022-08-02 21:05:55,943 [grpc-default-executor-3] DEBUG leader.FollowerInfo (FollowerInfoImpl.java:lambda$new$1(49)) - s0@group-DBBE7E7C6C61->s1: matchIndex: updateToMax old=2, new=-1, updated? false
2022-08-02 21:05:55,944 [grpc-default-executor-2] DEBUG leader.FollowerInfo (FollowerInfoImpl.java:lambda$new$1(49)) - s0@group-DBBE7E7C6C61->s2: commitIndex: updateToMax old=1, new=1, updated? false
2022-08-02 21:05:55,944 [grpc-default-executor-2] DEBUG leader.FollowerInfo (FollowerInfoImpl.java:lambda$new$1(49)) - s0@group-DBBE7E7C6C61->s2: matchIndex: updateToMax old=2, new=-1, updated? false
2022-08-02 21:05:55,945 [grpc-default-executor-3] DEBUG leader.FollowerInfo (FollowerInfoImpl.java:lambda$new$1(49)) - s0@group-DBBE7E7C6C61->s1: commitIndex: updateToMax old=1, new=1, updated? false
2022-08-02 21:05:55,945 [grpc-default-executor-3] DEBUG leader.FollowerInfo (FollowerInfoImpl.java:lambda$new$1(49)) - s0@group-DBBE7E7C6C61->s1: matchIndex: updateToMax old=2, new=-1, updated? false
2022-08-02 21:05:55,945 [grpc-default-executor-2] DEBUG leader.FollowerInfo (FollowerInfoImpl.java:lambda$new$1(49)) - s0@group-DBBE7E7C6C61->s2: commitIndex: updateToMax old=1, new=1, updated? false
2022-08-02 21:05:55,945 [grpc-default-executor-2] DEBUG leader.FollowerInfo (FollowerInfoImpl.java:lambda$new$1(49)) - s0@group-DBBE7E7C6C61->s2: matchIndex: updateToMax old=2, new=-1, updated? false
2022-08-02 21:05:55,946 [grpc-default-executor-3] DEBUG leader.FollowerInfo (FollowerInfoImpl.java:lambda$new$1(49)) - s0@group-DBBE7E7C6C61->s1: commitIndex: updateToMax old=1, new=1, updated? false
2022-08-02 21:05:55,946 [grpc-default-executor-3] DEBUG leader.FollowerInfo (FollowerInfoImpl.java:lambda$new$1(49)) - s0@group-DBBE7E7C6C61->s1: matchIndex: updateToMax old=2, new=-1, updated? false
2022-08-02 21:05:55,946 [grpc-default-executor-2] DEBUG leader.FollowerInfo (FollowerInfoImpl.java:lambda$new$1(49)) - s0@group-DBBE7E7C6C61->s2: commitIndex: updateToMax old=1, new=1, updated? false
2022-08-02 21:05:55,947 [grpc-default-executor-2] DEBUG leader.FollowerInfo (FollowerInfoImpl.java:lambda$new$1(49)) - s0@group-DBBE7E7C6C61->s2: matchIndex: updateToMax old=2, new=-1, updated? false
2022-08-02 21:05:55,947 [grpc-default-executor-3] DEBUG leader.FollowerInfo (FollowerInfoImpl.java:lambda$new$1(49)) - s0@group-DBBE7E7C6C61->s1: commitIndex: updateToMax old=1, new=1, updated? false
2022-08-02 21:05:55,947 [grpc-default-executor-3] DEBUG leader.FollowerInfo (FollowerInfoImpl.java:lambda$new$1(49)) - s0@group-DBBE7E7C6C61->s1: matchIndex: updateToMax old=2, new=-1, updated? false
2022-08-02 21:05:55,948 [grpc-default-executor-2] DEBUG leader.FollowerInfo (FollowerInfoImpl.java:lambda$new$1(49)) - s0@group-DBBE7E7C6C61->s2: commitIndex: updateToMax old=1, new=1, updated? false
2022-08-02 21:05:55,948 [grpc-default-executor-2] DEBUG leader.FollowerInfo (FollowerInfoImpl.java:lambda$new$1(49)) - s0@group-DBBE7E7C6C61->s2: matchIndex: updateToMax old=2, new=-1, updated? false
2022-08-02 21:05:55,949 [grpc-default-executor-3] DEBUG leader.FollowerInfo (FollowerInfoImpl.java:lambda$new$1(49)) - s0@group-DBBE7E7C6C61->s1: commitIndex: updateToMax old=1, new=1, updated? false
2022-08-02 21:05:55,949 [grpc-default-executor-3] DEBUG leader.FollowerInfo (FollowerInfoImpl.java:lambda$new$1(49)) - s0@group-DBBE7E7C6C61->s1: matchIndex: updateToMax old=2, new=-1, updated? false
2022-08-02 21:05:55,949 [grpc-default-executor-2] DEBUG leader.FollowerInfo (FollowerInfoImpl.java:lambda$new$1(49)) - s0@group-DBBE7E7C6C61->s2: commitIndex: updateToMax old=1, new=1, updated? false
2022-08-02 21:05:55,949 [grpc-default-executor-2] DEBUG leader.FollowerInfo (FollowerInfoImpl.java:lambda$new$1(49)) - s0@group-DBBE7E7C6C61->s2: matchIndex: updateToMax old=2, new=-1, updated? false
2022-08-02 21:05:55,950 [grpc-default-executor-3] DEBUG leader.FollowerInfo (FollowerInfoImpl.java:lambda$new$1(49)) - s0@group-DBBE7E7C6C61->s1: commitIndex: updateToMax old=1, new=1, updated? false
2022-08-02 21:05:55,950 [grpc-default-executor-3] DEBUG leader.FollowerInfo (FollowerInfoImpl.java:lambda$new$1(49)) - s0@group-DBBE7E7C6C61->s1: matchIndex: updateToMax old=2, new=-1, updated? false
2022-08-02 21:05:55,951 [grpc-default-executor-2] DEBUG leader.FollowerInfo (FollowerInfoImpl.java:lambda$new$1(49)) - s0@group-DBBE7E7C6C61->s2: commitIndex: updateToMax old=1, new=1, updated? false
2022-08-02 21:05:55,951 [grpc-default-executor-2] DEBUG leader.FollowerInfo (FollowerInfoImpl.java:lambda$new$1(49)) - s0@group-DBBE7E7C6C61->s2: matchIndex: updateToMax old=2, new=-1, updated? false
2022-08-02 21:05:55,951 [grpc-default-executor-3] DEBUG leader.FollowerInfo (FollowerInfoImpl.java:lambda$new$1(49)) - s0@group-DBBE7E7C6C61->s1: commitIndex: updateToMax old=1, new=1, updated? false
2022-08-02 21:05:55,951 [grpc-default-executor-3] DEBUG leader.FollowerInfo (FollowerInfoImpl.java:lambda$new$1(49)) - s0@group-DBBE7E7C6C61->s1: matchIndex: updateToMax old=2, new=-1, updated? false
2022-08-02 21:05:55,952 [grpc-default-executor-2] DEBUG leader.FollowerInfo (FollowerInfoImpl.java:lambda$new$1(49)) - s0@group-DBBE7E7C6C61->s2: commitIndex: updateToMax old=1, new=1, updated? false
2022-08-02 21:05:55,952 [grpc-default-executor-2] DEBUG leader.FollowerInfo (FollowerInfoImpl.java:lambda$new$1(49)) - s0@group-DBBE7E7C6C61->s2: matchIndex: updateToMax old=2, new=-1, updated? false
2022-08-02 21:05:55,953 [grpc-default-executor-3] DEBUG leader.FollowerInfo (FollowerInfoImpl.java:lambda$new$1(49)) - s0@group-DBBE7E7C6C61->s1: commitIndex: updateToMax old=1, new=1, updated? false
2022-08-02 21:05:55,953 [grpc-default-executor-3] DEBUG leader.FollowerInfo (FollowerInfoImpl.java:lambda$new$1(49)) - s0@group-DBBE7E7C6C61->s1: matchIndex: updateToMax old=2, new=-1, updated? false
2022-08-02 21:05:55,953 [grpc-default-executor-2] DEBUG leader.FollowerInfo (FollowerInfoImpl.java:lambda$new$1(49)) - s0@group-DBBE7E7C6C61->s2: commitIndex: updateToMax old=1, new=1, updated? false
2022-08-02 21:05:55,953 [grpc-default-executor-2] DEBUG leader.FollowerInfo (FollowerInfoImpl.java:lambda$new$1(49)) - s0@group-DBBE7E7C6C61->s2: matchIndex: updateToMax old=2, new=-1, updated? false
2022-08-02 21:05:55,954 [grpc-default-executor-3] DEBUG leader.FollowerInfo (FollowerInfoImpl.java:lambda$new$1(49)) - s0@group-DBBE7E7C6C61->s1: commitIndex: updateToMax old=1, new=1, updated? false
2022-08-02 21:05:55,954 [grpc-default-executor-3] DEBUG leader.FollowerInfo (FollowerInfoImpl.java:lambda$new$1(49)) - s0@group-DBBE7E7C6C61->s1: matchIndex: updateToMax old=2, new=-1, updated? false
2022-08-02 21:05:55,955 [grpc-default-executor-2] DEBUG leader.FollowerInfo (FollowerInfoImpl.java:lambda$new$1(49)) - s0@group-DBBE7E7C6C61->s2: commitIndex: updateToMax old=1, new=1, updated? false
2022-08-02 21:05:55,955 [grpc-default-executor-2] DEBUG leader.FollowerInfo (FollowerInfoImpl.java:lambda$new$1(49)) - s0@group-DBBE7E7C6C61->s2: matchIndex: updateToMax old=2, new=-1, updated? false
2022-08-02 21:05:55,955 [grpc-default-executor-3] DEBUG leader.FollowerInfo (FollowerInfoImpl.java:lambda$new$1(49)) - s0@group-DBBE7E7C6C61->s1: commitIndex: updateToMax old=1, new=1, updated? false
2022-08-02 21:05:55,955 [grpc-default-executor-3] DEBUG leader.FollowerInfo (FollowerInfoImpl.java:lambda$new$1(49)) - s0@group-DBBE7E7C6C61->s1: matchIndex: updateToMax old=2, new=-1, updated? false
2022-08-02 21:05:55,956 [grpc-default-executor-2] DEBUG leader.FollowerInfo (FollowerInfoImpl.java:lambda$new$1(49)) - s0@group-DBBE7E7C6C61->s2: commitIndex: updateToMax old=1, new=1, updated? false
2022-08-02 21:05:55,956 [grpc-default-executor-2] DEBUG leader.FollowerInfo (FollowerInfoImpl.java:lambda$new$1(49)) - s0@group-DBBE7E7C6C61->s2: matchIndex: updateToMax old=2, new=-1, updated? false
2022-08-02 21:05:55,957 [grpc-default-executor-3] DEBUG leader.FollowerInfo (FollowerInfoImpl.java:lambda$new$1(49)) - s0@group-DBBE7E7C6C61->s1: commitIndex: updateToMax old=1, new=1, updated? false
2022-08-02 21:05:55,957 [grpc-default-executor-3] DEBUG leader.FollowerInfo (FollowerInfoImpl.java:lambda$new$1(49)) - s0@group-DBBE7E7C6C61->s1: matchIndex: updateToMax old=2, new=-1, updated? false
2022-08-02 21:05:55,957 [grpc-default-executor-2] DEBUG leader.FollowerInfo (FollowerInfoImpl.java:lambda$new$1(49)) - s0@group-DBBE7E7C6C61->s2: commitIndex: updateToMax old=1, new=1, updated? false
2022-08-02 21:05:55,957 [grpc-default-executor-2] DEBUG leader.FollowerInfo (FollowerInfoImpl.java:lambda$new$1(49)) - s0@group-DBBE7E7C6C61->s2: matchIndex: updateToMax old=2, new=-1, updated? false
2022-08-02 21:05:55,958 [grpc-default-executor-3] DEBUG leader.FollowerInfo (FollowerInfoImpl.java:lambda$new$1(49)) - s0@group-DBBE7E7C6C61->s1: commitIndex: updateToMax old=1, new=1, updated? false
2022-08-02 21:05:55,958 [grpc-default-executor-3] DEBUG leader.FollowerInfo (FollowerInfoImpl.java:lambda$new$1(49)) - s0@group-DBBE7E7C6C61->s1: matchIndex: updateToMax old=2, new=-1, updated? false
2022-08-02 21:05:55,959 [grpc-default-executor-2] DEBUG leader.FollowerInfo (FollowerInfoImpl.java:lambda$new$1(49)) - s0@group-DBBE7E7C6C61->s2: commitIndex: updateToMax old=1, new=1, updated? false
2022-08-02 21:05:55,959 [grpc-default-executor-2] DEBUG leader.FollowerInfo (FollowerInfoImpl.java:lambda$new$1(49)) - s0@group-DBBE7E7C6C61->s2: matchIndex: updateToMax old=2, new=-1, updated? false
2022-08-02 21:05:55,959 [grpc-default-executor-3] DEBUG leader.FollowerInfo (FollowerInfoImpl.java:lambda$new$1(49)) - s0@group-DBBE7E7C6C61->s1: commitIndex: updateToMax old=1, new=1, updated? false
2022-08-02 21:05:55,959 [grpc-default-executor-3] DEBUG leader.FollowerInfo (FollowerInfoImpl.java:lambda$new$1(49)) - s0@group-DBBE7E7C6C61->s1: matchIndex: updateToMax old=2, new=-1, updated? false
2022-08-02 21:05:55,960 [grpc-default-executor-2] DEBUG leader.FollowerInfo (FollowerInfoImpl.java:lambda$new$1(49)) - s0@group-DBBE7E7C6C61->s2: commitIndex: updateToMax old=1, new=1, updated? false
2022-08-02 21:05:55,960 [grpc-default-executor-2] DEBUG leader.FollowerInfo (FollowerInfoImpl.java:lambda$new$1(49)) - s0@group-DBBE7E7C6C61->s2: matchIndex: updateToMax old=2, new=-1, updated? false
2022-08-02 21:05:55,961 [grpc-default-executor-3] DEBUG leader.FollowerInfo (FollowerInfoImpl.java:lambda$new$1(49)) - s0@group-DBBE7E7C6C61->s1: commitIndex: updateToMax old=1, new=1, updated? false
2022-08-02 21:05:55,961 [grpc-default-executor-3] DEBUG leader.FollowerInfo (FollowerInfoImpl.java:lambda$new$1(49)) - s0@group-DBBE7E7C6C61->s1: matchIndex: updateToMax old=2, new=-1, updated? false
2022-08-02 21:05:55,961 [grpc-default-executor-2] DEBUG leader.FollowerInfo (FollowerInfoImpl.java:lambda$new$1(49)) - s0@group-DBBE7E7C6C61->s2: commitIndex: updateToMax old=1, new=1, updated? false
2022-08-02 21:05:55,961 [grpc-default-executor-2] DEBUG leader.FollowerInfo (FollowerInfoImpl.java:lambda$new$1(49)) - s0@group-DBBE7E7C6C61->s2: matchIndex: updateToMax old=2, new=-1, updated? false
2022-08-02 21:05:55,962 [grpc-default-executor-3] DEBUG leader.FollowerInfo (FollowerInfoImpl.java:lambda$new$1(49)) - s0@group-DBBE7E7C6C61->s1: commitIndex: updateToMax old=1, new=1, updated? false
2022-08-02 21:05:55,962 [grpc-default-executor-3] DEBUG leader.FollowerInfo (FollowerInfoImpl.java:lambda$new$1(49)) - s0@group-DBBE7E7C6C61->s1: matchIndex: updateToMax old=2, new=-1, updated? false
2022-08-02 21:05:55,963 [grpc-default-executor-2] DEBUG leader.FollowerInfo (FollowerInfoImpl.java:lambda$new$1(49)) - s0@group-DBBE7E7C6C61->s2: commitIndex: updateToMax old=1, new=1, updated? false
2022-08-02 21:05:55,963 [grpc-default-executor-2] DEBUG leader.FollowerInfo (FollowerInfoImpl.java:lambda$new$1(49)) - s0@group-DBBE7E7C6C61->s2: matchIndex: updateToMax old=2, new=-1, updated? false
2022-08-02 21:05:55,963 [grpc-default-executor-3] DEBUG leader.FollowerInfo (FollowerInfoImpl.java:lambda$new$1(49)) - s0@group-DBBE7E7C6C61->s1: commitIndex: updateToMax old=1, new=1, updated? false
2022-08-02 21:05:55,963 [grpc-default-executor-3] DEBUG leader.FollowerInfo (FollowerInfoImpl.java:lambda$new$1(49)) - s0@group-DBBE7E7C6C61->s1: matchIndex: updateToMax old=2, new=-1, updated? false
2022-08-02 21:05:55,964 [grpc-default-executor-2] DEBUG leader.FollowerInfo (FollowerInfoImpl.java:lambda$new$1(49)) - s0@group-DBBE7E7C6C61->s2: commitIndex: updateToMax old=1, new=1, updated? false
2022-08-02 21:05:55,964 [grpc-default-executor-2] DEBUG leader.FollowerInfo (FollowerInfoImpl.java:lambda$new$1(49)) - s0@group-DBBE7E7C6C61->s2: matchIndex: updateToMax old=2, new=-1, updated? false
2022-08-02 21:05:55,965 [grpc-default-executor-3] DEBUG leader.FollowerInfo (FollowerInfoImpl.java:lambda$new$1(49)) - s0@group-DBBE7E7C6C61->s1: commitIndex: updateToMax old=1, new=1, updated? false
2022-08-02 21:05:55,965 [grpc-default-executor-3] DEBUG leader.FollowerInfo (FollowerInfoImpl.java:lambda$new$1(49)) - s0@group-DBBE7E7C6C61->s1: matchIndex: updateToMax old=2, new=-1, updated? false
2022-08-02 21:05:55,966 [grpc-default-executor-2] DEBUG leader.FollowerInfo (FollowerInfoImpl.java:lambda$new$1(49)) - s0@group-DBBE7E7C6C61->s2: commitIndex: updateToMax old=1, new=1, updated? false
2022-08-02 21:05:55,966 [grpc-default-executor-2] DEBUG leader.FollowerInfo (FollowerInfoImpl.java:lambda$new$1(49)) - s0@group-DBBE7E7C6C61->s2: matchIndex: updateToMax old=2, new=-1, updated? false
2022-08-02 21:05:55,966 [grpc-default-executor-3] DEBUG leader.FollowerInfo (FollowerInfoImpl.java:lambda$new$1(49)) - s0@group-DBBE7E7C6C61->s1: commitIndex: updateToMax old=1, new=1, updated? false
2022-08-02 21:05:55,966 [grpc-default-executor-3] DEBUG leader.FollowerInfo (FollowerInfoImpl.java:lambda$new$1(49)) - s0@group-DBBE7E7C6C61->s1: matchIndex: updateToMax old=2, new=-1, updated? false
2022-08-02 21:05:55,967 [grpc-default-executor-2] DEBUG leader.FollowerInfo (FollowerInfoImpl.java:lambda$new$1(49)) - s0@group-DBBE7E7C6C61->s2: commitIndex: updateToMax old=1, new=1, updated? false
2022-08-02 21:05:55,967 [grpc-default-executor-2] DEBUG leader.FollowerInfo (FollowerInfoImpl.java:lambda$new$1(49)) - s0@group-DBBE7E7C6C61->s2: matchIndex: updateToMax old=2, new=-1, updated? false
2022-08-02 21:05:55,968 [grpc-default-executor-3] DEBUG leader.FollowerInfo (FollowerInfoImpl.java:lambda$new$1(49)) - s0@group-DBBE7E7C6C61->s1: commitIndex: updateToMax old=1, new=1, updated? false
2022-08-02 21:05:55,968 [grpc-default-executor-3] DEBUG leader.FollowerInfo (FollowerInfoImpl.java:lambda$new$1(49)) - s0@group-DBBE7E7C6C61->s1: matchIndex: updateToMax old=2, new=-1, updated? false
2022-08-02 21:05:55,968 [grpc-default-executor-2] DEBUG leader.FollowerInfo (FollowerInfoImpl.java:lambda$new$1(49)) - s0@group-DBBE7E7C6C61->s2: commitIndex: updateToMax old=1, new=1, updated? false
2022-08-02 21:05:55,968 [grpc-default-executor-2] DEBUG leader.FollowerInfo (FollowerInfoImpl.java:lambda$new$1(49)) - s0@group-DBBE7E7C6C61->s2: matchIndex: updateToMax old=2, new=-1, updated? false
2022-08-02 21:05:55,969 [grpc-default-executor-3] DEBUG leader.FollowerInfo (FollowerInfoImpl.java:lambda$new$1(49)) - s0@group-DBBE7E7C6C61->s1: commitIndex: updateToMax old=1, new=1, updated? false
2022-08-02 21:05:55,969 [grpc-default-executor-3] DEBUG leader.FollowerInfo (FollowerInfoImpl.java:lambda$new$1(49)) - s0@group-DBBE7E7C6C61->s1: matchIndex: updateToMax old=2, new=-1, updated? false
2022-08-02 21:05:55,970 [grpc-default-executor-2] DEBUG leader.FollowerInfo (FollowerInfoImpl.java:lambda$new$1(49)) - s0@group-DBBE7E7C6C61->s2: commitIndex: updateToMax old=1, new=1, updated? false
2022-08-02 21:05:55,970 [grpc-default-executor-2] DEBUG leader.FollowerInfo (FollowerInfoImpl.java:lambda$new$1(49)) - s0@group-DBBE7E7C6C61->s2: matchIndex: updateToMax old=2, new=-1, updated? false
2022-08-02 21:05:55,970 [grpc-default-executor-3] DEBUG leader.FollowerInfo (FollowerInfoImpl.java:lambda$new$1(49)) - s0@group-DBBE7E7C6C61->s1: commitIndex: updateToMax old=1, new=1, updated? false
2022-08-02 21:05:55,970 [grpc-default-executor-3] DEBUG leader.FollowerInfo (FollowerInfoImpl.java:lambda$new$1(49)) - s0@group-DBBE7E7C6C61->s1: matchIndex: updateToMax old=2, new=-1, updated? false
2022-08-02 21:05:55,971 [grpc-default-executor-2] DEBUG leader.FollowerInfo (FollowerInfoImpl.java:lambda$new$1(49)) - s0@group-DBBE7E7C6C61->s2: commitIndex: updateToMax old=1, new=1, updated? false
2022-08-02 21:05:55,971 [grpc-default-executor-2] DEBUG leader.FollowerInfo (FollowerInfoImpl.java:lambda$new$1(49)) - s0@group-DBBE7E7C6C61->s2: matchIndex: updateToMax old=2, new=-1, updated? false
2022-08-02 21:05:55,972 [grpc-default-executor-3] DEBUG leader.FollowerInfo (FollowerInfoImpl.java:lambda$new$1(49)) - s0@group-DBBE7E7C6C61->s1: commitIndex: updateToMax old=1, new=1, updated? false
2022-08-02 21:05:55,972 [grpc-default-executor-3] DEBUG leader.FollowerInfo (FollowerInfoImpl.java:lambda$new$1(49)) - s0@group-DBBE7E7C6C61->s1: matchIndex: updateToMax old=2, new=-1, updated? false
2022-08-02 21:05:55,972 [grpc-default-executor-2] DEBUG leader.FollowerInfo (FollowerInfoImpl.java:lambda$new$1(49)) - s0@group-DBBE7E7C6C61->s2: commitIndex: updateToMax old=1, new=1, updated? false
2022-08-02 21:05:55,972 [grpc-default-executor-2] DEBUG leader.FollowerInfo (FollowerInfoImpl.java:lambda$new$1(49)) - s0@group-DBBE7E7C6C61->s2: matchIndex: updateToMax old=2, new=-1, updated? false
2022-08-02 21:05:55,973 [grpc-default-executor-3] DEBUG leader.FollowerInfo (FollowerInfoImpl.java:lambda$new$1(49)) - s0@group-DBBE7E7C6C61->s1: commitIndex: updateToMax old=1, new=1, updated? false
2022-08-02 21:05:55,973 [grpc-default-executor-3] DEBUG leader.FollowerInfo (FollowerInfoImpl.java:lambda$new$1(49)) - s0@group-DBBE7E7C6C61->s1: matchIndex: updateToMax old=2, new=-1, updated? false
2022-08-02 21:05:55,973 [grpc-default-executor-2] DEBUG leader.FollowerInfo (FollowerInfoImpl.java:lambda$new$1(49)) - s0@group-DBBE7E7C6C61->s2: commitIndex: updateToMax old=1, new=1, updated? false
2022-08-02 21:05:55,974 [grpc-default-executor-2] DEBUG leader.FollowerInfo (FollowerInfoImpl.java:lambda$new$1(49)) - s0@group-DBBE7E7C6C61->s2: matchIndex: updateToMax old=2, new=-1, updated? false
2022-08-02 21:05:55,974 [grpc-default-executor-3] DEBUG leader.FollowerInfo (FollowerInfoImpl.java:lambda$new$1(49)) - s0@group-DBBE7E7C6C61->s1: commitIndex: updateToMax old=1, new=1, updated? false
2022-08-02 21:05:55,974 [grpc-default-executor-3] DEBUG leader.FollowerInfo (FollowerInfoImpl.java:lambda$new$1(49)) - s0@group-DBBE7E7C6C61->s1: matchIndex: updateToMax old=2, new=-1, updated? false
2022-08-02 21:05:55,975 [grpc-default-executor-2] DEBUG leader.FollowerInfo (FollowerInfoImpl.java:lambda$new$1(49)) - s0@group-DBBE7E7C6C61->s2: commitIndex: updateToMax old=1, new=1, updated? false
2022-08-02 21:05:55,975 [grpc-default-executor-2] DEBUG leader.FollowerInfo (FollowerInfoImpl.java:lambda$new$1(49)) - s0@group-DBBE7E7C6C61->s2: matchIndex: updateToMax old=2, new=-1, updated? false
2022-08-02 21:05:55,976 [grpc-default-executor-3] DEBUG leader.FollowerInfo (FollowerInfoImpl.java:lambda$new$1(49)) - s0@group-DBBE7E7C6C61->s1: commitIndex: updateToMax old=1, new=1, updated? false
2022-08-02 21:05:55,976 [grpc-default-executor-3] DEBUG leader.FollowerInfo (FollowerInfoImpl.java:lambda$new$1(49)) - s0@group-DBBE7E7C6C61->s1: matchIndex: updateToMax old=2, new=-1, updated? false
2022-08-02 21:05:55,976 [grpc-default-executor-2] DEBUG leader.FollowerInfo (FollowerInfoImpl.java:lambda$new$1(49)) - s0@group-DBBE7E7C6C61->s2: commitIndex: updateToMax old=1, new=1, updated? false
2022-08-02 21:05:55,976 [grpc-default-executor-2] DEBUG leader.FollowerInfo (FollowerInfoImpl.java:lambda$new$1(49)) - s0@group-DBBE7E7C6C61->s2: matchIndex: updateToMax old=2, new=-1, updated? false
2022-08-02 21:05:55,977 [grpc-default-executor-3] DEBUG leader.FollowerInfo (FollowerInfoImpl.java:lambda$new$1(49)) - s0@group-DBBE7E7C6C61->s1: commitIndex: updateToMax old=1, new=1, updated? false
2022-08-02 21:05:55,977 [grpc-default-executor-3] DEBUG leader.FollowerInfo (FollowerInfoImpl.java:lambda$new$1(49)) - s0@group-DBBE7E7C6C61->s1: matchIndex: updateToMax old=2, new=-1, updated? false
2022-08-02 21:05:55,977 [grpc-default-executor-2] DEBUG leader.FollowerInfo (FollowerInfoImpl.java:lambda$new$1(49)) - s0@group-DBBE7E7C6C61->s2: commitIndex: updateToMax old=1, new=1, updated? false
2022-08-02 21:05:55,978 [grpc-default-executor-2] DEBUG leader.FollowerInfo (FollowerInfoImpl.java:lambda$new$1(49)) - s0@group-DBBE7E7C6C61->s2: matchIndex: updateToMax old=2, new=-1, updated? false
2022-08-02 21:05:55,978 [grpc-default-executor-3] DEBUG leader.FollowerInfo (FollowerInfoImpl.java:lambda$new$1(49)) - s0@group-DBBE7E7C6C61->s1: commitIndex: updateToMax old=1, new=1, updated? false
2022-08-02 21:05:55,978 [grpc-default-executor-3] DEBUG leader.FollowerInfo (FollowerInfoImpl.java:lambda$new$1(49)) - s0@group-DBBE7E7C6C61->s1: matchIndex: updateToMax old=2, new=-1, updated? false
2022-08-02 21:05:55,979 [grpc-default-executor-2] DEBUG leader.FollowerInfo (FollowerInfoImpl.java:lambda$new$1(49)) - s0@group-DBBE7E7C6C61->s2: commitIndex: updateToMax old=1, new=1, updated? false
2022-08-02 21:05:55,979 [grpc-default-executor-2] DEBUG leader.FollowerInfo (FollowerInfoImpl.java:lambda$new$1(49)) - s0@group-DBBE7E7C6C61->s2: matchIndex: updateToMax old=2, new=-1, updated? false
2022-08-02 21:05:55,979 [grpc-default-executor-3] DEBUG leader.FollowerInfo (FollowerInfoImpl.java:lambda$new$1(49)) - s0@group-DBBE7E7C6C61->s1: commitIndex: updateToMax old=1, new=1, updated? false
2022-08-02 21:05:55,979 [grpc-default-executor-3] DEBUG leader.FollowerInfo (FollowerInfoImpl.java:lambda$new$1(49)) - s0@group-DBBE7E7C6C61->s1: matchIndex: updateToMax old=2, new=-1, updated? false
2022-08-02 21:05:55,980 [grpc-default-executor-2] DEBUG leader.FollowerInfo (FollowerInfoImpl.java:lambda$new$1(49)) - s0@group-DBBE7E7C6C61->s2: commitIndex: updateToMax old=1, new=1, updated? false
2022-08-02 21:05:55,980 [grpc-default-executor-2] DEBUG leader.FollowerInfo (FollowerInfoImpl.java:lambda$new$1(49)) - s0@group-DBBE7E7C6C61->s2: matchIndex: updateToMax old=2, new=-1, updated? false
2022-08-02 21:05:55,981 [grpc-default-executor-3] DEBUG leader.FollowerInfo (FollowerInfoImpl.java:lambda$new$1(49)) - s0@group-DBBE7E7C6C61->s1: commitIndex: updateToMax old=1, new=1, updated? false
2022-08-02 21:05:55,981 [grpc-default-executor-3] DEBUG leader.FollowerInfo (FollowerInfoImpl.java:lambda$new$1(49)) - s0@group-DBBE7E7C6C61->s1: matchIndex: updateToMax old=2, new=-1, updated? false
2022-08-02 21:05:55,981 [grpc-default-executor-2] DEBUG leader.FollowerInfo (FollowerInfoImpl.java:lambda$new$1(49)) - s0@group-DBBE7E7C6C61->s2: commitIndex: updateToMax old=1, new=1, updated? false
2022-08-02 21:05:55,981 [grpc-default-executor-2] DEBUG leader.FollowerInfo (FollowerInfoImpl.java:lambda$new$1(49)) - s0@group-DBBE7E7C6C61->s2: matchIndex: updateToMax old=2, new=-1, updated? false
2022-08-02 21:05:55,982 [grpc-default-executor-3] DEBUG leader.FollowerInfo (FollowerInfoImpl.java:lambda$new$1(49)) - s0@group-DBBE7E7C6C61->s1: commitIndex: updateToMax old=1, new=1, updated? false
2022-08-02 21:05:55,982 [grpc-default-executor-3] DEBUG leader.FollowerInfo (FollowerInfoImpl.java:lambda$new$1(49)) - s0@group-DBBE7E7C6C61->s1: matchIndex: updateToMax old=2, new=-1, updated? false
2022-08-02 21:05:55,983 [grpc-default-executor-2] DEBUG leader.FollowerInfo (FollowerInfoImpl.java:lambda$new$1(49)) - s0@group-DBBE7E7C6C61->s2: commitIndex: updateToMax old=1, new=1, updated? false
2022-08-02 21:05:55,983 [grpc-default-executor-2] DEBUG leader.FollowerInfo (FollowerInfoImpl.java:lambda$new$1(49)) - s0@group-DBBE7E7C6C61->s2: matchIndex: updateToMax old=2, new=-1, updated? false
2022-08-02 21:05:55,983 [grpc-default-executor-3] DEBUG leader.FollowerInfo (FollowerInfoImpl.java:lambda$new$1(49)) - s0@group-DBBE7E7C6C61->s1: commitIndex: updateToMax old=1, new=1, updated? false
2022-08-02 21:05:55,983 [grpc-default-executor-3] DEBUG leader.FollowerInfo (FollowerInfoImpl.java:lambda$new$1(49)) - s0@group-DBBE7E7C6C61->s1: matchIndex: updateToMax old=2, new=-1, updated? false
2022-08-02 21:05:55,984 [grpc-default-executor-2] DEBUG leader.FollowerInfo (FollowerInfoImpl.java:lambda$new$1(49)) - s0@group-DBBE7E7C6C61->s2: commitIndex: updateToMax old=1, new=1, updated? false
2022-08-02 21:05:55,984 [grpc-default-executor-2] DEBUG leader.FollowerInfo (FollowerInfoImpl.java:lambda$new$1(49)) - s0@group-DBBE7E7C6C61->s2: matchIndex: updateToMax old=2, new=-1, updated? false
2022-08-02 21:05:55,985 [grpc-default-executor-3] DEBUG leader.FollowerInfo (FollowerInfoImpl.java:lambda$new$1(49)) - s0@group-DBBE7E7C6C61->s1: commitIndex: updateToMax old=1, new=1, updated? false
2022-08-02 21:05:55,985 [grpc-default-executor-3] DEBUG leader.FollowerInfo (FollowerInfoImpl.java:lambda$new$1(49)) - s0@group-DBBE7E7C6C61->s1: matchIndex: updateToMax old=2, new=-1, updated? false
2022-08-02 21:05:55,985 [grpc-default-executor-2] DEBUG leader.FollowerInfo (FollowerInfoImpl.java:lambda$new$1(49)) - s0@group-DBBE7E7C6C61->s2: commitIndex: updateToMax old=1, new=1, updated? false
2022-08-02 21:05:55,985 [grpc-default-executor-2] DEBUG leader.FollowerInfo (FollowerInfoImpl.java:lambda$new$1(49)) - s0@group-DBBE7E7C6C61->s2: matchIndex: updateToMax old=2, new=-1, updated? false
2022-08-02 21:05:55,986 [grpc-default-executor-3] DEBUG leader.FollowerInfo (FollowerInfoImpl.java:lambda$new$1(49)) - s0@group-DBBE7E7C6C61->s1: commitIndex: updateToMax old=1, new=1, updated? false
2022-08-02 21:05:55,986 [grpc-default-executor-3] DEBUG leader.FollowerInfo (FollowerInfoImpl.java:lambda$new$1(49)) - s0@group-DBBE7E7C6C61->s1: matchIndex: updateToMax old=2, new=-1, updated? false
2022-08-02 21:05:55,987 [grpc-default-executor-2] DEBUG leader.FollowerInfo (FollowerInfoImpl.java:lambda$new$1(49)) - s0@group-DBBE7E7C6C61->s2: commitIndex: updateToMax old=1, new=1, updated? false
2022-08-02 21:05:55,987 [grpc-default-executor-2] DEBUG leader.FollowerInfo (FollowerInfoImpl.java:lambda$new$1(49)) - s0@group-DBBE7E7C6C61->s2: matchIndex: updateToMax old=2, new=-1, updated? false
2022-08-02 21:05:55,987 [grpc-default-executor-3] DEBUG leader.FollowerInfo (FollowerInfoImpl.java:lambda$new$1(49)) - s0@group-DBBE7E7C6C61->s1: commitIndex: updateToMax old=1, new=1, updated? false
2022-08-02 21:05:55,987 [grpc-default-executor-3] DEBUG leader.FollowerInfo (FollowerInfoImpl.java:lambda$new$1(49)) - s0@group-DBBE7E7C6C61->s1: matchIndex: updateToMax old=2, new=-1, updated? false
2022-08-02 21:05:55,988 [grpc-default-executor-2] DEBUG leader.FollowerInfo (FollowerInfoImpl.java:lambda$new$1(49)) - s0@group-DBBE7E7C6C61->s2: commitIndex: updateToMax old=1, new=1, updated? false
2022-08-02 21:05:55,988 [grpc-default-executor-2] DEBUG leader.FollowerInfo (FollowerInfoImpl.java:lambda$new$1(49)) - s0@group-DBBE7E7C6C61->s2: matchIndex: updateToMax old=2, new=-1, updated? false
2022-08-02 21:05:55,989 [grpc-default-executor-3] DEBUG leader.FollowerInfo (FollowerInfoImpl.java:lambda$new$1(49)) - s0@group-DBBE7E7C6C61->s1: commitIndex: updateToMax old=1, new=1, updated? false
2022-08-02 21:05:55,989 [grpc-default-executor-3] DEBUG leader.FollowerInfo (FollowerInfoImpl.java:lambda$new$1(49)) - s0@group-DBBE7E7C6C61->s1: matchIndex: updateToMax old=2, new=-1, updated? false
2022-08-02 21:05:55,989 [grpc-default-executor-2] DEBUG leader.FollowerInfo (FollowerInfoImpl.java:lambda$new$1(49)) - s0@group-DBBE7E7C6C61->s2: commitIndex: updateToMax old=1, new=1, updated? false
2022-08-02 21:05:55,989 [grpc-default-executor-2] DEBUG leader.FollowerInfo (FollowerInfoImpl.java:lambda$new$1(49)) - s0@group-DBBE7E7C6C61->s2: matchIndex: updateToMax old=2, new=-1, updated? false
2022-08-02 21:05:55,990 [grpc-default-executor-3] DEBUG leader.FollowerInfo (FollowerInfoImpl.java:lambda$new$1(49)) - s0@group-DBBE7E7C6C61->s1: commitIndex: updateToMax old=1, new=1, updated? false
2022-08-02 21:05:55,990 [grpc-default-executor-3] DEBUG leader.FollowerInfo (FollowerInfoImpl.java:lambda$new$1(49)) - s0@group-DBBE7E7C6C61->s1: matchIndex: updateToMax old=2, new=-1, updated? false
2022-08-02 21:05:55,991 [grpc-default-executor-2] DEBUG leader.FollowerInfo (FollowerInfoImpl.java:lambda$new$1(49)) - s0@group-DBBE7E7C6C61->s2: commitIndex: updateToMax old=1, new=1, updated? false
2022-08-02 21:05:55,991 [grpc-default-executor-2] DEBUG leader.FollowerInfo (FollowerInfoImpl.java:lambda$new$1(49)) - s0@group-DBBE7E7C6C61->s2: matchIndex: updateToMax old=2, new=-1, updated? false
2022-08-02 21:05:55,991 [grpc-default-executor-3] DEBUG leader.FollowerInfo (FollowerInfoImpl.java:lambda$new$1(49)) - s0@group-DBBE7E7C6C61->s1: commitIndex: updateToMax old=1, new=1, updated? false
2022-08-02 21:05:55,991 [grpc-default-executor-3] DEBUG leader.FollowerInfo (FollowerInfoImpl.java:lambda$new$1(49)) - s0@group-DBBE7E7C6C61->s1: matchIndex: updateToMax old=2, new=-1, updated? false
2022-08-02 21:05:55,992 [grpc-default-executor-2] DEBUG leader.FollowerInfo (FollowerInfoImpl.java:lambda$new$1(49)) - s0@group-DBBE7E7C6C61->s2: commitIndex: updateToMax old=1, new=1, updated? false
2022-08-02 21:05:55,992 [grpc-default-executor-2] DEBUG leader.FollowerInfo (FollowerInfoImpl.java:lambda$new$1(49)) - s0@group-DBBE7E7C6C61->s2: matchIndex: updateToMax old=2, new=-1, updated? false
2022-08-02 21:05:55,993 [grpc-default-executor-3] DEBUG leader.FollowerInfo (FollowerInfoImpl.java:lambda$new$1(49)) - s0@group-DBBE7E7C6C61->s1: commitIndex: updateToMax old=1, new=1, updated? false
2022-08-02 21:05:55,993 [grpc-default-executor-3] DEBUG leader.FollowerInfo (FollowerInfoImpl.java:lambda$new$1(49)) - s0@group-DBBE7E7C6C61->s1: matchIndex: updateToMax old=2, new=-1, updated? false
2022-08-02 21:05:55,993 [grpc-default-executor-2] DEBUG leader.FollowerInfo (FollowerInfoImpl.java:lambda$new$1(49)) - s0@group-DBBE7E7C6C61->s2: commitIndex: updateToMax old=1, new=1, updated? false
2022-08-02 21:05:55,993 [grpc-default-executor-2] DEBUG leader.FollowerInfo (FollowerInfoImpl.java:lambda$new$1(49)) - s0@group-DBBE7E7C6C61->s2: matchIndex: updateToMax old=2, new=-1, updated? false
2022-08-02 21:05:55,994 [grpc-default-executor-3] DEBUG leader.FollowerInfo (FollowerInfoImpl.java:lambda$new$1(49)) - s0@group-DBBE7E7C6C61->s1: commitIndex: updateToMax old=1, new=1, updated? false
2022-08-02 21:05:55,994 [grpc-default-executor-3] DEBUG leader.FollowerInfo (FollowerInfoImpl.java:lambda$new$1(49)) - s0@group-DBBE7E7C6C61->s1: matchIndex: updateToMax old=2, new=-1, updated? false
2022-08-02 21:05:55,995 [grpc-default-executor-2] DEBUG leader.FollowerInfo (FollowerInfoImpl.java:lambda$new$1(49)) - s0@group-DBBE7E7C6C61->s2: commitIndex: updateToMax old=1, new=1, updated? false
2022-08-02 21:05:55,995 [grpc-default-executor-2] DEBUG leader.FollowerInfo (FollowerInfoImpl.java:lambda$new$1(49)) - s0@group-DBBE7E7C6C61->s2: matchIndex: updateToMax old=2, new=-1, updated? false
2022-08-02 21:05:55,995 [grpc-default-executor-3] DEBUG leader.FollowerInfo (FollowerInfoImpl.java:lambda$new$1(49)) - s0@group-DBBE7E7C6C61->s1: commitIndex: updateToMax old=1, new=1, updated? false
2022-08-02 21:05:55,995 [grpc-default-executor-3] DEBUG leader.FollowerInfo (FollowerInfoImpl.java:lambda$new$1(49)) - s0@group-DBBE7E7C6C61->s1: matchIndex: updateToMax old=2, new=-1, updated? false
2022-08-02 21:05:55,996 [grpc-default-executor-2] DEBUG leader.FollowerInfo (FollowerInfoImpl.java:lambda$new$1(49)) - s0@group-DBBE7E7C6C61->s2: commitIndex: updateToMax old=1, new=1, updated? false
2022-08-02 21:05:55,996 [grpc-default-executor-2] DEBUG leader.FollowerInfo (FollowerInfoImpl.java:lambda$new$1(49)) - s0@group-DBBE7E7C6C61->s2: matchIndex: updateToMax old=2, new=-1, updated? false
2022-08-02 21:05:55,997 [grpc-default-executor-3] DEBUG leader.FollowerInfo (FollowerInfoImpl.java:lambda$new$1(49)) - s0@group-DBBE7E7C6C61->s1: commitIndex: updateToMax old=1, new=1, updated? false
2022-08-02 21:05:55,997 [grpc-default-executor-3] DEBUG leader.FollowerInfo (FollowerInfoImpl.java:lambda$new$1(49)) - s0@group-DBBE7E7C6C61->s1: matchIndex: updateToMax old=2, new=-1, updated? false
2022-08-02 21:05:55,997 [grpc-default-executor-2] DEBUG leader.FollowerInfo (FollowerInfoImpl.java:lambda$new$1(49)) - s0@group-DBBE7E7C6C61->s2: commitIndex: updateToMax old=1, new=1, updated? false
2022-08-02 21:05:55,997 [grpc-default-executor-2] DEBUG leader.FollowerInfo (FollowerInfoImpl.java:lambda$new$1(49)) - s0@group-DBBE7E7C6C61->s2: matchIndex: updateToMax old=2, new=-1, updated? false
2022-08-02 21:05:55,998 [grpc-default-executor-3] DEBUG leader.FollowerInfo (FollowerInfoImpl.java:lambda$new$1(49)) - s0@group-DBBE7E7C6C61->s1: commitIndex: updateToMax old=1, new=1, updated? false
2022-08-02 21:05:55,998 [grpc-default-executor-3] DEBUG leader.FollowerInfo (FollowerInfoImpl.java:lambda$new$1(49)) - s0@group-DBBE7E7C6C61->s1: matchIndex: updateToMax old=2, new=-1, updated? false
2022-08-02 21:05:55,999 [grpc-default-executor-2] DEBUG leader.FollowerInfo (FollowerInfoImpl.java:lambda$new$1(49)) - s0@group-DBBE7E7C6C61->s2: commitIndex: updateToMax old=1, new=1, updated? false
2022-08-02 21:05:55,999 [grpc-default-executor-2] DEBUG leader.FollowerInfo (FollowerInfoImpl.java:lambda$new$1(49)) - s0@group-DBBE7E7C6C61->s2: matchIndex: updateToMax old=2, new=-1, updated? false
2022-08-02 21:05:55,999 [grpc-default-executor-3] DEBUG leader.FollowerInfo (FollowerInfoImpl.java:lambda$new$1(49)) - s0@group-DBBE7E7C6C61->s1: commitIndex: updateToMax old=1, new=1, updated? false
2022-08-02 21:05:55,999 [grpc-default-executor-3] DEBUG leader.FollowerInfo (FollowerInfoImpl.java:lambda$new$1(49)) - s0@group-DBBE7E7C6C61->s1: matchIndex: updateToMax old=2, new=-1, updated? false
2022-08-02 21:05:56,000 [grpc-default-executor-2] DEBUG leader.FollowerInfo (FollowerInfoImpl.java:lambda$new$1(49)) - s0@group-DBBE7E7C6C61->s2: commitIndex: updateToMax old=1, new=1, updated? false
2022-08-02 21:05:56,000 [grpc-default-executor-2] DEBUG leader.FollowerInfo (FollowerInfoImpl.java:lambda$new$1(49)) - s0@group-DBBE7E7C6C61->s2: matchIndex: updateToMax old=2, new=-1, updated? false
2022-08-02 21:05:56,001 [grpc-default-executor-3] DEBUG leader.FollowerInfo (FollowerInfoImpl.java:lambda$new$1(49)) - s0@group-DBBE7E7C6C61->s1: commitIndex: updateToMax old=1, new=1, updated? false
2022-08-02 21:05:56,001 [grpc-default-executor-3] DEBUG leader.FollowerInfo (FollowerInfoImpl.java:lambda$new$1(49)) - s0@group-DBBE7E7C6C61->s1: matchIndex: updateToMax old=2, new=-1, updated? false
2022-08-02 21:05:56,002 [grpc-default-executor-2] DEBUG leader.FollowerInfo (FollowerInfoImpl.java:lambda$new$1(49)) - s0@group-DBBE7E7C6C61->s2: commitIndex: updateToMax old=1, new=1, updated? false
2022-08-02 21:05:56,002 [grpc-default-executor-2] DEBUG leader.FollowerInfo (FollowerInfoImpl.java:lambda$new$1(49)) - s0@group-DBBE7E7C6C61->s2: matchIndex: updateToMax old=2, new=-1, updated? false
2022-08-02 21:05:56,002 [grpc-default-executor-3] DEBUG leader.FollowerInfo (FollowerInfoImpl.java:lambda$new$1(49)) - s0@group-DBBE7E7C6C61->s1: commitIndex: updateToMax old=1, new=1, updated? false
2022-08-02 21:05:56,002 [grpc-default-executor-3] DEBUG leader.FollowerInfo (FollowerInfoImpl.java:lambda$new$1(49)) - s0@group-DBBE7E7C6C61->s1: matchIndex: updateToMax old=2, new=-1, updated? false
2022-08-02 21:05:56,003 [grpc-default-executor-2] DEBUG leader.FollowerInfo (FollowerInfoImpl.java:lambda$new$1(49)) - s0@group-DBBE7E7C6C61->s2: commitIndex: updateToMax old=1, new=1, updated? false
2022-08-02 21:05:56,003 [grpc-default-executor-2] DEBUG leader.FollowerInfo (FollowerInfoImpl.java:lambda$new$1(49)) - s0@group-DBBE7E7C6C61->s2: matchIndex: updateToMax old=2, new=-1, updated? false
2022-08-02 21:05:56,004 [grpc-default-executor-3] DEBUG leader.FollowerInfo (FollowerInfoImpl.java:lambda$new$1(49)) - s0@group-DBBE7E7C6C61->s1: commitIndex: updateToMax old=1, new=1, updated? false
2022-08-02 21:05:56,004 [grpc-default-executor-3] DEBUG leader.FollowerInfo (FollowerInfoImpl.java:lambda$new$1(49)) - s0@group-DBBE7E7C6C61->s1: matchIndex: updateToMax old=2, new=-1, updated? false
2022-08-02 21:05:56,004 [grpc-default-executor-2] DEBUG leader.FollowerInfo (FollowerInfoImpl.java:lambda$new$1(49)) - s0@group-DBBE7E7C6C61->s2: commitIndex: updateToMax old=1, new=1, updated? false
2022-08-02 21:05:56,004 [grpc-default-executor-2] DEBUG leader.FollowerInfo (FollowerInfoImpl.java:lambda$new$1(49)) - s0@group-DBBE7E7C6C61->s2: matchIndex: updateToMax old=2, new=-1, updated? false
2022-08-02 21:05:56,005 [grpc-default-executor-3] DEBUG leader.FollowerInfo (FollowerInfoImpl.java:lambda$new$1(49)) - s0@group-DBBE7E7C6C61->s1: commitIndex: updateToMax old=1, new=1, updated? false
2022-08-02 21:05:56,005 [grpc-default-executor-3] DEBUG leader.FollowerInfo (FollowerInfoImpl.java:lambda$new$1(49)) - s0@group-DBBE7E7C6C61->s1: matchIndex: updateToMax old=2, new=-1, updated? false
2022-08-02 21:05:56,006 [grpc-default-executor-2] DEBUG leader.FollowerInfo (FollowerInfoImpl.java:lambda$new$1(49)) - s0@group-DBBE7E7C6C61->s2: commitIndex: updateToMax old=1, new=1, updated? false
2022-08-02 21:05:56,006 [grpc-default-executor-2] DEBUG leader.FollowerInfo (FollowerInfoImpl.java:lambda$new$1(49)) - s0@group-DBBE7E7C6C61->s2: matchIndex: updateToMax old=2, new=-1, updated? false
2022-08-02 21:05:56,006 [grpc-default-executor-3] DEBUG leader.FollowerInfo (FollowerInfoImpl.java:lambda$new$1(49)) - s0@group-DBBE7E7C6C61->s1: commitIndex: updateToMax old=1, new=1, updated? false
2022-08-02 21:05:56,006 [grpc-default-executor-3] DEBUG leader.FollowerInfo (FollowerInfoImpl.java:lambda$new$1(49)) - s0@group-DBBE7E7C6C61->s1: matchIndex: updateToMax old=2, new=-1, updated? false
2022-08-02 21:05:56,007 [grpc-default-executor-2] DEBUG leader.FollowerInfo (FollowerInfoImpl.java:lambda$new$1(49)) - s0@group-DBBE7E7C6C61->s2: commitIndex: updateToMax old=1, new=1, updated? false
2022-08-02 21:05:56,007 [grpc-default-executor-2] DEBUG leader.FollowerInfo (FollowerInfoImpl.java:lambda$new$1(49)) - s0@group-DBBE7E7C6C61->s2: matchIndex: updateToMax old=2, new=-1, updated? false
2022-08-02 21:05:56,008 [grpc-default-executor-3] DEBUG leader.FollowerInfo (FollowerInfoImpl.java:lambda$new$1(49)) - s0@group-DBBE7E7C6C61->s1: commitIndex: updateToMax old=1, new=1, updated? false
2022-08-02 21:05:56,008 [grpc-default-executor-3] DEBUG leader.FollowerInfo (FollowerInfoImpl.java:lambda$new$1(49)) - s0@group-DBBE7E7C6C61->s1: matchIndex: updateToMax old=2, new=-1, updated? false
2022-08-02 21:05:56,008 [grpc-default-executor-2] DEBUG leader.FollowerInfo (FollowerInfoImpl.java:lambda$new$1(49)) - s0@group-DBBE7E7C6C61->s2: commitIndex: updateToMax old=1, new=1, updated? false
2022-08-02 21:05:56,008 [grpc-default-executor-2] DEBUG leader.FollowerInfo (FollowerInfoImpl.java:lambda$new$1(49)) - s0@group-DBBE7E7C6C61->s2: matchIndex: updateToMax old=2, new=-1, updated? false
2022-08-02 21:05:56,009 [grpc-default-executor-3] DEBUG leader.FollowerInfo (FollowerInfoImpl.java:lambda$new$1(49)) - s0@group-DBBE7E7C6C61->s1: commitIndex: updateToMax old=1, new=1, updated? false
2022-08-02 21:05:56,009 [grpc-default-executor-3] DEBUG leader.FollowerInfo (FollowerInfoImpl.java:lambda$new$1(49)) - s0@group-DBBE7E7C6C61->s1: matchIndex: updateToMax old=2, new=-1, updated? false
2022-08-02 21:05:56,009 [grpc-default-executor-2] DEBUG leader.FollowerInfo (FollowerInfoImpl.java:lambda$new$1(49)) - s0@group-DBBE7E7C6C61->s2: commitIndex: updateToMax old=1, new=1, updated? false
2022-08-02 21:05:56,010 [grpc-default-executor-2] DEBUG leader.FollowerInfo (FollowerInfoImpl.java:lambda$new$1(49)) - s0@group-DBBE7E7C6C61->s2: matchIndex: updateToMax old=2, new=-1, updated? false
2022-08-02 21:05:56,010 [grpc-default-executor-3] DEBUG leader.FollowerInfo (FollowerInfoImpl.java:lambda$new$1(49)) - s0@group-DBBE7E7C6C61->s1: commitIndex: updateToMax old=1, new=1, updated? false
2022-08-02 21:05:56,010 [grpc-default-executor-3] DEBUG leader.FollowerInfo (FollowerInfoImpl.java:lambda$new$1(49)) - s0@group-DBBE7E7C6C61->s1: matchIndex: updateToMax old=2, new=-1, updated? false
2022-08-02 21:05:56,011 [grpc-default-executor-2] DEBUG leader.FollowerInfo (FollowerInfoImpl.java:lambda$new$1(49)) - s0@group-DBBE7E7C6C61->s2: commitIndex: updateToMax old=1, new=1, updated? false
2022-08-02 21:05:56,011 [grpc-default-executor-2] DEBUG leader.FollowerInfo (FollowerInfoImpl.java:lambda$new$1(49)) - s0@group-DBBE7E7C6C61->s2: matchIndex: updateToMax old=2, new=-1, updated? false
2022-08-02 21:05:56,011 [grpc-default-executor-3] DEBUG leader.FollowerInfo (FollowerInfoImpl.java:lambda$new$1(49)) - s0@group-DBBE7E7C6C61->s1: commitIndex: updateToMax old=1, new=1, updated? false
2022-08-02 21:05:56,011 [grpc-default-executor-3] DEBUG leader.FollowerInfo (FollowerInfoImpl.java:lambda$new$1(49)) - s0@group-DBBE7E7C6C61->s1: matchIndex: updateToMax old=2, new=-1, updated? false
2022-08-02 21:05:56,012 [grpc-default-executor-2] DEBUG leader.FollowerInfo (FollowerInfoImpl.java:lambda$new$1(49)) - s0@group-DBBE7E7C6C61->s2: commitIndex: updateToMax old=1, new=1, updated? false
2022-08-02 21:05:56,012 [grpc-default-executor-2] DEBUG leader.FollowerInfo (FollowerInfoImpl.java:lambda$new$1(49)) - s0@group-DBBE7E7C6C61->s2: matchIndex: updateToMax old=2, new=-1, updated? false
2022-08-02 21:05:56,013 [grpc-default-executor-3] DEBUG leader.FollowerInfo (FollowerInfoImpl.java:lambda$new$1(49)) - s0@group-DBBE7E7C6C61->s1: commitIndex: updateToMax old=1, new=1, updated? false
2022-08-02 21:05:56,013 [grpc-default-executor-3] DEBUG leader.FollowerInfo (FollowerInfoImpl.java:lambda$new$1(49)) - s0@group-DBBE7E7C6C61->s1: matchIndex: updateToMax old=2, new=-1, updated? false
2022-08-02 21:05:56,013 [grpc-default-executor-2] DEBUG leader.FollowerInfo (FollowerInfoImpl.java:lambda$new$1(49)) - s0@group-DBBE7E7C6C61->s2: commitIndex: updateToMax old=1, new=1, updated? false
2022-08-02 21:05:56,013 [grpc-default-executor-2] DEBUG leader.FollowerInfo (FollowerInfoImpl.java:lambda$new$1(49)) - s0@group-DBBE7E7C6C61->s2: matchIndex: updateToMax old=2, new=-1, updated? false
2022-08-02 21:05:56,014 [grpc-default-executor-3] DEBUG leader.FollowerInfo (FollowerInfoImpl.java:lambda$new$1(49)) - s0@group-DBBE7E7C6C61->s1: commitIndex: updateToMax old=1, new=1, updated? false
2022-08-02 21:05:56,014 [grpc-default-executor-3] DEBUG leader.FollowerInfo (FollowerInfoImpl.java:lambda$new$1(49)) - s0@group-DBBE7E7C6C61->s1: matchIndex: updateToMax old=2, new=-1, updated? false
2022-08-02 21:05:56,015 [grpc-default-executor-2] DEBUG leader.FollowerInfo (FollowerInfoImpl.java:lambda$new$1(49)) - s0@group-DBBE7E7C6C61->s2: commitIndex: updateToMax old=1, new=1, updated? false
2022-08-02 21:05:56,015 [grpc-default-executor-2] DEBUG leader.FollowerInfo (FollowerInfoImpl.java:lambda$new$1(49)) - s0@group-DBBE7E7C6C61->s2: matchIndex: updateToMax old=2, new=-1, updated? false
2022-08-02 21:05:56,015 [grpc-default-executor-3] DEBUG leader.FollowerInfo (FollowerInfoImpl.java:lambda$new$1(49)) - s0@group-DBBE7E7C6C61->s1: commitIndex: updateToMax old=1, new=1, updated? false
2022-08-02 21:05:56,016 [grpc-default-executor-3] DEBUG leader.FollowerInfo (FollowerInfoImpl.java:lambda$new$1(49)) - s0@group-DBBE7E7C6C61->s1: matchIndex: updateToMax old=2, new=-1, updated? false
2022-08-02 21:05:56,016 [grpc-default-executor-2] DEBUG leader.FollowerInfo (FollowerInfoImpl.java:lambda$new$1(49)) - s0@group-DBBE7E7C6C61->s2: commitIndex: updateToMax old=1, new=1, updated? false
2022-08-02 21:05:56,016 [grpc-default-executor-2] DEBUG leader.FollowerInfo (FollowerInfoImpl.java:lambda$new$1(49)) - s0@group-DBBE7E7C6C61->s2: matchIndex: updateToMax old=2, new=-1, updated? false
2022-08-02 21:05:56,017 [grpc-default-executor-3] DEBUG leader.FollowerInfo (FollowerInfoImpl.java:lambda$new$1(49)) - s0@group-DBBE7E7C6C61->s1: commitIndex: updateToMax old=1, new=1, updated? false
2022-08-02 21:05:56,017 [grpc-default-executor-3] DEBUG leader.FollowerInfo (FollowerInfoImpl.java:lambda$new$1(49)) - s0@group-DBBE7E7C6C61->s1: matchIndex: updateToMax old=2, new=-1, updated? false
2022-08-02 21:05:56,017 [grpc-default-executor-2] DEBUG leader.FollowerInfo (FollowerInfoImpl.java:lambda$new$1(49)) - s0@group-DBBE7E7C6C61->s2: commitIndex: updateToMax old=1, new=1, updated? false
2022-08-02 21:05:56,017 [grpc-default-executor-2] DEBUG leader.FollowerInfo (FollowerInfoImpl.java:lambda$new$1(49)) - s0@group-DBBE7E7C6C61->s2: matchIndex: updateToMax old=2, new=-1, updated? false
2022-08-02 21:05:56,018 [grpc-default-executor-3] DEBUG leader.FollowerInfo (FollowerInfoImpl.java:lambda$new$1(49)) - s0@group-DBBE7E7C6C61->s1: commitIndex: updateToMax old=1, new=1, updated? false
2022-08-02 21:05:56,018 [grpc-default-executor-3] DEBUG leader.FollowerInfo (FollowerInfoImpl.java:lambda$new$1(49)) - s0@group-DBBE7E7C6C61->s1: matchIndex: updateToMax old=2, new=-1, updated? false
2022-08-02 21:05:56,019 [grpc-default-executor-2] DEBUG leader.FollowerInfo (FollowerInfoImpl.java:lambda$new$1(49)) - s0@group-DBBE7E7C6C61->s2: commitIndex: updateToMax old=1, new=1, updated? false
2022-08-02 21:05:56,019 [grpc-default-executor-2] DEBUG leader.FollowerInfo (FollowerInfoImpl.java:lambda$new$1(49)) - s0@group-DBBE7E7C6C61->s2: matchIndex: updateToMax old=2, new=-1, updated? false
2022-08-02 21:05:56,019 [grpc-default-executor-3] DEBUG leader.FollowerInfo (FollowerInfoImpl.java:lambda$new$1(49)) - s0@group-DBBE7E7C6C61->s1: commitIndex: updateToMax old=1, new=1, updated? false
2022-08-02 21:05:56,019 [grpc-default-executor-3] DEBUG leader.FollowerInfo (FollowerInfoImpl.java:lambda$new$1(49)) - s0@group-DBBE7E7C6C61->s1: matchIndex: updateToMax old=2, new=-1, updated? false
2022-08-02 21:05:56,020 [grpc-default-executor-2] DEBUG leader.FollowerInfo (FollowerInfoImpl.java:lambda$new$1(49)) - s0@group-DBBE7E7C6C61->s2: commitIndex: updateToMax old=1, new=1, updated? false
2022-08-02 21:05:56,020 [grpc-default-executor-2] DEBUG leader.FollowerInfo (FollowerInfoImpl.java:lambda$new$1(49)) - s0@group-DBBE7E7C6C61->s2: matchIndex: updateToMax old=2, new=-1, updated? false
2022-08-02 21:05:56,021 [grpc-default-executor-3] DEBUG leader.FollowerInfo (FollowerInfoImpl.java:lambda$new$1(49)) - s0@group-DBBE7E7C6C61->s1: commitIndex: updateToMax old=1, new=1, updated? false
2022-08-02 21:05:56,021 [grpc-default-executor-3] DEBUG leader.FollowerInfo (FollowerInfoImpl.java:lambda$new$1(49)) - s0@group-DBBE7E7C6C61->s1: matchIndex: updateToMax old=2, new=-1, updated? false
2022-08-02 21:05:56,021 [grpc-default-executor-2] DEBUG leader.FollowerInfo (FollowerInfoImpl.java:lambda$new$1(49)) - s0@group-DBBE7E7C6C61->s2: commitIndex: updateToMax old=1, new=1, updated? false
2022-08-02 21:05:56,021 [grpc-default-executor-2] DEBUG leader.FollowerInfo (FollowerInfoImpl.java:lambda$new$1(49)) - s0@group-DBBE7E7C6C61->s2: matchIndex: updateToMax old=2, new=-1, updated? false
2022-08-02 21:05:56,022 [grpc-default-executor-3] DEBUG leader.FollowerInfo (FollowerInfoImpl.java:lambda$new$1(49)) - s0@group-DBBE7E7C6C61->s1: commitIndex: updateToMax old=1, new=1, updated? false
2022-08-02 21:05:56,022 [grpc-default-executor-3] DEBUG leader.FollowerInfo (FollowerInfoImpl.java:lambda$new$1(49)) - s0@group-DBBE7E7C6C61->s1: matchIndex: updateToMax old=2, new=-1, updated? false
2022-08-02 21:05:56,022 [grpc-default-executor-2] DEBUG leader.FollowerInfo (FollowerInfoImpl.java:lambda$new$1(49)) - s0@group-DBBE7E7C6C61->s2: commitIndex: updateToMax old=1, new=1, updated? false
2022-08-02 21:05:56,023 [grpc-default-executor-2] DEBUG leader.FollowerInfo (FollowerInfoImpl.java:lambda$new$1(49)) - s0@group-DBBE7E7C6C61->s2: matchIndex: updateToMax old=2, new=-1, updated? false
2022-08-02 21:05:56,023 [grpc-default-executor-3] DEBUG leader.FollowerInfo (FollowerInfoImpl.java:lambda$new$1(49)) - s0@group-DBBE7E7C6C61->s1: commitIndex: updateToMax old=1, new=1, updated? false
2022-08-02 21:05:56,023 [grpc-default-executor-3] DEBUG leader.FollowerInfo (FollowerInfoImpl.java:lambda$new$1(49)) - s0@group-DBBE7E7C6C61->s1: matchIndex: updateToMax old=2, new=-1, updated? false
2022-08-02 21:05:56,024 [grpc-default-executor-2] DEBUG leader.FollowerInfo (FollowerInfoImpl.java:lambda$new$1(49)) - s0@group-DBBE7E7C6C61->s2: commitIndex: updateToMax old=1, new=1, updated? false
2022-08-02 21:05:56,024 [grpc-default-executor-2] DEBUG leader.FollowerInfo (FollowerInfoImpl.java:lambda$new$1(49)) - s0@group-DBBE7E7C6C61->s2: matchIndex: updateToMax old=2, new=-1, updated? false
2022-08-02 21:05:56,025 [grpc-default-executor-3] DEBUG leader.FollowerInfo (FollowerInfoImpl.java:lambda$new$1(49)) - s0@group-DBBE7E7C6C61->s1: commitIndex: updateToMax old=1, new=1, updated? false
2022-08-02 21:05:56,025 [grpc-default-executor-3] DEBUG leader.FollowerInfo (FollowerInfoImpl.java:lambda$new$1(49)) - s0@group-DBBE7E7C6C61->s1: matchIndex: updateToMax old=2, new=-1, updated? false
2022-08-02 21:05:56,025 [grpc-default-executor-2] DEBUG leader.FollowerInfo (FollowerInfoImpl.java:lambda$new$1(49)) - s0@group-DBBE7E7C6C61->s2: commitIndex: updateToMax old=1, new=1, updated? false
2022-08-02 21:05:56,025 [grpc-default-executor-2] DEBUG leader.FollowerInfo (FollowerInfoImpl.java:lambda$new$1(49)) - s0@group-DBBE7E7C6C61->s2: matchIndex: updateToMax old=2, new=-1, updated? false
2022-08-02 21:05:56,026 [grpc-default-executor-3] DEBUG leader.FollowerInfo (FollowerInfoImpl.java:lambda$new$1(49)) - s0@group-DBBE7E7C6C61->s1: commitIndex: updateToMax old=1, new=1, updated? false
2022-08-02 21:05:56,026 [grpc-default-executor-3] DEBUG leader.FollowerInfo (FollowerInfoImpl.java:lambda$new$1(49)) - s0@group-DBBE7E7C6C61->s1: matchIndex: updateToMax old=2, new=-1, updated? false
2022-08-02 21:05:56,027 [grpc-default-executor-2] DEBUG leader.FollowerInfo (FollowerInfoImpl.java:lambda$new$1(49)) - s0@group-DBBE7E7C6C61->s2: commitIndex: updateToMax old=1, new=1, updated? false
2022-08-02 21:05:56,027 [grpc-default-executor-2] DEBUG leader.FollowerInfo (FollowerInfoImpl.java:lambda$new$1(49)) - s0@group-DBBE7E7C6C61->s2: matchIndex: updateToMax old=2, new=-1, updated? false
2022-08-02 21:05:56,027 [grpc-default-executor-3] DEBUG leader.FollowerInfo (FollowerInfoImpl.java:lambda$new$1(49)) - s0@group-DBBE7E7C6C61->s1: commitIndex: updateToMax old=1, new=1, updated? false
2022-08-02 21:05:56,027 [grpc-default-executor-3] DEBUG leader.FollowerInfo (FollowerInfoImpl.java:lambda$new$1(49)) - s0@group-DBBE7E7C6C61->s1: matchIndex: updateToMax old=2, new=-1, updated? false
2022-08-02 21:05:56,028 [grpc-default-executor-2] DEBUG leader.FollowerInfo (FollowerInfoImpl.java:lambda$new$1(49)) - s0@group-DBBE7E7C6C61->s2: commitIndex: updateToMax old=1, new=1, updated? false
2022-08-02 21:05:56,028 [grpc-default-executor-2] DEBUG leader.FollowerInfo (FollowerInfoImpl.java:lambda$new$1(49)) - s0@group-DBBE7E7C6C61->s2: matchIndex: updateToMax old=2, new=-1, updated? false
2022-08-02 21:05:56,029 [grpc-default-executor-3] DEBUG leader.FollowerInfo (FollowerInfoImpl.java:lambda$new$1(49)) - s0@group-DBBE7E7C6C61->s1: commitIndex: updateToMax old=1, new=1, updated? false
2022-08-02 21:05:56,029 [grpc-default-executor-3] DEBUG leader.FollowerInfo (FollowerInfoImpl.java:lambda$new$1(49)) - s0@group-DBBE7E7C6C61->s1: matchIndex: updateToMax old=2, new=-1, updated? false
2022-08-02 21:05:56,029 [grpc-default-executor-2] DEBUG leader.FollowerInfo (FollowerInfoImpl.java:lambda$new$1(49)) - s0@group-DBBE7E7C6C61->s2: commitIndex: updateToMax old=1, new=1, updated? false
2022-08-02 21:05:56,029 [grpc-default-executor-2] DEBUG leader.FollowerInfo (FollowerInfoImpl.java:lambda$new$1(49)) - s0@group-DBBE7E7C6C61->s2: matchIndex: updateToMax old=2, new=-1, updated? false
2022-08-02 21:05:56,030 [grpc-default-executor-3] DEBUG leader.FollowerInfo (FollowerInfoImpl.java:lambda$new$1(49)) - s0@group-DBBE7E7C6C61->s1: commitIndex: updateToMax old=1, new=1, updated? false
2022-08-02 21:05:56,030 [grpc-default-executor-3] DEBUG leader.FollowerInfo (FollowerInfoImpl.java:lambda$new$1(49)) - s0@group-DBBE7E7C6C61->s1: matchIndex: updateToMax old=2, new=-1, updated? false
2022-08-02 21:05:56,030 [grpc-default-executor-2] DEBUG leader.FollowerInfo (FollowerInfoImpl.java:lambda$new$1(49)) - s0@group-DBBE7E7C6C61->s2: commitIndex: updateToMax old=1, new=1, updated? false
2022-08-02 21:05:56,031 [grpc-default-executor-2] DEBUG leader.FollowerInfo (FollowerInfoImpl.java:lambda$new$1(49)) - s0@group-DBBE7E7C6C61->s2: matchIndex: updateToMax old=2, new=-1, updated? false
2022-08-02 21:05:56,031 [grpc-default-executor-3] DEBUG leader.FollowerInfo (FollowerInfoImpl.java:lambda$new$1(49)) - s0@group-DBBE7E7C6C61->s1: commitIndex: updateToMax old=1, new=1, updated? false
2022-08-02 21:05:56,031 [grpc-default-executor-3] DEBUG leader.FollowerInfo (FollowerInfoImpl.java:lambda$new$1(49)) - s0@group-DBBE7E7C6C61->s1: matchIndex: updateToMax old=2, new=-1, updated? false
2022-08-02 21:05:56,032 [grpc-default-executor-2] DEBUG leader.FollowerInfo (FollowerInfoImpl.java:lambda$new$1(49)) - s0@group-DBBE7E7C6C61->s2: commitIndex: updateToMax old=1, new=1, updated? false
2022-08-02 21:05:56,032 [grpc-default-executor-2] DEBUG leader.FollowerInfo (FollowerInfoImpl.java:lambda$new$1(49)) - s0@group-DBBE7E7C6C61->s2: matchIndex: updateToMax old=2, new=-1, updated? false
2022-08-02 21:05:56,032 [grpc-default-executor-3] DEBUG leader.FollowerInfo (FollowerInfoImpl.java:lambda$new$1(49)) - s0@group-DBBE7E7C6C61->s1: commitIndex: updateToMax old=1, new=1, updated? false
2022-08-02 21:05:56,033 [grpc-default-executor-3] DEBUG leader.FollowerInfo (FollowerInfoImpl.java:lambda$new$1(49)) - s0@group-DBBE7E7C6C61->s1: matchIndex: updateToMax old=2, new=-1, updated? false
2022-08-02 21:05:56,033 [grpc-default-executor-2] DEBUG leader.FollowerInfo (FollowerInfoImpl.java:lambda$new$1(49)) - s0@group-DBBE7E7C6C61->s2: commitIndex: updateToMax old=1, new=1, updated? false
2022-08-02 21:05:56,033 [grpc-default-executor-2] DEBUG leader.FollowerInfo (FollowerInfoImpl.java:lambda$new$1(49)) - s0@group-DBBE7E7C6C61->s2: matchIndex: updateToMax old=2, new=-1, updated? false
2022-08-02 21:05:56,034 [grpc-default-executor-3] DEBUG leader.FollowerInfo (FollowerInfoImpl.java:lambda$new$1(49)) - s0@group-DBBE7E7C6C61->s1: commitIndex: updateToMax old=1, new=1, updated? false
2022-08-02 21:05:56,034 [grpc-default-executor-3] DEBUG leader.FollowerInfo (FollowerInfoImpl.java:lambda$new$1(49)) - s0@group-DBBE7E7C6C61->s1: matchIndex: updateToMax old=2, new=-1, updated? false
2022-08-02 21:05:56,034 [grpc-default-executor-2] DEBUG leader.FollowerInfo (FollowerInfoImpl.java:lambda$new$1(49)) - s0@group-DBBE7E7C6C61->s2: commitIndex: updateToMax old=1, new=1, updated? false
2022-08-02 21:05:56,035 [grpc-default-executor-2] DEBUG leader.FollowerInfo (FollowerInfoImpl.java:lambda$new$1(49)) - s0@group-DBBE7E7C6C61->s2: matchIndex: updateToMax old=2, new=-1, updated? false
2022-08-02 21:05:56,035 [grpc-default-executor-3] DEBUG leader.FollowerInfo (FollowerInfoImpl.java:lambda$new$1(49)) - s0@group-DBBE7E7C6C61->s1: commitIndex: updateToMax old=1, new=1, updated? false
2022-08-02 21:05:56,035 [grpc-default-executor-3] DEBUG leader.FollowerInfo (FollowerInfoImpl.java:lambda$new$1(49)) - s0@group-DBBE7E7C6C61->s1: matchIndex: updateToMax old=2, new=-1, updated? false
2022-08-02 21:05:56,036 [grpc-default-executor-2] DEBUG leader.FollowerInfo (FollowerInfoImpl.java:lambda$new$1(49)) - s0@group-DBBE7E7C6C61->s2: commitIndex: updateToMax old=1, new=1, updated? false
2022-08-02 21:05:56,036 [grpc-default-executor-2] DEBUG leader.FollowerInfo (FollowerInfoImpl.java:lambda$new$1(49)) - s0@group-DBBE7E7C6C61->s2: matchIndex: updateToMax old=2, new=-1, updated? false
2022-08-02 21:05:56,036 [grpc-default-executor-3] DEBUG leader.FollowerInfo (FollowerInfoImpl.java:lambda$new$1(49)) - s0@group-DBBE7E7C6C61->s1: commitIndex: updateToMax old=1, new=1, updated? false
2022-08-02 21:05:56,036 [grpc-default-executor-3] DEBUG leader.FollowerInfo (FollowerInfoImpl.java:lambda$new$1(49)) - s0@group-DBBE7E7C6C61->s1: matchIndex: updateToMax old=2, new=-1, updated? false
2022-08-02 21:05:56,037 [grpc-default-executor-2] DEBUG leader.FollowerInfo (FollowerInfoImpl.java:lambda$new$1(49)) - s0@group-DBBE7E7C6C61->s2: commitIndex: updateToMax old=1, new=1, updated? false
2022-08-02 21:05:56,037 [grpc-default-executor-2] DEBUG leader.FollowerInfo (FollowerInfoImpl.java:lambda$new$1(49)) - s0@group-DBBE7E7C6C61->s2: matchIndex: updateToMax old=2, new=-1, updated? false
2022-08-02 21:05:56,038 [grpc-default-executor-3] DEBUG leader.FollowerInfo (FollowerInfoImpl.java:lambda$new$1(49)) - s0@group-DBBE7E7C6C61->s1: commitIndex: updateToMax old=1, new=1, updated? false
2022-08-02 21:05:56,038 [grpc-default-executor-3] DEBUG leader.FollowerInfo (FollowerInfoImpl.java:lambda$new$1(49)) - s0@group-DBBE7E7C6C61->s1: matchIndex: updateToMax old=2, new=-1, updated? false
2022-08-02 21:05:56,039 [grpc-default-executor-2] DEBUG leader.FollowerInfo (FollowerInfoImpl.java:lambda$new$1(49)) - s0@group-DBBE7E7C6C61->s2: commitIndex: updateToMax old=1, new=1, updated? false
2022-08-02 21:05:56,039 [grpc-default-executor-2] DEBUG leader.FollowerInfo (FollowerInfoImpl.java:lambda$new$1(49)) - s0@group-DBBE7E7C6C61->s2: matchIndex: updateToMax old=2, new=-1, updated? false
2022-08-02 21:05:56,039 [grpc-default-executor-3] DEBUG leader.FollowerInfo (FollowerInfoImpl.java:lambda$new$1(49)) - s0@group-DBBE7E7C6C61->s1: commitIndex: updateToMax old=1, new=1, updated? false
2022-08-02 21:05:56,039 [grpc-default-executor-3] DEBUG leader.FollowerInfo (FollowerInfoImpl.java:lambda$new$1(49)) - s0@group-DBBE7E7C6C61->s1: matchIndex: updateToMax old=2, new=-1, updated? false
2022-08-02 21:05:56,040 [grpc-default-executor-2] DEBUG leader.FollowerInfo (FollowerInfoImpl.java:lambda$new$1(49)) - s0@group-DBBE7E7C6C61->s2: commitIndex: updateToMax old=1, new=1, updated? false
2022-08-02 21:05:56,040 [grpc-default-executor-2] DEBUG leader.FollowerInfo (FollowerInfoImpl.java:lambda$new$1(49)) - s0@group-DBBE7E7C6C61->s2: matchIndex: updateToMax old=2, new=-1, updated? false
2022-08-02 21:05:56,041 [grpc-default-executor-3] DEBUG leader.FollowerInfo (FollowerInfoImpl.java:lambda$new$1(49)) - s0@group-DBBE7E7C6C61->s1: commitIndex: updateToMax old=1, new=1, updated? false
2022-08-02 21:05:56,041 [grpc-default-executor-3] DEBUG leader.FollowerInfo (FollowerInfoImpl.java:lambda$new$1(49)) - s0@group-DBBE7E7C6C61->s1: matchIndex: updateToMax old=2, new=-1, updated? false
2022-08-02 21:05:56,041 [grpc-default-executor-2] DEBUG leader.FollowerInfo (FollowerInfoImpl.java:lambda$new$1(49)) - s0@group-DBBE7E7C6C61->s2: commitIndex: updateToMax old=1, new=1, updated? false
2022-08-02 21:05:56,042 [grpc-default-executor-2] DEBUG leader.FollowerInfo (FollowerInfoImpl.java:lambda$new$1(49)) - s0@group-DBBE7E7C6C61->s2: matchIndex: updateToMax old=2, new=-1, updated? false
2022-08-02 21:05:56,042 [grpc-default-executor-3] DEBUG leader.FollowerInfo (FollowerInfoImpl.java:lambda$new$1(49)) - s0@group-DBBE7E7C6C61->s1: commitIndex: updateToMax old=1, new=1, updated? false
2022-08-02 21:05:56,042 [grpc-default-executor-3] DEBUG leader.FollowerInfo (FollowerInfoImpl.java:lambda$new$1(49)) - s0@group-DBBE7E7C6C61->s1: matchIndex: updateToMax old=2, new=-1, updated? false
2022-08-02 21:05:56,043 [grpc-default-executor-2] DEBUG leader.FollowerInfo (FollowerInfoImpl.java:lambda$new$1(49)) - s0@group-DBBE7E7C6C61->s2: commitIndex: updateToMax old=1, new=1, updated? false
2022-08-02 21:05:56,043 [grpc-default-executor-2] DEBUG leader.FollowerInfo (FollowerInfoImpl.java:lambda$new$1(49)) - s0@group-DBBE7E7C6C61->s2: matchIndex: updateToMax old=2, new=-1, updated? false
2022-08-02 21:05:56,043 [grpc-default-executor-3] DEBUG leader.FollowerInfo (FollowerInfoImpl.java:lambda$new$1(49)) - s0@group-DBBE7E7C6C61->s1: commitIndex: updateToMax old=1, new=1, updated? false
2022-08-02 21:05:56,043 [grpc-default-executor-3] DEBUG leader.FollowerInfo (FollowerInfoImpl.java:lambda$new$1(49)) - s0@group-DBBE7E7C6C61->s1: matchIndex: updateToMax old=2, new=-1, updated? false
2022-08-02 21:05:56,044 [grpc-default-executor-2] DEBUG leader.FollowerInfo (FollowerInfoImpl.java:lambda$new$1(49)) - s0@group-DBBE7E7C6C61->s2: commitIndex: updateToMax old=1, new=1, updated? false
2022-08-02 21:05:56,044 [grpc-default-executor-2] DEBUG leader.FollowerInfo (FollowerInfoImpl.java:lambda$new$1(49)) - s0@group-DBBE7E7C6C61->s2: matchIndex: updateToMax old=2, new=-1, updated? false
2022-08-02 21:05:56,045 [grpc-default-executor-3] DEBUG leader.FollowerInfo (FollowerInfoImpl.java:lambda$new$1(49)) - s0@group-DBBE7E7C6C61->s1: commitIndex: updateToMax old=1, new=1, updated? false
2022-08-02 21:05:56,045 [grpc-default-executor-3] DEBUG leader.FollowerInfo (FollowerInfoImpl.java:lambda$new$1(49)) - s0@group-DBBE7E7C6C61->s1: matchIndex: updateToMax old=2, new=-1, updated? false
2022-08-02 21:05:56,045 [grpc-default-executor-2] DEBUG leader.FollowerInfo (FollowerInfoImpl.java:lambda$new$1(49)) - s0@group-DBBE7E7C6C61->s2: commitIndex: updateToMax old=1, new=1, updated? false
2022-08-02 21:05:56,046 [grpc-default-executor-2] DEBUG leader.FollowerInfo (FollowerInfoImpl.java:lambda$new$1(49)) - s0@group-DBBE7E7C6C61->s2: matchIndex: updateToMax old=2, new=-1, updated? false
2022-08-02 21:05:56,046 [grpc-default-executor-3] DEBUG leader.FollowerInfo (FollowerInfoImpl.java:lambda$new$1(49)) - s0@group-DBBE7E7C6C61->s1: commitIndex: updateToMax old=1, new=1, updated? false
2022-08-02 21:05:56,046 [grpc-default-executor-3] DEBUG leader.FollowerInfo (FollowerInfoImpl.java:lambda$new$1(49)) - s0@group-DBBE7E7C6C61->s1: matchIndex: updateToMax old=2, new=-1, updated? false
2022-08-02 21:05:56,047 [grpc-default-executor-2] DEBUG leader.FollowerInfo (FollowerInfoImpl.java:lambda$new$1(49)) - s0@group-DBBE7E7C6C61->s2: commitIndex: updateToMax old=1, new=1, updated? false
2022-08-02 21:05:56,047 [grpc-default-executor-2] DEBUG leader.FollowerInfo (FollowerInfoImpl.java:lambda$new$1(49)) - s0@group-DBBE7E7C6C61->s2: matchIndex: updateToMax old=2, new=-1, updated? false
2022-08-02 21:05:56,048 [grpc-default-executor-3] DEBUG leader.FollowerInfo (FollowerInfoImpl.java:lambda$new$1(49)) - s0@group-DBBE7E7C6C61->s1: commitIndex: updateToMax old=1, new=1, updated? false
2022-08-02 21:05:56,048 [grpc-default-executor-3] DEBUG leader.FollowerInfo (FollowerInfoImpl.java:lambda$new$1(49)) - s0@group-DBBE7E7C6C61->s1: matchIndex: updateToMax old=2, new=-1, updated? false
2022-08-02 21:05:56,049 [grpc-default-executor-2] DEBUG leader.FollowerInfo (FollowerInfoImpl.java:lambda$new$1(49)) - s0@group-DBBE7E7C6C61->s2: commitIndex: updateToMax old=1, new=1, updated? false
2022-08-02 21:05:56,049 [grpc-default-executor-2] DEBUG leader.FollowerInfo (FollowerInfoImpl.java:lambda$new$1(49)) - s0@group-DBBE7E7C6C61->s2: matchIndex: updateToMax old=2, new=-1, updated? false
2022-08-02 21:05:56,050 [grpc-default-executor-3] DEBUG leader.FollowerInfo (FollowerInfoImpl.java:lambda$new$1(49)) - s0@group-DBBE7E7C6C61->s1: commitIndex: updateToMax old=1, new=1, updated? false
2022-08-02 21:05:56,050 [grpc-default-executor-3] DEBUG leader.FollowerInfo (FollowerInfoImpl.java:lambda$new$1(49)) - s0@group-DBBE7E7C6C61->s1: matchIndex: updateToMax old=2, new=-1, updated? false
2022-08-02 21:05:56,050 [grpc-default-executor-2] DEBUG leader.FollowerInfo (FollowerInfoImpl.java:lambda$new$1(49)) - s0@group-DBBE7E7C6C61->s2: commitIndex: updateToMax old=1, new=1, updated? false
2022-08-02 21:05:56,050 [grpc-default-executor-2] DEBUG leader.FollowerInfo (FollowerInfoImpl.java:lambda$new$1(49)) - s0@group-DBBE7E7C6C61->s2: matchIndex: updateToMax old=2, new=-1, updated? false
2022-08-02 21:05:56,051 [grpc-default-executor-3] DEBUG leader.FollowerInfo (FollowerInfoImpl.java:lambda$new$1(49)) - s0@group-DBBE7E7C6C61->s1: commitIndex: updateToMax old=1, new=1, updated? false
2022-08-02 21:05:56,051 [grpc-default-executor-3] DEBUG leader.FollowerInfo (FollowerInfoImpl.java:lambda$new$1(49)) - s0@group-DBBE7E7C6C61->s1: matchIndex: updateToMax old=2, new=-1, updated? false
2022-08-02 21:05:56,052 [grpc-default-executor-2] DEBUG leader.FollowerInfo (FollowerInfoImpl.java:lambda$new$1(49)) - s0@group-DBBE7E7C6C61->s2: commitIndex: updateToMax old=1, new=1, updated? false
2022-08-02 21:05:56,052 [grpc-default-executor-2] DEBUG leader.FollowerInfo (FollowerInfoImpl.java:lambda$new$1(49)) - s0@group-DBBE7E7C6C61->s2: matchIndex: updateToMax old=2, new=-1, updated? false
2022-08-02 21:05:56,052 [grpc-default-executor-3] DEBUG leader.FollowerInfo (FollowerInfoImpl.java:lambda$new$1(49)) - s0@group-DBBE7E7C6C61->s1: commitIndex: updateToMax old=1, new=1, updated? false
2022-08-02 21:05:56,052 [grpc-default-executor-3] DEBUG leader.FollowerInfo (FollowerInfoImpl.java:lambda$new$1(49)) - s0@group-DBBE7E7C6C61->s1: matchIndex: updateToMax old=2, new=-1, updated? false
2022-08-02 21:05:56,053 [grpc-default-executor-2] DEBUG leader.FollowerInfo (FollowerInfoImpl.java:lambda$new$1(49)) - s0@group-DBBE7E7C6C61->s2: commitIndex: updateToMax old=1, new=1, updated? false
2022-08-02 21:05:56,053 [grpc-default-executor-2] DEBUG leader.FollowerInfo (FollowerInfoImpl.java:lambda$new$1(49)) - s0@group-DBBE7E7C6C61->s2: matchIndex: updateToMax old=2, new=-1, updated? false
2022-08-02 21:05:56,054 [grpc-default-executor-3] DEBUG leader.FollowerInfo (FollowerInfoImpl.java:lambda$new$1(49)) - s0@group-DBBE7E7C6C61->s1: commitIndex: updateToMax old=1, new=1, updated? false
2022-08-02 21:05:56,054 [grpc-default-executor-3] DEBUG leader.FollowerInfo (FollowerInfoImpl.java:lambda$new$1(49)) - s0@group-DBBE7E7C6C61->s1: matchIndex: updateToMax old=2, new=-1, updated? false
2022-08-02 21:05:56,054 [grpc-default-executor-2] DEBUG leader.FollowerInfo (FollowerInfoImpl.java:lambda$new$1(49)) - s0@group-DBBE7E7C6C61->s2: commitIndex: updateToMax old=1, new=1, updated? false
2022-08-02 21:05:56,054 [grpc-default-executor-2] DEBUG leader.FollowerInfo (FollowerInfoImpl.java:lambda$new$1(49)) - s0@group-DBBE7E7C6C61->s2: matchIndex: updateToMax old=2, new=-1, updated? false
2022-08-02 21:05:56,055 [grpc-default-executor-3] DEBUG leader.FollowerInfo (FollowerInfoImpl.java:lambda$new$1(49)) - s0@group-DBBE7E7C6C61->s1: commitIndex: updateToMax old=1, new=1, updated? false
2022-08-02 21:05:56,055 [grpc-default-executor-3] DEBUG leader.FollowerInfo (FollowerInfoImpl.java:lambda$new$1(49)) - s0@group-DBBE7E7C6C61->s1: matchIndex: updateToMax old=2, new=-1, updated? false
2022-08-02 21:05:56,056 [grpc-default-executor-2] DEBUG leader.FollowerInfo (FollowerInfoImpl.java:lambda$new$1(49)) - s0@group-DBBE7E7C6C61->s2: commitIndex: updateToMax old=1, new=1, updated? false
2022-08-02 21:05:56,056 [grpc-default-executor-2] DEBUG leader.FollowerInfo (FollowerInfoImpl.java:lambda$new$1(49)) - s0@group-DBBE7E7C6C61->s2: matchIndex: updateToMax old=2, new=-1, updated? false
2022-08-02 21:05:56,056 [grpc-default-executor-3] DEBUG leader.FollowerInfo (FollowerInfoImpl.java:lambda$new$1(49)) - s0@group-DBBE7E7C6C61->s1: commitIndex: updateToMax old=1, new=1, updated? false
2022-08-02 21:05:56,056 [grpc-default-executor-3] DEBUG leader.FollowerInfo (FollowerInfoImpl.java:lambda$new$1(49)) - s0@group-DBBE7E7C6C61->s1: matchIndex: updateToMax old=2, new=-1, updated? false
2022-08-02 21:05:56,057 [grpc-default-executor-2] DEBUG leader.FollowerInfo (FollowerInfoImpl.java:lambda$new$1(49)) - s0@group-DBBE7E7C6C61->s2: commitIndex: updateToMax old=1, new=1, updated? false
2022-08-02 21:05:56,057 [grpc-default-executor-2] DEBUG leader.FollowerInfo (FollowerInfoImpl.java:lambda$new$1(49)) - s0@group-DBBE7E7C6C61->s2: matchIndex: updateToMax old=2, new=-1, updated? false
2022-08-02 21:05:56,058 [grpc-default-executor-3] DEBUG leader.FollowerInfo (FollowerInfoImpl.java:lambda$new$1(49)) - s0@group-DBBE7E7C6C61->s1: commitIndex: updateToMax old=1, new=1, updated? false
2022-08-02 21:05:56,058 [grpc-default-executor-3] DEBUG leader.FollowerInfo (FollowerInfoImpl.java:lambda$new$1(49)) - s0@group-DBBE7E7C6C61->s1: matchIndex: updateToMax old=2, new=-1, updated? false
2022-08-02 21:05:56,058 [grpc-default-executor-2] DEBUG leader.FollowerInfo (FollowerInfoImpl.java:lambda$new$1(49)) - s0@group-DBBE7E7C6C61->s2: commitIndex: updateToMax old=1, new=1, updated? false
2022-08-02 21:05:56,058 [grpc-default-executor-2] DEBUG leader.FollowerInfo (FollowerInfoImpl.java:lambda$new$1(49)) - s0@group-DBBE7E7C6C61->s2: matchIndex: updateToMax old=2, new=-1, updated? false
2022-08-02 21:05:56,059 [grpc-default-executor-3] DEBUG leader.FollowerInfo (FollowerInfoImpl.java:lambda$new$1(49)) - s0@group-DBBE7E7C6C61->s1: commitIndex: updateToMax old=1, new=1, updated? false
2022-08-02 21:05:56,059 [grpc-default-executor-3] DEBUG leader.FollowerInfo (FollowerInfoImpl.java:lambda$new$1(49)) - s0@group-DBBE7E7C6C61->s1: matchIndex: updateToMax old=2, new=-1, updated? false
2022-08-02 21:05:56,060 [grpc-default-executor-2] DEBUG leader.FollowerInfo (FollowerInfoImpl.java:lambda$new$1(49)) - s0@group-DBBE7E7C6C61->s2: commitIndex: updateToMax old=1, new=1, updated? false
2022-08-02 21:05:56,060 [grpc-default-executor-2] DEBUG leader.FollowerInfo (FollowerInfoImpl.java:lambda$new$1(49)) - s0@group-DBBE7E7C6C61->s2: matchIndex: updateToMax old=2, new=-1, updated? false
2022-08-02 21:05:56,060 [grpc-default-executor-3] DEBUG leader.FollowerInfo (FollowerInfoImpl.java:lambda$new$1(49)) - s0@group-DBBE7E7C6C61->s1: commitIndex: updateToMax old=1, new=1, updated? false
2022-08-02 21:05:56,060 [grpc-default-executor-3] DEBUG leader.FollowerInfo (FollowerInfoImpl.java:lambda$new$1(49)) - s0@group-DBBE7E7C6C61->s1: matchIndex: updateToMax old=2, new=-1, updated? false
2022-08-02 21:05:56,061 [grpc-default-executor-2] DEBUG leader.FollowerInfo (FollowerInfoImpl.java:lambda$new$1(49)) - s0@group-DBBE7E7C6C61->s2: commitIndex: updateToMax old=1, new=1, updated? false
2022-08-02 21:05:56,061 [grpc-default-executor-2] DEBUG leader.FollowerInfo (FollowerInfoImpl.java:lambda$new$1(49)) - s0@group-DBBE7E7C6C61->s2: matchIndex: updateToMax old=2, new=-1, updated? false
2022-08-02 21:05:56,061 [grpc-default-executor-3] DEBUG leader.FollowerInfo (FollowerInfoImpl.java:lambda$new$1(49)) - s0@group-DBBE7E7C6C61->s1: commitIndex: updateToMax old=1, new=1, updated? false
2022-08-02 21:05:56,062 [grpc-default-executor-3] DEBUG leader.FollowerInfo (FollowerInfoImpl.java:lambda$new$1(49)) - s0@group-DBBE7E7C6C61->s1: matchIndex: updateToMax old=2, new=-1, updated? false
2022-08-02 21:05:56,062 [grpc-default-executor-2] DEBUG leader.FollowerInfo (FollowerInfoImpl.java:lambda$new$1(49)) - s0@group-DBBE7E7C6C61->s2: commitIndex: updateToMax old=1, new=1, updated? false
2022-08-02 21:05:56,062 [grpc-default-executor-2] DEBUG leader.FollowerInfo (FollowerInfoImpl.java:lambda$new$1(49)) - s0@group-DBBE7E7C6C61->s2: matchIndex: updateToMax old=2, new=-1, updated? false
2022-08-02 21:05:56,063 [grpc-default-executor-3] DEBUG leader.FollowerInfo (FollowerInfoImpl.java:lambda$new$1(49)) - s0@group-DBBE7E7C6C61->s1: commitIndex: updateToMax old=1, new=1, updated? false
2022-08-02 21:05:56,063 [grpc-default-executor-3] DEBUG leader.FollowerInfo (FollowerInfoImpl.java:lambda$new$1(49)) - s0@group-DBBE7E7C6C61->s1: matchIndex: updateToMax old=2, new=-1, updated? false
2022-08-02 21:05:56,063 [grpc-default-executor-2] DEBUG leader.FollowerInfo (FollowerInfoImpl.java:lambda$new$1(49)) - s0@group-DBBE7E7C6C61->s2: commitIndex: updateToMax old=1, new=1, updated? false
2022-08-02 21:05:56,064 [grpc-default-executor-2] DEBUG leader.FollowerInfo (FollowerInfoImpl.java:lambda$new$1(49)) - s0@group-DBBE7E7C6C61->s2: matchIndex: updateToMax old=2, new=-1, updated? false
2022-08-02 21:05:56,064 [grpc-default-executor-3] DEBUG leader.FollowerInfo (FollowerInfoImpl.java:lambda$new$1(49)) - s0@group-DBBE7E7C6C61->s1: commitIndex: updateToMax old=1, new=1, updated? false
2022-08-02 21:05:56,064 [grpc-default-executor-3] DEBUG leader.FollowerInfo (FollowerInfoImpl.java:lambda$new$1(49)) - s0@group-DBBE7E7C6C61->s1: matchIndex: updateToMax old=2, new=-1, updated? false
2022-08-02 21:05:56,065 [grpc-default-executor-2] DEBUG leader.FollowerInfo (FollowerInfoImpl.java:lambda$new$1(49)) - s0@group-DBBE7E7C6C61->s2: commitIndex: updateToMax old=1, new=1, updated? false
2022-08-02 21:05:56,065 [grpc-default-executor-2] DEBUG leader.FollowerInfo (FollowerInfoImpl.java:lambda$new$1(49)) - s0@group-DBBE7E7C6C61->s2: matchIndex: updateToMax old=2, new=-1, updated? false
2022-08-02 21:05:56,066 [grpc-default-executor-3] DEBUG leader.FollowerInfo (FollowerInfoImpl.java:lambda$new$1(49)) - s0@group-DBBE7E7C6C61->s1: commitIndex: updateToMax old=1, new=1, updated? false
2022-08-02 21:05:56,066 [grpc-default-executor-3] DEBUG leader.FollowerInfo (FollowerInfoImpl.java:lambda$new$1(49)) - s0@group-DBBE7E7C6C61->s1: matchIndex: updateToMax old=2, new=-1, updated? false
2022-08-02 21:05:56,066 [grpc-default-executor-2] DEBUG leader.FollowerInfo (FollowerInfoImpl.java:lambda$new$1(49)) - s0@group-DBBE7E7C6C61->s2: commitIndex: updateToMax old=1, new=1, updated? false
2022-08-02 21:05:56,066 [grpc-default-executor-2] DEBUG leader.FollowerInfo (FollowerInfoImpl.java:lambda$new$1(49)) - s0@group-DBBE7E7C6C61->s2: matchIndex: updateToMax old=2, new=-1, updated? false
2022-08-02 21:05:56,067 [grpc-default-executor-3] DEBUG leader.FollowerInfo (FollowerInfoImpl.java:lambda$new$1(49)) - s0@group-DBBE7E7C6C61->s1: commitIndex: updateToMax old=1, new=1, updated? false
2022-08-02 21:05:56,067 [grpc-default-executor-3] DEBUG leader.FollowerInfo (FollowerInfoImpl.java:lambda$new$1(49)) - s0@group-DBBE7E7C6C61->s1: matchIndex: updateToMax old=2, new=-1, updated? false
2022-08-02 21:05:56,067 [grpc-default-executor-2] DEBUG leader.FollowerInfo (FollowerInfoImpl.java:lambda$new$1(49)) - s0@group-DBBE7E7C6C61->s2: commitIndex: updateToMax old=1, new=1, updated? false
2022-08-02 21:05:56,068 [grpc-default-executor-2] DEBUG leader.FollowerInfo (FollowerInfoImpl.java:lambda$new$1(49)) - s0@group-DBBE7E7C6C61->s2: matchIndex: updateToMax old=2, new=-1, updated? false
2022-08-02 21:05:56,068 [grpc-default-executor-3] DEBUG leader.FollowerInfo (FollowerInfoImpl.java:lambda$new$1(49)) - s0@group-DBBE7E7C6C61->s1: commitIndex: updateToMax old=1, new=1, updated? false
2022-08-02 21:05:56,068 [grpc-default-executor-3] DEBUG leader.FollowerInfo (FollowerInfoImpl.java:lambda$new$1(49)) - s0@group-DBBE7E7C6C61->s1: matchIndex: updateToMax old=2, new=-1, updated? false
2022-08-02 21:05:56,069 [grpc-default-executor-2] DEBUG leader.FollowerInfo (FollowerInfoImpl.java:lambda$new$1(49)) - s0@group-DBBE7E7C6C61->s2: commitIndex: updateToMax old=1, new=1, updated? false
2022-08-02 21:05:56,069 [grpc-default-executor-2] DEBUG leader.FollowerInfo (FollowerInfoImpl.java:lambda$new$1(49)) - s0@group-DBBE7E7C6C61->s2: matchIndex: updateToMax old=2, new=-1, updated? false
2022-08-02 21:05:56,069 [grpc-default-executor-3] DEBUG leader.FollowerInfo (FollowerInfoImpl.java:lambda$new$1(49)) - s0@group-DBBE7E7C6C61->s1: commitIndex: updateToMax old=1, new=1, updated? false
2022-08-02 21:05:56,069 [grpc-default-executor-3] DEBUG leader.FollowerInfo (FollowerInfoImpl.java:lambda$new$1(49)) - s0@group-DBBE7E7C6C61->s1: matchIndex: updateToMax old=2, new=-1, updated? false
2022-08-02 21:05:56,070 [grpc-default-executor-2] DEBUG leader.FollowerInfo (FollowerInfoImpl.java:lambda$new$1(49)) - s0@group-DBBE7E7C6C61->s2: commitIndex: updateToMax old=1, new=1, updated? false
2022-08-02 21:05:56,070 [grpc-default-executor-2] DEBUG leader.FollowerInfo (FollowerInfoImpl.java:lambda$new$1(49)) - s0@group-DBBE7E7C6C61->s2: matchIndex: updateToMax old=2, new=-1, updated? false
2022-08-02 21:05:56,071 [grpc-default-executor-3] DEBUG leader.FollowerInfo (FollowerInfoImpl.java:lambda$new$1(49)) - s0@group-DBBE7E7C6C61->s1: commitIndex: updateToMax old=1, new=1, updated? false
2022-08-02 21:05:56,071 [grpc-default-executor-3] DEBUG leader.FollowerInfo (FollowerInfoImpl.java:lambda$new$1(49)) - s0@group-DBBE7E7C6C61->s1: matchIndex: updateToMax old=2, new=-1, updated? false
2022-08-02 21:05:56,071 [grpc-default-executor-2] DEBUG leader.FollowerInfo (FollowerInfoImpl.java:lambda$new$1(49)) - s0@group-DBBE7E7C6C61->s2: commitIndex: updateToMax old=1, new=1, updated? false
2022-08-02 21:05:56,071 [grpc-default-executor-2] DEBUG leader.FollowerInfo (FollowerInfoImpl.java:lambda$new$1(49)) - s0@group-DBBE7E7C6C61->s2: matchIndex: updateToMax old=2, new=-1, updated? false
2022-08-02 21:05:56,072 [grpc-default-executor-3] DEBUG leader.FollowerInfo (FollowerInfoImpl.java:lambda$new$1(49)) - s0@group-DBBE7E7C6C61->s1: commitIndex: updateToMax old=1, new=1, updated? false
2022-08-02 21:05:56,072 [grpc-default-executor-3] DEBUG leader.FollowerInfo (FollowerInfoImpl.java:lambda$new$1(49)) - s0@group-DBBE7E7C6C61->s1: matchIndex: updateToMax old=2, new=-1, updated? false
2022-08-02 21:05:56,073 [grpc-default-executor-2] DEBUG leader.FollowerInfo (FollowerInfoImpl.java:lambda$new$1(49)) - s0@group-DBBE7E7C6C61->s2: commitIndex: updateToMax old=1, new=1, updated? false
2022-08-02 21:05:56,073 [grpc-default-executor-2] DEBUG leader.FollowerInfo (FollowerInfoImpl.java:lambda$new$1(49)) - s0@group-DBBE7E7C6C61->s2: matchIndex: updateToMax old=2, new=-1, updated? false
2022-08-02 21:05:56,074 [grpc-default-executor-3] DEBUG leader.FollowerInfo (FollowerInfoImpl.java:lambda$new$1(49)) - s0@group-DBBE7E7C6C61->s1: commitIndex: updateToMax old=1, new=1, updated? false
2022-08-02 21:05:56,074 [grpc-default-executor-3] DEBUG leader.FollowerInfo (FollowerInfoImpl.java:lambda$new$1(49)) - s0@group-DBBE7E7C6C61->s1: matchIndex: updateToMax old=2, new=-1, updated? false
2022-08-02 21:05:56,074 [grpc-default-executor-2] DEBUG leader.FollowerInfo (FollowerInfoImpl.java:lambda$new$1(49)) - s0@group-DBBE7E7C6C61->s2: commitIndex: updateToMax old=1, new=1, updated? false
2022-08-02 21:05:56,074 [grpc-default-executor-2] DEBUG leader.FollowerInfo (FollowerInfoImpl.java:lambda$new$1(49)) - s0@group-DBBE7E7C6C61->s2: matchIndex: updateToMax old=2, new=-1, updated? false
2022-08-02 21:05:56,075 [grpc-default-executor-3] DEBUG leader.FollowerInfo (FollowerInfoImpl.java:lambda$new$1(49)) - s0@group-DBBE7E7C6C61->s1: commitIndex: updateToMax old=1, new=1, updated? false
2022-08-02 21:05:56,075 [grpc-default-executor-3] DEBUG leader.FollowerInfo (FollowerInfoImpl.java:lambda$new$1(49)) - s0@group-DBBE7E7C6C61->s1: matchIndex: updateToMax old=2, new=-1, updated? false
2022-08-02 21:05:56,076 [grpc-default-executor-2] DEBUG leader.FollowerInfo (FollowerInfoImpl.java:lambda$new$1(49)) - s0@group-DBBE7E7C6C61->s2: commitIndex: updateToMax old=1, new=1, updated? false
2022-08-02 21:05:56,076 [grpc-default-executor-2] DEBUG leader.FollowerInfo (FollowerInfoImpl.java:lambda$new$1(49)) - s0@group-DBBE7E7C6C61->s2: matchIndex: updateToMax old=2, new=-1, updated? false
2022-08-02 21:05:56,076 [grpc-default-executor-3] DEBUG leader.FollowerInfo (FollowerInfoImpl.java:lambda$new$1(49)) - s0@group-DBBE7E7C6C61->s1: commitIndex: updateToMax old=1, new=1, updated? false
2022-08-02 21:05:56,076 [grpc-default-executor-3] DEBUG leader.FollowerInfo (FollowerInfoImpl.java:lambda$new$1(49)) - s0@group-DBBE7E7C6C61->s1: matchIndex: updateToMax old=2, new=-1, updated? false
2022-08-02 21:05:56,077 [grpc-default-executor-2] DEBUG leader.FollowerInfo (FollowerInfoImpl.java:lambda$new$1(49)) - s0@group-DBBE7E7C6C61->s2: commitIndex: updateToMax old=1, new=1, updated? false
2022-08-02 21:05:56,077 [grpc-default-executor-2] DEBUG leader.FollowerInfo (FollowerInfoImpl.java:lambda$new$1(49)) - s0@group-DBBE7E7C6C61->s2: matchIndex: updateToMax old=2, new=-1, updated? false
2022-08-02 21:05:56,078 [grpc-default-executor-3] DEBUG leader.FollowerInfo (FollowerInfoImpl.java:lambda$new$1(49)) - s0@group-DBBE7E7C6C61->s1: commitIndex: updateToMax old=1, new=1, updated? false
2022-08-02 21:05:56,078 [grpc-default-executor-3] DEBUG leader.FollowerInfo (FollowerInfoImpl.java:lambda$new$1(49)) - s0@group-DBBE7E7C6C61->s1: matchIndex: updateToMax old=2, new=-1, updated? false
2022-08-02 21:05:56,078 [grpc-default-executor-2] DEBUG leader.FollowerInfo (FollowerInfoImpl.java:lambda$new$1(49)) - s0@group-DBBE7E7C6C61->s2: commitIndex: updateToMax old=1, new=1, updated? false
2022-08-02 21:05:56,078 [grpc-default-executor-2] DEBUG leader.FollowerInfo (FollowerInfoImpl.java:lambda$new$1(49)) - s0@group-DBBE7E7C6C61->s2: matchIndex: updateToMax old=2, new=-1, updated? false
2022-08-02 21:05:56,079 [grpc-default-executor-3] DEBUG leader.FollowerInfo (FollowerInfoImpl.java:lambda$new$1(49)) - s0@group-DBBE7E7C6C61->s1: commitIndex: updateToMax old=1, new=1, updated? false
2022-08-02 21:05:56,079 [grpc-default-executor-3] DEBUG leader.FollowerInfo (FollowerInfoImpl.java:lambda$new$1(49)) - s0@group-DBBE7E7C6C61->s1: matchIndex: updateToMax old=2, new=-1, updated? false
2022-08-02 21:05:56,080 [grpc-default-executor-2] DEBUG leader.FollowerInfo (FollowerInfoImpl.java:lambda$new$1(49)) - s0@group-DBBE7E7C6C61->s2: commitIndex: updateToMax old=1, new=1, updated? false
2022-08-02 21:05:56,080 [grpc-default-executor-2] DEBUG leader.FollowerInfo (FollowerInfoImpl.java:lambda$new$1(49)) - s0@group-DBBE7E7C6C61->s2: matchIndex: updateToMax old=2, new=-1, updated? false
2022-08-02 21:05:56,080 [grpc-default-executor-3] DEBUG leader.FollowerInfo (FollowerInfoImpl.java:lambda$new$1(49)) - s0@group-DBBE7E7C6C61->s1: commitIndex: updateToMax old=1, new=1, updated? false
2022-08-02 21:05:56,080 [grpc-default-executor-3] DEBUG leader.FollowerInfo (FollowerInfoImpl.java:lambda$new$1(49)) - s0@group-DBBE7E7C6C61->s1: matchIndex: updateToMax old=2, new=-1, updated? false
2022-08-02 21:05:56,081 [grpc-default-executor-2] DEBUG leader.FollowerInfo (FollowerInfoImpl.java:lambda$new$1(49)) - s0@group-DBBE7E7C6C61->s2: commitIndex: updateToMax old=1, new=1, updated? false
2022-08-02 21:05:56,081 [grpc-default-executor-2] DEBUG leader.FollowerInfo (FollowerInfoImpl.java:lambda$new$1(49)) - s0@group-DBBE7E7C6C61->s2: matchIndex: updateToMax old=2, new=-1, updated? false
2022-08-02 21:05:56,082 [grpc-default-executor-3] DEBUG leader.FollowerInfo (FollowerInfoImpl.java:lambda$new$1(49)) - s0@group-DBBE7E7C6C61->s1: commitIndex: updateToMax old=1, new=1, updated? false
2022-08-02 21:05:56,082 [grpc-default-executor-3] DEBUG leader.FollowerInfo (FollowerInfoImpl.java:lambda$new$1(49)) - s0@group-DBBE7E7C6C61->s1: matchIndex: updateToMax old=2, new=-1, updated? false
2022-08-02 21:05:56,083 [grpc-default-executor-2] DEBUG leader.FollowerInfo (FollowerInfoImpl.java:lambda$new$1(49)) - s0@group-DBBE7E7C6C61->s2: commitIndex: updateToMax old=1, new=1, updated? false
2022-08-02 21:05:56,083 [grpc-default-executor-2] DEBUG leader.FollowerInfo (FollowerInfoImpl.java:lambda$new$1(49)) - s0@group-DBBE7E7C6C61->s2: matchIndex: updateToMax old=2, new=-1, updated? false
2022-08-02 21:05:56,083 [grpc-default-executor-3] DEBUG leader.FollowerInfo (FollowerInfoImpl.java:lambda$new$1(49)) - s0@group-DBBE7E7C6C61->s1: commitIndex: updateToMax old=1, new=1, updated? false
2022-08-02 21:05:56,083 [grpc-default-executor-3] DEBUG leader.FollowerInfo (FollowerInfoImpl.java:lambda$new$1(49)) - s0@group-DBBE7E7C6C61->s1: matchIndex: updateToMax old=2, new=-1, updated? false
2022-08-02 21:05:56,084 [grpc-default-executor-2] DEBUG leader.FollowerInfo (FollowerInfoImpl.java:lambda$new$1(49)) - s0@group-DBBE7E7C6C61->s2: commitIndex: updateToMax old=1, new=1, updated? false
2022-08-02 21:05:56,084 [grpc-default-executor-2] DEBUG leader.FollowerInfo (FollowerInfoImpl.java:lambda$new$1(49)) - s0@group-DBBE7E7C6C61->s2: matchIndex: updateToMax old=2, new=-1, updated? false
2022-08-02 21:05:56,084 [grpc-default-executor-3] DEBUG leader.FollowerInfo (FollowerInfoImpl.java:lambda$new$1(49)) - s0@group-DBBE7E7C6C61->s1: commitIndex: updateToMax old=1, new=1, updated? false
2022-08-02 21:05:56,085 [grpc-default-executor-3] DEBUG leader.FollowerInfo (FollowerInfoImpl.java:lambda$new$1(49)) - s0@group-DBBE7E7C6C61->s1: matchIndex: updateToMax old=2, new=-1, updated? false
2022-08-02 21:05:56,085 [grpc-default-executor-2] DEBUG leader.FollowerInfo (FollowerInfoImpl.java:lambda$new$1(49)) - s0@group-DBBE7E7C6C61->s2: commitIndex: updateToMax old=1, new=1, updated? false
2022-08-02 21:05:56,085 [grpc-default-executor-2] DEBUG leader.FollowerInfo (FollowerInfoImpl.java:lambda$new$1(49)) - s0@group-DBBE7E7C6C61->s2: matchIndex: updateToMax old=2, new=-1, updated? false
2022-08-02 21:05:56,086 [grpc-default-executor-3] DEBUG leader.FollowerInfo (FollowerInfoImpl.java:lambda$new$1(49)) - s0@group-DBBE7E7C6C61->s1: commitIndex: updateToMax old=1, new=1, updated? false
2022-08-02 21:05:56,086 [grpc-default-executor-3] DEBUG leader.FollowerInfo (FollowerInfoImpl.java:lambda$new$1(49)) - s0@group-DBBE7E7C6C61->s1: matchIndex: updateToMax old=2, new=-1, updated? false
2022-08-02 21:05:56,087 [grpc-default-executor-2] DEBUG leader.FollowerInfo (FollowerInfoImpl.java:lambda$new$1(49)) - s0@group-DBBE7E7C6C61->s2: commitIndex: updateToMax old=1, new=1, updated? false
2022-08-02 21:05:56,087 [grpc-default-executor-2] DEBUG leader.FollowerInfo (FollowerInfoImpl.java:lambda$new$1(49)) - s0@group-DBBE7E7C6C61->s2: matchIndex: updateToMax old=2, new=-1, updated? false
2022-08-02 21:05:56,087 [grpc-default-executor-3] DEBUG leader.FollowerInfo (FollowerInfoImpl.java:lambda$new$1(49)) - s0@group-DBBE7E7C6C61->s1: commitIndex: updateToMax old=1, new=1, updated? false
2022-08-02 21:05:56,087 [grpc-default-executor-3] DEBUG leader.FollowerInfo (FollowerInfoImpl.java:lambda$new$1(49)) - s0@group-DBBE7E7C6C61->s1: matchIndex: updateToMax old=2, new=-1, updated? false
2022-08-02 21:05:56,088 [grpc-default-executor-2] DEBUG leader.FollowerInfo (FollowerInfoImpl.java:lambda$new$1(49)) - s0@group-DBBE7E7C6C61->s2: commitIndex: updateToMax old=1, new=1, updated? false
2022-08-02 21:05:56,088 [grpc-default-executor-2] DEBUG leader.FollowerInfo (FollowerInfoImpl.java:lambda$new$1(49)) - s0@group-DBBE7E7C6C61->s2: matchIndex: updateToMax old=2, new=-1, updated? false
2022-08-02 21:05:56,089 [grpc-default-executor-3] DEBUG leader.FollowerInfo (FollowerInfoImpl.java:lambda$new$1(49)) - s0@group-DBBE7E7C6C61->s1: commitIndex: updateToMax old=1, new=1, updated? false
2022-08-02 21:05:56,089 [grpc-default-executor-3] DEBUG leader.FollowerInfo (FollowerInfoImpl.java:lambda$new$1(49)) - s0@group-DBBE7E7C6C61->s1: matchIndex: updateToMax old=2, new=-1, updated? false
2022-08-02 21:05:56,090 [grpc-default-executor-2] DEBUG leader.FollowerInfo (FollowerInfoImpl.java:lambda$new$1(49)) - s0@group-DBBE7E7C6C61->s2: commitIndex: updateToMax old=1, new=1, updated? false
2022-08-02 21:05:56,090 [grpc-default-executor-2] DEBUG leader.FollowerInfo (FollowerInfoImpl.java:lambda$new$1(49)) - s0@group-DBBE7E7C6C61->s2: matchIndex: updateToMax old=2, new=-1, updated? false
2022-08-02 21:05:56,090 [grpc-default-executor-3] DEBUG leader.FollowerInfo (FollowerInfoImpl.java:lambda$new$1(49)) - s0@group-DBBE7E7C6C61->s1: commitIndex: updateToMax old=1, new=1, updated? false
2022-08-02 21:05:56,090 [grpc-default-executor-3] DEBUG leader.FollowerInfo (FollowerInfoImpl.java:lambda$new$1(49)) - s0@group-DBBE7E7C6C61->s1: matchIndex: updateToMax old=2, new=-1, updated? false
2022-08-02 21:05:56,091 [grpc-default-executor-2] DEBUG leader.FollowerInfo (FollowerInfoImpl.java:lambda$new$1(49)) - s0@group-DBBE7E7C6C61->s2: commitIndex: updateToMax old=1, new=1, updated? false
2022-08-02 21:05:56,091 [grpc-default-executor-2] DEBUG leader.FollowerInfo (FollowerInfoImpl.java:lambda$new$1(49)) - s0@group-DBBE7E7C6C61->s2: matchIndex: updateToMax old=2, new=-1, updated? false
2022-08-02 21:05:56,091 [grpc-default-executor-3] DEBUG leader.FollowerInfo (FollowerInfoImpl.java:lambda$new$1(49)) - s0@group-DBBE7E7C6C61->s1: commitIndex: updateToMax old=1, new=1, updated? false
2022-08-02 21:05:56,092 [grpc-default-executor-3] DEBUG leader.FollowerInfo (FollowerInfoImpl.java:lambda$new$1(49)) - s0@group-DBBE7E7C6C61->s1: matchIndex: updateToMax old=2, new=-1, updated? false
2022-08-02 21:05:56,092 [grpc-default-executor-2] DEBUG leader.FollowerInfo (FollowerInfoImpl.java:lambda$new$1(49)) - s0@group-DBBE7E7C6C61->s2: commitIndex: updateToMax old=1, new=1, updated? false
2022-08-02 21:05:56,092 [grpc-default-executor-2] DEBUG leader.FollowerInfo (FollowerInfoImpl.java:lambda$new$1(49)) - s0@group-DBBE7E7C6C61->s2: matchIndex: updateToMax old=2, new=-1, updated? false
2022-08-02 21:05:56,093 [grpc-default-executor-3] DEBUG leader.FollowerInfo (FollowerInfoImpl.java:lambda$new$1(49)) - s0@group-DBBE7E7C6C61->s1: commitIndex: updateToMax old=1, new=1, updated? false
2022-08-02 21:05:56,093 [grpc-default-executor-3] DEBUG leader.FollowerInfo (FollowerInfoImpl.java:lambda$new$1(49)) - s0@group-DBBE7E7C6C61->s1: matchIndex: updateToMax old=2, new=-1, updated? false
2022-08-02 21:05:56,093 [grpc-default-executor-2] DEBUG leader.FollowerInfo (FollowerInfoImpl.java:lambda$new$1(49)) - s0@group-DBBE7E7C6C61->s2: commitIndex: updateToMax old=1, new=1, updated? false
2022-08-02 21:05:56,093 [grpc-default-executor-2] DEBUG leader.FollowerInfo (FollowerInfoImpl.java:lambda$new$1(49)) - s0@group-DBBE7E7C6C61->s2: matchIndex: updateToMax old=2, new=-1, updated? false
2022-08-02 21:05:56,094 [grpc-default-executor-3] DEBUG leader.FollowerInfo (FollowerInfoImpl.java:lambda$new$1(49)) - s0@group-DBBE7E7C6C61->s1: commitIndex: updateToMax old=1, new=1, updated? false
2022-08-02 21:05:56,094 [grpc-default-executor-3] DEBUG leader.FollowerInfo (FollowerInfoImpl.java:lambda$new$1(49)) - s0@group-DBBE7E7C6C61->s1: matchIndex: updateToMax old=2, new=-1, updated? false
2022-08-02 21:05:56,095 [grpc-default-executor-2] DEBUG leader.FollowerInfo (FollowerInfoImpl.java:lambda$new$1(49)) - s0@group-DBBE7E7C6C61->s2: commitIndex: updateToMax old=1, new=1, updated? false
2022-08-02 21:05:56,095 [grpc-default-executor-2] DEBUG leader.FollowerInfo (FollowerInfoImpl.java:lambda$new$1(49)) - s0@group-DBBE7E7C6C61->s2: matchIndex: updateToMax old=2, new=-1, updated? false
2022-08-02 21:05:56,095 [grpc-default-executor-3] DEBUG leader.FollowerInfo (FollowerInfoImpl.java:lambda$new$1(49)) - s0@group-DBBE7E7C6C61->s1: commitIndex: updateToMax old=1, new=1, updated? false
2022-08-02 21:05:56,095 [grpc-default-executor-3] DEBUG leader.FollowerInfo (FollowerInfoImpl.java:lambda$new$1(49)) - s0@group-DBBE7E7C6C61->s1: matchIndex: updateToMax old=2, new=-1, updated? false
2022-08-02 21:05:56,096 [grpc-default-executor-2] DEBUG leader.FollowerInfo (FollowerInfoImpl.java:lambda$new$1(49)) - s0@group-DBBE7E7C6C61->s2: commitIndex: updateToMax old=1, new=1, updated? false
2022-08-02 21:05:56,096 [grpc-default-executor-2] DEBUG leader.FollowerInfo (FollowerInfoImpl.java:lambda$new$1(49)) - s0@group-DBBE7E7C6C61->s2: matchIndex: updateToMax old=2, new=-1, updated? false
2022-08-02 21:05:56,097 [grpc-default-executor-3] DEBUG leader.FollowerInfo (FollowerInfoImpl.java:lambda$new$1(49)) - s0@group-DBBE7E7C6C61->s1: commitIndex: updateToMax old=1, new=1, updated? false
2022-08-02 21:05:56,097 [grpc-default-executor-3] DEBUG leader.FollowerInfo (FollowerInfoImpl.java:lambda$new$1(49)) - s0@group-DBBE7E7C6C61->s1: matchIndex: updateToMax old=2, new=-1, updated? false
2022-08-02 21:05:56,097 [grpc-default-executor-2] DEBUG leader.FollowerInfo (FollowerInfoImpl.java:lambda$new$1(49)) - s0@group-DBBE7E7C6C61->s2: commitIndex: updateToMax old=1, new=1, updated? false
2022-08-02 21:05:56,097 [grpc-default-executor-2] DEBUG leader.FollowerInfo (FollowerInfoImpl.java:lambda$new$1(49)) - s0@group-DBBE7E7C6C61->s2: matchIndex: updateToMax old=2, new=-1, updated? false
2022-08-02 21:05:56,098 [grpc-default-executor-3] DEBUG leader.FollowerInfo (FollowerInfoImpl.java:lambda$new$1(49)) - s0@group-DBBE7E7C6C61->s1: commitIndex: updateToMax old=1, new=1, updated? false
2022-08-02 21:05:56,098 [grpc-default-executor-3] DEBUG leader.FollowerInfo (FollowerInfoImpl.java:lambda$new$1(49)) - s0@group-DBBE7E7C6C61->s1: matchIndex: updateToMax old=2, new=-1, updated? false
2022-08-02 21:05:56,099 [grpc-default-executor-2] DEBUG leader.FollowerInfo (FollowerInfoImpl.java:lambda$new$1(49)) - s0@group-DBBE7E7C6C61->s2: commitIndex: updateToMax old=1, new=1, updated? false
2022-08-02 21:05:56,099 [grpc-default-executor-2] DEBUG leader.FollowerInfo (FollowerInfoImpl.java:lambda$new$1(49)) - s0@group-DBBE7E7C6C61->s2: matchIndex: updateToMax old=2, new=-1, updated? false
2022-08-02 21:05:56,099 [grpc-default-executor-3] DEBUG leader.FollowerInfo (FollowerInfoImpl.java:lambda$new$1(49)) - s0@group-DBBE7E7C6C61->s1: commitIndex: updateToMax old=1, new=1, updated? false
2022-08-02 21:05:56,099 [grpc-default-executor-3] DEBUG leader.FollowerInfo (FollowerInfoImpl.java:lambda$new$1(49)) - s0@group-DBBE7E7C6C61->s1: matchIndex: updateToMax old=2, new=-1, updated? false
2022-08-02 21:05:56,100 [grpc-default-executor-2] DEBUG leader.FollowerInfo (FollowerInfoImpl.java:lambda$new$1(49)) - s0@group-DBBE7E7C6C61->s2: commitIndex: updateToMax old=1, new=1, updated? false
2022-08-02 21:05:56,100 [grpc-default-executor-2] DEBUG leader.FollowerInfo (FollowerInfoImpl.java:lambda$new$1(49)) - s0@group-DBBE7E7C6C61->s2: matchIndex: updateToMax old=2, new=-1, updated? false
2022-08-02 21:05:56,101 [grpc-default-executor-3] DEBUG leader.FollowerInfo (FollowerInfoImpl.java:lambda$new$1(49)) - s0@group-DBBE7E7C6C61->s1: commitIndex: updateToMax old=1, new=1, updated? false
2022-08-02 21:05:56,101 [grpc-default-executor-3] DEBUG leader.FollowerInfo (FollowerInfoImpl.java:lambda$new$1(49)) - s0@group-DBBE7E7C6C61->s1: matchIndex: updateToMax old=2, new=-1, updated? false
2022-08-02 21:05:56,101 [grpc-default-executor-2] DEBUG leader.FollowerInfo (FollowerInfoImpl.java:lambda$new$1(49)) - s0@group-DBBE7E7C6C61->s2: commitIndex: updateToMax old=1, new=1, updated? false
2022-08-02 21:05:56,101 [grpc-default-executor-2] DEBUG leader.FollowerInfo (FollowerInfoImpl.java:lambda$new$1(49)) - s0@group-DBBE7E7C6C61->s2: matchIndex: updateToMax old=2, new=-1, updated? false
2022-08-02 21:05:56,102 [grpc-default-executor-3] DEBUG leader.FollowerInfo (FollowerInfoImpl.java:lambda$new$1(49)) - s0@group-DBBE7E7C6C61->s1: commitIndex: updateToMax old=1, new=1, updated? false
2022-08-02 21:05:56,102 [grpc-default-executor-3] DEBUG leader.FollowerInfo (FollowerInfoImpl.java:lambda$new$1(49)) - s0@group-DBBE7E7C6C61->s1: matchIndex: updateToMax old=2, new=-1, updated? false
2022-08-02 21:05:56,103 [grpc-default-executor-2] DEBUG leader.FollowerInfo (FollowerInfoImpl.java:lambda$new$1(49)) - s0@group-DBBE7E7C6C61->s2: commitIndex: updateToMax old=1, new=1, updated? false
2022-08-02 21:05:56,103 [grpc-default-executor-2] DEBUG leader.FollowerInfo (FollowerInfoImpl.java:lambda$new$1(49)) - s0@group-DBBE7E7C6C61->s2: matchIndex: updateToMax old=2, new=-1, updated? false
2022-08-02 21:05:56,103 [grpc-default-executor-3] DEBUG leader.FollowerInfo (FollowerInfoImpl.java:lambda$new$1(49)) - s0@group-DBBE7E7C6C61->s1: commitIndex: updateToMax old=1, new=1, updated? false
2022-08-02 21:05:56,103 [grpc-default-executor-3] DEBUG leader.FollowerInfo (FollowerInfoImpl.java:lambda$new$1(49)) - s0@group-DBBE7E7C6C61->s1: matchIndex: updateToMax old=2, new=-1, updated? false
2022-08-02 21:05:56,104 [grpc-default-executor-2] DEBUG leader.FollowerInfo (FollowerInfoImpl.java:lambda$new$1(49)) - s0@group-DBBE7E7C6C61->s2: commitIndex: updateToMax old=1, new=1, updated? false
2022-08-02 21:05:56,104 [grpc-default-executor-2] DEBUG leader.FollowerInfo (FollowerInfoImpl.java:lambda$new$1(49)) - s0@group-DBBE7E7C6C61->s2: matchIndex: updateToMax old=2, new=-1, updated? false
2022-08-02 21:05:56,105 [grpc-default-executor-3] DEBUG leader.FollowerInfo (FollowerInfoImpl.java:lambda$new$1(49)) - s0@group-DBBE7E7C6C61->s1: commitIndex: updateToMax old=1, new=1, updated? false
2022-08-02 21:05:56,105 [grpc-default-executor-3] DEBUG leader.FollowerInfo (FollowerInfoImpl.java:lambda$new$1(49)) - s0@group-DBBE7E7C6C61->s1: matchIndex: updateToMax old=2, new=-1, updated? false
2022-08-02 21:05:56,105 [grpc-default-executor-2] DEBUG leader.FollowerInfo (FollowerInfoImpl.java:lambda$new$1(49)) - s0@group-DBBE7E7C6C61->s2: commitIndex: updateToMax old=1, new=1, updated? false
2022-08-02 21:05:56,105 [grpc-default-executor-2] DEBUG leader.FollowerInfo (FollowerInfoImpl.java:lambda$new$1(49)) - s0@group-DBBE7E7C6C61->s2: matchIndex: updateToMax old=2, new=-1, updated? false
2022-08-02 21:05:56,106 [grpc-default-executor-3] DEBUG leader.FollowerInfo (FollowerInfoImpl.java:lambda$new$1(49)) - s0@group-DBBE7E7C6C61->s1: commitIndex: updateToMax old=1, new=1, updated? false
2022-08-02 21:05:56,106 [grpc-default-executor-3] DEBUG leader.FollowerInfo (FollowerInfoImpl.java:lambda$new$1(49)) - s0@group-DBBE7E7C6C61->s1: matchIndex: updateToMax old=2, new=-1, updated? false
2022-08-02 21:05:56,107 [grpc-default-executor-2] DEBUG leader.FollowerInfo (FollowerInfoImpl.java:lambda$new$1(49)) - s0@group-DBBE7E7C6C61->s2: commitIndex: updateToMax old=1, new=1, updated? false
2022-08-02 21:05:56,107 [grpc-default-executor-2] DEBUG leader.FollowerInfo (FollowerInfoImpl.java:lambda$new$1(49)) - s0@group-DBBE7E7C6C61->s2: matchIndex: updateToMax old=2, new=-1, updated? false
2022-08-02 21:05:56,107 [grpc-default-executor-3] DEBUG leader.FollowerInfo (FollowerInfoImpl.java:lambda$new$1(49)) - s0@group-DBBE7E7C6C61->s1: commitIndex: updateToMax old=1, new=1, updated? false
2022-08-02 21:05:56,107 [grpc-default-executor-3] DEBUG leader.FollowerInfo (FollowerInfoImpl.java:lambda$new$1(49)) - s0@group-DBBE7E7C6C61->s1: matchIndex: updateToMax old=2, new=-1, updated? false
2022-08-02 21:05:56,108 [grpc-default-executor-2] DEBUG leader.FollowerInfo (FollowerInfoImpl.java:lambda$new$1(49)) - s0@group-DBBE7E7C6C61->s2: commitIndex: updateToMax old=1, new=1, updated? false
2022-08-02 21:05:56,108 [grpc-default-executor-2] DEBUG leader.FollowerInfo (FollowerInfoImpl.java:lambda$new$1(49)) - s0@group-DBBE7E7C6C61->s2: matchIndex: updateToMax old=2, new=-1, updated? false
2022-08-02 21:05:56,109 [grpc-default-executor-3] DEBUG leader.FollowerInfo (FollowerInfoImpl.java:lambda$new$1(49)) - s0@group-DBBE7E7C6C61->s1: commitIndex: updateToMax old=1, new=1, updated? false
2022-08-02 21:05:56,109 [grpc-default-executor-3] DEBUG leader.FollowerInfo (FollowerInfoImpl.java:lambda$new$1(49)) - s0@group-DBBE7E7C6C61->s1: matchIndex: updateToMax old=2, new=-1, updated? false
2022-08-02 21:05:56,109 [grpc-default-executor-2] DEBUG leader.FollowerInfo (FollowerInfoImpl.java:lambda$new$1(49)) - s0@group-DBBE7E7C6C61->s2: commitIndex: updateToMax old=1, new=1, updated? false
2022-08-02 21:05:56,109 [grpc-default-executor-2] DEBUG leader.FollowerInfo (FollowerInfoImpl.java:lambda$new$1(49)) - s0@group-DBBE7E7C6C61->s2: matchIndex: updateToMax old=2, new=-1, updated? false
2022-08-02 21:05:56,110 [grpc-default-executor-3] DEBUG leader.FollowerInfo (FollowerInfoImpl.java:lambda$new$1(49)) - s0@group-DBBE7E7C6C61->s1: commitIndex: updateToMax old=1, new=1, updated? false
2022-08-02 21:05:56,110 [grpc-default-executor-3] DEBUG leader.FollowerInfo (FollowerInfoImpl.java:lambda$new$1(49)) - s0@group-DBBE7E7C6C61->s1: matchIndex: updateToMax old=2, new=-1, updated? false
2022-08-02 21:05:56,111 [grpc-default-executor-2] DEBUG leader.FollowerInfo (FollowerInfoImpl.java:lambda$new$1(49)) - s0@group-DBBE7E7C6C61->s2: commitIndex: updateToMax old=1, new=1, updated? false
2022-08-02 21:05:56,111 [grpc-default-executor-2] DEBUG leader.FollowerInfo (FollowerInfoImpl.java:lambda$new$1(49)) - s0@group-DBBE7E7C6C61->s2: matchIndex: updateToMax old=2, new=-1, updated? false
2022-08-02 21:05:56,111 [grpc-default-executor-3] DEBUG leader.FollowerInfo (FollowerInfoImpl.java:lambda$new$1(49)) - s0@group-DBBE7E7C6C61->s1: commitIndex: updateToMax old=1, new=1, updated? false
2022-08-02 21:05:56,111 [grpc-default-executor-3] DEBUG leader.FollowerInfo (FollowerInfoImpl.java:lambda$new$1(49)) - s0@group-DBBE7E7C6C61->s1: matchIndex: updateToMax old=2, new=-1, updated? false
2022-08-02 21:05:56,112 [grpc-default-executor-2] DEBUG leader.FollowerInfo (FollowerInfoImpl.java:lambda$new$1(49)) - s0@group-DBBE7E7C6C61->s2: commitIndex: updateToMax old=1, new=1, updated? false
2022-08-02 21:05:56,112 [grpc-default-executor-2] DEBUG leader.FollowerInfo (FollowerInfoImpl.java:lambda$new$1(49)) - s0@group-DBBE7E7C6C61->s2: matchIndex: updateToMax old=2, new=-1, updated? false
2022-08-02 21:05:56,113 [grpc-default-executor-3] DEBUG leader.FollowerInfo (FollowerInfoImpl.java:lambda$new$1(49)) - s0@group-DBBE7E7C6C61->s1: commitIndex: updateToMax old=1, new=1, updated? false
2022-08-02 21:05:56,113 [grpc-default-executor-3] DEBUG leader.FollowerInfo (FollowerInfoImpl.java:lambda$new$1(49)) - s0@group-DBBE7E7C6C61->s1: matchIndex: updateToMax old=2, new=-1, updated? false
2022-08-02 21:05:56,113 [grpc-default-executor-2] DEBUG leader.FollowerInfo (FollowerInfoImpl.java:lambda$new$1(49)) - s0@group-DBBE7E7C6C61->s2: commitIndex: updateToMax old=1, new=1, updated? false
2022-08-02 21:05:56,113 [grpc-default-executor-2] DEBUG leader.FollowerInfo (FollowerInfoImpl.java:lambda$new$1(49)) - s0@group-DBBE7E7C6C61->s2: matchIndex: updateToMax old=2, new=-1, updated? false
2022-08-02 21:05:56,114 [grpc-default-executor-3] DEBUG leader.FollowerInfo (FollowerInfoImpl.java:lambda$new$1(49)) - s0@group-DBBE7E7C6C61->s1: commitIndex: updateToMax old=1, new=1, updated? false
2022-08-02 21:05:56,114 [grpc-default-executor-3] DEBUG leader.FollowerInfo (FollowerInfoImpl.java:lambda$new$1(49)) - s0@group-DBBE7E7C6C61->s1: matchIndex: updateToMax old=2, new=-1, updated? false
2022-08-02 21:05:56,115 [grpc-default-executor-2] DEBUG leader.FollowerInfo (FollowerInfoImpl.java:lambda$new$1(49)) - s0@group-DBBE7E7C6C61->s2: commitIndex: updateToMax old=1, new=1, updated? false
2022-08-02 21:05:56,115 [grpc-default-executor-2] DEBUG leader.FollowerInfo (FollowerInfoImpl.java:lambda$new$1(49)) - s0@group-DBBE7E7C6C61->s2: matchIndex: updateToMax old=2, new=-1, updated? false
2022-08-02 21:05:56,115 [grpc-default-executor-3] DEBUG leader.FollowerInfo (FollowerInfoImpl.java:lambda$new$1(49)) - s0@group-DBBE7E7C6C61->s1: commitIndex: updateToMax old=1, new=1, updated? false
2022-08-02 21:05:56,115 [grpc-default-executor-3] DEBUG leader.FollowerInfo (FollowerInfoImpl.java:lambda$new$1(49)) - s0@group-DBBE7E7C6C61->s1: matchIndex: updateToMax old=2, new=-1, updated? false
2022-08-02 21:05:56,116 [grpc-default-executor-2] DEBUG leader.FollowerInfo (FollowerInfoImpl.java:lambda$new$1(49)) - s0@group-DBBE7E7C6C61->s2: commitIndex: updateToMax old=1, new=1, updated? false
2022-08-02 21:05:56,116 [grpc-default-executor-2] DEBUG leader.FollowerInfo (FollowerInfoImpl.java:lambda$new$1(49)) - s0@group-DBBE7E7C6C61->s2: matchIndex: updateToMax old=2, new=-1, updated? false
2022-08-02 21:05:56,117 [grpc-default-executor-3] DEBUG leader.FollowerInfo (FollowerInfoImpl.java:lambda$new$1(49)) - s0@group-DBBE7E7C6C61->s1: commitIndex: updateToMax old=1, new=1, updated? false
2022-08-02 21:05:56,117 [grpc-default-executor-3] DEBUG leader.FollowerInfo (FollowerInfoImpl.java:lambda$new$1(49)) - s0@group-DBBE7E7C6C61->s1: matchIndex: updateToMax old=2, new=-1, updated? false
2022-08-02 21:05:56,117 [grpc-default-executor-2] DEBUG leader.FollowerInfo (FollowerInfoImpl.java:lambda$new$1(49)) - s0@group-DBBE7E7C6C61->s2: commitIndex: updateToMax old=1, new=1, updated? false
2022-08-02 21:05:56,117 [grpc-default-executor-2] DEBUG leader.FollowerInfo (FollowerInfoImpl.java:lambda$new$1(49)) - s0@group-DBBE7E7C6C61->s2: matchIndex: updateToMax old=2, new=-1, updated? false
2022-08-02 21:05:56,118 [grpc-default-executor-3] DEBUG leader.FollowerInfo (FollowerInfoImpl.java:lambda$new$1(49)) - s0@group-DBBE7E7C6C61->s1: commitIndex: updateToMax old=1, new=1, updated? false
2022-08-02 21:05:56,118 [grpc-default-executor-3] DEBUG leader.FollowerInfo (FollowerInfoImpl.java:lambda$new$1(49)) - s0@group-DBBE7E7C6C61->s1: matchIndex: updateToMax old=2, new=-1, updated? false
2022-08-02 21:05:56,119 [grpc-default-executor-2] DEBUG leader.FollowerInfo (FollowerInfoImpl.java:lambda$new$1(49)) - s0@group-DBBE7E7C6C61->s2: commitIndex: updateToMax old=1, new=1, updated? false
2022-08-02 21:05:56,119 [grpc-default-executor-2] DEBUG leader.FollowerInfo (FollowerInfoImpl.java:lambda$new$1(49)) - s0@group-DBBE7E7C6C61->s2: matchIndex: updateToMax old=2, new=-1, updated? false
2022-08-02 21:05:56,119 [grpc-default-executor-3] DEBUG leader.FollowerInfo (FollowerInfoImpl.java:lambda$new$1(49)) - s0@group-DBBE7E7C6C61->s1: commitIndex: updateToMax old=1, new=1, updated? false
2022-08-02 21:05:56,119 [grpc-default-executor-3] DEBUG leader.FollowerInfo (FollowerInfoImpl.java:lambda$new$1(49)) - s0@group-DBBE7E7C6C61->s1: matchIndex: updateToMax old=2, new=-1, updated? false
2022-08-02 21:05:56,120 [grpc-default-executor-2] DEBUG leader.FollowerInfo (FollowerInfoImpl.java:lambda$new$1(49)) - s0@group-DBBE7E7C6C61->s2: commitIndex: updateToMax old=1, new=1, updated? false
2022-08-02 21:05:56,120 [grpc-default-executor-2] DEBUG leader.FollowerInfo (FollowerInfoImpl.java:lambda$new$1(49)) - s0@group-DBBE7E7C6C61->s2: matchIndex: updateToMax old=2, new=-1, updated? false
2022-08-02 21:05:56,121 [grpc-default-executor-3] DEBUG leader.FollowerInfo (FollowerInfoImpl.java:lambda$new$1(49)) - s0@group-DBBE7E7C6C61->s1: commitIndex: updateToMax old=1, new=1, updated? false
2022-08-02 21:05:56,121 [grpc-default-executor-3] DEBUG leader.FollowerInfo (FollowerInfoImpl.java:lambda$new$1(49)) - s0@group-DBBE7E7C6C61->s1: matchIndex: updateToMax old=2, new=-1, updated? false
2022-08-02 21:05:56,121 [grpc-default-executor-2] DEBUG leader.FollowerInfo (FollowerInfoImpl.java:lambda$new$1(49)) - s0@group-DBBE7E7C6C61->s2: commitIndex: updateToMax old=1, new=1, updated? false
2022-08-02 21:05:56,121 [grpc-default-executor-2] DEBUG leader.FollowerInfo (FollowerInfoImpl.java:lambda$new$1(49)) - s0@group-DBBE7E7C6C61->s2: matchIndex: updateToMax old=2, new=-1, updated? false
2022-08-02 21:05:56,122 [grpc-default-executor-3] DEBUG leader.FollowerInfo (FollowerInfoImpl.java:lambda$new$1(49)) - s0@group-DBBE7E7C6C61->s1: commitIndex: updateToMax old=1, new=1, updated? false
2022-08-02 21:05:56,122 [grpc-default-executor-3] DEBUG leader.FollowerInfo (FollowerInfoImpl.java:lambda$new$1(49)) - s0@group-DBBE7E7C6C61->s1: matchIndex: updateToMax old=2, new=-1, updated? false
2022-08-02 21:05:56,122 [grpc-default-executor-2] DEBUG leader.FollowerInfo (FollowerInfoImpl.java:lambda$new$1(49)) - s0@group-DBBE7E7C6C61->s2: commitIndex: updateToMax old=1, new=1, updated? false
2022-08-02 21:05:56,122 [grpc-default-executor-2] DEBUG leader.FollowerInfo (FollowerInfoImpl.java:lambda$new$1(49)) - s0@group-DBBE7E7C6C61->s2: matchIndex: updateToMax old=2, new=-1, updated? false
2022-08-02 21:05:56,123 [grpc-default-executor-3] DEBUG leader.FollowerInfo (FollowerInfoImpl.java:lambda$new$1(49)) - s0@group-DBBE7E7C6C61->s1: commitIndex: updateToMax old=1, new=1, updated? false
2022-08-02 21:05:56,123 [grpc-default-executor-3] DEBUG leader.FollowerInfo (FollowerInfoImpl.java:lambda$new$1(49)) - s0@group-DBBE7E7C6C61->s1: matchIndex: updateToMax old=2, new=-1, updated? false
2022-08-02 21:05:56,124 [grpc-default-executor-2] DEBUG leader.FollowerInfo (FollowerInfoImpl.java:lambda$new$1(49)) - s0@group-DBBE7E7C6C61->s2: commitIndex: updateToMax old=1, new=1, updated? false
2022-08-02 21:05:56,124 [grpc-default-executor-2] DEBUG leader.FollowerInfo (FollowerInfoImpl.java:lambda$new$1(49)) - s0@group-DBBE7E7C6C61->s2: matchIndex: updateToMax old=2, new=-1, updated? false
2022-08-02 21:05:56,124 [grpc-default-executor-3] DEBUG leader.FollowerInfo (FollowerInfoImpl.java:lambda$new$1(49)) - s0@group-DBBE7E7C6C61->s1: commitIndex: updateToMax old=1, new=1, updated? false
2022-08-02 21:05:56,124 [grpc-default-executor-3] DEBUG leader.FollowerInfo (FollowerInfoImpl.java:lambda$new$1(49)) - s0@group-DBBE7E7C6C61->s1: matchIndex: updateToMax old=2, new=-1, updated? false
2022-08-02 21:05:56,125 [grpc-default-executor-2] DEBUG leader.FollowerInfo (FollowerInfoImpl.java:lambda$new$1(49)) - s0@group-DBBE7E7C6C61->s2: commitIndex: updateToMax old=1, new=1, updated? false
2022-08-02 21:05:56,125 [grpc-default-executor-2] DEBUG leader.FollowerInfo (FollowerInfoImpl.java:lambda$new$1(49)) - s0@group-DBBE7E7C6C61->s2: matchIndex: updateToMax old=2, new=-1, updated? false
2022-08-02 21:05:56,126 [grpc-default-executor-3] DEBUG leader.FollowerInfo (FollowerInfoImpl.java:lambda$new$1(49)) - s0@group-DBBE7E7C6C61->s1: commitIndex: updateToMax old=1, new=1, updated? false
2022-08-02 21:05:56,126 [grpc-default-executor-3] DEBUG leader.FollowerInfo (FollowerInfoImpl.java:lambda$new$1(49)) - s0@group-DBBE7E7C6C61->s1: matchIndex: updateToMax old=2, new=-1, updated? false
2022-08-02 21:05:56,126 [grpc-default-executor-2] DEBUG leader.FollowerInfo (FollowerInfoImpl.java:lambda$new$1(49)) - s0@group-DBBE7E7C6C61->s2: commitIndex: updateToMax old=1, new=1, updated? false
2022-08-02 21:05:56,127 [grpc-default-executor-2] DEBUG leader.FollowerInfo (FollowerInfoImpl.java:lambda$new$1(49)) - s0@group-DBBE7E7C6C61->s2: matchIndex: updateToMax old=2, new=-1, updated? false
2022-08-02 21:05:56,127 [grpc-default-executor-3] DEBUG leader.FollowerInfo (FollowerInfoImpl.java:lambda$new$1(49)) - s0@group-DBBE7E7C6C61->s1: commitIndex: updateToMax old=1, new=1, updated? false
2022-08-02 21:05:56,127 [grpc-default-executor-3] DEBUG leader.FollowerInfo (FollowerInfoImpl.java:lambda$new$1(49)) - s0@group-DBBE7E7C6C61->s1: matchIndex: updateToMax old=2, new=-1, updated? false
2022-08-02 21:05:56,128 [grpc-default-executor-2] DEBUG leader.FollowerInfo (FollowerInfoImpl.java:lambda$new$1(49)) - s0@group-DBBE7E7C6C61->s2: commitIndex: updateToMax old=1, new=1, updated? false
2022-08-02 21:05:56,128 [grpc-default-executor-2] DEBUG leader.FollowerInfo (FollowerInfoImpl.java:lambda$new$1(49)) - s0@group-DBBE7E7C6C61->s2: matchIndex: updateToMax old=2, new=-1, updated? false
2022-08-02 21:05:56,128 [grpc-default-executor-3] DEBUG leader.FollowerInfo (FollowerInfoImpl.java:lambda$new$1(49)) - s0@group-DBBE7E7C6C61->s1: commitIndex: updateToMax old=1, new=1, updated? false
2022-08-02 21:05:56,128 [grpc-default-executor-3] DEBUG leader.FollowerInfo (FollowerInfoImpl.java:lambda$new$1(49)) - s0@group-DBBE7E7C6C61->s1: matchIndex: updateToMax old=2, new=-1, updated? false
2022-08-02 21:05:56,129 [grpc-default-executor-2] DEBUG leader.FollowerInfo (FollowerInfoImpl.java:lambda$new$1(49)) - s0@group-DBBE7E7C6C61->s2: commitIndex: updateToMax old=1, new=1, updated? false
2022-08-02 21:05:56,129 [grpc-default-executor-2] DEBUG leader.FollowerInfo (FollowerInfoImpl.java:lambda$new$1(49)) - s0@group-DBBE7E7C6C61->s2: matchIndex: updateToMax old=2, new=-1, updated? false
2022-08-02 21:05:56,130 [grpc-default-executor-3] DEBUG leader.FollowerInfo (FollowerInfoImpl.java:lambda$new$1(49)) - s0@group-DBBE7E7C6C61->s1: commitIndex: updateToMax old=1, new=1, updated? false
2022-08-02 21:05:56,130 [grpc-default-executor-3] DEBUG leader.FollowerInfo (FollowerInfoImpl.java:lambda$new$1(49)) - s0@group-DBBE7E7C6C61->s1: matchIndex: updateToMax old=2, new=-1, updated? false
2022-08-02 21:05:56,130 [grpc-default-executor-2] DEBUG leader.FollowerInfo (FollowerInfoImpl.java:lambda$new$1(49)) - s0@group-DBBE7E7C6C61->s2: commitIndex: updateToMax old=1, new=1, updated? false
2022-08-02 21:05:56,130 [grpc-default-executor-2] DEBUG leader.FollowerInfo (FollowerInfoImpl.java:lambda$new$1(49)) - s0@group-DBBE7E7C6C61->s2: matchIndex: updateToMax old=2, new=-1, updated? false
2022-08-02 21:05:56,131 [grpc-default-executor-3] DEBUG leader.FollowerInfo (FollowerInfoImpl.java:lambda$new$1(49)) - s0@group-DBBE7E7C6C61->s1: commitIndex: updateToMax old=1, new=1, updated? false
2022-08-02 21:05:56,131 [grpc-default-executor-3] DEBUG leader.FollowerInfo (FollowerInfoImpl.java:lambda$new$1(49)) - s0@group-DBBE7E7C6C61->s1: matchIndex: updateToMax old=2, new=-1, updated? false
2022-08-02 21:05:56,132 [grpc-default-executor-2] DEBUG leader.FollowerInfo (FollowerInfoImpl.java:lambda$new$1(49)) - s0@group-DBBE7E7C6C61->s2: commitIndex: updateToMax old=1, new=1, updated? false
2022-08-02 21:05:56,132 [grpc-default-executor-2] DEBUG leader.FollowerInfo (FollowerInfoImpl.java:lambda$new$1(49)) - s0@group-DBBE7E7C6C61->s2: matchIndex: updateToMax old=2, new=-1, updated? false
2022-08-02 21:05:56,132 [grpc-default-executor-3] DEBUG leader.FollowerInfo (FollowerInfoImpl.java:lambda$new$1(49)) - s0@group-DBBE7E7C6C61->s1: commitIndex: updateToMax old=1, new=1, updated? false
2022-08-02 21:05:56,132 [grpc-default-executor-3] DEBUG leader.FollowerInfo (FollowerInfoImpl.java:lambda$new$1(49)) - s0@group-DBBE7E7C6C61->s1: matchIndex: updateToMax old=2, new=-1, updated? false
2022-08-02 21:05:56,133 [grpc-default-executor-2] DEBUG leader.FollowerInfo (FollowerInfoImpl.java:lambda$new$1(49)) - s0@group-DBBE7E7C6C61->s2: commitIndex: updateToMax old=1, new=1, updated? false
2022-08-02 21:05:56,133 [grpc-default-executor-2] DEBUG leader.FollowerInfo (FollowerInfoImpl.java:lambda$new$1(49)) - s0@group-DBBE7E7C6C61->s2: matchIndex: updateToMax old=2, new=-1, updated? false
2022-08-02 21:05:56,134 [grpc-default-executor-3] DEBUG leader.FollowerInfo (FollowerInfoImpl.java:lambda$new$1(49)) - s0@group-DBBE7E7C6C61->s1: commitIndex: updateToMax old=1, new=1, updated? false
2022-08-02 21:05:56,134 [grpc-default-executor-3] DEBUG leader.FollowerInfo (FollowerInfoImpl.java:lambda$new$1(49)) - s0@group-DBBE7E7C6C61->s1: matchIndex: updateToMax old=2, new=-1, updated? false
2022-08-02 21:05:56,134 [grpc-default-executor-2] DEBUG leader.FollowerInfo (FollowerInfoImpl.java:lambda$new$1(49)) - s0@group-DBBE7E7C6C61->s2: commitIndex: updateToMax old=1, new=1, updated? false
2022-08-02 21:05:56,134 [grpc-default-executor-2] DEBUG leader.FollowerInfo (FollowerInfoImpl.java:lambda$new$1(49)) - s0@group-DBBE7E7C6C61->s2: matchIndex: updateToMax old=2, new=-1, updated? false
2022-08-02 21:05:56,135 [grpc-default-executor-3] DEBUG leader.FollowerInfo (FollowerInfoImpl.java:lambda$new$1(49)) - s0@group-DBBE7E7C6C61->s1: commitIndex: updateToMax old=1, new=1, updated? false
2022-08-02 21:05:56,135 [grpc-default-executor-3] DEBUG leader.FollowerInfo (FollowerInfoImpl.java:lambda$new$1(49)) - s0@group-DBBE7E7C6C61->s1: matchIndex: updateToMax old=2, new=-1, updated? false
2022-08-02 21:05:56,136 [grpc-default-executor-2] DEBUG leader.FollowerInfo (FollowerInfoImpl.java:lambda$new$1(49)) - s0@group-DBBE7E7C6C61->s2: commitIndex: updateToMax old=1, new=1, updated? false
2022-08-02 21:05:56,136 [grpc-default-executor-2] DEBUG leader.FollowerInfo (FollowerInfoImpl.java:lambda$new$1(49)) - s0@group-DBBE7E7C6C61->s2: matchIndex: updateToMax old=2, new=-1, updated? false
2022-08-02 21:05:56,136 [grpc-default-executor-3] DEBUG leader.FollowerInfo (FollowerInfoImpl.java:lambda$new$1(49)) - s0@group-DBBE7E7C6C61->s1: commitIndex: updateToMax old=1, new=1, updated? false
2022-08-02 21:05:56,136 [grpc-default-executor-3] DEBUG leader.FollowerInfo (FollowerInfoImpl.java:lambda$new$1(49)) - s0@group-DBBE7E7C6C61->s1: matchIndex: updateToMax old=2, new=-1, updated? false
2022-08-02 21:05:56,137 [grpc-default-executor-2] DEBUG leader.FollowerInfo (FollowerInfoImpl.java:lambda$new$1(49)) - s0@group-DBBE7E7C6C61->s2: commitIndex: updateToMax old=1, new=1, updated? false
2022-08-02 21:05:56,137 [grpc-default-executor-2] DEBUG leader.FollowerInfo (FollowerInfoImpl.java:lambda$new$1(49)) - s0@group-DBBE7E7C6C61->s2: matchIndex: updateToMax old=2, new=-1, updated? false
2022-08-02 21:05:56,138 [grpc-default-executor-3] DEBUG leader.FollowerInfo (FollowerInfoImpl.java:lambda$new$1(49)) - s0@group-DBBE7E7C6C61->s1: commitIndex: updateToMax old=1, new=1, updated? false
2022-08-02 21:05:56,138 [grpc-default-executor-3] DEBUG leader.FollowerInfo (FollowerInfoImpl.java:lambda$new$1(49)) - s0@group-DBBE7E7C6C61->s1: matchIndex: updateToMax old=2, new=-1, updated? false
2022-08-02 21:05:56,138 [grpc-default-executor-2] DEBUG leader.FollowerInfo (FollowerInfoImpl.java:lambda$new$1(49)) - s0@group-DBBE7E7C6C61->s2: commitIndex: updateToMax old=1, new=1, updated? false
2022-08-02 21:05:56,138 [grpc-default-executor-2] DEBUG leader.FollowerInfo (FollowerInfoImpl.java:lambda$new$1(49)) - s0@group-DBBE7E7C6C61->s2: matchIndex: updateToMax old=2, new=-1, updated? false
2022-08-02 21:05:56,139 [grpc-default-executor-3] DEBUG leader.FollowerInfo (FollowerInfoImpl.java:lambda$new$1(49)) - s0@group-DBBE7E7C6C61->s1: commitIndex: updateToMax old=1, new=1, updated? false
2022-08-02 21:05:56,139 [grpc-default-executor-3] DEBUG leader.FollowerInfo (FollowerInfoImpl.java:lambda$new$1(49)) - s0@group-DBBE7E7C6C61->s1: matchIndex: updateToMax old=2, new=-1, updated? false
2022-08-02 21:05:56,140 [grpc-default-executor-2] DEBUG leader.FollowerInfo (FollowerInfoImpl.java:lambda$new$1(49)) - s0@group-DBBE7E7C6C61->s2: commitIndex: updateToMax old=1, new=1, updated? false
2022-08-02 21:05:56,140 [grpc-default-executor-2] DEBUG leader.FollowerInfo (FollowerInfoImpl.java:lambda$new$1(49)) - s0@group-DBBE7E7C6C61->s2: matchIndex: updateToMax old=2, new=-1, updated? false
2022-08-02 21:05:56,140 [grpc-default-executor-3] DEBUG leader.FollowerInfo (FollowerInfoImpl.java:lambda$new$1(49)) - s0@group-DBBE7E7C6C61->s1: commitIndex: updateToMax old=1, new=1, updated? false
2022-08-02 21:05:56,140 [grpc-default-executor-3] DEBUG leader.FollowerInfo (FollowerInfoImpl.java:lambda$new$1(49)) - s0@group-DBBE7E7C6C61->s1: matchIndex: updateToMax old=2, new=-1, updated? false
2022-08-02 21:05:56,141 [grpc-default-executor-2] DEBUG leader.FollowerInfo (FollowerInfoImpl.java:lambda$new$1(49)) - s0@group-DBBE7E7C6C61->s2: commitIndex: updateToMax old=1, new=1, updated? false
2022-08-02 21:05:56,141 [grpc-default-executor-2] DEBUG leader.FollowerInfo (FollowerInfoImpl.java:lambda$new$1(49)) - s0@group-DBBE7E7C6C61->s2: matchIndex: updateToMax old=2, new=-1, updated? false
2022-08-02 21:05:56,142 [grpc-default-executor-3] DEBUG leader.FollowerInfo (FollowerInfoImpl.java:lambda$new$1(49)) - s0@group-DBBE7E7C6C61->s1: commitIndex: updateToMax old=1, new=1, updated? false
2022-08-02 21:05:56,142 [grpc-default-executor-3] DEBUG leader.FollowerInfo (FollowerInfoImpl.java:lambda$new$1(49)) - s0@group-DBBE7E7C6C61->s1: matchIndex: updateToMax old=2, new=-1, updated? false
2022-08-02 21:05:56,142 [grpc-default-executor-2] DEBUG leader.FollowerInfo (FollowerInfoImpl.java:lambda$new$1(49)) - s0@group-DBBE7E7C6C61->s2: commitIndex: updateToMax old=1, new=1, updated? false
2022-08-02 21:05:56,142 [grpc-default-executor-2] DEBUG leader.FollowerInfo (FollowerInfoImpl.java:lambda$new$1(49)) - s0@group-DBBE7E7C6C61->s2: matchIndex: updateToMax old=2, new=-1, updated? false
2022-08-02 21:05:56,143 [grpc-default-executor-3] DEBUG leader.FollowerInfo (FollowerInfoImpl.java:lambda$new$1(49)) - s0@group-DBBE7E7C6C61->s1: commitIndex: updateToMax old=1, new=1, updated? false
2022-08-02 21:05:56,143 [grpc-default-executor-3] DEBUG leader.FollowerInfo (FollowerInfoImpl.java:lambda$new$1(49)) - s0@group-DBBE7E7C6C61->s1: matchIndex: updateToMax old=2, new=-1, updated? false
2022-08-02 21:05:56,144 [grpc-default-executor-2] DEBUG leader.FollowerInfo (FollowerInfoImpl.java:lambda$new$1(49)) - s0@group-DBBE7E7C6C61->s2: commitIndex: updateToMax old=1, new=1, updated? false
2022-08-02 21:05:56,144 [grpc-default-executor-2] DEBUG leader.FollowerInfo (FollowerInfoImpl.java:lambda$new$1(49)) - s0@group-DBBE7E7C6C61->s2: matchIndex: updateToMax old=2, new=-1, updated? false
2022-08-02 21:05:56,144 [grpc-default-executor-3] DEBUG leader.FollowerInfo (FollowerInfoImpl.java:lambda$new$1(49)) - s0@group-DBBE7E7C6C61->s1: commitIndex: updateToMax old=1, new=1, updated? false
2022-08-02 21:05:56,144 [grpc-default-executor-3] DEBUG leader.FollowerInfo (FollowerInfoImpl.java:lambda$new$1(49)) - s0@group-DBBE7E7C6C61->s1: matchIndex: updateToMax old=2, new=-1, updated? false
2022-08-02 21:05:56,145 [grpc-default-executor-2] DEBUG leader.FollowerInfo (FollowerInfoImpl.java:lambda$new$1(49)) - s0@group-DBBE7E7C6C61->s2: commitIndex: updateToMax old=1, new=1, updated? false
2022-08-02 21:05:56,145 [grpc-default-executor-2] DEBUG leader.FollowerInfo (FollowerInfoImpl.java:lambda$new$1(49)) - s0@group-DBBE7E7C6C61->s2: matchIndex: updateToMax old=2, new=-1, updated? false
2022-08-02 21:05:56,146 [grpc-default-executor-3] DEBUG leader.FollowerInfo (FollowerInfoImpl.java:lambda$new$1(49)) - s0@group-DBBE7E7C6C61->s1: commitIndex: updateToMax old=1, new=1, updated? false
2022-08-02 21:05:56,146 [grpc-default-executor-3] DEBUG leader.FollowerInfo (FollowerInfoImpl.java:lambda$new$1(49)) - s0@group-DBBE7E7C6C61->s1: matchIndex: updateToMax old=2, new=-1, updated? false
2022-08-02 21:05:56,146 [grpc-default-executor-2] DEBUG leader.FollowerInfo (FollowerInfoImpl.java:lambda$new$1(49)) - s0@group-DBBE7E7C6C61->s2: commitIndex: updateToMax old=1, new=1, updated? false
2022-08-02 21:05:56,146 [grpc-default-executor-2] DEBUG leader.FollowerInfo (FollowerInfoImpl.java:lambda$new$1(49)) - s0@group-DBBE7E7C6C61->s2: matchIndex: updateToMax old=2, new=-1, updated? false
2022-08-02 21:05:56,147 [grpc-default-executor-3] DEBUG leader.FollowerInfo (FollowerInfoImpl.java:lambda$new$1(49)) - s0@group-DBBE7E7C6C61->s1: commitIndex: updateToMax old=1, new=1, updated? false
2022-08-02 21:05:56,147 [grpc-default-executor-3] DEBUG leader.FollowerInfo (FollowerInfoImpl.java:lambda$new$1(49)) - s0@group-DBBE7E7C6C61->s1: matchIndex: updateToMax old=2, new=-1, updated? false
2022-08-02 21:05:56,148 [grpc-default-executor-2] DEBUG leader.FollowerInfo (FollowerInfoImpl.java:lambda$new$1(49)) - s0@group-DBBE7E7C6C61->s2: commitIndex: updateToMax old=1, new=1, updated? false
2022-08-02 21:05:56,148 [grpc-default-executor-2] DEBUG leader.FollowerInfo (FollowerInfoImpl.java:lambda$new$1(49)) - s0@group-DBBE7E7C6C61->s2: matchIndex: updateToMax old=2, new=-1, updated? false
2022-08-02 21:05:56,148 [grpc-default-executor-3] DEBUG leader.FollowerInfo (FollowerInfoImpl.java:lambda$new$1(49)) - s0@group-DBBE7E7C6C61->s1: commitIndex: updateToMax old=1, new=1, updated? false
2022-08-02 21:05:56,148 [grpc-default-executor-3] DEBUG leader.FollowerInfo (FollowerInfoImpl.java:lambda$new$1(49)) - s0@group-DBBE7E7C6C61->s1: matchIndex: updateToMax old=2, new=-1, updated? false
2022-08-02 21:05:56,149 [grpc-default-executor-2] DEBUG leader.FollowerInfo (FollowerInfoImpl.java:lambda$new$1(49)) - s0@group-DBBE7E7C6C61->s2: commitIndex: updateToMax old=1, new=1, updated? false
2022-08-02 21:05:56,149 [grpc-default-executor-2] DEBUG leader.FollowerInfo (FollowerInfoImpl.java:lambda$new$1(49)) - s0@group-DBBE7E7C6C61->s2: matchIndex: updateToMax old=2, new=-1, updated? false
2022-08-02 21:05:56,150 [grpc-default-executor-3] DEBUG leader.FollowerInfo (FollowerInfoImpl.java:lambda$new$1(49)) - s0@group-DBBE7E7C6C61->s1: commitIndex: updateToMax old=1, new=1, updated? false
2022-08-02 21:05:56,150 [grpc-default-executor-3] DEBUG leader.FollowerInfo (FollowerInfoImpl.java:lambda$new$1(49)) - s0@group-DBBE7E7C6C61->s1: matchIndex: updateToMax old=2, new=-1, updated? false
2022-08-02 21:05:56,151 [grpc-default-executor-2] DEBUG leader.FollowerInfo (FollowerInfoImpl.java:lambda$new$1(49)) - s0@group-DBBE7E7C6C61->s2: commitIndex: updateToMax old=1, new=1, updated? false
2022-08-02 21:05:56,151 [grpc-default-executor-2] DEBUG leader.FollowerInfo (FollowerInfoImpl.java:lambda$new$1(49)) - s0@group-DBBE7E7C6C61->s2: matchIndex: updateToMax old=2, new=-1, updated? false
2022-08-02 21:05:56,151 [grpc-default-executor-3] DEBUG leader.FollowerInfo (FollowerInfoImpl.java:lambda$new$1(49)) - s0@group-DBBE7E7C6C61->s1: commitIndex: updateToMax old=1, new=1, updated? false
2022-08-02 21:05:56,151 [grpc-default-executor-3] DEBUG leader.FollowerInfo (FollowerInfoImpl.java:lambda$new$1(49)) - s0@group-DBBE7E7C6C61->s1: matchIndex: updateToMax old=2, new=-1, updated? false
2022-08-02 21:05:56,152 [grpc-default-executor-2] DEBUG leader.FollowerInfo (FollowerInfoImpl.java:lambda$new$1(49)) - s0@group-DBBE7E7C6C61->s2: commitIndex: updateToMax old=1, new=1, updated? false
2022-08-02 21:05:56,152 [grpc-default-executor-2] DEBUG leader.FollowerInfo (FollowerInfoImpl.java:lambda$new$1(49)) - s0@group-DBBE7E7C6C61->s2: matchIndex: updateToMax old=2, new=-1, updated? false
2022-08-02 21:05:56,153 [grpc-default-executor-3] DEBUG leader.FollowerInfo (FollowerInfoImpl.java:lambda$new$1(49)) - s0@group-DBBE7E7C6C61->s1: commitIndex: updateToMax old=1, new=1, updated? false
2022-08-02 21:05:56,153 [grpc-default-executor-3] DEBUG leader.FollowerInfo (FollowerInfoImpl.java:lambda$new$1(49)) - s0@group-DBBE7E7C6C61->s1: matchIndex: updateToMax old=2, new=-1, updated? false
2022-08-02 21:05:56,153 [grpc-default-executor-2] DEBUG leader.FollowerInfo (FollowerInfoImpl.java:lambda$new$1(49)) - s0@group-DBBE7E7C6C61->s2: commitIndex: updateToMax old=1, new=1, updated? false
2022-08-02 21:05:56,153 [grpc-default-executor-2] DEBUG leader.FollowerInfo (FollowerInfoImpl.java:lambda$new$1(49)) - s0@group-DBBE7E7C6C61->s2: matchIndex: updateToMax old=2, new=-1, updated? false
2022-08-02 21:05:56,154 [grpc-default-executor-3] DEBUG leader.FollowerInfo (FollowerInfoImpl.java:lambda$new$1(49)) - s0@group-DBBE7E7C6C61->s1: commitIndex: updateToMax old=1, new=1, updated? false
2022-08-02 21:05:56,154 [grpc-default-executor-3] DEBUG leader.FollowerInfo (FollowerInfoImpl.java:lambda$new$1(49)) - s0@group-DBBE7E7C6C61->s1: matchIndex: updateToMax old=2, new=-1, updated? false
2022-08-02 21:05:56,155 [grpc-default-executor-2] DEBUG leader.FollowerInfo (FollowerInfoImpl.java:lambda$new$1(49)) - s0@group-DBBE7E7C6C61->s2: commitIndex: updateToMax old=1, new=1, updated? false
2022-08-02 21:05:56,155 [grpc-default-executor-2] DEBUG leader.FollowerInfo (FollowerInfoImpl.java:lambda$new$1(49)) - s0@group-DBBE7E7C6C61->s2: matchIndex: updateToMax old=2, new=-1, updated? false
2022-08-02 21:05:56,155 [grpc-default-executor-3] DEBUG leader.FollowerInfo (FollowerInfoImpl.java:lambda$new$1(49)) - s0@group-DBBE7E7C6C61->s1: commitIndex: updateToMax old=1, new=1, updated? false
2022-08-02 21:05:56,155 [grpc-default-executor-3] DEBUG leader.FollowerInfo (FollowerInfoImpl.java:lambda$new$1(49)) - s0@group-DBBE7E7C6C61->s1: matchIndex: updateToMax old=2, new=-1, updated? false
2022-08-02 21:05:56,156 [grpc-default-executor-2] DEBUG leader.FollowerInfo (FollowerInfoImpl.java:lambda$new$1(49)) - s0@group-DBBE7E7C6C61->s2: commitIndex: updateToMax old=1, new=1, updated? false
2022-08-02 21:05:56,156 [grpc-default-executor-2] DEBUG leader.FollowerInfo (FollowerInfoImpl.java:lambda$new$1(49)) - s0@group-DBBE7E7C6C61->s2: matchIndex: updateToMax old=2, new=-1, updated? false
2022-08-02 21:05:56,157 [grpc-default-executor-3] DEBUG leader.FollowerInfo (FollowerInfoImpl.java:lambda$new$1(49)) - s0@group-DBBE7E7C6C61->s1: commitIndex: updateToMax old=1, new=1, updated? false
2022-08-02 21:05:56,157 [grpc-default-executor-3] DEBUG leader.FollowerInfo (FollowerInfoImpl.java:lambda$new$1(49)) - s0@group-DBBE7E7C6C61->s1: matchIndex: updateToMax old=2, new=-1, updated? false
2022-08-02 21:05:56,158 [grpc-default-executor-2] DEBUG leader.FollowerInfo (FollowerInfoImpl.java:lambda$new$1(49)) - s0@group-DBBE7E7C6C61->s2: commitIndex: updateToMax old=1, new=1, updated? false
2022-08-02 21:05:56,158 [grpc-default-executor-2] DEBUG leader.FollowerInfo (FollowerInfoImpl.java:lambda$new$1(49)) - s0@group-DBBE7E7C6C61->s2: matchIndex: updateToMax old=2, new=-1, updated? false
2022-08-02 21:05:56,158 [grpc-default-executor-3] DEBUG leader.FollowerInfo (FollowerInfoImpl.java:lambda$new$1(49)) - s0@group-DBBE7E7C6C61->s1: commitIndex: updateToMax old=1, new=1, updated? false
2022-08-02 21:05:56,159 [grpc-default-executor-3] DEBUG leader.FollowerInfo (FollowerInfoImpl.java:lambda$new$1(49)) - s0@group-DBBE7E7C6C61->s1: matchIndex: updateToMax old=2, new=-1, updated? false
2022-08-02 21:05:56,159 [grpc-default-executor-2] DEBUG leader.FollowerInfo (FollowerInfoImpl.java:lambda$new$1(49)) - s0@group-DBBE7E7C6C61->s2: commitIndex: updateToMax old=1, new=1, updated? false
2022-08-02 21:05:56,159 [grpc-default-executor-2] DEBUG leader.FollowerInfo (FollowerInfoImpl.java:lambda$new$1(49)) - s0@group-DBBE7E7C6C61->s2: matchIndex: updateToMax old=2, new=-1, updated? false
2022-08-02 21:05:56,160 [grpc-default-executor-3] DEBUG leader.FollowerInfo (FollowerInfoImpl.java:lambda$new$1(49)) - s0@group-DBBE7E7C6C61->s1: commitIndex: updateToMax old=1, new=1, updated? false
2022-08-02 21:05:56,160 [grpc-default-executor-3] DEBUG leader.FollowerInfo (FollowerInfoImpl.java:lambda$new$1(49)) - s0@group-DBBE7E7C6C61->s1: matchIndex: updateToMax old=2, new=-1, updated? false
2022-08-02 21:05:56,161 [grpc-default-executor-2] DEBUG leader.FollowerInfo (FollowerInfoImpl.java:lambda$new$1(49)) - s0@group-DBBE7E7C6C61->s2: commitIndex: updateToMax old=1, new=1, updated? false
2022-08-02 21:05:56,161 [grpc-default-executor-2] DEBUG leader.FollowerInfo (FollowerInfoImpl.java:lambda$new$1(49)) - s0@group-DBBE7E7C6C61->s2: matchIndex: updateToMax old=2, new=-1, updated? false
2022-08-02 21:05:56,161 [grpc-default-executor-3] DEBUG leader.FollowerInfo (FollowerInfoImpl.java:lambda$new$1(49)) - s0@group-DBBE7E7C6C61->s1: commitIndex: updateToMax old=1, new=1, updated? false
2022-08-02 21:05:56,161 [grpc-default-executor-3] DEBUG leader.FollowerInfo (FollowerInfoImpl.java:lambda$new$1(49)) - s0@group-DBBE7E7C6C61->s1: matchIndex: updateToMax old=2, new=-1, updated? false
2022-08-02 21:05:56,162 [grpc-default-executor-2] DEBUG leader.FollowerInfo (FollowerInfoImpl.java:lambda$new$1(49)) - s0@group-DBBE7E7C6C61->s2: commitIndex: updateToMax old=1, new=1, updated? false
2022-08-02 21:05:56,162 [grpc-default-executor-2] DEBUG leader.FollowerInfo (FollowerInfoImpl.java:lambda$new$1(49)) - s0@group-DBBE7E7C6C61->s2: matchIndex: updateToMax old=2, new=-1, updated? false
2022-08-02 21:05:56,163 [grpc-default-executor-3] DEBUG leader.FollowerInfo (FollowerInfoImpl.java:lambda$new$1(49)) - s0@group-DBBE7E7C6C61->s1: commitIndex: updateToMax old=1, new=1, updated? false
2022-08-02 21:05:56,163 [grpc-default-executor-3] DEBUG leader.FollowerInfo (FollowerInfoImpl.java:lambda$new$1(49)) - s0@group-DBBE7E7C6C61->s1: matchIndex: updateToMax old=2, new=-1, updated? false
2022-08-02 21:05:56,163 [grpc-default-executor-2] DEBUG leader.FollowerInfo (FollowerInfoImpl.java:lambda$new$1(49)) - s0@group-DBBE7E7C6C61->s2: commitIndex: updateToMax old=1, new=1, updated? false
2022-08-02 21:05:56,163 [grpc-default-executor-2] DEBUG leader.FollowerInfo (FollowerInfoImpl.java:lambda$new$1(49)) - s0@group-DBBE7E7C6C61->s2: matchIndex: updateToMax old=2, new=-1, updated? false
2022-08-02 21:05:56,164 [grpc-default-executor-3] DEBUG leader.FollowerInfo (FollowerInfoImpl.java:lambda$new$1(49)) - s0@group-DBBE7E7C6C61->s1: commitIndex: updateToMax old=1, new=1, updated? false
2022-08-02 21:05:56,164 [grpc-default-executor-3] DEBUG leader.FollowerInfo (FollowerInfoImpl.java:lambda$new$1(49)) - s0@group-DBBE7E7C6C61->s1: matchIndex: updateToMax old=2, new=-1, updated? false
2022-08-02 21:05:56,165 [grpc-default-executor-2] DEBUG leader.FollowerInfo (FollowerInfoImpl.java:lambda$new$1(49)) - s0@group-DBBE7E7C6C61->s2: commitIndex: updateToMax old=1, new=1, updated? false
2022-08-02 21:05:56,165 [grpc-default-executor-2] DEBUG leader.FollowerInfo (FollowerInfoImpl.java:lambda$new$1(49)) - s0@group-DBBE7E7C6C61->s2: matchIndex: updateToMax old=2, new=-1, updated? false
2022-08-02 21:05:56,165 [grpc-default-executor-3] DEBUG leader.FollowerInfo (FollowerInfoImpl.java:lambda$new$1(49)) - s0@group-DBBE7E7C6C61->s1: commitIndex: updateToMax old=1, new=1, updated? false
2022-08-02 21:05:56,165 [grpc-default-executor-3] DEBUG leader.FollowerInfo (FollowerInfoImpl.java:lambda$new$1(49)) - s0@group-DBBE7E7C6C61->s1: matchIndex: updateToMax old=2, new=-1, updated? false
2022-08-02 21:05:56,166 [grpc-default-executor-2] DEBUG leader.FollowerInfo (FollowerInfoImpl.java:lambda$new$1(49)) - s0@group-DBBE7E7C6C61->s2: commitIndex: updateToMax old=1, new=1, updated? false
2022-08-02 21:05:56,166 [grpc-default-executor-2] DEBUG leader.FollowerInfo (FollowerInfoImpl.java:lambda$new$1(49)) - s0@group-DBBE7E7C6C61->s2: matchIndex: updateToMax old=2, new=-1, updated? false
2022-08-02 21:05:56,167 [grpc-default-executor-3] DEBUG leader.FollowerInfo (FollowerInfoImpl.java:lambda$new$1(49)) - s0@group-DBBE7E7C6C61->s1: commitIndex: updateToMax old=1, new=1, updated? false
2022-08-02 21:05:56,167 [grpc-default-executor-3] DEBUG leader.FollowerInfo (FollowerInfoImpl.java:lambda$new$1(49)) - s0@group-DBBE7E7C6C61->s1: matchIndex: updateToMax old=2, new=-1, updated? false
2022-08-02 21:05:56,167 [grpc-default-executor-2] DEBUG leader.FollowerInfo (FollowerInfoImpl.java:lambda$new$1(49)) - s0@group-DBBE7E7C6C61->s2: commitIndex: updateToMax old=1, new=1, updated? false
2022-08-02 21:05:56,167 [grpc-default-executor-2] DEBUG leader.FollowerInfo (FollowerInfoImpl.java:lambda$new$1(49)) - s0@group-DBBE7E7C6C61->s2: matchIndex: updateToMax old=2, new=-1, updated? false
2022-08-02 21:05:56,168 [grpc-default-executor-3] DEBUG leader.FollowerInfo (FollowerInfoImpl.java:lambda$new$1(49)) - s0@group-DBBE7E7C6C61->s1: commitIndex: updateToMax old=1, new=1, updated? false
2022-08-02 21:05:56,168 [grpc-default-executor-3] DEBUG leader.FollowerInfo (FollowerInfoImpl.java:lambda$new$1(49)) - s0@group-DBBE7E7C6C61->s1: matchIndex: updateToMax old=2, new=-1, updated? false
2022-08-02 21:05:56,169 [grpc-default-executor-2] DEBUG leader.FollowerInfo (FollowerInfoImpl.java:lambda$new$1(49)) - s0@group-DBBE7E7C6C61->s2: commitIndex: updateToMax old=1, new=1, updated? false
2022-08-02 21:05:56,169 [grpc-default-executor-2] DEBUG leader.FollowerInfo (FollowerInfoImpl.java:lambda$new$1(49)) - s0@group-DBBE7E7C6C61->s2: matchIndex: updateToMax old=2, new=-1, updated? false
2022-08-02 21:05:56,169 [grpc-default-executor-3] DEBUG leader.FollowerInfo (FollowerInfoImpl.java:lambda$new$1(49)) - s0@group-DBBE7E7C6C61->s1: commitIndex: updateToMax old=1, new=1, updated? false
2022-08-02 21:05:56,170 [grpc-default-executor-3] DEBUG leader.FollowerInfo (FollowerInfoImpl.java:lambda$new$1(49)) - s0@group-DBBE7E7C6C61->s1: matchIndex: updateToMax old=2, new=-1, updated? false
2022-08-02 21:05:56,170 [grpc-default-executor-2] DEBUG leader.FollowerInfo (FollowerInfoImpl.java:lambda$new$1(49)) - s0@group-DBBE7E7C6C61->s2: commitIndex: updateToMax old=1, new=1, updated? false
2022-08-02 21:05:56,170 [grpc-default-executor-2] DEBUG leader.FollowerInfo (FollowerInfoImpl.java:lambda$new$1(49)) - s0@group-DBBE7E7C6C61->s2: matchIndex: updateToMax old=2, new=-1, updated? false
2022-08-02 21:05:56,171 [grpc-default-executor-3] DEBUG leader.FollowerInfo (FollowerInfoImpl.java:lambda$new$1(49)) - s0@group-DBBE7E7C6C61->s1: commitIndex: updateToMax old=1, new=1, updated? false
2022-08-02 21:05:56,171 [grpc-default-executor-3] DEBUG leader.FollowerInfo (FollowerInfoImpl.java:lambda$new$1(49)) - s0@group-DBBE7E7C6C61->s1: matchIndex: updateToMax old=2, new=-1, updated? false
2022-08-02 21:05:56,172 [grpc-default-executor-2] DEBUG leader.FollowerInfo (FollowerInfoImpl.java:lambda$new$1(49)) - s0@group-DBBE7E7C6C61->s2: commitIndex: updateToMax old=1, new=1, updated? false
2022-08-02 21:05:56,172 [grpc-default-executor-2] DEBUG leader.FollowerInfo (FollowerInfoImpl.java:lambda$new$1(49)) - s0@group-DBBE7E7C6C61->s2: matchIndex: updateToMax old=2, new=-1, updated? false
2022-08-02 21:05:56,172 [grpc-default-executor-3] DEBUG leader.FollowerInfo (FollowerInfoImpl.java:lambda$new$1(49)) - s0@group-DBBE7E7C6C61->s1: commitIndex: updateToMax old=1, new=1, updated? false
2022-08-02 21:05:56,172 [grpc-default-executor-3] DEBUG leader.FollowerInfo (FollowerInfoImpl.java:lambda$new$1(49)) - s0@group-DBBE7E7C6C61->s1: matchIndex: updateToMax old=2, new=-1, updated? false
2022-08-02 21:05:56,173 [grpc-default-executor-2] DEBUG leader.FollowerInfo (FollowerInfoImpl.java:lambda$new$1(49)) - s0@group-DBBE7E7C6C61->s2: commitIndex: updateToMax old=1, new=1, updated? false
2022-08-02 21:05:56,173 [grpc-default-executor-2] DEBUG leader.FollowerInfo (FollowerInfoImpl.java:lambda$new$1(49)) - s0@group-DBBE7E7C6C61->s2: matchIndex: updateToMax old=2, new=-1, updated? false
2022-08-02 21:05:56,173 [grpc-default-executor-3] DEBUG leader.FollowerInfo (FollowerInfoImpl.java:lambda$new$1(49)) - s0@group-DBBE7E7C6C61->s1: commitIndex: updateToMax old=1, new=1, updated? false
2022-08-02 21:05:56,174 [grpc-default-executor-3] DEBUG leader.FollowerInfo (FollowerInfoImpl.java:lambda$new$1(49)) - s0@group-DBBE7E7C6C61->s1: matchIndex: updateToMax old=2, new=-1, updated? false
2022-08-02 21:05:56,174 [grpc-default-executor-2] DEBUG leader.FollowerInfo (FollowerInfoImpl.java:lambda$new$1(49)) - s0@group-DBBE7E7C6C61->s2: commitIndex: updateToMax old=1, new=1, updated? false
2022-08-02 21:05:56,174 [grpc-default-executor-2] DEBUG leader.FollowerInfo (FollowerInfoImpl.java:lambda$new$1(49)) - s0@group-DBBE7E7C6C61->s2: matchIndex: updateToMax old=2, new=-1, updated? false
2022-08-02 21:05:56,175 [grpc-default-executor-3] DEBUG leader.FollowerInfo (FollowerInfoImpl.java:lambda$new$1(49)) - s0@group-DBBE7E7C6C61->s1: commitIndex: updateToMax old=1, new=1, updated? false
2022-08-02 21:05:56,175 [grpc-default-executor-3] DEBUG leader.FollowerInfo (FollowerInfoImpl.java:lambda$new$1(49)) - s0@group-DBBE7E7C6C61->s1: matchIndex: updateToMax old=2, new=-1, updated? false
2022-08-02 21:05:56,176 [grpc-default-executor-2] DEBUG leader.FollowerInfo (FollowerInfoImpl.java:lambda$new$1(49)) - s0@group-DBBE7E7C6C61->s2: commitIndex: updateToMax old=1, new=1, updated? false
2022-08-02 21:05:56,176 [grpc-default-executor-2] DEBUG leader.FollowerInfo (FollowerInfoImpl.java:lambda$new$1(49)) - s0@group-DBBE7E7C6C61->s2: matchIndex: updateToMax old=2, new=-1, updated? false
2022-08-02 21:05:56,176 [grpc-default-executor-3] DEBUG leader.FollowerInfo (FollowerInfoImpl.java:lambda$new$1(49)) - s0@group-DBBE7E7C6C61->s1: commitIndex: updateToMax old=1, new=1, updated? false
2022-08-02 21:05:56,176 [grpc-default-executor-3] DEBUG leader.FollowerInfo (FollowerInfoImpl.java:lambda$new$1(49)) - s0@group-DBBE7E7C6C61->s1: matchIndex: updateToMax old=2, new=-1, updated? false
2022-08-02 21:05:56,177 [grpc-default-executor-2] DEBUG leader.FollowerInfo (FollowerInfoImpl.java:lambda$new$1(49)) - s0@group-DBBE7E7C6C61->s2: commitIndex: updateToMax old=1, new=1, updated? false
2022-08-02 21:05:56,177 [grpc-default-executor-2] DEBUG leader.FollowerInfo (FollowerInfoImpl.java:lambda$new$1(49)) - s0@group-DBBE7E7C6C61->s2: matchIndex: updateToMax old=2, new=-1, updated? false
2022-08-02 21:05:56,178 [grpc-default-executor-3] DEBUG leader.FollowerInfo (FollowerInfoImpl.java:lambda$new$1(49)) - s0@group-DBBE7E7C6C61->s1: commitIndex: updateToMax old=1, new=1, updated? false
2022-08-02 21:05:56,178 [grpc-default-executor-3] DEBUG leader.FollowerInfo (FollowerInfoImpl.java:lambda$new$1(49)) - s0@group-DBBE7E7C6C61->s1: matchIndex: updateToMax old=2, new=-1, updated? false
2022-08-02 21:05:56,178 [grpc-default-executor-2] DEBUG leader.FollowerInfo (FollowerInfoImpl.java:lambda$new$1(49)) - s0@group-DBBE7E7C6C61->s2: commitIndex: updateToMax old=1, new=1, updated? false
2022-08-02 21:05:56,178 [grpc-default-executor-2] DEBUG leader.FollowerInfo (FollowerInfoImpl.java:lambda$new$1(49)) - s0@group-DBBE7E7C6C61->s2: matchIndex: updateToMax old=2, new=-1, updated? false
2022-08-02 21:05:56,179 [grpc-default-executor-3] DEBUG leader.FollowerInfo (FollowerInfoImpl.java:lambda$new$1(49)) - s0@group-DBBE7E7C6C61->s1: commitIndex: updateToMax old=1, new=1, updated? false
2022-08-02 21:05:56,179 [grpc-default-executor-3] DEBUG leader.FollowerInfo (FollowerInfoImpl.java:lambda$new$1(49)) - s0@group-DBBE7E7C6C61->s1: matchIndex: updateToMax old=2, new=-1, updated? false
2022-08-02 21:05:56,180 [grpc-default-executor-2] DEBUG leader.FollowerInfo (FollowerInfoImpl.java:lambda$new$1(49)) - s0@group-DBBE7E7C6C61->s2: commitIndex: updateToMax old=1, new=1, updated? false
2022-08-02 21:05:56,180 [grpc-default-executor-2] DEBUG leader.FollowerInfo (FollowerInfoImpl.java:lambda$new$1(49)) - s0@group-DBBE7E7C6C61->s2: matchIndex: updateToMax old=2, new=-1, updated? false
2022-08-02 21:05:56,180 [grpc-default-executor-3] DEBUG leader.FollowerInfo (FollowerInfoImpl.java:lambda$new$1(49)) - s0@group-DBBE7E7C6C61->s1: commitIndex: updateToMax old=1, new=1, updated? false
2022-08-02 21:05:56,180 [grpc-default-executor-3] DEBUG leader.FollowerInfo (FollowerInfoImpl.java:lambda$new$1(49)) - s0@group-DBBE7E7C6C61->s1: matchIndex: updateToMax old=2, new=-1, updated? false
2022-08-02 21:05:56,181 [grpc-default-executor-2] DEBUG leader.FollowerInfo (FollowerInfoImpl.java:lambda$new$1(49)) - s0@group-DBBE7E7C6C61->s2: commitIndex: updateToMax old=1, new=1, updated? false
2022-08-02 21:05:56,181 [grpc-default-executor-2] DEBUG leader.FollowerInfo (FollowerInfoImpl.java:lambda$new$1(49)) - s0@group-DBBE7E7C6C61->s2: matchIndex: updateToMax old=2, new=-1, updated? false
2022-08-02 21:05:56,182 [grpc-default-executor-3] DEBUG leader.FollowerInfo (FollowerInfoImpl.java:lambda$new$1(49)) - s0@group-DBBE7E7C6C61->s1: commitIndex: updateToMax old=1, new=1, updated? false
2022-08-02 21:05:56,182 [grpc-default-executor-3] DEBUG leader.FollowerInfo (FollowerInfoImpl.java:lambda$new$1(49)) - s0@group-DBBE7E7C6C61->s1: matchIndex: updateToMax old=2, new=-1, updated? false
2022-08-02 21:05:56,182 [grpc-default-executor-2] DEBUG leader.FollowerInfo (FollowerInfoImpl.java:lambda$new$1(49)) - s0@group-DBBE7E7C6C61->s2: commitIndex: updateToMax old=1, new=1, updated? false
2022-08-02 21:05:56,182 [grpc-default-executor-2] DEBUG leader.FollowerInfo (FollowerInfoImpl.java:lambda$new$1(49)) - s0@group-DBBE7E7C6C61->s2: matchIndex: updateToMax old=2, new=-1, updated? false
2022-08-02 21:05:56,183 [grpc-default-executor-3] DEBUG leader.FollowerInfo (FollowerInfoImpl.java:lambda$new$1(49)) - s0@group-DBBE7E7C6C61->s1: commitIndex: updateToMax old=1, new=1, updated? false
2022-08-02 21:05:56,183 [grpc-default-executor-3] DEBUG leader.FollowerInfo (FollowerInfoImpl.java:lambda$new$1(49)) - s0@group-DBBE7E7C6C61->s1: matchIndex: updateToMax old=2, new=-1, updated? false
2022-08-02 21:05:56,184 [grpc-default-executor-2] DEBUG leader.FollowerInfo (FollowerInfoImpl.java:lambda$new$1(49)) - s0@group-DBBE7E7C6C61->s2: commitIndex: updateToMax old=1, new=1, updated? false
2022-08-02 21:05:56,184 [grpc-default-executor-2] DEBUG leader.FollowerInfo (FollowerInfoImpl.java:lambda$new$1(49)) - s0@group-DBBE7E7C6C61->s2: matchIndex: updateToMax old=2, new=-1, updated? false
2022-08-02 21:05:56,184 [grpc-default-executor-3] DEBUG leader.FollowerInfo (FollowerInfoImpl.java:lambda$new$1(49)) - s0@group-DBBE7E7C6C61->s1: commitIndex: updateToMax old=1, new=1, updated? false
2022-08-02 21:05:56,185 [grpc-default-executor-3] DEBUG leader.FollowerInfo (FollowerInfoImpl.java:lambda$new$1(49)) - s0@group-DBBE7E7C6C61->s1: matchIndex: updateToMax old=2, new=-1, updated? false
2022-08-02 21:05:56,185 [grpc-default-executor-2] DEBUG leader.FollowerInfo (FollowerInfoImpl.java:lambda$new$1(49)) - s0@group-DBBE7E7C6C61->s2: commitIndex: updateToMax old=1, new=1, updated? false
2022-08-02 21:05:56,185 [grpc-default-executor-2] DEBUG leader.FollowerInfo (FollowerInfoImpl.java:lambda$new$1(49)) - s0@group-DBBE7E7C6C61->s2: matchIndex: updateToMax old=2, new=-1, updated? false
2022-08-02 21:05:56,186 [grpc-default-executor-3] DEBUG leader.FollowerInfo (FollowerInfoImpl.java:lambda$new$1(49)) - s0@group-DBBE7E7C6C61->s1: commitIndex: updateToMax old=1, new=1, updated? false
2022-08-02 21:05:56,186 [grpc-default-executor-3] DEBUG leader.FollowerInfo (FollowerInfoImpl.java:lambda$new$1(49)) - s0@group-DBBE7E7C6C61->s1: matchIndex: updateToMax old=2, new=-1, updated? false
2022-08-02 21:05:56,186 [grpc-default-executor-2] DEBUG leader.FollowerInfo (FollowerInfoImpl.java:lambda$new$1(49)) - s0@group-DBBE7E7C6C61->s2: commitIndex: updateToMax old=1, new=1, updated? false
2022-08-02 21:05:56,187 [grpc-default-executor-2] DEBUG leader.FollowerInfo (FollowerInfoImpl.java:lambda$new$1(49)) - s0@group-DBBE7E7C6C61->s2: matchIndex: updateToMax old=2, new=-1, updated? false
2022-08-02 21:05:56,187 [grpc-default-executor-3] DEBUG leader.FollowerInfo (FollowerInfoImpl.java:lambda$new$1(49)) - s0@group-DBBE7E7C6C61->s1: commitIndex: updateToMax old=1, new=1, updated? false
2022-08-02 21:05:56,187 [grpc-default-executor-3] DEBUG leader.FollowerInfo (FollowerInfoImpl.java:lambda$new$1(49)) - s0@group-DBBE7E7C6C61->s1: matchIndex: updateToMax old=2, new=-1, updated? false
2022-08-02 21:05:56,188 [grpc-default-executor-2] DEBUG leader.FollowerInfo (FollowerInfoImpl.java:lambda$new$1(49)) - s0@group-DBBE7E7C6C61->s2: commitIndex: updateToMax old=1, new=1, updated? false
2022-08-02 21:05:56,188 [grpc-default-executor-2] DEBUG leader.FollowerInfo (FollowerInfoImpl.java:lambda$new$1(49)) - s0@group-DBBE7E7C6C61->s2: matchIndex: updateToMax old=2, new=-1, updated? false
2022-08-02 21:05:56,189 [grpc-default-executor-3] DEBUG leader.FollowerInfo (FollowerInfoImpl.java:lambda$new$1(49)) - s0@group-DBBE7E7C6C61->s1: commitIndex: updateToMax old=1, new=1, updated? false
2022-08-02 21:05:56,189 [grpc-default-executor-3] DEBUG leader.FollowerInfo (FollowerInfoImpl.java:lambda$new$1(49)) - s0@group-DBBE7E7C6C61->s1: matchIndex: updateToMax old=2, new=-1, updated? false
2022-08-02 21:05:56,189 [grpc-default-executor-2] DEBUG leader.FollowerInfo (FollowerInfoImpl.java:lambda$new$1(49)) - s0@group-DBBE7E7C6C61->s2: commitIndex: updateToMax old=1, new=1, updated? false
2022-08-02 21:05:56,189 [grpc-default-executor-2] DEBUG leader.FollowerInfo (FollowerInfoImpl.java:lambda$new$1(49)) - s0@group-DBBE7E7C6C61->s2: matchIndex: updateToMax old=2, new=-1, updated? false
2022-08-02 21:05:56,190 [grpc-default-executor-3] DEBUG leader.FollowerInfo (FollowerInfoImpl.java:lambda$new$1(49)) - s0@group-DBBE7E7C6C61->s1: commitIndex: updateToMax old=1, new=1, updated? false
2022-08-02 21:05:56,190 [grpc-default-executor-3] DEBUG leader.FollowerInfo (FollowerInfoImpl.java:lambda$new$1(49)) - s0@group-DBBE7E7C6C61->s1: matchIndex: updateToMax old=2, new=-1, updated? false
2022-08-02 21:05:56,191 [grpc-default-executor-2] DEBUG leader.FollowerInfo (FollowerInfoImpl.java:lambda$new$1(49)) - s0@group-DBBE7E7C6C61->s2: commitIndex: updateToMax old=1, new=1, updated? false
2022-08-02 21:05:56,191 [grpc-default-executor-2] DEBUG leader.FollowerInfo (FollowerInfoImpl.java:lambda$new$1(49)) - s0@group-DBBE7E7C6C61->s2: matchIndex: updateToMax old=2, new=-1, updated? false
2022-08-02 21:05:56,191 [grpc-default-executor-3] DEBUG leader.FollowerInfo (FollowerInfoImpl.java:lambda$new$1(49)) - s0@group-DBBE7E7C6C61->s1: commitIndex: updateToMax old=1, new=1, updated? false
2022-08-02 21:05:56,191 [grpc-default-executor-3] DEBUG leader.FollowerInfo (FollowerInfoImpl.java:lambda$new$1(49)) - s0@group-DBBE7E7C6C61->s1: matchIndex: updateToMax old=2, new=-1, updated? false
2022-08-02 21:05:56,192 [grpc-default-executor-2] DEBUG leader.FollowerInfo (FollowerInfoImpl.java:lambda$new$1(49)) - s0@group-DBBE7E7C6C61->s2: commitIndex: updateToMax old=1, new=1, updated? false
2022-08-02 21:05:56,192 [grpc-default-executor-2] DEBUG leader.FollowerInfo (FollowerInfoImpl.java:lambda$new$1(49)) - s0@group-DBBE7E7C6C61->s2: matchIndex: updateToMax old=2, new=-1, updated? false
2022-08-02 21:05:56,193 [grpc-default-executor-3] DEBUG leader.FollowerInfo (FollowerInfoImpl.java:lambda$new$1(49)) - s0@group-DBBE7E7C6C61->s1: commitIndex: updateToMax old=1, new=1, updated? false
2022-08-02 21:05:56,193 [grpc-default-executor-3] DEBUG leader.FollowerInfo (FollowerInfoImpl.java:lambda$new$1(49)) - s0@group-DBBE7E7C6C61->s1: matchIndex: updateToMax old=2, new=-1, updated? false
2022-08-02 21:05:56,193 [grpc-default-executor-2] DEBUG leader.FollowerInfo (FollowerInfoImpl.java:lambda$new$1(49)) - s0@group-DBBE7E7C6C61->s2: commitIndex: updateToMax old=1, new=1, updated? false
2022-08-02 21:05:56,193 [grpc-default-executor-2] DEBUG leader.FollowerInfo (FollowerInfoImpl.java:lambda$new$1(49)) - s0@group-DBBE7E7C6C61->s2: matchIndex: updateToMax old=2, new=-1, updated? false
2022-08-02 21:05:56,194 [grpc-default-executor-3] DEBUG leader.FollowerInfo (FollowerInfoImpl.java:lambda$new$1(49)) - s0@group-DBBE7E7C6C61->s1: commitIndex: updateToMax old=1, new=1, updated? false
2022-08-02 21:05:56,194 [grpc-default-executor-3] DEBUG leader.FollowerInfo (FollowerInfoImpl.java:lambda$new$1(49)) - s0@group-DBBE7E7C6C61->s1: matchIndex: updateToMax old=2, new=-1, updated? false
2022-08-02 21:05:56,195 [grpc-default-executor-2] DEBUG leader.FollowerInfo (FollowerInfoImpl.java:lambda$new$1(49)) - s0@group-DBBE7E7C6C61->s2: commitIndex: updateToMax old=1, new=1, updated? false
2022-08-02 21:05:56,195 [grpc-default-executor-2] DEBUG leader.FollowerInfo (FollowerInfoImpl.java:lambda$new$1(49)) - s0@group-DBBE7E7C6C61->s2: matchIndex: updateToMax old=2, new=-1, updated? false
2022-08-02 21:05:56,195 [grpc-default-executor-3] DEBUG leader.FollowerInfo (FollowerInfoImpl.java:lambda$new$1(49)) - s0@group-DBBE7E7C6C61->s1: commitIndex: updateToMax old=1, new=1, updated? false
2022-08-02 21:05:56,195 [grpc-default-executor-3] DEBUG leader.FollowerInfo (FollowerInfoImpl.java:lambda$new$1(49)) - s0@group-DBBE7E7C6C61->s1: matchIndex: updateToMax old=2, new=-1, updated? false
2022-08-02 21:05:56,196 [grpc-default-executor-2] DEBUG leader.FollowerInfo (FollowerInfoImpl.java:lambda$new$1(49)) - s0@group-DBBE7E7C6C61->s2: commitIndex: updateToMax old=1, new=1, updated? false
2022-08-02 21:05:56,196 [grpc-default-executor-2] DEBUG leader.FollowerInfo (FollowerInfoImpl.java:lambda$new$1(49)) - s0@group-DBBE7E7C6C61->s2: matchIndex: updateToMax old=2, new=-1, updated? false
2022-08-02 21:05:56,197 [grpc-default-executor-3] DEBUG leader.FollowerInfo (FollowerInfoImpl.java:lambda$new$1(49)) - s0@group-DBBE7E7C6C61->s1: commitIndex: updateToMax old=1, new=1, updated? false
2022-08-02 21:05:56,197 [grpc-default-executor-3] DEBUG leader.FollowerInfo (FollowerInfoImpl.java:lambda$new$1(49)) - s0@group-DBBE7E7C6C61->s1: matchIndex: updateToMax old=2, new=-1, updated? false
2022-08-02 21:05:56,197 [grpc-default-executor-2] DEBUG leader.FollowerInfo (FollowerInfoImpl.java:lambda$new$1(49)) - s0@group-DBBE7E7C6C61->s2: commitIndex: updateToMax old=1, new=1, updated? false
2022-08-02 21:05:56,198 [grpc-default-executor-2] DEBUG leader.FollowerInfo (FollowerInfoImpl.java:lambda$new$1(49)) - s0@group-DBBE7E7C6C61->s2: matchIndex: updateToMax old=2, new=-1, updated? false
2022-08-02 21:05:56,198 [grpc-default-executor-3] DEBUG leader.FollowerInfo (FollowerInfoImpl.java:lambda$new$1(49)) - s0@group-DBBE7E7C6C61->s1: commitIndex: updateToMax old=1, new=1, updated? false
2022-08-02 21:05:56,198 [grpc-default-executor-3] DEBUG leader.FollowerInfo (FollowerInfoImpl.java:lambda$new$1(49)) - s0@group-DBBE7E7C6C61->s1: matchIndex: updateToMax old=2, new=-1, updated? false
2022-08-02 21:05:56,199 [grpc-default-executor-2] DEBUG leader.FollowerInfo (FollowerInfoImpl.java:lambda$new$1(49)) - s0@group-DBBE7E7C6C61->s2: commitIndex: updateToMax old=1, new=1, updated? false
2022-08-02 21:05:56,199 [grpc-default-executor-2] DEBUG leader.FollowerInfo (FollowerInfoImpl.java:lambda$new$1(49)) - s0@group-DBBE7E7C6C61->s2: matchIndex: updateToMax old=2, new=-1, updated? false
2022-08-02 21:05:56,200 [grpc-default-executor-3] DEBUG leader.FollowerInfo (FollowerInfoImpl.java:lambda$new$1(49)) - s0@group-DBBE7E7C6C61->s1: commitIndex: updateToMax old=1, new=1, updated? false
2022-08-02 21:05:56,200 [grpc-default-executor-3] DEBUG leader.FollowerInfo (FollowerInfoImpl.java:lambda$new$1(49)) - s0@group-DBBE7E7C6C61->s1: matchIndex: updateToMax old=2, new=-1, updated? false
2022-08-02 21:05:56,200 [grpc-default-executor-2] DEBUG leader.FollowerInfo (FollowerInfoImpl.java:lambda$new$1(49)) - s0@group-DBBE7E7C6C61->s2: commitIndex: updateToMax old=1, new=1, updated? false
2022-08-02 21:05:56,200 [grpc-default-executor-2] DEBUG leader.FollowerInfo (FollowerInfoImpl.java:lambda$new$1(49)) - s0@group-DBBE7E7C6C61->s2: matchIndex: updateToMax old=2, new=-1, updated? false
2022-08-02 21:05:56,201 [grpc-default-executor-3] DEBUG leader.FollowerInfo (FollowerInfoImpl.java:lambda$new$1(49)) - s0@group-DBBE7E7C6C61->s1: commitIndex: updateToMax old=1, new=1, updated? false
2022-08-02 21:05:56,201 [grpc-default-executor-3] DEBUG leader.FollowerInfo (FollowerInfoImpl.java:lambda$new$1(49)) - s0@group-DBBE7E7C6C61->s1: matchIndex: updateToMax old=2, new=-1, updated? false
2022-08-02 21:05:56,202 [grpc-default-executor-2] DEBUG leader.FollowerInfo (FollowerInfoImpl.java:lambda$new$1(49)) - s0@group-DBBE7E7C6C61->s2: commitIndex: updateToMax old=1, new=1, updated? false
2022-08-02 21:05:56,202 [grpc-default-executor-2] DEBUG leader.FollowerInfo (FollowerInfoImpl.java:lambda$new$1(49)) - s0@group-DBBE7E7C6C61->s2: matchIndex: updateToMax old=2, new=-1, updated? false
2022-08-02 21:05:56,202 [grpc-default-executor-3] DEBUG leader.FollowerInfo (FollowerInfoImpl.java:lambda$new$1(49)) - s0@group-DBBE7E7C6C61->s1: commitIndex: updateToMax old=1, new=1, updated? false
2022-08-02 21:05:56,202 [grpc-default-executor-3] DEBUG leader.FollowerInfo (FollowerInfoImpl.java:lambda$new$1(49)) - s0@group-DBBE7E7C6C61->s1: matchIndex: updateToMax old=2, new=-1, updated? false
2022-08-02 21:05:56,203 [grpc-default-executor-2] DEBUG leader.FollowerInfo (FollowerInfoImpl.java:lambda$new$1(49)) - s0@group-DBBE7E7C6C61->s2: commitIndex: updateToMax old=1, new=1, updated? false
2022-08-02 21:05:56,203 [grpc-default-executor-2] DEBUG leader.FollowerInfo (FollowerInfoImpl.java:lambda$new$1(49)) - s0@group-DBBE7E7C6C61->s2: matchIndex: updateToMax old=2, new=-1, updated? false
2022-08-02 21:05:56,204 [grpc-default-executor-3] DEBUG leader.FollowerInfo (FollowerInfoImpl.java:lambda$new$1(49)) - s0@group-DBBE7E7C6C61->s1: commitIndex: updateToMax old=1, new=1, updated? false
2022-08-02 21:05:56,204 [grpc-default-executor-3] DEBUG leader.FollowerInfo (FollowerInfoImpl.java:lambda$new$1(49)) - s0@group-DBBE7E7C6C61->s1: matchIndex: updateToMax old=2, new=-1, updated? false
2022-08-02 21:05:56,204 [grpc-default-executor-2] DEBUG leader.FollowerInfo (FollowerInfoImpl.java:lambda$new$1(49)) - s0@group-DBBE7E7C6C61->s2: commitIndex: updateToMax old=1, new=1, updated? false
2022-08-02 21:05:56,204 [grpc-default-executor-2] DEBUG leader.FollowerInfo (FollowerInfoImpl.java:lambda$new$1(49)) - s0@group-DBBE7E7C6C61->s2: matchIndex: updateToMax old=2, new=-1, updated? false
2022-08-02 21:05:56,205 [grpc-default-executor-3] DEBUG leader.FollowerInfo (FollowerInfoImpl.java:lambda$new$1(49)) - s0@group-DBBE7E7C6C61->s1: commitIndex: updateToMax old=1, new=1, updated? false
2022-08-02 21:05:56,205 [grpc-default-executor-3] DEBUG leader.FollowerInfo (FollowerInfoImpl.java:lambda$new$1(49)) - s0@group-DBBE7E7C6C61->s1: matchIndex: updateToMax old=2, new=-1, updated? false
2022-08-02 21:05:56,206 [grpc-default-executor-2] DEBUG leader.FollowerInfo (FollowerInfoImpl.java:lambda$new$1(49)) - s0@group-DBBE7E7C6C61->s2: commitIndex: updateToMax old=1, new=1, updated? false
2022-08-02 21:05:56,206 [grpc-default-executor-2] DEBUG leader.FollowerInfo (FollowerInfoImpl.java:lambda$new$1(49)) - s0@group-DBBE7E7C6C61->s2: matchIndex: updateToMax old=2, new=-1, updated? false
2022-08-02 21:05:56,206 [grpc-default-executor-3] DEBUG leader.FollowerInfo (FollowerInfoImpl.java:lambda$new$1(49)) - s0@group-DBBE7E7C6C61->s1: commitIndex: updateToMax old=1, new=1, updated? false
2022-08-02 21:05:56,207 [grpc-default-executor-3] DEBUG leader.FollowerInfo (FollowerInfoImpl.java:lambda$new$1(49)) - s0@group-DBBE7E7C6C61->s1: matchIndex: updateToMax old=2, new=-1, updated? false
2022-08-02 21:05:56,207 [grpc-default-executor-2] DEBUG leader.FollowerInfo (FollowerInfoImpl.java:lambda$new$1(49)) - s0@group-DBBE7E7C6C61->s2: commitIndex: updateToMax old=1, new=1, updated? false
2022-08-02 21:05:56,207 [grpc-default-executor-2] DEBUG leader.FollowerInfo (FollowerInfoImpl.java:lambda$new$1(49)) - s0@group-DBBE7E7C6C61->s2: matchIndex: updateToMax old=2, new=-1, updated? false
2022-08-02 21:05:56,208 [grpc-default-executor-3] DEBUG leader.FollowerInfo (FollowerInfoImpl.java:lambda$new$1(49)) - s0@group-DBBE7E7C6C61->s1: commitIndex: updateToMax old=1, new=1, updated? false
2022-08-02 21:05:56,208 [grpc-default-executor-3] DEBUG leader.FollowerInfo (FollowerInfoImpl.java:lambda$new$1(49)) - s0@group-DBBE7E7C6C61->s1: matchIndex: updateToMax old=2, new=-1, updated? false
2022-08-02 21:05:56,208 [grpc-default-executor-2] DEBUG leader.FollowerInfo (FollowerInfoImpl.java:lambda$new$1(49)) - s0@group-DBBE7E7C6C61->s2: commitIndex: updateToMax old=1, new=1, updated? false
2022-08-02 21:05:56,209 [grpc-default-executor-2] DEBUG leader.FollowerInfo (FollowerInfoImpl.java:lambda$new$1(49)) - s0@group-DBBE7E7C6C61->s2: matchIndex: updateToMax old=2, new=-1, updated? false
2022-08-02 21:05:56,209 [grpc-default-executor-3] DEBUG leader.FollowerInfo (FollowerInfoImpl.java:lambda$new$1(49)) - s0@group-DBBE7E7C6C61->s1: commitIndex: updateToMax old=1, new=1, updated? false
2022-08-02 21:05:56,209 [grpc-default-executor-3] DEBUG leader.FollowerInfo (FollowerInfoImpl.java:lambda$new$1(49)) - s0@group-DBBE7E7C6C61->s1: matchIndex: updateToMax old=2, new=-1, updated? false
2022-08-02 21:05:56,210 [grpc-default-executor-2] DEBUG leader.FollowerInfo (FollowerInfoImpl.java:lambda$new$1(49)) - s0@group-DBBE7E7C6C61->s2: commitIndex: updateToMax old=1, new=1, updated? false
2022-08-02 21:05:56,210 [grpc-default-executor-2] DEBUG leader.FollowerInfo (FollowerInfoImpl.java:lambda$new$1(49)) - s0@group-DBBE7E7C6C61->s2: matchIndex: updateToMax old=2, new=-1, updated? false
2022-08-02 21:05:56,210 [grpc-default-executor-3] DEBUG leader.FollowerInfo (FollowerInfoImpl.java:lambda$new$1(49)) - s0@group-DBBE7E7C6C61->s1: commitIndex: updateToMax old=1, new=1, updated? false
2022-08-02 21:05:56,210 [grpc-default-executor-3] DEBUG leader.FollowerInfo (FollowerInfoImpl.java:lambda$new$1(49)) - s0@group-DBBE7E7C6C61->s1: matchIndex: updateToMax old=2, new=-1, updated? false
2022-08-02 21:05:56,211 [grpc-default-executor-2] DEBUG leader.FollowerInfo (FollowerInfoImpl.java:lambda$new$1(49)) - s0@group-DBBE7E7C6C61->s2: commitIndex: updateToMax old=1, new=1, updated? false
2022-08-02 21:05:56,211 [grpc-default-executor-2] DEBUG leader.FollowerInfo (FollowerInfoImpl.java:lambda$new$1(49)) - s0@group-DBBE7E7C6C61->s2: matchIndex: updateToMax old=2, new=-1, updated? false
2022-08-02 21:05:56,212 [grpc-default-executor-3] DEBUG leader.FollowerInfo (FollowerInfoImpl.java:lambda$new$1(49)) - s0@group-DBBE7E7C6C61->s1: commitIndex: updateToMax old=1, new=1, updated? false
2022-08-02 21:05:56,212 [grpc-default-executor-3] DEBUG leader.FollowerInfo (FollowerInfoImpl.java:lambda$new$1(49)) - s0@group-DBBE7E7C6C61->s1: matchIndex: updateToMax old=2, new=-1, updated? false
2022-08-02 21:05:56,212 [grpc-default-executor-2] DEBUG leader.FollowerInfo (FollowerInfoImpl.java:lambda$new$1(49)) - s0@group-DBBE7E7C6C61->s2: commitIndex: updateToMax old=1, new=1, updated? false
2022-08-02 21:05:56,212 [grpc-default-executor-2] DEBUG leader.FollowerInfo (FollowerInfoImpl.java:lambda$new$1(49)) - s0@group-DBBE7E7C6C61->s2: matchIndex: updateToMax old=2, new=-1, updated? false
2022-08-02 21:05:56,213 [grpc-default-executor-3] DEBUG leader.FollowerInfo (FollowerInfoImpl.java:lambda$new$1(49)) - s0@group-DBBE7E7C6C61->s1: commitIndex: updateToMax old=1, new=1, updated? false
2022-08-02 21:05:56,213 [grpc-default-executor-3] DEBUG leader.FollowerInfo (FollowerInfoImpl.java:lambda$new$1(49)) - s0@group-DBBE7E7C6C61->s1: matchIndex: updateToMax old=2, new=-1, updated? false
2022-08-02 21:05:56,214 [grpc-default-executor-2] DEBUG leader.FollowerInfo (FollowerInfoImpl.java:lambda$new$1(49)) - s0@group-DBBE7E7C6C61->s2: commitIndex: updateToMax old=1, new=1, updated? false
2022-08-02 21:05:56,214 [grpc-default-executor-2] DEBUG leader.FollowerInfo (FollowerInfoImpl.java:lambda$new$1(49)) - s0@group-DBBE7E7C6C61->s2: matchIndex: updateToMax old=2, new=-1, updated? false
2022-08-02 21:05:56,214 [grpc-default-executor-3] DEBUG leader.FollowerInfo (FollowerInfoImpl.java:lambda$new$1(49)) - s0@group-DBBE7E7C6C61->s1: commitIndex: updateToMax old=1, new=1, updated? false
2022-08-02 21:05:56,214 [grpc-default-executor-3] DEBUG leader.FollowerInfo (FollowerInfoImpl.java:lambda$new$1(49)) - s0@group-DBBE7E7C6C61->s1: matchIndex: updateToMax old=2, new=-1, updated? false
2022-08-02 21:05:56,215 [grpc-default-executor-2] DEBUG leader.FollowerInfo (FollowerInfoImpl.java:lambda$new$1(49)) - s0@group-DBBE7E7C6C61->s2: commitIndex: updateToMax old=1, new=1, updated? false
2022-08-02 21:05:56,215 [grpc-default-executor-2] DEBUG leader.FollowerInfo (FollowerInfoImpl.java:lambda$new$1(49)) - s0@group-DBBE7E7C6C61->s2: matchIndex: updateToMax old=2, new=-1, updated? false
2022-08-02 21:05:56,216 [grpc-default-executor-3] DEBUG leader.FollowerInfo (FollowerInfoImpl.java:lambda$new$1(49)) - s0@group-DBBE7E7C6C61->s1: commitIndex: updateToMax old=1, new=1, updated? false
2022-08-02 21:05:56,216 [grpc-default-executor-3] DEBUG leader.FollowerInfo (FollowerInfoImpl.java:lambda$new$1(49)) - s0@group-DBBE7E7C6C61->s1: matchIndex: updateToMax old=2, new=-1, updated? false
2022-08-02 21:05:56,216 [grpc-default-executor-2] DEBUG leader.FollowerInfo (FollowerInfoImpl.java:lambda$new$1(49)) - s0@group-DBBE7E7C6C61->s2: commitIndex: updateToMax old=1, new=1, updated? false
2022-08-02 21:05:56,216 [grpc-default-executor-2] DEBUG leader.FollowerInfo (FollowerInfoImpl.java:lambda$new$1(49)) - s0@group-DBBE7E7C6C61->s2: matchIndex: updateToMax old=2, new=-1, updated? false
2022-08-02 21:05:56,217 [grpc-default-executor-3] DEBUG leader.FollowerInfo (FollowerInfoImpl.java:lambda$new$1(49)) - s0@group-DBBE7E7C6C61->s1: commitIndex: updateToMax old=1, new=1, updated? false
2022-08-02 21:05:56,217 [grpc-default-executor-3] DEBUG leader.FollowerInfo (FollowerInfoImpl.java:lambda$new$1(49)) - s0@group-DBBE7E7C6C61->s1: matchIndex: updateToMax old=2, new=-1, updated? false
2022-08-02 21:05:56,218 [grpc-default-executor-2] DEBUG leader.FollowerInfo (FollowerInfoImpl.java:lambda$new$1(49)) - s0@group-DBBE7E7C6C61->s2: commitIndex: updateToMax old=1, new=1, updated? false
2022-08-02 21:05:56,218 [grpc-default-executor-2] DEBUG leader.FollowerInfo (FollowerInfoImpl.java:lambda$new$1(49)) - s0@group-DBBE7E7C6C61->s2: matchIndex: updateToMax old=2, new=-1, updated? false
2022-08-02 21:05:56,218 [grpc-default-executor-3] DEBUG leader.FollowerInfo (FollowerInfoImpl.java:lambda$new$1(49)) - s0@group-DBBE7E7C6C61->s1: commitIndex: updateToMax old=1, new=1, updated? false
2022-08-02 21:05:56,218 [grpc-default-executor-3] DEBUG leader.FollowerInfo (FollowerInfoImpl.java:lambda$new$1(49)) - s0@group-DBBE7E7C6C61->s1: matchIndex: updateToMax old=2, new=-1, updated? false
2022-08-02 21:05:56,219 [grpc-default-executor-2] DEBUG leader.FollowerInfo (FollowerInfoImpl.java:lambda$new$1(49)) - s0@group-DBBE7E7C6C61->s2: commitIndex: updateToMax old=1, new=1, updated? false
2022-08-02 21:05:56,219 [grpc-default-executor-2] DEBUG leader.FollowerInfo (FollowerInfoImpl.java:lambda$new$1(49)) - s0@group-DBBE7E7C6C61->s2: matchIndex: updateToMax old=2, new=-1, updated? false
2022-08-02 21:05:56,220 [grpc-default-executor-3] DEBUG leader.FollowerInfo (FollowerInfoImpl.java:lambda$new$1(49)) - s0@group-DBBE7E7C6C61->s1: commitIndex: updateToMax old=1, new=1, updated? false
2022-08-02 21:05:56,220 [grpc-default-executor-3] DEBUG leader.FollowerInfo (FollowerInfoImpl.java:lambda$new$1(49)) - s0@group-DBBE7E7C6C61->s1: matchIndex: updateToMax old=2, new=-1, updated? false
2022-08-02 21:05:56,220 [grpc-default-executor-2] DEBUG leader.FollowerInfo (FollowerInfoImpl.java:lambda$new$1(49)) - s0@group-DBBE7E7C6C61->s2: commitIndex: updateToMax old=1, new=1, updated? false
2022-08-02 21:05:56,220 [grpc-default-executor-2] DEBUG leader.FollowerInfo (FollowerInfoImpl.java:lambda$new$1(49)) - s0@group-DBBE7E7C6C61->s2: matchIndex: updateToMax old=2, new=-1, updated? false
2022-08-02 21:05:56,221 [grpc-default-executor-3] DEBUG leader.FollowerInfo (FollowerInfoImpl.java:lambda$new$1(49)) - s0@group-DBBE7E7C6C61->s1: commitIndex: updateToMax old=1, new=1, updated? false
2022-08-02 21:05:56,221 [grpc-default-executor-3] DEBUG leader.FollowerInfo (FollowerInfoImpl.java:lambda$new$1(49)) - s0@group-DBBE7E7C6C61->s1: matchIndex: updateToMax old=2, new=-1, updated? false
2022-08-02 21:05:56,222 [grpc-default-executor-2] DEBUG leader.FollowerInfo (FollowerInfoImpl.java:lambda$new$1(49)) - s0@group-DBBE7E7C6C61->s2: commitIndex: updateToMax old=1, new=1, updated? false
2022-08-02 21:05:56,222 [grpc-default-executor-2] DEBUG leader.FollowerInfo (FollowerInfoImpl.java:lambda$new$1(49)) - s0@group-DBBE7E7C6C61->s2: matchIndex: updateToMax old=2, new=-1, updated? false
2022-08-02 21:05:56,222 [grpc-default-executor-3] DEBUG leader.FollowerInfo (FollowerInfoImpl.java:lambda$new$1(49)) - s0@group-DBBE7E7C6C61->s1: commitIndex: updateToMax old=1, new=1, updated? false
2022-08-02 21:05:56,222 [grpc-default-executor-3] DEBUG leader.FollowerInfo (FollowerInfoImpl.java:lambda$new$1(49)) - s0@group-DBBE7E7C6C61->s1: matchIndex: updateToMax old=2, new=-1, updated? false
2022-08-02 21:05:56,223 [grpc-default-executor-2] DEBUG leader.FollowerInfo (FollowerInfoImpl.java:lambda$new$1(49)) - s0@group-DBBE7E7C6C61->s2: commitIndex: updateToMax old=1, new=1, updated? false
2022-08-02 21:05:56,223 [grpc-default-executor-2] DEBUG leader.FollowerInfo (FollowerInfoImpl.java:lambda$new$1(49)) - s0@group-DBBE7E7C6C61->s2: matchIndex: updateToMax old=2, new=-1, updated? false
2022-08-02 21:05:56,224 [grpc-default-executor-3] DEBUG leader.FollowerInfo (FollowerInfoImpl.java:lambda$new$1(49)) - s0@group-DBBE7E7C6C61->s1: commitIndex: updateToMax old=1, new=1, updated? false
2022-08-02 21:05:56,224 [grpc-default-executor-3] DEBUG leader.FollowerInfo (FollowerInfoImpl.java:lambda$new$1(49)) - s0@group-DBBE7E7C6C61->s1: matchIndex: updateToMax old=2, new=-1, updated? false
2022-08-02 21:05:56,224 [grpc-default-executor-2] DEBUG leader.FollowerInfo (FollowerInfoImpl.java:lambda$new$1(49)) - s0@group-DBBE7E7C6C61->s2: commitIndex: updateToMax old=1, new=1, updated? false
2022-08-02 21:05:56,224 [grpc-default-executor-2] DEBUG leader.FollowerInfo (FollowerInfoImpl.java:lambda$new$1(49)) - s0@group-DBBE7E7C6C61->s2: matchIndex: updateToMax old=2, new=-1, updated? false
2022-08-02 21:05:56,225 [grpc-default-executor-3] DEBUG leader.FollowerInfo (FollowerInfoImpl.java:lambda$new$1(49)) - s0@group-DBBE7E7C6C61->s1: commitIndex: updateToMax old=1, new=1, updated? false
2022-08-02 21:05:56,225 [grpc-default-executor-3] DEBUG leader.FollowerInfo (FollowerInfoImpl.java:lambda$new$1(49)) - s0@group-DBBE7E7C6C61->s1: matchIndex: updateToMax old=2, new=-1, updated? false
2022-08-02 21:05:56,226 [grpc-default-executor-2] DEBUG leader.FollowerInfo (FollowerInfoImpl.java:lambda$new$1(49)) - s0@group-DBBE7E7C6C61->s2: commitIndex: updateToMax old=1, new=1, updated? false
2022-08-02 21:05:56,226 [grpc-default-executor-2] DEBUG leader.FollowerInfo (FollowerInfoImpl.java:lambda$new$1(49)) - s0@group-DBBE7E7C6C61->s2: matchIndex: updateToMax old=2, new=-1, updated? false
2022-08-02 21:05:56,226 [grpc-default-executor-3] DEBUG leader.FollowerInfo (FollowerInfoImpl.java:lambda$new$1(49)) - s0@group-DBBE7E7C6C61->s1: commitIndex: updateToMax old=1, new=1, updated? false
2022-08-02 21:05:56,226 [grpc-default-executor-3] DEBUG leader.FollowerInfo (FollowerInfoImpl.java:lambda$new$1(49)) - s0@group-DBBE7E7C6C61->s1: matchIndex: updateToMax old=2, new=-1, updated? false
2022-08-02 21:05:56,227 [grpc-default-executor-2] DEBUG leader.FollowerInfo (FollowerInfoImpl.java:lambda$new$1(49)) - s0@group-DBBE7E7C6C61->s2: commitIndex: updateToMax old=1, new=1, updated? false
2022-08-02 21:05:56,227 [grpc-default-executor-2] DEBUG leader.FollowerInfo (FollowerInfoImpl.java:lambda$new$1(49)) - s0@group-DBBE7E7C6C61->s2: matchIndex: updateToMax old=2, new=-1, updated? false
2022-08-02 21:05:56,228 [grpc-default-executor-3] DEBUG leader.FollowerInfo (FollowerInfoImpl.java:lambda$new$1(49)) - s0@group-DBBE7E7C6C61->s1: commitIndex: updateToMax old=1, new=1, updated? false
2022-08-02 21:05:56,228 [grpc-default-executor-3] DEBUG leader.FollowerInfo (FollowerInfoImpl.java:lambda$new$1(49)) - s0@group-DBBE7E7C6C61->s1: matchIndex: updateToMax old=2, new=-1, updated? false
2022-08-02 21:05:56,228 [grpc-default-executor-2] DEBUG leader.FollowerInfo (FollowerInfoImpl.java:lambda$new$1(49)) - s0@group-DBBE7E7C6C61->s2: commitIndex: updateToMax old=1, new=1, updated? false
2022-08-02 21:05:56,228 [grpc-default-executor-2] DEBUG leader.FollowerInfo (FollowerInfoImpl.java:lambda$new$1(49)) - s0@group-DBBE7E7C6C61->s2: matchIndex: updateToMax old=2, new=-1, updated? false
2022-08-02 21:05:56,229 [grpc-default-executor-3] DEBUG leader.FollowerInfo (FollowerInfoImpl.java:lambda$new$1(49)) - s0@group-DBBE7E7C6C61->s1: commitIndex: updateToMax old=1, new=1, updated? false
2022-08-02 21:05:56,229 [grpc-default-executor-3] DEBUG leader.FollowerInfo (FollowerInfoImpl.java:lambda$new$1(49)) - s0@group-DBBE7E7C6C61->s1: matchIndex: updateToMax old=2, new=-1, updated? false
2022-08-02 21:05:56,230 [grpc-default-executor-2] DEBUG leader.FollowerInfo (FollowerInfoImpl.java:lambda$new$1(49)) - s0@group-DBBE7E7C6C61->s2: commitIndex: updateToMax old=1, new=1, updated? false
2022-08-02 21:05:56,230 [grpc-default-executor-2] DEBUG leader.FollowerInfo (FollowerInfoImpl.java:lambda$new$1(49)) - s0@group-DBBE7E7C6C61->s2: matchIndex: updateToMax old=2, new=-1, updated? false
2022-08-02 21:05:56,230 [grpc-default-executor-3] DEBUG leader.FollowerInfo (FollowerInfoImpl.java:lambda$new$1(49)) - s0@group-DBBE7E7C6C61->s1: commitIndex: updateToMax old=1, new=1, updated? false
2022-08-02 21:05:56,230 [grpc-default-executor-3] DEBUG leader.FollowerInfo (FollowerInfoImpl.java:lambda$new$1(49)) - s0@group-DBBE7E7C6C61->s1: matchIndex: updateToMax old=2, new=-1, updated? false
2022-08-02 21:05:56,231 [grpc-default-executor-2] DEBUG leader.FollowerInfo (FollowerInfoImpl.java:lambda$new$1(49)) - s0@group-DBBE7E7C6C61->s2: commitIndex: updateToMax old=1, new=1, updated? false
2022-08-02 21:05:56,231 [grpc-default-executor-2] DEBUG leader.FollowerInfo (FollowerInfoImpl.java:lambda$new$1(49)) - s0@group-DBBE7E7C6C61->s2: matchIndex: updateToMax old=2, new=-1, updated? false
2022-08-02 21:05:56,231 [grpc-default-executor-3] DEBUG leader.FollowerInfo (FollowerInfoImpl.java:lambda$new$1(49)) - s0@group-DBBE7E7C6C61->s1: commitIndex: updateToMax old=1, new=1, updated? false
2022-08-02 21:05:56,232 [grpc-default-executor-3] DEBUG leader.FollowerInfo (FollowerInfoImpl.java:lambda$new$1(49)) - s0@group-DBBE7E7C6C61->s1: matchIndex: updateToMax old=2, new=-1, updated? false
2022-08-02 21:05:56,232 [grpc-default-executor-2] DEBUG leader.FollowerInfo (FollowerInfoImpl.java:lambda$new$1(49)) - s0@group-DBBE7E7C6C61->s2: commitIndex: updateToMax old=1, new=1, updated? false
2022-08-02 21:05:56,232 [grpc-default-executor-2] DEBUG leader.FollowerInfo (FollowerInfoImpl.java:lambda$new$1(49)) - s0@group-DBBE7E7C6C61->s2: matchIndex: updateToMax old=2, new=-1, updated? false
2022-08-02 21:05:56,233 [grpc-default-executor-3] DEBUG leader.FollowerInfo (FollowerInfoImpl.java:lambda$new$1(49)) - s0@group-DBBE7E7C6C61->s1: commitIndex: updateToMax old=1, new=1, updated? false
2022-08-02 21:05:56,233 [grpc-default-executor-3] DEBUG leader.FollowerInfo (FollowerInfoImpl.java:lambda$new$1(49)) - s0@group-DBBE7E7C6C61->s1: matchIndex: updateToMax old=2, new=-1, updated? false
2022-08-02 21:05:56,233 [grpc-default-executor-2] DEBUG leader.FollowerInfo (FollowerInfoImpl.java:lambda$new$1(49)) - s0@group-DBBE7E7C6C61->s2: commitIndex: updateToMax old=1, new=1, updated? false
2022-08-02 21:05:56,233 [grpc-default-executor-2] DEBUG leader.FollowerInfo (FollowerInfoImpl.java:lambda$new$1(49)) - s0@group-DBBE7E7C6C61->s2: matchIndex: updateToMax old=2, new=-1, updated? false
2022-08-02 21:05:56,234 [grpc-default-executor-3] DEBUG leader.FollowerInfo (FollowerInfoImpl.java:lambda$new$1(49)) - s0@group-DBBE7E7C6C61->s1: commitIndex: updateToMax old=1, new=1, updated? false
2022-08-02 21:05:56,234 [grpc-default-executor-3] DEBUG leader.FollowerInfo (FollowerInfoImpl.java:lambda$new$1(49)) - s0@group-DBBE7E7C6C61->s1: matchIndex: updateToMax old=2, new=-1, updated? false
2022-08-02 21:05:56,235 [grpc-default-executor-2] DEBUG leader.FollowerInfo (FollowerInfoImpl.java:lambda$new$1(49)) - s0@group-DBBE7E7C6C61->s2: commitIndex: updateToMax old=1, new=1, updated? false
2022-08-02 21:05:56,235 [grpc-default-executor-2] DEBUG leader.FollowerInfo (FollowerInfoImpl.java:lambda$new$1(49)) - s0@group-DBBE7E7C6C61->s2: matchIndex: updateToMax old=2, new=-1, updated? false
2022-08-02 21:05:56,236 [grpc-default-executor-3] DEBUG leader.FollowerInfo (FollowerInfoImpl.java:lambda$new$1(49)) - s0@group-DBBE7E7C6C61->s1: commitIndex: updateToMax old=1, new=1, updated? false
2022-08-02 21:05:56,236 [grpc-default-executor-3] DEBUG leader.FollowerInfo (FollowerInfoImpl.java:lambda$new$1(49)) - s0@group-DBBE7E7C6C61->s1: matchIndex: updateToMax old=2, new=-1, updated? false
2022-08-02 21:05:56,236 [grpc-default-executor-2] DEBUG leader.FollowerInfo (FollowerInfoImpl.java:lambda$new$1(49)) - s0@group-DBBE7E7C6C61->s2: commitIndex: updateToMax old=1, new=1, updated? false
2022-08-02 21:05:56,236 [grpc-default-executor-2] DEBUG leader.FollowerInfo (FollowerInfoImpl.java:lambda$new$1(49)) - s0@group-DBBE7E7C6C61->s2: matchIndex: updateToMax old=2, new=-1, updated? false
2022-08-02 21:05:56,237 [grpc-default-executor-3] DEBUG leader.FollowerInfo (FollowerInfoImpl.java:lambda$new$1(49)) - s0@group-DBBE7E7C6C61->s1: commitIndex: updateToMax old=1, new=1, updated? false
2022-08-02 21:05:56,237 [grpc-default-executor-3] DEBUG leader.FollowerInfo (FollowerInfoImpl.java:lambda$new$1(49)) - s0@group-DBBE7E7C6C61->s1: matchIndex: updateToMax old=2, new=-1, updated? false
2022-08-02 21:05:56,238 [grpc-default-executor-2] DEBUG leader.FollowerInfo (FollowerInfoImpl.java:lambda$new$1(49)) - s0@group-DBBE7E7C6C61->s2: commitIndex: updateToMax old=1, new=1, updated? false
2022-08-02 21:05:56,238 [grpc-default-executor-2] DEBUG leader.FollowerInfo (FollowerInfoImpl.java:lambda$new$1(49)) - s0@group-DBBE7E7C6C61->s2: matchIndex: updateToMax old=2, new=-1, updated? false
2022-08-02 21:05:56,238 [grpc-default-executor-3] DEBUG leader.FollowerInfo (FollowerInfoImpl.java:lambda$new$1(49)) - s0@group-DBBE7E7C6C61->s1: commitIndex: updateToMax old=1, new=1, updated? false
2022-08-02 21:05:56,238 [grpc-default-executor-3] DEBUG leader.FollowerInfo (FollowerInfoImpl.java:lambda$new$1(49)) - s0@group-DBBE7E7C6C61->s1: matchIndex: updateToMax old=2, new=-1, updated? false
2022-08-02 21:05:56,239 [grpc-default-executor-2] DEBUG leader.FollowerInfo (FollowerInfoImpl.java:lambda$new$1(49)) - s0@group-DBBE7E7C6C61->s2: commitIndex: updateToMax old=1, new=1, updated? false
2022-08-02 21:05:56,239 [grpc-default-executor-2] DEBUG leader.FollowerInfo (FollowerInfoImpl.java:lambda$new$1(49)) - s0@group-DBBE7E7C6C61->s2: matchIndex: updateToMax old=2, new=-1, updated? false
2022-08-02 21:05:56,240 [grpc-default-executor-3] DEBUG leader.FollowerInfo (FollowerInfoImpl.java:lambda$new$1(49)) - s0@group-DBBE7E7C6C61->s1: commitIndex: updateToMax old=1, new=1, updated? false
2022-08-02 21:05:56,240 [grpc-default-executor-3] DEBUG leader.FollowerInfo (FollowerInfoImpl.java:lambda$new$1(49)) - s0@group-DBBE7E7C6C61->s1: matchIndex: updateToMax old=2, new=-1, updated? false
2022-08-02 21:05:56,240 [grpc-default-executor-2] DEBUG leader.FollowerInfo (FollowerInfoImpl.java:lambda$new$1(49)) - s0@group-DBBE7E7C6C61->s2: commitIndex: updateToMax old=1, new=1, updated? false
2022-08-02 21:05:56,240 [grpc-default-executor-2] DEBUG leader.FollowerInfo (FollowerInfoImpl.java:lambda$new$1(49)) - s0@group-DBBE7E7C6C61->s2: matchIndex: updateToMax old=2, new=-1, updated? false
2022-08-02 21:05:56,241 [grpc-default-executor-3] DEBUG leader.FollowerInfo (FollowerInfoImpl.java:lambda$new$1(49)) - s0@group-DBBE7E7C6C61->s1: commitIndex: updateToMax old=1, new=1, updated? false
2022-08-02 21:05:56,241 [grpc-default-executor-3] DEBUG leader.FollowerInfo (FollowerInfoImpl.java:lambda$new$1(49)) - s0@group-DBBE7E7C6C61->s1: matchIndex: updateToMax old=2, new=-1, updated? false
2022-08-02 21:05:56,242 [grpc-default-executor-2] DEBUG leader.FollowerInfo (FollowerInfoImpl.java:lambda$new$1(49)) - s0@group-DBBE7E7C6C61->s2: commitIndex: updateToMax old=1, new=1, updated? false
2022-08-02 21:05:56,242 [grpc-default-executor-2] DEBUG leader.FollowerInfo (FollowerInfoImpl.java:lambda$new$1(49)) - s0@group-DBBE7E7C6C61->s2: matchIndex: updateToMax old=2, new=-1, updated? false
2022-08-02 21:05:56,242 [grpc-default-executor-3] DEBUG leader.FollowerInfo (FollowerInfoImpl.java:lambda$new$1(49)) - s0@group-DBBE7E7C6C61->s1: commitIndex: updateToMax old=1, new=1, updated? false
2022-08-02 21:05:56,242 [grpc-default-executor-3] DEBUG leader.FollowerInfo (FollowerInfoImpl.java:lambda$new$1(49)) - s0@group-DBBE7E7C6C61->s1: matchIndex: updateToMax old=2, new=-1, updated? false
2022-08-02 21:05:56,243 [grpc-default-executor-2] DEBUG leader.FollowerInfo (FollowerInfoImpl.java:lambda$new$1(49)) - s0@group-DBBE7E7C6C61->s2: commitIndex: updateToMax old=1, new=1, updated? false
2022-08-02 21:05:56,243 [grpc-default-executor-2] DEBUG leader.FollowerInfo (FollowerInfoImpl.java:lambda$new$1(49)) - s0@group-DBBE7E7C6C61->s2: matchIndex: updateToMax old=2, new=-1, updated? false
2022-08-02 21:05:56,244 [grpc-default-executor-3] DEBUG leader.FollowerInfo (FollowerInfoImpl.java:lambda$new$1(49)) - s0@group-DBBE7E7C6C61->s1: commitIndex: updateToMax old=1, new=1, updated? false
2022-08-02 21:05:56,244 [grpc-default-executor-3] DEBUG leader.FollowerInfo (FollowerInfoImpl.java:lambda$new$1(49)) - s0@group-DBBE7E7C6C61->s1: matchIndex: updateToMax old=2, new=-1, updated? false
2022-08-02 21:05:56,244 [grpc-default-executor-2] DEBUG leader.FollowerInfo (FollowerInfoImpl.java:lambda$new$1(49)) - s0@group-DBBE7E7C6C61->s2: commitIndex: updateToMax old=1, new=1, updated? false
2022-08-02 21:05:56,244 [grpc-default-executor-2] DEBUG leader.FollowerInfo (FollowerInfoImpl.java:lambda$new$1(49)) - s0@group-DBBE7E7C6C61->s2: matchIndex: updateToMax old=2, new=-1, updated? false
2022-08-02 21:05:56,245 [grpc-default-executor-3] DEBUG leader.FollowerInfo (FollowerInfoImpl.java:lambda$new$1(49)) - s0@group-DBBE7E7C6C61->s1: commitIndex: updateToMax old=1, new=1, updated? false
2022-08-02 21:05:56,245 [grpc-default-executor-3] DEBUG leader.FollowerInfo (FollowerInfoImpl.java:lambda$new$1(49)) - s0@group-DBBE7E7C6C61->s1: matchIndex: updateToMax old=2, new=-1, updated? false
2022-08-02 21:05:56,246 [grpc-default-executor-2] DEBUG leader.FollowerInfo (FollowerInfoImpl.java:lambda$new$1(49)) - s0@group-DBBE7E7C6C61->s2: commitIndex: updateToMax old=1, new=1, updated? false
2022-08-02 21:05:56,246 [grpc-default-executor-2] DEBUG leader.FollowerInfo (FollowerInfoImpl.java:lambda$new$1(49)) - s0@group-DBBE7E7C6C61->s2: matchIndex: updateToMax old=2, new=-1, updated? false
2022-08-02 21:05:56,246 [grpc-default-executor-3] DEBUG leader.FollowerInfo (FollowerInfoImpl.java:lambda$new$1(49)) - s0@group-DBBE7E7C6C61->s1: commitIndex: updateToMax old=1, new=1, updated? false
2022-08-02 21:05:56,246 [grpc-default-executor-3] DEBUG leader.FollowerInfo (FollowerInfoImpl.java:lambda$new$1(49)) - s0@group-DBBE7E7C6C61->s1: matchIndex: updateToMax old=2, new=-1, updated? false
2022-08-02 21:05:56,247 [grpc-default-executor-2] DEBUG leader.FollowerInfo (FollowerInfoImpl.java:lambda$new$1(49)) - s0@group-DBBE7E7C6C61->s2: commitIndex: updateToMax old=1, new=1, updated? false
2022-08-02 21:05:56,247 [grpc-default-executor-2] DEBUG leader.FollowerInfo (FollowerInfoImpl.java:lambda$new$1(49)) - s0@group-DBBE7E7C6C61->s2: matchIndex: updateToMax old=2, new=-1, updated? false
2022-08-02 21:05:56,248 [grpc-default-executor-3] DEBUG leader.FollowerInfo (FollowerInfoImpl.java:lambda$new$1(49)) - s0@group-DBBE7E7C6C61->s1: commitIndex: updateToMax old=1, new=1, updated? false
2022-08-02 21:05:56,248 [grpc-default-executor-3] DEBUG leader.FollowerInfo (FollowerInfoImpl.java:lambda$new$1(49)) - s0@group-DBBE7E7C6C61->s1: matchIndex: updateToMax old=2, new=-1, updated? false
2022-08-02 21:05:56,248 [grpc-default-executor-2] DEBUG leader.FollowerInfo (FollowerInfoImpl.java:lambda$new$1(49)) - s0@group-DBBE7E7C6C61->s2: commitIndex: updateToMax old=1, new=1, updated? false
2022-08-02 21:05:56,248 [grpc-default-executor-2] DEBUG leader.FollowerInfo (FollowerInfoImpl.java:lambda$new$1(49)) - s0@group-DBBE7E7C6C61->s2: matchIndex: updateToMax old=2, new=-1, updated? false
2022-08-02 21:05:56,249 [grpc-default-executor-3] DEBUG leader.FollowerInfo (FollowerInfoImpl.java:lambda$new$1(49)) - s0@group-DBBE7E7C6C61->s1: commitIndex: updateToMax old=1, new=1, updated? false
2022-08-02 21:05:56,249 [grpc-default-executor-3] DEBUG leader.FollowerInfo (FollowerInfoImpl.java:lambda$new$1(49)) - s0@group-DBBE7E7C6C61->s1: matchIndex: updateToMax old=2, new=-1, updated? false
2022-08-02 21:05:56,250 [grpc-default-executor-2] DEBUG leader.FollowerInfo (FollowerInfoImpl.java:lambda$new$1(49)) - s0@group-DBBE7E7C6C61->s2: commitIndex: updateToMax old=1, new=1, updated? false
2022-08-02 21:05:56,250 [grpc-default-executor-2] DEBUG leader.FollowerInfo (FollowerInfoImpl.java:lambda$new$1(49)) - s0@group-DBBE7E7C6C61->s2: matchIndex: updateToMax old=2, new=-1, updated? false
2022-08-02 21:05:56,250 [grpc-default-executor-3] DEBUG leader.FollowerInfo (FollowerInfoImpl.java:lambda$new$1(49)) - s0@group-DBBE7E7C6C61->s1: commitIndex: updateToMax old=1, new=1, updated? false
2022-08-02 21:05:56,250 [grpc-default-executor-3] DEBUG leader.FollowerInfo (FollowerInfoImpl.java:lambda$new$1(49)) - s0@group-DBBE7E7C6C61->s1: matchIndex: updateToMax old=2, new=-1, updated? false
2022-08-02 21:05:56,251 [grpc-default-executor-2] DEBUG leader.FollowerInfo (FollowerInfoImpl.java:lambda$new$1(49)) - s0@group-DBBE7E7C6C61->s2: commitIndex: updateToMax old=1, new=1, updated? false
2022-08-02 21:05:56,251 [grpc-default-executor-2] DEBUG leader.FollowerInfo (FollowerInfoImpl.java:lambda$new$1(49)) - s0@group-DBBE7E7C6C61->s2: matchIndex: updateToMax old=2, new=-1, updated? false
2022-08-02 21:05:56,251 [grpc-default-executor-3] DEBUG leader.FollowerInfo (FollowerInfoImpl.java:lambda$new$1(49)) - s0@group-DBBE7E7C6C61->s1: commitIndex: updateToMax old=1, new=1, updated? false
2022-08-02 21:05:56,251 [grpc-default-executor-3] DEBUG leader.FollowerInfo (FollowerInfoImpl.java:lambda$new$1(49)) - s0@group-DBBE7E7C6C61->s1: matchIndex: updateToMax old=2, new=-1, updated? false
2022-08-02 21:05:56,252 [grpc-default-executor-2] DEBUG leader.FollowerInfo (FollowerInfoImpl.java:lambda$new$1(49)) - s0@group-DBBE7E7C6C61->s2: commitIndex: updateToMax old=1, new=1, updated? false
2022-08-02 21:05:56,252 [grpc-default-executor-2] DEBUG leader.FollowerInfo (FollowerInfoImpl.java:lambda$new$1(49)) - s0@group-DBBE7E7C6C61->s2: matchIndex: updateToMax old=2, new=-1, updated? false
2022-08-02 21:05:56,252 [grpc-default-executor-3] DEBUG leader.FollowerInfo (FollowerInfoImpl.java:lambda$new$1(49)) - s0@group-DBBE7E7C6C61->s1: commitIndex: updateToMax old=1, new=1, updated? false
2022-08-02 21:05:56,253 [grpc-default-executor-3] DEBUG leader.FollowerInfo (FollowerInfoImpl.java:lambda$new$1(49)) - s0@group-DBBE7E7C6C61->s1: matchIndex: updateToMax old=2, new=-1, updated? false
2022-08-02 21:05:56,253 [grpc-default-executor-2] DEBUG leader.FollowerInfo (FollowerInfoImpl.java:lambda$new$1(49)) - s0@group-DBBE7E7C6C61->s2: commitIndex: updateToMax old=1, new=1, updated? false
2022-08-02 21:05:56,253 [grpc-default-executor-2] DEBUG leader.FollowerInfo (FollowerInfoImpl.java:lambda$new$1(49)) - s0@group-DBBE7E7C6C61->s2: matchIndex: updateToMax old=2, new=-1, updated? false
2022-08-02 21:05:56,254 [grpc-default-executor-3] DEBUG leader.FollowerInfo (FollowerInfoImpl.java:lambda$new$1(49)) - s0@group-DBBE7E7C6C61->s1: commitIndex: updateToMax old=1, new=1, updated? false
2022-08-02 21:05:56,254 [grpc-default-executor-3] DEBUG leader.FollowerInfo (FollowerInfoImpl.java:lambda$new$1(49)) - s0@group-DBBE7E7C6C61->s1: matchIndex: updateToMax old=2, new=-1, updated? false
2022-08-02 21:05:56,254 [grpc-default-executor-2] DEBUG leader.FollowerInfo (FollowerInfoImpl.java:lambda$new$1(49)) - s0@group-DBBE7E7C6C61->s2: commitIndex: updateToMax old=1, new=1, updated? false
2022-08-02 21:05:56,254 [grpc-default-executor-2] DEBUG leader.FollowerInfo (FollowerInfoImpl.java:lambda$new$1(49)) - s0@group-DBBE7E7C6C61->s2: matchIndex: updateToMax old=2, new=-1, updated? false
2022-08-02 21:05:56,255 [grpc-default-executor-3] DEBUG leader.FollowerInfo (FollowerInfoImpl.java:lambda$new$1(49)) - s0@group-DBBE7E7C6C61->s1: commitIndex: updateToMax old=1, new=1, updated? false
2022-08-02 21:05:56,255 [grpc-default-executor-3] DEBUG leader.FollowerInfo (FollowerInfoImpl.java:lambda$new$1(49)) - s0@group-DBBE7E7C6C61->s1: matchIndex: updateToMax old=2, new=-1, updated? false
2022-08-02 21:05:56,256 [grpc-default-executor-2] DEBUG leader.FollowerInfo (FollowerInfoImpl.java:lambda$new$1(49)) - s0@group-DBBE7E7C6C61->s2: commitIndex: updateToMax old=1, new=1, updated? false
2022-08-02 21:05:56,256 [grpc-default-executor-2] DEBUG leader.FollowerInfo (FollowerInfoImpl.java:lambda$new$1(49)) - s0@group-DBBE7E7C6C61->s2: matchIndex: updateToMax old=2, new=-1, updated? false
2022-08-02 21:05:56,256 [grpc-default-executor-3] DEBUG leader.FollowerInfo (FollowerInfoImpl.java:lambda$new$1(49)) - s0@group-DBBE7E7C6C61->s1: commitIndex: updateToMax old=1, new=1, updated? false
2022-08-02 21:05:56,256 [grpc-default-executor-3] DEBUG leader.FollowerInfo (FollowerInfoImpl.java:lambda$new$1(49)) - s0@group-DBBE7E7C6C61->s1: matchIndex: updateToMax old=2, new=-1, updated? false
2022-08-02 21:05:56,257 [grpc-default-executor-2] DEBUG leader.FollowerInfo (FollowerInfoImpl.java:lambda$new$1(49)) - s0@group-DBBE7E7C6C61->s2: commitIndex: updateToMax old=1, new=1, updated? false
2022-08-02 21:05:56,257 [grpc-default-executor-2] DEBUG leader.FollowerInfo (FollowerInfoImpl.java:lambda$new$1(49)) - s0@group-DBBE7E7C6C61->s2: matchIndex: updateToMax old=2, new=-1, updated? false
2022-08-02 21:05:56,258 [grpc-default-executor-3] DEBUG leader.FollowerInfo (FollowerInfoImpl.java:lambda$new$1(49)) - s0@group-DBBE7E7C6C61->s1: commitIndex: updateToMax old=1, new=1, updated? false
2022-08-02 21:05:56,258 [grpc-default-executor-3] DEBUG leader.FollowerInfo (FollowerInfoImpl.java:lambda$new$1(49)) - s0@group-DBBE7E7C6C61->s1: matchIndex: updateToMax old=2, new=-1, updated? false
2022-08-02 21:05:56,258 [grpc-default-executor-2] DEBUG leader.FollowerInfo (FollowerInfoImpl.java:lambda$new$1(49)) - s0@group-DBBE7E7C6C61->s2: commitIndex: updateToMax old=1, new=1, updated? false
2022-08-02 21:05:56,258 [grpc-default-executor-2] DEBUG leader.FollowerInfo (FollowerInfoImpl.java:lambda$new$1(49)) - s0@group-DBBE7E7C6C61->s2: matchIndex: updateToMax old=2, new=-1, updated? false
2022-08-02 21:05:56,259 [grpc-default-executor-3] DEBUG leader.FollowerInfo (FollowerInfoImpl.java:lambda$new$1(49)) - s0@group-DBBE7E7C6C61->s1: commitIndex: updateToMax old=1, new=1, updated? false
2022-08-02 21:05:56,259 [grpc-default-executor-3] DEBUG leader.FollowerInfo (FollowerInfoImpl.java:lambda$new$1(49)) - s0@group-DBBE7E7C6C61->s1: matchIndex: updateToMax old=2, new=-1, updated? false
2022-08-02 21:05:56,260 [grpc-default-executor-2] DEBUG leader.FollowerInfo (FollowerInfoImpl.java:lambda$new$1(49)) - s0@group-DBBE7E7C6C61->s2: commitIndex: updateToMax old=1, new=1, updated? false
2022-08-02 21:05:56,260 [grpc-default-executor-2] DEBUG leader.FollowerInfo (FollowerInfoImpl.java:lambda$new$1(49)) - s0@group-DBBE7E7C6C61->s2: matchIndex: updateToMax old=2, new=-1, updated? false
2022-08-02 21:05:56,260 [grpc-default-executor-3] DEBUG leader.FollowerInfo (FollowerInfoImpl.java:lambda$new$1(49)) - s0@group-DBBE7E7C6C61->s1: commitIndex: updateToMax old=1, new=1, updated? false
2022-08-02 21:05:56,260 [grpc-default-executor-3] DEBUG leader.FollowerInfo (FollowerInfoImpl.java:lambda$new$1(49)) - s0@group-DBBE7E7C6C61->s1: matchIndex: updateToMax old=2, new=-1, updated? false
2022-08-02 21:05:56,261 [grpc-default-executor-2] DEBUG leader.FollowerInfo (FollowerInfoImpl.java:lambda$new$1(49)) - s0@group-DBBE7E7C6C61->s2: commitIndex: updateToMax old=1, new=1, updated? false
2022-08-02 21:05:56,261 [grpc-default-executor-2] DEBUG leader.FollowerInfo (FollowerInfoImpl.java:lambda$new$1(49)) - s0@group-DBBE7E7C6C61->s2: matchIndex: updateToMax old=2, new=-1, updated? false
2022-08-02 21:05:56,261 [grpc-default-executor-3] DEBUG leader.FollowerInfo (FollowerInfoImpl.java:lambda$new$1(49)) - s0@group-DBBE7E7C6C61->s1: commitIndex: updateToMax old=1, new=1, updated? false
2022-08-02 21:05:56,261 [grpc-default-executor-3] DEBUG leader.FollowerInfo (FollowerInfoImpl.java:lambda$new$1(49)) - s0@group-DBBE7E7C6C61->s1: matchIndex: updateToMax old=2, new=-1, updated? false
2022-08-02 21:05:56,262 [grpc-default-executor-2] DEBUG leader.FollowerInfo (FollowerInfoImpl.java:lambda$new$1(49)) - s0@group-DBBE7E7C6C61->s2: commitIndex: updateToMax old=1, new=1, updated? false
2022-08-02 21:05:56,262 [grpc-default-executor-2] DEBUG leader.FollowerInfo (FollowerInfoImpl.java:lambda$new$1(49)) - s0@group-DBBE7E7C6C61->s2: matchIndex: updateToMax old=2, new=-1, updated? false
2022-08-02 21:05:56,262 [grpc-default-executor-3] DEBUG leader.FollowerInfo (FollowerInfoImpl.java:lambda$new$1(49)) - s0@group-DBBE7E7C6C61->s1: commitIndex: updateToMax old=1, new=1, updated? false
2022-08-02 21:05:56,263 [grpc-default-executor-3] DEBUG leader.FollowerInfo (FollowerInfoImpl.java:lambda$new$1(49)) - s0@group-DBBE7E7C6C61->s1: matchIndex: updateToMax old=2, new=-1, updated? false
2022-08-02 21:05:56,263 [grpc-default-executor-2] DEBUG leader.FollowerInfo (FollowerInfoImpl.java:lambda$new$1(49)) - s0@group-DBBE7E7C6C61->s2: commitIndex: updateToMax old=1, new=1, updated? false
2022-08-02 21:05:56,263 [grpc-default-executor-2] DEBUG leader.FollowerInfo (FollowerInfoImpl.java:lambda$new$1(49)) - s0@group-DBBE7E7C6C61->s2: matchIndex: updateToMax old=2, new=-1, updated? false
2022-08-02 21:05:56,264 [grpc-default-executor-3] DEBUG leader.FollowerInfo (FollowerInfoImpl.java:lambda$new$1(49)) - s0@group-DBBE7E7C6C61->s1: commitIndex: updateToMax old=1, new=1, updated? false
2022-08-02 21:05:56,264 [grpc-default-executor-3] DEBUG leader.FollowerInfo (FollowerInfoImpl.java:lambda$new$1(49)) - s0@group-DBBE7E7C6C61->s1: matchIndex: updateToMax old=2, new=-1, updated? false
2022-08-02 21:05:56,264 [grpc-default-executor-2] DEBUG leader.FollowerInfo (FollowerInfoImpl.java:lambda$new$1(49)) - s0@group-DBBE7E7C6C61->s2: commitIndex: updateToMax old=1, new=1, updated? false
2022-08-02 21:05:56,264 [grpc-default-executor-2] DEBUG leader.FollowerInfo (FollowerInfoImpl.java:lambda$new$1(49)) - s0@group-DBBE7E7C6C61->s2: matchIndex: updateToMax old=2, new=-1, updated? false
2022-08-02 21:05:56,265 [grpc-default-executor-3] DEBUG leader.FollowerInfo (FollowerInfoImpl.java:lambda$new$1(49)) - s0@group-DBBE7E7C6C61->s1: commitIndex: updateToMax old=1, new=1, updated? false
2022-08-02 21:05:56,265 [grpc-default-executor-3] DEBUG leader.FollowerInfo (FollowerInfoImpl.java:lambda$new$1(49)) - s0@group-DBBE7E7C6C61->s1: matchIndex: updateToMax old=2, new=-1, updated? false
2022-08-02 21:05:56,265 [grpc-default-executor-2] DEBUG leader.FollowerInfo (FollowerInfoImpl.java:lambda$new$1(49)) - s0@group-DBBE7E7C6C61->s2: commitIndex: updateToMax old=1, new=1, updated? false
2022-08-02 21:05:56,265 [grpc-default-executor-2] DEBUG leader.FollowerInfo (FollowerInfoImpl.java:lambda$new$1(49)) - s0@group-DBBE7E7C6C61->s2: matchIndex: updateToMax old=2, new=-1, updated? false
2022-08-02 21:05:56,266 [grpc-default-executor-3] DEBUG leader.FollowerInfo (FollowerInfoImpl.java:lambda$new$1(49)) - s0@group-DBBE7E7C6C61->s1: commitIndex: updateToMax old=1, new=1, updated? false
2022-08-02 21:05:56,266 [grpc-default-executor-3] DEBUG leader.FollowerInfo (FollowerInfoImpl.java:lambda$new$1(49)) - s0@group-DBBE7E7C6C61->s1: matchIndex: updateToMax old=2, new=-1, updated? false
2022-08-02 21:05:56,267 [grpc-default-executor-2] DEBUG leader.FollowerInfo (FollowerInfoImpl.java:lambda$new$1(49)) - s0@group-DBBE7E7C6C61->s2: commitIndex: updateToMax old=1, new=1, updated? false
2022-08-02 21:05:56,267 [grpc-default-executor-2] DEBUG leader.FollowerInfo (FollowerInfoImpl.java:lambda$new$1(49)) - s0@group-DBBE7E7C6C61->s2: matchIndex: updateToMax old=2, new=-1, updated? false
2022-08-02 21:05:56,267 [grpc-default-executor-3] DEBUG leader.FollowerInfo (FollowerInfoImpl.java:lambda$new$1(49)) - s0@group-DBBE7E7C6C61->s1: commitIndex: updateToMax old=1, new=1, updated? false
2022-08-02 21:05:56,267 [grpc-default-executor-3] DEBUG leader.FollowerInfo (FollowerInfoImpl.java:lambda$new$1(49)) - s0@group-DBBE7E7C6C61->s1: matchIndex: updateToMax old=2, new=-1, updated? false
2022-08-02 21:05:56,268 [grpc-default-executor-2] DEBUG leader.FollowerInfo (FollowerInfoImpl.java:lambda$new$1(49)) - s0@group-DBBE7E7C6C61->s2: commitIndex: updateToMax old=1, new=1, updated? false
2022-08-02 21:05:56,268 [grpc-default-executor-2] DEBUG leader.FollowerInfo (FollowerInfoImpl.java:lambda$new$1(49)) - s0@group-DBBE7E7C6C61->s2: matchIndex: updateToMax old=2, new=-1, updated? false
2022-08-02 21:05:56,269 [grpc-default-executor-3] DEBUG leader.FollowerInfo (FollowerInfoImpl.java:lambda$new$1(49)) - s0@group-DBBE7E7C6C61->s1: commitIndex: updateToMax old=1, new=1, updated? false
2022-08-02 21:05:56,269 [grpc-default-executor-3] DEBUG leader.FollowerInfo (FollowerInfoImpl.java:lambda$new$1(49)) - s0@group-DBBE7E7C6C61->s1: matchIndex: updateToMax old=2, new=-1, updated? false
2022-08-02 21:05:56,269 [grpc-default-executor-2] DEBUG leader.FollowerInfo (FollowerInfoImpl.java:lambda$new$1(49)) - s0@group-DBBE7E7C6C61->s2: commitIndex: updateToMax old=1, new=1, updated? false
2022-08-02 21:05:56,269 [grpc-default-executor-2] DEBUG leader.FollowerInfo (FollowerInfoImpl.java:lambda$new$1(49)) - s0@group-DBBE7E7C6C61->s2: matchIndex: updateToMax old=2, new=-1, updated? false
2022-08-02 21:05:56,270 [grpc-default-executor-3] DEBUG leader.FollowerInfo (FollowerInfoImpl.java:lambda$new$1(49)) - s0@group-DBBE7E7C6C61->s1: commitIndex: updateToMax old=1, new=1, updated? false
2022-08-02 21:05:56,270 [grpc-default-executor-3] DEBUG leader.FollowerInfo (FollowerInfoImpl.java:lambda$new$1(49)) - s0@group-DBBE7E7C6C61->s1: matchIndex: updateToMax old=2, new=-1, updated? false
2022-08-02 21:05:56,271 [grpc-default-executor-2] DEBUG leader.FollowerInfo (FollowerInfoImpl.java:lambda$new$1(49)) - s0@group-DBBE7E7C6C61->s2: commitIndex: updateToMax old=1, new=1, updated? false
2022-08-02 21:05:56,271 [grpc-default-executor-2] DEBUG leader.FollowerInfo (FollowerInfoImpl.java:lambda$new$1(49)) - s0@group-DBBE7E7C6C61->s2: matchIndex: updateToMax old=2, new=-1, updated? false
2022-08-02 21:05:56,271 [grpc-default-executor-3] DEBUG leader.FollowerInfo (FollowerInfoImpl.java:lambda$new$1(49)) - s0@group-DBBE7E7C6C61->s1: commitIndex: updateToMax old=1, new=1, updated? false
2022-08-02 21:05:56,271 [grpc-default-executor-3] DEBUG leader.FollowerInfo (FollowerInfoImpl.java:lambda$new$1(49)) - s0@group-DBBE7E7C6C61->s1: matchIndex: updateToMax old=2, new=-1, updated? false
2022-08-02 21:05:56,272 [grpc-default-executor-2] DEBUG leader.FollowerInfo (FollowerInfoImpl.java:lambda$new$1(49)) - s0@group-DBBE7E7C6C61->s2: commitIndex: updateToMax old=1, new=1, updated? false
2022-08-02 21:05:56,272 [grpc-default-executor-2] DEBUG leader.FollowerInfo (FollowerInfoImpl.java:lambda$new$1(49)) - s0@group-DBBE7E7C6C61->s2: matchIndex: updateToMax old=2, new=-1, updated? false
2022-08-02 21:05:56,272 [grpc-default-executor-3] DEBUG leader.FollowerInfo (FollowerInfoImpl.java:lambda$new$1(49)) - s0@group-DBBE7E7C6C61->s1: commitIndex: updateToMax old=1, new=1, updated? false
2022-08-02 21:05:56,272 [grpc-default-executor-3] DEBUG leader.FollowerInfo (FollowerInfoImpl.java:lambda$new$1(49)) - s0@group-DBBE7E7C6C61->s1: matchIndex: updateToMax old=2, new=-1, updated? false
2022-08-02 21:05:56,273 [grpc-default-executor-2] DEBUG leader.FollowerInfo (FollowerInfoImpl.java:lambda$new$1(49)) - s0@group-DBBE7E7C6C61->s2: commitIndex: updateToMax old=1, new=1, updated? false
2022-08-02 21:05:56,273 [grpc-default-executor-2] DEBUG leader.FollowerInfo (FollowerInfoImpl.java:lambda$new$1(49)) - s0@group-DBBE7E7C6C61->s2: matchIndex: updateToMax old=2, new=-1, updated? false
2022-08-02 21:05:56,274 [grpc-default-executor-3] DEBUG leader.FollowerInfo (FollowerInfoImpl.java:lambda$new$1(49)) - s0@group-DBBE7E7C6C61->s1: commitIndex: updateToMax old=1, new=1, updated? false
2022-08-02 21:05:56,274 [grpc-default-executor-3] DEBUG leader.FollowerInfo (FollowerInfoImpl.java:lambda$new$1(49)) - s0@group-DBBE7E7C6C61->s1: matchIndex: updateToMax old=2, new=-1, updated? false
2022-08-02 21:05:56,274 [grpc-default-executor-2] DEBUG leader.FollowerInfo (FollowerInfoImpl.java:lambda$new$1(49)) - s0@group-DBBE7E7C6C61->s2: commitIndex: updateToMax old=1, new=1, updated? false
2022-08-02 21:05:56,274 [grpc-default-executor-2] DEBUG leader.FollowerInfo (FollowerInfoImpl.java:lambda$new$1(49)) - s0@group-DBBE7E7C6C61->s2: matchIndex: updateToMax old=2, new=-1, updated? false
2022-08-02 21:05:56,275 [grpc-default-executor-3] DEBUG leader.FollowerInfo (FollowerInfoImpl.java:lambda$new$1(49)) - s0@group-DBBE7E7C6C61->s1: commitIndex: updateToMax old=1, new=1, updated? false
2022-08-02 21:05:56,275 [grpc-default-executor-3] DEBUG leader.FollowerInfo (FollowerInfoImpl.java:lambda$new$1(49)) - s0@group-DBBE7E7C6C61->s1: matchIndex: updateToMax old=2, new=-1, updated? false
2022-08-02 21:05:56,276 [grpc-default-executor-2] DEBUG leader.FollowerInfo (FollowerInfoImpl.java:lambda$new$1(49)) - s0@group-DBBE7E7C6C61->s2: commitIndex: updateToMax old=1, new=1, updated? false
2022-08-02 21:05:56,276 [grpc-default-executor-2] DEBUG leader.FollowerInfo (FollowerInfoImpl.java:lambda$new$1(49)) - s0@group-DBBE7E7C6C61->s2: matchIndex: updateToMax old=2, new=-1, updated? false
2022-08-02 21:05:56,276 [grpc-default-executor-2] DEBUG leader.FollowerInfo (FollowerInfoImpl.java:lambda$new$1(49)) - s0@group-DBBE7E7C6C61->s1: commitIndex: updateToMax old=1, new=1, updated? false
2022-08-02 21:05:56,276 [grpc-default-executor-2] DEBUG leader.FollowerInfo (FollowerInfoImpl.java:lambda$new$1(49)) - s0@group-DBBE7E7C6C61->s1: matchIndex: updateToMax old=2, new=-1, updated? false
2022-08-02 21:05:56,277 [grpc-default-executor-3] DEBUG leader.FollowerInfo (FollowerInfoImpl.java:lambda$new$1(49)) - s0@group-DBBE7E7C6C61->s2: commitIndex: updateToMax old=1, new=1, updated? false
2022-08-02 21:05:56,277 [grpc-default-executor-3] DEBUG leader.FollowerInfo (FollowerInfoImpl.java:lambda$new$1(49)) - s0@group-DBBE7E7C6C61->s2: matchIndex: updateToMax old=2, new=-1, updated? false
2022-08-02 21:05:56,278 [grpc-default-executor-2] DEBUG leader.FollowerInfo (FollowerInfoImpl.java:lambda$new$1(49)) - s0@group-DBBE7E7C6C61->s1: commitIndex: updateToMax old=1, new=1, updated? false
2022-08-02 21:05:56,278 [grpc-default-executor-2] DEBUG leader.FollowerInfo (FollowerInfoImpl.java:lambda$new$1(49)) - s0@group-DBBE7E7C6C61->s1: matchIndex: updateToMax old=2, new=-1, updated? false
2022-08-02 21:05:56,278 [grpc-default-executor-3] DEBUG leader.FollowerInfo (FollowerInfoImpl.java:lambda$new$1(49)) - s0@group-DBBE7E7C6C61->s2: commitIndex: updateToMax old=1, new=1, updated? false
2022-08-02 21:05:56,278 [grpc-default-executor-3] DEBUG leader.FollowerInfo (FollowerInfoImpl.java:lambda$new$1(49)) - s0@group-DBBE7E7C6C61->s2: matchIndex: updateToMax old=2, new=-1, updated? false
2022-08-02 21:05:56,279 [grpc-default-executor-2] DEBUG leader.FollowerInfo (FollowerInfoImpl.java:lambda$new$1(49)) - s0@group-DBBE7E7C6C61->s1: commitIndex: updateToMax old=1, new=1, updated? false
2022-08-02 21:05:56,279 [grpc-default-executor-2] DEBUG leader.FollowerInfo (FollowerInfoImpl.java:lambda$new$1(49)) - s0@group-DBBE7E7C6C61->s1: matchIndex: updateToMax old=2, new=-1, updated? false
2022-08-02 21:05:56,280 [grpc-default-executor-3] DEBUG leader.FollowerInfo (FollowerInfoImpl.java:lambda$new$1(49)) - s0@group-DBBE7E7C6C61->s2: commitIndex: updateToMax old=1, new=1, updated? false
2022-08-02 21:05:56,280 [grpc-default-executor-3] DEBUG leader.FollowerInfo (FollowerInfoImpl.java:lambda$new$1(49)) - s0@group-DBBE7E7C6C61->s2: matchIndex: updateToMax old=2, new=-1, updated? false
2022-08-02 21:05:56,280 [grpc-default-executor-2] DEBUG leader.FollowerInfo (FollowerInfoImpl.java:lambda$new$1(49)) - s0@group-DBBE7E7C6C61->s1: commitIndex: updateToMax old=1, new=1, updated? false
2022-08-02 21:05:56,280 [grpc-default-executor-2] DEBUG leader.FollowerInfo (FollowerInfoImpl.java:lambda$new$1(49)) - s0@group-DBBE7E7C6C61->s1: matchIndex: updateToMax old=2, new=-1, updated? false
2022-08-02 21:05:56,281 [grpc-default-executor-3] DEBUG leader.FollowerInfo (FollowerInfoImpl.java:lambda$new$1(49)) - s0@group-DBBE7E7C6C61->s2: commitIndex: updateToMax old=1, new=1, updated? false
2022-08-02 21:05:56,281 [grpc-default-executor-3] DEBUG leader.FollowerInfo (FollowerInfoImpl.java:lambda$new$1(49)) - s0@group-DBBE7E7C6C61->s2: matchIndex: updateToMax old=2, new=-1, updated? false
2022-08-02 21:05:56,281 [grpc-default-executor-2] DEBUG leader.FollowerInfo (FollowerInfoImpl.java:lambda$new$1(49)) - s0@group-DBBE7E7C6C61->s1: commitIndex: updateToMax old=1, new=1, updated? false
2022-08-02 21:05:56,282 [grpc-default-executor-2] DEBUG leader.FollowerInfo (FollowerInfoImpl.java:lambda$new$1(49)) - s0@group-DBBE7E7C6C61->s1: matchIndex: updateToMax old=2, new=-1, updated? false
2022-08-02 21:05:56,282 [grpc-default-executor-3] DEBUG leader.FollowerInfo (FollowerInfoImpl.java:lambda$new$1(49)) - s0@group-DBBE7E7C6C61->s2: commitIndex: updateToMax old=1, new=1, updated? false
2022-08-02 21:05:56,282 [grpc-default-executor-3] DEBUG leader.FollowerInfo (FollowerInfoImpl.java:lambda$new$1(49)) - s0@group-DBBE7E7C6C61->s2: matchIndex: updateToMax old=2, new=-1, updated? false
2022-08-02 21:05:56,283 [grpc-default-executor-2] DEBUG leader.FollowerInfo (FollowerInfoImpl.java:lambda$new$1(49)) - s0@group-DBBE7E7C6C61->s1: commitIndex: updateToMax old=1, new=1, updated? false
2022-08-02 21:05:56,283 [grpc-default-executor-2] DEBUG leader.FollowerInfo (FollowerInfoImpl.java:lambda$new$1(49)) - s0@group-DBBE7E7C6C61->s1: matchIndex: updateToMax old=2, new=-1, updated? false
2022-08-02 21:05:56,283 [grpc-default-executor-3] DEBUG leader.FollowerInfo (FollowerInfoImpl.java:lambda$new$1(49)) - s0@group-DBBE7E7C6C61->s2: commitIndex: updateToMax old=1, new=1, updated? false
2022-08-02 21:05:56,283 [grpc-default-executor-3] DEBUG leader.FollowerInfo (FollowerInfoImpl.java:lambda$new$1(49)) - s0@group-DBBE7E7C6C61->s2: matchIndex: updateToMax old=2, new=-1, updated? false
2022-08-02 21:05:56,284 [grpc-default-executor-2] DEBUG leader.FollowerInfo (FollowerInfoImpl.java:lambda$new$1(49)) - s0@group-DBBE7E7C6C61->s1: commitIndex: updateToMax old=1, new=1, updated? false
2022-08-02 21:05:56,284 [grpc-default-executor-2] DEBUG leader.FollowerInfo (FollowerInfoImpl.java:lambda$new$1(49)) - s0@group-DBBE7E7C6C61->s1: matchIndex: updateToMax old=2, new=-1, updated? false
2022-08-02 21:05:56,285 [grpc-default-executor-3] DEBUG leader.FollowerInfo (FollowerInfoImpl.java:lambda$new$1(49)) - s0@group-DBBE7E7C6C61->s2: commitIndex: updateToMax old=1, new=1, updated? false
2022-08-02 21:05:56,285 [grpc-default-executor-3] DEBUG leader.FollowerInfo (FollowerInfoImpl.java:lambda$new$1(49)) - s0@group-DBBE7E7C6C61->s2: matchIndex: updateToMax old=2, new=-1, updated? false
2022-08-02 21:05:56,286 [grpc-default-executor-2] DEBUG leader.FollowerInfo (FollowerInfoImpl.java:lambda$new$1(49)) - s0@group-DBBE7E7C6C61->s1: commitIndex: updateToMax old=1, new=1, updated? false
2022-08-02 21:05:56,286 [grpc-default-executor-2] DEBUG leader.FollowerInfo (FollowerInfoImpl.java:lambda$new$1(49)) - s0@group-DBBE7E7C6C61->s1: matchIndex: updateToMax old=2, new=-1, updated? false
2022-08-02 21:05:56,286 [grpc-default-executor-3] DEBUG leader.FollowerInfo (FollowerInfoImpl.java:lambda$new$1(49)) - s0@group-DBBE7E7C6C61->s2: commitIndex: updateToMax old=1, new=1, updated? false
2022-08-02 21:05:56,286 [grpc-default-executor-3] DEBUG leader.FollowerInfo (FollowerInfoImpl.java:lambda$new$1(49)) - s0@group-DBBE7E7C6C61->s2: matchIndex: updateToMax old=2, new=-1, updated? false
2022-08-02 21:05:56,287 [grpc-default-executor-2] DEBUG leader.FollowerInfo (FollowerInfoImpl.java:lambda$new$1(49)) - s0@group-DBBE7E7C6C61->s1: commitIndex: updateToMax old=1, new=1, updated? false
2022-08-02 21:05:56,287 [grpc-default-executor-2] DEBUG leader.FollowerInfo (FollowerInfoImpl.java:lambda$new$1(49)) - s0@group-DBBE7E7C6C61->s1: matchIndex: updateToMax old=2, new=-1, updated? false
2022-08-02 21:05:56,288 [grpc-default-executor-3] DEBUG leader.FollowerInfo (FollowerInfoImpl.java:lambda$new$1(49)) - s0@group-DBBE7E7C6C61->s2: commitIndex: updateToMax old=1, new=1, updated? false
2022-08-02 21:05:56,288 [grpc-default-executor-3] DEBUG leader.FollowerInfo (FollowerInfoImpl.java:lambda$new$1(49)) - s0@group-DBBE7E7C6C61->s2: matchIndex: updateToMax old=2, new=-1, updated? false
2022-08-02 21:05:56,288 [grpc-default-executor-2] DEBUG leader.FollowerInfo (FollowerInfoImpl.java:lambda$new$1(49)) - s0@group-DBBE7E7C6C61->s1: commitIndex: updateToMax old=1, new=1, updated? false
2022-08-02 21:05:56,288 [grpc-default-executor-2] DEBUG leader.FollowerInfo (FollowerInfoImpl.java:lambda$new$1(49)) - s0@group-DBBE7E7C6C61->s1: matchIndex: updateToMax old=2, new=-1, updated? false
2022-08-02 21:05:56,289 [grpc-default-executor-3] DEBUG leader.FollowerInfo (FollowerInfoImpl.java:lambda$new$1(49)) - s0@group-DBBE7E7C6C61->s2: commitIndex: updateToMax old=1, new=1, updated? false
2022-08-02 21:05:56,289 [grpc-default-executor-3] DEBUG leader.FollowerInfo (FollowerInfoImpl.java:lambda$new$1(49)) - s0@group-DBBE7E7C6C61->s2: matchIndex: updateToMax old=2, new=-1, updated? false
2022-08-02 21:05:56,290 [grpc-default-executor-2] DEBUG leader.FollowerInfo (FollowerInfoImpl.java:lambda$new$1(49)) - s0@group-DBBE7E7C6C61->s1: commitIndex: updateToMax old=1, new=1, updated? false
2022-08-02 21:05:56,290 [grpc-default-executor-2] DEBUG leader.FollowerInfo (FollowerInfoImpl.java:lambda$new$1(49)) - s0@group-DBBE7E7C6C61->s1: matchIndex: updateToMax old=2, new=-1, updated? false
2022-08-02 21:05:56,290 [grpc-default-executor-3] DEBUG leader.FollowerInfo (FollowerInfoImpl.java:lambda$new$1(49)) - s0@group-DBBE7E7C6C61->s2: commitIndex: updateToMax old=1, new=1, updated? false
2022-08-02 21:05:56,290 [grpc-default-executor-3] DEBUG leader.FollowerInfo (FollowerInfoImpl.java:lambda$new$1(49)) - s0@group-DBBE7E7C6C61->s2: matchIndex: updateToMax old=2, new=-1, updated? false
2022-08-02 21:05:56,291 [grpc-default-executor-2] DEBUG leader.FollowerInfo (FollowerInfoImpl.java:lambda$new$1(49)) - s0@group-DBBE7E7C6C61->s1: commitIndex: updateToMax old=1, new=1, updated? false
2022-08-02 21:05:56,291 [grpc-default-executor-2] DEBUG leader.FollowerInfo (FollowerInfoImpl.java:lambda$new$1(49)) - s0@group-DBBE7E7C6C61->s1: matchIndex: updateToMax old=2, new=-1, updated? false
2022-08-02 21:05:56,291 [grpc-default-executor-3] DEBUG leader.FollowerInfo (FollowerInfoImpl.java:lambda$new$1(49)) - s0@group-DBBE7E7C6C61->s2: commitIndex: updateToMax old=1, new=1, updated? false
2022-08-02 21:05:56,291 [grpc-default-executor-3] DEBUG leader.FollowerInfo (FollowerInfoImpl.java:lambda$new$1(49)) - s0@group-DBBE7E7C6C61->s2: matchIndex: updateToMax old=2, new=-1, updated? false
2022-08-02 21:05:56,292 [grpc-default-executor-2] DEBUG leader.FollowerInfo (FollowerInfoImpl.java:lambda$new$1(49)) - s0@group-DBBE7E7C6C61->s1: commitIndex: updateToMax old=1, new=1, updated? false
2022-08-02 21:05:56,292 [grpc-default-executor-2] DEBUG leader.FollowerInfo (FollowerInfoImpl.java:lambda$new$1(49)) - s0@group-DBBE7E7C6C61->s1: matchIndex: updateToMax old=2, new=-1, updated? false
2022-08-02 21:05:56,293 [grpc-default-executor-3] DEBUG leader.FollowerInfo (FollowerInfoImpl.java:lambda$new$1(49)) - s0@group-DBBE7E7C6C61->s2: commitIndex: updateToMax old=1, new=1, updated? false
2022-08-02 21:05:56,293 [grpc-default-executor-3] DEBUG leader.FollowerInfo (FollowerInfoImpl.java:lambda$new$1(49)) - s0@group-DBBE7E7C6C61->s2: matchIndex: updateToMax old=2, new=-1, updated? false
2022-08-02 21:05:56,293 [grpc-default-executor-2] DEBUG leader.FollowerInfo (FollowerInfoImpl.java:lambda$new$1(49)) - s0@group-DBBE7E7C6C61->s1: commitIndex: updateToMax old=1, new=1, updated? false
2022-08-02 21:05:56,293 [grpc-default-executor-2] DEBUG leader.FollowerInfo (FollowerInfoImpl.java:lambda$new$1(49)) - s0@group-DBBE7E7C6C61->s1: matchIndex: updateToMax old=2, new=-1, updated? false
2022-08-02 21:05:56,294 [grpc-default-executor-3] DEBUG leader.FollowerInfo (FollowerInfoImpl.java:lambda$new$1(49)) - s0@group-DBBE7E7C6C61->s2: commitIndex: updateToMax old=1, new=1, updated? false
2022-08-02 21:05:56,294 [grpc-default-executor-3] DEBUG leader.FollowerInfo (FollowerInfoImpl.java:lambda$new$1(49)) - s0@group-DBBE7E7C6C61->s2: matchIndex: updateToMax old=2, new=-1, updated? false
2022-08-02 21:05:56,294 [grpc-default-executor-2] DEBUG leader.FollowerInfo (FollowerInfoImpl.java:lambda$new$1(49)) - s0@group-DBBE7E7C6C61->s1: commitIndex: updateToMax old=1, new=1, updated? false
2022-08-02 21:05:56,294 [grpc-default-executor-2] DEBUG leader.FollowerInfo (FollowerInfoImpl.java:lambda$new$1(49)) - s0@group-DBBE7E7C6C61->s1: matchIndex: updateToMax old=2, new=-1, updated? false
2022-08-02 21:05:56,295 [grpc-default-executor-3] DEBUG leader.FollowerInfo (FollowerInfoImpl.java:lambda$new$1(49)) - s0@group-DBBE7E7C6C61->s2: commitIndex: updateToMax old=1, new=1, updated? false
2022-08-02 21:05:56,295 [grpc-default-executor-3] DEBUG leader.FollowerInfo (FollowerInfoImpl.java:lambda$new$1(49)) - s0@group-DBBE7E7C6C61->s2: matchIndex: updateToMax old=2, new=-1, updated? false
2022-08-02 21:05:56,296 [grpc-default-executor-2] DEBUG leader.FollowerInfo (FollowerInfoImpl.java:lambda$new$1(49)) - s0@group-DBBE7E7C6C61->s1: commitIndex: updateToMax old=1, new=1, updated? false
2022-08-02 21:05:56,296 [grpc-default-executor-2] DEBUG leader.FollowerInfo (FollowerInfoImpl.java:lambda$new$1(49)) - s0@group-DBBE7E7C6C61->s1: matchIndex: updateToMax old=2, new=-1, updated? false
2022-08-02 21:05:56,296 [grpc-default-executor-3] DEBUG leader.FollowerInfo (FollowerInfoImpl.java:lambda$new$1(49)) - s0@group-DBBE7E7C6C61->s2: commitIndex: updateToMax old=1, new=1, updated? false
2022-08-02 21:05:56,296 [grpc-default-executor-3] DEBUG leader.FollowerInfo (FollowerInfoImpl.java:lambda$new$1(49)) - s0@group-DBBE7E7C6C61->s2: matchIndex: updateToMax old=2, new=-1, updated? false
2022-08-02 21:05:56,297 [grpc-default-executor-2] DEBUG leader.FollowerInfo (FollowerInfoImpl.java:lambda$new$1(49)) - s0@group-DBBE7E7C6C61->s1: commitIndex: updateToMax old=1, new=1, updated? false
2022-08-02 21:05:56,297 [grpc-default-executor-2] DEBUG leader.FollowerInfo (FollowerInfoImpl.java:lambda$new$1(49)) - s0@group-DBBE7E7C6C61->s1: matchIndex: updateToMax old=2, new=-1, updated? false
2022-08-02 21:05:56,298 [grpc-default-executor-3] DEBUG leader.FollowerInfo (FollowerInfoImpl.java:lambda$new$1(49)) - s0@group-DBBE7E7C6C61->s2: commitIndex: updateToMax old=1, new=1, updated? false
2022-08-02 21:05:56,298 [grpc-default-executor-3] DEBUG leader.FollowerInfo (FollowerInfoImpl.java:lambda$new$1(49)) - s0@group-DBBE7E7C6C61->s2: matchIndex: updateToMax old=2, new=-1, updated? false
2022-08-02 21:05:56,298 [grpc-default-executor-2] DEBUG leader.FollowerInfo (FollowerInfoImpl.java:lambda$new$1(49)) - s0@group-DBBE7E7C6C61->s1: commitIndex: updateToMax old=1, new=1, updated? false
2022-08-02 21:05:56,298 [grpc-default-executor-2] DEBUG leader.FollowerInfo (FollowerInfoImpl.java:lambda$new$1(49)) - s0@group-DBBE7E7C6C61->s1: matchIndex: updateToMax old=2, new=-1, updated? false
2022-08-02 21:05:56,299 [grpc-default-executor-3] DEBUG leader.FollowerInfo (FollowerInfoImpl.java:lambda$new$1(49)) - s0@group-DBBE7E7C6C61->s2: commitIndex: updateToMax old=1, new=1, updated? false
2022-08-02 21:05:56,299 [grpc-default-executor-3] DEBUG leader.FollowerInfo (FollowerInfoImpl.java:lambda$new$1(49)) - s0@group-DBBE7E7C6C61->s2: matchIndex: updateToMax old=2, new=-1, updated? false
2022-08-02 21:05:56,299 [grpc-default-executor-2] DEBUG leader.FollowerInfo (FollowerInfoImpl.java:lambda$new$1(49)) - s0@group-DBBE7E7C6C61->s1: commitIndex: updateToMax old=1, new=1, updated? false
2022-08-02 21:05:56,300 [grpc-default-executor-2] DEBUG leader.FollowerInfo (FollowerInfoImpl.java:lambda$new$1(49)) - s0@group-DBBE7E7C6C61->s1: matchIndex: updateToMax old=2, new=-1, updated? false
2022-08-02 21:05:56,300 [grpc-default-executor-3] DEBUG leader.FollowerInfo (FollowerInfoImpl.java:lambda$new$1(49)) - s0@group-DBBE7E7C6C61->s2: commitIndex: updateToMax old=1, new=1, updated? false
2022-08-02 21:05:56,300 [grpc-default-executor-3] DEBUG leader.FollowerInfo (FollowerInfoImpl.java:lambda$new$1(49)) - s0@group-DBBE7E7C6C61->s2: matchIndex: updateToMax old=2, new=-1, updated? false
2022-08-02 21:05:56,301 [grpc-default-executor-2] DEBUG leader.FollowerInfo (FollowerInfoImpl.java:lambda$new$1(49)) - s0@group-DBBE7E7C6C61->s1: commitIndex: updateToMax old=1, new=1, updated? false
2022-08-02 21:05:56,301 [grpc-default-executor-2] DEBUG leader.FollowerInfo (FollowerInfoImpl.java:lambda$new$1(49)) - s0@group-DBBE7E7C6C61->s1: matchIndex: updateToMax old=2, new=-1, updated? false
2022-08-02 21:05:56,301 [grpc-default-executor-3] DEBUG leader.FollowerInfo (FollowerInfoImpl.java:lambda$new$1(49)) - s0@group-DBBE7E7C6C61->s2: commitIndex: updateToMax old=1, new=1, updated? false
2022-08-02 21:05:56,302 [grpc-default-executor-3] DEBUG leader.FollowerInfo (FollowerInfoImpl.java:lambda$new$1(49)) - s0@group-DBBE7E7C6C61->s2: matchIndex: updateToMax old=2, new=-1, updated? false
2022-08-02 21:05:56,302 [grpc-default-executor-2] DEBUG leader.FollowerInfo (FollowerInfoImpl.java:lambda$new$1(49)) - s0@group-DBBE7E7C6C61->s1: commitIndex: updateToMax old=1, new=1, updated? false
2022-08-02 21:05:56,302 [grpc-default-executor-2] DEBUG leader.FollowerInfo (FollowerInfoImpl.java:lambda$new$1(49)) - s0@group-DBBE7E7C6C61->s1: matchIndex: updateToMax old=2, new=-1, updated? false
2022-08-02 21:05:56,303 [grpc-default-executor-3] DEBUG leader.FollowerInfo (FollowerInfoImpl.java:lambda$new$1(49)) - s0@group-DBBE7E7C6C61->s2: commitIndex: updateToMax old=1, new=1, updated? false
2022-08-02 21:05:56,303 [grpc-default-executor-3] DEBUG leader.FollowerInfo (FollowerInfoImpl.java:lambda$new$1(49)) - s0@group-DBBE7E7C6C61->s2: matchIndex: updateToMax old=2, new=-1, updated? false
2022-08-02 21:05:56,303 [grpc-default-executor-2] DEBUG leader.FollowerInfo (FollowerInfoImpl.java:lambda$new$1(49)) - s0@group-DBBE7E7C6C61->s1: commitIndex: updateToMax old=1, new=1, updated? false
2022-08-02 21:05:56,303 [grpc-default-executor-2] DEBUG leader.FollowerInfo (FollowerInfoImpl.java:lambda$new$1(49)) - s0@group-DBBE7E7C6C61->s1: matchIndex: updateToMax old=2, new=-1, updated? false
2022-08-02 21:05:56,304 [grpc-default-executor-3] DEBUG leader.FollowerInfo (FollowerInfoImpl.java:lambda$new$1(49)) - s0@group-DBBE7E7C6C61->s2: commitIndex: updateToMax old=1, new=1, updated? false
2022-08-02 21:05:56,304 [grpc-default-executor-3] DEBUG leader.FollowerInfo (FollowerInfoImpl.java:lambda$new$1(49)) - s0@group-DBBE7E7C6C61->s2: matchIndex: updateToMax old=2, new=-1, updated? false
2022-08-02 21:05:56,305 [grpc-default-executor-2] DEBUG leader.FollowerInfo (FollowerInfoImpl.java:lambda$new$1(49)) - s0@group-DBBE7E7C6C61->s1: commitIndex: updateToMax old=1, new=1, updated? false
2022-08-02 21:05:56,305 [grpc-default-executor-2] DEBUG leader.FollowerInfo (FollowerInfoImpl.java:lambda$new$1(49)) - s0@group-DBBE7E7C6C61->s1: matchIndex: updateToMax old=2, new=-1, updated? false
2022-08-02 21:05:56,305 [grpc-default-executor-3] DEBUG leader.FollowerInfo (FollowerInfoImpl.java:lambda$new$1(49)) - s0@group-DBBE7E7C6C61->s2: commitIndex: updateToMax old=1, new=1, updated? false
2022-08-02 21:05:56,306 [grpc-default-executor-3] DEBUG leader.FollowerInfo (FollowerInfoImpl.java:lambda$new$1(49)) - s0@group-DBBE7E7C6C61->s2: matchIndex: updateToMax old=2, new=-1, updated? false
2022-08-02 21:05:56,306 [grpc-default-executor-2] DEBUG leader.FollowerInfo (FollowerInfoImpl.java:lambda$new$1(49)) - s0@group-DBBE7E7C6C61->s1: commitIndex: updateToMax old=1, new=1, updated? false
2022-08-02 21:05:56,306 [grpc-default-executor-2] DEBUG leader.FollowerInfo (FollowerInfoImpl.java:lambda$new$1(49)) - s0@group-DBBE7E7C6C61->s1: matchIndex: updateToMax old=2, new=-1, updated? false
2022-08-02 21:05:56,307 [grpc-default-executor-3] DEBUG leader.FollowerInfo (FollowerInfoImpl.java:lambda$new$1(49)) - s0@group-DBBE7E7C6C61->s2: commitIndex: updateToMax old=1, new=1, updated? false
2022-08-02 21:05:56,307 [grpc-default-executor-3] DEBUG leader.FollowerInfo (FollowerInfoImpl.java:lambda$new$1(49)) - s0@group-DBBE7E7C6C61->s2: matchIndex: updateToMax old=2, new=-1, updated? false
2022-08-02 21:05:56,308 [grpc-default-executor-2] DEBUG leader.FollowerInfo (FollowerInfoImpl.java:lambda$new$1(49)) - s0@group-DBBE7E7C6C61->s1: commitIndex: updateToMax old=1, new=1, updated? false
2022-08-02 21:05:56,308 [grpc-default-executor-2] DEBUG leader.FollowerInfo (FollowerInfoImpl.java:lambda$new$1(49)) - s0@group-DBBE7E7C6C61->s1: matchIndex: updateToMax old=2, new=-1, updated? false
2022-08-02 21:05:56,308 [grpc-default-executor-3] DEBUG leader.FollowerInfo (FollowerInfoImpl.java:lambda$new$1(49)) - s0@group-DBBE7E7C6C61->s2: commitIndex: updateToMax old=1, new=1, updated? false
2022-08-02 21:05:56,308 [grpc-default-executor-3] DEBUG leader.FollowerInfo (FollowerInfoImpl.java:lambda$new$1(49)) - s0@group-DBBE7E7C6C61->s2: matchIndex: updateToMax old=2, new=-1, updated? false
2022-08-02 21:05:56,309 [grpc-default-executor-2] DEBUG leader.FollowerInfo (FollowerInfoImpl.java:lambda$new$1(49)) - s0@group-DBBE7E7C6C61->s1: commitIndex: updateToMax old=1, new=1, updated? false
2022-08-02 21:05:56,309 [grpc-default-executor-2] DEBUG leader.FollowerInfo (FollowerInfoImpl.java:lambda$new$1(49)) - s0@group-DBBE7E7C6C61->s1: matchIndex: updateToMax old=2, new=-1, updated? false
2022-08-02 21:05:56,310 [grpc-default-executor-3] DEBUG leader.FollowerInfo (FollowerInfoImpl.java:lambda$new$1(49)) - s0@group-DBBE7E7C6C61->s2: commitIndex: updateToMax old=1, new=1, updated? false
2022-08-02 21:05:56,310 [grpc-default-executor-3] DEBUG leader.FollowerInfo (FollowerInfoImpl.java:lambda$new$1(49)) - s0@group-DBBE7E7C6C61->s2: matchIndex: updateToMax old=2, new=-1, updated? false
2022-08-02 21:05:56,310 [grpc-default-executor-2] DEBUG leader.FollowerInfo (FollowerInfoImpl.java:lambda$new$1(49)) - s0@group-DBBE7E7C6C61->s1: commitIndex: updateToMax old=1, new=1, updated? false
2022-08-02 21:05:56,310 [grpc-default-executor-2] DEBUG leader.FollowerInfo (FollowerInfoImpl.java:lambda$new$1(49)) - s0@group-DBBE7E7C6C61->s1: matchIndex: updateToMax old=2, new=-1, updated? false
2022-08-02 21:05:56,311 [grpc-default-executor-3] DEBUG leader.FollowerInfo (FollowerInfoImpl.java:lambda$new$1(49)) - s0@group-DBBE7E7C6C61->s2: commitIndex: updateToMax old=1, new=1, updated? false
2022-08-02 21:05:56,311 [grpc-default-executor-3] DEBUG leader.FollowerInfo (FollowerInfoImpl.java:lambda$new$1(49)) - s0@group-DBBE7E7C6C61->s2: matchIndex: updateToMax old=2, new=-1, updated? false
2022-08-02 21:05:56,312 [grpc-default-executor-2] DEBUG leader.FollowerInfo (FollowerInfoImpl.java:lambda$new$1(49)) - s0@group-DBBE7E7C6C61->s1: commitIndex: updateToMax old=1, new=1, updated? false
2022-08-02 21:05:56,312 [grpc-default-executor-2] DEBUG leader.FollowerInfo (FollowerInfoImpl.java:lambda$new$1(49)) - s0@group-DBBE7E7C6C61->s1: matchIndex: updateToMax old=2, new=-1, updated? false
2022-08-02 21:05:56,312 [grpc-default-executor-3] DEBUG leader.FollowerInfo (FollowerInfoImpl.java:lambda$new$1(49)) - s0@group-DBBE7E7C6C61->s2: commitIndex: updateToMax old=1, new=1, updated? false
2022-08-02 21:05:56,312 [grpc-default-executor-3] DEBUG leader.FollowerInfo (FollowerInfoImpl.java:lambda$new$1(49)) - s0@group-DBBE7E7C6C61->s2: matchIndex: updateToMax old=2, new=-1, updated? false
2022-08-02 21:05:56,313 [grpc-default-executor-2] DEBUG leader.FollowerInfo (FollowerInfoImpl.java:lambda$new$1(49)) - s0@group-DBBE7E7C6C61->s1: commitIndex: updateToMax old=1, new=1, updated? false
2022-08-02 21:05:56,313 [grpc-default-executor-2] DEBUG leader.FollowerInfo (FollowerInfoImpl.java:lambda$new$1(49)) - s0@group-DBBE7E7C6C61->s1: matchIndex: updateToMax old=2, new=-1, updated? false
2022-08-02 21:05:56,314 [grpc-default-executor-3] DEBUG leader.FollowerInfo (FollowerInfoImpl.java:lambda$new$1(49)) - s0@group-DBBE7E7C6C61->s2: commitIndex: updateToMax old=1, new=1, updated? false
2022-08-02 21:05:56,314 [grpc-default-executor-3] DEBUG leader.FollowerInfo (FollowerInfoImpl.java:lambda$new$1(49)) - s0@group-DBBE7E7C6C61->s2: matchIndex: updateToMax old=2, new=-1, updated? false
2022-08-02 21:05:56,314 [grpc-default-executor-2] DEBUG leader.FollowerInfo (FollowerInfoImpl.java:lambda$new$1(49)) - s0@group-DBBE7E7C6C61->s1: commitIndex: updateToMax old=1, new=1, updated? false
2022-08-02 21:05:56,314 [grpc-default-executor-2] DEBUG leader.FollowerInfo (FollowerInfoImpl.java:lambda$new$1(49)) - s0@group-DBBE7E7C6C61->s1: matchIndex: updateToMax old=2, new=-1, updated? false
2022-08-02 21:05:56,315 [grpc-default-executor-3] DEBUG leader.FollowerInfo (FollowerInfoImpl.java:lambda$new$1(49)) - s0@group-DBBE7E7C6C61->s2: commitIndex: updateToMax old=1, new=1, updated? false
2022-08-02 21:05:56,315 [grpc-default-executor-3] DEBUG leader.FollowerInfo (FollowerInfoImpl.java:lambda$new$1(49)) - s0@group-DBBE7E7C6C61->s2: matchIndex: updateToMax old=2, new=-1, updated? false
2022-08-02 21:05:56,316 [grpc-default-executor-2] DEBUG leader.FollowerInfo (FollowerInfoImpl.java:lambda$new$1(49)) - s0@group-DBBE7E7C6C61->s1: commitIndex: updateToMax old=1, new=1, updated? false
2022-08-02 21:05:56,316 [grpc-default-executor-2] DEBUG leader.FollowerInfo (FollowerInfoImpl.java:lambda$new$1(49)) - s0@group-DBBE7E7C6C61->s1: matchIndex: updateToMax old=2, new=-1, updated? false
2022-08-02 21:05:56,316 [grpc-default-executor-3] DEBUG leader.FollowerInfo (FollowerInfoImpl.java:lambda$new$1(49)) - s0@group-DBBE7E7C6C61->s2: commitIndex: updateToMax old=1, new=1, updated? false
2022-08-02 21:05:56,316 [grpc-default-executor-3] DEBUG leader.FollowerInfo (FollowerInfoImpl.java:lambda$new$1(49)) - s0@group-DBBE7E7C6C61->s2: matchIndex: updateToMax old=2, new=-1, updated? false
2022-08-02 21:05:56,317 [grpc-default-executor-2] DEBUG leader.FollowerInfo (FollowerInfoImpl.java:lambda$new$1(49)) - s0@group-DBBE7E7C6C61->s1: commitIndex: updateToMax old=1, new=1, updated? false
2022-08-02 21:05:56,317 [grpc-default-executor-2] DEBUG leader.FollowerInfo (FollowerInfoImpl.java:lambda$new$1(49)) - s0@group-DBBE7E7C6C61->s1: matchIndex: updateToMax old=2, new=-1, updated? false
2022-08-02 21:05:56,317 [grpc-default-executor-3] DEBUG leader.FollowerInfo (FollowerInfoImpl.java:lambda$new$1(49)) - s0@group-DBBE7E7C6C61->s2: commitIndex: updateToMax old=1, new=1, updated? false
2022-08-02 21:05:56,318 [grpc-default-executor-3] DEBUG leader.FollowerInfo (FollowerInfoImpl.java:lambda$new$1(49)) - s0@group-DBBE7E7C6C61->s2: matchIndex: updateToMax old=2, new=-1, updated? false
2022-08-02 21:05:56,318 [grpc-default-executor-2] DEBUG leader.FollowerInfo (FollowerInfoImpl.java:lambda$new$1(49)) - s0@group-DBBE7E7C6C61->s1: commitIndex: updateToMax old=1, new=1, updated? false
2022-08-02 21:05:56,318 [grpc-default-executor-2] DEBUG leader.FollowerInfo (FollowerInfoImpl.java:lambda$new$1(49)) - s0@group-DBBE7E7C6C61->s1: matchIndex: updateToMax old=2, new=-1, updated? false
2022-08-02 21:05:56,319 [grpc-default-executor-3] DEBUG leader.FollowerInfo (FollowerInfoImpl.java:lambda$new$1(49)) - s0@group-DBBE7E7C6C61->s2: commitIndex: updateToMax old=1, new=1, updated? false
2022-08-02 21:05:56,319 [grpc-default-executor-3] DEBUG leader.FollowerInfo (FollowerInfoImpl.java:lambda$new$1(49)) - s0@group-DBBE7E7C6C61->s2: matchIndex: updateToMax old=2, new=-1, updated? false
2022-08-02 21:05:56,320 [grpc-default-executor-2] DEBUG leader.FollowerInfo (FollowerInfoImpl.java:lambda$new$1(49)) - s0@group-DBBE7E7C6C61->s1: commitIndex: updateToMax old=1, new=1, updated? false
2022-08-02 21:05:56,320 [grpc-default-executor-2] DEBUG leader.FollowerInfo (FollowerInfoImpl.java:lambda$new$1(49)) - s0@group-DBBE7E7C6C61->s1: matchIndex: updateToMax old=2, new=-1, updated? false
2022-08-02 21:05:56,320 [grpc-default-executor-3] DEBUG leader.FollowerInfo (FollowerInfoImpl.java:lambda$new$1(49)) - s0@group-DBBE7E7C6C61->s2: commitIndex: updateToMax old=1, new=1, updated? false
2022-08-02 21:05:56,320 [grpc-default-executor-3] DEBUG leader.FollowerInfo (FollowerInfoImpl.java:lambda$new$1(49)) - s0@group-DBBE7E7C6C61->s2: matchIndex: updateToMax old=2, new=-1, updated? false
2022-08-02 21:05:56,321 [grpc-default-executor-2] DEBUG leader.FollowerInfo (FollowerInfoImpl.java:lambda$new$1(49)) - s0@group-DBBE7E7C6C61->s1: commitIndex: updateToMax old=1, new=1, updated? false
2022-08-02 21:05:56,321 [grpc-default-executor-2] DEBUG leader.FollowerInfo (FollowerInfoImpl.java:lambda$new$1(49)) - s0@group-DBBE7E7C6C61->s1: matchIndex: updateToMax old=2, new=-1, updated? false
2022-08-02 21:05:56,321 [grpc-default-executor-3] DEBUG leader.FollowerInfo (FollowerInfoImpl.java:lambda$new$1(49)) - s0@group-DBBE7E7C6C61->s2: commitIndex: updateToMax old=1, new=1, updated? false
2022-08-02 21:05:56,321 [grpc-default-executor-3] DEBUG leader.FollowerInfo (FollowerInfoImpl.java:lambda$new$1(49)) - s0@group-DBBE7E7C6C61->s2: matchIndex: updateToMax old=2, new=-1, updated? false
2022-08-02 21:05:56,322 [grpc-default-executor-2] DEBUG leader.FollowerInfo (FollowerInfoImpl.java:lambda$new$1(49)) - s0@group-DBBE7E7C6C61->s1: commitIndex: updateToMax old=1, new=1, updated? false
2022-08-02 21:05:56,322 [grpc-default-executor-2] DEBUG leader.FollowerInfo (FollowerInfoImpl.java:lambda$new$1(49)) - s0@group-DBBE7E7C6C61->s1: matchIndex: updateToMax old=2, new=-1, updated? false
2022-08-02 21:05:56,323 [grpc-default-executor-3] DEBUG leader.FollowerInfo (FollowerInfoImpl.java:lambda$new$1(49)) - s0@group-DBBE7E7C6C61->s2: commitIndex: updateToMax old=1, new=1, updated? false
2022-08-02 21:05:56,323 [grpc-default-executor-3] DEBUG leader.FollowerInfo (FollowerInfoImpl.java:lambda$new$1(49)) - s0@group-DBBE7E7C6C61->s2: matchIndex: updateToMax old=2, new=-1, updated? false
2022-08-02 21:05:56,323 [grpc-default-executor-2] DEBUG leader.FollowerInfo (FollowerInfoImpl.java:lambda$new$1(49)) - s0@group-DBBE7E7C6C61->s1: commitIndex: updateToMax old=1, new=1, updated? false
2022-08-02 21:05:56,323 [grpc-default-executor-2] DEBUG leader.FollowerInfo (FollowerInfoImpl.java:lambda$new$1(49)) - s0@group-DBBE7E7C6C61->s1: matchIndex: updateToMax old=2, new=-1, updated? false
2022-08-02 21:05:56,324 [grpc-default-executor-3] DEBUG leader.FollowerInfo (FollowerInfoImpl.java:lambda$new$1(49)) - s0@group-DBBE7E7C6C61->s2: commitIndex: updateToMax old=1, new=1, updated? false
2022-08-02 21:05:56,324 [grpc-default-executor-3] DEBUG leader.FollowerInfo (FollowerInfoImpl.java:lambda$new$1(49)) - s0@group-DBBE7E7C6C61->s2: matchIndex: updateToMax old=2, new=-1, updated? false
2022-08-02 21:05:56,324 [grpc-default-executor-2] DEBUG leader.FollowerInfo (FollowerInfoImpl.java:lambda$new$1(49)) - s0@group-DBBE7E7C6C61->s1: commitIndex: updateToMax old=1, new=1, updated? false
2022-08-02 21:05:56,324 [grpc-default-executor-2] DEBUG leader.FollowerInfo (FollowerInfoImpl.java:lambda$new$1(49)) - s0@group-DBBE7E7C6C61->s1: matchIndex: updateToMax old=2, new=-1, updated? false
2022-08-02 21:05:56,325 [grpc-default-executor-3] DEBUG leader.FollowerInfo (FollowerInfoImpl.java:lambda$new$1(49)) - s0@group-DBBE7E7C6C61->s2: commitIndex: updateToMax old=1, new=1, updated? false
2022-08-02 21:05:56,325 [grpc-default-executor-3] DEBUG leader.FollowerInfo (FollowerInfoImpl.java:lambda$new$1(49)) - s0@group-DBBE7E7C6C61->s2: matchIndex: updateToMax old=2, new=-1, updated? false
2022-08-02 21:05:56,325 [grpc-default-executor-2] DEBUG leader.FollowerInfo (FollowerInfoImpl.java:lambda$new$1(49)) - s0@group-DBBE7E7C6C61->s1: commitIndex: updateToMax old=1, new=1, updated? false
2022-08-02 21:05:56,326 [grpc-default-executor-2] DEBUG leader.FollowerInfo (FollowerInfoImpl.java:lambda$new$1(49)) - s0@group-DBBE7E7C6C61->s1: matchIndex: updateToMax old=2, new=-1, updated? false
2022-08-02 21:05:56,326 [grpc-default-executor-3] DEBUG leader.FollowerInfo (FollowerInfoImpl.java:lambda$new$1(49)) - s0@group-DBBE7E7C6C61->s2: commitIndex: updateToMax old=1, new=1, updated? false
2022-08-02 21:05:56,326 [grpc-default-executor-3] DEBUG leader.FollowerInfo (FollowerInfoImpl.java:lambda$new$1(49)) - s0@group-DBBE7E7C6C61->s2: matchIndex: updateToMax old=2, new=-1, updated? false
2022-08-02 21:05:56,327 [grpc-default-executor-2] DEBUG leader.FollowerInfo (FollowerInfoImpl.java:lambda$new$1(49)) - s0@group-DBBE7E7C6C61->s1: commitIndex: updateToMax old=1, new=1, updated? false
2022-08-02 21:05:56,327 [grpc-default-executor-2] DEBUG leader.FollowerInfo (FollowerInfoImpl.java:lambda$new$1(49)) - s0@group-DBBE7E7C6C61->s1: matchIndex: updateToMax old=2, new=-1, updated? false
2022-08-02 21:05:56,327 [grpc-default-executor-3] DEBUG leader.FollowerInfo (FollowerInfoImpl.java:lambda$new$1(49)) - s0@group-DBBE7E7C6C61->s2: commitIndex: updateToMax old=1, new=1, updated? false
2022-08-02 21:05:56,327 [grpc-default-executor-3] DEBUG leader.FollowerInfo (FollowerInfoImpl.java:lambda$new$1(49)) - s0@group-DBBE7E7C6C61->s2: matchIndex: updateToMax old=2, new=-1, updated? false
2022-08-02 21:05:56,329 [grpc-default-executor-2] DEBUG leader.FollowerInfo (FollowerInfoImpl.java:lambda$new$1(49)) - s0@group-DBBE7E7C6C61->s1: commitIndex: updateToMax old=1, new=1, updated? false
2022-08-02 21:05:56,329 [grpc-default-executor-2] DEBUG leader.FollowerInfo (FollowerInfoImpl.java:lambda$new$1(49)) - s0@group-DBBE7E7C6C61->s1: matchIndex: updateToMax old=2, new=-1, updated? false
2022-08-02 21:05:56,330 [grpc-default-executor-3] DEBUG leader.FollowerInfo (FollowerInfoImpl.java:lambda$new$1(49)) - s0@group-DBBE7E7C6C61->s2: commitIndex: updateToMax old=1, new=1, updated? false
2022-08-02 21:05:56,330 [grpc-default-executor-3] DEBUG leader.FollowerInfo (FollowerInfoImpl.java:lambda$new$1(49)) - s0@group-DBBE7E7C6C61->s2: matchIndex: updateToMax old=2, new=-1, updated? false
2022-08-02 21:05:56,330 [grpc-default-executor-2] DEBUG leader.FollowerInfo (FollowerInfoImpl.java:lambda$new$1(49)) - s0@group-DBBE7E7C6C61->s1: commitIndex: updateToMax old=1, new=1, updated? false
2022-08-02 21:05:56,330 [grpc-default-executor-2] DEBUG leader.FollowerInfo (FollowerInfoImpl.java:lambda$new$1(49)) - s0@group-DBBE7E7C6C61->s1: matchIndex: updateToMax old=2, new=-1, updated? false
2022-08-02 21:05:56,332 [grpc-default-executor-3] DEBUG leader.FollowerInfo (FollowerInfoImpl.java:lambda$new$1(49)) - s0@group-DBBE7E7C6C61->s2: commitIndex: updateToMax old=1, new=1, updated? false
2022-08-02 21:05:56,332 [grpc-default-executor-3] DEBUG leader.FollowerInfo (FollowerInfoImpl.java:lambda$new$1(49)) - s0@group-DBBE7E7C6C61->s2: matchIndex: updateToMax old=2, new=-1, updated? false
2022-08-02 21:05:56,333 [grpc-default-executor-2] DEBUG leader.FollowerInfo (FollowerInfoImpl.java:lambda$new$1(49)) - s0@group-DBBE7E7C6C61->s1: commitIndex: updateToMax old=1, new=1, updated? false
2022-08-02 21:05:56,333 [grpc-default-executor-2] DEBUG leader.FollowerInfo (FollowerInfoImpl.java:lambda$new$1(49)) - s0@group-DBBE7E7C6C61->s1: matchIndex: updateToMax old=2, new=-1, updated? false
2022-08-02 21:05:56,334 [grpc-default-executor-3] DEBUG leader.FollowerInfo (FollowerInfoImpl.java:lambda$new$1(49)) - s0@group-DBBE7E7C6C61->s2: commitIndex: updateToMax old=1, new=1, updated? false
2022-08-02 21:05:56,334 [grpc-default-executor-3] DEBUG leader.FollowerInfo (FollowerInfoImpl.java:lambda$new$1(49)) - s0@group-DBBE7E7C6C61->s2: matchIndex: updateToMax old=2, new=-1, updated? false
2022-08-02 21:05:56,334 [grpc-default-executor-2] DEBUG leader.FollowerInfo (FollowerInfoImpl.java:lambda$new$1(49)) - s0@group-DBBE7E7C6C61->s1: commitIndex: updateToMax old=1, new=1, updated? false
2022-08-02 21:05:56,334 [grpc-default-executor-2] DEBUG leader.FollowerInfo (FollowerInfoImpl.java:lambda$new$1(49)) - s0@group-DBBE7E7C6C61->s1: matchIndex: updateToMax old=2, new=-1, updated? false
2022-08-02 21:05:56,335 [grpc-default-executor-3] DEBUG leader.FollowerInfo (FollowerInfoImpl.java:lambda$new$1(49)) - s0@group-DBBE7E7C6C61->s2: commitIndex: updateToMax old=1, new=1, updated? false
2022-08-02 21:05:56,335 [grpc-default-executor-3] DEBUG leader.FollowerInfo (FollowerInfoImpl.java:lambda$new$1(49)) - s0@group-DBBE7E7C6C61->s2: matchIndex: updateToMax old=2, new=-1, updated? false
2022-08-02 21:05:56,336 [grpc-default-executor-2] DEBUG leader.FollowerInfo (FollowerInfoImpl.java:lambda$new$1(49)) - s0@group-DBBE7E7C6C61->s1: commitIndex: updateToMax old=1, new=1, updated? false
2022-08-02 21:05:56,336 [grpc-default-executor-2] DEBUG leader.FollowerInfo (FollowerInfoImpl.java:lambda$new$1(49)) - s0@group-DBBE7E7C6C61->s1: matchIndex: updateToMax old=2, new=-1, updated? false
2022-08-02 21:05:56,337 [grpc-default-executor-3] DEBUG leader.FollowerInfo (FollowerInfoImpl.java:lambda$new$1(49)) - s0@group-DBBE7E7C6C61->s2: commitIndex: updateToMax old=1, new=1, updated? false
2022-08-02 21:05:56,337 [grpc-default-executor-3] DEBUG leader.FollowerInfo (FollowerInfoImpl.java:lambda$new$1(49)) - s0@group-DBBE7E7C6C61->s2: matchIndex: updateToMax old=2, new=-1, updated? false
2022-08-02 21:05:56,337 [grpc-default-executor-2] DEBUG leader.FollowerInfo (FollowerInfoImpl.java:lambda$new$1(49)) - s0@group-DBBE7E7C6C61->s1: commitIndex: updateToMax old=1, new=1, updated? false
2022-08-02 21:05:56,337 [grpc-default-executor-2] DEBUG leader.FollowerInfo (FollowerInfoImpl.java:lambda$new$1(49)) - s0@group-DBBE7E7C6C61->s1: matchIndex: updateToMax old=2, new=-1, updated? false
2022-08-02 21:05:56,338 [grpc-default-executor-3] DEBUG leader.FollowerInfo (FollowerInfoImpl.java:lambda$new$1(49)) - s0@group-DBBE7E7C6C61->s2: commitIndex: updateToMax old=1, new=1, updated? false
2022-08-02 21:05:56,338 [grpc-default-executor-3] DEBUG leader.FollowerInfo (FollowerInfoImpl.java:lambda$new$1(49)) - s0@group-DBBE7E7C6C61->s2: matchIndex: updateToMax old=2, new=-1, updated? false
2022-08-02 21:05:56,339 [grpc-default-executor-2] DEBUG leader.FollowerInfo (FollowerInfoImpl.java:lambda$new$1(49)) - s0@group-DBBE7E7C6C61->s1: commitIndex: updateToMax old=1, new=1, updated? false
2022-08-02 21:05:56,339 [grpc-default-executor-2] DEBUG leader.FollowerInfo (FollowerInfoImpl.java:lambda$new$1(49)) - s0@group-DBBE7E7C6C61->s1: matchIndex: updateToMax old=2, new=-1, updated? false
2022-08-02 21:05:56,339 [grpc-default-executor-3] DEBUG leader.FollowerInfo (FollowerInfoImpl.java:lambda$new$1(49)) - s0@group-DBBE7E7C6C61->s2: commitIndex: updateToMax old=1, new=1, updated? false
2022-08-02 21:05:56,339 [grpc-default-executor-3] DEBUG leader.FollowerInfo (FollowerInfoImpl.java:lambda$new$1(49)) - s0@group-DBBE7E7C6C61->s2: matchIndex: updateToMax old=2, new=-1, updated? false
2022-08-02 21:05:56,340 [grpc-default-executor-2] DEBUG leader.FollowerInfo (FollowerInfoImpl.java:lambda$new$1(49)) - s0@group-DBBE7E7C6C61->s1: commitIndex: updateToMax old=1, new=1, updated? false
2022-08-02 21:05:56,340 [grpc-default-executor-2] DEBUG leader.FollowerInfo (FollowerInfoImpl.java:lambda$new$1(49)) - s0@group-DBBE7E7C6C61->s1: matchIndex: updateToMax old=2, new=-1, updated? false
2022-08-02 21:05:56,341 [grpc-default-executor-3] DEBUG leader.FollowerInfo (FollowerInfoImpl.java:lambda$new$1(49)) - s0@group-DBBE7E7C6C61->s2: commitIndex: updateToMax old=1, new=1, updated? false
2022-08-02 21:05:56,341 [grpc-default-executor-3] DEBUG leader.FollowerInfo (FollowerInfoImpl.java:lambda$new$1(49)) - s0@group-DBBE7E7C6C61->s2: matchIndex: updateToMax old=2, new=-1, updated? false
2022-08-02 21:05:56,341 [grpc-default-executor-2] DEBUG leader.FollowerInfo (FollowerInfoImpl.java:lambda$new$1(49)) - s0@group-DBBE7E7C6C61->s1: commitIndex: updateToMax old=1, new=1, updated? false
2022-08-02 21:05:56,341 [grpc-default-executor-2] DEBUG leader.FollowerInfo (FollowerInfoImpl.java:lambda$new$1(49)) - s0@group-DBBE7E7C6C61->s1: matchIndex: updateToMax old=2, new=-1, updated? false
2022-08-02 21:05:56,342 [grpc-default-executor-3] DEBUG leader.FollowerInfo (FollowerInfoImpl.java:lambda$new$1(49)) - s0@group-DBBE7E7C6C61->s2: commitIndex: updateToMax old=1, new=1, updated? false
2022-08-02 21:05:56,342 [grpc-default-executor-3] DEBUG leader.FollowerInfo (FollowerInfoImpl.java:lambda$new$1(49)) - s0@group-DBBE7E7C6C61->s2: matchIndex: updateToMax old=2, new=-1, updated? false
2022-08-02 21:05:56,342 [grpc-default-executor-2] DEBUG leader.FollowerInfo (FollowerInfoImpl.java:lambda$new$1(49)) - s0@group-DBBE7E7C6C61->s1: commitIndex: updateToMax old=1, new=1, updated? false
2022-08-02 21:05:56,342 [grpc-default-executor-2] DEBUG leader.FollowerInfo (FollowerInfoImpl.java:lambda$new$1(49)) - s0@group-DBBE7E7C6C61->s1: matchIndex: updateToMax old=2, new=-1, updated? false
2022-08-02 21:05:56,343 [grpc-default-executor-3] DEBUG leader.FollowerInfo (FollowerInfoImpl.java:lambda$new$1(49)) - s0@group-DBBE7E7C6C61->s2: commitIndex: updateToMax old=1, new=1, updated? false
2022-08-02 21:05:56,343 [grpc-default-executor-3] DEBUG leader.FollowerInfo (FollowerInfoImpl.java:lambda$new$1(49)) - s0@group-DBBE7E7C6C61->s2: matchIndex: updateToMax old=2, new=-1, updated? false
2022-08-02 21:05:56,344 [grpc-default-executor-2] DEBUG leader.FollowerInfo (FollowerInfoImpl.java:lambda$new$1(49)) - s0@group-DBBE7E7C6C61->s1: commitIndex: updateToMax old=1, new=1, updated? false
2022-08-02 21:05:56,344 [grpc-default-executor-2] DEBUG leader.FollowerInfo (FollowerInfoImpl.java:lambda$new$1(49)) - s0@group-DBBE7E7C6C61->s1: matchIndex: updateToMax old=2, new=-1, updated? false
2022-08-02 21:05:56,344 [grpc-default-executor-3] DEBUG leader.FollowerInfo (FollowerInfoImpl.java:lambda$new$1(49)) - s0@group-DBBE7E7C6C61->s2: commitIndex: updateToMax old=1, new=1, updated? false
2022-08-02 21:05:56,344 [grpc-default-executor-3] DEBUG leader.FollowerInfo (FollowerInfoImpl.java:lambda$new$1(49)) - s0@group-DBBE7E7C6C61->s2: matchIndex: updateToMax old=2, new=-1, updated? false
2022-08-02 21:05:56,345 [grpc-default-executor-2] DEBUG leader.FollowerInfo (FollowerInfoImpl.java:lambda$new$1(49)) - s0@group-DBBE7E7C6C61->s1: commitIndex: updateToMax old=1, new=1, updated? false
2022-08-02 21:05:56,345 [grpc-default-executor-2] DEBUG leader.FollowerInfo (FollowerInfoImpl.java:lambda$new$1(49)) - s0@group-DBBE7E7C6C61->s1: matchIndex: updateToMax old=2, new=-1, updated? false
2022-08-02 21:05:56,346 [grpc-default-executor-3] DEBUG leader.FollowerInfo (FollowerInfoImpl.java:lambda$new$1(49)) - s0@group-DBBE7E7C6C61->s2: commitIndex: updateToMax old=1, new=1, updated? false
2022-08-02 21:05:56,346 [grpc-default-executor-3] DEBUG leader.FollowerInfo (FollowerInfoImpl.java:lambda$new$1(49)) - s0@group-DBBE7E7C6C61->s2: matchIndex: updateToMax old=2, new=-1, updated? false
2022-08-02 21:05:56,346 [grpc-default-executor-2] DEBUG leader.FollowerInfo (FollowerInfoImpl.java:lambda$new$1(49)) - s0@group-DBBE7E7C6C61->s1: commitIndex: updateToMax old=1, new=1, updated? false
2022-08-02 21:05:56,346 [grpc-default-executor-2] DEBUG leader.FollowerInfo (FollowerInfoImpl.java:lambda$new$1(49)) - s0@group-DBBE7E7C6C61->s1: matchIndex: updateToMax old=2, new=-1, updated? false
2022-08-02 21:05:56,347 [grpc-default-executor-3] DEBUG leader.FollowerInfo (FollowerInfoImpl.java:lambda$new$1(49)) - s0@group-DBBE7E7C6C61->s2: commitIndex: updateToMax old=1, new=1, updated? false
2022-08-02 21:05:56,347 [grpc-default-executor-3] DEBUG leader.FollowerInfo (FollowerInfoImpl.java:lambda$new$1(49)) - s0@group-DBBE7E7C6C61->s2: matchIndex: updateToMax old=2, new=-1, updated? false
2022-08-02 21:05:56,347 [grpc-default-executor-2] DEBUG leader.FollowerInfo (FollowerInfoImpl.java:lambda$new$1(49)) - s0@group-DBBE7E7C6C61->s1: commitIndex: updateToMax old=1, new=1, updated? false
2022-08-02 21:05:56,347 [grpc-default-executor-2] DEBUG leader.FollowerInfo (FollowerInfoImpl.java:lambda$new$1(49)) - s0@group-DBBE7E7C6C61->s1: matchIndex: updateToMax old=2, new=-1, updated? false
2022-08-02 21:05:56,348 [grpc-default-executor-3] DEBUG leader.FollowerInfo (FollowerInfoImpl.java:lambda$new$1(49)) - s0@group-DBBE7E7C6C61->s2: commitIndex: updateToMax old=1, new=1, updated? false
2022-08-02 21:05:56,349 [grpc-default-executor-3] DEBUG leader.FollowerInfo (FollowerInfoImpl.java:lambda$new$1(49)) - s0@group-DBBE7E7C6C61->s2: matchIndex: updateToMax old=2, new=-1, updated? false
2022-08-02 21:05:56,349 [grpc-default-executor-2] DEBUG leader.FollowerInfo (FollowerInfoImpl.java:lambda$new$1(49)) - s0@group-DBBE7E7C6C61->s1: commitIndex: updateToMax old=1, new=1, updated? false
2022-08-02 21:05:56,349 [grpc-default-executor-2] DEBUG leader.FollowerInfo (FollowerInfoImpl.java:lambda$new$1(49)) - s0@group-DBBE7E7C6C61->s1: matchIndex: updateToMax old=2, new=-1, updated? false
2022-08-02 21:05:56,350 [grpc-default-executor-3] DEBUG leader.FollowerInfo (FollowerInfoImpl.java:lambda$new$1(49)) - s0@group-DBBE7E7C6C61->s2: commitIndex: updateToMax old=1, new=1, updated? false
2022-08-02 21:05:56,350 [grpc-default-executor-3] DEBUG leader.FollowerInfo (FollowerInfoImpl.java:lambda$new$1(49)) - s0@group-DBBE7E7C6C61->s2: matchIndex: updateToMax old=2, new=-1, updated? false
2022-08-02 21:05:56,351 [grpc-default-executor-2] DEBUG leader.FollowerInfo (FollowerInfoImpl.java:lambda$new$1(49)) - s0@group-DBBE7E7C6C61->s1: commitIndex: updateToMax old=1, new=1, updated? false
2022-08-02 21:05:56,351 [grpc-default-executor-2] DEBUG leader.FollowerInfo (FollowerInfoImpl.java:lambda$new$1(49)) - s0@group-DBBE7E7C6C61->s1: matchIndex: updateToMax old=2, new=-1, updated? false
2022-08-02 21:05:56,351 [grpc-default-executor-3] DEBUG leader.FollowerInfo (FollowerInfoImpl.java:lambda$new$1(49)) - s0@group-DBBE7E7C6C61->s2: commitIndex: updateToMax old=1, new=1, updated? false
2022-08-02 21:05:56,351 [grpc-default-executor-3] DEBUG leader.FollowerInfo (FollowerInfoImpl.java:lambda$new$1(49)) - s0@group-DBBE7E7C6C61->s2: matchIndex: updateToMax old=2, new=-1, updated? false
2022-08-02 21:05:56,352 [grpc-default-executor-2] DEBUG leader.FollowerInfo (FollowerInfoImpl.java:lambda$new$1(49)) - s0@group-DBBE7E7C6C61->s1: commitIndex: updateToMax old=1, new=1, updated? false
2022-08-02 21:05:56,352 [grpc-default-executor-2] DEBUG leader.FollowerInfo (FollowerInfoImpl.java:lambda$new$1(49)) - s0@group-DBBE7E7C6C61->s1: matchIndex: updateToMax old=2, new=-1, updated? false
2022-08-02 21:05:56,353 [grpc-default-executor-3] DEBUG leader.FollowerInfo (FollowerInfoImpl.java:lambda$new$1(49)) - s0@group-DBBE7E7C6C61->s2: commitIndex: updateToMax old=1, new=1, updated? false
2022-08-02 21:05:56,353 [grpc-default-executor-3] DEBUG leader.FollowerInfo (FollowerInfoImpl.java:lambda$new$1(49)) - s0@group-DBBE7E7C6C61->s2: matchIndex: updateToMax old=2, new=-1, updated? false
2022-08-02 21:05:56,353 [grpc-default-executor-2] DEBUG leader.FollowerInfo (FollowerInfoImpl.java:lambda$new$1(49)) - s0@group-DBBE7E7C6C61->s1: commitIndex: updateToMax old=1, new=1, updated? false
2022-08-02 21:05:56,353 [grpc-default-executor-2] DEBUG leader.FollowerInfo (FollowerInfoImpl.java:lambda$new$1(49)) - s0@group-DBBE7E7C6C61->s1: matchIndex: updateToMax old=2, new=-1, updated? false
2022-08-02 21:05:56,354 [grpc-default-executor-3] DEBUG leader.FollowerInfo (FollowerInfoImpl.java:lambda$new$1(49)) - s0@group-DBBE7E7C6C61->s2: commitIndex: updateToMax old=1, new=1, updated? false
2022-08-02 21:05:56,354 [grpc-default-executor-3] DEBUG leader.FollowerInfo (FollowerInfoImpl.java:lambda$new$1(49)) - s0@group-DBBE7E7C6C61->s2: matchIndex: updateToMax old=2, new=-1, updated? false
2022-08-02 21:05:56,355 [grpc-default-executor-2] DEBUG leader.FollowerInfo (FollowerInfoImpl.java:lambda$new$1(49)) - s0@group-DBBE7E7C6C61->s1: commitIndex: updateToMax old=1, new=1, updated? false
2022-08-02 21:05:56,355 [grpc-default-executor-2] DEBUG leader.FollowerInfo (FollowerInfoImpl.java:lambda$new$1(49)) - s0@group-DBBE7E7C6C61->s1: matchIndex: updateToMax old=2, new=-1, updated? false
2022-08-02 21:05:56,356 [grpc-default-executor-3] DEBUG leader.FollowerInfo (FollowerInfoImpl.java:lambda$new$1(49)) - s0@group-DBBE7E7C6C61->s2: commitIndex: updateToMax old=1, new=1, updated? false
2022-08-02 21:05:56,356 [grpc-default-executor-3] DEBUG leader.FollowerInfo (FollowerInfoImpl.java:lambda$new$1(49)) - s0@group-DBBE7E7C6C61->s2: matchIndex: updateToMax old=2, new=-1, updated? false
2022-08-02 21:05:56,356 [grpc-default-executor-2] DEBUG leader.FollowerInfo (FollowerInfoImpl.java:lambda$new$1(49)) - s0@group-DBBE7E7C6C61->s1: commitIndex: updateToMax old=1, new=1, updated? false
2022-08-02 21:05:56,356 [grpc-default-executor-2] DEBUG leader.FollowerInfo (FollowerInfoImpl.java:lambda$new$1(49)) - s0@group-DBBE7E7C6C61->s1: matchIndex: updateToMax old=2, new=-1, updated? false
2022-08-02 21:05:56,357 [grpc-default-executor-3] DEBUG leader.FollowerInfo (FollowerInfoImpl.java:lambda$new$1(49)) - s0@group-DBBE7E7C6C61->s2: commitIndex: updateToMax old=1, new=1, updated? false
2022-08-02 21:05:56,357 [grpc-default-executor-3] DEBUG leader.FollowerInfo (FollowerInfoImpl.java:lambda$new$1(49)) - s0@group-DBBE7E7C6C61->s2: matchIndex: updateToMax old=2, new=-1, updated? false
2022-08-02 21:05:56,358 [grpc-default-executor-2] DEBUG leader.FollowerInfo (FollowerInfoImpl.java:lambda$new$1(49)) - s0@group-DBBE7E7C6C61->s1: commitIndex: updateToMax old=1, new=1, updated? false
2022-08-02 21:05:56,358 [grpc-default-executor-2] DEBUG leader.FollowerInfo (FollowerInfoImpl.java:lambda$new$1(49)) - s0@group-DBBE7E7C6C61->s1: matchIndex: updateToMax old=2, new=-1, updated? false
2022-08-02 21:05:56,358 [grpc-default-executor-3] DEBUG leader.FollowerInfo (FollowerInfoImpl.java:lambda$new$1(49)) - s0@group-DBBE7E7C6C61->s2: commitIndex: updateToMax old=1, new=1, updated? false
2022-08-02 21:05:56,358 [grpc-default-executor-3] DEBUG leader.FollowerInfo (FollowerInfoImpl.java:lambda$new$1(49)) - s0@group-DBBE7E7C6C61->s2: matchIndex: updateToMax old=2, new=-1, updated? false
2022-08-02 21:05:56,359 [grpc-default-executor-2] DEBUG leader.FollowerInfo (FollowerInfoImpl.java:lambda$new$1(49)) - s0@group-DBBE7E7C6C61->s1: commitIndex: updateToMax old=1, new=1, updated? false
2022-08-02 21:05:56,359 [grpc-default-executor-2] DEBUG leader.FollowerInfo (FollowerInfoImpl.java:lambda$new$1(49)) - s0@group-DBBE7E7C6C61->s1: matchIndex: updateToMax old=2, new=-1, updated? false
2022-08-02 21:05:56,360 [grpc-default-executor-3] DEBUG leader.FollowerInfo (FollowerInfoImpl.java:lambda$new$1(49)) - s0@group-DBBE7E7C6C61->s2: commitIndex: updateToMax old=1, new=1, updated? false
2022-08-02 21:05:56,360 [grpc-default-executor-3] DEBUG leader.FollowerInfo (FollowerInfoImpl.java:lambda$new$1(49)) - s0@group-DBBE7E7C6C61->s2: matchIndex: updateToMax old=2, new=-1, updated? false
2022-08-02 21:05:56,360 [grpc-default-executor-2] DEBUG leader.FollowerInfo (FollowerInfoImpl.java:lambda$new$1(49)) - s0@group-DBBE7E7C6C61->s1: commitIndex: updateToMax old=1, new=1, updated? false
2022-08-02 21:05:56,360 [grpc-default-executor-2] DEBUG leader.FollowerInfo (FollowerInfoImpl.java:lambda$new$1(49)) - s0@group-DBBE7E7C6C61->s1: matchIndex: updateToMax old=2, new=-1, updated? false
2022-08-02 21:05:56,361 [grpc-default-executor-3] DEBUG leader.FollowerInfo (FollowerInfoImpl.java:lambda$new$1(49)) - s0@group-DBBE7E7C6C61->s2: commitIndex: updateToMax old=1, new=1, updated? false
2022-08-02 21:05:56,361 [grpc-default-executor-3] DEBUG leader.FollowerInfo (FollowerInfoImpl.java:lambda$new$1(49)) - s0@group-DBBE7E7C6C61->s2: matchIndex: updateToMax old=2, new=-1, updated? false
2022-08-02 21:05:56,361 [grpc-default-executor-2] DEBUG leader.FollowerInfo (FollowerInfoImpl.java:lambda$new$1(49)) - s0@group-DBBE7E7C6C61->s1: commitIndex: updateToMax old=1, new=1, updated? false
2022-08-02 21:05:56,362 [grpc-default-executor-2] DEBUG leader.FollowerInfo (FollowerInfoImpl.java:lambda$new$1(49)) - s0@group-DBBE7E7C6C61->s1: matchIndex: updateToMax old=2, new=-1, updated? false
2022-08-02 21:05:56,362 [grpc-default-executor-3] DEBUG leader.FollowerInfo (FollowerInfoImpl.java:lambda$new$1(49)) - s0@group-DBBE7E7C6C61->s2: commitIndex: updateToMax old=1, new=1, updated? false
2022-08-02 21:05:56,362 [grpc-default-executor-3] DEBUG leader.FollowerInfo (FollowerInfoImpl.java:lambda$new$1(49)) - s0@group-DBBE7E7C6C61->s2: matchIndex: updateToMax old=2, new=-1, updated? false
2022-08-02 21:05:56,363 [grpc-default-executor-2] DEBUG leader.FollowerInfo (FollowerInfoImpl.java:lambda$new$1(49)) - s0@group-DBBE7E7C6C61->s1: commitIndex: updateToMax old=1, new=1, updated? false
2022-08-02 21:05:56,363 [grpc-default-executor-2] DEBUG leader.FollowerInfo (FollowerInfoImpl.java:lambda$new$1(49)) - s0@group-DBBE7E7C6C61->s1: matchIndex: updateToMax old=2, new=-1, updated? false
2022-08-02 21:05:56,363 [grpc-default-executor-3] DEBUG leader.FollowerInfo (FollowerInfoImpl.java:lambda$new$1(49)) - s0@group-DBBE7E7C6C61->s2: commitIndex: updateToMax old=1, new=1, updated? false
2022-08-02 21:05:56,364 [grpc-default-executor-3] DEBUG leader.FollowerInfo (FollowerInfoImpl.java:lambda$new$1(49)) - s0@group-DBBE7E7C6C61->s2: matchIndex: updateToMax old=2, new=-1, updated? false
2022-08-02 21:05:56,364 [grpc-default-executor-2] DEBUG leader.FollowerInfo (FollowerInfoImpl.java:lambda$new$1(49)) - s0@group-DBBE7E7C6C61->s1: commitIndex: updateToMax old=1, new=1, updated? false
2022-08-02 21:05:56,364 [grpc-default-executor-2] DEBUG leader.FollowerInfo (FollowerInfoImpl.java:lambda$new$1(49)) - s0@group-DBBE7E7C6C61->s1: matchIndex: updateToMax old=2, new=-1, updated? false
2022-08-02 21:05:56,365 [grpc-default-executor-3] DEBUG leader.FollowerInfo (FollowerInfoImpl.java:lambda$new$1(49)) - s0@group-DBBE7E7C6C61->s2: commitIndex: updateToMax old=1, new=1, updated? false
2022-08-02 21:05:56,365 [grpc-default-executor-3] DEBUG leader.FollowerInfo (FollowerInfoImpl.java:lambda$new$1(49)) - s0@group-DBBE7E7C6C61->s2: matchIndex: updateToMax old=2, new=-1, updated? false
2022-08-02 21:05:56,365 [grpc-default-executor-2] DEBUG leader.FollowerInfo (FollowerInfoImpl.java:lambda$new$1(49)) - s0@group-DBBE7E7C6C61->s1: commitIndex: updateToMax old=1, new=1, updated? false
2022-08-02 21:05:56,365 [grpc-default-executor-2] DEBUG leader.FollowerInfo (FollowerInfoImpl.java:lambda$new$1(49)) - s0@group-DBBE7E7C6C61->s1: matchIndex: updateToMax old=2, new=-1, updated? false
2022-08-02 21:05:56,366 [grpc-default-executor-3] DEBUG leader.FollowerInfo (FollowerInfoImpl.java:lambda$new$1(49)) - s0@group-DBBE7E7C6C61->s2: commitIndex: updateToMax old=1, new=1, updated? false
2022-08-02 21:05:56,366 [grpc-default-executor-3] DEBUG leader.FollowerInfo (FollowerInfoImpl.java:lambda$new$1(49)) - s0@group-DBBE7E7C6C61->s2: matchIndex: updateToMax old=2, new=-1, updated? false
2022-08-02 21:05:56,367 [grpc-default-executor-2] DEBUG leader.FollowerInfo (FollowerInfoImpl.java:lambda$new$1(49)) - s0@group-DBBE7E7C6C61->s1: commitIndex: updateToMax old=1, new=1, updated? false
2022-08-02 21:05:56,367 [grpc-default-executor-2] DEBUG leader.FollowerInfo (FollowerInfoImpl.java:lambda$new$1(49)) - s0@group-DBBE7E7C6C61->s1: matchIndex: updateToMax old=2, new=-1, updated? false
2022-08-02 21:05:56,367 [grpc-default-executor-3] DEBUG leader.FollowerInfo (FollowerInfoImpl.java:lambda$new$1(49)) - s0@group-DBBE7E7C6C61->s2: commitIndex: updateToMax old=1, new=1, updated? false
2022-08-02 21:05:56,368 [grpc-default-executor-3] DEBUG leader.FollowerInfo (FollowerInfoImpl.java:lambda$new$1(49)) - s0@group-DBBE7E7C6C61->s2: matchIndex: updateToMax old=2, new=-1, updated? false
2022-08-02 21:05:56,368 [grpc-default-executor-2] DEBUG leader.FollowerInfo (FollowerInfoImpl.java:lambda$new$1(49)) - s0@group-DBBE7E7C6C61->s1: commitIndex: updateToMax old=1, new=1, updated? false
2022-08-02 21:05:56,368 [grpc-default-executor-2] DEBUG leader.FollowerInfo (FollowerInfoImpl.java:lambda$new$1(49)) - s0@group-DBBE7E7C6C61->s1: matchIndex: updateToMax old=2, new=-1, updated? false
2022-08-02 21:05:56,369 [grpc-default-executor-3] DEBUG leader.FollowerInfo (FollowerInfoImpl.java:lambda$new$1(49)) - s0@group-DBBE7E7C6C61->s2: commitIndex: updateToMax old=1, new=1, updated? false
2022-08-02 21:05:56,369 [grpc-default-executor-3] DEBUG leader.FollowerInfo (FollowerInfoImpl.java:lambda$new$1(49)) - s0@group-DBBE7E7C6C61->s2: matchIndex: updateToMax old=2, new=-1, updated? false
2022-08-02 21:05:56,370 [grpc-default-executor-2] DEBUG leader.FollowerInfo (FollowerInfoImpl.java:lambda$new$1(49)) - s0@group-DBBE7E7C6C61->s1: commitIndex: updateToMax old=1, new=1, updated? false
2022-08-02 21:05:56,370 [grpc-default-executor-2] DEBUG leader.FollowerInfo (FollowerInfoImpl.java:lambda$new$1(49)) - s0@group-DBBE7E7C6C61->s1: matchIndex: updateToMax old=2, new=-1, updated? false
2022-08-02 21:05:56,370 [grpc-default-executor-3] DEBUG leader.FollowerInfo (FollowerInfoImpl.java:lambda$new$1(49)) - s0@group-DBBE7E7C6C61->s2: commitIndex: updateToMax old=1, new=1, updated? false
2022-08-02 21:05:56,370 [grpc-default-executor-3] DEBUG leader.FollowerInfo (FollowerInfoImpl.java:lambda$new$1(49)) - s0@group-DBBE7E7C6C61->s2: matchIndex: updateToMax old=2, new=-1, updated? false
2022-08-02 21:05:56,371 [grpc-default-executor-2] DEBUG leader.FollowerInfo (FollowerInfoImpl.java:lambda$new$1(49)) - s0@group-DBBE7E7C6C61->s1: commitIndex: updateToMax old=1, new=1, updated? false
2022-08-02 21:05:56,371 [grpc-default-executor-2] DEBUG leader.FollowerInfo (FollowerInfoImpl.java:lambda$new$1(49)) - s0@group-DBBE7E7C6C61->s1: matchIndex: updateToMax old=2, new=-1, updated? false
2022-08-02 21:05:56,372 [grpc-default-executor-3] DEBUG leader.FollowerInfo (FollowerInfoImpl.java:lambda$new$1(49)) - s0@group-DBBE7E7C6C61->s2: commitIndex: updateToMax old=1, new=1, updated? false
2022-08-02 21:05:56,372 [grpc-default-executor-3] DEBUG leader.FollowerInfo (FollowerInfoImpl.java:lambda$new$1(49)) - s0@group-DBBE7E7C6C61->s2: matchIndex: updateToMax old=2, new=-1, updated? false
2022-08-02 21:05:56,372 [grpc-default-executor-2] DEBUG leader.FollowerInfo (FollowerInfoImpl.java:lambda$new$1(49)) - s0@group-DBBE7E7C6C61->s1: commitIndex: updateToMax old=1, new=1, updated? false
2022-08-02 21:05:56,372 [grpc-default-executor-2] DEBUG leader.FollowerInfo (FollowerInfoImpl.java:lambda$new$1(49)) - s0@group-DBBE7E7C6C61->s1: matchIndex: updateToMax old=2, new=-1, updated? false
2022-08-02 21:05:56,373 [grpc-default-executor-3] DEBUG leader.FollowerInfo (FollowerInfoImpl.java:lambda$new$1(49)) - s0@group-DBBE7E7C6C61->s2: commitIndex: updateToMax old=1, new=1, updated? false
2022-08-02 21:05:56,373 [grpc-default-executor-3] DEBUG leader.FollowerInfo (FollowerInfoImpl.java:lambda$new$1(49)) - s0@group-DBBE7E7C6C61->s2: matchIndex: updateToMax old=2, new=-1, updated? false
2022-08-02 21:05:56,374 [grpc-default-executor-2] DEBUG leader.FollowerInfo (FollowerInfoImpl.java:lambda$new$1(49)) - s0@group-DBBE7E7C6C61->s1: commitIndex: updateToMax old=1, new=1, updated? false
2022-08-02 21:05:56,374 [grpc-default-executor-2] DEBUG leader.FollowerInfo (FollowerInfoImpl.java:lambda$new$1(49)) - s0@group-DBBE7E7C6C61->s1: matchIndex: updateToMax old=2, new=-1, updated? false
2022-08-02 21:05:56,374 [grpc-default-executor-3] DEBUG leader.FollowerInfo (FollowerInfoImpl.java:lambda$new$1(49)) - s0@group-DBBE7E7C6C61->s2: commitIndex: updateToMax old=1, new=1, updated? false
2022-08-02 21:05:56,374 [grpc-default-executor-3] DEBUG leader.FollowerInfo (FollowerInfoImpl.java:lambda$new$1(49)) - s0@group-DBBE7E7C6C61->s2: matchIndex: updateToMax old=2, new=-1, updated? false
2022-08-02 21:05:56,375 [grpc-default-executor-2] DEBUG leader.FollowerInfo (FollowerInfoImpl.java:lambda$new$1(49)) - s0@group-DBBE7E7C6C61->s1: commitIndex: updateToMax old=1, new=1, updated? false
2022-08-02 21:05:56,375 [grpc-default-executor-2] DEBUG leader.FollowerInfo (FollowerInfoImpl.java:lambda$new$1(49)) - s0@group-DBBE7E7C6C61->s1: matchIndex: updateToMax old=2, new=-1, updated? false
2022-08-02 21:05:56,376 [grpc-default-executor-3] DEBUG leader.FollowerInfo (FollowerInfoImpl.java:lambda$new$1(49)) - s0@group-DBBE7E7C6C61->s2: commitIndex: updateToMax old=1, new=1, updated? false
2022-08-02 21:05:56,376 [grpc-default-executor-3] DEBUG leader.FollowerInfo (FollowerInfoImpl.java:lambda$new$1(49)) - s0@group-DBBE7E7C6C61->s2: matchIndex: updateToMax old=2, new=-1, updated? false
2022-08-02 21:05:56,377 [grpc-default-executor-2] DEBUG leader.FollowerInfo (FollowerInfoImpl.java:lambda$new$1(49)) - s0@group-DBBE7E7C6C61->s1: commitIndex: updateToMax old=1, new=1, updated? false
2022-08-02 21:05:56,377 [grpc-default-executor-2] DEBUG leader.FollowerInfo (FollowerInfoImpl.java:lambda$new$1(49)) - s0@group-DBBE7E7C6C61->s1: matchIndex: updateToMax old=2, new=-1, updated? false
2022-08-02 21:05:56,377 [grpc-default-executor-3] DEBUG leader.FollowerInfo (FollowerInfoImpl.java:lambda$new$1(49)) - s0@group-DBBE7E7C6C61->s2: commitIndex: updateToMax old=1, new=1, updated? false
2022-08-02 21:05:56,377 [grpc-default-executor-3] DEBUG leader.FollowerInfo (FollowerInfoImpl.java:lambda$new$1(49)) - s0@group-DBBE7E7C6C61->s2: matchIndex: updateToMax old=2, new=-1, updated? false
2022-08-02 21:05:56,378 [grpc-default-executor-2] DEBUG leader.FollowerInfo (FollowerInfoImpl.java:lambda$new$1(49)) - s0@group-DBBE7E7C6C61->s1: commitIndex: updateToMax old=1, new=1, updated? false
2022-08-02 21:05:56,378 [grpc-default-executor-2] DEBUG leader.FollowerInfo (FollowerInfoImpl.java:lambda$new$1(49)) - s0@group-DBBE7E7C6C61->s1: matchIndex: updateToMax old=2, new=-1, updated? false
2022-08-02 21:05:56,379 [grpc-default-executor-3] DEBUG leader.FollowerInfo (FollowerInfoImpl.java:lambda$new$1(49)) - s0@group-DBBE7E7C6C61->s2: commitIndex: updateToMax old=1, new=1, updated? false
2022-08-02 21:05:56,379 [grpc-default-executor-3] DEBUG leader.FollowerInfo (FollowerInfoImpl.java:lambda$new$1(49)) - s0@group-DBBE7E7C6C61->s2: matchIndex: updateToMax old=2, new=-1, updated? false
2022-08-02 21:05:56,380 [grpc-default-executor-2] DEBUG leader.FollowerInfo (FollowerInfoImpl.java:lambda$new$1(49)) - s0@group-DBBE7E7C6C61->s1: commitIndex: updateToMax old=1, new=1, updated? false
2022-08-02 21:05:56,380 [grpc-default-executor-2] DEBUG leader.FollowerInfo (FollowerInfoImpl.java:lambda$new$1(49)) - s0@group-DBBE7E7C6C61->s1: matchIndex: updateToMax old=2, new=-1, updated? false
2022-08-02 21:05:56,380 [grpc-default-executor-3] DEBUG leader.FollowerInfo (FollowerInfoImpl.java:lambda$new$1(49)) - s0@group-DBBE7E7C6C61->s1: commitIndex: updateToMax old=1, new=1, updated? false
2022-08-02 21:05:56,380 [grpc-default-executor-3] DEBUG leader.FollowerInfo (FollowerInfoImpl.java:lambda$new$1(49)) - s0@group-DBBE7E7C6C61->s1: matchIndex: updateToMax old=2, new=-1, updated? false
2022-08-02 21:05:56,381 [grpc-default-executor-3] DEBUG leader.FollowerInfo (FollowerInfoImpl.java:lambda$new$1(49)) - s0@group-DBBE7E7C6C61->s1: commitIndex: updateToMax old=1, new=1, updated? false
2022-08-02 21:05:56,381 [grpc-default-executor-3] DEBUG leader.FollowerInfo (FollowerInfoImpl.java:lambda$new$1(49)) - s0@group-DBBE7E7C6C61->s1: matchIndex: updateToMax old=2, new=-1, updated? false
2022-08-02 21:05:56,382 [grpc-default-executor-3] DEBUG leader.FollowerInfo (FollowerInfoImpl.java:lambda$new$1(49)) - s0@group-DBBE7E7C6C61->s1: commitIndex: updateToMax old=1, new=1, updated? false
2022-08-02 21:05:56,382 [grpc-default-executor-3] DEBUG leader.FollowerInfo (FollowerInfoImpl.java:lambda$new$1(49)) - s0@group-DBBE7E7C6C61->s1: matchIndex: updateToMax old=2, new=-1, updated? false
2022-08-02 21:05:56,382 [grpc-default-executor-2] DEBUG leader.FollowerInfo (FollowerInfoImpl.java:lambda$new$1(49)) - s0@group-DBBE7E7C6C61->s2: commitIndex: updateToMax old=1, new=1, updated? false
2022-08-02 21:05:56,383 [grpc-default-executor-2] DEBUG leader.FollowerInfo (FollowerInfoImpl.java:lambda$new$1(49)) - s0@group-DBBE7E7C6C61->s2: matchIndex: updateToMax old=2, new=-1, updated? false
2022-08-02 21:05:56,384 [grpc-default-executor-3] DEBUG leader.FollowerInfo (FollowerInfoImpl.java:lambda$new$1(49)) - s0@group-DBBE7E7C6C61->s1: commitIndex: updateToMax old=1, new=1, updated? false
2022-08-02 21:05:56,384 [grpc-default-executor-3] DEBUG leader.FollowerInfo (FollowerInfoImpl.java:lambda$new$1(49)) - s0@group-DBBE7E7C6C61->s1: matchIndex: updateToMax old=2, new=-1, updated? false
2022-08-02 21:05:56,384 [grpc-default-executor-2] DEBUG leader.FollowerInfo (FollowerInfoImpl.java:lambda$new$1(49)) - s0@group-DBBE7E7C6C61->s2: commitIndex: updateToMax old=1, new=1, updated? false
2022-08-02 21:05:56,384 [grpc-default-executor-2] DEBUG leader.FollowerInfo (FollowerInfoImpl.java:lambda$new$1(49)) - s0@group-DBBE7E7C6C61->s2: matchIndex: updateToMax old=2, new=-1, updated? false
2022-08-02 21:05:56,387 [grpc-default-executor-3] DEBUG leader.FollowerInfo (FollowerInfoImpl.java:lambda$new$1(49)) - s0@group-DBBE7E7C6C61->s1: commitIndex: updateToMax old=1, new=1, updated? false
2022-08-02 21:05:56,387 [grpc-default-executor-3] DEBUG leader.FollowerInfo (FollowerInfoImpl.java:lambda$new$1(49)) - s0@group-DBBE7E7C6C61->s1: matchIndex: updateToMax old=2, new=-1, updated? false
2022-08-02 21:05:56,388 [grpc-default-executor-2] DEBUG leader.FollowerInfo (FollowerInfoImpl.java:lambda$new$1(49)) - s0@group-DBBE7E7C6C61->s2: commitIndex: updateToMax old=1, new=1, updated? false
2022-08-02 21:05:56,388 [grpc-default-executor-2] DEBUG leader.FollowerInfo (FollowerInfoImpl.java:lambda$new$1(49)) - s0@group-DBBE7E7C6C61->s2: matchIndex: updateToMax old=2, new=-1, updated? false
2022-08-02 21:05:56,389 [grpc-default-executor-3] DEBUG leader.FollowerInfo (FollowerInfoImpl.java:lambda$new$1(49)) - s0@group-DBBE7E7C6C61->s1: commitIndex: updateToMax old=1, new=1, updated? false
2022-08-02 21:05:56,389 [grpc-default-executor-3] DEBUG leader.FollowerInfo (FollowerInfoImpl.java:lambda$new$1(49)) - s0@group-DBBE7E7C6C61->s1: matchIndex: updateToMax old=2, new=-1, updated? false
2022-08-02 21:05:56,389 [grpc-default-executor-2] DEBUG leader.FollowerInfo (FollowerInfoImpl.java:lambda$new$1(49)) - s0@group-DBBE7E7C6C61->s2: commitIndex: updateToMax old=1, new=1, updated? false
2022-08-02 21:05:56,389 [grpc-default-executor-2] DEBUG leader.FollowerInfo (FollowerInfoImpl.java:lambda$new$1(49)) - s0@group-DBBE7E7C6C61->s2: matchIndex: updateToMax old=2, new=-1, updated? false
2022-08-02 21:05:56,390 [grpc-default-executor-3] DEBUG leader.FollowerInfo (FollowerInfoImpl.java:lambda$new$1(49)) - s0@group-DBBE7E7C6C61->s1: commitIndex: updateToMax old=1, new=1, updated? false
2022-08-02 21:05:56,390 [grpc-default-executor-3] DEBUG leader.FollowerInfo (FollowerInfoImpl.java:lambda$new$1(49)) - s0@group-DBBE7E7C6C61->s1: matchIndex: updateToMax old=2, new=-1, updated? false
2022-08-02 21:05:56,391 [grpc-default-executor-2] DEBUG leader.FollowerInfo (FollowerInfoImpl.java:lambda$new$1(49)) - s0@group-DBBE7E7C6C61->s2: commitIndex: updateToMax old=1, new=1, updated? false
2022-08-02 21:05:56,391 [grpc-default-executor-2] DEBUG leader.FollowerInfo (FollowerInfoImpl.java:lambda$new$1(49)) - s0@group-DBBE7E7C6C61->s2: matchIndex: updateToMax old=2, new=-1, updated? false
2022-08-02 21:05:56,391 [grpc-default-executor-3] DEBUG leader.FollowerInfo (FollowerInfoImpl.java:lambda$new$1(49)) - s0@group-DBBE7E7C6C61->s1: commitIndex: updateToMax old=1, new=1, updated? false
2022-08-02 21:05:56,391 [grpc-default-executor-3] DEBUG leader.FollowerInfo (FollowerInfoImpl.java:lambda$new$1(49)) - s0@group-DBBE7E7C6C61->s1: matchIndex: updateToMax old=2, new=-1, updated? false
2022-08-02 21:05:56,392 [grpc-default-executor-2] DEBUG leader.FollowerInfo (FollowerInfoImpl.java:lambda$new$1(49)) - s0@group-DBBE7E7C6C61->s2: commitIndex: updateToMax old=1, new=1, updated? false
2022-08-02 21:05:56,392 [grpc-default-executor-2] DEBUG leader.FollowerInfo (FollowerInfoImpl.java:lambda$new$1(49)) - s0@group-DBBE7E7C6C61->s2: matchIndex: updateToMax old=2, new=-1, updated? false
2022-08-02 21:05:56,393 [grpc-default-executor-3] DEBUG leader.FollowerInfo (FollowerInfoImpl.java:lambda$new$1(49)) - s0@group-DBBE7E7C6C61->s1: commitIndex: updateToMax old=1, new=1, updated? false
2022-08-02 21:05:56,393 [grpc-default-executor-3] DEBUG leader.FollowerInfo (FollowerInfoImpl.java:lambda$new$1(49)) - s0@group-DBBE7E7C6C61->s1: matchIndex: updateToMax old=2, new=-1, updated? false
2022-08-02 21:05:56,393 [grpc-default-executor-2] DEBUG leader.FollowerInfo (FollowerInfoImpl.java:lambda$new$1(49)) - s0@group-DBBE7E7C6C61->s2: commitIndex: updateToMax old=1, new=1, updated? false
2022-08-02 21:05:56,393 [grpc-default-executor-2] DEBUG leader.FollowerInfo (FollowerInfoImpl.java:lambda$new$1(49)) - s0@group-DBBE7E7C6C61->s2: matchIndex: updateToMax old=2, new=-1, updated? false
2022-08-02 21:05:56,394 [grpc-default-executor-3] DEBUG leader.FollowerInfo (FollowerInfoImpl.java:lambda$new$1(49)) - s0@group-DBBE7E7C6C61->s1: commitIndex: updateToMax old=1, new=1, updated? false
2022-08-02 21:05:56,394 [grpc-default-executor-3] DEBUG leader.FollowerInfo (FollowerInfoImpl.java:lambda$new$1(49)) - s0@group-DBBE7E7C6C61->s1: matchIndex: updateToMax old=2, new=-1, updated? false
2022-08-02 21:05:56,395 [grpc-default-executor-2] DEBUG leader.FollowerInfo (FollowerInfoImpl.java:lambda$new$1(49)) - s0@group-DBBE7E7C6C61->s2: commitIndex: updateToMax old=1, new=1, updated? false
2022-08-02 21:05:56,395 [grpc-default-executor-2] DEBUG leader.FollowerInfo (FollowerInfoImpl.java:lambda$new$1(49)) - s0@group-DBBE7E7C6C61->s2: matchIndex: updateToMax old=2, new=-1, updated? false
2022-08-02 21:05:56,395 [grpc-default-executor-3] DEBUG leader.FollowerInfo (FollowerInfoImpl.java:lambda$new$1(49)) - s0@group-DBBE7E7C6C61->s1: commitIndex: updateToMax old=1, new=1, updated? false
2022-08-02 21:05:56,395 [grpc-default-executor-3] DEBUG leader.FollowerInfo (FollowerInfoImpl.java:lambda$new$1(49)) - s0@group-DBBE7E7C6C61->s1: matchIndex: updateToMax old=2, new=-1, updated? false
2022-08-02 21:05:56,396 [grpc-default-executor-2] DEBUG leader.FollowerInfo (FollowerInfoImpl.java:lambda$new$1(49)) - s0@group-DBBE7E7C6C61->s2: commitIndex: updateToMax old=1, new=1, updated? false
2022-08-02 21:05:56,396 [grpc-default-executor-2] DEBUG leader.FollowerInfo (FollowerInfoImpl.java:lambda$new$1(49)) - s0@group-DBBE7E7C6C61->s2: matchIndex: updateToMax old=2, new=-1, updated? false
2022-08-02 21:05:56,396 [grpc-default-executor-3] DEBUG leader.FollowerInfo (FollowerInfoImpl.java:lambda$new$1(49)) - s0@group-DBBE7E7C6C61->s1: commitIndex: updateToMax old=1, new=1, updated? false
2022-08-02 21:05:56,397 [grpc-default-executor-3] DEBUG leader.FollowerInfo (FollowerInfoImpl.java:lambda$new$1(49)) - s0@group-DBBE7E7C6C61->s1: matchIndex: updateToMax old=2, new=-1, updated? false
2022-08-02 21:05:56,397 [grpc-default-executor-2] DEBUG leader.FollowerInfo (FollowerInfoImpl.java:lambda$new$1(49)) - s0@group-DBBE7E7C6C61->s2: commitIndex: updateToMax old=1, new=1, updated? false
2022-08-02 21:05:56,397 [grpc-default-executor-2] DEBUG leader.FollowerInfo (FollowerInfoImpl.java:lambda$new$1(49)) - s0@group-DBBE7E7C6C61->s2: matchIndex: updateToMax old=2, new=-1, updated? false
2022-08-02 21:05:56,398 [grpc-default-executor-3] DEBUG leader.FollowerInfo (FollowerInfoImpl.java:lambda$new$1(49)) - s0@group-DBBE7E7C6C61->s1: commitIndex: updateToMax old=1, new=1, updated? false
2022-08-02 21:05:56,398 [grpc-default-executor-3] DEBUG leader.FollowerInfo (FollowerInfoImpl.java:lambda$new$1(49)) - s0@group-DBBE7E7C6C61->s1: matchIndex: updateToMax old=2, new=-1, updated? false
2022-08-02 21:05:56,398 [grpc-default-executor-2] DEBUG leader.FollowerInfo (FollowerInfoImpl.java:lambda$new$1(49)) - s0@group-DBBE7E7C6C61->s2: commitIndex: updateToMax old=1, new=1, updated? false
2022-08-02 21:05:56,399 [grpc-default-executor-2] DEBUG leader.FollowerInfo (FollowerInfoImpl.java:lambda$new$1(49)) - s0@group-DBBE7E7C6C61->s2: matchIndex: updateToMax old=2, new=-1, updated? false
2022-08-02 21:05:56,399 [grpc-default-executor-3] DEBUG leader.FollowerInfo (FollowerInfoImpl.java:lambda$new$1(49)) - s0@group-DBBE7E7C6C61->s1: commitIndex: updateToMax old=1, new=1, updated? false
2022-08-02 21:05:56,399 [grpc-default-executor-3] DEBUG leader.FollowerInfo (FollowerInfoImpl.java:lambda$new$1(49)) - s0@group-DBBE7E7C6C61->s1: matchIndex: updateToMax old=2, new=-1, updated? false
2022-08-02 21:05:56,400 [grpc-default-executor-2] DEBUG leader.FollowerInfo (FollowerInfoImpl.java:lambda$new$1(49)) - s0@group-DBBE7E7C6C61->s2: commitIndex: updateToMax old=1, new=1, updated? false
2022-08-02 21:05:56,400 [grpc-default-executor-2] DEBUG leader.FollowerInfo (FollowerInfoImpl.java:lambda$new$1(49)) - s0@group-DBBE7E7C6C61->s2: matchIndex: updateToMax old=2, new=-1, updated? false
2022-08-02 21:05:56,401 [grpc-default-executor-3] DEBUG leader.FollowerInfo (FollowerInfoImpl.java:lambda$new$1(49)) - s0@group-DBBE7E7C6C61->s1: commitIndex: updateToMax old=1, new=1, updated? false
2022-08-02 21:05:56,401 [grpc-default-executor-3] DEBUG leader.FollowerInfo (FollowerInfoImpl.java:lambda$new$1(49)) - s0@group-DBBE7E7C6C61->s1: matchIndex: updateToMax old=2, new=-1, updated? false
2022-08-02 21:05:56,401 [grpc-default-executor-2] DEBUG leader.FollowerInfo (FollowerInfoImpl.java:lambda$new$1(49)) - s0@group-DBBE7E7C6C61->s2: commitIndex: updateToMax old=1, new=1, updated? false
2022-08-02 21:05:56,401 [grpc-default-executor-2] DEBUG leader.FollowerInfo (FollowerInfoImpl.java:lambda$new$1(49)) - s0@group-DBBE7E7C6C61->s2: matchIndex: updateToMax old=2, new=-1, updated? false
2022-08-02 21:05:56,402 [grpc-default-executor-3] DEBUG leader.FollowerInfo (FollowerInfoImpl.java:lambda$new$1(49)) - s0@group-DBBE7E7C6C61->s1: commitIndex: updateToMax old=1, new=1, updated? false
2022-08-02 21:05:56,402 [grpc-default-executor-3] DEBUG leader.FollowerInfo (FollowerInfoImpl.java:lambda$new$1(49)) - s0@group-DBBE7E7C6C61->s1: matchIndex: updateToMax old=2, new=-1, updated? false
2022-08-02 21:05:56,402 [grpc-default-executor-2] DEBUG leader.FollowerInfo (FollowerInfoImpl.java:lambda$new$1(49)) - s0@group-DBBE7E7C6C61->s2: commitIndex: updateToMax old=1, new=1, updated? false
2022-08-02 21:05:56,403 [grpc-default-executor-2] DEBUG leader.FollowerInfo (FollowerInfoImpl.java:lambda$new$1(49)) - s0@group-DBBE7E7C6C61->s2: matchIndex: updateToMax old=2, new=-1, updated? false
2022-08-02 21:05:56,403 [grpc-default-executor-3] DEBUG leader.FollowerInfo (FollowerInfoImpl.java:lambda$new$1(49)) - s0@group-DBBE7E7C6C61->s1: commitIndex: updateToMax old=1, new=1, updated? false
2022-08-02 21:05:56,403 [grpc-default-executor-3] DEBUG leader.FollowerInfo (FollowerInfoImpl.java:lambda$new$1(49)) - s0@group-DBBE7E7C6C61->s1: matchIndex: updateToMax old=2, new=-1, updated? false
2022-08-02 21:05:56,404 [grpc-default-executor-2] DEBUG leader.FollowerInfo (FollowerInfoImpl.java:lambda$new$1(49)) - s0@group-DBBE7E7C6C61->s2: commitIndex: updateToMax old=1, new=1, updated? false
2022-08-02 21:05:56,404 [grpc-default-executor-2] DEBUG leader.FollowerInfo (FollowerInfoImpl.java:lambda$new$1(49)) - s0@group-DBBE7E7C6C61->s2: matchIndex: updateToMax old=2, new=-1, updated? false
2022-08-02 21:05:56,404 [grpc-default-executor-3] DEBUG leader.FollowerInfo (FollowerInfoImpl.java:lambda$new$1(49)) - s0@group-DBBE7E7C6C61->s1: commitIndex: updateToMax old=1, new=1, updated? false
2022-08-02 21:05:56,404 [grpc-default-executor-3] DEBUG leader.FollowerInfo (FollowerInfoImpl.java:lambda$new$1(49)) - s0@group-DBBE7E7C6C61->s1: matchIndex: updateToMax old=2, new=-1, updated? false
2022-08-02 21:05:56,405 [grpc-default-executor-2] DEBUG leader.FollowerInfo (FollowerInfoImpl.java:lambda$new$1(49)) - s0@group-DBBE7E7C6C61->s2: commitIndex: updateToMax old=1, new=1, updated? false
2022-08-02 21:05:56,405 [grpc-default-executor-2] DEBUG leader.FollowerInfo (FollowerInfoImpl.java:lambda$new$1(49)) - s0@group-DBBE7E7C6C61->s2: matchIndex: updateToMax old=2, new=-1, updated? false
2022-08-02 21:05:56,406 [grpc-default-executor-3] DEBUG leader.FollowerInfo (FollowerInfoImpl.java:lambda$new$1(49)) - s0@group-DBBE7E7C6C61->s1: commitIndex: updateToMax old=1, new=1, updated? false
2022-08-02 21:05:56,406 [grpc-default-executor-3] DEBUG leader.FollowerInfo (FollowerInfoImpl.java:lambda$new$1(49)) - s0@group-DBBE7E7C6C61->s1: matchIndex: updateToMax old=2, new=-1, updated? false
2022-08-02 21:05:56,406 [grpc-default-executor-2] DEBUG leader.FollowerInfo (FollowerInfoImpl.java:lambda$new$1(49)) - s0@group-DBBE7E7C6C61->s2: commitIndex: updateToMax old=1, new=1, updated? false
2022-08-02 21:05:56,407 [grpc-default-executor-2] DEBUG leader.FollowerInfo (FollowerInfoImpl.java:lambda$new$1(49)) - s0@group-DBBE7E7C6C61->s2: matchIndex: updateToMax old=2, new=-1, updated? false
2022-08-02 21:05:56,407 [grpc-default-executor-3] DEBUG leader.FollowerInfo (FollowerInfoImpl.java:lambda$new$1(49)) - s0@group-DBBE7E7C6C61->s1: commitIndex: updateToMax old=1, new=1, updated? false
2022-08-02 21:05:56,407 [grpc-default-executor-3] DEBUG leader.FollowerInfo (FollowerInfoImpl.java:lambda$new$1(49)) - s0@group-DBBE7E7C6C61->s1: matchIndex: updateToMax old=2, new=-1, updated? false
2022-08-02 21:05:56,408 [grpc-default-executor-2] DEBUG leader.FollowerInfo (FollowerInfoImpl.java:lambda$new$1(49)) - s0@group-DBBE7E7C6C61->s2: commitIndex: updateToMax old=1, new=1, updated? false
2022-08-02 21:05:56,408 [grpc-default-executor-2] DEBUG leader.FollowerInfo (FollowerInfoImpl.java:lambda$new$1(49)) - s0@group-DBBE7E7C6C61->s2: matchIndex: updateToMax old=2, new=-1, updated? false
2022-08-02 21:05:56,408 [grpc-default-executor-3] DEBUG leader.FollowerInfo (FollowerInfoImpl.java:lambda$new$1(49)) - s0@group-DBBE7E7C6C61->s1: commitIndex: updateToMax old=1, new=1, updated? false
2022-08-02 21:05:56,408 [grpc-default-executor-3] DEBUG leader.FollowerInfo (FollowerInfoImpl.java:lambda$new$1(49)) - s0@group-DBBE7E7C6C61->s1: matchIndex: updateToMax old=2, new=-1, updated? false
2022-08-02 21:05:56,409 [grpc-default-executor-2] DEBUG leader.FollowerInfo (FollowerInfoImpl.java:lambda$new$1(49)) - s0@group-DBBE7E7C6C61->s2: commitIndex: updateToMax old=1, new=1, updated? false
2022-08-02 21:05:56,409 [grpc-default-executor-2] DEBUG leader.FollowerInfo (FollowerInfoImpl.java:lambda$new$1(49)) - s0@group-DBBE7E7C6C61->s2: matchIndex: updateToMax old=2, new=-1, updated? false
2022-08-02 21:05:56,410 [grpc-default-executor-3] DEBUG leader.FollowerInfo (FollowerInfoImpl.java:lambda$new$1(49)) - s0@group-DBBE7E7C6C61->s1: commitIndex: updateToMax old=1, new=1, updated? false
2022-08-02 21:05:56,410 [grpc-default-executor-3] DEBUG leader.FollowerInfo (FollowerInfoImpl.java:lambda$new$1(49)) - s0@group-DBBE7E7C6C61->s1: matchIndex: updateToMax old=2, new=-1, updated? false
2022-08-02 21:05:56,410 [grpc-default-executor-2] DEBUG leader.FollowerInfo (FollowerInfoImpl.java:lambda$new$1(49)) - s0@group-DBBE7E7C6C61->s2: commitIndex: updateToMax old=1, new=1, updated? false
2022-08-02 21:05:56,410 [grpc-default-executor-2] DEBUG leader.FollowerInfo (FollowerInfoImpl.java:lambda$new$1(49)) - s0@group-DBBE7E7C6C61->s2: matchIndex: updateToMax old=2, new=-1, updated? false
2022-08-02 21:05:56,411 [grpc-default-executor-3] DEBUG leader.FollowerInfo (FollowerInfoImpl.java:lambda$new$1(49)) - s0@group-DBBE7E7C6C61->s1: commitIndex: updateToMax old=1, new=1, updated? false
2022-08-02 21:05:56,411 [grpc-default-executor-3] DEBUG leader.FollowerInfo (FollowerInfoImpl.java:lambda$new$1(49)) - s0@group-DBBE7E7C6C61->s1: matchIndex: updateToMax old=2, new=-1, updated? false
2022-08-02 21:05:56,412 [grpc-default-executor-2] DEBUG leader.FollowerInfo (FollowerInfoImpl.java:lambda$new$1(49)) - s0@group-DBBE7E7C6C61->s2: commitIndex: updateToMax old=1, new=1, updated? false
2022-08-02 21:05:56,412 [grpc-default-executor-2] DEBUG leader.FollowerInfo (FollowerInfoImpl.java:lambda$new$1(49)) - s0@group-DBBE7E7C6C61->s2: matchIndex: updateToMax old=2, new=-1, updated? false
2022-08-02 21:05:56,412 [grpc-default-executor-3] DEBUG leader.FollowerInfo (FollowerInfoImpl.java:lambda$new$1(49)) - s0@group-DBBE7E7C6C61->s1: commitIndex: updateToMax old=1, new=1, updated? false
2022-08-02 21:05:56,412 [grpc-default-executor-3] DEBUG leader.FollowerInfo (FollowerInfoImpl.java:lambda$new$1(49)) - s0@group-DBBE7E7C6C61->s1: matchIndex: updateToMax old=2, new=-1, updated? false
2022-08-02 21:05:56,413 [grpc-default-executor-2] DEBUG leader.FollowerInfo (FollowerInfoImpl.java:lambda$new$1(49)) - s0@group-DBBE7E7C6C61->s2: commitIndex: updateToMax old=1, new=1, updated? false
2022-08-02 21:05:56,413 [grpc-default-executor-2] DEBUG leader.FollowerInfo (FollowerInfoImpl.java:lambda$new$1(49)) - s0@group-DBBE7E7C6C61->s2: matchIndex: updateToMax old=2, new=-1, updated? false
2022-08-02 21:05:56,414 [grpc-default-executor-3] DEBUG leader.FollowerInfo (FollowerInfoImpl.java:lambda$new$1(49)) - s0@group-DBBE7E7C6C61->s1: commitIndex: updateToMax old=1, new=1, updated? false
2022-08-02 21:05:56,414 [grpc-default-executor-3] DEBUG leader.FollowerInfo (FollowerInfoImpl.java:lambda$new$1(49)) - s0@group-DBBE7E7C6C61->s1: matchIndex: updateToMax old=2, new=-1, updated? false
2022-08-02 21:05:56,414 [grpc-default-executor-2] DEBUG leader.FollowerInfo (FollowerInfoImpl.java:lambda$new$1(49)) - s0@group-DBBE7E7C6C61->s2: commitIndex: updateToMax old=1, new=1, updated? false
2022-08-02 21:05:56,414 [grpc-default-executor-2] DEBUG leader.FollowerInfo (FollowerInfoImpl.java:lambda$new$1(49)) - s0@group-DBBE7E7C6C61->s2: matchIndex: updateToMax old=2, new=-1, updated? false
2022-08-02 21:05:56,415 [grpc-default-executor-3] DEBUG leader.FollowerInfo (FollowerInfoImpl.java:lambda$new$1(49)) - s0@group-DBBE7E7C6C61->s1: commitIndex: updateToMax old=1, new=1, updated? false
2022-08-02 21:05:56,415 [grpc-default-executor-3] DEBUG leader.FollowerInfo (FollowerInfoImpl.java:lambda$new$1(49)) - s0@group-DBBE7E7C6C61->s1: matchIndex: updateToMax old=2, new=-1, updated? false
2022-08-02 21:05:56,415 [grpc-default-executor-2] DEBUG leader.FollowerInfo (FollowerInfoImpl.java:lambda$new$1(49)) - s0@group-DBBE7E7C6C61->s2: commitIndex: updateToMax old=1, new=1, updated? false
2022-08-02 21:05:56,415 [grpc-default-executor-2] DEBUG leader.FollowerInfo (FollowerInfoImpl.java:lambda$new$1(49)) - s0@group-DBBE7E7C6C61->s2: matchIndex: updateToMax old=2, new=-1, updated? false
2022-08-02 21:05:56,416 [grpc-default-executor-3] DEBUG leader.FollowerInfo (FollowerInfoImpl.java:lambda$new$1(49)) - s0@group-DBBE7E7C6C61->s1: commitIndex: updateToMax old=1, new=1, updated? false
2022-08-02 21:05:56,416 [grpc-default-executor-3] DEBUG leader.FollowerInfo (FollowerInfoImpl.java:lambda$new$1(49)) - s0@group-DBBE7E7C6C61->s1: matchIndex: updateToMax old=2, new=-1, updated? false
2022-08-02 21:05:56,417 [grpc-default-executor-2] DEBUG leader.FollowerInfo (FollowerInfoImpl.java:lambda$new$1(49)) - s0@group-DBBE7E7C6C61->s2: commitIndex: updateToMax old=1, new=1, updated? false
2022-08-02 21:05:56,417 [grpc-default-executor-2] DEBUG leader.FollowerInfo (FollowerInfoImpl.java:lambda$new$1(49)) - s0@group-DBBE7E7C6C61->s2: matchIndex: updateToMax old=2, new=-1, updated? false
2022-08-02 21:05:56,417 [grpc-default-executor-3] DEBUG leader.FollowerInfo (FollowerInfoImpl.java:lambda$new$1(49)) - s0@group-DBBE7E7C6C61->s1: commitIndex: updateToMax old=1, new=1, updated? false
2022-08-02 21:05:56,418 [grpc-default-executor-3] DEBUG leader.FollowerInfo (FollowerInfoImpl.java:lambda$new$1(49)) - s0@group-DBBE7E7C6C61->s1: matchIndex: updateToMax old=2, new=-1, updated? false
2022-08-02 21:05:56,418 [grpc-default-executor-2] DEBUG leader.FollowerInfo (FollowerInfoImpl.java:lambda$new$1(49)) - s0@group-DBBE7E7C6C61->s2: commitIndex: updateToMax old=1, new=1, updated? false
2022-08-02 21:05:56,418 [grpc-default-executor-2] DEBUG leader.FollowerInfo (FollowerInfoImpl.java:lambda$new$1(49)) - s0@group-DBBE7E7C6C61->s2: matchIndex: updateToMax old=2, new=-1, updated? false
2022-08-02 21:05:56,419 [grpc-default-executor-3] DEBUG leader.FollowerInfo (FollowerInfoImpl.java:lambda$new$1(49)) - s0@group-DBBE7E7C6C61->s1: commitIndex: updateToMax old=1, new=1, updated? false
2022-08-02 21:05:56,419 [grpc-default-executor-3] DEBUG leader.FollowerInfo (FollowerInfoImpl.java:lambda$new$1(49)) - s0@group-DBBE7E7C6C61->s1: matchIndex: updateToMax old=2, new=-1, updated? false
2022-08-02 21:05:56,419 [grpc-default-executor-2] DEBUG leader.FollowerInfo (FollowerInfoImpl.java:lambda$new$1(49)) - s0@group-DBBE7E7C6C61->s2: commitIndex: updateToMax old=1, new=1, updated? false
2022-08-02 21:05:56,420 [grpc-default-executor-2] DEBUG leader.FollowerInfo (FollowerInfoImpl.java:lambda$new$1(49)) - s0@group-DBBE7E7C6C61->s2: matchIndex: updateToMax old=2, new=-1, updated? false
2022-08-02 21:05:56,420 [grpc-default-executor-3] DEBUG leader.FollowerInfo (FollowerInfoImpl.java:lambda$new$1(49)) - s0@group-DBBE7E7C6C61->s1: commitIndex: updateToMax old=1, new=1, updated? false
2022-08-02 21:05:56,420 [grpc-default-executor-3] DEBUG leader.FollowerInfo (FollowerInfoImpl.java:lambda$new$1(49)) - s0@group-DBBE7E7C6C61->s1: matchIndex: updateToMax old=2, new=-1, updated? false
2022-08-02 21:05:56,421 [grpc-default-executor-2] DEBUG leader.FollowerInfo (FollowerInfoImpl.java:lambda$new$1(49)) - s0@group-DBBE7E7C6C61->s2: commitIndex: updateToMax old=1, new=1, updated? false
2022-08-02 21:05:56,421 [grpc-default-executor-2] DEBUG leader.FollowerInfo (FollowerInfoImpl.java:lambda$new$1(49)) - s0@group-DBBE7E7C6C61->s2: matchIndex: updateToMax old=2, new=-1, updated? false
2022-08-02 21:05:56,422 [grpc-default-executor-3] DEBUG leader.FollowerInfo (FollowerInfoImpl.java:lambda$new$1(49)) - s0@group-DBBE7E7C6C61->s1: commitIndex: updateToMax old=1, new=1, updated? false
2022-08-02 21:05:56,422 [grpc-default-executor-3] DEBUG leader.FollowerInfo (FollowerInfoImpl.java:lambda$new$1(49)) - s0@group-DBBE7E7C6C61->s1: matchIndex: updateToMax old=2, new=-1, updated? false
2022-08-02 21:05:56,422 [grpc-default-executor-2] DEBUG leader.FollowerInfo (FollowerInfoImpl.java:lambda$new$1(49)) - s0@group-DBBE7E7C6C61->s2: commitIndex: updateToMax old=1, new=1, updated? false
2022-08-02 21:05:56,422 [grpc-default-executor-2] DEBUG leader.FollowerInfo (FollowerInfoImpl.java:lambda$new$1(49)) - s0@group-DBBE7E7C6C61->s2: matchIndex: updateToMax old=2, new=-1, updated? false
2022-08-02 21:05:56,423 [grpc-default-executor-3] DEBUG leader.FollowerInfo (FollowerInfoImpl.java:lambda$new$1(49)) - s0@group-DBBE7E7C6C61->s1: commitIndex: updateToMax old=1, new=1, updated? false
2022-08-02 21:05:56,423 [grpc-default-executor-3] DEBUG leader.FollowerInfo (FollowerInfoImpl.java:lambda$new$1(49)) - s0@group-DBBE7E7C6C61->s1: matchIndex: updateToMax old=2, new=-1, updated? false
2022-08-02 21:05:56,424 [grpc-default-executor-2] DEBUG leader.FollowerInfo (FollowerInfoImpl.java:lambda$new$1(49)) - s0@group-DBBE7E7C6C61->s2: commitIndex: updateToMax old=1, new=1, updated? false
2022-08-02 21:05:56,424 [grpc-default-executor-2] DEBUG leader.FollowerInfo (FollowerInfoImpl.java:lambda$new$1(49)) - s0@group-DBBE7E7C6C61->s2: matchIndex: updateToMax old=2, new=-1, updated? false
2022-08-02 21:05:56,424 [grpc-default-executor-3] DEBUG leader.FollowerInfo (FollowerInfoImpl.java:lambda$new$1(49)) - s0@group-DBBE7E7C6C61->s1: commitIndex: updateToMax old=1, new=1, updated? false
2022-08-02 21:05:56,424 [grpc-default-executor-3] DEBUG leader.FollowerInfo (FollowerInfoImpl.java:lambda$new$1(49)) - s0@group-DBBE7E7C6C61->s1: matchIndex: updateToMax old=2, new=-1, updated? false
2022-08-02 21:05:56,425 [grpc-default-executor-2] DEBUG leader.FollowerInfo (FollowerInfoImpl.java:lambda$new$1(49)) - s0@group-DBBE7E7C6C61->s2: commitIndex: updateToMax old=1, new=1, updated? false
2022-08-02 21:05:56,425 [grpc-default-executor-2] DEBUG leader.FollowerInfo (FollowerInfoImpl.java:lambda$new$1(49)) - s0@group-DBBE7E7C6C61->s2: matchIndex: updateToMax old=2, new=-1, updated? false
2022-08-02 21:05:56,426 [grpc-default-executor-3] DEBUG leader.FollowerInfo (FollowerInfoImpl.java:lambda$new$1(49)) - s0@group-DBBE7E7C6C61->s1: commitIndex: updateToMax old=1, new=1, updated? false
2022-08-02 21:05:56,426 [grpc-default-executor-3] DEBUG leader.FollowerInfo (FollowerInfoImpl.java:lambda$new$1(49)) - s0@group-DBBE7E7C6C61->s1: matchIndex: updateToMax old=2, new=-1, updated? false
2022-08-02 21:05:56,426 [grpc-default-executor-2] DEBUG leader.FollowerInfo (FollowerInfoImpl.java:lambda$new$1(49)) - s0@group-DBBE7E7C6C61->s2: commitIndex: updateToMax old=1, new=1, updated? false
2022-08-02 21:05:56,426 [grpc-default-executor-2] DEBUG leader.FollowerInfo (FollowerInfoImpl.java:lambda$new$1(49)) - s0@group-DBBE7E7C6C61->s2: matchIndex: updateToMax old=2, new=-1, updated? false
2022-08-02 21:05:56,427 [grpc-default-executor-3] DEBUG leader.FollowerInfo (FollowerInfoImpl.java:lambda$new$1(49)) - s0@group-DBBE7E7C6C61->s1: commitIndex: updateToMax old=1, new=1, updated? false
2022-08-02 21:05:56,427 [grpc-default-executor-3] DEBUG leader.FollowerInfo (FollowerInfoImpl.java:lambda$new$1(49)) - s0@group-DBBE7E7C6C61->s1: matchIndex: updateToMax old=2, new=-1, updated? false
2022-08-02 21:05:56,428 [grpc-default-executor-2] DEBUG leader.FollowerInfo (FollowerInfoImpl.java:lambda$new$1(49)) - s0@group-DBBE7E7C6C61->s2: commitIndex: updateToMax old=1, new=1, updated? false
2022-08-02 21:05:56,428 [grpc-default-executor-2] DEBUG leader.FollowerInfo (FollowerInfoImpl.java:lambda$new$1(49)) - s0@group-DBBE7E7C6C61->s2: matchIndex: updateToMax old=2, new=-1, updated? false
2022-08-02 21:05:56,428 [grpc-default-executor-3] DEBUG leader.FollowerInfo (FollowerInfoImpl.java:lambda$new$1(49)) - s0@group-DBBE7E7C6C61->s1: commitIndex: updateToMax old=1, new=1, updated? false
2022-08-02 21:05:56,428 [grpc-default-executor-3] DEBUG leader.FollowerInfo (FollowerInfoImpl.java:lambda$new$1(49)) - s0@group-DBBE7E7C6C61->s1: matchIndex: updateToMax old=2, new=-1, updated? false
2022-08-02 21:05:56,429 [grpc-default-executor-2] DEBUG leader.FollowerInfo (FollowerInfoImpl.java:lambda$new$1(49)) - s0@group-DBBE7E7C6C61->s2: commitIndex: updateToMax old=1, new=1, updated? false
2022-08-02 21:05:56,429 [grpc-default-executor-2] DEBUG leader.FollowerInfo (FollowerInfoImpl.java:lambda$new$1(49)) - s0@group-DBBE7E7C6C61->s2: matchIndex: updateToMax old=2, new=-1, updated? false
2022-08-02 21:05:56,430 [grpc-default-executor-3] DEBUG leader.FollowerInfo (FollowerInfoImpl.java:lambda$new$1(49)) - s0@group-DBBE7E7C6C61->s1: commitIndex: updateToMax old=1, new=1, updated? false
2022-08-02 21:05:56,430 [grpc-default-executor-3] DEBUG leader.FollowerInfo (FollowerInfoImpl.java:lambda$new$1(49)) - s0@group-DBBE7E7C6C61->s1: matchIndex: updateToMax old=2, new=-1, updated? false
2022-08-02 21:05:56,430 [grpc-default-executor-2] DEBUG leader.FollowerInfo (FollowerInfoImpl.java:lambda$new$1(49)) - s0@group-DBBE7E7C6C61->s2: commitIndex: updateToMax old=1, new=1, updated? false
2022-08-02 21:05:56,430 [grpc-default-executor-2] DEBUG leader.FollowerInfo (FollowerInfoImpl.java:lambda$new$1(49)) - s0@group-DBBE7E7C6C61->s2: matchIndex: updateToMax old=2, new=-1, updated? false
2022-08-02 21:05:56,431 [grpc-default-executor-3] DEBUG leader.FollowerInfo (FollowerInfoImpl.java:lambda$new$1(49)) - s0@group-DBBE7E7C6C61->s1: commitIndex: updateToMax old=1, new=1, updated? false
2022-08-02 21:05:56,431 [grpc-default-executor-3] DEBUG leader.FollowerInfo (FollowerInfoImpl.java:lambda$new$1(49)) - s0@group-DBBE7E7C6C61->s1: matchIndex: updateToMax old=2, new=-1, updated? false
2022-08-02 21:05:56,432 [grpc-default-executor-2] DEBUG leader.FollowerInfo (FollowerInfoImpl.java:lambda$new$1(49)) - s0@group-DBBE7E7C6C61->s2: commitIndex: updateToMax old=1, new=1, updated? false
2022-08-02 21:05:56,432 [grpc-default-executor-2] DEBUG leader.FollowerInfo (FollowerInfoImpl.java:lambda$new$1(49)) - s0@group-DBBE7E7C6C61->s2: matchIndex: updateToMax old=2, new=-1, updated? false
2022-08-02 21:05:56,432 [grpc-default-executor-3] DEBUG leader.FollowerInfo (FollowerInfoImpl.java:lambda$new$1(49)) - s0@group-DBBE7E7C6C61->s1: commitIndex: updateToMax old=1, new=1, updated? false
2022-08-02 21:05:56,432 [grpc-default-executor-3] DEBUG leader.FollowerInfo (FollowerInfoImpl.java:lambda$new$1(49)) - s0@group-DBBE7E7C6C61->s1: matchIndex: updateToMax old=2, new=-1, updated? false
2022-08-02 21:05:56,433 [grpc-default-executor-2] DEBUG leader.FollowerInfo (FollowerInfoImpl.java:lambda$new$1(49)) - s0@group-DBBE7E7C6C61->s2: commitIndex: updateToMax old=1, new=1, updated? false
2022-08-02 21:05:56,433 [grpc-default-executor-2] DEBUG leader.FollowerInfo (FollowerInfoImpl.java:lambda$new$1(49)) - s0@group-DBBE7E7C6C61->s2: matchIndex: updateToMax old=2, new=-1, updated? false
2022-08-02 21:05:56,434 [grpc-default-executor-3] DEBUG leader.FollowerInfo (FollowerInfoImpl.java:lambda$new$1(49)) - s0@group-DBBE7E7C6C61->s1: commitIndex: updateToMax old=1, new=1, updated? false
2022-08-02 21:05:56,434 [grpc-default-executor-3] DEBUG leader.FollowerInfo (FollowerInfoImpl.java:lambda$new$1(49)) - s0@group-DBBE7E7C6C61->s1: matchIndex: updateToMax old=2, new=-1, updated? false
2022-08-02 21:05:56,434 [grpc-default-executor-2] DEBUG leader.FollowerInfo (FollowerInfoImpl.java:lambda$new$1(49)) - s0@group-DBBE7E7C6C61->s2: commitIndex: updateToMax old=1, new=1, updated? false
2022-08-02 21:05:56,434 [grpc-default-executor-2] DEBUG leader.FollowerInfo (FollowerInfoImpl.java:lambda$new$1(49)) - s0@group-DBBE7E7C6C61->s2: matchIndex: updateToMax old=2, new=-1, updated? false
2022-08-02 21:05:56,435 [grpc-default-executor-3] DEBUG leader.FollowerInfo (FollowerInfoImpl.java:lambda$new$1(49)) - s0@group-DBBE7E7C6C61->s1: commitIndex: updateToMax old=1, new=1, updated? false
2022-08-02 21:05:56,435 [grpc-default-executor-3] DEBUG leader.FollowerInfo (FollowerInfoImpl.java:lambda$new$1(49)) - s0@group-DBBE7E7C6C61->s1: matchIndex: updateToMax old=2, new=-1, updated? false
2022-08-02 21:05:56,436 [grpc-default-executor-2] DEBUG leader.FollowerInfo (FollowerInfoImpl.java:lambda$new$1(49)) - s0@group-DBBE7E7C6C61->s2: commitIndex: updateToMax old=1, new=1, updated? false
2022-08-02 21:05:56,436 [grpc-default-executor-2] DEBUG leader.FollowerInfo (FollowerInfoImpl.java:lambda$new$1(49)) - s0@group-DBBE7E7C6C61->s2: matchIndex: updateToMax old=2, new=-1, updated? false
2022-08-02 21:05:56,436 [grpc-default-executor-3] DEBUG leader.FollowerInfo (FollowerInfoImpl.java:lambda$new$1(49)) - s0@group-DBBE7E7C6C61->s1: commitIndex: updateToMax old=1, new=1, updated? false
2022-08-02 21:05:56,437 [grpc-default-executor-3] DEBUG leader.FollowerInfo (FollowerInfoImpl.java:lambda$new$1(49)) - s0@group-DBBE7E7C6C61->s1: matchIndex: updateToMax old=2, new=-1, updated? false
2022-08-02 21:05:56,437 [grpc-default-executor-2] DEBUG leader.FollowerInfo (FollowerInfoImpl.java:lambda$new$1(49)) - s0@group-DBBE7E7C6C61->s2: commitIndex: updateToMax old=1, new=1, updated? false
2022-08-02 21:05:56,437 [grpc-default-executor-2] DEBUG leader.FollowerInfo (FollowerInfoImpl.java:lambda$new$1(49)) - s0@group-DBBE7E7C6C61->s2: matchIndex: updateToMax old=2, new=-1, updated? false
2022-08-02 21:05:56,438 [grpc-default-executor-3] DEBUG leader.FollowerInfo (FollowerInfoImpl.java:lambda$new$1(49)) - s0@group-DBBE7E7C6C61->s1: commitIndex: updateToMax old=1, new=1, updated? false
2022-08-02 21:05:56,438 [grpc-default-executor-3] DEBUG leader.FollowerInfo (FollowerInfoImpl.java:lambda$new$1(49)) - s0@group-DBBE7E7C6C61->s1: matchIndex: updateToMax old=2, new=-1, updated? false
2022-08-02 21:05:56,438 [grpc-default-executor-2] DEBUG leader.FollowerInfo (FollowerInfoImpl.java:lambda$new$1(49)) - s0@group-DBBE7E7C6C61->s2: commitIndex: updateToMax old=1, new=1, updated? false
2022-08-02 21:05:56,439 [grpc-default-executor-2] DEBUG leader.FollowerInfo (FollowerInfoImpl.java:lambda$new$1(49)) - s0@group-DBBE7E7C6C61->s2: matchIndex: updateToMax old=2, new=-1, updated? false
2022-08-02 21:05:56,439 [grpc-default-executor-3] DEBUG leader.FollowerInfo (FollowerInfoImpl.java:lambda$new$1(49)) - s0@group-DBBE7E7C6C61->s1: commitIndex: updateToMax old=1, new=1, updated? false
2022-08-02 21:05:56,439 [grpc-default-executor-3] DEBUG leader.FollowerInfo (FollowerInfoImpl.java:lambda$new$1(49)) - s0@group-DBBE7E7C6C61->s1: matchIndex: updateToMax old=2, new=-1, updated? false
2022-08-02 21:05:56,440 [grpc-default-executor-2] DEBUG leader.FollowerInfo (FollowerInfoImpl.java:lambda$new$1(49)) - s0@group-DBBE7E7C6C61->s2: commitIndex: updateToMax old=1, new=1, updated? false
2022-08-02 21:05:56,440 [grpc-default-executor-2] DEBUG leader.FollowerInfo (FollowerInfoImpl.java:lambda$new$1(49)) - s0@group-DBBE7E7C6C61->s2: matchIndex: updateToMax old=2, new=-1, updated? false
2022-08-02 21:05:56,441 [grpc-default-executor-3] DEBUG leader.FollowerInfo (FollowerInfoImpl.java:lambda$new$1(49)) - s0@group-DBBE7E7C6C61->s1: commitIndex: updateToMax old=1, new=1, updated? false
2022-08-02 21:05:56,441 [grpc-default-executor-3] DEBUG leader.FollowerInfo (FollowerInfoImpl.java:lambda$new$1(49)) - s0@group-DBBE7E7C6C61->s1: matchIndex: updateToMax old=2, new=-1, updated? false
2022-08-02 21:05:56,441 [grpc-default-executor-2] DEBUG leader.FollowerInfo (FollowerInfoImpl.java:lambda$new$1(49)) - s0@group-DBBE7E7C6C61->s2: commitIndex: updateToMax old=1, new=1, updated? false
2022-08-02 21:05:56,441 [grpc-default-executor-2] DEBUG leader.FollowerInfo (FollowerInfoImpl.java:lambda$new$1(49)) - s0@group-DBBE7E7C6C61->s2: matchIndex: updateToMax old=2, new=-1, updated? false
2022-08-02 21:05:56,442 [grpc-default-executor-3] DEBUG leader.FollowerInfo (FollowerInfoImpl.java:lambda$new$1(49)) - s0@group-DBBE7E7C6C61->s1: commitIndex: updateToMax old=1, new=1, updated? false
2022-08-02 21:05:56,442 [grpc-default-executor-3] DEBUG leader.FollowerInfo (FollowerInfoImpl.java:lambda$new$1(49)) - s0@group-DBBE7E7C6C61->s1: matchIndex: updateToMax old=2, new=-1, updated? false
2022-08-02 21:05:56,443 [grpc-default-executor-2] DEBUG leader.FollowerInfo (FollowerInfoImpl.java:lambda$new$1(49)) - s0@group-DBBE7E7C6C61->s2: commitIndex: updateToMax old=1, new=1, updated? false
2022-08-02 21:05:56,443 [grpc-default-executor-2] DEBUG leader.FollowerInfo (FollowerInfoImpl.java:lambda$new$1(49)) - s0@group-DBBE7E7C6C61->s2: matchIndex: updateToMax old=2, new=-1, updated? false
2022-08-02 21:05:56,443 [grpc-default-executor-3] DEBUG leader.FollowerInfo (FollowerInfoImpl.java:lambda$new$1(49)) - s0@group-DBBE7E7C6C61->s1: commitIndex: updateToMax old=1, new=1, updated? false
2022-08-02 21:05:56,443 [grpc-default-executor-3] DEBUG leader.FollowerInfo (FollowerInfoImpl.java:lambda$new$1(49)) - s0@group-DBBE7E7C6C61->s1: matchIndex: updateToMax old=2, new=-1, updated? false
2022-08-02 21:05:56,444 [grpc-default-executor-2] DEBUG leader.FollowerInfo (FollowerInfoImpl.java:lambda$new$1(49)) - s0@group-DBBE7E7C6C61->s2: commitIndex: updateToMax old=1, new=1, updated? false
2022-08-02 21:05:56,444 [grpc-default-executor-2] DEBUG leader.FollowerInfo (FollowerInfoImpl.java:lambda$new$1(49)) - s0@group-DBBE7E7C6C61->s2: matchIndex: updateToMax old=2, new=-1, updated? false
2022-08-02 21:05:56,444 [grpc-default-executor-3] DEBUG leader.FollowerInfo (FollowerInfoImpl.java:lambda$new$1(49)) - s0@group-DBBE7E7C6C61->s1: commitIndex: updateToMax old=1, new=1, updated? false
2022-08-02 21:05:56,444 [grpc-default-executor-3] DEBUG leader.FollowerInfo (FollowerInfoImpl.java:lambda$new$1(49)) - s0@group-DBBE7E7C6C61->s1: matchIndex: updateToMax old=2, new=-1, updated? false
2022-08-02 21:05:56,445 [grpc-default-executor-2] DEBUG leader.FollowerInfo (FollowerInfoImpl.java:lambda$new$1(49)) - s0@group-DBBE7E7C6C61->s2: commitIndex: updateToMax old=1, new=1, updated? false
2022-08-02 21:05:56,445 [grpc-default-executor-2] DEBUG leader.FollowerInfo (FollowerInfoImpl.java:lambda$new$1(49)) - s0@group-DBBE7E7C6C61->s2: matchIndex: updateToMax old=2, new=-1, updated? false
2022-08-02 21:05:56,446 [grpc-default-executor-3] DEBUG leader.FollowerInfo (FollowerInfoImpl.java:lambda$new$1(49)) - s0@group-DBBE7E7C6C61->s1: commitIndex: updateToMax old=1, new=1, updated? false
2022-08-02 21:05:56,446 [grpc-default-executor-3] DEBUG leader.FollowerInfo (FollowerInfoImpl.java:lambda$new$1(49)) - s0@group-DBBE7E7C6C61->s1: matchIndex: updateToMax old=2, new=-1, updated? false
2022-08-02 21:05:56,446 [grpc-default-executor-2] DEBUG leader.FollowerInfo (FollowerInfoImpl.java:lambda$new$1(49)) - s0@group-DBBE7E7C6C61->s2: commitIndex: updateToMax old=1, new=1, updated? false
2022-08-02 21:05:56,446 [grpc-default-executor-2] DEBUG leader.FollowerInfo (FollowerInfoImpl.java:lambda$new$1(49)) - s0@group-DBBE7E7C6C61->s2: matchIndex: updateToMax old=2, new=-1, updated? false
2022-08-02 21:05:56,447 [grpc-default-executor-3] DEBUG leader.FollowerInfo (FollowerInfoImpl.java:lambda$new$1(49)) - s0@group-DBBE7E7C6C61->s1: commitIndex: updateToMax old=1, new=1, updated? false
2022-08-02 21:05:56,447 [grpc-default-executor-3] DEBUG leader.FollowerInfo (FollowerInfoImpl.java:lambda$new$1(49)) - s0@group-DBBE7E7C6C61->s1: matchIndex: updateToMax old=2, new=-1, updated? false
2022-08-02 21:05:56,447 [grpc-default-executor-2] DEBUG leader.FollowerInfo (FollowerInfoImpl.java:lambda$new$1(49)) - s0@group-DBBE7E7C6C61->s2: commitIndex: updateToMax old=1, new=1, updated? false
2022-08-02 21:05:56,447 [grpc-default-executor-2] DEBUG leader.FollowerInfo (FollowerInfoImpl.java:lambda$new$1(49)) - s0@group-DBBE7E7C6C61->s2: matchIndex: updateToMax old=2, new=-1, updated? false
2022-08-02 21:05:56,448 [grpc-default-executor-3] DEBUG leader.FollowerInfo (FollowerInfoImpl.java:lambda$new$1(49)) - s0@group-DBBE7E7C6C61->s1: commitIndex: updateToMax old=1, new=1, updated? false
2022-08-02 21:05:56,448 [grpc-default-executor-3] DEBUG leader.FollowerInfo (FollowerInfoImpl.java:lambda$new$1(49)) - s0@group-DBBE7E7C6C61->s1: matchIndex: updateToMax old=2, new=-1, updated? false
2022-08-02 21:05:56,449 [grpc-default-executor-2] DEBUG leader.FollowerInfo (FollowerInfoImpl.java:lambda$new$1(49)) - s0@group-DBBE7E7C6C61->s2: commitIndex: updateToMax old=1, new=1, updated? false
2022-08-02 21:05:56,449 [grpc-default-executor-2] DEBUG leader.FollowerInfo (FollowerInfoImpl.java:lambda$new$1(49)) - s0@group-DBBE7E7C6C61->s2: matchIndex: updateToMax old=2, new=-1, updated? false
2022-08-02 21:05:56,449 [grpc-default-executor-3] DEBUG leader.FollowerInfo (FollowerInfoImpl.java:lambda$new$1(49)) - s0@group-DBBE7E7C6C61->s1: commitIndex: updateToMax old=1, new=1, updated? false
2022-08-02 21:05:56,449 [grpc-default-executor-3] DEBUG leader.FollowerInfo (FollowerInfoImpl.java:lambda$new$1(49)) - s0@group-DBBE7E7C6C61->s1: matchIndex: updateToMax old=2, new=-1, updated? false
2022-08-02 21:05:56,450 [grpc-default-executor-2] DEBUG leader.FollowerInfo (FollowerInfoImpl.java:lambda$new$1(49)) - s0@group-DBBE7E7C6C61->s2: commitIndex: updateToMax old=1, new=1, updated? false
2022-08-02 21:05:56,450 [grpc-default-executor-2] DEBUG leader.FollowerInfo (FollowerInfoImpl.java:lambda$new$1(49)) - s0@group-DBBE7E7C6C61->s2: matchIndex: updateToMax old=2, new=-1, updated? false
2022-08-02 21:05:56,450 [grpc-default-executor-3] DEBUG leader.FollowerInfo (FollowerInfoImpl.java:lambda$new$1(49)) - s0@group-DBBE7E7C6C61->s1: commitIndex: updateToMax old=1, new=1, updated? false
2022-08-02 21:05:56,450 [grpc-default-executor-3] DEBUG leader.FollowerInfo (FollowerInfoImpl.java:lambda$new$1(49)) - s0@group-DBBE7E7C6C61->s1: matchIndex: updateToMax old=2, new=-1, updated? false
2022-08-02 21:05:56,451 [grpc-default-executor-2] DEBUG leader.FollowerInfo (FollowerInfoImpl.java:lambda$new$1(49)) - s0@group-DBBE7E7C6C61->s2: commitIndex: updateToMax old=1, new=1, updated? false
2022-08-02 21:05:56,451 [grpc-default-executor-2] DEBUG leader.FollowerInfo (FollowerInfoImpl.java:lambda$new$1(49)) - s0@group-DBBE7E7C6C61->s2: matchIndex: updateToMax old=2, new=-1, updated? false
2022-08-02 21:05:56,452 [grpc-default-executor-3] DEBUG leader.FollowerInfo (FollowerInfoImpl.java:lambda$new$1(49)) - s0@group-DBBE7E7C6C61->s1: commitIndex: updateToMax old=1, new=1, updated? false
2022-08-02 21:05:56,452 [grpc-default-executor-3] DEBUG leader.FollowerInfo (FollowerInfoImpl.java:lambda$new$1(49)) - s0@group-DBBE7E7C6C61->s1: matchIndex: updateToMax old=2, new=-1, updated? false
2022-08-02 21:05:56,453 [grpc-default-executor-2] DEBUG leader.FollowerInfo (FollowerInfoImpl.java:lambda$new$1(49)) - s0@group-DBBE7E7C6C61->s2: commitIndex: updateToMax old=1, new=1, updated? false
2022-08-02 21:05:56,453 [grpc-default-executor-2] DEBUG leader.FollowerInfo (FollowerInfoImpl.java:lambda$new$1(49)) - s0@group-DBBE7E7C6C61->s2: matchIndex: updateToMax old=2, new=-1, updated? false
2022-08-02 21:05:56,454 [grpc-default-executor-3] DEBUG leader.FollowerInfo (FollowerInfoImpl.java:lambda$new$1(49)) - s0@group-DBBE7E7C6C61->s1: commitIndex: updateToMax old=1, new=1, updated? false
2022-08-02 21:05:56,454 [grpc-default-executor-3] DEBUG leader.FollowerInfo (FollowerInfoImpl.java:lambda$new$1(49)) - s0@group-DBBE7E7C6C61->s1: matchIndex: updateToMax old=2, new=-1, updated? false
2022-08-02 21:05:56,454 [grpc-default-executor-2] DEBUG leader.FollowerInfo (FollowerInfoImpl.java:lambda$new$1(49)) - s0@group-DBBE7E7C6C61->s2: commitIndex: updateToMax old=1, new=1, updated? false
2022-08-02 21:05:56,454 [grpc-default-executor-2] DEBUG leader.FollowerInfo (FollowerInfoImpl.java:lambda$new$1(49)) - s0@group-DBBE7E7C6C61->s2: matchIndex: updateToMax old=2, new=-1, updated? false
2022-08-02 21:05:56,455 [grpc-default-executor-3] DEBUG leader.FollowerInfo (FollowerInfoImpl.java:lambda$new$1(49)) - s0@group-DBBE7E7C6C61->s1: commitIndex: updateToMax old=1, new=1, updated? false
2022-08-02 21:05:56,455 [grpc-default-executor-3] DEBUG leader.FollowerInfo (FollowerInfoImpl.java:lambda$new$1(49)) - s0@group-DBBE7E7C6C61->s1: matchIndex: updateToMax old=2, new=-1, updated? false
2022-08-02 21:05:56,456 [grpc-default-executor-2] DEBUG leader.FollowerInfo (FollowerInfoImpl.java:lambda$new$1(49)) - s0@group-DBBE7E7C6C61->s2: commitIndex: updateToMax old=1, new=1, updated? false
2022-08-02 21:05:56,456 [grpc-default-executor-2] DEBUG leader.FollowerInfo (FollowerInfoImpl.java:lambda$new$1(49)) - s0@group-DBBE7E7C6C61->s2: matchIndex: updateToMax old=2, new=-1, updated? false
2022-08-02 21:05:56,456 [grpc-default-executor-3] DEBUG leader.FollowerInfo (FollowerInfoImpl.java:lambda$new$1(49)) - s0@group-DBBE7E7C6C61->s1: commitIndex: updateToMax old=1, new=1, updated? false
2022-08-02 21:05:56,457 [grpc-default-executor-3] DEBUG leader.FollowerInfo (FollowerInfoImpl.java:lambda$new$1(49)) - s0@group-DBBE7E7C6C61->s1: matchIndex: updateToMax old=2, new=-1, updated? false
2022-08-02 21:05:56,457 [grpc-default-executor-2] DEBUG leader.FollowerInfo (FollowerInfoImpl.java:lambda$new$1(49)) - s0@group-DBBE7E7C6C61->s2: commitIndex: updateToMax old=1, new=1, updated? false
2022-08-02 21:05:56,457 [grpc-default-executor-2] DEBUG leader.FollowerInfo (FollowerInfoImpl.java:lambda$new$1(49)) - s0@group-DBBE7E7C6C61->s2: matchIndex: updateToMax old=2, new=-1, updated? false
2022-08-02 21:05:56,458 [grpc-default-executor-3] DEBUG leader.FollowerInfo (FollowerInfoImpl.java:lambda$new$1(49)) - s0@group-DBBE7E7C6C61->s1: commitIndex: updateToMax old=1, new=1, updated? false
2022-08-02 21:05:56,458 [grpc-default-executor-3] DEBUG leader.FollowerInfo (FollowerInfoImpl.java:lambda$new$1(49)) - s0@group-DBBE7E7C6C61->s1: matchIndex: updateToMax old=2, new=-1, updated? false
2022-08-02 21:05:56,459 [grpc-default-executor-2] DEBUG leader.FollowerInfo (FollowerInfoImpl.java:lambda$new$1(49)) - s0@group-DBBE7E7C6C61->s2: commitIndex: updateToMax old=1, new=1, updated? false
2022-08-02 21:05:56,459 [grpc-default-executor-2] DEBUG leader.FollowerInfo (FollowerInfoImpl.java:lambda$new$1(49)) - s0@group-DBBE7E7C6C61->s2: matchIndex: updateToMax old=2, new=-1, updated? false
2022-08-02 21:05:56,459 [grpc-default-executor-3] DEBUG leader.FollowerInfo (FollowerInfoImpl.java:lambda$new$1(49)) - s0@group-DBBE7E7C6C61->s1: commitIndex: updateToMax old=1, new=1, updated? false
2022-08-02 21:05:56,459 [grpc-default-executor-3] DEBUG leader.FollowerInfo (FollowerInfoImpl.java:lambda$new$1(49)) - s0@group-DBBE7E7C6C61->s1: matchIndex: updateToMax old=2, new=-1, updated? false
2022-08-02 21:05:56,460 [grpc-default-executor-2] DEBUG leader.FollowerInfo (FollowerInfoImpl.java:lambda$new$1(49)) - s0@group-DBBE7E7C6C61->s2: commitIndex: updateToMax old=1, new=1, updated? false
2022-08-02 21:05:56,460 [grpc-default-executor-2] DEBUG leader.FollowerInfo (FollowerInfoImpl.java:lambda$new$1(49)) - s0@group-DBBE7E7C6C61->s2: matchIndex: updateToMax old=2, new=-1, updated? false
2022-08-02 21:05:56,461 [grpc-default-executor-3] DEBUG leader.FollowerInfo (FollowerInfoImpl.java:lambda$new$1(49)) - s0@group-DBBE7E7C6C61->s1: commitIndex: updateToMax old=1, new=1, updated? false
2022-08-02 21:05:56,461 [grpc-default-executor-3] DEBUG leader.FollowerInfo (FollowerInfoImpl.java:lambda$new$1(49)) - s0@group-DBBE7E7C6C61->s1: matchIndex: updateToMax old=2, new=-1, updated? false
2022-08-02 21:05:56,461 [grpc-default-executor-2] DEBUG leader.FollowerInfo (FollowerInfoImpl.java:lambda$new$1(49)) - s0@group-DBBE7E7C6C61->s2: commitIndex: updateToMax old=1, new=1, updated? false
2022-08-02 21:05:56,462 [grpc-default-executor-2] DEBUG leader.FollowerInfo (FollowerInfoImpl.java:lambda$new$1(49)) - s0@group-DBBE7E7C6C61->s2: matchIndex: updateToMax old=2, new=-1, updated? false
2022-08-02 21:05:56,462 [grpc-default-executor-3] DEBUG leader.FollowerInfo (FollowerInfoImpl.java:lambda$new$1(49)) - s0@group-DBBE7E7C6C61->s1: commitIndex: updateToMax old=1, new=1, updated? false
2022-08-02 21:05:56,462 [grpc-default-executor-3] DEBUG leader.FollowerInfo (FollowerInfoImpl.java:lambda$new$1(49)) - s0@group-DBBE7E7C6C61->s1: matchIndex: updateToMax old=2, new=-1, updated? false
2022-08-02 21:05:56,463 [grpc-default-executor-2] DEBUG leader.FollowerInfo (FollowerInfoImpl.java:lambda$new$1(49)) - s0@group-DBBE7E7C6C61->s2: commitIndex: updateToMax old=1, new=1, updated? false
2022-08-02 21:05:56,463 [grpc-default-executor-2] DEBUG leader.FollowerInfo (FollowerInfoImpl.java:lambda$new$1(49)) - s0@group-DBBE7E7C6C61->s2: matchIndex: updateToMax old=2, new=-1, updated? false
2022-08-02 21:05:56,464 [grpc-default-executor-3] DEBUG leader.FollowerInfo (FollowerInfoImpl.java:lambda$new$1(49)) - s0@group-DBBE7E7C6C61->s1: commitIndex: updateToMax old=1, new=1, updated? false
2022-08-02 21:05:56,464 [grpc-default-executor-3] DEBUG leader.FollowerInfo (FollowerInfoImpl.java:lambda$new$1(49)) - s0@group-DBBE7E7C6C61->s1: matchIndex: updateToMax old=2, new=-1, updated? false
2022-08-02 21:05:56,465 [grpc-default-executor-2] DEBUG leader.FollowerInfo (FollowerInfoImpl.java:lambda$new$1(49)) - s0@group-DBBE7E7C6C61->s2: commitIndex: updateToMax old=1, new=1, updated? false
2022-08-02 21:05:56,465 [grpc-default-executor-2] DEBUG leader.FollowerInfo (FollowerInfoImpl.java:lambda$new$1(49)) - s0@group-DBBE7E7C6C61->s2: matchIndex: updateToMax old=2, new=-1, updated? false
2022-08-02 21:05:56,465 [grpc-default-executor-3] DEBUG leader.FollowerInfo (FollowerInfoImpl.java:lambda$new$1(49)) - s0@group-DBBE7E7C6C61->s1: commitIndex: updateToMax old=1, new=1, updated? false
2022-08-02 21:05:56,465 [grpc-default-executor-3] DEBUG leader.FollowerInfo (FollowerInfoImpl.java:lambda$new$1(49)) - s0@group-DBBE7E7C6C61->s1: matchIndex: updateToMax old=2, new=-1, updated? false
2022-08-02 21:05:56,466 [grpc-default-executor-2] DEBUG leader.FollowerInfo (FollowerInfoImpl.java:lambda$new$1(49)) - s0@group-DBBE7E7C6C61->s2: commitIndex: updateToMax old=1, new=1, updated? false
2022-08-02 21:05:56,466 [grpc-default-executor-2] DEBUG leader.FollowerInfo (FollowerInfoImpl.java:lambda$new$1(49)) - s0@group-DBBE7E7C6C61->s2: matchIndex: updateToMax old=2, new=-1, updated? false
2022-08-02 21:05:56,466 [grpc-default-executor-3] DEBUG leader.FollowerInfo (FollowerInfoImpl.java:lambda$new$1(49)) - s0@group-DBBE7E7C6C61->s1: commitIndex: updateToMax old=1, new=1, updated? false
2022-08-02 21:05:56,466 [grpc-default-executor-3] DEBUG leader.FollowerInfo (FollowerInfoImpl.java:lambda$new$1(49)) - s0@group-DBBE7E7C6C61->s1: matchIndex: updateToMax old=2, new=-1, updated? false
2022-08-02 21:05:56,467 [grpc-default-executor-2] DEBUG leader.FollowerInfo (FollowerInfoImpl.java:lambda$new$1(49)) - s0@group-DBBE7E7C6C61->s2: commitIndex: updateToMax old=1, new=1, updated? false
2022-08-02 21:05:56,467 [grpc-default-executor-2] DEBUG leader.FollowerInfo (FollowerInfoImpl.java:lambda$new$1(49)) - s0@group-DBBE7E7C6C61->s2: matchIndex: updateToMax old=2, new=-1, updated? false
2022-08-02 21:05:56,468 [grpc-default-executor-3] DEBUG leader.FollowerInfo (FollowerInfoImpl.java:lambda$new$1(49)) - s0@group-DBBE7E7C6C61->s1: commitIndex: updateToMax old=1, new=1, updated? false
2022-08-02 21:05:56,468 [grpc-default-executor-3] DEBUG leader.FollowerInfo (FollowerInfoImpl.java:lambda$new$1(49)) - s0@group-DBBE7E7C6C61->s1: matchIndex: updateToMax old=2, new=-1, updated? false
2022-08-02 21:05:56,468 [grpc-default-executor-2] DEBUG leader.FollowerInfo (FollowerInfoImpl.java:lambda$new$1(49)) - s0@group-DBBE7E7C6C61->s2: commitIndex: updateToMax old=1, new=1, updated? false
2022-08-02 21:05:56,468 [grpc-default-executor-2] DEBUG leader.FollowerInfo (FollowerInfoImpl.java:lambda$new$1(49)) - s0@group-DBBE7E7C6C61->s2: matchIndex: updateToMax old=2, new=-1, updated? false
2022-08-02 21:05:56,469 [grpc-default-executor-3] DEBUG leader.FollowerInfo (FollowerInfoImpl.java:lambda$new$1(49)) - s0@group-DBBE7E7C6C61->s1: commitIndex: updateToMax old=1, new=1, updated? false
2022-08-02 21:05:56,469 [grpc-default-executor-3] DEBUG leader.FollowerInfo (FollowerInfoImpl.java:lambda$new$1(49)) - s0@group-DBBE7E7C6C61->s1: matchIndex: updateToMax old=2, new=-1, updated? false
2022-08-02 21:05:56,470 [grpc-default-executor-2] DEBUG leader.FollowerInfo (FollowerInfoImpl.java:lambda$new$1(49)) - s0@group-DBBE7E7C6C61->s2: commitIndex: updateToMax old=1, new=1, updated? false
2022-08-02 21:05:56,470 [grpc-default-executor-2] DEBUG leader.FollowerInfo (FollowerInfoImpl.java:lambda$new$1(49)) - s0@group-DBBE7E7C6C61->s2: matchIndex: updateToMax old=2, new=-1, updated? false
2022-08-02 21:05:56,470 [grpc-default-executor-3] DEBUG leader.FollowerInfo (FollowerInfoImpl.java:lambda$new$1(49)) - s0@group-DBBE7E7C6C61->s1: commitIndex: updateToMax old=1, new=1, updated? false
2022-08-02 21:05:56,470 [grpc-default-executor-3] DEBUG leader.FollowerInfo (FollowerInfoImpl.java:lambda$new$1(49)) - s0@group-DBBE7E7C6C61->s1: matchIndex: updateToMax old=2, new=-1, updated? false
2022-08-02 21:05:56,471 [grpc-default-executor-2] DEBUG leader.FollowerInfo (FollowerInfoImpl.java:lambda$new$1(49)) - s0@group-DBBE7E7C6C61->s2: commitIndex: updateToMax old=1, new=1, updated? false
2022-08-02 21:05:56,471 [grpc-default-executor-2] DEBUG leader.FollowerInfo (FollowerInfoImpl.java:lambda$new$1(49)) - s0@group-DBBE7E7C6C61->s2: matchIndex: updateToMax old=2, new=-1, updated? false
2022-08-02 21:05:56,472 [grpc-default-executor-3] DEBUG leader.FollowerInfo (FollowerInfoImpl.java:lambda$new$1(49)) - s0@group-DBBE7E7C6C61->s1: commitIndex: updateToMax old=1, new=1, updated? false
2022-08-02 21:05:56,472 [grpc-default-executor-3] DEBUG leader.FollowerInfo (FollowerInfoImpl.java:lambda$new$1(49)) - s0@group-DBBE7E7C6C61->s1: matchIndex: updateToMax old=2, new=-1, updated? false
2022-08-02 21:05:56,472 [grpc-default-executor-2] DEBUG leader.FollowerInfo (FollowerInfoImpl.java:lambda$new$1(49)) - s0@group-DBBE7E7C6C61->s2: commitIndex: updateToMax old=1, new=1, updated? false
2022-08-02 21:05:56,473 [grpc-default-executor-2] DEBUG leader.FollowerInfo (FollowerInfoImpl.java:lambda$new$1(49)) - s0@group-DBBE7E7C6C61->s2: matchIndex: updateToMax old=2, new=-1, updated? false
2022-08-02 21:05:56,473 [grpc-default-executor-3] DEBUG leader.FollowerInfo (FollowerInfoImpl.java:lambda$new$1(49)) - s0@group-DBBE7E7C6C61->s1: commitIndex: updateToMax old=1, new=1, updated? false
2022-08-02 21:05:56,474 [grpc-default-executor-3] DEBUG leader.FollowerInfo (FollowerInfoImpl.java:lambda$new$1(49)) - s0@group-DBBE7E7C6C61->s1: matchIndex: updateToMax old=2, new=-1, updated? false
2022-08-02 21:05:56,474 [grpc-default-executor-2] DEBUG leader.FollowerInfo (FollowerInfoImpl.java:lambda$new$1(49)) - s0@group-DBBE7E7C6C61->s2: commitIndex: updateToMax old=1, new=1, updated? false
2022-08-02 21:05:56,474 [grpc-default-executor-2] DEBUG leader.FollowerInfo (FollowerInfoImpl.java:lambda$new$1(49)) - s0@group-DBBE7E7C6C61->s2: matchIndex: updateToMax old=2, new=-1, updated? false
2022-08-02 21:05:56,475 [grpc-default-executor-3] DEBUG leader.FollowerInfo (FollowerInfoImpl.java:lambda$new$1(49)) - s0@group-DBBE7E7C6C61->s1: commitIndex: updateToMax old=1, new=1, updated? false
2022-08-02 21:05:56,475 [grpc-default-executor-3] DEBUG leader.FollowerInfo (FollowerInfoImpl.java:lambda$new$1(49)) - s0@group-DBBE7E7C6C61->s1: matchIndex: updateToMax old=2, new=-1, updated? false
2022-08-02 21:05:56,475 [grpc-default-executor-2] DEBUG leader.FollowerInfo (FollowerInfoImpl.java:lambda$new$1(49)) - s0@group-DBBE7E7C6C61->s2: commitIndex: updateToMax old=1, new=1, updated? false
2022-08-02 21:05:56,475 [grpc-default-executor-2] DEBUG leader.FollowerInfo (FollowerInfoImpl.java:lambda$new$1(49)) - s0@group-DBBE7E7C6C61->s2: matchIndex: updateToMax old=2, new=-1, updated? false
2022-08-02 21:05:56,476 [grpc-default-executor-3] DEBUG leader.FollowerInfo (FollowerInfoImpl.java:lambda$new$1(49)) - s0@group-DBBE7E7C6C61->s1: commitIndex: updateToMax old=1, new=1, updated? false
2022-08-02 21:05:56,476 [grpc-default-executor-3] DEBUG leader.FollowerInfo (FollowerInfoImpl.java:lambda$new$1(49)) - s0@group-DBBE7E7C6C61->s1: matchIndex: updateToMax old=2, new=-1, updated? false
2022-08-02 21:05:56,477 [grpc-default-executor-2] DEBUG leader.FollowerInfo (FollowerInfoImpl.java:lambda$new$1(49)) - s0@group-DBBE7E7C6C61->s2: commitIndex: updateToMax old=1, new=1, updated? false
2022-08-02 21:05:56,477 [grpc-default-executor-2] DEBUG leader.FollowerInfo (FollowerInfoImpl.java:lambda$new$1(49)) - s0@group-DBBE7E7C6C61->s2: matchIndex: updateToMax old=2, new=-1, updated? false
2022-08-02 21:05:56,477 [grpc-default-executor-3] DEBUG leader.FollowerInfo (FollowerInfoImpl.java:lambda$new$1(49)) - s0@group-DBBE7E7C6C61->s1: commitIndex: updateToMax old=1, new=1, updated? false
2022-08-02 21:05:56,477 [grpc-default-executor-3] DEBUG leader.FollowerInfo (FollowerInfoImpl.java:lambda$new$1(49)) - s0@group-DBBE7E7C6C61->s1: matchIndex: updateToMax old=2, new=-1, updated? false
2022-08-02 21:05:56,478 [grpc-default-executor-2] DEBUG leader.FollowerInfo (FollowerInfoImpl.java:lambda$new$1(49)) - s0@group-DBBE7E7C6C61->s2: commitIndex: updateToMax old=1, new=1, updated? false
2022-08-02 21:05:56,478 [grpc-default-executor-2] DEBUG leader.FollowerInfo (FollowerInfoImpl.java:lambda$new$1(49)) - s0@group-DBBE7E7C6C61->s2: matchIndex: updateToMax old=2, new=-1, updated? false
2022-08-02 21:05:56,478 [grpc-default-executor-3] DEBUG leader.FollowerInfo (FollowerInfoImpl.java:lambda$new$1(49)) - s0@group-DBBE7E7C6C61->s1: commitIndex: updateToMax old=1, new=1, updated? false
2022-08-02 21:05:56,478 [grpc-default-executor-3] DEBUG leader.FollowerInfo (FollowerInfoImpl.java:lambda$new$1(49)) - s0@group-DBBE7E7C6C61->s1: matchIndex: updateToMax old=2, new=-1, updated? false
2022-08-02 21:05:56,479 [grpc-default-executor-2] DEBUG leader.FollowerInfo (FollowerInfoImpl.java:lambda$new$1(49)) - s0@group-DBBE7E7C6C61->s2: commitIndex: updateToMax old=1, new=1, updated? false
2022-08-02 21:05:56,479 [grpc-default-executor-2] DEBUG leader.FollowerInfo (FollowerInfoImpl.java:lambda$new$1(49)) - s0@group-DBBE7E7C6C61->s2: matchIndex: updateToMax old=2, new=-1, updated? false
2022-08-02 21:05:56,479 [grpc-default-executor-3] DEBUG leader.FollowerInfo (FollowerInfoImpl.java:lambda$new$1(49)) - s0@group-DBBE7E7C6C61->s1: commitIndex: updateToMax old=1, new=1, updated? false
2022-08-02 21:05:56,480 [grpc-default-executor-3] DEBUG leader.FollowerInfo (FollowerInfoImpl.java:lambda$new$1(49)) - s0@group-DBBE7E7C6C61->s1: matchIndex: updateToMax old=2, new=-1, updated? false
2022-08-02 21:05:56,480 [grpc-default-executor-2] DEBUG leader.FollowerInfo (FollowerInfoImpl.java:lambda$new$1(49)) - s0@group-DBBE7E7C6C61->s2: commitIndex: updateToMax old=1, new=1, updated? false
2022-08-02 21:05:56,480 [grpc-default-executor-2] DEBUG leader.FollowerInfo (FollowerInfoImpl.java:lambda$new$1(49)) - s0@group-DBBE7E7C6C61->s2: matchIndex: updateToMax old=2, new=-1, updated? false
2022-08-02 21:05:56,481 [grpc-default-executor-3] DEBUG leader.FollowerInfo (FollowerInfoImpl.java:lambda$new$1(49)) - s0@group-DBBE7E7C6C61->s1: commitIndex: updateToMax old=1, new=1, updated? false
2022-08-02 21:05:56,481 [grpc-default-executor-3] DEBUG leader.FollowerInfo (FollowerInfoImpl.java:lambda$new$1(49)) - s0@group-DBBE7E7C6C61->s1: matchIndex: updateToMax old=2, new=-1, updated? false
2022-08-02 21:05:56,482 [grpc-default-executor-2] DEBUG leader.FollowerInfo (FollowerInfoImpl.java:lambda$new$1(49)) - s0@group-DBBE7E7C6C61->s2: commitIndex: updateToMax old=1, new=1, updated? false
2022-08-02 21:05:56,482 [grpc-default-executor-2] DEBUG leader.FollowerInfo (FollowerInfoImpl.java:lambda$new$1(49)) - s0@group-DBBE7E7C6C61->s2: matchIndex: updateToMax old=2, new=-1, updated? false
2022-08-02 21:05:56,483 [grpc-default-executor-3] DEBUG leader.FollowerInfo (FollowerInfoImpl.java:lambda$new$1(49)) - s0@group-DBBE7E7C6C61->s1: commitIndex: updateToMax old=1, new=1, updated? false
2022-08-02 21:05:56,483 [grpc-default-executor-3] DEBUG leader.FollowerInfo (FollowerInfoImpl.java:lambda$new$1(49)) - s0@group-DBBE7E7C6C61->s1: matchIndex: updateToMax old=2, new=-1, updated? false
2022-08-02 21:05:56,483 [grpc-default-executor-2] DEBUG leader.FollowerInfo (FollowerInfoImpl.java:lambda$new$1(49)) - s0@group-DBBE7E7C6C61->s2: commitIndex: updateToMax old=1, new=1, updated? false
2022-08-02 21:05:56,483 [grpc-default-executor-2] DEBUG leader.FollowerInfo (FollowerInfoImpl.java:lambda$new$1(49)) - s0@group-DBBE7E7C6C61->s2: matchIndex: updateToMax old=2, new=-1, updated? false
2022-08-02 21:05:56,484 [grpc-default-executor-3] DEBUG leader.FollowerInfo (FollowerInfoImpl.java:lambda$new$1(49)) - s0@group-DBBE7E7C6C61->s1: commitIndex: updateToMax old=1, new=1, updated? false
2022-08-02 21:05:56,484 [grpc-default-executor-3] DEBUG leader.FollowerInfo (FollowerInfoImpl.java:lambda$new$1(49)) - s0@group-DBBE7E7C6C61->s1: matchIndex: updateToMax old=2, new=-1, updated? false
2022-08-02 21:05:56,484 [grpc-default-executor-2] DEBUG leader.FollowerInfo (FollowerInfoImpl.java:lambda$new$1(49)) - s0@group-DBBE7E7C6C61->s2: commitIndex: updateToMax old=1, new=1, updated? false
2022-08-02 21:05:56,485 [grpc-default-executor-2] DEBUG leader.FollowerInfo (FollowerInfoImpl.java:lambda$new$1(49)) - s0@group-DBBE7E7C6C61->s2: matchIndex: updateToMax old=2, new=-1, updated? false
2022-08-02 21:05:56,485 [grpc-default-executor-3] DEBUG leader.FollowerInfo (FollowerInfoImpl.java:lambda$new$1(49)) - s0@group-DBBE7E7C6C61->s1: commitIndex: updateToMax old=1, new=1, updated? false
2022-08-02 21:05:56,485 [grpc-default-executor-3] DEBUG leader.FollowerInfo (FollowerInfoImpl.java:lambda$new$1(49)) - s0@group-DBBE7E7C6C61->s1: matchIndex: updateToMax old=2, new=-1, updated? false
2022-08-02 21:05:56,486 [grpc-default-executor-2] DEBUG leader.FollowerInfo (FollowerInfoImpl.java:lambda$new$1(49)) - s0@group-DBBE7E7C6C61->s2: commitIndex: updateToMax old=1, new=1, updated? false
2022-08-02 21:05:56,486 [grpc-default-executor-2] DEBUG leader.FollowerInfo (FollowerInfoImpl.java:lambda$new$1(49)) - s0@group-DBBE7E7C6C61->s2: matchIndex: updateToMax old=2, new=-1, updated? false
2022-08-02 21:05:56,486 [grpc-default-executor-3] DEBUG leader.FollowerInfo (FollowerInfoImpl.java:lambda$new$1(49)) - s0@group-DBBE7E7C6C61->s1: commitIndex: updateToMax old=1, new=1, updated? false
2022-08-02 21:05:56,486 [grpc-default-executor-3] DEBUG leader.FollowerInfo (FollowerInfoImpl.java:lambda$new$1(49)) - s0@group-DBBE7E7C6C61->s1: matchIndex: updateToMax old=2, new=-1, updated? false
2022-08-02 21:05:56,487 [grpc-default-executor-2] DEBUG leader.FollowerInfo (FollowerInfoImpl.java:lambda$new$1(49)) - s0@group-DBBE7E7C6C61->s2: commitIndex: updateToMax old=1, new=1, updated? false
2022-08-02 21:05:56,487 [grpc-default-executor-2] DEBUG leader.FollowerInfo (FollowerInfoImpl.java:lambda$new$1(49)) - s0@group-DBBE7E7C6C61->s2: matchIndex: updateToMax old=2, new=-1, updated? false
2022-08-02 21:05:56,488 [grpc-default-executor-3] DEBUG leader.FollowerInfo (FollowerInfoImpl.java:lambda$new$1(49)) - s0@group-DBBE7E7C6C61->s1: commitIndex: updateToMax old=1, new=1, updated? false
2022-08-02 21:05:56,488 [grpc-default-executor-3] DEBUG leader.FollowerInfo (FollowerInfoImpl.java:lambda$new$1(49)) - s0@group-DBBE7E7C6C61->s1: matchIndex: updateToMax old=2, new=-1, updated? false
2022-08-02 21:05:56,488 [grpc-default-executor-2] DEBUG leader.FollowerInfo (FollowerInfoImpl.java:lambda$new$1(49)) - s0@group-DBBE7E7C6C61->s2: commitIndex: updateToMax old=1, new=1, updated? false
2022-08-02 21:05:56,488 [grpc-default-executor-2] DEBUG leader.FollowerInfo (FollowerInfoImpl.java:lambda$new$1(49)) - s0@group-DBBE7E7C6C61->s2: matchIndex: updateToMax old=2, new=-1, updated? false
2022-08-02 21:05:56,489 [grpc-default-executor-3] DEBUG leader.FollowerInfo (FollowerInfoImpl.java:lambda$new$1(49)) - s0@group-DBBE7E7C6C61->s1: commitIndex: updateToMax old=1, new=1, updated? false
2022-08-02 21:05:56,489 [grpc-default-executor-3] DEBUG leader.FollowerInfo (FollowerInfoImpl.java:lambda$new$1(49)) - s0@group-DBBE7E7C6C61->s1: matchIndex: updateToMax old=2, new=-1, updated? false
2022-08-02 21:05:56,489 [grpc-default-executor-2] DEBUG leader.FollowerInfo (FollowerInfoImpl.java:lambda$new$1(49)) - s0@group-DBBE7E7C6C61->s2: commitIndex: updateToMax old=1, new=1, updated? false
2022-08-02 21:05:56,490 [grpc-default-executor-2] DEBUG leader.FollowerInfo (FollowerInfoImpl.java:lambda$new$1(49)) - s0@group-DBBE7E7C6C61->s2: matchIndex: updateToMax old=2, new=-1, updated? false
2022-08-02 21:05:56,490 [grpc-default-executor-3] DEBUG leader.FollowerInfo (FollowerInfoImpl.java:lambda$new$1(49)) - s0@group-DBBE7E7C6C61->s1: commitIndex: updateToMax old=1, new=1, updated? false
2022-08-02 21:05:56,490 [grpc-default-executor-3] DEBUG leader.FollowerInfo (FollowerInfoImpl.java:lambda$new$1(49)) - s0@group-DBBE7E7C6C61->s1: matchIndex: updateToMax old=2, new=-1, updated? false
2022-08-02 21:05:56,491 [grpc-default-executor-2] DEBUG leader.FollowerInfo (FollowerInfoImpl.java:lambda$new$1(49)) - s0@group-DBBE7E7C6C61->s2: commitIndex: updateToMax old=1, new=1, updated? false
2022-08-02 21:05:56,491 [grpc-default-executor-2] DEBUG leader.FollowerInfo (FollowerInfoImpl.java:lambda$new$1(49)) - s0@group-DBBE7E7C6C61->s2: matchIndex: updateToMax old=2, new=-1, updated? false
2022-08-02 21:05:56,492 [grpc-default-executor-3] DEBUG leader.FollowerInfo (FollowerInfoImpl.java:lambda$new$1(49)) - s0@group-DBBE7E7C6C61->s1: commitIndex: updateToMax old=1, new=1, updated? false
2022-08-02 21:05:56,492 [grpc-default-executor-3] DEBUG leader.FollowerInfo (FollowerInfoImpl.java:lambda$new$1(49)) - s0@group-DBBE7E7C6C61->s1: matchIndex: updateToMax old=2, new=-1, updated? false
2022-08-02 21:05:56,493 [grpc-default-executor-2] DEBUG leader.FollowerInfo (FollowerInfoImpl.java:lambda$new$1(49)) - s0@group-DBBE7E7C6C61->s2: commitIndex: updateToMax old=1, new=1, updated? false
2022-08-02 21:05:56,493 [grpc-default-executor-2] DEBUG leader.FollowerInfo (FollowerInfoImpl.java:lambda$new$1(49)) - s0@group-DBBE7E7C6C61->s2: matchIndex: updateToMax old=2, new=-1, updated? false
2022-08-02 21:05:56,493 [grpc-default-executor-3] DEBUG leader.FollowerInfo (FollowerInfoImpl.java:lambda$new$1(49)) - s0@group-DBBE7E7C6C61->s1: commitIndex: updateToMax old=1, new=1, updated? false
2022-08-02 21:05:56,493 [grpc-default-executor-3] DEBUG leader.FollowerInfo (FollowerInfoImpl.java:lambda$new$1(49)) - s0@group-DBBE7E7C6C61->s1: matchIndex: updateToMax old=2, new=-1, updated? false
2022-08-02 21:05:56,494 [grpc-default-executor-2] DEBUG leader.FollowerInfo (FollowerInfoImpl.java:lambda$new$1(49)) - s0@group-DBBE7E7C6C61->s2: commitIndex: updateToMax old=1, new=1, updated? false
2022-08-02 21:05:56,494 [grpc-default-executor-2] DEBUG leader.FollowerInfo (FollowerInfoImpl.java:lambda$new$1(49)) - s0@group-DBBE7E7C6C61->s2: matchIndex: updateToMax old=2, new=-1, updated? false
2022-08-02 21:05:56,495 [grpc-default-executor-3] DEBUG leader.FollowerInfo (FollowerInfoImpl.java:lambda$new$1(49)) - s0@group-DBBE7E7C6C61->s1: commitIndex: updateToMax old=1, new=1, updated? false
2022-08-02 21:05:56,495 [grpc-default-executor-3] DEBUG leader.FollowerInfo (FollowerInfoImpl.java:lambda$new$1(49)) - s0@group-DBBE7E7C6C61->s1: matchIndex: updateToMax old=2, new=-1, updated? false
2022-08-02 21:05:56,495 [grpc-default-executor-2] DEBUG leader.FollowerInfo (FollowerInfoImpl.java:lambda$new$1(49)) - s0@group-DBBE7E7C6C61->s2: commitIndex: updateToMax old=1, new=1, updated? false
2022-08-02 21:05:56,495 [grpc-default-executor-2] DEBUG leader.FollowerInfo (FollowerInfoImpl.java:lambda$new$1(49)) - s0@group-DBBE7E7C6C61->s2: matchIndex: updateToMax old=2, new=-1, updated? false
2022-08-02 21:05:56,496 [grpc-default-executor-3] DEBUG leader.FollowerInfo (FollowerInfoImpl.java:lambda$new$1(49)) - s0@group-DBBE7E7C6C61->s1: commitIndex: updateToMax old=1, new=1, updated? false
2022-08-02 21:05:56,496 [grpc-default-executor-3] DEBUG leader.FollowerInfo (FollowerInfoImpl.java:lambda$new$1(49)) - s0@group-DBBE7E7C6C61->s1: matchIndex: updateToMax old=2, new=-1, updated? false
2022-08-02 21:05:56,496 [grpc-default-executor-2] DEBUG leader.FollowerInfo (FollowerInfoImpl.java:lambda$new$1(49)) - s0@group-DBBE7E7C6C61->s2: commitIndex: updateToMax old=1, new=1, updated? false
2022-08-02 21:05:56,497 [grpc-default-executor-2] DEBUG leader.FollowerInfo (FollowerInfoImpl.java:lambda$new$1(49)) - s0@group-DBBE7E7C6C61->s2: matchIndex: updateToMax old=2, new=-1, updated? false
2022-08-02 21:05:56,497 [grpc-default-executor-3] DEBUG leader.FollowerInfo (FollowerInfoImpl.java:lambda$new$1(49)) - s0@group-DBBE7E7C6C61->s1: commitIndex: updateToMax old=1, new=1, updated? false
2022-08-02 21:05:56,497 [grpc-default-executor-3] DEBUG leader.FollowerInfo (FollowerInfoImpl.java:lambda$new$1(49)) - s0@group-DBBE7E7C6C61->s1: matchIndex: updateToMax old=2, new=-1, updated? false
2022-08-02 21:05:56,498 [grpc-default-executor-2] DEBUG leader.FollowerInfo (FollowerInfoImpl.java:lambda$new$1(49)) - s0@group-DBBE7E7C6C61->s2: commitIndex: updateToMax old=1, new=1, updated? false
2022-08-02 21:05:56,498 [grpc-default-executor-2] DEBUG leader.FollowerInfo (FollowerInfoImpl.java:lambda$new$1(49)) - s0@group-DBBE7E7C6C61->s2: matchIndex: updateToMax old=2, new=-1, updated? false
2022-08-02 21:05:56,498 [grpc-default-executor-3] DEBUG leader.FollowerInfo (FollowerInfoImpl.java:lambda$new$1(49)) - s0@group-DBBE7E7C6C61->s1: commitIndex: updateToMax old=1, new=1, updated? false
2022-08-02 21:05:56,498 [grpc-default-executor-3] DEBUG leader.FollowerInfo (FollowerInfoImpl.java:lambda$new$1(49)) - s0@group-DBBE7E7C6C61->s1: matchIndex: updateToMax old=2, new=-1, updated? false
2022-08-02 21:05:56,499 [grpc-default-executor-2] DEBUG leader.FollowerInfo (FollowerInfoImpl.java:lambda$new$1(49)) - s0@group-DBBE7E7C6C61->s2: commitIndex: updateToMax old=1, new=1, updated? false
2022-08-02 21:05:56,499 [grpc-default-executor-2] DEBUG leader.FollowerInfo (FollowerInfoImpl.java:lambda$new$1(49)) - s0@group-DBBE7E7C6C61->s2: matchIndex: updateToMax old=2, new=-1, updated? false
2022-08-02 21:05:56,499 [grpc-default-executor-3] DEBUG leader.FollowerInfo (FollowerInfoImpl.java:lambda$new$1(49)) - s0@group-DBBE7E7C6C61->s1: commitIndex: updateToMax old=1, new=1, updated? false
2022-08-02 21:05:56,499 [grpc-default-executor-3] DEBUG leader.FollowerInfo (FollowerInfoImpl.java:lambda$new$1(49)) - s0@group-DBBE7E7C6C61->s1: matchIndex: updateToMax old=2, new=-1, updated? false
2022-08-02 21:05:56,500 [grpc-default-executor-2] DEBUG leader.FollowerInfo (FollowerInfoImpl.java:lambda$new$1(49)) - s0@group-DBBE7E7C6C61->s2: commitIndex: updateToMax old=1, new=1, updated? false
2022-08-02 21:05:56,500 [grpc-default-executor-2] DEBUG leader.FollowerInfo (FollowerInfoImpl.java:lambda$new$1(49)) - s0@group-DBBE7E7C6C61->s2: matchIndex: updateToMax old=2, new=-1, updated? false
2022-08-02 21:05:56,501 [grpc-default-executor-3] DEBUG leader.FollowerInfo (FollowerInfoImpl.java:lambda$new$1(49)) - s0@group-DBBE7E7C6C61->s1: commitIndex: updateToMax old=1, new=1, updated? false
2022-08-02 21:05:56,501 [grpc-default-executor-3] DEBUG leader.FollowerInfo (FollowerInfoImpl.java:lambda$new$1(49)) - s0@group-DBBE7E7C6C61->s1: matchIndex: updateToMax old=2, new=-1, updated? false
2022-08-02 21:05:56,502 [grpc-default-executor-2] DEBUG leader.FollowerInfo (FollowerInfoImpl.java:lambda$new$1(49)) - s0@group-DBBE7E7C6C61->s2: commitIndex: updateToMax old=1, new=1, updated? false
2022-08-02 21:05:56,502 [grpc-default-executor-2] DEBUG leader.FollowerInfo (FollowerInfoImpl.java:lambda$new$1(49)) - s0@group-DBBE7E7C6C61->s2: matchIndex: updateToMax old=2, new=-1, updated? false
2022-08-02 21:05:56,502 [grpc-default-executor-3] DEBUG leader.FollowerInfo (FollowerInfoImpl.java:lambda$new$1(49)) - s0@group-DBBE7E7C6C61->s1: commitIndex: updateToMax old=1, new=1, updated? false
2022-08-02 21:05:56,502 [grpc-default-executor-3] DEBUG leader.FollowerInfo (FollowerInfoImpl.java:lambda$new$1(49)) - s0@group-DBBE7E7C6C61->s1: matchIndex: updateToMax old=2, new=-1, updated? false
2022-08-02 21:05:56,503 [grpc-default-executor-2] DEBUG leader.FollowerInfo (FollowerInfoImpl.java:lambda$new$1(49)) - s0@group-DBBE7E7C6C61->s2: commitIndex: updateToMax old=1, new=1, updated? false
2022-08-02 21:05:56,503 [grpc-default-executor-2] DEBUG leader.FollowerInfo (FollowerInfoImpl.java:lambda$new$1(49)) - s0@group-DBBE7E7C6C61->s2: matchIndex: updateToMax old=2, new=-1, updated? false
2022-08-02 21:05:56,504 [grpc-default-executor-3] DEBUG leader.FollowerInfo (FollowerInfoImpl.java:lambda$new$1(49)) - s0@group-DBBE7E7C6C61->s1: commitIndex: updateToMax old=1, new=1, updated? false
2022-08-02 21:05:56,504 [grpc-default-executor-3] DEBUG leader.FollowerInfo (FollowerInfoImpl.java:lambda$new$1(49)) - s0@group-DBBE7E7C6C61->s1: matchIndex: updateToMax old=2, new=-1, updated? false
2022-08-02 21:05:56,504 [grpc-default-executor-2] DEBUG leader.FollowerInfo (FollowerInfoImpl.java:lambda$new$1(49)) - s0@group-DBBE7E7C6C61->s2: commitIndex: updateToMax old=1, new=1, updated? false
2022-08-02 21:05:56,504 [grpc-default-executor-2] DEBUG leader.FollowerInfo (FollowerInfoImpl.java:lambda$new$1(49)) - s0@group-DBBE7E7C6C61->s2: matchIndex: updateToMax old=2, new=-1, updated? false
2022-08-02 21:05:56,505 [grpc-default-executor-3] DEBUG leader.FollowerInfo (FollowerInfoImpl.java:lambda$new$1(49)) - s0@group-DBBE7E7C6C61->s1: commitIndex: updateToMax old=1, new=1, updated? false
2022-08-02 21:05:56,505 [grpc-default-executor-3] DEBUG leader.FollowerInfo (FollowerInfoImpl.java:lambda$new$1(49)) - s0@group-DBBE7E7C6C61->s1: matchIndex: updateToMax old=2, new=-1, updated? false
2022-08-02 21:05:56,505 [grpc-default-executor-2] DEBUG leader.FollowerInfo (FollowerInfoImpl.java:lambda$new$1(49)) - s0@group-DBBE7E7C6C61->s2: commitIndex: updateToMax old=1, new=1, updated? false
2022-08-02 21:05:56,505 [grpc-default-executor-2] DEBUG leader.FollowerInfo (FollowerInfoImpl.java:lambda$new$1(49)) - s0@group-DBBE7E7C6C61->s2: matchIndex: updateToMax old=2, new=-1, updated? false
2022-08-02 21:05:56,506 [grpc-default-executor-3] DEBUG leader.FollowerInfo (FollowerInfoImpl.java:lambda$new$1(49)) - s0@group-DBBE7E7C6C61->s1: commitIndex: updateToMax old=1, new=1, updated? false
2022-08-02 21:05:56,506 [grpc-default-executor-3] DEBUG leader.FollowerInfo (FollowerInfoImpl.java:lambda$new$1(49)) - s0@group-DBBE7E7C6C61->s1: matchIndex: updateToMax old=2, new=-1, updated? false
2022-08-02 21:05:56,506 [grpc-default-executor-2] DEBUG leader.FollowerInfo (FollowerInfoImpl.java:lambda$new$1(49)) - s0@group-DBBE7E7C6C61->s2: commitIndex: updateToMax old=1, new=1, updated? false
2022-08-02 21:05:56,506 [grpc-default-executor-2] DEBUG leader.FollowerInfo (FollowerInfoImpl.java:lambda$new$1(49)) - s0@group-DBBE7E7C6C61->s2: matchIndex: updateToMax old=2, new=-1, updated? false
2022-08-02 21:05:56,507 [grpc-default-executor-3] DEBUG leader.FollowerInfo (FollowerInfoImpl.java:lambda$new$1(49)) - s0@group-DBBE7E7C6C61->s1: commitIndex: updateToMax old=1, new=1, updated? false
2022-08-02 21:05:56,507 [grpc-default-executor-3] DEBUG leader.FollowerInfo (FollowerInfoImpl.java:lambda$new$1(49)) - s0@group-DBBE7E7C6C61->s1: matchIndex: updateToMax old=2, new=-1, updated? false
2022-08-02 21:05:56,508 [grpc-default-executor-2] DEBUG leader.FollowerInfo (FollowerInfoImpl.java:lambda$new$1(49)) - s0@group-DBBE7E7C6C61->s2: commitIndex: updateToMax old=1, new=1, updated? false
2022-08-02 21:05:56,508 [grpc-default-executor-2] DEBUG leader.FollowerInfo (FollowerInfoImpl.java:lambda$new$1(49)) - s0@group-DBBE7E7C6C61->s2: matchIndex: updateToMax old=2, new=-1, updated? false
2022-08-02 21:05:56,508 [grpc-default-executor-3] DEBUG leader.FollowerInfo (FollowerInfoImpl.java:lambda$new$1(49)) - s0@group-DBBE7E7C6C61->s1: commitIndex: updateToMax old=1, new=1, updated? false
2022-08-02 21:05:56,508 [grpc-default-executor-3] DEBUG leader.FollowerInfo (FollowerInfoImpl.java:lambda$new$1(49)) - s0@group-DBBE7E7C6C61->s1: matchIndex: updateToMax old=2, new=-1, updated? false
2022-08-02 21:05:56,509 [grpc-default-executor-2] DEBUG leader.FollowerInfo (FollowerInfoImpl.java:lambda$new$1(49)) - s0@group-DBBE7E7C6C61->s2: commitIndex: updateToMax old=1, new=1, updated? false
2022-08-02 21:05:56,509 [grpc-default-executor-2] DEBUG leader.FollowerInfo (FollowerInfoImpl.java:lambda$new$1(49)) - s0@group-DBBE7E7C6C61->s2: matchIndex: updateToMax old=2, new=-1, updated? false
2022-08-02 21:05:56,510 [grpc-default-executor-3] DEBUG leader.FollowerInfo (FollowerInfoImpl.java:lambda$new$1(49)) - s0@group-DBBE7E7C6C61->s1: commitIndex: updateToMax old=1, new=1, updated? false
2022-08-02 21:05:56,510 [grpc-default-executor-3] DEBUG leader.FollowerInfo (FollowerInfoImpl.java:lambda$new$1(49)) - s0@group-DBBE7E7C6C61->s1: matchIndex: updateToMax old=2, new=-1, updated? false
2022-08-02 21:05:56,510 [grpc-default-executor-2] DEBUG leader.FollowerInfo (FollowerInfoImpl.java:lambda$new$1(49)) - s0@group-DBBE7E7C6C61->s2: commitIndex: updateToMax old=1, new=1, updated? false
2022-08-02 21:05:56,510 [grpc-default-executor-2] DEBUG leader.FollowerInfo (FollowerInfoImpl.java:lambda$new$1(49)) - s0@group-DBBE7E7C6C61->s2: matchIndex: updateToMax old=2, new=-1, updated? false
2022-08-02 21:05:56,511 [grpc-default-executor-3] DEBUG leader.FollowerInfo (FollowerInfoImpl.java:lambda$new$1(49)) - s0@group-DBBE7E7C6C61->s1: commitIndex: updateToMax old=1, new=1, updated? false
2022-08-02 21:05:56,511 [grpc-default-executor-3] DEBUG leader.FollowerInfo (FollowerInfoImpl.java:lambda$new$1(49)) - s0@group-DBBE7E7C6C61->s1: matchIndex: updateToMax old=2, new=-1, updated? false
2022-08-02 21:05:56,512 [grpc-default-executor-2] DEBUG leader.FollowerInfo (FollowerInfoImpl.java:lambda$new$1(49)) - s0@group-DBBE7E7C6C61->s2: commitIndex: updateToMax old=1, new=1, updated? false
2022-08-02 21:05:56,512 [grpc-default-executor-2] DEBUG leader.FollowerInfo (FollowerInfoImpl.java:lambda$new$1(49)) - s0@group-DBBE7E7C6C61->s2: matchIndex: updateToMax old=2, new=-1, updated? false
2022-08-02 21:05:56,512 [grpc-default-executor-3] DEBUG leader.FollowerInfo (FollowerInfoImpl.java:lambda$new$1(49)) - s0@group-DBBE7E7C6C61->s1: commitIndex: updateToMax old=1, new=1, updated? false
2022-08-02 21:05:56,512 [grpc-default-executor-3] DEBUG leader.FollowerInfo (FollowerInfoImpl.java:lambda$new$1(49)) - s0@group-DBBE7E7C6C61->s1: matchIndex: updateToMax old=2, new=-1, updated? false
2022-08-02 21:05:56,513 [grpc-default-executor-2] DEBUG leader.FollowerInfo (FollowerInfoImpl.java:lambda$new$1(49)) - s0@group-DBBE7E7C6C61->s2: commitIndex: updateToMax old=1, new=1, updated? false
2022-08-02 21:05:56,513 [grpc-default-executor-2] DEBUG leader.FollowerInfo (FollowerInfoImpl.java:lambda$new$1(49)) - s0@group-DBBE7E7C6C61->s2: matchIndex: updateToMax old=2, new=-1, updated? false
2022-08-02 21:05:56,514 [grpc-default-executor-3] DEBUG leader.FollowerInfo (FollowerInfoImpl.java:lambda$new$1(49)) - s0@group-DBBE7E7C6C61->s1: commitIndex: updateToMax old=1, new=1, updated? false
2022-08-02 21:05:56,514 [grpc-default-executor-3] DEBUG leader.FollowerInfo (FollowerInfoImpl.java:lambda$new$1(49)) - s0@group-DBBE7E7C6C61->s1: matchIndex: updateToMax old=2, new=-1, updated? false
2022-08-02 21:05:56,514 [grpc-default-executor-2] DEBUG leader.FollowerInfo (FollowerInfoImpl.java:lambda$new$1(49)) - s0@group-DBBE7E7C6C61->s2: commitIndex: updateToMax old=1, new=1, updated? false
2022-08-02 21:05:56,514 [grpc-default-executor-2] DEBUG leader.FollowerInfo (FollowerInfoImpl.java:lambda$new$1(49)) - s0@group-DBBE7E7C6C61->s2: matchIndex: updateToMax old=2, new=-1, updated? false
2022-08-02 21:05:56,515 [grpc-default-executor-3] DEBUG leader.FollowerInfo (FollowerInfoImpl.java:lambda$new$1(49)) - s0@group-DBBE7E7C6C61->s1: commitIndex: updateToMax old=1, new=1, updated? false
2022-08-02 21:05:56,515 [grpc-default-executor-3] DEBUG leader.FollowerInfo (FollowerInfoImpl.java:lambda$new$1(49)) - s0@group-DBBE7E7C6C61->s1: matchIndex: updateToMax old=2, new=-1, updated? false
2022-08-02 21:05:56,515 [grpc-default-executor-2] DEBUG leader.FollowerInfo (FollowerInfoImpl.java:lambda$new$1(49)) - s0@group-DBBE7E7C6C61->s2: commitIndex: updateToMax old=1, new=1, updated? false
2022-08-02 21:05:56,515 [grpc-default-executor-2] DEBUG leader.FollowerInfo (FollowerInfoImpl.java:lambda$new$1(49)) - s0@group-DBBE7E7C6C61->s2: matchIndex: updateToMax old=2, new=-1, updated? false
2022-08-02 21:05:56,516 [grpc-default-executor-3] DEBUG leader.FollowerInfo (FollowerInfoImpl.java:lambda$new$1(49)) - s0@group-DBBE7E7C6C61->s1: commitIndex: updateToMax old=1, new=1, updated? false
2022-08-02 21:05:56,516 [grpc-default-executor-3] DEBUG leader.FollowerInfo (FollowerInfoImpl.java:lambda$new$1(49)) - s0@group-DBBE7E7C6C61->s1: matchIndex: updateToMax old=2, new=-1, updated? false
2022-08-02 21:05:56,517 [grpc-default-executor-2] DEBUG leader.FollowerInfo (FollowerInfoImpl.java:lambda$new$1(49)) - s0@group-DBBE7E7C6C61->s2: commitIndex: updateToMax old=1, new=1, updated? false
2022-08-02 21:05:56,517 [grpc-default-executor-2] DEBUG leader.FollowerInfo (FollowerInfoImpl.java:lambda$new$1(49)) - s0@group-DBBE7E7C6C61->s2: matchIndex: updateToMax old=2, new=-1, updated? false
2022-08-02 21:05:56,517 [grpc-default-executor-3] DEBUG leader.FollowerInfo (FollowerInfoImpl.java:lambda$new$1(49)) - s0@group-DBBE7E7C6C61->s1: commitIndex: updateToMax old=1, new=1, updated? false
2022-08-02 21:05:56,517 [grpc-default-executor-3] DEBUG leader.FollowerInfo (FollowerInfoImpl.java:lambda$new$1(49)) - s0@group-DBBE7E7C6C61->s1: matchIndex: updateToMax old=2, new=-1, updated? false
2022-08-02 21:05:56,518 [grpc-default-executor-2] DEBUG leader.FollowerInfo (FollowerInfoImpl.java:lambda$new$1(49)) - s0@group-DBBE7E7C6C61->s2: commitIndex: updateToMax old=1, new=1, updated? false
2022-08-02 21:05:56,518 [grpc-default-executor-2] DEBUG leader.FollowerInfo (FollowerInfoImpl.java:lambda$new$1(49)) - s0@group-DBBE7E7C6C61->s2: matchIndex: updateToMax old=2, new=-1, updated? false
2022-08-02 21:05:56,518 [grpc-default-executor-3] DEBUG leader.FollowerInfo (FollowerInfoImpl.java:lambda$new$1(49)) - s0@group-DBBE7E7C6C61->s1: commitIndex: updateToMax old=1, new=1, updated? false
2022-08-02 21:05:56,519 [grpc-default-executor-3] DEBUG leader.FollowerInfo (FollowerInfoImpl.java:lambda$new$1(49)) - s0@group-DBBE7E7C6C61->s1: matchIndex: updateToMax old=2, new=-1, updated? false
2022-08-02 21:05:56,519 [grpc-default-executor-2] DEBUG leader.FollowerInfo (FollowerInfoImpl.java:lambda$new$1(49)) - s0@group-DBBE7E7C6C61->s2: commitIndex: updateToMax old=1, new=1, updated? false
2022-08-02 21:05:56,519 [grpc-default-executor-2] DEBUG leader.FollowerInfo (FollowerInfoImpl.java:lambda$new$1(49)) - s0@group-DBBE7E7C6C61->s2: matchIndex: updateToMax old=2, new=-1, updated? false
2022-08-02 21:05:56,520 [grpc-default-executor-3] DEBUG leader.FollowerInfo (FollowerInfoImpl.java:lambda$new$1(49)) - s0@group-DBBE7E7C6C61->s1: commitIndex: updateToMax old=1, new=1, updated? false
2022-08-02 21:05:56,520 [grpc-default-executor-3] DEBUG leader.FollowerInfo (FollowerInfoImpl.java:lambda$new$1(49)) - s0@group-DBBE7E7C6C61->s1: matchIndex: updateToMax old=2, new=-1, updated? false
2022-08-02 21:05:56,521 [grpc-default-executor-2] DEBUG leader.FollowerInfo (FollowerInfoImpl.java:lambda$new$1(49)) - s0@group-DBBE7E7C6C61->s2: commitIndex: updateToMax old=1, new=1, updated? false
2022-08-02 21:05:56,521 [grpc-default-executor-2] DEBUG leader.FollowerInfo (FollowerInfoImpl.java:lambda$new$1(49)) - s0@group-DBBE7E7C6C61->s2: matchIndex: updateToMax old=2, new=-1, updated? false
2022-08-02 21:05:56,522 [grpc-default-executor-3] DEBUG leader.FollowerInfo (FollowerInfoImpl.java:lambda$new$1(49)) - s0@group-DBBE7E7C6C61->s1: commitIndex: updateToMax old=1, new=1, updated? false
2022-08-02 21:05:56,522 [grpc-default-executor-3] DEBUG leader.FollowerInfo (FollowerInfoImpl.java:lambda$new$1(49)) - s0@group-DBBE7E7C6C61->s1: matchIndex: updateToMax old=2, new=-1, updated? false
2022-08-02 21:05:56,522 [grpc-default-executor-2] DEBUG leader.FollowerInfo (FollowerInfoImpl.java:lambda$new$1(49)) - s0@group-DBBE7E7C6C61->s2: commitIndex: updateToMax old=1, new=1, updated? false
2022-08-02 21:05:56,522 [grpc-default-executor-2] DEBUG leader.FollowerInfo (FollowerInfoImpl.java:lambda$new$1(49)) - s0@group-DBBE7E7C6C61->s2: matchIndex: updateToMax old=2, new=-1, updated? false
2022-08-02 21:05:56,523 [grpc-default-executor-3] DEBUG leader.FollowerInfo (FollowerInfoImpl.java:lambda$new$1(49)) - s0@group-DBBE7E7C6C61->s1: commitIndex: updateToMax old=1, new=1, updated? false
2022-08-02 21:05:56,523 [grpc-default-executor-3] DEBUG leader.FollowerInfo (FollowerInfoImpl.java:lambda$new$1(49)) - s0@group-DBBE7E7C6C61->s1: matchIndex: updateToMax old=2, new=-1, updated? false
2022-08-02 21:05:56,524 [grpc-default-executor-2] DEBUG leader.FollowerInfo (FollowerInfoImpl.java:lambda$new$1(49)) - s0@group-DBBE7E7C6C61->s2: commitIndex: updateToMax old=1, new=1, updated? false
2022-08-02 21:05:56,524 [grpc-default-executor-2] DEBUG leader.FollowerInfo (FollowerInfoImpl.java:lambda$new$1(49)) - s0@group-DBBE7E7C6C61->s2: matchIndex: updateToMax old=2, new=-1, updated? false
2022-08-02 21:05:56,524 [grpc-default-executor-3] DEBUG leader.FollowerInfo (FollowerInfoImpl.java:lambda$new$1(49)) - s0@group-DBBE7E7C6C61->s1: commitIndex: updateToMax old=1, new=1, updated? false
2022-08-02 21:05:56,524 [grpc-default-executor-3] DEBUG leader.FollowerInfo (FollowerInfoImpl.java:lambda$new$1(49)) - s0@group-DBBE7E7C6C61->s1: matchIndex: updateToMax old=2, new=-1, updated? false
2022-08-02 21:05:56,525 [grpc-default-executor-2] DEBUG leader.FollowerInfo (FollowerInfoImpl.java:lambda$new$1(49)) - s0@group-DBBE7E7C6C61->s2: commitIndex: updateToMax old=1, new=1, updated? false
2022-08-02 21:05:56,525 [grpc-default-executor-2] DEBUG leader.FollowerInfo (FollowerInfoImpl.java:lambda$new$1(49)) - s0@group-DBBE7E7C6C61->s2: matchIndex: updateToMax old=2, new=-1, updated? false
2022-08-02 21:05:56,525 [grpc-default-executor-3] DEBUG leader.FollowerInfo (FollowerInfoImpl.java:lambda$new$1(49)) - s0@group-DBBE7E7C6C61->s1: commitIndex: updateToMax old=1, new=1, updated? false
2022-08-02 21:05:56,526 [grpc-default-executor-3] DEBUG leader.FollowerInfo (FollowerInfoImpl.java:lambda$new$1(49)) - s0@group-DBBE7E7C6C61->s1: matchIndex: updateToMax old=2, new=-1, updated? false
2022-08-02 21:05:56,526 [grpc-default-executor-2] DEBUG leader.FollowerInfo (FollowerInfoImpl.java:lambda$new$1(49)) - s0@group-DBBE7E7C6C61->s2: commitIndex: updateToMax old=1, new=1, updated? false
2022-08-02 21:05:56,526 [grpc-default-executor-2] DEBUG leader.FollowerInfo (FollowerInfoImpl.java:lambda$new$1(49)) - s0@group-DBBE7E7C6C61->s2: matchIndex: updateToMax old=2, new=-1, updated? false
2022-08-02 21:05:56,537 [grpc-default-executor-3] DEBUG leader.FollowerInfo (FollowerInfoImpl.java:lambda$new$1(49)) - s0@group-DBBE7E7C6C61->s1: commitIndex: updateToMax old=1, new=1, updated? false
2022-08-02 21:05:56,537 [grpc-default-executor-3] DEBUG leader.FollowerInfo (FollowerInfoImpl.java:lambda$new$1(49)) - s0@group-DBBE7E7C6C61->s1: matchIndex: updateToMax old=2, new=-1, updated? false
2022-08-02 21:05:56,538 [grpc-default-executor-3] DEBUG leader.FollowerInfo (FollowerInfoImpl.java:lambda$new$1(49)) - s0@group-DBBE7E7C6C61->s2: commitIndex: updateToMax old=1, new=1, updated? false
2022-08-02 21:05:56,538 [grpc-default-executor-3] DEBUG leader.FollowerInfo (FollowerInfoImpl.java:lambda$new$1(49)) - s0@group-DBBE7E7C6C61->s2: matchIndex: updateToMax old=2, new=-1, updated? false
2022-08-02 21:05:56,539 [grpc-default-executor-2] DEBUG leader.FollowerInfo (FollowerInfoImpl.java:lambda$new$1(49)) - s0@group-DBBE7E7C6C61->s1: commitIndex: updateToMax old=1, new=1, updated? false
2022-08-02 21:05:56,539 [grpc-default-executor-2] DEBUG leader.FollowerInfo (FollowerInfoImpl.java:lambda$new$1(49)) - s0@group-DBBE7E7C6C61->s1: matchIndex: updateToMax old=2, new=-1, updated? false
2022-08-02 21:05:56,539 [grpc-default-executor-3] DEBUG leader.FollowerInfo (FollowerInfoImpl.java:lambda$new$1(49)) - s0@group-DBBE7E7C6C61->s2: commitIndex: updateToMax old=1, new=1, updated? false
2022-08-02 21:05:56,539 [grpc-default-executor-3] DEBUG leader.FollowerInfo (FollowerInfoImpl.java:lambda$new$1(49)) - s0@group-DBBE7E7C6C61->s2: matchIndex: updateToMax old=2, new=-1, updated? false
2022-08-02 21:05:56,540 [grpc-default-executor-2] DEBUG leader.FollowerInfo (FollowerInfoImpl.java:lambda$new$1(49)) - s0@group-DBBE7E7C6C61->s1: commitIndex: updateToMax old=1, new=1, updated? false
2022-08-02 21:05:56,540 [grpc-default-executor-2] DEBUG leader.FollowerInfo (FollowerInfoImpl.java:lambda$new$1(49)) - s0@group-DBBE7E7C6C61->s1: matchIndex: updateToMax old=2, new=-1, updated? false
2022-08-02 21:05:56,540 [grpc-default-executor-2] DEBUG leader.FollowerInfo (FollowerInfoImpl.java:lambda$new$1(49)) - s0@group-DBBE7E7C6C61->s2: commitIndex: updateToMax old=1, new=1, updated? false
2022-08-02 21:05:56,540 [grpc-default-executor-2] DEBUG leader.FollowerInfo (FollowerInfoImpl.java:lambda$new$1(49)) - s0@group-DBBE7E7C6C61->s2: matchIndex: updateToMax old=2, new=-1, updated? false
2022-08-02 21:05:56,541 [grpc-default-executor-3] DEBUG leader.FollowerInfo (FollowerInfoImpl.java:lambda$new$1(49)) - s0@group-DBBE7E7C6C61->s1: commitIndex: updateToMax old=1, new=1, updated? false
2022-08-02 21:05:56,541 [grpc-default-executor-3] DEBUG leader.FollowerInfo (FollowerInfoImpl.java:lambda$new$1(49)) - s0@group-DBBE7E7C6C61->s1: matchIndex: updateToMax old=2, new=-1, updated? false
2022-08-02 21:05:56,547 [grpc-default-executor-2] DEBUG leader.FollowerInfo (FollowerInfoImpl.java:lambda$new$1(49)) - s0@group-DBBE7E7C6C61->s2: commitIndex: updateToMax old=1, new=1, updated? false
2022-08-02 21:05:56,547 [grpc-default-executor-2] DEBUG leader.FollowerInfo (FollowerInfoImpl.java:lambda$new$1(49)) - s0@group-DBBE7E7C6C61->s2: matchIndex: updateToMax old=2, new=-1, updated? false
2022-08-02 21:05:56,553 [grpc-default-executor-2] DEBUG leader.FollowerInfo (FollowerInfoImpl.java:lambda$new$1(49)) - s0@group-DBBE7E7C6C61->s1: commitIndex: updateToMax old=1, new=1, updated? false
2022-08-02 21:05:56,553 [grpc-default-executor-2] DEBUG leader.FollowerInfo (FollowerInfoImpl.java:lambda$new$1(49)) - s0@group-DBBE7E7C6C61->s1: matchIndex: updateToMax old=2, new=-1, updated? false
2022-08-02 21:05:56,553 [grpc-default-executor-3] DEBUG leader.FollowerInfo (FollowerInfoImpl.java:lambda$new$1(49)) - s0@group-DBBE7E7C6C61->s2: commitIndex: updateToMax old=1, new=1, updated? false
2022-08-02 21:05:56,553 [grpc-default-executor-3] DEBUG leader.FollowerInfo (FollowerInfoImpl.java:lambda$new$1(49)) - s0@group-DBBE7E7C6C61->s2: matchIndex: updateToMax old=2, new=-1, updated? false
2022-08-02 21:05:56,554 [grpc-default-executor-2] DEBUG leader.FollowerInfo (FollowerInfoImpl.java:lambda$new$1(49)) - s0@group-DBBE7E7C6C61->s1: commitIndex: updateToMax old=1, new=1, updated? false
2022-08-02 21:05:56,554 [grpc-default-executor-2] DEBUG leader.FollowerInfo (FollowerInfoImpl.java:lambda$new$1(49)) - s0@group-DBBE7E7C6C61->s1: matchIndex: updateToMax old=2, new=-1, updated? false
2022-08-02 21:05:56,555 [grpc-default-executor-3] DEBUG leader.FollowerInfo (FollowerInfoImpl.java:lambda$new$1(49)) - s0@group-DBBE7E7C6C61->s2: commitIndex: updateToMax old=1, new=1, updated? false
2022-08-02 21:05:56,555 [grpc-default-executor-3] DEBUG leader.FollowerInfo (FollowerInfoImpl.java:lambda$new$1(49)) - s0@group-DBBE7E7C6C61->s2: matchIndex: updateToMax old=2, new=-1, updated? false
2022-08-02 21:05:56,559 [grpc-default-executor-2] DEBUG leader.FollowerInfo (FollowerInfoImpl.java:lambda$new$1(49)) - s0@group-DBBE7E7C6C61->s1: commitIndex: updateToMax old=1, new=1, updated? false
2022-08-02 21:05:56,560 [grpc-default-executor-2] DEBUG leader.FollowerInfo (FollowerInfoImpl.java:lambda$new$1(49)) - s0@group-DBBE7E7C6C61->s1: matchIndex: updateToMax old=2, new=-1, updated? false
2022-08-02 21:05:56,560 [grpc-default-executor-2] DEBUG leader.FollowerInfo (FollowerInfoImpl.java:lambda$new$1(49)) - s0@group-DBBE7E7C6C61->s2: commitIndex: updateToMax old=1, new=1, updated? false
2022-08-02 21:05:56,560 [grpc-default-executor-2] DEBUG leader.FollowerInfo (FollowerInfoImpl.java:lambda$new$1(49)) - s0@group-DBBE7E7C6C61->s2: matchIndex: updateToMax old=2, new=-1, updated? false
2022-08-02 21:05:56,560 [grpc-default-executor-2] DEBUG leader.FollowerInfo (FollowerInfoImpl.java:lambda$new$1(49)) - s0@group-DBBE7E7C6C61->s1: commitIndex: updateToMax old=1, new=1, updated? false
2022-08-02 21:05:56,560 [grpc-default-executor-2] DEBUG leader.FollowerInfo (FollowerInfoImpl.java:lambda$new$1(49)) - s0@group-DBBE7E7C6C61->s1: matchIndex: updateToMax old=2, new=-1, updated? false
2022-08-02 21:05:56,561 [grpc-default-executor-3] DEBUG leader.FollowerInfo (FollowerInfoImpl.java:lambda$new$1(49)) - s0@group-DBBE7E7C6C61->s2: commitIndex: updateToMax old=1, new=1, updated? false
2022-08-02 21:05:56,561 [grpc-default-executor-3] DEBUG leader.FollowerInfo (FollowerInfoImpl.java:lambda$new$1(49)) - s0@group-DBBE7E7C6C61->s2: matchIndex: updateToMax old=2, new=-1, updated? false
2022-08-02 21:05:56,562 [grpc-default-executor-2] DEBUG leader.FollowerInfo (FollowerInfoImpl.java:lambda$new$1(49)) - s0@group-DBBE7E7C6C61->s1: commitIndex: updateToMax old=1, new=1, updated? false
2022-08-02 21:05:56,562 [grpc-default-executor-2] DEBUG leader.FollowerInfo (FollowerInfoImpl.java:lambda$new$1(49)) - s0@group-DBBE7E7C6C61->s1: matchIndex: updateToMax old=2, new=-1, updated? false
2022-08-02 21:05:56,562 [grpc-default-executor-3] DEBUG leader.FollowerInfo (FollowerInfoImpl.java:lambda$new$1(49)) - s0@group-DBBE7E7C6C61->s2: commitIndex: updateToMax old=1, new=1, updated? false
2022-08-02 21:05:56,562 [grpc-default-executor-3] DEBUG leader.FollowerInfo (FollowerInfoImpl.java:lambda$new$1(49)) - s0@group-DBBE7E7C6C61->s2: matchIndex: updateToMax old=2, new=-1, updated? false
2022-08-02 21:05:56,563 [grpc-default-executor-2] DEBUG leader.FollowerInfo (FollowerInfoImpl.java:lambda$new$1(49)) - s0@group-DBBE7E7C6C61->s1: commitIndex: updateToMax old=1, new=1, updated? false
2022-08-02 21:05:56,563 [grpc-default-executor-2] DEBUG leader.FollowerInfo (FollowerInfoImpl.java:lambda$new$1(49)) - s0@group-DBBE7E7C6C61->s1: matchIndex: updateToMax old=2, new=-1, updated? false
2022-08-02 21:05:56,563 [grpc-default-executor-3] DEBUG leader.FollowerInfo (FollowerInfoImpl.java:lambda$new$1(49)) - s0@group-DBBE7E7C6C61->s2: commitIndex: updateToMax old=1, new=1, updated? false
2022-08-02 21:05:56,563 [grpc-default-executor-3] DEBUG leader.FollowerInfo (FollowerInfoImpl.java:lambda$new$1(49)) - s0@group-DBBE7E7C6C61->s2: matchIndex: updateToMax old=2, new=-1, updated? false
2022-08-02 21:05:56,564 [grpc-default-executor-2] DEBUG leader.FollowerInfo (FollowerInfoImpl.java:lambda$new$1(49)) - s0@group-DBBE7E7C6C61->s1: commitIndex: updateToMax old=1, new=1, updated? false
2022-08-02 21:05:56,564 [grpc-default-executor-2] DEBUG leader.FollowerInfo (FollowerInfoImpl.java:lambda$new$1(49)) - s0@group-DBBE7E7C6C61->s1: matchIndex: updateToMax old=2, new=-1, updated? false
2022-08-02 21:05:56,564 [grpc-default-executor-3] DEBUG leader.FollowerInfo (FollowerInfoImpl.java:lambda$new$1(49)) - s0@group-DBBE7E7C6C61->s2: commitIndex: updateToMax old=1, new=1, updated? false
2022-08-02 21:05:56,564 [grpc-default-executor-3] DEBUG leader.FollowerInfo (FollowerInfoImpl.java:lambda$new$1(49)) - s0@group-DBBE7E7C6C61->s2: matchIndex: updateToMax old=2, new=-1, updated? false
2022-08-02 21:05:56,565 [grpc-default-executor-2] DEBUG leader.FollowerInfo (FollowerInfoImpl.java:lambda$new$1(49)) - s0@group-DBBE7E7C6C61->s1: commitIndex: updateToMax old=1, new=1, updated? false
2022-08-02 21:05:56,565 [grpc-default-executor-2] DEBUG leader.FollowerInfo (FollowerInfoImpl.java:lambda$new$1(49)) - s0@group-DBBE7E7C6C61->s1: matchIndex: updateToMax old=2, new=-1, updated? false
2022-08-02 21:05:56,565 [grpc-default-executor-3] DEBUG leader.FollowerInfo (FollowerInfoImpl.java:lambda$new$1(49)) - s0@group-DBBE7E7C6C61->s2: commitIndex: updateToMax old=1, new=1, updated? false
2022-08-02 21:05:56,565 [grpc-default-executor-3] DEBUG leader.FollowerInfo (FollowerInfoImpl.java:lambda$new$1(49)) - s0@group-DBBE7E7C6C61->s2: matchIndex: updateToMax old=2, new=-1, updated? false
2022-08-02 21:05:56,566 [grpc-default-executor-2] DEBUG leader.FollowerInfo (FollowerInfoImpl.java:lambda$new$1(49)) - s0@group-DBBE7E7C6C61->s1: commitIndex: updateToMax old=1, new=1, updated? false
2022-08-02 21:05:56,566 [grpc-default-executor-2] DEBUG leader.FollowerInfo (FollowerInfoImpl.java:lambda$new$1(49)) - s0@group-DBBE7E7C6C61->s1: matchIndex: updateToMax old=2, new=-1, updated? false
2022-08-02 21:05:56,566 [grpc-default-executor-3] DEBUG leader.FollowerInfo (FollowerInfoImpl.java:lambda$new$1(49)) - s0@group-DBBE7E7C6C61->s2: commitIndex: updateToMax old=1, new=1, updated? false
2022-08-02 21:05:56,566 [grpc-default-executor-3] DEBUG leader.FollowerInfo (FollowerInfoImpl.java:lambda$new$1(49)) - s0@group-DBBE7E7C6C61->s2: matchIndex: updateToMax old=2, new=-1, updated? false
2022-08-02 21:05:56,567 [grpc-default-executor-2] DEBUG leader.FollowerInfo (FollowerInfoImpl.java:lambda$new$1(49)) - s0@group-DBBE7E7C6C61->s1: commitIndex: updateToMax old=1, new=1, updated? false
2022-08-02 21:05:56,567 [grpc-default-executor-2] DEBUG leader.FollowerInfo (FollowerInfoImpl.java:lambda$new$1(49)) - s0@group-DBBE7E7C6C61->s1: matchIndex: updateToMax old=2, new=-1, updated? false
2022-08-02 21:05:56,567 [grpc-default-executor-3] DEBUG leader.FollowerInfo (FollowerInfoImpl.java:lambda$new$1(49)) - s0@group-DBBE7E7C6C61->s2: commitIndex: updateToMax old=1, new=1, updated? false
2022-08-02 21:05:56,567 [grpc-default-executor-3] DEBUG leader.FollowerInfo (FollowerInfoImpl.java:lambda$new$1(49)) - s0@group-DBBE7E7C6C61->s2: matchIndex: updateToMax old=2, new=-1, updated? false
2022-08-02 21:05:56,568 [grpc-default-executor-2] DEBUG leader.FollowerInfo (FollowerInfoImpl.java:lambda$new$1(49)) - s0@group-DBBE7E7C6C61->s1: commitIndex: updateToMax old=1, new=1, updated? false
2022-08-02 21:05:56,568 [grpc-default-executor-2] DEBUG leader.FollowerInfo (FollowerInfoImpl.java:lambda$new$1(49)) - s0@group-DBBE7E7C6C61->s1: matchIndex: updateToMax old=2, new=-1, updated? false
2022-08-02 21:05:56,568 [grpc-default-executor-3] DEBUG leader.FollowerInfo (FollowerInfoImpl.java:lambda$new$1(49)) - s0@group-DBBE7E7C6C61->s2: commitIndex: updateToMax old=1, new=1, updated? false
2022-08-02 21:05:56,568 [grpc-default-executor-3] DEBUG leader.FollowerInfo (FollowerInfoImpl.java:lambda$new$1(49)) - s0@group-DBBE7E7C6C61->s2: matchIndex: updateToMax old=2, new=-1, updated? false
2022-08-02 21:05:56,569 [grpc-default-executor-2] DEBUG leader.FollowerInfo (FollowerInfoImpl.java:lambda$new$1(49)) - s0@group-DBBE7E7C6C61->s1: commitIndex: updateToMax old=1, new=1, updated? false
2022-08-02 21:05:56,569 [grpc-default-executor-2] DEBUG leader.FollowerInfo (FollowerInfoImpl.java:lambda$new$1(49)) - s0@group-DBBE7E7C6C61->s1: matchIndex: updateToMax old=2, new=-1, updated? false
2022-08-02 21:05:56,569 [grpc-default-executor-3] DEBUG leader.FollowerInfo (FollowerInfoImpl.java:lambda$new$1(49)) - s0@group-DBBE7E7C6C61->s2: commitIndex: updateToMax old=1, new=1, updated? false
2022-08-02 21:05:56,569 [grpc-default-executor-3] DEBUG leader.FollowerInfo (FollowerInfoImpl.java:lambda$new$1(49)) - s0@group-DBBE7E7C6C61->s2: matchIndex: updateToMax old=2, new=-1, updated? false
2022-08-02 21:05:56,570 [grpc-default-executor-2] DEBUG leader.FollowerInfo (FollowerInfoImpl.java:lambda$new$1(49)) - s0@group-DBBE7E7C6C61->s1: commitIndex: updateToMax old=1, new=1, updated? false
2022-08-02 21:05:56,570 [grpc-default-executor-2] DEBUG leader.FollowerInfo (FollowerInfoImpl.java:lambda$new$1(49)) - s0@group-DBBE7E7C6C61->s1: matchIndex: updateToMax old=2, new=-1, updated? false
2022-08-02 21:05:56,570 [grpc-default-executor-3] DEBUG leader.FollowerInfo (FollowerInfoImpl.java:lambda$new$1(49)) - s0@group-DBBE7E7C6C61->s2: commitIndex: updateToMax old=1, new=1, updated? false
2022-08-02 21:05:56,570 [grpc-default-executor-3] DEBUG leader.FollowerInfo (FollowerInfoImpl.java:lambda$new$1(49)) - s0@group-DBBE7E7C6C61->s2: matchIndex: updateToMax old=2, new=-1, updated? false
2022-08-02 21:05:56,571 [grpc-default-executor-2] DEBUG leader.FollowerInfo (FollowerInfoImpl.java:lambda$new$1(49)) - s0@group-DBBE7E7C6C61->s1: commitIndex: updateToMax old=1, new=1, updated? false
2022-08-02 21:05:56,571 [grpc-default-executor-2] DEBUG leader.FollowerInfo (FollowerInfoImpl.java:lambda$new$1(49)) - s0@group-DBBE7E7C6C61->s1: matchIndex: updateToMax old=2, new=-1, updated? false
2022-08-02 21:05:56,571 [grpc-default-executor-2] DEBUG leader.FollowerInfo (FollowerInfoImpl.java:lambda$new$1(49)) - s0@group-DBBE7E7C6C61->s2: commitIndex: updateToMax old=1, new=1, updated? false
2022-08-02 21:05:56,571 [grpc-default-executor-2] DEBUG leader.FollowerInfo (FollowerInfoImpl.java:lambda$new$1(49)) - s0@group-DBBE7E7C6C61->s2: matchIndex: updateToMax old=2, new=-1, updated? false
2022-08-02 21:05:56,571 [grpc-default-executor-2] DEBUG leader.FollowerInfo (FollowerInfoImpl.java:lambda$new$1(49)) - s0@group-DBBE7E7C6C61->s1: commitIndex: updateToMax old=1, new=1, updated? false
2022-08-02 21:05:56,571 [grpc-default-executor-2] DEBUG leader.FollowerInfo (FollowerInfoImpl.java:lambda$new$1(49)) - s0@group-DBBE7E7C6C61->s1: matchIndex: updateToMax old=2, new=-1, updated? false
2022-08-02 21:05:56,572 [grpc-default-executor-3] DEBUG leader.FollowerInfo (FollowerInfoImpl.java:lambda$new$1(49)) - s0@group-DBBE7E7C6C61->s2: commitIndex: updateToMax old=1, new=1, updated? false
2022-08-02 21:05:56,572 [grpc-default-executor-3] DEBUG leader.FollowerInfo (FollowerInfoImpl.java:lambda$new$1(49)) - s0@group-DBBE7E7C6C61->s2: matchIndex: updateToMax old=2, new=-1, updated? false
2022-08-02 21:05:56,572 [grpc-default-executor-3] DEBUG leader.FollowerInfo (FollowerInfoImpl.java:lambda$new$1(49)) - s0@group-DBBE7E7C6C61->s1: commitIndex: updateToMax old=1, new=1, updated? false
2022-08-02 21:05:56,572 [grpc-default-executor-3] DEBUG leader.FollowerInfo (FollowerInfoImpl.java:lambda$new$1(49)) - s0@group-DBBE7E7C6C61->s1: matchIndex: updateToMax old=2, new=-1, updated? false
2022-08-02 21:05:56,573 [grpc-default-executor-3] DEBUG leader.FollowerInfo (FollowerInfoImpl.java:lambda$new$1(49)) - s0@group-DBBE7E7C6C61->s2: commitIndex: updateToMax old=1, new=1, updated? false
2022-08-02 21:05:56,573 [grpc-default-executor-3] DEBUG leader.FollowerInfo (FollowerInfoImpl.java:lambda$new$1(49)) - s0@group-DBBE7E7C6C61->s2: matchIndex: updateToMax old=2, new=-1, updated? false
2022-08-02 21:05:56,573 [grpc-default-executor-3] DEBUG leader.FollowerInfo (FollowerInfoImpl.java:lambda$new$1(49)) - s0@group-DBBE7E7C6C61->s1: commitIndex: updateToMax old=1, new=1, updated? false
2022-08-02 21:05:56,573 [grpc-default-executor-3] DEBUG leader.FollowerInfo (FollowerInfoImpl.java:lambda$new$1(49)) - s0@group-DBBE7E7C6C61->s1: matchIndex: updateToMax old=2, new=-1, updated? false
2022-08-02 21:05:56,574 [grpc-default-executor-3] DEBUG leader.FollowerInfo (FollowerInfoImpl.java:lambda$new$1(49)) - s0@group-DBBE7E7C6C61->s2: commitIndex: updateToMax old=1, new=1, updated? false
2022-08-02 21:05:56,574 [grpc-default-executor-3] DEBUG leader.FollowerInfo (FollowerInfoImpl.java:lambda$new$1(49)) - s0@group-DBBE7E7C6C61->s2: matchIndex: updateToMax old=2, new=-1, updated? false
2022-08-02 21:05:56,574 [grpc-default-executor-3] DEBUG leader.FollowerInfo (FollowerInfoImpl.java:lambda$new$1(49)) - s0@group-DBBE7E7C6C61->s1: commitIndex: updateToMax old=1, new=1, updated? false
2022-08-02 21:05:56,574 [grpc-default-executor-3] DEBUG leader.FollowerInfo (FollowerInfoImpl.java:lambda$new$1(49)) - s0@group-DBBE7E7C6C61->s1: matchIndex: updateToMax old=2, new=-1, updated? false
2022-08-02 21:05:56,575 [grpc-default-executor-2] DEBUG leader.FollowerInfo (FollowerInfoImpl.java:lambda$new$1(49)) - s0@group-DBBE7E7C6C61->s2: commitIndex: updateToMax old=1, new=1, updated? false
2022-08-02 21:05:56,575 [grpc-default-executor-2] DEBUG leader.FollowerInfo (FollowerInfoImpl.java:lambda$new$1(49)) - s0@group-DBBE7E7C6C61->s2: matchIndex: updateToMax old=2, new=-1, updated? false
2022-08-02 21:05:56,575 [grpc-default-executor-2] DEBUG leader.FollowerInfo (FollowerInfoImpl.java:lambda$new$1(49)) - s0@group-DBBE7E7C6C61->s1: commitIndex: updateToMax old=1, new=1, updated? false
2022-08-02 21:05:56,575 [grpc-default-executor-2] DEBUG leader.FollowerInfo (FollowerInfoImpl.java:lambda$new$1(49)) - s0@group-DBBE7E7C6C61->s1: matchIndex: updateToMax old=2, new=-1, updated? false
2022-08-02 21:05:56,575 [grpc-default-executor-3] DEBUG leader.FollowerInfo (FollowerInfoImpl.java:lambda$new$1(49)) - s0@group-DBBE7E7C6C61->s2: commitIndex: updateToMax old=1, new=1, updated? false
2022-08-02 21:05:56,576 [grpc-default-executor-3] DEBUG leader.FollowerInfo (FollowerInfoImpl.java:lambda$new$1(49)) - s0@group-DBBE7E7C6C61->s2: matchIndex: updateToMax old=2, new=-1, updated? false
2022-08-02 21:05:56,576 [grpc-default-executor-2] DEBUG leader.FollowerInfo (FollowerInfoImpl.java:lambda$new$1(49)) - s0@group-DBBE7E7C6C61->s1: commitIndex: updateToMax old=1, new=1, updated? false
2022-08-02 21:05:56,576 [grpc-default-executor-2] DEBUG leader.FollowerInfo (FollowerInfoImpl.java:lambda$new$1(49)) - s0@group-DBBE7E7C6C61->s1: matchIndex: updateToMax old=2, new=-1, updated? false
2022-08-02 21:05:56,576 [grpc-default-executor-2] DEBUG leader.FollowerInfo (FollowerInfoImpl.java:lambda$new$1(49)) - s0@group-DBBE7E7C6C61->s2: commitIndex: updateToMax old=1, new=1, updated? false
2022-08-02 21:05:56,576 [grpc-default-executor-2] DEBUG leader.FollowerInfo (FollowerInfoImpl.java:lambda$new$1(49)) - s0@group-DBBE7E7C6C61->s2: matchIndex: updateToMax old=2, new=-1, updated? false
2022-08-02 21:05:56,577 [grpc-default-executor-2] DEBUG leader.FollowerInfo (FollowerInfoImpl.java:lambda$new$1(49)) - s0@group-DBBE7E7C6C61->s1: commitIndex: updateToMax old=1, new=1, updated? false
2022-08-02 21:05:56,577 [grpc-default-executor-2] DEBUG leader.FollowerInfo (FollowerInfoImpl.java:lambda$new$1(49)) - s0@group-DBBE7E7C6C61->s1: matchIndex: updateToMax old=2, new=-1, updated? false
2022-08-02 21:05:56,577 [grpc-default-executor-2] DEBUG leader.FollowerInfo (FollowerInfoImpl.java:lambda$new$1(49)) - s0@group-DBBE7E7C6C61->s2: commitIndex: updateToMax old=1, new=1, updated? false
2022-08-02 21:05:56,577 [grpc-default-executor-2] DEBUG leader.FollowerInfo (FollowerInfoImpl.java:lambda$new$1(49)) - s0@group-DBBE7E7C6C61->s2: matchIndex: updateToMax old=2, new=-1, updated? false
2022-08-02 21:05:56,578 [grpc-default-executor-2] DEBUG leader.FollowerInfo (FollowerInfoImpl.java:lambda$new$1(49)) - s0@group-DBBE7E7C6C61->s1: commitIndex: updateToMax old=1, new=1, updated? false
2022-08-02 21:05:56,578 [grpc-default-executor-2] DEBUG leader.FollowerInfo (FollowerInfoImpl.java:lambda$new$1(49)) - s0@group-DBBE7E7C6C61->s1: matchIndex: updateToMax old=2, new=-1, updated? false
2022-08-02 21:05:56,578 [grpc-default-executor-3] DEBUG leader.FollowerInfo (FollowerInfoImpl.java:lambda$new$1(49)) - s0@group-DBBE7E7C6C61->s2: commitIndex: updateToMax old=1, new=1, updated? false
2022-08-02 21:05:56,578 [grpc-default-executor-3] DEBUG leader.FollowerInfo (FollowerInfoImpl.java:lambda$new$1(49)) - s0@group-DBBE7E7C6C61->s2: matchIndex: updateToMax old=2, new=-1, updated? false
2022-08-02 21:05:56,578 [grpc-default-executor-2] DEBUG leader.FollowerInfo (FollowerInfoImpl.java:lambda$new$1(49)) - s0@group-DBBE7E7C6C61->s1: commitIndex: updateToMax old=1, new=1, updated? false
2022-08-02 21:05:56,579 [grpc-default-executor-2] DEBUG leader.FollowerInfo (FollowerInfoImpl.java:lambda$new$1(49)) - s0@group-DBBE7E7C6C61->s1: matchIndex: updateToMax old=2, new=-1, updated? false
2022-08-02 21:05:56,579 [grpc-default-executor-2] DEBUG leader.FollowerInfo (FollowerInfoImpl.java:lambda$new$1(49)) - s0@group-DBBE7E7C6C61->s2: commitIndex: updateToMax old=1, new=1, updated? false
2022-08-02 21:05:56,579 [grpc-default-executor-2] DEBUG leader.FollowerInfo (FollowerInfoImpl.java:lambda$new$1(49)) - s0@group-DBBE7E7C6C61->s2: matchIndex: updateToMax old=2, new=-1, updated? false
2022-08-02 21:05:56,580 [grpc-default-executor-3] DEBUG leader.FollowerInfo (FollowerInfoImpl.java:lambda$new$1(49)) - s0@group-DBBE7E7C6C61->s1: commitIndex: updateToMax old=1, new=1, updated? false
2022-08-02 21:05:56,580 [grpc-default-executor-3] DEBUG leader.FollowerInfo (FollowerInfoImpl.java:lambda$new$1(49)) - s0@group-DBBE7E7C6C61->s1: matchIndex: updateToMax old=2, new=-1, updated? false
2022-08-02 21:05:56,580 [grpc-default-executor-2] DEBUG leader.FollowerInfo (FollowerInfoImpl.java:lambda$new$1(49)) - s0@group-DBBE7E7C6C61->s2: commitIndex: updateToMax old=1, new=1, updated? false
2022-08-02 21:05:56,580 [grpc-default-executor-2] DEBUG leader.FollowerInfo (FollowerInfoImpl.java:lambda$new$1(49)) - s0@group-DBBE7E7C6C61->s2: matchIndex: updateToMax old=2, new=-1, updated? false
2022-08-02 21:05:56,581 [grpc-default-executor-3] DEBUG leader.FollowerInfo (FollowerInfoImpl.java:lambda$new$1(49)) - s0@group-DBBE7E7C6C61->s1: commitIndex: updateToMax old=1, new=1, updated? false
2022-08-02 21:05:56,581 [grpc-default-executor-3] DEBUG leader.FollowerInfo (FollowerInfoImpl.java:lambda$new$1(49)) - s0@group-DBBE7E7C6C61->s1: matchIndex: updateToMax old=2, new=-1, updated? false
2022-08-02 21:05:56,581 [grpc-default-executor-3] DEBUG leader.FollowerInfo (FollowerInfoImpl.java:lambda$new$1(49)) - s0@group-DBBE7E7C6C61->s2: commitIndex: updateToMax old=1, new=1, updated? false
2022-08-02 21:05:56,581 [grpc-default-executor-3] DEBUG leader.FollowerInfo (FollowerInfoImpl.java:lambda$new$1(49)) - s0@group-DBBE7E7C6C61->s2: matchIndex: updateToMax old=2, new=-1, updated? false
2022-08-02 21:05:56,582 [grpc-default-executor-3] DEBUG leader.FollowerInfo (FollowerInfoImpl.java:lambda$new$1(49)) - s0@group-DBBE7E7C6C61->s1: commitIndex: updateToMax old=1, new=1, updated? false
2022-08-02 21:05:56,582 [grpc-default-executor-3] DEBUG leader.FollowerInfo (FollowerInfoImpl.java:lambda$new$1(49)) - s0@group-DBBE7E7C6C61->s1: matchIndex: updateToMax old=2, new=-1, updated? false
2022-08-02 21:05:56,582 [grpc-default-executor-3] DEBUG leader.FollowerInfo (FollowerInfoImpl.java:lambda$new$1(49)) - s0@group-DBBE7E7C6C61->s2: commitIndex: updateToMax old=1, new=1, updated? false
2022-08-02 21:05:56,582 [grpc-default-executor-3] DEBUG leader.FollowerInfo (FollowerInfoImpl.java:lambda$new$1(49)) - s0@group-DBBE7E7C6C61->s2: matchIndex: updateToMax old=2, new=-1, updated? false
2022-08-02 21:05:56,583 [grpc-default-executor-3] DEBUG leader.FollowerInfo (FollowerInfoImpl.java:lambda$new$1(49)) - s0@group-DBBE7E7C6C61->s1: commitIndex: updateToMax old=1, new=1, updated? false
2022-08-02 21:05:56,583 [grpc-default-executor-3] DEBUG leader.FollowerInfo (FollowerInfoImpl.java:lambda$new$1(49)) - s0@group-DBBE7E7C6C61->s1: matchIndex: updateToMax old=2, new=-1, updated? false
2022-08-02 21:05:56,583 [grpc-default-executor-2] DEBUG leader.FollowerInfo (FollowerInfoImpl.java:lambda$new$1(49)) - s0@group-DBBE7E7C6C61->s2: commitIndex: updateToMax old=1, new=1, updated? false
2022-08-02 21:05:56,584 [grpc-default-executor-2] DEBUG leader.FollowerInfo (FollowerInfoImpl.java:lambda$new$1(49)) - s0@group-DBBE7E7C6C61->s2: matchIndex: updateToMax old=2, new=-1, updated? false
2022-08-02 21:05:56,584 [grpc-default-executor-3] DEBUG leader.FollowerInfo (FollowerInfoImpl.java:lambda$new$1(49)) - s0@group-DBBE7E7C6C61->s1: commitIndex: updateToMax old=1, new=1, updated? false
2022-08-02 21:05:56,584 [grpc-default-executor-3] DEBUG leader.FollowerInfo (FollowerInfoImpl.java:lambda$new$1(49)) - s0@group-DBBE7E7C6C61->s1: matchIndex: updateToMax old=2, new=-1, updated? false
2022-08-02 21:05:56,585 [grpc-default-executor-2] DEBUG leader.FollowerInfo (FollowerInfoImpl.java:lambda$new$1(49)) - s0@group-DBBE7E7C6C61->s2: commitIndex: updateToMax old=1, new=1, updated? false
2022-08-02 21:05:56,585 [grpc-default-executor-2] DEBUG leader.FollowerInfo (FollowerInfoImpl.java:lambda$new$1(49)) - s0@group-DBBE7E7C6C61->s2: matchIndex: updateToMax old=2, new=-1, updated? false
2022-08-02 21:05:56,585 [grpc-default-executor-2] DEBUG leader.FollowerInfo (FollowerInfoImpl.java:lambda$new$1(49)) - s0@group-DBBE7E7C6C61->s1: commitIndex: updateToMax old=1, new=1, updated? false
2022-08-02 21:05:56,585 [grpc-default-executor-2] DEBUG leader.FollowerInfo (FollowerInfoImpl.java:lambda$new$1(49)) - s0@group-DBBE7E7C6C61->s1: matchIndex: updateToMax old=2, new=-1, updated? false
2022-08-02 21:05:56,585 [grpc-default-executor-3] DEBUG leader.FollowerInfo (FollowerInfoImpl.java:lambda$new$1(49)) - s0@group-DBBE7E7C6C61->s2: commitIndex: updateToMax old=1, new=1, updated? false
2022-08-02 21:05:56,585 [grpc-default-executor-3] DEBUG leader.FollowerInfo (FollowerInfoImpl.java:lambda$new$1(49)) - s0@group-DBBE7E7C6C61->s2: matchIndex: updateToMax old=2, new=-1, updated? false
2022-08-02 21:05:56,586 [grpc-default-executor-2] DEBUG leader.FollowerInfo (FollowerInfoImpl.java:lambda$new$1(49)) - s0@group-DBBE7E7C6C61->s1: commitIndex: updateToMax old=1, new=1, updated? false
2022-08-02 21:05:56,586 [grpc-default-executor-2] DEBUG leader.FollowerInfo (FollowerInfoImpl.java:lambda$new$1(49)) - s0@group-DBBE7E7C6C61->s1: matchIndex: updateToMax old=2, new=-1, updated? false
2022-08-02 21:05:56,586 [grpc-default-executor-3] DEBUG leader.FollowerInfo (FollowerInfoImpl.java:lambda$new$1(49)) - s0@group-DBBE7E7C6C61->s2: commitIndex: updateToMax old=1, new=1, updated? false
2022-08-02 21:05:56,586 [grpc-default-executor-3] DEBUG leader.FollowerInfo (FollowerInfoImpl.java:lambda$new$1(49)) - s0@group-DBBE7E7C6C61->s2: matchIndex: updateToMax old=2, new=-1, updated? false
2022-08-02 21:05:56,587 [grpc-default-executor-2] DEBUG leader.FollowerInfo (FollowerInfoImpl.java:lambda$new$1(49)) - s0@group-DBBE7E7C6C61->s1: commitIndex: updateToMax old=1, new=1, updated? false
2022-08-02 21:05:56,587 [grpc-default-executor-2] DEBUG leader.FollowerInfo (FollowerInfoImpl.java:lambda$new$1(49)) - s0@group-DBBE7E7C6C61->s1: matchIndex: updateToMax old=2, new=-1, updated? false
2022-08-02 21:05:56,587 [grpc-default-executor-2] DEBUG leader.FollowerInfo (FollowerInfoImpl.java:lambda$new$1(49)) - s0@group-DBBE7E7C6C61->s2: commitIndex: updateToMax old=1, new=1, updated? false
2022-08-02 21:05:56,587 [grpc-default-executor-2] DEBUG leader.FollowerInfo (FollowerInfoImpl.java:lambda$new$1(49)) - s0@group-DBBE7E7C6C61->s2: matchIndex: updateToMax old=2, new=-1, updated? false
2022-08-02 21:05:56,588 [grpc-default-executor-2] DEBUG leader.FollowerInfo (FollowerInfoImpl.java:lambda$new$1(49)) - s0@group-DBBE7E7C6C61->s1: commitIndex: updateToMax old=1, new=1, updated? false
2022-08-02 21:05:56,588 [grpc-default-executor-2] DEBUG leader.FollowerInfo (FollowerInfoImpl.java:lambda$new$1(49)) - s0@group-DBBE7E7C6C61->s1: matchIndex: updateToMax old=2, new=-1, updated? false
2022-08-02 21:05:56,588 [grpc-default-executor-3] DEBUG leader.FollowerInfo (FollowerInfoImpl.java:lambda$new$1(49)) - s0@group-DBBE7E7C6C61->s2: commitIndex: updateToMax old=1, new=1, updated? false
2022-08-02 21:05:56,588 [grpc-default-executor-3] DEBUG leader.FollowerInfo (FollowerInfoImpl.java:lambda$new$1(49)) - s0@group-DBBE7E7C6C61->s2: matchIndex: updateToMax old=2, new=-1, updated? false
2022-08-02 21:05:56,588 [grpc-default-executor-2] DEBUG leader.FollowerInfo (FollowerInfoImpl.java:lambda$new$1(49)) - s0@group-DBBE7E7C6C61->s1: commitIndex: updateToMax old=1, new=1, updated? false
2022-08-02 21:05:56,589 [grpc-default-executor-2] DEBUG leader.FollowerInfo (FollowerInfoImpl.java:lambda$new$1(49)) - s0@group-DBBE7E7C6C61->s1: matchIndex: updateToMax old=2, new=-1, updated? false
2022-08-02 21:05:56,589 [grpc-default-executor-3] DEBUG leader.FollowerInfo (FollowerInfoImpl.java:lambda$new$1(49)) - s0@group-DBBE7E7C6C61->s2: commitIndex: updateToMax old=1, new=1, updated? false
2022-08-02 21:05:56,589 [grpc-default-executor-3] DEBUG leader.FollowerInfo (FollowerInfoImpl.java:lambda$new$1(49)) - s0@group-DBBE7E7C6C61->s2: matchIndex: updateToMax old=2, new=-1, updated? false
2022-08-02 21:05:56,590 [grpc-default-executor-2] DEBUG leader.FollowerInfo (FollowerInfoImpl.java:lambda$new$1(49)) - s0@group-DBBE7E7C6C61->s1: commitIndex: updateToMax old=1, new=1, updated? false
2022-08-02 21:05:56,590 [grpc-default-executor-2] DEBUG leader.FollowerInfo (FollowerInfoImpl.java:lambda$new$1(49)) - s0@group-DBBE7E7C6C61->s1: matchIndex: updateToMax old=2, new=-1, updated? false
2022-08-02 21:05:56,590 [grpc-default-executor-3] DEBUG leader.FollowerInfo (FollowerInfoImpl.java:lambda$new$1(49)) - s0@group-DBBE7E7C6C61->s2: commitIndex: updateToMax old=1, new=1, updated? false
2022-08-02 21:05:56,590 [grpc-default-executor-3] DEBUG leader.FollowerInfo (FollowerInfoImpl.java:lambda$new$1(49)) - s0@group-DBBE7E7C6C61->s2: matchIndex: updateToMax old=2, new=-1, updated? false
2022-08-02 21:05:56,590 [grpc-default-executor-2] DEBUG leader.FollowerInfo (FollowerInfoImpl.java:lambda$new$1(49)) - s0@group-DBBE7E7C6C61->s1: commitIndex: updateToMax old=1, new=1, updated? false
2022-08-02 21:05:56,591 [grpc-default-executor-2] DEBUG leader.FollowerInfo (FollowerInfoImpl.java:lambda$new$1(49)) - s0@group-DBBE7E7C6C61->s1: matchIndex: updateToMax old=2, new=-1, updated? false
2022-08-02 21:05:56,591 [grpc-default-executor-3] DEBUG leader.FollowerInfo (FollowerInfoImpl.java:lambda$new$1(49)) - s0@group-DBBE7E7C6C61->s2: commitIndex: updateToMax old=1, new=1, updated? false
2022-08-02 21:05:56,591 [grpc-default-executor-3] DEBUG leader.FollowerInfo (FollowerInfoImpl.java:lambda$new$1(49)) - s0@group-DBBE7E7C6C61->s2: matchIndex: updateToMax old=2, new=-1, updated? false
2022-08-02 21:05:56,591 [grpc-default-executor-2] DEBUG leader.FollowerInfo (FollowerInfoImpl.java:lambda$new$1(49)) - s0@group-DBBE7E7C6C61->s1: commitIndex: updateToMax old=1, new=1, updated? false
2022-08-02 21:05:56,592 [grpc-default-executor-2] DEBUG leader.FollowerInfo (FollowerInfoImpl.java:lambda$new$1(49)) - s0@group-DBBE7E7C6C61->s1: matchIndex: updateToMax old=2, new=-1, updated? false
2022-08-02 21:05:56,592 [grpc-default-executor-3] DEBUG leader.FollowerInfo (FollowerInfoImpl.java:lambda$new$1(49)) - s0@group-DBBE7E7C6C61->s2: commitIndex: updateToMax old=1, new=1, updated? false
2022-08-02 21:05:56,592 [grpc-default-executor-3] DEBUG leader.FollowerInfo (FollowerInfoImpl.java:lambda$new$1(49)) - s0@group-DBBE7E7C6C61->s2: matchIndex: updateToMax old=2, new=-1, updated? false
2022-08-02 21:05:56,592 [grpc-default-executor-2] DEBUG leader.FollowerInfo (FollowerInfoImpl.java:lambda$new$1(49)) - s0@group-DBBE7E7C6C61->s1: commitIndex: updateToMax old=1, new=1, updated? false
2022-08-02 21:05:56,593 [grpc-default-executor-2] DEBUG leader.FollowerInfo (FollowerInfoImpl.java:lambda$new$1(49)) - s0@group-DBBE7E7C6C61->s1: matchIndex: updateToMax old=2, new=-1, updated? false
2022-08-02 21:05:56,593 [grpc-default-executor-3] DEBUG leader.FollowerInfo (FollowerInfoImpl.java:lambda$new$1(49)) - s0@group-DBBE7E7C6C61->s2: commitIndex: updateToMax old=1, new=1, updated? false
2022-08-02 21:05:56,593 [grpc-default-executor-3] DEBUG leader.FollowerInfo (FollowerInfoImpl.java:lambda$new$1(49)) - s0@group-DBBE7E7C6C61->s2: matchIndex: updateToMax old=2, new=-1, updated? false
2022-08-02 21:05:56,594 [grpc-default-executor-2] DEBUG leader.FollowerInfo (FollowerInfoImpl.java:lambda$new$1(49)) - s0@group-DBBE7E7C6C61->s1: commitIndex: updateToMax old=1, new=1, updated? false
2022-08-02 21:05:56,594 [grpc-default-executor-2] DEBUG leader.FollowerInfo (FollowerInfoImpl.java:lambda$new$1(49)) - s0@group-DBBE7E7C6C61->s1: matchIndex: updateToMax old=2, new=-1, updated? false
2022-08-02 21:05:56,595 [grpc-default-executor-3] DEBUG leader.FollowerInfo (FollowerInfoImpl.java:lambda$new$1(49)) - s0@group-DBBE7E7C6C61->s2: commitIndex: updateToMax old=1, new=1, updated? false
2022-08-02 21:05:56,595 [grpc-default-executor-3] DEBUG leader.FollowerInfo (FollowerInfoImpl.java:lambda$new$1(49)) - s0@group-DBBE7E7C6C61->s2: matchIndex: updateToMax old=2, new=-1, updated? false
2022-08-02 21:05:56,595 [grpc-default-executor-2] DEBUG leader.FollowerInfo (FollowerInfoImpl.java:lambda$new$1(49)) - s0@group-DBBE7E7C6C61->s1: commitIndex: updateToMax old=1, new=1, updated? false
2022-08-02 21:05:56,595 [grpc-default-executor-2] DEBUG leader.FollowerInfo (FollowerInfoImpl.java:lambda$new$1(49)) - s0@group-DBBE7E7C6C61->s1: matchIndex: updateToMax old=2, new=-1, updated? false
2022-08-02 21:05:56,597 [grpc-default-executor-2] DEBUG leader.FollowerInfo (FollowerInfoImpl.java:lambda$new$1(49)) - s0@group-DBBE7E7C6C61->s2: commitIndex: updateToMax old=1, new=1, updated? false
2022-08-02 21:05:56,597 [grpc-default-executor-2] DEBUG leader.FollowerInfo (FollowerInfoImpl.java:lambda$new$1(49)) - s0@group-DBBE7E7C6C61->s2: matchIndex: updateToMax old=2, new=-1, updated? false
2022-08-02 21:05:56,597 [grpc-default-executor-3] DEBUG leader.FollowerInfo (FollowerInfoImpl.java:lambda$new$1(49)) - s0@group-DBBE7E7C6C61->s1: commitIndex: updateToMax old=1, new=1, updated? false
2022-08-02 21:05:56,597 [grpc-default-executor-3] DEBUG leader.FollowerInfo (FollowerInfoImpl.java:lambda$new$1(49)) - s0@group-DBBE7E7C6C61->s1: matchIndex: updateToMax old=2, new=-1, updated? false
2022-08-02 21:05:56,598 [grpc-default-executor-2] DEBUG leader.FollowerInfo (FollowerInfoImpl.java:lambda$new$1(49)) - s0@group-DBBE7E7C6C61->s1: commitIndex: updateToMax old=1, new=1, updated? false
2022-08-02 21:05:56,598 [grpc-default-executor-2] DEBUG leader.FollowerInfo (FollowerInfoImpl.java:lambda$new$1(49)) - s0@group-DBBE7E7C6C61->s1: matchIndex: updateToMax old=2, new=-1, updated? false
2022-08-02 21:05:56,599 [grpc-default-executor-2] DEBUG leader.FollowerInfo (FollowerInfoImpl.java:lambda$new$1(49)) - s0@group-DBBE7E7C6C61->s2: commitIndex: updateToMax old=1, new=1, updated? false
2022-08-02 21:05:56,599 [grpc-default-executor-2] DEBUG leader.FollowerInfo (FollowerInfoImpl.java:lambda$new$1(49)) - s0@group-DBBE7E7C6C61->s2: matchIndex: updateToMax old=2, new=-1, updated? false
2022-08-02 21:05:56,599 [grpc-default-executor-3] DEBUG leader.FollowerInfo (FollowerInfoImpl.java:lambda$new$1(49)) - s0@group-DBBE7E7C6C61->s1: commitIndex: updateToMax old=1, new=1, updated? false
2022-08-02 21:05:56,600 [grpc-default-executor-3] DEBUG leader.FollowerInfo (FollowerInfoImpl.java:lambda$new$1(49)) - s0@group-DBBE7E7C6C61->s1: matchIndex: updateToMax old=2, new=-1, updated? false
2022-08-02 21:05:56,600 [grpc-default-executor-3] DEBUG leader.FollowerInfo (FollowerInfoImpl.java:lambda$new$1(49)) - s0@group-DBBE7E7C6C61->s2: commitIndex: updateToMax old=1, new=1, updated? false
2022-08-02 21:05:56,600 [grpc-default-executor-2] DEBUG leader.FollowerInfo (FollowerInfoImpl.java:lambda$new$1(49)) - s0@group-DBBE7E7C6C61->s1: commitIndex: updateToMax old=1, new=1, updated? false
2022-08-02 21:05:56,600 [grpc-default-executor-2] DEBUG leader.FollowerInfo (FollowerInfoImpl.java:lambda$new$1(49)) - s0@group-DBBE7E7C6C61->s1: matchIndex: updateToMax old=2, new=-1, updated? false
2022-08-02 21:05:56,600 [grpc-default-executor-3] DEBUG leader.FollowerInfo (FollowerInfoImpl.java:lambda$new$1(49)) - s0@group-DBBE7E7C6C61->s2: matchIndex: updateToMax old=2, new=-1, updated? false
2022-08-02 21:05:56,601 [grpc-default-executor-2] DEBUG leader.FollowerInfo (FollowerInfoImpl.java:lambda$new$1(49)) - s0@group-DBBE7E7C6C61->s2: commitIndex: updateToMax old=1, new=1, updated? false
2022-08-02 21:05:56,601 [grpc-default-executor-3] DEBUG leader.FollowerInfo (FollowerInfoImpl.java:lambda$new$1(49)) - s0@group-DBBE7E7C6C61->s1: commitIndex: updateToMax old=1, new=1, updated? false
2022-08-02 21:05:56,601 [grpc-default-executor-3] DEBUG leader.FollowerInfo (FollowerInfoImpl.java:lambda$new$1(49)) - s0@group-DBBE7E7C6C61->s1: matchIndex: updateToMax old=2, new=-1, updated? false
2022-08-02 21:05:56,601 [grpc-default-executor-2] DEBUG leader.FollowerInfo (FollowerInfoImpl.java:lambda$new$1(49)) - s0@group-DBBE7E7C6C61->s2: matchIndex: updateToMax old=2, new=-1, updated? false
2022-08-02 21:05:56,602 [grpc-default-executor-2] DEBUG leader.FollowerInfo (FollowerInfoImpl.java:lambda$new$1(49)) - s0@group-DBBE7E7C6C61->s1: commitIndex: updateToMax old=1, new=1, updated? false
2022-08-02 21:05:56,602 [grpc-default-executor-2] DEBUG leader.FollowerInfo (FollowerInfoImpl.java:lambda$new$1(49)) - s0@group-DBBE7E7C6C61->s1: matchIndex: updateToMax old=2, new=-1, updated? false
2022-08-02 21:05:56,602 [grpc-default-executor-3] DEBUG leader.FollowerInfo (FollowerInfoImpl.java:lambda$new$1(49)) - s0@group-DBBE7E7C6C61->s2: commitIndex: updateToMax old=1, new=1, updated? false
2022-08-02 21:05:56,602 [grpc-default-executor-3] DEBUG leader.FollowerInfo (FollowerInfoImpl.java:lambda$new$1(49)) - s0@group-DBBE7E7C6C61->s2: matchIndex: updateToMax old=2, new=-1, updated? false
2022-08-02 21:05:56,607 [grpc-default-executor-2] DEBUG leader.FollowerInfo (FollowerInfoImpl.java:lambda$new$1(49)) - s0@group-DBBE7E7C6C61->s1: commitIndex: updateToMax old=1, new=1, updated? false
2022-08-02 21:05:56,607 [grpc-default-executor-2] DEBUG leader.FollowerInfo (FollowerInfoImpl.java:lambda$new$1(49)) - s0@group-DBBE7E7C6C61->s1: matchIndex: updateToMax old=2, new=-1, updated? false
2022-08-02 21:05:56,607 [grpc-default-executor-2] DEBUG leader.FollowerInfo (FollowerInfoImpl.java:lambda$new$1(49)) - s0@group-DBBE7E7C6C61->s2: commitIndex: updateToMax old=1, new=1, updated? false
2022-08-02 21:05:56,607 [grpc-default-executor-2] DEBUG leader.FollowerInfo (FollowerInfoImpl.java:lambda$new$1(49)) - s0@group-DBBE7E7C6C61->s2: matchIndex: updateToMax old=2, new=-1, updated? false
2022-08-02 21:05:56,608 [grpc-default-executor-3] DEBUG leader.FollowerInfo (FollowerInfoImpl.java:lambda$new$1(49)) - s0@group-DBBE7E7C6C61->s1: commitIndex: updateToMax old=1, new=1, updated? false
2022-08-02 21:05:56,608 [grpc-default-executor-3] DEBUG leader.FollowerInfo (FollowerInfoImpl.java:lambda$new$1(49)) - s0@group-DBBE7E7C6C61->s1: matchIndex: updateToMax old=2, new=-1, updated? false
2022-08-02 21:05:56,609 [grpc-default-executor-3] DEBUG leader.FollowerInfo (FollowerInfoImpl.java:lambda$new$1(49)) - s0@group-DBBE7E7C6C61->s2: commitIndex: updateToMax old=1, new=1, updated? false
2022-08-02 21:05:56,609 [grpc-default-executor-3] DEBUG leader.FollowerInfo (FollowerInfoImpl.java:lambda$new$1(49)) - s0@group-DBBE7E7C6C61->s2: matchIndex: updateToMax old=2, new=-1, updated? false
2022-08-02 21:05:56,609 [grpc-default-executor-2] DEBUG leader.FollowerInfo (FollowerInfoImpl.java:lambda$new$1(49)) - s0@group-DBBE7E7C6C61->s1: commitIndex: updateToMax old=1, new=1, updated? false
2022-08-02 21:05:56,609 [grpc-default-executor-2] DEBUG leader.FollowerInfo (FollowerInfoImpl.java:lambda$new$1(49)) - s0@group-DBBE7E7C6C61->s1: matchIndex: updateToMax old=2, new=-1, updated? false
2022-08-02 21:05:56,610 [grpc-default-executor-2] DEBUG leader.FollowerInfo (FollowerInfoImpl.java:lambda$new$1(49)) - s0@group-DBBE7E7C6C61->s2: commitIndex: updateToMax old=1, new=1, updated? false
2022-08-02 21:05:56,610 [grpc-default-executor-2] DEBUG leader.FollowerInfo (FollowerInfoImpl.java:lambda$new$1(49)) - s0@group-DBBE7E7C6C61->s2: matchIndex: updateToMax old=2, new=-1, updated? false
2022-08-02 21:05:56,610 [grpc-default-executor-3] DEBUG leader.FollowerInfo (FollowerInfoImpl.java:lambda$new$1(49)) - s0@group-DBBE7E7C6C61->s1: commitIndex: updateToMax old=1, new=1, updated? false
2022-08-02 21:05:56,610 [grpc-default-executor-3] DEBUG leader.FollowerInfo (FollowerInfoImpl.java:lambda$new$1(49)) - s0@group-DBBE7E7C6C61->s1: matchIndex: updateToMax old=2, new=-1, updated? false
2022-08-02 21:05:56,611 [grpc-default-executor-3] DEBUG leader.FollowerInfo (FollowerInfoImpl.java:lambda$new$1(49)) - s0@group-DBBE7E7C6C61->s2: commitIndex: updateToMax old=1, new=1, updated? false
2022-08-02 21:05:56,611 [grpc-default-executor-3] DEBUG leader.FollowerInfo (FollowerInfoImpl.java:lambda$new$1(49)) - s0@group-DBBE7E7C6C61->s2: matchIndex: updateToMax old=2, new=-1, updated? false
2022-08-02 21:05:56,612 [grpc-default-executor-2] DEBUG leader.FollowerInfo (FollowerInfoImpl.java:lambda$new$1(49)) - s0@group-DBBE7E7C6C61->s1: commitIndex: updateToMax old=1, new=1, updated? false
2022-08-02 21:05:56,612 [grpc-default-executor-2] DEBUG leader.FollowerInfo (FollowerInfoImpl.java:lambda$new$1(49)) - s0@group-DBBE7E7C6C61->s1: matchIndex: updateToMax old=2, new=-1, updated? false
2022-08-02 21:05:56,612 [grpc-default-executor-2] DEBUG leader.FollowerInfo (FollowerInfoImpl.java:lambda$new$1(49)) - s0@group-DBBE7E7C6C61->s2: commitIndex: updateToMax old=1, new=1, updated? false
2022-08-02 21:05:56,612 [grpc-default-executor-2] DEBUG leader.FollowerInfo (FollowerInfoImpl.java:lambda$new$1(49)) - s0@group-DBBE7E7C6C61->s2: matchIndex: updateToMax old=2, new=-1, updated? false
2022-08-02 21:05:56,613 [grpc-default-executor-3] DEBUG leader.FollowerInfo (FollowerInfoImpl.java:lambda$new$1(49)) - s0@group-DBBE7E7C6C61->s1: commitIndex: updateToMax old=1, new=1, updated? false
2022-08-02 21:05:56,613 [grpc-default-executor-3] DEBUG leader.FollowerInfo (FollowerInfoImpl.java:lambda$new$1(49)) - s0@group-DBBE7E7C6C61->s1: matchIndex: updateToMax old=2, new=-1, updated? false
2022-08-02 21:05:56,613 [grpc-default-executor-3] DEBUG leader.FollowerInfo (FollowerInfoImpl.java:lambda$new$1(49)) - s0@group-DBBE7E7C6C61->s2: commitIndex: updateToMax old=1, new=1, updated? false
2022-08-02 21:05:56,613 [grpc-default-executor-3] DEBUG leader.FollowerInfo (FollowerInfoImpl.java:lambda$new$1(49)) - s0@group-DBBE7E7C6C61->s2: matchIndex: updateToMax old=2, new=-1, updated? false
2022-08-02 21:05:56,614 [grpc-default-executor-2] DEBUG leader.FollowerInfo (FollowerInfoImpl.java:lambda$new$1(49)) - s0@group-DBBE7E7C6C61->s1: commitIndex: updateToMax old=1, new=1, updated? false
2022-08-02 21:05:56,614 [grpc-default-executor-2] DEBUG leader.FollowerInfo (FollowerInfoImpl.java:lambda$new$1(49)) - s0@group-DBBE7E7C6C61->s1: matchIndex: updateToMax old=2, new=-1, updated? false
2022-08-02 21:05:56,615 [grpc-default-executor-2] DEBUG leader.FollowerInfo (FollowerInfoImpl.java:lambda$new$1(49)) - s0@group-DBBE7E7C6C61->s2: commitIndex: updateToMax old=1, new=1, updated? false
2022-08-02 21:05:56,615 [grpc-default-executor-2] DEBUG leader.FollowerInfo (FollowerInfoImpl.java:lambda$new$1(49)) - s0@group-DBBE7E7C6C61->s2: matchIndex: updateToMax old=2, new=-1, updated? false
2022-08-02 21:05:56,615 [grpc-default-executor-3] DEBUG leader.FollowerInfo (FollowerInfoImpl.java:lambda$new$1(49)) - s0@group-DBBE7E7C6C61->s1: commitIndex: updateToMax old=1, new=1, updated? false
2022-08-02 21:05:56,615 [grpc-default-executor-3] DEBUG leader.FollowerInfo (FollowerInfoImpl.java:lambda$new$1(49)) - s0@group-DBBE7E7C6C61->s1: matchIndex: updateToMax old=2, new=-1, updated? false
2022-08-02 21:05:56,616 [grpc-default-executor-3] DEBUG leader.FollowerInfo (FollowerInfoImpl.java:lambda$new$1(49)) - s0@group-DBBE7E7C6C61->s2: commitIndex: updateToMax old=1, new=1, updated? false
2022-08-02 21:05:56,616 [grpc-default-executor-3] DEBUG leader.FollowerInfo (FollowerInfoImpl.java:lambda$new$1(49)) - s0@group-DBBE7E7C6C61->s2: matchIndex: updateToMax old=2, new=-1, updated? false
2022-08-02 21:05:56,616 [grpc-default-executor-2] DEBUG leader.FollowerInfo (FollowerInfoImpl.java:lambda$new$1(49)) - s0@group-DBBE7E7C6C61->s1: commitIndex: updateToMax old=1, new=1, updated? false
2022-08-02 21:05:56,617 [grpc-default-executor-2] DEBUG leader.FollowerInfo (FollowerInfoImpl.java:lambda$new$1(49)) - s0@group-DBBE7E7C6C61->s1: matchIndex: updateToMax old=2, new=-1, updated? false
2022-08-02 21:05:56,617 [grpc-default-executor-2] DEBUG leader.FollowerInfo (FollowerInfoImpl.java:lambda$new$1(49)) - s0@group-DBBE7E7C6C61->s2: commitIndex: updateToMax old=1, new=1, updated? false
2022-08-02 21:05:56,617 [grpc-default-executor-2] DEBUG leader.FollowerInfo (FollowerInfoImpl.java:lambda$new$1(49)) - s0@group-DBBE7E7C6C61->s2: matchIndex: updateToMax old=2, new=-1, updated? false
2022-08-02 21:05:56,618 [grpc-default-executor-3] DEBUG leader.FollowerInfo (FollowerInfoImpl.java:lambda$new$1(49)) - s0@group-DBBE7E7C6C61->s1: commitIndex: updateToMax old=1, new=1, updated? false
2022-08-02 21:05:56,618 [grpc-default-executor-3] DEBUG leader.FollowerInfo (FollowerInfoImpl.java:lambda$new$1(49)) - s0@group-DBBE7E7C6C61->s1: matchIndex: updateToMax old=2, new=-1, updated? false
2022-08-02 21:05:56,618 [grpc-default-executor-3] DEBUG leader.FollowerInfo (FollowerInfoImpl.java:lambda$new$1(49)) - s0@group-DBBE7E7C6C61->s2: commitIndex: updateToMax old=1, new=1, updated? false
2022-08-02 21:05:56,618 [grpc-default-executor-3] DEBUG leader.FollowerInfo (FollowerInfoImpl.java:lambda$new$1(49)) - s0@group-DBBE7E7C6C61->s2: matchIndex: updateToMax old=2, new=-1, updated? false
2022-08-02 21:05:56,619 [grpc-default-executor-2] DEBUG leader.FollowerInfo (FollowerInfoImpl.java:lambda$new$1(49)) - s0@group-DBBE7E7C6C61->s1: commitIndex: updateToMax old=1, new=1, updated? false
2022-08-02 21:05:56,619 [grpc-default-executor-2] DEBUG leader.FollowerInfo (FollowerInfoImpl.java:lambda$new$1(49)) - s0@group-DBBE7E7C6C61->s1: matchIndex: updateToMax old=2, new=-1, updated? false
2022-08-02 21:05:56,619 [grpc-default-executor-2] DEBUG leader.FollowerInfo (FollowerInfoImpl.java:lambda$new$1(49)) - s0@group-DBBE7E7C6C61->s2: commitIndex: updateToMax old=1, new=1, updated? false
2022-08-02 21:05:56,619 [grpc-default-executor-2] DEBUG leader.FollowerInfo (FollowerInfoImpl.java:lambda$new$1(49)) - s0@group-DBBE7E7C6C61->s2: matchIndex: updateToMax old=2, new=-1, updated? false
2022-08-02 21:05:56,620 [grpc-default-executor-3] DEBUG leader.FollowerInfo (FollowerInfoImpl.java:lambda$new$1(49)) - s0@group-DBBE7E7C6C61->s1: commitIndex: updateToMax old=1, new=1, updated? false
2022-08-02 21:05:56,620 [grpc-default-executor-3] DEBUG leader.FollowerInfo (FollowerInfoImpl.java:lambda$new$1(49)) - s0@group-DBBE7E7C6C61->s1: matchIndex: updateToMax old=2, new=-1, updated? false
2022-08-02 21:05:56,620 [grpc-default-executor-3] DEBUG leader.FollowerInfo (FollowerInfoImpl.java:lambda$new$1(49)) - s0@group-DBBE7E7C6C61->s2: commitIndex: updateToMax old=1, new=1, updated? false
2022-08-02 21:05:56,621 [grpc-default-executor-3] DEBUG leader.FollowerInfo (FollowerInfoImpl.java:lambda$new$1(49)) - s0@group-DBBE7E7C6C61->s2: matchIndex: updateToMax old=2, new=-1, updated? false
2022-08-02 21:05:56,621 [grpc-default-executor-2] DEBUG leader.FollowerInfo (FollowerInfoImpl.java:lambda$new$1(49)) - s0@group-DBBE7E7C6C61->s1: commitIndex: updateToMax old=1, new=1, updated? false
2022-08-02 21:05:56,621 [grpc-default-executor-2] DEBUG leader.FollowerInfo (FollowerInfoImpl.java:lambda$new$1(49)) - s0@group-DBBE7E7C6C61->s1: matchIndex: updateToMax old=2, new=-1, updated? false
2022-08-02 21:05:56,622 [grpc-default-executor-2] DEBUG leader.FollowerInfo (FollowerInfoImpl.java:lambda$new$1(49)) - s0@group-DBBE7E7C6C61->s2: commitIndex: updateToMax old=1, new=1, updated? false
2022-08-02 21:05:56,622 [grpc-default-executor-2] DEBUG leader.FollowerInfo (FollowerInfoImpl.java:lambda$new$1(49)) - s0@group-DBBE7E7C6C61->s2: matchIndex: updateToMax old=2, new=-1, updated? false
2022-08-02 21:05:56,622 [grpc-default-executor-3] DEBUG leader.FollowerInfo (FollowerInfoImpl.java:lambda$new$1(49)) - s0@group-DBBE7E7C6C61->s1: commitIndex: updateToMax old=1, new=1, updated? false
2022-08-02 21:05:56,622 [grpc-default-executor-3] DEBUG leader.FollowerInfo (FollowerInfoImpl.java:lambda$new$1(49)) - s0@group-DBBE7E7C6C61->s1: matchIndex: updateToMax old=2, new=-1, updated? false
2022-08-02 21:05:56,623 [grpc-default-executor-3] DEBUG leader.FollowerInfo (FollowerInfoImpl.java:lambda$new$1(49)) - s0@group-DBBE7E7C6C61->s2: commitIndex: updateToMax old=1, new=1, updated? false
2022-08-02 21:05:56,623 [grpc-default-executor-3] DEBUG leader.FollowerInfo (FollowerInfoImpl.java:lambda$new$1(49)) - s0@group-DBBE7E7C6C61->s2: matchIndex: updateToMax old=2, new=-1, updated? false
2022-08-02 21:05:56,623 [grpc-default-executor-2] DEBUG leader.FollowerInfo (FollowerInfoImpl.java:lambda$new$1(49)) - s0@group-DBBE7E7C6C61->s1: commitIndex: updateToMax old=1, new=1, updated? false
2022-08-02 21:05:56,623 [grpc-default-executor-2] DEBUG leader.FollowerInfo (FollowerInfoImpl.java:lambda$new$1(49)) - s0@group-DBBE7E7C6C61->s1: matchIndex: updateToMax old=2, new=-1, updated? false
2022-08-02 21:05:56,624 [grpc-default-executor-2] DEBUG leader.FollowerInfo (FollowerInfoImpl.java:lambda$new$1(49)) - s0@group-DBBE7E7C6C61->s2: commitIndex: updateToMax old=1, new=1, updated? false
2022-08-02 21:05:56,624 [grpc-default-executor-2] DEBUG leader.FollowerInfo (FollowerInfoImpl.java:lambda$new$1(49)) - s0@group-DBBE7E7C6C61->s2: matchIndex: updateToMax old=2, new=-1, updated? false
2022-08-02 21:05:56,625 [grpc-default-executor-3] DEBUG leader.FollowerInfo (FollowerInfoImpl.java:lambda$new$1(49)) - s0@group-DBBE7E7C6C61->s1: commitIndex: updateToMax old=1, new=1, updated? false
2022-08-02 21:05:56,625 [grpc-default-executor-3] DEBUG leader.FollowerInfo (FollowerInfoImpl.java:lambda$new$1(49)) - s0@group-DBBE7E7C6C61->s1: matchIndex: updateToMax old=2, new=-1, updated? false
2022-08-02 21:05:56,625 [grpc-default-executor-3] DEBUG leader.FollowerInfo (FollowerInfoImpl.java:lambda$new$1(49)) - s0@group-DBBE7E7C6C61->s2: commitIndex: updateToMax old=1, new=1, updated? false
2022-08-02 21:05:56,625 [grpc-default-executor-3] DEBUG leader.FollowerInfo (FollowerInfoImpl.java:lambda$new$1(49)) - s0@group-DBBE7E7C6C61->s2: matchIndex: updateToMax old=2, new=-1, updated? false
2022-08-02 21:05:56,626 [grpc-default-executor-2] DEBUG leader.FollowerInfo (FollowerInfoImpl.java:lambda$new$1(49)) - s0@group-DBBE7E7C6C61->s1: commitIndex: updateToMax old=1, new=1, updated? false
2022-08-02 21:05:56,626 [grpc-default-executor-2] DEBUG leader.FollowerInfo (FollowerInfoImpl.java:lambda$new$1(49)) - s0@group-DBBE7E7C6C61->s1: matchIndex: updateToMax old=2, new=-1, updated? false
2022-08-02 21:05:56,626 [grpc-default-executor-2] DEBUG leader.FollowerInfo (FollowerInfoImpl.java:lambda$new$1(49)) - s0@group-DBBE7E7C6C61->s2: commitIndex: updateToMax old=1, new=1, updated? false
2022-08-02 21:05:56,627 [grpc-default-executor-2] DEBUG leader.FollowerInfo (FollowerInfoImpl.java:lambda$new$1(49)) - s0@group-DBBE7E7C6C61->s2: matchIndex: updateToMax old=2, new=-1, updated? false
2022-08-02 21:05:56,627 [grpc-default-executor-3] DEBUG leader.FollowerInfo (FollowerInfoImpl.java:lambda$new$1(49)) - s0@group-DBBE7E7C6C61->s1: commitIndex: updateToMax old=1, new=1, updated? false
2022-08-02 21:05:56,627 [grpc-default-executor-3] DEBUG leader.FollowerInfo (FollowerInfoImpl.java:lambda$new$1(49)) - s0@group-DBBE7E7C6C61->s1: matchIndex: updateToMax old=2, new=-1, updated? false
2022-08-02 21:05:56,628 [grpc-default-executor-3] DEBUG leader.FollowerInfo (FollowerInfoImpl.java:lambda$new$1(49)) - s0@group-DBBE7E7C6C61->s2: commitIndex: updateToMax old=1, new=1, updated? false
2022-08-02 21:05:56,628 [grpc-default-executor-3] DEBUG leader.FollowerInfo (FollowerInfoImpl.java:lambda$new$1(49)) - s0@group-DBBE7E7C6C61->s2: matchIndex: updateToMax old=2, new=-1, updated? false
2022-08-02 21:05:56,628 [grpc-default-executor-2] DEBUG leader.FollowerInfo (FollowerInfoImpl.java:lambda$new$1(49)) - s0@group-DBBE7E7C6C61->s1: commitIndex: updateToMax old=1, new=1, updated? false
2022-08-02 21:05:56,628 [grpc-default-executor-2] DEBUG leader.FollowerInfo (FollowerInfoImpl.java:lambda$new$1(49)) - s0@group-DBBE7E7C6C61->s1: matchIndex: updateToMax old=2, new=-1, updated? false
2022-08-02 21:05:56,629 [grpc-default-executor-2] DEBUG leader.FollowerInfo (FollowerInfoImpl.java:lambda$new$1(49)) - s0@group-DBBE7E7C6C61->s2: commitIndex: updateToMax old=1, new=1, updated? false
2022-08-02 21:05:56,629 [grpc-default-executor-2] DEBUG leader.FollowerInfo (FollowerInfoImpl.java:lambda$new$1(49)) - s0@group-DBBE7E7C6C61->s2: matchIndex: updateToMax old=2, new=-1, updated? false
2022-08-02 21:05:56,629 [grpc-default-executor-3] DEBUG leader.FollowerInfo (FollowerInfoImpl.java:lambda$new$1(49)) - s0@group-DBBE7E7C6C61->s1: commitIndex: updateToMax old=1, new=1, updated? false
2022-08-02 21:05:56,630 [grpc-default-executor-3] DEBUG leader.FollowerInfo (FollowerInfoImpl.java:lambda$new$1(49)) - s0@group-DBBE7E7C6C61->s1: matchIndex: updateToMax old=2, new=-1, updated? false
2022-08-02 21:05:56,630 [grpc-default-executor-3] DEBUG leader.FollowerInfo (FollowerInfoImpl.java:lambda$new$1(49)) - s0@group-DBBE7E7C6C61->s2: commitIndex: updateToMax old=1, new=1, updated? false
2022-08-02 21:05:56,630 [grpc-default-executor-3] DEBUG leader.FollowerInfo (FollowerInfoImpl.java:lambda$new$1(49)) - s0@group-DBBE7E7C6C61->s2: matchIndex: updateToMax old=2, new=-1, updated? false
2022-08-02 21:05:56,631 [grpc-default-executor-2] DEBUG leader.FollowerInfo (FollowerInfoImpl.java:lambda$new$1(49)) - s0@group-DBBE7E7C6C61->s1: commitIndex: updateToMax old=1, new=1, updated? false
2022-08-02 21:05:56,631 [grpc-default-executor-2] DEBUG leader.FollowerInfo (FollowerInfoImpl.java:lambda$new$1(49)) - s0@group-DBBE7E7C6C61->s1: matchIndex: updateToMax old=2, new=-1, updated? false
2022-08-02 21:05:56,631 [grpc-default-executor-2] DEBUG leader.FollowerInfo (FollowerInfoImpl.java:lambda$new$1(49)) - s0@group-DBBE7E7C6C61->s2: commitIndex: updateToMax old=1, new=1, updated? false
2022-08-02 21:05:56,631 [grpc-default-executor-2] DEBUG leader.FollowerInfo (FollowerInfoImpl.java:lambda$new$1(49)) - s0@group-DBBE7E7C6C61->s2: matchIndex: updateToMax old=2, new=-1, updated? false
2022-08-02 21:05:56,632 [grpc-default-executor-3] DEBUG leader.FollowerInfo (FollowerInfoImpl.java:lambda$new$1(49)) - s0@group-DBBE7E7C6C61->s1: commitIndex: updateToMax old=1, new=1, updated? false
2022-08-02 21:05:56,632 [grpc-default-executor-3] DEBUG leader.FollowerInfo (FollowerInfoImpl.java:lambda$new$1(49)) - s0@group-DBBE7E7C6C61->s1: matchIndex: updateToMax old=2, new=-1, updated? false
2022-08-02 21:05:56,632 [grpc-default-executor-2] DEBUG leader.FollowerInfo (FollowerInfoImpl.java:lambda$new$1(49)) - s0@group-DBBE7E7C6C61->s2: commitIndex: updateToMax old=1, new=1, updated? false
2022-08-02 21:05:56,632 [grpc-default-executor-2] DEBUG leader.FollowerInfo (FollowerInfoImpl.java:lambda$new$1(49)) - s0@group-DBBE7E7C6C61->s2: matchIndex: updateToMax old=2, new=-1, updated? false
2022-08-02 21:05:56,633 [grpc-default-executor-3] DEBUG leader.FollowerInfo (FollowerInfoImpl.java:lambda$new$1(49)) - s0@group-DBBE7E7C6C61->s1: commitIndex: updateToMax old=1, new=1, updated? false
2022-08-02 21:05:56,633 [grpc-default-executor-3] DEBUG leader.FollowerInfo (FollowerInfoImpl.java:lambda$new$1(49)) - s0@group-DBBE7E7C6C61->s1: matchIndex: updateToMax old=2, new=-1, updated? false
2022-08-02 21:05:56,633 [grpc-default-executor-3] DEBUG leader.FollowerInfo (FollowerInfoImpl.java:lambda$new$1(49)) - s0@group-DBBE7E7C6C61->s2: commitIndex: updateToMax old=1, new=1, updated? false
2022-08-02 21:05:56,633 [grpc-default-executor-3] DEBUG leader.FollowerInfo (FollowerInfoImpl.java:lambda$new$1(49)) - s0@group-DBBE7E7C6C61->s2: matchIndex: updateToMax old=2, new=-1, updated? false
2022-08-02 21:05:56,634 [grpc-default-executor-2] DEBUG leader.FollowerInfo (FollowerInfoImpl.java:lambda$new$1(49)) - s0@group-DBBE7E7C6C61->s1: commitIndex: updateToMax old=1, new=1, updated? false
2022-08-02 21:05:56,634 [grpc-default-executor-2] DEBUG leader.FollowerInfo (FollowerInfoImpl.java:lambda$new$1(49)) - s0@group-DBBE7E7C6C61->s1: matchIndex: updateToMax old=2, new=-1, updated? false
2022-08-02 21:05:56,634 [grpc-default-executor-3] DEBUG leader.FollowerInfo (FollowerInfoImpl.java:lambda$new$1(49)) - s0@group-DBBE7E7C6C61->s2: commitIndex: updateToMax old=1, new=1, updated? false
2022-08-02 21:05:56,634 [grpc-default-executor-3] DEBUG leader.FollowerInfo (FollowerInfoImpl.java:lambda$new$1(49)) - s0@group-DBBE7E7C6C61->s2: matchIndex: updateToMax old=2, new=-1, updated? false
2022-08-02 21:05:56,635 [grpc-default-executor-3] DEBUG leader.FollowerInfo (FollowerInfoImpl.java:lambda$new$1(49)) - s0@group-DBBE7E7C6C61->s1: commitIndex: updateToMax old=1, new=1, updated? false
2022-08-02 21:05:56,636 [grpc-default-executor-3] DEBUG leader.FollowerInfo (FollowerInfoImpl.java:lambda$new$1(49)) - s0@group-DBBE7E7C6C61->s1: matchIndex: updateToMax old=2, new=-1, updated? false
2022-08-02 21:05:56,636 [grpc-default-executor-2] DEBUG leader.FollowerInfo (FollowerInfoImpl.java:lambda$new$1(49)) - s0@group-DBBE7E7C6C61->s2: commitIndex: updateToMax old=1, new=1, updated? false
2022-08-02 21:05:56,636 [grpc-default-executor-2] DEBUG leader.FollowerInfo (FollowerInfoImpl.java:lambda$new$1(49)) - s0@group-DBBE7E7C6C61->s2: matchIndex: updateToMax old=2, new=-1, updated? false
2022-08-02 21:05:56,640 [grpc-default-executor-3] DEBUG leader.FollowerInfo (FollowerInfoImpl.java:lambda$new$1(49)) - s0@group-DBBE7E7C6C61->s1: commitIndex: updateToMax old=1, new=1, updated? false
2022-08-02 21:05:56,640 [grpc-default-executor-3] DEBUG leader.FollowerInfo (FollowerInfoImpl.java:lambda$new$1(49)) - s0@group-DBBE7E7C6C61->s1: matchIndex: updateToMax old=2, new=-1, updated? false
2022-08-02 21:05:56,640 [grpc-default-executor-2] DEBUG leader.FollowerInfo (FollowerInfoImpl.java:lambda$new$1(49)) - s0@group-DBBE7E7C6C61->s2: commitIndex: updateToMax old=1, new=1, updated? false
2022-08-02 21:05:56,641 [grpc-default-executor-2] DEBUG leader.FollowerInfo (FollowerInfoImpl.java:lambda$new$1(49)) - s0@group-DBBE7E7C6C61->s2: matchIndex: updateToMax old=2, new=-1, updated? false
2022-08-02 21:05:56,641 [grpc-default-executor-3] DEBUG leader.FollowerInfo (FollowerInfoImpl.java:lambda$new$1(49)) - s0@group-DBBE7E7C6C61->s1: commitIndex: updateToMax old=1, new=1, updated? false
2022-08-02 21:05:56,641 [grpc-default-executor-3] DEBUG leader.FollowerInfo (FollowerInfoImpl.java:lambda$new$1(49)) - s0@group-DBBE7E7C6C61->s1: matchIndex: updateToMax old=2, new=-1, updated? false
2022-08-02 21:05:56,642 [grpc-default-executor-2] DEBUG leader.FollowerInfo (FollowerInfoImpl.java:lambda$new$1(49)) - s0@group-DBBE7E7C6C61->s2: commitIndex: updateToMax old=1, new=1, updated? false
2022-08-02 21:05:56,642 [grpc-default-executor-2] DEBUG leader.FollowerInfo (FollowerInfoImpl.java:lambda$new$1(49)) - s0@group-DBBE7E7C6C61->s2: matchIndex: updateToMax old=2, new=-1, updated? false
2022-08-02 21:05:56,643 [grpc-default-executor-3] DEBUG leader.FollowerInfo (FollowerInfoImpl.java:lambda$new$1(49)) - s0@group-DBBE7E7C6C61->s1: commitIndex: updateToMax old=1, new=1, updated? false
2022-08-02 21:05:56,643 [grpc-default-executor-3] DEBUG leader.FollowerInfo (FollowerInfoImpl.java:lambda$new$1(49)) - s0@group-DBBE7E7C6C61->s1: matchIndex: updateToMax old=2, new=-1, updated? false
2022-08-02 21:05:56,643 [grpc-default-executor-2] DEBUG leader.FollowerInfo (FollowerInfoImpl.java:lambda$new$1(49)) - s0@group-DBBE7E7C6C61->s2: commitIndex: updateToMax old=1, new=1, updated? false
2022-08-02 21:05:56,643 [grpc-default-executor-2] DEBUG leader.FollowerInfo (FollowerInfoImpl.java:lambda$new$1(49)) - s0@group-DBBE7E7C6C61->s2: matchIndex: updateToMax old=2, new=-1, updated? false
2022-08-02 21:05:56,644 [grpc-default-executor-3] DEBUG leader.FollowerInfo (FollowerInfoImpl.java:lambda$new$1(49)) - s0@group-DBBE7E7C6C61->s1: commitIndex: updateToMax old=1, new=1, updated? false
2022-08-02 21:05:56,644 [grpc-default-executor-3] DEBUG leader.FollowerInfo (FollowerInfoImpl.java:lambda$new$1(49)) - s0@group-DBBE7E7C6C61->s1: matchIndex: updateToMax old=2, new=-1, updated? false
2022-08-02 21:05:56,645 [grpc-default-executor-2] DEBUG leader.FollowerInfo (FollowerInfoImpl.java:lambda$new$1(49)) - s0@group-DBBE7E7C6C61->s2: commitIndex: updateToMax old=1, new=1, updated? false
2022-08-02 21:05:56,645 [grpc-default-executor-2] DEBUG leader.FollowerInfo (FollowerInfoImpl.java:lambda$new$1(49)) - s0@group-DBBE7E7C6C61->s2: matchIndex: updateToMax old=2, new=-1, updated? false
2022-08-02 21:05:56,646 [grpc-default-executor-3] DEBUG leader.FollowerInfo (FollowerInfoImpl.java:lambda$new$1(49)) - s0@group-DBBE7E7C6C61->s1: commitIndex: updateToMax old=1, new=1, updated? false
2022-08-02 21:05:56,646 [grpc-default-executor-3] DEBUG leader.FollowerInfo (FollowerInfoImpl.java:lambda$new$1(49)) - s0@group-DBBE7E7C6C61->s1: matchIndex: updateToMax old=2, new=-1, updated? false
2022-08-02 21:05:56,646 [grpc-default-executor-2] DEBUG leader.FollowerInfo (FollowerInfoImpl.java:lambda$new$1(49)) - s0@group-DBBE7E7C6C61->s2: commitIndex: updateToMax old=1, new=1, updated? false
2022-08-02 21:05:56,646 [grpc-default-executor-2] DEBUG leader.FollowerInfo (FollowerInfoImpl.java:lambda$new$1(49)) - s0@group-DBBE7E7C6C61->s2: matchIndex: updateToMax old=2, new=-1, updated? false
2022-08-02 21:05:56,647 [grpc-default-executor-3] DEBUG leader.FollowerInfo (FollowerInfoImpl.java:lambda$new$1(49)) - s0@group-DBBE7E7C6C61->s1: commitIndex: updateToMax old=1, new=1, updated? false
2022-08-02 21:05:56,647 [grpc-default-executor-3] DEBUG leader.FollowerInfo (FollowerInfoImpl.java:lambda$new$1(49)) - s0@group-DBBE7E7C6C61->s1: matchIndex: updateToMax old=2, new=-1, updated? false
2022-08-02 21:05:56,648 [grpc-default-executor-2] DEBUG leader.FollowerInfo (FollowerInfoImpl.java:lambda$new$1(49)) - s0@group-DBBE7E7C6C61->s2: commitIndex: updateToMax old=1, new=1, updated? false
2022-08-02 21:05:56,648 [grpc-default-executor-2] DEBUG leader.FollowerInfo (FollowerInfoImpl.java:lambda$new$1(49)) - s0@group-DBBE7E7C6C61->s2: matchIndex: updateToMax old=2, new=-1, updated? false
2022-08-02 21:05:56,649 [grpc-default-executor-3] DEBUG leader.FollowerInfo (FollowerInfoImpl.java:lambda$new$1(49)) - s0@group-DBBE7E7C6C61->s1: commitIndex: updateToMax old=1, new=1, updated? false
2022-08-02 21:05:56,649 [grpc-default-executor-3] DEBUG leader.FollowerInfo (FollowerInfoImpl.java:lambda$new$1(49)) - s0@group-DBBE7E7C6C61->s1: matchIndex: updateToMax old=2, new=-1, updated? false
2022-08-02 21:05:56,649 [grpc-default-executor-2] DEBUG leader.FollowerInfo (FollowerInfoImpl.java:lambda$new$1(49)) - s0@group-DBBE7E7C6C61->s2: commitIndex: updateToMax old=1, new=1, updated? false
2022-08-02 21:05:56,649 [grpc-default-executor-2] DEBUG leader.FollowerInfo (FollowerInfoImpl.java:lambda$new$1(49)) - s0@group-DBBE7E7C6C61->s2: matchIndex: updateToMax old=2, new=-1, updated? false
2022-08-02 21:05:56,650 [grpc-default-executor-3] DEBUG leader.FollowerInfo (FollowerInfoImpl.java:lambda$new$1(49)) - s0@group-DBBE7E7C6C61->s1: commitIndex: updateToMax old=1, new=1, updated? false
2022-08-02 21:05:56,650 [grpc-default-executor-3] DEBUG leader.FollowerInfo (FollowerInfoImpl.java:lambda$new$1(49)) - s0@group-DBBE7E7C6C61->s1: matchIndex: updateToMax old=2, new=-1, updated? false
2022-08-02 21:05:56,651 [grpc-default-executor-2] DEBUG leader.FollowerInfo (FollowerInfoImpl.java:lambda$new$1(49)) - s0@group-DBBE7E7C6C61->s2: commitIndex: updateToMax old=1, new=1, updated? false
2022-08-02 21:05:56,651 [grpc-default-executor-2] DEBUG leader.FollowerInfo (FollowerInfoImpl.java:lambda$new$1(49)) - s0@group-DBBE7E7C6C61->s2: matchIndex: updateToMax old=2, new=-1, updated? false
2022-08-02 21:05:56,652 [grpc-default-executor-3] DEBUG leader.FollowerInfo (FollowerInfoImpl.java:lambda$new$1(49)) - s0@group-DBBE7E7C6C61->s1: commitIndex: updateToMax old=1, new=1, updated? false
2022-08-02 21:05:56,652 [grpc-default-executor-3] DEBUG leader.FollowerInfo (FollowerInfoImpl.java:lambda$new$1(49)) - s0@group-DBBE7E7C6C61->s1: matchIndex: updateToMax old=2, new=-1, updated? false
2022-08-02 21:05:56,652 [grpc-default-executor-2] DEBUG leader.FollowerInfo (FollowerInfoImpl.java:lambda$new$1(49)) - s0@group-DBBE7E7C6C61->s2: commitIndex: updateToMax old=1, new=1, updated? false
2022-08-02 21:05:56,653 [grpc-default-executor-2] DEBUG leader.FollowerInfo (FollowerInfoImpl.java:lambda$new$1(49)) - s0@group-DBBE7E7C6C61->s2: matchIndex: updateToMax old=2, new=-1, updated? false
2022-08-02 21:05:56,653 [grpc-default-executor-3] DEBUG leader.FollowerInfo (FollowerInfoImpl.java:lambda$new$1(49)) - s0@group-DBBE7E7C6C61->s1: commitIndex: updateToMax old=1, new=1, updated? false
2022-08-02 21:05:56,653 [grpc-default-executor-3] DEBUG leader.FollowerInfo (FollowerInfoImpl.java:lambda$new$1(49)) - s0@group-DBBE7E7C6C61->s1: matchIndex: updateToMax old=2, new=-1, updated? false
2022-08-02 21:05:56,654 [grpc-default-executor-2] DEBUG leader.FollowerInfo (FollowerInfoImpl.java:lambda$new$1(49)) - s0@group-DBBE7E7C6C61->s2: commitIndex: updateToMax old=1, new=1, updated? false
2022-08-02 21:05:56,654 [grpc-default-executor-2] DEBUG leader.FollowerInfo (FollowerInfoImpl.java:lambda$new$1(49)) - s0@group-DBBE7E7C6C61->s2: matchIndex: updateToMax old=2, new=-1, updated? false
2022-08-02 21:05:56,655 [grpc-default-executor-3] DEBUG leader.FollowerInfo (FollowerInfoImpl.java:lambda$new$1(49)) - s0@group-DBBE7E7C6C61->s1: commitIndex: updateToMax old=1, new=1, updated? false
2022-08-02 21:05:56,655 [grpc-default-executor-3] DEBUG leader.FollowerInfo (FollowerInfoImpl.java:lambda$new$1(49)) - s0@group-DBBE7E7C6C61->s1: matchIndex: updateToMax old=2, new=-1, updated? false
2022-08-02 21:05:56,655 [grpc-default-executor-2] DEBUG leader.FollowerInfo (FollowerInfoImpl.java:lambda$new$1(49)) - s0@group-DBBE7E7C6C61->s2: commitIndex: updateToMax old=1, new=1, updated? false
2022-08-02 21:05:56,655 [grpc-default-executor-2] DEBUG leader.FollowerInfo (FollowerInfoImpl.java:lambda$new$1(49)) - s0@group-DBBE7E7C6C61->s2: matchIndex: updateToMax old=2, new=-1, updated? false
2022-08-02 21:05:56,656 [grpc-default-executor-3] DEBUG leader.FollowerInfo (FollowerInfoImpl.java:lambda$new$1(49)) - s0@group-DBBE7E7C6C61->s1: commitIndex: updateToMax old=1, new=1, updated? false
2022-08-02 21:05:56,656 [grpc-default-executor-3] DEBUG leader.FollowerInfo (FollowerInfoImpl.java:lambda$new$1(49)) - s0@group-DBBE7E7C6C61->s1: matchIndex: updateToMax old=2, new=-1, updated? false
2022-08-02 21:05:56,657 [grpc-default-executor-2] DEBUG leader.FollowerInfo (FollowerInfoImpl.java:lambda$new$1(49)) - s0@group-DBBE7E7C6C61->s2: commitIndex: updateToMax old=1, new=1, updated? false
2022-08-02 21:05:56,657 [grpc-default-executor-2] DEBUG leader.FollowerInfo (FollowerInfoImpl.java:lambda$new$1(49)) - s0@group-DBBE7E7C6C61->s2: matchIndex: updateToMax old=2, new=-1, updated? false
2022-08-02 21:05:56,657 [grpc-default-executor-3] DEBUG leader.FollowerInfo (FollowerInfoImpl.java:lambda$new$1(49)) - s0@group-DBBE7E7C6C61->s1: commitIndex: updateToMax old=1, new=1, updated? false
2022-08-02 21:05:56,657 [grpc-default-executor-3] DEBUG leader.FollowerInfo (FollowerInfoImpl.java:lambda$new$1(49)) - s0@group-DBBE7E7C6C61->s1: matchIndex: updateToMax old=2, new=-1, updated? false
2022-08-02 21:05:56,658 [grpc-default-executor-2] DEBUG leader.FollowerInfo (FollowerInfoImpl.java:lambda$new$1(49)) - s0@group-DBBE7E7C6C61->s2: commitIndex: updateToMax old=1, new=1, updated? false
2022-08-02 21:05:56,658 [grpc-default-executor-2] DEBUG leader.FollowerInfo (FollowerInfoImpl.java:lambda$new$1(49)) - s0@group-DBBE7E7C6C61->s2: matchIndex: updateToMax old=2, new=-1, updated? false
2022-08-02 21:05:56,659 [grpc-default-executor-3] DEBUG leader.FollowerInfo (FollowerInfoImpl.java:lambda$new$1(49)) - s0@group-DBBE7E7C6C61->s1: commitIndex: updateToMax old=1, new=1, updated? false
2022-08-02 21:05:56,659 [grpc-default-executor-3] DEBUG leader.FollowerInfo (FollowerInfoImpl.java:lambda$new$1(49)) - s0@group-DBBE7E7C6C61->s1: matchIndex: updateToMax old=2, new=-1, updated? false
2022-08-02 21:05:56,659 [grpc-default-executor-2] DEBUG leader.FollowerInfo (FollowerInfoImpl.java:lambda$new$1(49)) - s0@group-DBBE7E7C6C61->s2: commitIndex: updateToMax old=1, new=1, updated? false
2022-08-02 21:05:56,660 [grpc-default-executor-2] DEBUG leader.FollowerInfo (FollowerInfoImpl.java:lambda$new$1(49)) - s0@group-DBBE7E7C6C61->s2: matchIndex: updateToMax old=2, new=-1, updated? false
2022-08-02 21:05:56,660 [grpc-default-executor-3] DEBUG leader.FollowerInfo (FollowerInfoImpl.java:lambda$new$1(49)) - s0@group-DBBE7E7C6C61->s1: commitIndex: updateToMax old=1, new=1, updated? false
2022-08-02 21:05:56,660 [grpc-default-executor-3] DEBUG leader.FollowerInfo (FollowerInfoImpl.java:lambda$new$1(49)) - s0@group-DBBE7E7C6C61->s1: matchIndex: updateToMax old=2, new=-1, updated? false
2022-08-02 21:05:56,661 [grpc-default-executor-2] DEBUG leader.FollowerInfo (FollowerInfoImpl.java:lambda$new$1(49)) - s0@group-DBBE7E7C6C61->s2: commitIndex: updateToMax old=1, new=1, updated? false
2022-08-02 21:05:56,661 [grpc-default-executor-2] DEBUG leader.FollowerInfo (FollowerInfoImpl.java:lambda$new$1(49)) - s0@group-DBBE7E7C6C61->s2: matchIndex: updateToMax old=2, new=-1, updated? false
2022-08-02 21:05:56,661 [grpc-default-executor-3] DEBUG leader.FollowerInfo (FollowerInfoImpl.java:lambda$new$1(49)) - s0@group-DBBE7E7C6C61->s1: commitIndex: updateToMax old=1, new=1, updated? false
2022-08-02 21:05:56,662 [grpc-default-executor-3] DEBUG leader.FollowerInfo (FollowerInfoImpl.java:lambda$new$1(49)) - s0@group-DBBE7E7C6C61->s1: matchIndex: updateToMax old=2, new=-1, updated? false
2022-08-02 21:05:56,662 [grpc-default-executor-2] DEBUG leader.FollowerInfo (FollowerInfoImpl.java:lambda$new$1(49)) - s0@group-DBBE7E7C6C61->s2: commitIndex: updateToMax old=1, new=1, updated? false
2022-08-02 21:05:56,662 [grpc-default-executor-2] DEBUG leader.FollowerInfo (FollowerInfoImpl.java:lambda$new$1(49)) - s0@group-DBBE7E7C6C61->s2: matchIndex: updateToMax old=2, new=-1, updated? false
2022-08-02 21:05:56,663 [grpc-default-executor-3] DEBUG leader.FollowerInfo (FollowerInfoImpl.java:lambda$new$1(49)) - s0@group-DBBE7E7C6C61->s1: commitIndex: updateToMax old=1, new=1, updated? false
2022-08-02 21:05:56,663 [grpc-default-executor-3] DEBUG leader.FollowerInfo (FollowerInfoImpl.java:lambda$new$1(49)) - s0@group-DBBE7E7C6C61->s1: matchIndex: updateToMax old=2, new=-1, updated? false
2022-08-02 21:05:56,664 [grpc-default-executor-2] DEBUG leader.FollowerInfo (FollowerInfoImpl.java:lambda$new$1(49)) - s0@group-DBBE7E7C6C61->s2: commitIndex: updateToMax old=1, new=1, updated? false
2022-08-02 21:05:56,664 [grpc-default-executor-2] DEBUG leader.FollowerInfo (FollowerInfoImpl.java:lambda$new$1(49)) - s0@group-DBBE7E7C6C61->s2: matchIndex: updateToMax old=2, new=-1, updated? false
2022-08-02 21:05:56,664 [grpc-default-executor-3] DEBUG leader.FollowerInfo (FollowerInfoImpl.java:lambda$new$1(49)) - s0@group-DBBE7E7C6C61->s1: commitIndex: updateToMax old=1, new=1, updated? false
2022-08-02 21:05:56,664 [grpc-default-executor-3] DEBUG leader.FollowerInfo (FollowerInfoImpl.java:lambda$new$1(49)) - s0@group-DBBE7E7C6C61->s1: matchIndex: updateToMax old=2, new=-1, updated? false
2022-08-02 21:05:56,665 [grpc-default-executor-2] DEBUG leader.FollowerInfo (FollowerInfoImpl.java:lambda$new$1(49)) - s0@group-DBBE7E7C6C61->s2: commitIndex: updateToMax old=1, new=1, updated? false
2022-08-02 21:05:56,665 [grpc-default-executor-2] DEBUG leader.FollowerInfo (FollowerInfoImpl.java:lambda$new$1(49)) - s0@group-DBBE7E7C6C61->s2: matchIndex: updateToMax old=2, new=-1, updated? false
2022-08-02 21:05:56,666 [grpc-default-executor-3] DEBUG leader.FollowerInfo (FollowerInfoImpl.java:lambda$new$1(49)) - s0@group-DBBE7E7C6C61->s1: commitIndex: updateToMax old=1, new=1, updated? false
2022-08-02 21:05:56,666 [grpc-default-executor-3] DEBUG leader.FollowerInfo (FollowerInfoImpl.java:lambda$new$1(49)) - s0@group-DBBE7E7C6C61->s1: matchIndex: updateToMax old=2, new=-1, updated? false
2022-08-02 21:05:56,666 [grpc-default-executor-2] DEBUG leader.FollowerInfo (FollowerInfoImpl.java:lambda$new$1(49)) - s0@group-DBBE7E7C6C61->s2: commitIndex: updateToMax old=1, new=1, updated? false
2022-08-02 21:05:56,666 [grpc-default-executor-2] DEBUG leader.FollowerInfo (FollowerInfoImpl.java:lambda$new$1(49)) - s0@group-DBBE7E7C6C61->s2: matchIndex: updateToMax old=2, new=-1, updated? false
2022-08-02 21:05:56,667 [grpc-default-executor-3] DEBUG leader.FollowerInfo (FollowerInfoImpl.java:lambda$new$1(49)) - s0@group-DBBE7E7C6C61->s1: commitIndex: updateToMax old=1, new=1, updated? false
2022-08-02 21:05:56,667 [grpc-default-executor-3] DEBUG leader.FollowerInfo (FollowerInfoImpl.java:lambda$new$1(49)) - s0@group-DBBE7E7C6C61->s1: matchIndex: updateToMax old=2, new=-1, updated? false
2022-08-02 21:05:56,668 [grpc-default-executor-2] DEBUG leader.FollowerInfo (FollowerInfoImpl.java:lambda$new$1(49)) - s0@group-DBBE7E7C6C61->s2: commitIndex: updateToMax old=1, new=1, updated? false
2022-08-02 21:05:56,668 [grpc-default-executor-2] DEBUG leader.FollowerInfo (FollowerInfoImpl.java:lambda$new$1(49)) - s0@group-DBBE7E7C6C61->s2: matchIndex: updateToMax old=2, new=-1, updated? false
2022-08-02 21:05:56,669 [grpc-default-executor-3] DEBUG leader.FollowerInfo (FollowerInfoImpl.java:lambda$new$1(49)) - s0@group-DBBE7E7C6C61->s1: commitIndex: updateToMax old=1, new=1, updated? false
2022-08-02 21:05:56,669 [grpc-default-executor-3] DEBUG leader.FollowerInfo (FollowerInfoImpl.java:lambda$new$1(49)) - s0@group-DBBE7E7C6C61->s1: matchIndex: updateToMax old=2, new=-1, updated? false
2022-08-02 21:05:56,669 [grpc-default-executor-2] DEBUG leader.FollowerInfo (FollowerInfoImpl.java:lambda$new$1(49)) - s0@group-DBBE7E7C6C61->s2: commitIndex: updateToMax old=1, new=1, updated? false
2022-08-02 21:05:56,669 [grpc-default-executor-2] DEBUG leader.FollowerInfo (FollowerInfoImpl.java:lambda$new$1(49)) - s0@group-DBBE7E7C6C61->s2: matchIndex: updateToMax old=2, new=-1, updated? false
2022-08-02 21:05:56,670 [grpc-default-executor-3] DEBUG leader.FollowerInfo (FollowerInfoImpl.java:lambda$new$1(49)) - s0@group-DBBE7E7C6C61->s1: commitIndex: updateToMax old=1, new=1, updated? false
2022-08-02 21:05:56,670 [grpc-default-executor-3] DEBUG leader.FollowerInfo (FollowerInfoImpl.java:lambda$new$1(49)) - s0@group-DBBE7E7C6C61->s1: matchIndex: updateToMax old=2, new=-1, updated? false
2022-08-02 21:05:56,671 [grpc-default-executor-2] DEBUG leader.FollowerInfo (FollowerInfoImpl.java:lambda$new$1(49)) - s0@group-DBBE7E7C6C61->s2: commitIndex: updateToMax old=1, new=1, updated? false
2022-08-02 21:05:56,671 [grpc-default-executor-2] DEBUG leader.FollowerInfo (FollowerInfoImpl.java:lambda$new$1(49)) - s0@group-DBBE7E7C6C61->s2: matchIndex: updateToMax old=2, new=-1, updated? false
2022-08-02 21:05:56,672 [grpc-default-executor-3] DEBUG leader.FollowerInfo (FollowerInfoImpl.java:lambda$new$1(49)) - s0@group-DBBE7E7C6C61->s1: commitIndex: updateToMax old=1, new=1, updated? false
2022-08-02 21:05:56,672 [grpc-default-executor-3] DEBUG leader.FollowerInfo (FollowerInfoImpl.java:lambda$new$1(49)) - s0@group-DBBE7E7C6C61->s1: matchIndex: updateToMax old=2, new=-1, updated? false
2022-08-02 21:05:56,672 [grpc-default-executor-2] DEBUG leader.FollowerInfo (FollowerInfoImpl.java:lambda$new$1(49)) - s0@group-DBBE7E7C6C61->s2: commitIndex: updateToMax old=1, new=1, updated? false
2022-08-02 21:05:56,672 [grpc-default-executor-2] DEBUG leader.FollowerInfo (FollowerInfoImpl.java:lambda$new$1(49)) - s0@group-DBBE7E7C6C61->s2: matchIndex: updateToMax old=2, new=-1, updated? false
2022-08-02 21:05:56,673 [grpc-default-executor-3] DEBUG leader.FollowerInfo (FollowerInfoImpl.java:lambda$new$1(49)) - s0@group-DBBE7E7C6C61->s1: commitIndex: updateToMax old=1, new=1, updated? false
2022-08-02 21:05:56,673 [grpc-default-executor-3] DEBUG leader.FollowerInfo (FollowerInfoImpl.java:lambda$new$1(49)) - s0@group-DBBE7E7C6C61->s1: matchIndex: updateToMax old=2, new=-1, updated? false
2022-08-02 21:05:56,674 [grpc-default-executor-2] DEBUG leader.FollowerInfo (FollowerInfoImpl.java:lambda$new$1(49)) - s0@group-DBBE7E7C6C61->s2: commitIndex: updateToMax old=1, new=1, updated? false
2022-08-02 21:05:56,674 [grpc-default-executor-2] DEBUG leader.FollowerInfo (FollowerInfoImpl.java:lambda$new$1(49)) - s0@group-DBBE7E7C6C61->s2: matchIndex: updateToMax old=2, new=-1, updated? false
2022-08-02 21:05:56,674 [grpc-default-executor-3] DEBUG leader.FollowerInfo (FollowerInfoImpl.java:lambda$new$1(49)) - s0@group-DBBE7E7C6C61->s1: commitIndex: updateToMax old=1, new=1, updated? false
2022-08-02 21:05:56,674 [grpc-default-executor-3] DEBUG leader.FollowerInfo (FollowerInfoImpl.java:lambda$new$1(49)) - s0@group-DBBE7E7C6C61->s1: matchIndex: updateToMax old=2, new=-1, updated? false
2022-08-02 21:05:56,675 [grpc-default-executor-2] DEBUG leader.FollowerInfo (FollowerInfoImpl.java:lambda$new$1(49)) - s0@group-DBBE7E7C6C61->s2: commitIndex: updateToMax old=1, new=1, updated? false
2022-08-02 21:05:56,675 [grpc-default-executor-2] DEBUG leader.FollowerInfo (FollowerInfoImpl.java:lambda$new$1(49)) - s0@group-DBBE7E7C6C61->s2: matchIndex: updateToMax old=2, new=-1, updated? false
2022-08-02 21:05:56,676 [grpc-default-executor-3] DEBUG leader.FollowerInfo (FollowerInfoImpl.java:lambda$new$1(49)) - s0@group-DBBE7E7C6C61->s1: commitIndex: updateToMax old=1, new=1, updated? false
2022-08-02 21:05:56,676 [grpc-default-executor-3] DEBUG leader.FollowerInfo (FollowerInfoImpl.java:lambda$new$1(49)) - s0@group-DBBE7E7C6C61->s1: matchIndex: updateToMax old=2, new=-1, updated? false
2022-08-02 21:05:56,676 [grpc-default-executor-2] DEBUG leader.FollowerInfo (FollowerInfoImpl.java:lambda$new$1(49)) - s0@group-DBBE7E7C6C61->s2: commitIndex: updateToMax old=1, new=1, updated? false
2022-08-02 21:05:56,676 [grpc-default-executor-2] DEBUG leader.FollowerInfo (FollowerInfoImpl.java:lambda$new$1(49)) - s0@group-DBBE7E7C6C61->s2: matchIndex: updateToMax old=2, new=-1, updated? false
2022-08-02 21:05:56,677 [grpc-default-executor-3] DEBUG leader.FollowerInfo (FollowerInfoImpl.java:lambda$new$1(49)) - s0@group-DBBE7E7C6C61->s1: commitIndex: updateToMax old=1, new=1, updated? false
2022-08-02 21:05:56,677 [grpc-default-executor-3] DEBUG leader.FollowerInfo (FollowerInfoImpl.java:lambda$new$1(49)) - s0@group-DBBE7E7C6C61->s1: matchIndex: updateToMax old=2, new=-1, updated? false
2022-08-02 21:05:56,678 [grpc-default-executor-2] DEBUG leader.FollowerInfo (FollowerInfoImpl.java:lambda$new$1(49)) - s0@group-DBBE7E7C6C61->s2: commitIndex: updateToMax old=1, new=1, updated? false
2022-08-02 21:05:56,678 [grpc-default-executor-2] DEBUG leader.FollowerInfo (FollowerInfoImpl.java:lambda$new$1(49)) - s0@group-DBBE7E7C6C61->s2: matchIndex: updateToMax old=2, new=-1, updated? false
2022-08-02 21:05:56,679 [grpc-default-executor-3] DEBUG leader.FollowerInfo (FollowerInfoImpl.java:lambda$new$1(49)) - s0@group-DBBE7E7C6C61->s1: commitIndex: updateToMax old=1, new=1, updated? false
2022-08-02 21:05:56,679 [grpc-default-executor-3] DEBUG leader.FollowerInfo (FollowerInfoImpl.java:lambda$new$1(49)) - s0@group-DBBE7E7C6C61->s1: matchIndex: updateToMax old=2, new=-1, updated? false
2022-08-02 21:05:56,679 [grpc-default-executor-2] DEBUG leader.FollowerInfo (FollowerInfoImpl.java:lambda$new$1(49)) - s0@group-DBBE7E7C6C61->s2: commitIndex: updateToMax old=1, new=1, updated? false
2022-08-02 21:05:56,679 [grpc-default-executor-2] DEBUG leader.FollowerInfo (FollowerInfoImpl.java:lambda$new$1(49)) - s0@group-DBBE7E7C6C61->s2: matchIndex: updateToMax old=2, new=-1, updated? false
2022-08-02 21:05:56,680 [grpc-default-executor-3] DEBUG leader.FollowerInfo (FollowerInfoImpl.java:lambda$new$1(49)) - s0@group-DBBE7E7C6C61->s1: commitIndex: updateToMax old=1, new=1, updated? false
2022-08-02 21:05:56,680 [grpc-default-executor-3] DEBUG leader.FollowerInfo (FollowerInfoImpl.java:lambda$new$1(49)) - s0@group-DBBE7E7C6C61->s1: matchIndex: updateToMax old=2, new=-1, updated? false
2022-08-02 21:05:56,681 [grpc-default-executor-2] DEBUG leader.FollowerInfo (FollowerInfoImpl.java:lambda$new$1(49)) - s0@group-DBBE7E7C6C61->s2: commitIndex: updateToMax old=1, new=1, updated? false
2022-08-02 21:05:56,681 [grpc-default-executor-2] DEBUG leader.FollowerInfo (FollowerInfoImpl.java:lambda$new$1(49)) - s0@group-DBBE7E7C6C61->s2: matchIndex: updateToMax old=2, new=-1, updated? false
2022-08-02 21:05:56,682 [grpc-default-executor-3] DEBUG leader.FollowerInfo (FollowerInfoImpl.java:lambda$new$1(49)) - s0@group-DBBE7E7C6C61->s1: commitIndex: updateToMax old=1, new=1, updated? false
2022-08-02 21:05:56,682 [grpc-default-executor-3] DEBUG leader.FollowerInfo (FollowerInfoImpl.java:lambda$new$1(49)) - s0@group-DBBE7E7C6C61->s1: matchIndex: updateToMax old=2, new=-1, updated? false
2022-08-02 21:05:56,682 [grpc-default-executor-2] DEBUG leader.FollowerInfo (FollowerInfoImpl.java:lambda$new$1(49)) - s0@group-DBBE7E7C6C61->s2: commitIndex: updateToMax old=1, new=1, updated? false
2022-08-02 21:05:56,682 [grpc-default-executor-2] DEBUG leader.FollowerInfo (FollowerInfoImpl.java:lambda$new$1(49)) - s0@group-DBBE7E7C6C61->s2: matchIndex: updateToMax old=2, new=-1, updated? false
2022-08-02 21:05:56,683 [grpc-default-executor-3] DEBUG leader.FollowerInfo (FollowerInfoImpl.java:lambda$new$1(49)) - s0@group-DBBE7E7C6C61->s1: commitIndex: updateToMax old=1, new=1, updated? false
2022-08-02 21:05:56,683 [grpc-default-executor-3] DEBUG leader.FollowerInfo (FollowerInfoImpl.java:lambda$new$1(49)) - s0@group-DBBE7E7C6C61->s1: matchIndex: updateToMax old=2, new=-1, updated? false
2022-08-02 21:05:56,684 [grpc-default-executor-2] DEBUG leader.FollowerInfo (FollowerInfoImpl.java:lambda$new$1(49)) - s0@group-DBBE7E7C6C61->s2: commitIndex: updateToMax old=1, new=1, updated? false
2022-08-02 21:05:56,684 [grpc-default-executor-2] DEBUG leader.FollowerInfo (FollowerInfoImpl.java:lambda$new$1(49)) - s0@group-DBBE7E7C6C61->s2: matchIndex: updateToMax old=2, new=-1, updated? false
2022-08-02 21:05:56,684 [grpc-default-executor-3] DEBUG leader.FollowerInfo (FollowerInfoImpl.java:lambda$new$1(49)) - s0@group-DBBE7E7C6C61->s1: commitIndex: updateToMax old=1, new=1, updated? false
2022-08-02 21:05:56,684 [grpc-default-executor-3] DEBUG leader.FollowerInfo (FollowerInfoImpl.java:lambda$new$1(49)) - s0@group-DBBE7E7C6C61->s1: matchIndex: updateToMax old=2, new=-1, updated? false
2022-08-02 21:05:56,685 [grpc-default-executor-2] DEBUG leader.FollowerInfo (FollowerInfoImpl.java:lambda$new$1(49)) - s0@group-DBBE7E7C6C61->s2: commitIndex: updateToMax old=1, new=1, updated? false
2022-08-02 21:05:56,685 [grpc-default-executor-2] DEBUG leader.FollowerInfo (FollowerInfoImpl.java:lambda$new$1(49)) - s0@group-DBBE7E7C6C61->s2: matchIndex: updateToMax old=2, new=-1, updated? false
2022-08-02 21:05:56,686 [grpc-default-executor-3] DEBUG leader.FollowerInfo (FollowerInfoImpl.java:lambda$new$1(49)) - s0@group-DBBE7E7C6C61->s1: commitIndex: updateToMax old=1, new=1, updated? false
2022-08-02 21:05:56,686 [grpc-default-executor-3] DEBUG leader.FollowerInfo (FollowerInfoImpl.java:lambda$new$1(49)) - s0@group-DBBE7E7C6C61->s1: matchIndex: updateToMax old=2, new=-1, updated? false
2022-08-02 21:05:56,686 [grpc-default-executor-2] DEBUG leader.FollowerInfo (FollowerInfoImpl.java:lambda$new$1(49)) - s0@group-DBBE7E7C6C61->s2: commitIndex: updateToMax old=1, new=1, updated? false
2022-08-02 21:05:56,687 [grpc-default-executor-2] DEBUG leader.FollowerInfo (FollowerInfoImpl.java:lambda$new$1(49)) - s0@group-DBBE7E7C6C61->s2: matchIndex: updateToMax old=2, new=-1, updated? false
2022-08-02 21:05:56,687 [grpc-default-executor-3] DEBUG leader.FollowerInfo (FollowerInfoImpl.java:lambda$new$1(49)) - s0@group-DBBE7E7C6C61->s1: commitIndex: updateToMax old=1, new=1, updated? false
2022-08-02 21:05:56,687 [grpc-default-executor-3] DEBUG leader.FollowerInfo (FollowerInfoImpl.java:lambda$new$1(49)) - s0@group-DBBE7E7C6C61->s1: matchIndex: updateToMax old=2, new=-1, updated? false
2022-08-02 21:05:56,688 [grpc-default-executor-2] DEBUG leader.FollowerInfo (FollowerInfoImpl.java:lambda$new$1(49)) - s0@group-DBBE7E7C6C61->s2: commitIndex: updateToMax old=1, new=1, updated? false
2022-08-02 21:05:56,688 [grpc-default-executor-2] DEBUG leader.FollowerInfo (FollowerInfoImpl.java:lambda$new$1(49)) - s0@group-DBBE7E7C6C61->s2: matchIndex: updateToMax old=2, new=-1, updated? false
2022-08-02 21:05:56,689 [grpc-default-executor-3] DEBUG leader.FollowerInfo (FollowerInfoImpl.java:lambda$new$1(49)) - s0@group-DBBE7E7C6C61->s1: commitIndex: updateToMax old=1, new=1, updated? false
2022-08-02 21:05:56,689 [grpc-default-executor-3] DEBUG leader.FollowerInfo (FollowerInfoImpl.java:lambda$new$1(49)) - s0@group-DBBE7E7C6C61->s1: matchIndex: updateToMax old=2, new=-1, updated? false
2022-08-02 21:05:56,689 [grpc-default-executor-2] DEBUG leader.FollowerInfo (FollowerInfoImpl.java:lambda$new$1(49)) - s0@group-DBBE7E7C6C61->s2: commitIndex: updateToMax old=1, new=1, updated? false
2022-08-02 21:05:56,689 [grpc-default-executor-2] DEBUG leader.FollowerInfo (FollowerInfoImpl.java:lambda$new$1(49)) - s0@group-DBBE7E7C6C61->s2: matchIndex: updateToMax old=2, new=-1, updated? false
2022-08-02 21:05:56,690 [grpc-default-executor-3] DEBUG leader.FollowerInfo (FollowerInfoImpl.java:lambda$new$1(49)) - s0@group-DBBE7E7C6C61->s1: commitIndex: updateToMax old=1, new=1, updated? false
2022-08-02 21:05:56,690 [grpc-default-executor-3] DEBUG leader.FollowerInfo (FollowerInfoImpl.java:lambda$new$1(49)) - s0@group-DBBE7E7C6C61->s1: matchIndex: updateToMax old=2, new=-1, updated? false
2022-08-02 21:05:56,691 [grpc-default-executor-2] DEBUG leader.FollowerInfo (FollowerInfoImpl.java:lambda$new$1(49)) - s0@group-DBBE7E7C6C61->s2: commitIndex: updateToMax old=1, new=1, updated? false
2022-08-02 21:05:56,691 [grpc-default-executor-2] DEBUG leader.FollowerInfo (FollowerInfoImpl.java:lambda$new$1(49)) - s0@group-DBBE7E7C6C61->s2: matchIndex: updateToMax old=2, new=-1, updated? false
2022-08-02 21:05:56,691 [grpc-default-executor-3] DEBUG leader.FollowerInfo (FollowerInfoImpl.java:lambda$new$1(49)) - s0@group-DBBE7E7C6C61->s1: commitIndex: updateToMax old=1, new=1, updated? false
2022-08-02 21:05:56,691 [grpc-default-executor-3] DEBUG leader.FollowerInfo (FollowerInfoImpl.java:lambda$new$1(49)) - s0@group-DBBE7E7C6C61->s1: matchIndex: updateToMax old=2, new=-1, updated? false
2022-08-02 21:05:56,692 [grpc-default-executor-2] DEBUG leader.FollowerInfo (FollowerInfoImpl.java:lambda$new$1(49)) - s0@group-DBBE7E7C6C61->s2: commitIndex: updateToMax old=1, new=1, updated? false
2022-08-02 21:05:56,692 [grpc-default-executor-2] DEBUG leader.FollowerInfo (FollowerInfoImpl.java:lambda$new$1(49)) - s0@group-DBBE7E7C6C61->s2: matchIndex: updateToMax old=2, new=-1, updated? false
2022-08-02 21:05:56,692 [grpc-default-executor-3] DEBUG leader.FollowerInfo (FollowerInfoImpl.java:lambda$new$1(49)) - s0@group-DBBE7E7C6C61->s1: commitIndex: updateToMax old=1, new=1, updated? false
2022-08-02 21:05:56,692 [grpc-default-executor-3] DEBUG leader.FollowerInfo (FollowerInfoImpl.java:lambda$new$1(49)) - s0@group-DBBE7E7C6C61->s1: matchIndex: updateToMax old=2, new=-1, updated? false
2022-08-02 21:05:56,693 [grpc-default-executor-2] DEBUG leader.FollowerInfo (FollowerInfoImpl.java:lambda$new$1(49)) - s0@group-DBBE7E7C6C61->s2: commitIndex: updateToMax old=1, new=1, updated? false
2022-08-02 21:05:56,693 [grpc-default-executor-2] DEBUG leader.FollowerInfo (FollowerInfoImpl.java:lambda$new$1(49)) - s0@group-DBBE7E7C6C61->s2: matchIndex: updateToMax old=2, new=-1, updated? false
2022-08-02 21:05:56,694 [grpc-default-executor-3] DEBUG leader.FollowerInfo (FollowerInfoImpl.java:lambda$new$1(49)) - s0@group-DBBE7E7C6C61->s1: commitIndex: updateToMax old=1, new=1, updated? false
2022-08-02 21:05:56,694 [grpc-default-executor-3] DEBUG leader.FollowerInfo (FollowerInfoImpl.java:lambda$new$1(49)) - s0@group-DBBE7E7C6C61->s1: matchIndex: updateToMax old=2, new=-1, updated? false
2022-08-02 21:05:56,695 [grpc-default-executor-2] DEBUG leader.FollowerInfo (FollowerInfoImpl.java:lambda$new$1(49)) - s0@group-DBBE7E7C6C61->s2: commitIndex: updateToMax old=1, new=1, updated? false
2022-08-02 21:05:56,695 [grpc-default-executor-2] DEBUG leader.FollowerInfo (FollowerInfoImpl.java:lambda$new$1(49)) - s0@group-DBBE7E7C6C61->s2: matchIndex: updateToMax old=2, new=-1, updated? false
2022-08-02 21:05:56,695 [grpc-default-executor-3] DEBUG leader.FollowerInfo (FollowerInfoImpl.java:lambda$new$1(49)) - s0@group-DBBE7E7C6C61->s1: commitIndex: updateToMax old=1, new=1, updated? false
2022-08-02 21:05:56,695 [grpc-default-executor-3] DEBUG leader.FollowerInfo (FollowerInfoImpl.java:lambda$new$1(49)) - s0@group-DBBE7E7C6C61->s1: matchIndex: updateToMax old=2, new=-1, updated? false
2022-08-02 21:05:56,696 [grpc-default-executor-2] DEBUG leader.FollowerInfo (FollowerInfoImpl.java:lambda$new$1(49)) - s0@group-DBBE7E7C6C61->s2: commitIndex: updateToMax old=1, new=1, updated? false
2022-08-02 21:05:56,696 [grpc-default-executor-2] DEBUG leader.FollowerInfo (FollowerInfoImpl.java:lambda$new$1(49)) - s0@group-DBBE7E7C6C61->s2: matchIndex: updateToMax old=2, new=-1, updated? false
2022-08-02 21:05:56,697 [grpc-default-executor-3] DEBUG leader.FollowerInfo (FollowerInfoImpl.java:lambda$new$1(49)) - s0@group-DBBE7E7C6C61->s1: commitIndex: updateToMax old=1, new=1, updated? false
2022-08-02 21:05:56,697 [grpc-default-executor-3] DEBUG leader.FollowerInfo (FollowerInfoImpl.java:lambda$new$1(49)) - s0@group-DBBE7E7C6C61->s1: matchIndex: updateToMax old=2, new=-1, updated? false
2022-08-02 21:05:56,697 [grpc-default-executor-2] DEBUG leader.FollowerInfo (FollowerInfoImpl.java:lambda$new$1(49)) - s0@group-DBBE7E7C6C61->s2: commitIndex: updateToMax old=1, new=1, updated? false
2022-08-02 21:05:56,697 [grpc-default-executor-2] DEBUG leader.FollowerInfo (FollowerInfoImpl.java:lambda$new$1(49)) - s0@group-DBBE7E7C6C61->s2: matchIndex: updateToMax old=2, new=-1, updated? false
2022-08-02 21:05:56,698 [grpc-default-executor-3] DEBUG leader.FollowerInfo (FollowerInfoImpl.java:lambda$new$1(49)) - s0@group-DBBE7E7C6C61->s1: commitIndex: updateToMax old=1, new=1, updated? false
2022-08-02 21:05:56,698 [grpc-default-executor-3] DEBUG leader.FollowerInfo (FollowerInfoImpl.java:lambda$new$1(49)) - s0@group-DBBE7E7C6C61->s1: matchIndex: updateToMax old=2, new=-1, updated? false
2022-08-02 21:05:56,699 [grpc-default-executor-2] DEBUG leader.FollowerInfo (FollowerInfoImpl.java:lambda$new$1(49)) - s0@group-DBBE7E7C6C61->s2: commitIndex: updateToMax old=1, new=1, updated? false
2022-08-02 21:05:56,699 [grpc-default-executor-2] DEBUG leader.FollowerInfo (FollowerInfoImpl.java:lambda$new$1(49)) - s0@group-DBBE7E7C6C61->s2: matchIndex: updateToMax old=2, new=-1, updated? false
2022-08-02 21:05:56,700 [grpc-default-executor-3] DEBUG leader.FollowerInfo (FollowerInfoImpl.java:lambda$new$1(49)) - s0@group-DBBE7E7C6C61->s1: commitIndex: updateToMax old=1, new=1, updated? false
2022-08-02 21:05:56,700 [grpc-default-executor-3] DEBUG leader.FollowerInfo (FollowerInfoImpl.java:lambda$new$1(49)) - s0@group-DBBE7E7C6C61->s1: matchIndex: updateToMax old=2, new=-1, updated? false
2022-08-02 21:05:56,700 [grpc-default-executor-2] DEBUG leader.FollowerInfo (FollowerInfoImpl.java:lambda$new$1(49)) - s0@group-DBBE7E7C6C61->s2: commitIndex: updateToMax old=1, new=1, updated? false
2022-08-02 21:05:56,700 [grpc-default-executor-2] DEBUG leader.FollowerInfo (FollowerInfoImpl.java:lambda$new$1(49)) - s0@group-DBBE7E7C6C61->s2: matchIndex: updateToMax old=2, new=-1, updated? false
2022-08-02 21:05:56,701 [grpc-default-executor-3] DEBUG leader.FollowerInfo (FollowerInfoImpl.java:lambda$new$1(49)) - s0@group-DBBE7E7C6C61->s1: commitIndex: updateToMax old=1, new=1, updated? false
2022-08-02 21:05:56,701 [grpc-default-executor-3] DEBUG leader.FollowerInfo (FollowerInfoImpl.java:lambda$new$1(49)) - s0@group-DBBE7E7C6C61->s1: matchIndex: updateToMax old=2, new=-1, updated? false
2022-08-02 21:05:56,702 [grpc-default-executor-2] DEBUG leader.FollowerInfo (FollowerInfoImpl.java:lambda$new$1(49)) - s0@group-DBBE7E7C6C61->s2: commitIndex: updateToMax old=1, new=1, updated? false
2022-08-02 21:05:56,702 [grpc-default-executor-2] DEBUG leader.FollowerInfo (FollowerInfoImpl.java:lambda$new$1(49)) - s0@group-DBBE7E7C6C61->s2: matchIndex: updateToMax old=2, new=-1, updated? false
2022-08-02 21:05:56,702 [grpc-default-executor-3] DEBUG leader.FollowerInfo (FollowerInfoImpl.java:lambda$new$1(49)) - s0@group-DBBE7E7C6C61->s1: commitIndex: updateToMax old=1, new=1, updated? false
2022-08-02 21:05:56,703 [grpc-default-executor-3] DEBUG leader.FollowerInfo (FollowerInfoImpl.java:lambda$new$1(49)) - s0@group-DBBE7E7C6C61->s1: matchIndex: updateToMax old=2, new=-1, updated? false
2022-08-02 21:05:56,703 [grpc-default-executor-2] DEBUG leader.FollowerInfo (FollowerInfoImpl.java:lambda$new$1(49)) - s0@group-DBBE7E7C6C61->s2: commitIndex: updateToMax old=1, new=1, updated? false
2022-08-02 21:05:56,703 [grpc-default-executor-2] DEBUG leader.FollowerInfo (FollowerInfoImpl.java:lambda$new$1(49)) - s0@group-DBBE7E7C6C61->s2: matchIndex: updateToMax old=2, new=-1, updated? false
2022-08-02 21:05:56,704 [grpc-default-executor-3] DEBUG leader.FollowerInfo (FollowerInfoImpl.java:lambda$new$1(49)) - s0@group-DBBE7E7C6C61->s1: commitIndex: updateToMax old=1, new=1, updated? false
2022-08-02 21:05:56,704 [grpc-default-executor-3] DEBUG leader.FollowerInfo (FollowerInfoImpl.java:lambda$new$1(49)) - s0@group-DBBE7E7C6C61->s1: matchIndex: updateToMax old=2, new=-1, updated? false
2022-08-02 21:05:56,705 [grpc-default-executor-2] DEBUG leader.FollowerInfo (FollowerInfoImpl.java:lambda$new$1(49)) - s0@group-DBBE7E7C6C61->s2: commitIndex: updateToMax old=1, new=1, updated? false
2022-08-02 21:05:56,705 [grpc-default-executor-2] DEBUG leader.FollowerInfo (FollowerInfoImpl.java:lambda$new$1(49)) - s0@group-DBBE7E7C6C61->s2: matchIndex: updateToMax old=2, new=-1, updated? false
2022-08-02 21:05:56,705 [grpc-default-executor-3] DEBUG leader.FollowerInfo (FollowerInfoImpl.java:lambda$new$1(49)) - s0@group-DBBE7E7C6C61->s1: commitIndex: updateToMax old=1, new=1, updated? false
2022-08-02 21:05:56,705 [grpc-default-executor-3] DEBUG leader.FollowerInfo (FollowerInfoImpl.java:lambda$new$1(49)) - s0@group-DBBE7E7C6C61->s1: matchIndex: updateToMax old=2, new=-1, updated? false
2022-08-02 21:05:56,706 [grpc-default-executor-2] DEBUG leader.FollowerInfo (FollowerInfoImpl.java:lambda$new$1(49)) - s0@group-DBBE7E7C6C61->s2: commitIndex: updateToMax old=1, new=1, updated? false
2022-08-02 21:05:56,706 [grpc-default-executor-2] DEBUG leader.FollowerInfo (FollowerInfoImpl.java:lambda$new$1(49)) - s0@group-DBBE7E7C6C61->s2: matchIndex: updateToMax old=2, new=-1, updated? false
2022-08-02 21:05:56,707 [grpc-default-executor-3] DEBUG leader.FollowerInfo (FollowerInfoImpl.java:lambda$new$1(49)) - s0@group-DBBE7E7C6C61->s1: commitIndex: updateToMax old=1, new=1, updated? false
2022-08-02 21:05:56,707 [grpc-default-executor-3] DEBUG leader.FollowerInfo (FollowerInfoImpl.java:lambda$new$1(49)) - s0@group-DBBE7E7C6C61->s1: matchIndex: updateToMax old=2, new=-1, updated? false
2022-08-02 21:05:56,708 [grpc-default-executor-2] DEBUG leader.FollowerInfo (FollowerInfoImpl.java:lambda$new$1(49)) - s0@group-DBBE7E7C6C61->s2: commitIndex: updateToMax old=1, new=1, updated? false
2022-08-02 21:05:56,708 [grpc-default-executor-2] DEBUG leader.FollowerInfo (FollowerInfoImpl.java:lambda$new$1(49)) - s0@group-DBBE7E7C6C61->s2: matchIndex: updateToMax old=2, new=-1, updated? false
2022-08-02 21:05:56,708 [grpc-default-executor-3] DEBUG leader.FollowerInfo (FollowerInfoImpl.java:lambda$new$1(49)) - s0@group-DBBE7E7C6C61->s1: commitIndex: updateToMax old=1, new=1, updated? false
2022-08-02 21:05:56,708 [grpc-default-executor-3] DEBUG leader.FollowerInfo (FollowerInfoImpl.java:lambda$new$1(49)) - s0@group-DBBE7E7C6C61->s1: matchIndex: updateToMax old=2, new=-1, updated? false
2022-08-02 21:05:56,709 [grpc-default-executor-2] DEBUG leader.FollowerInfo (FollowerInfoImpl.java:lambda$new$1(49)) - s0@group-DBBE7E7C6C61->s2: commitIndex: updateToMax old=1, new=1, updated? false
2022-08-02 21:05:56,709 [grpc-default-executor-2] DEBUG leader.FollowerInfo (FollowerInfoImpl.java:lambda$new$1(49)) - s0@group-DBBE7E7C6C61->s2: matchIndex: updateToMax old=2, new=-1, updated? false
2022-08-02 21:05:56,710 [grpc-default-executor-3] DEBUG leader.FollowerInfo (FollowerInfoImpl.java:lambda$new$1(49)) - s0@group-DBBE7E7C6C61->s1: commitIndex: updateToMax old=1, new=1, updated? false
2022-08-02 21:05:56,710 [grpc-default-executor-3] DEBUG leader.FollowerInfo (FollowerInfoImpl.java:lambda$new$1(49)) - s0@group-DBBE7E7C6C61->s1: matchIndex: updateToMax old=2, new=-1, updated? false
2022-08-02 21:05:56,710 [grpc-default-executor-2] DEBUG leader.FollowerInfo (FollowerInfoImpl.java:lambda$new$1(49)) - s0@group-DBBE7E7C6C61->s2: commitIndex: updateToMax old=1, new=1, updated? false
2022-08-02 21:05:56,711 [grpc-default-executor-2] DEBUG leader.FollowerInfo (FollowerInfoImpl.java:lambda$new$1(49)) - s0@group-DBBE7E7C6C61->s2: matchIndex: updateToMax old=2, new=-1, updated? false
2022-08-02 21:05:56,711 [grpc-default-executor-3] DEBUG leader.FollowerInfo (FollowerInfoImpl.java:lambda$new$1(49)) - s0@group-DBBE7E7C6C61->s1: commitIndex: updateToMax old=1, new=1, updated? false
2022-08-02 21:05:56,711 [grpc-default-executor-3] DEBUG leader.FollowerInfo (FollowerInfoImpl.java:lambda$new$1(49)) - s0@group-DBBE7E7C6C61->s1: matchIndex: updateToMax old=2, new=-1, updated? false
2022-08-02 21:05:56,712 [grpc-default-executor-2] DEBUG leader.FollowerInfo (FollowerInfoImpl.java:lambda$new$1(49)) - s0@group-DBBE7E7C6C61->s2: commitIndex: updateToMax old=1, new=1, updated? false
2022-08-02 21:05:56,712 [grpc-default-executor-2] DEBUG leader.FollowerInfo (FollowerInfoImpl.java:lambda$new$1(49)) - s0@group-DBBE7E7C6C61->s2: matchIndex: updateToMax old=2, new=-1, updated? false
2022-08-02 21:05:56,713 [grpc-default-executor-3] DEBUG leader.FollowerInfo (FollowerInfoImpl.java:lambda$new$1(49)) - s0@group-DBBE7E7C6C61->s1: commitIndex: updateToMax old=1, new=1, updated? false
2022-08-02 21:05:56,713 [grpc-default-executor-3] DEBUG leader.FollowerInfo (FollowerInfoImpl.java:lambda$new$1(49)) - s0@group-DBBE7E7C6C61->s1: matchIndex: updateToMax old=2, new=-1, updated? false
2022-08-02 21:05:56,713 [grpc-default-executor-2] DEBUG leader.FollowerInfo (FollowerInfoImpl.java:lambda$new$1(49)) - s0@group-DBBE7E7C6C61->s2: commitIndex: updateToMax old=1, new=1, updated? false
2022-08-02 21:05:56,713 [grpc-default-executor-2] DEBUG leader.FollowerInfo (FollowerInfoImpl.java:lambda$new$1(49)) - s0@group-DBBE7E7C6C61->s2: matchIndex: updateToMax old=2, new=-1, updated? false
2022-08-02 21:05:56,714 [grpc-default-executor-3] DEBUG leader.FollowerInfo (FollowerInfoImpl.java:lambda$new$1(49)) - s0@group-DBBE7E7C6C61->s1: commitIndex: updateToMax old=1, new=1, updated? false
2022-08-02 21:05:56,714 [grpc-default-executor-3] DEBUG leader.FollowerInfo (FollowerInfoImpl.java:lambda$new$1(49)) - s0@group-DBBE7E7C6C61->s1: matchIndex: updateToMax old=2, new=-1, updated? false
2022-08-02 21:05:56,715 [grpc-default-executor-2] DEBUG leader.FollowerInfo (FollowerInfoImpl.java:lambda$new$1(49)) - s0@group-DBBE7E7C6C61->s2: commitIndex: updateToMax old=1, new=1, updated? false
2022-08-02 21:05:56,715 [grpc-default-executor-2] DEBUG leader.FollowerInfo (FollowerInfoImpl.java:lambda$new$1(49)) - s0@group-DBBE7E7C6C61->s2: matchIndex: updateToMax old=2, new=-1, updated? false
2022-08-02 21:05:56,715 [grpc-default-executor-3] DEBUG leader.FollowerInfo (FollowerInfoImpl.java:lambda$new$1(49)) - s0@group-DBBE7E7C6C61->s1: commitIndex: updateToMax old=1, new=1, updated? false
2022-08-02 21:05:56,715 [grpc-default-executor-3] DEBUG leader.FollowerInfo (FollowerInfoImpl.java:lambda$new$1(49)) - s0@group-DBBE7E7C6C61->s1: matchIndex: updateToMax old=2, new=-1, updated? false
2022-08-02 21:05:56,716 [grpc-default-executor-2] DEBUG leader.FollowerInfo (FollowerInfoImpl.java:lambda$new$1(49)) - s0@group-DBBE7E7C6C61->s2: commitIndex: updateToMax old=1, new=1, updated? false
2022-08-02 21:05:56,716 [grpc-default-executor-2] DEBUG leader.FollowerInfo (FollowerInfoImpl.java:lambda$new$1(49)) - s0@group-DBBE7E7C6C61->s2: matchIndex: updateToMax old=2, new=-1, updated? false
2022-08-02 21:05:56,717 [grpc-default-executor-3] DEBUG leader.FollowerInfo (FollowerInfoImpl.java:lambda$new$1(49)) - s0@group-DBBE7E7C6C61->s1: commitIndex: updateToMax old=1, new=1, updated? false
2022-08-02 21:05:56,717 [grpc-default-executor-3] DEBUG leader.FollowerInfo (FollowerInfoImpl.java:lambda$new$1(49)) - s0@group-DBBE7E7C6C61->s1: matchIndex: updateToMax old=2, new=-1, updated? false
2022-08-02 21:05:56,718 [grpc-default-executor-2] DEBUG leader.FollowerInfo (FollowerInfoImpl.java:lambda$new$1(49)) - s0@group-DBBE7E7C6C61->s2: commitIndex: updateToMax old=1, new=1, updated? false
2022-08-02 21:05:56,718 [grpc-default-executor-2] DEBUG leader.FollowerInfo (FollowerInfoImpl.java:lambda$new$1(49)) - s0@group-DBBE7E7C6C61->s2: matchIndex: updateToMax old=2, new=-1, updated? false
2022-08-02 21:05:56,718 [grpc-default-executor-3] DEBUG leader.FollowerInfo (FollowerInfoImpl.java:lambda$new$1(49)) - s0@group-DBBE7E7C6C61->s1: commitIndex: updateToMax old=1, new=1, updated? false
2022-08-02 21:05:56,718 [grpc-default-executor-3] DEBUG leader.FollowerInfo (FollowerInfoImpl.java:lambda$new$1(49)) - s0@group-DBBE7E7C6C61->s1: matchIndex: updateToMax old=2, new=-1, updated? false
2022-08-02 21:05:56,719 [grpc-default-executor-2] DEBUG leader.FollowerInfo (FollowerInfoImpl.java:lambda$new$1(49)) - s0@group-DBBE7E7C6C61->s2: commitIndex: updateToMax old=1, new=1, updated? false
2022-08-02 21:05:56,719 [grpc-default-executor-2] DEBUG leader.FollowerInfo (FollowerInfoImpl.java:lambda$new$1(49)) - s0@group-DBBE7E7C6C61->s2: matchIndex: updateToMax old=2, new=-1, updated? false
2022-08-02 21:05:56,720 [grpc-default-executor-3] DEBUG leader.FollowerInfo (FollowerInfoImpl.java:lambda$new$1(49)) - s0@group-DBBE7E7C6C61->s1: commitIndex: updateToMax old=1, new=1, updated? false
2022-08-02 21:05:56,720 [grpc-default-executor-3] DEBUG leader.FollowerInfo (FollowerInfoImpl.java:lambda$new$1(49)) - s0@group-DBBE7E7C6C61->s1: matchIndex: updateToMax old=2, new=-1, updated? false
2022-08-02 21:05:56,720 [grpc-default-executor-2] DEBUG leader.FollowerInfo (FollowerInfoImpl.java:lambda$new$1(49)) - s0@group-DBBE7E7C6C61->s2: commitIndex: updateToMax old=1, new=1, updated? false
2022-08-02 21:05:56,720 [grpc-default-executor-2] DEBUG leader.FollowerInfo (FollowerInfoImpl.java:lambda$new$1(49)) - s0@group-DBBE7E7C6C61->s2: matchIndex: updateToMax old=2, new=-1, updated? false
2022-08-02 21:05:56,721 [grpc-default-executor-3] DEBUG leader.FollowerInfo (FollowerInfoImpl.java:lambda$new$1(49)) - s0@group-DBBE7E7C6C61->s1: commitIndex: updateToMax old=1, new=1, updated? false
2022-08-02 21:05:56,721 [grpc-default-executor-3] DEBUG leader.FollowerInfo (FollowerInfoImpl.java:lambda$new$1(49)) - s0@group-DBBE7E7C6C61->s1: matchIndex: updateToMax old=2, new=-1, updated? false
2022-08-02 21:05:56,722 [grpc-default-executor-2] DEBUG leader.FollowerInfo (FollowerInfoImpl.java:lambda$new$1(49)) - s0@group-DBBE7E7C6C61->s2: commitIndex: updateToMax old=1, new=1, updated? false
2022-08-02 21:05:56,722 [grpc-default-executor-2] DEBUG leader.FollowerInfo (FollowerInfoImpl.java:lambda$new$1(49)) - s0@group-DBBE7E7C6C61->s2: matchIndex: updateToMax old=2, new=-1, updated? false
2022-08-02 21:05:56,722 [grpc-default-executor-3] DEBUG leader.FollowerInfo (FollowerInfoImpl.java:lambda$new$1(49)) - s0@group-DBBE7E7C6C61->s1: commitIndex: updateToMax old=1, new=1, updated? false
2022-08-02 21:05:56,722 [grpc-default-executor-3] DEBUG leader.FollowerInfo (FollowerInfoImpl.java:lambda$new$1(49)) - s0@group-DBBE7E7C6C61->s1: matchIndex: updateToMax old=2, new=-1, updated? false
2022-08-02 21:05:56,723 [grpc-default-executor-2] DEBUG leader.FollowerInfo (FollowerInfoImpl.java:lambda$new$1(49)) - s0@group-DBBE7E7C6C61->s2: commitIndex: updateToMax old=1, new=1, updated? false
2022-08-02 21:05:56,723 [grpc-default-executor-2] DEBUG leader.FollowerInfo (FollowerInfoImpl.java:lambda$new$1(49)) - s0@group-DBBE7E7C6C61->s2: matchIndex: updateToMax old=2, new=-1, updated? false
2022-08-02 21:05:56,723 [grpc-default-executor-3] DEBUG leader.FollowerInfo (FollowerInfoImpl.java:lambda$new$1(49)) - s0@group-DBBE7E7C6C61->s1: commitIndex: updateToMax old=1, new=1, updated? false
2022-08-02 21:05:56,723 [grpc-default-executor-3] DEBUG leader.FollowerInfo (FollowerInfoImpl.java:lambda$new$1(49)) - s0@group-DBBE7E7C6C61->s1: matchIndex: updateToMax old=2, new=-1, updated? false
2022-08-02 21:05:56,724 [grpc-default-executor-2] DEBUG leader.FollowerInfo (FollowerInfoImpl.java:lambda$new$1(49)) - s0@group-DBBE7E7C6C61->s2: commitIndex: updateToMax old=1, new=1, updated? false
2022-08-02 21:05:56,724 [grpc-default-executor-2] DEBUG leader.FollowerInfo (FollowerInfoImpl.java:lambda$new$1(49)) - s0@group-DBBE7E7C6C61->s2: matchIndex: updateToMax old=2, new=-1, updated? false
2022-08-02 21:05:56,725 [grpc-default-executor-3] DEBUG leader.FollowerInfo (FollowerInfoImpl.java:lambda$new$1(49)) - s0@group-DBBE7E7C6C61->s1: commitIndex: updateToMax old=1, new=1, updated? false
2022-08-02 21:05:56,725 [grpc-default-executor-3] DEBUG leader.FollowerInfo (FollowerInfoImpl.java:lambda$new$1(49)) - s0@group-DBBE7E7C6C61->s1: matchIndex: updateToMax old=2, new=-1, updated? false
2022-08-02 21:05:56,725 [grpc-default-executor-2] DEBUG leader.FollowerInfo (FollowerInfoImpl.java:lambda$new$1(49)) - s0@group-DBBE7E7C6C61->s2: commitIndex: updateToMax old=1, new=1, updated? false
2022-08-02 21:05:56,725 [grpc-default-executor-2] DEBUG leader.FollowerInfo (FollowerInfoImpl.java:lambda$new$1(49)) - s0@group-DBBE7E7C6C61->s2: matchIndex: updateToMax old=2, new=-1, updated? false
2022-08-02 21:05:56,726 [grpc-default-executor-3] DEBUG leader.FollowerInfo (FollowerInfoImpl.java:lambda$new$1(49)) - s0@group-DBBE7E7C6C61->s1: commitIndex: updateToMax old=1, new=1, updated? false
2022-08-02 21:05:56,726 [grpc-default-executor-3] DEBUG leader.FollowerInfo (FollowerInfoImpl.java:lambda$new$1(49)) - s0@group-DBBE7E7C6C61->s1: matchIndex: updateToMax old=2, new=-1, updated? false
2022-08-02 21:05:56,727 [grpc-default-executor-2] DEBUG leader.FollowerInfo (FollowerInfoImpl.java:lambda$new$1(49)) - s0@group-DBBE7E7C6C61->s2: commitIndex: updateToMax old=1, new=1, updated? false
2022-08-02 21:05:56,727 [grpc-default-executor-2] DEBUG leader.FollowerInfo (FollowerInfoImpl.java:lambda$new$1(49)) - s0@group-DBBE7E7C6C61->s2: matchIndex: updateToMax old=2, new=-1, updated? false
2022-08-02 21:05:56,728 [grpc-default-executor-3] DEBUG leader.FollowerInfo (FollowerInfoImpl.java:lambda$new$1(49)) - s0@group-DBBE7E7C6C61->s1: commitIndex: updateToMax old=1, new=1, updated? false
2022-08-02 21:05:56,728 [grpc-default-executor-3] DEBUG leader.FollowerInfo (FollowerInfoImpl.java:lambda$new$1(49)) - s0@group-DBBE7E7C6C61->s1: matchIndex: updateToMax old=2, new=-1, updated? false
2022-08-02 21:05:56,728 [grpc-default-executor-2] DEBUG leader.FollowerInfo (FollowerInfoImpl.java:lambda$new$1(49)) - s0@group-DBBE7E7C6C61->s2: commitIndex: updateToMax old=1, new=1, updated? false
2022-08-02 21:05:56,728 [grpc-default-executor-2] DEBUG leader.FollowerInfo (FollowerInfoImpl.java:lambda$new$1(49)) - s0@group-DBBE7E7C6C61->s2: matchIndex: updateToMax old=2, new=-1, updated? false
2022-08-02 21:05:56,729 [grpc-default-executor-3] DEBUG leader.FollowerInfo (FollowerInfoImpl.java:lambda$new$1(49)) - s0@group-DBBE7E7C6C61->s1: commitIndex: updateToMax old=1, new=1, updated? false
2022-08-02 21:05:56,729 [grpc-default-executor-3] DEBUG leader.FollowerInfo (FollowerInfoImpl.java:lambda$new$1(49)) - s0@group-DBBE7E7C6C61->s1: matchIndex: updateToMax old=2, new=-1, updated? false
2022-08-02 21:05:56,730 [grpc-default-executor-2] DEBUG leader.FollowerInfo (FollowerInfoImpl.java:lambda$new$1(49)) - s0@group-DBBE7E7C6C61->s2: commitIndex: updateToMax old=1, new=1, updated? false
2022-08-02 21:05:56,730 [grpc-default-executor-2] DEBUG leader.FollowerInfo (FollowerInfoImpl.java:lambda$new$1(49)) - s0@group-DBBE7E7C6C61->s2: matchIndex: updateToMax old=2, new=-1, updated? false
2022-08-02 21:05:56,730 [grpc-default-executor-3] DEBUG leader.FollowerInfo (FollowerInfoImpl.java:lambda$new$1(49)) - s0@group-DBBE7E7C6C61->s1: commitIndex: updateToMax old=1, new=1, updated? false
2022-08-02 21:05:56,730 [grpc-default-executor-3] DEBUG leader.FollowerInfo (FollowerInfoImpl.java:lambda$new$1(49)) - s0@group-DBBE7E7C6C61->s1: matchIndex: updateToMax old=2, new=-1, updated? false
2022-08-02 21:05:56,731 [grpc-default-executor-2] DEBUG leader.FollowerInfo (FollowerInfoImpl.java:lambda$new$1(49)) - s0@group-DBBE7E7C6C61->s2: commitIndex: updateToMax old=1, new=1, updated? false
2022-08-02 21:05:56,731 [grpc-default-executor-2] DEBUG leader.FollowerInfo (FollowerInfoImpl.java:lambda$new$1(49)) - s0@group-DBBE7E7C6C61->s2: matchIndex: updateToMax old=2, new=-1, updated? false
2022-08-02 21:05:56,732 [grpc-default-executor-3] DEBUG leader.FollowerInfo (FollowerInfoImpl.java:lambda$new$1(49)) - s0@group-DBBE7E7C6C61->s1: commitIndex: updateToMax old=1, new=1, updated? false
2022-08-02 21:05:56,732 [grpc-default-executor-3] DEBUG leader.FollowerInfo (FollowerInfoImpl.java:lambda$new$1(49)) - s0@group-DBBE7E7C6C61->s1: matchIndex: updateToMax old=2, new=-1, updated? false
2022-08-02 21:05:56,732 [grpc-default-executor-2] DEBUG leader.FollowerInfo (FollowerInfoImpl.java:lambda$new$1(49)) - s0@group-DBBE7E7C6C61->s2: commitIndex: updateToMax old=1, new=1, updated? false
2022-08-02 21:05:56,732 [grpc-default-executor-2] DEBUG leader.FollowerInfo (FollowerInfoImpl.java:lambda$new$1(49)) - s0@group-DBBE7E7C6C61->s2: matchIndex: updateToMax old=2, new=-1, updated? false
2022-08-02 21:05:56,733 [grpc-default-executor-3] DEBUG leader.FollowerInfo (FollowerInfoImpl.java:lambda$new$1(49)) - s0@group-DBBE7E7C6C61->s1: commitIndex: updateToMax old=1, new=1, updated? false
2022-08-02 21:05:56,733 [grpc-default-executor-3] DEBUG leader.FollowerInfo (FollowerInfoImpl.java:lambda$new$1(49)) - s0@group-DBBE7E7C6C61->s1: matchIndex: updateToMax old=2, new=-1, updated? false
2022-08-02 21:05:56,734 [grpc-default-executor-2] DEBUG leader.FollowerInfo (FollowerInfoImpl.java:lambda$new$1(49)) - s0@group-DBBE7E7C6C61->s2: commitIndex: updateToMax old=1, new=1, updated? false
2022-08-02 21:05:56,734 [grpc-default-executor-2] DEBUG leader.FollowerInfo (FollowerInfoImpl.java:lambda$new$1(49)) - s0@group-DBBE7E7C6C61->s2: matchIndex: updateToMax old=2, new=-1, updated? false
2022-08-02 21:05:56,734 [grpc-default-executor-3] DEBUG leader.FollowerInfo (FollowerInfoImpl.java:lambda$new$1(49)) - s0@group-DBBE7E7C6C61->s1: commitIndex: updateToMax old=1, new=1, updated? false
2022-08-02 21:05:56,734 [grpc-default-executor-3] DEBUG leader.FollowerInfo (FollowerInfoImpl.java:lambda$new$1(49)) - s0@group-DBBE7E7C6C61->s1: matchIndex: updateToMax old=2, new=-1, updated? false
2022-08-02 21:05:56,735 [grpc-default-executor-2] DEBUG leader.FollowerInfo (FollowerInfoImpl.java:lambda$new$1(49)) - s0@group-DBBE7E7C6C61->s2: commitIndex: updateToMax old=1, new=1, updated? false
2022-08-02 21:05:56,735 [grpc-default-executor-2] DEBUG leader.FollowerInfo (FollowerInfoImpl.java:lambda$new$1(49)) - s0@group-DBBE7E7C6C61->s2: matchIndex: updateToMax old=2, new=-1, updated? false
2022-08-02 21:05:56,736 [grpc-default-executor-3] DEBUG leader.FollowerInfo (FollowerInfoImpl.java:lambda$new$1(49)) - s0@group-DBBE7E7C6C61->s1: commitIndex: updateToMax old=1, new=1, updated? false
2022-08-02 21:05:56,736 [grpc-default-executor-3] DEBUG leader.FollowerInfo (FollowerInfoImpl.java:lambda$new$1(49)) - s0@group-DBBE7E7C6C61->s1: matchIndex: updateToMax old=2, new=-1, updated? false
2022-08-02 21:05:56,737 [grpc-default-executor-2] DEBUG leader.FollowerInfo (FollowerInfoImpl.java:lambda$new$1(49)) - s0@group-DBBE7E7C6C61->s2: commitIndex: updateToMax old=1, new=1, updated? false
2022-08-02 21:05:56,737 [grpc-default-executor-2] DEBUG leader.FollowerInfo (FollowerInfoImpl.java:lambda$new$1(49)) - s0@group-DBBE7E7C6C61->s2: matchIndex: updateToMax old=2, new=-1, updated? false
2022-08-02 21:05:56,737 [grpc-default-executor-3] DEBUG leader.FollowerInfo (FollowerInfoImpl.java:lambda$new$1(49)) - s0@group-DBBE7E7C6C61->s1: commitIndex: updateToMax old=1, new=1, updated? false
2022-08-02 21:05:56,737 [grpc-default-executor-3] DEBUG leader.FollowerInfo (FollowerInfoImpl.java:lambda$new$1(49)) - s0@group-DBBE7E7C6C61->s1: matchIndex: updateToMax old=2, new=-1, updated? false
2022-08-02 21:05:56,738 [grpc-default-executor-2] DEBUG leader.FollowerInfo (FollowerInfoImpl.java:lambda$new$1(49)) - s0@group-DBBE7E7C6C61->s2: commitIndex: updateToMax old=1, new=1, updated? false
2022-08-02 21:05:56,738 [grpc-default-executor-2] DEBUG leader.FollowerInfo (FollowerInfoImpl.java:lambda$new$1(49)) - s0@group-DBBE7E7C6C61->s2: matchIndex: updateToMax old=2, new=-1, updated? false
2022-08-02 21:05:56,739 [grpc-default-executor-3] DEBUG leader.FollowerInfo (FollowerInfoImpl.java:lambda$new$1(49)) - s0@group-DBBE7E7C6C61->s1: commitIndex: updateToMax old=1, new=1, updated? false
2022-08-02 21:05:56,739 [grpc-default-executor-3] DEBUG leader.FollowerInfo (FollowerInfoImpl.java:lambda$new$1(49)) - s0@group-DBBE7E7C6C61->s1: matchIndex: updateToMax old=2, new=-1, updated? false
2022-08-02 21:05:56,739 [grpc-default-executor-2] DEBUG leader.FollowerInfo (FollowerInfoImpl.java:lambda$new$1(49)) - s0@group-DBBE7E7C6C61->s2: commitIndex: updateToMax old=1, new=1, updated? false
2022-08-02 21:05:56,739 [grpc-default-executor-2] DEBUG leader.FollowerInfo (FollowerInfoImpl.java:lambda$new$1(49)) - s0@group-DBBE7E7C6C61->s2: matchIndex: updateToMax old=2, new=-1, updated? false
2022-08-02 21:05:56,740 [grpc-default-executor-3] DEBUG leader.FollowerInfo (FollowerInfoImpl.java:lambda$new$1(49)) - s0@group-DBBE7E7C6C61->s1: commitIndex: updateToMax old=1, new=1, updated? false
2022-08-02 21:05:56,740 [grpc-default-executor-3] DEBUG leader.FollowerInfo (FollowerInfoImpl.java:lambda$new$1(49)) - s0@group-DBBE7E7C6C61->s1: matchIndex: updateToMax old=2, new=-1, updated? false
2022-08-02 21:05:56,741 [grpc-default-executor-2] DEBUG leader.FollowerInfo (FollowerInfoImpl.java:lambda$new$1(49)) - s0@group-DBBE7E7C6C61->s2: commitIndex: updateToMax old=1, new=1, updated? false
2022-08-02 21:05:56,741 [grpc-default-executor-2] DEBUG leader.FollowerInfo (FollowerInfoImpl.java:lambda$new$1(49)) - s0@group-DBBE7E7C6C61->s2: matchIndex: updateToMax old=2, new=-1, updated? false
2022-08-02 21:05:56,741 [grpc-default-executor-3] DEBUG leader.FollowerInfo (FollowerInfoImpl.java:lambda$new$1(49)) - s0@group-DBBE7E7C6C61->s1: commitIndex: updateToMax old=1, new=1, updated? false
2022-08-02 21:05:56,741 [grpc-default-executor-3] DEBUG leader.FollowerInfo (FollowerInfoImpl.java:lambda$new$1(49)) - s0@group-DBBE7E7C6C61->s1: matchIndex: updateToMax old=2, new=-1, updated? false
2022-08-02 21:05:56,742 [grpc-default-executor-2] DEBUG leader.FollowerInfo (FollowerInfoImpl.java:lambda$new$1(49)) - s0@group-DBBE7E7C6C61->s2: commitIndex: updateToMax old=1, new=1, updated? false
2022-08-02 21:05:56,742 [grpc-default-executor-2] DEBUG leader.FollowerInfo (FollowerInfoImpl.java:lambda$new$1(49)) - s0@group-DBBE7E7C6C61->s2: matchIndex: updateToMax old=2, new=-1, updated? false
2022-08-02 21:05:56,743 [grpc-default-executor-3] DEBUG leader.FollowerInfo (FollowerInfoImpl.java:lambda$new$1(49)) - s0@group-DBBE7E7C6C61->s1: commitIndex: updateToMax old=1, new=1, updated? false
2022-08-02 21:05:56,743 [grpc-default-executor-3] DEBUG leader.FollowerInfo (FollowerInfoImpl.java:lambda$new$1(49)) - s0@group-DBBE7E7C6C61->s1: matchIndex: updateToMax old=2, new=-1, updated? false
2022-08-02 21:05:56,744 [grpc-default-executor-2] DEBUG leader.FollowerInfo (FollowerInfoImpl.java:lambda$new$1(49)) - s0@group-DBBE7E7C6C61->s2: commitIndex: updateToMax old=1, new=1, updated? false
2022-08-02 21:05:56,744 [grpc-default-executor-2] DEBUG leader.FollowerInfo (FollowerInfoImpl.java:lambda$new$1(49)) - s0@group-DBBE7E7C6C61->s2: matchIndex: updateToMax old=2, new=-1, updated? false
2022-08-02 21:05:56,744 [grpc-default-executor-3] DEBUG leader.FollowerInfo (FollowerInfoImpl.java:lambda$new$1(49)) - s0@group-DBBE7E7C6C61->s1: commitIndex: updateToMax old=1, new=1, updated? false
2022-08-02 21:05:56,744 [grpc-default-executor-3] DEBUG leader.FollowerInfo (FollowerInfoImpl.java:lambda$new$1(49)) - s0@group-DBBE7E7C6C61->s1: matchIndex: updateToMax old=2, new=-1, updated? false
2022-08-02 21:05:56,745 [grpc-default-executor-2] DEBUG leader.FollowerInfo (FollowerInfoImpl.java:lambda$new$1(49)) - s0@group-DBBE7E7C6C61->s2: commitIndex: updateToMax old=1, new=1, updated? false
2022-08-02 21:05:56,745 [grpc-default-executor-2] DEBUG leader.FollowerInfo (FollowerInfoImpl.java:lambda$new$1(49)) - s0@group-DBBE7E7C6C61->s2: matchIndex: updateToMax old=2, new=-1, updated? false
2022-08-02 21:05:56,746 [grpc-default-executor-3] DEBUG leader.FollowerInfo (FollowerInfoImpl.java:lambda$new$1(49)) - s0@group-DBBE7E7C6C61->s1: commitIndex: updateToMax old=1, new=1, updated? false
2022-08-02 21:05:56,746 [grpc-default-executor-3] DEBUG leader.FollowerInfo (FollowerInfoImpl.java:lambda$new$1(49)) - s0@group-DBBE7E7C6C61->s1: matchIndex: updateToMax old=2, new=-1, updated? false
2022-08-02 21:05:56,746 [grpc-default-executor-2] DEBUG leader.FollowerInfo (FollowerInfoImpl.java:lambda$new$1(49)) - s0@group-DBBE7E7C6C61->s2: commitIndex: updateToMax old=1, new=1, updated? false
2022-08-02 21:05:56,746 [grpc-default-executor-2] DEBUG leader.FollowerInfo (FollowerInfoImpl.java:lambda$new$1(49)) - s0@group-DBBE7E7C6C61->s2: matchIndex: updateToMax old=2, new=-1, updated? false
2022-08-02 21:05:56,747 [grpc-default-executor-3] DEBUG leader.FollowerInfo (FollowerInfoImpl.java:lambda$new$1(49)) - s0@group-DBBE7E7C6C61->s1: commitIndex: updateToMax old=1, new=1, updated? false
2022-08-02 21:05:56,747 [grpc-default-executor-3] DEBUG leader.FollowerInfo (FollowerInfoImpl.java:lambda$new$1(49)) - s0@group-DBBE7E7C6C61->s1: matchIndex: updateToMax old=2, new=-1, updated? false
2022-08-02 21:05:56,748 [grpc-default-executor-2] DEBUG leader.FollowerInfo (FollowerInfoImpl.java:lambda$new$1(49)) - s0@group-DBBE7E7C6C61->s2: commitIndex: updateToMax old=1, new=1, updated? false
2022-08-02 21:05:56,748 [grpc-default-executor-2] DEBUG leader.FollowerInfo (FollowerInfoImpl.java:lambda$new$1(49)) - s0@group-DBBE7E7C6C61->s2: matchIndex: updateToMax old=2, new=-1, updated? false
2022-08-02 21:05:56,749 [grpc-default-executor-3] DEBUG leader.FollowerInfo (FollowerInfoImpl.java:lambda$new$1(49)) - s0@group-DBBE7E7C6C61->s1: commitIndex: updateToMax old=1, new=1, updated? false
2022-08-02 21:05:56,749 [grpc-default-executor-3] DEBUG leader.FollowerInfo (FollowerInfoImpl.java:lambda$new$1(49)) - s0@group-DBBE7E7C6C61->s1: matchIndex: updateToMax old=2, new=-1, updated? false
2022-08-02 21:05:56,749 [grpc-default-executor-2] DEBUG leader.FollowerInfo (FollowerInfoImpl.java:lambda$new$1(49)) - s0@group-DBBE7E7C6C61->s2: commitIndex: updateToMax old=1, new=1, updated? false
2022-08-02 21:05:56,749 [grpc-default-executor-2] DEBUG leader.FollowerInfo (FollowerInfoImpl.java:lambda$new$1(49)) - s0@group-DBBE7E7C6C61->s2: matchIndex: updateToMax old=2, new=-1, updated? false
2022-08-02 21:05:56,750 [grpc-default-executor-3] DEBUG leader.FollowerInfo (FollowerInfoImpl.java:lambda$new$1(49)) - s0@group-DBBE7E7C6C61->s1: commitIndex: updateToMax old=1, new=1, updated? false
2022-08-02 21:05:56,750 [grpc-default-executor-3] DEBUG leader.FollowerInfo (FollowerInfoImpl.java:lambda$new$1(49)) - s0@group-DBBE7E7C6C61->s1: matchIndex: updateToMax old=2, new=-1, updated? false
2022-08-02 21:05:56,751 [grpc-default-executor-2] DEBUG leader.FollowerInfo (FollowerInfoImpl.java:lambda$new$1(49)) - s0@group-DBBE7E7C6C61->s2: commitIndex: updateToMax old=1, new=1, updated? false
2022-08-02 21:05:56,751 [grpc-default-executor-2] DEBUG leader.FollowerInfo (FollowerInfoImpl.java:lambda$new$1(49)) - s0@group-DBBE7E7C6C61->s2: matchIndex: updateToMax old=2, new=-1, updated? false
2022-08-02 21:05:56,751 [grpc-default-executor-3] DEBUG leader.FollowerInfo (FollowerInfoImpl.java:lambda$new$1(49)) - s0@group-DBBE7E7C6C61->s1: commitIndex: updateToMax old=1, new=1, updated? false
2022-08-02 21:05:56,751 [grpc-default-executor-3] DEBUG leader.FollowerInfo (FollowerInfoImpl.java:lambda$new$1(49)) - s0@group-DBBE7E7C6C61->s1: matchIndex: updateToMax old=2, new=-1, updated? false
2022-08-02 21:05:56,752 [grpc-default-executor-2] DEBUG leader.FollowerInfo (FollowerInfoImpl.java:lambda$new$1(49)) - s0@group-DBBE7E7C6C61->s2: commitIndex: updateToMax old=1, new=1, updated? false
2022-08-02 21:05:56,752 [grpc-default-executor-2] DEBUG leader.FollowerInfo (FollowerInfoImpl.java:lambda$new$1(49)) - s0@group-DBBE7E7C6C61->s2: matchIndex: updateToMax old=2, new=-1, updated? false
2022-08-02 21:05:56,755 [grpc-default-executor-3] DEBUG leader.FollowerInfo (FollowerInfoImpl.java:lambda$new$1(49)) - s0@group-DBBE7E7C6C61->s1: commitIndex: updateToMax old=1, new=1, updated? false
2022-08-02 21:05:56,755 [grpc-default-executor-3] DEBUG leader.FollowerInfo (FollowerInfoImpl.java:lambda$new$1(49)) - s0@group-DBBE7E7C6C61->s1: matchIndex: updateToMax old=2, new=-1, updated? false
2022-08-02 21:05:56,755 [grpc-default-executor-2] DEBUG leader.FollowerInfo (FollowerInfoImpl.java:lambda$new$1(49)) - s0@group-DBBE7E7C6C61->s2: commitIndex: updateToMax old=1, new=1, updated? false
2022-08-02 21:05:56,755 [grpc-default-executor-2] DEBUG leader.FollowerInfo (FollowerInfoImpl.java:lambda$new$1(49)) - s0@group-DBBE7E7C6C61->s2: matchIndex: updateToMax old=2, new=-1, updated? false
2022-08-02 21:05:56,756 [grpc-default-executor-3] DEBUG leader.FollowerInfo (FollowerInfoImpl.java:lambda$new$1(49)) - s0@group-DBBE7E7C6C61->s1: commitIndex: updateToMax old=1, new=1, updated? false
2022-08-02 21:05:56,756 [grpc-default-executor-3] DEBUG leader.FollowerInfo (FollowerInfoImpl.java:lambda$new$1(49)) - s0@group-DBBE7E7C6C61->s1: matchIndex: updateToMax old=2, new=-1, updated? false
2022-08-02 21:05:56,757 [grpc-default-executor-2] DEBUG leader.FollowerInfo (FollowerInfoImpl.java:lambda$new$1(49)) - s0@group-DBBE7E7C6C61->s2: commitIndex: updateToMax old=1, new=1, updated? false
2022-08-02 21:05:56,757 [grpc-default-executor-2] DEBUG leader.FollowerInfo (FollowerInfoImpl.java:lambda$new$1(49)) - s0@group-DBBE7E7C6C61->s2: matchIndex: updateToMax old=2, new=-1, updated? false
2022-08-02 21:05:56,758 [grpc-default-executor-3] DEBUG leader.FollowerInfo (FollowerInfoImpl.java:lambda$new$1(49)) - s0@group-DBBE7E7C6C61->s1: commitIndex: updateToMax old=1, new=1, updated? false
2022-08-02 21:05:56,758 [grpc-default-executor-3] DEBUG leader.FollowerInfo (FollowerInfoImpl.java:lambda$new$1(49)) - s0@group-DBBE7E7C6C61->s1: matchIndex: updateToMax old=2, new=-1, updated? false
2022-08-02 21:05:56,758 [grpc-default-executor-2] DEBUG leader.FollowerInfo (FollowerInfoImpl.java:lambda$new$1(49)) - s0@group-DBBE7E7C6C61->s2: commitIndex: updateToMax old=1, new=1, updated? false
2022-08-02 21:05:56,758 [grpc-default-executor-2] DEBUG leader.FollowerInfo (FollowerInfoImpl.java:lambda$new$1(49)) - s0@group-DBBE7E7C6C61->s2: matchIndex: updateToMax old=2, new=-1, updated? false
2022-08-02 21:05:56,759 [grpc-default-executor-3] DEBUG leader.FollowerInfo (FollowerInfoImpl.java:lambda$new$1(49)) - s0@group-DBBE7E7C6C61->s1: commitIndex: updateToMax old=1, new=1, updated? false
2022-08-02 21:05:56,759 [grpc-default-executor-3] DEBUG leader.FollowerInfo (FollowerInfoImpl.java:lambda$new$1(49)) - s0@group-DBBE7E7C6C61->s1: matchIndex: updateToMax old=2, new=-1, updated? false
2022-08-02 21:05:56,760 [grpc-default-executor-2] DEBUG leader.FollowerInfo (FollowerInfoImpl.java:lambda$new$1(49)) - s0@group-DBBE7E7C6C61->s2: commitIndex: updateToMax old=1, new=1, updated? false
2022-08-02 21:05:56,760 [grpc-default-executor-2] DEBUG leader.FollowerInfo (FollowerInfoImpl.java:lambda$new$1(49)) - s0@group-DBBE7E7C6C61->s2: matchIndex: updateToMax old=2, new=-1, updated? false
2022-08-02 21:05:56,760 [grpc-default-executor-3] DEBUG leader.FollowerInfo (FollowerInfoImpl.java:lambda$new$1(49)) - s0@group-DBBE7E7C6C61->s1: commitIndex: updateToMax old=1, new=1, updated? false
2022-08-02 21:05:56,760 [grpc-default-executor-3] DEBUG leader.FollowerInfo (FollowerInfoImpl.java:lambda$new$1(49)) - s0@group-DBBE7E7C6C61->s1: matchIndex: updateToMax old=2, new=-1, updated? false
2022-08-02 21:05:56,761 [grpc-default-executor-3] DEBUG leader.FollowerInfo (FollowerInfoImpl.java:lambda$new$1(49)) - s0@group-DBBE7E7C6C61->s2: commitIndex: updateToMax old=1, new=1, updated? false
2022-08-02 21:05:56,761 [grpc-default-executor-3] DEBUG leader.FollowerInfo (FollowerInfoImpl.java:lambda$new$1(49)) - s0@group-DBBE7E7C6C61->s2: matchIndex: updateToMax old=2, new=-1, updated? false
2022-08-02 21:05:56,761 [grpc-default-executor-3] DEBUG leader.FollowerInfo (FollowerInfoImpl.java:lambda$new$1(49)) - s0@group-DBBE7E7C6C61->s1: commitIndex: updateToMax old=1, new=1, updated? false
2022-08-02 21:05:56,761 [grpc-default-executor-3] DEBUG leader.FollowerInfo (FollowerInfoImpl.java:lambda$new$1(49)) - s0@group-DBBE7E7C6C61->s1: matchIndex: updateToMax old=2, new=-1, updated? false
2022-08-02 21:05:56,762 [grpc-default-executor-3] DEBUG leader.FollowerInfo (FollowerInfoImpl.java:lambda$new$1(49)) - s0@group-DBBE7E7C6C61->s2: commitIndex: updateToMax old=1, new=1, updated? false
2022-08-02 21:05:56,762 [grpc-default-executor-3] DEBUG leader.FollowerInfo (FollowerInfoImpl.java:lambda$new$1(49)) - s0@group-DBBE7E7C6C61->s2: matchIndex: updateToMax old=2, new=-1, updated? false
2022-08-02 21:05:56,762 [grpc-default-executor-2] DEBUG leader.FollowerInfo (FollowerInfoImpl.java:lambda$new$1(49)) - s0@group-DBBE7E7C6C61->s1: commitIndex: updateToMax old=1, new=1, updated? false
2022-08-02 21:05:56,762 [grpc-default-executor-2] DEBUG leader.FollowerInfo (FollowerInfoImpl.java:lambda$new$1(49)) - s0@group-DBBE7E7C6C61->s1: matchIndex: updateToMax old=2, new=-1, updated? false
2022-08-02 21:05:56,763 [grpc-default-executor-3] DEBUG leader.FollowerInfo (FollowerInfoImpl.java:lambda$new$1(49)) - s0@group-DBBE7E7C6C61->s2: commitIndex: updateToMax old=1, new=1, updated? false
2022-08-02 21:05:56,763 [grpc-default-executor-3] DEBUG leader.FollowerInfo (FollowerInfoImpl.java:lambda$new$1(49)) - s0@group-DBBE7E7C6C61->s2: matchIndex: updateToMax old=2, new=-1, updated? false
2022-08-02 21:05:56,763 [grpc-default-executor-3] DEBUG leader.FollowerInfo (FollowerInfoImpl.java:lambda$new$1(49)) - s0@group-DBBE7E7C6C61->s1: commitIndex: updateToMax old=1, new=1, updated? false
2022-08-02 21:05:56,763 [grpc-default-executor-3] DEBUG leader.FollowerInfo (FollowerInfoImpl.java:lambda$new$1(49)) - s0@group-DBBE7E7C6C61->s1: matchIndex: updateToMax old=2, new=-1, updated? false
2022-08-02 21:05:56,764 [grpc-default-executor-3] DEBUG leader.FollowerInfo (FollowerInfoImpl.java:lambda$new$1(49)) - s0@group-DBBE7E7C6C61->s2: commitIndex: updateToMax old=1, new=1, updated? false
2022-08-02 21:05:56,764 [grpc-default-executor-3] DEBUG leader.FollowerInfo (FollowerInfoImpl.java:lambda$new$1(49)) - s0@group-DBBE7E7C6C61->s2: matchIndex: updateToMax old=2, new=-1, updated? false
2022-08-02 21:05:56,764 [grpc-default-executor-2] DEBUG leader.FollowerInfo (FollowerInfoImpl.java:lambda$new$1(49)) - s0@group-DBBE7E7C6C61->s1: commitIndex: updateToMax old=1, new=1, updated? false
2022-08-02 21:05:56,764 [grpc-default-executor-2] DEBUG leader.FollowerInfo (FollowerInfoImpl.java:lambda$new$1(49)) - s0@group-DBBE7E7C6C61->s1: matchIndex: updateToMax old=2, new=-1, updated? false
2022-08-02 21:05:56,766 [grpc-default-executor-3] DEBUG leader.FollowerInfo (FollowerInfoImpl.java:lambda$new$1(49)) - s0@group-DBBE7E7C6C61->s2: commitIndex: updateToMax old=1, new=1, updated? false
2022-08-02 21:05:56,766 [grpc-default-executor-3] DEBUG leader.FollowerInfo (FollowerInfoImpl.java:lambda$new$1(49)) - s0@group-DBBE7E7C6C61->s2: matchIndex: updateToMax old=2, new=-1, updated? false
2022-08-02 21:05:56,767 [grpc-default-executor-3] DEBUG leader.FollowerInfo (FollowerInfoImpl.java:lambda$new$1(49)) - s0@group-DBBE7E7C6C61->s1: commitIndex: updateToMax old=1, new=1, updated? false
2022-08-02 21:05:56,767 [grpc-default-executor-3] DEBUG leader.FollowerInfo (FollowerInfoImpl.java:lambda$new$1(49)) - s0@group-DBBE7E7C6C61->s1: matchIndex: updateToMax old=2, new=-1, updated? false
2022-08-02 21:05:56,768 [grpc-default-executor-3] DEBUG leader.FollowerInfo (FollowerInfoImpl.java:lambda$new$1(49)) - s0@group-DBBE7E7C6C61->s2: commitIndex: updateToMax old=1, new=1, updated? false
2022-08-02 21:05:56,768 [grpc-default-executor-3] DEBUG leader.FollowerInfo (FollowerInfoImpl.java:lambda$new$1(49)) - s0@group-DBBE7E7C6C61->s2: matchIndex: updateToMax old=2, new=-1, updated? false
2022-08-02 21:05:56,768 [grpc-default-executor-3] DEBUG leader.FollowerInfo (FollowerInfoImpl.java:lambda$new$1(49)) - s0@group-DBBE7E7C6C61->s1: commitIndex: updateToMax old=1, new=1, updated? false
2022-08-02 21:05:56,768 [grpc-default-executor-3] DEBUG leader.FollowerInfo (FollowerInfoImpl.java:lambda$new$1(49)) - s0@group-DBBE7E7C6C61->s1: matchIndex: updateToMax old=2, new=-1, updated? false
2022-08-02 21:05:56,769 [grpc-default-executor-2] DEBUG leader.FollowerInfo (FollowerInfoImpl.java:lambda$new$1(49)) - s0@group-DBBE7E7C6C61->s2: commitIndex: updateToMax old=1, new=1, updated? false
2022-08-02 21:05:56,769 [grpc-default-executor-2] DEBUG leader.FollowerInfo (FollowerInfoImpl.java:lambda$new$1(49)) - s0@group-DBBE7E7C6C61->s2: matchIndex: updateToMax old=2, new=-1, updated? false
2022-08-02 21:05:56,769 [grpc-default-executor-2] DEBUG leader.FollowerInfo (FollowerInfoImpl.java:lambda$new$1(49)) - s0@group-DBBE7E7C6C61->s1: commitIndex: updateToMax old=1, new=1, updated? false
2022-08-02 21:05:56,769 [grpc-default-executor-2] DEBUG leader.FollowerInfo (FollowerInfoImpl.java:lambda$new$1(49)) - s0@group-DBBE7E7C6C61->s1: matchIndex: updateToMax old=2, new=-1, updated? false
2022-08-02 21:05:56,770 [grpc-default-executor-2] DEBUG leader.FollowerInfo (FollowerInfoImpl.java:lambda$new$1(49)) - s0@group-DBBE7E7C6C61->s2: commitIndex: updateToMax old=1, new=1, updated? false
2022-08-02 21:05:56,770 [grpc-default-executor-2] DEBUG leader.FollowerInfo (FollowerInfoImpl.java:lambda$new$1(49)) - s0@group-DBBE7E7C6C61->s2: matchIndex: updateToMax old=2, new=-1, updated? false
2022-08-02 21:05:56,770 [grpc-default-executor-3] DEBUG leader.FollowerInfo (FollowerInfoImpl.java:lambda$new$1(49)) - s0@group-DBBE7E7C6C61->s1: commitIndex: updateToMax old=1, new=1, updated? false
2022-08-02 21:05:56,770 [grpc-default-executor-3] DEBUG leader.FollowerInfo (FollowerInfoImpl.java:lambda$new$1(49)) - s0@group-DBBE7E7C6C61->s1: matchIndex: updateToMax old=2, new=-1, updated? false
2022-08-02 21:05:56,771 [grpc-default-executor-2] DEBUG leader.FollowerInfo (FollowerInfoImpl.java:lambda$new$1(49)) - s0@group-DBBE7E7C6C61->s2: commitIndex: updateToMax old=1, new=1, updated? false
2022-08-02 21:05:56,771 [grpc-default-executor-2] DEBUG leader.FollowerInfo (FollowerInfoImpl.java:lambda$new$1(49)) - s0@group-DBBE7E7C6C61->s2: matchIndex: updateToMax old=2, new=-1, updated? false
2022-08-02 21:05:56,771 [grpc-default-executor-3] DEBUG leader.FollowerInfo (FollowerInfoImpl.java:lambda$new$1(49)) - s0@group-DBBE7E7C6C61->s1: commitIndex: updateToMax old=1, new=1, updated? false
2022-08-02 21:05:56,771 [grpc-default-executor-3] DEBUG leader.FollowerInfo (FollowerInfoImpl.java:lambda$new$1(49)) - s0@group-DBBE7E7C6C61->s1: matchIndex: updateToMax old=2, new=-1, updated? false
2022-08-02 21:05:56,772 [grpc-default-executor-2] DEBUG leader.FollowerInfo (FollowerInfoImpl.java:lambda$new$1(49)) - s0@group-DBBE7E7C6C61->s1: commitIndex: updateToMax old=1, new=1, updated? false
2022-08-02 21:05:56,772 [grpc-default-executor-2] DEBUG leader.FollowerInfo (FollowerInfoImpl.java:lambda$new$1(49)) - s0@group-DBBE7E7C6C61->s1: matchIndex: updateToMax old=2, new=-1, updated? false
2022-08-02 21:05:56,772 [grpc-default-executor-2] DEBUG leader.FollowerInfo (FollowerInfoImpl.java:lambda$new$1(49)) - s0@group-DBBE7E7C6C61->s2: commitIndex: updateToMax old=1, new=1, updated? false
2022-08-02 21:05:56,772 [grpc-default-executor-2] DEBUG leader.FollowerInfo (FollowerInfoImpl.java:lambda$new$1(49)) - s0@group-DBBE7E7C6C61->s2: matchIndex: updateToMax old=2, new=-1, updated? false
2022-08-02 21:05:56,773 [grpc-default-executor-3] DEBUG leader.FollowerInfo (FollowerInfoImpl.java:lambda$new$1(49)) - s0@group-DBBE7E7C6C61->s1: commitIndex: updateToMax old=1, new=1, updated? false
2022-08-02 21:05:56,773 [grpc-default-executor-3] DEBUG leader.FollowerInfo (FollowerInfoImpl.java:lambda$new$1(49)) - s0@group-DBBE7E7C6C61->s1: matchIndex: updateToMax old=2, new=-1, updated? false
2022-08-02 21:05:56,773 [grpc-default-executor-2] DEBUG leader.FollowerInfo (FollowerInfoImpl.java:lambda$new$1(49)) - s0@group-DBBE7E7C6C61->s1: commitIndex: updateToMax old=1, new=1, updated? false
2022-08-02 21:05:56,773 [grpc-default-executor-2] DEBUG leader.FollowerInfo (FollowerInfoImpl.java:lambda$new$1(49)) - s0@group-DBBE7E7C6C61->s1: matchIndex: updateToMax old=2, new=-1, updated? false
2022-08-02 21:05:56,774 [grpc-default-executor-3] DEBUG leader.FollowerInfo (FollowerInfoImpl.java:lambda$new$1(49)) - s0@group-DBBE7E7C6C61->s2: commitIndex: updateToMax old=1, new=1, updated? false
2022-08-02 21:05:56,774 [grpc-default-executor-3] DEBUG leader.FollowerInfo (FollowerInfoImpl.java:lambda$new$1(49)) - s0@group-DBBE7E7C6C61->s2: matchIndex: updateToMax old=2, new=-1, updated? false
2022-08-02 21:05:56,774 [grpc-default-executor-2] DEBUG leader.FollowerInfo (FollowerInfoImpl.java:lambda$new$1(49)) - s0@group-DBBE7E7C6C61->s1: commitIndex: updateToMax old=1, new=1, updated? false
2022-08-02 21:05:56,774 [grpc-default-executor-2] DEBUG leader.FollowerInfo (FollowerInfoImpl.java:lambda$new$1(49)) - s0@group-DBBE7E7C6C61->s1: matchIndex: updateToMax old=2, new=-1, updated? false
2022-08-02 21:05:56,775 [grpc-default-executor-3] DEBUG leader.FollowerInfo (FollowerInfoImpl.java:lambda$new$1(49)) - s0@group-DBBE7E7C6C61->s2: commitIndex: updateToMax old=1, new=1, updated? false
2022-08-02 21:05:56,775 [grpc-default-executor-3] DEBUG leader.FollowerInfo (FollowerInfoImpl.java:lambda$new$1(49)) - s0@group-DBBE7E7C6C61->s2: matchIndex: updateToMax old=2, new=-1, updated? false
2022-08-02 21:05:56,775 [grpc-default-executor-2] DEBUG leader.FollowerInfo (FollowerInfoImpl.java:lambda$new$1(49)) - s0@group-DBBE7E7C6C61->s1: commitIndex: updateToMax old=1, new=1, updated? false
2022-08-02 21:05:56,775 [grpc-default-executor-2] DEBUG leader.FollowerInfo (FollowerInfoImpl.java:lambda$new$1(49)) - s0@group-DBBE7E7C6C61->s1: matchIndex: updateToMax old=2, new=-1, updated? false
2022-08-02 21:05:56,776 [grpc-default-executor-2] DEBUG leader.FollowerInfo (FollowerInfoImpl.java:lambda$new$1(49)) - s0@group-DBBE7E7C6C61->s2: commitIndex: updateToMax old=1, new=1, updated? false
2022-08-02 21:05:56,776 [grpc-default-executor-2] DEBUG leader.FollowerInfo (FollowerInfoImpl.java:lambda$new$1(49)) - s0@group-DBBE7E7C6C61->s2: matchIndex: updateToMax old=2, new=-1, updated? false
2022-08-02 21:05:56,776 [grpc-default-executor-3] DEBUG leader.FollowerInfo (FollowerInfoImpl.java:lambda$new$1(49)) - s0@group-DBBE7E7C6C61->s1: commitIndex: updateToMax old=1, new=1, updated? false
2022-08-02 21:05:56,776 [grpc-default-executor-3] DEBUG leader.FollowerInfo (FollowerInfoImpl.java:lambda$new$1(49)) - s0@group-DBBE7E7C6C61->s1: matchIndex: updateToMax old=2, new=-1, updated? false
2022-08-02 21:05:56,783 [grpc-default-executor-3] DEBUG leader.FollowerInfo (FollowerInfoImpl.java:lambda$new$1(49)) - s0@group-DBBE7E7C6C61->s2: commitIndex: updateToMax old=1, new=1, updated? false
2022-08-02 21:05:56,783 [grpc-default-executor-3] DEBUG leader.FollowerInfo (FollowerInfoImpl.java:lambda$new$1(49)) - s0@group-DBBE7E7C6C61->s2: matchIndex: updateToMax old=2, new=-1, updated? false
2022-08-02 21:05:56,784 [grpc-default-executor-2] DEBUG leader.FollowerInfo (FollowerInfoImpl.java:lambda$new$1(49)) - s0@group-DBBE7E7C6C61->s1: commitIndex: updateToMax old=1, new=1, updated? false
2022-08-02 21:05:56,784 [grpc-default-executor-2] DEBUG leader.FollowerInfo (FollowerInfoImpl.java:lambda$new$1(49)) - s0@group-DBBE7E7C6C61->s1: matchIndex: updateToMax old=2, new=-1, updated? false
2022-08-02 21:05:56,784 [grpc-default-executor-3] DEBUG leader.FollowerInfo (FollowerInfoImpl.java:lambda$new$1(49)) - s0@group-DBBE7E7C6C61->s2: commitIndex: updateToMax old=1, new=1, updated? false
2022-08-02 21:05:56,785 [grpc-default-executor-3] DEBUG leader.FollowerInfo (FollowerInfoImpl.java:lambda$new$1(49)) - s0@group-DBBE7E7C6C61->s2: matchIndex: updateToMax old=2, new=-1, updated? false
2022-08-02 21:05:56,785 [grpc-default-executor-3] DEBUG leader.FollowerInfo (FollowerInfoImpl.java:lambda$new$1(49)) - s0@group-DBBE7E7C6C61->s1: commitIndex: updateToMax old=1, new=1, updated? false
2022-08-02 21:05:56,785 [grpc-default-executor-3] DEBUG leader.FollowerInfo (FollowerInfoImpl.java:lambda$new$1(49)) - s0@group-DBBE7E7C6C61->s1: matchIndex: updateToMax old=2, new=-1, updated? false
2022-08-02 21:05:56,785 [grpc-default-executor-2] DEBUG leader.FollowerInfo (FollowerInfoImpl.java:lambda$new$1(49)) - s0@group-DBBE7E7C6C61->s2: commitIndex: updateToMax old=1, new=1, updated? false
2022-08-02 21:05:56,785 [grpc-default-executor-2] DEBUG leader.FollowerInfo (FollowerInfoImpl.java:lambda$new$1(49)) - s0@group-DBBE7E7C6C61->s2: matchIndex: updateToMax old=2, new=-1, updated? false
2022-08-02 21:05:56,786 [grpc-default-executor-3] DEBUG leader.FollowerInfo (FollowerInfoImpl.java:lambda$new$1(49)) - s0@group-DBBE7E7C6C61->s1: commitIndex: updateToMax old=1, new=1, updated? false
2022-08-02 21:05:56,786 [grpc-default-executor-3] DEBUG leader.FollowerInfo (FollowerInfoImpl.java:lambda$new$1(49)) - s0@group-DBBE7E7C6C61->s1: matchIndex: updateToMax old=2, new=-1, updated? false
2022-08-02 21:05:56,786 [grpc-default-executor-2] DEBUG leader.FollowerInfo (FollowerInfoImpl.java:lambda$new$1(49)) - s0@group-DBBE7E7C6C61->s2: commitIndex: updateToMax old=1, new=1, updated? false
2022-08-02 21:05:56,786 [grpc-default-executor-2] DEBUG leader.FollowerInfo (FollowerInfoImpl.java:lambda$new$1(49)) - s0@group-DBBE7E7C6C61->s2: matchIndex: updateToMax old=2, new=-1, updated? false
2022-08-02 21:05:56,787 [grpc-default-executor-3] DEBUG leader.FollowerInfo (FollowerInfoImpl.java:lambda$new$1(49)) - s0@group-DBBE7E7C6C61->s2: commitIndex: updateToMax old=1, new=1, updated? false
2022-08-02 21:05:56,787 [grpc-default-executor-3] DEBUG leader.FollowerInfo (FollowerInfoImpl.java:lambda$new$1(49)) - s0@group-DBBE7E7C6C61->s2: matchIndex: updateToMax old=2, new=-1, updated? false
2022-08-02 21:05:56,787 [grpc-default-executor-2] DEBUG leader.FollowerInfo (FollowerInfoImpl.java:lambda$new$1(49)) - s0@group-DBBE7E7C6C61->s1: commitIndex: updateToMax old=1, new=1, updated? false
2022-08-02 21:05:56,787 [grpc-default-executor-2] DEBUG leader.FollowerInfo (FollowerInfoImpl.java:lambda$new$1(49)) - s0@group-DBBE7E7C6C61->s1: matchIndex: updateToMax old=2, new=-1, updated? false
2022-08-02 21:05:56,788 [grpc-default-executor-3] DEBUG leader.FollowerInfo (FollowerInfoImpl.java:lambda$new$1(49)) - s0@group-DBBE7E7C6C61->s2: commitIndex: updateToMax old=1, new=1, updated? false
2022-08-02 21:05:56,788 [grpc-default-executor-3] DEBUG leader.FollowerInfo (FollowerInfoImpl.java:lambda$new$1(49)) - s0@group-DBBE7E7C6C61->s2: matchIndex: updateToMax old=2, new=-1, updated? false
2022-08-02 21:05:56,788 [grpc-default-executor-2] DEBUG leader.FollowerInfo (FollowerInfoImpl.java:lambda$new$1(49)) - s0@group-DBBE7E7C6C61->s1: commitIndex: updateToMax old=1, new=1, updated? false
2022-08-02 21:05:56,788 [grpc-default-executor-2] DEBUG leader.FollowerInfo (FollowerInfoImpl.java:lambda$new$1(49)) - s0@group-DBBE7E7C6C61->s1: matchIndex: updateToMax old=2, new=-1, updated? false
2022-08-02 21:05:56,789 [grpc-default-executor-2] DEBUG leader.FollowerInfo (FollowerInfoImpl.java:lambda$new$1(49)) - s0@group-DBBE7E7C6C61->s2: commitIndex: updateToMax old=1, new=1, updated? false
2022-08-02 21:05:56,789 [grpc-default-executor-2] DEBUG leader.FollowerInfo (FollowerInfoImpl.java:lambda$new$1(49)) - s0@group-DBBE7E7C6C61->s2: matchIndex: updateToMax old=2, new=-1, updated? false
2022-08-02 21:05:56,789 [grpc-default-executor-3] DEBUG leader.FollowerInfo (FollowerInfoImpl.java:lambda$new$1(49)) - s0@group-DBBE7E7C6C61->s1: commitIndex: updateToMax old=1, new=1, updated? false
2022-08-02 21:05:56,789 [grpc-default-executor-3] DEBUG leader.FollowerInfo (FollowerInfoImpl.java:lambda$new$1(49)) - s0@group-DBBE7E7C6C61->s1: matchIndex: updateToMax old=2, new=-1, updated? false
2022-08-02 21:05:56,789 [grpc-default-executor-2] DEBUG leader.FollowerInfo (FollowerInfoImpl.java:lambda$new$1(49)) - s0@group-DBBE7E7C6C61->s2: commitIndex: updateToMax old=1, new=1, updated? false
2022-08-02 21:05:56,790 [grpc-default-executor-2] DEBUG leader.FollowerInfo (FollowerInfoImpl.java:lambda$new$1(49)) - s0@group-DBBE7E7C6C61->s2: matchIndex: updateToMax old=2, new=-1, updated? false
2022-08-02 21:05:56,790 [grpc-default-executor-2] DEBUG leader.FollowerInfo (FollowerInfoImpl.java:lambda$new$1(49)) - s0@group-DBBE7E7C6C61->s1: commitIndex: updateToMax old=1, new=1, updated? false
2022-08-02 21:05:56,790 [grpc-default-executor-2] DEBUG leader.FollowerInfo (FollowerInfoImpl.java:lambda$new$1(49)) - s0@group-DBBE7E7C6C61->s1: matchIndex: updateToMax old=2, new=-1, updated? false
2022-08-02 21:05:56,790 [grpc-default-executor-3] DEBUG leader.FollowerInfo (FollowerInfoImpl.java:lambda$new$1(49)) - s0@group-DBBE7E7C6C61->s2: commitIndex: updateToMax old=1, new=1, updated? false
2022-08-02 21:05:56,790 [grpc-default-executor-3] DEBUG leader.FollowerInfo (FollowerInfoImpl.java:lambda$new$1(49)) - s0@group-DBBE7E7C6C61->s2: matchIndex: updateToMax old=2, new=-1, updated? false
2022-08-02 21:05:56,791 [grpc-default-executor-3] DEBUG leader.FollowerInfo (FollowerInfoImpl.java:lambda$new$1(49)) - s0@group-DBBE7E7C6C61->s1: commitIndex: updateToMax old=1, new=1, updated? false
2022-08-02 21:05:56,791 [grpc-default-executor-3] DEBUG leader.FollowerInfo (FollowerInfoImpl.java:lambda$new$1(49)) - s0@group-DBBE7E7C6C61->s1: matchIndex: updateToMax old=2, new=-1, updated? false
2022-08-02 21:05:56,791 [grpc-default-executor-3] DEBUG leader.FollowerInfo (FollowerInfoImpl.java:lambda$new$1(49)) - s0@group-DBBE7E7C6C61->s2: commitIndex: updateToMax old=1, new=1, updated? false
2022-08-02 21:05:56,791 [grpc-default-executor-3] DEBUG leader.FollowerInfo (FollowerInfoImpl.java:lambda$new$1(49)) - s0@group-DBBE7E7C6C61->s2: matchIndex: updateToMax old=2, new=-1, updated? false
2022-08-02 21:05:56,795 [grpc-default-executor-3] DEBUG leader.FollowerInfo (FollowerInfoImpl.java:lambda$new$1(49)) - s0@group-DBBE7E7C6C61->s1: commitIndex: updateToMax old=1, new=1, updated? false
2022-08-02 21:05:56,795 [grpc-default-executor-3] DEBUG leader.FollowerInfo (FollowerInfoImpl.java:lambda$new$1(49)) - s0@group-DBBE7E7C6C61->s1: matchIndex: updateToMax old=2, new=-1, updated? false
2022-08-02 21:05:56,796 [grpc-default-executor-3] DEBUG leader.FollowerInfo (FollowerInfoImpl.java:lambda$new$1(49)) - s0@group-DBBE7E7C6C61->s2: commitIndex: updateToMax old=1, new=1, updated? false
2022-08-02 21:05:56,796 [grpc-default-executor-3] DEBUG leader.FollowerInfo (FollowerInfoImpl.java:lambda$new$1(49)) - s0@group-DBBE7E7C6C61->s2: matchIndex: updateToMax old=2, new=-1, updated? false
2022-08-02 21:05:56,796 [grpc-default-executor-2] DEBUG leader.FollowerInfo (FollowerInfoImpl.java:lambda$new$1(49)) - s0@group-DBBE7E7C6C61->s1: commitIndex: updateToMax old=1, new=1, updated? false
2022-08-02 21:05:56,796 [grpc-default-executor-2] DEBUG leader.FollowerInfo (FollowerInfoImpl.java:lambda$new$1(49)) - s0@group-DBBE7E7C6C61->s1: matchIndex: updateToMax old=2, new=-1, updated? false
2022-08-02 21:05:56,797 [grpc-default-executor-3] DEBUG leader.FollowerInfo (FollowerInfoImpl.java:lambda$new$1(49)) - s0@group-DBBE7E7C6C61->s2: commitIndex: updateToMax old=1, new=1, updated? false
2022-08-02 21:05:56,797 [grpc-default-executor-3] DEBUG leader.FollowerInfo (FollowerInfoImpl.java:lambda$new$1(49)) - s0@group-DBBE7E7C6C61->s2: matchIndex: updateToMax old=2, new=-1, updated? false
2022-08-02 21:05:56,798 [grpc-default-executor-2] DEBUG leader.FollowerInfo (FollowerInfoImpl.java:lambda$new$1(49)) - s0@group-DBBE7E7C6C61->s1: commitIndex: updateToMax old=1, new=1, updated? false
2022-08-02 21:05:56,798 [grpc-default-executor-2] DEBUG leader.FollowerInfo (FollowerInfoImpl.java:lambda$new$1(49)) - s0@group-DBBE7E7C6C61->s1: matchIndex: updateToMax old=2, new=-1, updated? false
2022-08-02 21:05:56,799 [grpc-default-executor-3] DEBUG leader.FollowerInfo (FollowerInfoImpl.java:lambda$new$1(49)) - s0@group-DBBE7E7C6C61->s2: commitIndex: updateToMax old=1, new=1, updated? false
2022-08-02 21:05:56,799 [grpc-default-executor-3] DEBUG leader.FollowerInfo (FollowerInfoImpl.java:lambda$new$1(49)) - s0@group-DBBE7E7C6C61->s2: matchIndex: updateToMax old=2, new=-1, updated? false
2022-08-02 21:05:56,799 [grpc-default-executor-2] DEBUG leader.FollowerInfo (FollowerInfoImpl.java:lambda$new$1(49)) - s0@group-DBBE7E7C6C61->s1: commitIndex: updateToMax old=1, new=1, updated? false
2022-08-02 21:05:56,799 [grpc-default-executor-2] DEBUG leader.FollowerInfo (FollowerInfoImpl.java:lambda$new$1(49)) - s0@group-DBBE7E7C6C61->s1: matchIndex: updateToMax old=2, new=-1, updated? false
2022-08-02 21:05:56,800 [grpc-default-executor-3] DEBUG leader.FollowerInfo (FollowerInfoImpl.java:lambda$new$1(49)) - s0@group-DBBE7E7C6C61->s2: commitIndex: updateToMax old=1, new=1, updated? false
2022-08-02 21:05:56,800 [grpc-default-executor-3] DEBUG leader.FollowerInfo (FollowerInfoImpl.java:lambda$new$1(49)) - s0@group-DBBE7E7C6C61->s2: matchIndex: updateToMax old=2, new=-1, updated? false
2022-08-02 21:05:56,801 [grpc-default-executor-2] DEBUG leader.FollowerInfo (FollowerInfoImpl.java:lambda$new$1(49)) - s0@group-DBBE7E7C6C61->s1: commitIndex: updateToMax old=1, new=1, updated? false
2022-08-02 21:05:56,801 [grpc-default-executor-2] DEBUG leader.FollowerInfo (FollowerInfoImpl.java:lambda$new$1(49)) - s0@group-DBBE7E7C6C61->s1: matchIndex: updateToMax old=2, new=-1, updated? false
2022-08-02 21:05:56,801 [grpc-default-executor-3] DEBUG leader.FollowerInfo (FollowerInfoImpl.java:lambda$new$1(49)) - s0@group-DBBE7E7C6C61->s2: commitIndex: updateToMax old=1, new=1, updated? false
2022-08-02 21:05:56,801 [grpc-default-executor-3] DEBUG leader.FollowerInfo (FollowerInfoImpl.java:lambda$new$1(49)) - s0@group-DBBE7E7C6C61->s2: matchIndex: updateToMax old=2, new=-1, updated? false
2022-08-02 21:05:56,802 [grpc-default-executor-2] DEBUG leader.FollowerInfo (FollowerInfoImpl.java:lambda$new$1(49)) - s0@group-DBBE7E7C6C61->s1: commitIndex: updateToMax old=1, new=1, updated? false
2022-08-02 21:05:56,802 [grpc-default-executor-2] DEBUG leader.FollowerInfo (FollowerInfoImpl.java:lambda$new$1(49)) - s0@group-DBBE7E7C6C61->s1: matchIndex: updateToMax old=2, new=-1, updated? false
2022-08-02 21:05:56,803 [grpc-default-executor-3] DEBUG leader.FollowerInfo (FollowerInfoImpl.java:lambda$new$1(49)) - s0@group-DBBE7E7C6C61->s2: commitIndex: updateToMax old=1, new=1, updated? false
2022-08-02 21:05:56,803 [grpc-default-executor-3] DEBUG leader.FollowerInfo (FollowerInfoImpl.java:lambda$new$1(49)) - s0@group-DBBE7E7C6C61->s2: matchIndex: updateToMax old=2, new=-1, updated? false
2022-08-02 21:05:56,803 [grpc-default-executor-2] DEBUG leader.FollowerInfo (FollowerInfoImpl.java:lambda$new$1(49)) - s0@group-DBBE7E7C6C61->s1: commitIndex: updateToMax old=1, new=1, updated? false
2022-08-02 21:05:56,803 [grpc-default-executor-2] DEBUG leader.FollowerInfo (FollowerInfoImpl.java:lambda$new$1(49)) - s0@group-DBBE7E7C6C61->s1: matchIndex: updateToMax old=2, new=-1, updated? false
2022-08-02 21:05:56,804 [grpc-default-executor-3] DEBUG leader.FollowerInfo (FollowerInfoImpl.java:lambda$new$1(49)) - s0@group-DBBE7E7C6C61->s2: commitIndex: updateToMax old=1, new=1, updated? false
2022-08-02 21:05:56,804 [grpc-default-executor-3] DEBUG leader.FollowerInfo (FollowerInfoImpl.java:lambda$new$1(49)) - s0@group-DBBE7E7C6C61->s2: matchIndex: updateToMax old=2, new=-1, updated? false
2022-08-02 21:05:56,805 [grpc-default-executor-2] DEBUG leader.FollowerInfo (FollowerInfoImpl.java:lambda$new$1(49)) - s0@group-DBBE7E7C6C61->s1: commitIndex: updateToMax old=1, new=1, updated? false
2022-08-02 21:05:56,805 [grpc-default-executor-2] DEBUG leader.FollowerInfo (FollowerInfoImpl.java:lambda$new$1(49)) - s0@group-DBBE7E7C6C61->s1: matchIndex: updateToMax old=2, new=-1, updated? false
2022-08-02 21:05:56,805 [grpc-default-executor-3] DEBUG leader.FollowerInfo (FollowerInfoImpl.java:lambda$new$1(49)) - s0@group-DBBE7E7C6C61->s2: commitIndex: updateToMax old=1, new=1, updated? false
2022-08-02 21:05:56,805 [grpc-default-executor-3] DEBUG leader.FollowerInfo (FollowerInfoImpl.java:lambda$new$1(49)) - s0@group-DBBE7E7C6C61->s2: matchIndex: updateToMax old=2, new=-1, updated? false
2022-08-02 21:05:56,806 [grpc-default-executor-2] DEBUG leader.FollowerInfo (FollowerInfoImpl.java:lambda$new$1(49)) - s0@group-DBBE7E7C6C61->s1: commitIndex: updateToMax old=1, new=1, updated? false
2022-08-02 21:05:56,806 [grpc-default-executor-2] DEBUG leader.FollowerInfo (FollowerInfoImpl.java:lambda$new$1(49)) - s0@group-DBBE7E7C6C61->s1: matchIndex: updateToMax old=2, new=-1, updated? false
2022-08-02 21:05:56,807 [grpc-default-executor-3] DEBUG leader.FollowerInfo (FollowerInfoImpl.java:lambda$new$1(49)) - s0@group-DBBE7E7C6C61->s2: commitIndex: updateToMax old=1, new=1, updated? false
2022-08-02 21:05:56,807 [grpc-default-executor-3] DEBUG leader.FollowerInfo (FollowerInfoImpl.java:lambda$new$1(49)) - s0@group-DBBE7E7C6C61->s2: matchIndex: updateToMax old=2, new=-1, updated? false
2022-08-02 21:05:56,808 [grpc-default-executor-2] DEBUG leader.FollowerInfo (FollowerInfoImpl.java:lambda$new$1(49)) - s0@group-DBBE7E7C6C61->s1: commitIndex: updateToMax old=1, new=1, updated? false
2022-08-02 21:05:56,808 [grpc-default-executor-2] DEBUG leader.FollowerInfo (FollowerInfoImpl.java:lambda$new$1(49)) - s0@group-DBBE7E7C6C61->s1: matchIndex: updateToMax old=2, new=-1, updated? false
2022-08-02 21:05:56,808 [grpc-default-executor-3] DEBUG leader.FollowerInfo (FollowerInfoImpl.java:lambda$new$1(49)) - s0@group-DBBE7E7C6C61->s2: commitIndex: updateToMax old=1, new=1, updated? false
2022-08-02 21:05:56,808 [grpc-default-executor-3] DEBUG leader.FollowerInfo (FollowerInfoImpl.java:lambda$new$1(49)) - s0@group-DBBE7E7C6C61->s2: matchIndex: updateToMax old=2, new=-1, updated? false
2022-08-02 21:05:56,809 [grpc-default-executor-2] DEBUG leader.FollowerInfo (FollowerInfoImpl.java:lambda$new$1(49)) - s0@group-DBBE7E7C6C61->s1: commitIndex: updateToMax old=1, new=1, updated? false
2022-08-02 21:05:56,809 [grpc-default-executor-2] DEBUG leader.FollowerInfo (FollowerInfoImpl.java:lambda$new$1(49)) - s0@group-DBBE7E7C6C61->s1: matchIndex: updateToMax old=2, new=-1, updated? false
2022-08-02 21:05:56,810 [grpc-default-executor-3] DEBUG leader.FollowerInfo (FollowerInfoImpl.java:lambda$new$1(49)) - s0@group-DBBE7E7C6C61->s2: commitIndex: updateToMax old=1, new=1, updated? false
2022-08-02 21:05:56,810 [grpc-default-executor-3] DEBUG leader.FollowerInfo (FollowerInfoImpl.java:lambda$new$1(49)) - s0@group-DBBE7E7C6C61->s2: matchIndex: updateToMax old=2, new=-1, updated? false
2022-08-02 21:05:56,810 [grpc-default-executor-2] DEBUG leader.FollowerInfo (FollowerInfoImpl.java:lambda$new$1(49)) - s0@group-DBBE7E7C6C61->s1: commitIndex: updateToMax old=1, new=1, updated? false
2022-08-02 21:05:56,810 [grpc-default-executor-2] DEBUG leader.FollowerInfo (FollowerInfoImpl.java:lambda$new$1(49)) - s0@group-DBBE7E7C6C61->s1: matchIndex: updateToMax old=2, new=-1, updated? false
2022-08-02 21:05:56,811 [grpc-default-executor-3] DEBUG leader.FollowerInfo (FollowerInfoImpl.java:lambda$new$1(49)) - s0@group-DBBE7E7C6C61->s2: commitIndex: updateToMax old=1, new=1, updated? false
2022-08-02 21:05:56,811 [grpc-default-executor-3] DEBUG leader.FollowerInfo (FollowerInfoImpl.java:lambda$new$1(49)) - s0@group-DBBE7E7C6C61->s2: matchIndex: updateToMax old=2, new=-1, updated? false
2022-08-02 21:05:56,812 [grpc-default-executor-2] DEBUG leader.FollowerInfo (FollowerInfoImpl.java:lambda$new$1(49)) - s0@group-DBBE7E7C6C61->s1: commitIndex: updateToMax old=1, new=1, updated? false
2022-08-02 21:05:56,812 [grpc-default-executor-2] DEBUG leader.FollowerInfo (FollowerInfoImpl.java:lambda$new$1(49)) - s0@group-DBBE7E7C6C61->s1: matchIndex: updateToMax old=2, new=-1, updated? false
2022-08-02 21:05:56,812 [grpc-default-executor-3] DEBUG leader.FollowerInfo (FollowerInfoImpl.java:lambda$new$1(49)) - s0@group-DBBE7E7C6C61->s2: commitIndex: updateToMax old=1, new=1, updated? false
2022-08-02 21:05:56,813 [grpc-default-executor-3] DEBUG leader.FollowerInfo (FollowerInfoImpl.java:lambda$new$1(49)) - s0@group-DBBE7E7C6C61->s2: matchIndex: updateToMax old=2, new=-1, updated? false
2022-08-02 21:05:56,813 [grpc-default-executor-2] DEBUG leader.FollowerInfo (FollowerInfoImpl.java:lambda$new$1(49)) - s0@group-DBBE7E7C6C61->s1: commitIndex: updateToMax old=1, new=1, updated? false
2022-08-02 21:05:56,813 [grpc-default-executor-2] DEBUG leader.FollowerInfo (FollowerInfoImpl.java:lambda$new$1(49)) - s0@group-DBBE7E7C6C61->s1: matchIndex: updateToMax old=2, new=-1, updated? false
2022-08-02 21:05:56,814 [grpc-default-executor-3] DEBUG leader.FollowerInfo (FollowerInfoImpl.java:lambda$new$1(49)) - s0@group-DBBE7E7C6C61->s2: commitIndex: updateToMax old=1, new=1, updated? false
2022-08-02 21:05:56,814 [grpc-default-executor-3] DEBUG leader.FollowerInfo (FollowerInfoImpl.java:lambda$new$1(49)) - s0@group-DBBE7E7C6C61->s2: matchIndex: updateToMax old=2, new=-1, updated? false
2022-08-02 21:05:56,814 [grpc-default-executor-2] DEBUG leader.FollowerInfo (FollowerInfoImpl.java:lambda$new$1(49)) - s0@group-DBBE7E7C6C61->s1: commitIndex: updateToMax old=1, new=1, updated? false
2022-08-02 21:05:56,814 [grpc-default-executor-2] DEBUG leader.FollowerInfo (FollowerInfoImpl.java:lambda$new$1(49)) - s0@group-DBBE7E7C6C61->s1: matchIndex: updateToMax old=2, new=-1, updated? false
2022-08-02 21:05:56,815 [grpc-default-executor-3] DEBUG leader.FollowerInfo (FollowerInfoImpl.java:lambda$new$1(49)) - s0@group-DBBE7E7C6C61->s2: commitIndex: updateToMax old=1, new=1, updated? false
2022-08-02 21:05:56,815 [grpc-default-executor-3] DEBUG leader.FollowerInfo (FollowerInfoImpl.java:lambda$new$1(49)) - s0@group-DBBE7E7C6C61->s2: matchIndex: updateToMax old=2, new=-1, updated? false
2022-08-02 21:05:56,816 [grpc-default-executor-2] DEBUG leader.FollowerInfo (FollowerInfoImpl.java:lambda$new$1(49)) - s0@group-DBBE7E7C6C61->s1: commitIndex: updateToMax old=1, new=1, updated? false
2022-08-02 21:05:56,816 [grpc-default-executor-2] DEBUG leader.FollowerInfo (FollowerInfoImpl.java:lambda$new$1(49)) - s0@group-DBBE7E7C6C61->s1: matchIndex: updateToMax old=2, new=-1, updated? false
2022-08-02 21:05:56,817 [grpc-default-executor-3] DEBUG leader.FollowerInfo (FollowerInfoImpl.java:lambda$new$1(49)) - s0@group-DBBE7E7C6C61->s2: commitIndex: updateToMax old=1, new=1, updated? false
2022-08-02 21:05:56,817 [grpc-default-executor-3] DEBUG leader.FollowerInfo (FollowerInfoImpl.java:lambda$new$1(49)) - s0@group-DBBE7E7C6C61->s2: matchIndex: updateToMax old=2, new=-1, updated? false
2022-08-02 21:05:56,817 [grpc-default-executor-2] DEBUG leader.FollowerInfo (FollowerInfoImpl.java:lambda$new$1(49)) - s0@group-DBBE7E7C6C61->s1: commitIndex: updateToMax old=1, new=1, updated? false
2022-08-02 21:05:56,817 [grpc-default-executor-2] DEBUG leader.FollowerInfo (FollowerInfoImpl.java:lambda$new$1(49)) - s0@group-DBBE7E7C6C61->s1: matchIndex: updateToMax old=2, new=-1, updated? false
2022-08-02 21:05:56,818 [grpc-default-executor-3] DEBUG leader.FollowerInfo (FollowerInfoImpl.java:lambda$new$1(49)) - s0@group-DBBE7E7C6C61->s2: commitIndex: updateToMax old=1, new=1, updated? false
2022-08-02 21:05:56,818 [grpc-default-executor-3] DEBUG leader.FollowerInfo (FollowerInfoImpl.java:lambda$new$1(49)) - s0@group-DBBE7E7C6C61->s2: matchIndex: updateToMax old=2, new=-1, updated? false
2022-08-02 21:05:56,819 [grpc-default-executor-2] DEBUG leader.FollowerInfo (FollowerInfoImpl.java:lambda$new$1(49)) - s0@group-DBBE7E7C6C61->s1: commitIndex: updateToMax old=1, new=1, updated? false
2022-08-02 21:05:56,819 [grpc-default-executor-2] DEBUG leader.FollowerInfo (FollowerInfoImpl.java:lambda$new$1(49)) - s0@group-DBBE7E7C6C61->s1: matchIndex: updateToMax old=2, new=-1, updated? false
2022-08-02 21:05:56,819 [grpc-default-executor-3] DEBUG leader.FollowerInfo (FollowerInfoImpl.java:lambda$new$1(49)) - s0@group-DBBE7E7C6C61->s2: commitIndex: updateToMax old=1, new=1, updated? false
2022-08-02 21:05:56,819 [grpc-default-executor-3] DEBUG leader.FollowerInfo (FollowerInfoImpl.java:lambda$new$1(49)) - s0@group-DBBE7E7C6C61->s2: matchIndex: updateToMax old=2, new=-1, updated? false
2022-08-02 21:05:56,820 [grpc-default-executor-2] DEBUG leader.FollowerInfo (FollowerInfoImpl.java:lambda$new$1(49)) - s0@group-DBBE7E7C6C61->s1: commitIndex: updateToMax old=1, new=1, updated? false
2022-08-02 21:05:56,820 [grpc-default-executor-2] DEBUG leader.FollowerInfo (FollowerInfoImpl.java:lambda$new$1(49)) - s0@group-DBBE7E7C6C61->s1: matchIndex: updateToMax old=2, new=-1, updated? false
2022-08-02 21:05:56,821 [grpc-default-executor-3] DEBUG leader.FollowerInfo (FollowerInfoImpl.java:lambda$new$1(49)) - s0@group-DBBE7E7C6C61->s2: commitIndex: updateToMax old=1, new=1, updated? false
2022-08-02 21:05:56,821 [grpc-default-executor-3] DEBUG leader.FollowerInfo (FollowerInfoImpl.java:lambda$new$1(49)) - s0@group-DBBE7E7C6C61->s2: matchIndex: updateToMax old=2, new=-1, updated? false
2022-08-02 21:05:56,821 [grpc-default-executor-2] DEBUG leader.FollowerInfo (FollowerInfoImpl.java:lambda$new$1(49)) - s0@group-DBBE7E7C6C61->s1: commitIndex: updateToMax old=1, new=1, updated? false
2022-08-02 21:05:56,821 [grpc-default-executor-2] DEBUG leader.FollowerInfo (FollowerInfoImpl.java:lambda$new$1(49)) - s0@group-DBBE7E7C6C61->s1: matchIndex: updateToMax old=2, new=-1, updated? false
2022-08-02 21:05:56,822 [grpc-default-executor-3] DEBUG leader.FollowerInfo (FollowerInfoImpl.java:lambda$new$1(49)) - s0@group-DBBE7E7C6C61->s2: commitIndex: updateToMax old=1, new=1, updated? false
2022-08-02 21:05:56,822 [grpc-default-executor-3] DEBUG leader.FollowerInfo (FollowerInfoImpl.java:lambda$new$1(49)) - s0@group-DBBE7E7C6C61->s2: matchIndex: updateToMax old=2, new=-1, updated? false
2022-08-02 21:05:56,823 [grpc-default-executor-2] DEBUG leader.FollowerInfo (FollowerInfoImpl.java:lambda$new$1(49)) - s0@group-DBBE7E7C6C61->s1: commitIndex: updateToMax old=1, new=1, updated? false
2022-08-02 21:05:56,823 [grpc-default-executor-2] DEBUG leader.FollowerInfo (FollowerInfoImpl.java:lambda$new$1(49)) - s0@group-DBBE7E7C6C61->s1: matchIndex: updateToMax old=2, new=-1, updated? false
2022-08-02 21:05:56,823 [grpc-default-executor-3] DEBUG leader.FollowerInfo (FollowerInfoImpl.java:lambda$new$1(49)) - s0@group-DBBE7E7C6C61->s2: commitIndex: updateToMax old=1, new=1, updated? false
2022-08-02 21:05:56,823 [grpc-default-executor-3] DEBUG leader.FollowerInfo (FollowerInfoImpl.java:lambda$new$1(49)) - s0@group-DBBE7E7C6C61->s2: matchIndex: updateToMax old=2, new=-1, updated? false
2022-08-02 21:05:56,824 [grpc-default-executor-2] DEBUG leader.FollowerInfo (FollowerInfoImpl.java:lambda$new$1(49)) - s0@group-DBBE7E7C6C61->s1: commitIndex: updateToMax old=1, new=1, updated? false
2022-08-02 21:05:56,824 [grpc-default-executor-2] DEBUG leader.FollowerInfo (FollowerInfoImpl.java:lambda$new$1(49)) - s0@group-DBBE7E7C6C61->s1: matchIndex: updateToMax old=2, new=-1, updated? false
2022-08-02 21:05:56,825 [grpc-default-executor-3] DEBUG leader.FollowerInfo (FollowerInfoImpl.java:lambda$new$1(49)) - s0@group-DBBE7E7C6C61->s2: commitIndex: updateToMax old=1, new=1, updated? false
2022-08-02 21:05:56,825 [grpc-default-executor-3] DEBUG leader.FollowerInfo (FollowerInfoImpl.java:lambda$new$1(49)) - s0@group-DBBE7E7C6C61->s2: matchIndex: updateToMax old=2, new=-1, updated? false
2022-08-02 21:05:56,825 [grpc-default-executor-2] DEBUG leader.FollowerInfo (FollowerInfoImpl.java:lambda$new$1(49)) - s0@group-DBBE7E7C6C61->s1: commitIndex: updateToMax old=1, new=1, updated? false
2022-08-02 21:05:56,825 [grpc-default-executor-2] DEBUG leader.FollowerInfo (FollowerInfoImpl.java:lambda$new$1(49)) - s0@group-DBBE7E7C6C61->s1: matchIndex: updateToMax old=2, new=-1, updated? false
2022-08-02 21:05:56,826 [grpc-default-executor-3] DEBUG leader.FollowerInfo (FollowerInfoImpl.java:lambda$new$1(49)) - s0@group-DBBE7E7C6C61->s2: commitIndex: updateToMax old=1, new=1, updated? false
2022-08-02 21:05:56,826 [grpc-default-executor-3] DEBUG leader.FollowerInfo (FollowerInfoImpl.java:lambda$new$1(49)) - s0@group-DBBE7E7C6C61->s2: matchIndex: updateToMax old=2, new=-1, updated? false
2022-08-02 21:05:56,827 [grpc-default-executor-2] DEBUG leader.FollowerInfo (FollowerInfoImpl.java:lambda$new$1(49)) - s0@group-DBBE7E7C6C61->s1: commitIndex: updateToMax old=1, new=1, updated? false
2022-08-02 21:05:56,827 [grpc-default-executor-2] DEBUG leader.FollowerInfo (FollowerInfoImpl.java:lambda$new$1(49)) - s0@group-DBBE7E7C6C61->s1: matchIndex: updateToMax old=2, new=-1, updated? false
2022-08-02 21:05:56,827 [grpc-default-executor-3] DEBUG leader.FollowerInfo (FollowerInfoImpl.java:lambda$new$1(49)) - s0@group-DBBE7E7C6C61->s2: commitIndex: updateToMax old=1, new=1, updated? false
2022-08-02 21:05:56,827 [grpc-default-executor-3] DEBUG leader.FollowerInfo (FollowerInfoImpl.java:lambda$new$1(49)) - s0@group-DBBE7E7C6C61->s2: matchIndex: updateToMax old=2, new=-1, updated? false
2022-08-02 21:05:56,828 [grpc-default-executor-2] DEBUG leader.FollowerInfo (FollowerInfoImpl.java:lambda$new$1(49)) - s0@group-DBBE7E7C6C61->s1: commitIndex: updateToMax old=1, new=1, updated? false
2022-08-02 21:05:56,828 [grpc-default-executor-2] DEBUG leader.FollowerInfo (FollowerInfoImpl.java:lambda$new$1(49)) - s0@group-DBBE7E7C6C61->s1: matchIndex: updateToMax old=2, new=-1, updated? false
2022-08-02 21:05:56,829 [grpc-default-executor-3] DEBUG leader.FollowerInfo (FollowerInfoImpl.java:lambda$new$1(49)) - s0@group-DBBE7E7C6C61->s2: commitIndex: updateToMax old=1, new=1, updated? false
2022-08-02 21:05:56,829 [grpc-default-executor-3] DEBUG leader.FollowerInfo (FollowerInfoImpl.java:lambda$new$1(49)) - s0@group-DBBE7E7C6C61->s2: matchIndex: updateToMax old=2, new=-1, updated? false
2022-08-02 21:05:56,829 [grpc-default-executor-2] DEBUG leader.FollowerInfo (FollowerInfoImpl.java:lambda$new$1(49)) - s0@group-DBBE7E7C6C61->s1: commitIndex: updateToMax old=1, new=1, updated? false
2022-08-02 21:05:56,829 [grpc-default-executor-2] DEBUG leader.FollowerInfo (FollowerInfoImpl.java:lambda$new$1(49)) - s0@group-DBBE7E7C6C61->s1: matchIndex: updateToMax old=2, new=-1, updated? false
2022-08-02 21:05:56,830 [grpc-default-executor-3] DEBUG leader.FollowerInfo (FollowerInfoImpl.java:lambda$new$1(49)) - s0@group-DBBE7E7C6C61->s2: commitIndex: updateToMax old=1, new=1, updated? false
2022-08-02 21:05:56,830 [grpc-default-executor-3] DEBUG leader.FollowerInfo (FollowerInfoImpl.java:lambda$new$1(49)) - s0@group-DBBE7E7C6C61->s2: matchIndex: updateToMax old=2, new=-1, updated? false
2022-08-02 21:05:56,831 [grpc-default-executor-2] DEBUG leader.FollowerInfo (FollowerInfoImpl.java:lambda$new$1(49)) - s0@group-DBBE7E7C6C61->s1: commitIndex: updateToMax old=1, new=1, updated? false
2022-08-02 21:05:56,831 [grpc-default-executor-2] DEBUG leader.FollowerInfo (FollowerInfoImpl.java:lambda$new$1(49)) - s0@group-DBBE7E7C6C61->s1: matchIndex: updateToMax old=2, new=-1, updated? false
2022-08-02 21:05:56,831 [grpc-default-executor-3] DEBUG leader.FollowerInfo (FollowerInfoImpl.java:lambda$new$1(49)) - s0@group-DBBE7E7C6C61->s2: commitIndex: updateToMax old=1, new=1, updated? false
2022-08-02 21:05:56,832 [grpc-default-executor-3] DEBUG leader.FollowerInfo (FollowerInfoImpl.java:lambda$new$1(49)) - s0@group-DBBE7E7C6C61->s2: matchIndex: updateToMax old=2, new=-1, updated? false
2022-08-02 21:05:56,832 [grpc-default-executor-2] DEBUG leader.FollowerInfo (FollowerInfoImpl.java:lambda$new$1(49)) - s0@group-DBBE7E7C6C61->s1: commitIndex: updateToMax old=1, new=1, updated? false
2022-08-02 21:05:56,832 [grpc-default-executor-2] DEBUG leader.FollowerInfo (FollowerInfoImpl.java:lambda$new$1(49)) - s0@group-DBBE7E7C6C61->s1: matchIndex: updateToMax old=2, new=-1, updated? false
2022-08-02 21:05:56,833 [grpc-default-executor-3] DEBUG leader.FollowerInfo (FollowerInfoImpl.java:lambda$new$1(49)) - s0@group-DBBE7E7C6C61->s2: commitIndex: updateToMax old=1, new=1, updated? false
2022-08-02 21:05:56,833 [grpc-default-executor-3] DEBUG leader.FollowerInfo (FollowerInfoImpl.java:lambda$new$1(49)) - s0@group-DBBE7E7C6C61->s2: matchIndex: updateToMax old=2, new=-1, updated? false
2022-08-02 21:05:56,833 [grpc-default-executor-2] DEBUG leader.FollowerInfo (FollowerInfoImpl.java:lambda$new$1(49)) - s0@group-DBBE7E7C6C61->s1: commitIndex: updateToMax old=1, new=1, updated? false
2022-08-02 21:05:56,834 [grpc-default-executor-2] DEBUG leader.FollowerInfo (FollowerInfoImpl.java:lambda$new$1(49)) - s0@group-DBBE7E7C6C61->s1: matchIndex: updateToMax old=2, new=-1, updated? false
2022-08-02 21:05:56,834 [grpc-default-executor-3] DEBUG leader.FollowerInfo (FollowerInfoImpl.java:lambda$new$1(49)) - s0@group-DBBE7E7C6C61->s2: commitIndex: updateToMax old=1, new=1, updated? false
2022-08-02 21:05:56,834 [grpc-default-executor-3] DEBUG leader.FollowerInfo (FollowerInfoImpl.java:lambda$new$1(49)) - s0@group-DBBE7E7C6C61->s2: matchIndex: updateToMax old=2, new=-1, updated? false
2022-08-02 21:05:56,835 [grpc-default-executor-2] DEBUG leader.FollowerInfo (FollowerInfoImpl.java:lambda$new$1(49)) - s0@group-DBBE7E7C6C61->s1: commitIndex: updateToMax old=1, new=1, updated? false
2022-08-02 21:05:56,835 [grpc-default-executor-2] DEBUG leader.FollowerInfo (FollowerInfoImpl.java:lambda$new$1(49)) - s0@group-DBBE7E7C6C61->s1: matchIndex: updateToMax old=2, new=-1, updated? false
2022-08-02 21:05:56,836 [grpc-default-executor-3] DEBUG leader.FollowerInfo (FollowerInfoImpl.java:lambda$new$1(49)) - s0@group-DBBE7E7C6C61->s2: commitIndex: updateToMax old=1, new=1, updated? false
2022-08-02 21:05:56,836 [grpc-default-executor-3] DEBUG leader.FollowerInfo (FollowerInfoImpl.java:lambda$new$1(49)) - s0@group-DBBE7E7C6C61->s2: matchIndex: updateToMax old=2, new=-1, updated? false
2022-08-02 21:05:56,836 [grpc-default-executor-2] DEBUG leader.FollowerInfo (FollowerInfoImpl.java:lambda$new$1(49)) - s0@group-DBBE7E7C6C61->s1: commitIndex: updateToMax old=1, new=1, updated? false
2022-08-02 21:05:56,836 [grpc-default-executor-2] DEBUG leader.FollowerInfo (FollowerInfoImpl.java:lambda$new$1(49)) - s0@group-DBBE7E7C6C61->s1: matchIndex: updateToMax old=2, new=-1, updated? false
2022-08-02 21:05:56,837 [grpc-default-executor-3] DEBUG leader.FollowerInfo (FollowerInfoImpl.java:lambda$new$1(49)) - s0@group-DBBE7E7C6C61->s2: commitIndex: updateToMax old=1, new=1, updated? false
2022-08-02 21:05:56,837 [grpc-default-executor-3] DEBUG leader.FollowerInfo (FollowerInfoImpl.java:lambda$new$1(49)) - s0@group-DBBE7E7C6C61->s2: matchIndex: updateToMax old=2, new=-1, updated? false
2022-08-02 21:05:56,838 [grpc-default-executor-2] DEBUG leader.FollowerInfo (FollowerInfoImpl.java:lambda$new$1(49)) - s0@group-DBBE7E7C6C61->s1: commitIndex: updateToMax old=1, new=1, updated? false
2022-08-02 21:05:56,838 [grpc-default-executor-2] DEBUG leader.FollowerInfo (FollowerInfoImpl.java:lambda$new$1(49)) - s0@group-DBBE7E7C6C61->s1: matchIndex: updateToMax old=2, new=-1, updated? false
2022-08-02 21:05:56,838 [grpc-default-executor-3] DEBUG leader.FollowerInfo (FollowerInfoImpl.java:lambda$new$1(49)) - s0@group-DBBE7E7C6C61->s2: commitIndex: updateToMax old=1, new=1, updated? false
2022-08-02 21:05:56,838 [grpc-default-executor-3] DEBUG leader.FollowerInfo (FollowerInfoImpl.java:lambda$new$1(49)) - s0@group-DBBE7E7C6C61->s2: matchIndex: updateToMax old=2, new=-1, updated? false
2022-08-02 21:05:56,839 [grpc-default-executor-2] DEBUG leader.FollowerInfo (FollowerInfoImpl.java:lambda$new$1(49)) - s0@group-DBBE7E7C6C61->s1: commitIndex: updateToMax old=1, new=1, updated? false
2022-08-02 21:05:56,839 [grpc-default-executor-2] DEBUG leader.FollowerInfo (FollowerInfoImpl.java:lambda$new$1(49)) - s0@group-DBBE7E7C6C61->s1: matchIndex: updateToMax old=2, new=-1, updated? false
2022-08-02 21:05:56,840 [grpc-default-executor-3] DEBUG leader.FollowerInfo (FollowerInfoImpl.java:lambda$new$1(49)) - s0@group-DBBE7E7C6C61->s2: commitIndex: updateToMax old=1, new=1, updated? false
2022-08-02 21:05:56,840 [grpc-default-executor-3] DEBUG leader.FollowerInfo (FollowerInfoImpl.java:lambda$new$1(49)) - s0@group-DBBE7E7C6C61->s2: matchIndex: updateToMax old=2, new=-1, updated? false
2022-08-02 21:05:56,841 [grpc-default-executor-2] DEBUG leader.FollowerInfo (FollowerInfoImpl.java:lambda$new$1(49)) - s0@group-DBBE7E7C6C61->s1: commitIndex: updateToMax old=1, new=1, updated? false
2022-08-02 21:05:56,841 [grpc-default-executor-2] DEBUG leader.FollowerInfo (FollowerInfoImpl.java:lambda$new$1(49)) - s0@group-DBBE7E7C6C61->s1: matchIndex: updateToMax old=2, new=-1, updated? false
2022-08-02 21:05:56,841 [grpc-default-executor-3] DEBUG leader.FollowerInfo (FollowerInfoImpl.java:lambda$new$1(49)) - s0@group-DBBE7E7C6C61->s2: commitIndex: updateToMax old=1, new=1, updated? false
2022-08-02 21:05:56,841 [grpc-default-executor-3] DEBUG leader.FollowerInfo (FollowerInfoImpl.java:lambda$new$1(49)) - s0@group-DBBE7E7C6C61->s2: matchIndex: updateToMax old=2, new=-1, updated? false
2022-08-02 21:05:56,842 [grpc-default-executor-2] DEBUG leader.FollowerInfo (FollowerInfoImpl.java:lambda$new$1(49)) - s0@group-DBBE7E7C6C61->s1: commitIndex: updateToMax old=1, new=1, updated? false
2022-08-02 21:05:56,842 [grpc-default-executor-2] DEBUG leader.FollowerInfo (FollowerInfoImpl.java:lambda$new$1(49)) - s0@group-DBBE7E7C6C61->s1: matchIndex: updateToMax old=2, new=-1, updated? false
2022-08-02 21:05:56,843 [grpc-default-executor-3] DEBUG leader.FollowerInfo (FollowerInfoImpl.java:lambda$new$1(49)) - s0@group-DBBE7E7C6C61->s2: commitIndex: updateToMax old=1, new=1, updated? false
2022-08-02 21:05:56,843 [grpc-default-executor-3] DEBUG leader.FollowerInfo (FollowerInfoImpl.java:lambda$new$1(49)) - s0@group-DBBE7E7C6C61->s2: matchIndex: updateToMax old=2, new=-1, updated? false
2022-08-02 21:05:56,843 [grpc-default-executor-2] DEBUG leader.FollowerInfo (FollowerInfoImpl.java:lambda$new$1(49)) - s0@group-DBBE7E7C6C61->s1: commitIndex: updateToMax old=1, new=1, updated? false
2022-08-02 21:05:56,843 [grpc-default-executor-2] DEBUG leader.FollowerInfo (FollowerInfoImpl.java:lambda$new$1(49)) - s0@group-DBBE7E7C6C61->s1: matchIndex: updateToMax old=2, new=-1, updated? false
2022-08-02 21:05:56,844 [grpc-default-executor-3] DEBUG leader.FollowerInfo (FollowerInfoImpl.java:lambda$new$1(49)) - s0@group-DBBE7E7C6C61->s2: commitIndex: updateToMax old=1, new=1, updated? false
2022-08-02 21:05:56,844 [grpc-default-executor-3] DEBUG leader.FollowerInfo (FollowerInfoImpl.java:lambda$new$1(49)) - s0@group-DBBE7E7C6C61->s2: matchIndex: updateToMax old=2, new=-1, updated? false
2022-08-02 21:05:56,845 [grpc-default-executor-2] DEBUG leader.FollowerInfo (FollowerInfoImpl.java:lambda$new$1(49)) - s0@group-DBBE7E7C6C61->s1: commitIndex: updateToMax old=1, new=1, updated? false
2022-08-02 21:05:56,845 [grpc-default-executor-2] DEBUG leader.FollowerInfo (FollowerInfoImpl.java:lambda$new$1(49)) - s0@group-DBBE7E7C6C61->s1: matchIndex: updateToMax old=2, new=-1, updated? false
2022-08-02 21:05:56,845 [grpc-default-executor-3] DEBUG leader.FollowerInfo (FollowerInfoImpl.java:lambda$new$1(49)) - s0@group-DBBE7E7C6C61->s2: commitIndex: updateToMax old=1, new=1, updated? false
2022-08-02 21:05:56,846 [grpc-default-executor-3] DEBUG leader.FollowerInfo (FollowerInfoImpl.java:lambda$new$1(49)) - s0@group-DBBE7E7C6C61->s2: matchIndex: updateToMax old=2, new=-1, updated? false
2022-08-02 21:05:56,846 [grpc-default-executor-2] DEBUG leader.FollowerInfo (FollowerInfoImpl.java:lambda$new$1(49)) - s0@group-DBBE7E7C6C61->s1: commitIndex: updateToMax old=1, new=1, updated? false
2022-08-02 21:05:56,846 [grpc-default-executor-2] DEBUG leader.FollowerInfo (FollowerInfoImpl.java:lambda$new$1(49)) - s0@group-DBBE7E7C6C61->s1: matchIndex: updateToMax old=2, new=-1, updated? false
2022-08-02 21:05:56,847 [grpc-default-executor-3] DEBUG leader.FollowerInfo (FollowerInfoImpl.java:lambda$new$1(49)) - s0@group-DBBE7E7C6C61->s2: commitIndex: updateToMax old=1, new=1, updated? false
2022-08-02 21:05:56,847 [grpc-default-executor-3] DEBUG leader.FollowerInfo (FollowerInfoImpl.java:lambda$new$1(49)) - s0@group-DBBE7E7C6C61->s2: matchIndex: updateToMax old=2, new=-1, updated? false
2022-08-02 21:05:56,848 [grpc-default-executor-2] DEBUG leader.FollowerInfo (FollowerInfoImpl.java:lambda$new$1(49)) - s0@group-DBBE7E7C6C61->s1: commitIndex: updateToMax old=1, new=1, updated? false
2022-08-02 21:05:56,848 [grpc-default-executor-2] DEBUG leader.FollowerInfo (FollowerInfoImpl.java:lambda$new$1(49)) - s0@group-DBBE7E7C6C61->s1: matchIndex: updateToMax old=2, new=-1, updated? false
2022-08-02 21:05:56,848 [grpc-default-executor-3] DEBUG leader.FollowerInfo (FollowerInfoImpl.java:lambda$new$1(49)) - s0@group-DBBE7E7C6C61->s2: commitIndex: updateToMax old=1, new=1, updated? false
2022-08-02 21:05:56,848 [grpc-default-executor-3] DEBUG leader.FollowerInfo (FollowerInfoImpl.java:lambda$new$1(49)) - s0@group-DBBE7E7C6C61->s2: matchIndex: updateToMax old=2, new=-1, updated? false
2022-08-02 21:05:56,849 [grpc-default-executor-2] DEBUG leader.FollowerInfo (FollowerInfoImpl.java:lambda$new$1(49)) - s0@group-DBBE7E7C6C61->s1: commitIndex: updateToMax old=1, new=1, updated? false
2022-08-02 21:05:56,849 [grpc-default-executor-2] DEBUG leader.FollowerInfo (FollowerInfoImpl.java:lambda$new$1(49)) - s0@group-DBBE7E7C6C61->s1: matchIndex: updateToMax old=2, new=-1, updated? false
2022-08-02 21:05:56,850 [grpc-default-executor-3] DEBUG leader.FollowerInfo (FollowerInfoImpl.java:lambda$new$1(49)) - s0@group-DBBE7E7C6C61->s2: commitIndex: updateToMax old=1, new=1, updated? false
2022-08-02 21:05:56,850 [grpc-default-executor-3] DEBUG leader.FollowerInfo (FollowerInfoImpl.java:lambda$new$1(49)) - s0@group-DBBE7E7C6C61->s2: matchIndex: updateToMax old=2, new=-1, updated? false
2022-08-02 21:05:56,850 [grpc-default-executor-2] DEBUG leader.FollowerInfo (FollowerInfoImpl.java:lambda$new$1(49)) - s0@group-DBBE7E7C6C61->s1: commitIndex: updateToMax old=1, new=1, updated? false
2022-08-02 21:05:56,850 [grpc-default-executor-2] DEBUG leader.FollowerInfo (FollowerInfoImpl.java:lambda$new$1(49)) - s0@group-DBBE7E7C6C61->s1: matchIndex: updateToMax old=2, new=-1, updated? false
2022-08-02 21:05:56,851 [grpc-default-executor-3] DEBUG leader.FollowerInfo (FollowerInfoImpl.java:lambda$new$1(49)) - s0@group-DBBE7E7C6C61->s2: commitIndex: updateToMax old=1, new=1, updated? false
2022-08-02 21:05:56,851 [grpc-default-executor-3] DEBUG leader.FollowerInfo (FollowerInfoImpl.java:lambda$new$1(49)) - s0@group-DBBE7E7C6C61->s2: matchIndex: updateToMax old=2, new=-1, updated? false
2022-08-02 21:05:56,852 [grpc-default-executor-2] DEBUG leader.FollowerInfo (FollowerInfoImpl.java:lambda$new$1(49)) - s0@group-DBBE7E7C6C61->s1: commitIndex: updateToMax old=1, new=1, updated? false
2022-08-02 21:05:56,852 [grpc-default-executor-2] DEBUG leader.FollowerInfo (FollowerInfoImpl.java:lambda$new$1(49)) - s0@group-DBBE7E7C6C61->s1: matchIndex: updateToMax old=2, new=-1, updated? false
2022-08-02 21:05:56,852 [grpc-default-executor-3] DEBUG leader.FollowerInfo (FollowerInfoImpl.java:lambda$new$1(49)) - s0@group-DBBE7E7C6C61->s2: commitIndex: updateToMax old=1, new=1, updated? false
2022-08-02 21:05:56,853 [grpc-default-executor-3] DEBUG leader.FollowerInfo (FollowerInfoImpl.java:lambda$new$1(49)) - s0@group-DBBE7E7C6C61->s2: matchIndex: updateToMax old=2, new=-1, updated? false
2022-08-02 21:05:56,853 [grpc-default-executor-2] DEBUG leader.FollowerInfo (FollowerInfoImpl.java:lambda$new$1(49)) - s0@group-DBBE7E7C6C61->s1: commitIndex: updateToMax old=1, new=1, updated? false
2022-08-02 21:05:56,853 [grpc-default-executor-2] DEBUG leader.FollowerInfo (FollowerInfoImpl.java:lambda$new$1(49)) - s0@group-DBBE7E7C6C61->s1: matchIndex: updateToMax old=2, new=-1, updated? false
2022-08-02 21:05:56,854 [grpc-default-executor-3] DEBUG leader.FollowerInfo (FollowerInfoImpl.java:lambda$new$1(49)) - s0@group-DBBE7E7C6C61->s2: commitIndex: updateToMax old=1, new=1, updated? false
2022-08-02 21:05:56,854 [grpc-default-executor-3] DEBUG leader.FollowerInfo (FollowerInfoImpl.java:lambda$new$1(49)) - s0@group-DBBE7E7C6C61->s2: matchIndex: updateToMax old=2, new=-1, updated? false
2022-08-02 21:05:56,855 [grpc-default-executor-2] DEBUG leader.FollowerInfo (FollowerInfoImpl.java:lambda$new$1(49)) - s0@group-DBBE7E7C6C61->s1: commitIndex: updateToMax old=1, new=1, updated? false
2022-08-02 21:05:56,855 [grpc-default-executor-2] DEBUG leader.FollowerInfo (FollowerInfoImpl.java:lambda$new$1(49)) - s0@group-DBBE7E7C6C61->s1: matchIndex: updateToMax old=2, new=-1, updated? false
2022-08-02 21:05:56,855 [grpc-default-executor-3] DEBUG leader.FollowerInfo (FollowerInfoImpl.java:lambda$new$1(49)) - s0@group-DBBE7E7C6C61->s2: commitIndex: updateToMax old=1, new=1, updated? false
2022-08-02 21:05:56,855 [grpc-default-executor-3] DEBUG leader.FollowerInfo (FollowerInfoImpl.java:lambda$new$1(49)) - s0@group-DBBE7E7C6C61->s2: matchIndex: updateToMax old=2, new=-1, updated? false
2022-08-02 21:05:56,856 [grpc-default-executor-2] DEBUG leader.FollowerInfo (FollowerInfoImpl.java:lambda$new$1(49)) - s0@group-DBBE7E7C6C61->s1: commitIndex: updateToMax old=1, new=1, updated? false
2022-08-02 21:05:56,856 [grpc-default-executor-2] DEBUG leader.FollowerInfo (FollowerInfoImpl.java:lambda$new$1(49)) - s0@group-DBBE7E7C6C61->s1: matchIndex: updateToMax old=2, new=-1, updated? false
2022-08-02 21:05:56,857 [grpc-default-executor-3] DEBUG leader.FollowerInfo (FollowerInfoImpl.java:lambda$new$1(49)) - s0@group-DBBE7E7C6C61->s2: commitIndex: updateToMax old=1, new=1, updated? false
2022-08-02 21:05:56,857 [grpc-default-executor-3] DEBUG leader.FollowerInfo (FollowerInfoImpl.java:lambda$new$1(49)) - s0@group-DBBE7E7C6C61->s2: matchIndex: updateToMax old=2, new=-1, updated? false
2022-08-02 21:05:56,857 [grpc-default-executor-2] DEBUG leader.FollowerInfo (FollowerInfoImpl.java:lambda$new$1(49)) - s0@group-DBBE7E7C6C61->s1: commitIndex: updateToMax old=1, new=1, updated? false
2022-08-02 21:05:56,857 [grpc-default-executor-2] DEBUG leader.FollowerInfo (FollowerInfoImpl.java:lambda$new$1(49)) - s0@group-DBBE7E7C6C61->s1: matchIndex: updateToMax old=2, new=-1, updated? false
2022-08-02 21:05:56,858 [grpc-default-executor-3] DEBUG leader.FollowerInfo (FollowerInfoImpl.java:lambda$new$1(49)) - s0@group-DBBE7E7C6C61->s2: commitIndex: updateToMax old=1, new=1, updated? false
2022-08-02 21:05:56,858 [grpc-default-executor-3] DEBUG leader.FollowerInfo (FollowerInfoImpl.java:lambda$new$1(49)) - s0@group-DBBE7E7C6C61->s2: matchIndex: updateToMax old=2, new=-1, updated? false
2022-08-02 21:05:56,859 [grpc-default-executor-2] DEBUG leader.FollowerInfo (FollowerInfoImpl.java:lambda$new$1(49)) - s0@group-DBBE7E7C6C61->s1: commitIndex: updateToMax old=1, new=1, updated? false
2022-08-02 21:05:56,859 [grpc-default-executor-2] DEBUG leader.FollowerInfo (FollowerInfoImpl.java:lambda$new$1(49)) - s0@group-DBBE7E7C6C61->s1: matchIndex: updateToMax old=2, new=-1, updated? false
2022-08-02 21:05:56,859 [grpc-default-executor-3] DEBUG leader.FollowerInfo (FollowerInfoImpl.java:lambda$new$1(49)) - s0@group-DBBE7E7C6C61->s2: commitIndex: updateToMax old=1, new=1, updated? false
2022-08-02 21:05:56,860 [grpc-default-executor-3] DEBUG leader.FollowerInfo (FollowerInfoImpl.java:lambda$new$1(49)) - s0@group-DBBE7E7C6C61->s2: matchIndex: updateToMax old=2, new=-1, updated? false
2022-08-02 21:05:56,860 [grpc-default-executor-2] DEBUG leader.FollowerInfo (FollowerInfoImpl.java:lambda$new$1(49)) - s0@group-DBBE7E7C6C61->s1: commitIndex: updateToMax old=1, new=1, updated? false
2022-08-02 21:05:56,860 [grpc-default-executor-2] DEBUG leader.FollowerInfo (FollowerInfoImpl.java:lambda$new$1(49)) - s0@group-DBBE7E7C6C61->s1: matchIndex: updateToMax old=2, new=-1, updated? false
2022-08-02 21:05:56,861 [grpc-default-executor-3] DEBUG leader.FollowerInfo (FollowerInfoImpl.java:lambda$new$1(49)) - s0@group-DBBE7E7C6C61->s2: commitIndex: updateToMax old=1, new=1, updated? false
2022-08-02 21:05:56,861 [grpc-default-executor-3] DEBUG leader.FollowerInfo (FollowerInfoImpl.java:lambda$new$1(49)) - s0@group-DBBE7E7C6C61->s2: matchIndex: updateToMax old=2, new=-1, updated? false
2022-08-02 21:05:56,862 [grpc-default-executor-2] DEBUG leader.FollowerInfo (FollowerInfoImpl.java:lambda$new$1(49)) - s0@group-DBBE7E7C6C61->s1: commitIndex: updateToMax old=1, new=1, updated? false
2022-08-02 21:05:56,862 [grpc-default-executor-2] DEBUG leader.FollowerInfo (FollowerInfoImpl.java:lambda$new$1(49)) - s0@group-DBBE7E7C6C61->s1: matchIndex: updateToMax old=2, new=-1, updated? false
2022-08-02 21:05:56,862 [grpc-default-executor-3] DEBUG leader.FollowerInfo (FollowerInfoImpl.java:lambda$new$1(49)) - s0@group-DBBE7E7C6C61->s2: commitIndex: updateToMax old=1, new=1, updated? false
2022-08-02 21:05:56,862 [grpc-default-executor-3] DEBUG leader.FollowerInfo (FollowerInfoImpl.java:lambda$new$1(49)) - s0@group-DBBE7E7C6C61->s2: matchIndex: updateToMax old=2, new=-1, updated? false
2022-08-02 21:05:56,863 [grpc-default-executor-2] DEBUG leader.FollowerInfo (FollowerInfoImpl.java:lambda$new$1(49)) - s0@group-DBBE7E7C6C61->s1: commitIndex: updateToMax old=1, new=1, updated? false
2022-08-02 21:05:56,863 [grpc-default-executor-2] DEBUG leader.FollowerInfo (FollowerInfoImpl.java:lambda$new$1(49)) - s0@group-DBBE7E7C6C61->s1: matchIndex: updateToMax old=2, new=-1, updated? false
2022-08-02 21:05:56,864 [grpc-default-executor-3] DEBUG leader.FollowerInfo (FollowerInfoImpl.java:lambda$new$1(49)) - s0@group-DBBE7E7C6C61->s2: commitIndex: updateToMax old=1, new=1, updated? false
2022-08-02 21:05:56,864 [grpc-default-executor-3] DEBUG leader.FollowerInfo (FollowerInfoImpl.java:lambda$new$1(49)) - s0@group-DBBE7E7C6C61->s2: matchIndex: updateToMax old=2, new=-1, updated? false
2022-08-02 21:05:56,864 [grpc-default-executor-2] DEBUG leader.FollowerInfo (FollowerInfoImpl.java:lambda$new$1(49)) - s0@group-DBBE7E7C6C61->s1: commitIndex: updateToMax old=1, new=1, updated? false
2022-08-02 21:05:56,864 [grpc-default-executor-2] DEBUG leader.FollowerInfo (FollowerInfoImpl.java:lambda$new$1(49)) - s0@group-DBBE7E7C6C61->s1: matchIndex: updateToMax old=2, new=-1, updated? false
2022-08-02 21:05:56,865 [grpc-default-executor-3] DEBUG leader.FollowerInfo (FollowerInfoImpl.java:lambda$new$1(49)) - s0@group-DBBE7E7C6C61->s2: commitIndex: updateToMax old=1, new=1, updated? false
2022-08-02 21:05:56,865 [grpc-default-executor-3] DEBUG leader.FollowerInfo (FollowerInfoImpl.java:lambda$new$1(49)) - s0@group-DBBE7E7C6C61->s2: matchIndex: updateToMax old=2, new=-1, updated? false
2022-08-02 21:05:56,866 [grpc-default-executor-2] DEBUG leader.FollowerInfo (FollowerInfoImpl.java:lambda$new$1(49)) - s0@group-DBBE7E7C6C61->s1: commitIndex: updateToMax old=1, new=1, updated? false
2022-08-02 21:05:56,866 [grpc-default-executor-2] DEBUG leader.FollowerInfo (FollowerInfoImpl.java:lambda$new$1(49)) - s0@group-DBBE7E7C6C61->s1: matchIndex: updateToMax old=2, new=-1, updated? false
2022-08-02 21:05:56,866 [grpc-default-executor-3] DEBUG leader.FollowerInfo (FollowerInfoImpl.java:lambda$new$1(49)) - s0@group-DBBE7E7C6C61->s2: commitIndex: updateToMax old=1, new=1, updated? false
2022-08-02 21:05:56,866 [grpc-default-executor-3] DEBUG leader.FollowerInfo (FollowerInfoImpl.java:lambda$new$1(49)) - s0@group-DBBE7E7C6C61->s2: matchIndex: updateToMax old=2, new=-1, updated? false
2022-08-02 21:05:56,867 [grpc-default-executor-2] DEBUG leader.FollowerInfo (FollowerInfoImpl.java:lambda$new$1(49)) - s0@group-DBBE7E7C6C61->s1: commitIndex: updateToMax old=1, new=1, updated? false
2022-08-02 21:05:56,867 [grpc-default-executor-2] DEBUG leader.FollowerInfo (FollowerInfoImpl.java:lambda$new$1(49)) - s0@group-DBBE7E7C6C61->s1: matchIndex: updateToMax old=2, new=-1, updated? false
2022-08-02 21:05:56,868 [grpc-default-executor-3] DEBUG leader.FollowerInfo (FollowerInfoImpl.java:lambda$new$1(49)) - s0@group-DBBE7E7C6C61->s2: commitIndex: updateToMax old=1, new=1, updated? false
2022-08-02 21:05:56,868 [grpc-default-executor-3] DEBUG leader.FollowerInfo (FollowerInfoImpl.java:lambda$new$1(49)) - s0@group-DBBE7E7C6C61->s2: matchIndex: updateToMax old=2, new=-1, updated? false
2022-08-02 21:05:56,869 [grpc-default-executor-2] DEBUG leader.FollowerInfo (FollowerInfoImpl.java:lambda$new$1(49)) - s0@group-DBBE7E7C6C61->s1: commitIndex: updateToMax old=1, new=1, updated? false
2022-08-02 21:05:56,869 [grpc-default-executor-2] DEBUG leader.FollowerInfo (FollowerInfoImpl.java:lambda$new$1(49)) - s0@group-DBBE7E7C6C61->s1: matchIndex: updateToMax old=2, new=-1, updated? false
2022-08-02 21:05:56,869 [grpc-default-executor-3] DEBUG leader.FollowerInfo (FollowerInfoImpl.java:lambda$new$1(49)) - s0@group-DBBE7E7C6C61->s2: commitIndex: updateToMax old=1, new=1, updated? false
2022-08-02 21:05:56,869 [grpc-default-executor-3] DEBUG leader.FollowerInfo (FollowerInfoImpl.java:lambda$new$1(49)) - s0@group-DBBE7E7C6C61->s2: matchIndex: updateToMax old=2, new=-1, updated? false
2022-08-02 21:05:56,870 [grpc-default-executor-2] DEBUG leader.FollowerInfo (FollowerInfoImpl.java:lambda$new$1(49)) - s0@group-DBBE7E7C6C61->s1: commitIndex: updateToMax old=1, new=1, updated? false
2022-08-02 21:05:56,870 [grpc-default-executor-2] DEBUG leader.FollowerInfo (FollowerInfoImpl.java:lambda$new$1(49)) - s0@group-DBBE7E7C6C61->s1: matchIndex: updateToMax old=2, new=-1, updated? false
2022-08-02 21:05:56,871 [grpc-default-executor-3] DEBUG leader.FollowerInfo (FollowerInfoImpl.java:lambda$new$1(49)) - s0@group-DBBE7E7C6C61->s2: commitIndex: updateToMax old=1, new=1, updated? false
2022-08-02 21:05:56,871 [grpc-default-executor-3] DEBUG leader.FollowerInfo (FollowerInfoImpl.java:lambda$new$1(49)) - s0@group-DBBE7E7C6C61->s2: matchIndex: updateToMax old=2, new=-1, updated? false
2022-08-02 21:05:56,871 [grpc-default-executor-2] DEBUG leader.FollowerInfo (FollowerInfoImpl.java:lambda$new$1(49)) - s0@group-DBBE7E7C6C61->s1: commitIndex: updateToMax old=1, new=1, updated? false
2022-08-02 21:05:56,871 [grpc-default-executor-2] DEBUG leader.FollowerInfo (FollowerInfoImpl.java:lambda$new$1(49)) - s0@group-DBBE7E7C6C61->s1: matchIndex: updateToMax old=2, new=-1, updated? false
2022-08-02 21:05:56,872 [grpc-default-executor-3] DEBUG leader.FollowerInfo (FollowerInfoImpl.java:lambda$new$1(49)) - s0@group-DBBE7E7C6C61->s2: commitIndex: updateToMax old=1, new=1, updated? false
2022-08-02 21:05:56,872 [grpc-default-executor-3] DEBUG leader.FollowerInfo (FollowerInfoImpl.java:lambda$new$1(49)) - s0@group-DBBE7E7C6C61->s2: matchIndex: updateToMax old=2, new=-1, updated? false
2022-08-02 21:05:56,873 [grpc-default-executor-2] DEBUG leader.FollowerInfo (FollowerInfoImpl.java:lambda$new$1(49)) - s0@group-DBBE7E7C6C61->s1: commitIndex: updateToMax old=1, new=1, updated? false
2022-08-02 21:05:56,873 [grpc-default-executor-2] DEBUG leader.FollowerInfo (FollowerInfoImpl.java:lambda$new$1(49)) - s0@group-DBBE7E7C6C61->s1: matchIndex: updateToMax old=2, new=-1, updated? false
2022-08-02 21:05:56,874 [grpc-default-executor-3] DEBUG leader.FollowerInfo (FollowerInfoImpl.java:lambda$new$1(49)) - s0@group-DBBE7E7C6C61->s2: commitIndex: updateToMax old=1, new=1, updated? false
2022-08-02 21:05:56,874 [grpc-default-executor-3] DEBUG leader.FollowerInfo (FollowerInfoImpl.java:lambda$new$1(49)) - s0@group-DBBE7E7C6C61->s2: matchIndex: updateToMax old=2, new=-1, updated? false
2022-08-02 21:05:56,874 [grpc-default-executor-2] DEBUG leader.FollowerInfo (FollowerInfoImpl.java:lambda$new$1(49)) - s0@group-DBBE7E7C6C61->s1: commitIndex: updateToMax old=1, new=1, updated? false
2022-08-02 21:05:56,874 [grpc-default-executor-2] DEBUG leader.FollowerInfo (FollowerInfoImpl.java:lambda$new$1(49)) - s0@group-DBBE7E7C6C61->s1: matchIndex: updateToMax old=2, new=-1, updated? false
2022-08-02 21:05:56,875 [grpc-default-executor-3] DEBUG leader.FollowerInfo (FollowerInfoImpl.java:lambda$new$1(49)) - s0@group-DBBE7E7C6C61->s2: commitIndex: updateToMax old=1, new=1, updated? false
2022-08-02 21:05:56,875 [grpc-default-executor-3] DEBUG leader.FollowerInfo (FollowerInfoImpl.java:lambda$new$1(49)) - s0@group-DBBE7E7C6C61->s2: matchIndex: updateToMax old=2, new=-1, updated? false
2022-08-02 21:05:56,876 [grpc-default-executor-2] DEBUG leader.FollowerInfo (FollowerInfoImpl.java:lambda$new$1(49)) - s0@group-DBBE7E7C6C61->s1: commitIndex: updateToMax old=1, new=1, updated? false
2022-08-02 21:05:56,876 [grpc-default-executor-2] DEBUG leader.FollowerInfo (FollowerInfoImpl.java:lambda$new$1(49)) - s0@group-DBBE7E7C6C61->s1: matchIndex: updateToMax old=2, new=-1, updated? false
2022-08-02 21:05:56,876 [grpc-default-executor-3] DEBUG leader.FollowerInfo (FollowerInfoImpl.java:lambda$new$1(49)) - s0@group-DBBE7E7C6C61->s2: commitIndex: updateToMax old=1, new=1, updated? false
2022-08-02 21:05:56,876 [grpc-default-executor-3] DEBUG leader.FollowerInfo (FollowerInfoImpl.java:lambda$new$1(49)) - s0@group-DBBE7E7C6C61->s2: matchIndex: updateToMax old=2, new=-1, updated? false
2022-08-02 21:05:56,877 [grpc-default-executor-2] DEBUG leader.FollowerInfo (FollowerInfoImpl.java:lambda$new$1(49)) - s0@group-DBBE7E7C6C61->s1: commitIndex: updateToMax old=1, new=1, updated? false
2022-08-02 21:05:56,877 [grpc-default-executor-2] DEBUG leader.FollowerInfo (FollowerInfoImpl.java:lambda$new$1(49)) - s0@group-DBBE7E7C6C61->s1: matchIndex: updateToMax old=2, new=-1, updated? false
2022-08-02 21:05:56,878 [grpc-default-executor-3] DEBUG leader.FollowerInfo (FollowerInfoImpl.java:lambda$new$1(49)) - s0@group-DBBE7E7C6C61->s2: commitIndex: updateToMax old=1, new=1, updated? false
2022-08-02 21:05:56,878 [grpc-default-executor-3] DEBUG leader.FollowerInfo (FollowerInfoImpl.java:lambda$new$1(49)) - s0@group-DBBE7E7C6C61->s2: matchIndex: updateToMax old=2, new=-1, updated? false
2022-08-02 21:05:56,878 [grpc-default-executor-2] DEBUG leader.FollowerInfo (FollowerInfoImpl.java:lambda$new$1(49)) - s0@group-DBBE7E7C6C61->s1: commitIndex: updateToMax old=1, new=1, updated? false
2022-08-02 21:05:56,878 [grpc-default-executor-2] DEBUG leader.FollowerInfo (FollowerInfoImpl.java:lambda$new$1(49)) - s0@group-DBBE7E7C6C61->s1: matchIndex: updateToMax old=2, new=-1, updated? false
2022-08-02 21:05:56,879 [grpc-default-executor-3] DEBUG leader.FollowerInfo (FollowerInfoImpl.java:lambda$new$1(49)) - s0@group-DBBE7E7C6C61->s2: commitIndex: updateToMax old=1, new=1, updated? false
2022-08-02 21:05:56,879 [grpc-default-executor-3] DEBUG leader.FollowerInfo (FollowerInfoImpl.java:lambda$new$1(49)) - s0@group-DBBE7E7C6C61->s2: matchIndex: updateToMax old=2, new=-1, updated? false
2022-08-02 21:05:56,880 [grpc-default-executor-2] DEBUG leader.FollowerInfo (FollowerInfoImpl.java:lambda$new$1(49)) - s0@group-DBBE7E7C6C61->s1: commitIndex: updateToMax old=1, new=1, updated? false
2022-08-02 21:05:56,880 [grpc-default-executor-2] DEBUG leader.FollowerInfo (FollowerInfoImpl.java:lambda$new$1(49)) - s0@group-DBBE7E7C6C61->s1: matchIndex: updateToMax old=2, new=-1, updated? false
2022-08-02 21:05:56,881 [grpc-default-executor-3] DEBUG leader.FollowerInfo (FollowerInfoImpl.java:lambda$new$1(49)) - s0@group-DBBE7E7C6C61->s2: commitIndex: updateToMax old=1, new=1, updated? false
2022-08-02 21:05:56,881 [grpc-default-executor-3] DEBUG leader.FollowerInfo (FollowerInfoImpl.java:lambda$new$1(49)) - s0@group-DBBE7E7C6C61->s2: matchIndex: updateToMax old=2, new=-1, updated? false
2022-08-02 21:05:56,881 [grpc-default-executor-2] DEBUG leader.FollowerInfo (FollowerInfoImpl.java:lambda$new$1(49)) - s0@group-DBBE7E7C6C61->s1: commitIndex: updateToMax old=1, new=1, updated? false
2022-08-02 21:05:56,881 [grpc-default-executor-2] DEBUG leader.FollowerInfo (FollowerInfoImpl.java:lambda$new$1(49)) - s0@group-DBBE7E7C6C61->s1: matchIndex: updateToMax old=2, new=-1, updated? false
2022-08-02 21:05:56,882 [grpc-default-executor-3] DEBUG leader.FollowerInfo (FollowerInfoImpl.java:lambda$new$1(49)) - s0@group-DBBE7E7C6C61->s2: commitIndex: updateToMax old=1, new=1, updated? false
2022-08-02 21:05:56,882 [grpc-default-executor-3] DEBUG leader.FollowerInfo (FollowerInfoImpl.java:lambda$new$1(49)) - s0@group-DBBE7E7C6C61->s2: matchIndex: updateToMax old=2, new=-1, updated? false
2022-08-02 21:05:56,883 [grpc-default-executor-2] DEBUG leader.FollowerInfo (FollowerInfoImpl.java:lambda$new$1(49)) - s0@group-DBBE7E7C6C61->s1: commitIndex: updateToMax old=1, new=1, updated? false
2022-08-02 21:05:56,883 [grpc-default-executor-2] DEBUG leader.FollowerInfo (FollowerInfoImpl.java:lambda$new$1(49)) - s0@group-DBBE7E7C6C61->s1: matchIndex: updateToMax old=2, new=-1, updated? false
2022-08-02 21:05:56,884 [grpc-default-executor-3] DEBUG leader.FollowerInfo (FollowerInfoImpl.java:lambda$new$1(49)) - s0@group-DBBE7E7C6C61->s2: commitIndex: updateToMax old=1, new=1, updated? false
2022-08-02 21:05:56,884 [grpc-default-executor-3] DEBUG leader.FollowerInfo (FollowerInfoImpl.java:lambda$new$1(49)) - s0@group-DBBE7E7C6C61->s2: matchIndex: updateToMax old=2, new=-1, updated? false
2022-08-02 21:05:56,884 [grpc-default-executor-2] DEBUG leader.FollowerInfo (FollowerInfoImpl.java:lambda$new$1(49)) - s0@group-DBBE7E7C6C61->s1: commitIndex: updateToMax old=1, new=1, updated? false
2022-08-02 21:05:56,884 [grpc-default-executor-2] DEBUG leader.FollowerInfo (FollowerInfoImpl.java:lambda$new$1(49)) - s0@group-DBBE7E7C6C61->s1: matchIndex: updateToMax old=2, new=-1, updated? false
2022-08-02 21:05:56,885 [grpc-default-executor-3] DEBUG leader.FollowerInfo (FollowerInfoImpl.java:lambda$new$1(49)) - s0@group-DBBE7E7C6C61->s2: commitIndex: updateToMax old=1, new=1, updated? false
2022-08-02 21:05:56,885 [grpc-default-executor-3] DEBUG leader.FollowerInfo (FollowerInfoImpl.java:lambda$new$1(49)) - s0@group-DBBE7E7C6C61->s2: matchIndex: updateToMax old=2, new=-1, updated? false
2022-08-02 21:05:56,886 [grpc-default-executor-2] DEBUG leader.FollowerInfo (FollowerInfoImpl.java:lambda$new$1(49)) - s0@group-DBBE7E7C6C61->s1: commitIndex: updateToMax old=1, new=1, updated? false
2022-08-02 21:05:56,886 [grpc-default-executor-2] DEBUG leader.FollowerInfo (FollowerInfoImpl.java:lambda$new$1(49)) - s0@group-DBBE7E7C6C61->s1: matchIndex: updateToMax old=2, new=-1, updated? false
2022-08-02 21:05:56,886 [grpc-default-executor-3] DEBUG leader.FollowerInfo (FollowerInfoImpl.java:lambda$new$1(49)) - s0@group-DBBE7E7C6C61->s2: commitIndex: updateToMax old=1, new=1, updated? false
2022-08-02 21:05:56,886 [grpc-default-executor-3] DEBUG leader.FollowerInfo (FollowerInfoImpl.java:lambda$new$1(49)) - s0@group-DBBE7E7C6C61->s2: matchIndex: updateToMax old=2, new=-1, updated? false
2022-08-02 21:05:56,887 [grpc-default-executor-2] DEBUG leader.FollowerInfo (FollowerInfoImpl.java:lambda$new$1(49)) - s0@group-DBBE7E7C6C61->s1: commitIndex: updateToMax old=1, new=1, updated? false
2022-08-02 21:05:56,887 [grpc-default-executor-2] DEBUG leader.FollowerInfo (FollowerInfoImpl.java:lambda$new$1(49)) - s0@group-DBBE7E7C6C61->s1: matchIndex: updateToMax old=2, new=-1, updated? false
2022-08-02 21:05:56,888 [grpc-default-executor-3] DEBUG leader.FollowerInfo (FollowerInfoImpl.java:lambda$new$1(49)) - s0@group-DBBE7E7C6C61->s2: commitIndex: updateToMax old=1, new=1, updated? false
2022-08-02 21:05:56,888 [grpc-default-executor-3] DEBUG leader.FollowerInfo (FollowerInfoImpl.java:lambda$new$1(49)) - s0@group-DBBE7E7C6C61->s2: matchIndex: updateToMax old=2, new=-1, updated? false
2022-08-02 21:05:56,889 [grpc-default-executor-2] DEBUG leader.FollowerInfo (FollowerInfoImpl.java:lambda$new$1(49)) - s0@group-DBBE7E7C6C61->s1: commitIndex: updateToMax old=1, new=1, updated? false
2022-08-02 21:05:56,889 [grpc-default-executor-2] DEBUG leader.FollowerInfo (FollowerInfoImpl.java:lambda$new$1(49)) - s0@group-DBBE7E7C6C61->s1: matchIndex: updateToMax old=2, new=-1, updated? false
2022-08-02 21:05:56,889 [grpc-default-executor-3] DEBUG leader.FollowerInfo (FollowerInfoImpl.java:lambda$new$1(49)) - s0@group-DBBE7E7C6C61->s2: commitIndex: updateToMax old=1, new=1, updated? false
2022-08-02 21:05:56,889 [grpc-default-executor-3] DEBUG leader.FollowerInfo (FollowerInfoImpl.java:lambda$new$1(49)) - s0@group-DBBE7E7C6C61->s2: matchIndex: updateToMax old=2, new=-1, updated? false
2022-08-02 21:05:56,890 [grpc-default-executor-2] DEBUG leader.FollowerInfo (FollowerInfoImpl.java:lambda$new$1(49)) - s0@group-DBBE7E7C6C61->s1: commitIndex: updateToMax old=1, new=1, updated? false
2022-08-02 21:05:56,890 [grpc-default-executor-2] DEBUG leader.FollowerInfo (FollowerInfoImpl.java:lambda$new$1(49)) - s0@group-DBBE7E7C6C61->s1: matchIndex: updateToMax old=2, new=-1, updated? false
2022-08-02 21:05:56,891 [grpc-default-executor-3] DEBUG leader.FollowerInfo (FollowerInfoImpl.java:lambda$new$1(49)) - s0@group-DBBE7E7C6C61->s2: commitIndex: updateToMax old=1, new=1, updated? false
2022-08-02 21:05:56,891 [grpc-default-executor-3] DEBUG leader.FollowerInfo (FollowerInfoImpl.java:lambda$new$1(49)) - s0@group-DBBE7E7C6C61->s2: matchIndex: updateToMax old=2, new=-1, updated? false
2022-08-02 21:05:56,891 [grpc-default-executor-2] DEBUG leader.FollowerInfo (FollowerInfoImpl.java:lambda$new$1(49)) - s0@group-DBBE7E7C6C61->s1: commitIndex: updateToMax old=1, new=1, updated? false
2022-08-02 21:05:56,891 [grpc-default-executor-2] DEBUG leader.FollowerInfo (FollowerInfoImpl.java:lambda$new$1(49)) - s0@group-DBBE7E7C6C61->s1: matchIndex: updateToMax old=2, new=-1, updated? false
2022-08-02 21:05:56,892 [grpc-default-executor-3] DEBUG leader.FollowerInfo (FollowerInfoImpl.java:lambda$new$1(49)) - s0@group-DBBE7E7C6C61->s2: commitIndex: updateToMax old=1, new=1, updated? false
2022-08-02 21:05:56,892 [grpc-default-executor-3] DEBUG leader.FollowerInfo (FollowerInfoImpl.java:lambda$new$1(49)) - s0@group-DBBE7E7C6C61->s2: matchIndex: updateToMax old=2, new=-1, updated? false
2022-08-02 21:05:56,893 [grpc-default-executor-2] DEBUG leader.FollowerInfo (FollowerInfoImpl.java:lambda$new$1(49)) - s0@group-DBBE7E7C6C61->s1: commitIndex: updateToMax old=1, new=1, updated? false
2022-08-02 21:05:56,893 [grpc-default-executor-2] DEBUG leader.FollowerInfo (FollowerInfoImpl.java:lambda$new$1(49)) - s0@group-DBBE7E7C6C61->s1: matchIndex: updateToMax old=2, new=-1, updated? false
2022-08-02 21:05:56,893 [grpc-default-executor-3] DEBUG leader.FollowerInfo (FollowerInfoImpl.java:lambda$new$1(49)) - s0@group-DBBE7E7C6C61->s2: commitIndex: updateToMax old=1, new=1, updated? false
2022-08-02 21:05:56,893 [grpc-default-executor-3] DEBUG leader.FollowerInfo (FollowerInfoImpl.java:lambda$new$1(49)) - s0@group-DBBE7E7C6C61->s2: matchIndex: updateToMax old=2, new=-1, updated? false
2022-08-02 21:05:56,894 [grpc-default-executor-2] DEBUG leader.FollowerInfo (FollowerInfoImpl.java:lambda$new$1(49)) - s0@group-DBBE7E7C6C61->s1: commitIndex: updateToMax old=1, new=1, updated? false
2022-08-02 21:05:56,894 [grpc-default-executor-2] DEBUG leader.FollowerInfo (FollowerInfoImpl.java:lambda$new$1(49)) - s0@group-DBBE7E7C6C61->s1: matchIndex: updateToMax old=2, new=-1, updated? false
2022-08-02 21:05:56,895 [grpc-default-executor-3] DEBUG leader.FollowerInfo (FollowerInfoImpl.java:lambda$new$1(49)) - s0@group-DBBE7E7C6C61->s2: commitIndex: updateToMax old=1, new=1, updated? false
2022-08-02 21:05:56,895 [grpc-default-executor-3] DEBUG leader.FollowerInfo (FollowerInfoImpl.java:lambda$new$1(49)) - s0@group-DBBE7E7C6C61->s2: matchIndex: updateToMax old=2, new=-1, updated? false
2022-08-02 21:05:56,895 [grpc-default-executor-2] DEBUG leader.FollowerInfo (FollowerInfoImpl.java:lambda$new$1(49)) - s0@group-DBBE7E7C6C61->s1: commitIndex: updateToMax old=1, new=1, updated? false
2022-08-02 21:05:56,895 [grpc-default-executor-2] DEBUG leader.FollowerInfo (FollowerInfoImpl.java:lambda$new$1(49)) - s0@group-DBBE7E7C6C61->s1: matchIndex: updateToMax old=2, new=-1, updated? false
2022-08-02 21:05:56,896 [grpc-default-executor-3] DEBUG leader.FollowerInfo (FollowerInfoImpl.java:lambda$new$1(49)) - s0@group-DBBE7E7C6C61->s2: commitIndex: updateToMax old=1, new=1, updated? false
2022-08-02 21:05:56,896 [grpc-default-executor-3] DEBUG leader.FollowerInfo (FollowerInfoImpl.java:lambda$new$1(49)) - s0@group-DBBE7E7C6C61->s2: matchIndex: updateToMax old=2, new=-1, updated? false
2022-08-02 21:05:56,897 [grpc-default-executor-2] DEBUG leader.FollowerInfo (FollowerInfoImpl.java:lambda$new$1(49)) - s0@group-DBBE7E7C6C61->s1: commitIndex: updateToMax old=1, new=1, updated? false
2022-08-02 21:05:56,897 [grpc-default-executor-2] DEBUG leader.FollowerInfo (FollowerInfoImpl.java:lambda$new$1(49)) - s0@group-DBBE7E7C6C61->s1: matchIndex: updateToMax old=2, new=-1, updated? false
2022-08-02 21:05:56,897 [grpc-default-executor-3] DEBUG leader.FollowerInfo (FollowerInfoImpl.java:lambda$new$1(49)) - s0@group-DBBE7E7C6C61->s2: commitIndex: updateToMax old=1, new=1, updated? false
2022-08-02 21:05:56,898 [grpc-default-executor-3] DEBUG leader.FollowerInfo (FollowerInfoImpl.java:lambda$new$1(49)) - s0@group-DBBE7E7C6C61->s2: matchIndex: updateToMax old=2, new=-1, updated? false
2022-08-02 21:05:56,898 [grpc-default-executor-2] DEBUG leader.FollowerInfo (FollowerInfoImpl.java:lambda$new$1(49)) - s0@group-DBBE7E7C6C61->s1: commitIndex: updateToMax old=1, new=1, updated? false
2022-08-02 21:05:56,898 [grpc-default-executor-2] DEBUG leader.FollowerInfo (FollowerInfoImpl.java:lambda$new$1(49)) - s0@group-DBBE7E7C6C61->s1: matchIndex: updateToMax old=2, new=-1, updated? false
2022-08-02 21:05:56,899 [grpc-default-executor-3] DEBUG leader.FollowerInfo (FollowerInfoImpl.java:lambda$new$1(49)) - s0@group-DBBE7E7C6C61->s2: commitIndex: updateToMax old=1, new=1, updated? false
2022-08-02 21:05:56,899 [grpc-default-executor-3] DEBUG leader.FollowerInfo (FollowerInfoImpl.java:lambda$new$1(49)) - s0@group-DBBE7E7C6C61->s2: matchIndex: updateToMax old=2, new=-1, updated? false
2022-08-02 21:05:56,900 [grpc-default-executor-2] DEBUG leader.FollowerInfo (FollowerInfoImpl.java:lambda$new$1(49)) - s0@group-DBBE7E7C6C61->s1: commitIndex: updateToMax old=1, new=1, updated? false
2022-08-02 21:05:56,900 [grpc-default-executor-2] DEBUG leader.FollowerInfo (FollowerInfoImpl.java:lambda$new$1(49)) - s0@group-DBBE7E7C6C61->s1: matchIndex: updateToMax old=2, new=-1, updated? false
2022-08-02 21:05:56,900 [grpc-default-executor-3] DEBUG leader.FollowerInfo (FollowerInfoImpl.java:lambda$new$1(49)) - s0@group-DBBE7E7C6C61->s2: commitIndex: updateToMax old=1, new=1, updated? false
2022-08-02 21:05:56,900 [grpc-default-executor-3] DEBUG leader.FollowerInfo (FollowerInfoImpl.java:lambda$new$1(49)) - s0@group-DBBE7E7C6C61->s2: matchIndex: updateToMax old=2, new=-1, updated? false
2022-08-02 21:05:56,901 [grpc-default-executor-2] DEBUG leader.FollowerInfo (FollowerInfoImpl.java:lambda$new$1(49)) - s0@group-DBBE7E7C6C61->s1: commitIndex: updateToMax old=1, new=1, updated? false
2022-08-02 21:05:56,901 [grpc-default-executor-2] DEBUG leader.FollowerInfo (FollowerInfoImpl.java:lambda$new$1(49)) - s0@group-DBBE7E7C6C61->s1: matchIndex: updateToMax old=2, new=-1, updated? false
2022-08-02 21:05:56,902 [grpc-default-executor-3] DEBUG leader.FollowerInfo (FollowerInfoImpl.java:lambda$new$1(49)) - s0@group-DBBE7E7C6C61->s2: commitIndex: updateToMax old=1, new=1, updated? false
2022-08-02 21:05:56,902 [grpc-default-executor-3] DEBUG leader.FollowerInfo (FollowerInfoImpl.java:lambda$new$1(49)) - s0@group-DBBE7E7C6C61->s2: matchIndex: updateToMax old=2, new=-1, updated? false
2022-08-02 21:05:56,902 [grpc-default-executor-2] DEBUG leader.FollowerInfo (FollowerInfoImpl.java:lambda$new$1(49)) - s0@group-DBBE7E7C6C61->s1: commitIndex: updateToMax old=1, new=1, updated? false
2022-08-02 21:05:56,903 [grpc-default-executor-2] DEBUG leader.FollowerInfo (FollowerInfoImpl.java:lambda$new$1(49)) - s0@group-DBBE7E7C6C61->s1: matchIndex: updateToMax old=2, new=-1, updated? false
2022-08-02 21:05:56,903 [grpc-default-executor-3] DEBUG leader.FollowerInfo (FollowerInfoImpl.java:lambda$new$1(49)) - s0@group-DBBE7E7C6C61->s2: commitIndex: updateToMax old=1, new=1, updated? false
2022-08-02 21:05:56,903 [grpc-default-executor-3] DEBUG leader.FollowerInfo (FollowerInfoImpl.java:lambda$new$1(49)) - s0@group-DBBE7E7C6C61->s2: matchIndex: updateToMax old=2, new=-1, updated? false
2022-08-02 21:05:56,904 [grpc-default-executor-2] DEBUG leader.FollowerInfo (FollowerInfoImpl.java:lambda$new$1(49)) - s0@group-DBBE7E7C6C61->s1: commitIndex: updateToMax old=1, new=1, updated? false
2022-08-02 21:05:56,904 [grpc-default-executor-2] DEBUG leader.FollowerInfo (FollowerInfoImpl.java:lambda$new$1(49)) - s0@group-DBBE7E7C6C61->s1: matchIndex: updateToMax old=2, new=-1, updated? false
2022-08-02 21:05:56,904 [grpc-default-executor-3] DEBUG leader.FollowerInfo (FollowerInfoImpl.java:lambda$new$1(49)) - s0@group-DBBE7E7C6C61->s2: commitIndex: updateToMax old=1, new=1, updated? false
2022-08-02 21:05:56,905 [grpc-default-executor-3] DEBUG leader.FollowerInfo (FollowerInfoImpl.java:lambda$new$1(49)) - s0@group-DBBE7E7C6C61->s2: matchIndex: updateToMax old=2, new=-1, updated? false
2022-08-02 21:05:56,905 [grpc-default-executor-2] DEBUG leader.FollowerInfo (FollowerInfoImpl.java:lambda$new$1(49)) - s0@group-DBBE7E7C6C61->s1: commitIndex: updateToMax old=1, new=1, updated? false
2022-08-02 21:05:56,905 [grpc-default-executor-2] DEBUG leader.FollowerInfo (FollowerInfoImpl.java:lambda$new$1(49)) - s0@group-DBBE7E7C6C61->s1: matchIndex: updateToMax old=2, new=-1, updated? false
2022-08-02 21:05:56,906 [grpc-default-executor-3] DEBUG leader.FollowerInfo (FollowerInfoImpl.java:lambda$new$1(49)) - s0@group-DBBE7E7C6C61->s2: commitIndex: updateToMax old=1, new=1, updated? false
2022-08-02 21:05:56,906 [grpc-default-executor-3] DEBUG leader.FollowerInfo (FollowerInfoImpl.java:lambda$new$1(49)) - s0@group-DBBE7E7C6C61->s2: matchIndex: updateToMax old=2, new=-1, updated? false
2022-08-02 21:05:56,907 [grpc-default-executor-2] DEBUG leader.FollowerInfo (FollowerInfoImpl.java:lambda$new$1(49)) - s0@group-DBBE7E7C6C61->s1: commitIndex: updateToMax old=1, new=1, updated? false
2022-08-02 21:05:56,907 [grpc-default-executor-2] DEBUG leader.FollowerInfo (FollowerInfoImpl.java:lambda$new$1(49)) - s0@group-DBBE7E7C6C61->s1: matchIndex: updateToMax old=2, new=-1, updated? false
2022-08-02 21:05:56,907 [grpc-default-executor-3] DEBUG leader.FollowerInfo (FollowerInfoImpl.java:lambda$new$1(49)) - s0@group-DBBE7E7C6C61->s2: commitIndex: updateToMax old=1, new=1, updated? false
2022-08-02 21:05:56,907 [grpc-default-executor-3] DEBUG leader.FollowerInfo (FollowerInfoImpl.java:lambda$new$1(49)) - s0@group-DBBE7E7C6C61->s2: matchIndex: updateToMax old=2, new=-1, updated? false
2022-08-02 21:05:56,908 [grpc-default-executor-2] DEBUG leader.FollowerInfo (FollowerInfoImpl.java:lambda$new$1(49)) - s0@group-DBBE7E7C6C61->s1: commitIndex: updateToMax old=1, new=1, updated? false
2022-08-02 21:05:56,908 [grpc-default-executor-2] DEBUG leader.FollowerInfo (FollowerInfoImpl.java:lambda$new$1(49)) - s0@group-DBBE7E7C6C61->s1: matchIndex: updateToMax old=2, new=-1, updated? false
2022-08-02 21:05:56,909 [grpc-default-executor-3] DEBUG leader.FollowerInfo (FollowerInfoImpl.java:lambda$new$1(49)) - s0@group-DBBE7E7C6C61->s2: commitIndex: updateToMax old=1, new=1, updated? false
2022-08-02 21:05:56,909 [grpc-default-executor-3] DEBUG leader.FollowerInfo (FollowerInfoImpl.java:lambda$new$1(49)) - s0@group-DBBE7E7C6C61->s2: matchIndex: updateToMax old=2, new=-1, updated? false
2022-08-02 21:05:56,909 [grpc-default-executor-2] DEBUG leader.FollowerInfo (FollowerInfoImpl.java:lambda$new$1(49)) - s0@group-DBBE7E7C6C61->s1: commitIndex: updateToMax old=1, new=1, updated? false
2022-08-02 21:05:56,909 [grpc-default-executor-2] DEBUG leader.FollowerInfo (FollowerInfoImpl.java:lambda$new$1(49)) - s0@group-DBBE7E7C6C61->s1: matchIndex: updateToMax old=2, new=-1, updated? false
2022-08-02 21:05:56,910 [grpc-default-executor-3] DEBUG leader.FollowerInfo (FollowerInfoImpl.java:lambda$new$1(49)) - s0@group-DBBE7E7C6C61->s2: commitIndex: updateToMax old=1, new=1, updated? false
2022-08-02 21:05:56,910 [grpc-default-executor-3] DEBUG leader.FollowerInfo (FollowerInfoImpl.java:lambda$new$1(49)) - s0@group-DBBE7E7C6C61->s2: matchIndex: updateToMax old=2, new=-1, updated? false
2022-08-02 21:05:56,911 [grpc-default-executor-2] DEBUG leader.FollowerInfo (FollowerInfoImpl.java:lambda$new$1(49)) - s0@group-DBBE7E7C6C61->s1: commitIndex: updateToMax old=1, new=1, updated? false
2022-08-02 21:05:56,911 [grpc-default-executor-2] DEBUG leader.FollowerInfo (FollowerInfoImpl.java:lambda$new$1(49)) - s0@group-DBBE7E7C6C61->s1: matchIndex: updateToMax old=2, new=-1, updated? false
2022-08-02 21:05:56,911 [grpc-default-executor-3] DEBUG leader.FollowerInfo (FollowerInfoImpl.java:lambda$new$1(49)) - s0@group-DBBE7E7C6C61->s2: commitIndex: updateToMax old=1, new=1, updated? false
2022-08-02 21:05:56,911 [grpc-default-executor-3] DEBUG leader.FollowerInfo (FollowerInfoImpl.java:lambda$new$1(49)) - s0@group-DBBE7E7C6C61->s2: matchIndex: updateToMax old=2, new=-1, updated? false
2022-08-02 21:05:56,912 [grpc-default-executor-2] DEBUG leader.FollowerInfo (FollowerInfoImpl.java:lambda$new$1(49)) - s0@group-DBBE7E7C6C61->s1: commitIndex: updateToMax old=1, new=1, updated? false
2022-08-02 21:05:56,912 [grpc-default-executor-2] DEBUG leader.FollowerInfo (FollowerInfoImpl.java:lambda$new$1(49)) - s0@group-DBBE7E7C6C61->s1: matchIndex: updateToMax old=2, new=-1, updated? false
2022-08-02 21:05:56,913 [grpc-default-executor-3] DEBUG leader.FollowerInfo (FollowerInfoImpl.java:lambda$new$1(49)) - s0@group-DBBE7E7C6C61->s2: commitIndex: updateToMax old=1, new=1, updated? false
2022-08-02 21:05:56,913 [grpc-default-executor-3] DEBUG leader.FollowerInfo (FollowerInfoImpl.java:lambda$new$1(49)) - s0@group-DBBE7E7C6C61->s2: matchIndex: updateToMax old=2, new=-1, updated? false
2022-08-02 21:05:56,913 [grpc-default-executor-2] DEBUG leader.FollowerInfo (FollowerInfoImpl.java:lambda$new$1(49)) - s0@group-DBBE7E7C6C61->s1: commitIndex: updateToMax old=1, new=1, updated? false
2022-08-02 21:05:56,913 [grpc-default-executor-2] DEBUG leader.FollowerInfo (FollowerInfoImpl.java:lambda$new$1(49)) - s0@group-DBBE7E7C6C61->s1: matchIndex: updateToMax old=2, new=-1, updated? false
2022-08-02 21:05:56,914 [grpc-default-executor-3] DEBUG leader.FollowerInfo (FollowerInfoImpl.java:lambda$new$1(49)) - s0@group-DBBE7E7C6C61->s2: commitIndex: updateToMax old=1, new=1, updated? false
2022-08-02 21:05:56,914 [grpc-default-executor-3] DEBUG leader.FollowerInfo (FollowerInfoImpl.java:lambda$new$1(49)) - s0@group-DBBE7E7C6C61->s2: matchIndex: updateToMax old=2, new=-1, updated? false
2022-08-02 21:05:56,915 [grpc-default-executor-2] DEBUG leader.FollowerInfo (FollowerInfoImpl.java:lambda$new$1(49)) - s0@group-DBBE7E7C6C61->s1: commitIndex: updateToMax old=1, new=1, updated? false
2022-08-02 21:05:56,915 [grpc-default-executor-2] DEBUG leader.FollowerInfo (FollowerInfoImpl.java:lambda$new$1(49)) - s0@group-DBBE7E7C6C61->s1: matchIndex: updateToMax old=2, new=-1, updated? false
2022-08-02 21:05:56,915 [grpc-default-executor-3] DEBUG leader.FollowerInfo (FollowerInfoImpl.java:lambda$new$1(49)) - s0@group-DBBE7E7C6C61->s2: commitIndex: updateToMax old=1, new=1, updated? false
2022-08-02 21:05:56,915 [grpc-default-executor-3] DEBUG leader.FollowerInfo (FollowerInfoImpl.java:lambda$new$1(49)) - s0@group-DBBE7E7C6C61->s2: matchIndex: updateToMax old=2, new=-1, updated? false
2022-08-02 21:05:56,916 [grpc-default-executor-2] DEBUG leader.FollowerInfo (FollowerInfoImpl.java:lambda$new$1(49)) - s0@group-DBBE7E7C6C61->s1: commitIndex: updateToMax old=1, new=1, updated? false
2022-08-02 21:05:56,916 [grpc-default-executor-2] DEBUG leader.FollowerInfo (FollowerInfoImpl.java:lambda$new$1(49)) - s0@group-DBBE7E7C6C61->s1: matchIndex: updateToMax old=2, new=-1, updated? false
2022-08-02 21:05:56,917 [grpc-default-executor-3] DEBUG leader.FollowerInfo (FollowerInfoImpl.java:lambda$new$1(49)) - s0@group-DBBE7E7C6C61->s2: commitIndex: updateToMax old=1, new=1, updated? false
2022-08-02 21:05:56,917 [grpc-default-executor-3] DEBUG leader.FollowerInfo (FollowerInfoImpl.java:lambda$new$1(49)) - s0@group-DBBE7E7C6C61->s2: matchIndex: updateToMax old=2, new=-1, updated? false
2022-08-02 21:05:56,917 [grpc-default-executor-2] DEBUG leader.FollowerInfo (FollowerInfoImpl.java:lambda$new$1(49)) - s0@group-DBBE7E7C6C61->s1: commitIndex: updateToMax old=1, new=1, updated? false
2022-08-02 21:05:56,917 [grpc-default-executor-2] DEBUG leader.FollowerInfo (FollowerInfoImpl.java:lambda$new$1(49)) - s0@group-DBBE7E7C6C61->s1: matchIndex: updateToMax old=2, new=-1, updated? false
2022-08-02 21:05:56,918 [grpc-default-executor-3] DEBUG leader.FollowerInfo (FollowerInfoImpl.java:lambda$new$1(49)) - s0@group-DBBE7E7C6C61->s2: commitIndex: updateToMax old=1, new=1, updated? false
2022-08-02 21:05:56,918 [grpc-default-executor-3] DEBUG leader.FollowerInfo (FollowerInfoImpl.java:lambda$new$1(49)) - s0@group-DBBE7E7C6C61->s2: matchIndex: updateToMax old=2, new=-1, updated? false
2022-08-02 21:05:56,918 [grpc-default-executor-2] DEBUG leader.FollowerInfo (FollowerInfoImpl.java:lambda$new$1(49)) - s0@group-DBBE7E7C6C61->s1: commitIndex: updateToMax old=1, new=1, updated? false
2022-08-02 21:05:56,919 [grpc-default-executor-2] DEBUG leader.FollowerInfo (FollowerInfoImpl.java:lambda$new$1(49)) - s0@group-DBBE7E7C6C61->s1: matchIndex: updateToMax old=2, new=-1, updated? false
2022-08-02 21:05:56,919 [grpc-default-executor-3] DEBUG leader.FollowerInfo (FollowerInfoImpl.java:lambda$new$1(49)) - s0@group-DBBE7E7C6C61->s2: commitIndex: updateToMax old=1, new=1, updated? false
2022-08-02 21:05:56,919 [grpc-default-executor-3] DEBUG leader.FollowerInfo (FollowerInfoImpl.java:lambda$new$1(49)) - s0@group-DBBE7E7C6C61->s2: matchIndex: updateToMax old=2, new=-1, updated? false
2022-08-02 21:05:56,920 [grpc-default-executor-2] DEBUG leader.FollowerInfo (FollowerInfoImpl.java:lambda$new$1(49)) - s0@group-DBBE7E7C6C61->s1: commitIndex: updateToMax old=1, new=1, updated? false
2022-08-02 21:05:56,920 [grpc-default-executor-2] DEBUG leader.FollowerInfo (FollowerInfoImpl.java:lambda$new$1(49)) - s0@group-DBBE7E7C6C61->s1: matchIndex: updateToMax old=2, new=-1, updated? false
2022-08-02 21:05:56,921 [grpc-default-executor-3] DEBUG leader.FollowerInfo (FollowerInfoImpl.java:lambda$new$1(49)) - s0@group-DBBE7E7C6C61->s2: commitIndex: updateToMax old=1, new=1, updated? false
2022-08-02 21:05:56,921 [grpc-default-executor-3] DEBUG leader.FollowerInfo (FollowerInfoImpl.java:lambda$new$1(49)) - s0@group-DBBE7E7C6C61->s2: matchIndex: updateToMax old=2, new=-1, updated? false
2022-08-02 21:05:56,921 [grpc-default-executor-2] DEBUG leader.FollowerInfo (FollowerInfoImpl.java:lambda$new$1(49)) - s0@group-DBBE7E7C6C61->s1: commitIndex: updateToMax old=1, new=1, updated? false
2022-08-02 21:05:56,921 [grpc-default-executor-2] DEBUG leader.FollowerInfo (FollowerInfoImpl.java:lambda$new$1(49)) - s0@group-DBBE7E7C6C61->s1: matchIndex: updateToMax old=2, new=-1, updated? false
2022-08-02 21:05:56,922 [grpc-default-executor-3] DEBUG leader.FollowerInfo (FollowerInfoImpl.java:lambda$new$1(49)) - s0@group-DBBE7E7C6C61->s2: commitIndex: updateToMax old=1, new=1, updated? false
2022-08-02 21:05:56,922 [grpc-default-executor-3] DEBUG leader.FollowerInfo (FollowerInfoImpl.java:lambda$new$1(49)) - s0@group-DBBE7E7C6C61->s2: matchIndex: updateToMax old=2, new=-1, updated? false
2022-08-02 21:05:56,923 [grpc-default-executor-2] DEBUG leader.FollowerInfo (FollowerInfoImpl.java:lambda$new$1(49)) - s0@group-DBBE7E7C6C61->s1: commitIndex: updateToMax old=1, new=1, updated? false
2022-08-02 21:05:56,923 [grpc-default-executor-2] DEBUG leader.FollowerInfo (FollowerInfoImpl.java:lambda$new$1(49)) - s0@group-DBBE7E7C6C61->s1: matchIndex: updateToMax old=2, new=-1, updated? false
2022-08-02 21:05:56,923 [grpc-default-executor-3] DEBUG leader.FollowerInfo (FollowerInfoImpl.java:lambda$new$1(49)) - s0@group-DBBE7E7C6C61->s2: commitIndex: updateToMax old=1, new=1, updated? false
2022-08-02 21:05:56,924 [grpc-default-executor-3] DEBUG leader.FollowerInfo (FollowerInfoImpl.java:lambda$new$1(49)) - s0@group-DBBE7E7C6C61->s2: matchIndex: updateToMax old=2, new=-1, updated? false
2022-08-02 21:05:56,924 [grpc-default-executor-2] DEBUG leader.FollowerInfo (FollowerInfoImpl.java:lambda$new$1(49)) - s0@group-DBBE7E7C6C61->s1: commitIndex: updateToMax old=1, new=1, updated? false
2022-08-02 21:05:56,924 [grpc-default-executor-2] DEBUG leader.FollowerInfo (FollowerInfoImpl.java:lambda$new$1(49)) - s0@group-DBBE7E7C6C61->s1: matchIndex: updateToMax old=2, new=-1, updated? false
2022-08-02 21:05:56,925 [grpc-default-executor-3] DEBUG leader.FollowerInfo (FollowerInfoImpl.java:lambda$new$1(49)) - s0@group-DBBE7E7C6C61->s2: commitIndex: updateToMax old=1, new=1, updated? false
2022-08-02 21:05:56,925 [grpc-default-executor-3] DEBUG leader.FollowerInfo (FollowerInfoImpl.java:lambda$new$1(49)) - s0@group-DBBE7E7C6C61->s2: matchIndex: updateToMax old=2, new=-1, updated? false
2022-08-02 21:05:56,926 [grpc-default-executor-2] DEBUG leader.FollowerInfo (FollowerInfoImpl.java:lambda$new$1(49)) - s0@group-DBBE7E7C6C61->s1: commitIndex: updateToMax old=1, new=1, updated? false
2022-08-02 21:05:56,926 [grpc-default-executor-2] DEBUG leader.FollowerInfo (FollowerInfoImpl.java:lambda$new$1(49)) - s0@group-DBBE7E7C6C61->s1: matchIndex: updateToMax old=2, new=-1, updated? false
2022-08-02 21:05:56,926 [grpc-default-executor-3] DEBUG leader.FollowerInfo (FollowerInfoImpl.java:lambda$new$1(49)) - s0@group-DBBE7E7C6C61->s2: commitIndex: updateToMax old=1, new=1, updated? false
2022-08-02 21:05:56,926 [grpc-default-executor-3] DEBUG leader.FollowerInfo (FollowerInfoImpl.java:lambda$new$1(49)) - s0@group-DBBE7E7C6C61->s2: matchIndex: updateToMax old=2, new=-1, updated? false
2022-08-02 21:05:56,927 [grpc-default-executor-2] DEBUG leader.FollowerInfo (FollowerInfoImpl.java:lambda$new$1(49)) - s0@group-DBBE7E7C6C61->s1: commitIndex: updateToMax old=1, new=1, updated? false
2022-08-02 21:05:56,927 [grpc-default-executor-2] DEBUG leader.FollowerInfo (FollowerInfoImpl.java:lambda$new$1(49)) - s0@group-DBBE7E7C6C61->s1: matchIndex: updateToMax old=2, new=-1, updated? false
2022-08-02 21:05:56,928 [grpc-default-executor-3] DEBUG leader.FollowerInfo (FollowerInfoImpl.java:lambda$new$1(49)) - s0@group-DBBE7E7C6C61->s2: commitIndex: updateToMax old=1, new=1, updated? false
2022-08-02 21:05:56,928 [grpc-default-executor-3] DEBUG leader.FollowerInfo (FollowerInfoImpl.java:lambda$new$1(49)) - s0@group-DBBE7E7C6C61->s2: matchIndex: updateToMax old=2, new=-1, updated? false
2022-08-02 21:05:56,928 [grpc-default-executor-2] DEBUG leader.FollowerInfo (FollowerInfoImpl.java:lambda$new$1(49)) - s0@group-DBBE7E7C6C61->s1: commitIndex: updateToMax old=1, new=1, updated? false
2022-08-02 21:05:56,928 [grpc-default-executor-2] DEBUG leader.FollowerInfo (FollowerInfoImpl.java:lambda$new$1(49)) - s0@group-DBBE7E7C6C61->s1: matchIndex: updateToMax old=2, new=-1, updated? false
2022-08-02 21:05:56,929 [grpc-default-executor-3] DEBUG leader.FollowerInfo (FollowerInfoImpl.java:lambda$new$1(49)) - s0@group-DBBE7E7C6C61->s2: commitIndex: updateToMax old=1, new=1, updated? false
2022-08-02 21:05:56,929 [grpc-default-executor-3] DEBUG leader.FollowerInfo (FollowerInfoImpl.java:lambda$new$1(49)) - s0@group-DBBE7E7C6C61->s2: matchIndex: updateToMax old=2, new=-1, updated? false
2022-08-02 21:05:56,930 [grpc-default-executor-2] DEBUG leader.FollowerInfo (FollowerInfoImpl.java:lambda$new$1(49)) - s0@group-DBBE7E7C6C61->s1: commitIndex: updateToMax old=1, new=1, updated? false
2022-08-02 21:05:56,930 [grpc-default-executor-2] DEBUG leader.FollowerInfo (FollowerInfoImpl.java:lambda$new$1(49)) - s0@group-DBBE7E7C6C61->s1: matchIndex: updateToMax old=2, new=-1, updated? false
2022-08-02 21:05:56,930 [grpc-default-executor-3] DEBUG leader.FollowerInfo (FollowerInfoImpl.java:lambda$new$1(49)) - s0@group-DBBE7E7C6C61->s2: commitIndex: updateToMax old=1, new=1, updated? false
2022-08-02 21:05:56,930 [grpc-default-executor-3] DEBUG leader.FollowerInfo (FollowerInfoImpl.java:lambda$new$1(49)) - s0@group-DBBE7E7C6C61->s2: matchIndex: updateToMax old=2, new=-1, updated? false
2022-08-02 21:05:56,931 [grpc-default-executor-2] DEBUG leader.FollowerInfo (FollowerInfoImpl.java:lambda$new$1(49)) - s0@group-DBBE7E7C6C61->s1: commitIndex: updateToMax old=1, new=1, updated? false
2022-08-02 21:05:56,931 [grpc-default-executor-2] DEBUG leader.FollowerInfo (FollowerInfoImpl.java:lambda$new$1(49)) - s0@group-DBBE7E7C6C61->s1: matchIndex: updateToMax old=2, new=-1, updated? false
2022-08-02 21:05:56,932 [grpc-default-executor-3] DEBUG leader.FollowerInfo (FollowerInfoImpl.java:lambda$new$1(49)) - s0@group-DBBE7E7C6C61->s2: commitIndex: updateToMax old=1, new=1, updated? false
2022-08-02 21:05:56,932 [grpc-default-executor-3] DEBUG leader.FollowerInfo (FollowerInfoImpl.java:lambda$new$1(49)) - s0@group-DBBE7E7C6C61->s2: matchIndex: updateToMax old=2, new=-1, updated? false
2022-08-02 21:05:56,933 [grpc-default-executor-2] DEBUG leader.FollowerInfo (FollowerInfoImpl.java:lambda$new$1(49)) - s0@group-DBBE7E7C6C61->s1: commitIndex: updateToMax old=1, new=1, updated? false
2022-08-02 21:05:56,933 [grpc-default-executor-2] DEBUG leader.FollowerInfo (FollowerInfoImpl.java:lambda$new$1(49)) - s0@group-DBBE7E7C6C61->s1: matchIndex: updateToMax old=2, new=-1, updated? false
2022-08-02 21:05:56,933 [grpc-default-executor-3] DEBUG leader.FollowerInfo (FollowerInfoImpl.java:lambda$new$1(49)) - s0@group-DBBE7E7C6C61->s2: commitIndex: updateToMax old=1, new=1, updated? false
2022-08-02 21:05:56,933 [grpc-default-executor-3] DEBUG leader.FollowerInfo (FollowerInfoImpl.java:lambda$new$1(49)) - s0@group-DBBE7E7C6C61->s2: matchIndex: updateToMax old=2, new=-1, updated? false
2022-08-02 21:05:56,934 [grpc-default-executor-2] DEBUG leader.FollowerInfo (FollowerInfoImpl.java:lambda$new$1(49)) - s0@group-DBBE7E7C6C61->s1: commitIndex: updateToMax old=1, new=1, updated? false
2022-08-02 21:05:56,934 [grpc-default-executor-2] DEBUG leader.FollowerInfo (FollowerInfoImpl.java:lambda$new$1(49)) - s0@group-DBBE7E7C6C61->s1: matchIndex: updateToMax old=2, new=-1, updated? false
2022-08-02 21:05:56,935 [grpc-default-executor-3] DEBUG leader.FollowerInfo (FollowerInfoImpl.java:lambda$new$1(49)) - s0@group-DBBE7E7C6C61->s2: commitIndex: updateToMax old=1, new=1, updated? false
2022-08-02 21:05:56,935 [grpc-default-executor-3] DEBUG leader.FollowerInfo (FollowerInfoImpl.java:lambda$new$1(49)) - s0@group-DBBE7E7C6C61->s2: matchIndex: updateToMax old=2, new=-1, updated? false
2022-08-02 21:05:56,935 [grpc-default-executor-2] DEBUG leader.FollowerInfo (FollowerInfoImpl.java:lambda$new$1(49)) - s0@group-DBBE7E7C6C61->s1: commitIndex: updateToMax old=1, new=1, updated? false
2022-08-02 21:05:56,936 [grpc-default-executor-2] DEBUG leader.FollowerInfo (FollowerInfoImpl.java:lambda$new$1(49)) - s0@group-DBBE7E7C6C61->s1: matchIndex: updateToMax old=2, new=-1, updated? false
2022-08-02 21:05:56,936 [grpc-default-executor-3] DEBUG leader.FollowerInfo (FollowerInfoImpl.java:lambda$new$1(49)) - s0@group-DBBE7E7C6C61->s2: commitIndex: updateToMax old=1, new=1, updated? false
2022-08-02 21:05:56,936 [grpc-default-executor-3] DEBUG leader.FollowerInfo (FollowerInfoImpl.java:lambda$new$1(49)) - s0@group-DBBE7E7C6C61->s2: matchIndex: updateToMax old=2, new=-1, updated? false
2022-08-02 21:05:56,937 [grpc-default-executor-2] DEBUG leader.FollowerInfo (FollowerInfoImpl.java:lambda$new$1(49)) - s0@group-DBBE7E7C6C61->s1: commitIndex: updateToMax old=1, new=1, updated? false
2022-08-02 21:05:56,937 [grpc-default-executor-2] DEBUG leader.FollowerInfo (FollowerInfoImpl.java:lambda$new$1(49)) - s0@group-DBBE7E7C6C61->s1: matchIndex: updateToMax old=2, new=-1, updated? false
2022-08-02 21:05:56,938 [grpc-default-executor-3] DEBUG leader.FollowerInfo (FollowerInfoImpl.java:lambda$new$1(49)) - s0@group-DBBE7E7C6C61->s2: commitIndex: updateToMax old=1, new=1, updated? false
2022-08-02 21:05:56,938 [grpc-default-executor-3] DEBUG leader.FollowerInfo (FollowerInfoImpl.java:lambda$new$1(49)) - s0@group-DBBE7E7C6C61->s2: matchIndex: updateToMax old=2, new=-1, updated? false
2022-08-02 21:05:56,938 [grpc-default-executor-2] DEBUG leader.FollowerInfo (FollowerInfoImpl.java:lambda$new$1(49)) - s0@group-DBBE7E7C6C61->s1: commitIndex: updateToMax old=1, new=1, updated? false
2022-08-02 21:05:56,938 [grpc-default-executor-2] DEBUG leader.FollowerInfo (FollowerInfoImpl.java:lambda$new$1(49)) - s0@group-DBBE7E7C6C61->s1: matchIndex: updateToMax old=2, new=-1, updated? false
2022-08-02 21:05:56,939 [grpc-default-executor-3] DEBUG leader.FollowerInfo (FollowerInfoImpl.java:lambda$new$1(49)) - s0@group-DBBE7E7C6C61->s2: commitIndex: updateToMax old=1, new=1, updated? false
2022-08-02 21:05:56,939 [grpc-default-executor-3] DEBUG leader.FollowerInfo (FollowerInfoImpl.java:lambda$new$1(49)) - s0@group-DBBE7E7C6C61->s2: matchIndex: updateToMax old=2, new=-1, updated? false
2022-08-02 21:05:56,940 [grpc-default-executor-2] DEBUG leader.FollowerInfo (FollowerInfoImpl.java:lambda$new$1(49)) - s0@group-DBBE7E7C6C61->s1: commitIndex: updateToMax old=1, new=1, updated? false
2022-08-02 21:05:56,940 [grpc-default-executor-2] DEBUG leader.FollowerInfo (FollowerInfoImpl.java:lambda$new$1(49)) - s0@group-DBBE7E7C6C61->s1: matchIndex: updateToMax old=2, new=-1, updated? false
2022-08-02 21:05:56,940 [grpc-default-executor-3] DEBUG leader.FollowerInfo (FollowerInfoImpl.java:lambda$new$1(49)) - s0@group-DBBE7E7C6C61->s2: commitIndex: updateToMax old=1, new=1, updated? false
2022-08-02 21:05:56,940 [grpc-default-executor-3] DEBUG leader.FollowerInfo (FollowerInfoImpl.java:lambda$new$1(49)) - s0@group-DBBE7E7C6C61->s2: matchIndex: updateToMax old=2, new=-1, updated? false
2022-08-02 21:05:56,941 [grpc-default-executor-2] DEBUG leader.FollowerInfo (FollowerInfoImpl.java:lambda$new$1(49)) - s0@group-DBBE7E7C6C61->s1: commitIndex: updateToMax old=1, new=1, updated? false
2022-08-02 21:05:56,941 [grpc-default-executor-2] DEBUG leader.FollowerInfo (FollowerInfoImpl.java:lambda$new$1(49)) - s0@group-DBBE7E7C6C61->s1: matchIndex: updateToMax old=2, new=-1, updated? false
2022-08-02 21:05:56,942 [grpc-default-executor-3] DEBUG leader.FollowerInfo (FollowerInfoImpl.java:lambda$new$1(49)) - s0@group-DBBE7E7C6C61->s2: commitIndex: updateToMax old=1, new=1, updated? false
2022-08-02 21:05:56,942 [grpc-default-executor-3] DEBUG leader.FollowerInfo (FollowerInfoImpl.java:lambda$new$1(49)) - s0@group-DBBE7E7C6C61->s2: matchIndex: updateToMax old=2, new=-1, updated? false
2022-08-02 21:05:56,942 [grpc-default-executor-2] DEBUG leader.FollowerInfo (FollowerInfoImpl.java:lambda$new$1(49)) - s0@group-DBBE7E7C6C61->s1: commitIndex: updateToMax old=1, new=1, updated? false
2022-08-02 21:05:56,943 [grpc-default-executor-2] DEBUG leader.FollowerInfo (FollowerInfoImpl.java:lambda$new$1(49)) - s0@group-DBBE7E7C6C61->s1: matchIndex: updateToMax old=2, new=-1, updated? false
2022-08-02 21:05:56,943 [grpc-default-executor-3] DEBUG leader.FollowerInfo (FollowerInfoImpl.java:lambda$new$1(49)) - s0@group-DBBE7E7C6C61->s2: commitIndex: updateToMax old=1, new=1, updated? false
2022-08-02 21:05:56,943 [grpc-default-executor-3] DEBUG leader.FollowerInfo (FollowerInfoImpl.java:lambda$new$1(49)) - s0@group-DBBE7E7C6C61->s2: matchIndex: updateToMax old=2, new=-1, updated? false
2022-08-02 21:05:56,944 [grpc-default-executor-2] DEBUG leader.FollowerInfo (FollowerInfoImpl.java:lambda$new$1(49)) - s0@group-DBBE7E7C6C61->s1: commitIndex: updateToMax old=1, new=1, updated? false
2022-08-02 21:05:56,944 [grpc-default-executor-2] DEBUG leader.FollowerInfo (FollowerInfoImpl.java:lambda$new$1(49)) - s0@group-DBBE7E7C6C61->s1: matchIndex: updateToMax old=2, new=-1, updated? false
2022-08-02 21:05:56,945 [grpc-default-executor-3] DEBUG leader.FollowerInfo (FollowerInfoImpl.java:lambda$new$1(49)) - s0@group-DBBE7E7C6C61->s2: commitIndex: updateToMax old=1, new=1, updated? false
2022-08-02 21:05:56,945 [grpc-default-executor-3] DEBUG leader.FollowerInfo (FollowerInfoImpl.java:lambda$new$1(49)) - s0@group-DBBE7E7C6C61->s2: matchIndex: updateToMax old=2, new=-1, updated? false
2022-08-02 21:05:56,945 [grpc-default-executor-2] DEBUG leader.FollowerInfo (FollowerInfoImpl.java:lambda$new$1(49)) - s0@group-DBBE7E7C6C61->s1: commitIndex: updateToMax old=1, new=1, updated? false
2022-08-02 21:05:56,945 [grpc-default-executor-2] DEBUG leader.FollowerInfo (FollowerInfoImpl.java:lambda$new$1(49)) - s0@group-DBBE7E7C6C61->s1: matchIndex: updateToMax old=2, new=-1, updated? false
2022-08-02 21:05:56,946 [grpc-default-executor-3] DEBUG leader.FollowerInfo (FollowerInfoImpl.java:lambda$new$1(49)) - s0@group-DBBE7E7C6C61->s2: commitIndex: updateToMax old=1, new=1, updated? false
2022-08-02 21:05:56,946 [grpc-default-executor-3] DEBUG leader.FollowerInfo (FollowerInfoImpl.java:lambda$new$1(49)) - s0@group-DBBE7E7C6C61->s2: matchIndex: updateToMax old=2, new=-1, updated? false
2022-08-02 21:05:56,947 [grpc-default-executor-2] DEBUG leader.FollowerInfo (FollowerInfoImpl.java:lambda$new$1(49)) - s0@group-DBBE7E7C6C61->s1: commitIndex: updateToMax old=1, new=1, updated? false
2022-08-02 21:05:56,947 [grpc-default-executor-2] DEBUG leader.FollowerInfo (FollowerInfoImpl.java:lambda$new$1(49)) - s0@group-DBBE7E7C6C61->s1: matchIndex: updateToMax old=2, new=-1, updated? false
2022-08-02 21:05:56,947 [grpc-default-executor-3] DEBUG leader.FollowerInfo (FollowerInfoImpl.java:lambda$new$1(49)) - s0@group-DBBE7E7C6C61->s2: commitIndex: updateToMax old=1, new=1, updated? false
2022-08-02 21:05:56,947 [grpc-default-executor-3] DEBUG leader.FollowerInfo (FollowerInfoImpl.java:lambda$new$1(49)) - s0@group-DBBE7E7C6C61->s2: matchIndex: updateToMax old=2, new=-1, updated? false
2022-08-02 21:05:56,948 [grpc-default-executor-2] DEBUG leader.FollowerInfo (FollowerInfoImpl.java:lambda$new$1(49)) - s0@group-DBBE7E7C6C61->s1: commitIndex: updateToMax old=1, new=1, updated? false
2022-08-02 21:05:56,948 [grpc-default-executor-2] DEBUG leader.FollowerInfo (FollowerInfoImpl.java:lambda$new$1(49)) - s0@group-DBBE7E7C6C61->s1: matchIndex: updateToMax old=2, new=-1, updated? false
2022-08-02 21:05:56,949 [grpc-default-executor-3] DEBUG leader.FollowerInfo (FollowerInfoImpl.java:lambda$new$1(49)) - s0@group-DBBE7E7C6C61->s2: commitIndex: updateToMax old=1, new=1, updated? false
2022-08-02 21:05:56,949 [grpc-default-executor-3] DEBUG leader.FollowerInfo (FollowerInfoImpl.java:lambda$new$1(49)) - s0@group-DBBE7E7C6C61->s2: matchIndex: updateToMax old=2, new=-1, updated? false
2022-08-02 21:05:56,949 [grpc-default-executor-2] DEBUG leader.FollowerInfo (FollowerInfoImpl.java:lambda$new$1(49)) - s0@group-DBBE7E7C6C61->s1: commitIndex: updateToMax old=1, new=1, updated? false
2022-08-02 21:05:56,950 [grpc-default-executor-2] DEBUG leader.FollowerInfo (FollowerInfoImpl.java:lambda$new$1(49)) - s0@group-DBBE7E7C6C61->s1: matchIndex: updateToMax old=2, new=-1, updated? false
2022-08-02 21:05:56,950 [grpc-default-executor-3] DEBUG leader.FollowerInfo (FollowerInfoImpl.java:lambda$new$1(49)) - s0@group-DBBE7E7C6C61->s2: commitIndex: updateToMax old=1, new=1, updated? false
2022-08-02 21:05:56,950 [grpc-default-executor-3] DEBUG leader.FollowerInfo (FollowerInfoImpl.java:lambda$new$1(49)) - s0@group-DBBE7E7C6C61->s2: matchIndex: updateToMax old=2, new=-1, updated? false
2022-08-02 21:05:56,951 [grpc-default-executor-2] DEBUG leader.FollowerInfo (FollowerInfoImpl.java:lambda$new$1(49)) - s0@group-DBBE7E7C6C61->s1: commitIndex: updateToMax old=1, new=1, updated? false
2022-08-02 21:05:56,951 [grpc-default-executor-2] DEBUG leader.FollowerInfo (FollowerInfoImpl.java:lambda$new$1(49)) - s0@group-DBBE7E7C6C61->s1: matchIndex: updateToMax old=2, new=-1, updated? false
2022-08-02 21:05:56,952 [grpc-default-executor-3] DEBUG leader.FollowerInfo (FollowerInfoImpl.java:lambda$new$1(49)) - s0@group-DBBE7E7C6C61->s2: commitIndex: updateToMax old=1, new=1, updated? false
2022-08-02 21:05:56,952 [grpc-default-executor-3] DEBUG leader.FollowerInfo (FollowerInfoImpl.java:lambda$new$1(49)) - s0@group-DBBE7E7C6C61->s2: matchIndex: updateToMax old=2, new=-1, updated? false
2022-08-02 21:05:56,952 [grpc-default-executor-2] DEBUG leader.FollowerInfo (FollowerInfoImpl.java:lambda$new$1(49)) - s0@group-DBBE7E7C6C61->s1: commitIndex: updateToMax old=1, new=1, updated? false
2022-08-02 21:05:56,952 [grpc-default-executor-2] DEBUG leader.FollowerInfo (FollowerInfoImpl.java:lambda$new$1(49)) - s0@group-DBBE7E7C6C61->s1: matchIndex: updateToMax old=2, new=-1, updated? false
2022-08-02 21:05:56,953 [grpc-default-executor-3] DEBUG leader.FollowerInfo (FollowerInfoImpl.java:lambda$new$1(49)) - s0@group-DBBE7E7C6C61->s2: commitIndex: updateToMax old=1, new=1, updated? false
2022-08-02 21:05:56,953 [grpc-default-executor-3] DEBUG leader.FollowerInfo (FollowerInfoImpl.java:lambda$new$1(49)) - s0@group-DBBE7E7C6C61->s2: matchIndex: updateToMax old=2, new=-1, updated? false
2022-08-02 21:05:56,954 [grpc-default-executor-2] DEBUG leader.FollowerInfo (FollowerInfoImpl.java:lambda$new$1(49)) - s0@group-DBBE7E7C6C61->s1: commitIndex: updateToMax old=1, new=1, updated? false
2022-08-02 21:05:56,954 [grpc-default-executor-2] DEBUG leader.FollowerInfo (FollowerInfoImpl.java:lambda$new$1(49)) - s0@group-DBBE7E7C6C61->s1: matchIndex: updateToMax old=2, new=-1, updated? false
2022-08-02 21:05:56,954 [grpc-default-executor-3] DEBUG leader.FollowerInfo (FollowerInfoImpl.java:lambda$new$1(49)) - s0@group-DBBE7E7C6C61->s2: commitIndex: updateToMax old=1, new=1, updated? false
2022-08-02 21:05:56,954 [grpc-default-executor-3] DEBUG leader.FollowerInfo (FollowerInfoImpl.java:lambda$new$1(49)) - s0@group-DBBE7E7C6C61->s2: matchIndex: updateToMax old=2, new=-1, updated? false
2022-08-02 21:05:56,955 [grpc-default-executor-2] DEBUG leader.FollowerInfo (FollowerInfoImpl.java:lambda$new$1(49)) - s0@group-DBBE7E7C6C61->s1: commitIndex: updateToMax old=1, new=1, updated? false
2022-08-02 21:05:56,955 [grpc-default-executor-2] DEBUG leader.FollowerInfo (FollowerInfoImpl.java:lambda$new$1(49)) - s0@group-DBBE7E7C6C61->s1: matchIndex: updateToMax old=2, new=-1, updated? false
2022-08-02 21:05:56,956 [grpc-default-executor-3] DEBUG leader.FollowerInfo (FollowerInfoImpl.java:lambda$new$1(49)) - s0@group-DBBE7E7C6C61->s2: commitIndex: updateToMax old=1, new=1, updated? false
2022-08-02 21:05:56,956 [grpc-default-executor-3] DEBUG leader.FollowerInfo (FollowerInfoImpl.java:lambda$new$1(49)) - s0@group-DBBE7E7C6C61->s2: matchIndex: updateToMax old=2, new=-1, updated? false
2022-08-02 21:05:56,956 [grpc-default-executor-2] DEBUG leader.FollowerInfo (FollowerInfoImpl.java:lambda$new$1(49)) - s0@group-DBBE7E7C6C61->s1: commitIndex: updateToMax old=1, new=1, updated? false
2022-08-02 21:05:56,956 [grpc-default-executor-2] DEBUG leader.FollowerInfo (FollowerInfoImpl.java:lambda$new$1(49)) - s0@group-DBBE7E7C6C61->s1: matchIndex: updateToMax old=2, new=-1, updated? false
2022-08-02 21:05:56,957 [grpc-default-executor-3] DEBUG leader.FollowerInfo (FollowerInfoImpl.java:lambda$new$1(49)) - s0@group-DBBE7E7C6C61->s2: commitIndex: updateToMax old=1, new=1, updated? false
2022-08-02 21:05:56,957 [grpc-default-executor-3] DEBUG leader.FollowerInfo (FollowerInfoImpl.java:lambda$new$1(49)) - s0@group-DBBE7E7C6C61->s2: matchIndex: updateToMax old=2, new=-1, updated? false
2022-08-02 21:05:56,958 [grpc-default-executor-2] DEBUG leader.FollowerInfo (FollowerInfoImpl.java:lambda$new$1(49)) - s0@group-DBBE7E7C6C61->s1: commitIndex: updateToMax old=1, new=1, updated? false
2022-08-02 21:05:56,958 [grpc-default-executor-2] DEBUG leader.FollowerInfo (FollowerInfoImpl.java:lambda$new$1(49)) - s0@group-DBBE7E7C6C61->s1: matchIndex: updateToMax old=2, new=-1, updated? false
2022-08-02 21:05:56,958 [grpc-default-executor-3] DEBUG leader.FollowerInfo (FollowerInfoImpl.java:lambda$new$1(49)) - s0@group-DBBE7E7C6C61->s2: commitIndex: updateToMax old=1, new=1, updated? false
2022-08-02 21:05:56,959 [grpc-default-executor-3] DEBUG leader.FollowerInfo (FollowerInfoImpl.java:lambda$new$1(49)) - s0@group-DBBE7E7C6C61->s2: matchIndex: updateToMax old=2, new=-1, updated? false
2022-08-02 21:05:56,959 [grpc-default-executor-2] DEBUG leader.FollowerInfo (FollowerInfoImpl.java:lambda$new$1(49)) - s0@group-DBBE7E7C6C61->s1: commitIndex: updateToMax old=1, new=1, updated? false
2022-08-02 21:05:56,959 [grpc-default-executor-2] DEBUG leader.FollowerInfo (FollowerInfoImpl.java:lambda$new$1(49)) - s0@group-DBBE7E7C6C61->s1: matchIndex: updateToMax old=2, new=-1, updated? false
2022-08-02 21:05:56,960 [grpc-default-executor-3] DEBUG leader.FollowerInfo (FollowerInfoImpl.java:lambda$new$1(49)) - s0@group-DBBE7E7C6C61->s2: commitIndex: updateToMax old=1, new=1, updated? false
2022-08-02 21:05:56,960 [grpc-default-executor-3] DEBUG leader.FollowerInfo (FollowerInfoImpl.java:lambda$new$1(49)) - s0@group-DBBE7E7C6C61->s2: matchIndex: updateToMax old=2, new=-1, updated? false
2022-08-02 21:05:56,961 [grpc-default-executor-2] DEBUG leader.FollowerInfo (FollowerInfoImpl.java:lambda$new$1(49)) - s0@group-DBBE7E7C6C61->s1: commitIndex: updateToMax old=1, new=1, updated? false
2022-08-02 21:05:56,961 [grpc-default-executor-2] DEBUG leader.FollowerInfo (FollowerInfoImpl.java:lambda$new$1(49)) - s0@group-DBBE7E7C6C61->s1: matchIndex: updateToMax old=2, new=-1, updated? false
2022-08-02 21:05:56,961 [grpc-default-executor-3] DEBUG leader.FollowerInfo (FollowerInfoImpl.java:lambda$new$1(49)) - s0@group-DBBE7E7C6C61->s2: commitIndex: updateToMax old=1, new=1, updated? false
2022-08-02 21:05:56,961 [grpc-default-executor-3] DEBUG leader.FollowerInfo (FollowerInfoImpl.java:lambda$new$1(49)) - s0@group-DBBE7E7C6C61->s2: matchIndex: updateToMax old=2, new=-1, updated? false
2022-08-02 21:05:56,962 [grpc-default-executor-2] DEBUG leader.FollowerInfo (FollowerInfoImpl.java:lambda$new$1(49)) - s0@group-DBBE7E7C6C61->s1: commitIndex: updateToMax old=1, new=1, updated? false
2022-08-02 21:05:56,962 [grpc-default-executor-2] DEBUG leader.FollowerInfo (FollowerInfoImpl.java:lambda$new$1(49)) - s0@group-DBBE7E7C6C61->s1: matchIndex: updateToMax old=2, new=-1, updated? false
2022-08-02 21:05:56,963 [grpc-default-executor-3] DEBUG leader.FollowerInfo (FollowerInfoImpl.java:lambda$new$1(49)) - s0@group-DBBE7E7C6C61->s2: commitIndex: updateToMax old=1, new=1, updated? false
2022-08-02 21:05:56,963 [grpc-default-executor-3] DEBUG leader.FollowerInfo (FollowerInfoImpl.java:lambda$new$1(49)) - s0@group-DBBE7E7C6C61->s2: matchIndex: updateToMax old=2, new=-1, updated? false
2022-08-02 21:05:56,963 [grpc-default-executor-2] DEBUG leader.FollowerInfo (FollowerInfoImpl.java:lambda$new$1(49)) - s0@group-DBBE7E7C6C61->s1: commitIndex: updateToMax old=1, new=1, updated? false
2022-08-02 21:05:56,963 [grpc-default-executor-2] DEBUG leader.FollowerInfo (FollowerInfoImpl.java:lambda$new$1(49)) - s0@group-DBBE7E7C6C61->s1: matchIndex: updateToMax old=2, new=-1, updated? false
2022-08-02 21:05:56,964 [grpc-default-executor-3] DEBUG leader.FollowerInfo (FollowerInfoImpl.java:lambda$new$1(49)) - s0@group-DBBE7E7C6C61->s2: commitIndex: updateToMax old=1, new=1, updated? false
2022-08-02 21:05:56,964 [grpc-default-executor-3] DEBUG leader.FollowerInfo (FollowerInfoImpl.java:lambda$new$1(49)) - s0@group-DBBE7E7C6C61->s2: matchIndex: updateToMax old=2, new=-1, updated? false
2022-08-02 21:05:56,965 [grpc-default-executor-2] DEBUG leader.FollowerInfo (FollowerInfoImpl.java:lambda$new$1(49)) - s0@group-DBBE7E7C6C61->s1: commitIndex: updateToMax old=1, new=1, updated? false
2022-08-02 21:05:56,965 [grpc-default-executor-2] DEBUG leader.FollowerInfo (FollowerInfoImpl.java:lambda$new$1(49)) - s0@group-DBBE7E7C6C61->s1: matchIndex: updateToMax old=2, new=-1, updated? false
2022-08-02 21:05:56,965 [grpc-default-executor-3] DEBUG leader.FollowerInfo (FollowerInfoImpl.java:lambda$new$1(49)) - s0@group-DBBE7E7C6C61->s2: commitIndex: updateToMax old=1, new=1, updated? false
2022-08-02 21:05:56,965 [grpc-default-executor-3] DEBUG leader.FollowerInfo (FollowerInfoImpl.java:lambda$new$1(49)) - s0@group-DBBE7E7C6C61->s2: matchIndex: updateToMax old=2, new=-1, updated? false
2022-08-02 21:05:56,966 [grpc-default-executor-2] DEBUG leader.FollowerInfo (FollowerInfoImpl.java:lambda$new$1(49)) - s0@group-DBBE7E7C6C61->s1: commitIndex: updateToMax old=1, new=1, updated? false
2022-08-02 21:05:56,966 [grpc-default-executor-2] DEBUG leader.FollowerInfo (FollowerInfoImpl.java:lambda$new$1(49)) - s0@group-DBBE7E7C6C61->s1: matchIndex: updateToMax old=2, new=-1, updated? false
2022-08-02 21:05:56,967 [grpc-default-executor-3] DEBUG leader.FollowerInfo (FollowerInfoImpl.java:lambda$new$1(49)) - s0@group-DBBE7E7C6C61->s2: commitIndex: updateToMax old=1, new=1, updated? false
2022-08-02 21:05:56,967 [grpc-default-executor-3] DEBUG leader.FollowerInfo (FollowerInfoImpl.java:lambda$new$1(49)) - s0@group-DBBE7E7C6C61->s2: matchIndex: updateToMax old=2, new=-1, updated? false
2022-08-02 21:05:56,968 [grpc-default-executor-2] DEBUG leader.FollowerInfo (FollowerInfoImpl.java:lambda$new$1(49)) - s0@group-DBBE7E7C6C61->s1: commitIndex: updateToMax old=1, new=1, updated? false
2022-08-02 21:05:56,968 [grpc-default-executor-2] DEBUG leader.FollowerInfo (FollowerInfoImpl.java:lambda$new$1(49)) - s0@group-DBBE7E7C6C61->s1: matchIndex: updateToMax old=2, new=-1, updated? false
2022-08-02 21:05:56,968 [grpc-default-executor-3] DEBUG leader.FollowerInfo (FollowerInfoImpl.java:lambda$new$1(49)) - s0@group-DBBE7E7C6C61->s2: commitIndex: updateToMax old=1, new=1, updated? false
2022-08-02 21:05:56,968 [grpc-default-executor-3] DEBUG leader.FollowerInfo (FollowerInfoImpl.java:lambda$new$1(49)) - s0@group-DBBE7E7C6C61->s2: matchIndex: updateToMax old=2, new=-1, updated? false
2022-08-02 21:05:56,969 [grpc-default-executor-2] DEBUG leader.FollowerInfo (FollowerInfoImpl.java:lambda$new$1(49)) - s0@group-DBBE7E7C6C61->s1: commitIndex: updateToMax old=1, new=1, updated? false
2022-08-02 21:05:56,969 [grpc-default-executor-2] DEBUG leader.FollowerInfo (FollowerInfoImpl.java:lambda$new$1(49)) - s0@group-DBBE7E7C6C61->s1: matchIndex: updateToMax old=2, new=-1, updated? false
2022-08-02 21:05:56,970 [grpc-default-executor-3] DEBUG leader.FollowerInfo (FollowerInfoImpl.java:lambda$new$1(49)) - s0@group-DBBE7E7C6C61->s2: commitIndex: updateToMax old=1, new=1, updated? false
2022-08-02 21:05:56,970 [grpc-default-executor-3] DEBUG leader.FollowerInfo (FollowerInfoImpl.java:lambda$new$1(49)) - s0@group-DBBE7E7C6C61->s2: matchIndex: updateToMax old=2, new=-1, updated? false
2022-08-02 21:05:56,970 [grpc-default-executor-2] DEBUG leader.FollowerInfo (FollowerInfoImpl.java:lambda$new$1(49)) - s0@group-DBBE7E7C6C61->s1: commitIndex: updateToMax old=1, new=1, updated? false
2022-08-02 21:05:56,970 [grpc-default-executor-2] DEBUG leader.FollowerInfo (FollowerInfoImpl.java:lambda$new$1(49)) - s0@group-DBBE7E7C6C61->s1: matchIndex: updateToMax old=2, new=-1, updated? false
2022-08-02 21:05:56,971 [grpc-default-executor-3] DEBUG leader.FollowerInfo (FollowerInfoImpl.java:lambda$new$1(49)) - s0@group-DBBE7E7C6C61->s2: commitIndex: updateToMax old=1, new=1, updated? false
2022-08-02 21:05:56,971 [grpc-default-executor-3] DEBUG leader.FollowerInfo (FollowerInfoImpl.java:lambda$new$1(49)) - s0@group-DBBE7E7C6C61->s2: matchIndex: updateToMax old=2, new=-1, updated? false
2022-08-02 21:05:56,972 [grpc-default-executor-2] DEBUG leader.FollowerInfo (FollowerInfoImpl.java:lambda$new$1(49)) - s0@group-DBBE7E7C6C61->s1: commitIndex: updateToMax old=1, new=1, updated? false
2022-08-02 21:05:56,972 [grpc-default-executor-2] DEBUG leader.FollowerInfo (FollowerInfoImpl.java:lambda$new$1(49)) - s0@group-DBBE7E7C6C61->s1: matchIndex: updateToMax old=2, new=-1, updated? false
2022-08-02 21:05:56,972 [grpc-default-executor-3] DEBUG leader.FollowerInfo (FollowerInfoImpl.java:lambda$new$1(49)) - s0@group-DBBE7E7C6C61->s2: commitIndex: updateToMax old=1, new=1, updated? false
2022-08-02 21:05:56,972 [grpc-default-executor-3] DEBUG leader.FollowerInfo (FollowerInfoImpl.java:lambda$new$1(49)) - s0@group-DBBE7E7C6C61->s2: matchIndex: updateToMax old=2, new=-1, updated? false
2022-08-02 21:05:56,973 [grpc-default-executor-2] DEBUG leader.FollowerInfo (FollowerInfoImpl.java:lambda$new$1(49)) - s0@group-DBBE7E7C6C61->s1: commitIndex: updateToMax old=1, new=1, updated? false
2022-08-02 21:05:56,973 [grpc-default-executor-2] DEBUG leader.FollowerInfo (FollowerInfoImpl.java:lambda$new$1(49)) - s0@group-DBBE7E7C6C61->s1: matchIndex: updateToMax old=2, new=-1, updated? false
2022-08-02 21:05:56,974 [grpc-default-executor-3] DEBUG leader.FollowerInfo (FollowerInfoImpl.java:lambda$new$1(49)) - s0@group-DBBE7E7C6C61->s2: commitIndex: updateToMax old=1, new=1, updated? false
2022-08-02 21:05:56,974 [grpc-default-executor-3] DEBUG leader.FollowerInfo (FollowerInfoImpl.java:lambda$new$1(49)) - s0@group-DBBE7E7C6C61->s2: matchIndex: updateToMax old=2, new=-1, updated? false
2022-08-02 21:05:56,974 [grpc-default-executor-2] DEBUG leader.FollowerInfo (FollowerInfoImpl.java:lambda$new$1(49)) - s0@group-DBBE7E7C6C61->s1: commitIndex: updateToMax old=1, new=1, updated? false
2022-08-02 21:05:56,974 [grpc-default-executor-2] DEBUG leader.FollowerInfo (FollowerInfoImpl.java:lambda$new$1(49)) - s0@group-DBBE7E7C6C61->s1: matchIndex: updateToMax old=2, new=-1, updated? false
2022-08-02 21:05:56,975 [grpc-default-executor-3] DEBUG leader.FollowerInfo (FollowerInfoImpl.java:lambda$new$1(49)) - s0@group-DBBE7E7C6C61->s2: commitIndex: updateToMax old=1, new=1, updated? false
2022-08-02 21:05:56,975 [grpc-default-executor-3] DEBUG leader.FollowerInfo (FollowerInfoImpl.java:lambda$new$1(49)) - s0@group-DBBE7E7C6C61->s2: matchIndex: updateToMax old=2, new=-1, updated? false
2022-08-02 21:05:56,976 [grpc-default-executor-2] DEBUG leader.FollowerInfo (FollowerInfoImpl.java:lambda$new$1(49)) - s0@group-DBBE7E7C6C61->s1: commitIndex: updateToMax old=1, new=1, updated? false
2022-08-02 21:05:56,976 [grpc-default-executor-2] DEBUG leader.FollowerInfo (FollowerInfoImpl.java:lambda$new$1(49)) - s0@group-DBBE7E7C6C61->s1: matchIndex: updateToMax old=2, new=-1, updated? false
2022-08-02 21:05:56,976 [grpc-default-executor-3] DEBUG leader.FollowerInfo (FollowerInfoImpl.java:lambda$new$1(49)) - s0@group-DBBE7E7C6C61->s2: commitIndex: updateToMax old=1, new=1, updated? false
2022-08-02 21:05:56,977 [grpc-default-executor-3] DEBUG leader.FollowerInfo (FollowerInfoImpl.java:lambda$new$1(49)) - s0@group-DBBE7E7C6C61->s2: matchIndex: updateToMax old=2, new=-1, updated? false
2022-08-02 21:05:56,977 [grpc-default-executor-2] DEBUG leader.FollowerInfo (FollowerInfoImpl.java:lambda$new$1(49)) - s0@group-DBBE7E7C6C61->s1: commitIndex: updateToMax old=1, new=1, updated? false
2022-08-02 21:05:56,977 [grpc-default-executor-2] DEBUG leader.FollowerInfo (FollowerInfoImpl.java:lambda$new$1(49)) - s0@group-DBBE7E7C6C61->s1: matchIndex: updateToMax old=2, new=-1, updated? false
2022-08-02 21:05:56,978 [grpc-default-executor-3] DEBUG leader.FollowerInfo (FollowerInfoImpl.java:lambda$new$1(49)) - s0@group-DBBE7E7C6C61->s2: commitIndex: updateToMax old=1, new=1, updated? false
2022-08-02 21:05:56,978 [grpc-default-executor-3] DEBUG leader.FollowerInfo (FollowerInfoImpl.java:lambda$new$1(49)) - s0@group-DBBE7E7C6C61->s2: matchIndex: updateToMax old=2, new=-1, updated? false
2022-08-02 21:05:56,978 [grpc-default-executor-2] DEBUG leader.FollowerInfo (FollowerInfoImpl.java:lambda$new$1(49)) - s0@group-DBBE7E7C6C61->s1: commitIndex: updateToMax old=1, new=1, updated? false
2022-08-02 21:05:56,978 [grpc-default-executor-2] DEBUG leader.FollowerInfo (FollowerInfoImpl.java:lambda$new$1(49)) - s0@group-DBBE7E7C6C61->s1: matchIndex: updateToMax old=2, new=-1, updated? false
2022-08-02 21:05:56,979 [grpc-default-executor-3] DEBUG leader.FollowerInfo (FollowerInfoImpl.java:lambda$new$1(49)) - s0@group-DBBE7E7C6C61->s2: commitIndex: updateToMax old=1, new=1, updated? false
2022-08-02 21:05:56,979 [grpc-default-executor-3] DEBUG leader.FollowerInfo (FollowerInfoImpl.java:lambda$new$1(49)) - s0@group-DBBE7E7C6C61->s2: matchIndex: updateToMax old=2, new=-1, updated? false
2022-08-02 21:05:56,980 [grpc-default-executor-2] DEBUG leader.FollowerInfo (FollowerInfoImpl.java:lambda$new$1(49)) - s0@group-DBBE7E7C6C61->s1: commitIndex: updateToMax old=1, new=1, updated? false
2022-08-02 21:05:56,980 [grpc-default-executor-2] DEBUG leader.FollowerInfo (FollowerInfoImpl.java:lambda$new$1(49)) - s0@group-DBBE7E7C6C61->s1: matchIndex: updateToMax old=2, new=-1, updated? false
2022-08-02 21:05:56,981 [grpc-default-executor-3] DEBUG leader.FollowerInfo (FollowerInfoImpl.java:lambda$new$1(49)) - s0@group-DBBE7E7C6C61->s2: commitIndex: updateToMax old=1, new=1, updated? false
2022-08-02 21:05:56,981 [grpc-default-executor-3] DEBUG leader.FollowerInfo (FollowerInfoImpl.java:lambda$new$1(49)) - s0@group-DBBE7E7C6C61->s2: matchIndex: updateToMax old=2, new=-1, updated? false
2022-08-02 21:05:56,981 [grpc-default-executor-2] DEBUG leader.FollowerInfo (FollowerInfoImpl.java:lambda$new$1(49)) - s0@group-DBBE7E7C6C61->s1: commitIndex: updateToMax old=1, new=1, updated? false
2022-08-02 21:05:56,981 [grpc-default-executor-2] DEBUG leader.FollowerInfo (FollowerInfoImpl.java:lambda$new$1(49)) - s0@group-DBBE7E7C6C61->s1: matchIndex: updateToMax old=2, new=-1, updated? false
2022-08-02 21:05:56,982 [grpc-default-executor-3] DEBUG leader.FollowerInfo (FollowerInfoImpl.java:lambda$new$1(49)) - s0@group-DBBE7E7C6C61->s2: commitIndex: updateToMax old=1, new=1, updated? false
2022-08-02 21:05:56,982 [grpc-default-executor-3] DEBUG leader.FollowerInfo (FollowerInfoImpl.java:lambda$new$1(49)) - s0@group-DBBE7E7C6C61->s2: matchIndex: updateToMax old=2, new=-1, updated? false
2022-08-02 21:05:56,983 [grpc-default-executor-2] DEBUG leader.FollowerInfo (FollowerInfoImpl.java:lambda$new$1(49)) - s0@group-DBBE7E7C6C61->s1: commitIndex: updateToMax old=1, new=1, updated? false
2022-08-02 21:05:56,983 [grpc-default-executor-2] DEBUG leader.FollowerInfo (FollowerInfoImpl.java:lambda$new$1(49)) - s0@group-DBBE7E7C6C61->s1: matchIndex: updateToMax old=2, new=-1, updated? false
2022-08-02 21:05:56,984 [grpc-default-executor-3] DEBUG leader.FollowerInfo (FollowerInfoImpl.java:lambda$new$1(49)) - s0@group-DBBE7E7C6C61->s2: commitIndex: updateToMax old=1, new=1, updated? false
2022-08-02 21:05:56,984 [grpc-default-executor-3] DEBUG leader.FollowerInfo (FollowerInfoImpl.java:lambda$new$1(49)) - s0@group-DBBE7E7C6C61->s2: matchIndex: updateToMax old=2, new=-1, updated? false
2022-08-02 21:05:56,984 [grpc-default-executor-2] DEBUG leader.FollowerInfo (FollowerInfoImpl.java:lambda$new$1(49)) - s0@group-DBBE7E7C6C61->s1: commitIndex: updateToMax old=1, new=1, updated? false
2022-08-02 21:05:56,984 [grpc-default-executor-2] DEBUG leader.FollowerInfo (FollowerInfoImpl.java:lambda$new$1(49)) - s0@group-DBBE7E7C6C61->s1: matchIndex: updateToMax old=2, new=-1, updated? false
2022-08-02 21:05:56,985 [grpc-default-executor-3] DEBUG leader.FollowerInfo (FollowerInfoImpl.java:lambda$new$1(49)) - s0@group-DBBE7E7C6C61->s2: commitIndex: updateToMax old=1, new=1, updated? false
2022-08-02 21:05:56,985 [grpc-default-executor-3] DEBUG leader.FollowerInfo (FollowerInfoImpl.java:lambda$new$1(49)) - s0@group-DBBE7E7C6C61->s2: matchIndex: updateToMax old=2, new=-1, updated? false
2022-08-02 21:05:56,986 [grpc-default-executor-2] DEBUG leader.FollowerInfo (FollowerInfoImpl.java:lambda$new$1(49)) - s0@group-DBBE7E7C6C61->s1: commitIndex: updateToMax old=1, new=1, updated? false
2022-08-02 21:05:56,986 [grpc-default-executor-2] DEBUG leader.FollowerInfo (FollowerInfoImpl.java:lambda$new$1(49)) - s0@group-DBBE7E7C6C61->s1: matchIndex: updateToMax old=2, new=-1, updated? false
2022-08-02 21:05:56,986 [grpc-default-executor-3] DEBUG leader.FollowerInfo (FollowerInfoImpl.java:lambda$new$1(49)) - s0@group-DBBE7E7C6C61->s2: commitIndex: updateToMax old=1, new=1, updated? false
2022-08-02 21:05:56,986 [grpc-default-executor-3] DEBUG leader.FollowerInfo (FollowerInfoImpl.java:lambda$new$1(49)) - s0@group-DBBE7E7C6C61->s2: matchIndex: updateToMax old=2, new=-1, updated? false
2022-08-02 21:05:56,987 [grpc-default-executor-2] DEBUG leader.FollowerInfo (FollowerInfoImpl.java:lambda$new$1(49)) - s0@group-DBBE7E7C6C61->s1: commitIndex: updateToMax old=1, new=1, updated? false
2022-08-02 21:05:56,987 [grpc-default-executor-2] DEBUG leader.FollowerInfo (FollowerInfoImpl.java:lambda$new$1(49)) - s0@group-DBBE7E7C6C61->s1: matchIndex: updateToMax old=2, new=-1, updated? false
2022-08-02 21:05:56,988 [grpc-default-executor-3] DEBUG leader.FollowerInfo (FollowerInfoImpl.java:lambda$new$1(49)) - s0@group-DBBE7E7C6C61->s2: commitIndex: updateToMax old=1, new=1, updated? false
2022-08-02 21:05:56,988 [grpc-default-executor-3] DEBUG leader.FollowerInfo (FollowerInfoImpl.java:lambda$new$1(49)) - s0@group-DBBE7E7C6C61->s2: matchIndex: updateToMax old=2, new=-1, updated? false
2022-08-02 21:05:56,989 [grpc-default-executor-2] DEBUG leader.FollowerInfo (FollowerInfoImpl.java:lambda$new$1(49)) - s0@group-DBBE7E7C6C61->s1: commitIndex: updateToMax old=1, new=1, updated? false
2022-08-02 21:05:56,989 [grpc-default-executor-2] DEBUG leader.FollowerInfo (FollowerInfoImpl.java:lambda$new$1(49)) - s0@group-DBBE7E7C6C61->s1: matchIndex: updateToMax old=2, new=-1, updated? false
2022-08-02 21:05:56,989 [grpc-default-executor-3] DEBUG leader.FollowerInfo (FollowerInfoImpl.java:lambda$new$1(49)) - s0@group-DBBE7E7C6C61->s2: commitIndex: updateToMax old=1, new=1, updated? false
2022-08-02 21:05:56,989 [grpc-default-executor-3] DEBUG leader.FollowerInfo (FollowerInfoImpl.java:lambda$new$1(49)) - s0@group-DBBE7E7C6C61->s2: matchIndex: updateToMax old=2, new=-1, updated? false
2022-08-02 21:05:56,990 [grpc-default-executor-2] DEBUG leader.FollowerInfo (FollowerInfoImpl.java:lambda$new$1(49)) - s0@group-DBBE7E7C6C61->s1: commitIndex: updateToMax old=1, new=1, updated? false
2022-08-02 21:05:56,990 [grpc-default-executor-2] DEBUG leader.FollowerInfo (FollowerInfoImpl.java:lambda$new$1(49)) - s0@group-DBBE7E7C6C61->s1: matchIndex: updateToMax old=2, new=-1, updated? false
2022-08-02 21:05:56,991 [grpc-default-executor-3] DEBUG leader.FollowerInfo (FollowerInfoImpl.java:lambda$new$1(49)) - s0@group-DBBE7E7C6C61->s2: commitIndex: updateToMax old=1, new=1, updated? false
2022-08-02 21:05:56,991 [grpc-default-executor-3] DEBUG leader.FollowerInfo (FollowerInfoImpl.java:lambda$new$1(49)) - s0@group-DBBE7E7C6C61->s2: matchIndex: updateToMax old=2, new=-1, updated? false
2022-08-02 21:05:56,991 [grpc-default-executor-2] DEBUG leader.FollowerInfo (FollowerInfoImpl.java:lambda$new$1(49)) - s0@group-DBBE7E7C6C61->s1: commitIndex: updateToMax old=1, new=1, updated? false
2022-08-02 21:05:56,991 [grpc-default-executor-2] DEBUG leader.FollowerInfo (FollowerInfoImpl.java:lambda$new$1(49)) - s0@group-DBBE7E7C6C61->s1: matchIndex: updateToMax old=2, new=-1, updated? false
2022-08-02 21:05:56,992 [grpc-default-executor-3] DEBUG leader.FollowerInfo (FollowerInfoImpl.java:lambda$new$1(49)) - s0@group-DBBE7E7C6C61->s2: commitIndex: updateToMax old=1, new=1, updated? false
2022-08-02 21:05:56,992 [grpc-default-executor-3] DEBUG leader.FollowerInfo (FollowerInfoImpl.java:lambda$new$1(49)) - s0@group-DBBE7E7C6C61->s2: matchIndex: updateToMax old=2, new=-1, updated? false
2022-08-02 21:05:56,993 [grpc-default-executor-2] DEBUG leader.FollowerInfo (FollowerInfoImpl.java:lambda$new$1(49)) - s0@group-DBBE7E7C6C61->s1: commitIndex: updateToMax old=1, new=1, updated? false
2022-08-02 21:05:56,993 [grpc-default-executor-2] DEBUG leader.FollowerInfo (FollowerInfoImpl.java:lambda$new$1(49)) - s0@group-DBBE7E7C6C61->s1: matchIndex: updateToMax old=2, new=-1, updated? false
2022-08-02 21:05:56,994 [grpc-default-executor-3] DEBUG leader.FollowerInfo (FollowerInfoImpl.java:lambda$new$1(49)) - s0@group-DBBE7E7C6C61->s2: commitIndex: updateToMax old=1, new=1, updated? false
2022-08-02 21:05:56,994 [grpc-default-executor-3] DEBUG leader.FollowerInfo (FollowerInfoImpl.java:lambda$new$1(49)) - s0@group-DBBE7E7C6C61->s2: matchIndex: updateToMax old=2, new=-1, updated? false
2022-08-02 21:05:56,994 [grpc-default-executor-2] DEBUG leader.FollowerInfo (FollowerInfoImpl.java:lambda$new$1(49)) - s0@group-DBBE7E7C6C61->s1: commitIndex: updateToMax old=1, new=1, updated? false
2022-08-02 21:05:56,994 [grpc-default-executor-2] DEBUG leader.FollowerInfo (FollowerInfoImpl.java:lambda$new$1(49)) - s0@group-DBBE7E7C6C61->s1: matchIndex: updateToMax old=2, new=-1, updated? false
2022-08-02 21:05:56,995 [grpc-default-executor-3] DEBUG leader.FollowerInfo (FollowerInfoImpl.java:lambda$new$1(49)) - s0@group-DBBE7E7C6C61->s2: commitIndex: updateToMax old=1, new=1, updated? false
2022-08-02 21:05:56,995 [grpc-default-executor-3] DEBUG leader.FollowerInfo (FollowerInfoImpl.java:lambda$new$1(49)) - s0@group-DBBE7E7C6C61->s2: matchIndex: updateToMax old=2, new=-1, updated? false
2022-08-02 21:05:56,996 [grpc-default-executor-2] DEBUG leader.FollowerInfo (FollowerInfoImpl.java:lambda$new$1(49)) - s0@group-DBBE7E7C6C61->s1: commitIndex: updateToMax old=1, new=1, updated? false
2022-08-02 21:05:56,996 [grpc-default-executor-2] DEBUG leader.FollowerInfo (FollowerInfoImpl.java:lambda$new$1(49)) - s0@group-DBBE7E7C6C61->s1: matchIndex: updateToMax old=2, new=-1, updated? false
2022-08-02 21:05:56,996 [grpc-default-executor-3] DEBUG leader.FollowerInfo (FollowerInfoImpl.java:lambda$new$1(49)) - s0@group-DBBE7E7C6C61->s2: commitIndex: updateToMax old=1, new=1, updated? false
2022-08-02 21:05:56,996 [grpc-default-executor-3] DEBUG leader.FollowerInfo (FollowerInfoImpl.java:lambda$new$1(49)) - s0@group-DBBE7E7C6C61->s2: matchIndex: updateToMax old=2, new=-1, updated? false
2022-08-02 21:05:56,997 [grpc-default-executor-2] DEBUG leader.FollowerInfo (FollowerInfoImpl.java:lambda$new$1(49)) - s0@group-DBBE7E7C6C61->s1: commitIndex: updateToMax old=1, new=1, updated? false
2022-08-02 21:05:56,997 [grpc-default-executor-2] DEBUG leader.FollowerInfo (FollowerInfoImpl.java:lambda$new$1(49)) - s0@group-DBBE7E7C6C61->s1: matchIndex: updateToMax old=2, new=-1, updated? false
2022-08-02 21:05:56,998 [grpc-default-executor-3] DEBUG leader.FollowerInfo (FollowerInfoImpl.java:lambda$new$1(49)) - s0@group-DBBE7E7C6C61->s2: commitIndex: updateToMax old=1, new=1, updated? false
2022-08-02 21:05:56,998 [grpc-default-executor-3] DEBUG leader.FollowerInfo (FollowerInfoImpl.java:lambda$new$1(49)) - s0@group-DBBE7E7C6C61->s2: matchIndex: updateToMax old=2, new=-1, updated? false
2022-08-02 21:05:56,999 [grpc-default-executor-2] DEBUG leader.FollowerInfo (FollowerInfoImpl.java:lambda$new$1(49)) - s0@group-DBBE7E7C6C61->s1: commitIndex: updateToMax old=1, new=1, updated? false
2022-08-02 21:05:56,999 [grpc-default-executor-2] DEBUG leader.FollowerInfo (FollowerInfoImpl.java:lambda$new$1(49)) - s0@group-DBBE7E7C6C61->s1: matchIndex: updateToMax old=2, new=-1, updated? false
2022-08-02 21:05:56,999 [grpc-default-executor-3] DEBUG leader.FollowerInfo (FollowerInfoImpl.java:lambda$new$1(49)) - s0@group-DBBE7E7C6C61->s2: commitIndex: updateToMax old=1, new=1, updated? false
2022-08-02 21:05:56,999 [grpc-default-executor-3] DEBUG leader.FollowerInfo (FollowerInfoImpl.java:lambda$new$1(49)) - s0@group-DBBE7E7C6C61->s2: matchIndex: updateToMax old=2, new=-1, updated? false
2022-08-02 21:05:57,000 [grpc-default-executor-2] DEBUG leader.FollowerInfo (FollowerInfoImpl.java:lambda$new$1(49)) - s0@group-DBBE7E7C6C61->s1: commitIndex: updateToMax old=1, new=1, updated? false
2022-08-02 21:05:57,000 [grpc-default-executor-2] DEBUG leader.FollowerInfo (FollowerInfoImpl.java:lambda$new$1(49)) - s0@group-DBBE7E7C6C61->s1: matchIndex: updateToMax old=2, new=-1, updated? false
2022-08-02 21:05:57,001 [grpc-default-executor-3] DEBUG leader.FollowerInfo (FollowerInfoImpl.java:lambda$new$1(49)) - s0@group-DBBE7E7C6C61->s2: commitIndex: updateToMax old=1, new=1, updated? false
2022-08-02 21:05:57,001 [grpc-default-executor-3] DEBUG leader.FollowerInfo (FollowerInfoImpl.java:lambda$new$1(49)) - s0@group-DBBE7E7C6C61->s2: matchIndex: updateToMax old=2, new=-1, updated? false
2022-08-02 21:05:57,001 [grpc-default-executor-2] DEBUG leader.FollowerInfo (FollowerInfoImpl.java:lambda$new$1(49)) - s0@group-DBBE7E7C6C61->s1: commitIndex: updateToMax old=1, new=1, updated? false
2022-08-02 21:05:57,001 [grpc-default-executor-2] DEBUG leader.FollowerInfo (FollowerInfoImpl.java:lambda$new$1(49)) - s0@group-DBBE7E7C6C61->s1: matchIndex: updateToMax old=2, new=-1, updated? false
2022-08-02 21:05:57,002 [grpc-default-executor-3] DEBUG leader.FollowerInfo (FollowerInfoImpl.java:lambda$new$1(49)) - s0@group-DBBE7E7C6C61->s2: commitIndex: updateToMax old=1, new=1, updated? false
2022-08-02 21:05:57,002 [grpc-default-executor-3] DEBUG leader.FollowerInfo (FollowerInfoImpl.java:lambda$new$1(49)) - s0@group-DBBE7E7C6C61->s2: matchIndex: updateToMax old=2, new=-1, updated? false
2022-08-02 21:05:57,003 [grpc-default-executor-2] DEBUG leader.FollowerInfo (FollowerInfoImpl.java:lambda$new$1(49)) - s0@group-DBBE7E7C6C61->s1: commitIndex: updateToMax old=1, new=1, updated? false
2022-08-02 21:05:57,003 [grpc-default-executor-2] DEBUG leader.FollowerInfo (FollowerInfoImpl.java:lambda$new$1(49)) - s0@group-DBBE7E7C6C61->s1: matchIndex: updateToMax old=2, new=-1, updated? false
2022-08-02 21:05:57,004 [grpc-default-executor-3] DEBUG leader.FollowerInfo (FollowerInfoImpl.java:lambda$new$1(49)) - s0@group-DBBE7E7C6C61->s2: commitIndex: updateToMax old=1, new=1, updated? false
2022-08-02 21:05:57,004 [grpc-default-executor-3] DEBUG leader.FollowerInfo (FollowerInfoImpl.java:lambda$new$1(49)) - s0@group-DBBE7E7C6C61->s2: matchIndex: updateToMax old=2, new=-1, updated? false
2022-08-02 21:05:57,004 [grpc-default-executor-2] DEBUG leader.FollowerInfo (FollowerInfoImpl.java:lambda$new$1(49)) - s0@group-DBBE7E7C6C61->s1: commitIndex: updateToMax old=1, new=1, updated? false
2022-08-02 21:05:57,004 [grpc-default-executor-2] DEBUG leader.FollowerInfo (FollowerInfoImpl.java:lambda$new$1(49)) - s0@group-DBBE7E7C6C61->s1: matchIndex: updateToMax old=2, new=-1, updated? false
2022-08-02 21:05:57,005 [grpc-default-executor-3] DEBUG leader.FollowerInfo (FollowerInfoImpl.java:lambda$new$1(49)) - s0@group-DBBE7E7C6C61->s2: commitIndex: updateToMax old=1, new=1, updated? false
2022-08-02 21:05:57,005 [grpc-default-executor-3] DEBUG leader.FollowerInfo (FollowerInfoImpl.java:lambda$new$1(49)) - s0@group-DBBE7E7C6C61->s2: matchIndex: updateToMax old=2, new=-1, updated? false
2022-08-02 21:05:57,006 [grpc-default-executor-2] DEBUG leader.FollowerInfo (FollowerInfoImpl.java:lambda$new$1(49)) - s0@group-DBBE7E7C6C61->s1: commitIndex: updateToMax old=1, new=1, updated? false
2022-08-02 21:05:57,006 [grpc-default-executor-2] DEBUG leader.FollowerInfo (FollowerInfoImpl.java:lambda$new$1(49)) - s0@group-DBBE7E7C6C61->s1: matchIndex: updateToMax old=2, new=-1, updated? false
2022-08-02 21:05:57,006 [grpc-default-executor-3] DEBUG leader.FollowerInfo (FollowerInfoImpl.java:lambda$new$1(49)) - s0@group-DBBE7E7C6C61->s2: commitIndex: updateToMax old=1, new=1, updated? false
2022-08-02 21:05:57,006 [grpc-default-executor-3] DEBUG leader.FollowerInfo (FollowerInfoImpl.java:lambda$new$1(49)) - s0@group-DBBE7E7C6C61->s2: matchIndex: updateToMax old=2, new=-1, updated? false
2022-08-02 21:05:57,007 [grpc-default-executor-2] DEBUG leader.FollowerInfo (FollowerInfoImpl.java:lambda$new$1(49)) - s0@group-DBBE7E7C6C61->s1: commitIndex: updateToMax old=1, new=1, updated? false
2022-08-02 21:05:57,007 [grpc-default-executor-2] DEBUG leader.FollowerInfo (FollowerInfoImpl.java:lambda$new$1(49)) - s0@group-DBBE7E7C6C61->s1: matchIndex: updateToMax old=2, new=-1, updated? false
2022-08-02 21:05:57,008 [grpc-default-executor-3] DEBUG leader.FollowerInfo (FollowerInfoImpl.java:lambda$new$1(49)) - s0@group-DBBE7E7C6C61->s2: commitIndex: updateToMax old=1, new=1, updated? false
2022-08-02 21:05:57,008 [grpc-default-executor-3] DEBUG leader.FollowerInfo (FollowerInfoImpl.java:lambda$new$1(49)) - s0@group-DBBE7E7C6C61->s2: matchIndex: updateToMax old=2, new=-1, updated? false
2022-08-02 21:05:57,009 [grpc-default-executor-2] DEBUG leader.FollowerInfo (FollowerInfoImpl.java:lambda$new$1(49)) - s0@group-DBBE7E7C6C61->s1: commitIndex: updateToMax old=1, new=1, updated? false
2022-08-02 21:05:57,009 [grpc-default-executor-2] DEBUG leader.FollowerInfo (FollowerInfoImpl.java:lambda$new$1(49)) - s0@group-DBBE7E7C6C61->s1: matchIndex: updateToMax old=2, new=-1, updated? false
2022-08-02 21:05:57,009 [grpc-default-executor-3] DEBUG leader.FollowerInfo (FollowerInfoImpl.java:lambda$new$1(49)) - s0@group-DBBE7E7C6C61->s2: commitIndex: updateToMax old=1, new=1, updated? false
2022-08-02 21:05:57,009 [grpc-default-executor-3] DEBUG leader.FollowerInfo (FollowerInfoImpl.java:lambda$new$1(49)) - s0@group-DBBE7E7C6C61->s2: matchIndex: updateToMax old=2, new=-1, updated? false
2022-08-02 21:05:57,010 [grpc-default-executor-2] DEBUG leader.FollowerInfo (FollowerInfoImpl.java:lambda$new$1(49)) - s0@group-DBBE7E7C6C61->s1: commitIndex: updateToMax old=1, new=1, updated? false
2022-08-02 21:05:57,010 [grpc-default-executor-2] DEBUG leader.FollowerInfo (FollowerInfoImpl.java:lambda$new$1(49)) - s0@group-DBBE7E7C6C61->s1: matchIndex: updateToMax old=2, new=-1, updated? false
2022-08-02 21:05:57,011 [grpc-default-executor-3] DEBUG leader.FollowerInfo (FollowerInfoImpl.java:lambda$new$1(49)) - s0@group-DBBE7E7C6C61->s2: commitIndex: updateToMax old=1, new=1, updated? false
2022-08-02 21:05:57,011 [grpc-default-executor-3] DEBUG leader.FollowerInfo (FollowerInfoImpl.java:lambda$new$1(49)) - s0@group-DBBE7E7C6C61->s2: matchIndex: updateToMax old=2, new=-1, updated? false
2022-08-02 21:05:57,011 [grpc-default-executor-2] DEBUG leader.FollowerInfo (FollowerInfoImpl.java:lambda$new$1(49)) - s0@group-DBBE7E7C6C61->s1: commitIndex: updateToMax old=1, new=1, updated? false
2022-08-02 21:05:57,012 [grpc-default-executor-2] DEBUG leader.FollowerInfo (FollowerInfoImpl.java:lambda$new$1(49)) - s0@group-DBBE7E7C6C61->s1: matchIndex: updateToMax old=2, new=-1, updated? false
2022-08-02 21:05:57,012 [grpc-default-executor-3] DEBUG leader.FollowerInfo (FollowerInfoImpl.java:lambda$new$1(49)) - s0@group-DBBE7E7C6C61->s2: commitIndex: updateToMax old=1, new=1, updated? false
2022-08-02 21:05:57,012 [grpc-default-executor-3] DEBUG leader.FollowerInfo (FollowerInfoImpl.java:lambda$new$1(49)) - s0@group-DBBE7E7C6C61->s2: matchIndex: updateToMax old=2, new=-1, updated? false
2022-08-02 21:05:57,013 [grpc-default-executor-2] DEBUG leader.FollowerInfo (FollowerInfoImpl.java:lambda$new$1(49)) - s0@group-DBBE7E7C6C61->s1: commitIndex: updateToMax old=1, new=1, updated? false
2022-08-02 21:05:57,013 [grpc-default-executor-2] DEBUG leader.FollowerInfo (FollowerInfoImpl.java:lambda$new$1(49)) - s0@group-DBBE7E7C6C61->s1: matchIndex: updateToMax old=2, new=-1, updated? false
2022-08-02 21:05:57,014 [grpc-default-executor-3] DEBUG leader.FollowerInfo (FollowerInfoImpl.java:lambda$new$1(49)) - s0@group-DBBE7E7C6C61->s2: commitIndex: updateToMax old=1, new=1, updated? false
2022-08-02 21:05:57,014 [grpc-default-executor-3] DEBUG leader.FollowerInfo (FollowerInfoImpl.java:lambda$new$1(49)) - s0@group-DBBE7E7C6C61->s2: matchIndex: updateToMax old=2, new=-1, updated? false
2022-08-02 21:05:57,014 [grpc-default-executor-2] DEBUG leader.FollowerInfo (FollowerInfoImpl.java:lambda$new$1(49)) - s0@group-DBBE7E7C6C61->s1: commitIndex: updateToMax old=1, new=1, updated? false
2022-08-02 21:05:57,014 [grpc-default-executor-2] DEBUG leader.FollowerInfo (FollowerInfoImpl.java:lambda$new$1(49)) - s0@group-DBBE7E7C6C61->s1: matchIndex: updateToMax old=2, new=-1, updated? false
2022-08-02 21:05:57,015 [grpc-default-executor-3] DEBUG leader.FollowerInfo (FollowerInfoImpl.java:lambda$new$1(49)) - s0@group-DBBE7E7C6C61->s2: commitIndex: updateToMax old=1, new=1, updated? false
2022-08-02 21:05:57,015 [grpc-default-executor-3] DEBUG leader.FollowerInfo (FollowerInfoImpl.java:lambda$new$1(49)) - s0@group-DBBE7E7C6C61->s2: matchIndex: updateToMax old=2, new=-1, updated? false
2022-08-02 21:05:57,016 [grpc-default-executor-2] DEBUG leader.FollowerInfo (FollowerInfoImpl.java:lambda$new$1(49)) - s0@group-DBBE7E7C6C61->s1: commitIndex: updateToMax old=1, new=1, updated? false
2022-08-02 21:05:57,016 [grpc-default-executor-2] DEBUG leader.FollowerInfo (FollowerInfoImpl.java:lambda$new$1(49)) - s0@group-DBBE7E7C6C61->s1: matchIndex: updateToMax old=2, new=-1, updated? false
2022-08-02 21:05:57,016 [grpc-default-executor-3] DEBUG leader.FollowerInfo (FollowerInfoImpl.java:lambda$new$1(49)) - s0@group-DBBE7E7C6C61->s2: commitIndex: updateToMax old=1, new=1, updated? false
2022-08-02 21:05:57,016 [grpc-default-executor-3] DEBUG leader.FollowerInfo (FollowerInfoImpl.java:lambda$new$1(49)) - s0@group-DBBE7E7C6C61->s2: matchIndex: updateToMax old=2, new=-1, updated? false
2022-08-02 21:05:57,017 [grpc-default-executor-2] DEBUG leader.FollowerInfo (FollowerInfoImpl.java:lambda$new$1(49)) - s0@group-DBBE7E7C6C61->s1: commitIndex: updateToMax old=1, new=1, updated? false
2022-08-02 21:05:57,017 [grpc-default-executor-2] DEBUG leader.FollowerInfo (FollowerInfoImpl.java:lambda$new$1(49)) - s0@group-DBBE7E7C6C61->s1: matchIndex: updateToMax old=2, new=-1, updated? false
2022-08-02 21:05:57,018 [grpc-default-executor-3] DEBUG leader.FollowerInfo (FollowerInfoImpl.java:lambda$new$1(49)) - s0@group-DBBE7E7C6C61->s2: commitIndex: updateToMax old=1, new=1, updated? false
2022-08-02 21:05:57,018 [grpc-default-executor-3] DEBUG leader.FollowerInfo (FollowerInfoImpl.java:lambda$new$1(49)) - s0@group-DBBE7E7C6C61->s2: matchIndex: updateToMax old=2, new=-1, updated? false
2022-08-02 21:05:57,018 [grpc-default-executor-2] DEBUG leader.FollowerInfo (FollowerInfoImpl.java:lambda$new$1(49)) - s0@group-DBBE7E7C6C61->s1: commitIndex: updateToMax old=1, new=1, updated? false
2022-08-02 21:05:57,018 [grpc-default-executor-2] DEBUG leader.FollowerInfo (FollowerInfoImpl.java:lambda$new$1(49)) - s0@group-DBBE7E7C6C61->s1: matchIndex: updateToMax old=2, new=-1, updated? false
2022-08-02 21:05:57,019 [grpc-default-executor-3] DEBUG leader.FollowerInfo (FollowerInfoImpl.java:lambda$new$1(49)) - s0@group-DBBE7E7C6C61->s2: commitIndex: updateToMax old=1, new=1, updated? false
2022-08-02 21:05:57,019 [grpc-default-executor-3] DEBUG leader.FollowerInfo (FollowerInfoImpl.java:lambda$new$1(49)) - s0@group-DBBE7E7C6C61->s2: matchIndex: updateToMax old=2, new=-1, updated? false
2022-08-02 21:05:57,020 [grpc-default-executor-2] DEBUG leader.FollowerInfo (FollowerInfoImpl.java:lambda$new$1(49)) - s0@group-DBBE7E7C6C61->s1: commitIndex: updateToMax old=1, new=1, updated? false
2022-08-02 21:05:57,020 [grpc-default-executor-2] DEBUG leader.FollowerInfo (FollowerInfoImpl.java:lambda$new$1(49)) - s0@group-DBBE7E7C6C61->s1: matchIndex: updateToMax old=2, new=-1, updated? false
2022-08-02 21:05:57,021 [grpc-default-executor-3] DEBUG leader.FollowerInfo (FollowerInfoImpl.java:lambda$new$1(49)) - s0@group-DBBE7E7C6C61->s2: commitIndex: updateToMax old=1, new=1, updated? false
2022-08-02 21:05:57,021 [grpc-default-executor-3] DEBUG leader.FollowerInfo (FollowerInfoImpl.java:lambda$new$1(49)) - s0@group-DBBE7E7C6C61->s2: matchIndex: updateToMax old=2, new=-1, updated? false
2022-08-02 21:05:57,021 [grpc-default-executor-2] DEBUG leader.FollowerInfo (FollowerInfoImpl.java:lambda$new$1(49)) - s0@group-DBBE7E7C6C61->s1: commitIndex: updateToMax old=1, new=1, updated? false
2022-08-02 21:05:57,021 [grpc-default-executor-2] DEBUG leader.FollowerInfo (FollowerInfoImpl.java:lambda$new$1(49)) - s0@group-DBBE7E7C6C61->s1: matchIndex: updateToMax old=2, new=-1, updated? false
2022-08-02 21:05:57,022 [grpc-default-executor-3] DEBUG leader.FollowerInfo (FollowerInfoImpl.java:lambda$new$1(49)) - s0@group-DBBE7E7C6C61->s2: commitIndex: updateToMax old=1, new=1, updated? false
2022-08-02 21:05:57,022 [grpc-default-executor-3] DEBUG leader.FollowerInfo (FollowerInfoImpl.java:lambda$new$1(49)) - s0@group-DBBE7E7C6C61->s2: matchIndex: updateToMax old=2, new=-1, updated? false
2022-08-02 21:05:57,023 [grpc-default-executor-2] DEBUG leader.FollowerInfo (FollowerInfoImpl.java:lambda$new$1(49)) - s0@group-DBBE7E7C6C61->s1: commitIndex: updateToMax old=1, new=1, updated? false
2022-08-02 21:05:57,023 [grpc-default-executor-2] DEBUG leader.FollowerInfo (FollowerInfoImpl.java:lambda$new$1(49)) - s0@group-DBBE7E7C6C61->s1: matchIndex: updateToMax old=2, new=-1, updated? false
2022-08-02 21:05:57,023 [grpc-default-executor-3] DEBUG leader.FollowerInfo (FollowerInfoImpl.java:lambda$new$1(49)) - s0@group-DBBE7E7C6C61->s2: commitIndex: updateToMax old=1, new=1, updated? false
2022-08-02 21:05:57,023 [grpc-default-executor-3] DEBUG leader.FollowerInfo (FollowerInfoImpl.java:lambda$new$1(49)) - s0@group-DBBE7E7C6C61->s2: matchIndex: updateToMax old=2, new=-1, updated? false
2022-08-02 21:05:57,024 [grpc-default-executor-2] DEBUG leader.FollowerInfo (FollowerInfoImpl.java:lambda$new$1(49)) - s0@group-DBBE7E7C6C61->s1: commitIndex: updateToMax old=1, new=1, updated? false
2022-08-02 21:05:57,024 [grpc-default-executor-2] DEBUG leader.FollowerInfo (FollowerInfoImpl.java:lambda$new$1(49)) - s0@group-DBBE7E7C6C61->s1: matchIndex: updateToMax old=2, new=-1, updated? false
2022-08-02 21:05:57,025 [grpc-default-executor-3] DEBUG leader.FollowerInfo (FollowerInfoImpl.java:lambda$new$1(49)) - s0@group-DBBE7E7C6C61->s2: commitIndex: updateToMax old=1, new=1, updated? false
2022-08-02 21:05:57,025 [grpc-default-executor-3] DEBUG leader.FollowerInfo (FollowerInfoImpl.java:lambda$new$1(49)) - s0@group-DBBE7E7C6C61->s2: matchIndex: updateToMax old=2, new=-1, updated? false
2022-08-02 21:05:57,025 [grpc-default-executor-2] DEBUG leader.FollowerInfo (FollowerInfoImpl.java:lambda$new$1(49)) - s0@group-DBBE7E7C6C61->s1: commitIndex: updateToMax old=1, new=1, updated? false
2022-08-02 21:05:57,025 [grpc-default-executor-2] DEBUG leader.FollowerInfo (FollowerInfoImpl.java:lambda$new$1(49)) - s0@group-DBBE7E7C6C61->s1: matchIndex: updateToMax old=2, new=-1, updated? false
2022-08-02 21:05:57,026 [grpc-default-executor-3] DEBUG leader.FollowerInfo (FollowerInfoImpl.java:lambda$new$1(49)) - s0@group-DBBE7E7C6C61->s2: commitIndex: updateToMax old=1, new=1, updated? false
2022-08-02 21:05:57,026 [grpc-default-executor-3] DEBUG leader.FollowerInfo (FollowerInfoImpl.java:lambda$new$1(49)) - s0@group-DBBE7E7C6C61->s2: matchIndex: updateToMax old=2, new=-1, updated? false
2022-08-02 21:05:57,027 [grpc-default-executor-2] DEBUG leader.FollowerInfo (FollowerInfoImpl.java:lambda$new$1(49)) - s0@group-DBBE7E7C6C61->s1: commitIndex: updateToMax old=1, new=1, updated? false
2022-08-02 21:05:57,027 [grpc-default-executor-2] DEBUG leader.FollowerInfo (FollowerInfoImpl.java:lambda$new$1(49)) - s0@group-DBBE7E7C6C61->s1: matchIndex: updateToMax old=2, new=-1, updated? false
2022-08-02 21:05:57,027 [grpc-default-executor-3] DEBUG leader.FollowerInfo (FollowerInfoImpl.java:lambda$new$1(49)) - s0@group-DBBE7E7C6C61->s2: commitIndex: updateToMax old=1, new=1, updated? false
2022-08-02 21:05:57,028 [grpc-default-executor-3] DEBUG leader.FollowerInfo (FollowerInfoImpl.java:lambda$new$1(49)) - s0@group-DBBE7E7C6C61->s2: matchIndex: updateToMax old=2, new=-1, updated? false
2022-08-02 21:05:57,028 [grpc-default-executor-2] DEBUG leader.FollowerInfo (FollowerInfoImpl.java:lambda$new$1(49)) - s0@group-DBBE7E7C6C61->s1: commitIndex: updateToMax old=1, new=1, updated? false
2022-08-02 21:05:57,028 [grpc-default-executor-2] DEBUG leader.FollowerInfo (FollowerInfoImpl.java:lambda$new$1(49)) - s0@group-DBBE7E7C6C61->s1: matchIndex: updateToMax old=2, new=-1, updated? false
2022-08-02 21:05:57,029 [grpc-default-executor-3] DEBUG leader.FollowerInfo (FollowerInfoImpl.java:lambda$new$1(49)) - s0@group-DBBE7E7C6C61->s2: commitIndex: updateToMax old=1, new=1, updated? false
2022-08-02 21:05:57,029 [grpc-default-executor-3] DEBUG leader.FollowerInfo (FollowerInfoImpl.java:lambda$new$1(49)) - s0@group-DBBE7E7C6C61->s2: matchIndex: updateToMax old=2, new=-1, updated? false
2022-08-02 21:05:57,029 [grpc-default-executor-2] DEBUG leader.FollowerInfo (FollowerInfoImpl.java:lambda$new$1(49)) - s0@group-DBBE7E7C6C61->s1: commitIndex: updateToMax old=1, new=1, updated? false
2022-08-02 21:05:57,030 [grpc-default-executor-2] DEBUG leader.FollowerInfo (FollowerInfoImpl.java:lambda$new$1(49)) - s0@group-DBBE7E7C6C61->s1: matchIndex: updateToMax old=2, new=-1, updated? false
2022-08-02 21:05:57,030 [grpc-default-executor-3] DEBUG leader.FollowerInfo (FollowerInfoImpl.java:lambda$new$1(49)) - s0@group-DBBE7E7C6C61->s2: commitIndex: updateToMax old=1, new=1, updated? false
2022-08-02 21:05:57,030 [grpc-default-executor-3] DEBUG leader.FollowerInfo (FollowerInfoImpl.java:lambda$new$1(49)) - s0@group-DBBE7E7C6C61->s2: matchIndex: updateToMax old=2, new=-1, updated? false
2022-08-02 21:05:57,031 [grpc-default-executor-2] DEBUG leader.FollowerInfo (FollowerInfoImpl.java:lambda$new$1(49)) - s0@group-DBBE7E7C6C61->s1: commitIndex: updateToMax old=1, new=1, updated? false
2022-08-02 21:05:57,031 [grpc-default-executor-2] DEBUG leader.FollowerInfo (FollowerInfoImpl.java:lambda$new$1(49)) - s0@group-DBBE7E7C6C61->s1: matchIndex: updateToMax old=2, new=-1, updated? false
2022-08-02 21:05:57,032 [grpc-default-executor-3] DEBUG leader.FollowerInfo (FollowerInfoImpl.java:lambda$new$1(49)) - s0@group-DBBE7E7C6C61->s2: commitIndex: updateToMax old=1, new=1, updated? false
2022-08-02 21:05:57,032 [grpc-default-executor-3] DEBUG leader.FollowerInfo (FollowerInfoImpl.java:lambda$new$1(49)) - s0@group-DBBE7E7C6C61->s2: matchIndex: updateToMax old=2, new=-1, updated? false
2022-08-02 21:05:57,032 [grpc-default-executor-2] DEBUG leader.FollowerInfo (FollowerInfoImpl.java:lambda$new$1(49)) - s0@group-DBBE7E7C6C61->s1: commitIndex: updateToMax old=1, new=1, updated? false
2022-08-02 21:05:57,032 [grpc-default-executor-2] DEBUG leader.FollowerInfo (FollowerInfoImpl.java:lambda$new$1(49)) - s0@group-DBBE7E7C6C61->s1: matchIndex: updateToMax old=2, new=-1, updated? false
2022-08-02 21:05:57,033 [grpc-default-executor-3] DEBUG leader.FollowerInfo (FollowerInfoImpl.java:lambda$new$1(49)) - s0@group-DBBE7E7C6C61->s2: commitIndex: updateToMax old=1, new=1, updated? false
2022-08-02 21:05:57,033 [grpc-default-executor-3] DEBUG leader.FollowerInfo (FollowerInfoImpl.java:lambda$new$1(49)) - s0@group-DBBE7E7C6C61->s2: matchIndex: updateToMax old=2, new=-1, updated? false
2022-08-02 21:05:57,034 [grpc-default-executor-2] DEBUG leader.FollowerInfo (FollowerInfoImpl.java:lambda$new$1(49)) - s0@group-DBBE7E7C6C61->s1: commitIndex: updateToMax old=1, new=1, updated? false
2022-08-02 21:05:57,034 [grpc-default-executor-2] DEBUG leader.FollowerInfo (FollowerInfoImpl.java:lambda$new$1(49)) - s0@group-DBBE7E7C6C61->s1: matchIndex: updateToMax old=2, new=-1, updated? false
2022-08-02 21:05:57,035 [grpc-default-executor-3] DEBUG leader.FollowerInfo (FollowerInfoImpl.java:lambda$new$1(49)) - s0@group-DBBE7E7C6C61->s2: commitIndex: updateToMax old=1, new=1, updated? false
2022-08-02 21:05:57,035 [grpc-default-executor-3] DEBUG leader.FollowerInfo (FollowerInfoImpl.java:lambda$new$1(49)) - s0@group-DBBE7E7C6C61->s2: matchIndex: updateToMax old=2, new=-1, updated? false
2022-08-02 21:05:57,035 [grpc-default-executor-2] DEBUG leader.FollowerInfo (FollowerInfoImpl.java:lambda$new$1(49)) - s0@group-DBBE7E7C6C61->s1: commitIndex: updateToMax old=1, new=1, updated? false
2022-08-02 21:05:57,035 [grpc-default-executor-2] DEBUG leader.FollowerInfo (FollowerInfoImpl.java:lambda$new$1(49)) - s0@group-DBBE7E7C6C61->s1: matchIndex: updateToMax old=2, new=-1, updated? false
2022-08-02 21:05:57,036 [grpc-default-executor-3] DEBUG leader.FollowerInfo (FollowerInfoImpl.java:lambda$new$1(49)) - s0@group-DBBE7E7C6C61->s2: commitIndex: updateToMax old=1, new=1, updated? false
2022-08-02 21:05:57,036 [grpc-default-executor-3] DEBUG leader.FollowerInfo (FollowerInfoImpl.java:lambda$new$1(49)) - s0@group-DBBE7E7C6C61->s2: matchIndex: updateToMax old=2, new=-1, updated? false
2022-08-02 21:05:57,037 [grpc-default-executor-2] DEBUG leader.FollowerInfo (FollowerInfoImpl.java:lambda$new$1(49)) - s0@group-DBBE7E7C6C61->s1: commitIndex: updateToMax old=1, new=1, updated? false
2022-08-02 21:05:57,037 [grpc-default-executor-2] DEBUG leader.FollowerInfo (FollowerInfoImpl.java:lambda$new$1(49)) - s0@group-DBBE7E7C6C61->s1: matchIndex: updateToMax old=2, new=-1, updated? false
2022-08-02 21:05:57,037 [grpc-default-executor-3] DEBUG leader.FollowerInfo (FollowerInfoImpl.java:lambda$new$1(49)) - s0@group-DBBE7E7C6C61->s2: commitIndex: updateToMax old=1, new=1, updated? false
2022-08-02 21:05:57,037 [grpc-default-executor-3] DEBUG leader.FollowerInfo (FollowerInfoImpl.java:lambda$new$1(49)) - s0@group-DBBE7E7C6C61->s2: matchIndex: updateToMax old=2, new=-1, updated? false
2022-08-02 21:05:57,038 [grpc-default-executor-2] DEBUG leader.FollowerInfo (FollowerInfoImpl.java:lambda$new$1(49)) - s0@group-DBBE7E7C6C61->s1: commitIndex: updateToMax old=1, new=1, updated? false
2022-08-02 21:05:57,038 [grpc-default-executor-2] DEBUG leader.FollowerInfo (FollowerInfoImpl.java:lambda$new$1(49)) - s0@group-DBBE7E7C6C61->s1: matchIndex: updateToMax old=2, new=-1, updated? false
2022-08-02 21:05:57,039 [grpc-default-executor-3] DEBUG leader.FollowerInfo (FollowerInfoImpl.java:lambda$new$1(49)) - s0@group-DBBE7E7C6C61->s2: commitIndex: updateToMax old=1, new=1, updated? false
2022-08-02 21:05:57,039 [grpc-default-executor-3] DEBUG leader.FollowerInfo (FollowerInfoImpl.java:lambda$new$1(49)) - s0@group-DBBE7E7C6C61->s2: matchIndex: updateToMax old=2, new=-1, updated? false
2022-08-02 21:05:57,039 [grpc-default-executor-2] DEBUG leader.FollowerInfo (FollowerInfoImpl.java:lambda$new$1(49)) - s0@group-DBBE7E7C6C61->s1: commitIndex: updateToMax old=1, new=1, updated? false
2022-08-02 21:05:57,040 [grpc-default-executor-2] DEBUG leader.FollowerInfo (FollowerInfoImpl.java:lambda$new$1(49)) - s0@group-DBBE7E7C6C61->s1: matchIndex: updateToMax old=2, new=-1, updated? false
2022-08-02 21:05:57,040 [grpc-default-executor-3] DEBUG leader.FollowerInfo (FollowerInfoImpl.java:lambda$new$1(49)) - s0@group-DBBE7E7C6C61->s2: commitIndex: updateToMax old=1, new=1, updated? false
2022-08-02 21:05:57,040 [grpc-default-executor-3] DEBUG leader.FollowerInfo (FollowerInfoImpl.java:lambda$new$1(49)) - s0@group-DBBE7E7C6C61->s2: matchIndex: updateToMax old=2, new=-1, updated? false
2022-08-02 21:05:57,041 [grpc-default-executor-2] DEBUG leader.FollowerInfo (FollowerInfoImpl.java:lambda$new$1(49)) - s0@group-DBBE7E7C6C61->s1: commitIndex: updateToMax old=1, new=1, updated? false
2022-08-02 21:05:57,041 [grpc-default-executor-2] DEBUG leader.FollowerInfo (FollowerInfoImpl.java:lambda$new$1(49)) - s0@group-DBBE7E7C6C61->s1: matchIndex: updateToMax old=2, new=-1, updated? false
2022-08-02 21:05:57,042 [grpc-default-executor-3] DEBUG leader.FollowerInfo (FollowerInfoImpl.java:lambda$new$1(49)) - s0@group-DBBE7E7C6C61->s2: commitIndex: updateToMax old=1, new=1, updated? false
2022-08-02 21:05:57,042 [grpc-default-executor-3] DEBUG leader.FollowerInfo (FollowerInfoImpl.java:lambda$new$1(49)) - s0@group-DBBE7E7C6C61->s2: matchIndex: updateToMax old=2, new=-1, updated? false
2022-08-02 21:05:57,042 [grpc-default-executor-2] DEBUG leader.FollowerInfo (FollowerInfoImpl.java:lambda$new$1(49)) - s0@group-DBBE7E7C6C61->s1: commitIndex: updateToMax old=1, new=1, updated? false
2022-08-02 21:05:57,042 [grpc-default-executor-2] DEBUG leader.FollowerInfo (FollowerInfoImpl.java:lambda$new$1(49)) - s0@group-DBBE7E7C6C61->s1: matchIndex: updateToMax old=2, new=-1, updated? false
2022-08-02 21:05:57,043 [grpc-default-executor-3] DEBUG leader.FollowerInfo (FollowerInfoImpl.java:lambda$new$1(49)) - s0@group-DBBE7E7C6C61->s2: commitIndex: updateToMax old=1, new=1, updated? false
2022-08-02 21:05:57,043 [grpc-default-executor-3] DEBUG leader.FollowerInfo (FollowerInfoImpl.java:lambda$new$1(49)) - s0@group-DBBE7E7C6C61->s2: matchIndex: updateToMax old=2, new=-1, updated? false
2022-08-02 21:05:57,044 [grpc-default-executor-2] DEBUG leader.FollowerInfo (FollowerInfoImpl.java:lambda$new$1(49)) - s0@group-DBBE7E7C6C61->s1: commitIndex: updateToMax old=1, new=1, updated? false
2022-08-02 21:05:57,044 [grpc-default-executor-2] DEBUG leader.FollowerInfo (FollowerInfoImpl.java:lambda$new$1(49)) - s0@group-DBBE7E7C6C61->s1: matchIndex: updateToMax old=2, new=-1, updated? false
2022-08-02 21:05:57,044 [grpc-default-executor-3] DEBUG leader.FollowerInfo (FollowerInfoImpl.java:lambda$new$1(49)) - s0@group-DBBE7E7C6C61->s2: commitIndex: updateToMax old=1, new=1, updated? false
2022-08-02 21:05:57,045 [grpc-default-executor-3] DEBUG leader.FollowerInfo (FollowerInfoImpl.java:lambda$new$1(49)) - s0@group-DBBE7E7C6C61->s2: matchIndex: updateToMax old=2, new=-1, updated? false
2022-08-02 21:05:57,045 [grpc-default-executor-2] DEBUG leader.FollowerInfo (FollowerInfoImpl.java:lambda$new$1(49)) - s0@group-DBBE7E7C6C61->s1: commitIndex: updateToMax old=1, new=1, updated? false
2022-08-02 21:05:57,045 [grpc-default-executor-2] DEBUG leader.FollowerInfo (FollowerInfoImpl.java:lambda$new$1(49)) - s0@group-DBBE7E7C6C61->s1: matchIndex: updateToMax old=2, new=-1, updated? false
2022-08-02 21:05:57,046 [grpc-default-executor-3] DEBUG leader.FollowerInfo (FollowerInfoImpl.java:lambda$new$1(49)) - s0@group-DBBE7E7C6C61->s2: commitIndex: updateToMax old=1, new=1, updated? false
2022-08-02 21:05:57,046 [grpc-default-executor-3] DEBUG leader.FollowerInfo (FollowerInfoImpl.java:lambda$new$1(49)) - s0@group-DBBE7E7C6C61->s2: matchIndex: updateToMax old=2, new=-1, updated? false
2022-08-02 21:05:57,046 [grpc-default-executor-2] DEBUG leader.FollowerInfo (FollowerInfoImpl.java:lambda$new$1(49)) - s0@group-DBBE7E7C6C61->s1: commitIndex: updateToMax old=1, new=1, updated? false
2022-08-02 21:05:57,047 [grpc-default-executor-2] DEBUG leader.FollowerInfo (FollowerInfoImpl.java:lambda$new$1(49)) - s0@group-DBBE7E7C6C61->s1: matchIndex: updateToMax old=2, new=-1, updated? false
2022-08-02 21:05:57,047 [grpc-default-executor-3] DEBUG leader.FollowerInfo (FollowerInfoImpl.java:lambda$new$1(49)) - s0@group-DBBE7E7C6C61->s2: commitIndex: updateToMax old=1, new=1, updated? false
2022-08-02 21:05:57,047 [grpc-default-executor-3] DEBUG leader.FollowerInfo (FollowerInfoImpl.java:lambda$new$1(49)) - s0@group-DBBE7E7C6C61->s2: matchIndex: updateToMax old=2, new=-1, updated? false
2022-08-02 21:05:57,048 [grpc-default-executor-2] DEBUG leader.FollowerInfo (FollowerInfoImpl.java:lambda$new$1(49)) - s0@group-DBBE7E7C6C61->s1: commitIndex: updateToMax old=1, new=1, updated? false
2022-08-02 21:05:57,048 [grpc-default-executor-2] DEBUG leader.FollowerInfo (FollowerInfoImpl.java:lambda$new$1(49)) - s0@group-DBBE7E7C6C61->s1: matchIndex: updateToMax old=2, new=-1, updated? false
2022-08-02 21:05:57,049 [grpc-default-executor-3] DEBUG leader.FollowerInfo (FollowerInfoImpl.java:lambda$new$1(49)) - s0@group-DBBE7E7C6C61->s2: commitIndex: updateToMax old=1, new=1, updated? false
2022-08-02 21:05:57,049 [grpc-default-executor-3] DEBUG leader.FollowerInfo (FollowerInfoImpl.java:lambda$new$1(49)) - s0@group-DBBE7E7C6C61->s2: matchIndex: updateToMax old=2, new=-1, updated? false
2022-08-02 21:05:57,049 [grpc-default-executor-2] DEBUG leader.FollowerInfo (FollowerInfoImpl.java:lambda$new$1(49)) - s0@group-DBBE7E7C6C61->s1: commitIndex: updateToMax old=1, new=1, updated? false
2022-08-02 21:05:57,049 [grpc-default-executor-2] DEBUG leader.FollowerInfo (FollowerInfoImpl.java:lambda$new$1(49)) - s0@group-DBBE7E7C6C61->s1: matchIndex: updateToMax old=2, new=-1, updated? false
2022-08-02 21:05:57,050 [grpc-default-executor-3] DEBUG leader.FollowerInfo (FollowerInfoImpl.java:lambda$new$1(49)) - s0@group-DBBE7E7C6C61->s2: commitIndex: updateToMax old=1, new=1, updated? false
2022-08-02 21:05:57,050 [grpc-default-executor-3] DEBUG leader.FollowerInfo (FollowerInfoImpl.java:lambda$new$1(49)) - s0@group-DBBE7E7C6C61->s2: matchIndex: updateToMax old=2, new=-1, updated? false
2022-08-02 21:05:57,051 [grpc-default-executor-2] DEBUG leader.FollowerInfo (FollowerInfoImpl.java:lambda$new$1(49)) - s0@group-DBBE7E7C6C61->s1: commitIndex: updateToMax old=1, new=1, updated? false
2022-08-02 21:05:57,051 [grpc-default-executor-2] DEBUG leader.FollowerInfo (FollowerInfoImpl.java:lambda$new$1(49)) - s0@group-DBBE7E7C6C61->s1: matchIndex: updateToMax old=2, new=-1, updated? false
2022-08-02 21:05:57,051 [grpc-default-executor-3] DEBUG leader.FollowerInfo (FollowerInfoImpl.java:lambda$new$1(49)) - s0@group-DBBE7E7C6C61->s2: commitIndex: updateToMax old=1, new=1, updated? false
2022-08-02 21:05:57,051 [grpc-default-executor-3] DEBUG leader.FollowerInfo (FollowerInfoImpl.java:lambda$new$1(49)) - s0@group-DBBE7E7C6C61->s2: matchIndex: updateToMax old=2, new=-1, updated? false
2022-08-02 21:05:57,052 [grpc-default-executor-2] DEBUG leader.FollowerInfo (FollowerInfoImpl.java:lambda$new$1(49)) - s0@group-DBBE7E7C6C61->s1: commitIndex: updateToMax old=1, new=1, updated? false
2022-08-02 21:05:57,052 [grpc-default-executor-2] DEBUG leader.FollowerInfo (FollowerInfoImpl.java:lambda$new$1(49)) - s0@group-DBBE7E7C6C61->s1: matchIndex: updateToMax old=2, new=-1, updated? false
2022-08-02 21:05:57,053 [grpc-default-executor-3] DEBUG leader.FollowerInfo (FollowerInfoImpl.java:lambda$new$1(49)) - s0@group-DBBE7E7C6C61->s2: commitIndex: updateToMax old=1, new=1, updated? false
2022-08-02 21:05:57,053 [grpc-default-executor-3] DEBUG leader.FollowerInfo (FollowerInfoImpl.java:lambda$new$1(49)) - s0@group-DBBE7E7C6C61->s2: matchIndex: updateToMax old=2, new=-1, updated? false
2022-08-02 21:05:57,053 [grpc-default-executor-2] DEBUG leader.FollowerInfo (FollowerInfoImpl.java:lambda$new$1(49)) - s0@group-DBBE7E7C6C61->s1: commitIndex: updateToMax old=1, new=1, updated? false
2022-08-02 21:05:57,053 [grpc-default-executor-2] DEBUG leader.FollowerInfo (FollowerInfoImpl.java:lambda$new$1(49)) - s0@group-DBBE7E7C6C61->s1: matchIndex: updateToMax old=2, new=-1, updated? false
2022-08-02 21:05:57,054 [grpc-default-executor-3] DEBUG leader.FollowerInfo (FollowerInfoImpl.java:lambda$new$1(49)) - s0@group-DBBE7E7C6C61->s2: commitIndex: updateToMax old=1, new=1, updated? false
2022-08-02 21:05:57,054 [grpc-default-executor-3] DEBUG leader.FollowerInfo (FollowerInfoImpl.java:lambda$new$1(49)) - s0@group-DBBE7E7C6C61->s2: matchIndex: updateToMax old=2, new=-1, updated? false
2022-08-02 21:05:57,055 [grpc-default-executor-2] DEBUG leader.FollowerInfo (FollowerInfoImpl.java:lambda$new$1(49)) - s0@group-DBBE7E7C6C61->s1: commitIndex: updateToMax old=1, new=1, updated? false
2022-08-02 21:05:57,055 [grpc-default-executor-2] DEBUG leader.FollowerInfo (FollowerInfoImpl.java:lambda$new$1(49)) - s0@group-DBBE7E7C6C61->s1: matchIndex: updateToMax old=2, new=-1, updated? false
2022-08-02 21:05:57,056 [grpc-default-executor-3] DEBUG leader.FollowerInfo (FollowerInfoImpl.java:lambda$new$1(49)) - s0@group-DBBE7E7C6C61->s2: commitIndex: updateToMax old=1, new=1, updated? false
2022-08-02 21:05:57,056 [grpc-default-executor-3] DEBUG leader.FollowerInfo (FollowerInfoImpl.java:lambda$new$1(49)) - s0@group-DBBE7E7C6C61->s2: matchIndex: updateToMax old=2, new=-1, updated? false
2022-08-02 21:05:57,056 [grpc-default-executor-2] DEBUG leader.FollowerInfo (FollowerInfoImpl.java:lambda$new$1(49)) - s0@group-DBBE7E7C6C61->s1: commitIndex: updateToMax old=1, new=1, updated? false
2022-08-02 21:05:57,056 [grpc-default-executor-2] DEBUG leader.FollowerInfo (FollowerInfoImpl.java:lambda$new$1(49)) - s0@group-DBBE7E7C6C61->s1: matchIndex: updateToMax old=2, new=-1, updated? false
2022-08-02 21:05:57,057 [grpc-default-executor-3] DEBUG leader.FollowerInfo (FollowerInfoImpl.java:lambda$new$1(49)) - s0@group-DBBE7E7C6C61->s2: commitIndex: updateToMax old=1, new=1, updated? false
2022-08-02 21:05:57,057 [grpc-default-executor-3] DEBUG leader.FollowerInfo (FollowerInfoImpl.java:lambda$new$1(49)) - s0@group-DBBE7E7C6C61->s2: matchIndex: updateToMax old=2, new=-1, updated? false
2022-08-02 21:05:57,058 [grpc-default-executor-2] DEBUG leader.FollowerInfo (FollowerInfoImpl.java:lambda$new$1(49)) - s0@group-DBBE7E7C6C61->s1: commitIndex: updateToMax old=1, new=1, updated? false
2022-08-02 21:05:57,058 [grpc-default-executor-2] DEBUG leader.FollowerInfo (FollowerInfoImpl.java:lambda$new$1(49)) - s0@group-DBBE7E7C6C61->s1: matchIndex: updateToMax old=2, new=-1, updated? false
2022-08-02 21:05:57,059 [grpc-default-executor-3] DEBUG leader.FollowerInfo (FollowerInfoImpl.java:lambda$new$1(49)) - s0@group-DBBE7E7C6C61->s2: commitIndex: updateToMax old=1, new=1, updated? false
2022-08-02 21:05:57,059 [grpc-default-executor-3] DEBUG leader.FollowerInfo (FollowerInfoImpl.java:lambda$new$1(49)) - s0@group-DBBE7E7C6C61->s2: matchIndex: updateToMax old=2, new=-1, updated? false
2022-08-02 21:05:57,059 [grpc-default-executor-2] DEBUG leader.FollowerInfo (FollowerInfoImpl.java:lambda$new$1(49)) - s0@group-DBBE7E7C6C61->s1: commitIndex: updateToMax old=1, new=1, updated? false
2022-08-02 21:05:57,059 [grpc-default-executor-2] DEBUG leader.FollowerInfo (FollowerInfoImpl.java:lambda$new$1(49)) - s0@group-DBBE7E7C6C61->s1: matchIndex: updateToMax old=2, new=-1, updated? false
2022-08-02 21:05:57,060 [grpc-default-executor-3] DEBUG leader.FollowerInfo (FollowerInfoImpl.java:lambda$new$1(49)) - s0@group-DBBE7E7C6C61->s2: commitIndex: updateToMax old=1, new=1, updated? false
2022-08-02 21:05:57,060 [grpc-default-executor-3] DEBUG leader.FollowerInfo (FollowerInfoImpl.java:lambda$new$1(49)) - s0@group-DBBE7E7C6C61->s2: matchIndex: updateToMax old=2, new=-1, updated? false
2022-08-02 21:05:57,061 [grpc-default-executor-2] DEBUG leader.FollowerInfo (FollowerInfoImpl.java:lambda$new$1(49)) - s0@group-DBBE7E7C6C61->s1: commitIndex: updateToMax old=1, new=1, updated? false
2022-08-02 21:05:57,061 [grpc-default-executor-2] DEBUG leader.FollowerInfo (FollowerInfoImpl.java:lambda$new$1(49)) - s0@group-DBBE7E7C6C61->s1: matchIndex: updateToMax old=2, new=-1, updated? false
2022-08-02 21:05:57,062 [grpc-default-executor-3] DEBUG leader.FollowerInfo (FollowerInfoImpl.java:lambda$new$1(49)) - s0@group-DBBE7E7C6C61->s2: commitIndex: updateToMax old=1, new=1, updated? false
2022-08-02 21:05:57,062 [grpc-default-executor-3] DEBUG leader.FollowerInfo (FollowerInfoImpl.java:lambda$new$1(49)) - s0@group-DBBE7E7C6C61->s2: matchIndex: updateToMax old=2, new=-1, updated? false
2022-08-02 21:05:57,062 [grpc-default-executor-2] DEBUG leader.FollowerInfo (FollowerInfoImpl.java:lambda$new$1(49)) - s0@group-DBBE7E7C6C61->s1: commitIndex: updateToMax old=1, new=1, updated? false
2022-08-02 21:05:57,062 [grpc-default-executor-2] DEBUG leader.FollowerInfo (FollowerInfoImpl.java:lambda$new$1(49)) - s0@group-DBBE7E7C6C61->s1: matchIndex: updateToMax old=2, new=-1, updated? false
2022-08-02 21:05:57,063 [grpc-default-executor-3] DEBUG leader.FollowerInfo (FollowerInfoImpl.java:lambda$new$1(49)) - s0@group-DBBE7E7C6C61->s2: commitIndex: updateToMax old=1, new=1, updated? false
2022-08-02 21:05:57,063 [grpc-default-executor-3] DEBUG leader.FollowerInfo (FollowerInfoImpl.java:lambda$new$1(49)) - s0@group-DBBE7E7C6C61->s2: matchIndex: updateToMax old=2, new=-1, updated? false
2022-08-02 21:05:57,064 [grpc-default-executor-2] DEBUG leader.FollowerInfo (FollowerInfoImpl.java:lambda$new$1(49)) - s0@group-DBBE7E7C6C61->s1: commitIndex: updateToMax old=1, new=1, updated? false
2022-08-02 21:05:57,064 [grpc-default-executor-2] DEBUG leader.FollowerInfo (FollowerInfoImpl.java:lambda$new$1(49)) - s0@group-DBBE7E7C6C61->s1: matchIndex: updateToMax old=2, new=-1, updated? false
2022-08-02 21:05:57,065 [grpc-default-executor-3] DEBUG leader.FollowerInfo (FollowerInfoImpl.java:lambda$new$1(49)) - s0@group-DBBE7E7C6C61->s2: commitIndex: updateToMax old=1, new=1, updated? false
2022-08-02 21:05:57,065 [grpc-default-executor-3] DEBUG leader.FollowerInfo (FollowerInfoImpl.java:lambda$new$1(49)) - s0@group-DBBE7E7C6C61->s2: matchIndex: updateToMax old=2, new=-1, updated? false
2022-08-02 21:05:57,065 [grpc-default-executor-2] DEBUG leader.FollowerInfo (FollowerInfoImpl.java:lambda$new$1(49)) - s0@group-DBBE7E7C6C61->s1: commitIndex: updateToMax old=1, new=1, updated? false
2022-08-02 21:05:57,065 [grpc-default-executor-2] DEBUG leader.FollowerInfo (FollowerInfoImpl.java:lambda$new$1(49)) - s0@group-DBBE7E7C6C61->s1: matchIndex: updateToMax old=2, new=-1, updated? false
2022-08-02 21:05:57,066 [grpc-default-executor-3] DEBUG leader.FollowerInfo (FollowerInfoImpl.java:lambda$new$1(49)) - s0@group-DBBE7E7C6C61->s2: commitIndex: updateToMax old=1, new=1, updated? false
2022-08-02 21:05:57,066 [grpc-default-executor-3] DEBUG leader.FollowerInfo (FollowerInfoImpl.java:lambda$new$1(49)) - s0@group-DBBE7E7C6C61->s2: matchIndex: updateToMax old=2, new=-1, updated? false
2022-08-02 21:05:57,067 [grpc-default-executor-2] DEBUG leader.FollowerInfo (FollowerInfoImpl.java:lambda$new$1(49)) - s0@group-DBBE7E7C6C61->s1: commitIndex: updateToMax old=1, new=1, updated? false
2022-08-02 21:05:57,067 [grpc-default-executor-2] DEBUG leader.FollowerInfo (FollowerInfoImpl.java:lambda$new$1(49)) - s0@group-DBBE7E7C6C61->s1: matchIndex: updateToMax old=2, new=-1, updated? false
2022-08-02 21:05:57,068 [grpc-default-executor-3] DEBUG leader.FollowerInfo (FollowerInfoImpl.java:lambda$new$1(49)) - s0@group-DBBE7E7C6C61->s2: commitIndex: updateToMax old=1, new=1, updated? false
2022-08-02 21:05:57,068 [grpc-default-executor-3] DEBUG leader.FollowerInfo (FollowerInfoImpl.java:lambda$new$1(49)) - s0@group-DBBE7E7C6C61->s2: matchIndex: updateToMax old=2, new=-1, updated? false
2022-08-02 21:05:57,068 [grpc-default-executor-2] DEBUG leader.FollowerInfo (FollowerInfoImpl.java:lambda$new$1(49)) - s0@group-DBBE7E7C6C61->s1: commitIndex: updateToMax old=1, new=1, updated? false
2022-08-02 21:05:57,068 [grpc-default-executor-2] DEBUG leader.FollowerInfo (FollowerInfoImpl.java:lambda$new$1(49)) - s0@group-DBBE7E7C6C61->s1: matchIndex: updateToMax old=2, new=-1, updated? false
2022-08-02 21:05:57,069 [grpc-default-executor-3] DEBUG leader.FollowerInfo (FollowerInfoImpl.java:lambda$new$1(49)) - s0@group-DBBE7E7C6C61->s2: commitIndex: updateToMax old=1, new=1, updated? false
2022-08-02 21:05:57,069 [grpc-default-executor-3] DEBUG leader.FollowerInfo (FollowerInfoImpl.java:lambda$new$1(49)) - s0@group-DBBE7E7C6C61->s2: matchIndex: updateToMax old=2, new=-1, updated? false
2022-08-02 21:05:57,070 [grpc-default-executor-2] DEBUG leader.FollowerInfo (FollowerInfoImpl.java:lambda$new$1(49)) - s0@group-DBBE7E7C6C61->s1: commitIndex: updateToMax old=1, new=1, updated? false
2022-08-02 21:05:57,070 [grpc-default-executor-2] DEBUG leader.FollowerInfo (FollowerInfoImpl.java:lambda$new$1(49)) - s0@group-DBBE7E7C6C61->s1: matchIndex: updateToMax old=2, new=-1, updated? false
2022-08-02 21:05:57,071 [grpc-default-executor-3] DEBUG leader.FollowerInfo (FollowerInfoImpl.java:lambda$new$1(49)) - s0@group-DBBE7E7C6C61->s2: commitIndex: updateToMax old=1, new=1, updated? false
2022-08-02 21:05:57,071 [grpc-default-executor-3] DEBUG leader.FollowerInfo (FollowerInfoImpl.java:lambda$new$1(49)) - s0@group-DBBE7E7C6C61->s2: matchIndex: updateToMax old=2, new=-1, updated? false
2022-08-02 21:05:57,071 [grpc-default-executor-2] DEBUG leader.FollowerInfo (FollowerInfoImpl.java:lambda$new$1(49)) - s0@group-DBBE7E7C6C61->s1: commitIndex: updateToMax old=1, new=1, updated? false
2022-08-02 21:05:57,072 [grpc-default-executor-2] DEBUG leader.FollowerInfo (FollowerInfoImpl.java:lambda$new$1(49)) - s0@group-DBBE7E7C6C61->s1: matchIndex: updateToMax old=2, new=-1, updated? false
2022-08-02 21:05:57,072 [grpc-default-executor-3] DEBUG leader.FollowerInfo (FollowerInfoImpl.java:lambda$new$1(49)) - s0@group-DBBE7E7C6C61->s2: commitIndex: updateToMax old=1, new=1, updated? false
2022-08-02 21:05:57,072 [grpc-default-executor-3] DEBUG leader.FollowerInfo (FollowerInfoImpl.java:lambda$new$1(49)) - s0@group-DBBE7E7C6C61->s2: matchIndex: updateToMax old=2, new=-1, updated? false
2022-08-02 21:05:57,073 [grpc-default-executor-2] DEBUG leader.FollowerInfo (FollowerInfoImpl.java:lambda$new$1(49)) - s0@group-DBBE7E7C6C61->s1: commitIndex: updateToMax old=1, new=1, updated? false
2022-08-02 21:05:57,073 [grpc-default-executor-2] DEBUG leader.FollowerInfo (FollowerInfoImpl.java:lambda$new$1(49)) - s0@group-DBBE7E7C6C61->s1: matchIndex: updateToMax old=2, new=-1, updated? false
2022-08-02 21:05:57,074 [grpc-default-executor-3] DEBUG leader.FollowerInfo (FollowerInfoImpl.java:lambda$new$1(49)) - s0@group-DBBE7E7C6C61->s2: commitIndex: updateToMax old=1, new=1, updated? false
2022-08-02 21:05:57,074 [grpc-default-executor-3] DEBUG leader.FollowerInfo (FollowerInfoImpl.java:lambda$new$1(49)) - s0@group-DBBE7E7C6C61->s2: matchIndex: updateToMax old=2, new=-1, updated? false
2022-08-02 21:05:57,075 [grpc-default-executor-2] DEBUG leader.FollowerInfo (FollowerInfoImpl.java:lambda$new$1(49)) - s0@group-DBBE7E7C6C61->s1: commitIndex: updateToMax old=1, new=1, updated? false
2022-08-02 21:05:57,075 [grpc-default-executor-2] DEBUG leader.FollowerInfo (FollowerInfoImpl.java:lambda$new$1(49)) - s0@group-DBBE7E7C6C61->s1: matchIndex: updateToMax old=2, new=-1, updated? false
2022-08-02 21:05:57,075 [grpc-default-executor-3] DEBUG leader.FollowerInfo (FollowerInfoImpl.java:lambda$new$1(49)) - s0@group-DBBE7E7C6C61->s2: commitIndex: updateToMax old=1, new=1, updated? false
2022-08-02 21:05:57,075 [grpc-default-executor-3] DEBUG leader.FollowerInfo (FollowerInfoImpl.java:lambda$new$1(49)) - s0@group-DBBE7E7C6C61->s2: matchIndex: updateToMax old=2, new=-1, updated? false
2022-08-02 21:05:57,076 [grpc-default-executor-2] DEBUG leader.FollowerInfo (FollowerInfoImpl.java:lambda$new$1(49)) - s0@group-DBBE7E7C6C61->s1: commitIndex: updateToMax old=1, new=1, updated? false
2022-08-02 21:05:57,076 [grpc-default-executor-2] DEBUG leader.FollowerInfo (FollowerInfoImpl.java:lambda$new$1(49)) - s0@group-DBBE7E7C6C61->s1: matchIndex: updateToMax old=2, new=-1, updated? false
2022-08-02 21:05:57,077 [grpc-default-executor-3] DEBUG leader.FollowerInfo (FollowerInfoImpl.java:lambda$new$1(49)) - s0@group-DBBE7E7C6C61->s2: commitIndex: updateToMax old=1, new=1, updated? false
2022-08-02 21:05:57,077 [grpc-default-executor-3] DEBUG leader.FollowerInfo (FollowerInfoImpl.java:lambda$new$1(49)) - s0@group-DBBE7E7C6C61->s2: matchIndex: updateToMax old=2, new=-1, updated? false
2022-08-02 21:05:57,077 [grpc-default-executor-2] DEBUG leader.FollowerInfo (FollowerInfoImpl.java:lambda$new$1(49)) - s0@group-DBBE7E7C6C61->s1: commitIndex: updateToMax old=1, new=1, updated? false
2022-08-02 21:05:57,078 [grpc-default-executor-2] DEBUG leader.FollowerInfo (FollowerInfoImpl.java:lambda$new$1(49)) - s0@group-DBBE7E7C6C61->s1: matchIndex: updateToMax old=2, new=-1, updated? false
2022-08-02 21:05:57,078 [grpc-default-executor-3] DEBUG leader.FollowerInfo (FollowerInfoImpl.java:lambda$new$1(49)) - s0@group-DBBE7E7C6C61->s2: commitIndex: updateToMax old=1, new=1, updated? false
2022-08-02 21:05:57,078 [grpc-default-executor-3] DEBUG leader.FollowerInfo (FollowerInfoImpl.java:lambda$new$1(49)) - s0@group-DBBE7E7C6C61->s2: matchIndex: updateToMax old=2, new=-1, updated? false
2022-08-02 21:05:57,079 [grpc-default-executor-2] DEBUG leader.FollowerInfo (FollowerInfoImpl.java:lambda$new$1(49)) - s0@group-DBBE7E7C6C61->s1: commitIndex: updateToMax old=1, new=1, updated? false
2022-08-02 21:05:57,079 [grpc-default-executor-2] DEBUG leader.FollowerInfo (FollowerInfoImpl.java:lambda$new$1(49)) - s0@group-DBBE7E7C6C61->s1: matchIndex: updateToMax old=2, new=-1, updated? false
2022-08-02 21:05:57,080 [grpc-default-executor-3] DEBUG leader.FollowerInfo (FollowerInfoImpl.java:lambda$new$1(49)) - s0@group-DBBE7E7C6C61->s2: commitIndex: updateToMax old=1, new=1, updated? false
2022-08-02 21:05:57,080 [grpc-default-executor-3] DEBUG leader.FollowerInfo (FollowerInfoImpl.java:lambda$new$1(49)) - s0@group-DBBE7E7C6C61->s2: matchIndex: updateToMax old=2, new=-1, updated? false
2022-08-02 21:05:57,081 [grpc-default-executor-3] DEBUG leader.FollowerInfo (FollowerInfoImpl.java:lambda$new$1(49)) - s0@group-DBBE7E7C6C61->s1: commitIndex: updateToMax old=1, new=1, updated? false
2022-08-02 21:05:57,081 [grpc-default-executor-3] DEBUG leader.FollowerInfo (FollowerInfoImpl.java:lambda$new$1(49)) - s0@group-DBBE7E7C6C61->s1: matchIndex: updateToMax old=2, new=-1, updated? false
2022-08-02 21:05:57,081 [grpc-default-executor-3] DEBUG leader.FollowerInfo (FollowerInfoImpl.java:lambda$new$1(49)) - s0@group-DBBE7E7C6C61->s2: commitIndex: updateToMax old=1, new=1, updated? false
2022-08-02 21:05:57,081 [grpc-default-executor-3] DEBUG leader.FollowerInfo (FollowerInfoImpl.java:lambda$new$1(49)) - s0@group-DBBE7E7C6C61->s2: matchIndex: updateToMax old=2, new=-1, updated? false
2022-08-02 21:05:57,081 [grpc-default-executor-3] DEBUG leader.FollowerInfo (FollowerInfoImpl.java:lambda$new$1(49)) - s0@group-DBBE7E7C6C61->s1: commitIndex: updateToMax old=1, new=1, updated? false
2022-08-02 21:05:57,082 [grpc-default-executor-3] DEBUG leader.FollowerInfo (FollowerInfoImpl.java:lambda$new$1(49)) - s0@group-DBBE7E7C6C61->s1: matchIndex: updateToMax old=2, new=-1, updated? false
2022-08-02 21:05:57,083 [grpc-default-executor-2] DEBUG leader.FollowerInfo (FollowerInfoImpl.java:lambda$new$1(49)) - s0@group-DBBE7E7C6C61->s2: commitIndex: updateToMax old=1, new=1, updated? false
2022-08-02 21:05:57,083 [grpc-default-executor-2] DEBUG leader.FollowerInfo (FollowerInfoImpl.java:lambda$new$1(49)) - s0@group-DBBE7E7C6C61->s2: matchIndex: updateToMax old=2, new=-1, updated? false
2022-08-02 21:05:57,084 [grpc-default-executor-3] DEBUG leader.FollowerInfo (FollowerInfoImpl.java:lambda$new$1(49)) - s0@group-DBBE7E7C6C61->s1: commitIndex: updateToMax old=1, new=1, updated? false
2022-08-02 21:05:57,084 [grpc-default-executor-3] DEBUG leader.FollowerInfo (FollowerInfoImpl.java:lambda$new$1(49)) - s0@group-DBBE7E7C6C61->s1: matchIndex: updateToMax old=2, new=-1, updated? false
2022-08-02 21:05:57,087 [grpc-default-executor-2] DEBUG leader.FollowerInfo (FollowerInfoImpl.java:lambda$new$1(49)) - s0@group-DBBE7E7C6C61->s2: commitIndex: updateToMax old=1, new=1, updated? false
2022-08-02 21:05:57,087 [grpc-default-executor-2] DEBUG leader.FollowerInfo (FollowerInfoImpl.java:lambda$new$1(49)) - s0@group-DBBE7E7C6C61->s2: matchIndex: updateToMax old=2, new=-1, updated? false
2022-08-02 21:05:57,088 [grpc-default-executor-3] DEBUG leader.FollowerInfo (FollowerInfoImpl.java:lambda$new$1(49)) - s0@group-DBBE7E7C6C61->s1: commitIndex: updateToMax old=1, new=1, updated? false
2022-08-02 21:05:57,088 [grpc-default-executor-3] DEBUG leader.FollowerInfo (FollowerInfoImpl.java:lambda$new$1(49)) - s0@group-DBBE7E7C6C61->s1: matchIndex: updateToMax old=2, new=-1, updated? false
2022-08-02 21:05:57,089 [grpc-default-executor-2] DEBUG leader.FollowerInfo (FollowerInfoImpl.java:lambda$new$1(49)) - s0@group-DBBE7E7C6C61->s2: commitIndex: updateToMax old=1, new=1, updated? false
2022-08-02 21:05:57,089 [grpc-default-executor-2] DEBUG leader.FollowerInfo (FollowerInfoImpl.java:lambda$new$1(49)) - s0@group-DBBE7E7C6C61->s2: matchIndex: updateToMax old=2, new=-1, updated? false
2022-08-02 21:05:57,089 [grpc-default-executor-3] DEBUG leader.FollowerInfo (FollowerInfoImpl.java:lambda$new$1(49)) - s0@group-DBBE7E7C6C61->s1: commitIndex: updateToMax old=1, new=1, updated? false
2022-08-02 21:05:57,089 [grpc-default-executor-3] DEBUG leader.FollowerInfo (FollowerInfoImpl.java:lambda$new$1(49)) - s0@group-DBBE7E7C6C61->s1: matchIndex: updateToMax old=2, new=-1, updated? false
2022-08-02 21:05:57,090 [grpc-default-executor-2] DEBUG leader.FollowerInfo (FollowerInfoImpl.java:lambda$new$1(49)) - s0@group-DBBE7E7C6C61->s2: commitIndex: updateToMax old=1, new=1, updated? false
2022-08-02 21:05:57,090 [grpc-default-executor-2] DEBUG leader.FollowerInfo (FollowerInfoImpl.java:lambda$new$1(49)) - s0@group-DBBE7E7C6C61->s2: matchIndex: updateToMax old=2, new=-1, updated? false
2022-08-02 21:05:57,091 [grpc-default-executor-3] DEBUG leader.FollowerInfo (FollowerInfoImpl.java:lambda$new$1(49)) - s0@group-DBBE7E7C6C61->s1: commitIndex: updateToMax old=1, new=1, updated? false
2022-08-02 21:05:57,091 [grpc-default-executor-3] DEBUG leader.FollowerInfo (FollowerInfoImpl.java:lambda$new$1(49)) - s0@group-DBBE7E7C6C61->s1: matchIndex: updateToMax old=2, new=-1, updated? false
2022-08-02 21:05:57,091 [grpc-default-executor-2] DEBUG leader.FollowerInfo (FollowerInfoImpl.java:lambda$new$1(49)) - s0@group-DBBE7E7C6C61->s2: commitIndex: updateToMax old=1, new=1, updated? false
2022-08-02 21:05:57,092 [grpc-default-executor-2] DEBUG leader.FollowerInfo (FollowerInfoImpl.java:lambda$new$1(49)) - s0@group-DBBE7E7C6C61->s2: matchIndex: updateToMax old=2, new=-1, updated? false
2022-08-02 21:05:57,092 [grpc-default-executor-3] DEBUG leader.FollowerInfo (FollowerInfoImpl.java:lambda$new$1(49)) - s0@group-DBBE7E7C6C61->s1: commitIndex: updateToMax old=1, new=1, updated? false
2022-08-02 21:05:57,092 [grpc-default-executor-3] DEBUG leader.FollowerInfo (FollowerInfoImpl.java:lambda$new$1(49)) - s0@group-DBBE7E7C6C61->s1: matchIndex: updateToMax old=2, new=-1, updated? false
2022-08-02 21:05:57,093 [grpc-default-executor-2] DEBUG leader.FollowerInfo (FollowerInfoImpl.java:lambda$new$1(49)) - s0@group-DBBE7E7C6C61->s2: commitIndex: updateToMax old=1, new=1, updated? false
2022-08-02 21:05:57,093 [grpc-default-executor-2] DEBUG leader.FollowerInfo (FollowerInfoImpl.java:lambda$new$1(49)) - s0@group-DBBE7E7C6C61->s2: matchIndex: updateToMax old=2, new=-1, updated? false
2022-08-02 21:05:57,094 [grpc-default-executor-3] DEBUG leader.FollowerInfo (FollowerInfoImpl.java:lambda$new$1(49)) - s0@group-DBBE7E7C6C61->s1: commitIndex: updateToMax old=1, new=1, updated? false
2022-08-02 21:05:57,094 [grpc-default-executor-3] DEBUG leader.FollowerInfo (FollowerInfoImpl.java:lambda$new$1(49)) - s0@group-DBBE7E7C6C61->s1: matchIndex: updateToMax old=2, new=-1, updated? false
2022-08-02 21:05:57,094 [grpc-default-executor-2] DEBUG leader.FollowerInfo (FollowerInfoImpl.java:lambda$new$1(49)) - s0@group-DBBE7E7C6C61->s2: commitIndex: updateToMax old=1, new=1, updated? false
2022-08-02 21:05:57,094 [grpc-default-executor-2] DEBUG leader.FollowerInfo (FollowerInfoImpl.java:lambda$new$1(49)) - s0@group-DBBE7E7C6C61->s2: matchIndex: updateToMax old=2, new=-1, updated? false
2022-08-02 21:05:57,095 [grpc-default-executor-3] DEBUG leader.FollowerInfo (FollowerInfoImpl.java:lambda$new$1(49)) - s0@group-DBBE7E7C6C61->s1: commitIndex: updateToMax old=1, new=1, updated? false
2022-08-02 21:05:57,095 [grpc-default-executor-3] DEBUG leader.FollowerInfo (FollowerInfoImpl.java:lambda$new$1(49)) - s0@group-DBBE7E7C6C61->s1: matchIndex: updateToMax old=2, new=-1, updated? false
2022-08-02 21:05:57,096 [grpc-default-executor-2] DEBUG leader.FollowerInfo (FollowerInfoImpl.java:lambda$new$1(49)) - s0@group-DBBE7E7C6C61->s2: commitIndex: updateToMax old=1, new=1, updated? false
2022-08-02 21:05:57,096 [grpc-default-executor-2] DEBUG leader.FollowerInfo (FollowerInfoImpl.java:lambda$new$1(49)) - s0@group-DBBE7E7C6C61->s2: matchIndex: updateToMax old=2, new=-1, updated? false
2022-08-02 21:05:57,096 [grpc-default-executor-3] DEBUG leader.FollowerInfo (FollowerInfoImpl.java:lambda$new$1(49)) - s0@group-DBBE7E7C6C61->s1: commitIndex: updateToMax old=1, new=1, updated? false
2022-08-02 21:05:57,096 [grpc-default-executor-3] DEBUG leader.FollowerInfo (FollowerInfoImpl.java:lambda$new$1(49)) - s0@group-DBBE7E7C6C61->s1: matchIndex: updateToMax old=2, new=-1, updated? false
2022-08-02 21:05:57,097 [grpc-default-executor-2] DEBUG leader.FollowerInfo (FollowerInfoImpl.java:lambda$new$1(49)) - s0@group-DBBE7E7C6C61->s2: commitIndex: updateToMax old=1, new=1, updated? false
2022-08-02 21:05:57,097 [grpc-default-executor-2] DEBUG leader.FollowerInfo (FollowerInfoImpl.java:lambda$new$1(49)) - s0@group-DBBE7E7C6C61->s2: matchIndex: updateToMax old=2, new=-1, updated? false
2022-08-02 21:05:57,097 [grpc-default-executor-3] DEBUG leader.FollowerInfo (FollowerInfoImpl.java:lambda$new$1(49)) - s0@group-DBBE7E7C6C61->s1: commitIndex: updateToMax old=1, new=1, updated? false
2022-08-02 21:05:57,098 [grpc-default-executor-3] DEBUG leader.FollowerInfo (FollowerInfoImpl.java:lambda$new$1(49)) - s0@group-DBBE7E7C6C61->s1: matchIndex: updateToMax old=2, new=-1, updated? false
2022-08-02 21:05:57,098 [grpc-default-executor-2] DEBUG leader.FollowerInfo (FollowerInfoImpl.java:lambda$new$1(49)) - s0@group-DBBE7E7C6C61->s2: commitIndex: updateToMax old=1, new=1, updated? false
2022-08-02 21:05:57,098 [grpc-default-executor-2] DEBUG leader.FollowerInfo (FollowerInfoImpl.java:lambda$new$1(49)) - s0@group-DBBE7E7C6C61->s2: matchIndex: updateToMax old=2, new=-1, updated? false
2022-08-02 21:05:57,099 [grpc-default-executor-3] DEBUG leader.FollowerInfo (FollowerInfoImpl.java:lambda$new$1(49)) - s0@group-DBBE7E7C6C61->s1: commitIndex: updateToMax old=1, new=1, updated? false
2022-08-02 21:05:57,099 [grpc-default-executor-3] DEBUG leader.FollowerInfo (FollowerInfoImpl.java:lambda$new$1(49)) - s0@group-DBBE7E7C6C61->s1: matchIndex: updateToMax old=2, new=-1, updated? false
2022-08-02 21:05:57,099 [grpc-default-executor-2] DEBUG leader.FollowerInfo (FollowerInfoImpl.java:lambda$new$1(49)) - s0@group-DBBE7E7C6C61->s2: commitIndex: updateToMax old=1, new=1, updated? false
2022-08-02 21:05:57,099 [grpc-default-executor-2] DEBUG leader.FollowerInfo (FollowerInfoImpl.java:lambda$new$1(49)) - s0@group-DBBE7E7C6C61->s2: matchIndex: updateToMax old=2, new=-1, updated? false
2022-08-02 21:05:57,100 [grpc-default-executor-3] DEBUG leader.FollowerInfo (FollowerInfoImpl.java:lambda$new$1(49)) - s0@group-DBBE7E7C6C61->s1: commitIndex: updateToMax old=1, new=1, updated? false
2022-08-02 21:05:57,100 [grpc-default-executor-3] DEBUG leader.FollowerInfo (FollowerInfoImpl.java:lambda$new$1(49)) - s0@group-DBBE7E7C6C61->s1: matchIndex: updateToMax old=2, new=-1, updated? false
2022-08-02 21:05:57,101 [grpc-default-executor-2] DEBUG leader.FollowerInfo (FollowerInfoImpl.java:lambda$new$1(49)) - s0@group-DBBE7E7C6C61->s2: commitIndex: updateToMax old=1, new=1, updated? false
2022-08-02 21:05:57,101 [grpc-default-executor-2] DEBUG leader.FollowerInfo (FollowerInfoImpl.java:lambda$new$1(49)) - s0@group-DBBE7E7C6C61->s2: matchIndex: updateToMax old=2, new=-1, updated? false
2022-08-02 21:05:57,101 [grpc-default-executor-3] DEBUG leader.FollowerInfo (FollowerInfoImpl.java:lambda$new$1(49)) - s0@group-DBBE7E7C6C61->s1: commitIndex: updateToMax old=1, new=1, updated? false
2022-08-02 21:05:57,102 [grpc-default-executor-3] DEBUG leader.FollowerInfo (FollowerInfoImpl.java:lambda$new$1(49)) - s0@group-DBBE7E7C6C61->s1: matchIndex: updateToMax old=2, new=-1, updated? false
2022-08-02 21:05:57,102 [grpc-default-executor-2] DEBUG leader.FollowerInfo (FollowerInfoImpl.java:lambda$new$1(49)) - s0@group-DBBE7E7C6C61->s2: commitIndex: updateToMax old=1, new=1, updated? false
2022-08-02 21:05:57,102 [grpc-default-executor-2] DEBUG leader.FollowerInfo (FollowerInfoImpl.java:lambda$new$1(49)) - s0@group-DBBE7E7C6C61->s2: matchIndex: updateToMax old=2, new=-1, updated? false
2022-08-02 21:05:57,103 [grpc-default-executor-3] DEBUG leader.FollowerInfo (FollowerInfoImpl.java:lambda$new$1(49)) - s0@group-DBBE7E7C6C61->s1: commitIndex: updateToMax old=1, new=1, updated? false
2022-08-02 21:05:57,103 [grpc-default-executor-3] DEBUG leader.FollowerInfo (FollowerInfoImpl.java:lambda$new$1(49)) - s0@group-DBBE7E7C6C61->s1: matchIndex: updateToMax old=2, new=-1, updated? false
2022-08-02 21:05:57,104 [grpc-default-executor-2] DEBUG leader.FollowerInfo (FollowerInfoImpl.java:lambda$new$1(49)) - s0@group-DBBE7E7C6C61->s2: commitIndex: updateToMax old=1, new=1, updated? false
2022-08-02 21:05:57,104 [grpc-default-executor-2] DEBUG leader.FollowerInfo (FollowerInfoImpl.java:lambda$new$1(49)) - s0@group-DBBE7E7C6C61->s2: matchIndex: updateToMax old=2, new=-1, updated? false
2022-08-02 21:05:57,104 [grpc-default-executor-3] DEBUG leader.FollowerInfo (FollowerInfoImpl.java:lambda$new$1(49)) - s0@group-DBBE7E7C6C61->s1: commitIndex: updateToMax old=1, new=1, updated? false
2022-08-02 21:05:57,104 [grpc-default-executor-3] DEBUG leader.FollowerInfo (FollowerInfoImpl.java:lambda$new$1(49)) - s0@group-DBBE7E7C6C61->s1: matchIndex: updateToMax old=2, new=-1, updated? false
2022-08-02 21:05:57,105 [grpc-default-executor-2] DEBUG leader.FollowerInfo (FollowerInfoImpl.java:lambda$new$1(49)) - s0@group-DBBE7E7C6C61->s2: commitIndex: updateToMax old=1, new=1, updated? false
2022-08-02 21:05:57,105 [grpc-default-executor-2] DEBUG leader.FollowerInfo (FollowerInfoImpl.java:lambda$new$1(49)) - s0@group-DBBE7E7C6C61->s2: matchIndex: updateToMax old=2, new=-1, updated? false
2022-08-02 21:05:57,106 [grpc-default-executor-3] DEBUG leader.FollowerInfo (FollowerInfoImpl.java:lambda$new$1(49)) - s0@group-DBBE7E7C6C61->s1: commitIndex: updateToMax old=1, new=1, updated? false
2022-08-02 21:05:57,106 [grpc-default-executor-3] DEBUG leader.FollowerInfo (FollowerInfoImpl.java:lambda$new$1(49)) - s0@group-DBBE7E7C6C61->s1: matchIndex: updateToMax old=2, new=-1, updated? false
2022-08-02 21:05:57,106 [grpc-default-executor-2] DEBUG leader.FollowerInfo (FollowerInfoImpl.java:lambda$new$1(49)) - s0@group-DBBE7E7C6C61->s2: commitIndex: updateToMax old=1, new=1, updated? false
2022-08-02 21:05:57,106 [grpc-default-executor-2] DEBUG leader.FollowerInfo (FollowerInfoImpl.java:lambda$new$1(49)) - s0@group-DBBE7E7C6C61->s2: matchIndex: updateToMax old=2, new=-1, updated? false
2022-08-02 21:05:57,107 [grpc-default-executor-3] DEBUG leader.FollowerInfo (FollowerInfoImpl.java:lambda$new$1(49)) - s0@group-DBBE7E7C6C61->s1: commitIndex: updateToMax old=1, new=1, updated? false
2022-08-02 21:05:57,107 [grpc-default-executor-3] DEBUG leader.FollowerInfo (FollowerInfoImpl.java:lambda$new$1(49)) - s0@group-DBBE7E7C6C61->s1: matchIndex: updateToMax old=2, new=-1, updated? false
2022-08-02 21:05:57,108 [grpc-default-executor-2] DEBUG leader.FollowerInfo (FollowerInfoImpl.java:lambda$new$1(49)) - s0@group-DBBE7E7C6C61->s2: commitIndex: updateToMax old=1, new=1, updated? false
2022-08-02 21:05:57,108 [grpc-default-executor-2] DEBUG leader.FollowerInfo (FollowerInfoImpl.java:lambda$new$1(49)) - s0@group-DBBE7E7C6C61->s2: matchIndex: updateToMax old=2, new=-1, updated? false
2022-08-02 21:05:57,109 [grpc-default-executor-3] DEBUG leader.FollowerInfo (FollowerInfoImpl.java:lambda$new$1(49)) - s0@group-DBBE7E7C6C61->s1: commitIndex: updateToMax old=1, new=1, updated? false
2022-08-02 21:05:57,109 [grpc-default-executor-3] DEBUG leader.FollowerInfo (FollowerInfoImpl.java:lambda$new$1(49)) - s0@group-DBBE7E7C6C61->s1: matchIndex: updateToMax old=2, new=-1, updated? false
2022-08-02 21:05:57,109 [grpc-default-executor-2] DEBUG leader.FollowerInfo (FollowerInfoImpl.java:lambda$new$1(49)) - s0@group-DBBE7E7C6C61->s2: commitIndex: updateToMax old=1, new=1, updated? false
2022-08-02 21:05:57,109 [grpc-default-executor-2] DEBUG leader.FollowerInfo (FollowerInfoImpl.java:lambda$new$1(49)) - s0@group-DBBE7E7C6C61->s2: matchIndex: updateToMax old=2, new=-1, updated? false
2022-08-02 21:05:57,110 [grpc-default-executor-3] DEBUG leader.FollowerInfo (FollowerInfoImpl.java:lambda$new$1(49)) - s0@group-DBBE7E7C6C61->s1: commitIndex: updateToMax old=1, new=1, updated? false
2022-08-02 21:05:57,110 [grpc-default-executor-3] DEBUG leader.FollowerInfo (FollowerInfoImpl.java:lambda$new$1(49)) - s0@group-DBBE7E7C6C61->s1: matchIndex: updateToMax old=2, new=-1, updated? false
2022-08-02 21:05:57,111 [grpc-default-executor-2] DEBUG leader.FollowerInfo (FollowerInfoImpl.java:lambda$new$1(49)) - s0@group-DBBE7E7C6C61->s2: commitIndex: updateToMax old=1, new=1, updated? false
2022-08-02 21:05:57,111 [grpc-default-executor-2] DEBUG leader.FollowerInfo (FollowerInfoImpl.java:lambda$new$1(49)) - s0@group-DBBE7E7C6C61->s2: matchIndex: updateToMax old=2, new=-1, updated? false
2022-08-02 21:05:57,111 [grpc-default-executor-3] DEBUG leader.FollowerInfo (FollowerInfoImpl.java:lambda$new$1(49)) - s0@group-DBBE7E7C6C61->s1: commitIndex: updateToMax old=1, new=1, updated? false
2022-08-02 21:05:57,111 [grpc-default-executor-3] DEBUG leader.FollowerInfo (FollowerInfoImpl.java:lambda$new$1(49)) - s0@group-DBBE7E7C6C61->s1: matchIndex: updateToMax old=2, new=-1, updated? false
2022-08-02 21:05:57,112 [grpc-default-executor-2] DEBUG leader.FollowerInfo (FollowerInfoImpl.java:lambda$new$1(49)) - s0@group-DBBE7E7C6C61->s2: commitIndex: updateToMax old=1, new=1, updated? false
2022-08-02 21:05:57,112 [grpc-default-executor-2] DEBUG leader.FollowerInfo (FollowerInfoImpl.java:lambda$new$1(49)) - s0@group-DBBE7E7C6C61->s2: matchIndex: updateToMax old=2, new=-1, updated? false
2022-08-02 21:05:57,113 [grpc-default-executor-3] DEBUG leader.FollowerInfo (FollowerInfoImpl.java:lambda$new$1(49)) - s0@group-DBBE7E7C6C61->s1: commitIndex: updateToMax old=1, new=1, updated? false
2022-08-02 21:05:57,113 [grpc-default-executor-3] DEBUG leader.FollowerInfo (FollowerInfoImpl.java:lambda$new$1(49)) - s0@group-DBBE7E7C6C61->s1: matchIndex: updateToMax old=2, new=-1, updated? false
2022-08-02 21:05:57,113 [grpc-default-executor-2] DEBUG leader.FollowerInfo (FollowerInfoImpl.java:lambda$new$1(49)) - s0@group-DBBE7E7C6C61->s2: commitIndex: updateToMax old=1, new=1, updated? false
2022-08-02 21:05:57,113 [grpc-default-executor-2] DEBUG leader.FollowerInfo (FollowerInfoImpl.java:lambda$new$1(49)) - s0@group-DBBE7E7C6C61->s2: matchIndex: updateToMax old=2, new=-1, updated? false
2022-08-02 21:05:57,114 [grpc-default-executor-3] DEBUG leader.FollowerInfo (FollowerInfoImpl.java:lambda$new$1(49)) - s0@group-DBBE7E7C6C61->s1: commitIndex: updateToMax old=1, new=1, updated? false
2022-08-02 21:05:57,114 [grpc-default-executor-3] DEBUG leader.FollowerInfo (FollowerInfoImpl.java:lambda$new$1(49)) - s0@group-DBBE7E7C6C61->s1: matchIndex: updateToMax old=2, new=-1, updated? false
2022-08-02 21:05:57,115 [grpc-default-executor-2] DEBUG leader.FollowerInfo (FollowerInfoImpl.java:lambda$new$1(49)) - s0@group-DBBE7E7C6C61->s2: commitIndex: updateToMax old=1, new=1, updated? false
2022-08-02 21:05:57,115 [grpc-default-executor-2] DEBUG leader.FollowerInfo (FollowerInfoImpl.java:lambda$new$1(49)) - s0@group-DBBE7E7C6C61->s2: matchIndex: updateToMax old=2, new=-1, updated? false
2022-08-02 21:05:57,115 [grpc-default-executor-3] DEBUG leader.FollowerInfo (FollowerInfoImpl.java:lambda$new$1(49)) - s0@group-DBBE7E7C6C61->s1: commitIndex: updateToMax old=1, new=1, updated? false
2022-08-02 21:05:57,115 [grpc-default-executor-3] DEBUG leader.FollowerInfo (FollowerInfoImpl.java:lambda$new$1(49)) - s0@group-DBBE7E7C6C61->s1: matchIndex: updateToMax old=2, new=-1, updated? false
2022-08-02 21:05:57,116 [grpc-default-executor-2] DEBUG leader.FollowerInfo (FollowerInfoImpl.java:lambda$new$1(49)) - s0@group-DBBE7E7C6C61->s2: commitIndex: updateToMax old=1, new=1, updated? false
2022-08-02 21:05:57,116 [grpc-default-executor-2] DEBUG leader.FollowerInfo (FollowerInfoImpl.java:lambda$new$1(49)) - s0@group-DBBE7E7C6C61->s2: matchIndex: updateToMax old=2, new=-1, updated? false
2022-08-02 21:05:57,117 [grpc-default-executor-3] DEBUG leader.FollowerInfo (FollowerInfoImpl.java:lambda$new$1(49)) - s0@group-DBBE7E7C6C61->s1: commitIndex: updateToMax old=1, new=1, updated? false
2022-08-02 21:05:57,117 [grpc-default-executor-3] DEBUG leader.FollowerInfo (FollowerInfoImpl.java:lambda$new$1(49)) - s0@group-DBBE7E7C6C61->s1: matchIndex: updateToMax old=2, new=-1, updated? false
2022-08-02 21:05:57,117 [grpc-default-executor-2] DEBUG leader.FollowerInfo (FollowerInfoImpl.java:lambda$new$1(49)) - s0@group-DBBE7E7C6C61->s2: commitIndex: updateToMax old=1, new=1, updated? false
2022-08-02 21:05:57,117 [grpc-default-executor-2] DEBUG leader.FollowerInfo (FollowerInfoImpl.java:lambda$new$1(49)) - s0@group-DBBE7E7C6C61->s2: matchIndex: updateToMax old=2, new=-1, updated? false
2022-08-02 21:05:57,118 [grpc-default-executor-3] DEBUG leader.FollowerInfo (FollowerInfoImpl.java:lambda$new$1(49)) - s0@group-DBBE7E7C6C61->s1: commitIndex: updateToMax old=1, new=1, updated? false
2022-08-02 21:05:57,118 [grpc-default-executor-3] DEBUG leader.FollowerInfo (FollowerInfoImpl.java:lambda$new$1(49)) - s0@group-DBBE7E7C6C61->s1: matchIndex: updateToMax old=2, new=-1, updated? false
2022-08-02 21:05:57,119 [grpc-default-executor-2] DEBUG leader.FollowerInfo (FollowerInfoImpl.java:lambda$new$1(49)) - s0@group-DBBE7E7C6C61->s2: commitIndex: updateToMax old=1, new=1, updated? false
2022-08-02 21:05:57,119 [grpc-default-executor-2] DEBUG leader.FollowerInfo (FollowerInfoImpl.java:lambda$new$1(49)) - s0@group-DBBE7E7C6C61->s2: matchIndex: updateToMax old=2, new=-1, updated? false
2022-08-02 21:05:57,119 [grpc-default-executor-3] DEBUG leader.FollowerInfo (FollowerInfoImpl.java:lambda$new$1(49)) - s0@group-DBBE7E7C6C61->s1: commitIndex: updateToMax old=1, new=1, updated? false
2022-08-02 21:05:57,119 [grpc-default-executor-3] DEBUG leader.FollowerInfo (FollowerInfoImpl.java:lambda$new$1(49)) - s0@group-DBBE7E7C6C61->s1: matchIndex: updateToMax old=2, new=-1, updated? false
2022-08-02 21:05:57,120 [grpc-default-executor-2] DEBUG leader.FollowerInfo (FollowerInfoImpl.java:lambda$new$1(49)) - s0@group-DBBE7E7C6C61->s2: commitIndex: updateToMax old=1, new=1, updated? false
2022-08-02 21:05:57,120 [grpc-default-executor-2] DEBUG leader.FollowerInfo (FollowerInfoImpl.java:lambda$new$1(49)) - s0@group-DBBE7E7C6C61->s2: matchIndex: updateToMax old=2, new=-1, updated? false
2022-08-02 21:05:57,121 [grpc-default-executor-3] DEBUG leader.FollowerInfo (FollowerInfoImpl.java:lambda$new$1(49)) - s0@group-DBBE7E7C6C61->s1: commitIndex: updateToMax old=1, new=1, updated? false
2022-08-02 21:05:57,121 [grpc-default-executor-3] DEBUG leader.FollowerInfo (FollowerInfoImpl.java:lambda$new$1(49)) - s0@group-DBBE7E7C6C61->s1: matchIndex: updateToMax old=2, new=-1, updated? false
2022-08-02 21:05:57,121 [grpc-default-executor-2] DEBUG leader.FollowerInfo (FollowerInfoImpl.java:lambda$new$1(49)) - s0@group-DBBE7E7C6C61->s2: commitIndex: updateToMax old=1, new=1, updated? false
2022-08-02 21:05:57,121 [grpc-default-executor-2] DEBUG leader.FollowerInfo (FollowerInfoImpl.java:lambda$new$1(49)) - s0@group-DBBE7E7C6C61->s2: matchIndex: updateToMax old=2, new=-1, updated? false
2022-08-02 21:05:57,122 [grpc-default-executor-3] DEBUG leader.FollowerInfo (FollowerInfoImpl.java:lambda$new$1(49)) - s0@group-DBBE7E7C6C61->s1: commitIndex: updateToMax old=1, new=1, updated? false
2022-08-02 21:05:57,122 [grpc-default-executor-3] DEBUG leader.FollowerInfo (FollowerInfoImpl.java:lambda$new$1(49)) - s0@group-DBBE7E7C6C61->s1: matchIndex: updateToMax old=2, new=-1, updated? false
2022-08-02 21:05:57,123 [grpc-default-executor-2] DEBUG leader.FollowerInfo (FollowerInfoImpl.java:lambda$new$1(49)) - s0@group-DBBE7E7C6C61->s2: commitIndex: updateToMax old=1, new=1, updated? false
2022-08-02 21:05:57,123 [grpc-default-executor-2] DEBUG leader.FollowerInfo (FollowerInfoImpl.java:lambda$new$1(49)) - s0@group-DBBE7E7C6C61->s2: matchIndex: updateToMax old=2, new=-1, updated? false
2022-08-02 21:05:57,123 [grpc-default-executor-3] DEBUG leader.FollowerInfo (FollowerInfoImpl.java:lambda$new$1(49)) - s0@group-DBBE7E7C6C61->s1: commitIndex: updateToMax old=1, new=1, updated? false
2022-08-02 21:05:57,123 [grpc-default-executor-3] DEBUG leader.FollowerInfo (FollowerInfoImpl.java:lambda$new$1(49)) - s0@group-DBBE7E7C6C61->s1: matchIndex: updateToMax old=2, new=-1, updated? false
2022-08-02 21:05:57,124 [grpc-default-executor-2] DEBUG leader.FollowerInfo (FollowerInfoImpl.java:lambda$new$1(49)) - s0@group-DBBE7E7C6C61->s2: commitIndex: updateToMax old=1, new=1, updated? false
2022-08-02 21:05:57,124 [grpc-default-executor-2] DEBUG leader.FollowerInfo (FollowerInfoImpl.java:lambda$new$1(49)) - s0@group-DBBE7E7C6C61->s2: matchIndex: updateToMax old=2, new=-1, updated? false
2022-08-02 21:05:57,125 [grpc-default-executor-3] DEBUG leader.FollowerInfo (FollowerInfoImpl.java:lambda$new$1(49)) - s0@group-DBBE7E7C6C61->s1: commitIndex: updateToMax old=1, new=1, updated? false
2022-08-02 21:05:57,125 [grpc-default-executor-3] DEBUG leader.FollowerInfo (FollowerInfoImpl.java:lambda$new$1(49)) - s0@group-DBBE7E7C6C61->s1: matchIndex: updateToMax old=2, new=-1, updated? false
2022-08-02 21:05:57,125 [grpc-default-executor-2] DEBUG leader.FollowerInfo (FollowerInfoImpl.java:lambda$new$1(49)) - s0@group-DBBE7E7C6C61->s2: commitIndex: updateToMax old=1, new=1, updated? false
2022-08-02 21:05:57,125 [grpc-default-executor-2] DEBUG leader.FollowerInfo (FollowerInfoImpl.java:lambda$new$1(49)) - s0@group-DBBE7E7C6C61->s2: matchIndex: updateToMax old=2, new=-1, updated? false
2022-08-02 21:05:57,126 [grpc-default-executor-3] DEBUG leader.FollowerInfo (FollowerInfoImpl.java:lambda$new$1(49)) - s0@group-DBBE7E7C6C61->s1: commitIndex: updateToMax old=1, new=1, updated? false
2022-08-02 21:05:57,126 [grpc-default-executor-3] DEBUG leader.FollowerInfo (FollowerInfoImpl.java:lambda$new$1(49)) - s0@group-DBBE7E7C6C61->s1: matchIndex: updateToMax old=2, new=-1, updated? false
2022-08-02 21:05:57,127 [grpc-default-executor-2] DEBUG leader.FollowerInfo (FollowerInfoImpl.java:lambda$new$1(49)) - s0@group-DBBE7E7C6C61->s2: commitIndex: updateToMax old=1, new=1, updated? false
2022-08-02 21:05:57,127 [grpc-default-executor-2] DEBUG leader.FollowerInfo (FollowerInfoImpl.java:lambda$new$1(49)) - s0@group-DBBE7E7C6C61->s2: matchIndex: updateToMax old=2, new=-1, updated? false
2022-08-02 21:05:57,127 [grpc-default-executor-3] DEBUG leader.FollowerInfo (FollowerInfoImpl.java:lambda$new$1(49)) - s0@group-DBBE7E7C6C61->s1: commitIndex: updateToMax old=1, new=1, updated? false
2022-08-02 21:05:57,127 [grpc-default-executor-3] DEBUG leader.FollowerInfo (FollowerInfoImpl.java:lambda$new$1(49)) - s0@group-DBBE7E7C6C61->s1: matchIndex: updateToMax old=2, new=-1, updated? false
2022-08-02 21:05:57,128 [grpc-default-executor-2] DEBUG leader.FollowerInfo (FollowerInfoImpl.java:lambda$new$1(49)) - s0@group-DBBE7E7C6C61->s2: commitIndex: updateToMax old=1, new=1, updated? false
2022-08-02 21:05:57,128 [grpc-default-executor-2] DEBUG leader.FollowerInfo (FollowerInfoImpl.java:lambda$new$1(49)) - s0@group-DBBE7E7C6C61->s2: matchIndex: updateToMax old=2, new=-1, updated? false
2022-08-02 21:05:57,129 [grpc-default-executor-3] DEBUG leader.FollowerInfo (FollowerInfoImpl.java:lambda$new$1(49)) - s0@group-DBBE7E7C6C61->s1: commitIndex: updateToMax old=1, new=1, updated? false
2022-08-02 21:05:57,129 [grpc-default-executor-3] DEBUG leader.FollowerInfo (FollowerInfoImpl.java:lambda$new$1(49)) - s0@group-DBBE7E7C6C61->s1: matchIndex: updateToMax old=2, new=-1, updated? false
2022-08-02 21:05:57,129 [grpc-default-executor-2] DEBUG leader.FollowerInfo (FollowerInfoImpl.java:lambda$new$1(49)) - s0@group-DBBE7E7C6C61->s2: commitIndex: updateToMax old=1, new=1, updated? false
2022-08-02 21:05:57,130 [grpc-default-executor-2] DEBUG leader.FollowerInfo (FollowerInfoImpl.java:lambda$new$1(49)) - s0@group-DBBE7E7C6C61->s2: matchIndex: updateToMax old=2, new=-1, updated? false
2022-08-02 21:05:57,130 [grpc-default-executor-3] DEBUG leader.FollowerInfo (FollowerInfoImpl.java:lambda$new$1(49)) - s0@group-DBBE7E7C6C61->s1: commitIndex: updateToMax old=1, new=1, updated? false
2022-08-02 21:05:57,130 [grpc-default-executor-3] DEBUG leader.FollowerInfo (FollowerInfoImpl.java:lambda$new$1(49)) - s0@group-DBBE7E7C6C61->s1: matchIndex: updateToMax old=2, new=-1, updated? false
2022-08-02 21:05:57,131 [grpc-default-executor-2] DEBUG leader.FollowerInfo (FollowerInfoImpl.java:lambda$new$1(49)) - s0@group-DBBE7E7C6C61->s2: commitIndex: updateToMax old=1, new=1, updated? false
2022-08-02 21:05:57,131 [grpc-default-executor-2] DEBUG leader.FollowerInfo (FollowerInfoImpl.java:lambda$new$1(49)) - s0@group-DBBE7E7C6C61->s2: matchIndex: updateToMax old=2, new=-1, updated? false
2022-08-02 21:05:57,132 [grpc-default-executor-3] DEBUG leader.FollowerInfo (FollowerInfoImpl.java:lambda$new$1(49)) - s0@group-DBBE7E7C6C61->s1: commitIndex: updateToMax old=1, new=1, updated? false
2022-08-02 21:05:57,132 [grpc-default-executor-3] DEBUG leader.FollowerInfo (FollowerInfoImpl.java:lambda$new$1(49)) - s0@group-DBBE7E7C6C61->s1: matchIndex: updateToMax old=2, new=-1, updated? false
2022-08-02 21:05:57,132 [grpc-default-executor-2] DEBUG leader.FollowerInfo (FollowerInfoImpl.java:lambda$new$1(49)) - s0@group-DBBE7E7C6C61->s2: commitIndex: updateToMax old=1, new=1, updated? false
2022-08-02 21:05:57,132 [grpc-default-executor-2] DEBUG leader.FollowerInfo (FollowerInfoImpl.java:lambda$new$1(49)) - s0@group-DBBE7E7C6C61->s2: matchIndex: updateToMax old=2, new=-1, updated? false
2022-08-02 21:05:57,133 [grpc-default-executor-3] DEBUG leader.FollowerInfo (FollowerInfoImpl.java:lambda$new$1(49)) - s0@group-DBBE7E7C6C61->s1: commitIndex: updateToMax old=1, new=1, updated? false
2022-08-02 21:05:57,133 [grpc-default-executor-3] DEBUG leader.FollowerInfo (FollowerInfoImpl.java:lambda$new$1(49)) - s0@group-DBBE7E7C6C61->s1: matchIndex: updateToMax old=2, new=-1, updated? false
2022-08-02 21:05:57,134 [grpc-default-executor-2] DEBUG leader.FollowerInfo (FollowerInfoImpl.java:lambda$new$1(49)) - s0@group-DBBE7E7C6C61->s2: commitIndex: updateToMax old=1, new=1, updated? false
2022-08-02 21:05:57,134 [grpc-default-executor-2] DEBUG leader.FollowerInfo (FollowerInfoImpl.java:lambda$new$1(49)) - s0@group-DBBE7E7C6C61->s2: matchIndex: updateToMax old=2, new=-1, updated? false
2022-08-02 21:05:57,134 [grpc-default-executor-3] DEBUG leader.FollowerInfo (FollowerInfoImpl.java:lambda$new$1(49)) - s0@group-DBBE7E7C6C61->s1: commitIndex: updateToMax old=1, new=1, updated? false
2022-08-02 21:05:57,134 [grpc-default-executor-3] DEBUG leader.FollowerInfo (FollowerInfoImpl.java:lambda$new$1(49)) - s0@group-DBBE7E7C6C61->s1: matchIndex: updateToMax old=2, new=-1, updated? false
2022-08-02 21:05:57,135 [grpc-default-executor-2] DEBUG leader.FollowerInfo (FollowerInfoImpl.java:lambda$new$1(49)) - s0@group-DBBE7E7C6C61->s2: commitIndex: updateToMax old=1, new=1, updated? false
2022-08-02 21:05:57,135 [grpc-default-executor-2] DEBUG leader.FollowerInfo (FollowerInfoImpl.java:lambda$new$1(49)) - s0@group-DBBE7E7C6C61->s2: matchIndex: updateToMax old=2, new=-1, updated? false
2022-08-02 21:05:57,136 [grpc-default-executor-3] DEBUG leader.FollowerInfo (FollowerInfoImpl.java:lambda$new$1(49)) - s0@group-DBBE7E7C6C61->s1: commitIndex: updateToMax old=1, new=1, updated? false
2022-08-02 21:05:57,136 [grpc-default-executor-3] DEBUG leader.FollowerInfo (FollowerInfoImpl.java:lambda$new$1(49)) - s0@group-DBBE7E7C6C61->s1: matchIndex: updateToMax old=2, new=-1, updated? false
2022-08-02 21:05:57,136 [grpc-default-executor-2] DEBUG leader.FollowerInfo (FollowerInfoImpl.java:lambda$new$1(49)) - s0@group-DBBE7E7C6C61->s2: commitIndex: updateToMax old=1, new=1, updated? false
2022-08-02 21:05:57,136 [grpc-default-executor-2] DEBUG leader.FollowerInfo (FollowerInfoImpl.java:lambda$new$1(49)) - s0@group-DBBE7E7C6C61->s2: matchIndex: updateToMax old=2, new=-1, updated? false
2022-08-02 21:05:57,137 [grpc-default-executor-3] DEBUG leader.FollowerInfo (FollowerInfoImpl.java:lambda$new$1(49)) - s0@group-DBBE7E7C6C61->s1: commitIndex: updateToMax old=1, new=1, updated? false
2022-08-02 21:05:57,137 [grpc-default-executor-3] DEBUG leader.FollowerInfo (FollowerInfoImpl.java:lambda$new$1(49)) - s0@group-DBBE7E7C6C61->s1: matchIndex: updateToMax old=2, new=-1, updated? false
2022-08-02 21:05:57,138 [grpc-default-executor-2] DEBUG leader.FollowerInfo (FollowerInfoImpl.java:lambda$new$1(49)) - s0@group-DBBE7E7C6C61->s2: commitIndex: updateToMax old=1, new=1, updated? false
2022-08-02 21:05:57,138 [grpc-default-executor-2] DEBUG leader.FollowerInfo (FollowerInfoImpl.java:lambda$new$1(49)) - s0@group-DBBE7E7C6C61->s2: matchIndex: updateToMax old=2, new=-1, updated? false
2022-08-02 21:05:57,138 [grpc-default-executor-3] DEBUG leader.FollowerInfo (FollowerInfoImpl.java:lambda$new$1(49)) - s0@group-DBBE7E7C6C61->s1: commitIndex: updateToMax old=1, new=1, updated? false
2022-08-02 21:05:57,138 [grpc-default-executor-3] DEBUG leader.FollowerInfo (FollowerInfoImpl.java:lambda$new$1(49)) - s0@group-DBBE7E7C6C61->s1: matchIndex: updateToMax old=2, new=-1, updated? false
2022-08-02 21:05:57,139 [grpc-default-executor-2] DEBUG leader.FollowerInfo (FollowerInfoImpl.java:lambda$new$1(49)) - s0@group-DBBE7E7C6C61->s2: commitIndex: updateToMax old=1, new=1, updated? false
2022-08-02 21:05:57,139 [grpc-default-executor-2] DEBUG leader.FollowerInfo (FollowerInfoImpl.java:lambda$new$1(49)) - s0@group-DBBE7E7C6C61->s2: matchIndex: updateToMax old=2, new=-1, updated? false
2022-08-02 21:05:57,140 [grpc-default-executor-3] DEBUG leader.FollowerInfo (FollowerInfoImpl.java:lambda$new$1(49)) - s0@group-DBBE7E7C6C61->s1: commitIndex: updateToMax old=1, new=1, updated? false
2022-08-02 21:05:57,140 [grpc-default-executor-3] DEBUG leader.FollowerInfo (FollowerInfoImpl.java:lambda$new$1(49)) - s0@group-DBBE7E7C6C61->s1: matchIndex: updateToMax old=2, new=-1, updated? false
2022-08-02 21:05:57,141 [grpc-default-executor-2] DEBUG leader.FollowerInfo (FollowerInfoImpl.java:lambda$new$1(49)) - s0@group-DBBE7E7C6C61->s2: commitIndex: updateToMax old=1, new=1, updated? false
2022-08-02 21:05:57,141 [grpc-default-executor-2] DEBUG leader.FollowerInfo (FollowerInfoImpl.java:lambda$new$1(49)) - s0@group-DBBE7E7C6C61->s2: matchIndex: updateToMax old=2, new=-1, updated? false
2022-08-02 21:05:57,141 [grpc-default-executor-3] DEBUG leader.FollowerInfo (FollowerInfoImpl.java:lambda$new$1(49)) - s0@group-DBBE7E7C6C61->s1: commitIndex: updateToMax old=1, new=1, updated? false
2022-08-02 21:05:57,141 [grpc-default-executor-3] DEBUG leader.FollowerInfo (FollowerInfoImpl.java:lambda$new$1(49)) - s0@group-DBBE7E7C6C61->s1: matchIndex: updateToMax old=2, new=-1, updated? false
2022-08-02 21:05:57,142 [grpc-default-executor-2] DEBUG leader.FollowerInfo (FollowerInfoImpl.java:lambda$new$1(49)) - s0@group-DBBE7E7C6C61->s2: commitIndex: updateToMax old=1, new=1, updated? false
2022-08-02 21:05:57,142 [grpc-default-executor-2] DEBUG leader.FollowerInfo (FollowerInfoImpl.java:lambda$new$1(49)) - s0@group-DBBE7E7C6C61->s2: matchIndex: updateToMax old=2, new=-1, updated? false
2022-08-02 21:05:57,143 [grpc-default-executor-3] DEBUG leader.FollowerInfo (FollowerInfoImpl.java:lambda$new$1(49)) - s0@group-DBBE7E7C6C61->s1: commitIndex: updateToMax old=1, new=1, updated? false
2022-08-02 21:05:57,143 [grpc-default-executor-3] DEBUG leader.FollowerInfo (FollowerInfoImpl.java:lambda$new$1(49)) - s0@group-DBBE7E7C6C61->s1: matchIndex: updateToMax old=2, new=-1, updated? false
2022-08-02 21:05:57,143 [grpc-default-executor-2] DEBUG leader.FollowerInfo (FollowerInfoImpl.java:lambda$new$1(49)) - s0@group-DBBE7E7C6C61->s2: commitIndex: updateToMax old=1, new=1, updated? false
2022-08-02 21:05:57,143 [grpc-default-executor-2] DEBUG leader.FollowerInfo (FollowerInfoImpl.java:lambda$new$1(49)) - s0@group-DBBE7E7C6C61->s2: matchIndex: updateToMax old=2, new=-1, updated? false
2022-08-02 21:05:57,144 [grpc-default-executor-3] DEBUG leader.FollowerInfo (FollowerInfoImpl.java:lambda$new$1(49)) - s0@group-DBBE7E7C6C61->s1: commitIndex: updateToMax old=1, new=1, updated? false
2022-08-02 21:05:57,144 [grpc-default-executor-3] DEBUG leader.FollowerInfo (FollowerInfoImpl.java:lambda$new$1(49)) - s0@group-DBBE7E7C6C61->s1: matchIndex: updateToMax old=2, new=-1, updated? false
2022-08-02 21:05:57,145 [grpc-default-executor-2] DEBUG leader.FollowerInfo (FollowerInfoImpl.java:lambda$new$1(49)) - s0@group-DBBE7E7C6C61->s2: commitIndex: updateToMax old=1, new=1, updated? false
2022-08-02 21:05:57,145 [grpc-default-executor-2] DEBUG leader.FollowerInfo (FollowerInfoImpl.java:lambda$new$1(49)) - s0@group-DBBE7E7C6C61->s2: matchIndex: updateToMax old=2, new=-1, updated? false
2022-08-02 21:05:57,145 [grpc-default-executor-3] DEBUG leader.FollowerInfo (FollowerInfoImpl.java:lambda$new$1(49)) - s0@group-DBBE7E7C6C61->s1: commitIndex: updateToMax old=1, new=1, updated? false
2022-08-02 21:05:57,145 [grpc-default-executor-3] DEBUG leader.FollowerInfo (FollowerInfoImpl.java:lambda$new$1(49)) - s0@group-DBBE7E7C6C61->s1: matchIndex: updateToMax old=2, new=-1, updated? false
2022-08-02 21:05:57,146 [grpc-default-executor-2] DEBUG leader.FollowerInfo (FollowerInfoImpl.java:lambda$new$1(49)) - s0@group-DBBE7E7C6C61->s2: commitIndex: updateToMax old=1, new=1, updated? false
2022-08-02 21:05:57,146 [grpc-default-executor-2] DEBUG leader.FollowerInfo (FollowerInfoImpl.java:lambda$new$1(49)) - s0@group-DBBE7E7C6C61->s2: matchIndex: updateToMax old=2, new=-1, updated? false
2022-08-02 21:05:57,147 [grpc-default-executor-3] DEBUG leader.FollowerInfo (FollowerInfoImpl.java:lambda$new$1(49)) - s0@group-DBBE7E7C6C61->s1: commitIndex: updateToMax old=1, new=1, updated? false
2022-08-02 21:05:57,147 [grpc-default-executor-3] DEBUG leader.FollowerInfo (FollowerInfoImpl.java:lambda$new$1(49)) - s0@group-DBBE7E7C6C61->s1: matchIndex: updateToMax old=2, new=-1, updated? false
2022-08-02 21:05:57,147 [grpc-default-executor-2] DEBUG leader.FollowerInfo (FollowerInfoImpl.java:lambda$new$1(49)) - s0@group-DBBE7E7C6C61->s2: commitIndex: updateToMax old=1, new=1, updated? false
2022-08-02 21:05:57,147 [grpc-default-executor-2] DEBUG leader.FollowerInfo (FollowerInfoImpl.java:lambda$new$1(49)) - s0@group-DBBE7E7C6C61->s2: matchIndex: updateToMax old=2, new=-1, updated? false
2022-08-02 21:05:57,148 [grpc-default-executor-3] DEBUG leader.FollowerInfo (FollowerInfoImpl.java:lambda$new$1(49)) - s0@group-DBBE7E7C6C61->s1: commitIndex: updateToMax old=1, new=1, updated? false
2022-08-02 21:05:57,148 [grpc-default-executor-3] DEBUG leader.FollowerInfo (FollowerInfoImpl.java:lambda$new$1(49)) - s0@group-DBBE7E7C6C61->s1: matchIndex: updateToMax old=2, new=-1, updated? false
2022-08-02 21:05:57,149 [grpc-default-executor-2] DEBUG leader.FollowerInfo (FollowerInfoImpl.java:lambda$new$1(49)) - s0@group-DBBE7E7C6C61->s2: commitIndex: updateToMax old=1, new=1, updated? false
2022-08-02 21:05:57,149 [grpc-default-executor-2] DEBUG leader.FollowerInfo (FollowerInfoImpl.java:lambda$new$1(49)) - s0@group-DBBE7E7C6C61->s2: matchIndex: updateToMax old=2, new=-1, updated? false
2022-08-02 21:05:57,149 [grpc-default-executor-3] DEBUG leader.FollowerInfo (FollowerInfoImpl.java:lambda$new$1(49)) - s0@group-DBBE7E7C6C61->s1: commitIndex: updateToMax old=1, new=1, updated? false
2022-08-02 21:05:57,149 [grpc-default-executor-3] DEBUG leader.FollowerInfo (FollowerInfoImpl.java:lambda$new$1(49)) - s0@group-DBBE7E7C6C61->s1: matchIndex: updateToMax old=2, new=-1, updated? false
2022-08-02 21:05:57,150 [grpc-default-executor-2] DEBUG leader.FollowerInfo (FollowerInfoImpl.java:lambda$new$1(49)) - s0@group-DBBE7E7C6C61->s2: commitIndex: updateToMax old=1, new=1, updated? false
2022-08-02 21:05:57,150 [grpc-default-executor-2] DEBUG leader.FollowerInfo (FollowerInfoImpl.java:lambda$new$1(49)) - s0@group-DBBE7E7C6C61->s2: matchIndex: updateToMax old=2, new=-1, updated? false
2022-08-02 21:05:57,151 [grpc-default-executor-3] DEBUG leader.FollowerInfo (FollowerInfoImpl.java:lambda$new$1(49)) - s0@group-DBBE7E7C6C61->s1: commitIndex: updateToMax old=1, new=1, updated? false
2022-08-02 21:05:57,151 [grpc-default-executor-3] DEBUG leader.FollowerInfo (FollowerInfoImpl.java:lambda$new$1(49)) - s0@group-DBBE7E7C6C61->s1: matchIndex: updateToMax old=2, new=-1, updated? false
2022-08-02 21:05:57,151 [grpc-default-executor-2] DEBUG leader.FollowerInfo (FollowerInfoImpl.java:lambda$new$1(49)) - s0@group-DBBE7E7C6C61->s2: commitIndex: updateToMax old=1, new=1, updated? false
2022-08-02 21:05:57,151 [grpc-default-executor-2] DEBUG leader.FollowerInfo (FollowerInfoImpl.java:lambda$new$1(49)) - s0@group-DBBE7E7C6C61->s2: matchIndex: updateToMax old=2, new=-1, updated? false
2022-08-02 21:05:57,152 [grpc-default-executor-3] DEBUG leader.FollowerInfo (FollowerInfoImpl.java:lambda$new$1(49)) - s0@group-DBBE7E7C6C61->s1: commitIndex: updateToMax old=1, new=1, updated? false
2022-08-02 21:05:57,152 [grpc-default-executor-3] DEBUG leader.FollowerInfo (FollowerInfoImpl.java:lambda$new$1(49)) - s0@group-DBBE7E7C6C61->s1: matchIndex: updateToMax old=2, new=-1, updated? false
2022-08-02 21:05:57,153 [grpc-default-executor-2] DEBUG leader.FollowerInfo (FollowerInfoImpl.java:lambda$new$1(49)) - s0@group-DBBE7E7C6C61->s2: commitIndex: updateToMax old=1, new=1, updated? false
2022-08-02 21:05:57,153 [grpc-default-executor-2] DEBUG leader.FollowerInfo (FollowerInfoImpl.java:lambda$new$1(49)) - s0@group-DBBE7E7C6C61->s2: matchIndex: updateToMax old=2, new=-1, updated? false
2022-08-02 21:05:57,153 [grpc-default-executor-3] DEBUG leader.FollowerInfo (FollowerInfoImpl.java:lambda$new$1(49)) - s0@group-DBBE7E7C6C61->s1: commitIndex: updateToMax old=1, new=1, updated? false
2022-08-02 21:05:57,153 [grpc-default-executor-3] DEBUG leader.FollowerInfo (FollowerInfoImpl.java:lambda$new$1(49)) - s0@group-DBBE7E7C6C61->s1: matchIndex: updateToMax old=2, new=-1, updated? false
2022-08-02 21:05:57,154 [grpc-default-executor-2] DEBUG leader.FollowerInfo (FollowerInfoImpl.java:lambda$new$1(49)) - s0@group-DBBE7E7C6C61->s2: commitIndex: updateToMax old=1, new=1, updated? false
2022-08-02 21:05:57,154 [grpc-default-executor-2] DEBUG leader.FollowerInfo (FollowerInfoImpl.java:lambda$new$1(49)) - s0@group-DBBE7E7C6C61->s2: matchIndex: updateToMax old=2, new=-1, updated? false
2022-08-02 21:05:57,155 [grpc-default-executor-3] DEBUG leader.FollowerInfo (FollowerInfoImpl.java:lambda$new$1(49)) - s0@group-DBBE7E7C6C61->s1: commitIndex: updateToMax old=1, new=1, updated? false
2022-08-02 21:05:57,155 [grpc-default-executor-3] DEBUG leader.FollowerInfo (FollowerInfoImpl.java:lambda$new$1(49)) - s0@group-DBBE7E7C6C61->s1: matchIndex: updateToMax old=2, new=-1, updated? false
2022-08-02 21:05:57,155 [grpc-default-executor-2] DEBUG leader.FollowerInfo (FollowerInfoImpl.java:lambda$new$1(49)) - s0@group-DBBE7E7C6C61->s2: commitIndex: updateToMax old=1, new=1, updated? false
2022-08-02 21:05:57,156 [grpc-default-executor-2] DEBUG leader.FollowerInfo (FollowerInfoImpl.java:lambda$new$1(49)) - s0@group-DBBE7E7C6C61->s2: matchIndex: updateToMax old=2, new=-1, updated? false
2022-08-02 21:05:57,156 [grpc-default-executor-3] DEBUG leader.FollowerInfo (FollowerInfoImpl.java:lambda$new$1(49)) - s0@group-DBBE7E7C6C61->s1: commitIndex: updateToMax old=1, new=1, updated? false
2022-08-02 21:05:57,156 [grpc-default-executor-3] DEBUG leader.FollowerInfo (FollowerInfoImpl.java:lambda$new$1(49)) - s0@group-DBBE7E7C6C61->s1: matchIndex: updateToMax old=2, new=-1, updated? false
2022-08-02 21:05:57,157 [grpc-default-executor-2] DEBUG leader.FollowerInfo (FollowerInfoImpl.java:lambda$new$1(49)) - s0@group-DBBE7E7C6C61->s2: commitIndex: updateToMax old=1, new=1, updated? false
2022-08-02 21:05:57,157 [grpc-default-executor-2] DEBUG leader.FollowerInfo (FollowerInfoImpl.java:lambda$new$1(49)) - s0@group-DBBE7E7C6C61->s2: matchIndex: updateToMax old=2, new=-1, updated? false
2022-08-02 21:05:57,157 [grpc-default-executor-3] DEBUG leader.FollowerInfo (FollowerInfoImpl.java:lambda$new$1(49)) - s0@group-DBBE7E7C6C61->s1: commitIndex: updateToMax old=1, new=1, updated? false
2022-08-02 21:05:57,158 [grpc-default-executor-3] DEBUG leader.FollowerInfo (FollowerInfoImpl.java:lambda$new$1(49)) - s0@group-DBBE7E7C6C61->s1: matchIndex: updateToMax old=2, new=-1, updated? false
2022-08-02 21:05:57,158 [grpc-default-executor-2] DEBUG leader.FollowerInfo (FollowerInfoImpl.java:lambda$new$1(49)) - s0@group-DBBE7E7C6C61->s2: commitIndex: updateToMax old=1, new=1, updated? false
2022-08-02 21:05:57,158 [grpc-default-executor-2] DEBUG leader.FollowerInfo (FollowerInfoImpl.java:lambda$new$1(49)) - s0@group-DBBE7E7C6C61->s2: matchIndex: updateToMax old=2, new=-1, updated? false
2022-08-02 21:05:57,159 [grpc-default-executor-3] DEBUG leader.FollowerInfo (FollowerInfoImpl.java:lambda$new$1(49)) - s0@group-DBBE7E7C6C61->s1: commitIndex: updateToMax old=1, new=1, updated? false
2022-08-02 21:05:57,159 [grpc-default-executor-3] DEBUG leader.FollowerInfo (FollowerInfoImpl.java:lambda$new$1(49)) - s0@group-DBBE7E7C6C61->s1: matchIndex: updateToMax old=2, new=-1, updated? false
2022-08-02 21:05:57,159 [grpc-default-executor-2] DEBUG leader.FollowerInfo (FollowerInfoImpl.java:lambda$new$1(49)) - s0@group-DBBE7E7C6C61->s2: commitIndex: updateToMax old=1, new=1, updated? false
2022-08-02 21:05:57,159 [grpc-default-executor-2] DEBUG leader.FollowerInfo (FollowerInfoImpl.java:lambda$new$1(49)) - s0@group-DBBE7E7C6C61->s2: matchIndex: updateToMax old=2, new=-1, updated? false
2022-08-02 21:05:57,160 [grpc-default-executor-3] DEBUG leader.FollowerInfo (FollowerInfoImpl.java:lambda$new$1(49)) - s0@group-DBBE7E7C6C61->s1: commitIndex: updateToMax old=1, new=1, updated? false
2022-08-02 21:05:57,160 [grpc-default-executor-3] DEBUG leader.FollowerInfo (FollowerInfoImpl.java:lambda$new$1(49)) - s0@group-DBBE7E7C6C61->s1: matchIndex: updateToMax old=2, new=-1, updated? false
2022-08-02 21:05:57,161 [grpc-default-executor-2] DEBUG leader.FollowerInfo (FollowerInfoImpl.java:lambda$new$1(49)) - s0@group-DBBE7E7C6C61->s2: commitIndex: updateToMax old=1, new=1, updated? false
2022-08-02 21:05:57,161 [grpc-default-executor-2] DEBUG leader.FollowerInfo (FollowerInfoImpl.java:lambda$new$1(49)) - s0@group-DBBE7E7C6C61->s2: matchIndex: updateToMax old=2, new=-1, updated? false
2022-08-02 21:05:57,161 [grpc-default-executor-3] DEBUG leader.FollowerInfo (FollowerInfoImpl.java:lambda$new$1(49)) - s0@group-DBBE7E7C6C61->s1: commitIndex: updateToMax old=1, new=1, updated? false
2022-08-02 21:05:57,161 [grpc-default-executor-3] DEBUG leader.FollowerInfo (FollowerInfoImpl.java:lambda$new$1(49)) - s0@group-DBBE7E7C6C61->s1: matchIndex: updateToMax old=2, new=-1, updated? false
2022-08-02 21:05:57,162 [grpc-default-executor-2] DEBUG leader.FollowerInfo (FollowerInfoImpl.java:lambda$new$1(49)) - s0@group-DBBE7E7C6C61->s2: commitIndex: updateToMax old=1, new=1, updated? false
2022-08-02 21:05:57,162 [grpc-default-executor-2] DEBUG leader.FollowerInfo (FollowerInfoImpl.java:lambda$new$1(49)) - s0@group-DBBE7E7C6C61->s2: matchIndex: updateToMax old=2, new=-1, updated? false
2022-08-02 21:05:57,163 [grpc-default-executor-3] DEBUG leader.FollowerInfo (FollowerInfoImpl.java:lambda$new$1(49)) - s0@group-DBBE7E7C6C61->s1: commitIndex: updateToMax old=1, new=1, updated? false
2022-08-02 21:05:57,163 [grpc-default-executor-3] DEBUG leader.FollowerInfo (FollowerInfoImpl.java:lambda$new$1(49)) - s0@group-DBBE7E7C6C61->s1: matchIndex: updateToMax old=2, new=-1, updated? false
2022-08-02 21:05:57,163 [grpc-default-executor-2] DEBUG leader.FollowerInfo (FollowerInfoImpl.java:lambda$new$1(49)) - s0@group-DBBE7E7C6C61->s2: commitIndex: updateToMax old=1, new=1, updated? false
2022-08-02 21:05:57,164 [grpc-default-executor-2] DEBUG leader.FollowerInfo (FollowerInfoImpl.java:lambda$new$1(49)) - s0@group-DBBE7E7C6C61->s2: matchIndex: updateToMax old=2, new=-1, updated? false
2022-08-02 21:05:57,164 [grpc-default-executor-3] DEBUG leader.FollowerInfo (FollowerInfoImpl.java:lambda$new$1(49)) - s0@group-DBBE7E7C6C61->s1: commitIndex: updateToMax old=1, new=1, updated? false
2022-08-02 21:05:57,164 [grpc-default-executor-3] DEBUG leader.FollowerInfo (FollowerInfoImpl.java:lambda$new$1(49)) - s0@group-DBBE7E7C6C61->s1: matchIndex: updateToMax old=2, new=-1, updated? false
2022-08-02 21:05:57,165 [grpc-default-executor-2] DEBUG leader.FollowerInfo (FollowerInfoImpl.java:lambda$new$1(49)) - s0@group-DBBE7E7C6C61->s2: commitIndex: updateToMax old=1, new=1, updated? false
2022-08-02 21:05:57,165 [grpc-default-executor-2] DEBUG leader.FollowerInfo (FollowerInfoImpl.java:lambda$new$1(49)) - s0@group-DBBE7E7C6C61->s2: matchIndex: updateToMax old=2, new=-1, updated? false
2022-08-02 21:05:57,165 [grpc-default-executor-3] DEBUG leader.FollowerInfo (FollowerInfoImpl.java:lambda$new$1(49)) - s0@group-DBBE7E7C6C61->s1: commitIndex: updateToMax old=1, new=1, updated? false
2022-08-02 21:05:57,166 [grpc-default-executor-3] DEBUG leader.FollowerInfo (FollowerInfoImpl.java:lambda$new$1(49)) - s0@group-DBBE7E7C6C61->s1: matchIndex: updateToMax old=2, new=-1, updated? false
2022-08-02 21:05:57,166 [grpc-default-executor-2] DEBUG leader.FollowerInfo (FollowerInfoImpl.java:lambda$new$1(49)) - s0@group-DBBE7E7C6C61->s2: commitIndex: updateToMax old=1, new=1, updated? false
2022-08-02 21:05:57,166 [grpc-default-executor-2] DEBUG leader.FollowerInfo (FollowerInfoImpl.java:lambda$new$1(49)) - s0@group-DBBE7E7C6C61->s2: matchIndex: updateToMax old=2, new=-1, updated? false
2022-08-02 21:05:57,167 [grpc-default-executor-3] DEBUG leader.FollowerInfo (FollowerInfoImpl.java:lambda$new$1(49)) - s0@group-DBBE7E7C6C61->s1: commitIndex: updateToMax old=1, new=1, updated? false
2022-08-02 21:05:57,167 [grpc-default-executor-3] DEBUG leader.FollowerInfo (FollowerInfoImpl.java:lambda$new$1(49)) - s0@group-DBBE7E7C6C61->s1: matchIndex: updateToMax old=2, new=-1, updated? false
2022-08-02 21:05:57,167 [grpc-default-executor-2] DEBUG leader.FollowerInfo (FollowerInfoImpl.java:lambda$new$1(49)) - s0@group-DBBE7E7C6C61->s2: commitIndex: updateToMax old=1, new=1, updated? false
2022-08-02 21:05:57,167 [grpc-default-executor-2] DEBUG leader.FollowerInfo (FollowerInfoImpl.java:lambda$new$1(49)) - s0@group-DBBE7E7C6C61->s2: matchIndex: updateToMax old=2, new=-1, updated? false
2022-08-02 21:05:57,168 [grpc-default-executor-3] DEBUG leader.FollowerInfo (FollowerInfoImpl.java:lambda$new$1(49)) - s0@group-DBBE7E7C6C61->s1: commitIndex: updateToMax old=1, new=1, updated? false
2022-08-02 21:05:57,168 [grpc-default-executor-3] DEBUG leader.FollowerInfo (FollowerInfoImpl.java:lambda$new$1(49)) - s0@group-DBBE7E7C6C61->s1: matchIndex: updateToMax old=2, new=-1, updated? false
2022-08-02 21:05:57,169 [grpc-default-executor-2] DEBUG leader.FollowerInfo (FollowerInfoImpl.java:lambda$new$1(49)) - s0@group-DBBE7E7C6C61->s2: commitIndex: updateToMax old=1, new=1, updated? false
2022-08-02 21:05:57,169 [grpc-default-executor-2] DEBUG leader.FollowerInfo (FollowerInfoImpl.java:lambda$new$1(49)) - s0@group-DBBE7E7C6C61->s2: matchIndex: updateToMax old=2, new=-1, updated? false
2022-08-02 21:05:57,169 [grpc-default-executor-3] DEBUG leader.FollowerInfo (FollowerInfoImpl.java:lambda$new$1(49)) - s0@group-DBBE7E7C6C61->s1: commitIndex: updateToMax old=1, new=1, updated? false
2022-08-02 21:05:57,169 [grpc-default-executor-3] DEBUG leader.FollowerInfo (FollowerInfoImpl.java:lambda$new$1(49)) - s0@group-DBBE7E7C6C61->s1: matchIndex: updateToMax old=2, new=-1, updated? false
2022-08-02 21:05:57,170 [grpc-default-executor-2] DEBUG leader.FollowerInfo (FollowerInfoImpl.java:lambda$new$1(49)) - s0@group-DBBE7E7C6C61->s2: commitIndex: updateToMax old=1, new=1, updated? false
2022-08-02 21:05:57,170 [grpc-default-executor-2] DEBUG leader.FollowerInfo (FollowerInfoImpl.java:lambda$new$1(49)) - s0@group-DBBE7E7C6C61->s2: matchIndex: updateToMax old=2, new=-1, updated? false
2022-08-02 21:05:57,170 [grpc-default-executor-3] DEBUG leader.FollowerInfo (FollowerInfoImpl.java:lambda$new$1(49)) - s0@group-DBBE7E7C6C61->s1: commitIndex: updateToMax old=1, new=1, updated? false
2022-08-02 21:05:57,171 [grpc-default-executor-3] DEBUG leader.FollowerInfo (FollowerInfoImpl.java:lambda$new$1(49)) - s0@group-DBBE7E7C6C61->s1: matchIndex: updateToMax old=2, new=-1, updated? false
2022-08-02 21:05:57,171 [grpc-default-executor-2] DEBUG leader.FollowerInfo (FollowerInfoImpl.java:lambda$new$1(49)) - s0@group-DBBE7E7C6C61->s2: commitIndex: updateToMax old=1, new=1, updated? false
2022-08-02 21:05:57,171 [grpc-default-executor-2] DEBUG leader.FollowerInfo (FollowerInfoImpl.java:lambda$new$1(49)) - s0@group-DBBE7E7C6C61->s2: matchIndex: updateToMax old=2, new=-1, updated? false
2022-08-02 21:05:57,172 [grpc-default-executor-3] DEBUG leader.FollowerInfo (FollowerInfoImpl.java:lambda$new$1(49)) - s0@group-DBBE7E7C6C61->s1: commitIndex: updateToMax old=1, new=1, updated? false
2022-08-02 21:05:57,172 [grpc-default-executor-3] DEBUG leader.FollowerInfo (FollowerInfoImpl.java:lambda$new$1(49)) - s0@group-DBBE7E7C6C61->s1: matchIndex: updateToMax old=2, new=-1, updated? false
2022-08-02 21:05:57,173 [grpc-default-executor-2] DEBUG leader.FollowerInfo (FollowerInfoImpl.java:lambda$new$1(49)) - s0@group-DBBE7E7C6C61->s2: commitIndex: updateToMax old=1, new=1, updated? false
2022-08-02 21:05:57,173 [grpc-default-executor-2] DEBUG leader.FollowerInfo (FollowerInfoImpl.java:lambda$new$1(49)) - s0@group-DBBE7E7C6C61->s2: matchIndex: updateToMax old=2, new=-1, updated? false
2022-08-02 21:05:57,173 [grpc-default-executor-3] DEBUG leader.FollowerInfo (FollowerInfoImpl.java:lambda$new$1(49)) - s0@group-DBBE7E7C6C61->s1: commitIndex: updateToMax old=1, new=1, updated? false
2022-08-02 21:05:57,173 [grpc-default-executor-3] DEBUG leader.FollowerInfo (FollowerInfoImpl.java:lambda$new$1(49)) - s0@group-DBBE7E7C6C61->s1: matchIndex: updateToMax old=2, new=-1, updated? false
2022-08-02 21:05:57,174 [grpc-default-executor-2] DEBUG leader.FollowerInfo (FollowerInfoImpl.java:lambda$new$1(49)) - s0@group-DBBE7E7C6C61->s2: commitIndex: updateToMax old=1, new=1, updated? false
2022-08-02 21:05:57,174 [grpc-default-executor-2] DEBUG leader.FollowerInfo (FollowerInfoImpl.java:lambda$new$1(49)) - s0@group-DBBE7E7C6C61->s2: matchIndex: updateToMax old=2, new=-1, updated? false
2022-08-02 21:05:57,174 [grpc-default-executor-3] DEBUG leader.FollowerInfo (FollowerInfoImpl.java:lambda$new$1(49)) - s0@group-DBBE7E7C6C61->s1: commitIndex: updateToMax old=1, new=1, updated? false
2022-08-02 21:05:57,174 [grpc-default-executor-3] DEBUG leader.FollowerInfo (FollowerInfoImpl.java:lambda$new$1(49)) - s0@group-DBBE7E7C6C61->s1: matchIndex: updateToMax old=2, new=-1, updated? false
2022-08-02 21:05:57,175 [grpc-default-executor-2] DEBUG leader.FollowerInfo (FollowerInfoImpl.java:lambda$new$1(49)) - s0@group-DBBE7E7C6C61->s2: commitIndex: updateToMax old=1, new=1, updated? false
2022-08-02 21:05:57,175 [grpc-default-executor-2] DEBUG leader.FollowerInfo (FollowerInfoImpl.java:lambda$new$1(49)) - s0@group-DBBE7E7C6C61->s2: matchIndex: updateToMax old=2, new=-1, updated? false
2022-08-02 21:05:57,176 [grpc-default-executor-3] DEBUG leader.FollowerInfo (FollowerInfoImpl.java:lambda$new$1(49)) - s0@group-DBBE7E7C6C61->s1: commitIndex: updateToMax old=1, new=1, updated? false
2022-08-02 21:05:57,176 [grpc-default-executor-3] DEBUG leader.FollowerInfo (FollowerInfoImpl.java:lambda$new$1(49)) - s0@group-DBBE7E7C6C61->s1: matchIndex: updateToMax old=2, new=-1, updated? false
2022-08-02 21:05:57,176 [grpc-default-executor-0] DEBUG leader.FollowerInfo (FollowerInfoImpl.java:lambda$new$1(49)) - s0@group-DBBE7E7C6C61->s2: commitIndex: updateToMax old=1, new=1, updated? false
2022-08-02 21:05:57,176 [grpc-default-executor-0] DEBUG leader.FollowerInfo (FollowerInfoImpl.java:lambda$new$1(49)) - s0@group-DBBE7E7C6C61->s2: matchIndex: updateToMax old=2, new=-1, updated? false
2022-08-02 21:05:57,177 [grpc-default-executor-3] DEBUG leader.FollowerInfo (FollowerInfoImpl.java:lambda$new$1(49)) - s0@group-DBBE7E7C6C61->s1: commitIndex: updateToMax old=1, new=1, updated? false
2022-08-02 21:05:57,177 [grpc-default-executor-3] DEBUG leader.FollowerInfo (FollowerInfoImpl.java:lambda$new$1(49)) - s0@group-DBBE7E7C6C61->s1: matchIndex: updateToMax old=2, new=-1, updated? false
2022-08-02 21:05:57,177 [grpc-default-executor-0] DEBUG leader.FollowerInfo (FollowerInfoImpl.java:lambda$new$1(49)) - s0@group-DBBE7E7C6C61->s2: commitIndex: updateToMax old=1, new=1, updated? false
2022-08-02 21:05:57,178 [grpc-default-executor-0] DEBUG leader.FollowerInfo (FollowerInfoImpl.java:lambda$new$1(49)) - s0@group-DBBE7E7C6C61->s2: matchIndex: updateToMax old=2, new=-1, updated? false
2022-08-02 21:05:57,178 [grpc-default-executor-3] DEBUG leader.FollowerInfo (FollowerInfoImpl.java:lambda$new$1(49)) - s0@group-DBBE7E7C6C61->s1: commitIndex: updateToMax old=1, new=1, updated? false
2022-08-02 21:05:57,178 [grpc-default-executor-3] DEBUG leader.FollowerInfo (FollowerInfoImpl.java:lambda$new$1(49)) - s0@group-DBBE7E7C6C61->s1: matchIndex: updateToMax old=2, new=-1, updated? false
2022-08-02 21:05:57,192 [grpc-default-executor-0] DEBUG leader.FollowerInfo (FollowerInfoImpl.java:lambda$new$1(49)) - s0@group-DBBE7E7C6C61->s2: commitIndex: updateToMax old=1, new=1, updated? false
2022-08-02 21:05:57,192 [grpc-default-executor-0] DEBUG leader.FollowerInfo (FollowerInfoImpl.java:lambda$new$1(49)) - s0@group-DBBE7E7C6C61->s2: matchIndex: updateToMax old=2, new=-1, updated? false
2022-08-02 21:05:57,196 [grpc-default-executor-3] DEBUG leader.FollowerInfo (FollowerInfoImpl.java:lambda$new$1(49)) - s0@group-DBBE7E7C6C61->s1: commitIndex: updateToMax old=1, new=1, updated? false
2022-08-02 21:05:57,196 [grpc-default-executor-3] DEBUG leader.FollowerInfo (FollowerInfoImpl.java:lambda$new$1(49)) - s0@group-DBBE7E7C6C61->s1: matchIndex: updateToMax old=2, new=-1, updated? false
2022-08-02 21:05:57,196 [grpc-default-executor-3] DEBUG leader.FollowerInfo (FollowerInfoImpl.java:lambda$new$1(49)) - s0@group-DBBE7E7C6C61->s2: commitIndex: updateToMax old=1, new=1, updated? false
2022-08-02 21:05:57,196 [grpc-default-executor-3] DEBUG leader.FollowerInfo (FollowerInfoImpl.java:lambda$new$1(49)) - s0@group-DBBE7E7C6C61->s2: matchIndex: updateToMax old=2, new=-1, updated? false
2022-08-02 21:05:57,197 [grpc-default-executor-0] DEBUG leader.FollowerInfo (FollowerInfoImpl.java:lambda$new$1(49)) - s0@group-DBBE7E7C6C61->s1: commitIndex: updateToMax old=1, new=1, updated? false
2022-08-02 21:05:57,197 [grpc-default-executor-0] DEBUG leader.FollowerInfo (FollowerInfoImpl.java:lambda$new$1(49)) - s0@group-DBBE7E7C6C61->s1: matchIndex: updateToMax old=2, new=-1, updated? false
2022-08-02 21:05:57,202 [grpc-default-executor-3] DEBUG leader.FollowerInfo (FollowerInfoImpl.java:lambda$new$1(49)) - s0@group-DBBE7E7C6C61->s2: commitIndex: updateToMax old=1, new=1, updated? false
2022-08-02 21:05:57,202 [grpc-default-executor-3] DEBUG leader.FollowerInfo (FollowerInfoImpl.java:lambda$new$1(49)) - s0@group-DBBE7E7C6C61->s2: matchIndex: updateToMax old=2, new=-1, updated? false
2022-08-02 21:05:57,203 [grpc-default-executor-0] DEBUG leader.FollowerInfo (FollowerInfoImpl.java:lambda$new$1(49)) - s0@group-DBBE7E7C6C61->s1: commitIndex: updateToMax old=1, new=1, updated? false
2022-08-02 21:05:57,203 [grpc-default-executor-0] DEBUG leader.FollowerInfo (FollowerInfoImpl.java:lambda$new$1(49)) - s0@group-DBBE7E7C6C61->s1: matchIndex: updateToMax old=2, new=-1, updated? false
2022-08-02 21:05:57,204 [grpc-default-executor-3] DEBUG leader.FollowerInfo (FollowerInfoImpl.java:lambda$new$1(49)) - s0@group-DBBE7E7C6C61->s2: commitIndex: updateToMax old=1, new=1, updated? false
2022-08-02 21:05:57,204 [grpc-default-executor-3] DEBUG leader.FollowerInfo (FollowerInfoImpl.java:lambda$new$1(49)) - s0@group-DBBE7E7C6C61->s2: matchIndex: updateToMax old=2, new=-1, updated? false
2022-08-02 21:05:57,204 [grpc-default-executor-0] DEBUG leader.FollowerInfo (FollowerInfoImpl.java:lambda$new$1(49)) - s0@group-DBBE7E7C6C61->s1: commitIndex: updateToMax old=1, new=1, updated? false
2022-08-02 21:05:57,204 [grpc-default-executor-0] DEBUG leader.FollowerInfo (FollowerInfoImpl.java:lambda$new$1(49)) - s0@group-DBBE7E7C6C61->s1: matchIndex: updateToMax old=2, new=-1, updated? false
2022-08-02 21:05:57,205 [grpc-default-executor-3] DEBUG leader.FollowerInfo (FollowerInfoImpl.java:lambda$new$1(49)) - s0@group-DBBE7E7C6C61->s2: commitIndex: updateToMax old=1, new=1, updated? false
2022-08-02 21:05:57,205 [grpc-default-executor-3] DEBUG leader.FollowerInfo (FollowerInfoImpl.java:lambda$new$1(49)) - s0@group-DBBE7E7C6C61->s2: matchIndex: updateToMax old=2, new=-1, updated? false
2022-08-02 21:05:57,206 [grpc-default-executor-0] DEBUG leader.FollowerInfo (FollowerInfoImpl.java:lambda$new$1(49)) - s0@group-DBBE7E7C6C61->s1: commitIndex: updateToMax old=1, new=1, updated? false
2022-08-02 21:05:57,206 [grpc-default-executor-0] DEBUG leader.FollowerInfo (FollowerInfoImpl.java:lambda$new$1(49)) - s0@group-DBBE7E7C6C61->s1: matchIndex: updateToMax old=2, new=-1, updated? false
2022-08-02 21:05:57,206 [grpc-default-executor-3] DEBUG leader.FollowerInfo (FollowerInfoImpl.java:lambda$new$1(49)) - s0@group-DBBE7E7C6C61->s2: commitIndex: updateToMax old=1, new=1, updated? false
2022-08-02 21:05:57,206 [grpc-default-executor-3] DEBUG leader.FollowerInfo (FollowerInfoImpl.java:lambda$new$1(49)) - s0@group-DBBE7E7C6C61->s2: matchIndex: updateToMax old=2, new=-1, updated? false
2022-08-02 21:05:57,207 [grpc-default-executor-0] DEBUG leader.FollowerInfo (FollowerInfoImpl.java:lambda$new$1(49)) - s0@group-DBBE7E7C6C61->s1: commitIndex: updateToMax old=1, new=1, updated? false
2022-08-02 21:05:57,207 [grpc-default-executor-0] DEBUG leader.FollowerInfo (FollowerInfoImpl.java:lambda$new$1(49)) - s0@group-DBBE7E7C6C61->s1: matchIndex: updateToMax old=2, new=-1, updated? false
2022-08-02 21:05:57,208 [grpc-default-executor-3] DEBUG leader.FollowerInfo (FollowerInfoImpl.java:lambda$new$1(49)) - s0@group-DBBE7E7C6C61->s2: commitIndex: updateToMax old=1, new=1, updated? false
2022-08-02 21:05:57,208 [grpc-default-executor-3] DEBUG leader.FollowerInfo (FollowerInfoImpl.java:lambda$new$1(49)) - s0@group-DBBE7E7C6C61->s2: matchIndex: updateToMax old=2, new=-1, updated? false
2022-08-02 21:05:57,208 [grpc-default-executor-0] DEBUG leader.FollowerInfo (FollowerInfoImpl.java:lambda$new$1(49)) - s0@group-DBBE7E7C6C61->s1: commitIndex: updateToMax old=1, new=1, updated? false
2022-08-02 21:05:57,208 [grpc-default-executor-0] DEBUG leader.FollowerInfo (FollowerInfoImpl.java:lambda$new$1(49)) - s0@group-DBBE7E7C6C61->s1: matchIndex: updateToMax old=2, new=-1, updated? false
2022-08-02 21:05:57,209 [grpc-default-executor-3] DEBUG leader.FollowerInfo (FollowerInfoImpl.java:lambda$new$1(49)) - s0@group-DBBE7E7C6C61->s2: commitIndex: updateToMax old=1, new=1, updated? false
2022-08-02 21:05:57,209 [grpc-default-executor-3] DEBUG leader.FollowerInfo (FollowerInfoImpl.java:lambda$new$1(49)) - s0@group-DBBE7E7C6C61->s2: matchIndex: updateToMax old=2, new=-1, updated? false
2022-08-02 21:05:57,210 [grpc-default-executor-0] DEBUG leader.FollowerInfo (FollowerInfoImpl.java:lambda$new$1(49)) - s0@group-DBBE7E7C6C61->s1: commitIndex: updateToMax old=1, new=1, updated? false
2022-08-02 21:05:57,210 [grpc-default-executor-0] DEBUG leader.FollowerInfo (FollowerInfoImpl.java:lambda$new$1(49)) - s0@group-DBBE7E7C6C61->s1: matchIndex: updateToMax old=2, new=-1, updated? false
2022-08-02 21:05:57,210 [grpc-default-executor-3] DEBUG leader.FollowerInfo (FollowerInfoImpl.java:lambda$new$1(49)) - s0@group-DBBE7E7C6C61->s2: commitIndex: updateToMax old=1, new=1, updated? false
2022-08-02 21:05:57,210 [grpc-default-executor-3] DEBUG leader.FollowerInfo (FollowerInfoImpl.java:lambda$new$1(49)) - s0@group-DBBE7E7C6C61->s2: matchIndex: updateToMax old=2, new=-1, updated? false
2022-08-02 21:05:57,211 [grpc-default-executor-0] DEBUG leader.FollowerInfo (FollowerInfoImpl.java:lambda$new$1(49)) - s0@group-DBBE7E7C6C61->s1: commitIndex: updateToMax old=1, new=1, updated? false
2022-08-02 21:05:57,211 [grpc-default-executor-0] DEBUG leader.FollowerInfo (FollowerInfoImpl.java:lambda$new$1(49)) - s0@group-DBBE7E7C6C61->s1: matchIndex: updateToMax old=2, new=-1, updated? false
2022-08-02 21:05:57,211 [grpc-default-executor-3] DEBUG leader.FollowerInfo (FollowerInfoImpl.java:lambda$new$1(49)) - s0@group-DBBE7E7C6C61->s2: commitIndex: updateToMax old=1, new=1, updated? false
2022-08-02 21:05:57,212 [grpc-default-executor-3] DEBUG leader.FollowerInfo (FollowerInfoImpl.java:lambda$new$1(49)) - s0@group-DBBE7E7C6C61->s2: matchIndex: updateToMax old=2, new=-1, updated? false
2022-08-02 21:05:57,212 [grpc-default-executor-0] DEBUG leader.FollowerInfo (FollowerInfoImpl.java:lambda$new$1(49)) - s0@group-DBBE7E7C6C61->s1: commitIndex: updateToMax old=1, new=1, updated? false
2022-08-02 21:05:57,212 [grpc-default-executor-0] DEBUG leader.FollowerInfo (FollowerInfoImpl.java:lambda$new$1(49)) - s0@group-DBBE7E7C6C61->s1: matchIndex: updateToMax old=2, new=-1, updated? false
2022-08-02 21:05:57,213 [grpc-default-executor-3] DEBUG leader.FollowerInfo (FollowerInfoImpl.java:lambda$new$1(49)) - s0@group-DBBE7E7C6C61->s2: commitIndex: updateToMax old=1, new=1, updated? false
2022-08-02 21:05:57,213 [grpc-default-executor-3] DEBUG leader.FollowerInfo (FollowerInfoImpl.java:lambda$new$1(49)) - s0@group-DBBE7E7C6C61->s2: matchIndex: updateToMax old=2, new=-1, updated? false
2022-08-02 21:05:57,213 [grpc-default-executor-0] DEBUG leader.FollowerInfo (FollowerInfoImpl.java:lambda$new$1(49)) - s0@group-DBBE7E7C6C61->s1: commitIndex: updateToMax old=1, new=1, updated? false
2022-08-02 21:05:57,213 [grpc-default-executor-0] DEBUG leader.FollowerInfo (FollowerInfoImpl.java:lambda$new$1(49)) - s0@group-DBBE7E7C6C61->s1: matchIndex: updateToMax old=2, new=-1, updated? false
2022-08-02 21:05:57,214 [grpc-default-executor-3] DEBUG leader.FollowerInfo (FollowerInfoImpl.java:lambda$new$1(49)) - s0@group-DBBE7E7C6C61->s2: commitIndex: updateToMax old=1, new=1, updated? false
2022-08-02 21:05:57,214 [grpc-default-executor-3] DEBUG leader.FollowerInfo (FollowerInfoImpl.java:lambda$new$1(49)) - s0@group-DBBE7E7C6C61->s2: matchIndex: updateToMax old=2, new=-1, updated? false
2022-08-02 21:05:57,215 [grpc-default-executor-0] DEBUG leader.FollowerInfo (FollowerInfoImpl.java:lambda$new$1(49)) - s0@group-DBBE7E7C6C61->s1: commitIndex: updateToMax old=1, new=1, updated? false
2022-08-02 21:05:57,215 [grpc-default-executor-0] DEBUG leader.FollowerInfo (FollowerInfoImpl.java:lambda$new$1(49)) - s0@group-DBBE7E7C6C61->s1: matchIndex: updateToMax old=2, new=-1, updated? false
2022-08-02 21:05:57,215 [grpc-default-executor-3] DEBUG leader.FollowerInfo (FollowerInfoImpl.java:lambda$new$1(49)) - s0@group-DBBE7E7C6C61->s2: commitIndex: updateToMax old=1, new=1, updated? false
2022-08-02 21:05:57,215 [grpc-default-executor-3] DEBUG leader.FollowerInfo (FollowerInfoImpl.java:lambda$new$1(49)) - s0@group-DBBE7E7C6C61->s2: matchIndex: updateToMax old=2, new=-1, updated? false
2022-08-02 21:05:57,216 [grpc-default-executor-0] DEBUG leader.FollowerInfo (FollowerInfoImpl.java:lambda$new$1(49)) - s0@group-DBBE7E7C6C61->s1: commitIndex: updateToMax old=1, new=1, updated? false
2022-08-02 21:05:57,216 [grpc-default-executor-0] DEBUG leader.FollowerInfo (FollowerInfoImpl.java:lambda$new$1(49)) - s0@group-DBBE7E7C6C61->s1: matchIndex: updateToMax old=2, new=-1, updated? false
2022-08-02 21:05:57,217 [grpc-default-executor-3] DEBUG leader.FollowerInfo (FollowerInfoImpl.java:lambda$new$1(49)) - s0@group-DBBE7E7C6C61->s2: commitIndex: updateToMax old=1, new=1, updated? false
2022-08-02 21:05:57,217 [grpc-default-executor-3] DEBUG leader.FollowerInfo (FollowerInfoImpl.java:lambda$new$1(49)) - s0@group-DBBE7E7C6C61->s2: matchIndex: updateToMax old=2, new=-1, updated? false
2022-08-02 21:05:57,217 [grpc-default-executor-0] DEBUG leader.FollowerInfo (FollowerInfoImpl.java:lambda$new$1(49)) - s0@group-DBBE7E7C6C61->s1: commitIndex: updateToMax old=1, new=1, updated? false
2022-08-02 21:05:57,218 [grpc-default-executor-0] DEBUG leader.FollowerInfo (FollowerInfoImpl.java:lambda$new$1(49)) - s0@group-DBBE7E7C6C61->s1: matchIndex: updateToMax old=2, new=-1, updated? false
2022-08-02 21:05:57,218 [grpc-default-executor-3] DEBUG leader.FollowerInfo (FollowerInfoImpl.java:lambda$new$1(49)) - s0@group-DBBE7E7C6C61->s2: commitIndex: updateToMax old=1, new=1, updated? false
2022-08-02 21:05:57,218 [grpc-default-executor-3] DEBUG leader.FollowerInfo (FollowerInfoImpl.java:lambda$new$1(49)) - s0@group-DBBE7E7C6C61->s2: matchIndex: updateToMax old=2, new=-1, updated? false
2022-08-02 21:05:57,219 [grpc-default-executor-0] DEBUG leader.FollowerInfo (FollowerInfoImpl.java:lambda$new$1(49)) - s0@group-DBBE7E7C6C61->s1: commitIndex: updateToMax old=1, new=1, updated? false
2022-08-02 21:05:57,219 [grpc-default-executor-0] DEBUG leader.FollowerInfo (FollowerInfoImpl.java:lambda$new$1(49)) - s0@group-DBBE7E7C6C61->s1: matchIndex: updateToMax old=2, new=-1, updated? false
2022-08-02 21:05:57,220 [grpc-default-executor-3] DEBUG leader.FollowerInfo (FollowerInfoImpl.java:lambda$new$1(49)) - s0@group-DBBE7E7C6C61->s2: commitIndex: updateToMax old=1, new=1, updated? false
2022-08-02 21:05:57,220 [grpc-default-executor-3] DEBUG leader.FollowerInfo (FollowerInfoImpl.java:lambda$new$1(49)) - s0@group-DBBE7E7C6C61->s2: matchIndex: updateToMax old=2, new=-1, updated? false
2022-08-02 21:05:57,220 [grpc-default-executor-0] DEBUG leader.FollowerInfo (FollowerInfoImpl.java:lambda$new$1(49)) - s0@group-DBBE7E7C6C61->s1: commitIndex: updateToMax old=1, new=1, updated? false
2022-08-02 21:05:57,220 [grpc-default-executor-0] DEBUG leader.FollowerInfo (FollowerInfoImpl.java:lambda$new$1(49)) - s0@group-DBBE7E7C6C61->s1: matchIndex: updateToMax old=2, new=-1, updated? false
2022-08-02 21:05:57,221 [grpc-default-executor-3] DEBUG leader.FollowerInfo (FollowerInfoImpl.java:lambda$new$1(49)) - s0@group-DBBE7E7C6C61->s2: commitIndex: updateToMax old=1, new=1, updated? false
2022-08-02 21:05:57,221 [grpc-default-executor-3] DEBUG leader.FollowerInfo (FollowerInfoImpl.java:lambda$new$1(49)) - s0@group-DBBE7E7C6C61->s2: matchIndex: updateToMax old=2, new=-1, updated? false
2022-08-02 21:05:57,222 [grpc-default-executor-0] DEBUG leader.FollowerInfo (FollowerInfoImpl.java:lambda$new$1(49)) - s0@group-DBBE7E7C6C61->s1: commitIndex: updateToMax old=1, new=1, updated? false
2022-08-02 21:05:57,222 [grpc-default-executor-0] DEBUG leader.FollowerInfo (FollowerInfoImpl.java:lambda$new$1(49)) - s0@group-DBBE7E7C6C61->s1: matchIndex: updateToMax old=2, new=-1, updated? false
2022-08-02 21:05:57,222 [grpc-default-executor-3] DEBUG leader.FollowerInfo (FollowerInfoImpl.java:lambda$new$1(49)) - s0@group-DBBE7E7C6C61->s2: commitIndex: updateToMax old=1, new=1, updated? false
2022-08-02 21:05:57,222 [grpc-default-executor-3] DEBUG leader.FollowerInfo (FollowerInfoImpl.java:lambda$new$1(49)) - s0@group-DBBE7E7C6C61->s2: matchIndex: updateToMax old=2, new=-1, updated? false
2022-08-02 21:05:57,223 [grpc-default-executor-0] DEBUG leader.FollowerInfo (FollowerInfoImpl.java:lambda$new$1(49)) - s0@group-DBBE7E7C6C61->s1: commitIndex: updateToMax old=1, new=1, updated? false
2022-08-02 21:05:57,223 [grpc-default-executor-0] DEBUG leader.FollowerInfo (FollowerInfoImpl.java:lambda$new$1(49)) - s0@group-DBBE7E7C6C61->s1: matchIndex: updateToMax old=2, new=-1, updated? false
2022-08-02 21:05:57,224 [grpc-default-executor-3] DEBUG leader.FollowerInfo (FollowerInfoImpl.java:lambda$new$1(49)) - s0@group-DBBE7E7C6C61->s2: commitIndex: updateToMax old=1, new=1, updated? false
2022-08-02 21:05:57,224 [grpc-default-executor-3] DEBUG leader.FollowerInfo (FollowerInfoImpl.java:lambda$new$1(49)) - s0@group-DBBE7E7C6C61->s2: matchIndex: updateToMax old=2, new=-1, updated? false
2022-08-02 21:05:57,224 [grpc-default-executor-0] DEBUG leader.FollowerInfo (FollowerInfoImpl.java:lambda$new$1(49)) - s0@group-DBBE7E7C6C61->s1: commitIndex: updateToMax old=1, new=1, updated? false
2022-08-02 21:05:57,225 [grpc-default-executor-0] DEBUG leader.FollowerInfo (FollowerInfoImpl.java:lambda$new$1(49)) - s0@group-DBBE7E7C6C61->s1: matchIndex: updateToMax old=2, new=-1, updated? false
2022-08-02 21:05:57,226 [grpc-default-executor-3] DEBUG leader.FollowerInfo (FollowerInfoImpl.java:lambda$new$1(49)) - s0@group-DBBE7E7C6C61->s2: commitIndex: updateToMax old=1, new=1, updated? false
2022-08-02 21:05:57,226 [grpc-default-executor-3] DEBUG leader.FollowerInfo (FollowerInfoImpl.java:lambda$new$1(49)) - s0@group-DBBE7E7C6C61->s2: matchIndex: updateToMax old=2, new=-1, updated? false
2022-08-02 21:05:57,226 [grpc-default-executor-0] DEBUG leader.FollowerInfo (FollowerInfoImpl.java:lambda$new$1(49)) - s0@group-DBBE7E7C6C61->s1: commitIndex: updateToMax old=1, new=1, updated? false
2022-08-02 21:05:57,226 [grpc-default-executor-0] DEBUG leader.FollowerInfo (FollowerInfoImpl.java:lambda$new$1(49)) - s0@group-DBBE7E7C6C61->s1: matchIndex: updateToMax old=2, new=-1, updated? false
2022-08-02 21:05:57,227 [grpc-default-executor-3] DEBUG leader.FollowerInfo (FollowerInfoImpl.java:lambda$new$1(49)) - s0@group-DBBE7E7C6C61->s2: commitIndex: updateToMax old=1, new=1, updated? false
2022-08-02 21:05:57,227 [grpc-default-executor-3] DEBUG leader.FollowerInfo (FollowerInfoImpl.java:lambda$new$1(49)) - s0@group-DBBE7E7C6C61->s2: matchIndex: updateToMax old=2, new=-1, updated? false
2022-08-02 21:05:57,228 [grpc-default-executor-0] DEBUG leader.FollowerInfo (FollowerInfoImpl.java:lambda$new$1(49)) - s0@group-DBBE7E7C6C61->s1: commitIndex: updateToMax old=1, new=1, updated? false
2022-08-02 21:05:57,228 [grpc-default-executor-0] DEBUG leader.FollowerInfo (FollowerInfoImpl.java:lambda$new$1(49)) - s0@group-DBBE7E7C6C61->s1: matchIndex: updateToMax old=2, new=-1, updated? false
2022-08-02 21:05:57,228 [grpc-default-executor-3] DEBUG leader.FollowerInfo (FollowerInfoImpl.java:lambda$new$1(49)) - s0@group-DBBE7E7C6C61->s2: commitIndex: updateToMax old=1, new=1, updated? false
2022-08-02 21:05:57,228 [grpc-default-executor-3] DEBUG leader.FollowerInfo (FollowerInfoImpl.java:lambda$new$1(49)) - s0@group-DBBE7E7C6C61->s2: matchIndex: updateToMax old=2, new=-1, updated? false
2022-08-02 21:05:57,229 [grpc-default-executor-0] DEBUG leader.FollowerInfo (FollowerInfoImpl.java:lambda$new$1(49)) - s0@group-DBBE7E7C6C61->s1: commitIndex: updateToMax old=1, new=1, updated? false
2022-08-02 21:05:57,229 [grpc-default-executor-0] DEBUG leader.FollowerInfo (FollowerInfoImpl.java:lambda$new$1(49)) - s0@group-DBBE7E7C6C61->s1: matchIndex: updateToMax old=2, new=-1, updated? false
2022-08-02 21:05:57,230 [grpc-default-executor-3] DEBUG leader.FollowerInfo (FollowerInfoImpl.java:lambda$new$1(49)) - s0@group-DBBE7E7C6C61->s2: commitIndex: updateToMax old=1, new=1, updated? false
2022-08-02 21:05:57,230 [grpc-default-executor-3] DEBUG leader.FollowerInfo (FollowerInfoImpl.java:lambda$new$1(49)) - s0@group-DBBE7E7C6C61->s2: matchIndex: updateToMax old=2, new=-1, updated? false
2022-08-02 21:05:57,230 [grpc-default-executor-0] DEBUG leader.FollowerInfo (FollowerInfoImpl.java:lambda$new$1(49)) - s0@group-DBBE7E7C6C61->s1: commitIndex: updateToMax old=1, new=1, updated? false
2022-08-02 21:05:57,230 [grpc-default-executor-0] DEBUG leader.FollowerInfo (FollowerInfoImpl.java:lambda$new$1(49)) - s0@group-DBBE7E7C6C61->s1: matchIndex: updateToMax old=2, new=-1, updated? false
2022-08-02 21:05:57,231 [grpc-default-executor-3] DEBUG leader.FollowerInfo (FollowerInfoImpl.java:lambda$new$1(49)) - s0@group-DBBE7E7C6C61->s2: commitIndex: updateToMax old=1, new=1, updated? false
2022-08-02 21:05:57,231 [grpc-default-executor-3] DEBUG leader.FollowerInfo (FollowerInfoImpl.java:lambda$new$1(49)) - s0@group-DBBE7E7C6C61->s2: matchIndex: updateToMax old=2, new=-1, updated? false
2022-08-02 21:05:57,231 [grpc-default-executor-0] DEBUG leader.FollowerInfo (FollowerInfoImpl.java:lambda$new$1(49)) - s0@group-DBBE7E7C6C61->s1: commitIndex: updateToMax old=1, new=1, updated? false
2022-08-02 21:05:57,232 [grpc-default-executor-0] DEBUG leader.FollowerInfo (FollowerInfoImpl.java:lambda$new$1(49)) - s0@group-DBBE7E7C6C61->s1: matchIndex: updateToMax old=2, new=-1, updated? false
2022-08-02 21:05:57,232 [grpc-default-executor-3] DEBUG leader.FollowerInfo (FollowerInfoImpl.java:lambda$new$1(49)) - s0@group-DBBE7E7C6C61->s2: commitIndex: updateToMax old=1, new=1, updated? false
2022-08-02 21:05:57,232 [grpc-default-executor-3] DEBUG leader.FollowerInfo (FollowerInfoImpl.java:lambda$new$1(49)) - s0@group-DBBE7E7C6C61->s2: matchIndex: updateToMax old=2, new=-1, updated? false
2022-08-02 21:05:57,233 [grpc-default-executor-0] DEBUG leader.FollowerInfo (FollowerInfoImpl.java:lambda$new$1(49)) - s0@group-DBBE7E7C6C61->s1: commitIndex: updateToMax old=1, new=1, updated? false
2022-08-02 21:05:57,233 [grpc-default-executor-0] DEBUG leader.FollowerInfo (FollowerInfoImpl.java:lambda$new$1(49)) - s0@group-DBBE7E7C6C61->s1: matchIndex: updateToMax old=2, new=-1, updated? false
2022-08-02 21:05:57,234 [grpc-default-executor-3] DEBUG leader.FollowerInfo (FollowerInfoImpl.java:lambda$new$1(49)) - s0@group-DBBE7E7C6C61->s2: commitIndex: updateToMax old=1, new=1, updated? false
2022-08-02 21:05:57,234 [grpc-default-executor-3] DEBUG leader.FollowerInfo (FollowerInfoImpl.java:lambda$new$1(49)) - s0@group-DBBE7E7C6C61->s2: matchIndex: updateToMax old=2, new=-1, updated? false
2022-08-02 21:05:57,234 [grpc-default-executor-0] DEBUG leader.FollowerInfo (FollowerInfoImpl.java:lambda$new$1(49)) - s0@group-DBBE7E7C6C61->s1: commitIndex: updateToMax old=1, new=1, updated? false
2022-08-02 21:05:57,234 [grpc-default-executor-0] DEBUG leader.FollowerInfo (FollowerInfoImpl.java:lambda$new$1(49)) - s0@group-DBBE7E7C6C61->s1: matchIndex: updateToMax old=2, new=-1, updated? false
2022-08-02 21:05:57,235 [grpc-default-executor-3] DEBUG leader.FollowerInfo (FollowerInfoImpl.java:lambda$new$1(49)) - s0@group-DBBE7E7C6C61->s2: commitIndex: updateToMax old=1, new=1, updated? false
2022-08-02 21:05:57,235 [grpc-default-executor-3] DEBUG leader.FollowerInfo (FollowerInfoImpl.java:lambda$new$1(49)) - s0@group-DBBE7E7C6C61->s2: matchIndex: updateToMax old=2, new=-1, updated? false
2022-08-02 21:05:57,236 [grpc-default-executor-0] DEBUG leader.FollowerInfo (FollowerInfoImpl.java:lambda$new$1(49)) - s0@group-DBBE7E7C6C61->s1: commitIndex: updateToMax old=1, new=1, updated? false
2022-08-02 21:05:57,236 [grpc-default-executor-0] DEBUG leader.FollowerInfo (FollowerInfoImpl.java:lambda$new$1(49)) - s0@group-DBBE7E7C6C61->s1: matchIndex: updateToMax old=2, new=-1, updated? false
2022-08-02 21:05:57,236 [grpc-default-executor-3] DEBUG leader.FollowerInfo (FollowerInfoImpl.java:lambda$new$1(49)) - s0@group-DBBE7E7C6C61->s2: commitIndex: updateToMax old=1, new=1, updated? false
2022-08-02 21:05:57,236 [grpc-default-executor-3] DEBUG leader.FollowerInfo (FollowerInfoImpl.java:lambda$new$1(49)) - s0@group-DBBE7E7C6C61->s2: matchIndex: updateToMax old=2, new=-1, updated? false
2022-08-02 21:05:57,237 [grpc-default-executor-0] DEBUG leader.FollowerInfo (FollowerInfoImpl.java:lambda$new$1(49)) - s0@group-DBBE7E7C6C61->s1: commitIndex: updateToMax old=1, new=1, updated? false
2022-08-02 21:05:57,237 [grpc-default-executor-0] DEBUG leader.FollowerInfo (FollowerInfoImpl.java:lambda$new$1(49)) - s0@group-DBBE7E7C6C61->s1: matchIndex: updateToMax old=2, new=-1, updated? false
2022-08-02 21:05:57,238 [grpc-default-executor-3] DEBUG leader.FollowerInfo (FollowerInfoImpl.java:lambda$new$1(49)) - s0@group-DBBE7E7C6C61->s2: commitIndex: updateToMax old=1, new=1, updated? false
2022-08-02 21:05:57,238 [grpc-default-executor-3] DEBUG leader.FollowerInfo (FollowerInfoImpl.java:lambda$new$1(49)) - s0@group-DBBE7E7C6C61->s2: matchIndex: updateToMax old=2, new=-1, updated? false
2022-08-02 21:05:57,238 [grpc-default-executor-0] DEBUG leader.FollowerInfo (FollowerInfoImpl.java:lambda$new$1(49)) - s0@group-DBBE7E7C6C61->s1: commitIndex: updateToMax old=1, new=1, updated? false
2022-08-02 21:05:57,238 [grpc-default-executor-0] DEBUG leader.FollowerInfo (FollowerInfoImpl.java:lambda$new$1(49)) - s0@group-DBBE7E7C6C61->s1: matchIndex: updateToMax old=2, new=-1, updated? false
2022-08-02 21:05:57,239 [grpc-default-executor-3] DEBUG leader.FollowerInfo (FollowerInfoImpl.java:lambda$new$1(49)) - s0@group-DBBE7E7C6C61->s2: commitIndex: updateToMax old=1, new=1, updated? false
2022-08-02 21:05:57,239 [grpc-default-executor-3] DEBUG leader.FollowerInfo (FollowerInfoImpl.java:lambda$new$1(49)) - s0@group-DBBE7E7C6C61->s2: matchIndex: updateToMax old=2, new=-1, updated? false
2022-08-02 21:05:57,240 [grpc-default-executor-0] DEBUG leader.FollowerInfo (FollowerInfoImpl.java:lambda$new$1(49)) - s0@group-DBBE7E7C6C61->s1: commitIndex: updateToMax old=1, new=1, updated? false
2022-08-02 21:05:57,240 [grpc-default-executor-0] DEBUG leader.FollowerInfo (FollowerInfoImpl.java:lambda$new$1(49)) - s0@group-DBBE7E7C6C61->s1: matchIndex: updateToMax old=2, new=-1, updated? false
2022-08-02 21:05:57,240 [grpc-default-executor-3] DEBUG leader.FollowerInfo (FollowerInfoImpl.java:lambda$new$1(49)) - s0@group-DBBE7E7C6C61->s2: commitIndex: updateToMax old=1, new=1, updated? false
2022-08-02 21:05:57,240 [grpc-default-executor-3] DEBUG leader.FollowerInfo (FollowerInfoImpl.java:lambda$new$1(49)) - s0@group-DBBE7E7C6C61->s2: matchIndex: updateToMax old=2, new=-1, updated? false
2022-08-02 21:05:57,241 [grpc-default-executor-0] DEBUG leader.FollowerInfo (FollowerInfoImpl.java:lambda$new$1(49)) - s0@group-DBBE7E7C6C61->s1: commitIndex: updateToMax old=1, new=1, updated? false
2022-08-02 21:05:57,241 [grpc-default-executor-0] DEBUG leader.FollowerInfo (FollowerInfoImpl.java:lambda$new$1(49)) - s0@group-DBBE7E7C6C61->s1: matchIndex: updateToMax old=2, new=-1, updated? false
2022-08-02 21:05:57,242 [grpc-default-executor-3] DEBUG leader.FollowerInfo (FollowerInfoImpl.java:lambda$new$1(49)) - s0@group-DBBE7E7C6C61->s2: commitIndex: updateToMax old=1, new=1, updated? false
2022-08-02 21:05:57,242 [grpc-default-executor-3] DEBUG leader.FollowerInfo (FollowerInfoImpl.java:lambda$new$1(49)) - s0@group-DBBE7E7C6C61->s2: matchIndex: updateToMax old=2, new=-1, updated? false
2022-08-02 21:05:57,242 [grpc-default-executor-0] DEBUG leader.FollowerInfo (FollowerInfoImpl.java:lambda$new$1(49)) - s0@group-DBBE7E7C6C61->s1: commitIndex: updateToMax old=1, new=1, updated? false
2022-08-02 21:05:57,242 [grpc-default-executor-0] DEBUG leader.FollowerInfo (FollowerInfoImpl.java:lambda$new$1(49)) - s0@group-DBBE7E7C6C61->s1: matchIndex: updateToMax old=2, new=-1, updated? false
2022-08-02 21:05:57,243 [grpc-default-executor-3] DEBUG leader.FollowerInfo (FollowerInfoImpl.java:lambda$new$1(49)) - s0@group-DBBE7E7C6C61->s2: commitIndex: updateToMax old=1, new=1, updated? false
2022-08-02 21:05:57,243 [grpc-default-executor-3] DEBUG leader.FollowerInfo (FollowerInfoImpl.java:lambda$new$1(49)) - s0@group-DBBE7E7C6C61->s2: matchIndex: updateToMax old=2, new=-1, updated? false
2022-08-02 21:05:57,244 [grpc-default-executor-0] DEBUG leader.FollowerInfo (FollowerInfoImpl.java:lambda$new$1(49)) - s0@group-DBBE7E7C6C61->s1: commitIndex: updateToMax old=1, new=1, updated? false
2022-08-02 21:05:57,244 [grpc-default-executor-0] DEBUG leader.FollowerInfo (FollowerInfoImpl.java:lambda$new$1(49)) - s0@group-DBBE7E7C6C61->s1: matchIndex: updateToMax old=2, new=-1, updated? false
2022-08-02 21:05:57,244 [grpc-default-executor-3] DEBUG leader.FollowerInfo (FollowerInfoImpl.java:lambda$new$1(49)) - s0@group-DBBE7E7C6C61->s2: commitIndex: updateToMax old=1, new=1, updated? false
2022-08-02 21:05:57,244 [grpc-default-executor-3] DEBUG leader.FollowerInfo (FollowerInfoImpl.java:lambda$new$1(49)) - s0@group-DBBE7E7C6C61->s2: matchIndex: updateToMax old=2, new=-1, updated? false
2022-08-02 21:05:57,245 [grpc-default-executor-0] DEBUG leader.FollowerInfo (FollowerInfoImpl.java:lambda$new$1(49)) - s0@group-DBBE7E7C6C61->s1: commitIndex: updateToMax old=1, new=1, updated? false
2022-08-02 21:05:57,245 [grpc-default-executor-0] DEBUG leader.FollowerInfo (FollowerInfoImpl.java:lambda$new$1(49)) - s0@group-DBBE7E7C6C61->s1: matchIndex: updateToMax old=2, new=-1, updated? false
2022-08-02 21:05:57,246 [grpc-default-executor-3] DEBUG leader.FollowerInfo (FollowerInfoImpl.java:lambda$new$1(49)) - s0@group-DBBE7E7C6C61->s2: commitIndex: updateToMax old=1, new=1, updated? false
2022-08-02 21:05:57,246 [grpc-default-executor-3] DEBUG leader.FollowerInfo (FollowerInfoImpl.java:lambda$new$1(49)) - s0@group-DBBE7E7C6C61->s2: matchIndex: updateToMax old=2, new=-1, updated? false
2022-08-02 21:05:57,246 [grpc-default-executor-0] DEBUG leader.FollowerInfo (FollowerInfoImpl.java:lambda$new$1(49)) - s0@group-DBBE7E7C6C61->s1: commitIndex: updateToMax old=1, new=1, updated? false
2022-08-02 21:05:57,246 [grpc-default-executor-0] DEBUG leader.FollowerInfo (FollowerInfoImpl.java:lambda$new$1(49)) - s0@group-DBBE7E7C6C61->s1: matchIndex: updateToMax old=2, new=-1, updated? false
2022-08-02 21:05:57,247 [grpc-default-executor-3] DEBUG leader.FollowerInfo (FollowerInfoImpl.java:lambda$new$1(49)) - s0@group-DBBE7E7C6C61->s2: commitIndex: updateToMax old=1, new=1, updated? false
2022-08-02 21:05:57,247 [grpc-default-executor-3] DEBUG leader.FollowerInfo (FollowerInfoImpl.java:lambda$new$1(49)) - s0@group-DBBE7E7C6C61->s2: matchIndex: updateToMax old=2, new=-1, updated? false
2022-08-02 21:05:57,248 [grpc-default-executor-0] DEBUG leader.FollowerInfo (FollowerInfoImpl.java:lambda$new$1(49)) - s0@group-DBBE7E7C6C61->s1: commitIndex: updateToMax old=1, new=1, updated? false
2022-08-02 21:05:57,248 [grpc-default-executor-0] DEBUG leader.FollowerInfo (FollowerInfoImpl.java:lambda$new$1(49)) - s0@group-DBBE7E7C6C61->s1: matchIndex: updateToMax old=2, new=-1, updated? false
2022-08-02 21:05:57,248 [grpc-default-executor-3] DEBUG leader.FollowerInfo (FollowerInfoImpl.java:lambda$new$1(49)) - s0@group-DBBE7E7C6C61->s2: commitIndex: updateToMax old=1, new=1, updated? false
2022-08-02 21:05:57,248 [grpc-default-executor-3] DEBUG leader.FollowerInfo (FollowerInfoImpl.java:lambda$new$1(49)) - s0@group-DBBE7E7C6C61->s2: matchIndex: updateToMax old=2, new=-1, updated? false
2022-08-02 21:05:57,249 [grpc-default-executor-0] DEBUG leader.FollowerInfo (FollowerInfoImpl.java:lambda$new$1(49)) - s0@group-DBBE7E7C6C61->s1: commitIndex: updateToMax old=1, new=1, updated? false
2022-08-02 21:05:57,249 [grpc-default-executor-0] DEBUG leader.FollowerInfo (FollowerInfoImpl.java:lambda$new$1(49)) - s0@group-DBBE7E7C6C61->s1: matchIndex: updateToMax old=2, new=-1, updated? false
2022-08-02 21:05:57,249 [grpc-default-executor-3] DEBUG leader.FollowerInfo (FollowerInfoImpl.java:lambda$new$1(49)) - s0@group-DBBE7E7C6C61->s2: commitIndex: updateToMax old=1, new=1, updated? false
2022-08-02 21:05:57,250 [grpc-default-executor-3] DEBUG leader.FollowerInfo (FollowerInfoImpl.java:lambda$new$1(49)) - s0@group-DBBE7E7C6C61->s2: matchIndex: updateToMax old=2, new=-1, updated? false
2022-08-02 21:05:57,250 [grpc-default-executor-0] DEBUG leader.FollowerInfo (FollowerInfoImpl.java:lambda$new$1(49)) - s0@group-DBBE7E7C6C61->s1: commitIndex: updateToMax old=1, new=1, updated? false
2022-08-02 21:05:57,250 [grpc-default-executor-0] DEBUG leader.FollowerInfo (FollowerInfoImpl.java:lambda$new$1(49)) - s0@group-DBBE7E7C6C61->s1: matchIndex: updateToMax old=2, new=-1, updated? false
2022-08-02 21:05:57,251 [grpc-default-executor-3] DEBUG leader.FollowerInfo (FollowerInfoImpl.java:lambda$new$1(49)) - s0@group-DBBE7E7C6C61->s2: commitIndex: updateToMax old=1, new=1, updated? false
2022-08-02 21:05:57,251 [grpc-default-executor-3] DEBUG leader.FollowerInfo (FollowerInfoImpl.java:lambda$new$1(49)) - s0@group-DBBE7E7C6C61->s2: matchIndex: updateToMax old=2, new=-1, updated? false
2022-08-02 21:05:57,251 [grpc-default-executor-0] DEBUG leader.FollowerInfo (FollowerInfoImpl.java:lambda$new$1(49)) - s0@group-DBBE7E7C6C61->s1: commitIndex: updateToMax old=1, new=1, updated? false
2022-08-02 21:05:57,252 [grpc-default-executor-0] DEBUG leader.FollowerInfo (FollowerInfoImpl.java:lambda$new$1(49)) - s0@group-DBBE7E7C6C61->s1: matchIndex: updateToMax old=2, new=-1, updated? false
2022-08-02 21:05:57,252 [grpc-default-executor-3] DEBUG leader.FollowerInfo (FollowerInfoImpl.java:lambda$new$1(49)) - s0@group-DBBE7E7C6C61->s2: commitIndex: updateToMax old=1, new=1, updated? false
2022-08-02 21:05:57,252 [grpc-default-executor-3] DEBUG leader.FollowerInfo (FollowerInfoImpl.java:lambda$new$1(49)) - s0@group-DBBE7E7C6C61->s2: matchIndex: updateToMax old=2, new=-1, updated? false
2022-08-02 21:05:57,253 [grpc-default-executor-0] DEBUG leader.FollowerInfo (FollowerInfoImpl.java:lambda$new$1(49)) - s0@group-DBBE7E7C6C61->s1: commitIndex: updateToMax old=1, new=1, updated? false
2022-08-02 21:05:57,253 [grpc-default-executor-0] DEBUG leader.FollowerInfo (FollowerInfoImpl.java:lambda$new$1(49)) - s0@group-DBBE7E7C6C61->s1: matchIndex: updateToMax old=2, new=-1, updated? false
2022-08-02 21:05:57,253 [grpc-default-executor-3] DEBUG leader.FollowerInfo (FollowerInfoImpl.java:lambda$new$1(49)) - s0@group-DBBE7E7C6C61->s2: commitIndex: updateToMax old=1, new=1, updated? false
2022-08-02 21:05:57,253 [grpc-default-executor-3] DEBUG leader.FollowerInfo (FollowerInfoImpl.java:lambda$new$1(49)) - s0@group-DBBE7E7C6C61->s2: matchIndex: updateToMax old=2, new=-1, updated? false
2022-08-02 21:05:57,254 [grpc-default-executor-0] DEBUG leader.FollowerInfo (FollowerInfoImpl.java:lambda$new$1(49)) - s0@group-DBBE7E7C6C61->s1: commitIndex: updateToMax old=1, new=1, updated? false
2022-08-02 21:05:57,254 [grpc-default-executor-0] DEBUG leader.FollowerInfo (FollowerInfoImpl.java:lambda$new$1(49)) - s0@group-DBBE7E7C6C61->s1: matchIndex: updateToMax old=2, new=-1, updated? false
2022-08-02 21:05:57,255 [grpc-default-executor-3] DEBUG leader.FollowerInfo (FollowerInfoImpl.java:lambda$new$1(49)) - s0@group-DBBE7E7C6C61->s2: commitIndex: updateToMax old=1, new=1, updated? false
2022-08-02 21:05:57,255 [grpc-default-executor-3] DEBUG leader.FollowerInfo (FollowerInfoImpl.java:lambda$new$1(49)) - s0@group-DBBE7E7C6C61->s2: matchIndex: updateToMax old=2, new=-1, updated? false
2022-08-02 21:05:57,255 [grpc-default-executor-0] DEBUG leader.FollowerInfo (FollowerInfoImpl.java:lambda$new$1(49)) - s0@group-DBBE7E7C6C61->s1: commitIndex: updateToMax old=1, new=1, updated? false
2022-08-02 21:05:57,255 [grpc-default-executor-0] DEBUG leader.FollowerInfo (FollowerInfoImpl.java:lambda$new$1(49)) - s0@group-DBBE7E7C6C61->s1: matchIndex: updateToMax old=2, new=-1, updated? false
2022-08-02 21:05:57,256 [grpc-default-executor-3] DEBUG leader.FollowerInfo (FollowerInfoImpl.java:lambda$new$1(49)) - s0@group-DBBE7E7C6C61->s2: commitIndex: updateToMax old=1, new=1, updated? false
2022-08-02 21:05:57,256 [grpc-default-executor-3] DEBUG leader.FollowerInfo (FollowerInfoImpl.java:lambda$new$1(49)) - s0@group-DBBE7E7C6C61->s2: matchIndex: updateToMax old=2, new=-1, updated? false
2022-08-02 21:05:57,257 [grpc-default-executor-0] DEBUG leader.FollowerInfo (FollowerInfoImpl.java:lambda$new$1(49)) - s0@group-DBBE7E7C6C61->s1: commitIndex: updateToMax old=1, new=1, updated? false
2022-08-02 21:05:57,257 [grpc-default-executor-0] DEBUG leader.FollowerInfo (FollowerInfoImpl.java:lambda$new$1(49)) - s0@group-DBBE7E7C6C61->s1: matchIndex: updateToMax old=2, new=-1, updated? false
2022-08-02 21:05:57,257 [grpc-default-executor-3] DEBUG leader.FollowerInfo (FollowerInfoImpl.java:lambda$new$1(49)) - s0@group-DBBE7E7C6C61->s2: commitIndex: updateToMax old=1, new=1, updated? false
2022-08-02 21:05:57,257 [grpc-default-executor-3] DEBUG leader.FollowerInfo (FollowerInfoImpl.java:lambda$new$1(49)) - s0@group-DBBE7E7C6C61->s2: matchIndex: updateToMax old=2, new=-1, updated? false
2022-08-02 21:05:57,258 [grpc-default-executor-0] DEBUG leader.FollowerInfo (FollowerInfoImpl.java:lambda$new$1(49)) - s0@group-DBBE7E7C6C61->s1: commitIndex: updateToMax old=1, new=1, updated? false
2022-08-02 21:05:57,258 [grpc-default-executor-0] DEBUG leader.FollowerInfo (FollowerInfoImpl.java:lambda$new$1(49)) - s0@group-DBBE7E7C6C61->s1: matchIndex: updateToMax old=2, new=-1, updated? false
2022-08-02 21:05:57,259 [grpc-default-executor-3] DEBUG leader.FollowerInfo (FollowerInfoImpl.java:lambda$new$1(49)) - s0@group-DBBE7E7C6C61->s2: commitIndex: updateToMax old=1, new=1, updated? false
2022-08-02 21:05:57,259 [grpc-default-executor-3] DEBUG leader.FollowerInfo (FollowerInfoImpl.java:lambda$new$1(49)) - s0@group-DBBE7E7C6C61->s2: matchIndex: updateToMax old=2, new=-1, updated? false
2022-08-02 21:05:57,259 [grpc-default-executor-0] DEBUG leader.FollowerInfo (FollowerInfoImpl.java:lambda$new$1(49)) - s0@group-DBBE7E7C6C61->s1: commitIndex: updateToMax old=1, new=1, updated? false
2022-08-02 21:05:57,259 [grpc-default-executor-0] DEBUG leader.FollowerInfo (FollowerInfoImpl.java:lambda$new$1(49)) - s0@group-DBBE7E7C6C61->s1: matchIndex: updateToMax old=2, new=-1, updated? false
2022-08-02 21:05:57,260 [grpc-default-executor-3] DEBUG leader.FollowerInfo (FollowerInfoImpl.java:lambda$new$1(49)) - s0@group-DBBE7E7C6C61->s2: commitIndex: updateToMax old=1, new=1, updated? false
2022-08-02 21:05:57,260 [grpc-default-executor-3] DEBUG leader.FollowerInfo (FollowerInfoImpl.java:lambda$new$1(49)) - s0@group-DBBE7E7C6C61->s2: matchIndex: updateToMax old=2, new=-1, updated? false
2022-08-02 21:05:57,261 [grpc-default-executor-0] DEBUG leader.FollowerInfo (FollowerInfoImpl.java:lambda$new$1(49)) - s0@group-DBBE7E7C6C61->s1: commitIndex: updateToMax old=1, new=1, updated? false
2022-08-02 21:05:57,261 [grpc-default-executor-0] DEBUG leader.FollowerInfo (FollowerInfoImpl.java:lambda$new$1(49)) - s0@group-DBBE7E7C6C61->s1: matchIndex: updateToMax old=2, new=-1, updated? false
2022-08-02 21:05:57,261 [grpc-default-executor-3] DEBUG leader.FollowerInfo (FollowerInfoImpl.java:lambda$new$1(49)) - s0@group-DBBE7E7C6C61->s2: commitIndex: updateToMax old=1, new=1, updated? false
2022-08-02 21:05:57,261 [grpc-default-executor-3] DEBUG leader.FollowerInfo (FollowerInfoImpl.java:lambda$new$1(49)) - s0@group-DBBE7E7C6C61->s2: matchIndex: updateToMax old=2, new=-1, updated? false
2022-08-02 21:05:57,262 [grpc-default-executor-0] DEBUG leader.FollowerInfo (FollowerInfoImpl.java:lambda$new$1(49)) - s0@group-DBBE7E7C6C61->s1: commitIndex: updateToMax old=1, new=1, updated? false
2022-08-02 21:05:57,262 [grpc-default-executor-0] DEBUG leader.FollowerInfo (FollowerInfoImpl.java:lambda$new$1(49)) - s0@group-DBBE7E7C6C61->s1: matchIndex: updateToMax old=2, new=-1, updated? false
2022-08-02 21:05:57,263 [grpc-default-executor-3] DEBUG leader.FollowerInfo (FollowerInfoImpl.java:lambda$new$1(49)) - s0@group-DBBE7E7C6C61->s2: commitIndex: updateToMax old=1, new=1, updated? false
2022-08-02 21:05:57,263 [grpc-default-executor-3] DEBUG leader.FollowerInfo (FollowerInfoImpl.java:lambda$new$1(49)) - s0@group-DBBE7E7C6C61->s2: matchIndex: updateToMax old=2, new=-1, updated? false
2022-08-02 21:05:57,263 [grpc-default-executor-0] DEBUG leader.FollowerInfo (FollowerInfoImpl.java:lambda$new$1(49)) - s0@group-DBBE7E7C6C61->s1: commitIndex: updateToMax old=1, new=1, updated? false
2022-08-02 21:05:57,263 [grpc-default-executor-0] DEBUG leader.FollowerInfo (FollowerInfoImpl.java:lambda$new$1(49)) - s0@group-DBBE7E7C6C61->s1: matchIndex: updateToMax old=2, new=-1, updated? false
2022-08-02 21:05:57,264 [grpc-default-executor-3] DEBUG leader.FollowerInfo (FollowerInfoImpl.java:lambda$new$1(49)) - s0@group-DBBE7E7C6C61->s2: commitIndex: updateToMax old=1, new=1, updated? false
2022-08-02 21:05:57,264 [grpc-default-executor-3] DEBUG leader.FollowerInfo (FollowerInfoImpl.java:lambda$new$1(49)) - s0@group-DBBE7E7C6C61->s2: matchIndex: updateToMax old=2, new=-1, updated? false
2022-08-02 21:05:57,265 [grpc-default-executor-0] DEBUG leader.FollowerInfo (FollowerInfoImpl.java:lambda$new$1(49)) - s0@group-DBBE7E7C6C61->s1: commitIndex: updateToMax old=1, new=1, updated? false
2022-08-02 21:05:57,265 [grpc-default-executor-0] DEBUG leader.FollowerInfo (FollowerInfoImpl.java:lambda$new$1(49)) - s0@group-DBBE7E7C6C61->s1: matchIndex: updateToMax old=2, new=-1, updated? false
2022-08-02 21:05:57,265 [grpc-default-executor-3] DEBUG leader.FollowerInfo (FollowerInfoImpl.java:lambda$new$1(49)) - s0@group-DBBE7E7C6C61->s2: commitIndex: updateToMax old=1, new=1, updated? false
2022-08-02 21:05:57,265 [grpc-default-executor-3] DEBUG leader.FollowerInfo (FollowerInfoImpl.java:lambda$new$1(49)) - s0@group-DBBE7E7C6C61->s2: matchIndex: updateToMax old=2, new=-1, updated? false
2022-08-02 21:05:57,266 [grpc-default-executor-0] DEBUG leader.FollowerInfo (FollowerInfoImpl.java:lambda$new$1(49)) - s0@group-DBBE7E7C6C61->s1: commitIndex: updateToMax old=1, new=1, updated? false
2022-08-02 21:05:57,266 [grpc-default-executor-0] DEBUG leader.FollowerInfo (FollowerInfoImpl.java:lambda$new$1(49)) - s0@group-DBBE7E7C6C61->s1: matchIndex: updateToMax old=2, new=-1, updated? false
2022-08-02 21:05:57,267 [grpc-default-executor-3] DEBUG leader.FollowerInfo (FollowerInfoImpl.java:lambda$new$1(49)) - s0@group-DBBE7E7C6C61->s2: commitIndex: updateToMax old=1, new=1, updated? false
2022-08-02 21:05:57,267 [grpc-default-executor-3] DEBUG leader.FollowerInfo (FollowerInfoImpl.java:lambda$new$1(49)) - s0@group-DBBE7E7C6C61->s2: matchIndex: updateToMax old=2, new=-1, updated? false
2022-08-02 21:05:57,267 [grpc-default-executor-0] DEBUG leader.FollowerInfo (FollowerInfoImpl.java:lambda$new$1(49)) - s0@group-DBBE7E7C6C61->s1: commitIndex: updateToMax old=1, new=1, updated? false
2022-08-02 21:05:57,267 [grpc-default-executor-0] DEBUG leader.FollowerInfo (FollowerInfoImpl.java:lambda$new$1(49)) - s0@group-DBBE7E7C6C61->s1: matchIndex: updateToMax old=2, new=-1, updated? false
2022-08-02 21:05:57,268 [grpc-default-executor-3] DEBUG leader.FollowerInfo (FollowerInfoImpl.java:lambda$new$1(49)) - s0@group-DBBE7E7C6C61->s2: commitIndex: updateToMax old=1, new=1, updated? false
2022-08-02 21:05:57,268 [grpc-default-executor-3] DEBUG leader.FollowerInfo (FollowerInfoImpl.java:lambda$new$1(49)) - s0@group-DBBE7E7C6C61->s2: matchIndex: updateToMax old=2, new=-1, updated? false
2022-08-02 21:05:57,269 [grpc-default-executor-0] DEBUG leader.FollowerInfo (FollowerInfoImpl.java:lambda$new$1(49)) - s0@group-DBBE7E7C6C61->s1: commitIndex: updateToMax old=1, new=1, updated? false
2022-08-02 21:05:57,269 [grpc-default-executor-0] DEBUG leader.FollowerInfo (FollowerInfoImpl.java:lambda$new$1(49)) - s0@group-DBBE7E7C6C61->s1: matchIndex: updateToMax old=2, new=-1, updated? false
2022-08-02 21:05:57,269 [grpc-default-executor-3] DEBUG leader.FollowerInfo (FollowerInfoImpl.java:lambda$new$1(49)) - s0@group-DBBE7E7C6C61->s2: commitIndex: updateToMax old=1, new=1, updated? false
2022-08-02 21:05:57,269 [grpc-default-executor-3] DEBUG leader.FollowerInfo (FollowerInfoImpl.java:lambda$new$1(49)) - s0@group-DBBE7E7C6C61->s2: matchIndex: updateToMax old=2, new=-1, updated? false
2022-08-02 21:05:57,270 [grpc-default-executor-0] DEBUG leader.FollowerInfo (FollowerInfoImpl.java:lambda$new$1(49)) - s0@group-DBBE7E7C6C61->s1: commitIndex: updateToMax old=1, new=1, updated? false
2022-08-02 21:05:57,270 [grpc-default-executor-0] DEBUG leader.FollowerInfo (FollowerInfoImpl.java:lambda$new$1(49)) - s0@group-DBBE7E7C6C61->s1: matchIndex: updateToMax old=2, new=-1, updated? false
2022-08-02 21:05:57,271 [grpc-default-executor-3] DEBUG leader.FollowerInfo (FollowerInfoImpl.java:lambda$new$1(49)) - s0@group-DBBE7E7C6C61->s2: commitIndex: updateToMax old=1, new=1, updated? false
2022-08-02 21:05:57,271 [grpc-default-executor-3] DEBUG leader.FollowerInfo (FollowerInfoImpl.java:lambda$new$1(49)) - s0@group-DBBE7E7C6C61->s2: matchIndex: updateToMax old=2, new=-1, updated? false
2022-08-02 21:05:57,271 [grpc-default-executor-0] DEBUG leader.FollowerInfo (FollowerInfoImpl.java:lambda$new$1(49)) - s0@group-DBBE7E7C6C61->s1: commitIndex: updateToMax old=1, new=1, updated? false
2022-08-02 21:05:57,271 [grpc-default-executor-0] DEBUG leader.FollowerInfo (FollowerInfoImpl.java:lambda$new$1(49)) - s0@group-DBBE7E7C6C61->s1: matchIndex: updateToMax old=2, new=-1, updated? false
2022-08-02 21:05:57,272 [grpc-default-executor-3] DEBUG leader.FollowerInfo (FollowerInfoImpl.java:lambda$new$1(49)) - s0@group-DBBE7E7C6C61->s2: commitIndex: updateToMax old=1, new=1, updated? false
2022-08-02 21:05:57,272 [grpc-default-executor-3] DEBUG leader.FollowerInfo (FollowerInfoImpl.java:lambda$new$1(49)) - s0@group-DBBE7E7C6C61->s2: matchIndex: updateToMax old=2, new=-1, updated? false
2022-08-02 21:05:57,273 [grpc-default-executor-0] DEBUG leader.FollowerInfo (FollowerInfoImpl.java:lambda$new$1(49)) - s0@group-DBBE7E7C6C61->s1: commitIndex: updateToMax old=1, new=1, updated? false
2022-08-02 21:05:57,273 [grpc-default-executor-0] DEBUG leader.FollowerInfo (FollowerInfoImpl.java:lambda$new$1(49)) - s0@group-DBBE7E7C6C61->s1: matchIndex: updateToMax old=2, new=-1, updated? false
2022-08-02 21:05:57,273 [grpc-default-executor-3] DEBUG leader.FollowerInfo (FollowerInfoImpl.java:lambda$new$1(49)) - s0@group-DBBE7E7C6C61->s2: commitIndex: updateToMax old=1, new=1, updated? false
2022-08-02 21:05:57,273 [grpc-default-executor-3] DEBUG leader.FollowerInfo (FollowerInfoImpl.java:lambda$new$1(49)) - s0@group-DBBE7E7C6C61->s2: matchIndex: updateToMax old=2, new=-1, updated? false
2022-08-02 21:05:57,274 [grpc-default-executor-0] DEBUG leader.FollowerInfo (FollowerInfoImpl.java:lambda$new$1(49)) - s0@group-DBBE7E7C6C61->s1: commitIndex: updateToMax old=1, new=1, updated? false
2022-08-02 21:05:57,274 [grpc-default-executor-0] DEBUG leader.FollowerInfo (FollowerInfoImpl.java:lambda$new$1(49)) - s0@group-DBBE7E7C6C61->s1: matchIndex: updateToMax old=2, new=-1, updated? false
2022-08-02 21:05:57,275 [grpc-default-executor-3] DEBUG leader.FollowerInfo (FollowerInfoImpl.java:lambda$new$1(49)) - s0@group-DBBE7E7C6C61->s2: commitIndex: updateToMax old=1, new=1, updated? false
2022-08-02 21:05:57,275 [grpc-default-executor-3] DEBUG leader.FollowerInfo (FollowerInfoImpl.java:lambda$new$1(49)) - s0@group-DBBE7E7C6C61->s2: matchIndex: updateToMax old=2, new=-1, updated? false
2022-08-02 21:05:57,275 [grpc-default-executor-0] DEBUG leader.FollowerInfo (FollowerInfoImpl.java:lambda$new$1(49)) - s0@group-DBBE7E7C6C61->s1: commitIndex: updateToMax old=1, new=1, updated? false
2022-08-02 21:05:57,276 [grpc-default-executor-0] DEBUG leader.FollowerInfo (FollowerInfoImpl.java:lambda$new$1(49)) - s0@group-DBBE7E7C6C61->s1: matchIndex: updateToMax old=2, new=-1, updated? false
2022-08-02 21:05:57,276 [grpc-default-executor-3] DEBUG leader.FollowerInfo (FollowerInfoImpl.java:lambda$new$1(49)) - s0@group-DBBE7E7C6C61->s2: commitIndex: updateToMax old=1, new=1, updated? false
2022-08-02 21:05:57,276 [grpc-default-executor-3] DEBUG leader.FollowerInfo (FollowerInfoImpl.java:lambda$new$1(49)) - s0@group-DBBE7E7C6C61->s2: matchIndex: updateToMax old=2, new=-1, updated? false
2022-08-02 21:05:57,277 [grpc-default-executor-0] DEBUG leader.FollowerInfo (FollowerInfoImpl.java:lambda$new$1(49)) - s0@group-DBBE7E7C6C61->s1: commitIndex: updateToMax old=1, new=1, updated? false
2022-08-02 21:05:57,277 [grpc-default-executor-0] DEBUG leader.FollowerInfo (FollowerInfoImpl.java:lambda$new$1(49)) - s0@group-DBBE7E7C6C61->s1: matchIndex: updateToMax old=2, new=-1, updated? false
2022-08-02 21:05:57,277 [grpc-default-executor-3] DEBUG leader.FollowerInfo (FollowerInfoImpl.java:lambda$new$1(49)) - s0@group-DBBE7E7C6C61->s2: commitIndex: updateToMax old=1, new=1, updated? false
2022-08-02 21:05:57,277 [grpc-default-executor-3] DEBUG leader.FollowerInfo (FollowerInfoImpl.java:lambda$new$1(49)) - s0@group-DBBE7E7C6C61->s2: matchIndex: updateToMax old=2, new=-1, updated? false
2022-08-02 21:05:57,278 [grpc-default-executor-0] DEBUG leader.FollowerInfo (FollowerInfoImpl.java:lambda$new$1(49)) - s0@group-DBBE7E7C6C61->s1: commitIndex: updateToMax old=1, new=1, updated? false
2022-08-02 21:05:57,278 [grpc-default-executor-0] DEBUG leader.FollowerInfo (FollowerInfoImpl.java:lambda$new$1(49)) - s0@group-DBBE7E7C6C61->s1: matchIndex: updateToMax old=2, new=-1, updated? false
2022-08-02 21:05:57,279 [grpc-default-executor-3] DEBUG leader.FollowerInfo (FollowerInfoImpl.java:lambda$new$1(49)) - s0@group-DBBE7E7C6C61->s2: commitIndex: updateToMax old=1, new=1, updated? false
2022-08-02 21:05:57,279 [grpc-default-executor-3] DEBUG leader.FollowerInfo (FollowerInfoImpl.java:lambda$new$1(49)) - s0@group-DBBE7E7C6C61->s2: matchIndex: updateToMax old=2, new=-1, updated? false
2022-08-02 21:05:57,279 [grpc-default-executor-0] DEBUG leader.FollowerInfo (FollowerInfoImpl.java:lambda$new$1(49)) - s0@group-DBBE7E7C6C61->s1: commitIndex: updateToMax old=1, new=1, updated? false
2022-08-02 21:05:57,279 [grpc-default-executor-0] DEBUG leader.FollowerInfo (FollowerInfoImpl.java:lambda$new$1(49)) - s0@group-DBBE7E7C6C61->s1: matchIndex: updateToMax old=2, new=-1, updated? false
2022-08-02 21:05:57,280 [grpc-default-executor-3] DEBUG leader.FollowerInfo (FollowerInfoImpl.java:lambda$new$1(49)) - s0@group-DBBE7E7C6C61->s2: commitIndex: updateToMax old=1, new=1, updated? false
2022-08-02 21:05:57,280 [grpc-default-executor-3] DEBUG leader.FollowerInfo (FollowerInfoImpl.java:lambda$new$1(49)) - s0@group-DBBE7E7C6C61->s2: matchIndex: updateToMax old=2, new=-1, updated? false
2022-08-02 21:05:57,281 [grpc-default-executor-0] DEBUG leader.FollowerInfo (FollowerInfoImpl.java:lambda$new$1(49)) - s0@group-DBBE7E7C6C61->s1: commitIndex: updateToMax old=1, new=1, updated? false
2022-08-02 21:05:57,281 [grpc-default-executor-0] DEBUG leader.FollowerInfo (FollowerInfoImpl.java:lambda$new$1(49)) - s0@group-DBBE7E7C6C61->s1: matchIndex: updateToMax old=2, new=-1, updated? false
2022-08-02 21:05:57,281 [grpc-default-executor-3] DEBUG leader.FollowerInfo (FollowerInfoImpl.java:lambda$new$1(49)) - s0@group-DBBE7E7C6C61->s2: commitIndex: updateToMax old=1, new=1, updated? false
2022-08-02 21:05:57,281 [grpc-default-executor-3] DEBUG leader.FollowerInfo (FollowerInfoImpl.java:lambda$new$1(49)) - s0@group-DBBE7E7C6C61->s2: matchIndex: updateToMax old=2, new=-1, updated? false
2022-08-02 21:05:57,282 [grpc-default-executor-0] DEBUG leader.FollowerInfo (FollowerInfoImpl.java:lambda$new$1(49)) - s0@group-DBBE7E7C6C61->s1: commitIndex: updateToMax old=1, new=1, updated? false
2022-08-02 21:05:57,282 [grpc-default-executor-0] DEBUG leader.FollowerInfo (FollowerInfoImpl.java:lambda$new$1(49)) - s0@group-DBBE7E7C6C61->s1: matchIndex: updateToMax old=2, new=-1, updated? false
2022-08-02 21:05:57,283 [grpc-default-executor-3] DEBUG leader.FollowerInfo (FollowerInfoImpl.java:lambda$new$1(49)) - s0@group-DBBE7E7C6C61->s2: commitIndex: updateToMax old=1, new=1, updated? false
2022-08-02 21:05:57,283 [grpc-default-executor-3] DEBUG leader.FollowerInfo (FollowerInfoImpl.java:lambda$new$1(49)) - s0@group-DBBE7E7C6C61->s2: matchIndex: updateToMax old=2, new=-1, updated? false
2022-08-02 21:05:57,284 [grpc-default-executor-0] DEBUG leader.FollowerInfo (FollowerInfoImpl.java:lambda$new$1(49)) - s0@group-DBBE7E7C6C61->s1: commitIndex: updateToMax old=1, new=1, updated? false
2022-08-02 21:05:57,284 [grpc-default-executor-0] DEBUG leader.FollowerInfo (FollowerInfoImpl.java:lambda$new$1(49)) - s0@group-DBBE7E7C6C61->s1: matchIndex: updateToMax old=2, new=-1, updated? false
2022-08-02 21:05:57,284 [grpc-default-executor-3] DEBUG leader.FollowerInfo (FollowerInfoImpl.java:lambda$new$1(49)) - s0@group-DBBE7E7C6C61->s2: commitIndex: updateToMax old=1, new=1, updated? false
2022-08-02 21:05:57,284 [grpc-default-executor-3] DEBUG leader.FollowerInfo (FollowerInfoImpl.java:lambda$new$1(49)) - s0@group-DBBE7E7C6C61->s2: matchIndex: updateToMax old=2, new=-1, updated? false
2022-08-02 21:05:57,285 [grpc-default-executor-0] DEBUG leader.FollowerInfo (FollowerInfoImpl.java:lambda$new$1(49)) - s0@group-DBBE7E7C6C61->s1: commitIndex: updateToMax old=1, new=1, updated? false
2022-08-02 21:05:57,285 [grpc-default-executor-0] DEBUG leader.FollowerInfo (FollowerInfoImpl.java:lambda$new$1(49)) - s0@group-DBBE7E7C6C61->s1: matchIndex: updateToMax old=2, new=-1, updated? false
2022-08-02 21:05:57,286 [grpc-default-executor-3] DEBUG leader.FollowerInfo (FollowerInfoImpl.java:lambda$new$1(49)) - s0@group-DBBE7E7C6C61->s2: commitIndex: updateToMax old=1, new=1, updated? false
2022-08-02 21:05:57,286 [grpc-default-executor-3] DEBUG leader.FollowerInfo (FollowerInfoImpl.java:lambda$new$1(49)) - s0@group-DBBE7E7C6C61->s2: matchIndex: updateToMax old=2, new=-1, updated? false
2022-08-02 21:05:57,288 [grpc-default-executor-0] DEBUG leader.FollowerInfo (FollowerInfoImpl.java:lambda$new$1(49)) - s0@group-DBBE7E7C6C61->s1: commitIndex: updateToMax old=1, new=1, updated? false
2022-08-02 21:05:57,288 [grpc-default-executor-0] DEBUG leader.FollowerInfo (FollowerInfoImpl.java:lambda$new$1(49)) - s0@group-DBBE7E7C6C61->s1: matchIndex: updateToMax old=2, new=-1, updated? false
2022-08-02 21:05:57,289 [grpc-default-executor-3] DEBUG leader.FollowerInfo (FollowerInfoImpl.java:lambda$new$1(49)) - s0@group-DBBE7E7C6C61->s2: commitIndex: updateToMax old=1, new=1, updated? false
2022-08-02 21:05:57,289 [grpc-default-executor-3] DEBUG leader.FollowerInfo (FollowerInfoImpl.java:lambda$new$1(49)) - s0@group-DBBE7E7C6C61->s2: matchIndex: updateToMax old=2, new=-1, updated? false
2022-08-02 21:05:57,290 [grpc-default-executor-0] DEBUG leader.FollowerInfo (FollowerInfoImpl.java:lambda$new$1(49)) - s0@group-DBBE7E7C6C61->s1: commitIndex: updateToMax old=1, new=1, updated? false
2022-08-02 21:05:57,290 [grpc-default-executor-0] DEBUG leader.FollowerInfo (FollowerInfoImpl.java:lambda$new$1(49)) - s0@group-DBBE7E7C6C61->s1: matchIndex: updateToMax old=2, new=-1, updated? false
2022-08-02 21:05:57,290 [grpc-default-executor-3] DEBUG leader.FollowerInfo (FollowerInfoImpl.java:lambda$new$1(49)) - s0@group-DBBE7E7C6C61->s2: commitIndex: updateToMax old=1, new=1, updated? false
2022-08-02 21:05:57,290 [grpc-default-executor-3] DEBUG leader.FollowerInfo (FollowerInfoImpl.java:lambda$new$1(49)) - s0@group-DBBE7E7C6C61->s2: matchIndex: updateToMax old=2, new=-1, updated? false
2022-08-02 21:05:57,291 [grpc-default-executor-0] DEBUG leader.FollowerInfo (FollowerInfoImpl.java:lambda$new$1(49)) - s0@group-DBBE7E7C6C61->s1: commitIndex: updateToMax old=1, new=1, updated? false
2022-08-02 21:05:57,291 [grpc-default-executor-0] DEBUG leader.FollowerInfo (FollowerInfoImpl.java:lambda$new$1(49)) - s0@group-DBBE7E7C6C61->s1: matchIndex: updateToMax old=2, new=-1, updated? false
2022-08-02 21:05:57,292 [grpc-default-executor-3] DEBUG leader.FollowerInfo (FollowerInfoImpl.java:lambda$new$1(49)) - s0@group-DBBE7E7C6C61->s2: commitIndex: updateToMax old=1, new=1, updated? false
2022-08-02 21:05:57,292 [grpc-default-executor-3] DEBUG leader.FollowerInfo (FollowerInfoImpl.java:lambda$new$1(49)) - s0@group-DBBE7E7C6C61->s2: matchIndex: updateToMax old=2, new=-1, updated? false
2022-08-02 21:05:57,293 [grpc-default-executor-0] DEBUG leader.FollowerInfo (FollowerInfoImpl.java:lambda$new$1(49)) - s0@group-DBBE7E7C6C61->s1: commitIndex: updateToMax old=1, new=1, updated? false
2022-08-02 21:05:57,293 [grpc-default-executor-0] DEBUG leader.FollowerInfo (FollowerInfoImpl.java:lambda$new$1(49)) - s0@group-DBBE7E7C6C61->s1: matchIndex: updateToMax old=2, new=-1, updated? false
2022-08-02 21:05:57,293 [grpc-default-executor-3] DEBUG leader.FollowerInfo (FollowerInfoImpl.java:lambda$new$1(49)) - s0@group-DBBE7E7C6C61->s2: commitIndex: updateToMax old=1, new=1, updated? false
2022-08-02 21:05:57,293 [grpc-default-executor-3] DEBUG leader.FollowerInfo (FollowerInfoImpl.java:lambda$new$1(49)) - s0@group-DBBE7E7C6C61->s2: matchIndex: updateToMax old=2, new=-1, updated? false
2022-08-02 21:05:57,294 [grpc-default-executor-0] DEBUG leader.FollowerInfo (FollowerInfoImpl.java:lambda$new$1(49)) - s0@group-DBBE7E7C6C61->s1: commitIndex: updateToMax old=1, new=1, updated? false
2022-08-02 21:05:57,294 [grpc-default-executor-0] DEBUG leader.FollowerInfo (FollowerInfoImpl.java:lambda$new$1(49)) - s0@group-DBBE7E7C6C61->s1: matchIndex: updateToMax old=2, new=-1, updated? false
2022-08-02 21:05:57,295 [grpc-default-executor-3] DEBUG leader.FollowerInfo (FollowerInfoImpl.java:lambda$new$1(49)) - s0@group-DBBE7E7C6C61->s2: commitIndex: updateToMax old=1, new=1, updated? false
2022-08-02 21:05:57,295 [grpc-default-executor-3] DEBUG leader.FollowerInfo (FollowerInfoImpl.java:lambda$new$1(49)) - s0@group-DBBE7E7C6C61->s2: matchIndex: updateToMax old=2, new=-1, updated? false
2022-08-02 21:05:57,295 [grpc-default-executor-0] DEBUG leader.FollowerInfo (FollowerInfoImpl.java:lambda$new$1(49)) - s0@group-DBBE7E7C6C61->s1: commitIndex: updateToMax old=1, new=1, updated? false
2022-08-02 21:05:57,295 [grpc-default-executor-0] DEBUG leader.FollowerInfo (FollowerInfoImpl.java:lambda$new$1(49)) - s0@group-DBBE7E7C6C61->s1: matchIndex: updateToMax old=2, new=-1, updated? false
2022-08-02 21:05:57,296 [grpc-default-executor-3] DEBUG leader.FollowerInfo (FollowerInfoImpl.java:lambda$new$1(49)) - s0@group-DBBE7E7C6C61->s2: commitIndex: updateToMax old=1, new=1, updated? false
2022-08-02 21:05:57,296 [grpc-default-executor-3] DEBUG leader.FollowerInfo (FollowerInfoImpl.java:lambda$new$1(49)) - s0@group-DBBE7E7C6C61->s2: matchIndex: updateToMax old=2, new=-1, updated? false
2022-08-02 21:05:57,297 [grpc-default-executor-0] DEBUG leader.FollowerInfo (FollowerInfoImpl.java:lambda$new$1(49)) - s0@group-DBBE7E7C6C61->s1: commitIndex: updateToMax old=1, new=1, updated? false
2022-08-02 21:05:57,297 [grpc-default-executor-0] DEBUG leader.FollowerInfo (FollowerInfoImpl.java:lambda$new$1(49)) - s0@group-DBBE7E7C6C61->s1: matchIndex: updateToMax old=2, new=-1, updated? false
2022-08-02 21:05:57,297 [grpc-default-executor-3] DEBUG leader.FollowerInfo (FollowerInfoImpl.java:lambda$new$1(49)) - s0@group-DBBE7E7C6C61->s2: commitIndex: updateToMax old=1, new=1, updated? false
2022-08-02 21:05:57,297 [grpc-default-executor-3] DEBUG leader.FollowerInfo (FollowerInfoImpl.java:lambda$new$1(49)) - s0@group-DBBE7E7C6C61->s2: matchIndex: updateToMax old=2, new=-1, updated? false
2022-08-02 21:05:57,298 [grpc-default-executor-0] DEBUG leader.FollowerInfo (FollowerInfoImpl.java:lambda$new$1(49)) - s0@group-DBBE7E7C6C61->s1: commitIndex: updateToMax old=1, new=1, updated? false
2022-08-02 21:05:57,298 [grpc-default-executor-0] DEBUG leader.FollowerInfo (FollowerInfoImpl.java:lambda$new$1(49)) - s0@group-DBBE7E7C6C61->s1: matchIndex: updateToMax old=2, new=-1, updated? false
2022-08-02 21:05:57,299 [grpc-default-executor-3] DEBUG leader.FollowerInfo (FollowerInfoImpl.java:lambda$new$1(49)) - s0@group-DBBE7E7C6C61->s2: commitIndex: updateToMax old=1, new=1, updated? false
2022-08-02 21:05:57,299 [grpc-default-executor-3] DEBUG leader.FollowerInfo (FollowerInfoImpl.java:lambda$new$1(49)) - s0@group-DBBE7E7C6C61->s2: matchIndex: updateToMax old=2, new=-1, updated? false
2022-08-02 21:05:57,299 [grpc-default-executor-0] DEBUG leader.FollowerInfo (FollowerInfoImpl.java:lambda$new$1(49)) - s0@group-DBBE7E7C6C61->s1: commitIndex: updateToMax old=1, new=1, updated? false
2022-08-02 21:05:57,299 [grpc-default-executor-0] DEBUG leader.FollowerInfo (FollowerInfoImpl.java:lambda$new$1(49)) - s0@group-DBBE7E7C6C61->s1: matchIndex: updateToMax old=2, new=-1, updated? false
2022-08-02 21:05:57,300 [grpc-default-executor-3] DEBUG leader.FollowerInfo (FollowerInfoImpl.java:lambda$new$1(49)) - s0@group-DBBE7E7C6C61->s2: commitIndex: updateToMax old=1, new=1, updated? false
2022-08-02 21:05:57,300 [grpc-default-executor-3] DEBUG leader.FollowerInfo (FollowerInfoImpl.java:lambda$new$1(49)) - s0@group-DBBE7E7C6C61->s2: matchIndex: updateToMax old=2, new=-1, updated? false
2022-08-02 21:05:57,301 [grpc-default-executor-0] DEBUG leader.FollowerInfo (FollowerInfoImpl.java:lambda$new$1(49)) - s0@group-DBBE7E7C6C61->s1: commitIndex: updateToMax old=1, new=1, updated? false
2022-08-02 21:05:57,301 [grpc-default-executor-0] DEBUG leader.FollowerInfo (FollowerInfoImpl.java:lambda$new$1(49)) - s0@group-DBBE7E7C6C61->s1: matchIndex: updateToMax old=2, new=-1, updated? false
2022-08-02 21:05:57,301 [grpc-default-executor-3] DEBUG leader.FollowerInfo (FollowerInfoImpl.java:lambda$new$1(49)) - s0@group-DBBE7E7C6C61->s2: commitIndex: updateToMax old=1, new=1, updated? false
2022-08-02 21:05:57,302 [grpc-default-executor-3] DEBUG leader.FollowerInfo (FollowerInfoImpl.java:lambda$new$1(49)) - s0@group-DBBE7E7C6C61->s2: matchIndex: updateToMax old=2, new=-1, updated? false
2022-08-02 21:05:57,302 [grpc-default-executor-0] DEBUG leader.FollowerInfo (FollowerInfoImpl.java:lambda$new$1(49)) - s0@group-DBBE7E7C6C61->s1: commitIndex: updateToMax old=1, new=1, updated? false
2022-08-02 21:05:57,302 [grpc-default-executor-0] DEBUG leader.FollowerInfo (FollowerInfoImpl.java:lambda$new$1(49)) - s0@group-DBBE7E7C6C61->s1: matchIndex: updateToMax old=2, new=-1, updated? false
2022-08-02 21:05:57,303 [grpc-default-executor-3] DEBUG leader.FollowerInfo (FollowerInfoImpl.java:lambda$new$1(49)) - s0@group-DBBE7E7C6C61->s2: commitIndex: updateToMax old=1, new=1, updated? false
2022-08-02 21:05:57,303 [grpc-default-executor-3] DEBUG leader.FollowerInfo (FollowerInfoImpl.java:lambda$new$1(49)) - s0@group-DBBE7E7C6C61->s2: matchIndex: updateToMax old=2, new=-1, updated? false
2022-08-02 21:05:57,303 [grpc-default-executor-0] DEBUG leader.FollowerInfo (FollowerInfoImpl.java:lambda$new$1(49)) - s0@group-DBBE7E7C6C61->s1: commitIndex: updateToMax old=1, new=1, updated? false
2022-08-02 21:05:57,303 [grpc-default-executor-0] DEBUG leader.FollowerInfo (FollowerInfoImpl.java:lambda$new$1(49)) - s0@group-DBBE7E7C6C61->s1: matchIndex: updateToMax old=2, new=-1, updated? false
2022-08-02 21:05:57,304 [grpc-default-executor-3] DEBUG leader.FollowerInfo (FollowerInfoImpl.java:lambda$new$1(49)) - s0@group-DBBE7E7C6C61->s2: commitIndex: updateToMax old=1, new=1, updated? false
2022-08-02 21:05:57,304 [grpc-default-executor-3] DEBUG leader.FollowerInfo (FollowerInfoImpl.java:lambda$new$1(49)) - s0@group-DBBE7E7C6C61->s2: matchIndex: updateToMax old=2, new=-1, updated? false
2022-08-02 21:05:57,305 [grpc-default-executor-0] DEBUG leader.FollowerInfo (FollowerInfoImpl.java:lambda$new$1(49)) - s0@group-DBBE7E7C6C61->s1: commitIndex: updateToMax old=1, new=1, updated? false
2022-08-02 21:05:57,305 [grpc-default-executor-0] DEBUG leader.FollowerInfo (FollowerInfoImpl.java:lambda$new$1(49)) - s0@group-DBBE7E7C6C61->s1: matchIndex: updateToMax old=2, new=-1, updated? false
2022-08-02 21:05:57,305 [grpc-default-executor-3] DEBUG leader.FollowerInfo (FollowerInfoImpl.java:lambda$new$1(49)) - s0@group-DBBE7E7C6C61->s2: commitIndex: updateToMax old=1, new=1, updated? false
2022-08-02 21:05:57,306 [grpc-default-executor-3] DEBUG leader.FollowerInfo (FollowerInfoImpl.java:lambda$new$1(49)) - s0@group-DBBE7E7C6C61->s2: matchIndex: updateToMax old=2, new=-1, updated? false
2022-08-02 21:05:57,306 [grpc-default-executor-0] DEBUG leader.FollowerInfo (FollowerInfoImpl.java:lambda$new$1(49)) - s0@group-DBBE7E7C6C61->s1: commitIndex: updateToMax old=1, new=1, updated? false
2022-08-02 21:05:57,306 [grpc-default-executor-0] DEBUG leader.FollowerInfo (FollowerInfoImpl.java:lambda$new$1(49)) - s0@group-DBBE7E7C6C61->s1: matchIndex: updateToMax old=2, new=-1, updated? false
2022-08-02 21:05:57,307 [grpc-default-executor-3] DEBUG leader.FollowerInfo (FollowerInfoImpl.java:lambda$new$1(49)) - s0@group-DBBE7E7C6C61->s2: commitIndex: updateToMax old=1, new=1, updated? false
2022-08-02 21:05:57,307 [grpc-default-executor-3] DEBUG leader.FollowerInfo (FollowerInfoImpl.java:lambda$new$1(49)) - s0@group-DBBE7E7C6C61->s2: matchIndex: updateToMax old=2, new=-1, updated? false
2022-08-02 21:05:57,308 [grpc-default-executor-0] DEBUG leader.FollowerInfo (FollowerInfoImpl.java:lambda$new$1(49)) - s0@group-DBBE7E7C6C61->s1: commitIndex: updateToMax old=1, new=1, updated? false
2022-08-02 21:05:57,308 [grpc-default-executor-0] DEBUG leader.FollowerInfo (FollowerInfoImpl.java:lambda$new$1(49)) - s0@group-DBBE7E7C6C61->s1: matchIndex: updateToMax old=2, new=-1, updated? false
2022-08-02 21:05:57,309 [grpc-default-executor-3] DEBUG leader.FollowerInfo (FollowerInfoImpl.java:lambda$new$1(49)) - s0@group-DBBE7E7C6C61->s2: commitIndex: updateToMax old=1, new=1, updated? false
2022-08-02 21:05:57,309 [grpc-default-executor-3] DEBUG leader.FollowerInfo (FollowerInfoImpl.java:lambda$new$1(49)) - s0@group-DBBE7E7C6C61->s2: matchIndex: updateToMax old=2, new=-1, updated? false
2022-08-02 21:05:57,310 [grpc-default-executor-0] DEBUG leader.FollowerInfo (FollowerInfoImpl.java:lambda$new$1(49)) - s0@group-DBBE7E7C6C61->s1: commitIndex: updateToMax old=1, new=1, updated? false
2022-08-02 21:05:57,310 [grpc-default-executor-0] DEBUG leader.FollowerInfo (FollowerInfoImpl.java:lambda$new$1(49)) - s0@group-DBBE7E7C6C61->s1: matchIndex: updateToMax old=2, new=-1, updated? false
2022-08-02 21:05:57,310 [grpc-default-executor-3] DEBUG leader.FollowerInfo (FollowerInfoImpl.java:lambda$new$1(49)) - s0@group-DBBE7E7C6C61->s2: commitIndex: updateToMax old=1, new=1, updated? false
2022-08-02 21:05:57,310 [grpc-default-executor-3] DEBUG leader.FollowerInfo (FollowerInfoImpl.java:lambda$new$1(49)) - s0@group-DBBE7E7C6C61->s2: matchIndex: updateToMax old=2, new=-1, updated? false
2022-08-02 21:05:57,311 [grpc-default-executor-0] DEBUG leader.FollowerInfo (FollowerInfoImpl.java:lambda$new$1(49)) - s0@group-DBBE7E7C6C61->s1: commitIndex: updateToMax old=1, new=1, updated? false
2022-08-02 21:05:57,311 [grpc-default-executor-0] DEBUG leader.FollowerInfo (FollowerInfoImpl.java:lambda$new$1(49)) - s0@group-DBBE7E7C6C61->s1: matchIndex: updateToMax old=2, new=-1, updated? false
2022-08-02 21:05:57,312 [grpc-default-executor-3] DEBUG leader.FollowerInfo (FollowerInfoImpl.java:lambda$new$1(49)) - s0@group-DBBE7E7C6C61->s2: commitIndex: updateToMax old=1, new=1, updated? false
2022-08-02 21:05:57,312 [grpc-default-executor-3] DEBUG leader.FollowerInfo (FollowerInfoImpl.java:lambda$new$1(49)) - s0@group-DBBE7E7C6C61->s2: matchIndex: updateToMax old=2, new=-1, updated? false
2022-08-02 21:05:57,312 [grpc-default-executor-0] DEBUG leader.FollowerInfo (FollowerInfoImpl.java:lambda$new$1(49)) - s0@group-DBBE7E7C6C61->s1: commitIndex: updateToMax old=1, new=1, updated? false
2022-08-02 21:05:57,312 [grpc-default-executor-0] DEBUG leader.FollowerInfo (FollowerInfoImpl.java:lambda$new$1(49)) - s0@group-DBBE7E7C6C61->s1: matchIndex: updateToMax old=2, new=-1, updated? false
2022-08-02 21:05:57,313 [grpc-default-executor-3] DEBUG leader.FollowerInfo (FollowerInfoImpl.java:lambda$new$1(49)) - s0@group-DBBE7E7C6C61->s2: commitIndex: updateToMax old=1, new=1, updated? false
2022-08-02 21:05:57,313 [grpc-default-executor-3] DEBUG leader.FollowerInfo (FollowerInfoImpl.java:lambda$new$1(49)) - s0@group-DBBE7E7C6C61->s2: matchIndex: updateToMax old=2, new=-1, updated? false
2022-08-02 21:05:57,314 [grpc-default-executor-0] DEBUG leader.FollowerInfo (FollowerInfoImpl.java:lambda$new$1(49)) - s0@group-DBBE7E7C6C61->s1: commitIndex: updateToMax old=1, new=1, updated? false
2022-08-02 21:05:57,314 [grpc-default-executor-0] DEBUG leader.FollowerInfo (FollowerInfoImpl.java:lambda$new$1(49)) - s0@group-DBBE7E7C6C61->s1: matchIndex: updateToMax old=2, new=-1, updated? false
2022-08-02 21:05:57,314 [grpc-default-executor-3] DEBUG leader.FollowerInfo (FollowerInfoImpl.java:lambda$new$1(49)) - s0@group-DBBE7E7C6C61->s2: commitIndex: updateToMax old=1, new=1, updated? false
2022-08-02 21:05:57,314 [grpc-default-executor-3] DEBUG leader.FollowerInfo (FollowerInfoImpl.java:lambda$new$1(49)) - s0@group-DBBE7E7C6C61->s2: matchIndex: updateToMax old=2, new=-1, updated? false
2022-08-02 21:05:57,315 [grpc-default-executor-0] DEBUG leader.FollowerInfo (FollowerInfoImpl.java:lambda$new$1(49)) - s0@group-DBBE7E7C6C61->s1: commitIndex: updateToMax old=1, new=1, updated? false
2022-08-02 21:05:57,315 [grpc-default-executor-0] DEBUG leader.FollowerInfo (FollowerInfoImpl.java:lambda$new$1(49)) - s0@group-DBBE7E7C6C61->s1: matchIndex: updateToMax old=2, new=-1, updated? false
2022-08-02 21:05:57,316 [grpc-default-executor-3] DEBUG leader.FollowerInfo (FollowerInfoImpl.java:lambda$new$1(49)) - s0@group-DBBE7E7C6C61->s2: commitIndex: updateToMax old=1, new=1, updated? false
2022-08-02 21:05:57,316 [grpc-default-executor-3] DEBUG leader.FollowerInfo (FollowerInfoImpl.java:lambda$new$1(49)) - s0@group-DBBE7E7C6C61->s2: matchIndex: updateToMax old=2, new=-1, updated? false
2022-08-02 21:05:57,316 [grpc-default-executor-0] DEBUG leader.FollowerInfo (FollowerInfoImpl.java:lambda$new$1(49)) - s0@group-DBBE7E7C6C61->s1: commitIndex: updateToMax old=1, new=1, updated? false
2022-08-02 21:05:57,316 [grpc-default-executor-0] DEBUG leader.FollowerInfo (FollowerInfoImpl.java:lambda$new$1(49)) - s0@group-DBBE7E7C6C61->s1: matchIndex: updateToMax old=2, new=-1, updated? false
2022-08-02 21:05:57,317 [grpc-default-executor-3] DEBUG leader.FollowerInfo (FollowerInfoImpl.java:lambda$new$1(49)) - s0@group-DBBE7E7C6C61->s2: commitIndex: updateToMax old=1, new=1, updated? false
2022-08-02 21:05:57,317 [grpc-default-executor-3] DEBUG leader.FollowerInfo (FollowerInfoImpl.java:lambda$new$1(49)) - s0@group-DBBE7E7C6C61->s2: matchIndex: updateToMax old=2, new=-1, updated? false
2022-08-02 21:05:57,318 [grpc-default-executor-0] DEBUG leader.FollowerInfo (FollowerInfoImpl.java:lambda$new$1(49)) - s0@group-DBBE7E7C6C61->s1: commitIndex: updateToMax old=1, new=1, updated? false
2022-08-02 21:05:57,318 [grpc-default-executor-0] DEBUG leader.FollowerInfo (FollowerInfoImpl.java:lambda$new$1(49)) - s0@group-DBBE7E7C6C61->s1: matchIndex: updateToMax old=2, new=-1, updated? false
2022-08-02 21:05:57,318 [grpc-default-executor-3] DEBUG leader.FollowerInfo (FollowerInfoImpl.java:lambda$new$1(49)) - s0@group-DBBE7E7C6C61->s2: commitIndex: updateToMax old=1, new=1, updated? false
2022-08-02 21:05:57,318 [grpc-default-executor-3] DEBUG leader.FollowerInfo (FollowerInfoImpl.java:lambda$new$1(49)) - s0@group-DBBE7E7C6C61->s2: matchIndex: updateToMax old=2, new=-1, updated? false
2022-08-02 21:05:57,319 [grpc-default-executor-0] DEBUG leader.FollowerInfo (FollowerInfoImpl.java:lambda$new$1(49)) - s0@group-DBBE7E7C6C61->s1: commitIndex: updateToMax old=1, new=1, updated? false
2022-08-02 21:05:57,319 [grpc-default-executor-0] DEBUG leader.FollowerInfo (FollowerInfoImpl.java:lambda$new$1(49)) - s0@group-DBBE7E7C6C61->s1: matchIndex: updateToMax old=2, new=-1, updated? false
2022-08-02 21:05:57,320 [grpc-default-executor-3] DEBUG leader.FollowerInfo (FollowerInfoImpl.java:lambda$new$1(49)) - s0@group-DBBE7E7C6C61->s2: commitIndex: updateToMax old=1, new=1, updated? false
2022-08-02 21:05:57,320 [grpc-default-executor-3] DEBUG leader.FollowerInfo (FollowerInfoImpl.java:lambda$new$1(49)) - s0@group-DBBE7E7C6C61->s2: matchIndex: updateToMax old=2, new=-1, updated? false
2022-08-02 21:05:57,320 [grpc-default-executor-0] DEBUG leader.FollowerInfo (FollowerInfoImpl.java:lambda$new$1(49)) - s0@group-DBBE7E7C6C61->s1: commitIndex: updateToMax old=1, new=1, updated? false
2022-08-02 21:05:57,320 [grpc-default-executor-0] DEBUG leader.FollowerInfo (FollowerInfoImpl.java:lambda$new$1(49)) - s0@group-DBBE7E7C6C61->s1: matchIndex: updateToMax old=2, new=-1, updated? false
2022-08-02 21:05:57,321 [grpc-default-executor-3] DEBUG leader.FollowerInfo (FollowerInfoImpl.java:lambda$new$1(49)) - s0@group-DBBE7E7C6C61->s2: commitIndex: updateToMax old=1, new=1, updated? false
2022-08-02 21:05:57,321 [grpc-default-executor-3] DEBUG leader.FollowerInfo (FollowerInfoImpl.java:lambda$new$1(49)) - s0@group-DBBE7E7C6C61->s2: matchIndex: updateToMax old=2, new=-1, updated? false
2022-08-02 21:05:57,322 [grpc-default-executor-0] DEBUG leader.FollowerInfo (FollowerInfoImpl.java:lambda$new$1(49)) - s0@group-DBBE7E7C6C61->s1: commitIndex: updateToMax old=1, new=1, updated? false
2022-08-02 21:05:57,322 [grpc-default-executor-0] DEBUG leader.FollowerInfo (FollowerInfoImpl.java:lambda$new$1(49)) - s0@group-DBBE7E7C6C61->s1: matchIndex: updateToMax old=2, new=-1, updated? false
2022-08-02 21:05:57,322 [grpc-default-executor-3] DEBUG leader.FollowerInfo (FollowerInfoImpl.java:lambda$new$1(49)) - s0@group-DBBE7E7C6C61->s2: commitIndex: updateToMax old=1, new=1, updated? false
2022-08-02 21:05:57,323 [grpc-default-executor-3] DEBUG leader.FollowerInfo (FollowerInfoImpl.java:lambda$new$1(49)) - s0@group-DBBE7E7C6C61->s2: matchIndex: updateToMax old=2, new=-1, updated? false
2022-08-02 21:05:57,323 [grpc-default-executor-0] DEBUG leader.FollowerInfo (FollowerInfoImpl.java:lambda$new$1(49)) - s0@group-DBBE7E7C6C61->s1: commitIndex: updateToMax old=1, new=1, updated? false
2022-08-02 21:05:57,323 [grpc-default-executor-0] DEBUG leader.FollowerInfo (FollowerInfoImpl.java:lambda$new$1(49)) - s0@group-DBBE7E7C6C61->s1: matchIndex: updateToMax old=2, new=-1, updated? false
2022-08-02 21:05:57,324 [grpc-default-executor-3] DEBUG leader.FollowerInfo (FollowerInfoImpl.java:lambda$new$1(49)) - s0@group-DBBE7E7C6C61->s2: commitIndex: updateToMax old=1, new=1, updated? false
2022-08-02 21:05:57,324 [grpc-default-executor-3] DEBUG leader.FollowerInfo (FollowerInfoImpl.java:lambda$new$1(49)) - s0@group-DBBE7E7C6C61->s2: matchIndex: updateToMax old=2, new=-1, updated? false
2022-08-02 21:05:57,325 [grpc-default-executor-0] DEBUG leader.FollowerInfo (FollowerInfoImpl.java:lambda$new$1(49)) - s0@group-DBBE7E7C6C61->s1: commitIndex: updateToMax old=1, new=1, updated? false
2022-08-02 21:05:57,325 [grpc-default-executor-0] DEBUG leader.FollowerInfo (FollowerInfoImpl.java:lambda$new$1(49)) - s0@group-DBBE7E7C6C61->s1: matchIndex: updateToMax old=2, new=-1, updated? false
2022-08-02 21:05:57,325 [grpc-default-executor-3] DEBUG leader.FollowerInfo (FollowerInfoImpl.java:lambda$new$1(49)) - s0@group-DBBE7E7C6C61->s2: commitIndex: updateToMax old=1, new=1, updated? false
2022-08-02 21:05:57,325 [grpc-default-executor-3] DEBUG leader.FollowerInfo (FollowerInfoImpl.java:lambda$new$1(49)) - s0@group-DBBE7E7C6C61->s2: matchIndex: updateToMax old=2, new=-1, updated? false
2022-08-02 21:05:57,326 [grpc-default-executor-0] DEBUG leader.FollowerInfo (FollowerInfoImpl.java:lambda$new$1(49)) - s0@group-DBBE7E7C6C61->s1: commitIndex: updateToMax old=1, new=1, updated? false
2022-08-02 21:05:57,326 [grpc-default-executor-0] DEBUG leader.FollowerInfo (FollowerInfoImpl.java:lambda$new$1(49)) - s0@group-DBBE7E7C6C61->s1: matchIndex: updateToMax old=2, new=-1, updated? false
2022-08-02 21:05:57,327 [grpc-default-executor-3] DEBUG leader.FollowerInfo (FollowerInfoImpl.java:lambda$new$1(49)) - s0@group-DBBE7E7C6C61->s2: commitIndex: updateToMax old=1, new=1, updated? false
2022-08-02 21:05:57,327 [grpc-default-executor-3] DEBUG leader.FollowerInfo (FollowerInfoImpl.java:lambda$new$1(49)) - s0@group-DBBE7E7C6C61->s2: matchIndex: updateToMax old=2, new=-1, updated? false
2022-08-02 21:05:57,327 [grpc-default-executor-0] DEBUG leader.FollowerInfo (FollowerInfoImpl.java:lambda$new$1(49)) - s0@group-DBBE7E7C6C61->s1: commitIndex: updateToMax old=1, new=1, updated? false
2022-08-02 21:05:57,328 [grpc-default-executor-0] DEBUG leader.FollowerInfo (FollowerInfoImpl.java:lambda$new$1(49)) - s0@group-DBBE7E7C6C61->s1: matchIndex: updateToMax old=2, new=-1, updated? false
2022-08-02 21:05:57,328 [grpc-default-executor-3] DEBUG leader.FollowerInfo (FollowerInfoImpl.java:lambda$new$1(49)) - s0@group-DBBE7E7C6C61->s2: commitIndex: updateToMax old=1, new=1, updated? false
2022-08-02 21:05:57,328 [grpc-default-executor-3] DEBUG leader.FollowerInfo (FollowerInfoImpl.java:lambda$new$1(49)) - s0@group-DBBE7E7C6C61->s2: matchIndex: updateToMax old=2, new=-1, updated? false
2022-08-02 21:05:57,329 [grpc-default-executor-0] DEBUG leader.FollowerInfo (FollowerInfoImpl.java:lambda$new$1(49)) - s0@group-DBBE7E7C6C61->s1: commitIndex: updateToMax old=1, new=1, updated? false
2022-08-02 21:05:57,329 [grpc-default-executor-0] DEBUG leader.FollowerInfo (FollowerInfoImpl.java:lambda$new$1(49)) - s0@group-DBBE7E7C6C61->s1: matchIndex: updateToMax old=2, new=-1, updated? false
2022-08-02 21:05:57,329 [grpc-default-executor-3] DEBUG leader.FollowerInfo (FollowerInfoImpl.java:lambda$new$1(49)) - s0@group-DBBE7E7C6C61->s2: commitIndex: updateToMax old=1, new=1, updated? false
2022-08-02 21:05:57,330 [grpc-default-executor-3] DEBUG leader.FollowerInfo (FollowerInfoImpl.java:lambda$new$1(49)) - s0@group-DBBE7E7C6C61->s2: matchIndex: updateToMax old=2, new=-1, updated? false
2022-08-02 21:05:57,330 [grpc-default-executor-0] DEBUG leader.FollowerInfo (FollowerInfoImpl.java:lambda$new$1(49)) - s0@group-DBBE7E7C6C61->s1: commitIndex: updateToMax old=1, new=1, updated? false
2022-08-02 21:05:57,330 [grpc-default-executor-0] DEBUG leader.FollowerInfo (FollowerInfoImpl.java:lambda$new$1(49)) - s0@group-DBBE7E7C6C61->s1: matchIndex: updateToMax old=2, new=-1, updated? false
2022-08-02 21:05:57,331 [grpc-default-executor-3] DEBUG leader.FollowerInfo (FollowerInfoImpl.java:lambda$new$1(49)) - s0@group-DBBE7E7C6C61->s2: commitIndex: updateToMax old=1, new=1, updated? false
2022-08-02 21:05:57,331 [grpc-default-executor-3] DEBUG leader.FollowerInfo (FollowerInfoImpl.java:lambda$new$1(49)) - s0@group-DBBE7E7C6C61->s2: matchIndex: updateToMax old=2, new=-1, updated? false
2022-08-02 21:05:57,332 [grpc-default-executor-0] DEBUG leader.FollowerInfo (FollowerInfoImpl.java:lambda$new$1(49)) - s0@group-DBBE7E7C6C61->s1: commitIndex: updateToMax old=1, new=1, updated? false
2022-08-02 21:05:57,332 [grpc-default-executor-0] DEBUG leader.FollowerInfo (FollowerInfoImpl.java:lambda$new$1(49)) - s0@group-DBBE7E7C6C61->s1: matchIndex: updateToMax old=2, new=-1, updated? false
2022-08-02 21:05:57,332 [grpc-default-executor-3] DEBUG leader.FollowerInfo (FollowerInfoImpl.java:lambda$new$1(49)) - s0@group-DBBE7E7C6C61->s2: commitIndex: updateToMax old=1, new=1, updated? false
2022-08-02 21:05:57,332 [grpc-default-executor-3] DEBUG leader.FollowerInfo (FollowerInfoImpl.java:lambda$new$1(49)) - s0@group-DBBE7E7C6C61->s2: matchIndex: updateToMax old=2, new=-1, updated? false
2022-08-02 21:05:57,333 [grpc-default-executor-0] DEBUG leader.FollowerInfo (FollowerInfoImpl.java:lambda$new$1(49)) - s0@group-DBBE7E7C6C61->s1: commitIndex: updateToMax old=1, new=1, updated? false
2022-08-02 21:05:57,333 [grpc-default-executor-0] DEBUG leader.FollowerInfo (FollowerInfoImpl.java:lambda$new$1(49)) - s0@group-DBBE7E7C6C61->s1: matchIndex: updateToMax old=2, new=-1, updated? false
2022-08-02 21:05:57,334 [grpc-default-executor-3] DEBUG leader.FollowerInfo (FollowerInfoImpl.java:lambda$new$1(49)) - s0@group-DBBE7E7C6C61->s2: commitIndex: updateToMax old=1, new=1, updated? false
2022-08-02 21:05:57,334 [grpc-default-executor-3] DEBUG leader.FollowerInfo (FollowerInfoImpl.java:lambda$new$1(49)) - s0@group-DBBE7E7C6C61->s2: matchIndex: updateToMax old=2, new=-1, updated? false
2022-08-02 21:05:57,334 [grpc-default-executor-0] DEBUG leader.FollowerInfo (FollowerInfoImpl.java:lambda$new$1(49)) - s0@group-DBBE7E7C6C61->s1: commitIndex: updateToMax old=1, new=1, updated? false
2022-08-02 21:05:57,334 [grpc-default-executor-0] DEBUG leader.FollowerInfo (FollowerInfoImpl.java:lambda$new$1(49)) - s0@group-DBBE7E7C6C61->s1: matchIndex: updateToMax old=2, new=-1, updated? false
2022-08-02 21:05:57,335 [grpc-default-executor-3] DEBUG leader.FollowerInfo (FollowerInfoImpl.java:lambda$new$1(49)) - s0@group-DBBE7E7C6C61->s2: commitIndex: updateToMax old=1, new=1, updated? false
2022-08-02 21:05:57,335 [grpc-default-executor-3] DEBUG leader.FollowerInfo (FollowerInfoImpl.java:lambda$new$1(49)) - s0@group-DBBE7E7C6C61->s2: matchIndex: updateToMax old=2, new=-1, updated? false
2022-08-02 21:05:57,336 [grpc-default-executor-0] DEBUG leader.FollowerInfo (FollowerInfoImpl.java:lambda$new$1(49)) - s0@group-DBBE7E7C6C61->s1: commitIndex: updateToMax old=1, new=1, updated? false
2022-08-02 21:05:57,336 [grpc-default-executor-0] DEBUG leader.FollowerInfo (FollowerInfoImpl.java:lambda$new$1(49)) - s0@group-DBBE7E7C6C61->s1: matchIndex: updateToMax old=2, new=-1, updated? false
2022-08-02 21:05:57,336 [grpc-default-executor-3] DEBUG leader.FollowerInfo (FollowerInfoImpl.java:lambda$new$1(49)) - s0@group-DBBE7E7C6C61->s2: commitIndex: updateToMax old=1, new=1, updated? false
2022-08-02 21:05:57,336 [grpc-default-executor-3] DEBUG leader.FollowerInfo (FollowerInfoImpl.java:lambda$new$1(49)) - s0@group-DBBE7E7C6C61->s2: matchIndex: updateToMax old=2, new=-1, updated? false
2022-08-02 21:05:57,337 [grpc-default-executor-0] DEBUG leader.FollowerInfo (FollowerInfoImpl.java:lambda$new$1(49)) - s0@group-DBBE7E7C6C61->s1: commitIndex: updateToMax old=1, new=1, updated? false
2022-08-02 21:05:57,337 [grpc-default-executor-0] DEBUG leader.FollowerInfo (FollowerInfoImpl.java:lambda$new$1(49)) - s0@group-DBBE7E7C6C61->s1: matchIndex: updateToMax old=2, new=-1, updated? false
2022-08-02 21:05:57,338 [grpc-default-executor-3] DEBUG leader.FollowerInfo (FollowerInfoImpl.java:lambda$new$1(49)) - s0@group-DBBE7E7C6C61->s2: commitIndex: updateToMax old=1, new=1, updated? false
2022-08-02 21:05:57,338 [grpc-default-executor-3] DEBUG leader.FollowerInfo (FollowerInfoImpl.java:lambda$new$1(49)) - s0@group-DBBE7E7C6C61->s2: matchIndex: updateToMax old=2, new=-1, updated? false
2022-08-02 21:05:57,338 [grpc-default-executor-0] DEBUG leader.FollowerInfo (FollowerInfoImpl.java:lambda$new$1(49)) - s0@group-DBBE7E7C6C61->s1: commitIndex: updateToMax old=1, new=1, updated? false
2022-08-02 21:05:57,338 [grpc-default-executor-0] DEBUG leader.FollowerInfo (FollowerInfoImpl.java:lambda$new$1(49)) - s0@group-DBBE7E7C6C61->s1: matchIndex: updateToMax old=2, new=-1, updated? false
2022-08-02 21:05:57,339 [grpc-default-executor-3] DEBUG leader.FollowerInfo (FollowerInfoImpl.java:lambda$new$1(49)) - s0@group-DBBE7E7C6C61->s2: commitIndex: updateToMax old=1, new=1, updated? false
2022-08-02 21:05:57,339 [grpc-default-executor-3] DEBUG leader.FollowerInfo (FollowerInfoImpl.java:lambda$new$1(49)) - s0@group-DBBE7E7C6C61->s2: matchIndex: updateToMax old=2, new=-1, updated? false
2022-08-02 21:05:57,340 [grpc-default-executor-0] DEBUG leader.FollowerInfo (FollowerInfoImpl.java:lambda$new$1(49)) - s0@group-DBBE7E7C6C61->s1: commitIndex: updateToMax old=1, new=1, updated? false
2022-08-02 21:05:57,340 [grpc-default-executor-0] DEBUG leader.FollowerInfo (FollowerInfoImpl.java:lambda$new$1(49)) - s0@group-DBBE7E7C6C61->s1: matchIndex: updateToMax old=2, new=-1, updated? false
2022-08-02 21:05:57,341 [grpc-default-executor-3] DEBUG leader.FollowerInfo (FollowerInfoImpl.java:lambda$new$1(49)) - s0@group-DBBE7E7C6C61->s2: commitIndex: updateToMax old=1, new=1, updated? false
2022-08-02 21:05:57,341 [grpc-default-executor-3] DEBUG leader.FollowerInfo (FollowerInfoImpl.java:lambda$new$1(49)) - s0@group-DBBE7E7C6C61->s2: matchIndex: updateToMax old=2, new=-1, updated? false
2022-08-02 21:05:57,341 [grpc-default-executor-0] DEBUG leader.FollowerInfo (FollowerInfoImpl.java:lambda$new$1(49)) - s0@group-DBBE7E7C6C61->s1: commitIndex: updateToMax old=1, new=1, updated? false
2022-08-02 21:05:57,341 [grpc-default-executor-0] DEBUG leader.FollowerInfo (FollowerInfoImpl.java:lambda$new$1(49)) - s0@group-DBBE7E7C6C61->s1: matchIndex: updateToMax old=2, new=-1, updated? false
2022-08-02 21:05:57,342 [grpc-default-executor-3] DEBUG leader.FollowerInfo (FollowerInfoImpl.java:lambda$new$1(49)) - s0@group-DBBE7E7C6C61->s2: commitIndex: updateToMax old=1, new=1, updated? false
2022-08-02 21:05:57,342 [grpc-default-executor-3] DEBUG leader.FollowerInfo (FollowerInfoImpl.java:lambda$new$1(49)) - s0@group-DBBE7E7C6C61->s2: matchIndex: updateToMax old=2, new=-1, updated? false
2022-08-02 21:05:57,342 [grpc-default-executor-0] DEBUG leader.FollowerInfo (FollowerInfoImpl.java:lambda$new$1(49)) - s0@group-DBBE7E7C6C61->s1: commitIndex: updateToMax old=1, new=1, updated? false
2022-08-02 21:05:57,343 [grpc-default-executor-0] DEBUG leader.FollowerInfo (FollowerInfoImpl.java:lambda$new$1(49)) - s0@group-DBBE7E7C6C61->s1: matchIndex: updateToMax old=2, new=-1, updated? false
2022-08-02 21:05:57,343 [grpc-default-executor-3] DEBUG leader.FollowerInfo (FollowerInfoImpl.java:lambda$new$1(49)) - s0@group-DBBE7E7C6C61->s2: commitIndex: updateToMax old=1, new=1, updated? false
2022-08-02 21:05:57,343 [grpc-default-executor-3] DEBUG leader.FollowerInfo (FollowerInfoImpl.java:lambda$new$1(49)) - s0@group-DBBE7E7C6C61->s2: matchIndex: updateToMax old=2, new=-1, updated? false
2022-08-02 21:05:57,344 [grpc-default-executor-0] DEBUG leader.FollowerInfo (FollowerInfoImpl.java:lambda$new$1(49)) - s0@group-DBBE7E7C6C61->s1: commitIndex: updateToMax old=1, new=1, updated? false
2022-08-02 21:05:57,344 [grpc-default-executor-0] DEBUG leader.FollowerInfo (FollowerInfoImpl.java:lambda$new$1(49)) - s0@group-DBBE7E7C6C61->s1: matchIndex: updateToMax old=2, new=-1, updated? false
2022-08-02 21:05:57,344 [grpc-default-executor-3] DEBUG leader.FollowerInfo (FollowerInfoImpl.java:lambda$new$1(49)) - s0@group-DBBE7E7C6C61->s2: commitIndex: updateToMax old=1, new=1, updated? false
2022-08-02 21:05:57,344 [grpc-default-executor-3] DEBUG leader.FollowerInfo (FollowerInfoImpl.java:lambda$new$1(49)) - s0@group-DBBE7E7C6C61->s2: matchIndex: updateToMax old=2, new=-1, updated? false
2022-08-02 21:05:57,345 [grpc-default-executor-0] DEBUG leader.FollowerInfo (FollowerInfoImpl.java:lambda$new$1(49)) - s0@group-DBBE7E7C6C61->s1: commitIndex: updateToMax old=1, new=1, updated? false
2022-08-02 21:05:57,345 [grpc-default-executor-0] DEBUG leader.FollowerInfo (FollowerInfoImpl.java:lambda$new$1(49)) - s0@group-DBBE7E7C6C61->s1: matchIndex: updateToMax old=2, new=-1, updated? false
2022-08-02 21:05:57,346 [grpc-default-executor-3] DEBUG leader.FollowerInfo (FollowerInfoImpl.java:lambda$new$1(49)) - s0@group-DBBE7E7C6C61->s2: commitIndex: updateToMax old=1, new=1, updated? false
2022-08-02 21:05:57,346 [grpc-default-executor-3] DEBUG leader.FollowerInfo (FollowerInfoImpl.java:lambda$new$1(49)) - s0@group-DBBE7E7C6C61->s2: matchIndex: updateToMax old=2, new=-1, updated? false
2022-08-02 21:05:57,346 [grpc-default-executor-0] DEBUG leader.FollowerInfo (FollowerInfoImpl.java:lambda$new$1(49)) - s0@group-DBBE7E7C6C61->s1: commitIndex: updateToMax old=1, new=1, updated? false
2022-08-02 21:05:57,346 [grpc-default-executor-0] DEBUG leader.FollowerInfo (FollowerInfoImpl.java:lambda$new$1(49)) - s0@group-DBBE7E7C6C61->s1: matchIndex: updateToMax old=2, new=-1, updated? false
2022-08-02 21:05:57,347 [grpc-default-executor-3] DEBUG leader.FollowerInfo (FollowerInfoImpl.java:lambda$new$1(49)) - s0@group-DBBE7E7C6C61->s2: commitIndex: updateToMax old=1, new=1, updated? false
2022-08-02 21:05:57,347 [grpc-default-executor-3] DEBUG leader.FollowerInfo (FollowerInfoImpl.java:lambda$new$1(49)) - s0@group-DBBE7E7C6C61->s2: matchIndex: updateToMax old=2, new=-1, updated? false
2022-08-02 21:05:57,348 [grpc-default-executor-0] DEBUG leader.FollowerInfo (FollowerInfoImpl.java:lambda$new$1(49)) - s0@group-DBBE7E7C6C61->s1: commitIndex: updateToMax old=1, new=1, updated? false
2022-08-02 21:05:57,348 [grpc-default-executor-0] DEBUG leader.FollowerInfo (FollowerInfoImpl.java:lambda$new$1(49)) - s0@group-DBBE7E7C6C61->s1: matchIndex: updateToMax old=2, new=-1, updated? false
2022-08-02 21:05:57,348 [grpc-default-executor-3] DEBUG leader.FollowerInfo (FollowerInfoImpl.java:lambda$new$1(49)) - s0@group-DBBE7E7C6C61->s2: commitIndex: updateToMax old=1, new=1, updated? false
2022-08-02 21:05:57,348 [grpc-default-executor-3] DEBUG leader.FollowerInfo (FollowerInfoImpl.java:lambda$new$1(49)) - s0@group-DBBE7E7C6C61->s2: matchIndex: updateToMax old=2, new=-1, updated? false
2022-08-02 21:05:57,349 [grpc-default-executor-0] DEBUG leader.FollowerInfo (FollowerInfoImpl.java:lambda$new$1(49)) - s0@group-DBBE7E7C6C61->s1: commitIndex: updateToMax old=1, new=1, updated? false
2022-08-02 21:05:57,349 [grpc-default-executor-0] DEBUG leader.FollowerInfo (FollowerInfoImpl.java:lambda$new$1(49)) - s0@group-DBBE7E7C6C61->s1: matchIndex: updateToMax old=2, new=-1, updated? false
2022-08-02 21:05:57,350 [grpc-default-executor-3] DEBUG leader.FollowerInfo (FollowerInfoImpl.java:lambda$new$1(49)) - s0@group-DBBE7E7C6C61->s2: commitIndex: updateToMax old=1, new=1, updated? false
2022-08-02 21:05:57,350 [grpc-default-executor-3] DEBUG leader.FollowerInfo (FollowerInfoImpl.java:lambda$new$1(49)) - s0@group-DBBE7E7C6C61->s2: matchIndex: updateToMax old=2, new=-1, updated? false
2022-08-02 21:05:57,350 [grpc-default-executor-0] DEBUG leader.FollowerInfo (FollowerInfoImpl.java:lambda$new$1(49)) - s0@group-DBBE7E7C6C61->s1: commitIndex: updateToMax old=1, new=1, updated? false
2022-08-02 21:05:57,350 [grpc-default-executor-0] DEBUG leader.FollowerInfo (FollowerInfoImpl.java:lambda$new$1(49)) - s0@group-DBBE7E7C6C61->s1: matchIndex: updateToMax old=2, new=-1, updated? false
2022-08-02 21:05:57,351 [grpc-default-executor-3] DEBUG leader.FollowerInfo (FollowerInfoImpl.java:lambda$new$1(49)) - s0@group-DBBE7E7C6C61->s2: commitIndex: updateToMax old=1, new=1, updated? false
2022-08-02 21:05:57,351 [grpc-default-executor-3] DEBUG leader.FollowerInfo (FollowerInfoImpl.java:lambda$new$1(49)) - s0@group-DBBE7E7C6C61->s2: matchIndex: updateToMax old=2, new=-1, updated? false
2022-08-02 21:05:57,351 [grpc-default-executor-0] DEBUG leader.FollowerInfo (FollowerInfoImpl.java:lambda$new$1(49)) - s0@group-DBBE7E7C6C61->s1: commitIndex: updateToMax old=1, new=1, updated? false
2022-08-02 21:05:57,352 [grpc-default-executor-0] DEBUG leader.FollowerInfo (FollowerInfoImpl.java:lambda$new$1(49)) - s0@group-DBBE7E7C6C61->s1: matchIndex: updateToMax old=2, new=-1, updated? false
2022-08-02 21:05:57,352 [grpc-default-executor-3] DEBUG leader.FollowerInfo (FollowerInfoImpl.java:lambda$new$1(49)) - s0@group-DBBE7E7C6C61->s2: commitIndex: updateToMax old=1, new=1, updated? false
2022-08-02 21:05:57,352 [grpc-default-executor-3] DEBUG leader.FollowerInfo (FollowerInfoImpl.java:lambda$new$1(49)) - s0@group-DBBE7E7C6C61->s2: matchIndex: updateToMax old=2, new=-1, updated? false
2022-08-02 21:05:57,353 [grpc-default-executor-0] DEBUG leader.FollowerInfo (FollowerInfoImpl.java:lambda$new$1(49)) - s0@group-DBBE7E7C6C61->s1: commitIndex: updateToMax old=1, new=1, updated? false
2022-08-02 21:05:57,353 [grpc-default-executor-0] DEBUG leader.FollowerInfo (FollowerInfoImpl.java:lambda$new$1(49)) - s0@group-DBBE7E7C6C61->s1: matchIndex: updateToMax old=2, new=-1, updated? false
2022-08-02 21:05:57,354 [grpc-default-executor-3] DEBUG leader.FollowerInfo (FollowerInfoImpl.java:lambda$new$1(49)) - s0@group-DBBE7E7C6C61->s2: commitIndex: updateToMax old=1, new=1, updated? false
2022-08-02 21:05:57,354 [grpc-default-executor-3] DEBUG leader.FollowerInfo (FollowerInfoImpl.java:lambda$new$1(49)) - s0@group-DBBE7E7C6C61->s2: matchIndex: updateToMax old=2, new=-1, updated? false
2022-08-02 21:05:57,354 [grpc-default-executor-0] DEBUG leader.FollowerInfo (FollowerInfoImpl.java:lambda$new$1(49)) - s0@group-DBBE7E7C6C61->s1: commitIndex: updateToMax old=1, new=1, updated? false
2022-08-02 21:05:57,354 [grpc-default-executor-0] DEBUG leader.FollowerInfo (FollowerInfoImpl.java:lambda$new$1(49)) - s0@group-DBBE7E7C6C61->s1: matchIndex: updateToMax old=2, new=-1, updated? false
2022-08-02 21:05:57,355 [grpc-default-executor-3] DEBUG leader.FollowerInfo (FollowerInfoImpl.java:lambda$new$1(49)) - s0@group-DBBE7E7C6C61->s2: commitIndex: updateToMax old=1, new=1, updated? false
2022-08-02 21:05:57,355 [grpc-default-executor-3] DEBUG leader.FollowerInfo (FollowerInfoImpl.java:lambda$new$1(49)) - s0@group-DBBE7E7C6C61->s2: matchIndex: updateToMax old=2, new=-1, updated? false
2022-08-02 21:05:57,356 [grpc-default-executor-0] DEBUG leader.FollowerInfo (FollowerInfoImpl.java:lambda$new$1(49)) - s0@group-DBBE7E7C6C61->s1: commitIndex: updateToMax old=1, new=1, updated? false
2022-08-02 21:05:57,356 [grpc-default-executor-0] DEBUG leader.FollowerInfo (FollowerInfoImpl.java:lambda$new$1(49)) - s0@group-DBBE7E7C6C61->s1: matchIndex: updateToMax old=2, new=-1, updated? false
2022-08-02 21:05:57,356 [grpc-default-executor-3] DEBUG leader.FollowerInfo (FollowerInfoImpl.java:lambda$new$1(49)) - s0@group-DBBE7E7C6C61->s2: commitIndex: updateToMax old=1, new=1, updated? false
2022-08-02 21:05:57,356 [grpc-default-executor-3] DEBUG leader.FollowerInfo (FollowerInfoImpl.java:lambda$new$1(49)) - s0@group-DBBE7E7C6C61->s2: matchIndex: updateToMax old=2, new=-1, updated? false
2022-08-02 21:05:57,357 [grpc-default-executor-0] DEBUG leader.FollowerInfo (FollowerInfoImpl.java:lambda$new$1(49)) - s0@group-DBBE7E7C6C61->s1: commitIndex: updateToMax old=1, new=1, updated? false
2022-08-02 21:05:57,357 [grpc-default-executor-0] DEBUG leader.FollowerInfo (FollowerInfoImpl.java:lambda$new$1(49)) - s0@group-DBBE7E7C6C61->s1: matchIndex: updateToMax old=2, new=-1, updated? false
2022-08-02 21:05:57,358 [grpc-default-executor-3] DEBUG leader.FollowerInfo (FollowerInfoImpl.java:lambda$new$1(49)) - s0@group-DBBE7E7C6C61->s2: commitIndex: updateToMax old=1, new=1, updated? false
2022-08-02 21:05:57,358 [grpc-default-executor-3] DEBUG leader.FollowerInfo (FollowerInfoImpl.java:lambda$new$1(49)) - s0@group-DBBE7E7C6C61->s2: matchIndex: updateToMax old=2, new=-1, updated? false
2022-08-02 21:05:57,358 [grpc-default-executor-0] DEBUG leader.FollowerInfo (FollowerInfoImpl.java:lambda$new$1(49)) - s0@group-DBBE7E7C6C61->s1: commitIndex: updateToMax old=1, new=1, updated? false
2022-08-02 21:05:57,358 [grpc-default-executor-0] DEBUG leader.FollowerInfo (FollowerInfoImpl.java:lambda$new$1(49)) - s0@group-DBBE7E7C6C61->s1: matchIndex: updateToMax old=2, new=-1, updated? false
2022-08-02 21:05:57,359 [grpc-default-executor-3] DEBUG leader.FollowerInfo (FollowerInfoImpl.java:lambda$new$1(49)) - s0@group-DBBE7E7C6C61->s2: commitIndex: updateToMax old=1, new=1, updated? false
2022-08-02 21:05:57,359 [grpc-default-executor-3] DEBUG leader.FollowerInfo (FollowerInfoImpl.java:lambda$new$1(49)) - s0@group-DBBE7E7C6C61->s2: matchIndex: updateToMax old=2, new=-1, updated? false
2022-08-02 21:05:57,360 [grpc-default-executor-0] DEBUG leader.FollowerInfo (FollowerInfoImpl.java:lambda$new$1(49)) - s0@group-DBBE7E7C6C61->s1: commitIndex: updateToMax old=1, new=1, updated? false
2022-08-02 21:05:57,360 [grpc-default-executor-0] DEBUG leader.FollowerInfo (FollowerInfoImpl.java:lambda$new$1(49)) - s0@group-DBBE7E7C6C61->s1: matchIndex: updateToMax old=2, new=-1, updated? false
2022-08-02 21:05:57,360 [grpc-default-executor-3] DEBUG leader.FollowerInfo (FollowerInfoImpl.java:lambda$new$1(49)) - s0@group-DBBE7E7C6C61->s2: commitIndex: updateToMax old=1, new=1, updated? false
2022-08-02 21:05:57,360 [grpc-default-executor-3] DEBUG leader.FollowerInfo (FollowerInfoImpl.java:lambda$new$1(49)) - s0@group-DBBE7E7C6C61->s2: matchIndex: updateToMax old=2, new=-1, updated? false
2022-08-02 21:05:57,361 [grpc-default-executor-0] DEBUG leader.FollowerInfo (FollowerInfoImpl.java:lambda$new$1(49)) - s0@group-DBBE7E7C6C61->s1: commitIndex: updateToMax old=1, new=1, updated? false
2022-08-02 21:05:57,361 [grpc-default-executor-0] DEBUG leader.FollowerInfo (FollowerInfoImpl.java:lambda$new$1(49)) - s0@group-DBBE7E7C6C61->s1: matchIndex: updateToMax old=2, new=-1, updated? false
2022-08-02 21:05:57,362 [grpc-default-executor-3] DEBUG leader.FollowerInfo (FollowerInfoImpl.java:lambda$new$1(49)) - s0@group-DBBE7E7C6C61->s2: commitIndex: updateToMax old=1, new=1, updated? false
2022-08-02 21:05:57,362 [grpc-default-executor-3] DEBUG leader.FollowerInfo (FollowerInfoImpl.java:lambda$new$1(49)) - s0@group-DBBE7E7C6C61->s2: matchIndex: updateToMax old=2, new=-1, updated? false
2022-08-02 21:05:57,362 [grpc-default-executor-0] DEBUG leader.FollowerInfo (FollowerInfoImpl.java:lambda$new$1(49)) - s0@group-DBBE7E7C6C61->s1: commitIndex: updateToMax old=1, new=1, updated? false
2022-08-02 21:05:57,362 [grpc-default-executor-0] DEBUG leader.FollowerInfo (FollowerInfoImpl.java:lambda$new$1(49)) - s0@group-DBBE7E7C6C61->s1: matchIndex: updateToMax old=2, new=-1, updated? false
2022-08-02 21:05:57,363 [grpc-default-executor-3] DEBUG leader.FollowerInfo (FollowerInfoImpl.java:lambda$new$1(49)) - s0@group-DBBE7E7C6C61->s2: commitIndex: updateToMax old=1, new=1, updated? false
2022-08-02 21:05:57,363 [grpc-default-executor-3] DEBUG leader.FollowerInfo (FollowerInfoImpl.java:lambda$new$1(49)) - s0@group-DBBE7E7C6C61->s2: matchIndex: updateToMax old=2, new=-1, updated? false
2022-08-02 21:05:57,364 [grpc-default-executor-0] DEBUG leader.FollowerInfo (FollowerInfoImpl.java:lambda$new$1(49)) - s0@group-DBBE7E7C6C61->s1: commitIndex: updateToMax old=1, new=1, updated? false
2022-08-02 21:05:57,364 [grpc-default-executor-0] DEBUG leader.FollowerInfo (FollowerInfoImpl.java:lambda$new$1(49)) - s0@group-DBBE7E7C6C61->s1: matchIndex: updateToMax old=2, new=-1, updated? false
2022-08-02 21:05:57,364 [grpc-default-executor-3] DEBUG leader.FollowerInfo (FollowerInfoImpl.java:lambda$new$1(49)) - s0@group-DBBE7E7C6C61->s2: commitIndex: updateToMax old=1, new=1, updated? false
2022-08-02 21:05:57,364 [grpc-default-executor-3] DEBUG leader.FollowerInfo (FollowerInfoImpl.java:lambda$new$1(49)) - s0@group-DBBE7E7C6C61->s2: matchIndex: updateToMax old=2, new=-1, updated? false
2022-08-02 21:05:57,365 [grpc-default-executor-0] DEBUG leader.FollowerInfo (FollowerInfoImpl.java:lambda$new$1(49)) - s0@group-DBBE7E7C6C61->s1: commitIndex: updateToMax old=1, new=1, updated? false
2022-08-02 21:05:57,365 [grpc-default-executor-0] DEBUG leader.FollowerInfo (FollowerInfoImpl.java:lambda$new$1(49)) - s0@group-DBBE7E7C6C61->s1: matchIndex: updateToMax old=2, new=-1, updated? false
2022-08-02 21:05:57,366 [grpc-default-executor-3] DEBUG leader.FollowerInfo (FollowerInfoImpl.java:lambda$new$1(49)) - s0@group-DBBE7E7C6C61->s2: commitIndex: updateToMax old=1, new=1, updated? false
2022-08-02 21:05:57,366 [grpc-default-executor-3] DEBUG leader.FollowerInfo (FollowerInfoImpl.java:lambda$new$1(49)) - s0@group-DBBE7E7C6C61->s2: matchIndex: updateToMax old=2, new=-1, updated? false
2022-08-02 21:05:57,366 [grpc-default-executor-0] DEBUG leader.FollowerInfo (FollowerInfoImpl.java:lambda$new$1(49)) - s0@group-DBBE7E7C6C61->s1: commitIndex: updateToMax old=1, new=1, updated? false
2022-08-02 21:05:57,366 [grpc-default-executor-0] DEBUG leader.FollowerInfo (FollowerInfoImpl.java:lambda$new$1(49)) - s0@group-DBBE7E7C6C61->s1: matchIndex: updateToMax old=2, new=-1, updated? false
2022-08-02 21:05:57,367 [grpc-default-executor-3] DEBUG leader.FollowerInfo (FollowerInfoImpl.java:lambda$new$1(49)) - s0@group-DBBE7E7C6C61->s2: commitIndex: updateToMax old=1, new=1, updated? false
2022-08-02 21:05:57,367 [grpc-default-executor-3] DEBUG leader.FollowerInfo (FollowerInfoImpl.java:lambda$new$1(49)) - s0@group-DBBE7E7C6C61->s2: matchIndex: updateToMax old=2, new=-1, updated? false
2022-08-02 21:05:57,368 [grpc-default-executor-0] DEBUG leader.FollowerInfo (FollowerInfoImpl.java:lambda$new$1(49)) - s0@group-DBBE7E7C6C61->s1: commitIndex: updateToMax old=1, new=1, updated? false
2022-08-02 21:05:57,368 [grpc-default-executor-0] DEBUG leader.FollowerInfo (FollowerInfoImpl.java:lambda$new$1(49)) - s0@group-DBBE7E7C6C61->s1: matchIndex: updateToMax old=2, new=-1, updated? false
2022-08-02 21:05:57,369 [grpc-default-executor-3] DEBUG leader.FollowerInfo (FollowerInfoImpl.java:lambda$new$1(49)) - s0@group-DBBE7E7C6C61->s2: commitIndex: updateToMax old=1, new=1, updated? false
2022-08-02 21:05:57,369 [grpc-default-executor-3] DEBUG leader.FollowerInfo (FollowerInfoImpl.java:lambda$new$1(49)) - s0@group-DBBE7E7C6C61->s2: matchIndex: updateToMax old=2, new=-1, updated? false
2022-08-02 21:05:57,369 [grpc-default-executor-0] DEBUG leader.FollowerInfo (FollowerInfoImpl.java:lambda$new$1(49)) - s0@group-DBBE7E7C6C61->s1: commitIndex: updateToMax old=1, new=1, updated? false
2022-08-02 21:05:57,369 [grpc-default-executor-0] DEBUG leader.FollowerInfo (FollowerInfoImpl.java:lambda$new$1(49)) - s0@group-DBBE7E7C6C61->s1: matchIndex: updateToMax old=2, new=-1, updated? false
2022-08-02 21:05:57,370 [grpc-default-executor-3] DEBUG leader.FollowerInfo (FollowerInfoImpl.java:lambda$new$1(49)) - s0@group-DBBE7E7C6C61->s2: commitIndex: updateToMax old=1, new=1, updated? false
2022-08-02 21:05:57,370 [grpc-default-executor-3] DEBUG leader.FollowerInfo (FollowerInfoImpl.java:lambda$new$1(49)) - s0@group-DBBE7E7C6C61->s2: matchIndex: updateToMax old=2, new=-1, updated? false
2022-08-02 21:05:57,371 [grpc-default-executor-0] DEBUG leader.FollowerInfo (FollowerInfoImpl.java:lambda$new$1(49)) - s0@group-DBBE7E7C6C61->s1: commitIndex: updateToMax old=1, new=1, updated? false
2022-08-02 21:05:57,371 [grpc-default-executor-0] DEBUG leader.FollowerInfo (FollowerInfoImpl.java:lambda$new$1(49)) - s0@group-DBBE7E7C6C61->s1: matchIndex: updateToMax old=2, new=-1, updated? false
2022-08-02 21:05:57,371 [grpc-default-executor-3] DEBUG leader.FollowerInfo (FollowerInfoImpl.java:lambda$new$1(49)) - s0@group-DBBE7E7C6C61->s2: commitIndex: updateToMax old=1, new=1, updated? false
2022-08-02 21:05:57,371 [grpc-default-executor-3] DEBUG leader.FollowerInfo (FollowerInfoImpl.java:lambda$new$1(49)) - s0@group-DBBE7E7C6C61->s2: matchIndex: updateToMax old=2, new=-1, updated? false
2022-08-02 21:05:57,372 [grpc-default-executor-0] DEBUG leader.FollowerInfo (FollowerInfoImpl.java:lambda$new$1(49)) - s0@group-DBBE7E7C6C61->s1: commitIndex: updateToMax old=1, new=1, updated? false
2022-08-02 21:05:57,372 [grpc-default-executor-0] DEBUG leader.FollowerInfo (FollowerInfoImpl.java:lambda$new$1(49)) - s0@group-DBBE7E7C6C61->s1: matchIndex: updateToMax old=2, new=-1, updated? false
2022-08-02 21:05:57,373 [grpc-default-executor-3] DEBUG leader.FollowerInfo (FollowerInfoImpl.java:lambda$new$1(49)) - s0@group-DBBE7E7C6C61->s2: commitIndex: updateToMax old=1, new=1, updated? false
2022-08-02 21:05:57,373 [grpc-default-executor-3] DEBUG leader.FollowerInfo (FollowerInfoImpl.java:lambda$new$1(49)) - s0@group-DBBE7E7C6C61->s2: matchIndex: updateToMax old=2, new=-1, updated? false
2022-08-02 21:05:57,373 [grpc-default-executor-0] DEBUG leader.FollowerInfo (FollowerInfoImpl.java:lambda$new$1(49)) - s0@group-DBBE7E7C6C61->s1: commitIndex: updateToMax old=1, new=1, updated? false
2022-08-02 21:05:57,373 [grpc-default-executor-0] DEBUG leader.FollowerInfo (FollowerInfoImpl.java:lambda$new$1(49)) - s0@group-DBBE7E7C6C61->s1: matchIndex: updateToMax old=2, new=-1, updated? false
2022-08-02 21:05:57,374 [grpc-default-executor-3] DEBUG leader.FollowerInfo (FollowerInfoImpl.java:lambda$new$1(49)) - s0@group-DBBE7E7C6C61->s2: commitIndex: updateToMax old=1, new=1, updated? false
2022-08-02 21:05:57,374 [grpc-default-executor-3] DEBUG leader.FollowerInfo (FollowerInfoImpl.java:lambda$new$1(49)) - s0@group-DBBE7E7C6C61->s2: matchIndex: updateToMax old=2, new=-1, updated? false
2022-08-02 21:05:57,374 [grpc-default-executor-0] DEBUG leader.FollowerInfo (FollowerInfoImpl.java:lambda$new$1(49)) - s0@group-DBBE7E7C6C61->s1: commitIndex: updateToMax old=1, new=1, updated? false
2022-08-02 21:05:57,374 [grpc-default-executor-0] DEBUG leader.FollowerInfo (FollowerInfoImpl.java:lambda$new$1(49)) - s0@group-DBBE7E7C6C61->s1: matchIndex: updateToMax old=2, new=-1, updated? false
2022-08-02 21:05:57,375 [grpc-default-executor-3] DEBUG leader.FollowerInfo (FollowerInfoImpl.java:lambda$new$1(49)) - s0@group-DBBE7E7C6C61->s2: commitIndex: updateToMax old=1, new=1, updated? false
2022-08-02 21:05:57,375 [grpc-default-executor-3] DEBUG leader.FollowerInfo (FollowerInfoImpl.java:lambda$new$1(49)) - s0@group-DBBE7E7C6C61->s2: matchIndex: updateToMax old=2, new=-1, updated? false
2022-08-02 21:05:57,376 [grpc-default-executor-0] DEBUG leader.FollowerInfo (FollowerInfoImpl.java:lambda$new$1(49)) - s0@group-DBBE7E7C6C61->s1: commitIndex: updateToMax old=1, new=1, updated? false
2022-08-02 21:05:57,376 [grpc-default-executor-0] DEBUG leader.FollowerInfo (FollowerInfoImpl.java:lambda$new$1(49)) - s0@group-DBBE7E7C6C61->s1: matchIndex: updateToMax old=2, new=-1, updated? false
2022-08-02 21:05:57,376 [grpc-default-executor-3] DEBUG leader.FollowerInfo (FollowerInfoImpl.java:lambda$new$1(49)) - s0@group-DBBE7E7C6C61->s2: commitIndex: updateToMax old=1, new=1, updated? false
2022-08-02 21:05:57,376 [grpc-default-executor-3] DEBUG leader.FollowerInfo (FollowerInfoImpl.java:lambda$new$1(49)) - s0@group-DBBE7E7C6C61->s2: matchIndex: updateToMax old=2, new=-1, updated? false
2022-08-02 21:05:57,377 [grpc-default-executor-0] DEBUG leader.FollowerInfo (FollowerInfoImpl.java:lambda$new$1(49)) - s0@group-DBBE7E7C6C61->s1: commitIndex: updateToMax old=1, new=1, updated? false
2022-08-02 21:05:57,377 [grpc-default-executor-0] DEBUG leader.FollowerInfo (FollowerInfoImpl.java:lambda$new$1(49)) - s0@group-DBBE7E7C6C61->s1: matchIndex: updateToMax old=2, new=-1, updated? false
2022-08-02 21:05:57,378 [grpc-default-executor-3] DEBUG leader.FollowerInfo (FollowerInfoImpl.java:lambda$new$1(49)) - s0@group-DBBE7E7C6C61->s2: commitIndex: updateToMax old=1, new=1, updated? false
2022-08-02 21:05:57,378 [grpc-default-executor-3] DEBUG leader.FollowerInfo (FollowerInfoImpl.java:lambda$new$1(49)) - s0@group-DBBE7E7C6C61->s2: matchIndex: updateToMax old=2, new=-1, updated? false
2022-08-02 21:05:57,378 [grpc-default-executor-0] DEBUG leader.FollowerInfo (FollowerInfoImpl.java:lambda$new$1(49)) - s0@group-DBBE7E7C6C61->s1: commitIndex: updateToMax old=1, new=1, updated? false
2022-08-02 21:05:57,378 [grpc-default-executor-0] DEBUG leader.FollowerInfo (FollowerInfoImpl.java:lambda$new$1(49)) - s0@group-DBBE7E7C6C61->s1: matchIndex: updateToMax old=2, new=-1, updated? false
2022-08-02 21:05:57,379 [grpc-default-executor-3] DEBUG leader.FollowerInfo (FollowerInfoImpl.java:lambda$new$1(49)) - s0@group-DBBE7E7C6C61->s2: commitIndex: updateToMax old=1, new=1, updated? false
2022-08-02 21:05:57,379 [grpc-default-executor-3] DEBUG leader.FollowerInfo (FollowerInfoImpl.java:lambda$new$1(49)) - s0@group-DBBE7E7C6C61->s2: matchIndex: updateToMax old=2, new=-1, updated? false
2022-08-02 21:05:57,380 [grpc-default-executor-0] DEBUG leader.FollowerInfo (FollowerInfoImpl.java:lambda$new$1(49)) - s0@group-DBBE7E7C6C61->s1: commitIndex: updateToMax old=1, new=1, updated? false
2022-08-02 21:05:57,380 [grpc-default-executor-0] DEBUG leader.FollowerInfo (FollowerInfoImpl.java:lambda$new$1(49)) - s0@group-DBBE7E7C6C61->s1: matchIndex: updateToMax old=2, new=-1, updated? false
2022-08-02 21:05:57,380 [grpc-default-executor-3] DEBUG leader.FollowerInfo (FollowerInfoImpl.java:lambda$new$1(49)) - s0@group-DBBE7E7C6C61->s2: commitIndex: updateToMax old=1, new=1, updated? false
2022-08-02 21:05:57,380 [grpc-default-executor-3] DEBUG leader.FollowerInfo (FollowerInfoImpl.java:lambda$new$1(49)) - s0@group-DBBE7E7C6C61->s2: matchIndex: updateToMax old=2, new=-1, updated? false
2022-08-02 21:05:57,381 [grpc-default-executor-0] DEBUG leader.FollowerInfo (FollowerInfoImpl.java:lambda$new$1(49)) - s0@group-DBBE7E7C6C61->s1: commitIndex: updateToMax old=1, new=1, updated? false
2022-08-02 21:05:57,381 [grpc-default-executor-0] DEBUG leader.FollowerInfo (FollowerInfoImpl.java:lambda$new$1(49)) - s0@group-DBBE7E7C6C61->s1: matchIndex: updateToMax old=2, new=-1, updated? false
2022-08-02 21:05:57,382 [grpc-default-executor-3] DEBUG leader.FollowerInfo (FollowerInfoImpl.java:lambda$new$1(49)) - s0@group-DBBE7E7C6C61->s2: commitIndex: updateToMax old=1, new=1, updated? false
2022-08-02 21:05:57,382 [grpc-default-executor-3] DEBUG leader.FollowerInfo (FollowerInfoImpl.java:lambda$new$1(49)) - s0@group-DBBE7E7C6C61->s2: matchIndex: updateToMax old=2, new=-1, updated? false
2022-08-02 21:05:57,382 [grpc-default-executor-0] DEBUG leader.FollowerInfo (FollowerInfoImpl.java:lambda$new$1(49)) - s0@group-DBBE7E7C6C61->s1: commitIndex: updateToMax old=1, new=1, updated? false
2022-08-02 21:05:57,382 [grpc-default-executor-0] DEBUG leader.FollowerInfo (FollowerInfoImpl.java:lambda$new$1(49)) - s0@group-DBBE7E7C6C61->s1: matchIndex: updateToMax old=2, new=-1, updated? false
2022-08-02 21:05:57,383 [grpc-default-executor-3] DEBUG leader.FollowerInfo (FollowerInfoImpl.java:lambda$new$1(49)) - s0@group-DBBE7E7C6C61->s2: commitIndex: updateToMax old=1, new=1, updated? false
2022-08-02 21:05:57,383 [grpc-default-executor-3] DEBUG leader.FollowerInfo (FollowerInfoImpl.java:lambda$new$1(49)) - s0@group-DBBE7E7C6C61->s2: matchIndex: updateToMax old=2, new=-1, updated? false
2022-08-02 21:05:57,384 [grpc-default-executor-0] DEBUG leader.FollowerInfo (FollowerInfoImpl.java:lambda$new$1(49)) - s0@group-DBBE7E7C6C61->s1: commitIndex: updateToMax old=1, new=1, updated? false
2022-08-02 21:05:57,384 [grpc-default-executor-0] DEBUG leader.FollowerInfo (FollowerInfoImpl.java:lambda$new$1(49)) - s0@group-DBBE7E7C6C61->s1: matchIndex: updateToMax old=2, new=-1, updated? false
2022-08-02 21:05:57,384 [grpc-default-executor-3] DEBUG leader.FollowerInfo (FollowerInfoImpl.java:lambda$new$1(49)) - s0@group-DBBE7E7C6C61->s2: commitIndex: updateToMax old=1, new=1, updated? false
2022-08-02 21:05:57,384 [grpc-default-executor-3] DEBUG leader.FollowerInfo (FollowerInfoImpl.java:lambda$new$1(49)) - s0@group-DBBE7E7C6C61->s2: matchIndex: updateToMax old=2, new=-1, updated? false
2022-08-02 21:05:57,385 [grpc-default-executor-0] DEBUG leader.FollowerInfo (FollowerInfoImpl.java:lambda$new$1(49)) - s0@group-DBBE7E7C6C61->s1: commitIndex: updateToMax old=1, new=1, updated? false
2022-08-02 21:05:57,385 [grpc-default-executor-0] DEBUG leader.FollowerInfo (FollowerInfoImpl.java:lambda$new$1(49)) - s0@group-DBBE7E7C6C61->s1: matchIndex: updateToMax old=2, new=-1, updated? false
2022-08-02 21:05:57,386 [grpc-default-executor-3] DEBUG leader.FollowerInfo (FollowerInfoImpl.java:lambda$new$1(49)) - s0@group-DBBE7E7C6C61->s2: commitIndex: updateToMax old=1, new=1, updated? false
2022-08-02 21:05:57,386 [grpc-default-executor-3] DEBUG leader.FollowerInfo (FollowerInfoImpl.java:lambda$new$1(49)) - s0@group-DBBE7E7C6C61->s2: matchIndex: updateToMax old=2, new=-1, updated? false
2022-08-02 21:05:57,386 [grpc-default-executor-0] DEBUG leader.FollowerInfo (FollowerInfoImpl.java:lambda$new$1(49)) - s0@group-DBBE7E7C6C61->s1: commitIndex: updateToMax old=1, new=1, updated? false
2022-08-02 21:05:57,386 [grpc-default-executor-0] DEBUG leader.FollowerInfo (FollowerInfoImpl.java:lambda$new$1(49)) - s0@group-DBBE7E7C6C61->s1: matchIndex: updateToMax old=2, new=-1, updated? false
2022-08-02 21:05:57,387 [grpc-default-executor-3] DEBUG leader.FollowerInfo (FollowerInfoImpl.java:lambda$new$1(49)) - s0@group-DBBE7E7C6C61->s2: commitIndex: updateToMax old=1, new=1, updated? false
2022-08-02 21:05:57,387 [grpc-default-executor-3] DEBUG leader.FollowerInfo (FollowerInfoImpl.java:lambda$new$1(49)) - s0@group-DBBE7E7C6C61->s2: matchIndex: updateToMax old=2, new=-1, updated? false
2022-08-02 21:05:57,388 [grpc-default-executor-0] DEBUG leader.FollowerInfo (FollowerInfoImpl.java:lambda$new$1(49)) - s0@group-DBBE7E7C6C61->s1: commitIndex: updateToMax old=1, new=1, updated? false
2022-08-02 21:05:57,388 [grpc-default-executor-0] DEBUG leader.FollowerInfo (FollowerInfoImpl.java:lambda$new$1(49)) - s0@group-DBBE7E7C6C61->s1: matchIndex: updateToMax old=2, new=-1, updated? false
2022-08-02 21:05:57,388 [grpc-default-executor-3] DEBUG leader.FollowerInfo (FollowerInfoImpl.java:lambda$new$1(49)) - s0@group-DBBE7E7C6C61->s2: commitIndex: updateToMax old=1, new=1, updated? false
2022-08-02 21:05:57,388 [grpc-default-executor-3] DEBUG leader.FollowerInfo (FollowerInfoImpl.java:lambda$new$1(49)) - s0@group-DBBE7E7C6C61->s2: matchIndex: updateToMax old=2, new=-1, updated? false
2022-08-02 21:05:57,389 [grpc-default-executor-0] DEBUG leader.FollowerInfo (FollowerInfoImpl.java:lambda$new$1(49)) - s0@group-DBBE7E7C6C61->s1: commitIndex: updateToMax old=1, new=1, updated? false
2022-08-02 21:05:57,389 [grpc-default-executor-0] DEBUG leader.FollowerInfo (FollowerInfoImpl.java:lambda$new$1(49)) - s0@group-DBBE7E7C6C61->s1: matchIndex: updateToMax old=2, new=-1, updated? false
2022-08-02 21:05:57,390 [grpc-default-executor-3] DEBUG leader.FollowerInfo (FollowerInfoImpl.java:lambda$new$1(49)) - s0@group-DBBE7E7C6C61->s2: commitIndex: updateToMax old=1, new=1, updated? false
2022-08-02 21:05:57,390 [grpc-default-executor-3] DEBUG leader.FollowerInfo (FollowerInfoImpl.java:lambda$new$1(49)) - s0@group-DBBE7E7C6C61->s2: matchIndex: updateToMax old=2, new=-1, updated? false
2022-08-02 21:05:57,390 [grpc-default-executor-0] DEBUG leader.FollowerInfo (FollowerInfoImpl.java:lambda$new$1(49)) - s0@group-DBBE7E7C6C61->s1: commitIndex: updateToMax old=1, new=1, updated? false
2022-08-02 21:05:57,390 [grpc-default-executor-0] DEBUG leader.FollowerInfo (FollowerInfoImpl.java:lambda$new$1(49)) - s0@group-DBBE7E7C6C61->s1: matchIndex: updateToMax old=2, new=-1, updated? false
2022-08-02 21:05:57,391 [grpc-default-executor-3] DEBUG leader.FollowerInfo (FollowerInfoImpl.java:lambda$new$1(49)) - s0@group-DBBE7E7C6C61->s2: commitIndex: updateToMax old=1, new=1, updated? false
2022-08-02 21:05:57,391 [grpc-default-executor-3] DEBUG leader.FollowerInfo (FollowerInfoImpl.java:lambda$new$1(49)) - s0@group-DBBE7E7C6C61->s2: matchIndex: updateToMax old=2, new=-1, updated? false
2022-08-02 21:05:57,392 [grpc-default-executor-0] DEBUG leader.FollowerInfo (FollowerInfoImpl.java:lambda$new$1(49)) - s0@group-DBBE7E7C6C61->s1: commitIndex: updateToMax old=1, new=1, updated? false
2022-08-02 21:05:57,392 [grpc-default-executor-0] DEBUG leader.FollowerInfo (FollowerInfoImpl.java:lambda$new$1(49)) - s0@group-DBBE7E7C6C61->s1: matchIndex: updateToMax old=2, new=-1, updated? false
2022-08-02 21:05:57,393 [grpc-default-executor-3] DEBUG leader.FollowerInfo (FollowerInfoImpl.java:lambda$new$1(49)) - s0@group-DBBE7E7C6C61->s2: commitIndex: updateToMax old=1, new=1, updated? false
2022-08-02 21:05:57,393 [grpc-default-executor-3] DEBUG leader.FollowerInfo (FollowerInfoImpl.java:lambda$new$1(49)) - s0@group-DBBE7E7C6C61->s2: matchIndex: updateToMax old=2, new=-1, updated? false
2022-08-02 21:05:57,393 [grpc-default-executor-0] DEBUG leader.FollowerInfo (FollowerInfoImpl.java:lambda$new$1(49)) - s0@group-DBBE7E7C6C61->s1: commitIndex: updateToMax old=1, new=1, updated? false
2022-08-02 21:05:57,393 [grpc-default-executor-0] DEBUG leader.FollowerInfo (FollowerInfoImpl.java:lambda$new$1(49)) - s0@group-DBBE7E7C6C61->s1: matchIndex: updateToMax old=2, new=-1, updated? false
2022-08-02 21:05:57,394 [grpc-default-executor-3] DEBUG leader.FollowerInfo (FollowerInfoImpl.java:lambda$new$1(49)) - s0@group-DBBE7E7C6C61->s2: commitIndex: updateToMax old=1, new=1, updated? false
2022-08-02 21:05:57,394 [grpc-default-executor-3] DEBUG leader.FollowerInfo (FollowerInfoImpl.java:lambda$new$1(49)) - s0@group-DBBE7E7C6C61->s2: matchIndex: updateToMax old=2, new=-1, updated? false
2022-08-02 21:05:57,395 [grpc-default-executor-0] DEBUG leader.FollowerInfo (FollowerInfoImpl.java:lambda$new$1(49)) - s0@group-DBBE7E7C6C61->s1: commitIndex: updateToMax old=1, new=1, updated? false
2022-08-02 21:05:57,395 [grpc-default-executor-0] DEBUG leader.FollowerInfo (FollowerInfoImpl.java:lambda$new$1(49)) - s0@group-DBBE7E7C6C61->s1: matchIndex: updateToMax old=2, new=-1, updated? false
2022-08-02 21:05:57,395 [grpc-default-executor-3] DEBUG leader.FollowerInfo (FollowerInfoImpl.java:lambda$new$1(49)) - s0@group-DBBE7E7C6C61->s2: commitIndex: updateToMax old=1, new=1, updated? false
2022-08-02 21:05:57,395 [grpc-default-executor-3] DEBUG leader.FollowerInfo (FollowerInfoImpl.java:lambda$new$1(49)) - s0@group-DBBE7E7C6C61->s2: matchIndex: updateToMax old=2, new=-1, updated? false
2022-08-02 21:05:57,396 [grpc-default-executor-0] DEBUG leader.FollowerInfo (FollowerInfoImpl.java:lambda$new$1(49)) - s0@group-DBBE7E7C6C61->s1: commitIndex: updateToMax old=1, new=1, updated? false
2022-08-02 21:05:57,396 [grpc-default-executor-0] DEBUG leader.FollowerInfo (FollowerInfoImpl.java:lambda$new$1(49)) - s0@group-DBBE7E7C6C61->s1: matchIndex: updateToMax old=2, new=-1, updated? false
2022-08-02 21:05:57,397 [grpc-default-executor-3] DEBUG leader.FollowerInfo (FollowerInfoImpl.java:lambda$new$1(49)) - s0@group-DBBE7E7C6C61->s2: commitIndex: updateToMax old=1, new=1, updated? false
2022-08-02 21:05:57,397 [grpc-default-executor-3] DEBUG leader.FollowerInfo (FollowerInfoImpl.java:lambda$new$1(49)) - s0@group-DBBE7E7C6C61->s2: matchIndex: updateToMax old=2, new=-1, updated? false
2022-08-02 21:05:57,397 [grpc-default-executor-0] DEBUG leader.FollowerInfo (FollowerInfoImpl.java:lambda$new$1(49)) - s0@group-DBBE7E7C6C61->s1: commitIndex: updateToMax old=1, new=1, updated? false
2022-08-02 21:05:57,397 [grpc-default-executor-0] DEBUG leader.FollowerInfo (FollowerInfoImpl.java:lambda$new$1(49)) - s0@group-DBBE7E7C6C61->s1: matchIndex: updateToMax old=2, new=-1, updated? false
2022-08-02 21:05:57,398 [grpc-default-executor-3] DEBUG leader.FollowerInfo (FollowerInfoImpl.java:lambda$new$1(49)) - s0@group-DBBE7E7C6C61->s2: commitIndex: updateToMax old=1, new=1, updated? false
2022-08-02 21:05:57,398 [grpc-default-executor-3] DEBUG leader.FollowerInfo (FollowerInfoImpl.java:lambda$new$1(49)) - s0@group-DBBE7E7C6C61->s2: matchIndex: updateToMax old=2, new=-1, updated? false
2022-08-02 21:05:57,399 [grpc-default-executor-0] DEBUG leader.FollowerInfo (FollowerInfoImpl.java:lambda$new$1(49)) - s0@group-DBBE7E7C6C61->s1: commitIndex: updateToMax old=1, new=1, updated? false
2022-08-02 21:05:57,399 [grpc-default-executor-0] DEBUG leader.FollowerInfo (FollowerInfoImpl.java:lambda$new$1(49)) - s0@group-DBBE7E7C6C61->s1: matchIndex: updateToMax old=2, new=-1, updated? false
2022-08-02 21:05:57,399 [grpc-default-executor-3] DEBUG leader.FollowerInfo (FollowerInfoImpl.java:lambda$new$1(49)) - s0@group-DBBE7E7C6C61->s2: commitIndex: updateToMax old=1, new=1, updated? false
2022-08-02 21:05:57,399 [grpc-default-executor-3] DEBUG leader.FollowerInfo (FollowerInfoImpl.java:lambda$new$1(49)) - s0@group-DBBE7E7C6C61->s2: matchIndex: updateToMax old=2, new=-1, updated? false
2022-08-02 21:05:57,399 [grpc-default-executor-3] DEBUG leader.FollowerInfo (FollowerInfoImpl.java:lambda$new$1(49)) - s0@group-DBBE7E7C6C61->s1: commitIndex: updateToMax old=1, new=1, updated? false
2022-08-02 21:05:57,399 [grpc-default-executor-3] DEBUG leader.FollowerInfo (FollowerInfoImpl.java:lambda$new$1(49)) - s0@group-DBBE7E7C6C61->s1: matchIndex: updateToMax old=2, new=-1, updated? false
2022-08-02 21:05:57,400 [grpc-default-executor-0] DEBUG leader.FollowerInfo (FollowerInfoImpl.java:lambda$new$1(49)) - s0@group-DBBE7E7C6C61->s2: commitIndex: updateToMax old=1, new=1, updated? false
2022-08-02 21:05:57,400 [grpc-default-executor-0] DEBUG leader.FollowerInfo (FollowerInfoImpl.java:lambda$new$1(49)) - s0@group-DBBE7E7C6C61->s2: matchIndex: updateToMax old=2, new=-1, updated? false
2022-08-02 21:05:57,400 [grpc-default-executor-3] DEBUG leader.FollowerInfo (FollowerInfoImpl.java:lambda$new$1(49)) - s0@group-DBBE7E7C6C61->s1: commitIndex: updateToMax old=1, new=1, updated? false
2022-08-02 21:05:57,400 [grpc-default-executor-3] DEBUG leader.FollowerInfo (FollowerInfoImpl.java:lambda$new$1(49)) - s0@group-DBBE7E7C6C61->s1: matchIndex: updateToMax old=2, new=-1, updated? false
2022-08-02 21:05:57,401 [grpc-default-executor-3] DEBUG leader.FollowerInfo (FollowerInfoImpl.java:lambda$new$1(49)) - s0@group-DBBE7E7C6C61->s2: commitIndex: updateToMax old=1, new=1, updated? false
2022-08-02 21:05:57,401 [grpc-default-executor-3] DEBUG leader.FollowerInfo (FollowerInfoImpl.java:lambda$new$1(49)) - s0@group-DBBE7E7C6C61->s2: matchIndex: updateToMax old=2, new=-1, updated? false
2022-08-02 21:05:57,401 [grpc-default-executor-3] DEBUG leader.FollowerInfo (FollowerInfoImpl.java:lambda$new$1(49)) - s0@group-DBBE7E7C6C61->s1: commitIndex: updateToMax old=1, new=1, updated? false
2022-08-02 21:05:57,401 [grpc-default-executor-3] DEBUG leader.FollowerInfo (FollowerInfoImpl.java:lambda$new$1(49)) - s0@group-DBBE7E7C6C61->s1: matchIndex: updateToMax old=2, new=-1, updated? false
2022-08-02 21:05:57,401 [grpc-default-executor-3] DEBUG leader.FollowerInfo (FollowerInfoImpl.java:lambda$new$1(49)) - s0@group-DBBE7E7C6C61->s2: commitIndex: updateToMax old=1, new=1, updated? false
2022-08-02 21:05:57,402 [grpc-default-executor-3] DEBUG leader.FollowerInfo (FollowerInfoImpl.java:lambda$new$1(49)) - s0@group-DBBE7E7C6C61->s2: matchIndex: updateToMax old=2, new=-1, updated? false
2022-08-02 21:05:57,402 [grpc-default-executor-3] DEBUG leader.FollowerInfo (FollowerInfoImpl.java:lambda$new$1(49)) - s0@group-DBBE7E7C6C61->s1: commitIndex: updateToMax old=1, new=1, updated? false
2022-08-02 21:05:57,402 [grpc-default-executor-3] DEBUG leader.FollowerInfo (FollowerInfoImpl.java:lambda$new$1(49)) - s0@group-DBBE7E7C6C61->s1: matchIndex: updateToMax old=2, new=-1, updated? false
2022-08-02 21:05:57,402 [grpc-default-executor-3] DEBUG leader.FollowerInfo (FollowerInfoImpl.java:lambda$new$1(49)) - s0@group-DBBE7E7C6C61->s2: commitIndex: updateToMax old=1, new=1, updated? false
2022-08-02 21:05:57,402 [grpc-default-executor-3] DEBUG leader.FollowerInfo (FollowerInfoImpl.java:lambda$new$1(49)) - s0@group-DBBE7E7C6C61->s2: matchIndex: updateToMax old=2, new=-1, updated? false
2022-08-02 21:05:57,403 [grpc-default-executor-3] DEBUG leader.FollowerInfo (FollowerInfoImpl.java:lambda$new$1(49)) - s0@group-DBBE7E7C6C61->s1: commitIndex: updateToMax old=1, new=1, updated? false
2022-08-02 21:05:57,403 [grpc-default-executor-3] DEBUG leader.FollowerInfo (FollowerInfoImpl.java:lambda$new$1(49)) - s0@group-DBBE7E7C6C61->s1: matchIndex: updateToMax old=2, new=-1, updated? false
2022-08-02 21:05:57,403 [grpc-default-executor-0] DEBUG leader.FollowerInfo (FollowerInfoImpl.java:lambda$new$1(49)) - s0@group-DBBE7E7C6C61->s2: commitIndex: updateToMax old=1, new=1, updated? false
2022-08-02 21:05:57,403 [grpc-default-executor-0] DEBUG leader.FollowerInfo (FollowerInfoImpl.java:lambda$new$1(49)) - s0@group-DBBE7E7C6C61->s2: matchIndex: updateToMax old=2, new=-1, updated? false
2022-08-02 21:05:57,404 [grpc-default-executor-0] DEBUG leader.FollowerInfo (FollowerInfoImpl.java:lambda$new$1(49)) - s0@group-DBBE7E7C6C61->s1: commitIndex: updateToMax old=1, new=1, updated? false
2022-08-02 21:05:57,404 [grpc-default-executor-0] DEBUG leader.FollowerInfo (FollowerInfoImpl.java:lambda$new$1(49)) - s0@group-DBBE7E7C6C61->s1: matchIndex: updateToMax old=2, new=-1, updated? false
2022-08-02 21:05:57,405 [grpc-default-executor-3] DEBUG leader.FollowerInfo (FollowerInfoImpl.java:lambda$new$1(49)) - s0@group-DBBE7E7C6C61->s2: commitIndex: updateToMax old=1, new=1, updated? false
2022-08-02 21:05:57,405 [grpc-default-executor-3] DEBUG leader.FollowerInfo (FollowerInfoImpl.java:lambda$new$1(49)) - s0@group-DBBE7E7C6C61->s2: matchIndex: updateToMax old=2, new=-1, updated? false
2022-08-02 21:05:57,405 [grpc-default-executor-3] DEBUG leader.FollowerInfo (FollowerInfoImpl.java:lambda$new$1(49)) - s0@group-DBBE7E7C6C61->s1: commitIndex: updateToMax old=1, new=1, updated? false
2022-08-02 21:05:57,405 [grpc-default-executor-3] DEBUG leader.FollowerInfo (FollowerInfoImpl.java:lambda$new$1(49)) - s0@group-DBBE7E7C6C61->s1: matchIndex: updateToMax old=2, new=-1, updated? false
2022-08-02 21:05:57,406 [grpc-default-executor-0] DEBUG leader.FollowerInfo (FollowerInfoImpl.java:lambda$new$1(49)) - s0@group-DBBE7E7C6C61->s2: commitIndex: updateToMax old=1, new=1, updated? false
2022-08-02 21:05:57,406 [grpc-default-executor-0] DEBUG leader.FollowerInfo (FollowerInfoImpl.java:lambda$new$1(49)) - s0@group-DBBE7E7C6C61->s2: matchIndex: updateToMax old=2, new=-1, updated? false
2022-08-02 21:05:57,406 [grpc-default-executor-3] DEBUG leader.FollowerInfo (FollowerInfoImpl.java:lambda$new$1(49)) - s0@group-DBBE7E7C6C61->s1: commitIndex: updateToMax old=1, new=1, updated? false
2022-08-02 21:05:57,406 [grpc-default-executor-3] DEBUG leader.FollowerInfo (FollowerInfoImpl.java:lambda$new$1(49)) - s0@group-DBBE7E7C6C61->s1: matchIndex: updateToMax old=2, new=-1, updated? false
2022-08-02 21:05:57,407 [grpc-default-executor-3] DEBUG leader.FollowerInfo (FollowerInfoImpl.java:lambda$new$1(49)) - s0@group-DBBE7E7C6C61->s2: commitIndex: updateToMax old=1, new=1, updated? false
2022-08-02 21:05:57,408 [grpc-default-executor-3] DEBUG leader.FollowerInfo (FollowerInfoImpl.java:lambda$new$1(49)) - s0@group-DBBE7E7C6C61->s2: matchIndex: updateToMax old=2, new=-1, updated? false
2022-08-02 21:05:57,408 [grpc-default-executor-3] DEBUG leader.FollowerInfo (FollowerInfoImpl.java:lambda$new$1(49)) - s0@group-DBBE7E7C6C61->s1: commitIndex: updateToMax old=1, new=1, updated? false
2022-08-02 21:05:57,408 [grpc-default-executor-3] DEBUG leader.FollowerInfo (FollowerInfoImpl.java:lambda$new$1(49)) - s0@group-DBBE7E7C6C61->s1: matchIndex: updateToMax old=2, new=-1, updated? false
2022-08-02 21:05:57,408 [grpc-default-executor-0] DEBUG leader.FollowerInfo (FollowerInfoImpl.java:lambda$new$1(49)) - s0@group-DBBE7E7C6C61->s2: commitIndex: updateToMax old=1, new=1, updated? false
2022-08-02 21:05:57,409 [grpc-default-executor-0] DEBUG leader.FollowerInfo (FollowerInfoImpl.java:lambda$new$1(49)) - s0@group-DBBE7E7C6C61->s2: matchIndex: updateToMax old=2, new=-1, updated? false
2022-08-02 21:05:57,409 [grpc-default-executor-3] DEBUG leader.FollowerInfo (FollowerInfoImpl.java:lambda$new$1(49)) - s0@group-DBBE7E7C6C61->s1: commitIndex: updateToMax old=1, new=1, updated? false
2022-08-02 21:05:57,409 [grpc-default-executor-3] DEBUG leader.FollowerInfo (FollowerInfoImpl.java:lambda$new$1(49)) - s0@group-DBBE7E7C6C61->s1: matchIndex: updateToMax old=2, new=-1, updated? false
2022-08-02 21:05:57,409 [grpc-default-executor-3] DEBUG leader.FollowerInfo (FollowerInfoImpl.java:lambda$new$1(49)) - s0@group-DBBE7E7C6C61->s2: commitIndex: updateToMax old=1, new=1, updated? false
2022-08-02 21:05:57,409 [grpc-default-executor-3] DEBUG leader.FollowerInfo (FollowerInfoImpl.java:lambda$new$1(49)) - s0@group-DBBE7E7C6C61->s2: matchIndex: updateToMax old=2, new=-1, updated? false
2022-08-02 21:05:57,410 [grpc-default-executor-3] DEBUG leader.FollowerInfo (FollowerInfoImpl.java:lambda$new$1(49)) - s0@group-DBBE7E7C6C61->s1: commitIndex: updateToMax old=1, new=1, updated? false
2022-08-02 21:05:57,410 [grpc-default-executor-3] DEBUG leader.FollowerInfo (FollowerInfoImpl.java:lambda$new$1(49)) - s0@group-DBBE7E7C6C61->s1: matchIndex: updateToMax old=2, new=-1, updated? false
2022-08-02 21:05:57,415 [grpc-default-executor-0] DEBUG leader.FollowerInfo (FollowerInfoImpl.java:lambda$new$1(49)) - s0@group-DBBE7E7C6C61->s2: commitIndex: updateToMax old=1, new=1, updated? false
2022-08-02 21:05:57,415 [grpc-default-executor-0] DEBUG leader.FollowerInfo (FollowerInfoImpl.java:lambda$new$1(49)) - s0@group-DBBE7E7C6C61->s2: matchIndex: updateToMax old=2, new=-1, updated? false
2022-08-02 21:05:57,416 [grpc-default-executor-0] DEBUG leader.FollowerInfo (FollowerInfoImpl.java:lambda$new$1(49)) - s0@group-DBBE7E7C6C61->s1: commitIndex: updateToMax old=1, new=1, updated? false
2022-08-02 21:05:57,416 [grpc-default-executor-0] DEBUG leader.FollowerInfo (FollowerInfoImpl.java:lambda$new$1(49)) - s0@group-DBBE7E7C6C61->s1: matchIndex: updateToMax old=2, new=-1, updated? false
2022-08-02 21:05:57,416 [grpc-default-executor-0] DEBUG leader.FollowerInfo (FollowerInfoImpl.java:lambda$new$1(49)) - s0@group-DBBE7E7C6C61->s2: commitIndex: updateToMax old=1, new=1, updated? false
2022-08-02 21:05:57,416 [grpc-default-executor-0] DEBUG leader.FollowerInfo (FollowerInfoImpl.java:lambda$new$1(49)) - s0@group-DBBE7E7C6C61->s2: matchIndex: updateToMax old=2, new=-1, updated? false
2022-08-02 21:05:57,417 [grpc-default-executor-0] DEBUG leader.FollowerInfo (FollowerInfoImpl.java:lambda$new$1(49)) - s0@group-DBBE7E7C6C61->s1: commitIndex: updateToMax old=1, new=1, updated? false
2022-08-02 21:05:57,417 [grpc-default-executor-0] DEBUG leader.FollowerInfo (FollowerInfoImpl.java:lambda$new$1(49)) - s0@group-DBBE7E7C6C61->s1: matchIndex: updateToMax old=2, new=-1, updated? false
2022-08-02 21:05:57,417 [grpc-default-executor-0] DEBUG leader.FollowerInfo (FollowerInfoImpl.java:lambda$new$1(49)) - s0@group-DBBE7E7C6C61->s2: commitIndex: updateToMax old=1, new=1, updated? false
2022-08-02 21:05:57,417 [grpc-default-executor-0] DEBUG leader.FollowerInfo (FollowerInfoImpl.java:lambda$new$1(49)) - s0@group-DBBE7E7C6C61->s2: matchIndex: updateToMax old=2, new=-1, updated? false
2022-08-02 21:05:57,418 [grpc-default-executor-3] DEBUG leader.FollowerInfo (FollowerInfoImpl.java:lambda$new$1(49)) - s0@group-DBBE7E7C6C61->s1: commitIndex: updateToMax old=1, new=1, updated? false
2022-08-02 21:05:57,418 [grpc-default-executor-3] DEBUG leader.FollowerInfo (FollowerInfoImpl.java:lambda$new$1(49)) - s0@group-DBBE7E7C6C61->s1: matchIndex: updateToMax old=2, new=-1, updated? false
2022-08-02 21:05:57,418 [grpc-default-executor-0] DEBUG leader.FollowerInfo (FollowerInfoImpl.java:lambda$new$1(49)) - s0@group-DBBE7E7C6C61->s2: commitIndex: updateToMax old=1, new=1, updated? false
2022-08-02 21:05:57,418 [grpc-default-executor-0] DEBUG leader.FollowerInfo (FollowerInfoImpl.java:lambda$new$1(49)) - s0@group-DBBE7E7C6C61->s2: matchIndex: updateToMax old=2, new=-1, updated? false
2022-08-02 21:05:57,419 [grpc-default-executor-3] DEBUG leader.FollowerInfo (FollowerInfoImpl.java:lambda$new$1(49)) - s0@group-DBBE7E7C6C61->s1: commitIndex: updateToMax old=1, new=1, updated? false
2022-08-02 21:05:57,419 [grpc-default-executor-3] DEBUG leader.FollowerInfo (FollowerInfoImpl.java:lambda$new$1(49)) - s0@group-DBBE7E7C6C61->s1: matchIndex: updateToMax old=2, new=-1, updated? false
2022-08-02 21:05:57,419 [grpc-default-executor-0] DEBUG leader.FollowerInfo (FollowerInfoImpl.java:lambda$new$1(49)) - s0@group-DBBE7E7C6C61->s2: commitIndex: updateToMax old=1, new=1, updated? false
2022-08-02 21:05:57,419 [grpc-default-executor-0] DEBUG leader.FollowerInfo (FollowerInfoImpl.java:lambda$new$1(49)) - s0@group-DBBE7E7C6C61->s2: matchIndex: updateToMax old=2, new=-1, updated? false
2022-08-02 21:05:57,420 [grpc-default-executor-0] DEBUG leader.FollowerInfo (FollowerInfoImpl.java:lambda$new$1(49)) - s0@group-DBBE7E7C6C61->s1: commitIndex: updateToMax old=1, new=1, updated? false
2022-08-02 21:05:57,420 [grpc-default-executor-0] DEBUG leader.FollowerInfo (FollowerInfoImpl.java:lambda$new$1(49)) - s0@group-DBBE7E7C6C61->s1: matchIndex: updateToMax old=2, new=-1, updated? false
2022-08-02 21:05:57,420 [grpc-default-executor-3] DEBUG leader.FollowerInfo (FollowerInfoImpl.java:lambda$new$1(49)) - s0@group-DBBE7E7C6C61->s2: commitIndex: updateToMax old=1, new=1, updated? false
2022-08-02 21:05:57,420 [grpc-default-executor-3] DEBUG leader.FollowerInfo (FollowerInfoImpl.java:lambda$new$1(49)) - s0@group-DBBE7E7C6C61->s2: matchIndex: updateToMax old=2, new=-1, updated? false
2022-08-02 21:05:57,421 [grpc-default-executor-0] DEBUG leader.FollowerInfo (FollowerInfoImpl.java:lambda$new$1(49)) - s0@group-DBBE7E7C6C61->s1: commitIndex: updateToMax old=1, new=1, updated? false
2022-08-02 21:05:57,421 [grpc-default-executor-0] DEBUG leader.FollowerInfo (FollowerInfoImpl.java:lambda$new$1(49)) - s0@group-DBBE7E7C6C61->s1: matchIndex: updateToMax old=2, new=-1, updated? false
2022-08-02 21:05:57,421 [grpc-default-executor-0] DEBUG leader.FollowerInfo (FollowerInfoImpl.java:lambda$new$1(49)) - s0@group-DBBE7E7C6C61->s2: commitIndex: updateToMax old=1, new=1, updated? false
2022-08-02 21:05:57,421 [grpc-default-executor-0] DEBUG leader.FollowerInfo (FollowerInfoImpl.java:lambda$new$1(49)) - s0@group-DBBE7E7C6C61->s2: matchIndex: updateToMax old=2, new=-1, updated? false
2022-08-02 21:05:57,422 [grpc-default-executor-3] DEBUG leader.FollowerInfo (FollowerInfoImpl.java:lambda$new$1(49)) - s0@group-DBBE7E7C6C61->s1: commitIndex: updateToMax old=1, new=1, updated? false
2022-08-02 21:05:57,422 [grpc-default-executor-3] DEBUG leader.FollowerInfo (FollowerInfoImpl.java:lambda$new$1(49)) - s0@group-DBBE7E7C6C61->s1: matchIndex: updateToMax old=2, new=-1, updated? false
2022-08-02 21:05:57,422 [grpc-default-executor-3] DEBUG leader.FollowerInfo (FollowerInfoImpl.java:lambda$new$1(49)) - s0@group-DBBE7E7C6C61->s2: commitIndex: updateToMax old=1, new=1, updated? false
2022-08-02 21:05:57,422 [grpc-default-executor-3] DEBUG leader.FollowerInfo (FollowerInfoImpl.java:lambda$new$1(49)) - s0@group-DBBE7E7C6C61->s2: matchIndex: updateToMax old=2, new=-1, updated? false
2022-08-02 21:05:57,422 [grpc-default-executor-3] DEBUG leader.FollowerInfo (FollowerInfoImpl.java:lambda$new$1(49)) - s0@group-DBBE7E7C6C61->s1: commitIndex: updateToMax old=1, new=1, updated? false
2022-08-02 21:05:57,422 [grpc-default-executor-3] DEBUG leader.FollowerInfo (FollowerInfoImpl.java:lambda$new$1(49)) - s0@group-DBBE7E7C6C61->s1: matchIndex: updateToMax old=2, new=-1, updated? false
2022-08-02 21:05:57,423 [grpc-default-executor-0] DEBUG leader.FollowerInfo (FollowerInfoImpl.java:lambda$new$1(49)) - s0@group-DBBE7E7C6C61->s2: commitIndex: updateToMax old=1, new=1, updated? false
2022-08-02 21:05:57,423 [grpc-default-executor-0] DEBUG leader.FollowerInfo (FollowerInfoImpl.java:lambda$new$1(49)) - s0@group-DBBE7E7C6C61->s2: matchIndex: updateToMax old=2, new=-1, updated? false
2022-08-02 21:05:57,424 [grpc-default-executor-3] DEBUG leader.FollowerInfo (FollowerInfoImpl.java:lambda$new$1(49)) - s0@group-DBBE7E7C6C61->s1: commitIndex: updateToMax old=1, new=1, updated? false
2022-08-02 21:05:57,424 [grpc-default-executor-3] DEBUG leader.FollowerInfo (FollowerInfoImpl.java:lambda$new$1(49)) - s0@group-DBBE7E7C6C61->s1: matchIndex: updateToMax old=2, new=-1, updated? false
2022-08-02 21:05:57,424 [grpc-default-executor-0] DEBUG leader.FollowerInfo (FollowerInfoImpl.java:lambda$new$1(49)) - s0@group-DBBE7E7C6C61->s2: commitIndex: updateToMax old=1, new=1, updated? false
2022-08-02 21:05:57,424 [grpc-default-executor-0] DEBUG leader.FollowerInfo (FollowerInfoImpl.java:lambda$new$1(49)) - s0@group-DBBE7E7C6C61->s2: matchIndex: updateToMax old=2, new=-1, updated? false
2022-08-02 21:05:57,424 [grpc-default-executor-0] DEBUG leader.FollowerInfo (FollowerInfoImpl.java:lambda$new$1(49)) - s0@group-DBBE7E7C6C61->s1: commitIndex: updateToMax old=1, new=1, updated? false
2022-08-02 21:05:57,424 [grpc-default-executor-0] DEBUG leader.FollowerInfo (FollowerInfoImpl.java:lambda$new$1(49)) - s0@group-DBBE7E7C6C61->s1: matchIndex: updateToMax old=2, new=-1, updated? false
2022-08-02 21:05:57,425 [grpc-default-executor-0] DEBUG leader.FollowerInfo (FollowerInfoImpl.java:lambda$new$1(49)) - s0@group-DBBE7E7C6C61->s2: commitIndex: updateToMax old=1, new=1, updated? false
2022-08-02 21:05:57,425 [grpc-default-executor-0] DEBUG leader.FollowerInfo (FollowerInfoImpl.java:lambda$new$1(49)) - s0@group-DBBE7E7C6C61->s2: matchIndex: updateToMax old=2, new=-1, updated? false
2022-08-02 21:05:57,427 [grpc-default-executor-3] DEBUG leader.FollowerInfo (FollowerInfoImpl.java:lambda$new$1(49)) - s0@group-DBBE7E7C6C61->s1: commitIndex: updateToMax old=1, new=1, updated? false
2022-08-02 21:05:57,427 [grpc-default-executor-3] DEBUG leader.FollowerInfo (FollowerInfoImpl.java:lambda$new$1(49)) - s0@group-DBBE7E7C6C61->s1: matchIndex: updateToMax old=2, new=-1, updated? false
2022-08-02 21:05:57,428 [grpc-default-executor-0] DEBUG leader.FollowerInfo (FollowerInfoImpl.java:lambda$new$1(49)) - s0@group-DBBE7E7C6C61->s2: commitIndex: updateToMax old=1, new=1, updated? false
2022-08-02 21:05:57,428 [grpc-default-executor-0] DEBUG leader.FollowerInfo (FollowerInfoImpl.java:lambda$new$1(49)) - s0@group-DBBE7E7C6C61->s2: matchIndex: updateToMax old=2, new=-1, updated? false
2022-08-02 21:05:57,429 [grpc-default-executor-3] DEBUG leader.FollowerInfo (FollowerInfoImpl.java:lambda$new$1(49)) - s0@group-DBBE7E7C6C61->s1: commitIndex: updateToMax old=1, new=1, updated? false
2022-08-02 21:05:57,429 [grpc-default-executor-3] DEBUG leader.FollowerInfo (FollowerInfoImpl.java:lambda$new$1(49)) - s0@group-DBBE7E7C6C61->s1: matchIndex: updateToMax old=2, new=-1, updated? false
2022-08-02 21:05:57,429 [grpc-default-executor-0] DEBUG leader.FollowerInfo (FollowerInfoImpl.java:lambda$new$1(49)) - s0@group-DBBE7E7C6C61->s2: commitIndex: updateToMax old=1, new=1, updated? false
2022-08-02 21:05:57,429 [grpc-default-executor-0] DEBUG leader.FollowerInfo (FollowerInfoImpl.java:lambda$new$1(49)) - s0@group-DBBE7E7C6C61->s2: matchIndex: updateToMax old=2, new=-1, updated? false
2022-08-02 21:05:57,430 [grpc-default-executor-3] DEBUG leader.FollowerInfo (FollowerInfoImpl.java:lambda$new$1(49)) - s0@group-DBBE7E7C6C61->s1: commitIndex: updateToMax old=1, new=1, updated? false
2022-08-02 21:05:57,430 [grpc-default-executor-3] DEBUG leader.FollowerInfo (FollowerInfoImpl.java:lambda$new$1(49)) - s0@group-DBBE7E7C6C61->s1: matchIndex: updateToMax old=2, new=-1, updated? false
2022-08-02 21:05:57,430 [grpc-default-executor-0] DEBUG leader.FollowerInfo (FollowerInfoImpl.java:lambda$new$1(49)) - s0@group-DBBE7E7C6C61->s2: commitIndex: updateToMax old=1, new=1, updated? false
2022-08-02 21:05:57,431 [grpc-default-executor-0] DEBUG leader.FollowerInfo (FollowerInfoImpl.java:lambda$new$1(49)) - s0@group-DBBE7E7C6C61->s2: matchIndex: updateToMax old=2, new=-1, updated? false
2022-08-02 21:05:57,431 [grpc-default-executor-3] DEBUG leader.FollowerInfo (FollowerInfoImpl.java:lambda$new$1(49)) - s0@group-DBBE7E7C6C61->s1: commitIndex: updateToMax old=1, new=1, updated? false
2022-08-02 21:05:57,431 [grpc-default-executor-3] DEBUG leader.FollowerInfo (FollowerInfoImpl.java:lambda$new$1(49)) - s0@group-DBBE7E7C6C61->s1: matchIndex: updateToMax old=2, new=-1, updated? false
2022-08-02 21:05:57,432 [grpc-default-executor-0] DEBUG leader.FollowerInfo (FollowerInfoImpl.java:lambda$new$1(49)) - s0@group-DBBE7E7C6C61->s2: commitIndex: updateToMax old=1, new=1, updated? false
2022-08-02 21:05:57,432 [grpc-default-executor-0] DEBUG leader.FollowerInfo (FollowerInfoImpl.java:lambda$new$1(49)) - s0@group-DBBE7E7C6C61->s2: matchIndex: updateToMax old=2, new=-1, updated? false
2022-08-02 21:05:57,432 [grpc-default-executor-3] DEBUG leader.FollowerInfo (FollowerInfoImpl.java:lambda$new$1(49)) - s0@group-DBBE7E7C6C61->s1: commitIndex: updateToMax old=1, new=1, updated? false
2022-08-02 21:05:57,432 [grpc-default-executor-3] DEBUG leader.FollowerInfo (FollowerInfoImpl.java:lambda$new$1(49)) - s0@group-DBBE7E7C6C61->s1: matchIndex: updateToMax old=2, new=-1, updated? false
2022-08-02 21:05:57,433 [grpc-default-executor-0] DEBUG leader.FollowerInfo (FollowerInfoImpl.java:lambda$new$1(49)) - s0@group-DBBE7E7C6C61->s2: commitIndex: updateToMax old=1, new=1, updated? false
2022-08-02 21:05:57,433 [grpc-default-executor-0] DEBUG leader.FollowerInfo (FollowerInfoImpl.java:lambda$new$1(49)) - s0@group-DBBE7E7C6C61->s2: matchIndex: updateToMax old=2, new=-1, updated? false
2022-08-02 21:05:57,433 [grpc-default-executor-0] DEBUG leader.FollowerInfo (FollowerInfoImpl.java:lambda$new$1(49)) - s0@group-DBBE7E7C6C61->s1: commitIndex: updateToMax old=1, new=1, updated? false
2022-08-02 21:05:57,434 [grpc-default-executor-0] DEBUG leader.FollowerInfo (FollowerInfoImpl.java:lambda$new$1(49)) - s0@group-DBBE7E7C6C61->s1: matchIndex: updateToMax old=2, new=-1, updated? false
2022-08-02 21:05:57,434 [grpc-default-executor-3] DEBUG leader.FollowerInfo (FollowerInfoImpl.java:lambda$new$1(49)) - s0@group-DBBE7E7C6C61->s2: commitIndex: updateToMax old=1, new=1, updated? false
2022-08-02 21:05:57,434 [grpc-default-executor-3] DEBUG leader.FollowerInfo (FollowerInfoImpl.java:lambda$new$1(49)) - s0@group-DBBE7E7C6C61->s2: matchIndex: updateToMax old=2, new=-1, updated? false
2022-08-02 21:05:57,435 [grpc-default-executor-3] DEBUG leader.FollowerInfo (FollowerInfoImpl.java:lambda$new$1(49)) - s0@group-DBBE7E7C6C61->s1: commitIndex: updateToMax old=1, new=1, updated? false
2022-08-02 21:05:57,435 [grpc-default-executor-3] DEBUG leader.FollowerInfo (FollowerInfoImpl.java:lambda$new$1(49)) - s0@group-DBBE7E7C6C61->s1: matchIndex: updateToMax old=2, new=-1, updated? false
2022-08-02 21:05:57,435 [grpc-default-executor-0] DEBUG leader.FollowerInfo (FollowerInfoImpl.java:lambda$new$1(49)) - s0@group-DBBE7E7C6C61->s2: commitIndex: updateToMax old=1, new=1, updated? false
2022-08-02 21:05:57,435 [grpc-default-executor-0] DEBUG leader.FollowerInfo (FollowerInfoImpl.java:lambda$new$1(49)) - s0@group-DBBE7E7C6C61->s2: matchIndex: updateToMax old=2, new=-1, updated? false
2022-08-02 21:05:57,436 [grpc-default-executor-3] DEBUG leader.FollowerInfo (FollowerInfoImpl.java:lambda$new$1(49)) - s0@group-DBBE7E7C6C61->s1: commitIndex: updateToMax old=1, new=1, updated? false
2022-08-02 21:05:57,436 [grpc-default-executor-3] DEBUG leader.FollowerInfo (FollowerInfoImpl.java:lambda$new$1(49)) - s0@group-DBBE7E7C6C61->s1: matchIndex: updateToMax old=2, new=-1, updated? false
2022-08-02 21:05:57,436 [grpc-default-executor-3] DEBUG leader.FollowerInfo (FollowerInfoImpl.java:lambda$new$1(49)) - s0@group-DBBE7E7C6C61->s2: commitIndex: updateToMax old=1, new=1, updated? false
2022-08-02 21:05:57,436 [grpc-default-executor-3] DEBUG leader.FollowerInfo (FollowerInfoImpl.java:lambda$new$1(49)) - s0@group-DBBE7E7C6C61->s2: matchIndex: updateToMax old=2, new=-1, updated? false
2022-08-02 21:05:57,437 [grpc-default-executor-0] DEBUG leader.FollowerInfo (FollowerInfoImpl.java:lambda$new$1(49)) - s0@group-DBBE7E7C6C61->s1: commitIndex: updateToMax old=1, new=1, updated? false
2022-08-02 21:05:57,437 [grpc-default-executor-0] DEBUG leader.FollowerInfo (FollowerInfoImpl.java:lambda$new$1(49)) - s0@group-DBBE7E7C6C61->s1: matchIndex: updateToMax old=2, new=-1, updated? false
2022-08-02 21:05:57,438 [grpc-default-executor-3] DEBUG leader.FollowerInfo (FollowerInfoImpl.java:lambda$new$1(49)) - s0@group-DBBE7E7C6C61->s2: commitIndex: updateToMax old=1, new=1, updated? false
2022-08-02 21:05:57,438 [grpc-default-executor-3] DEBUG leader.FollowerInfo (FollowerInfoImpl.java:lambda$new$1(49)) - s0@group-DBBE7E7C6C61->s2: matchIndex: updateToMax old=2, new=-1, updated? false
2022-08-02 21:05:57,438 [grpc-default-executor-3] DEBUG leader.FollowerInfo (FollowerInfoImpl.java:lambda$new$1(49)) - s0@group-DBBE7E7C6C61->s1: commitIndex: updateToMax old=1, new=1, updated? false
2022-08-02 21:05:57,438 [grpc-default-executor-3] DEBUG leader.FollowerInfo (FollowerInfoImpl.java:lambda$new$1(49)) - s0@group-DBBE7E7C6C61->s1: matchIndex: updateToMax old=2, new=-1, updated? false
2022-08-02 21:05:57,438 [grpc-default-executor-0] DEBUG leader.FollowerInfo (FollowerInfoImpl.java:lambda$new$1(49)) - s0@group-DBBE7E7C6C61->s2: commitIndex: updateToMax old=1, new=1, updated? false
2022-08-02 21:05:57,439 [grpc-default-executor-0] DEBUG leader.FollowerInfo (FollowerInfoImpl.java:lambda$new$1(49)) - s0@group-DBBE7E7C6C61->s2: matchIndex: updateToMax old=2, new=-1, updated? false
2022-08-02 21:05:57,439 [grpc-default-executor-0] DEBUG leader.FollowerInfo (FollowerInfoImpl.java:lambda$new$1(49)) - s0@group-DBBE7E7C6C61->s1: commitIndex: updateToMax old=1, new=1, updated? false
2022-08-02 21:05:57,439 [grpc-default-executor-0] DEBUG leader.FollowerInfo (FollowerInfoImpl.java:lambda$new$1(49)) - s0@group-DBBE7E7C6C61->s1: matchIndex: updateToMax old=2, new=-1, updated? false
2022-08-02 21:05:57,440 [grpc-default-executor-0] DEBUG leader.FollowerInfo (FollowerInfoImpl.java:lambda$new$1(49)) - s0@group-DBBE7E7C6C61->s2: commitIndex: updateToMax old=1, new=1, updated? false
2022-08-02 21:05:57,440 [grpc-default-executor-0] DEBUG leader.FollowerInfo (FollowerInfoImpl.java:lambda$new$1(49)) - s0@group-DBBE7E7C6C61->s2: matchIndex: updateToMax old=2, new=-1, updated? false
2022-08-02 21:05:57,440 [grpc-default-executor-0] DEBUG leader.FollowerInfo (FollowerInfoImpl.java:lambda$new$1(49)) - s0@group-DBBE7E7C6C61->s1: commitIndex: updateToMax old=1, new=1, updated? false
2022-08-02 21:05:57,440 [grpc-default-executor-0] DEBUG leader.FollowerInfo (FollowerInfoImpl.java:lambda$new$1(49)) - s0@group-DBBE7E7C6C61->s1: matchIndex: updateToMax old=2, new=-1, updated? false
2022-08-02 21:05:57,441 [grpc-default-executor-0] DEBUG leader.FollowerInfo (FollowerInfoImpl.java:lambda$new$1(49)) - s0@group-DBBE7E7C6C61->s2: commitIndex: updateToMax old=1, new=1, updated? false
2022-08-02 21:05:57,441 [grpc-default-executor-0] DEBUG leader.FollowerInfo (FollowerInfoImpl.java:lambda$new$1(49)) - s0@group-DBBE7E7C6C61->s2: matchIndex: updateToMax old=2, new=-1, updated? false
2022-08-02 21:05:57,441 [grpc-default-executor-3] DEBUG leader.FollowerInfo (FollowerInfoImpl.java:lambda$new$1(49)) - s0@group-DBBE7E7C6C61->s1: commitIndex: updateToMax old=1, new=1, updated? false
2022-08-02 21:05:57,441 [grpc-default-executor-3] DEBUG leader.FollowerInfo (FollowerInfoImpl.java:lambda$new$1(49)) - s0@group-DBBE7E7C6C61->s1: matchIndex: updateToMax old=2, new=-1, updated? false
2022-08-02 21:05:57,443 [grpc-default-executor-3] DEBUG leader.FollowerInfo (FollowerInfoImpl.java:lambda$new$1(49)) - s0@group-DBBE7E7C6C61->s2: commitIndex: updateToMax old=1, new=1, updated? false
2022-08-02 21:05:57,443 [grpc-default-executor-3] DEBUG leader.FollowerInfo (FollowerInfoImpl.java:lambda$new$1(49)) - s0@group-DBBE7E7C6C61->s2: matchIndex: updateToMax old=2, new=-1, updated? false
2022-08-02 21:05:57,444 [grpc-default-executor-3] DEBUG leader.FollowerInfo (FollowerInfoImpl.java:lambda$new$1(49)) - s0@group-DBBE7E7C6C61->s1: commitIndex: updateToMax old=1, new=1, updated? false
2022-08-02 21:05:57,444 [grpc-default-executor-3] DEBUG leader.FollowerInfo (FollowerInfoImpl.java:lambda$new$1(49)) - s0@group-DBBE7E7C6C61->s1: matchIndex: updateToMax old=2, new=-1, updated? false
2022-08-02 21:05:57,444 [grpc-default-executor-0] DEBUG leader.FollowerInfo (FollowerInfoImpl.java:lambda$new$1(49)) - s0@group-DBBE7E7C6C61->s1: commitIndex: updateToMax old=1, new=1, updated? false
2022-08-02 21:05:57,444 [grpc-default-executor-0] DEBUG leader.FollowerInfo (FollowerInfoImpl.java:lambda$new$1(49)) - s0@group-DBBE7E7C6C61->s1: matchIndex: updateToMax old=2, new=-1, updated? false
2022-08-02 21:05:57,445 [grpc-default-executor-3] DEBUG leader.FollowerInfo (FollowerInfoImpl.java:lambda$new$1(49)) - s0@group-DBBE7E7C6C61->s2: commitIndex: updateToMax old=1, new=1, updated? false
2022-08-02 21:05:57,445 [grpc-default-executor-3] DEBUG leader.FollowerInfo (FollowerInfoImpl.java:lambda$new$1(49)) - s0@group-DBBE7E7C6C61->s2: matchIndex: updateToMax old=2, new=-1, updated? false
2022-08-02 21:05:57,447 [grpc-default-executor-0] DEBUG leader.FollowerInfo (FollowerInfoImpl.java:lambda$new$1(49)) - s0@group-DBBE7E7C6C61->s1: commitIndex: updateToMax old=1, new=1, updated? false
2022-08-02 21:05:57,447 [grpc-default-executor-0] DEBUG leader.FollowerInfo (FollowerInfoImpl.java:lambda$new$1(49)) - s0@group-DBBE7E7C6C61->s1: matchIndex: updateToMax old=2, new=-1, updated? false
2022-08-02 21:05:57,451 [grpc-default-executor-3] DEBUG leader.FollowerInfo (FollowerInfoImpl.java:lambda$new$1(49)) - s0@group-DBBE7E7C6C61->s2: commitIndex: updateToMax old=1, new=1, updated? false
2022-08-02 21:05:57,451 [grpc-default-executor-3] DEBUG leader.FollowerInfo (FollowerInfoImpl.java:lambda$new$1(49)) - s0@group-DBBE7E7C6C61->s2: matchIndex: updateToMax old=2, new=-1, updated? false
2022-08-02 21:05:57,452 [grpc-default-executor-3] DEBUG leader.FollowerInfo (FollowerInfoImpl.java:lambda$new$1(49)) - s0@group-DBBE7E7C6C61->s1: commitIndex: updateToMax old=1, new=1, updated? false
2022-08-02 21:05:57,452 [grpc-default-executor-3] DEBUG leader.FollowerInfo (FollowerInfoImpl.java:lambda$new$1(49)) - s0@group-DBBE7E7C6C61->s1: matchIndex: updateToMax old=2, new=-1, updated? false
2022-08-02 21:05:57,452 [grpc-default-executor-0] DEBUG leader.FollowerInfo (FollowerInfoImpl.java:lambda$new$1(49)) - s0@group-DBBE7E7C6C61->s2: commitIndex: updateToMax old=1, new=1, updated? false
2022-08-02 21:05:57,453 [grpc-default-executor-0] DEBUG leader.FollowerInfo (FollowerInfoImpl.java:lambda$new$1(49)) - s0@group-DBBE7E7C6C61->s2: matchIndex: updateToMax old=2, new=-1, updated? false
2022-08-02 21:05:57,453 [grpc-default-executor-3] DEBUG leader.FollowerInfo (FollowerInfoImpl.java:lambda$new$1(49)) - s0@group-DBBE7E7C6C61->s1: commitIndex: updateToMax old=1, new=1, updated? false
2022-08-02 21:05:57,453 [grpc-default-executor-3] DEBUG leader.FollowerInfo (FollowerInfoImpl.java:lambda$new$1(49)) - s0@group-DBBE7E7C6C61->s1: matchIndex: updateToMax old=2, new=-1, updated? false
2022-08-02 21:05:57,454 [grpc-default-executor-0] DEBUG leader.FollowerInfo (FollowerInfoImpl.java:lambda$new$1(49)) - s0@group-DBBE7E7C6C61->s2: commitIndex: updateToMax old=1, new=1, updated? false
2022-08-02 21:05:57,454 [grpc-default-executor-0] DEBUG leader.FollowerInfo (FollowerInfoImpl.java:lambda$new$1(49)) - s0@group-DBBE7E7C6C61->s2: matchIndex: updateToMax old=2, new=-1, updated? false
2022-08-02 21:05:57,454 [grpc-default-executor-3] DEBUG leader.FollowerInfo (FollowerInfoImpl.java:lambda$new$1(49)) - s0@group-DBBE7E7C6C61->s1: commitIndex: updateToMax old=1, new=1, updated? false
2022-08-02 21:05:57,454 [grpc-default-executor-3] DEBUG leader.FollowerInfo (FollowerInfoImpl.java:lambda$new$1(49)) - s0@group-DBBE7E7C6C61->s1: matchIndex: updateToMax old=2, new=-1, updated? false
2022-08-02 21:05:57,455 [grpc-default-executor-3] DEBUG leader.FollowerInfo (FollowerInfoImpl.java:lambda$new$1(49)) - s0@group-DBBE7E7C6C61->s2: commitIndex: updateToMax old=1, new=1, updated? false
2022-08-02 21:05:57,455 [grpc-default-executor-3] DEBUG leader.FollowerInfo (FollowerInfoImpl.java:lambda$new$1(49)) - s0@group-DBBE7E7C6C61->s2: matchIndex: updateToMax old=2, new=-1, updated? false
2022-08-02 21:05:57,456 [grpc-default-executor-0] DEBUG leader.FollowerInfo (FollowerInfoImpl.java:lambda$new$1(49)) - s0@group-DBBE7E7C6C61->s1: commitIndex: updateToMax old=1, new=1, updated? false
2022-08-02 21:05:57,456 [grpc-default-executor-0] DEBUG leader.FollowerInfo (FollowerInfoImpl.java:lambda$new$1(49)) - s0@group-DBBE7E7C6C61->s1: matchIndex: updateToMax old=2, new=-1, updated? false
2022-08-02 21:05:57,456 [grpc-default-executor-3] DEBUG leader.FollowerInfo (FollowerInfoImpl.java:lambda$new$1(49)) - s0@group-DBBE7E7C6C61->s2: commitIndex: updateToMax old=1, new=1, updated? false
2022-08-02 21:05:57,456 [grpc-default-executor-3] DEBUG leader.FollowerInfo (FollowerInfoImpl.java:lambda$new$1(49)) - s0@group-DBBE7E7C6C61->s2: matchIndex: updateToMax old=2, new=-1, updated? false
2022-08-02 21:05:57,457 [grpc-default-executor-0] DEBUG leader.FollowerInfo (FollowerInfoImpl.java:lambda$new$1(49)) - s0@group-DBBE7E7C6C61->s1: commitIndex: updateToMax old=1, new=1, updated? false
2022-08-02 21:05:57,457 [grpc-default-executor-0] DEBUG leader.FollowerInfo (FollowerInfoImpl.java:lambda$new$1(49)) - s0@group-DBBE7E7C6C61->s1: matchIndex: updateToMax old=2, new=-1, updated? false
2022-08-02 21:05:57,458 [grpc-default-executor-3] DEBUG leader.FollowerInfo (FollowerInfoImpl.java:lambda$new$1(49)) - s0@group-DBBE7E7C6C61->s2: commitIndex: updateToMax old=1, new=1, updated? false
2022-08-02 21:05:57,458 [grpc-default-executor-3] DEBUG leader.FollowerInfo (FollowerInfoImpl.java:lambda$new$1(49)) - s0@group-DBBE7E7C6C61->s2: matchIndex: updateToMax old=2, new=-1, updated? false
2022-08-02 21:05:57,458 [grpc-default-executor-3] DEBUG leader.FollowerInfo (FollowerInfoImpl.java:lambda$new$1(49)) - s0@group-DBBE7E7C6C61->s1: commitIndex: updateToMax old=1, new=1, updated? false
2022-08-02 21:05:57,458 [grpc-default-executor-3] DEBUG leader.FollowerInfo (FollowerInfoImpl.java:lambda$new$1(49)) - s0@group-DBBE7E7C6C61->s1: matchIndex: updateToMax old=2, new=-1, updated? false
2022-08-02 21:05:57,459 [grpc-default-executor-0] DEBUG leader.FollowerInfo (FollowerInfoImpl.java:lambda$new$1(49)) - s0@group-DBBE7E7C6C61->s2: commitIndex: updateToMax old=1, new=1, updated? false
2022-08-02 21:05:57,459 [grpc-default-executor-0] DEBUG leader.FollowerInfo (FollowerInfoImpl.java:lambda$new$1(49)) - s0@group-DBBE7E7C6C61->s2: matchIndex: updateToMax old=2, new=-1, updated? false
2022-08-02 21:05:57,459 [grpc-default-executor-0] DEBUG leader.FollowerInfo (FollowerInfoImpl.java:lambda$new$1(49)) - s0@group-DBBE7E7C6C61->s1: commitIndex: updateToMax old=1, new=1, updated? false
2022-08-02 21:05:57,459 [grpc-default-executor-0] DEBUG leader.FollowerInfo (FollowerInfoImpl.java:lambda$new$1(49)) - s0@group-DBBE7E7C6C61->s1: matchIndex: updateToMax old=2, new=-1, updated? false
2022-08-02 21:05:57,460 [grpc-default-executor-3] DEBUG leader.FollowerInfo (FollowerInfoImpl.java:lambda$new$1(49)) - s0@group-DBBE7E7C6C61->s2: commitIndex: updateToMax old=1, new=1, updated? false
2022-08-02 21:05:57,460 [grpc-default-executor-3] DEBUG leader.FollowerInfo (FollowerInfoImpl.java:lambda$new$1(49)) - s0@group-DBBE7E7C6C61->s2: matchIndex: updateToMax old=2, new=-1, updated? false
2022-08-02 21:05:57,461 [grpc-default-executor-0] DEBUG leader.FollowerInfo (FollowerInfoImpl.java:lambda$new$1(49)) - s0@group-DBBE7E7C6C61->s1: commitIndex: updateToMax old=1, new=1, updated? false
2022-08-02 21:05:57,461 [grpc-default-executor-0] DEBUG leader.FollowerInfo (FollowerInfoImpl.java:lambda$new$1(49)) - s0@group-DBBE7E7C6C61->s1: matchIndex: updateToMax old=2, new=-1, updated? false
2022-08-02 21:05:57,461 [grpc-default-executor-3] DEBUG leader.FollowerInfo (FollowerInfoImpl.java:lambda$new$1(49)) - s0@group-DBBE7E7C6C61->s2: commitIndex: updateToMax old=1, new=1, updated? false
2022-08-02 21:05:57,461 [grpc-default-executor-3] DEBUG leader.FollowerInfo (FollowerInfoImpl.java:lambda$new$1(49)) - s0@group-DBBE7E7C6C61->s2: matchIndex: updateToMax old=2, new=-1, updated? false
2022-08-02 21:05:57,462 [grpc-default-executor-0] DEBUG leader.FollowerInfo (FollowerInfoImpl.java:lambda$new$1(49)) - s0@group-DBBE7E7C6C61->s1: commitIndex: updateToMax old=1, new=1, updated? false
2022-08-02 21:05:57,462 [grpc-default-executor-0] DEBUG leader.FollowerInfo (FollowerInfoImpl.java:lambda$new$1(49)) - s0@group-DBBE7E7C6C61->s1: matchIndex: updateToMax old=2, new=-1, updated? false
2022-08-02 21:05:57,463 [grpc-default-executor-3] DEBUG leader.FollowerInfo (FollowerInfoImpl.java:lambda$new$1(49)) - s0@group-DBBE7E7C6C61->s2: commitIndex: updateToMax old=1, new=1, updated? false
2022-08-02 21:05:57,463 [grpc-default-executor-3] DEBUG leader.FollowerInfo (FollowerInfoImpl.java:lambda$new$1(49)) - s0@group-DBBE7E7C6C61->s2: matchIndex: updateToMax old=2, new=-1, updated? false
2022-08-02 21:05:57,463 [grpc-default-executor-0] DEBUG leader.FollowerInfo (FollowerInfoImpl.java:lambda$new$1(49)) - s0@group-DBBE7E7C6C61->s1: commitIndex: updateToMax old=1, new=1, updated? false
2022-08-02 21:05:57,463 [grpc-default-executor-0] DEBUG leader.FollowerInfo (FollowerInfoImpl.java:lambda$new$1(49)) - s0@group-DBBE7E7C6C61->s1: matchIndex: updateToMax old=2, new=-1, updated? false
2022-08-02 21:05:57,464 [grpc-default-executor-3] DEBUG leader.FollowerInfo (FollowerInfoImpl.java:lambda$new$1(49)) - s0@group-DBBE7E7C6C61->s2: commitIndex: updateToMax old=1, new=1, updated? false
2022-08-02 21:05:57,464 [grpc-default-executor-3] DEBUG leader.FollowerInfo (FollowerInfoImpl.java:lambda$new$1(49)) - s0@group-DBBE7E7C6C61->s2: matchIndex: updateToMax old=2, new=-1, updated? false
2022-08-02 21:05:57,464 [grpc-default-executor-3] DEBUG leader.FollowerInfo (FollowerInfoImpl.java:lambda$new$1(49)) - s0@group-DBBE7E7C6C61->s1: commitIndex: updateToMax old=1, new=1, updated? false
2022-08-02 21:05:57,464 [grpc-default-executor-3] DEBUG leader.FollowerInfo (FollowerInfoImpl.java:lambda$new$1(49)) - s0@group-DBBE7E7C6C61->s1: matchIndex: updateToMax old=2, new=-1, updated? false
2022-08-02 21:05:57,465 [grpc-default-executor-0] DEBUG leader.FollowerInfo (FollowerInfoImpl.java:lambda$new$1(49)) - s0@group-DBBE7E7C6C61->s2: commitIndex: updateToMax old=1, new=1, updated? false
2022-08-02 21:05:57,465 [grpc-default-executor-0] DEBUG leader.FollowerInfo (FollowerInfoImpl.java:lambda$new$1(49)) - s0@group-DBBE7E7C6C61->s2: matchIndex: updateToMax old=2, new=-1, updated? false
2022-08-02 21:05:57,465 [grpc-default-executor-0] DEBUG leader.FollowerInfo (FollowerInfoImpl.java:lambda$new$1(49)) - s0@group-DBBE7E7C6C61->s1: commitIndex: updateToMax old=1, new=1, updated? false
2022-08-02 21:05:57,466 [grpc-default-executor-0] DEBUG leader.FollowerInfo (FollowerInfoImpl.java:lambda$new$1(49)) - s0@group-DBBE7E7C6C61->s1: matchIndex: updateToMax old=2, new=-1, updated? false
2022-08-02 21:05:57,466 [grpc-default-executor-3] DEBUG leader.FollowerInfo (FollowerInfoImpl.java:lambda$new$1(49)) - s0@group-DBBE7E7C6C61->s2: commitIndex: updateToMax old=1, new=1, updated? false
2022-08-02 21:05:57,466 [grpc-default-executor-3] DEBUG leader.FollowerInfo (FollowerInfoImpl.java:lambda$new$1(49)) - s0@group-DBBE7E7C6C61->s2: matchIndex: updateToMax old=2, new=-1, updated? false
2022-08-02 21:05:57,467 [grpc-default-executor-0] DEBUG leader.FollowerInfo (FollowerInfoImpl.java:lambda$new$1(49)) - s0@group-DBBE7E7C6C61->s1: commitIndex: updateToMax old=1, new=1, updated? false
2022-08-02 21:05:57,467 [grpc-default-executor-0] DEBUG leader.FollowerInfo (FollowerInfoImpl.java:lambda$new$1(49)) - s0@group-DBBE7E7C6C61->s1: matchIndex: updateToMax old=2, new=-1, updated? false
2022-08-02 21:05:57,467 [grpc-default-executor-3] DEBUG leader.FollowerInfo (FollowerInfoImpl.java:lambda$new$1(49)) - s0@group-DBBE7E7C6C61->s2: commitIndex: updateToMax old=1, new=1, updated? false
2022-08-02 21:05:57,468 [grpc-default-executor-3] DEBUG leader.FollowerInfo (FollowerInfoImpl.java:lambda$new$1(49)) - s0@group-DBBE7E7C6C61->s2: matchIndex: updateToMax old=2, new=-1, updated? false
2022-08-02 21:05:57,468 [grpc-default-executor-0] DEBUG leader.FollowerInfo (FollowerInfoImpl.java:lambda$new$1(49)) - s0@group-DBBE7E7C6C61->s1: commitIndex: updateToMax old=1, new=1, updated? false
2022-08-02 21:05:57,468 [grpc-default-executor-0] DEBUG leader.FollowerInfo (FollowerInfoImpl.java:lambda$new$1(49)) - s0@group-DBBE7E7C6C61->s1: matchIndex: updateToMax old=2, new=-1, updated? false
2022-08-02 21:05:57,469 [grpc-default-executor-0] DEBUG leader.FollowerInfo (FollowerInfoImpl.java:lambda$new$1(49)) - s0@group-DBBE7E7C6C61->s2: commitIndex: updateToMax old=1, new=1, updated? false
2022-08-02 21:05:57,469 [grpc-default-executor-0] DEBUG leader.FollowerInfo (FollowerInfoImpl.java:lambda$new$1(49)) - s0@group-DBBE7E7C6C61->s2: matchIndex: updateToMax old=2, new=-1, updated? false
2022-08-02 21:05:57,469 [grpc-default-executor-3] DEBUG leader.FollowerInfo (FollowerInfoImpl.java:lambda$new$1(49)) - s0@group-DBBE7E7C6C61->s1: commitIndex: updateToMax old=1, new=1, updated? false
2022-08-02 21:05:57,469 [grpc-default-executor-3] DEBUG leader.FollowerInfo (FollowerInfoImpl.java:lambda$new$1(49)) - s0@group-DBBE7E7C6C61->s1: matchIndex: updateToMax old=2, new=-1, updated? false
2022-08-02 21:05:57,470 [grpc-default-executor-0] DEBUG leader.FollowerInfo (FollowerInfoImpl.java:lambda$new$1(49)) - s0@group-DBBE7E7C6C61->s2: commitIndex: updateToMax old=1, new=1, updated? false
2022-08-02 21:05:57,470 [grpc-default-executor-0] DEBUG leader.FollowerInfo (FollowerInfoImpl.java:lambda$new$1(49)) - s0@group-DBBE7E7C6C61->s2: matchIndex: updateToMax old=2, new=-1, updated? false
2022-08-02 21:05:57,471 [grpc-default-executor-3] DEBUG leader.FollowerInfo (FollowerInfoImpl.java:lambda$new$1(49)) - s0@group-DBBE7E7C6C61->s1: commitIndex: updateToMax old=1, new=1, updated? false
2022-08-02 21:05:57,471 [grpc-default-executor-3] DEBUG leader.FollowerInfo (FollowerInfoImpl.java:lambda$new$1(49)) - s0@group-DBBE7E7C6C61->s1: matchIndex: updateToMax old=2, new=-1, updated? false
2022-08-02 21:05:57,471 [grpc-default-executor-0] DEBUG leader.FollowerInfo (FollowerInfoImpl.java:lambda$new$1(49)) - s0@group-DBBE7E7C6C61->s2: commitIndex: updateToMax old=1, new=1, updated? false
2022-08-02 21:05:57,471 [grpc-default-executor-0] DEBUG leader.FollowerInfo (FollowerInfoImpl.java:lambda$new$1(49)) - s0@group-DBBE7E7C6C61->s2: matchIndex: updateToMax old=2, new=-1, updated? false
2022-08-02 21:05:57,472 [grpc-default-executor-3] DEBUG leader.FollowerInfo (FollowerInfoImpl.java:lambda$new$1(49)) - s0@group-DBBE7E7C6C61->s1: commitIndex: updateToMax old=1, new=1, updated? false
2022-08-02 21:05:57,472 [grpc-default-executor-3] DEBUG leader.FollowerInfo (FollowerInfoImpl.java:lambda$new$1(49)) - s0@group-DBBE7E7C6C61->s1: matchIndex: updateToMax old=2, new=-1, updated? false
2022-08-02 21:05:57,472 [grpc-default-executor-3] DEBUG leader.FollowerInfo (FollowerInfoImpl.java:lambda$new$1(49)) - s0@group-DBBE7E7C6C61->s2: commitIndex: updateToMax old=1, new=1, updated? false
2022-08-02 21:05:57,472 [grpc-default-executor-3] DEBUG leader.FollowerInfo (FollowerInfoImpl.java:lambda$new$1(49)) - s0@group-DBBE7E7C6C61->s2: matchIndex: updateToMax old=2, new=-1, updated? false
2022-08-02 21:05:57,473 [grpc-default-executor-0] DEBUG leader.FollowerInfo (FollowerInfoImpl.java:lambda$new$1(49)) - s0@group-DBBE7E7C6C61->s1: commitIndex: updateToMax old=1, new=1, updated? false
2022-08-02 21:05:57,473 [grpc-default-executor-0] DEBUG leader.FollowerInfo (FollowerInfoImpl.java:lambda$new$1(49)) - s0@group-DBBE7E7C6C61->s1: matchIndex: updateToMax old=2, new=-1, updated? false
2022-08-02 21:05:57,474 [grpc-default-executor-3] DEBUG leader.FollowerInfo (FollowerInfoImpl.java:lambda$new$1(49)) - s0@group-DBBE7E7C6C61->s2: commitIndex: updateToMax old=1, new=1, updated? false
2022-08-02 21:05:57,474 [grpc-default-executor-3] DEBUG leader.FollowerInfo (FollowerInfoImpl.java:lambda$new$1(49)) - s0@group-DBBE7E7C6C61->s2: matchIndex: updateToMax old=2, new=-1, updated? false
2022-08-02 21:05:57,475 [grpc-default-executor-0] DEBUG leader.FollowerInfo (FollowerInfoImpl.java:lambda$new$1(49)) - s0@group-DBBE7E7C6C61->s1: commitIndex: updateToMax old=1, new=1, updated? false
2022-08-02 21:05:57,475 [grpc-default-executor-0] DEBUG leader.FollowerInfo (FollowerInfoImpl.java:lambda$new$1(49)) - s0@group-DBBE7E7C6C61->s1: matchIndex: updateToMax old=2, new=-1, updated? false
2022-08-02 21:05:57,475 [grpc-default-executor-3] DEBUG leader.FollowerInfo (FollowerInfoImpl.java:lambda$new$1(49)) - s0@group-DBBE7E7C6C61->s2: commitIndex: updateToMax old=1, new=1, updated? false
2022-08-02 21:05:57,475 [grpc-default-executor-3] DEBUG leader.FollowerInfo (FollowerInfoImpl.java:lambda$new$1(49)) - s0@group-DBBE7E7C6C61->s2: matchIndex: updateToMax old=2, new=-1, updated? false
2022-08-02 21:05:57,476 [grpc-default-executor-0] DEBUG leader.FollowerInfo (FollowerInfoImpl.java:lambda$new$1(49)) - s0@group-DBBE7E7C6C61->s1: commitIndex: updateToMax old=1, new=1, updated? false
2022-08-02 21:05:57,476 [grpc-default-executor-0] DEBUG leader.FollowerInfo (FollowerInfoImpl.java:lambda$new$1(49)) - s0@group-DBBE7E7C6C61->s1: matchIndex: updateToMax old=2, new=-1, updated? false
2022-08-02 21:05:57,477 [grpc-default-executor-3] DEBUG leader.FollowerInfo (FollowerInfoImpl.java:lambda$new$1(49)) - s0@group-DBBE7E7C6C61->s2: commitIndex: updateToMax old=1, new=1, updated? false
2022-08-02 21:05:57,477 [grpc-default-executor-3] DEBUG leader.FollowerInfo (FollowerInfoImpl.java:lambda$new$1(49)) - s0@group-DBBE7E7C6C61->s2: matchIndex: updateToMax old=2, new=-1, updated? false
2022-08-02 21:05:57,477 [grpc-default-executor-0] DEBUG leader.FollowerInfo (FollowerInfoImpl.java:lambda$new$1(49)) - s0@group-DBBE7E7C6C61->s1: commitIndex: updateToMax old=1, new=1, updated? false
2022-08-02 21:05:57,477 [grpc-default-executor-0] DEBUG leader.FollowerInfo (FollowerInfoImpl.java:lambda$new$1(49)) - s0@group-DBBE7E7C6C61->s1: matchIndex: updateToMax old=2, new=-1, updated? false
2022-08-02 21:05:57,478 [grpc-default-executor-3] DEBUG leader.FollowerInfo (FollowerInfoImpl.java:lambda$new$1(49)) - s0@group-DBBE7E7C6C61->s2: commitIndex: updateToMax old=1, new=1, updated? false
2022-08-02 21:05:57,478 [grpc-default-executor-3] DEBUG leader.FollowerInfo (FollowerInfoImpl.java:lambda$new$1(49)) - s0@group-DBBE7E7C6C61->s2: matchIndex: updateToMax old=2, new=-1, updated? false
2022-08-02 21:05:57,479 [grpc-default-executor-3] DEBUG leader.FollowerInfo (FollowerInfoImpl.java:lambda$new$1(49)) - s0@group-DBBE7E7C6C61->s1: commitIndex: updateToMax old=1, new=1, updated? false
2022-08-02 21:05:57,479 [grpc-default-executor-3] DEBUG leader.FollowerInfo (FollowerInfoImpl.java:lambda$new$1(49)) - s0@group-DBBE7E7C6C61->s1: matchIndex: updateToMax old=2, new=-1, updated? false
2022-08-02 21:05:57,480 [grpc-default-executor-0] DEBUG leader.FollowerInfo (FollowerInfoImpl.java:lambda$new$1(49)) - s0@group-DBBE7E7C6C61->s2: commitIndex: updateToMax old=1, new=1, updated? false
2022-08-02 21:05:57,480 [grpc-default-executor-0] DEBUG leader.FollowerInfo (FollowerInfoImpl.java:lambda$new$1(49)) - s0@group-DBBE7E7C6C61->s2: matchIndex: updateToMax old=2, new=-1, updated? false
2022-08-02 21:05:57,480 [grpc-default-executor-3] DEBUG leader.FollowerInfo (FollowerInfoImpl.java:lambda$new$1(49)) - s0@group-DBBE7E7C6C61->s1: commitIndex: updateToMax old=1, new=1, updated? false
2022-08-02 21:05:57,480 [grpc-default-executor-3] DEBUG leader.FollowerInfo (FollowerInfoImpl.java:lambda$new$1(49)) - s0@group-DBBE7E7C6C61->s1: matchIndex: updateToMax old=2, new=-1, updated? false
2022-08-02 21:05:57,481 [grpc-default-executor-0] DEBUG leader.FollowerInfo (FollowerInfoImpl.java:lambda$new$1(49)) - s0@group-DBBE7E7C6C61->s2: commitIndex: updateToMax old=1, new=1, updated? false
2022-08-02 21:05:57,481 [grpc-default-executor-0] DEBUG leader.FollowerInfo (FollowerInfoImpl.java:lambda$new$1(49)) - s0@group-DBBE7E7C6C61->s2: matchIndex: updateToMax old=2, new=-1, updated? false
2022-08-02 21:05:57,481 [grpc-default-executor-3] DEBUG leader.FollowerInfo (FollowerInfoImpl.java:lambda$new$1(49)) - s0@group-DBBE7E7C6C61->s1: commitIndex: updateToMax old=1, new=1, updated? false
2022-08-02 21:05:57,481 [grpc-default-executor-3] DEBUG leader.FollowerInfo (FollowerInfoImpl.java:lambda$new$1(49)) - s0@group-DBBE7E7C6C61->s1: matchIndex: updateToMax old=2, new=-1, updated? false
2022-08-02 21:05:57,483 [grpc-default-executor-0] DEBUG leader.FollowerInfo (FollowerInfoImpl.java:lambda$new$1(49)) - s0@group-DBBE7E7C6C61->s2: commitIndex: updateToMax old=1, new=1, updated? false
2022-08-02 21:05:57,483 [grpc-default-executor-0] DEBUG leader.FollowerInfo (FollowerInfoImpl.java:lambda$new$1(49)) - s0@group-DBBE7E7C6C61->s2: matchIndex: updateToMax old=2, new=-1, updated? false
2022-08-02 21:05:57,483 [grpc-default-executor-0] DEBUG leader.FollowerInfo (FollowerInfoImpl.java:lambda$new$1(49)) - s0@group-DBBE7E7C6C61->s1: commitIndex: updateToMax old=1, new=1, updated? false
2022-08-02 21:05:57,483 [grpc-default-executor-0] DEBUG leader.FollowerInfo (FollowerInfoImpl.java:lambda$new$1(49)) - s0@group-DBBE7E7C6C61->s1: matchIndex: updateToMax old=2, new=-1, updated? false
2022-08-02 21:05:57,484 [grpc-default-executor-3] DEBUG leader.FollowerInfo (FollowerInfoImpl.java:lambda$new$1(49)) - s0@group-DBBE7E7C6C61->s2: commitIndex: updateToMax old=1, new=1, updated? false
2022-08-02 21:05:57,484 [grpc-default-executor-3] DEBUG leader.FollowerInfo (FollowerInfoImpl.java:lambda$new$1(49)) - s0@group-DBBE7E7C6C61->s2: matchIndex: updateToMax old=2, new=-1, updated? false
2022-08-02 21:05:57,484 [grpc-default-executor-0] DEBUG leader.FollowerInfo (FollowerInfoImpl.java:lambda$new$1(49)) - s0@group-DBBE7E7C6C61->s1: commitIndex: updateToMax old=1, new=1, updated? false
2022-08-02 21:05:57,484 [grpc-default-executor-0] DEBUG leader.FollowerInfo (FollowerInfoImpl.java:lambda$new$1(49)) - s0@group-DBBE7E7C6C61->s1: matchIndex: updateToMax old=2, new=-1, updated? false
2022-08-02 21:05:57,485 [grpc-default-executor-3] DEBUG leader.FollowerInfo (FollowerInfoImpl.java:lambda$new$1(49)) - s0@group-DBBE7E7C6C61->s2: commitIndex: updateToMax old=1, new=1, updated? false
2022-08-02 21:05:57,485 [grpc-default-executor-3] DEBUG leader.FollowerInfo (FollowerInfoImpl.java:lambda$new$1(49)) - s0@group-DBBE7E7C6C61->s2: matchIndex: updateToMax old=2, new=-1, updated? false
2022-08-02 21:05:57,486 [grpc-default-executor-0] DEBUG leader.FollowerInfo (FollowerInfoImpl.java:lambda$new$1(49)) - s0@group-DBBE7E7C6C61->s1: commitIndex: updateToMax old=1, new=1, updated? false
2022-08-02 21:05:57,486 [grpc-default-executor-0] DEBUG leader.FollowerInfo (FollowerInfoImpl.java:lambda$new$1(49)) - s0@group-DBBE7E7C6C61->s1: matchIndex: updateToMax old=2, new=-1, updated? false
2022-08-02 21:05:57,486 [grpc-default-executor-3] DEBUG leader.FollowerInfo (FollowerInfoImpl.java:lambda$new$1(49)) - s0@group-DBBE7E7C6C61->s2: commitIndex: updateToMax old=1, new=1, updated? false
2022-08-02 21:05:57,486 [grpc-default-executor-3] DEBUG leader.FollowerInfo (FollowerInfoImpl.java:lambda$new$1(49)) - s0@group-DBBE7E7C6C61->s2: matchIndex: updateToMax old=2, new=-1, updated? false
2022-08-02 21:05:57,487 [grpc-default-executor-0] DEBUG leader.FollowerInfo (FollowerInfoImpl.java:lambda$new$1(49)) - s0@group-DBBE7E7C6C61->s1: commitIndex: updateToMax old=1, new=1, updated? false
2022-08-02 21:05:57,487 [grpc-default-executor-0] DEBUG leader.FollowerInfo (FollowerInfoImpl.java:lambda$new$1(49)) - s0@group-DBBE7E7C6C61->s1: matchIndex: updateToMax old=2, new=-1, updated? false
2022-08-02 21:05:57,487 [grpc-default-executor-3] DEBUG leader.FollowerInfo (FollowerInfoImpl.java:lambda$new$1(49)) - s0@group-DBBE7E7C6C61->s2: commitIndex: updateToMax old=1, new=1, updated? false
2022-08-02 21:05:57,487 [grpc-default-executor-3] DEBUG leader.FollowerInfo (FollowerInfoImpl.java:lambda$new$1(49)) - s0@group-DBBE7E7C6C61->s2: matchIndex: updateToMax old=2, new=-1, updated? false
2022-08-02 21:05:57,488 [grpc-default-executor-0] DEBUG leader.FollowerInfo (FollowerInfoImpl.java:lambda$new$1(49)) - s0@group-DBBE7E7C6C61->s1: commitIndex: updateToMax old=1, new=1, updated? false
2022-08-02 21:05:57,488 [grpc-default-executor-0] DEBUG leader.FollowerInfo (FollowerInfoImpl.java:lambda$new$1(49)) - s0@group-DBBE7E7C6C61->s1: matchIndex: updateToMax old=2, new=-1, updated? false
2022-08-02 21:05:57,488 [grpc-default-executor-3] DEBUG leader.FollowerInfo (FollowerInfoImpl.java:lambda$new$1(49)) - s0@group-DBBE7E7C6C61->s2: commitIndex: updateToMax old=1, new=1, updated? false
2022-08-02 21:05:57,489 [grpc-default-executor-3] DEBUG leader.FollowerInfo (FollowerInfoImpl.java:lambda$new$1(49)) - s0@group-DBBE7E7C6C61->s2: matchIndex: updateToMax old=2, new=-1, updated? false
2022-08-02 21:05:57,489 [grpc-default-executor-3] DEBUG leader.FollowerInfo (FollowerInfoImpl.java:lambda$new$1(49)) - s0@group-DBBE7E7C6C61->s1: commitIndex: updateToMax old=1, new=1, updated? false
2022-08-02 21:05:57,489 [grpc-default-executor-3] DEBUG leader.FollowerInfo (FollowerInfoImpl.java:lambda$new$1(49)) - s0@group-DBBE7E7C6C61->s1: matchIndex: updateToMax old=2, new=-1, updated? false
2022-08-02 21:05:57,490 [grpc-default-executor-0] DEBUG leader.FollowerInfo (FollowerInfoImpl.java:lambda$new$1(49)) - s0@group-DBBE7E7C6C61->s2: commitIndex: updateToMax old=1, new=1, updated? false
2022-08-02 21:05:57,490 [grpc-default-executor-0] DEBUG leader.FollowerInfo (FollowerInfoImpl.java:lambda$new$1(49)) - s0@group-DBBE7E7C6C61->s2: matchIndex: updateToMax old=2, new=-1, updated? false
2022-08-02 21:05:57,491 [grpc-default-executor-3] DEBUG leader.FollowerInfo (FollowerInfoImpl.java:lambda$new$1(49)) - s0@group-DBBE7E7C6C61->s1: commitIndex: updateToMax old=1, new=1, updated? false
2022-08-02 21:05:57,491 [grpc-default-executor-3] DEBUG leader.FollowerInfo (FollowerInfoImpl.java:lambda$new$1(49)) - s0@group-DBBE7E7C6C61->s1: matchIndex: updateToMax old=2, new=-1, updated? false
2022-08-02 21:05:57,492 [grpc-default-executor-0] DEBUG leader.FollowerInfo (FollowerInfoImpl.java:lambda$new$1(49)) - s0@group-DBBE7E7C6C61->s2: commitIndex: updateToMax old=1, new=1, updated? false
2022-08-02 21:05:57,492 [grpc-default-executor-0] DEBUG leader.FollowerInfo (FollowerInfoImpl.java:lambda$new$1(49)) - s0@group-DBBE7E7C6C61->s2: matchIndex: updateToMax old=2, new=-1, updated? false
2022-08-02 21:05:57,493 [grpc-default-executor-3] DEBUG leader.FollowerInfo (FollowerInfoImpl.java:lambda$new$1(49)) - s0@group-DBBE7E7C6C61->s1: commitIndex: updateToMax old=1, new=1, updated? false
2022-08-02 21:05:57,493 [grpc-default-executor-3] DEBUG leader.FollowerInfo (FollowerInfoImpl.java:lambda$new$1(49)) - s0@group-DBBE7E7C6C61->s1: matchIndex: updateToMax old=2, new=-1, updated? false
2022-08-02 21:05:57,493 [grpc-default-executor-0] DEBUG leader.FollowerInfo (FollowerInfoImpl.java:lambda$new$1(49)) - s0@group-DBBE7E7C6C61->s2: commitIndex: updateToMax old=1, new=1, updated? false
2022-08-02 21:05:57,493 [grpc-default-executor-0] DEBUG leader.FollowerInfo (FollowerInfoImpl.java:lambda$new$1(49)) - s0@group-DBBE7E7C6C61->s2: matchIndex: updateToMax old=2, new=-1, updated? false
2022-08-02 21:05:57,494 [grpc-default-executor-3] DEBUG leader.FollowerInfo (FollowerInfoImpl.java:lambda$new$1(49)) - s0@group-DBBE7E7C6C61->s1: commitIndex: updateToMax old=1, new=1, updated? false
2022-08-02 21:05:57,494 [grpc-default-executor-3] DEBUG leader.FollowerInfo (FollowerInfoImpl.java:lambda$new$1(49)) - s0@group-DBBE7E7C6C61->s1: matchIndex: updateToMax old=2, new=-1, updated? false
2022-08-02 21:05:57,495 [grpc-default-executor-0] DEBUG leader.FollowerInfo (FollowerInfoImpl.java:lambda$new$1(49)) - s0@group-DBBE7E7C6C61->s2: commitIndex: updateToMax old=1, new=1, updated? false
2022-08-02 21:05:57,495 [grpc-default-executor-0] DEBUG leader.FollowerInfo (FollowerInfoImpl.java:lambda$new$1(49)) - s0@group-DBBE7E7C6C61->s2: matchIndex: updateToMax old=2, new=-1, updated? false
2022-08-02 21:05:57,495 [grpc-default-executor-3] DEBUG leader.FollowerInfo (FollowerInfoImpl.java:lambda$new$1(49)) - s0@group-DBBE7E7C6C61->s1: commitIndex: updateToMax old=1, new=1, updated? false
2022-08-02 21:05:57,495 [grpc-default-executor-3] DEBUG leader.FollowerInfo (FollowerInfoImpl.java:lambda$new$1(49)) - s0@group-DBBE7E7C6C61->s1: matchIndex: updateToMax old=2, new=-1, updated? false
2022-08-02 21:05:57,496 [grpc-default-executor-0] DEBUG leader.FollowerInfo (FollowerInfoImpl.java:lambda$new$1(49)) - s0@group-DBBE7E7C6C61->s2: commitIndex: updateToMax old=1, new=1, updated? false
2022-08-02 21:05:57,496 [grpc-default-executor-0] DEBUG leader.FollowerInfo (FollowerInfoImpl.java:lambda$new$1(49)) - s0@group-DBBE7E7C6C61->s2: matchIndex: updateToMax old=2, new=-1, updated? false
2022-08-02 21:05:57,496 [grpc-default-executor-3] DEBUG leader.FollowerInfo (FollowerInfoImpl.java:lambda$new$1(49)) - s0@group-DBBE7E7C6C61->s1: commitIndex: updateToMax old=1, new=1, updated? false
2022-08-02 21:05:57,496 [grpc-default-executor-3] DEBUG leader.FollowerInfo (FollowerInfoImpl.java:lambda$new$1(49)) - s0@group-DBBE7E7C6C61->s1: matchIndex: updateToMax old=2, new=-1, updated? false
2022-08-02 21:05:57,497 [grpc-default-executor-0] DEBUG leader.FollowerInfo (FollowerInfoImpl.java:lambda$new$1(49)) - s0@group-DBBE7E7C6C61->s2: commitIndex: updateToMax old=1, new=1, updated? false
2022-08-02 21:05:57,497 [grpc-default-executor-0] DEBUG leader.FollowerInfo (FollowerInfoImpl.java:lambda$new$1(49)) - s0@group-DBBE7E7C6C61->s2: matchIndex: updateToMax old=2, new=-1, updated? false
2022-08-02 21:05:57,497 [grpc-default-executor-3] DEBUG leader.FollowerInfo (FollowerInfoImpl.java:lambda$new$1(49)) - s0@group-DBBE7E7C6C61->s1: commitIndex: updateToMax old=1, new=1, updated? false
2022-08-02 21:05:57,498 [grpc-default-executor-3] DEBUG leader.FollowerInfo (FollowerInfoImpl.java:lambda$new$1(49)) - s0@group-DBBE7E7C6C61->s1: matchIndex: updateToMax old=2, new=-1, updated? false
2022-08-02 21:05:57,498 [grpc-default-executor-0] DEBUG leader.FollowerInfo (FollowerInfoImpl.java:lambda$new$1(49)) - s0@group-DBBE7E7C6C61->s2: commitIndex: updateToMax old=1, new=1, updated? false
2022-08-02 21:05:57,498 [grpc-default-executor-0] DEBUG leader.FollowerInfo (FollowerInfoImpl.java:lambda$new$1(49)) - s0@group-DBBE7E7C6C61->s2: matchIndex: updateToMax old=2, new=-1, updated? false
2022-08-02 21:05:57,499 [grpc-default-executor-3] DEBUG leader.FollowerInfo (FollowerInfoImpl.java:lambda$new$1(49)) - s0@group-DBBE7E7C6C61->s1: commitIndex: updateToMax old=1, new=1, updated? false
2022-08-02 21:05:57,499 [grpc-default-executor-3] DEBUG leader.FollowerInfo (FollowerInfoImpl.java:lambda$new$1(49)) - s0@group-DBBE7E7C6C61->s1: matchIndex: updateToMax old=2, new=-1, updated? false
2022-08-02 21:05:57,500 [grpc-default-executor-0] DEBUG leader.FollowerInfo (FollowerInfoImpl.java:lambda$new$1(49)) - s0@group-DBBE7E7C6C61->s2: commitIndex: updateToMax old=1, new=1, updated? false
2022-08-02 21:05:57,500 [grpc-default-executor-0] DEBUG leader.FollowerInfo (FollowerInfoImpl.java:lambda$new$1(49)) - s0@group-DBBE7E7C6C61->s2: matchIndex: updateToMax old=2, new=-1, updated? false
2022-08-02 21:05:57,500 [grpc-default-executor-3] DEBUG leader.FollowerInfo (FollowerInfoImpl.java:lambda$new$1(49)) - s0@group-DBBE7E7C6C61->s1: commitIndex: updateToMax old=1, new=1, updated? false
2022-08-02 21:05:57,500 [grpc-default-executor-3] DEBUG leader.FollowerInfo (FollowerInfoImpl.java:lambda$new$1(49)) - s0@group-DBBE7E7C6C61->s1: matchIndex: updateToMax old=2, new=-1, updated? false
2022-08-02 21:05:57,503 [grpc-default-executor-0] DEBUG leader.FollowerInfo (FollowerInfoImpl.java:lambda$new$1(49)) - s0@group-DBBE7E7C6C61->s2: commitIndex: updateToMax old=1, new=1, updated? false
2022-08-02 21:05:57,503 [grpc-default-executor-0] DEBUG leader.FollowerInfo (FollowerInfoImpl.java:lambda$new$1(49)) - s0@group-DBBE7E7C6C61->s2: matchIndex: updateToMax old=2, new=-1, updated? false
2022-08-02 21:05:57,504 [grpc-default-executor-3] DEBUG leader.FollowerInfo (FollowerInfoImpl.java:lambda$new$1(49)) - s0@group-DBBE7E7C6C61->s1: commitIndex: updateToMax old=1, new=1, updated? false
2022-08-02 21:05:57,504 [grpc-default-executor-3] DEBUG leader.FollowerInfo (FollowerInfoImpl.java:lambda$new$1(49)) - s0@group-DBBE7E7C6C61->s1: matchIndex: updateToMax old=2, new=-1, updated? false
2022-08-02 21:05:57,505 [grpc-default-executor-0] DEBUG leader.FollowerInfo (FollowerInfoImpl.java:lambda$new$1(49)) - s0@group-DBBE7E7C6C61->s2: commitIndex: updateToMax old=1, new=1, updated? false
2022-08-02 21:05:57,505 [grpc-default-executor-0] DEBUG leader.FollowerInfo (FollowerInfoImpl.java:lambda$new$1(49)) - s0@group-DBBE7E7C6C61->s2: matchIndex: updateToMax old=2, new=-1, updated? false
2022-08-02 21:05:57,505 [grpc-default-executor-3] DEBUG leader.FollowerInfo (FollowerInfoImpl.java:lambda$new$1(49)) - s0@group-DBBE7E7C6C61->s1: commitIndex: updateToMax old=1, new=1, updated? false
2022-08-02 21:05:57,505 [grpc-default-executor-3] DEBUG leader.FollowerInfo (FollowerInfoImpl.java:lambda$new$1(49)) - s0@group-DBBE7E7C6C61->s1: matchIndex: updateToMax old=2, new=-1, updated? false
2022-08-02 21:05:57,506 [grpc-default-executor-0] DEBUG leader.FollowerInfo (FollowerInfoImpl.java:lambda$new$1(49)) - s0@group-DBBE7E7C6C61->s2: commitIndex: updateToMax old=1, new=1, updated? false
2022-08-02 21:05:57,506 [grpc-default-executor-0] DEBUG leader.FollowerInfo (FollowerInfoImpl.java:lambda$new$1(49)) - s0@group-DBBE7E7C6C61->s2: matchIndex: updateToMax old=2, new=-1, updated? false
2022-08-02 21:05:57,506 [grpc-default-executor-3] DEBUG leader.FollowerInfo (FollowerInfoImpl.java:lambda$new$1(49)) - s0@group-DBBE7E7C6C61->s1: commitIndex: updateToMax old=1, new=1, updated? false
2022-08-02 21:05:57,507 [grpc-default-executor-3] DEBUG leader.FollowerInfo (FollowerInfoImpl.java:lambda$new$1(49)) - s0@group-DBBE7E7C6C61->s1: matchIndex: updateToMax old=2, new=-1, updated? false
2022-08-02 21:05:57,507 [grpc-default-executor-0] DEBUG leader.FollowerInfo (FollowerInfoImpl.java:lambda$new$1(49)) - s0@group-DBBE7E7C6C61->s2: commitIndex: updateToMax old=1, new=1, updated? false
2022-08-02 21:05:57,507 [grpc-default-executor-0] DEBUG leader.FollowerInfo (FollowerInfoImpl.java:lambda$new$1(49)) - s0@group-DBBE7E7C6C61->s2: matchIndex: updateToMax old=2, new=-1, updated? false
2022-08-02 21:05:57,508 [grpc-default-executor-3] DEBUG leader.FollowerInfo (FollowerInfoImpl.java:lambda$new$1(49)) - s0@group-DBBE7E7C6C61->s1: commitIndex: updateToMax old=1, new=1, updated? false
2022-08-02 21:05:57,508 [grpc-default-executor-3] DEBUG leader.FollowerInfo (FollowerInfoImpl.java:lambda$new$1(49)) - s0@group-DBBE7E7C6C61->s1: matchIndex: updateToMax old=2, new=-1, updated? false
2022-08-02 21:05:57,508 [grpc-default-executor-0] DEBUG leader.FollowerInfo (FollowerInfoImpl.java:lambda$new$1(49)) - s0@group-DBBE7E7C6C61->s2: commitIndex: updateToMax old=1, new=1, updated? false
2022-08-02 21:05:57,508 [grpc-default-executor-0] DEBUG leader.FollowerInfo (FollowerInfoImpl.java:lambda$new$1(49)) - s0@group-DBBE7E7C6C61->s2: matchIndex: updateToMax old=2, new=-1, updated? false
2022-08-02 21:05:57,509 [grpc-default-executor-3] DEBUG leader.FollowerInfo (FollowerInfoImpl.java:lambda$new$1(49)) - s0@group-DBBE7E7C6C61->s1: commitIndex: updateToMax old=1, new=1, updated? false
2022-08-02 21:05:57,509 [grpc-default-executor-3] DEBUG leader.FollowerInfo (FollowerInfoImpl.java:lambda$new$1(49)) - s0@group-DBBE7E7C6C61->s1: matchIndex: updateToMax old=2, new=-1, updated? false
2022-08-02 21:05:57,510 [grpc-default-executor-0] DEBUG leader.FollowerInfo (FollowerInfoImpl.java:lambda$new$1(49)) - s0@group-DBBE7E7C6C61->s2: commitIndex: updateToMax old=1, new=1, updated? false
2022-08-02 21:05:57,510 [grpc-default-executor-0] DEBUG leader.FollowerInfo (FollowerInfoImpl.java:lambda$new$1(49)) - s0@group-DBBE7E7C6C61->s2: matchIndex: updateToMax old=2, new=-1, updated? false
2022-08-02 21:05:57,510 [grpc-default-executor-3] DEBUG leader.FollowerInfo (FollowerInfoImpl.java:lambda$new$1(49)) - s0@group-DBBE7E7C6C61->s1: commitIndex: updateToMax old=1, new=1, updated? false
2022-08-02 21:05:57,510 [grpc-default-executor-3] DEBUG leader.FollowerInfo (FollowerInfoImpl.java:lambda$new$1(49)) - s0@group-DBBE7E7C6C61->s1: matchIndex: updateToMax old=2, new=-1, updated? false
2022-08-02 21:05:57,511 [grpc-default-executor-0] DEBUG leader.FollowerInfo (FollowerInfoImpl.java:lambda$new$1(49)) - s0@group-DBBE7E7C6C61->s2: commitIndex: updateToMax old=1, new=1, updated? false
2022-08-02 21:05:57,511 [grpc-default-executor-0] DEBUG leader.FollowerInfo (FollowerInfoImpl.java:lambda$new$1(49)) - s0@group-DBBE7E7C6C61->s2: matchIndex: updateToMax old=2, new=-1, updated? false
2022-08-02 21:05:57,511 [grpc-default-executor-3] DEBUG leader.FollowerInfo (FollowerInfoImpl.java:lambda$new$1(49)) - s0@group-DBBE7E7C6C61->s1: commitIndex: updateToMax old=1, new=1, updated? false
2022-08-02 21:05:57,512 [grpc-default-executor-3] DEBUG leader.FollowerInfo (FollowerInfoImpl.java:lambda$new$1(49)) - s0@group-DBBE7E7C6C61->s1: matchIndex: updateToMax old=2, new=-1, updated? false
2022-08-02 21:05:57,512 [grpc-default-executor-0] DEBUG leader.FollowerInfo (FollowerInfoImpl.java:lambda$new$1(49)) - s0@group-DBBE7E7C6C61->s2: commitIndex: updateToMax old=1, new=1, updated? false
2022-08-02 21:05:57,512 [grpc-default-executor-0] DEBUG leader.FollowerInfo (FollowerInfoImpl.java:lambda$new$1(49)) - s0@group-DBBE7E7C6C61->s2: matchIndex: updateToMax old=2, new=-1, updated? false
2022-08-02 21:05:57,513 [grpc-default-executor-3] DEBUG leader.FollowerInfo (FollowerInfoImpl.java:lambda$new$1(49)) - s0@group-DBBE7E7C6C61->s1: commitIndex: updateToMax old=1, new=1, updated? false
2022-08-02 21:05:57,513 [grpc-default-executor-3] DEBUG leader.FollowerInfo (FollowerInfoImpl.java:lambda$new$1(49)) - s0@group-DBBE7E7C6C61->s1: matchIndex: updateToMax old=2, new=-1, updated? false
2022-08-02 21:05:57,513 [grpc-default-executor-0] DEBUG leader.FollowerInfo (FollowerInfoImpl.java:lambda$new$1(49)) - s0@group-DBBE7E7C6C61->s2: commitIndex: updateToMax old=1, new=1, updated? false
2022-08-02 21:05:57,513 [grpc-default-executor-0] DEBUG leader.FollowerInfo (FollowerInfoImpl.java:lambda$new$1(49)) - s0@group-DBBE7E7C6C61->s2: matchIndex: updateToMax old=2, new=-1, updated? false
2022-08-02 21:05:57,514 [grpc-default-executor-3] DEBUG leader.FollowerInfo (FollowerInfoImpl.java:lambda$new$1(49)) - s0@group-DBBE7E7C6C61->s1: commitIndex: updateToMax old=1, new=1, updated? false
2022-08-02 21:05:57,514 [grpc-default-executor-3] DEBUG leader.FollowerInfo (FollowerInfoImpl.java:lambda$new$1(49)) - s0@group-DBBE7E7C6C61->s1: matchIndex: updateToMax old=2, new=-1, updated? false
2022-08-02 21:05:57,515 [grpc-default-executor-0] DEBUG leader.FollowerInfo (FollowerInfoImpl.java:lambda$new$1(49)) - s0@group-DBBE7E7C6C61->s2: commitIndex: updateToMax old=1, new=1, updated? false
2022-08-02 21:05:57,515 [grpc-default-executor-0] DEBUG leader.FollowerInfo (FollowerInfoImpl.java:lambda$new$1(49)) - s0@group-DBBE7E7C6C61->s2: matchIndex: updateToMax old=2, new=-1, updated? false
2022-08-02 21:05:57,515 [grpc-default-executor-3] DEBUG leader.FollowerInfo (FollowerInfoImpl.java:lambda$new$1(49)) - s0@group-DBBE7E7C6C61->s1: commitIndex: updateToMax old=1, new=1, updated? false
2022-08-02 21:05:57,515 [grpc-default-executor-3] DEBUG leader.FollowerInfo (FollowerInfoImpl.java:lambda$new$1(49)) - s0@group-DBBE7E7C6C61->s1: matchIndex: updateToMax old=2, new=-1, updated? false
2022-08-02 21:05:57,516 [grpc-default-executor-0] DEBUG leader.FollowerInfo (FollowerInfoImpl.java:lambda$new$1(49)) - s0@group-DBBE7E7C6C61->s2: commitIndex: updateToMax old=1, new=1, updated? false
2022-08-02 21:05:57,516 [grpc-default-executor-0] DEBUG leader.FollowerInfo (FollowerInfoImpl.java:lambda$new$1(49)) - s0@group-DBBE7E7C6C61->s2: matchIndex: updateToMax old=2, new=-1, updated? false
2022-08-02 21:05:57,516 [grpc-default-executor-3] DEBUG leader.FollowerInfo (FollowerInfoImpl.java:lambda$new$1(49)) - s0@group-DBBE7E7C6C61->s1: commitIndex: updateToMax old=1, new=1, updated? false
2022-08-02 21:05:57,516 [grpc-default-executor-3] DEBUG leader.FollowerInfo (FollowerInfoImpl.java:lambda$new$1(49)) - s0@group-DBBE7E7C6C61->s1: matchIndex: updateToMax old=2, new=-1, updated? false
2022-08-02 21:05:57,517 [grpc-default-executor-0] DEBUG leader.FollowerInfo (FollowerInfoImpl.java:lambda$new$1(49)) - s0@group-DBBE7E7C6C61->s2: commitIndex: updateToMax old=1, new=1, updated? false
2022-08-02 21:05:57,517 [grpc-default-executor-0] DEBUG leader.FollowerInfo (FollowerInfoImpl.java:lambda$new$1(49)) - s0@group-DBBE7E7C6C61->s2: matchIndex: updateToMax old=2, new=-1, updated? false
2022-08-02 21:05:57,518 [grpc-default-executor-3] DEBUG leader.FollowerInfo (FollowerInfoImpl.java:lambda$new$1(49)) - s0@group-DBBE7E7C6C61->s1: commitIndex: updateToMax old=1, new=1, updated? false
2022-08-02 21:05:57,518 [grpc-default-executor-3] DEBUG leader.FollowerInfo (FollowerInfoImpl.java:lambda$new$1(49)) - s0@group-DBBE7E7C6C61->s1: matchIndex: updateToMax old=2, new=-1, updated? false
2022-08-02 21:05:57,518 [grpc-default-executor-0] DEBUG leader.FollowerInfo (FollowerInfoImpl.java:lambda$new$1(49)) - s0@group-DBBE7E7C6C61->s2: commitIndex: updateToMax old=1, new=1, updated? false
2022-08-02 21:05:57,518 [grpc-default-executor-0] DEBUG leader.FollowerInfo (FollowerInfoImpl.java:lambda$new$1(49)) - s0@group-DBBE7E7C6C61->s2: matchIndex: updateToMax old=2, new=-1, updated? false
2022-08-02 21:05:57,519 [grpc-default-executor-3] DEBUG leader.FollowerInfo (FollowerInfoImpl.java:lambda$new$1(49)) - s0@group-DBBE7E7C6C61->s1: commitIndex: updateToMax old=1, new=1, updated? false
2022-08-02 21:05:57,519 [grpc-default-executor-3] DEBUG leader.FollowerInfo (FollowerInfoImpl.java:lambda$new$1(49)) - s0@group-DBBE7E7C6C61->s1: matchIndex: updateToMax old=2, new=-1, updated? false
2022-08-02 21:05:57,521 [grpc-default-executor-0] DEBUG leader.FollowerInfo (FollowerInfoImpl.java:lambda$new$1(49)) - s0@group-DBBE7E7C6C61->s2: commitIndex: updateToMax old=1, new=1, updated? false
2022-08-02 21:05:57,521 [grpc-default-executor-0] DEBUG leader.FollowerInfo (FollowerInfoImpl.java:lambda$new$1(49)) - s0@group-DBBE7E7C6C61->s2: matchIndex: updateToMax old=2, new=-1, updated? false
2022-08-02 21:05:57,521 [grpc-default-executor-3] DEBUG leader.FollowerInfo (FollowerInfoImpl.java:lambda$new$1(49)) - s0@group-DBBE7E7C6C61->s1: commitIndex: updateToMax old=1, new=1, updated? false
2022-08-02 21:05:57,521 [grpc-default-executor-3] DEBUG leader.FollowerInfo (FollowerInfoImpl.java:lambda$new$1(49)) - s0@group-DBBE7E7C6C61->s1: matchIndex: updateToMax old=2, new=-1, updated? false
2022-08-02 21:05:57,522 [grpc-default-executor-3] DEBUG leader.FollowerInfo (FollowerInfoImpl.java:lambda$new$1(49)) - s0@group-DBBE7E7C6C61->s2: commitIndex: updateToMax old=1, new=1, updated? false
2022-08-02 21:05:57,522 [grpc-default-executor-3] DEBUG leader.FollowerInfo (FollowerInfoImpl.java:lambda$new$1(49)) - s0@group-DBBE7E7C6C61->s2: matchIndex: updateToMax old=2, new=-1, updated? false
2022-08-02 21:05:57,522 [grpc-default-executor-0] DEBUG leader.FollowerInfo (FollowerInfoImpl.java:lambda$new$1(49)) - s0@group-DBBE7E7C6C61->s1: commitIndex: updateToMax old=1, new=1, updated? false
2022-08-02 21:05:57,522 [grpc-default-executor-0] DEBUG leader.FollowerInfo (FollowerInfoImpl.java:lambda$new$1(49)) - s0@group-DBBE7E7C6C61->s1: matchIndex: updateToMax old=2, new=-1, updated? false
2022-08-02 21:05:57,523 [grpc-default-executor-3] DEBUG leader.FollowerInfo (FollowerInfoImpl.java:lambda$new$1(49)) - s0@group-DBBE7E7C6C61->s2: commitIndex: updateToMax old=1, new=1, updated? false
2022-08-02 21:05:57,523 [grpc-default-executor-3] DEBUG leader.FollowerInfo (FollowerInfoImpl.java:lambda$new$1(49)) - s0@group-DBBE7E7C6C61->s2: matchIndex: updateToMax old=2, new=-1, updated? false
2022-08-02 21:05:57,523 [grpc-default-executor-0] DEBUG leader.FollowerInfo (FollowerInfoImpl.java:lambda$new$1(49)) - s0@group-DBBE7E7C6C61->s1: commitIndex: updateToMax old=1, new=1, updated? false
2022-08-02 21:05:57,523 [grpc-default-executor-0] DEBUG leader.FollowerInfo (FollowerInfoImpl.java:lambda$new$1(49)) - s0@group-DBBE7E7C6C61->s1: matchIndex: updateToMax old=2, new=-1, updated? false
2022-08-02 21:05:57,524 [grpc-default-executor-3] DEBUG leader.FollowerInfo (FollowerInfoImpl.java:lambda$new$1(49)) - s0@group-DBBE7E7C6C61->s2: commitIndex: updateToMax old=1, new=1, updated? false
2022-08-02 21:05:57,524 [grpc-default-executor-3] DEBUG leader.FollowerInfo (FollowerInfoImpl.java:lambda$new$1(49)) - s0@group-DBBE7E7C6C61->s2: matchIndex: updateToMax old=2, new=-1, updated? false
2022-08-02 21:05:57,525 [grpc-default-executor-0] DEBUG leader.FollowerInfo (FollowerInfoImpl.java:lambda$new$1(49)) - s0@group-DBBE7E7C6C61->s1: commitIndex: updateToMax old=1, new=1, updated? false
2022-08-02 21:05:57,525 [grpc-default-executor-0] DEBUG leader.FollowerInfo (FollowerInfoImpl.java:lambda$new$1(49)) - s0@group-DBBE7E7C6C61->s1: matchIndex: updateToMax old=2, new=-1, updated? false
2022-08-02 21:05:57,525 [grpc-default-executor-3] DEBUG leader.FollowerInfo (FollowerInfoImpl.java:lambda$new$1(49)) - s0@group-DBBE7E7C6C61->s2: commitIndex: updateToMax old=1, new=1, updated? false
2022-08-02 21:05:57,525 [grpc-default-executor-3] DEBUG leader.FollowerInfo (FollowerInfoImpl.java:lambda$new$1(49)) - s0@group-DBBE7E7C6C61->s2: matchIndex: updateToMax old=2, new=-1, updated? false
2022-08-02 21:05:57,526 [grpc-default-executor-0] DEBUG leader.FollowerInfo (FollowerInfoImpl.java:lambda$new$1(49)) - s0@group-DBBE7E7C6C61->s1: commitIndex: updateToMax old=1, new=1, updated? false
2022-08-02 21:05:57,526 [grpc-default-executor-0] DEBUG leader.FollowerInfo (FollowerInfoImpl.java:lambda$new$1(49)) - s0@group-DBBE7E7C6C61->s1: matchIndex: updateToMax old=2, new=-1, updated? false
2022-08-02 21:05:57,526 [grpc-default-executor-3] DEBUG leader.FollowerInfo (FollowerInfoImpl.java:lambda$new$1(49)) - s0@group-DBBE7E7C6C61->s2: commitIndex: updateToMax old=1, new=1, updated? false
2022-08-02 21:05:57,526 [grpc-default-executor-3] DEBUG leader.FollowerInfo (FollowerInfoImpl.java:lambda$new$1(49)) - s0@group-DBBE7E7C6C61->s2: matchIndex: updateToMax old=2, new=-1, updated? false
2022-08-02 21:05:57,527 [grpc-default-executor-0] DEBUG leader.FollowerInfo (FollowerInfoImpl.java:lambda$new$1(49)) - s0@group-DBBE7E7C6C61->s1: commitIndex: updateToMax old=1, new=1, updated? false
2022-08-02 21:05:57,527 [grpc-default-executor-0] DEBUG leader.FollowerInfo (FollowerInfoImpl.java:lambda$new$1(49)) - s0@group-DBBE7E7C6C61->s1: matchIndex: updateToMax old=2, new=-1, updated? false
2022-08-02 21:05:57,528 [grpc-default-executor-3] DEBUG leader.FollowerInfo (FollowerInfoImpl.java:lambda$new$1(49)) - s0@group-DBBE7E7C6C61->s2: commitIndex: updateToMax old=1, new=1, updated? false
2022-08-02 21:05:57,528 [grpc-default-executor-3] DEBUG leader.FollowerInfo (FollowerInfoImpl.java:lambda$new$1(49)) - s0@group-DBBE7E7C6C61->s2: matchIndex: updateToMax old=2, new=-1, updated? false
2022-08-02 21:05:57,528 [grpc-default-executor-0] DEBUG leader.FollowerInfo (FollowerInfoImpl.java:lambda$new$1(49)) - s0@group-DBBE7E7C6C61->s1: commitIndex: updateToMax old=1, new=1, updated? false
2022-08-02 21:05:57,528 [grpc-default-executor-0] DEBUG leader.FollowerInfo (FollowerInfoImpl.java:lambda$new$1(49)) - s0@group-DBBE7E7C6C61->s1: matchIndex: updateToMax old=2, new=-1, updated? false
2022-08-02 21:05:57,529 [grpc-default-executor-0] DEBUG leader.FollowerInfo (FollowerInfoImpl.java:lambda$new$1(49)) - s0@group-DBBE7E7C6C61->s2: commitIndex: updateToMax old=1, new=1, updated? false
2022-08-02 21:05:57,529 [grpc-default-executor-0] DEBUG leader.FollowerInfo (FollowerInfoImpl.java:lambda$new$1(49)) - s0@group-DBBE7E7C6C61->s2: matchIndex: updateToMax old=2, new=-1, updated? false
2022-08-02 21:05:57,529 [grpc-default-executor-3] DEBUG leader.FollowerInfo (FollowerInfoImpl.java:lambda$new$1(49)) - s0@group-DBBE7E7C6C61->s1: commitIndex: updateToMax old=1, new=1, updated? false
2022-08-02 21:05:57,530 [grpc-default-executor-3] DEBUG leader.FollowerInfo (FollowerInfoImpl.java:lambda$new$1(49)) - s0@group-DBBE7E7C6C61->s1: matchIndex: updateToMax old=2, new=-1, updated? false
2022-08-02 21:05:57,530 [grpc-default-executor-0] DEBUG leader.FollowerInfo (FollowerInfoImpl.java:lambda$new$1(49)) - s0@group-DBBE7E7C6C61->s2: commitIndex: updateToMax old=1, new=1, updated? false
2022-08-02 21:05:57,530 [grpc-default-executor-0] DEBUG leader.FollowerInfo (FollowerInfoImpl.java:lambda$new$1(49)) - s0@group-DBBE7E7C6C61->s2: matchIndex: updateToMax old=2, new=-1, updated? false
2022-08-02 21:05:57,531 [grpc-default-executor-3] DEBUG leader.FollowerInfo (FollowerInfoImpl.java:lambda$new$1(49)) - s0@group-DBBE7E7C6C61->s1: commitIndex: updateToMax old=1, new=1, updated? false
2022-08-02 21:05:57,531 [grpc-default-executor-3] DEBUG leader.FollowerInfo (FollowerInfoImpl.java:lambda$new$1(49)) - s0@group-DBBE7E7C6C61->s1: matchIndex: updateToMax old=2, new=-1, updated? false
2022-08-02 21:05:57,531 [grpc-default-executor-0] DEBUG leader.FollowerInfo (FollowerInfoImpl.java:lambda$new$1(49)) - s0@group-DBBE7E7C6C61->s2: commitIndex: updateToMax old=1, new=1, updated? false
2022-08-02 21:05:57,531 [grpc-default-executor-0] DEBUG leader.FollowerInfo (FollowerInfoImpl.java:lambda$new$1(49)) - s0@group-DBBE7E7C6C61->s2: matchIndex: updateToMax old=2, new=-1, updated? false
2022-08-02 21:05:57,532 [grpc-default-executor-3] DEBUG leader.FollowerInfo (FollowerInfoImpl.java:lambda$new$1(49)) - s0@group-DBBE7E7C6C61->s1: commitIndex: updateToMax old=1, new=1, updated? false
2022-08-02 21:05:57,532 [grpc-default-executor-3] DEBUG leader.FollowerInfo (FollowerInfoImpl.java:lambda$new$1(49)) - s0@group-DBBE7E7C6C61->s1: matchIndex: updateToMax old=2, new=-1, updated? false
2022-08-02 21:05:57,532 [grpc-default-executor-0] DEBUG leader.FollowerInfo (FollowerInfoImpl.java:lambda$new$1(49)) - s0@group-DBBE7E7C6C61->s2: commitIndex: updateToMax old=1, new=1, updated? false
2022-08-02 21:05:57,532 [grpc-default-executor-0] DEBUG leader.FollowerInfo (FollowerInfoImpl.java:lambda$new$1(49)) - s0@group-DBBE7E7C6C61->s2: matchIndex: updateToMax old=2, new=-1, updated? false
2022-08-02 21:05:57,533 [grpc-default-executor-3] DEBUG leader.FollowerInfo (FollowerInfoImpl.java:lambda$new$1(49)) - s0@group-DBBE7E7C6C61->s1: commitIndex: updateToMax old=1, new=1, updated? false
2022-08-02 21:05:57,533 [grpc-default-executor-3] DEBUG leader.FollowerInfo (FollowerInfoImpl.java:lambda$new$1(49)) - s0@group-DBBE7E7C6C61->s1: matchIndex: updateToMax old=2, new=-1, updated? false
2022-08-02 21:05:57,534 [grpc-default-executor-0] DEBUG leader.FollowerInfo (FollowerInfoImpl.java:lambda$new$1(49)) - s0@group-DBBE7E7C6C61->s2: commitIndex: updateToMax old=1, new=1, updated? false
2022-08-02 21:05:57,534 [grpc-default-executor-0] DEBUG leader.FollowerInfo (FollowerInfoImpl.java:lambda$new$1(49)) - s0@group-DBBE7E7C6C61->s2: matchIndex: updateToMax old=2, new=-1, updated? false
2022-08-02 21:05:57,534 [grpc-default-executor-3] DEBUG leader.FollowerInfo (FollowerInfoImpl.java:lambda$new$1(49)) - s0@group-DBBE7E7C6C61->s1: commitIndex: updateToMax old=1, new=1, updated? false
2022-08-02 21:05:57,534 [grpc-default-executor-3] DEBUG leader.FollowerInfo (FollowerInfoImpl.java:lambda$new$1(49)) - s0@group-DBBE7E7C6C61->s1: matchIndex: updateToMax old=2, new=-1, updated? false
2022-08-02 21:05:57,535 [grpc-default-executor-0] DEBUG leader.FollowerInfo (FollowerInfoImpl.java:lambda$new$1(49)) - s0@group-DBBE7E7C6C61->s2: commitIndex: updateToMax old=1, new=1, updated? false
2022-08-02 21:05:57,535 [grpc-default-executor-0] DEBUG leader.FollowerInfo (FollowerInfoImpl.java:lambda$new$1(49)) - s0@group-DBBE7E7C6C61->s2: matchIndex: updateToMax old=2, new=-1, updated? false
2022-08-02 21:05:57,535 [grpc-default-executor-3] DEBUG leader.FollowerInfo (FollowerInfoImpl.java:lambda$new$1(49)) - s0@group-DBBE7E7C6C61->s1: commitIndex: updateToMax old=1, new=1, updated? false
2022-08-02 21:05:57,536 [grpc-default-executor-3] DEBUG leader.FollowerInfo (FollowerInfoImpl.java:lambda$new$1(49)) - s0@group-DBBE7E7C6C61->s1: matchIndex: updateToMax old=2, new=-1, updated? false
2022-08-02 21:05:57,536 [grpc-default-executor-0] DEBUG leader.FollowerInfo (FollowerInfoImpl.java:lambda$new$1(49)) - s0@group-DBBE7E7C6C61->s2: commitIndex: updateToMax old=1, new=1, updated? false
2022-08-02 21:05:57,536 [grpc-default-executor-0] DEBUG leader.FollowerInfo (FollowerInfoImpl.java:lambda$new$1(49)) - s0@group-DBBE7E7C6C61->s2: matchIndex: updateToMax old=2, new=-1, updated? false
2022-08-02 21:05:57,537 [grpc-default-executor-3] DEBUG leader.FollowerInfo (FollowerInfoImpl.java:lambda$new$1(49)) - s0@group-DBBE7E7C6C61->s1: commitIndex: updateToMax old=1, new=1, updated? false
2022-08-02 21:05:57,537 [grpc-default-executor-3] DEBUG leader.FollowerInfo (FollowerInfoImpl.java:lambda$new$1(49)) - s0@group-DBBE7E7C6C61->s1: matchIndex: updateToMax old=2, new=-1, updated? false
2022-08-02 21:05:57,537 [grpc-default-executor-0] DEBUG leader.FollowerInfo (FollowerInfoImpl.java:lambda$new$1(49)) - s0@group-DBBE7E7C6C61->s2: commitIndex: updateToMax old=1, new=1, updated? false
2022-08-02 21:05:57,537 [grpc-default-executor-0] DEBUG leader.FollowerInfo (FollowerInfoImpl.java:lambda$new$1(49)) - s0@group-DBBE7E7C6C61->s2: matchIndex: updateToMax old=2, new=-1, updated? false
2022-08-02 21:05:57,538 [grpc-default-executor-3] DEBUG leader.FollowerInfo (FollowerInfoImpl.java:lambda$new$1(49)) - s0@group-DBBE7E7C6C61->s1: commitIndex: updateToMax old=1, new=1, updated? false
2022-08-02 21:05:57,538 [grpc-default-executor-3] DEBUG leader.FollowerInfo (FollowerInfoImpl.java:lambda$new$1(49)) - s0@group-DBBE7E7C6C61->s1: matchIndex: updateToMax old=2, new=-1, updated? false
2022-08-02 21:05:57,539 [grpc-default-executor-0] DEBUG leader.FollowerInfo (FollowerInfoImpl.java:lambda$new$1(49)) - s0@group-DBBE7E7C6C61->s2: commitIndex: updateToMax old=1, new=1, updated? false
2022-08-02 21:05:57,539 [grpc-default-executor-0] DEBUG leader.FollowerInfo (FollowerInfoImpl.java:lambda$new$1(49)) - s0@group-DBBE7E7C6C61->s2: matchIndex: updateToMax old=2, new=-1, updated? false
2022-08-02 21:05:57,539 [grpc-default-executor-3] DEBUG leader.FollowerInfo (FollowerInfoImpl.java:lambda$new$1(49)) - s0@group-DBBE7E7C6C61->s1: commitIndex: updateToMax old=1, new=1, updated? false
2022-08-02 21:05:57,539 [grpc-default-executor-3] DEBUG leader.FollowerInfo (FollowerInfoImpl.java:lambda$new$1(49)) - s0@group-DBBE7E7C6C61->s1: matchIndex: updateToMax old=2, new=-1, updated? false
2022-08-02 21:05:57,540 [grpc-default-executor-0] DEBUG leader.FollowerInfo (FollowerInfoImpl.java:lambda$new$1(49)) - s0@group-DBBE7E7C6C61->s2: commitIndex: updateToMax old=1, new=1, updated? false
2022-08-02 21:05:57,540 [grpc-default-executor-0] DEBUG leader.FollowerInfo (FollowerInfoImpl.java:lambda$new$1(49)) - s0@group-DBBE7E7C6C61->s2: matchIndex: updateToMax old=2, new=-1, updated? false
2022-08-02 21:05:57,540 [grpc-default-executor-3] DEBUG leader.FollowerInfo (FollowerInfoImpl.java:lambda$new$1(49)) - s0@group-DBBE7E7C6C61->s1: commitIndex: updateToMax old=1, new=1, updated? false
2022-08-02 21:05:57,541 [grpc-default-executor-3] DEBUG leader.FollowerInfo (FollowerInfoImpl.java:lambda$new$1(49)) - s0@group-DBBE7E7C6C61->s1: matchIndex: updateToMax old=2, new=-1, updated? false
2022-08-02 21:05:57,541 [grpc-default-executor-3] DEBUG leader.FollowerInfo (FollowerInfoImpl.java:lambda$new$1(49)) - s0@group-DBBE7E7C6C61->s2: commitIndex: updateToMax old=1, new=1, updated? false
2022-08-02 21:05:57,541 [grpc-default-executor-3] DEBUG leader.FollowerInfo (FollowerInfoImpl.java:lambda$new$1(49)) - s0@group-DBBE7E7C6C61->s2: matchIndex: updateToMax old=2, new=-1, updated? false
2022-08-02 21:05:57,542 [grpc-default-executor-0] DEBUG leader.FollowerInfo (FollowerInfoImpl.java:lambda$new$1(49)) - s0@group-DBBE7E7C6C61->s1: commitIndex: updateToMax old=1, new=1, updated? false
2022-08-02 21:05:57,542 [grpc-default-executor-0] DEBUG leader.FollowerInfo (FollowerInfoImpl.java:lambda$new$1(49)) - s0@group-DBBE7E7C6C61->s1: matchIndex: updateToMax old=2, new=-1, updated? false
2022-08-02 21:05:57,542 [grpc-default-executor-3] DEBUG leader.FollowerInfo (FollowerInfoImpl.java:lambda$new$1(49)) - s0@group-DBBE7E7C6C61->s2: commitIndex: updateToMax old=1, new=1, updated? false
2022-08-02 21:05:57,542 [grpc-default-executor-3] DEBUG leader.FollowerInfo (FollowerInfoImpl.java:lambda$new$1(49)) - s0@group-DBBE7E7C6C61->s2: matchIndex: updateToMax old=2, new=-1, updated? false
2022-08-02 21:05:57,543 [grpc-default-executor-0] DEBUG leader.FollowerInfo (FollowerInfoImpl.java:lambda$new$1(49)) - s0@group-DBBE7E7C6C61->s1: commitIndex: updateToMax old=1, new=1, updated? false
2022-08-02 21:05:57,543 [grpc-default-executor-0] DEBUG leader.FollowerInfo (FollowerInfoImpl.java:lambda$new$1(49)) - s0@group-DBBE7E7C6C61->s1: matchIndex: updateToMax old=2, new=-1, updated? false
2022-08-02 21:05:57,543 [grpc-default-executor-0] DEBUG leader.FollowerInfo (FollowerInfoImpl.java:lambda$new$1(49)) - s0@group-DBBE7E7C6C61->s2: commitIndex: updateToMax old=1, new=1, updated? false
2022-08-02 21:05:57,544 [grpc-default-executor-0] DEBUG leader.FollowerInfo (FollowerInfoImpl.java:lambda$new$1(49)) - s0@group-DBBE7E7C6C61->s2: matchIndex: updateToMax old=2, new=-1, updated? false
2022-08-02 21:05:57,544 [grpc-default-executor-3] DEBUG leader.FollowerInfo (FollowerInfoImpl.java:lambda$new$1(49)) - s0@group-DBBE7E7C6C61->s1: commitIndex: updateToMax old=1, new=1, updated? false
2022-08-02 21:05:57,544 [grpc-default-executor-3] DEBUG leader.FollowerInfo (FollowerInfoImpl.java:lambda$new$1(49)) - s0@group-DBBE7E7C6C61->s1: matchIndex: updateToMax old=2, new=-1, updated? false
2022-08-02 21:05:57,545 [grpc-default-executor-0] DEBUG leader.FollowerInfo (FollowerInfoImpl.java:lambda$new$1(49)) - s0@group-DBBE7E7C6C61->s2: commitIndex: updateToMax old=1, new=1, updated? false
2022-08-02 21:05:57,545 [grpc-default-executor-0] DEBUG leader.FollowerInfo (FollowerInfoImpl.java:lambda$new$1(49)) - s0@group-DBBE7E7C6C61->s2: matchIndex: updateToMax old=2, new=-1, updated? false
2022-08-02 21:05:57,545 [grpc-default-executor-3] DEBUG leader.FollowerInfo (FollowerInfoImpl.java:lambda$new$1(49)) - s0@group-DBBE7E7C6C61->s1: commitIndex: updateToMax old=1, new=1, updated? false
2022-08-02 21:05:57,545 [grpc-default-executor-3] DEBUG leader.FollowerInfo (FollowerInfoImpl.java:lambda$new$1(49)) - s0@group-DBBE7E7C6C61->s1: matchIndex: updateToMax old=2, new=-1, updated? false
2022-08-02 21:05:57,546 [grpc-default-executor-0] DEBUG leader.FollowerInfo (FollowerInfoImpl.java:lambda$new$1(49)) - s0@group-DBBE7E7C6C61->s2: commitIndex: updateToMax old=1, new=1, updated? false
2022-08-02 21:05:57,546 [grpc-default-executor-0] DEBUG leader.FollowerInfo (FollowerInfoImpl.java:lambda$new$1(49)) - s0@group-DBBE7E7C6C61->s2: matchIndex: updateToMax old=2, new=-1, updated? false
2022-08-02 21:05:57,547 [grpc-default-executor-3] DEBUG leader.FollowerInfo (FollowerInfoImpl.java:lambda$new$1(49)) - s0@group-DBBE7E7C6C61->s1: commitIndex: updateToMax old=1, new=1, updated? false
2022-08-02 21:05:57,547 [grpc-default-executor-3] DEBUG leader.FollowerInfo (FollowerInfoImpl.java:lambda$new$1(49)) - s0@group-DBBE7E7C6C61->s1: matchIndex: updateToMax old=2, new=-1, updated? false
2022-08-02 21:05:57,547 [grpc-default-executor-0] DEBUG leader.FollowerInfo (FollowerInfoImpl.java:lambda$new$1(49)) - s0@group-DBBE7E7C6C61->s2: commitIndex: updateToMax old=1, new=1, updated? false
2022-08-02 21:05:57,547 [grpc-default-executor-0] DEBUG leader.FollowerInfo (FollowerInfoImpl.java:lambda$new$1(49)) - s0@group-DBBE7E7C6C61->s2: matchIndex: updateToMax old=2, new=-1, updated? false
2022-08-02 21:05:57,549 [grpc-default-executor-3] DEBUG leader.FollowerInfo (FollowerInfoImpl.java:lambda$new$1(49)) - s0@group-DBBE7E7C6C61->s1: commitIndex: updateToMax old=1, new=1, updated? false
2022-08-02 21:05:57,549 [grpc-default-executor-3] DEBUG leader.FollowerInfo (FollowerInfoImpl.java:lambda$new$1(49)) - s0@group-DBBE7E7C6C61->s1: matchIndex: updateToMax old=2, new=-1, updated? false
2022-08-02 21:05:57,550 [grpc-default-executor-0] DEBUG leader.FollowerInfo (FollowerInfoImpl.java:lambda$new$1(49)) - s0@group-DBBE7E7C6C61->s2: commitIndex: updateToMax old=1, new=1, updated? false
2022-08-02 21:05:57,550 [grpc-default-executor-0] DEBUG leader.FollowerInfo (FollowerInfoImpl.java:lambda$new$1(49)) - s0@group-DBBE7E7C6C61->s2: matchIndex: updateToMax old=2, new=-1, updated? false
2022-08-02 21:05:57,562 [grpc-default-executor-0] DEBUG leader.FollowerInfo (FollowerInfoImpl.java:lambda$new$1(49)) - s0@group-DBBE7E7C6C61->s1: commitIndex: updateToMax old=1, new=1, updated? false
2022-08-02 21:05:57,562 [grpc-default-executor-0] DEBUG leader.FollowerInfo (FollowerInfoImpl.java:lambda$new$1(49)) - s0@group-DBBE7E7C6C61->s1: matchIndex: updateToMax old=2, new=-1, updated? false
2022-08-02 21:05:57,565 [grpc-default-executor-3] DEBUG leader.FollowerInfo (FollowerInfoImpl.java:lambda$new$1(49)) - s0@group-DBBE7E7C6C61->s2: commitIndex: updateToMax old=1, new=1, updated? false
2022-08-02 21:05:57,565 [grpc-default-executor-3] DEBUG leader.FollowerInfo (FollowerInfoImpl.java:lambda$new$1(49)) - s0@group-DBBE7E7C6C61->s2: matchIndex: updateToMax old=2, new=-1, updated? false
2022-08-02 21:05:57,567 [grpc-default-executor-0] DEBUG leader.FollowerInfo (FollowerInfoImpl.java:lambda$new$1(49)) - s0@group-DBBE7E7C6C61->s1: commitIndex: updateToMax old=1, new=1, updated? false
2022-08-02 21:05:57,567 [grpc-default-executor-0] DEBUG leader.FollowerInfo (FollowerInfoImpl.java:lambda$new$1(49)) - s0@group-DBBE7E7C6C61->s1: matchIndex: updateToMax old=2, new=-1, updated? false
2022-08-02 21:05:57,568 [grpc-default-executor-0] DEBUG leader.FollowerInfo (FollowerInfoImpl.java:lambda$new$1(49)) - s0@group-DBBE7E7C6C61->s2: commitIndex: updateToMax old=1, new=1, updated? false
2022-08-02 21:05:57,568 [grpc-default-executor-0] DEBUG leader.FollowerInfo (FollowerInfoImpl.java:lambda$new$1(49)) - s0@group-DBBE7E7C6C61->s2: matchIndex: updateToMax old=2, new=-1, updated? false
2022-08-02 21:05:57,569 [grpc-default-executor-3] DEBUG leader.FollowerInfo (FollowerInfoImpl.java:lambda$new$1(49)) - s0@group-DBBE7E7C6C61->s1: commitIndex: updateToMax old=1, new=1, updated? false
2022-08-02 21:05:57,569 [grpc-default-executor-3] DEBUG leader.FollowerInfo (FollowerInfoImpl.java:lambda$new$1(49)) - s0@group-DBBE7E7C6C61->s1: matchIndex: updateToMax old=2, new=-1, updated? false
2022-08-02 21:05:57,569 [grpc-default-executor-0] DEBUG leader.FollowerInfo (FollowerInfoImpl.java:lambda$new$1(49)) - s0@group-DBBE7E7C6C61->s2: commitIndex: updateToMax old=1, new=1, updated? false
2022-08-02 21:05:57,569 [grpc-default-executor-0] DEBUG leader.FollowerInfo (FollowerInfoImpl.java:lambda$new$1(49)) - s0@group-DBBE7E7C6C61->s2: matchIndex: updateToMax old=2, new=-1, updated? false
2022-08-02 21:05:57,570 [grpc-default-executor-3] DEBUG leader.FollowerInfo (FollowerInfoImpl.java:lambda$new$1(49)) - s0@group-DBBE7E7C6C61->s1: commitIndex: updateToMax old=1, new=1, updated? false
2022-08-02 21:05:57,570 [grpc-default-executor-3] DEBUG leader.FollowerInfo (FollowerInfoImpl.java:lambda$new$1(49)) - s0@group-DBBE7E7C6C61->s1: matchIndex: updateToMax old=2, new=-1, updated? false
2022-08-02 21:05:57,571 [grpc-default-executor-0] DEBUG leader.FollowerInfo (FollowerInfoImpl.java:lambda$new$1(49)) - s0@group-DBBE7E7C6C61->s2: commitIndex: updateToMax old=1, new=1, updated? false
2022-08-02 21:05:57,571 [grpc-default-executor-0] DEBUG leader.FollowerInfo (FollowerInfoImpl.java:lambda$new$1(49)) - s0@group-DBBE7E7C6C61->s2: matchIndex: updateToMax old=2, new=-1, updated? false
2022-08-02 21:05:57,571 [grpc-default-executor-3] DEBUG leader.FollowerInfo (FollowerInfoImpl.java:lambda$new$1(49)) - s0@group-DBBE7E7C6C61->s1: commitIndex: updateToMax old=1, new=1, updated? false
2022-08-02 21:05:57,571 [grpc-default-executor-3] DEBUG leader.FollowerInfo (FollowerInfoImpl.java:lambda$new$1(49)) - s0@group-DBBE7E7C6C61->s1: matchIndex: updateToMax old=2, new=-1, updated? false
2022-08-02 21:05:57,572 [grpc-default-executor-0] DEBUG leader.FollowerInfo (FollowerInfoImpl.java:lambda$new$1(49)) - s0@group-DBBE7E7C6C61->s2: commitIndex: updateToMax old=1, new=1, updated? false
2022-08-02 21:05:57,572 [grpc-default-executor-0] DEBUG leader.FollowerInfo (FollowerInfoImpl.java:lambda$new$1(49)) - s0@group-DBBE7E7C6C61->s2: matchIndex: updateToMax old=2, new=-1, updated? false
2022-08-02 21:05:57,572 [grpc-default-executor-3] DEBUG leader.FollowerInfo (FollowerInfoImpl.java:lambda$new$1(49)) - s0@group-DBBE7E7C6C61->s1: commitIndex: updateToMax old=1, new=1, updated? false
2022-08-02 21:05:57,573 [grpc-default-executor-3] DEBUG leader.FollowerInfo (FollowerInfoImpl.java:lambda$new$1(49)) - s0@group-DBBE7E7C6C61->s1: matchIndex: updateToMax old=2, new=-1, updated? false
2022-08-02 21:05:57,573 [grpc-default-executor-0] DEBUG leader.FollowerInfo (FollowerInfoImpl.java:lambda$new$1(49)) - s0@group-DBBE7E7C6C61->s2: commitIndex: updateToMax old=1, new=1, updated? false
2022-08-02 21:05:57,573 [grpc-default-executor-0] DEBUG leader.FollowerInfo (FollowerInfoImpl.java:lambda$new$1(49)) - s0@group-DBBE7E7C6C61->s2: matchIndex: updateToMax old=2, new=-1, updated? false
2022-08-02 21:05:57,574 [grpc-default-executor-3] DEBUG leader.FollowerInfo (FollowerInfoImpl.java:lambda$new$1(49)) - s0@group-DBBE7E7C6C61->s1: commitIndex: updateToMax old=1, new=1, updated? false
2022-08-02 21:05:57,574 [grpc-default-executor-3] DEBUG leader.FollowerInfo (FollowerInfoImpl.java:lambda$new$1(49)) - s0@group-DBBE7E7C6C61->s1: matchIndex: updateToMax old=2, new=-1, updated? false
2022-08-02 21:05:57,574 [grpc-default-executor-0] DEBUG leader.FollowerInfo (FollowerInfoImpl.java:lambda$new$1(49)) - s0@group-DBBE7E7C6C61->s2: commitIndex: updateToMax old=1, new=1, updated? false
2022-08-02 21:05:57,574 [grpc-default-executor-0] DEBUG leader.FollowerInfo (FollowerInfoImpl.java:lambda$new$1(49)) - s0@group-DBBE7E7C6C61->s2: matchIndex: updateToMax old=2, new=-1, updated? false
2022-08-02 21:05:57,575 [grpc-default-executor-3] DEBUG leader.FollowerInfo (FollowerInfoImpl.java:lambda$new$1(49)) - s0@group-DBBE7E7C6C61->s1: commitIndex: updateToMax old=1, new=1, updated? false
2022-08-02 21:05:57,575 [grpc-default-executor-3] DEBUG leader.FollowerInfo (FollowerInfoImpl.java:lambda$new$1(49)) - s0@group-DBBE7E7C6C61->s1: matchIndex: updateToMax old=2, new=-1, updated? false
2022-08-02 21:05:57,575 [grpc-default-executor-0] DEBUG leader.FollowerInfo (FollowerInfoImpl.java:lambda$new$1(49)) - s0@group-DBBE7E7C6C61->s2: commitIndex: updateToMax old=1, new=1, updated? false
2022-08-02 21:05:57,575 [grpc-default-executor-0] DEBUG leader.FollowerInfo (FollowerInfoImpl.java:lambda$new$1(49)) - s0@group-DBBE7E7C6C61->s2: matchIndex: updateToMax old=2, new=-1, updated? false
2022-08-02 21:05:57,576 [grpc-default-executor-3] DEBUG leader.FollowerInfo (FollowerInfoImpl.java:lambda$new$1(49)) - s0@group-DBBE7E7C6C61->s1: commitIndex: updateToMax old=1, new=1, updated? false
2022-08-02 21:05:57,576 [grpc-default-executor-3] DEBUG leader.FollowerInfo (FollowerInfoImpl.java:lambda$new$1(49)) - s0@group-DBBE7E7C6C61->s1: matchIndex: updateToMax old=2, new=-1, updated? false
2022-08-02 21:05:57,577 [grpc-default-executor-0] DEBUG leader.FollowerInfo (FollowerInfoImpl.java:lambda$new$1(49)) - s0@group-DBBE7E7C6C61->s2: commitIndex: updateToMax old=1, new=1, updated? false
2022-08-02 21:05:57,577 [grpc-default-executor-0] DEBUG leader.FollowerInfo (FollowerInfoImpl.java:lambda$new$1(49)) - s0@group-DBBE7E7C6C61->s2: matchIndex: updateToMax old=2, new=-1, updated? false
2022-08-02 21:05:57,577 [grpc-default-executor-3] DEBUG leader.FollowerInfo (FollowerInfoImpl.java:lambda$new$1(49)) - s0@group-DBBE7E7C6C61->s1: commitIndex: updateToMax old=1, new=1, updated? false
2022-08-02 21:05:57,577 [grpc-default-executor-3] DEBUG leader.FollowerInfo (FollowerInfoImpl.java:lambda$new$1(49)) - s0@group-DBBE7E7C6C61->s1: matchIndex: updateToMax old=2, new=-1, updated? false
2022-08-02 21:05:57,578 [grpc-default-executor-0] DEBUG leader.FollowerInfo (FollowerInfoImpl.java:lambda$new$1(49)) - s0@group-DBBE7E7C6C61->s2: commitIndex: updateToMax old=1, new=1, updated? false
2022-08-02 21:05:57,578 [grpc-default-executor-0] DEBUG leader.FollowerInfo (FollowerInfoImpl.java:lambda$new$1(49)) - s0@group-DBBE7E7C6C61->s2: matchIndex: updateToMax old=2, new=-1, updated? false
2022-08-02 21:05:57,579 [grpc-default-executor-3] DEBUG leader.FollowerInfo (FollowerInfoImpl.java:lambda$new$1(49)) - s0@group-DBBE7E7C6C61->s1: commitIndex: updateToMax old=1, new=1, updated? false
2022-08-02 21:05:57,579 [grpc-default-executor-3] DEBUG leader.FollowerInfo (FollowerInfoImpl.java:lambda$new$1(49)) - s0@group-DBBE7E7C6C61->s1: matchIndex: updateToMax old=2, new=-1, updated? false
2022-08-02 21:05:57,579 [grpc-default-executor-0] DEBUG leader.FollowerInfo (FollowerInfoImpl.java:lambda$new$1(49)) - s0@group-DBBE7E7C6C61->s2: commitIndex: updateToMax old=1, new=1, updated? false
2022-08-02 21:05:57,579 [grpc-default-executor-0] DEBUG leader.FollowerInfo (FollowerInfoImpl.java:lambda$new$1(49)) - s0@group-DBBE7E7C6C61->s2: matchIndex: updateToMax old=2, new=-1, updated? false
2022-08-02 21:05:57,580 [grpc-default-executor-3] DEBUG leader.FollowerInfo (FollowerInfoImpl.java:lambda$new$1(49)) - s0@group-DBBE7E7C6C61->s1: commitIndex: updateToMax old=1, new=1, updated? false
2022-08-02 21:05:57,580 [grpc-default-executor-3] DEBUG leader.FollowerInfo (FollowerInfoImpl.java:lambda$new$1(49)) - s0@group-DBBE7E7C6C61->s1: matchIndex: updateToMax old=2, new=-1, updated? false
2022-08-02 21:05:57,580 [grpc-default-executor-0] DEBUG leader.FollowerInfo (FollowerInfoImpl.java:lambda$new$1(49)) - s0@group-DBBE7E7C6C61->s2: commitIndex: updateToMax old=1, new=1, updated? false
2022-08-02 21:05:57,581 [grpc-default-executor-0] DEBUG leader.FollowerInfo (FollowerInfoImpl.java:lambda$new$1(49)) - s0@group-DBBE7E7C6C61->s2: matchIndex: updateToMax old=2, new=-1, updated? false
2022-08-02 21:05:57,581 [grpc-default-executor-3] DEBUG leader.FollowerInfo (FollowerInfoImpl.java:lambda$new$1(49)) - s0@group-DBBE7E7C6C61->s1: commitIndex: updateToMax old=1, new=1, updated? false
2022-08-02 21:05:57,581 [grpc-default-executor-3] DEBUG leader.FollowerInfo (FollowerInfoImpl.java:lambda$new$1(49)) - s0@group-DBBE7E7C6C61->s1: matchIndex: updateToMax old=2, new=-1, updated? false
2022-08-02 21:05:57,582 [grpc-default-executor-0] DEBUG leader.FollowerInfo (FollowerInfoImpl.java:lambda$new$1(49)) - s0@group-DBBE7E7C6C61->s2: commitIndex: updateToMax old=1, new=1, updated? false
2022-08-02 21:05:57,582 [grpc-default-executor-0] DEBUG leader.FollowerInfo (FollowerInfoImpl.java:lambda$new$1(49)) - s0@group-DBBE7E7C6C61->s2: matchIndex: updateToMax old=2, new=-1, updated? false
2022-08-02 21:05:57,582 [grpc-default-executor-3] DEBUG leader.FollowerInfo (FollowerInfoImpl.java:lambda$new$1(49)) - s0@group-DBBE7E7C6C61->s1: commitIndex: updateToMax old=1, new=1, updated? false
2022-08-02 21:05:57,582 [grpc-default-executor-3] DEBUG leader.FollowerInfo (FollowerInfoImpl.java:lambda$new$1(49)) - s0@group-DBBE7E7C6C61->s1: matchIndex: updateToMax old=2, new=-1, updated? false
2022-08-02 21:05:57,583 [grpc-default-executor-0] DEBUG leader.FollowerInfo (FollowerInfoImpl.java:lambda$new$1(49)) - s0@group-DBBE7E7C6C61->s2: commitIndex: updateToMax old=1, new=1, updated? false
2022-08-02 21:05:57,583 [grpc-default-executor-0] DEBUG leader.FollowerInfo (FollowerInfoImpl.java:lambda$new$1(49)) - s0@group-DBBE7E7C6C61->s2: matchIndex: updateToMax old=2, new=-1, updated? false
2022-08-02 21:05:57,583 [grpc-default-executor-3] DEBUG leader.FollowerInfo (FollowerInfoImpl.java:lambda$new$1(49)) - s0@group-DBBE7E7C6C61->s1: commitIndex: updateToMax old=1, new=1, updated? false
2022-08-02 21:05:57,584 [grpc-default-executor-3] DEBUG leader.FollowerInfo (FollowerInfoImpl.java:lambda$new$1(49)) - s0@group-DBBE7E7C6C61->s1: matchIndex: updateToMax old=2, new=-1, updated? false
2022-08-02 21:05:57,584 [grpc-default-executor-0] DEBUG leader.FollowerInfo (FollowerInfoImpl.java:lambda$new$1(49)) - s0@group-DBBE7E7C6C61->s2: commitIndex: updateToMax old=1, new=1, updated? false
2022-08-02 21:05:57,584 [grpc-default-executor-0] DEBUG leader.FollowerInfo (FollowerInfoImpl.java:lambda$new$1(49)) - s0@group-DBBE7E7C6C61->s2: matchIndex: updateToMax old=2, new=-1, updated? false
2022-08-02 21:05:57,585 [grpc-default-executor-3] DEBUG leader.FollowerInfo (FollowerInfoImpl.java:lambda$new$1(49)) - s0@group-DBBE7E7C6C61->s1: commitIndex: updateToMax old=1, new=1, updated? false
2022-08-02 21:05:57,585 [grpc-default-executor-3] DEBUG leader.FollowerInfo (FollowerInfoImpl.java:lambda$new$1(49)) - s0@group-DBBE7E7C6C61->s1: matchIndex: updateToMax old=2, new=-1, updated? false
2022-08-02 21:05:57,585 [grpc-default-executor-3] DEBUG leader.FollowerInfo (FollowerInfoImpl.java:lambda$new$1(49)) - s0@group-DBBE7E7C6C61->s2: commitIndex: updateToMax old=1, new=1, updated? false
2022-08-02 21:05:57,585 [grpc-default-executor-3] DEBUG leader.FollowerInfo (FollowerInfoImpl.java:lambda$new$1(49)) - s0@group-DBBE7E7C6C61->s2: matchIndex: updateToMax old=2, new=-1, updated? false
2022-08-02 21:05:57,586 [grpc-default-executor-0] DEBUG leader.FollowerInfo (FollowerInfoImpl.java:lambda$new$1(49)) - s0@group-DBBE7E7C6C61->s1: commitIndex: updateToMax old=1, new=1, updated? false
2022-08-02 21:05:57,586 [grpc-default-executor-0] DEBUG leader.FollowerInfo (FollowerInfoImpl.java:lambda$new$1(49)) - s0@group-DBBE7E7C6C61->s1: matchIndex: updateToMax old=2, new=-1, updated? false
2022-08-02 21:05:57,586 [grpc-default-executor-0] DEBUG leader.FollowerInfo (FollowerInfoImpl.java:lambda$new$1(49)) - s0@group-DBBE7E7C6C61->s2: commitIndex: updateToMax old=1, new=1, updated? false
2022-08-02 21:05:57,586 [grpc-default-executor-0] DEBUG leader.FollowerInfo (FollowerInfoImpl.java:lambda$new$1(49)) - s0@group-DBBE7E7C6C61->s2: matchIndex: updateToMax old=2, new=-1, updated? false
2022-08-02 21:05:57,587 [grpc-default-executor-3] DEBUG leader.FollowerInfo (FollowerInfoImpl.java:lambda$new$1(49)) - s0@group-DBBE7E7C6C61->s1: commitIndex: updateToMax old=1, new=1, updated? false
2022-08-02 21:05:57,587 [grpc-default-executor-3] DEBUG leader.FollowerInfo (FollowerInfoImpl.java:lambda$new$1(49)) - s0@group-DBBE7E7C6C61->s1: matchIndex: updateToMax old=2, new=-1, updated? false
2022-08-02 21:05:57,588 [grpc-default-executor-3] DEBUG leader.FollowerInfo (FollowerInfoImpl.java:lambda$new$1(49)) - s0@group-DBBE7E7C6C61->s2: commitIndex: updateToMax old=1, new=1, updated? false
2022-08-02 21:05:57,588 [grpc-default-executor-3] DEBUG leader.FollowerInfo (FollowerInfoImpl.java:lambda$new$1(49)) - s0@group-DBBE7E7C6C61->s2: matchIndex: updateToMax old=2, new=-1, updated? false
2022-08-02 21:05:57,588 [grpc-default-executor-0] DEBUG leader.FollowerInfo (FollowerInfoImpl.java:lambda$new$1(49)) - s0@group-DBBE7E7C6C61->s1: commitIndex: updateToMax old=1, new=1, updated? false
2022-08-02 21:05:57,588 [grpc-default-executor-0] DEBUG leader.FollowerInfo (FollowerInfoImpl.java:lambda$new$1(49)) - s0@group-DBBE7E7C6C61->s1: matchIndex: updateToMax old=2, new=-1, updated? false
2022-08-02 21:05:57,589 [grpc-default-executor-0] DEBUG leader.FollowerInfo (FollowerInfoImpl.java:lambda$new$1(49)) - s0@group-DBBE7E7C6C61->s2: commitIndex: updateToMax old=1, new=1, updated? false
2022-08-02 21:05:57,589 [grpc-default-executor-0] DEBUG leader.FollowerInfo (FollowerInfoImpl.java:lambda$new$1(49)) - s0@group-DBBE7E7C6C61->s2: matchIndex: updateToMax old=2, new=-1, updated? false
2022-08-02 21:05:57,589 [grpc-default-executor-3] DEBUG leader.FollowerInfo (FollowerInfoImpl.java:lambda$new$1(49)) - s0@group-DBBE7E7C6C61->s1: commitIndex: updateToMax old=1, new=1, updated? false
2022-08-02 21:05:57,589 [grpc-default-executor-3] DEBUG leader.FollowerInfo (FollowerInfoImpl.java:lambda$new$1(49)) - s0@group-DBBE7E7C6C61->s1: matchIndex: updateToMax old=2, new=-1, updated? false
2022-08-02 21:05:57,590 [grpc-default-executor-3] DEBUG leader.FollowerInfo (FollowerInfoImpl.java:lambda$new$1(49)) - s0@group-DBBE7E7C6C61->s2: commitIndex: updateToMax old=1, new=1, updated? false
2022-08-02 21:05:57,590 [grpc-default-executor-3] DEBUG leader.FollowerInfo (FollowerInfoImpl.java:lambda$new$1(49)) - s0@group-DBBE7E7C6C61->s2: matchIndex: updateToMax old=2, new=-1, updated? false
2022-08-02 21:05:57,591 [grpc-default-executor-0] DEBUG leader.FollowerInfo (FollowerInfoImpl.java:lambda$new$1(49)) - s0@group-DBBE7E7C6C61->s1: commitIndex: updateToMax old=1, new=1, updated? false
2022-08-02 21:05:57,591 [grpc-default-executor-0] DEBUG leader.FollowerInfo (FollowerInfoImpl.java:lambda$new$1(49)) - s0@group-DBBE7E7C6C61->s1: matchIndex: updateToMax old=2, new=-1, updated? false
2022-08-02 21:05:57,591 [grpc-default-executor-0] DEBUG leader.FollowerInfo (FollowerInfoImpl.java:lambda$new$1(49)) - s0@group-DBBE7E7C6C61->s2: commitIndex: updateToMax old=1, new=1, updated? false
2022-08-02 21:05:57,591 [grpc-default-executor-0] DEBUG leader.FollowerInfo (FollowerInfoImpl.java:lambda$new$1(49)) - s0@group-DBBE7E7C6C61->s2: matchIndex: updateToMax old=2, new=-1, updated? false
2022-08-02 21:05:57,592 [grpc-default-executor-3] DEBUG leader.FollowerInfo (FollowerInfoImpl.java:lambda$new$1(49)) - s0@group-DBBE7E7C6C61->s1: commitIndex: updateToMax old=1, new=1, updated? false
2022-08-02 21:05:57,592 [grpc-default-executor-3] DEBUG leader.FollowerInfo (FollowerInfoImpl.java:lambda$new$1(49)) - s0@group-DBBE7E7C6C61->s1: matchIndex: updateToMax old=2, new=-1, updated? false
2022-08-02 21:05:57,592 [grpc-default-executor-0] DEBUG leader.FollowerInfo (FollowerInfoImpl.java:lambda$new$1(49)) - s0@group-DBBE7E7C6C61->s2: commitIndex: updateToMax old=1, new=1, updated? false
2022-08-02 21:05:57,592 [grpc-default-executor-0] DEBUG leader.FollowerInfo (FollowerInfoImpl.java:lambda$new$1(49)) - s0@group-DBBE7E7C6C61->s2: matchIndex: updateToMax old=2, new=-1, updated? false
2022-08-02 21:05:57,593 [grpc-default-executor-3] DEBUG leader.FollowerInfo (FollowerInfoImpl.java:lambda$new$1(49)) - s0@group-DBBE7E7C6C61->s1: commitIndex: updateToMax old=1, new=1, updated? false
2022-08-02 21:05:57,593 [grpc-default-executor-3] DEBUG leader.FollowerInfo (FollowerInfoImpl.java:lambda$new$1(49)) - s0@group-DBBE7E7C6C61->s1: matchIndex: updateToMax old=2, new=-1, updated? false
2022-08-02 21:05:57,593 [grpc-default-executor-3] DEBUG leader.FollowerInfo (FollowerInfoImpl.java:lambda$new$1(49)) - s0@group-DBBE7E7C6C61->s2: commitIndex: updateToMax old=1, new=1, updated? false
2022-08-02 21:05:57,593 [grpc-default-executor-3] DEBUG leader.FollowerInfo (FollowerInfoImpl.java:lambda$new$1(49)) - s0@group-DBBE7E7C6C61->s2: matchIndex: updateToMax old=2, new=-1, updated? false
2022-08-02 21:05:57,594 [grpc-default-executor-0] DEBUG leader.FollowerInfo (FollowerInfoImpl.java:lambda$new$1(49)) - s0@group-DBBE7E7C6C61->s1: commitIndex: updateToMax old=1, new=1, updated? false
2022-08-02 21:05:57,594 [grpc-default-executor-0] DEBUG leader.FollowerInfo (FollowerInfoImpl.java:lambda$new$1(49)) - s0@group-DBBE7E7C6C61->s1: matchIndex: updateToMax old=2, new=-1, updated? false
2022-08-02 21:05:57,594 [grpc-default-executor-3] DEBUG leader.FollowerInfo (FollowerInfoImpl.java:lambda$new$1(49)) - s0@group-DBBE7E7C6C61->s2: commitIndex: updateToMax old=1, new=1, updated? false
2022-08-02 21:05:57,595 [grpc-default-executor-3] DEBUG leader.FollowerInfo (FollowerInfoImpl.java:lambda$new$1(49)) - s0@group-DBBE7E7C6C61->s2: matchIndex: updateToMax old=2, new=-1, updated? false
2022-08-02 21:05:57,595 [grpc-default-executor-0] DEBUG leader.FollowerInfo (FollowerInfoImpl.java:lambda$new$1(49)) - s0@group-DBBE7E7C6C61->s1: commitIndex: updateToMax old=1, new=1, updated? false
2022-08-02 21:05:57,595 [grpc-default-executor-0] DEBUG leader.FollowerInfo (FollowerInfoImpl.java:lambda$new$1(49)) - s0@group-DBBE7E7C6C61->s1: matchIndex: updateToMax old=2, new=-1, updated? false
2022-08-02 21:05:57,596 [grpc-default-executor-3] DEBUG leader.FollowerInfo (FollowerInfoImpl.java:lambda$new$1(49)) - s0@group-DBBE7E7C6C61->s2: commitIndex: updateToMax old=1, new=1, updated? false
2022-08-02 21:05:57,596 [grpc-default-executor-3] DEBUG leader.FollowerInfo (FollowerInfoImpl.java:lambda$new$1(49)) - s0@group-DBBE7E7C6C61->s2: matchIndex: updateToMax old=2, new=-1, updated? false
2022-08-02 21:05:57,596 [grpc-default-executor-0] DEBUG leader.FollowerInfo (FollowerInfoImpl.java:lambda$new$1(49)) - s0@group-DBBE7E7C6C61->s1: commitIndex: updateToMax old=1, new=1, updated? false
2022-08-02 21:05:57,596 [grpc-default-executor-0] DEBUG leader.FollowerInfo (FollowerInfoImpl.java:lambda$new$1(49)) - s0@group-DBBE7E7C6C61->s1: matchIndex: updateToMax old=2, new=-1, updated? false
2022-08-02 21:05:57,597 [grpc-default-executor-0] DEBUG leader.FollowerInfo (FollowerInfoImpl.java:lambda$new$1(49)) - s0@group-DBBE7E7C6C61->s2: commitIndex: updateToMax old=1, new=1, updated? false
2022-08-02 21:05:57,597 [grpc-default-executor-0] DEBUG leader.FollowerInfo (FollowerInfoImpl.java:lambda$new$1(49)) - s0@group-DBBE7E7C6C61->s2: matchIndex: updateToMax old=2, new=-1, updated? false
2022-08-02 21:05:57,597 [grpc-default-executor-3] DEBUG leader.FollowerInfo (FollowerInfoImpl.java:lambda$new$1(49)) - s0@group-DBBE7E7C6C61->s1: commitIndex: updateToMax old=1, new=1, updated? false
2022-08-02 21:05:57,598 [grpc-default-executor-3] DEBUG leader.FollowerInfo (FollowerInfoImpl.java:lambda$new$1(49)) - s0@group-DBBE7E7C6C61->s1: matchIndex: updateToMax old=2, new=-1, updated? false
2022-08-02 21:05:57,598 [grpc-default-executor-3] DEBUG leader.FollowerInfo (FollowerInfoImpl.java:lambda$new$1(49)) - s0@group-DBBE7E7C6C61->s2: commitIndex: updateToMax old=1, new=1, updated? false
2022-08-02 21:05:57,598 [grpc-default-executor-3] DEBUG leader.FollowerInfo (FollowerInfoImpl.java:lambda$new$1(49)) - s0@group-DBBE7E7C6C61->s2: matchIndex: updateToMax old=2, new=-1, updated? false
2022-08-02 21:05:57,599 [grpc-default-executor-0] DEBUG leader.FollowerInfo (FollowerInfoImpl.java:lambda$new$1(49)) - s0@group-DBBE7E7C6C61->s1: commitIndex: updateToMax old=1, new=1, updated? false
2022-08-02 21:05:57,599 [grpc-default-executor-0] DEBUG leader.FollowerInfo (FollowerInfoImpl.java:lambda$new$1(49)) - s0@group-DBBE7E7C6C61->s1: matchIndex: updateToMax old=2, new=-1, updated? false
2022-08-02 21:05:57,599 [grpc-default-executor-3] DEBUG leader.FollowerInfo (FollowerInfoImpl.java:lambda$new$1(49)) - s0@group-DBBE7E7C6C61->s2: commitIndex: updateToMax old=1, new=1, updated? false
2022-08-02 21:05:57,599 [grpc-default-executor-3] DEBUG leader.FollowerInfo (FollowerInfoImpl.java:lambda$new$1(49)) - s0@group-DBBE7E7C6C61->s2: matchIndex: updateToMax old=2, new=-1, updated? false
2022-08-02 21:05:57,600 [grpc-default-executor-0] DEBUG leader.FollowerInfo (FollowerInfoImpl.java:lambda$new$1(49)) - s0@group-DBBE7E7C6C61->s1: commitIndex: updateToMax old=1, new=1, updated? false
2022-08-02 21:05:57,600 [grpc-default-executor-0] DEBUG leader.FollowerInfo (FollowerInfoImpl.java:lambda$new$1(49)) - s0@group-DBBE7E7C6C61->s1: matchIndex: updateToMax old=2, new=-1, updated? false
2022-08-02 21:05:57,600 [grpc-default-executor-0] DEBUG leader.FollowerInfo (FollowerInfoImpl.java:lambda$new$1(49)) - s0@group-DBBE7E7C6C61->s2: commitIndex: updateToMax old=1, new=1, updated? false
2022-08-02 21:05:57,600 [grpc-default-executor-0] DEBUG leader.FollowerInfo (FollowerInfoImpl.java:lambda$new$1(49)) - s0@group-DBBE7E7C6C61->s2: matchIndex: updateToMax old=2, new=-1, updated? false
2022-08-02 21:05:57,601 [grpc-default-executor-3] DEBUG leader.FollowerInfo (FollowerInfoImpl.java:lambda$new$1(49)) - s0@group-DBBE7E7C6C61->s1: commitIndex: updateToMax old=1, new=1, updated? false
2022-08-02 21:05:57,601 [grpc-default-executor-3] DEBUG leader.FollowerInfo (FollowerInfoImpl.java:lambda$new$1(49)) - s0@group-DBBE7E7C6C61->s1: matchIndex: updateToMax old=2, new=-1, updated? false
2022-08-02 21:05:57,602 [grpc-default-executor-0] DEBUG leader.FollowerInfo (FollowerInfoImpl.java:lambda$new$1(49)) - s0@group-DBBE7E7C6C61->s2: commitIndex: updateToMax old=1, new=1, updated? false
2022-08-02 21:05:57,602 [grpc-default-executor-0] DEBUG leader.FollowerInfo (FollowerInfoImpl.java:lambda$new$1(49)) - s0@group-DBBE7E7C6C61->s2: matchIndex: updateToMax old=2, new=-1, updated? false
2022-08-02 21:05:57,602 [grpc-default-executor-3] DEBUG leader.FollowerInfo (FollowerInfoImpl.java:lambda$new$1(49)) - s0@group-DBBE7E7C6C61->s1: commitIndex: updateToMax old=1, new=1, updated? false
2022-08-02 21:05:57,602 [grpc-default-executor-3] DEBUG leader.FollowerInfo (FollowerInfoImpl.java:lambda$new$1(49)) - s0@group-DBBE7E7C6C61->s1: matchIndex: updateToMax old=2, new=-1, updated? false
2022-08-02 21:05:57,603 [grpc-default-executor-3] DEBUG leader.FollowerInfo (FollowerInfoImpl.java:lambda$new$1(49)) - s0@group-DBBE7E7C6C61->s2: commitIndex: updateToMax old=1, new=1, updated? false
2022-08-02 21:05:57,603 [grpc-default-executor-3] DEBUG leader.FollowerInfo (FollowerInfoImpl.java:lambda$new$1(49)) - s0@group-DBBE7E7C6C61->s2: matchIndex: updateToMax old=2, new=-1, updated? false
2022-08-02 21:05:57,603 [grpc-default-executor-0] DEBUG leader.FollowerInfo (FollowerInfoImpl.java:lambda$new$1(49)) - s0@group-DBBE7E7C6C61->s1: commitIndex: updateToMax old=1, new=1, updated? false
2022-08-02 21:05:57,603 [grpc-default-executor-0] DEBUG leader.FollowerInfo (FollowerInfoImpl.java:lambda$new$1(49)) - s0@group-DBBE7E7C6C61->s1: matchIndex: updateToMax old=2, new=-1, updated? false
2022-08-02 21:05:57,604 [grpc-default-executor-0] DEBUG leader.FollowerInfo (FollowerInfoImpl.java:lambda$new$1(49)) - s0@group-DBBE7E7C6C61->s2: commitIndex: updateToMax old=1, new=1, updated? false
2022-08-02 21:05:57,604 [grpc-default-executor-0] DEBUG leader.FollowerInfo (FollowerInfoImpl.java:lambda$new$1(49)) - s0@group-DBBE7E7C6C61->s2: matchIndex: updateToMax old=2, new=-1, updated? false
2022-08-02 21:05:57,605 [grpc-default-executor-3] DEBUG leader.FollowerInfo (FollowerInfoImpl.java:lambda$new$1(49)) - s0@group-DBBE7E7C6C61->s1: commitIndex: updateToMax old=1, new=1, updated? false
2022-08-02 21:05:57,605 [grpc-default-executor-3] DEBUG leader.FollowerInfo (FollowerInfoImpl.java:lambda$new$1(49)) - s0@group-DBBE7E7C6C61->s1: matchIndex: updateToMax old=2, new=-1, updated? false
2022-08-02 21:05:57,605 [grpc-default-executor-3] DEBUG leader.FollowerInfo (FollowerInfoImpl.java:lambda$new$1(49)) - s0@group-DBBE7E7C6C61->s2: commitIndex: updateToMax old=1, new=1, updated? false
2022-08-02 21:05:57,605 [grpc-default-executor-3] DEBUG leader.FollowerInfo (FollowerInfoImpl.java:lambda$new$1(49)) - s0@group-DBBE7E7C6C61->s2: matchIndex: updateToMax old=2, new=-1, updated? false
2022-08-02 21:05:57,606 [grpc-default-executor-0] DEBUG leader.FollowerInfo (FollowerInfoImpl.java:lambda$new$1(49)) - s0@group-DBBE7E7C6C61->s1: commitIndex: updateToMax old=1, new=1, updated? false
2022-08-02 21:05:57,606 [grpc-default-executor-0] DEBUG leader.FollowerInfo (FollowerInfoImpl.java:lambda$new$1(49)) - s0@group-DBBE7E7C6C61->s1: matchIndex: updateToMax old=2, new=-1, updated? false
2022-08-02 21:05:57,606 [grpc-default-executor-0] DEBUG leader.FollowerInfo (FollowerInfoImpl.java:lambda$new$1(49)) - s0@group-DBBE7E7C6C61->s2: commitIndex: updateToMax old=1, new=1, updated? false
2022-08-02 21:05:57,606 [grpc-default-executor-0] DEBUG leader.FollowerInfo (FollowerInfoImpl.java:lambda$new$1(49)) - s0@group-DBBE7E7C6C61->s2: matchIndex: updateToMax old=2, new=-1, updated? false
2022-08-02 21:05:57,607 [grpc-default-executor-3] DEBUG leader.FollowerInfo (FollowerInfoImpl.java:lambda$new$1(49)) - s0@group-DBBE7E7C6C61->s1: commitIndex: updateToMax old=1, new=1, updated? false
2022-08-02 21:05:57,607 [grpc-default-executor-3] DEBUG leader.FollowerInfo (FollowerInfoImpl.java:lambda$new$1(49)) - s0@group-DBBE7E7C6C61->s1: matchIndex: updateToMax old=2, new=-1, updated? false
2022-08-02 21:05:57,607 [grpc-default-executor-3] DEBUG leader.FollowerInfo (FollowerInfoImpl.java:lambda$new$1(49)) - s0@group-DBBE7E7C6C61->s2: commitIndex: updateToMax old=1, new=1, updated? false
2022-08-02 21:05:57,607 [grpc-default-executor-3] DEBUG leader.FollowerInfo (FollowerInfoImpl.java:lambda$new$1(49)) - s0@group-DBBE7E7C6C61->s2: matchIndex: updateToMax old=2, new=-1, updated? false
2022-08-02 21:05:57,608 [grpc-default-executor-0] DEBUG leader.FollowerInfo (FollowerInfoImpl.java:lambda$new$1(49)) - s0@group-DBBE7E7C6C61->s1: commitIndex: updateToMax old=1, new=1, updated? false
2022-08-02 21:05:57,608 [grpc-default-executor-0] DEBUG leader.FollowerInfo (FollowerInfoImpl.java:lambda$new$1(49)) - s0@group-DBBE7E7C6C61->s1: matchIndex: updateToMax old=2, new=-1, updated? false
2022-08-02 21:05:57,609 [grpc-default-executor-0] DEBUG leader.FollowerInfo (FollowerInfoImpl.java:lambda$new$1(49)) - s0@group-DBBE7E7C6C61->s2: commitIndex: updateToMax old=1, new=1, updated? false
2022-08-02 21:05:57,609 [grpc-default-executor-0] DEBUG leader.FollowerInfo (FollowerInfoImpl.java:lambda$new$1(49)) - s0@group-DBBE7E7C6C61->s2: matchIndex: updateToMax old=2, new=-1, updated? false
2022-08-02 21:05:57,609 [grpc-default-executor-3] DEBUG leader.FollowerInfo (FollowerInfoImpl.java:lambda$new$1(49)) - s0@group-DBBE7E7C6C61->s1: commitIndex: updateToMax old=1, new=1, updated? false
2022-08-02 21:05:57,609 [grpc-default-executor-3] DEBUG leader.FollowerInfo (FollowerInfoImpl.java:lambda$new$1(49)) - s0@group-DBBE7E7C6C61->s1: matchIndex: updateToMax old=2, new=-1, updated? false
2022-08-02 21:05:57,610 [grpc-default-executor-3] DEBUG leader.FollowerInfo (FollowerInfoImpl.java:lambda$new$1(49)) - s0@group-DBBE7E7C6C61->s2: commitIndex: updateToMax old=1, new=1, updated? false
2022-08-02 21:05:57,610 [grpc-default-executor-3] DEBUG leader.FollowerInfo (FollowerInfoImpl.java:lambda$new$1(49)) - s0@group-DBBE7E7C6C61->s2: matchIndex: updateToMax old=2, new=-1, updated? false
2022-08-02 21:05:57,610 [grpc-default-executor-0] DEBUG leader.FollowerInfo (FollowerInfoImpl.java:lambda$new$1(49)) - s0@group-DBBE7E7C6C61->s1: commitIndex: updateToMax old=1, new=1, updated? false
2022-08-02 21:05:57,610 [grpc-default-executor-0] DEBUG leader.FollowerInfo (FollowerInfoImpl.java:lambda$new$1(49)) - s0@group-DBBE7E7C6C61->s1: matchIndex: updateToMax old=2, new=-1, updated? false
2022-08-02 21:05:57,611 [grpc-default-executor-0] DEBUG leader.FollowerInfo (FollowerInfoImpl.java:lambda$new$1(49)) - s0@group-DBBE7E7C6C61->s2: commitIndex: updateToMax old=1, new=1, updated? false
2022-08-02 21:05:57,611 [grpc-default-executor-0] DEBUG leader.FollowerInfo (FollowerInfoImpl.java:lambda$new$1(49)) - s0@group-DBBE7E7C6C61->s2: matchIndex: updateToMax old=2, new=-1, updated? false
2022-08-02 21:05:57,612 [grpc-default-executor-3] DEBUG leader.FollowerInfo (FollowerInfoImpl.java:lambda$new$1(49)) - s0@group-DBBE7E7C6C61->s1: commitIndex: updateToMax old=1, new=1, updated? false
2022-08-02 21:05:57,612 [grpc-default-executor-3] DEBUG leader.FollowerInfo (FollowerInfoImpl.java:lambda$new$1(49)) - s0@group-DBBE7E7C6C61->s1: matchIndex: updateToMax old=2, new=-1, updated? false
2022-08-02 21:05:57,612 [grpc-default-executor-3] DEBUG leader.FollowerInfo (FollowerInfoImpl.java:lambda$new$1(49)) - s0@group-DBBE7E7C6C61->s2: commitIndex: updateToMax old=1, new=1, updated? false
2022-08-02 21:05:57,612 [grpc-default-executor-3] DEBUG leader.FollowerInfo (FollowerInfoImpl.java:lambda$new$1(49)) - s0@group-DBBE7E7C6C61->s2: matchIndex: updateToMax old=2, new=-1, updated? false
2022-08-02 21:05:57,613 [grpc-default-executor-0] DEBUG leader.FollowerInfo (FollowerInfoImpl.java:lambda$new$1(49)) - s0@group-DBBE7E7C6C61->s1: commitIndex: updateToMax old=1, new=1, updated? false
2022-08-02 21:05:57,613 [grpc-default-executor-0] DEBUG leader.FollowerInfo (FollowerInfoImpl.java:lambda$new$1(49)) - s0@group-DBBE7E7C6C61->s1: matchIndex: updateToMax old=2, new=-1, updated? false
2022-08-02 21:05:57,613 [grpc-default-executor-0] DEBUG leader.FollowerInfo (FollowerInfoImpl.java:lambda$new$1(49)) - s0@group-DBBE7E7C6C61->s2: commitIndex: updateToMax old=1, new=1, updated? false
2022-08-02 21:05:57,613 [grpc-default-executor-0] DEBUG leader.FollowerInfo (FollowerInfoImpl.java:lambda$new$1(49)) - s0@group-DBBE7E7C6C61->s2: matchIndex: updateToMax old=2, new=-1, updated? false
2022-08-02 21:05:57,614 [grpc-default-executor-3] DEBUG leader.FollowerInfo (FollowerInfoImpl.java:lambda$new$1(49)) - s0@group-DBBE7E7C6C61->s1: commitIndex: updateToMax old=1, new=1, updated? false
2022-08-02 21:05:57,614 [grpc-default-executor-3] DEBUG leader.FollowerInfo (FollowerInfoImpl.java:lambda$new$1(49)) - s0@group-DBBE7E7C6C61->s1: matchIndex: updateToMax old=2, new=-1, updated? false
2022-08-02 21:05:57,614 [grpc-default-executor-3] DEBUG leader.FollowerInfo (FollowerInfoImpl.java:lambda$new$1(49)) - s0@group-DBBE7E7C6C61->s2: commitIndex: updateToMax old=1, new=1, updated? false
2022-08-02 21:05:57,614 [grpc-default-executor-3] DEBUG leader.FollowerInfo (FollowerInfoImpl.java:lambda$new$1(49)) - s0@group-DBBE7E7C6C61->s2: matchIndex: updateToMax old=2, new=-1, updated? false
2022-08-02 21:05:57,615 [grpc-default-executor-0] DEBUG leader.FollowerInfo (FollowerInfoImpl.java:lambda$new$1(49)) - s0@group-DBBE7E7C6C61->s1: commitIndex: updateToMax old=1, new=1, updated? false
2022-08-02 21:05:57,615 [grpc-default-executor-0] DEBUG leader.FollowerInfo (FollowerInfoImpl.java:lambda$new$1(49)) - s0@group-DBBE7E7C6C61->s1: matchIndex: updateToMax old=2, new=-1, updated? false
2022-08-02 21:05:57,615 [grpc-default-executor-3] DEBUG leader.FollowerInfo (FollowerInfoImpl.java:lambda$new$1(49)) - s0@group-DBBE7E7C6C61->s2: commitIndex: updateToMax old=1, new=1, updated? false
2022-08-02 21:05:57,616 [grpc-default-executor-3] DEBUG leader.FollowerInfo (FollowerInfoImpl.java:lambda$new$1(49)) - s0@group-DBBE7E7C6C61->s2: matchIndex: updateToMax old=2, new=-1, updated? false
2022-08-02 21:05:57,616 [grpc-default-executor-0] DEBUG leader.FollowerInfo (FollowerInfoImpl.java:lambda$new$1(49)) - s0@group-DBBE7E7C6C61->s1: commitIndex: updateToMax old=1, new=1, updated? false
2022-08-02 21:05:57,616 [grpc-default-executor-0] DEBUG leader.FollowerInfo (FollowerInfoImpl.java:lambda$new$1(49)) - s0@group-DBBE7E7C6C61->s1: matchIndex: updateToMax old=2, new=-1, updated? false
2022-08-02 21:05:57,617 [grpc-default-executor-3] DEBUG leader.FollowerInfo (FollowerInfoImpl.java:lambda$new$1(49)) - s0@group-DBBE7E7C6C61->s2: commitIndex: updateToMax old=1, new=1, updated? false
2022-08-02 21:05:57,617 [grpc-default-executor-3] DEBUG leader.FollowerInfo (FollowerInfoImpl.java:lambda$new$1(49)) - s0@group-DBBE7E7C6C61->s2: matchIndex: updateToMax old=2, new=-1, updated? false
2022-08-02 21:05:57,617 [grpc-default-executor-0] DEBUG leader.FollowerInfo (FollowerInfoImpl.java:lambda$new$1(49)) - s0@group-DBBE7E7C6C61->s1: commitIndex: updateToMax old=1, new=1, updated? false
2022-08-02 21:05:57,617 [grpc-default-executor-0] DEBUG leader.FollowerInfo (FollowerInfoImpl.java:lambda$new$1(49)) - s0@group-DBBE7E7C6C61->s1: matchIndex: updateToMax old=2, new=-1, updated? false
2022-08-02 21:05:57,618 [grpc-default-executor-3] DEBUG leader.FollowerInfo (FollowerInfoImpl.java:lambda$new$1(49)) - s0@group-DBBE7E7C6C61->s2: commitIndex: updateToMax old=1, new=1, updated? false
2022-08-02 21:05:57,618 [grpc-default-executor-3] DEBUG leader.FollowerInfo (FollowerInfoImpl.java:lambda$new$1(49)) - s0@group-DBBE7E7C6C61->s2: matchIndex: updateToMax old=2, new=-1, updated? false
2022-08-02 21:05:57,619 [grpc-default-executor-0] DEBUG leader.FollowerInfo (FollowerInfoImpl.java:lambda$new$1(49)) - s0@group-DBBE7E7C6C61->s1: commitIndex: updateToMax old=1, new=1, updated? false
2022-08-02 21:05:57,619 [grpc-default-executor-0] DEBUG leader.FollowerInfo (FollowerInfoImpl.java:lambda$new$1(49)) - s0@group-DBBE7E7C6C61->s1: matchIndex: updateToMax old=2, new=-1, updated? false
2022-08-02 21:05:57,619 [grpc-default-executor-3] DEBUG leader.FollowerInfo (FollowerInfoImpl.java:lambda$new$1(49)) - s0@group-DBBE7E7C6C61->s2: commitIndex: updateToMax old=1, new=1, updated? false
2022-08-02 21:05:57,619 [grpc-default-executor-3] DEBUG leader.FollowerInfo (FollowerInfoImpl.java:lambda$new$1(49)) - s0@group-DBBE7E7C6C61->s2: matchIndex: updateToMax old=2, new=-1, updated? false
2022-08-02 21:05:57,620 [grpc-default-executor-0] DEBUG leader.FollowerInfo (FollowerInfoImpl.java:lambda$new$1(49)) - s0@group-DBBE7E7C6C61->s1: commitIndex: updateToMax old=1, new=1, updated? false
2022-08-02 21:05:57,620 [grpc-default-executor-0] DEBUG leader.FollowerInfo (FollowerInfoImpl.java:lambda$new$1(49)) - s0@group-DBBE7E7C6C61->s1: matchIndex: updateToMax old=2, new=-1, updated? false
2022-08-02 21:05:57,620 [grpc-default-executor-3] DEBUG leader.FollowerInfo (FollowerInfoImpl.java:lambda$new$1(49)) - s0@group-DBBE7E7C6C61->s2: commitIndex: updateToMax old=1, new=1, updated? false
2022-08-02 21:05:57,620 [grpc-default-executor-3] DEBUG leader.FollowerInfo (FollowerInfoImpl.java:lambda$new$1(49)) - s0@group-DBBE7E7C6C61->s2: matchIndex: updateToMax old=2, new=-1, updated? false
2022-08-02 21:05:57,621 [grpc-default-executor-0] DEBUG leader.FollowerInfo (FollowerInfoImpl.java:lambda$new$1(49)) - s0@group-DBBE7E7C6C61->s1: commitIndex: updateToMax old=1, new=1, updated? false
2022-08-02 21:05:57,621 [grpc-default-executor-0] DEBUG leader.FollowerInfo (FollowerInfoImpl.java:lambda$new$1(49)) - s0@group-DBBE7E7C6C61->s1: matchIndex: updateToMax old=2, new=-1, updated? false
2022-08-02 21:05:57,622 [grpc-default-executor-0] DEBUG leader.FollowerInfo (FollowerInfoImpl.java:lambda$new$1(49)) - s0@group-DBBE7E7C6C61->s2: commitIndex: updateToMax old=1, new=1, updated? false
2022-08-02 21:05:57,622 [grpc-default-executor-0] DEBUG leader.FollowerInfo (FollowerInfoImpl.java:lambda$new$1(49)) - s0@group-DBBE7E7C6C61->s2: matchIndex: updateToMax old=2, new=-1, updated? false
2022-08-02 21:05:57,622 [grpc-default-executor-3] DEBUG leader.FollowerInfo (FollowerInfoImpl.java:lambda$new$1(49)) - s0@group-DBBE7E7C6C61->s1: commitIndex: updateToMax old=1, new=1, updated? false
2022-08-02 21:05:57,622 [grpc-default-executor-3] DEBUG leader.FollowerInfo (FollowerInfoImpl.java:lambda$new$1(49)) - s0@group-DBBE7E7C6C61->s1: matchIndex: updateToMax old=2, new=-1, updated? false
2022-08-02 21:05:57,623 [grpc-default-executor-0] DEBUG leader.FollowerInfo (FollowerInfoImpl.java:lambda$new$1(49)) - s0@group-DBBE7E7C6C61->s2: commitIndex: updateToMax old=1, new=1, updated? false
2022-08-02 21:05:57,623 [grpc-default-executor-0] DEBUG leader.FollowerInfo (FollowerInfoImpl.java:lambda$new$1(49)) - s0@group-DBBE7E7C6C61->s2: matchIndex: updateToMax old=2, new=-1, updated? false
2022-08-02 21:05:57,623 [grpc-default-executor-3] DEBUG leader.FollowerInfo (FollowerInfoImpl.java:lambda$new$1(49)) - s0@group-DBBE7E7C6C61->s1: commitIndex: updateToMax old=1, new=1, updated? false
2022-08-02 21:05:57,623 [grpc-default-executor-3] DEBUG leader.FollowerInfo (FollowerInfoImpl.java:lambda$new$1(49)) - s0@group-DBBE7E7C6C61->s1: matchIndex: updateToMax old=2, new=-1, updated? false
2022-08-02 21:05:57,624 [grpc-default-executor-3] DEBUG leader.FollowerInfo (FollowerInfoImpl.java:lambda$new$1(49)) - s0@group-DBBE7E7C6C61->s2: commitIndex: updateToMax old=1, new=1, updated? false
2022-08-02 21:05:57,624 [grpc-default-executor-3] DEBUG leader.FollowerInfo (FollowerInfoImpl.java:lambda$new$1(49)) - s0@group-DBBE7E7C6C61->s2: matchIndex: updateToMax old=2, new=-1, updated? false
2022-08-02 21:05:57,624 [grpc-default-executor-0] DEBUG leader.FollowerInfo (FollowerInfoImpl.java:lambda$new$1(49)) - s0@group-DBBE7E7C6C61->s1: commitIndex: updateToMax old=1, new=1, updated? false
2022-08-02 21:05:57,625 [grpc-default-executor-0] DEBUG leader.FollowerInfo (FollowerInfoImpl.java:lambda$new$1(49)) - s0@group-DBBE7E7C6C61->s1: matchIndex: updateToMax old=2, new=-1, updated? false
2022-08-02 21:05:57,625 [grpc-default-executor-3] DEBUG leader.FollowerInfo (FollowerInfoImpl.java:lambda$new$1(49)) - s0@group-DBBE7E7C6C61->s2: commitIndex: updateToMax old=1, new=1, updated? false
2022-08-02 21:05:57,625 [grpc-default-executor-3] DEBUG leader.FollowerInfo (FollowerInfoImpl.java:lambda$new$1(49)) - s0@group-DBBE7E7C6C61->s2: matchIndex: updateToMax old=2, new=-1, updated? false
2022-08-02 21:05:57,626 [grpc-default-executor-0] DEBUG leader.FollowerInfo (FollowerInfoImpl.java:lambda$new$1(49)) - s0@group-DBBE7E7C6C61->s1: commitIndex: updateToMax old=1, new=1, updated? false
2022-08-02 21:05:57,626 [grpc-default-executor-0] DEBUG leader.FollowerInfo (FollowerInfoImpl.java:lambda$new$1(49)) - s0@group-DBBE7E7C6C61->s1: matchIndex: updateToMax old=2, new=-1, updated? false
2022-08-02 21:05:57,626 [grpc-default-executor-3] DEBUG leader.FollowerInfo (FollowerInfoImpl.java:lambda$new$1(49)) - s0@group-DBBE7E7C6C61->s2: commitIndex: updateToMax old=1, new=1, updated? false
2022-08-02 21:05:57,626 [grpc-default-executor-3] DEBUG leader.FollowerInfo (FollowerInfoImpl.java:lambda$new$1(49)) - s0@group-DBBE7E7C6C61->s2: matchIndex: updateToMax old=2, new=-1, updated? false
2022-08-02 21:05:57,627 [grpc-default-executor-0] DEBUG leader.FollowerInfo (FollowerInfoImpl.java:lambda$new$1(49)) - s0@group-DBBE7E7C6C61->s1: commitIndex: updateToMax old=1, new=1, updated? false
2022-08-02 21:05:57,627 [grpc-default-executor-0] DEBUG leader.FollowerInfo (FollowerInfoImpl.java:lambda$new$1(49)) - s0@group-DBBE7E7C6C61->s1: matchIndex: updateToMax old=2, new=-1, updated? false
2022-08-02 21:05:57,627 [grpc-default-executor-0] DEBUG leader.FollowerInfo (FollowerInfoImpl.java:lambda$new$1(49)) - s0@group-DBBE7E7C6C61->s2: commitIndex: updateToMax old=1, new=1, updated? false
2022-08-02 21:05:57,627 [grpc-default-executor-0] DEBUG leader.FollowerInfo (FollowerInfoImpl.java:lambda$new$1(49)) - s0@group-DBBE7E7C6C61->s2: matchIndex: updateToMax old=2, new=-1, updated? false
2022-08-02 21:05:57,628 [grpc-default-executor-3] DEBUG leader.FollowerInfo (FollowerInfoImpl.java:lambda$new$1(49)) - s0@group-DBBE7E7C6C61->s1: commitIndex: updateToMax old=1, new=1, updated? false
2022-08-02 21:05:57,628 [grpc-default-executor-3] DEBUG leader.FollowerInfo (FollowerInfoImpl.java:lambda$new$1(49)) - s0@group-DBBE7E7C6C61->s1: matchIndex: updateToMax old=2, new=-1, updated? false
2022-08-02 21:05:57,628 [grpc-default-executor-3] DEBUG leader.FollowerInfo (FollowerInfoImpl.java:lambda$new$1(49)) - s0@group-DBBE7E7C6C61->s2: commitIndex: updateToMax old=1, new=1, updated? false
2022-08-02 21:05:57,628 [grpc-default-executor-3] DEBUG leader.FollowerInfo (FollowerInfoImpl.java:lambda$new$1(49)) - s0@group-DBBE7E7C6C61->s2: matchIndex: updateToMax old=2, new=-1, updated? false
2022-08-02 21:05:57,629 [grpc-default-executor-0] DEBUG leader.FollowerInfo (FollowerInfoImpl.java:lambda$new$1(49)) - s0@group-DBBE7E7C6C61->s1: commitIndex: updateToMax old=1, new=1, updated? false
2022-08-02 21:05:57,629 [grpc-default-executor-0] DEBUG leader.FollowerInfo (FollowerInfoImpl.java:lambda$new$1(49)) - s0@group-DBBE7E7C6C61->s1: matchIndex: updateToMax old=2, new=-1, updated? false
2022-08-02 21:05:57,630 [grpc-default-executor-3] DEBUG leader.FollowerInfo (FollowerInfoImpl.java:lambda$new$1(49)) - s0@group-DBBE7E7C6C61->s2: commitIndex: updateToMax old=1, new=1, updated? false
2022-08-02 21:05:57,630 [grpc-default-executor-3] DEBUG leader.FollowerInfo (FollowerInfoImpl.java:lambda$new$1(49)) - s0@group-DBBE7E7C6C61->s2: matchIndex: updateToMax old=2, new=-1, updated? false
2022-08-02 21:05:57,630 [grpc-default-executor-0] DEBUG leader.FollowerInfo (FollowerInfoImpl.java:lambda$new$1(49)) - s0@group-DBBE7E7C6C61->s1: commitIndex: updateToMax old=1, new=1, updated? false
2022-08-02 21:05:57,630 [grpc-default-executor-0] DEBUG leader.FollowerInfo (FollowerInfoImpl.java:lambda$new$1(49)) - s0@group-DBBE7E7C6C61->s1: matchIndex: updateToMax old=2, new=-1, updated? false
2022-08-02 21:05:57,631 [grpc-default-executor-3] DEBUG leader.FollowerInfo (FollowerInfoImpl.java:lambda$new$1(49)) - s0@group-DBBE7E7C6C61->s2: commitIndex: updateToMax old=1, new=1, updated? false
2022-08-02 21:05:57,631 [grpc-default-executor-3] DEBUG leader.FollowerInfo (FollowerInfoImpl.java:lambda$new$1(49)) - s0@group-DBBE7E7C6C61->s2: matchIndex: updateToMax old=2, new=-1, updated? false
2022-08-02 21:05:57,631 [grpc-default-executor-0] DEBUG leader.FollowerInfo (FollowerInfoImpl.java:lambda$new$1(49)) - s0@group-DBBE7E7C6C61->s1: commitIndex: updateToMax old=1, new=1, updated? false
2022-08-02 21:05:57,632 [grpc-default-executor-0] DEBUG leader.FollowerInfo (FollowerInfoImpl.java:lambda$new$1(49)) - s0@group-DBBE7E7C6C61->s1: matchIndex: updateToMax old=2, new=-1, updated? false
2022-08-02 21:05:57,632 [grpc-default-executor-3] DEBUG leader.FollowerInfo (FollowerInfoImpl.java:lambda$new$1(49)) - s0@group-DBBE7E7C6C61->s2: commitIndex: updateToMax old=1, new=1, updated? false
2022-08-02 21:05:57,632 [grpc-default-executor-3] DEBUG leader.FollowerInfo (FollowerInfoImpl.java:lambda$new$1(49)) - s0@group-DBBE7E7C6C61->s2: matchIndex: updateToMax old=2, new=-1, updated? false
2022-08-02 21:05:57,633 [grpc-default-executor-0] DEBUG leader.FollowerInfo (FollowerInfoImpl.java:lambda$new$1(49)) - s0@group-DBBE7E7C6C61->s1: commitIndex: updateToMax old=1, new=1, updated? false
2022-08-02 21:05:57,633 [grpc-default-executor-0] DEBUG leader.FollowerInfo (FollowerInfoImpl.java:lambda$new$1(49)) - s0@group-DBBE7E7C6C61->s1: matchIndex: updateToMax old=2, new=-1, updated? false
2022-08-02 21:05:57,633 [grpc-default-executor-3] DEBUG leader.FollowerInfo (FollowerInfoImpl.java:lambda$new$1(49)) - s0@group-DBBE7E7C6C61->s2: commitIndex: updateToMax old=1, new=1, updated? false
2022-08-02 21:05:57,633 [grpc-default-executor-3] DEBUG leader.FollowerInfo (FollowerInfoImpl.java:lambda$new$1(49)) - s0@group-DBBE7E7C6C61->s2: matchIndex: updateToMax old=2, new=-1, updated? false
2022-08-02 21:05:57,634 [grpc-default-executor-0] DEBUG leader.FollowerInfo (FollowerInfoImpl.java:lambda$new$1(49)) - s0@group-DBBE7E7C6C61->s1: commitIndex: updateToMax old=1, new=1, updated? false
2022-08-02 21:05:57,634 [grpc-default-executor-0] DEBUG leader.FollowerInfo (FollowerInfoImpl.java:lambda$new$1(49)) - s0@group-DBBE7E7C6C61->s1: matchIndex: updateToMax old=2, new=-1, updated? false
2022-08-02 21:05:57,634 [grpc-default-executor-3] DEBUG leader.FollowerInfo (FollowerInfoImpl.java:lambda$new$1(49)) - s0@group-DBBE7E7C6C61->s2: commitIndex: updateToMax old=1, new=1, updated? false
2022-08-02 21:05:57,634 [grpc-default-executor-3] DEBUG leader.FollowerInfo (FollowerInfoImpl.java:lambda$new$1(49)) - s0@group-DBBE7E7C6C61->s2: matchIndex: updateToMax old=2, new=-1, updated? false
2022-08-02 21:05:57,635 [grpc-default-executor-0] DEBUG leader.FollowerInfo (FollowerInfoImpl.java:lambda$new$1(49)) - s0@group-DBBE7E7C6C61->s1: commitIndex: updateToMax old=1, new=1, updated? false
2022-08-02 21:05:57,635 [grpc-default-executor-0] DEBUG leader.FollowerInfo (FollowerInfoImpl.java:lambda$new$1(49)) - s0@group-DBBE7E7C6C61->s1: matchIndex: updateToMax old=2, new=-1, updated? false
2022-08-02 21:05:57,635 [grpc-default-executor-3] DEBUG leader.FollowerInfo (FollowerInfoImpl.java:lambda$new$1(49)) - s0@group-DBBE7E7C6C61->s2: commitIndex: updateToMax old=1, new=1, updated? false
2022-08-02 21:05:57,636 [grpc-default-executor-3] DEBUG leader.FollowerInfo (FollowerInfoImpl.java:lambda$new$1(49)) - s0@group-DBBE7E7C6C61->s2: matchIndex: updateToMax old=2, new=-1, updated? false
2022-08-02 21:05:57,636 [grpc-default-executor-0] DEBUG leader.FollowerInfo (FollowerInfoImpl.java:lambda$new$1(49)) - s0@group-DBBE7E7C6C61->s1: commitIndex: updateToMax old=1, new=1, updated? false
2022-08-02 21:05:57,636 [grpc-default-executor-0] DEBUG leader.FollowerInfo (FollowerInfoImpl.java:lambda$new$1(49)) - s0@group-DBBE7E7C6C61->s1: matchIndex: updateToMax old=2, new=-1, updated? false
2022-08-02 21:05:57,637 [grpc-default-executor-0] DEBUG leader.FollowerInfo (FollowerInfoImpl.java:lambda$new$1(49)) - s0@group-DBBE7E7C6C61->s2: commitIndex: updateToMax old=1, new=1, updated? false
2022-08-02 21:05:57,637 [grpc-default-executor-0] DEBUG leader.FollowerInfo (FollowerInfoImpl.java:lambda$new$1(49)) - s0@group-DBBE7E7C6C61->s2: matchIndex: updateToMax old=2, new=-1, updated? false
2022-08-02 21:05:57,637 [grpc-default-executor-3] DEBUG leader.FollowerInfo (FollowerInfoImpl.java:lambda$new$1(49)) - s0@group-DBBE7E7C6C61->s1: commitIndex: updateToMax old=1, new=1, updated? false
2022-08-02 21:05:57,637 [grpc-default-executor-3] DEBUG leader.FollowerInfo (FollowerInfoImpl.java:lambda$new$1(49)) - s0@group-DBBE7E7C6C61->s1: matchIndex: updateToMax old=2, new=-1, updated? false
2022-08-02 21:05:57,638 [grpc-default-executor-0] DEBUG leader.FollowerInfo (FollowerInfoImpl.java:lambda$new$1(49)) - s0@group-DBBE7E7C6C61->s2: commitIndex: updateToMax old=1, new=1, updated? false
2022-08-02 21:05:57,638 [grpc-default-executor-0] DEBUG leader.FollowerInfo (FollowerInfoImpl.java:lambda$new$1(49)) - s0@group-DBBE7E7C6C61->s2: matchIndex: updateToMax old=2, new=-1, updated? false
2022-08-02 21:05:57,638 [grpc-default-executor-3] DEBUG leader.FollowerInfo (FollowerInfoImpl.java:lambda$new$1(49)) - s0@group-DBBE7E7C6C61->s1: commitIndex: updateToMax old=1, new=1, updated? false
2022-08-02 21:05:57,638 [grpc-default-executor-3] DEBUG leader.FollowerInfo (FollowerInfoImpl.java:lambda$new$1(49)) - s0@group-DBBE7E7C6C61->s1: matchIndex: updateToMax old=2, new=-1, updated? false
2022-08-02 21:05:57,639 [grpc-default-executor-0] DEBUG leader.FollowerInfo (FollowerInfoImpl.java:lambda$new$1(49)) - s0@group-DBBE7E7C6C61->s2: commitIndex: updateToMax old=1, new=1, updated? false
2022-08-02 21:05:57,639 [grpc-default-executor-0] DEBUG leader.FollowerInfo (FollowerInfoImpl.java:lambda$new$1(49)) - s0@group-DBBE7E7C6C61->s2: matchIndex: updateToMax old=2, new=-1, updated? false
2022-08-02 21:05:57,640 [grpc-default-executor-3] DEBUG leader.FollowerInfo (FollowerInfoImpl.java:lambda$new$1(49)) - s0@group-DBBE7E7C6C61->s1: commitIndex: updateToMax old=1, new=1, updated? false
2022-08-02 21:05:57,640 [grpc-default-executor-3] DEBUG leader.FollowerInfo (FollowerInfoImpl.java:lambda$new$1(49)) - s0@group-DBBE7E7C6C61->s1: matchIndex: updateToMax old=2, new=-1, updated? false
2022-08-02 21:05:57,640 [grpc-default-executor-0] DEBUG leader.FollowerInfo (FollowerInfoImpl.java:lambda$new$1(49)) - s0@group-DBBE7E7C6C61->s2: commitIndex: updateToMax old=1, new=1, updated? false
2022-08-02 21:05:57,640 [grpc-default-executor-0] DEBUG leader.FollowerInfo (FollowerInfoImpl.java:lambda$new$1(49)) - s0@group-DBBE7E7C6C61->s2: matchIndex: updateToMax old=2, new=-1, updated? false
2022-08-02 21:05:57,641 [grpc-default-executor-3] DEBUG leader.FollowerInfo (FollowerInfoImpl.java:lambda$new$1(49)) - s0@group-DBBE7E7C6C61->s1: commitIndex: updateToMax old=1, new=1, updated? false
2022-08-02 21:05:57,641 [grpc-default-executor-3] DEBUG leader.FollowerInfo (FollowerInfoImpl.java:lambda$new$1(49)) - s0@group-DBBE7E7C6C61->s1: matchIndex: updateToMax old=2, new=-1, updated? false
2022-08-02 21:05:57,641 [grpc-default-executor-0] DEBUG leader.FollowerInfo (FollowerInfoImpl.java:lambda$new$1(49)) - s0@group-DBBE7E7C6C61->s2: commitIndex: updateToMax old=1, new=1, updated? false
2022-08-02 21:05:57,641 [grpc-default-executor-0] DEBUG leader.FollowerInfo (FollowerInfoImpl.java:lambda$new$1(49)) - s0@group-DBBE7E7C6C61->s2: matchIndex: updateToMax old=2, new=-1, updated? false
2022-08-02 21:05:57,642 [grpc-default-executor-3] DEBUG leader.FollowerInfo (FollowerInfoImpl.java:lambda$new$1(49)) - s0@group-DBBE7E7C6C61->s1: commitIndex: updateToMax old=1, new=1, updated? false
2022-08-02 21:05:57,642 [grpc-default-executor-3] DEBUG leader.FollowerInfo (FollowerInfoImpl.java:lambda$new$1(49)) - s0@group-DBBE7E7C6C61->s1: matchIndex: updateToMax old=2, new=-1, updated? false
2022-08-02 21:05:57,642 [grpc-default-executor-0] DEBUG leader.FollowerInfo (FollowerInfoImpl.java:lambda$new$1(49)) - s0@group-DBBE7E7C6C61->s2: commitIndex: updateToMax old=1, new=1, updated? false
2022-08-02 21:05:57,643 [grpc-default-executor-0] DEBUG leader.FollowerInfo (FollowerInfoImpl.java:lambda$new$1(49)) - s0@group-DBBE7E7C6C61->s2: matchIndex: updateToMax old=2, new=-1, updated? false
2022-08-02 21:05:57,643 [grpc-default-executor-3] DEBUG leader.FollowerInfo (FollowerInfoImpl.java:lambda$new$1(49)) - s0@group-DBBE7E7C6C61->s1: commitIndex: updateToMax old=1, new=1, updated? false
2022-08-02 21:05:57,643 [grpc-default-executor-3] DEBUG leader.FollowerInfo (FollowerInfoImpl.java:lambda$new$1(49)) - s0@group-DBBE7E7C6C61->s1: matchIndex: updateToMax old=2, new=-1, updated? false
2022-08-02 21:05:57,644 [grpc-default-executor-0] DEBUG leader.FollowerInfo (FollowerInfoImpl.java:lambda$new$1(49)) - s0@group-DBBE7E7C6C61->s2: commitIndex: updateToMax old=1, new=1, updated? false
2022-08-02 21:05:57,644 [grpc-default-executor-0] DEBUG leader.FollowerInfo (FollowerInfoImpl.java:lambda$new$1(49)) - s0@group-DBBE7E7C6C61->s2: matchIndex: updateToMax old=2, new=-1, updated? false
2022-08-02 21:05:57,645 [grpc-default-executor-3] DEBUG leader.FollowerInfo (FollowerInfoImpl.java:lambda$new$1(49)) - s0@group-DBBE7E7C6C61->s1: commitIndex: updateToMax old=1, new=1, updated? false
2022-08-02 21:05:57,645 [grpc-default-executor-3] DEBUG leader.FollowerInfo (FollowerInfoImpl.java:lambda$new$1(49)) - s0@group-DBBE7E7C6C61->s1: matchIndex: updateToMax old=2, new=-1, updated? false
2022-08-02 21:05:57,645 [grpc-default-executor-0] DEBUG leader.FollowerInfo (FollowerInfoImpl.java:lambda$new$1(49)) - s0@group-DBBE7E7C6C61->s2: commitIndex: updateToMax old=1, new=1, updated? false
2022-08-02 21:05:57,645 [grpc-default-executor-0] DEBUG leader.FollowerInfo (FollowerInfoImpl.java:lambda$new$1(49)) - s0@group-DBBE7E7C6C61->s2: matchIndex: updateToMax old=2, new=-1, updated? false
2022-08-02 21:05:57,646 [grpc-default-executor-3] DEBUG leader.FollowerInfo (FollowerInfoImpl.java:lambda$new$1(49)) - s0@group-DBBE7E7C6C61->s1: commitIndex: updateToMax old=1, new=1, updated? false
2022-08-02 21:05:57,646 [grpc-default-executor-3] DEBUG leader.FollowerInfo (FollowerInfoImpl.java:lambda$new$1(49)) - s0@group-DBBE7E7C6C61->s1: matchIndex: updateToMax old=2, new=-1, updated? false
2022-08-02 21:05:57,647 [grpc-default-executor-0] DEBUG leader.FollowerInfo (FollowerInfoImpl.java:lambda$new$1(49)) - s0@group-DBBE7E7C6C61->s2: commitIndex: updateToMax old=1, new=1, updated? false
2022-08-02 21:05:57,647 [grpc-default-executor-0] DEBUG leader.FollowerInfo (FollowerInfoImpl.java:lambda$new$1(49)) - s0@group-DBBE7E7C6C61->s2: matchIndex: updateToMax old=2, new=-1, updated? false
2022-08-02 21:05:57,647 [grpc-default-executor-3] DEBUG leader.FollowerInfo (FollowerInfoImpl.java:lambda$new$1(49)) - s0@group-DBBE7E7C6C61->s1: commitIndex: updateToMax old=1, new=1, updated? false
2022-08-02 21:05:57,647 [grpc-default-executor-3] DEBUG leader.FollowerInfo (FollowerInfoImpl.java:lambda$new$1(49)) - s0@group-DBBE7E7C6C61->s1: matchIndex: updateToMax old=2, new=-1, updated? false
2022-08-02 21:05:57,648 [grpc-default-executor-3] DEBUG leader.FollowerInfo (FollowerInfoImpl.java:lambda$new$1(49)) - s0@group-DBBE7E7C6C61->s2: commitIndex: updateToMax old=1, new=1, updated? false
2022-08-02 21:05:57,648 [grpc-default-executor-3] DEBUG leader.FollowerInfo (FollowerInfoImpl.java:lambda$new$1(49)) - s0@group-DBBE7E7C6C61->s2: matchIndex: updateToMax old=2, new=-1, updated? false
2022-08-02 21:05:57,648 [grpc-default-executor-0] DEBUG leader.FollowerInfo (FollowerInfoImpl.java:lambda$new$1(49)) - s0@group-DBBE7E7C6C61->s1: commitIndex: updateToMax old=1, new=1, updated? false
2022-08-02 21:05:57,649 [grpc-default-executor-0] DEBUG leader.FollowerInfo (FollowerInfoImpl.java:lambda$new$1(49)) - s0@group-DBBE7E7C6C61->s1: matchIndex: updateToMax old=2, new=-1, updated? false
2022-08-02 21:05:57,649 [grpc-default-executor-3] DEBUG leader.FollowerInfo (FollowerInfoImpl.java:lambda$new$1(49)) - s0@group-DBBE7E7C6C61->s2: commitIndex: updateToMax old=1, new=1, updated? false
2022-08-02 21:05:57,649 [grpc-default-executor-3] DEBUG leader.FollowerInfo (FollowerInfoImpl.java:lambda$new$1(49)) - s0@group-DBBE7E7C6C61->s2: matchIndex: updateToMax old=2, new=-1, updated? false
2022-08-02 21:05:57,650 [grpc-default-executor-0] DEBUG leader.FollowerInfo (FollowerInfoImpl.java:lambda$new$1(49)) - s0@group-DBBE7E7C6C61->s1: commitIndex: updateToMax old=1, new=1, updated? false
2022-08-02 21:05:57,650 [grpc-default-executor-0] DEBUG leader.FollowerInfo (FollowerInfoImpl.java:lambda$new$1(49)) - s0@group-DBBE7E7C6C61->s1: matchIndex: updateToMax old=2, new=-1, updated? false
2022-08-02 21:05:57,650 [grpc-default-executor-3] DEBUG leader.FollowerInfo (FollowerInfoImpl.java:lambda$new$1(49)) - s0@group-DBBE7E7C6C61->s2: commitIndex: updateToMax old=1, new=1, updated? false
2022-08-02 21:05:57,650 [grpc-default-executor-3] DEBUG leader.FollowerInfo (FollowerInfoImpl.java:lambda$new$1(49)) - s0@group-DBBE7E7C6C61->s2: matchIndex: updateToMax old=2, new=-1, updated? false
2022-08-02 21:05:57,651 [grpc-default-executor-0] DEBUG leader.FollowerInfo (FollowerInfoImpl.java:lambda$new$1(49)) - s0@group-DBBE7E7C6C61->s1: commitIndex: updateToMax old=1, new=1, updated? false
2022-08-02 21:05:57,651 [grpc-default-executor-0] DEBUG leader.FollowerInfo (FollowerInfoImpl.java:lambda$new$1(49)) - s0@group-DBBE7E7C6C61->s1: matchIndex: updateToMax old=2, new=-1, updated? false
2022-08-02 21:05:57,651 [grpc-default-executor-3] DEBUG leader.FollowerInfo (FollowerInfoImpl.java:lambda$new$1(49)) - s0@group-DBBE7E7C6C61->s2: commitIndex: updateToMax old=1, new=1, updated? false
2022-08-02 21:05:57,652 [grpc-default-executor-3] DEBUG leader.FollowerInfo (FollowerInfoImpl.java:lambda$new$1(49)) - s0@group-DBBE7E7C6C61->s2: matchIndex: updateToMax old=2, new=-1, updated? false
2022-08-02 21:05:57,652 [grpc-default-executor-0] DEBUG leader.FollowerInfo (FollowerInfoImpl.java:lambda$new$1(49)) - s0@group-DBBE7E7C6C61->s1: commitIndex: updateToMax old=1, new=1, updated? false
2022-08-02 21:05:57,652 [grpc-default-executor-0] DEBUG leader.FollowerInfo (FollowerInfoImpl.java:lambda$new$1(49)) - s0@group-DBBE7E7C6C61->s1: matchIndex: updateToMax old=2, new=-1, updated? false
2022-08-02 21:05:57,653 [grpc-default-executor-3] DEBUG leader.FollowerInfo (FollowerInfoImpl.java:lambda$new$1(49)) - s0@group-DBBE7E7C6C61->s2: commitIndex: updateToMax old=1, new=1, updated? false
2022-08-02 21:05:57,653 [grpc-default-executor-3] DEBUG leader.FollowerInfo (FollowerInfoImpl.java:lambda$new$1(49)) - s0@group-DBBE7E7C6C61->s2: matchIndex: updateToMax old=2, new=-1, updated? false
2022-08-02 21:05:57,653 [grpc-default-executor-0] DEBUG leader.FollowerInfo (FollowerInfoImpl.java:lambda$new$1(49)) - s0@group-DBBE7E7C6C61->s1: commitIndex: updateToMax old=1, new=1, updated? false
2022-08-02 21:05:57,653 [grpc-default-executor-0] DEBUG leader.FollowerInfo (FollowerInfoImpl.java:lambda$new$1(49)) - s0@group-DBBE7E7C6C61->s1: matchIndex: updateToMax old=2, new=-1, updated? false
2022-08-02 21:05:57,654 [grpc-default-executor-3] DEBUG leader.FollowerInfo (FollowerInfoImpl.java:lambda$new$1(49)) - s0@group-DBBE7E7C6C61->s2: commitIndex: updateToMax old=1, new=1, updated? false
2022-08-02 21:05:57,654 [grpc-default-executor-3] DEBUG leader.FollowerInfo (FollowerInfoImpl.java:lambda$new$1(49)) - s0@group-DBBE7E7C6C61->s2: matchIndex: updateToMax old=2, new=-1, updated? false
2022-08-02 21:05:57,654 [grpc-default-executor-0] DEBUG leader.FollowerInfo (FollowerInfoImpl.java:lambda$new$1(49)) - s0@group-DBBE7E7C6C61->s1: commitIndex: updateToMax old=1, new=1, updated? false
2022-08-02 21:05:57,655 [grpc-default-executor-0] DEBUG leader.FollowerInfo (FollowerInfoImpl.java:lambda$new$1(49)) - s0@group-DBBE7E7C6C61->s1: matchIndex: updateToMax old=2, new=-1, updated? false
2022-08-02 21:05:57,655 [grpc-default-executor-3] DEBUG leader.FollowerInfo (FollowerInfoImpl.java:lambda$new$1(49)) - s0@group-DBBE7E7C6C61->s2: commitIndex: updateToMax old=1, new=1, updated? false
2022-08-02 21:05:57,655 [grpc-default-executor-3] DEBUG leader.FollowerInfo (FollowerInfoImpl.java:lambda$new$1(49)) - s0@group-DBBE7E7C6C61->s2: matchIndex: updateToMax old=2, new=-1, updated? false
2022-08-02 21:05:57,656 [grpc-default-executor-0] DEBUG leader.FollowerInfo (FollowerInfoImpl.java:lambda$new$1(49)) - s0@group-DBBE7E7C6C61->s1: commitIndex: updateToMax old=1, new=1, updated? false
2022-08-02 21:05:57,656 [grpc-default-executor-0] DEBUG leader.FollowerInfo (FollowerInfoImpl.java:lambda$new$1(49)) - s0@group-DBBE7E7C6C61->s1: matchIndex: updateToMax old=2, new=-1, updated? false
2022-08-02 21:05:57,656 [grpc-default-executor-3] DEBUG leader.FollowerInfo (FollowerInfoImpl.java:lambda$new$1(49)) - s0@group-DBBE7E7C6C61->s2: commitIndex: updateToMax old=1, new=1, updated? false
2022-08-02 21:05:57,656 [grpc-default-executor-3] DEBUG leader.FollowerInfo (FollowerInfoImpl.java:lambda$new$1(49)) - s0@group-DBBE7E7C6C61->s2: matchIndex: updateToMax old=2, new=-1, updated? false
2022-08-02 21:05:57,657 [grpc-default-executor-0] DEBUG leader.FollowerInfo (FollowerInfoImpl.java:lambda$new$1(49)) - s0@group-DBBE7E7C6C61->s1: commitIndex: updateToMax old=1, new=1, updated? false
2022-08-02 21:05:57,657 [grpc-default-executor-0] DEBUG leader.FollowerInfo (FollowerInfoImpl.java:lambda$new$1(49)) - s0@group-DBBE7E7C6C61->s1: matchIndex: updateToMax old=2, new=-1, updated? false
2022-08-02 21:05:57,657 [grpc-default-executor-3] DEBUG leader.FollowerInfo (FollowerInfoImpl.java:lambda$new$1(49)) - s0@group-DBBE7E7C6C61->s2: commitIndex: updateToMax old=1, new=1, updated? false
2022-08-02 21:05:57,657 [grpc-default-executor-3] DEBUG leader.FollowerInfo (FollowerInfoImpl.java:lambda$new$1(49)) - s0@group-DBBE7E7C6C61->s2: matchIndex: updateToMax old=2, new=-1, updated? false
2022-08-02 21:05:57,658 [grpc-default-executor-0] DEBUG leader.FollowerInfo (FollowerInfoImpl.java:lambda$new$1(49)) - s0@group-DBBE7E7C6C61->s1: commitIndex: updateToMax old=1, new=1, updated? false
2022-08-02 21:05:57,658 [grpc-default-executor-0] DEBUG leader.FollowerInfo (FollowerInfoImpl.java:lambda$new$1(49)) - s0@group-DBBE7E7C6C61->s1: matchIndex: updateToMax old=2, new=-1, updated? false
2022-08-02 21:05:57,658 [grpc-default-executor-0] DEBUG leader.FollowerInfo (FollowerInfoImpl.java:lambda$new$1(49)) - s0@group-DBBE7E7C6C61->s2: commitIndex: updateToMax old=1, new=1, updated? false
2022-08-02 21:05:57,658 [grpc-default-executor-0] DEBUG leader.FollowerInfo (FollowerInfoImpl.java:lambda$new$1(49)) - s0@group-DBBE7E7C6C61->s2: matchIndex: updateToMax old=2, new=-1, updated? false
2022-08-02 21:05:57,659 [grpc-default-executor-3] DEBUG leader.FollowerInfo (FollowerInfoImpl.java:lambda$new$1(49)) - s0@group-DBBE7E7C6C61->s1: commitIndex: updateToMax old=1, new=1, updated? false
2022-08-02 21:05:57,659 [grpc-default-executor-3] DEBUG leader.FollowerInfo (FollowerInfoImpl.java:lambda$new$1(49)) - s0@group-DBBE7E7C6C61->s1: matchIndex: updateToMax old=2, new=-1, updated? false
2022-08-02 21:05:57,660 [grpc-default-executor-0] DEBUG leader.FollowerInfo (FollowerInfoImpl.java:lambda$new$1(49)) - s0@group-DBBE7E7C6C61->s2: commitIndex: updateToMax old=1, new=1, updated? false
2022-08-02 21:05:57,660 [grpc-default-executor-0] DEBUG leader.FollowerInfo (FollowerInfoImpl.java:lambda$new$1(49)) - s0@group-DBBE7E7C6C61->s2: matchIndex: updateToMax old=2, new=-1, updated? false
2022-08-02 21:05:57,660 [grpc-default-executor-3] DEBUG leader.FollowerInfo (FollowerInfoImpl.java:lambda$new$1(49)) - s0@group-DBBE7E7C6C61->s1: commitIndex: updateToMax old=1, new=1, updated? false
2022-08-02 21:05:57,660 [grpc-default-executor-3] DEBUG leader.FollowerInfo (FollowerInfoImpl.java:lambda$new$1(49)) - s0@group-DBBE7E7C6C61->s1: matchIndex: updateToMax old=2, new=-1, updated? false
2022-08-02 21:05:57,661 [grpc-default-executor-0] DEBUG leader.FollowerInfo (FollowerInfoImpl.java:lambda$new$1(49)) - s0@group-DBBE7E7C6C61->s2: commitIndex: updateToMax old=1, new=1, updated? false
2022-08-02 21:05:57,661 [grpc-default-executor-0] DEBUG leader.FollowerInfo (FollowerInfoImpl.java:lambda$new$1(49)) - s0@group-DBBE7E7C6C61->s2: matchIndex: updateToMax old=2, new=-1, updated? false
2022-08-02 21:05:57,661 [grpc-default-executor-3] DEBUG leader.FollowerInfo (FollowerInfoImpl.java:lambda$new$1(49)) - s0@group-DBBE7E7C6C61->s1: commitIndex: updateToMax old=1, new=1, updated? false
2022-08-02 21:05:57,661 [grpc-default-executor-3] DEBUG leader.FollowerInfo (FollowerInfoImpl.java:lambda$new$1(49)) - s0@group-DBBE7E7C6C61->s1: matchIndex: updateToMax old=2, new=-1, updated? false
2022-08-02 21:05:57,662 [grpc-default-executor-0] DEBUG leader.FollowerInfo (FollowerInfoImpl.java:lambda$new$1(49)) - s0@group-DBBE7E7C6C61->s2: commitIndex: updateToMax old=1, new=1, updated? false
2022-08-02 21:05:57,662 [grpc-default-executor-0] DEBUG leader.FollowerInfo (FollowerInfoImpl.java:lambda$new$1(49)) - s0@group-DBBE7E7C6C61->s2: matchIndex: updateToMax old=2, new=-1, updated? false
2022-08-02 21:05:57,663 [grpc-default-executor-3] DEBUG leader.FollowerInfo (FollowerInfoImpl.java:lambda$new$1(49)) - s0@group-DBBE7E7C6C61->s1: commitIndex: updateToMax old=1, new=1, updated? false
2022-08-02 21:05:57,663 [grpc-default-executor-3] DEBUG leader.FollowerInfo (FollowerInfoImpl.java:lambda$new$1(49)) - s0@group-DBBE7E7C6C61->s1: matchIndex: updateToMax old=2, new=-1, updated? false
2022-08-02 21:05:57,663 [grpc-default-executor-3] DEBUG leader.FollowerInfo (FollowerInfoImpl.java:lambda$new$1(49)) - s0@group-DBBE7E7C6C61->s2: commitIndex: updateToMax old=1, new=1, updated? false
2022-08-02 21:05:57,663 [grpc-default-executor-3] DEBUG leader.FollowerInfo (FollowerInfoImpl.java:lambda$new$1(49)) - s0@group-DBBE7E7C6C61->s2: matchIndex: updateToMax old=2, new=-1, updated? false
2022-08-02 21:05:57,664 [grpc-default-executor-0] DEBUG leader.FollowerInfo (FollowerInfoImpl.java:lambda$new$1(49)) - s0@group-DBBE7E7C6C61->s1: commitIndex: updateToMax old=1, new=1, updated? false
2022-08-02 21:05:57,664 [grpc-default-executor-0] DEBUG leader.FollowerInfo (FollowerInfoImpl.java:lambda$new$1(49)) - s0@group-DBBE7E7C6C61->s1: matchIndex: updateToMax old=2, new=-1, updated? false
2022-08-02 21:05:57,664 [grpc-default-executor-3] DEBUG leader.FollowerInfo (FollowerInfoImpl.java:lambda$new$1(49)) - s0@group-DBBE7E7C6C61->s2: commitIndex: updateToMax old=1, new=1, updated? false
2022-08-02 21:05:57,664 [grpc-default-executor-3] DEBUG leader.FollowerInfo (FollowerInfoImpl.java:lambda$new$1(49)) - s0@group-DBBE7E7C6C61->s2: matchIndex: updateToMax old=2, new=-1, updated? false
2022-08-02 21:05:57,665 [grpc-default-executor-0] DEBUG leader.FollowerInfo (FollowerInfoImpl.java:lambda$new$1(49)) - s0@group-DBBE7E7C6C61->s1: commitIndex: updateToMax old=1, new=1, updated? false
2022-08-02 21:05:57,665 [grpc-default-executor-0] DEBUG leader.FollowerInfo (FollowerInfoImpl.java:lambda$new$1(49)) - s0@group-DBBE7E7C6C61->s1: matchIndex: updateToMax old=2, new=-1, updated? false
2022-08-02 21:05:57,665 [grpc-default-executor-3] DEBUG leader.FollowerInfo (FollowerInfoImpl.java:lambda$new$1(49)) - s0@group-DBBE7E7C6C61->s2: commitIndex: updateToMax old=1, new=1, updated? false
2022-08-02 21:05:57,666 [grpc-default-executor-3] DEBUG leader.FollowerInfo (FollowerInfoImpl.java:lambda$new$1(49)) - s0@group-DBBE7E7C6C61->s2: matchIndex: updateToMax old=2, new=-1, updated? false
2022-08-02 21:05:57,666 [grpc-default-executor-0] DEBUG leader.FollowerInfo (FollowerInfoImpl.java:lambda$new$1(49)) - s0@group-DBBE7E7C6C61->s1: commitIndex: updateToMax old=1, new=1, updated? false
2022-08-02 21:05:57,666 [grpc-default-executor-0] DEBUG leader.FollowerInfo (FollowerInfoImpl.java:lambda$new$1(49)) - s0@group-DBBE7E7C6C61->s1: matchIndex: updateToMax old=2, new=-1, updated? false
2022-08-02 21:05:57,667 [grpc-default-executor-0] DEBUG leader.FollowerInfo (FollowerInfoImpl.java:lambda$new$1(49)) - s0@group-DBBE7E7C6C61->s2: commitIndex: updateToMax old=1, new=1, updated? false
2022-08-02 21:05:57,667 [grpc-default-executor-0] DEBUG leader.FollowerInfo (FollowerInfoImpl.java:lambda$new$1(49)) - s0@group-DBBE7E7C6C61->s2: matchIndex: updateToMax old=2, new=-1, updated? false
2022-08-02 21:05:57,667 [grpc-default-executor-3] DEBUG leader.FollowerInfo (FollowerInfoImpl.java:lambda$new$1(49)) - s0@group-DBBE7E7C6C61->s1: commitIndex: updateToMax old=1, new=1, updated? false
2022-08-02 21:05:57,667 [grpc-default-executor-3] DEBUG leader.FollowerInfo (FollowerInfoImpl.java:lambda$new$1(49)) - s0@group-DBBE7E7C6C61->s1: matchIndex: updateToMax old=2, new=-1, updated? false
2022-08-02 21:05:57,668 [grpc-default-executor-3] DEBUG leader.FollowerInfo (FollowerInfoImpl.java:lambda$new$1(49)) - s0@group-DBBE7E7C6C61->s2: commitIndex: updateToMax old=1, new=1, updated? false
2022-08-02 21:05:57,668 [grpc-default-executor-3] DEBUG leader.FollowerInfo (FollowerInfoImpl.java:lambda$new$1(49)) - s0@group-DBBE7E7C6C61->s2: matchIndex: updateToMax old=2, new=-1, updated? false
2022-08-02 21:05:57,669 [grpc-default-executor-0] DEBUG leader.FollowerInfo (FollowerInfoImpl.java:lambda$new$1(49)) - s0@group-DBBE7E7C6C61->s1: commitIndex: updateToMax old=1, new=1, updated? false
2022-08-02 21:05:57,669 [grpc-default-executor-0] DEBUG leader.FollowerInfo (FollowerInfoImpl.java:lambda$new$1(49)) - s0@group-DBBE7E7C6C61->s1: matchIndex: updateToMax old=2, new=-1, updated? false
2022-08-02 21:05:57,669 [grpc-default-executor-0] DEBUG leader.FollowerInfo (FollowerInfoImpl.java:lambda$new$1(49)) - s0@group-DBBE7E7C6C61->s2: commitIndex: updateToMax old=1, new=1, updated? false
2022-08-02 21:05:57,669 [grpc-default-executor-0] DEBUG leader.FollowerInfo (FollowerInfoImpl.java:lambda$new$1(49)) - s0@group-DBBE7E7C6C61->s2: matchIndex: updateToMax old=2, new=-1, updated? false
2022-08-02 21:05:57,670 [grpc-default-executor-3] DEBUG leader.FollowerInfo (FollowerInfoImpl.java:lambda$new$1(49)) - s0@group-DBBE7E7C6C61->s1: commitIndex: updateToMax old=1, new=1, updated? false
2022-08-02 21:05:57,670 [grpc-default-executor-3] DEBUG leader.FollowerInfo (FollowerInfoImpl.java:lambda$new$1(49)) - s0@group-DBBE7E7C6C61->s1: matchIndex: updateToMax old=2, new=-1, updated? false
2022-08-02 21:05:57,670 [grpc-default-executor-3] DEBUG leader.FollowerInfo (FollowerInfoImpl.java:lambda$new$1(49)) - s0@group-DBBE7E7C6C61->s2: commitIndex: updateToMax old=1, new=1, updated? false
2022-08-02 21:05:57,670 [grpc-default-executor-3] DEBUG leader.FollowerInfo (FollowerInfoImpl.java:lambda$new$1(49)) - s0@group-DBBE7E7C6C61->s2: matchIndex: updateToMax old=2, new=-1, updated? false
2022-08-02 21:05:57,671 [grpc-default-executor-0] DEBUG leader.FollowerInfo (FollowerInfoImpl.java:lambda$new$1(49)) - s0@group-DBBE7E7C6C61->s1: commitIndex: updateToMax old=1, new=1, updated? false
2022-08-02 21:05:57,671 [grpc-default-executor-0] DEBUG leader.FollowerInfo (FollowerInfoImpl.java:lambda$new$1(49)) - s0@group-DBBE7E7C6C61->s1: matchIndex: updateToMax old=2, new=-1, updated? false
2022-08-02 21:05:57,672 [grpc-default-executor-3] DEBUG leader.FollowerInfo (FollowerInfoImpl.java:lambda$new$1(49)) - s0@group-DBBE7E7C6C61->s2: commitIndex: updateToMax old=1, new=1, updated? false
2022-08-02 21:05:57,672 [grpc-default-executor-3] DEBUG leader.FollowerInfo (FollowerInfoImpl.java:lambda$new$1(49)) - s0@group-DBBE7E7C6C61->s2: matchIndex: updateToMax old=2, new=-1, updated? false
2022-08-02 21:05:57,675 [grpc-default-executor-0] DEBUG leader.FollowerInfo (FollowerInfoImpl.java:lambda$new$1(49)) - s0@group-DBBE7E7C6C61->s1: commitIndex: updateToMax old=1, new=1, updated? false
2022-08-02 21:05:57,676 [grpc-default-executor-0] DEBUG leader.FollowerInfo (FollowerInfoImpl.java:lambda$new$1(49)) - s0@group-DBBE7E7C6C61->s1: matchIndex: updateToMax old=2, new=-1, updated? false
2022-08-02 21:05:57,676 [grpc-default-executor-3] DEBUG leader.FollowerInfo (FollowerInfoImpl.java:lambda$new$1(49)) - s0@group-DBBE7E7C6C61->s2: commitIndex: updateToMax old=1, new=1, updated? false
2022-08-02 21:05:57,676 [grpc-default-executor-3] DEBUG leader.FollowerInfo (FollowerInfoImpl.java:lambda$new$1(49)) - s0@group-DBBE7E7C6C61->s2: matchIndex: updateToMax old=2, new=-1, updated? false
2022-08-02 21:05:57,677 [grpc-default-executor-0] DEBUG leader.FollowerInfo (FollowerInfoImpl.java:lambda$new$1(49)) - s0@group-DBBE7E7C6C61->s1: commitIndex: updateToMax old=1, new=1, updated? false
2022-08-02 21:05:57,677 [grpc-default-executor-0] DEBUG leader.FollowerInfo (FollowerInfoImpl.java:lambda$new$1(49)) - s0@group-DBBE7E7C6C61->s1: matchIndex: updateToMax old=2, new=-1, updated? false
2022-08-02 21:05:57,677 [grpc-default-executor-3] DEBUG leader.FollowerInfo (FollowerInfoImpl.java:lambda$new$1(49)) - s0@group-DBBE7E7C6C61->s2: commitIndex: updateToMax old=1, new=1, updated? false
2022-08-02 21:05:57,677 [grpc-default-executor-3] DEBUG leader.FollowerInfo (FollowerInfoImpl.java:lambda$new$1(49)) - s0@group-DBBE7E7C6C61->s2: matchIndex: updateToMax old=2, new=-1, updated? false
2022-08-02 21:05:57,678 [grpc-default-executor-0] DEBUG leader.FollowerInfo (FollowerInfoImpl.java:lambda$new$1(49)) - s0@group-DBBE7E7C6C61->s1: commitIndex: updateToMax old=1, new=1, updated? false
2022-08-02 21:05:57,678 [grpc-default-executor-0] DEBUG leader.FollowerInfo (FollowerInfoImpl.java:lambda$new$1(49)) - s0@group-DBBE7E7C6C61->s1: matchIndex: updateToMax old=2, new=-1, updated? false
2022-08-02 21:05:57,678 [grpc-default-executor-0] DEBUG leader.FollowerInfo (FollowerInfoImpl.java:lambda$new$1(49)) - s0@group-DBBE7E7C6C61->s2: commitIndex: updateToMax old=1, new=1, updated? false
2022-08-02 21:05:57,679 [grpc-default-executor-0] DEBUG leader.FollowerInfo (FollowerInfoImpl.java:lambda$new$1(49)) - s0@group-DBBE7E7C6C61->s2: matchIndex: updateToMax old=2, new=-1, updated? false
2022-08-02 21:05:57,679 [grpc-default-executor-3] DEBUG leader.FollowerInfo (FollowerInfoImpl.java:lambda$new$1(49)) - s0@group-DBBE7E7C6C61->s1: commitIndex: updateToMax old=1, new=1, updated? false
2022-08-02 21:05:57,679 [grpc-default-executor-3] DEBUG leader.FollowerInfo (FollowerInfoImpl.java:lambda$new$1(49)) - s0@group-DBBE7E7C6C61->s1: matchIndex: updateToMax old=2, new=-1, updated? false
2022-08-02 21:05:57,680 [grpc-default-executor-0] DEBUG leader.FollowerInfo (FollowerInfoImpl.java:lambda$new$1(49)) - s0@group-DBBE7E7C6C61->s2: commitIndex: updateToMax old=1, new=1, updated? false
2022-08-02 21:05:57,680 [grpc-default-executor-0] DEBUG leader.FollowerInfo (FollowerInfoImpl.java:lambda$new$1(49)) - s0@group-DBBE7E7C6C61->s2: matchIndex: updateToMax old=2, new=-1, updated? false
2022-08-02 21:05:57,681 [grpc-default-executor-3] DEBUG leader.FollowerInfo (FollowerInfoImpl.java:lambda$new$1(49)) - s0@group-DBBE7E7C6C61->s1: commitIndex: updateToMax old=1, new=1, updated? false
2022-08-02 21:05:57,681 [grpc-default-executor-3] DEBUG leader.FollowerInfo (FollowerInfoImpl.java:lambda$new$1(49)) - s0@group-DBBE7E7C6C61->s1: matchIndex: updateToMax old=2, new=-1, updated? false
2022-08-02 21:05:57,681 [grpc-default-executor-0] DEBUG leader.FollowerInfo (FollowerInfoImpl.java:lambda$new$1(49)) - s0@group-DBBE7E7C6C61->s2: commitIndex: updateToMax old=1, new=1, updated? false
2022-08-02 21:05:57,681 [grpc-default-executor-0] DEBUG leader.FollowerInfo (FollowerInfoImpl.java:lambda$new$1(49)) - s0@group-DBBE7E7C6C61->s2: matchIndex: updateToMax old=2, new=-1, updated? false
2022-08-02 21:05:57,682 [grpc-default-executor-3] DEBUG leader.FollowerInfo (FollowerInfoImpl.java:lambda$new$1(49)) - s0@group-DBBE7E7C6C61->s1: commitIndex: updateToMax old=1, new=1, updated? false
2022-08-02 21:05:57,682 [grpc-default-executor-3] DEBUG leader.FollowerInfo (FollowerInfoImpl.java:lambda$new$1(49)) - s0@group-DBBE7E7C6C61->s1: matchIndex: updateToMax old=2, new=-1, updated? false
2022-08-02 21:05:57,683 [grpc-default-executor-0] DEBUG leader.FollowerInfo (FollowerInfoImpl.java:lambda$new$1(49)) - s0@group-DBBE7E7C6C61->s1: commitIndex: updateToMax old=1, new=1, updated? false
2022-08-02 21:05:57,683 [grpc-default-executor-0] DEBUG leader.FollowerInfo (FollowerInfoImpl.java:lambda$new$1(49)) - s0@group-DBBE7E7C6C61->s1: matchIndex: updateToMax old=2, new=-1, updated? false
2022-08-02 21:05:57,683 [grpc-default-executor-0] DEBUG leader.FollowerInfo (FollowerInfoImpl.java:lambda$new$1(49)) - s0@group-DBBE7E7C6C61->s1: commitIndex: updateToMax old=1, new=1, updated? false
2022-08-02 21:05:57,683 [grpc-default-executor-0] DEBUG leader.FollowerInfo (FollowerInfoImpl.java:lambda$new$1(49)) - s0@group-DBBE7E7C6C61->s1: matchIndex: updateToMax old=2, new=-1, updated? false
2022-08-02 21:05:57,684 [grpc-default-executor-0] DEBUG leader.FollowerInfo (FollowerInfoImpl.java:lambda$new$1(49)) - s0@group-DBBE7E7C6C61->s1: commitIndex: updateToMax old=1, new=1, updated? false
2022-08-02 21:05:57,684 [grpc-default-executor-0] DEBUG leader.FollowerInfo (FollowerInfoImpl.java:lambda$new$1(49)) - s0@group-DBBE7E7C6C61->s1: matchIndex: updateToMax old=2, new=-1, updated? false
2022-08-02 21:05:57,684 [grpc-default-executor-0] DEBUG leader.FollowerInfo (FollowerInfoImpl.java:lambda$new$1(49)) - s0@group-DBBE7E7C6C61->s1: commitIndex: updateToMax old=1, new=1, updated? false
2022-08-02 21:05:57,685 [grpc-default-executor-0] DEBUG leader.FollowerInfo (FollowerInfoImpl.java:lambda$new$1(49)) - s0@group-DBBE7E7C6C61->s1: matchIndex: updateToMax old=2, new=-1, updated? false
2022-08-02 21:05:57,685 [grpc-default-executor-0] DEBUG leader.FollowerInfo (FollowerInfoImpl.java:lambda$new$1(49)) - s0@group-DBBE7E7C6C61->s1: commitIndex: updateToMax old=1, new=1, updated? false
2022-08-02 21:05:57,685 [grpc-default-executor-0] DEBUG leader.FollowerInfo (FollowerInfoImpl.java:lambda$new$1(49)) - s0@group-DBBE7E7C6C61->s1: matchIndex: updateToMax old=2, new=-1, updated? false
2022-08-02 21:05:57,686 [grpc-default-executor-0] DEBUG leader.FollowerInfo (FollowerInfoImpl.java:lambda$new$1(49)) - s0@group-DBBE7E7C6C61->s1: commitIndex: updateToMax old=1, new=1, updated? false
2022-08-02 21:05:57,686 [grpc-default-executor-0] DEBUG leader.FollowerInfo (FollowerInfoImpl.java:lambda$new$1(49)) - s0@group-DBBE7E7C6C61->s1: matchIndex: updateToMax old=2, new=-1, updated? false
2022-08-02 21:05:57,686 [grpc-default-executor-0] DEBUG leader.FollowerInfo (FollowerInfoImpl.java:lambda$new$1(49)) - s0@group-DBBE7E7C6C61->s1: commitIndex: updateToMax old=1, new=1, updated? false
2022-08-02 21:05:57,686 [grpc-default-executor-0] DEBUG leader.FollowerInfo (FollowerInfoImpl.java:lambda$new$1(49)) - s0@group-DBBE7E7C6C61->s1: matchIndex: updateToMax old=2, new=-1, updated? false
2022-08-02 21:05:57,687 [grpc-default-executor-0] DEBUG leader.FollowerInfo (FollowerInfoImpl.java:lambda$new$1(49)) - s0@group-DBBE7E7C6C61->s1: commitIndex: updateToMax old=1, new=1, updated? false
2022-08-02 21:05:57,687 [grpc-default-executor-0] DEBUG leader.FollowerInfo (FollowerInfoImpl.java:lambda$new$1(49)) - s0@group-DBBE7E7C6C61->s1: matchIndex: updateToMax old=2, new=-1, updated? false
2022-08-02 21:05:57,687 [grpc-default-executor-3] DEBUG leader.FollowerInfo (FollowerInfoImpl.java:lambda$new$1(49)) - s0@group-DBBE7E7C6C61->s2: commitIndex: updateToMax old=1, new=1, updated? false
2022-08-02 21:05:57,687 [grpc-default-executor-3] DEBUG leader.FollowerInfo (FollowerInfoImpl.java:lambda$new$1(49)) - s0@group-DBBE7E7C6C61->s2: matchIndex: updateToMax old=2, new=-1, updated? false
2022-08-02 21:05:57,688 [grpc-default-executor-0] DEBUG leader.FollowerInfo (FollowerInfoImpl.java:lambda$new$1(49)) - s0@group-DBBE7E7C6C61->s1: commitIndex: updateToMax old=1, new=1, updated? false
2022-08-02 21:05:57,688 [grpc-default-executor-0] DEBUG leader.FollowerInfo (FollowerInfoImpl.java:lambda$new$1(49)) - s0@group-DBBE7E7C6C61->s1: matchIndex: updateToMax old=2, new=-1, updated? false
2022-08-02 21:05:57,688 [grpc-default-executor-3] DEBUG leader.FollowerInfo (FollowerInfoImpl.java:lambda$new$1(49)) - s0@group-DBBE7E7C6C61->s2: commitIndex: updateToMax old=1, new=1, updated? false
2022-08-02 21:05:57,688 [grpc-default-executor-3] DEBUG leader.FollowerInfo (FollowerInfoImpl.java:lambda$new$1(49)) - s0@group-DBBE7E7C6C61->s2: matchIndex: updateToMax old=2, new=-1, updated? false
2022-08-02 21:05:57,689 [grpc-default-executor-3] DEBUG leader.FollowerInfo (FollowerInfoImpl.java:lambda$new$1(49)) - s0@group-DBBE7E7C6C61->s1: commitIndex: updateToMax old=1, new=1, updated? false
2022-08-02 21:05:57,689 [grpc-default-executor-3] DEBUG leader.FollowerInfo (FollowerInfoImpl.java:lambda$new$1(49)) - s0@group-DBBE7E7C6C61->s1: matchIndex: updateToMax old=2, new=-1, updated? false
2022-08-02 21:05:57,690 [grpc-default-executor-0] DEBUG leader.FollowerInfo (FollowerInfoImpl.java:lambda$new$1(49)) - s0@group-DBBE7E7C6C61->s2: commitIndex: updateToMax old=1, new=1, updated? false
2022-08-02 21:05:57,690 [grpc-default-executor-0] DEBUG leader.FollowerInfo (FollowerInfoImpl.java:lambda$new$1(49)) - s0@group-DBBE7E7C6C61->s2: matchIndex: updateToMax old=2, new=-1, updated? false
2022-08-02 21:05:57,690 [grpc-default-executor-0] DEBUG leader.FollowerInfo (FollowerInfoImpl.java:lambda$new$1(49)) - s0@group-DBBE7E7C6C61->s1: commitIndex: updateToMax old=1, new=1, updated? false
2022-08-02 21:05:57,690 [grpc-default-executor-0] DEBUG leader.FollowerInfo (FollowerInfoImpl.java:lambda$new$1(49)) - s0@group-DBBE7E7C6C61->s1: matchIndex: updateToMax old=2, new=-1, updated? false
2022-08-02 21:05:57,691 [grpc-default-executor-3] DEBUG leader.FollowerInfo (FollowerInfoImpl.java:lambda$new$1(49)) - s0@group-DBBE7E7C6C61->s2: commitIndex: updateToMax old=1, new=1, updated? false
2022-08-02 21:05:57,691 [grpc-default-executor-3] DEBUG leader.FollowerInfo (FollowerInfoImpl.java:lambda$new$1(49)) - s0@group-DBBE7E7C6C61->s2: matchIndex: updateToMax old=2, new=-1, updated? false
2022-08-02 21:05:57,691 [grpc-default-executor-3] DEBUG leader.FollowerInfo (FollowerInfoImpl.java:lambda$new$1(49)) - s0@group-DBBE7E7C6C61->s1: commitIndex: updateToMax old=1, new=1, updated? false
2022-08-02 21:05:57,691 [grpc-default-executor-3] DEBUG leader.FollowerInfo (FollowerInfoImpl.java:lambda$new$1(49)) - s0@group-DBBE7E7C6C61->s1: matchIndex: updateToMax old=2, new=-1, updated? false
2022-08-02 21:05:57,692 [grpc-default-executor-0] DEBUG leader.FollowerInfo (FollowerInfoImpl.java:lambda$new$1(49)) - s0@group-DBBE7E7C6C61->s2: commitIndex: updateToMax old=1, new=1, updated? false
2022-08-02 21:05:57,692 [grpc-default-executor-0] DEBUG leader.FollowerInfo (FollowerInfoImpl.java:lambda$new$1(49)) - s0@group-DBBE7E7C6C61->s2: matchIndex: updateToMax old=2, new=-1, updated? false
2022-08-02 21:05:57,692 [grpc-default-executor-0] DEBUG leader.FollowerInfo (FollowerInfoImpl.java:lambda$new$1(49)) - s0@group-DBBE7E7C6C61->s1: commitIndex: updateToMax old=1, new=1, updated? false
2022-08-02 21:05:57,693 [grpc-default-executor-0] DEBUG leader.FollowerInfo (FollowerInfoImpl.java:lambda$new$1(49)) - s0@group-DBBE7E7C6C61->s1: matchIndex: updateToMax old=2, new=-1, updated? false
2022-08-02 21:05:57,693 [grpc-default-executor-3] DEBUG leader.FollowerInfo (FollowerInfoImpl.java:lambda$new$1(49)) - s0@group-DBBE7E7C6C61->s2: commitIndex: updateToMax old=1, new=1, updated? false
2022-08-02 21:05:57,693 [grpc-default-executor-3] DEBUG leader.FollowerInfo (FollowerInfoImpl.java:lambda$new$1(49)) - s0@group-DBBE7E7C6C61->s2: matchIndex: updateToMax old=2, new=-1, updated? false
2022-08-02 21:05:57,694 [grpc-default-executor-3] DEBUG leader.FollowerInfo (FollowerInfoImpl.java:lambda$new$1(49)) - s0@group-DBBE7E7C6C61->s1: commitIndex: updateToMax old=1, new=1, updated? false
2022-08-02 21:05:57,694 [grpc-default-executor-3] DEBUG leader.FollowerInfo (FollowerInfoImpl.java:lambda$new$1(49)) - s0@group-DBBE7E7C6C61->s1: matchIndex: updateToMax old=2, new=-1, updated? false
2022-08-02 21:05:57,694 [grpc-default-executor-0] DEBUG leader.FollowerInfo (FollowerInfoImpl.java:lambda$new$1(49)) - s0@group-DBBE7E7C6C61->s2: commitIndex: updateToMax old=1, new=1, updated? false
2022-08-02 21:05:57,694 [grpc-default-executor-0] DEBUG leader.FollowerInfo (FollowerInfoImpl.java:lambda$new$1(49)) - s0@group-DBBE7E7C6C61->s2: matchIndex: updateToMax old=2, new=-1, updated? false
2022-08-02 21:05:57,695 [grpc-default-executor-0] DEBUG leader.FollowerInfo (FollowerInfoImpl.java:lambda$new$1(49)) - s0@group-DBBE7E7C6C61->s1: commitIndex: updateToMax old=1, new=1, updated? false
2022-08-02 21:05:57,695 [grpc-default-executor-0] DEBUG leader.FollowerInfo (FollowerInfoImpl.java:lambda$new$1(49)) - s0@group-DBBE7E7C6C61->s1: matchIndex: updateToMax old=2, new=-1, updated? false
2022-08-02 21:05:57,695 [grpc-default-executor-3] DEBUG leader.FollowerInfo (FollowerInfoImpl.java:lambda$new$1(49)) - s0@group-DBBE7E7C6C61->s2: commitIndex: updateToMax old=1, new=1, updated? false
2022-08-02 21:05:57,695 [grpc-default-executor-3] DEBUG leader.FollowerInfo (FollowerInfoImpl.java:lambda$new$1(49)) - s0@group-DBBE7E7C6C61->s2: matchIndex: updateToMax old=2, new=-1, updated? false
2022-08-02 21:05:57,696 [grpc-default-executor-3] DEBUG leader.FollowerInfo (FollowerInfoImpl.java:lambda$new$1(49)) - s0@group-DBBE7E7C6C61->s1: commitIndex: updateToMax old=1, new=1, updated? false
2022-08-02 21:05:57,696 [grpc-default-executor-3] DEBUG leader.FollowerInfo (FollowerInfoImpl.java:lambda$new$1(49)) - s0@group-DBBE7E7C6C61->s1: matchIndex: updateToMax old=2, new=-1, updated? false
2022-08-02 21:05:57,697 [grpc-default-executor-0] DEBUG leader.FollowerInfo (FollowerInfoImpl.java:lambda$new$1(49)) - s0@group-DBBE7E7C6C61->s2: commitIndex: updateToMax old=1, new=1, updated? false
2022-08-02 21:05:57,697 [grpc-default-executor-0] DEBUG leader.FollowerInfo (FollowerInfoImpl.java:lambda$new$1(49)) - s0@group-DBBE7E7C6C61->s2: matchIndex: updateToMax old=2, new=-1, updated? false
2022-08-02 21:05:57,697 [grpc-default-executor-0] DEBUG leader.FollowerInfo (FollowerInfoImpl.java:lambda$new$1(49)) - s0@group-DBBE7E7C6C61->s1: commitIndex: updateToMax old=1, new=1, updated? false
2022-08-02 21:05:57,697 [grpc-default-executor-0] DEBUG leader.FollowerInfo (FollowerInfoImpl.java:lambda$new$1(49)) - s0@group-DBBE7E7C6C61->s1: matchIndex: updateToMax old=2, new=-1, updated? false
2022-08-02 21:05:57,698 [grpc-default-executor-3] DEBUG leader.FollowerInfo (FollowerInfoImpl.java:lambda$new$1(49)) - s0@group-DBBE7E7C6C61->s2: commitIndex: updateToMax old=1, new=1, updated? false
2022-08-02 21:05:57,698 [grpc-default-executor-3] DEBUG leader.FollowerInfo (FollowerInfoImpl.java:lambda$new$1(49)) - s0@group-DBBE7E7C6C61->s2: matchIndex: updateToMax old=2, new=-1, updated? false
2022-08-02 21:05:57,698 [grpc-default-executor-3] DEBUG leader.FollowerInfo (FollowerInfoImpl.java:lambda$new$1(49)) - s0@group-DBBE7E7C6C61->s1: commitIndex: updateToMax old=1, new=1, updated? false
2022-08-02 21:05:57,698 [grpc-default-executor-3] DEBUG leader.FollowerInfo (FollowerInfoImpl.java:lambda$new$1(49)) - s0@group-DBBE7E7C6C61->s1: matchIndex: updateToMax old=2, new=-1, updated? false
2022-08-02 21:05:57,699 [grpc-default-executor-0] DEBUG leader.FollowerInfo (FollowerInfoImpl.java:lambda$new$1(49)) - s0@group-DBBE7E7C6C61->s2: commitIndex: updateToMax old=1, new=1, updated? false
2022-08-02 21:05:57,699 [grpc-default-executor-0] DEBUG leader.FollowerInfo (FollowerInfoImpl.java:lambda$new$1(49)) - s0@group-DBBE7E7C6C61->s2: matchIndex: updateToMax old=2, new=-1, updated? false
2022-08-02 21:05:57,699 [grpc-default-executor-0] DEBUG leader.FollowerInfo (FollowerInfoImpl.java:lambda$new$1(49)) - s0@group-DBBE7E7C6C61->s1: commitIndex: updateToMax old=1, new=1, updated? false
2022-08-02 21:05:57,699 [grpc-default-executor-0] DEBUG leader.FollowerInfo (FollowerInfoImpl.java:lambda$new$1(49)) - s0@group-DBBE7E7C6C61->s1: matchIndex: updateToMax old=2, new=-1, updated? false
2022-08-02 21:05:57,700 [grpc-default-executor-3] DEBUG leader.FollowerInfo (FollowerInfoImpl.java:lambda$new$1(49)) - s0@group-DBBE7E7C6C61->s2: commitIndex: updateToMax old=1, new=1, updated? false
2022-08-02 21:05:57,700 [grpc-default-executor-3] DEBUG leader.FollowerInfo (FollowerInfoImpl.java:lambda$new$1(49)) - s0@group-DBBE7E7C6C61->s2: matchIndex: updateToMax old=2, new=-1, updated? false
2022-08-02 21:05:57,700 [grpc-default-executor-3] DEBUG leader.FollowerInfo (FollowerInfoImpl.java:lambda$new$1(49)) - s0@group-DBBE7E7C6C61->s1: commitIndex: updateToMax old=1, new=1, updated? false
2022-08-02 21:05:57,701 [grpc-default-executor-3] DEBUG leader.FollowerInfo (FollowerInfoImpl.java:lambda$new$1(49)) - s0@group-DBBE7E7C6C61->s1: matchIndex: updateToMax old=2, new=-1, updated? false
2022-08-02 21:05:57,701 [grpc-default-executor-0] DEBUG leader.FollowerInfo (FollowerInfoImpl.java:lambda$new$1(49)) - s0@group-DBBE7E7C6C61->s2: commitIndex: updateToMax old=1, new=1, updated? false
2022-08-02 21:05:57,701 [grpc-default-executor-0] DEBUG leader.FollowerInfo (FollowerInfoImpl.java:lambda$new$1(49)) - s0@group-DBBE7E7C6C61->s2: matchIndex: updateToMax old=2, new=-1, updated? false
2022-08-02 21:05:57,702 [grpc-default-executor-0] DEBUG leader.FollowerInfo (FollowerInfoImpl.java:lambda$new$1(49)) - s0@group-DBBE7E7C6C61->s1: commitIndex: updateToMax old=1, new=1, updated? false
2022-08-02 21:05:57,702 [grpc-default-executor-0] DEBUG leader.FollowerInfo (FollowerInfoImpl.java:lambda$new$1(49)) - s0@group-DBBE7E7C6C61->s1: matchIndex: updateToMax old=2, new=-1, updated? false
2022-08-02 21:05:57,702 [grpc-default-executor-3] DEBUG leader.FollowerInfo (FollowerInfoImpl.java:lambda$new$1(49)) - s0@group-DBBE7E7C6C61->s2: commitIndex: updateToMax old=1, new=1, updated? false
2022-08-02 21:05:57,702 [grpc-default-executor-3] DEBUG leader.FollowerInfo (FollowerInfoImpl.java:lambda$new$1(49)) - s0@group-DBBE7E7C6C61->s2: matchIndex: updateToMax old=2, new=-1, updated? false
2022-08-02 21:05:57,703 [grpc-default-executor-3] DEBUG leader.FollowerInfo (FollowerInfoImpl.java:lambda$new$1(49)) - s0@group-DBBE7E7C6C61->s1: commitIndex: updateToMax old=1, new=1, updated? false
2022-08-02 21:05:57,703 [grpc-default-executor-3] DEBUG leader.FollowerInfo (FollowerInfoImpl.java:lambda$new$1(49)) - s0@group-DBBE7E7C6C61->s1: matchIndex: updateToMax old=2, new=-1, updated? false
2022-08-02 21:05:57,703 [grpc-default-executor-0] DEBUG leader.FollowerInfo (FollowerInfoImpl.java:lambda$new$1(49)) - s0@group-DBBE7E7C6C61->s2: commitIndex: updateToMax old=1, new=1, updated? false
2022-08-02 21:05:57,703 [grpc-default-executor-0] DEBUG leader.FollowerInfo (FollowerInfoImpl.java:lambda$new$1(49)) - s0@group-DBBE7E7C6C61->s2: matchIndex: updateToMax old=2, new=-1, updated? false
2022-08-02 21:05:57,704 [grpc-default-executor-0] DEBUG leader.FollowerInfo (FollowerInfoImpl.java:lambda$new$1(49)) - s0@group-DBBE7E7C6C61->s1: commitIndex: updateToMax old=1, new=1, updated? false
2022-08-02 21:05:57,704 [grpc-default-executor-0] DEBUG leader.FollowerInfo (FollowerInfoImpl.java:lambda$new$1(49)) - s0@group-DBBE7E7C6C61->s1: matchIndex: updateToMax old=2, new=-1, updated? false
2022-08-02 21:05:57,705 [grpc-default-executor-3] DEBUG leader.FollowerInfo (FollowerInfoImpl.java:lambda$new$1(49)) - s0@group-DBBE7E7C6C61->s2: commitIndex: updateToMax old=1, new=1, updated? false
2022-08-02 21:05:57,705 [grpc-default-executor-3] DEBUG leader.FollowerInfo (FollowerInfoImpl.java:lambda$new$1(49)) - s0@group-DBBE7E7C6C61->s2: matchIndex: updateToMax old=2, new=-1, updated? false
2022-08-02 21:05:57,705 [grpc-default-executor-3] DEBUG leader.FollowerInfo (FollowerInfoImpl.java:lambda$new$1(49)) - s0@group-DBBE7E7C6C61->s1: commitIndex: updateToMax old=1, new=1, updated? false
2022-08-02 21:05:57,705 [grpc-default-executor-3] DEBUG leader.FollowerInfo (FollowerInfoImpl.java:lambda$new$1(49)) - s0@group-DBBE7E7C6C61->s1: matchIndex: updateToMax old=2, new=-1, updated? false
2022-08-02 21:05:57,706 [grpc-default-executor-0] DEBUG leader.FollowerInfo (FollowerInfoImpl.java:lambda$new$1(49)) - s0@group-DBBE7E7C6C61->s2: commitIndex: updateToMax old=1, new=1, updated? false
2022-08-02 21:05:57,706 [grpc-default-executor-0] DEBUG leader.FollowerInfo (FollowerInfoImpl.java:lambda$new$1(49)) - s0@group-DBBE7E7C6C61->s2: matchIndex: updateToMax old=2, new=-1, updated? false
2022-08-02 21:05:57,706 [grpc-default-executor-0] DEBUG leader.FollowerInfo (FollowerInfoImpl.java:lambda$new$1(49)) - s0@group-DBBE7E7C6C61->s1: commitIndex: updateToMax old=1, new=1, updated? false
2022-08-02 21:05:57,706 [grpc-default-executor-0] DEBUG leader.FollowerInfo (FollowerInfoImpl.java:lambda$new$1(49)) - s0@group-DBBE7E7C6C61->s1: matchIndex: updateToMax old=2, new=-1, updated? false
2022-08-02 21:05:57,707 [grpc-default-executor-3] DEBUG leader.FollowerInfo (FollowerInfoImpl.java:lambda$new$1(49)) - s0@group-DBBE7E7C6C61->s2: commitIndex: updateToMax old=1, new=1, updated? false
2022-08-02 21:05:57,707 [grpc-default-executor-3] DEBUG leader.FollowerInfo (FollowerInfoImpl.java:lambda$new$1(49)) - s0@group-DBBE7E7C6C61->s2: matchIndex: updateToMax old=2, new=-1, updated? false
2022-08-02 21:05:57,707 [grpc-default-executor-3] DEBUG leader.FollowerInfo (FollowerInfoImpl.java:lambda$new$1(49)) - s0@group-DBBE7E7C6C61->s1: commitIndex: updateToMax old=1, new=1, updated? false
2022-08-02 21:05:57,707 [grpc-default-executor-3] DEBUG leader.FollowerInfo (FollowerInfoImpl.java:lambda$new$1(49)) - s0@group-DBBE7E7C6C61->s1: matchIndex: updateToMax old=2, new=-1, updated? false
2022-08-02 21:05:57,708 [grpc-default-executor-0] DEBUG leader.FollowerInfo (FollowerInfoImpl.java:lambda$new$1(49)) - s0@group-DBBE7E7C6C61->s2: commitIndex: updateToMax old=1, new=1, updated? false
2022-08-02 21:05:57,708 [grpc-default-executor-0] DEBUG leader.FollowerInfo (FollowerInfoImpl.java:lambda$new$1(49)) - s0@group-DBBE7E7C6C61->s2: matchIndex: updateToMax old=2, new=-1, updated? false
2022-08-02 21:05:57,708 [grpc-default-executor-0] DEBUG leader.FollowerInfo (FollowerInfoImpl.java:lambda$new$1(49)) - s0@group-DBBE7E7C6C61->s1: commitIndex: updateToMax old=1, new=1, updated? false
2022-08-02 21:05:57,709 [grpc-default-executor-0] DEBUG leader.FollowerInfo (FollowerInfoImpl.java:lambda$new$1(49)) - s0@group-DBBE7E7C6C61->s1: matchIndex: updateToMax old=2, new=-1, updated? false
2022-08-02 21:05:57,709 [grpc-default-executor-3] DEBUG leader.FollowerInfo (FollowerInfoImpl.java:lambda$new$1(49)) - s0@group-DBBE7E7C6C61->s2: commitIndex: updateToMax old=1, new=1, updated? false
2022-08-02 21:05:57,709 [grpc-default-executor-3] DEBUG leader.FollowerInfo (FollowerInfoImpl.java:lambda$new$1(49)) - s0@group-DBBE7E7C6C61->s2: matchIndex: updateToMax old=2, new=-1, updated? false
2022-08-02 21:05:57,710 [grpc-default-executor-3] DEBUG leader.FollowerInfo (FollowerInfoImpl.java:lambda$new$1(49)) - s0@group-DBBE7E7C6C61->s1: commitIndex: updateToMax old=1, new=1, updated? false
2022-08-02 21:05:57,710 [grpc-default-executor-3] DEBUG leader.FollowerInfo (FollowerInfoImpl.java:lambda$new$1(49)) - s0@group-DBBE7E7C6C61->s1: matchIndex: updateToMax old=2, new=-1, updated? false
2022-08-02 21:05:57,710 [grpc-default-executor-0] DEBUG leader.FollowerInfo (FollowerInfoImpl.java:lambda$new$1(49)) - s0@group-DBBE7E7C6C61->s2: commitIndex: updateToMax old=1, new=1, updated? false
2022-08-02 21:05:57,710 [grpc-default-executor-0] DEBUG leader.FollowerInfo (FollowerInfoImpl.java:lambda$new$1(49)) - s0@group-DBBE7E7C6C61->s2: matchIndex: updateToMax old=2, new=-1, updated? false
2022-08-02 21:05:57,711 [grpc-default-executor-0] DEBUG leader.FollowerInfo (FollowerInfoImpl.java:lambda$new$1(49)) - s0@group-DBBE7E7C6C61->s1: commitIndex: updateToMax old=1, new=1, updated? false
2022-08-02 21:05:57,711 [grpc-default-executor-0] DEBUG leader.FollowerInfo (FollowerInfoImpl.java:lambda$new$1(49)) - s0@group-DBBE7E7C6C61->s1: matchIndex: updateToMax old=2, new=-1, updated? false
2022-08-02 21:05:57,711 [grpc-default-executor-3] DEBUG leader.FollowerInfo (FollowerInfoImpl.java:lambda$new$1(49)) - s0@group-DBBE7E7C6C61->s2: commitIndex: updateToMax old=1, new=1, updated? false
2022-08-02 21:05:57,712 [grpc-default-executor-3] DEBUG leader.FollowerInfo (FollowerInfoImpl.java:lambda$new$1(49)) - s0@group-DBBE7E7C6C61->s2: matchIndex: updateToMax old=2, new=-1, updated? false
2022-08-02 21:05:57,712 [grpc-default-executor-3] DEBUG leader.FollowerInfo (FollowerInfoImpl.java:lambda$new$1(49)) - s0@group-DBBE7E7C6C61->s1: commitIndex: updateToMax old=1, new=1, updated? false
2022-08-02 21:05:57,712 [grpc-default-executor-3] DEBUG leader.FollowerInfo (FollowerInfoImpl.java:lambda$new$1(49)) - s0@group-DBBE7E7C6C61->s1: matchIndex: updateToMax old=2, new=-1, updated? false
2022-08-02 21:05:57,713 [grpc-default-executor-0] DEBUG leader.FollowerInfo (FollowerInfoImpl.java:lambda$new$1(49)) - s0@group-DBBE7E7C6C61->s2: commitIndex: updateToMax old=1, new=1, updated? false
2022-08-02 21:05:57,713 [grpc-default-executor-0] DEBUG leader.FollowerInfo (FollowerInfoImpl.java:lambda$new$1(49)) - s0@group-DBBE7E7C6C61->s2: matchIndex: updateToMax old=2, new=-1, updated? false
2022-08-02 21:05:57,713 [grpc-default-executor-0] DEBUG leader.FollowerInfo (FollowerInfoImpl.java:lambda$new$1(49)) - s0@group-DBBE7E7C6C61->s1: commitIndex: updateToMax old=1, new=1, updated? false
2022-08-02 21:05:57,713 [grpc-default-executor-0] DEBUG leader.FollowerInfo (FollowerInfoImpl.java:lambda$new$1(49)) - s0@group-DBBE7E7C6C61->s1: matchIndex: updateToMax old=2, new=-1, updated? false
2022-08-02 21:05:57,714 [grpc-default-executor-3] DEBUG leader.FollowerInfo (FollowerInfoImpl.java:lambda$new$1(49)) - s0@group-DBBE7E7C6C61->s2: commitIndex: updateToMax old=1, new=1, updated? false
2022-08-02 21:05:57,714 [grpc-default-executor-3] DEBUG leader.FollowerInfo (FollowerInfoImpl.java:lambda$new$1(49)) - s0@group-DBBE7E7C6C61->s2: matchIndex: updateToMax old=2, new=-1, updated? false
2022-08-02 21:05:57,714 [grpc-default-executor-3] DEBUG leader.FollowerInfo (FollowerInfoImpl.java:lambda$new$1(49)) - s0@group-DBBE7E7C6C61->s1: commitIndex: updateToMax old=1, new=1, updated? false
2022-08-02 21:05:57,714 [grpc-default-executor-3] DEBUG leader.FollowerInfo (FollowerInfoImpl.java:lambda$new$1(49)) - s0@group-DBBE7E7C6C61->s1: matchIndex: updateToMax old=2, new=-1, updated? false
2022-08-02 21:05:57,715 [grpc-default-executor-0] DEBUG leader.FollowerInfo (FollowerInfoImpl.java:lambda$new$1(49)) - s0@group-DBBE7E7C6C61->s2: commitIndex: updateToMax old=1, new=1, updated? false
2022-08-02 21:05:57,715 [grpc-default-executor-0] DEBUG leader.FollowerInfo (FollowerInfoImpl.java:lambda$new$1(49)) - s0@group-DBBE7E7C6C61->s2: matchIndex: updateToMax old=2, new=-1, updated? false
2022-08-02 21:05:57,715 [grpc-default-executor-3] DEBUG leader.FollowerInfo (FollowerInfoImpl.java:lambda$new$1(49)) - s0@group-DBBE7E7C6C61->s1: commitIndex: updateToMax old=1, new=1, updated? false
2022-08-02 21:05:57,716 [grpc-default-executor-3] DEBUG leader.FollowerInfo (FollowerInfoImpl.java:lambda$new$1(49)) - s0@group-DBBE7E7C6C61->s1: matchIndex: updateToMax old=2, new=-1, updated? false
2022-08-02 21:05:57,716 [grpc-default-executor-0] DEBUG leader.FollowerInfo (FollowerInfoImpl.java:lambda$new$1(49)) - s0@group-DBBE7E7C6C61->s2: commitIndex: updateToMax old=1, new=1, updated? false
2022-08-02 21:05:57,716 [grpc-default-executor-0] DEBUG leader.FollowerInfo (FollowerInfoImpl.java:lambda$new$1(49)) - s0@group-DBBE7E7C6C61->s2: matchIndex: updateToMax old=2, new=-1, updated? false
2022-08-02 21:05:57,717 [grpc-default-executor-0] DEBUG leader.FollowerInfo (FollowerInfoImpl.java:lambda$new$1(49)) - s0@group-DBBE7E7C6C61->s1: commitIndex: updateToMax old=1, new=1, updated? false
2022-08-02 21:05:57,717 [grpc-default-executor-0] DEBUG leader.FollowerInfo (FollowerInfoImpl.java:lambda$new$1(49)) - s0@group-DBBE7E7C6C61->s1: matchIndex: updateToMax old=2, new=-1, updated? false
2022-08-02 21:05:57,717 [grpc-default-executor-3] DEBUG leader.FollowerInfo (FollowerInfoImpl.java:lambda$new$1(49)) - s0@group-DBBE7E7C6C61->s2: commitIndex: updateToMax old=1, new=1, updated? false
2022-08-02 21:05:57,717 [grpc-default-executor-3] DEBUG leader.FollowerInfo (FollowerInfoImpl.java:lambda$new$1(49)) - s0@group-DBBE7E7C6C61->s2: matchIndex: updateToMax old=2, new=-1, updated? false
2022-08-02 21:05:57,718 [grpc-default-executor-3] DEBUG leader.FollowerInfo (FollowerInfoImpl.java:lambda$new$1(49)) - s0@group-DBBE7E7C6C61->s1: commitIndex: updateToMax old=1, new=1, updated? false
2022-08-02 21:05:57,718 [grpc-default-executor-3] DEBUG leader.FollowerInfo (FollowerInfoImpl.java:lambda$new$1(49)) - s0@group-DBBE7E7C6C61->s1: matchIndex: updateToMax old=2, new=-1, updated? false
2022-08-02 21:05:57,718 [grpc-default-executor-0] DEBUG leader.FollowerInfo (FollowerInfoImpl.java:lambda$new$1(49)) - s0@group-DBBE7E7C6C61->s2: commitIndex: updateToMax old=1, new=1, updated? false
2022-08-02 21:05:57,718 [grpc-default-executor-0] DEBUG leader.FollowerInfo (FollowerInfoImpl.java:lambda$new$1(49)) - s0@group-DBBE7E7C6C61->s2: matchIndex: updateToMax old=2, new=-1, updated? false
2022-08-02 21:05:57,719 [grpc-default-executor-0] DEBUG leader.FollowerInfo (FollowerInfoImpl.java:lambda$new$1(49)) - s0@group-DBBE7E7C6C61->s1: commitIndex: updateToMax old=1, new=1, updated? false
2022-08-02 21:05:57,719 [grpc-default-executor-0] DEBUG leader.FollowerInfo (FollowerInfoImpl.java:lambda$new$1(49)) - s0@group-DBBE7E7C6C61->s1: matchIndex: updateToMax old=2, new=-1, updated? false
2022-08-02 21:05:57,719 [grpc-default-executor-3] DEBUG leader.FollowerInfo (FollowerInfoImpl.java:lambda$new$1(49)) - s0@group-DBBE7E7C6C61->s2: commitIndex: updateToMax old=1, new=1, updated? false
2022-08-02 21:05:57,719 [grpc-default-executor-3] DEBUG leader.FollowerInfo (FollowerInfoImpl.java:lambda$new$1(49)) - s0@group-DBBE7E7C6C61->s2: matchIndex: updateToMax old=2, new=-1, updated? false
2022-08-02 21:05:57,720 [grpc-default-executor-3] DEBUG leader.FollowerInfo (FollowerInfoImpl.java:lambda$new$1(49)) - s0@group-DBBE7E7C6C61->s1: commitIndex: updateToMax old=1, new=1, updated? false
2022-08-02 21:05:57,720 [grpc-default-executor-3] DEBUG leader.FollowerInfo (FollowerInfoImpl.java:lambda$new$1(49)) - s0@group-DBBE7E7C6C61->s1: matchIndex: updateToMax old=2, new=-1, updated? false
2022-08-02 21:05:57,721 [grpc-default-executor-0] DEBUG leader.FollowerInfo (FollowerInfoImpl.java:lambda$new$1(49)) - s0@group-DBBE7E7C6C61->s2: commitIndex: updateToMax old=1, new=1, updated? false
2022-08-02 21:05:57,721 [grpc-default-executor-0] DEBUG leader.FollowerInfo (FollowerInfoImpl.java:lambda$new$1(49)) - s0@group-DBBE7E7C6C61->s2: matchIndex: updateToMax old=2, new=-1, updated? false
2022-08-02 21:05:57,721 [grpc-default-executor-0] DEBUG leader.FollowerInfo (FollowerInfoImpl.java:lambda$new$1(49)) - s0@group-DBBE7E7C6C61->s1: commitIndex: updateToMax old=1, new=1, updated? false
2022-08-02 21:05:57,721 [grpc-default-executor-0] DEBUG leader.FollowerInfo (FollowerInfoImpl.java:lambda$new$1(49)) - s0@group-DBBE7E7C6C61->s1: matchIndex: updateToMax old=2, new=-1, updated? false
2022-08-02 21:05:57,722 [grpc-default-executor-3] DEBUG leader.FollowerInfo (FollowerInfoImpl.java:lambda$new$1(49)) - s0@group-DBBE7E7C6C61->s2: commitIndex: updateToMax old=1, new=1, updated? false
2022-08-02 21:05:57,722 [grpc-default-executor-3] DEBUG leader.FollowerInfo (FollowerInfoImpl.java:lambda$new$1(49)) - s0@group-DBBE7E7C6C61->s2: matchIndex: updateToMax old=2, new=-1, updated? false
2022-08-02 21:05:57,722 [grpc-default-executor-3] DEBUG leader.FollowerInfo (FollowerInfoImpl.java:lambda$new$1(49)) - s0@group-DBBE7E7C6C61->s1: commitIndex: updateToMax old=1, new=1, updated? false
2022-08-02 21:05:57,722 [grpc-default-executor-3] DEBUG leader.FollowerInfo (FollowerInfoImpl.java:lambda$new$1(49)) - s0@group-DBBE7E7C6C61->s1: matchIndex: updateToMax old=2, new=-1, updated? false
2022-08-02 21:05:57,723 [grpc-default-executor-0] DEBUG leader.FollowerInfo (FollowerInfoImpl.java:lambda$new$1(49)) - s0@group-DBBE7E7C6C61->s2: commitIndex: updateToMax old=1, new=1, updated? false
2022-08-02 21:05:57,723 [grpc-default-executor-0] DEBUG leader.FollowerInfo (FollowerInfoImpl.java:lambda$new$1(49)) - s0@group-DBBE7E7C6C61->s2: matchIndex: updateToMax old=2, new=-1, updated? false
2022-08-02 21:05:57,723 [grpc-default-executor-0] DEBUG leader.FollowerInfo (FollowerInfoImpl.java:lambda$new$1(49)) - s0@group-DBBE7E7C6C61->s1: commitIndex: updateToMax old=1, new=1, updated? false
2022-08-02 21:05:57,724 [grpc-default-executor-0] DEBUG leader.FollowerInfo (FollowerInfoImpl.java:lambda$new$1(49)) - s0@group-DBBE7E7C6C61->s1: matchIndex: updateToMax old=2, new=-1, updated? false
2022-08-02 21:05:57,724 [grpc-default-executor-3] DEBUG leader.FollowerInfo (FollowerInfoImpl.java:lambda$new$1(49)) - s0@group-DBBE7E7C6C61->s2: commitIndex: updateToMax old=1, new=1, updated? false
2022-08-02 21:05:57,724 [grpc-default-executor-3] DEBUG leader.FollowerInfo (FollowerInfoImpl.java:lambda$new$1(49)) - s0@group-DBBE7E7C6C61->s2: matchIndex: updateToMax old=2, new=-1, updated? false
2022-08-02 21:05:57,725 [grpc-default-executor-3] DEBUG leader.FollowerInfo (FollowerInfoImpl.java:lambda$new$1(49)) - s0@group-DBBE7E7C6C61->s1: commitIndex: updateToMax old=1, new=1, updated? false
2022-08-02 21:05:57,725 [grpc-default-executor-3] DEBUG leader.FollowerInfo (FollowerInfoImpl.java:lambda$new$1(49)) - s0@group-DBBE7E7C6C61->s1: matchIndex: updateToMax old=2, new=-1, updated? false
2022-08-02 21:05:57,725 [grpc-default-executor-0] DEBUG leader.FollowerInfo (FollowerInfoImpl.java:lambda$new$1(49)) - s0@group-DBBE7E7C6C61->s2: commitIndex: updateToMax old=1, new=1, updated? false
2022-08-02 21:05:57,725 [grpc-default-executor-0] DEBUG leader.FollowerInfo (FollowerInfoImpl.java:lambda$new$1(49)) - s0@group-DBBE7E7C6C61->s2: matchIndex: updateToMax old=2, new=-1, updated? false
2022-08-02 21:05:57,726 [grpc-default-executor-0] DEBUG leader.FollowerInfo (FollowerInfoImpl.java:lambda$new$1(49)) - s0@group-DBBE7E7C6C61->s1: commitIndex: updateToMax old=1, new=1, updated? false
2022-08-02 21:05:57,726 [grpc-default-executor-0] DEBUG leader.FollowerInfo (FollowerInfoImpl.java:lambda$new$1(49)) - s0@group-DBBE7E7C6C61->s1: matchIndex: updateToMax old=2, new=-1, updated? false
2022-08-02 21:05:57,726 [grpc-default-executor-3] DEBUG leader.FollowerInfo (FollowerInfoImpl.java:lambda$new$1(49)) - s0@group-DBBE7E7C6C61->s2: commitIndex: updateToMax old=1, new=1, updated? false
2022-08-02 21:05:57,727 [grpc-default-executor-3] DEBUG leader.FollowerInfo (FollowerInfoImpl.java:lambda$new$1(49)) - s0@group-DBBE7E7C6C61->s2: matchIndex: updateToMax old=2, new=-1, updated? false
2022-08-02 21:05:57,727 [grpc-default-executor-3] DEBUG leader.FollowerInfo (FollowerInfoImpl.java:lambda$new$1(49)) - s0@group-DBBE7E7C6C61->s1: commitIndex: updateToMax old=1, new=1, updated? false
2022-08-02 21:05:57,727 [grpc-default-executor-3] DEBUG leader.FollowerInfo (FollowerInfoImpl.java:lambda$new$1(49)) - s0@group-DBBE7E7C6C61->s1: matchIndex: updateToMax old=2, new=-1, updated? false
2022-08-02 21:05:57,731 [grpc-default-executor-0] DEBUG leader.FollowerInfo (FollowerInfoImpl.java:lambda$new$1(49)) - s0@group-DBBE7E7C6C61->s2: commitIndex: updateToMax old=1, new=1, updated? false
2022-08-02 21:05:57,731 [grpc-default-executor-0] DEBUG leader.FollowerInfo (FollowerInfoImpl.java:lambda$new$1(49)) - s0@group-DBBE7E7C6C61->s2: matchIndex: updateToMax old=2, new=-1, updated? false
2022-08-02 21:05:57,732 [grpc-default-executor-0] DEBUG leader.FollowerInfo (FollowerInfoImpl.java:lambda$new$1(49)) - s0@group-DBBE7E7C6C61->s1: commitIndex: updateToMax old=1, new=1, updated? false
2022-08-02 21:05:57,732 [grpc-default-executor-0] DEBUG leader.FollowerInfo (FollowerInfoImpl.java:lambda$new$1(49)) - s0@group-DBBE7E7C6C61->s1: matchIndex: updateToMax old=2, new=-1, updated? false
2022-08-02 21:05:57,733 [grpc-default-executor-3] DEBUG leader.FollowerInfo (FollowerInfoImpl.java:lambda$new$1(49)) - s0@group-DBBE7E7C6C61->s2: commitIndex: updateToMax old=1, new=1, updated? false
2022-08-02 21:05:57,733 [grpc-default-executor-3] DEBUG leader.FollowerInfo (FollowerInfoImpl.java:lambda$new$1(49)) - s0@group-DBBE7E7C6C61->s2: matchIndex: updateToMax old=2, new=-1, updated? false
2022-08-02 21:05:57,733 [grpc-default-executor-3] DEBUG leader.FollowerInfo (FollowerInfoImpl.java:lambda$new$1(49)) - s0@group-DBBE7E7C6C61->s1: commitIndex: updateToMax old=1, new=1, updated? false
2022-08-02 21:05:57,733 [grpc-default-executor-3] DEBUG leader.FollowerInfo (FollowerInfoImpl.java:lambda$new$1(49)) - s0@group-DBBE7E7C6C61->s1: matchIndex: updateToMax old=2, new=-1, updated? false
2022-08-02 21:05:57,734 [grpc-default-executor-0] DEBUG leader.FollowerInfo (FollowerInfoImpl.java:lambda$new$1(49)) - s0@group-DBBE7E7C6C61->s2: commitIndex: updateToMax old=1, new=1, updated? false
2022-08-02 21:05:57,734 [grpc-default-executor-0] DEBUG leader.FollowerInfo (FollowerInfoImpl.java:lambda$new$1(49)) - s0@group-DBBE7E7C6C61->s2: matchIndex: updateToMax old=2, new=-1, updated? false
2022-08-02 21:05:57,734 [grpc-default-executor-3] DEBUG leader.FollowerInfo (FollowerInfoImpl.java:lambda$new$1(49)) - s0@group-DBBE7E7C6C61->s1: commitIndex: updateToMax old=1, new=1, updated? false
2022-08-02 21:05:57,734 [grpc-default-executor-3] DEBUG leader.FollowerInfo (FollowerInfoImpl.java:lambda$new$1(49)) - s0@group-DBBE7E7C6C61->s1: matchIndex: updateToMax old=2, new=-1, updated? false
2022-08-02 21:05:57,735 [grpc-default-executor-0] DEBUG leader.FollowerInfo (FollowerInfoImpl.java:lambda$new$1(49)) - s0@group-DBBE7E7C6C61->s2: commitIndex: updateToMax old=1, new=1, updated? false
2022-08-02 21:05:57,735 [grpc-default-executor-0] DEBUG leader.FollowerInfo (FollowerInfoImpl.java:lambda$new$1(49)) - s0@group-DBBE7E7C6C61->s2: matchIndex: updateToMax old=2, new=-1, updated? false
2022-08-02 21:05:57,735 [grpc-default-executor-0] DEBUG leader.FollowerInfo (FollowerInfoImpl.java:lambda$new$1(49)) - s0@group-DBBE7E7C6C61->s1: commitIndex: updateToMax old=1, new=1, updated? false
2022-08-02 21:05:57,735 [grpc-default-executor-0] DEBUG leader.FollowerInfo (FollowerInfoImpl.java:lambda$new$1(49)) - s0@group-DBBE7E7C6C61->s1: matchIndex: updateToMax old=2, new=-1, updated? false
2022-08-02 21:05:57,736 [grpc-default-executor-3] DEBUG leader.FollowerInfo (FollowerInfoImpl.java:lambda$new$1(49)) - s0@group-DBBE7E7C6C61->s2: commitIndex: updateToMax old=1, new=1, updated? false
2022-08-02 21:05:57,736 [grpc-default-executor-3] DEBUG leader.FollowerInfo (FollowerInfoImpl.java:lambda$new$1(49)) - s0@group-DBBE7E7C6C61->s2: matchIndex: updateToMax old=2, new=-1, updated? false
2022-08-02 21:05:57,737 [grpc-default-executor-3] DEBUG leader.FollowerInfo (FollowerInfoImpl.java:lambda$new$1(49)) - s0@group-DBBE7E7C6C61->s1: commitIndex: updateToMax old=1, new=1, updated? false
2022-08-02 21:05:57,737 [grpc-default-executor-3] DEBUG leader.FollowerInfo (FollowerInfoImpl.java:lambda$new$1(49)) - s0@group-DBBE7E7C6C61->s1: matchIndex: updateToMax old=2, new=-1, updated? false
2022-08-02 21:05:57,737 [grpc-default-executor-0] DEBUG leader.FollowerInfo (FollowerInfoImpl.java:lambda$new$1(49)) - s0@group-DBBE7E7C6C61->s2: commitIndex: updateToMax old=1, new=1, updated? false
2022-08-02 21:05:57,737 [grpc-default-executor-0] DEBUG leader.FollowerInfo (FollowerInfoImpl.java:lambda$new$1(49)) - s0@group-DBBE7E7C6C61->s2: matchIndex: updateToMax old=2, new=-1, updated? false
2022-08-02 21:05:57,738 [grpc-default-executor-0] DEBUG leader.FollowerInfo (FollowerInfoImpl.java:lambda$new$1(49)) - s0@group-DBBE7E7C6C61->s1: commitIndex: updateToMax old=1, new=1, updated? false
2022-08-02 21:05:57,738 [grpc-default-executor-0] DEBUG leader.FollowerInfo (FollowerInfoImpl.java:lambda$new$1(49)) - s0@group-DBBE7E7C6C61->s1: matchIndex: updateToMax old=2, new=-1, updated? false
2022-08-02 21:05:57,738 [grpc-default-executor-3] DEBUG leader.FollowerInfo (FollowerInfoImpl.java:lambda$new$1(49)) - s0@group-DBBE7E7C6C61->s2: commitIndex: updateToMax old=1, new=1, updated? false
2022-08-02 21:05:57,738 [grpc-default-executor-3] DEBUG leader.FollowerInfo (FollowerInfoImpl.java:lambda$new$1(49)) - s0@group-DBBE7E7C6C61->s2: matchIndex: updateToMax old=2, new=-1, updated? false
2022-08-02 21:05:57,739 [grpc-default-executor-3] DEBUG leader.FollowerInfo (FollowerInfoImpl.java:lambda$new$1(49)) - s0@group-DBBE7E7C6C61->s1: commitIndex: updateToMax old=1, new=1, updated? false
2022-08-02 21:05:57,739 [grpc-default-executor-3] DEBUG leader.FollowerInfo (FollowerInfoImpl.java:lambda$new$1(49)) - s0@group-DBBE7E7C6C61->s1: matchIndex: updateToMax old=2, new=-1, updated? false
2022-08-02 21:05:57,739 [grpc-default-executor-0] DEBUG leader.FollowerInfo (FollowerInfoImpl.java:lambda$new$1(49)) - s0@group-DBBE7E7C6C61->s2: commitIndex: updateToMax old=1, new=1, updated? false
2022-08-02 21:05:57,740 [grpc-default-executor-0] DEBUG leader.FollowerInfo (FollowerInfoImpl.java:lambda$new$1(49)) - s0@group-DBBE7E7C6C61->s2: matchIndex: updateToMax old=2, new=-1, updated? false
2022-08-02 21:05:57,740 [grpc-default-executor-0] DEBUG leader.FollowerInfo (FollowerInfoImpl.java:lambda$new$1(49)) - s0@group-DBBE7E7C6C61->s1: commitIndex: updateToMax old=1, new=1, updated? false
2022-08-02 21:05:57,740 [grpc-default-executor-0] DEBUG leader.FollowerInfo (FollowerInfoImpl.java:lambda$new$1(49)) - s0@group-DBBE7E7C6C61->s1: matchIndex: updateToMax old=2, new=-1, updated? false
2022-08-02 21:05:57,741 [grpc-default-executor-3] DEBUG leader.FollowerInfo (FollowerInfoImpl.java:lambda$new$1(49)) - s0@group-DBBE7E7C6C61->s2: commitIndex: updateToMax old=1, new=1, updated? false
2022-08-02 21:05:57,741 [grpc-default-executor-3] DEBUG leader.FollowerInfo (FollowerInfoImpl.java:lambda$new$1(49)) - s0@group-DBBE7E7C6C61->s2: matchIndex: updateToMax old=2, new=-1, updated? false
2022-08-02 21:05:57,741 [grpc-default-executor-3] DEBUG leader.FollowerInfo (FollowerInfoImpl.java:lambda$new$1(49)) - s0@group-DBBE7E7C6C61->s1: commitIndex: updateToMax old=1, new=1, updated? false
2022-08-02 21:05:57,741 [grpc-default-executor-3] DEBUG leader.FollowerInfo (FollowerInfoImpl.java:lambda$new$1(49)) - s0@group-DBBE7E7C6C61->s1: matchIndex: updateToMax old=2, new=-1, updated? false
2022-08-02 21:05:57,742 [grpc-default-executor-0] DEBUG leader.FollowerInfo (FollowerInfoImpl.java:lambda$new$1(49)) - s0@group-DBBE7E7C6C61->s2: commitIndex: updateToMax old=1, new=1, updated? false
2022-08-02 21:05:57,742 [grpc-default-executor-0] DEBUG leader.FollowerInfo (FollowerInfoImpl.java:lambda$new$1(49)) - s0@group-DBBE7E7C6C61->s2: matchIndex: updateToMax old=2, new=-1, updated? false
2022-08-02 21:05:57,742 [grpc-default-executor-3] DEBUG leader.FollowerInfo (FollowerInfoImpl.java:lambda$new$1(49)) - s0@group-DBBE7E7C6C61->s1: commitIndex: updateToMax old=1, new=1, updated? false
2022-08-02 21:05:57,742 [grpc-default-executor-3] DEBUG leader.FollowerInfo (FollowerInfoImpl.java:lambda$new$1(49)) - s0@group-DBBE7E7C6C61->s1: matchIndex: updateToMax old=2, new=-1, updated? false
2022-08-02 21:05:57,743 [grpc-default-executor-0] DEBUG leader.FollowerInfo (FollowerInfoImpl.java:lambda$new$1(49)) - s0@group-DBBE7E7C6C61->s2: commitIndex: updateToMax old=1, new=1, updated? false
2022-08-02 21:05:57,743 [grpc-default-executor-0] DEBUG leader.FollowerInfo (FollowerInfoImpl.java:lambda$new$1(49)) - s0@group-DBBE7E7C6C61->s2: matchIndex: updateToMax old=2, new=-1, updated? false
2022-08-02 21:05:57,743 [grpc-default-executor-0] DEBUG leader.FollowerInfo (FollowerInfoImpl.java:lambda$new$1(49)) - s0@group-DBBE7E7C6C61->s1: commitIndex: updateToMax old=1, new=1, updated? false
2022-08-02 21:05:57,743 [grpc-default-executor-0] DEBUG leader.FollowerInfo (FollowerInfoImpl.java:lambda$new$1(49)) - s0@group-DBBE7E7C6C61->s1: matchIndex: updateToMax old=2, new=-1, updated? false
2022-08-02 21:05:57,744 [grpc-default-executor-3] DEBUG leader.FollowerInfo (FollowerInfoImpl.java:lambda$new$1(49)) - s0@group-DBBE7E7C6C61->s2: commitIndex: updateToMax old=1, new=1, updated? false
2022-08-02 21:05:57,744 [grpc-default-executor-3] DEBUG leader.FollowerInfo (FollowerInfoImpl.java:lambda$new$1(49)) - s0@group-DBBE7E7C6C61->s2: matchIndex: updateToMax old=2, new=-1, updated? false
2022-08-02 21:05:57,745 [grpc-default-executor-3] DEBUG leader.FollowerInfo (FollowerInfoImpl.java:lambda$new$1(49)) - s0@group-DBBE7E7C6C61->s1: commitIndex: updateToMax old=1, new=1, updated? false
2022-08-02 21:05:57,745 [grpc-default-executor-3] DEBUG leader.FollowerInfo (FollowerInfoImpl.java:lambda$new$1(49)) - s0@group-DBBE7E7C6C61->s1: matchIndex: updateToMax old=2, new=-1, updated? false
2022-08-02 21:05:57,746 [grpc-default-executor-0] DEBUG leader.FollowerInfo (FollowerInfoImpl.java:lambda$new$1(49)) - s0@group-DBBE7E7C6C61->s2: commitIndex: updateToMax old=1, new=1, updated? false
2022-08-02 21:05:57,746 [grpc-default-executor-0] DEBUG leader.FollowerInfo (FollowerInfoImpl.java:lambda$new$1(49)) - s0@group-DBBE7E7C6C61->s2: matchIndex: updateToMax old=2, new=-1, updated? false
2022-08-02 21:05:57,746 [grpc-default-executor-0] DEBUG leader.FollowerInfo (FollowerInfoImpl.java:lambda$new$1(49)) - s0@group-DBBE7E7C6C61->s1: commitIndex: updateToMax old=1, new=1, updated? false
2022-08-02 21:05:57,746 [grpc-default-executor-0] DEBUG leader.FollowerInfo (FollowerInfoImpl.java:lambda$new$1(49)) - s0@group-DBBE7E7C6C61->s1: matchIndex: updateToMax old=2, new=-1, updated? false
2022-08-02 21:05:57,747 [grpc-default-executor-3] DEBUG leader.FollowerInfo (FollowerInfoImpl.java:lambda$new$1(49)) - s0@group-DBBE7E7C6C61->s2: commitIndex: updateToMax old=1, new=1, updated? false
2022-08-02 21:05:57,747 [grpc-default-executor-3] DEBUG leader.FollowerInfo (FollowerInfoImpl.java:lambda$new$1(49)) - s0@group-DBBE7E7C6C61->s2: matchIndex: updateToMax old=2, new=-1, updated? false
2022-08-02 21:05:57,747 [grpc-default-executor-3] DEBUG leader.FollowerInfo (FollowerInfoImpl.java:lambda$new$1(49)) - s0@group-DBBE7E7C6C61->s1: commitIndex: updateToMax old=1, new=1, updated? false
2022-08-02 21:05:57,748 [grpc-default-executor-3] DEBUG leader.FollowerInfo (FollowerInfoImpl.java:lambda$new$1(49)) - s0@group-DBBE7E7C6C61->s1: matchIndex: updateToMax old=2, new=-1, updated? false
2022-08-02 21:05:57,748 [grpc-default-executor-0] DEBUG leader.FollowerInfo (FollowerInfoImpl.java:lambda$new$1(49)) - s0@group-DBBE7E7C6C61->s2: commitIndex: updateToMax old=1, new=1, updated? false
2022-08-02 21:05:57,748 [grpc-default-executor-0] DEBUG leader.FollowerInfo (FollowerInfoImpl.java:lambda$new$1(49)) - s0@group-DBBE7E7C6C61->s2: matchIndex: updateToMax old=2, new=-1, updated? false
2022-08-02 21:05:57,749 [grpc-default-executor-0] DEBUG leader.FollowerInfo (FollowerInfoImpl.java:lambda$new$1(49)) - s0@group-DBBE7E7C6C61->s1: commitIndex: updateToMax old=1, new=1, updated? false
2022-08-02 21:05:57,749 [grpc-default-executor-0] DEBUG leader.FollowerInfo (FollowerInfoImpl.java:lambda$new$1(49)) - s0@group-DBBE7E7C6C61->s1: matchIndex: updateToMax old=2, new=-1, updated? false
2022-08-02 21:05:57,749 [grpc-default-executor-3] DEBUG leader.FollowerInfo (FollowerInfoImpl.java:lambda$new$1(49)) - s0@group-DBBE7E7C6C61->s2: commitIndex: updateToMax old=1, new=1, updated? false
2022-08-02 21:05:57,749 [grpc-default-executor-3] DEBUG leader.FollowerInfo (FollowerInfoImpl.java:lambda$new$1(49)) - s0@group-DBBE7E7C6C61->s2: matchIndex: updateToMax old=2, new=-1, updated? false
2022-08-02 21:05:57,750 [grpc-default-executor-3] DEBUG leader.FollowerInfo (FollowerInfoImpl.java:lambda$new$1(49)) - s0@group-DBBE7E7C6C61->s1: commitIndex: updateToMax old=1, new=1, updated? false
2022-08-02 21:05:57,750 [grpc-default-executor-3] DEBUG leader.FollowerInfo (FollowerInfoImpl.java:lambda$new$1(49)) - s0@group-DBBE7E7C6C61->s1: matchIndex: updateToMax old=2, new=-1, updated? false
2022-08-02 21:05:57,750 [grpc-default-executor-0] DEBUG leader.FollowerInfo (FollowerInfoImpl.java:lambda$new$1(49)) - s0@group-DBBE7E7C6C61->s2: commitIndex: updateToMax old=1, new=1, updated? false
2022-08-02 21:05:57,750 [grpc-default-executor-0] DEBUG leader.FollowerInfo (FollowerInfoImpl.java:lambda$new$1(49)) - s0@group-DBBE7E7C6C61->s2: matchIndex: updateToMax old=2, new=-1, updated? false
2022-08-02 21:05:57,751 [grpc-default-executor-0] DEBUG leader.FollowerInfo (FollowerInfoImpl.java:lambda$new$1(49)) - s0@group-DBBE7E7C6C61->s1: commitIndex: updateToMax old=1, new=1, updated? false
2022-08-02 21:05:57,751 [grpc-default-executor-0] DEBUG leader.FollowerInfo (FollowerInfoImpl.java:lambda$new$1(49)) - s0@group-DBBE7E7C6C61->s1: matchIndex: updateToMax old=2, new=-1, updated? false
2022-08-02 21:05:57,751 [grpc-default-executor-3] DEBUG leader.FollowerInfo (FollowerInfoImpl.java:lambda$new$1(49)) - s0@group-DBBE7E7C6C61->s2: commitIndex: updateToMax old=1, new=1, updated? false
2022-08-02 21:05:57,751 [grpc-default-executor-3] DEBUG leader.FollowerInfo (FollowerInfoImpl.java:lambda$new$1(49)) - s0@group-DBBE7E7C6C61->s2: matchIndex: updateToMax old=2, new=-1, updated? false
2022-08-02 21:05:57,752 [grpc-default-executor-3] DEBUG leader.FollowerInfo (FollowerInfoImpl.java:lambda$new$1(49)) - s0@group-DBBE7E7C6C61->s1: commitIndex: updateToMax old=1, new=1, updated? false
2022-08-02 21:05:57,752 [grpc-default-executor-3] DEBUG leader.FollowerInfo (FollowerInfoImpl.java:lambda$new$1(49)) - s0@group-DBBE7E7C6C61->s1: matchIndex: updateToMax old=2, new=-1, updated? false
2022-08-02 21:05:57,753 [grpc-default-executor-0] DEBUG leader.FollowerInfo (FollowerInfoImpl.java:lambda$new$1(49)) - s0@group-DBBE7E7C6C61->s2: commitIndex: updateToMax old=1, new=1, updated? false
2022-08-02 21:05:57,753 [grpc-default-executor-0] DEBUG leader.FollowerInfo (FollowerInfoImpl.java:lambda$new$1(49)) - s0@group-DBBE7E7C6C61->s2: matchIndex: updateToMax old=2, new=-1, updated? false
2022-08-02 21:05:57,753 [grpc-default-executor-0] DEBUG leader.FollowerInfo (FollowerInfoImpl.java:lambda$new$1(49)) - s0@group-DBBE7E7C6C61->s1: commitIndex: updateToMax old=1, new=1, updated? false
2022-08-02 21:05:57,753 [grpc-default-executor-0] DEBUG leader.FollowerInfo (FollowerInfoImpl.java:lambda$new$1(49)) - s0@group-DBBE7E7C6C61->s1: matchIndex: updateToMax old=2, new=-1, updated? false
2022-08-02 21:05:57,754 [grpc-default-executor-3] DEBUG leader.FollowerInfo (FollowerInfoImpl.java:lambda$new$1(49)) - s0@group-DBBE7E7C6C61->s2: commitIndex: updateToMax old=1, new=1, updated? false
2022-08-02 21:05:57,754 [grpc-default-executor-3] DEBUG leader.FollowerInfo (FollowerInfoImpl.java:lambda$new$1(49)) - s0@group-DBBE7E7C6C61->s2: matchIndex: updateToMax old=2, new=-1, updated? false
2022-08-02 21:05:57,754 [grpc-default-executor-3] DEBUG leader.FollowerInfo (FollowerInfoImpl.java:lambda$new$1(49)) - s0@group-DBBE7E7C6C61->s1: commitIndex: updateToMax old=1, new=1, updated? false
2022-08-02 21:05:57,754 [grpc-default-executor-3] DEBUG leader.FollowerInfo (FollowerInfoImpl.java:lambda$new$1(49)) - s0@group-DBBE7E7C6C61->s1: matchIndex: updateToMax old=2, new=-1, updated? false
2022-08-02 21:05:57,755 [grpc-default-executor-0] DEBUG leader.FollowerInfo (FollowerInfoImpl.java:lambda$new$1(49)) - s0@group-DBBE7E7C6C61->s2: commitIndex: updateToMax old=1, new=1, updated? false
2022-08-02 21:05:57,755 [grpc-default-executor-0] DEBUG leader.FollowerInfo (FollowerInfoImpl.java:lambda$new$1(49)) - s0@group-DBBE7E7C6C61->s2: matchIndex: updateToMax old=2, new=-1, updated? false
2022-08-02 21:05:57,755 [grpc-default-executor-0] DEBUG leader.FollowerInfo (FollowerInfoImpl.java:lambda$new$1(49)) - s0@group-DBBE7E7C6C61->s1: commitIndex: updateToMax old=1, new=1, updated? false
2022-08-02 21:05:57,755 [grpc-default-executor-0] DEBUG leader.FollowerInfo (FollowerInfoImpl.java:lambda$new$1(49)) - s0@group-DBBE7E7C6C61->s1: matchIndex: updateToMax old=2, new=-1, updated? false
2022-08-02 21:05:57,756 [grpc-default-executor-3] DEBUG leader.FollowerInfo (FollowerInfoImpl.java:lambda$new$1(49)) - s0@group-DBBE7E7C6C61->s2: commitIndex: updateToMax old=1, new=1, updated? false
2022-08-02 21:05:57,756 [grpc-default-executor-3] DEBUG leader.FollowerInfo (FollowerInfoImpl.java:lambda$new$1(49)) - s0@group-DBBE7E7C6C61->s2: matchIndex: updateToMax old=2, new=-1, updated? false
2022-08-02 21:05:57,756 [grpc-default-executor-3] DEBUG leader.FollowerInfo (FollowerInfoImpl.java:lambda$new$1(49)) - s0@group-DBBE7E7C6C61->s1: commitIndex: updateToMax old=1, new=1, updated? false
2022-08-02 21:05:57,757 [grpc-default-executor-3] DEBUG leader.FollowerInfo (FollowerInfoImpl.java:lambda$new$1(49)) - s0@group-DBBE7E7C6C61->s1: matchIndex: updateToMax old=2, new=-1, updated? false
2022-08-02 21:05:57,757 [grpc-default-executor-0] DEBUG leader.FollowerInfo (FollowerInfoImpl.java:lambda$new$1(49)) - s0@group-DBBE7E7C6C61->s2: commitIndex: updateToMax old=1, new=1, updated? false
2022-08-02 21:05:57,757 [grpc-default-executor-0] DEBUG leader.FollowerInfo (FollowerInfoImpl.java:lambda$new$1(49)) - s0@group-DBBE7E7C6C61->s2: matchIndex: updateToMax old=2, new=-1, updated? false
2022-08-02 21:05:57,758 [grpc-default-executor-0] DEBUG leader.FollowerInfo (FollowerInfoImpl.java:lambda$new$1(49)) - s0@group-DBBE7E7C6C61->s1: commitIndex: updateToMax old=1, new=1, updated? false
2022-08-02 21:05:57,758 [grpc-default-executor-0] DEBUG leader.FollowerInfo (FollowerInfoImpl.java:lambda$new$1(49)) - s0@group-DBBE7E7C6C61->s1: matchIndex: updateToMax old=2, new=-1, updated? false
2022-08-02 21:05:57,758 [grpc-default-executor-3] DEBUG leader.FollowerInfo (FollowerInfoImpl.java:lambda$new$1(49)) - s0@group-DBBE7E7C6C61->s2: commitIndex: updateToMax old=1, new=1, updated? false
2022-08-02 21:05:57,758 [grpc-default-executor-3] DEBUG leader.FollowerInfo (FollowerInfoImpl.java:lambda$new$1(49)) - s0@group-DBBE7E7C6C61->s2: matchIndex: updateToMax old=2, new=-1, updated? false
2022-08-02 21:05:57,759 [grpc-default-executor-3] DEBUG leader.FollowerInfo (FollowerInfoImpl.java:lambda$new$1(49)) - s0@group-DBBE7E7C6C61->s1: commitIndex: updateToMax old=1, new=1, updated? false
2022-08-02 21:05:57,759 [grpc-default-executor-3] DEBUG leader.FollowerInfo (FollowerInfoImpl.java:lambda$new$1(49)) - s0@group-DBBE7E7C6C61->s1: matchIndex: updateToMax old=2, new=-1, updated? false
2022-08-02 21:05:57,759 [grpc-default-executor-0] DEBUG leader.FollowerInfo (FollowerInfoImpl.java:lambda$new$1(49)) - s0@group-DBBE7E7C6C61->s2: commitIndex: updateToMax old=1, new=1, updated? false
2022-08-02 21:05:57,759 [grpc-default-executor-0] DEBUG leader.FollowerInfo (FollowerInfoImpl.java:lambda$new$1(49)) - s0@group-DBBE7E7C6C61->s2: matchIndex: updateToMax old=2, new=-1, updated? false
2022-08-02 21:05:57,760 [grpc-default-executor-0] DEBUG leader.FollowerInfo (FollowerInfoImpl.java:lambda$new$1(49)) - s0@group-DBBE7E7C6C61->s1: commitIndex: updateToMax old=1, new=1, updated? false
2022-08-02 21:05:57,760 [grpc-default-executor-0] DEBUG leader.FollowerInfo (FollowerInfoImpl.java:lambda$new$1(49)) - s0@group-DBBE7E7C6C61->s1: matchIndex: updateToMax old=2, new=-1, updated? false
2022-08-02 21:05:57,761 [grpc-default-executor-3] DEBUG leader.FollowerInfo (FollowerInfoImpl.java:lambda$new$1(49)) - s0@group-DBBE7E7C6C61->s2: commitIndex: updateToMax old=1, new=1, updated? false
2022-08-02 21:05:57,761 [grpc-default-executor-3] DEBUG leader.FollowerInfo (FollowerInfoImpl.java:lambda$new$1(49)) - s0@group-DBBE7E7C6C61->s2: matchIndex: updateToMax old=2, new=-1, updated? false
2022-08-02 21:05:57,761 [grpc-default-executor-3] DEBUG leader.FollowerInfo (FollowerInfoImpl.java:lambda$new$1(49)) - s0@group-DBBE7E7C6C61->s1: commitIndex: updateToMax old=1, new=1, updated? false
2022-08-02 21:05:57,761 [grpc-default-executor-3] DEBUG leader.FollowerInfo (FollowerInfoImpl.java:lambda$new$1(49)) - s0@group-DBBE7E7C6C61->s1: matchIndex: updateToMax old=2, new=-1, updated? false
2022-08-02 21:05:57,762 [grpc-default-executor-0] DEBUG leader.FollowerInfo (FollowerInfoImpl.java:lambda$new$1(49)) - s0@group-DBBE7E7C6C61->s2: commitIndex: updateToMax old=1, new=1, updated? false
2022-08-02 21:05:57,762 [grpc-default-executor-0] DEBUG leader.FollowerInfo (FollowerInfoImpl.java:lambda$new$1(49)) - s0@group-DBBE7E7C6C61->s2: matchIndex: updateToMax old=2, new=-1, updated? false
2022-08-02 21:05:57,762 [grpc-default-executor-3] DEBUG leader.FollowerInfo (FollowerInfoImpl.java:lambda$new$1(49)) - s0@group-DBBE7E7C6C61->s1: commitIndex: updateToMax old=1, new=1, updated? false
2022-08-02 21:05:57,762 [grpc-default-executor-3] DEBUG leader.FollowerInfo (FollowerInfoImpl.java:lambda$new$1(49)) - s0@group-DBBE7E7C6C61->s1: matchIndex: updateToMax old=2, new=-1, updated? false
2022-08-02 21:05:57,763 [grpc-default-executor-0] DEBUG leader.FollowerInfo (FollowerInfoImpl.java:lambda$new$1(49)) - s0@group-DBBE7E7C6C61->s2: commitIndex: updateToMax old=1, new=1, updated? false
2022-08-02 21:05:57,763 [grpc-default-executor-0] DEBUG leader.FollowerInfo (FollowerInfoImpl.java:lambda$new$1(49)) - s0@group-DBBE7E7C6C61->s2: matchIndex: updateToMax old=2, new=-1, updated? false
2022-08-02 21:05:57,764 [grpc-default-executor-0] DEBUG leader.FollowerInfo (FollowerInfoImpl.java:lambda$new$1(49)) - s0@group-DBBE7E7C6C61->s1: commitIndex: updateToMax old=1, new=1, updated? false
2022-08-02 21:05:57,764 [grpc-default-executor-0] DEBUG leader.FollowerInfo (FollowerInfoImpl.java:lambda$new$1(49)) - s0@group-DBBE7E7C6C61->s1: matchIndex: updateToMax old=2, new=-1, updated? false
2022-08-02 21:05:57,764 [grpc-default-executor-3] DEBUG leader.FollowerInfo (FollowerInfoImpl.java:lambda$new$1(49)) - s0@group-DBBE7E7C6C61->s2: commitIndex: updateToMax old=1, new=1, updated? false
2022-08-02 21:05:57,764 [grpc-default-executor-3] DEBUG leader.FollowerInfo (FollowerInfoImpl.java:lambda$new$1(49)) - s0@group-DBBE7E7C6C61->s2: matchIndex: updateToMax old=2, new=-1, updated? false
2022-08-02 21:05:57,765 [grpc-default-executor-0] DEBUG leader.FollowerInfo (FollowerInfoImpl.java:lambda$new$1(49)) - s0@group-DBBE7E7C6C61->s1: commitIndex: updateToMax old=1, new=1, updated? false
2022-08-02 21:05:57,765 [grpc-default-executor-0] DEBUG leader.FollowerInfo (FollowerInfoImpl.java:lambda$new$1(49)) - s0@group-DBBE7E7C6C61->s1: matchIndex: updateToMax old=2, new=-1, updated? false
2022-08-02 21:05:57,765 [grpc-default-executor-3] DEBUG leader.FollowerInfo (FollowerInfoImpl.java:lambda$new$1(49)) - s0@group-DBBE7E7C6C61->s2: commitIndex: updateToMax old=1, new=1, updated? false
2022-08-02 21:05:57,765 [grpc-default-executor-3] DEBUG leader.FollowerInfo (FollowerInfoImpl.java:lambda$new$1(49)) - s0@group-DBBE7E7C6C61->s2: matchIndex: updateToMax old=2, new=-1, updated? false
2022-08-02 21:05:57,766 [grpc-default-executor-3] DEBUG leader.FollowerInfo (FollowerInfoImpl.java:lambda$new$1(49)) - s0@group-DBBE7E7C6C61->s1: commitIndex: updateToMax old=1, new=1, updated? false
2022-08-02 21:05:57,766 [grpc-default-executor-3] DEBUG leader.FollowerInfo (FollowerInfoImpl.java:lambda$new$1(49)) - s0@group-DBBE7E7C6C61->s1: matchIndex: updateToMax old=2, new=-1, updated? false
2022-08-02 21:05:57,766 [grpc-default-executor-0] DEBUG leader.FollowerInfo (FollowerInfoImpl.java:lambda$new$1(49)) - s0@group-DBBE7E7C6C61->s2: commitIndex: updateToMax old=1, new=1, updated? false
2022-08-02 21:05:57,767 [grpc-default-executor-0] DEBUG leader.FollowerInfo (FollowerInfoImpl.java:lambda$new$1(49)) - s0@group-DBBE7E7C6C61->s2: matchIndex: updateToMax old=2, new=-1, updated? false
2022-08-02 21:05:57,767 [grpc-default-executor-0] DEBUG leader.FollowerInfo (FollowerInfoImpl.java:lambda$new$1(49)) - s0@group-DBBE7E7C6C61->s1: commitIndex: updateToMax old=1, new=1, updated? false
2022-08-02 21:05:57,767 [grpc-default-executor-0] DEBUG leader.FollowerInfo (FollowerInfoImpl.java:lambda$new$1(49)) - s0@group-DBBE7E7C6C61->s1: matchIndex: updateToMax old=2, new=-1, updated? false
2022-08-02 21:05:57,768 [grpc-default-executor-3] DEBUG leader.FollowerInfo (FollowerInfoImpl.java:lambda$new$1(49)) - s0@group-DBBE7E7C6C61->s2: commitIndex: updateToMax old=1, new=1, updated? false
2022-08-02 21:05:57,768 [grpc-default-executor-3] DEBUG leader.FollowerInfo (FollowerInfoImpl.java:lambda$new$1(49)) - s0@group-DBBE7E7C6C61->s2: matchIndex: updateToMax old=2, new=-1, updated? false
2022-08-02 21:05:57,768 [grpc-default-executor-3] DEBUG leader.FollowerInfo (FollowerInfoImpl.java:lambda$new$1(49)) - s0@group-DBBE7E7C6C61->s1: commitIndex: updateToMax old=1, new=1, updated? false
2022-08-02 21:05:57,768 [grpc-default-executor-3] DEBUG leader.FollowerInfo (FollowerInfoImpl.java:lambda$new$1(49)) - s0@group-DBBE7E7C6C61->s1: matchIndex: updateToMax old=2, new=-1, updated? false
2022-08-02 21:05:57,769 [grpc-default-executor-0] DEBUG leader.FollowerInfo (FollowerInfoImpl.java:lambda$new$1(49)) - s0@group-DBBE7E7C6C61->s2: commitIndex: updateToMax old=1, new=1, updated? false
2022-08-02 21:05:57,769 [grpc-default-executor-0] DEBUG leader.FollowerInfo (FollowerInfoImpl.java:lambda$new$1(49)) - s0@group-DBBE7E7C6C61->s2: matchIndex: updateToMax old=2, new=-1, updated? false
2022-08-02 21:05:57,769 [grpc-default-executor-0] DEBUG leader.FollowerInfo (FollowerInfoImpl.java:lambda$new$1(49)) - s0@group-DBBE7E7C6C61->s1: commitIndex: updateToMax old=1, new=1, updated? false
2022-08-02 21:05:57,769 [grpc-default-executor-0] DEBUG leader.FollowerInfo (FollowerInfoImpl.java:lambda$new$1(49)) - s0@group-DBBE7E7C6C61->s1: matchIndex: updateToMax old=2, new=-1, updated? false
2022-08-02 21:05:57,770 [grpc-default-executor-3] DEBUG leader.FollowerInfo (FollowerInfoImpl.java:lambda$new$1(49)) - s0@group-DBBE7E7C6C61->s2: commitIndex: updateToMax old=1, new=1, updated? false
2022-08-02 21:05:57,770 [grpc-default-executor-3] DEBUG leader.FollowerInfo (FollowerInfoImpl.java:lambda$new$1(49)) - s0@group-DBBE7E7C6C61->s2: matchIndex: updateToMax old=2, new=-1, updated? false
2022-08-02 21:05:57,770 [grpc-default-executor-3] DEBUG leader.FollowerInfo (FollowerInfoImpl.java:lambda$new$1(49)) - s0@group-DBBE7E7C6C61->s1: commitIndex: updateToMax old=1, new=1, updated? false
2022-08-02 21:05:57,770 [grpc-default-executor-3] DEBUG leader.FollowerInfo (FollowerInfoImpl.java:lambda$new$1(49)) - s0@group-DBBE7E7C6C61->s1: matchIndex: updateToMax old=2, new=-1, updated? false
2022-08-02 21:05:57,771 [grpc-default-executor-0] DEBUG leader.FollowerInfo (FollowerInfoImpl.java:lambda$new$1(49)) - s0@group-DBBE7E7C6C61->s2: commitIndex: updateToMax old=1, new=1, updated? false
2022-08-02 21:05:57,771 [grpc-default-executor-0] DEBUG leader.FollowerInfo (FollowerInfoImpl.java:lambda$new$1(49)) - s0@group-DBBE7E7C6C61->s2: matchIndex: updateToMax old=2, new=-1, updated? false
2022-08-02 21:05:57,772 [grpc-default-executor-0] DEBUG leader.FollowerInfo (FollowerInfoImpl.java:lambda$new$1(49)) - s0@group-DBBE7E7C6C61->s1: commitIndex: updateToMax old=1, new=1, updated? false
2022-08-02 21:05:57,772 [grpc-default-executor-0] DEBUG leader.FollowerInfo (FollowerInfoImpl.java:lambda$new$1(49)) - s0@group-DBBE7E7C6C61->s1: matchIndex: updateToMax old=2, new=-1, updated? false
2022-08-02 21:05:57,773 [grpc-default-executor-3] DEBUG leader.FollowerInfo (FollowerInfoImpl.java:lambda$new$1(49)) - s0@group-DBBE7E7C6C61->s2: commitIndex: updateToMax old=1, new=1, updated? false
2022-08-02 21:05:57,773 [grpc-default-executor-3] DEBUG leader.FollowerInfo (FollowerInfoImpl.java:lambda$new$1(49)) - s0@group-DBBE7E7C6C61->s2: matchIndex: updateToMax old=2, new=-1, updated? false
2022-08-02 21:05:57,773 [grpc-default-executor-3] DEBUG leader.FollowerInfo (FollowerInfoImpl.java:lambda$new$1(49)) - s0@group-DBBE7E7C6C61->s1: commitIndex: updateToMax old=1, new=1, updated? false
2022-08-02 21:05:57,773 [grpc-default-executor-3] DEBUG leader.FollowerInfo (FollowerInfoImpl.java:lambda$new$1(49)) - s0@group-DBBE7E7C6C61->s1: matchIndex: updateToMax old=2, new=-1, updated? false
2022-08-02 21:05:57,774 [grpc-default-executor-0] DEBUG leader.FollowerInfo (FollowerInfoImpl.java:lambda$new$1(49)) - s0@group-DBBE7E7C6C61->s2: commitIndex: updateToMax old=1, new=1, updated? false
2022-08-02 21:05:57,774 [grpc-default-executor-0] DEBUG leader.FollowerInfo (FollowerInfoImpl.java:lambda$new$1(49)) - s0@group-DBBE7E7C6C61->s2: matchIndex: updateToMax old=2, new=-1, updated? false
2022-08-02 21:05:57,775 [grpc-default-executor-0] DEBUG leader.FollowerInfo (FollowerInfoImpl.java:lambda$new$1(49)) - s0@group-DBBE7E7C6C61->s1: commitIndex: updateToMax old=1, new=1, updated? false
2022-08-02 21:05:57,775 [grpc-default-executor-0] DEBUG leader.FollowerInfo (FollowerInfoImpl.java:lambda$new$1(49)) - s0@group-DBBE7E7C6C61->s1: matchIndex: updateToMax old=2, new=-1, updated? false
2022-08-02 21:05:57,775 [grpc-default-executor-3] DEBUG leader.FollowerInfo (FollowerInfoImpl.java:lambda$new$1(49)) - s0@group-DBBE7E7C6C61->s2: commitIndex: updateToMax old=1, new=1, updated? false
2022-08-02 21:05:57,775 [grpc-default-executor-3] DEBUG leader.FollowerInfo (FollowerInfoImpl.java:lambda$new$1(49)) - s0@group-DBBE7E7C6C61->s2: matchIndex: updateToMax old=2, new=-1, updated? false
2022-08-02 21:05:57,776 [grpc-default-executor-3] DEBUG leader.FollowerInfo (FollowerInfoImpl.java:lambda$new$1(49)) - s0@group-DBBE7E7C6C61->s1: commitIndex: updateToMax old=1, new=1, updated? false
2022-08-02 21:05:57,776 [grpc-default-executor-3] DEBUG leader.FollowerInfo (FollowerInfoImpl.java:lambda$new$1(49)) - s0@group-DBBE7E7C6C61->s1: matchIndex: updateToMax old=2, new=-1, updated? false
2022-08-02 21:05:57,776 [grpc-default-executor-0] DEBUG leader.FollowerInfo (FollowerInfoImpl.java:lambda$new$1(49)) - s0@group-DBBE7E7C6C61->s2: commitIndex: updateToMax old=1, new=1, updated? false
2022-08-02 21:05:57,776 [grpc-default-executor-0] DEBUG leader.FollowerInfo (FollowerInfoImpl.java:lambda$new$1(49)) - s0@group-DBBE7E7C6C61->s2: matchIndex: updateToMax old=2, new=-1, updated? false
2022-08-02 21:05:57,777 [grpc-default-executor-0] DEBUG leader.FollowerInfo (FollowerInfoImpl.java:lambda$new$1(49)) - s0@group-DBBE7E7C6C61->s1: commitIndex: updateToMax old=1, new=1, updated? false
2022-08-02 21:05:57,777 [grpc-default-executor-0] DEBUG leader.FollowerInfo (FollowerInfoImpl.java:lambda$new$1(49)) - s0@group-DBBE7E7C6C61->s1: matchIndex: updateToMax old=2, new=-1, updated? false
2022-08-02 21:05:57,777 [grpc-default-executor-3] DEBUG leader.FollowerInfo (FollowerInfoImpl.java:lambda$new$1(49)) - s0@group-DBBE7E7C6C61->s2: commitIndex: updateToMax old=1, new=1, updated? false
2022-08-02 21:05:57,778 [grpc-default-executor-3] DEBUG leader.FollowerInfo (FollowerInfoImpl.java:lambda$new$1(49)) - s0@group-DBBE7E7C6C61->s2: matchIndex: updateToMax old=2, new=-1, updated? false
2022-08-02 21:05:57,778 [grpc-default-executor-3] DEBUG leader.FollowerInfo (FollowerInfoImpl.java:lambda$new$1(49)) - s0@group-DBBE7E7C6C61->s1: commitIndex: updateToMax old=1, new=1, updated? false
2022-08-02 21:05:57,778 [grpc-default-executor-3] DEBUG leader.FollowerInfo (FollowerInfoImpl.java:lambda$new$1(49)) - s0@group-DBBE7E7C6C61->s1: matchIndex: updateToMax old=2, new=-1, updated? false
2022-08-02 21:05:57,779 [grpc-default-executor-0] DEBUG leader.FollowerInfo (FollowerInfoImpl.java:lambda$new$1(49)) - s0@group-DBBE7E7C6C61->s2: commitIndex: updateToMax old=1, new=1, updated? false
2022-08-02 21:05:57,779 [grpc-default-executor-0] DEBUG leader.FollowerInfo (FollowerInfoImpl.java:lambda$new$1(49)) - s0@group-DBBE7E7C6C61->s2: matchIndex: updateToMax old=2, new=-1, updated? false
2022-08-02 21:05:57,780 [grpc-default-executor-3] DEBUG leader.FollowerInfo (FollowerInfoImpl.java:lambda$new$1(49)) - s0@group-DBBE7E7C6C61->s1: commitIndex: updateToMax old=1, new=1, updated? false
2022-08-02 21:05:57,780 [grpc-default-executor-0] DEBUG leader.FollowerInfo (FollowerInfoImpl.java:lambda$new$1(49)) - s0@group-DBBE7E7C6C61->s2: commitIndex: updateToMax old=1, new=1, updated? false
2022-08-02 21:05:57,780 [grpc-default-executor-0] DEBUG leader.FollowerInfo (FollowerInfoImpl.java:lambda$new$1(49)) - s0@group-DBBE7E7C6C61->s2: matchIndex: updateToMax old=2, new=-1, updated? false
2022-08-02 21:05:57,780 [grpc-default-executor-3] DEBUG leader.FollowerInfo (FollowerInfoImpl.java:lambda$new$1(49)) - s0@group-DBBE7E7C6C61->s1: matchIndex: updateToMax old=2, new=-1, updated? false
2022-08-02 21:05:57,781 [grpc-default-executor-0] DEBUG leader.FollowerInfo (FollowerInfoImpl.java:lambda$new$1(49)) - s0@group-DBBE7E7C6C61->s1: commitIndex: updateToMax old=1, new=1, updated? false
2022-08-02 21:05:57,781 [grpc-default-executor-0] DEBUG leader.FollowerInfo (FollowerInfoImpl.java:lambda$new$1(49)) - s0@group-DBBE7E7C6C61->s1: matchIndex: updateToMax old=2, new=-1, updated? false
2022-08-02 21:05:57,781 [grpc-default-executor-3] DEBUG leader.FollowerInfo (FollowerInfoImpl.java:lambda$new$1(49)) - s0@group-DBBE7E7C6C61->s2: commitIndex: updateToMax old=1, new=1, updated? false
2022-08-02 21:05:57,781 [grpc-default-executor-3] DEBUG leader.FollowerInfo (FollowerInfoImpl.java:lambda$new$1(49)) - s0@group-DBBE7E7C6C61->s2: matchIndex: updateToMax old=2, new=-1, updated? false
2022-08-02 21:05:57,781 [grpc-default-executor-3] DEBUG leader.FollowerInfo (FollowerInfoImpl.java:lambda$new$1(49)) - s0@group-DBBE7E7C6C61->s1: commitIndex: updateToMax old=1, new=1, updated? false
2022-08-02 21:05:57,781 [grpc-default-executor-3] DEBUG leader.FollowerInfo (FollowerInfoImpl.java:lambda$new$1(49)) - s0@group-DBBE7E7C6C61->s1: matchIndex: updateToMax old=2, new=-1, updated? false
2022-08-02 21:05:57,782 [grpc-default-executor-0] DEBUG leader.FollowerInfo (FollowerInfoImpl.java:lambda$new$1(49)) - s0@group-DBBE7E7C6C61->s2: commitIndex: updateToMax old=1, new=1, updated? false
2022-08-02 21:05:57,782 [grpc-default-executor-0] DEBUG leader.FollowerInfo (FollowerInfoImpl.java:lambda$new$1(49)) - s0@group-DBBE7E7C6C61->s2: matchIndex: updateToMax old=2, new=-1, updated? false
2022-08-02 21:05:57,782 [grpc-default-executor-0] DEBUG leader.FollowerInfo (FollowerInfoImpl.java:lambda$new$1(49)) - s0@group-DBBE7E7C6C61->s1: commitIndex: updateToMax old=1, new=1, updated? false
2022-08-02 21:05:57,782 [grpc-default-executor-0] DEBUG leader.FollowerInfo (FollowerInfoImpl.java:lambda$new$1(49)) - s0@group-DBBE7E7C6C61->s1: matchIndex: updateToMax old=2, new=-1, updated? false
2022-08-02 21:05:57,783 [grpc-default-executor-0] DEBUG leader.FollowerInfo (FollowerInfoImpl.java:lambda$new$1(49)) - s0@group-DBBE7E7C6C61->s2: commitIndex: updateToMax old=1, new=1, updated? false
2022-08-02 21:05:57,783 [grpc-default-executor-0] DEBUG leader.FollowerInfo (FollowerInfoImpl.java:lambda$new$1(49)) - s0@group-DBBE7E7C6C61->s2: matchIndex: updateToMax old=2, new=-1, updated? false
2022-08-02 21:05:57,783 [grpc-default-executor-3] DEBUG leader.FollowerInfo (FollowerInfoImpl.java:lambda$new$1(49)) - s0@group-DBBE7E7C6C61->s1: commitIndex: updateToMax old=1, new=1, updated? false
2022-08-02 21:05:57,783 [grpc-default-executor-3] DEBUG leader.FollowerInfo (FollowerInfoImpl.java:lambda$new$1(49)) - s0@group-DBBE7E7C6C61->s1: matchIndex: updateToMax old=2, new=-1, updated? false
2022-08-02 21:05:57,783 [grpc-default-executor-3] DEBUG leader.FollowerInfo (FollowerInfoImpl.java:lambda$new$1(49)) - s0@group-DBBE7E7C6C61->s2: commitIndex: updateToMax old=1, new=1, updated? false
2022-08-02 21:05:57,783 [grpc-default-executor-3] DEBUG leader.FollowerInfo (FollowerInfoImpl.java:lambda$new$1(49)) - s0@group-DBBE7E7C6C61->s2: matchIndex: updateToMax old=2, new=-1, updated? false
2022-08-02 21:05:57,784 [grpc-default-executor-0] DEBUG leader.FollowerInfo (FollowerInfoImpl.java:lambda$new$1(49)) - s0@group-DBBE7E7C6C61->s1: commitIndex: updateToMax old=1, new=1, updated? false
2022-08-02 21:05:57,784 [grpc-default-executor-0] DEBUG leader.FollowerInfo (FollowerInfoImpl.java:lambda$new$1(49)) - s0@group-DBBE7E7C6C61->s1: matchIndex: updateToMax old=2, new=-1, updated? false
2022-08-02 21:05:57,784 [grpc-default-executor-0] DEBUG leader.FollowerInfo (FollowerInfoImpl.java:lambda$new$1(49)) - s0@group-DBBE7E7C6C61->s2: commitIndex: updateToMax old=1, new=1, updated? false
2022-08-02 21:05:57,784 [grpc-default-executor-0] DEBUG leader.FollowerInfo (FollowerInfoImpl.java:lambda$new$1(49)) - s0@group-DBBE7E7C6C61->s2: matchIndex: updateToMax old=2, new=-1, updated? false
2022-08-02 21:05:57,787 [grpc-default-executor-3] DEBUG leader.FollowerInfo (FollowerInfoImpl.java:lambda$new$1(49)) - s0@group-DBBE7E7C6C61->s2: commitIndex: updateToMax old=1, new=1, updated? false
2022-08-02 21:05:57,787 [grpc-default-executor-3] DEBUG leader.FollowerInfo (FollowerInfoImpl.java:lambda$new$1(49)) - s0@group-DBBE7E7C6C61->s2: matchIndex: updateToMax old=2, new=-1, updated? false
2022-08-02 21:05:57,787 [grpc-default-executor-0] DEBUG leader.FollowerInfo (FollowerInfoImpl.java:lambda$new$1(49)) - s0@group-DBBE7E7C6C61->s1: commitIndex: updateToMax old=1, new=1, updated? false
2022-08-02 21:05:57,787 [grpc-default-executor-0] DEBUG leader.FollowerInfo (FollowerInfoImpl.java:lambda$new$1(49)) - s0@group-DBBE7E7C6C61->s1: matchIndex: updateToMax old=2, new=-1, updated? false
2022-08-02 21:05:57,788 [grpc-default-executor-3] DEBUG leader.FollowerInfo (FollowerInfoImpl.java:lambda$new$1(49)) - s0@group-DBBE7E7C6C61->s1: commitIndex: updateToMax old=1, new=1, updated? false
2022-08-02 21:05:57,788 [grpc-default-executor-3] DEBUG leader.FollowerInfo (FollowerInfoImpl.java:lambda$new$1(49)) - s0@group-DBBE7E7C6C61->s1: matchIndex: updateToMax old=2, new=-1, updated? false
2022-08-02 21:05:57,788 [grpc-default-executor-0] DEBUG leader.FollowerInfo (FollowerInfoImpl.java:lambda$new$1(49)) - s0@group-DBBE7E7C6C61->s2: commitIndex: updateToMax old=1, new=1, updated? false
2022-08-02 21:05:57,788 [grpc-default-executor-0] DEBUG leader.FollowerInfo (FollowerInfoImpl.java:lambda$new$1(49)) - s0@group-DBBE7E7C6C61->s2: matchIndex: updateToMax old=2, new=-1, updated? false
2022-08-02 21:05:57,789 [grpc-default-executor-0] DEBUG leader.FollowerInfo (FollowerInfoImpl.java:lambda$new$1(49)) - s0@group-DBBE7E7C6C61->s1: commitIndex: updateToMax old=1, new=1, updated? false
2022-08-02 21:05:57,789 [grpc-default-executor-0] DEBUG leader.FollowerInfo (FollowerInfoImpl.java:lambda$new$1(49)) - s0@group-DBBE7E7C6C61->s1: matchIndex: updateToMax old=2, new=-1, updated? false
2022-08-02 21:05:57,789 [grpc-default-executor-3] DEBUG leader.FollowerInfo (FollowerInfoImpl.java:lambda$new$1(49)) - s0@group-DBBE7E7C6C61->s2: commitIndex: updateToMax old=1, new=1, updated? false
2022-08-02 21:05:57,789 [grpc-default-executor-3] DEBUG leader.FollowerInfo (FollowerInfoImpl.java:lambda$new$1(49)) - s0@group-DBBE7E7C6C61->s2: matchIndex: updateToMax old=2, new=-1, updated? false
2022-08-02 21:05:57,789 [grpc-default-executor-0] DEBUG leader.FollowerInfo (FollowerInfoImpl.java:lambda$new$1(49)) - s0@group-DBBE7E7C6C61->s1: commitIndex: updateToMax old=1, new=1, updated? false
2022-08-02 21:05:57,790 [grpc-default-executor-0] DEBUG leader.FollowerInfo (FollowerInfoImpl.java:lambda$new$1(49)) - s0@group-DBBE7E7C6C61->s1: matchIndex: updateToMax old=2, new=-1, updated? false
2022-08-02 21:05:57,790 [grpc-default-executor-0] DEBUG leader.FollowerInfo (FollowerInfoImpl.java:lambda$new$1(49)) - s0@group-DBBE7E7C6C61->s2: commitIndex: updateToMax old=1, new=1, updated? false
2022-08-02 21:05:57,790 [grpc-default-executor-0] DEBUG leader.FollowerInfo (FollowerInfoImpl.java:lambda$new$1(49)) - s0@group-DBBE7E7C6C61->s2: matchIndex: updateToMax old=2, new=-1, updated? false
2022-08-02 21:05:57,790 [grpc-default-executor-0] DEBUG leader.FollowerInfo (FollowerInfoImpl.java:lambda$new$1(49)) - s0@group-DBBE7E7C6C61->s1: commitIndex: updateToMax old=1, new=1, updated? false
2022-08-02 21:05:57,790 [grpc-default-executor-0] DEBUG leader.FollowerInfo (FollowerInfoImpl.java:lambda$new$1(49)) - s0@group-DBBE7E7C6C61->s1: matchIndex: updateToMax old=2, new=-1, updated? false
2022-08-02 21:05:57,790 [grpc-default-executor-3] DEBUG leader.FollowerInfo (FollowerInfoImpl.java:lambda$new$1(49)) - s0@group-DBBE7E7C6C61->s2: commitIndex: updateToMax old=1, new=1, updated? false
2022-08-02 21:05:57,791 [grpc-default-executor-3] DEBUG leader.FollowerInfo (FollowerInfoImpl.java:lambda$new$1(49)) - s0@group-DBBE7E7C6C61->s2: matchIndex: updateToMax old=2, new=-1, updated? false
2022-08-02 21:05:57,791 [grpc-default-executor-0] DEBUG leader.FollowerInfo (FollowerInfoImpl.java:lambda$new$1(49)) - s0@group-DBBE7E7C6C61->s1: commitIndex: updateToMax old=1, new=1, updated? false
2022-08-02 21:05:57,791 [grpc-default-executor-0] DEBUG leader.FollowerInfo (FollowerInfoImpl.java:lambda$new$1(49)) - s0@group-DBBE7E7C6C61->s1: matchIndex: updateToMax old=2, new=-1, updated? false
2022-08-02 21:05:57,791 [grpc-default-executor-3] DEBUG leader.FollowerInfo (FollowerInfoImpl.java:lambda$new$1(49)) - s0@group-DBBE7E7C6C61->s2: commitIndex: updateToMax old=1, new=1, updated? false
2022-08-02 21:05:57,791 [grpc-default-executor-3] DEBUG leader.FollowerInfo (FollowerInfoImpl.java:lambda$new$1(49)) - s0@group-DBBE7E7C6C61->s2: matchIndex: updateToMax old=2, new=-1, updated? false
2022-08-02 21:05:57,796 [grpc-default-executor-3] DEBUG leader.FollowerInfo (FollowerInfoImpl.java:lambda$new$1(49)) - s0@group-DBBE7E7C6C61->s1: commitIndex: updateToMax old=1, new=1, updated? false
2022-08-02 21:05:57,796 [grpc-default-executor-3] DEBUG leader.FollowerInfo (FollowerInfoImpl.java:lambda$new$1(49)) - s0@group-DBBE7E7C6C61->s1: matchIndex: updateToMax old=2, new=-1, updated? false
2022-08-02 21:05:57,796 [grpc-default-executor-0] DEBUG leader.FollowerInfo (FollowerInfoImpl.java:lambda$new$1(49)) - s0@group-DBBE7E7C6C61->s2: commitIndex: updateToMax old=1, new=1, updated? false
2022-08-02 21:05:57,796 [grpc-default-executor-0] DEBUG leader.FollowerInfo (FollowerInfoImpl.java:lambda$new$1(49)) - s0@group-DBBE7E7C6C61->s2: matchIndex: updateToMax old=2, new=-1, updated? false
2022-08-02 21:05:57,797 [grpc-default-executor-3] DEBUG leader.FollowerInfo (FollowerInfoImpl.java:lambda$new$1(49)) - s0@group-DBBE7E7C6C61->s1: commitIndex: updateToMax old=1, new=1, updated? false
2022-08-02 21:05:57,797 [grpc-default-executor-3] DEBUG leader.FollowerInfo (FollowerInfoImpl.java:lambda$new$1(49)) - s0@group-DBBE7E7C6C61->s1: matchIndex: updateToMax old=2, new=-1, updated? false
2022-08-02 21:05:57,797 [grpc-default-executor-0] DEBUG leader.FollowerInfo (FollowerInfoImpl.java:lambda$new$1(49)) - s0@group-DBBE7E7C6C61->s2: commitIndex: updateToMax old=1, new=1, updated? false
2022-08-02 21:05:57,797 [grpc-default-executor-0] DEBUG leader.FollowerInfo (FollowerInfoImpl.java:lambda$new$1(49)) - s0@group-DBBE7E7C6C61->s2: matchIndex: updateToMax old=2, new=-1, updated? false
2022-08-02 21:05:57,798 [grpc-default-executor-3] DEBUG leader.FollowerInfo (FollowerInfoImpl.java:lambda$new$1(49)) - s0@group-DBBE7E7C6C61->s1: commitIndex: updateToMax old=1, new=1, updated? false
2022-08-02 21:05:57,798 [grpc-default-executor-3] DEBUG leader.FollowerInfo (FollowerInfoImpl.java:lambda$new$1(49)) - s0@group-DBBE7E7C6C61->s1: matchIndex: updateToMax old=2, new=-1, updated? false
2022-08-02 21:05:57,798 [grpc-default-executor-0] DEBUG leader.FollowerInfo (FollowerInfoImpl.java:lambda$new$1(49)) - s0@group-DBBE7E7C6C61->s2: commitIndex: updateToMax old=1, new=1, updated? false
2022-08-02 21:05:57,798 [grpc-default-executor-0] DEBUG leader.FollowerInfo (FollowerInfoImpl.java:lambda$new$1(49)) - s0@group-DBBE7E7C6C61->s2: matchIndex: updateToMax old=2, new=-1, updated? false
2022-08-02 21:05:57,798 [grpc-default-executor-3] DEBUG leader.FollowerInfo (FollowerInfoImpl.java:lambda$new$1(49)) - s0@group-DBBE7E7C6C61->s1: commitIndex: updateToMax old=1, new=1, updated? false
2022-08-02 21:05:57,799 [grpc-default-executor-3] DEBUG leader.FollowerInfo (FollowerInfoImpl.java:lambda$new$1(49)) - s0@group-DBBE7E7C6C61->s1: matchIndex: updateToMax old=2, new=-1, updated? false
2022-08-02 21:05:57,799 [grpc-default-executor-0] DEBUG leader.FollowerInfo (FollowerInfoImpl.java:lambda$new$1(49)) - s0@group-DBBE7E7C6C61->s2: commitIndex: updateToMax old=1, new=1, updated? false
2022-08-02 21:05:57,799 [grpc-default-executor-0] DEBUG leader.FollowerInfo (FollowerInfoImpl.java:lambda$new$1(49)) - s0@group-DBBE7E7C6C61->s2: matchIndex: updateToMax old=2, new=-1, updated? false
2022-08-02 21:05:57,799 [grpc-default-executor-3] DEBUG leader.FollowerInfo (FollowerInfoImpl.java:lambda$new$1(49)) - s0@group-DBBE7E7C6C61->s1: commitIndex: updateToMax old=1, new=1, updated? false
2022-08-02 21:05:57,799 [grpc-default-executor-3] DEBUG leader.FollowerInfo (FollowerInfoImpl.java:lambda$new$1(49)) - s0@group-DBBE7E7C6C61->s1: matchIndex: updateToMax old=2, new=-1, updated? false
2022-08-02 21:05:57,799 [grpc-default-executor-0] DEBUG leader.FollowerInfo (FollowerInfoImpl.java:lambda$new$1(49)) - s0@group-DBBE7E7C6C61->s2: commitIndex: updateToMax old=1, new=1, updated? false
2022-08-02 21:05:57,800 [grpc-default-executor-0] DEBUG leader.FollowerInfo (FollowerInfoImpl.java:lambda$new$1(49)) - s0@group-DBBE7E7C6C61->s2: matchIndex: updateToMax old=2, new=-1, updated? false
2022-08-02 21:05:57,801 [grpc-default-executor-3] DEBUG leader.FollowerInfo (FollowerInfoImpl.java:lambda$new$1(49)) - s0@group-DBBE7E7C6C61->s1: commitIndex: updateToMax old=1, new=1, updated? false
2022-08-02 21:05:57,801 [grpc-default-executor-3] DEBUG leader.FollowerInfo (FollowerInfoImpl.java:lambda$new$1(49)) - s0@group-DBBE7E7C6C61->s1: matchIndex: updateToMax old=2, new=-1, updated? false
2022-08-02 21:05:57,803 [grpc-default-executor-0] DEBUG leader.FollowerInfo (FollowerInfoImpl.java:lambda$new$1(49)) - s0@group-DBBE7E7C6C61->s1: commitIndex: updateToMax old=1, new=1, updated? false
2022-08-02 21:05:57,803 [grpc-default-executor-0] DEBUG leader.FollowerInfo (FollowerInfoImpl.java:lambda$new$1(49)) - s0@group-DBBE7E7C6C61->s1: matchIndex: updateToMax old=2, new=-1, updated? false
2022-08-02 21:05:57,804 [grpc-default-executor-3] DEBUG leader.FollowerInfo (FollowerInfoImpl.java:lambda$new$1(49)) - s0@group-DBBE7E7C6C61->s2: commitIndex: updateToMax old=1, new=1, updated? false
2022-08-02 21:05:57,804 [grpc-default-executor-3] DEBUG leader.FollowerInfo (FollowerInfoImpl.java:lambda$new$1(49)) - s0@group-DBBE7E7C6C61->s2: matchIndex: updateToMax old=2, new=-1, updated? false
2022-08-02 21:05:57,804 [grpc-default-executor-3] DEBUG leader.FollowerInfo (FollowerInfoImpl.java:lambda$new$1(49)) - s0@group-DBBE7E7C6C61->s1: commitIndex: updateToMax old=1, new=1, updated? false
2022-08-02 21:05:57,804 [grpc-default-executor-3] DEBUG leader.FollowerInfo (FollowerInfoImpl.java:lambda$new$1(49)) - s0@group-DBBE7E7C6C61->s1: matchIndex: updateToMax old=2, new=-1, updated? false
2022-08-02 21:05:57,808 [grpc-default-executor-0] DEBUG leader.FollowerInfo (FollowerInfoImpl.java:lambda$new$1(49)) - s0@group-DBBE7E7C6C61->s2: commitIndex: updateToMax old=1, new=1, updated? false
2022-08-02 21:05:57,808 [grpc-default-executor-0] DEBUG leader.FollowerInfo (FollowerInfoImpl.java:lambda$new$1(49)) - s0@group-DBBE7E7C6C61->s2: matchIndex: updateToMax old=2, new=-1, updated? false
2022-08-02 21:05:57,809 [grpc-default-executor-3] DEBUG leader.FollowerInfo (FollowerInfoImpl.java:lambda$new$1(49)) - s0@group-DBBE7E7C6C61->s1: commitIndex: updateToMax old=1, new=1, updated? false
2022-08-02 21:05:57,809 [grpc-default-executor-3] DEBUG leader.FollowerInfo (FollowerInfoImpl.java:lambda$new$1(49)) - s0@group-DBBE7E7C6C61->s1: matchIndex: updateToMax old=2, new=-1, updated? false
2022-08-02 21:05:57,809 [grpc-default-executor-0] DEBUG leader.FollowerInfo (FollowerInfoImpl.java:lambda$new$1(49)) - s0@group-DBBE7E7C6C61->s2: commitIndex: updateToMax old=1, new=1, updated? false
2022-08-02 21:05:57,809 [grpc-default-executor-0] DEBUG leader.FollowerInfo (FollowerInfoImpl.java:lambda$new$1(49)) - s0@group-DBBE7E7C6C61->s2: matchIndex: updateToMax old=2, new=-1, updated? false
2022-08-02 21:05:57,810 [grpc-default-executor-3] DEBUG leader.FollowerInfo (FollowerInfoImpl.java:lambda$new$1(49)) - s0@group-DBBE7E7C6C61->s1: commitIndex: updateToMax old=1, new=1, updated? false
2022-08-02 21:05:57,810 [grpc-default-executor-3] DEBUG leader.FollowerInfo (FollowerInfoImpl.java:lambda$new$1(49)) - s0@group-DBBE7E7C6C61->s1: matchIndex: updateToMax old=2, new=-1, updated? false
2022-08-02 21:05:57,811 [grpc-default-executor-0] DEBUG leader.FollowerInfo (FollowerInfoImpl.java:lambda$new$1(49)) - s0@group-DBBE7E7C6C61->s2: commitIndex: updateToMax old=1, new=1, updated? false
2022-08-02 21:05:57,811 [grpc-default-executor-0] DEBUG leader.FollowerInfo (FollowerInfoImpl.java:lambda$new$1(49)) - s0@group-DBBE7E7C6C61->s2: matchIndex: updateToMax old=2, new=-1, updated? false
2022-08-02 21:05:57,812 [grpc-default-executor-3] DEBUG leader.FollowerInfo (FollowerInfoImpl.java:lambda$new$1(49)) - s0@group-DBBE7E7C6C61->s1: commitIndex: updateToMax old=1, new=1, updated? false
2022-08-02 21:05:57,812 [grpc-default-executor-3] DEBUG leader.FollowerInfo (FollowerInfoImpl.java:lambda$new$1(49)) - s0@group-DBBE7E7C6C61->s1: matchIndex: updateToMax old=2, new=-1, updated? false
2022-08-02 21:05:57,812 [grpc-default-executor-0] DEBUG leader.FollowerInfo (FollowerInfoImpl.java:lambda$new$1(49)) - s0@group-DBBE7E7C6C61->s2: commitIndex: updateToMax old=1, new=1, updated? false
2022-08-02 21:05:57,812 [grpc-default-executor-0] DEBUG leader.FollowerInfo (FollowerInfoImpl.java:lambda$new$1(49)) - s0@group-DBBE7E7C6C61->s2: matchIndex: updateToMax old=2, new=-1, updated? false
2022-08-02 21:05:57,813 [grpc-default-executor-3] DEBUG leader.FollowerInfo (FollowerInfoImpl.java:lambda$new$1(49)) - s0@group-DBBE7E7C6C61->s1: commitIndex: updateToMax old=1, new=1, updated? false
2022-08-02 21:05:57,813 [grpc-default-executor-3] DEBUG leader.FollowerInfo (FollowerInfoImpl.java:lambda$new$1(49)) - s0@group-DBBE7E7C6C61->s1: matchIndex: updateToMax old=2, new=-1, updated? false
2022-08-02 21:05:57,814 [grpc-default-executor-0] DEBUG leader.FollowerInfo (FollowerInfoImpl.java:lambda$new$1(49)) - s0@group-DBBE7E7C6C61->s2: commitIndex: updateToMax old=1, new=1, updated? false
2022-08-02 21:05:57,814 [grpc-default-executor-0] DEBUG leader.FollowerInfo (FollowerInfoImpl.java:lambda$new$1(49)) - s0@group-DBBE7E7C6C61->s2: matchIndex: updateToMax old=2, new=-1, updated? false
2022-08-02 21:05:57,815 [grpc-default-executor-3] DEBUG leader.FollowerInfo (FollowerInfoImpl.java:lambda$new$1(49)) - s0@group-DBBE7E7C6C61->s1: commitIndex: updateToMax old=1, new=1, updated? false
2022-08-02 21:05:57,815 [grpc-default-executor-3] DEBUG leader.FollowerInfo (FollowerInfoImpl.java:lambda$new$1(49)) - s0@group-DBBE7E7C6C61->s1: matchIndex: updateToMax old=2, new=-1, updated? false
2022-08-02 21:05:57,816 [grpc-default-executor-0] DEBUG leader.FollowerInfo (FollowerInfoImpl.java:lambda$new$1(49)) - s0@group-DBBE7E7C6C61->s2: commitIndex: updateToMax old=1, new=1, updated? false
2022-08-02 21:05:57,816 [grpc-default-executor-0] DEBUG leader.FollowerInfo (FollowerInfoImpl.java:lambda$new$1(49)) - s0@group-DBBE7E7C6C61->s2: matchIndex: updateToMax old=2, new=-1, updated? false
2022-08-02 21:05:57,816 [grpc-default-executor-3] DEBUG leader.FollowerInfo (FollowerInfoImpl.java:lambda$new$1(49)) - s0@group-DBBE7E7C6C61->s1: commitIndex: updateToMax old=1, new=1, updated? false
2022-08-02 21:05:57,816 [grpc-default-executor-3] DEBUG leader.FollowerInfo (FollowerInfoImpl.java:lambda$new$1(49)) - s0@group-DBBE7E7C6C61->s1: matchIndex: updateToMax old=2, new=-1, updated? false
2022-08-02 21:05:57,817 [grpc-default-executor-0] DEBUG leader.FollowerInfo (FollowerInfoImpl.java:lambda$new$1(49)) - s0@group-DBBE7E7C6C61->s2: commitIndex: updateToMax old=1, new=1, updated? false
2022-08-02 21:05:57,817 [grpc-default-executor-0] DEBUG leader.FollowerInfo (FollowerInfoImpl.java:lambda$new$1(49)) - s0@group-DBBE7E7C6C61->s2: matchIndex: updateToMax old=2, new=-1, updated? false
2022-08-02 21:05:57,817 [grpc-default-executor-3] DEBUG leader.FollowerInfo (FollowerInfoImpl.java:lambda$new$1(49)) - s0@group-DBBE7E7C6C61->s1: commitIndex: updateToMax old=1, new=1, updated? false
2022-08-02 21:05:57,818 [grpc-default-executor-3] DEBUG leader.FollowerInfo (FollowerInfoImpl.java:lambda$new$1(49)) - s0@group-DBBE7E7C6C61->s1: matchIndex: updateToMax old=2, new=-1, updated? false
2022-08-02 21:05:57,820 [grpc-default-executor-0] DEBUG leader.FollowerInfo (FollowerInfoImpl.java:lambda$new$1(49)) - s0@group-DBBE7E7C6C61->s2: commitIndex: updateToMax old=1, new=1, updated? false
2022-08-02 21:05:57,820 [grpc-default-executor-0] DEBUG leader.FollowerInfo (FollowerInfoImpl.java:lambda$new$1(49)) - s0@group-DBBE7E7C6C61->s2: matchIndex: updateToMax old=2, new=-1, updated? false
2022-08-02 21:05:57,821 [grpc-default-executor-3] DEBUG leader.FollowerInfo (FollowerInfoImpl.java:lambda$new$1(49)) - s0@group-DBBE7E7C6C61->s1: commitIndex: updateToMax old=1, new=1, updated? false
2022-08-02 21:05:57,821 [grpc-default-executor-3] DEBUG leader.FollowerInfo (FollowerInfoImpl.java:lambda$new$1(49)) - s0@group-DBBE7E7C6C61->s1: matchIndex: updateToMax old=2, new=-1, updated? false
2022-08-02 21:05:57,822 [grpc-default-executor-0] DEBUG leader.FollowerInfo (FollowerInfoImpl.java:lambda$new$1(49)) - s0@group-DBBE7E7C6C61->s2: commitIndex: updateToMax old=1, new=1, updated? false
2022-08-02 21:05:57,822 [grpc-default-executor-0] DEBUG leader.FollowerInfo (FollowerInfoImpl.java:lambda$new$1(49)) - s0@group-DBBE7E7C6C61->s2: matchIndex: updateToMax old=2, new=-1, updated? false
2022-08-02 21:05:57,822 [grpc-default-executor-3] DEBUG leader.FollowerInfo (FollowerInfoImpl.java:lambda$new$1(49)) - s0@group-DBBE7E7C6C61->s1: commitIndex: updateToMax old=1, new=1, updated? false
2022-08-02 21:05:57,822 [grpc-default-executor-3] DEBUG leader.FollowerInfo (FollowerInfoImpl.java:lambda$new$1(49)) - s0@group-DBBE7E7C6C61->s1: matchIndex: updateToMax old=2, new=-1, updated? false
2022-08-02 21:05:57,823 [grpc-default-executor-0] DEBUG leader.FollowerInfo (FollowerInfoImpl.java:lambda$new$1(49)) - s0@group-DBBE7E7C6C61->s2: commitIndex: updateToMax old=1, new=1, updated? false
2022-08-02 21:05:57,823 [grpc-default-executor-0] DEBUG leader.FollowerInfo (FollowerInfoImpl.java:lambda$new$1(49)) - s0@group-DBBE7E7C6C61->s2: matchIndex: updateToMax old=2, new=-1, updated? false
2022-08-02 21:05:57,824 [grpc-default-executor-3] DEBUG leader.FollowerInfo (FollowerInfoImpl.java:lambda$new$1(49)) - s0@group-DBBE7E7C6C61->s1: commitIndex: updateToMax old=1, new=1, updated? false
2022-08-02 21:05:57,824 [grpc-default-executor-3] DEBUG leader.FollowerInfo (FollowerInfoImpl.java:lambda$new$1(49)) - s0@group-DBBE7E7C6C61->s1: matchIndex: updateToMax old=2, new=-1, updated? false
2022-08-02 21:05:57,825 [grpc-default-executor-0] DEBUG leader.FollowerInfo (FollowerInfoImpl.java:lambda$new$1(49)) - s0@group-DBBE7E7C6C61->s2: commitIndex: updateToMax old=1, new=1, updated? false
2022-08-02 21:05:57,825 [grpc-default-executor-0] DEBUG leader.FollowerInfo (FollowerInfoImpl.java:lambda$new$1(49)) - s0@group-DBBE7E7C6C61->s2: matchIndex: updateToMax old=2, new=-1, updated? false
2022-08-02 21:05:57,826 [grpc-default-executor-3] DEBUG leader.FollowerInfo (FollowerInfoImpl.java:lambda$new$1(49)) - s0@group-DBBE7E7C6C61->s1: commitIndex: updateToMax old=1, new=1, updated? false
2022-08-02 21:05:57,826 [grpc-default-executor-3] DEBUG leader.FollowerInfo (FollowerInfoImpl.java:lambda$new$1(49)) - s0@group-DBBE7E7C6C61->s1: matchIndex: updateToMax old=2, new=-1, updated? false
2022-08-02 21:05:57,827 [grpc-default-executor-0] DEBUG leader.FollowerInfo (FollowerInfoImpl.java:lambda$new$1(49)) - s0@group-DBBE7E7C6C61->s2: commitIndex: updateToMax old=1, new=1, updated? false
2022-08-02 21:05:57,827 [grpc-default-executor-0] DEBUG leader.FollowerInfo (FollowerInfoImpl.java:lambda$new$1(49)) - s0@group-DBBE7E7C6C61->s2: matchIndex: updateToMax old=2, new=-1, updated? false
2022-08-02 21:05:57,828 [grpc-default-executor-3] DEBUG leader.FollowerInfo (FollowerInfoImpl.java:lambda$new$1(49)) - s0@group-DBBE7E7C6C61->s1: commitIndex: updateToMax old=1, new=1, updated? false
2022-08-02 21:05:57,828 [grpc-default-executor-3] DEBUG leader.FollowerInfo (FollowerInfoImpl.java:lambda$new$1(49)) - s0@group-DBBE7E7C6C61->s1: matchIndex: updateToMax old=2, new=-1, updated? false
2022-08-02 21:05:57,829 [grpc-default-executor-0] DEBUG leader.FollowerInfo (FollowerInfoImpl.java:lambda$new$1(49)) - s0@group-DBBE7E7C6C61->s2: commitIndex: updateToMax old=1, new=1, updated? false
2022-08-02 21:05:57,829 [grpc-default-executor-0] DEBUG leader.FollowerInfo (FollowerInfoImpl.java:lambda$new$1(49)) - s0@group-DBBE7E7C6C61->s2: matchIndex: updateToMax old=2, new=-1, updated? false
2022-08-02 21:05:57,829 [grpc-default-executor-3] DEBUG leader.FollowerInfo (FollowerInfoImpl.java:lambda$new$1(49)) - s0@group-DBBE7E7C6C61->s1: commitIndex: updateToMax old=1, new=1, updated? false
2022-08-02 21:05:57,829 [grpc-default-executor-3] DEBUG leader.FollowerInfo (FollowerInfoImpl.java:lambda$new$1(49)) - s0@group-DBBE7E7C6C61->s1: matchIndex: updateToMax old=2, new=-1, updated? false
2022-08-02 21:05:57,830 [grpc-default-executor-0] DEBUG leader.FollowerInfo (FollowerInfoImpl.java:lambda$new$1(49)) - s0@group-DBBE7E7C6C61->s2: commitIndex: updateToMax old=1, new=1, updated? false
2022-08-02 21:05:57,830 [grpc-default-executor-0] DEBUG leader.FollowerInfo (FollowerInfoImpl.java:lambda$new$1(49)) - s0@group-DBBE7E7C6C61->s2: matchIndex: updateToMax old=2, new=-1, updated? false
2022-08-02 21:05:57,831 [grpc-default-executor-3] DEBUG leader.FollowerInfo (FollowerInfoImpl.java:lambda$new$1(49)) - s0@group-DBBE7E7C6C61->s1: commitIndex: updateToMax old=1, new=1, updated? false
2022-08-02 21:05:57,831 [grpc-default-executor-3] DEBUG leader.FollowerInfo (FollowerInfoImpl.java:lambda$new$1(49)) - s0@group-DBBE7E7C6C61->s1: matchIndex: updateToMax old=2, new=-1, updated? false
2022-08-02 21:05:57,831 [grpc-default-executor-0] DEBUG leader.FollowerInfo (FollowerInfoImpl.java:lambda$new$1(49)) - s0@group-DBBE7E7C6C61->s2: commitIndex: updateToMax old=1, new=1, updated? false
2022-08-02 21:05:57,831 [grpc-default-executor-0] DEBUG leader.FollowerInfo (FollowerInfoImpl.java:lambda$new$1(49)) - s0@group-DBBE7E7C6C61->s2: matchIndex: updateToMax old=2, new=-1, updated? false
2022-08-02 21:05:57,832 [grpc-default-executor-3] DEBUG leader.FollowerInfo (FollowerInfoImpl.java:lambda$new$1(49)) - s0@group-DBBE7E7C6C61->s1: commitIndex: updateToMax old=1, new=1, updated? false
2022-08-02 21:05:57,832 [grpc-default-executor-3] DEBUG leader.FollowerInfo (FollowerInfoImpl.java:lambda$new$1(49)) - s0@group-DBBE7E7C6C61->s1: matchIndex: updateToMax old=2, new=-1, updated? false
2022-08-02 21:05:57,832 [grpc-default-executor-0] DEBUG leader.FollowerInfo (FollowerInfoImpl.java:lambda$new$1(49)) - s0@group-DBBE7E7C6C61->s2: commitIndex: updateToMax old=1, new=1, updated? false
2022-08-02 21:05:57,832 [grpc-default-executor-0] DEBUG leader.FollowerInfo (FollowerInfoImpl.java:lambda$new$1(49)) - s0@group-DBBE7E7C6C61->s2: matchIndex: updateToMax old=2, new=-1, updated? false
2022-08-02 21:05:57,833 [grpc-default-executor-0] DEBUG leader.FollowerInfo (FollowerInfoImpl.java:lambda$new$1(49)) - s0@group-DBBE7E7C6C61->s1: commitIndex: updateToMax old=1, new=1, updated? false
2022-08-02 21:05:57,833 [grpc-default-executor-0] DEBUG leader.FollowerInfo (FollowerInfoImpl.java:lambda$new$1(49)) - s0@group-DBBE7E7C6C61->s1: matchIndex: updateToMax old=2, new=-1, updated? false
2022-08-02 21:05:57,834 [grpc-default-executor-0] DEBUG leader.FollowerInfo (FollowerInfoImpl.java:lambda$new$1(49)) - s0@group-DBBE7E7C6C61->s1: commitIndex: updateToMax old=1, new=1, updated? false
2022-08-02 21:05:57,834 [grpc-default-executor-0] DEBUG leader.FollowerInfo (FollowerInfoImpl.java:lambda$new$1(49)) - s0@group-DBBE7E7C6C61->s1: matchIndex: updateToMax old=2, new=-1, updated? false
2022-08-02 21:05:57,834 [grpc-default-executor-3] DEBUG leader.FollowerInfo (FollowerInfoImpl.java:lambda$new$1(49)) - s0@group-DBBE7E7C6C61->s2: commitIndex: updateToMax old=1, new=1, updated? false
2022-08-02 21:05:57,834 [grpc-default-executor-3] DEBUG leader.FollowerInfo (FollowerInfoImpl.java:lambda$new$1(49)) - s0@group-DBBE7E7C6C61->s2: matchIndex: updateToMax old=2, new=-1, updated? false
2022-08-02 21:05:57,844 [grpc-default-executor-0] DEBUG leader.FollowerInfo (FollowerInfoImpl.java:lambda$new$1(49)) - s0@group-DBBE7E7C6C61->s2: commitIndex: updateToMax old=1, new=1, updated? false
2022-08-02 21:05:57,844 [grpc-default-executor-3] DEBUG leader.FollowerInfo (FollowerInfoImpl.java:lambda$new$1(49)) - s0@group-DBBE7E7C6C61->s1: commitIndex: updateToMax old=1, new=1, updated? false
2022-08-02 21:05:57,844 [grpc-default-executor-3] DEBUG leader.FollowerInfo (FollowerInfoImpl.java:lambda$new$1(49)) - s0@group-DBBE7E7C6C61->s1: matchIndex: updateToMax old=2, new=-1, updated? false
2022-08-02 21:05:57,844 [grpc-default-executor-0] DEBUG leader.FollowerInfo (FollowerInfoImpl.java:lambda$new$1(49)) - s0@group-DBBE7E7C6C61->s2: matchIndex: updateToMax old=2, new=-1, updated? false
2022-08-02 21:05:57,851 [grpc-default-executor-0] DEBUG leader.FollowerInfo (FollowerInfoImpl.java:lambda$new$1(49)) - s0@group-DBBE7E7C6C61->s2: commitIndex: updateToMax old=1, new=1, updated? false
2022-08-02 21:05:57,851 [grpc-default-executor-0] DEBUG leader.FollowerInfo (FollowerInfoImpl.java:lambda$new$1(49)) - s0@group-DBBE7E7C6C61->s2: matchIndex: updateToMax old=2, new=-1, updated? false
2022-08-02 21:05:57,852 [grpc-default-executor-0] DEBUG leader.FollowerInfo (FollowerInfoImpl.java:lambda$new$1(49)) - s0@group-DBBE7E7C6C61->s1: commitIndex: updateToMax old=1, new=1, updated? false
2022-08-02 21:05:57,852 [grpc-default-executor-0] DEBUG leader.FollowerInfo (FollowerInfoImpl.java:lambda$new$1(49)) - s0@group-DBBE7E7C6C61->s1: matchIndex: updateToMax old=2, new=-1, updated? false
2022-08-02 21:05:57,852 [grpc-default-executor-3] DEBUG leader.FollowerInfo (FollowerInfoImpl.java:lambda$new$1(49)) - s0@group-DBBE7E7C6C61->s2: commitIndex: updateToMax old=1, new=1, updated? false
2022-08-02 21:05:57,852 [grpc-default-executor-3] DEBUG leader.FollowerInfo (FollowerInfoImpl.java:lambda$new$1(49)) - s0@group-DBBE7E7C6C61->s2: matchIndex: updateToMax old=2, new=-1, updated? false
2022-08-02 21:05:57,853 [grpc-default-executor-0] DEBUG leader.FollowerInfo (FollowerInfoImpl.java:lambda$new$1(49)) - s0@group-DBBE7E7C6C61->s1: commitIndex: updateToMax old=1, new=1, updated? false
2022-08-02 21:05:57,853 [grpc-default-executor-0] DEBUG leader.FollowerInfo (FollowerInfoImpl.java:lambda$new$1(49)) - s0@group-DBBE7E7C6C61->s1: matchIndex: updateToMax old=2, new=-1, updated? false
2022-08-02 21:05:57,854 [grpc-default-executor-3] DEBUG leader.FollowerInfo (FollowerInfoImpl.java:lambda$new$1(49)) - s0@group-DBBE7E7C6C61->s2: commitIndex: updateToMax old=1, new=1, updated? false
2022-08-02 21:05:57,854 [grpc-default-executor-3] DEBUG leader.FollowerInfo (FollowerInfoImpl.java:lambda$new$1(49)) - s0@group-DBBE7E7C6C61->s2: matchIndex: updateToMax old=2, new=-1, updated? false
2022-08-02 21:05:57,854 [grpc-default-executor-0] DEBUG leader.FollowerInfo (FollowerInfoImpl.java:lambda$new$1(49)) - s0@group-DBBE7E7C6C61->s1: commitIndex: updateToMax old=1, new=1, updated? false
2022-08-02 21:05:57,854 [grpc-default-executor-0] DEBUG leader.FollowerInfo (FollowerInfoImpl.java:lambda$new$1(49)) - s0@group-DBBE7E7C6C61->s1: matchIndex: updateToMax old=2, new=-1, updated? false
2022-08-02 21:05:57,855 [grpc-default-executor-3] DEBUG leader.FollowerInfo (FollowerInfoImpl.java:lambda$new$1(49)) - s0@group-DBBE7E7C6C61->s2: commitIndex: updateToMax old=1, new=1, updated? false
2022-08-02 21:05:57,855 [grpc-default-executor-3] DEBUG leader.FollowerInfo (FollowerInfoImpl.java:lambda$new$1(49)) - s0@group-DBBE7E7C6C61->s2: matchIndex: updateToMax old=2, new=-1, updated? false
2022-08-02 21:05:57,856 [grpc-default-executor-0] DEBUG leader.FollowerInfo (FollowerInfoImpl.java:lambda$new$1(49)) - s0@group-DBBE7E7C6C61->s1: commitIndex: updateToMax old=1, new=1, updated? false
2022-08-02 21:05:57,856 [grpc-default-executor-0] DEBUG leader.FollowerInfo (FollowerInfoImpl.java:lambda$new$1(49)) - s0@group-DBBE7E7C6C61->s1: matchIndex: updateToMax old=2, new=-1, updated? false
2022-08-02 21:05:57,856 [grpc-default-executor-0] DEBUG leader.FollowerInfo (FollowerInfoImpl.java:lambda$new$1(49)) - s0@group-DBBE7E7C6C61->s2: commitIndex: updateToMax old=1, new=1, updated? false
2022-08-02 21:05:57,857 [grpc-default-executor-0] DEBUG leader.FollowerInfo (FollowerInfoImpl.java:lambda$new$1(49)) - s0@group-DBBE7E7C6C61->s2: matchIndex: updateToMax old=2, new=-1, updated? false
2022-08-02 21:05:57,857 [grpc-default-executor-3] DEBUG leader.FollowerInfo (FollowerInfoImpl.java:lambda$new$1(49)) - s0@group-DBBE7E7C6C61->s1: commitIndex: updateToMax old=1, new=1, updated? false
2022-08-02 21:05:57,857 [grpc-default-executor-3] DEBUG leader.FollowerInfo (FollowerInfoImpl.java:lambda$new$1(49)) - s0@group-DBBE7E7C6C61->s1: matchIndex: updateToMax old=2, new=-1, updated? false
2022-08-02 21:05:57,858 [grpc-default-executor-0] DEBUG leader.FollowerInfo (FollowerInfoImpl.java:lambda$new$1(49)) - s0@group-DBBE7E7C6C61->s2: commitIndex: updateToMax old=1, new=1, updated? false
2022-08-02 21:05:57,858 [grpc-default-executor-0] DEBUG leader.FollowerInfo (FollowerInfoImpl.java:lambda$new$1(49)) - s0@group-DBBE7E7C6C61->s2: matchIndex: updateToMax old=2, new=-1, updated? false
2022-08-02 21:05:57,858 [grpc-default-executor-3] DEBUG leader.FollowerInfo (FollowerInfoImpl.java:lambda$new$1(49)) - s0@group-DBBE7E7C6C61->s1: commitIndex: updateToMax old=1, new=1, updated? false
2022-08-02 21:05:57,858 [grpc-default-executor-3] DEBUG leader.FollowerInfo (FollowerInfoImpl.java:lambda$new$1(49)) - s0@group-DBBE7E7C6C61->s1: matchIndex: updateToMax old=2, new=-1, updated? false
2022-08-02 21:05:57,859 [grpc-default-executor-0] DEBUG leader.FollowerInfo (FollowerInfoImpl.java:lambda$new$1(49)) - s0@group-DBBE7E7C6C61->s2: commitIndex: updateToMax old=1, new=1, updated? false
2022-08-02 21:05:57,859 [grpc-default-executor-0] DEBUG leader.FollowerInfo (FollowerInfoImpl.java:lambda$new$1(49)) - s0@group-DBBE7E7C6C61->s2: matchIndex: updateToMax old=2, new=-1, updated? false
2022-08-02 21:05:57,859 [grpc-default-executor-3] DEBUG leader.FollowerInfo (FollowerInfoImpl.java:lambda$new$1(49)) - s0@group-DBBE7E7C6C61->s1: commitIndex: updateToMax old=1, new=1, updated? false
2022-08-02 21:05:57,859 [grpc-default-executor-3] DEBUG leader.FollowerInfo (FollowerInfoImpl.java:lambda$new$1(49)) - s0@group-DBBE7E7C6C61->s1: matchIndex: updateToMax old=2, new=-1, updated? false
2022-08-02 21:05:57,860 [grpc-default-executor-0] DEBUG leader.FollowerInfo (FollowerInfoImpl.java:lambda$new$1(49)) - s0@group-DBBE7E7C6C61->s2: commitIndex: updateToMax old=1, new=1, updated? false
2022-08-02 21:05:57,860 [grpc-default-executor-0] DEBUG leader.FollowerInfo (FollowerInfoImpl.java:lambda$new$1(49)) - s0@group-DBBE7E7C6C61->s2: matchIndex: updateToMax old=2, new=-1, updated? false
2022-08-02 21:05:57,860 [grpc-default-executor-3] DEBUG leader.FollowerInfo (FollowerInfoImpl.java:lambda$new$1(49)) - s0@group-DBBE7E7C6C61->s1: commitIndex: updateToMax old=1, new=1, updated? false
2022-08-02 21:05:57,860 [grpc-default-executor-3] DEBUG leader.FollowerInfo (FollowerInfoImpl.java:lambda$new$1(49)) - s0@group-DBBE7E7C6C61->s1: matchIndex: updateToMax old=2, new=-1, updated? false
2022-08-02 21:05:57,861 [grpc-default-executor-0] DEBUG leader.FollowerInfo (FollowerInfoImpl.java:lambda$new$1(49)) - s0@group-DBBE7E7C6C61->s2: commitIndex: updateToMax old=1, new=1, updated? false
2022-08-02 21:05:57,861 [grpc-default-executor-0] DEBUG leader.FollowerInfo (FollowerInfoImpl.java:lambda$new$1(49)) - s0@group-DBBE7E7C6C61->s2: matchIndex: updateToMax old=2, new=-1, updated? false
2022-08-02 21:05:57,861 [grpc-default-executor-3] DEBUG leader.FollowerInfo (FollowerInfoImpl.java:lambda$new$1(49)) - s0@group-DBBE7E7C6C61->s1: commitIndex: updateToMax old=1, new=1, updated? false
2022-08-02 21:05:57,861 [grpc-default-executor-3] DEBUG leader.FollowerInfo (FollowerInfoImpl.java:lambda$new$1(49)) - s0@group-DBBE7E7C6C61->s1: matchIndex: updateToMax old=2, new=-1, updated? false
2022-08-02 21:05:57,862 [grpc-default-executor-0] DEBUG leader.FollowerInfo (FollowerInfoImpl.java:lambda$new$1(49)) - s0@group-DBBE7E7C6C61->s2: commitIndex: updateToMax old=1, new=1, updated? false
2022-08-02 21:05:57,862 [grpc-default-executor-0] DEBUG leader.FollowerInfo (FollowerInfoImpl.java:lambda$new$1(49)) - s0@group-DBBE7E7C6C61->s2: matchIndex: updateToMax old=2, new=-1, updated? false
2022-08-02 21:05:57,862 [grpc-default-executor-3] DEBUG leader.FollowerInfo (FollowerInfoImpl.java:lambda$new$1(49)) - s0@group-DBBE7E7C6C61->s1: commitIndex: updateToMax old=1, new=1, updated? false
2022-08-02 21:05:57,862 [grpc-default-executor-3] DEBUG leader.FollowerInfo (FollowerInfoImpl.java:lambda$new$1(49)) - s0@group-DBBE7E7C6C61->s1: matchIndex: updateToMax old=2, new=-1, updated? false
2022-08-02 21:05:57,863 [grpc-default-executor-0] DEBUG leader.FollowerInfo (FollowerInfoImpl.java:lambda$new$1(49)) - s0@group-DBBE7E7C6C61->s2: commitIndex: updateToMax old=1, new=1, updated? false
2022-08-02 21:05:57,863 [grpc-default-executor-0] DEBUG leader.FollowerInfo (FollowerInfoImpl.java:lambda$new$1(49)) - s0@group-DBBE7E7C6C61->s2: matchIndex: updateToMax old=2, new=-1, updated? false
2022-08-02 21:05:57,863 [grpc-default-executor-3] DEBUG leader.FollowerInfo (FollowerInfoImpl.java:lambda$new$1(49)) - s0@group-DBBE7E7C6C61->s1: commitIndex: updateToMax old=1, new=1, updated? false
2022-08-02 21:05:57,864 [grpc-default-executor-3] DEBUG leader.FollowerInfo (FollowerInfoImpl.java:lambda$new$1(49)) - s0@group-DBBE7E7C6C61->s1: matchIndex: updateToMax old=2, new=-1, updated? false
2022-08-02 21:05:57,864 [grpc-default-executor-0] DEBUG leader.FollowerInfo (FollowerInfoImpl.java:lambda$new$1(49)) - s0@group-DBBE7E7C6C61->s2: commitIndex: updateToMax old=1, new=1, updated? false
2022-08-02 21:05:57,864 [grpc-default-executor-0] DEBUG leader.FollowerInfo (FollowerInfoImpl.java:lambda$new$1(49)) - s0@group-DBBE7E7C6C61->s2: matchIndex: updateToMax old=2, new=-1, updated? false
2022-08-02 21:05:57,865 [grpc-default-executor-3] DEBUG leader.FollowerInfo (FollowerInfoImpl.java:lambda$new$1(49)) - s0@group-DBBE7E7C6C61->s1: commitIndex: updateToMax old=1, new=1, updated? false
2022-08-02 21:05:57,865 [grpc-default-executor-3] DEBUG leader.FollowerInfo (FollowerInfoImpl.java:lambda$new$1(49)) - s0@group-DBBE7E7C6C61->s1: matchIndex: updateToMax old=2, new=-1, updated? false
2022-08-02 21:05:57,865 [grpc-default-executor-0] DEBUG leader.FollowerInfo (FollowerInfoImpl.java:lambda$new$1(49)) - s0@group-DBBE7E7C6C61->s2: commitIndex: updateToMax old=1, new=1, updated? false
2022-08-02 21:05:57,865 [grpc-default-executor-0] DEBUG leader.FollowerInfo (FollowerInfoImpl.java:lambda$new$1(49)) - s0@group-DBBE7E7C6C61->s2: matchIndex: updateToMax old=2, new=-1, updated? false
2022-08-02 21:05:57,866 [grpc-default-executor-3] DEBUG leader.FollowerInfo (FollowerInfoImpl.java:lambda$new$1(49)) - s0@group-DBBE7E7C6C61->s1: commitIndex: updateToMax old=1, new=1, updated? false
2022-08-02 21:05:57,866 [grpc-default-executor-3] DEBUG leader.FollowerInfo (FollowerInfoImpl.java:lambda$new$1(49)) - s0@group-DBBE7E7C6C61->s1: matchIndex: updateToMax old=2, new=-1, updated? false
2022-08-02 21:05:57,866 [grpc-default-executor-0] DEBUG leader.FollowerInfo (FollowerInfoImpl.java:lambda$new$1(49)) - s0@group-DBBE7E7C6C61->s2: commitIndex: updateToMax old=1, new=1, updated? false
2022-08-02 21:05:57,866 [grpc-default-executor-0] DEBUG leader.FollowerInfo (FollowerInfoImpl.java:lambda$new$1(49)) - s0@group-DBBE7E7C6C61->s2: matchIndex: updateToMax old=2, new=-1, updated? false
2022-08-02 21:05:57,867 [grpc-default-executor-3] DEBUG leader.FollowerInfo (FollowerInfoImpl.java:lambda$new$1(49)) - s0@group-DBBE7E7C6C61->s1: commitIndex: updateToMax old=1, new=1, updated? false
2022-08-02 21:05:57,867 [grpc-default-executor-3] DEBUG leader.FollowerInfo (FollowerInfoImpl.java:lambda$new$1(49)) - s0@group-DBBE7E7C6C61->s1: matchIndex: updateToMax old=2, new=-1, updated? false
2022-08-02 21:05:57,867 [grpc-default-executor-0] DEBUG leader.FollowerInfo (FollowerInfoImpl.java:lambda$new$1(49)) - s0@group-DBBE7E7C6C61->s2: commitIndex: updateToMax old=1, new=1, updated? false
2022-08-02 21:05:57,867 [grpc-default-executor-0] DEBUG leader.FollowerInfo (FollowerInfoImpl.java:lambda$new$1(49)) - s0@group-DBBE7E7C6C61->s2: matchIndex: updateToMax old=2, new=-1, updated? false
2022-08-02 21:05:57,868 [grpc-default-executor-3] DEBUG leader.FollowerInfo (FollowerInfoImpl.java:lambda$new$1(49)) - s0@group-DBBE7E7C6C61->s1: commitIndex: updateToMax old=1, new=1, updated? false
2022-08-02 21:05:57,868 [grpc-default-executor-3] DEBUG leader.FollowerInfo (FollowerInfoImpl.java:lambda$new$1(49)) - s0@group-DBBE7E7C6C61->s1: matchIndex: updateToMax old=2, new=-1, updated? false
2022-08-02 21:05:57,868 [grpc-default-executor-0] DEBUG leader.FollowerInfo (FollowerInfoImpl.java:lambda$new$1(49)) - s0@group-DBBE7E7C6C61->s2: commitIndex: updateToMax old=1, new=1, updated? false
2022-08-02 21:05:57,868 [grpc-default-executor-0] DEBUG leader.FollowerInfo (FollowerInfoImpl.java:lambda$new$1(49)) - s0@group-DBBE7E7C6C61->s2: matchIndex: updateToMax old=2, new=-1, updated? false
2022-08-02 21:05:57,869 [grpc-default-executor-3] DEBUG leader.FollowerInfo (FollowerInfoImpl.java:lambda$new$1(49)) - s0@group-DBBE7E7C6C61->s1: commitIndex: updateToMax old=1, new=1, updated? false
2022-08-02 21:05:57,869 [grpc-default-executor-3] DEBUG leader.FollowerInfo (FollowerInfoImpl.java:lambda$new$1(49)) - s0@group-DBBE7E7C6C61->s1: matchIndex: updateToMax old=2, new=-1, updated? false
2022-08-02 21:05:57,869 [grpc-default-executor-0] DEBUG leader.FollowerInfo (FollowerInfoImpl.java:lambda$new$1(49)) - s0@group-DBBE7E7C6C61->s2: commitIndex: updateToMax old=1, new=1, updated? false
2022-08-02 21:05:57,869 [grpc-default-executor-0] DEBUG leader.FollowerInfo (FollowerInfoImpl.java:lambda$new$1(49)) - s0@group-DBBE7E7C6C61->s2: matchIndex: updateToMax old=2, new=-1, updated? false
2022-08-02 21:05:57,870 [grpc-default-executor-3] DEBUG leader.FollowerInfo (FollowerInfoImpl.java:lambda$new$1(49)) - s0@group-DBBE7E7C6C61->s1: commitIndex: updateToMax old=1, new=1, updated? false
2022-08-02 21:05:57,870 [grpc-default-executor-3] DEBUG leader.FollowerInfo (FollowerInfoImpl.java:lambda$new$1(49)) - s0@group-DBBE7E7C6C61->s1: matchIndex: updateToMax old=2, new=-1, updated? false
2022-08-02 21:05:57,870 [grpc-default-executor-0] DEBUG leader.FollowerInfo (FollowerInfoImpl.java:lambda$new$1(49)) - s0@group-DBBE7E7C6C61->s2: commitIndex: updateToMax old=1, new=1, updated? false
2022-08-02 21:05:57,870 [grpc-default-executor-0] DEBUG leader.FollowerInfo (FollowerInfoImpl.java:lambda$new$1(49)) - s0@group-DBBE7E7C6C61->s2: matchIndex: updateToMax old=2, new=-1, updated? false
2022-08-02 21:05:57,871 [grpc-default-executor-3] DEBUG leader.FollowerInfo (FollowerInfoImpl.java:lambda$new$1(49)) - s0@group-DBBE7E7C6C61->s1: commitIndex: updateToMax old=1, new=1, updated? false
2022-08-02 21:05:57,871 [grpc-default-executor-3] DEBUG leader.FollowerInfo (FollowerInfoImpl.java:lambda$new$1(49)) - s0@group-DBBE7E7C6C61->s1: matchIndex: updateToMax old=2, new=-1, updated? false
2022-08-02 21:05:57,871 [grpc-default-executor-0] DEBUG leader.FollowerInfo (FollowerInfoImpl.java:lambda$new$1(49)) - s0@group-DBBE7E7C6C61->s2: commitIndex: updateToMax old=1, new=1, updated? false
2022-08-02 21:05:57,871 [grpc-default-executor-0] DEBUG leader.FollowerInfo (FollowerInfoImpl.java:lambda$new$1(49)) - s0@group-DBBE7E7C6C61->s2: matchIndex: updateToMax old=2, new=-1, updated? false
2022-08-02 21:05:57,872 [grpc-default-executor-3] DEBUG leader.FollowerInfo (FollowerInfoImpl.java:lambda$new$1(49)) - s0@group-DBBE7E7C6C61->s1: commitIndex: updateToMax old=1, new=1, updated? false
2022-08-02 21:05:57,872 [grpc-default-executor-3] DEBUG leader.FollowerInfo (FollowerInfoImpl.java:lambda$new$1(49)) - s0@group-DBBE7E7C6C61->s1: matchIndex: updateToMax old=2, new=-1, updated? false
2022-08-02 21:05:57,872 [grpc-default-executor-0] DEBUG leader.FollowerInfo (FollowerInfoImpl.java:lambda$new$1(49)) - s0@group-DBBE7E7C6C61->s2: commitIndex: updateToMax old=1, new=1, updated? false
2022-08-02 21:05:57,872 [grpc-default-executor-0] DEBUG leader.FollowerInfo (FollowerInfoImpl.java:lambda$new$1(49)) - s0@group-DBBE7E7C6C61->s2: matchIndex: updateToMax old=2, new=-1, updated? false
2022-08-02 21:05:57,873 [grpc-default-executor-3] DEBUG leader.FollowerInfo (FollowerInfoImpl.java:lambda$new$1(49)) - s0@group-DBBE7E7C6C61->s1: commitIndex: updateToMax old=1, new=1, updated? false
2022-08-02 21:05:57,873 [grpc-default-executor-3] DEBUG leader.FollowerInfo (FollowerInfoImpl.java:lambda$new$1(49)) - s0@group-DBBE7E7C6C61->s1: matchIndex: updateToMax old=2, new=-1, updated? false
2022-08-02 21:05:57,873 [grpc-default-executor-0] DEBUG leader.FollowerInfo (FollowerInfoImpl.java:lambda$new$1(49)) - s0@group-DBBE7E7C6C61->s2: commitIndex: updateToMax old=1, new=1, updated? false
2022-08-02 21:05:57,873 [grpc-default-executor-0] DEBUG leader.FollowerInfo (FollowerInfoImpl.java:lambda$new$1(49)) - s0@group-DBBE7E7C6C61->s2: matchIndex: updateToMax old=2, new=-1, updated? false
2022-08-02 21:05:57,874 [grpc-default-executor-3] DEBUG leader.FollowerInfo (FollowerInfoImpl.java:lambda$new$1(49)) - s0@group-DBBE7E7C6C61->s1: commitIndex: updateToMax old=1, new=1, updated? false
2022-08-02 21:05:57,874 [grpc-default-executor-3] DEBUG leader.FollowerInfo (FollowerInfoImpl.java:lambda$new$1(49)) - s0@group-DBBE7E7C6C61->s1: matchIndex: updateToMax old=2, new=-1, updated? false
2022-08-02 21:05:57,874 [grpc-default-executor-0] DEBUG leader.FollowerInfo (FollowerInfoImpl.java:lambda$new$1(49)) - s0@group-DBBE7E7C6C61->s2: commitIndex: updateToMax old=1, new=1, updated? false
2022-08-02 21:05:57,874 [grpc-default-executor-0] DEBUG leader.FollowerInfo (FollowerInfoImpl.java:lambda$new$1(49)) - s0@group-DBBE7E7C6C61->s2: matchIndex: updateToMax old=2, new=-1, updated? false
2022-08-02 21:05:57,875 [grpc-default-executor-3] DEBUG leader.FollowerInfo (FollowerInfoImpl.java:lambda$new$1(49)) - s0@group-DBBE7E7C6C61->s1: commitIndex: updateToMax old=1, new=1, updated? false
2022-08-02 21:05:57,875 [grpc-default-executor-3] DEBUG leader.FollowerInfo (FollowerInfoImpl.java:lambda$new$1(49)) - s0@group-DBBE7E7C6C61->s1: matchIndex: updateToMax old=2, new=-1, updated? false
2022-08-02 21:05:57,875 [grpc-default-executor-0] DEBUG leader.FollowerInfo (FollowerInfoImpl.java:lambda$new$1(49)) - s0@group-DBBE7E7C6C61->s2: commitIndex: updateToMax old=1, new=1, updated? false
2022-08-02 21:05:57,875 [grpc-default-executor-0] DEBUG leader.FollowerInfo (FollowerInfoImpl.java:lambda$new$1(49)) - s0@group-DBBE7E7C6C61->s2: matchIndex: updateToMax old=2, new=-1, updated? false
2022-08-02 21:05:57,876 [grpc-default-executor-3] DEBUG leader.FollowerInfo (FollowerInfoImpl.java:lambda$new$1(49)) - s0@group-DBBE7E7C6C61->s1: commitIndex: updateToMax old=1, new=1, updated? false
2022-08-02 21:05:57,876 [grpc-default-executor-3] DEBUG leader.FollowerInfo (FollowerInfoImpl.java:lambda$new$1(49)) - s0@group-DBBE7E7C6C61->s1: matchIndex: updateToMax old=2, new=-1, updated? false
2022-08-02 21:05:57,876 [grpc-default-executor-0] DEBUG leader.FollowerInfo (FollowerInfoImpl.java:lambda$new$1(49)) - s0@group-DBBE7E7C6C61->s2: commitIndex: updateToMax old=1, new=1, updated? false
2022-08-02 21:05:57,876 [grpc-default-executor-0] DEBUG leader.FollowerInfo (FollowerInfoImpl.java:lambda$new$1(49)) - s0@group-DBBE7E7C6C61->s2: matchIndex: updateToMax old=2, new=-1, updated? false
2022-08-02 21:05:57,877 [grpc-default-executor-3] DEBUG leader.FollowerInfo (FollowerInfoImpl.java:lambda$new$1(49)) - s0@group-DBBE7E7C6C61->s1: commitIndex: updateToMax old=1, new=1, updated? false
2022-08-02 21:05:57,877 [grpc-default-executor-3] DEBUG leader.FollowerInfo (FollowerInfoImpl.java:lambda$new$1(49)) - s0@group-DBBE7E7C6C61->s1: matchIndex: updateToMax old=2, new=-1, updated? false
2022-08-02 21:05:57,877 [grpc-default-executor-0] DEBUG leader.FollowerInfo (FollowerInfoImpl.java:lambda$new$1(49)) - s0@group-DBBE7E7C6C61->s2: commitIndex: updateToMax old=1, new=1, updated? false
2022-08-02 21:05:57,878 [grpc-default-executor-0] DEBUG leader.FollowerInfo (FollowerInfoImpl.java:lambda$new$1(49)) - s0@group-DBBE7E7C6C61->s2: matchIndex: updateToMax old=2, new=-1, updated? false
2022-08-02 21:05:57,878 [grpc-default-executor-3] DEBUG leader.FollowerInfo (FollowerInfoImpl.java:lambda$new$1(49)) - s0@group-DBBE7E7C6C61->s1: commitIndex: updateToMax old=1, new=1, updated? false
2022-08-02 21:05:57,878 [grpc-default-executor-3] DEBUG leader.FollowerInfo (FollowerInfoImpl.java:lambda$new$1(49)) - s0@group-DBBE7E7C6C61->s1: matchIndex: updateToMax old=2, new=-1, updated? false
2022-08-02 21:05:57,878 [grpc-default-executor-0] DEBUG leader.FollowerInfo (FollowerInfoImpl.java:lambda$new$1(49)) - s0@group-DBBE7E7C6C61->s2: commitIndex: updateToMax old=1, new=1, updated? false
2022-08-02 21:05:57,879 [grpc-default-executor-0] DEBUG leader.FollowerInfo (FollowerInfoImpl.java:lambda$new$1(49)) - s0@group-DBBE7E7C6C61->s2: matchIndex: updateToMax old=2, new=-1, updated? false
2022-08-02 21:05:57,879 [grpc-default-executor-3] DEBUG leader.FollowerInfo (FollowerInfoImpl.java:lambda$new$1(49)) - s0@group-DBBE7E7C6C61->s1: commitIndex: updateToMax old=1, new=1, updated? false
2022-08-02 21:05:57,879 [grpc-default-executor-3] DEBUG leader.FollowerInfo (FollowerInfoImpl.java:lambda$new$1(49)) - s0@group-DBBE7E7C6C61->s1: matchIndex: updateToMax old=2, new=-1, updated? false
2022-08-02 21:05:57,879 [grpc-default-executor-0] DEBUG leader.FollowerInfo (FollowerInfoImpl.java:lambda$new$1(49)) - s0@group-DBBE7E7C6C61->s2: commitIndex: updateToMax old=1, new=1, updated? false
2022-08-02 21:05:57,880 [grpc-default-executor-0] DEBUG leader.FollowerInfo (FollowerInfoImpl.java:lambda$new$1(49)) - s0@group-DBBE7E7C6C61->s2: matchIndex: updateToMax old=2, new=-1, updated? false
2022-08-02 21:05:57,880 [grpc-default-executor-3] DEBUG leader.FollowerInfo (FollowerInfoImpl.java:lambda$new$1(49)) - s0@group-DBBE7E7C6C61->s1: commitIndex: updateToMax old=1, new=1, updated? false
2022-08-02 21:05:57,880 [grpc-default-executor-3] DEBUG leader.FollowerInfo (FollowerInfoImpl.java:lambda$new$1(49)) - s0@group-DBBE7E7C6C61->s1: matchIndex: updateToMax old=2, new=-1, updated? false
2022-08-02 21:05:57,880 [grpc-default-executor-0] DEBUG leader.FollowerInfo (FollowerInfoImpl.java:lambda$new$1(49)) - s0@group-DBBE7E7C6C61->s2: commitIndex: updateToMax old=1, new=1, updated? false
2022-08-02 21:05:57,881 [grpc-default-executor-0] DEBUG leader.FollowerInfo (FollowerInfoImpl.java:lambda$new$1(49)) - s0@group-DBBE7E7C6C61->s2: matchIndex: updateToMax old=2, new=-1, updated? false
2022-08-02 21:05:57,881 [grpc-default-executor-3] DEBUG leader.FollowerInfo (FollowerInfoImpl.java:lambda$new$1(49)) - s0@group-DBBE7E7C6C61->s1: commitIndex: updateToMax old=1, new=1, updated? false
2022-08-02 21:05:57,881 [grpc-default-executor-3] DEBUG leader.FollowerInfo (FollowerInfoImpl.java:lambda$new$1(49)) - s0@group-DBBE7E7C6C61->s1: matchIndex: updateToMax old=2, new=-1, updated? false
2022-08-02 21:05:57,881 [grpc-default-executor-0] DEBUG leader.FollowerInfo (FollowerInfoImpl.java:lambda$new$1(49)) - s0@group-DBBE7E7C6C61->s2: commitIndex: updateToMax old=1, new=1, updated? false
2022-08-02 21:05:57,882 [grpc-default-executor-0] DEBUG leader.FollowerInfo (FollowerInfoImpl.java:lambda$new$1(49)) - s0@group-DBBE7E7C6C61->s2: matchIndex: updateToMax old=2, new=-1, updated? false
2022-08-02 21:05:57,882 [grpc-default-executor-3] DEBUG leader.FollowerInfo (FollowerInfoImpl.java:lambda$new$1(49)) - s0@group-DBBE7E7C6C61->s1: commitIndex: updateToMax old=1, new=1, updated? false
2022-08-02 21:05:57,882 [grpc-default-executor-3] DEBUG leader.FollowerInfo (FollowerInfoImpl.java:lambda$new$1(49)) - s0@group-DBBE7E7C6C61->s1: matchIndex: updateToMax old=2, new=-1, updated? false
2022-08-02 21:05:57,882 [grpc-default-executor-0] DEBUG leader.FollowerInfo (FollowerInfoImpl.java:lambda$new$1(49)) - s0@group-DBBE7E7C6C61->s2: commitIndex: updateToMax old=1, new=1, updated? false
2022-08-02 21:05:57,883 [grpc-default-executor-0] DEBUG leader.FollowerInfo (FollowerInfoImpl.java:lambda$new$1(49)) - s0@group-DBBE7E7C6C61->s2: matchIndex: updateToMax old=2, new=-1, updated? false
2022-08-02 21:05:57,883 [grpc-default-executor-3] DEBUG leader.FollowerInfo (FollowerInfoImpl.java:lambda$new$1(49)) - s0@group-DBBE7E7C6C61->s1: commitIndex: updateToMax old=1, new=1, updated? false
2022-08-02 21:05:57,883 [grpc-default-executor-3] DEBUG leader.FollowerInfo (FollowerInfoImpl.java:lambda$new$1(49)) - s0@group-DBBE7E7C6C61->s1: matchIndex: updateToMax old=2, new=-1, updated? false
2022-08-02 21:05:57,884 [grpc-default-executor-3] DEBUG leader.FollowerInfo (FollowerInfoImpl.java:lambda$new$1(49)) - s0@group-DBBE7E7C6C61->s2: commitIndex: updateToMax old=1, new=1, updated? false
2022-08-02 21:05:57,884 [grpc-default-executor-3] DEBUG leader.FollowerInfo (FollowerInfoImpl.java:lambda$new$1(49)) - s0@group-DBBE7E7C6C61->s2: matchIndex: updateToMax old=2, new=-1, updated? false
2022-08-02 21:05:57,884 [grpc-default-executor-0] DEBUG leader.FollowerInfo (FollowerInfoImpl.java:lambda$new$1(49)) - s0@group-DBBE7E7C6C61->s1: commitIndex: updateToMax old=1, new=1, updated? false
2022-08-02 21:05:57,884 [grpc-default-executor-0] DEBUG leader.FollowerInfo (FollowerInfoImpl.java:lambda$new$1(49)) - s0@group-DBBE7E7C6C61->s1: matchIndex: updateToMax old=2, new=-1, updated? false
2022-08-02 21:05:57,886 [grpc-default-executor-0] DEBUG leader.FollowerInfo (FollowerInfoImpl.java:lambda$new$1(49)) - s0@group-DBBE7E7C6C61->s2: commitIndex: updateToMax old=1, new=1, updated? false
2022-08-02 21:05:57,886 [grpc-default-executor-0] DEBUG leader.FollowerInfo (FollowerInfoImpl.java:lambda$new$1(49)) - s0@group-DBBE7E7C6C61->s2: matchIndex: updateToMax old=2, new=-1, updated? false
2022-08-02 21:05:57,886 [grpc-default-executor-3] DEBUG leader.FollowerInfo (FollowerInfoImpl.java:lambda$new$1(49)) - s0@group-DBBE7E7C6C61->s1: commitIndex: updateToMax old=1, new=1, updated? false
2022-08-02 21:05:57,886 [grpc-default-executor-3] DEBUG leader.FollowerInfo (FollowerInfoImpl.java:lambda$new$1(49)) - s0@group-DBBE7E7C6C61->s1: matchIndex: updateToMax old=2, new=-1, updated? false
2022-08-02 21:05:57,887 [grpc-default-executor-3] DEBUG leader.FollowerInfo (FollowerInfoImpl.java:lambda$new$1(49)) - s0@group-DBBE7E7C6C61->s2: commitIndex: updateToMax old=1, new=1, updated? false
2022-08-02 21:05:57,887 [grpc-default-executor-3] DEBUG leader.FollowerInfo (FollowerInfoImpl.java:lambda$new$1(49)) - s0@group-DBBE7E7C6C61->s2: matchIndex: updateToMax old=2, new=-1, updated? false
2022-08-02 21:05:57,887 [grpc-default-executor-3] DEBUG leader.FollowerInfo (FollowerInfoImpl.java:lambda$new$1(49)) - s0@group-DBBE7E7C6C61->s1: commitIndex: updateToMax old=1, new=1, updated? false
2022-08-02 21:05:57,887 [grpc-default-executor-3] DEBUG leader.FollowerInfo (FollowerInfoImpl.java:lambda$new$1(49)) - s0@group-DBBE7E7C6C61->s1: matchIndex: updateToMax old=2, new=-1, updated? false
2022-08-02 21:05:57,888 [grpc-default-executor-3] DEBUG leader.FollowerInfo (FollowerInfoImpl.java:lambda$new$1(49)) - s0@group-DBBE7E7C6C61->s2: commitIndex: updateToMax old=1, new=1, updated? false
2022-08-02 21:05:57,888 [grpc-default-executor-3] DEBUG leader.FollowerInfo (FollowerInfoImpl.java:lambda$new$1(49)) - s0@group-DBBE7E7C6C61->s2: matchIndex: updateToMax old=2, new=-1, updated? false
2022-08-02 21:05:57,889 [grpc-default-executor-3] DEBUG leader.FollowerInfo (FollowerInfoImpl.java:lambda$new$1(49)) - s0@group-DBBE7E7C6C61->s1: commitIndex: updateToMax old=1, new=1, updated? false
2022-08-02 21:05:57,889 [grpc-default-executor-3] DEBUG leader.FollowerInfo (FollowerInfoImpl.java:lambda$new$1(49)) - s0@group-DBBE7E7C6C61->s1: matchIndex: updateToMax old=2, new=-1, updated? false
2022-08-02 21:05:57,889 [grpc-default-executor-0] DEBUG leader.FollowerInfo (FollowerInfoImpl.java:lambda$new$1(49)) - s0@group-DBBE7E7C6C61->s2: commitIndex: updateToMax old=1, new=1, updated? false
2022-08-02 21:05:57,889 [grpc-default-executor-0] DEBUG leader.FollowerInfo (FollowerInfoImpl.java:lambda$new$1(49)) - s0@group-DBBE7E7C6C61->s2: matchIndex: updateToMax old=2, new=-1, updated? false
2022-08-02 21:05:57,890 [grpc-default-executor-0] DEBUG leader.FollowerInfo (FollowerInfoImpl.java:lambda$new$1(49)) - s0@group-DBBE7E7C6C61->s1: commitIndex: updateToMax old=1, new=1, updated? false
2022-08-02 21:05:57,890 [grpc-default-executor-0] DEBUG leader.FollowerInfo (FollowerInfoImpl.java:lambda$new$1(49)) - s0@group-DBBE7E7C6C61->s1: matchIndex: updateToMax old=2, new=-1, updated? false
2022-08-02 21:05:57,890 [grpc-default-executor-0] DEBUG leader.FollowerInfo (FollowerInfoImpl.java:lambda$new$1(49)) - s0@group-DBBE7E7C6C61->s2: commitIndex: updateToMax old=1, new=1, updated? false
2022-08-02 21:05:57,890 [grpc-default-executor-0] DEBUG leader.FollowerInfo (FollowerInfoImpl.java:lambda$new$1(49)) - s0@group-DBBE7E7C6C61->s2: matchIndex: updateToMax old=2, new=-1, updated? false
2022-08-02 21:05:57,892 [grpc-default-executor-3] DEBUG leader.FollowerInfo (FollowerInfoImpl.java:lambda$new$1(49)) - s0@group-DBBE7E7C6C61->s2: commitIndex: updateToMax old=1, new=1, updated? false
2022-08-02 21:05:57,892 [grpc-default-executor-3] DEBUG leader.FollowerInfo (FollowerInfoImpl.java:lambda$new$1(49)) - s0@group-DBBE7E7C6C61->s2: matchIndex: updateToMax old=2, new=-1, updated? false
2022-08-02 21:05:57,893 [grpc-default-executor-0] DEBUG leader.FollowerInfo (FollowerInfoImpl.java:lambda$new$1(49)) - s0@group-DBBE7E7C6C61->s1: commitIndex: updateToMax old=1, new=1, updated? false
2022-08-02 21:05:57,893 [grpc-default-executor-0] DEBUG leader.FollowerInfo (FollowerInfoImpl.java:lambda$new$1(49)) - s0@group-DBBE7E7C6C61->s1: matchIndex: updateToMax old=2, new=-1, updated? false
2022-08-02 21:05:57,899 [grpc-default-executor-0] DEBUG leader.FollowerInfo (FollowerInfoImpl.java:lambda$new$1(49)) - s0@group-DBBE7E7C6C61->s2: commitIndex: updateToMax old=1, new=1, updated? false
2022-08-02 21:05:57,899 [grpc-default-executor-0] DEBUG leader.FollowerInfo (FollowerInfoImpl.java:lambda$new$1(49)) - s0@group-DBBE7E7C6C61->s2: matchIndex: updateToMax old=2, new=-1, updated? false
2022-08-02 21:05:57,899 [grpc-default-executor-3] DEBUG leader.FollowerInfo (FollowerInfoImpl.java:lambda$new$1(49)) - s0@group-DBBE7E7C6C61->s1: commitIndex: updateToMax old=1, new=1, updated? false
2022-08-02 21:05:57,899 [grpc-default-executor-3] DEBUG leader.FollowerInfo (FollowerInfoImpl.java:lambda$new$1(49)) - s0@group-DBBE7E7C6C61->s1: matchIndex: updateToMax old=2, new=-1, updated? false
2022-08-02 21:05:57,899 [grpc-default-executor-0] DEBUG leader.FollowerInfo (FollowerInfoImpl.java:lambda$new$1(49)) - s0@group-DBBE7E7C6C61->s2: commitIndex: updateToMax old=1, new=1, updated? false
2022-08-02 21:05:57,900 [grpc-default-executor-0] DEBUG leader.FollowerInfo (FollowerInfoImpl.java:lambda$new$1(49)) - s0@group-DBBE7E7C6C61->s2: matchIndex: updateToMax old=2, new=-1, updated? false
2022-08-02 21:05:57,900 [grpc-default-executor-3] DEBUG leader.FollowerInfo (FollowerInfoImpl.java:lambda$new$1(49)) - s0@group-DBBE7E7C6C61->s1: commitIndex: updateToMax old=1, new=1, updated? false
2022-08-02 21:05:57,900 [grpc-default-executor-3] DEBUG leader.FollowerInfo (FollowerInfoImpl.java:lambda$new$1(49)) - s0@group-DBBE7E7C6C61->s1: matchIndex: updateToMax old=2, new=-1, updated? false
2022-08-02 21:05:57,900 [grpc-default-executor-0] DEBUG leader.FollowerInfo (FollowerInfoImpl.java:lambda$new$1(49)) - s0@group-DBBE7E7C6C61->s2: commitIndex: updateToMax old=1, new=1, updated? false
2022-08-02 21:05:57,900 [grpc-default-executor-0] DEBUG leader.FollowerInfo (FollowerInfoImpl.java:lambda$new$1(49)) - s0@group-DBBE7E7C6C61->s2: matchIndex: updateToMax old=2, new=-1, updated? false
2022-08-02 21:05:57,901 [grpc-default-executor-0] DEBUG leader.FollowerInfo (FollowerInfoImpl.java:lambda$new$1(49)) - s0@group-DBBE7E7C6C61->s1: commitIndex: updateToMax old=1, new=1, updated? false
2022-08-02 21:05:57,901 [grpc-default-executor-0] DEBUG leader.FollowerInfo (FollowerInfoImpl.java:lambda$new$1(49)) - s0@group-DBBE7E7C6C61->s1: matchIndex: updateToMax old=2, new=-1, updated? false
2022-08-02 21:05:57,902 [grpc-default-executor-0] DEBUG leader.FollowerInfo (FollowerInfoImpl.java:lambda$new$1(49)) - s0@group-DBBE7E7C6C61->s1: commitIndex: updateToMax old=1, new=1, updated? false
2022-08-02 21:05:57,902 [grpc-default-executor-0] DEBUG leader.FollowerInfo (FollowerInfoImpl.java:lambda$new$1(49)) - s0@group-DBBE7E7C6C61->s1: matchIndex: updateToMax old=2, new=-1, updated? false
2022-08-02 21:05:57,903 [grpc-default-executor-3] DEBUG leader.FollowerInfo (FollowerInfoImpl.java:lambda$new$1(49)) - s0@group-DBBE7E7C6C61->s2: commitIndex: updateToMax old=1, new=1, updated? false
2022-08-02 21:05:57,903 [grpc-default-executor-3] DEBUG leader.FollowerInfo (FollowerInfoImpl.java:lambda$new$1(49)) - s0@group-DBBE7E7C6C61->s2: matchIndex: updateToMax old=2, new=-1, updated? false
2022-08-02 21:05:57,904 [grpc-default-executor-0] DEBUG leader.FollowerInfo (FollowerInfoImpl.java:lambda$new$1(49)) - s0@group-DBBE7E7C6C61->s1: commitIndex: updateToMax old=1, new=1, updated? false
2022-08-02 21:05:57,904 [grpc-default-executor-0] DEBUG leader.FollowerInfo (FollowerInfoImpl.java:lambda$new$1(49)) - s0@group-DBBE7E7C6C61->s1: matchIndex: updateToMax old=2, new=-1, updated? false
2022-08-02 21:05:57,907 [grpc-default-executor-0] DEBUG leader.FollowerInfo (FollowerInfoImpl.java:lambda$new$1(49)) - s0@group-DBBE7E7C6C61->s1: commitIndex: updateToMax old=1, new=1, updated? false
2022-08-02 21:05:57,908 [grpc-default-executor-0] DEBUG leader.FollowerInfo (FollowerInfoImpl.java:lambda$new$1(49)) - s0@group-DBBE7E7C6C61->s1: matchIndex: updateToMax old=2, new=-1, updated? false
2022-08-02 21:05:57,915 [grpc-default-executor-3] DEBUG leader.FollowerInfo (FollowerInfoImpl.java:lambda$new$1(49)) - s0@group-DBBE7E7C6C61->s2: commitIndex: updateToMax old=1, new=1, updated? false
2022-08-02 21:05:57,915 [grpc-default-executor-3] DEBUG leader.FollowerInfo (FollowerInfoImpl.java:lambda$new$1(49)) - s0@group-DBBE7E7C6C61->s2: matchIndex: updateToMax old=2, new=-1, updated? false
2022-08-02 21:05:57,915 [grpc-default-executor-3] DEBUG leader.FollowerInfo (FollowerInfoImpl.java:lambda$new$1(49)) - s0@group-DBBE7E7C6C61->s1: commitIndex: updateToMax old=1, new=1, updated? false
2022-08-02 21:05:57,915 [grpc-default-executor-3] DEBUG leader.FollowerInfo (FollowerInfoImpl.java:lambda$new$1(49)) - s0@group-DBBE7E7C6C61->s1: matchIndex: updateToMax old=2, new=-1, updated? false
2022-08-02 21:05:57,920 [grpc-default-executor-0] DEBUG leader.FollowerInfo (FollowerInfoImpl.java:lambda$new$1(49)) - s0@group-DBBE7E7C6C61->s2: commitIndex: updateToMax old=1, new=1, updated? false
2022-08-02 21:05:57,920 [grpc-default-executor-0] DEBUG leader.FollowerInfo (FollowerInfoImpl.java:lambda$new$1(49)) - s0@group-DBBE7E7C6C61->s2: matchIndex: updateToMax old=2, new=-1, updated? false
2022-08-02 21:05:57,921 [grpc-default-executor-0] DEBUG leader.FollowerInfo (FollowerInfoImpl.java:lambda$new$1(49)) - s0@group-DBBE7E7C6C61->s1: commitIndex: updateToMax old=1, new=1, updated? false
2022-08-02 21:05:57,921 [grpc-default-executor-0] DEBUG leader.FollowerInfo (FollowerInfoImpl.java:lambda$new$1(49)) - s0@group-DBBE7E7C6C61->s1: matchIndex: updateToMax old=2, new=-1, updated? false
2022-08-02 21:05:57,921 [grpc-default-executor-3] DEBUG leader.FollowerInfo (FollowerInfoImpl.java:lambda$new$1(49)) - s0@group-DBBE7E7C6C61->s2: commitIndex: updateToMax old=1, new=1, updated? false
2022-08-02 21:05:57,922 [grpc-default-executor-3] DEBUG leader.FollowerInfo (FollowerInfoImpl.java:lambda$new$1(49)) - s0@group-DBBE7E7C6C61->s2: matchIndex: updateToMax old=2, new=-1, updated? false
2022-08-02 21:05:57,922 [grpc-default-executor-0] DEBUG leader.FollowerInfo (FollowerInfoImpl.java:lambda$new$1(49)) - s0@group-DBBE7E7C6C61->s1: commitIndex: updateToMax old=1, new=1, updated? false
2022-08-02 21:05:57,922 [grpc-default-executor-0] DEBUG leader.FollowerInfo (FollowerInfoImpl.java:lambda$new$1(49)) - s0@group-DBBE7E7C6C61->s1: matchIndex: updateToMax old=2, new=-1, updated? false
2022-08-02 21:05:57,922 [grpc-default-executor-0] DEBUG leader.FollowerInfo (FollowerInfoImpl.java:lambda$new$1(49)) - s0@group-DBBE7E7C6C61->s2: commitIndex: updateToMax old=1, new=1, updated? false
2022-08-02 21:05:57,923 [grpc-default-executor-0] DEBUG leader.FollowerInfo (FollowerInfoImpl.java:lambda$new$1(49)) - s0@group-DBBE7E7C6C61->s2: matchIndex: updateToMax old=2, new=-1, updated? false
2022-08-02 21:05:57,923 [grpc-default-executor-3] DEBUG leader.FollowerInfo (FollowerInfoImpl.java:lambda$new$1(49)) - s0@group-DBBE7E7C6C61->s1: commitIndex: updateToMax old=1, new=1, updated? false
2022-08-02 21:05:57,923 [grpc-default-executor-3] DEBUG leader.FollowerInfo (FollowerInfoImpl.java:lambda$new$1(49)) - s0@group-DBBE7E7C6C61->s1: matchIndex: updateToMax old=2, new=-1, updated? false
2022-08-02 21:05:57,923 [grpc-default-executor-0] DEBUG leader.FollowerInfo (FollowerInfoImpl.java:lambda$new$1(49)) - s0@group-DBBE7E7C6C61->s2: commitIndex: updateToMax old=1, new=1, updated? false
2022-08-02 21:05:57,923 [grpc-default-executor-0] DEBUG leader.FollowerInfo (FollowerInfoImpl.java:lambda$new$1(49)) - s0@group-DBBE7E7C6C61->s2: matchIndex: updateToMax old=2, new=-1, updated? false
2022-08-02 21:05:57,925 [grpc-default-executor-0] DEBUG leader.FollowerInfo (FollowerInfoImpl.java:lambda$new$1(49)) - s0@group-DBBE7E7C6C61->s1: commitIndex: updateToMax old=1, new=1, updated? false
2022-08-02 21:05:57,925 [grpc-default-executor-0] DEBUG leader.FollowerInfo (FollowerInfoImpl.java:lambda$new$1(49)) - s0@group-DBBE7E7C6C61->s1: matchIndex: updateToMax old=2, new=-1, updated? false
2022-08-02 21:05:57,925 [grpc-default-executor-0] DEBUG leader.FollowerInfo (FollowerInfoImpl.java:lambda$new$1(49)) - s0@group-DBBE7E7C6C61->s2: commitIndex: updateToMax old=1, new=1, updated? false
2022-08-02 21:05:57,925 [grpc-default-executor-0] DEBUG leader.FollowerInfo (FollowerInfoImpl.java:lambda$new$1(49)) - s0@group-DBBE7E7C6C61->s2: matchIndex: updateToMax old=2, new=-1, updated? false
2022-08-02 21:05:57,926 [grpc-default-executor-3] DEBUG leader.FollowerInfo (FollowerInfoImpl.java:lambda$new$1(49)) - s0@group-DBBE7E7C6C61->s2: commitIndex: updateToMax old=1, new=1, updated? false
2022-08-02 21:05:57,926 [grpc-default-executor-3] DEBUG leader.FollowerInfo (FollowerInfoImpl.java:lambda$new$1(49)) - s0@group-DBBE7E7C6C61->s2: matchIndex: updateToMax old=2, new=-1, updated? false
2022-08-02 21:05:57,926 [grpc-default-executor-0] DEBUG leader.FollowerInfo (FollowerInfoImpl.java:lambda$new$1(49)) - s0@group-DBBE7E7C6C61->s1: commitIndex: updateToMax old=1, new=1, updated? false
2022-08-02 21:05:57,926 [grpc-default-executor-0] DEBUG leader.FollowerInfo (FollowerInfoImpl.java:lambda$new$1(49)) - s0@group-DBBE7E7C6C61->s1: matchIndex: updateToMax old=2, new=-1, updated? false
2022-08-02 21:05:57,927 [grpc-default-executor-3] DEBUG leader.FollowerInfo (FollowerInfoImpl.java:lambda$new$1(49)) - s0@group-DBBE7E7C6C61->s1: commitIndex: updateToMax old=1, new=1, updated? false
2022-08-02 21:05:57,927 [grpc-default-executor-3] DEBUG leader.FollowerInfo (FollowerInfoImpl.java:lambda$new$1(49)) - s0@group-DBBE7E7C6C61->s1: matchIndex: updateToMax old=2, new=-1, updated? false
2022-08-02 21:05:57,927 [grpc-default-executor-0] DEBUG leader.FollowerInfo (FollowerInfoImpl.java:lambda$new$1(49)) - s0@group-DBBE7E7C6C61->s2: commitIndex: updateToMax old=1, new=1, updated? false
2022-08-02 21:05:57,927 [grpc-default-executor-0] DEBUG leader.FollowerInfo (FollowerInfoImpl.java:lambda$new$1(49)) - s0@group-DBBE7E7C6C61->s2: matchIndex: updateToMax old=2, new=-1, updated? false
2022-08-02 21:05:57,930 [grpc-default-executor-0] DEBUG leader.FollowerInfo (FollowerInfoImpl.java:lambda$new$1(49)) - s0@group-DBBE7E7C6C61->s2: commitIndex: updateToMax old=1, new=1, updated? false
2022-08-02 21:05:57,930 [grpc-default-executor-0] DEBUG leader.FollowerInfo (FollowerInfoImpl.java:lambda$new$1(49)) - s0@group-DBBE7E7C6C61->s2: matchIndex: updateToMax old=2, new=-1, updated? false
2022-08-02 21:05:57,932 [grpc-default-executor-3] DEBUG leader.FollowerInfo (FollowerInfoImpl.java:lambda$new$1(49)) - s0@group-DBBE7E7C6C61->s1: commitIndex: updateToMax old=1, new=1, updated? false
2022-08-02 21:05:57,933 [grpc-default-executor-3] DEBUG leader.FollowerInfo (FollowerInfoImpl.java:lambda$new$1(49)) - s0@group-DBBE7E7C6C61->s1: matchIndex: updateToMax old=2, new=-1, updated? false
2022-08-02 21:05:57,935 [grpc-default-executor-0] DEBUG leader.FollowerInfo (FollowerInfoImpl.java:lambda$new$1(49)) - s0@group-DBBE7E7C6C61->s2: commitIndex: updateToMax old=1, new=1, updated? false
2022-08-02 21:05:57,935 [grpc-default-executor-0] DEBUG leader.FollowerInfo (FollowerInfoImpl.java:lambda$new$1(49)) - s0@group-DBBE7E7C6C61->s2: matchIndex: updateToMax old=2, new=-1, updated? false
2022-08-02 21:05:57,936 [grpc-default-executor-0] DEBUG leader.FollowerInfo (FollowerInfoImpl.java:lambda$new$1(49)) - s0@group-DBBE7E7C6C61->s1: commitIndex: updateToMax old=1, new=1, updated? false
2022-08-02 21:05:57,936 [grpc-default-executor-0] DEBUG leader.FollowerInfo (FollowerInfoImpl.java:lambda$new$1(49)) - s0@group-DBBE7E7C6C61->s1: matchIndex: updateToMax old=2, new=-1, updated? false
2022-08-02 21:05:57,939 [grpc-default-executor-3] DEBUG leader.FollowerInfo (FollowerInfoImpl.java:lambda$new$1(49)) - s0@group-DBBE7E7C6C61->s2: commitIndex: updateToMax old=1, new=1, updated? false
2022-08-02 21:05:57,939 [grpc-default-executor-3] DEBUG leader.FollowerInfo (FollowerInfoImpl.java:lambda$new$1(49)) - s0@group-DBBE7E7C6C61->s2: matchIndex: updateToMax old=2, new=-1, updated? false
2022-08-02 21:05:57,940 [grpc-default-executor-3] DEBUG leader.FollowerInfo (FollowerInfoImpl.java:lambda$new$1(49)) - s0@group-DBBE7E7C6C61->s1: commitIndex: updateToMax old=1, new=1, updated? false
2022-08-02 21:05:57,940 [grpc-default-executor-3] DEBUG leader.FollowerInfo (FollowerInfoImpl.java:lambda$new$1(49)) - s0@group-DBBE7E7C6C61->s1: matchIndex: updateToMax old=2, new=-1, updated? false
2022-08-02 21:05:57,941 [grpc-default-executor-0] DEBUG leader.FollowerInfo (FollowerInfoImpl.java:lambda$new$1(49)) - s0@group-DBBE7E7C6C61->s2: commitIndex: updateToMax old=1, new=1, updated? false
2022-08-02 21:05:57,941 [grpc-default-executor-0] DEBUG leader.FollowerInfo (FollowerInfoImpl.java:lambda$new$1(49)) - s0@group-DBBE7E7C6C61->s2: matchIndex: updateToMax old=2, new=-1, updated? false
2022-08-02 21:05:57,941 [grpc-default-executor-3] DEBUG leader.FollowerInfo (FollowerInfoImpl.java:lambda$new$1(49)) - s0@group-DBBE7E7C6C61->s1: commitIndex: updateToMax old=1, new=1, updated? false
2022-08-02 21:05:57,941 [grpc-default-executor-3] DEBUG leader.FollowerInfo (FollowerInfoImpl.java:lambda$new$1(49)) - s0@group-DBBE7E7C6C61->s1: matchIndex: updateToMax old=2, new=-1, updated? false
2022-08-02 21:05:57,942 [grpc-default-executor-0] DEBUG leader.FollowerInfo (FollowerInfoImpl.java:lambda$new$1(49)) - s0@group-DBBE7E7C6C61->s2: commitIndex: updateToMax old=1, new=1, updated? false
2022-08-02 21:05:57,942 [grpc-default-executor-0] DEBUG leader.FollowerInfo (FollowerInfoImpl.java:lambda$new$1(49)) - s0@group-DBBE7E7C6C61->s2: matchIndex: updateToMax old=2, new=-1, updated? false
2022-08-02 21:05:57,942 [grpc-default-executor-3] DEBUG leader.FollowerInfo (FollowerInfoImpl.java:lambda$new$1(49)) - s0@group-DBBE7E7C6C61->s1: commitIndex: updateToMax old=1, new=1, updated? false
2022-08-02 21:05:57,942 [grpc-default-executor-3] DEBUG leader.FollowerInfo (FollowerInfoImpl.java:lambda$new$1(49)) - s0@group-DBBE7E7C6C61->s1: matchIndex: updateToMax old=2, new=-1, updated? false
2022-08-02 21:05:57,943 [grpc-default-executor-0] DEBUG leader.FollowerInfo (FollowerInfoImpl.java:lambda$new$1(49)) - s0@group-DBBE7E7C6C61->s2: commitIndex: updateToMax old=1, new=1, updated? false
2022-08-02 21:05:57,943 [grpc-default-executor-0] DEBUG leader.FollowerInfo (FollowerInfoImpl.java:lambda$new$1(49)) - s0@group-DBBE7E7C6C61->s2: matchIndex: updateToMax old=2, new=-1, updated? false
2022-08-02 21:05:57,944 [grpc-default-executor-3] DEBUG leader.FollowerInfo (FollowerInfoImpl.java:lambda$new$1(49)) - s0@group-DBBE7E7C6C61->s1: commitIndex: updateToMax old=1, new=1, updated? false
2022-08-02 21:05:57,944 [grpc-default-executor-3] DEBUG leader.FollowerInfo (FollowerInfoImpl.java:lambda$new$1(49)) - s0@group-DBBE7E7C6C61->s1: matchIndex: updateToMax old=2, new=-1, updated? false
2022-08-02 21:05:57,944 [grpc-default-executor-0] DEBUG leader.FollowerInfo (FollowerInfoImpl.java:lambda$new$1(49)) - s0@group-DBBE7E7C6C61->s2: commitIndex: updateToMax old=1, new=1, updated? false
2022-08-02 21:05:57,944 [grpc-default-executor-0] DEBUG leader.FollowerInfo (FollowerInfoImpl.java:lambda$new$1(49)) - s0@group-DBBE7E7C6C61->s2: matchIndex: updateToMax old=2, new=-1, updated? false
2022-08-02 21:05:57,945 [grpc-default-executor-0] DEBUG leader.FollowerInfo (FollowerInfoImpl.java:lambda$new$1(49)) - s0@group-DBBE7E7C6C61->s1: commitIndex: updateToMax old=1, new=1, updated? false
2022-08-02 21:05:57,945 [grpc-default-executor-0] DEBUG leader.FollowerInfo (FollowerInfoImpl.java:lambda$new$1(49)) - s0@group-DBBE7E7C6C61->s1: matchIndex: updateToMax old=2, new=-1, updated? false
2022-08-02 21:05:57,945 [grpc-default-executor-3] DEBUG leader.FollowerInfo (FollowerInfoImpl.java:lambda$new$1(49)) - s0@group-DBBE7E7C6C61->s2: commitIndex: updateToMax old=1, new=1, updated? false
2022-08-02 21:05:57,945 [grpc-default-executor-3] DEBUG leader.FollowerInfo (FollowerInfoImpl.java:lambda$new$1(49)) - s0@group-DBBE7E7C6C61->s2: matchIndex: updateToMax old=2, new=-1, updated? false
2022-08-02 21:05:57,946 [grpc-default-executor-3] DEBUG leader.FollowerInfo (FollowerInfoImpl.java:lambda$new$1(49)) - s0@group-DBBE7E7C6C61->s1: commitIndex: updateToMax old=1, new=1, updated? false
2022-08-02 21:05:57,946 [grpc-default-executor-3] DEBUG leader.FollowerInfo (FollowerInfoImpl.java:lambda$new$1(49)) - s0@group-DBBE7E7C6C61->s1: matchIndex: updateToMax old=2, new=-1, updated? false
2022-08-02 21:05:57,947 [grpc-default-executor-0] DEBUG leader.FollowerInfo (FollowerInfoImpl.java:lambda$new$1(49)) - s0@group-DBBE7E7C6C61->s2: commitIndex: updateToMax old=1, new=1, updated? false
2022-08-02 21:05:57,947 [grpc-default-executor-0] DEBUG leader.FollowerInfo (FollowerInfoImpl.java:lambda$new$1(49)) - s0@group-DBBE7E7C6C61->s2: matchIndex: updateToMax old=2, new=-1, updated? false
2022-08-02 21:05:57,947 [grpc-default-executor-3] DEBUG leader.FollowerInfo (FollowerInfoImpl.java:lambda$new$1(49)) - s0@group-DBBE7E7C6C61->s1: commitIndex: updateToMax old=1, new=1, updated? false
2022-08-02 21:05:57,947 [grpc-default-executor-3] DEBUG leader.FollowerInfo (FollowerInfoImpl.java:lambda$new$1(49)) - s0@group-DBBE7E7C6C61->s1: matchIndex: updateToMax old=2, new=-1, updated? false
2022-08-02 21:05:57,948 [grpc-default-executor-0] DEBUG leader.FollowerInfo (FollowerInfoImpl.java:lambda$new$1(49)) - s0@group-DBBE7E7C6C61->s2: commitIndex: updateToMax old=1, new=1, updated? false
2022-08-02 21:05:57,948 [grpc-default-executor-0] DEBUG leader.FollowerInfo (FollowerInfoImpl.java:lambda$new$1(49)) - s0@group-DBBE7E7C6C61->s2: matchIndex: updateToMax old=2, new=-1, updated? false
2022-08-02 21:05:57,948 [grpc-default-executor-0] DEBUG leader.FollowerInfo (FollowerInfoImpl.java:lambda$new$1(49)) - s0@group-DBBE7E7C6C61->s1: commitIndex: updateToMax old=1, new=1, updated? false
2022-08-02 21:05:57,948 [grpc-default-executor-0] DEBUG leader.FollowerInfo (FollowerInfoImpl.java:lambda$new$1(49)) - s0@group-DBBE7E7C6C61->s1: matchIndex: updateToMax old=2, new=-1, updated? false
2022-08-02 21:05:57,949 [grpc-default-executor-3] DEBUG leader.FollowerInfo (FollowerInfoImpl.java:lambda$new$1(49)) - s0@group-DBBE7E7C6C61->s2: commitIndex: updateToMax old=1, new=1, updated? false
2022-08-02 21:05:57,949 [grpc-default-executor-3] DEBUG leader.FollowerInfo (FollowerInfoImpl.java:lambda$new$1(49)) - s0@group-DBBE7E7C6C61->s2: matchIndex: updateToMax old=2, new=-1, updated? false
2022-08-02 21:05:57,949 [grpc-default-executor-3] DEBUG leader.FollowerInfo (FollowerInfoImpl.java:lambda$new$1(49)) - s0@group-DBBE7E7C6C61->s1: commitIndex: updateToMax old=1, new=1, updated? false
2022-08-02 21:05:57,949 [grpc-default-executor-3] DEBUG leader.FollowerInfo (FollowerInfoImpl.java:lambda$new$1(49)) - s0@group-DBBE7E7C6C61->s1: matchIndex: updateToMax old=2, new=-1, updated? false
2022-08-02 21:05:57,950 [grpc-default-executor-0] DEBUG leader.FollowerInfo (FollowerInfoImpl.java:lambda$new$1(49)) - s0@group-DBBE7E7C6C61->s2: commitIndex: updateToMax old=1, new=1, updated? false
2022-08-02 21:05:57,950 [grpc-default-executor-0] DEBUG leader.FollowerInfo (FollowerInfoImpl.java:lambda$new$1(49)) - s0@group-DBBE7E7C6C61->s2: matchIndex: updateToMax old=2, new=-1, updated? false
2022-08-02 21:05:57,951 [grpc-default-executor-0] DEBUG leader.FollowerInfo (FollowerInfoImpl.java:lambda$new$1(49)) - s0@group-DBBE7E7C6C61->s1: commitIndex: updateToMax old=1, new=1, updated? false
2022-08-02 21:05:57,951 [grpc-default-executor-0] DEBUG leader.FollowerInfo (FollowerInfoImpl.java:lambda$new$1(49)) - s0@group-DBBE7E7C6C61->s1: matchIndex: updateToMax old=2, new=-1, updated? false
2022-08-02 21:05:57,951 [grpc-default-executor-3] DEBUG leader.FollowerInfo (FollowerInfoImpl.java:lambda$new$1(49)) - s0@group-DBBE7E7C6C61->s2: commitIndex: updateToMax old=1, new=1, updated? false
2022-08-02 21:05:57,951 [grpc-default-executor-3] DEBUG leader.FollowerInfo (FollowerInfoImpl.java:lambda$new$1(49)) - s0@group-DBBE7E7C6C61->s2: matchIndex: updateToMax old=2, new=-1, updated? false
2022-08-02 21:05:57,952 [grpc-default-executor-3] DEBUG leader.FollowerInfo (FollowerInfoImpl.java:lambda$new$1(49)) - s0@group-DBBE7E7C6C61->s1: commitIndex: updateToMax old=1, new=1, updated? false
2022-08-02 21:05:57,952 [grpc-default-executor-3] DEBUG leader.FollowerInfo (FollowerInfoImpl.java:lambda$new$1(49)) - s0@group-DBBE7E7C6C61->s1: matchIndex: updateToMax old=2, new=-1, updated? false
2022-08-02 21:05:57,952 [grpc-default-executor-0] DEBUG leader.FollowerInfo (FollowerInfoImpl.java:lambda$new$1(49)) - s0@group-DBBE7E7C6C61->s2: commitIndex: updateToMax old=1, new=1, updated? false
2022-08-02 21:05:57,952 [grpc-default-executor-0] DEBUG leader.FollowerInfo (FollowerInfoImpl.java:lambda$new$1(49)) - s0@group-DBBE7E7C6C61->s2: matchIndex: updateToMax old=2, new=-1, updated? false
2022-08-02 21:05:57,953 [grpc-default-executor-0] DEBUG leader.FollowerInfo (FollowerInfoImpl.java:lambda$new$1(49)) - s0@group-DBBE7E7C6C61->s1: commitIndex: updateToMax old=1, new=1, updated? false
2022-08-02 21:05:57,953 [grpc-default-executor-0] DEBUG leader.FollowerInfo (FollowerInfoImpl.java:lambda$new$1(49)) - s0@group-DBBE7E7C6C61->s1: matchIndex: updateToMax old=2, new=-1, updated? false
2022-08-02 21:05:57,953 [grpc-default-executor-3] DEBUG leader.FollowerInfo (FollowerInfoImpl.java:lambda$new$1(49)) - s0@group-DBBE7E7C6C61->s2: commitIndex: updateToMax old=1, new=1, updated? false
2022-08-02 21:05:57,954 [grpc-default-executor-3] DEBUG leader.FollowerInfo (FollowerInfoImpl.java:lambda$new$1(49)) - s0@group-DBBE7E7C6C61->s2: matchIndex: updateToMax old=2, new=-1, updated? false
2022-08-02 21:05:57,954 [grpc-default-executor-3] DEBUG leader.FollowerInfo (FollowerInfoImpl.java:lambda$new$1(49)) - s0@group-DBBE7E7C6C61->s1: commitIndex: updateToMax old=1, new=1, updated? false
2022-08-02 21:05:57,954 [grpc-default-executor-3] DEBUG leader.FollowerInfo (FollowerInfoImpl.java:lambda$new$1(49)) - s0@group-DBBE7E7C6C61->s1: matchIndex: updateToMax old=2, new=-1, updated? false
2022-08-02 21:05:57,955 [grpc-default-executor-0] DEBUG leader.FollowerInfo (FollowerInfoImpl.java:lambda$new$1(49)) - s0@group-DBBE7E7C6C61->s2: commitIndex: updateToMax old=1, new=1, updated? false
2022-08-02 21:05:57,955 [grpc-default-executor-0] DEBUG leader.FollowerInfo (FollowerInfoImpl.java:lambda$new$1(49)) - s0@group-DBBE7E7C6C61->s2: matchIndex: updateToMax old=2, new=-1, updated? false
2022-08-02 21:05:57,955 [grpc-default-executor-0] DEBUG leader.FollowerInfo (FollowerInfoImpl.java:lambda$new$1(49)) - s0@group-DBBE7E7C6C61->s1: commitIndex: updateToMax old=1, new=1, updated? false
2022-08-02 21:05:57,955 [grpc-default-executor-0] DEBUG leader.FollowerInfo (FollowerInfoImpl.java:lambda$new$1(49)) - s0@group-DBBE7E7C6C61->s1: matchIndex: updateToMax old=2, new=-1, updated? false
2022-08-02 21:05:57,956 [grpc-default-executor-3] DEBUG leader.FollowerInfo (FollowerInfoImpl.java:lambda$new$1(49)) - s0@group-DBBE7E7C6C61->s2: commitIndex: updateToMax old=1, new=1, updated? false
2022-08-02 21:05:57,956 [grpc-default-executor-3] DEBUG leader.FollowerInfo (FollowerInfoImpl.java:lambda$new$1(49)) - s0@group-DBBE7E7C6C61->s2: matchIndex: updateToMax old=2, new=-1, updated? false
2022-08-02 21:05:57,956 [grpc-default-executor-0] DEBUG leader.FollowerInfo (FollowerInfoImpl.java:lambda$new$1(49)) - s0@group-DBBE7E7C6C61->s1: commitIndex: updateToMax old=1, new=1, updated? false
2022-08-02 21:05:57,956 [grpc-default-executor-0] DEBUG leader.FollowerInfo (FollowerInfoImpl.java:lambda$new$1(49)) - s0@group-DBBE7E7C6C61->s1: matchIndex: updateToMax old=2, new=-1, updated? false
2022-08-02 21:05:57,957 [grpc-default-executor-0] DEBUG leader.FollowerInfo (FollowerInfoImpl.java:lambda$new$1(49)) - s0@group-DBBE7E7C6C61->s1: commitIndex: updateToMax old=1, new=1, updated? false
2022-08-02 21:05:57,957 [grpc-default-executor-0] DEBUG leader.FollowerInfo (FollowerInfoImpl.java:lambda$new$1(49)) - s0@group-DBBE7E7C6C61->s1: matchIndex: updateToMax old=2, new=-1, updated? false
2022-08-02 21:05:57,957 [grpc-default-executor-3] DEBUG leader.FollowerInfo (FollowerInfoImpl.java:lambda$new$1(49)) - s0@group-DBBE7E7C6C61->s2: commitIndex: updateToMax old=1, new=1, updated? false
2022-08-02 21:05:57,957 [grpc-default-executor-3] DEBUG leader.FollowerInfo (FollowerInfoImpl.java:lambda$new$1(49)) - s0@group-DBBE7E7C6C61->s2: matchIndex: updateToMax old=2, new=-1, updated? false
2022-08-02 21:05:57,958 [grpc-default-executor-0] DEBUG leader.FollowerInfo (FollowerInfoImpl.java:lambda$new$1(49)) - s0@group-DBBE7E7C6C61->s2: commitIndex: updateToMax old=1, new=1, updated? false
2022-08-02 21:05:57,958 [grpc-default-executor-0] DEBUG leader.FollowerInfo (FollowerInfoImpl.java:lambda$new$1(49)) - s0@group-DBBE7E7C6C61->s2: matchIndex: updateToMax old=2, new=-1, updated? false
2022-08-02 21:05:57,958 [grpc-default-executor-3] DEBUG leader.FollowerInfo (FollowerInfoImpl.java:lambda$new$1(49)) - s0@group-DBBE7E7C6C61->s1: commitIndex: updateToMax old=1, new=1, updated? false
2022-08-02 21:05:57,958 [grpc-default-executor-3] DEBUG leader.FollowerInfo (FollowerInfoImpl.java:lambda$new$1(49)) - s0@group-DBBE7E7C6C61->s1: matchIndex: updateToMax old=2, new=-1, updated? false
2022-08-02 21:05:57,959 [grpc-default-executor-0] DEBUG leader.FollowerInfo (FollowerInfoImpl.java:lambda$new$1(49)) - s0@group-DBBE7E7C6C61->s2: commitIndex: updateToMax old=1, new=1, updated? false
2022-08-02 21:05:57,959 [grpc-default-executor-0] DEBUG leader.FollowerInfo (FollowerInfoImpl.java:lambda$new$1(49)) - s0@group-DBBE7E7C6C61->s2: matchIndex: updateToMax old=2, new=-1, updated? false
2022-08-02 21:05:57,961 [grpc-default-executor-3] DEBUG leader.FollowerInfo (FollowerInfoImpl.java:lambda$new$1(49)) - s0@group-DBBE7E7C6C61->s1: commitIndex: updateToMax old=1, new=1, updated? false
2022-08-02 21:05:57,961 [grpc-default-executor-3] DEBUG leader.FollowerInfo (FollowerInfoImpl.java:lambda$new$1(49)) - s0@group-DBBE7E7C6C61->s1: matchIndex: updateToMax old=2, new=-1, updated? false
2022-08-02 21:05:57,962 [grpc-default-executor-0] DEBUG leader.FollowerInfo (FollowerInfoImpl.java:lambda$new$1(49)) - s0@group-DBBE7E7C6C61->s2: commitIndex: updateToMax old=1, new=1, updated? false
2022-08-02 21:05:57,962 [grpc-default-executor-0] DEBUG leader.FollowerInfo (FollowerInfoImpl.java:lambda$new$1(49)) - s0@group-DBBE7E7C6C61->s2: matchIndex: updateToMax old=2, new=-1, updated? false
2022-08-02 21:05:57,962 [grpc-default-executor-0] DEBUG leader.FollowerInfo (FollowerInfoImpl.java:lambda$new$1(49)) - s0@group-DBBE7E7C6C61->s1: commitIndex: updateToMax old=1, new=1, updated? false
2022-08-02 21:05:57,962 [grpc-default-executor-0] DEBUG leader.FollowerInfo (FollowerInfoImpl.java:lambda$new$1(49)) - s0@group-DBBE7E7C6C61->s1: matchIndex: updateToMax old=2, new=-1, updated? false
2022-08-02 21:05:57,963 [grpc-default-executor-0] DEBUG leader.FollowerInfo (FollowerInfoImpl.java:lambda$new$1(49)) - s0@group-DBBE7E7C6C61->s2: commitIndex: updateToMax old=1, new=1, updated? false
2022-08-02 21:05:57,963 [grpc-default-executor-0] DEBUG leader.FollowerInfo (FollowerInfoImpl.java:lambda$new$1(49)) - s0@group-DBBE7E7C6C61->s2: matchIndex: updateToMax old=2, new=-1, updated? false
2022-08-02 21:05:57,964 [grpc-default-executor-3] DEBUG leader.FollowerInfo (FollowerInfoImpl.java:lambda$new$1(49)) - s0@group-DBBE7E7C6C61->s1: commitIndex: updateToMax old=1, new=1, updated? false
2022-08-02 21:05:57,964 [grpc-default-executor-3] DEBUG leader.FollowerInfo (FollowerInfoImpl.java:lambda$new$1(49)) - s0@group-DBBE7E7C6C61->s1: matchIndex: updateToMax old=2, new=-1, updated? false
2022-08-02 21:05:57,964 [grpc-default-executor-3] DEBUG leader.FollowerInfo (FollowerInfoImpl.java:lambda$new$1(49)) - s0@group-DBBE7E7C6C61->s2: commitIndex: updateToMax old=1, new=1, updated? false
2022-08-02 21:05:57,964 [grpc-default-executor-3] DEBUG leader.FollowerInfo (FollowerInfoImpl.java:lambda$new$1(49)) - s0@group-DBBE7E7C6C61->s2: matchIndex: updateToMax old=2, new=-1, updated? false
2022-08-02 21:05:57,965 [grpc-default-executor-3] DEBUG leader.FollowerInfo (FollowerInfoImpl.java:lambda$new$1(49)) - s0@group-DBBE7E7C6C61->s1: commitIndex: updateToMax old=1, new=1, updated? false
2022-08-02 21:05:57,965 [grpc-default-executor-3] DEBUG leader.FollowerInfo (FollowerInfoImpl.java:lambda$new$1(49)) - s0@group-DBBE7E7C6C61->s1: matchIndex: updateToMax old=2, new=-1, updated? false
2022-08-02 21:05:57,967 [grpc-default-executor-3] DEBUG leader.FollowerInfo (FollowerInfoImpl.java:lambda$new$1(49)) - s0@group-DBBE7E7C6C61->s2: commitIndex: updateToMax old=1, new=1, updated? false
2022-08-02 21:05:57,967 [grpc-default-executor-3] DEBUG leader.FollowerInfo (FollowerInfoImpl.java:lambda$new$1(49)) - s0@group-DBBE7E7C6C61->s2: matchIndex: updateToMax old=2, new=-1, updated? false
2022-08-02 21:05:57,968 [grpc-default-executor-3] DEBUG leader.FollowerInfo (FollowerInfoImpl.java:lambda$new$1(49)) - s0@group-DBBE7E7C6C61->s1: commitIndex: updateToMax old=1, new=1, updated? false
2022-08-02 21:05:57,968 [grpc-default-executor-3] DEBUG leader.FollowerInfo (FollowerInfoImpl.java:lambda$new$1(49)) - s0@group-DBBE7E7C6C61->s1: matchIndex: updateToMax old=2, new=-1, updated? false
2022-08-02 21:05:57,968 [grpc-default-executor-0] DEBUG leader.FollowerInfo (FollowerInfoImpl.java:lambda$new$1(49)) - s0@group-DBBE7E7C6C61->s2: commitIndex: updateToMax old=1, new=1, updated? false
2022-08-02 21:05:57,968 [grpc-default-executor-0] DEBUG leader.FollowerInfo (FollowerInfoImpl.java:lambda$new$1(49)) - s0@group-DBBE7E7C6C61->s2: matchIndex: updateToMax old=2, new=-1, updated? false
2022-08-02 21:05:57,968 [grpc-default-executor-3] DEBUG leader.FollowerInfo (FollowerInfoImpl.java:lambda$new$1(49)) - s0@group-DBBE7E7C6C61->s1: commitIndex: updateToMax old=1, new=1, updated? false
2022-08-02 21:05:57,968 [grpc-default-executor-3] DEBUG leader.FollowerInfo (FollowerInfoImpl.java:lambda$new$1(49)) - s0@group-DBBE7E7C6C61->s1: matchIndex: updateToMax old=2, new=-1, updated? false
2022-08-02 21:05:57,969 [grpc-default-executor-3] DEBUG leader.FollowerInfo (FollowerInfoImpl.java:lambda$new$1(49)) - s0@group-DBBE7E7C6C61->s2: commitIndex: updateToMax old=1, new=1, updated? false
2022-08-02 21:05:57,969 [grpc-default-executor-3] DEBUG leader.FollowerInfo (FollowerInfoImpl.java:lambda$new$1(49)) - s0@group-DBBE7E7C6C61->s2: matchIndex: updateToMax old=2, new=-1, updated? false
2022-08-02 21:05:57,969 [grpc-default-executor-0] DEBUG leader.FollowerInfo (FollowerInfoImpl.java:lambda$new$1(49)) - s0@group-DBBE7E7C6C61->s1: commitIndex: updateToMax old=1, new=1, updated? false
2022-08-02 21:05:57,969 [grpc-default-executor-0] DEBUG leader.FollowerInfo (FollowerInfoImpl.java:lambda$new$1(49)) - s0@group-DBBE7E7C6C61->s1: matchIndex: updateToMax old=2, new=-1, updated? false
2022-08-02 21:05:57,970 [grpc-default-executor-3] DEBUG leader.FollowerInfo (FollowerInfoImpl.java:lambda$new$1(49)) - s0@group-DBBE7E7C6C61->s2: commitIndex: updateToMax old=1, new=1, updated? false
2022-08-02 21:05:57,970 [grpc-default-executor-3] DEBUG leader.FollowerInfo (FollowerInfoImpl.java:lambda$new$1(49)) - s0@group-DBBE7E7C6C61->s2: matchIndex: updateToMax old=2, new=-1, updated? false
2022-08-02 21:05:57,970 [grpc-default-executor-0] DEBUG leader.FollowerInfo (FollowerInfoImpl.java:lambda$new$1(49)) - s0@group-DBBE7E7C6C61->s1: commitIndex: updateToMax old=1, new=1, updated? false
2022-08-02 21:05:57,970 [grpc-default-executor-0] DEBUG leader.FollowerInfo (FollowerInfoImpl.java:lambda$new$1(49)) - s0@group-DBBE7E7C6C61->s1: matchIndex: updateToMax old=2, new=-1, updated? false
2022-08-02 21:05:57,971 [grpc-default-executor-0] DEBUG leader.FollowerInfo (FollowerInfoImpl.java:lambda$new$1(49)) - s0@group-DBBE7E7C6C61->s2: commitIndex: updateToMax old=1, new=1, updated? false
2022-08-02 21:05:57,971 [grpc-default-executor-0] DEBUG leader.FollowerInfo (FollowerInfoImpl.java:lambda$new$1(49)) - s0@group-DBBE7E7C6C61->s2: matchIndex: updateToMax old=2, new=-1, updated? false
2022-08-02 21:05:57,971 [grpc-default-executor-3] DEBUG leader.FollowerInfo (FollowerInfoImpl.java:lambda$new$1(49)) - s0@group-DBBE7E7C6C61->s1: commitIndex: updateToMax old=1, new=1, updated? false
2022-08-02 21:05:57,971 [grpc-default-executor-3] DEBUG leader.FollowerInfo (FollowerInfoImpl.java:lambda$new$1(49)) - s0@group-DBBE7E7C6C61->s1: matchIndex: updateToMax old=2, new=-1, updated? false
2022-08-02 21:05:57,971 [grpc-default-executor-0] DEBUG leader.FollowerInfo (FollowerInfoImpl.java:lambda$new$1(49)) - s0@group-DBBE7E7C6C61->s2: commitIndex: updateToMax old=1, new=1, updated? false
2022-08-02 21:05:57,971 [grpc-default-executor-0] DEBUG leader.FollowerInfo (FollowerInfoImpl.java:lambda$new$1(49)) - s0@group-DBBE7E7C6C61->s2: matchIndex: updateToMax old=2, new=-1, updated? false
2022-08-02 21:05:57,972 [grpc-default-executor-0] DEBUG leader.FollowerInfo (FollowerInfoImpl.java:lambda$new$1(49)) - s0@group-DBBE7E7C6C61->s1: commitIndex: updateToMax old=1, new=1, updated? false
2022-08-02 21:05:57,972 [grpc-default-executor-0] DEBUG leader.FollowerInfo (FollowerInfoImpl.java:lambda$new$1(49)) - s0@group-DBBE7E7C6C61->s1: matchIndex: updateToMax old=2, new=-1, updated? false
2022-08-02 21:05:57,972 [grpc-default-executor-3] DEBUG leader.FollowerInfo (FollowerInfoImpl.java:lambda$new$1(49)) - s0@group-DBBE7E7C6C61->s2: commitIndex: updateToMax old=1, new=1, updated? false
2022-08-02 21:05:57,972 [grpc-default-executor-3] DEBUG leader.FollowerInfo (FollowerInfoImpl.java:lambda$new$1(49)) - s0@group-DBBE7E7C6C61->s2: matchIndex: updateToMax old=2, new=-1, updated? false
2022-08-02 21:05:57,972 [grpc-default-executor-3] DEBUG leader.FollowerInfo (FollowerInfoImpl.java:lambda$new$1(49)) - s0@group-DBBE7E7C6C61->s1: commitIndex: updateToMax old=1, new=1, updated? false
2022-08-02 21:05:57,972 [grpc-default-executor-3] DEBUG leader.FollowerInfo (FollowerInfoImpl.java:lambda$new$1(49)) - s0@group-DBBE7E7C6C61->s1: matchIndex: updateToMax old=2, new=-1, updated? false
2022-08-02 21:05:57,973 [grpc-default-executor-0] DEBUG leader.FollowerInfo (FollowerInfoImpl.java:lambda$new$1(49)) - s0@group-DBBE7E7C6C61->s2: commitIndex: updateToMax old=1, new=1, updated? false
2022-08-02 21:05:57,973 [grpc-default-executor-0] DEBUG leader.FollowerInfo (FollowerInfoImpl.java:lambda$new$1(49)) - s0@group-DBBE7E7C6C61->s2: matchIndex: updateToMax old=2, new=-1, updated? false
2022-08-02 21:05:57,973 [grpc-default-executor-0] DEBUG leader.FollowerInfo (FollowerInfoImpl.java:lambda$new$1(49)) - s0@group-DBBE7E7C6C61->s1: commitIndex: updateToMax old=1, new=1, updated? false
2022-08-02 21:05:57,973 [grpc-default-executor-0] DEBUG leader.FollowerInfo (FollowerInfoImpl.java:lambda$new$1(49)) - s0@group-DBBE7E7C6C61->s1: matchIndex: updateToMax old=2, new=-1, updated? false
2022-08-02 21:05:57,975 [grpc-default-executor-0] DEBUG leader.FollowerInfo (FollowerInfoImpl.java:lambda$new$1(49)) - s0@group-DBBE7E7C6C61->s2: commitIndex: updateToMax old=1, new=1, updated? false
2022-08-02 21:05:57,975 [grpc-default-executor-0] DEBUG leader.FollowerInfo (FollowerInfoImpl.java:lambda$new$1(49)) - s0@group-DBBE7E7C6C61->s2: matchIndex: updateToMax old=2, new=-1, updated? false
2022-08-02 21:05:57,977 [grpc-default-executor-0] DEBUG leader.FollowerInfo (FollowerInfoImpl.java:lambda$new$1(49)) - s0@group-DBBE7E7C6C61->s1: commitIndex: updateToMax old=1, new=1, updated? false
2022-08-02 21:05:57,977 [grpc-default-executor-0] DEBUG leader.FollowerInfo (FollowerInfoImpl.java:lambda$new$1(49)) - s0@group-DBBE7E7C6C61->s1: matchIndex: updateToMax old=2, new=-1, updated? false
2022-08-02 21:05:57,977 [grpc-default-executor-3] DEBUG leader.FollowerInfo (FollowerInfoImpl.java:lambda$new$1(49)) - s0@group-DBBE7E7C6C61->s2: commitIndex: updateToMax old=1, new=1, updated? false
2022-08-02 21:05:57,977 [grpc-default-executor-3] DEBUG leader.FollowerInfo (FollowerInfoImpl.java:lambda$new$1(49)) - s0@group-DBBE7E7C6C61->s2: matchIndex: updateToMax old=2, new=-1, updated? false
2022-08-02 21:05:57,978 [grpc-default-executor-3] DEBUG leader.FollowerInfo (FollowerInfoImpl.java:lambda$new$1(49)) - s0@group-DBBE7E7C6C61->s1: commitIndex: updateToMax old=1, new=1, updated? false
2022-08-02 21:05:57,978 [grpc-default-executor-3] DEBUG leader.FollowerInfo (FollowerInfoImpl.java:lambda$new$1(49)) - s0@group-DBBE7E7C6C61->s1: matchIndex: updateToMax old=2, new=-1, updated? false
2022-08-02 21:05:57,978 [grpc-default-executor-3] DEBUG leader.FollowerInfo (FollowerInfoImpl.java:lambda$new$1(49)) - s0@group-DBBE7E7C6C61->s2: commitIndex: updateToMax old=1, new=1, updated? false
2022-08-02 21:05:57,978 [grpc-default-executor-3] DEBUG leader.FollowerInfo (FollowerInfoImpl.java:lambda$new$1(49)) - s0@group-DBBE7E7C6C61->s2: matchIndex: updateToMax old=2, new=-1, updated? false
2022-08-02 21:05:57,979 [grpc-default-executor-0] DEBUG leader.FollowerInfo (FollowerInfoImpl.java:lambda$new$1(49)) - s0@group-DBBE7E7C6C61->s1: commitIndex: updateToMax old=1, new=1, updated? false
2022-08-02 21:05:57,979 [grpc-default-executor-0] DEBUG leader.FollowerInfo (FollowerInfoImpl.java:lambda$new$1(49)) - s0@group-DBBE7E7C6C61->s1: matchIndex: updateToMax old=2, new=-1, updated? false
2022-08-02 21:05:57,980 [grpc-default-executor-0] DEBUG leader.FollowerInfo (FollowerInfoImpl.java:lambda$new$1(49)) - s0@group-DBBE7E7C6C61->s1: commitIndex: updateToMax old=1, new=1, updated? false
2022-08-02 21:05:57,980 [grpc-default-executor-0] DEBUG leader.FollowerInfo (FollowerInfoImpl.java:lambda$new$1(49)) - s0@group-DBBE7E7C6C61->s1: matchIndex: updateToMax old=2, new=-1, updated? false
2022-08-02 21:05:57,980 [grpc-default-executor-0] DEBUG leader.FollowerInfo (FollowerInfoImpl.java:lambda$new$1(49)) - s0@group-DBBE7E7C6C61->s1: commitIndex: updateToMax old=1, new=1, updated? false
2022-08-02 21:05:57,981 [grpc-default-executor-0] DEBUG leader.FollowerInfo (FollowerInfoImpl.java:lambda$new$1(49)) - s0@group-DBBE7E7C6C61->s1: matchIndex: updateToMax old=2, new=-1, updated? false
2022-08-02 21:05:57,981 [grpc-default-executor-0] DEBUG leader.FollowerInfo (FollowerInfoImpl.java:lambda$new$1(49)) - s0@group-DBBE7E7C6C61->s1: commitIndex: updateToMax old=1, new=1, updated? false
2022-08-02 21:05:57,981 [grpc-default-executor-0] DEBUG leader.FollowerInfo (FollowerInfoImpl.java:lambda$new$1(49)) - s0@group-DBBE7E7C6C61->s1: matchIndex: updateToMax old=2, new=-1, updated? false
2022-08-02 21:05:57,982 [grpc-default-executor-0] DEBUG leader.FollowerInfo (FollowerInfoImpl.java:lambda$new$1(49)) - s0@group-DBBE7E7C6C61->s1: commitIndex: updateToMax old=1, new=1, updated? false
2022-08-02 21:05:57,982 [grpc-default-executor-0] DEBUG leader.FollowerInfo (FollowerInfoImpl.java:lambda$new$1(49)) - s0@group-DBBE7E7C6C61->s1: matchIndex: updateToMax old=2, new=-1, updated? false
2022-08-02 21:05:57,982 [grpc-default-executor-0] DEBUG leader.FollowerInfo (FollowerInfoImpl.java:lambda$new$1(49)) - s0@group-DBBE7E7C6C61->s1: commitIndex: updateToMax old=1, new=1, updated? false
2022-08-02 21:05:57,982 [grpc-default-executor-0] DEBUG leader.FollowerInfo (FollowerInfoImpl.java:lambda$new$1(49)) - s0@group-DBBE7E7C6C61->s1: matchIndex: updateToMax old=2, new=-1, updated? false
2022-08-02 21:05:57,983 [grpc-default-executor-0] DEBUG leader.FollowerInfo (FollowerInfoImpl.java:lambda$new$1(49)) - s0@group-DBBE7E7C6C61->s1: commitIndex: updateToMax old=1, new=1, updated? false
2022-08-02 21:05:57,983 [grpc-default-executor-0] DEBUG leader.FollowerInfo (FollowerInfoImpl.java:lambda$new$1(49)) - s0@group-DBBE7E7C6C61->s1: matchIndex: updateToMax old=2, new=-1, updated? false
2022-08-02 21:05:57,987 [grpc-default-executor-3] DEBUG leader.FollowerInfo (FollowerInfoImpl.java:lambda$new$1(49)) - s0@group-DBBE7E7C6C61->s2: commitIndex: updateToMax old=1, new=1, updated? false
2022-08-02 21:05:57,987 [grpc-default-executor-3] DEBUG leader.FollowerInfo (FollowerInfoImpl.java:lambda$new$1(49)) - s0@group-DBBE7E7C6C61->s2: matchIndex: updateToMax old=2, new=-1, updated? false
2022-08-02 21:05:57,988 [grpc-default-executor-0] DEBUG leader.FollowerInfo (FollowerInfoImpl.java:lambda$new$1(49)) - s0@group-DBBE7E7C6C61->s1: commitIndex: updateToMax old=1, new=1, updated? false
2022-08-02 21:05:57,988 [grpc-default-executor-0] DEBUG leader.FollowerInfo (FollowerInfoImpl.java:lambda$new$1(49)) - s0@group-DBBE7E7C6C61->s1: matchIndex: updateToMax old=2, new=-1, updated? false
2022-08-02 21:05:57,988 [grpc-default-executor-3] DEBUG leader.FollowerInfo (FollowerInfoImpl.java:lambda$new$1(49)) - s0@group-DBBE7E7C6C61->s2: commitIndex: updateToMax old=1, new=1, updated? false
2022-08-02 21:05:57,988 [grpc-default-executor-3] DEBUG leader.FollowerInfo (FollowerInfoImpl.java:lambda$new$1(49)) - s0@group-DBBE7E7C6C61->s2: matchIndex: updateToMax old=2, new=-1, updated? false
2022-08-02 21:05:57,989 [grpc-default-executor-0] DEBUG leader.FollowerInfo (FollowerInfoImpl.java:lambda$new$1(49)) - s0@group-DBBE7E7C6C61->s1: commitIndex: updateToMax old=1, new=1, updated? false
2022-08-02 21:05:57,989 [grpc-default-executor-0] DEBUG leader.FollowerInfo (FollowerInfoImpl.java:lambda$new$1(49)) - s0@group-DBBE7E7C6C61->s1: matchIndex: updateToMax old=2, new=-1, updated? false
2022-08-02 21:05:57,989 [grpc-default-executor-3] DEBUG leader.FollowerInfo (FollowerInfoImpl.java:lambda$new$1(49)) - s0@group-DBBE7E7C6C61->s2: commitIndex: updateToMax old=1, new=1, updated? false
2022-08-02 21:05:57,989 [grpc-default-executor-3] DEBUG leader.FollowerInfo (FollowerInfoImpl.java:lambda$new$1(49)) - s0@group-DBBE7E7C6C61->s2: matchIndex: updateToMax old=2, new=-1, updated? false
2022-08-02 21:05:57,990 [grpc-default-executor-0] DEBUG leader.FollowerInfo (FollowerInfoImpl.java:lambda$new$1(49)) - s0@group-DBBE7E7C6C61->s1: commitIndex: updateToMax old=1, new=1, updated? false
2022-08-02 21:05:57,990 [grpc-default-executor-0] DEBUG leader.FollowerInfo (FollowerInfoImpl.java:lambda$new$1(49)) - s0@group-DBBE7E7C6C61->s1: matchIndex: updateToMax old=2, new=-1, updated? false
2022-08-02 21:05:57,990 [grpc-default-executor-3] DEBUG leader.FollowerInfo (FollowerInfoImpl.java:lambda$new$1(49)) - s0@group-DBBE7E7C6C61->s2: commitIndex: updateToMax old=1, new=1, updated? false
2022-08-02 21:05:57,990 [grpc-default-executor-3] DEBUG leader.FollowerInfo (FollowerInfoImpl.java:lambda$new$1(49)) - s0@group-DBBE7E7C6C61->s2: matchIndex: updateToMax old=2, new=-1, updated? false
2022-08-02 21:05:57,990 [grpc-default-executor-0] DEBUG leader.FollowerInfo (FollowerInfoImpl.java:lambda$new$1(49)) - s0@group-DBBE7E7C6C61->s1: commitIndex: updateToMax old=1, new=1, updated? false
2022-08-02 21:05:57,991 [grpc-default-executor-0] DEBUG leader.FollowerInfo (FollowerInfoImpl.java:lambda$new$1(49)) - s0@group-DBBE7E7C6C61->s1: matchIndex: updateToMax old=2, new=-1, updated? false
2022-08-02 21:05:57,991 [grpc-default-executor-3] DEBUG leader.FollowerInfo (FollowerInfoImpl.java:lambda$new$1(49)) - s0@group-DBBE7E7C6C61->s2: commitIndex: updateToMax old=1, new=1, updated? false
2022-08-02 21:05:57,991 [grpc-default-executor-3] DEBUG leader.FollowerInfo (FollowerInfoImpl.java:lambda$new$1(49)) - s0@group-DBBE7E7C6C61->s2: matchIndex: updateToMax old=2, new=-1, updated? false
2022-08-02 21:05:57,991 [grpc-default-executor-0] DEBUG leader.FollowerInfo (FollowerInfoImpl.java:lambda$new$1(49)) - s0@group-DBBE7E7C6C61->s1: commitIndex: updateToMax old=1, new=1, updated? false
2022-08-02 21:05:57,992 [grpc-default-executor-0] DEBUG leader.FollowerInfo (FollowerInfoImpl.java:lambda$new$1(49)) - s0@group-DBBE7E7C6C61->s1: matchIndex: updateToMax old=2, new=-1, updated? false
2022-08-02 21:05:57,992 [grpc-default-executor-3] DEBUG leader.FollowerInfo (FollowerInfoImpl.java:lambda$new$1(49)) - s0@group-DBBE7E7C6C61->s2: commitIndex: updateToMax old=1, new=1, updated? false
2022-08-02 21:05:57,992 [grpc-default-executor-3] DEBUG leader.FollowerInfo (FollowerInfoImpl.java:lambda$new$1(49)) - s0@group-DBBE7E7C6C61->s2: matchIndex: updateToMax old=2, new=-1, updated? false
2022-08-02 21:05:57,992 [grpc-default-executor-3] DEBUG leader.FollowerInfo (FollowerInfoImpl.java:lambda$new$1(49)) - s0@group-DBBE7E7C6C61->s1: commitIndex: updateToMax old=1, new=1, updated? false
2022-08-02 21:05:57,992 [grpc-default-executor-3] DEBUG leader.FollowerInfo (FollowerInfoImpl.java:lambda$new$1(49)) - s0@group-DBBE7E7C6C61->s1: matchIndex: updateToMax old=2, new=-1, updated? false
2022-08-02 21:05:57,993 [grpc-default-executor-0] DEBUG leader.FollowerInfo (FollowerInfoImpl.java:lambda$new$1(49)) - s0@group-DBBE7E7C6C61->s2: commitIndex: updateToMax old=1, new=1, updated? false
2022-08-02 21:05:57,993 [grpc-default-executor-0] DEBUG leader.FollowerInfo (FollowerInfoImpl.java:lambda$new$1(49)) - s0@group-DBBE7E7C6C61->s2: matchIndex: updateToMax old=2, new=-1, updated? false
2022-08-02 21:05:57,995 [grpc-default-executor-3] DEBUG leader.FollowerInfo (FollowerInfoImpl.java:lambda$new$1(49)) - s0@group-DBBE7E7C6C61->s1: commitIndex: updateToMax old=1, new=1, updated? false
2022-08-02 21:05:57,995 [grpc-default-executor-3] DEBUG leader.FollowerInfo (FollowerInfoImpl.java:lambda$new$1(49)) - s0@group-DBBE7E7C6C61->s1: matchIndex: updateToMax old=2, new=-1, updated? false
2022-08-02 21:05:57,996 [grpc-default-executor-0] DEBUG leader.FollowerInfo (FollowerInfoImpl.java:lambda$new$1(49)) - s0@group-DBBE7E7C6C61->s2: commitIndex: updateToMax old=1, new=1, updated? false
2022-08-02 21:05:57,996 [grpc-default-executor-0] DEBUG leader.FollowerInfo (FollowerInfoImpl.java:lambda$new$1(49)) - s0@group-DBBE7E7C6C61->s2: matchIndex: updateToMax old=2, new=-1, updated? false
2022-08-02 21:05:57,997 [grpc-default-executor-3] DEBUG leader.FollowerInfo (FollowerInfoImpl.java:lambda$new$1(49)) - s0@group-DBBE7E7C6C61->s1: commitIndex: updateToMax old=1, new=1, updated? false
2022-08-02 21:05:57,997 [grpc-default-executor-3] DEBUG leader.FollowerInfo (FollowerInfoImpl.java:lambda$new$1(49)) - s0@group-DBBE7E7C6C61->s1: matchIndex: updateToMax old=2, new=-1, updated? false
2022-08-02 21:05:57,997 [grpc-default-executor-0] DEBUG leader.FollowerInfo (FollowerInfoImpl.java:lambda$new$1(49)) - s0@group-DBBE7E7C6C61->s2: commitIndex: updateToMax old=1, new=1, updated? false
2022-08-02 21:05:57,997 [grpc-default-executor-0] DEBUG leader.FollowerInfo (FollowerInfoImpl.java:lambda$new$1(49)) - s0@group-DBBE7E7C6C61->s2: matchIndex: updateToMax old=2, new=-1, updated? false
2022-08-02 21:05:57,998 [grpc-default-executor-3] DEBUG leader.FollowerInfo (FollowerInfoImpl.java:lambda$new$1(49)) - s0@group-DBBE7E7C6C61->s1: commitIndex: updateToMax old=1, new=1, updated? false
2022-08-02 21:05:57,998 [grpc-default-executor-3] DEBUG leader.FollowerInfo (FollowerInfoImpl.java:lambda$new$1(49)) - s0@group-DBBE7E7C6C61->s1: matchIndex: updateToMax old=2, new=-1, updated? false
2022-08-02 21:05:57,998 [grpc-default-executor-0] DEBUG leader.FollowerInfo (FollowerInfoImpl.java:lambda$new$1(49)) - s0@group-DBBE7E7C6C61->s2: commitIndex: updateToMax old=1, new=1, updated? false
2022-08-02 21:05:57,998 [grpc-default-executor-0] DEBUG leader.FollowerInfo (FollowerInfoImpl.java:lambda$new$1(49)) - s0@group-DBBE7E7C6C61->s2: matchIndex: updateToMax old=2, new=-1, updated? false
2022-08-02 21:05:57,999 [grpc-default-executor-3] DEBUG leader.FollowerInfo (FollowerInfoImpl.java:lambda$new$1(49)) - s0@group-DBBE7E7C6C61->s1: commitIndex: updateToMax old=1, new=1, updated? false
2022-08-02 21:05:57,999 [grpc-default-executor-3] DEBUG leader.FollowerInfo (FollowerInfoImpl.java:lambda$new$1(49)) - s0@group-DBBE7E7C6C61->s1: matchIndex: updateToMax old=2, new=-1, updated? false
2022-08-02 21:05:57,999 [grpc-default-executor-0] DEBUG leader.FollowerInfo (FollowerInfoImpl.java:lambda$new$1(49)) - s0@group-DBBE7E7C6C61->s2: commitIndex: updateToMax old=1, new=1, updated? false
2022-08-02 21:05:57,999 [grpc-default-executor-0] DEBUG leader.FollowerInfo (FollowerInfoImpl.java:lambda$new$1(49)) - s0@group-DBBE7E7C6C61->s2: matchIndex: updateToMax old=2, new=-1, updated? false
2022-08-02 21:05:58,000 [grpc-default-executor-3] DEBUG leader.FollowerInfo (FollowerInfoImpl.java:lambda$new$1(49)) - s0@group-DBBE7E7C6C61->s1: commitIndex: updateToMax old=1, new=1, updated? false
2022-08-02 21:05:58,000 [grpc-default-executor-3] DEBUG leader.FollowerInfo (FollowerInfoImpl.java:lambda$new$1(49)) - s0@group-DBBE7E7C6C61->s1: matchIndex: updateToMax old=2, new=-1, updated? false
2022-08-02 21:05:58,000 [grpc-default-executor-0] DEBUG leader.FollowerInfo (FollowerInfoImpl.java:lambda$new$1(49)) - s0@group-DBBE7E7C6C61->s2: commitIndex: updateToMax old=1, new=1, updated? false
2022-08-02 21:05:58,000 [grpc-default-executor-0] DEBUG leader.FollowerInfo (FollowerInfoImpl.java:lambda$new$1(49)) - s0@group-DBBE7E7C6C61->s2: matchIndex: updateToMax old=2, new=-1, updated? false
2022-08-02 21:05:58,001 [grpc-default-executor-3] DEBUG leader.FollowerInfo (FollowerInfoImpl.java:lambda$new$1(49)) - s0@group-DBBE7E7C6C61->s1: commitIndex: updateToMax old=1, new=1, updated? false
2022-08-02 21:05:58,001 [grpc-default-executor-3] DEBUG leader.FollowerInfo (FollowerInfoImpl.java:lambda$new$1(49)) - s0@group-DBBE7E7C6C61->s1: matchIndex: updateToMax old=2, new=-1, updated? false
2022-08-02 21:05:58,001 [grpc-default-executor-0] DEBUG leader.FollowerInfo (FollowerInfoImpl.java:lambda$new$1(49)) - s0@group-DBBE7E7C6C61->s2: commitIndex: updateToMax old=1, new=1, updated? false
2022-08-02 21:05:58,001 [grpc-default-executor-0] DEBUG leader.FollowerInfo (FollowerInfoImpl.java:lambda$new$1(49)) - s0@group-DBBE7E7C6C61->s2: matchIndex: updateToMax old=2, new=-1, updated? false
2022-08-02 21:05:58,002 [grpc-default-executor-3] DEBUG leader.FollowerInfo (FollowerInfoImpl.java:lambda$new$1(49)) - s0@group-DBBE7E7C6C61->s1: commitIndex: updateToMax old=1, new=1, updated? false
2022-08-02 21:05:58,002 [grpc-default-executor-3] DEBUG leader.FollowerInfo (FollowerInfoImpl.java:lambda$new$1(49)) - s0@group-DBBE7E7C6C61->s1: matchIndex: updateToMax old=2, new=-1, updated? false
2022-08-02 21:05:58,003 [grpc-default-executor-0] DEBUG leader.FollowerInfo (FollowerInfoImpl.java:lambda$new$1(49)) - s0@group-DBBE7E7C6C61->s2: commitIndex: updateToMax old=1, new=1, updated? false
2022-08-02 21:05:58,003 [grpc-default-executor-0] DEBUG leader.FollowerInfo (FollowerInfoImpl.java:lambda$new$1(49)) - s0@group-DBBE7E7C6C61->s2: matchIndex: updateToMax old=2, new=-1, updated? false
2022-08-02 21:05:58,003 [grpc-default-executor-3] DEBUG leader.FollowerInfo (FollowerInfoImpl.java:lambda$new$1(49)) - s0@group-DBBE7E7C6C61->s1: commitIndex: updateToMax old=1, new=1, updated? false
2022-08-02 21:05:58,003 [grpc-default-executor-3] DEBUG leader.FollowerInfo (FollowerInfoImpl.java:lambda$new$1(49)) - s0@group-DBBE7E7C6C61->s1: matchIndex: updateToMax old=2, new=-1, updated? false
2022-08-02 21:05:58,004 [grpc-default-executor-0] DEBUG leader.FollowerInfo (FollowerInfoImpl.java:lambda$new$1(49)) - s0@group-DBBE7E7C6C61->s2: commitIndex: updateToMax old=1, new=1, updated? false
2022-08-02 21:05:58,004 [grpc-default-executor-0] DEBUG leader.FollowerInfo (FollowerInfoImpl.java:lambda$new$1(49)) - s0@group-DBBE7E7C6C61->s2: matchIndex: updateToMax old=2, new=-1, updated? false
2022-08-02 21:05:58,004 [grpc-default-executor-3] DEBUG leader.FollowerInfo (FollowerInfoImpl.java:lambda$new$1(49)) - s0@group-DBBE7E7C6C61->s1: commitIndex: updateToMax old=1, new=1, updated? false
2022-08-02 21:05:58,004 [grpc-default-executor-3] DEBUG leader.FollowerInfo (FollowerInfoImpl.java:lambda$new$1(49)) - s0@group-DBBE7E7C6C61->s1: matchIndex: updateToMax old=2, new=-1, updated? false
2022-08-02 21:05:58,005 [grpc-default-executor-0] DEBUG leader.FollowerInfo (FollowerInfoImpl.java:lambda$new$1(49)) - s0@group-DBBE7E7C6C61->s2: commitIndex: updateToMax old=1, new=1, updated? false
2022-08-02 21:05:58,005 [grpc-default-executor-0] DEBUG leader.FollowerInfo (FollowerInfoImpl.java:lambda$new$1(49)) - s0@group-DBBE7E7C6C61->s2: matchIndex: updateToMax old=2, new=-1, updated? false
2022-08-02 21:05:58,005 [grpc-default-executor-3] DEBUG leader.FollowerInfo (FollowerInfoImpl.java:lambda$new$1(49)) - s0@group-DBBE7E7C6C61->s1: commitIndex: updateToMax old=1, new=1, updated? false
2022-08-02 21:05:58,006 [grpc-default-executor-3] DEBUG leader.FollowerInfo (FollowerInfoImpl.java:lambda$new$1(49)) - s0@group-DBBE7E7C6C61->s1: matchIndex: updateToMax old=2, new=-1, updated? false
2022-08-02 21:05:58,006 [grpc-default-executor-0] DEBUG leader.FollowerInfo (FollowerInfoImpl.java:lambda$new$1(49)) - s0@group-DBBE7E7C6C61->s2: commitIndex: updateToMax old=1, new=1, updated? false
2022-08-02 21:05:58,006 [grpc-default-executor-0] DEBUG leader.FollowerInfo (FollowerInfoImpl.java:lambda$new$1(49)) - s0@group-DBBE7E7C6C61->s2: matchIndex: updateToMax old=2, new=-1, updated? false
2022-08-02 21:05:58,007 [grpc-default-executor-3] DEBUG leader.FollowerInfo (FollowerInfoImpl.java:lambda$new$1(49)) - s0@group-DBBE7E7C6C61->s1: commitIndex: updateToMax old=1, new=1, updated? false
2022-08-02 21:05:58,007 [grpc-default-executor-3] DEBUG leader.FollowerInfo (FollowerInfoImpl.java:lambda$new$1(49)) - s0@group-DBBE7E7C6C61->s1: matchIndex: updateToMax old=2, new=-1, updated? false
2022-08-02 21:05:58,007 [grpc-default-executor-0] DEBUG leader.FollowerInfo (FollowerInfoImpl.java:lambda$new$1(49)) - s0@group-DBBE7E7C6C61->s2: commitIndex: updateToMax old=1, new=1, updated? false
2022-08-02 21:05:58,007 [grpc-default-executor-0] DEBUG leader.FollowerInfo (FollowerInfoImpl.java:lambda$new$1(49)) - s0@group-DBBE7E7C6C61->s2: matchIndex: updateToMax old=2, new=-1, updated? false
2022-08-02 21:05:58,008 [grpc-default-executor-3] DEBUG leader.FollowerInfo (FollowerInfoImpl.java:lambda$new$1(49)) - s0@group-DBBE7E7C6C61->s1: commitIndex: updateToMax old=1, new=1, updated? false
2022-08-02 21:05:58,008 [grpc-default-executor-3] DEBUG leader.FollowerInfo (FollowerInfoImpl.java:lambda$new$1(49)) - s0@group-DBBE7E7C6C61->s1: matchIndex: updateToMax old=2, new=-1, updated? false
2022-08-02 21:05:58,008 [grpc-default-executor-0] DEBUG leader.FollowerInfo (FollowerInfoImpl.java:lambda$new$1(49)) - s0@group-DBBE7E7C6C61->s2: commitIndex: updateToMax old=1, new=1, updated? false
2022-08-02 21:05:58,008 [grpc-default-executor-0] DEBUG leader.FollowerInfo (FollowerInfoImpl.java:lambda$new$1(49)) - s0@group-DBBE7E7C6C61->s2: matchIndex: updateToMax old=2, new=-1, updated? false
2022-08-02 21:05:58,009 [grpc-default-executor-3] DEBUG leader.FollowerInfo (FollowerInfoImpl.java:lambda$new$1(49)) - s0@group-DBBE7E7C6C61->s1: commitIndex: updateToMax old=1, new=1, updated? false
2022-08-02 21:05:58,009 [grpc-default-executor-3] DEBUG leader.FollowerInfo (FollowerInfoImpl.java:lambda$new$1(49)) - s0@group-DBBE7E7C6C61->s1: matchIndex: updateToMax old=2, new=-1, updated? false
2022-08-02 21:05:58,010 [grpc-default-executor-0] DEBUG leader.FollowerInfo (FollowerInfoImpl.java:lambda$new$1(49)) - s0@group-DBBE7E7C6C61->s2: commitIndex: updateToMax old=1, new=1, updated? false
2022-08-02 21:05:58,010 [grpc-default-executor-0] DEBUG leader.FollowerInfo (FollowerInfoImpl.java:lambda$new$1(49)) - s0@group-DBBE7E7C6C61->s2: matchIndex: updateToMax old=2, new=-1, updated? false
2022-08-02 21:05:58,010 [grpc-default-executor-3] DEBUG leader.FollowerInfo (FollowerInfoImpl.java:lambda$new$1(49)) - s0@group-DBBE7E7C6C61->s1: commitIndex: updateToMax old=1, new=1, updated? false
2022-08-02 21:05:58,010 [grpc-default-executor-3] DEBUG leader.FollowerInfo (FollowerInfoImpl.java:lambda$new$1(49)) - s0@group-DBBE7E7C6C61->s1: matchIndex: updateToMax old=2, new=-1, updated? false
2022-08-02 21:05:58,011 [grpc-default-executor-0] DEBUG leader.FollowerInfo (FollowerInfoImpl.java:lambda$new$1(49)) - s0@group-DBBE7E7C6C61->s2: commitIndex: updateToMax old=1, new=1, updated? false
2022-08-02 21:05:58,011 [grpc-default-executor-0] DEBUG leader.FollowerInfo (FollowerInfoImpl.java:lambda$new$1(49)) - s0@group-DBBE7E7C6C61->s2: matchIndex: updateToMax old=2, new=-1, updated? false
2022-08-02 21:05:58,011 [grpc-default-executor-3] DEBUG leader.FollowerInfo (FollowerInfoImpl.java:lambda$new$1(49)) - s0@group-DBBE7E7C6C61->s1: commitIndex: updateToMax old=1, new=1, updated? false
2022-08-02 21:05:58,011 [grpc-default-executor-3] DEBUG leader.FollowerInfo (FollowerInfoImpl.java:lambda$new$1(49)) - s0@group-DBBE7E7C6C61->s1: matchIndex: updateToMax old=2, new=-1, updated? false
2022-08-02 21:05:58,012 [grpc-default-executor-0] DEBUG leader.FollowerInfo (FollowerInfoImpl.java:lambda$new$1(49)) - s0@group-DBBE7E7C6C61->s2: commitIndex: updateToMax old=1, new=1, updated? false
2022-08-02 21:05:58,012 [grpc-default-executor-0] DEBUG leader.FollowerInfo (FollowerInfoImpl.java:lambda$new$1(49)) - s0@group-DBBE7E7C6C61->s2: matchIndex: updateToMax old=2, new=-1, updated? false
2022-08-02 21:05:58,012 [grpc-default-executor-3] DEBUG leader.FollowerInfo (FollowerInfoImpl.java:lambda$new$1(49)) - s0@group-DBBE7E7C6C61->s1: commitIndex: updateToMax old=1, new=1, updated? false
2022-08-02 21:05:58,013 [grpc-default-executor-3] DEBUG leader.FollowerInfo (FollowerInfoImpl.java:lambda$new$1(49)) - s0@group-DBBE7E7C6C61->s1: matchIndex: updateToMax old=2, new=-1, updated? false
2022-08-02 21:05:58,013 [grpc-default-executor-0] DEBUG leader.FollowerInfo (FollowerInfoImpl.java:lambda$new$1(49)) - s0@group-DBBE7E7C6C61->s2: commitIndex: updateToMax old=1, new=1, updated? false
2022-08-02 21:05:58,013 [grpc-default-executor-0] DEBUG leader.FollowerInfo (FollowerInfoImpl.java:lambda$new$1(49)) - s0@group-DBBE7E7C6C61->s2: matchIndex: updateToMax old=2, new=-1, updated? false
2022-08-02 21:05:58,014 [grpc-default-executor-3] DEBUG leader.FollowerInfo (FollowerInfoImpl.java:lambda$new$1(49)) - s0@group-DBBE7E7C6C61->s1: commitIndex: updateToMax old=1, new=1, updated? false
2022-08-02 21:05:58,014 [grpc-default-executor-3] DEBUG leader.FollowerInfo (FollowerInfoImpl.java:lambda$new$1(49)) - s0@group-DBBE7E7C6C61->s1: matchIndex: updateToMax old=2, new=-1, updated? false
2022-08-02 21:05:58,014 [grpc-default-executor-0] DEBUG leader.FollowerInfo (FollowerInfoImpl.java:lambda$new$1(49)) - s0@group-DBBE7E7C6C61->s2: commitIndex: updateToMax old=1, new=1, updated? false
2022-08-02 21:05:58,014 [grpc-default-executor-0] DEBUG leader.FollowerInfo (FollowerInfoImpl.java:lambda$new$1(49)) - s0@group-DBBE7E7C6C61->s2: matchIndex: updateToMax old=2, new=-1, updated? false
2022-08-02 21:05:58,015 [grpc-default-executor-3] DEBUG leader.FollowerInfo (FollowerInfoImpl.java:lambda$new$1(49)) - s0@group-DBBE7E7C6C61->s1: commitIndex: updateToMax old=1, new=1, updated? false
2022-08-02 21:05:58,015 [grpc-default-executor-3] DEBUG leader.FollowerInfo (FollowerInfoImpl.java:lambda$new$1(49)) - s0@group-DBBE7E7C6C61->s1: matchIndex: updateToMax old=2, new=-1, updated? false
2022-08-02 21:05:58,015 [grpc-default-executor-0] DEBUG leader.FollowerInfo (FollowerInfoImpl.java:lambda$new$1(49)) - s0@group-DBBE7E7C6C61->s2: commitIndex: updateToMax old=1, new=1, updated? false
2022-08-02 21:05:58,015 [grpc-default-executor-0] DEBUG leader.FollowerInfo (FollowerInfoImpl.java:lambda$new$1(49)) - s0@group-DBBE7E7C6C61->s2: matchIndex: updateToMax old=2, new=-1, updated? false
2022-08-02 21:05:58,016 [grpc-default-executor-3] DEBUG leader.FollowerInfo (FollowerInfoImpl.java:lambda$new$1(49)) - s0@group-DBBE7E7C6C61->s1: commitIndex: updateToMax old=1, new=1, updated? false
2022-08-02 21:05:58,016 [grpc-default-executor-3] DEBUG leader.FollowerInfo (FollowerInfoImpl.java:lambda$new$1(49)) - s0@group-DBBE7E7C6C61->s1: matchIndex: updateToMax old=2, new=-1, updated? false
2022-08-02 21:05:58,016 [grpc-default-executor-0] DEBUG leader.FollowerInfo (FollowerInfoImpl.java:lambda$new$1(49)) - s0@group-DBBE7E7C6C61->s2: commitIndex: updateToMax old=1, new=1, updated? false
2022-08-02 21:05:58,016 [grpc-default-executor-0] DEBUG leader.FollowerInfo (FollowerInfoImpl.java:lambda$new$1(49)) - s0@group-DBBE7E7C6C61->s2: matchIndex: updateToMax old=2, new=-1, updated? false
2022-08-02 21:05:58,017 [grpc-default-executor-3] DEBUG leader.FollowerInfo (FollowerInfoImpl.java:lambda$new$1(49)) - s0@group-DBBE7E7C6C61->s1: commitIndex: updateToMax old=1, new=1, updated? false
2022-08-02 21:05:58,017 [grpc-default-executor-3] DEBUG leader.FollowerInfo (FollowerInfoImpl.java:lambda$new$1(49)) - s0@group-DBBE7E7C6C61->s1: matchIndex: updateToMax old=2, new=-1, updated? false
2022-08-02 21:05:58,018 [grpc-default-executor-0] DEBUG leader.FollowerInfo (FollowerInfoImpl.java:lambda$new$1(49)) - s0@group-DBBE7E7C6C61->s2: commitIndex: updateToMax old=1, new=1, updated? false
2022-08-02 21:05:58,018 [grpc-default-executor-0] DEBUG leader.FollowerInfo (FollowerInfoImpl.java:lambda$new$1(49)) - s0@group-DBBE7E7C6C61->s2: matchIndex: updateToMax old=2, new=-1, updated? false
2022-08-02 21:05:58,018 [grpc-default-executor-3] DEBUG leader.FollowerInfo (FollowerInfoImpl.java:lambda$new$1(49)) - s0@group-DBBE7E7C6C61->s1: commitIndex: updateToMax old=1, new=1, updated? false
2022-08-02 21:05:58,018 [grpc-default-executor-3] DEBUG leader.FollowerInfo (FollowerInfoImpl.java:lambda$new$1(49)) - s0@group-DBBE7E7C6C61->s1: matchIndex: updateToMax old=2, new=-1, updated? false
2022-08-02 21:05:58,019 [grpc-default-executor-0] DEBUG leader.FollowerInfo (FollowerInfoImpl.java:lambda$new$1(49)) - s0@group-DBBE7E7C6C61->s2: commitIndex: updateToMax old=1, new=1, updated? false
2022-08-02 21:05:58,019 [grpc-default-executor-0] DEBUG leader.FollowerInfo (FollowerInfoImpl.java:lambda$new$1(49)) - s0@group-DBBE7E7C6C61->s2: matchIndex: updateToMax old=2, new=-1, updated? false
2022-08-02 21:05:58,019 [grpc-default-executor-3] DEBUG leader.FollowerInfo (FollowerInfoImpl.java:lambda$new$1(49)) - s0@group-DBBE7E7C6C61->s1: commitIndex: updateToMax old=1, new=1, updated? false
2022-08-02 21:05:58,019 [grpc-default-executor-3] DEBUG leader.FollowerInfo (FollowerInfoImpl.java:lambda$new$1(49)) - s0@group-DBBE7E7C6C61->s1: matchIndex: updateToMax old=2, new=-1, updated? false
2022-08-02 21:05:58,020 [grpc-default-executor-0] DEBUG leader.FollowerInfo (FollowerInfoImpl.java:lambda$new$1(49)) - s0@group-DBBE7E7C6C61->s2: commitIndex: updateToMax old=1, new=1, updated? false
2022-08-02 21:05:58,020 [grpc-default-executor-0] DEBUG leader.FollowerInfo (FollowerInfoImpl.java:lambda$new$1(49)) - s0@group-DBBE7E7C6C61->s2: matchIndex: updateToMax old=2, new=-1, updated? false
2022-08-02 21:05:58,020 [grpc-default-executor-3] DEBUG leader.FollowerInfo (FollowerInfoImpl.java:lambda$new$1(49)) - s0@group-DBBE7E7C6C61->s1: commitIndex: updateToMax old=1, new=1, updated? false
2022-08-02 21:05:58,021 [grpc-default-executor-3] DEBUG leader.FollowerInfo (FollowerInfoImpl.java:lambda$new$1(49)) - s0@group-DBBE7E7C6C61->s1: matchIndex: updateToMax old=2, new=-1, updated? false
2022-08-02 21:05:58,021 [grpc-default-executor-0] DEBUG leader.FollowerInfo (FollowerInfoImpl.java:lambda$new$1(49)) - s0@group-DBBE7E7C6C61->s2: commitIndex: updateToMax old=1, new=1, updated? false
2022-08-02 21:05:58,021 [grpc-default-executor-0] DEBUG leader.FollowerInfo (FollowerInfoImpl.java:lambda$new$1(49)) - s0@group-DBBE7E7C6C61->s2: matchIndex: updateToMax old=2, new=-1, updated? false
2022-08-02 21:05:58,022 [grpc-default-executor-3] DEBUG leader.FollowerInfo (FollowerInfoImpl.java:lambda$new$1(49)) - s0@group-DBBE7E7C6C61->s1: commitIndex: updateToMax old=1, new=1, updated? false
2022-08-02 21:05:58,022 [grpc-default-executor-3] DEBUG leader.FollowerInfo (FollowerInfoImpl.java:lambda$new$1(49)) - s0@group-DBBE7E7C6C61->s1: matchIndex: updateToMax old=2, new=-1, updated? false
2022-08-02 21:05:58,022 [grpc-default-executor-0] DEBUG leader.FollowerInfo (FollowerInfoImpl.java:lambda$new$1(49)) - s0@group-DBBE7E7C6C61->s2: commitIndex: updateToMax old=1, new=1, updated? false
2022-08-02 21:05:58,022 [grpc-default-executor-0] DEBUG leader.FollowerInfo (FollowerInfoImpl.java:lambda$new$1(49)) - s0@group-DBBE7E7C6C61->s2: matchIndex: updateToMax old=2, new=-1, updated? false
2022-08-02 21:05:58,023 [grpc-default-executor-3] DEBUG leader.FollowerInfo (FollowerInfoImpl.java:lambda$new$1(49)) - s0@group-DBBE7E7C6C61->s1: commitIndex: updateToMax old=1, new=1, updated? false
2022-08-02 21:05:58,023 [grpc-default-executor-3] DEBUG leader.FollowerInfo (FollowerInfoImpl.java:lambda$new$1(49)) - s0@group-DBBE7E7C6C61->s1: matchIndex: updateToMax old=2, new=-1, updated? false
2022-08-02 21:05:58,023 [grpc-default-executor-0] DEBUG leader.FollowerInfo (FollowerInfoImpl.java:lambda$new$1(49)) - s0@group-DBBE7E7C6C61->s2: commitIndex: updateToMax old=1, new=1, updated? false
2022-08-02 21:05:58,023 [grpc-default-executor-0] DEBUG leader.FollowerInfo (FollowerInfoImpl.java:lambda$new$1(49)) - s0@group-DBBE7E7C6C61->s2: matchIndex: updateToMax old=2, new=-1, updated? false
2022-08-02 21:05:58,024 [grpc-default-executor-3] DEBUG leader.FollowerInfo (FollowerInfoImpl.java:lambda$new$1(49)) - s0@group-DBBE7E7C6C61->s1: commitIndex: updateToMax old=1, new=1, updated? false
2022-08-02 21:05:58,024 [grpc-default-executor-3] DEBUG leader.FollowerInfo (FollowerInfoImpl.java:lambda$new$1(49)) - s0@group-DBBE7E7C6C61->s1: matchIndex: updateToMax old=2, new=-1, updated? false
2022-08-02 21:05:58,025 [grpc-default-executor-0] DEBUG leader.FollowerInfo (FollowerInfoImpl.java:lambda$new$1(49)) - s0@group-DBBE7E7C6C61->s2: commitIndex: updateToMax old=1, new=1, updated? false
2022-08-02 21:05:58,025 [grpc-default-executor-0] DEBUG leader.FollowerInfo (FollowerInfoImpl.java:lambda$new$1(49)) - s0@group-DBBE7E7C6C61->s2: matchIndex: updateToMax old=2, new=-1, updated? false
2022-08-02 21:05:58,025 [grpc-default-executor-3] DEBUG leader.FollowerInfo (FollowerInfoImpl.java:lambda$new$1(49)) - s0@group-DBBE7E7C6C61->s1: commitIndex: updateToMax old=1, new=1, updated? false
2022-08-02 21:05:58,025 [grpc-default-executor-3] DEBUG leader.FollowerInfo (FollowerInfoImpl.java:lambda$new$1(49)) - s0@group-DBBE7E7C6C61->s1: matchIndex: updateToMax old=2, new=-1, updated? false
2022-08-02 21:05:58,026 [grpc-default-executor-0] DEBUG leader.FollowerInfo (FollowerInfoImpl.java:lambda$new$1(49)) - s0@group-DBBE7E7C6C61->s2: commitIndex: updateToMax old=1, new=1, updated? false
2022-08-02 21:05:58,026 [grpc-default-executor-0] DEBUG leader.FollowerInfo (FollowerInfoImpl.java:lambda$new$1(49)) - s0@group-DBBE7E7C6C61->s2: matchIndex: updateToMax old=2, new=-1, updated? false
2022-08-02 21:05:58,026 [grpc-default-executor-3] DEBUG leader.FollowerInfo (FollowerInfoImpl.java:lambda$new$1(49)) - s0@group-DBBE7E7C6C61->s1: commitIndex: updateToMax old=1, new=1, updated? false
2022-08-02 21:05:58,026 [grpc-default-executor-3] DEBUG leader.FollowerInfo (FollowerInfoImpl.java:lambda$new$1(49)) - s0@group-DBBE7E7C6C61->s1: matchIndex: updateToMax old=2, new=-1, updated? false
2022-08-02 21:05:58,027 [grpc-default-executor-0] DEBUG leader.FollowerInfo (FollowerInfoImpl.java:lambda$new$1(49)) - s0@group-DBBE7E7C6C61->s2: commitIndex: updateToMax old=1, new=1, updated? false
2022-08-02 21:05:58,027 [grpc-default-executor-0] DEBUG leader.FollowerInfo (FollowerInfoImpl.java:lambda$new$1(49)) - s0@group-DBBE7E7C6C61->s2: matchIndex: updateToMax old=2, new=-1, updated? false
2022-08-02 21:05:58,027 [grpc-default-executor-3] DEBUG leader.FollowerInfo (FollowerInfoImpl.java:lambda$new$1(49)) - s0@group-DBBE7E7C6C61->s1: commitIndex: updateToMax old=1, new=1, updated? false
2022-08-02 21:05:58,028 [grpc-default-executor-3] DEBUG leader.FollowerInfo (FollowerInfoImpl.java:lambda$new$1(49)) - s0@group-DBBE7E7C6C61->s1: matchIndex: updateToMax old=2, new=-1, updated? false
2022-08-02 21:05:58,028 [grpc-default-executor-0] DEBUG leader.FollowerInfo (FollowerInfoImpl.java:lambda$new$1(49)) - s0@group-DBBE7E7C6C61->s2: commitIndex: updateToMax old=1, new=1, updated? false
2022-08-02 21:05:58,028 [grpc-default-executor-0] DEBUG leader.FollowerInfo (FollowerInfoImpl.java:lambda$new$1(49)) - s0@group-DBBE7E7C6C61->s2: matchIndex: updateToMax old=2, new=-1, updated? false
2022-08-02 21:05:58,029 [grpc-default-executor-3] DEBUG leader.FollowerInfo (FollowerInfoImpl.java:lambda$new$1(49)) - s0@group-DBBE7E7C6C61->s1: commitIndex: updateToMax old=1, new=1, updated? false
2022-08-02 21:05:58,029 [grpc-default-executor-3] DEBUG leader.FollowerInfo (FollowerInfoImpl.java:lambda$new$1(49)) - s0@group-DBBE7E7C6C61->s1: matchIndex: updateToMax old=2, new=-1, updated? false
2022-08-02 21:05:58,029 [grpc-default-executor-0] DEBUG leader.FollowerInfo (FollowerInfoImpl.java:lambda$new$1(49)) - s0@group-DBBE7E7C6C61->s2: commitIndex: updateToMax old=1, new=1, updated? false
2022-08-02 21:05:58,029 [grpc-default-executor-0] DEBUG leader.FollowerInfo (FollowerInfoImpl.java:lambda$new$1(49)) - s0@group-DBBE7E7C6C61->s2: matchIndex: updateToMax old=2, new=-1, updated? false
2022-08-02 21:05:58,030 [grpc-default-executor-3] DEBUG leader.FollowerInfo (FollowerInfoImpl.java:lambda$new$1(49)) - s0@group-DBBE7E7C6C61->s1: commitIndex: updateToMax old=1, new=1, updated? false
2022-08-02 21:05:58,030 [grpc-default-executor-3] DEBUG leader.FollowerInfo (FollowerInfoImpl.java:lambda$new$1(49)) - s0@group-DBBE7E7C6C61->s1: matchIndex: updateToMax old=2, new=-1, updated? false
2022-08-02 21:05:58,030 [grpc-default-executor-0] DEBUG leader.FollowerInfo (FollowerInfoImpl.java:lambda$new$1(49)) - s0@group-DBBE7E7C6C61->s2: commitIndex: updateToMax old=1, new=1, updated? false
2022-08-02 21:05:58,030 [grpc-default-executor-0] DEBUG leader.FollowerInfo (FollowerInfoImpl.java:lambda$new$1(49)) - s0@group-DBBE7E7C6C61->s2: matchIndex: updateToMax old=2, new=-1, updated? false
2022-08-02 21:05:58,031 [grpc-default-executor-3] DEBUG leader.FollowerInfo (FollowerInfoImpl.java:lambda$new$1(49)) - s0@group-DBBE7E7C6C61->s1: commitIndex: updateToMax old=1, new=1, updated? false
2022-08-02 21:05:58,031 [grpc-default-executor-3] DEBUG leader.FollowerInfo (FollowerInfoImpl.java:lambda$new$1(49)) - s0@group-DBBE7E7C6C61->s1: matchIndex: updateToMax old=2, new=-1, updated? false
2022-08-02 21:05:58,031 [grpc-default-executor-0] DEBUG leader.FollowerInfo (FollowerInfoImpl.java:lambda$new$1(49)) - s0@group-DBBE7E7C6C61->s2: commitIndex: updateToMax old=1, new=1, updated? false
2022-08-02 21:05:58,031 [grpc-default-executor-0] DEBUG leader.FollowerInfo (FollowerInfoImpl.java:lambda$new$1(49)) - s0@group-DBBE7E7C6C61->s2: matchIndex: updateToMax old=2, new=-1, updated? false
2022-08-02 21:05:58,032 [grpc-default-executor-3] DEBUG leader.FollowerInfo (FollowerInfoImpl.java:lambda$new$1(49)) - s0@group-DBBE7E7C6C61->s1: commitIndex: updateToMax old=1, new=1, updated? false
2022-08-02 21:05:58,032 [grpc-default-executor-3] DEBUG leader.FollowerInfo (FollowerInfoImpl.java:lambda$new$1(49)) - s0@group-DBBE7E7C6C61->s1: matchIndex: updateToMax old=2, new=-1, updated? false
2022-08-02 21:05:58,032 [grpc-default-executor-0] DEBUG leader.FollowerInfo (FollowerInfoImpl.java:lambda$new$1(49)) - s0@group-DBBE7E7C6C61->s2: commitIndex: updateToMax old=1, new=1, updated? false
2022-08-02 21:05:58,033 [grpc-default-executor-0] DEBUG leader.FollowerInfo (FollowerInfoImpl.java:lambda$new$1(49)) - s0@group-DBBE7E7C6C61->s2: matchIndex: updateToMax old=2, new=-1, updated? false
2022-08-02 21:05:58,033 [grpc-default-executor-3] DEBUG leader.FollowerInfo (FollowerInfoImpl.java:lambda$new$1(49)) - s0@group-DBBE7E7C6C61->s1: commitIndex: updateToMax old=1, new=1, updated? false
2022-08-02 21:05:58,033 [grpc-default-executor-3] DEBUG leader.FollowerInfo (FollowerInfoImpl.java:lambda$new$1(49)) - s0@group-DBBE7E7C6C61->s1: matchIndex: updateToMax old=2, new=-1, updated? false
2022-08-02 21:05:58,034 [grpc-default-executor-0] DEBUG leader.FollowerInfo (FollowerInfoImpl.java:lambda$new$1(49)) - s0@group-DBBE7E7C6C61->s2: commitIndex: updateToMax old=1, new=1, updated? false
2022-08-02 21:05:58,034 [grpc-default-executor-0] DEBUG leader.FollowerInfo (FollowerInfoImpl.java:lambda$new$1(49)) - s0@group-DBBE7E7C6C61->s2: matchIndex: updateToMax old=2, new=-1, updated? false
2022-08-02 21:05:58,034 [grpc-default-executor-3] DEBUG leader.FollowerInfo (FollowerInfoImpl.java:lambda$new$1(49)) - s0@group-DBBE7E7C6C61->s1: commitIndex: updateToMax old=1, new=1, updated? false
2022-08-02 21:05:58,034 [grpc-default-executor-3] DEBUG leader.FollowerInfo (FollowerInfoImpl.java:lambda$new$1(49)) - s0@group-DBBE7E7C6C61->s1: matchIndex: updateToMax old=2, new=-1, updated? false
2022-08-02 21:05:58,035 [grpc-default-executor-0] DEBUG leader.FollowerInfo (FollowerInfoImpl.java:lambda$new$1(49)) - s0@group-DBBE7E7C6C61->s2: commitIndex: updateToMax old=1, new=1, updated? false
2022-08-02 21:05:58,035 [grpc-default-executor-0] DEBUG leader.FollowerInfo (FollowerInfoImpl.java:lambda$new$1(49)) - s0@group-DBBE7E7C6C61->s2: matchIndex: updateToMax old=2, new=-1, updated? false
2022-08-02 21:05:58,035 [grpc-default-executor-3] DEBUG leader.FollowerInfo (FollowerInfoImpl.java:lambda$new$1(49)) - s0@group-DBBE7E7C6C61->s1: commitIndex: updateToMax old=1, new=1, updated? false
2022-08-02 21:05:58,035 [grpc-default-executor-3] DEBUG leader.FollowerInfo (FollowerInfoImpl.java:lambda$new$1(49)) - s0@group-DBBE7E7C6C61->s1: matchIndex: updateToMax old=2, new=-1, updated? false
2022-08-02 21:05:58,036 [grpc-default-executor-0] DEBUG leader.FollowerInfo (FollowerInfoImpl.java:lambda$new$1(49)) - s0@group-DBBE7E7C6C61->s2: commitIndex: updateToMax old=1, new=1, updated? false
2022-08-02 21:05:58,036 [grpc-default-executor-0] DEBUG leader.FollowerInfo (FollowerInfoImpl.java:lambda$new$1(49)) - s0@group-DBBE7E7C6C61->s2: matchIndex: updateToMax old=2, new=-1, updated? false
2022-08-02 21:05:58,036 [grpc-default-executor-3] DEBUG leader.FollowerInfo (FollowerInfoImpl.java:lambda$new$1(49)) - s0@group-DBBE7E7C6C61->s1: commitIndex: updateToMax old=1, new=1, updated? false
2022-08-02 21:05:58,037 [grpc-default-executor-3] DEBUG leader.FollowerInfo (FollowerInfoImpl.java:lambda$new$1(49)) - s0@group-DBBE7E7C6C61->s1: matchIndex: updateToMax old=2, new=-1, updated? false
2022-08-02 21:05:58,037 [grpc-default-executor-0] DEBUG leader.FollowerInfo (FollowerInfoImpl.java:lambda$new$1(49)) - s0@group-DBBE7E7C6C61->s2: commitIndex: updateToMax old=1, new=1, updated? false
2022-08-02 21:05:58,037 [grpc-default-executor-0] DEBUG leader.FollowerInfo (FollowerInfoImpl.java:lambda$new$1(49)) - s0@group-DBBE7E7C6C61->s2: matchIndex: updateToMax old=2, new=-1, updated? false
2022-08-02 21:05:58,038 [grpc-default-executor-3] DEBUG leader.FollowerInfo (FollowerInfoImpl.java:lambda$new$1(49)) - s0@group-DBBE7E7C6C61->s1: commitIndex: updateToMax old=1, new=1, updated? false
2022-08-02 21:05:58,038 [grpc-default-executor-3] DEBUG leader.FollowerInfo (FollowerInfoImpl.java:lambda$new$1(49)) - s0@group-DBBE7E7C6C61->s1: matchIndex: updateToMax old=2, new=-1, updated? false
2022-08-02 21:05:58,038 [grpc-default-executor-0] DEBUG leader.FollowerInfo (FollowerInfoImpl.java:lambda$new$1(49)) - s0@group-DBBE7E7C6C61->s2: commitIndex: updateToMax old=1, new=1, updated? false
2022-08-02 21:05:58,038 [grpc-default-executor-0] DEBUG leader.FollowerInfo (FollowerInfoImpl.java:lambda$new$1(49)) - s0@group-DBBE7E7C6C61->s2: matchIndex: updateToMax old=2, new=-1, updated? false
2022-08-02 21:05:58,039 [grpc-default-executor-3] DEBUG leader.FollowerInfo (FollowerInfoImpl.java:lambda$new$1(49)) - s0@group-DBBE7E7C6C61->s1: commitIndex: updateToMax old=1, new=1, updated? false
2022-08-02 21:05:58,039 [grpc-default-executor-3] DEBUG leader.FollowerInfo (FollowerInfoImpl.java:lambda$new$1(49)) - s0@group-DBBE7E7C6C61->s1: matchIndex: updateToMax old=2, new=-1, updated? false
2022-08-02 21:05:58,039 [grpc-default-executor-0] DEBUG leader.FollowerInfo (FollowerInfoImpl.java:lambda$new$1(49)) - s0@group-DBBE7E7C6C61->s2: commitIndex: updateToMax old=1, new=1, updated? false
2022-08-02 21:05:58,040 [grpc-default-executor-0] DEBUG leader.FollowerInfo (FollowerInfoImpl.java:lambda$new$1(49)) - s0@group-DBBE7E7C6C61->s2: matchIndex: updateToMax old=2, new=-1, updated? false
2022-08-02 21:05:58,040 [grpc-default-executor-3] DEBUG leader.FollowerInfo (FollowerInfoImpl.java:lambda$new$1(49)) - s0@group-DBBE7E7C6C61->s1: commitIndex: updateToMax old=1, new=1, updated? false
2022-08-02 21:05:58,040 [grpc-default-executor-3] DEBUG leader.FollowerInfo (FollowerInfoImpl.java:lambda$new$1(49)) - s0@group-DBBE7E7C6C61->s1: matchIndex: updateToMax old=2, new=-1, updated? false
2022-08-02 21:05:58,041 [grpc-default-executor-0] DEBUG leader.FollowerInfo (FollowerInfoImpl.java:lambda$new$1(49)) - s0@group-DBBE7E7C6C61->s2: commitIndex: updateToMax old=1, new=1, updated? false
2022-08-02 21:05:58,041 [grpc-default-executor-0] DEBUG leader.FollowerInfo (FollowerInfoImpl.java:lambda$new$1(49)) - s0@group-DBBE7E7C6C61->s2: matchIndex: updateToMax old=2, new=-1, updated? false
2022-08-02 21:05:58,041 [grpc-default-executor-3] DEBUG leader.FollowerInfo (FollowerInfoImpl.java:lambda$new$1(49)) - s0@group-DBBE7E7C6C61->s1: commitIndex: updateToMax old=1, new=1, updated? false
2022-08-02 21:05:58,041 [grpc-default-executor-3] DEBUG leader.FollowerInfo (FollowerInfoImpl.java:lambda$new$1(49)) - s0@group-DBBE7E7C6C61->s1: matchIndex: updateToMax old=2, new=-1, updated? false
2022-08-02 21:05:58,042 [grpc-default-executor-0] DEBUG leader.FollowerInfo (FollowerInfoImpl.java:lambda$new$1(49)) - s0@group-DBBE7E7C6C61->s2: commitIndex: updateToMax old=1, new=1, updated? false
2022-08-02 21:05:58,042 [grpc-default-executor-0] DEBUG leader.FollowerInfo (FollowerInfoImpl.java:lambda$new$1(49)) - s0@group-DBBE7E7C6C61->s2: matchIndex: updateToMax old=2, new=-1, updated? false
2022-08-02 21:05:58,042 [grpc-default-executor-3] DEBUG leader.FollowerInfo (FollowerInfoImpl.java:lambda$new$1(49)) - s0@group-DBBE7E7C6C61->s1: commitIndex: updateToMax old=1, new=1, updated? false
2022-08-02 21:05:58,042 [grpc-default-executor-3] DEBUG leader.FollowerInfo (FollowerInfoImpl.java:lambda$new$1(49)) - s0@group-DBBE7E7C6C61->s1: matchIndex: updateToMax old=2, new=-1, updated? false
2022-08-02 21:05:58,043 [grpc-default-executor-0] DEBUG leader.FollowerInfo (FollowerInfoImpl.java:lambda$new$1(49)) - s0@group-DBBE7E7C6C61->s2: commitIndex: updateToMax old=1, new=1, updated? false
2022-08-02 21:05:58,043 [grpc-default-executor-0] DEBUG leader.FollowerInfo (FollowerInfoImpl.java:lambda$new$1(49)) - s0@group-DBBE7E7C6C61->s2: matchIndex: updateToMax old=2, new=-1, updated? false
2022-08-02 21:05:58,043 [grpc-default-executor-3] DEBUG leader.FollowerInfo (FollowerInfoImpl.java:lambda$new$1(49)) - s0@group-DBBE7E7C6C61->s1: commitIndex: updateToMax old=1, new=1, updated? false
2022-08-02 21:05:58,043 [grpc-default-executor-3] DEBUG leader.FollowerInfo (FollowerInfoImpl.java:lambda$new$1(49)) - s0@group-DBBE7E7C6C61->s1: matchIndex: updateToMax old=2, new=-1, updated? false
2022-08-02 21:05:58,044 [grpc-default-executor-0] DEBUG leader.FollowerInfo (FollowerInfoImpl.java:lambda$new$1(49)) - s0@group-DBBE7E7C6C61->s2: commitIndex: updateToMax old=1, new=1, updated? false
2022-08-02 21:05:58,044 [grpc-default-executor-0] DEBUG leader.FollowerInfo (FollowerInfoImpl.java:lambda$new$1(49)) - s0@group-DBBE7E7C6C61->s2: matchIndex: updateToMax old=2, new=-1, updated? false
2022-08-02 21:05:58,044 [grpc-default-executor-3] DEBUG leader.FollowerInfo (FollowerInfoImpl.java:lambda$new$1(49)) - s0@group-DBBE7E7C6C61->s1: commitIndex: updateToMax old=1, new=1, updated? false
2022-08-02 21:05:58,045 [grpc-default-executor-3] DEBUG leader.FollowerInfo (FollowerInfoImpl.java:lambda$new$1(49)) - s0@group-DBBE7E7C6C61->s1: matchIndex: updateToMax old=2, new=-1, updated? false
2022-08-02 21:05:58,045 [grpc-default-executor-0] DEBUG leader.FollowerInfo (FollowerInfoImpl.java:lambda$new$1(49)) - s0@group-DBBE7E7C6C61->s2: commitIndex: updateToMax old=1, new=1, updated? false
2022-08-02 21:05:58,045 [grpc-default-executor-0] DEBUG leader.FollowerInfo (FollowerInfoImpl.java:lambda$new$1(49)) - s0@group-DBBE7E7C6C61->s2: matchIndex: updateToMax old=2, new=-1, updated? false
2022-08-02 21:05:58,046 [grpc-default-executor-3] DEBUG leader.FollowerInfo (FollowerInfoImpl.java:lambda$new$1(49)) - s0@group-DBBE7E7C6C61->s1: commitIndex: updateToMax old=1, new=1, updated? false
2022-08-02 21:05:58,046 [grpc-default-executor-3] DEBUG leader.FollowerInfo (FollowerInfoImpl.java:lambda$new$1(49)) - s0@group-DBBE7E7C6C61->s1: matchIndex: updateToMax old=2, new=-1, updated? false
2022-08-02 21:05:58,046 [grpc-default-executor-0] DEBUG leader.FollowerInfo (FollowerInfoImpl.java:lambda$new$1(49)) - s0@group-DBBE7E7C6C61->s2: commitIndex: updateToMax old=1, new=1, updated? false
2022-08-02 21:05:58,046 [grpc-default-executor-0] DEBUG leader.FollowerInfo (FollowerInfoImpl.java:lambda$new$1(49)) - s0@group-DBBE7E7C6C61->s2: matchIndex: updateToMax old=2, new=-1, updated? false
2022-08-02 21:05:58,047 [grpc-default-executor-3] DEBUG leader.FollowerInfo (FollowerInfoImpl.java:lambda$new$1(49)) - s0@group-DBBE7E7C6C61->s1: commitIndex: updateToMax old=1, new=1, updated? false
2022-08-02 21:05:58,047 [grpc-default-executor-3] DEBUG leader.FollowerInfo (FollowerInfoImpl.java:lambda$new$1(49)) - s0@group-DBBE7E7C6C61->s1: matchIndex: updateToMax old=2, new=-1, updated? false
2022-08-02 21:05:58,047 [grpc-default-executor-0] DEBUG leader.FollowerInfo (FollowerInfoImpl.java:lambda$new$1(49)) - s0@group-DBBE7E7C6C61->s2: commitIndex: updateToMax old=1, new=1, updated? false
2022-08-02 21:05:58,047 [grpc-default-executor-0] DEBUG leader.FollowerInfo (FollowerInfoImpl.java:lambda$new$1(49)) - s0@group-DBBE7E7C6C61->s2: matchIndex: updateToMax old=2, new=-1, updated? false
2022-08-02 21:05:58,048 [grpc-default-executor-3] DEBUG leader.FollowerInfo (FollowerInfoImpl.java:lambda$new$1(49)) - s0@group-DBBE7E7C6C61->s1: commitIndex: updateToMax old=1, new=1, updated? false
2022-08-02 21:05:58,048 [grpc-default-executor-3] DEBUG leader.FollowerInfo (FollowerInfoImpl.java:lambda$new$1(49)) - s0@group-DBBE7E7C6C61->s1: matchIndex: updateToMax old=2, new=-1, updated? false
2022-08-02 21:05:58,048 [grpc-default-executor-0] DEBUG leader.FollowerInfo (FollowerInfoImpl.java:lambda$new$1(49)) - s0@group-DBBE7E7C6C61->s2: commitIndex: updateToMax old=1, new=1, updated? false
2022-08-02 21:05:58,048 [grpc-default-executor-0] DEBUG leader.FollowerInfo (FollowerInfoImpl.java:lambda$new$1(49)) - s0@group-DBBE7E7C6C61->s2: matchIndex: updateToMax old=2, new=-1, updated? false
2022-08-02 21:05:58,049 [grpc-default-executor-3] DEBUG leader.FollowerInfo (FollowerInfoImpl.java:lambda$new$1(49)) - s0@group-DBBE7E7C6C61->s1: commitIndex: updateToMax old=1, new=1, updated? false
2022-08-02 21:05:58,049 [grpc-default-executor-3] DEBUG leader.FollowerInfo (FollowerInfoImpl.java:lambda$new$1(49)) - s0@group-DBBE7E7C6C61->s1: matchIndex: updateToMax old=2, new=-1, updated? false
2022-08-02 21:05:58,049 [grpc-default-executor-0] DEBUG leader.FollowerInfo (FollowerInfoImpl.java:lambda$new$1(49)) - s0@group-DBBE7E7C6C61->s2: commitIndex: updateToMax old=1, new=1, updated? false
2022-08-02 21:05:58,050 [grpc-default-executor-0] DEBUG leader.FollowerInfo (FollowerInfoImpl.java:lambda$new$1(49)) - s0@group-DBBE7E7C6C61->s2: matchIndex: updateToMax old=2, new=-1, updated? false
2022-08-02 21:05:58,050 [grpc-default-executor-3] DEBUG leader.FollowerInfo (FollowerInfoImpl.java:lambda$new$1(49)) - s0@group-DBBE7E7C6C61->s1: commitIndex: updateToMax old=1, new=1, updated? false
2022-08-02 21:05:58,050 [grpc-default-executor-3] DEBUG leader.FollowerInfo (FollowerInfoImpl.java:lambda$new$1(49)) - s0@group-DBBE7E7C6C61->s1: matchIndex: updateToMax old=2, new=-1, updated? false
2022-08-02 21:05:58,051 [grpc-default-executor-0] DEBUG leader.FollowerInfo (FollowerInfoImpl.java:lambda$new$1(49)) - s0@group-DBBE7E7C6C61->s2: commitIndex: updateToMax old=1, new=1, updated? false
2022-08-02 21:05:58,051 [grpc-default-executor-0] DEBUG leader.FollowerInfo (FollowerInfoImpl.java:lambda$new$1(49)) - s0@group-DBBE7E7C6C61->s2: matchIndex: updateToMax old=2, new=-1, updated? false
2022-08-02 21:05:58,051 [grpc-default-executor-3] DEBUG leader.FollowerInfo (FollowerInfoImpl.java:lambda$new$1(49)) - s0@group-DBBE7E7C6C61->s1: commitIndex: updateToMax old=1, new=1, updated? false
2022-08-02 21:05:58,051 [grpc-default-executor-3] DEBUG leader.FollowerInfo (FollowerInfoImpl.java:lambda$new$1(49)) - s0@group-DBBE7E7C6C61->s1: matchIndex: updateToMax old=2, new=-1, updated? false
2022-08-02 21:05:58,052 [grpc-default-executor-0] DEBUG leader.FollowerInfo (FollowerInfoImpl.java:lambda$new$1(49)) - s0@group-DBBE7E7C6C61->s2: commitIndex: updateToMax old=1, new=1, updated? false
2022-08-02 21:05:58,052 [grpc-default-executor-0] DEBUG leader.FollowerInfo (FollowerInfoImpl.java:lambda$new$1(49)) - s0@group-DBBE7E7C6C61->s2: matchIndex: updateToMax old=2, new=-1, updated? false
2022-08-02 21:05:58,052 [grpc-default-executor-3] DEBUG leader.FollowerInfo (FollowerInfoImpl.java:lambda$new$1(49)) - s0@group-DBBE7E7C6C61->s1: commitIndex: updateToMax old=1, new=1, updated? false
2022-08-02 21:05:58,052 [grpc-default-executor-3] DEBUG leader.FollowerInfo (FollowerInfoImpl.java:lambda$new$1(49)) - s0@group-DBBE7E7C6C61->s1: matchIndex: updateToMax old=2, new=-1, updated? false
2022-08-02 21:05:58,053 [grpc-default-executor-0] DEBUG leader.FollowerInfo (FollowerInfoImpl.java:lambda$new$1(49)) - s0@group-DBBE7E7C6C61->s2: commitIndex: updateToMax old=1, new=1, updated? false
2022-08-02 21:05:58,053 [grpc-default-executor-0] DEBUG leader.FollowerInfo (FollowerInfoImpl.java:lambda$new$1(49)) - s0@group-DBBE7E7C6C61->s2: matchIndex: updateToMax old=2, new=-1, updated? false
2022-08-02 21:05:58,053 [grpc-default-executor-3] DEBUG leader.FollowerInfo (FollowerInfoImpl.java:lambda$new$1(49)) - s0@group-DBBE7E7C6C61->s1: commitIndex: updateToMax old=1, new=1, updated? false
2022-08-02 21:05:58,053 [grpc-default-executor-3] DEBUG leader.FollowerInfo (FollowerInfoImpl.java:lambda$new$1(49)) - s0@group-DBBE7E7C6C61->s1: matchIndex: updateToMax old=2, new=-1, updated? false
2022-08-02 21:05:58,054 [grpc-default-executor-0] DEBUG leader.FollowerInfo (FollowerInfoImpl.java:lambda$new$1(49)) - s0@group-DBBE7E7C6C61->s2: commitIndex: updateToMax old=1, new=1, updated? false
2022-08-02 21:05:58,054 [grpc-default-executor-0] DEBUG leader.FollowerInfo (FollowerInfoImpl.java:lambda$new$1(49)) - s0@group-DBBE7E7C6C61->s2: matchIndex: updateToMax old=2, new=-1, updated? false
2022-08-02 21:05:58,054 [grpc-default-executor-3] DEBUG leader.FollowerInfo (FollowerInfoImpl.java:lambda$new$1(49)) - s0@group-DBBE7E7C6C61->s1: commitIndex: updateToMax old=1, new=1, updated? false
2022-08-02 21:05:58,054 [grpc-default-executor-3] DEBUG leader.FollowerInfo (FollowerInfoImpl.java:lambda$new$1(49)) - s0@group-DBBE7E7C6C61->s1: matchIndex: updateToMax old=2, new=-1, updated? false
2022-08-02 21:05:58,055 [grpc-default-executor-0] DEBUG leader.FollowerInfo (FollowerInfoImpl.java:lambda$new$1(49)) - s0@group-DBBE7E7C6C61->s2: commitIndex: updateToMax old=1, new=1, updated? false
2022-08-02 21:05:58,055 [grpc-default-executor-0] DEBUG leader.FollowerInfo (FollowerInfoImpl.java:lambda$new$1(49)) - s0@group-DBBE7E7C6C61->s2: matchIndex: updateToMax old=2, new=-1, updated? false
2022-08-02 21:05:58,056 [grpc-default-executor-3] DEBUG leader.FollowerInfo (FollowerInfoImpl.java:lambda$new$1(49)) - s0@group-DBBE7E7C6C61->s1: commitIndex: updateToMax old=1, new=1, updated? false
2022-08-02 21:05:58,056 [grpc-default-executor-3] DEBUG leader.FollowerInfo (FollowerInfoImpl.java:lambda$new$1(49)) - s0@group-DBBE7E7C6C61->s1: matchIndex: updateToMax old=2, new=-1, updated? false
2022-08-02 21:05:58,056 [grpc-default-executor-0] DEBUG leader.FollowerInfo (FollowerInfoImpl.java:lambda$new$1(49)) - s0@group-DBBE7E7C6C61->s2: commitIndex: updateToMax old=1, new=1, updated? false
2022-08-02 21:05:58,056 [grpc-default-executor-0] DEBUG leader.FollowerInfo (FollowerInfoImpl.java:lambda$new$1(49)) - s0@group-DBBE7E7C6C61->s2: matchIndex: updateToMax old=2, new=-1, updated? false
2022-08-02 21:05:58,057 [grpc-default-executor-3] DEBUG leader.FollowerInfo (FollowerInfoImpl.java:lambda$new$1(49)) - s0@group-DBBE7E7C6C61->s1: commitIndex: updateToMax old=1, new=1, updated? false
2022-08-02 21:05:58,057 [grpc-default-executor-3] DEBUG leader.FollowerInfo (FollowerInfoImpl.java:lambda$new$1(49)) - s0@group-DBBE7E7C6C61->s1: matchIndex: updateToMax old=2, new=-1, updated? false
2022-08-02 21:05:58,057 [grpc-default-executor-0] DEBUG leader.FollowerInfo (FollowerInfoImpl.java:lambda$new$1(49)) - s0@group-DBBE7E7C6C61->s2: commitIndex: updateToMax old=1, new=1, updated? false
2022-08-02 21:05:58,057 [grpc-default-executor-0] DEBUG leader.FollowerInfo (FollowerInfoImpl.java:lambda$new$1(49)) - s0@group-DBBE7E7C6C61->s2: matchIndex: updateToMax old=2, new=-1, updated? false
2022-08-02 21:05:58,058 [grpc-default-executor-3] DEBUG leader.FollowerInfo (FollowerInfoImpl.java:lambda$new$1(49)) - s0@group-DBBE7E7C6C61->s1: commitIndex: updateToMax old=1, new=1, updated? false
2022-08-02 21:05:58,058 [grpc-default-executor-3] DEBUG leader.FollowerInfo (FollowerInfoImpl.java:lambda$new$1(49)) - s0@group-DBBE7E7C6C61->s1: matchIndex: updateToMax old=2, new=-1, updated? false
2022-08-02 21:05:58,058 [grpc-default-executor-0] DEBUG leader.FollowerInfo (FollowerInfoImpl.java:lambda$new$1(49)) - s0@group-DBBE7E7C6C61->s2: commitIndex: updateToMax old=1, new=1, updated? false
2022-08-02 21:05:58,058 [grpc-default-executor-0] DEBUG leader.FollowerInfo (FollowerInfoImpl.java:lambda$new$1(49)) - s0@group-DBBE7E7C6C61->s2: matchIndex: updateToMax old=2, new=-1, updated? false
2022-08-02 21:05:58,059 [grpc-default-executor-3] DEBUG leader.FollowerInfo (FollowerInfoImpl.java:lambda$new$1(49)) - s0@group-DBBE7E7C6C61->s1: commitIndex: updateToMax old=1, new=1, updated? false
2022-08-02 21:05:58,059 [grpc-default-executor-3] DEBUG leader.FollowerInfo (FollowerInfoImpl.java:lambda$new$1(49)) - s0@group-DBBE7E7C6C61->s1: matchIndex: updateToMax old=2, new=-1, updated? false
2022-08-02 21:05:58,060 [grpc-default-executor-0] DEBUG leader.FollowerInfo (FollowerInfoImpl.java:lambda$new$1(49)) - s0@group-DBBE7E7C6C61->s2: commitIndex: updateToMax old=1, new=1, updated? false
2022-08-02 21:05:58,060 [grpc-default-executor-0] DEBUG leader.FollowerInfo (FollowerInfoImpl.java:lambda$new$1(49)) - s0@group-DBBE7E7C6C61->s2: matchIndex: updateToMax old=2, new=-1, updated? false
2022-08-02 21:05:58,060 [grpc-default-executor-3] DEBUG leader.FollowerInfo (FollowerInfoImpl.java:lambda$new$1(49)) - s0@group-DBBE7E7C6C61->s1: commitIndex: updateToMax old=1, new=1, updated? false
2022-08-02 21:05:58,060 [grpc-default-executor-3] DEBUG leader.FollowerInfo (FollowerInfoImpl.java:lambda$new$1(49)) - s0@group-DBBE7E7C6C61->s1: matchIndex: updateToMax old=2, new=-1, updated? false
2022-08-02 21:05:58,061 [grpc-default-executor-0] DEBUG leader.FollowerInfo (FollowerInfoImpl.java:lambda$new$1(49)) - s0@group-DBBE7E7C6C61->s2: commitIndex: updateToMax old=1, new=1, updated? false
2022-08-02 21:05:58,061 [grpc-default-executor-0] DEBUG leader.FollowerInfo (FollowerInfoImpl.java:lambda$new$1(49)) - s0@group-DBBE7E7C6C61->s2: matchIndex: updateToMax old=2, new=-1, updated? false
2022-08-02 21:05:58,061 [grpc-default-executor-3] DEBUG leader.FollowerInfo (FollowerInfoImpl.java:lambda$new$1(49)) - s0@group-DBBE7E7C6C61->s1: commitIndex: updateToMax old=1, new=1, updated? false
2022-08-02 21:05:58,061 [grpc-default-executor-3] DEBUG leader.FollowerInfo (FollowerInfoImpl.java:lambda$new$1(49)) - s0@group-DBBE7E7C6C61->s1: matchIndex: updateToMax old=2, new=-1, updated? false
2022-08-02 21:05:58,062 [grpc-default-executor-0] DEBUG leader.FollowerInfo (FollowerInfoImpl.java:lambda$new$1(49)) - s0@group-DBBE7E7C6C61->s2: commitIndex: updateToMax old=1, new=1, updated? false
2022-08-02 21:05:58,062 [grpc-default-executor-0] DEBUG leader.FollowerInfo (FollowerInfoImpl.java:lambda$new$1(49)) - s0@group-DBBE7E7C6C61->s2: matchIndex: updateToMax old=2, new=-1, updated? false
2022-08-02 21:05:58,063 [grpc-default-executor-3] DEBUG leader.FollowerInfo (FollowerInfoImpl.java:lambda$new$1(49)) - s0@group-DBBE7E7C6C61->s1: commitIndex: updateToMax old=1, new=1, updated? false
2022-08-02 21:05:58,063 [grpc-default-executor-3] DEBUG leader.FollowerInfo (FollowerInfoImpl.java:lambda$new$1(49)) - s0@group-DBBE7E7C6C61->s1: matchIndex: updateToMax old=2, new=-1, updated? false
2022-08-02 21:05:58,063 [grpc-default-executor-0] DEBUG leader.FollowerInfo (FollowerInfoImpl.java:lambda$new$1(49)) - s0@group-DBBE7E7C6C61->s2: commitIndex: updateToMax old=1, new=1, updated? false
2022-08-02 21:05:58,063 [grpc-default-executor-0] DEBUG leader.FollowerInfo (FollowerInfoImpl.java:lambda$new$1(49)) - s0@group-DBBE7E7C6C61->s2: matchIndex: updateToMax old=2, new=-1, updated? false
2022-08-02 21:05:58,064 [grpc-default-executor-3] DEBUG leader.FollowerInfo (FollowerInfoImpl.java:lambda$new$1(49)) - s0@group-DBBE7E7C6C61->s1: commitIndex: updateToMax old=1, new=1, updated? false
2022-08-02 21:05:58,064 [grpc-default-executor-3] DEBUG leader.FollowerInfo (FollowerInfoImpl.java:lambda$new$1(49)) - s0@group-DBBE7E7C6C61->s1: matchIndex: updateToMax old=2, new=-1, updated? false
2022-08-02 21:05:58,064 [grpc-default-executor-0] DEBUG leader.FollowerInfo (FollowerInfoImpl.java:lambda$new$1(49)) - s0@group-DBBE7E7C6C61->s2: commitIndex: updateToMax old=1, new=1, updated? false
2022-08-02 21:05:58,064 [grpc-default-executor-0] DEBUG leader.FollowerInfo (FollowerInfoImpl.java:lambda$new$1(49)) - s0@group-DBBE7E7C6C61->s2: matchIndex: updateToMax old=2, new=-1, updated? false
2022-08-02 21:05:58,065 [grpc-default-executor-3] DEBUG leader.FollowerInfo (FollowerInfoImpl.java:lambda$new$1(49)) - s0@group-DBBE7E7C6C61->s1: commitIndex: updateToMax old=1, new=1, updated? false
2022-08-02 21:05:58,065 [grpc-default-executor-3] DEBUG leader.FollowerInfo (FollowerInfoImpl.java:lambda$new$1(49)) - s0@group-DBBE7E7C6C61->s1: matchIndex: updateToMax old=2, new=-1, updated? false
2022-08-02 21:05:58,065 [grpc-default-executor-0] DEBUG leader.FollowerInfo (FollowerInfoImpl.java:lambda$new$1(49)) - s0@group-DBBE7E7C6C61->s2: commitIndex: updateToMax old=1, new=1, updated? false
2022-08-02 21:05:58,065 [grpc-default-executor-0] DEBUG leader.FollowerInfo (FollowerInfoImpl.java:lambda$new$1(49)) - s0@group-DBBE7E7C6C61->s2: matchIndex: updateToMax old=2, new=-1, updated? false
2022-08-02 21:05:58,066 [grpc-default-executor-3] DEBUG leader.FollowerInfo (FollowerInfoImpl.java:lambda$new$1(49)) - s0@group-DBBE7E7C6C61->s1: commitIndex: updateToMax old=1, new=1, updated? false
2022-08-02 21:05:58,066 [grpc-default-executor-3] DEBUG leader.FollowerInfo (FollowerInfoImpl.java:lambda$new$1(49)) - s0@group-DBBE7E7C6C61->s1: matchIndex: updateToMax old=2, new=-1, updated? false
2022-08-02 21:05:58,066 [grpc-default-executor-0] DEBUG leader.FollowerInfo (FollowerInfoImpl.java:lambda$new$1(49)) - s0@group-DBBE7E7C6C61->s2: commitIndex: updateToMax old=1, new=1, updated? false
2022-08-02 21:05:58,066 [grpc-default-executor-0] DEBUG leader.FollowerInfo (FollowerInfoImpl.java:lambda$new$1(49)) - s0@group-DBBE7E7C6C61->s2: matchIndex: updateToMax old=2, new=-1, updated? false
2022-08-02 21:05:58,067 [grpc-default-executor-3] DEBUG leader.FollowerInfo (FollowerInfoImpl.java:lambda$new$1(49)) - s0@group-DBBE7E7C6C61->s1: commitIndex: updateToMax old=1, new=1, updated? false
2022-08-02 21:05:58,067 [grpc-default-executor-3] DEBUG leader.FollowerInfo (FollowerInfoImpl.java:lambda$new$1(49)) - s0@group-DBBE7E7C6C61->s1: matchIndex: updateToMax old=2, new=-1, updated? false
2022-08-02 21:05:58,068 [grpc-default-executor-0] DEBUG leader.FollowerInfo (FollowerInfoImpl.java:lambda$new$1(49)) - s0@group-DBBE7E7C6C61->s2: commitIndex: updateToMax old=1, new=1, updated? false
2022-08-02 21:05:58,068 [grpc-default-executor-0] DEBUG leader.FollowerInfo (FollowerInfoImpl.java:lambda$new$1(49)) - s0@group-DBBE7E7C6C61->s2: matchIndex: updateToMax old=2, new=-1, updated? false
2022-08-02 21:05:58,068 [grpc-default-executor-3] DEBUG leader.FollowerInfo (FollowerInfoImpl.java:lambda$new$1(49)) - s0@group-DBBE7E7C6C61->s1: commitIndex: updateToMax old=1, new=1, updated? false
2022-08-02 21:05:58,068 [grpc-default-executor-3] DEBUG leader.FollowerInfo (FollowerInfoImpl.java:lambda$new$1(49)) - s0@group-DBBE7E7C6C61->s1: matchIndex: updateToMax old=2, new=-1, updated? false
2022-08-02 21:05:58,069 [grpc-default-executor-0] DEBUG leader.FollowerInfo (FollowerInfoImpl.java:lambda$new$1(49)) - s0@group-DBBE7E7C6C61->s2: commitIndex: updateToMax old=1, new=1, updated? false
2022-08-02 21:05:58,069 [grpc-default-executor-0] DEBUG leader.FollowerInfo (FollowerInfoImpl.java:lambda$new$1(49)) - s0@group-DBBE7E7C6C61->s2: matchIndex: updateToMax old=2, new=-1, updated? false
2022-08-02 21:05:58,069 [grpc-default-executor-3] DEBUG leader.FollowerInfo (FollowerInfoImpl.java:lambda$new$1(49)) - s0@group-DBBE7E7C6C61->s1: commitIndex: updateToMax old=1, new=1, updated? false
2022-08-02 21:05:58,070 [grpc-default-executor-3] DEBUG leader.FollowerInfo (FollowerInfoImpl.java:lambda$new$1(49)) - s0@group-DBBE7E7C6C61->s1: matchIndex: updateToMax old=2, new=-1, updated? false
2022-08-02 21:05:58,070 [grpc-default-executor-0] DEBUG leader.FollowerInfo (FollowerInfoImpl.java:lambda$new$1(49)) - s0@group-DBBE7E7C6C61->s2: commitIndex: updateToMax old=1, new=1, updated? false
2022-08-02 21:05:58,070 [grpc-default-executor-0] DEBUG leader.FollowerInfo (FollowerInfoImpl.java:lambda$new$1(49)) - s0@group-DBBE7E7C6C61->s2: matchIndex: updateToMax old=2, new=-1, updated? false
2022-08-02 21:05:58,071 [grpc-default-executor-3] DEBUG leader.FollowerInfo (FollowerInfoImpl.java:lambda$new$1(49)) - s0@group-DBBE7E7C6C61->s1: commitIndex: updateToMax old=1, new=1, updated? false
2022-08-02 21:05:58,071 [grpc-default-executor-3] DEBUG leader.FollowerInfo (FollowerInfoImpl.java:lambda$new$1(49)) - s0@group-DBBE7E7C6C61->s1: matchIndex: updateToMax old=2, new=-1, updated? false
2022-08-02 21:05:58,071 [grpc-default-executor-0] DEBUG leader.FollowerInfo (FollowerInfoImpl.java:lambda$new$1(49)) - s0@group-DBBE7E7C6C61->s2: commitIndex: updateToMax old=1, new=1, updated? false
2022-08-02 21:05:58,071 [grpc-default-executor-0] DEBUG leader.FollowerInfo (FollowerInfoImpl.java:lambda$new$1(49)) - s0@group-DBBE7E7C6C61->s2: matchIndex: updateToMax old=2, new=-1, updated? false
2022-08-02 21:05:58,072 [grpc-default-executor-3] DEBUG leader.FollowerInfo (FollowerInfoImpl.java:lambda$new$1(49)) - s0@group-DBBE7E7C6C61->s1: commitIndex: updateToMax old=1, new=1, updated? false
2022-08-02 21:05:58,072 [grpc-default-executor-3] DEBUG leader.FollowerInfo (FollowerInfoImpl.java:lambda$new$1(49)) - s0@group-DBBE7E7C6C61->s1: matchIndex: updateToMax old=2, new=-1, updated? false
2022-08-02 21:05:58,072 [grpc-default-executor-0] DEBUG leader.FollowerInfo (FollowerInfoImpl.java:lambda$new$1(49)) - s0@group-DBBE7E7C6C61->s2: commitIndex: updateToMax old=1, new=1, updated? false
2022-08-02 21:05:58,072 [grpc-default-executor-0] DEBUG leader.FollowerInfo (FollowerInfoImpl.java:lambda$new$1(49)) - s0@group-DBBE7E7C6C61->s2: matchIndex: updateToMax old=2, new=-1, updated? false
2022-08-02 21:05:58,073 [grpc-default-executor-3] DEBUG leader.FollowerInfo (FollowerInfoImpl.java:lambda$new$1(49)) - s0@group-DBBE7E7C6C61->s1: commitIndex: updateToMax old=1, new=1, updated? false
2022-08-02 21:05:58,073 [grpc-default-executor-3] DEBUG leader.FollowerInfo (FollowerInfoImpl.java:lambda$new$1(49)) - s0@group-DBBE7E7C6C61->s1: matchIndex: updateToMax old=2, new=-1, updated? false
2022-08-02 21:05:58,073 [grpc-default-executor-0] DEBUG leader.FollowerInfo (FollowerInfoImpl.java:lambda$new$1(49)) - s0@group-DBBE7E7C6C61->s2: commitIndex: updateToMax old=1, new=1, updated? false
2022-08-02 21:05:58,073 [grpc-default-executor-0] DEBUG leader.FollowerInfo (FollowerInfoImpl.java:lambda$new$1(49)) - s0@group-DBBE7E7C6C61->s2: matchIndex: updateToMax old=2, new=-1, updated? false
2022-08-02 21:05:58,074 [grpc-default-executor-3] DEBUG leader.FollowerInfo (FollowerInfoImpl.java:lambda$new$1(49)) - s0@group-DBBE7E7C6C61->s1: commitIndex: updateToMax old=1, new=1, updated? false
2022-08-02 21:05:58,074 [grpc-default-executor-3] DEBUG leader.FollowerInfo (FollowerInfoImpl.java:lambda$new$1(49)) - s0@group-DBBE7E7C6C61->s1: matchIndex: updateToMax old=2, new=-1, updated? false
2022-08-02 21:05:58,075 [grpc-default-executor-0] DEBUG leader.FollowerInfo (FollowerInfoImpl.java:lambda$new$1(49)) - s0@group-DBBE7E7C6C61->s2: commitIndex: updateToMax old=1, new=1, updated? false
2022-08-02 21:05:58,075 [grpc-default-executor-0] DEBUG leader.FollowerInfo (FollowerInfoImpl.java:lambda$new$1(49)) - s0@group-DBBE7E7C6C61->s2: matchIndex: updateToMax old=2, new=-1, updated? false
2022-08-02 21:05:58,075 [grpc-default-executor-3] DEBUG leader.FollowerInfo (FollowerInfoImpl.java:lambda$new$1(49)) - s0@group-DBBE7E7C6C61->s1: commitIndex: updateToMax old=1, new=1, updated? false
2022-08-02 21:05:58,075 [grpc-default-executor-3] DEBUG leader.FollowerInfo (FollowerInfoImpl.java:lambda$new$1(49)) - s0@group-DBBE7E7C6C61->s1: matchIndex: updateToMax old=2, new=-1, updated? false
2022-08-02 21:05:58,076 [grpc-default-executor-0] DEBUG leader.FollowerInfo (FollowerInfoImpl.java:lambda$new$1(49)) - s0@group-DBBE7E7C6C61->s2: commitIndex: updateToMax old=1, new=1, updated? false
2022-08-02 21:05:58,076 [grpc-default-executor-0] DEBUG leader.FollowerInfo (FollowerInfoImpl.java:lambda$new$1(49)) - s0@group-DBBE7E7C6C61->s2: matchIndex: updateToMax old=2, new=-1, updated? false
2022-08-02 21:05:58,076 [grpc-default-executor-3] DEBUG leader.FollowerInfo (FollowerInfoImpl.java:lambda$new$1(49)) - s0@group-DBBE7E7C6C61->s1: commitIndex: updateToMax old=1, new=1, updated? false
2022-08-02 21:05:58,076 [grpc-default-executor-3] DEBUG leader.FollowerInfo (FollowerInfoImpl.java:lambda$new$1(49)) - s0@group-DBBE7E7C6C61->s1: matchIndex: updateToMax old=2, new=-1, updated? false
2022-08-02 21:05:58,077 [grpc-default-executor-0] DEBUG leader.FollowerInfo (FollowerInfoImpl.java:lambda$new$1(49)) - s0@group-DBBE7E7C6C61->s2: commitIndex: updateToMax old=1, new=1, updated? false
2022-08-02 21:05:58,077 [grpc-default-executor-0] DEBUG leader.FollowerInfo (FollowerInfoImpl.java:lambda$new$1(49)) - s0@group-DBBE7E7C6C61->s2: matchIndex: updateToMax old=2, new=-1, updated? false
2022-08-02 21:05:58,077 [grpc-default-executor-3] DEBUG leader.FollowerInfo (FollowerInfoImpl.java:lambda$new$1(49)) - s0@group-DBBE7E7C6C61->s1: commitIndex: updateToMax old=1, new=1, updated? false
2022-08-02 21:05:58,077 [grpc-default-executor-3] DEBUG leader.FollowerInfo (FollowerInfoImpl.java:lambda$new$1(49)) - s0@group-DBBE7E7C6C61->s1: matchIndex: updateToMax old=2, new=-1, updated? false
2022-08-02 21:05:58,078 [grpc-default-executor-0] DEBUG leader.FollowerInfo (FollowerInfoImpl.java:lambda$new$1(49)) - s0@group-DBBE7E7C6C61->s2: commitIndex: updateToMax old=1, new=1, updated? false
2022-08-02 21:05:58,078 [grpc-default-executor-0] DEBUG leader.FollowerInfo (FollowerInfoImpl.java:lambda$new$1(49)) - s0@group-DBBE7E7C6C61->s2: matchIndex: updateToMax old=2, new=-1, updated? false
2022-08-02 21:05:58,078 [grpc-default-executor-3] DEBUG leader.FollowerInfo (FollowerInfoImpl.java:lambda$new$1(49)) - s0@group-DBBE7E7C6C61->s1: commitIndex: updateToMax old=1, new=1, updated? false
2022-08-02 21:05:58,079 [grpc-default-executor-3] DEBUG leader.FollowerInfo (FollowerInfoImpl.java:lambda$new$1(49)) - s0@group-DBBE7E7C6C61->s1: matchIndex: updateToMax old=2, new=-1, updated? false
2022-08-02 21:05:58,079 [grpc-default-executor-0] DEBUG leader.FollowerInfo (FollowerInfoImpl.java:lambda$new$1(49)) - s0@group-DBBE7E7C6C61->s2: commitIndex: updateToMax old=1, new=1, updated? false
2022-08-02 21:05:58,079 [grpc-default-executor-0] DEBUG leader.FollowerInfo (FollowerInfoImpl.java:lambda$new$1(49)) - s0@group-DBBE7E7C6C61->s2: matchIndex: updateToMax old=2, new=-1, updated? false
2022-08-02 21:05:58,080 [grpc-default-executor-3] DEBUG leader.FollowerInfo (FollowerInfoImpl.java:lambda$new$1(49)) - s0@group-DBBE7E7C6C61->s1: commitIndex: updateToMax old=1, new=1, updated? false
2022-08-02 21:05:58,080 [grpc-default-executor-3] DEBUG leader.FollowerInfo (FollowerInfoImpl.java:lambda$new$1(49)) - s0@group-DBBE7E7C6C61->s1: matchIndex: updateToMax old=2, new=-1, updated? false
2022-08-02 21:05:58,080 [grpc-default-executor-0] DEBUG leader.FollowerInfo (FollowerInfoImpl.java:lambda$new$1(49)) - s0@group-DBBE7E7C6C61->s2: commitIndex: updateToMax old=1, new=1, updated? false
2022-08-02 21:05:58,080 [grpc-default-executor-0] DEBUG leader.FollowerInfo (FollowerInfoImpl.java:lambda$new$1(49)) - s0@group-DBBE7E7C6C61->s2: matchIndex: updateToMax old=2, new=-1, updated? false
2022-08-02 21:05:58,081 [grpc-default-executor-3] DEBUG leader.FollowerInfo (FollowerInfoImpl.java:lambda$new$1(49)) - s0@group-DBBE7E7C6C61->s1: commitIndex: updateToMax old=1, new=1, updated? false
2022-08-02 21:05:58,081 [grpc-default-executor-3] DEBUG leader.FollowerInfo (FollowerInfoImpl.java:lambda$new$1(49)) - s0@group-DBBE7E7C6C61->s1: matchIndex: updateToMax old=2, new=-1, updated? false
2022-08-02 21:05:58,081 [grpc-default-executor-0] DEBUG leader.FollowerInfo (FollowerInfoImpl.java:lambda$new$1(49)) - s0@group-DBBE7E7C6C61->s2: commitIndex: updateToMax old=1, new=1, updated? false
2022-08-02 21:05:58,081 [grpc-default-executor-0] DEBUG leader.FollowerInfo (FollowerInfoImpl.java:lambda$new$1(49)) - s0@group-DBBE7E7C6C61->s2: matchIndex: updateToMax old=2, new=-1, updated? false
2022-08-02 21:05:58,082 [grpc-default-executor-3] DEBUG leader.FollowerInfo (FollowerInfoImpl.java:lambda$new$1(49)) - s0@group-DBBE7E7C6C61->s1: commitIndex: updateToMax old=1, new=1, updated? false
2022-08-02 21:05:58,082 [grpc-default-executor-3] DEBUG leader.FollowerInfo (FollowerInfoImpl.java:lambda$new$1(49)) - s0@group-DBBE7E7C6C61->s1: matchIndex: updateToMax old=2, new=-1, updated? false
2022-08-02 21:05:58,082 [grpc-default-executor-0] DEBUG leader.FollowerInfo (FollowerInfoImpl.java:lambda$new$1(49)) - s0@group-DBBE7E7C6C61->s2: commitIndex: updateToMax old=1, new=1, updated? false
2022-08-02 21:05:58,082 [grpc-default-executor-0] DEBUG leader.FollowerInfo (FollowerInfoImpl.java:lambda$new$1(49)) - s0@group-DBBE7E7C6C61->s2: matchIndex: updateToMax old=2, new=-1, updated? false
2022-08-02 21:05:58,083 [grpc-default-executor-3] DEBUG leader.FollowerInfo (FollowerInfoImpl.java:lambda$new$1(49)) - s0@group-DBBE7E7C6C61->s1: commitIndex: updateToMax old=1, new=1, updated? false
2022-08-02 21:05:58,083 [grpc-default-executor-3] DEBUG leader.FollowerInfo (FollowerInfoImpl.java:lambda$new$1(49)) - s0@group-DBBE7E7C6C61->s1: matchIndex: updateToMax old=2, new=-1, updated? false
2022-08-02 21:05:58,083 [grpc-default-executor-0] DEBUG leader.FollowerInfo (FollowerInfoImpl.java:lambda$new$1(49)) - s0@group-DBBE7E7C6C61->s2: commitIndex: updateToMax old=1, new=1, updated? false
2022-08-02 21:05:58,083 [grpc-default-executor-0] DEBUG leader.FollowerInfo (FollowerInfoImpl.java:lambda$new$1(49)) - s0@group-DBBE7E7C6C61->s2: matchIndex: updateToMax old=2, new=-1, updated? false
2022-08-02 21:05:58,084 [grpc-default-executor-3] DEBUG leader.FollowerInfo (FollowerInfoImpl.java:lambda$new$1(49)) - s0@group-DBBE7E7C6C61->s1: commitIndex: updateToMax old=1, new=1, updated? false
2022-08-02 21:05:58,084 [grpc-default-executor-3] DEBUG leader.FollowerInfo (FollowerInfoImpl.java:lambda$new$1(49)) - s0@group-DBBE7E7C6C61->s1: matchIndex: updateToMax old=2, new=-1, updated? false
2022-08-02 21:05:58,084 [grpc-default-executor-0] DEBUG leader.FollowerInfo (FollowerInfoImpl.java:lambda$new$1(49)) - s0@group-DBBE7E7C6C61->s2: commitIndex: updateToMax old=1, new=1, updated? false
2022-08-02 21:05:58,084 [grpc-default-executor-0] DEBUG leader.FollowerInfo (FollowerInfoImpl.java:lambda$new$1(49)) - s0@group-DBBE7E7C6C61->s2: matchIndex: updateToMax old=2, new=-1, updated? false
2022-08-02 21:05:58,085 [grpc-default-executor-3] DEBUG leader.FollowerInfo (FollowerInfoImpl.java:lambda$new$1(49)) - s0@group-DBBE7E7C6C61->s1: commitIndex: updateToMax old=1, new=1, updated? false
2022-08-02 21:05:58,085 [grpc-default-executor-3] DEBUG leader.FollowerInfo (FollowerInfoImpl.java:lambda$new$1(49)) - s0@group-DBBE7E7C6C61->s1: matchIndex: updateToMax old=2, new=-1, updated? false
2022-08-02 21:05:58,086 [grpc-default-executor-0] DEBUG leader.FollowerInfo (FollowerInfoImpl.java:lambda$new$1(49)) - s0@group-DBBE7E7C6C61->s2: commitIndex: updateToMax old=1, new=1, updated? false
2022-08-02 21:05:58,086 [grpc-default-executor-0] DEBUG leader.FollowerInfo (FollowerInfoImpl.java:lambda$new$1(49)) - s0@group-DBBE7E7C6C61->s2: matchIndex: updateToMax old=2, new=-1, updated? false
2022-08-02 21:05:58,086 [grpc-default-executor-3] DEBUG leader.FollowerInfo (FollowerInfoImpl.java:lambda$new$1(49)) - s0@group-DBBE7E7C6C61->s1: commitIndex: updateToMax old=1, new=1, updated? false
2022-08-02 21:05:58,086 [grpc-default-executor-3] DEBUG leader.FollowerInfo (FollowerInfoImpl.java:lambda$new$1(49)) - s0@group-DBBE7E7C6C61->s1: matchIndex: updateToMax old=2, new=-1, updated? false
2022-08-02 21:05:58,087 [grpc-default-executor-0] DEBUG leader.FollowerInfo (FollowerInfoImpl.java:lambda$new$1(49)) - s0@group-DBBE7E7C6C61->s2: commitIndex: updateToMax old=1, new=1, updated? false
2022-08-02 21:05:58,087 [grpc-default-executor-0] DEBUG leader.FollowerInfo (FollowerInfoImpl.java:lambda$new$1(49)) - s0@group-DBBE7E7C6C61->s2: matchIndex: updateToMax old=2, new=-1, updated? false
2022-08-02 21:05:58,087 [grpc-default-executor-3] DEBUG leader.FollowerInfo (FollowerInfoImpl.java:lambda$new$1(49)) - s0@group-DBBE7E7C6C61->s1: commitIndex: updateToMax old=1, new=1, updated? false
2022-08-02 21:05:58,087 [grpc-default-executor-3] DEBUG leader.FollowerInfo (FollowerInfoImpl.java:lambda$new$1(49)) - s0@group-DBBE7E7C6C61->s1: matchIndex: updateToMax old=2, new=-1, updated? false
2022-08-02 21:05:58,088 [grpc-default-executor-0] DEBUG leader.FollowerInfo (FollowerInfoImpl.java:lambda$new$1(49)) - s0@group-DBBE7E7C6C61->s2: commitIndex: updateToMax old=1, new=1, updated? false
2022-08-02 21:05:58,088 [grpc-default-executor-0] DEBUG leader.FollowerInfo (FollowerInfoImpl.java:lambda$new$1(49)) - s0@group-DBBE7E7C6C61->s2: matchIndex: updateToMax old=2, new=-1, updated? false
2022-08-02 21:05:58,088 [grpc-default-executor-3] DEBUG leader.FollowerInfo (FollowerInfoImpl.java:lambda$new$1(49)) - s0@group-DBBE7E7C6C61->s1: commitIndex: updateToMax old=1, new=1, updated? false
2022-08-02 21:05:58,088 [grpc-default-executor-3] DEBUG leader.FollowerInfo (FollowerInfoImpl.java:lambda$new$1(49)) - s0@group-DBBE7E7C6C61->s1: matchIndex: updateToMax old=2, new=-1, updated? false
2022-08-02 21:05:58,089 [grpc-default-executor-0] DEBUG leader.FollowerInfo (FollowerInfoImpl.java:lambda$new$1(49)) - s0@group-DBBE7E7C6C61->s2: commitIndex: updateToMax old=1, new=1, updated? false
2022-08-02 21:05:58,089 [grpc-default-executor-0] DEBUG leader.FollowerInfo (FollowerInfoImpl.java:lambda$new$1(49)) - s0@group-DBBE7E7C6C61->s2: matchIndex: updateToMax old=2, new=-1, updated? false
2022-08-02 21:05:58,089 [grpc-default-executor-3] DEBUG leader.FollowerInfo (FollowerInfoImpl.java:lambda$new$1(49)) - s0@group-DBBE7E7C6C61->s1: commitIndex: updateToMax old=1, new=1, updated? false
2022-08-02 21:05:58,089 [grpc-default-executor-3] DEBUG leader.FollowerInfo (FollowerInfoImpl.java:lambda$new$1(49)) - s0@group-DBBE7E7C6C61->s1: matchIndex: updateToMax old=2, new=-1, updated? false
2022-08-02 21:05:58,090 [grpc-default-executor-0] DEBUG leader.FollowerInfo (FollowerInfoImpl.java:lambda$new$1(49)) - s0@group-DBBE7E7C6C61->s2: commitIndex: updateToMax old=1, new=1, updated? false
2022-08-02 21:05:58,090 [grpc-default-executor-0] DEBUG leader.FollowerInfo (FollowerInfoImpl.java:lambda$new$1(49)) - s0@group-DBBE7E7C6C61->s2: matchIndex: updateToMax old=2, new=-1, updated? false
2022-08-02 21:05:58,091 [grpc-default-executor-3] DEBUG leader.FollowerInfo (FollowerInfoImpl.java:lambda$new$1(49)) - s0@group-DBBE7E7C6C61->s1: commitIndex: updateToMax old=1, new=1, updated? false
2022-08-02 21:05:58,091 [grpc-default-executor-3] DEBUG leader.FollowerInfo (FollowerInfoImpl.java:lambda$new$1(49)) - s0@group-DBBE7E7C6C61->s1: matchIndex: updateToMax old=2, new=-1, updated? false
2022-08-02 21:05:58,091 [grpc-default-executor-0] DEBUG leader.FollowerInfo (FollowerInfoImpl.java:lambda$new$1(49)) - s0@group-DBBE7E7C6C61->s2: commitIndex: updateToMax old=1, new=1, updated? false
2022-08-02 21:05:58,091 [grpc-default-executor-0] DEBUG leader.FollowerInfo (FollowerInfoImpl.java:lambda$new$1(49)) - s0@group-DBBE7E7C6C61->s2: matchIndex: updateToMax old=2, new=-1, updated? false
2022-08-02 21:05:58,092 [grpc-default-executor-3] DEBUG leader.FollowerInfo (FollowerInfoImpl.java:lambda$new$1(49)) - s0@group-DBBE7E7C6C61->s1: commitIndex: updateToMax old=1, new=1, updated? false
2022-08-02 21:05:58,092 [grpc-default-executor-3] DEBUG leader.FollowerInfo (FollowerInfoImpl.java:lambda$new$1(49)) - s0@group-DBBE7E7C6C61->s1: matchIndex: updateToMax old=2, new=-1, updated? false
2022-08-02 21:05:58,092 [grpc-default-executor-0] DEBUG leader.FollowerInfo (FollowerInfoImpl.java:lambda$new$1(49)) - s0@group-DBBE7E7C6C61->s2: commitIndex: updateToMax old=1, new=1, updated? false
2022-08-02 21:05:58,092 [grpc-default-executor-0] DEBUG leader.FollowerInfo (FollowerInfoImpl.java:lambda$new$1(49)) - s0@group-DBBE7E7C6C61->s2: matchIndex: updateToMax old=2, new=-1, updated? false
2022-08-02 21:05:58,093 [grpc-default-executor-3] DEBUG leader.FollowerInfo (FollowerInfoImpl.java:lambda$new$1(49)) - s0@group-DBBE7E7C6C61->s1: commitIndex: updateToMax old=1, new=1, updated? false
2022-08-02 21:05:58,093 [grpc-default-executor-3] DEBUG leader.FollowerInfo (FollowerInfoImpl.java:lambda$new$1(49)) - s0@group-DBBE7E7C6C61->s1: matchIndex: updateToMax old=2, new=-1, updated? false
2022-08-02 21:05:58,093 [grpc-default-executor-0] DEBUG leader.FollowerInfo (FollowerInfoImpl.java:lambda$new$1(49)) - s0@group-DBBE7E7C6C61->s2: commitIndex: updateToMax old=1, new=1, updated? false
2022-08-02 21:05:58,093 [grpc-default-executor-0] DEBUG leader.FollowerInfo (FollowerInfoImpl.java:lambda$new$1(49)) - s0@group-DBBE7E7C6C61->s2: matchIndex: updateToMax old=2, new=-1, updated? false
2022-08-02 21:05:58,094 [grpc-default-executor-3] DEBUG leader.FollowerInfo (FollowerInfoImpl.java:lambda$new$1(49)) - s0@group-DBBE7E7C6C61->s1: commitIndex: updateToMax old=1, new=1, updated? false
2022-08-02 21:05:58,094 [grpc-default-executor-3] DEBUG leader.FollowerInfo (FollowerInfoImpl.java:lambda$new$1(49)) - s0@group-DBBE7E7C6C61->s1: matchIndex: updateToMax old=2, new=-1, updated? false
2022-08-02 21:05:58,094 [grpc-default-executor-0] DEBUG leader.FollowerInfo (FollowerInfoImpl.java:lambda$new$1(49)) - s0@group-DBBE7E7C6C61->s2: commitIndex: updateToMax old=1, new=1, updated? false
2022-08-02 21:05:58,094 [grpc-default-executor-0] DEBUG leader.FollowerInfo (FollowerInfoImpl.java:lambda$new$1(49)) - s0@group-DBBE7E7C6C61->s2: matchIndex: updateToMax old=2, new=-1, updated? false
2022-08-02 21:05:58,095 [grpc-default-executor-3] DEBUG leader.FollowerInfo (FollowerInfoImpl.java:lambda$new$1(49)) - s0@group-DBBE7E7C6C61->s1: commitIndex: updateToMax old=1, new=1, updated? false
2022-08-02 21:05:58,095 [grpc-default-executor-3] DEBUG leader.FollowerInfo (FollowerInfoImpl.java:lambda$new$1(49)) - s0@group-DBBE7E7C6C61->s1: matchIndex: updateToMax old=2, new=-1, updated? false
2022-08-02 21:05:58,096 [grpc-default-executor-3] DEBUG leader.FollowerInfo (FollowerInfoImpl.java:lambda$new$1(49)) - s0@group-DBBE7E7C6C61->s2: commitIndex: updateToMax old=1, new=1, updated? false
2022-08-02 21:05:58,096 [grpc-default-executor-3] DEBUG leader.FollowerInfo (FollowerInfoImpl.java:lambda$new$1(49)) - s0@group-DBBE7E7C6C61->s2: matchIndex: updateToMax old=2, new=-1, updated? false
2022-08-02 21:05:58,096 [grpc-default-executor-3] DEBUG leader.FollowerInfo (FollowerInfoImpl.java:lambda$new$1(49)) - s0@group-DBBE7E7C6C61->s1: commitIndex: updateToMax old=1, new=1, updated? false
2022-08-02 21:05:58,096 [grpc-default-executor-3] DEBUG leader.FollowerInfo (FollowerInfoImpl.java:lambda$new$1(49)) - s0@group-DBBE7E7C6C61->s1: matchIndex: updateToMax old=2, new=-1, updated? false
2022-08-02 21:05:58,096 [grpc-default-executor-0] DEBUG leader.FollowerInfo (FollowerInfoImpl.java:lambda$new$1(49)) - s0@group-DBBE7E7C6C61->s2: commitIndex: updateToMax old=1, new=1, updated? false
2022-08-02 21:05:58,096 [grpc-default-executor-0] DEBUG leader.FollowerInfo (FollowerInfoImpl.java:lambda$new$1(49)) - s0@group-DBBE7E7C6C61->s2: matchIndex: updateToMax old=2, new=-1, updated? false
2022-08-02 21:05:58,097 [grpc-default-executor-0] DEBUG leader.FollowerInfo (FollowerInfoImpl.java:lambda$new$1(49)) - s0@group-DBBE7E7C6C61->s1: commitIndex: updateToMax old=1, new=1, updated? false
2022-08-02 21:05:58,097 [grpc-default-executor-0] DEBUG leader.FollowerInfo (FollowerInfoImpl.java:lambda$new$1(49)) - s0@group-DBBE7E7C6C61->s1: matchIndex: updateToMax old=2, new=-1, updated? false
2022-08-02 21:05:58,097 [grpc-default-executor-3] DEBUG leader.FollowerInfo (FollowerInfoImpl.java:lambda$new$1(49)) - s0@group-DBBE7E7C6C61->s2: commitIndex: updateToMax old=1, new=1, updated? false
2022-08-02 21:05:58,098 [grpc-default-executor-3] DEBUG leader.FollowerInfo (FollowerInfoImpl.java:lambda$new$1(49)) - s0@group-DBBE7E7C6C61->s2: matchIndex: updateToMax old=2, new=-1, updated? false
2022-08-02 21:05:58,098 [grpc-default-executor-3] DEBUG leader.FollowerInfo (FollowerInfoImpl.java:lambda$new$1(49)) - s0@group-DBBE7E7C6C61->s1: commitIndex: updateToMax old=1, new=1, updated? false
2022-08-02 21:05:58,098 [grpc-default-executor-3] DEBUG leader.FollowerInfo (FollowerInfoImpl.java:lambda$new$1(49)) - s0@group-DBBE7E7C6C61->s1: matchIndex: updateToMax old=2, new=-1, updated? false
2022-08-02 21:05:58,098 [grpc-default-executor-0] DEBUG leader.FollowerInfo (FollowerInfoImpl.java:lambda$new$1(49)) - s0@group-DBBE7E7C6C61->s2: commitIndex: updateToMax old=1, new=1, updated? false
2022-08-02 21:05:58,098 [grpc-default-executor-0] DEBUG leader.FollowerInfo (FollowerInfoImpl.java:lambda$new$1(49)) - s0@group-DBBE7E7C6C61->s2: matchIndex: updateToMax old=2, new=-1, updated? false
2022-08-02 21:05:58,099 [grpc-default-executor-3] DEBUG leader.FollowerInfo (FollowerInfoImpl.java:lambda$new$1(49)) - s0@group-DBBE7E7C6C61->s1: commitIndex: updateToMax old=1, new=1, updated? false
2022-08-02 21:05:58,099 [grpc-default-executor-3] DEBUG leader.FollowerInfo (FollowerInfoImpl.java:lambda$new$1(49)) - s0@group-DBBE7E7C6C61->s1: matchIndex: updateToMax old=2, new=-1, updated? false
2022-08-02 21:05:58,099 [grpc-default-executor-0] DEBUG leader.FollowerInfo (FollowerInfoImpl.java:lambda$new$1(49)) - s0@group-DBBE7E7C6C61->s2: commitIndex: updateToMax old=1, new=1, updated? false
2022-08-02 21:05:58,099 [grpc-default-executor-0] DEBUG leader.FollowerInfo (FollowerInfoImpl.java:lambda$new$1(49)) - s0@group-DBBE7E7C6C61->s2: matchIndex: updateToMax old=2, new=-1, updated? false
2022-08-02 21:05:58,100 [grpc-default-executor-0] DEBUG leader.FollowerInfo (FollowerInfoImpl.java:lambda$new$1(49)) - s0@group-DBBE7E7C6C61->s1: commitIndex: updateToMax old=1, new=1, updated? false
2022-08-02 21:05:58,100 [grpc-default-executor-0] DEBUG leader.FollowerInfo (FollowerInfoImpl.java:lambda$new$1(49)) - s0@group-DBBE7E7C6C61->s1: matchIndex: updateToMax old=2, new=-1, updated? false
2022-08-02 21:05:58,100 [grpc-default-executor-3] DEBUG leader.FollowerInfo (FollowerInfoImpl.java:lambda$new$1(49)) - s0@group-DBBE7E7C6C61->s2: commitIndex: updateToMax old=1, new=1, updated? false
2022-08-02 21:05:58,100 [grpc-default-executor-3] DEBUG leader.FollowerInfo (FollowerInfoImpl.java:lambda$new$1(49)) - s0@group-DBBE7E7C6C61->s2: matchIndex: updateToMax old=2, new=-1, updated? false
2022-08-02 21:05:58,101 [grpc-default-executor-3] DEBUG leader.FollowerInfo (FollowerInfoImpl.java:lambda$new$1(49)) - s0@group-DBBE7E7C6C61->s1: commitIndex: updateToMax old=1, new=1, updated? false
2022-08-02 21:05:58,101 [grpc-default-executor-3] DEBUG leader.FollowerInfo (FollowerInfoImpl.java:lambda$new$1(49)) - s0@group-DBBE7E7C6C61->s1: matchIndex: updateToMax old=2, new=-1, updated? false
2022-08-02 21:05:58,101 [grpc-default-executor-0] DEBUG leader.FollowerInfo (FollowerInfoImpl.java:lambda$new$1(49)) - s0@group-DBBE7E7C6C61->s2: commitIndex: updateToMax old=1, new=1, updated? false
2022-08-02 21:05:58,101 [grpc-default-executor-0] DEBUG leader.FollowerInfo (FollowerInfoImpl.java:lambda$new$1(49)) - s0@group-DBBE7E7C6C61->s2: matchIndex: updateToMax old=2, new=-1, updated? false
2022-08-02 21:05:58,102 [grpc-default-executor-0] DEBUG leader.FollowerInfo (FollowerInfoImpl.java:lambda$new$1(49)) - s0@group-DBBE7E7C6C61->s1: commitIndex: updateToMax old=1, new=1, updated? false
2022-08-02 21:05:58,102 [grpc-default-executor-0] DEBUG leader.FollowerInfo (FollowerInfoImpl.java:lambda$new$1(49)) - s0@group-DBBE7E7C6C61->s1: matchIndex: updateToMax old=2, new=-1, updated? false
2022-08-02 21:05:58,102 [grpc-default-executor-3] DEBUG leader.FollowerInfo (FollowerInfoImpl.java:lambda$new$1(49)) - s0@group-DBBE7E7C6C61->s2: commitIndex: updateToMax old=1, new=1, updated? false
2022-08-02 21:05:58,102 [grpc-default-executor-3] DEBUG leader.FollowerInfo (FollowerInfoImpl.java:lambda$new$1(49)) - s0@group-DBBE7E7C6C61->s2: matchIndex: updateToMax old=2, new=-1, updated? false
2022-08-02 21:05:58,103 [grpc-default-executor-3] DEBUG leader.FollowerInfo (FollowerInfoImpl.java:lambda$new$1(49)) - s0@group-DBBE7E7C6C61->s1: commitIndex: updateToMax old=1, new=1, updated? false
2022-08-02 21:05:58,103 [grpc-default-executor-3] DEBUG leader.FollowerInfo (FollowerInfoImpl.java:lambda$new$1(49)) - s0@group-DBBE7E7C6C61->s1: matchIndex: updateToMax old=2, new=-1, updated? false
2022-08-02 21:05:58,103 [grpc-default-executor-0] DEBUG leader.FollowerInfo (FollowerInfoImpl.java:lambda$new$1(49)) - s0@group-DBBE7E7C6C61->s2: commitIndex: updateToMax old=1, new=1, updated? false
2022-08-02 21:05:58,103 [grpc-default-executor-0] DEBUG leader.FollowerInfo (FollowerInfoImpl.java:lambda$new$1(49)) - s0@group-DBBE7E7C6C61->s2: matchIndex: updateToMax old=2, new=-1, updated? false
2022-08-02 21:05:58,104 [grpc-default-executor-3] DEBUG leader.FollowerInfo (FollowerInfoImpl.java:lambda$new$1(49)) - s0@group-DBBE7E7C6C61->s1: commitIndex: updateToMax old=1, new=1, updated? false
2022-08-02 21:05:58,104 [grpc-default-executor-3] DEBUG leader.FollowerInfo (FollowerInfoImpl.java:lambda$new$1(49)) - s0@group-DBBE7E7C6C61->s1: matchIndex: updateToMax old=2, new=-1, updated? false
2022-08-02 21:05:58,104 [grpc-default-executor-0] DEBUG leader.FollowerInfo (FollowerInfoImpl.java:lambda$new$1(49)) - s0@group-DBBE7E7C6C61->s2: commitIndex: updateToMax old=1, new=1, updated? false
2022-08-02 21:05:58,104 [grpc-default-executor-0] DEBUG leader.FollowerInfo (FollowerInfoImpl.java:lambda$new$1(49)) - s0@group-DBBE7E7C6C61->s2: matchIndex: updateToMax old=2, new=-1, updated? false
2022-08-02 21:05:58,105 [grpc-default-executor-3] DEBUG leader.FollowerInfo (FollowerInfoImpl.java:lambda$new$1(49)) - s0@group-DBBE7E7C6C61->s1: commitIndex: updateToMax old=1, new=1, updated? false
2022-08-02 21:05:58,105 [grpc-default-executor-3] DEBUG leader.FollowerInfo (FollowerInfoImpl.java:lambda$new$1(49)) - s0@group-DBBE7E7C6C61->s1: matchIndex: updateToMax old=2, new=-1, updated? false
2022-08-02 21:05:58,105 [grpc-default-executor-0] DEBUG leader.FollowerInfo (FollowerInfoImpl.java:lambda$new$1(49)) - s0@group-DBBE7E7C6C61->s2: commitIndex: updateToMax old=1, new=1, updated? false
2022-08-02 21:05:58,105 [grpc-default-executor-0] DEBUG leader.FollowerInfo (FollowerInfoImpl.java:lambda$new$1(49)) - s0@group-DBBE7E7C6C61->s2: matchIndex: updateToMax old=2, new=-1, updated? false
2022-08-02 21:05:58,106 [grpc-default-executor-0] DEBUG leader.FollowerInfo (FollowerInfoImpl.java:lambda$new$1(49)) - s0@group-DBBE7E7C6C61->s1: commitIndex: updateToMax old=1, new=1, updated? false
2022-08-02 21:05:58,106 [grpc-default-executor-0] DEBUG leader.FollowerInfo (FollowerInfoImpl.java:lambda$new$1(49)) - s0@group-DBBE7E7C6C61->s1: matchIndex: updateToMax old=2, new=-1, updated? false
2022-08-02 21:05:58,106 [grpc-default-executor-3] DEBUG leader.FollowerInfo (FollowerInfoImpl.java:lambda$new$1(49)) - s0@group-DBBE7E7C6C61->s2: commitIndex: updateToMax old=1, new=1, updated? false
2022-08-02 21:05:58,106 [grpc-default-executor-3] DEBUG leader.FollowerInfo (FollowerInfoImpl.java:lambda$new$1(49)) - s0@group-DBBE7E7C6C61->s2: matchIndex: updateToMax old=2, new=-1, updated? false
2022-08-02 21:05:58,106 [grpc-default-executor-3] DEBUG leader.FollowerInfo (FollowerInfoImpl.java:lambda$new$1(49)) - s0@group-DBBE7E7C6C61->s1: commitIndex: updateToMax old=1, new=1, updated? false
2022-08-02 21:05:58,106 [grpc-default-executor-3] DEBUG leader.FollowerInfo (FollowerInfoImpl.java:lambda$new$1(49)) - s0@group-DBBE7E7C6C61->s1: matchIndex: updateToMax old=2, new=-1, updated? false
2022-08-02 21:05:58,107 [grpc-default-executor-0] DEBUG leader.FollowerInfo (FollowerInfoImpl.java:lambda$new$1(49)) - s0@group-DBBE7E7C6C61->s2: commitIndex: updateToMax old=1, new=1, updated? false
2022-08-02 21:05:58,107 [grpc-default-executor-0] DEBUG leader.FollowerInfo (FollowerInfoImpl.java:lambda$new$1(49)) - s0@group-DBBE7E7C6C61->s2: matchIndex: updateToMax old=2, new=-1, updated? false
2022-08-02 21:05:58,107 [grpc-default-executor-0] DEBUG leader.FollowerInfo (FollowerInfoImpl.java:lambda$new$1(49)) - s0@group-DBBE7E7C6C61->s1: commitIndex: updateToMax old=1, new=1, updated? false
2022-08-02 21:05:58,108 [grpc-default-executor-0] DEBUG leader.FollowerInfo (FollowerInfoImpl.java:lambda$new$1(49)) - s0@group-DBBE7E7C6C61->s1: matchIndex: updateToMax old=2, new=-1, updated? false
2022-08-02 21:05:58,108 [grpc-default-executor-3] DEBUG leader.FollowerInfo (FollowerInfoImpl.java:lambda$new$1(49)) - s0@group-DBBE7E7C6C61->s2: commitIndex: updateToMax old=1, new=1, updated? false
2022-08-02 21:05:58,108 [grpc-default-executor-3] DEBUG leader.FollowerInfo (FollowerInfoImpl.java:lambda$new$1(49)) - s0@group-DBBE7E7C6C61->s2: matchIndex: updateToMax old=2, new=-1, updated? false
2022-08-02 21:05:58,108 [grpc-default-executor-3] DEBUG leader.FollowerInfo (FollowerInfoImpl.java:lambda$new$1(49)) - s0@group-DBBE7E7C6C61->s1: commitIndex: updateToMax old=1, new=1, updated? false
2022-08-02 21:05:58,108 [grpc-default-executor-3] DEBUG leader.FollowerInfo (FollowerInfoImpl.java:lambda$new$1(49)) - s0@group-DBBE7E7C6C61->s1: matchIndex: updateToMax old=2, new=-1, updated? false
2022-08-02 21:05:58,109 [grpc-default-executor-0] DEBUG leader.FollowerInfo (FollowerInfoImpl.java:lambda$new$1(49)) - s0@group-DBBE7E7C6C61->s2: commitIndex: updateToMax old=1, new=1, updated? false
2022-08-02 21:05:58,109 [grpc-default-executor-0] DEBUG leader.FollowerInfo (FollowerInfoImpl.java:lambda$new$1(49)) - s0@group-DBBE7E7C6C61->s2: matchIndex: updateToMax old=2, new=-1, updated? false
2022-08-02 21:05:58,110 [grpc-default-executor-0] DEBUG leader.FollowerInfo (FollowerInfoImpl.java:lambda$new$1(49)) - s0@group-DBBE7E7C6C61->s1: commitIndex: updateToMax old=1, new=1, updated? false
2022-08-02 21:05:58,110 [grpc-default-executor-0] DEBUG leader.FollowerInfo (FollowerInfoImpl.java:lambda$new$1(49)) - s0@group-DBBE7E7C6C61->s1: matchIndex: updateToMax old=2, new=-1, updated? false
2022-08-02 21:05:58,110 [grpc-default-executor-3] DEBUG leader.FollowerInfo (FollowerInfoImpl.java:lambda$new$1(49)) - s0@group-DBBE7E7C6C61->s2: commitIndex: updateToMax old=1, new=1, updated? false
2022-08-02 21:05:58,110 [grpc-default-executor-3] DEBUG leader.FollowerInfo (FollowerInfoImpl.java:lambda$new$1(49)) - s0@group-DBBE7E7C6C61->s2: matchIndex: updateToMax old=2, new=-1, updated? false
2022-08-02 21:05:58,110 [grpc-default-executor-3] DEBUG leader.FollowerInfo (FollowerInfoImpl.java:lambda$new$1(49)) - s0@group-DBBE7E7C6C61->s1: commitIndex: updateToMax old=1, new=1, updated? false
2022-08-02 21:05:58,110 [grpc-default-executor-3] DEBUG leader.FollowerInfo (FollowerInfoImpl.java:lambda$new$1(49)) - s0@group-DBBE7E7C6C61->s1: matchIndex: updateToMax old=2, new=-1, updated? false
2022-08-02 21:05:58,111 [grpc-default-executor-0] DEBUG leader.FollowerInfo (FollowerInfoImpl.java:lambda$new$1(49)) - s0@group-DBBE7E7C6C61->s2: commitIndex: updateToMax old=1, new=1, updated? false
2022-08-02 21:05:58,111 [grpc-default-executor-0] DEBUG leader.FollowerInfo (FollowerInfoImpl.java:lambda$new$1(49)) - s0@group-DBBE7E7C6C61->s2: matchIndex: updateToMax old=2, new=-1, updated? false
2022-08-02 21:05:58,112 [grpc-default-executor-3] DEBUG leader.FollowerInfo (FollowerInfoImpl.java:lambda$new$1(49)) - s0@group-DBBE7E7C6C61->s1: commitIndex: updateToMax old=1, new=1, updated? false
2022-08-02 21:05:58,112 [grpc-default-executor-3] DEBUG leader.FollowerInfo (FollowerInfoImpl.java:lambda$new$1(49)) - s0@group-DBBE7E7C6C61->s1: matchIndex: updateToMax old=2, new=-1, updated? false
2022-08-02 21:05:58,112 [grpc-default-executor-0] DEBUG leader.FollowerInfo (FollowerInfoImpl.java:lambda$new$1(49)) - s0@group-DBBE7E7C6C61->s2: commitIndex: updateToMax old=1, new=1, updated? false
2022-08-02 21:05:58,112 [grpc-default-executor-0] DEBUG leader.FollowerInfo (FollowerInfoImpl.java:lambda$new$1(49)) - s0@group-DBBE7E7C6C61->s2: matchIndex: updateToMax old=2, new=-1, updated? false
2022-08-02 21:05:58,112 [grpc-default-executor-3] DEBUG leader.FollowerInfo (FollowerInfoImpl.java:lambda$new$1(49)) - s0@group-DBBE7E7C6C61->s1: commitIndex: updateToMax old=1, new=1, updated? false
2022-08-02 21:05:58,113 [grpc-default-executor-3] DEBUG leader.FollowerInfo (FollowerInfoImpl.java:lambda$new$1(49)) - s0@group-DBBE7E7C6C61->s1: matchIndex: updateToMax old=2, new=-1, updated? false
2022-08-02 21:05:58,113 [grpc-default-executor-0] DEBUG leader.FollowerInfo (FollowerInfoImpl.java:lambda$new$1(49)) - s0@group-DBBE7E7C6C61->s2: commitIndex: updateToMax old=1, new=1, updated? false
2022-08-02 21:05:58,113 [grpc-default-executor-0] DEBUG leader.FollowerInfo (FollowerInfoImpl.java:lambda$new$1(49)) - s0@group-DBBE7E7C6C61->s2: matchIndex: updateToMax old=2, new=-1, updated? false
2022-08-02 21:05:58,113 [grpc-default-executor-3] DEBUG leader.FollowerInfo (FollowerInfoImpl.java:lambda$new$1(49)) - s0@group-DBBE7E7C6C61->s1: commitIndex: updateToMax old=1, new=1, updated? false
2022-08-02 21:05:58,113 [grpc-default-executor-3] DEBUG leader.FollowerInfo (FollowerInfoImpl.java:lambda$new$1(49)) - s0@group-DBBE7E7C6C61->s1: matchIndex: updateToMax old=2, new=-1, updated? false
2022-08-02 21:05:58,114 [grpc-default-executor-0] DEBUG leader.FollowerInfo (FollowerInfoImpl.java:lambda$new$1(49)) - s0@group-DBBE7E7C6C61->s2: commitIndex: updateToMax old=1, new=1, updated? false
2022-08-02 21:05:58,114 [grpc-default-executor-0] DEBUG leader.FollowerInfo (FollowerInfoImpl.java:lambda$new$1(49)) - s0@group-DBBE7E7C6C61->s2: matchIndex: updateToMax old=2, new=-1, updated? false
2022-08-02 21:05:58,114 [grpc-default-executor-3] DEBUG leader.FollowerInfo (FollowerInfoImpl.java:lambda$new$1(49)) - s0@group-DBBE7E7C6C61->s1: commitIndex: updateToMax old=1, new=1, updated? false
2022-08-02 21:05:58,114 [grpc-default-executor-3] DEBUG leader.FollowerInfo (FollowerInfoImpl.java:lambda$new$1(49)) - s0@group-DBBE7E7C6C61->s1: matchIndex: updateToMax old=2, new=-1, updated? false
2022-08-02 21:05:58,115 [grpc-default-executor-0] DEBUG leader.FollowerInfo (FollowerInfoImpl.java:lambda$new$1(49)) - s0@group-DBBE7E7C6C61->s2: commitIndex: updateToMax old=1, new=1, updated? false
2022-08-02 21:05:58,115 [grpc-default-executor-0] DEBUG leader.FollowerInfo (FollowerInfoImpl.java:lambda$new$1(49)) - s0@group-DBBE7E7C6C61->s2: matchIndex: updateToMax old=2, new=-1, updated? false
2022-08-02 21:05:58,115 [grpc-default-executor-0] DEBUG leader.FollowerInfo (FollowerInfoImpl.java:lambda$new$1(49)) - s0@group-DBBE7E7C6C61->s1: commitIndex: updateToMax old=1, new=1, updated? false
2022-08-02 21:05:58,115 [grpc-default-executor-0] DEBUG leader.FollowerInfo (FollowerInfoImpl.java:lambda$new$1(49)) - s0@group-DBBE7E7C6C61->s1: matchIndex: updateToMax old=2, new=-1, updated? false
2022-08-02 21:05:58,116 [grpc-default-executor-3] DEBUG leader.FollowerInfo (FollowerInfoImpl.java:lambda$new$1(49)) - s0@group-DBBE7E7C6C61->s2: commitIndex: updateToMax old=1, new=1, updated? false
2022-08-02 21:05:58,116 [grpc-default-executor-3] DEBUG leader.FollowerInfo (FollowerInfoImpl.java:lambda$new$1(49)) - s0@group-DBBE7E7C6C61->s2: matchIndex: updateToMax old=2, new=-1, updated? false
2022-08-02 21:05:58,116 [grpc-default-executor-3] DEBUG leader.FollowerInfo (FollowerInfoImpl.java:lambda$new$1(49)) - s0@group-DBBE7E7C6C61->s1: commitIndex: updateToMax old=1, new=1, updated? false
2022-08-02 21:05:58,116 [grpc-default-executor-3] DEBUG leader.FollowerInfo (FollowerInfoImpl.java:lambda$new$1(49)) - s0@group-DBBE7E7C6C61->s1: matchIndex: updateToMax old=2, new=-1, updated? false
2022-08-02 21:05:58,117 [grpc-default-executor-0] DEBUG leader.FollowerInfo (FollowerInfoImpl.java:lambda$new$1(49)) - s0@group-DBBE7E7C6C61->s2: commitIndex: updateToMax old=1, new=1, updated? false
2022-08-02 21:05:58,117 [grpc-default-executor-0] DEBUG leader.FollowerInfo (FollowerInfoImpl.java:lambda$new$1(49)) - s0@group-DBBE7E7C6C61->s2: matchIndex: updateToMax old=2, new=-1, updated? false
2022-08-02 21:05:58,117 [grpc-default-executor-3] DEBUG leader.FollowerInfo (FollowerInfoImpl.java:lambda$new$1(49)) - s0@group-DBBE7E7C6C61->s1: commitIndex: updateToMax old=1, new=1, updated? false
2022-08-02 21:05:58,117 [grpc-default-executor-3] DEBUG leader.FollowerInfo (FollowerInfoImpl.java:lambda$new$1(49)) - s0@group-DBBE7E7C6C61->s1: matchIndex: updateToMax old=2, new=-1, updated? false
2022-08-02 21:05:58,118 [grpc-default-executor-0] DEBUG leader.FollowerInfo (FollowerInfoImpl.java:lambda$new$1(49)) - s0@group-DBBE7E7C6C61->s2: commitIndex: updateToMax old=1, new=1, updated? false
2022-08-02 21:05:58,118 [grpc-default-executor-0] DEBUG leader.FollowerInfo (FollowerInfoImpl.java:lambda$new$1(49)) - s0@group-DBBE7E7C6C61->s2: matchIndex: updateToMax old=2, new=-1, updated? false
2022-08-02 21:05:58,118 [grpc-default-executor-3] DEBUG leader.FollowerInfo (FollowerInfoImpl.java:lambda$new$1(49)) - s0@group-DBBE7E7C6C61->s1: commitIndex: updateToMax old=1, new=1, updated? false
2022-08-02 21:05:58,118 [grpc-default-executor-3] DEBUG leader.FollowerInfo (FollowerInfoImpl.java:lambda$new$1(49)) - s0@group-DBBE7E7C6C61->s1: matchIndex: updateToMax old=2, new=-1, updated? false
2022-08-02 21:05:58,119 [grpc-default-executor-0] DEBUG leader.FollowerInfo (FollowerInfoImpl.java:lambda$new$1(49)) - s0@group-DBBE7E7C6C61->s2: commitIndex: updateToMax old=1, new=1, updated? false
2022-08-02 21:05:58,119 [grpc-default-executor-0] DEBUG leader.FollowerInfo (FollowerInfoImpl.java:lambda$new$1(49)) - s0@group-DBBE7E7C6C61->s2: matchIndex: updateToMax old=2, new=-1, updated? false
2022-08-02 21:05:58,119 [grpc-default-executor-3] DEBUG leader.FollowerInfo (FollowerInfoImpl.java:lambda$new$1(49)) - s0@group-DBBE7E7C6C61->s1: commitIndex: updateToMax old=1, new=1, updated? false
2022-08-02 21:05:58,119 [grpc-default-executor-3] DEBUG leader.FollowerInfo (FollowerInfoImpl.java:lambda$new$1(49)) - s0@group-DBBE7E7C6C61->s1: matchIndex: updateToMax old=2, new=-1, updated? false
2022-08-02 21:05:58,120 [grpc-default-executor-0] DEBUG leader.FollowerInfo (FollowerInfoImpl.java:lambda$new$1(49)) - s0@group-DBBE7E7C6C61->s2: commitIndex: updateToMax old=1, new=1, updated? false
2022-08-02 21:05:58,120 [grpc-default-executor-0] DEBUG leader.FollowerInfo (FollowerInfoImpl.java:lambda$new$1(49)) - s0@group-DBBE7E7C6C61->s2: matchIndex: updateToMax old=2, new=-1, updated? false
2022-08-02 21:05:58,120 [grpc-default-executor-3] DEBUG leader.FollowerInfo (FollowerInfoImpl.java:lambda$new$1(49)) - s0@group-DBBE7E7C6C61->s1: commitIndex: updateToMax old=1, new=1, updated? false
2022-08-02 21:05:58,120 [grpc-default-executor-3] DEBUG leader.FollowerInfo (FollowerInfoImpl.java:lambda$new$1(49)) - s0@group-DBBE7E7C6C61->s1: matchIndex: updateToMax old=2, new=-1, updated? false
2022-08-02 21:05:58,121 [grpc-default-executor-0] DEBUG leader.FollowerInfo (FollowerInfoImpl.java:lambda$new$1(49)) - s0@group-DBBE7E7C6C61->s2: commitIndex: updateToMax old=1, new=1, updated? false
2022-08-02 21:05:58,121 [grpc-default-executor-0] DEBUG leader.FollowerInfo (FollowerInfoImpl.java:lambda$new$1(49)) - s0@group-DBBE7E7C6C61->s2: matchIndex: updateToMax old=2, new=-1, updated? false
2022-08-02 21:05:58,121 [grpc-default-executor-0] DEBUG leader.FollowerInfo (FollowerInfoImpl.java:lambda$new$1(49)) - s0@group-DBBE7E7C6C61->s1: commitIndex: updateToMax old=1, new=1, updated? false
2022-08-02 21:05:58,121 [grpc-default-executor-0] DEBUG leader.FollowerInfo (FollowerInfoImpl.java:lambda$new$1(49)) - s0@group-DBBE7E7C6C61->s1: matchIndex: updateToMax old=2, new=-1, updated? false
2022-08-02 21:05:58,122 [grpc-default-executor-3] DEBUG leader.FollowerInfo (FollowerInfoImpl.java:lambda$new$1(49)) - s0@group-DBBE7E7C6C61->s2: commitIndex: updateToMax old=1, new=1, updated? false
2022-08-02 21:05:58,122 [grpc-default-executor-3] DEBUG leader.FollowerInfo (FollowerInfoImpl.java:lambda$new$1(49)) - s0@group-DBBE7E7C6C61->s2: matchIndex: updateToMax old=2, new=-1, updated? false
2022-08-02 21:05:58,122 [grpc-default-executor-3] DEBUG leader.FollowerInfo (FollowerInfoImpl.java:lambda$new$1(49)) - s0@group-DBBE7E7C6C61->s1: commitIndex: updateToMax old=1, new=1, updated? false
2022-08-02 21:05:58,122 [grpc-default-executor-3] DEBUG leader.FollowerInfo (FollowerInfoImpl.java:lambda$new$1(49)) - s0@group-DBBE7E7C6C61->s1: matchIndex: updateToMax old=2, new=-1, updated? false
2022-08-02 21:05:58,123 [grpc-default-executor-0] DEBUG leader.FollowerInfo (FollowerInfoImpl.java:lambda$new$1(49)) - s0@group-DBBE7E7C6C61->s2: commitIndex: updateToMax old=1, new=1, updated? false
2022-08-02 21:05:58,123 [grpc-default-executor-0] DEBUG leader.FollowerInfo (FollowerInfoImpl.java:lambda$new$1(49)) - s0@group-DBBE7E7C6C61->s2: matchIndex: updateToMax old=2, new=-1, updated? false
2022-08-02 21:05:58,123 [grpc-default-executor-3] DEBUG leader.FollowerInfo (FollowerInfoImpl.java:lambda$new$1(49)) - s0@group-DBBE7E7C6C61->s1: commitIndex: updateToMax old=1, new=1, updated? false
2022-08-02 21:05:58,123 [grpc-default-executor-3] DEBUG leader.FollowerInfo (FollowerInfoImpl.java:lambda$new$1(49)) - s0@group-DBBE7E7C6C61->s1: matchIndex: updateToMax old=2, new=-1, updated? false
2022-08-02 21:05:58,124 [grpc-default-executor-0] DEBUG leader.FollowerInfo (FollowerInfoImpl.java:lambda$new$1(49)) - s0@group-DBBE7E7C6C61->s2: commitIndex: updateToMax old=1, new=1, updated? false
2022-08-02 21:05:58,124 [grpc-default-executor-0] DEBUG leader.FollowerInfo (FollowerInfoImpl.java:lambda$new$1(49)) - s0@group-DBBE7E7C6C61->s2: matchIndex: updateToMax old=2, new=-1, updated? false
2022-08-02 21:05:58,124 [grpc-default-executor-0] DEBUG leader.FollowerInfo (FollowerInfoImpl.java:lambda$new$1(49)) - s0@group-DBBE7E7C6C61->s1: commitIndex: updateToMax old=1, new=1, updated? false
2022-08-02 21:05:58,124 [grpc-default-executor-0] DEBUG leader.FollowerInfo (FollowerInfoImpl.java:lambda$new$1(49)) - s0@group-DBBE7E7C6C61->s1: matchIndex: updateToMax old=2, new=-1, updated? false
2022-08-02 21:05:58,125 [grpc-default-executor-3] DEBUG leader.FollowerInfo (FollowerInfoImpl.java:lambda$new$1(49)) - s0@group-DBBE7E7C6C61->s2: commitIndex: updateToMax old=1, new=1, updated? false
2022-08-02 21:05:58,125 [grpc-default-executor-3] DEBUG leader.FollowerInfo (FollowerInfoImpl.java:lambda$new$1(49)) - s0@group-DBBE7E7C6C61->s2: matchIndex: updateToMax old=2, new=-1, updated? false
2022-08-02 21:05:58,125 [grpc-default-executor-3] DEBUG leader.FollowerInfo (FollowerInfoImpl.java:lambda$new$1(49)) - s0@group-DBBE7E7C6C61->s1: commitIndex: updateToMax old=1, new=1, updated? false
2022-08-02 21:05:58,125 [grpc-default-executor-3] DEBUG leader.FollowerInfo (FollowerInfoImpl.java:lambda$new$1(49)) - s0@group-DBBE7E7C6C61->s1: matchIndex: updateToMax old=2, new=-1, updated? false
2022-08-02 21:05:58,125 [grpc-default-executor-0] DEBUG leader.FollowerInfo (FollowerInfoImpl.java:lambda$new$1(49)) - s0@group-DBBE7E7C6C61->s2: commitIndex: updateToMax old=1, new=1, updated? false
2022-08-02 21:05:58,126 [grpc-default-executor-0] DEBUG leader.FollowerInfo (FollowerInfoImpl.java:lambda$new$1(49)) - s0@group-DBBE7E7C6C61->s2: matchIndex: updateToMax old=2, new=-1, updated? false
2022-08-02 21:05:58,126 [grpc-default-executor-3] DEBUG leader.FollowerInfo (FollowerInfoImpl.java:lambda$new$1(49)) - s0@group-DBBE7E7C6C61->s1: commitIndex: updateToMax old=1, new=1, updated? false
2022-08-02 21:05:58,126 [grpc-default-executor-3] DEBUG leader.FollowerInfo (FollowerInfoImpl.java:lambda$new$1(49)) - s0@group-DBBE7E7C6C61->s1: matchIndex: updateToMax old=2, new=-1, updated? false
2022-08-02 21:05:58,127 [grpc-default-executor-0] DEBUG leader.FollowerInfo (FollowerInfoImpl.java:lambda$new$1(49)) - s0@group-DBBE7E7C6C61->s2: commitIndex: updateToMax old=1, new=1, updated? false
2022-08-02 21:05:58,127 [grpc-default-executor-0] DEBUG leader.FollowerInfo (FollowerInfoImpl.java:lambda$new$1(49)) - s0@group-DBBE7E7C6C61->s2: matchIndex: updateToMax old=2, new=-1, updated? false
2022-08-02 21:05:58,127 [grpc-default-executor-3] DEBUG leader.FollowerInfo (FollowerInfoImpl.java:lambda$new$1(49)) - s0@group-DBBE7E7C6C61->s1: commitIndex: updateToMax old=1, new=1, updated? false
2022-08-02 21:05:58,127 [grpc-default-executor-3] DEBUG leader.FollowerInfo (FollowerInfoImpl.java:lambda$new$1(49)) - s0@group-DBBE7E7C6C61->s1: matchIndex: updateToMax old=2, new=-1, updated? false
2022-08-02 21:05:58,128 [grpc-default-executor-0] DEBUG leader.FollowerInfo (FollowerInfoImpl.java:lambda$new$1(49)) - s0@group-DBBE7E7C6C61->s2: commitIndex: updateToMax old=1, new=1, updated? false
2022-08-02 21:05:58,128 [grpc-default-executor-0] DEBUG leader.FollowerInfo (FollowerInfoImpl.java:lambda$new$1(49)) - s0@group-DBBE7E7C6C61->s2: matchIndex: updateToMax old=2, new=-1, updated? false
2022-08-02 21:05:58,128 [grpc-default-executor-3] DEBUG leader.FollowerInfo (FollowerInfoImpl.java:lambda$new$1(49)) - s0@group-DBBE7E7C6C61->s1: commitIndex: updateToMax old=1, new=1, updated? false
2022-08-02 21:05:58,128 [grpc-default-executor-3] DEBUG leader.FollowerInfo (FollowerInfoImpl.java:lambda$new$1(49)) - s0@group-DBBE7E7C6C61->s1: matchIndex: updateToMax old=2, new=-1, updated? false
2022-08-02 21:05:58,129 [grpc-default-executor-0] DEBUG leader.FollowerInfo (FollowerInfoImpl.java:lambda$new$1(49)) - s0@group-DBBE7E7C6C61->s2: commitIndex: updateToMax old=1, new=1, updated? false
2022-08-02 21:05:58,129 [grpc-default-executor-0] DEBUG leader.FollowerInfo (FollowerInfoImpl.java:lambda$new$1(49)) - s0@group-DBBE7E7C6C61->s2: matchIndex: updateToMax old=2, new=-1, updated? false
2022-08-02 21:05:58,129 [grpc-default-executor-3] DEBUG leader.FollowerInfo (FollowerInfoImpl.java:lambda$new$1(49)) - s0@group-DBBE7E7C6C61->s1: commitIndex: updateToMax old=1, new=1, updated? false
2022-08-02 21:05:58,129 [grpc-default-executor-3] DEBUG leader.FollowerInfo (FollowerInfoImpl.java:lambda$new$1(49)) - s0@group-DBBE7E7C6C61->s1: matchIndex: updateToMax old=2, new=-1, updated? false
2022-08-02 21:05:58,130 [grpc-default-executor-0] DEBUG leader.FollowerInfo (FollowerInfoImpl.java:lambda$new$1(49)) - s0@group-DBBE7E7C6C61->s2: commitIndex: updateToMax old=1, new=1, updated? false
2022-08-02 21:05:58,130 [grpc-default-executor-0] DEBUG leader.FollowerInfo (FollowerInfoImpl.java:lambda$new$1(49)) - s0@group-DBBE7E7C6C61->s2: matchIndex: updateToMax old=2, new=-1, updated? false
2022-08-02 21:05:58,130 [grpc-default-executor-3] DEBUG leader.FollowerInfo (FollowerInfoImpl.java:lambda$new$1(49)) - s0@group-DBBE7E7C6C61->s1: commitIndex: updateToMax old=1, new=1, updated? false
2022-08-02 21:05:58,130 [grpc-default-executor-3] DEBUG leader.FollowerInfo (FollowerInfoImpl.java:lambda$new$1(49)) - s0@group-DBBE7E7C6C61->s1: matchIndex: updateToMax old=2, new=-1, updated? false
2022-08-02 21:05:58,131 [grpc-default-executor-0] DEBUG leader.FollowerInfo (FollowerInfoImpl.java:lambda$new$1(49)) - s0@group-DBBE7E7C6C61->s2: commitIndex: updateToMax old=1, new=1, updated? false
2022-08-02 21:05:58,131 [grpc-default-executor-0] DEBUG leader.FollowerInfo (FollowerInfoImpl.java:lambda$new$1(49)) - s0@group-DBBE7E7C6C61->s2: matchIndex: updateToMax old=2, new=-1, updated? false
2022-08-02 21:05:58,131 [grpc-default-executor-3] DEBUG leader.FollowerInfo (FollowerInfoImpl.java:lambda$new$1(49)) - s0@group-DBBE7E7C6C61->s1: commitIndex: updateToMax old=1, new=1, updated? false
2022-08-02 21:05:58,131 [grpc-default-executor-3] DEBUG leader.FollowerInfo (FollowerInfoImpl.java:lambda$new$1(49)) - s0@group-DBBE7E7C6C61->s1: matchIndex: updateToMax old=2, new=-1, updated? false
2022-08-02 21:05:58,132 [grpc-default-executor-0] DEBUG leader.FollowerInfo (FollowerInfoImpl.java:lambda$new$1(49)) - s0@group-DBBE7E7C6C61->s2: commitIndex: updateToMax old=1, new=1, updated? false
2022-08-02 21:05:58,132 [grpc-default-executor-0] DEBUG leader.FollowerInfo (FollowerInfoImpl.java:lambda$new$1(49)) - s0@group-DBBE7E7C6C61->s2: matchIndex: updateToMax old=2, new=-1, updated? false
2022-08-02 21:05:58,132 [grpc-default-executor-3] DEBUG leader.FollowerInfo (FollowerInfoImpl.java:lambda$new$1(49)) - s0@group-DBBE7E7C6C61->s1: commitIndex: updateToMax old=1, new=1, updated? false
2022-08-02 21:05:58,132 [grpc-default-executor-3] DEBUG leader.FollowerInfo (FollowerInfoImpl.java:lambda$new$1(49)) - s0@group-DBBE7E7C6C61->s1: matchIndex: updateToMax old=2, new=-1, updated? false
2022-08-02 21:05:58,132 [grpc-default-executor-0] DEBUG leader.FollowerInfo (FollowerInfoImpl.java:lambda$new$1(49)) - s0@group-DBBE7E7C6C61->s2: commitIndex: updateToMax old=1, new=1, updated? false
2022-08-02 21:05:58,133 [grpc-default-executor-0] DEBUG leader.FollowerInfo (FollowerInfoImpl.java:lambda$new$1(49)) - s0@group-DBBE7E7C6C61->s2: matchIndex: updateToMax old=2, new=-1, updated? false
2022-08-02 21:05:58,133 [grpc-default-executor-3] DEBUG leader.FollowerInfo (FollowerInfoImpl.java:lambda$new$1(49)) - s0@group-DBBE7E7C6C61->s1: commitIndex: updateToMax old=1, new=1, updated? false
2022-08-02 21:05:58,133 [grpc-default-executor-3] DEBUG leader.FollowerInfo (FollowerInfoImpl.java:lambda$new$1(49)) - s0@group-DBBE7E7C6C61->s1: matchIndex: updateToMax old=2, new=-1, updated? false
2022-08-02 21:05:58,133 [grpc-default-executor-0] DEBUG leader.FollowerInfo (FollowerInfoImpl.java:lambda$new$1(49)) - s0@group-DBBE7E7C6C61->s2: commitIndex: updateToMax old=1, new=1, updated? false
2022-08-02 21:05:58,133 [grpc-default-executor-0] DEBUG leader.FollowerInfo (FollowerInfoImpl.java:lambda$new$1(49)) - s0@group-DBBE7E7C6C61->s2: matchIndex: updateToMax old=2, new=-1, updated? false
2022-08-02 21:05:58,134 [grpc-default-executor-3] DEBUG leader.FollowerInfo (FollowerInfoImpl.java:lambda$new$1(49)) - s0@group-DBBE7E7C6C61->s1: commitIndex: updateToMax old=1, new=1, updated? false
2022-08-02 21:05:58,134 [grpc-default-executor-3] DEBUG leader.FollowerInfo (FollowerInfoImpl.java:lambda$new$1(49)) - s0@group-DBBE7E7C6C61->s1: matchIndex: updateToMax old=2, new=-1, updated? false
2022-08-02 21:05:58,134 [grpc-default-executor-0] DEBUG leader.FollowerInfo (FollowerInfoImpl.java:lambda$new$1(49)) - s0@group-DBBE7E7C6C61->s2: commitIndex: updateToMax old=1, new=1, updated? false
2022-08-02 21:05:58,134 [grpc-default-executor-0] DEBUG leader.FollowerInfo (FollowerInfoImpl.java:lambda$new$1(49)) - s0@group-DBBE7E7C6C61->s2: matchIndex: updateToMax old=2, new=-1, updated? false
2022-08-02 21:05:58,135 [grpc-default-executor-0] DEBUG leader.FollowerInfo (FollowerInfoImpl.java:lambda$new$1(49)) - s0@group-DBBE7E7C6C61->s1: commitIndex: updateToMax old=1, new=1, updated? false
2022-08-02 21:05:58,135 [grpc-default-executor-0] DEBUG leader.FollowerInfo (FollowerInfoImpl.java:lambda$new$1(49)) - s0@group-DBBE7E7C6C61->s1: matchIndex: updateToMax old=2, new=-1, updated? false
2022-08-02 21:05:58,136 [grpc-default-executor-3] DEBUG leader.FollowerInfo (FollowerInfoImpl.java:lambda$new$1(49)) - s0@group-DBBE7E7C6C61->s2: commitIndex: updateToMax old=1, new=1, updated? false
2022-08-02 21:05:58,136 [grpc-default-executor-3] DEBUG leader.FollowerInfo (FollowerInfoImpl.java:lambda$new$1(49)) - s0@group-DBBE7E7C6C61->s2: matchIndex: updateToMax old=2, new=-1, updated? false
2022-08-02 21:05:58,136 [grpc-default-executor-3] DEBUG leader.FollowerInfo (FollowerInfoImpl.java:lambda$new$1(49)) - s0@group-DBBE7E7C6C61->s1: commitIndex: updateToMax old=1, new=1, updated? false
2022-08-02 21:05:58,136 [grpc-default-executor-3] DEBUG leader.FollowerInfo (FollowerInfoImpl.java:lambda$new$1(49)) - s0@group-DBBE7E7C6C61->s1: matchIndex: updateToMax old=2, new=-1, updated? false
2022-08-02 21:05:58,136 [grpc-default-executor-0] DEBUG leader.FollowerInfo (FollowerInfoImpl.java:lambda$new$1(49)) - s0@group-DBBE7E7C6C61->s2: commitIndex: updateToMax old=1, new=1, updated? false
2022-08-02 21:05:58,136 [grpc-default-executor-0] DEBUG leader.FollowerInfo (FollowerInfoImpl.java:lambda$new$1(49)) - s0@group-DBBE7E7C6C61->s2: matchIndex: updateToMax old=2, new=-1, updated? false
2022-08-02 21:05:58,137 [grpc-default-executor-0] DEBUG leader.FollowerInfo (FollowerInfoImpl.java:lambda$new$1(49)) - s0@group-DBBE7E7C6C61->s1: commitIndex: updateToMax old=1, new=1, updated? false
2022-08-02 21:05:58,137 [grpc-default-executor-0] DEBUG leader.FollowerInfo (FollowerInfoImpl.java:lambda$new$1(49)) - s0@group-DBBE7E7C6C61->s1: matchIndex: updateToMax old=2, new=-1, updated? false
2022-08-02 21:05:58,138 [grpc-default-executor-3] DEBUG leader.FollowerInfo (FollowerInfoImpl.java:lambda$new$1(49)) - s0@group-DBBE7E7C6C61->s2: commitIndex: updateToMax old=1, new=1, updated? false
2022-08-02 21:05:58,138 [grpc-default-executor-3] DEBUG leader.FollowerInfo (FollowerInfoImpl.java:lambda$new$1(49)) - s0@group-DBBE7E7C6C61->s2: matchIndex: updateToMax old=2, new=-1, updated? false
2022-08-02 21:05:58,138 [grpc-default-executor-3] DEBUG leader.FollowerInfo (FollowerInfoImpl.java:lambda$new$1(49)) - s0@group-DBBE7E7C6C61->s1: commitIndex: updateToMax old=1, new=1, updated? false
2022-08-02 21:05:58,138 [grpc-default-executor-3] DEBUG leader.FollowerInfo (FollowerInfoImpl.java:lambda$new$1(49)) - s0@group-DBBE7E7C6C61->s1: matchIndex: updateToMax old=2, new=-1, updated? false
2022-08-02 21:05:58,138 [grpc-default-executor-0] DEBUG leader.FollowerInfo (FollowerInfoImpl.java:lambda$new$1(49)) - s0@group-DBBE7E7C6C61->s2: commitIndex: updateToMax old=1, new=1, updated? false
2022-08-02 21:05:58,138 [grpc-default-executor-0] DEBUG leader.FollowerInfo (FollowerInfoImpl.java:lambda$new$1(49)) - s0@group-DBBE7E7C6C61->s2: matchIndex: updateToMax old=2, new=-1, updated? false
2022-08-02 21:05:58,139 [grpc-default-executor-3] DEBUG leader.FollowerInfo (FollowerInfoImpl.java:lambda$new$1(49)) - s0@group-DBBE7E7C6C61->s1: commitIndex: updateToMax old=1, new=1, updated? false
2022-08-02 21:05:58,139 [grpc-default-executor-3] DEBUG leader.FollowerInfo (FollowerInfoImpl.java:lambda$new$1(49)) - s0@group-DBBE7E7C6C61->s1: matchIndex: updateToMax old=2, new=-1, updated? false
2022-08-02 21:05:58,139 [grpc-default-executor-0] DEBUG leader.FollowerInfo (FollowerInfoImpl.java:lambda$new$1(49)) - s0@group-DBBE7E7C6C61->s2: commitIndex: updateToMax old=1, new=1, updated? false
2022-08-02 21:05:58,140 [grpc-default-executor-0] DEBUG leader.FollowerInfo (FollowerInfoImpl.java:lambda$new$1(49)) - s0@group-DBBE7E7C6C61->s2: matchIndex: updateToMax old=2, new=-1, updated? false
2022-08-02 21:05:58,140 [grpc-default-executor-0] DEBUG leader.FollowerInfo (FollowerInfoImpl.java:lambda$new$1(49)) - s0@group-DBBE7E7C6C61->s1: commitIndex: updateToMax old=1, new=1, updated? false
2022-08-02 21:05:58,140 [grpc-default-executor-0] DEBUG leader.FollowerInfo (FollowerInfoImpl.java:lambda$new$1(49)) - s0@group-DBBE7E7C6C61->s1: matchIndex: updateToMax old=2, new=-1, updated? false
2022-08-02 21:05:58,141 [grpc-default-executor-3] DEBUG leader.FollowerInfo (FollowerInfoImpl.java:lambda$new$1(49)) - s0@group-DBBE7E7C6C61->s2: commitIndex: updateToMax old=1, new=1, updated? false
2022-08-02 21:05:58,141 [grpc-default-executor-3] DEBUG leader.FollowerInfo (FollowerInfoImpl.java:lambda$new$1(49)) - s0@group-DBBE7E7C6C61->s2: matchIndex: updateToMax old=2, new=-1, updated? false
2022-08-02 21:05:58,143 [grpc-default-executor-0] DEBUG leader.FollowerInfo (FollowerInfoImpl.java:lambda$new$1(49)) - s0@group-DBBE7E7C6C61->s1: commitIndex: updateToMax old=1, new=1, updated? false
2022-08-02 21:05:58,143 [grpc-default-executor-0] DEBUG leader.FollowerInfo (FollowerInfoImpl.java:lambda$new$1(49)) - s0@group-DBBE7E7C6C61->s1: matchIndex: updateToMax old=2, new=-1, updated? false
2022-08-02 21:05:58,144 [grpc-default-executor-3] DEBUG leader.FollowerInfo (FollowerInfoImpl.java:lambda$new$1(49)) - s0@group-DBBE7E7C6C61->s2: commitIndex: updateToMax old=1, new=1, updated? false
2022-08-02 21:05:58,144 [grpc-default-executor-3] DEBUG leader.FollowerInfo (FollowerInfoImpl.java:lambda$new$1(49)) - s0@group-DBBE7E7C6C61->s2: matchIndex: updateToMax old=2, new=-1, updated? false
2022-08-02 21:05:58,144 [grpc-default-executor-0] DEBUG leader.FollowerInfo (FollowerInfoImpl.java:lambda$new$1(49)) - s0@group-DBBE7E7C6C61->s1: commitIndex: updateToMax old=1, new=1, updated? false
2022-08-02 21:05:58,144 [grpc-default-executor-0] DEBUG leader.FollowerInfo (FollowerInfoImpl.java:lambda$new$1(49)) - s0@group-DBBE7E7C6C61->s1: matchIndex: updateToMax old=2, new=-1, updated? false
2022-08-02 21:05:58,145 [grpc-default-executor-3] DEBUG leader.FollowerInfo (FollowerInfoImpl.java:lambda$new$1(49)) - s0@group-DBBE7E7C6C61->s2: commitIndex: updateToMax old=1, new=1, updated? false
2022-08-02 21:05:58,145 [grpc-default-executor-3] DEBUG leader.FollowerInfo (FollowerInfoImpl.java:lambda$new$1(49)) - s0@group-DBBE7E7C6C61->s2: matchIndex: updateToMax old=2, new=-1, updated? false
2022-08-02 21:05:58,147 [grpc-default-executor-0] DEBUG leader.FollowerInfo (FollowerInfoImpl.java:lambda$new$1(49)) - s0@group-DBBE7E7C6C61->s1: commitIndex: updateToMax old=1, new=1, updated? false
2022-08-02 21:05:58,147 [grpc-default-executor-0] DEBUG leader.FollowerInfo (FollowerInfoImpl.java:lambda$new$1(49)) - s0@group-DBBE7E7C6C61->s1: matchIndex: updateToMax old=2, new=-1, updated? false
2022-08-02 21:05:58,148 [grpc-default-executor-3] DEBUG leader.FollowerInfo (FollowerInfoImpl.java:lambda$new$1(49)) - s0@group-DBBE7E7C6C61->s2: commitIndex: updateToMax old=1, new=1, updated? false
2022-08-02 21:05:58,148 [grpc-default-executor-3] DEBUG leader.FollowerInfo (FollowerInfoImpl.java:lambda$new$1(49)) - s0@group-DBBE7E7C6C61->s2: matchIndex: updateToMax old=2, new=-1, updated? false
2022-08-02 21:05:58,148 [grpc-default-executor-3] DEBUG leader.FollowerInfo (FollowerInfoImpl.java:lambda$new$1(49)) - s0@group-DBBE7E7C6C61->s1: commitIndex: updateToMax old=1, new=1, updated? false
2022-08-02 21:05:58,149 [grpc-default-executor-3] DEBUG leader.FollowerInfo (FollowerInfoImpl.java:lambda$new$1(49)) - s0@group-DBBE7E7C6C61->s1: matchIndex: updateToMax old=2, new=-1, updated? false
2022-08-02 21:05:58,149 [grpc-default-executor-0] DEBUG leader.FollowerInfo (FollowerInfoImpl.java:lambda$new$1(49)) - s0@group-DBBE7E7C6C61->s2: commitIndex: updateToMax old=1, new=1, updated? false
2022-08-02 21:05:58,149 [grpc-default-executor-0] DEBUG leader.FollowerInfo (FollowerInfoImpl.java:lambda$new$1(49)) - s0@group-DBBE7E7C6C61->s2: matchIndex: updateToMax old=2, new=-1, updated? false
2022-08-02 21:05:58,150 [grpc-default-executor-3] DEBUG leader.FollowerInfo (FollowerInfoImpl.java:lambda$new$1(49)) - s0@group-DBBE7E7C6C61->s1: commitIndex: updateToMax old=1, new=1, updated? false
2022-08-02 21:05:58,150 [grpc-default-executor-3] DEBUG leader.FollowerInfo (FollowerInfoImpl.java:lambda$new$1(49)) - s0@group-DBBE7E7C6C61->s1: matchIndex: updateToMax old=2, new=-1, updated? false
2022-08-02 21:05:58,150 [grpc-default-executor-0] DEBUG leader.FollowerInfo (FollowerInfoImpl.java:lambda$new$1(49)) - s0@group-DBBE7E7C6C61->s2: commitIndex: updateToMax old=1, new=1, updated? false
2022-08-02 21:05:58,150 [grpc-default-executor-0] DEBUG leader.FollowerInfo (FollowerInfoImpl.java:lambda$new$1(49)) - s0@group-DBBE7E7C6C61->s2: matchIndex: updateToMax old=2, new=-1, updated? false
2022-08-02 21:05:58,151 [grpc-default-executor-3] DEBUG leader.FollowerInfo (FollowerInfoImpl.java:lambda$new$1(49)) - s0@group-DBBE7E7C6C61->s1: commitIndex: updateToMax old=1, new=1, updated? false
2022-08-02 21:05:58,151 [grpc-default-executor-3] DEBUG leader.FollowerInfo (FollowerInfoImpl.java:lambda$new$1(49)) - s0@group-DBBE7E7C6C61->s1: matchIndex: updateToMax old=2, new=-1, updated? false
2022-08-02 21:05:58,151 [grpc-default-executor-0] DEBUG leader.FollowerInfo (FollowerInfoImpl.java:lambda$new$1(49)) - s0@group-DBBE7E7C6C61->s2: commitIndex: updateToMax old=1, new=1, updated? false
2022-08-02 21:05:58,151 [grpc-default-executor-0] DEBUG leader.FollowerInfo (FollowerInfoImpl.java:lambda$new$1(49)) - s0@group-DBBE7E7C6C61->s2: matchIndex: updateToMax old=2, new=-1, updated? false
2022-08-02 21:05:58,152 [grpc-default-executor-3] DEBUG leader.FollowerInfo (FollowerInfoImpl.java:lambda$new$1(49)) - s0@group-DBBE7E7C6C61->s1: commitIndex: updateToMax old=1, new=1, updated? false
2022-08-02 21:05:58,152 [grpc-default-executor-3] DEBUG leader.FollowerInfo (FollowerInfoImpl.java:lambda$new$1(49)) - s0@group-DBBE7E7C6C61->s1: matchIndex: updateToMax old=2, new=-1, updated? false
2022-08-02 21:05:58,152 [grpc-default-executor-0] DEBUG leader.FollowerInfo (FollowerInfoImpl.java:lambda$new$1(49)) - s0@group-DBBE7E7C6C61->s2: commitIndex: updateToMax old=1, new=1, updated? false
2022-08-02 21:05:58,152 [grpc-default-executor-0] DEBUG leader.FollowerInfo (FollowerInfoImpl.java:lambda$new$1(49)) - s0@group-DBBE7E7C6C61->s2: matchIndex: updateToMax old=2, new=-1, updated? false
2022-08-02 21:05:58,153 [grpc-default-executor-3] DEBUG leader.FollowerInfo (FollowerInfoImpl.java:lambda$new$1(49)) - s0@group-DBBE7E7C6C61->s1: commitIndex: updateToMax old=1, new=1, updated? false
2022-08-02 21:05:58,153 [grpc-default-executor-3] DEBUG leader.FollowerInfo (FollowerInfoImpl.java:lambda$new$1(49)) - s0@group-DBBE7E7C6C61->s1: matchIndex: updateToMax old=2, new=-1, updated? false
2022-08-02 21:05:58,153 [grpc-default-executor-0] DEBUG leader.FollowerInfo (FollowerInfoImpl.java:lambda$new$1(49)) - s0@group-DBBE7E7C6C61->s2: commitIndex: updateToMax old=1, new=1, updated? false
2022-08-02 21:05:58,153 [grpc-default-executor-0] DEBUG leader.FollowerInfo (FollowerInfoImpl.java:lambda$new$1(49)) - s0@group-DBBE7E7C6C61->s2: matchIndex: updateToMax old=2, new=-1, updated? false
2022-08-02 21:05:58,154 [grpc-default-executor-3] DEBUG leader.FollowerInfo (FollowerInfoImpl.java:lambda$new$1(49)) - s0@group-DBBE7E7C6C61->s1: commitIndex: updateToMax old=1, new=1, updated? false
2022-08-02 21:05:58,154 [grpc-default-executor-3] DEBUG leader.FollowerInfo (FollowerInfoImpl.java:lambda$new$1(49)) - s0@group-DBBE7E7C6C61->s1: matchIndex: updateToMax old=2, new=-1, updated? false
2022-08-02 21:05:58,154 [grpc-default-executor-0] DEBUG leader.FollowerInfo (FollowerInfoImpl.java:lambda$new$1(49)) - s0@group-DBBE7E7C6C61->s2: commitIndex: updateToMax old=1, new=1, updated? false
2022-08-02 21:05:58,155 [grpc-default-executor-0] DEBUG leader.FollowerInfo (FollowerInfoImpl.java:lambda$new$1(49)) - s0@group-DBBE7E7C6C61->s2: matchIndex: updateToMax old=2, new=-1, updated? false
2022-08-02 21:05:58,155 [grpc-default-executor-3] DEBUG leader.FollowerInfo (FollowerInfoImpl.java:lambda$new$1(49)) - s0@group-DBBE7E7C6C61->s1: commitIndex: updateToMax old=1, new=1, updated? false
2022-08-02 21:05:58,155 [grpc-default-executor-3] DEBUG leader.FollowerInfo (FollowerInfoImpl.java:lambda$new$1(49)) - s0@group-DBBE7E7C6C61->s1: matchIndex: updateToMax old=2, new=-1, updated? false
2022-08-02 21:05:58,156 [grpc-default-executor-0] DEBUG leader.FollowerInfo (FollowerInfoImpl.java:lambda$new$1(49)) - s0@group-DBBE7E7C6C61->s2: commitIndex: updateToMax old=1, new=1, updated? false
2022-08-02 21:05:58,156 [grpc-default-executor-0] DEBUG leader.FollowerInfo (FollowerInfoImpl.java:lambda$new$1(49)) - s0@group-DBBE7E7C6C61->s2: matchIndex: updateToMax old=2, new=-1, updated? false
2022-08-02 21:05:58,156 [grpc-default-executor-3] DEBUG leader.FollowerInfo (FollowerInfoImpl.java:lambda$new$1(49)) - s0@group-DBBE7E7C6C61->s1: commitIndex: updateToMax old=1, new=1, updated? false
2022-08-02 21:05:58,156 [grpc-default-executor-3] DEBUG leader.FollowerInfo (FollowerInfoImpl.java:lambda$new$1(49)) - s0@group-DBBE7E7C6C61->s1: matchIndex: updateToMax old=2, new=-1, updated? false
2022-08-02 21:05:58,157 [grpc-default-executor-0] DEBUG leader.FollowerInfo (FollowerInfoImpl.java:lambda$new$1(49)) - s0@group-DBBE7E7C6C61->s2: commitIndex: updateToMax old=1, new=1, updated? false
2022-08-02 21:05:58,157 [grpc-default-executor-0] DEBUG leader.FollowerInfo (FollowerInfoImpl.java:lambda$new$1(49)) - s0@group-DBBE7E7C6C61->s2: matchIndex: updateToMax old=2, new=-1, updated? false
2022-08-02 21:05:58,157 [grpc-default-executor-3] DEBUG leader.FollowerInfo (FollowerInfoImpl.java:lambda$new$1(49)) - s0@group-DBBE7E7C6C61->s1: commitIndex: updateToMax old=1, new=1, updated? false
2022-08-02 21:05:58,157 [grpc-default-executor-3] DEBUG leader.FollowerInfo (FollowerInfoImpl.java:lambda$new$1(49)) - s0@group-DBBE7E7C6C61->s1: matchIndex: updateToMax old=2, new=-1, updated? false
2022-08-02 21:05:58,158 [grpc-default-executor-0] DEBUG leader.FollowerInfo (FollowerInfoImpl.java:lambda$new$1(49)) - s0@group-DBBE7E7C6C61->s2: commitIndex: updateToMax old=1, new=1, updated? false
2022-08-02 21:05:58,158 [grpc-default-executor-0] DEBUG leader.FollowerInfo (FollowerInfoImpl.java:lambda$new$1(49)) - s0@group-DBBE7E7C6C61->s2: matchIndex: updateToMax old=2, new=-1, updated? false
2022-08-02 21:05:58,158 [grpc-default-executor-3] DEBUG leader.FollowerInfo (FollowerInfoImpl.java:lambda$new$1(49)) - s0@group-DBBE7E7C6C61->s1: commitIndex: updateToMax old=1, new=1, updated? false
2022-08-02 21:05:58,159 [grpc-default-executor-3] DEBUG leader.FollowerInfo (FollowerInfoImpl.java:lambda$new$1(49)) - s0@group-DBBE7E7C6C61->s1: matchIndex: updateToMax old=2, new=-1, updated? false
2022-08-02 21:05:58,159 [grpc-default-executor-0] DEBUG leader.FollowerInfo (FollowerInfoImpl.java:lambda$new$1(49)) - s0@group-DBBE7E7C6C61->s2: commitIndex: updateToMax old=1, new=1, updated? false
2022-08-02 21:05:58,159 [grpc-default-executor-0] DEBUG leader.FollowerInfo (FollowerInfoImpl.java:lambda$new$1(49)) - s0@group-DBBE7E7C6C61->s2: matchIndex: updateToMax old=2, new=-1, updated? false
2022-08-02 21:05:58,160 [grpc-default-executor-3] DEBUG leader.FollowerInfo (FollowerInfoImpl.java:lambda$new$1(49)) - s0@group-DBBE7E7C6C61->s1: commitIndex: updateToMax old=1, new=1, updated? false
2022-08-02 21:05:58,160 [grpc-default-executor-3] DEBUG leader.FollowerInfo (FollowerInfoImpl.java:lambda$new$1(49)) - s0@group-DBBE7E7C6C61->s1: matchIndex: updateToMax old=2, new=-1, updated? false
2022-08-02 21:05:58,160 [grpc-default-executor-0] DEBUG leader.FollowerInfo (FollowerInfoImpl.java:lambda$new$1(49)) - s0@group-DBBE7E7C6C61->s2: commitIndex: updateToMax old=1, new=1, updated? false
2022-08-02 21:05:58,160 [grpc-default-executor-0] DEBUG leader.FollowerInfo (FollowerInfoImpl.java:lambda$new$1(49)) - s0@group-DBBE7E7C6C61->s2: matchIndex: updateToMax old=2, new=-1, updated? false
2022-08-02 21:05:58,161 [grpc-default-executor-3] DEBUG leader.FollowerInfo (FollowerInfoImpl.java:lambda$new$1(49)) - s0@group-DBBE7E7C6C61->s1: commitIndex: updateToMax old=1, new=1, updated? false
2022-08-02 21:05:58,161 [grpc-default-executor-3] DEBUG leader.FollowerInfo (FollowerInfoImpl.java:lambda$new$1(49)) - s0@group-DBBE7E7C6C61->s1: matchIndex: updateToMax old=2, new=-1, updated? false
2022-08-02 21:05:58,161 [grpc-default-executor-0] DEBUG leader.FollowerInfo (FollowerInfoImpl.java:lambda$new$1(49)) - s0@group-DBBE7E7C6C61->s2: commitIndex: updateToMax old=1, new=1, updated? false
2022-08-02 21:05:58,161 [grpc-default-executor-0] DEBUG leader.FollowerInfo (FollowerInfoImpl.java:lambda$new$1(49)) - s0@group-DBBE7E7C6C61->s2: matchIndex: updateToMax old=2, new=-1, updated? false
2022-08-02 21:05:58,162 [grpc-default-executor-3] DEBUG leader.FollowerInfo (FollowerInfoImpl.java:lambda$new$1(49)) - s0@group-DBBE7E7C6C61->s1: commitIndex: updateToMax old=1, new=1, updated? false
2022-08-02 21:05:58,162 [grpc-default-executor-3] DEBUG leader.FollowerInfo (FollowerInfoImpl.java:lambda$new$1(49)) - s0@group-DBBE7E7C6C61->s1: matchIndex: updateToMax old=2, new=-1, updated? false
2022-08-02 21:05:58,162 [grpc-default-executor-0] DEBUG leader.FollowerInfo (FollowerInfoImpl.java:lambda$new$1(49)) - s0@group-DBBE7E7C6C61->s2: commitIndex: updateToMax old=1, new=1, updated? false
2022-08-02 21:05:58,162 [grpc-default-executor-0] DEBUG leader.FollowerInfo (FollowerInfoImpl.java:lambda$new$1(49)) - s0@group-DBBE7E7C6C61->s2: matchIndex: updateToMax old=2, new=-1, updated? false
2022-08-02 21:05:58,163 [grpc-default-executor-3] DEBUG leader.FollowerInfo (FollowerInfoImpl.java:lambda$new$1(49)) - s0@group-DBBE7E7C6C61->s1: commitIndex: updateToMax old=1, new=1, updated? false
2022-08-02 21:05:58,163 [grpc-default-executor-3] DEBUG leader.FollowerInfo (FollowerInfoImpl.java:lambda$new$1(49)) - s0@group-DBBE7E7C6C61->s1: matchIndex: updateToMax old=2, new=-1, updated? false
2022-08-02 21:05:58,163 [grpc-default-executor-0] DEBUG leader.FollowerInfo (FollowerInfoImpl.java:lambda$new$1(49)) - s0@group-DBBE7E7C6C61->s2: commitIndex: updateToMax old=1, new=1, updated? false
2022-08-02 21:05:58,164 [grpc-default-executor-0] DEBUG leader.FollowerInfo (FollowerInfoImpl.java:lambda$new$1(49)) - s0@group-DBBE7E7C6C61->s2: matchIndex: updateToMax old=2, new=-1, updated? false
2022-08-02 21:05:58,164 [grpc-default-executor-3] DEBUG leader.FollowerInfo (FollowerInfoImpl.java:lambda$new$1(49)) - s0@group-DBBE7E7C6C61->s1: commitIndex: updateToMax old=1, new=1, updated? false
2022-08-02 21:05:58,164 [grpc-default-executor-3] DEBUG leader.FollowerInfo (FollowerInfoImpl.java:lambda$new$1(49)) - s0@group-DBBE7E7C6C61->s1: matchIndex: updateToMax old=2, new=-1, updated? false
2022-08-02 21:05:58,165 [grpc-default-executor-0] DEBUG leader.FollowerInfo (FollowerInfoImpl.java:lambda$new$1(49)) - s0@group-DBBE7E7C6C61->s2: commitIndex: updateToMax old=1, new=1, updated? false
2022-08-02 21:05:58,165 [grpc-default-executor-0] DEBUG leader.FollowerInfo (FollowerInfoImpl.java:lambda$new$1(49)) - s0@group-DBBE7E7C6C61->s2: matchIndex: updateToMax old=2, new=-1, updated? false
2022-08-02 21:05:58,165 [grpc-default-executor-3] DEBUG leader.FollowerInfo (FollowerInfoImpl.java:lambda$new$1(49)) - s0@group-DBBE7E7C6C61->s1: commitIndex: updateToMax old=1, new=1, updated? false
2022-08-02 21:05:58,165 [grpc-default-executor-3] DEBUG leader.FollowerInfo (FollowerInfoImpl.java:lambda$new$1(49)) - s0@group-DBBE7E7C6C61->s1: matchIndex: updateToMax old=2, new=-1, updated? false
2022-08-02 21:05:58,166 [grpc-default-executor-0] DEBUG leader.FollowerInfo (FollowerInfoImpl.java:lambda$new$1(49)) - s0@group-DBBE7E7C6C61->s2: commitIndex: updateToMax old=1, new=1, updated? false
2022-08-02 21:05:58,166 [grpc-default-executor-0] DEBUG leader.FollowerInfo (FollowerInfoImpl.java:lambda$new$1(49)) - s0@group-DBBE7E7C6C61->s2: matchIndex: updateToMax old=2, new=-1, updated? false
2022-08-02 21:05:58,166 [grpc-default-executor-3] DEBUG leader.FollowerInfo (FollowerInfoImpl.java:lambda$new$1(49)) - s0@group-DBBE7E7C6C61->s1: commitIndex: updateToMax old=1, new=1, updated? false
2022-08-02 21:05:58,166 [grpc-default-executor-3] DEBUG leader.FollowerInfo (FollowerInfoImpl.java:lambda$new$1(49)) - s0@group-DBBE7E7C6C61->s1: matchIndex: updateToMax old=2, new=-1, updated? false
2022-08-02 21:05:58,167 [grpc-default-executor-0] DEBUG leader.FollowerInfo (FollowerInfoImpl.java:lambda$new$1(49)) - s0@group-DBBE7E7C6C61->s2: commitIndex: updateToMax old=1, new=1, updated? false
2022-08-02 21:05:58,167 [grpc-default-executor-0] DEBUG leader.FollowerInfo (FollowerInfoImpl.java:lambda$new$1(49)) - s0@group-DBBE7E7C6C61->s2: matchIndex: updateToMax old=2, new=-1, updated? false
2022-08-02 21:05:58,167 [grpc-default-executor-3] DEBUG leader.FollowerInfo (FollowerInfoImpl.java:lambda$new$1(49)) - s0@group-DBBE7E7C6C61->s1: commitIndex: updateToMax old=1, new=1, updated? false
2022-08-02 21:05:58,167 [grpc-default-executor-3] DEBUG leader.FollowerInfo (FollowerInfoImpl.java:lambda$new$1(49)) - s0@group-DBBE7E7C6C61->s1: matchIndex: updateToMax old=2, new=-1, updated? false
2022-08-02 21:05:58,168 [grpc-default-executor-0] DEBUG leader.FollowerInfo (FollowerInfoImpl.java:lambda$new$1(49)) - s0@group-DBBE7E7C6C61->s2: commitIndex: updateToMax old=1, new=1, updated? false
2022-08-02 21:05:58,168 [grpc-default-executor-0] DEBUG leader.FollowerInfo (FollowerInfoImpl.java:lambda$new$1(49)) - s0@group-DBBE7E7C6C61->s2: matchIndex: updateToMax old=2, new=-1, updated? false
2022-08-02 21:05:58,168 [grpc-default-executor-0] DEBUG leader.FollowerInfo (FollowerInfoImpl.java:lambda$new$1(49)) - s0@group-DBBE7E7C6C61->s1: commitIndex: updateToMax old=1, new=1, updated? false
2022-08-02 21:05:58,168 [grpc-default-executor-0] DEBUG leader.FollowerInfo (FollowerInfoImpl.java:lambda$new$1(49)) - s0@group-DBBE7E7C6C61->s1: matchIndex: updateToMax old=2, new=-1, updated? false
2022-08-02 21:05:58,169 [grpc-default-executor-3] DEBUG leader.FollowerInfo (FollowerInfoImpl.java:lambda$new$1(49)) - s0@group-DBBE7E7C6C61->s2: commitIndex: updateToMax old=1, new=1, updated? false
2022-08-02 21:05:58,169 [grpc-default-executor-3] DEBUG leader.FollowerInfo (FollowerInfoImpl.java:lambda$new$1(49)) - s0@group-DBBE7E7C6C61->s2: matchIndex: updateToMax old=2, new=-1, updated? false
2022-08-02 21:05:58,169 [grpc-default-executor-3] DEBUG leader.FollowerInfo (FollowerInfoImpl.java:lambda$new$1(49)) - s0@group-DBBE7E7C6C61->s1: commitIndex: updateToMax old=1, new=1, updated? false
2022-08-02 21:05:58,169 [grpc-default-executor-3] DEBUG leader.FollowerInfo (FollowerInfoImpl.java:lambda$new$1(49)) - s0@group-DBBE7E7C6C61->s1: matchIndex: updateToMax old=2, new=-1, updated? false
2022-08-02 21:05:58,170 [grpc-default-executor-0] DEBUG leader.FollowerInfo (FollowerInfoImpl.java:lambda$new$1(49)) - s0@group-DBBE7E7C6C61->s2: commitIndex: updateToMax old=1, new=1, updated? false
2022-08-02 21:05:58,170 [grpc-default-executor-0] DEBUG leader.FollowerInfo (FollowerInfoImpl.java:lambda$new$1(49)) - s0@group-DBBE7E7C6C61->s2: matchIndex: updateToMax old=2, new=-1, updated? false
2022-08-02 21:05:58,170 [grpc-default-executor-3] DEBUG leader.FollowerInfo (FollowerInfoImpl.java:lambda$new$1(49)) - s0@group-DBBE7E7C6C61->s1: commitIndex: updateToMax old=1, new=1, updated? false
2022-08-02 21:05:58,170 [grpc-default-executor-3] DEBUG leader.FollowerInfo (FollowerInfoImpl.java:lambda$new$1(49)) - s0@group-DBBE7E7C6C61->s1: matchIndex: updateToMax old=2, new=-1, updated? false
2022-08-02 21:05:58,170 [grpc-default-executor-3] DEBUG leader.FollowerInfo (FollowerInfoImpl.java:lambda$new$1(49)) - s0@group-DBBE7E7C6C61->s2: commitIndex: updateToMax old=1, new=1, updated? false
2022-08-02 21:05:58,170 [grpc-default-executor-3] DEBUG leader.FollowerInfo (FollowerInfoImpl.java:lambda$new$1(49)) - s0@group-DBBE7E7C6C61->s2: matchIndex: updateToMax old=2, new=-1, updated? false
2022-08-02 21:05:58,171 [grpc-default-executor-0] DEBUG leader.FollowerInfo (FollowerInfoImpl.java:lambda$new$1(49)) - s0@group-DBBE7E7C6C61->s2: commitIndex: updateToMax old=1, new=1, updated? false
2022-08-02 21:05:58,171 [grpc-default-executor-0] DEBUG leader.FollowerInfo (FollowerInfoImpl.java:lambda$new$1(49)) - s0@group-DBBE7E7C6C61->s2: matchIndex: updateToMax old=2, new=-1, updated? false
2022-08-02 21:05:58,175 [grpc-default-executor-3] DEBUG leader.FollowerInfo (FollowerInfoImpl.java:lambda$new$1(49)) - s0@group-DBBE7E7C6C61->s1: commitIndex: updateToMax old=1, new=1, updated? false
2022-08-02 21:05:58,175 [grpc-default-executor-3] DEBUG leader.FollowerInfo (FollowerInfoImpl.java:lambda$new$1(49)) - s0@group-DBBE7E7C6C61->s1: matchIndex: updateToMax old=2, new=-1, updated? false
2022-08-02 21:05:58,176 [grpc-default-executor-0] DEBUG leader.FollowerInfo (FollowerInfoImpl.java:lambda$new$1(49)) - s0@group-DBBE7E7C6C61->s2: commitIndex: updateToMax old=1, new=1, updated? false
2022-08-02 21:05:58,176 [grpc-default-executor-0] DEBUG leader.FollowerInfo (FollowerInfoImpl.java:lambda$new$1(49)) - s0@group-DBBE7E7C6C61->s2: matchIndex: updateToMax old=2, new=-1, updated? false
2022-08-02 21:05:58,177 [grpc-default-executor-3] DEBUG leader.FollowerInfo (FollowerInfoImpl.java:lambda$new$1(49)) - s0@group-DBBE7E7C6C61->s1: commitIndex: updateToMax old=1, new=1, updated? false
2022-08-02 21:05:58,177 [grpc-default-executor-3] DEBUG leader.FollowerInfo (FollowerInfoImpl.java:lambda$new$1(49)) - s0@group-DBBE7E7C6C61->s1: matchIndex: updateToMax old=2, new=-1, updated? false
2022-08-02 21:05:58,177 [grpc-default-executor-0] DEBUG leader.FollowerInfo (FollowerInfoImpl.java:lambda$new$1(49)) - s0@group-DBBE7E7C6C61->s2: commitIndex: updateToMax old=1, new=1, updated? false
2022-08-02 21:05:58,177 [grpc-default-executor-0] DEBUG leader.FollowerInfo (FollowerInfoImpl.java:lambda$new$1(49)) - s0@group-DBBE7E7C6C61->s2: matchIndex: updateToMax old=2, new=-1, updated? false
2022-08-02 21:05:58,178 [grpc-default-executor-3] DEBUG leader.FollowerInfo (FollowerInfoImpl.java:lambda$new$1(49)) - s0@group-DBBE7E7C6C61->s1: commitIndex: updateToMax old=1, new=1, updated? false
2022-08-02 21:05:58,178 [grpc-default-executor-3] DEBUG leader.FollowerInfo (FollowerInfoImpl.java:lambda$new$1(49)) - s0@group-DBBE7E7C6C61->s1: matchIndex: updateToMax old=2, new=-1, updated? false
2022-08-02 21:05:58,178 [grpc-default-executor-0] DEBUG leader.FollowerInfo (FollowerInfoImpl.java:lambda$new$1(49)) - s0@group-DBBE7E7C6C61->s2: commitIndex: updateToMax old=1, new=1, updated? false
2022-08-02 21:05:58,178 [grpc-default-executor-0] DEBUG leader.FollowerInfo (FollowerInfoImpl.java:lambda$new$1(49)) - s0@group-DBBE7E7C6C61->s2: matchIndex: updateToMax old=2, new=-1, updated? false
2022-08-02 21:05:58,179 [grpc-default-executor-3] DEBUG leader.FollowerInfo (FollowerInfoImpl.java:lambda$new$1(49)) - s0@group-DBBE7E7C6C61->s1: commitIndex: updateToMax old=1, new=1, updated? false
2022-08-02 21:05:58,179 [grpc-default-executor-3] DEBUG leader.FollowerInfo (FollowerInfoImpl.java:lambda$new$1(49)) - s0@group-DBBE7E7C6C61->s1: matchIndex: updateToMax old=2, new=-1, updated? false
2022-08-02 21:05:58,180 [grpc-default-executor-0] DEBUG leader.FollowerInfo (FollowerInfoImpl.java:lambda$new$1(49)) - s0@group-DBBE7E7C6C61->s2: commitIndex: updateToMax old=1, new=1, updated? false
2022-08-02 21:05:58,180 [grpc-default-executor-0] DEBUG leader.FollowerInfo (FollowerInfoImpl.java:lambda$new$1(49)) - s0@group-DBBE7E7C6C61->s2: matchIndex: updateToMax old=2, new=-1, updated? false
2022-08-02 21:05:58,180 [grpc-default-executor-3] DEBUG leader.FollowerInfo (FollowerInfoImpl.java:lambda$new$1(49)) - s0@group-DBBE7E7C6C61->s1: commitIndex: updateToMax old=1, new=1, updated? false
2022-08-02 21:05:58,180 [grpc-default-executor-3] DEBUG leader.FollowerInfo (FollowerInfoImpl.java:lambda$new$1(49)) - s0@group-DBBE7E7C6C61->s1: matchIndex: updateToMax old=2, new=-1, updated? false
2022-08-02 21:05:58,181 [grpc-default-executor-0] DEBUG leader.FollowerInfo (FollowerInfoImpl.java:lambda$new$1(49)) - s0@group-DBBE7E7C6C61->s2: commitIndex: updateToMax old=1, new=1, updated? false
2022-08-02 21:05:58,181 [grpc-default-executor-0] DEBUG leader.FollowerInfo (FollowerInfoImpl.java:lambda$new$1(49)) - s0@group-DBBE7E7C6C61->s2: matchIndex: updateToMax old=2, new=-1, updated? false
2022-08-02 21:05:58,182 [grpc-default-executor-3] DEBUG leader.FollowerInfo (FollowerInfoImpl.java:lambda$new$1(49)) - s0@group-DBBE7E7C6C61->s1: commitIndex: updateToMax old=1, new=1, updated? false
2022-08-02 21:05:58,182 [grpc-default-executor-3] DEBUG leader.FollowerInfo (FollowerInfoImpl.java:lambda$new$1(49)) - s0@group-DBBE7E7C6C61->s1: matchIndex: updateToMax old=2, new=-1, updated? false
2022-08-02 21:05:58,182 [grpc-default-executor-0] DEBUG leader.FollowerInfo (FollowerInfoImpl.java:lambda$new$1(49)) - s0@group-DBBE7E7C6C61->s2: commitIndex: updateToMax old=1, new=1, updated? false
2022-08-02 21:05:58,182 [grpc-default-executor-0] DEBUG leader.FollowerInfo (FollowerInfoImpl.java:lambda$new$1(49)) - s0@group-DBBE7E7C6C61->s2: matchIndex: updateToMax old=2, new=-1, updated? false
2022-08-02 21:05:58,183 [grpc-default-executor-3] DEBUG leader.FollowerInfo (FollowerInfoImpl.java:lambda$new$1(49)) - s0@group-DBBE7E7C6C61->s1: commitIndex: updateToMax old=1, new=1, updated? false
2022-08-02 21:05:58,183 [grpc-default-executor-3] DEBUG leader.FollowerInfo (FollowerInfoImpl.java:lambda$new$1(49)) - s0@group-DBBE7E7C6C61->s1: matchIndex: updateToMax old=2, new=-1, updated? false
2022-08-02 21:05:58,183 [grpc-default-executor-0] DEBUG leader.FollowerInfo (FollowerInfoImpl.java:lambda$new$1(49)) - s0@group-DBBE7E7C6C61->s2: commitIndex: updateToMax old=1, new=1, updated? false
2022-08-02 21:05:58,183 [grpc-default-executor-0] DEBUG leader.FollowerInfo (FollowerInfoImpl.java:lambda$new$1(49)) - s0@group-DBBE7E7C6C61->s2: matchIndex: updateToMax old=2, new=-1, updated? false
2022-08-02 21:05:58,184 [grpc-default-executor-3] DEBUG leader.FollowerInfo (FollowerInfoImpl.java:lambda$new$1(49)) - s0@group-DBBE7E7C6C61->s1: commitIndex: updateToMax old=1, new=1, updated? false
2022-08-02 21:05:58,184 [grpc-default-executor-3] DEBUG leader.FollowerInfo (FollowerInfoImpl.java:lambda$new$1(49)) - s0@group-DBBE7E7C6C61->s1: matchIndex: updateToMax old=2, new=-1, updated? false
2022-08-02 21:05:58,185 [grpc-default-executor-0] DEBUG leader.FollowerInfo (FollowerInfoImpl.java:lambda$new$1(49)) - s0@group-DBBE7E7C6C61->s2: commitIndex: updateToMax old=1, new=1, updated? false
2022-08-02 21:05:58,185 [grpc-default-executor-0] DEBUG leader.FollowerInfo (FollowerInfoImpl.java:lambda$new$1(49)) - s0@group-DBBE7E7C6C61->s2: matchIndex: updateToMax old=2, new=-1, updated? false
2022-08-02 21:05:58,185 [grpc-default-executor-3] DEBUG leader.FollowerInfo (FollowerInfoImpl.java:lambda$new$1(49)) - s0@group-DBBE7E7C6C61->s1: commitIndex: updateToMax old=1, new=1, updated? false
2022-08-02 21:05:58,185 [grpc-default-executor-3] DEBUG leader.FollowerInfo (FollowerInfoImpl.java:lambda$new$1(49)) - s0@group-DBBE7E7C6C61->s1: matchIndex: updateToMax old=2, new=-1, updated? false
2022-08-02 21:05:58,186 [grpc-default-executor-0] DEBUG leader.FollowerInfo (FollowerInfoImpl.java:lambda$new$1(49)) - s0@group-DBBE7E7C6C61->s2: commitIndex: updateToMax old=1, new=1, updated? false
2022-08-02 21:05:58,186 [grpc-default-executor-0] DEBUG leader.FollowerInfo (FollowerInfoImpl.java:lambda$new$1(49)) - s0@group-DBBE7E7C6C61->s2: matchIndex: updateToMax old=2, new=-1, updated? false
2022-08-02 21:05:58,186 [grpc-default-executor-3] DEBUG leader.FollowerInfo (FollowerInfoImpl.java:lambda$new$1(49)) - s0@group-DBBE7E7C6C61->s1: commitIndex: updateToMax old=1, new=1, updated? false
2022-08-02 21:05:58,187 [grpc-default-executor-3] DEBUG leader.FollowerInfo (FollowerInfoImpl.java:lambda$new$1(49)) - s0@group-DBBE7E7C6C61->s1: matchIndex: updateToMax old=2, new=-1, updated? false
2022-08-02 21:05:58,187 [grpc-default-executor-0] DEBUG leader.FollowerInfo (FollowerInfoImpl.java:lambda$new$1(49)) - s0@group-DBBE7E7C6C61->s2: commitIndex: updateToMax old=1, new=1, updated? false
2022-08-02 21:05:58,187 [grpc-default-executor-0] DEBUG leader.FollowerInfo (FollowerInfoImpl.java:lambda$new$1(49)) - s0@group-DBBE7E7C6C61->s2: matchIndex: updateToMax old=2, new=-1, updated? false
2022-08-02 21:05:58,188 [grpc-default-executor-3] DEBUG leader.FollowerInfo (FollowerInfoImpl.java:lambda$new$1(49)) - s0@group-DBBE7E7C6C61->s1: commitIndex: updateToMax old=1, new=1, updated? false
2022-08-02 21:05:58,188 [grpc-default-executor-3] DEBUG leader.FollowerInfo (FollowerInfoImpl.java:lambda$new$1(49)) - s0@group-DBBE7E7C6C61->s1: matchIndex: updateToMax old=2, new=-1, updated? false
2022-08-02 21:05:58,188 [grpc-default-executor-0] DEBUG leader.FollowerInfo (FollowerInfoImpl.java:lambda$new$1(49)) - s0@group-DBBE7E7C6C61->s2: commitIndex: updateToMax old=1, new=1, updated? false
2022-08-02 21:05:58,188 [grpc-default-executor-0] DEBUG leader.FollowerInfo (FollowerInfoImpl.java:lambda$new$1(49)) - s0@group-DBBE7E7C6C61->s2: matchIndex: updateToMax old=2, new=-1, updated? false
2022-08-02 21:05:58,189 [grpc-default-executor-3] DEBUG leader.FollowerInfo (FollowerInfoImpl.java:lambda$new$1(49)) - s0@group-DBBE7E7C6C61->s1: commitIndex: updateToMax old=1, new=1, updated? false
2022-08-02 21:05:58,189 [grpc-default-executor-3] DEBUG leader.FollowerInfo (FollowerInfoImpl.java:lambda$new$1(49)) - s0@group-DBBE7E7C6C61->s1: matchIndex: updateToMax old=2, new=-1, updated? false
2022-08-02 21:05:58,189 [grpc-default-executor-0] DEBUG leader.FollowerInfo (FollowerInfoImpl.java:lambda$new$1(49)) - s0@group-DBBE7E7C6C61->s2: commitIndex: updateToMax old=1, new=1, updated? false
2022-08-02 21:05:58,190 [grpc-default-executor-0] DEBUG leader.FollowerInfo (FollowerInfoImpl.java:lambda$new$1(49)) - s0@group-DBBE7E7C6C61->s2: matchIndex: updateToMax old=2, new=-1, updated? false
2022-08-02 21:05:58,190 [grpc-default-executor-3] DEBUG leader.FollowerInfo (FollowerInfoImpl.java:lambda$new$1(49)) - s0@group-DBBE7E7C6C61->s1: commitIndex: updateToMax old=1, new=1, updated? false
2022-08-02 21:05:58,190 [grpc-default-executor-3] DEBUG leader.FollowerInfo (FollowerInfoImpl.java:lambda$new$1(49)) - s0@group-DBBE7E7C6C61->s1: matchIndex: updateToMax old=2, new=-1, updated? false
2022-08-02 21:05:58,191 [grpc-default-executor-0] DEBUG leader.FollowerInfo (FollowerInfoImpl.java:lambda$new$1(49)) - s0@group-DBBE7E7C6C61->s2: commitIndex: updateToMax old=1, new=1, updated? false
2022-08-02 21:05:58,191 [grpc-default-executor-0] DEBUG leader.FollowerInfo (FollowerInfoImpl.java:lambda$new$1(49)) - s0@group-DBBE7E7C6C61->s2: matchIndex: updateToMax old=2, new=-1, updated? false
2022-08-02 21:05:58,191 [grpc-default-executor-3] DEBUG leader.FollowerInfo (FollowerInfoImpl.java:lambda$new$1(49)) - s0@group-DBBE7E7C6C61->s1: commitIndex: updateToMax old=1, new=1, updated? false
2022-08-02 21:05:58,191 [grpc-default-executor-3] DEBUG leader.FollowerInfo (FollowerInfoImpl.java:lambda$new$1(49)) - s0@group-DBBE7E7C6C61->s1: matchIndex: updateToMax old=2, new=-1, updated? false
2022-08-02 21:05:58,192 [grpc-default-executor-0] DEBUG leader.FollowerInfo (FollowerInfoImpl.java:lambda$new$1(49)) - s0@group-DBBE7E7C6C61->s2: commitIndex: updateToMax old=1, new=1, updated? false
2022-08-02 21:05:58,192 [grpc-default-executor-0] DEBUG leader.FollowerInfo (FollowerInfoImpl.java:lambda$new$1(49)) - s0@group-DBBE7E7C6C61->s2: matchIndex: updateToMax old=2, new=-1, updated? false
2022-08-02 21:05:58,193 [grpc-default-executor-3] DEBUG leader.FollowerInfo (FollowerInfoImpl.java:lambda$new$1(49)) - s0@group-DBBE7E7C6C61->s1: commitIndex: updateToMax old=1, new=1, updated? false
2022-08-02 21:05:58,193 [grpc-default-executor-3] DEBUG leader.FollowerInfo (FollowerInfoImpl.java:lambda$new$1(49)) - s0@group-DBBE7E7C6C61->s1: matchIndex: updateToMax old=2, new=-1, updated? false
2022-08-02 21:05:58,193 [grpc-default-executor-0] DEBUG leader.FollowerInfo (FollowerInfoImpl.java:lambda$new$1(49)) - s0@group-DBBE7E7C6C61->s2: commitIndex: updateToMax old=1, new=1, updated? false
2022-08-02 21:05:58,193 [grpc-default-executor-0] DEBUG leader.FollowerInfo (FollowerInfoImpl.java:lambda$new$1(49)) - s0@group-DBBE7E7C6C61->s2: matchIndex: updateToMax old=2, new=-1, updated? false
2022-08-02 21:05:58,194 [grpc-default-executor-3] DEBUG leader.FollowerInfo (FollowerInfoImpl.java:lambda$new$1(49)) - s0@group-DBBE7E7C6C61->s1: commitIndex: updateToMax old=1, new=1, updated? false
2022-08-02 21:05:58,194 [grpc-default-executor-3] DEBUG leader.FollowerInfo (FollowerInfoImpl.java:lambda$new$1(49)) - s0@group-DBBE7E7C6C61->s1: matchIndex: updateToMax old=2, new=-1, updated? false
2022-08-02 21:05:58,194 [grpc-default-executor-0] DEBUG leader.FollowerInfo (FollowerInfoImpl.java:lambda$new$1(49)) - s0@group-DBBE7E7C6C61->s2: commitIndex: updateToMax old=1, new=1, updated? false
2022-08-02 21:05:58,195 [grpc-default-executor-0] DEBUG leader.FollowerInfo (FollowerInfoImpl.java:lambda$new$1(49)) - s0@group-DBBE7E7C6C61->s2: matchIndex: updateToMax old=2, new=-1, updated? false
2022-08-02 21:05:58,195 [grpc-default-executor-3] DEBUG leader.FollowerInfo (FollowerInfoImpl.java:lambda$new$1(49)) - s0@group-DBBE7E7C6C61->s1: commitIndex: updateToMax old=1, new=1, updated? false
2022-08-02 21:05:58,195 [grpc-default-executor-3] DEBUG leader.FollowerInfo (FollowerInfoImpl.java:lambda$new$1(49)) - s0@group-DBBE7E7C6C61->s1: matchIndex: updateToMax old=2, new=-1, updated? false
2022-08-02 21:05:58,196 [grpc-default-executor-0] DEBUG leader.FollowerInfo (FollowerInfoImpl.java:lambda$new$1(49)) - s0@group-DBBE7E7C6C61->s2: commitIndex: updateToMax old=1, new=1, updated? false
2022-08-02 21:05:58,196 [grpc-default-executor-0] DEBUG leader.FollowerInfo (FollowerInfoImpl.java:lambda$new$1(49)) - s0@group-DBBE7E7C6C61->s2: matchIndex: updateToMax old=2, new=-1, updated? false
2022-08-02 21:05:58,196 [grpc-default-executor-3] DEBUG leader.FollowerInfo (FollowerInfoImpl.java:lambda$new$1(49)) - s0@group-DBBE7E7C6C61->s1: commitIndex: updateToMax old=1, new=1, updated? false
2022-08-02 21:05:58,196 [grpc-default-executor-3] DEBUG leader.FollowerInfo (FollowerInfoImpl.java:lambda$new$1(49)) - s0@group-DBBE7E7C6C61->s1: matchIndex: updateToMax old=2, new=-1, updated? false
2022-08-02 21:05:58,197 [grpc-default-executor-0] DEBUG leader.FollowerInfo (FollowerInfoImpl.java:lambda$new$1(49)) - s0@group-DBBE7E7C6C61->s2: commitIndex: updateToMax old=1, new=1, updated? false
2022-08-02 21:05:58,197 [grpc-default-executor-0] DEBUG leader.FollowerInfo (FollowerInfoImpl.java:lambda$new$1(49)) - s0@group-DBBE7E7C6C61->s2: matchIndex: updateToMax old=2, new=-1, updated? false
2022-08-02 21:05:58,197 [grpc-default-executor-3] DEBUG leader.FollowerInfo (FollowerInfoImpl.java:lambda$new$1(49)) - s0@group-DBBE7E7C6C61->s1: commitIndex: updateToMax old=1, new=1, updated? false
2022-08-02 21:05:58,198 [grpc-default-executor-3] DEBUG leader.FollowerInfo (FollowerInfoImpl.java:lambda$new$1(49)) - s0@group-DBBE7E7C6C61->s1: matchIndex: updateToMax old=2, new=-1, updated? false
2022-08-02 21:05:58,198 [grpc-default-executor-0] DEBUG leader.FollowerInfo (FollowerInfoImpl.java:lambda$new$1(49)) - s0@group-DBBE7E7C6C61->s2: commitIndex: updateToMax old=1, new=1, updated? false
2022-08-02 21:05:58,198 [grpc-default-executor-0] DEBUG leader.FollowerInfo (FollowerInfoImpl.java:lambda$new$1(49)) - s0@group-DBBE7E7C6C61->s2: matchIndex: updateToMax old=2, new=-1, updated? false
2022-08-02 21:05:58,199 [grpc-default-executor-3] DEBUG leader.FollowerInfo (FollowerInfoImpl.java:lambda$new$1(49)) - s0@group-DBBE7E7C6C61->s1: commitIndex: updateToMax old=1, new=1, updated? false
2022-08-02 21:05:58,199 [grpc-default-executor-3] DEBUG leader.FollowerInfo (FollowerInfoImpl.java:lambda$new$1(49)) - s0@group-DBBE7E7C6C61->s1: matchIndex: updateToMax old=2, new=-1, updated? false
2022-08-02 21:05:58,199 [grpc-default-executor-0] DEBUG leader.FollowerInfo (FollowerInfoImpl.java:lambda$new$1(49)) - s0@group-DBBE7E7C6C61->s2: commitIndex: updateToMax old=1, new=1, updated? false
2022-08-02 21:05:58,199 [grpc-default-executor-0] DEBUG leader.FollowerInfo (FollowerInfoImpl.java:lambda$new$1(49)) - s0@group-DBBE7E7C6C61->s2: matchIndex: updateToMax old=2, new=-1, updated? false
2022-08-02 21:05:58,200 [grpc-default-executor-3] DEBUG leader.FollowerInfo (FollowerInfoImpl.java:lambda$new$1(49)) - s0@group-DBBE7E7C6C61->s1: commitIndex: updateToMax old=1, new=1, updated? false
2022-08-02 21:05:58,200 [grpc-default-executor-3] DEBUG leader.FollowerInfo (FollowerInfoImpl.java:lambda$new$1(49)) - s0@group-DBBE7E7C6C61->s1: matchIndex: updateToMax old=2, new=-1, updated? false
2022-08-02 21:05:58,201 [grpc-default-executor-0] DEBUG leader.FollowerInfo (FollowerInfoImpl.java:lambda$new$1(49)) - s0@group-DBBE7E7C6C61->s2: commitIndex: updateToMax old=1, new=1, updated? false
2022-08-02 21:05:58,201 [grpc-default-executor-0] DEBUG leader.FollowerInfo (FollowerInfoImpl.java:lambda$new$1(49)) - s0@group-DBBE7E7C6C61->s2: matchIndex: updateToMax old=2, new=-1, updated? false
2022-08-02 21:05:58,201 [grpc-default-executor-3] DEBUG leader.FollowerInfo (FollowerInfoImpl.java:lambda$new$1(49)) - s0@group-DBBE7E7C6C61->s1: commitIndex: updateToMax old=1, new=1, updated? false
2022-08-02 21:05:58,201 [grpc-default-executor-3] DEBUG leader.FollowerInfo (FollowerInfoImpl.java:lambda$new$1(49)) - s0@group-DBBE7E7C6C61->s1: matchIndex: updateToMax old=2, new=-1, updated? false
2022-08-02 21:05:58,202 [grpc-default-executor-0] DEBUG leader.FollowerInfo (FollowerInfoImpl.java:lambda$new$1(49)) - s0@group-DBBE7E7C6C61->s2: commitIndex: updateToMax old=1, new=1, updated? false
2022-08-02 21:05:58,202 [grpc-default-executor-0] DEBUG leader.FollowerInfo (FollowerInfoImpl.java:lambda$new$1(49)) - s0@group-DBBE7E7C6C61->s2: matchIndex: updateToMax old=2, new=-1, updated? false
2022-08-02 21:05:58,202 [grpc-default-executor-3] DEBUG leader.FollowerInfo (FollowerInfoImpl.java:lambda$new$1(49)) - s0@group-DBBE7E7C6C61->s1: commitIndex: updateToMax old=1, new=1, updated? false
2022-08-02 21:05:58,203 [grpc-default-executor-3] DEBUG leader.FollowerInfo (FollowerInfoImpl.java:lambda$new$1(49)) - s0@group-DBBE7E7C6C61->s1: matchIndex: updateToMax old=2, new=-1, updated? false
2022-08-02 21:05:58,203 [grpc-default-executor-0] DEBUG leader.FollowerInfo (FollowerInfoImpl.java:lambda$new$1(49)) - s0@group-DBBE7E7C6C61->s2: commitIndex: updateToMax old=1, new=1, updated? false
2022-08-02 21:05:58,203 [grpc-default-executor-0] DEBUG leader.FollowerInfo (FollowerInfoImpl.java:lambda$new$1(49)) - s0@group-DBBE7E7C6C61->s2: matchIndex: updateToMax old=2, new=-1, updated? false
2022-08-02 21:05:58,204 [grpc-default-executor-3] DEBUG leader.FollowerInfo (FollowerInfoImpl.java:lambda$new$1(49)) - s0@group-DBBE7E7C6C61->s1: commitIndex: updateToMax old=1, new=1, updated? false
2022-08-02 21:05:58,204 [grpc-default-executor-3] DEBUG leader.FollowerInfo (FollowerInfoImpl.java:lambda$new$1(49)) - s0@group-DBBE7E7C6C61->s1: matchIndex: updateToMax old=2, new=-1, updated? false
2022-08-02 21:05:58,204 [grpc-default-executor-0] DEBUG leader.FollowerInfo (FollowerInfoImpl.java:lambda$new$1(49)) - s0@group-DBBE7E7C6C61->s2: commitIndex: updateToMax old=1, new=1, updated? false
2022-08-02 21:05:58,204 [grpc-default-executor-0] DEBUG leader.FollowerInfo (FollowerInfoImpl.java:lambda$new$1(49)) - s0@group-DBBE7E7C6C61->s2: matchIndex: updateToMax old=2, new=-1, updated? false
2022-08-02 21:05:58,205 [grpc-default-executor-3] DEBUG leader.FollowerInfo (FollowerInfoImpl.java:lambda$new$1(49)) - s0@group-DBBE7E7C6C61->s1: commitIndex: updateToMax old=1, new=1, updated? false
2022-08-02 21:05:58,205 [grpc-default-executor-3] DEBUG leader.FollowerInfo (FollowerInfoImpl.java:lambda$new$1(49)) - s0@group-DBBE7E7C6C61->s1: matchIndex: updateToMax old=2, new=-1, updated? false
2022-08-02 21:05:58,206 [grpc-default-executor-0] DEBUG leader.FollowerInfo (FollowerInfoImpl.java:lambda$new$1(49)) - s0@group-DBBE7E7C6C61->s2: commitIndex: updateToMax old=1, new=1, updated? false
2022-08-02 21:05:58,206 [grpc-default-executor-0] DEBUG leader.FollowerInfo (FollowerInfoImpl.java:lambda$new$1(49)) - s0@group-DBBE7E7C6C61->s2: matchIndex: updateToMax old=2, new=-1, updated? false
2022-08-02 21:05:58,206 [grpc-default-executor-3] DEBUG leader.FollowerInfo (FollowerInfoImpl.java:lambda$new$1(49)) - s0@group-DBBE7E7C6C61->s1: commitIndex: updateToMax old=1, new=1, updated? false
2022-08-02 21:05:58,206 [grpc-default-executor-3] DEBUG leader.FollowerInfo (FollowerInfoImpl.java:lambda$new$1(49)) - s0@group-DBBE7E7C6C61->s1: matchIndex: updateToMax old=2, new=-1, updated? false
2022-08-02 21:05:58,207 [grpc-default-executor-0] DEBUG leader.FollowerInfo (FollowerInfoImpl.java:lambda$new$1(49)) - s0@group-DBBE7E7C6C61->s2: commitIndex: updateToMax old=1, new=1, updated? false
2022-08-02 21:05:58,207 [grpc-default-executor-0] DEBUG leader.FollowerInfo (FollowerInfoImpl.java:lambda$new$1(49)) - s0@group-DBBE7E7C6C61->s2: matchIndex: updateToMax old=2, new=-1, updated? false
2022-08-02 21:05:58,207 [grpc-default-executor-3] DEBUG leader.FollowerInfo (FollowerInfoImpl.java:lambda$new$1(49)) - s0@group-DBBE7E7C6C61->s1: commitIndex: updateToMax old=1, new=1, updated? false
2022-08-02 21:05:58,207 [grpc-default-executor-3] DEBUG leader.FollowerInfo (FollowerInfoImpl.java:lambda$new$1(49)) - s0@group-DBBE7E7C6C61->s1: matchIndex: updateToMax old=2, new=-1, updated? false
2022-08-02 21:05:58,208 [grpc-default-executor-0] DEBUG leader.FollowerInfo (FollowerInfoImpl.java:lambda$new$1(49)) - s0@group-DBBE7E7C6C61->s2: commitIndex: updateToMax old=1, new=1, updated? false
2022-08-02 21:05:58,208 [grpc-default-executor-0] DEBUG leader.FollowerInfo (FollowerInfoImpl.java:lambda$new$1(49)) - s0@group-DBBE7E7C6C61->s2: matchIndex: updateToMax old=2, new=-1, updated? false
2022-08-02 21:05:58,209 [grpc-default-executor-3] DEBUG leader.FollowerInfo (FollowerInfoImpl.java:lambda$new$1(49)) - s0@group-DBBE7E7C6C61->s1: commitIndex: updateToMax old=1, new=1, updated? false
2022-08-02 21:05:58,209 [grpc-default-executor-3] DEBUG leader.FollowerInfo (FollowerInfoImpl.java:lambda$new$1(49)) - s0@group-DBBE7E7C6C61->s1: matchIndex: updateToMax old=2, new=-1, updated? false
2022-08-02 21:05:58,209 [grpc-default-executor-0] DEBUG leader.FollowerInfo (FollowerInfoImpl.java:lambda$new$1(49)) - s0@group-DBBE7E7C6C61->s2: commitIndex: updateToMax old=1, new=1, updated? false
2022-08-02 21:05:58,209 [grpc-default-executor-0] DEBUG leader.FollowerInfo (FollowerInfoImpl.java:lambda$new$1(49)) - s0@group-DBBE7E7C6C61->s2: matchIndex: updateToMax old=2, new=-1, updated? false
2022-08-02 21:05:58,210 [grpc-default-executor-3] DEBUG leader.FollowerInfo (FollowerInfoImpl.java:lambda$new$1(49)) - s0@group-DBBE7E7C6C61->s1: commitIndex: updateToMax old=1, new=1, updated? false
2022-08-02 21:05:58,210 [grpc-default-executor-3] DEBUG leader.FollowerInfo (FollowerInfoImpl.java:lambda$new$1(49)) - s0@group-DBBE7E7C6C61->s1: matchIndex: updateToMax old=2, new=-1, updated? false
2022-08-02 21:05:58,211 [grpc-default-executor-0] DEBUG leader.FollowerInfo (FollowerInfoImpl.java:lambda$new$1(49)) - s0@group-DBBE7E7C6C61->s2: commitIndex: updateToMax old=1, new=1, updated? false
2022-08-02 21:05:58,211 [grpc-default-executor-0] DEBUG leader.FollowerInfo (FollowerInfoImpl.java:lambda$new$1(49)) - s0@group-DBBE7E7C6C61->s2: matchIndex: updateToMax old=2, new=-1, updated? false
2022-08-02 21:05:58,211 [grpc-default-executor-3] DEBUG leader.FollowerInfo (FollowerInfoImpl.java:lambda$new$1(49)) - s0@group-DBBE7E7C6C61->s1: commitIndex: updateToMax old=1, new=1, updated? false
2022-08-02 21:05:58,211 [grpc-default-executor-3] DEBUG leader.FollowerInfo (FollowerInfoImpl.java:lambda$new$1(49)) - s0@group-DBBE7E7C6C61->s1: matchIndex: updateToMax old=2, new=-1, updated? false
2022-08-02 21:05:58,212 [grpc-default-executor-0] DEBUG leader.FollowerInfo (FollowerInfoImpl.java:lambda$new$1(49)) - s0@group-DBBE7E7C6C61->s2: commitIndex: updateToMax old=1, new=1, updated? false
2022-08-02 21:05:58,212 [grpc-default-executor-0] DEBUG leader.FollowerInfo (FollowerInfoImpl.java:lambda$new$1(49)) - s0@group-DBBE7E7C6C61->s2: matchIndex: updateToMax old=2, new=-1, updated? false
2022-08-02 21:05:58,213 [grpc-default-executor-3] DEBUG leader.FollowerInfo (FollowerInfoImpl.java:lambda$new$1(49)) - s0@group-DBBE7E7C6C61->s1: commitIndex: updateToMax old=1, new=1, updated? false
2022-08-02 21:05:58,213 [grpc-default-executor-3] DEBUG leader.FollowerInfo (FollowerInfoImpl.java:lambda$new$1(49)) - s0@group-DBBE7E7C6C61->s1: matchIndex: updateToMax old=2, new=-1, updated? false
2022-08-02 21:05:58,213 [grpc-default-executor-0] DEBUG leader.FollowerInfo (FollowerInfoImpl.java:lambda$new$1(49)) - s0@group-DBBE7E7C6C61->s2: commitIndex: updateToMax old=1, new=1, updated? false
2022-08-02 21:05:58,213 [grpc-default-executor-0] DEBUG leader.FollowerInfo (FollowerInfoImpl.java:lambda$new$1(49)) - s0@group-DBBE7E7C6C61->s2: matchIndex: updateToMax old=2, new=-1, updated? false
2022-08-02 21:05:58,214 [grpc-default-executor-3] DEBUG leader.FollowerInfo (FollowerInfoImpl.java:lambda$new$1(49)) - s0@group-DBBE7E7C6C61->s1: commitIndex: updateToMax old=1, new=1, updated? false
2022-08-02 21:05:58,214 [grpc-default-executor-3] DEBUG leader.FollowerInfo (FollowerInfoImpl.java:lambda$new$1(49)) - s0@group-DBBE7E7C6C61->s1: matchIndex: updateToMax old=2, new=-1, updated? false
2022-08-02 21:05:58,214 [grpc-default-executor-0] DEBUG leader.FollowerInfo (FollowerInfoImpl.java:lambda$new$1(49)) - s0@group-DBBE7E7C6C61->s2: commitIndex: updateToMax old=1, new=1, updated? false
2022-08-02 21:05:58,214 [grpc-default-executor-0] DEBUG leader.FollowerInfo (FollowerInfoImpl.java:lambda$new$1(49)) - s0@group-DBBE7E7C6C61->s2: matchIndex: updateToMax old=2, new=-1, updated? false
2022-08-02 21:05:58,215 [grpc-default-executor-3] DEBUG leader.FollowerInfo (FollowerInfoImpl.java:lambda$new$1(49)) - s0@group-DBBE7E7C6C61->s1: commitIndex: updateToMax old=1, new=1, updated? false
2022-08-02 21:05:58,215 [grpc-default-executor-3] DEBUG leader.FollowerInfo (FollowerInfoImpl.java:lambda$new$1(49)) - s0@group-DBBE7E7C6C61->s1: matchIndex: updateToMax old=2, new=-1, updated? false
2022-08-02 21:05:58,216 [grpc-default-executor-0] DEBUG leader.FollowerInfo (FollowerInfoImpl.java:lambda$new$1(49)) - s0@group-DBBE7E7C6C61->s2: commitIndex: updateToMax old=1, new=1, updated? false
2022-08-02 21:05:58,216 [grpc-default-executor-0] DEBUG leader.FollowerInfo (FollowerInfoImpl.java:lambda$new$1(49)) - s0@group-DBBE7E7C6C61->s2: matchIndex: updateToMax old=2, new=-1, updated? false
2022-08-02 21:05:58,216 [grpc-default-executor-3] DEBUG leader.FollowerInfo (FollowerInfoImpl.java:lambda$new$1(49)) - s0@group-DBBE7E7C6C61->s1: commitIndex: updateToMax old=1, new=1, updated? false
2022-08-02 21:05:58,216 [grpc-default-executor-3] DEBUG leader.FollowerInfo (FollowerInfoImpl.java:lambda$new$1(49)) - s0@group-DBBE7E7C6C61->s1: matchIndex: updateToMax old=2, new=-1, updated? false
2022-08-02 21:05:58,217 [grpc-default-executor-0] DEBUG leader.FollowerInfo (FollowerInfoImpl.java:lambda$new$1(49)) - s0@group-DBBE7E7C6C61->s2: commitIndex: updateToMax old=1, new=1, updated? false
2022-08-02 21:05:58,217 [grpc-default-executor-0] DEBUG leader.FollowerInfo (FollowerInfoImpl.java:lambda$new$1(49)) - s0@group-DBBE7E7C6C61->s2: matchIndex: updateToMax old=2, new=-1, updated? false
2022-08-02 21:05:58,218 [grpc-default-executor-3] DEBUG leader.FollowerInfo (FollowerInfoImpl.java:lambda$new$1(49)) - s0@group-DBBE7E7C6C61->s1: commitIndex: updateToMax old=1, new=1, updated? false
2022-08-02 21:05:58,218 [grpc-default-executor-3] DEBUG leader.FollowerInfo (FollowerInfoImpl.java:lambda$new$1(49)) - s0@group-DBBE7E7C6C61->s1: matchIndex: updateToMax old=2, new=-1, updated? false
2022-08-02 21:05:58,218 [grpc-default-executor-0] DEBUG leader.FollowerInfo (FollowerInfoImpl.java:lambda$new$1(49)) - s0@group-DBBE7E7C6C61->s2: commitIndex: updateToMax old=1, new=1, updated? false
2022-08-02 21:05:58,218 [grpc-default-executor-0] DEBUG leader.FollowerInfo (FollowerInfoImpl.java:lambda$new$1(49)) - s0@group-DBBE7E7C6C61->s2: matchIndex: updateToMax old=2, new=-1, updated? false
2022-08-02 21:05:58,219 [grpc-default-executor-3] DEBUG leader.FollowerInfo (FollowerInfoImpl.java:lambda$new$1(49)) - s0@group-DBBE7E7C6C61->s1: commitIndex: updateToMax old=1, new=1, updated? false
2022-08-02 21:05:58,219 [grpc-default-executor-3] DEBUG leader.FollowerInfo (FollowerInfoImpl.java:lambda$new$1(49)) - s0@group-DBBE7E7C6C61->s1: matchIndex: updateToMax old=2, new=-1, updated? false
2022-08-02 21:05:58,219 [grpc-default-executor-0] DEBUG leader.FollowerInfo (FollowerInfoImpl.java:lambda$new$1(49)) - s0@group-DBBE7E7C6C61->s2: commitIndex: updateToMax old=1, new=1, updated? false
2022-08-02 21:05:58,220 [grpc-default-executor-0] DEBUG leader.FollowerInfo (FollowerInfoImpl.java:lambda$new$1(49)) - s0@group-DBBE7E7C6C61->s2: matchIndex: updateToMax old=2, new=-1, updated? false
2022-08-02 21:05:58,220 [grpc-default-executor-3] DEBUG leader.FollowerInfo (FollowerInfoImpl.java:lambda$new$1(49)) - s0@group-DBBE7E7C6C61->s1: commitIndex: updateToMax old=1, new=1, updated? false
2022-08-02 21:05:58,220 [grpc-default-executor-3] DEBUG leader.FollowerInfo (FollowerInfoImpl.java:lambda$new$1(49)) - s0@group-DBBE7E7C6C61->s1: matchIndex: updateToMax old=2, new=-1, updated? false
2022-08-02 21:05:58,221 [grpc-default-executor-0] DEBUG leader.FollowerInfo (FollowerInfoImpl.java:lambda$new$1(49)) - s0@group-DBBE7E7C6C61->s2: commitIndex: updateToMax old=1, new=1, updated? false
2022-08-02 21:05:58,221 [grpc-default-executor-0] DEBUG leader.FollowerInfo (FollowerInfoImpl.java:lambda$new$1(49)) - s0@group-DBBE7E7C6C61->s2: matchIndex: updateToMax old=2, new=-1, updated? false
2022-08-02 21:05:58,221 [grpc-default-executor-3] DEBUG leader.FollowerInfo (FollowerInfoImpl.java:lambda$new$1(49)) - s0@group-DBBE7E7C6C61->s1: commitIndex: updateToMax old=1, new=1, updated? false
2022-08-02 21:05:58,221 [grpc-default-executor-3] DEBUG leader.FollowerInfo (FollowerInfoImpl.java:lambda$new$1(49)) - s0@group-DBBE7E7C6C61->s1: matchIndex: updateToMax old=2, new=-1, updated? false
2022-08-02 21:05:58,222 [grpc-default-executor-0] DEBUG leader.FollowerInfo (FollowerInfoImpl.java:lambda$new$1(49)) - s0@group-DBBE7E7C6C61->s2: commitIndex: updateToMax old=1, new=1, updated? false
2022-08-02 21:05:58,222 [grpc-default-executor-0] DEBUG leader.FollowerInfo (FollowerInfoImpl.java:lambda$new$1(49)) - s0@group-DBBE7E7C6C61->s2: matchIndex: updateToMax old=2, new=-1, updated? false
2022-08-02 21:05:58,223 [grpc-default-executor-3] DEBUG leader.FollowerInfo (FollowerInfoImpl.java:lambda$new$1(49)) - s0@group-DBBE7E7C6C61->s1: commitIndex: updateToMax old=1, new=1, updated? false
2022-08-02 21:05:58,223 [grpc-default-executor-3] DEBUG leader.FollowerInfo (FollowerInfoImpl.java:lambda$new$1(49)) - s0@group-DBBE7E7C6C61->s1: matchIndex: updateToMax old=2, new=-1, updated? false
2022-08-02 21:05:58,223 [grpc-default-executor-0] DEBUG leader.FollowerInfo (FollowerInfoImpl.java:lambda$new$1(49)) - s0@group-DBBE7E7C6C61->s2: commitIndex: updateToMax old=1, new=1, updated? false
2022-08-02 21:05:58,223 [grpc-default-executor-0] DEBUG leader.FollowerInfo (FollowerInfoImpl.java:lambda$new$1(49)) - s0@group-DBBE7E7C6C61->s2: matchIndex: updateToMax old=2, new=-1, updated? false
2022-08-02 21:05:58,224 [grpc-default-executor-3] DEBUG leader.FollowerInfo (FollowerInfoImpl.java:lambda$new$1(49)) - s0@group-DBBE7E7C6C61->s1: commitIndex: updateToMax old=1, new=1, updated? false
2022-08-02 21:05:58,224 [grpc-default-executor-3] DEBUG leader.FollowerInfo (FollowerInfoImpl.java:lambda$new$1(49)) - s0@group-DBBE7E7C6C61->s1: matchIndex: updateToMax old=2, new=-1, updated? false
2022-08-02 21:05:58,224 [grpc-default-executor-0] DEBUG leader.FollowerInfo (FollowerInfoImpl.java:lambda$new$1(49)) - s0@group-DBBE7E7C6C61->s2: commitIndex: updateToMax old=1, new=1, updated? false
2022-08-02 21:05:58,225 [grpc-default-executor-0] DEBUG leader.FollowerInfo (FollowerInfoImpl.java:lambda$new$1(49)) - s0@group-DBBE7E7C6C61->s2: matchIndex: updateToMax old=2, new=-1, updated? false
2022-08-02 21:05:58,225 [grpc-default-executor-3] DEBUG leader.FollowerInfo (FollowerInfoImpl.java:lambda$new$1(49)) - s0@group-DBBE7E7C6C61->s1: commitIndex: updateToMax old=1, new=1, updated? false
2022-08-02 21:05:58,225 [grpc-default-executor-3] DEBUG leader.FollowerInfo (FollowerInfoImpl.java:lambda$new$1(49)) - s0@group-DBBE7E7C6C61->s1: matchIndex: updateToMax old=2, new=-1, updated? false
2022-08-02 21:05:58,226 [grpc-default-executor-0] DEBUG leader.FollowerInfo (FollowerInfoImpl.java:lambda$new$1(49)) - s0@group-DBBE7E7C6C61->s2: commitIndex: updateToMax old=1, new=1, updated? false
2022-08-02 21:05:58,226 [grpc-default-executor-0] DEBUG leader.FollowerInfo (FollowerInfoImpl.java:lambda$new$1(49)) - s0@group-DBBE7E7C6C61->s2: matchIndex: updateToMax old=2, new=-1, updated? false
2022-08-02 21:05:58,227 [grpc-default-executor-3] DEBUG leader.FollowerInfo (FollowerInfoImpl.java:lambda$new$1(49)) - s0@group-DBBE7E7C6C61->s1: commitIndex: updateToMax old=1, new=1, updated? false
2022-08-02 21:05:58,227 [grpc-default-executor-3] DEBUG leader.FollowerInfo (FollowerInfoImpl.java:lambda$new$1(49)) - s0@group-DBBE7E7C6C61->s1: matchIndex: updateToMax old=2, new=-1, updated? false
2022-08-02 21:05:58,227 [grpc-default-executor-0] DEBUG leader.FollowerInfo (FollowerInfoImpl.java:lambda$new$1(49)) - s0@group-DBBE7E7C6C61->s2: commitIndex: updateToMax old=1, new=1, updated? false
2022-08-02 21:05:58,228 [grpc-default-executor-0] DEBUG leader.FollowerInfo (FollowerInfoImpl.java:lambda$new$1(49)) - s0@group-DBBE7E7C6C61->s2: matchIndex: updateToMax old=2, new=-1, updated? false
2022-08-02 21:05:58,228 [grpc-default-executor-3] DEBUG leader.FollowerInfo (FollowerInfoImpl.java:lambda$new$1(49)) - s0@group-DBBE7E7C6C61->s1: commitIndex: updateToMax old=1, new=1, updated? false
2022-08-02 21:05:58,228 [grpc-default-executor-3] DEBUG leader.FollowerInfo (FollowerInfoImpl.java:lambda$new$1(49)) - s0@group-DBBE7E7C6C61->s1: matchIndex: updateToMax old=2, new=-1, updated? false
2022-08-02 21:05:58,229 [grpc-default-executor-0] DEBUG leader.FollowerInfo (FollowerInfoImpl.java:lambda$new$1(49)) - s0@group-DBBE7E7C6C61->s2: commitIndex: updateToMax old=1, new=1, updated? false
2022-08-02 21:05:58,229 [grpc-default-executor-0] DEBUG leader.FollowerInfo (FollowerInfoImpl.java:lambda$new$1(49)) - s0@group-DBBE7E7C6C61->s2: matchIndex: updateToMax old=2, new=-1, updated? false
2022-08-02 21:05:58,229 [grpc-default-executor-3] DEBUG leader.FollowerInfo (FollowerInfoImpl.java:lambda$new$1(49)) - s0@group-DBBE7E7C6C61->s1: commitIndex: updateToMax old=1, new=1, updated? false
2022-08-02 21:05:58,230 [grpc-default-executor-3] DEBUG leader.FollowerInfo (FollowerInfoImpl.java:lambda$new$1(49)) - s0@group-DBBE7E7C6C61->s1: matchIndex: updateToMax old=2, new=-1, updated? false
2022-08-02 21:05:58,230 [grpc-default-executor-0] DEBUG leader.FollowerInfo (FollowerInfoImpl.java:lambda$new$1(49)) - s0@group-DBBE7E7C6C61->s2: commitIndex: updateToMax old=1, new=1, updated? false
2022-08-02 21:05:58,230 [grpc-default-executor-0] DEBUG leader.FollowerInfo (FollowerInfoImpl.java:lambda$new$1(49)) - s0@group-DBBE7E7C6C61->s2: matchIndex: updateToMax old=2, new=-1, updated? false
2022-08-02 21:05:58,231 [grpc-default-executor-3] DEBUG leader.FollowerInfo (FollowerInfoImpl.java:lambda$new$1(49)) - s0@group-DBBE7E7C6C61->s1: commitIndex: updateToMax old=1, new=1, updated? false
2022-08-02 21:05:58,231 [grpc-default-executor-3] DEBUG leader.FollowerInfo (FollowerInfoImpl.java:lambda$new$1(49)) - s0@group-DBBE7E7C6C61->s1: matchIndex: updateToMax old=2, new=-1, updated? false
2022-08-02 21:05:58,231 [grpc-default-executor-0] DEBUG leader.FollowerInfo (FollowerInfoImpl.java:lambda$new$1(49)) - s0@group-DBBE7E7C6C61->s2: commitIndex: updateToMax old=1, new=1, updated? false
2022-08-02 21:05:58,231 [grpc-default-executor-0] DEBUG leader.FollowerInfo (FollowerInfoImpl.java:lambda$new$1(49)) - s0@group-DBBE7E7C6C61->s2: matchIndex: updateToMax old=2, new=-1, updated? false
2022-08-02 21:05:58,232 [grpc-default-executor-3] DEBUG leader.FollowerInfo (FollowerInfoImpl.java:lambda$new$1(49)) - s0@group-DBBE7E7C6C61->s1: commitIndex: updateToMax old=1, new=1, updated? false
2022-08-02 21:05:58,232 [grpc-default-executor-3] DEBUG leader.FollowerInfo (FollowerInfoImpl.java:lambda$new$1(49)) - s0@group-DBBE7E7C6C61->s1: matchIndex: updateToMax old=2, new=-1, updated? false
2022-08-02 21:05:58,233 [grpc-default-executor-0] DEBUG leader.FollowerInfo (FollowerInfoImpl.java:lambda$new$1(49)) - s0@group-DBBE7E7C6C61->s2: commitIndex: updateToMax old=1, new=1, updated? false
2022-08-02 21:05:58,233 [grpc-default-executor-0] DEBUG leader.FollowerInfo (FollowerInfoImpl.java:lambda$new$1(49)) - s0@group-DBBE7E7C6C61->s2: matchIndex: updateToMax old=2, new=-1, updated? false
2022-08-02 21:05:58,233 [grpc-default-executor-3] DEBUG leader.FollowerInfo (FollowerInfoImpl.java:lambda$new$1(49)) - s0@group-DBBE7E7C6C61->s1: commitIndex: updateToMax old=1, new=1, updated? false
2022-08-02 21:05:58,233 [grpc-default-executor-3] DEBUG leader.FollowerInfo (FollowerInfoImpl.java:lambda$new$1(49)) - s0@group-DBBE7E7C6C61->s1: matchIndex: updateToMax old=2, new=-1, updated? false
2022-08-02 21:05:58,234 [grpc-default-executor-0] DEBUG leader.FollowerInfo (FollowerInfoImpl.java:lambda$new$1(49)) - s0@group-DBBE7E7C6C61->s2: commitIndex: updateToMax old=1, new=1, updated? false
2022-08-02 21:05:58,234 [grpc-default-executor-0] DEBUG leader.FollowerInfo (FollowerInfoImpl.java:lambda$new$1(49)) - s0@group-DBBE7E7C6C61->s2: matchIndex: updateToMax old=2, new=-1, updated? false
2022-08-02 21:05:58,234 [grpc-default-executor-3] DEBUG leader.FollowerInfo (FollowerInfoImpl.java:lambda$new$1(49)) - s0@group-DBBE7E7C6C61->s1: commitIndex: updateToMax old=1, new=1, updated? false
2022-08-02 21:05:58,234 [grpc-default-executor-3] DEBUG leader.FollowerInfo (FollowerInfoImpl.java:lambda$new$1(49)) - s0@group-DBBE7E7C6C61->s1: matchIndex: updateToMax old=2, new=-1, updated? false
2022-08-02 21:05:58,235 [grpc-default-executor-0] DEBUG leader.FollowerInfo (FollowerInfoImpl.java:lambda$new$1(49)) - s0@group-DBBE7E7C6C61->s2: commitIndex: updateToMax old=1, new=1, updated? false
2022-08-02 21:05:58,235 [grpc-default-executor-0] DEBUG leader.FollowerInfo (FollowerInfoImpl.java:lambda$new$1(49)) - s0@group-DBBE7E7C6C61->s2: matchIndex: updateToMax old=2, new=-1, updated? false
2022-08-02 21:05:58,236 [grpc-default-executor-3] DEBUG leader.FollowerInfo (FollowerInfoImpl.java:lambda$new$1(49)) - s0@group-DBBE7E7C6C61->s1: commitIndex: updateToMax old=1, new=1, updated? false
2022-08-02 21:05:58,236 [grpc-default-executor-3] DEBUG leader.FollowerInfo (FollowerInfoImpl.java:lambda$new$1(49)) - s0@group-DBBE7E7C6C61->s1: matchIndex: updateToMax old=2, new=-1, updated? false
2022-08-02 21:05:58,236 [grpc-default-executor-0] DEBUG leader.FollowerInfo (FollowerInfoImpl.java:lambda$new$1(49)) - s0@group-DBBE7E7C6C61->s2: commitIndex: updateToMax old=1, new=1, updated? false
2022-08-02 21:05:58,236 [grpc-default-executor-0] DEBUG leader.FollowerInfo (FollowerInfoImpl.java:lambda$new$1(49)) - s0@group-DBBE7E7C6C61->s2: matchIndex: updateToMax old=2, new=-1, updated? false
2022-08-02 21:05:58,237 [grpc-default-executor-3] DEBUG leader.FollowerInfo (FollowerInfoImpl.java:lambda$new$1(49)) - s0@group-DBBE7E7C6C61->s1: commitIndex: updateToMax old=1, new=1, updated? false
2022-08-02 21:05:58,237 [grpc-default-executor-3] DEBUG leader.FollowerInfo (FollowerInfoImpl.java:lambda$new$1(49)) - s0@group-DBBE7E7C6C61->s1: matchIndex: updateToMax old=2, new=-1, updated? false
2022-08-02 21:05:58,237 [grpc-default-executor-0] DEBUG leader.FollowerInfo (FollowerInfoImpl.java:lambda$new$1(49)) - s0@group-DBBE7E7C6C61->s2: commitIndex: updateToMax old=1, new=1, updated? false
2022-08-02 21:05:58,238 [grpc-default-executor-0] DEBUG leader.FollowerInfo (FollowerInfoImpl.java:lambda$new$1(49)) - s0@group-DBBE7E7C6C61->s2: matchIndex: updateToMax old=2, new=-1, updated? false
2022-08-02 21:05:58,238 [grpc-default-executor-3] DEBUG leader.FollowerInfo (FollowerInfoImpl.java:lambda$new$1(49)) - s0@group-DBBE7E7C6C61->s1: commitIndex: updateToMax old=1, new=1, updated? false
2022-08-02 21:05:58,238 [grpc-default-executor-3] DEBUG leader.FollowerInfo (FollowerInfoImpl.java:lambda$new$1(49)) - s0@group-DBBE7E7C6C61->s1: matchIndex: updateToMax old=2, new=-1, updated? false
2022-08-02 21:05:58,239 [grpc-default-executor-0] DEBUG leader.FollowerInfo (FollowerInfoImpl.java:lambda$new$1(49)) - s0@group-DBBE7E7C6C61->s2: commitIndex: updateToMax old=1, new=1, updated? false
2022-08-02 21:05:58,239 [grpc-default-executor-0] DEBUG leader.FollowerInfo (FollowerInfoImpl.java:lambda$new$1(49)) - s0@group-DBBE7E7C6C61->s2: matchIndex: updateToMax old=2, new=-1, updated? false
2022-08-02 21:05:58,239 [grpc-default-executor-3] DEBUG leader.FollowerInfo (FollowerInfoImpl.java:lambda$new$1(49)) - s0@group-DBBE7E7C6C61->s1: commitIndex: updateToMax old=1, new=1, updated? false
2022-08-02 21:05:58,239 [grpc-default-executor-3] DEBUG leader.FollowerInfo (FollowerInfoImpl.java:lambda$new$1(49)) - s0@group-DBBE7E7C6C61->s1: matchIndex: updateToMax old=2, new=-1, updated? false
2022-08-02 21:05:58,240 [grpc-default-executor-0] DEBUG leader.FollowerInfo (FollowerInfoImpl.java:lambda$new$1(49)) - s0@group-DBBE7E7C6C61->s2: commitIndex: updateToMax old=1, new=1, updated? false
2022-08-02 21:05:58,240 [grpc-default-executor-0] DEBUG leader.FollowerInfo (FollowerInfoImpl.java:lambda$new$1(49)) - s0@group-DBBE7E7C6C61->s2: matchIndex: updateToMax old=2, new=-1, updated? false
2022-08-02 21:05:58,241 [grpc-default-executor-3] DEBUG leader.FollowerInfo (FollowerInfoImpl.java:lambda$new$1(49)) - s0@group-DBBE7E7C6C61->s1: commitIndex: updateToMax old=1, new=1, updated? false
2022-08-02 21:05:58,241 [grpc-default-executor-3] DEBUG leader.FollowerInfo (FollowerInfoImpl.java:lambda$new$1(49)) - s0@group-DBBE7E7C6C61->s1: matchIndex: updateToMax old=2, new=-1, updated? false
2022-08-02 21:05:58,241 [grpc-default-executor-0] DEBUG leader.FollowerInfo (FollowerInfoImpl.java:lambda$new$1(49)) - s0@group-DBBE7E7C6C61->s2: commitIndex: updateToMax old=1, new=1, updated? false
2022-08-02 21:05:58,241 [grpc-default-executor-0] DEBUG leader.FollowerInfo (FollowerInfoImpl.java:lambda$new$1(49)) - s0@group-DBBE7E7C6C61->s2: matchIndex: updateToMax old=2, new=-1, updated? false
2022-08-02 21:05:58,242 [grpc-default-executor-3] DEBUG leader.FollowerInfo (FollowerInfoImpl.java:lambda$new$1(49)) - s0@group-DBBE7E7C6C61->s1: commitIndex: updateToMax old=1, new=1, updated? false
2022-08-02 21:05:58,242 [grpc-default-executor-3] DEBUG leader.FollowerInfo (FollowerInfoImpl.java:lambda$new$1(49)) - s0@group-DBBE7E7C6C61->s1: matchIndex: updateToMax old=2, new=-1, updated? false
2022-08-02 21:05:58,242 [grpc-default-executor-0] DEBUG leader.FollowerInfo (FollowerInfoImpl.java:lambda$new$1(49)) - s0@group-DBBE7E7C6C61->s2: commitIndex: updateToMax old=1, new=1, updated? false
2022-08-02 21:05:58,242 [grpc-default-executor-0] DEBUG leader.FollowerInfo (FollowerInfoImpl.java:lambda$new$1(49)) - s0@group-DBBE7E7C6C61->s2: matchIndex: updateToMax old=2, new=-1, updated? false
2022-08-02 21:05:58,243 [grpc-default-executor-3] DEBUG leader.FollowerInfo (FollowerInfoImpl.java:lambda$new$1(49)) - s0@group-DBBE7E7C6C61->s1: commitIndex: updateToMax old=1, new=1, updated? false
2022-08-02 21:05:58,243 [grpc-default-executor-3] DEBUG leader.FollowerInfo (FollowerInfoImpl.java:lambda$new$1(49)) - s0@group-DBBE7E7C6C61->s1: matchIndex: updateToMax old=2, new=-1, updated? false
2022-08-02 21:05:58,244 [grpc-default-executor-0] DEBUG leader.FollowerInfo (FollowerInfoImpl.java:lambda$new$1(49)) - s0@group-DBBE7E7C6C61->s2: commitIndex: updateToMax old=1, new=1, updated? false
2022-08-02 21:05:58,244 [grpc-default-executor-0] DEBUG leader.FollowerInfo (FollowerInfoImpl.java:lambda$new$1(49)) - s0@group-DBBE7E7C6C61->s2: matchIndex: updateToMax old=2, new=-1, updated? false
2022-08-02 21:05:58,244 [grpc-default-executor-3] DEBUG leader.FollowerInfo (FollowerInfoImpl.java:lambda$new$1(49)) - s0@group-DBBE7E7C6C61->s1: commitIndex: updateToMax old=1, new=1, updated? false
2022-08-02 21:05:58,244 [grpc-default-executor-3] DEBUG leader.FollowerInfo (FollowerInfoImpl.java:lambda$new$1(49)) - s0@group-DBBE7E7C6C61->s1: matchIndex: updateToMax old=2, new=-1, updated? false
2022-08-02 21:05:58,245 [grpc-default-executor-0] DEBUG leader.FollowerInfo (FollowerInfoImpl.java:lambda$new$1(49)) - s0@group-DBBE7E7C6C61->s2: commitIndex: updateToMax old=1, new=1, updated? false
2022-08-02 21:05:58,245 [grpc-default-executor-0] DEBUG leader.FollowerInfo (FollowerInfoImpl.java:lambda$new$1(49)) - s0@group-DBBE7E7C6C61->s2: matchIndex: updateToMax old=2, new=-1, updated? false
2022-08-02 21:05:58,245 [grpc-default-executor-3] DEBUG leader.FollowerInfo (FollowerInfoImpl.java:lambda$new$1(49)) - s0@group-DBBE7E7C6C61->s1: commitIndex: updateToMax old=1, new=1, updated? false
2022-08-02 21:05:58,246 [grpc-default-executor-3] DEBUG leader.FollowerInfo (FollowerInfoImpl.java:lambda$new$1(49)) - s0@group-DBBE7E7C6C61->s1: matchIndex: updateToMax old=2, new=-1, updated? false
2022-08-02 21:05:58,246 [grpc-default-executor-0] DEBUG leader.FollowerInfo (FollowerInfoImpl.java:lambda$new$1(49)) - s0@group-DBBE7E7C6C61->s2: commitIndex: updateToMax old=1, new=1, updated? false
2022-08-02 21:05:58,246 [grpc-default-executor-0] DEBUG leader.FollowerInfo (FollowerInfoImpl.java:lambda$new$1(49)) - s0@group-DBBE7E7C6C61->s2: matchIndex: updateToMax old=2, new=-1, updated? false
2022-08-02 21:05:58,247 [grpc-default-executor-3] DEBUG leader.FollowerInfo (FollowerInfoImpl.java:lambda$new$1(49)) - s0@group-DBBE7E7C6C61->s1: commitIndex: updateToMax old=1, new=1, updated? false
2022-08-02 21:05:58,247 [grpc-default-executor-3] DEBUG leader.FollowerInfo (FollowerInfoImpl.java:lambda$new$1(49)) - s0@group-DBBE7E7C6C61->s1: matchIndex: updateToMax old=2, new=-1, updated? false
2022-08-02 21:05:58,247 [grpc-default-executor-0] DEBUG leader.FollowerInfo (FollowerInfoImpl.java:lambda$new$1(49)) - s0@group-DBBE7E7C6C61->s2: commitIndex: updateToMax old=1, new=1, updated? false
2022-08-02 21:05:58,247 [grpc-default-executor-0] DEBUG leader.FollowerInfo (FollowerInfoImpl.java:lambda$new$1(49)) - s0@group-DBBE7E7C6C61->s2: matchIndex: updateToMax old=2, new=-1, updated? false
2022-08-02 21:05:58,248 [grpc-default-executor-3] DEBUG leader.FollowerInfo (FollowerInfoImpl.java:lambda$new$1(49)) - s0@group-DBBE7E7C6C61->s1: commitIndex: updateToMax old=1, new=1, updated? false
2022-08-02 21:05:58,248 [grpc-default-executor-3] DEBUG leader.FollowerInfo (FollowerInfoImpl.java:lambda$new$1(49)) - s0@group-DBBE7E7C6C61->s1: matchIndex: updateToMax old=2, new=-1, updated? false
2022-08-02 21:05:58,249 [grpc-default-executor-0] DEBUG leader.FollowerInfo (FollowerInfoImpl.java:lambda$new$1(49)) - s0@group-DBBE7E7C6C61->s2: commitIndex: updateToMax old=1, new=1, updated? false
2022-08-02 21:05:58,249 [grpc-default-executor-0] DEBUG leader.FollowerInfo (FollowerInfoImpl.java:lambda$new$1(49)) - s0@group-DBBE7E7C6C61->s2: matchIndex: updateToMax old=2, new=-1, updated? false
2022-08-02 21:05:58,249 [grpc-default-executor-3] DEBUG leader.FollowerInfo (FollowerInfoImpl.java:lambda$new$1(49)) - s0@group-DBBE7E7C6C61->s1: commitIndex: updateToMax old=1, new=1, updated? false
2022-08-02 21:05:58,249 [grpc-default-executor-3] DEBUG leader.FollowerInfo (FollowerInfoImpl.java:lambda$new$1(49)) - s0@group-DBBE7E7C6C61->s1: matchIndex: updateToMax old=2, new=-1, updated? false
2022-08-02 21:05:58,250 [grpc-default-executor-0] DEBUG leader.FollowerInfo (FollowerInfoImpl.java:lambda$new$1(49)) - s0@group-DBBE7E7C6C61->s2: commitIndex: updateToMax old=1, new=1, updated? false
2022-08-02 21:05:58,250 [grpc-default-executor-0] DEBUG leader.FollowerInfo (FollowerInfoImpl.java:lambda$new$1(49)) - s0@group-DBBE7E7C6C61->s2: matchIndex: updateToMax old=2, new=-1, updated? false
2022-08-02 21:05:58,250 [grpc-default-executor-3] DEBUG leader.FollowerInfo (FollowerInfoImpl.java:lambda$new$1(49)) - s0@group-DBBE7E7C6C61->s1: commitIndex: updateToMax old=1, new=1, updated? false
2022-08-02 21:05:58,251 [grpc-default-executor-3] DEBUG leader.FollowerInfo (FollowerInfoImpl.java:lambda$new$1(49)) - s0@group-DBBE7E7C6C61->s1: matchIndex: updateToMax old=2, new=-1, updated? false
2022-08-02 21:05:58,251 [grpc-default-executor-0] DEBUG leader.FollowerInfo (FollowerInfoImpl.java:lambda$new$1(49)) - s0@group-DBBE7E7C6C61->s2: commitIndex: updateToMax old=1, new=1, updated? false
2022-08-02 21:05:58,251 [grpc-default-executor-0] DEBUG leader.FollowerInfo (FollowerInfoImpl.java:lambda$new$1(49)) - s0@group-DBBE7E7C6C61->s2: matchIndex: updateToMax old=2, new=-1, updated? false
2022-08-02 21:05:58,252 [grpc-default-executor-3] DEBUG leader.FollowerInfo (FollowerInfoImpl.java:lambda$new$1(49)) - s0@group-DBBE7E7C6C61->s1: commitIndex: updateToMax old=1, new=1, updated? false
2022-08-02 21:05:58,252 [grpc-default-executor-3] DEBUG leader.FollowerInfo (FollowerInfoImpl.java:lambda$new$1(49)) - s0@group-DBBE7E7C6C61->s1: matchIndex: updateToMax old=2, new=-1, updated? false
2022-08-02 21:05:58,252 [grpc-default-executor-0] DEBUG leader.FollowerInfo (FollowerInfoImpl.java:lambda$new$1(49)) - s0@group-DBBE7E7C6C61->s2: commitIndex: updateToMax old=1, new=1, updated? false
2022-08-02 21:05:58,252 [grpc-default-executor-0] DEBUG leader.FollowerInfo (FollowerInfoImpl.java:lambda$new$1(49)) - s0@group-DBBE7E7C6C61->s2: matchIndex: updateToMax old=2, new=-1, updated? false
2022-08-02 21:05:58,253 [grpc-default-executor-3] DEBUG leader.FollowerInfo (FollowerInfoImpl.java:lambda$new$1(49)) - s0@group-DBBE7E7C6C61->s1: commitIndex: updateToMax old=1, new=1, updated? false
2022-08-02 21:05:58,253 [grpc-default-executor-3] DEBUG leader.FollowerInfo (FollowerInfoImpl.java:lambda$new$1(49)) - s0@group-DBBE7E7C6C61->s1: matchIndex: updateToMax old=2, new=-1, updated? false
2022-08-02 21:05:58,254 [grpc-default-executor-0] DEBUG leader.FollowerInfo (FollowerInfoImpl.java:lambda$new$1(49)) - s0@group-DBBE7E7C6C61->s2: commitIndex: updateToMax old=1, new=1, updated? false
2022-08-02 21:05:58,254 [grpc-default-executor-0] DEBUG leader.FollowerInfo (FollowerInfoImpl.java:lambda$new$1(49)) - s0@group-DBBE7E7C6C61->s2: matchIndex: updateToMax old=2, new=-1, updated? false
2022-08-02 21:05:58,254 [grpc-default-executor-3] DEBUG leader.FollowerInfo (FollowerInfoImpl.java:lambda$new$1(49)) - s0@group-DBBE7E7C6C61->s1: commitIndex: updateToMax old=1, new=1, updated? false
2022-08-02 21:05:58,254 [grpc-default-executor-3] DEBUG leader.FollowerInfo (FollowerInfoImpl.java:lambda$new$1(49)) - s0@group-DBBE7E7C6C61->s1: matchIndex: updateToMax old=2, new=-1, updated? false
2022-08-02 21:05:58,255 [grpc-default-executor-0] DEBUG leader.FollowerInfo (FollowerInfoImpl.java:lambda$new$1(49)) - s0@group-DBBE7E7C6C61->s2: commitIndex: updateToMax old=1, new=1, updated? false
2022-08-02 21:05:58,255 [grpc-default-executor-0] DEBUG leader.FollowerInfo (FollowerInfoImpl.java:lambda$new$1(49)) - s0@group-DBBE7E7C6C61->s2: matchIndex: updateToMax old=2, new=-1, updated? false
2022-08-02 21:05:58,256 [grpc-default-executor-3] DEBUG leader.FollowerInfo (FollowerInfoImpl.java:lambda$new$1(49)) - s0@group-DBBE7E7C6C61->s1: commitIndex: updateToMax old=1, new=1, updated? false
2022-08-02 21:05:58,256 [grpc-default-executor-3] DEBUG leader.FollowerInfo (FollowerInfoImpl.java:lambda$new$1(49)) - s0@group-DBBE7E7C6C61->s1: matchIndex: updateToMax old=2, new=-1, updated? false
2022-08-02 21:05:58,256 [grpc-default-executor-0] DEBUG leader.FollowerInfo (FollowerInfoImpl.java:lambda$new$1(49)) - s0@group-DBBE7E7C6C61->s2: commitIndex: updateToMax old=1, new=1, updated? false
2022-08-02 21:05:58,256 [grpc-default-executor-0] DEBUG leader.FollowerInfo (FollowerInfoImpl.java:lambda$new$1(49)) - s0@group-DBBE7E7C6C61->s2: matchIndex: updateToMax old=2, new=-1, updated? false
2022-08-02 21:05:58,257 [grpc-default-executor-3] DEBUG leader.FollowerInfo (FollowerInfoImpl.java:lambda$new$1(49)) - s0@group-DBBE7E7C6C61->s1: commitIndex: updateToMax old=1, new=1, updated? false
2022-08-02 21:05:58,257 [grpc-default-executor-3] DEBUG leader.FollowerInfo (FollowerInfoImpl.java:lambda$new$1(49)) - s0@group-DBBE7E7C6C61->s1: matchIndex: updateToMax old=2, new=-1, updated? false
2022-08-02 21:05:58,258 [grpc-default-executor-0] DEBUG leader.FollowerInfo (FollowerInfoImpl.java:lambda$new$1(49)) - s0@group-DBBE7E7C6C61->s2: commitIndex: updateToMax old=1, new=1, updated? false
2022-08-02 21:05:58,258 [grpc-default-executor-0] DEBUG leader.FollowerInfo (FollowerInfoImpl.java:lambda$new$1(49)) - s0@group-DBBE7E7C6C61->s2: matchIndex: updateToMax old=2, new=-1, updated? false
2022-08-02 21:05:58,258 [grpc-default-executor-3] DEBUG leader.FollowerInfo (FollowerInfoImpl.java:lambda$new$1(49)) - s0@group-DBBE7E7C6C61->s1: commitIndex: updateToMax old=1, new=1, updated? false
2022-08-02 21:05:58,258 [grpc-default-executor-3] DEBUG leader.FollowerInfo (FollowerInfoImpl.java:lambda$new$1(49)) - s0@group-DBBE7E7C6C61->s1: matchIndex: updateToMax old=2, new=-1, updated? false
2022-08-02 21:05:58,259 [grpc-default-executor-0] DEBUG leader.FollowerInfo (FollowerInfoImpl.java:lambda$new$1(49)) - s0@group-DBBE7E7C6C61->s2: commitIndex: updateToMax old=1, new=1, updated? false
2022-08-02 21:05:58,259 [grpc-default-executor-0] DEBUG leader.FollowerInfo (FollowerInfoImpl.java:lambda$new$1(49)) - s0@group-DBBE7E7C6C61->s2: matchIndex: updateToMax old=2, new=-1, updated? false
2022-08-02 21:05:58,260 [grpc-default-executor-3] DEBUG leader.FollowerInfo (FollowerInfoImpl.java:lambda$new$1(49)) - s0@group-DBBE7E7C6C61->s1: commitIndex: updateToMax old=1, new=1, updated? false
2022-08-02 21:05:58,260 [grpc-default-executor-3] DEBUG leader.FollowerInfo (FollowerInfoImpl.java:lambda$new$1(49)) - s0@group-DBBE7E7C6C61->s1: matchIndex: updateToMax old=2, new=-1, updated? false
2022-08-02 21:05:58,260 [grpc-default-executor-0] DEBUG leader.FollowerInfo (FollowerInfoImpl.java:lambda$new$1(49)) - s0@group-DBBE7E7C6C61->s2: commitIndex: updateToMax old=1, new=1, updated? false
2022-08-02 21:05:58,260 [grpc-default-executor-0] DEBUG leader.FollowerInfo (FollowerInfoImpl.java:lambda$new$1(49)) - s0@group-DBBE7E7C6C61->s2: matchIndex: updateToMax old=2, new=-1, updated? false
2022-08-02 21:05:58,261 [grpc-default-executor-3] DEBUG leader.FollowerInfo (FollowerInfoImpl.java:lambda$new$1(49)) - s0@group-DBBE7E7C6C61->s1: commitIndex: updateToMax old=1, new=1, updated? false
2022-08-02 21:05:58,261 [grpc-default-executor-3] DEBUG leader.FollowerInfo (FollowerInfoImpl.java:lambda$new$1(49)) - s0@group-DBBE7E7C6C61->s1: matchIndex: updateToMax old=2, new=-1, updated? false
2022-08-02 21:05:58,261 [grpc-default-executor-3] DEBUG leader.FollowerInfo (FollowerInfoImpl.java:lambda$new$1(49)) - s0@group-DBBE7E7C6C61->s2: commitIndex: updateToMax old=1, new=1, updated? false
2022-08-02 21:05:58,261 [grpc-default-executor-3] DEBUG leader.FollowerInfo (FollowerInfoImpl.java:lambda$new$1(49)) - s0@group-DBBE7E7C6C61->s2: matchIndex: updateToMax old=2, new=-1, updated? false
2022-08-02 21:05:58,262 [grpc-default-executor-3] DEBUG leader.FollowerInfo (FollowerInfoImpl.java:lambda$new$1(49)) - s0@group-DBBE7E7C6C61->s1: commitIndex: updateToMax old=1, new=1, updated? false
2022-08-02 21:05:58,262 [grpc-default-executor-3] DEBUG leader.FollowerInfo (FollowerInfoImpl.java:lambda$new$1(49)) - s0@group-DBBE7E7C6C61->s1: matchIndex: updateToMax old=2, new=-1, updated? false
2022-08-02 21:05:58,263 [grpc-default-executor-0] DEBUG leader.FollowerInfo (FollowerInfoImpl.java:lambda$new$1(49)) - s0@group-DBBE7E7C6C61->s2: commitIndex: updateToMax old=1, new=1, updated? false
2022-08-02 21:05:58,263 [grpc-default-executor-0] DEBUG leader.FollowerInfo (FollowerInfoImpl.java:lambda$new$1(49)) - s0@group-DBBE7E7C6C61->s2: matchIndex: updateToMax old=2, new=-1, updated? false
2022-08-02 21:05:58,267 [grpc-default-executor-3] DEBUG leader.FollowerInfo (FollowerInfoImpl.java:lambda$new$1(49)) - s0@group-DBBE7E7C6C61->s1: commitIndex: updateToMax old=1, new=1, updated? false
2022-08-02 21:05:58,267 [grpc-default-executor-3] DEBUG leader.FollowerInfo (FollowerInfoImpl.java:lambda$new$1(49)) - s0@group-DBBE7E7C6C61->s1: matchIndex: updateToMax old=2, new=-1, updated? false
2022-08-02 21:05:58,268 [grpc-default-executor-0] DEBUG leader.FollowerInfo (FollowerInfoImpl.java:lambda$new$1(49)) - s0@group-DBBE7E7C6C61->s2: commitIndex: updateToMax old=1, new=1, updated? false
2022-08-02 21:05:58,268 [grpc-default-executor-0] DEBUG leader.FollowerInfo (FollowerInfoImpl.java:lambda$new$1(49)) - s0@group-DBBE7E7C6C61->s2: matchIndex: updateToMax old=2, new=-1, updated? false
2022-08-02 21:05:58,269 [grpc-default-executor-3] DEBUG leader.FollowerInfo (FollowerInfoImpl.java:lambda$new$1(49)) - s0@group-DBBE7E7C6C61->s1: commitIndex: updateToMax old=1, new=1, updated? false
2022-08-02 21:05:58,269 [grpc-default-executor-3] DEBUG leader.FollowerInfo (FollowerInfoImpl.java:lambda$new$1(49)) - s0@group-DBBE7E7C6C61->s1: matchIndex: updateToMax old=2, new=-1, updated? false
2022-08-02 21:05:58,269 [grpc-default-executor-0] DEBUG leader.FollowerInfo (FollowerInfoImpl.java:lambda$new$1(49)) - s0@group-DBBE7E7C6C61->s2: commitIndex: updateToMax old=1, new=1, updated? false
2022-08-02 21:05:58,269 [grpc-default-executor-0] DEBUG leader.FollowerInfo (FollowerInfoImpl.java:lambda$new$1(49)) - s0@group-DBBE7E7C6C61->s2: matchIndex: updateToMax old=2, new=-1, updated? false
2022-08-02 21:05:58,270 [grpc-default-executor-3] DEBUG leader.FollowerInfo (FollowerInfoImpl.java:lambda$new$1(49)) - s0@group-DBBE7E7C6C61->s1: commitIndex: updateToMax old=1, new=1, updated? false
2022-08-02 21:05:58,270 [grpc-default-executor-3] DEBUG leader.FollowerInfo (FollowerInfoImpl.java:lambda$new$1(49)) - s0@group-DBBE7E7C6C61->s1: matchIndex: updateToMax old=2, new=-1, updated? false
2022-08-02 21:05:58,270 [grpc-default-executor-0] DEBUG leader.FollowerInfo (FollowerInfoImpl.java:lambda$new$1(49)) - s0@group-DBBE7E7C6C61->s2: commitIndex: updateToMax old=1, new=1, updated? false
2022-08-02 21:05:58,270 [grpc-default-executor-0] DEBUG leader.FollowerInfo (FollowerInfoImpl.java:lambda$new$1(49)) - s0@group-DBBE7E7C6C61->s2: matchIndex: updateToMax old=2, new=-1, updated? false
2022-08-02 21:05:58,271 [grpc-default-executor-3] DEBUG leader.FollowerInfo (FollowerInfoImpl.java:lambda$new$1(49)) - s0@group-DBBE7E7C6C61->s1: commitIndex: updateToMax old=1, new=1, updated? false
2022-08-02 21:05:58,271 [grpc-default-executor-3] DEBUG leader.FollowerInfo (FollowerInfoImpl.java:lambda$new$1(49)) - s0@group-DBBE7E7C6C61->s1: matchIndex: updateToMax old=2, new=-1, updated? false
2022-08-02 21:05:58,271 [grpc-default-executor-0] DEBUG leader.FollowerInfo (FollowerInfoImpl.java:lambda$new$1(49)) - s0@group-DBBE7E7C6C61->s2: commitIndex: updateToMax old=1, new=1, updated? false
2022-08-02 21:05:58,271 [grpc-default-executor-0] DEBUG leader.FollowerInfo (FollowerInfoImpl.java:lambda$new$1(49)) - s0@group-DBBE7E7C6C61->s2: matchIndex: updateToMax old=2, new=-1, updated? false
2022-08-02 21:05:58,272 [grpc-default-executor-3] DEBUG leader.FollowerInfo (FollowerInfoImpl.java:lambda$new$1(49)) - s0@group-DBBE7E7C6C61->s1: commitIndex: updateToMax old=1, new=1, updated? false
2022-08-02 21:05:58,272 [grpc-default-executor-3] DEBUG leader.FollowerInfo (FollowerInfoImpl.java:lambda$new$1(49)) - s0@group-DBBE7E7C6C61->s1: matchIndex: updateToMax old=2, new=-1, updated? false
2022-08-02 21:05:58,273 [grpc-default-executor-0] DEBUG leader.FollowerInfo (FollowerInfoImpl.java:lambda$new$1(49)) - s0@group-DBBE7E7C6C61->s2: commitIndex: updateToMax old=1, new=1, updated? false
2022-08-02 21:05:58,273 [grpc-default-executor-0] DEBUG leader.FollowerInfo (FollowerInfoImpl.java:lambda$new$1(49)) - s0@group-DBBE7E7C6C61->s2: matchIndex: updateToMax old=2, new=-1, updated? false
2022-08-02 21:05:58,273 [grpc-default-executor-3] DEBUG leader.FollowerInfo (FollowerInfoImpl.java:lambda$new$1(49)) - s0@group-DBBE7E7C6C61->s1: commitIndex: updateToMax old=1, new=1, updated? false
2022-08-02 21:05:58,273 [grpc-default-executor-3] DEBUG leader.FollowerInfo (FollowerInfoImpl.java:lambda$new$1(49)) - s0@group-DBBE7E7C6C61->s1: matchIndex: updateToMax old=2, new=-1, updated? false
2022-08-02 21:05:58,274 [grpc-default-executor-0] DEBUG leader.FollowerInfo (FollowerInfoImpl.java:lambda$new$1(49)) - s0@group-DBBE7E7C6C61->s2: commitIndex: updateToMax old=1, new=1, updated? false
2022-08-02 21:05:58,274 [grpc-default-executor-0] DEBUG leader.FollowerInfo (FollowerInfoImpl.java:lambda$new$1(49)) - s0@group-DBBE7E7C6C61->s2: matchIndex: updateToMax old=2, new=-1, updated? false
2022-08-02 21:05:58,274 [grpc-default-executor-3] DEBUG leader.FollowerInfo (FollowerInfoImpl.java:lambda$new$1(49)) - s0@group-DBBE7E7C6C61->s1: commitIndex: updateToMax old=1, new=1, updated? false
2022-08-02 21:05:58,274 [grpc-default-executor-3] DEBUG leader.FollowerInfo (FollowerInfoImpl.java:lambda$new$1(49)) - s0@group-DBBE7E7C6C61->s1: matchIndex: updateToMax old=2, new=-1, updated? false
2022-08-02 21:05:58,275 [grpc-default-executor-0] DEBUG leader.FollowerInfo (FollowerInfoImpl.java:lambda$new$1(49)) - s0@group-DBBE7E7C6C61->s2: commitIndex: updateToMax old=1, new=1, updated? false
2022-08-02 21:05:58,275 [grpc-default-executor-0] DEBUG leader.FollowerInfo (FollowerInfoImpl.java:lambda$new$1(49)) - s0@group-DBBE7E7C6C61->s2: matchIndex: updateToMax old=2, new=-1, updated? false
2022-08-02 21:05:58,275 [grpc-default-executor-3] DEBUG leader.FollowerInfo (FollowerInfoImpl.java:lambda$new$1(49)) - s0@group-DBBE7E7C6C61->s1: commitIndex: updateToMax old=1, new=1, updated? false
2022-08-02 21:05:58,275 [grpc-default-executor-3] DEBUG leader.FollowerInfo (FollowerInfoImpl.java:lambda$new$1(49)) - s0@group-DBBE7E7C6C61->s1: matchIndex: updateToMax old=2, new=-1, updated? false
2022-08-02 21:05:58,276 [grpc-default-executor-0] DEBUG leader.FollowerInfo (FollowerInfoImpl.java:lambda$new$1(49)) - s0@group-DBBE7E7C6C61->s2: commitIndex: updateToMax old=1, new=1, updated? false
2022-08-02 21:05:58,276 [grpc-default-executor-0] DEBUG leader.FollowerInfo (FollowerInfoImpl.java:lambda$new$1(49)) - s0@group-DBBE7E7C6C61->s2: matchIndex: updateToMax old=2, new=-1, updated? false
2022-08-02 21:05:58,277 [grpc-default-executor-3] DEBUG leader.FollowerInfo (FollowerInfoImpl.java:lambda$new$1(49)) - s0@group-DBBE7E7C6C61->s1: commitIndex: updateToMax old=1, new=1, updated? false
2022-08-02 21:05:58,277 [grpc-default-executor-3] DEBUG leader.FollowerInfo (FollowerInfoImpl.java:lambda$new$1(49)) - s0@group-DBBE7E7C6C61->s1: matchIndex: updateToMax old=2, new=-1, updated? false
2022-08-02 21:05:58,277 [grpc-default-executor-0] DEBUG leader.FollowerInfo (FollowerInfoImpl.java:lambda$new$1(49)) - s0@group-DBBE7E7C6C61->s2: commitIndex: updateToMax old=1, new=1, updated? false
2022-08-02 21:05:58,277 [grpc-default-executor-0] DEBUG leader.FollowerInfo (FollowerInfoImpl.java:lambda$new$1(49)) - s0@group-DBBE7E7C6C61->s2: matchIndex: updateToMax old=2, new=-1, updated? false
2022-08-02 21:05:58,278 [grpc-default-executor-3] DEBUG leader.FollowerInfo (FollowerInfoImpl.java:lambda$new$1(49)) - s0@group-DBBE7E7C6C61->s1: commitIndex: updateToMax old=1, new=1, updated? false
2022-08-02 21:05:58,278 [grpc-default-executor-3] DEBUG leader.FollowerInfo (FollowerInfoImpl.java:lambda$new$1(49)) - s0@group-DBBE7E7C6C61->s1: matchIndex: updateToMax old=2, new=-1, updated? false
2022-08-02 21:05:58,278 [grpc-default-executor-0] DEBUG leader.FollowerInfo (FollowerInfoImpl.java:lambda$new$1(49)) - s0@group-DBBE7E7C6C61->s2: commitIndex: updateToMax old=1, new=1, updated? false
2022-08-02 21:05:58,278 [grpc-default-executor-0] DEBUG leader.FollowerInfo (FollowerInfoImpl.java:lambda$new$1(49)) - s0@group-DBBE7E7C6C61->s2: matchIndex: updateToMax old=2, new=-1, updated? false
2022-08-02 21:05:58,279 [grpc-default-executor-3] DEBUG leader.FollowerInfo (FollowerInfoImpl.java:lambda$new$1(49)) - s0@group-DBBE7E7C6C61->s1: commitIndex: updateToMax old=1, new=1, updated? false
2022-08-02 21:05:58,279 [grpc-default-executor-3] DEBUG leader.FollowerInfo (FollowerInfoImpl.java:lambda$new$1(49)) - s0@group-DBBE7E7C6C61->s1: matchIndex: updateToMax old=2, new=-1, updated? false
2022-08-02 21:05:58,280 [grpc-default-executor-0] DEBUG leader.FollowerInfo (FollowerInfoImpl.java:lambda$new$1(49)) - s0@group-DBBE7E7C6C61->s2: commitIndex: updateToMax old=1, new=1, updated? false
2022-08-02 21:05:58,280 [grpc-default-executor-0] DEBUG leader.FollowerInfo (FollowerInfoImpl.java:lambda$new$1(49)) - s0@group-DBBE7E7C6C61->s2: matchIndex: updateToMax old=2, new=-1, updated? false
2022-08-02 21:05:58,280 [grpc-default-executor-3] DEBUG leader.FollowerInfo (FollowerInfoImpl.java:lambda$new$1(49)) - s0@group-DBBE7E7C6C61->s1: commitIndex: updateToMax old=1, new=1, updated? false
2022-08-02 21:05:58,280 [grpc-default-executor-3] DEBUG leader.FollowerInfo (FollowerInfoImpl.java:lambda$new$1(49)) - s0@group-DBBE7E7C6C61->s1: matchIndex: updateToMax old=2, new=-1, updated? false
2022-08-02 21:05:58,281 [grpc-default-executor-0] DEBUG leader.FollowerInfo (FollowerInfoImpl.java:lambda$new$1(49)) - s0@group-DBBE7E7C6C61->s2: commitIndex: updateToMax old=1, new=1, updated? false
2022-08-02 21:05:58,281 [grpc-default-executor-0] DEBUG leader.FollowerInfo (FollowerInfoImpl.java:lambda$new$1(49)) - s0@group-DBBE7E7C6C61->s2: matchIndex: updateToMax old=2, new=-1, updated? false
2022-08-02 21:05:58,281 [grpc-default-executor-3] DEBUG leader.FollowerInfo (FollowerInfoImpl.java:lambda$new$1(49)) - s0@group-DBBE7E7C6C61->s1: commitIndex: updateToMax old=1, new=1, updated? false
2022-08-02 21:05:58,281 [grpc-default-executor-3] DEBUG leader.FollowerInfo (FollowerInfoImpl.java:lambda$new$1(49)) - s0@group-DBBE7E7C6C61->s1: matchIndex: updateToMax old=2, new=-1, updated? false
2022-08-02 21:05:58,282 [grpc-default-executor-0] DEBUG leader.FollowerInfo (FollowerInfoImpl.java:lambda$new$1(49)) - s0@group-DBBE7E7C6C61->s2: commitIndex: updateToMax old=1, new=1, updated? false
2022-08-02 21:05:58,282 [grpc-default-executor-0] DEBUG leader.FollowerInfo (FollowerInfoImpl.java:lambda$new$1(49)) - s0@group-DBBE7E7C6C61->s2: matchIndex: updateToMax old=2, new=-1, updated? false
2022-08-02 21:05:58,283 [grpc-default-executor-3] DEBUG leader.FollowerInfo (FollowerInfoImpl.java:lambda$new$1(49)) - s0@group-DBBE7E7C6C61->s1: commitIndex: updateToMax old=1, new=1, updated? false
2022-08-02 21:05:58,283 [grpc-default-executor-3] DEBUG leader.FollowerInfo (FollowerInfoImpl.java:lambda$new$1(49)) - s0@group-DBBE7E7C6C61->s1: matchIndex: updateToMax old=2, new=-1, updated? false
2022-08-02 21:05:58,283 [grpc-default-executor-3] DEBUG leader.FollowerInfo (FollowerInfoImpl.java:lambda$new$1(49)) - s0@group-DBBE7E7C6C61->s2: commitIndex: updateToMax old=1, new=1, updated? false
2022-08-02 21:05:58,283 [grpc-default-executor-3] DEBUG leader.FollowerInfo (FollowerInfoImpl.java:lambda$new$1(49)) - s0@group-DBBE7E7C6C61->s2: matchIndex: updateToMax old=2, new=-1, updated? false
2022-08-02 21:05:58,283 [grpc-default-executor-0] DEBUG leader.FollowerInfo (FollowerInfoImpl.java:lambda$new$1(49)) - s0@group-DBBE7E7C6C61->s1: commitIndex: updateToMax old=1, new=1, updated? false
2022-08-02 21:05:58,284 [grpc-default-executor-0] DEBUG leader.FollowerInfo (FollowerInfoImpl.java:lambda$new$1(49)) - s0@group-DBBE7E7C6C61->s1: matchIndex: updateToMax old=2, new=-1, updated? false
2022-08-02 21:05:58,284 [grpc-default-executor-3] DEBUG leader.FollowerInfo (FollowerInfoImpl.java:lambda$new$1(49)) - s0@group-DBBE7E7C6C61->s2: commitIndex: updateToMax old=1, new=1, updated? false
2022-08-02 21:05:58,284 [grpc-default-executor-3] DEBUG leader.FollowerInfo (FollowerInfoImpl.java:lambda$new$1(49)) - s0@group-DBBE7E7C6C61->s2: matchIndex: updateToMax old=2, new=-1, updated? false
2022-08-02 21:05:58,284 [grpc-default-executor-3] DEBUG leader.FollowerInfo (FollowerInfoImpl.java:lambda$new$1(49)) - s0@group-DBBE7E7C6C61->s1: commitIndex: updateToMax old=1, new=1, updated? false
2022-08-02 21:05:58,284 [grpc-default-executor-3] DEBUG leader.FollowerInfo (FollowerInfoImpl.java:lambda$new$1(49)) - s0@group-DBBE7E7C6C61->s1: matchIndex: updateToMax old=2, new=-1, updated? false
2022-08-02 21:05:58,285 [grpc-default-executor-3] DEBUG leader.FollowerInfo (FollowerInfoImpl.java:lambda$new$1(49)) - s0@group-DBBE7E7C6C61->s2: commitIndex: updateToMax old=1, new=1, updated? false
2022-08-02 21:05:58,285 [grpc-default-executor-3] DEBUG leader.FollowerInfo (FollowerInfoImpl.java:lambda$new$1(49)) - s0@group-DBBE7E7C6C61->s2: matchIndex: updateToMax old=2, new=-1, updated? false
2022-08-02 21:05:58,285 [grpc-default-executor-0] DEBUG leader.FollowerInfo (FollowerInfoImpl.java:lambda$new$1(49)) - s0@group-DBBE7E7C6C61->s1: commitIndex: updateToMax old=1, new=1, updated? false
2022-08-02 21:05:58,285 [grpc-default-executor-0] DEBUG leader.FollowerInfo (FollowerInfoImpl.java:lambda$new$1(49)) - s0@group-DBBE7E7C6C61->s1: matchIndex: updateToMax old=2, new=-1, updated? false
2022-08-02 21:05:58,286 [grpc-default-executor-3] DEBUG leader.FollowerInfo (FollowerInfoImpl.java:lambda$new$1(49)) - s0@group-DBBE7E7C6C61->s1: commitIndex: updateToMax old=1, new=1, updated? false
2022-08-02 21:05:58,286 [grpc-default-executor-3] DEBUG leader.FollowerInfo (FollowerInfoImpl.java:lambda$new$1(49)) - s0@group-DBBE7E7C6C61->s1: matchIndex: updateToMax old=2, new=-1, updated? false
2022-08-02 21:05:58,286 [grpc-default-executor-0] DEBUG leader.FollowerInfo (FollowerInfoImpl.java:lambda$new$1(49)) - s0@group-DBBE7E7C6C61->s2: commitIndex: updateToMax old=1, new=1, updated? false
2022-08-02 21:05:58,286 [grpc-default-executor-0] DEBUG leader.FollowerInfo (FollowerInfoImpl.java:lambda$new$1(49)) - s0@group-DBBE7E7C6C61->s2: matchIndex: updateToMax old=2, new=-1, updated? false
2022-08-02 21:05:58,286 [grpc-default-executor-3] DEBUG leader.FollowerInfo (FollowerInfoImpl.java:lambda$new$1(49)) - s0@group-DBBE7E7C6C61->s1: commitIndex: updateToMax old=1, new=1, updated? false
2022-08-02 21:05:58,286 [grpc-default-executor-3] DEBUG leader.FollowerInfo (FollowerInfoImpl.java:lambda$new$1(49)) - s0@group-DBBE7E7C6C61->s1: matchIndex: updateToMax old=2, new=-1, updated? false
2022-08-02 21:05:58,286 [grpc-default-executor-0] DEBUG leader.FollowerInfo (FollowerInfoImpl.java:lambda$new$1(49)) - s0@group-DBBE7E7C6C61->s2: commitIndex: updateToMax old=1, new=1, updated? false
2022-08-02 21:05:58,286 [grpc-default-executor-0] DEBUG leader.FollowerInfo (FollowerInfoImpl.java:lambda$new$1(49)) - s0@group-DBBE7E7C6C61->s2: matchIndex: updateToMax old=2, new=-1, updated? false
2022-08-02 21:05:58,287 [grpc-default-executor-0] DEBUG leader.FollowerInfo (FollowerInfoImpl.java:lambda$new$1(49)) - s0@group-DBBE7E7C6C61->s1: commitIndex: updateToMax old=1, new=1, updated? false
2022-08-02 21:05:58,287 [grpc-default-executor-0] DEBUG leader.FollowerInfo (FollowerInfoImpl.java:lambda$new$1(49)) - s0@group-DBBE7E7C6C61->s1: matchIndex: updateToMax old=2, new=-1, updated? false
2022-08-02 21:05:58,287 [grpc-default-executor-0] DEBUG leader.FollowerInfo (FollowerInfoImpl.java:lambda$new$1(49)) - s0@group-DBBE7E7C6C61->s2: commitIndex: updateToMax old=1, new=1, updated? false
2022-08-02 21:05:58,287 [grpc-default-executor-0] DEBUG leader.FollowerInfo (FollowerInfoImpl.java:lambda$new$1(49)) - s0@group-DBBE7E7C6C61->s2: matchIndex: updateToMax old=2, new=-1, updated? false
2022-08-02 21:05:58,287 [grpc-default-executor-3] DEBUG leader.FollowerInfo (FollowerInfoImpl.java:lambda$new$1(49)) - s0@group-DBBE7E7C6C61->s1: commitIndex: updateToMax old=1, new=1, updated? false
2022-08-02 21:05:58,288 [grpc-default-executor-3] DEBUG leader.FollowerInfo (FollowerInfoImpl.java:lambda$new$1(49)) - s0@group-DBBE7E7C6C61->s1: matchIndex: updateToMax old=2, new=-1, updated? false
2022-08-02 21:05:58,289 [grpc-default-executor-0] DEBUG leader.FollowerInfo (FollowerInfoImpl.java:lambda$new$1(49)) - s0@group-DBBE7E7C6C61->s1: commitIndex: updateToMax old=1, new=1, updated? false
2022-08-02 21:05:58,289 [grpc-default-executor-0] DEBUG leader.FollowerInfo (FollowerInfoImpl.java:lambda$new$1(49)) - s0@group-DBBE7E7C6C61->s1: matchIndex: updateToMax old=2, new=-1, updated? false
2022-08-02 21:05:58,289 [grpc-default-executor-3] DEBUG leader.FollowerInfo (FollowerInfoImpl.java:lambda$new$1(49)) - s0@group-DBBE7E7C6C61->s2: commitIndex: updateToMax old=1, new=1, updated? false
2022-08-02 21:05:58,289 [grpc-default-executor-3] DEBUG leader.FollowerInfo (FollowerInfoImpl.java:lambda$new$1(49)) - s0@group-DBBE7E7C6C61->s2: matchIndex: updateToMax old=2, new=-1, updated? false
2022-08-02 21:05:58,290 [grpc-default-executor-0] DEBUG leader.FollowerInfo (FollowerInfoImpl.java:lambda$new$1(49)) - s0@group-DBBE7E7C6C61->s1: commitIndex: updateToMax old=1, new=1, updated? false
2022-08-02 21:05:58,290 [grpc-default-executor-0] DEBUG leader.FollowerInfo (FollowerInfoImpl.java:lambda$new$1(49)) - s0@group-DBBE7E7C6C61->s1: matchIndex: updateToMax old=2, new=-1, updated? false
2022-08-02 21:05:58,290 [grpc-default-executor-3] DEBUG leader.FollowerInfo (FollowerInfoImpl.java:lambda$new$1(49)) - s0@group-DBBE7E7C6C61->s2: commitIndex: updateToMax old=1, new=1, updated? false
2022-08-02 21:05:58,290 [grpc-default-executor-3] DEBUG leader.FollowerInfo (FollowerInfoImpl.java:lambda$new$1(49)) - s0@group-DBBE7E7C6C61->s2: matchIndex: updateToMax old=2, new=-1, updated? false
2022-08-02 21:05:58,290 [grpc-default-executor-0] DEBUG leader.FollowerInfo (FollowerInfoImpl.java:lambda$new$1(49)) - s0@group-DBBE7E7C6C61->s2: commitIndex: updateToMax old=1, new=1, updated? false
2022-08-02 21:05:58,290 [grpc-default-executor-0] DEBUG leader.FollowerInfo (FollowerInfoImpl.java:lambda$new$1(49)) - s0@group-DBBE7E7C6C61->s2: matchIndex: updateToMax old=2, new=-1, updated? false
2022-08-02 21:05:58,291 [grpc-default-executor-3] DEBUG leader.FollowerInfo (FollowerInfoImpl.java:lambda$new$1(49)) - s0@group-DBBE7E7C6C61->s1: commitIndex: updateToMax old=1, new=1, updated? false
2022-08-02 21:05:58,291 [grpc-default-executor-3] DEBUG leader.FollowerInfo (FollowerInfoImpl.java:lambda$new$1(49)) - s0@group-DBBE7E7C6C61->s1: matchIndex: updateToMax old=2, new=-1, updated? false
2022-08-02 21:05:58,293 [grpc-default-executor-0] DEBUG leader.FollowerInfo (FollowerInfoImpl.java:lambda$new$1(49)) - s0@group-DBBE7E7C6C61->s2: commitIndex: updateToMax old=1, new=1, updated? false
2022-08-02 21:05:58,293 [grpc-default-executor-0] DEBUG leader.FollowerInfo (FollowerInfoImpl.java:lambda$new$1(49)) - s0@group-DBBE7E7C6C61->s2: matchIndex: updateToMax old=2, new=-1, updated? false
2022-08-02 21:05:58,293 [grpc-default-executor-3] DEBUG leader.FollowerInfo (FollowerInfoImpl.java:lambda$new$1(49)) - s0@group-DBBE7E7C6C61->s1: commitIndex: updateToMax old=1, new=1, updated? false
2022-08-02 21:05:58,293 [grpc-default-executor-3] DEBUG leader.FollowerInfo (FollowerInfoImpl.java:lambda$new$1(49)) - s0@group-DBBE7E7C6C61->s1: matchIndex: updateToMax old=2, new=-1, updated? false
2022-08-02 21:05:58,294 [grpc-default-executor-0] DEBUG leader.FollowerInfo (FollowerInfoImpl.java:lambda$new$1(49)) - s0@group-DBBE7E7C6C61->s2: commitIndex: updateToMax old=1, new=1, updated? false
2022-08-02 21:05:58,294 [grpc-default-executor-0] DEBUG leader.FollowerInfo (FollowerInfoImpl.java:lambda$new$1(49)) - s0@group-DBBE7E7C6C61->s2: matchIndex: updateToMax old=2, new=-1, updated? false
2022-08-02 21:05:58,294 [grpc-default-executor-0] DEBUG leader.FollowerInfo (FollowerInfoImpl.java:lambda$new$1(49)) - s0@group-DBBE7E7C6C61->s1: commitIndex: updateToMax old=1, new=1, updated? false
2022-08-02 21:05:58,295 [grpc-default-executor-0] DEBUG leader.FollowerInfo (FollowerInfoImpl.java:lambda$new$1(49)) - s0@group-DBBE7E7C6C61->s1: matchIndex: updateToMax old=2, new=-1, updated? false
2022-08-02 21:05:58,295 [grpc-default-executor-3] DEBUG leader.FollowerInfo (FollowerInfoImpl.java:lambda$new$1(49)) - s0@group-DBBE7E7C6C61->s2: commitIndex: updateToMax old=1, new=1, updated? false
2022-08-02 21:05:58,295 [grpc-default-executor-3] DEBUG leader.FollowerInfo (FollowerInfoImpl.java:lambda$new$1(49)) - s0@group-DBBE7E7C6C61->s2: matchIndex: updateToMax old=2, new=-1, updated? false
2022-08-02 21:05:58,295 [grpc-default-executor-3] DEBUG leader.FollowerInfo (FollowerInfoImpl.java:lambda$new$1(49)) - s0@group-DBBE7E7C6C61->s1: commitIndex: updateToMax old=1, new=1, updated? false
2022-08-02 21:05:58,295 [grpc-default-executor-3] DEBUG leader.FollowerInfo (FollowerInfoImpl.java:lambda$new$1(49)) - s0@group-DBBE7E7C6C61->s1: matchIndex: updateToMax old=2, new=-1, updated? false
2022-08-02 21:05:58,296 [grpc-default-executor-0] DEBUG leader.FollowerInfo (FollowerInfoImpl.java:lambda$new$1(49)) - s0@group-DBBE7E7C6C61->s2: commitIndex: updateToMax old=1, new=1, updated? false
2022-08-02 21:05:58,296 [grpc-default-executor-0] DEBUG leader.FollowerInfo (FollowerInfoImpl.java:lambda$new$1(49)) - s0@group-DBBE7E7C6C61->s2: matchIndex: updateToMax old=2, new=-1, updated? false
2022-08-02 21:05:58,299 [grpc-default-executor-3] DEBUG leader.FollowerInfo (FollowerInfoImpl.java:lambda$new$1(49)) - s0@group-DBBE7E7C6C61->s1: commitIndex: updateToMax old=1, new=1, updated? false
2022-08-02 21:05:58,299 [grpc-default-executor-3] DEBUG leader.FollowerInfo (FollowerInfoImpl.java:lambda$new$1(49)) - s0@group-DBBE7E7C6C61->s1: matchIndex: updateToMax old=2, new=-1, updated? false
2022-08-02 21:05:58,300 [grpc-default-executor-0] DEBUG leader.FollowerInfo (FollowerInfoImpl.java:lambda$new$1(49)) - s0@group-DBBE7E7C6C61->s2: commitIndex: updateToMax old=1, new=1, updated? false
2022-08-02 21:05:58,300 [grpc-default-executor-0] DEBUG leader.FollowerInfo (FollowerInfoImpl.java:lambda$new$1(49)) - s0@group-DBBE7E7C6C61->s2: matchIndex: updateToMax old=2, new=-1, updated? false
2022-08-02 21:05:58,300 [grpc-default-executor-0] DEBUG leader.FollowerInfo (FollowerInfoImpl.java:lambda$new$1(49)) - s0@group-DBBE7E7C6C61->s1: commitIndex: updateToMax old=1, new=1, updated? false
2022-08-02 21:05:58,300 [grpc-default-executor-0] DEBUG leader.FollowerInfo (FollowerInfoImpl.java:lambda$new$1(49)) - s0@group-DBBE7E7C6C61->s1: matchIndex: updateToMax old=2, new=-1, updated? false
2022-08-02 21:05:58,301 [grpc-default-executor-3] DEBUG leader.FollowerInfo (FollowerInfoImpl.java:lambda$new$1(49)) - s0@group-DBBE7E7C6C61->s2: commitIndex: updateToMax old=1, new=1, updated? false
2022-08-02 21:05:58,301 [grpc-default-executor-3] DEBUG leader.FollowerInfo (FollowerInfoImpl.java:lambda$new$1(49)) - s0@group-DBBE7E7C6C61->s2: matchIndex: updateToMax old=2, new=-1, updated? false
2022-08-02 21:05:58,301 [grpc-default-executor-3] DEBUG leader.FollowerInfo (FollowerInfoImpl.java:lambda$new$1(49)) - s0@group-DBBE7E7C6C61->s1: commitIndex: updateToMax old=1, new=1, updated? false
2022-08-02 21:05:58,301 [grpc-default-executor-3] DEBUG leader.FollowerInfo (FollowerInfoImpl.java:lambda$new$1(49)) - s0@group-DBBE7E7C6C61->s1: matchIndex: updateToMax old=2, new=-1, updated? false
2022-08-02 21:05:58,302 [grpc-default-executor-0] DEBUG leader.FollowerInfo (FollowerInfoImpl.java:lambda$new$1(49)) - s0@group-DBBE7E7C6C61->s2: commitIndex: updateToMax old=1, new=1, updated? false
2022-08-02 21:05:58,302 [grpc-default-executor-0] DEBUG leader.FollowerInfo (FollowerInfoImpl.java:lambda$new$1(49)) - s0@group-DBBE7E7C6C61->s2: matchIndex: updateToMax old=2, new=-1, updated? false
2022-08-02 21:05:58,302 [grpc-default-executor-3] DEBUG leader.FollowerInfo (FollowerInfoImpl.java:lambda$new$1(49)) - s0@group-DBBE7E7C6C61->s1: commitIndex: updateToMax old=1, new=1, updated? false
2022-08-02 21:05:58,302 [grpc-default-executor-3] DEBUG leader.FollowerInfo (FollowerInfoImpl.java:lambda$new$1(49)) - s0@group-DBBE7E7C6C61->s1: matchIndex: updateToMax old=2, new=-1, updated? false
2022-08-02 21:05:58,303 [grpc-default-executor-0] DEBUG leader.FollowerInfo (FollowerInfoImpl.java:lambda$new$1(49)) - s0@group-DBBE7E7C6C61->s2: commitIndex: updateToMax old=1, new=1, updated? false
2022-08-02 21:05:58,303 [grpc-default-executor-0] DEBUG leader.FollowerInfo (FollowerInfoImpl.java:lambda$new$1(49)) - s0@group-DBBE7E7C6C61->s2: matchIndex: updateToMax old=2, new=-1, updated? false
2022-08-02 21:05:58,303 [grpc-default-executor-0] DEBUG leader.FollowerInfo (FollowerInfoImpl.java:lambda$new$1(49)) - s0@group-DBBE7E7C6C61->s1: commitIndex: updateToMax old=1, new=1, updated? false
2022-08-02 21:05:58,303 [grpc-default-executor-0] DEBUG leader.FollowerInfo (FollowerInfoImpl.java:lambda$new$1(49)) - s0@group-DBBE7E7C6C61->s1: matchIndex: updateToMax old=2, new=-1, updated? false
2022-08-02 21:05:58,304 [grpc-default-executor-3] DEBUG leader.FollowerInfo (FollowerInfoImpl.java:lambda$new$1(49)) - s0@group-DBBE7E7C6C61->s2: commitIndex: updateToMax old=1, new=1, updated? false
2022-08-02 21:05:58,304 [grpc-default-executor-3] DEBUG leader.FollowerInfo (FollowerInfoImpl.java:lambda$new$1(49)) - s0@group-DBBE7E7C6C61->s2: matchIndex: updateToMax old=2, new=-1, updated? false
2022-08-02 21:05:58,304 [grpc-default-executor-3] DEBUG leader.FollowerInfo (FollowerInfoImpl.java:lambda$new$1(49)) - s0@group-DBBE7E7C6C61->s1: commitIndex: updateToMax old=1, new=1, updated? false
2022-08-02 21:05:58,304 [grpc-default-executor-3] DEBUG leader.FollowerInfo (FollowerInfoImpl.java:lambda$new$1(49)) - s0@group-DBBE7E7C6C61->s1: matchIndex: updateToMax old=2, new=-1, updated? false
2022-08-02 21:05:58,305 [grpc-default-executor-0] DEBUG leader.FollowerInfo (FollowerInfoImpl.java:lambda$new$1(49)) - s0@group-DBBE7E7C6C61->s2: commitIndex: updateToMax old=1, new=1, updated? false
2022-08-02 21:05:58,305 [grpc-default-executor-0] DEBUG leader.FollowerInfo (FollowerInfoImpl.java:lambda$new$1(49)) - s0@group-DBBE7E7C6C61->s2: matchIndex: updateToMax old=2, new=-1, updated? false
2022-08-02 21:05:58,305 [grpc-default-executor-0] DEBUG leader.FollowerInfo (FollowerInfoImpl.java:lambda$new$1(49)) - s0@group-DBBE7E7C6C61->s1: commitIndex: updateToMax old=1, new=1, updated? false
2022-08-02 21:05:58,305 [grpc-default-executor-0] DEBUG leader.FollowerInfo (FollowerInfoImpl.java:lambda$new$1(49)) - s0@group-DBBE7E7C6C61->s1: matchIndex: updateToMax old=2, new=-1, updated? false
2022-08-02 21:05:58,306 [grpc-default-executor-3] DEBUG leader.FollowerInfo (FollowerInfoImpl.java:lambda$new$1(49)) - s0@group-DBBE7E7C6C61->s2: commitIndex: updateToMax old=1, new=1, updated? false
2022-08-02 21:05:58,306 [grpc-default-executor-3] DEBUG leader.FollowerInfo (FollowerInfoImpl.java:lambda$new$1(49)) - s0@group-DBBE7E7C6C61->s2: matchIndex: updateToMax old=2, new=-1, updated? false
2022-08-02 21:05:58,306 [grpc-default-executor-3] DEBUG leader.FollowerInfo (FollowerInfoImpl.java:lambda$new$1(49)) - s0@group-DBBE7E7C6C61->s1: commitIndex: updateToMax old=1, new=1, updated? false
2022-08-02 21:05:58,306 [grpc-default-executor-3] DEBUG leader.FollowerInfo (FollowerInfoImpl.java:lambda$new$1(49)) - s0@group-DBBE7E7C6C61->s1: matchIndex: updateToMax old=2, new=-1, updated? false
2022-08-02 21:05:58,307 [grpc-default-executor-0] DEBUG leader.FollowerInfo (FollowerInfoImpl.java:lambda$new$1(49)) - s0@group-DBBE7E7C6C61->s2: commitIndex: updateToMax old=1, new=1, updated? false
2022-08-02 21:05:58,307 [grpc-default-executor-0] DEBUG leader.FollowerInfo (FollowerInfoImpl.java:lambda$new$1(49)) - s0@group-DBBE7E7C6C61->s2: matchIndex: updateToMax old=2, new=-1, updated? false
2022-08-02 21:05:58,307 [grpc-default-executor-0] DEBUG leader.FollowerInfo (FollowerInfoImpl.java:lambda$new$1(49)) - s0@group-DBBE7E7C6C61->s1: commitIndex: updateToMax old=1, new=1, updated? false
2022-08-02 21:05:58,307 [grpc-default-executor-0] DEBUG leader.FollowerInfo (FollowerInfoImpl.java:lambda$new$1(49)) - s0@group-DBBE7E7C6C61->s1: matchIndex: updateToMax old=2, new=-1, updated? false
2022-08-02 21:05:58,308 [grpc-default-executor-3] DEBUG leader.FollowerInfo (FollowerInfoImpl.java:lambda$new$1(49)) - s0@group-DBBE7E7C6C61->s2: commitIndex: updateToMax old=1, new=1, updated? false
2022-08-02 21:05:58,308 [grpc-default-executor-3] DEBUG leader.FollowerInfo (FollowerInfoImpl.java:lambda$new$1(49)) - s0@group-DBBE7E7C6C61->s2: matchIndex: updateToMax old=2, new=-1, updated? false
2022-08-02 21:05:58,308 [grpc-default-executor-3] DEBUG leader.FollowerInfo (FollowerInfoImpl.java:lambda$new$1(49)) - s0@group-DBBE7E7C6C61->s1: commitIndex: updateToMax old=1, new=1, updated? false
2022-08-02 21:05:58,308 [grpc-default-executor-3] DEBUG leader.FollowerInfo (FollowerInfoImpl.java:lambda$new$1(49)) - s0@group-DBBE7E7C6C61->s1: matchIndex: updateToMax old=2, new=-1, updated? false
2022-08-02 21:05:58,309 [grpc-default-executor-0] DEBUG leader.FollowerInfo (FollowerInfoImpl.java:lambda$new$1(49)) - s0@group-DBBE7E7C6C61->s2: commitIndex: updateToMax old=1, new=1, updated? false
2022-08-02 21:05:58,309 [grpc-default-executor-0] DEBUG leader.FollowerInfo (FollowerInfoImpl.java:lambda$new$1(49)) - s0@group-DBBE7E7C6C61->s2: matchIndex: updateToMax old=2, new=-1, updated? false
2022-08-02 21:05:58,309 [grpc-default-executor-0] DEBUG leader.FollowerInfo (FollowerInfoImpl.java:lambda$new$1(49)) - s0@group-DBBE7E7C6C61->s1: commitIndex: updateToMax old=1, new=1, updated? false
2022-08-02 21:05:58,309 [grpc-default-executor-0] DEBUG leader.FollowerInfo (FollowerInfoImpl.java:lambda$new$1(49)) - s0@group-DBBE7E7C6C61->s1: matchIndex: updateToMax old=2, new=-1, updated? false
2022-08-02 21:05:58,310 [grpc-default-executor-3] DEBUG leader.FollowerInfo (FollowerInfoImpl.java:lambda$new$1(49)) - s0@group-DBBE7E7C6C61->s2: commitIndex: updateToMax old=1, new=1, updated? false
2022-08-02 21:05:58,310 [grpc-default-executor-3] DEBUG leader.FollowerInfo (FollowerInfoImpl.java:lambda$new$1(49)) - s0@group-DBBE7E7C6C61->s2: matchIndex: updateToMax old=2, new=-1, updated? false
2022-08-02 21:05:58,310 [grpc-default-executor-3] DEBUG leader.FollowerInfo (FollowerInfoImpl.java:lambda$new$1(49)) - s0@group-DBBE7E7C6C61->s1: commitIndex: updateToMax old=1, new=1, updated? false
2022-08-02 21:05:58,310 [grpc-default-executor-3] DEBUG leader.FollowerInfo (FollowerInfoImpl.java:lambda$new$1(49)) - s0@group-DBBE7E7C6C61->s1: matchIndex: updateToMax old=2, new=-1, updated? false
2022-08-02 21:05:58,310 [grpc-default-executor-0] DEBUG leader.FollowerInfo (FollowerInfoImpl.java:lambda$new$1(49)) - s0@group-DBBE7E7C6C61->s2: commitIndex: updateToMax old=1, new=1, updated? false
2022-08-02 21:05:58,311 [grpc-default-executor-0] DEBUG leader.FollowerInfo (FollowerInfoImpl.java:lambda$new$1(49)) - s0@group-DBBE7E7C6C61->s2: matchIndex: updateToMax old=2, new=-1, updated? false
2022-08-02 21:05:58,311 [grpc-default-executor-0] DEBUG leader.FollowerInfo (FollowerInfoImpl.java:lambda$new$1(49)) - s0@group-DBBE7E7C6C61->s1: commitIndex: updateToMax old=1, new=1, updated? false
2022-08-02 21:05:58,311 [grpc-default-executor-0] DEBUG leader.FollowerInfo (FollowerInfoImpl.java:lambda$new$1(49)) - s0@group-DBBE7E7C6C61->s1: matchIndex: updateToMax old=2, new=-1, updated? false
2022-08-02 21:05:58,312 [grpc-default-executor-3] DEBUG leader.FollowerInfo (FollowerInfoImpl.java:lambda$new$1(49)) - s0@group-DBBE7E7C6C61->s2: commitIndex: updateToMax old=1, new=1, updated? false
2022-08-02 21:05:58,312 [grpc-default-executor-3] DEBUG leader.FollowerInfo (FollowerInfoImpl.java:lambda$new$1(49)) - s0@group-DBBE7E7C6C61->s2: matchIndex: updateToMax old=2, new=-1, updated? false
2022-08-02 21:05:58,312 [grpc-default-executor-3] DEBUG leader.FollowerInfo (FollowerInfoImpl.java:lambda$new$1(49)) - s0@group-DBBE7E7C6C61->s1: commitIndex: updateToMax old=1, new=1, updated? false
2022-08-02 21:05:58,312 [grpc-default-executor-3] DEBUG leader.FollowerInfo (FollowerInfoImpl.java:lambda$new$1(49)) - s0@group-DBBE7E7C6C61->s1: matchIndex: updateToMax old=2, new=-1, updated? false
2022-08-02 21:05:58,312 [grpc-default-executor-0] DEBUG leader.FollowerInfo (FollowerInfoImpl.java:lambda$new$1(49)) - s0@group-DBBE7E7C6C61->s2: commitIndex: updateToMax old=1, new=1, updated? false
2022-08-02 21:05:58,312 [grpc-default-executor-0] DEBUG leader.FollowerInfo (FollowerInfoImpl.java:lambda$new$1(49)) - s0@group-DBBE7E7C6C61->s2: matchIndex: updateToMax old=2, new=-1, updated? false
2022-08-02 21:05:58,313 [grpc-default-executor-3] DEBUG leader.FollowerInfo (FollowerInfoImpl.java:lambda$new$1(49)) - s0@group-DBBE7E7C6C61->s1: commitIndex: updateToMax old=1, new=1, updated? false
2022-08-02 21:05:58,313 [grpc-default-executor-3] DEBUG leader.FollowerInfo (FollowerInfoImpl.java:lambda$new$1(49)) - s0@group-DBBE7E7C6C61->s1: matchIndex: updateToMax old=2, new=-1, updated? false
2022-08-02 21:05:58,313 [grpc-default-executor-0] DEBUG leader.FollowerInfo (FollowerInfoImpl.java:lambda$new$1(49)) - s0@group-DBBE7E7C6C61->s2: commitIndex: updateToMax old=1, new=1, updated? false
2022-08-02 21:05:58,313 [grpc-default-executor-0] DEBUG leader.FollowerInfo (FollowerInfoImpl.java:lambda$new$1(49)) - s0@group-DBBE7E7C6C61->s2: matchIndex: updateToMax old=2, new=-1, updated? false
2022-08-02 21:05:58,314 [grpc-default-executor-0] DEBUG leader.FollowerInfo (FollowerInfoImpl.java:lambda$new$1(49)) - s0@group-DBBE7E7C6C61->s1: commitIndex: updateToMax old=1, new=1, updated? false
2022-08-02 21:05:58,314 [grpc-default-executor-0] DEBUG leader.FollowerInfo (FollowerInfoImpl.java:lambda$new$1(49)) - s0@group-DBBE7E7C6C61->s1: matchIndex: updateToMax old=2, new=-1, updated? false
2022-08-02 21:05:58,314 [grpc-default-executor-3] DEBUG leader.FollowerInfo (FollowerInfoImpl.java:lambda$new$1(49)) - s0@group-DBBE7E7C6C61->s2: commitIndex: updateToMax old=1, new=1, updated? false
2022-08-02 21:05:58,315 [grpc-default-executor-3] DEBUG leader.FollowerInfo (FollowerInfoImpl.java:lambda$new$1(49)) - s0@group-DBBE7E7C6C61->s2: matchIndex: updateToMax old=2, new=-1, updated? false
2022-08-02 21:05:58,315 [grpc-default-executor-3] DEBUG leader.FollowerInfo (FollowerInfoImpl.java:lambda$new$1(49)) - s0@group-DBBE7E7C6C61->s1: commitIndex: updateToMax old=1, new=1, updated? false
2022-08-02 21:05:58,315 [grpc-default-executor-3] DEBUG leader.FollowerInfo (FollowerInfoImpl.java:lambda$new$1(49)) - s0@group-DBBE7E7C6C61->s1: matchIndex: updateToMax old=2, new=-1, updated? false
2022-08-02 21:05:58,315 [grpc-default-executor-0] DEBUG leader.FollowerInfo (FollowerInfoImpl.java:lambda$new$1(49)) - s0@group-DBBE7E7C6C61->s2: commitIndex: updateToMax old=1, new=1, updated? false
2022-08-02 21:05:58,315 [grpc-default-executor-0] DEBUG leader.FollowerInfo (FollowerInfoImpl.java:lambda$new$1(49)) - s0@group-DBBE7E7C6C61->s2: matchIndex: updateToMax old=2, new=-1, updated? false
2022-08-02 21:05:58,316 [grpc-default-executor-3] DEBUG leader.FollowerInfo (FollowerInfoImpl.java:lambda$new$1(49)) - s0@group-DBBE7E7C6C61->s1: commitIndex: updateToMax old=1, new=1, updated? false
2022-08-02 21:05:58,316 [grpc-default-executor-3] DEBUG leader.FollowerInfo (FollowerInfoImpl.java:lambda$new$1(49)) - s0@group-DBBE7E7C6C61->s1: matchIndex: updateToMax old=2, new=-1, updated? false
2022-08-02 21:05:58,316 [grpc-default-executor-0] DEBUG leader.FollowerInfo (FollowerInfoImpl.java:lambda$new$1(49)) - s0@group-DBBE7E7C6C61->s2: commitIndex: updateToMax old=1, new=1, updated? false
2022-08-02 21:05:58,316 [grpc-default-executor-0] DEBUG leader.FollowerInfo (FollowerInfoImpl.java:lambda$new$1(49)) - s0@group-DBBE7E7C6C61->s2: matchIndex: updateToMax old=2, new=-1, updated? false
2022-08-02 21:05:58,317 [grpc-default-executor-3] DEBUG leader.FollowerInfo (FollowerInfoImpl.java:lambda$new$1(49)) - s0@group-DBBE7E7C6C61->s1: commitIndex: updateToMax old=1, new=1, updated? false
2022-08-02 21:05:58,317 [grpc-default-executor-3] DEBUG leader.FollowerInfo (FollowerInfoImpl.java:lambda$new$1(49)) - s0@group-DBBE7E7C6C61->s1: matchIndex: updateToMax old=2, new=-1, updated? false
2022-08-02 21:05:58,317 [grpc-default-executor-0] DEBUG leader.FollowerInfo (FollowerInfoImpl.java:lambda$new$1(49)) - s0@group-DBBE7E7C6C61->s2: commitIndex: updateToMax old=1, new=1, updated? false
2022-08-02 21:05:58,317 [grpc-default-executor-0] DEBUG leader.FollowerInfo (FollowerInfoImpl.java:lambda$new$1(49)) - s0@group-DBBE7E7C6C61->s2: matchIndex: updateToMax old=2, new=-1, updated? false
2022-08-02 21:05:58,318 [grpc-default-executor-0] DEBUG leader.FollowerInfo (FollowerInfoImpl.java:lambda$new$1(49)) - s0@group-DBBE7E7C6C61->s1: commitIndex: updateToMax old=1, new=1, updated? false
2022-08-02 21:05:58,318 [grpc-default-executor-0] DEBUG leader.FollowerInfo (FollowerInfoImpl.java:lambda$new$1(49)) - s0@group-DBBE7E7C6C61->s1: matchIndex: updateToMax old=2, new=-1, updated? false
2022-08-02 21:05:58,318 [grpc-default-executor-3] DEBUG leader.FollowerInfo (FollowerInfoImpl.java:lambda$new$1(49)) - s0@group-DBBE7E7C6C61->s2: commitIndex: updateToMax old=1, new=1, updated? false
2022-08-02 21:05:58,318 [grpc-default-executor-3] DEBUG leader.FollowerInfo (FollowerInfoImpl.java:lambda$new$1(49)) - s0@group-DBBE7E7C6C61->s2: matchIndex: updateToMax old=2, new=-1, updated? false
2022-08-02 21:05:58,318 [grpc-default-executor-3] DEBUG leader.FollowerInfo (FollowerInfoImpl.java:lambda$new$1(49)) - s0@group-DBBE7E7C6C61->s1: commitIndex: updateToMax old=1, new=1, updated? false
2022-08-02 21:05:58,318 [grpc-default-executor-3] DEBUG leader.FollowerInfo (FollowerInfoImpl.java:lambda$new$1(49)) - s0@group-DBBE7E7C6C61->s1: matchIndex: updateToMax old=2, new=-1, updated? false
2022-08-02 21:05:58,319 [grpc-default-executor-0] DEBUG leader.FollowerInfo (FollowerInfoImpl.java:lambda$new$1(49)) - s0@group-DBBE7E7C6C61->s2: commitIndex: updateToMax old=1, new=1, updated? false
2022-08-02 21:05:58,319 [grpc-default-executor-0] DEBUG leader.FollowerInfo (FollowerInfoImpl.java:lambda$new$1(49)) - s0@group-DBBE7E7C6C61->s2: matchIndex: updateToMax old=2, new=-1, updated? false
2022-08-02 21:05:58,320 [grpc-default-executor-3] DEBUG leader.FollowerInfo (FollowerInfoImpl.java:lambda$new$1(49)) - s0@group-DBBE7E7C6C61->s1: commitIndex: updateToMax old=1, new=1, updated? false
2022-08-02 21:05:58,320 [grpc-default-executor-3] DEBUG leader.FollowerInfo (FollowerInfoImpl.java:lambda$new$1(49)) - s0@group-DBBE7E7C6C61->s1: matchIndex: updateToMax old=2, new=-1, updated? false
2022-08-02 21:05:58,320 [grpc-default-executor-0] DEBUG leader.FollowerInfo (FollowerInfoImpl.java:lambda$new$1(49)) - s0@group-DBBE7E7C6C61->s2: commitIndex: updateToMax old=1, new=1, updated? false
2022-08-02 21:05:58,320 [grpc-default-executor-0] DEBUG leader.FollowerInfo (FollowerInfoImpl.java:lambda$new$1(49)) - s0@group-DBBE7E7C6C61->s2: matchIndex: updateToMax old=2, new=-1, updated? false
2022-08-02 21:05:58,321 [grpc-default-executor-3] DEBUG leader.FollowerInfo (FollowerInfoImpl.java:lambda$new$1(49)) - s0@group-DBBE7E7C6C61->s1: commitIndex: updateToMax old=1, new=1, updated? false
2022-08-02 21:05:58,321 [grpc-default-executor-3] DEBUG leader.FollowerInfo (FollowerInfoImpl.java:lambda$new$1(49)) - s0@group-DBBE7E7C6C61->s1: matchIndex: updateToMax old=2, new=-1, updated? false
2022-08-02 21:05:58,321 [grpc-default-executor-0] DEBUG leader.FollowerInfo (FollowerInfoImpl.java:lambda$new$1(49)) - s0@group-DBBE7E7C6C61->s2: commitIndex: updateToMax old=1, new=1, updated? false
2022-08-02 21:05:58,322 [grpc-default-executor-0] DEBUG leader.FollowerInfo (FollowerInfoImpl.java:lambda$new$1(49)) - s0@group-DBBE7E7C6C61->s2: matchIndex: updateToMax old=2, new=-1, updated? false
2022-08-02 21:05:58,322 [grpc-default-executor-3] DEBUG leader.FollowerInfo (FollowerInfoImpl.java:lambda$new$1(49)) - s0@group-DBBE7E7C6C61->s1: commitIndex: updateToMax old=1, new=1, updated? false
2022-08-02 21:05:58,322 [grpc-default-executor-3] DEBUG leader.FollowerInfo (FollowerInfoImpl.java:lambda$new$1(49)) - s0@group-DBBE7E7C6C61->s1: matchIndex: updateToMax old=2, new=-1, updated? false
2022-08-02 21:05:58,323 [grpc-default-executor-0] DEBUG leader.FollowerInfo (FollowerInfoImpl.java:lambda$new$1(49)) - s0@group-DBBE7E7C6C61->s2: commitIndex: updateToMax old=1, new=1, updated? false
2022-08-02 21:05:58,323 [grpc-default-executor-0] DEBUG leader.FollowerInfo (FollowerInfoImpl.java:lambda$new$1(49)) - s0@group-DBBE7E7C6C61->s2: matchIndex: updateToMax old=2, new=-1, updated? false
2022-08-02 21:05:58,323 [grpc-default-executor-3] DEBUG leader.FollowerInfo (FollowerInfoImpl.java:lambda$new$1(49)) - s0@group-DBBE7E7C6C61->s1: commitIndex: updateToMax old=1, new=1, updated? false
2022-08-02 21:05:58,323 [grpc-default-executor-3] DEBUG leader.FollowerInfo (FollowerInfoImpl.java:lambda$new$1(49)) - s0@group-DBBE7E7C6C61->s1: matchIndex: updateToMax old=2, new=-1, updated? false
2022-08-02 21:05:58,324 [grpc-default-executor-0] DEBUG leader.FollowerInfo (FollowerInfoImpl.java:lambda$new$1(49)) - s0@group-DBBE7E7C6C61->s2: commitIndex: updateToMax old=1, new=1, updated? false
2022-08-02 21:05:58,324 [grpc-default-executor-0] DEBUG leader.FollowerInfo (FollowerInfoImpl.java:lambda$new$1(49)) - s0@group-DBBE7E7C6C61->s2: matchIndex: updateToMax old=2, new=-1, updated? false
2022-08-02 21:05:58,324 [grpc-default-executor-3] DEBUG leader.FollowerInfo (FollowerInfoImpl.java:lambda$new$1(49)) - s0@group-DBBE7E7C6C61->s1: commitIndex: updateToMax old=1, new=1, updated? false
2022-08-02 21:05:58,324 [grpc-default-executor-3] DEBUG leader.FollowerInfo (FollowerInfoImpl.java:lambda$new$1(49)) - s0@group-DBBE7E7C6C61->s1: matchIndex: updateToMax old=2, new=-1, updated? false
2022-08-02 21:05:58,325 [grpc-default-executor-0] DEBUG leader.FollowerInfo (FollowerInfoImpl.java:lambda$new$1(49)) - s0@group-DBBE7E7C6C61->s2: commitIndex: updateToMax old=1, new=1, updated? false
2022-08-02 21:05:58,325 [grpc-default-executor-0] DEBUG leader.FollowerInfo (FollowerInfoImpl.java:lambda$new$1(49)) - s0@group-DBBE7E7C6C61->s2: matchIndex: updateToMax old=2, new=-1, updated? false
2022-08-02 21:05:58,325 [grpc-default-executor-3] DEBUG leader.FollowerInfo (FollowerInfoImpl.java:lambda$new$1(49)) - s0@group-DBBE7E7C6C61->s1: commitIndex: updateToMax old=1, new=1, updated? false
2022-08-02 21:05:58,325 [grpc-default-executor-3] DEBUG leader.FollowerInfo (FollowerInfoImpl.java:lambda$new$1(49)) - s0@group-DBBE7E7C6C61->s1: matchIndex: updateToMax old=2, new=-1, updated? false
2022-08-02 21:05:58,326 [grpc-default-executor-0] DEBUG leader.FollowerInfo (FollowerInfoImpl.java:lambda$new$1(49)) - s0@group-DBBE7E7C6C61->s2: commitIndex: updateToMax old=1, new=1, updated? false
2022-08-02 21:05:58,326 [grpc-default-executor-0] DEBUG leader.FollowerInfo (FollowerInfoImpl.java:lambda$new$1(49)) - s0@group-DBBE7E7C6C61->s2: matchIndex: updateToMax old=2, new=-1, updated? false
2022-08-02 21:05:58,326 [grpc-default-executor-3] DEBUG leader.FollowerInfo (FollowerInfoImpl.java:lambda$new$1(49)) - s0@group-DBBE7E7C6C61->s1: commitIndex: updateToMax old=1, new=1, updated? false
2022-08-02 21:05:58,326 [grpc-default-executor-3] DEBUG leader.FollowerInfo (FollowerInfoImpl.java:lambda$new$1(49)) - s0@group-DBBE7E7C6C61->s1: matchIndex: updateToMax old=2, new=-1, updated? false
2022-08-02 21:05:58,327 [grpc-default-executor-0] DEBUG leader.FollowerInfo (FollowerInfoImpl.java:lambda$new$1(49)) - s0@group-DBBE7E7C6C61->s2: commitIndex: updateToMax old=1, new=1, updated? false
2022-08-02 21:05:58,327 [grpc-default-executor-0] DEBUG leader.FollowerInfo (FollowerInfoImpl.java:lambda$new$1(49)) - s0@group-DBBE7E7C6C61->s2: matchIndex: updateToMax old=2, new=-1, updated? false
2022-08-02 21:05:58,327 [grpc-default-executor-3] DEBUG leader.FollowerInfo (FollowerInfoImpl.java:lambda$new$1(49)) - s0@group-DBBE7E7C6C61->s1: commitIndex: updateToMax old=1, new=1, updated? false
2022-08-02 21:05:58,327 [grpc-default-executor-3] DEBUG leader.FollowerInfo (FollowerInfoImpl.java:lambda$new$1(49)) - s0@group-DBBE7E7C6C61->s1: matchIndex: updateToMax old=2, new=-1, updated? false
2022-08-02 21:05:58,328 [grpc-default-executor-0] DEBUG leader.FollowerInfo (FollowerInfoImpl.java:lambda$new$1(49)) - s0@group-DBBE7E7C6C61->s2: commitIndex: updateToMax old=1, new=1, updated? false
2022-08-02 21:05:58,328 [grpc-default-executor-0] DEBUG leader.FollowerInfo (FollowerInfoImpl.java:lambda$new$1(49)) - s0@group-DBBE7E7C6C61->s2: matchIndex: updateToMax old=2, new=-1, updated? false
2022-08-02 21:05:58,328 [grpc-default-executor-0] DEBUG leader.FollowerInfo (FollowerInfoImpl.java:lambda$new$1(49)) - s0@group-DBBE7E7C6C61->s1: commitIndex: updateToMax old=1, new=1, updated? false
2022-08-02 21:05:58,328 [grpc-default-executor-0] DEBUG leader.FollowerInfo (FollowerInfoImpl.java:lambda$new$1(49)) - s0@group-DBBE7E7C6C61->s1: matchIndex: updateToMax old=2, new=-1, updated? false
2022-08-02 21:05:58,329 [grpc-default-executor-3] DEBUG leader.FollowerInfo (FollowerInfoImpl.java:lambda$new$1(49)) - s0@group-DBBE7E7C6C61->s2: commitIndex: updateToMax old=1, new=1, updated? false
2022-08-02 21:05:58,329 [grpc-default-executor-3] DEBUG leader.FollowerInfo (FollowerInfoImpl.java:lambda$new$1(49)) - s0@group-DBBE7E7C6C61->s2: matchIndex: updateToMax old=2, new=-1, updated? false
2022-08-02 21:05:58,329 [grpc-default-executor-3] DEBUG leader.FollowerInfo (FollowerInfoImpl.java:lambda$new$1(49)) - s0@group-DBBE7E7C6C61->s1: commitIndex: updateToMax old=1, new=1, updated? false
2022-08-02 21:05:58,329 [grpc-default-executor-3] DEBUG leader.FollowerInfo (FollowerInfoImpl.java:lambda$new$1(49)) - s0@group-DBBE7E7C6C61->s1: matchIndex: updateToMax old=2, new=-1, updated? false
2022-08-02 21:05:58,329 [grpc-default-executor-3] DEBUG leader.FollowerInfo (FollowerInfoImpl.java:lambda$new$1(49)) - s0@group-DBBE7E7C6C61->s2: commitIndex: updateToMax old=1, new=1, updated? false
2022-08-02 21:05:58,330 [grpc-default-executor-3] DEBUG leader.FollowerInfo (FollowerInfoImpl.java:lambda$new$1(49)) - s0@group-DBBE7E7C6C61->s2: matchIndex: updateToMax old=2, new=-1, updated? false
2022-08-02 21:05:58,330 [grpc-default-executor-3] DEBUG leader.FollowerInfo (FollowerInfoImpl.java:lambda$new$1(49)) - s0@group-DBBE7E7C6C61->s1: commitIndex: updateToMax old=1, new=1, updated? false
2022-08-02 21:05:58,330 [grpc-default-executor-3] DEBUG leader.FollowerInfo (FollowerInfoImpl.java:lambda$new$1(49)) - s0@group-DBBE7E7C6C61->s1: matchIndex: updateToMax old=2, new=-1, updated? false
2022-08-02 21:05:58,330 [grpc-default-executor-3] DEBUG leader.FollowerInfo (FollowerInfoImpl.java:lambda$new$1(49)) - s0@group-DBBE7E7C6C61->s2: commitIndex: updateToMax old=1, new=1, updated? false
2022-08-02 21:05:58,330 [grpc-default-executor-3] DEBUG leader.FollowerInfo (FollowerInfoImpl.java:lambda$new$1(49)) - s0@group-DBBE7E7C6C61->s2: matchIndex: updateToMax old=2, new=-1, updated? false
2022-08-02 21:05:58,331 [grpc-default-executor-3] DEBUG leader.FollowerInfo (FollowerInfoImpl.java:lambda$new$1(49)) - s0@group-DBBE7E7C6C61->s1: commitIndex: updateToMax old=1, new=1, updated? false
2022-08-02 21:05:58,331 [grpc-default-executor-3] DEBUG leader.FollowerInfo (FollowerInfoImpl.java:lambda$new$1(49)) - s0@group-DBBE7E7C6C61->s1: matchIndex: updateToMax old=2, new=-1, updated? false
2022-08-02 21:05:58,331 [grpc-default-executor-0] DEBUG leader.FollowerInfo (FollowerInfoImpl.java:lambda$new$1(49)) - s0@group-DBBE7E7C6C61->s2: commitIndex: updateToMax old=1, new=1, updated? false
2022-08-02 21:05:58,331 [grpc-default-executor-0] DEBUG leader.FollowerInfo (FollowerInfoImpl.java:lambda$new$1(49)) - s0@group-DBBE7E7C6C61->s2: matchIndex: updateToMax old=2, new=-1, updated? false
2022-08-02 21:05:58,331 [grpc-default-executor-3] DEBUG leader.FollowerInfo (FollowerInfoImpl.java:lambda$new$1(49)) - s0@group-DBBE7E7C6C61->s1: commitIndex: updateToMax old=1, new=1, updated? false
2022-08-02 21:05:58,332 [grpc-default-executor-3] DEBUG leader.FollowerInfo (FollowerInfoImpl.java:lambda$new$1(49)) - s0@group-DBBE7E7C6C61->s1: matchIndex: updateToMax old=2, new=-1, updated? false
2022-08-02 21:05:58,339 [grpc-default-executor-0] DEBUG leader.FollowerInfo (FollowerInfoImpl.java:lambda$new$1(49)) - s0@group-DBBE7E7C6C61->s2: commitIndex: updateToMax old=1, new=1, updated? false
2022-08-02 21:05:58,339 [grpc-default-executor-0] DEBUG leader.FollowerInfo (FollowerInfoImpl.java:lambda$new$1(49)) - s0@group-DBBE7E7C6C61->s2: matchIndex: updateToMax old=2, new=-1, updated? false
2022-08-02 21:05:58,340 [grpc-default-executor-3] DEBUG leader.FollowerInfo (FollowerInfoImpl.java:lambda$new$1(49)) - s0@group-DBBE7E7C6C61->s1: commitIndex: updateToMax old=1, new=1, updated? false
2022-08-02 21:05:58,340 [grpc-default-executor-3] DEBUG leader.FollowerInfo (FollowerInfoImpl.java:lambda$new$1(49)) - s0@group-DBBE7E7C6C61->s1: matchIndex: updateToMax old=2, new=-1, updated? false
2022-08-02 21:05:58,341 [grpc-default-executor-0] DEBUG leader.FollowerInfo (FollowerInfoImpl.java:lambda$new$1(49)) - s0@group-DBBE7E7C6C61->s2: commitIndex: updateToMax old=1, new=1, updated? false
2022-08-02 21:05:58,341 [grpc-default-executor-0] DEBUG leader.FollowerInfo (FollowerInfoImpl.java:lambda$new$1(49)) - s0@group-DBBE7E7C6C61->s2: matchIndex: updateToMax old=2, new=-1, updated? false
2022-08-02 21:05:58,342 [grpc-default-executor-3] DEBUG leader.FollowerInfo (FollowerInfoImpl.java:lambda$new$1(49)) - s0@group-DBBE7E7C6C61->s1: commitIndex: updateToMax old=1, new=1, updated? false
2022-08-02 21:05:58,342 [grpc-default-executor-3] DEBUG leader.FollowerInfo (FollowerInfoImpl.java:lambda$new$1(49)) - s0@group-DBBE7E7C6C61->s1: matchIndex: updateToMax old=2, new=-1, updated? false
2022-08-02 21:05:58,342 [grpc-default-executor-0] DEBUG leader.FollowerInfo (FollowerInfoImpl.java:lambda$new$1(49)) - s0@group-DBBE7E7C6C61->s2: commitIndex: updateToMax old=1, new=1, updated? false
2022-08-02 21:05:58,342 [grpc-default-executor-0] DEBUG leader.FollowerInfo (FollowerInfoImpl.java:lambda$new$1(49)) - s0@group-DBBE7E7C6C61->s2: matchIndex: updateToMax old=2, new=-1, updated? false
2022-08-02 21:05:58,343 [grpc-default-executor-3] DEBUG leader.FollowerInfo (FollowerInfoImpl.java:lambda$new$1(49)) - s0@group-DBBE7E7C6C61->s1: commitIndex: updateToMax old=1, new=1, updated? false
2022-08-02 21:05:58,343 [grpc-default-executor-3] DEBUG leader.FollowerInfo (FollowerInfoImpl.java:lambda$new$1(49)) - s0@group-DBBE7E7C6C61->s1: matchIndex: updateToMax old=2, new=-1, updated? false
2022-08-02 21:05:58,344 [grpc-default-executor-0] DEBUG leader.FollowerInfo (FollowerInfoImpl.java:lambda$new$1(49)) - s0@group-DBBE7E7C6C61->s2: commitIndex: updateToMax old=1, new=1, updated? false
2022-08-02 21:05:58,344 [grpc-default-executor-0] DEBUG leader.FollowerInfo (FollowerInfoImpl.java:lambda$new$1(49)) - s0@group-DBBE7E7C6C61->s2: matchIndex: updateToMax old=2, new=-1, updated? false
2022-08-02 21:05:58,345 [grpc-default-executor-3] DEBUG leader.FollowerInfo (FollowerInfoImpl.java:lambda$new$1(49)) - s0@group-DBBE7E7C6C61->s1: commitIndex: updateToMax old=1, new=1, updated? false
2022-08-02 21:05:58,345 [grpc-default-executor-3] DEBUG leader.FollowerInfo (FollowerInfoImpl.java:lambda$new$1(49)) - s0@group-DBBE7E7C6C61->s1: matchIndex: updateToMax old=2, new=-1, updated? false
2022-08-02 21:05:58,345 [grpc-default-executor-0] DEBUG leader.FollowerInfo (FollowerInfoImpl.java:lambda$new$1(49)) - s0@group-DBBE7E7C6C61->s2: commitIndex: updateToMax old=1, new=1, updated? false
2022-08-02 21:05:58,345 [grpc-default-executor-0] DEBUG leader.FollowerInfo (FollowerInfoImpl.java:lambda$new$1(49)) - s0@group-DBBE7E7C6C61->s2: matchIndex: updateToMax old=2, new=-1, updated? false
2022-08-02 21:05:58,346 [grpc-default-executor-3] DEBUG leader.FollowerInfo (FollowerInfoImpl.java:lambda$new$1(49)) - s0@group-DBBE7E7C6C61->s1: commitIndex: updateToMax old=1, new=1, updated? false
2022-08-02 21:05:58,346 [grpc-default-executor-3] DEBUG leader.FollowerInfo (FollowerInfoImpl.java:lambda$new$1(49)) - s0@group-DBBE7E7C6C61->s1: matchIndex: updateToMax old=2, new=-1, updated? false
2022-08-02 21:05:58,346 [grpc-default-executor-0] DEBUG leader.FollowerInfo (FollowerInfoImpl.java:lambda$new$1(49)) - s0@group-DBBE7E7C6C61->s2: commitIndex: updateToMax old=1, new=1, updated? false
2022-08-02 21:05:58,346 [grpc-default-executor-0] DEBUG leader.FollowerInfo (FollowerInfoImpl.java:lambda$new$1(49)) - s0@group-DBBE7E7C6C61->s2: matchIndex: updateToMax old=2, new=-1, updated? false
2022-08-02 21:05:58,347 [grpc-default-executor-3] DEBUG leader.FollowerInfo (FollowerInfoImpl.java:lambda$new$1(49)) - s0@group-DBBE7E7C6C61->s1: commitIndex: updateToMax old=1, new=1, updated? false
2022-08-02 21:05:58,347 [grpc-default-executor-3] DEBUG leader.FollowerInfo (FollowerInfoImpl.java:lambda$new$1(49)) - s0@group-DBBE7E7C6C61->s1: matchIndex: updateToMax old=2, new=-1, updated? false
2022-08-02 21:05:58,348 [grpc-default-executor-0] DEBUG leader.FollowerInfo (FollowerInfoImpl.java:lambda$new$1(49)) - s0@group-DBBE7E7C6C61->s2: commitIndex: updateToMax old=1, new=1, updated? false
2022-08-02 21:05:58,348 [grpc-default-executor-0] DEBUG leader.FollowerInfo (FollowerInfoImpl.java:lambda$new$1(49)) - s0@group-DBBE7E7C6C61->s2: matchIndex: updateToMax old=2, new=-1, updated? false
2022-08-02 21:05:58,348 [grpc-default-executor-3] DEBUG leader.FollowerInfo (FollowerInfoImpl.java:lambda$new$1(49)) - s0@group-DBBE7E7C6C61->s1: commitIndex: updateToMax old=1, new=1, updated? false
2022-08-02 21:05:58,348 [grpc-default-executor-3] DEBUG leader.FollowerInfo (FollowerInfoImpl.java:lambda$new$1(49)) - s0@group-DBBE7E7C6C61->s1: matchIndex: updateToMax old=2, new=-1, updated? false
2022-08-02 21:05:58,349 [grpc-default-executor-0] DEBUG leader.FollowerInfo (FollowerInfoImpl.java:lambda$new$1(49)) - s0@group-DBBE7E7C6C61->s2: commitIndex: updateToMax old=1, new=1, updated? false
2022-08-02 21:05:58,349 [grpc-default-executor-0] DEBUG leader.FollowerInfo (FollowerInfoImpl.java:lambda$new$1(49)) - s0@group-DBBE7E7C6C61->s2: matchIndex: updateToMax old=2, new=-1, updated? false
2022-08-02 21:05:58,349 [grpc-default-executor-3] DEBUG leader.FollowerInfo (FollowerInfoImpl.java:lambda$new$1(49)) - s0@group-DBBE7E7C6C61->s1: commitIndex: updateToMax old=1, new=1, updated? false
2022-08-02 21:05:58,349 [grpc-default-executor-3] DEBUG leader.FollowerInfo (FollowerInfoImpl.java:lambda$new$1(49)) - s0@group-DBBE7E7C6C61->s1: matchIndex: updateToMax old=2, new=-1, updated? false
2022-08-02 21:05:58,350 [grpc-default-executor-0] DEBUG leader.FollowerInfo (FollowerInfoImpl.java:lambda$new$1(49)) - s0@group-DBBE7E7C6C61->s2: commitIndex: updateToMax old=1, new=1, updated? false
2022-08-02 21:05:58,350 [grpc-default-executor-0] DEBUG leader.FollowerInfo (FollowerInfoImpl.java:lambda$new$1(49)) - s0@group-DBBE7E7C6C61->s2: matchIndex: updateToMax old=2, new=-1, updated? false
2022-08-02 21:05:58,351 [grpc-default-executor-3] DEBUG leader.FollowerInfo (FollowerInfoImpl.java:lambda$new$1(49)) - s0@group-DBBE7E7C6C61->s1: commitIndex: updateToMax old=1, new=1, updated? false
2022-08-02 21:05:58,351 [grpc-default-executor-3] DEBUG leader.FollowerInfo (FollowerInfoImpl.java:lambda$new$1(49)) - s0@group-DBBE7E7C6C61->s1: matchIndex: updateToMax old=2, new=-1, updated? false
2022-08-02 21:05:58,351 [grpc-default-executor-0] DEBUG leader.FollowerInfo (FollowerInfoImpl.java:lambda$new$1(49)) - s0@group-DBBE7E7C6C61->s2: commitIndex: updateToMax old=1, new=1, updated? false
2022-08-02 21:05:58,351 [grpc-default-executor-0] DEBUG leader.FollowerInfo (FollowerInfoImpl.java:lambda$new$1(49)) - s0@group-DBBE7E7C6C61->s2: matchIndex: updateToMax old=2, new=-1, updated? false
2022-08-02 21:05:58,352 [grpc-default-executor-3] DEBUG leader.FollowerInfo (FollowerInfoImpl.java:lambda$new$1(49)) - s0@group-DBBE7E7C6C61->s1: commitIndex: updateToMax old=1, new=1, updated? false
2022-08-02 21:05:58,352 [grpc-default-executor-3] DEBUG leader.FollowerInfo (FollowerInfoImpl.java:lambda$new$1(49)) - s0@group-DBBE7E7C6C61->s1: matchIndex: updateToMax old=2, new=-1, updated? false
2022-08-02 21:05:58,353 [grpc-default-executor-0] DEBUG leader.FollowerInfo (FollowerInfoImpl.java:lambda$new$1(49)) - s0@group-DBBE7E7C6C61->s2: commitIndex: updateToMax old=1, new=1, updated? false
2022-08-02 21:05:58,353 [grpc-default-executor-0] DEBUG leader.FollowerInfo (FollowerInfoImpl.java:lambda$new$1(49)) - s0@group-DBBE7E7C6C61->s2: matchIndex: updateToMax old=2, new=-1, updated? false
2022-08-02 21:05:58,353 [grpc-default-executor-3] DEBUG leader.FollowerInfo (FollowerInfoImpl.java:lambda$new$1(49)) - s0@group-DBBE7E7C6C61->s1: commitIndex: updateToMax old=1, new=1, updated? false
2022-08-02 21:05:58,353 [grpc-default-executor-3] DEBUG leader.FollowerInfo (FollowerInfoImpl.java:lambda$new$1(49)) - s0@group-DBBE7E7C6C61->s1: matchIndex: updateToMax old=2, new=-1, updated? false
2022-08-02 21:05:58,354 [grpc-default-executor-0] DEBUG leader.FollowerInfo (FollowerInfoImpl.java:lambda$new$1(49)) - s0@group-DBBE7E7C6C61->s2: commitIndex: updateToMax old=1, new=1, updated? false
2022-08-02 21:05:58,354 [grpc-default-executor-0] DEBUG leader.FollowerInfo (FollowerInfoImpl.java:lambda$new$1(49)) - s0@group-DBBE7E7C6C61->s2: matchIndex: updateToMax old=2, new=-1, updated? false
2022-08-02 21:05:58,354 [grpc-default-executor-3] DEBUG leader.FollowerInfo (FollowerInfoImpl.java:lambda$new$1(49)) - s0@group-DBBE7E7C6C61->s1: commitIndex: updateToMax old=1, new=1, updated? false
2022-08-02 21:05:58,355 [grpc-default-executor-3] DEBUG leader.FollowerInfo (FollowerInfoImpl.java:lambda$new$1(49)) - s0@group-DBBE7E7C6C61->s1: matchIndex: updateToMax old=2, new=-1, updated? false
2022-08-02 21:05:58,355 [grpc-default-executor-0] DEBUG leader.FollowerInfo (FollowerInfoImpl.java:lambda$new$1(49)) - s0@group-DBBE7E7C6C61->s2: commitIndex: updateToMax old=1, new=1, updated? false
2022-08-02 21:05:58,355 [grpc-default-executor-0] DEBUG leader.FollowerInfo (FollowerInfoImpl.java:lambda$new$1(49)) - s0@group-DBBE7E7C6C61->s2: matchIndex: updateToMax old=2, new=-1, updated? false
2022-08-02 21:05:58,356 [grpc-default-executor-3] DEBUG leader.FollowerInfo (FollowerInfoImpl.java:lambda$new$1(49)) - s0@group-DBBE7E7C6C61->s1: commitIndex: updateToMax old=1, new=1, updated? false
2022-08-02 21:05:58,356 [grpc-default-executor-3] DEBUG leader.FollowerInfo (FollowerInfoImpl.java:lambda$new$1(49)) - s0@group-DBBE7E7C6C61->s1: matchIndex: updateToMax old=2, new=-1, updated? false
2022-08-02 21:05:58,356 [grpc-default-executor-0] DEBUG leader.FollowerInfo (FollowerInfoImpl.java:lambda$new$1(49)) - s0@group-DBBE7E7C6C61->s2: commitIndex: updateToMax old=1, new=1, updated? false
2022-08-02 21:05:58,356 [grpc-default-executor-0] DEBUG leader.FollowerInfo (FollowerInfoImpl.java:lambda$new$1(49)) - s0@group-DBBE7E7C6C61->s2: matchIndex: updateToMax old=2, new=-1, updated? false
2022-08-02 21:05:58,357 [grpc-default-executor-3] DEBUG leader.FollowerInfo (FollowerInfoImpl.java:lambda$new$1(49)) - s0@group-DBBE7E7C6C61->s1: commitIndex: updateToMax old=1, new=1, updated? false
2022-08-02 21:05:58,357 [grpc-default-executor-3] DEBUG leader.FollowerInfo (FollowerInfoImpl.java:lambda$new$1(49)) - s0@group-DBBE7E7C6C61->s1: matchIndex: updateToMax old=2, new=-1, updated? false
2022-08-02 21:05:58,357 [grpc-default-executor-0] DEBUG leader.FollowerInfo (FollowerInfoImpl.java:lambda$new$1(49)) - s0@group-DBBE7E7C6C61->s2: commitIndex: updateToMax old=1, new=1, updated? false
2022-08-02 21:05:58,357 [grpc-default-executor-0] DEBUG leader.FollowerInfo (FollowerInfoImpl.java:lambda$new$1(49)) - s0@group-DBBE7E7C6C61->s2: matchIndex: updateToMax old=2, new=-1, updated? false
2022-08-02 21:05:58,358 [grpc-default-executor-0] DEBUG leader.FollowerInfo (FollowerInfoImpl.java:lambda$new$1(49)) - s0@group-DBBE7E7C6C61->s2: commitIndex: updateToMax old=1, new=1, updated? false
2022-08-02 21:05:58,358 [grpc-default-executor-0] DEBUG leader.FollowerInfo (FollowerInfoImpl.java:lambda$new$1(49)) - s0@group-DBBE7E7C6C61->s2: matchIndex: updateToMax old=2, new=-1, updated? false
2022-08-02 21:05:58,358 [grpc-default-executor-3] DEBUG leader.FollowerInfo (FollowerInfoImpl.java:lambda$new$1(49)) - s0@group-DBBE7E7C6C61->s1: commitIndex: updateToMax old=1, new=1, updated? false
2022-08-02 21:05:58,359 [grpc-default-executor-3] DEBUG leader.FollowerInfo (FollowerInfoImpl.java:lambda$new$1(49)) - s0@group-DBBE7E7C6C61->s1: matchIndex: updateToMax old=2, new=-1, updated? false
2022-08-02 21:05:58,359 [grpc-default-executor-3] DEBUG leader.FollowerInfo (FollowerInfoImpl.java:lambda$new$1(49)) - s0@group-DBBE7E7C6C61->s2: commitIndex: updateToMax old=1, new=1, updated? false
2022-08-02 21:05:58,359 [grpc-default-executor-3] DEBUG leader.FollowerInfo (FollowerInfoImpl.java:lambda$new$1(49)) - s0@group-DBBE7E7C6C61->s2: matchIndex: updateToMax old=2, new=-1, updated? false
2022-08-02 21:05:58,359 [grpc-default-executor-3] DEBUG leader.FollowerInfo (FollowerInfoImpl.java:lambda$new$1(49)) - s0@group-DBBE7E7C6C61->s1: commitIndex: updateToMax old=1, new=1, updated? false
2022-08-02 21:05:58,359 [grpc-default-executor-3] DEBUG leader.FollowerInfo (FollowerInfoImpl.java:lambda$new$1(49)) - s0@group-DBBE7E7C6C61->s1: matchIndex: updateToMax old=2, new=-1, updated? false
2022-08-02 21:05:58,360 [grpc-default-executor-3] DEBUG leader.FollowerInfo (FollowerInfoImpl.java:lambda$new$1(49)) - s0@group-DBBE7E7C6C61->s2: commitIndex: updateToMax old=1, new=1, updated? false
2022-08-02 21:05:58,360 [grpc-default-executor-3] DEBUG leader.FollowerInfo (FollowerInfoImpl.java:lambda$new$1(49)) - s0@group-DBBE7E7C6C61->s2: matchIndex: updateToMax old=2, new=-1, updated? false
2022-08-02 21:05:58,360 [grpc-default-executor-0] DEBUG leader.FollowerInfo (FollowerInfoImpl.java:lambda$new$1(49)) - s0@group-DBBE7E7C6C61->s1: commitIndex: updateToMax old=1, new=1, updated? false
2022-08-02 21:05:58,360 [grpc-default-executor-0] DEBUG leader.FollowerInfo (FollowerInfoImpl.java:lambda$new$1(49)) - s0@group-DBBE7E7C6C61->s1: matchIndex: updateToMax old=2, new=-1, updated? false
2022-08-02 21:05:58,361 [grpc-default-executor-0] DEBUG leader.FollowerInfo (FollowerInfoImpl.java:lambda$new$1(49)) - s0@group-DBBE7E7C6C61->s2: commitIndex: updateToMax old=1, new=1, updated? false
2022-08-02 21:05:58,361 [grpc-default-executor-0] DEBUG leader.FollowerInfo (FollowerInfoImpl.java:lambda$new$1(49)) - s0@group-DBBE7E7C6C61->s2: matchIndex: updateToMax old=2, new=-1, updated? false
2022-08-02 21:05:58,361 [grpc-default-executor-3] DEBUG leader.FollowerInfo (FollowerInfoImpl.java:lambda$new$1(49)) - s0@group-DBBE7E7C6C61->s1: commitIndex: updateToMax old=1, new=1, updated? false
2022-08-02 21:05:58,361 [grpc-default-executor-3] DEBUG leader.FollowerInfo (FollowerInfoImpl.java:lambda$new$1(49)) - s0@group-DBBE7E7C6C61->s1: matchIndex: updateToMax old=2, new=-1, updated? false
2022-08-02 21:05:58,361 [grpc-default-executor-0] DEBUG leader.FollowerInfo (FollowerInfoImpl.java:lambda$new$1(49)) - s0@group-DBBE7E7C6C61->s2: commitIndex: updateToMax old=1, new=1, updated? false
2022-08-02 21:05:58,361 [grpc-default-executor-0] DEBUG leader.FollowerInfo (FollowerInfoImpl.java:lambda$new$1(49)) - s0@group-DBBE7E7C6C61->s2: matchIndex: updateToMax old=2, new=-1, updated? false
2022-08-02 21:05:58,362 [grpc-default-executor-0] DEBUG leader.FollowerInfo (FollowerInfoImpl.java:lambda$new$1(49)) - s0@group-DBBE7E7C6C61->s1: commitIndex: updateToMax old=1, new=1, updated? false
2022-08-02 21:05:58,362 [grpc-default-executor-0] DEBUG leader.FollowerInfo (FollowerInfoImpl.java:lambda$new$1(49)) - s0@group-DBBE7E7C6C61->s1: matchIndex: updateToMax old=2, new=-1, updated? false
2022-08-02 21:05:58,362 [grpc-default-executor-0] DEBUG leader.FollowerInfo (FollowerInfoImpl.java:lambda$new$1(49)) - s0@group-DBBE7E7C6C61->s2: commitIndex: updateToMax old=1, new=1, updated? false
2022-08-02 21:05:58,362 [grpc-default-executor-0] DEBUG leader.FollowerInfo (FollowerInfoImpl.java:lambda$new$1(49)) - s0@group-DBBE7E7C6C61->s2: matchIndex: updateToMax old=2, new=-1, updated? false
2022-08-02 21:05:58,362 [grpc-default-executor-3] DEBUG leader.FollowerInfo (FollowerInfoImpl.java:lambda$new$1(49)) - s0@group-DBBE7E7C6C61->s1: commitIndex: updateToMax old=1, new=1, updated? false
2022-08-02 21:05:58,362 [grpc-default-executor-3] DEBUG leader.FollowerInfo (FollowerInfoImpl.java:lambda$new$1(49)) - s0@group-DBBE7E7C6C61->s1: matchIndex: updateToMax old=2, new=-1, updated? false
2022-08-02 21:05:58,362 [grpc-default-executor-0] DEBUG leader.FollowerInfo (FollowerInfoImpl.java:lambda$new$1(49)) - s0@group-DBBE7E7C6C61->s2: commitIndex: updateToMax old=1, new=1, updated? false
2022-08-02 21:05:58,363 [grpc-default-executor-0] DEBUG leader.FollowerInfo (FollowerInfoImpl.java:lambda$new$1(49)) - s0@group-DBBE7E7C6C61->s2: matchIndex: updateToMax old=2, new=-1, updated? false
2022-08-02 21:05:58,363 [grpc-default-executor-3] DEBUG leader.FollowerInfo (FollowerInfoImpl.java:lambda$new$1(49)) - s0@group-DBBE7E7C6C61->s1: commitIndex: updateToMax old=1, new=1, updated? false
2022-08-02 21:05:58,363 [grpc-default-executor-3] DEBUG leader.FollowerInfo (FollowerInfoImpl.java:lambda$new$1(49)) - s0@group-DBBE7E7C6C61->s1: matchIndex: updateToMax old=2, new=-1, updated? false
2022-08-02 21:05:58,363 [grpc-default-executor-0] DEBUG leader.FollowerInfo (FollowerInfoImpl.java:lambda$new$1(49)) - s0@group-DBBE7E7C6C61->s2: commitIndex: updateToMax old=1, new=1, updated? false
2022-08-02 21:05:58,364 [grpc-default-executor-0] DEBUG leader.FollowerInfo (FollowerInfoImpl.java:lambda$new$1(49)) - s0@group-DBBE7E7C6C61->s2: matchIndex: updateToMax old=2, new=-1, updated? false
2022-08-02 21:05:58,364 [grpc-default-executor-0] DEBUG leader.FollowerInfo (FollowerInfoImpl.java:lambda$new$1(49)) - s0@group-DBBE7E7C6C61->s1: commitIndex: updateToMax old=1, new=1, updated? false
2022-08-02 21:05:58,364 [grpc-default-executor-0] DEBUG leader.FollowerInfo (FollowerInfoImpl.java:lambda$new$1(49)) - s0@group-DBBE7E7C6C61->s1: matchIndex: updateToMax old=2, new=-1, updated? false
2022-08-02 21:05:58,364 [grpc-default-executor-0] DEBUG leader.FollowerInfo (FollowerInfoImpl.java:lambda$new$1(49)) - s0@group-DBBE7E7C6C61->s2: commitIndex: updateToMax old=1, new=1, updated? false
2022-08-02 21:05:58,364 [grpc-default-executor-0] DEBUG leader.FollowerInfo (FollowerInfoImpl.java:lambda$new$1(49)) - s0@group-DBBE7E7C6C61->s2: matchIndex: updateToMax old=2, new=-1, updated? false
2022-08-02 21:05:58,365 [grpc-default-executor-0] DEBUG leader.FollowerInfo (FollowerInfoImpl.java:lambda$new$1(49)) - s0@group-DBBE7E7C6C61->s1: commitIndex: updateToMax old=1, new=1, updated? false
2022-08-02 21:05:58,365 [grpc-default-executor-0] DEBUG leader.FollowerInfo (FollowerInfoImpl.java:lambda$new$1(49)) - s0@group-DBBE7E7C6C61->s1: matchIndex: updateToMax old=2, new=-1, updated? false
2022-08-02 21:05:58,365 [grpc-default-executor-3] DEBUG leader.FollowerInfo (FollowerInfoImpl.java:lambda$new$1(49)) - s0@group-DBBE7E7C6C61->s2: commitIndex: updateToMax old=1, new=1, updated? false
2022-08-02 21:05:58,365 [grpc-default-executor-3] DEBUG leader.FollowerInfo (FollowerInfoImpl.java:lambda$new$1(49)) - s0@group-DBBE7E7C6C61->s2: matchIndex: updateToMax old=2, new=-1, updated? false
2022-08-02 21:05:58,365 [grpc-default-executor-0] DEBUG leader.FollowerInfo (FollowerInfoImpl.java:lambda$new$1(49)) - s0@group-DBBE7E7C6C61->s1: commitIndex: updateToMax old=1, new=1, updated? false
2022-08-02 21:05:58,366 [grpc-default-executor-0] DEBUG leader.FollowerInfo (FollowerInfoImpl.java:lambda$new$1(49)) - s0@group-DBBE7E7C6C61->s1: matchIndex: updateToMax old=2, new=-1, updated? false
2022-08-02 21:05:58,366 [grpc-default-executor-0] DEBUG leader.FollowerInfo (FollowerInfoImpl.java:lambda$new$1(49)) - s0@group-DBBE7E7C6C61->s2: commitIndex: updateToMax old=1, new=1, updated? false
2022-08-02 21:05:58,366 [grpc-default-executor-0] DEBUG leader.FollowerInfo (FollowerInfoImpl.java:lambda$new$1(49)) - s0@group-DBBE7E7C6C61->s2: matchIndex: updateToMax old=2, new=-1, updated? false
2022-08-02 21:05:58,366 [grpc-default-executor-0] DEBUG leader.FollowerInfo (FollowerInfoImpl.java:lambda$new$1(49)) - s0@group-DBBE7E7C6C61->s1: commitIndex: updateToMax old=1, new=1, updated? false
2022-08-02 21:05:58,366 [grpc-default-executor-0] DEBUG leader.FollowerInfo (FollowerInfoImpl.java:lambda$new$1(49)) - s0@group-DBBE7E7C6C61->s1: matchIndex: updateToMax old=2, new=-1, updated? false
2022-08-02 21:05:58,367 [grpc-default-executor-3] DEBUG leader.FollowerInfo (FollowerInfoImpl.java:lambda$new$1(49)) - s0@group-DBBE7E7C6C61->s1: commitIndex: updateToMax old=1, new=1, updated? false
2022-08-02 21:05:58,367 [grpc-default-executor-3] DEBUG leader.FollowerInfo (FollowerInfoImpl.java:lambda$new$1(49)) - s0@group-DBBE7E7C6C61->s1: matchIndex: updateToMax old=2, new=-1, updated? false
2022-08-02 21:05:58,367 [grpc-default-executor-0] DEBUG leader.FollowerInfo (FollowerInfoImpl.java:lambda$new$1(49)) - s0@group-DBBE7E7C6C61->s2: commitIndex: updateToMax old=1, new=1, updated? false
2022-08-02 21:05:58,367 [grpc-default-executor-0] DEBUG leader.FollowerInfo (FollowerInfoImpl.java:lambda$new$1(49)) - s0@group-DBBE7E7C6C61->s2: matchIndex: updateToMax old=2, new=-1, updated? false
2022-08-02 21:05:58,368 [grpc-default-executor-3] DEBUG leader.FollowerInfo (FollowerInfoImpl.java:lambda$new$1(49)) - s0@group-DBBE7E7C6C61->s1: commitIndex: updateToMax old=1, new=1, updated? false
2022-08-02 21:05:58,368 [grpc-default-executor-3] DEBUG leader.FollowerInfo (FollowerInfoImpl.java:lambda$new$1(49)) - s0@group-DBBE7E7C6C61->s1: matchIndex: updateToMax old=2, new=-1, updated? false
2022-08-02 21:05:58,368 [grpc-default-executor-0] DEBUG leader.FollowerInfo (FollowerInfoImpl.java:lambda$new$1(49)) - s0@group-DBBE7E7C6C61->s2: commitIndex: updateToMax old=1, new=1, updated? false
2022-08-02 21:05:58,368 [grpc-default-executor-0] DEBUG leader.FollowerInfo (FollowerInfoImpl.java:lambda$new$1(49)) - s0@group-DBBE7E7C6C61->s2: matchIndex: updateToMax old=2, new=-1, updated? false
2022-08-02 21:05:58,368 [grpc-default-executor-0] DEBUG leader.FollowerInfo (FollowerInfoImpl.java:lambda$new$1(49)) - s0@group-DBBE7E7C6C61->s1: commitIndex: updateToMax old=1, new=1, updated? false
2022-08-02 21:05:58,368 [grpc-default-executor-0] DEBUG leader.FollowerInfo (FollowerInfoImpl.java:lambda$new$1(49)) - s0@group-DBBE7E7C6C61->s1: matchIndex: updateToMax old=2, new=-1, updated? false
2022-08-02 21:05:58,369 [grpc-default-executor-3] DEBUG leader.FollowerInfo (FollowerInfoImpl.java:lambda$new$1(49)) - s0@group-DBBE7E7C6C61->s2: commitIndex: updateToMax old=1, new=1, updated? false
2022-08-02 21:05:58,369 [grpc-default-executor-3] DEBUG leader.FollowerInfo (FollowerInfoImpl.java:lambda$new$1(49)) - s0@group-DBBE7E7C6C61->s2: matchIndex: updateToMax old=2, new=-1, updated? false
2022-08-02 21:05:58,369 [grpc-default-executor-0] DEBUG leader.FollowerInfo (FollowerInfoImpl.java:lambda$new$1(49)) - s0@group-DBBE7E7C6C61->s1: commitIndex: updateToMax old=1, new=1, updated? false
2022-08-02 21:05:58,369 [grpc-default-executor-0] DEBUG leader.FollowerInfo (FollowerInfoImpl.java:lambda$new$1(49)) - s0@group-DBBE7E7C6C61->s1: matchIndex: updateToMax old=2, new=-1, updated? false
2022-08-02 21:05:58,370 [grpc-default-executor-0] DEBUG leader.FollowerInfo (FollowerInfoImpl.java:lambda$new$1(49)) - s0@group-DBBE7E7C6C61->s2: commitIndex: updateToMax old=1, new=1, updated? false
2022-08-02 21:05:58,370 [grpc-default-executor-0] DEBUG leader.FollowerInfo (FollowerInfoImpl.java:lambda$new$1(49)) - s0@group-DBBE7E7C6C61->s2: matchIndex: updateToMax old=2, new=-1, updated? false
2022-08-02 21:05:58,370 [grpc-default-executor-3] DEBUG leader.FollowerInfo (FollowerInfoImpl.java:lambda$new$1(49)) - s0@group-DBBE7E7C6C61->s1: commitIndex: updateToMax old=1, new=1, updated? false
2022-08-02 21:05:58,370 [grpc-default-executor-3] DEBUG leader.FollowerInfo (FollowerInfoImpl.java:lambda$new$1(49)) - s0@group-DBBE7E7C6C61->s1: matchIndex: updateToMax old=2, new=-1, updated? false
2022-08-02 21:05:58,370 [grpc-default-executor-3] DEBUG leader.FollowerInfo (FollowerInfoImpl.java:lambda$new$1(49)) - s0@group-DBBE7E7C6C61->s2: commitIndex: updateToMax old=1, new=1, updated? false
2022-08-02 21:05:58,370 [grpc-default-executor-3] DEBUG leader.FollowerInfo (FollowerInfoImpl.java:lambda$new$1(49)) - s0@group-DBBE7E7C6C61->s2: matchIndex: updateToMax old=2, new=-1, updated? false
2022-08-02 21:05:58,371 [grpc-default-executor-0] DEBUG leader.FollowerInfo (FollowerInfoImpl.java:lambda$new$1(49)) - s0@group-DBBE7E7C6C61->s1: commitIndex: updateToMax old=1, new=1, updated? false
2022-08-02 21:05:58,371 [grpc-default-executor-0] DEBUG leader.FollowerInfo (FollowerInfoImpl.java:lambda$new$1(49)) - s0@group-DBBE7E7C6C61->s1: matchIndex: updateToMax old=2, new=-1, updated? false
2022-08-02 21:05:58,371 [grpc-default-executor-0] DEBUG leader.FollowerInfo (FollowerInfoImpl.java:lambda$new$1(49)) - s0@group-DBBE7E7C6C61->s2: commitIndex: updateToMax old=1, new=1, updated? false
2022-08-02 21:05:58,371 [grpc-default-executor-0] DEBUG leader.FollowerInfo (FollowerInfoImpl.java:lambda$new$1(49)) - s0@group-DBBE7E7C6C61->s2: matchIndex: updateToMax old=2, new=-1, updated? false
2022-08-02 21:05:58,372 [grpc-default-executor-3] DEBUG leader.FollowerInfo (FollowerInfoImpl.java:lambda$new$1(49)) - s0@group-DBBE7E7C6C61->s1: commitIndex: updateToMax old=1, new=1, updated? false
2022-08-02 21:05:58,372 [grpc-default-executor-3] DEBUG leader.FollowerInfo (FollowerInfoImpl.java:lambda$new$1(49)) - s0@group-DBBE7E7C6C61->s1: matchIndex: updateToMax old=2, new=-1, updated? false
2022-08-02 21:05:58,372 [grpc-default-executor-3] DEBUG leader.FollowerInfo (FollowerInfoImpl.java:lambda$new$1(49)) - s0@group-DBBE7E7C6C61->s2: commitIndex: updateToMax old=1, new=1, updated? false
2022-08-02 21:05:58,372 [grpc-default-executor-3] DEBUG leader.FollowerInfo (FollowerInfoImpl.java:lambda$new$1(49)) - s0@group-DBBE7E7C6C61->s2: matchIndex: updateToMax old=2, new=-1, updated? false
2022-08-02 21:05:58,372 [grpc-default-executor-3] DEBUG leader.FollowerInfo (FollowerInfoImpl.java:lambda$new$1(49)) - s0@group-DBBE7E7C6C61->s1: commitIndex: updateToMax old=1, new=1, updated? false
2022-08-02 21:05:58,372 [grpc-default-executor-3] DEBUG leader.FollowerInfo (FollowerInfoImpl.java:lambda$new$1(49)) - s0@group-DBBE7E7C6C61->s1: matchIndex: updateToMax old=2, new=-1, updated? false
2022-08-02 21:05:58,372 [grpc-default-executor-0] DEBUG leader.FollowerInfo (FollowerInfoImpl.java:lambda$new$1(49)) - s0@group-DBBE7E7C6C61->s2: commitIndex: updateToMax old=1, new=1, updated? false
2022-08-02 21:05:58,373 [grpc-default-executor-0] DEBUG leader.FollowerInfo (FollowerInfoImpl.java:lambda$new$1(49)) - s0@group-DBBE7E7C6C61->s2: matchIndex: updateToMax old=2, new=-1, updated? false
2022-08-02 21:05:58,373 [grpc-default-executor-0] DEBUG leader.FollowerInfo (FollowerInfoImpl.java:lambda$new$1(49)) - s0@group-DBBE7E7C6C61->s1: commitIndex: updateToMax old=1, new=1, updated? false
2022-08-02 21:05:58,373 [grpc-default-executor-0] DEBUG leader.FollowerInfo (FollowerInfoImpl.java:lambda$new$1(49)) - s0@group-DBBE7E7C6C61->s1: matchIndex: updateToMax old=2, new=-1, updated? false
2022-08-02 21:05:58,373 [grpc-default-executor-3] DEBUG leader.FollowerInfo (FollowerInfoImpl.java:lambda$new$1(49)) - s0@group-DBBE7E7C6C61->s2: commitIndex: updateToMax old=1, new=1, updated? false
2022-08-02 21:05:58,373 [grpc-default-executor-3] DEBUG leader.FollowerInfo (FollowerInfoImpl.java:lambda$new$1(49)) - s0@group-DBBE7E7C6C61->s2: matchIndex: updateToMax old=2, new=-1, updated? false
2022-08-02 21:05:58,374 [grpc-default-executor-3] DEBUG leader.FollowerInfo (FollowerInfoImpl.java:lambda$new$1(49)) - s0@group-DBBE7E7C6C61->s1: commitIndex: updateToMax old=1, new=1, updated? false
2022-08-02 21:05:58,374 [grpc-default-executor-3] DEBUG leader.FollowerInfo (FollowerInfoImpl.java:lambda$new$1(49)) - s0@group-DBBE7E7C6C61->s1: matchIndex: updateToMax old=2, new=-1, updated? false
2022-08-02 21:05:58,374 [grpc-default-executor-3] DEBUG leader.FollowerInfo (FollowerInfoImpl.java:lambda$new$1(49)) - s0@group-DBBE7E7C6C61->s1: commitIndex: updateToMax old=1, new=1, updated? false
2022-08-02 21:05:58,374 [grpc-default-executor-3] DEBUG leader.FollowerInfo (FollowerInfoImpl.java:lambda$new$1(49)) - s0@group-DBBE7E7C6C61->s1: matchIndex: updateToMax old=2, new=-1, updated? false
2022-08-02 21:05:58,375 [grpc-default-executor-3] DEBUG leader.FollowerInfo (FollowerInfoImpl.java:lambda$new$1(49)) - s0@group-DBBE7E7C6C61->s1: commitIndex: updateToMax old=1, new=1, updated? false
2022-08-02 21:05:58,375 [grpc-default-executor-3] DEBUG leader.FollowerInfo (FollowerInfoImpl.java:lambda$new$1(49)) - s0@group-DBBE7E7C6C61->s1: matchIndex: updateToMax old=2, new=-1, updated? false
2022-08-02 21:05:58,382 [grpc-default-executor-3] DEBUG leader.FollowerInfo (FollowerInfoImpl.java:lambda$new$1(49)) - s0@group-DBBE7E7C6C61->s2: commitIndex: updateToMax old=1, new=1, updated? false
2022-08-02 21:05:58,382 [grpc-default-executor-3] DEBUG leader.FollowerInfo (FollowerInfoImpl.java:lambda$new$1(49)) - s0@group-DBBE7E7C6C61->s2: matchIndex: updateToMax old=2, new=-1, updated? false
2022-08-02 21:05:58,382 [grpc-default-executor-0] DEBUG leader.FollowerInfo (FollowerInfoImpl.java:lambda$new$1(49)) - s0@group-DBBE7E7C6C61->s1: commitIndex: updateToMax old=1, new=1, updated? false
2022-08-02 21:05:58,382 [grpc-default-executor-0] DEBUG leader.FollowerInfo (FollowerInfoImpl.java:lambda$new$1(49)) - s0@group-DBBE7E7C6C61->s1: matchIndex: updateToMax old=2, new=-1, updated? false
2022-08-02 21:05:58,383 [grpc-default-executor-0] DEBUG leader.FollowerInfo (FollowerInfoImpl.java:lambda$new$1(49)) - s0@group-DBBE7E7C6C61->s2: commitIndex: updateToMax old=1, new=1, updated? false
2022-08-02 21:05:58,383 [grpc-default-executor-0] DEBUG leader.FollowerInfo (FollowerInfoImpl.java:lambda$new$1(49)) - s0@group-DBBE7E7C6C61->s2: matchIndex: updateToMax old=2, new=-1, updated? false
2022-08-02 21:05:58,387 [grpc-default-executor-3] DEBUG leader.FollowerInfo (FollowerInfoImpl.java:lambda$new$1(49)) - s0@group-DBBE7E7C6C61->s1: commitIndex: updateToMax old=1, new=1, updated? false
2022-08-02 21:05:58,387 [grpc-default-executor-3] DEBUG leader.FollowerInfo (FollowerInfoImpl.java:lambda$new$1(49)) - s0@group-DBBE7E7C6C61->s1: matchIndex: updateToMax old=2, new=-1, updated? false
2022-08-02 21:05:58,388 [grpc-default-executor-0] DEBUG leader.FollowerInfo (FollowerInfoImpl.java:lambda$new$1(49)) - s0@group-DBBE7E7C6C61->s2: commitIndex: updateToMax old=1, new=1, updated? false
2022-08-02 21:05:58,388 [grpc-default-executor-0] DEBUG leader.FollowerInfo (FollowerInfoImpl.java:lambda$new$1(49)) - s0@group-DBBE7E7C6C61->s2: matchIndex: updateToMax old=2, new=-1, updated? false
2022-08-02 21:05:58,389 [grpc-default-executor-3] DEBUG leader.FollowerInfo (FollowerInfoImpl.java:lambda$new$1(49)) - s0@group-DBBE7E7C6C61->s1: commitIndex: updateToMax old=1, new=1, updated? false
2022-08-02 21:05:58,389 [grpc-default-executor-3] DEBUG leader.FollowerInfo (FollowerInfoImpl.java:lambda$new$1(49)) - s0@group-DBBE7E7C6C61->s1: matchIndex: updateToMax old=2, new=-1, updated? false
2022-08-02 21:05:58,389 [grpc-default-executor-0] DEBUG leader.FollowerInfo (FollowerInfoImpl.java:lambda$new$1(49)) - s0@group-DBBE7E7C6C61->s2: commitIndex: updateToMax old=1, new=1, updated? false
2022-08-02 21:05:58,389 [grpc-default-executor-0] DEBUG leader.FollowerInfo (FollowerInfoImpl.java:lambda$new$1(49)) - s0@group-DBBE7E7C6C61->s2: matchIndex: updateToMax old=2, new=-1, updated? false
2022-08-02 21:05:58,390 [grpc-default-executor-3] DEBUG leader.FollowerInfo (FollowerInfoImpl.java:lambda$new$1(49)) - s0@group-DBBE7E7C6C61->s1: commitIndex: updateToMax old=1, new=1, updated? false
2022-08-02 21:05:58,390 [grpc-default-executor-3] DEBUG leader.FollowerInfo (FollowerInfoImpl.java:lambda$new$1(49)) - s0@group-DBBE7E7C6C61->s1: matchIndex: updateToMax old=2, new=-1, updated? false
2022-08-02 21:05:58,391 [grpc-default-executor-0] DEBUG leader.FollowerInfo (FollowerInfoImpl.java:lambda$new$1(49)) - s0@group-DBBE7E7C6C61->s2: commitIndex: updateToMax old=1, new=1, updated? false
2022-08-02 21:05:58,391 [grpc-default-executor-0] DEBUG leader.FollowerInfo (FollowerInfoImpl.java:lambda$new$1(49)) - s0@group-DBBE7E7C6C61->s2: matchIndex: updateToMax old=2, new=-1, updated? false
2022-08-02 21:05:58,391 [grpc-default-executor-3] DEBUG leader.FollowerInfo (FollowerInfoImpl.java:lambda$new$1(49)) - s0@group-DBBE7E7C6C61->s1: commitIndex: updateToMax old=1, new=1, updated? false
2022-08-02 21:05:58,391 [grpc-default-executor-3] DEBUG leader.FollowerInfo (FollowerInfoImpl.java:lambda$new$1(49)) - s0@group-DBBE7E7C6C61->s1: matchIndex: updateToMax old=2, new=-1, updated? false
2022-08-02 21:05:58,392 [grpc-default-executor-0] DEBUG leader.FollowerInfo (FollowerInfoImpl.java:lambda$new$1(49)) - s0@group-DBBE7E7C6C61->s2: commitIndex: updateToMax old=1, new=1, updated? false
2022-08-02 21:05:58,392 [grpc-default-executor-0] DEBUG leader.FollowerInfo (FollowerInfoImpl.java:lambda$new$1(49)) - s0@group-DBBE7E7C6C61->s2: matchIndex: updateToMax old=2, new=-1, updated? false
2022-08-02 21:05:58,393 [grpc-default-executor-3] DEBUG leader.FollowerInfo (FollowerInfoImpl.java:lambda$new$1(49)) - s0@group-DBBE7E7C6C61->s1: commitIndex: updateToMax old=1, new=1, updated? false
2022-08-02 21:05:58,393 [grpc-default-executor-3] DEBUG leader.FollowerInfo (FollowerInfoImpl.java:lambda$new$1(49)) - s0@group-DBBE7E7C6C61->s1: matchIndex: updateToMax old=2, new=-1, updated? false
2022-08-02 21:05:58,393 [grpc-default-executor-0] DEBUG leader.FollowerInfo (FollowerInfoImpl.java:lambda$new$1(49)) - s0@group-DBBE7E7C6C61->s2: commitIndex: updateToMax old=1, new=1, updated? false
2022-08-02 21:05:58,393 [grpc-default-executor-0] DEBUG leader.FollowerInfo (FollowerInfoImpl.java:lambda$new$1(49)) - s0@group-DBBE7E7C6C61->s2: matchIndex: updateToMax old=2, new=-1, updated? false
2022-08-02 21:05:58,394 [grpc-default-executor-3] DEBUG leader.FollowerInfo (FollowerInfoImpl.java:lambda$new$1(49)) - s0@group-DBBE7E7C6C61->s1: commitIndex: updateToMax old=1, new=1, updated? false
2022-08-02 21:05:58,394 [grpc-default-executor-3] DEBUG leader.FollowerInfo (FollowerInfoImpl.java:lambda$new$1(49)) - s0@group-DBBE7E7C6C61->s1: matchIndex: updateToMax old=2, new=-1, updated? false
2022-08-02 21:05:58,395 [grpc-default-executor-0] DEBUG leader.FollowerInfo (FollowerInfoImpl.java:lambda$new$1(49)) - s0@group-DBBE7E7C6C61->s2: commitIndex: updateToMax old=1, new=1, updated? false
2022-08-02 21:05:58,395 [grpc-default-executor-0] DEBUG leader.FollowerInfo (FollowerInfoImpl.java:lambda$new$1(49)) - s0@group-DBBE7E7C6C61->s2: matchIndex: updateToMax old=2, new=-1, updated? false
2022-08-02 21:05:58,395 [grpc-default-executor-3] DEBUG leader.FollowerInfo (FollowerInfoImpl.java:lambda$new$1(49)) - s0@group-DBBE7E7C6C61->s1: commitIndex: updateToMax old=1, new=1, updated? false
2022-08-02 21:05:58,395 [grpc-default-executor-3] DEBUG leader.FollowerInfo (FollowerInfoImpl.java:lambda$new$1(49)) - s0@group-DBBE7E7C6C61->s1: matchIndex: updateToMax old=2, new=-1, updated? false
2022-08-02 21:05:58,396 [grpc-default-executor-0] DEBUG leader.FollowerInfo (FollowerInfoImpl.java:lambda$new$1(49)) - s0@group-DBBE7E7C6C61->s2: commitIndex: updateToMax old=1, new=1, updated? false
2022-08-02 21:05:58,396 [grpc-default-executor-0] DEBUG leader.FollowerInfo (FollowerInfoImpl.java:lambda$new$1(49)) - s0@group-DBBE7E7C6C61->s2: matchIndex: updateToMax old=2, new=-1, updated? false
2022-08-02 21:05:58,397 [grpc-default-executor-3] DEBUG leader.FollowerInfo (FollowerInfoImpl.java:lambda$new$1(49)) - s0@group-DBBE7E7C6C61->s1: commitIndex: updateToMax old=1, new=1, updated? false
2022-08-02 21:05:58,397 [grpc-default-executor-3] DEBUG leader.FollowerInfo (FollowerInfoImpl.java:lambda$new$1(49)) - s0@group-DBBE7E7C6C61->s1: matchIndex: updateToMax old=2, new=-1, updated? false
2022-08-02 21:05:58,397 [grpc-default-executor-0] DEBUG leader.FollowerInfo (FollowerInfoImpl.java:lambda$new$1(49)) - s0@group-DBBE7E7C6C61->s2: commitIndex: updateToMax old=1, new=1, updated? false
2022-08-02 21:05:58,397 [grpc-default-executor-0] DEBUG leader.FollowerInfo (FollowerInfoImpl.java:lambda$new$1(49)) - s0@group-DBBE7E7C6C61->s2: matchIndex: updateToMax old=2, new=-1, updated? false
2022-08-02 21:05:58,398 [grpc-default-executor-3] DEBUG leader.FollowerInfo (FollowerInfoImpl.java:lambda$new$1(49)) - s0@group-DBBE7E7C6C61->s1: commitIndex: updateToMax old=1, new=1, updated? false
2022-08-02 21:05:58,398 [grpc-default-executor-3] DEBUG leader.FollowerInfo (FollowerInfoImpl.java:lambda$new$1(49)) - s0@group-DBBE7E7C6C61->s1: matchIndex: updateToMax old=2, new=-1, updated? false
2022-08-02 21:05:58,398 [grpc-default-executor-0] DEBUG leader.FollowerInfo (FollowerInfoImpl.java:lambda$new$1(49)) - s0@group-DBBE7E7C6C61->s2: commitIndex: updateToMax old=1, new=1, updated? false
2022-08-02 21:05:58,399 [grpc-default-executor-0] DEBUG leader.FollowerInfo (FollowerInfoImpl.java:lambda$new$1(49)) - s0@group-DBBE7E7C6C61->s2: matchIndex: updateToMax old=2, new=-1, updated? false
2022-08-02 21:05:58,399 [grpc-default-executor-0] DEBUG leader.FollowerInfo (FollowerInfoImpl.java:lambda$new$1(49)) - s0@group-DBBE7E7C6C61->s1: commitIndex: updateToMax old=1, new=1, updated? false
2022-08-02 21:05:58,399 [grpc-default-executor-0] DEBUG leader.FollowerInfo (FollowerInfoImpl.java:lambda$new$1(49)) - s0@group-DBBE7E7C6C61->s1: matchIndex: updateToMax old=2, new=-1, updated? false
2022-08-02 21:05:58,400 [grpc-default-executor-0] DEBUG leader.FollowerInfo (FollowerInfoImpl.java:lambda$new$1(49)) - s0@group-DBBE7E7C6C61->s2: commitIndex: updateToMax old=1, new=1, updated? false
2022-08-02 21:05:58,400 [grpc-default-executor-0] DEBUG leader.FollowerInfo (FollowerInfoImpl.java:lambda$new$1(49)) - s0@group-DBBE7E7C6C61->s2: matchIndex: updateToMax old=2, new=-1, updated? false
2022-08-02 21:05:58,400 [grpc-default-executor-0] DEBUG leader.FollowerInfo (FollowerInfoImpl.java:lambda$new$1(49)) - s0@group-DBBE7E7C6C61->s1: commitIndex: updateToMax old=1, new=1, updated? false
2022-08-02 21:05:58,400 [grpc-default-executor-0] DEBUG leader.FollowerInfo (FollowerInfoImpl.java:lambda$new$1(49)) - s0@group-DBBE7E7C6C61->s1: matchIndex: updateToMax old=2, new=-1, updated? false
2022-08-02 21:05:58,400 [grpc-default-executor-0] DEBUG leader.FollowerInfo (FollowerInfoImpl.java:lambda$new$1(49)) - s0@group-DBBE7E7C6C61->s1: commitIndex: updateToMax old=1, new=1, updated? false
2022-08-02 21:05:58,400 [grpc-default-executor-0] DEBUG leader.FollowerInfo (FollowerInfoImpl.java:lambda$new$1(49)) - s0@group-DBBE7E7C6C61->s1: matchIndex: updateToMax old=2, new=-1, updated? false
2022-08-02 21:05:58,401 [grpc-default-executor-3] DEBUG leader.FollowerInfo (FollowerInfoImpl.java:lambda$new$1(49)) - s0@group-DBBE7E7C6C61->s2: commitIndex: updateToMax old=1, new=1, updated? false
2022-08-02 21:05:58,401 [grpc-default-executor-3] DEBUG leader.FollowerInfo (FollowerInfoImpl.java:lambda$new$1(49)) - s0@group-DBBE7E7C6C61->s2: matchIndex: updateToMax old=2, new=-1, updated? false
2022-08-02 21:05:58,402 [grpc-default-executor-0] DEBUG leader.FollowerInfo (FollowerInfoImpl.java:lambda$new$1(49)) - s0@group-DBBE7E7C6C61->s1: commitIndex: updateToMax old=1, new=1, updated? false
2022-08-02 21:05:58,402 [grpc-default-executor-0] DEBUG leader.FollowerInfo (FollowerInfoImpl.java:lambda$new$1(49)) - s0@group-DBBE7E7C6C61->s1: matchIndex: updateToMax old=2, new=-1, updated? false
2022-08-02 21:05:58,402 [grpc-default-executor-3] DEBUG leader.FollowerInfo (FollowerInfoImpl.java:lambda$new$1(49)) - s0@group-DBBE7E7C6C61->s2: commitIndex: updateToMax old=1, new=1, updated? false
2022-08-02 21:05:58,402 [grpc-default-executor-3] DEBUG leader.FollowerInfo (FollowerInfoImpl.java:lambda$new$1(49)) - s0@group-DBBE7E7C6C61->s2: matchIndex: updateToMax old=2, new=-1, updated? false
2022-08-02 21:05:58,403 [grpc-default-executor-0] DEBUG leader.FollowerInfo (FollowerInfoImpl.java:lambda$new$1(49)) - s0@group-DBBE7E7C6C61->s1: commitIndex: updateToMax old=1, new=1, updated? false
2022-08-02 21:05:58,403 [grpc-default-executor-0] DEBUG leader.FollowerInfo (FollowerInfoImpl.java:lambda$new$1(49)) - s0@group-DBBE7E7C6C61->s1: matchIndex: updateToMax old=2, new=-1, updated? false
2022-08-02 21:05:58,403 [grpc-default-executor-3] DEBUG leader.FollowerInfo (FollowerInfoImpl.java:lambda$new$1(49)) - s0@group-DBBE7E7C6C61->s2: commitIndex: updateToMax old=1, new=1, updated? false
2022-08-02 21:05:58,403 [grpc-default-executor-3] DEBUG leader.FollowerInfo (FollowerInfoImpl.java:lambda$new$1(49)) - s0@group-DBBE7E7C6C61->s2: matchIndex: updateToMax old=2, new=-1, updated? false
2022-08-02 21:05:58,404 [grpc-default-executor-3] DEBUG leader.FollowerInfo (FollowerInfoImpl.java:lambda$new$1(49)) - s0@group-DBBE7E7C6C61->s1: commitIndex: updateToMax old=1, new=1, updated? false
2022-08-02 21:05:58,404 [grpc-default-executor-3] DEBUG leader.FollowerInfo (FollowerInfoImpl.java:lambda$new$1(49)) - s0@group-DBBE7E7C6C61->s1: matchIndex: updateToMax old=2, new=-1, updated? false
2022-08-02 21:05:58,404 [grpc-default-executor-3] DEBUG leader.FollowerInfo (FollowerInfoImpl.java:lambda$new$1(49)) - s0@group-DBBE7E7C6C61->s2: commitIndex: updateToMax old=1, new=1, updated? false
2022-08-02 21:05:58,404 [grpc-default-executor-3] DEBUG leader.FollowerInfo (FollowerInfoImpl.java:lambda$new$1(49)) - s0@group-DBBE7E7C6C61->s2: matchIndex: updateToMax old=2, new=-1, updated? false
2022-08-02 21:05:58,405 [grpc-default-executor-3] DEBUG leader.FollowerInfo (FollowerInfoImpl.java:lambda$new$1(49)) - s0@group-DBBE7E7C6C61->s1: commitIndex: updateToMax old=1, new=1, updated? false
2022-08-02 21:05:58,405 [grpc-default-executor-3] DEBUG leader.FollowerInfo (FollowerInfoImpl.java:lambda$new$1(49)) - s0@group-DBBE7E7C6C61->s1: matchIndex: updateToMax old=2, new=-1, updated? false
2022-08-02 21:05:58,406 [grpc-default-executor-3] DEBUG leader.FollowerInfo (FollowerInfoImpl.java:lambda$new$1(49)) - s0@group-DBBE7E7C6C61->s2: commitIndex: updateToMax old=1, new=1, updated? false
2022-08-02 21:05:58,406 [grpc-default-executor-3] DEBUG leader.FollowerInfo (FollowerInfoImpl.java:lambda$new$1(49)) - s0@group-DBBE7E7C6C61->s2: matchIndex: updateToMax old=2, new=-1, updated? false
2022-08-02 21:05:58,406 [grpc-default-executor-3] DEBUG leader.FollowerInfo (FollowerInfoImpl.java:lambda$new$1(49)) - s0@group-DBBE7E7C6C61->s1: commitIndex: updateToMax old=1, new=1, updated? false
2022-08-02 21:05:58,406 [grpc-default-executor-3] DEBUG leader.FollowerInfo (FollowerInfoImpl.java:lambda$new$1(49)) - s0@group-DBBE7E7C6C61->s1: matchIndex: updateToMax old=2, new=-1, updated? false
2022-08-02 21:05:58,407 [grpc-default-executor-0] DEBUG leader.FollowerInfo (FollowerInfoImpl.java:lambda$new$1(49)) - s0@group-DBBE7E7C6C61->s2: commitIndex: updateToMax old=1, new=1, updated? false
2022-08-02 21:05:58,407 [grpc-default-executor-0] DEBUG leader.FollowerInfo (FollowerInfoImpl.java:lambda$new$1(49)) - s0@group-DBBE7E7C6C61->s2: matchIndex: updateToMax old=2, new=-1, updated? false
2022-08-02 21:05:58,409 [grpc-default-executor-0] DEBUG leader.FollowerInfo (FollowerInfoImpl.java:lambda$new$1(49)) - s0@group-DBBE7E7C6C61->s1: commitIndex: updateToMax old=1, new=1, updated? false
2022-08-02 21:05:58,409 [grpc-default-executor-0] DEBUG leader.FollowerInfo (FollowerInfoImpl.java:lambda$new$1(49)) - s0@group-DBBE7E7C6C61->s1: matchIndex: updateToMax old=2, new=-1, updated? false
2022-08-02 21:05:58,412 [grpc-default-executor-0] DEBUG leader.FollowerInfo (FollowerInfoImpl.java:lambda$new$1(49)) - s0@group-DBBE7E7C6C61->s2: commitIndex: updateToMax old=1, new=1, updated? false
2022-08-02 21:05:58,412 [grpc-default-executor-0] DEBUG leader.FollowerInfo (FollowerInfoImpl.java:lambda$new$1(49)) - s0@group-DBBE7E7C6C61->s2: matchIndex: updateToMax old=2, new=-1, updated? false
2022-08-02 21:05:58,412 [grpc-default-executor-3] DEBUG leader.FollowerInfo (FollowerInfoImpl.java:lambda$new$1(49)) - s0@group-DBBE7E7C6C61->s1: commitIndex: updateToMax old=1, new=1, updated? false
2022-08-02 21:05:58,412 [grpc-default-executor-3] DEBUG leader.FollowerInfo (FollowerInfoImpl.java:lambda$new$1(49)) - s0@group-DBBE7E7C6C61->s1: matchIndex: updateToMax old=2, new=-1, updated? false
2022-08-02 21:05:58,413 [grpc-default-executor-3] DEBUG leader.FollowerInfo (FollowerInfoImpl.java:lambda$new$1(49)) - s0@group-DBBE7E7C6C61->s1: commitIndex: updateToMax old=1, new=1, updated? false
2022-08-02 21:05:58,413 [grpc-default-executor-3] DEBUG leader.FollowerInfo (FollowerInfoImpl.java:lambda$new$1(49)) - s0@group-DBBE7E7C6C61->s1: matchIndex: updateToMax old=2, new=-1, updated? false
2022-08-02 21:05:58,413 [grpc-default-executor-0] DEBUG leader.FollowerInfo (FollowerInfoImpl.java:lambda$new$1(49)) - s0@group-DBBE7E7C6C61->s2: commitIndex: updateToMax old=1, new=1, updated? false
2022-08-02 21:05:58,413 [grpc-default-executor-0] DEBUG leader.FollowerInfo (FollowerInfoImpl.java:lambda$new$1(49)) - s0@group-DBBE7E7C6C61->s2: matchIndex: updateToMax old=2, new=-1, updated? false
2022-08-02 21:05:58,413 [grpc-default-executor-0] DEBUG leader.FollowerInfo (FollowerInfoImpl.java:lambda$new$1(49)) - s0@group-DBBE7E7C6C61->s1: commitIndex: updateToMax old=1, new=1, updated? false
2022-08-02 21:05:58,414 [grpc-default-executor-0] DEBUG leader.FollowerInfo (FollowerInfoImpl.java:lambda$new$1(49)) - s0@group-DBBE7E7C6C61->s1: matchIndex: updateToMax old=2, new=-1, updated? false
2022-08-02 21:05:58,414 [grpc-default-executor-0] DEBUG leader.FollowerInfo (FollowerInfoImpl.java:lambda$new$1(49)) - s0@group-DBBE7E7C6C61->s2: commitIndex: updateToMax old=1, new=1, updated? false
2022-08-02 21:05:58,414 [grpc-default-executor-0] DEBUG leader.FollowerInfo (FollowerInfoImpl.java:lambda$new$1(49)) - s0@group-DBBE7E7C6C61->s2: matchIndex: updateToMax old=2, new=-1, updated? false
2022-08-02 21:05:58,414 [grpc-default-executor-3] DEBUG leader.FollowerInfo (FollowerInfoImpl.java:lambda$new$1(49)) - s0@group-DBBE7E7C6C61->s1: commitIndex: updateToMax old=1, new=1, updated? false
2022-08-02 21:05:58,414 [grpc-default-executor-3] DEBUG leader.FollowerInfo (FollowerInfoImpl.java:lambda$new$1(49)) - s0@group-DBBE7E7C6C61->s1: matchIndex: updateToMax old=2, new=-1, updated? false
2022-08-02 21:05:58,415 [grpc-default-executor-0] DEBUG leader.FollowerInfo (FollowerInfoImpl.java:lambda$new$1(49)) - s0@group-DBBE7E7C6C61->s2: commitIndex: updateToMax old=1, new=1, updated? false
2022-08-02 21:05:58,415 [grpc-default-executor-0] DEBUG leader.FollowerInfo (FollowerInfoImpl.java:lambda$new$1(49)) - s0@group-DBBE7E7C6C61->s2: matchIndex: updateToMax old=2, new=-1, updated? false
2022-08-02 21:05:58,415 [grpc-default-executor-0] DEBUG leader.FollowerInfo (FollowerInfoImpl.java:lambda$new$1(49)) - s0@group-DBBE7E7C6C61->s1: commitIndex: updateToMax old=1, new=1, updated? false
2022-08-02 21:05:58,415 [grpc-default-executor-0] DEBUG leader.FollowerInfo (FollowerInfoImpl.java:lambda$new$1(49)) - s0@group-DBBE7E7C6C61->s1: matchIndex: updateToMax old=2, new=-1, updated? false
2022-08-02 21:05:58,416 [grpc-default-executor-0] DEBUG leader.FollowerInfo (FollowerInfoImpl.java:lambda$new$1(49)) - s0@group-DBBE7E7C6C61->s2: commitIndex: updateToMax old=1, new=1, updated? false
2022-08-02 21:05:58,416 [grpc-default-executor-0] DEBUG leader.FollowerInfo (FollowerInfoImpl.java:lambda$new$1(49)) - s0@group-DBBE7E7C6C61->s2: matchIndex: updateToMax old=2, new=-1, updated? false
2022-08-02 21:05:58,416 [grpc-default-executor-0] DEBUG leader.FollowerInfo (FollowerInfoImpl.java:lambda$new$1(49)) - s0@group-DBBE7E7C6C61->s1: commitIndex: updateToMax old=1, new=1, updated? false
2022-08-02 21:05:58,416 [grpc-default-executor-0] DEBUG leader.FollowerInfo (FollowerInfoImpl.java:lambda$new$1(49)) - s0@group-DBBE7E7C6C61->s1: matchIndex: updateToMax old=2, new=-1, updated? false
2022-08-02 21:05:58,416 [grpc-default-executor-0] DEBUG leader.FollowerInfo (FollowerInfoImpl.java:lambda$new$1(49)) - s0@group-DBBE7E7C6C61->s2: commitIndex: updateToMax old=1, new=1, updated? false
2022-08-02 21:05:58,416 [grpc-default-executor-0] DEBUG leader.FollowerInfo (FollowerInfoImpl.java:lambda$new$1(49)) - s0@group-DBBE7E7C6C61->s2: matchIndex: updateToMax old=2, new=-1, updated? false
2022-08-02 21:05:58,417 [grpc-default-executor-3] DEBUG leader.FollowerInfo (FollowerInfoImpl.java:lambda$new$1(49)) - s0@group-DBBE7E7C6C61->s1: commitIndex: updateToMax old=1, new=1, updated? false
2022-08-02 21:05:58,417 [grpc-default-executor-3] DEBUG leader.FollowerInfo (FollowerInfoImpl.java:lambda$new$1(49)) - s0@group-DBBE7E7C6C61->s1: matchIndex: updateToMax old=2, new=-1, updated? false
2022-08-02 21:05:58,417 [grpc-default-executor-0] DEBUG leader.FollowerInfo (FollowerInfoImpl.java:lambda$new$1(49)) - s0@group-DBBE7E7C6C61->s1: commitIndex: updateToMax old=1, new=1, updated? false
2022-08-02 21:05:58,417 [grpc-default-executor-0] DEBUG leader.FollowerInfo (FollowerInfoImpl.java:lambda$new$1(49)) - s0@group-DBBE7E7C6C61->s1: matchIndex: updateToMax old=2, new=-1, updated? false
2022-08-02 21:05:58,417 [grpc-default-executor-0] DEBUG leader.FollowerInfo (FollowerInfoImpl.java:lambda$new$1(49)) - s0@group-DBBE7E7C6C61->s2: commitIndex: updateToMax old=1, new=1, updated? false
2022-08-02 21:05:58,418 [grpc-default-executor-0] DEBUG leader.FollowerInfo (FollowerInfoImpl.java:lambda$new$1(49)) - s0@group-DBBE7E7C6C61->s2: matchIndex: updateToMax old=2, new=-1, updated? false
2022-08-02 21:05:58,418 [grpc-default-executor-0] DEBUG leader.FollowerInfo (FollowerInfoImpl.java:lambda$new$1(49)) - s0@group-DBBE7E7C6C61->s1: commitIndex: updateToMax old=1, new=1, updated? false
2022-08-02 21:05:58,418 [grpc-default-executor-0] DEBUG leader.FollowerInfo (FollowerInfoImpl.java:lambda$new$1(49)) - s0@group-DBBE7E7C6C61->s1: matchIndex: updateToMax old=2, new=-1, updated? false
2022-08-02 21:05:58,418 [grpc-default-executor-0] DEBUG leader.FollowerInfo (FollowerInfoImpl.java:lambda$new$1(49)) - s0@group-DBBE7E7C6C61->s2: commitIndex: updateToMax old=1, new=1, updated? false
2022-08-02 21:05:58,418 [grpc-default-executor-0] DEBUG leader.FollowerInfo (FollowerInfoImpl.java:lambda$new$1(49)) - s0@group-DBBE7E7C6C61->s2: matchIndex: updateToMax old=2, new=-1, updated? false
2022-08-02 21:05:58,419 [grpc-default-executor-0] DEBUG leader.FollowerInfo (FollowerInfoImpl.java:lambda$new$1(49)) - s0@group-DBBE7E7C6C61->s1: commitIndex: updateToMax old=1, new=1, updated? false
2022-08-02 21:05:58,419 [grpc-default-executor-0] DEBUG leader.FollowerInfo (FollowerInfoImpl.java:lambda$new$1(49)) - s0@group-DBBE7E7C6C61->s1: matchIndex: updateToMax old=2, new=-1, updated? false
2022-08-02 21:05:58,419 [grpc-default-executor-0] DEBUG leader.FollowerInfo (FollowerInfoImpl.java:lambda$new$1(49)) - s0@group-DBBE7E7C6C61->s2: commitIndex: updateToMax old=1, new=1, updated? false
2022-08-02 21:05:58,419 [grpc-default-executor-0] DEBUG leader.FollowerInfo (FollowerInfoImpl.java:lambda$new$1(49)) - s0@group-DBBE7E7C6C61->s2: matchIndex: updateToMax old=2, new=-1, updated? false
2022-08-02 21:05:58,421 [grpc-default-executor-0] DEBUG leader.FollowerInfo (FollowerInfoImpl.java:lambda$new$1(49)) - s0@group-DBBE7E7C6C61->s1: commitIndex: updateToMax old=1, new=1, updated? false
2022-08-02 21:05:58,421 [grpc-default-executor-0] DEBUG leader.FollowerInfo (FollowerInfoImpl.java:lambda$new$1(49)) - s0@group-DBBE7E7C6C61->s1: matchIndex: updateToMax old=2, new=-1, updated? false
2022-08-02 21:05:58,422 [grpc-default-executor-0] DEBUG leader.FollowerInfo (FollowerInfoImpl.java:lambda$new$1(49)) - s0@group-DBBE7E7C6C61->s2: commitIndex: updateToMax old=1, new=1, updated? false
2022-08-02 21:05:58,422 [grpc-default-executor-0] DEBUG leader.FollowerInfo (FollowerInfoImpl.java:lambda$new$1(49)) - s0@group-DBBE7E7C6C61->s2: matchIndex: updateToMax old=2, new=-1, updated? false
2022-08-02 21:05:58,422 [grpc-default-executor-3] DEBUG leader.FollowerInfo (FollowerInfoImpl.java:lambda$new$1(49)) - s0@group-DBBE7E7C6C61->s1: commitIndex: updateToMax old=1, new=1, updated? false
2022-08-02 21:05:58,422 [grpc-default-executor-3] DEBUG leader.FollowerInfo (FollowerInfoImpl.java:lambda$new$1(49)) - s0@group-DBBE7E7C6C61->s1: matchIndex: updateToMax old=2, new=-1, updated? false
2022-08-02 21:05:58,422 [grpc-default-executor-0] DEBUG leader.FollowerInfo (FollowerInfoImpl.java:lambda$new$1(49)) - s0@group-DBBE7E7C6C61->s2: commitIndex: updateToMax old=1, new=1, updated? false
2022-08-02 21:05:58,422 [grpc-default-executor-0] DEBUG leader.FollowerInfo (FollowerInfoImpl.java:lambda$new$1(49)) - s0@group-DBBE7E7C6C61->s2: matchIndex: updateToMax old=2, new=-1, updated? false
2022-08-02 21:05:58,423 [grpc-default-executor-0] DEBUG leader.FollowerInfo (FollowerInfoImpl.java:lambda$new$1(49)) - s0@group-DBBE7E7C6C61->s1: commitIndex: updateToMax old=1, new=1, updated? false
2022-08-02 21:05:58,423 [grpc-default-executor-0] DEBUG leader.FollowerInfo (FollowerInfoImpl.java:lambda$new$1(49)) - s0@group-DBBE7E7C6C61->s1: matchIndex: updateToMax old=2, new=-1, updated? false
2022-08-02 21:05:58,423 [grpc-default-executor-0] DEBUG leader.FollowerInfo (FollowerInfoImpl.java:lambda$new$1(49)) - s0@group-DBBE7E7C6C61->s1: commitIndex: updateToMax old=1, new=1, updated? false
2022-08-02 21:05:58,423 [grpc-default-executor-0] DEBUG leader.FollowerInfo (FollowerInfoImpl.java:lambda$new$1(49)) - s0@group-DBBE7E7C6C61->s1: matchIndex: updateToMax old=2, new=-1, updated? false
2022-08-02 21:05:58,423 [grpc-default-executor-3] DEBUG leader.FollowerInfo (FollowerInfoImpl.java:lambda$new$1(49)) - s0@group-DBBE7E7C6C61->s2: commitIndex: updateToMax old=1, new=1, updated? false
2022-08-02 21:05:58,424 [grpc-default-executor-3] DEBUG leader.FollowerInfo (FollowerInfoImpl.java:lambda$new$1(49)) - s0@group-DBBE7E7C6C61->s2: matchIndex: updateToMax old=2, new=-1, updated? false
2022-08-02 21:05:58,424 [grpc-default-executor-3] DEBUG leader.FollowerInfo (FollowerInfoImpl.java:lambda$new$1(49)) - s0@group-DBBE7E7C6C61->s2: commitIndex: updateToMax old=1, new=1, updated? false
2022-08-02 21:05:58,424 [grpc-default-executor-3] DEBUG leader.FollowerInfo (FollowerInfoImpl.java:lambda$new$1(49)) - s0@group-DBBE7E7C6C61->s2: matchIndex: updateToMax old=2, new=-1, updated? false
2022-08-02 21:05:58,424 [grpc-default-executor-3] DEBUG leader.FollowerInfo (FollowerInfoImpl.java:lambda$new$1(49)) - s0@group-DBBE7E7C6C61->s1: commitIndex: updateToMax old=1, new=1, updated? false
2022-08-02 21:05:58,424 [grpc-default-executor-3] DEBUG leader.FollowerInfo (FollowerInfoImpl.java:lambda$new$1(49)) - s0@group-DBBE7E7C6C61->s1: matchIndex: updateToMax old=2, new=-1, updated? false
2022-08-02 21:05:58,425 [grpc-default-executor-3] DEBUG leader.FollowerInfo (FollowerInfoImpl.java:lambda$new$1(49)) - s0@group-DBBE7E7C6C61->s1: commitIndex: updateToMax old=1, new=1, updated? false
2022-08-02 21:05:58,425 [grpc-default-executor-3] DEBUG leader.FollowerInfo (FollowerInfoImpl.java:lambda$new$1(49)) - s0@group-DBBE7E7C6C61->s1: matchIndex: updateToMax old=2, new=-1, updated? false
2022-08-02 21:05:58,425 [grpc-default-executor-0] DEBUG leader.FollowerInfo (FollowerInfoImpl.java:lambda$new$1(49)) - s0@group-DBBE7E7C6C61->s2: commitIndex: updateToMax old=1, new=1, updated? false
2022-08-02 21:05:58,425 [grpc-default-executor-0] DEBUG leader.FollowerInfo (FollowerInfoImpl.java:lambda$new$1(49)) - s0@group-DBBE7E7C6C61->s2: matchIndex: updateToMax old=2, new=-1, updated? false
2022-08-02 21:05:58,427 [grpc-default-executor-3] DEBUG leader.FollowerInfo (FollowerInfoImpl.java:lambda$new$1(49)) - s0@group-DBBE7E7C6C61->s2: commitIndex: updateToMax old=1, new=1, updated? false
2022-08-02 21:05:58,427 [grpc-default-executor-3] DEBUG leader.FollowerInfo (FollowerInfoImpl.java:lambda$new$1(49)) - s0@group-DBBE7E7C6C61->s2: matchIndex: updateToMax old=2, new=-1, updated? false
2022-08-02 21:05:58,427 [grpc-default-executor-3] DEBUG leader.FollowerInfo (FollowerInfoImpl.java:lambda$new$1(49)) - s0@group-DBBE7E7C6C61->s1: commitIndex: updateToMax old=1, new=1, updated? false
2022-08-02 21:05:58,427 [grpc-default-executor-3] DEBUG leader.FollowerInfo (FollowerInfoImpl.java:lambda$new$1(49)) - s0@group-DBBE7E7C6C61->s1: matchIndex: updateToMax old=2, new=-1, updated? false
2022-08-02 21:05:58,433 [grpc-default-executor-3] DEBUG leader.FollowerInfo (FollowerInfoImpl.java:lambda$new$1(49)) - s0@group-DBBE7E7C6C61->s2: commitIndex: updateToMax old=1, new=1, updated? false
2022-08-02 21:05:58,433 [grpc-default-executor-3] DEBUG leader.FollowerInfo (FollowerInfoImpl.java:lambda$new$1(49)) - s0@group-DBBE7E7C6C61->s2: matchIndex: updateToMax old=2, new=-1, updated? false
2022-08-02 21:05:58,433 [grpc-default-executor-0] DEBUG leader.FollowerInfo (FollowerInfoImpl.java:lambda$new$1(49)) - s0@group-DBBE7E7C6C61->s1: commitIndex: updateToMax old=1, new=1, updated? false
2022-08-02 21:05:58,433 [grpc-default-executor-0] DEBUG leader.FollowerInfo (FollowerInfoImpl.java:lambda$new$1(49)) - s0@group-DBBE7E7C6C61->s1: matchIndex: updateToMax old=2, new=-1, updated? false
2022-08-02 21:05:58,433 [grpc-default-executor-0] DEBUG leader.FollowerInfo (FollowerInfoImpl.java:lambda$new$1(49)) - s0@group-DBBE7E7C6C61->s2: commitIndex: updateToMax old=1, new=1, updated? false
2022-08-02 21:05:58,434 [grpc-default-executor-0] DEBUG leader.FollowerInfo (FollowerInfoImpl.java:lambda$new$1(49)) - s0@group-DBBE7E7C6C61->s2: matchIndex: updateToMax old=2, new=-1, updated? false
2022-08-02 21:05:58,435 [grpc-default-executor-0] DEBUG leader.FollowerInfo (FollowerInfoImpl.java:lambda$new$1(49)) - s0@group-DBBE7E7C6C61->s1: commitIndex: updateToMax old=1, new=1, updated? false
2022-08-02 21:05:58,436 [grpc-default-executor-0] DEBUG leader.FollowerInfo (FollowerInfoImpl.java:lambda$new$1(49)) - s0@group-DBBE7E7C6C61->s1: matchIndex: updateToMax old=2, new=-1, updated? false
2022-08-02 21:05:58,436 [grpc-default-executor-0] DEBUG leader.FollowerInfo (FollowerInfoImpl.java:lambda$new$1(49)) - s0@group-DBBE7E7C6C61->s2: commitIndex: updateToMax old=1, new=1, updated? false
2022-08-02 21:05:58,436 [grpc-default-executor-0] DEBUG leader.FollowerInfo (FollowerInfoImpl.java:lambda$new$1(49)) - s0@group-DBBE7E7C6C61->s2: matchIndex: updateToMax old=2, new=-1, updated? false
2022-08-02 21:05:58,436 [grpc-default-executor-3] DEBUG leader.FollowerInfo (FollowerInfoImpl.java:lambda$new$1(49)) - s0@group-DBBE7E7C6C61->s1: commitIndex: updateToMax old=1, new=1, updated? false
2022-08-02 21:05:58,436 [grpc-default-executor-3] DEBUG leader.FollowerInfo (FollowerInfoImpl.java:lambda$new$1(49)) - s0@group-DBBE7E7C6C61->s1: matchIndex: updateToMax old=2, new=-1, updated? false
2022-08-02 21:05:58,439 [grpc-default-executor-3] DEBUG leader.FollowerInfo (FollowerInfoImpl.java:lambda$new$1(49)) - s0@group-DBBE7E7C6C61->s2: commitIndex: updateToMax old=1, new=1, updated? false
2022-08-02 21:05:58,439 [grpc-default-executor-3] DEBUG leader.FollowerInfo (FollowerInfoImpl.java:lambda$new$1(49)) - s0@group-DBBE7E7C6C61->s2: matchIndex: updateToMax old=2, new=-1, updated? false
2022-08-02 21:05:58,440 [grpc-default-executor-3] DEBUG leader.FollowerInfo (FollowerInfoImpl.java:lambda$new$1(49)) - s0@group-DBBE7E7C6C61->s1: commitIndex: updateToMax old=1, new=1, updated? false
2022-08-02 21:05:58,440 [grpc-default-executor-3] DEBUG leader.FollowerInfo (FollowerInfoImpl.java:lambda$new$1(49)) - s0@group-DBBE7E7C6C61->s1: matchIndex: updateToMax old=2, new=-1, updated? false
2022-08-02 21:05:58,440 [grpc-default-executor-3] DEBUG leader.FollowerInfo (FollowerInfoImpl.java:lambda$new$1(49)) - s0@group-DBBE7E7C6C61->s2: commitIndex: updateToMax old=1, new=1, updated? false
2022-08-02 21:05:58,440 [grpc-default-executor-3] DEBUG leader.FollowerInfo (FollowerInfoImpl.java:lambda$new$1(49)) - s0@group-DBBE7E7C6C61->s2: matchIndex: updateToMax old=2, new=-1, updated? false
2022-08-02 21:05:58,440 [grpc-default-executor-3] DEBUG leader.FollowerInfo (FollowerInfoImpl.java:lambda$new$1(49)) - s0@group-DBBE7E7C6C61->s1: commitIndex: updateToMax old=1, new=1, updated? false
2022-08-02 21:05:58,440 [grpc-default-executor-3] DEBUG leader.FollowerInfo (FollowerInfoImpl.java:lambda$new$1(49)) - s0@group-DBBE7E7C6C61->s1: matchIndex: updateToMax old=2, new=-1, updated? false
2022-08-02 21:05:58,443 [grpc-default-executor-3] DEBUG leader.FollowerInfo (FollowerInfoImpl.java:lambda$new$1(49)) - s0@group-DBBE7E7C6C61->s1: commitIndex: updateToMax old=1, new=1, updated? false
2022-08-02 21:05:58,443 [grpc-default-executor-3] DEBUG leader.FollowerInfo (FollowerInfoImpl.java:lambda$new$1(49)) - s0@group-DBBE7E7C6C61->s1: matchIndex: updateToMax old=2, new=-1, updated? false
2022-08-02 21:05:58,444 [grpc-default-executor-0] DEBUG leader.FollowerInfo (FollowerInfoImpl.java:lambda$new$1(49)) - s0@group-DBBE7E7C6C61->s2: commitIndex: updateToMax old=1, new=1, updated? false
2022-08-02 21:05:58,444 [grpc-default-executor-0] DEBUG leader.FollowerInfo (FollowerInfoImpl.java:lambda$new$1(49)) - s0@group-DBBE7E7C6C61->s2: matchIndex: updateToMax old=2, new=-1, updated? false
2022-08-02 21:05:58,444 [grpc-default-executor-3] DEBUG leader.FollowerInfo (FollowerInfoImpl.java:lambda$new$1(49)) - s0@group-DBBE7E7C6C61->s1: commitIndex: updateToMax old=1, new=1, updated? false
2022-08-02 21:05:58,444 [grpc-default-executor-3] DEBUG leader.FollowerInfo (FollowerInfoImpl.java:lambda$new$1(49)) - s0@group-DBBE7E7C6C61->s1: matchIndex: updateToMax old=2, new=-1, updated? false
2022-08-02 21:05:58,445 [grpc-default-executor-3] DEBUG leader.FollowerInfo (FollowerInfoImpl.java:lambda$new$1(49)) - s0@group-DBBE7E7C6C61->s2: commitIndex: updateToMax old=1, new=1, updated? false
2022-08-02 21:05:58,445 [grpc-default-executor-3] DEBUG leader.FollowerInfo (FollowerInfoImpl.java:lambda$new$1(49)) - s0@group-DBBE7E7C6C61->s2: matchIndex: updateToMax old=2, new=-1, updated? false
2022-08-02 21:05:58,445 [grpc-default-executor-0] DEBUG leader.FollowerInfo (FollowerInfoImpl.java:lambda$new$1(49)) - s0@group-DBBE7E7C6C61->s1: commitIndex: updateToMax old=1, new=1, updated? false
2022-08-02 21:05:58,445 [grpc-default-executor-0] DEBUG leader.FollowerInfo (FollowerInfoImpl.java:lambda$new$1(49)) - s0@group-DBBE7E7C6C61->s1: matchIndex: updateToMax old=2, new=-1, updated? false
2022-08-02 21:05:58,446 [grpc-default-executor-3] DEBUG leader.FollowerInfo (FollowerInfoImpl.java:lambda$new$1(49)) - s0@group-DBBE7E7C6C61->s2: commitIndex: updateToMax old=1, new=1, updated? false
2022-08-02 21:05:58,446 [grpc-default-executor-3] DEBUG leader.FollowerInfo (FollowerInfoImpl.java:lambda$new$1(49)) - s0@group-DBBE7E7C6C61->s2: matchIndex: updateToMax old=2, new=-1, updated? false
2022-08-02 21:05:58,448 [grpc-default-executor-0] DEBUG leader.FollowerInfo (FollowerInfoImpl.java:lambda$new$1(49)) - s0@group-DBBE7E7C6C61->s1: commitIndex: updateToMax old=1, new=1, updated? false
2022-08-02 21:05:58,448 [grpc-default-executor-0] DEBUG leader.FollowerInfo (FollowerInfoImpl.java:lambda$new$1(49)) - s0@group-DBBE7E7C6C61->s1: matchIndex: updateToMax old=2, new=-1, updated? false
2022-08-02 21:05:58,448 [grpc-default-executor-3] DEBUG leader.FollowerInfo (FollowerInfoImpl.java:lambda$new$1(49)) - s0@group-DBBE7E7C6C61->s2: commitIndex: updateToMax old=1, new=1, updated? false
2022-08-02 21:05:58,448 [grpc-default-executor-3] DEBUG leader.FollowerInfo (FollowerInfoImpl.java:lambda$new$1(49)) - s0@group-DBBE7E7C6C61->s2: matchIndex: updateToMax old=2, new=-1, updated? false
2022-08-02 21:05:58,449 [grpc-default-executor-3] DEBUG leader.FollowerInfo (FollowerInfoImpl.java:lambda$new$1(49)) - s0@group-DBBE7E7C6C61->s2: commitIndex: updateToMax old=1, new=1, updated? false
2022-08-02 21:05:58,449 [grpc-default-executor-3] DEBUG leader.FollowerInfo (FollowerInfoImpl.java:lambda$new$1(49)) - s0@group-DBBE7E7C6C61->s2: matchIndex: updateToMax old=2, new=-1, updated? false
2022-08-02 21:05:58,449 [grpc-default-executor-0] DEBUG leader.FollowerInfo (FollowerInfoImpl.java:lambda$new$1(49)) - s0@group-DBBE7E7C6C61->s1: commitIndex: updateToMax old=1, new=1, updated? false
2022-08-02 21:05:58,449 [grpc-default-executor-0] DEBUG leader.FollowerInfo (FollowerInfoImpl.java:lambda$new$1(49)) - s0@group-DBBE7E7C6C61->s1: matchIndex: updateToMax old=2, new=-1, updated? false
2022-08-02 21:05:58,449 [grpc-default-executor-0] DEBUG leader.FollowerInfo (FollowerInfoImpl.java:lambda$new$1(49)) - s0@group-DBBE7E7C6C61->s1: commitIndex: updateToMax old=1, new=1, updated? false
2022-08-02 21:05:58,449 [grpc-default-executor-0] DEBUG leader.FollowerInfo (FollowerInfoImpl.java:lambda$new$1(49)) - s0@group-DBBE7E7C6C61->s1: matchIndex: updateToMax old=2, new=-1, updated? false
2022-08-02 21:05:58,450 [grpc-default-executor-0] DEBUG leader.FollowerInfo (FollowerInfoImpl.java:lambda$new$1(49)) - s0@group-DBBE7E7C6C61->s2: commitIndex: updateToMax old=1, new=1, updated? false
2022-08-02 21:05:58,450 [grpc-default-executor-0] DEBUG leader.FollowerInfo (FollowerInfoImpl.java:lambda$new$1(49)) - s0@group-DBBE7E7C6C61->s2: matchIndex: updateToMax old=2, new=-1, updated? false
2022-08-02 21:05:58,451 [grpc-default-executor-0] DEBUG leader.FollowerInfo (FollowerInfoImpl.java:lambda$new$1(49)) - s0@group-DBBE7E7C6C61->s1: commitIndex: updateToMax old=1, new=1, updated? false
2022-08-02 21:05:58,451 [grpc-default-executor-0] DEBUG leader.FollowerInfo (FollowerInfoImpl.java:lambda$new$1(49)) - s0@group-DBBE7E7C6C61->s1: matchIndex: updateToMax old=2, new=-1, updated? false
2022-08-02 21:05:58,451 [grpc-default-executor-3] DEBUG leader.FollowerInfo (FollowerInfoImpl.java:lambda$new$1(49)) - s0@group-DBBE7E7C6C61->s2: commitIndex: updateToMax old=1, new=1, updated? false
2022-08-02 21:05:58,451 [grpc-default-executor-3] DEBUG leader.FollowerInfo (FollowerInfoImpl.java:lambda$new$1(49)) - s0@group-DBBE7E7C6C61->s2: matchIndex: updateToMax old=2, new=-1, updated? false
2022-08-02 21:05:58,452 [grpc-default-executor-0] DEBUG leader.FollowerInfo (FollowerInfoImpl.java:lambda$new$1(49)) - s0@group-DBBE7E7C6C61->s1: commitIndex: updateToMax old=1, new=1, updated? false
2022-08-02 21:05:58,452 [grpc-default-executor-0] DEBUG leader.FollowerInfo (FollowerInfoImpl.java:lambda$new$1(49)) - s0@group-DBBE7E7C6C61->s1: matchIndex: updateToMax old=2, new=-1, updated? false
2022-08-02 21:05:58,452 [grpc-default-executor-3] DEBUG leader.FollowerInfo (FollowerInfoImpl.java:lambda$new$1(49)) - s0@group-DBBE7E7C6C61->s2: commitIndex: updateToMax old=1, new=1, updated? false
2022-08-02 21:05:58,452 [grpc-default-executor-3] DEBUG leader.FollowerInfo (FollowerInfoImpl.java:lambda$new$1(49)) - s0@group-DBBE7E7C6C61->s2: matchIndex: updateToMax old=2, new=-1, updated? false
2022-08-02 21:05:58,455 [grpc-default-executor-0] DEBUG leader.FollowerInfo (FollowerInfoImpl.java:lambda$new$1(49)) - s0@group-DBBE7E7C6C61->s2: commitIndex: updateToMax old=1, new=1, updated? false
2022-08-02 21:05:58,455 [grpc-default-executor-0] DEBUG leader.FollowerInfo (FollowerInfoImpl.java:lambda$new$1(49)) - s0@group-DBBE7E7C6C61->s2: matchIndex: updateToMax old=2, new=-1, updated? false
2022-08-02 21:05:58,455 [grpc-default-executor-3] DEBUG leader.FollowerInfo (FollowerInfoImpl.java:lambda$new$1(49)) - s0@group-DBBE7E7C6C61->s1: commitIndex: updateToMax old=1, new=1, updated? false
2022-08-02 21:05:58,455 [grpc-default-executor-3] DEBUG leader.FollowerInfo (FollowerInfoImpl.java:lambda$new$1(49)) - s0@group-DBBE7E7C6C61->s1: matchIndex: updateToMax old=2, new=-1, updated? false
2022-08-02 21:05:58,456 [grpc-default-executor-3] DEBUG leader.FollowerInfo (FollowerInfoImpl.java:lambda$new$1(49)) - s0@group-DBBE7E7C6C61->s2: commitIndex: updateToMax old=1, new=1, updated? false
2022-08-02 21:05:58,456 [grpc-default-executor-3] DEBUG leader.FollowerInfo (FollowerInfoImpl.java:lambda$new$1(49)) - s0@group-DBBE7E7C6C61->s2: matchIndex: updateToMax old=2, new=-1, updated? false
2022-08-02 21:05:58,457 [grpc-default-executor-0] DEBUG leader.FollowerInfo (FollowerInfoImpl.java:lambda$new$1(49)) - s0@group-DBBE7E7C6C61->s1: commitIndex: updateToMax old=1, new=1, updated? false
2022-08-02 21:05:58,457 [grpc-default-executor-0] DEBUG leader.FollowerInfo (FollowerInfoImpl.java:lambda$new$1(49)) - s0@group-DBBE7E7C6C61->s1: matchIndex: updateToMax old=2, new=-1, updated? false
2022-08-02 21:05:58,458 [grpc-default-executor-3] DEBUG leader.FollowerInfo (FollowerInfoImpl.java:lambda$new$1(49)) - s0@group-DBBE7E7C6C61->s2: commitIndex: updateToMax old=1, new=1, updated? false
2022-08-02 21:05:58,458 [grpc-default-executor-3] DEBUG leader.FollowerInfo (FollowerInfoImpl.java:lambda$new$1(49)) - s0@group-DBBE7E7C6C61->s2: matchIndex: updateToMax old=2, new=-1, updated? false
2022-08-02 21:05:58,471 [grpc-default-executor-3] DEBUG leader.FollowerInfo (FollowerInfoImpl.java:lambda$new$1(49)) - s0@group-DBBE7E7C6C61->s2: commitIndex: updateToMax old=1, new=1, updated? false
2022-08-02 21:05:58,471 [grpc-default-executor-3] DEBUG leader.FollowerInfo (FollowerInfoImpl.java:lambda$new$1(49)) - s0@group-DBBE7E7C6C61->s2: matchIndex: updateToMax old=2, new=-1, updated? false
2022-08-02 21:05:58,472 [grpc-default-executor-0] DEBUG leader.FollowerInfo (FollowerInfoImpl.java:lambda$new$1(49)) - s0@group-DBBE7E7C6C61->s1: commitIndex: updateToMax old=1, new=1, updated? false
2022-08-02 21:05:58,472 [grpc-default-executor-0] DEBUG leader.FollowerInfo (FollowerInfoImpl.java:lambda$new$1(49)) - s0@group-DBBE7E7C6C61->s1: matchIndex: updateToMax old=2, new=-1, updated? false
2022-08-02 21:05:58,472 [grpc-default-executor-0] DEBUG leader.FollowerInfo (FollowerInfoImpl.java:lambda$new$1(49)) - s0@group-DBBE7E7C6C61->s1: commitIndex: updateToMax old=1, new=1, updated? false
2022-08-02 21:05:58,472 [grpc-default-executor-0] DEBUG leader.FollowerInfo (FollowerInfoImpl.java:lambda$new$1(49)) - s0@group-DBBE7E7C6C61->s1: matchIndex: updateToMax old=2, new=-1, updated? false
2022-08-02 21:05:58,473 [grpc-default-executor-3] DEBUG leader.FollowerInfo (FollowerInfoImpl.java:lambda$new$1(49)) - s0@group-DBBE7E7C6C61->s2: commitIndex: updateToMax old=1, new=1, updated? false
2022-08-02 21:05:58,473 [grpc-default-executor-3] DEBUG leader.FollowerInfo (FollowerInfoImpl.java:lambda$new$1(49)) - s0@group-DBBE7E7C6C61->s2: matchIndex: updateToMax old=2, new=-1, updated? false
2022-08-02 21:05:58,473 [grpc-default-executor-0] DEBUG leader.FollowerInfo (FollowerInfoImpl.java:lambda$new$1(49)) - s0@group-DBBE7E7C6C61->s1: commitIndex: updateToMax old=1, new=1, updated? false
2022-08-02 21:05:58,473 [grpc-default-executor-0] DEBUG leader.FollowerInfo (FollowerInfoImpl.java:lambda$new$1(49)) - s0@group-DBBE7E7C6C61->s1: matchIndex: updateToMax old=2, new=-1, updated? false
2022-08-02 21:05:58,474 [grpc-default-executor-0] DEBUG leader.FollowerInfo (FollowerInfoImpl.java:lambda$new$1(49)) - s0@group-DBBE7E7C6C61->s2: commitIndex: updateToMax old=1, new=1, updated? false
2022-08-02 21:05:58,474 [grpc-default-executor-0] DEBUG leader.FollowerInfo (FollowerInfoImpl.java:lambda$new$1(49)) - s0@group-DBBE7E7C6C61->s2: matchIndex: updateToMax old=2, new=-1, updated? false
2022-08-02 21:05:58,474 [grpc-default-executor-0] DEBUG leader.FollowerInfo (FollowerInfoImpl.java:lambda$new$1(49)) - s0@group-DBBE7E7C6C61->s1: commitIndex: updateToMax old=1, new=1, updated? false
2022-08-02 21:05:58,474 [grpc-default-executor-0] DEBUG leader.FollowerInfo (FollowerInfoImpl.java:lambda$new$1(49)) - s0@group-DBBE7E7C6C61->s1: matchIndex: updateToMax old=2, new=-1, updated? false
2022-08-02 21:05:58,474 [grpc-default-executor-3] DEBUG leader.FollowerInfo (FollowerInfoImpl.java:lambda$new$1(49)) - s0@group-DBBE7E7C6C61->s2: commitIndex: updateToMax old=1, new=1, updated? false
2022-08-02 21:05:58,474 [grpc-default-executor-3] DEBUG leader.FollowerInfo (FollowerInfoImpl.java:lambda$new$1(49)) - s0@group-DBBE7E7C6C61->s2: matchIndex: updateToMax old=2, new=-1, updated? false
2022-08-02 21:05:58,475 [grpc-default-executor-0] DEBUG leader.FollowerInfo (FollowerInfoImpl.java:lambda$new$1(49)) - s0@group-DBBE7E7C6C61->s1: commitIndex: updateToMax old=1, new=1, updated? false
2022-08-02 21:05:58,475 [grpc-default-executor-0] DEBUG leader.FollowerInfo (FollowerInfoImpl.java:lambda$new$1(49)) - s0@group-DBBE7E7C6C61->s1: matchIndex: updateToMax old=2, new=-1, updated? false
2022-08-02 21:05:58,475 [grpc-default-executor-0] DEBUG leader.FollowerInfo (FollowerInfoImpl.java:lambda$new$1(49)) - s0@group-DBBE7E7C6C61->s2: commitIndex: updateToMax old=1, new=1, updated? false
2022-08-02 21:05:58,475 [grpc-default-executor-0] DEBUG leader.FollowerInfo (FollowerInfoImpl.java:lambda$new$1(49)) - s0@group-DBBE7E7C6C61->s2: matchIndex: updateToMax old=2, new=-1, updated? false
2022-08-02 21:05:58,476 [grpc-default-executor-0] DEBUG leader.FollowerInfo (FollowerInfoImpl.java:lambda$new$1(49)) - s0@group-DBBE7E7C6C61->s1: commitIndex: updateToMax old=1, new=1, updated? false
2022-08-02 21:05:58,476 [grpc-default-executor-0] DEBUG leader.FollowerInfo (FollowerInfoImpl.java:lambda$new$1(49)) - s0@group-DBBE7E7C6C61->s1: matchIndex: updateToMax old=2, new=-1, updated? false
2022-08-02 21:05:58,476 [grpc-default-executor-0] DEBUG leader.FollowerInfo (FollowerInfoImpl.java:lambda$new$1(49)) - s0@group-DBBE7E7C6C61->s2: commitIndex: updateToMax old=1, new=1, updated? false
2022-08-02 21:05:58,476 [grpc-default-executor-0] DEBUG leader.FollowerInfo (FollowerInfoImpl.java:lambda$new$1(49)) - s0@group-DBBE7E7C6C61->s2: matchIndex: updateToMax old=2, new=-1, updated? false
2022-08-02 21:05:58,476 [grpc-default-executor-3] DEBUG leader.FollowerInfo (FollowerInfoImpl.java:lambda$new$1(49)) - s0@group-DBBE7E7C6C61->s1: commitIndex: updateToMax old=1, new=1, updated? false
2022-08-02 21:05:58,476 [grpc-default-executor-3] DEBUG leader.FollowerInfo (FollowerInfoImpl.java:lambda$new$1(49)) - s0@group-DBBE7E7C6C61->s1: matchIndex: updateToMax old=2, new=-1, updated? false
2022-08-02 21:05:58,477 [grpc-default-executor-0] DEBUG leader.FollowerInfo (FollowerInfoImpl.java:lambda$new$1(49)) - s0@group-DBBE7E7C6C61->s2: commitIndex: updateToMax old=1, new=1, updated? false
2022-08-02 21:05:58,477 [grpc-default-executor-0] DEBUG leader.FollowerInfo (FollowerInfoImpl.java:lambda$new$1(49)) - s0@group-DBBE7E7C6C61->s2: matchIndex: updateToMax old=2, new=-1, updated? false
2022-08-02 21:05:58,477 [grpc-default-executor-0] DEBUG leader.FollowerInfo (FollowerInfoImpl.java:lambda$new$1(49)) - s0@group-DBBE7E7C6C61->s1: commitIndex: updateToMax old=1, new=1, updated? false
2022-08-02 21:05:58,477 [grpc-default-executor-0] DEBUG leader.FollowerInfo (FollowerInfoImpl.java:lambda$new$1(49)) - s0@group-DBBE7E7C6C61->s1: matchIndex: updateToMax old=2, new=-1, updated? false
2022-08-02 21:05:58,478 [grpc-default-executor-3] DEBUG leader.FollowerInfo (FollowerInfoImpl.java:lambda$new$1(49)) - s0@group-DBBE7E7C6C61->s2: commitIndex: updateToMax old=1, new=1, updated? false
2022-08-02 21:05:58,478 [grpc-default-executor-3] DEBUG leader.FollowerInfo (FollowerInfoImpl.java:lambda$new$1(49)) - s0@group-DBBE7E7C6C61->s2: matchIndex: updateToMax old=2, new=-1, updated? false
2022-08-02 21:05:58,478 [grpc-default-executor-0] DEBUG leader.FollowerInfo (FollowerInfoImpl.java:lambda$new$1(49)) - s0@group-DBBE7E7C6C61->s1: commitIndex: updateToMax old=1, new=1, updated? false
2022-08-02 21:05:58,478 [grpc-default-executor-0] DEBUG leader.FollowerInfo (FollowerInfoImpl.java:lambda$new$1(49)) - s0@group-DBBE7E7C6C61->s1: matchIndex: updateToMax old=2, new=-1, updated? false
2022-08-02 21:05:58,479 [grpc-default-executor-0] DEBUG leader.FollowerInfo (FollowerInfoImpl.java:lambda$new$1(49)) - s0@group-DBBE7E7C6C61->s1: commitIndex: updateToMax old=1, new=1, updated? false
2022-08-02 21:05:58,479 [grpc-default-executor-3] DEBUG leader.FollowerInfo (FollowerInfoImpl.java:lambda$new$1(49)) - s0@group-DBBE7E7C6C61->s2: commitIndex: updateToMax old=1, new=1, updated? false
2022-08-02 21:05:58,479 [grpc-default-executor-3] DEBUG leader.FollowerInfo (FollowerInfoImpl.java:lambda$new$1(49)) - s0@group-DBBE7E7C6C61->s2: matchIndex: updateToMax old=2, new=-1, updated? false
2022-08-02 21:05:58,479 [grpc-default-executor-0] DEBUG leader.FollowerInfo (FollowerInfoImpl.java:lambda$new$1(49)) - s0@group-DBBE7E7C6C61->s1: matchIndex: updateToMax old=2, new=-1, updated? false
2022-08-02 21:05:58,479 [grpc-default-executor-0] DEBUG leader.FollowerInfo (FollowerInfoImpl.java:lambda$new$1(49)) - s0@group-DBBE7E7C6C61->s1: commitIndex: updateToMax old=1, new=1, updated? false
2022-08-02 21:05:58,479 [grpc-default-executor-0] DEBUG leader.FollowerInfo (FollowerInfoImpl.java:lambda$new$1(49)) - s0@group-DBBE7E7C6C61->s1: matchIndex: updateToMax old=2, new=-1, updated? false
2022-08-02 21:05:58,479 [grpc-default-executor-3] DEBUG leader.FollowerInfo (FollowerInfoImpl.java:lambda$new$1(49)) - s0@group-DBBE7E7C6C61->s2: commitIndex: updateToMax old=1, new=1, updated? false
2022-08-02 21:05:58,480 [grpc-default-executor-3] DEBUG leader.FollowerInfo (FollowerInfoImpl.java:lambda$new$1(49)) - s0@group-DBBE7E7C6C61->s2: matchIndex: updateToMax old=2, new=-1, updated? false
2022-08-02 21:05:58,480 [grpc-default-executor-0] DEBUG leader.FollowerInfo (FollowerInfoImpl.java:lambda$new$1(49)) - s0@group-DBBE7E7C6C61->s1: commitIndex: updateToMax old=1, new=1, updated? false
2022-08-02 21:05:58,480 [grpc-default-executor-0] DEBUG leader.FollowerInfo (FollowerInfoImpl.java:lambda$new$1(49)) - s0@group-DBBE7E7C6C61->s1: matchIndex: updateToMax old=2, new=-1, updated? false
2022-08-02 21:05:58,480 [grpc-default-executor-0] DEBUG leader.FollowerInfo (FollowerInfoImpl.java:lambda$new$1(49)) - s0@group-DBBE7E7C6C61->s2: commitIndex: updateToMax old=1, new=1, updated? false
2022-08-02 21:05:58,480 [grpc-default-executor-0] DEBUG leader.FollowerInfo (FollowerInfoImpl.java:lambda$new$1(49)) - s0@group-DBBE7E7C6C61->s2: matchIndex: updateToMax old=2, new=-1, updated? false
2022-08-02 21:05:58,481 [grpc-default-executor-0] DEBUG leader.FollowerInfo (FollowerInfoImpl.java:lambda$new$1(49)) - s0@group-DBBE7E7C6C61->s1: commitIndex: updateToMax old=1, new=1, updated? false
2022-08-02 21:05:58,481 [grpc-default-executor-0] DEBUG leader.FollowerInfo (FollowerInfoImpl.java:lambda$new$1(49)) - s0@group-DBBE7E7C6C61->s1: matchIndex: updateToMax old=2, new=-1, updated? false
2022-08-02 21:05:58,481 [grpc-default-executor-0] DEBUG leader.FollowerInfo (FollowerInfoImpl.java:lambda$new$1(49)) - s0@group-DBBE7E7C6C61->s2: commitIndex: updateToMax old=1, new=1, updated? false
2022-08-02 21:05:58,481 [grpc-default-executor-0] DEBUG leader.FollowerInfo (FollowerInfoImpl.java:lambda$new$1(49)) - s0@group-DBBE7E7C6C61->s2: matchIndex: updateToMax old=2, new=-1, updated? false
2022-08-02 21:05:58,481 [grpc-default-executor-3] DEBUG leader.FollowerInfo (FollowerInfoImpl.java:lambda$new$1(49)) - s0@group-DBBE7E7C6C61->s2: commitIndex: updateToMax old=1, new=1, updated? false
2022-08-02 21:05:58,482 [grpc-default-executor-3] DEBUG leader.FollowerInfo (FollowerInfoImpl.java:lambda$new$1(49)) - s0@group-DBBE7E7C6C61->s2: matchIndex: updateToMax old=2, new=-1, updated? false
2022-08-02 21:05:58,482 [grpc-default-executor-0] DEBUG leader.FollowerInfo (FollowerInfoImpl.java:lambda$new$1(49)) - s0@group-DBBE7E7C6C61->s1: commitIndex: updateToMax old=1, new=1, updated? false
2022-08-02 21:05:58,482 [grpc-default-executor-0] DEBUG leader.FollowerInfo (FollowerInfoImpl.java:lambda$new$1(49)) - s0@group-DBBE7E7C6C61->s1: matchIndex: updateToMax old=2, new=-1, updated? false
2022-08-02 21:05:58,482 [grpc-default-executor-0] DEBUG leader.FollowerInfo (FollowerInfoImpl.java:lambda$new$1(49)) - s0@group-DBBE7E7C6C61->s2: commitIndex: updateToMax old=1, new=1, updated? false
2022-08-02 21:05:58,482 [grpc-default-executor-0] DEBUG leader.FollowerInfo (FollowerInfoImpl.java:lambda$new$1(49)) - s0@group-DBBE7E7C6C61->s2: matchIndex: updateToMax old=2, new=-1, updated? false
2022-08-02 21:05:58,483 [grpc-default-executor-0] DEBUG leader.FollowerInfo (FollowerInfoImpl.java:lambda$new$1(49)) - s0@group-DBBE7E7C6C61->s1: commitIndex: updateToMax old=1, new=1, updated? false
2022-08-02 21:05:58,483 [grpc-default-executor-0] DEBUG leader.FollowerInfo (FollowerInfoImpl.java:lambda$new$1(49)) - s0@group-DBBE7E7C6C61->s1: matchIndex: updateToMax old=2, new=-1, updated? false
2022-08-02 21:05:58,483 [grpc-default-executor-0] DEBUG leader.FollowerInfo (FollowerInfoImpl.java:lambda$new$1(49)) - s0@group-DBBE7E7C6C61->s2: commitIndex: updateToMax old=1, new=1, updated? false
2022-08-02 21:05:58,483 [grpc-default-executor-0] DEBUG leader.FollowerInfo (FollowerInfoImpl.java:lambda$new$1(49)) - s0@group-DBBE7E7C6C61->s2: matchIndex: updateToMax old=2, new=-1, updated? false
2022-08-02 21:05:58,486 [grpc-default-executor-0] DEBUG leader.FollowerInfo (FollowerInfoImpl.java:lambda$new$1(49)) - s0@group-DBBE7E7C6C61->s1: commitIndex: updateToMax old=1, new=1, updated? false
2022-08-02 21:05:58,486 [grpc-default-executor-0] DEBUG leader.FollowerInfo (FollowerInfoImpl.java:lambda$new$1(49)) - s0@group-DBBE7E7C6C61->s1: matchIndex: updateToMax old=2, new=-1, updated? false
2022-08-02 21:05:58,486 [grpc-default-executor-0] DEBUG leader.FollowerInfo (FollowerInfoImpl.java:lambda$new$1(49)) - s0@group-DBBE7E7C6C61->s2: commitIndex: updateToMax old=1, new=1, updated? false
2022-08-02 21:05:58,486 [grpc-default-executor-0] DEBUG leader.FollowerInfo (FollowerInfoImpl.java:lambda$new$1(49)) - s0@group-DBBE7E7C6C61->s2: matchIndex: updateToMax old=2, new=-1, updated? false
2022-08-02 21:05:58,486 [grpc-default-executor-3] DEBUG leader.FollowerInfo (FollowerInfoImpl.java:lambda$new$1(49)) - s0@group-DBBE7E7C6C61->s1: commitIndex: updateToMax old=1, new=1, updated? false
2022-08-02 21:05:58,486 [grpc-default-executor-3] DEBUG leader.FollowerInfo (FollowerInfoImpl.java:lambda$new$1(49)) - s0@group-DBBE7E7C6C61->s1: matchIndex: updateToMax old=2, new=-1, updated? false
2022-08-02 21:05:58,487 [grpc-default-executor-0] DEBUG leader.FollowerInfo (FollowerInfoImpl.java:lambda$new$1(49)) - s0@group-DBBE7E7C6C61->s1: commitIndex: updateToMax old=1, new=1, updated? false
2022-08-02 21:05:58,487 [grpc-default-executor-0] DEBUG leader.FollowerInfo (FollowerInfoImpl.java:lambda$new$1(49)) - s0@group-DBBE7E7C6C61->s1: matchIndex: updateToMax old=2, new=-1, updated? false
2022-08-02 21:05:58,487 [grpc-default-executor-0] DEBUG leader.FollowerInfo (FollowerInfoImpl.java:lambda$new$1(49)) - s0@group-DBBE7E7C6C61->s2: commitIndex: updateToMax old=1, new=1, updated? false
2022-08-02 21:05:58,487 [grpc-default-executor-0] DEBUG leader.FollowerInfo (FollowerInfoImpl.java:lambda$new$1(49)) - s0@group-DBBE7E7C6C61->s2: matchIndex: updateToMax old=2, new=-1, updated? false
2022-08-02 21:05:58,488 [grpc-default-executor-0] DEBUG leader.FollowerInfo (FollowerInfoImpl.java:lambda$new$1(49)) - s0@group-DBBE7E7C6C61->s1: commitIndex: updateToMax old=1, new=1, updated? false
2022-08-02 21:05:58,488 [grpc-default-executor-0] DEBUG leader.FollowerInfo (FollowerInfoImpl.java:lambda$new$1(49)) - s0@group-DBBE7E7C6C61->s1: matchIndex: updateToMax old=2, new=-1, updated? false
2022-08-02 21:05:58,488 [grpc-default-executor-0] DEBUG leader.FollowerInfo (FollowerInfoImpl.java:lambda$new$1(49)) - s0@group-DBBE7E7C6C61->s2: commitIndex: updateToMax old=1, new=1, updated? false
2022-08-02 21:05:58,488 [grpc-default-executor-0] DEBUG leader.FollowerInfo (FollowerInfoImpl.java:lambda$new$1(49)) - s0@group-DBBE7E7C6C61->s2: matchIndex: updateToMax old=2, new=-1, updated? false
2022-08-02 21:05:58,488 [grpc-default-executor-3] DEBUG leader.FollowerInfo (FollowerInfoImpl.java:lambda$new$1(49)) - s0@group-DBBE7E7C6C61->s1: commitIndex: updateToMax old=1, new=1, updated? false
2022-08-02 21:05:58,489 [grpc-default-executor-3] DEBUG leader.FollowerInfo (FollowerInfoImpl.java:lambda$new$1(49)) - s0@group-DBBE7E7C6C61->s1: matchIndex: updateToMax old=2, new=-1, updated? false
2022-08-02 21:05:58,489 [grpc-default-executor-3] DEBUG leader.FollowerInfo (FollowerInfoImpl.java:lambda$new$1(49)) - s0@group-DBBE7E7C6C61->s2: commitIndex: updateToMax old=1, new=1, updated? false
2022-08-02 21:05:58,489 [grpc-default-executor-3] DEBUG leader.FollowerInfo (FollowerInfoImpl.java:lambda$new$1(49)) - s0@group-DBBE7E7C6C61->s2: matchIndex: updateToMax old=2, new=-1, updated? false
2022-08-02 21:05:58,489 [grpc-default-executor-3] DEBUG leader.FollowerInfo (FollowerInfoImpl.java:lambda$new$1(49)) - s0@group-DBBE7E7C6C61->s1: commitIndex: updateToMax old=1, new=1, updated? false
2022-08-02 21:05:58,489 [grpc-default-executor-3] DEBUG leader.FollowerInfo (FollowerInfoImpl.java:lambda$new$1(49)) - s0@group-DBBE7E7C6C61->s1: matchIndex: updateToMax old=2, new=-1, updated? false
2022-08-02 21:05:58,489 [grpc-default-executor-3] DEBUG leader.FollowerInfo (FollowerInfoImpl.java:lambda$new$1(49)) - s0@group-DBBE7E7C6C61->s2: commitIndex: updateToMax old=1, new=1, updated? false
2022-08-02 21:05:58,489 [grpc-default-executor-3] DEBUG leader.FollowerInfo (FollowerInfoImpl.java:lambda$new$1(49)) - s0@group-DBBE7E7C6C61->s2: matchIndex: updateToMax old=2, new=-1, updated? false
2022-08-02 21:05:58,490 [grpc-default-executor-0] DEBUG leader.FollowerInfo (FollowerInfoImpl.java:lambda$new$1(49)) - s0@group-DBBE7E7C6C61->s1: commitIndex: updateToMax old=1, new=1, updated? false
2022-08-02 21:05:58,490 [grpc-default-executor-0] DEBUG leader.FollowerInfo (FollowerInfoImpl.java:lambda$new$1(49)) - s0@group-DBBE7E7C6C61->s1: matchIndex: updateToMax old=2, new=-1, updated? false
2022-08-02 21:05:58,490 [grpc-default-executor-0] DEBUG leader.FollowerInfo (FollowerInfoImpl.java:lambda$new$1(49)) - s0@group-DBBE7E7C6C61->s2: commitIndex: updateToMax old=1, new=1, updated? false
2022-08-02 21:05:58,490 [grpc-default-executor-0] DEBUG leader.FollowerInfo (FollowerInfoImpl.java:lambda$new$1(49)) - s0@group-DBBE7E7C6C61->s2: matchIndex: updateToMax old=2, new=-1, updated? false
2022-08-02 21:05:58,491 [grpc-default-executor-0] DEBUG leader.FollowerInfo (FollowerInfoImpl.java:lambda$new$1(49)) - s0@group-DBBE7E7C6C61->s1: commitIndex: updateToMax old=1, new=1, updated? false
2022-08-02 21:05:58,491 [grpc-default-executor-0] DEBUG leader.FollowerInfo (FollowerInfoImpl.java:lambda$new$1(49)) - s0@group-DBBE7E7C6C61->s1: matchIndex: updateToMax old=2, new=-1, updated? false
2022-08-02 21:05:58,491 [grpc-default-executor-0] DEBUG leader.FollowerInfo (FollowerInfoImpl.java:lambda$new$1(49)) - s0@group-DBBE7E7C6C61->s2: commitIndex: updateToMax old=1, new=1, updated? false
2022-08-02 21:05:58,491 [grpc-default-executor-0] DEBUG leader.FollowerInfo (FollowerInfoImpl.java:lambda$new$1(49)) - s0@group-DBBE7E7C6C61->s2: matchIndex: updateToMax old=2, new=-1, updated? false
2022-08-02 21:05:58,491 [grpc-default-executor-0] DEBUG leader.FollowerInfo (FollowerInfoImpl.java:lambda$new$1(49)) - s0@group-DBBE7E7C6C61->s1: commitIndex: updateToMax old=1, new=1, updated? false
2022-08-02 21:05:58,491 [grpc-default-executor-0] DEBUG leader.FollowerInfo (FollowerInfoImpl.java:lambda$new$1(49)) - s0@group-DBBE7E7C6C61->s1: matchIndex: updateToMax old=2, new=-1, updated? false
2022-08-02 21:05:58,492 [grpc-default-executor-0] DEBUG leader.FollowerInfo (FollowerInfoImpl.java:lambda$new$1(49)) - s0@group-DBBE7E7C6C61->s2: commitIndex: updateToMax old=1, new=1, updated? false
2022-08-02 21:05:58,492 [grpc-default-executor-0] DEBUG leader.FollowerInfo (FollowerInfoImpl.java:lambda$new$1(49)) - s0@group-DBBE7E7C6C61->s2: matchIndex: updateToMax old=2, new=-1, updated? false
2022-08-02 21:05:58,492 [grpc-default-executor-3] DEBUG leader.FollowerInfo (FollowerInfoImpl.java:lambda$new$1(49)) - s0@group-DBBE7E7C6C61->s1: commitIndex: updateToMax old=1, new=1, updated? false
2022-08-02 21:05:58,492 [grpc-default-executor-3] DEBUG leader.FollowerInfo (FollowerInfoImpl.java:lambda$new$1(49)) - s0@group-DBBE7E7C6C61->s1: matchIndex: updateToMax old=2, new=-1, updated? false
2022-08-02 21:05:58,493 [grpc-default-executor-3] DEBUG leader.FollowerInfo (FollowerInfoImpl.java:lambda$new$1(49)) - s0@group-DBBE7E7C6C61->s2: commitIndex: updateToMax old=1, new=1, updated? false
2022-08-02 21:05:58,493 [grpc-default-executor-3] DEBUG leader.FollowerInfo (FollowerInfoImpl.java:lambda$new$1(49)) - s0@group-DBBE7E7C6C61->s2: matchIndex: updateToMax old=2, new=-1, updated? false
2022-08-02 21:05:58,493 [grpc-default-executor-0] DEBUG leader.FollowerInfo (FollowerInfoImpl.java:lambda$new$1(49)) - s0@group-DBBE7E7C6C61->s1: commitIndex: updateToMax old=1, new=1, updated? false
2022-08-02 21:05:58,493 [grpc-default-executor-0] DEBUG leader.FollowerInfo (FollowerInfoImpl.java:lambda$new$1(49)) - s0@group-DBBE7E7C6C61->s1: matchIndex: updateToMax old=2, new=-1, updated? false
2022-08-02 21:05:58,493 [grpc-default-executor-3] DEBUG leader.FollowerInfo (FollowerInfoImpl.java:lambda$new$1(49)) - s0@group-DBBE7E7C6C61->s1: commitIndex: updateToMax old=1, new=1, updated? false
2022-08-02 21:05:58,493 [grpc-default-executor-3] DEBUG leader.FollowerInfo (FollowerInfoImpl.java:lambda$new$1(49)) - s0@group-DBBE7E7C6C61->s1: matchIndex: updateToMax old=2, new=-1, updated? false
2022-08-02 21:05:58,494 [grpc-default-executor-3] DEBUG leader.FollowerInfo (FollowerInfoImpl.java:lambda$new$1(49)) - s0@group-DBBE7E7C6C61->s2: commitIndex: updateToMax old=1, new=1, updated? false
2022-08-02 21:05:58,494 [grpc-default-executor-3] DEBUG leader.FollowerInfo (FollowerInfoImpl.java:lambda$new$1(49)) - s0@group-DBBE7E7C6C61->s2: matchIndex: updateToMax old=2, new=-1, updated? false
2022-08-02 21:05:58,494 [grpc-default-executor-0] DEBUG leader.FollowerInfo (FollowerInfoImpl.java:lambda$new$1(49)) - s0@group-DBBE7E7C6C61->s1: commitIndex: updateToMax old=1, new=1, updated? false
2022-08-02 21:05:58,494 [grpc-default-executor-0] DEBUG leader.FollowerInfo (FollowerInfoImpl.java:lambda$new$1(49)) - s0@group-DBBE7E7C6C61->s1: matchIndex: updateToMax old=2, new=-1, updated? false
2022-08-02 21:05:58,494 [grpc-default-executor-3] DEBUG leader.FollowerInfo (FollowerInfoImpl.java:lambda$new$1(49)) - s0@group-DBBE7E7C6C61->s2: commitIndex: updateToMax old=1, new=1, updated? false
2022-08-02 21:05:58,494 [grpc-default-executor-3] DEBUG leader.FollowerInfo (FollowerInfoImpl.java:lambda$new$1(49)) - s0@group-DBBE7E7C6C61->s2: matchIndex: updateToMax old=2, new=-1, updated? false
2022-08-02 21:05:58,495 [grpc-default-executor-0] DEBUG leader.FollowerInfo (FollowerInfoImpl.java:lambda$new$1(49)) - s0@group-DBBE7E7C6C61->s2: commitIndex: updateToMax old=1, new=1, updated? false
2022-08-02 21:05:58,495 [grpc-default-executor-0] DEBUG leader.FollowerInfo (FollowerInfoImpl.java:lambda$new$1(49)) - s0@group-DBBE7E7C6C61->s2: matchIndex: updateToMax old=2, new=-1, updated? false
2022-08-02 21:05:58,495 [grpc-default-executor-3] DEBUG leader.FollowerInfo (FollowerInfoImpl.java:lambda$new$1(49)) - s0@group-DBBE7E7C6C61->s1: commitIndex: updateToMax old=1, new=1, updated? false
2022-08-02 21:05:58,495 [grpc-default-executor-3] DEBUG leader.FollowerInfo (FollowerInfoImpl.java:lambda$new$1(49)) - s0@group-DBBE7E7C6C61->s1: matchIndex: updateToMax old=2, new=-1, updated? false
2022-08-02 21:05:58,497 [grpc-default-executor-0] DEBUG leader.FollowerInfo (FollowerInfoImpl.java:lambda$new$1(49)) - s0@group-DBBE7E7C6C61->s1: commitIndex: updateToMax old=1, new=1, updated? false
2022-08-02 21:05:58,497 [grpc-default-executor-0] DEBUG leader.FollowerInfo (FollowerInfoImpl.java:lambda$new$1(49)) - s0@group-DBBE7E7C6C61->s1: matchIndex: updateToMax old=2, new=-1, updated? false
2022-08-02 21:05:58,497 [grpc-default-executor-0] DEBUG leader.FollowerInfo (FollowerInfoImpl.java:lambda$new$1(49)) - s0@group-DBBE7E7C6C61->s2: commitIndex: updateToMax old=1, new=1, updated? false
2022-08-02 21:05:58,497 [grpc-default-executor-0] DEBUG leader.FollowerInfo (FollowerInfoImpl.java:lambda$new$1(49)) - s0@group-DBBE7E7C6C61->s2: matchIndex: updateToMax old=2, new=-1, updated? false
2022-08-02 21:05:58,498 [grpc-default-executor-0] DEBUG leader.FollowerInfo (FollowerInfoImpl.java:lambda$new$1(49)) - s0@group-DBBE7E7C6C61->s1: commitIndex: updateToMax old=1, new=1, updated? false
2022-08-02 21:05:58,498 [grpc-default-executor-0] DEBUG leader.FollowerInfo (FollowerInfoImpl.java:lambda$new$1(49)) - s0@group-DBBE7E7C6C61->s1: matchIndex: updateToMax old=2, new=-1, updated? false
2022-08-02 21:05:58,498 [grpc-default-executor-3] DEBUG leader.FollowerInfo (FollowerInfoImpl.java:lambda$new$1(49)) - s0@group-DBBE7E7C6C61->s2: commitIndex: updateToMax old=1, new=1, updated? false
2022-08-02 21:05:58,498 [grpc-default-executor-3] DEBUG leader.FollowerInfo (FollowerInfoImpl.java:lambda$new$1(49)) - s0@group-DBBE7E7C6C61->s2: matchIndex: updateToMax old=2, new=-1, updated? false
2022-08-02 21:05:58,498 [grpc-default-executor-0] DEBUG leader.FollowerInfo (FollowerInfoImpl.java:lambda$new$1(49)) - s0@group-DBBE7E7C6C61->s1: commitIndex: updateToMax old=1, new=1, updated? false
2022-08-02 21:05:58,498 [grpc-default-executor-0] DEBUG leader.FollowerInfo (FollowerInfoImpl.java:lambda$new$1(49)) - s0@group-DBBE7E7C6C61->s1: matchIndex: updateToMax old=2, new=-1, updated? false
2022-08-02 21:05:58,499 [grpc-default-executor-0] DEBUG leader.FollowerInfo (FollowerInfoImpl.java:lambda$new$1(49)) - s0@group-DBBE7E7C6C61->s2: commitIndex: updateToMax old=1, new=1, updated? false
2022-08-02 21:05:58,499 [grpc-default-executor-0] DEBUG leader.FollowerInfo (FollowerInfoImpl.java:lambda$new$1(49)) - s0@group-DBBE7E7C6C61->s2: matchIndex: updateToMax old=2, new=-1, updated? false
2022-08-02 21:05:58,499 [grpc-default-executor-0] DEBUG leader.FollowerInfo (FollowerInfoImpl.java:lambda$new$1(49)) - s0@group-DBBE7E7C6C61->s1: commitIndex: updateToMax old=1, new=1, updated? false
2022-08-02 21:05:58,499 [grpc-default-executor-0] DEBUG leader.FollowerInfo (FollowerInfoImpl.java:lambda$new$1(49)) - s0@group-DBBE7E7C6C61->s1: matchIndex: updateToMax old=2, new=-1, updated? false
2022-08-02 21:05:58,499 [grpc-default-executor-3] DEBUG leader.FollowerInfo (FollowerInfoImpl.java:lambda$new$1(49)) - s0@group-DBBE7E7C6C61->s2: commitIndex: updateToMax old=1, new=1, updated? false
2022-08-02 21:05:58,499 [grpc-default-executor-3] DEBUG leader.FollowerInfo (FollowerInfoImpl.java:lambda$new$1(49)) - s0@group-DBBE7E7C6C61->s2: matchIndex: updateToMax old=2, new=-1, updated? false
2022-08-02 21:05:58,500 [grpc-default-executor-3] DEBUG leader.FollowerInfo (FollowerInfoImpl.java:lambda$new$1(49)) - s0@group-DBBE7E7C6C61->s1: commitIndex: updateToMax old=1, new=1, updated? false
2022-08-02 21:05:58,500 [grpc-default-executor-0] DEBUG leader.FollowerInfo (FollowerInfoImpl.java:lambda$new$1(49)) - s0@group-DBBE7E7C6C61->s2: commitIndex: updateToMax old=1, new=1, updated? false
2022-08-02 21:05:58,500 [grpc-default-executor-0] DEBUG leader.FollowerInfo (FollowerInfoImpl.java:lambda$new$1(49)) - s0@group-DBBE7E7C6C61->s2: matchIndex: updateToMax old=2, new=-1, updated? false
2022-08-02 21:05:58,500 [grpc-default-executor-3] DEBUG leader.FollowerInfo (FollowerInfoImpl.java:lambda$new$1(49)) - s0@group-DBBE7E7C6C61->s1: matchIndex: updateToMax old=2, new=-1, updated? false
2022-08-02 21:05:58,501 [grpc-default-executor-0] DEBUG leader.FollowerInfo (FollowerInfoImpl.java:lambda$new$1(49)) - s0@group-DBBE7E7C6C61->s1: commitIndex: updateToMax old=1, new=1, updated? false
2022-08-02 21:05:58,501 [grpc-default-executor-0] DEBUG leader.FollowerInfo (FollowerInfoImpl.java:lambda$new$1(49)) - s0@group-DBBE7E7C6C61->s1: matchIndex: updateToMax old=2, new=-1, updated? false
2022-08-02 21:05:58,501 [grpc-default-executor-3] DEBUG leader.FollowerInfo (FollowerInfoImpl.java:lambda$new$1(49)) - s0@group-DBBE7E7C6C61->s2: commitIndex: updateToMax old=1, new=1, updated? false
2022-08-02 21:05:58,502 [grpc-default-executor-3] DEBUG leader.FollowerInfo (FollowerInfoImpl.java:lambda$new$1(49)) - s0@group-DBBE7E7C6C61->s2: matchIndex: updateToMax old=2, new=-1, updated? false
2022-08-02 21:05:58,502 [grpc-default-executor-0] DEBUG leader.FollowerInfo (FollowerInfoImpl.java:lambda$new$1(49)) - s0@group-DBBE7E7C6C61->s1: commitIndex: updateToMax old=1, new=1, updated? false
2022-08-02 21:05:58,502 [grpc-default-executor-0] DEBUG leader.FollowerInfo (FollowerInfoImpl.java:lambda$new$1(49)) - s0@group-DBBE7E7C6C61->s1: matchIndex: updateToMax old=2, new=-1, updated? false
2022-08-02 21:05:58,502 [grpc-default-executor-0] DEBUG leader.FollowerInfo (FollowerInfoImpl.java:lambda$new$1(49)) - s0@group-DBBE7E7C6C61->s2: commitIndex: updateToMax old=1, new=1, updated? false
2022-08-02 21:05:58,502 [grpc-default-executor-0] DEBUG leader.FollowerInfo (FollowerInfoImpl.java:lambda$new$1(49)) - s0@group-DBBE7E7C6C61->s2: matchIndex: updateToMax old=2, new=-1, updated? false
2022-08-02 21:05:58,503 [grpc-default-executor-0] DEBUG leader.FollowerInfo (FollowerInfoImpl.java:lambda$new$1(49)) - s0@group-DBBE7E7C6C61->s1: commitIndex: updateToMax old=1, new=1, updated? false
2022-08-02 21:05:58,503 [grpc-default-executor-0] DEBUG leader.FollowerInfo (FollowerInfoImpl.java:lambda$new$1(49)) - s0@group-DBBE7E7C6C61->s1: matchIndex: updateToMax old=2, new=-1, updated? false
2022-08-02 21:05:58,503 [grpc-default-executor-3] DEBUG leader.FollowerInfo (FollowerInfoImpl.java:lambda$new$1(49)) - s0@group-DBBE7E7C6C61->s2: commitIndex: updateToMax old=1, new=1, updated? false
2022-08-02 21:05:58,503 [grpc-default-executor-3] DEBUG leader.FollowerInfo (FollowerInfoImpl.java:lambda$new$1(49)) - s0@group-DBBE7E7C6C61->s2: matchIndex: updateToMax old=2, new=-1, updated? false
2022-08-02 21:05:58,504 [grpc-default-executor-0] DEBUG leader.FollowerInfo (FollowerInfoImpl.java:lambda$new$1(49)) - s0@group-DBBE7E7C6C61->s2: commitIndex: updateToMax old=1, new=1, updated? false
2022-08-02 21:05:58,504 [grpc-default-executor-0] DEBUG leader.FollowerInfo (FollowerInfoImpl.java:lambda$new$1(49)) - s0@group-DBBE7E7C6C61->s2: matchIndex: updateToMax old=2, new=-1, updated? false
2022-08-02 21:05:58,504 [grpc-default-executor-3] DEBUG leader.FollowerInfo (FollowerInfoImpl.java:lambda$new$1(49)) - s0@group-DBBE7E7C6C61->s1: commitIndex: updateToMax old=1, new=1, updated? false
2022-08-02 21:05:58,504 [grpc-default-executor-3] DEBUG leader.FollowerInfo (FollowerInfoImpl.java:lambda$new$1(49)) - s0@group-DBBE7E7C6C61->s1: matchIndex: updateToMax old=2, new=-1, updated? false
2022-08-02 21:05:58,504 [grpc-default-executor-0] DEBUG leader.FollowerInfo (FollowerInfoImpl.java:lambda$new$1(49)) - s0@group-DBBE7E7C6C61->s2: commitIndex: updateToMax old=1, new=1, updated? false
2022-08-02 21:05:58,504 [grpc-default-executor-0] DEBUG leader.FollowerInfo (FollowerInfoImpl.java:lambda$new$1(49)) - s0@group-DBBE7E7C6C61->s2: matchIndex: updateToMax old=2, new=-1, updated? false
2022-08-02 21:05:58,505 [grpc-default-executor-3] DEBUG leader.FollowerInfo (FollowerInfoImpl.java:lambda$new$1(49)) - s0@group-DBBE7E7C6C61->s1: commitIndex: updateToMax old=1, new=1, updated? false
2022-08-02 21:05:58,505 [grpc-default-executor-3] DEBUG leader.FollowerInfo (FollowerInfoImpl.java:lambda$new$1(49)) - s0@group-DBBE7E7C6C61->s1: matchIndex: updateToMax old=2, new=-1, updated? false
2022-08-02 21:05:58,505 [grpc-default-executor-3] DEBUG leader.FollowerInfo (FollowerInfoImpl.java:lambda$new$1(49)) - s0@group-DBBE7E7C6C61->s2: commitIndex: updateToMax old=1, new=1, updated? false
2022-08-02 21:05:58,505 [grpc-default-executor-3] DEBUG leader.FollowerInfo (FollowerInfoImpl.java:lambda$new$1(49)) - s0@group-DBBE7E7C6C61->s2: matchIndex: updateToMax old=2, new=-1, updated? false
2022-08-02 21:05:58,505 [grpc-default-executor-0] DEBUG leader.FollowerInfo (FollowerInfoImpl.java:lambda$new$1(49)) - s0@group-DBBE7E7C6C61->s1: commitIndex: updateToMax old=1, new=1, updated? false
2022-08-02 21:05:58,506 [grpc-default-executor-0] DEBUG leader.FollowerInfo (FollowerInfoImpl.java:lambda$new$1(49)) - s0@group-DBBE7E7C6C61->s1: matchIndex: updateToMax old=2, new=-1, updated? false
2022-08-02 21:05:58,506 [grpc-default-executor-0] DEBUG leader.FollowerInfo (FollowerInfoImpl.java:lambda$new$1(49)) - s0@group-DBBE7E7C6C61->s2: commitIndex: updateToMax old=1, new=1, updated? false
2022-08-02 21:05:58,506 [grpc-default-executor-0] DEBUG leader.FollowerInfo (FollowerInfoImpl.java:lambda$new$1(49)) - s0@group-DBBE7E7C6C61->s2: matchIndex: updateToMax old=2, new=-1, updated? false
2022-08-02 21:05:58,506 [grpc-default-executor-3] DEBUG leader.FollowerInfo (FollowerInfoImpl.java:lambda$new$1(49)) - s0@group-DBBE7E7C6C61->s1: commitIndex: updateToMax old=1, new=1, updated? false
2022-08-02 21:05:58,506 [grpc-default-executor-3] DEBUG leader.FollowerInfo (FollowerInfoImpl.java:lambda$new$1(49)) - s0@group-DBBE7E7C6C61->s1: matchIndex: updateToMax old=2, new=-1, updated? false
2022-08-02 21:05:58,506 [grpc-default-executor-3] DEBUG leader.FollowerInfo (FollowerInfoImpl.java:lambda$new$1(49)) - s0@group-DBBE7E7C6C61->s2: commitIndex: updateToMax old=1, new=1, updated? false
2022-08-02 21:05:58,506 [grpc-default-executor-3] DEBUG leader.FollowerInfo (FollowerInfoImpl.java:lambda$new$1(49)) - s0@group-DBBE7E7C6C61->s2: matchIndex: updateToMax old=2, new=-1, updated? false
2022-08-02 21:05:58,507 [grpc-default-executor-3] DEBUG leader.FollowerInfo (FollowerInfoImpl.java:lambda$new$1(49)) - s0@group-DBBE7E7C6C61->s1: commitIndex: updateToMax old=1, new=1, updated? false
2022-08-02 21:05:58,507 [grpc-default-executor-3] DEBUG leader.FollowerInfo (FollowerInfoImpl.java:lambda$new$1(49)) - s0@group-DBBE7E7C6C61->s1: matchIndex: updateToMax old=2, new=-1, updated? false
2022-08-02 21:05:58,507 [grpc-default-executor-0] DEBUG leader.FollowerInfo (FollowerInfoImpl.java:lambda$new$1(49)) - s0@group-DBBE7E7C6C61->s2: commitIndex: updateToMax old=1, new=1, updated? false
2022-08-02 21:05:58,507 [grpc-default-executor-0] DEBUG leader.FollowerInfo (FollowerInfoImpl.java:lambda$new$1(49)) - s0@group-DBBE7E7C6C61->s2: matchIndex: updateToMax old=2, new=-1, updated? false
2022-08-02 21:05:58,508 [grpc-default-executor-0] DEBUG leader.FollowerInfo (FollowerInfoImpl.java:lambda$new$1(49)) - s0@group-DBBE7E7C6C61->s1: commitIndex: updateToMax old=1, new=1, updated? false
2022-08-02 21:05:58,508 [grpc-default-executor-0] DEBUG leader.FollowerInfo (FollowerInfoImpl.java:lambda$new$1(49)) - s0@group-DBBE7E7C6C61->s1: matchIndex: updateToMax old=2, new=-1, updated? false
2022-08-02 21:05:58,508 [grpc-default-executor-0] DEBUG leader.FollowerInfo (FollowerInfoImpl.java:lambda$new$1(49)) - s0@group-DBBE7E7C6C61->s2: commitIndex: updateToMax old=1, new=1, updated? false
2022-08-02 21:05:58,508 [grpc-default-executor-0] DEBUG leader.FollowerInfo (FollowerInfoImpl.java:lambda$new$1(49)) - s0@group-DBBE7E7C6C61->s2: matchIndex: updateToMax old=2, new=-1, updated? false
2022-08-02 21:05:58,508 [grpc-default-executor-0] DEBUG leader.FollowerInfo (FollowerInfoImpl.java:lambda$new$1(49)) - s0@group-DBBE7E7C6C61->s1: commitIndex: updateToMax old=1, new=1, updated? false
2022-08-02 21:05:58,508 [grpc-default-executor-0] DEBUG leader.FollowerInfo (FollowerInfoImpl.java:lambda$new$1(49)) - s0@group-DBBE7E7C6C61->s1: matchIndex: updateToMax old=2, new=-1, updated? false
2022-08-02 21:05:58,509 [grpc-default-executor-3] DEBUG leader.FollowerInfo (FollowerInfoImpl.java:lambda$new$1(49)) - s0@group-DBBE7E7C6C61->s2: commitIndex: updateToMax old=1, new=1, updated? false
2022-08-02 21:05:58,509 [grpc-default-executor-3] DEBUG leader.FollowerInfo (FollowerInfoImpl.java:lambda$new$1(49)) - s0@group-DBBE7E7C6C61->s2: matchIndex: updateToMax old=2, new=-1, updated? false
2022-08-02 21:05:58,509 [grpc-default-executor-3] DEBUG leader.FollowerInfo (FollowerInfoImpl.java:lambda$new$1(49)) - s0@group-DBBE7E7C6C61->s1: commitIndex: updateToMax old=1, new=1, updated? false
2022-08-02 21:05:58,509 [grpc-default-executor-3] DEBUG leader.FollowerInfo (FollowerInfoImpl.java:lambda$new$1(49)) - s0@group-DBBE7E7C6C61->s1: matchIndex: updateToMax old=2, new=-1, updated? false
2022-08-02 21:05:58,509 [grpc-default-executor-0] DEBUG leader.FollowerInfo (FollowerInfoImpl.java:lambda$new$1(49)) - s0@group-DBBE7E7C6C61->s2: commitIndex: updateToMax old=1, new=1, updated? false
2022-08-02 21:05:58,509 [grpc-default-executor-0] DEBUG leader.FollowerInfo (FollowerInfoImpl.java:lambda$new$1(49)) - s0@group-DBBE7E7C6C61->s2: matchIndex: updateToMax old=2, new=-1, updated? false
2022-08-02 21:05:58,510 [grpc-default-executor-3] DEBUG leader.FollowerInfo (FollowerInfoImpl.java:lambda$new$1(49)) - s0@group-DBBE7E7C6C61->s1: commitIndex: updateToMax old=1, new=1, updated? false
2022-08-02 21:05:58,510 [grpc-default-executor-3] DEBUG leader.FollowerInfo (FollowerInfoImpl.java:lambda$new$1(49)) - s0@group-DBBE7E7C6C61->s1: matchIndex: updateToMax old=2, new=-1, updated? false
2022-08-02 21:05:58,510 [grpc-default-executor-0] DEBUG leader.FollowerInfo (FollowerInfoImpl.java:lambda$new$1(49)) - s0@group-DBBE7E7C6C61->s2: commitIndex: updateToMax old=1, new=1, updated? false
2022-08-02 21:05:58,510 [grpc-default-executor-0] DEBUG leader.FollowerInfo (FollowerInfoImpl.java:lambda$new$1(49)) - s0@group-DBBE7E7C6C61->s2: matchIndex: updateToMax old=2, new=-1, updated? false
2022-08-02 21:05:58,510 [grpc-default-executor-0] DEBUG leader.FollowerInfo (FollowerInfoImpl.java:lambda$new$1(49)) - s0@group-DBBE7E7C6C61->s1: commitIndex: updateToMax old=1, new=1, updated? false
2022-08-02 21:05:58,511 [grpc-default-executor-0] DEBUG leader.FollowerInfo (FollowerInfoImpl.java:lambda$new$1(49)) - s0@group-DBBE7E7C6C61->s1: matchIndex: updateToMax old=2, new=-1, updated? false
2022-08-02 21:05:58,511 [grpc-default-executor-3] DEBUG leader.FollowerInfo (FollowerInfoImpl.java:lambda$new$1(49)) - s0@group-DBBE7E7C6C61->s2: commitIndex: updateToMax old=1, new=1, updated? false
2022-08-02 21:05:58,511 [grpc-default-executor-3] DEBUG leader.FollowerInfo (FollowerInfoImpl.java:lambda$new$1(49)) - s0@group-DBBE7E7C6C61->s2: matchIndex: updateToMax old=2, new=-1, updated? false
2022-08-02 21:05:58,511 [grpc-default-executor-0] DEBUG leader.FollowerInfo (FollowerInfoImpl.java:lambda$new$1(49)) - s0@group-DBBE7E7C6C61->s1: commitIndex: updateToMax old=1, new=1, updated? false
2022-08-02 21:05:58,511 [grpc-default-executor-0] DEBUG leader.FollowerInfo (FollowerInfoImpl.java:lambda$new$1(49)) - s0@group-DBBE7E7C6C61->s1: matchIndex: updateToMax old=2, new=-1, updated? false
2022-08-02 21:05:58,512 [grpc-default-executor-3] DEBUG leader.FollowerInfo (FollowerInfoImpl.java:lambda$new$1(49)) - s0@group-DBBE7E7C6C61->s2: commitIndex: updateToMax old=1, new=1, updated? false
2022-08-02 21:05:58,512 [grpc-default-executor-3] DEBUG leader.FollowerInfo (FollowerInfoImpl.java:lambda$new$1(49)) - s0@group-DBBE7E7C6C61->s2: matchIndex: updateToMax old=2, new=-1, updated? false
2022-08-02 21:05:58,512 [grpc-default-executor-3] DEBUG leader.FollowerInfo (FollowerInfoImpl.java:lambda$new$1(49)) - s0@group-DBBE7E7C6C61->s1: commitIndex: updateToMax old=1, new=1, updated? false
2022-08-02 21:05:58,512 [grpc-default-executor-3] DEBUG leader.FollowerInfo (FollowerInfoImpl.java:lambda$new$1(49)) - s0@group-DBBE7E7C6C61->s1: matchIndex: updateToMax old=2, new=-1, updated? false
2022-08-02 21:05:58,512 [grpc-default-executor-3] DEBUG leader.FollowerInfo (FollowerInfoImpl.java:lambda$new$1(49)) - s0@group-DBBE7E7C6C61->s2: commitIndex: updateToMax old=1, new=1, updated? false
2022-08-02 21:05:58,512 [grpc-default-executor-3] DEBUG leader.FollowerInfo (FollowerInfoImpl.java:lambda$new$1(49)) - s0@group-DBBE7E7C6C61->s2: matchIndex: updateToMax old=2, new=-1, updated? false
2022-08-02 21:05:58,513 [grpc-default-executor-0] DEBUG leader.FollowerInfo (FollowerInfoImpl.java:lambda$new$1(49)) - s0@group-DBBE7E7C6C61->s1: commitIndex: updateToMax old=1, new=1, updated? false
2022-08-02 21:05:58,513 [grpc-default-executor-0] DEBUG leader.FollowerInfo (FollowerInfoImpl.java:lambda$new$1(49)) - s0@group-DBBE7E7C6C61->s1: matchIndex: updateToMax old=2, new=-1, updated? false
2022-08-02 21:05:58,513 [grpc-default-executor-0] DEBUG leader.FollowerInfo (FollowerInfoImpl.java:lambda$new$1(49)) - s0@group-DBBE7E7C6C61->s2: commitIndex: updateToMax old=1, new=1, updated? false
2022-08-02 21:05:58,513 [grpc-default-executor-0] DEBUG leader.FollowerInfo (FollowerInfoImpl.java:lambda$new$1(49)) - s0@group-DBBE7E7C6C61->s2: matchIndex: updateToMax old=2, new=-1, updated? false
2022-08-02 21:05:58,519 [grpc-default-executor-0] DEBUG leader.FollowerInfo (FollowerInfoImpl.java:lambda$new$1(49)) - s0@group-DBBE7E7C6C61->s1: commitIndex: updateToMax old=1, new=1, updated? false
2022-08-02 21:05:58,519 [grpc-default-executor-0] DEBUG leader.FollowerInfo (FollowerInfoImpl.java:lambda$new$1(49)) - s0@group-DBBE7E7C6C61->s1: matchIndex: updateToMax old=2, new=-1, updated? false
2022-08-02 21:05:58,520 [grpc-default-executor-3] DEBUG leader.FollowerInfo (FollowerInfoImpl.java:lambda$new$1(49)) - s0@group-DBBE7E7C6C61->s2: commitIndex: updateToMax old=1, new=1, updated? false
2022-08-02 21:05:58,520 [grpc-default-executor-3] DEBUG leader.FollowerInfo (FollowerInfoImpl.java:lambda$new$1(49)) - s0@group-DBBE7E7C6C61->s2: matchIndex: updateToMax old=2, new=-1, updated? false
2022-08-02 21:05:58,520 [grpc-default-executor-3] DEBUG leader.FollowerInfo (FollowerInfoImpl.java:lambda$new$1(49)) - s0@group-DBBE7E7C6C61->s1: commitIndex: updateToMax old=1, new=1, updated? false
2022-08-02 21:05:58,520 [grpc-default-executor-3] DEBUG leader.FollowerInfo (FollowerInfoImpl.java:lambda$new$1(49)) - s0@group-DBBE7E7C6C61->s1: matchIndex: updateToMax old=2, new=-1, updated? false
2022-08-02 21:05:58,523 [grpc-default-executor-0] DEBUG leader.FollowerInfo (FollowerInfoImpl.java:lambda$new$1(49)) - s0@group-DBBE7E7C6C61->s2: commitIndex: updateToMax old=1, new=1, updated? false
2022-08-02 21:05:58,523 [grpc-default-executor-0] DEBUG leader.FollowerInfo (FollowerInfoImpl.java:lambda$new$1(49)) - s0@group-DBBE7E7C6C61->s2: matchIndex: updateToMax old=2, new=-1, updated? false
2022-08-02 21:05:58,524 [grpc-default-executor-3] DEBUG leader.FollowerInfo (FollowerInfoImpl.java:lambda$new$1(49)) - s0@group-DBBE7E7C6C61->s1: commitIndex: updateToMax old=1, new=1, updated? false
2022-08-02 21:05:58,524 [grpc-default-executor-3] DEBUG leader.FollowerInfo (FollowerInfoImpl.java:lambda$new$1(49)) - s0@group-DBBE7E7C6C61->s1: matchIndex: updateToMax old=2, new=-1, updated? false
2022-08-02 21:05:58,524 [grpc-default-executor-3] DEBUG leader.FollowerInfo (FollowerInfoImpl.java:lambda$new$1(49)) - s0@group-DBBE7E7C6C61->s2: commitIndex: updateToMax old=1, new=1, updated? false
2022-08-02 21:05:58,525 [grpc-default-executor-3] DEBUG leader.FollowerInfo (FollowerInfoImpl.java:lambda$new$1(49)) - s0@group-DBBE7E7C6C61->s2: matchIndex: updateToMax old=2, new=-1, updated? false
2022-08-02 21:05:58,525 [grpc-default-executor-3] DEBUG leader.FollowerInfo (FollowerInfoImpl.java:lambda$new$1(49)) - s0@group-DBBE7E7C6C61->s1: commitIndex: updateToMax old=1, new=1, updated? false
2022-08-02 21:05:58,525 [grpc-default-executor-3] DEBUG leader.FollowerInfo (FollowerInfoImpl.java:lambda$new$1(49)) - s0@group-DBBE7E7C6C61->s1: matchIndex: updateToMax old=2, new=-1, updated? false
2022-08-02 21:05:58,525 [grpc-default-executor-3] DEBUG leader.FollowerInfo (FollowerInfoImpl.java:lambda$new$1(49)) - s0@group-DBBE7E7C6C61->s1: commitIndex: updateToMax old=1, new=1, updated? false
2022-08-02 21:05:58,525 [grpc-default-executor-3] DEBUG leader.FollowerInfo (FollowerInfoImpl.java:lambda$new$1(49)) - s0@group-DBBE7E7C6C61->s1: matchIndex: updateToMax old=2, new=-1, updated? false
2022-08-02 21:05:58,525 [grpc-default-executor-0] DEBUG leader.FollowerInfo (FollowerInfoImpl.java:lambda$new$1(49)) - s0@group-DBBE7E7C6C61->s2: commitIndex: updateToMax old=1, new=1, updated? false
2022-08-02 21:05:58,525 [grpc-default-executor-0] DEBUG leader.FollowerInfo (FollowerInfoImpl.java:lambda$new$1(49)) - s0@group-DBBE7E7C6C61->s2: matchIndex: updateToMax old=2, new=-1, updated? false
2022-08-02 21:05:58,527 [grpc-default-executor-0] DEBUG leader.FollowerInfo (FollowerInfoImpl.java:lambda$new$1(49)) - s0@group-DBBE7E7C6C61->s2: commitIndex: updateToMax old=1, new=1, updated? false
2022-08-02 21:05:58,527 [grpc-default-executor-0] DEBUG leader.FollowerInfo (FollowerInfoImpl.java:lambda$new$1(49)) - s0@group-DBBE7E7C6C61->s2: matchIndex: updateToMax old=2, new=-1, updated? false
2022-08-02 21:05:58,528 [grpc-default-executor-3] DEBUG leader.FollowerInfo (FollowerInfoImpl.java:lambda$new$1(49)) - s0@group-DBBE7E7C6C61->s1: commitIndex: updateToMax old=1, new=1, updated? false
2022-08-02 21:05:58,528 [grpc-default-executor-3] DEBUG leader.FollowerInfo (FollowerInfoImpl.java:lambda$new$1(49)) - s0@group-DBBE7E7C6C61->s1: matchIndex: updateToMax old=2, new=-1, updated? false
2022-08-02 21:05:58,529 [grpc-default-executor-0] DEBUG leader.FollowerInfo (FollowerInfoImpl.java:lambda$new$1(49)) - s0@group-DBBE7E7C6C61->s2: commitIndex: updateToMax old=1, new=1, updated? false
2022-08-02 21:05:58,529 [grpc-default-executor-0] DEBUG leader.FollowerInfo (FollowerInfoImpl.java:lambda$new$1(49)) - s0@group-DBBE7E7C6C61->s2: matchIndex: updateToMax old=2, new=-1, updated? false
2022-08-02 21:05:58,531 [grpc-default-executor-3] DEBUG leader.FollowerInfo (FollowerInfoImpl.java:lambda$new$1(49)) - s0@group-DBBE7E7C6C61->s1: commitIndex: updateToMax old=1, new=1, updated? false
2022-08-02 21:05:58,531 [grpc-default-executor-3] DEBUG leader.FollowerInfo (FollowerInfoImpl.java:lambda$new$1(49)) - s0@group-DBBE7E7C6C61->s1: matchIndex: updateToMax old=2, new=-1, updated? false
2022-08-02 21:05:58,532 [grpc-default-executor-0] DEBUG leader.FollowerInfo (FollowerInfoImpl.java:lambda$new$1(49)) - s0@group-DBBE7E7C6C61->s2: commitIndex: updateToMax old=1, new=1, updated? false
2022-08-02 21:05:58,532 [grpc-default-executor-0] DEBUG leader.FollowerInfo (FollowerInfoImpl.java:lambda$new$1(49)) - s0@group-DBBE7E7C6C61->s2: matchIndex: updateToMax old=2, new=-1, updated? false
2022-08-02 21:05:58,533 [grpc-default-executor-3] DEBUG leader.FollowerInfo (FollowerInfoImpl.java:lambda$new$1(49)) - s0@group-DBBE7E7C6C61->s1: commitIndex: updateToMax old=1, new=1, updated? false
2022-08-02 21:05:58,533 [grpc-default-executor-3] DEBUG leader.FollowerInfo (FollowerInfoImpl.java:lambda$new$1(49)) - s0@group-DBBE7E7C6C61->s1: matchIndex: updateToMax old=2, new=-1, updated? false
2022-08-02 21:05:58,533 [grpc-default-executor-0] DEBUG leader.FollowerInfo (FollowerInfoImpl.java:lambda$new$1(49)) - s0@group-DBBE7E7C6C61->s2: commitIndex: updateToMax old=1, new=1, updated? false
2022-08-02 21:05:58,533 [grpc-default-executor-0] DEBUG leader.FollowerInfo (FollowerInfoImpl.java:lambda$new$1(49)) - s0@group-DBBE7E7C6C61->s2: matchIndex: updateToMax old=2, new=-1, updated? false
2022-08-02 21:05:58,534 [grpc-default-executor-3] DEBUG leader.FollowerInfo (FollowerInfoImpl.java:lambda$new$1(49)) - s0@group-DBBE7E7C6C61->s1: commitIndex: updateToMax old=1, new=1, updated? false
2022-08-02 21:05:58,534 [grpc-default-executor-3] DEBUG leader.FollowerInfo (FollowerInfoImpl.java:lambda$new$1(49)) - s0@group-DBBE7E7C6C61->s1: matchIndex: updateToMax old=2, new=-1, updated? false
2022-08-02 21:05:58,535 [grpc-default-executor-0] DEBUG leader.FollowerInfo (FollowerInfoImpl.java:lambda$new$1(49)) - s0@group-DBBE7E7C6C61->s2: commitIndex: updateToMax old=1, new=1, updated? false
2022-08-02 21:05:58,535 [grpc-default-executor-0] DEBUG leader.FollowerInfo (FollowerInfoImpl.java:lambda$new$1(49)) - s0@group-DBBE7E7C6C61->s2: matchIndex: updateToMax old=2, new=-1, updated? false
2022-08-02 21:05:58,535 [grpc-default-executor-3] DEBUG leader.FollowerInfo (FollowerInfoImpl.java:lambda$new$1(49)) - s0@group-DBBE7E7C6C61->s1: commitIndex: updateToMax old=1, new=1, updated? false
2022-08-02 21:05:58,535 [grpc-default-executor-3] DEBUG leader.FollowerInfo (FollowerInfoImpl.java:lambda$new$1(49)) - s0@group-DBBE7E7C6C61->s1: matchIndex: updateToMax old=2, new=-1, updated? false
2022-08-02 21:05:58,536 [grpc-default-executor-0] DEBUG leader.FollowerInfo (FollowerInfoImpl.java:lambda$new$1(49)) - s0@group-DBBE7E7C6C61->s2: commitIndex: updateToMax old=1, new=1, updated? false
2022-08-02 21:05:58,536 [grpc-default-executor-0] DEBUG leader.FollowerInfo (FollowerInfoImpl.java:lambda$new$1(49)) - s0@group-DBBE7E7C6C61->s2: matchIndex: updateToMax old=2, new=-1, updated? false
2022-08-02 21:05:58,536 [grpc-default-executor-3] DEBUG leader.FollowerInfo (FollowerInfoImpl.java:lambda$new$1(49)) - s0@group-DBBE7E7C6C61->s1: commitIndex: updateToMax old=1, new=1, updated? false
2022-08-02 21:05:58,537 [grpc-default-executor-3] DEBUG leader.FollowerInfo (FollowerInfoImpl.java:lambda$new$1(49)) - s0@group-DBBE7E7C6C61->s1: matchIndex: updateToMax old=2, new=-1, updated? false
2022-08-02 21:05:58,537 [grpc-default-executor-0] DEBUG leader.FollowerInfo (FollowerInfoImpl.java:lambda$new$1(49)) - s0@group-DBBE7E7C6C61->s2: commitIndex: updateToMax old=1, new=1, updated? false
2022-08-02 21:05:58,537 [grpc-default-executor-0] DEBUG leader.FollowerInfo (FollowerInfoImpl.java:lambda$new$1(49)) - s0@group-DBBE7E7C6C61->s2: matchIndex: updateToMax old=2, new=-1, updated? false
2022-08-02 21:05:58,538 [grpc-default-executor-3] DEBUG leader.FollowerInfo (FollowerInfoImpl.java:lambda$new$1(49)) - s0@group-DBBE7E7C6C61->s1: commitIndex: updateToMax old=1, new=1, updated? false
2022-08-02 21:05:58,538 [grpc-default-executor-3] DEBUG leader.FollowerInfo (FollowerInfoImpl.java:lambda$new$1(49)) - s0@group-DBBE7E7C6C61->s1: matchIndex: updateToMax old=2, new=-1, updated? false
2022-08-02 21:05:58,538 [grpc-default-executor-0] DEBUG leader.FollowerInfo (FollowerInfoImpl.java:lambda$new$1(49)) - s0@group-DBBE7E7C6C61->s2: commitIndex: updateToMax old=1, new=1, updated? false
2022-08-02 21:05:58,538 [grpc-default-executor-0] DEBUG leader.FollowerInfo (FollowerInfoImpl.java:lambda$new$1(49)) - s0@group-DBBE7E7C6C61->s2: matchIndex: updateToMax old=2, new=-1, updated? false
2022-08-02 21:05:58,539 [grpc-default-executor-3] DEBUG leader.FollowerInfo (FollowerInfoImpl.java:lambda$new$1(49)) - s0@group-DBBE7E7C6C61->s1: commitIndex: updateToMax old=1, new=1, updated? false
2022-08-02 21:05:58,539 [grpc-default-executor-3] DEBUG leader.FollowerInfo (FollowerInfoImpl.java:lambda$new$1(49)) - s0@group-DBBE7E7C6C61->s1: matchIndex: updateToMax old=2, new=-1, updated? false
2022-08-02 21:05:58,540 [grpc-default-executor-0] DEBUG leader.FollowerInfo (FollowerInfoImpl.java:lambda$new$1(49)) - s0@group-DBBE7E7C6C61->s2: commitIndex: updateToMax old=1, new=1, updated? false
2022-08-02 21:05:58,540 [grpc-default-executor-0] DEBUG leader.FollowerInfo (FollowerInfoImpl.java:lambda$new$1(49)) - s0@group-DBBE7E7C6C61->s2: matchIndex: updateToMax old=2, new=-1, updated? false
2022-08-02 21:05:58,540 [grpc-default-executor-3] DEBUG leader.FollowerInfo (FollowerInfoImpl.java:lambda$new$1(49)) - s0@group-DBBE7E7C6C61->s1: commitIndex: updateToMax old=1, new=1, updated? false
2022-08-02 21:05:58,540 [grpc-default-executor-3] DEBUG leader.FollowerInfo (FollowerInfoImpl.java:lambda$new$1(49)) - s0@group-DBBE7E7C6C61->s1: matchIndex: updateToMax old=2, new=-1, updated? false
2022-08-02 21:05:58,541 [grpc-default-executor-0] DEBUG leader.FollowerInfo (FollowerInfoImpl.java:lambda$new$1(49)) - s0@group-DBBE7E7C6C61->s2: commitIndex: updateToMax old=1, new=1, updated? false
2022-08-02 21:05:58,541 [grpc-default-executor-0] DEBUG leader.FollowerInfo (FollowerInfoImpl.java:lambda$new$1(49)) - s0@group-DBBE7E7C6C61->s2: matchIndex: updateToMax old=2, new=-1, updated? false
2022-08-02 21:05:58,542 [grpc-default-executor-3] DEBUG leader.FollowerInfo (FollowerInfoImpl.java:lambda$new$1(49)) - s0@group-DBBE7E7C6C61->s1: commitIndex: updateToMax old=1, new=1, updated? false
2022-08-02 21:05:58,542 [grpc-default-executor-3] DEBUG leader.FollowerInfo (FollowerInfoImpl.java:lambda$new$1(49)) - s0@group-DBBE7E7C6C61->s1: matchIndex: updateToMax old=2, new=-1, updated? false
2022-08-02 21:05:58,542 [grpc-default-executor-0] DEBUG leader.FollowerInfo (FollowerInfoImpl.java:lambda$new$1(49)) - s0@group-DBBE7E7C6C61->s2: commitIndex: updateToMax old=1, new=1, updated? false
2022-08-02 21:05:58,542 [grpc-default-executor-0] DEBUG leader.FollowerInfo (FollowerInfoImpl.java:lambda$new$1(49)) - s0@group-DBBE7E7C6C61->s2: matchIndex: updateToMax old=2, new=-1, updated? false
2022-08-02 21:05:58,543 [grpc-default-executor-3] DEBUG leader.FollowerInfo (FollowerInfoImpl.java:lambda$new$1(49)) - s0@group-DBBE7E7C6C61->s1: commitIndex: updateToMax old=1, new=1, updated? false
2022-08-02 21:05:58,543 [grpc-default-executor-3] DEBUG leader.FollowerInfo (FollowerInfoImpl.java:lambda$new$1(49)) - s0@group-DBBE7E7C6C61->s1: matchIndex: updateToMax old=2, new=-1, updated? false
2022-08-02 21:05:58,543 [grpc-default-executor-0] DEBUG leader.FollowerInfo (FollowerInfoImpl.java:lambda$new$1(49)) - s0@group-DBBE7E7C6C61->s2: commitIndex: updateToMax old=1, new=1, updated? false
2022-08-02 21:05:58,544 [grpc-default-executor-0] DEBUG leader.FollowerInfo (FollowerInfoImpl.java:lambda$new$1(49)) - s0@group-DBBE7E7C6C61->s2: matchIndex: updateToMax old=2, new=-1, updated? false
2022-08-02 21:05:58,544 [grpc-default-executor-3] DEBUG leader.FollowerInfo (FollowerInfoImpl.java:lambda$new$1(49)) - s0@group-DBBE7E7C6C61->s1: commitIndex: updateToMax old=1, new=1, updated? false
2022-08-02 21:05:58,544 [grpc-default-executor-3] DEBUG leader.FollowerInfo (FollowerInfoImpl.java:lambda$new$1(49)) - s0@group-DBBE7E7C6C61->s1: matchIndex: updateToMax old=2, new=-1, updated? false
2022-08-02 21:05:58,545 [grpc-default-executor-0] DEBUG leader.FollowerInfo (FollowerInfoImpl.java:lambda$new$1(49)) - s0@group-DBBE7E7C6C61->s2: commitIndex: updateToMax old=1, new=1, updated? false
2022-08-02 21:05:58,545 [grpc-default-executor-0] DEBUG leader.FollowerInfo (FollowerInfoImpl.java:lambda$new$1(49)) - s0@group-DBBE7E7C6C61->s2: matchIndex: updateToMax old=2, new=-1, updated? false
2022-08-02 21:05:58,545 [grpc-default-executor-0] DEBUG leader.FollowerInfo (FollowerInfoImpl.java:lambda$new$1(49)) - s0@group-DBBE7E7C6C61->s2: commitIndex: updateToMax old=1, new=1, updated? false
2022-08-02 21:05:58,545 [grpc-default-executor-0] DEBUG leader.FollowerInfo (FollowerInfoImpl.java:lambda$new$1(49)) - s0@group-DBBE7E7C6C61->s2: matchIndex: updateToMax old=2, new=-1, updated? false
2022-08-02 21:05:58,546 [grpc-default-executor-3] DEBUG leader.FollowerInfo (FollowerInfoImpl.java:lambda$new$1(49)) - s0@group-DBBE7E7C6C61->s1: commitIndex: updateToMax old=1, new=1, updated? false
2022-08-02 21:05:58,546 [grpc-default-executor-3] DEBUG leader.FollowerInfo (FollowerInfoImpl.java:lambda$new$1(49)) - s0@group-DBBE7E7C6C61->s1: matchIndex: updateToMax old=2, new=-1, updated? false
2022-08-02 21:05:58,547 [grpc-default-executor-0] DEBUG leader.FollowerInfo (FollowerInfoImpl.java:lambda$new$1(49)) - s0@group-DBBE7E7C6C61->s2: commitIndex: updateToMax old=1, new=1, updated? false
2022-08-02 21:05:58,547 [grpc-default-executor-0] DEBUG leader.FollowerInfo (FollowerInfoImpl.java:lambda$new$1(49)) - s0@group-DBBE7E7C6C61->s2: matchIndex: updateToMax old=2, new=-1, updated? false
2022-08-02 21:05:58,547 [grpc-default-executor-3] DEBUG leader.FollowerInfo (FollowerInfoImpl.java:lambda$new$1(49)) - s0@group-DBBE7E7C6C61->s1: commitIndex: updateToMax old=1, new=1, updated? false
2022-08-02 21:05:58,547 [grpc-default-executor-3] DEBUG leader.FollowerInfo (FollowerInfoImpl.java:lambda$new$1(49)) - s0@group-DBBE7E7C6C61->s1: matchIndex: updateToMax old=2, new=-1, updated? false
2022-08-02 21:05:58,548 [grpc-default-executor-0] DEBUG leader.FollowerInfo (FollowerInfoImpl.java:lambda$new$1(49)) - s0@group-DBBE7E7C6C61->s2: commitIndex: updateToMax old=1, new=1, updated? false
2022-08-02 21:05:58,548 [grpc-default-executor-0] DEBUG leader.FollowerInfo (FollowerInfoImpl.java:lambda$new$1(49)) - s0@group-DBBE7E7C6C61->s2: matchIndex: updateToMax old=2, new=-1, updated? false
2022-08-02 21:05:58,549 [grpc-default-executor-3] DEBUG leader.FollowerInfo (FollowerInfoImpl.java:lambda$new$1(49)) - s0@group-DBBE7E7C6C61->s1: commitIndex: updateToMax old=1, new=1, updated? false
2022-08-02 21:05:58,549 [grpc-default-executor-3] DEBUG leader.FollowerInfo (FollowerInfoImpl.java:lambda$new$1(49)) - s0@group-DBBE7E7C6C61->s1: matchIndex: updateToMax old=2, new=-1, updated? false
2022-08-02 21:05:58,549 [grpc-default-executor-0] DEBUG leader.FollowerInfo (FollowerInfoImpl.java:lambda$new$1(49)) - s0@group-DBBE7E7C6C61->s2: commitIndex: updateToMax old=1, new=1, updated? false
2022-08-02 21:05:58,549 [grpc-default-executor-0] DEBUG leader.FollowerInfo (FollowerInfoImpl.java:lambda$new$1(49)) - s0@group-DBBE7E7C6C61->s2: matchIndex: updateToMax old=2, new=-1, updated? false
2022-08-02 21:05:58,550 [grpc-default-executor-3] DEBUG leader.FollowerInfo (FollowerInfoImpl.java:lambda$new$1(49)) - s0@group-DBBE7E7C6C61->s1: commitIndex: updateToMax old=1, new=1, updated? false
2022-08-02 21:05:58,550 [grpc-default-executor-3] DEBUG leader.FollowerInfo (FollowerInfoImpl.java:lambda$new$1(49)) - s0@group-DBBE7E7C6C61->s1: matchIndex: updateToMax old=2, new=-1, updated? false
2022-08-02 21:05:58,550 [grpc-default-executor-0] DEBUG leader.FollowerInfo (FollowerInfoImpl.java:lambda$new$1(49)) - s0@group-DBBE7E7C6C61->s2: commitIndex: updateToMax old=1, new=1, updated? false
2022-08-02 21:05:58,550 [grpc-default-executor-0] DEBUG leader.FollowerInfo (FollowerInfoImpl.java:lambda$new$1(49)) - s0@group-DBBE7E7C6C61->s2: matchIndex: updateToMax old=2, new=-1, updated? false
2022-08-02 21:05:58,551 [grpc-default-executor-3] DEBUG leader.FollowerInfo (FollowerInfoImpl.java:lambda$new$1(49)) - s0@group-DBBE7E7C6C61->s1: commitIndex: updateToMax old=1, new=1, updated? false
2022-08-02 21:05:58,551 [grpc-default-executor-3] DEBUG leader.FollowerInfo (FollowerInfoImpl.java:lambda$new$1(49)) - s0@group-DBBE7E7C6C61->s1: matchIndex: updateToMax old=2, new=-1, updated? false
2022-08-02 21:05:58,552 [grpc-default-executor-0] DEBUG leader.FollowerInfo (FollowerInfoImpl.java:lambda$new$1(49)) - s0@group-DBBE7E7C6C61->s2: commitIndex: updateToMax old=1, new=1, updated? false
2022-08-02 21:05:58,552 [grpc-default-executor-0] DEBUG leader.FollowerInfo (FollowerInfoImpl.java:lambda$new$1(49)) - s0@group-DBBE7E7C6C61->s2: matchIndex: updateToMax old=2, new=-1, updated? false
2022-08-02 21:05:58,552 [grpc-default-executor-3] DEBUG leader.FollowerInfo (FollowerInfoImpl.java:lambda$new$1(49)) - s0@group-DBBE7E7C6C61->s1: commitIndex: updateToMax old=1, new=1, updated? false
2022-08-02 21:05:58,552 [grpc-default-executor-3] DEBUG leader.FollowerInfo (FollowerInfoImpl.java:lambda$new$1(49)) - s0@group-DBBE7E7C6C61->s1: matchIndex: updateToMax old=2, new=-1, updated? false
2022-08-02 21:05:58,553 [grpc-default-executor-0] DEBUG leader.FollowerInfo (FollowerInfoImpl.java:lambda$new$1(49)) - s0@group-DBBE7E7C6C61->s2: commitIndex: updateToMax old=1, new=1, updated? false
2022-08-02 21:05:58,553 [grpc-default-executor-0] DEBUG leader.FollowerInfo (FollowerInfoImpl.java:lambda$new$1(49)) - s0@group-DBBE7E7C6C61->s2: matchIndex: updateToMax old=2, new=-1, updated? false
2022-08-02 21:05:58,554 [grpc-default-executor-3] DEBUG leader.FollowerInfo (FollowerInfoImpl.java:lambda$new$1(49)) - s0@group-DBBE7E7C6C61->s1: commitIndex: updateToMax old=1, new=1, updated? false
2022-08-02 21:05:58,554 [grpc-default-executor-3] DEBUG leader.FollowerInfo (FollowerInfoImpl.java:lambda$new$1(49)) - s0@group-DBBE7E7C6C61->s1: matchIndex: updateToMax old=2, new=-1, updated? false
2022-08-02 21:05:58,554 [grpc-default-executor-0] DEBUG leader.FollowerInfo (FollowerInfoImpl.java:lambda$new$1(49)) - s0@group-DBBE7E7C6C61->s2: commitIndex: updateToMax old=1, new=1, updated? false
2022-08-02 21:05:58,554 [grpc-default-executor-0] DEBUG leader.FollowerInfo (FollowerInfoImpl.java:lambda$new$1(49)) - s0@group-DBBE7E7C6C61->s2: matchIndex: updateToMax old=2, new=-1, updated? false
2022-08-02 21:05:58,555 [grpc-default-executor-3] DEBUG leader.FollowerInfo (FollowerInfoImpl.java:lambda$new$1(49)) - s0@group-DBBE7E7C6C61->s1: commitIndex: updateToMax old=1, new=1, updated? false
2022-08-02 21:05:58,555 [grpc-default-executor-3] DEBUG leader.FollowerInfo (FollowerInfoImpl.java:lambda$new$1(49)) - s0@group-DBBE7E7C6C61->s1: matchIndex: updateToMax old=2, new=-1, updated? false
2022-08-02 21:05:58,555 [grpc-default-executor-0] DEBUG leader.FollowerInfo (FollowerInfoImpl.java:lambda$new$1(49)) - s0@group-DBBE7E7C6C61->s2: commitIndex: updateToMax old=1, new=1, updated? false
2022-08-02 21:05:58,556 [grpc-default-executor-0] DEBUG leader.FollowerInfo (FollowerInfoImpl.java:lambda$new$1(49)) - s0@group-DBBE7E7C6C61->s2: matchIndex: updateToMax old=2, new=-1, updated? false
2022-08-02 21:05:58,556 [grpc-default-executor-3] DEBUG leader.FollowerInfo (FollowerInfoImpl.java:lambda$new$1(49)) - s0@group-DBBE7E7C6C61->s1: commitIndex: updateToMax old=1, new=1, updated? false
2022-08-02 21:05:58,556 [grpc-default-executor-3] DEBUG leader.FollowerInfo (FollowerInfoImpl.java:lambda$new$1(49)) - s0@group-DBBE7E7C6C61->s1: matchIndex: updateToMax old=2, new=-1, updated? false
2022-08-02 21:05:58,557 [grpc-default-executor-0] DEBUG leader.FollowerInfo (FollowerInfoImpl.java:lambda$new$1(49)) - s0@group-DBBE7E7C6C61->s2: commitIndex: updateToMax old=1, new=1, updated? false
2022-08-02 21:05:58,557 [grpc-default-executor-0] DEBUG leader.FollowerInfo (FollowerInfoImpl.java:lambda$new$1(49)) - s0@group-DBBE7E7C6C61->s2: matchIndex: updateToMax old=2, new=-1, updated? false
2022-08-02 21:05:58,558 [grpc-default-executor-3] DEBUG leader.FollowerInfo (FollowerInfoImpl.java:lambda$new$1(49)) - s0@group-DBBE7E7C6C61->s1: commitIndex: updateToMax old=1, new=1, updated? false
2022-08-02 21:05:58,558 [grpc-default-executor-3] DEBUG leader.FollowerInfo (FollowerInfoImpl.java:lambda$new$1(49)) - s0@group-DBBE7E7C6C61->s1: matchIndex: updateToMax old=2, new=-1, updated? false
2022-08-02 21:05:58,558 [grpc-default-executor-0] DEBUG leader.FollowerInfo (FollowerInfoImpl.java:lambda$new$1(49)) - s0@group-DBBE7E7C6C61->s2: commitIndex: updateToMax old=1, new=1, updated? false
2022-08-02 21:05:58,558 [grpc-default-executor-0] DEBUG leader.FollowerInfo (FollowerInfoImpl.java:lambda$new$1(49)) - s0@group-DBBE7E7C6C61->s2: matchIndex: updateToMax old=2, new=-1, updated? false
2022-08-02 21:05:58,560 [grpc-default-executor-0] DEBUG leader.FollowerInfo (FollowerInfoImpl.java:lambda$new$1(49)) - s0@group-DBBE7E7C6C61->s1: commitIndex: updateToMax old=1, new=1, updated? false
2022-08-02 21:05:58,560 [grpc-default-executor-0] DEBUG leader.FollowerInfo (FollowerInfoImpl.java:lambda$new$1(49)) - s0@group-DBBE7E7C6C61->s1: matchIndex: updateToMax old=2, new=-1, updated? false
2022-08-02 21:05:58,560 [grpc-default-executor-0] DEBUG leader.FollowerInfo (FollowerInfoImpl.java:lambda$new$1(49)) - s0@group-DBBE7E7C6C61->s2: commitIndex: updateToMax old=1, new=1, updated? false
2022-08-02 21:05:58,560 [grpc-default-executor-0] DEBUG leader.FollowerInfo (FollowerInfoImpl.java:lambda$new$1(49)) - s0@group-DBBE7E7C6C61->s2: matchIndex: updateToMax old=2, new=-1, updated? false
2022-08-02 21:05:58,560 [grpc-default-executor-3] DEBUG leader.FollowerInfo (FollowerInfoImpl.java:lambda$new$1(49)) - s0@group-DBBE7E7C6C61->s1: commitIndex: updateToMax old=1, new=1, updated? false
2022-08-02 21:05:58,561 [grpc-default-executor-3] DEBUG leader.FollowerInfo (FollowerInfoImpl.java:lambda$new$1(49)) - s0@group-DBBE7E7C6C61->s1: matchIndex: updateToMax old=2, new=-1, updated? false
2022-08-02 21:05:58,566 [grpc-default-executor-0] DEBUG leader.FollowerInfo (FollowerInfoImpl.java:lambda$new$1(49)) - s0@group-DBBE7E7C6C61->s2: commitIndex: updateToMax old=1, new=1, updated? false
2022-08-02 21:05:58,567 [grpc-default-executor-0] DEBUG leader.FollowerInfo (FollowerInfoImpl.java:lambda$new$1(49)) - s0@group-DBBE7E7C6C61->s2: matchIndex: updateToMax old=2, new=-1, updated? false
2022-08-02 21:05:58,567 [grpc-default-executor-3] DEBUG leader.FollowerInfo (FollowerInfoImpl.java:lambda$new$1(49)) - s0@group-DBBE7E7C6C61->s1: commitIndex: updateToMax old=1, new=1, updated? false
2022-08-02 21:05:58,567 [grpc-default-executor-3] DEBUG leader.FollowerInfo (FollowerInfoImpl.java:lambda$new$1(49)) - s0@group-DBBE7E7C6C61->s1: matchIndex: updateToMax old=2, new=-1, updated? false
2022-08-02 21:05:58,568 [grpc-default-executor-0] DEBUG leader.FollowerInfo (FollowerInfoImpl.java:lambda$new$1(49)) - s0@group-DBBE7E7C6C61->s2: commitIndex: updateToMax old=1, new=1, updated? false
2022-08-02 21:05:58,568 [grpc-default-executor-0] DEBUG leader.FollowerInfo (FollowerInfoImpl.java:lambda$new$1(49)) - s0@group-DBBE7E7C6C61->s2: matchIndex: updateToMax old=2, new=-1, updated? false
2022-08-02 21:05:58,568 [grpc-default-executor-0] DEBUG leader.FollowerInfo (FollowerInfoImpl.java:lambda$new$1(49)) - s0@group-DBBE7E7C6C61->s1: commitIndex: updateToMax old=1, new=1, updated? false
2022-08-02 21:05:58,568 [grpc-default-executor-0] DEBUG leader.FollowerInfo (FollowerInfoImpl.java:lambda$new$1(49)) - s0@group-DBBE7E7C6C61->s1: matchIndex: updateToMax old=2, new=-1, updated? false
2022-08-02 21:05:58,569 [grpc-default-executor-0] DEBUG leader.FollowerInfo (FollowerInfoImpl.java:lambda$new$1(49)) - s0@group-DBBE7E7C6C61->s2: commitIndex: updateToMax old=1, new=1, updated? false
2022-08-02 21:05:58,569 [grpc-default-executor-0] DEBUG leader.FollowerInfo (FollowerInfoImpl.java:lambda$new$1(49)) - s0@group-DBBE7E7C6C61->s2: matchIndex: updateToMax old=2, new=-1, updated? false
2022-08-02 21:05:58,569 [grpc-default-executor-0] DEBUG leader.FollowerInfo (FollowerInfoImpl.java:lambda$new$1(49)) - s0@group-DBBE7E7C6C61->s1: commitIndex: updateToMax old=1, new=1, updated? false
2022-08-02 21:05:58,569 [grpc-default-executor-0] DEBUG leader.FollowerInfo (FollowerInfoImpl.java:lambda$new$1(49)) - s0@group-DBBE7E7C6C61->s1: matchIndex: updateToMax old=2, new=-1, updated? false
2022-08-02 21:05:58,569 [grpc-default-executor-0] DEBUG leader.FollowerInfo (FollowerInfoImpl.java:lambda$new$1(49)) - s0@group-DBBE7E7C6C61->s2: commitIndex: updateToMax old=1, new=1, updated? false
2022-08-02 21:05:58,569 [grpc-default-executor-0] DEBUG leader.FollowerInfo (FollowerInfoImpl.java:lambda$new$1(49)) - s0@group-DBBE7E7C6C61->s2: matchIndex: updateToMax old=2, new=-1, updated? false
2022-08-02 21:05:58,570 [grpc-default-executor-3] DEBUG leader.FollowerInfo (FollowerInfoImpl.java:lambda$new$1(49)) - s0@group-DBBE7E7C6C61->s1: commitIndex: updateToMax old=1, new=1, updated? false
2022-08-02 21:05:58,570 [grpc-default-executor-3] DEBUG leader.FollowerInfo (FollowerInfoImpl.java:lambda$new$1(49)) - s0@group-DBBE7E7C6C61->s1: matchIndex: updateToMax old=2, new=-1, updated? false
2022-08-02 21:05:58,570 [grpc-default-executor-3] DEBUG leader.FollowerInfo (FollowerInfoImpl.java:lambda$new$1(49)) - s0@group-DBBE7E7C6C61->s2: commitIndex: updateToMax old=1, new=1, updated? false
2022-08-02 21:05:58,570 [grpc-default-executor-3] DEBUG leader.FollowerInfo (FollowerInfoImpl.java:lambda$new$1(49)) - s0@group-DBBE7E7C6C61->s2: matchIndex: updateToMax old=2, new=-1, updated? false
2022-08-02 21:05:58,571 [grpc-default-executor-0] DEBUG leader.FollowerInfo (FollowerInfoImpl.java:lambda$new$1(49)) - s0@group-DBBE7E7C6C61->s1: commitIndex: updateToMax old=1, new=1, updated? false
2022-08-02 21:05:58,571 [grpc-default-executor-0] DEBUG leader.FollowerInfo (FollowerInfoImpl.java:lambda$new$1(49)) - s0@group-DBBE7E7C6C61->s1: matchIndex: updateToMax old=2, new=-1, updated? false
2022-08-02 21:05:58,571 [grpc-default-executor-3] DEBUG leader.FollowerInfo (FollowerInfoImpl.java:lambda$new$1(49)) - s0@group-DBBE7E7C6C61->s2: commitIndex: updateToMax old=1, new=1, updated? false
2022-08-02 21:05:58,571 [grpc-default-executor-3] DEBUG leader.FollowerInfo (FollowerInfoImpl.java:lambda$new$1(49)) - s0@group-DBBE7E7C6C61->s2: matchIndex: updateToMax old=2, new=-1, updated? false
2022-08-02 21:05:58,572 [grpc-default-executor-0] DEBUG leader.FollowerInfo (FollowerInfoImpl.java:lambda$new$1(49)) - s0@group-DBBE7E7C6C61->s1: commitIndex: updateToMax old=1, new=1, updated? false
2022-08-02 21:05:58,572 [grpc-default-executor-0] DEBUG leader.FollowerInfo (FollowerInfoImpl.java:lambda$new$1(49)) - s0@group-DBBE7E7C6C61->s1: matchIndex: updateToMax old=2, new=-1, updated? false
2022-08-02 21:05:58,572 [grpc-default-executor-0] DEBUG leader.FollowerInfo (FollowerInfoImpl.java:lambda$new$1(49)) - s0@group-DBBE7E7C6C61->s2: commitIndex: updateToMax old=1, new=1, updated? false
2022-08-02 21:05:58,572 [grpc-default-executor-0] DEBUG leader.FollowerInfo (FollowerInfoImpl.java:lambda$new$1(49)) - s0@group-DBBE7E7C6C61->s2: matchIndex: updateToMax old=2, new=-1, updated? false
2022-08-02 21:05:58,572 [grpc-default-executor-3] DEBUG leader.FollowerInfo (FollowerInfoImpl.java:lambda$new$1(49)) - s0@group-DBBE7E7C6C61->s1: commitIndex: updateToMax old=1, new=1, updated? false
2022-08-02 21:05:58,572 [grpc-default-executor-3] DEBUG leader.FollowerInfo (FollowerInfoImpl.java:lambda$new$1(49)) - s0@group-DBBE7E7C6C61->s1: matchIndex: updateToMax old=2, new=-1, updated? false
2022-08-02 21:05:58,573 [grpc-default-executor-0] DEBUG leader.FollowerInfo (FollowerInfoImpl.java:lambda$new$1(49)) - s0@group-DBBE7E7C6C61->s2: commitIndex: updateToMax old=1, new=1, updated? false
2022-08-02 21:05:58,573 [grpc-default-executor-0] DEBUG leader.FollowerInfo (FollowerInfoImpl.java:lambda$new$1(49)) - s0@group-DBBE7E7C6C61->s2: matchIndex: updateToMax old=2, new=-1, updated? false
2022-08-02 21:05:58,573 [grpc-default-executor-0] DEBUG leader.FollowerInfo (FollowerInfoImpl.java:lambda$new$1(49)) - s0@group-DBBE7E7C6C61->s1: commitIndex: updateToMax old=1, new=1, updated? false
2022-08-02 21:05:58,573 [grpc-default-executor-0] DEBUG leader.FollowerInfo (FollowerInfoImpl.java:lambda$new$1(49)) - s0@group-DBBE7E7C6C61->s1: matchIndex: updateToMax old=2, new=-1, updated? false
2022-08-02 21:05:58,573 [grpc-default-executor-0] DEBUG leader.FollowerInfo (FollowerInfoImpl.java:lambda$new$1(49)) - s0@group-DBBE7E7C6C61->s2: commitIndex: updateToMax old=1, new=1, updated? false
2022-08-02 21:05:58,574 [grpc-default-executor-0] DEBUG leader.FollowerInfo (FollowerInfoImpl.java:lambda$new$1(49)) - s0@group-DBBE7E7C6C61->s2: matchIndex: updateToMax old=2, new=-1, updated? false
2022-08-02 21:05:58,574 [grpc-default-executor-0] DEBUG leader.FollowerInfo (FollowerInfoImpl.java:lambda$new$1(49)) - s0@group-DBBE7E7C6C61->s1: commitIndex: updateToMax old=1, new=1, updated? false
2022-08-02 21:05:58,574 [grpc-default-executor-0] DEBUG leader.FollowerInfo (FollowerInfoImpl.java:lambda$new$1(49)) - s0@group-DBBE7E7C6C61->s1: matchIndex: updateToMax old=2, new=-1, updated? false
2022-08-02 21:05:58,574 [grpc-default-executor-0] DEBUG leader.FollowerInfo (FollowerInfoImpl.java:lambda$new$1(49)) - s0@group-DBBE7E7C6C61->s2: commitIndex: updateToMax old=1, new=1, updated? false
2022-08-02 21:05:58,574 [grpc-default-executor-0] DEBUG leader.FollowerInfo (FollowerInfoImpl.java:lambda$new$1(49)) - s0@group-DBBE7E7C6C61->s2: matchIndex: updateToMax old=2, new=-1, updated? false
2022-08-02 21:05:58,574 [grpc-default-executor-3] DEBUG leader.FollowerInfo (FollowerInfoImpl.java:lambda$new$1(49)) - s0@group-DBBE7E7C6C61->s1: commitIndex: updateToMax old=1, new=1, updated? false
2022-08-02 21:05:58,575 [grpc-default-executor-3] DEBUG leader.FollowerInfo (FollowerInfoImpl.java:lambda$new$1(49)) - s0@group-DBBE7E7C6C61->s1: matchIndex: updateToMax old=2, new=-1, updated? false
2022-08-02 21:05:58,575 [grpc-default-executor-3] DEBUG leader.FollowerInfo (FollowerInfoImpl.java:lambda$new$1(49)) - s0@group-DBBE7E7C6C61->s2: commitIndex: updateToMax old=1, new=1, updated? false
2022-08-02 21:05:58,575 [grpc-default-executor-3] DEBUG leader.FollowerInfo (FollowerInfoImpl.java:lambda$new$1(49)) - s0@group-DBBE7E7C6C61->s2: matchIndex: updateToMax old=2, new=-1, updated? false
2022-08-02 21:05:58,575 [grpc-default-executor-3] DEBUG leader.FollowerInfo (FollowerInfoImpl.java:lambda$new$1(49)) - s0@group-DBBE7E7C6C61->s1: commitIndex: updateToMax old=1, new=1, updated? false
2022-08-02 21:05:58,575 [grpc-default-executor-3] DEBUG leader.FollowerInfo (FollowerInfoImpl.java:lambda$new$1(49)) - s0@group-DBBE7E7C6C61->s1: matchIndex: updateToMax old=2, new=-1, updated? false
2022-08-02 21:05:58,576 [grpc-default-executor-3] DEBUG leader.FollowerInfo (FollowerInfoImpl.java:lambda$new$1(49)) - s0@group-DBBE7E7C6C61->s2: commitIndex: updateToMax old=1, new=1, updated? false
2022-08-02 21:05:58,576 [grpc-default-executor-3] DEBUG leader.FollowerInfo (FollowerInfoImpl.java:lambda$new$1(49)) - s0@group-DBBE7E7C6C61->s2: matchIndex: updateToMax old=2, new=-1, updated? false
2022-08-02 21:05:58,576 [grpc-default-executor-0] DEBUG leader.FollowerInfo (FollowerInfoImpl.java:lambda$new$1(49)) - s0@group-DBBE7E7C6C61->s1: commitIndex: updateToMax old=1, new=1, updated? false
2022-08-02 21:05:58,576 [grpc-default-executor-0] DEBUG leader.FollowerInfo (FollowerInfoImpl.java:lambda$new$1(49)) - s0@group-DBBE7E7C6C61->s1: matchIndex: updateToMax old=2, new=-1, updated? false
2022-08-02 21:05:58,576 [grpc-default-executor-0] DEBUG leader.FollowerInfo (FollowerInfoImpl.java:lambda$new$1(49)) - s0@group-DBBE7E7C6C61->s2: commitIndex: updateToMax old=1, new=1, updated? false
2022-08-02 21:05:58,576 [grpc-default-executor-0] DEBUG leader.FollowerInfo (FollowerInfoImpl.java:lambda$new$1(49)) - s0@group-DBBE7E7C6C61->s2: matchIndex: updateToMax old=2, new=-1, updated? false
2022-08-02 21:05:58,578 [grpc-default-executor-3] DEBUG leader.FollowerInfo (FollowerInfoImpl.java:lambda$new$1(49)) - s0@group-DBBE7E7C6C61->s1: commitIndex: updateToMax old=1, new=1, updated? false
2022-08-02 21:05:58,579 [grpc-default-executor-3] DEBUG leader.FollowerInfo (FollowerInfoImpl.java:lambda$new$1(49)) - s0@group-DBBE7E7C6C61->s1: matchIndex: updateToMax old=2, new=-1, updated? false
2022-08-02 21:05:58,579 [grpc-default-executor-0] DEBUG leader.FollowerInfo (FollowerInfoImpl.java:lambda$new$1(49)) - s0@group-DBBE7E7C6C61->s2: commitIndex: updateToMax old=1, new=1, updated? false
2022-08-02 21:05:58,579 [grpc-default-executor-0] DEBUG leader.FollowerInfo (FollowerInfoImpl.java:lambda$new$1(49)) - s0@group-DBBE7E7C6C61->s2: matchIndex: updateToMax old=2, new=-1, updated? false
2022-08-02 21:05:58,580 [grpc-default-executor-3] DEBUG leader.FollowerInfo (FollowerInfoImpl.java:lambda$new$1(49)) - s0@group-DBBE7E7C6C61->s1: commitIndex: updateToMax old=1, new=1, updated? false
2022-08-02 21:05:58,580 [grpc-default-executor-3] DEBUG leader.FollowerInfo (FollowerInfoImpl.java:lambda$new$1(49)) - s0@group-DBBE7E7C6C61->s1: matchIndex: updateToMax old=2, new=-1, updated? false
2022-08-02 21:05:58,580 [grpc-default-executor-3] DEBUG leader.FollowerInfo (FollowerInfoImpl.java:lambda$new$1(49)) - s0@group-DBBE7E7C6C61->s2: commitIndex: updateToMax old=1, new=1, updated? false
2022-08-02 21:05:58,580 [grpc-default-executor-3] DEBUG leader.FollowerInfo (FollowerInfoImpl.java:lambda$new$1(49)) - s0@group-DBBE7E7C6C61->s2: matchIndex: updateToMax old=2, new=-1, updated? false
2022-08-02 21:05:58,580 [grpc-default-executor-3] DEBUG leader.FollowerInfo (FollowerInfoImpl.java:lambda$new$1(49)) - s0@group-DBBE7E7C6C61->s1: commitIndex: updateToMax old=1, new=1, updated? false
2022-08-02 21:05:58,580 [grpc-default-executor-3] DEBUG leader.FollowerInfo (FollowerInfoImpl.java:lambda$new$1(49)) - s0@group-DBBE7E7C6C61->s1: matchIndex: updateToMax old=2, new=-1, updated? false
2022-08-02 21:05:58,581 [grpc-default-executor-3] DEBUG leader.FollowerInfo (FollowerInfoImpl.java:lambda$new$1(49)) - s0@group-DBBE7E7C6C61->s2: commitIndex: updateToMax old=1, new=1, updated? false
2022-08-02 21:05:58,581 [grpc-default-executor-3] DEBUG leader.FollowerInfo (FollowerInfoImpl.java:lambda$new$1(49)) - s0@group-DBBE7E7C6C61->s2: matchIndex: updateToMax old=2, new=-1, updated? false
2022-08-02 21:05:58,581 [grpc-default-executor-0] DEBUG leader.FollowerInfo (FollowerInfoImpl.java:lambda$new$1(49)) - s0@group-DBBE7E7C6C61->s1: commitIndex: updateToMax old=1, new=1, updated? false
2022-08-02 21:05:58,581 [grpc-default-executor-0] DEBUG leader.FollowerInfo (FollowerInfoImpl.java:lambda$new$1(49)) - s0@group-DBBE7E7C6C61->s1: matchIndex: updateToMax old=2, new=-1, updated? false
2022-08-02 21:05:58,582 [grpc-default-executor-3] DEBUG leader.FollowerInfo (FollowerInfoImpl.java:lambda$new$1(49)) - s0@group-DBBE7E7C6C61->s2: commitIndex: updateToMax old=1, new=1, updated? false
2022-08-02 21:05:58,582 [grpc-default-executor-3] DEBUG leader.FollowerInfo (FollowerInfoImpl.java:lambda$new$1(49)) - s0@group-DBBE7E7C6C61->s2: matchIndex: updateToMax old=2, new=-1, updated? false
2022-08-02 21:05:58,582 [grpc-default-executor-0] DEBUG leader.FollowerInfo (FollowerInfoImpl.java:lambda$new$1(49)) - s0@group-DBBE7E7C6C61->s1: commitIndex: updateToMax old=1, new=1, updated? false
2022-08-02 21:05:58,582 [grpc-default-executor-0] DEBUG leader.FollowerInfo (FollowerInfoImpl.java:lambda$new$1(49)) - s0@group-DBBE7E7C6C61->s1: matchIndex: updateToMax old=2, new=-1, updated? false
2022-08-02 21:05:58,582 [grpc-default-executor-3] DEBUG leader.FollowerInfo (FollowerInfoImpl.java:lambda$new$1(49)) - s0@group-DBBE7E7C6C61->s2: commitIndex: updateToMax old=1, new=1, updated? false
2022-08-02 21:05:58,582 [grpc-default-executor-3] DEBUG leader.FollowerInfo (FollowerInfoImpl.java:lambda$new$1(49)) - s0@group-DBBE7E7C6C61->s2: matchIndex: updateToMax old=2, new=-1, updated? false
2022-08-02 21:05:58,587 [grpc-default-executor-0] DEBUG leader.FollowerInfo (FollowerInfoImpl.java:lambda$new$1(49)) - s0@group-DBBE7E7C6C61->s2: commitIndex: updateToMax old=1, new=1, updated? false
2022-08-02 21:05:58,587 [grpc-default-executor-0] DEBUG leader.FollowerInfo (FollowerInfoImpl.java:lambda$new$1(49)) - s0@group-DBBE7E7C6C61->s2: matchIndex: updateToMax old=2, new=-1, updated? false
2022-08-02 21:05:58,587 [grpc-default-executor-3] DEBUG leader.FollowerInfo (FollowerInfoImpl.java:lambda$new$1(49)) - s0@group-DBBE7E7C6C61->s1: commitIndex: updateToMax old=1, new=1, updated? false
2022-08-02 21:05:58,587 [grpc-default-executor-3] DEBUG leader.FollowerInfo (FollowerInfoImpl.java:lambda$new$1(49)) - s0@group-DBBE7E7C6C61->s1: matchIndex: updateToMax old=2, new=-1, updated? false
2022-08-02 21:05:58,588 [grpc-default-executor-3] DEBUG leader.FollowerInfo (FollowerInfoImpl.java:lambda$new$1(49)) - s0@group-DBBE7E7C6C61->s2: commitIndex: updateToMax old=1, new=1, updated? false
2022-08-02 21:05:58,588 [grpc-default-executor-3] DEBUG leader.FollowerInfo (FollowerInfoImpl.java:lambda$new$1(49)) - s0@group-DBBE7E7C6C61->s2: matchIndex: updateToMax old=2, new=-1, updated? false
2022-08-02 21:05:58,588 [grpc-default-executor-0] DEBUG leader.FollowerInfo (FollowerInfoImpl.java:lambda$new$1(49)) - s0@group-DBBE7E7C6C61->s1: commitIndex: updateToMax old=1, new=1, updated? false
2022-08-02 21:05:58,588 [grpc-default-executor-0] DEBUG leader.FollowerInfo (FollowerInfoImpl.java:lambda$new$1(49)) - s0@group-DBBE7E7C6C61->s1: matchIndex: updateToMax old=2, new=-1, updated? false
2022-08-02 21:05:58,589 [grpc-default-executor-3] DEBUG leader.FollowerInfo (FollowerInfoImpl.java:lambda$new$1(49)) - s0@group-DBBE7E7C6C61->s2: commitIndex: updateToMax old=1, new=1, updated? false
2022-08-02 21:05:58,589 [grpc-default-executor-3] DEBUG leader.FollowerInfo (FollowerInfoImpl.java:lambda$new$1(49)) - s0@group-DBBE7E7C6C61->s2: matchIndex: updateToMax old=2, new=-1, updated? false
2022-08-02 21:05:58,589 [grpc-default-executor-0] DEBUG leader.FollowerInfo (FollowerInfoImpl.java:lambda$new$1(49)) - s0@group-DBBE7E7C6C61->s1: commitIndex: updateToMax old=1, new=1, updated? false
2022-08-02 21:05:58,589 [grpc-default-executor-0] DEBUG leader.FollowerInfo (FollowerInfoImpl.java:lambda$new$1(49)) - s0@group-DBBE7E7C6C61->s1: matchIndex: updateToMax old=2, new=-1, updated? false
2022-08-02 21:05:58,590 [grpc-default-executor-0] DEBUG leader.FollowerInfo (FollowerInfoImpl.java:lambda$new$1(49)) - s0@group-DBBE7E7C6C61->s1: commitIndex: updateToMax old=1, new=1, updated? false
2022-08-02 21:05:58,590 [grpc-default-executor-0] DEBUG leader.FollowerInfo (FollowerInfoImpl.java:lambda$new$1(49)) - s0@group-DBBE7E7C6C61->s1: matchIndex: updateToMax old=2, new=-1, updated? false
2022-08-02 21:05:58,594 [grpc-default-executor-3] DEBUG leader.FollowerInfo (FollowerInfoImpl.java:lambda$new$1(49)) - s0@group-DBBE7E7C6C61->s2: commitIndex: updateToMax old=1, new=1, updated? false
2022-08-02 21:05:58,594 [grpc-default-executor-3] DEBUG leader.FollowerInfo (FollowerInfoImpl.java:lambda$new$1(49)) - s0@group-DBBE7E7C6C61->s2: matchIndex: updateToMax old=2, new=-1, updated? false
2022-08-02 21:05:58,594 [grpc-default-executor-3] DEBUG leader.FollowerInfo (FollowerInfoImpl.java:lambda$new$1(49)) - s0@group-DBBE7E7C6C61->s1: commitIndex: updateToMax old=1, new=1, updated? false
2022-08-02 21:05:58,594 [grpc-default-executor-3] DEBUG leader.FollowerInfo (FollowerInfoImpl.java:lambda$new$1(49)) - s0@group-DBBE7E7C6C61->s1: matchIndex: updateToMax old=2, new=-1, updated? false
2022-08-02 21:05:58,595 [grpc-default-executor-3] DEBUG leader.FollowerInfo (FollowerInfoImpl.java:lambda$new$1(49)) - s0@group-DBBE7E7C6C61->s2: commitIndex: updateToMax old=1, new=1, updated? false
2022-08-02 21:05:58,595 [grpc-default-executor-3] DEBUG leader.FollowerInfo (FollowerInfoImpl.java:lambda$new$1(49)) - s0@group-DBBE7E7C6C61->s2: matchIndex: updateToMax old=2, new=-1, updated? false
2022-08-02 21:05:58,595 [grpc-default-executor-0] DEBUG leader.FollowerInfo (FollowerInfoImpl.java:lambda$new$1(49)) - s0@group-DBBE7E7C6C61->s1: commitIndex: updateToMax old=1, new=1, updated? false
2022-08-02 21:05:58,595 [grpc-default-executor-0] DEBUG leader.FollowerInfo (FollowerInfoImpl.java:lambda$new$1(49)) - s0@group-DBBE7E7C6C61->s1: matchIndex: updateToMax old=2, new=-1, updated? false
2022-08-02 21:05:58,596 [grpc-default-executor-0] DEBUG leader.FollowerInfo (FollowerInfoImpl.java:lambda$new$1(49)) - s0@group-DBBE7E7C6C61->s2: commitIndex: updateToMax old=1, new=1, updated? false
2022-08-02 21:05:58,596 [grpc-default-executor-0] DEBUG leader.FollowerInfo (FollowerInfoImpl.java:lambda$new$1(49)) - s0@group-DBBE7E7C6C61->s2: matchIndex: updateToMax old=2, new=-1, updated? false
2022-08-02 21:05:58,596 [grpc-default-executor-3] DEBUG leader.FollowerInfo (FollowerInfoImpl.java:lambda$new$1(49)) - s0@group-DBBE7E7C6C61->s1: commitIndex: updateToMax old=1, new=1, updated? false
2022-08-02 21:05:58,596 [grpc-default-executor-3] DEBUG leader.FollowerInfo (FollowerInfoImpl.java:lambda$new$1(49)) - s0@group-DBBE7E7C6C61->s1: matchIndex: updateToMax old=2, new=-1, updated? false
2022-08-02 21:05:58,597 [grpc-default-executor-0] DEBUG leader.FollowerInfo (FollowerInfoImpl.java:lambda$new$1(49)) - s0@group-DBBE7E7C6C61->s2: commitIndex: updateToMax old=1, new=1, updated? false
2022-08-02 21:05:58,597 [grpc-default-executor-0] DEBUG leader.FollowerInfo (FollowerInfoImpl.java:lambda$new$1(49)) - s0@group-DBBE7E7C6C61->s2: matchIndex: updateToMax old=2, new=-1, updated? false
2022-08-02 21:05:58,602 [grpc-default-executor-3] DEBUG leader.FollowerInfo (FollowerInfoImpl.java:lambda$new$1(49)) - s0@group-DBBE7E7C6C61->s1: commitIndex: updateToMax old=1, new=1, updated? false
2022-08-02 21:05:58,602 [grpc-default-executor-3] DEBUG leader.FollowerInfo (FollowerInfoImpl.java:lambda$new$1(49)) - s0@group-DBBE7E7C6C61->s1: matchIndex: updateToMax old=2, new=-1, updated? false
2022-08-02 21:05:58,602 [grpc-default-executor-0] DEBUG leader.FollowerInfo (FollowerInfoImpl.java:lambda$new$1(49)) - s0@group-DBBE7E7C6C61->s2: commitIndex: updateToMax old=1, new=1, updated? false
2022-08-02 21:05:58,602 [grpc-default-executor-0] DEBUG leader.FollowerInfo (FollowerInfoImpl.java:lambda$new$1(49)) - s0@group-DBBE7E7C6C61->s2: matchIndex: updateToMax old=2, new=-1, updated? false
2022-08-02 21:05:58,603 [grpc-default-executor-3] DEBUG leader.FollowerInfo (FollowerInfoImpl.java:lambda$new$1(49)) - s0@group-DBBE7E7C6C61->s1: commitIndex: updateToMax old=1, new=1, updated? false
2022-08-02 21:05:58,603 [grpc-default-executor-3] DEBUG leader.FollowerInfo (FollowerInfoImpl.java:lambda$new$1(49)) - s0@group-DBBE7E7C6C61->s1: matchIndex: updateToMax old=2, new=-1, updated? false
2022-08-02 21:05:58,604 [grpc-default-executor-0] DEBUG leader.FollowerInfo (FollowerInfoImpl.java:lambda$new$1(49)) - s0@group-DBBE7E7C6C61->s2: commitIndex: updateToMax old=1, new=1, updated? false
2022-08-02 21:05:58,604 [grpc-default-executor-0] DEBUG leader.FollowerInfo (FollowerInfoImpl.java:lambda$new$1(49)) - s0@group-DBBE7E7C6C61->s2: matchIndex: updateToMax old=2, new=-1, updated? false
2022-08-02 21:05:58,604 [grpc-default-executor-3] DEBUG leader.FollowerInfo (FollowerInfoImpl.java:lambda$new$1(49)) - s0@group-DBBE7E7C6C61->s1: commitIndex: updateToMax old=1, new=1, updated? false
2022-08-02 21:05:58,604 [grpc-default-executor-3] DEBUG leader.FollowerInfo (FollowerInfoImpl.java:lambda$new$1(49)) - s0@group-DBBE7E7C6C61->s1: matchIndex: updateToMax old=2, new=-1, updated? false
2022-08-02 21:05:58,605 [grpc-default-executor-0] DEBUG leader.FollowerInfo (FollowerInfoImpl.java:lambda$new$1(49)) - s0@group-DBBE7E7C6C61->s2: commitIndex: updateToMax old=1, new=1, updated? false
2022-08-02 21:05:58,605 [grpc-default-executor-0] DEBUG leader.FollowerInfo (FollowerInfoImpl.java:lambda$new$1(49)) - s0@group-DBBE7E7C6C61->s2: matchIndex: updateToMax old=2, new=-1, updated? false
2022-08-02 21:05:58,606 [grpc-default-executor-3] DEBUG leader.FollowerInfo (FollowerInfoImpl.java:lambda$new$1(49)) - s0@group-DBBE7E7C6C61->s1: commitIndex: updateToMax old=1, new=1, updated? false
2022-08-02 21:05:58,606 [grpc-default-executor-3] DEBUG leader.FollowerInfo (FollowerInfoImpl.java:lambda$new$1(49)) - s0@group-DBBE7E7C6C61->s1: matchIndex: updateToMax old=2, new=-1, updated? false
2022-08-02 21:05:58,606 [grpc-default-executor-0] DEBUG leader.FollowerInfo (FollowerInfoImpl.java:lambda$new$1(49)) - s0@group-DBBE7E7C6C61->s2: commitIndex: updateToMax old=1, new=1, updated? false
2022-08-02 21:05:58,606 [grpc-default-executor-0] DEBUG leader.FollowerInfo (FollowerInfoImpl.java:lambda$new$1(49)) - s0@group-DBBE7E7C6C61->s2: matchIndex: updateToMax old=2, new=-1, updated? false
2022-08-02 21:05:58,607 [grpc-default-executor-3] DEBUG leader.FollowerInfo (FollowerInfoImpl.java:lambda$new$1(49)) - s0@group-DBBE7E7C6C61->s1: commitIndex: updateToMax old=1, new=1, updated? false
2022-08-02 21:05:58,607 [grpc-default-executor-3] DEBUG leader.FollowerInfo (FollowerInfoImpl.java:lambda$new$1(49)) - s0@group-DBBE7E7C6C61->s1: matchIndex: updateToMax old=2, new=-1, updated? false
2022-08-02 21:05:58,608 [grpc-default-executor-0] DEBUG leader.FollowerInfo (FollowerInfoImpl.java:lambda$new$1(49)) - s0@group-DBBE7E7C6C61->s2: commitIndex: updateToMax old=1, new=1, updated? false
2022-08-02 21:05:58,608 [grpc-default-executor-0] DEBUG leader.FollowerInfo (FollowerInfoImpl.java:lambda$new$1(49)) - s0@group-DBBE7E7C6C61->s2: matchIndex: updateToMax old=2, new=-1, updated? false
2022-08-02 21:05:58,608 [grpc-default-executor-3] DEBUG leader.FollowerInfo (FollowerInfoImpl.java:lambda$new$1(49)) - s0@group-DBBE7E7C6C61->s1: commitIndex: updateToMax old=1, new=1, updated? false
2022-08-02 21:05:58,608 [grpc-default-executor-3] DEBUG leader.FollowerInfo (FollowerInfoImpl.java:lambda$new$1(49)) - s0@group-DBBE7E7C6C61->s1: matchIndex: updateToMax old=2, new=-1, updated? false
2022-08-02 21:05:58,609 [grpc-default-executor-0] DEBUG leader.FollowerInfo (FollowerInfoImpl.java:lambda$new$1(49)) - s0@group-DBBE7E7C6C61->s2: commitIndex: updateToMax old=1, new=1, updated? false
2022-08-02 21:05:58,609 [grpc-default-executor-0] DEBUG leader.FollowerInfo (FollowerInfoImpl.java:lambda$new$1(49)) - s0@group-DBBE7E7C6C61->s2: matchIndex: updateToMax old=2, new=-1, updated? false
2022-08-02 21:05:58,610 [grpc-default-executor-3] DEBUG leader.FollowerInfo (FollowerInfoImpl.java:lambda$new$1(49)) - s0@group-DBBE7E7C6C61->s1: commitIndex: updateToMax old=1, new=1, updated? false
2022-08-02 21:05:58,610 [grpc-default-executor-3] DEBUG leader.FollowerInfo (FollowerInfoImpl.java:lambda$new$1(49)) - s0@group-DBBE7E7C6C61->s1: matchIndex: updateToMax old=2, new=-1, updated? false
2022-08-02 21:05:58,610 [grpc-default-executor-0] DEBUG leader.FollowerInfo (FollowerInfoImpl.java:lambda$new$1(49)) - s0@group-DBBE7E7C6C61->s2: commitIndex: updateToMax old=1, new=1, updated? false
2022-08-02 21:05:58,611 [grpc-default-executor-0] DEBUG leader.FollowerInfo (FollowerInfoImpl.java:lambda$new$1(49)) - s0@group-DBBE7E7C6C61->s2: matchIndex: updateToMax old=2, new=-1, updated? false
2022-08-02 21:05:58,611 [grpc-default-executor-3] DEBUG leader.FollowerInfo (FollowerInfoImpl.java:lambda$new$1(49)) - s0@group-DBBE7E7C6C61->s1: commitIndex: updateToMax old=1, new=1, updated? false
2022-08-02 21:05:58,611 [grpc-default-executor-3] DEBUG leader.FollowerInfo (FollowerInfoImpl.java:lambda$new$1(49)) - s0@group-DBBE7E7C6C61->s1: matchIndex: updateToMax old=2, new=-1, updated? false
2022-08-02 21:05:58,612 [grpc-default-executor-0] DEBUG leader.FollowerInfo (FollowerInfoImpl.java:lambda$new$1(49)) - s0@group-DBBE7E7C6C61->s2: commitIndex: updateToMax old=1, new=1, updated? false
2022-08-02 21:05:58,612 [grpc-default-executor-0] DEBUG leader.FollowerInfo (FollowerInfoImpl.java:lambda$new$1(49)) - s0@group-DBBE7E7C6C61->s2: matchIndex: updateToMax old=2, new=-1, updated? false
2022-08-02 21:05:58,612 [grpc-default-executor-3] DEBUG leader.FollowerInfo (FollowerInfoImpl.java:lambda$new$1(49)) - s0@group-DBBE7E7C6C61->s1: commitIndex: updateToMax old=1, new=1, updated? false
2022-08-02 21:05:58,612 [grpc-default-executor-3] DEBUG leader.FollowerInfo (FollowerInfoImpl.java:lambda$new$1(49)) - s0@group-DBBE7E7C6C61->s1: matchIndex: updateToMax old=2, new=-1, updated? false
2022-08-02 21:05:58,613 [grpc-default-executor-0] DEBUG leader.FollowerInfo (FollowerInfoImpl.java:lambda$new$1(49)) - s0@group-DBBE7E7C6C61->s2: commitIndex: updateToMax old=1, new=1, updated? false
2022-08-02 21:05:58,613 [grpc-default-executor-0] DEBUG leader.FollowerInfo (FollowerInfoImpl.java:lambda$new$1(49)) - s0@group-DBBE7E7C6C61->s2: matchIndex: updateToMax old=2, new=-1, updated? false
2022-08-02 21:05:58,614 [grpc-default-executor-3] DEBUG leader.FollowerInfo (FollowerInfoImpl.java:lambda$new$1(49)) - s0@group-DBBE7E7C6C61->s1: commitIndex: updateToMax old=1, new=1, updated? false
2022-08-02 21:05:58,614 [grpc-default-executor-3] DEBUG leader.FollowerInfo (FollowerInfoImpl.java:lambda$new$1(49)) - s0@group-DBBE7E7C6C61->s1: matchIndex: updateToMax old=2, new=-1, updated? false
2022-08-02 21:05:58,614 [grpc-default-executor-0] DEBUG leader.FollowerInfo (FollowerInfoImpl.java:lambda$new$1(49)) - s0@group-DBBE7E7C6C61->s2: commitIndex: updateToMax old=1, new=1, updated? false
2022-08-02 21:05:58,614 [grpc-default-executor-0] DEBUG leader.FollowerInfo (FollowerInfoImpl.java:lambda$new$1(49)) - s0@group-DBBE7E7C6C61->s2: matchIndex: updateToMax old=2, new=-1, updated? false
2022-08-02 21:05:58,615 [grpc-default-executor-3] DEBUG leader.FollowerInfo (FollowerInfoImpl.java:lambda$new$1(49)) - s0@group-DBBE7E7C6C61->s1: commitIndex: updateToMax old=1, new=1, updated? false
2022-08-02 21:05:58,615 [grpc-default-executor-3] DEBUG leader.FollowerInfo (FollowerInfoImpl.java:lambda$new$1(49)) - s0@group-DBBE7E7C6C61->s1: matchIndex: updateToMax old=2, new=-1, updated? false
2022-08-02 21:05:58,616 [grpc-default-executor-0] DEBUG leader.FollowerInfo (FollowerInfoImpl.java:lambda$new$1(49)) - s0@group-DBBE7E7C6C61->s2: commitIndex: updateToMax old=1, new=1, updated? false
2022-08-02 21:05:58,616 [grpc-default-executor-0] DEBUG leader.FollowerInfo (FollowerInfoImpl.java:lambda$new$1(49)) - s0@group-DBBE7E7C6C61->s2: matchIndex: updateToMax old=2, new=-1, updated? false
2022-08-02 21:05:58,616 [grpc-default-executor-3] DEBUG leader.FollowerInfo (FollowerInfoImpl.java:lambda$new$1(49)) - s0@group-DBBE7E7C6C61->s1: commitIndex: updateToMax old=1, new=1, updated? false
2022-08-02 21:05:58,616 [grpc-default-executor-3] DEBUG leader.FollowerInfo (FollowerInfoImpl.java:lambda$new$1(49)) - s0@group-DBBE7E7C6C61->s1: matchIndex: updateToMax old=2, new=-1, updated? false
2022-08-02 21:05:58,617 [grpc-default-executor-0] DEBUG leader.FollowerInfo (FollowerInfoImpl.java:lambda$new$1(49)) - s0@group-DBBE7E7C6C61->s2: commitIndex: updateToMax old=1, new=1, updated? false
2022-08-02 21:05:58,617 [grpc-default-executor-0] DEBUG leader.FollowerInfo (FollowerInfoImpl.java:lambda$new$1(49)) - s0@group-DBBE7E7C6C61->s2: matchIndex: updateToMax old=2, new=-1, updated? false
2022-08-02 21:05:58,617 [grpc-default-executor-3] DEBUG leader.FollowerInfo (FollowerInfoImpl.java:lambda$new$1(49)) - s0@group-DBBE7E7C6C61->s1: commitIndex: updateToMax old=1, new=1, updated? false
2022-08-02 21:05:58,617 [grpc-default-executor-3] DEBUG leader.FollowerInfo (FollowerInfoImpl.java:lambda$new$1(49)) - s0@group-DBBE7E7C6C61->s1: matchIndex: updateToMax old=2, new=-1, updated? false
2022-08-02 21:05:58,618 [grpc-default-executor-0] DEBUG leader.FollowerInfo (FollowerInfoImpl.java:lambda$new$1(49)) - s0@group-DBBE7E7C6C61->s2: commitIndex: updateToMax old=1, new=1, updated? false
2022-08-02 21:05:58,618 [grpc-default-executor-0] DEBUG leader.FollowerInfo (FollowerInfoImpl.java:lambda$new$1(49)) - s0@group-DBBE7E7C6C61->s2: matchIndex: updateToMax old=2, new=-1, updated? false
2022-08-02 21:05:58,619 [grpc-default-executor-3] DEBUG leader.FollowerInfo (FollowerInfoImpl.java:lambda$new$1(49)) - s0@group-DBBE7E7C6C61->s1: commitIndex: updateToMax old=1, new=1, updated? false
2022-08-02 21:05:58,619 [grpc-default-executor-3] DEBUG leader.FollowerInfo (FollowerInfoImpl.java:lambda$new$1(49)) - s0@group-DBBE7E7C6C61->s1: matchIndex: updateToMax old=2, new=-1, updated? false
2022-08-02 21:05:58,619 [grpc-default-executor-0] DEBUG leader.FollowerInfo (FollowerInfoImpl.java:lambda$new$1(49)) - s0@group-DBBE7E7C6C61->s2: commitIndex: updateToMax old=1, new=1, updated? false
2022-08-02 21:05:58,619 [grpc-default-executor-0] DEBUG leader.FollowerInfo (FollowerInfoImpl.java:lambda$new$1(49)) - s0@group-DBBE7E7C6C61->s2: matchIndex: updateToMax old=2, new=-1, updated? false
2022-08-02 21:05:58,620 [grpc-default-executor-3] DEBUG leader.FollowerInfo (FollowerInfoImpl.java:lambda$new$1(49)) - s0@group-DBBE7E7C6C61->s1: commitIndex: updateToMax old=1, new=1, updated? false
2022-08-02 21:05:58,620 [grpc-default-executor-3] DEBUG leader.FollowerInfo (FollowerInfoImpl.java:lambda$new$1(49)) - s0@group-DBBE7E7C6C61->s1: matchIndex: updateToMax old=2, new=-1, updated? false
2022-08-02 21:05:58,620 [grpc-default-executor-0] DEBUG leader.FollowerInfo (FollowerInfoImpl.java:lambda$new$1(49)) - s0@group-DBBE7E7C6C61->s2: commitIndex: updateToMax old=1, new=1, updated? false
2022-08-02 21:05:58,620 [grpc-default-executor-0] DEBUG leader.FollowerInfo (FollowerInfoImpl.java:lambda$new$1(49)) - s0@group-DBBE7E7C6C61->s2: matchIndex: updateToMax old=2, new=-1, updated? false
2022-08-02 21:05:58,621 [grpc-default-executor-3] DEBUG leader.FollowerInfo (FollowerInfoImpl.java:lambda$new$1(49)) - s0@group-DBBE7E7C6C61->s1: commitIndex: updateToMax old=1, new=1, updated? false
2022-08-02 21:05:58,621 [grpc-default-executor-3] DEBUG leader.FollowerInfo (FollowerInfoImpl.java:lambda$new$1(49)) - s0@group-DBBE7E7C6C61->s1: matchIndex: updateToMax old=2, new=-1, updated? false
2022-08-02 21:05:58,622 [grpc-default-executor-0] DEBUG leader.FollowerInfo (FollowerInfoImpl.java:lambda$new$1(49)) - s0@group-DBBE7E7C6C61->s2: commitIndex: updateToMax old=1, new=1, updated? false
2022-08-02 21:05:58,622 [grpc-default-executor-0] DEBUG leader.FollowerInfo (FollowerInfoImpl.java:lambda$new$1(49)) - s0@group-DBBE7E7C6C61->s2: matchIndex: updateToMax old=2, new=-1, updated? false
2022-08-02 21:05:58,622 [grpc-default-executor-3] DEBUG leader.FollowerInfo (FollowerInfoImpl.java:lambda$new$1(49)) - s0@group-DBBE7E7C6C61->s1: commitIndex: updateToMax old=1, new=1, updated? false
2022-08-02 21:05:58,622 [grpc-default-executor-3] DEBUG leader.FollowerInfo (FollowerInfoImpl.java:lambda$new$1(49)) - s0@group-DBBE7E7C6C61->s1: matchIndex: updateToMax old=2, new=-1, updated? false
2022-08-02 21:05:58,623 [grpc-default-executor-0] DEBUG leader.FollowerInfo (FollowerInfoImpl.java:lambda$new$1(49)) - s0@group-DBBE7E7C6C61->s2: commitIndex: updateToMax old=1, new=1, updated? false
2022-08-02 21:05:58,623 [grpc-default-executor-0] DEBUG leader.FollowerInfo (FollowerInfoImpl.java:lambda$new$1(49)) - s0@group-DBBE7E7C6C61->s2: matchIndex: updateToMax old=2, new=-1, updated? false
2022-08-02 21:05:58,624 [grpc-default-executor-3] DEBUG leader.FollowerInfo (FollowerInfoImpl.java:lambda$new$1(49)) - s0@group-DBBE7E7C6C61->s1: commitIndex: updateToMax old=1, new=1, updated? false
2022-08-02 21:05:58,624 [grpc-default-executor-3] DEBUG leader.FollowerInfo (FollowerInfoImpl.java:lambda$new$1(49)) - s0@group-DBBE7E7C6C61->s1: matchIndex: updateToMax old=2, new=-1, updated? false
2022-08-02 21:05:58,624 [grpc-default-executor-0] DEBUG leader.FollowerInfo (FollowerInfoImpl.java:lambda$new$1(49)) - s0@group-DBBE7E7C6C61->s2: commitIndex: updateToMax old=1, new=1, updated? false
2022-08-02 21:05:58,624 [grpc-default-executor-0] DEBUG leader.FollowerInfo (FollowerInfoImpl.java:lambda$new$1(49)) - s0@group-DBBE7E7C6C61->s2: matchIndex: updateToMax old=2, new=-1, updated? false
2022-08-02 21:05:58,625 [grpc-default-executor-3] DEBUG leader.FollowerInfo (FollowerInfoImpl.java:lambda$new$1(49)) - s0@group-DBBE7E7C6C61->s1: commitIndex: updateToMax old=1, new=1, updated? false
2022-08-02 21:05:58,625 [grpc-default-executor-3] DEBUG leader.FollowerInfo (FollowerInfoImpl.java:lambda$new$1(49)) - s0@group-DBBE7E7C6C61->s1: matchIndex: updateToMax old=2, new=-1, updated? false
2022-08-02 21:05:58,625 [java.util.concurrent.ThreadPoolExecutor$Worker@63262e1c[State = -1, empty queue]] WARN  grpc.GrpcUtil (GrpcUtil.java:shutdownManagedChannel(216)) - Timed out gracefully shutting down connection: ManagedChannelOrphanWrapper{delegate=ManagedChannelImpl{logId=125, target=localhost:38535}}. 
2022-08-02 21:05:58,625 [grpc-default-executor-0] DEBUG leader.FollowerInfo (FollowerInfoImpl.java:lambda$new$1(49)) - s0@group-DBBE7E7C6C61->s2: commitIndex: updateToMax old=1, new=1, updated? false
2022-08-02 21:05:58,626 [grpc-default-executor-0] DEBUG leader.FollowerInfo (FollowerInfoImpl.java:lambda$new$1(49)) - s0@group-DBBE7E7C6C61->s2: matchIndex: updateToMax old=2, new=-1, updated? false
2022-08-02 21:05:58,630 [grpc-default-executor-3] DEBUG leader.FollowerInfo (FollowerInfoImpl.java:lambda$new$1(49)) - s0@group-DBBE7E7C6C61->s1: commitIndex: updateToMax old=1, new=1, updated? false
2022-08-02 21:05:58,630 [grpc-default-executor-3] DEBUG leader.FollowerInfo (FollowerInfoImpl.java:lambda$new$1(49)) - s0@group-DBBE7E7C6C61->s1: matchIndex: updateToMax old=2, new=-1, updated? false
2022-08-02 21:05:58,631 [grpc-default-executor-3] DEBUG leader.FollowerInfo (FollowerInfoImpl.java:lambda$new$1(49)) - s0@group-DBBE7E7C6C61->s2: commitIndex: updateToMax old=1, new=1, updated? false
2022-08-02 21:05:58,631 [grpc-default-executor-3] DEBUG leader.FollowerInfo (FollowerInfoImpl.java:lambda$new$1(49)) - s0@group-DBBE7E7C6C61->s2: matchIndex: updateToMax old=2, new=-1, updated? false
2022-08-02 21:05:58,631 [java.util.concurrent.ThreadPoolExecutor$Worker@63262e1c[State = -1, empty queue]] WARN  server.GrpcLogAppender (GrpcLogAppender.java:timeoutAppendRequest(285)) - s0@group-DBBE7E7C6C61->s1-GrpcLogAppender:  appendEntries Timeout, request=AppendEntriesRequest:cid=16,entriesCount=1,lastEntry=(t:1, i:4)
2022-08-02 21:05:58,632 [java.util.concurrent.ThreadPoolExecutor$Worker@63262e1c[State = -1, empty queue]] WARN  server.GrpcLogAppender (GrpcLogAppender.java:timeoutAppendRequest(285)) - s0@group-DBBE7E7C6C61->s2-GrpcLogAppender:  appendEntries Timeout, request=AppendEntriesRequest:cid=13,entriesCount=1,lastEntry=(t:1, i:4)
2022-08-02 21:05:58,632 [java.util.concurrent.ThreadPoolExecutor$Worker@63262e1c[State = -1, empty queue]] WARN  server.GrpcLogAppender (GrpcLogAppender.java:timeoutAppendRequest(285)) - s0@group-DBBE7E7C6C61->s2-GrpcLogAppender:  appendEntries Timeout, request=AppendEntriesRequest:cid=14,entriesCount=1,lastEntry=(t:1, i:5)
2022-08-02 21:05:58,632 [grpc-default-executor-3] DEBUG leader.FollowerInfo (FollowerInfoImpl.java:lambda$new$1(49)) - s0@group-DBBE7E7C6C61->s1: commitIndex: updateToMax old=1, new=1, updated? false
2022-08-02 21:05:58,632 [grpc-default-executor-3] DEBUG leader.FollowerInfo (FollowerInfoImpl.java:lambda$new$1(49)) - s0@group-DBBE7E7C6C61->s1: matchIndex: updateToMax old=2, new=-1, updated? false
2022-08-02 21:05:58,632 [java.util.concurrent.ThreadPoolExecutor$Worker@63262e1c[State = -1, empty queue]] WARN  server.GrpcLogAppender (GrpcLogAppender.java:timeoutAppendRequest(285)) - s0@group-DBBE7E7C6C61->s1-GrpcLogAppender:  appendEntries Timeout, request=AppendEntriesRequest:cid=17,entriesCount=1,lastEntry=(t:1, i:5)
2022-08-02 21:05:58,632 [java.util.concurrent.ThreadPoolExecutor$Worker@63262e1c[State = -1, empty queue]] WARN  server.GrpcLogAppender (GrpcLogAppender.java:timeoutAppendRequest(285)) - s0@group-DBBE7E7C6C61->s1-GrpcLogAppender:  appendEntries Timeout, request=AppendEntriesRequest:cid=18,entriesCount=1,lastEntry=(t:1, i:6)
2022-08-02 21:05:58,632 [java.util.concurrent.ThreadPoolExecutor$Worker@63262e1c[State = -1, empty queue]] WARN  server.GrpcLogAppender (GrpcLogAppender.java:timeoutAppendRequest(285)) - s0@group-DBBE7E7C6C61->s2-GrpcLogAppender:  appendEntries Timeout, request=AppendEntriesRequest:cid=15,entriesCount=1,lastEntry=(t:1, i:6)
2022-08-02 21:05:58,632 [java.util.concurrent.ThreadPoolExecutor$Worker@63262e1c[State = -1, empty queue]] WARN  server.GrpcLogAppender (GrpcLogAppender.java:timeoutAppendRequest(285)) - s0@group-DBBE7E7C6C61->s2-GrpcLogAppender:  appendEntries Timeout, request=AppendEntriesRequest:cid=16,entriesCount=1,lastEntry=(t:1, i:7)
2022-08-02 21:05:58,632 [java.util.concurrent.ThreadPoolExecutor$Worker@63262e1c[State = -1, empty queue]] WARN  server.GrpcLogAppender (GrpcLogAppender.java:timeoutAppendRequest(285)) - s0@group-DBBE7E7C6C61->s1-GrpcLogAppender:  appendEntries Timeout, request=AppendEntriesRequest:cid=19,entriesCount=1,lastEntry=(t:1, i:7)
2022-08-02 21:05:58,632 [java.util.concurrent.ThreadPoolExecutor$Worker@63262e1c[State = -1, empty queue]] WARN  server.GrpcLogAppender (GrpcLogAppender.java:timeoutAppendRequest(285)) - s0@group-DBBE7E7C6C61->s2-GrpcLogAppender:  appendEntries Timeout, request=AppendEntriesRequest:cid=17,entriesCount=1,lastEntry=(t:1, i:8)
2022-08-02 21:05:58,632 [java.util.concurrent.ThreadPoolExecutor$Worker@63262e1c[State = -1, empty queue]] WARN  server.GrpcLogAppender (GrpcLogAppender.java:timeoutAppendRequest(285)) - s0@group-DBBE7E7C6C61->s1-GrpcLogAppender:  appendEntries Timeout, request=AppendEntriesRequest:cid=20,entriesCount=1,lastEntry=(t:1, i:8)
2022-08-02 21:05:58,632 [java.util.concurrent.ThreadPoolExecutor$Worker@63262e1c[State = -1, empty queue]] WARN  server.GrpcLogAppender (GrpcLogAppender.java:timeoutAppendRequest(285)) - s0@group-DBBE7E7C6C61->s1-GrpcLogAppender:  appendEntries Timeout, request=AppendEntriesRequest:cid=21,entriesCount=1,lastEntry=(t:1, i:9)
2022-08-02 21:05:58,632 [java.util.concurrent.ThreadPoolExecutor$Worker@63262e1c[State = -1, empty queue]] WARN  server.GrpcLogAppender (GrpcLogAppender.java:timeoutAppendRequest(285)) - s0@group-DBBE7E7C6C61->s2-GrpcLogAppender:  appendEntries Timeout, request=AppendEntriesRequest:cid=18,entriesCount=1,lastEntry=(t:1, i:9)
2022-08-02 21:05:58,632 [java.util.concurrent.ThreadPoolExecutor$Worker@63262e1c[State = -1, empty queue]] WARN  server.GrpcLogAppender (GrpcLogAppender.java:timeoutAppendRequest(285)) - s0@group-DBBE7E7C6C61->s1-GrpcLogAppender:  appendEntries Timeout, request=AppendEntriesRequest:cid=22,entriesCount=1,lastEntry=(t:1, i:10)
2022-08-02 21:05:58,633 [java.util.concurrent.ThreadPoolExecutor$Worker@63262e1c[State = -1, empty queue]] WARN  server.GrpcLogAppender (GrpcLogAppender.java:timeoutAppendRequest(285)) - s0@group-DBBE7E7C6C61->s2-GrpcLogAppender:  appendEntries Timeout, request=AppendEntriesRequest:cid=19,entriesCount=1,lastEntry=(t:1, i:10)
2022-08-02 21:05:58,633 [java.util.concurrent.ThreadPoolExecutor$Worker@63262e1c[State = -1, empty queue]] WARN  server.GrpcLogAppender (GrpcLogAppender.java:timeoutAppendRequest(285)) - s0@group-DBBE7E7C6C61->s1-GrpcLogAppender:  appendEntries Timeout, request=AppendEntriesRequest:cid=23,entriesCount=1,lastEntry=(t:1, i:11)
2022-08-02 21:05:58,633 [java.util.concurrent.ThreadPoolExecutor$Worker@63262e1c[State = -1, empty queue]] WARN  server.GrpcLogAppender (GrpcLogAppender.java:timeoutAppendRequest(285)) - s0@group-DBBE7E7C6C61->s2-GrpcLogAppender:  appendEntries Timeout, request=AppendEntriesRequest:cid=20,entriesCount=1,lastEntry=(t:1, i:11)
2022-08-02 21:05:58,633 [java.util.concurrent.ThreadPoolExecutor$Worker@63262e1c[State = -1, empty queue]] WARN  server.GrpcLogAppender (GrpcLogAppender.java:timeoutAppendRequest(285)) - s0@group-DBBE7E7C6C61->s1-GrpcLogAppender:  appendEntries Timeout, request=AppendEntriesRequest:cid=24,entriesCount=1,lastEntry=(t:1, i:12)
2022-08-02 21:05:58,633 [java.util.concurrent.ThreadPoolExecutor$Worker@63262e1c[State = -1, empty queue]] WARN  server.GrpcLogAppender (GrpcLogAppender.java:timeoutAppendRequest(285)) - s0@group-DBBE7E7C6C61->s2-GrpcLogAppender:  appendEntries Timeout, request=AppendEntriesRequest:cid=21,entriesCount=1,lastEntry=(t:1, i:12)
2022-08-02 21:05:58,655 [grpc-default-executor-0] DEBUG leader.FollowerInfo (FollowerInfoImpl.java:lambda$new$1(49)) - s0@group-DBBE7E7C6C61->s2: commitIndex: updateToMax old=1, new=1, updated? false
2022-08-02 21:05:58,656 [grpc-default-executor-0] DEBUG leader.FollowerInfo (FollowerInfoImpl.java:lambda$new$1(49)) - s0@group-DBBE7E7C6C61->s2: matchIndex: updateToMax old=2, new=-1, updated? false
2022-08-02 21:05:58,659 [grpc-default-executor-0] DEBUG leader.FollowerInfo (FollowerInfoImpl.java:lambda$new$1(49)) - s0@group-DBBE7E7C6C61->s1: commitIndex: updateToMax old=1, new=1, updated? false
2022-08-02 21:05:58,659 [grpc-default-executor-0] DEBUG leader.FollowerInfo (FollowerInfoImpl.java:lambda$new$1(49)) - s0@group-DBBE7E7C6C61->s1: matchIndex: updateToMax old=2, new=-1, updated? false
2022-08-02 21:05:58,660 [grpc-default-executor-0] DEBUG leader.FollowerInfo (FollowerInfoImpl.java:lambda$new$1(49)) - s0@group-DBBE7E7C6C61->s2: commitIndex: updateToMax old=1, new=1, updated? false
2022-08-02 21:05:58,660 [grpc-default-executor-0] DEBUG leader.FollowerInfo (FollowerInfoImpl.java:lambda$new$1(49)) - s0@group-DBBE7E7C6C61->s2: matchIndex: updateToMax old=2, new=-1, updated? false
2022-08-02 21:05:58,667 [grpc-default-executor-0] DEBUG leader.FollowerInfo (FollowerInfoImpl.java:lambda$new$1(49)) - s0@group-DBBE7E7C6C61->s1: commitIndex: updateToMax old=1, new=1, updated? false
2022-08-02 21:05:58,668 [grpc-default-executor-0] DEBUG leader.FollowerInfo (FollowerInfoImpl.java:lambda$new$1(49)) - s0@group-DBBE7E7C6C61->s1: matchIndex: updateToMax old=2, new=-1, updated? false
2022-08-02 21:05:58,669 [grpc-default-executor-0] DEBUG leader.FollowerInfo (FollowerInfoImpl.java:lambda$new$1(49)) - s0@group-DBBE7E7C6C61->s1: commitIndex: updateToMax old=1, new=1, updated? false
2022-08-02 21:05:58,669 [grpc-default-executor-0] DEBUG leader.FollowerInfo (FollowerInfoImpl.java:lambda$new$1(49)) - s0@group-DBBE7E7C6C61->s1: matchIndex: updateToMax old=2, new=-1, updated? false
2022-08-02 21:05:58,670 [grpc-default-executor-0] DEBUG leader.FollowerInfo (FollowerInfoImpl.java:lambda$new$1(49)) - s0@group-DBBE7E7C6C61->s2: commitIndex: updateToMax old=1, new=1, updated? false
2022-08-02 21:05:58,670 [grpc-default-executor-0] DEBUG leader.FollowerInfo (FollowerInfoImpl.java:lambda$new$1(49)) - s0@group-DBBE7E7C6C61->s2: matchIndex: updateToMax old=2, new=-1, updated? false
2022-08-02 21:05:58,670 [grpc-default-executor-3] DEBUG leader.FollowerInfo (FollowerInfoImpl.java:lambda$new$1(49)) - s0@group-DBBE7E7C6C61->s1: commitIndex: updateToMax old=1, new=1, updated? false
2022-08-02 21:05:58,670 [grpc-default-executor-3] DEBUG leader.FollowerInfo (FollowerInfoImpl.java:lambda$new$1(49)) - s0@group-DBBE7E7C6C61->s1: matchIndex: updateToMax old=2, new=-1, updated? false
2022-08-02 21:05:58,674 [grpc-default-executor-3] DEBUG leader.FollowerInfo (FollowerInfoImpl.java:lambda$new$1(49)) - s0@group-DBBE7E7C6C61->s2: commitIndex: updateToMax old=1, new=1, updated? false
2022-08-02 21:05:58,674 [grpc-default-executor-3] DEBUG leader.FollowerInfo (FollowerInfoImpl.java:lambda$new$1(49)) - s0@group-DBBE7E7C6C61->s2: matchIndex: updateToMax old=2, new=-1, updated? false
2022-08-02 21:05:58,675 [grpc-default-executor-3] DEBUG leader.FollowerInfo (FollowerInfoImpl.java:lambda$new$1(49)) - s0@group-DBBE7E7C6C61->s1: commitIndex: updateToMax old=1, new=1, updated? false
2022-08-02 21:05:58,675 [grpc-default-executor-3] DEBUG leader.FollowerInfo (FollowerInfoImpl.java:lambda$new$1(49)) - s0@group-DBBE7E7C6C61->s1: matchIndex: updateToMax old=2, new=-1, updated? false
2022-08-02 21:05:58,675 [grpc-default-executor-3] DEBUG leader.FollowerInfo (FollowerInfoImpl.java:lambda$new$1(49)) - s0@group-DBBE7E7C6C61->s2: commitIndex: updateToMax old=1, new=1, updated? false
2022-08-02 21:05:58,675 [grpc-default-executor-3] DEBUG leader.FollowerInfo (FollowerInfoImpl.java:lambda$new$1(49)) - s0@group-DBBE7E7C6C61->s2: matchIndex: updateToMax old=2, new=-1, updated? false
2022-08-02 21:05:58,676 [grpc-default-executor-0] DEBUG leader.FollowerInfo (FollowerInfoImpl.java:lambda$new$1(49)) - s0@group-DBBE7E7C6C61->s1: commitIndex: updateToMax old=1, new=1, updated? false
2022-08-02 21:05:58,676 [grpc-default-executor-0] DEBUG leader.FollowerInfo (FollowerInfoImpl.java:lambda$new$1(49)) - s0@group-DBBE7E7C6C61->s1: matchIndex: updateToMax old=2, new=-1, updated? false
2022-08-02 21:05:58,679 [grpc-default-executor-3] DEBUG leader.FollowerInfo (FollowerInfoImpl.java:lambda$new$1(49)) - s0@group-DBBE7E7C6C61->s2: commitIndex: updateToMax old=1, new=1, updated? false
2022-08-02 21:05:58,679 [grpc-default-executor-3] DEBUG leader.FollowerInfo (FollowerInfoImpl.java:lambda$new$1(49)) - s0@group-DBBE7E7C6C61->s2: matchIndex: updateToMax old=2, new=-1, updated? false
2022-08-02 21:05:58,680 [Time-limited test] INFO  statemachine.SimpleStateMachine4Testing (SimpleStateMachine4Testing.java:unblock(141)) - unblock WRITE_STATE_MACHINE_DATA
2022-08-02 21:05:58,680 [Time-limited test] INFO  statemachine.SimpleStateMachine4Testing (SimpleStateMachine4Testing.java:unblock(141)) - unblock WRITE_STATE_MACHINE_DATA
2022-08-02 21:05:58,687 [grpc-default-executor-2] DEBUG leader.FollowerInfo (FollowerInfoImpl.java:lambda$new$1(49)) - s0@group-DBBE7E7C6C61->s1: commitIndex: updateToMax old=1, new=2, updated? true
2022-08-02 21:05:58,687 [grpc-default-executor-2] DEBUG leader.FollowerInfo (FollowerInfoImpl.java:lambda$new$1(49)) - s0@group-DBBE7E7C6C61->s1: matchIndex: updateToMax old=2, new=3, updated? true
2022-08-02 21:05:58,688 [s0@group-DBBE7E7C6C61-StateMachineUpdater] INFO  statemachine.SimpleStateMachine4Testing (SimpleStateMachine4Testing.java:put(204)) - s0: put 3, m -> (t:1, i:3), STATEMACHINELOGENTRY, 22@client-920847F5D7C6
2022-08-02 21:05:58,691 [s0@group-DBBE7E7C6C61->s1-GrpcLogAppender-LogAppenderDaemon] DEBUG leader.FollowerInfo (FollowerInfoImpl.java:lambda$new$1(49)) - s0@group-DBBE7E7C6C61->s1: nextIndex: updateIncreasingly 13 -> 14
2022-08-02 21:05:58,701 [grpc-default-executor-5] DEBUG leader.FollowerInfo (FollowerInfoImpl.java:lambda$new$1(49)) - s0@group-DBBE7E7C6C61->s2: commitIndex: updateToMax old=1, new=2, updated? true
2022-08-02 21:05:58,701 [grpc-default-executor-5] DEBUG leader.FollowerInfo (FollowerInfoImpl.java:lambda$new$1(49)) - s0@group-DBBE7E7C6C61->s2: matchIndex: updateToMax old=2, new=3, updated? true
2022-08-02 21:05:58,702 [s0@group-DBBE7E7C6C61->s2-GrpcLogAppender-LogAppenderDaemon] DEBUG leader.FollowerInfo (FollowerInfoImpl.java:lambda$new$1(49)) - s0@group-DBBE7E7C6C61->s2: nextIndex: updateIncreasingly 13 -> 14
2022-08-02 21:05:58,702 [grpc-default-executor-1] DEBUG leader.FollowerInfo (FollowerInfoImpl.java:lambda$new$1(49)) - s0@group-DBBE7E7C6C61->s2: commitIndex: updateToMax old=2, new=2, updated? false
2022-08-02 21:05:58,702 [grpc-default-executor-1] DEBUG leader.FollowerInfo (FollowerInfoImpl.java:lambda$new$1(49)) - s0@group-DBBE7E7C6C61->s2: matchIndex: updateToMax old=3, new=4, updated? true
2022-08-02 21:05:58,703 [s0@group-DBBE7E7C6C61-StateMachineUpdater] INFO  statemachine.SimpleStateMachine4Testing (SimpleStateMachine4Testing.java:put(204)) - s0: put 4, m -> (t:1, i:4), STATEMACHINELOGENTRY, 23@client-920847F5D7C6
2022-08-02 21:05:58,703 [grpc-default-executor-1] DEBUG leader.FollowerInfo (FollowerInfoImpl.java:lambda$new$1(49)) - s0@group-DBBE7E7C6C61->s2: commitIndex: updateToMax old=2, new=2, updated? false
2022-08-02 21:05:58,703 [grpc-default-executor-1] DEBUG leader.FollowerInfo (FollowerInfoImpl.java:lambda$new$1(49)) - s0@group-DBBE7E7C6C61->s2: matchIndex: updateToMax old=4, new=5, updated? true
2022-08-02 21:05:58,704 [s0@group-DBBE7E7C6C61->s2-GrpcLogAppender-LogAppenderDaemon] DEBUG leader.FollowerInfo (FollowerInfoImpl.java:lambda$new$1(49)) - s0@group-DBBE7E7C6C61->s2: nextIndex: updateIncreasingly 14 -> 15
2022-08-02 21:05:58,704 [s0@group-DBBE7E7C6C61->s2-GrpcLogAppender-LogAppenderDaemon] DEBUG leader.FollowerInfo (FollowerInfoImpl.java:lambda$new$1(49)) - s0@group-DBBE7E7C6C61->s2: nextIndex: updateIncreasingly 15 -> 16
2022-08-02 21:05:58,704 [s0@group-DBBE7E7C6C61-StateMachineUpdater] INFO  statemachine.SimpleStateMachine4Testing (SimpleStateMachine4Testing.java:put(204)) - s0: put 5, m -> (t:1, i:5), STATEMACHINELOGENTRY, 24@client-920847F5D7C6
2022-08-02 21:05:58,704 [grpc-default-executor-1] DEBUG leader.FollowerInfo (FollowerInfoImpl.java:lambda$new$1(49)) - s0@group-DBBE7E7C6C61->s2: commitIndex: updateToMax old=2, new=2, updated? false
2022-08-02 21:05:58,704 [grpc-default-executor-1] DEBUG leader.FollowerInfo (FollowerInfoImpl.java:lambda$new$1(49)) - s0@group-DBBE7E7C6C61->s2: matchIndex: updateToMax old=5, new=6, updated? true
2022-08-02 21:05:58,705 [s0@group-DBBE7E7C6C61-StateMachineUpdater] INFO  statemachine.SimpleStateMachine4Testing (SimpleStateMachine4Testing.java:put(204)) - s0: put 6, m -> (t:1, i:6), STATEMACHINELOGENTRY, 25@client-920847F5D7C6
2022-08-02 21:05:58,705 [s0@group-DBBE7E7C6C61->s2-GrpcLogAppender-LogAppenderDaemon] DEBUG leader.FollowerInfo (FollowerInfoImpl.java:lambda$new$1(49)) - s0@group-DBBE7E7C6C61->s2: nextIndex: updateIncreasingly 16 -> 17
2022-08-02 21:05:58,708 [grpc-default-executor-1] DEBUG leader.FollowerInfo (FollowerInfoImpl.java:lambda$new$1(49)) - s0@group-DBBE7E7C6C61->s2: commitIndex: updateToMax old=2, new=2, updated? false
2022-08-02 21:05:58,708 [grpc-default-executor-1] DEBUG leader.FollowerInfo (FollowerInfoImpl.java:lambda$new$1(49)) - s0@group-DBBE7E7C6C61->s2: matchIndex: updateToMax old=6, new=7, updated? true
2022-08-02 21:05:58,708 [s0@group-DBBE7E7C6C61->s2-GrpcLogAppender-LogAppenderDaemon] DEBUG leader.FollowerInfo (FollowerInfoImpl.java:lambda$new$1(49)) - s0@group-DBBE7E7C6C61->s2: nextIndex: updateIncreasingly 17 -> 18
2022-08-02 21:05:58,708 [s0@group-DBBE7E7C6C61-StateMachineUpdater] INFO  statemachine.SimpleStateMachine4Testing (SimpleStateMachine4Testing.java:put(204)) - s0: put 7, m -> (t:1, i:7), STATEMACHINELOGENTRY, 26@client-920847F5D7C6
2022-08-02 21:05:58,709 [grpc-default-executor-1] DEBUG leader.FollowerInfo (FollowerInfoImpl.java:lambda$new$1(49)) - s0@group-DBBE7E7C6C61->s2: commitIndex: updateToMax old=2, new=2, updated? false
2022-08-02 21:05:58,709 [grpc-default-executor-1] DEBUG leader.FollowerInfo (FollowerInfoImpl.java:lambda$new$1(49)) - s0@group-DBBE7E7C6C61->s2: matchIndex: updateToMax old=7, new=8, updated? true
2022-08-02 21:05:58,709 [s0@group-DBBE7E7C6C61->s2-GrpcLogAppender-LogAppenderDaemon] DEBUG leader.FollowerInfo (FollowerInfoImpl.java:lambda$new$1(49)) - s0@group-DBBE7E7C6C61->s2: nextIndex: updateIncreasingly 18 -> 19
2022-08-02 21:05:58,709 [s0@group-DBBE7E7C6C61-StateMachineUpdater] INFO  statemachine.SimpleStateMachine4Testing (SimpleStateMachine4Testing.java:put(204)) - s0: put 8, m -> (t:1, i:8), STATEMACHINELOGENTRY, 27@client-920847F5D7C6
2022-08-02 21:05:58,711 [grpc-default-executor-1] DEBUG leader.FollowerInfo (FollowerInfoImpl.java:lambda$new$1(49)) - s0@group-DBBE7E7C6C61->s2: commitIndex: updateToMax old=2, new=2, updated? false
2022-08-02 21:05:58,711 [grpc-default-executor-1] DEBUG leader.FollowerInfo (FollowerInfoImpl.java:lambda$new$1(49)) - s0@group-DBBE7E7C6C61->s2: matchIndex: updateToMax old=8, new=9, updated? true
2022-08-02 21:05:58,712 [s0@group-DBBE7E7C6C61->s2-GrpcLogAppender-LogAppenderDaemon] DEBUG leader.FollowerInfo (FollowerInfoImpl.java:lambda$new$1(49)) - s0@group-DBBE7E7C6C61->s2: nextIndex: updateIncreasingly 19 -> 20
2022-08-02 21:05:58,712 [s0@group-DBBE7E7C6C61-StateMachineUpdater] INFO  statemachine.SimpleStateMachine4Testing (SimpleStateMachine4Testing.java:put(204)) - s0: put 9, m -> (t:1, i:9), STATEMACHINELOGENTRY, 28@client-920847F5D7C6
2022-08-02 21:05:58,712 [grpc-default-executor-1] DEBUG leader.FollowerInfo (FollowerInfoImpl.java:lambda$new$1(49)) - s0@group-DBBE7E7C6C61->s2: commitIndex: updateToMax old=2, new=2, updated? false
2022-08-02 21:05:58,712 [grpc-default-executor-1] DEBUG leader.FollowerInfo (FollowerInfoImpl.java:lambda$new$1(49)) - s0@group-DBBE7E7C6C61->s2: matchIndex: updateToMax old=9, new=10, updated? true
2022-08-02 21:05:58,712 [s0@group-DBBE7E7C6C61->s2-GrpcLogAppender-LogAppenderDaemon] DEBUG leader.FollowerInfo (FollowerInfoImpl.java:lambda$new$1(49)) - s0@group-DBBE7E7C6C61->s2: nextIndex: updateIncreasingly 20 -> 21
2022-08-02 21:05:58,713 [s0@group-DBBE7E7C6C61-StateMachineUpdater] INFO  statemachine.SimpleStateMachine4Testing (SimpleStateMachine4Testing.java:put(204)) - s0: put 10, m -> (t:1, i:10), STATEMACHINELOGENTRY, 29@client-920847F5D7C6
2022-08-02 21:05:58,716 [grpc-default-executor-1] DEBUG leader.FollowerInfo (FollowerInfoImpl.java:lambda$new$1(49)) - s0@group-DBBE7E7C6C61->s2: commitIndex: updateToMax old=2, new=2, updated? false
2022-08-02 21:05:58,716 [grpc-default-executor-1] DEBUG leader.FollowerInfo (FollowerInfoImpl.java:lambda$new$1(49)) - s0@group-DBBE7E7C6C61->s2: matchIndex: updateToMax old=10, new=11, updated? true
2022-08-02 21:05:58,716 [s0@group-DBBE7E7C6C61->s2-GrpcLogAppender-LogAppenderDaemon] DEBUG leader.FollowerInfo (FollowerInfoImpl.java:lambda$new$1(49)) - s0@group-DBBE7E7C6C61->s2: nextIndex: updateIncreasingly 21 -> 22
2022-08-02 21:05:58,716 [s0@group-DBBE7E7C6C61-StateMachineUpdater] INFO  statemachine.SimpleStateMachine4Testing (SimpleStateMachine4Testing.java:put(204)) - s0: put 11, m -> (t:1, i:11), STATEMACHINELOGENTRY, 30@client-920847F5D7C6
2022-08-02 21:05:58,717 [grpc-default-executor-1] DEBUG leader.FollowerInfo (FollowerInfoImpl.java:lambda$new$1(49)) - s0@group-DBBE7E7C6C61->s2: commitIndex: updateToMax old=2, new=2, updated? false
2022-08-02 21:05:58,718 [grpc-default-executor-1] DEBUG leader.FollowerInfo (FollowerInfoImpl.java:lambda$new$1(49)) - s0@group-DBBE7E7C6C61->s2: matchIndex: updateToMax old=11, new=12, updated? true
2022-08-02 21:05:58,718 [s0@group-DBBE7E7C6C61->s2-GrpcLogAppender-LogAppenderDaemon] DEBUG leader.FollowerInfo (FollowerInfoImpl.java:lambda$new$1(49)) - s0@group-DBBE7E7C6C61->s2: nextIndex: updateIncreasingly 22 -> 23
2022-08-02 21:05:58,718 [s0@group-DBBE7E7C6C61-StateMachineUpdater] INFO  statemachine.SimpleStateMachine4Testing (SimpleStateMachine4Testing.java:put(204)) - s0: put 12, m -> (t:1, i:12), STATEMACHINELOGENTRY, 31@client-920847F5D7C6
2022-08-02 21:05:58,720 [grpc-default-executor-1] DEBUG leader.FollowerInfo (FollowerInfoImpl.java:lambda$new$1(49)) - s0@group-DBBE7E7C6C61->s1: commitIndex: updateToMax old=2, new=2, updated? false
2022-08-02 21:05:58,720 [grpc-default-executor-1] DEBUG leader.FollowerInfo (FollowerInfoImpl.java:lambda$new$1(49)) - s0@group-DBBE7E7C6C61->s1: matchIndex: updateToMax old=3, new=4, updated? true
2022-08-02 21:05:58,720 [s0@group-DBBE7E7C6C61->s1-GrpcLogAppender-LogAppenderDaemon] DEBUG leader.FollowerInfo (FollowerInfoImpl.java:lambda$new$1(49)) - s0@group-DBBE7E7C6C61->s1: nextIndex: updateIncreasingly 14 -> 15
2022-08-02 21:05:58,726 [grpc-default-executor-0] DEBUG leader.FollowerInfo (FollowerInfoImpl.java:lambda$new$1(49)) - s0@group-DBBE7E7C6C61->s1: commitIndex: updateToMax old=2, new=1, updated? false
2022-08-02 21:05:58,726 [grpc-default-executor-0] DEBUG leader.FollowerInfo (FollowerInfoImpl.java:lambda$new$1(49)) - s0@group-DBBE7E7C6C61->s1: matchIndex: updateToMax old=4, new=-1, updated? false
2022-08-02 21:05:58,726 [grpc-default-executor-2] DEBUG leader.FollowerInfo (FollowerInfoImpl.java:lambda$new$1(49)) - s0@group-DBBE7E7C6C61->s2: commitIndex: updateToMax old=2, new=2, updated? false
2022-08-02 21:05:58,726 [grpc-default-executor-2] DEBUG leader.FollowerInfo (FollowerInfoImpl.java:lambda$new$1(49)) - s0@group-DBBE7E7C6C61->s2: matchIndex: updateToMax old=12, new=-1, updated? false
2022-08-02 21:05:58,731 [s1@group-DBBE7E7C6C61-StateMachineUpdater] INFO  statemachine.SimpleStateMachine4Testing (SimpleStateMachine4Testing.java:put(204)) - s1: put 3, m -> (t:1, i:3), STATEMACHINELOGENTRY, 22@client-920847F5D7C6
2022-08-02 21:05:58,733 [grpc-default-executor-6] DEBUG leader.FollowerInfo (FollowerInfoImpl.java:lambda$new$1(49)) - s0@group-DBBE7E7C6C61->s1: commitIndex: updateToMax old=2, new=2, updated? false
2022-08-02 21:05:58,733 [grpc-default-executor-6] DEBUG leader.FollowerInfo (FollowerInfoImpl.java:lambda$new$1(49)) - s0@group-DBBE7E7C6C61->s1: matchIndex: updateToMax old=4, new=5, updated? true
2022-08-02 21:05:58,734 [grpc-default-executor-6] DEBUG leader.FollowerInfo (FollowerInfoImpl.java:lambda$new$1(49)) - s0@group-DBBE7E7C6C61->s1: commitIndex: updateToMax old=2, new=2, updated? false
2022-08-02 21:05:58,734 [s0@group-DBBE7E7C6C61->s1-GrpcLogAppender-LogAppenderDaemon] DEBUG leader.FollowerInfo (FollowerInfoImpl.java:lambda$new$1(49)) - s0@group-DBBE7E7C6C61->s1: nextIndex: updateIncreasingly 15 -> 16
2022-08-02 21:05:58,734 [s0@group-DBBE7E7C6C61->s1-GrpcLogAppender-LogAppenderDaemon] DEBUG leader.FollowerInfo (FollowerInfoImpl.java:lambda$new$1(49)) - s0@group-DBBE7E7C6C61->s1: nextIndex: updateIncreasingly 16 -> 17
2022-08-02 21:05:58,734 [grpc-default-executor-6] DEBUG leader.FollowerInfo (FollowerInfoImpl.java:lambda$new$1(49)) - s0@group-DBBE7E7C6C61->s1: matchIndex: updateToMax old=5, new=6, updated? true
2022-08-02 21:05:58,734 [grpc-default-executor-6] DEBUG leader.FollowerInfo (FollowerInfoImpl.java:lambda$new$1(49)) - s0@group-DBBE7E7C6C61->s1: commitIndex: updateToMax old=2, new=2, updated? false
2022-08-02 21:05:58,737 [grpc-default-executor-6] DEBUG leader.FollowerInfo (FollowerInfoImpl.java:lambda$new$1(49)) - s0@group-DBBE7E7C6C61->s1: matchIndex: updateToMax old=6, new=7, updated? true
2022-08-02 21:05:58,737 [grpc-default-executor-6] DEBUG leader.FollowerInfo (FollowerInfoImpl.java:lambda$new$1(49)) - s0@group-DBBE7E7C6C61->s1: commitIndex: updateToMax old=2, new=2, updated? false
2022-08-02 21:05:58,737 [grpc-default-executor-6] DEBUG leader.FollowerInfo (FollowerInfoImpl.java:lambda$new$1(49)) - s0@group-DBBE7E7C6C61->s1: matchIndex: updateToMax old=7, new=8, updated? true
2022-08-02 21:05:58,737 [grpc-default-executor-6] DEBUG leader.FollowerInfo (FollowerInfoImpl.java:lambda$new$1(49)) - s0@group-DBBE7E7C6C61->s1: commitIndex: updateToMax old=2, new=2, updated? false
2022-08-02 21:05:58,737 [grpc-default-executor-6] DEBUG leader.FollowerInfo (FollowerInfoImpl.java:lambda$new$1(49)) - s0@group-DBBE7E7C6C61->s1: matchIndex: updateToMax old=8, new=9, updated? true
2022-08-02 21:05:58,738 [grpc-default-executor-6] DEBUG leader.FollowerInfo (FollowerInfoImpl.java:lambda$new$1(49)) - s0@group-DBBE7E7C6C61->s1: commitIndex: updateToMax old=2, new=2, updated? false
2022-08-02 21:05:58,738 [grpc-default-executor-6] DEBUG leader.FollowerInfo (FollowerInfoImpl.java:lambda$new$1(49)) - s0@group-DBBE7E7C6C61->s1: matchIndex: updateToMax old=9, new=10, updated? true
2022-08-02 21:05:58,738 [grpc-default-executor-6] DEBUG leader.FollowerInfo (FollowerInfoImpl.java:lambda$new$1(49)) - s0@group-DBBE7E7C6C61->s1: commitIndex: updateToMax old=2, new=2, updated? false
2022-08-02 21:05:58,738 [grpc-default-executor-6] DEBUG leader.FollowerInfo (FollowerInfoImpl.java:lambda$new$1(49)) - s0@group-DBBE7E7C6C61->s1: matchIndex: updateToMax old=10, new=11, updated? true
2022-08-02 21:05:58,738 [grpc-default-executor-6] DEBUG leader.FollowerInfo (FollowerInfoImpl.java:lambda$new$1(49)) - s0@group-DBBE7E7C6C61->s1: commitIndex: updateToMax old=2, new=2, updated? false
2022-08-02 21:05:58,738 [grpc-default-executor-6] DEBUG leader.FollowerInfo (FollowerInfoImpl.java:lambda$new$1(49)) - s0@group-DBBE7E7C6C61->s1: matchIndex: updateToMax old=11, new=12, updated? true
2022-08-02 21:05:58,739 [grpc-default-executor-6] DEBUG leader.FollowerInfo (FollowerInfoImpl.java:lambda$new$1(49)) - s0@group-DBBE7E7C6C61->s1: commitIndex: updateToMax old=2, new=3, updated? true
2022-08-02 21:05:58,739 [grpc-default-executor-6] DEBUG leader.FollowerInfo (FollowerInfoImpl.java:lambda$new$1(49)) - s0@group-DBBE7E7C6C61->s1: matchIndex: updateToMax old=12, new=13, updated? true
2022-08-02 21:05:58,735 [s0@group-DBBE7E7C6C61->s1-GrpcLogAppender-LogAppenderDaemon] DEBUG leader.FollowerInfo (FollowerInfoImpl.java:lambda$new$1(49)) - s0@group-DBBE7E7C6C61->s1: nextIndex: updateIncreasingly 17 -> 18
2022-08-02 21:05:58,739 [s0@group-DBBE7E7C6C61->s1-GrpcLogAppender-LogAppenderDaemon] DEBUG leader.FollowerInfo (FollowerInfoImpl.java:lambda$new$1(49)) - s0@group-DBBE7E7C6C61->s1: nextIndex: updateIncreasingly 18 -> 19
2022-08-02 21:05:58,739 [s0@group-DBBE7E7C6C61->s1-GrpcLogAppender-LogAppenderDaemon] DEBUG leader.FollowerInfo (FollowerInfoImpl.java:lambda$new$1(49)) - s0@group-DBBE7E7C6C61->s1: nextIndex: updateIncreasingly 19 -> 20
2022-08-02 21:05:58,739 [s0@group-DBBE7E7C6C61->s1-GrpcLogAppender-LogAppenderDaemon] DEBUG leader.FollowerInfo (FollowerInfoImpl.java:lambda$new$1(49)) - s0@group-DBBE7E7C6C61->s1: nextIndex: updateIncreasingly 20 -> 21
2022-08-02 21:05:58,739 [s0@group-DBBE7E7C6C61->s1-GrpcLogAppender-LogAppenderDaemon] DEBUG leader.FollowerInfo (FollowerInfoImpl.java:lambda$new$1(49)) - s0@group-DBBE7E7C6C61->s1: nextIndex: updateIncreasingly 21 -> 22
2022-08-02 21:05:58,740 [s0@group-DBBE7E7C6C61->s1-GrpcLogAppender-LogAppenderDaemon] DEBUG leader.FollowerInfo (FollowerInfoImpl.java:lambda$new$1(49)) - s0@group-DBBE7E7C6C61->s1: nextIndex: updateIncreasingly 22 -> 23
2022-08-02 21:05:58,740 [s0@group-DBBE7E7C6C61->s1-GrpcLogAppender-LogAppenderDaemon] DEBUG leader.FollowerInfo (FollowerInfoImpl.java:lambda$new$1(49)) - s0@group-DBBE7E7C6C61->s1: nextIndex: updateIncreasingly 23 -> 24
2022-08-02 21:05:58,740 [s0@group-DBBE7E7C6C61-StateMachineUpdater] INFO  statemachine.SimpleStateMachine4Testing (SimpleStateMachine4Testing.java:put(204)) - s0: put 13, m -> (t:1, i:13), STATEMACHINELOGENTRY, 32@client-920847F5D7C6
2022-08-02 21:05:58,741 [s1@group-DBBE7E7C6C61-StateMachineUpdater] INFO  statemachine.SimpleStateMachine4Testing (SimpleStateMachine4Testing.java:put(204)) - s1: put 4, m -> (t:1, i:4), STATEMACHINELOGENTRY, 23@client-920847F5D7C6
2022-08-02 21:05:58,742 [s1@group-DBBE7E7C6C61-StateMachineUpdater] INFO  statemachine.SimpleStateMachine4Testing (SimpleStateMachine4Testing.java:put(204)) - s1: put 5, m -> (t:1, i:5), STATEMACHINELOGENTRY, 24@client-920847F5D7C6
2022-08-02 21:05:58,742 [s1@group-DBBE7E7C6C61-StateMachineUpdater] INFO  statemachine.SimpleStateMachine4Testing (SimpleStateMachine4Testing.java:put(204)) - s1: put 6, m -> (t:1, i:6), STATEMACHINELOGENTRY, 25@client-920847F5D7C6
2022-08-02 21:05:58,742 [s1@group-DBBE7E7C6C61-StateMachineUpdater] INFO  statemachine.SimpleStateMachine4Testing (SimpleStateMachine4Testing.java:put(204)) - s1: put 7, m -> (t:1, i:7), STATEMACHINELOGENTRY, 26@client-920847F5D7C6
2022-08-02 21:05:58,742 [s1@group-DBBE7E7C6C61-StateMachineUpdater] INFO  statemachine.SimpleStateMachine4Testing (SimpleStateMachine4Testing.java:put(204)) - s1: put 8, m -> (t:1, i:8), STATEMACHINELOGENTRY, 27@client-920847F5D7C6
2022-08-02 21:05:58,742 [s1@group-DBBE7E7C6C61-StateMachineUpdater] INFO  statemachine.SimpleStateMachine4Testing (SimpleStateMachine4Testing.java:put(204)) - s1: put 9, m -> (t:1, i:9), STATEMACHINELOGENTRY, 28@client-920847F5D7C6
2022-08-02 21:05:58,743 [s1@group-DBBE7E7C6C61-StateMachineUpdater] INFO  statemachine.SimpleStateMachine4Testing (SimpleStateMachine4Testing.java:put(204)) - s1: put 10, m -> (t:1, i:10), STATEMACHINELOGENTRY, 29@client-920847F5D7C6
2022-08-02 21:05:58,743 [s1@group-DBBE7E7C6C61-StateMachineUpdater] INFO  statemachine.SimpleStateMachine4Testing (SimpleStateMachine4Testing.java:put(204)) - s1: put 11, m -> (t:1, i:11), STATEMACHINELOGENTRY, 30@client-920847F5D7C6
2022-08-02 21:05:58,743 [s1@group-DBBE7E7C6C61-StateMachineUpdater] INFO  statemachine.SimpleStateMachine4Testing (SimpleStateMachine4Testing.java:put(204)) - s1: put 12, m -> (t:1, i:12), STATEMACHINELOGENTRY, 31@client-920847F5D7C6
2022-08-02 21:05:58,745 [grpc-default-executor-1] DEBUG leader.FollowerInfo (FollowerInfoImpl.java:lambda$new$1(49)) - s0@group-DBBE7E7C6C61->s1: commitIndex: updateToMax old=3, new=2, updated? false
2022-08-02 21:05:58,745 [grpc-default-executor-1] DEBUG leader.FollowerInfo (FollowerInfoImpl.java:lambda$new$1(49)) - s0@group-DBBE7E7C6C61->s1: matchIndex: updateToMax old=13, new=-1, updated? false
2022-08-02 21:05:58,746 [grpc-default-executor-0] DEBUG leader.FollowerInfo (FollowerInfoImpl.java:lambda$new$1(49)) - s0@group-DBBE7E7C6C61->s2: commitIndex: updateToMax old=2, new=2, updated? false
2022-08-02 21:05:58,746 [grpc-default-executor-0] DEBUG leader.FollowerInfo (FollowerInfoImpl.java:lambda$new$1(49)) - s0@group-DBBE7E7C6C61->s2: matchIndex: updateToMax old=12, new=-1, updated? false
2022-08-02 21:05:58,747 [s2@group-DBBE7E7C6C61-StateMachineUpdater] INFO  statemachine.SimpleStateMachine4Testing (SimpleStateMachine4Testing.java:put(204)) - s2: put 3, m -> (t:1, i:3), STATEMACHINELOGENTRY, 22@client-920847F5D7C6
2022-08-02 21:05:58,748 [grpc-default-executor-6] DEBUG leader.FollowerInfo (FollowerInfoImpl.java:lambda$new$1(49)) - s0@group-DBBE7E7C6C61->s1: commitIndex: updateToMax old=3, new=12, updated? true
2022-08-02 21:05:58,748 [grpc-default-executor-6] DEBUG leader.FollowerInfo (FollowerInfoImpl.java:lambda$new$1(49)) - s0@group-DBBE7E7C6C61->s1: matchIndex: updateToMax old=13, new=14, updated? true
2022-08-02 21:05:58,750 [grpc-default-executor-0] DEBUG leader.FollowerInfo (FollowerInfoImpl.java:lambda$new$1(49)) - s0@group-DBBE7E7C6C61->s2: commitIndex: updateToMax old=2, new=3, updated? true
2022-08-02 21:05:58,750 [grpc-default-executor-0] DEBUG leader.FollowerInfo (FollowerInfoImpl.java:lambda$new$1(49)) - s0@group-DBBE7E7C6C61->s2: matchIndex: updateToMax old=12, new=13, updated? true
2022-08-02 21:05:58,750 [s0@group-DBBE7E7C6C61->s1-GrpcLogAppender-LogAppenderDaemon] DEBUG leader.FollowerInfo (FollowerInfoImpl.java:lambda$new$1(49)) - s0@group-DBBE7E7C6C61->s1: nextIndex: updateIncreasingly 24 -> 25
2022-08-02 21:05:58,750 [s0@group-DBBE7E7C6C61->s2-GrpcLogAppender-LogAppenderDaemon] DEBUG leader.FollowerInfo (FollowerInfoImpl.java:lambda$new$1(49)) - s0@group-DBBE7E7C6C61->s2: nextIndex: updateIncreasingly 23 -> 24
2022-08-02 21:05:58,751 [s0@group-DBBE7E7C6C61-StateMachineUpdater] INFO  statemachine.SimpleStateMachine4Testing (SimpleStateMachine4Testing.java:put(204)) - s0: put 14, m -> (t:1, i:14), STATEMACHINELOGENTRY, 33@client-920847F5D7C6
2022-08-02 21:05:58,754 [s2@group-DBBE7E7C6C61-StateMachineUpdater] INFO  statemachine.SimpleStateMachine4Testing (SimpleStateMachine4Testing.java:put(204)) - s2: put 4, m -> (t:1, i:4), STATEMACHINELOGENTRY, 23@client-920847F5D7C6
2022-08-02 21:05:58,754 [s2@group-DBBE7E7C6C61-StateMachineUpdater] INFO  statemachine.SimpleStateMachine4Testing (SimpleStateMachine4Testing.java:put(204)) - s2: put 5, m -> (t:1, i:5), STATEMACHINELOGENTRY, 24@client-920847F5D7C6
2022-08-02 21:05:58,755 [grpc-default-executor-0] DEBUG leader.FollowerInfo (FollowerInfoImpl.java:lambda$new$1(49)) - s0@group-DBBE7E7C6C61->s2: commitIndex: updateToMax old=3, new=5, updated? true
2022-08-02 21:05:58,755 [grpc-default-executor-0] DEBUG leader.FollowerInfo (FollowerInfoImpl.java:lambda$new$1(49)) - s0@group-DBBE7E7C6C61->s2: matchIndex: updateToMax old=13, new=14, updated? true
2022-08-02 21:05:58,756 [s0@group-DBBE7E7C6C61->s2-GrpcLogAppender-LogAppenderDaemon] DEBUG leader.FollowerInfo (FollowerInfoImpl.java:lambda$new$1(49)) - s0@group-DBBE7E7C6C61->s2: nextIndex: updateIncreasingly 24 -> 25
2022-08-02 21:05:58,756 [s2@group-DBBE7E7C6C61-StateMachineUpdater] INFO  statemachine.SimpleStateMachine4Testing (SimpleStateMachine4Testing.java:put(204)) - s2: put 6, m -> (t:1, i:6), STATEMACHINELOGENTRY, 25@client-920847F5D7C6
2022-08-02 21:05:58,757 [s2@group-DBBE7E7C6C61-StateMachineUpdater] INFO  statemachine.SimpleStateMachine4Testing (SimpleStateMachine4Testing.java:put(204)) - s2: put 7, m -> (t:1, i:7), STATEMACHINELOGENTRY, 26@client-920847F5D7C6
2022-08-02 21:05:58,758 [s2@group-DBBE7E7C6C61-StateMachineUpdater] INFO  statemachine.SimpleStateMachine4Testing (SimpleStateMachine4Testing.java:put(204)) - s2: put 8, m -> (t:1, i:8), STATEMACHINELOGENTRY, 27@client-920847F5D7C6
2022-08-02 21:05:58,758 [s2@group-DBBE7E7C6C61-StateMachineUpdater] INFO  statemachine.SimpleStateMachine4Testing (SimpleStateMachine4Testing.java:put(204)) - s2: put 9, m -> (t:1, i:9), STATEMACHINELOGENTRY, 28@client-920847F5D7C6
2022-08-02 21:05:58,759 [s2@group-DBBE7E7C6C61-StateMachineUpdater] INFO  statemachine.SimpleStateMachine4Testing (SimpleStateMachine4Testing.java:put(204)) - s2: put 10, m -> (t:1, i:10), STATEMACHINELOGENTRY, 29@client-920847F5D7C6
2022-08-02 21:05:58,760 [s2@group-DBBE7E7C6C61-StateMachineUpdater] INFO  statemachine.SimpleStateMachine4Testing (SimpleStateMachine4Testing.java:put(204)) - s2: put 11, m -> (t:1, i:11), STATEMACHINELOGENTRY, 30@client-920847F5D7C6
2022-08-02 21:05:58,766 [s2@group-DBBE7E7C6C61-StateMachineUpdater] INFO  statemachine.SimpleStateMachine4Testing (SimpleStateMachine4Testing.java:put(204)) - s2: put 12, m -> (t:1, i:12), STATEMACHINELOGENTRY, 31@client-920847F5D7C6
2022-08-02 21:05:58,766 [s2@group-DBBE7E7C6C61-StateMachineUpdater] INFO  statemachine.SimpleStateMachine4Testing (SimpleStateMachine4Testing.java:put(204)) - s2: put 13, m -> (t:1, i:13), STATEMACHINELOGENTRY, 32@client-920847F5D7C6
2022-08-02 21:05:58,768 [s2@group-DBBE7E7C6C61-StateMachineUpdater] INFO  statemachine.SimpleStateMachine4Testing (SimpleStateMachine4Testing.java:put(204)) - s2: put 14, m -> (t:1, i:14), STATEMACHINELOGENTRY, 33@client-920847F5D7C6
2022-08-02 21:05:58,769 [grpc-default-executor-6] DEBUG leader.FollowerInfo (FollowerInfoImpl.java:lambda$new$1(49)) - s0@group-DBBE7E7C6C61->s2: commitIndex: updateToMax old=5, new=5, updated? false
2022-08-02 21:05:58,769 [grpc-default-executor-6] DEBUG leader.FollowerInfo (FollowerInfoImpl.java:lambda$new$1(49)) - s0@group-DBBE7E7C6C61->s2: matchIndex: updateToMax old=14, new=15, updated? true
2022-08-02 21:05:58,770 [s0@group-DBBE7E7C6C61-StateMachineUpdater] INFO  statemachine.SimpleStateMachine4Testing (SimpleStateMachine4Testing.java:put(204)) - s0: put 15, m -> (t:1, i:15), STATEMACHINELOGENTRY, 34@client-920847F5D7C6
2022-08-02 21:05:58,771 [grpc-default-executor-5] DEBUG leader.FollowerInfo (FollowerInfoImpl.java:lambda$new$1(49)) - s0@group-DBBE7E7C6C61->s1: commitIndex: updateToMax old=12, new=12, updated? false
2022-08-02 21:05:58,771 [grpc-default-executor-5] DEBUG leader.FollowerInfo (FollowerInfoImpl.java:lambda$new$1(49)) - s0@group-DBBE7E7C6C61->s1: matchIndex: updateToMax old=14, new=15, updated? true
2022-08-02 21:05:58,771 [grpc-default-executor-1] DEBUG leader.FollowerInfo (FollowerInfoImpl.java:lambda$new$1(49)) - s0@group-DBBE7E7C6C61->s2: commitIndex: updateToMax old=5, new=6, updated? true
2022-08-02 21:05:58,771 [grpc-default-executor-1] DEBUG leader.FollowerInfo (FollowerInfoImpl.java:lambda$new$1(49)) - s0@group-DBBE7E7C6C61->s2: matchIndex: updateToMax old=15, new=16, updated? true
2022-08-02 21:05:58,771 [s0@group-DBBE7E7C6C61->s2-GrpcLogAppender-LogAppenderDaemon] DEBUG leader.FollowerInfo (FollowerInfoImpl.java:lambda$new$1(49)) - s0@group-DBBE7E7C6C61->s2: nextIndex: updateIncreasingly 25 -> 26
2022-08-02 21:05:58,772 [s0@group-DBBE7E7C6C61->s2-GrpcLogAppender-LogAppenderDaemon] DEBUG leader.FollowerInfo (FollowerInfoImpl.java:lambda$new$1(49)) - s0@group-DBBE7E7C6C61->s2: nextIndex: updateIncreasingly 26 -> 27
2022-08-02 21:05:58,773 [s0@group-DBBE7E7C6C61-StateMachineUpdater] INFO  statemachine.SimpleStateMachine4Testing (SimpleStateMachine4Testing.java:put(204)) - s0: put 16, m -> (t:1, i:16), STATEMACHINELOGENTRY, 35@client-920847F5D7C6
2022-08-02 21:05:58,779 [grpc-default-executor-4] DEBUG leader.FollowerInfo (FollowerInfoImpl.java:lambda$new$1(49)) - s0@group-DBBE7E7C6C61->s1: commitIndex: updateToMax old=12, new=12, updated? false
2022-08-02 21:05:58,779 [grpc-default-executor-4] DEBUG leader.FollowerInfo (FollowerInfoImpl.java:lambda$new$1(49)) - s0@group-DBBE7E7C6C61->s1: matchIndex: updateToMax old=15, new=-1, updated? false
2022-08-02 21:05:58,785 [s1@group-DBBE7E7C6C61-StateMachineUpdater] INFO  statemachine.SimpleStateMachine4Testing (SimpleStateMachine4Testing.java:put(204)) - s1: put 13, m -> (t:1, i:13), STATEMACHINELOGENTRY, 32@client-920847F5D7C6
2022-08-02 21:05:58,786 [grpc-default-executor-3] DEBUG leader.FollowerInfo (FollowerInfoImpl.java:lambda$new$1(49)) - s0@group-DBBE7E7C6C61->s2: commitIndex: updateToMax old=6, new=3, updated? false
2022-08-02 21:05:58,787 [grpc-default-executor-3] DEBUG leader.FollowerInfo (FollowerInfoImpl.java:lambda$new$1(49)) - s0@group-DBBE7E7C6C61->s2: matchIndex: updateToMax old=16, new=-1, updated? false
2022-08-02 21:05:58,787 [grpc-default-executor-6] DEBUG leader.FollowerInfo (FollowerInfoImpl.java:lambda$new$1(49)) - s0@group-DBBE7E7C6C61->s1: commitIndex: updateToMax old=12, new=12, updated? false
2022-08-02 21:05:58,787 [grpc-default-executor-6] DEBUG leader.FollowerInfo (FollowerInfoImpl.java:lambda$new$1(49)) - s0@group-DBBE7E7C6C61->s1: matchIndex: updateToMax old=15, new=-1, updated? false
2022-08-02 21:05:58,788 [grpc-default-executor-3] DEBUG leader.FollowerInfo (FollowerInfoImpl.java:lambda$new$1(49)) - s0@group-DBBE7E7C6C61->s1: commitIndex: updateToMax old=12, new=12, updated? false
2022-08-02 21:05:58,788 [grpc-default-executor-3] DEBUG leader.FollowerInfo (FollowerInfoImpl.java:lambda$new$1(49)) - s0@group-DBBE7E7C6C61->s1: matchIndex: updateToMax old=15, new=16, updated? true
2022-08-02 21:05:58,788 [grpc-default-executor-1] DEBUG leader.FollowerInfo (FollowerInfoImpl.java:lambda$new$1(49)) - s0@group-DBBE7E7C6C61->s2: commitIndex: updateToMax old=6, new=7, updated? true
2022-08-02 21:05:58,788 [grpc-default-executor-1] DEBUG leader.FollowerInfo (FollowerInfoImpl.java:lambda$new$1(49)) - s0@group-DBBE7E7C6C61->s2: matchIndex: updateToMax old=16, new=17, updated? true
2022-08-02 21:05:58,790 [grpc-default-executor-7] DEBUG leader.FollowerInfo (FollowerInfoImpl.java:lambda$new$1(49)) - s0@group-DBBE7E7C6C61->s1: commitIndex: updateToMax old=12, new=12, updated? false
2022-08-02 21:05:58,791 [grpc-default-executor-7] DEBUG leader.FollowerInfo (FollowerInfoImpl.java:lambda$new$1(49)) - s0@group-DBBE7E7C6C61->s1: matchIndex: updateToMax old=16, new=17, updated? true
2022-08-02 21:05:58,791 [s0@group-DBBE7E7C6C61->s2-GrpcLogAppender-LogAppenderDaemon] DEBUG leader.FollowerInfo (FollowerInfoImpl.java:lambda$new$1(49)) - s0@group-DBBE7E7C6C61->s2: nextIndex: updateIncreasingly 27 -> 28
2022-08-02 21:05:58,791 [grpc-default-executor-7] DEBUG leader.FollowerInfo (FollowerInfoImpl.java:lambda$new$1(49)) - s0@group-DBBE7E7C6C61->s1: commitIndex: updateToMax old=12, new=12, updated? false
2022-08-02 21:05:58,791 [grpc-default-executor-7] DEBUG leader.FollowerInfo (FollowerInfoImpl.java:lambda$new$1(49)) - s0@group-DBBE7E7C6C61->s1: matchIndex: updateToMax old=17, new=18, updated? true
2022-08-02 21:05:58,802 [grpc-default-executor-8] DEBUG leader.FollowerInfo (FollowerInfoImpl.java:lambda$new$1(49)) - s0@group-DBBE7E7C6C61->s2: commitIndex: updateToMax old=14, new=7, updated? false
2022-08-02 21:05:58,804 [grpc-default-executor-8] DEBUG leader.FollowerInfo (FollowerInfoImpl.java:lambda$new$1(49)) - s0@group-DBBE7E7C6C61->s2: matchIndex: updateToMax old=17, new=18, updated? true
2022-08-02 21:05:58,794 [s2@group-DBBE7E7C6C61-StateMachineUpdater] INFO  statemachine.SimpleStateMachine4Testing (SimpleStateMachine4Testing.java:put(204)) - s2: put 15, m -> (t:1, i:15), STATEMACHINELOGENTRY, 34@client-920847F5D7C6
2022-08-02 21:05:58,805 [s0@group-DBBE7E7C6C61->s2-GrpcLogAppender-LogAppenderDaemon] DEBUG leader.FollowerInfo (FollowerInfoImpl.java:lambda$new$1(49)) - s0@group-DBBE7E7C6C61->s2: nextIndex: updateIncreasingly 28 -> 29
2022-08-02 21:05:58,793 [s0@group-DBBE7E7C6C61->s1-GrpcLogAppender-LogAppenderDaemon] DEBUG leader.FollowerInfo (FollowerInfoImpl.java:lambda$new$1(49)) - s0@group-DBBE7E7C6C61->s1: nextIndex: updateIncreasingly 25 -> 26
2022-08-02 21:05:58,805 [s0@group-DBBE7E7C6C61->s1-GrpcLogAppender-LogAppenderDaemon] DEBUG leader.FollowerInfo (FollowerInfoImpl.java:lambda$new$1(49)) - s0@group-DBBE7E7C6C61->s1: nextIndex: updateIncreasingly 26 -> 27
2022-08-02 21:05:58,805 [s0@group-DBBE7E7C6C61->s1-GrpcLogAppender-LogAppenderDaemon] DEBUG leader.FollowerInfo (FollowerInfoImpl.java:lambda$new$1(49)) - s0@group-DBBE7E7C6C61->s1: nextIndex: updateIncreasingly 27 -> 28
2022-08-02 21:05:58,805 [s0@group-DBBE7E7C6C61->s1-GrpcLogAppender-LogAppenderDaemon] DEBUG leader.FollowerInfo (FollowerInfoImpl.java:lambda$new$1(49)) - s0@group-DBBE7E7C6C61->s1: nextIndex: updateIncreasingly 28 -> 29
2022-08-02 21:05:58,805 [s0@group-DBBE7E7C6C61->s1-GrpcLogAppender-LogAppenderDaemon] DEBUG leader.FollowerInfo (FollowerInfoImpl.java:lambda$new$1(49)) - s0@group-DBBE7E7C6C61->s1: nextIndex: updateIncreasingly 29 -> 30
2022-08-02 21:05:58,793 [grpc-default-executor-3] DEBUG leader.FollowerInfo (FollowerInfoImpl.java:lambda$new$1(49)) - s0@group-DBBE7E7C6C61->s1: commitIndex: updateToMax old=12, new=12, updated? false
2022-08-02 21:05:58,808 [grpc-default-executor-3] DEBUG leader.FollowerInfo (FollowerInfoImpl.java:lambda$new$1(49)) - s0@group-DBBE7E7C6C61->s1: matchIndex: updateToMax old=18, new=-1, updated? false
2022-08-02 21:05:58,793 [grpc-default-executor-0] DEBUG leader.FollowerInfo (FollowerInfoImpl.java:lambda$new$1(49)) - s0@group-DBBE7E7C6C61->s2: commitIndex: updateToMax old=7, new=14, updated? true
2022-08-02 21:05:58,793 [s0@group-DBBE7E7C6C61-StateMachineUpdater] INFO  statemachine.SimpleStateMachine4Testing (SimpleStateMachine4Testing.java:put(204)) - s0: put 17, m -> (t:1, i:17), STATEMACHINELOGENTRY, 36@client-920847F5D7C6
2022-08-02 21:05:58,808 [grpc-default-executor-0] DEBUG leader.FollowerInfo (FollowerInfoImpl.java:lambda$new$1(49)) - s0@group-DBBE7E7C6C61->s2: matchIndex: updateToMax old=18, new=-1, updated? false
2022-08-02 21:05:58,808 [s2@group-DBBE7E7C6C61-StateMachineUpdater] INFO  statemachine.SimpleStateMachine4Testing (SimpleStateMachine4Testing.java:put(204)) - s2: put 16, m -> (t:1, i:16), STATEMACHINELOGENTRY, 35@client-920847F5D7C6
2022-08-02 21:05:58,804 [grpc-default-executor-7] DEBUG leader.FollowerInfo (FollowerInfoImpl.java:lambda$new$1(49)) - s0@group-DBBE7E7C6C61->s1: commitIndex: updateToMax old=12, new=12, updated? false
2022-08-02 21:05:58,809 [grpc-default-executor-7] DEBUG leader.FollowerInfo (FollowerInfoImpl.java:lambda$new$1(49)) - s0@group-DBBE7E7C6C61->s1: matchIndex: updateToMax old=18, new=19, updated? true
2022-08-02 21:05:58,809 [s2@group-DBBE7E7C6C61-StateMachineUpdater] INFO  statemachine.SimpleStateMachine4Testing (SimpleStateMachine4Testing.java:put(204)) - s2: put 17, m -> (t:1, i:17), STATEMACHINELOGENTRY, 36@client-920847F5D7C6
2022-08-02 21:05:58,809 [s0@group-DBBE7E7C6C61-StateMachineUpdater] INFO  statemachine.SimpleStateMachine4Testing (SimpleStateMachine4Testing.java:put(204)) - s0: put 18, m -> (t:1, i:18), STATEMACHINELOGENTRY, 37@client-920847F5D7C6
2022-08-02 21:05:58,809 [s0@group-DBBE7E7C6C61-StateMachineUpdater] INFO  statemachine.SimpleStateMachine4Testing (SimpleStateMachine4Testing.java:put(204)) - s0: put 19, m -> (t:1, i:19), STATEMACHINELOGENTRY, 38@client-920847F5D7C6
2022-08-02 21:05:58,811 [grpc-default-executor-3] DEBUG leader.FollowerInfo (FollowerInfoImpl.java:lambda$new$1(49)) - s0@group-DBBE7E7C6C61->s1: commitIndex: updateToMax old=12, new=12, updated? false
2022-08-02 21:05:58,811 [grpc-default-executor-3] DEBUG leader.FollowerInfo (FollowerInfoImpl.java:lambda$new$1(49)) - s0@group-DBBE7E7C6C61->s1: matchIndex: updateToMax old=19, new=-1, updated? false
2022-08-02 21:05:58,814 [grpc-default-executor-1] DEBUG leader.FollowerInfo (FollowerInfoImpl.java:lambda$new$1(49)) - s0@group-DBBE7E7C6C61->s1: commitIndex: updateToMax old=12, new=12, updated? false
2022-08-02 21:05:58,814 [grpc-default-executor-1] DEBUG leader.FollowerInfo (FollowerInfoImpl.java:lambda$new$1(49)) - s0@group-DBBE7E7C6C61->s1: matchIndex: updateToMax old=19, new=20, updated? true
2022-08-02 21:05:58,815 [grpc-default-executor-1] DEBUG leader.FollowerInfo (FollowerInfoImpl.java:lambda$new$1(49)) - s0@group-DBBE7E7C6C61->s1: commitIndex: updateToMax old=12, new=13, updated? true
2022-08-02 21:05:58,815 [grpc-default-executor-1] DEBUG leader.FollowerInfo (FollowerInfoImpl.java:lambda$new$1(49)) - s0@group-DBBE7E7C6C61->s1: matchIndex: updateToMax old=20, new=21, updated? true
2022-08-02 21:05:58,815 [grpc-default-executor-1] DEBUG leader.FollowerInfo (FollowerInfoImpl.java:lambda$new$1(49)) - s0@group-DBBE7E7C6C61->s1: commitIndex: updateToMax old=13, new=12, updated? false
2022-08-02 21:05:58,815 [grpc-default-executor-1] DEBUG leader.FollowerInfo (FollowerInfoImpl.java:lambda$new$1(49)) - s0@group-DBBE7E7C6C61->s1: matchIndex: updateToMax old=21, new=22, updated? true
2022-08-02 21:05:58,815 [grpc-default-executor-1] DEBUG leader.FollowerInfo (FollowerInfoImpl.java:lambda$new$1(49)) - s0@group-DBBE7E7C6C61->s1: commitIndex: updateToMax old=13, new=12, updated? false
2022-08-02 21:05:58,815 [grpc-default-executor-1] DEBUG leader.FollowerInfo (FollowerInfoImpl.java:lambda$new$1(49)) - s0@group-DBBE7E7C6C61->s1: matchIndex: updateToMax old=22, new=23, updated? true
2022-08-02 21:05:58,815 [grpc-default-executor-1] DEBUG leader.FollowerInfo (FollowerInfoImpl.java:lambda$new$1(49)) - s0@group-DBBE7E7C6C61->s1: commitIndex: updateToMax old=13, new=13, updated? false
2022-08-02 21:05:58,815 [grpc-default-executor-1] DEBUG leader.FollowerInfo (FollowerInfoImpl.java:lambda$new$1(49)) - s0@group-DBBE7E7C6C61->s1: matchIndex: updateToMax old=23, new=24, updated? true
2022-08-02 21:05:58,815 [grpc-default-executor-8] DEBUG leader.FollowerInfo (FollowerInfoImpl.java:lambda$new$1(49)) - s0@group-DBBE7E7C6C61->s2: commitIndex: updateToMax old=14, new=9, updated? false
2022-08-02 21:05:58,815 [grpc-default-executor-8] DEBUG leader.FollowerInfo (FollowerInfoImpl.java:lambda$new$1(49)) - s0@group-DBBE7E7C6C61->s2: matchIndex: updateToMax old=18, new=19, updated? true
2022-08-02 21:05:58,816 [s0@group-DBBE7E7C6C61-StateMachineUpdater] INFO  statemachine.SimpleStateMachine4Testing (SimpleStateMachine4Testing.java:put(204)) - s0: put 20, m -> (t:1, i:20), STATEMACHINELOGENTRY, 39@client-920847F5D7C6
2022-08-02 21:05:58,817 [grpc-default-executor-7] DEBUG leader.FollowerInfo (FollowerInfoImpl.java:lambda$new$1(49)) - s0@group-DBBE7E7C6C61->s2: commitIndex: updateToMax old=14, new=9, updated? false
2022-08-02 21:05:58,817 [grpc-default-executor-7] DEBUG leader.FollowerInfo (FollowerInfoImpl.java:lambda$new$1(49)) - s0@group-DBBE7E7C6C61->s2: matchIndex: updateToMax old=19, new=20, updated? true
2022-08-02 21:05:58,817 [s0@group-DBBE7E7C6C61-StateMachineUpdater] INFO  statemachine.SimpleStateMachine4Testing (SimpleStateMachine4Testing.java:put(204)) - s0: put 21, m -> (t:1, i:21), STATEMACHINELOGENTRY, 40@client-920847F5D7C6
2022-08-02 21:05:58,817 [grpc-default-executor-7] DEBUG leader.FollowerInfo (FollowerInfoImpl.java:lambda$new$1(49)) - s0@group-DBBE7E7C6C61->s2: commitIndex: updateToMax old=14, new=11, updated? false
2022-08-02 21:05:58,817 [grpc-default-executor-7] DEBUG leader.FollowerInfo (FollowerInfoImpl.java:lambda$new$1(49)) - s0@group-DBBE7E7C6C61->s2: matchIndex: updateToMax old=20, new=21, updated? true
2022-08-02 21:05:58,817 [grpc-default-executor-7] DEBUG leader.FollowerInfo (FollowerInfoImpl.java:lambda$new$1(49)) - s0@group-DBBE7E7C6C61->s2: commitIndex: updateToMax old=14, new=11, updated? false
2022-08-02 21:05:58,817 [grpc-default-executor-7] DEBUG leader.FollowerInfo (FollowerInfoImpl.java:lambda$new$1(49)) - s0@group-DBBE7E7C6C61->s2: matchIndex: updateToMax old=21, new=22, updated? true
2022-08-02 21:05:58,817 [s0@group-DBBE7E7C6C61->s2-GrpcLogAppender-LogAppenderDaemon] DEBUG leader.FollowerInfo (FollowerInfoImpl.java:lambda$new$1(49)) - s0@group-DBBE7E7C6C61->s2: nextIndex: updateIncreasingly 29 -> 30
2022-08-02 21:05:58,817 [s0@group-DBBE7E7C6C61-StateMachineUpdater] INFO  statemachine.SimpleStateMachine4Testing (SimpleStateMachine4Testing.java:put(204)) - s0: put 22, m -> (t:1, i:22), STATEMACHINELOGENTRY, 41@client-920847F5D7C6
2022-08-02 21:05:58,817 [s0@group-DBBE7E7C6C61->s2-GrpcLogAppender-LogAppenderDaemon] DEBUG leader.FollowerInfo (FollowerInfoImpl.java:lambda$new$1(49)) - s0@group-DBBE7E7C6C61->s2: nextIndex: updateIncreasingly 30 -> 31
2022-08-02 21:05:58,818 [s0@group-DBBE7E7C6C61->s2-GrpcLogAppender-LogAppenderDaemon] DEBUG leader.FollowerInfo (FollowerInfoImpl.java:lambda$new$1(49)) - s0@group-DBBE7E7C6C61->s2: nextIndex: updateIncreasingly 31 -> 32
2022-08-02 21:05:58,818 [s0@group-DBBE7E7C6C61->s2-GrpcLogAppender-LogAppenderDaemon] DEBUG leader.FollowerInfo (FollowerInfoImpl.java:lambda$new$1(49)) - s0@group-DBBE7E7C6C61->s2: nextIndex: updateIncreasingly 32 -> 33
2022-08-02 21:05:58,818 [grpc-default-executor-7] DEBUG leader.FollowerInfo (FollowerInfoImpl.java:lambda$new$1(49)) - s0@group-DBBE7E7C6C61->s2: commitIndex: updateToMax old=14, new=13, updated? false
2022-08-02 21:05:58,818 [grpc-default-executor-7] DEBUG leader.FollowerInfo (FollowerInfoImpl.java:lambda$new$1(49)) - s0@group-DBBE7E7C6C61->s2: matchIndex: updateToMax old=22, new=23, updated? true
2022-08-02 21:05:58,818 [s0@group-DBBE7E7C6C61->s2-GrpcLogAppender-LogAppenderDaemon] DEBUG leader.FollowerInfo (FollowerInfoImpl.java:lambda$new$1(49)) - s0@group-DBBE7E7C6C61->s2: nextIndex: updateIncreasingly 33 -> 34
2022-08-02 21:05:58,818 [grpc-default-executor-3] DEBUG leader.FollowerInfo (FollowerInfoImpl.java:lambda$new$1(49)) - s0@group-DBBE7E7C6C61->s1: commitIndex: updateToMax old=13, new=12, updated? false
2022-08-02 21:05:58,819 [grpc-default-executor-3] DEBUG leader.FollowerInfo (FollowerInfoImpl.java:lambda$new$1(49)) - s0@group-DBBE7E7C6C61->s1: matchIndex: updateToMax old=24, new=-1, updated? false
2022-08-02 21:05:58,819 [s0@group-DBBE7E7C6C61->s1-GrpcLogAppender-LogAppenderDaemon] DEBUG leader.FollowerInfo (FollowerInfoImpl.java:lambda$new$1(49)) - s0@group-DBBE7E7C6C61->s1: nextIndex: updateIncreasingly 30 -> 31
2022-08-02 21:05:58,819 [s0@group-DBBE7E7C6C61->s1-GrpcLogAppender-LogAppenderDaemon] DEBUG leader.FollowerInfo (FollowerInfoImpl.java:lambda$new$1(49)) - s0@group-DBBE7E7C6C61->s1: nextIndex: updateIncreasingly 31 -> 32
2022-08-02 21:05:58,819 [grpc-default-executor-3] DEBUG leader.FollowerInfo (FollowerInfoImpl.java:lambda$new$1(49)) - s0@group-DBBE7E7C6C61->s1: commitIndex: updateToMax old=13, new=12, updated? false
2022-08-02 21:05:58,819 [grpc-default-executor-3] DEBUG leader.FollowerInfo (FollowerInfoImpl.java:lambda$new$1(49)) - s0@group-DBBE7E7C6C61->s1: matchIndex: updateToMax old=24, new=-1, updated? false
2022-08-02 21:05:58,819 [s0@group-DBBE7E7C6C61->s1-GrpcLogAppender-LogAppenderDaemon] DEBUG leader.FollowerInfo (FollowerInfoImpl.java:lambda$new$1(49)) - s0@group-DBBE7E7C6C61->s1: nextIndex: updateIncreasingly 32 -> 33
2022-08-02 21:05:58,819 [s0@group-DBBE7E7C6C61->s1-GrpcLogAppender-LogAppenderDaemon] DEBUG leader.FollowerInfo (FollowerInfoImpl.java:lambda$new$1(49)) - s0@group-DBBE7E7C6C61->s1: nextIndex: updateIncreasingly 33 -> 34
2022-08-02 21:05:58,819 [s0@group-DBBE7E7C6C61->s1-GrpcLogAppender-LogAppenderDaemon] DEBUG leader.FollowerInfo (FollowerInfoImpl.java:lambda$new$1(49)) - s0@group-DBBE7E7C6C61->s1: nextIndex: updateIncreasingly 34 -> 35
2022-08-02 21:05:58,820 [grpc-default-executor-8] DEBUG leader.FollowerInfo (FollowerInfoImpl.java:lambda$new$1(49)) - s0@group-DBBE7E7C6C61->s1: commitIndex: updateToMax old=13, new=13, updated? false
2022-08-02 21:05:58,820 [grpc-default-executor-8] DEBUG leader.FollowerInfo (FollowerInfoImpl.java:lambda$new$1(49)) - s0@group-DBBE7E7C6C61->s1: matchIndex: updateToMax old=24, new=-1, updated? false
2022-08-02 21:05:58,820 [grpc-default-executor-3] DEBUG leader.FollowerInfo (FollowerInfoImpl.java:lambda$new$1(49)) - s0@group-DBBE7E7C6C61->s2: commitIndex: updateToMax old=14, new=14, updated? false
2022-08-02 21:05:58,820 [grpc-default-executor-3] DEBUG leader.FollowerInfo (FollowerInfoImpl.java:lambda$new$1(49)) - s0@group-DBBE7E7C6C61->s2: matchIndex: updateToMax old=23, new=24, updated? true
2022-08-02 21:05:58,820 [grpc-default-executor-3] DEBUG leader.FollowerInfo (FollowerInfoImpl.java:lambda$new$1(49)) - s0@group-DBBE7E7C6C61->s1: commitIndex: updateToMax old=13, new=13, updated? false
2022-08-02 21:05:58,820 [grpc-default-executor-3] DEBUG leader.FollowerInfo (FollowerInfoImpl.java:lambda$new$1(49)) - s0@group-DBBE7E7C6C61->s1: matchIndex: updateToMax old=24, new=-1, updated? false
2022-08-02 21:05:58,820 [s0@group-DBBE7E7C6C61->s2-GrpcLogAppender-LogAppenderDaemon] DEBUG leader.FollowerInfo (FollowerInfoImpl.java:lambda$new$1(49)) - s0@group-DBBE7E7C6C61->s2: nextIndex: updateIncreasingly 34 -> 35
2022-08-02 21:05:58,821 [grpc-default-executor-5] DEBUG leader.FollowerInfo (FollowerInfoImpl.java:lambda$new$1(49)) - s0@group-DBBE7E7C6C61->s2: commitIndex: updateToMax old=14, new=15, updated? true
2022-08-02 21:05:58,821 [grpc-default-executor-5] DEBUG leader.FollowerInfo (FollowerInfoImpl.java:lambda$new$1(49)) - s0@group-DBBE7E7C6C61->s2: matchIndex: updateToMax old=24, new=25, updated? true
2022-08-02 21:05:58,821 [s0@group-DBBE7E7C6C61->s2-GrpcLogAppender-LogAppenderDaemon] DEBUG leader.FollowerInfo (FollowerInfoImpl.java:lambda$new$1(49)) - s0@group-DBBE7E7C6C61->s2: nextIndex: updateIncreasingly 35 -> 36
2022-08-02 21:05:58,821 [grpc-default-executor-7] DEBUG leader.FollowerInfo (FollowerInfoImpl.java:lambda$new$1(49)) - s0@group-DBBE7E7C6C61->s2: commitIndex: updateToMax old=15, new=15, updated? false
2022-08-02 21:05:58,822 [grpc-default-executor-7] DEBUG leader.FollowerInfo (FollowerInfoImpl.java:lambda$new$1(49)) - s0@group-DBBE7E7C6C61->s2: matchIndex: updateToMax old=25, new=26, updated? true
2022-08-02 21:05:58,822 [grpc-default-executor-7] DEBUG leader.FollowerInfo (FollowerInfoImpl.java:lambda$new$1(49)) - s0@group-DBBE7E7C6C61->s2: commitIndex: updateToMax old=15, new=17, updated? true
2022-08-02 21:05:58,822 [grpc-default-executor-7] DEBUG leader.FollowerInfo (FollowerInfoImpl.java:lambda$new$1(49)) - s0@group-DBBE7E7C6C61->s2: matchIndex: updateToMax old=26, new=27, updated? true
2022-08-02 21:05:58,822 [s0@group-DBBE7E7C6C61->s2-GrpcLogAppender-LogAppenderDaemon] DEBUG leader.FollowerInfo (FollowerInfoImpl.java:lambda$new$1(49)) - s0@group-DBBE7E7C6C61->s2: nextIndex: updateIncreasingly 36 -> 37
2022-08-02 21:05:58,822 [s0@group-DBBE7E7C6C61->s2-GrpcLogAppender-LogAppenderDaemon] DEBUG leader.FollowerInfo (FollowerInfoImpl.java:lambda$new$1(49)) - s0@group-DBBE7E7C6C61->s2: nextIndex: updateIncreasingly 37 -> 38
2022-08-02 21:05:58,825 [grpc-default-executor-7] DEBUG leader.FollowerInfo (FollowerInfoImpl.java:lambda$new$1(49)) - s0@group-DBBE7E7C6C61->s1: commitIndex: updateToMax old=13, new=13, updated? false
2022-08-02 21:05:58,825 [grpc-default-executor-7] DEBUG leader.FollowerInfo (FollowerInfoImpl.java:lambda$new$1(49)) - s0@group-DBBE7E7C6C61->s1: matchIndex: updateToMax old=24, new=-1, updated? false
2022-08-02 21:05:58,830 [s2@group-DBBE7E7C6C61-StateMachineUpdater] INFO  statemachine.SimpleStateMachine4Testing (SimpleStateMachine4Testing.java:put(204)) - s2: put 18, m -> (t:1, i:18), STATEMACHINELOGENTRY, 37@client-920847F5D7C6
2022-08-02 21:05:58,830 [grpc-default-executor-7] DEBUG leader.FollowerInfo (FollowerInfoImpl.java:lambda$new$1(49)) - s0@group-DBBE7E7C6C61->s2: commitIndex: updateToMax old=17, new=18, updated? true
2022-08-02 21:05:58,830 [grpc-default-executor-7] DEBUG leader.FollowerInfo (FollowerInfoImpl.java:lambda$new$1(49)) - s0@group-DBBE7E7C6C61->s2: matchIndex: updateToMax old=27, new=28, updated? true
2022-08-02 21:05:58,830 [s0@group-DBBE7E7C6C61->s2-GrpcLogAppender-LogAppenderDaemon] DEBUG leader.FollowerInfo (FollowerInfoImpl.java:lambda$new$1(49)) - s0@group-DBBE7E7C6C61->s2: nextIndex: updateIncreasingly 38 -> 39
2022-08-02 21:05:58,835 [grpc-default-executor-2] DEBUG leader.FollowerInfo (FollowerInfoImpl.java:lambda$new$1(49)) - s0@group-DBBE7E7C6C61->s2: commitIndex: updateToMax old=18, new=14, updated? false
2022-08-02 21:05:58,835 [grpc-default-executor-2] DEBUG leader.FollowerInfo (FollowerInfoImpl.java:lambda$new$1(49)) - s0@group-DBBE7E7C6C61->s2: matchIndex: updateToMax old=28, new=-1, updated? false
2022-08-02 21:05:58,836 [grpc-default-executor-2] DEBUG leader.FollowerInfo (FollowerInfoImpl.java:lambda$new$1(49)) - s0@group-DBBE7E7C6C61->s2: commitIndex: updateToMax old=18, new=14, updated? false
2022-08-02 21:05:58,836 [grpc-default-executor-2] DEBUG leader.FollowerInfo (FollowerInfoImpl.java:lambda$new$1(49)) - s0@group-DBBE7E7C6C61->s2: matchIndex: updateToMax old=28, new=-1, updated? false
2022-08-02 21:05:58,839 [s2@group-DBBE7E7C6C61-StateMachineUpdater] INFO  statemachine.SimpleStateMachine4Testing (SimpleStateMachine4Testing.java:put(204)) - s2: put 19, m -> (t:1, i:19), STATEMACHINELOGENTRY, 38@client-920847F5D7C6
2022-08-02 21:05:58,840 [s2@group-DBBE7E7C6C61-StateMachineUpdater] INFO  statemachine.SimpleStateMachine4Testing (SimpleStateMachine4Testing.java:put(204)) - s2: put 20, m -> (t:1, i:20), STATEMACHINELOGENTRY, 39@client-920847F5D7C6
2022-08-02 21:05:58,840 [s2@group-DBBE7E7C6C61-StateMachineUpdater] INFO  statemachine.SimpleStateMachine4Testing (SimpleStateMachine4Testing.java:put(204)) - s2: put 21, m -> (t:1, i:21), STATEMACHINELOGENTRY, 40@client-920847F5D7C6
2022-08-02 21:05:58,840 [s2@group-DBBE7E7C6C61-StateMachineUpdater] INFO  statemachine.SimpleStateMachine4Testing (SimpleStateMachine4Testing.java:put(204)) - s2: put 22, m -> (t:1, i:22), STATEMACHINELOGENTRY, 41@client-920847F5D7C6
2022-08-02 21:05:58,855 [grpc-default-executor-2] DEBUG leader.FollowerInfo (FollowerInfoImpl.java:lambda$new$1(49)) - s0@group-DBBE7E7C6C61->s2: commitIndex: updateToMax old=18, new=14, updated? false
2022-08-02 21:05:58,855 [grpc-default-executor-2] DEBUG leader.FollowerInfo (FollowerInfoImpl.java:lambda$new$1(49)) - s0@group-DBBE7E7C6C61->s2: matchIndex: updateToMax old=28, new=-1, updated? false
2022-08-02 21:05:58,857 [s1@group-DBBE7E7C6C61-StateMachineUpdater] INFO  statemachine.SimpleStateMachine4Testing (SimpleStateMachine4Testing.java:put(204)) - s1: put 14, m -> (t:1, i:14), STATEMACHINELOGENTRY, 33@client-920847F5D7C6
2022-08-02 21:05:58,858 [s1@group-DBBE7E7C6C61-StateMachineUpdater] INFO  statemachine.SimpleStateMachine4Testing (SimpleStateMachine4Testing.java:put(204)) - s1: put 15, m -> (t:1, i:15), STATEMACHINELOGENTRY, 34@client-920847F5D7C6
2022-08-02 21:05:58,859 [s1@group-DBBE7E7C6C61-StateMachineUpdater] INFO  statemachine.SimpleStateMachine4Testing (SimpleStateMachine4Testing.java:put(204)) - s1: put 16, m -> (t:1, i:16), STATEMACHINELOGENTRY, 35@client-920847F5D7C6
2022-08-02 21:05:58,859 [s1@group-DBBE7E7C6C61-StateMachineUpdater] INFO  statemachine.SimpleStateMachine4Testing (SimpleStateMachine4Testing.java:put(204)) - s1: put 17, m -> (t:1, i:17), STATEMACHINELOGENTRY, 36@client-920847F5D7C6
2022-08-02 21:05:58,859 [s1@group-DBBE7E7C6C61-StateMachineUpdater] INFO  statemachine.SimpleStateMachine4Testing (SimpleStateMachine4Testing.java:put(204)) - s1: put 18, m -> (t:1, i:18), STATEMACHINELOGENTRY, 37@client-920847F5D7C6
2022-08-02 21:05:58,863 [grpc-default-executor-7] DEBUG leader.FollowerInfo (FollowerInfoImpl.java:lambda$new$1(49)) - s0@group-DBBE7E7C6C61->s2: commitIndex: updateToMax old=18, new=24, updated? true
2022-08-02 21:05:58,863 [grpc-default-executor-7] DEBUG leader.FollowerInfo (FollowerInfoImpl.java:lambda$new$1(49)) - s0@group-DBBE7E7C6C61->s2: matchIndex: updateToMax old=28, new=29, updated? true
2022-08-02 21:05:58,863 [grpc-default-executor-7] DEBUG leader.FollowerInfo (FollowerInfoImpl.java:lambda$new$1(49)) - s0@group-DBBE7E7C6C61->s2: commitIndex: updateToMax old=24, new=24, updated? false
2022-08-02 21:05:58,863 [grpc-default-executor-7] DEBUG leader.FollowerInfo (FollowerInfoImpl.java:lambda$new$1(49)) - s0@group-DBBE7E7C6C61->s2: matchIndex: updateToMax old=29, new=30, updated? true
2022-08-02 21:05:58,863 [grpc-default-executor-7] DEBUG leader.FollowerInfo (FollowerInfoImpl.java:lambda$new$1(49)) - s0@group-DBBE7E7C6C61->s2: commitIndex: updateToMax old=24, new=24, updated? false
2022-08-02 21:05:58,863 [grpc-default-executor-7] DEBUG leader.FollowerInfo (FollowerInfoImpl.java:lambda$new$1(49)) - s0@group-DBBE7E7C6C61->s2: matchIndex: updateToMax old=30, new=31, updated? true
2022-08-02 21:05:58,863 [grpc-default-executor-3] DEBUG leader.FollowerInfo (FollowerInfoImpl.java:lambda$new$1(49)) - s0@group-DBBE7E7C6C61->s1: commitIndex: updateToMax old=13, new=18, updated? true
2022-08-02 21:05:58,863 [grpc-default-executor-7] DEBUG leader.FollowerInfo (FollowerInfoImpl.java:lambda$new$1(49)) - s0@group-DBBE7E7C6C61->s2: commitIndex: updateToMax old=24, new=24, updated? false
2022-08-02 21:05:58,863 [grpc-default-executor-7] DEBUG leader.FollowerInfo (FollowerInfoImpl.java:lambda$new$1(49)) - s0@group-DBBE7E7C6C61->s2: matchIndex: updateToMax old=31, new=32, updated? true
2022-08-02 21:05:58,863 [grpc-default-executor-3] DEBUG leader.FollowerInfo (FollowerInfoImpl.java:lambda$new$1(49)) - s0@group-DBBE7E7C6C61->s1: matchIndex: updateToMax old=24, new=25, updated? true
2022-08-02 21:05:58,864 [grpc-default-executor-3] DEBUG leader.FollowerInfo (FollowerInfoImpl.java:lambda$new$1(49)) - s0@group-DBBE7E7C6C61->s2: commitIndex: updateToMax old=24, new=24, updated? false
2022-08-02 21:05:58,864 [grpc-default-executor-3] DEBUG leader.FollowerInfo (FollowerInfoImpl.java:lambda$new$1(49)) - s0@group-DBBE7E7C6C61->s2: matchIndex: updateToMax old=32, new=33, updated? true
2022-08-02 21:05:58,864 [grpc-default-executor-3] DEBUG leader.FollowerInfo (FollowerInfoImpl.java:lambda$new$1(49)) - s0@group-DBBE7E7C6C61->s2: commitIndex: updateToMax old=24, new=24, updated? false
2022-08-02 21:05:58,864 [grpc-default-executor-3] DEBUG leader.FollowerInfo (FollowerInfoImpl.java:lambda$new$1(49)) - s0@group-DBBE7E7C6C61->s2: matchIndex: updateToMax old=33, new=34, updated? true
2022-08-02 21:05:58,864 [grpc-default-executor-3] DEBUG leader.FollowerInfo (FollowerInfoImpl.java:lambda$new$1(49)) - s0@group-DBBE7E7C6C61->s2: commitIndex: updateToMax old=24, new=25, updated? true
2022-08-02 21:05:58,864 [grpc-default-executor-3] DEBUG leader.FollowerInfo (FollowerInfoImpl.java:lambda$new$1(49)) - s0@group-DBBE7E7C6C61->s2: matchIndex: updateToMax old=34, new=35, updated? true
2022-08-02 21:05:58,864 [grpc-default-executor-3] DEBUG leader.FollowerInfo (FollowerInfoImpl.java:lambda$new$1(49)) - s0@group-DBBE7E7C6C61->s2: commitIndex: updateToMax old=25, new=27, updated? true
2022-08-02 21:05:58,864 [grpc-default-executor-3] DEBUG leader.FollowerInfo (FollowerInfoImpl.java:lambda$new$1(49)) - s0@group-DBBE7E7C6C61->s2: matchIndex: updateToMax old=35, new=36, updated? true
2022-08-02 21:05:58,864 [grpc-default-executor-7] DEBUG leader.FollowerInfo (FollowerInfoImpl.java:lambda$new$1(49)) - s0@group-DBBE7E7C6C61->s1: commitIndex: updateToMax old=18, new=18, updated? false
2022-08-02 21:05:58,864 [grpc-default-executor-7] DEBUG leader.FollowerInfo (FollowerInfoImpl.java:lambda$new$1(49)) - s0@group-DBBE7E7C6C61->s1: matchIndex: updateToMax old=25, new=26, updated? true
2022-08-02 21:05:58,864 [grpc-default-executor-3] DEBUG leader.FollowerInfo (FollowerInfoImpl.java:lambda$new$1(49)) - s0@group-DBBE7E7C6C61->s2: commitIndex: updateToMax old=27, new=27, updated? false
2022-08-02 21:05:58,865 [grpc-default-executor-3] DEBUG leader.FollowerInfo (FollowerInfoImpl.java:lambda$new$1(49)) - s0@group-DBBE7E7C6C61->s2: matchIndex: updateToMax old=36, new=37, updated? true
2022-08-02 21:05:58,865 [grpc-default-executor-7] DEBUG leader.FollowerInfo (FollowerInfoImpl.java:lambda$new$1(49)) - s0@group-DBBE7E7C6C61->s1: commitIndex: updateToMax old=18, new=18, updated? false
2022-08-02 21:05:58,865 [grpc-default-executor-7] DEBUG leader.FollowerInfo (FollowerInfoImpl.java:lambda$new$1(49)) - s0@group-DBBE7E7C6C61->s1: matchIndex: updateToMax old=26, new=27, updated? true
2022-08-02 21:05:58,864 [s0@group-DBBE7E7C6C61->s1-GrpcLogAppender-LogAppenderDaemon] DEBUG leader.FollowerInfo (FollowerInfoImpl.java:lambda$new$1(49)) - s0@group-DBBE7E7C6C61->s1: nextIndex: updateIncreasingly 35 -> 36
2022-08-02 21:05:58,865 [s0@group-DBBE7E7C6C61->s1-GrpcLogAppender-LogAppenderDaemon] DEBUG leader.FollowerInfo (FollowerInfoImpl.java:lambda$new$1(49)) - s0@group-DBBE7E7C6C61->s1: nextIndex: updateIncreasingly 36 -> 37
2022-08-02 21:05:58,865 [s0@group-DBBE7E7C6C61->s1-GrpcLogAppender-LogAppenderDaemon] DEBUG leader.FollowerInfo (FollowerInfoImpl.java:lambda$new$1(49)) - s0@group-DBBE7E7C6C61->s1: nextIndex: updateIncreasingly 37 -> 38
2022-08-02 21:05:58,867 [s1@group-DBBE7E7C6C61-StateMachineUpdater] INFO  statemachine.SimpleStateMachine4Testing (SimpleStateMachine4Testing.java:put(204)) - s1: put 19, m -> (t:1, i:19), STATEMACHINELOGENTRY, 38@client-920847F5D7C6
2022-08-02 21:05:58,868 [s1@group-DBBE7E7C6C61-StateMachineUpdater] INFO  statemachine.SimpleStateMachine4Testing (SimpleStateMachine4Testing.java:put(204)) - s1: put 20, m -> (t:1, i:20), STATEMACHINELOGENTRY, 39@client-920847F5D7C6
2022-08-02 21:05:58,868 [s1@group-DBBE7E7C6C61-StateMachineUpdater] INFO  statemachine.SimpleStateMachine4Testing (SimpleStateMachine4Testing.java:put(204)) - s1: put 21, m -> (t:1, i:21), STATEMACHINELOGENTRY, 40@client-920847F5D7C6
2022-08-02 21:05:58,868 [s1@group-DBBE7E7C6C61-StateMachineUpdater] INFO  statemachine.SimpleStateMachine4Testing (SimpleStateMachine4Testing.java:put(204)) - s1: put 22, m -> (t:1, i:22), STATEMACHINELOGENTRY, 41@client-920847F5D7C6
2022-08-02 21:05:58,872 [s0@group-DBBE7E7C6C61->s2-GrpcLogAppender-LogAppenderDaemon] DEBUG leader.FollowerInfo (FollowerInfoImpl.java:lambda$new$1(49)) - s0@group-DBBE7E7C6C61->s2: nextIndex: updateIncreasingly 39 -> 40
2022-08-02 21:05:58,872 [grpc-default-executor-2] DEBUG leader.FollowerInfo (FollowerInfoImpl.java:lambda$new$1(49)) - s0@group-DBBE7E7C6C61->s2: commitIndex: updateToMax old=27, new=15, updated? false
2022-08-02 21:05:58,872 [grpc-default-executor-2] DEBUG leader.FollowerInfo (FollowerInfoImpl.java:lambda$new$1(49)) - s0@group-DBBE7E7C6C61->s2: matchIndex: updateToMax old=37, new=-1, updated? false
2022-08-02 21:05:58,872 [grpc-default-executor-7] DEBUG leader.FollowerInfo (FollowerInfoImpl.java:lambda$new$1(49)) - s0@group-DBBE7E7C6C61->s1: commitIndex: updateToMax old=18, new=18, updated? false
2022-08-02 21:05:58,872 [grpc-default-executor-7] DEBUG leader.FollowerInfo (FollowerInfoImpl.java:lambda$new$1(49)) - s0@group-DBBE7E7C6C61->s1: matchIndex: updateToMax old=27, new=28, updated? true
2022-08-02 21:05:58,873 [s0@group-DBBE7E7C6C61->s1-GrpcLogAppender-LogAppenderDaemon] DEBUG leader.FollowerInfo (FollowerInfoImpl.java:lambda$new$1(49)) - s0@group-DBBE7E7C6C61->s1: nextIndex: updateIncreasingly 38 -> 39
2022-08-02 21:05:58,878 [s0@group-DBBE7E7C6C61->s2-GrpcLogAppender-LogAppenderDaemon] DEBUG leader.FollowerInfo (FollowerInfoImpl.java:lambda$new$1(49)) - s0@group-DBBE7E7C6C61->s2: nextIndex: updateIncreasingly 40 -> 41
2022-08-02 21:05:58,878 [s0@group-DBBE7E7C6C61->s2-GrpcLogAppender-LogAppenderDaemon] DEBUG leader.FollowerInfo (FollowerInfoImpl.java:lambda$new$1(49)) - s0@group-DBBE7E7C6C61->s2: nextIndex: updateIncreasingly 41 -> 42
2022-08-02 21:05:58,880 [grpc-default-executor-3] DEBUG leader.FollowerInfo (FollowerInfoImpl.java:lambda$new$1(49)) - s0@group-DBBE7E7C6C61->s1: commitIndex: updateToMax old=18, new=24, updated? true
2022-08-02 21:05:58,880 [grpc-default-executor-3] DEBUG leader.FollowerInfo (FollowerInfoImpl.java:lambda$new$1(49)) - s0@group-DBBE7E7C6C61->s1: matchIndex: updateToMax old=28, new=-1, updated? false
2022-08-02 21:05:58,891 [grpc-default-executor-7] DEBUG leader.FollowerInfo (FollowerInfoImpl.java:lambda$new$1(49)) - s0@group-DBBE7E7C6C61->s1: commitIndex: updateToMax old=24, new=18, updated? false
2022-08-02 21:05:58,891 [grpc-default-executor-7] DEBUG leader.FollowerInfo (FollowerInfoImpl.java:lambda$new$1(49)) - s0@group-DBBE7E7C6C61->s1: matchIndex: updateToMax old=28, new=29, updated? true
2022-08-02 21:05:58,891 [grpc-default-executor-0] DEBUG leader.FollowerInfo (FollowerInfoImpl.java:lambda$new$1(49)) - s0@group-DBBE7E7C6C61->s2: commitIndex: updateToMax old=27, new=15, updated? false
2022-08-02 21:05:58,891 [grpc-default-executor-0] DEBUG leader.FollowerInfo (FollowerInfoImpl.java:lambda$new$1(49)) - s0@group-DBBE7E7C6C61->s2: matchIndex: updateToMax old=37, new=-1, updated? false
2022-08-02 21:05:58,892 [s0@group-DBBE7E7C6C61->s1-GrpcLogAppender-LogAppenderDaemon] DEBUG leader.FollowerInfo (FollowerInfoImpl.java:lambda$new$1(49)) - s0@group-DBBE7E7C6C61->s1: nextIndex: updateIncreasingly 39 -> 40
2022-08-02 21:05:58,894 [grpc-default-executor-8] DEBUG leader.FollowerInfo (FollowerInfoImpl.java:lambda$new$1(49)) - s0@group-DBBE7E7C6C61->s2: commitIndex: updateToMax old=27, new=27, updated? false
2022-08-02 21:05:58,894 [grpc-default-executor-8] DEBUG leader.FollowerInfo (FollowerInfoImpl.java:lambda$new$1(49)) - s0@group-DBBE7E7C6C61->s2: matchIndex: updateToMax old=37, new=38, updated? true
2022-08-02 21:05:58,895 [grpc-default-executor-0] DEBUG leader.FollowerInfo (FollowerInfoImpl.java:lambda$new$1(49)) - s0@group-DBBE7E7C6C61->s2: commitIndex: updateToMax old=27, new=17, updated? false
2022-08-02 21:05:58,896 [grpc-default-executor-0] DEBUG leader.FollowerInfo (FollowerInfoImpl.java:lambda$new$1(49)) - s0@group-DBBE7E7C6C61->s2: matchIndex: updateToMax old=38, new=-1, updated? false
2022-08-02 21:05:58,896 [grpc-default-executor-7] DEBUG leader.FollowerInfo (FollowerInfoImpl.java:lambda$new$1(49)) - s0@group-DBBE7E7C6C61->s1: commitIndex: updateToMax old=24, new=24, updated? false
2022-08-02 21:05:58,896 [grpc-default-executor-7] DEBUG leader.FollowerInfo (FollowerInfoImpl.java:lambda$new$1(49)) - s0@group-DBBE7E7C6C61->s1: matchIndex: updateToMax old=29, new=30, updated? true
2022-08-02 21:05:58,896 [grpc-default-executor-5] DEBUG leader.FollowerInfo (FollowerInfoImpl.java:lambda$new$1(49)) - s0@group-DBBE7E7C6C61->s1: commitIndex: updateToMax old=24, new=37, updated? true
2022-08-02 21:05:58,896 [grpc-default-executor-5] DEBUG leader.FollowerInfo (FollowerInfoImpl.java:lambda$new$1(49)) - s0@group-DBBE7E7C6C61->s1: matchIndex: updateToMax old=30, new=-1, updated? false
2022-08-02 21:05:58,896 [grpc-default-executor-3] DEBUG leader.FollowerInfo (FollowerInfoImpl.java:lambda$new$1(49)) - s0@group-DBBE7E7C6C61->s1: commitIndex: updateToMax old=37, new=24, updated? false
2022-08-02 21:05:58,896 [grpc-default-executor-3] DEBUG leader.FollowerInfo (FollowerInfoImpl.java:lambda$new$1(49)) - s0@group-DBBE7E7C6C61->s1: matchIndex: updateToMax old=30, new=31, updated? true
2022-08-02 21:05:58,896 [s0@group-DBBE7E7C6C61->s1-GrpcLogAppender-LogAppenderDaemon] DEBUG leader.FollowerInfo (FollowerInfoImpl.java:lambda$new$1(49)) - s0@group-DBBE7E7C6C61->s1: nextIndex: updateIncreasingly 40 -> 41
2022-08-02 21:05:58,896 [grpc-default-executor-0] DEBUG leader.FollowerInfo (FollowerInfoImpl.java:lambda$new$1(49)) - s0@group-DBBE7E7C6C61->s2: commitIndex: updateToMax old=27, new=37, updated? true
2022-08-02 21:05:58,896 [grpc-default-executor-0] DEBUG leader.FollowerInfo (FollowerInfoImpl.java:lambda$new$1(49)) - s0@group-DBBE7E7C6C61->s2: matchIndex: updateToMax old=38, new=39, updated? true
2022-08-02 21:05:58,896 [grpc-default-executor-7] DEBUG leader.FollowerInfo (FollowerInfoImpl.java:lambda$new$1(49)) - s0@group-DBBE7E7C6C61->s2: commitIndex: updateToMax old=27, new=17, updated? false
2022-08-02 21:05:58,896 [grpc-default-executor-7] DEBUG leader.FollowerInfo (FollowerInfoImpl.java:lambda$new$1(49)) - s0@group-DBBE7E7C6C61->s2: matchIndex: updateToMax old=39, new=-1, updated? false
2022-08-02 21:05:58,896 [grpc-default-executor-7] DEBUG leader.FollowerInfo (FollowerInfoImpl.java:lambda$new$1(49)) - s0@group-DBBE7E7C6C61->s2: commitIndex: updateToMax old=37, new=18, updated? false
2022-08-02 21:05:58,896 [grpc-default-executor-7] DEBUG leader.FollowerInfo (FollowerInfoImpl.java:lambda$new$1(49)) - s0@group-DBBE7E7C6C61->s2: matchIndex: updateToMax old=39, new=-1, updated? false
2022-08-02 21:05:58,896 [s0@group-DBBE7E7C6C61->s1-GrpcLogAppender-LogAppenderDaemon] DEBUG leader.FollowerInfo (FollowerInfoImpl.java:lambda$new$1(49)) - s0@group-DBBE7E7C6C61->s1: nextIndex: updateIncreasingly 41 -> 42
2022-08-02 21:05:58,897 [grpc-default-executor-3] DEBUG leader.FollowerInfo (FollowerInfoImpl.java:lambda$new$1(49)) - s0@group-DBBE7E7C6C61->s1: commitIndex: updateToMax old=37, new=24, updated? false
2022-08-02 21:05:58,900 [grpc-default-executor-3] DEBUG leader.FollowerInfo (FollowerInfoImpl.java:lambda$new$1(49)) - s0@group-DBBE7E7C6C61->s1: matchIndex: updateToMax old=31, new=32, updated? true
2022-08-02 21:05:58,900 [grpc-default-executor-0] DEBUG leader.FollowerInfo (FollowerInfoImpl.java:lambda$new$1(49)) - s0@group-DBBE7E7C6C61->s1: commitIndex: updateToMax old=37, new=37, updated? false
2022-08-02 21:05:58,900 [grpc-default-executor-0] DEBUG leader.FollowerInfo (FollowerInfoImpl.java:lambda$new$1(49)) - s0@group-DBBE7E7C6C61->s1: matchIndex: updateToMax old=32, new=-1, updated? false
2022-08-02 21:05:58,900 [grpc-default-executor-3] DEBUG leader.FollowerInfo (FollowerInfoImpl.java:lambda$new$1(49)) - s0@group-DBBE7E7C6C61->s1: commitIndex: updateToMax old=37, new=24, updated? false
2022-08-02 21:05:58,900 [grpc-default-executor-3] DEBUG leader.FollowerInfo (FollowerInfoImpl.java:lambda$new$1(49)) - s0@group-DBBE7E7C6C61->s1: matchIndex: updateToMax old=32, new=33, updated? true
2022-08-02 21:05:58,900 [grpc-default-executor-4] DEBUG leader.FollowerInfo (FollowerInfoImpl.java:lambda$new$1(49)) - s0@group-DBBE7E7C6C61->s2: commitIndex: updateToMax old=37, new=37, updated? false
2022-08-02 21:05:58,901 [grpc-default-executor-4] DEBUG leader.FollowerInfo (FollowerInfoImpl.java:lambda$new$1(49)) - s0@group-DBBE7E7C6C61->s2: matchIndex: updateToMax old=39, new=40, updated? true
2022-08-02 21:05:58,911 [grpc-default-executor-0] DEBUG leader.FollowerInfo (FollowerInfoImpl.java:lambda$new$1(49)) - s0@group-DBBE7E7C6C61->s2: commitIndex: updateToMax old=37, new=37, updated? false
2022-08-02 21:05:58,911 [grpc-default-executor-0] DEBUG leader.FollowerInfo (FollowerInfoImpl.java:lambda$new$1(49)) - s0@group-DBBE7E7C6C61->s2: matchIndex: updateToMax old=40, new=41, updated? true
2022-08-02 21:05:58,919 [grpc-default-executor-5] DEBUG leader.FollowerInfo (FollowerInfoImpl.java:lambda$new$1(49)) - s0@group-DBBE7E7C6C61->s2: commitIndex: updateToMax old=37, new=27, updated? false
2022-08-02 21:05:58,920 [grpc-default-executor-5] DEBUG leader.FollowerInfo (FollowerInfoImpl.java:lambda$new$1(49)) - s0@group-DBBE7E7C6C61->s2: matchIndex: updateToMax old=41, new=-1, updated? false
2022-08-02 21:05:58,920 [grpc-default-executor-3] DEBUG leader.FollowerInfo (FollowerInfoImpl.java:lambda$new$1(49)) - s0@group-DBBE7E7C6C61->s1: commitIndex: updateToMax old=37, new=24, updated? false
2022-08-02 21:05:58,920 [grpc-default-executor-3] DEBUG leader.FollowerInfo (FollowerInfoImpl.java:lambda$new$1(49)) - s0@group-DBBE7E7C6C61->s1: matchIndex: updateToMax old=33, new=34, updated? true
2022-08-02 21:05:58,920 [grpc-default-executor-7] DEBUG leader.FollowerInfo (FollowerInfoImpl.java:lambda$new$1(49)) - s0@group-DBBE7E7C6C61->s1: commitIndex: updateToMax old=37, new=37, updated? false
2022-08-02 21:05:58,920 [grpc-default-executor-7] DEBUG leader.FollowerInfo (FollowerInfoImpl.java:lambda$new$1(49)) - s0@group-DBBE7E7C6C61->s1: matchIndex: updateToMax old=34, new=-1, updated? false
2022-08-02 21:05:58,920 [grpc-default-executor-7] DEBUG leader.FollowerInfo (FollowerInfoImpl.java:lambda$new$1(49)) - s0@group-DBBE7E7C6C61->s1: commitIndex: updateToMax old=37, new=37, updated? false
2022-08-02 21:05:58,920 [grpc-default-executor-7] DEBUG leader.FollowerInfo (FollowerInfoImpl.java:lambda$new$1(49)) - s0@group-DBBE7E7C6C61->s1: matchIndex: updateToMax old=34, new=-1, updated? false
2022-08-02 21:05:58,920 [grpc-default-executor-7] DEBUG leader.FollowerInfo (FollowerInfoImpl.java:lambda$new$1(49)) - s0@group-DBBE7E7C6C61->s1: commitIndex: updateToMax old=37, new=37, updated? false
2022-08-02 21:05:58,920 [grpc-default-executor-7] DEBUG leader.FollowerInfo (FollowerInfoImpl.java:lambda$new$1(49)) - s0@group-DBBE7E7C6C61->s1: matchIndex: updateToMax old=34, new=-1, updated? false
2022-08-02 21:05:58,921 [grpc-default-executor-7] DEBUG leader.FollowerInfo (FollowerInfoImpl.java:lambda$new$1(49)) - s0@group-DBBE7E7C6C61->s2: commitIndex: updateToMax old=37, new=18, updated? false
2022-08-02 21:05:58,921 [grpc-default-executor-7] DEBUG leader.FollowerInfo (FollowerInfoImpl.java:lambda$new$1(49)) - s0@group-DBBE7E7C6C61->s2: matchIndex: updateToMax old=41, new=-1, updated? false
2022-08-02 21:05:58,921 [grpc-default-executor-3] DEBUG leader.FollowerInfo (FollowerInfoImpl.java:lambda$new$1(49)) - s0@group-DBBE7E7C6C61->s2: commitIndex: updateToMax old=37, new=27, updated? false
2022-08-02 21:05:58,921 [grpc-default-executor-3] DEBUG leader.FollowerInfo (FollowerInfoImpl.java:lambda$new$1(49)) - s0@group-DBBE7E7C6C61->s2: matchIndex: updateToMax old=41, new=-1, updated? false
2022-08-02 21:05:58,922 [grpc-default-executor-3] DEBUG leader.FollowerInfo (FollowerInfoImpl.java:lambda$new$1(49)) - s0@group-DBBE7E7C6C61->s2: commitIndex: updateToMax old=37, new=27, updated? false
2022-08-02 21:05:58,922 [grpc-default-executor-3] DEBUG leader.FollowerInfo (FollowerInfoImpl.java:lambda$new$1(49)) - s0@group-DBBE7E7C6C61->s2: matchIndex: updateToMax old=41, new=-1, updated? false
2022-08-02 21:05:58,922 [grpc-default-executor-2] DEBUG leader.FollowerInfo (FollowerInfoImpl.java:lambda$new$1(49)) - s0@group-DBBE7E7C6C61->s1: commitIndex: updateToMax old=37, new=28, updated? false
2022-08-02 21:05:58,922 [grpc-default-executor-2] DEBUG leader.FollowerInfo (FollowerInfoImpl.java:lambda$new$1(49)) - s0@group-DBBE7E7C6C61->s1: matchIndex: updateToMax old=34, new=35, updated? true
2022-08-02 21:05:58,922 [grpc-default-executor-3] DEBUG leader.FollowerInfo (FollowerInfoImpl.java:lambda$new$1(49)) - s0@group-DBBE7E7C6C61->s2: commitIndex: updateToMax old=37, new=37, updated? false
2022-08-02 21:05:58,922 [grpc-default-executor-3] DEBUG leader.FollowerInfo (FollowerInfoImpl.java:lambda$new$1(49)) - s0@group-DBBE7E7C6C61->s2: matchIndex: updateToMax old=41, new=-1, updated? false
2022-08-02 21:05:58,922 [grpc-default-executor-2] DEBUG leader.FollowerInfo (FollowerInfoImpl.java:lambda$new$1(49)) - s0@group-DBBE7E7C6C61->s1: commitIndex: updateToMax old=37, new=36, updated? false
2022-08-02 21:05:58,922 [grpc-default-executor-2] DEBUG leader.FollowerInfo (FollowerInfoImpl.java:lambda$new$1(49)) - s0@group-DBBE7E7C6C61->s1: matchIndex: updateToMax old=35, new=36, updated? true
2022-08-02 21:05:58,922 [grpc-default-executor-2] DEBUG leader.FollowerInfo (FollowerInfoImpl.java:lambda$new$1(49)) - s0@group-DBBE7E7C6C61->s1: commitIndex: updateToMax old=37, new=37, updated? false
2022-08-02 21:05:58,922 [grpc-default-executor-2] DEBUG leader.FollowerInfo (FollowerInfoImpl.java:lambda$new$1(49)) - s0@group-DBBE7E7C6C61->s1: matchIndex: updateToMax old=36, new=37, updated? true
2022-08-02 21:05:58,922 [grpc-default-executor-2] DEBUG leader.FollowerInfo (FollowerInfoImpl.java:lambda$new$1(49)) - s0@group-DBBE7E7C6C61->s1: commitIndex: updateToMax old=37, new=37, updated? false
2022-08-02 21:05:58,923 [grpc-default-executor-2] DEBUG leader.FollowerInfo (FollowerInfoImpl.java:lambda$new$1(49)) - s0@group-DBBE7E7C6C61->s1: matchIndex: updateToMax old=37, new=38, updated? true
2022-08-02 21:05:58,923 [grpc-default-executor-2] DEBUG leader.FollowerInfo (FollowerInfoImpl.java:lambda$new$1(49)) - s0@group-DBBE7E7C6C61->s1: commitIndex: updateToMax old=37, new=37, updated? false
2022-08-02 21:05:58,923 [grpc-default-executor-2] DEBUG leader.FollowerInfo (FollowerInfoImpl.java:lambda$new$1(49)) - s0@group-DBBE7E7C6C61->s1: matchIndex: updateToMax old=38, new=39, updated? true
2022-08-02 21:05:58,927 [grpc-default-executor-4] DEBUG leader.FollowerInfo (FollowerInfoImpl.java:lambda$new$1(49)) - s0@group-DBBE7E7C6C61->s1: commitIndex: updateToMax old=37, new=38, updated? true
2022-08-02 21:05:58,927 [grpc-default-executor-4] DEBUG leader.FollowerInfo (FollowerInfoImpl.java:lambda$new$1(49)) - s0@group-DBBE7E7C6C61->s1: matchIndex: updateToMax old=39, new=40, updated? true
2022-08-02 21:05:58,927 [grpc-default-executor-4] DEBUG leader.FollowerInfo (FollowerInfoImpl.java:lambda$new$1(49)) - s0@group-DBBE7E7C6C61->s1: commitIndex: updateToMax old=38, new=38, updated? false
2022-08-02 21:05:58,927 [grpc-default-executor-2] DEBUG leader.FollowerInfo (FollowerInfoImpl.java:lambda$new$1(49)) - s0@group-DBBE7E7C6C61->s1: commitIndex: updateToMax old=38, new=38, updated? false
2022-08-02 21:05:58,927 [grpc-default-executor-2] DEBUG leader.FollowerInfo (FollowerInfoImpl.java:lambda$new$1(49)) - s0@group-DBBE7E7C6C61->s1: matchIndex: updateToMax old=41, new=-1, updated? false
2022-08-02 21:05:58,927 [grpc-default-executor-4] DEBUG leader.FollowerInfo (FollowerInfoImpl.java:lambda$new$1(49)) - s0@group-DBBE7E7C6C61->s1: matchIndex: updateToMax old=40, new=41, updated? true
2022-08-02 21:05:58,928 [grpc-default-executor-4] DEBUG leader.FollowerInfo (FollowerInfoImpl.java:lambda$new$1(49)) - s0@group-DBBE7E7C6C61->s1: commitIndex: updateToMax old=38, new=38, updated? false
2022-08-02 21:05:58,928 [grpc-default-executor-4] DEBUG leader.FollowerInfo (FollowerInfoImpl.java:lambda$new$1(49)) - s0@group-DBBE7E7C6C61->s1: matchIndex: updateToMax old=41, new=-1, updated? false
2022-08-02 21:05:58,928 [grpc-default-executor-4] DEBUG leader.FollowerInfo (FollowerInfoImpl.java:lambda$new$1(49)) - s0@group-DBBE7E7C6C61->s1: commitIndex: updateToMax old=38, new=38, updated? false
2022-08-02 21:05:58,928 [grpc-default-executor-4] DEBUG leader.FollowerInfo (FollowerInfoImpl.java:lambda$new$1(49)) - s0@group-DBBE7E7C6C61->s1: matchIndex: updateToMax old=41, new=-1, updated? false
2022-08-02 21:05:58,929 [grpc-default-executor-7] DEBUG leader.FollowerInfo (FollowerInfoImpl.java:lambda$new$1(49)) - s0@group-DBBE7E7C6C61->s1: commitIndex: updateToMax old=38, new=38, updated? false
2022-08-02 21:05:58,929 [grpc-default-executor-7] DEBUG leader.FollowerInfo (FollowerInfoImpl.java:lambda$new$1(49)) - s0@group-DBBE7E7C6C61->s1: matchIndex: updateToMax old=41, new=-1, updated? false
2022-08-02 21:05:58,929 [grpc-default-executor-4] DEBUG leader.FollowerInfo (FollowerInfoImpl.java:lambda$new$1(49)) - s0@group-DBBE7E7C6C61->s1: commitIndex: updateToMax old=38, new=38, updated? false
2022-08-02 21:05:58,930 [grpc-default-executor-4] DEBUG leader.FollowerInfo (FollowerInfoImpl.java:lambda$new$1(49)) - s0@group-DBBE7E7C6C61->s1: matchIndex: updateToMax old=41, new=-1, updated? false
2022-08-02 21:05:58,930 [grpc-default-executor-4] DEBUG leader.FollowerInfo (FollowerInfoImpl.java:lambda$new$1(49)) - s0@group-DBBE7E7C6C61->s1: commitIndex: updateToMax old=38, new=38, updated? false
2022-08-02 21:05:58,930 [grpc-default-executor-4] DEBUG leader.FollowerInfo (FollowerInfoImpl.java:lambda$new$1(49)) - s0@group-DBBE7E7C6C61->s1: matchIndex: updateToMax old=41, new=-1, updated? false
2022-08-02 21:05:58,936 [grpc-default-executor-6] DEBUG leader.FollowerInfo (FollowerInfoImpl.java:lambda$new$1(49)) - s0@group-DBBE7E7C6C61->s1: commitIndex: updateToMax old=38, new=38, updated? false
2022-08-02 21:05:58,936 [grpc-default-executor-6] DEBUG leader.FollowerInfo (FollowerInfoImpl.java:lambda$new$1(49)) - s0@group-DBBE7E7C6C61->s1: matchIndex: updateToMax old=41, new=-1, updated? false
2022-08-02 21:05:58,936 [grpc-default-executor-6] DEBUG leader.FollowerInfo (FollowerInfoImpl.java:lambda$new$1(49)) - s0@group-DBBE7E7C6C61->s1: commitIndex: updateToMax old=38, new=38, updated? false
2022-08-02 21:05:58,936 [grpc-default-executor-6] DEBUG leader.FollowerInfo (FollowerInfoImpl.java:lambda$new$1(49)) - s0@group-DBBE7E7C6C61->s1: matchIndex: updateToMax old=41, new=-1, updated? false
2022-08-02 21:05:58,962 [java.util.concurrent.ThreadPoolExecutor$Worker@557c2601[State = -1, empty queue]] ERROR impl.OrderedAsync (OrderedAsync.java:lambda$send$4(175)) - Failed to send request, message=m
java.util.concurrent.CompletionException: org.apache.ratis.protocol.exceptions.AlreadyClosedException: SlidingWindow$Client:client-920847F5D7C6->RAFT is closed.
	at java.util.concurrent.CompletableFuture.encodeThrowable(CompletableFuture.java:292)
	at java.util.concurrent.CompletableFuture.completeThrowable(CompletableFuture.java:308)
	at java.util.concurrent.CompletableFuture.uniApply(CompletableFuture.java:607)
	at java.util.concurrent.CompletableFuture$UniApply.tryFire(CompletableFuture.java:591)
	at java.util.concurrent.CompletableFuture.postComplete(CompletableFuture.java:488)
	at java.util.concurrent.CompletableFuture.completeExceptionally(CompletableFuture.java:1990)
	at org.apache.ratis.client.impl.OrderedAsync$PendingOrderedRequest.fail(OrderedAsync.java:104)
	at org.apache.ratis.util.SlidingWindow$Client.alreadyClosed(SlidingWindow.java:378)
	at org.apache.ratis.util.SlidingWindow$Client.fail(SlidingWindow.java:366)
	at org.apache.ratis.client.impl.OrderedAsync.failAllAsyncRequests(OrderedAsync.java:148)
	at org.apache.ratis.client.impl.OrderedAsync.lambda$sendRequest$10(OrderedAsync.java:273)
	at java.util.concurrent.CompletableFuture.uniExceptionally(CompletableFuture.java:884)
	at java.util.concurrent.CompletableFuture.uniExceptionallyStage(CompletableFuture.java:898)
	at java.util.concurrent.CompletableFuture.exceptionally(CompletableFuture.java:2209)
	at org.apache.ratis.client.impl.OrderedAsync.sendRequest(OrderedAsync.java:251)
	at org.apache.ratis.client.impl.OrderedAsync.sendRequestWithRetry(OrderedAsync.java:198)
	at org.apache.ratis.util.SlidingWindow$Client.trySendDelayed(SlidingWindow.java:331)
	at org.apache.ratis.util.SlidingWindow$Client.receiveReply(SlidingWindow.java:323)
	at org.apache.ratis.client.impl.OrderedAsync.lambda$sendRequest$9(OrderedAsync.java:248)
	at java.util.concurrent.CompletableFuture.uniApply(CompletableFuture.java:616)
	at java.util.concurrent.CompletableFuture.uniApplyStage(CompletableFuture.java:628)
	at java.util.concurrent.CompletableFuture.thenApply(CompletableFuture.java:1996)
	at org.apache.ratis.client.impl.OrderedAsync.sendRequest(OrderedAsync.java:246)
	at org.apache.ratis.client.impl.OrderedAsync.sendRequestWithRetry(OrderedAsync.java:198)
	at org.apache.ratis.util.SlidingWindow$Client.trySendDelayed(SlidingWindow.java:331)
	at org.apache.ratis.util.SlidingWindow$Client.receiveReply(SlidingWindow.java:323)
	at org.apache.ratis.client.impl.OrderedAsync.lambda$sendRequest$9(OrderedAsync.java:248)
	at java.util.concurrent.CompletableFuture.uniApply(CompletableFuture.java:616)
	at java.util.concurrent.CompletableFuture.uniApplyStage(CompletableFuture.java:628)
	at java.util.concurrent.CompletableFuture.thenApply(CompletableFuture.java:1996)
	at org.apache.ratis.client.impl.OrderedAsync.sendRequest(OrderedAsync.java:246)
	at org.apache.ratis.client.impl.OrderedAsync.sendRequestWithRetry(OrderedAsync.java:198)
	at org.apache.ratis.util.SlidingWindow$Client.trySendDelayed(SlidingWindow.java:331)
	at org.apache.ratis.util.SlidingWindow$Client.receiveReply(SlidingWindow.java:323)
	at org.apache.ratis.client.impl.OrderedAsync.lambda$sendRequest$9(OrderedAsync.java:248)
	at java.util.concurrent.CompletableFuture.uniApply(CompletableFuture.java:616)
	at java.util.concurrent.CompletableFuture.uniApplyStage(CompletableFuture.java:628)
	at java.util.concurrent.CompletableFuture.thenApply(CompletableFuture.java:1996)
	at org.apache.ratis.client.impl.OrderedAsync.sendRequest(OrderedAsync.java:246)
	at org.apache.ratis.client.impl.OrderedAsync.sendRequestWithRetry(OrderedAsync.java:198)
	at org.apache.ratis.util.SlidingWindow$Client.trySendDelayed(SlidingWindow.java:331)
	at org.apache.ratis.util.SlidingWindow$Client.receiveReply(SlidingWindow.java:323)
	at org.apache.ratis.client.impl.OrderedAsync.lambda$sendRequest$9(OrderedAsync.java:248)
	at java.util.concurrent.CompletableFuture.uniApply(CompletableFuture.java:616)
	at java.util.concurrent.CompletableFuture.uniApplyStage(CompletableFuture.java:628)
	at java.util.concurrent.CompletableFuture.thenApply(CompletableFuture.java:1996)
	at org.apache.ratis.client.impl.OrderedAsync.sendRequest(OrderedAsync.java:246)
	at org.apache.ratis.client.impl.OrderedAsync.sendRequestWithRetry(OrderedAsync.java:198)
	at org.apache.ratis.util.SlidingWindow$Client.trySendDelayed(SlidingWindow.java:331)
	at org.apache.ratis.util.SlidingWindow$Client.receiveReply(SlidingWindow.java:323)
	at org.apache.ratis.client.impl.OrderedAsync.lambda$sendRequest$9(OrderedAsync.java:248)
	at java.util.concurrent.CompletableFuture.uniApply(CompletableFuture.java:616)
	at java.util.concurrent.CompletableFuture.uniApplyStage(CompletableFuture.java:628)
	at java.util.concurrent.CompletableFuture.thenApply(CompletableFuture.java:1996)
	at org.apache.ratis.client.impl.OrderedAsync.sendRequest(OrderedAsync.java:246)
	at org.apache.ratis.client.impl.OrderedAsync.sendRequestWithRetry(OrderedAsync.java:198)
	at org.apache.ratis.util.SlidingWindow$Client.trySendDelayed(SlidingWindow.java:331)
	at org.apache.ratis.util.SlidingWindow$Client.receiveReply(SlidingWindow.java:323)
	at org.apache.ratis.client.impl.OrderedAsync.lambda$sendRequest$9(OrderedAsync.java:248)
	at java.util.concurrent.CompletableFuture.uniApply(CompletableFuture.java:616)
	at java.util.concurrent.CompletableFuture.uniApplyStage(CompletableFuture.java:628)
	at java.util.concurrent.CompletableFuture.thenApply(CompletableFuture.java:1996)
	at org.apache.ratis.client.impl.OrderedAsync.sendRequest(OrderedAsync.java:246)
	at org.apache.ratis.client.impl.OrderedAsync.sendRequestWithRetry(OrderedAsync.java:198)
	at org.apache.ratis.util.SlidingWindow$Client.trySendDelayed(SlidingWindow.java:331)
	at org.apache.ratis.util.SlidingWindow$Client.receiveReply(SlidingWindow.java:323)
	at org.apache.ratis.client.impl.OrderedAsync.lambda$sendRequest$9(OrderedAsync.java:248)
	at java.util.concurrent.CompletableFuture.uniApply(CompletableFuture.java:616)
	at java.util.concurrent.CompletableFuture.uniApplyStage(CompletableFuture.java:628)
	at java.util.concurrent.CompletableFuture.thenApply(CompletableFuture.java:1996)
	at org.apache.ratis.client.impl.OrderedAsync.sendRequest(OrderedAsync.java:246)
	at org.apache.ratis.client.impl.OrderedAsync.sendRequestWithRetry(OrderedAsync.java:198)
	at org.apache.ratis.util.SlidingWindow$Client.trySendDelayed(SlidingWindow.java:331)
	at org.apache.ratis.util.SlidingWindow$Client.receiveReply(SlidingWindow.java:323)
	at org.apache.ratis.client.impl.OrderedAsync.lambda$sendRequest$9(OrderedAsync.java:248)
	at java.util.concurrent.CompletableFuture.uniApply(CompletableFuture.java:616)
	at java.util.concurrent.CompletableFuture.uniApplyStage(CompletableFuture.java:628)
	at java.util.concurrent.CompletableFuture.thenApply(CompletableFuture.java:1996)
	at org.apache.ratis.client.impl.OrderedAsync.sendRequest(OrderedAsync.java:246)
	at org.apache.ratis.client.impl.OrderedAsync.sendRequestWithRetry(OrderedAsync.java:198)
	at org.apache.ratis.util.SlidingWindow$Client.trySendDelayed(SlidingWindow.java:331)
	at org.apache.ratis.util.SlidingWindow$Client.receiveReply(SlidingWindow.java:323)
	at org.apache.ratis.client.impl.OrderedAsync.lambda$sendRequest$9(OrderedAsync.java:248)
	at java.util.concurrent.CompletableFuture.uniApply(CompletableFuture.java:616)
	at java.util.concurrent.CompletableFuture.uniApplyStage(CompletableFuture.java:628)
	at java.util.concurrent.CompletableFuture.thenApply(CompletableFuture.java:1996)
	at org.apache.ratis.client.impl.OrderedAsync.sendRequest(OrderedAsync.java:246)
	at org.apache.ratis.client.impl.OrderedAsync.sendRequestWithRetry(OrderedAsync.java:198)
	at org.apache.ratis.util.SlidingWindow$Client.trySendDelayed(SlidingWindow.java:331)
	at org.apache.ratis.util.SlidingWindow$Client.receiveReply(SlidingWindow.java:323)
	at org.apache.ratis.client.impl.OrderedAsync.lambda$sendRequest$9(OrderedAsync.java:248)
	at java.util.concurrent.CompletableFuture.uniApply(CompletableFuture.java:616)
	at java.util.concurrent.CompletableFuture.uniApplyStage(CompletableFuture.java:628)
	at java.util.concurrent.CompletableFuture.thenApply(CompletableFuture.java:1996)
	at org.apache.ratis.client.impl.OrderedAsync.sendRequest(OrderedAsync.java:246)
	at org.apache.ratis.client.impl.OrderedAsync.sendRequestWithRetry(OrderedAsync.java:198)
	at org.apache.ratis.util.SlidingWindow$Client.trySendDelayed(SlidingWindow.java:331)
	at org.apache.ratis.util.SlidingWindow$Client.receiveReply(SlidingWindow.java:323)
	at org.apache.ratis.client.impl.OrderedAsync.lambda$sendRequest$9(OrderedAsync.java:248)
	at java.util.concurrent.CompletableFuture.uniApply(CompletableFuture.java:616)
	at java.util.concurrent.CompletableFuture.uniApplyStage(CompletableFuture.java:628)
	at java.util.concurrent.CompletableFuture.thenApply(CompletableFuture.java:1996)
	at org.apache.ratis.client.impl.OrderedAsync.sendRequest(OrderedAsync.java:246)
	at org.apache.ratis.client.impl.OrderedAsync.sendRequestWithRetry(OrderedAsync.java:198)
	at org.apache.ratis.util.SlidingWindow$Client.trySendDelayed(SlidingWindow.java:331)
	at org.apache.ratis.util.SlidingWindow$Client.receiveReply(SlidingWindow.java:323)
	at org.apache.ratis.client.impl.OrderedAsync.lambda$sendRequest$9(OrderedAsync.java:248)
	at java.util.concurrent.CompletableFuture.uniApply(CompletableFuture.java:616)
	at java.util.concurrent.CompletableFuture.uniApplyStage(CompletableFuture.java:628)
	at java.util.concurrent.CompletableFuture.thenApply(CompletableFuture.java:1996)
	at org.apache.ratis.client.impl.OrderedAsync.sendRequest(OrderedAsync.java:246)
	at org.apache.ratis.client.impl.OrderedAsync.sendRequestWithRetry(OrderedAsync.java:198)
	at org.apache.ratis.util.SlidingWindow$Client.trySendDelayed(SlidingWindow.java:331)
	at org.apache.ratis.util.SlidingWindow$Client.receiveReply(SlidingWindow.java:323)
	at org.apache.ratis.client.impl.OrderedAsync.lambda$sendRequest$9(OrderedAsync.java:248)
	at java.util.concurrent.CompletableFuture.uniApply(CompletableFuture.java:616)
	at java.util.concurrent.CompletableFuture.uniApplyStage(CompletableFuture.java:628)
	at java.util.concurrent.CompletableFuture.thenApply(CompletableFuture.java:1996)
	at org.apache.ratis.client.impl.OrderedAsync.sendRequest(OrderedAsync.java:246)
	at org.apache.ratis.client.impl.OrderedAsync.sendRequestWithRetry(OrderedAsync.java:198)
	at org.apache.ratis.util.SlidingWindow$Client.sendOrDelayRequest(SlidingWindow.java:280)
	at org.apache.ratis.util.SlidingWindow$Client.retry(SlidingWindow.java:296)
	at org.apache.ratis.client.impl.OrderedAsync.lambda$scheduleWithTimeout$7(OrderedAsync.java:232)
	at org.apache.ratis.util.TimeoutScheduler.lambda$onTimeout$0(TimeoutScheduler.java:141)
	at org.apache.ratis.util.TimeoutScheduler.lambda$onTimeout$1(TimeoutScheduler.java:155)
	at org.apache.ratis.util.LogUtils.runAndLog(LogUtils.java:38)
	at org.apache.ratis.util.LogUtils$1.run(LogUtils.java:79)
	at java.util.concurrent.Executors$RunnableAdapter.call(Executors.java:511)
	at java.util.concurrent.FutureTask.run(FutureTask.java:266)
	at java.util.concurrent.ScheduledThreadPoolExecutor$ScheduledFutureTask.access$201(ScheduledThreadPoolExecutor.java:180)
	at java.util.concurrent.ScheduledThreadPoolExecutor$ScheduledFutureTask.run(ScheduledThreadPoolExecutor.java:293)
	at java.util.concurrent.ThreadPoolExecutor.runWorker(ThreadPoolExecutor.java:1149)
	at java.util.concurrent.ThreadPoolExecutor$Worker.run(ThreadPoolExecutor.java:624)
	at java.lang.Thread.run(Thread.java:750)
Caused by: org.apache.ratis.protocol.exceptions.AlreadyClosedException: SlidingWindow$Client:client-920847F5D7C6->RAFT is closed.
	... 127 more
Caused by: java.util.ConcurrentModificationException
	at java.util.TreeMap$PrivateEntryIterator.nextEntry(TreeMap.java:1211)
	at java.util.TreeMap$KeyIterator.next(TreeMap.java:1265)
	at org.apache.ratis.util.SlidingWindow$Client.trySendDelayed(SlidingWindow.java:330)
	at org.apache.ratis.util.SlidingWindow$Client.receiveReply(SlidingWindow.java:323)
	at org.apache.ratis.client.impl.OrderedAsync.lambda$sendRequest$9(OrderedAsync.java:248)
	at java.util.concurrent.CompletableFuture.uniApply(CompletableFuture.java:616)
	at java.util.concurrent.CompletableFuture.uniApplyStage(CompletableFuture.java:628)
	at java.util.concurrent.CompletableFuture.thenApply(CompletableFuture.java:1996)
	at org.apache.ratis.client.impl.OrderedAsync.sendRequest(OrderedAsync.java:246)
	... 119 more
2022-08-02 21:05:58,964 [java.util.concurrent.ThreadPoolExecutor$Worker@557c2601[State = -1, empty queue]] ERROR impl.OrderedAsync (OrderedAsync.java:lambda$send$4(175)) - Failed to send request, message=m
java.util.concurrent.CompletionException: org.apache.ratis.protocol.exceptions.AlreadyClosedException: SlidingWindow$Client:client-920847F5D7C6->RAFT is closed.
	at java.util.concurrent.CompletableFuture.encodeThrowable(CompletableFuture.java:292)
	at java.util.concurrent.CompletableFuture.completeThrowable(CompletableFuture.java:308)
	at java.util.concurrent.CompletableFuture.uniApply(CompletableFuture.java:607)
	at java.util.concurrent.CompletableFuture$UniApply.tryFire(CompletableFuture.java:591)
	at java.util.concurrent.CompletableFuture.postComplete(CompletableFuture.java:488)
	at java.util.concurrent.CompletableFuture.completeExceptionally(CompletableFuture.java:1990)
	at org.apache.ratis.client.impl.OrderedAsync$PendingOrderedRequest.fail(OrderedAsync.java:104)
	at org.apache.ratis.util.SlidingWindow$Client.alreadyClosed(SlidingWindow.java:378)
	at org.apache.ratis.util.SlidingWindow$Client.fail(SlidingWindow.java:366)
	at org.apache.ratis.client.impl.OrderedAsync.failAllAsyncRequests(OrderedAsync.java:148)
	at org.apache.ratis.client.impl.OrderedAsync.lambda$sendRequest$10(OrderedAsync.java:273)
	at java.util.concurrent.CompletableFuture.uniExceptionally(CompletableFuture.java:884)
	at java.util.concurrent.CompletableFuture.uniExceptionallyStage(CompletableFuture.java:898)
	at java.util.concurrent.CompletableFuture.exceptionally(CompletableFuture.java:2209)
	at org.apache.ratis.client.impl.OrderedAsync.sendRequest(OrderedAsync.java:251)
	at org.apache.ratis.client.impl.OrderedAsync.sendRequestWithRetry(OrderedAsync.java:198)
	at org.apache.ratis.util.SlidingWindow$Client.trySendDelayed(SlidingWindow.java:331)
	at org.apache.ratis.util.SlidingWindow$Client.receiveReply(SlidingWindow.java:323)
	at org.apache.ratis.client.impl.OrderedAsync.lambda$sendRequest$9(OrderedAsync.java:248)
	at java.util.concurrent.CompletableFuture.uniApply(CompletableFuture.java:616)
	at java.util.concurrent.CompletableFuture.uniApplyStage(CompletableFuture.java:628)
	at java.util.concurrent.CompletableFuture.thenApply(CompletableFuture.java:1996)
	at org.apache.ratis.client.impl.OrderedAsync.sendRequest(OrderedAsync.java:246)
	at org.apache.ratis.client.impl.OrderedAsync.sendRequestWithRetry(OrderedAsync.java:198)
	at org.apache.ratis.util.SlidingWindow$Client.trySendDelayed(SlidingWindow.java:331)
	at org.apache.ratis.util.SlidingWindow$Client.receiveReply(SlidingWindow.java:323)
	at org.apache.ratis.client.impl.OrderedAsync.lambda$sendRequest$9(OrderedAsync.java:248)
	at java.util.concurrent.CompletableFuture.uniApply(CompletableFuture.java:616)
	at java.util.concurrent.CompletableFuture.uniApplyStage(CompletableFuture.java:628)
	at java.util.concurrent.CompletableFuture.thenApply(CompletableFuture.java:1996)
	at org.apache.ratis.client.impl.OrderedAsync.sendRequest(OrderedAsync.java:246)
	at org.apache.ratis.client.impl.OrderedAsync.sendRequestWithRetry(OrderedAsync.java:198)
	at org.apache.ratis.util.SlidingWindow$Client.trySendDelayed(SlidingWindow.java:331)
	at org.apache.ratis.util.SlidingWindow$Client.receiveReply(SlidingWindow.java:323)
	at org.apache.ratis.client.impl.OrderedAsync.lambda$sendRequest$9(OrderedAsync.java:248)
	at java.util.concurrent.CompletableFuture.uniApply(CompletableFuture.java:616)
	at java.util.concurrent.CompletableFuture.uniApplyStage(CompletableFuture.java:628)
	at java.util.concurrent.CompletableFuture.thenApply(CompletableFuture.java:1996)
	at org.apache.ratis.client.impl.OrderedAsync.sendRequest(OrderedAsync.java:246)
	at org.apache.ratis.client.impl.OrderedAsync.sendRequestWithRetry(OrderedAsync.java:198)
	at org.apache.ratis.util.SlidingWindow$Client.trySendDelayed(SlidingWindow.java:331)
	at org.apache.ratis.util.SlidingWindow$Client.receiveReply(SlidingWindow.java:323)
	at org.apache.ratis.client.impl.OrderedAsync.lambda$sendRequest$9(OrderedAsync.java:248)
	at java.util.concurrent.CompletableFuture.uniApply(CompletableFuture.java:616)
	at java.util.concurrent.CompletableFuture.uniApplyStage(CompletableFuture.java:628)
	at java.util.concurrent.CompletableFuture.thenApply(CompletableFuture.java:1996)
	at org.apache.ratis.client.impl.OrderedAsync.sendRequest(OrderedAsync.java:246)
	at org.apache.ratis.client.impl.OrderedAsync.sendRequestWithRetry(OrderedAsync.java:198)
	at org.apache.ratis.util.SlidingWindow$Client.trySendDelayed(SlidingWindow.java:331)
	at org.apache.ratis.util.SlidingWindow$Client.receiveReply(SlidingWindow.java:323)
	at org.apache.ratis.client.impl.OrderedAsync.lambda$sendRequest$9(OrderedAsync.java:248)
	at java.util.concurrent.CompletableFuture.uniApply(CompletableFuture.java:616)
	at java.util.concurrent.CompletableFuture.uniApplyStage(CompletableFuture.java:628)
	at java.util.concurrent.CompletableFuture.thenApply(CompletableFuture.java:1996)
	at org.apache.ratis.client.impl.OrderedAsync.sendRequest(OrderedAsync.java:246)
	at org.apache.ratis.client.impl.OrderedAsync.sendRequestWithRetry(OrderedAsync.java:198)
	at org.apache.ratis.util.SlidingWindow$Client.trySendDelayed(SlidingWindow.java:331)
	at org.apache.ratis.util.SlidingWindow$Client.receiveReply(SlidingWindow.java:323)
	at org.apache.ratis.client.impl.OrderedAsync.lambda$sendRequest$9(OrderedAsync.java:248)
	at java.util.concurrent.CompletableFuture.uniApply(CompletableFuture.java:616)
	at java.util.concurrent.CompletableFuture.uniApplyStage(CompletableFuture.java:628)
	at java.util.concurrent.CompletableFuture.thenApply(CompletableFuture.java:1996)
	at org.apache.ratis.client.impl.OrderedAsync.sendRequest(OrderedAsync.java:246)
	at org.apache.ratis.client.impl.OrderedAsync.sendRequestWithRetry(OrderedAsync.java:198)
	at org.apache.ratis.util.SlidingWindow$Client.trySendDelayed(SlidingWindow.java:331)
	at org.apache.ratis.util.SlidingWindow$Client.receiveReply(SlidingWindow.java:323)
	at org.apache.ratis.client.impl.OrderedAsync.lambda$sendRequest$9(OrderedAsync.java:248)
	at java.util.concurrent.CompletableFuture.uniApply(CompletableFuture.java:616)
	at java.util.concurrent.CompletableFuture.uniApplyStage(CompletableFuture.java:628)
	at java.util.concurrent.CompletableFuture.thenApply(CompletableFuture.java:1996)
	at org.apache.ratis.client.impl.OrderedAsync.sendRequest(OrderedAsync.java:246)
	at org.apache.ratis.client.impl.OrderedAsync.sendRequestWithRetry(OrderedAsync.java:198)
	at org.apache.ratis.util.SlidingWindow$Client.trySendDelayed(SlidingWindow.java:331)
	at org.apache.ratis.util.SlidingWindow$Client.receiveReply(SlidingWindow.java:323)
	at org.apache.ratis.client.impl.OrderedAsync.lambda$sendRequest$9(OrderedAsync.java:248)
	at java.util.concurrent.CompletableFuture.uniApply(CompletableFuture.java:616)
	at java.util.concurrent.CompletableFuture.uniApplyStage(CompletableFuture.java:628)
	at java.util.concurrent.CompletableFuture.thenApply(CompletableFuture.java:1996)
	at org.apache.ratis.client.impl.OrderedAsync.sendRequest(OrderedAsync.java:246)
	at org.apache.ratis.client.impl.OrderedAsync.sendRequestWithRetry(OrderedAsync.java:198)
	at org.apache.ratis.util.SlidingWindow$Client.trySendDelayed(SlidingWindow.java:331)
	at org.apache.ratis.util.SlidingWindow$Client.receiveReply(SlidingWindow.java:323)
	at org.apache.ratis.client.impl.OrderedAsync.lambda$sendRequest$9(OrderedAsync.java:248)
	at java.util.concurrent.CompletableFuture.uniApply(CompletableFuture.java:616)
	at java.util.concurrent.CompletableFuture.uniApplyStage(CompletableFuture.java:628)
	at java.util.concurrent.CompletableFuture.thenApply(CompletableFuture.java:1996)
	at org.apache.ratis.client.impl.OrderedAsync.sendRequest(OrderedAsync.java:246)
	at org.apache.ratis.client.impl.OrderedAsync.sendRequestWithRetry(OrderedAsync.java:198)
	at org.apache.ratis.util.SlidingWindow$Client.trySendDelayed(SlidingWindow.java:331)
	at org.apache.ratis.util.SlidingWindow$Client.receiveReply(SlidingWindow.java:323)
	at org.apache.ratis.client.impl.OrderedAsync.lambda$sendRequest$9(OrderedAsync.java:248)
	at java.util.concurrent.CompletableFuture.uniApply(CompletableFuture.java:616)
	at java.util.concurrent.CompletableFuture.uniApplyStage(CompletableFuture.java:628)
	at java.util.concurrent.CompletableFuture.thenApply(CompletableFuture.java:1996)
	at org.apache.ratis.client.impl.OrderedAsync.sendRequest(OrderedAsync.java:246)
	at org.apache.ratis.client.impl.OrderedAsync.sendRequestWithRetry(OrderedAsync.java:198)
	at org.apache.ratis.util.SlidingWindow$Client.trySendDelayed(SlidingWindow.java:331)
	at org.apache.ratis.util.SlidingWindow$Client.receiveReply(SlidingWindow.java:323)
	at org.apache.ratis.client.impl.OrderedAsync.lambda$sendRequest$9(OrderedAsync.java:248)
	at java.util.concurrent.CompletableFuture.uniApply(CompletableFuture.java:616)
	at java.util.concurrent.CompletableFuture.uniApplyStage(CompletableFuture.java:628)
	at java.util.concurrent.CompletableFuture.thenApply(CompletableFuture.java:1996)
	at org.apache.ratis.client.impl.OrderedAsync.sendRequest(OrderedAsync.java:246)
	at org.apache.ratis.client.impl.OrderedAsync.sendRequestWithRetry(OrderedAsync.java:198)
	at org.apache.ratis.util.SlidingWindow$Client.trySendDelayed(SlidingWindow.java:331)
	at org.apache.ratis.util.SlidingWindow$Client.receiveReply(SlidingWindow.java:323)
	at org.apache.ratis.client.impl.OrderedAsync.lambda$sendRequest$9(OrderedAsync.java:248)
	at java.util.concurrent.CompletableFuture.uniApply(CompletableFuture.java:616)
	at java.util.concurrent.CompletableFuture.uniApplyStage(CompletableFuture.java:628)
	at java.util.concurrent.CompletableFuture.thenApply(CompletableFuture.java:1996)
	at org.apache.ratis.client.impl.OrderedAsync.sendRequest(OrderedAsync.java:246)
	at org.apache.ratis.client.impl.OrderedAsync.sendRequestWithRetry(OrderedAsync.java:198)
	at org.apache.ratis.util.SlidingWindow$Client.trySendDelayed(SlidingWindow.java:331)
	at org.apache.ratis.util.SlidingWindow$Client.receiveReply(SlidingWindow.java:323)
	at org.apache.ratis.client.impl.OrderedAsync.lambda$sendRequest$9(OrderedAsync.java:248)
	at java.util.concurrent.CompletableFuture.uniApply(CompletableFuture.java:616)
	at java.util.concurrent.CompletableFuture.uniApplyStage(CompletableFuture.java:628)
	at java.util.concurrent.CompletableFuture.thenApply(CompletableFuture.java:1996)
	at org.apache.ratis.client.impl.OrderedAsync.sendRequest(OrderedAsync.java:246)
	at org.apache.ratis.client.impl.OrderedAsync.sendRequestWithRetry(OrderedAsync.java:198)
	at org.apache.ratis.util.SlidingWindow$Client.sendOrDelayRequest(SlidingWindow.java:280)
	at org.apache.ratis.util.SlidingWindow$Client.retry(SlidingWindow.java:296)
	at org.apache.ratis.client.impl.OrderedAsync.lambda$scheduleWithTimeout$7(OrderedAsync.java:232)
	at org.apache.ratis.util.TimeoutScheduler.lambda$onTimeout$0(TimeoutScheduler.java:141)
	at org.apache.ratis.util.TimeoutScheduler.lambda$onTimeout$1(TimeoutScheduler.java:155)
	at org.apache.ratis.util.LogUtils.runAndLog(LogUtils.java:38)
	at org.apache.ratis.util.LogUtils$1.run(LogUtils.java:79)
	at java.util.concurrent.Executors$RunnableAdapter.call(Executors.java:511)
	at java.util.concurrent.FutureTask.run(FutureTask.java:266)
	at java.util.concurrent.ScheduledThreadPoolExecutor$ScheduledFutureTask.access$201(ScheduledThreadPoolExecutor.java:180)
	at java.util.concurrent.ScheduledThreadPoolExecutor$ScheduledFutureTask.run(ScheduledThreadPoolExecutor.java:293)
	at java.util.concurrent.ThreadPoolExecutor.runWorker(ThreadPoolExecutor.java:1149)
	at java.util.concurrent.ThreadPoolExecutor$Worker.run(ThreadPoolExecutor.java:624)
	at java.lang.Thread.run(Thread.java:750)
Caused by: org.apache.ratis.protocol.exceptions.AlreadyClosedException: SlidingWindow$Client:client-920847F5D7C6->RAFT is closed.
	... 127 more
Caused by: java.util.ConcurrentModificationException
	at java.util.TreeMap$PrivateEntryIterator.nextEntry(TreeMap.java:1211)
	at java.util.TreeMap$KeyIterator.next(TreeMap.java:1265)
	at org.apache.ratis.util.SlidingWindow$Client.trySendDelayed(SlidingWindow.java:330)
	at org.apache.ratis.util.SlidingWindow$Client.receiveReply(SlidingWindow.java:323)
	at org.apache.ratis.client.impl.OrderedAsync.lambda$sendRequest$9(OrderedAsync.java:248)
	at java.util.concurrent.CompletableFuture.uniApply(CompletableFuture.java:616)
	at java.util.concurrent.CompletableFuture.uniApplyStage(CompletableFuture.java:628)
	at java.util.concurrent.CompletableFuture.thenApply(CompletableFuture.java:1996)
	at org.apache.ratis.client.impl.OrderedAsync.sendRequest(OrderedAsync.java:246)
	... 119 more
2022-08-02 21:05:58,965 [java.util.concurrent.ThreadPoolExecutor$Worker@557c2601[State = -1, empty queue]] ERROR impl.OrderedAsync (OrderedAsync.java:lambda$send$4(175)) - Failed to send request, message=m
java.util.concurrent.CompletionException: org.apache.ratis.protocol.exceptions.AlreadyClosedException: SlidingWindow$Client:client-920847F5D7C6->RAFT is closed.
	at java.util.concurrent.CompletableFuture.encodeThrowable(CompletableFuture.java:292)
	at java.util.concurrent.CompletableFuture.completeThrowable(CompletableFuture.java:308)
	at java.util.concurrent.CompletableFuture.uniApply(CompletableFuture.java:607)
	at java.util.concurrent.CompletableFuture$UniApply.tryFire(CompletableFuture.java:591)
	at java.util.concurrent.CompletableFuture.postComplete(CompletableFuture.java:488)
	at java.util.concurrent.CompletableFuture.completeExceptionally(CompletableFuture.java:1990)
	at org.apache.ratis.client.impl.OrderedAsync$PendingOrderedRequest.fail(OrderedAsync.java:104)
	at org.apache.ratis.util.SlidingWindow$Client.alreadyClosed(SlidingWindow.java:378)
	at org.apache.ratis.util.SlidingWindow$Client.fail(SlidingWindow.java:366)
	at org.apache.ratis.client.impl.OrderedAsync.failAllAsyncRequests(OrderedAsync.java:148)
	at org.apache.ratis.client.impl.OrderedAsync.lambda$sendRequest$10(OrderedAsync.java:273)
	at java.util.concurrent.CompletableFuture.uniExceptionally(CompletableFuture.java:884)
	at java.util.concurrent.CompletableFuture.uniExceptionallyStage(CompletableFuture.java:898)
	at java.util.concurrent.CompletableFuture.exceptionally(CompletableFuture.java:2209)
	at org.apache.ratis.client.impl.OrderedAsync.sendRequest(OrderedAsync.java:251)
	at org.apache.ratis.client.impl.OrderedAsync.sendRequestWithRetry(OrderedAsync.java:198)
	at org.apache.ratis.util.SlidingWindow$Client.trySendDelayed(SlidingWindow.java:331)
	at org.apache.ratis.util.SlidingWindow$Client.receiveReply(SlidingWindow.java:323)
	at org.apache.ratis.client.impl.OrderedAsync.lambda$sendRequest$9(OrderedAsync.java:248)
	at java.util.concurrent.CompletableFuture.uniApply(CompletableFuture.java:616)
	at java.util.concurrent.CompletableFuture.uniApplyStage(CompletableFuture.java:628)
	at java.util.concurrent.CompletableFuture.thenApply(CompletableFuture.java:1996)
	at org.apache.ratis.client.impl.OrderedAsync.sendRequest(OrderedAsync.java:246)
	at org.apache.ratis.client.impl.OrderedAsync.sendRequestWithRetry(OrderedAsync.java:198)
	at org.apache.ratis.util.SlidingWindow$Client.trySendDelayed(SlidingWindow.java:331)
	at org.apache.ratis.util.SlidingWindow$Client.receiveReply(SlidingWindow.java:323)
	at org.apache.ratis.client.impl.OrderedAsync.lambda$sendRequest$9(OrderedAsync.java:248)
	at java.util.concurrent.CompletableFuture.uniApply(CompletableFuture.java:616)
	at java.util.concurrent.CompletableFuture.uniApplyStage(CompletableFuture.java:628)
	at java.util.concurrent.CompletableFuture.thenApply(CompletableFuture.java:1996)
	at org.apache.ratis.client.impl.OrderedAsync.sendRequest(OrderedAsync.java:246)
	at org.apache.ratis.client.impl.OrderedAsync.sendRequestWithRetry(OrderedAsync.java:198)
	at org.apache.ratis.util.SlidingWindow$Client.trySendDelayed(SlidingWindow.java:331)
	at org.apache.ratis.util.SlidingWindow$Client.receiveReply(SlidingWindow.java:323)
	at org.apache.ratis.client.impl.OrderedAsync.lambda$sendRequest$9(OrderedAsync.java:248)
	at java.util.concurrent.CompletableFuture.uniApply(CompletableFuture.java:616)
	at java.util.concurrent.CompletableFuture.uniApplyStage(CompletableFuture.java:628)
	at java.util.concurrent.CompletableFuture.thenApply(CompletableFuture.java:1996)
	at org.apache.ratis.client.impl.OrderedAsync.sendRequest(OrderedAsync.java:246)
	at org.apache.ratis.client.impl.OrderedAsync.sendRequestWithRetry(OrderedAsync.java:198)
	at org.apache.ratis.util.SlidingWindow$Client.trySendDelayed(SlidingWindow.java:331)
	at org.apache.ratis.util.SlidingWindow$Client.receiveReply(SlidingWindow.java:323)
	at org.apache.ratis.client.impl.OrderedAsync.lambda$sendRequest$9(OrderedAsync.java:248)
	at java.util.concurrent.CompletableFuture.uniApply(CompletableFuture.java:616)
	at java.util.concurrent.CompletableFuture.uniApplyStage(CompletableFuture.java:628)
	at java.util.concurrent.CompletableFuture.thenApply(CompletableFuture.java:1996)
	at org.apache.ratis.client.impl.OrderedAsync.sendRequest(OrderedAsync.java:246)
	at org.apache.ratis.client.impl.OrderedAsync.sendRequestWithRetry(OrderedAsync.java:198)
	at org.apache.ratis.util.SlidingWindow$Client.trySendDelayed(SlidingWindow.java:331)
	at org.apache.ratis.util.SlidingWindow$Client.receiveReply(SlidingWindow.java:323)
	at org.apache.ratis.client.impl.OrderedAsync.lambda$sendRequest$9(OrderedAsync.java:248)
	at java.util.concurrent.CompletableFuture.uniApply(CompletableFuture.java:616)
	at java.util.concurrent.CompletableFuture.uniApplyStage(CompletableFuture.java:628)
	at java.util.concurrent.CompletableFuture.thenApply(CompletableFuture.java:1996)
	at org.apache.ratis.client.impl.OrderedAsync.sendRequest(OrderedAsync.java:246)
	at org.apache.ratis.client.impl.OrderedAsync.sendRequestWithRetry(OrderedAsync.java:198)
	at org.apache.ratis.util.SlidingWindow$Client.trySendDelayed(SlidingWindow.java:331)
	at org.apache.ratis.util.SlidingWindow$Client.receiveReply(SlidingWindow.java:323)
	at org.apache.ratis.client.impl.OrderedAsync.lambda$sendRequest$9(OrderedAsync.java:248)
	at java.util.concurrent.CompletableFuture.uniApply(CompletableFuture.java:616)
	at java.util.concurrent.CompletableFuture.uniApplyStage(CompletableFuture.java:628)
	at java.util.concurrent.CompletableFuture.thenApply(CompletableFuture.java:1996)
	at org.apache.ratis.client.impl.OrderedAsync.sendRequest(OrderedAsync.java:246)
	at org.apache.ratis.client.impl.OrderedAsync.sendRequestWithRetry(OrderedAsync.java:198)
	at org.apache.ratis.util.SlidingWindow$Client.trySendDelayed(SlidingWindow.java:331)
	at org.apache.ratis.util.SlidingWindow$Client.receiveReply(SlidingWindow.java:323)
	at org.apache.ratis.client.impl.OrderedAsync.lambda$sendRequest$9(OrderedAsync.java:248)
	at java.util.concurrent.CompletableFuture.uniApply(CompletableFuture.java:616)
	at java.util.concurrent.CompletableFuture.uniApplyStage(CompletableFuture.java:628)
	at java.util.concurrent.CompletableFuture.thenApply(CompletableFuture.java:1996)
	at org.apache.ratis.client.impl.OrderedAsync.sendRequest(OrderedAsync.java:246)
	at org.apache.ratis.client.impl.OrderedAsync.sendRequestWithRetry(OrderedAsync.java:198)
	at org.apache.ratis.util.SlidingWindow$Client.trySendDelayed(SlidingWindow.java:331)
	at org.apache.ratis.util.SlidingWindow$Client.receiveReply(SlidingWindow.java:323)
	at org.apache.ratis.client.impl.OrderedAsync.lambda$sendRequest$9(OrderedAsync.java:248)
	at java.util.concurrent.CompletableFuture.uniApply(CompletableFuture.java:616)
	at java.util.concurrent.CompletableFuture.uniApplyStage(CompletableFuture.java:628)
	at java.util.concurrent.CompletableFuture.thenApply(CompletableFuture.java:1996)
	at org.apache.ratis.client.impl.OrderedAsync.sendRequest(OrderedAsync.java:246)
	at org.apache.ratis.client.impl.OrderedAsync.sendRequestWithRetry(OrderedAsync.java:198)
	at org.apache.ratis.util.SlidingWindow$Client.trySendDelayed(SlidingWindow.java:331)
	at org.apache.ratis.util.SlidingWindow$Client.receiveReply(SlidingWindow.java:323)
	at org.apache.ratis.client.impl.OrderedAsync.lambda$sendRequest$9(OrderedAsync.java:248)
	at java.util.concurrent.CompletableFuture.uniApply(CompletableFuture.java:616)
	at java.util.concurrent.CompletableFuture.uniApplyStage(CompletableFuture.java:628)
	at java.util.concurrent.CompletableFuture.thenApply(CompletableFuture.java:1996)
	at org.apache.ratis.client.impl.OrderedAsync.sendRequest(OrderedAsync.java:246)
	at org.apache.ratis.client.impl.OrderedAsync.sendRequestWithRetry(OrderedAsync.java:198)
	at org.apache.ratis.util.SlidingWindow$Client.trySendDelayed(SlidingWindow.java:331)
	at org.apache.ratis.util.SlidingWindow$Client.receiveReply(SlidingWindow.java:323)
	at org.apache.ratis.client.impl.OrderedAsync.lambda$sendRequest$9(OrderedAsync.java:248)
	at java.util.concurrent.CompletableFuture.uniApply(CompletableFuture.java:616)
	at java.util.concurrent.CompletableFuture.uniApplyStage(CompletableFuture.java:628)
	at java.util.concurrent.CompletableFuture.thenApply(CompletableFuture.java:1996)
	at org.apache.ratis.client.impl.OrderedAsync.sendRequest(OrderedAsync.java:246)
	at org.apache.ratis.client.impl.OrderedAsync.sendRequestWithRetry(OrderedAsync.java:198)
	at org.apache.ratis.util.SlidingWindow$Client.trySendDelayed(SlidingWindow.java:331)
	at org.apache.ratis.util.SlidingWindow$Client.receiveReply(SlidingWindow.java:323)
	at org.apache.ratis.client.impl.OrderedAsync.lambda$sendRequest$9(OrderedAsync.java:248)
	at java.util.concurrent.CompletableFuture.uniApply(CompletableFuture.java:616)
	at java.util.concurrent.CompletableFuture.uniApplyStage(CompletableFuture.java:628)
	at java.util.concurrent.CompletableFuture.thenApply(CompletableFuture.java:1996)
	at org.apache.ratis.client.impl.OrderedAsync.sendRequest(OrderedAsync.java:246)
	at org.apache.ratis.client.impl.OrderedAsync.sendRequestWithRetry(OrderedAsync.java:198)
	at org.apache.ratis.util.SlidingWindow$Client.trySendDelayed(SlidingWindow.java:331)
	at org.apache.ratis.util.SlidingWindow$Client.receiveReply(SlidingWindow.java:323)
	at org.apache.ratis.client.impl.OrderedAsync.lambda$sendRequest$9(OrderedAsync.java:248)
	at java.util.concurrent.CompletableFuture.uniApply(CompletableFuture.java:616)
	at java.util.concurrent.CompletableFuture.uniApplyStage(CompletableFuture.java:628)
	at java.util.concurrent.CompletableFuture.thenApply(CompletableFuture.java:1996)
	at org.apache.ratis.client.impl.OrderedAsync.sendRequest(OrderedAsync.java:246)
	at org.apache.ratis.client.impl.OrderedAsync.sendRequestWithRetry(OrderedAsync.java:198)
	at org.apache.ratis.util.SlidingWindow$Client.trySendDelayed(SlidingWindow.java:331)
	at org.apache.ratis.util.SlidingWindow$Client.receiveReply(SlidingWindow.java:323)
	at org.apache.ratis.client.impl.OrderedAsync.lambda$sendRequest$9(OrderedAsync.java:248)
	at java.util.concurrent.CompletableFuture.uniApply(CompletableFuture.java:616)
	at java.util.concurrent.CompletableFuture.uniApplyStage(CompletableFuture.java:628)
	at java.util.concurrent.CompletableFuture.thenApply(CompletableFuture.java:1996)
	at org.apache.ratis.client.impl.OrderedAsync.sendRequest(OrderedAsync.java:246)
	at org.apache.ratis.client.impl.OrderedAsync.sendRequestWithRetry(OrderedAsync.java:198)
	at org.apache.ratis.util.SlidingWindow$Client.sendOrDelayRequest(SlidingWindow.java:280)
	at org.apache.ratis.util.SlidingWindow$Client.retry(SlidingWindow.java:296)
	at org.apache.ratis.client.impl.OrderedAsync.lambda$scheduleWithTimeout$7(OrderedAsync.java:232)
	at org.apache.ratis.util.TimeoutScheduler.lambda$onTimeout$0(TimeoutScheduler.java:141)
	at org.apache.ratis.util.TimeoutScheduler.lambda$onTimeout$1(TimeoutScheduler.java:155)
	at org.apache.ratis.util.LogUtils.runAndLog(LogUtils.java:38)
	at org.apache.ratis.util.LogUtils$1.run(LogUtils.java:79)
	at java.util.concurrent.Executors$RunnableAdapter.call(Executors.java:511)
	at java.util.concurrent.FutureTask.run(FutureTask.java:266)
	at java.util.concurrent.ScheduledThreadPoolExecutor$ScheduledFutureTask.access$201(ScheduledThreadPoolExecutor.java:180)
	at java.util.concurrent.ScheduledThreadPoolExecutor$ScheduledFutureTask.run(ScheduledThreadPoolExecutor.java:293)
	at java.util.concurrent.ThreadPoolExecutor.runWorker(ThreadPoolExecutor.java:1149)
	at java.util.concurrent.ThreadPoolExecutor$Worker.run(ThreadPoolExecutor.java:624)
	at java.lang.Thread.run(Thread.java:750)
Caused by: org.apache.ratis.protocol.exceptions.AlreadyClosedException: SlidingWindow$Client:client-920847F5D7C6->RAFT is closed.
	... 127 more
Caused by: java.util.ConcurrentModificationException
	at java.util.TreeMap$PrivateEntryIterator.nextEntry(TreeMap.java:1211)
	at java.util.TreeMap$KeyIterator.next(TreeMap.java:1265)
	at org.apache.ratis.util.SlidingWindow$Client.trySendDelayed(SlidingWindow.java:330)
	at org.apache.ratis.util.SlidingWindow$Client.receiveReply(SlidingWindow.java:323)
	at org.apache.ratis.client.impl.OrderedAsync.lambda$sendRequest$9(OrderedAsync.java:248)
	at java.util.concurrent.CompletableFuture.uniApply(CompletableFuture.java:616)
	at java.util.concurrent.CompletableFuture.uniApplyStage(CompletableFuture.java:628)
	at java.util.concurrent.CompletableFuture.thenApply(CompletableFuture.java:1996)
	at org.apache.ratis.client.impl.OrderedAsync.sendRequest(OrderedAsync.java:246)
	... 119 more
2022-08-02 21:05:58,967 [java.util.concurrent.ThreadPoolExecutor$Worker@557c2601[State = -1, empty queue]] ERROR impl.OrderedAsync (OrderedAsync.java:lambda$send$4(175)) - Failed to send request, message=m
java.util.concurrent.CompletionException: org.apache.ratis.protocol.exceptions.AlreadyClosedException: SlidingWindow$Client:client-920847F5D7C6->RAFT is closed.
	at java.util.concurrent.CompletableFuture.encodeThrowable(CompletableFuture.java:292)
	at java.util.concurrent.CompletableFuture.completeThrowable(CompletableFuture.java:308)
	at java.util.concurrent.CompletableFuture.uniApply(CompletableFuture.java:607)
	at java.util.concurrent.CompletableFuture$UniApply.tryFire(CompletableFuture.java:591)
	at java.util.concurrent.CompletableFuture.postComplete(CompletableFuture.java:488)
	at java.util.concurrent.CompletableFuture.completeExceptionally(CompletableFuture.java:1990)
	at org.apache.ratis.client.impl.OrderedAsync$PendingOrderedRequest.fail(OrderedAsync.java:104)
	at org.apache.ratis.util.SlidingWindow$Client.alreadyClosed(SlidingWindow.java:378)
	at org.apache.ratis.util.SlidingWindow$Client.fail(SlidingWindow.java:366)
	at org.apache.ratis.client.impl.OrderedAsync.failAllAsyncRequests(OrderedAsync.java:148)
	at org.apache.ratis.client.impl.OrderedAsync.lambda$sendRequest$10(OrderedAsync.java:273)
	at java.util.concurrent.CompletableFuture.uniExceptionally(CompletableFuture.java:884)
	at java.util.concurrent.CompletableFuture.uniExceptionallyStage(CompletableFuture.java:898)
	at java.util.concurrent.CompletableFuture.exceptionally(CompletableFuture.java:2209)
	at org.apache.ratis.client.impl.OrderedAsync.sendRequest(OrderedAsync.java:251)
	at org.apache.ratis.client.impl.OrderedAsync.sendRequestWithRetry(OrderedAsync.java:198)
	at org.apache.ratis.util.SlidingWindow$Client.trySendDelayed(SlidingWindow.java:331)
	at org.apache.ratis.util.SlidingWindow$Client.receiveReply(SlidingWindow.java:323)
	at org.apache.ratis.client.impl.OrderedAsync.lambda$sendRequest$9(OrderedAsync.java:248)
	at java.util.concurrent.CompletableFuture.uniApply(CompletableFuture.java:616)
	at java.util.concurrent.CompletableFuture.uniApplyStage(CompletableFuture.java:628)
	at java.util.concurrent.CompletableFuture.thenApply(CompletableFuture.java:1996)
	at org.apache.ratis.client.impl.OrderedAsync.sendRequest(OrderedAsync.java:246)
	at org.apache.ratis.client.impl.OrderedAsync.sendRequestWithRetry(OrderedAsync.java:198)
	at org.apache.ratis.util.SlidingWindow$Client.trySendDelayed(SlidingWindow.java:331)
	at org.apache.ratis.util.SlidingWindow$Client.receiveReply(SlidingWindow.java:323)
	at org.apache.ratis.client.impl.OrderedAsync.lambda$sendRequest$9(OrderedAsync.java:248)
	at java.util.concurrent.CompletableFuture.uniApply(CompletableFuture.java:616)
	at java.util.concurrent.CompletableFuture.uniApplyStage(CompletableFuture.java:628)
	at java.util.concurrent.CompletableFuture.thenApply(CompletableFuture.java:1996)
	at org.apache.ratis.client.impl.OrderedAsync.sendRequest(OrderedAsync.java:246)
	at org.apache.ratis.client.impl.OrderedAsync.sendRequestWithRetry(OrderedAsync.java:198)
	at org.apache.ratis.util.SlidingWindow$Client.trySendDelayed(SlidingWindow.java:331)
	at org.apache.ratis.util.SlidingWindow$Client.receiveReply(SlidingWindow.java:323)
	at org.apache.ratis.client.impl.OrderedAsync.lambda$sendRequest$9(OrderedAsync.java:248)
	at java.util.concurrent.CompletableFuture.uniApply(CompletableFuture.java:616)
	at java.util.concurrent.CompletableFuture.uniApplyStage(CompletableFuture.java:628)
	at java.util.concurrent.CompletableFuture.thenApply(CompletableFuture.java:1996)
	at org.apache.ratis.client.impl.OrderedAsync.sendRequest(OrderedAsync.java:246)
	at org.apache.ratis.client.impl.OrderedAsync.sendRequestWithRetry(OrderedAsync.java:198)
	at org.apache.ratis.util.SlidingWindow$Client.trySendDelayed(SlidingWindow.java:331)
	at org.apache.ratis.util.SlidingWindow$Client.receiveReply(SlidingWindow.java:323)
	at org.apache.ratis.client.impl.OrderedAsync.lambda$sendRequest$9(OrderedAsync.java:248)
	at java.util.concurrent.CompletableFuture.uniApply(CompletableFuture.java:616)
	at java.util.concurrent.CompletableFuture.uniApplyStage(CompletableFuture.java:628)
	at java.util.concurrent.CompletableFuture.thenApply(CompletableFuture.java:1996)
	at org.apache.ratis.client.impl.OrderedAsync.sendRequest(OrderedAsync.java:246)
	at org.apache.ratis.client.impl.OrderedAsync.sendRequestWithRetry(OrderedAsync.java:198)
	at org.apache.ratis.util.SlidingWindow$Client.trySendDelayed(SlidingWindow.java:331)
	at org.apache.ratis.util.SlidingWindow$Client.receiveReply(SlidingWindow.java:323)
	at org.apache.ratis.client.impl.OrderedAsync.lambda$sendRequest$9(OrderedAsync.java:248)
	at java.util.concurrent.CompletableFuture.uniApply(CompletableFuture.java:616)
	at java.util.concurrent.CompletableFuture.uniApplyStage(CompletableFuture.java:628)
	at java.util.concurrent.CompletableFuture.thenApply(CompletableFuture.java:1996)
	at org.apache.ratis.client.impl.OrderedAsync.sendRequest(OrderedAsync.java:246)
	at org.apache.ratis.client.impl.OrderedAsync.sendRequestWithRetry(OrderedAsync.java:198)
	at org.apache.ratis.util.SlidingWindow$Client.trySendDelayed(SlidingWindow.java:331)
	at org.apache.ratis.util.SlidingWindow$Client.receiveReply(SlidingWindow.java:323)
	at org.apache.ratis.client.impl.OrderedAsync.lambda$sendRequest$9(OrderedAsync.java:248)
	at java.util.concurrent.CompletableFuture.uniApply(CompletableFuture.java:616)
	at java.util.concurrent.CompletableFuture.uniApplyStage(CompletableFuture.java:628)
	at java.util.concurrent.CompletableFuture.thenApply(CompletableFuture.java:1996)
	at org.apache.ratis.client.impl.OrderedAsync.sendRequest(OrderedAsync.java:246)
	at org.apache.ratis.client.impl.OrderedAsync.sendRequestWithRetry(OrderedAsync.java:198)
	at org.apache.ratis.util.SlidingWindow$Client.trySendDelayed(SlidingWindow.java:331)
	at org.apache.ratis.util.SlidingWindow$Client.receiveReply(SlidingWindow.java:323)
	at org.apache.ratis.client.impl.OrderedAsync.lambda$sendRequest$9(OrderedAsync.java:248)
	at java.util.concurrent.CompletableFuture.uniApply(CompletableFuture.java:616)
	at java.util.concurrent.CompletableFuture.uniApplyStage(CompletableFuture.java:628)
	at java.util.concurrent.CompletableFuture.thenApply(CompletableFuture.java:1996)
	at org.apache.ratis.client.impl.OrderedAsync.sendRequest(OrderedAsync.java:246)
	at org.apache.ratis.client.impl.OrderedAsync.sendRequestWithRetry(OrderedAsync.java:198)
	at org.apache.ratis.util.SlidingWindow$Client.trySendDelayed(SlidingWindow.java:331)
	at org.apache.ratis.util.SlidingWindow$Client.receiveReply(SlidingWindow.java:323)
	at org.apache.ratis.client.impl.OrderedAsync.lambda$sendRequest$9(OrderedAsync.java:248)
	at java.util.concurrent.CompletableFuture.uniApply(CompletableFuture.java:616)
	at java.util.concurrent.CompletableFuture.uniApplyStage(CompletableFuture.java:628)
	at java.util.concurrent.CompletableFuture.thenApply(CompletableFuture.java:1996)
	at org.apache.ratis.client.impl.OrderedAsync.sendRequest(OrderedAsync.java:246)
	at org.apache.ratis.client.impl.OrderedAsync.sendRequestWithRetry(OrderedAsync.java:198)
	at org.apache.ratis.util.SlidingWindow$Client.trySendDelayed(SlidingWindow.java:331)
	at org.apache.ratis.util.SlidingWindow$Client.receiveReply(SlidingWindow.java:323)
	at org.apache.ratis.client.impl.OrderedAsync.lambda$sendRequest$9(OrderedAsync.java:248)
	at java.util.concurrent.CompletableFuture.uniApply(CompletableFuture.java:616)
	at java.util.concurrent.CompletableFuture.uniApplyStage(CompletableFuture.java:628)
	at java.util.concurrent.CompletableFuture.thenApply(CompletableFuture.java:1996)
	at org.apache.ratis.client.impl.OrderedAsync.sendRequest(OrderedAsync.java:246)
	at org.apache.ratis.client.impl.OrderedAsync.sendRequestWithRetry(OrderedAsync.java:198)
	at org.apache.ratis.util.SlidingWindow$Client.trySendDelayed(SlidingWindow.java:331)
	at org.apache.ratis.util.SlidingWindow$Client.receiveReply(SlidingWindow.java:323)
	at org.apache.ratis.client.impl.OrderedAsync.lambda$sendRequest$9(OrderedAsync.java:248)
	at java.util.concurrent.CompletableFuture.uniApply(CompletableFuture.java:616)
	at java.util.concurrent.CompletableFuture.uniApplyStage(CompletableFuture.java:628)
	at java.util.concurrent.CompletableFuture.thenApply(CompletableFuture.java:1996)
	at org.apache.ratis.client.impl.OrderedAsync.sendRequest(OrderedAsync.java:246)
	at org.apache.ratis.client.impl.OrderedAsync.sendRequestWithRetry(OrderedAsync.java:198)
	at org.apache.ratis.util.SlidingWindow$Client.trySendDelayed(SlidingWindow.java:331)
	at org.apache.ratis.util.SlidingWindow$Client.receiveReply(SlidingWindow.java:323)
	at org.apache.ratis.client.impl.OrderedAsync.lambda$sendRequest$9(OrderedAsync.java:248)
	at java.util.concurrent.CompletableFuture.uniApply(CompletableFuture.java:616)
	at java.util.concurrent.CompletableFuture.uniApplyStage(CompletableFuture.java:628)
	at java.util.concurrent.CompletableFuture.thenApply(CompletableFuture.java:1996)
	at org.apache.ratis.client.impl.OrderedAsync.sendRequest(OrderedAsync.java:246)
	at org.apache.ratis.client.impl.OrderedAsync.sendRequestWithRetry(OrderedAsync.java:198)
	at org.apache.ratis.util.SlidingWindow$Client.trySendDelayed(SlidingWindow.java:331)
	at org.apache.ratis.util.SlidingWindow$Client.receiveReply(SlidingWindow.java:323)
	at org.apache.ratis.client.impl.OrderedAsync.lambda$sendRequest$9(OrderedAsync.java:248)
	at java.util.concurrent.CompletableFuture.uniApply(CompletableFuture.java:616)
	at java.util.concurrent.CompletableFuture.uniApplyStage(CompletableFuture.java:628)
	at java.util.concurrent.CompletableFuture.thenApply(CompletableFuture.java:1996)
	at org.apache.ratis.client.impl.OrderedAsync.sendRequest(OrderedAsync.java:246)
	at org.apache.ratis.client.impl.OrderedAsync.sendRequestWithRetry(OrderedAsync.java:198)
	at org.apache.ratis.util.SlidingWindow$Client.trySendDelayed(SlidingWindow.java:331)
	at org.apache.ratis.util.SlidingWindow$Client.receiveReply(SlidingWindow.java:323)
	at org.apache.ratis.client.impl.OrderedAsync.lambda$sendRequest$9(OrderedAsync.java:248)
	at java.util.concurrent.CompletableFuture.uniApply(CompletableFuture.java:616)
	at java.util.concurrent.CompletableFuture.uniApplyStage(CompletableFuture.java:628)
	at java.util.concurrent.CompletableFuture.thenApply(CompletableFuture.java:1996)
	at org.apache.ratis.client.impl.OrderedAsync.sendRequest(OrderedAsync.java:246)
	at org.apache.ratis.client.impl.OrderedAsync.sendRequestWithRetry(OrderedAsync.java:198)
	at org.apache.ratis.util.SlidingWindow$Client.sendOrDelayRequest(SlidingWindow.java:280)
	at org.apache.ratis.util.SlidingWindow$Client.retry(SlidingWindow.java:296)
	at org.apache.ratis.client.impl.OrderedAsync.lambda$scheduleWithTimeout$7(OrderedAsync.java:232)
	at org.apache.ratis.util.TimeoutScheduler.lambda$onTimeout$0(TimeoutScheduler.java:141)
	at org.apache.ratis.util.TimeoutScheduler.lambda$onTimeout$1(TimeoutScheduler.java:155)
	at org.apache.ratis.util.LogUtils.runAndLog(LogUtils.java:38)
	at org.apache.ratis.util.LogUtils$1.run(LogUtils.java:79)
	at java.util.concurrent.Executors$RunnableAdapter.call(Executors.java:511)
	at java.util.concurrent.FutureTask.run(FutureTask.java:266)
	at java.util.concurrent.ScheduledThreadPoolExecutor$ScheduledFutureTask.access$201(ScheduledThreadPoolExecutor.java:180)
	at java.util.concurrent.ScheduledThreadPoolExecutor$ScheduledFutureTask.run(ScheduledThreadPoolExecutor.java:293)
	at java.util.concurrent.ThreadPoolExecutor.runWorker(ThreadPoolExecutor.java:1149)
	at java.util.concurrent.ThreadPoolExecutor$Worker.run(ThreadPoolExecutor.java:624)
	at java.lang.Thread.run(Thread.java:750)
Caused by: org.apache.ratis.protocol.exceptions.AlreadyClosedException: SlidingWindow$Client:client-920847F5D7C6->RAFT is closed.
	... 127 more
Caused by: java.util.ConcurrentModificationException
	at java.util.TreeMap$PrivateEntryIterator.nextEntry(TreeMap.java:1211)
	at java.util.TreeMap$KeyIterator.next(TreeMap.java:1265)
	at org.apache.ratis.util.SlidingWindow$Client.trySendDelayed(SlidingWindow.java:330)
	at org.apache.ratis.util.SlidingWindow$Client.receiveReply(SlidingWindow.java:323)
	at org.apache.ratis.client.impl.OrderedAsync.lambda$sendRequest$9(OrderedAsync.java:248)
	at java.util.concurrent.CompletableFuture.uniApply(CompletableFuture.java:616)
	at java.util.concurrent.CompletableFuture.uniApplyStage(CompletableFuture.java:628)
	at java.util.concurrent.CompletableFuture.thenApply(CompletableFuture.java:1996)
	at org.apache.ratis.client.impl.OrderedAsync.sendRequest(OrderedAsync.java:246)
	... 119 more
2022-08-02 21:05:58,968 [java.util.concurrent.ThreadPoolExecutor$Worker@557c2601[State = -1, empty queue]] ERROR impl.OrderedAsync (OrderedAsync.java:lambda$send$4(175)) - Failed to send request, message=m
java.util.concurrent.CompletionException: org.apache.ratis.protocol.exceptions.AlreadyClosedException: SlidingWindow$Client:client-920847F5D7C6->RAFT is closed.
	at java.util.concurrent.CompletableFuture.encodeThrowable(CompletableFuture.java:292)
	at java.util.concurrent.CompletableFuture.completeThrowable(CompletableFuture.java:308)
	at java.util.concurrent.CompletableFuture.uniApply(CompletableFuture.java:607)
	at java.util.concurrent.CompletableFuture$UniApply.tryFire(CompletableFuture.java:591)
	at java.util.concurrent.CompletableFuture.postComplete(CompletableFuture.java:488)
	at java.util.concurrent.CompletableFuture.completeExceptionally(CompletableFuture.java:1990)
	at org.apache.ratis.client.impl.OrderedAsync$PendingOrderedRequest.fail(OrderedAsync.java:104)
	at org.apache.ratis.util.SlidingWindow$Client.alreadyClosed(SlidingWindow.java:378)
	at org.apache.ratis.util.SlidingWindow$Client.fail(SlidingWindow.java:366)
	at org.apache.ratis.client.impl.OrderedAsync.failAllAsyncRequests(OrderedAsync.java:148)
	at org.apache.ratis.client.impl.OrderedAsync.lambda$sendRequest$10(OrderedAsync.java:273)
	at java.util.concurrent.CompletableFuture.uniExceptionally(CompletableFuture.java:884)
	at java.util.concurrent.CompletableFuture.uniExceptionallyStage(CompletableFuture.java:898)
	at java.util.concurrent.CompletableFuture.exceptionally(CompletableFuture.java:2209)
	at org.apache.ratis.client.impl.OrderedAsync.sendRequest(OrderedAsync.java:251)
	at org.apache.ratis.client.impl.OrderedAsync.sendRequestWithRetry(OrderedAsync.java:198)
	at org.apache.ratis.util.SlidingWindow$Client.trySendDelayed(SlidingWindow.java:331)
	at org.apache.ratis.util.SlidingWindow$Client.receiveReply(SlidingWindow.java:323)
	at org.apache.ratis.client.impl.OrderedAsync.lambda$sendRequest$9(OrderedAsync.java:248)
	at java.util.concurrent.CompletableFuture.uniApply(CompletableFuture.java:616)
	at java.util.concurrent.CompletableFuture.uniApplyStage(CompletableFuture.java:628)
	at java.util.concurrent.CompletableFuture.thenApply(CompletableFuture.java:1996)
	at org.apache.ratis.client.impl.OrderedAsync.sendRequest(OrderedAsync.java:246)
	at org.apache.ratis.client.impl.OrderedAsync.sendRequestWithRetry(OrderedAsync.java:198)
	at org.apache.ratis.util.SlidingWindow$Client.trySendDelayed(SlidingWindow.java:331)
	at org.apache.ratis.util.SlidingWindow$Client.receiveReply(SlidingWindow.java:323)
	at org.apache.ratis.client.impl.OrderedAsync.lambda$sendRequest$9(OrderedAsync.java:248)
	at java.util.concurrent.CompletableFuture.uniApply(CompletableFuture.java:616)
	at java.util.concurrent.CompletableFuture.uniApplyStage(CompletableFuture.java:628)
	at java.util.concurrent.CompletableFuture.thenApply(CompletableFuture.java:1996)
	at org.apache.ratis.client.impl.OrderedAsync.sendRequest(OrderedAsync.java:246)
	at org.apache.ratis.client.impl.OrderedAsync.sendRequestWithRetry(OrderedAsync.java:198)
	at org.apache.ratis.util.SlidingWindow$Client.trySendDelayed(SlidingWindow.java:331)
	at org.apache.ratis.util.SlidingWindow$Client.receiveReply(SlidingWindow.java:323)
	at org.apache.ratis.client.impl.OrderedAsync.lambda$sendRequest$9(OrderedAsync.java:248)
	at java.util.concurrent.CompletableFuture.uniApply(CompletableFuture.java:616)
	at java.util.concurrent.CompletableFuture.uniApplyStage(CompletableFuture.java:628)
	at java.util.concurrent.CompletableFuture.thenApply(CompletableFuture.java:1996)
	at org.apache.ratis.client.impl.OrderedAsync.sendRequest(OrderedAsync.java:246)
	at org.apache.ratis.client.impl.OrderedAsync.sendRequestWithRetry(OrderedAsync.java:198)
	at org.apache.ratis.util.SlidingWindow$Client.trySendDelayed(SlidingWindow.java:331)
	at org.apache.ratis.util.SlidingWindow$Client.receiveReply(SlidingWindow.java:323)
	at org.apache.ratis.client.impl.OrderedAsync.lambda$sendRequest$9(OrderedAsync.java:248)
	at java.util.concurrent.CompletableFuture.uniApply(CompletableFuture.java:616)
	at java.util.concurrent.CompletableFuture.uniApplyStage(CompletableFuture.java:628)
	at java.util.concurrent.CompletableFuture.thenApply(CompletableFuture.java:1996)
	at org.apache.ratis.client.impl.OrderedAsync.sendRequest(OrderedAsync.java:246)
	at org.apache.ratis.client.impl.OrderedAsync.sendRequestWithRetry(OrderedAsync.java:198)
	at org.apache.ratis.util.SlidingWindow$Client.trySendDelayed(SlidingWindow.java:331)
	at org.apache.ratis.util.SlidingWindow$Client.receiveReply(SlidingWindow.java:323)
	at org.apache.ratis.client.impl.OrderedAsync.lambda$sendRequest$9(OrderedAsync.java:248)
	at java.util.concurrent.CompletableFuture.uniApply(CompletableFuture.java:616)
	at java.util.concurrent.CompletableFuture.uniApplyStage(CompletableFuture.java:628)
	at java.util.concurrent.CompletableFuture.thenApply(CompletableFuture.java:1996)
	at org.apache.ratis.client.impl.OrderedAsync.sendRequest(OrderedAsync.java:246)
	at org.apache.ratis.client.impl.OrderedAsync.sendRequestWithRetry(OrderedAsync.java:198)
	at org.apache.ratis.util.SlidingWindow$Client.trySendDelayed(SlidingWindow.java:331)
	at org.apache.ratis.util.SlidingWindow$Client.receiveReply(SlidingWindow.java:323)
	at org.apache.ratis.client.impl.OrderedAsync.lambda$sendRequest$9(OrderedAsync.java:248)
	at java.util.concurrent.CompletableFuture.uniApply(CompletableFuture.java:616)
	at java.util.concurrent.CompletableFuture.uniApplyStage(CompletableFuture.java:628)
	at java.util.concurrent.CompletableFuture.thenApply(CompletableFuture.java:1996)
	at org.apache.ratis.client.impl.OrderedAsync.sendRequest(OrderedAsync.java:246)
	at org.apache.ratis.client.impl.OrderedAsync.sendRequestWithRetry(OrderedAsync.java:198)
	at org.apache.ratis.util.SlidingWindow$Client.trySendDelayed(SlidingWindow.java:331)
	at org.apache.ratis.util.SlidingWindow$Client.receiveReply(SlidingWindow.java:323)
	at org.apache.ratis.client.impl.OrderedAsync.lambda$sendRequest$9(OrderedAsync.java:248)
	at java.util.concurrent.CompletableFuture.uniApply(CompletableFuture.java:616)
	at java.util.concurrent.CompletableFuture.uniApplyStage(CompletableFuture.java:628)
	at java.util.concurrent.CompletableFuture.thenApply(CompletableFuture.java:1996)
	at org.apache.ratis.client.impl.OrderedAsync.sendRequest(OrderedAsync.java:246)
	at org.apache.ratis.client.impl.OrderedAsync.sendRequestWithRetry(OrderedAsync.java:198)
	at org.apache.ratis.util.SlidingWindow$Client.trySendDelayed(SlidingWindow.java:331)
	at org.apache.ratis.util.SlidingWindow$Client.receiveReply(SlidingWindow.java:323)
	at org.apache.ratis.client.impl.OrderedAsync.lambda$sendRequest$9(OrderedAsync.java:248)
	at java.util.concurrent.CompletableFuture.uniApply(CompletableFuture.java:616)
	at java.util.concurrent.CompletableFuture.uniApplyStage(CompletableFuture.java:628)
	at java.util.concurrent.CompletableFuture.thenApply(CompletableFuture.java:1996)
	at org.apache.ratis.client.impl.OrderedAsync.sendRequest(OrderedAsync.java:246)
	at org.apache.ratis.client.impl.OrderedAsync.sendRequestWithRetry(OrderedAsync.java:198)
	at org.apache.ratis.util.SlidingWindow$Client.trySendDelayed(SlidingWindow.java:331)
	at org.apache.ratis.util.SlidingWindow$Client.receiveReply(SlidingWindow.java:323)
	at org.apache.ratis.client.impl.OrderedAsync.lambda$sendRequest$9(OrderedAsync.java:248)
	at java.util.concurrent.CompletableFuture.uniApply(CompletableFuture.java:616)
	at java.util.concurrent.CompletableFuture.uniApplyStage(CompletableFuture.java:628)
	at java.util.concurrent.CompletableFuture.thenApply(CompletableFuture.java:1996)
	at org.apache.ratis.client.impl.OrderedAsync.sendRequest(OrderedAsync.java:246)
	at org.apache.ratis.client.impl.OrderedAsync.sendRequestWithRetry(OrderedAsync.java:198)
	at org.apache.ratis.util.SlidingWindow$Client.trySendDelayed(SlidingWindow.java:331)
	at org.apache.ratis.util.SlidingWindow$Client.receiveReply(SlidingWindow.java:323)
	at org.apache.ratis.client.impl.OrderedAsync.lambda$sendRequest$9(OrderedAsync.java:248)
	at java.util.concurrent.CompletableFuture.uniApply(CompletableFuture.java:616)
	at java.util.concurrent.CompletableFuture.uniApplyStage(CompletableFuture.java:628)
	at java.util.concurrent.CompletableFuture.thenApply(CompletableFuture.java:1996)
	at org.apache.ratis.client.impl.OrderedAsync.sendRequest(OrderedAsync.java:246)
	at org.apache.ratis.client.impl.OrderedAsync.sendRequestWithRetry(OrderedAsync.java:198)
	at org.apache.ratis.util.SlidingWindow$Client.trySendDelayed(SlidingWindow.java:331)
	at org.apache.ratis.util.SlidingWindow$Client.receiveReply(SlidingWindow.java:323)
	at org.apache.ratis.client.impl.OrderedAsync.lambda$sendRequest$9(OrderedAsync.java:248)
	at java.util.concurrent.CompletableFuture.uniApply(CompletableFuture.java:616)
	at java.util.concurrent.CompletableFuture.uniApplyStage(CompletableFuture.java:628)
	at java.util.concurrent.CompletableFuture.thenApply(CompletableFuture.java:1996)
	at org.apache.ratis.client.impl.OrderedAsync.sendRequest(OrderedAsync.java:246)
	at org.apache.ratis.client.impl.OrderedAsync.sendRequestWithRetry(OrderedAsync.java:198)
	at org.apache.ratis.util.SlidingWindow$Client.trySendDelayed(SlidingWindow.java:331)
	at org.apache.ratis.util.SlidingWindow$Client.receiveReply(SlidingWindow.java:323)
	at org.apache.ratis.client.impl.OrderedAsync.lambda$sendRequest$9(OrderedAsync.java:248)
	at java.util.concurrent.CompletableFuture.uniApply(CompletableFuture.java:616)
	at java.util.concurrent.CompletableFuture.uniApplyStage(CompletableFuture.java:628)
	at java.util.concurrent.CompletableFuture.thenApply(CompletableFuture.java:1996)
	at org.apache.ratis.client.impl.OrderedAsync.sendRequest(OrderedAsync.java:246)
	at org.apache.ratis.client.impl.OrderedAsync.sendRequestWithRetry(OrderedAsync.java:198)
	at org.apache.ratis.util.SlidingWindow$Client.trySendDelayed(SlidingWindow.java:331)
	at org.apache.ratis.util.SlidingWindow$Client.receiveReply(SlidingWindow.java:323)
	at org.apache.ratis.client.impl.OrderedAsync.lambda$sendRequest$9(OrderedAsync.java:248)
	at java.util.concurrent.CompletableFuture.uniApply(CompletableFuture.java:616)
	at java.util.concurrent.CompletableFuture.uniApplyStage(CompletableFuture.java:628)
	at java.util.concurrent.CompletableFuture.thenApply(CompletableFuture.java:1996)
	at org.apache.ratis.client.impl.OrderedAsync.sendRequest(OrderedAsync.java:246)
	at org.apache.ratis.client.impl.OrderedAsync.sendRequestWithRetry(OrderedAsync.java:198)
	at org.apache.ratis.util.SlidingWindow$Client.sendOrDelayRequest(SlidingWindow.java:280)
	at org.apache.ratis.util.SlidingWindow$Client.retry(SlidingWindow.java:296)
	at org.apache.ratis.client.impl.OrderedAsync.lambda$scheduleWithTimeout$7(OrderedAsync.java:232)
	at org.apache.ratis.util.TimeoutScheduler.lambda$onTimeout$0(TimeoutScheduler.java:141)
	at org.apache.ratis.util.TimeoutScheduler.lambda$onTimeout$1(TimeoutScheduler.java:155)
	at org.apache.ratis.util.LogUtils.runAndLog(LogUtils.java:38)
	at org.apache.ratis.util.LogUtils$1.run(LogUtils.java:79)
	at java.util.concurrent.Executors$RunnableAdapter.call(Executors.java:511)
	at java.util.concurrent.FutureTask.run(FutureTask.java:266)
	at java.util.concurrent.ScheduledThreadPoolExecutor$ScheduledFutureTask.access$201(ScheduledThreadPoolExecutor.java:180)
	at java.util.concurrent.ScheduledThreadPoolExecutor$ScheduledFutureTask.run(ScheduledThreadPoolExecutor.java:293)
	at java.util.concurrent.ThreadPoolExecutor.runWorker(ThreadPoolExecutor.java:1149)
	at java.util.concurrent.ThreadPoolExecutor$Worker.run(ThreadPoolExecutor.java:624)
	at java.lang.Thread.run(Thread.java:750)
Caused by: org.apache.ratis.protocol.exceptions.AlreadyClosedException: SlidingWindow$Client:client-920847F5D7C6->RAFT is closed.
	... 127 more
Caused by: java.util.ConcurrentModificationException
	at java.util.TreeMap$PrivateEntryIterator.nextEntry(TreeMap.java:1211)
	at java.util.TreeMap$KeyIterator.next(TreeMap.java:1265)
	at org.apache.ratis.util.SlidingWindow$Client.trySendDelayed(SlidingWindow.java:330)
	at org.apache.ratis.util.SlidingWindow$Client.receiveReply(SlidingWindow.java:323)
	at org.apache.ratis.client.impl.OrderedAsync.lambda$sendRequest$9(OrderedAsync.java:248)
	at java.util.concurrent.CompletableFuture.uniApply(CompletableFuture.java:616)
	at java.util.concurrent.CompletableFuture.uniApplyStage(CompletableFuture.java:628)
	at java.util.concurrent.CompletableFuture.thenApply(CompletableFuture.java:1996)
	at org.apache.ratis.client.impl.OrderedAsync.sendRequest(OrderedAsync.java:246)
	... 119 more
]]></system-out>
  </testcase>
  <testcase name="testSingleElementBuffer[0]" classname="org.apache.ratis.grpc.TestLogAppenderWithGrpc" time="3.926"/>
  <testcase name="testFollowerHeartbeatMetric[0]" classname="org.apache.ratis.grpc.TestLogAppenderWithGrpc" time="0.637"/>
  <testcase name="testUnlimitedElementBuffer[0]" classname="org.apache.ratis.grpc.TestLogAppenderWithGrpc" time="2.903"/>
  <testcase name="testRestartLogAppender[1]" classname="org.apache.ratis.grpc.TestLogAppenderWithGrpc" time="0.658"/>
  <testcase name="testPendingLimits[1]" classname="org.apache.ratis.grpc.TestLogAppenderWithGrpc" time="6.758"/>
  <testcase name="testSingleElementBuffer[1]" classname="org.apache.ratis.grpc.TestLogAppenderWithGrpc" time="2.772"/>
  <testcase name="testFollowerHeartbeatMetric[1]" classname="org.apache.ratis.grpc.TestLogAppenderWithGrpc" time="0.588"/>
  <testcase name="testUnlimitedElementBuffer[1]" classname="org.apache.ratis.grpc.TestLogAppenderWithGrpc" time="2.458"/>
</testsuite>