<?xml version="1.0" encoding="UTF-8"?>
<testsuite xmlns:xsi="http://www.w3.org/2001/XMLSchema-instance" xsi:noNamespaceSchemaLocation="https://maven.apache.org/surefire/maven-surefire-plugin/xsd/surefire-test-report.xsd" name="org.apache.ratis.grpc.TestLeaderInstallSnapshot" time="14.698" tests="4" errors="0" skipped="0" failures="1">
  <properties>
    <property name="awt.toolkit" value="sun.awt.X11.XToolkit"/>
    <property name="java.specification.version" value="11"/>
    <property name="sun.cpu.isalist" value=""/>
    <property name="sun.jnu.encoding" value="UTF-8"/>
    <property name="java.class.path" value="/home/runner/work/ratis/ratis/ratis-test/target/test-classes:/home/runner/work/ratis/ratis/ratis-test/target/classes:/home/runner/work/ratis/ratis/ratis-common/target/classes:/home/runner/.m2/repository/org/apache/ratis/ratis-thirdparty-misc/1.0.3/ratis-thirdparty-misc-1.0.3.jar:/home/runner/work/ratis/ratis/ratis-proto/target/ratis-proto-3.0.0-SNAPSHOT.jar:/home/runner/work/ratis/ratis/ratis-common/target/test-classes:/home/runner/work/ratis/ratis/ratis-client/target/classes:/home/runner/work/ratis/ratis/ratis-server/target/classes:/home/runner/work/ratis/ratis/ratis-server-api/target/classes:/home/runner/work/ratis/ratis/ratis-metrics-api/target/classes:/home/runner/work/ratis/ratis/ratis-server/target/test-classes:/home/runner/work/ratis/ratis/ratis-metrics-default/target/classes:/home/runner/work/ratis/ratis/ratis-netty/target/classes:/home/runner/work/ratis/ratis/ratis-netty/target/test-classes:/home/runner/work/ratis/ratis/ratis-grpc/target/classes:/home/runner/work/ratis/ratis/ratis-grpc/target/test-classes:/home/runner/work/ratis/ratis/ratis-shell/target/classes:/home/runner/.m2/repository/commons-cli/commons-cli/1.5.0/commons-cli-1.5.0.jar:/home/runner/.m2/repository/org/reflections/reflections/0.10.2/reflections-0.10.2.jar:/home/runner/.m2/repository/org/javassist/javassist/3.28.0-GA/javassist-3.28.0-GA.jar:/home/runner/.m2/repository/com/google/code/findbugs/jsr305/3.0.2/jsr305-3.0.2.jar:/home/runner/.m2/repository/org/bouncycastle/bcprov-jdk15on/1.70/bcprov-jdk15on-1.70.jar:/home/runner/.m2/repository/org/bouncycastle/bcpkix-jdk15on/1.70/bcpkix-jdk15on-1.70.jar:/home/runner/.m2/repository/org/bouncycastle/bcutil-jdk15on/1.70/bcutil-jdk15on-1.70.jar:/home/runner/.m2/repository/org/slf4j/slf4j-api/1.7.36/slf4j-api-1.7.36.jar:/home/runner/.m2/repository/org/slf4j/slf4j-reload4j/1.7.36/slf4j-reload4j-1.7.36.jar:/home/runner/.m2/repository/ch/qos/reload4j/reload4j/1.2.19/reload4j-1.2.19.jar:/home/runner/.m2/repository/junit/junit/4.13.2/junit-4.13.2.jar:/home/runner/.m2/repository/org/hamcrest/hamcrest-core/1.3/hamcrest-core-1.3.jar:/home/runner/.m2/repository/org/mockito/mockito-core/4.3.1/mockito-core-4.3.1.jar:/home/runner/.m2/repository/net/bytebuddy/byte-buddy/1.12.7/byte-buddy-1.12.7.jar:/home/runner/.m2/repository/net/bytebuddy/byte-buddy-agent/1.12.7/byte-buddy-agent-1.12.7.jar:/home/runner/.m2/repository/org/objenesis/objenesis/3.2/objenesis-3.2.jar:"/>
    <property name="java.vm.vendor" value="Eclipse Adoptium"/>
    <property name="sun.arch.data.model" value="64"/>
    <property name="java.vendor.url" value="https://adoptium.net/"/>
    <property name="user.timezone" value=""/>
    <property name="java.vm.specification.version" value="11"/>
    <property name="os.name" value="Linux"/>
    <property name="sun.java.launcher" value="SUN_STANDARD"/>
    <property name="sun.boot.library.path" value="/usr/lib/jvm/temurin-11-jdk-amd64/lib"/>
    <property name="sun.java.command" value="/home/runner/work/ratis/ratis/ratis-test/target/surefire/surefirebooter16024045032779984537.jar /home/runner/work/ratis/ratis/ratis-test/target/surefire 2023-03-02T05-39-54_755-jvmRun1 surefire12279999851065446202tmp surefire_29261792558534180734tmp"/>
    <property name="jdk.debug" value="release"/>
    <property name="surefire.test.class.path" value="/home/runner/work/ratis/ratis/ratis-test/target/test-classes:/home/runner/work/ratis/ratis/ratis-test/target/classes:/home/runner/work/ratis/ratis/ratis-common/target/classes:/home/runner/.m2/repository/org/apache/ratis/ratis-thirdparty-misc/1.0.3/ratis-thirdparty-misc-1.0.3.jar:/home/runner/work/ratis/ratis/ratis-proto/target/ratis-proto-3.0.0-SNAPSHOT.jar:/home/runner/work/ratis/ratis/ratis-common/target/test-classes:/home/runner/work/ratis/ratis/ratis-client/target/classes:/home/runner/work/ratis/ratis/ratis-server/target/classes:/home/runner/work/ratis/ratis/ratis-server-api/target/classes:/home/runner/work/ratis/ratis/ratis-metrics-api/target/classes:/home/runner/work/ratis/ratis/ratis-server/target/test-classes:/home/runner/work/ratis/ratis/ratis-metrics-default/target/classes:/home/runner/work/ratis/ratis/ratis-netty/target/classes:/home/runner/work/ratis/ratis/ratis-netty/target/test-classes:/home/runner/work/ratis/ratis/ratis-grpc/target/classes:/home/runner/work/ratis/ratis/ratis-grpc/target/test-classes:/home/runner/work/ratis/ratis/ratis-shell/target/classes:/home/runner/.m2/repository/commons-cli/commons-cli/1.5.0/commons-cli-1.5.0.jar:/home/runner/.m2/repository/org/reflections/reflections/0.10.2/reflections-0.10.2.jar:/home/runner/.m2/repository/org/javassist/javassist/3.28.0-GA/javassist-3.28.0-GA.jar:/home/runner/.m2/repository/com/google/code/findbugs/jsr305/3.0.2/jsr305-3.0.2.jar:/home/runner/.m2/repository/org/bouncycastle/bcprov-jdk15on/1.70/bcprov-jdk15on-1.70.jar:/home/runner/.m2/repository/org/bouncycastle/bcpkix-jdk15on/1.70/bcpkix-jdk15on-1.70.jar:/home/runner/.m2/repository/org/bouncycastle/bcutil-jdk15on/1.70/bcutil-jdk15on-1.70.jar:/home/runner/.m2/repository/org/slf4j/slf4j-api/1.7.36/slf4j-api-1.7.36.jar:/home/runner/.m2/repository/org/slf4j/slf4j-reload4j/1.7.36/slf4j-reload4j-1.7.36.jar:/home/runner/.m2/repository/ch/qos/reload4j/reload4j/1.2.19/reload4j-1.2.19.jar:/home/runner/.m2/repository/junit/junit/4.13.2/junit-4.13.2.jar:/home/runner/.m2/repository/org/hamcrest/hamcrest-core/1.3/hamcrest-core-1.3.jar:/home/runner/.m2/repository/org/mockito/mockito-core/4.3.1/mockito-core-4.3.1.jar:/home/runner/.m2/repository/net/bytebuddy/byte-buddy/1.12.7/byte-buddy-1.12.7.jar:/home/runner/.m2/repository/net/bytebuddy/byte-buddy-agent/1.12.7/byte-buddy-agent-1.12.7.jar:/home/runner/.m2/repository/org/objenesis/objenesis/3.2/objenesis-3.2.jar:"/>
    <property name="sun.cpu.endian" value="little"/>
    <property name="user.home" value="/home/runner"/>
    <property name="user.language" value="en"/>
    <property name="java.specification.vendor" value="Oracle Corporation"/>
    <property name="java.version.date" value="2023-01-17"/>
    <property name="java.home" value="/usr/lib/jvm/temurin-11-jdk-amd64"/>
    <property name="file.separator" value="/"/>
    <property name="basedir" value="/home/runner/work/ratis/ratis/ratis-test"/>
    <property name="java.vm.compressedOopsMode" value="32-bit"/>
    <property name="line.separator" value="&#10;"/>
    <property name="java.specification.name" value="Java Platform API Specification"/>
    <property name="java.vm.specification.vendor" value="Oracle Corporation"/>
    <property name="java.awt.graphicsenv" value="sun.awt.X11GraphicsEnvironment"/>
    <property name="surefire.real.class.path" value="/home/runner/work/ratis/ratis/ratis-test/target/surefire/surefirebooter16024045032779984537.jar"/>
    <property name="sun.management.compiler" value="HotSpot 64-Bit Tiered Compilers"/>
    <property name="java.runtime.version" value="11.0.18+10"/>
    <property name="user.name" value="runner"/>
    <property name="java.net.preferIPv4Stack" value="true"/>
    <property name="path.separator" value=":"/>
    <property name="os.version" value="5.15.0-1033-azure"/>
    <property name="java.runtime.name" value="OpenJDK Runtime Environment"/>
    <property name="file.encoding" value="UTF-8"/>
    <property name="java.vm.name" value="OpenJDK 64-Bit Server VM"/>
    <property name="java.vendor.version" value="Temurin-11.0.18+10"/>
    <property name="localRepository" value="/home/runner/.m2/repository"/>
    <property name="java.vendor.url.bug" value="https://github.com/adoptium/adoptium-support/issues"/>
    <property name="java.io.tmpdir" value="/tmp"/>
    <property name="java.version" value="11.0.18"/>
    <property name="user.dir" value="/home/runner/work/ratis/ratis/ratis-test"/>
    <property name="os.arch" value="amd64"/>
    <property name="ratis.tmp.dir" value="/home/runner/work/ratis/ratis/ratis-test/target/tmp"/>
    <property name="java.vm.specification.name" value="Java Virtual Machine Specification"/>
    <property name="java.awt.printerjob" value="sun.print.PSPrinterJob"/>
    <property name="ratis.log.dir" value="/home/runner/work/ratis/ratis/ratis-test/target/log"/>
    <property name="sun.os.patch.level" value="unknown"/>
    <property name="java.library.path" value="/usr/java/packages/lib:/usr/lib64:/lib64:/lib:/usr/lib"/>
    <property name="java.vm.info" value="mixed mode"/>
    <property name="java.vendor" value="Eclipse Adoptium"/>
    <property name="java.vm.version" value="11.0.18+10"/>
    <property name="sun.io.unicode.encoding" value="UnicodeLittle"/>
    <property name="java.class.version" value="55.0"/>
  </properties>
  <testcase name="testMultiFileInstallSnapshot[0]" classname="org.apache.ratis.grpc.TestLeaderInstallSnapshot" time="3.461"/>
  <testcase name="testSeparateSnapshotInstallPath[0]" classname="org.apache.ratis.grpc.TestLeaderInstallSnapshot" time="6.707">
    <failure type="java.lang.AssertionError">java.lang.AssertionError
	at org.junit.Assert.fail(Assert.java:87)
	at org.junit.Assert.assertTrue(Assert.java:42)
	at org.junit.Assert.assertNotNull(Assert.java:713)
	at org.junit.Assert.assertNotNull(Assert.java:723)
	at org.apache.ratis.InstallSnapshotFromLeaderTests.testMultiFileInstallSnapshot(InstallSnapshotFromLeaderTests.java:121)
	at org.apache.ratis.server.impl.MiniRaftCluster$Factory$Get.runWithNewCluster(MiniRaftCluster.java:141)
	at org.apache.ratis.server.impl.MiniRaftCluster$Factory$Get.runWithNewCluster(MiniRaftCluster.java:121)
	at org.apache.ratis.InstallSnapshotFromLeaderTests.testSeparateSnapshotInstallPath(InstallSnapshotFromLeaderTests.java:86)
	at java.base/jdk.internal.reflect.NativeMethodAccessorImpl.invoke0(Native Method)
	at java.base/jdk.internal.reflect.NativeMethodAccessorImpl.invoke(NativeMethodAccessorImpl.java:62)
	at java.base/jdk.internal.reflect.DelegatingMethodAccessorImpl.invoke(DelegatingMethodAccessorImpl.java:43)
	at java.base/java.lang.reflect.Method.invoke(Method.java:566)
	at org.junit.runners.model.FrameworkMethod$1.runReflectiveCall(FrameworkMethod.java:59)
	at org.junit.internal.runners.model.ReflectiveCallable.run(ReflectiveCallable.java:12)
	at org.junit.runners.model.FrameworkMethod.invokeExplosively(FrameworkMethod.java:56)
	at org.junit.internal.runners.statements.InvokeMethod.evaluate(InvokeMethod.java:17)
	at org.junit.internal.runners.statements.RunAfters.evaluate(RunAfters.java:27)
	at org.junit.internal.runners.statements.FailOnTimeout$CallableStatement.call(FailOnTimeout.java:299)
	at org.junit.internal.runners.statements.FailOnTimeout$CallableStatement.call(FailOnTimeout.java:293)
	at java.base/java.util.concurrent.FutureTask.run(FutureTask.java:264)
	at java.base/java.lang.Thread.run(Thread.java:829)
</failure>
    <system-out><![CDATA[2023-03-02 05:41:46,108 [main] INFO  util.LogUtils (Slf4jUtils.java:setLogLevel(38)) - Successfully set org.apache.ratis.conf.ConfUtils log level to WARN
2023-03-02 05:41:46,108 [main] INFO  util.LogUtils (Slf4jUtils.java:setLogLevel(38)) - Successfully set org.apache.ratis.util.FileUtils log level to TRACE
2023-03-02 05:41:46,109 [Time-limited test] INFO  impl.MiniRaftCluster (MiniRaftCluster.java:runWithNewCluster(135)) - Running runWithNewCluster
2023-03-02 05:41:46,109 [Time-limited test] INFO  impl.MiniRaftCluster (MiniRaftCluster.java:<init>(306)) - new MiniRaftClusterWithGrpc with group-C181CFA6CA9D:[s0|rpc:localhost:32935|admin:localhost:40111|client:localhost:42477|dataStream:localhost:43463|priority:0|startupRole:FOLLOWER]
2023-03-02 05:41:46,109 [Time-limited test] INFO  impl.MiniRaftCluster (MiniRaftCluster.java:start(339)) - .............................................................. 
2023-03-02 05:41:46,109 [Time-limited test] INFO  impl.MiniRaftCluster (MiniRaftCluster.java:start(340)) - ... 
2023-03-02 05:41:46,110 [Time-limited test] INFO  impl.MiniRaftCluster (MiniRaftCluster.java:start(341)) - ...     Starting MiniRaftClusterWithGrpc
2023-03-02 05:41:46,110 [Time-limited test] INFO  impl.MiniRaftCluster (MiniRaftCluster.java:start(342)) - ... 
2023-03-02 05:41:46,110 [Time-limited test] INFO  impl.MiniRaftCluster (MiniRaftCluster.java:start(343)) - .............................................................. 
2023-03-02 05:41:46,110 [Time-limited test] INFO  impl.MiniRaftCluster (MiniRaftCluster.java:initServers(318)) - servers = {}
2023-03-02 05:41:46,110 [Time-limited test] INFO  impl.MiniRaftCluster (MiniRaftCluster.java:newRaftServer(382)) - newRaftServer: s0, group-C181CFA6CA9D:[s0|rpc:localhost:32935|admin:localhost:40111|client:localhost:42477|dataStream:localhost:43463|priority:0|startupRole:FOLLOWER], format? true
2023-03-02 05:41:46,110 [Time-limited test] TRACE util.FileUtils (FileUtils.java:deleteFully(201)) - deleteFully target/test/data/61ac176a/MiniRaftClusterWithGrpcdeff6051/s0
2023-03-02 05:41:46,110 [Time-limited test] TRACE util.FileUtils (FileUtils.java:deleteFully(217)) - deleteFully: target/test/data/61ac176a/MiniRaftClusterWithGrpcdeff6051/s0 does not exist.
2023-03-02 05:41:46,110 [Time-limited test] INFO  impl.MiniRaftCluster (MiniRaftCluster.java:newRaftServer(387)) - Formatted directory target/test/data/61ac176a/MiniRaftClusterWithGrpcdeff6051/s0
2023-03-02 05:41:46,111 [Time-limited test] INFO  server.RaftServer (ConfUtils.java:logGet(46)) - raft.rpc.type = GRPC (default)
2023-03-02 05:41:46,111 [Time-limited test] INFO  grpc.GrpcConfigKeys (ConfUtils.java:logFallback(53)) - raft.grpc.admin.host = null (fallback to raft.grpc.server.host)
2023-03-02 05:41:46,112 [Time-limited test] INFO  grpc.GrpcConfigKeys (ConfUtils.java:logGet(46)) - raft.grpc.admin.port = 40111 (custom)
2023-03-02 05:41:46,112 [Time-limited test] INFO  grpc.GrpcConfigKeys (ConfUtils.java:logFallback(53)) - raft.grpc.client.host = null (fallback to raft.grpc.server.host)
2023-03-02 05:41:46,112 [Time-limited test] INFO  grpc.GrpcConfigKeys (ConfUtils.java:logGet(46)) - raft.grpc.client.port = 42477 (custom)
2023-03-02 05:41:46,112 [Time-limited test] INFO  grpc.GrpcConfigKeys (ConfUtils.java:logGet(46)) - raft.grpc.server.host = null (default)
2023-03-02 05:41:46,112 [Time-limited test] INFO  grpc.GrpcConfigKeys (ConfUtils.java:logGet(46)) - raft.grpc.server.port = 32935 (custom)
2023-03-02 05:41:46,112 [Time-limited test] INFO  server.GrpcService (ConfUtils.java:logGet(46)) - raft.grpc.message.size.max = 64MB (=67108864) (default)
2023-03-02 05:41:46,112 [Time-limited test] INFO  server.RaftServerConfigKeys (ConfUtils.java:logGet(46)) - raft.server.log.appender.buffer.byte-limit = 4MB (=4194304) (default)
2023-03-02 05:41:46,112 [Time-limited test] INFO  server.GrpcService (ConfUtils.java:logGet(46)) - raft.grpc.flow.control.window = 1MB (=1048576) (default)
2023-03-02 05:41:46,112 [Time-limited test] INFO  server.RaftServerConfigKeys (ConfUtils.java:logGet(46)) - raft.server.rpc.request.timeout = 3000ms (default)
2023-03-02 05:41:46,112 [Time-limited test] INFO  grpc.GrpcConfigKeys (ConfUtils.java:logGet(46)) - raft.grpc.server.heartbeat.channel = false (custom)
2023-03-02 05:41:46,112 [Time-limited test] INFO  grpc.GrpcConfigKeys (ConfUtils.java:logGet(46)) - raft.grpc.server.async.request.thread.pool.cached = true (default)
2023-03-02 05:41:46,112 [Time-limited test] INFO  grpc.GrpcConfigKeys (ConfUtils.java:logGet(46)) - raft.grpc.server.async.request.thread.pool.size = 32 (default)
2023-03-02 05:41:46,113 [Time-limited test] INFO  impl.DataStreamServerImpl (ConfUtils.java:logGet(46)) - raft.datastream.type = DISABLED (default)
2023-03-02 05:41:46,113 [Time-limited test] INFO  server.RaftServerConfigKeys (ConfUtils.java:logGet(46)) - raft.server.threadpool.proxy.cached = true (default)
2023-03-02 05:41:46,113 [Time-limited test] INFO  server.RaftServerConfigKeys (ConfUtils.java:logGet(46)) - raft.server.threadpool.proxy.size = 0 (default)
2023-03-02 05:41:46,114 [Time-limited test] INFO  server.RaftServerConfigKeys (ConfUtils.java:logGet(46)) - raft.server.rpc.slowness.timeout = 60s (default)
2023-03-02 05:41:46,114 [Time-limited test] INFO  server.RaftServerConfigKeys (ConfUtils.java:logGet(46)) - raft.server.leaderelection.leader.step-down.wait-time = 10s (default)
2023-03-02 05:41:46,114 [Time-limited test] INFO  server.RaftServerConfigKeys (ConfUtils.java:logGet(46)) - raft.server.storage.dir = [/home/runner/work/ratis/ratis/ratis-test/target/test/data/61ac176a/MiniRaftClusterWithGrpcdeff6051/s0] (custom)
2023-03-02 05:41:46,114 [Time-limited test] INFO  server.RaftServer (RaftServerProxy.java:addNew(99)) - s0: addNew group-C181CFA6CA9D:[s0|rpc:localhost:32935|admin:localhost:40111|client:localhost:42477|dataStream:localhost:43463|priority:0|startupRole:FOLLOWER] returns group-C181CFA6CA9D:java.util.concurrent.CompletableFuture@3e5c425c[Not completed]
2023-03-02 05:41:46,114 [s0-groupManagement] INFO  server.RaftServerConfigKeys (ConfUtils.java:logGet(46)) - raft.server.log.segment.size.max = 8MB (=8388608) (default)
2023-03-02 05:41:46,115 [s0-groupManagement] INFO  server.RaftServerConfigKeys (ConfUtils.java:logGet(46)) - raft.server.log.preallocated.size = 4MB (=4194304) (default)
2023-03-02 05:41:46,115 [s0-groupManagement] INFO  server.RaftServerConfigKeys (ConfUtils.java:logGet(46)) - raft.server.log.write.buffer.size = 64KB (=65536) (default)
2023-03-02 05:41:46,115 [s0-groupManagement] INFO  server.RaftServer$Division (RaftServerImpl.java:<init>(198)) - s0: new RaftServerImpl for group-C181CFA6CA9D:[s0|rpc:localhost:32935|admin:localhost:40111|client:localhost:42477|dataStream:localhost:43463|priority:0|startupRole:FOLLOWER] with StateMachineWithSeparatedSnapshotPath:uninitialized
2023-03-02 05:41:46,115 [s0-groupManagement] INFO  server.RaftServerConfigKeys (ConfUtils.java:logGet(46)) - raft.server.rpc.timeout.min = 150ms (default)
2023-03-02 05:41:46,115 [s0-groupManagement] INFO  server.RaftServerConfigKeys (ConfUtils.java:logGet(46)) - raft.server.rpc.timeout.max = 300ms (default)
2023-03-02 05:41:46,115 [s0-groupManagement] INFO  server.RaftServerConfigKeys (ConfUtils.java:logGet(46)) - raft.server.rpc.sleep.time = 25ms (default)
2023-03-02 05:41:46,115 [s0-groupManagement] INFO  server.RaftServerConfigKeys (ConfUtils.java:logGet(46)) - raft.server.rpc.slowness.timeout = 60s (default)
2023-03-02 05:41:46,115 [s0-groupManagement] INFO  server.RaftServerConfigKeys (ConfUtils.java:logGet(46)) - raft.server.leaderelection.leader.step-down.wait-time = 10s (default)
2023-03-02 05:41:46,115 [s0-groupManagement] INFO  server.RaftServerConfigKeys (ConfUtils.java:logGet(46)) - raft.server.sleep.deviation.threshold = 300ms (default)
2023-03-02 05:41:46,115 [s0-groupManagement] INFO  server.RaftServer$Division (ServerState.java:<init>(113)) - s0@group-C181CFA6CA9D: ConfigurationManager, init=-1: peers:[s0|rpc:localhost:32935|admin:localhost:40111|client:localhost:42477|dataStream:localhost:43463|priority:0|startupRole:FOLLOWER]|listeners:[], old=null, confs=<EMPTY_MAP>
2023-03-02 05:41:46,115 [s0-groupManagement] INFO  server.RaftServerConfigKeys (ConfUtils.java:logGet(46)) - raft.server.notification.no-leader.timeout = 60s (default)
2023-03-02 05:41:46,115 [s0-groupManagement] INFO  server.RaftServerConfigKeys (ConfUtils.java:logGet(46)) - raft.server.read.timeout = 10s (default)
2023-03-02 05:41:46,115 [s0-groupManagement] INFO  server.RaftServerConfigKeys (ConfUtils.java:logGet(46)) - raft.server.retrycache.expirytime = 60s (default)
2023-03-02 05:41:46,115 [s0-groupManagement] INFO  server.RaftServerConfigKeys (ConfUtils.java:logGet(46)) - raft.server.retrycache.statistics.expirytime = 100μs (default)
2023-03-02 05:41:46,116 [s0-groupManagement] INFO  server.RaftServerConfigKeys (ConfUtils.java:logGet(46)) - raft.server.read.option = DEFAULT (default)
2023-03-02 05:41:46,117 [s0-groupManagement] INFO  server.RaftServerConfigKeys (ConfUtils.java:logGet(46)) - raft.server.log.appender.install.snapshot.enabled = true (default)
2023-03-02 05:41:46,117 [s0-groupManagement] INFO  server.RaftServerConfigKeys (ConfUtils.java:logGet(46)) - raft.server.threadpool.server.cached = true (default)
2023-03-02 05:41:46,117 [s0-groupManagement] INFO  server.RaftServerConfigKeys (ConfUtils.java:logGet(46)) - raft.server.threadpool.server.size = 0 (default)
2023-03-02 05:41:46,117 [s0-groupManagement] INFO  server.RaftServerConfigKeys (ConfUtils.java:logGet(46)) - raft.server.threadpool.client.cached = true (default)
2023-03-02 05:41:46,117 [s0-groupManagement] INFO  server.RaftServerConfigKeys (ConfUtils.java:logGet(46)) - raft.server.threadpool.client.size = 0 (default)
2023-03-02 05:41:46,118 [s0-impl-thread1] INFO  server.RaftServerConfigKeys (ConfUtils.java:logGet(46)) - raft.server.storage.free-space.min = 0MB (=0) (default)
2023-03-02 05:41:46,118 [s0-impl-thread1] INFO  server.RaftServerConfigKeys (ConfUtils.java:logGet(46)) - raft.server.log.corruption.policy = EXCEPTION (default)
2023-03-02 05:41:46,118 [s0-impl-thread1] INFO  server.RaftServerConfigKeys (ConfUtils.java:logGet(46)) - raft.server.storage.dir = [/home/runner/work/ratis/ratis/ratis-test/target/test/data/61ac176a/MiniRaftClusterWithGrpcdeff6051/s0] (custom)
2023-03-02 05:41:46,118 [s0-impl-thread1] INFO  storage.RaftStorageDirectory (RaftStorageDirectoryImpl.java:analyzeStorage(138)) - The storage directory /home/runner/work/ratis/ratis/ratis-test/target/test/data/61ac176a/MiniRaftClusterWithGrpcdeff6051/s0/b37516c4-4270-40a1-a64d-c181cfa6ca9d does not exist. Creating ...
2023-03-02 05:41:46,118 [s0-impl-thread1] TRACE util.FileUtils (LogUtils.java:runAndLog(49)) - Successfully ran Files.createDirectories /home/runner/work/ratis/ratis/ratis-test/target/test/data/61ac176a/MiniRaftClusterWithGrpcdeff6051/s0/b37516c4-4270-40a1-a64d-c181cfa6ca9d
2023-03-02 05:41:46,119 [s0-impl-thread1] INFO  storage.RaftStorageDirectory (RaftStorageDirectoryImpl.java:tryLock(232)) - Lock on /home/runner/work/ratis/ratis/ratis-test/target/test/data/61ac176a/MiniRaftClusterWithGrpcdeff6051/s0/b37516c4-4270-40a1-a64d-c181cfa6ca9d/in_use.lock acquired by nodename 3700@fv-az991-791
2023-03-02 05:41:46,119 [s0-impl-thread1] TRACE util.FileUtils (LogUtils.java:runAndLog(49)) - Successfully ran Files.createDirectories /home/runner/work/ratis/ratis/ratis-test/target/test/data/61ac176a/MiniRaftClusterWithGrpcdeff6051/s0/b37516c4-4270-40a1-a64d-c181cfa6ca9d/current
2023-03-02 05:41:46,119 [s0-impl-thread1] TRACE util.FileUtils (LogUtils.java:runAndLog(49)) - Successfully ran Files.createDirectories /home/runner/work/ratis/ratis/ratis-test/target/test/data/61ac176a/MiniRaftClusterWithGrpcdeff6051/s0/b37516c4-4270-40a1-a64d-c181cfa6ca9d/sm
2023-03-02 05:41:46,120 [s0-impl-thread1] INFO  storage.RaftStorage (RaftStorageImpl.java:format(96)) - Storage directory /home/runner/work/ratis/ratis/ratis-test/target/test/data/61ac176a/MiniRaftClusterWithGrpcdeff6051/s0/b37516c4-4270-40a1-a64d-c181cfa6ca9d has been successfully formatted.
2023-03-02 05:41:46,120 [s0-impl-thread1] INFO  impl.SimpleStateMachine4Testing (SimpleStateMachine4Testing.java:initialize(213)) - Initializing StateMachineWithSeparatedSnapshotPath:uninitialized
2023-03-02 05:41:46,120 [s0-impl-thread1] INFO  impl.SimpleStateMachine4Testing (SimpleStateMachine4Testing.java:loadSnapshot(293)) - Loading snapshot null
2023-03-02 05:41:46,120 [s0-impl-thread1] TRACE util.FileUtils (FileUtils.java:deleteFully(201)) - deleteFully /tmp/ratis-tests/statemachine/s0
2023-03-02 05:41:46,121 [s0-impl-thread1] TRACE util.FileUtils (FileUtils.java:deleteFully(217)) - deleteFully: /tmp/ratis-tests/statemachine/s0 does not exist.
2023-03-02 05:41:46,121 [s0-impl-thread1] INFO  server.RaftServerConfigKeys (ConfUtils.java:logGet(46)) - raft.server.log.use.memory = false (default)
2023-03-02 05:41:46,121 [s0-impl-thread1] INFO  server.RaftServerConfigKeys (ConfUtils.java:logGet(46)) - raft.server.log.purge.gap = 8 (custom)
2023-03-02 05:41:46,121 [s0-impl-thread1] INFO  server.RaftServerConfigKeys (ConfUtils.java:logGet(46)) - raft.server.log.appender.buffer.byte-limit = 4MB (=4194304) (default)
2023-03-02 05:41:46,121 [s0-impl-thread1] INFO  server.RaftServerConfigKeys (ConfUtils.java:logGet(46)) - raft.server.log.statemachine.data.read.timeout = 1000ms (default)
2023-03-02 05:41:46,121 [s0-impl-thread1] INFO  server.RaftServerConfigKeys (ConfUtils.java:logGet(46)) - raft.server.log.purge.preservation.log.num = 0 (default)
2023-03-02 05:41:46,122 [s0-impl-thread1] INFO  server.RaftServerConfigKeys (ConfUtils.java:logGet(46)) - raft.server.log.segment.size.max = 8MB (=8388608) (default)
2023-03-02 05:41:46,122 [s0-impl-thread1] INFO  server.RaftServerConfigKeys (ConfUtils.java:logGet(46)) - raft.server.log.segment.cache.num.max = 6 (default)
2023-03-02 05:41:46,122 [s0-impl-thread1] INFO  server.RaftServerConfigKeys (ConfUtils.java:logGet(46)) - raft.server.log.segment.cache.size.max = 200MB (=209715200) (default)
2023-03-02 05:41:46,122 [s0-impl-thread1] INFO  server.RaftServerConfigKeys (ConfUtils.java:logGet(46)) - raft.server.log.appender.buffer.byte-limit = 4MB (=4194304) (default)
2023-03-02 05:41:46,123 [s0-impl-thread1] INFO  segmented.SegmentedRaftLogWorker (SegmentedRaftLogWorker.java:<init>(183)) - new s0@group-C181CFA6CA9D-SegmentedRaftLogWorker for RaftStorageImpl:Storage Directory /home/runner/work/ratis/ratis/ratis-test/target/test/data/61ac176a/MiniRaftClusterWithGrpcdeff6051/s0/b37516c4-4270-40a1-a64d-c181cfa6ca9d
2023-03-02 05:41:46,123 [s0-impl-thread1] INFO  server.RaftServerConfigKeys (ConfUtils.java:logGet(46)) - raft.server.log.queue.byte-limit = 64MB (=67108864) (default)
2023-03-02 05:41:46,123 [s0-impl-thread1] INFO  server.RaftServerConfigKeys (ConfUtils.java:logGet(46)) - raft.server.log.queue.element-limit = 4096 (default)
2023-03-02 05:41:46,123 [s0-impl-thread1] INFO  server.RaftServerConfigKeys (ConfUtils.java:logGet(46)) - raft.server.log.segment.size.max = 8MB (=8388608) (default)
2023-03-02 05:41:46,123 [s0-impl-thread1] INFO  server.RaftServerConfigKeys (ConfUtils.java:logGet(46)) - raft.server.log.preallocated.size = 4MB (=4194304) (default)
2023-03-02 05:41:46,123 [s0-impl-thread1] INFO  server.RaftServerConfigKeys (ConfUtils.java:logGet(46)) - raft.server.log.force.sync.num = 128 (default)
2023-03-02 05:41:46,123 [s0-impl-thread1] INFO  server.RaftServerConfigKeys (ConfUtils.java:logGet(46)) - raft.server.log.statemachine.data.sync = true (default)
2023-03-02 05:41:46,123 [s0-impl-thread1] INFO  server.RaftServerConfigKeys (ConfUtils.java:logGet(46)) - raft.server.log.statemachine.data.sync.timeout = 10s (default)
2023-03-02 05:41:46,123 [s0-impl-thread1] INFO  server.RaftServerConfigKeys (ConfUtils.java:logGet(46)) - raft.server.log.statemachine.data.sync.timeout.retry = -1 (default)
2023-03-02 05:41:46,123 [s0-impl-thread1] INFO  server.RaftServerConfigKeys (ConfUtils.java:logGet(46)) - raft.server.log.write.buffer.size = 64KB (=65536) (default)
2023-03-02 05:41:46,123 [s0-impl-thread1] INFO  server.RaftServerConfigKeys (ConfUtils.java:logGet(46)) - raft.server.log.appender.buffer.byte-limit = 4MB (=4194304) (default)
2023-03-02 05:41:46,124 [s0-impl-thread1] INFO  server.RaftServerConfigKeys (ConfUtils.java:logGet(46)) - raft.server.log.unsafe-flush.enabled = false (default)
2023-03-02 05:41:46,124 [s0-impl-thread1] INFO  server.RaftServerConfigKeys (ConfUtils.java:logGet(46)) - raft.server.log.async-flush.enabled = false (default)
2023-03-02 05:41:46,124 [s0-impl-thread1] INFO  server.RaftServerConfigKeys (ConfUtils.java:logGet(46)) - raft.server.log.statemachine.data.caching.enabled = false (default)
2023-03-02 05:41:46,124 [s0-impl-thread1] INFO  segmented.SegmentedRaftLogWorker (SegmentedRaftLogWorker.java:lambda$new$0(134)) - s0@group-C181CFA6CA9D-SegmentedRaftLogWorker: flushIndex: setUnconditionally 0 -> -1
2023-03-02 05:41:46,124 [s0-impl-thread1] INFO  segmented.SegmentedRaftLogWorker (SegmentedRaftLogWorker.java:lambda$new$0(134)) - s0@group-C181CFA6CA9D-SegmentedRaftLogWorker: safeCacheEvictIndex: setUnconditionally 0 -> -1
2023-03-02 05:41:46,132 [s0-impl-thread1] INFO  server.RaftServer$Division (RaftServerImpl.java:start(342)) - s0@group-C181CFA6CA9D: start as a follower, conf=-1: peers:[s0|rpc:localhost:32935|admin:localhost:40111|client:localhost:42477|dataStream:localhost:43463|priority:0|startupRole:FOLLOWER]|listeners:[], old=null
2023-03-02 05:41:46,132 [s0-impl-thread1] INFO  server.RaftServer$Division (RaftServerImpl.java:setRole(329)) - s0@group-C181CFA6CA9D: changes role from      null to FOLLOWER at term 0 for startAsFollower
2023-03-02 05:41:46,132 [s0-impl-thread1] INFO  impl.RoleInfo (RoleInfo.java:updateAndGet(139)) - s0: start s0@group-C181CFA6CA9D-FollowerState
2023-03-02 05:41:46,133 [s0-impl-thread1] INFO  util.JmxRegister (JmxRegister.java:tryRegister(44)) - Successfully registered JMX Bean with object name Ratis:service=RaftServer,group=group-C181CFA6CA9D,id=s0
2023-03-02 05:41:46,133 [s0-impl-thread1] INFO  server.RaftServerConfigKeys (ConfUtils.java:logGet(46)) - raft.server.snapshot.auto.trigger.enabled = true (custom)
2023-03-02 05:41:46,133 [s0-impl-thread1] INFO  server.RaftServerConfigKeys (ConfUtils.java:logGet(46)) - raft.server.snapshot.auto.trigger.threshold = 64 (custom)
2023-03-02 05:41:46,133 [s0-impl-thread1] INFO  server.RaftServerConfigKeys (ConfUtils.java:logGet(46)) - raft.server.snapshot.retention.file.num = -1 (default)
2023-03-02 05:41:46,133 [s0-impl-thread1] INFO  server.RaftServerConfigKeys (ConfUtils.java:logGet(46)) - raft.server.log.purge.upto.snapshot.index = false (default)
2023-03-02 05:41:46,134 [s0@group-C181CFA6CA9D-FollowerState] INFO  server.RaftServerConfigKeys (ConfUtils.java:logFallback(53)) - raft.server.rpc.first-election.timeout.min = 150ms (fallback to raft.server.rpc.timeout.min)
2023-03-02 05:41:46,134 [s0@group-C181CFA6CA9D-FollowerState] INFO  server.RaftServerConfigKeys (ConfUtils.java:logFallback(53)) - raft.server.rpc.first-election.timeout.max = 300ms (fallback to raft.server.rpc.timeout.max)
2023-03-02 05:41:46,134 [Time-limited test] INFO  server.RaftServer (RaftServerProxy.java:startImpl(401)) - s0: start RPC server
2023-03-02 05:41:46,137 [Time-limited test] INFO  server.GrpcService (GrpcService.java:startImpl(302)) - s0: GrpcService started, listening on 42477
2023-03-02 05:41:46,138 [Time-limited test] INFO  server.GrpcService (GrpcService.java:startImpl(302)) - s0: GrpcService started, listening on 32935
2023-03-02 05:41:46,139 [Time-limited test] INFO  server.GrpcService (GrpcService.java:startImpl(302)) - s0: GrpcService started, listening on 40111
2023-03-02 05:41:46,139 [JvmPauseMonitor3] INFO  util.JvmPauseMonitor (JvmPauseMonitor.java:run(103)) - JvmPauseMonitor-s0: Started
2023-03-02 05:41:46,139 [Time-limited test] INFO  server.RaftServerConfigKeys (ConfUtils.java:logGet(46)) - raft.server.rpc.timeout.max = 300ms (default)
2023-03-02 05:41:46,139 [Time-limited test] INFO  ratis.RaftTestUtil (RaftTestUtil.java:waitForLeader(100)) - printing ALL groups
  s0:  RUNNING  FOLLOWER s0@group-C181CFA6CA9D:t0, leader=null, voted=, raftlog=Memoized:s0@group-C181CFA6CA9D-SegmentedRaftLog:OPENED:c-1, conf=-1: peers:[s0|rpc:localhost:32935|admin:localhost:40111|client:localhost:42477|dataStream:localhost:43463|priority:0|startupRole:FOLLOWER]|listeners:[], old=null RUNNING
2023-03-02 05:41:46,139 [Time-limited test] WARN  ratis.RaftTestUtil (JavaUtils.java:attempt(217)) - FAILED "waitForLeader-null-(expectLeader? true)", attempt #1/100: java.lang.IllegalStateException: No leader yet : printing ALL groups
  s0:  RUNNING  FOLLOWER s0@group-C181CFA6CA9D:t0, leader=null, voted=, raftlog=Memoized:s0@group-C181CFA6CA9D-SegmentedRaftLog:OPENED:c-1, conf=-1: peers:[s0|rpc:localhost:32935|admin:localhost:40111|client:localhost:42477|dataStream:localhost:43463|priority:0|startupRole:FOLLOWER]|listeners:[], old=null RUNNING, sleep 450ms and then retry.
java.lang.IllegalStateException: No leader yet : printing ALL groups
  s0:  RUNNING  FOLLOWER s0@group-C181CFA6CA9D:t0, leader=null, voted=, raftlog=Memoized:s0@group-C181CFA6CA9D-SegmentedRaftLog:OPENED:c-1, conf=-1: peers:[s0|rpc:localhost:32935|admin:localhost:40111|client:localhost:42477|dataStream:localhost:43463|priority:0|startupRole:FOLLOWER]|listeners:[], old=null RUNNING
	at org.apache.ratis.server.impl.MiniRaftCluster.newIllegalStateExceptionForNoLeaders(MiniRaftCluster.java:581)
	at org.apache.ratis.RaftTestUtil.lambda$waitForLeader$1(RaftTestUtil.java:104)
	at org.apache.ratis.server.impl.MiniRaftCluster.getLeader(MiniRaftCluster.java:615)
	at org.apache.ratis.server.impl.MiniRaftCluster.getLeader(MiniRaftCluster.java:608)
	at org.apache.ratis.RaftTestUtil.lambda$waitForLeader$3(RaftTestUtil.java:112)
	at org.apache.ratis.util.JavaUtils.attempt(JavaUtils.java:211)
	at org.apache.ratis.util.JavaUtils.attemptRepeatedly(JavaUtils.java:197)
	at org.apache.ratis.RaftTestUtil.waitForLeader(RaftTestUtil.java:111)
	at org.apache.ratis.RaftTestUtil.waitForLeader(RaftTestUtil.java:92)
	at org.apache.ratis.RaftTestUtil.waitForLeader(RaftTestUtil.java:87)
	at org.apache.ratis.InstallSnapshotFromLeaderTests.testMultiFileInstallSnapshot(InstallSnapshotFromLeaderTests.java:92)
	at org.apache.ratis.server.impl.MiniRaftCluster$Factory$Get.runWithNewCluster(MiniRaftCluster.java:141)
	at org.apache.ratis.server.impl.MiniRaftCluster$Factory$Get.runWithNewCluster(MiniRaftCluster.java:121)
	at org.apache.ratis.InstallSnapshotFromLeaderTests.testSeparateSnapshotInstallPath(InstallSnapshotFromLeaderTests.java:86)
	at java.base/jdk.internal.reflect.NativeMethodAccessorImpl.invoke0(Native Method)
	at java.base/jdk.internal.reflect.NativeMethodAccessorImpl.invoke(NativeMethodAccessorImpl.java:62)
	at java.base/jdk.internal.reflect.DelegatingMethodAccessorImpl.invoke(DelegatingMethodAccessorImpl.java:43)
	at java.base/java.lang.reflect.Method.invoke(Method.java:566)
	at org.junit.runners.model.FrameworkMethod$1.runReflectiveCall(FrameworkMethod.java:59)
	at org.junit.internal.runners.model.ReflectiveCallable.run(ReflectiveCallable.java:12)
	at org.junit.runners.model.FrameworkMethod.invokeExplosively(FrameworkMethod.java:56)
	at org.junit.internal.runners.statements.InvokeMethod.evaluate(InvokeMethod.java:17)
	at org.junit.internal.runners.statements.RunAfters.evaluate(RunAfters.java:27)
	at org.junit.internal.runners.statements.FailOnTimeout$CallableStatement.call(FailOnTimeout.java:299)
	at org.junit.internal.runners.statements.FailOnTimeout$CallableStatement.call(FailOnTimeout.java:293)
	at java.base/java.util.concurrent.FutureTask.run(FutureTask.java:264)
	at java.base/java.lang.Thread.run(Thread.java:829)
2023-03-02 05:41:46,311 [s0@group-C181CFA6CA9D-FollowerState] INFO  impl.FollowerState (FollowerState.java:run(143)) - s0@group-C181CFA6CA9D-FollowerState: change to CANDIDATE, lastRpcElapsedTime:178554714ns, electionTimeout:177ms
2023-03-02 05:41:46,311 [s0@group-C181CFA6CA9D-FollowerState] INFO  impl.RoleInfo (RoleInfo.java:shutdownFollowerState(110)) - s0: shutdown s0@group-C181CFA6CA9D-FollowerState
2023-03-02 05:41:46,311 [s0@group-C181CFA6CA9D-FollowerState] INFO  server.RaftServer$Division (RaftServerImpl.java:setRole(329)) - s0@group-C181CFA6CA9D: changes role from  FOLLOWER to CANDIDATE at term 0 for changeToCandidate
2023-03-02 05:41:46,311 [s0@group-C181CFA6CA9D-FollowerState] INFO  server.RaftServerConfigKeys (ConfUtils.java:logGet(46)) - raft.server.leaderelection.pre-vote = true (default)
2023-03-02 05:41:46,311 [s0@group-C181CFA6CA9D-FollowerState] INFO  impl.RoleInfo (RoleInfo.java:updateAndGet(139)) - s0: start s0@group-C181CFA6CA9D-LeaderElection2
2023-03-02 05:41:46,312 [s0@group-C181CFA6CA9D-LeaderElection2] INFO  impl.LeaderElection (LeaderElection.java:askForVotes(309)) - s0@group-C181CFA6CA9D-LeaderElection2 PRE_VOTE round 0: submit vote requests at term 0 for -1: peers:[s0|rpc:localhost:32935|admin:localhost:40111|client:localhost:42477|dataStream:localhost:43463|priority:0|startupRole:FOLLOWER]|listeners:[], old=null
2023-03-02 05:41:46,312 [s0@group-C181CFA6CA9D-LeaderElection2] INFO  impl.LeaderElection (LeaderElection.java:askForVotes(311)) - s0@group-C181CFA6CA9D-LeaderElection2 PRE_VOTE round 0: result PASSED (term=0)
2023-03-02 05:41:46,313 [s0@group-C181CFA6CA9D-LeaderElection2] INFO  impl.LeaderElection (LeaderElection.java:askForVotes(309)) - s0@group-C181CFA6CA9D-LeaderElection2 ELECTION round 0: submit vote requests at term 1 for -1: peers:[s0|rpc:localhost:32935|admin:localhost:40111|client:localhost:42477|dataStream:localhost:43463|priority:0|startupRole:FOLLOWER]|listeners:[], old=null
2023-03-02 05:41:46,313 [s0@group-C181CFA6CA9D-LeaderElection2] INFO  impl.LeaderElection (LeaderElection.java:askForVotes(311)) - s0@group-C181CFA6CA9D-LeaderElection2 ELECTION round 0: result PASSED (term=1)
2023-03-02 05:41:46,313 [s0@group-C181CFA6CA9D-LeaderElection2] INFO  impl.RoleInfo (RoleInfo.java:shutdownLeaderElection(130)) - s0: shutdown s0@group-C181CFA6CA9D-LeaderElection2
2023-03-02 05:41:46,313 [s0@group-C181CFA6CA9D-LeaderElection2] INFO  server.RaftServer$Division (RaftServerImpl.java:setRole(329)) - s0@group-C181CFA6CA9D: changes role from CANDIDATE to LEADER at term 1 for changeToLeader
2023-03-02 05:41:46,313 [s0@group-C181CFA6CA9D-LeaderElection2] INFO  server.RaftServer$Division (ServerState.java:setLeader(260)) - s0@group-C181CFA6CA9D: change Leader from null to s0 at term 1 for becomeLeader, leader elected after 198ms
2023-03-02 05:41:46,313 [s0@group-C181CFA6CA9D-LeaderElection2] INFO  server.RaftServerConfigKeys (ConfUtils.java:logGet(46)) - raft.server.staging.catchup.gap = 1000 (default)
2023-03-02 05:41:46,313 [s0@group-C181CFA6CA9D-LeaderElection2] INFO  server.RaftServerConfigKeys (ConfUtils.java:logGet(46)) - raft.server.write.element-limit = 4096 (default)
2023-03-02 05:41:46,313 [s0@group-C181CFA6CA9D-LeaderElection2] INFO  server.RaftServerConfigKeys (ConfUtils.java:logGet(46)) - raft.server.write.byte-limit = 64MB (=67108864) (default)
2023-03-02 05:41:46,314 [s0@group-C181CFA6CA9D-LeaderElection2] INFO  server.RaftServerConfigKeys (ConfUtils.java:logGet(46)) - raft.server.watch.timeout = 10s (default)
2023-03-02 05:41:46,314 [s0@group-C181CFA6CA9D-LeaderElection2] INFO  server.RaftServerConfigKeys (ConfUtils.java:logGet(46)) - raft.server.watch.timeout.denomination = 1s (default)
2023-03-02 05:41:46,314 [s0@group-C181CFA6CA9D-LeaderElection2] INFO  server.RaftServerConfigKeys (ConfUtils.java:logGet(46)) - raft.server.watch.element-limit = 65536 (default)
2023-03-02 05:41:46,315 [s0@group-C181CFA6CA9D-LeaderElection2] INFO  server.RaftServerConfigKeys (ConfUtils.java:logGet(46)) - raft.server.write.element-limit = 4096 (default)
2023-03-02 05:41:46,315 [s0@group-C181CFA6CA9D-LeaderElection2] INFO  server.RaftServerConfigKeys (ConfUtils.java:logGet(46)) - raft.server.write.follower.gap.ratio.max = -1.0 (default)
2023-03-02 05:41:46,315 [s0@group-C181CFA6CA9D-LeaderElection2] INFO  impl.RoleInfo (RoleInfo.java:updateAndGet(139)) - s0: start s0@group-C181CFA6CA9D-LeaderStateImpl
2023-03-02 05:41:46,315 [s0@group-C181CFA6CA9D-LeaderElection2] INFO  segmented.SegmentedRaftLogWorker (SegmentedRaftLogWorker.java:startLogSegment(426)) - s0@group-C181CFA6CA9D-SegmentedRaftLogWorker: Starting segment from index:0
2023-03-02 05:41:46,318 [s0@group-C181CFA6CA9D-LeaderElection2] INFO  server.RaftServer$Division (ServerState.java:setRaftConf(378)) - s0@group-C181CFA6CA9D: set configuration 0: peers:[s0|rpc:localhost:32935|admin:localhost:40111|client:localhost:42477|dataStream:localhost:43463|priority:0|startupRole:FOLLOWER]|listeners:[], old=null
2023-03-02 05:41:46,323 [s0@group-C181CFA6CA9D-SegmentedRaftLogWorker] INFO  segmented.SegmentedRaftLogWorker (SegmentedRaftLogWorker.java:execute(630)) - s0@group-C181CFA6CA9D-SegmentedRaftLogWorker: created new log segment /home/runner/work/ratis/ratis/ratis-test/target/test/data/61ac176a/MiniRaftClusterWithGrpcdeff6051/s0/b37516c4-4270-40a1-a64d-c181cfa6ca9d/current/log_inprogress_0
2023-03-02 05:41:46,590 [Time-limited test] INFO  ratis.RaftTestUtil (RaftTestUtil.java:waitForLeader(119)) - printing ALL groups
  s0:  RUNNING    LEADER s0@group-C181CFA6CA9D:t1, leader=s0, voted=s0, raftlog=Memoized:s0@group-C181CFA6CA9D-SegmentedRaftLog:OPENED:c0, conf=0: peers:[s0|rpc:localhost:32935|admin:localhost:40111|client:localhost:42477|dataStream:localhost:43463|priority:0|startupRole:FOLLOWER]|listeners:[], old=null RUNNING
2023-03-02 05:41:46,598 [s0@group-C181CFA6CA9D-StateMachineUpdater] INFO  impl.SimpleStateMachine4Testing (SimpleStateMachine4Testing.java:put(205)) - s0: put 1, m0 -> (t:1, i:1), STATEMACHINELOGENTRY, 129@client-C016D7B4C321
2023-03-02 05:41:46,607 [s0@group-C181CFA6CA9D-StateMachineUpdater] INFO  impl.SimpleStateMachine4Testing (SimpleStateMachine4Testing.java:put(205)) - s0: put 3, m1 -> (t:1, i:3), STATEMACHINELOGENTRY, 130@client-C016D7B4C321
2023-03-02 05:41:46,611 [s0@group-C181CFA6CA9D-StateMachineUpdater] INFO  impl.SimpleStateMachine4Testing (SimpleStateMachine4Testing.java:put(205)) - s0: put 5, m2 -> (t:1, i:5), STATEMACHINELOGENTRY, 131@client-C016D7B4C321
2023-03-02 05:41:46,614 [s0@group-C181CFA6CA9D-StateMachineUpdater] INFO  impl.SimpleStateMachine4Testing (SimpleStateMachine4Testing.java:put(205)) - s0: put 7, m3 -> (t:1, i:7), STATEMACHINELOGENTRY, 132@client-C016D7B4C321
2023-03-02 05:41:46,619 [s0@group-C181CFA6CA9D-StateMachineUpdater] INFO  impl.SimpleStateMachine4Testing (SimpleStateMachine4Testing.java:put(205)) - s0: put 9, m4 -> (t:1, i:9), STATEMACHINELOGENTRY, 133@client-C016D7B4C321
2023-03-02 05:41:46,623 [s0@group-C181CFA6CA9D-StateMachineUpdater] INFO  impl.SimpleStateMachine4Testing (SimpleStateMachine4Testing.java:put(205)) - s0: put 11, m5 -> (t:1, i:11), STATEMACHINELOGENTRY, 134@client-C016D7B4C321
2023-03-02 05:41:46,627 [s0@group-C181CFA6CA9D-StateMachineUpdater] INFO  impl.SimpleStateMachine4Testing (SimpleStateMachine4Testing.java:put(205)) - s0: put 13, m6 -> (t:1, i:13), STATEMACHINELOGENTRY, 135@client-C016D7B4C321
2023-03-02 05:41:46,630 [s0@group-C181CFA6CA9D-StateMachineUpdater] INFO  impl.SimpleStateMachine4Testing (SimpleStateMachine4Testing.java:put(205)) - s0: put 15, m7 -> (t:1, i:15), STATEMACHINELOGENTRY, 136@client-C016D7B4C321
2023-03-02 05:41:46,633 [s0@group-C181CFA6CA9D-StateMachineUpdater] INFO  impl.SimpleStateMachine4Testing (SimpleStateMachine4Testing.java:put(205)) - s0: put 17, m8 -> (t:1, i:17), STATEMACHINELOGENTRY, 137@client-C016D7B4C321
2023-03-02 05:41:46,637 [s0@group-C181CFA6CA9D-StateMachineUpdater] INFO  impl.SimpleStateMachine4Testing (SimpleStateMachine4Testing.java:put(205)) - s0: put 19, m9 -> (t:1, i:19), STATEMACHINELOGENTRY, 138@client-C016D7B4C321
2023-03-02 05:41:46,641 [s0@group-C181CFA6CA9D-StateMachineUpdater] INFO  impl.SimpleStateMachine4Testing (SimpleStateMachine4Testing.java:put(205)) - s0: put 21, m10 -> (t:1, i:21), STATEMACHINELOGENTRY, 139@client-C016D7B4C321
2023-03-02 05:41:46,644 [s0@group-C181CFA6CA9D-StateMachineUpdater] INFO  impl.SimpleStateMachine4Testing (SimpleStateMachine4Testing.java:put(205)) - s0: put 23, m11 -> (t:1, i:23), STATEMACHINELOGENTRY, 140@client-C016D7B4C321
2023-03-02 05:41:46,647 [s0@group-C181CFA6CA9D-StateMachineUpdater] INFO  impl.SimpleStateMachine4Testing (SimpleStateMachine4Testing.java:put(205)) - s0: put 25, m12 -> (t:1, i:25), STATEMACHINELOGENTRY, 141@client-C016D7B4C321
2023-03-02 05:41:46,650 [s0@group-C181CFA6CA9D-StateMachineUpdater] INFO  impl.SimpleStateMachine4Testing (SimpleStateMachine4Testing.java:put(205)) - s0: put 27, m13 -> (t:1, i:27), STATEMACHINELOGENTRY, 142@client-C016D7B4C321
2023-03-02 05:41:46,656 [s0@group-C181CFA6CA9D-StateMachineUpdater] INFO  impl.SimpleStateMachine4Testing (SimpleStateMachine4Testing.java:put(205)) - s0: put 29, m14 -> (t:1, i:29), STATEMACHINELOGENTRY, 143@client-C016D7B4C321
2023-03-02 05:41:46,659 [s0@group-C181CFA6CA9D-StateMachineUpdater] INFO  impl.SimpleStateMachine4Testing (SimpleStateMachine4Testing.java:put(205)) - s0: put 31, m15 -> (t:1, i:31), STATEMACHINELOGENTRY, 144@client-C016D7B4C321
2023-03-02 05:41:46,662 [s0@group-C181CFA6CA9D-StateMachineUpdater] INFO  impl.SimpleStateMachine4Testing (SimpleStateMachine4Testing.java:put(205)) - s0: put 33, m16 -> (t:1, i:33), STATEMACHINELOGENTRY, 145@client-C016D7B4C321
2023-03-02 05:41:46,666 [s0@group-C181CFA6CA9D-StateMachineUpdater] INFO  impl.SimpleStateMachine4Testing (SimpleStateMachine4Testing.java:put(205)) - s0: put 35, m17 -> (t:1, i:35), STATEMACHINELOGENTRY, 146@client-C016D7B4C321
2023-03-02 05:41:46,672 [s0@group-C181CFA6CA9D-StateMachineUpdater] INFO  impl.SimpleStateMachine4Testing (SimpleStateMachine4Testing.java:put(205)) - s0: put 37, m18 -> (t:1, i:37), STATEMACHINELOGENTRY, 147@client-C016D7B4C321
2023-03-02 05:41:46,674 [s0@group-C181CFA6CA9D-StateMachineUpdater] INFO  impl.SimpleStateMachine4Testing (SimpleStateMachine4Testing.java:put(205)) - s0: put 39, m19 -> (t:1, i:39), STATEMACHINELOGENTRY, 148@client-C016D7B4C321
2023-03-02 05:41:46,677 [s0@group-C181CFA6CA9D-StateMachineUpdater] INFO  impl.SimpleStateMachine4Testing (SimpleStateMachine4Testing.java:put(205)) - s0: put 41, m20 -> (t:1, i:41), STATEMACHINELOGENTRY, 149@client-C016D7B4C321
2023-03-02 05:41:46,680 [s0@group-C181CFA6CA9D-StateMachineUpdater] INFO  impl.SimpleStateMachine4Testing (SimpleStateMachine4Testing.java:put(205)) - s0: put 43, m21 -> (t:1, i:43), STATEMACHINELOGENTRY, 150@client-C016D7B4C321
2023-03-02 05:41:46,682 [s0@group-C181CFA6CA9D-StateMachineUpdater] INFO  impl.SimpleStateMachine4Testing (SimpleStateMachine4Testing.java:put(205)) - s0: put 45, m22 -> (t:1, i:45), STATEMACHINELOGENTRY, 151@client-C016D7B4C321
2023-03-02 05:41:46,685 [s0@group-C181CFA6CA9D-StateMachineUpdater] INFO  impl.SimpleStateMachine4Testing (SimpleStateMachine4Testing.java:put(205)) - s0: put 47, m23 -> (t:1, i:47), STATEMACHINELOGENTRY, 152@client-C016D7B4C321
2023-03-02 05:41:46,688 [s0@group-C181CFA6CA9D-StateMachineUpdater] INFO  impl.SimpleStateMachine4Testing (SimpleStateMachine4Testing.java:put(205)) - s0: put 49, m24 -> (t:1, i:49), STATEMACHINELOGENTRY, 153@client-C016D7B4C321
2023-03-02 05:41:46,697 [s0@group-C181CFA6CA9D-StateMachineUpdater] INFO  impl.SimpleStateMachine4Testing (SimpleStateMachine4Testing.java:put(205)) - s0: put 51, m25 -> (t:1, i:51), STATEMACHINELOGENTRY, 154@client-C016D7B4C321
2023-03-02 05:41:46,699 [s0@group-C181CFA6CA9D-StateMachineUpdater] INFO  impl.SimpleStateMachine4Testing (SimpleStateMachine4Testing.java:put(205)) - s0: put 53, m26 -> (t:1, i:53), STATEMACHINELOGENTRY, 155@client-C016D7B4C321
2023-03-02 05:41:46,702 [s0@group-C181CFA6CA9D-StateMachineUpdater] INFO  impl.SimpleStateMachine4Testing (SimpleStateMachine4Testing.java:put(205)) - s0: put 55, m27 -> (t:1, i:55), STATEMACHINELOGENTRY, 156@client-C016D7B4C321
2023-03-02 05:41:46,704 [s0@group-C181CFA6CA9D-StateMachineUpdater] INFO  impl.SimpleStateMachine4Testing (SimpleStateMachine4Testing.java:put(205)) - s0: put 57, m28 -> (t:1, i:57), STATEMACHINELOGENTRY, 157@client-C016D7B4C321
2023-03-02 05:41:46,707 [s0@group-C181CFA6CA9D-StateMachineUpdater] INFO  impl.SimpleStateMachine4Testing (SimpleStateMachine4Testing.java:put(205)) - s0: put 59, m29 -> (t:1, i:59), STATEMACHINELOGENTRY, 158@client-C016D7B4C321
2023-03-02 05:41:46,709 [s0@group-C181CFA6CA9D-StateMachineUpdater] INFO  impl.SimpleStateMachine4Testing (SimpleStateMachine4Testing.java:put(205)) - s0: put 61, m30 -> (t:1, i:61), STATEMACHINELOGENTRY, 159@client-C016D7B4C321
2023-03-02 05:41:46,712 [s0@group-C181CFA6CA9D-StateMachineUpdater] INFO  impl.SimpleStateMachine4Testing (SimpleStateMachine4Testing.java:put(205)) - s0: put 63, m31 -> (t:1, i:63), STATEMACHINELOGENTRY, 160@client-C016D7B4C321
2023-03-02 05:41:46,712 [s0@group-C181CFA6CA9D-StateMachineUpdater] TRACE util.FileUtils (FileUtils.java:deleteFully(201)) - deleteFully /tmp/ratis-tests/statemachine/s0/snapshot/1_63
2023-03-02 05:41:46,712 [s0@group-C181CFA6CA9D-StateMachineUpdater] TRACE util.FileUtils (FileUtils.java:deleteFully(217)) - deleteFully: /tmp/ratis-tests/statemachine/s0/snapshot/1_63 does not exist.
2023-03-02 05:41:46,712 [s0@group-C181CFA6CA9D-StateMachineUpdater] TRACE util.FileUtils (FileUtils.java:deleteFully(201)) - deleteFully /tmp/ratis-tests/statemachine/s0/tmp/33dfd62f-b118-4672-ab2f-539fe96f533a
2023-03-02 05:41:46,712 [s0@group-C181CFA6CA9D-StateMachineUpdater] TRACE util.FileUtils (FileUtils.java:deleteFully(217)) - deleteFully: /tmp/ratis-tests/statemachine/s0/tmp/33dfd62f-b118-4672-ab2f-539fe96f533a does not exist.
2023-03-02 05:41:46,712 [s0@group-C181CFA6CA9D-StateMachineUpdater] TRACE util.FileUtils (LogUtils.java:runAndLog(49)) - Successfully ran Atomic Files.move /tmp/ratis-tests/statemachine/s0/tmp/33dfd62f-b118-4672-ab2f-539fe96f533a to /tmp/ratis-tests/statemachine/s0/snapshot/1_63
2023-03-02 05:41:46,712 [s0@group-C181CFA6CA9D-StateMachineUpdater] INFO  impl.StateMachineUpdater (StateMachineUpdater.java:takeSnapshot(290)) - s0@group-C181CFA6CA9D-StateMachineUpdater: Took a snapshot at index 63
2023-03-02 05:41:46,712 [s0@group-C181CFA6CA9D-StateMachineUpdater] INFO  impl.StateMachineUpdater (StateMachineUpdater.java:lambda$new$0(96)) - s0@group-C181CFA6CA9D-StateMachineUpdater: snapshotIndex: updateIncreasingly -1 -> 63
2023-03-02 05:41:46,713 [s0@group-C181CFA6CA9D-StateMachineUpdater] INFO  raftlog.RaftLog (RaftLogBase.java:purge(314)) - s0@group-C181CFA6CA9D-SegmentedRaftLog: purge 63
2023-03-02 05:41:46,713 [s0@group-C181CFA6CA9D-StateMachineUpdater] INFO  raftlog.RaftLog (RaftLogBase.java:lambda$new$0(53)) - s0@group-C181CFA6CA9D-SegmentedRaftLog: snapshotIndex: updateIncreasingly -1 -> 63
2023-03-02 05:41:46,713 [s0@group-C181CFA6CA9D-StateMachineUpdater] INFO  raftlog.RaftLog (RaftLogBase.java:lambda$new$0(53)) - s0@group-C181CFA6CA9D-SegmentedRaftLog: purgeIndex: updateToMax old=-1, new=63, updated? true
2023-03-02 05:41:46,715 [s0@group-C181CFA6CA9D-StateMachineUpdater] INFO  impl.SimpleStateMachine4Testing (SimpleStateMachine4Testing.java:put(205)) - s0: put 65, m32 -> (t:1, i:65), STATEMACHINELOGENTRY, 161@client-C016D7B4C321
2023-03-02 05:41:46,718 [s0@group-C181CFA6CA9D-StateMachineUpdater] INFO  impl.SimpleStateMachine4Testing (SimpleStateMachine4Testing.java:put(205)) - s0: put 67, m33 -> (t:1, i:67), STATEMACHINELOGENTRY, 162@client-C016D7B4C321
2023-03-02 05:41:46,721 [s0@group-C181CFA6CA9D-StateMachineUpdater] INFO  impl.SimpleStateMachine4Testing (SimpleStateMachine4Testing.java:put(205)) - s0: put 69, m34 -> (t:1, i:69), STATEMACHINELOGENTRY, 163@client-C016D7B4C321
2023-03-02 05:41:46,723 [s0@group-C181CFA6CA9D-StateMachineUpdater] INFO  impl.SimpleStateMachine4Testing (SimpleStateMachine4Testing.java:put(205)) - s0: put 71, m35 -> (t:1, i:71), STATEMACHINELOGENTRY, 164@client-C016D7B4C321
2023-03-02 05:41:46,727 [s0@group-C181CFA6CA9D-StateMachineUpdater] INFO  impl.SimpleStateMachine4Testing (SimpleStateMachine4Testing.java:put(205)) - s0: put 73, m36 -> (t:1, i:73), STATEMACHINELOGENTRY, 165@client-C016D7B4C321
2023-03-02 05:41:46,732 [s0@group-C181CFA6CA9D-StateMachineUpdater] INFO  impl.SimpleStateMachine4Testing (SimpleStateMachine4Testing.java:put(205)) - s0: put 75, m37 -> (t:1, i:75), STATEMACHINELOGENTRY, 166@client-C016D7B4C321
2023-03-02 05:41:46,734 [s0@group-C181CFA6CA9D-StateMachineUpdater] INFO  impl.SimpleStateMachine4Testing (SimpleStateMachine4Testing.java:put(205)) - s0: put 77, m38 -> (t:1, i:77), STATEMACHINELOGENTRY, 167@client-C016D7B4C321
2023-03-02 05:41:46,737 [s0@group-C181CFA6CA9D-StateMachineUpdater] INFO  impl.SimpleStateMachine4Testing (SimpleStateMachine4Testing.java:put(205)) - s0: put 79, m39 -> (t:1, i:79), STATEMACHINELOGENTRY, 168@client-C016D7B4C321
2023-03-02 05:41:46,740 [s0@group-C181CFA6CA9D-StateMachineUpdater] INFO  impl.SimpleStateMachine4Testing (SimpleStateMachine4Testing.java:put(205)) - s0: put 81, m40 -> (t:1, i:81), STATEMACHINELOGENTRY, 169@client-C016D7B4C321
2023-03-02 05:41:46,742 [s0@group-C181CFA6CA9D-StateMachineUpdater] INFO  impl.SimpleStateMachine4Testing (SimpleStateMachine4Testing.java:put(205)) - s0: put 83, m41 -> (t:1, i:83), STATEMACHINELOGENTRY, 170@client-C016D7B4C321
2023-03-02 05:41:46,745 [s0@group-C181CFA6CA9D-StateMachineUpdater] INFO  impl.SimpleStateMachine4Testing (SimpleStateMachine4Testing.java:put(205)) - s0: put 85, m42 -> (t:1, i:85), STATEMACHINELOGENTRY, 171@client-C016D7B4C321
2023-03-02 05:41:46,748 [s0@group-C181CFA6CA9D-StateMachineUpdater] INFO  impl.SimpleStateMachine4Testing (SimpleStateMachine4Testing.java:put(205)) - s0: put 87, m43 -> (t:1, i:87), STATEMACHINELOGENTRY, 172@client-C016D7B4C321
2023-03-02 05:41:46,750 [s0@group-C181CFA6CA9D-StateMachineUpdater] INFO  impl.SimpleStateMachine4Testing (SimpleStateMachine4Testing.java:put(205)) - s0: put 89, m44 -> (t:1, i:89), STATEMACHINELOGENTRY, 173@client-C016D7B4C321
2023-03-02 05:41:46,753 [s0@group-C181CFA6CA9D-StateMachineUpdater] INFO  impl.SimpleStateMachine4Testing (SimpleStateMachine4Testing.java:put(205)) - s0: put 91, m45 -> (t:1, i:91), STATEMACHINELOGENTRY, 174@client-C016D7B4C321
2023-03-02 05:41:46,756 [s0@group-C181CFA6CA9D-StateMachineUpdater] INFO  impl.SimpleStateMachine4Testing (SimpleStateMachine4Testing.java:put(205)) - s0: put 93, m46 -> (t:1, i:93), STATEMACHINELOGENTRY, 175@client-C016D7B4C321
2023-03-02 05:41:46,758 [s0@group-C181CFA6CA9D-StateMachineUpdater] INFO  impl.SimpleStateMachine4Testing (SimpleStateMachine4Testing.java:put(205)) - s0: put 95, m47 -> (t:1, i:95), STATEMACHINELOGENTRY, 176@client-C016D7B4C321
2023-03-02 05:41:46,761 [s0@group-C181CFA6CA9D-StateMachineUpdater] INFO  impl.SimpleStateMachine4Testing (SimpleStateMachine4Testing.java:put(205)) - s0: put 97, m48 -> (t:1, i:97), STATEMACHINELOGENTRY, 177@client-C016D7B4C321
2023-03-02 05:41:46,763 [s0@group-C181CFA6CA9D-StateMachineUpdater] INFO  impl.SimpleStateMachine4Testing (SimpleStateMachine4Testing.java:put(205)) - s0: put 99, m49 -> (t:1, i:99), STATEMACHINELOGENTRY, 178@client-C016D7B4C321
2023-03-02 05:41:46,769 [s0@group-C181CFA6CA9D-StateMachineUpdater] INFO  impl.SimpleStateMachine4Testing (SimpleStateMachine4Testing.java:put(205)) - s0: put 101, m50 -> (t:1, i:101), STATEMACHINELOGENTRY, 179@client-C016D7B4C321
2023-03-02 05:41:46,772 [s0@group-C181CFA6CA9D-StateMachineUpdater] INFO  impl.SimpleStateMachine4Testing (SimpleStateMachine4Testing.java:put(205)) - s0: put 103, m51 -> (t:1, i:103), STATEMACHINELOGENTRY, 180@client-C016D7B4C321
2023-03-02 05:41:46,774 [s0@group-C181CFA6CA9D-StateMachineUpdater] INFO  impl.SimpleStateMachine4Testing (SimpleStateMachine4Testing.java:put(205)) - s0: put 105, m52 -> (t:1, i:105), STATEMACHINELOGENTRY, 181@client-C016D7B4C321
2023-03-02 05:41:46,777 [s0@group-C181CFA6CA9D-StateMachineUpdater] INFO  impl.SimpleStateMachine4Testing (SimpleStateMachine4Testing.java:put(205)) - s0: put 107, m53 -> (t:1, i:107), STATEMACHINELOGENTRY, 182@client-C016D7B4C321
2023-03-02 05:41:46,779 [s0@group-C181CFA6CA9D-StateMachineUpdater] INFO  impl.SimpleStateMachine4Testing (SimpleStateMachine4Testing.java:put(205)) - s0: put 109, m54 -> (t:1, i:109), STATEMACHINELOGENTRY, 183@client-C016D7B4C321
2023-03-02 05:41:46,782 [s0@group-C181CFA6CA9D-StateMachineUpdater] INFO  impl.SimpleStateMachine4Testing (SimpleStateMachine4Testing.java:put(205)) - s0: put 111, m55 -> (t:1, i:111), STATEMACHINELOGENTRY, 184@client-C016D7B4C321
2023-03-02 05:41:46,784 [s0@group-C181CFA6CA9D-StateMachineUpdater] INFO  impl.SimpleStateMachine4Testing (SimpleStateMachine4Testing.java:put(205)) - s0: put 113, m56 -> (t:1, i:113), STATEMACHINELOGENTRY, 185@client-C016D7B4C321
2023-03-02 05:41:46,787 [s0@group-C181CFA6CA9D-StateMachineUpdater] INFO  impl.SimpleStateMachine4Testing (SimpleStateMachine4Testing.java:put(205)) - s0: put 115, m57 -> (t:1, i:115), STATEMACHINELOGENTRY, 186@client-C016D7B4C321
2023-03-02 05:41:46,790 [s0@group-C181CFA6CA9D-StateMachineUpdater] INFO  impl.SimpleStateMachine4Testing (SimpleStateMachine4Testing.java:put(205)) - s0: put 117, m58 -> (t:1, i:117), STATEMACHINELOGENTRY, 187@client-C016D7B4C321
2023-03-02 05:41:46,792 [s0@group-C181CFA6CA9D-StateMachineUpdater] INFO  impl.SimpleStateMachine4Testing (SimpleStateMachine4Testing.java:put(205)) - s0: put 119, m59 -> (t:1, i:119), STATEMACHINELOGENTRY, 188@client-C016D7B4C321
2023-03-02 05:41:46,795 [s0@group-C181CFA6CA9D-StateMachineUpdater] INFO  impl.SimpleStateMachine4Testing (SimpleStateMachine4Testing.java:put(205)) - s0: put 121, m60 -> (t:1, i:121), STATEMACHINELOGENTRY, 189@client-C016D7B4C321
2023-03-02 05:41:46,798 [s0@group-C181CFA6CA9D-StateMachineUpdater] INFO  impl.SimpleStateMachine4Testing (SimpleStateMachine4Testing.java:put(205)) - s0: put 123, m61 -> (t:1, i:123), STATEMACHINELOGENTRY, 190@client-C016D7B4C321
2023-03-02 05:41:46,800 [s0@group-C181CFA6CA9D-StateMachineUpdater] INFO  impl.SimpleStateMachine4Testing (SimpleStateMachine4Testing.java:put(205)) - s0: put 125, m62 -> (t:1, i:125), STATEMACHINELOGENTRY, 191@client-C016D7B4C321
2023-03-02 05:41:46,802 [s0@group-C181CFA6CA9D-StateMachineUpdater] INFO  impl.SimpleStateMachine4Testing (SimpleStateMachine4Testing.java:put(205)) - s0: put 127, m63 -> (t:1, i:127), STATEMACHINELOGENTRY, 192@client-C016D7B4C321
2023-03-02 05:41:46,803 [s0@group-C181CFA6CA9D-StateMachineUpdater] TRACE util.FileUtils (FileUtils.java:deleteFully(201)) - deleteFully /tmp/ratis-tests/statemachine/s0/snapshot/1_127
2023-03-02 05:41:46,803 [s0@group-C181CFA6CA9D-StateMachineUpdater] TRACE util.FileUtils (FileUtils.java:deleteFully(217)) - deleteFully: /tmp/ratis-tests/statemachine/s0/snapshot/1_127 does not exist.
2023-03-02 05:41:46,803 [s0@group-C181CFA6CA9D-StateMachineUpdater] TRACE util.FileUtils (FileUtils.java:deleteFully(201)) - deleteFully /tmp/ratis-tests/statemachine/s0/tmp/7f050247-2750-4287-a131-559756f5d94e
2023-03-02 05:41:46,803 [s0@group-C181CFA6CA9D-StateMachineUpdater] TRACE util.FileUtils (FileUtils.java:deleteFully(217)) - deleteFully: /tmp/ratis-tests/statemachine/s0/tmp/7f050247-2750-4287-a131-559756f5d94e does not exist.
2023-03-02 05:41:46,803 [s0@group-C181CFA6CA9D-StateMachineUpdater] TRACE util.FileUtils (LogUtils.java:runAndLog(49)) - Successfully ran Atomic Files.move /tmp/ratis-tests/statemachine/s0/tmp/7f050247-2750-4287-a131-559756f5d94e to /tmp/ratis-tests/statemachine/s0/snapshot/1_127
2023-03-02 05:41:46,803 [s0@group-C181CFA6CA9D-StateMachineUpdater] INFO  impl.StateMachineUpdater (StateMachineUpdater.java:takeSnapshot(290)) - s0@group-C181CFA6CA9D-StateMachineUpdater: Took a snapshot at index 127
2023-03-02 05:41:46,803 [s0@group-C181CFA6CA9D-StateMachineUpdater] INFO  impl.StateMachineUpdater (StateMachineUpdater.java:lambda$new$0(96)) - s0@group-C181CFA6CA9D-StateMachineUpdater: snapshotIndex: updateIncreasingly 63 -> 127
2023-03-02 05:41:46,803 [s0@group-C181CFA6CA9D-StateMachineUpdater] INFO  raftlog.RaftLog (RaftLogBase.java:purge(314)) - s0@group-C181CFA6CA9D-SegmentedRaftLog: purge 127
2023-03-02 05:41:46,803 [s0@group-C181CFA6CA9D-StateMachineUpdater] INFO  raftlog.RaftLog (RaftLogBase.java:lambda$new$0(53)) - s0@group-C181CFA6CA9D-SegmentedRaftLog: snapshotIndex: updateIncreasingly 63 -> 127
2023-03-02 05:41:46,803 [s0@group-C181CFA6CA9D-StateMachineUpdater] INFO  raftlog.RaftLog (RaftLogBase.java:lambda$new$0(53)) - s0@group-C181CFA6CA9D-SegmentedRaftLog: purgeIndex: updateToMax old=63, new=127, updated? true
2023-03-02 05:41:46,806 [s0@group-C181CFA6CA9D-StateMachineUpdater] INFO  impl.SimpleStateMachine4Testing (SimpleStateMachine4Testing.java:put(205)) - s0: put 129, m64 -> (t:1, i:129), STATEMACHINELOGENTRY, 193@client-C016D7B4C321
2023-03-02 05:41:46,808 [s0@group-C181CFA6CA9D-StateMachineUpdater] INFO  impl.SimpleStateMachine4Testing (SimpleStateMachine4Testing.java:put(205)) - s0: put 131, m65 -> (t:1, i:131), STATEMACHINELOGENTRY, 194@client-C016D7B4C321
2023-03-02 05:41:46,811 [s0@group-C181CFA6CA9D-StateMachineUpdater] INFO  impl.SimpleStateMachine4Testing (SimpleStateMachine4Testing.java:put(205)) - s0: put 133, m66 -> (t:1, i:133), STATEMACHINELOGENTRY, 195@client-C016D7B4C321
2023-03-02 05:41:46,814 [s0@group-C181CFA6CA9D-StateMachineUpdater] INFO  impl.SimpleStateMachine4Testing (SimpleStateMachine4Testing.java:put(205)) - s0: put 135, m67 -> (t:1, i:135), STATEMACHINELOGENTRY, 196@client-C016D7B4C321
2023-03-02 05:41:46,816 [s0@group-C181CFA6CA9D-StateMachineUpdater] INFO  impl.SimpleStateMachine4Testing (SimpleStateMachine4Testing.java:put(205)) - s0: put 137, m68 -> (t:1, i:137), STATEMACHINELOGENTRY, 197@client-C016D7B4C321
2023-03-02 05:41:46,819 [s0@group-C181CFA6CA9D-StateMachineUpdater] INFO  impl.SimpleStateMachine4Testing (SimpleStateMachine4Testing.java:put(205)) - s0: put 139, m69 -> (t:1, i:139), STATEMACHINELOGENTRY, 198@client-C016D7B4C321
2023-03-02 05:41:46,821 [s0@group-C181CFA6CA9D-StateMachineUpdater] INFO  impl.SimpleStateMachine4Testing (SimpleStateMachine4Testing.java:put(205)) - s0: put 141, m70 -> (t:1, i:141), STATEMACHINELOGENTRY, 199@client-C016D7B4C321
2023-03-02 05:41:46,824 [s0@group-C181CFA6CA9D-StateMachineUpdater] INFO  impl.SimpleStateMachine4Testing (SimpleStateMachine4Testing.java:put(205)) - s0: put 143, m71 -> (t:1, i:143), STATEMACHINELOGENTRY, 200@client-C016D7B4C321
2023-03-02 05:41:46,826 [s0@group-C181CFA6CA9D-StateMachineUpdater] INFO  impl.SimpleStateMachine4Testing (SimpleStateMachine4Testing.java:put(205)) - s0: put 145, m72 -> (t:1, i:145), STATEMACHINELOGENTRY, 201@client-C016D7B4C321
2023-03-02 05:41:46,829 [s0@group-C181CFA6CA9D-StateMachineUpdater] INFO  impl.SimpleStateMachine4Testing (SimpleStateMachine4Testing.java:put(205)) - s0: put 147, m73 -> (t:1, i:147), STATEMACHINELOGENTRY, 202@client-C016D7B4C321
2023-03-02 05:41:46,832 [s0@group-C181CFA6CA9D-StateMachineUpdater] INFO  impl.SimpleStateMachine4Testing (SimpleStateMachine4Testing.java:put(205)) - s0: put 149, m74 -> (t:1, i:149), STATEMACHINELOGENTRY, 203@client-C016D7B4C321
2023-03-02 05:41:46,834 [s0@group-C181CFA6CA9D-StateMachineUpdater] INFO  impl.SimpleStateMachine4Testing (SimpleStateMachine4Testing.java:put(205)) - s0: put 151, m75 -> (t:1, i:151), STATEMACHINELOGENTRY, 204@client-C016D7B4C321
2023-03-02 05:41:46,837 [s0@group-C181CFA6CA9D-StateMachineUpdater] INFO  impl.SimpleStateMachine4Testing (SimpleStateMachine4Testing.java:put(205)) - s0: put 153, m76 -> (t:1, i:153), STATEMACHINELOGENTRY, 205@client-C016D7B4C321
2023-03-02 05:41:46,841 [s0@group-C181CFA6CA9D-StateMachineUpdater] INFO  impl.SimpleStateMachine4Testing (SimpleStateMachine4Testing.java:put(205)) - s0: put 155, m77 -> (t:1, i:155), STATEMACHINELOGENTRY, 206@client-C016D7B4C321
2023-03-02 05:41:46,844 [s0@group-C181CFA6CA9D-StateMachineUpdater] INFO  impl.SimpleStateMachine4Testing (SimpleStateMachine4Testing.java:put(205)) - s0: put 157, m78 -> (t:1, i:157), STATEMACHINELOGENTRY, 207@client-C016D7B4C321
2023-03-02 05:41:46,846 [s0@group-C181CFA6CA9D-StateMachineUpdater] INFO  impl.SimpleStateMachine4Testing (SimpleStateMachine4Testing.java:put(205)) - s0: put 159, m79 -> (t:1, i:159), STATEMACHINELOGENTRY, 208@client-C016D7B4C321
2023-03-02 05:41:46,849 [s0@group-C181CFA6CA9D-StateMachineUpdater] INFO  impl.SimpleStateMachine4Testing (SimpleStateMachine4Testing.java:put(205)) - s0: put 161, m80 -> (t:1, i:161), STATEMACHINELOGENTRY, 209@client-C016D7B4C321
2023-03-02 05:41:46,851 [s0@group-C181CFA6CA9D-StateMachineUpdater] INFO  impl.SimpleStateMachine4Testing (SimpleStateMachine4Testing.java:put(205)) - s0: put 163, m81 -> (t:1, i:163), STATEMACHINELOGENTRY, 210@client-C016D7B4C321
2023-03-02 05:41:46,853 [s0@group-C181CFA6CA9D-StateMachineUpdater] INFO  impl.SimpleStateMachine4Testing (SimpleStateMachine4Testing.java:put(205)) - s0: put 165, m82 -> (t:1, i:165), STATEMACHINELOGENTRY, 211@client-C016D7B4C321
2023-03-02 05:41:46,856 [s0@group-C181CFA6CA9D-StateMachineUpdater] INFO  impl.SimpleStateMachine4Testing (SimpleStateMachine4Testing.java:put(205)) - s0: put 167, m83 -> (t:1, i:167), STATEMACHINELOGENTRY, 212@client-C016D7B4C321
2023-03-02 05:41:46,858 [s0@group-C181CFA6CA9D-StateMachineUpdater] INFO  impl.SimpleStateMachine4Testing (SimpleStateMachine4Testing.java:put(205)) - s0: put 169, m84 -> (t:1, i:169), STATEMACHINELOGENTRY, 213@client-C016D7B4C321
2023-03-02 05:41:46,861 [s0@group-C181CFA6CA9D-StateMachineUpdater] INFO  impl.SimpleStateMachine4Testing (SimpleStateMachine4Testing.java:put(205)) - s0: put 171, m85 -> (t:1, i:171), STATEMACHINELOGENTRY, 214@client-C016D7B4C321
2023-03-02 05:41:46,863 [s0@group-C181CFA6CA9D-StateMachineUpdater] INFO  impl.SimpleStateMachine4Testing (SimpleStateMachine4Testing.java:put(205)) - s0: put 173, m86 -> (t:1, i:173), STATEMACHINELOGENTRY, 215@client-C016D7B4C321
2023-03-02 05:41:46,873 [s0@group-C181CFA6CA9D-StateMachineUpdater] INFO  impl.SimpleStateMachine4Testing (SimpleStateMachine4Testing.java:put(205)) - s0: put 175, m87 -> (t:1, i:175), STATEMACHINELOGENTRY, 216@client-C016D7B4C321
2023-03-02 05:41:46,875 [s0@group-C181CFA6CA9D-StateMachineUpdater] INFO  impl.SimpleStateMachine4Testing (SimpleStateMachine4Testing.java:put(205)) - s0: put 177, m88 -> (t:1, i:177), STATEMACHINELOGENTRY, 217@client-C016D7B4C321
2023-03-02 05:41:46,877 [s0@group-C181CFA6CA9D-StateMachineUpdater] INFO  impl.SimpleStateMachine4Testing (SimpleStateMachine4Testing.java:put(205)) - s0: put 179, m89 -> (t:1, i:179), STATEMACHINELOGENTRY, 218@client-C016D7B4C321
2023-03-02 05:41:46,879 [s0@group-C181CFA6CA9D-StateMachineUpdater] INFO  impl.SimpleStateMachine4Testing (SimpleStateMachine4Testing.java:put(205)) - s0: put 181, m90 -> (t:1, i:181), STATEMACHINELOGENTRY, 219@client-C016D7B4C321
2023-03-02 05:41:46,882 [s0@group-C181CFA6CA9D-StateMachineUpdater] INFO  impl.SimpleStateMachine4Testing (SimpleStateMachine4Testing.java:put(205)) - s0: put 183, m91 -> (t:1, i:183), STATEMACHINELOGENTRY, 220@client-C016D7B4C321
2023-03-02 05:41:46,885 [s0@group-C181CFA6CA9D-StateMachineUpdater] INFO  impl.SimpleStateMachine4Testing (SimpleStateMachine4Testing.java:put(205)) - s0: put 185, m92 -> (t:1, i:185), STATEMACHINELOGENTRY, 221@client-C016D7B4C321
2023-03-02 05:41:46,887 [s0@group-C181CFA6CA9D-StateMachineUpdater] INFO  impl.SimpleStateMachine4Testing (SimpleStateMachine4Testing.java:put(205)) - s0: put 187, m93 -> (t:1, i:187), STATEMACHINELOGENTRY, 222@client-C016D7B4C321
2023-03-02 05:41:46,890 [s0@group-C181CFA6CA9D-StateMachineUpdater] INFO  impl.SimpleStateMachine4Testing (SimpleStateMachine4Testing.java:put(205)) - s0: put 189, m94 -> (t:1, i:189), STATEMACHINELOGENTRY, 223@client-C016D7B4C321
2023-03-02 05:41:46,892 [s0@group-C181CFA6CA9D-StateMachineUpdater] INFO  impl.SimpleStateMachine4Testing (SimpleStateMachine4Testing.java:put(205)) - s0: put 191, m95 -> (t:1, i:191), STATEMACHINELOGENTRY, 224@client-C016D7B4C321
2023-03-02 05:41:46,892 [s0@group-C181CFA6CA9D-StateMachineUpdater] TRACE util.FileUtils (FileUtils.java:deleteFully(201)) - deleteFully /tmp/ratis-tests/statemachine/s0/snapshot/1_191
2023-03-02 05:41:46,892 [s0@group-C181CFA6CA9D-StateMachineUpdater] TRACE util.FileUtils (FileUtils.java:deleteFully(217)) - deleteFully: /tmp/ratis-tests/statemachine/s0/snapshot/1_191 does not exist.
2023-03-02 05:41:46,892 [s0@group-C181CFA6CA9D-StateMachineUpdater] TRACE util.FileUtils (FileUtils.java:deleteFully(201)) - deleteFully /tmp/ratis-tests/statemachine/s0/tmp/51d010f3-6fb3-40f4-97b8-31dd3c15c47f
2023-03-02 05:41:46,892 [s0@group-C181CFA6CA9D-StateMachineUpdater] TRACE util.FileUtils (FileUtils.java:deleteFully(217)) - deleteFully: /tmp/ratis-tests/statemachine/s0/tmp/51d010f3-6fb3-40f4-97b8-31dd3c15c47f does not exist.
2023-03-02 05:41:46,893 [s0@group-C181CFA6CA9D-StateMachineUpdater] TRACE util.FileUtils (LogUtils.java:runAndLog(49)) - Successfully ran Atomic Files.move /tmp/ratis-tests/statemachine/s0/tmp/51d010f3-6fb3-40f4-97b8-31dd3c15c47f to /tmp/ratis-tests/statemachine/s0/snapshot/1_191
2023-03-02 05:41:46,893 [s0@group-C181CFA6CA9D-StateMachineUpdater] INFO  impl.StateMachineUpdater (StateMachineUpdater.java:takeSnapshot(290)) - s0@group-C181CFA6CA9D-StateMachineUpdater: Took a snapshot at index 191
2023-03-02 05:41:46,893 [s0@group-C181CFA6CA9D-StateMachineUpdater] INFO  impl.StateMachineUpdater (StateMachineUpdater.java:lambda$new$0(96)) - s0@group-C181CFA6CA9D-StateMachineUpdater: snapshotIndex: updateIncreasingly 127 -> 191
2023-03-02 05:41:46,893 [s0@group-C181CFA6CA9D-StateMachineUpdater] INFO  raftlog.RaftLog (RaftLogBase.java:purge(314)) - s0@group-C181CFA6CA9D-SegmentedRaftLog: purge 191
2023-03-02 05:41:46,893 [s0@group-C181CFA6CA9D-StateMachineUpdater] INFO  raftlog.RaftLog (RaftLogBase.java:lambda$new$0(53)) - s0@group-C181CFA6CA9D-SegmentedRaftLog: snapshotIndex: updateIncreasingly 127 -> 191
2023-03-02 05:41:46,893 [s0@group-C181CFA6CA9D-StateMachineUpdater] INFO  raftlog.RaftLog (RaftLogBase.java:lambda$new$0(53)) - s0@group-C181CFA6CA9D-SegmentedRaftLog: purgeIndex: updateToMax old=127, new=191, updated? true
2023-03-02 05:41:46,895 [s0@group-C181CFA6CA9D-StateMachineUpdater] INFO  impl.SimpleStateMachine4Testing (SimpleStateMachine4Testing.java:put(205)) - s0: put 193, m96 -> (t:1, i:193), STATEMACHINELOGENTRY, 225@client-C016D7B4C321
2023-03-02 05:41:46,898 [s0@group-C181CFA6CA9D-StateMachineUpdater] INFO  impl.SimpleStateMachine4Testing (SimpleStateMachine4Testing.java:put(205)) - s0: put 195, m97 -> (t:1, i:195), STATEMACHINELOGENTRY, 226@client-C016D7B4C321
2023-03-02 05:41:46,901 [s0@group-C181CFA6CA9D-StateMachineUpdater] INFO  impl.SimpleStateMachine4Testing (SimpleStateMachine4Testing.java:put(205)) - s0: put 197, m98 -> (t:1, i:197), STATEMACHINELOGENTRY, 227@client-C016D7B4C321
2023-03-02 05:41:46,903 [s0@group-C181CFA6CA9D-StateMachineUpdater] INFO  impl.SimpleStateMachine4Testing (SimpleStateMachine4Testing.java:put(205)) - s0: put 199, m99 -> (t:1, i:199), STATEMACHINELOGENTRY, 228@client-C016D7B4C321
2023-03-02 05:41:46,906 [s0@group-C181CFA6CA9D-StateMachineUpdater] INFO  impl.SimpleStateMachine4Testing (SimpleStateMachine4Testing.java:put(205)) - s0: put 201, m100 -> (t:1, i:201), STATEMACHINELOGENTRY, 229@client-C016D7B4C321
2023-03-02 05:41:46,909 [s0@group-C181CFA6CA9D-StateMachineUpdater] INFO  impl.SimpleStateMachine4Testing (SimpleStateMachine4Testing.java:put(205)) - s0: put 203, m101 -> (t:1, i:203), STATEMACHINELOGENTRY, 230@client-C016D7B4C321
2023-03-02 05:41:46,911 [s0@group-C181CFA6CA9D-StateMachineUpdater] INFO  impl.SimpleStateMachine4Testing (SimpleStateMachine4Testing.java:put(205)) - s0: put 205, m102 -> (t:1, i:205), STATEMACHINELOGENTRY, 231@client-C016D7B4C321
2023-03-02 05:41:46,916 [s0@group-C181CFA6CA9D-StateMachineUpdater] INFO  impl.SimpleStateMachine4Testing (SimpleStateMachine4Testing.java:put(205)) - s0: put 207, m103 -> (t:1, i:207), STATEMACHINELOGENTRY, 232@client-C016D7B4C321
2023-03-02 05:41:46,918 [s0@group-C181CFA6CA9D-StateMachineUpdater] INFO  impl.SimpleStateMachine4Testing (SimpleStateMachine4Testing.java:put(205)) - s0: put 209, m104 -> (t:1, i:209), STATEMACHINELOGENTRY, 233@client-C016D7B4C321
2023-03-02 05:41:46,922 [s0@group-C181CFA6CA9D-StateMachineUpdater] INFO  impl.SimpleStateMachine4Testing (SimpleStateMachine4Testing.java:put(205)) - s0: put 211, m105 -> (t:1, i:211), STATEMACHINELOGENTRY, 234@client-C016D7B4C321
2023-03-02 05:41:46,928 [s0@group-C181CFA6CA9D-StateMachineUpdater] INFO  impl.SimpleStateMachine4Testing (SimpleStateMachine4Testing.java:put(205)) - s0: put 213, m106 -> (t:1, i:213), STATEMACHINELOGENTRY, 235@client-C016D7B4C321
2023-03-02 05:41:46,930 [s0@group-C181CFA6CA9D-StateMachineUpdater] INFO  impl.SimpleStateMachine4Testing (SimpleStateMachine4Testing.java:put(205)) - s0: put 215, m107 -> (t:1, i:215), STATEMACHINELOGENTRY, 236@client-C016D7B4C321
2023-03-02 05:41:46,933 [s0@group-C181CFA6CA9D-StateMachineUpdater] INFO  impl.SimpleStateMachine4Testing (SimpleStateMachine4Testing.java:put(205)) - s0: put 217, m108 -> (t:1, i:217), STATEMACHINELOGENTRY, 237@client-C016D7B4C321
2023-03-02 05:41:46,936 [s0@group-C181CFA6CA9D-StateMachineUpdater] INFO  impl.SimpleStateMachine4Testing (SimpleStateMachine4Testing.java:put(205)) - s0: put 219, m109 -> (t:1, i:219), STATEMACHINELOGENTRY, 238@client-C016D7B4C321
2023-03-02 05:41:46,938 [s0@group-C181CFA6CA9D-StateMachineUpdater] INFO  impl.SimpleStateMachine4Testing (SimpleStateMachine4Testing.java:put(205)) - s0: put 221, m110 -> (t:1, i:221), STATEMACHINELOGENTRY, 239@client-C016D7B4C321
2023-03-02 05:41:46,940 [s0@group-C181CFA6CA9D-StateMachineUpdater] INFO  impl.SimpleStateMachine4Testing (SimpleStateMachine4Testing.java:put(205)) - s0: put 223, m111 -> (t:1, i:223), STATEMACHINELOGENTRY, 240@client-C016D7B4C321
2023-03-02 05:41:46,943 [s0@group-C181CFA6CA9D-StateMachineUpdater] INFO  impl.SimpleStateMachine4Testing (SimpleStateMachine4Testing.java:put(205)) - s0: put 225, m112 -> (t:1, i:225), STATEMACHINELOGENTRY, 241@client-C016D7B4C321
2023-03-02 05:41:46,946 [s0@group-C181CFA6CA9D-StateMachineUpdater] INFO  impl.SimpleStateMachine4Testing (SimpleStateMachine4Testing.java:put(205)) - s0: put 227, m113 -> (t:1, i:227), STATEMACHINELOGENTRY, 242@client-C016D7B4C321
2023-03-02 05:41:46,948 [s0@group-C181CFA6CA9D-StateMachineUpdater] INFO  impl.SimpleStateMachine4Testing (SimpleStateMachine4Testing.java:put(205)) - s0: put 229, m114 -> (t:1, i:229), STATEMACHINELOGENTRY, 243@client-C016D7B4C321
2023-03-02 05:41:46,956 [s0@group-C181CFA6CA9D-StateMachineUpdater] INFO  impl.SimpleStateMachine4Testing (SimpleStateMachine4Testing.java:put(205)) - s0: put 231, m115 -> (t:1, i:231), STATEMACHINELOGENTRY, 244@client-C016D7B4C321
2023-03-02 05:41:46,958 [s0@group-C181CFA6CA9D-StateMachineUpdater] INFO  impl.SimpleStateMachine4Testing (SimpleStateMachine4Testing.java:put(205)) - s0: put 233, m116 -> (t:1, i:233), STATEMACHINELOGENTRY, 245@client-C016D7B4C321
2023-03-02 05:41:46,961 [s0@group-C181CFA6CA9D-StateMachineUpdater] INFO  impl.SimpleStateMachine4Testing (SimpleStateMachine4Testing.java:put(205)) - s0: put 235, m117 -> (t:1, i:235), STATEMACHINELOGENTRY, 246@client-C016D7B4C321
2023-03-02 05:41:46,963 [s0@group-C181CFA6CA9D-StateMachineUpdater] INFO  impl.SimpleStateMachine4Testing (SimpleStateMachine4Testing.java:put(205)) - s0: put 237, m118 -> (t:1, i:237), STATEMACHINELOGENTRY, 247@client-C016D7B4C321
2023-03-02 05:41:46,965 [s0@group-C181CFA6CA9D-StateMachineUpdater] INFO  impl.SimpleStateMachine4Testing (SimpleStateMachine4Testing.java:put(205)) - s0: put 239, m119 -> (t:1, i:239), STATEMACHINELOGENTRY, 248@client-C016D7B4C321
2023-03-02 05:41:46,968 [s0@group-C181CFA6CA9D-StateMachineUpdater] INFO  impl.SimpleStateMachine4Testing (SimpleStateMachine4Testing.java:put(205)) - s0: put 241, m120 -> (t:1, i:241), STATEMACHINELOGENTRY, 249@client-C016D7B4C321
2023-03-02 05:41:46,970 [s0@group-C181CFA6CA9D-StateMachineUpdater] INFO  impl.SimpleStateMachine4Testing (SimpleStateMachine4Testing.java:put(205)) - s0: put 243, m121 -> (t:1, i:243), STATEMACHINELOGENTRY, 250@client-C016D7B4C321
2023-03-02 05:41:46,972 [s0@group-C181CFA6CA9D-StateMachineUpdater] INFO  impl.SimpleStateMachine4Testing (SimpleStateMachine4Testing.java:put(205)) - s0: put 245, m122 -> (t:1, i:245), STATEMACHINELOGENTRY, 251@client-C016D7B4C321
2023-03-02 05:41:46,975 [s0@group-C181CFA6CA9D-StateMachineUpdater] INFO  impl.SimpleStateMachine4Testing (SimpleStateMachine4Testing.java:put(205)) - s0: put 247, m123 -> (t:1, i:247), STATEMACHINELOGENTRY, 252@client-C016D7B4C321
2023-03-02 05:41:46,977 [s0@group-C181CFA6CA9D-StateMachineUpdater] INFO  impl.SimpleStateMachine4Testing (SimpleStateMachine4Testing.java:put(205)) - s0: put 249, m124 -> (t:1, i:249), STATEMACHINELOGENTRY, 253@client-C016D7B4C321
2023-03-02 05:41:46,979 [s0@group-C181CFA6CA9D-StateMachineUpdater] INFO  impl.SimpleStateMachine4Testing (SimpleStateMachine4Testing.java:put(205)) - s0: put 251, m125 -> (t:1, i:251), STATEMACHINELOGENTRY, 254@client-C016D7B4C321
2023-03-02 05:41:46,988 [s0@group-C181CFA6CA9D-StateMachineUpdater] INFO  impl.SimpleStateMachine4Testing (SimpleStateMachine4Testing.java:put(205)) - s0: put 253, m126 -> (t:1, i:253), STATEMACHINELOGENTRY, 255@client-C016D7B4C321
2023-03-02 05:41:46,997 [s0-server-thread1] INFO  server.RaftServer$Division (RaftServerImpl.java:takeSnapshotAsync(1128)) - s0@group-C181CFA6CA9D: takeSnapshotAsync SnapshotManagementRequest:client-C016D7B4C321->s0@group-C181CFA6CA9D, cid=256, seq=0, RO, null, Create:
2023-03-02 05:41:46,997 [s0-server-thread1] INFO  server.RaftServerConfigKeys (ConfUtils.java:logGet(46)) - raft.server.snapshot.creation.gap = 1024 (default)
2023-03-02 05:41:47,006 [Time-limited test] INFO  impl.MiniRaftCluster (MiniRaftCluster.java:addNewPeers(464)) - Add new peers [s1, s2]
2023-03-02 05:41:47,006 [Time-limited test] INFO  impl.MiniRaftCluster (MiniRaftCluster.java:newRaftServer(382)) - newRaftServer: s1, group-C181CFA6CA9D:[], format? true
2023-03-02 05:41:47,006 [Time-limited test] TRACE util.FileUtils (FileUtils.java:deleteFully(201)) - deleteFully target/test/data/61ac176a/MiniRaftClusterWithGrpcdeff6051/s1
2023-03-02 05:41:47,006 [Time-limited test] TRACE util.FileUtils (FileUtils.java:deleteFully(217)) - deleteFully: target/test/data/61ac176a/MiniRaftClusterWithGrpcdeff6051/s1 does not exist.
2023-03-02 05:41:47,006 [Time-limited test] INFO  impl.MiniRaftCluster (MiniRaftCluster.java:newRaftServer(387)) - Formatted directory target/test/data/61ac176a/MiniRaftClusterWithGrpcdeff6051/s1
2023-03-02 05:41:47,006 [Time-limited test] INFO  server.RaftServer (ConfUtils.java:logGet(46)) - raft.rpc.type = GRPC (default)
2023-03-02 05:41:47,006 [Time-limited test] INFO  grpc.GrpcConfigKeys (ConfUtils.java:logFallback(53)) - raft.grpc.admin.host = null (fallback to raft.grpc.server.host)
2023-03-02 05:41:47,006 [Time-limited test] INFO  grpc.GrpcConfigKeys (ConfUtils.java:logFallback(53)) - raft.grpc.admin.port = 38227 (fallback to raft.grpc.server.port)
2023-03-02 05:41:47,006 [Time-limited test] INFO  grpc.GrpcConfigKeys (ConfUtils.java:logFallback(53)) - raft.grpc.client.host = null (fallback to raft.grpc.server.host)
2023-03-02 05:41:47,006 [Time-limited test] INFO  grpc.GrpcConfigKeys (ConfUtils.java:logFallback(53)) - raft.grpc.client.port = 38227 (fallback to raft.grpc.server.port)
2023-03-02 05:41:47,007 [Time-limited test] INFO  grpc.GrpcConfigKeys (ConfUtils.java:logGet(46)) - raft.grpc.server.host = null (default)
2023-03-02 05:41:47,007 [Time-limited test] INFO  grpc.GrpcConfigKeys (ConfUtils.java:logGet(46)) - raft.grpc.server.port = 38227 (custom)
2023-03-02 05:41:47,007 [Time-limited test] INFO  server.GrpcService (ConfUtils.java:logGet(46)) - raft.grpc.message.size.max = 64MB (=67108864) (default)
2023-03-02 05:41:47,007 [Time-limited test] INFO  server.RaftServerConfigKeys (ConfUtils.java:logGet(46)) - raft.server.log.appender.buffer.byte-limit = 4MB (=4194304) (default)
2023-03-02 05:41:47,007 [Time-limited test] INFO  server.GrpcService (ConfUtils.java:logGet(46)) - raft.grpc.flow.control.window = 1MB (=1048576) (default)
2023-03-02 05:41:47,007 [Time-limited test] INFO  server.RaftServerConfigKeys (ConfUtils.java:logGet(46)) - raft.server.rpc.request.timeout = 3000ms (default)
2023-03-02 05:41:47,007 [Time-limited test] INFO  grpc.GrpcConfigKeys (ConfUtils.java:logGet(46)) - raft.grpc.server.heartbeat.channel = false (custom)
2023-03-02 05:41:47,007 [Time-limited test] INFO  grpc.GrpcConfigKeys (ConfUtils.java:logGet(46)) - raft.grpc.server.async.request.thread.pool.cached = true (default)
2023-03-02 05:41:47,007 [Time-limited test] INFO  grpc.GrpcConfigKeys (ConfUtils.java:logGet(46)) - raft.grpc.server.async.request.thread.pool.size = 32 (default)
2023-03-02 05:41:47,007 [Time-limited test] INFO  impl.DataStreamServerImpl (ConfUtils.java:logGet(46)) - raft.datastream.type = DISABLED (default)
2023-03-02 05:41:47,007 [Time-limited test] INFO  server.RaftServerConfigKeys (ConfUtils.java:logGet(46)) - raft.server.threadpool.proxy.cached = true (default)
2023-03-02 05:41:47,008 [Time-limited test] INFO  server.RaftServerConfigKeys (ConfUtils.java:logGet(46)) - raft.server.threadpool.proxy.size = 0 (default)
2023-03-02 05:41:47,008 [Time-limited test] INFO  server.RaftServerConfigKeys (ConfUtils.java:logGet(46)) - raft.server.rpc.slowness.timeout = 60s (default)
2023-03-02 05:41:47,008 [Time-limited test] INFO  server.RaftServerConfigKeys (ConfUtils.java:logGet(46)) - raft.server.leaderelection.leader.step-down.wait-time = 10s (default)
2023-03-02 05:41:47,008 [Time-limited test] INFO  server.RaftServerConfigKeys (ConfUtils.java:logGet(46)) - raft.server.storage.dir = [/home/runner/work/ratis/ratis/ratis-test/target/test/data/61ac176a/MiniRaftClusterWithGrpcdeff6051/s1] (custom)
2023-03-02 05:41:47,009 [Time-limited test] INFO  server.RaftServer (RaftServerProxy.java:addNew(99)) - s1: addNew group-C181CFA6CA9D:[] returns group-C181CFA6CA9D:java.util.concurrent.CompletableFuture@4b82751e[Not completed]
2023-03-02 05:41:47,009 [s1-groupManagement] INFO  server.RaftServerConfigKeys (ConfUtils.java:logGet(46)) - raft.server.log.segment.size.max = 8MB (=8388608) (default)
2023-03-02 05:41:47,009 [s1-groupManagement] INFO  server.RaftServerConfigKeys (ConfUtils.java:logGet(46)) - raft.server.log.preallocated.size = 4MB (=4194304) (default)
2023-03-02 05:41:47,009 [Time-limited test] INFO  impl.MiniRaftCluster (MiniRaftCluster.java:newRaftServer(382)) - newRaftServer: s2, group-C181CFA6CA9D:[], format? true
2023-03-02 05:41:47,009 [s1-groupManagement] INFO  server.RaftServerConfigKeys (ConfUtils.java:logGet(46)) - raft.server.log.write.buffer.size = 64KB (=65536) (default)
2023-03-02 05:41:47,010 [Time-limited test] TRACE util.FileUtils (FileUtils.java:deleteFully(201)) - deleteFully target/test/data/61ac176a/MiniRaftClusterWithGrpcdeff6051/s2
2023-03-02 05:41:47,010 [s1-groupManagement] INFO  server.RaftServer$Division (RaftServerImpl.java:<init>(198)) - s1: new RaftServerImpl for group-C181CFA6CA9D:[] with StateMachineWithSeparatedSnapshotPath:uninitialized
2023-03-02 05:41:47,010 [s1-groupManagement] INFO  server.RaftServerConfigKeys (ConfUtils.java:logGet(46)) - raft.server.rpc.timeout.min = 150ms (default)
2023-03-02 05:41:47,010 [s1-groupManagement] INFO  server.RaftServerConfigKeys (ConfUtils.java:logGet(46)) - raft.server.rpc.timeout.max = 300ms (default)
2023-03-02 05:41:47,010 [s1-groupManagement] INFO  server.RaftServerConfigKeys (ConfUtils.java:logGet(46)) - raft.server.rpc.sleep.time = 25ms (default)
2023-03-02 05:41:47,010 [Time-limited test] TRACE util.FileUtils (FileUtils.java:deleteFully(217)) - deleteFully: target/test/data/61ac176a/MiniRaftClusterWithGrpcdeff6051/s2 does not exist.
2023-03-02 05:41:47,010 [Time-limited test] INFO  impl.MiniRaftCluster (MiniRaftCluster.java:newRaftServer(387)) - Formatted directory target/test/data/61ac176a/MiniRaftClusterWithGrpcdeff6051/s2
2023-03-02 05:41:47,010 [s1-groupManagement] INFO  server.RaftServerConfigKeys (ConfUtils.java:logGet(46)) - raft.server.rpc.slowness.timeout = 60s (default)
2023-03-02 05:41:47,010 [s1-groupManagement] INFO  server.RaftServerConfigKeys (ConfUtils.java:logGet(46)) - raft.server.leaderelection.leader.step-down.wait-time = 10s (default)
2023-03-02 05:41:47,010 [s1-groupManagement] INFO  server.RaftServerConfigKeys (ConfUtils.java:logGet(46)) - raft.server.sleep.deviation.threshold = 300ms (default)
2023-03-02 05:41:47,010 [s1-groupManagement] INFO  server.RaftServer$Division (ServerState.java:<init>(113)) - s1@group-C181CFA6CA9D: ConfigurationManager, init=-1: peers:[]|listeners:[], old=null, confs=<EMPTY_MAP>
2023-03-02 05:41:47,010 [s1-groupManagement] INFO  server.RaftServerConfigKeys (ConfUtils.java:logGet(46)) - raft.server.notification.no-leader.timeout = 60s (default)
2023-03-02 05:41:47,010 [s1-groupManagement] INFO  server.RaftServerConfigKeys (ConfUtils.java:logGet(46)) - raft.server.read.timeout = 10s (default)
2023-03-02 05:41:47,010 [s1-groupManagement] INFO  server.RaftServerConfigKeys (ConfUtils.java:logGet(46)) - raft.server.retrycache.expirytime = 60s (default)
2023-03-02 05:41:47,011 [Time-limited test] INFO  server.RaftServer (ConfUtils.java:logGet(46)) - raft.rpc.type = GRPC (default)
2023-03-02 05:41:47,011 [s1-groupManagement] INFO  server.RaftServerConfigKeys (ConfUtils.java:logGet(46)) - raft.server.retrycache.statistics.expirytime = 100μs (default)
2023-03-02 05:41:47,011 [Time-limited test] INFO  grpc.GrpcConfigKeys (ConfUtils.java:logFallback(53)) - raft.grpc.admin.host = null (fallback to raft.grpc.server.host)
2023-03-02 05:41:47,011 [s1-groupManagement] INFO  server.RaftServerConfigKeys (ConfUtils.java:logGet(46)) - raft.server.read.option = DEFAULT (default)
2023-03-02 05:41:47,011 [Time-limited test] INFO  grpc.GrpcConfigKeys (ConfUtils.java:logFallback(53)) - raft.grpc.admin.port = 41479 (fallback to raft.grpc.server.port)
2023-03-02 05:41:47,011 [Time-limited test] INFO  grpc.GrpcConfigKeys (ConfUtils.java:logFallback(53)) - raft.grpc.client.host = null (fallback to raft.grpc.server.host)
2023-03-02 05:41:47,011 [Time-limited test] INFO  grpc.GrpcConfigKeys (ConfUtils.java:logFallback(53)) - raft.grpc.client.port = 41479 (fallback to raft.grpc.server.port)
2023-03-02 05:41:47,011 [Time-limited test] INFO  grpc.GrpcConfigKeys (ConfUtils.java:logGet(46)) - raft.grpc.server.host = null (default)
2023-03-02 05:41:47,011 [Time-limited test] INFO  grpc.GrpcConfigKeys (ConfUtils.java:logGet(46)) - raft.grpc.server.port = 41479 (custom)
2023-03-02 05:41:47,011 [Time-limited test] INFO  server.GrpcService (ConfUtils.java:logGet(46)) - raft.grpc.message.size.max = 64MB (=67108864) (default)
2023-03-02 05:41:47,011 [Time-limited test] INFO  server.RaftServerConfigKeys (ConfUtils.java:logGet(46)) - raft.server.log.appender.buffer.byte-limit = 4MB (=4194304) (default)
2023-03-02 05:41:47,011 [Time-limited test] INFO  server.GrpcService (ConfUtils.java:logGet(46)) - raft.grpc.flow.control.window = 1MB (=1048576) (default)
2023-03-02 05:41:47,011 [Time-limited test] INFO  server.RaftServerConfigKeys (ConfUtils.java:logGet(46)) - raft.server.rpc.request.timeout = 3000ms (default)
2023-03-02 05:41:47,011 [Time-limited test] INFO  grpc.GrpcConfigKeys (ConfUtils.java:logGet(46)) - raft.grpc.server.heartbeat.channel = false (custom)
2023-03-02 05:41:47,011 [Time-limited test] INFO  grpc.GrpcConfigKeys (ConfUtils.java:logGet(46)) - raft.grpc.server.async.request.thread.pool.cached = true (default)
2023-03-02 05:41:47,011 [Time-limited test] INFO  grpc.GrpcConfigKeys (ConfUtils.java:logGet(46)) - raft.grpc.server.async.request.thread.pool.size = 32 (default)
2023-03-02 05:41:47,012 [Time-limited test] INFO  impl.DataStreamServerImpl (ConfUtils.java:logGet(46)) - raft.datastream.type = DISABLED (default)
2023-03-02 05:41:47,012 [s1-groupManagement] INFO  server.RaftServerConfigKeys (ConfUtils.java:logGet(46)) - raft.server.log.appender.install.snapshot.enabled = true (default)
2023-03-02 05:41:47,016 [s1-groupManagement] INFO  server.RaftServerConfigKeys (ConfUtils.java:logGet(46)) - raft.server.threadpool.server.cached = true (default)
2023-03-02 05:41:47,016 [Time-limited test] INFO  server.RaftServerConfigKeys (ConfUtils.java:logGet(46)) - raft.server.threadpool.proxy.cached = true (default)
2023-03-02 05:41:47,016 [s1-groupManagement] INFO  server.RaftServerConfigKeys (ConfUtils.java:logGet(46)) - raft.server.threadpool.server.size = 0 (default)
2023-03-02 05:41:47,016 [Time-limited test] INFO  server.RaftServerConfigKeys (ConfUtils.java:logGet(46)) - raft.server.threadpool.proxy.size = 0 (default)
2023-03-02 05:41:47,016 [s1-groupManagement] INFO  server.RaftServerConfigKeys (ConfUtils.java:logGet(46)) - raft.server.threadpool.client.cached = true (default)
2023-03-02 05:41:47,016 [s1-groupManagement] INFO  server.RaftServerConfigKeys (ConfUtils.java:logGet(46)) - raft.server.threadpool.client.size = 0 (default)
2023-03-02 05:41:47,016 [Time-limited test] INFO  server.RaftServerConfigKeys (ConfUtils.java:logGet(46)) - raft.server.rpc.slowness.timeout = 60s (default)
2023-03-02 05:41:47,016 [Time-limited test] INFO  server.RaftServerConfigKeys (ConfUtils.java:logGet(46)) - raft.server.leaderelection.leader.step-down.wait-time = 10s (default)
2023-03-02 05:41:47,017 [Time-limited test] INFO  server.RaftServerConfigKeys (ConfUtils.java:logGet(46)) - raft.server.storage.dir = [/home/runner/work/ratis/ratis/ratis-test/target/test/data/61ac176a/MiniRaftClusterWithGrpcdeff6051/s2] (custom)
2023-03-02 05:41:47,017 [Time-limited test] INFO  server.RaftServer (RaftServerProxy.java:addNew(99)) - s2: addNew group-C181CFA6CA9D:[] returns group-C181CFA6CA9D:java.util.concurrent.CompletableFuture@664ba05f[Not completed]
2023-03-02 05:41:47,017 [s2-groupManagement] INFO  server.RaftServerConfigKeys (ConfUtils.java:logGet(46)) - raft.server.log.segment.size.max = 8MB (=8388608) (default)
2023-03-02 05:41:47,017 [s2-groupManagement] INFO  server.RaftServerConfigKeys (ConfUtils.java:logGet(46)) - raft.server.log.preallocated.size = 4MB (=4194304) (default)
2023-03-02 05:41:47,017 [s1-impl-thread1] INFO  server.RaftServerConfigKeys (ConfUtils.java:logGet(46)) - raft.server.storage.free-space.min = 0MB (=0) (default)
2023-03-02 05:41:47,017 [s2-groupManagement] INFO  server.RaftServerConfigKeys (ConfUtils.java:logGet(46)) - raft.server.log.write.buffer.size = 64KB (=65536) (default)
2023-03-02 05:41:47,017 [s1-impl-thread1] INFO  server.RaftServerConfigKeys (ConfUtils.java:logGet(46)) - raft.server.log.corruption.policy = EXCEPTION (default)
2023-03-02 05:41:47,017 [s2-groupManagement] INFO  server.RaftServer$Division (RaftServerImpl.java:<init>(198)) - s2: new RaftServerImpl for group-C181CFA6CA9D:[] with StateMachineWithSeparatedSnapshotPath:uninitialized
2023-03-02 05:41:47,017 [s2-groupManagement] INFO  server.RaftServerConfigKeys (ConfUtils.java:logGet(46)) - raft.server.rpc.timeout.min = 150ms (default)
2023-03-02 05:41:47,017 [s1-impl-thread1] INFO  server.RaftServerConfigKeys (ConfUtils.java:logGet(46)) - raft.server.storage.dir = [/home/runner/work/ratis/ratis/ratis-test/target/test/data/61ac176a/MiniRaftClusterWithGrpcdeff6051/s1] (custom)
2023-03-02 05:41:47,017 [s2-groupManagement] INFO  server.RaftServerConfigKeys (ConfUtils.java:logGet(46)) - raft.server.rpc.timeout.max = 300ms (default)
2023-03-02 05:41:47,017 [s2-groupManagement] INFO  server.RaftServerConfigKeys (ConfUtils.java:logGet(46)) - raft.server.rpc.sleep.time = 25ms (default)
2023-03-02 05:41:47,017 [s2-groupManagement] INFO  server.RaftServerConfigKeys (ConfUtils.java:logGet(46)) - raft.server.rpc.slowness.timeout = 60s (default)
2023-03-02 05:41:47,017 [s2-groupManagement] INFO  server.RaftServerConfigKeys (ConfUtils.java:logGet(46)) - raft.server.leaderelection.leader.step-down.wait-time = 10s (default)
2023-03-02 05:41:47,017 [s2-groupManagement] INFO  server.RaftServerConfigKeys (ConfUtils.java:logGet(46)) - raft.server.sleep.deviation.threshold = 300ms (default)
2023-03-02 05:41:47,017 [s1-impl-thread1] INFO  storage.RaftStorageDirectory (RaftStorageDirectoryImpl.java:analyzeStorage(138)) - The storage directory /home/runner/work/ratis/ratis/ratis-test/target/test/data/61ac176a/MiniRaftClusterWithGrpcdeff6051/s1/b37516c4-4270-40a1-a64d-c181cfa6ca9d does not exist. Creating ...
2023-03-02 05:41:47,018 [s1-impl-thread1] TRACE util.FileUtils (LogUtils.java:runAndLog(49)) - Successfully ran Files.createDirectories /home/runner/work/ratis/ratis/ratis-test/target/test/data/61ac176a/MiniRaftClusterWithGrpcdeff6051/s1/b37516c4-4270-40a1-a64d-c181cfa6ca9d
2023-03-02 05:41:47,018 [s2-groupManagement] INFO  server.RaftServer$Division (ServerState.java:<init>(113)) - s2@group-C181CFA6CA9D: ConfigurationManager, init=-1: peers:[]|listeners:[], old=null, confs=<EMPTY_MAP>
2023-03-02 05:41:47,018 [s2-groupManagement] INFO  server.RaftServerConfigKeys (ConfUtils.java:logGet(46)) - raft.server.notification.no-leader.timeout = 60s (default)
2023-03-02 05:41:47,018 [s2-groupManagement] INFO  server.RaftServerConfigKeys (ConfUtils.java:logGet(46)) - raft.server.read.timeout = 10s (default)
2023-03-02 05:41:47,018 [s2-groupManagement] INFO  server.RaftServerConfigKeys (ConfUtils.java:logGet(46)) - raft.server.retrycache.expirytime = 60s (default)
2023-03-02 05:41:47,018 [s2-groupManagement] INFO  server.RaftServerConfigKeys (ConfUtils.java:logGet(46)) - raft.server.retrycache.statistics.expirytime = 100μs (default)
2023-03-02 05:41:47,018 [s2-groupManagement] INFO  server.RaftServerConfigKeys (ConfUtils.java:logGet(46)) - raft.server.read.option = DEFAULT (default)
2023-03-02 05:41:47,019 [s1-impl-thread1] INFO  storage.RaftStorageDirectory (RaftStorageDirectoryImpl.java:tryLock(232)) - Lock on /home/runner/work/ratis/ratis/ratis-test/target/test/data/61ac176a/MiniRaftClusterWithGrpcdeff6051/s1/b37516c4-4270-40a1-a64d-c181cfa6ca9d/in_use.lock acquired by nodename 3700@fv-az991-791
2023-03-02 05:41:47,019 [s1-impl-thread1] TRACE util.FileUtils (LogUtils.java:runAndLog(49)) - Successfully ran Files.createDirectories /home/runner/work/ratis/ratis/ratis-test/target/test/data/61ac176a/MiniRaftClusterWithGrpcdeff6051/s1/b37516c4-4270-40a1-a64d-c181cfa6ca9d/current
2023-03-02 05:41:47,019 [s1-impl-thread1] TRACE util.FileUtils (LogUtils.java:runAndLog(49)) - Successfully ran Files.createDirectories /home/runner/work/ratis/ratis/ratis-test/target/test/data/61ac176a/MiniRaftClusterWithGrpcdeff6051/s1/b37516c4-4270-40a1-a64d-c181cfa6ca9d/sm
2023-03-02 05:41:47,020 [s2-groupManagement] INFO  server.RaftServerConfigKeys (ConfUtils.java:logGet(46)) - raft.server.log.appender.install.snapshot.enabled = true (default)
2023-03-02 05:41:47,020 [s2-groupManagement] INFO  server.RaftServerConfigKeys (ConfUtils.java:logGet(46)) - raft.server.threadpool.server.cached = true (default)
2023-03-02 05:41:47,020 [s2-groupManagement] INFO  server.RaftServerConfigKeys (ConfUtils.java:logGet(46)) - raft.server.threadpool.server.size = 0 (default)
2023-03-02 05:41:47,020 [s2-groupManagement] INFO  server.RaftServerConfigKeys (ConfUtils.java:logGet(46)) - raft.server.threadpool.client.cached = true (default)
2023-03-02 05:41:47,020 [s1-impl-thread1] INFO  storage.RaftStorage (RaftStorageImpl.java:format(96)) - Storage directory /home/runner/work/ratis/ratis/ratis-test/target/test/data/61ac176a/MiniRaftClusterWithGrpcdeff6051/s1/b37516c4-4270-40a1-a64d-c181cfa6ca9d has been successfully formatted.
2023-03-02 05:41:47,021 [s1-impl-thread1] INFO  impl.SimpleStateMachine4Testing (SimpleStateMachine4Testing.java:initialize(213)) - Initializing StateMachineWithSeparatedSnapshotPath:uninitialized
2023-03-02 05:41:47,021 [s1-impl-thread1] INFO  impl.SimpleStateMachine4Testing (SimpleStateMachine4Testing.java:loadSnapshot(293)) - Loading snapshot null
2023-03-02 05:41:47,021 [s1-impl-thread1] TRACE util.FileUtils (FileUtils.java:deleteFully(201)) - deleteFully /tmp/ratis-tests/statemachine/s1
2023-03-02 05:41:47,021 [s1-impl-thread1] TRACE util.FileUtils (FileUtils.java:deleteFully(217)) - deleteFully: /tmp/ratis-tests/statemachine/s1 does not exist.
2023-03-02 05:41:47,021 [s1-impl-thread1] INFO  server.RaftServerConfigKeys (ConfUtils.java:logGet(46)) - raft.server.log.use.memory = false (default)
2023-03-02 05:41:47,021 [s1-impl-thread1] INFO  server.RaftServerConfigKeys (ConfUtils.java:logGet(46)) - raft.server.log.purge.gap = 8 (custom)
2023-03-02 05:41:47,021 [s1-impl-thread1] INFO  server.RaftServerConfigKeys (ConfUtils.java:logGet(46)) - raft.server.log.appender.buffer.byte-limit = 4MB (=4194304) (default)
2023-03-02 05:41:47,021 [s1-impl-thread1] INFO  server.RaftServerConfigKeys (ConfUtils.java:logGet(46)) - raft.server.log.statemachine.data.read.timeout = 1000ms (default)
2023-03-02 05:41:47,021 [s1-impl-thread1] INFO  server.RaftServerConfigKeys (ConfUtils.java:logGet(46)) - raft.server.log.purge.preservation.log.num = 0 (default)
2023-03-02 05:41:47,022 [s1-impl-thread1] INFO  server.RaftServerConfigKeys (ConfUtils.java:logGet(46)) - raft.server.log.segment.size.max = 8MB (=8388608) (default)
2023-03-02 05:41:47,022 [s1-impl-thread1] INFO  server.RaftServerConfigKeys (ConfUtils.java:logGet(46)) - raft.server.log.segment.cache.num.max = 6 (default)
2023-03-02 05:41:47,022 [s1-impl-thread1] INFO  server.RaftServerConfigKeys (ConfUtils.java:logGet(46)) - raft.server.log.segment.cache.size.max = 200MB (=209715200) (default)
2023-03-02 05:41:47,022 [s1-impl-thread1] INFO  server.RaftServerConfigKeys (ConfUtils.java:logGet(46)) - raft.server.log.appender.buffer.byte-limit = 4MB (=4194304) (default)
2023-03-02 05:41:47,022 [s1-impl-thread1] INFO  segmented.SegmentedRaftLogWorker (SegmentedRaftLogWorker.java:<init>(183)) - new s1@group-C181CFA6CA9D-SegmentedRaftLogWorker for RaftStorageImpl:Storage Directory /home/runner/work/ratis/ratis/ratis-test/target/test/data/61ac176a/MiniRaftClusterWithGrpcdeff6051/s1/b37516c4-4270-40a1-a64d-c181cfa6ca9d
2023-03-02 05:41:47,022 [s1-impl-thread1] INFO  server.RaftServerConfigKeys (ConfUtils.java:logGet(46)) - raft.server.log.queue.byte-limit = 64MB (=67108864) (default)
2023-03-02 05:41:47,022 [s1-impl-thread1] INFO  server.RaftServerConfigKeys (ConfUtils.java:logGet(46)) - raft.server.log.queue.element-limit = 4096 (default)
2023-03-02 05:41:47,022 [s1-impl-thread1] INFO  server.RaftServerConfigKeys (ConfUtils.java:logGet(46)) - raft.server.log.segment.size.max = 8MB (=8388608) (default)
2023-03-02 05:41:47,022 [s1-impl-thread1] INFO  server.RaftServerConfigKeys (ConfUtils.java:logGet(46)) - raft.server.log.preallocated.size = 4MB (=4194304) (default)
2023-03-02 05:41:47,022 [s1-impl-thread1] INFO  server.RaftServerConfigKeys (ConfUtils.java:logGet(46)) - raft.server.log.force.sync.num = 128 (default)
2023-03-02 05:41:47,022 [s1-impl-thread1] INFO  server.RaftServerConfigKeys (ConfUtils.java:logGet(46)) - raft.server.log.statemachine.data.sync = true (default)
2023-03-02 05:41:47,022 [s1-impl-thread1] INFO  server.RaftServerConfigKeys (ConfUtils.java:logGet(46)) - raft.server.log.statemachine.data.sync.timeout = 10s (default)
2023-03-02 05:41:47,022 [s1-impl-thread1] INFO  server.RaftServerConfigKeys (ConfUtils.java:logGet(46)) - raft.server.log.statemachine.data.sync.timeout.retry = -1 (default)
2023-03-02 05:41:47,023 [s1-impl-thread1] INFO  server.RaftServerConfigKeys (ConfUtils.java:logGet(46)) - raft.server.log.write.buffer.size = 64KB (=65536) (default)
2023-03-02 05:41:47,023 [s1-impl-thread1] INFO  server.RaftServerConfigKeys (ConfUtils.java:logGet(46)) - raft.server.log.appender.buffer.byte-limit = 4MB (=4194304) (default)
2023-03-02 05:41:47,024 [s1-impl-thread1] INFO  server.RaftServerConfigKeys (ConfUtils.java:logGet(46)) - raft.server.log.unsafe-flush.enabled = false (default)
2023-03-02 05:41:47,024 [s1-impl-thread1] INFO  server.RaftServerConfigKeys (ConfUtils.java:logGet(46)) - raft.server.log.async-flush.enabled = false (default)
2023-03-02 05:41:47,024 [s1-impl-thread1] INFO  server.RaftServerConfigKeys (ConfUtils.java:logGet(46)) - raft.server.log.statemachine.data.caching.enabled = false (default)
2023-03-02 05:41:47,024 [s1-impl-thread1] INFO  segmented.SegmentedRaftLogWorker (SegmentedRaftLogWorker.java:lambda$new$0(134)) - s1@group-C181CFA6CA9D-SegmentedRaftLogWorker: flushIndex: setUnconditionally 0 -> -1
2023-03-02 05:41:47,024 [s1-impl-thread1] INFO  segmented.SegmentedRaftLogWorker (SegmentedRaftLogWorker.java:lambda$new$0(134)) - s1@group-C181CFA6CA9D-SegmentedRaftLogWorker: safeCacheEvictIndex: setUnconditionally 0 -> -1
2023-03-02 05:41:47,024 [s2-groupManagement] INFO  server.RaftServerConfigKeys (ConfUtils.java:logGet(46)) - raft.server.threadpool.client.size = 0 (default)
2023-03-02 05:41:47,024 [s1-impl-thread1] INFO  server.RaftServer$Division (RaftServerImpl.java:start(348)) - s1@group-C181CFA6CA9D: start with initializing state, conf=-1: peers:[]|listeners:[], old=null
2023-03-02 05:41:47,024 [s1-impl-thread1] INFO  server.RaftServer$Division (RaftServerImpl.java:setRole(329)) - s1@group-C181CFA6CA9D: changes role from      null to FOLLOWER at term 0 for startInitializing
2023-03-02 05:41:47,025 [s1-impl-thread1] INFO  util.JmxRegister (JmxRegister.java:tryRegister(44)) - Successfully registered JMX Bean with object name Ratis:service=RaftServer,group=group-C181CFA6CA9D,id=s1
2023-03-02 05:41:47,025 [s1-impl-thread1] INFO  server.RaftServerConfigKeys (ConfUtils.java:logGet(46)) - raft.server.snapshot.auto.trigger.enabled = true (custom)
2023-03-02 05:41:47,025 [s1-impl-thread1] INFO  server.RaftServerConfigKeys (ConfUtils.java:logGet(46)) - raft.server.snapshot.auto.trigger.threshold = 64 (custom)
2023-03-02 05:41:47,025 [s1-impl-thread1] INFO  server.RaftServerConfigKeys (ConfUtils.java:logGet(46)) - raft.server.snapshot.retention.file.num = -1 (default)
2023-03-02 05:41:47,025 [s1-impl-thread1] INFO  server.RaftServerConfigKeys (ConfUtils.java:logGet(46)) - raft.server.log.purge.upto.snapshot.index = false (default)
2023-03-02 05:41:47,026 [Time-limited test] INFO  server.RaftServer (RaftServerProxy.java:startImpl(401)) - s1: start RPC server
2023-03-02 05:41:47,027 [Time-limited test] INFO  server.GrpcService (GrpcService.java:startImpl(302)) - s1: GrpcService started, listening on 38227
2023-03-02 05:41:47,027 [JvmPauseMonitor4] INFO  util.JvmPauseMonitor (JvmPauseMonitor.java:run(103)) - JvmPauseMonitor-s1: Started
2023-03-02 05:41:47,027 [s2-impl-thread1] INFO  server.RaftServerConfigKeys (ConfUtils.java:logGet(46)) - raft.server.storage.free-space.min = 0MB (=0) (default)
2023-03-02 05:41:47,027 [s2-impl-thread1] INFO  server.RaftServerConfigKeys (ConfUtils.java:logGet(46)) - raft.server.log.corruption.policy = EXCEPTION (default)
2023-03-02 05:41:47,027 [s2-impl-thread1] INFO  server.RaftServerConfigKeys (ConfUtils.java:logGet(46)) - raft.server.storage.dir = [/home/runner/work/ratis/ratis/ratis-test/target/test/data/61ac176a/MiniRaftClusterWithGrpcdeff6051/s2] (custom)
2023-03-02 05:41:47,028 [s2-impl-thread1] INFO  storage.RaftStorageDirectory (RaftStorageDirectoryImpl.java:analyzeStorage(138)) - The storage directory /home/runner/work/ratis/ratis/ratis-test/target/test/data/61ac176a/MiniRaftClusterWithGrpcdeff6051/s2/b37516c4-4270-40a1-a64d-c181cfa6ca9d does not exist. Creating ...
2023-03-02 05:41:47,028 [s2-impl-thread1] TRACE util.FileUtils (LogUtils.java:runAndLog(49)) - Successfully ran Files.createDirectories /home/runner/work/ratis/ratis/ratis-test/target/test/data/61ac176a/MiniRaftClusterWithGrpcdeff6051/s2/b37516c4-4270-40a1-a64d-c181cfa6ca9d
2023-03-02 05:41:47,029 [s2-impl-thread1] INFO  storage.RaftStorageDirectory (RaftStorageDirectoryImpl.java:tryLock(232)) - Lock on /home/runner/work/ratis/ratis/ratis-test/target/test/data/61ac176a/MiniRaftClusterWithGrpcdeff6051/s2/b37516c4-4270-40a1-a64d-c181cfa6ca9d/in_use.lock acquired by nodename 3700@fv-az991-791
2023-03-02 05:41:47,029 [s2-impl-thread1] TRACE util.FileUtils (LogUtils.java:runAndLog(49)) - Successfully ran Files.createDirectories /home/runner/work/ratis/ratis/ratis-test/target/test/data/61ac176a/MiniRaftClusterWithGrpcdeff6051/s2/b37516c4-4270-40a1-a64d-c181cfa6ca9d/current
2023-03-02 05:41:47,029 [s2-impl-thread1] TRACE util.FileUtils (LogUtils.java:runAndLog(49)) - Successfully ran Files.createDirectories /home/runner/work/ratis/ratis/ratis-test/target/test/data/61ac176a/MiniRaftClusterWithGrpcdeff6051/s2/b37516c4-4270-40a1-a64d-c181cfa6ca9d/sm
2023-03-02 05:41:47,031 [s2-impl-thread1] INFO  storage.RaftStorage (RaftStorageImpl.java:format(96)) - Storage directory /home/runner/work/ratis/ratis/ratis-test/target/test/data/61ac176a/MiniRaftClusterWithGrpcdeff6051/s2/b37516c4-4270-40a1-a64d-c181cfa6ca9d has been successfully formatted.
2023-03-02 05:41:47,031 [s2-impl-thread1] INFO  impl.SimpleStateMachine4Testing (SimpleStateMachine4Testing.java:initialize(213)) - Initializing StateMachineWithSeparatedSnapshotPath:uninitialized
2023-03-02 05:41:47,031 [s2-impl-thread1] INFO  impl.SimpleStateMachine4Testing (SimpleStateMachine4Testing.java:loadSnapshot(293)) - Loading snapshot null
2023-03-02 05:41:47,031 [s2-impl-thread1] TRACE util.FileUtils (FileUtils.java:deleteFully(201)) - deleteFully /tmp/ratis-tests/statemachine/s2
2023-03-02 05:41:47,032 [s2-impl-thread1] TRACE util.FileUtils (FileUtils.java:deleteFully(217)) - deleteFully: /tmp/ratis-tests/statemachine/s2 does not exist.
2023-03-02 05:41:47,032 [s2-impl-thread1] INFO  server.RaftServerConfigKeys (ConfUtils.java:logGet(46)) - raft.server.log.use.memory = false (default)
2023-03-02 05:41:47,032 [s2-impl-thread1] INFO  server.RaftServerConfigKeys (ConfUtils.java:logGet(46)) - raft.server.log.purge.gap = 8 (custom)
2023-03-02 05:41:47,032 [s2-impl-thread1] INFO  server.RaftServerConfigKeys (ConfUtils.java:logGet(46)) - raft.server.log.appender.buffer.byte-limit = 4MB (=4194304) (default)
2023-03-02 05:41:47,032 [s2-impl-thread1] INFO  server.RaftServerConfigKeys (ConfUtils.java:logGet(46)) - raft.server.log.statemachine.data.read.timeout = 1000ms (default)
2023-03-02 05:41:47,032 [s2-impl-thread1] INFO  server.RaftServerConfigKeys (ConfUtils.java:logGet(46)) - raft.server.log.purge.preservation.log.num = 0 (default)
2023-03-02 05:41:47,033 [s2-impl-thread1] INFO  server.RaftServerConfigKeys (ConfUtils.java:logGet(46)) - raft.server.log.segment.size.max = 8MB (=8388608) (default)
2023-03-02 05:41:47,033 [s2-impl-thread1] INFO  server.RaftServerConfigKeys (ConfUtils.java:logGet(46)) - raft.server.log.segment.cache.num.max = 6 (default)
2023-03-02 05:41:47,033 [s2-impl-thread1] INFO  server.RaftServerConfigKeys (ConfUtils.java:logGet(46)) - raft.server.log.segment.cache.size.max = 200MB (=209715200) (default)
2023-03-02 05:41:47,033 [s2-impl-thread1] INFO  server.RaftServerConfigKeys (ConfUtils.java:logGet(46)) - raft.server.log.appender.buffer.byte-limit = 4MB (=4194304) (default)
2023-03-02 05:41:47,033 [s2-impl-thread1] INFO  segmented.SegmentedRaftLogWorker (SegmentedRaftLogWorker.java:<init>(183)) - new s2@group-C181CFA6CA9D-SegmentedRaftLogWorker for RaftStorageImpl:Storage Directory /home/runner/work/ratis/ratis/ratis-test/target/test/data/61ac176a/MiniRaftClusterWithGrpcdeff6051/s2/b37516c4-4270-40a1-a64d-c181cfa6ca9d
2023-03-02 05:41:47,033 [s2-impl-thread1] INFO  server.RaftServerConfigKeys (ConfUtils.java:logGet(46)) - raft.server.log.queue.byte-limit = 64MB (=67108864) (default)
2023-03-02 05:41:47,033 [s2-impl-thread1] INFO  server.RaftServerConfigKeys (ConfUtils.java:logGet(46)) - raft.server.log.queue.element-limit = 4096 (default)
2023-03-02 05:41:47,033 [s2-impl-thread1] INFO  server.RaftServerConfigKeys (ConfUtils.java:logGet(46)) - raft.server.log.segment.size.max = 8MB (=8388608) (default)
2023-03-02 05:41:47,033 [s2-impl-thread1] INFO  server.RaftServerConfigKeys (ConfUtils.java:logGet(46)) - raft.server.log.preallocated.size = 4MB (=4194304) (default)
2023-03-02 05:41:47,033 [s2-impl-thread1] INFO  server.RaftServerConfigKeys (ConfUtils.java:logGet(46)) - raft.server.log.force.sync.num = 128 (default)
2023-03-02 05:41:47,033 [s2-impl-thread1] INFO  server.RaftServerConfigKeys (ConfUtils.java:logGet(46)) - raft.server.log.statemachine.data.sync = true (default)
2023-03-02 05:41:47,033 [s2-impl-thread1] INFO  server.RaftServerConfigKeys (ConfUtils.java:logGet(46)) - raft.server.log.statemachine.data.sync.timeout = 10s (default)
2023-03-02 05:41:47,033 [s2-impl-thread1] INFO  server.RaftServerConfigKeys (ConfUtils.java:logGet(46)) - raft.server.log.statemachine.data.sync.timeout.retry = -1 (default)
2023-03-02 05:41:47,033 [s2-impl-thread1] INFO  server.RaftServerConfigKeys (ConfUtils.java:logGet(46)) - raft.server.log.write.buffer.size = 64KB (=65536) (default)
2023-03-02 05:41:47,033 [s2-impl-thread1] INFO  server.RaftServerConfigKeys (ConfUtils.java:logGet(46)) - raft.server.log.appender.buffer.byte-limit = 4MB (=4194304) (default)
2023-03-02 05:41:47,034 [s2-impl-thread1] INFO  server.RaftServerConfigKeys (ConfUtils.java:logGet(46)) - raft.server.log.unsafe-flush.enabled = false (default)
2023-03-02 05:41:47,034 [s2-impl-thread1] INFO  server.RaftServerConfigKeys (ConfUtils.java:logGet(46)) - raft.server.log.async-flush.enabled = false (default)
2023-03-02 05:41:47,034 [s2-impl-thread1] INFO  server.RaftServerConfigKeys (ConfUtils.java:logGet(46)) - raft.server.log.statemachine.data.caching.enabled = false (default)
2023-03-02 05:41:47,036 [s2-impl-thread1] INFO  segmented.SegmentedRaftLogWorker (SegmentedRaftLogWorker.java:lambda$new$0(134)) - s2@group-C181CFA6CA9D-SegmentedRaftLogWorker: flushIndex: setUnconditionally 0 -> -1
2023-03-02 05:41:47,036 [s2-impl-thread1] INFO  segmented.SegmentedRaftLogWorker (SegmentedRaftLogWorker.java:lambda$new$0(134)) - s2@group-C181CFA6CA9D-SegmentedRaftLogWorker: safeCacheEvictIndex: setUnconditionally 0 -> -1
2023-03-02 05:41:47,036 [s2-impl-thread1] INFO  server.RaftServer$Division (RaftServerImpl.java:start(348)) - s2@group-C181CFA6CA9D: start with initializing state, conf=-1: peers:[]|listeners:[], old=null
2023-03-02 05:41:47,036 [s2-impl-thread1] INFO  server.RaftServer$Division (RaftServerImpl.java:setRole(329)) - s2@group-C181CFA6CA9D: changes role from      null to FOLLOWER at term 0 for startInitializing
2023-03-02 05:41:47,036 [s2-impl-thread1] INFO  util.JmxRegister (JmxRegister.java:tryRegister(44)) - Successfully registered JMX Bean with object name Ratis:service=RaftServer,group=group-C181CFA6CA9D,id=s2
2023-03-02 05:41:47,036 [s2-impl-thread1] INFO  server.RaftServerConfigKeys (ConfUtils.java:logGet(46)) - raft.server.snapshot.auto.trigger.enabled = true (custom)
2023-03-02 05:41:47,036 [s2-impl-thread1] INFO  server.RaftServerConfigKeys (ConfUtils.java:logGet(46)) - raft.server.snapshot.auto.trigger.threshold = 64 (custom)
2023-03-02 05:41:47,036 [s2-impl-thread1] INFO  server.RaftServerConfigKeys (ConfUtils.java:logGet(46)) - raft.server.snapshot.retention.file.num = -1 (default)
2023-03-02 05:41:47,036 [s2-impl-thread1] INFO  server.RaftServerConfigKeys (ConfUtils.java:logGet(46)) - raft.server.log.purge.upto.snapshot.index = false (default)
2023-03-02 05:41:47,037 [Time-limited test] INFO  server.RaftServer (RaftServerProxy.java:startImpl(401)) - s2: start RPC server
2023-03-02 05:41:47,041 [Time-limited test] INFO  server.GrpcService (GrpcService.java:startImpl(302)) - s2: GrpcService started, listening on 41479
2023-03-02 05:41:47,041 [JvmPauseMonitor5] INFO  util.JvmPauseMonitor (JvmPauseMonitor.java:run(103)) - JvmPauseMonitor-s2: Started
2023-03-02 05:41:47,042 [Time-limited test] INFO  impl.MiniRaftCluster (MiniRaftCluster.java:setConfiguration(819)) - Start changing the configuration: [s1|rpc:0.0.0.0:38227|priority:0|startupRole:FOLLOWER, s2|rpc:0.0.0.0:41479|priority:0|startupRole:FOLLOWER, s0|rpc:localhost:32935|admin:localhost:40111|client:localhost:42477|dataStream:localhost:43463|priority:0|startupRole:FOLLOWER]
2023-03-02 05:41:47,046 [s0-server-thread1] INFO  server.RaftServer$Division (RaftServerImpl.java:setConfigurationAsync(1196)) - s0@group-C181CFA6CA9D: receive setConfiguration SetConfigurationRequest:client-771AA733CF8C->s0@group-C181CFA6CA9D, cid=257, seq=0, RW, null, SET_UNCONDITIONALLY, servers:[s1|rpc:0.0.0.0:38227|dataStream:|priority:0|startupRole:FOLLOWER, s2|rpc:0.0.0.0:41479|dataStream:|priority:0|startupRole:FOLLOWER, s0|rpc:localhost:32935|admin:localhost:40111|client:localhost:42477|dataStream:localhost:43463|priority:0|startupRole:FOLLOWER], listeners:[]
2023-03-02 05:41:47,046 [s0-server-thread1] INFO  server.RaftServer$Division (LeaderStateImpl.java:startSetConfiguration(440)) - s0@group-C181CFA6CA9D-LeaderStateImpl: startSetConfiguration SetConfigurationRequest:client-771AA733CF8C->s0@group-C181CFA6CA9D, cid=257, seq=0, RW, null, SET_UNCONDITIONALLY, servers:[s1|rpc:0.0.0.0:38227|dataStream:|priority:0|startupRole:FOLLOWER, s2|rpc:0.0.0.0:41479|dataStream:|priority:0|startupRole:FOLLOWER, s0|rpc:localhost:32935|admin:localhost:40111|client:localhost:42477|dataStream:localhost:43463|priority:0|startupRole:FOLLOWER], listeners:[]
2023-03-02 05:41:47,047 [s0-server-thread1] INFO  server.RaftServerConfigKeys (ConfUtils.java:logGet(46)) - raft.server.log.appender.snapshot.chunk.size.max = 1k (=1024) (custom)
2023-03-02 05:41:47,047 [s0-server-thread1] INFO  server.RaftServerConfigKeys (ConfUtils.java:logGet(46)) - raft.server.log.appender.buffer.byte-limit = 4MB (=4194304) (default)
2023-03-02 05:41:47,047 [s0-server-thread1] INFO  server.RaftServerConfigKeys (ConfUtils.java:logGet(46)) - raft.server.log.appender.buffer.element-limit = 0 (default)
2023-03-02 05:41:47,047 [s0-server-thread1] INFO  server.RaftServerConfigKeys (ConfUtils.java:logGet(46)) - raft.server.log.appender.wait-time.min = 10ms (default)
2023-03-02 05:41:47,047 [s0-server-thread1] INFO  grpc.GrpcConfigKeys (ConfUtils.java:logGet(46)) - raft.grpc.server.leader.outstanding.appends.max = 128 (default)
2023-03-02 05:41:47,047 [s0-server-thread1] INFO  server.RaftServerConfigKeys (ConfUtils.java:logGet(46)) - raft.server.rpc.request.timeout = 3000ms (default)
2023-03-02 05:41:47,047 [s0-server-thread1] INFO  server.RaftServerConfigKeys (ConfUtils.java:logGet(46)) - raft.server.log.appender.install.snapshot.enabled = true (default)
2023-03-02 05:41:47,047 [s0-server-thread1] INFO  grpc.GrpcConfigKeys (ConfUtils.java:logGet(46)) - raft.grpc.server.heartbeat.channel = false (custom)
2023-03-02 05:41:47,047 [s0-server-thread1] INFO  server.RaftServerConfigKeys (ConfUtils.java:logGet(46)) - raft.server.log.appender.snapshot.chunk.size.max = 1k (=1024) (custom)
2023-03-02 05:41:47,047 [s0-server-thread1] INFO  server.RaftServerConfigKeys (ConfUtils.java:logGet(46)) - raft.server.log.appender.buffer.byte-limit = 4MB (=4194304) (default)
2023-03-02 05:41:47,047 [s0-server-thread1] INFO  server.RaftServerConfigKeys (ConfUtils.java:logGet(46)) - raft.server.log.appender.buffer.element-limit = 0 (default)
2023-03-02 05:41:47,048 [s0-server-thread1] INFO  server.RaftServerConfigKeys (ConfUtils.java:logGet(46)) - raft.server.log.appender.wait-time.min = 10ms (default)
2023-03-02 05:41:47,048 [s0-server-thread1] INFO  grpc.GrpcConfigKeys (ConfUtils.java:logGet(46)) - raft.grpc.server.leader.outstanding.appends.max = 128 (default)
2023-03-02 05:41:47,048 [s0-server-thread1] INFO  server.RaftServerConfigKeys (ConfUtils.java:logGet(46)) - raft.server.rpc.request.timeout = 3000ms (default)
2023-03-02 05:41:47,048 [s0-server-thread1] INFO  server.RaftServerConfigKeys (ConfUtils.java:logGet(46)) - raft.server.log.appender.install.snapshot.enabled = true (default)
2023-03-02 05:41:47,048 [s0-server-thread1] INFO  grpc.GrpcConfigKeys (ConfUtils.java:logGet(46)) - raft.grpc.server.heartbeat.channel = false (custom)
2023-03-02 05:41:47,051 [s0@group-C181CFA6CA9D->s1-GrpcLogAppender-LogAppenderDaemon] INFO  server.GrpcLogAppender (GrpcLogAppender.java:installSnapshot(590)) - s0@group-C181CFA6CA9D->s1-GrpcLogAppender: followerNextIndex = 0 but logStartIndex = 0, send snapshot FileListSnapshotInfo(t:1, i:191):[/tmp/ratis-tests/statemachine/s0/snapshot/1_191/deer, /tmp/ratis-tests/statemachine/s0/snapshot/1_191/loves, /tmp/ratis-tests/statemachine/s0/snapshot/1_191/vegetable] to follower
2023-03-02 05:41:47,054 [s0@group-C181CFA6CA9D->s1-GrpcLogAppender-LogAppenderDaemon] INFO  server.GrpcServerProtocolClient (GrpcServerProtocolClient.java:<init>(63)) - Build channel for s1
2023-03-02 05:41:47,055 [s0@group-C181CFA6CA9D->s2-GrpcLogAppender-LogAppenderDaemon] INFO  server.GrpcLogAppender (GrpcLogAppender.java:installSnapshot(590)) - s0@group-C181CFA6CA9D->s2-GrpcLogAppender: followerNextIndex = 0 but logStartIndex = 0, send snapshot FileListSnapshotInfo(t:1, i:191):[/tmp/ratis-tests/statemachine/s0/snapshot/1_191/deer, /tmp/ratis-tests/statemachine/s0/snapshot/1_191/loves, /tmp/ratis-tests/statemachine/s0/snapshot/1_191/vegetable] to follower
2023-03-02 05:41:47,055 [s0@group-C181CFA6CA9D->s2-GrpcLogAppender-LogAppenderDaemon] INFO  server.GrpcServerProtocolClient (GrpcServerProtocolClient.java:<init>(63)) - Build channel for s2
2023-03-02 05:41:47,063 [grpc-default-executor-1] INFO  impl.SnapshotInstallationHandler (SnapshotInstallationHandler.java:installSnapshot(89)) - s1@group-C181CFA6CA9D: receive installSnapshot: s0->s1#0-t1,chunk:8f26419d-10a9-4cec-adf4-9c1b674c4739,0
2023-03-02 05:41:47,064 [grpc-default-executor-0] INFO  impl.SnapshotInstallationHandler (SnapshotInstallationHandler.java:installSnapshot(89)) - s2@group-C181CFA6CA9D: receive installSnapshot: s0->s2#0-t1,chunk:3f5f9e9d-bfe4-49eb-8bed-6187aaf6dc37,0
2023-03-02 05:41:47,064 [grpc-default-executor-1] INFO  server.RaftServer$Division (ServerState.java:setLeader(260)) - s1@group-C181CFA6CA9D: change Leader from null to s0 at term 1 for installSnapshot, leader elected after 53ms
2023-03-02 05:41:47,065 [grpc-default-executor-1] TRACE util.FileUtils (LogUtils.java:runAndLog(49)) - Successfully ran Files.createDirectories /tmp/ratis-tests/statemachine/s1/tmp/snapshot-8f26419d-10a9-4cec-adf4-9c1b674c4739
2023-03-02 05:41:47,065 [grpc-default-executor-1] INFO  storage.SnapshotManager (SnapshotManager.java:installSnapshot(89)) - Installing snapshot:s0->s1#0-t1,chunk:8f26419d-10a9-4cec-adf4-9c1b674c4739,0, to tmp dir:/tmp/ratis-tests/statemachine/s1/tmp/snapshot-8f26419d-10a9-4cec-adf4-9c1b674c4739
2023-03-02 05:41:47,065 [grpc-default-executor-1] TRACE util.FileUtils (LogUtils.java:runAndLog(49)) - Successfully ran Files.createDirectories /tmp/ratis-tests/statemachine/s1/tmp/snapshot-8f26419d-10a9-4cec-adf4-9c1b674c4739/1_191
2023-03-02 05:41:47,065 [grpc-default-executor-0] INFO  server.RaftServer$Division (ServerState.java:setLeader(260)) - s2@group-C181CFA6CA9D: change Leader from null to s0 at term 1 for installSnapshot, leader elected after 47ms
2023-03-02 05:41:47,069 [grpc-default-executor-0] TRACE util.FileUtils (LogUtils.java:runAndLog(49)) - Successfully ran Files.createDirectories /tmp/ratis-tests/statemachine/s2/tmp/snapshot-3f5f9e9d-bfe4-49eb-8bed-6187aaf6dc37
2023-03-02 05:41:47,069 [grpc-default-executor-0] INFO  storage.SnapshotManager (SnapshotManager.java:installSnapshot(89)) - Installing snapshot:s0->s2#0-t1,chunk:3f5f9e9d-bfe4-49eb-8bed-6187aaf6dc37,0, to tmp dir:/tmp/ratis-tests/statemachine/s2/tmp/snapshot-3f5f9e9d-bfe4-49eb-8bed-6187aaf6dc37
2023-03-02 05:41:47,069 [grpc-default-executor-0] TRACE util.FileUtils (LogUtils.java:runAndLog(49)) - Successfully ran Files.createDirectories /tmp/ratis-tests/statemachine/s2/tmp/snapshot-3f5f9e9d-bfe4-49eb-8bed-6187aaf6dc37/1_191
2023-03-02 05:41:47,069 [grpc-default-executor-1] INFO  segmented.SegmentedRaftLogWorker (SegmentedRaftLogWorker.java:lambda$new$0(134)) - s1@group-C181CFA6CA9D-SegmentedRaftLogWorker: flushIndex: setUnconditionally -1 -> 191
2023-03-02 05:41:47,069 [grpc-default-executor-1] INFO  segmented.SegmentedRaftLogWorker (SegmentedRaftLogWorker.java:lambda$new$0(134)) - s1@group-C181CFA6CA9D-SegmentedRaftLogWorker: safeCacheEvictIndex: setUnconditionally -1 -> 191
2023-03-02 05:41:47,070 [grpc-default-executor-1] INFO  impl.SnapshotInstallationHandler (SnapshotInstallationHandler.java:installSnapshotImpl(134)) - s1@group-C181CFA6CA9D: set new configuration configurationEntry {
  peers {
    id: "s0"
    address: "localhost:32935"
    dataStreamAddress: "localhost:43463"
    clientAddress: "localhost:42477"
    adminAddress: "localhost:40111"
    startupRole: FOLLOWER
  }
}
 from snapshot
2023-03-02 05:41:47,071 [grpc-default-executor-1] INFO  server.RaftServer$Division (ServerState.java:setRaftConf(378)) - s1@group-C181CFA6CA9D: set configuration 0: peers:[s0|rpc:localhost:32935|admin:localhost:40111|client:localhost:42477|dataStream:localhost:43463|priority:0|startupRole:FOLLOWER]|listeners:[], old=null
2023-03-02 05:41:47,071 [grpc-default-executor-1] INFO  impl.SnapshotInstallationHandler (SnapshotInstallationHandler.java:installSnapshot(100)) - s1@group-C181CFA6CA9D: reply installSnapshot: s0<-s1#0:OK-t0,SUCCESS,requestIndex=0
2023-03-02 05:41:47,071 [grpc-default-executor-3] INFO  server.GrpcLogAppender (GrpcLogAppender.java:onNext(496)) - s0@group-C181CFA6CA9D->s1-InstallSnapshotResponseHandler: received the first reply s0<-s1#0:OK-t0,SUCCESS,requestIndex=0
2023-03-02 05:41:47,072 [grpc-default-executor-3] INFO  server.GrpcLogAppender (GrpcLogAppender.java:onNext(509)) - s0@group-C181CFA6CA9D->s1-InstallSnapshotResponseHandler: Completed InstallSnapshot. Reply: serverReply {
  requestorId: "s0"
  replyId: "s1"
  raftGroupId {
    id: "\263u\026\304Bp@\241\246M\301\201\317\246\312\235"
  }
  success: true
}
requestIndex: 0

2023-03-02 05:41:47,072 [grpc-default-executor-3] INFO  leader.FollowerInfo (FollowerInfoImpl.java:setAttemptedToInstallSnapshot(126)) - Follower s0@group-C181CFA6CA9D->s1 acknowledged installing snapshot
2023-03-02 05:41:47,072 [grpc-default-executor-1] INFO  impl.SnapshotInstallationHandler (SnapshotInstallationHandler.java:installSnapshot(89)) - s1@group-C181CFA6CA9D: receive installSnapshot: s0->s1#0-t1,chunk:8f26419d-10a9-4cec-adf4-9c1b674c4739,1
2023-03-02 05:41:47,072 [grpc-default-executor-1] TRACE util.FileUtils (LogUtils.java:runAndLog(49)) - Successfully ran Files.createDirectories /tmp/ratis-tests/statemachine/s1/tmp/snapshot-8f26419d-10a9-4cec-adf4-9c1b674c4739
2023-03-02 05:41:47,072 [grpc-default-executor-1] INFO  storage.SnapshotManager (SnapshotManager.java:installSnapshot(89)) - Installing snapshot:s0->s1#0-t1,chunk:8f26419d-10a9-4cec-adf4-9c1b674c4739,1, to tmp dir:/tmp/ratis-tests/statemachine/s1/tmp/snapshot-8f26419d-10a9-4cec-adf4-9c1b674c4739
2023-03-02 05:41:47,072 [grpc-default-executor-1] TRACE util.FileUtils (LogUtils.java:runAndLog(49)) - Successfully ran Files.createDirectories /tmp/ratis-tests/statemachine/s1/tmp/snapshot-8f26419d-10a9-4cec-adf4-9c1b674c4739/1_191
2023-03-02 05:41:47,073 [grpc-default-executor-0] INFO  segmented.SegmentedRaftLogWorker (SegmentedRaftLogWorker.java:lambda$new$0(134)) - s2@group-C181CFA6CA9D-SegmentedRaftLogWorker: flushIndex: setUnconditionally -1 -> 191
2023-03-02 05:41:47,073 [grpc-default-executor-0] INFO  segmented.SegmentedRaftLogWorker (SegmentedRaftLogWorker.java:lambda$new$0(134)) - s2@group-C181CFA6CA9D-SegmentedRaftLogWorker: safeCacheEvictIndex: setUnconditionally -1 -> 191
2023-03-02 05:41:47,073 [grpc-default-executor-0] INFO  impl.SnapshotInstallationHandler (SnapshotInstallationHandler.java:installSnapshotImpl(134)) - s2@group-C181CFA6CA9D: set new configuration configurationEntry {
  peers {
    id: "s0"
    address: "localhost:32935"
    dataStreamAddress: "localhost:43463"
    clientAddress: "localhost:42477"
    adminAddress: "localhost:40111"
    startupRole: FOLLOWER
  }
}
 from snapshot
2023-03-02 05:41:47,074 [grpc-default-executor-0] INFO  server.RaftServer$Division (ServerState.java:setRaftConf(378)) - s2@group-C181CFA6CA9D: set configuration 0: peers:[s0|rpc:localhost:32935|admin:localhost:40111|client:localhost:42477|dataStream:localhost:43463|priority:0|startupRole:FOLLOWER]|listeners:[], old=null
2023-03-02 05:41:47,074 [grpc-default-executor-0] INFO  impl.SnapshotInstallationHandler (SnapshotInstallationHandler.java:installSnapshot(100)) - s2@group-C181CFA6CA9D: reply installSnapshot: s0<-s2#0:OK-t0,SUCCESS,requestIndex=0
2023-03-02 05:41:47,074 [grpc-default-executor-1] INFO  impl.SnapshotInstallationHandler (SnapshotInstallationHandler.java:installSnapshot(100)) - s1@group-C181CFA6CA9D: reply installSnapshot: s0<-s1#0:OK-t1,SUCCESS,requestIndex=1
2023-03-02 05:41:47,075 [grpc-default-executor-0] INFO  server.GrpcLogAppender (GrpcLogAppender.java:onNext(496)) - s0@group-C181CFA6CA9D->s2-InstallSnapshotResponseHandler: received the first reply s0<-s2#0:OK-t0,SUCCESS,requestIndex=0
2023-03-02 05:41:47,075 [grpc-default-executor-0] INFO  server.GrpcLogAppender (GrpcLogAppender.java:onNext(509)) - s0@group-C181CFA6CA9D->s2-InstallSnapshotResponseHandler: Completed InstallSnapshot. Reply: serverReply {
  requestorId: "s0"
  replyId: "s2"
  raftGroupId {
    id: "\263u\026\304Bp@\241\246M\301\201\317\246\312\235"
  }
  success: true
}
requestIndex: 0

2023-03-02 05:41:47,075 [grpc-default-executor-0] INFO  leader.FollowerInfo (FollowerInfoImpl.java:setAttemptedToInstallSnapshot(126)) - Follower s0@group-C181CFA6CA9D->s2 acknowledged installing snapshot
2023-03-02 05:41:47,076 [grpc-default-executor-3] INFO  server.GrpcLogAppender (GrpcLogAppender.java:onNext(496)) - s0@group-C181CFA6CA9D->s1-InstallSnapshotResponseHandler: received a reply s0<-s1#0:OK-t1,SUCCESS,requestIndex=1
2023-03-02 05:41:47,076 [grpc-default-executor-3] INFO  server.GrpcLogAppender (GrpcLogAppender.java:onNext(509)) - s0@group-C181CFA6CA9D->s1-InstallSnapshotResponseHandler: Completed InstallSnapshot. Reply: serverReply {
  requestorId: "s0"
  replyId: "s1"
  raftGroupId {
    id: "\263u\026\304Bp@\241\246M\301\201\317\246\312\235"
  }
  success: true
}
term: 1
requestIndex: 1

2023-03-02 05:41:47,076 [grpc-default-executor-3] INFO  leader.FollowerInfo (FollowerInfoImpl.java:setAttemptedToInstallSnapshot(126)) - Follower s0@group-C181CFA6CA9D->s1 acknowledged installing snapshot
2023-03-02 05:41:47,077 [grpc-default-executor-0] WARN  server.GrpcLogAppender (LogUtils.java:warn(122)) - s0@group-C181CFA6CA9D->s2-InstallSnapshotResponseHandler: Failed InstallSnapshot: org.apache.ratis.thirdparty.io.grpc.StatusRuntimeException: CANCELLED: Failed to read message.
2023-03-02 05:41:47,078 [grpc-default-executor-1] INFO  impl.SnapshotInstallationHandler (SnapshotInstallationHandler.java:installSnapshot(89)) - s1@group-C181CFA6CA9D: receive installSnapshot: s0->s1#0-t1,chunk:8f26419d-10a9-4cec-adf4-9c1b674c4739,2
2023-03-02 05:41:47,078 [grpc-default-executor-1] TRACE util.FileUtils (LogUtils.java:runAndLog(49)) - Successfully ran Files.createDirectories /tmp/ratis-tests/statemachine/s1/tmp/snapshot-8f26419d-10a9-4cec-adf4-9c1b674c4739
2023-03-02 05:41:47,078 [grpc-default-executor-1] INFO  storage.SnapshotManager (SnapshotManager.java:installSnapshot(89)) - Installing snapshot:s0->s1#0-t1,chunk:8f26419d-10a9-4cec-adf4-9c1b674c4739,2, to tmp dir:/tmp/ratis-tests/statemachine/s1/tmp/snapshot-8f26419d-10a9-4cec-adf4-9c1b674c4739
2023-03-02 05:41:47,079 [grpc-default-executor-1] TRACE util.FileUtils (LogUtils.java:runAndLog(49)) - Successfully ran Files.createDirectories /tmp/ratis-tests/statemachine/s1/tmp/snapshot-8f26419d-10a9-4cec-adf4-9c1b674c4739/1_191
2023-03-02 05:41:47,080 [grpc-default-executor-1] INFO  storage.SnapshotManager (SnapshotManager.java:rename(168)) - Installed snapshot, renaming temporary dir /tmp/ratis-tests/statemachine/s1/tmp/snapshot-8f26419d-10a9-4cec-adf4-9c1b674c4739 to /tmp/ratis-tests/statemachine/s1/snapshot
2023-03-02 05:41:47,080 [grpc-default-executor-1] TRACE util.FileUtils (LogUtils.java:runAndLog(49)) - Successfully ran Atomic Files.move /tmp/ratis-tests/statemachine/s1/snapshot to /tmp/ratis-tests/statemachine/s1/snapshot.tmp20230302-054147_080
2023-03-02 05:41:47,080 [grpc-default-executor-1] TRACE util.FileUtils (LogUtils.java:runAndLog(49)) - Successfully ran Atomic Files.move /tmp/ratis-tests/statemachine/s1/tmp/snapshot-8f26419d-10a9-4cec-adf4-9c1b674c4739 to /tmp/ratis-tests/statemachine/s1/snapshot
2023-03-02 05:41:47,080 [grpc-default-executor-1] TRACE util.FileUtils (FileUtils.java:deleteFully(201)) - deleteFully /tmp/ratis-tests/statemachine/s1/snapshot.tmp20230302-054147_080
2023-03-02 05:41:47,080 [grpc-default-executor-1] TRACE util.FileUtils (LogUtils.java:runAndLog(49)) - Successfully ran Files.delete /tmp/ratis-tests/statemachine/s1/snapshot.tmp20230302-054147_080
2023-03-02 05:41:47,080 [grpc-default-executor-1] INFO  raftlog.RaftLog (RaftLogBase.java:lambda$new$0(53)) - s1@group-C181CFA6CA9D-SegmentedRaftLog: snapshotIndex: updateIncreasingly -1 -> 191
2023-03-02 05:41:47,080 [s1@group-C181CFA6CA9D-StateMachineUpdater] INFO  impl.SimpleStateMachine4Testing (SimpleStateMachine4Testing.java:reinitialize(236)) - Reinitializing StateMachineWithSeparatedSnapshotPath:s1:group-C181CFA6CA9D
2023-03-02 05:41:47,080 [s1@group-C181CFA6CA9D-StateMachineUpdater] INFO  impl.SimpleStateMachine4Testing (SimpleStateMachine4Testing.java:loadSnapshot(293)) - Loading snapshot null
2023-03-02 05:41:47,081 [s1@group-C181CFA6CA9D-StateMachineUpdater] INFO  impl.StateMachineUpdater (StateMachineUpdater.java:lambda$new$0(96)) - s1@group-C181CFA6CA9D-StateMachineUpdater: snapshotIndex: setUnconditionally -1 -> 191
2023-03-02 05:41:47,081 [s1@group-C181CFA6CA9D-StateMachineUpdater] INFO  impl.StateMachineUpdater (StateMachineUpdater.java:lambda$new$0(96)) - s1@group-C181CFA6CA9D-StateMachineUpdater: appliedIndex: setUnconditionally -1 -> 191
2023-03-02 05:41:47,081 [grpc-default-executor-1] INFO  impl.SnapshotInstallationHandler (SnapshotInstallationHandler.java:checkAndInstallSnapshot(193)) - s1@group-C181CFA6CA9D: successfully install the entire snapshot-191
2023-03-02 05:41:47,081 [grpc-default-executor-1] INFO  impl.SnapshotInstallationHandler (SnapshotInstallationHandler.java:installSnapshot(100)) - s1@group-C181CFA6CA9D: reply installSnapshot: s0<-s1#0:OK-t1,SUCCESS,requestIndex=2
2023-03-02 05:41:47,081 [grpc-default-executor-1] INFO  server.GrpcServerProtocolService (GrpcServerProtocolService.java:onCompleted(143)) - s1: Completed INSTALL_SNAPSHOT, lastRequest: s0->s1#0-t1,chunk:8f26419d-10a9-4cec-adf4-9c1b674c4739,2
2023-03-02 05:41:47,083 [grpc-default-executor-1] INFO  server.GrpcLogAppender (GrpcLogAppender.java:onNext(496)) - s0@group-C181CFA6CA9D->s1-InstallSnapshotResponseHandler: received a reply s0<-s1#0:OK-t1,SUCCESS,requestIndex=2
2023-03-02 05:41:47,083 [grpc-default-executor-1] INFO  server.GrpcLogAppender (GrpcLogAppender.java:onNext(509)) - s0@group-C181CFA6CA9D->s1-InstallSnapshotResponseHandler: Completed InstallSnapshot. Reply: serverReply {
  requestorId: "s0"
  replyId: "s1"
  raftGroupId {
    id: "\263u\026\304Bp@\241\246M\301\201\317\246\312\235"
  }
  success: true
}
term: 1
requestIndex: 2

2023-03-02 05:41:47,083 [grpc-default-executor-1] INFO  leader.FollowerInfo (FollowerInfoImpl.java:setAttemptedToInstallSnapshot(126)) - Follower s0@group-C181CFA6CA9D->s1 acknowledged installing snapshot
2023-03-02 05:41:47,083 [grpc-default-executor-1] INFO  server.GrpcLogAppender (GrpcLogAppender.java:onCompleted(574)) - s0@group-C181CFA6CA9D->s1-InstallSnapshotResponseHandler: follower responded installSnapshot COMPLETED
2023-03-02 05:41:47,083 [s0@group-C181CFA6CA9D->s1-GrpcLogAppender-LogAppenderDaemon] INFO  leader.FollowerInfo (FollowerInfoImpl.java:lambda$new$0(52)) - s0@group-C181CFA6CA9D->s1: snapshotIndex: setUnconditionally 0 -> 191
2023-03-02 05:41:47,083 [s0@group-C181CFA6CA9D->s1-GrpcLogAppender-LogAppenderDaemon] INFO  leader.FollowerInfo (FollowerInfoImpl.java:lambda$new$0(52)) - s0@group-C181CFA6CA9D->s1: matchIndex: setUnconditionally -1 -> 191
2023-03-02 05:41:47,083 [s0@group-C181CFA6CA9D->s1-GrpcLogAppender-LogAppenderDaemon] INFO  leader.FollowerInfo (FollowerInfoImpl.java:lambda$new$0(52)) - s0@group-C181CFA6CA9D->s1: nextIndex: setUnconditionally 0 -> 192
2023-03-02 05:41:47,083 [s0@group-C181CFA6CA9D->s1-GrpcLogAppender-LogAppenderDaemon] INFO  server.GrpcLogAppender (GrpcLogAppender.java:installSnapshot(627)) - s0@group-C181CFA6CA9D->s1-GrpcLogAppender: installed snapshot FileListSnapshotInfo(t:1, i:191):[/tmp/ratis-tests/statemachine/s0/snapshot/1_191/deer, /tmp/ratis-tests/statemachine/s0/snapshot/1_191/loves, /tmp/ratis-tests/statemachine/s0/snapshot/1_191/vegetable] successfully
2023-03-02 05:41:47,084 [grpc-default-executor-4] WARN  server.GrpcServerProtocolService (LogUtils.java:warn(122)) - s2: installSnapshot onError, lastRequest: s0->s2#0-t1,chunk:3f5f9e9d-bfe4-49eb-8bed-6187aaf6dc37,0: org.apache.ratis.thirdparty.io.grpc.StatusRuntimeException: CANCELLED: client cancelled
2023-03-02 05:41:47,091 [s1-server-thread1] INFO  impl.RoleInfo (RoleInfo.java:updateAndGet(139)) - s1: start s1@group-C181CFA6CA9D-FollowerState
2023-03-02 05:41:47,100 [s1-server-thread2] INFO  segmented.SegmentedRaftLogWorker (SegmentedRaftLogWorker.java:startLogSegment(426)) - s1@group-C181CFA6CA9D-SegmentedRaftLogWorker: Starting segment from index:192
2023-03-02 05:41:47,106 [s2-server-thread1] INFO  impl.RoleInfo (RoleInfo.java:updateAndGet(139)) - s2: start s2@group-C181CFA6CA9D-FollowerState
2023-03-02 05:41:47,108 [s2-server-thread1] INFO  server.RaftServer$Division (RaftServerImpl.java:checkInconsistentAppendEntries(1599)) - s2@group-C181CFA6CA9D: Failed appendEntries as the first entry (index 0) already exists (snapshotIndex: 191, commitIndex: -1)
2023-03-02 05:41:47,108 [s2-server-thread1] INFO  server.RaftServer$Division (RaftServerImpl.java:checkInconsistentAppendEntries(1579)) - s2@group-C181CFA6CA9D: inconsistency entries. Reply:s0<-s2#1:FAIL-t1,INCONSISTENCY,nextIndex=192,followerCommit=-1,matchIndex=-1
2023-03-02 05:41:47,109 [s1@group-C181CFA6CA9D-SegmentedRaftLogWorker] INFO  segmented.SegmentedRaftLogWorker (SegmentedRaftLogWorker.java:execute(630)) - s1@group-C181CFA6CA9D-SegmentedRaftLogWorker: created new log segment /home/runner/work/ratis/ratis/ratis-test/target/test/data/61ac176a/MiniRaftClusterWithGrpcdeff6051/s1/b37516c4-4270-40a1-a64d-c181cfa6ca9d/current/log_inprogress_192
2023-03-02 05:41:47,111 [s1@group-C181CFA6CA9D-StateMachineUpdater] INFO  impl.SimpleStateMachine4Testing (SimpleStateMachine4Testing.java:put(205)) - s1: put 193, m96 -> (t:1, i:193), STATEMACHINELOGENTRY, 225@client-C016D7B4C321
2023-03-02 05:41:47,111 [s1@group-C181CFA6CA9D-StateMachineUpdater] INFO  impl.SimpleStateMachine4Testing (SimpleStateMachine4Testing.java:put(205)) - s1: put 195, m97 -> (t:1, i:195), STATEMACHINELOGENTRY, 226@client-C016D7B4C321
2023-03-02 05:41:47,111 [s1@group-C181CFA6CA9D-StateMachineUpdater] INFO  impl.SimpleStateMachine4Testing (SimpleStateMachine4Testing.java:put(205)) - s1: put 197, m98 -> (t:1, i:197), STATEMACHINELOGENTRY, 227@client-C016D7B4C321
2023-03-02 05:41:47,111 [s1@group-C181CFA6CA9D-StateMachineUpdater] INFO  impl.SimpleStateMachine4Testing (SimpleStateMachine4Testing.java:put(205)) - s1: put 199, m99 -> (t:1, i:199), STATEMACHINELOGENTRY, 228@client-C016D7B4C321
2023-03-02 05:41:47,111 [s1@group-C181CFA6CA9D-StateMachineUpdater] INFO  impl.SimpleStateMachine4Testing (SimpleStateMachine4Testing.java:put(205)) - s1: put 201, m100 -> (t:1, i:201), STATEMACHINELOGENTRY, 229@client-C016D7B4C321
2023-03-02 05:41:47,111 [s1@group-C181CFA6CA9D-StateMachineUpdater] INFO  impl.SimpleStateMachine4Testing (SimpleStateMachine4Testing.java:put(205)) - s1: put 203, m101 -> (t:1, i:203), STATEMACHINELOGENTRY, 230@client-C016D7B4C321
2023-03-02 05:41:47,112 [s1@group-C181CFA6CA9D-StateMachineUpdater] INFO  impl.SimpleStateMachine4Testing (SimpleStateMachine4Testing.java:put(205)) - s1: put 205, m102 -> (t:1, i:205), STATEMACHINELOGENTRY, 231@client-C016D7B4C321
2023-03-02 05:41:47,112 [s1@group-C181CFA6CA9D-StateMachineUpdater] INFO  impl.SimpleStateMachine4Testing (SimpleStateMachine4Testing.java:put(205)) - s1: put 207, m103 -> (t:1, i:207), STATEMACHINELOGENTRY, 232@client-C016D7B4C321
2023-03-02 05:41:47,112 [s1@group-C181CFA6CA9D-StateMachineUpdater] INFO  impl.SimpleStateMachine4Testing (SimpleStateMachine4Testing.java:put(205)) - s1: put 209, m104 -> (t:1, i:209), STATEMACHINELOGENTRY, 233@client-C016D7B4C321
2023-03-02 05:41:47,112 [s1@group-C181CFA6CA9D-StateMachineUpdater] INFO  impl.SimpleStateMachine4Testing (SimpleStateMachine4Testing.java:put(205)) - s1: put 211, m105 -> (t:1, i:211), STATEMACHINELOGENTRY, 234@client-C016D7B4C321
2023-03-02 05:41:47,112 [s1@group-C181CFA6CA9D-StateMachineUpdater] INFO  impl.SimpleStateMachine4Testing (SimpleStateMachine4Testing.java:put(205)) - s1: put 213, m106 -> (t:1, i:213), STATEMACHINELOGENTRY, 235@client-C016D7B4C321
2023-03-02 05:41:47,112 [s1@group-C181CFA6CA9D-StateMachineUpdater] INFO  impl.SimpleStateMachine4Testing (SimpleStateMachine4Testing.java:put(205)) - s1: put 215, m107 -> (t:1, i:215), STATEMACHINELOGENTRY, 236@client-C016D7B4C321
2023-03-02 05:41:47,112 [s1@group-C181CFA6CA9D-StateMachineUpdater] INFO  impl.SimpleStateMachine4Testing (SimpleStateMachine4Testing.java:put(205)) - s1: put 217, m108 -> (t:1, i:217), STATEMACHINELOGENTRY, 237@client-C016D7B4C321
2023-03-02 05:41:47,112 [s1@group-C181CFA6CA9D-StateMachineUpdater] INFO  impl.SimpleStateMachine4Testing (SimpleStateMachine4Testing.java:put(205)) - s1: put 219, m109 -> (t:1, i:219), STATEMACHINELOGENTRY, 238@client-C016D7B4C321
2023-03-02 05:41:47,113 [s1@group-C181CFA6CA9D-StateMachineUpdater] INFO  impl.SimpleStateMachine4Testing (SimpleStateMachine4Testing.java:put(205)) - s1: put 221, m110 -> (t:1, i:221), STATEMACHINELOGENTRY, 239@client-C016D7B4C321
2023-03-02 05:41:47,113 [s1@group-C181CFA6CA9D-StateMachineUpdater] INFO  impl.SimpleStateMachine4Testing (SimpleStateMachine4Testing.java:put(205)) - s1: put 223, m111 -> (t:1, i:223), STATEMACHINELOGENTRY, 240@client-C016D7B4C321
2023-03-02 05:41:47,113 [s1@group-C181CFA6CA9D-StateMachineUpdater] INFO  impl.SimpleStateMachine4Testing (SimpleStateMachine4Testing.java:put(205)) - s1: put 225, m112 -> (t:1, i:225), STATEMACHINELOGENTRY, 241@client-C016D7B4C321
2023-03-02 05:41:47,113 [s1@group-C181CFA6CA9D-StateMachineUpdater] INFO  impl.SimpleStateMachine4Testing (SimpleStateMachine4Testing.java:put(205)) - s1: put 227, m113 -> (t:1, i:227), STATEMACHINELOGENTRY, 242@client-C016D7B4C321
2023-03-02 05:41:47,113 [s1@group-C181CFA6CA9D-StateMachineUpdater] INFO  impl.SimpleStateMachine4Testing (SimpleStateMachine4Testing.java:put(205)) - s1: put 229, m114 -> (t:1, i:229), STATEMACHINELOGENTRY, 243@client-C016D7B4C321
2023-03-02 05:41:47,113 [s1@group-C181CFA6CA9D-StateMachineUpdater] INFO  impl.SimpleStateMachine4Testing (SimpleStateMachine4Testing.java:put(205)) - s1: put 231, m115 -> (t:1, i:231), STATEMACHINELOGENTRY, 244@client-C016D7B4C321
2023-03-02 05:41:47,113 [s1@group-C181CFA6CA9D-StateMachineUpdater] INFO  impl.SimpleStateMachine4Testing (SimpleStateMachine4Testing.java:put(205)) - s1: put 233, m116 -> (t:1, i:233), STATEMACHINELOGENTRY, 245@client-C016D7B4C321
2023-03-02 05:41:47,113 [s1@group-C181CFA6CA9D-StateMachineUpdater] INFO  impl.SimpleStateMachine4Testing (SimpleStateMachine4Testing.java:put(205)) - s1: put 235, m117 -> (t:1, i:235), STATEMACHINELOGENTRY, 246@client-C016D7B4C321
2023-03-02 05:41:47,114 [s1@group-C181CFA6CA9D-StateMachineUpdater] INFO  impl.SimpleStateMachine4Testing (SimpleStateMachine4Testing.java:put(205)) - s1: put 237, m118 -> (t:1, i:237), STATEMACHINELOGENTRY, 247@client-C016D7B4C321
2023-03-02 05:41:47,114 [s1@group-C181CFA6CA9D-StateMachineUpdater] INFO  impl.SimpleStateMachine4Testing (SimpleStateMachine4Testing.java:put(205)) - s1: put 239, m119 -> (t:1, i:239), STATEMACHINELOGENTRY, 248@client-C016D7B4C321
2023-03-02 05:41:47,114 [s1@group-C181CFA6CA9D-StateMachineUpdater] INFO  impl.SimpleStateMachine4Testing (SimpleStateMachine4Testing.java:put(205)) - s1: put 241, m120 -> (t:1, i:241), STATEMACHINELOGENTRY, 249@client-C016D7B4C321
2023-03-02 05:41:47,114 [s1@group-C181CFA6CA9D-StateMachineUpdater] INFO  impl.SimpleStateMachine4Testing (SimpleStateMachine4Testing.java:put(205)) - s1: put 243, m121 -> (t:1, i:243), STATEMACHINELOGENTRY, 250@client-C016D7B4C321
2023-03-02 05:41:47,114 [s1@group-C181CFA6CA9D-StateMachineUpdater] INFO  impl.SimpleStateMachine4Testing (SimpleStateMachine4Testing.java:put(205)) - s1: put 245, m122 -> (t:1, i:245), STATEMACHINELOGENTRY, 251@client-C016D7B4C321
2023-03-02 05:41:47,114 [s1@group-C181CFA6CA9D-StateMachineUpdater] INFO  impl.SimpleStateMachine4Testing (SimpleStateMachine4Testing.java:put(205)) - s1: put 247, m123 -> (t:1, i:247), STATEMACHINELOGENTRY, 252@client-C016D7B4C321
2023-03-02 05:41:47,114 [s1@group-C181CFA6CA9D-StateMachineUpdater] INFO  impl.SimpleStateMachine4Testing (SimpleStateMachine4Testing.java:put(205)) - s1: put 249, m124 -> (t:1, i:249), STATEMACHINELOGENTRY, 253@client-C016D7B4C321
2023-03-02 05:41:47,114 [s1@group-C181CFA6CA9D-StateMachineUpdater] INFO  impl.SimpleStateMachine4Testing (SimpleStateMachine4Testing.java:put(205)) - s1: put 251, m125 -> (t:1, i:251), STATEMACHINELOGENTRY, 254@client-C016D7B4C321
2023-03-02 05:41:47,115 [s0@group-C181CFA6CA9D-LeaderStateImpl] INFO  server.RaftServer$Division (ServerState.java:setRaftConf(378)) - s0@group-C181CFA6CA9D: set configuration 255: peers:[s0|rpc:localhost:32935|admin:localhost:40111|client:localhost:42477|dataStream:localhost:43463|priority:0|startupRole:FOLLOWER, s1|rpc:0.0.0.0:38227|dataStream:|priority:0|startupRole:FOLLOWER, s2|rpc:0.0.0.0:41479|dataStream:|priority:0|startupRole:FOLLOWER]|listeners:[], old=peers:[s0|rpc:localhost:32935|admin:localhost:40111|client:localhost:42477|dataStream:localhost:43463|priority:0|startupRole:FOLLOWER]|listeners:[]
2023-03-02 05:41:47,118 [s1@group-C181CFA6CA9D-StateMachineUpdater] INFO  impl.SimpleStateMachine4Testing (SimpleStateMachine4Testing.java:put(205)) - s1: put 253, m126 -> (t:1, i:253), STATEMACHINELOGENTRY, 255@client-C016D7B4C321
2023-03-02 05:41:47,127 [grpc-default-executor-0] WARN  server.GrpcLogAppender (GrpcLogAppender.java:onNextImpl(390)) - s0@group-C181CFA6CA9D->s2-AppendLogResponseHandler: received INCONSISTENCY reply with nextIndex 192
2023-03-02 05:41:47,131 [grpc-default-executor-0] INFO  leader.FollowerInfo (FollowerInfoImpl.java:lambda$new$0(52)) - s0@group-C181CFA6CA9D->s2: setNextIndex nextIndex: updateUnconditionally 255 -> 192
2023-03-02 05:41:47,131 [s1-server-thread2] INFO  server.RaftServer$Division (ServerState.java:setRaftConf(378)) - s1@group-C181CFA6CA9D: set configuration 255: peers:[s0|rpc:localhost:32935|admin:localhost:40111|client:localhost:42477|dataStream:localhost:43463|priority:0|startupRole:FOLLOWER, s1|rpc:0.0.0.0:38227|dataStream:|priority:0|startupRole:FOLLOWER, s2|rpc:0.0.0.0:41479|dataStream:|priority:0|startupRole:FOLLOWER]|listeners:[], old=peers:[s0|rpc:localhost:32935|admin:localhost:40111|client:localhost:42477|dataStream:localhost:43463|priority:0|startupRole:FOLLOWER]|listeners:[]
2023-03-02 05:41:47,131 [s2-server-thread1] INFO  server.RaftServer$Division (RaftServerImpl.java:checkInconsistentAppendEntries(1609)) - s2@group-C181CFA6CA9D: Failed appendEntries as previous log entry ((t:1, i:254)) is not found
2023-03-02 05:41:47,131 [s2-server-thread1] INFO  server.RaftServer$Division (RaftServerImpl.java:checkInconsistentAppendEntries(1579)) - s2@group-C181CFA6CA9D: inconsistency entries. Reply:s0<-s2#2:FAIL-t1,INCONSISTENCY,nextIndex=1,followerCommit=0,matchIndex=-1
2023-03-02 05:41:47,132 [grpc-default-executor-4] WARN  server.GrpcLogAppender (GrpcLogAppender.java:onNextImpl(390)) - s0@group-C181CFA6CA9D->s2-AppendLogResponseHandler: received INCONSISTENCY reply with nextIndex 1
2023-03-02 05:41:47,132 [grpc-default-executor-4] INFO  leader.FollowerInfo (FollowerInfoImpl.java:lambda$new$0(52)) - s0@group-C181CFA6CA9D->s2: setNextIndex nextIndex: updateUnconditionally 256 -> 1
2023-03-02 05:41:47,138 [s2-server-thread2] INFO  server.RaftServer$Division (ServerState.java:setRaftConf(378)) - s2@group-C181CFA6CA9D: set configuration 255: peers:[s0|rpc:localhost:32935|admin:localhost:40111|client:localhost:42477|dataStream:localhost:43463|priority:0|startupRole:FOLLOWER, s1|rpc:0.0.0.0:38227|dataStream:|priority:0|startupRole:FOLLOWER, s2|rpc:0.0.0.0:41479|dataStream:|priority:0|startupRole:FOLLOWER]|listeners:[], old=peers:[s0|rpc:localhost:32935|admin:localhost:40111|client:localhost:42477|dataStream:localhost:43463|priority:0|startupRole:FOLLOWER]|listeners:[]
2023-03-02 05:41:47,138 [s2-server-thread2] INFO  segmented.SegmentedRaftLogWorker (SegmentedRaftLogWorker.java:startLogSegment(426)) - s2@group-C181CFA6CA9D-SegmentedRaftLogWorker: Starting segment from index:192
2023-03-02 05:41:47,139 [s0@group-C181CFA6CA9D-LeaderStateImpl] INFO  server.RaftServer$Division (ServerState.java:setRaftConf(378)) - s0@group-C181CFA6CA9D: set configuration 257: peers:[s0|rpc:localhost:32935|admin:localhost:40111|client:localhost:42477|dataStream:localhost:43463|priority:0|startupRole:FOLLOWER, s1|rpc:0.0.0.0:38227|dataStream:|priority:0|startupRole:FOLLOWER, s2|rpc:0.0.0.0:41479|dataStream:|priority:0|startupRole:FOLLOWER]|listeners:[], old=null
2023-03-02 05:41:47,139 [s0@group-C181CFA6CA9D-StateMachineUpdater] TRACE util.FileUtils (FileUtils.java:deleteFully(201)) - deleteFully /tmp/ratis-tests/statemachine/s0/snapshot/1_255
2023-03-02 05:41:47,140 [s0@group-C181CFA6CA9D-StateMachineUpdater] TRACE util.FileUtils (FileUtils.java:deleteFully(217)) - deleteFully: /tmp/ratis-tests/statemachine/s0/snapshot/1_255 does not exist.
2023-03-02 05:41:47,140 [s0@group-C181CFA6CA9D-StateMachineUpdater] TRACE util.FileUtils (FileUtils.java:deleteFully(201)) - deleteFully /tmp/ratis-tests/statemachine/s0/tmp/3d988c76-0ab5-4a86-93cb-614c983ff29e
2023-03-02 05:41:47,140 [s0@group-C181CFA6CA9D-StateMachineUpdater] TRACE util.FileUtils (FileUtils.java:deleteFully(217)) - deleteFully: /tmp/ratis-tests/statemachine/s0/tmp/3d988c76-0ab5-4a86-93cb-614c983ff29e does not exist.
2023-03-02 05:41:47,140 [s0@group-C181CFA6CA9D-StateMachineUpdater] TRACE util.FileUtils (LogUtils.java:runAndLog(49)) - Successfully ran Atomic Files.move /tmp/ratis-tests/statemachine/s0/tmp/3d988c76-0ab5-4a86-93cb-614c983ff29e to /tmp/ratis-tests/statemachine/s0/snapshot/1_255
2023-03-02 05:41:47,140 [s0@group-C181CFA6CA9D-StateMachineUpdater] INFO  impl.StateMachineUpdater (StateMachineUpdater.java:takeSnapshot(290)) - s0@group-C181CFA6CA9D-StateMachineUpdater: Took a snapshot at index 255
2023-03-02 05:41:47,140 [s0@group-C181CFA6CA9D-StateMachineUpdater] INFO  impl.StateMachineUpdater (StateMachineUpdater.java:lambda$new$0(96)) - s0@group-C181CFA6CA9D-StateMachineUpdater: snapshotIndex: updateIncreasingly 191 -> 255
2023-03-02 05:41:47,152 [s1-server-thread2] INFO  server.RaftServer$Division (ServerState.java:setRaftConf(378)) - s1@group-C181CFA6CA9D: set configuration 257: peers:[s0|rpc:localhost:32935|admin:localhost:40111|client:localhost:42477|dataStream:localhost:43463|priority:0|startupRole:FOLLOWER, s1|rpc:0.0.0.0:38227|dataStream:|priority:0|startupRole:FOLLOWER, s2|rpc:0.0.0.0:41479|dataStream:|priority:0|startupRole:FOLLOWER]|listeners:[], old=null
2023-03-02 05:41:47,153 [s1@group-C181CFA6CA9D-StateMachineUpdater] TRACE util.FileUtils (FileUtils.java:deleteFully(201)) - deleteFully /tmp/ratis-tests/statemachine/s1/snapshot/1_255
2023-03-02 05:41:47,153 [s1@group-C181CFA6CA9D-StateMachineUpdater] TRACE util.FileUtils (FileUtils.java:deleteFully(217)) - deleteFully: /tmp/ratis-tests/statemachine/s1/snapshot/1_255 does not exist.
2023-03-02 05:41:47,153 [s1@group-C181CFA6CA9D-StateMachineUpdater] TRACE util.FileUtils (FileUtils.java:deleteFully(201)) - deleteFully /tmp/ratis-tests/statemachine/s1/tmp/aa309b03-ba1d-4727-a5b1-9a1219c33572
2023-03-02 05:41:47,153 [s1@group-C181CFA6CA9D-StateMachineUpdater] TRACE util.FileUtils (FileUtils.java:deleteFully(217)) - deleteFully: /tmp/ratis-tests/statemachine/s1/tmp/aa309b03-ba1d-4727-a5b1-9a1219c33572 does not exist.
2023-03-02 05:41:47,153 [s1@group-C181CFA6CA9D-StateMachineUpdater] TRACE util.FileUtils (LogUtils.java:runAndLog(49)) - Successfully ran Atomic Files.move /tmp/ratis-tests/statemachine/s1/tmp/aa309b03-ba1d-4727-a5b1-9a1219c33572 to /tmp/ratis-tests/statemachine/s1/snapshot/1_255
2023-03-02 05:41:47,153 [s1@group-C181CFA6CA9D-StateMachineUpdater] INFO  impl.StateMachineUpdater (StateMachineUpdater.java:takeSnapshot(290)) - s1@group-C181CFA6CA9D-StateMachineUpdater: Took a snapshot at index 255
2023-03-02 05:41:47,153 [s1@group-C181CFA6CA9D-StateMachineUpdater] INFO  impl.StateMachineUpdater (StateMachineUpdater.java:lambda$new$0(96)) - s1@group-C181CFA6CA9D-StateMachineUpdater: snapshotIndex: updateIncreasingly 191 -> 255
2023-03-02 05:41:47,156 [s2-server-thread1] INFO  server.RaftServer$Division (RaftServerImpl.java:checkInconsistentAppendEntries(1599)) - s2@group-C181CFA6CA9D: Failed appendEntries as the first entry (index 1) already exists (snapshotIndex: 191, commitIndex: 0)
2023-03-02 05:41:47,156 [s2-server-thread1] INFO  server.RaftServer$Division (RaftServerImpl.java:checkInconsistentAppendEntries(1579)) - s2@group-C181CFA6CA9D: inconsistency entries. Reply:s0<-s2#4:FAIL-t1,INCONSISTENCY,nextIndex=192,followerCommit=0,matchIndex=-1
2023-03-02 05:41:47,159 [s2@group-C181CFA6CA9D-SegmentedRaftLogWorker] INFO  segmented.SegmentedRaftLogWorker (SegmentedRaftLogWorker.java:execute(630)) - s2@group-C181CFA6CA9D-SegmentedRaftLogWorker: created new log segment /home/runner/work/ratis/ratis/ratis-test/target/test/data/61ac176a/MiniRaftClusterWithGrpcdeff6051/s2/b37516c4-4270-40a1-a64d-c181cfa6ca9d/current/log_inprogress_192
2023-03-02 05:41:47,183 [Time-limited test] INFO  server.RaftServerConfigKeys (ConfUtils.java:logGet(46)) - raft.server.rpc.timeout.max = 300ms (default)
2023-03-02 05:41:47,186 [s2-server-thread2] INFO  server.RaftServer$Division (RaftServerImpl.java:checkInconsistentAppendEntries(1609)) - s2@group-C181CFA6CA9D: Failed appendEntries as previous log entry ((t:1, i:257)) is not found
2023-03-02 05:41:47,187 [s2-server-thread2] INFO  server.RaftServer$Division (RaftServerImpl.java:checkInconsistentAppendEntries(1579)) - s2@group-C181CFA6CA9D: inconsistency entries. Reply:s0<-s2#5:FAIL-t1,INCONSISTENCY,nextIndex=256,followerCommit=254,matchIndex=-1
2023-03-02 05:41:47,187 [Time-limited test] INFO  impl.RaftServerTestUtil (RaftServerTestUtil.java:waitAndCheckNewConf(87)) - waitAndCheckNewConf: peers=[s1|rpc:0.0.0.0:38227|priority:0|startupRole:FOLLOWER, s2|rpc:0.0.0.0:41479|priority:0|startupRole:FOLLOWER, s0|rpc:localhost:32935|admin:localhost:40111|client:localhost:42477|dataStream:localhost:43463|priority:0|startupRole:FOLLOWER], deadPeers=null, printing ALL groups
  s0:  RUNNING    LEADER s0@group-C181CFA6CA9D:t1, leader=s0, voted=s0, raftlog=Memoized:s0@group-C181CFA6CA9D-SegmentedRaftLog:OPENED:c257, conf=257: peers:[s0|rpc:localhost:32935|admin:localhost:40111|client:localhost:42477|dataStream:localhost:43463|priority:0|startupRole:FOLLOWER, s1|rpc:0.0.0.0:38227|dataStream:|priority:0|startupRole:FOLLOWER, s2|rpc:0.0.0.0:41479|dataStream:|priority:0|startupRole:FOLLOWER]|listeners:[], old=null RUNNING
  s1:  RUNNING  FOLLOWER s1@group-C181CFA6CA9D:t1, leader=s0, voted=null, raftlog=Memoized:s1@group-C181CFA6CA9D-SegmentedRaftLog:OPENED:c257, conf=257: peers:[s0|rpc:localhost:32935|admin:localhost:40111|client:localhost:42477|dataStream:localhost:43463|priority:0|startupRole:FOLLOWER, s1|rpc:0.0.0.0:38227|dataStream:|priority:0|startupRole:FOLLOWER, s2|rpc:0.0.0.0:41479|dataStream:|priority:0|startupRole:FOLLOWER]|listeners:[], old=null RUNNING
  s2:  RUNNING  FOLLOWER s2@group-C181CFA6CA9D:t1, leader=s0, voted=null, raftlog=Memoized:s2@group-C181CFA6CA9D-SegmentedRaftLog:OPENED:c254, conf=255: peers:[s0|rpc:localhost:32935|admin:localhost:40111|client:localhost:42477|dataStream:localhost:43463|priority:0|startupRole:FOLLOWER, s1|rpc:0.0.0.0:38227|dataStream:|priority:0|startupRole:FOLLOWER, s2|rpc:0.0.0.0:41479|dataStream:|priority:0|startupRole:FOLLOWER]|listeners:[], old=peers:[s0|rpc:localhost:32935|admin:localhost:40111|client:localhost:42477|dataStream:localhost:43463|priority:0|startupRole:FOLLOWER]|listeners:[] RUNNING
2023-03-02 05:41:47,187 [Time-limited test] INFO  impl.RaftServerTestUtil (RaftServerTestUtil.java:waitAndCheckNewConf(96)) - checking    LEADER s0@group-C181CFA6CA9D:t1, leader=s0, voted=s0, raftlog=Memoized:s0@group-C181CFA6CA9D-SegmentedRaftLog:OPENED:c257, conf=257: peers:[s0|rpc:localhost:32935|admin:localhost:40111|client:localhost:42477|dataStream:localhost:43463|priority:0|startupRole:FOLLOWER, s1|rpc:0.0.0.0:38227|dataStream:|priority:0|startupRole:FOLLOWER, s2|rpc:0.0.0.0:41479|dataStream:|priority:0|startupRole:FOLLOWER]|listeners:[], old=null RUNNING
2023-03-02 05:41:47,187 [Time-limited test] INFO  impl.RaftServerTestUtil (RaftServerTestUtil.java:waitAndCheckNewConf(96)) - checking  FOLLOWER s1@group-C181CFA6CA9D:t1, leader=s0, voted=null, raftlog=Memoized:s1@group-C181CFA6CA9D-SegmentedRaftLog:OPENED:c257, conf=257: peers:[s0|rpc:localhost:32935|admin:localhost:40111|client:localhost:42477|dataStream:localhost:43463|priority:0|startupRole:FOLLOWER, s1|rpc:0.0.0.0:38227|dataStream:|priority:0|startupRole:FOLLOWER, s2|rpc:0.0.0.0:41479|dataStream:|priority:0|startupRole:FOLLOWER]|listeners:[], old=null RUNNING
2023-03-02 05:41:47,187 [Time-limited test] INFO  impl.RaftServerTestUtil (RaftServerTestUtil.java:waitAndCheckNewConf(96)) - checking  FOLLOWER s2@group-C181CFA6CA9D:t1, leader=s0, voted=null, raftlog=Memoized:s2@group-C181CFA6CA9D-SegmentedRaftLog:OPENED:c254, conf=255: peers:[s0|rpc:localhost:32935|admin:localhost:40111|client:localhost:42477|dataStream:localhost:43463|priority:0|startupRole:FOLLOWER, s1|rpc:0.0.0.0:38227|dataStream:|priority:0|startupRole:FOLLOWER, s2|rpc:0.0.0.0:41479|dataStream:|priority:0|startupRole:FOLLOWER]|listeners:[], old=peers:[s0|rpc:localhost:32935|admin:localhost:40111|client:localhost:42477|dataStream:localhost:43463|priority:0|startupRole:FOLLOWER]|listeners:[] RUNNING
2023-03-02 05:41:47,187 [grpc-default-executor-4] WARN  server.GrpcLogAppender (GrpcLogAppender.java:onNextImpl(390)) - s0@group-C181CFA6CA9D->s2-AppendLogResponseHandler: received INCONSISTENCY reply with nextIndex 192
2023-03-02 05:41:47,187 [Time-limited test] WARN  impl.RaftServerTestUtil (JavaUtils.java:attempt(217)) - FAILED "waitAndCheckNewConf", attempt #1/10: java.lang.AssertionError, sleep 600ms and then retry.
java.lang.AssertionError
	at org.junit.Assert.fail(Assert.java:87)
	at org.junit.Assert.assertTrue(Assert.java:42)
	at org.junit.Assert.assertTrue(Assert.java:53)
	at org.apache.ratis.server.impl.RaftServerTestUtil.waitAndCheckNewConf(RaftServerTestUtil.java:106)
	at org.apache.ratis.server.impl.RaftServerTestUtil.lambda$waitAndCheckNewConf$3(RaftServerTestUtil.java:82)
	at org.apache.ratis.util.function.CheckedRunnable.lambda$asCheckedSupplier$0(CheckedRunnable.java:32)
	at org.apache.ratis.util.JavaUtils.attempt(JavaUtils.java:211)
	at org.apache.ratis.util.JavaUtils.attemptRepeatedly(JavaUtils.java:197)
	at org.apache.ratis.util.JavaUtils.attempt(JavaUtils.java:231)
	at org.apache.ratis.server.impl.RaftServerTestUtil.waitAndCheckNewConf(RaftServerTestUtil.java:82)
	at org.apache.ratis.InstallSnapshotFromLeaderTests.testMultiFileInstallSnapshot(InstallSnapshotFromLeaderTests.java:115)
	at org.apache.ratis.server.impl.MiniRaftCluster$Factory$Get.runWithNewCluster(MiniRaftCluster.java:141)
	at org.apache.ratis.server.impl.MiniRaftCluster$Factory$Get.runWithNewCluster(MiniRaftCluster.java:121)
	at org.apache.ratis.InstallSnapshotFromLeaderTests.testSeparateSnapshotInstallPath(InstallSnapshotFromLeaderTests.java:86)
	at java.base/jdk.internal.reflect.NativeMethodAccessorImpl.invoke0(Native Method)
	at java.base/jdk.internal.reflect.NativeMethodAccessorImpl.invoke(NativeMethodAccessorImpl.java:62)
	at java.base/jdk.internal.reflect.DelegatingMethodAccessorImpl.invoke(DelegatingMethodAccessorImpl.java:43)
	at java.base/java.lang.reflect.Method.invoke(Method.java:566)
	at org.junit.runners.model.FrameworkMethod$1.runReflectiveCall(FrameworkMethod.java:59)
	at org.junit.internal.runners.model.ReflectiveCallable.run(ReflectiveCallable.java:12)
	at org.junit.runners.model.FrameworkMethod.invokeExplosively(FrameworkMethod.java:56)
	at org.junit.internal.runners.statements.InvokeMethod.evaluate(InvokeMethod.java:17)
	at org.junit.internal.runners.statements.RunAfters.evaluate(RunAfters.java:27)
	at org.junit.internal.runners.statements.FailOnTimeout$CallableStatement.call(FailOnTimeout.java:299)
	at org.junit.internal.runners.statements.FailOnTimeout$CallableStatement.call(FailOnTimeout.java:293)
	at java.base/java.util.concurrent.FutureTask.run(FutureTask.java:264)
	at java.base/java.lang.Thread.run(Thread.java:829)
2023-03-02 05:41:47,189 [grpc-default-executor-4] INFO  leader.FollowerInfo (FollowerInfoImpl.java:lambda$new$0(52)) - s0@group-C181CFA6CA9D->s2: setNextIndex nextIndex: updateUnconditionally 259 -> 192
2023-03-02 05:41:47,189 [grpc-default-executor-4] WARN  server.GrpcLogAppender (GrpcLogAppender.java:onNextImpl(390)) - s0@group-C181CFA6CA9D->s2-AppendLogResponseHandler: received INCONSISTENCY reply with nextIndex 256
2023-03-02 05:41:47,190 [grpc-default-executor-4] INFO  leader.FollowerInfo (FollowerInfoImpl.java:lambda$new$0(52)) - s0@group-C181CFA6CA9D->s2: setNextIndex nextIndex: updateUnconditionally 259 -> 256
2023-03-02 05:41:47,191 [s2-server-thread2] INFO  server.RaftServer$Division (RaftServerImpl.java:checkInconsistentAppendEntries(1599)) - s2@group-C181CFA6CA9D: Failed appendEntries as the first entry (index 192) already exists (snapshotIndex: 191, commitIndex: 254)
2023-03-02 05:41:47,191 [s2-server-thread2] INFO  server.RaftServer$Division (RaftServerImpl.java:checkInconsistentAppendEntries(1579)) - s2@group-C181CFA6CA9D: inconsistency entries. Reply:s0<-s2#31:FAIL-t1,INCONSISTENCY,nextIndex=255,followerCommit=254,matchIndex=-1
2023-03-02 05:41:47,191 [grpc-default-executor-4] WARN  server.GrpcLogAppender (GrpcLogAppender.java:onNextImpl(390)) - s0@group-C181CFA6CA9D->s2-AppendLogResponseHandler: received INCONSISTENCY reply with nextIndex 255
2023-03-02 05:41:47,191 [grpc-default-executor-4] INFO  leader.FollowerInfo (FollowerInfoImpl.java:lambda$new$0(52)) - s0@group-C181CFA6CA9D->s2: setNextIndex nextIndex: updateUnconditionally 256 -> 255
2023-03-02 05:41:47,202 [s2-server-thread2] INFO  server.RaftServer$Division (ServerState.java:setRaftConf(378)) - s2@group-C181CFA6CA9D: set configuration 255: peers:[s0|rpc:localhost:32935|admin:localhost:40111|client:localhost:42477|dataStream:localhost:43463|priority:0|startupRole:FOLLOWER, s1|rpc:0.0.0.0:38227|dataStream:|priority:0|startupRole:FOLLOWER, s2|rpc:0.0.0.0:41479|dataStream:|priority:0|startupRole:FOLLOWER]|listeners:[], old=peers:[s0|rpc:localhost:32935|admin:localhost:40111|client:localhost:42477|dataStream:localhost:43463|priority:0|startupRole:FOLLOWER]|listeners:[]
2023-03-02 05:41:47,203 [s2-server-thread2] INFO  server.RaftServer$Division (ServerState.java:setRaftConf(378)) - s2@group-C181CFA6CA9D: set configuration 257: peers:[s0|rpc:localhost:32935|admin:localhost:40111|client:localhost:42477|dataStream:localhost:43463|priority:0|startupRole:FOLLOWER, s1|rpc:0.0.0.0:38227|dataStream:|priority:0|startupRole:FOLLOWER, s2|rpc:0.0.0.0:41479|dataStream:|priority:0|startupRole:FOLLOWER]|listeners:[], old=null
2023-03-02 05:41:47,789 [Time-limited test] INFO  impl.RaftServerTestUtil (RaftServerTestUtil.java:waitAndCheckNewConf(87)) - waitAndCheckNewConf: peers=[s1|rpc:0.0.0.0:38227|priority:0|startupRole:FOLLOWER, s2|rpc:0.0.0.0:41479|priority:0|startupRole:FOLLOWER, s0|rpc:localhost:32935|admin:localhost:40111|client:localhost:42477|dataStream:localhost:43463|priority:0|startupRole:FOLLOWER], deadPeers=null, printing ALL groups
  s0:  RUNNING    LEADER s0@group-C181CFA6CA9D:t1, leader=s0, voted=s0, raftlog=Memoized:s0@group-C181CFA6CA9D-SegmentedRaftLog:OPENED:c258, conf=257: peers:[s0|rpc:localhost:32935|admin:localhost:40111|client:localhost:42477|dataStream:localhost:43463|priority:0|startupRole:FOLLOWER, s1|rpc:0.0.0.0:38227|dataStream:|priority:0|startupRole:FOLLOWER, s2|rpc:0.0.0.0:41479|dataStream:|priority:0|startupRole:FOLLOWER]|listeners:[], old=null RUNNING
  s1:  RUNNING  FOLLOWER s1@group-C181CFA6CA9D:t1, leader=s0, voted=null, raftlog=Memoized:s1@group-C181CFA6CA9D-SegmentedRaftLog:OPENED:c258, conf=257: peers:[s0|rpc:localhost:32935|admin:localhost:40111|client:localhost:42477|dataStream:localhost:43463|priority:0|startupRole:FOLLOWER, s1|rpc:0.0.0.0:38227|dataStream:|priority:0|startupRole:FOLLOWER, s2|rpc:0.0.0.0:41479|dataStream:|priority:0|startupRole:FOLLOWER]|listeners:[], old=null RUNNING
  s2:  RUNNING  FOLLOWER s2@group-C181CFA6CA9D:t1, leader=s0, voted=null, raftlog=Memoized:s2@group-C181CFA6CA9D-SegmentedRaftLog:OPENED:c258, conf=257: peers:[s0|rpc:localhost:32935|admin:localhost:40111|client:localhost:42477|dataStream:localhost:43463|priority:0|startupRole:FOLLOWER, s1|rpc:0.0.0.0:38227|dataStream:|priority:0|startupRole:FOLLOWER, s2|rpc:0.0.0.0:41479|dataStream:|priority:0|startupRole:FOLLOWER]|listeners:[], old=null RUNNING
2023-03-02 05:41:47,793 [Time-limited test] INFO  impl.RaftServerTestUtil (RaftServerTestUtil.java:waitAndCheckNewConf(96)) - checking    LEADER s0@group-C181CFA6CA9D:t1, leader=s0, voted=s0, raftlog=Memoized:s0@group-C181CFA6CA9D-SegmentedRaftLog:OPENED:c258, conf=257: peers:[s0|rpc:localhost:32935|admin:localhost:40111|client:localhost:42477|dataStream:localhost:43463|priority:0|startupRole:FOLLOWER, s1|rpc:0.0.0.0:38227|dataStream:|priority:0|startupRole:FOLLOWER, s2|rpc:0.0.0.0:41479|dataStream:|priority:0|startupRole:FOLLOWER]|listeners:[], old=null RUNNING
2023-03-02 05:41:47,793 [Time-limited test] INFO  impl.RaftServerTestUtil (RaftServerTestUtil.java:waitAndCheckNewConf(96)) - checking  FOLLOWER s1@group-C181CFA6CA9D:t1, leader=s0, voted=null, raftlog=Memoized:s1@group-C181CFA6CA9D-SegmentedRaftLog:OPENED:c258, conf=257: peers:[s0|rpc:localhost:32935|admin:localhost:40111|client:localhost:42477|dataStream:localhost:43463|priority:0|startupRole:FOLLOWER, s1|rpc:0.0.0.0:38227|dataStream:|priority:0|startupRole:FOLLOWER, s2|rpc:0.0.0.0:41479|dataStream:|priority:0|startupRole:FOLLOWER]|listeners:[], old=null RUNNING
2023-03-02 05:41:47,793 [Time-limited test] INFO  impl.RaftServerTestUtil (RaftServerTestUtil.java:waitAndCheckNewConf(96)) - checking  FOLLOWER s2@group-C181CFA6CA9D:t1, leader=s0, voted=null, raftlog=Memoized:s2@group-C181CFA6CA9D-SegmentedRaftLog:OPENED:c258, conf=257: peers:[s0|rpc:localhost:32935|admin:localhost:40111|client:localhost:42477|dataStream:localhost:43463|priority:0|startupRole:FOLLOWER, s1|rpc:0.0.0.0:38227|dataStream:|priority:0|startupRole:FOLLOWER, s2|rpc:0.0.0.0:41479|dataStream:|priority:0|startupRole:FOLLOWER]|listeners:[], old=null RUNNING
2023-03-02 05:41:47,793 [Time-limited test] INFO  impl.MiniRaftCluster (MiniRaftCluster.java:shutdown(831)) - ************************************************************** 
2023-03-02 05:41:47,793 [Time-limited test] INFO  impl.MiniRaftCluster (MiniRaftCluster.java:shutdown(832)) - *** 
2023-03-02 05:41:47,793 [Time-limited test] INFO  impl.MiniRaftCluster (MiniRaftCluster.java:shutdown(833)) - ***     Stopping MiniRaftClusterWithGrpc
2023-03-02 05:41:47,793 [Time-limited test] INFO  impl.MiniRaftCluster (MiniRaftCluster.java:shutdown(834)) - *** 
2023-03-02 05:41:47,794 [Time-limited test] INFO  impl.MiniRaftCluster (MiniRaftCluster.java:shutdown(835)) - ************************************************************** 
2023-03-02 05:41:47,794 [Time-limited test] INFO  impl.MiniRaftCluster (MiniRaftCluster.java:shutdown(836)) - printing ALL groups
  s0:  RUNNING    LEADER s0@group-C181CFA6CA9D:t1, leader=s0, voted=s0, raftlog=Memoized:s0@group-C181CFA6CA9D-SegmentedRaftLog:OPENED:c258, conf=257: peers:[s0|rpc:localhost:32935|admin:localhost:40111|client:localhost:42477|dataStream:localhost:43463|priority:0|startupRole:FOLLOWER, s1|rpc:0.0.0.0:38227|dataStream:|priority:0|startupRole:FOLLOWER, s2|rpc:0.0.0.0:41479|dataStream:|priority:0|startupRole:FOLLOWER]|listeners:[], old=null RUNNING
  s1:  RUNNING  FOLLOWER s1@group-C181CFA6CA9D:t1, leader=s0, voted=null, raftlog=Memoized:s1@group-C181CFA6CA9D-SegmentedRaftLog:OPENED:c258, conf=257: peers:[s0|rpc:localhost:32935|admin:localhost:40111|client:localhost:42477|dataStream:localhost:43463|priority:0|startupRole:FOLLOWER, s1|rpc:0.0.0.0:38227|dataStream:|priority:0|startupRole:FOLLOWER, s2|rpc:0.0.0.0:41479|dataStream:|priority:0|startupRole:FOLLOWER]|listeners:[], old=null RUNNING
  s2:  RUNNING  FOLLOWER s2@group-C181CFA6CA9D:t1, leader=s0, voted=null, raftlog=Memoized:s2@group-C181CFA6CA9D-SegmentedRaftLog:OPENED:c258, conf=257: peers:[s0|rpc:localhost:32935|admin:localhost:40111|client:localhost:42477|dataStream:localhost:43463|priority:0|startupRole:FOLLOWER, s1|rpc:0.0.0.0:38227|dataStream:|priority:0|startupRole:FOLLOWER, s2|rpc:0.0.0.0:41479|dataStream:|priority:0|startupRole:FOLLOWER]|listeners:[], old=null RUNNING
2023-03-02 05:41:47,794 [MiniRaftCluster-7] INFO  server.RaftServer (RaftServerProxy.java:lambda$close$7(417)) - s0: close
2023-03-02 05:41:47,794 [MiniRaftCluster-8] INFO  server.RaftServer (RaftServerProxy.java:lambda$close$7(417)) - s1: close
2023-03-02 05:41:47,830 [MiniRaftCluster-7] INFO  server.GrpcService (GrpcService.java:closeImpl(311)) - s0: shutdown server org.apache.ratis.grpc.server.GrpcClientProtocolService now
2023-03-02 05:41:47,823 [MiniRaftCluster-9] INFO  server.RaftServer (RaftServerProxy.java:lambda$close$7(417)) - s2: close
2023-03-02 05:41:47,834 [s0-impl-thread1] INFO  server.RaftServer$Division (RaftServerImpl.java:lambda$close$4(466)) - s0@group-C181CFA6CA9D: shutdown
2023-03-02 05:41:47,834 [s0-impl-thread1] INFO  util.JmxRegister (JmxRegister.java:unregister(73)) - Successfully un-registered JMX Bean with object name Ratis:service=RaftServer,group=group-C181CFA6CA9D,id=s0
2023-03-02 05:41:47,834 [s0-impl-thread1] INFO  impl.RoleInfo (RoleInfo.java:shutdownLeaderState(93)) - s0: shutdown s0@group-C181CFA6CA9D-LeaderStateImpl
2023-03-02 05:41:47,843 [grpc-default-executor-0] INFO  server.GrpcServerProtocolService (GrpcServerProtocolService.java:onCompleted(143)) - s1: Completed APPEND_ENTRIES, lastRequest: s0->s1#49-t1,previous=(t:1, i:257),leaderCommit=257,initializing? true,entries: size=1, first=(t:1, i:258), METADATAENTRY(c:257)
2023-03-02 05:41:47,843 [grpc-default-executor-4] INFO  server.GrpcLogAppender (GrpcLogAppender.java:onCompleted(417)) - s0@group-C181CFA6CA9D->s1-AppendLogResponseHandler: follower responses appendEntries COMPLETED
2023-03-02 05:41:47,843 [grpc-default-executor-4] INFO  leader.FollowerInfo (FollowerInfoImpl.java:lambda$new$0(52)) - s0@group-C181CFA6CA9D->s1: decreaseNextIndex nextIndex: updateUnconditionally 259 -> 258
2023-03-02 05:41:47,844 [MiniRaftCluster-8] INFO  server.GrpcService (GrpcService.java:closeImpl(311)) - s1: shutdown server GrpcServerProtocolService now
2023-03-02 05:41:47,845 [MiniRaftCluster-9] INFO  server.GrpcService (GrpcService.java:closeImpl(311)) - s2: shutdown server GrpcServerProtocolService now
2023-03-02 05:41:47,846 [s1-impl-thread1] INFO  server.RaftServer$Division (RaftServerImpl.java:lambda$close$4(466)) - s1@group-C181CFA6CA9D: shutdown
2023-03-02 05:41:47,846 [s1-impl-thread1] INFO  util.JmxRegister (JmxRegister.java:unregister(73)) - Successfully un-registered JMX Bean with object name Ratis:service=RaftServer,group=group-C181CFA6CA9D,id=s1
2023-03-02 05:41:47,846 [s1-impl-thread1] INFO  impl.RoleInfo (RoleInfo.java:shutdownFollowerState(110)) - s1: shutdown s1@group-C181CFA6CA9D-FollowerState
2023-03-02 05:41:47,846 [s1-impl-thread1] INFO  impl.StateMachineUpdater (StateMachineUpdater.java:stopAndJoin(154)) - s1@group-C181CFA6CA9D-StateMachineUpdater: set stopIndex = 258
2023-03-02 05:41:47,846 [s2-impl-thread1] INFO  server.RaftServer$Division (RaftServerImpl.java:lambda$close$4(466)) - s2@group-C181CFA6CA9D: shutdown
2023-03-02 05:41:47,846 [s2-impl-thread1] INFO  util.JmxRegister (JmxRegister.java:unregister(73)) - Successfully un-registered JMX Bean with object name Ratis:service=RaftServer,group=group-C181CFA6CA9D,id=s2
2023-03-02 05:41:47,847 [s2-impl-thread1] INFO  impl.RoleInfo (RoleInfo.java:shutdownFollowerState(110)) - s2: shutdown s2@group-C181CFA6CA9D-FollowerState
2023-03-02 05:41:47,847 [s2-impl-thread1] INFO  impl.StateMachineUpdater (StateMachineUpdater.java:stopAndJoin(154)) - s2@group-C181CFA6CA9D-StateMachineUpdater: set stopIndex = 258
2023-03-02 05:41:47,847 [s1@group-C181CFA6CA9D-StateMachineUpdater] TRACE util.FileUtils (FileUtils.java:deleteFully(201)) - deleteFully /tmp/ratis-tests/statemachine/s1/snapshot/1_258
2023-03-02 05:41:47,847 [s1@group-C181CFA6CA9D-StateMachineUpdater] TRACE util.FileUtils (FileUtils.java:deleteFully(217)) - deleteFully: /tmp/ratis-tests/statemachine/s1/snapshot/1_258 does not exist.
2023-03-02 05:41:47,847 [s1@group-C181CFA6CA9D-StateMachineUpdater] TRACE util.FileUtils (FileUtils.java:deleteFully(201)) - deleteFully /tmp/ratis-tests/statemachine/s1/tmp/e74fe923-4304-4066-8464-962c0d17fedf
2023-03-02 05:41:47,847 [s1@group-C181CFA6CA9D-StateMachineUpdater] TRACE util.FileUtils (FileUtils.java:deleteFully(217)) - deleteFully: /tmp/ratis-tests/statemachine/s1/tmp/e74fe923-4304-4066-8464-962c0d17fedf does not exist.
2023-03-02 05:41:47,847 [s1@group-C181CFA6CA9D-StateMachineUpdater] TRACE util.FileUtils (LogUtils.java:runAndLog(49)) - Successfully ran Atomic Files.move /tmp/ratis-tests/statemachine/s1/tmp/e74fe923-4304-4066-8464-962c0d17fedf to /tmp/ratis-tests/statemachine/s1/snapshot/1_258
2023-03-02 05:41:47,847 [s1@group-C181CFA6CA9D-StateMachineUpdater] INFO  impl.StateMachineUpdater (StateMachineUpdater.java:takeSnapshot(290)) - s1@group-C181CFA6CA9D-StateMachineUpdater: Took a snapshot at index 258
2023-03-02 05:41:47,847 [s1@group-C181CFA6CA9D-StateMachineUpdater] INFO  impl.StateMachineUpdater (StateMachineUpdater.java:lambda$new$0(96)) - s1@group-C181CFA6CA9D-StateMachineUpdater: snapshotIndex: updateIncreasingly 255 -> 258
2023-03-02 05:41:47,847 [s1@group-C181CFA6CA9D-StateMachineUpdater] INFO  raftlog.RaftLog (RaftLogBase.java:purge(314)) - s1@group-C181CFA6CA9D-SegmentedRaftLog: purge 258
2023-03-02 05:41:47,847 [s1@group-C181CFA6CA9D-StateMachineUpdater] INFO  raftlog.RaftLog (RaftLogBase.java:lambda$new$0(53)) - s1@group-C181CFA6CA9D-SegmentedRaftLog: snapshotIndex: updateIncreasingly 191 -> 258
2023-03-02 05:41:47,847 [s1@group-C181CFA6CA9D-StateMachineUpdater] INFO  raftlog.RaftLog (RaftLogBase.java:lambda$new$0(53)) - s1@group-C181CFA6CA9D-SegmentedRaftLog: purgeIndex: updateToMax old=-1, new=258, updated? true
2023-03-02 05:41:47,835 [s0-impl-thread1] INFO  impl.PendingRequests (PendingRequests.java:sendNotLeaderResponses(282)) - s0@group-C181CFA6CA9D-PendingRequests: sendNotLeaderResponses
2023-03-02 05:41:47,850 [Thread-109] INFO  server.GrpcServerProtocolClient (GrpcServerProtocolClient.java:close(101)) - s1 Close channels
2023-03-02 05:41:47,850 [Thread-110] INFO  server.GrpcServerProtocolClient (GrpcServerProtocolClient.java:close(101)) - s2 Close channels
2023-03-02 05:41:47,852 [grpc-default-executor-0] INFO  server.GrpcServerProtocolService (GrpcServerProtocolService.java:onCompleted(143)) - s2: Completed APPEND_ENTRIES, lastRequest: s0->s2#32-t1,previous=(t:1, i:254),leaderCommit=258,initializing? true,entries: size=4, first=(t:1, i:255), CONFIGURATIONENTRY(current:id: "s0"
address: "localhost:32935"
dataStreamAddress: "localhost:43463"
clientAddress: "localhost:42477"
adminAddress: "localhost:40111"
startupRole: FOLLOWER
,id: "s1"
address: "0.0.0.0:38227"
clientAddress: "0.0.0.0:38227"
adminAddress: "0.0.0.0:38227"
startupRole: FOLLOWER
,id: "s2"
address: "0.0.0.0:41479"
clientAddress: "0.0.0.0:41479"
adminAddress: "0.0.0.0:41479"
startupRole: FOLLOWER
, old:id: "s0"
address: "localhost:32935"
dataStreamAddress: "localhost:43463"
clientAddress: "localhost:42477"
adminAddress: "localhost:40111"
startupRole: FOLLOWER
)
2023-03-02 05:41:47,874 [MiniRaftCluster-8] INFO  server.GrpcService (GrpcService.java:closeImpl(320)) - s1: shutdown server GrpcServerProtocolService successfully
2023-03-02 05:41:47,847 [s1@group-C181CFA6CA9D-FollowerState] INFO  impl.FollowerState (FollowerState.java:run(152)) - s1@group-C181CFA6CA9D-FollowerState was interrupted
2023-03-02 05:41:47,847 [s2@group-C181CFA6CA9D-FollowerState] INFO  impl.FollowerState (FollowerState.java:run(152)) - s2@group-C181CFA6CA9D-FollowerState was interrupted
2023-03-02 05:41:47,876 [grpc-default-executor-4] INFO  server.GrpcLogAppender (GrpcLogAppender.java:onCompleted(417)) - s0@group-C181CFA6CA9D->s2-AppendLogResponseHandler: follower responses appendEntries COMPLETED
2023-03-02 05:41:47,887 [grpc-default-executor-4] WARN  server.GrpcLogAppender (GrpcLogAppender.java:resetClient(128)) - s0@group-C181CFA6CA9D->s2-GrpcLogAppender: Failed to getClient for s2
org.apache.ratis.protocol.exceptions.AlreadyClosedException: s0 is already CLOSED
	at org.apache.ratis.util.PeerProxyMap$PeerAndProxy.getProxy(PeerProxyMap.java:61)
	at org.apache.ratis.util.PeerProxyMap.getProxy(PeerProxyMap.java:115)
	at org.apache.ratis.grpc.server.GrpcLogAppender.getClient(GrpcLogAppender.java:106)
	at org.apache.ratis.grpc.server.GrpcLogAppender.resetClient(GrpcLogAppender.java:111)
	at org.apache.ratis.grpc.server.GrpcLogAppender.access$500(GrpcLogAppender.java:55)
	at org.apache.ratis.grpc.server.GrpcLogAppender$AppendLogResponseHandler.onCompleted(GrpcLogAppender.java:418)
	at org.apache.ratis.thirdparty.io.grpc.stub.ClientCalls$StreamObserverToCallListenerAdapter.onClose(ClientCalls.java:485)
	at org.apache.ratis.thirdparty.io.grpc.internal.ClientCallImpl.closeObserver(ClientCallImpl.java:562)
	at org.apache.ratis.thirdparty.io.grpc.internal.ClientCallImpl.access$300(ClientCallImpl.java:70)
	at org.apache.ratis.thirdparty.io.grpc.internal.ClientCallImpl$ClientStreamListenerImpl$1StreamClosed.runInternal(ClientCallImpl.java:743)
	at org.apache.ratis.thirdparty.io.grpc.internal.ClientCallImpl$ClientStreamListenerImpl$1StreamClosed.runInContext(ClientCallImpl.java:722)
	at org.apache.ratis.thirdparty.io.grpc.internal.ContextRunnable.run(ContextRunnable.java:37)
	at org.apache.ratis.thirdparty.io.grpc.internal.SerializingExecutor.run(SerializingExecutor.java:133)
	at java.base/java.util.concurrent.ThreadPoolExecutor.runWorker(ThreadPoolExecutor.java:1128)
	at java.base/java.util.concurrent.ThreadPoolExecutor$Worker.run(ThreadPoolExecutor.java:628)
	at java.base/java.lang.Thread.run(Thread.java:829)
2023-03-02 05:41:47,876 [s1-impl-thread1] INFO  server.RaftServer$Division (ServerState.java:close(414)) - s1@group-C181CFA6CA9D: applyIndex: 258
2023-03-02 05:41:47,889 [MiniRaftCluster-7] INFO  server.GrpcService (GrpcService.java:closeImpl(320)) - s0: shutdown server org.apache.ratis.grpc.server.GrpcClientProtocolService successfully
2023-03-02 05:41:47,889 [MiniRaftCluster-7] INFO  server.GrpcService (GrpcService.java:closeImpl(311)) - s0: shutdown server GrpcServerProtocolService now
2023-03-02 05:41:47,889 [MiniRaftCluster-9] INFO  server.GrpcService (GrpcService.java:closeImpl(320)) - s2: shutdown server GrpcServerProtocolService successfully
2023-03-02 05:41:47,891 [s0-impl-thread1] INFO  impl.StateMachineUpdater (StateMachineUpdater.java:stopAndJoin(154)) - s0@group-C181CFA6CA9D-StateMachineUpdater: set stopIndex = 258
2023-03-02 05:41:47,891 [s0@group-C181CFA6CA9D-StateMachineUpdater] TRACE util.FileUtils (FileUtils.java:deleteFully(201)) - deleteFully /tmp/ratis-tests/statemachine/s0/snapshot/1_258
2023-03-02 05:41:47,891 [s0@group-C181CFA6CA9D-StateMachineUpdater] TRACE util.FileUtils (FileUtils.java:deleteFully(217)) - deleteFully: /tmp/ratis-tests/statemachine/s0/snapshot/1_258 does not exist.
2023-03-02 05:41:47,891 [s0@group-C181CFA6CA9D-StateMachineUpdater] TRACE util.FileUtils (FileUtils.java:deleteFully(201)) - deleteFully /tmp/ratis-tests/statemachine/s0/tmp/e263049e-2338-432f-bcd1-aac0665d259a
2023-03-02 05:41:47,891 [s0@group-C181CFA6CA9D-StateMachineUpdater] TRACE util.FileUtils (FileUtils.java:deleteFully(217)) - deleteFully: /tmp/ratis-tests/statemachine/s0/tmp/e263049e-2338-432f-bcd1-aac0665d259a does not exist.
2023-03-02 05:41:47,891 [s0@group-C181CFA6CA9D-StateMachineUpdater] TRACE util.FileUtils (LogUtils.java:runAndLog(49)) - Successfully ran Atomic Files.move /tmp/ratis-tests/statemachine/s0/tmp/e263049e-2338-432f-bcd1-aac0665d259a to /tmp/ratis-tests/statemachine/s0/snapshot/1_258
2023-03-02 05:41:47,891 [s0@group-C181CFA6CA9D-StateMachineUpdater] INFO  impl.StateMachineUpdater (StateMachineUpdater.java:takeSnapshot(290)) - s0@group-C181CFA6CA9D-StateMachineUpdater: Took a snapshot at index 258
2023-03-02 05:41:47,891 [s0@group-C181CFA6CA9D-StateMachineUpdater] INFO  impl.StateMachineUpdater (StateMachineUpdater.java:lambda$new$0(96)) - s0@group-C181CFA6CA9D-StateMachineUpdater: snapshotIndex: updateIncreasingly 255 -> 258
2023-03-02 05:41:47,891 [s0@group-C181CFA6CA9D-StateMachineUpdater] INFO  raftlog.RaftLog (RaftLogBase.java:purge(314)) - s0@group-C181CFA6CA9D-SegmentedRaftLog: purge 258
2023-03-02 05:41:47,891 [s0@group-C181CFA6CA9D-StateMachineUpdater] INFO  raftlog.RaftLog (RaftLogBase.java:lambda$new$0(53)) - s0@group-C181CFA6CA9D-SegmentedRaftLog: snapshotIndex: updateIncreasingly 191 -> 258
2023-03-02 05:41:47,891 [s0@group-C181CFA6CA9D-StateMachineUpdater] INFO  raftlog.RaftLog (RaftLogBase.java:lambda$new$0(53)) - s0@group-C181CFA6CA9D-SegmentedRaftLog: purgeIndex: updateToMax old=191, new=258, updated? true
2023-03-02 05:41:47,892 [s0-impl-thread1] INFO  server.RaftServer$Division (ServerState.java:close(414)) - s0@group-C181CFA6CA9D: applyIndex: 258
2023-03-02 05:41:47,925 [MiniRaftCluster-7] INFO  server.GrpcService (GrpcService.java:closeImpl(320)) - s0: shutdown server GrpcServerProtocolService successfully
2023-03-02 05:41:47,926 [MiniRaftCluster-7] INFO  server.GrpcService (GrpcService.java:closeImpl(311)) - s0: shutdown server org.apache.ratis.grpc.server.GrpcAdminProtocolService now
2023-03-02 05:41:47,950 [MiniRaftCluster-7] INFO  server.GrpcService (GrpcService.java:closeImpl(320)) - s0: shutdown server org.apache.ratis.grpc.server.GrpcAdminProtocolService successfully
2023-03-02 05:41:48,156 [s0-impl-thread1] INFO  segmented.SegmentedRaftLogWorker (SegmentedRaftLogWorker.java:close(242)) - s0@group-C181CFA6CA9D-SegmentedRaftLogWorker close()
2023-03-02 05:41:48,157 [JvmPauseMonitor3] INFO  util.JvmPauseMonitor (JvmPauseMonitor.java:run(109)) - JvmPauseMonitor-s0: Stopped
2023-03-02 05:41:48,188 [s1-impl-thread1] INFO  segmented.SegmentedRaftLogWorker (SegmentedRaftLogWorker.java:close(242)) - s1@group-C181CFA6CA9D-SegmentedRaftLogWorker close()
2023-03-02 05:41:48,191 [JvmPauseMonitor4] INFO  util.JvmPauseMonitor (JvmPauseMonitor.java:run(109)) - JvmPauseMonitor-s1: Stopped
2023-03-02 05:41:52,795 [Time-limited test] INFO  impl.MiniRaftCluster (MiniRaftCluster.java:shutdown(855)) - MiniRaftClusterWithGrpc shutdown completed
2023-03-02 05:41:52,795 [Time-limited test] INFO  impl.MiniRaftCluster (MiniRaftCluster.java:shutdown(831)) - ************************************************************** 
2023-03-02 05:41:52,795 [Time-limited test] INFO  impl.MiniRaftCluster (MiniRaftCluster.java:shutdown(832)) - *** 
2023-03-02 05:41:52,795 [Time-limited test] INFO  impl.MiniRaftCluster (MiniRaftCluster.java:shutdown(833)) - ***     Stopping MiniRaftClusterWithGrpc
2023-03-02 05:41:52,795 [Time-limited test] INFO  impl.MiniRaftCluster (MiniRaftCluster.java:shutdown(834)) - *** 
2023-03-02 05:41:52,795 [Time-limited test] INFO  impl.MiniRaftCluster (MiniRaftCluster.java:shutdown(835)) - ************************************************************** 
2023-03-02 05:41:52,795 [Time-limited test] INFO  impl.MiniRaftCluster (MiniRaftCluster.java:shutdown(836)) - printing ALL groups
  s0:   CLOSED    LEADER s0@group-C181CFA6CA9D:t1, leader=s0, voted=s0, raftlog=Memoized:s0@group-C181CFA6CA9D-SegmentedRaftLog:CLOSED:c258, conf=257: peers:[s0|rpc:localhost:32935|admin:localhost:40111|client:localhost:42477|dataStream:localhost:43463|priority:0|startupRole:FOLLOWER, s1|rpc:0.0.0.0:38227|dataStream:|priority:0|startupRole:FOLLOWER, s2|rpc:0.0.0.0:41479|dataStream:|priority:0|startupRole:FOLLOWER]|listeners:[], old=null CLOSED
  s1:   CLOSED  FOLLOWER s1@group-C181CFA6CA9D:t1, leader=s0, voted=null, raftlog=Memoized:s1@group-C181CFA6CA9D-SegmentedRaftLog:CLOSED:c258, conf=257: peers:[s0|rpc:localhost:32935|admin:localhost:40111|client:localhost:42477|dataStream:localhost:43463|priority:0|startupRole:FOLLOWER, s1|rpc:0.0.0.0:38227|dataStream:|priority:0|startupRole:FOLLOWER, s2|rpc:0.0.0.0:41479|dataStream:|priority:0|startupRole:FOLLOWER]|listeners:[], old=null CLOSED
  s2:  CLOSING  FOLLOWER s2@group-C181CFA6CA9D:t1, leader=s0, voted=null, raftlog=Memoized:s2@group-C181CFA6CA9D-SegmentedRaftLog:OPENED:c258, conf=257: peers:[s0|rpc:localhost:32935|admin:localhost:40111|client:localhost:42477|dataStream:localhost:43463|priority:0|startupRole:FOLLOWER, s1|rpc:0.0.0.0:38227|dataStream:|priority:0|startupRole:FOLLOWER, s2|rpc:0.0.0.0:41479|dataStream:|priority:0|startupRole:FOLLOWER]|listeners:[], old=null CLOSING
2023-03-02 05:41:52,802 [JvmPauseMonitor5] INFO  util.JvmPauseMonitor (JvmPauseMonitor.java:run(109)) - JvmPauseMonitor-s2: Stopped
2023-03-02 05:41:52,802 [Time-limited test] INFO  impl.MiniRaftCluster (MiniRaftCluster.java:shutdown(855)) - MiniRaftClusterWithGrpc shutdown completed
]]></system-out>
  </testcase>
  <testcase name="testMultiFileInstallSnapshot[1]" classname="org.apache.ratis.grpc.TestLeaderInstallSnapshot" time="2.22"/>
  <testcase name="testSeparateSnapshotInstallPath[1]" classname="org.apache.ratis.grpc.TestLeaderInstallSnapshot" time="2.112"/>
</testsuite>