<?xml version="1.0" encoding="UTF-8"?>
<testsuite xmlns:xsi="http://www.w3.org/2001/XMLSchema-instance" xsi:noNamespaceSchemaLocation="https://maven.apache.org/surefire/maven-surefire-plugin/xsd/surefire-test-report.xsd" name="org.apache.ratis.grpc.TestLogAppenderWithGrpc" time="39.296" tests="10" errors="0" skipped="0" failures="1">
  <properties>
    <property name="awt.toolkit" value="sun.awt.X11.XToolkit"/>
    <property name="java.specification.version" value="11"/>
    <property name="sun.cpu.isalist" value=""/>
    <property name="sun.jnu.encoding" value="UTF-8"/>
    <property name="java.class.path" value="/home/runner/work/ratis/ratis/ratis-test/target/test-classes:/home/runner/work/ratis/ratis/ratis-test/target/classes:/home/runner/work/ratis/ratis/ratis-common/target/classes:/home/runner/.m2/repository/org/apache/ratis/ratis-thirdparty-misc/1.0.3/ratis-thirdparty-misc-1.0.3.jar:/home/runner/work/ratis/ratis/ratis-proto/target/ratis-proto-3.0.0-SNAPSHOT.jar:/home/runner/work/ratis/ratis/ratis-common/target/test-classes:/home/runner/work/ratis/ratis/ratis-client/target/classes:/home/runner/work/ratis/ratis/ratis-server/target/classes:/home/runner/work/ratis/ratis/ratis-server-api/target/classes:/home/runner/work/ratis/ratis/ratis-metrics-api/target/classes:/home/runner/work/ratis/ratis/ratis-server/target/test-classes:/home/runner/work/ratis/ratis/ratis-metrics-default/target/classes:/home/runner/work/ratis/ratis/ratis-netty/target/classes:/home/runner/work/ratis/ratis/ratis-netty/target/test-classes:/home/runner/work/ratis/ratis/ratis-grpc/target/classes:/home/runner/work/ratis/ratis/ratis-grpc/target/test-classes:/home/runner/work/ratis/ratis/ratis-shell/target/classes:/home/runner/.m2/repository/commons-cli/commons-cli/1.5.0/commons-cli-1.5.0.jar:/home/runner/.m2/repository/org/reflections/reflections/0.10.2/reflections-0.10.2.jar:/home/runner/.m2/repository/org/javassist/javassist/3.28.0-GA/javassist-3.28.0-GA.jar:/home/runner/.m2/repository/com/google/code/findbugs/jsr305/3.0.2/jsr305-3.0.2.jar:/home/runner/.m2/repository/org/bouncycastle/bcprov-jdk15on/1.70/bcprov-jdk15on-1.70.jar:/home/runner/.m2/repository/org/bouncycastle/bcpkix-jdk15on/1.70/bcpkix-jdk15on-1.70.jar:/home/runner/.m2/repository/org/bouncycastle/bcutil-jdk15on/1.70/bcutil-jdk15on-1.70.jar:/home/runner/.m2/repository/org/slf4j/slf4j-api/1.7.36/slf4j-api-1.7.36.jar:/home/runner/.m2/repository/org/slf4j/slf4j-reload4j/1.7.36/slf4j-reload4j-1.7.36.jar:/home/runner/.m2/repository/ch/qos/reload4j/reload4j/1.2.19/reload4j-1.2.19.jar:/home/runner/.m2/repository/junit/junit/4.13.2/junit-4.13.2.jar:/home/runner/.m2/repository/org/hamcrest/hamcrest-core/1.3/hamcrest-core-1.3.jar:/home/runner/.m2/repository/org/mockito/mockito-core/4.3.1/mockito-core-4.3.1.jar:/home/runner/.m2/repository/net/bytebuddy/byte-buddy/1.12.7/byte-buddy-1.12.7.jar:/home/runner/.m2/repository/net/bytebuddy/byte-buddy-agent/1.12.7/byte-buddy-agent-1.12.7.jar:/home/runner/.m2/repository/org/objenesis/objenesis/3.2/objenesis-3.2.jar:"/>
    <property name="java.vm.vendor" value="Eclipse Adoptium"/>
    <property name="sun.arch.data.model" value="64"/>
    <property name="java.vendor.url" value="https://adoptium.net/"/>
    <property name="user.timezone" value=""/>
    <property name="java.vm.specification.version" value="11"/>
    <property name="os.name" value="Linux"/>
    <property name="sun.java.launcher" value="SUN_STANDARD"/>
    <property name="sun.boot.library.path" value="/usr/lib/jvm/temurin-11-jdk-amd64/lib"/>
    <property name="sun.java.command" value="/home/runner/work/ratis/ratis/ratis-test/target/surefire/surefirebooter5491374963582693789.jar /home/runner/work/ratis/ratis/ratis-test/target/surefire 2023-03-02T05-39-54_755-jvmRun1 surefire16237649341808610790tmp surefire_179426102279319286043tmp"/>
    <property name="jdk.debug" value="release"/>
    <property name="surefire.test.class.path" value="/home/runner/work/ratis/ratis/ratis-test/target/test-classes:/home/runner/work/ratis/ratis/ratis-test/target/classes:/home/runner/work/ratis/ratis/ratis-common/target/classes:/home/runner/.m2/repository/org/apache/ratis/ratis-thirdparty-misc/1.0.3/ratis-thirdparty-misc-1.0.3.jar:/home/runner/work/ratis/ratis/ratis-proto/target/ratis-proto-3.0.0-SNAPSHOT.jar:/home/runner/work/ratis/ratis/ratis-common/target/test-classes:/home/runner/work/ratis/ratis/ratis-client/target/classes:/home/runner/work/ratis/ratis/ratis-server/target/classes:/home/runner/work/ratis/ratis/ratis-server-api/target/classes:/home/runner/work/ratis/ratis/ratis-metrics-api/target/classes:/home/runner/work/ratis/ratis/ratis-server/target/test-classes:/home/runner/work/ratis/ratis/ratis-metrics-default/target/classes:/home/runner/work/ratis/ratis/ratis-netty/target/classes:/home/runner/work/ratis/ratis/ratis-netty/target/test-classes:/home/runner/work/ratis/ratis/ratis-grpc/target/classes:/home/runner/work/ratis/ratis/ratis-grpc/target/test-classes:/home/runner/work/ratis/ratis/ratis-shell/target/classes:/home/runner/.m2/repository/commons-cli/commons-cli/1.5.0/commons-cli-1.5.0.jar:/home/runner/.m2/repository/org/reflections/reflections/0.10.2/reflections-0.10.2.jar:/home/runner/.m2/repository/org/javassist/javassist/3.28.0-GA/javassist-3.28.0-GA.jar:/home/runner/.m2/repository/com/google/code/findbugs/jsr305/3.0.2/jsr305-3.0.2.jar:/home/runner/.m2/repository/org/bouncycastle/bcprov-jdk15on/1.70/bcprov-jdk15on-1.70.jar:/home/runner/.m2/repository/org/bouncycastle/bcpkix-jdk15on/1.70/bcpkix-jdk15on-1.70.jar:/home/runner/.m2/repository/org/bouncycastle/bcutil-jdk15on/1.70/bcutil-jdk15on-1.70.jar:/home/runner/.m2/repository/org/slf4j/slf4j-api/1.7.36/slf4j-api-1.7.36.jar:/home/runner/.m2/repository/org/slf4j/slf4j-reload4j/1.7.36/slf4j-reload4j-1.7.36.jar:/home/runner/.m2/repository/ch/qos/reload4j/reload4j/1.2.19/reload4j-1.2.19.jar:/home/runner/.m2/repository/junit/junit/4.13.2/junit-4.13.2.jar:/home/runner/.m2/repository/org/hamcrest/hamcrest-core/1.3/hamcrest-core-1.3.jar:/home/runner/.m2/repository/org/mockito/mockito-core/4.3.1/mockito-core-4.3.1.jar:/home/runner/.m2/repository/net/bytebuddy/byte-buddy/1.12.7/byte-buddy-1.12.7.jar:/home/runner/.m2/repository/net/bytebuddy/byte-buddy-agent/1.12.7/byte-buddy-agent-1.12.7.jar:/home/runner/.m2/repository/org/objenesis/objenesis/3.2/objenesis-3.2.jar:"/>
    <property name="sun.cpu.endian" value="little"/>
    <property name="user.home" value="/home/runner"/>
    <property name="user.language" value="en"/>
    <property name="java.specification.vendor" value="Oracle Corporation"/>
    <property name="java.version.date" value="2023-01-17"/>
    <property name="java.home" value="/usr/lib/jvm/temurin-11-jdk-amd64"/>
    <property name="file.separator" value="/"/>
    <property name="basedir" value="/home/runner/work/ratis/ratis/ratis-test"/>
    <property name="java.vm.compressedOopsMode" value="32-bit"/>
    <property name="line.separator" value="&#10;"/>
    <property name="java.specification.name" value="Java Platform API Specification"/>
    <property name="java.vm.specification.vendor" value="Oracle Corporation"/>
    <property name="java.awt.graphicsenv" value="sun.awt.X11GraphicsEnvironment"/>
    <property name="surefire.real.class.path" value="/home/runner/work/ratis/ratis/ratis-test/target/surefire/surefirebooter5491374963582693789.jar"/>
    <property name="sun.management.compiler" value="HotSpot 64-Bit Tiered Compilers"/>
    <property name="java.runtime.version" value="11.0.18+10"/>
    <property name="user.name" value="runner"/>
    <property name="java.net.preferIPv4Stack" value="true"/>
    <property name="path.separator" value=":"/>
    <property name="os.version" value="5.15.0-1033-azure"/>
    <property name="java.runtime.name" value="OpenJDK Runtime Environment"/>
    <property name="file.encoding" value="UTF-8"/>
    <property name="java.vm.name" value="OpenJDK 64-Bit Server VM"/>
    <property name="java.vendor.version" value="Temurin-11.0.18+10"/>
    <property name="localRepository" value="/home/runner/.m2/repository"/>
    <property name="java.vendor.url.bug" value="https://github.com/adoptium/adoptium-support/issues"/>
    <property name="java.io.tmpdir" value="/tmp"/>
    <property name="java.version" value="11.0.18"/>
    <property name="user.dir" value="/home/runner/work/ratis/ratis/ratis-test"/>
    <property name="os.arch" value="amd64"/>
    <property name="ratis.tmp.dir" value="/home/runner/work/ratis/ratis/ratis-test/target/tmp"/>
    <property name="java.vm.specification.name" value="Java Virtual Machine Specification"/>
    <property name="java.awt.printerjob" value="sun.print.PSPrinterJob"/>
    <property name="ratis.log.dir" value="/home/runner/work/ratis/ratis/ratis-test/target/log"/>
    <property name="sun.os.patch.level" value="unknown"/>
    <property name="java.library.path" value="/usr/java/packages/lib:/usr/lib64:/lib64:/lib:/usr/lib"/>
    <property name="java.vm.info" value="mixed mode"/>
    <property name="java.vendor" value="Eclipse Adoptium"/>
    <property name="java.vm.version" value="11.0.18+10"/>
    <property name="sun.io.unicode.encoding" value="UnicodeLittle"/>
    <property name="java.class.version" value="55.0"/>
  </properties>
  <testcase name="testRestartLogAppender[0]" classname="org.apache.ratis.grpc.TestLogAppenderWithGrpc" time="3.284"/>
  <testcase name="testPendingLimits[0]" classname="org.apache.ratis.grpc.TestLogAppenderWithGrpc" time="4.683">
    <failure message="expected:&lt;13&gt; but was:&lt;11&gt;" type="java.lang.AssertionError"><![CDATA[java.lang.AssertionError: expected:<13> but was:<11>
	at org.junit.Assert.fail(Assert.java:89)
	at org.junit.Assert.failNotEquals(Assert.java:835)
	at org.junit.Assert.assertEquals(Assert.java:647)
	at org.junit.Assert.assertEquals(Assert.java:633)
	at org.apache.ratis.grpc.TestLogAppenderWithGrpc.lambda$testPendingLimits$0(TestLogAppenderWithGrpc.java:95)
	at org.apache.ratis.util.function.CheckedRunnable.lambda$asCheckedSupplier$0(CheckedRunnable.java:32)
	at org.apache.ratis.util.JavaUtils.attempt(JavaUtils.java:211)
	at org.apache.ratis.util.JavaUtils.attemptRepeatedly(JavaUtils.java:197)
	at org.apache.ratis.util.JavaUtils.attempt(JavaUtils.java:231)
	at org.apache.ratis.grpc.TestLogAppenderWithGrpc.testPendingLimits(TestLogAppenderWithGrpc.java:92)
	at java.base/jdk.internal.reflect.NativeMethodAccessorImpl.invoke0(Native Method)
	at java.base/jdk.internal.reflect.NativeMethodAccessorImpl.invoke(NativeMethodAccessorImpl.java:62)
	at java.base/jdk.internal.reflect.DelegatingMethodAccessorImpl.invoke(DelegatingMethodAccessorImpl.java:43)
	at java.base/java.lang.reflect.Method.invoke(Method.java:566)
	at org.junit.runners.model.FrameworkMethod$1.runReflectiveCall(FrameworkMethod.java:59)
	at org.junit.internal.runners.model.ReflectiveCallable.run(ReflectiveCallable.java:12)
	at org.junit.runners.model.FrameworkMethod.invokeExplosively(FrameworkMethod.java:56)
	at org.junit.internal.runners.statements.InvokeMethod.evaluate(InvokeMethod.java:17)
	at org.junit.internal.runners.statements.RunAfters.evaluate(RunAfters.java:27)
	at org.junit.internal.runners.statements.FailOnTimeout$CallableStatement.call(FailOnTimeout.java:299)
	at org.junit.internal.runners.statements.FailOnTimeout$CallableStatement.call(FailOnTimeout.java:293)
	at java.base/java.util.concurrent.FutureTask.run(FutureTask.java:264)
	at java.base/java.lang.Thread.run(Thread.java:829)
]]></failure>
    <system-out><![CDATA[2023-03-02 05:48:02,426 [main] INFO  util.LogUtils (Slf4jUtils.java:setLogLevel(38)) - Successfully set org.apache.ratis.conf.ConfUtils log level to WARN
2023-03-02 05:48:02,426 [main] INFO  util.LogUtils (Slf4jUtils.java:setLogLevel(38)) - Successfully set org.apache.ratis.util.FileUtils log level to TRACE
2023-03-02 05:48:02,426 [main] INFO  util.LogUtils (Slf4jUtils.java:setLogLevel(38)) - Successfully set org.apache.ratis.server.leader.LogAppender log level to DEBUG
2023-03-02 05:48:02,426 [main] INFO  util.LogUtils (Slf4jUtils.java:setLogLevel(38)) - Successfully set org.apache.ratis.server.leader.FollowerInfo log level to DEBUG
2023-03-02 05:48:02,428 [Time-limited test] INFO  impl.MiniRaftCluster (MiniRaftCluster.java:<init>(306)) - new MiniRaftClusterWithGrpc with group-0E227A9D4CA1:[s0|rpc:localhost:36333|admin:localhost:37311|client:localhost:41849|dataStream:localhost:40293|priority:0|startupRole:FOLLOWER, s1|rpc:localhost:35269|admin:localhost:34487|client:localhost:41729|dataStream:localhost:36469|priority:0|startupRole:FOLLOWER, s2|rpc:localhost:37183|admin:localhost:45897|client:localhost:45089|dataStream:localhost:39983|priority:0|startupRole:FOLLOWER]
2023-03-02 05:48:02,428 [Time-limited test] INFO  impl.MiniRaftCluster (MiniRaftCluster.java:start(339)) - .............................................................. 
2023-03-02 05:48:02,428 [Time-limited test] INFO  impl.MiniRaftCluster (MiniRaftCluster.java:start(340)) - ... 
2023-03-02 05:48:02,428 [Time-limited test] INFO  impl.MiniRaftCluster (MiniRaftCluster.java:start(341)) - ...     Starting MiniRaftClusterWithGrpc
2023-03-02 05:48:02,428 [Time-limited test] INFO  impl.MiniRaftCluster (MiniRaftCluster.java:start(342)) - ... 
2023-03-02 05:48:02,428 [Time-limited test] INFO  impl.MiniRaftCluster (MiniRaftCluster.java:start(343)) - .............................................................. 
2023-03-02 05:48:02,428 [Time-limited test] INFO  impl.MiniRaftCluster (MiniRaftCluster.java:initServers(318)) - servers = {}
2023-03-02 05:48:02,429 [Time-limited test] INFO  impl.MiniRaftCluster (MiniRaftCluster.java:newRaftServer(382)) - newRaftServer: s0, group-0E227A9D4CA1:[s0|rpc:localhost:36333|admin:localhost:37311|client:localhost:41849|dataStream:localhost:40293|priority:0|startupRole:FOLLOWER, s1|rpc:localhost:35269|admin:localhost:34487|client:localhost:41729|dataStream:localhost:36469|priority:0|startupRole:FOLLOWER, s2|rpc:localhost:37183|admin:localhost:45897|client:localhost:45089|dataStream:localhost:39983|priority:0|startupRole:FOLLOWER], format? true
2023-03-02 05:48:02,429 [Time-limited test] TRACE util.FileUtils (FileUtils.java:deleteFully(201)) - deleteFully target/test/data/793006e9/MiniRaftClusterWithGrpcf15e8a6b/s0
2023-03-02 05:48:02,429 [Time-limited test] TRACE util.FileUtils (FileUtils.java:deleteFully(217)) - deleteFully: target/test/data/793006e9/MiniRaftClusterWithGrpcf15e8a6b/s0 does not exist.
2023-03-02 05:48:02,429 [Time-limited test] INFO  impl.MiniRaftCluster (MiniRaftCluster.java:newRaftServer(387)) - Formatted directory target/test/data/793006e9/MiniRaftClusterWithGrpcf15e8a6b/s0
2023-03-02 05:48:02,429 [Time-limited test] INFO  server.RaftServer (ConfUtils.java:logGet(46)) - raft.rpc.type = GRPC (default)
2023-03-02 05:48:02,429 [Time-limited test] INFO  grpc.GrpcConfigKeys (ConfUtils.java:logFallback(53)) - raft.grpc.admin.host = null (fallback to raft.grpc.server.host)
2023-03-02 05:48:02,429 [Time-limited test] INFO  grpc.GrpcConfigKeys (ConfUtils.java:logGet(46)) - raft.grpc.admin.port = 37311 (custom)
2023-03-02 05:48:02,429 [Time-limited test] INFO  grpc.GrpcConfigKeys (ConfUtils.java:logFallback(53)) - raft.grpc.client.host = null (fallback to raft.grpc.server.host)
2023-03-02 05:48:02,430 [Time-limited test] INFO  grpc.GrpcConfigKeys (ConfUtils.java:logGet(46)) - raft.grpc.client.port = 41849 (custom)
2023-03-02 05:48:02,430 [Time-limited test] INFO  grpc.GrpcConfigKeys (ConfUtils.java:logGet(46)) - raft.grpc.server.host = null (default)
2023-03-02 05:48:02,430 [Time-limited test] INFO  grpc.GrpcConfigKeys (ConfUtils.java:logGet(46)) - raft.grpc.server.port = 36333 (custom)
2023-03-02 05:48:02,430 [Time-limited test] INFO  server.GrpcService (ConfUtils.java:logGet(46)) - raft.grpc.message.size.max = 64MB (=67108864) (default)
2023-03-02 05:48:02,430 [Time-limited test] INFO  server.RaftServerConfigKeys (ConfUtils.java:logGet(46)) - raft.server.log.appender.buffer.byte-limit = 4MB (=4194304) (default)
2023-03-02 05:48:02,430 [Time-limited test] INFO  server.GrpcService (ConfUtils.java:logGet(46)) - raft.grpc.flow.control.window = 1MB (=1048576) (default)
2023-03-02 05:48:02,430 [Time-limited test] INFO  server.RaftServerConfigKeys (ConfUtils.java:logGet(46)) - raft.server.rpc.request.timeout = 3000ms (default)
2023-03-02 05:48:02,430 [Time-limited test] INFO  grpc.GrpcConfigKeys (ConfUtils.java:logGet(46)) - raft.grpc.server.heartbeat.channel = true (default)
2023-03-02 05:48:02,430 [Time-limited test] INFO  grpc.GrpcConfigKeys (ConfUtils.java:logGet(46)) - raft.grpc.server.async.request.thread.pool.cached = true (default)
2023-03-02 05:48:02,430 [Time-limited test] INFO  grpc.GrpcConfigKeys (ConfUtils.java:logGet(46)) - raft.grpc.server.async.request.thread.pool.size = 32 (default)
2023-03-02 05:48:02,431 [Time-limited test] INFO  impl.DataStreamServerImpl (ConfUtils.java:logGet(46)) - raft.datastream.type = DISABLED (default)
2023-03-02 05:48:02,431 [Time-limited test] INFO  server.RaftServerConfigKeys (ConfUtils.java:logGet(46)) - raft.server.threadpool.proxy.cached = true (default)
2023-03-02 05:48:02,432 [Time-limited test] INFO  server.RaftServerConfigKeys (ConfUtils.java:logGet(46)) - raft.server.threadpool.proxy.size = 0 (default)
2023-03-02 05:48:02,432 [Time-limited test] INFO  server.RaftServerConfigKeys (ConfUtils.java:logGet(46)) - raft.server.rpc.slowness.timeout = 60s (default)
2023-03-02 05:48:02,432 [Time-limited test] INFO  server.RaftServerConfigKeys (ConfUtils.java:logGet(46)) - raft.server.leaderelection.leader.step-down.wait-time = 10s (default)
2023-03-02 05:48:02,432 [Time-limited test] INFO  server.RaftServerConfigKeys (ConfUtils.java:logGet(46)) - raft.server.storage.dir = [/home/runner/work/ratis/ratis/ratis-test/target/test/data/793006e9/MiniRaftClusterWithGrpcf15e8a6b/s0] (custom)
2023-03-02 05:48:02,432 [Time-limited test] INFO  server.RaftServer (RaftServerProxy.java:addNew(99)) - s0: addNew group-0E227A9D4CA1:[s0|rpc:localhost:36333|admin:localhost:37311|client:localhost:41849|dataStream:localhost:40293|priority:0|startupRole:FOLLOWER, s1|rpc:localhost:35269|admin:localhost:34487|client:localhost:41729|dataStream:localhost:36469|priority:0|startupRole:FOLLOWER, s2|rpc:localhost:37183|admin:localhost:45897|client:localhost:45089|dataStream:localhost:39983|priority:0|startupRole:FOLLOWER] returns group-0E227A9D4CA1:java.util.concurrent.CompletableFuture@51d5a595[Not completed]
2023-03-02 05:48:02,432 [Time-limited test] INFO  impl.MiniRaftCluster (MiniRaftCluster.java:newRaftServer(382)) - newRaftServer: s1, group-0E227A9D4CA1:[s0|rpc:localhost:36333|admin:localhost:37311|client:localhost:41849|dataStream:localhost:40293|priority:0|startupRole:FOLLOWER, s1|rpc:localhost:35269|admin:localhost:34487|client:localhost:41729|dataStream:localhost:36469|priority:0|startupRole:FOLLOWER, s2|rpc:localhost:37183|admin:localhost:45897|client:localhost:45089|dataStream:localhost:39983|priority:0|startupRole:FOLLOWER], format? true
2023-03-02 05:48:02,432 [Time-limited test] TRACE util.FileUtils (FileUtils.java:deleteFully(201)) - deleteFully target/test/data/793006e9/MiniRaftClusterWithGrpcf15e8a6b/s1
2023-03-02 05:48:02,433 [Time-limited test] TRACE util.FileUtils (FileUtils.java:deleteFully(217)) - deleteFully: target/test/data/793006e9/MiniRaftClusterWithGrpcf15e8a6b/s1 does not exist.
2023-03-02 05:48:02,433 [Time-limited test] INFO  impl.MiniRaftCluster (MiniRaftCluster.java:newRaftServer(387)) - Formatted directory target/test/data/793006e9/MiniRaftClusterWithGrpcf15e8a6b/s1
2023-03-02 05:48:02,433 [Time-limited test] INFO  server.RaftServer (ConfUtils.java:logGet(46)) - raft.rpc.type = GRPC (default)
2023-03-02 05:48:02,433 [Time-limited test] INFO  grpc.GrpcConfigKeys (ConfUtils.java:logFallback(53)) - raft.grpc.admin.host = null (fallback to raft.grpc.server.host)
2023-03-02 05:48:02,433 [Time-limited test] INFO  grpc.GrpcConfigKeys (ConfUtils.java:logGet(46)) - raft.grpc.admin.port = 34487 (custom)
2023-03-02 05:48:02,433 [Time-limited test] INFO  grpc.GrpcConfigKeys (ConfUtils.java:logFallback(53)) - raft.grpc.client.host = null (fallback to raft.grpc.server.host)
2023-03-02 05:48:02,433 [Time-limited test] INFO  grpc.GrpcConfigKeys (ConfUtils.java:logGet(46)) - raft.grpc.client.port = 41729 (custom)
2023-03-02 05:48:02,433 [Time-limited test] INFO  grpc.GrpcConfigKeys (ConfUtils.java:logGet(46)) - raft.grpc.server.host = null (default)
2023-03-02 05:48:02,433 [Time-limited test] INFO  grpc.GrpcConfigKeys (ConfUtils.java:logGet(46)) - raft.grpc.server.port = 35269 (custom)
2023-03-02 05:48:02,433 [Time-limited test] INFO  server.GrpcService (ConfUtils.java:logGet(46)) - raft.grpc.message.size.max = 64MB (=67108864) (default)
2023-03-02 05:48:02,433 [Time-limited test] INFO  server.RaftServerConfigKeys (ConfUtils.java:logGet(46)) - raft.server.log.appender.buffer.byte-limit = 4MB (=4194304) (default)
2023-03-02 05:48:02,433 [Time-limited test] INFO  server.GrpcService (ConfUtils.java:logGet(46)) - raft.grpc.flow.control.window = 1MB (=1048576) (default)
2023-03-02 05:48:02,433 [Time-limited test] INFO  server.RaftServerConfigKeys (ConfUtils.java:logGet(46)) - raft.server.rpc.request.timeout = 3000ms (default)
2023-03-02 05:48:02,434 [Time-limited test] INFO  grpc.GrpcConfigKeys (ConfUtils.java:logGet(46)) - raft.grpc.server.heartbeat.channel = true (default)
2023-03-02 05:48:02,434 [Time-limited test] INFO  grpc.GrpcConfigKeys (ConfUtils.java:logGet(46)) - raft.grpc.server.async.request.thread.pool.cached = true (default)
2023-03-02 05:48:02,434 [Time-limited test] INFO  grpc.GrpcConfigKeys (ConfUtils.java:logGet(46)) - raft.grpc.server.async.request.thread.pool.size = 32 (default)
2023-03-02 05:48:02,435 [Time-limited test] INFO  impl.DataStreamServerImpl (ConfUtils.java:logGet(46)) - raft.datastream.type = DISABLED (default)
2023-03-02 05:48:02,435 [Time-limited test] INFO  server.RaftServerConfigKeys (ConfUtils.java:logGet(46)) - raft.server.threadpool.proxy.cached = true (default)
2023-03-02 05:48:02,435 [Time-limited test] INFO  server.RaftServerConfigKeys (ConfUtils.java:logGet(46)) - raft.server.threadpool.proxy.size = 0 (default)
2023-03-02 05:48:02,435 [Time-limited test] INFO  server.RaftServerConfigKeys (ConfUtils.java:logGet(46)) - raft.server.rpc.slowness.timeout = 60s (default)
2023-03-02 05:48:02,435 [Time-limited test] INFO  server.RaftServerConfigKeys (ConfUtils.java:logGet(46)) - raft.server.leaderelection.leader.step-down.wait-time = 10s (default)
2023-03-02 05:48:02,435 [Time-limited test] INFO  server.RaftServerConfigKeys (ConfUtils.java:logGet(46)) - raft.server.storage.dir = [/home/runner/work/ratis/ratis/ratis-test/target/test/data/793006e9/MiniRaftClusterWithGrpcf15e8a6b/s1] (custom)
2023-03-02 05:48:02,435 [s0-groupManagement] INFO  server.RaftServerConfigKeys (ConfUtils.java:logGet(46)) - raft.server.log.segment.size.max = 8MB (=8388608) (default)
2023-03-02 05:48:02,439 [s0-groupManagement] INFO  server.RaftServerConfigKeys (ConfUtils.java:logGet(46)) - raft.server.log.preallocated.size = 4MB (=4194304) (default)
2023-03-02 05:48:02,440 [s0-groupManagement] INFO  server.RaftServerConfigKeys (ConfUtils.java:logGet(46)) - raft.server.log.write.buffer.size = 64KB (=65536) (default)
2023-03-02 05:48:02,440 [s0-groupManagement] INFO  server.RaftServer$Division (RaftServerImpl.java:<init>(198)) - s0: new RaftServerImpl for group-0E227A9D4CA1:[s0|rpc:localhost:36333|admin:localhost:37311|client:localhost:41849|dataStream:localhost:40293|priority:0|startupRole:FOLLOWER, s1|rpc:localhost:35269|admin:localhost:34487|client:localhost:41729|dataStream:localhost:36469|priority:0|startupRole:FOLLOWER, s2|rpc:localhost:37183|admin:localhost:45897|client:localhost:45089|dataStream:localhost:39983|priority:0|startupRole:FOLLOWER] with SimpleStateMachine4Testing:uninitialized
2023-03-02 05:48:02,440 [s0-groupManagement] INFO  server.RaftServerConfigKeys (ConfUtils.java:logGet(46)) - raft.server.rpc.timeout.min = 150ms (default)
2023-03-02 05:48:02,440 [s0-groupManagement] INFO  server.RaftServerConfigKeys (ConfUtils.java:logGet(46)) - raft.server.rpc.timeout.max = 300ms (default)
2023-03-02 05:48:02,440 [s0-groupManagement] INFO  server.RaftServerConfigKeys (ConfUtils.java:logGet(46)) - raft.server.rpc.sleep.time = 25ms (default)
2023-03-02 05:48:02,440 [s0-groupManagement] INFO  server.RaftServerConfigKeys (ConfUtils.java:logGet(46)) - raft.server.rpc.slowness.timeout = 60s (default)
2023-03-02 05:48:02,440 [s0-groupManagement] INFO  server.RaftServerConfigKeys (ConfUtils.java:logGet(46)) - raft.server.leaderelection.leader.step-down.wait-time = 10s (default)
2023-03-02 05:48:02,440 [s0-groupManagement] INFO  server.RaftServerConfigKeys (ConfUtils.java:logGet(46)) - raft.server.sleep.deviation.threshold = 300ms (default)
2023-03-02 05:48:02,440 [s0-groupManagement] INFO  server.RaftServer$Division (ServerState.java:<init>(113)) - s0@group-0E227A9D4CA1: ConfigurationManager, init=-1: peers:[s0|rpc:localhost:36333|admin:localhost:37311|client:localhost:41849|dataStream:localhost:40293|priority:0|startupRole:FOLLOWER, s1|rpc:localhost:35269|admin:localhost:34487|client:localhost:41729|dataStream:localhost:36469|priority:0|startupRole:FOLLOWER, s2|rpc:localhost:37183|admin:localhost:45897|client:localhost:45089|dataStream:localhost:39983|priority:0|startupRole:FOLLOWER]|listeners:[], old=null, confs=<EMPTY_MAP>
2023-03-02 05:48:02,441 [s0-groupManagement] INFO  server.RaftServerConfigKeys (ConfUtils.java:logGet(46)) - raft.server.notification.no-leader.timeout = 60s (default)
2023-03-02 05:48:02,441 [s0-groupManagement] INFO  server.RaftServerConfigKeys (ConfUtils.java:logGet(46)) - raft.server.read.timeout = 10s (default)
2023-03-02 05:48:02,442 [s0-groupManagement] INFO  server.RaftServerConfigKeys (ConfUtils.java:logGet(46)) - raft.server.retrycache.expirytime = 60s (default)
2023-03-02 05:48:02,442 [Time-limited test] INFO  server.RaftServer (RaftServerProxy.java:addNew(99)) - s1: addNew group-0E227A9D4CA1:[s0|rpc:localhost:36333|admin:localhost:37311|client:localhost:41849|dataStream:localhost:40293|priority:0|startupRole:FOLLOWER, s1|rpc:localhost:35269|admin:localhost:34487|client:localhost:41729|dataStream:localhost:36469|priority:0|startupRole:FOLLOWER, s2|rpc:localhost:37183|admin:localhost:45897|client:localhost:45089|dataStream:localhost:39983|priority:0|startupRole:FOLLOWER] returns group-0E227A9D4CA1:java.util.concurrent.CompletableFuture@1576cd2c[Not completed]
2023-03-02 05:48:02,445 [Time-limited test] INFO  impl.MiniRaftCluster (MiniRaftCluster.java:newRaftServer(382)) - newRaftServer: s2, group-0E227A9D4CA1:[s0|rpc:localhost:36333|admin:localhost:37311|client:localhost:41849|dataStream:localhost:40293|priority:0|startupRole:FOLLOWER, s1|rpc:localhost:35269|admin:localhost:34487|client:localhost:41729|dataStream:localhost:36469|priority:0|startupRole:FOLLOWER, s2|rpc:localhost:37183|admin:localhost:45897|client:localhost:45089|dataStream:localhost:39983|priority:0|startupRole:FOLLOWER], format? true
2023-03-02 05:48:02,445 [Time-limited test] TRACE util.FileUtils (FileUtils.java:deleteFully(201)) - deleteFully target/test/data/793006e9/MiniRaftClusterWithGrpcf15e8a6b/s2
2023-03-02 05:48:02,445 [s0-groupManagement] INFO  server.RaftServerConfigKeys (ConfUtils.java:logGet(46)) - raft.server.retrycache.statistics.expirytime = 100μs (default)
2023-03-02 05:48:02,446 [Time-limited test] TRACE util.FileUtils (FileUtils.java:deleteFully(217)) - deleteFully: target/test/data/793006e9/MiniRaftClusterWithGrpcf15e8a6b/s2 does not exist.
2023-03-02 05:48:02,446 [Time-limited test] INFO  impl.MiniRaftCluster (MiniRaftCluster.java:newRaftServer(387)) - Formatted directory target/test/data/793006e9/MiniRaftClusterWithGrpcf15e8a6b/s2
2023-03-02 05:48:02,446 [s0-groupManagement] INFO  server.RaftServerConfigKeys (ConfUtils.java:logGet(46)) - raft.server.read.option = DEFAULT (default)
2023-03-02 05:48:02,446 [Time-limited test] INFO  server.RaftServer (ConfUtils.java:logGet(46)) - raft.rpc.type = GRPC (default)
2023-03-02 05:48:02,446 [Time-limited test] INFO  grpc.GrpcConfigKeys (ConfUtils.java:logFallback(53)) - raft.grpc.admin.host = null (fallback to raft.grpc.server.host)
2023-03-02 05:48:02,446 [Time-limited test] INFO  grpc.GrpcConfigKeys (ConfUtils.java:logGet(46)) - raft.grpc.admin.port = 45897 (custom)
2023-03-02 05:48:02,446 [Time-limited test] INFO  grpc.GrpcConfigKeys (ConfUtils.java:logFallback(53)) - raft.grpc.client.host = null (fallback to raft.grpc.server.host)
2023-03-02 05:48:02,446 [Time-limited test] INFO  grpc.GrpcConfigKeys (ConfUtils.java:logGet(46)) - raft.grpc.client.port = 45089 (custom)
2023-03-02 05:48:02,446 [Time-limited test] INFO  grpc.GrpcConfigKeys (ConfUtils.java:logGet(46)) - raft.grpc.server.host = null (default)
2023-03-02 05:48:02,446 [Time-limited test] INFO  grpc.GrpcConfigKeys (ConfUtils.java:logGet(46)) - raft.grpc.server.port = 37183 (custom)
2023-03-02 05:48:02,447 [Time-limited test] INFO  server.GrpcService (ConfUtils.java:logGet(46)) - raft.grpc.message.size.max = 64MB (=67108864) (default)
2023-03-02 05:48:02,447 [Time-limited test] INFO  server.RaftServerConfigKeys (ConfUtils.java:logGet(46)) - raft.server.log.appender.buffer.byte-limit = 4MB (=4194304) (default)
2023-03-02 05:48:02,447 [Time-limited test] INFO  server.GrpcService (ConfUtils.java:logGet(46)) - raft.grpc.flow.control.window = 1MB (=1048576) (default)
2023-03-02 05:48:02,447 [Time-limited test] INFO  server.RaftServerConfigKeys (ConfUtils.java:logGet(46)) - raft.server.rpc.request.timeout = 3000ms (default)
2023-03-02 05:48:02,447 [Time-limited test] INFO  grpc.GrpcConfigKeys (ConfUtils.java:logGet(46)) - raft.grpc.server.heartbeat.channel = true (default)
2023-03-02 05:48:02,447 [Time-limited test] INFO  grpc.GrpcConfigKeys (ConfUtils.java:logGet(46)) - raft.grpc.server.async.request.thread.pool.cached = true (default)
2023-03-02 05:48:02,447 [Time-limited test] INFO  grpc.GrpcConfigKeys (ConfUtils.java:logGet(46)) - raft.grpc.server.async.request.thread.pool.size = 32 (default)
2023-03-02 05:48:02,447 [s0-groupManagement] INFO  server.RaftServerConfigKeys (ConfUtils.java:logGet(46)) - raft.server.log.appender.install.snapshot.enabled = true (default)
2023-03-02 05:48:02,447 [s0-groupManagement] INFO  server.RaftServerConfigKeys (ConfUtils.java:logGet(46)) - raft.server.threadpool.server.cached = true (default)
2023-03-02 05:48:02,448 [s0-groupManagement] INFO  server.RaftServerConfigKeys (ConfUtils.java:logGet(46)) - raft.server.threadpool.server.size = 0 (default)
2023-03-02 05:48:02,448 [s0-groupManagement] INFO  server.RaftServerConfigKeys (ConfUtils.java:logGet(46)) - raft.server.threadpool.client.cached = true (default)
2023-03-02 05:48:02,448 [s0-groupManagement] INFO  server.RaftServerConfigKeys (ConfUtils.java:logGet(46)) - raft.server.threadpool.client.size = 0 (default)
2023-03-02 05:48:02,448 [Time-limited test] INFO  impl.DataStreamServerImpl (ConfUtils.java:logGet(46)) - raft.datastream.type = DISABLED (default)
2023-03-02 05:48:02,448 [Time-limited test] INFO  server.RaftServerConfigKeys (ConfUtils.java:logGet(46)) - raft.server.threadpool.proxy.cached = true (default)
2023-03-02 05:48:02,448 [Time-limited test] INFO  server.RaftServerConfigKeys (ConfUtils.java:logGet(46)) - raft.server.threadpool.proxy.size = 0 (default)
2023-03-02 05:48:02,448 [Time-limited test] INFO  server.RaftServerConfigKeys (ConfUtils.java:logGet(46)) - raft.server.rpc.slowness.timeout = 60s (default)
2023-03-02 05:48:02,448 [Time-limited test] INFO  server.RaftServerConfigKeys (ConfUtils.java:logGet(46)) - raft.server.leaderelection.leader.step-down.wait-time = 10s (default)
2023-03-02 05:48:02,448 [Time-limited test] INFO  server.RaftServerConfigKeys (ConfUtils.java:logGet(46)) - raft.server.storage.dir = [/home/runner/work/ratis/ratis/ratis-test/target/test/data/793006e9/MiniRaftClusterWithGrpcf15e8a6b/s2] (custom)
2023-03-02 05:48:02,448 [s1-groupManagement] INFO  server.RaftServerConfigKeys (ConfUtils.java:logGet(46)) - raft.server.log.segment.size.max = 8MB (=8388608) (default)
2023-03-02 05:48:02,449 [s1-groupManagement] INFO  server.RaftServerConfigKeys (ConfUtils.java:logGet(46)) - raft.server.log.preallocated.size = 4MB (=4194304) (default)
2023-03-02 05:48:02,449 [s1-groupManagement] INFO  server.RaftServerConfigKeys (ConfUtils.java:logGet(46)) - raft.server.log.write.buffer.size = 64KB (=65536) (default)
2023-03-02 05:48:02,449 [s1-groupManagement] INFO  server.RaftServer$Division (RaftServerImpl.java:<init>(198)) - s1: new RaftServerImpl for group-0E227A9D4CA1:[s0|rpc:localhost:36333|admin:localhost:37311|client:localhost:41849|dataStream:localhost:40293|priority:0|startupRole:FOLLOWER, s1|rpc:localhost:35269|admin:localhost:34487|client:localhost:41729|dataStream:localhost:36469|priority:0|startupRole:FOLLOWER, s2|rpc:localhost:37183|admin:localhost:45897|client:localhost:45089|dataStream:localhost:39983|priority:0|startupRole:FOLLOWER] with SimpleStateMachine4Testing:uninitialized
2023-03-02 05:48:02,449 [s1-groupManagement] INFO  server.RaftServerConfigKeys (ConfUtils.java:logGet(46)) - raft.server.rpc.timeout.min = 150ms (default)
2023-03-02 05:48:02,449 [s1-groupManagement] INFO  server.RaftServerConfigKeys (ConfUtils.java:logGet(46)) - raft.server.rpc.timeout.max = 300ms (default)
2023-03-02 05:48:02,449 [s1-groupManagement] INFO  server.RaftServerConfigKeys (ConfUtils.java:logGet(46)) - raft.server.rpc.sleep.time = 25ms (default)
2023-03-02 05:48:02,449 [s1-groupManagement] INFO  server.RaftServerConfigKeys (ConfUtils.java:logGet(46)) - raft.server.rpc.slowness.timeout = 60s (default)
2023-03-02 05:48:02,449 [s1-groupManagement] INFO  server.RaftServerConfigKeys (ConfUtils.java:logGet(46)) - raft.server.leaderelection.leader.step-down.wait-time = 10s (default)
2023-03-02 05:48:02,449 [s1-groupManagement] INFO  server.RaftServerConfigKeys (ConfUtils.java:logGet(46)) - raft.server.sleep.deviation.threshold = 300ms (default)
2023-03-02 05:48:02,449 [s1-groupManagement] INFO  server.RaftServer$Division (ServerState.java:<init>(113)) - s1@group-0E227A9D4CA1: ConfigurationManager, init=-1: peers:[s0|rpc:localhost:36333|admin:localhost:37311|client:localhost:41849|dataStream:localhost:40293|priority:0|startupRole:FOLLOWER, s1|rpc:localhost:35269|admin:localhost:34487|client:localhost:41729|dataStream:localhost:36469|priority:0|startupRole:FOLLOWER, s2|rpc:localhost:37183|admin:localhost:45897|client:localhost:45089|dataStream:localhost:39983|priority:0|startupRole:FOLLOWER]|listeners:[], old=null, confs=<EMPTY_MAP>
2023-03-02 05:48:02,449 [s1-groupManagement] INFO  server.RaftServerConfigKeys (ConfUtils.java:logGet(46)) - raft.server.notification.no-leader.timeout = 60s (default)
2023-03-02 05:48:02,449 [s1-groupManagement] INFO  server.RaftServerConfigKeys (ConfUtils.java:logGet(46)) - raft.server.read.timeout = 10s (default)
2023-03-02 05:48:02,449 [s1-groupManagement] INFO  server.RaftServerConfigKeys (ConfUtils.java:logGet(46)) - raft.server.retrycache.expirytime = 60s (default)
2023-03-02 05:48:02,450 [s1-groupManagement] INFO  server.RaftServerConfigKeys (ConfUtils.java:logGet(46)) - raft.server.retrycache.statistics.expirytime = 100μs (default)
2023-03-02 05:48:02,450 [s1-groupManagement] INFO  server.RaftServerConfigKeys (ConfUtils.java:logGet(46)) - raft.server.read.option = DEFAULT (default)
2023-03-02 05:48:02,451 [s1-groupManagement] INFO  server.RaftServerConfigKeys (ConfUtils.java:logGet(46)) - raft.server.log.appender.install.snapshot.enabled = true (default)
2023-03-02 05:48:02,451 [s1-groupManagement] INFO  server.RaftServerConfigKeys (ConfUtils.java:logGet(46)) - raft.server.threadpool.server.cached = true (default)
2023-03-02 05:48:02,451 [s1-groupManagement] INFO  server.RaftServerConfigKeys (ConfUtils.java:logGet(46)) - raft.server.threadpool.server.size = 0 (default)
2023-03-02 05:48:02,451 [s1-groupManagement] INFO  server.RaftServerConfigKeys (ConfUtils.java:logGet(46)) - raft.server.threadpool.client.cached = true (default)
2023-03-02 05:48:02,451 [s1-groupManagement] INFO  server.RaftServerConfigKeys (ConfUtils.java:logGet(46)) - raft.server.threadpool.client.size = 0 (default)
2023-03-02 05:48:02,455 [Time-limited test] INFO  server.RaftServer (RaftServerProxy.java:addNew(99)) - s2: addNew group-0E227A9D4CA1:[s0|rpc:localhost:36333|admin:localhost:37311|client:localhost:41849|dataStream:localhost:40293|priority:0|startupRole:FOLLOWER, s1|rpc:localhost:35269|admin:localhost:34487|client:localhost:41729|dataStream:localhost:36469|priority:0|startupRole:FOLLOWER, s2|rpc:localhost:37183|admin:localhost:45897|client:localhost:45089|dataStream:localhost:39983|priority:0|startupRole:FOLLOWER] returns group-0E227A9D4CA1:java.util.concurrent.CompletableFuture@3284002a[Not completed]
2023-03-02 05:48:02,456 [s0-impl-thread1] INFO  server.RaftServerConfigKeys (ConfUtils.java:logGet(46)) - raft.server.storage.free-space.min = 0MB (=0) (default)
2023-03-02 05:48:02,456 [s0-impl-thread1] INFO  server.RaftServerConfigKeys (ConfUtils.java:logGet(46)) - raft.server.log.corruption.policy = EXCEPTION (default)
2023-03-02 05:48:02,457 [s0-impl-thread1] INFO  server.RaftServerConfigKeys (ConfUtils.java:logGet(46)) - raft.server.storage.dir = [/home/runner/work/ratis/ratis/ratis-test/target/test/data/793006e9/MiniRaftClusterWithGrpcf15e8a6b/s0] (custom)
2023-03-02 05:48:02,457 [s0-impl-thread1] INFO  storage.RaftStorageDirectory (RaftStorageDirectoryImpl.java:analyzeStorage(138)) - The storage directory /home/runner/work/ratis/ratis/ratis-test/target/test/data/793006e9/MiniRaftClusterWithGrpcf15e8a6b/s0/615c80e3-3fba-41e9-9f3b-0e227a9d4ca1 does not exist. Creating ...
2023-03-02 05:48:02,457 [s2-groupManagement] INFO  server.RaftServerConfigKeys (ConfUtils.java:logGet(46)) - raft.server.log.segment.size.max = 8MB (=8388608) (default)
2023-03-02 05:48:02,459 [s2-groupManagement] INFO  server.RaftServerConfigKeys (ConfUtils.java:logGet(46)) - raft.server.log.preallocated.size = 4MB (=4194304) (default)
2023-03-02 05:48:02,459 [s2-groupManagement] INFO  server.RaftServerConfigKeys (ConfUtils.java:logGet(46)) - raft.server.log.write.buffer.size = 64KB (=65536) (default)
2023-03-02 05:48:02,459 [s2-groupManagement] INFO  server.RaftServer$Division (RaftServerImpl.java:<init>(198)) - s2: new RaftServerImpl for group-0E227A9D4CA1:[s0|rpc:localhost:36333|admin:localhost:37311|client:localhost:41849|dataStream:localhost:40293|priority:0|startupRole:FOLLOWER, s1|rpc:localhost:35269|admin:localhost:34487|client:localhost:41729|dataStream:localhost:36469|priority:0|startupRole:FOLLOWER, s2|rpc:localhost:37183|admin:localhost:45897|client:localhost:45089|dataStream:localhost:39983|priority:0|startupRole:FOLLOWER] with SimpleStateMachine4Testing:uninitialized
2023-03-02 05:48:02,459 [s2-groupManagement] INFO  server.RaftServerConfigKeys (ConfUtils.java:logGet(46)) - raft.server.rpc.timeout.min = 150ms (default)
2023-03-02 05:48:02,459 [s2-groupManagement] INFO  server.RaftServerConfigKeys (ConfUtils.java:logGet(46)) - raft.server.rpc.timeout.max = 300ms (default)
2023-03-02 05:48:02,459 [s2-groupManagement] INFO  server.RaftServerConfigKeys (ConfUtils.java:logGet(46)) - raft.server.rpc.sleep.time = 25ms (default)
2023-03-02 05:48:02,459 [s2-groupManagement] INFO  server.RaftServerConfigKeys (ConfUtils.java:logGet(46)) - raft.server.rpc.slowness.timeout = 60s (default)
2023-03-02 05:48:02,459 [s2-groupManagement] INFO  server.RaftServerConfigKeys (ConfUtils.java:logGet(46)) - raft.server.leaderelection.leader.step-down.wait-time = 10s (default)
2023-03-02 05:48:02,459 [s2-groupManagement] INFO  server.RaftServerConfigKeys (ConfUtils.java:logGet(46)) - raft.server.sleep.deviation.threshold = 300ms (default)
2023-03-02 05:48:02,460 [s2-groupManagement] INFO  server.RaftServer$Division (ServerState.java:<init>(113)) - s2@group-0E227A9D4CA1: ConfigurationManager, init=-1: peers:[s0|rpc:localhost:36333|admin:localhost:37311|client:localhost:41849|dataStream:localhost:40293|priority:0|startupRole:FOLLOWER, s1|rpc:localhost:35269|admin:localhost:34487|client:localhost:41729|dataStream:localhost:36469|priority:0|startupRole:FOLLOWER, s2|rpc:localhost:37183|admin:localhost:45897|client:localhost:45089|dataStream:localhost:39983|priority:0|startupRole:FOLLOWER]|listeners:[], old=null, confs=<EMPTY_MAP>
2023-03-02 05:48:02,460 [s2-groupManagement] INFO  server.RaftServerConfigKeys (ConfUtils.java:logGet(46)) - raft.server.notification.no-leader.timeout = 60s (default)
2023-03-02 05:48:02,460 [s2-groupManagement] INFO  server.RaftServerConfigKeys (ConfUtils.java:logGet(46)) - raft.server.read.timeout = 10s (default)
2023-03-02 05:48:02,460 [s2-groupManagement] INFO  server.RaftServerConfigKeys (ConfUtils.java:logGet(46)) - raft.server.retrycache.expirytime = 60s (default)
2023-03-02 05:48:02,460 [s2-groupManagement] INFO  server.RaftServerConfigKeys (ConfUtils.java:logGet(46)) - raft.server.retrycache.statistics.expirytime = 100μs (default)
2023-03-02 05:48:02,460 [s2-groupManagement] INFO  server.RaftServerConfigKeys (ConfUtils.java:logGet(46)) - raft.server.read.option = DEFAULT (default)
2023-03-02 05:48:02,457 [s0-impl-thread1] TRACE util.FileUtils (LogUtils.java:runAndLog(49)) - Successfully ran Files.createDirectories /home/runner/work/ratis/ratis/ratis-test/target/test/data/793006e9/MiniRaftClusterWithGrpcf15e8a6b/s0/615c80e3-3fba-41e9-9f3b-0e227a9d4ca1
2023-03-02 05:48:02,462 [s0-impl-thread1] INFO  storage.RaftStorageDirectory (RaftStorageDirectoryImpl.java:tryLock(232)) - Lock on /home/runner/work/ratis/ratis/ratis-test/target/test/data/793006e9/MiniRaftClusterWithGrpcf15e8a6b/s0/615c80e3-3fba-41e9-9f3b-0e227a9d4ca1/in_use.lock acquired by nodename 14635@fv-az991-791
2023-03-02 05:48:02,462 [s0-impl-thread1] TRACE util.FileUtils (LogUtils.java:runAndLog(49)) - Successfully ran Files.createDirectories /home/runner/work/ratis/ratis/ratis-test/target/test/data/793006e9/MiniRaftClusterWithGrpcf15e8a6b/s0/615c80e3-3fba-41e9-9f3b-0e227a9d4ca1/current
2023-03-02 05:48:02,462 [s0-impl-thread1] TRACE util.FileUtils (LogUtils.java:runAndLog(49)) - Successfully ran Files.createDirectories /home/runner/work/ratis/ratis/ratis-test/target/test/data/793006e9/MiniRaftClusterWithGrpcf15e8a6b/s0/615c80e3-3fba-41e9-9f3b-0e227a9d4ca1/sm
2023-03-02 05:48:02,463 [s2-groupManagement] INFO  server.RaftServerConfigKeys (ConfUtils.java:logGet(46)) - raft.server.log.appender.install.snapshot.enabled = true (default)
2023-03-02 05:48:02,463 [s2-groupManagement] INFO  server.RaftServerConfigKeys (ConfUtils.java:logGet(46)) - raft.server.threadpool.server.cached = true (default)
2023-03-02 05:48:02,463 [s0-impl-thread1] INFO  storage.RaftStorage (RaftStorageImpl.java:format(96)) - Storage directory /home/runner/work/ratis/ratis/ratis-test/target/test/data/793006e9/MiniRaftClusterWithGrpcf15e8a6b/s0/615c80e3-3fba-41e9-9f3b-0e227a9d4ca1 has been successfully formatted.
2023-03-02 05:48:02,463 [s0-impl-thread1] INFO  impl.SimpleStateMachine4Testing (SimpleStateMachine4Testing.java:initialize(213)) - Initializing SimpleStateMachine4Testing:uninitialized
2023-03-02 05:48:02,463 [s0-impl-thread1] INFO  impl.SimpleStateMachine4Testing (SimpleStateMachine4Testing.java:loadSnapshot(293)) - Loading snapshot null
2023-03-02 05:48:02,464 [s0-impl-thread1] INFO  server.RaftServerConfigKeys (ConfUtils.java:logGet(46)) - raft.server.log.use.memory = false (default)
2023-03-02 05:48:02,464 [s0-impl-thread1] INFO  server.RaftServerConfigKeys (ConfUtils.java:logGet(46)) - raft.server.log.purge.gap = 1024 (default)
2023-03-02 05:48:02,464 [s0-impl-thread1] INFO  server.RaftServerConfigKeys (ConfUtils.java:logGet(46)) - raft.server.log.appender.buffer.byte-limit = 4MB (=4194304) (default)
2023-03-02 05:48:02,464 [s0-impl-thread1] INFO  server.RaftServerConfigKeys (ConfUtils.java:logGet(46)) - raft.server.log.statemachine.data.read.timeout = 1000ms (default)
2023-03-02 05:48:02,464 [s0-impl-thread1] INFO  server.RaftServerConfigKeys (ConfUtils.java:logGet(46)) - raft.server.log.purge.preservation.log.num = 0 (default)
2023-03-02 05:48:02,464 [s0-impl-thread1] INFO  server.RaftServerConfigKeys (ConfUtils.java:logGet(46)) - raft.server.log.segment.size.max = 8MB (=8388608) (default)
2023-03-02 05:48:02,465 [s0-impl-thread1] INFO  server.RaftServerConfigKeys (ConfUtils.java:logGet(46)) - raft.server.log.segment.cache.num.max = 6 (default)
2023-03-02 05:48:02,465 [s0-impl-thread1] INFO  server.RaftServerConfigKeys (ConfUtils.java:logGet(46)) - raft.server.log.segment.cache.size.max = 200MB (=209715200) (default)
2023-03-02 05:48:02,465 [s0-impl-thread1] INFO  server.RaftServerConfigKeys (ConfUtils.java:logGet(46)) - raft.server.log.appender.buffer.byte-limit = 4MB (=4194304) (default)
2023-03-02 05:48:02,465 [s0-impl-thread1] INFO  segmented.SegmentedRaftLogWorker (SegmentedRaftLogWorker.java:<init>(183)) - new s0@group-0E227A9D4CA1-SegmentedRaftLogWorker for RaftStorageImpl:Storage Directory /home/runner/work/ratis/ratis/ratis-test/target/test/data/793006e9/MiniRaftClusterWithGrpcf15e8a6b/s0/615c80e3-3fba-41e9-9f3b-0e227a9d4ca1
2023-03-02 05:48:02,465 [s0-impl-thread1] INFO  server.RaftServerConfigKeys (ConfUtils.java:logGet(46)) - raft.server.log.queue.byte-limit = 64MB (=67108864) (default)
2023-03-02 05:48:02,465 [s0-impl-thread1] INFO  server.RaftServerConfigKeys (ConfUtils.java:logGet(46)) - raft.server.log.queue.element-limit = 4096 (default)
2023-03-02 05:48:02,465 [s0-impl-thread1] INFO  server.RaftServerConfigKeys (ConfUtils.java:logGet(46)) - raft.server.log.segment.size.max = 8MB (=8388608) (default)
2023-03-02 05:48:02,465 [s0-impl-thread1] INFO  server.RaftServerConfigKeys (ConfUtils.java:logGet(46)) - raft.server.log.preallocated.size = 4MB (=4194304) (default)
2023-03-02 05:48:02,465 [s0-impl-thread1] INFO  server.RaftServerConfigKeys (ConfUtils.java:logGet(46)) - raft.server.log.force.sync.num = 128 (default)
2023-03-02 05:48:02,465 [s0-impl-thread1] INFO  server.RaftServerConfigKeys (ConfUtils.java:logGet(46)) - raft.server.log.statemachine.data.sync = true (default)
2023-03-02 05:48:02,465 [s0-impl-thread1] INFO  server.RaftServerConfigKeys (ConfUtils.java:logGet(46)) - raft.server.log.statemachine.data.sync.timeout = 10s (default)
2023-03-02 05:48:02,465 [s0-impl-thread1] INFO  server.RaftServerConfigKeys (ConfUtils.java:logGet(46)) - raft.server.log.statemachine.data.sync.timeout.retry = -1 (default)
2023-03-02 05:48:02,465 [s0-impl-thread1] INFO  server.RaftServerConfigKeys (ConfUtils.java:logGet(46)) - raft.server.log.write.buffer.size = 64KB (=65536) (default)
2023-03-02 05:48:02,465 [s0-impl-thread1] INFO  server.RaftServerConfigKeys (ConfUtils.java:logGet(46)) - raft.server.log.appender.buffer.byte-limit = 4MB (=4194304) (default)
2023-03-02 05:48:02,466 [s0-impl-thread1] INFO  server.RaftServerConfigKeys (ConfUtils.java:logGet(46)) - raft.server.log.unsafe-flush.enabled = false (default)
2023-03-02 05:48:02,466 [s0-impl-thread1] INFO  server.RaftServerConfigKeys (ConfUtils.java:logGet(46)) - raft.server.log.async-flush.enabled = false (default)
2023-03-02 05:48:02,467 [s0-impl-thread1] INFO  server.RaftServerConfigKeys (ConfUtils.java:logGet(46)) - raft.server.log.statemachine.data.caching.enabled = false (default)
2023-03-02 05:48:02,468 [s0-impl-thread1] INFO  segmented.SegmentedRaftLogWorker (SegmentedRaftLogWorker.java:lambda$new$0(134)) - s0@group-0E227A9D4CA1-SegmentedRaftLogWorker: flushIndex: setUnconditionally 0 -> -1
2023-03-02 05:48:02,468 [s0-impl-thread1] INFO  segmented.SegmentedRaftLogWorker (SegmentedRaftLogWorker.java:lambda$new$0(134)) - s0@group-0E227A9D4CA1-SegmentedRaftLogWorker: safeCacheEvictIndex: setUnconditionally 0 -> -1
2023-03-02 05:48:02,463 [s2-groupManagement] INFO  server.RaftServerConfigKeys (ConfUtils.java:logGet(46)) - raft.server.threadpool.server.size = 0 (default)
2023-03-02 05:48:02,470 [s2-groupManagement] INFO  server.RaftServerConfigKeys (ConfUtils.java:logGet(46)) - raft.server.threadpool.client.cached = true (default)
2023-03-02 05:48:02,470 [s2-groupManagement] INFO  server.RaftServerConfigKeys (ConfUtils.java:logGet(46)) - raft.server.threadpool.client.size = 0 (default)
2023-03-02 05:48:02,474 [s0-impl-thread1] INFO  server.RaftServer$Division (RaftServerImpl.java:start(342)) - s0@group-0E227A9D4CA1: start as a follower, conf=-1: peers:[s0|rpc:localhost:36333|admin:localhost:37311|client:localhost:41849|dataStream:localhost:40293|priority:0|startupRole:FOLLOWER, s1|rpc:localhost:35269|admin:localhost:34487|client:localhost:41729|dataStream:localhost:36469|priority:0|startupRole:FOLLOWER, s2|rpc:localhost:37183|admin:localhost:45897|client:localhost:45089|dataStream:localhost:39983|priority:0|startupRole:FOLLOWER]|listeners:[], old=null
2023-03-02 05:48:02,474 [s0-impl-thread1] INFO  server.RaftServer$Division (RaftServerImpl.java:setRole(329)) - s0@group-0E227A9D4CA1: changes role from      null to FOLLOWER at term 0 for startAsFollower
2023-03-02 05:48:02,474 [s0-impl-thread1] INFO  impl.RoleInfo (RoleInfo.java:updateAndGet(139)) - s0: start s0@group-0E227A9D4CA1-FollowerState
2023-03-02 05:48:02,475 [s0-impl-thread1] INFO  util.JmxRegister (JmxRegister.java:tryRegister(44)) - Successfully registered JMX Bean with object name Ratis:service=RaftServer,group=group-0E227A9D4CA1,id=s0
2023-03-02 05:48:02,475 [s0-impl-thread1] INFO  server.RaftServerConfigKeys (ConfUtils.java:logGet(46)) - raft.server.snapshot.auto.trigger.enabled = false (default)
2023-03-02 05:48:02,475 [s0-impl-thread1] INFO  server.RaftServerConfigKeys (ConfUtils.java:logGet(46)) - raft.server.snapshot.retention.file.num = -1 (default)
2023-03-02 05:48:02,475 [s0-impl-thread1] INFO  server.RaftServerConfigKeys (ConfUtils.java:logGet(46)) - raft.server.log.purge.upto.snapshot.index = false (default)
2023-03-02 05:48:02,477 [s0@group-0E227A9D4CA1-FollowerState] INFO  server.RaftServerConfigKeys (ConfUtils.java:logFallback(53)) - raft.server.rpc.first-election.timeout.min = 150ms (fallback to raft.server.rpc.timeout.min)
2023-03-02 05:48:02,477 [Time-limited test] INFO  server.RaftServer (RaftServerProxy.java:startImpl(401)) - s0: start RPC server
2023-03-02 05:48:02,477 [s0@group-0E227A9D4CA1-FollowerState] INFO  server.RaftServerConfigKeys (ConfUtils.java:logFallback(53)) - raft.server.rpc.first-election.timeout.max = 300ms (fallback to raft.server.rpc.timeout.max)
2023-03-02 05:48:02,478 [Time-limited test] INFO  server.GrpcService (GrpcService.java:startImpl(302)) - s0: GrpcService started, listening on 41849
2023-03-02 05:48:02,479 [Time-limited test] INFO  server.GrpcService (GrpcService.java:startImpl(302)) - s0: GrpcService started, listening on 36333
2023-03-02 05:48:02,479 [Time-limited test] INFO  server.GrpcService (GrpcService.java:startImpl(302)) - s0: GrpcService started, listening on 37311
2023-03-02 05:48:02,479 [JvmPauseMonitor2] INFO  util.JvmPauseMonitor (JvmPauseMonitor.java:run(103)) - JvmPauseMonitor-s0: Started
2023-03-02 05:48:02,479 [s1-impl-thread1] INFO  server.RaftServerConfigKeys (ConfUtils.java:logGet(46)) - raft.server.storage.free-space.min = 0MB (=0) (default)
2023-03-02 05:48:02,479 [s1-impl-thread1] INFO  server.RaftServerConfigKeys (ConfUtils.java:logGet(46)) - raft.server.log.corruption.policy = EXCEPTION (default)
2023-03-02 05:48:02,479 [s1-impl-thread1] INFO  server.RaftServerConfigKeys (ConfUtils.java:logGet(46)) - raft.server.storage.dir = [/home/runner/work/ratis/ratis/ratis-test/target/test/data/793006e9/MiniRaftClusterWithGrpcf15e8a6b/s1] (custom)
2023-03-02 05:48:02,480 [s1-impl-thread1] INFO  storage.RaftStorageDirectory (RaftStorageDirectoryImpl.java:analyzeStorage(138)) - The storage directory /home/runner/work/ratis/ratis/ratis-test/target/test/data/793006e9/MiniRaftClusterWithGrpcf15e8a6b/s1/615c80e3-3fba-41e9-9f3b-0e227a9d4ca1 does not exist. Creating ...
2023-03-02 05:48:02,480 [s1-impl-thread1] TRACE util.FileUtils (LogUtils.java:runAndLog(49)) - Successfully ran Files.createDirectories /home/runner/work/ratis/ratis/ratis-test/target/test/data/793006e9/MiniRaftClusterWithGrpcf15e8a6b/s1/615c80e3-3fba-41e9-9f3b-0e227a9d4ca1
2023-03-02 05:48:02,481 [s1-impl-thread1] INFO  storage.RaftStorageDirectory (RaftStorageDirectoryImpl.java:tryLock(232)) - Lock on /home/runner/work/ratis/ratis/ratis-test/target/test/data/793006e9/MiniRaftClusterWithGrpcf15e8a6b/s1/615c80e3-3fba-41e9-9f3b-0e227a9d4ca1/in_use.lock acquired by nodename 14635@fv-az991-791
2023-03-02 05:48:02,481 [s1-impl-thread1] TRACE util.FileUtils (LogUtils.java:runAndLog(49)) - Successfully ran Files.createDirectories /home/runner/work/ratis/ratis/ratis-test/target/test/data/793006e9/MiniRaftClusterWithGrpcf15e8a6b/s1/615c80e3-3fba-41e9-9f3b-0e227a9d4ca1/current
2023-03-02 05:48:02,481 [s1-impl-thread1] TRACE util.FileUtils (LogUtils.java:runAndLog(49)) - Successfully ran Files.createDirectories /home/runner/work/ratis/ratis/ratis-test/target/test/data/793006e9/MiniRaftClusterWithGrpcf15e8a6b/s1/615c80e3-3fba-41e9-9f3b-0e227a9d4ca1/sm
2023-03-02 05:48:02,482 [s1-impl-thread1] INFO  storage.RaftStorage (RaftStorageImpl.java:format(96)) - Storage directory /home/runner/work/ratis/ratis/ratis-test/target/test/data/793006e9/MiniRaftClusterWithGrpcf15e8a6b/s1/615c80e3-3fba-41e9-9f3b-0e227a9d4ca1 has been successfully formatted.
2023-03-02 05:48:02,482 [s1-impl-thread1] INFO  impl.SimpleStateMachine4Testing (SimpleStateMachine4Testing.java:initialize(213)) - Initializing SimpleStateMachine4Testing:uninitialized
2023-03-02 05:48:02,482 [s1-impl-thread1] INFO  impl.SimpleStateMachine4Testing (SimpleStateMachine4Testing.java:loadSnapshot(293)) - Loading snapshot null
2023-03-02 05:48:02,482 [s1-impl-thread1] INFO  server.RaftServerConfigKeys (ConfUtils.java:logGet(46)) - raft.server.log.use.memory = false (default)
2023-03-02 05:48:02,482 [s1-impl-thread1] INFO  server.RaftServerConfigKeys (ConfUtils.java:logGet(46)) - raft.server.log.purge.gap = 1024 (default)
2023-03-02 05:48:02,482 [s1-impl-thread1] INFO  server.RaftServerConfigKeys (ConfUtils.java:logGet(46)) - raft.server.log.appender.buffer.byte-limit = 4MB (=4194304) (default)
2023-03-02 05:48:02,482 [s1-impl-thread1] INFO  server.RaftServerConfigKeys (ConfUtils.java:logGet(46)) - raft.server.log.statemachine.data.read.timeout = 1000ms (default)
2023-03-02 05:48:02,482 [s1-impl-thread1] INFO  server.RaftServerConfigKeys (ConfUtils.java:logGet(46)) - raft.server.log.purge.preservation.log.num = 0 (default)
2023-03-02 05:48:02,483 [s1-impl-thread1] INFO  server.RaftServerConfigKeys (ConfUtils.java:logGet(46)) - raft.server.log.segment.size.max = 8MB (=8388608) (default)
2023-03-02 05:48:02,483 [s1-impl-thread1] INFO  server.RaftServerConfigKeys (ConfUtils.java:logGet(46)) - raft.server.log.segment.cache.num.max = 6 (default)
2023-03-02 05:48:02,483 [s1-impl-thread1] INFO  server.RaftServerConfigKeys (ConfUtils.java:logGet(46)) - raft.server.log.segment.cache.size.max = 200MB (=209715200) (default)
2023-03-02 05:48:02,483 [s1-impl-thread1] INFO  server.RaftServerConfigKeys (ConfUtils.java:logGet(46)) - raft.server.log.appender.buffer.byte-limit = 4MB (=4194304) (default)
2023-03-02 05:48:02,483 [s1-impl-thread1] INFO  segmented.SegmentedRaftLogWorker (SegmentedRaftLogWorker.java:<init>(183)) - new s1@group-0E227A9D4CA1-SegmentedRaftLogWorker for RaftStorageImpl:Storage Directory /home/runner/work/ratis/ratis/ratis-test/target/test/data/793006e9/MiniRaftClusterWithGrpcf15e8a6b/s1/615c80e3-3fba-41e9-9f3b-0e227a9d4ca1
2023-03-02 05:48:02,483 [s1-impl-thread1] INFO  server.RaftServerConfigKeys (ConfUtils.java:logGet(46)) - raft.server.log.queue.byte-limit = 64MB (=67108864) (default)
2023-03-02 05:48:02,483 [s1-impl-thread1] INFO  server.RaftServerConfigKeys (ConfUtils.java:logGet(46)) - raft.server.log.queue.element-limit = 4096 (default)
2023-03-02 05:48:02,483 [s1-impl-thread1] INFO  server.RaftServerConfigKeys (ConfUtils.java:logGet(46)) - raft.server.log.segment.size.max = 8MB (=8388608) (default)
2023-03-02 05:48:02,483 [s1-impl-thread1] INFO  server.RaftServerConfigKeys (ConfUtils.java:logGet(46)) - raft.server.log.preallocated.size = 4MB (=4194304) (default)
2023-03-02 05:48:02,483 [s1-impl-thread1] INFO  server.RaftServerConfigKeys (ConfUtils.java:logGet(46)) - raft.server.log.force.sync.num = 128 (default)
2023-03-02 05:48:02,483 [s1-impl-thread1] INFO  server.RaftServerConfigKeys (ConfUtils.java:logGet(46)) - raft.server.log.statemachine.data.sync = true (default)
2023-03-02 05:48:02,483 [s1-impl-thread1] INFO  server.RaftServerConfigKeys (ConfUtils.java:logGet(46)) - raft.server.log.statemachine.data.sync.timeout = 10s (default)
2023-03-02 05:48:02,483 [s1-impl-thread1] INFO  server.RaftServerConfigKeys (ConfUtils.java:logGet(46)) - raft.server.log.statemachine.data.sync.timeout.retry = -1 (default)
2023-03-02 05:48:02,483 [s1-impl-thread1] INFO  server.RaftServerConfigKeys (ConfUtils.java:logGet(46)) - raft.server.log.write.buffer.size = 64KB (=65536) (default)
2023-03-02 05:48:02,484 [s1-impl-thread1] INFO  server.RaftServerConfigKeys (ConfUtils.java:logGet(46)) - raft.server.log.appender.buffer.byte-limit = 4MB (=4194304) (default)
2023-03-02 05:48:02,485 [s1-impl-thread1] INFO  server.RaftServerConfigKeys (ConfUtils.java:logGet(46)) - raft.server.log.unsafe-flush.enabled = false (default)
2023-03-02 05:48:02,485 [s1-impl-thread1] INFO  server.RaftServerConfigKeys (ConfUtils.java:logGet(46)) - raft.server.log.async-flush.enabled = false (default)
2023-03-02 05:48:02,485 [s1-impl-thread1] INFO  server.RaftServerConfigKeys (ConfUtils.java:logGet(46)) - raft.server.log.statemachine.data.caching.enabled = false (default)
2023-03-02 05:48:02,485 [s1-impl-thread1] INFO  segmented.SegmentedRaftLogWorker (SegmentedRaftLogWorker.java:lambda$new$0(134)) - s1@group-0E227A9D4CA1-SegmentedRaftLogWorker: flushIndex: setUnconditionally 0 -> -1
2023-03-02 05:48:02,485 [s1-impl-thread1] INFO  segmented.SegmentedRaftLogWorker (SegmentedRaftLogWorker.java:lambda$new$0(134)) - s1@group-0E227A9D4CA1-SegmentedRaftLogWorker: safeCacheEvictIndex: setUnconditionally 0 -> -1
2023-03-02 05:48:02,488 [s1-impl-thread1] INFO  server.RaftServer$Division (RaftServerImpl.java:start(342)) - s1@group-0E227A9D4CA1: start as a follower, conf=-1: peers:[s0|rpc:localhost:36333|admin:localhost:37311|client:localhost:41849|dataStream:localhost:40293|priority:0|startupRole:FOLLOWER, s1|rpc:localhost:35269|admin:localhost:34487|client:localhost:41729|dataStream:localhost:36469|priority:0|startupRole:FOLLOWER, s2|rpc:localhost:37183|admin:localhost:45897|client:localhost:45089|dataStream:localhost:39983|priority:0|startupRole:FOLLOWER]|listeners:[], old=null
2023-03-02 05:48:02,488 [s1-impl-thread1] INFO  server.RaftServer$Division (RaftServerImpl.java:setRole(329)) - s1@group-0E227A9D4CA1: changes role from      null to FOLLOWER at term 0 for startAsFollower
2023-03-02 05:48:02,488 [s1-impl-thread1] INFO  impl.RoleInfo (RoleInfo.java:updateAndGet(139)) - s1: start s1@group-0E227A9D4CA1-FollowerState
2023-03-02 05:48:02,490 [s1-impl-thread1] INFO  util.JmxRegister (JmxRegister.java:tryRegister(44)) - Successfully registered JMX Bean with object name Ratis:service=RaftServer,group=group-0E227A9D4CA1,id=s1
2023-03-02 05:48:02,490 [s1-impl-thread1] INFO  server.RaftServerConfigKeys (ConfUtils.java:logGet(46)) - raft.server.snapshot.auto.trigger.enabled = false (default)
2023-03-02 05:48:02,491 [s1-impl-thread1] INFO  server.RaftServerConfigKeys (ConfUtils.java:logGet(46)) - raft.server.snapshot.retention.file.num = -1 (default)
2023-03-02 05:48:02,491 [s1-impl-thread1] INFO  server.RaftServerConfigKeys (ConfUtils.java:logGet(46)) - raft.server.log.purge.upto.snapshot.index = false (default)
2023-03-02 05:48:02,491 [s1@group-0E227A9D4CA1-FollowerState] INFO  server.RaftServerConfigKeys (ConfUtils.java:logFallback(53)) - raft.server.rpc.first-election.timeout.min = 150ms (fallback to raft.server.rpc.timeout.min)
2023-03-02 05:48:02,494 [s1@group-0E227A9D4CA1-FollowerState] INFO  server.RaftServerConfigKeys (ConfUtils.java:logFallback(53)) - raft.server.rpc.first-election.timeout.max = 300ms (fallback to raft.server.rpc.timeout.max)
2023-03-02 05:48:02,495 [Time-limited test] INFO  server.RaftServer (RaftServerProxy.java:startImpl(401)) - s1: start RPC server
2023-03-02 05:48:02,496 [Time-limited test] INFO  server.GrpcService (GrpcService.java:startImpl(302)) - s1: GrpcService started, listening on 41729
2023-03-02 05:48:02,496 [Time-limited test] INFO  server.GrpcService (GrpcService.java:startImpl(302)) - s1: GrpcService started, listening on 35269
2023-03-02 05:48:02,497 [Time-limited test] INFO  server.GrpcService (GrpcService.java:startImpl(302)) - s1: GrpcService started, listening on 34487
2023-03-02 05:48:02,497 [JvmPauseMonitor3] INFO  util.JvmPauseMonitor (JvmPauseMonitor.java:run(103)) - JvmPauseMonitor-s1: Started
2023-03-02 05:48:02,497 [s2-impl-thread1] INFO  server.RaftServerConfigKeys (ConfUtils.java:logGet(46)) - raft.server.storage.free-space.min = 0MB (=0) (default)
2023-03-02 05:48:02,497 [s2-impl-thread1] INFO  server.RaftServerConfigKeys (ConfUtils.java:logGet(46)) - raft.server.log.corruption.policy = EXCEPTION (default)
2023-03-02 05:48:02,497 [s2-impl-thread1] INFO  server.RaftServerConfigKeys (ConfUtils.java:logGet(46)) - raft.server.storage.dir = [/home/runner/work/ratis/ratis/ratis-test/target/test/data/793006e9/MiniRaftClusterWithGrpcf15e8a6b/s2] (custom)
2023-03-02 05:48:02,498 [s2-impl-thread1] INFO  storage.RaftStorageDirectory (RaftStorageDirectoryImpl.java:analyzeStorage(138)) - The storage directory /home/runner/work/ratis/ratis/ratis-test/target/test/data/793006e9/MiniRaftClusterWithGrpcf15e8a6b/s2/615c80e3-3fba-41e9-9f3b-0e227a9d4ca1 does not exist. Creating ...
2023-03-02 05:48:02,498 [s2-impl-thread1] TRACE util.FileUtils (LogUtils.java:runAndLog(49)) - Successfully ran Files.createDirectories /home/runner/work/ratis/ratis/ratis-test/target/test/data/793006e9/MiniRaftClusterWithGrpcf15e8a6b/s2/615c80e3-3fba-41e9-9f3b-0e227a9d4ca1
2023-03-02 05:48:02,499 [s2-impl-thread1] INFO  storage.RaftStorageDirectory (RaftStorageDirectoryImpl.java:tryLock(232)) - Lock on /home/runner/work/ratis/ratis/ratis-test/target/test/data/793006e9/MiniRaftClusterWithGrpcf15e8a6b/s2/615c80e3-3fba-41e9-9f3b-0e227a9d4ca1/in_use.lock acquired by nodename 14635@fv-az991-791
2023-03-02 05:48:02,499 [s2-impl-thread1] TRACE util.FileUtils (LogUtils.java:runAndLog(49)) - Successfully ran Files.createDirectories /home/runner/work/ratis/ratis/ratis-test/target/test/data/793006e9/MiniRaftClusterWithGrpcf15e8a6b/s2/615c80e3-3fba-41e9-9f3b-0e227a9d4ca1/current
2023-03-02 05:48:02,499 [s2-impl-thread1] TRACE util.FileUtils (LogUtils.java:runAndLog(49)) - Successfully ran Files.createDirectories /home/runner/work/ratis/ratis/ratis-test/target/test/data/793006e9/MiniRaftClusterWithGrpcf15e8a6b/s2/615c80e3-3fba-41e9-9f3b-0e227a9d4ca1/sm
2023-03-02 05:48:02,500 [s2-impl-thread1] INFO  storage.RaftStorage (RaftStorageImpl.java:format(96)) - Storage directory /home/runner/work/ratis/ratis/ratis-test/target/test/data/793006e9/MiniRaftClusterWithGrpcf15e8a6b/s2/615c80e3-3fba-41e9-9f3b-0e227a9d4ca1 has been successfully formatted.
2023-03-02 05:48:02,500 [s2-impl-thread1] INFO  impl.SimpleStateMachine4Testing (SimpleStateMachine4Testing.java:initialize(213)) - Initializing SimpleStateMachine4Testing:uninitialized
2023-03-02 05:48:02,500 [s2-impl-thread1] INFO  impl.SimpleStateMachine4Testing (SimpleStateMachine4Testing.java:loadSnapshot(293)) - Loading snapshot null
2023-03-02 05:48:02,500 [s2-impl-thread1] INFO  server.RaftServerConfigKeys (ConfUtils.java:logGet(46)) - raft.server.log.use.memory = false (default)
2023-03-02 05:48:02,500 [s2-impl-thread1] INFO  server.RaftServerConfigKeys (ConfUtils.java:logGet(46)) - raft.server.log.purge.gap = 1024 (default)
2023-03-02 05:48:02,500 [s2-impl-thread1] INFO  server.RaftServerConfigKeys (ConfUtils.java:logGet(46)) - raft.server.log.appender.buffer.byte-limit = 4MB (=4194304) (default)
2023-03-02 05:48:02,500 [s2-impl-thread1] INFO  server.RaftServerConfigKeys (ConfUtils.java:logGet(46)) - raft.server.log.statemachine.data.read.timeout = 1000ms (default)
2023-03-02 05:48:02,500 [s2-impl-thread1] INFO  server.RaftServerConfigKeys (ConfUtils.java:logGet(46)) - raft.server.log.purge.preservation.log.num = 0 (default)
2023-03-02 05:48:02,501 [s2-impl-thread1] INFO  server.RaftServerConfigKeys (ConfUtils.java:logGet(46)) - raft.server.log.segment.size.max = 8MB (=8388608) (default)
2023-03-02 05:48:02,501 [s2-impl-thread1] INFO  server.RaftServerConfigKeys (ConfUtils.java:logGet(46)) - raft.server.log.segment.cache.num.max = 6 (default)
2023-03-02 05:48:02,501 [s2-impl-thread1] INFO  server.RaftServerConfigKeys (ConfUtils.java:logGet(46)) - raft.server.log.segment.cache.size.max = 200MB (=209715200) (default)
2023-03-02 05:48:02,501 [s2-impl-thread1] INFO  server.RaftServerConfigKeys (ConfUtils.java:logGet(46)) - raft.server.log.appender.buffer.byte-limit = 4MB (=4194304) (default)
2023-03-02 05:48:02,501 [s2-impl-thread1] INFO  segmented.SegmentedRaftLogWorker (SegmentedRaftLogWorker.java:<init>(183)) - new s2@group-0E227A9D4CA1-SegmentedRaftLogWorker for RaftStorageImpl:Storage Directory /home/runner/work/ratis/ratis/ratis-test/target/test/data/793006e9/MiniRaftClusterWithGrpcf15e8a6b/s2/615c80e3-3fba-41e9-9f3b-0e227a9d4ca1
2023-03-02 05:48:02,501 [s2-impl-thread1] INFO  server.RaftServerConfigKeys (ConfUtils.java:logGet(46)) - raft.server.log.queue.byte-limit = 64MB (=67108864) (default)
2023-03-02 05:48:02,501 [s2-impl-thread1] INFO  server.RaftServerConfigKeys (ConfUtils.java:logGet(46)) - raft.server.log.queue.element-limit = 4096 (default)
2023-03-02 05:48:02,501 [s2-impl-thread1] INFO  server.RaftServerConfigKeys (ConfUtils.java:logGet(46)) - raft.server.log.segment.size.max = 8MB (=8388608) (default)
2023-03-02 05:48:02,501 [s2-impl-thread1] INFO  server.RaftServerConfigKeys (ConfUtils.java:logGet(46)) - raft.server.log.preallocated.size = 4MB (=4194304) (default)
2023-03-02 05:48:02,501 [s2-impl-thread1] INFO  server.RaftServerConfigKeys (ConfUtils.java:logGet(46)) - raft.server.log.force.sync.num = 128 (default)
2023-03-02 05:48:02,501 [s2-impl-thread1] INFO  server.RaftServerConfigKeys (ConfUtils.java:logGet(46)) - raft.server.log.statemachine.data.sync = true (default)
2023-03-02 05:48:02,501 [s2-impl-thread1] INFO  server.RaftServerConfigKeys (ConfUtils.java:logGet(46)) - raft.server.log.statemachine.data.sync.timeout = 10s (default)
2023-03-02 05:48:02,501 [s2-impl-thread1] INFO  server.RaftServerConfigKeys (ConfUtils.java:logGet(46)) - raft.server.log.statemachine.data.sync.timeout.retry = -1 (default)
2023-03-02 05:48:02,501 [s2-impl-thread1] INFO  server.RaftServerConfigKeys (ConfUtils.java:logGet(46)) - raft.server.log.write.buffer.size = 64KB (=65536) (default)
2023-03-02 05:48:02,502 [s2-impl-thread1] INFO  server.RaftServerConfigKeys (ConfUtils.java:logGet(46)) - raft.server.log.appender.buffer.byte-limit = 4MB (=4194304) (default)
2023-03-02 05:48:02,502 [s2-impl-thread1] INFO  server.RaftServerConfigKeys (ConfUtils.java:logGet(46)) - raft.server.log.unsafe-flush.enabled = false (default)
2023-03-02 05:48:02,502 [s2-impl-thread1] INFO  server.RaftServerConfigKeys (ConfUtils.java:logGet(46)) - raft.server.log.async-flush.enabled = false (default)
2023-03-02 05:48:02,502 [s2-impl-thread1] INFO  server.RaftServerConfigKeys (ConfUtils.java:logGet(46)) - raft.server.log.statemachine.data.caching.enabled = false (default)
2023-03-02 05:48:02,503 [s2-impl-thread1] INFO  segmented.SegmentedRaftLogWorker (SegmentedRaftLogWorker.java:lambda$new$0(134)) - s2@group-0E227A9D4CA1-SegmentedRaftLogWorker: flushIndex: setUnconditionally 0 -> -1
2023-03-02 05:48:02,503 [s2-impl-thread1] INFO  segmented.SegmentedRaftLogWorker (SegmentedRaftLogWorker.java:lambda$new$0(134)) - s2@group-0E227A9D4CA1-SegmentedRaftLogWorker: safeCacheEvictIndex: setUnconditionally 0 -> -1
2023-03-02 05:48:02,508 [s2-impl-thread1] INFO  server.RaftServer$Division (RaftServerImpl.java:start(342)) - s2@group-0E227A9D4CA1: start as a follower, conf=-1: peers:[s0|rpc:localhost:36333|admin:localhost:37311|client:localhost:41849|dataStream:localhost:40293|priority:0|startupRole:FOLLOWER, s1|rpc:localhost:35269|admin:localhost:34487|client:localhost:41729|dataStream:localhost:36469|priority:0|startupRole:FOLLOWER, s2|rpc:localhost:37183|admin:localhost:45897|client:localhost:45089|dataStream:localhost:39983|priority:0|startupRole:FOLLOWER]|listeners:[], old=null
2023-03-02 05:48:02,509 [s2-impl-thread1] INFO  server.RaftServer$Division (RaftServerImpl.java:setRole(329)) - s2@group-0E227A9D4CA1: changes role from      null to FOLLOWER at term 0 for startAsFollower
2023-03-02 05:48:02,509 [s2-impl-thread1] INFO  impl.RoleInfo (RoleInfo.java:updateAndGet(139)) - s2: start s2@group-0E227A9D4CA1-FollowerState
2023-03-02 05:48:02,509 [s2@group-0E227A9D4CA1-FollowerState] INFO  server.RaftServerConfigKeys (ConfUtils.java:logFallback(53)) - raft.server.rpc.first-election.timeout.min = 150ms (fallback to raft.server.rpc.timeout.min)
2023-03-02 05:48:02,509 [s2-impl-thread1] INFO  util.JmxRegister (JmxRegister.java:tryRegister(44)) - Successfully registered JMX Bean with object name Ratis:service=RaftServer,group=group-0E227A9D4CA1,id=s2
2023-03-02 05:48:02,509 [s2-impl-thread1] INFO  server.RaftServerConfigKeys (ConfUtils.java:logGet(46)) - raft.server.snapshot.auto.trigger.enabled = false (default)
2023-03-02 05:48:02,509 [s2-impl-thread1] INFO  server.RaftServerConfigKeys (ConfUtils.java:logGet(46)) - raft.server.snapshot.retention.file.num = -1 (default)
2023-03-02 05:48:02,509 [s2-impl-thread1] INFO  server.RaftServerConfigKeys (ConfUtils.java:logGet(46)) - raft.server.log.purge.upto.snapshot.index = false (default)
2023-03-02 05:48:02,509 [s2@group-0E227A9D4CA1-FollowerState] INFO  server.RaftServerConfigKeys (ConfUtils.java:logFallback(53)) - raft.server.rpc.first-election.timeout.max = 300ms (fallback to raft.server.rpc.timeout.max)
2023-03-02 05:48:02,509 [Time-limited test] INFO  server.RaftServer (RaftServerProxy.java:startImpl(401)) - s2: start RPC server
2023-03-02 05:48:02,510 [Time-limited test] INFO  server.GrpcService (GrpcService.java:startImpl(302)) - s2: GrpcService started, listening on 45089
2023-03-02 05:48:02,511 [Time-limited test] INFO  server.GrpcService (GrpcService.java:startImpl(302)) - s2: GrpcService started, listening on 37183
2023-03-02 05:48:02,511 [Time-limited test] INFO  server.GrpcService (GrpcService.java:startImpl(302)) - s2: GrpcService started, listening on 45897
2023-03-02 05:48:02,511 [JvmPauseMonitor4] INFO  util.JvmPauseMonitor (JvmPauseMonitor.java:run(103)) - JvmPauseMonitor-s2: Started
2023-03-02 05:48:02,527 [null-request--thread1] INFO  server.GrpcClientProtocolService (GrpcClientProtocolService.java:lambda$processClientRequest$0(284)) - Failed RaftClientRequest:client-DCD92D1F52AB->s0@group-0E227A9D4CA1, cid=20, seq=0, RW, Message:6d, reply=RaftClientReply:client-DCD92D1F52AB->s0@group-0E227A9D4CA1, cid=20, FAILED org.apache.ratis.protocol.exceptions.NotLeaderException: Server s0@group-0E227A9D4CA1 is not the leader, logIndex=0, commits[s0:c-1]
2023-03-02 05:48:02,655 [null-request--thread1] INFO  server.GrpcClientProtocolService (GrpcClientProtocolService.java:lambda$processClientRequest$0(284)) - Failed RaftClientRequest:client-DCD92D1F52AB->s1@group-0E227A9D4CA1, cid=20, seq=0, RW, Message:6d, reply=RaftClientReply:client-DCD92D1F52AB->s1@group-0E227A9D4CA1, cid=20, FAILED org.apache.ratis.protocol.exceptions.NotLeaderException: Server s1@group-0E227A9D4CA1 is not the leader, logIndex=0, commits[s1:c-1]
2023-03-02 05:48:02,746 [s0@group-0E227A9D4CA1-FollowerState] INFO  impl.FollowerState (FollowerState.java:run(143)) - s0@group-0E227A9D4CA1-FollowerState: change to CANDIDATE, lastRpcElapsedTime:271075156ns, electionTimeout:268ms
2023-03-02 05:48:02,746 [s0@group-0E227A9D4CA1-FollowerState] INFO  impl.RoleInfo (RoleInfo.java:shutdownFollowerState(110)) - s0: shutdown s0@group-0E227A9D4CA1-FollowerState
2023-03-02 05:48:02,746 [s0@group-0E227A9D4CA1-FollowerState] INFO  server.RaftServer$Division (RaftServerImpl.java:setRole(329)) - s0@group-0E227A9D4CA1: changes role from  FOLLOWER to CANDIDATE at term 0 for changeToCandidate
2023-03-02 05:48:02,746 [s0@group-0E227A9D4CA1-FollowerState] INFO  server.RaftServerConfigKeys (ConfUtils.java:logGet(46)) - raft.server.leaderelection.pre-vote = true (default)
2023-03-02 05:48:02,746 [s0@group-0E227A9D4CA1-FollowerState] INFO  impl.RoleInfo (RoleInfo.java:updateAndGet(139)) - s0: start s0@group-0E227A9D4CA1-LeaderElection4
2023-03-02 05:48:02,749 [s0@group-0E227A9D4CA1-LeaderElection4] INFO  impl.LeaderElection (LeaderElection.java:askForVotes(309)) - s0@group-0E227A9D4CA1-LeaderElection4 PRE_VOTE round 0: submit vote requests at term 0 for -1: peers:[s0|rpc:localhost:36333|admin:localhost:37311|client:localhost:41849|dataStream:localhost:40293|priority:0|startupRole:FOLLOWER, s1|rpc:localhost:35269|admin:localhost:34487|client:localhost:41729|dataStream:localhost:36469|priority:0|startupRole:FOLLOWER, s2|rpc:localhost:37183|admin:localhost:45897|client:localhost:45089|dataStream:localhost:39983|priority:0|startupRole:FOLLOWER]|listeners:[], old=null
2023-03-02 05:48:02,750 [s0@group-0E227A9D4CA1-LeaderElection4] INFO  server.RaftServerConfigKeys (ConfUtils.java:logFallback(53)) - raft.server.rpc.first-election.timeout.min = 150ms (fallback to raft.server.rpc.timeout.min)
2023-03-02 05:48:02,750 [s0@group-0E227A9D4CA1-LeaderElection4] INFO  server.RaftServerConfigKeys (ConfUtils.java:logFallback(53)) - raft.server.rpc.first-election.timeout.max = 300ms (fallback to raft.server.rpc.timeout.max)
2023-03-02 05:48:02,750 [s0@group-0E227A9D4CA1-LeaderElection4-1] INFO  server.GrpcServerProtocolClient (GrpcServerProtocolClient.java:<init>(63)) - Build channel for s1
2023-03-02 05:48:02,750 [s0@group-0E227A9D4CA1-LeaderElection4-2] INFO  server.GrpcServerProtocolClient (GrpcServerProtocolClient.java:<init>(63)) - Build channel for s2
2023-03-02 05:48:02,760 [s2@group-0E227A9D4CA1-FollowerState] INFO  impl.FollowerState (FollowerState.java:run(143)) - s2@group-0E227A9D4CA1-FollowerState: change to CANDIDATE, lastRpcElapsedTime:250971708ns, electionTimeout:250ms
2023-03-02 05:48:02,760 [s2@group-0E227A9D4CA1-FollowerState] INFO  impl.RoleInfo (RoleInfo.java:shutdownFollowerState(110)) - s2: shutdown s2@group-0E227A9D4CA1-FollowerState
2023-03-02 05:48:02,760 [s2@group-0E227A9D4CA1-FollowerState] INFO  server.RaftServer$Division (RaftServerImpl.java:setRole(329)) - s2@group-0E227A9D4CA1: changes role from  FOLLOWER to CANDIDATE at term 0 for changeToCandidate
2023-03-02 05:48:02,764 [s2@group-0E227A9D4CA1-FollowerState] INFO  server.RaftServerConfigKeys (ConfUtils.java:logGet(46)) - raft.server.leaderelection.pre-vote = true (default)
2023-03-02 05:48:02,764 [s2@group-0E227A9D4CA1-FollowerState] INFO  impl.RoleInfo (RoleInfo.java:updateAndGet(139)) - s2: start s2@group-0E227A9D4CA1-LeaderElection5
2023-03-02 05:48:02,765 [grpc-default-executor-3] INFO  server.RaftServer$Division (RaftServerImpl.java:requestVote(1302)) - s1@group-0E227A9D4CA1: receive requestVote(PRE_VOTE, s0, group-0E227A9D4CA1, 0, (t:0, i:0))
2023-03-02 05:48:02,765 [grpc-default-executor-3] INFO  impl.VoteContext (VoteContext.java:log(49)) - s1@group-0E227A9D4CA1-FOLLOWER: accept PRE_VOTE from s0: our priority 0 <= candidate's priority 0
2023-03-02 05:48:02,765 [grpc-default-executor-3] INFO  server.RaftServer$Division (RaftServerImpl.java:requestVote(1335)) - s1@group-0E227A9D4CA1 replies to PRE_VOTE vote request: s0<-s1#0:OK-t0. Peer's state: s1@group-0E227A9D4CA1:t0, leader=null, voted=, raftlog=Memoized:s1@group-0E227A9D4CA1-SegmentedRaftLog:OPENED:c-1, conf=-1: peers:[s0|rpc:localhost:36333|admin:localhost:37311|client:localhost:41849|dataStream:localhost:40293|priority:0|startupRole:FOLLOWER, s1|rpc:localhost:35269|admin:localhost:34487|client:localhost:41729|dataStream:localhost:36469|priority:0|startupRole:FOLLOWER, s2|rpc:localhost:37183|admin:localhost:45897|client:localhost:45089|dataStream:localhost:39983|priority:0|startupRole:FOLLOWER]|listeners:[], old=null
2023-03-02 05:48:02,771 [grpc-default-executor-3] INFO  server.RaftServer$Division (RaftServerImpl.java:requestVote(1302)) - s2@group-0E227A9D4CA1: receive requestVote(PRE_VOTE, s0, group-0E227A9D4CA1, 0, (t:0, i:0))
2023-03-02 05:48:02,771 [grpc-default-executor-3] INFO  impl.VoteContext (VoteContext.java:log(49)) - s2@group-0E227A9D4CA1-CANDIDATE: accept PRE_VOTE from s0: our priority 0 <= candidate's priority 0
2023-03-02 05:48:02,771 [grpc-default-executor-3] INFO  server.RaftServer$Division (RaftServerImpl.java:requestVote(1335)) - s2@group-0E227A9D4CA1 replies to PRE_VOTE vote request: s0<-s2#0:OK-t0. Peer's state: s2@group-0E227A9D4CA1:t0, leader=null, voted=, raftlog=Memoized:s2@group-0E227A9D4CA1-SegmentedRaftLog:OPENED:c-1, conf=-1: peers:[s0|rpc:localhost:36333|admin:localhost:37311|client:localhost:41849|dataStream:localhost:40293|priority:0|startupRole:FOLLOWER, s1|rpc:localhost:35269|admin:localhost:34487|client:localhost:41729|dataStream:localhost:36469|priority:0|startupRole:FOLLOWER, s2|rpc:localhost:37183|admin:localhost:45897|client:localhost:45089|dataStream:localhost:39983|priority:0|startupRole:FOLLOWER]|listeners:[], old=null
2023-03-02 05:48:02,773 [s2@group-0E227A9D4CA1-LeaderElection5] INFO  impl.LeaderElection (LeaderElection.java:askForVotes(309)) - s2@group-0E227A9D4CA1-LeaderElection5 PRE_VOTE round 0: submit vote requests at term 0 for -1: peers:[s0|rpc:localhost:36333|admin:localhost:37311|client:localhost:41849|dataStream:localhost:40293|priority:0|startupRole:FOLLOWER, s1|rpc:localhost:35269|admin:localhost:34487|client:localhost:41729|dataStream:localhost:36469|priority:0|startupRole:FOLLOWER, s2|rpc:localhost:37183|admin:localhost:45897|client:localhost:45089|dataStream:localhost:39983|priority:0|startupRole:FOLLOWER]|listeners:[], old=null
2023-03-02 05:48:02,778 [s0@group-0E227A9D4CA1-LeaderElection4] INFO  impl.LeaderElection (LeaderElection.java:logAndReturn(89)) - s0@group-0E227A9D4CA1-LeaderElection4: PRE_VOTE PASSED received 1 response(s) and 0 exception(s):
2023-03-02 05:48:02,782 [s0@group-0E227A9D4CA1-LeaderElection4] INFO  impl.LeaderElection (LeaderElection.java:logAndReturn(93)) -   Response 0: s0<-s1#0:OK-t0
2023-03-02 05:48:02,782 [s0@group-0E227A9D4CA1-LeaderElection4] INFO  impl.LeaderElection (LeaderElection.java:askForVotes(311)) - s0@group-0E227A9D4CA1-LeaderElection4 PRE_VOTE round 0: result PASSED
2023-03-02 05:48:02,784 [s0@group-0E227A9D4CA1-LeaderElection4] INFO  impl.LeaderElection (LeaderElection.java:askForVotes(309)) - s0@group-0E227A9D4CA1-LeaderElection4 ELECTION round 0: submit vote requests at term 1 for -1: peers:[s0|rpc:localhost:36333|admin:localhost:37311|client:localhost:41849|dataStream:localhost:40293|priority:0|startupRole:FOLLOWER, s1|rpc:localhost:35269|admin:localhost:34487|client:localhost:41729|dataStream:localhost:36469|priority:0|startupRole:FOLLOWER, s2|rpc:localhost:37183|admin:localhost:45897|client:localhost:45089|dataStream:localhost:39983|priority:0|startupRole:FOLLOWER]|listeners:[], old=null
2023-03-02 05:48:02,786 [s2@group-0E227A9D4CA1-LeaderElection5] INFO  server.RaftServerConfigKeys (ConfUtils.java:logFallback(53)) - raft.server.rpc.first-election.timeout.min = 150ms (fallback to raft.server.rpc.timeout.min)
2023-03-02 05:48:02,788 [s1@group-0E227A9D4CA1-FollowerState] INFO  server.RaftServerConfigKeys (ConfUtils.java:logFallback(53)) - raft.server.rpc.first-election.timeout.min = 150ms (fallback to raft.server.rpc.timeout.min)
2023-03-02 05:48:02,788 [s0@group-0E227A9D4CA1-LeaderElection4] INFO  server.RaftServerConfigKeys (ConfUtils.java:logFallback(53)) - raft.server.rpc.first-election.timeout.min = 150ms (fallback to raft.server.rpc.timeout.min)
2023-03-02 05:48:02,787 [null-request--thread1] INFO  server.GrpcClientProtocolService (GrpcClientProtocolService.java:lambda$processClientRequest$0(284)) - Failed RaftClientRequest:client-DCD92D1F52AB->s2@group-0E227A9D4CA1, cid=20, seq=0, RW, Message:6d, reply=RaftClientReply:client-DCD92D1F52AB->s2@group-0E227A9D4CA1, cid=20, FAILED org.apache.ratis.protocol.exceptions.NotLeaderException: Server s2@group-0E227A9D4CA1 is not the leader, logIndex=0, commits[s2:c-1]
2023-03-02 05:48:02,786 [s2@group-0E227A9D4CA1-LeaderElection5-2] INFO  server.GrpcServerProtocolClient (GrpcServerProtocolClient.java:<init>(63)) - Build channel for s1
2023-03-02 05:48:02,786 [s2@group-0E227A9D4CA1-LeaderElection5-1] INFO  server.GrpcServerProtocolClient (GrpcServerProtocolClient.java:<init>(63)) - Build channel for s0
2023-03-02 05:48:02,790 [s0@group-0E227A9D4CA1-LeaderElection4] INFO  server.RaftServerConfigKeys (ConfUtils.java:logFallback(53)) - raft.server.rpc.first-election.timeout.max = 300ms (fallback to raft.server.rpc.timeout.max)
2023-03-02 05:48:02,789 [s2@group-0E227A9D4CA1-LeaderElection5] INFO  server.RaftServerConfigKeys (ConfUtils.java:logFallback(53)) - raft.server.rpc.first-election.timeout.max = 300ms (fallback to raft.server.rpc.timeout.max)
2023-03-02 05:48:02,791 [grpc-default-executor-3] INFO  server.RaftServer$Division (RaftServerImpl.java:requestVote(1302)) - s1@group-0E227A9D4CA1: receive requestVote(ELECTION, s0, group-0E227A9D4CA1, 1, (t:0, i:0))
2023-03-02 05:48:02,797 [grpc-default-executor-3] INFO  impl.VoteContext (VoteContext.java:log(49)) - s1@group-0E227A9D4CA1-FOLLOWER: accept ELECTION from s0: our priority 0 <= candidate's priority 0
2023-03-02 05:48:02,797 [grpc-default-executor-3] INFO  server.RaftServer$Division (RaftServerImpl.java:setRole(329)) - s1@group-0E227A9D4CA1: changes role from  FOLLOWER to FOLLOWER at term 1 for candidate:s0
2023-03-02 05:48:02,797 [grpc-default-executor-3] INFO  impl.RoleInfo (RoleInfo.java:shutdownFollowerState(110)) - s1: shutdown s1@group-0E227A9D4CA1-FollowerState
2023-03-02 05:48:02,790 [s1@group-0E227A9D4CA1-FollowerState] INFO  server.RaftServerConfigKeys (ConfUtils.java:logFallback(53)) - raft.server.rpc.first-election.timeout.max = 300ms (fallback to raft.server.rpc.timeout.max)
2023-03-02 05:48:02,798 [s1@group-0E227A9D4CA1-FollowerState] INFO  impl.FollowerState (FollowerState.java:run(152)) - s1@group-0E227A9D4CA1-FollowerState was interrupted
2023-03-02 05:48:02,801 [grpc-default-executor-3] INFO  impl.RoleInfo (RoleInfo.java:updateAndGet(139)) - s1: start s1@group-0E227A9D4CA1-FollowerState
2023-03-02 05:48:02,803 [grpc-default-executor-3] INFO  server.RaftServer$Division (RaftServerImpl.java:requestVote(1335)) - s1@group-0E227A9D4CA1 replies to ELECTION vote request: s0<-s1#0:OK-t1. Peer's state: s1@group-0E227A9D4CA1:t1, leader=null, voted=s0, raftlog=Memoized:s1@group-0E227A9D4CA1-SegmentedRaftLog:OPENED:c-1, conf=-1: peers:[s0|rpc:localhost:36333|admin:localhost:37311|client:localhost:41849|dataStream:localhost:40293|priority:0|startupRole:FOLLOWER, s1|rpc:localhost:35269|admin:localhost:34487|client:localhost:41729|dataStream:localhost:36469|priority:0|startupRole:FOLLOWER, s2|rpc:localhost:37183|admin:localhost:45897|client:localhost:45089|dataStream:localhost:39983|priority:0|startupRole:FOLLOWER]|listeners:[], old=null
2023-03-02 05:48:02,811 [s0@group-0E227A9D4CA1-LeaderElection4] INFO  impl.LeaderElection (LeaderElection.java:logAndReturn(89)) - s0@group-0E227A9D4CA1-LeaderElection4: ELECTION PASSED received 1 response(s) and 0 exception(s):
2023-03-02 05:48:02,811 [s0@group-0E227A9D4CA1-LeaderElection4] INFO  impl.LeaderElection (LeaderElection.java:logAndReturn(93)) -   Response 0: s0<-s1#0:OK-t1
2023-03-02 05:48:02,815 [grpc-default-executor-0] INFO  server.RaftServer$Division (RaftServerImpl.java:requestVote(1302)) - s2@group-0E227A9D4CA1: receive requestVote(ELECTION, s0, group-0E227A9D4CA1, 1, (t:0, i:0))
2023-03-02 05:48:02,815 [grpc-default-executor-0] INFO  impl.VoteContext (VoteContext.java:log(49)) - s2@group-0E227A9D4CA1-CANDIDATE: accept ELECTION from s0: our priority 0 <= candidate's priority 0
2023-03-02 05:48:02,815 [grpc-default-executor-0] INFO  server.RaftServer$Division (RaftServerImpl.java:setRole(329)) - s2@group-0E227A9D4CA1: changes role from CANDIDATE to FOLLOWER at term 1 for candidate:s0
2023-03-02 05:48:02,816 [grpc-default-executor-0] INFO  impl.RoleInfo (RoleInfo.java:shutdownLeaderElection(130)) - s2: shutdown s2@group-0E227A9D4CA1-LeaderElection5
2023-03-02 05:48:02,816 [grpc-default-executor-0] INFO  impl.RoleInfo (RoleInfo.java:updateAndGet(139)) - s2: start s2@group-0E227A9D4CA1-FollowerState
2023-03-02 05:48:02,815 [grpc-default-executor-2] INFO  server.RaftServer$Division (RaftServerImpl.java:requestVote(1302)) - s1@group-0E227A9D4CA1: receive requestVote(PRE_VOTE, s2, group-0E227A9D4CA1, 0, (t:0, i:0))
2023-03-02 05:48:02,816 [grpc-default-executor-2] INFO  impl.VoteContext (VoteContext.java:log(49)) - s1@group-0E227A9D4CA1-FOLLOWER: accept PRE_VOTE from s2: our priority 0 <= candidate's priority 0
2023-03-02 05:48:02,816 [grpc-default-executor-2] INFO  server.RaftServer$Division (RaftServerImpl.java:requestVote(1335)) - s1@group-0E227A9D4CA1 replies to PRE_VOTE vote request: s2<-s1#0:OK-t1. Peer's state: s1@group-0E227A9D4CA1:t1, leader=null, voted=s0, raftlog=Memoized:s1@group-0E227A9D4CA1-SegmentedRaftLog:OPENED:c-1, conf=-1: peers:[s0|rpc:localhost:36333|admin:localhost:37311|client:localhost:41849|dataStream:localhost:40293|priority:0|startupRole:FOLLOWER, s1|rpc:localhost:35269|admin:localhost:34487|client:localhost:41729|dataStream:localhost:36469|priority:0|startupRole:FOLLOWER, s2|rpc:localhost:37183|admin:localhost:45897|client:localhost:45089|dataStream:localhost:39983|priority:0|startupRole:FOLLOWER]|listeners:[], old=null
2023-03-02 05:48:02,815 [grpc-default-executor-3] INFO  server.RaftServer$Division (RaftServerImpl.java:requestVote(1302)) - s0@group-0E227A9D4CA1: receive requestVote(PRE_VOTE, s2, group-0E227A9D4CA1, 0, (t:0, i:0))
2023-03-02 05:48:02,816 [grpc-default-executor-3] INFO  impl.VoteContext (VoteContext.java:log(49)) - s0@group-0E227A9D4CA1-CANDIDATE: accept PRE_VOTE from s2: our priority 0 <= candidate's priority 0
2023-03-02 05:48:02,816 [grpc-default-executor-3] INFO  server.RaftServer$Division (RaftServerImpl.java:requestVote(1335)) - s0@group-0E227A9D4CA1 replies to PRE_VOTE vote request: s2<-s0#0:OK-t1. Peer's state: s0@group-0E227A9D4CA1:t1, leader=null, voted=s0, raftlog=Memoized:s0@group-0E227A9D4CA1-SegmentedRaftLog:OPENED:c-1, conf=-1: peers:[s0|rpc:localhost:36333|admin:localhost:37311|client:localhost:41849|dataStream:localhost:40293|priority:0|startupRole:FOLLOWER, s1|rpc:localhost:35269|admin:localhost:34487|client:localhost:41729|dataStream:localhost:36469|priority:0|startupRole:FOLLOWER, s2|rpc:localhost:37183|admin:localhost:45897|client:localhost:45089|dataStream:localhost:39983|priority:0|startupRole:FOLLOWER]|listeners:[], old=null
2023-03-02 05:48:02,817 [s1@group-0E227A9D4CA1-FollowerState] INFO  server.RaftServerConfigKeys (ConfUtils.java:logFallback(53)) - raft.server.rpc.first-election.timeout.min = 150ms (fallback to raft.server.rpc.timeout.min)
2023-03-02 05:48:02,820 [grpc-default-executor-0] INFO  server.RaftServer$Division (RaftServerImpl.java:requestVote(1335)) - s2@group-0E227A9D4CA1 replies to ELECTION vote request: s0<-s2#0:OK-t1. Peer's state: s2@group-0E227A9D4CA1:t1, leader=null, voted=s0, raftlog=Memoized:s2@group-0E227A9D4CA1-SegmentedRaftLog:OPENED:c-1, conf=-1: peers:[s0|rpc:localhost:36333|admin:localhost:37311|client:localhost:41849|dataStream:localhost:40293|priority:0|startupRole:FOLLOWER, s1|rpc:localhost:35269|admin:localhost:34487|client:localhost:41729|dataStream:localhost:36469|priority:0|startupRole:FOLLOWER, s2|rpc:localhost:37183|admin:localhost:45897|client:localhost:45089|dataStream:localhost:39983|priority:0|startupRole:FOLLOWER]|listeners:[], old=null
2023-03-02 05:48:02,820 [s2@group-0E227A9D4CA1-FollowerState] INFO  server.RaftServerConfigKeys (ConfUtils.java:logFallback(53)) - raft.server.rpc.first-election.timeout.min = 150ms (fallback to raft.server.rpc.timeout.min)
2023-03-02 05:48:02,820 [s2@group-0E227A9D4CA1-LeaderElection5] INFO  impl.LeaderElection (LeaderElection.java:logAndReturn(89)) - s2@group-0E227A9D4CA1-LeaderElection5: PRE_VOTE DISCOVERED_A_NEW_TERM (term=1) received 1 response(s) and 0 exception(s):
2023-03-02 05:48:02,819 [s0@group-0E227A9D4CA1-LeaderElection4] INFO  impl.LeaderElection (LeaderElection.java:askForVotes(311)) - s0@group-0E227A9D4CA1-LeaderElection4 ELECTION round 0: result PASSED
2023-03-02 05:48:02,824 [s2@group-0E227A9D4CA1-FollowerState] INFO  server.RaftServerConfigKeys (ConfUtils.java:logFallback(53)) - raft.server.rpc.first-election.timeout.max = 300ms (fallback to raft.server.rpc.timeout.max)
2023-03-02 05:48:02,824 [s1@group-0E227A9D4CA1-FollowerState] INFO  server.RaftServerConfigKeys (ConfUtils.java:logFallback(53)) - raft.server.rpc.first-election.timeout.max = 300ms (fallback to raft.server.rpc.timeout.max)
2023-03-02 05:48:02,828 [s0@group-0E227A9D4CA1-LeaderElection4] INFO  impl.RoleInfo (RoleInfo.java:shutdownLeaderElection(130)) - s0: shutdown s0@group-0E227A9D4CA1-LeaderElection4
2023-03-02 05:48:02,828 [s2@group-0E227A9D4CA1-LeaderElection5] INFO  impl.LeaderElection (LeaderElection.java:logAndReturn(93)) -   Response 0: s2<-s0#0:OK-t1
2023-03-02 05:48:02,828 [s2@group-0E227A9D4CA1-LeaderElection5] INFO  impl.LeaderElection (LeaderElection.java:askForVotes(311)) - s2@group-0E227A9D4CA1-LeaderElection5 PRE_VOTE round 0: result DISCOVERED_A_NEW_TERM (term=1)
2023-03-02 05:48:02,828 [s0@group-0E227A9D4CA1-LeaderElection4] INFO  server.RaftServer$Division (RaftServerImpl.java:setRole(329)) - s0@group-0E227A9D4CA1: changes role from CANDIDATE to LEADER at term 1 for changeToLeader
2023-03-02 05:48:02,828 [s0@group-0E227A9D4CA1-LeaderElection4] INFO  server.RaftServer$Division (ServerState.java:setLeader(260)) - s0@group-0E227A9D4CA1: change Leader from null to s0 at term 1 for becomeLeader, leader elected after 387ms
2023-03-02 05:48:02,828 [s0@group-0E227A9D4CA1-LeaderElection4] INFO  server.RaftServerConfigKeys (ConfUtils.java:logGet(46)) - raft.server.staging.catchup.gap = 1000 (default)
2023-03-02 05:48:02,829 [s0@group-0E227A9D4CA1-LeaderElection4] INFO  server.RaftServerConfigKeys (ConfUtils.java:logGet(46)) - raft.server.write.element-limit = 4096 (default)
2023-03-02 05:48:02,829 [s0@group-0E227A9D4CA1-LeaderElection4] INFO  server.RaftServerConfigKeys (ConfUtils.java:logGet(46)) - raft.server.write.byte-limit = 64MB (=67108864) (default)
2023-03-02 05:48:02,829 [s0@group-0E227A9D4CA1-LeaderElection4] INFO  server.RaftServerConfigKeys (ConfUtils.java:logGet(46)) - raft.server.watch.timeout = 10s (default)
2023-03-02 05:48:02,829 [s0@group-0E227A9D4CA1-LeaderElection4] INFO  server.RaftServerConfigKeys (ConfUtils.java:logGet(46)) - raft.server.watch.timeout.denomination = 1s (default)
2023-03-02 05:48:02,829 [s0@group-0E227A9D4CA1-LeaderElection4] INFO  server.RaftServerConfigKeys (ConfUtils.java:logGet(46)) - raft.server.watch.element-limit = 65536 (default)
2023-03-02 05:48:02,829 [s0@group-0E227A9D4CA1-LeaderElection4] INFO  server.RaftServerConfigKeys (ConfUtils.java:logGet(46)) - raft.server.write.element-limit = 4096 (default)
2023-03-02 05:48:02,829 [s0@group-0E227A9D4CA1-LeaderElection4] INFO  server.RaftServerConfigKeys (ConfUtils.java:logGet(46)) - raft.server.write.follower.gap.ratio.max = -1.0 (default)
2023-03-02 05:48:02,829 [s0@group-0E227A9D4CA1-LeaderElection4] INFO  server.RaftServerConfigKeys (ConfUtils.java:logGet(46)) - raft.server.log.appender.snapshot.chunk.size.max = 16MB (=16777216) (default)
2023-03-02 05:48:02,829 [s0@group-0E227A9D4CA1-LeaderElection4] INFO  server.RaftServerConfigKeys (ConfUtils.java:logGet(46)) - raft.server.log.appender.buffer.byte-limit = 4MB (=4194304) (default)
2023-03-02 05:48:02,829 [s0@group-0E227A9D4CA1-LeaderElection4] INFO  server.RaftServerConfigKeys (ConfUtils.java:logGet(46)) - raft.server.log.appender.buffer.element-limit = 1 (custom)
2023-03-02 05:48:02,829 [s0@group-0E227A9D4CA1-LeaderElection4] INFO  server.RaftServerConfigKeys (ConfUtils.java:logGet(46)) - raft.server.log.appender.wait-time.min = 10ms (default)
2023-03-02 05:48:02,829 [s0@group-0E227A9D4CA1-LeaderElection4] INFO  grpc.GrpcConfigKeys (ConfUtils.java:logGet(46)) - raft.grpc.server.leader.outstanding.appends.max = 10 (custom)
2023-03-02 05:48:02,829 [s0@group-0E227A9D4CA1-LeaderElection4] INFO  server.RaftServerConfigKeys (ConfUtils.java:logGet(46)) - raft.server.rpc.request.timeout = 3000ms (default)
2023-03-02 05:48:02,830 [s0@group-0E227A9D4CA1-LeaderElection4] INFO  server.RaftServerConfigKeys (ConfUtils.java:logGet(46)) - raft.server.log.appender.install.snapshot.enabled = true (default)
2023-03-02 05:48:02,830 [s0@group-0E227A9D4CA1-LeaderElection4] INFO  grpc.GrpcConfigKeys (ConfUtils.java:logGet(46)) - raft.grpc.server.heartbeat.channel = true (default)
2023-03-02 05:48:02,830 [s0@group-0E227A9D4CA1-LeaderElection4] INFO  server.RaftServerConfigKeys (ConfUtils.java:logGet(46)) - raft.server.log.appender.snapshot.chunk.size.max = 16MB (=16777216) (default)
2023-03-02 05:48:02,830 [s0@group-0E227A9D4CA1-LeaderElection4] INFO  server.RaftServerConfigKeys (ConfUtils.java:logGet(46)) - raft.server.log.appender.buffer.byte-limit = 4MB (=4194304) (default)
2023-03-02 05:48:02,830 [s0@group-0E227A9D4CA1-LeaderElection4] INFO  server.RaftServerConfigKeys (ConfUtils.java:logGet(46)) - raft.server.log.appender.buffer.element-limit = 1 (custom)
2023-03-02 05:48:02,830 [s0@group-0E227A9D4CA1-LeaderElection4] INFO  server.RaftServerConfigKeys (ConfUtils.java:logGet(46)) - raft.server.log.appender.wait-time.min = 10ms (default)
2023-03-02 05:48:02,830 [s0@group-0E227A9D4CA1-LeaderElection4] INFO  grpc.GrpcConfigKeys (ConfUtils.java:logGet(46)) - raft.grpc.server.leader.outstanding.appends.max = 10 (custom)
2023-03-02 05:48:02,830 [s0@group-0E227A9D4CA1-LeaderElection4] INFO  server.RaftServerConfigKeys (ConfUtils.java:logGet(46)) - raft.server.rpc.request.timeout = 3000ms (default)
2023-03-02 05:48:02,830 [s0@group-0E227A9D4CA1-LeaderElection4] INFO  server.RaftServerConfigKeys (ConfUtils.java:logGet(46)) - raft.server.log.appender.install.snapshot.enabled = true (default)
2023-03-02 05:48:02,830 [s0@group-0E227A9D4CA1-LeaderElection4] INFO  grpc.GrpcConfigKeys (ConfUtils.java:logGet(46)) - raft.grpc.server.heartbeat.channel = true (default)
2023-03-02 05:48:02,830 [s0@group-0E227A9D4CA1-LeaderElection4] INFO  impl.RoleInfo (RoleInfo.java:updateAndGet(139)) - s0: start s0@group-0E227A9D4CA1-LeaderStateImpl
2023-03-02 05:48:02,831 [s0@group-0E227A9D4CA1-LeaderElection4] INFO  segmented.SegmentedRaftLogWorker (SegmentedRaftLogWorker.java:startLogSegment(426)) - s0@group-0E227A9D4CA1-SegmentedRaftLogWorker: Starting segment from index:0
2023-03-02 05:48:02,840 [s0@group-0E227A9D4CA1-SegmentedRaftLogWorker] INFO  segmented.SegmentedRaftLogWorker (SegmentedRaftLogWorker.java:execute(630)) - s0@group-0E227A9D4CA1-SegmentedRaftLogWorker: created new log segment /home/runner/work/ratis/ratis/ratis-test/target/test/data/793006e9/MiniRaftClusterWithGrpcf15e8a6b/s0/615c80e3-3fba-41e9-9f3b-0e227a9d4ca1/current/log_inprogress_0
2023-03-02 05:48:02,840 [s0@group-0E227A9D4CA1-LeaderElection4] INFO  server.RaftServer$Division (ServerState.java:setRaftConf(378)) - s0@group-0E227A9D4CA1: set configuration 0: peers:[s0|rpc:localhost:36333|admin:localhost:37311|client:localhost:41849|dataStream:localhost:40293|priority:0|startupRole:FOLLOWER, s1|rpc:localhost:35269|admin:localhost:34487|client:localhost:41729|dataStream:localhost:36469|priority:0|startupRole:FOLLOWER, s2|rpc:localhost:37183|admin:localhost:45897|client:localhost:45089|dataStream:localhost:39983|priority:0|startupRole:FOLLOWER]|listeners:[], old=null
2023-03-02 05:48:02,850 [s2-server-thread1] INFO  server.RaftServer$Division (ServerState.java:setLeader(260)) - s2@group-0E227A9D4CA1: change Leader from null to s0 at term 1 for appendEntries, leader elected after 389ms
2023-03-02 05:48:02,850 [s1-server-thread1] INFO  server.RaftServer$Division (ServerState.java:setLeader(260)) - s1@group-0E227A9D4CA1: change Leader from null to s0 at term 1 for appendEntries, leader elected after 400ms
2023-03-02 05:48:02,859 [s0@group-0E227A9D4CA1->s1-GrpcLogAppender-LogAppenderDaemon] DEBUG leader.FollowerInfo (FollowerInfoImpl.java:lambda$new$1(53)) - s0@group-0E227A9D4CA1->s1: nextIndex: updateIncreasingly 0 -> 1
2023-03-02 05:48:02,860 [s0@group-0E227A9D4CA1->s2-GrpcLogAppender-LogAppenderDaemon] DEBUG leader.FollowerInfo (FollowerInfoImpl.java:lambda$new$1(53)) - s0@group-0E227A9D4CA1->s2: nextIndex: updateIncreasingly 0 -> 1
2023-03-02 05:48:02,861 [s2-server-thread1] INFO  server.RaftServer$Division (ServerState.java:setRaftConf(378)) - s2@group-0E227A9D4CA1: set configuration 0: peers:[s0|rpc:localhost:36333|admin:localhost:37311|client:localhost:41849|dataStream:localhost:40293|priority:0|startupRole:FOLLOWER, s1|rpc:localhost:35269|admin:localhost:34487|client:localhost:41729|dataStream:localhost:36469|priority:0|startupRole:FOLLOWER, s2|rpc:localhost:37183|admin:localhost:45897|client:localhost:45089|dataStream:localhost:39983|priority:0|startupRole:FOLLOWER]|listeners:[], old=null
2023-03-02 05:48:02,861 [s2-server-thread1] INFO  segmented.SegmentedRaftLogWorker (SegmentedRaftLogWorker.java:startLogSegment(426)) - s2@group-0E227A9D4CA1-SegmentedRaftLogWorker: Starting segment from index:0
2023-03-02 05:48:02,866 [s1-server-thread2] INFO  server.RaftServer$Division (ServerState.java:setRaftConf(378)) - s1@group-0E227A9D4CA1: set configuration 0: peers:[s0|rpc:localhost:36333|admin:localhost:37311|client:localhost:41849|dataStream:localhost:40293|priority:0|startupRole:FOLLOWER, s1|rpc:localhost:35269|admin:localhost:34487|client:localhost:41729|dataStream:localhost:36469|priority:0|startupRole:FOLLOWER, s2|rpc:localhost:37183|admin:localhost:45897|client:localhost:45089|dataStream:localhost:39983|priority:0|startupRole:FOLLOWER]|listeners:[], old=null
2023-03-02 05:48:02,866 [s1-server-thread2] INFO  segmented.SegmentedRaftLogWorker (SegmentedRaftLogWorker.java:startLogSegment(426)) - s1@group-0E227A9D4CA1-SegmentedRaftLogWorker: Starting segment from index:0
2023-03-02 05:48:02,876 [s2@group-0E227A9D4CA1-SegmentedRaftLogWorker] INFO  segmented.SegmentedRaftLogWorker (SegmentedRaftLogWorker.java:execute(630)) - s2@group-0E227A9D4CA1-SegmentedRaftLogWorker: created new log segment /home/runner/work/ratis/ratis/ratis-test/target/test/data/793006e9/MiniRaftClusterWithGrpcf15e8a6b/s2/615c80e3-3fba-41e9-9f3b-0e227a9d4ca1/current/log_inprogress_0
2023-03-02 05:48:02,886 [s1@group-0E227A9D4CA1-SegmentedRaftLogWorker] INFO  segmented.SegmentedRaftLogWorker (SegmentedRaftLogWorker.java:execute(630)) - s1@group-0E227A9D4CA1-SegmentedRaftLogWorker: created new log segment /home/runner/work/ratis/ratis/ratis-test/target/test/data/793006e9/MiniRaftClusterWithGrpcf15e8a6b/s1/615c80e3-3fba-41e9-9f3b-0e227a9d4ca1/current/log_inprogress_0
2023-03-02 05:48:02,887 [grpc-default-executor-3] DEBUG leader.FollowerInfo (FollowerInfoImpl.java:lambda$new$1(53)) - s0@group-0E227A9D4CA1->s2: matchIndex: updateToMax old=-1, new=0, updated? true
2023-03-02 05:48:02,888 [grpc-default-executor-3] DEBUG leader.FollowerInfo (FollowerInfoImpl.java:lambda$new$1(53)) - s0@group-0E227A9D4CA1->s1: matchIndex: updateToMax old=-1, new=0, updated? true
2023-03-02 05:48:02,936 [null-request--thread1] INFO  server.GrpcClientProtocolService (GrpcClientProtocolService.java:lambda$processClientRequest$0(284)) - Failed RaftClientRequest:client-DCD92D1F52AB->s1@group-0E227A9D4CA1, cid=20, seq=0, RW, Message:6d, reply=RaftClientReply:client-DCD92D1F52AB->s1@group-0E227A9D4CA1, cid=20, FAILED org.apache.ratis.protocol.exceptions.NotLeaderException: Server s1@group-0E227A9D4CA1 is not the leader s0|rpc:localhost:36333|admin:localhost:37311|client:localhost:41849|dataStream:localhost:40293|priority:0|startupRole:FOLLOWER, logIndex=0, commits[s1:c-1, s0:c-1, s2:c-1]
2023-03-02 05:48:02,967 [grpc-default-executor-0] DEBUG leader.FollowerInfo (FollowerInfoImpl.java:lambda$new$1(53)) - s0@group-0E227A9D4CA1->s2: commitIndex: updateToMax old=-1, new=0, updated? true
2023-03-02 05:48:02,972 [grpc-default-executor-3] DEBUG leader.FollowerInfo (FollowerInfoImpl.java:lambda$new$1(53)) - s0@group-0E227A9D4CA1->s1: commitIndex: updateToMax old=-1, new=0, updated? true
2023-03-02 05:48:03,059 [s0@group-0E227A9D4CA1->s2-GrpcLogAppender-LogAppenderDaemon] DEBUG leader.FollowerInfo (FollowerInfoImpl.java:lambda$new$1(53)) - s0@group-0E227A9D4CA1->s2: nextIndex: updateIncreasingly 1 -> 2
2023-03-02 05:48:03,063 [grpc-default-executor-3] DEBUG leader.FollowerInfo (FollowerInfoImpl.java:lambda$new$1(53)) - s0@group-0E227A9D4CA1->s2: matchIndex: updateToMax old=0, new=1, updated? true
2023-03-02 05:48:03,063 [s0@group-0E227A9D4CA1->s2-GrpcLogAppender-LogAppenderDaemon] DEBUG leader.FollowerInfo (FollowerInfoImpl.java:lambda$new$1(53)) - s0@group-0E227A9D4CA1->s2: nextIndex: updateIncreasingly 2 -> 3
2023-03-02 05:48:03,063 [s0@group-0E227A9D4CA1-StateMachineUpdater] INFO  impl.SimpleStateMachine4Testing (SimpleStateMachine4Testing.java:put(205)) - s0: put 1, m -> (t:1, i:1), STATEMACHINELOGENTRY, 20@client-DCD92D1F52AB
2023-03-02 05:48:03,065 [Time-limited test] INFO  server.RaftServerConfigKeys (ConfUtils.java:logGet(46)) - raft.server.rpc.timeout.max = 300ms (default)
2023-03-02 05:48:03,065 [Time-limited test] INFO  ratis.RaftTestUtil (RaftTestUtil.java:waitForLeader(100)) - printing ALL groups
  s0:  RUNNING    LEADER s0@group-0E227A9D4CA1:t1, leader=s0, voted=s0, raftlog=Memoized:s0@group-0E227A9D4CA1-SegmentedRaftLog:OPENED:c1, conf=0: peers:[s0|rpc:localhost:36333|admin:localhost:37311|client:localhost:41849|dataStream:localhost:40293|priority:0|startupRole:FOLLOWER, s1|rpc:localhost:35269|admin:localhost:34487|client:localhost:41729|dataStream:localhost:36469|priority:0|startupRole:FOLLOWER, s2|rpc:localhost:37183|admin:localhost:45897|client:localhost:45089|dataStream:localhost:39983|priority:0|startupRole:FOLLOWER]|listeners:[], old=null RUNNING
  s1:  RUNNING  FOLLOWER s1@group-0E227A9D4CA1:t1, leader=s0, voted=s0, raftlog=Memoized:s1@group-0E227A9D4CA1-SegmentedRaftLog:OPENED:c0, conf=0: peers:[s0|rpc:localhost:36333|admin:localhost:37311|client:localhost:41849|dataStream:localhost:40293|priority:0|startupRole:FOLLOWER, s1|rpc:localhost:35269|admin:localhost:34487|client:localhost:41729|dataStream:localhost:36469|priority:0|startupRole:FOLLOWER, s2|rpc:localhost:37183|admin:localhost:45897|client:localhost:45089|dataStream:localhost:39983|priority:0|startupRole:FOLLOWER]|listeners:[], old=null RUNNING
  s2:  RUNNING  FOLLOWER s2@group-0E227A9D4CA1:t1, leader=s0, voted=s0, raftlog=Memoized:s2@group-0E227A9D4CA1-SegmentedRaftLog:OPENED:c0, conf=0: peers:[s0|rpc:localhost:36333|admin:localhost:37311|client:localhost:41849|dataStream:localhost:40293|priority:0|startupRole:FOLLOWER, s1|rpc:localhost:35269|admin:localhost:34487|client:localhost:41729|dataStream:localhost:36469|priority:0|startupRole:FOLLOWER, s2|rpc:localhost:37183|admin:localhost:45897|client:localhost:45089|dataStream:localhost:39983|priority:0|startupRole:FOLLOWER]|listeners:[], old=null RUNNING
2023-03-02 05:48:03,065 [Time-limited test] INFO  ratis.RaftTestUtil (RaftTestUtil.java:waitForLeader(119)) - printing ALL groups
  s0:  RUNNING    LEADER s0@group-0E227A9D4CA1:t1, leader=s0, voted=s0, raftlog=Memoized:s0@group-0E227A9D4CA1-SegmentedRaftLog:OPENED:c1, conf=0: peers:[s0|rpc:localhost:36333|admin:localhost:37311|client:localhost:41849|dataStream:localhost:40293|priority:0|startupRole:FOLLOWER, s1|rpc:localhost:35269|admin:localhost:34487|client:localhost:41729|dataStream:localhost:36469|priority:0|startupRole:FOLLOWER, s2|rpc:localhost:37183|admin:localhost:45897|client:localhost:45089|dataStream:localhost:39983|priority:0|startupRole:FOLLOWER]|listeners:[], old=null RUNNING
  s1:  RUNNING  FOLLOWER s1@group-0E227A9D4CA1:t1, leader=s0, voted=s0, raftlog=Memoized:s1@group-0E227A9D4CA1-SegmentedRaftLog:OPENED:c0, conf=0: peers:[s0|rpc:localhost:36333|admin:localhost:37311|client:localhost:41849|dataStream:localhost:40293|priority:0|startupRole:FOLLOWER, s1|rpc:localhost:35269|admin:localhost:34487|client:localhost:41729|dataStream:localhost:36469|priority:0|startupRole:FOLLOWER, s2|rpc:localhost:37183|admin:localhost:45897|client:localhost:45089|dataStream:localhost:39983|priority:0|startupRole:FOLLOWER]|listeners:[], old=null RUNNING
  s2:  RUNNING  FOLLOWER s2@group-0E227A9D4CA1:t1, leader=s0, voted=s0, raftlog=Memoized:s2@group-0E227A9D4CA1-SegmentedRaftLog:OPENED:c0, conf=0: peers:[s0|rpc:localhost:36333|admin:localhost:37311|client:localhost:41849|dataStream:localhost:40293|priority:0|startupRole:FOLLOWER, s1|rpc:localhost:35269|admin:localhost:34487|client:localhost:41729|dataStream:localhost:36469|priority:0|startupRole:FOLLOWER, s2|rpc:localhost:37183|admin:localhost:45897|client:localhost:45089|dataStream:localhost:39983|priority:0|startupRole:FOLLOWER]|listeners:[], old=null RUNNING
2023-03-02 05:48:03,065 [Time-limited test] INFO  impl.SimpleStateMachine4Testing (SimpleStateMachine4Testing.java:block(135)) - block WRITE_STATE_MACHINE_DATA
2023-03-02 05:48:03,066 [Time-limited test] INFO  impl.SimpleStateMachine4Testing (SimpleStateMachine4Testing.java:block(135)) - block WRITE_STATE_MACHINE_DATA
2023-03-02 05:48:03,074 [s2@group-0E227A9D4CA1-StateMachineUpdater] INFO  impl.SimpleStateMachine4Testing (SimpleStateMachine4Testing.java:put(205)) - s2: put 1, m -> (t:1, i:1), STATEMACHINELOGENTRY, 20@client-DCD92D1F52AB
2023-03-02 05:48:03,075 [grpc-default-executor-0] DEBUG leader.FollowerInfo (FollowerInfoImpl.java:lambda$new$1(53)) - s0@group-0E227A9D4CA1->s2: commitIndex: updateToMax old=0, new=1, updated? true
2023-03-02 05:48:03,075 [grpc-default-executor-0] DEBUG leader.FollowerInfo (FollowerInfoImpl.java:lambda$new$1(53)) - s0@group-0E227A9D4CA1->s2: matchIndex: updateToMax old=1, new=2, updated? true
2023-03-02 05:48:03,076 [s0@group-0E227A9D4CA1->s1-GrpcLogAppender-LogAppenderDaemon] DEBUG leader.FollowerInfo (FollowerInfoImpl.java:lambda$new$1(53)) - s0@group-0E227A9D4CA1->s1: nextIndex: updateIncreasingly 1 -> 2
2023-03-02 05:48:03,089 [s0@group-0E227A9D4CA1->s1-GrpcLogAppender-LogAppenderDaemon] DEBUG leader.FollowerInfo (FollowerInfoImpl.java:lambda$new$1(53)) - s0@group-0E227A9D4CA1->s1: nextIndex: updateIncreasingly 2 -> 3
2023-03-02 05:48:03,093 [Time-limited test] WARN  grpc.TestLogAppenderWithGrpc (JavaUtils.java:attempt(217)) - FAILED "matching nextIndex", attempt #1/5: java.lang.AssertionError: expected:<13> but was:<3>, sleep 1s and then retry.
java.lang.AssertionError: expected:<13> but was:<3>
	at org.junit.Assert.fail(Assert.java:89)
	at org.junit.Assert.failNotEquals(Assert.java:835)
	at org.junit.Assert.assertEquals(Assert.java:647)
	at org.junit.Assert.assertEquals(Assert.java:633)
	at org.apache.ratis.grpc.TestLogAppenderWithGrpc.lambda$testPendingLimits$0(TestLogAppenderWithGrpc.java:95)
	at org.apache.ratis.util.function.CheckedRunnable.lambda$asCheckedSupplier$0(CheckedRunnable.java:32)
	at org.apache.ratis.util.JavaUtils.attempt(JavaUtils.java:211)
	at org.apache.ratis.util.JavaUtils.attemptRepeatedly(JavaUtils.java:197)
	at org.apache.ratis.util.JavaUtils.attempt(JavaUtils.java:231)
	at org.apache.ratis.grpc.TestLogAppenderWithGrpc.testPendingLimits(TestLogAppenderWithGrpc.java:92)
	at java.base/jdk.internal.reflect.NativeMethodAccessorImpl.invoke0(Native Method)
	at java.base/jdk.internal.reflect.NativeMethodAccessorImpl.invoke(NativeMethodAccessorImpl.java:62)
	at java.base/jdk.internal.reflect.DelegatingMethodAccessorImpl.invoke(DelegatingMethodAccessorImpl.java:43)
	at java.base/java.lang.reflect.Method.invoke(Method.java:566)
	at org.junit.runners.model.FrameworkMethod$1.runReflectiveCall(FrameworkMethod.java:59)
	at org.junit.internal.runners.model.ReflectiveCallable.run(ReflectiveCallable.java:12)
	at org.junit.runners.model.FrameworkMethod.invokeExplosively(FrameworkMethod.java:56)
	at org.junit.internal.runners.statements.InvokeMethod.evaluate(InvokeMethod.java:17)
	at org.junit.internal.runners.statements.RunAfters.evaluate(RunAfters.java:27)
	at org.junit.internal.runners.statements.FailOnTimeout$CallableStatement.call(FailOnTimeout.java:299)
	at org.junit.internal.runners.statements.FailOnTimeout$CallableStatement.call(FailOnTimeout.java:293)
	at java.base/java.util.concurrent.FutureTask.run(FutureTask.java:264)
	at java.base/java.lang.Thread.run(Thread.java:829)
2023-03-02 05:48:03,111 [s0@group-0E227A9D4CA1->s2-GrpcLogAppender-LogAppenderDaemon] DEBUG leader.FollowerInfo (FollowerInfoImpl.java:lambda$new$1(53)) - s0@group-0E227A9D4CA1->s2: nextIndex: updateIncreasingly 3 -> 4
2023-03-02 05:48:03,116 [s0@group-0E227A9D4CA1->s2-GrpcLogAppender-LogAppenderDaemon] DEBUG leader.FollowerInfo (FollowerInfoImpl.java:lambda$new$1(53)) - s0@group-0E227A9D4CA1->s2: nextIndex: updateIncreasingly 4 -> 5
2023-03-02 05:48:03,120 [s0@group-0E227A9D4CA1->s1-GrpcLogAppender-LogAppenderDaemon] DEBUG leader.FollowerInfo (FollowerInfoImpl.java:lambda$new$1(53)) - s0@group-0E227A9D4CA1->s1: nextIndex: updateIncreasingly 3 -> 4
2023-03-02 05:48:03,130 [s0@group-0E227A9D4CA1->s1-GrpcLogAppender-LogAppenderDaemon] DEBUG leader.FollowerInfo (FollowerInfoImpl.java:lambda$new$1(53)) - s0@group-0E227A9D4CA1->s1: nextIndex: updateIncreasingly 4 -> 5
2023-03-02 05:48:03,132 [s0@group-0E227A9D4CA1->s2-GrpcLogAppender-LogAppenderDaemon] DEBUG leader.FollowerInfo (FollowerInfoImpl.java:lambda$new$1(53)) - s0@group-0E227A9D4CA1->s2: nextIndex: updateIncreasingly 5 -> 6
2023-03-02 05:48:03,142 [s0@group-0E227A9D4CA1->s1-GrpcLogAppender-LogAppenderDaemon] DEBUG leader.FollowerInfo (FollowerInfoImpl.java:lambda$new$1(53)) - s0@group-0E227A9D4CA1->s1: nextIndex: updateIncreasingly 5 -> 6
2023-03-02 05:48:03,143 [s0@group-0E227A9D4CA1->s2-GrpcLogAppender-LogAppenderDaemon] DEBUG leader.FollowerInfo (FollowerInfoImpl.java:lambda$new$1(53)) - s0@group-0E227A9D4CA1->s2: nextIndex: updateIncreasingly 6 -> 7
2023-03-02 05:48:03,155 [s0@group-0E227A9D4CA1->s2-GrpcLogAppender-LogAppenderDaemon] DEBUG leader.FollowerInfo (FollowerInfoImpl.java:lambda$new$1(53)) - s0@group-0E227A9D4CA1->s2: nextIndex: updateIncreasingly 7 -> 8
2023-03-02 05:48:03,161 [s0@group-0E227A9D4CA1->s1-GrpcLogAppender-LogAppenderDaemon] DEBUG leader.FollowerInfo (FollowerInfoImpl.java:lambda$new$1(53)) - s0@group-0E227A9D4CA1->s1: nextIndex: updateIncreasingly 6 -> 7
2023-03-02 05:48:03,171 [s0@group-0E227A9D4CA1->s1-GrpcLogAppender-LogAppenderDaemon] DEBUG leader.FollowerInfo (FollowerInfoImpl.java:lambda$new$1(53)) - s0@group-0E227A9D4CA1->s1: nextIndex: updateIncreasingly 7 -> 8
2023-03-02 05:48:03,174 [s0@group-0E227A9D4CA1->s2-GrpcLogAppender-LogAppenderDaemon] DEBUG leader.FollowerInfo (FollowerInfoImpl.java:lambda$new$1(53)) - s0@group-0E227A9D4CA1->s2: nextIndex: updateIncreasingly 8 -> 9
2023-03-02 05:48:03,182 [s0@group-0E227A9D4CA1->s1-GrpcLogAppender-LogAppenderDaemon] DEBUG leader.FollowerInfo (FollowerInfoImpl.java:lambda$new$1(53)) - s0@group-0E227A9D4CA1->s1: nextIndex: updateIncreasingly 8 -> 9
2023-03-02 05:48:03,185 [s0@group-0E227A9D4CA1->s2-GrpcLogAppender-LogAppenderDaemon] DEBUG leader.FollowerInfo (FollowerInfoImpl.java:lambda$new$1(53)) - s0@group-0E227A9D4CA1->s2: nextIndex: updateIncreasingly 9 -> 10
2023-03-02 05:48:03,192 [s0@group-0E227A9D4CA1->s1-GrpcLogAppender-LogAppenderDaemon] DEBUG leader.FollowerInfo (FollowerInfoImpl.java:lambda$new$1(53)) - s0@group-0E227A9D4CA1->s1: nextIndex: updateIncreasingly 9 -> 10
2023-03-02 05:48:03,195 [s0@group-0E227A9D4CA1->s2-GrpcLogAppender-LogAppenderDaemon] DEBUG leader.FollowerInfo (FollowerInfoImpl.java:lambda$new$1(53)) - s0@group-0E227A9D4CA1->s2: nextIndex: updateIncreasingly 10 -> 11
2023-03-02 05:48:03,203 [s0@group-0E227A9D4CA1->s1-GrpcLogAppender-LogAppenderDaemon] DEBUG leader.FollowerInfo (FollowerInfoImpl.java:lambda$new$1(53)) - s0@group-0E227A9D4CA1->s1: nextIndex: updateIncreasingly 10 -> 11
2023-03-02 05:48:03,206 [s0@group-0E227A9D4CA1->s2-GrpcLogAppender-LogAppenderDaemon] DEBUG leader.FollowerInfo (FollowerInfoImpl.java:lambda$new$1(53)) - s0@group-0E227A9D4CA1->s2: nextIndex: updateIncreasingly 11 -> 12
2023-03-02 05:48:03,216 [s0@group-0E227A9D4CA1->s2-GrpcLogAppender-LogAppenderDaemon] DEBUG leader.FollowerInfo (FollowerInfoImpl.java:lambda$new$1(53)) - s0@group-0E227A9D4CA1->s2: nextIndex: updateIncreasingly 12 -> 13
2023-03-02 05:48:04,094 [Time-limited test] WARN  grpc.TestLogAppenderWithGrpc (JavaUtils.java:attempt(217)) - FAILED "matching nextIndex", attempt #2/5: java.lang.AssertionError: expected:<13> but was:<11>, sleep 1s and then retry.
java.lang.AssertionError: expected:<13> but was:<11>
	at org.junit.Assert.fail(Assert.java:89)
	at org.junit.Assert.failNotEquals(Assert.java:835)
	at org.junit.Assert.assertEquals(Assert.java:647)
	at org.junit.Assert.assertEquals(Assert.java:633)
	at org.apache.ratis.grpc.TestLogAppenderWithGrpc.lambda$testPendingLimits$0(TestLogAppenderWithGrpc.java:95)
	at org.apache.ratis.util.function.CheckedRunnable.lambda$asCheckedSupplier$0(CheckedRunnable.java:32)
	at org.apache.ratis.util.JavaUtils.attempt(JavaUtils.java:211)
	at org.apache.ratis.util.JavaUtils.attemptRepeatedly(JavaUtils.java:197)
	at org.apache.ratis.util.JavaUtils.attempt(JavaUtils.java:231)
	at org.apache.ratis.grpc.TestLogAppenderWithGrpc.testPendingLimits(TestLogAppenderWithGrpc.java:92)
	at java.base/jdk.internal.reflect.NativeMethodAccessorImpl.invoke0(Native Method)
	at java.base/jdk.internal.reflect.NativeMethodAccessorImpl.invoke(NativeMethodAccessorImpl.java:62)
	at java.base/jdk.internal.reflect.DelegatingMethodAccessorImpl.invoke(DelegatingMethodAccessorImpl.java:43)
	at java.base/java.lang.reflect.Method.invoke(Method.java:566)
	at org.junit.runners.model.FrameworkMethod$1.runReflectiveCall(FrameworkMethod.java:59)
	at org.junit.internal.runners.model.ReflectiveCallable.run(ReflectiveCallable.java:12)
	at org.junit.runners.model.FrameworkMethod.invokeExplosively(FrameworkMethod.java:56)
	at org.junit.internal.runners.statements.InvokeMethod.evaluate(InvokeMethod.java:17)
	at org.junit.internal.runners.statements.RunAfters.evaluate(RunAfters.java:27)
	at org.junit.internal.runners.statements.FailOnTimeout$CallableStatement.call(FailOnTimeout.java:299)
	at org.junit.internal.runners.statements.FailOnTimeout$CallableStatement.call(FailOnTimeout.java:293)
	at java.base/java.util.concurrent.FutureTask.run(FutureTask.java:264)
	at java.base/java.lang.Thread.run(Thread.java:829)
2023-03-02 05:48:05,094 [Time-limited test] WARN  grpc.TestLogAppenderWithGrpc (JavaUtils.java:attempt(217)) - FAILED "matching nextIndex", attempt #3/5: java.lang.AssertionError: expected:<13> but was:<11>, sleep 1s and then retry.
java.lang.AssertionError: expected:<13> but was:<11>
	at org.junit.Assert.fail(Assert.java:89)
	at org.junit.Assert.failNotEquals(Assert.java:835)
	at org.junit.Assert.assertEquals(Assert.java:647)
	at org.junit.Assert.assertEquals(Assert.java:633)
	at org.apache.ratis.grpc.TestLogAppenderWithGrpc.lambda$testPendingLimits$0(TestLogAppenderWithGrpc.java:95)
	at org.apache.ratis.util.function.CheckedRunnable.lambda$asCheckedSupplier$0(CheckedRunnable.java:32)
	at org.apache.ratis.util.JavaUtils.attempt(JavaUtils.java:211)
	at org.apache.ratis.util.JavaUtils.attemptRepeatedly(JavaUtils.java:197)
	at org.apache.ratis.util.JavaUtils.attempt(JavaUtils.java:231)
	at org.apache.ratis.grpc.TestLogAppenderWithGrpc.testPendingLimits(TestLogAppenderWithGrpc.java:92)
	at java.base/jdk.internal.reflect.NativeMethodAccessorImpl.invoke0(Native Method)
	at java.base/jdk.internal.reflect.NativeMethodAccessorImpl.invoke(NativeMethodAccessorImpl.java:62)
	at java.base/jdk.internal.reflect.DelegatingMethodAccessorImpl.invoke(DelegatingMethodAccessorImpl.java:43)
	at java.base/java.lang.reflect.Method.invoke(Method.java:566)
	at org.junit.runners.model.FrameworkMethod$1.runReflectiveCall(FrameworkMethod.java:59)
	at org.junit.internal.runners.model.ReflectiveCallable.run(ReflectiveCallable.java:12)
	at org.junit.runners.model.FrameworkMethod.invokeExplosively(FrameworkMethod.java:56)
	at org.junit.internal.runners.statements.InvokeMethod.evaluate(InvokeMethod.java:17)
	at org.junit.internal.runners.statements.RunAfters.evaluate(RunAfters.java:27)
	at org.junit.internal.runners.statements.FailOnTimeout$CallableStatement.call(FailOnTimeout.java:299)
	at org.junit.internal.runners.statements.FailOnTimeout$CallableStatement.call(FailOnTimeout.java:293)
	at java.base/java.util.concurrent.FutureTask.run(FutureTask.java:264)
	at java.base/java.lang.Thread.run(Thread.java:829)
2023-03-02 05:48:06,077 [timer1] WARN  server.GrpcLogAppender (GrpcLogAppender.java:timeoutAppendRequest(311)) - s0@group-0E227A9D4CA1->s1-GrpcLogAppender:  appendEntries Timeout, request=AppendEntriesRequest:cid=1483,entriesCount=1,lastEntry=(t:1, i:1)
2023-03-02 05:48:06,089 [timer2] WARN  server.GrpcLogAppender (GrpcLogAppender.java:timeoutAppendRequest(311)) - s0@group-0E227A9D4CA1->s1-GrpcLogAppender:  appendEntries Timeout, request=AppendEntriesRequest:cid=1484,entriesCount=1,lastEntry=(t:1, i:2)
2023-03-02 05:48:06,095 [Time-limited test] WARN  grpc.TestLogAppenderWithGrpc (JavaUtils.java:attempt(217)) - FAILED "matching nextIndex", attempt #4/5: java.lang.AssertionError: expected:<13> but was:<11>, sleep 1s and then retry.
java.lang.AssertionError: expected:<13> but was:<11>
	at org.junit.Assert.fail(Assert.java:89)
	at org.junit.Assert.failNotEquals(Assert.java:835)
	at org.junit.Assert.assertEquals(Assert.java:647)
	at org.junit.Assert.assertEquals(Assert.java:633)
	at org.apache.ratis.grpc.TestLogAppenderWithGrpc.lambda$testPendingLimits$0(TestLogAppenderWithGrpc.java:95)
	at org.apache.ratis.util.function.CheckedRunnable.lambda$asCheckedSupplier$0(CheckedRunnable.java:32)
	at org.apache.ratis.util.JavaUtils.attempt(JavaUtils.java:211)
	at org.apache.ratis.util.JavaUtils.attemptRepeatedly(JavaUtils.java:197)
	at org.apache.ratis.util.JavaUtils.attempt(JavaUtils.java:231)
	at org.apache.ratis.grpc.TestLogAppenderWithGrpc.testPendingLimits(TestLogAppenderWithGrpc.java:92)
	at java.base/jdk.internal.reflect.NativeMethodAccessorImpl.invoke0(Native Method)
	at java.base/jdk.internal.reflect.NativeMethodAccessorImpl.invoke(NativeMethodAccessorImpl.java:62)
	at java.base/jdk.internal.reflect.DelegatingMethodAccessorImpl.invoke(DelegatingMethodAccessorImpl.java:43)
	at java.base/java.lang.reflect.Method.invoke(Method.java:566)
	at org.junit.runners.model.FrameworkMethod$1.runReflectiveCall(FrameworkMethod.java:59)
	at org.junit.internal.runners.model.ReflectiveCallable.run(ReflectiveCallable.java:12)
	at org.junit.runners.model.FrameworkMethod.invokeExplosively(FrameworkMethod.java:56)
	at org.junit.internal.runners.statements.InvokeMethod.evaluate(InvokeMethod.java:17)
	at org.junit.internal.runners.statements.RunAfters.evaluate(RunAfters.java:27)
	at org.junit.internal.runners.statements.FailOnTimeout$CallableStatement.call(FailOnTimeout.java:299)
	at org.junit.internal.runners.statements.FailOnTimeout$CallableStatement.call(FailOnTimeout.java:293)
	at java.base/java.util.concurrent.FutureTask.run(FutureTask.java:264)
	at java.base/java.lang.Thread.run(Thread.java:829)
2023-03-02 05:48:06,111 [timer0] WARN  server.GrpcLogAppender (GrpcLogAppender.java:timeoutAppendRequest(311)) - s0@group-0E227A9D4CA1->s2-GrpcLogAppender:  appendEntries Timeout, request=AppendEntriesRequest:cid=3383,entriesCount=1,lastEntry=(t:1, i:3)
2023-03-02 05:48:06,120 [timer1] WARN  server.GrpcLogAppender (GrpcLogAppender.java:timeoutAppendRequest(311)) - s0@group-0E227A9D4CA1->s1-GrpcLogAppender:  appendEntries Timeout, request=AppendEntriesRequest:cid=2080,entriesCount=1,lastEntry=(t:1, i:3)
2023-03-02 05:48:06,122 [timer2] WARN  server.GrpcLogAppender (GrpcLogAppender.java:timeoutAppendRequest(311)) - s0@group-0E227A9D4CA1->s2-GrpcLogAppender:  appendEntries Timeout, request=AppendEntriesRequest:cid=3384,entriesCount=1,lastEntry=(t:1, i:4)
2023-03-02 05:48:06,130 [timer3] WARN  server.GrpcLogAppender (GrpcLogAppender.java:timeoutAppendRequest(311)) - s0@group-0E227A9D4CA1->s1-GrpcLogAppender:  appendEntries Timeout, request=AppendEntriesRequest:cid=2081,entriesCount=1,lastEntry=(t:1, i:4)
2023-03-02 05:48:06,134 [timer4] WARN  server.GrpcLogAppender (GrpcLogAppender.java:timeoutAppendRequest(311)) - s0@group-0E227A9D4CA1->s2-GrpcLogAppender:  appendEntries Timeout, request=AppendEntriesRequest:cid=3385,entriesCount=1,lastEntry=(t:1, i:5)
2023-03-02 05:48:06,143 [timer6] WARN  server.GrpcLogAppender (GrpcLogAppender.java:timeoutAppendRequest(311)) - s0@group-0E227A9D4CA1->s2-GrpcLogAppender:  appendEntries Timeout, request=AppendEntriesRequest:cid=3386,entriesCount=1,lastEntry=(t:1, i:6)
2023-03-02 05:48:06,161 [timer1] WARN  server.GrpcLogAppender (GrpcLogAppender.java:timeoutAppendRequest(311)) - s0@group-0E227A9D4CA1->s1-GrpcLogAppender:  appendEntries Timeout, request=AppendEntriesRequest:cid=2084,entriesCount=1,lastEntry=(t:1, i:6)
2023-03-02 05:48:06,164 [timer2] WARN  server.GrpcLogAppender (GrpcLogAppender.java:timeoutAppendRequest(311)) - s0@group-0E227A9D4CA1->s2-GrpcLogAppender:  appendEntries Timeout, request=AppendEntriesRequest:cid=3388,entriesCount=1,lastEntry=(t:1, i:7)
2023-03-02 05:48:06,172 [timer3] WARN  server.GrpcLogAppender (GrpcLogAppender.java:timeoutAppendRequest(311)) - s0@group-0E227A9D4CA1->s1-GrpcLogAppender:  appendEntries Timeout, request=AppendEntriesRequest:cid=2085,entriesCount=1,lastEntry=(t:1, i:7)
2023-03-02 05:48:06,174 [timer4] WARN  server.GrpcLogAppender (GrpcLogAppender.java:timeoutAppendRequest(311)) - s0@group-0E227A9D4CA1->s2-GrpcLogAppender:  appendEntries Timeout, request=AppendEntriesRequest:cid=3389,entriesCount=1,lastEntry=(t:1, i:8)
2023-03-02 05:48:06,182 [timer5] WARN  server.GrpcLogAppender (GrpcLogAppender.java:timeoutAppendRequest(311)) - s0@group-0E227A9D4CA1->s1-GrpcLogAppender:  appendEntries Timeout, request=AppendEntriesRequest:cid=2086,entriesCount=1,lastEntry=(t:1, i:8)
2023-03-02 05:48:06,185 [timer6] WARN  server.GrpcLogAppender (GrpcLogAppender.java:timeoutAppendRequest(311)) - s0@group-0E227A9D4CA1->s2-GrpcLogAppender:  appendEntries Timeout, request=AppendEntriesRequest:cid=3390,entriesCount=1,lastEntry=(t:1, i:9)
2023-03-02 05:48:06,195 [timer0] WARN  server.GrpcLogAppender (GrpcLogAppender.java:timeoutAppendRequest(311)) - s0@group-0E227A9D4CA1->s2-GrpcLogAppender:  appendEntries Timeout, request=AppendEntriesRequest:cid=3391,entriesCount=1,lastEntry=(t:1, i:10)
2023-03-02 05:48:06,204 [timer1] WARN  server.GrpcLogAppender (GrpcLogAppender.java:timeoutAppendRequest(311)) - s0@group-0E227A9D4CA1->s1-GrpcLogAppender:  appendEntries Timeout, request=AppendEntriesRequest:cid=2088,entriesCount=1,lastEntry=(t:1, i:10)
2023-03-02 05:48:06,207 [timer2] WARN  server.GrpcLogAppender (GrpcLogAppender.java:timeoutAppendRequest(311)) - s0@group-0E227A9D4CA1->s2-GrpcLogAppender:  appendEntries Timeout, request=AppendEntriesRequest:cid=3392,entriesCount=1,lastEntry=(t:1, i:11)
2023-03-02 05:48:06,217 [timer3] WARN  server.GrpcLogAppender (GrpcLogAppender.java:timeoutAppendRequest(311)) - s0@group-0E227A9D4CA1->s2-GrpcLogAppender:  appendEntries Timeout, request=AppendEntriesRequest:cid=3393,entriesCount=1,lastEntry=(t:1, i:12)
]]></system-out>
  </testcase>
  <testcase name="testSingleElementBuffer[0]" classname="org.apache.ratis.grpc.TestLogAppenderWithGrpc" time="7.977"/>
  <testcase name="testFollowerHeartbeatMetric[0]" classname="org.apache.ratis.grpc.TestLogAppenderWithGrpc" time="0.742"/>
  <testcase name="testUnlimitedElementBuffer[0]" classname="org.apache.ratis.grpc.TestLogAppenderWithGrpc" time="3.895"/>
  <testcase name="testRestartLogAppender[1]" classname="org.apache.ratis.grpc.TestLogAppenderWithGrpc" time="2.041"/>
  <testcase name="testPendingLimits[1]" classname="org.apache.ratis.grpc.TestLogAppenderWithGrpc" time="3.676"/>
  <testcase name="testSingleElementBuffer[1]" classname="org.apache.ratis.grpc.TestLogAppenderWithGrpc" time="8.115"/>
  <testcase name="testFollowerHeartbeatMetric[1]" classname="org.apache.ratis.grpc.TestLogAppenderWithGrpc" time="0.802"/>
  <testcase name="testUnlimitedElementBuffer[1]" classname="org.apache.ratis.grpc.TestLogAppenderWithGrpc" time="3.912"/>
</testsuite>