<?xml version="1.0" encoding="UTF-8"?>
<testsuite xmlns:xsi="http://www.w3.org/2001/XMLSchema-instance" xsi:noNamespaceSchemaLocation="https://maven.apache.org/surefire/maven-surefire-plugin/xsd/surefire-test-report.xsd" name="org.apache.ratis.grpc.TestRaftServerWithGrpc" time="30.751" tests="10" errors="0" skipped="0" failures="1">
  <properties>
    <property name="awt.toolkit" value="sun.awt.X11.XToolkit"/>
    <property name="java.specification.version" value="11"/>
    <property name="sun.cpu.isalist" value=""/>
    <property name="sun.jnu.encoding" value="UTF-8"/>
    <property name="java.class.path" value="/home/runner/work/ratis/ratis/ratis-test/target/test-classes:/home/runner/work/ratis/ratis/ratis-test/target/classes:/home/runner/work/ratis/ratis/ratis-common/target/classes:/home/runner/.m2/repository/org/apache/ratis/ratis-thirdparty-misc/1.0.2/ratis-thirdparty-misc-1.0.2.jar:/home/runner/work/ratis/ratis/ratis-proto/target/ratis-proto-3.0.0-SNAPSHOT.jar:/home/runner/work/ratis/ratis/ratis-common/target/test-classes:/home/runner/work/ratis/ratis/ratis-client/target/classes:/home/runner/work/ratis/ratis/ratis-server/target/classes:/home/runner/work/ratis/ratis/ratis-server-api/target/classes:/home/runner/work/ratis/ratis/ratis-metrics/target/classes:/home/runner/work/ratis/ratis/ratis-server/target/test-classes:/home/runner/work/ratis/ratis/ratis-netty/target/classes:/home/runner/work/ratis/ratis/ratis-netty/target/test-classes:/home/runner/work/ratis/ratis/ratis-grpc/target/classes:/home/runner/work/ratis/ratis/ratis-grpc/target/test-classes:/home/runner/.m2/repository/org/slf4j/slf4j-api/1.7.29/slf4j-api-1.7.29.jar:/home/runner/.m2/repository/org/slf4j/slf4j-log4j12/1.7.29/slf4j-log4j12-1.7.29.jar:/home/runner/.m2/repository/log4j/log4j/1.2.17/log4j-1.2.17.jar:/home/runner/.m2/repository/junit/junit/4.13.2/junit-4.13.2.jar:/home/runner/.m2/repository/org/hamcrest/hamcrest-core/1.3/hamcrest-core-1.3.jar:/home/runner/.m2/repository/org/mockito/mockito-core/4.3.1/mockito-core-4.3.1.jar:/home/runner/.m2/repository/net/bytebuddy/byte-buddy/1.12.7/byte-buddy-1.12.7.jar:/home/runner/.m2/repository/net/bytebuddy/byte-buddy-agent/1.12.7/byte-buddy-agent-1.12.7.jar:/home/runner/.m2/repository/org/objenesis/objenesis/3.2/objenesis-3.2.jar:/home/runner/work/ratis/ratis/ratis-shell/target/classes:/home/runner/.m2/repository/commons-cli/commons-cli/1.5.0/commons-cli-1.5.0.jar:/home/runner/.m2/repository/org/slf4j/slf4j-simple/1.7.29/slf4j-simple-1.7.29.jar:/home/runner/.m2/repository/org/reflections/reflections/0.10.2/reflections-0.10.2.jar:/home/runner/.m2/repository/org/javassist/javassist/3.28.0-GA/javassist-3.28.0-GA.jar:/home/runner/.m2/repository/com/google/code/findbugs/jsr305/3.0.2/jsr305-3.0.2.jar:"/>
    <property name="java.vm.vendor" value="Eclipse Adoptium"/>
    <property name="sun.arch.data.model" value="64"/>
    <property name="java.vendor.url" value="https://adoptium.net/"/>
    <property name="user.timezone" value=""/>
    <property name="java.vm.specification.version" value="11"/>
    <property name="os.name" value="Linux"/>
    <property name="sun.java.launcher" value="SUN_STANDARD"/>
    <property name="sun.boot.library.path" value="/usr/lib/jvm/temurin-11-jdk-amd64/lib"/>
    <property name="sun.java.command" value="/home/runner/work/ratis/ratis/ratis-test/target/surefire/surefirebooter13190686458500129760.jar /home/runner/work/ratis/ratis/ratis-test/target/surefire 2022-08-31T02-38-37_446-jvmRun1 surefire2175252681569536528tmp surefire_61901855772948328842tmp"/>
    <property name="jdk.debug" value="release"/>
    <property name="surefire.test.class.path" value="/home/runner/work/ratis/ratis/ratis-test/target/test-classes:/home/runner/work/ratis/ratis/ratis-test/target/classes:/home/runner/work/ratis/ratis/ratis-common/target/classes:/home/runner/.m2/repository/org/apache/ratis/ratis-thirdparty-misc/1.0.2/ratis-thirdparty-misc-1.0.2.jar:/home/runner/work/ratis/ratis/ratis-proto/target/ratis-proto-3.0.0-SNAPSHOT.jar:/home/runner/work/ratis/ratis/ratis-common/target/test-classes:/home/runner/work/ratis/ratis/ratis-client/target/classes:/home/runner/work/ratis/ratis/ratis-server/target/classes:/home/runner/work/ratis/ratis/ratis-server-api/target/classes:/home/runner/work/ratis/ratis/ratis-metrics/target/classes:/home/runner/work/ratis/ratis/ratis-server/target/test-classes:/home/runner/work/ratis/ratis/ratis-netty/target/classes:/home/runner/work/ratis/ratis/ratis-netty/target/test-classes:/home/runner/work/ratis/ratis/ratis-grpc/target/classes:/home/runner/work/ratis/ratis/ratis-grpc/target/test-classes:/home/runner/.m2/repository/org/slf4j/slf4j-api/1.7.29/slf4j-api-1.7.29.jar:/home/runner/.m2/repository/org/slf4j/slf4j-log4j12/1.7.29/slf4j-log4j12-1.7.29.jar:/home/runner/.m2/repository/log4j/log4j/1.2.17/log4j-1.2.17.jar:/home/runner/.m2/repository/junit/junit/4.13.2/junit-4.13.2.jar:/home/runner/.m2/repository/org/hamcrest/hamcrest-core/1.3/hamcrest-core-1.3.jar:/home/runner/.m2/repository/org/mockito/mockito-core/4.3.1/mockito-core-4.3.1.jar:/home/runner/.m2/repository/net/bytebuddy/byte-buddy/1.12.7/byte-buddy-1.12.7.jar:/home/runner/.m2/repository/net/bytebuddy/byte-buddy-agent/1.12.7/byte-buddy-agent-1.12.7.jar:/home/runner/.m2/repository/org/objenesis/objenesis/3.2/objenesis-3.2.jar:/home/runner/work/ratis/ratis/ratis-shell/target/classes:/home/runner/.m2/repository/commons-cli/commons-cli/1.5.0/commons-cli-1.5.0.jar:/home/runner/.m2/repository/org/slf4j/slf4j-simple/1.7.29/slf4j-simple-1.7.29.jar:/home/runner/.m2/repository/org/reflections/reflections/0.10.2/reflections-0.10.2.jar:/home/runner/.m2/repository/org/javassist/javassist/3.28.0-GA/javassist-3.28.0-GA.jar:/home/runner/.m2/repository/com/google/code/findbugs/jsr305/3.0.2/jsr305-3.0.2.jar:"/>
    <property name="sun.cpu.endian" value="little"/>
    <property name="user.home" value="/home/runner"/>
    <property name="user.language" value="en"/>
    <property name="java.specification.vendor" value="Oracle Corporation"/>
    <property name="java.version.date" value="2022-08-12"/>
    <property name="java.home" value="/usr/lib/jvm/temurin-11-jdk-amd64"/>
    <property name="file.separator" value="/"/>
    <property name="basedir" value="/home/runner/work/ratis/ratis/ratis-test"/>
    <property name="java.vm.compressedOopsMode" value="32-bit"/>
    <property name="line.separator" value="&#10;"/>
    <property name="java.specification.name" value="Java Platform API Specification"/>
    <property name="java.vm.specification.vendor" value="Oracle Corporation"/>
    <property name="java.awt.graphicsenv" value="sun.awt.X11GraphicsEnvironment"/>
    <property name="surefire.real.class.path" value="/home/runner/work/ratis/ratis/ratis-test/target/surefire/surefirebooter13190686458500129760.jar"/>
    <property name="sun.management.compiler" value="HotSpot 64-Bit Tiered Compilers"/>
    <property name="java.runtime.version" value="11.0.16.1+1"/>
    <property name="user.name" value="runner"/>
    <property name="java.net.preferIPv4Stack" value="true"/>
    <property name="path.separator" value=":"/>
    <property name="os.version" value="5.15.0-1017-azure"/>
    <property name="java.runtime.name" value="OpenJDK Runtime Environment"/>
    <property name="file.encoding" value="UTF-8"/>
    <property name="java.vm.name" value="OpenJDK 64-Bit Server VM"/>
    <property name="java.vendor.version" value="Temurin-11.0.16.1+1"/>
    <property name="localRepository" value="/home/runner/.m2/repository"/>
    <property name="java.vendor.url.bug" value="https://github.com/adoptium/adoptium-support/issues"/>
    <property name="java.io.tmpdir" value="/tmp"/>
    <property name="java.version" value="11.0.16.1"/>
    <property name="user.dir" value="/home/runner/work/ratis/ratis/ratis-test"/>
    <property name="os.arch" value="amd64"/>
    <property name="ratis.tmp.dir" value="/home/runner/work/ratis/ratis/ratis-test/target/tmp"/>
    <property name="java.vm.specification.name" value="Java Virtual Machine Specification"/>
    <property name="java.awt.printerjob" value="sun.print.PSPrinterJob"/>
    <property name="ratis.log.dir" value="/home/runner/work/ratis/ratis/ratis-test/target/log"/>
    <property name="sun.os.patch.level" value="unknown"/>
    <property name="java.library.path" value="/usr/java/packages/lib:/usr/lib64:/lib64:/lib:/usr/lib"/>
    <property name="java.vm.info" value="mixed mode"/>
    <property name="java.vendor" value="Eclipse Adoptium"/>
    <property name="java.vm.version" value="11.0.16.1+1"/>
    <property name="sun.io.unicode.encoding" value="UnicodeLittle"/>
    <property name="java.class.version" value="55.0"/>
  </properties>
  <testcase name="testRaftClientMetrics[0]" classname="org.apache.ratis.grpc.TestRaftServerWithGrpc" time="2.625">
    <failure type="java.lang.AssertionError">java.lang.AssertionError
	at org.junit.Assert.fail(Assert.java:87)
	at org.junit.Assert.assertTrue(Assert.java:42)
	at org.junit.Assert.assertTrue(Assert.java:53)
	at org.apache.ratis.grpc.TestRaftServerWithGrpc.testRaftClientRequestMetrics(TestRaftServerWithGrpc.java:319)
	at org.apache.ratis.server.impl.MiniRaftCluster$Factory$Get.runWithNewCluster(MiniRaftCluster.java:139)
	at org.apache.ratis.server.impl.MiniRaftCluster$Factory$Get.runWithNewCluster(MiniRaftCluster.java:119)
	at org.apache.ratis.grpc.TestRaftServerWithGrpc.testRaftClientMetrics(TestRaftServerWithGrpc.java:218)
	at java.base/jdk.internal.reflect.NativeMethodAccessorImpl.invoke0(Native Method)
	at java.base/jdk.internal.reflect.NativeMethodAccessorImpl.invoke(NativeMethodAccessorImpl.java:62)
	at java.base/jdk.internal.reflect.DelegatingMethodAccessorImpl.invoke(DelegatingMethodAccessorImpl.java:43)
	at java.base/java.lang.reflect.Method.invoke(Method.java:566)
	at org.junit.runners.model.FrameworkMethod$1.runReflectiveCall(FrameworkMethod.java:59)
	at org.junit.internal.runners.model.ReflectiveCallable.run(ReflectiveCallable.java:12)
	at org.junit.runners.model.FrameworkMethod.invokeExplosively(FrameworkMethod.java:56)
	at org.junit.internal.runners.statements.InvokeMethod.evaluate(InvokeMethod.java:17)
	at org.junit.internal.runners.statements.RunBefores.evaluate(RunBefores.java:26)
	at org.junit.internal.runners.statements.RunAfters.evaluate(RunAfters.java:27)
	at org.junit.internal.runners.statements.FailOnTimeout$CallableStatement.call(FailOnTimeout.java:299)
	at org.junit.internal.runners.statements.FailOnTimeout$CallableStatement.call(FailOnTimeout.java:293)
	at java.base/java.util.concurrent.FutureTask.run(FutureTask.java:264)
	at java.base/java.lang.Thread.run(Thread.java:829)
</failure>
    <system-out><![CDATA[2022-08-31 02:42:54,949 [main] INFO  util.LogUtils (Log4jUtils.java:setLogLevel(32)) - Set org.apache.ratis.conf.ConfUtils log level to WARN
2022-08-31 02:42:54,952 [main] INFO  util.LogUtils (Log4jUtils.java:setLogLevel(32)) - Set org.apache.ratis.util.FileUtils log level to TRACE
2022-08-31 02:42:54,957 [main] INFO  util.LogUtils (Log4jUtils.java:setLogLevel(32)) - Set org.apache.ratis.grpc.client.GrpcClientProtocolClient log level to ALL
2022-08-31 02:42:54,987 [Time-limited test] INFO  impl.MiniRaftCluster (MiniRaftCluster.java:runWithNewCluster(133)) - Running runWithNewCluster
2022-08-31 02:42:55,057 [Time-limited test] INFO  impl.MiniRaftCluster (MiniRaftCluster.java:<init>(304)) - new MiniRaftClusterWithGrpc with group-D13A7EAD264F:[s0|rpc:localhost:42809|admin:localhost:40381|client:localhost:38631|dataStream:localhost:36117|priority:0|startupRole:FOLLOWER, s1|rpc:localhost:42055|admin:localhost:40305|client:localhost:45909|dataStream:localhost:42215|priority:0|startupRole:FOLLOWER, s2|rpc:localhost:40641|admin:localhost:46817|client:localhost:34627|dataStream:localhost:36361|priority:0|startupRole:FOLLOWER]
2022-08-31 02:42:55,057 [Time-limited test] INFO  impl.MiniRaftCluster (MiniRaftCluster.java:start(337)) - .............................................................. 
2022-08-31 02:42:55,059 [Time-limited test] INFO  impl.MiniRaftCluster (MiniRaftCluster.java:start(338)) - ... 
2022-08-31 02:42:55,059 [Time-limited test] INFO  impl.MiniRaftCluster (MiniRaftCluster.java:start(339)) - ...     Starting MiniRaftClusterWithGrpc
2022-08-31 02:42:55,060 [Time-limited test] INFO  impl.MiniRaftCluster (MiniRaftCluster.java:start(340)) - ... 
2022-08-31 02:42:55,060 [Time-limited test] INFO  impl.MiniRaftCluster (MiniRaftCluster.java:start(341)) - .............................................................. 
2022-08-31 02:42:55,061 [Time-limited test] INFO  impl.MiniRaftCluster (MiniRaftCluster.java:initServers(316)) - servers = {}
2022-08-31 02:42:55,067 [Time-limited test] INFO  impl.MiniRaftCluster (MiniRaftCluster.java:newRaftServer(380)) - newRaftServer: s0, group-D13A7EAD264F:[s0|rpc:localhost:42809|admin:localhost:40381|client:localhost:38631|dataStream:localhost:36117|priority:0|startupRole:FOLLOWER, s1|rpc:localhost:42055|admin:localhost:40305|client:localhost:45909|dataStream:localhost:42215|priority:0|startupRole:FOLLOWER, s2|rpc:localhost:40641|admin:localhost:46817|client:localhost:34627|dataStream:localhost:36361|priority:0|startupRole:FOLLOWER], format? true
2022-08-31 02:42:55,069 [Time-limited test] TRACE util.FileUtils (FileUtils.java:deleteFully(168)) - deleteFully target/test/data/19d5fc4b/MiniRaftClusterWithGrpca68170a7/s0
2022-08-31 02:42:55,070 [Time-limited test] TRACE util.FileUtils (FileUtils.java:deleteFully(184)) - deleteFully: target/test/data/19d5fc4b/MiniRaftClusterWithGrpca68170a7/s0 does not exist.
2022-08-31 02:42:55,071 [Time-limited test] INFO  impl.MiniRaftCluster (MiniRaftCluster.java:newRaftServer(385)) - Formatted directory target/test/data/19d5fc4b/MiniRaftClusterWithGrpca68170a7/s0
2022-08-31 02:42:55,118 [Time-limited test] INFO  server.RaftServer (ConfUtils.java:logGet(46)) - raft.rpc.type = GRPC (default)
2022-08-31 02:42:55,215 [Time-limited test] INFO  grpc.GrpcConfigKeys (ConfUtils.java:logFallback(53)) - raft.grpc.admin.host = null (fallback to raft.grpc.server.host)
2022-08-31 02:42:55,218 [Time-limited test] INFO  grpc.GrpcConfigKeys (ConfUtils.java:logGet(46)) - raft.grpc.admin.port = 40381 (custom)
2022-08-31 02:42:55,218 [Time-limited test] INFO  grpc.GrpcConfigKeys (ConfUtils.java:logFallback(53)) - raft.grpc.client.host = null (fallback to raft.grpc.server.host)
2022-08-31 02:42:55,219 [Time-limited test] INFO  grpc.GrpcConfigKeys (ConfUtils.java:logGet(46)) - raft.grpc.client.port = 38631 (custom)
2022-08-31 02:42:55,219 [Time-limited test] INFO  grpc.GrpcConfigKeys (ConfUtils.java:logGet(46)) - raft.grpc.server.host = null (default)
2022-08-31 02:42:55,221 [Time-limited test] INFO  grpc.GrpcConfigKeys (ConfUtils.java:logGet(46)) - raft.grpc.server.port = 42809 (custom)
2022-08-31 02:42:55,225 [Time-limited test] INFO  server.GrpcService (ConfUtils.java:logGet(46)) - raft.grpc.message.size.max = 64MB (=67108864) (default)
2022-08-31 02:42:55,228 [Time-limited test] INFO  server.RaftServerConfigKeys (ConfUtils.java:logGet(46)) - raft.server.log.appender.buffer.byte-limit = 4MB (=4194304) (default)
2022-08-31 02:42:55,229 [Time-limited test] INFO  server.GrpcService (ConfUtils.java:logGet(46)) - raft.grpc.flow.control.window = 1MB (=1048576) (default)
2022-08-31 02:42:55,230 [Time-limited test] INFO  server.RaftServerConfigKeys (ConfUtils.java:logGet(46)) - raft.server.rpc.request.timeout = 3000ms (default)
2022-08-31 02:42:55,255 [Time-limited test] INFO  grpc.GrpcConfigKeys (ConfUtils.java:logGet(46)) - raft.grpc.server.heartbeat.channel = false (custom)
2022-08-31 02:42:55,263 [Time-limited test] INFO  grpc.GrpcConfigKeys (ConfUtils.java:logGet(46)) - raft.grpc.server.async.request.thread.pool.cached = true (default)
2022-08-31 02:42:55,265 [Time-limited test] INFO  grpc.GrpcConfigKeys (ConfUtils.java:logGet(46)) - raft.grpc.server.async.request.thread.pool.size = 32 (default)
2022-08-31 02:42:55,448 [Time-limited test] INFO  impl.DataStreamServerImpl (ConfUtils.java:logGet(46)) - raft.datastream.type = DISABLED (default)
2022-08-31 02:42:55,450 [Time-limited test] INFO  server.RaftServerConfigKeys (ConfUtils.java:logGet(46)) - raft.server.threadpool.proxy.cached = true (default)
2022-08-31 02:42:55,451 [Time-limited test] INFO  server.RaftServerConfigKeys (ConfUtils.java:logGet(46)) - raft.server.threadpool.proxy.size = 0 (default)
2022-08-31 02:42:55,451 [Time-limited test] INFO  server.RaftServerConfigKeys (ConfUtils.java:logGet(46)) - raft.server.rpc.slowness.timeout = 60s (default)
2022-08-31 02:42:55,452 [Time-limited test] INFO  server.RaftServerConfigKeys (ConfUtils.java:logGet(46)) - raft.server.leaderelection.leader.step-down.wait-time = 10s (default)
2022-08-31 02:42:55,455 [Time-limited test] INFO  server.RaftServerConfigKeys (ConfUtils.java:logGet(46)) - raft.server.storage.dir = [/home/runner/work/ratis/ratis/ratis-test/target/test/data/19d5fc4b/MiniRaftClusterWithGrpca68170a7/s0] (custom)
2022-08-31 02:42:55,466 [Time-limited test] INFO  server.RaftServer (RaftServerProxy.java:addNew(97)) - s0: addNew group-D13A7EAD264F:[s0|rpc:localhost:42809|admin:localhost:40381|client:localhost:38631|dataStream:localhost:36117|priority:0|startupRole:FOLLOWER, s1|rpc:localhost:42055|admin:localhost:40305|client:localhost:45909|dataStream:localhost:42215|priority:0|startupRole:FOLLOWER, s2|rpc:localhost:40641|admin:localhost:46817|client:localhost:34627|dataStream:localhost:36361|priority:0|startupRole:FOLLOWER] returns group-D13A7EAD264F:java.util.concurrent.CompletableFuture@1d2398b[Not completed]
2022-08-31 02:42:55,467 [Time-limited test] INFO  impl.MiniRaftCluster (MiniRaftCluster.java:newRaftServer(380)) - newRaftServer: s1, group-D13A7EAD264F:[s0|rpc:localhost:42809|admin:localhost:40381|client:localhost:38631|dataStream:localhost:36117|priority:0|startupRole:FOLLOWER, s1|rpc:localhost:42055|admin:localhost:40305|client:localhost:45909|dataStream:localhost:42215|priority:0|startupRole:FOLLOWER, s2|rpc:localhost:40641|admin:localhost:46817|client:localhost:34627|dataStream:localhost:36361|priority:0|startupRole:FOLLOWER], format? true
2022-08-31 02:42:55,468 [Time-limited test] TRACE util.FileUtils (FileUtils.java:deleteFully(168)) - deleteFully target/test/data/19d5fc4b/MiniRaftClusterWithGrpca68170a7/s1
2022-08-31 02:42:55,468 [Time-limited test] TRACE util.FileUtils (FileUtils.java:deleteFully(184)) - deleteFully: target/test/data/19d5fc4b/MiniRaftClusterWithGrpca68170a7/s1 does not exist.
2022-08-31 02:42:55,468 [Time-limited test] INFO  impl.MiniRaftCluster (MiniRaftCluster.java:newRaftServer(385)) - Formatted directory target/test/data/19d5fc4b/MiniRaftClusterWithGrpca68170a7/s1
2022-08-31 02:42:55,468 [Time-limited test] INFO  server.RaftServer (ConfUtils.java:logGet(46)) - raft.rpc.type = GRPC (default)
2022-08-31 02:42:55,469 [Time-limited test] INFO  grpc.GrpcConfigKeys (ConfUtils.java:logFallback(53)) - raft.grpc.admin.host = null (fallback to raft.grpc.server.host)
2022-08-31 02:42:55,469 [Time-limited test] INFO  grpc.GrpcConfigKeys (ConfUtils.java:logGet(46)) - raft.grpc.admin.port = 40305 (custom)
2022-08-31 02:42:55,469 [Time-limited test] INFO  grpc.GrpcConfigKeys (ConfUtils.java:logFallback(53)) - raft.grpc.client.host = null (fallback to raft.grpc.server.host)
2022-08-31 02:42:55,469 [Time-limited test] INFO  grpc.GrpcConfigKeys (ConfUtils.java:logGet(46)) - raft.grpc.client.port = 45909 (custom)
2022-08-31 02:42:55,469 [Time-limited test] INFO  grpc.GrpcConfigKeys (ConfUtils.java:logGet(46)) - raft.grpc.server.host = null (default)
2022-08-31 02:42:55,470 [Time-limited test] INFO  grpc.GrpcConfigKeys (ConfUtils.java:logGet(46)) - raft.grpc.server.port = 42055 (custom)
2022-08-31 02:42:55,470 [Time-limited test] INFO  server.GrpcService (ConfUtils.java:logGet(46)) - raft.grpc.message.size.max = 64MB (=67108864) (default)
2022-08-31 02:42:55,470 [Time-limited test] INFO  server.RaftServerConfigKeys (ConfUtils.java:logGet(46)) - raft.server.log.appender.buffer.byte-limit = 4MB (=4194304) (default)
2022-08-31 02:42:55,470 [Time-limited test] INFO  server.GrpcService (ConfUtils.java:logGet(46)) - raft.grpc.flow.control.window = 1MB (=1048576) (default)
2022-08-31 02:42:55,470 [Time-limited test] INFO  server.RaftServerConfigKeys (ConfUtils.java:logGet(46)) - raft.server.rpc.request.timeout = 3000ms (default)
2022-08-31 02:42:55,471 [Time-limited test] INFO  grpc.GrpcConfigKeys (ConfUtils.java:logGet(46)) - raft.grpc.server.heartbeat.channel = false (custom)
2022-08-31 02:42:55,471 [Time-limited test] INFO  grpc.GrpcConfigKeys (ConfUtils.java:logGet(46)) - raft.grpc.server.async.request.thread.pool.cached = true (default)
2022-08-31 02:42:55,471 [Time-limited test] INFO  grpc.GrpcConfigKeys (ConfUtils.java:logGet(46)) - raft.grpc.server.async.request.thread.pool.size = 32 (default)
2022-08-31 02:42:55,473 [Time-limited test] INFO  impl.DataStreamServerImpl (ConfUtils.java:logGet(46)) - raft.datastream.type = DISABLED (default)
2022-08-31 02:42:55,474 [Time-limited test] INFO  server.RaftServerConfigKeys (ConfUtils.java:logGet(46)) - raft.server.threadpool.proxy.cached = true (default)
2022-08-31 02:42:55,474 [Time-limited test] INFO  server.RaftServerConfigKeys (ConfUtils.java:logGet(46)) - raft.server.threadpool.proxy.size = 0 (default)
2022-08-31 02:42:55,474 [Time-limited test] INFO  server.RaftServerConfigKeys (ConfUtils.java:logGet(46)) - raft.server.rpc.slowness.timeout = 60s (default)
2022-08-31 02:42:55,474 [Time-limited test] INFO  server.RaftServerConfigKeys (ConfUtils.java:logGet(46)) - raft.server.leaderelection.leader.step-down.wait-time = 10s (default)
2022-08-31 02:42:55,474 [Time-limited test] INFO  server.RaftServerConfigKeys (ConfUtils.java:logGet(46)) - raft.server.storage.dir = [/home/runner/work/ratis/ratis/ratis-test/target/test/data/19d5fc4b/MiniRaftClusterWithGrpca68170a7/s1] (custom)
2022-08-31 02:42:55,475 [Time-limited test] INFO  server.RaftServer (RaftServerProxy.java:addNew(97)) - s1: addNew group-D13A7EAD264F:[s0|rpc:localhost:42809|admin:localhost:40381|client:localhost:38631|dataStream:localhost:36117|priority:0|startupRole:FOLLOWER, s1|rpc:localhost:42055|admin:localhost:40305|client:localhost:45909|dataStream:localhost:42215|priority:0|startupRole:FOLLOWER, s2|rpc:localhost:40641|admin:localhost:46817|client:localhost:34627|dataStream:localhost:36361|priority:0|startupRole:FOLLOWER] returns group-D13A7EAD264F:java.util.concurrent.CompletableFuture@e22e0d9[Not completed]
2022-08-31 02:42:55,475 [Time-limited test] INFO  impl.MiniRaftCluster (MiniRaftCluster.java:newRaftServer(380)) - newRaftServer: s2, group-D13A7EAD264F:[s0|rpc:localhost:42809|admin:localhost:40381|client:localhost:38631|dataStream:localhost:36117|priority:0|startupRole:FOLLOWER, s1|rpc:localhost:42055|admin:localhost:40305|client:localhost:45909|dataStream:localhost:42215|priority:0|startupRole:FOLLOWER, s2|rpc:localhost:40641|admin:localhost:46817|client:localhost:34627|dataStream:localhost:36361|priority:0|startupRole:FOLLOWER], format? true
2022-08-31 02:42:55,476 [Time-limited test] TRACE util.FileUtils (FileUtils.java:deleteFully(168)) - deleteFully target/test/data/19d5fc4b/MiniRaftClusterWithGrpca68170a7/s2
2022-08-31 02:42:55,476 [Time-limited test] TRACE util.FileUtils (FileUtils.java:deleteFully(184)) - deleteFully: target/test/data/19d5fc4b/MiniRaftClusterWithGrpca68170a7/s2 does not exist.
2022-08-31 02:42:55,476 [Time-limited test] INFO  impl.MiniRaftCluster (MiniRaftCluster.java:newRaftServer(385)) - Formatted directory target/test/data/19d5fc4b/MiniRaftClusterWithGrpca68170a7/s2
2022-08-31 02:42:55,476 [Time-limited test] INFO  server.RaftServer (ConfUtils.java:logGet(46)) - raft.rpc.type = GRPC (default)
2022-08-31 02:42:55,477 [Time-limited test] INFO  grpc.GrpcConfigKeys (ConfUtils.java:logFallback(53)) - raft.grpc.admin.host = null (fallback to raft.grpc.server.host)
2022-08-31 02:42:55,477 [Time-limited test] INFO  grpc.GrpcConfigKeys (ConfUtils.java:logGet(46)) - raft.grpc.admin.port = 46817 (custom)
2022-08-31 02:42:55,477 [Time-limited test] INFO  grpc.GrpcConfigKeys (ConfUtils.java:logFallback(53)) - raft.grpc.client.host = null (fallback to raft.grpc.server.host)
2022-08-31 02:42:55,477 [Time-limited test] INFO  grpc.GrpcConfigKeys (ConfUtils.java:logGet(46)) - raft.grpc.client.port = 34627 (custom)
2022-08-31 02:42:55,477 [Time-limited test] INFO  grpc.GrpcConfigKeys (ConfUtils.java:logGet(46)) - raft.grpc.server.host = null (default)
2022-08-31 02:42:55,478 [Time-limited test] INFO  grpc.GrpcConfigKeys (ConfUtils.java:logGet(46)) - raft.grpc.server.port = 40641 (custom)
2022-08-31 02:42:55,478 [Time-limited test] INFO  server.GrpcService (ConfUtils.java:logGet(46)) - raft.grpc.message.size.max = 64MB (=67108864) (default)
2022-08-31 02:42:55,478 [Time-limited test] INFO  server.RaftServerConfigKeys (ConfUtils.java:logGet(46)) - raft.server.log.appender.buffer.byte-limit = 4MB (=4194304) (default)
2022-08-31 02:42:55,478 [Time-limited test] INFO  server.GrpcService (ConfUtils.java:logGet(46)) - raft.grpc.flow.control.window = 1MB (=1048576) (default)
2022-08-31 02:42:55,478 [Time-limited test] INFO  server.RaftServerConfigKeys (ConfUtils.java:logGet(46)) - raft.server.rpc.request.timeout = 3000ms (default)
2022-08-31 02:42:55,478 [Time-limited test] INFO  grpc.GrpcConfigKeys (ConfUtils.java:logGet(46)) - raft.grpc.server.heartbeat.channel = false (custom)
2022-08-31 02:42:55,479 [Time-limited test] INFO  grpc.GrpcConfigKeys (ConfUtils.java:logGet(46)) - raft.grpc.server.async.request.thread.pool.cached = true (default)
2022-08-31 02:42:55,479 [Time-limited test] INFO  grpc.GrpcConfigKeys (ConfUtils.java:logGet(46)) - raft.grpc.server.async.request.thread.pool.size = 32 (default)
2022-08-31 02:42:55,480 [Time-limited test] INFO  impl.DataStreamServerImpl (ConfUtils.java:logGet(46)) - raft.datastream.type = DISABLED (default)
2022-08-31 02:42:55,480 [Time-limited test] INFO  server.RaftServerConfigKeys (ConfUtils.java:logGet(46)) - raft.server.threadpool.proxy.cached = true (default)
2022-08-31 02:42:55,481 [Time-limited test] INFO  server.RaftServerConfigKeys (ConfUtils.java:logGet(46)) - raft.server.threadpool.proxy.size = 0 (default)
2022-08-31 02:42:55,481 [Time-limited test] INFO  server.RaftServerConfigKeys (ConfUtils.java:logGet(46)) - raft.server.rpc.slowness.timeout = 60s (default)
2022-08-31 02:42:55,481 [Time-limited test] INFO  server.RaftServerConfigKeys (ConfUtils.java:logGet(46)) - raft.server.leaderelection.leader.step-down.wait-time = 10s (default)
2022-08-31 02:42:55,481 [Time-limited test] INFO  server.RaftServerConfigKeys (ConfUtils.java:logGet(46)) - raft.server.storage.dir = [/home/runner/work/ratis/ratis/ratis-test/target/test/data/19d5fc4b/MiniRaftClusterWithGrpca68170a7/s2] (custom)
2022-08-31 02:42:55,492 [Time-limited test] INFO  server.RaftServer (RaftServerProxy.java:addNew(97)) - s2: addNew group-D13A7EAD264F:[s0|rpc:localhost:42809|admin:localhost:40381|client:localhost:38631|dataStream:localhost:36117|priority:0|startupRole:FOLLOWER, s1|rpc:localhost:42055|admin:localhost:40305|client:localhost:45909|dataStream:localhost:42215|priority:0|startupRole:FOLLOWER, s2|rpc:localhost:40641|admin:localhost:46817|client:localhost:34627|dataStream:localhost:36361|priority:0|startupRole:FOLLOWER] returns group-D13A7EAD264F:java.util.concurrent.CompletableFuture@1ced8151[Not completed]
2022-08-31 02:42:55,497 [pool-1-thread-1] INFO  server.RaftServerConfigKeys (ConfUtils.java:logGet(46)) - raft.server.log.segment.size.max = 8MB (=8388608) (default)
2022-08-31 02:42:55,498 [pool-2-thread-1] INFO  server.RaftServerConfigKeys (ConfUtils.java:logGet(46)) - raft.server.log.segment.size.max = 8MB (=8388608) (default)
2022-08-31 02:42:55,503 [pool-2-thread-1] INFO  server.RaftServerConfigKeys (ConfUtils.java:logGet(46)) - raft.server.log.preallocated.size = 4MB (=4194304) (default)
2022-08-31 02:42:55,503 [pool-2-thread-1] INFO  server.RaftServerConfigKeys (ConfUtils.java:logGet(46)) - raft.server.log.write.buffer.size = 64KB (=65536) (default)
2022-08-31 02:42:55,505 [pool-2-thread-1] INFO  server.RaftServer$Division (RaftServerImpl.java:<init>(195)) - s1: new RaftServerImpl for group-D13A7EAD264F:[s0|rpc:localhost:42809|admin:localhost:40381|client:localhost:38631|dataStream:localhost:36117|priority:0|startupRole:FOLLOWER, s1|rpc:localhost:42055|admin:localhost:40305|client:localhost:45909|dataStream:localhost:42215|priority:0|startupRole:FOLLOWER, s2|rpc:localhost:40641|admin:localhost:46817|client:localhost:34627|dataStream:localhost:36361|priority:0|startupRole:FOLLOWER] with SimpleStateMachine4Testing:uninitialized
2022-08-31 02:42:55,506 [pool-1-thread-1] INFO  server.RaftServerConfigKeys (ConfUtils.java:logGet(46)) - raft.server.log.preallocated.size = 4MB (=4194304) (default)
2022-08-31 02:42:55,506 [pool-1-thread-1] INFO  server.RaftServerConfigKeys (ConfUtils.java:logGet(46)) - raft.server.log.write.buffer.size = 64KB (=65536) (default)
2022-08-31 02:42:55,497 [pool-3-thread-1] INFO  server.RaftServerConfigKeys (ConfUtils.java:logGet(46)) - raft.server.log.segment.size.max = 8MB (=8388608) (default)
2022-08-31 02:42:55,506 [pool-3-thread-1] INFO  server.RaftServerConfigKeys (ConfUtils.java:logGet(46)) - raft.server.log.preallocated.size = 4MB (=4194304) (default)
2022-08-31 02:42:55,507 [pool-3-thread-1] INFO  server.RaftServerConfigKeys (ConfUtils.java:logGet(46)) - raft.server.log.write.buffer.size = 64KB (=65536) (default)
2022-08-31 02:42:55,507 [pool-3-thread-1] INFO  server.RaftServer$Division (RaftServerImpl.java:<init>(195)) - s2: new RaftServerImpl for group-D13A7EAD264F:[s0|rpc:localhost:42809|admin:localhost:40381|client:localhost:38631|dataStream:localhost:36117|priority:0|startupRole:FOLLOWER, s1|rpc:localhost:42055|admin:localhost:40305|client:localhost:45909|dataStream:localhost:42215|priority:0|startupRole:FOLLOWER, s2|rpc:localhost:40641|admin:localhost:46817|client:localhost:34627|dataStream:localhost:36361|priority:0|startupRole:FOLLOWER] with SimpleStateMachine4Testing:uninitialized
2022-08-31 02:42:55,510 [pool-1-thread-1] INFO  server.RaftServer$Division (RaftServerImpl.java:<init>(195)) - s0: new RaftServerImpl for group-D13A7EAD264F:[s0|rpc:localhost:42809|admin:localhost:40381|client:localhost:38631|dataStream:localhost:36117|priority:0|startupRole:FOLLOWER, s1|rpc:localhost:42055|admin:localhost:40305|client:localhost:45909|dataStream:localhost:42215|priority:0|startupRole:FOLLOWER, s2|rpc:localhost:40641|admin:localhost:46817|client:localhost:34627|dataStream:localhost:36361|priority:0|startupRole:FOLLOWER] with SimpleStateMachine4Testing:uninitialized
2022-08-31 02:42:55,511 [pool-3-thread-1] INFO  server.RaftServerConfigKeys (ConfUtils.java:logGet(46)) - raft.server.rpc.timeout.min = 150ms (default)
2022-08-31 02:42:55,511 [pool-1-thread-1] INFO  server.RaftServerConfigKeys (ConfUtils.java:logGet(46)) - raft.server.rpc.timeout.min = 150ms (default)
2022-08-31 02:42:55,512 [pool-1-thread-1] INFO  server.RaftServerConfigKeys (ConfUtils.java:logGet(46)) - raft.server.rpc.timeout.max = 300ms (default)
2022-08-31 02:42:55,513 [pool-1-thread-1] INFO  server.RaftServerConfigKeys (ConfUtils.java:logGet(46)) - raft.server.rpc.sleep.time = 25ms (default)
2022-08-31 02:42:55,513 [pool-1-thread-1] INFO  server.RaftServerConfigKeys (ConfUtils.java:logGet(46)) - raft.server.rpc.slowness.timeout = 60s (default)
2022-08-31 02:42:55,513 [pool-1-thread-1] INFO  server.RaftServerConfigKeys (ConfUtils.java:logGet(46)) - raft.server.leaderelection.leader.step-down.wait-time = 10s (default)
2022-08-31 02:42:55,513 [pool-1-thread-1] INFO  server.RaftServerConfigKeys (ConfUtils.java:logGet(46)) - raft.server.sleep.deviation.threshold = 300ms (default)
2022-08-31 02:42:55,512 [pool-2-thread-1] INFO  server.RaftServerConfigKeys (ConfUtils.java:logGet(46)) - raft.server.rpc.timeout.min = 150ms (default)
2022-08-31 02:42:55,514 [pool-2-thread-1] INFO  server.RaftServerConfigKeys (ConfUtils.java:logGet(46)) - raft.server.rpc.timeout.max = 300ms (default)
2022-08-31 02:42:55,512 [pool-3-thread-1] INFO  server.RaftServerConfigKeys (ConfUtils.java:logGet(46)) - raft.server.rpc.timeout.max = 300ms (default)
2022-08-31 02:42:55,514 [pool-3-thread-1] INFO  server.RaftServerConfigKeys (ConfUtils.java:logGet(46)) - raft.server.rpc.sleep.time = 25ms (default)
2022-08-31 02:42:55,514 [pool-3-thread-1] INFO  server.RaftServerConfigKeys (ConfUtils.java:logGet(46)) - raft.server.rpc.slowness.timeout = 60s (default)
2022-08-31 02:42:55,514 [pool-3-thread-1] INFO  server.RaftServerConfigKeys (ConfUtils.java:logGet(46)) - raft.server.leaderelection.leader.step-down.wait-time = 10s (default)
2022-08-31 02:42:55,514 [pool-3-thread-1] INFO  server.RaftServerConfigKeys (ConfUtils.java:logGet(46)) - raft.server.sleep.deviation.threshold = 300ms (default)
2022-08-31 02:42:55,514 [pool-2-thread-1] INFO  server.RaftServerConfigKeys (ConfUtils.java:logGet(46)) - raft.server.rpc.sleep.time = 25ms (default)
2022-08-31 02:42:55,516 [pool-2-thread-1] INFO  server.RaftServerConfigKeys (ConfUtils.java:logGet(46)) - raft.server.rpc.slowness.timeout = 60s (default)
2022-08-31 02:42:55,517 [pool-2-thread-1] INFO  server.RaftServerConfigKeys (ConfUtils.java:logGet(46)) - raft.server.leaderelection.leader.step-down.wait-time = 10s (default)
2022-08-31 02:42:55,517 [pool-2-thread-1] INFO  server.RaftServerConfigKeys (ConfUtils.java:logGet(46)) - raft.server.sleep.deviation.threshold = 300ms (default)
2022-08-31 02:42:55,522 [pool-2-thread-1] INFO  server.RaftServer$Division (ServerState.java:<init>(113)) - s1@group-D13A7EAD264F: ConfigurationManager, init=-1: peers:[s0|rpc:localhost:42809|admin:localhost:40381|client:localhost:38631|dataStream:localhost:36117|priority:0|startupRole:FOLLOWER, s1|rpc:localhost:42055|admin:localhost:40305|client:localhost:45909|dataStream:localhost:42215|priority:0|startupRole:FOLLOWER, s2|rpc:localhost:40641|admin:localhost:46817|client:localhost:34627|dataStream:localhost:36361|priority:0|startupRole:FOLLOWER]|listeners:[], old=null, confs=<EMPTY_MAP>
2022-08-31 02:42:55,519 [pool-1-thread-1] INFO  server.RaftServer$Division (ServerState.java:<init>(113)) - s0@group-D13A7EAD264F: ConfigurationManager, init=-1: peers:[s0|rpc:localhost:42809|admin:localhost:40381|client:localhost:38631|dataStream:localhost:36117|priority:0|startupRole:FOLLOWER, s1|rpc:localhost:42055|admin:localhost:40305|client:localhost:45909|dataStream:localhost:42215|priority:0|startupRole:FOLLOWER, s2|rpc:localhost:40641|admin:localhost:46817|client:localhost:34627|dataStream:localhost:36361|priority:0|startupRole:FOLLOWER]|listeners:[], old=null, confs=<EMPTY_MAP>
2022-08-31 02:42:55,530 [pool-1-thread-1] INFO  server.RaftServerConfigKeys (ConfUtils.java:logGet(46)) - raft.server.notification.no-leader.timeout = 60s (default)
2022-08-31 02:42:55,519 [pool-3-thread-1] INFO  server.RaftServer$Division (ServerState.java:<init>(113)) - s2@group-D13A7EAD264F: ConfigurationManager, init=-1: peers:[s0|rpc:localhost:42809|admin:localhost:40381|client:localhost:38631|dataStream:localhost:36117|priority:0|startupRole:FOLLOWER, s1|rpc:localhost:42055|admin:localhost:40305|client:localhost:45909|dataStream:localhost:42215|priority:0|startupRole:FOLLOWER, s2|rpc:localhost:40641|admin:localhost:46817|client:localhost:34627|dataStream:localhost:36361|priority:0|startupRole:FOLLOWER]|listeners:[], old=null, confs=<EMPTY_MAP>
2022-08-31 02:42:55,534 [pool-3-thread-1] INFO  server.RaftServerConfigKeys (ConfUtils.java:logGet(46)) - raft.server.notification.no-leader.timeout = 60s (default)
2022-08-31 02:42:55,535 [pool-3-thread-1] INFO  server.RaftServerConfigKeys (ConfUtils.java:logGet(46)) - raft.server.retrycache.expirytime = 60s (default)
2022-08-31 02:42:55,535 [pool-3-thread-1] INFO  server.RaftServerConfigKeys (ConfUtils.java:logGet(46)) - raft.server.retrycache.statistics.expirytime = 100μs (default)
2022-08-31 02:42:55,534 [pool-1-thread-1] INFO  server.RaftServerConfigKeys (ConfUtils.java:logGet(46)) - raft.server.retrycache.expirytime = 60s (default)
2022-08-31 02:42:55,549 [pool-1-thread-1] INFO  server.RaftServerConfigKeys (ConfUtils.java:logGet(46)) - raft.server.retrycache.statistics.expirytime = 100μs (default)
2022-08-31 02:42:55,548 [pool-2-thread-1] INFO  server.RaftServerConfigKeys (ConfUtils.java:logGet(46)) - raft.server.notification.no-leader.timeout = 60s (default)
2022-08-31 02:42:55,550 [pool-2-thread-1] INFO  server.RaftServerConfigKeys (ConfUtils.java:logGet(46)) - raft.server.retrycache.expirytime = 60s (default)
2022-08-31 02:42:55,551 [pool-2-thread-1] INFO  server.RaftServerConfigKeys (ConfUtils.java:logGet(46)) - raft.server.retrycache.statistics.expirytime = 100μs (default)
2022-08-31 02:42:55,576 [pool-2-thread-1] INFO  metrics.MetricRegistries (MetricRegistriesLoader.java:load(64)) - Loaded MetricRegistries class org.apache.ratis.metrics.impl.MetricRegistriesImpl
2022-08-31 02:42:55,696 [pool-1-thread-1] INFO  server.RaftServerConfigKeys (ConfUtils.java:logGet(46)) - raft.server.log.appender.install.snapshot.enabled = true (default)
2022-08-31 02:42:55,698 [pool-1-thread-1] INFO  server.RaftServerConfigKeys (ConfUtils.java:logGet(46)) - raft.server.threadpool.server.cached = true (default)
2022-08-31 02:42:55,699 [pool-1-thread-1] INFO  server.RaftServerConfigKeys (ConfUtils.java:logGet(46)) - raft.server.threadpool.server.size = 0 (default)
2022-08-31 02:42:55,698 [pool-2-thread-1] INFO  server.RaftServerConfigKeys (ConfUtils.java:logGet(46)) - raft.server.log.appender.install.snapshot.enabled = true (default)
2022-08-31 02:42:55,700 [pool-3-thread-1] INFO  server.RaftServerConfigKeys (ConfUtils.java:logGet(46)) - raft.server.log.appender.install.snapshot.enabled = true (default)
2022-08-31 02:42:55,703 [pool-3-thread-1] INFO  server.RaftServerConfigKeys (ConfUtils.java:logGet(46)) - raft.server.threadpool.server.cached = true (default)
2022-08-31 02:42:55,703 [pool-3-thread-1] INFO  server.RaftServerConfigKeys (ConfUtils.java:logGet(46)) - raft.server.threadpool.server.size = 0 (default)
2022-08-31 02:42:55,703 [pool-3-thread-1] INFO  server.RaftServerConfigKeys (ConfUtils.java:logGet(46)) - raft.server.threadpool.client.cached = true (default)
2022-08-31 02:42:55,703 [pool-3-thread-1] INFO  server.RaftServerConfigKeys (ConfUtils.java:logGet(46)) - raft.server.threadpool.client.size = 0 (default)
2022-08-31 02:42:55,702 [pool-1-thread-1] INFO  server.RaftServerConfigKeys (ConfUtils.java:logGet(46)) - raft.server.threadpool.client.cached = true (default)
2022-08-31 02:42:55,704 [pool-1-thread-1] INFO  server.RaftServerConfigKeys (ConfUtils.java:logGet(46)) - raft.server.threadpool.client.size = 0 (default)
2022-08-31 02:42:55,705 [s0-impl-thread1] INFO  server.RaftServerConfigKeys (ConfUtils.java:logGet(46)) - raft.server.storage.free-space.min = 0MB (=0) (default)
2022-08-31 02:42:55,705 [s0-impl-thread1] INFO  server.RaftServerConfigKeys (ConfUtils.java:logGet(46)) - raft.server.log.corruption.policy = EXCEPTION (default)
2022-08-31 02:42:55,706 [s0-impl-thread1] INFO  server.RaftServerConfigKeys (ConfUtils.java:logGet(46)) - raft.server.storage.dir = [/home/runner/work/ratis/ratis/ratis-test/target/test/data/19d5fc4b/MiniRaftClusterWithGrpca68170a7/s0] (custom)
2022-08-31 02:42:55,702 [pool-2-thread-1] INFO  server.RaftServerConfigKeys (ConfUtils.java:logGet(46)) - raft.server.threadpool.server.cached = true (default)
2022-08-31 02:42:55,709 [pool-2-thread-1] INFO  server.RaftServerConfigKeys (ConfUtils.java:logGet(46)) - raft.server.threadpool.server.size = 0 (default)
2022-08-31 02:42:55,709 [pool-2-thread-1] INFO  server.RaftServerConfigKeys (ConfUtils.java:logGet(46)) - raft.server.threadpool.client.cached = true (default)
2022-08-31 02:42:55,709 [pool-2-thread-1] INFO  server.RaftServerConfigKeys (ConfUtils.java:logGet(46)) - raft.server.threadpool.client.size = 0 (default)
2022-08-31 02:42:55,719 [s0-impl-thread1] INFO  storage.RaftStorageDirectory (RaftStorageDirectoryImpl.java:analyzeStorage(138)) - The storage directory /home/runner/work/ratis/ratis/ratis-test/target/test/data/19d5fc4b/MiniRaftClusterWithGrpca68170a7/s0/cfb2a519-0c25-43f5-a2c1-d13a7ead264f does not exist. Creating ...
2022-08-31 02:42:55,720 [s0-impl-thread1] TRACE util.FileUtils (LogUtils.java:runAndLog(49)) - Successfully ran Files.createDirectories /home/runner/work/ratis/ratis/ratis-test/target/test/data/19d5fc4b/MiniRaftClusterWithGrpca68170a7/s0/cfb2a519-0c25-43f5-a2c1-d13a7ead264f
2022-08-31 02:42:55,725 [s0-impl-thread1] INFO  storage.RaftStorageDirectory (RaftStorageDirectoryImpl.java:tryLock(232)) - Lock on /home/runner/work/ratis/ratis/ratis-test/target/test/data/19d5fc4b/MiniRaftClusterWithGrpca68170a7/s0/cfb2a519-0c25-43f5-a2c1-d13a7ead264f/in_use.lock acquired by nodename 9152@fv-az318-963
2022-08-31 02:42:55,726 [s0-impl-thread1] TRACE util.FileUtils (LogUtils.java:runAndLog(49)) - Successfully ran Files.createDirectories /home/runner/work/ratis/ratis/ratis-test/target/test/data/19d5fc4b/MiniRaftClusterWithGrpca68170a7/s0/cfb2a519-0c25-43f5-a2c1-d13a7ead264f/current
2022-08-31 02:42:55,726 [s0-impl-thread1] TRACE util.FileUtils (LogUtils.java:runAndLog(49)) - Successfully ran Files.createDirectories /home/runner/work/ratis/ratis/ratis-test/target/test/data/19d5fc4b/MiniRaftClusterWithGrpca68170a7/s0/cfb2a519-0c25-43f5-a2c1-d13a7ead264f/sm
2022-08-31 02:42:55,740 [s0-impl-thread1] INFO  storage.RaftStorage (RaftStorageImpl.java:format(96)) - Storage directory /home/runner/work/ratis/ratis/ratis-test/target/test/data/19d5fc4b/MiniRaftClusterWithGrpca68170a7/s0/cfb2a519-0c25-43f5-a2c1-d13a7ead264f has been successfully formatted.
2022-08-31 02:42:55,742 [s0-impl-thread1] INFO  statemachine.SimpleStateMachine4Testing (SimpleStateMachine4Testing.java:initialize(212)) - Initializing SimpleStateMachine4Testing:uninitialized
2022-08-31 02:42:55,743 [s0-impl-thread1] INFO  statemachine.SimpleStateMachine4Testing (SimpleStateMachine4Testing.java:loadSnapshot(306)) - The snapshot file null does not exist
2022-08-31 02:42:55,744 [s0-impl-thread1] INFO  server.RaftServerConfigKeys (ConfUtils.java:logGet(46)) - raft.server.log.use.memory = false (default)
2022-08-31 02:42:55,751 [s0-impl-thread1] INFO  server.RaftServerConfigKeys (ConfUtils.java:logGet(46)) - raft.server.log.purge.gap = 1024 (default)
2022-08-31 02:42:55,751 [s0-impl-thread1] INFO  server.RaftServerConfigKeys (ConfUtils.java:logGet(46)) - raft.server.log.appender.buffer.byte-limit = 4MB (=4194304) (default)
2022-08-31 02:42:55,753 [s0-impl-thread1] INFO  server.RaftServerConfigKeys (ConfUtils.java:logGet(46)) - raft.server.log.statemachine.data.read.timeout = 1000ms (default)
2022-08-31 02:42:55,754 [s0-impl-thread1] INFO  server.RaftServerConfigKeys (ConfUtils.java:logGet(46)) - raft.server.log.purge.preservation.log.num = 0 (default)
2022-08-31 02:42:55,756 [s0-impl-thread1] INFO  server.RaftServerConfigKeys (ConfUtils.java:logGet(46)) - raft.server.log.segment.size.max = 8MB (=8388608) (default)
2022-08-31 02:42:55,760 [s0-impl-thread1] INFO  server.RaftServerConfigKeys (ConfUtils.java:logGet(46)) - raft.server.log.segment.cache.num.max = 6 (default)
2022-08-31 02:42:55,761 [s0-impl-thread1] INFO  server.RaftServerConfigKeys (ConfUtils.java:logGet(46)) - raft.server.log.segment.cache.size.max = 200MB (=209715200) (default)
2022-08-31 02:42:55,765 [s0-impl-thread1] INFO  segmented.SegmentedRaftLogWorker (SegmentedRaftLogWorker.java:<init>(191)) - new s0@group-D13A7EAD264F-SegmentedRaftLogWorker for RaftStorageImpl:Storage Directory /home/runner/work/ratis/ratis/ratis-test/target/test/data/19d5fc4b/MiniRaftClusterWithGrpca68170a7/s0/cfb2a519-0c25-43f5-a2c1-d13a7ead264f
2022-08-31 02:42:55,765 [s0-impl-thread1] INFO  server.RaftServerConfigKeys (ConfUtils.java:logGet(46)) - raft.server.log.queue.byte-limit = 64MB (=67108864) (default)
2022-08-31 02:42:55,766 [s0-impl-thread1] INFO  server.RaftServerConfigKeys (ConfUtils.java:logGet(46)) - raft.server.log.queue.element-limit = 4096 (default)
2022-08-31 02:42:55,766 [s0-impl-thread1] INFO  server.RaftServerConfigKeys (ConfUtils.java:logGet(46)) - raft.server.log.segment.size.max = 8MB (=8388608) (default)
2022-08-31 02:42:55,767 [s0-impl-thread1] INFO  server.RaftServerConfigKeys (ConfUtils.java:logGet(46)) - raft.server.log.preallocated.size = 4MB (=4194304) (default)
2022-08-31 02:42:55,767 [s0-impl-thread1] INFO  server.RaftServerConfigKeys (ConfUtils.java:logGet(46)) - raft.server.log.force.sync.num = 128 (default)
2022-08-31 02:42:55,768 [s0-impl-thread1] INFO  server.RaftServerConfigKeys (ConfUtils.java:logGet(46)) - raft.server.log.statemachine.data.sync = true (default)
2022-08-31 02:42:55,768 [s0-impl-thread1] INFO  server.RaftServerConfigKeys (ConfUtils.java:logGet(46)) - raft.server.log.statemachine.data.sync.timeout = 10s (default)
2022-08-31 02:42:55,768 [s0-impl-thread1] INFO  server.RaftServerConfigKeys (ConfUtils.java:logGet(46)) - raft.server.log.statemachine.data.sync.timeout.retry = -1 (default)
2022-08-31 02:42:55,775 [s0-impl-thread1] INFO  server.RaftServerConfigKeys (ConfUtils.java:logGet(46)) - raft.server.log.write.buffer.size = 64KB (=65536) (default)
2022-08-31 02:42:55,776 [s0-impl-thread1] INFO  server.RaftServerConfigKeys (ConfUtils.java:logGet(46)) - raft.server.log.unsafe-flush.enabled = false (default)
2022-08-31 02:42:55,776 [s0-impl-thread1] INFO  server.RaftServerConfigKeys (ConfUtils.java:logGet(46)) - raft.server.log.async-flush.enabled = false (default)
2022-08-31 02:42:55,777 [s0-impl-thread1] INFO  server.RaftServerConfigKeys (ConfUtils.java:logGet(46)) - raft.server.log.statemachine.data.caching.enabled = false (default)
2022-08-31 02:42:55,782 [s0-impl-thread1] INFO  segmented.SegmentedRaftLogWorker (SegmentedRaftLogWorker.java:lambda$new$0(136)) - s0@group-D13A7EAD264F-SegmentedRaftLogWorker: flushIndex: setUnconditionally 0 -> -1
2022-08-31 02:42:55,782 [s0-impl-thread1] INFO  segmented.SegmentedRaftLogWorker (SegmentedRaftLogWorker.java:lambda$new$0(136)) - s0@group-D13A7EAD264F-SegmentedRaftLogWorker: safeCacheEvictIndex: setUnconditionally 0 -> -1
2022-08-31 02:42:55,783 [s0-impl-thread1] INFO  server.RaftServer$Division (RaftServerImpl.java:start(328)) - s0@group-D13A7EAD264F: start as a follower, conf=-1: peers:[s0|rpc:localhost:42809|admin:localhost:40381|client:localhost:38631|dataStream:localhost:36117|priority:0|startupRole:FOLLOWER, s1|rpc:localhost:42055|admin:localhost:40305|client:localhost:45909|dataStream:localhost:42215|priority:0|startupRole:FOLLOWER, s2|rpc:localhost:40641|admin:localhost:46817|client:localhost:34627|dataStream:localhost:36361|priority:0|startupRole:FOLLOWER]|listeners:[], old=null
2022-08-31 02:42:55,784 [s0-impl-thread1] INFO  server.RaftServer$Division (RaftServerImpl.java:setRole(315)) - s0@group-D13A7EAD264F: changes role from      null to FOLLOWER at term 0 for startAsFollower
2022-08-31 02:42:55,784 [s0-impl-thread1] INFO  impl.RoleInfo (RoleInfo.java:updateAndGet(139)) - s0: start s0@group-D13A7EAD264F-FollowerState
2022-08-31 02:42:55,788 [s0-impl-thread1] INFO  util.JmxRegister (JmxRegister.java:tryRegister(44)) - Successfully registered JMX Bean with object name Ratis:service=RaftServer,group=group-D13A7EAD264F,id=s0
2022-08-31 02:42:55,790 [s0-impl-thread1] INFO  server.RaftServerConfigKeys (ConfUtils.java:logGet(46)) - raft.server.snapshot.auto.trigger.enabled = false (default)
2022-08-31 02:42:55,791 [s0@group-D13A7EAD264F-FollowerState] INFO  server.RaftServerConfigKeys (ConfUtils.java:logFallback(53)) - raft.server.rpc.first-election.timeout.min = 150ms (fallback to raft.server.rpc.timeout.min)
2022-08-31 02:42:55,791 [s0-impl-thread1] INFO  server.RaftServerConfigKeys (ConfUtils.java:logGet(46)) - raft.server.snapshot.retention.file.num = -1 (default)
2022-08-31 02:42:55,791 [s0@group-D13A7EAD264F-FollowerState] INFO  server.RaftServerConfigKeys (ConfUtils.java:logFallback(53)) - raft.server.rpc.first-election.timeout.max = 300ms (fallback to raft.server.rpc.timeout.max)
2022-08-31 02:42:55,791 [s0-impl-thread1] INFO  server.RaftServerConfigKeys (ConfUtils.java:logGet(46)) - raft.server.log.purge.upto.snapshot.index = false (default)
2022-08-31 02:42:55,794 [Time-limited test] INFO  server.RaftServer (RaftServerProxy.java:startImpl(388)) - s0: start RPC server
2022-08-31 02:42:55,832 [Time-limited test] INFO  server.GrpcService (GrpcService.java:startImpl(270)) - s0: GrpcService started, listening on 38631
2022-08-31 02:42:55,834 [Time-limited test] INFO  server.GrpcService (GrpcService.java:startImpl(270)) - s0: GrpcService started, listening on 42809
2022-08-31 02:42:55,835 [Time-limited test] INFO  server.GrpcService (GrpcService.java:startImpl(270)) - s0: GrpcService started, listening on 40381
2022-08-31 02:42:55,836 [s1-impl-thread1] INFO  server.RaftServerConfigKeys (ConfUtils.java:logGet(46)) - raft.server.storage.free-space.min = 0MB (=0) (default)
2022-08-31 02:42:55,836 [s1-impl-thread1] INFO  server.RaftServerConfigKeys (ConfUtils.java:logGet(46)) - raft.server.log.corruption.policy = EXCEPTION (default)
2022-08-31 02:42:55,837 [s1-impl-thread1] INFO  server.RaftServerConfigKeys (ConfUtils.java:logGet(46)) - raft.server.storage.dir = [/home/runner/work/ratis/ratis/ratis-test/target/test/data/19d5fc4b/MiniRaftClusterWithGrpca68170a7/s1] (custom)
2022-08-31 02:42:55,837 [s1-impl-thread1] INFO  storage.RaftStorageDirectory (RaftStorageDirectoryImpl.java:analyzeStorage(138)) - The storage directory /home/runner/work/ratis/ratis/ratis-test/target/test/data/19d5fc4b/MiniRaftClusterWithGrpca68170a7/s1/cfb2a519-0c25-43f5-a2c1-d13a7ead264f does not exist. Creating ...
2022-08-31 02:42:55,840 [s1-impl-thread1] TRACE util.FileUtils (LogUtils.java:runAndLog(49)) - Successfully ran Files.createDirectories /home/runner/work/ratis/ratis/ratis-test/target/test/data/19d5fc4b/MiniRaftClusterWithGrpca68170a7/s1/cfb2a519-0c25-43f5-a2c1-d13a7ead264f
2022-08-31 02:42:55,841 [org.apache.ratis.util.JvmPauseMonitor$$Lambda$347/0x00000001002d7440@3935821f] INFO  util.JvmPauseMonitor (JvmPauseMonitor.java:run(103)) - JvmPauseMonitor-s0: Started
2022-08-31 02:42:55,842 [s1-impl-thread1] INFO  storage.RaftStorageDirectory (RaftStorageDirectoryImpl.java:tryLock(232)) - Lock on /home/runner/work/ratis/ratis/ratis-test/target/test/data/19d5fc4b/MiniRaftClusterWithGrpca68170a7/s1/cfb2a519-0c25-43f5-a2c1-d13a7ead264f/in_use.lock acquired by nodename 9152@fv-az318-963
2022-08-31 02:42:55,843 [s1-impl-thread1] TRACE util.FileUtils (LogUtils.java:runAndLog(49)) - Successfully ran Files.createDirectories /home/runner/work/ratis/ratis/ratis-test/target/test/data/19d5fc4b/MiniRaftClusterWithGrpca68170a7/s1/cfb2a519-0c25-43f5-a2c1-d13a7ead264f/current
2022-08-31 02:42:55,843 [s1-impl-thread1] TRACE util.FileUtils (LogUtils.java:runAndLog(49)) - Successfully ran Files.createDirectories /home/runner/work/ratis/ratis/ratis-test/target/test/data/19d5fc4b/MiniRaftClusterWithGrpca68170a7/s1/cfb2a519-0c25-43f5-a2c1-d13a7ead264f/sm
2022-08-31 02:42:55,844 [s1-impl-thread1] INFO  storage.RaftStorage (RaftStorageImpl.java:format(96)) - Storage directory /home/runner/work/ratis/ratis/ratis-test/target/test/data/19d5fc4b/MiniRaftClusterWithGrpca68170a7/s1/cfb2a519-0c25-43f5-a2c1-d13a7ead264f has been successfully formatted.
2022-08-31 02:42:55,844 [s1-impl-thread1] INFO  statemachine.SimpleStateMachine4Testing (SimpleStateMachine4Testing.java:initialize(212)) - Initializing SimpleStateMachine4Testing:uninitialized
2022-08-31 02:42:55,845 [s1-impl-thread1] INFO  statemachine.SimpleStateMachine4Testing (SimpleStateMachine4Testing.java:loadSnapshot(306)) - The snapshot file null does not exist
2022-08-31 02:42:55,845 [s1-impl-thread1] INFO  server.RaftServerConfigKeys (ConfUtils.java:logGet(46)) - raft.server.log.use.memory = false (default)
2022-08-31 02:42:55,845 [s1-impl-thread1] INFO  server.RaftServerConfigKeys (ConfUtils.java:logGet(46)) - raft.server.log.purge.gap = 1024 (default)
2022-08-31 02:42:55,845 [s1-impl-thread1] INFO  server.RaftServerConfigKeys (ConfUtils.java:logGet(46)) - raft.server.log.appender.buffer.byte-limit = 4MB (=4194304) (default)
2022-08-31 02:42:55,845 [s1-impl-thread1] INFO  server.RaftServerConfigKeys (ConfUtils.java:logGet(46)) - raft.server.log.statemachine.data.read.timeout = 1000ms (default)
2022-08-31 02:42:55,845 [s1-impl-thread1] INFO  server.RaftServerConfigKeys (ConfUtils.java:logGet(46)) - raft.server.log.purge.preservation.log.num = 0 (default)
2022-08-31 02:42:55,846 [s1-impl-thread1] INFO  server.RaftServerConfigKeys (ConfUtils.java:logGet(46)) - raft.server.log.segment.size.max = 8MB (=8388608) (default)
2022-08-31 02:42:55,846 [s1-impl-thread1] INFO  server.RaftServerConfigKeys (ConfUtils.java:logGet(46)) - raft.server.log.segment.cache.num.max = 6 (default)
2022-08-31 02:42:55,846 [s1-impl-thread1] INFO  server.RaftServerConfigKeys (ConfUtils.java:logGet(46)) - raft.server.log.segment.cache.size.max = 200MB (=209715200) (default)
2022-08-31 02:42:55,846 [s1-impl-thread1] INFO  segmented.SegmentedRaftLogWorker (SegmentedRaftLogWorker.java:<init>(191)) - new s1@group-D13A7EAD264F-SegmentedRaftLogWorker for RaftStorageImpl:Storage Directory /home/runner/work/ratis/ratis/ratis-test/target/test/data/19d5fc4b/MiniRaftClusterWithGrpca68170a7/s1/cfb2a519-0c25-43f5-a2c1-d13a7ead264f
2022-08-31 02:42:55,846 [s1-impl-thread1] INFO  server.RaftServerConfigKeys (ConfUtils.java:logGet(46)) - raft.server.log.queue.byte-limit = 64MB (=67108864) (default)
2022-08-31 02:42:55,846 [s1-impl-thread1] INFO  server.RaftServerConfigKeys (ConfUtils.java:logGet(46)) - raft.server.log.queue.element-limit = 4096 (default)
2022-08-31 02:42:55,847 [s1-impl-thread1] INFO  server.RaftServerConfigKeys (ConfUtils.java:logGet(46)) - raft.server.log.segment.size.max = 8MB (=8388608) (default)
2022-08-31 02:42:55,847 [s1-impl-thread1] INFO  server.RaftServerConfigKeys (ConfUtils.java:logGet(46)) - raft.server.log.preallocated.size = 4MB (=4194304) (default)
2022-08-31 02:42:55,847 [s1-impl-thread1] INFO  server.RaftServerConfigKeys (ConfUtils.java:logGet(46)) - raft.server.log.force.sync.num = 128 (default)
2022-08-31 02:42:55,847 [s1-impl-thread1] INFO  server.RaftServerConfigKeys (ConfUtils.java:logGet(46)) - raft.server.log.statemachine.data.sync = true (default)
2022-08-31 02:42:55,847 [s1-impl-thread1] INFO  server.RaftServerConfigKeys (ConfUtils.java:logGet(46)) - raft.server.log.statemachine.data.sync.timeout = 10s (default)
2022-08-31 02:42:55,847 [s1-impl-thread1] INFO  server.RaftServerConfigKeys (ConfUtils.java:logGet(46)) - raft.server.log.statemachine.data.sync.timeout.retry = -1 (default)
2022-08-31 02:42:55,848 [s1-impl-thread1] INFO  server.RaftServerConfigKeys (ConfUtils.java:logGet(46)) - raft.server.log.write.buffer.size = 64KB (=65536) (default)
2022-08-31 02:42:55,848 [s1-impl-thread1] INFO  server.RaftServerConfigKeys (ConfUtils.java:logGet(46)) - raft.server.log.unsafe-flush.enabled = false (default)
2022-08-31 02:42:55,848 [s1-impl-thread1] INFO  server.RaftServerConfigKeys (ConfUtils.java:logGet(46)) - raft.server.log.async-flush.enabled = false (default)
2022-08-31 02:42:55,848 [s1-impl-thread1] INFO  server.RaftServerConfigKeys (ConfUtils.java:logGet(46)) - raft.server.log.statemachine.data.caching.enabled = false (default)
2022-08-31 02:42:55,848 [s1-impl-thread1] INFO  segmented.SegmentedRaftLogWorker (SegmentedRaftLogWorker.java:lambda$new$0(136)) - s1@group-D13A7EAD264F-SegmentedRaftLogWorker: flushIndex: setUnconditionally 0 -> -1
2022-08-31 02:42:55,848 [s1-impl-thread1] INFO  segmented.SegmentedRaftLogWorker (SegmentedRaftLogWorker.java:lambda$new$0(136)) - s1@group-D13A7EAD264F-SegmentedRaftLogWorker: safeCacheEvictIndex: setUnconditionally 0 -> -1
2022-08-31 02:42:55,849 [s1-impl-thread1] INFO  server.RaftServer$Division (RaftServerImpl.java:start(328)) - s1@group-D13A7EAD264F: start as a follower, conf=-1: peers:[s0|rpc:localhost:42809|admin:localhost:40381|client:localhost:38631|dataStream:localhost:36117|priority:0|startupRole:FOLLOWER, s1|rpc:localhost:42055|admin:localhost:40305|client:localhost:45909|dataStream:localhost:42215|priority:0|startupRole:FOLLOWER, s2|rpc:localhost:40641|admin:localhost:46817|client:localhost:34627|dataStream:localhost:36361|priority:0|startupRole:FOLLOWER]|listeners:[], old=null
2022-08-31 02:42:55,849 [s1-impl-thread1] INFO  server.RaftServer$Division (RaftServerImpl.java:setRole(315)) - s1@group-D13A7EAD264F: changes role from      null to FOLLOWER at term 0 for startAsFollower
2022-08-31 02:42:55,849 [s1-impl-thread1] INFO  impl.RoleInfo (RoleInfo.java:updateAndGet(139)) - s1: start s1@group-D13A7EAD264F-FollowerState
2022-08-31 02:42:55,854 [s1-impl-thread1] INFO  util.JmxRegister (JmxRegister.java:tryRegister(44)) - Successfully registered JMX Bean with object name Ratis:service=RaftServer,group=group-D13A7EAD264F,id=s1
2022-08-31 02:42:55,858 [s1-impl-thread1] INFO  server.RaftServerConfigKeys (ConfUtils.java:logGet(46)) - raft.server.snapshot.auto.trigger.enabled = false (default)
2022-08-31 02:42:55,858 [s1-impl-thread1] INFO  server.RaftServerConfigKeys (ConfUtils.java:logGet(46)) - raft.server.snapshot.retention.file.num = -1 (default)
2022-08-31 02:42:55,858 [s1-impl-thread1] INFO  server.RaftServerConfigKeys (ConfUtils.java:logGet(46)) - raft.server.log.purge.upto.snapshot.index = false (default)
2022-08-31 02:42:55,858 [Time-limited test] INFO  server.RaftServer (RaftServerProxy.java:startImpl(388)) - s1: start RPC server
2022-08-31 02:42:55,863 [s1@group-D13A7EAD264F-FollowerState] INFO  server.RaftServerConfigKeys (ConfUtils.java:logFallback(53)) - raft.server.rpc.first-election.timeout.min = 150ms (fallback to raft.server.rpc.timeout.min)
2022-08-31 02:42:55,863 [s1@group-D13A7EAD264F-FollowerState] INFO  server.RaftServerConfigKeys (ConfUtils.java:logFallback(53)) - raft.server.rpc.first-election.timeout.max = 300ms (fallback to raft.server.rpc.timeout.max)
2022-08-31 02:42:55,863 [Time-limited test] INFO  server.GrpcService (GrpcService.java:startImpl(270)) - s1: GrpcService started, listening on 45909
2022-08-31 02:42:55,869 [Time-limited test] INFO  server.GrpcService (GrpcService.java:startImpl(270)) - s1: GrpcService started, listening on 42055
2022-08-31 02:42:55,870 [Time-limited test] INFO  server.GrpcService (GrpcService.java:startImpl(270)) - s1: GrpcService started, listening on 40305
2022-08-31 02:42:55,873 [s2-impl-thread1] INFO  server.RaftServerConfigKeys (ConfUtils.java:logGet(46)) - raft.server.storage.free-space.min = 0MB (=0) (default)
2022-08-31 02:42:55,873 [s2-impl-thread1] INFO  server.RaftServerConfigKeys (ConfUtils.java:logGet(46)) - raft.server.log.corruption.policy = EXCEPTION (default)
2022-08-31 02:42:55,873 [s2-impl-thread1] INFO  server.RaftServerConfigKeys (ConfUtils.java:logGet(46)) - raft.server.storage.dir = [/home/runner/work/ratis/ratis/ratis-test/target/test/data/19d5fc4b/MiniRaftClusterWithGrpca68170a7/s2] (custom)
2022-08-31 02:42:55,873 [s2-impl-thread1] INFO  storage.RaftStorageDirectory (RaftStorageDirectoryImpl.java:analyzeStorage(138)) - The storage directory /home/runner/work/ratis/ratis/ratis-test/target/test/data/19d5fc4b/MiniRaftClusterWithGrpca68170a7/s2/cfb2a519-0c25-43f5-a2c1-d13a7ead264f does not exist. Creating ...
2022-08-31 02:42:55,874 [s2-impl-thread1] TRACE util.FileUtils (LogUtils.java:runAndLog(49)) - Successfully ran Files.createDirectories /home/runner/work/ratis/ratis/ratis-test/target/test/data/19d5fc4b/MiniRaftClusterWithGrpca68170a7/s2/cfb2a519-0c25-43f5-a2c1-d13a7ead264f
2022-08-31 02:42:55,875 [s2-impl-thread1] INFO  storage.RaftStorageDirectory (RaftStorageDirectoryImpl.java:tryLock(232)) - Lock on /home/runner/work/ratis/ratis/ratis-test/target/test/data/19d5fc4b/MiniRaftClusterWithGrpca68170a7/s2/cfb2a519-0c25-43f5-a2c1-d13a7ead264f/in_use.lock acquired by nodename 9152@fv-az318-963
2022-08-31 02:42:55,875 [s2-impl-thread1] TRACE util.FileUtils (LogUtils.java:runAndLog(49)) - Successfully ran Files.createDirectories /home/runner/work/ratis/ratis/ratis-test/target/test/data/19d5fc4b/MiniRaftClusterWithGrpca68170a7/s2/cfb2a519-0c25-43f5-a2c1-d13a7ead264f/current
2022-08-31 02:42:55,873 [org.apache.ratis.util.JvmPauseMonitor$$Lambda$347/0x00000001002d7440@6029a729] INFO  util.JvmPauseMonitor (JvmPauseMonitor.java:run(103)) - JvmPauseMonitor-s1: Started
2022-08-31 02:42:55,876 [s2-impl-thread1] TRACE util.FileUtils (LogUtils.java:runAndLog(49)) - Successfully ran Files.createDirectories /home/runner/work/ratis/ratis/ratis-test/target/test/data/19d5fc4b/MiniRaftClusterWithGrpca68170a7/s2/cfb2a519-0c25-43f5-a2c1-d13a7ead264f/sm
2022-08-31 02:42:55,880 [s2-impl-thread1] INFO  storage.RaftStorage (RaftStorageImpl.java:format(96)) - Storage directory /home/runner/work/ratis/ratis/ratis-test/target/test/data/19d5fc4b/MiniRaftClusterWithGrpca68170a7/s2/cfb2a519-0c25-43f5-a2c1-d13a7ead264f has been successfully formatted.
2022-08-31 02:42:55,880 [s2-impl-thread1] INFO  statemachine.SimpleStateMachine4Testing (SimpleStateMachine4Testing.java:initialize(212)) - Initializing SimpleStateMachine4Testing:uninitialized
2022-08-31 02:42:55,880 [s2-impl-thread1] INFO  statemachine.SimpleStateMachine4Testing (SimpleStateMachine4Testing.java:loadSnapshot(306)) - The snapshot file null does not exist
2022-08-31 02:42:55,881 [s2-impl-thread1] INFO  server.RaftServerConfigKeys (ConfUtils.java:logGet(46)) - raft.server.log.use.memory = false (default)
2022-08-31 02:42:55,881 [s2-impl-thread1] INFO  server.RaftServerConfigKeys (ConfUtils.java:logGet(46)) - raft.server.log.purge.gap = 1024 (default)
2022-08-31 02:42:55,881 [s2-impl-thread1] INFO  server.RaftServerConfigKeys (ConfUtils.java:logGet(46)) - raft.server.log.appender.buffer.byte-limit = 4MB (=4194304) (default)
2022-08-31 02:42:55,881 [s2-impl-thread1] INFO  server.RaftServerConfigKeys (ConfUtils.java:logGet(46)) - raft.server.log.statemachine.data.read.timeout = 1000ms (default)
2022-08-31 02:42:55,881 [s2-impl-thread1] INFO  server.RaftServerConfigKeys (ConfUtils.java:logGet(46)) - raft.server.log.purge.preservation.log.num = 0 (default)
2022-08-31 02:42:55,881 [s2-impl-thread1] INFO  server.RaftServerConfigKeys (ConfUtils.java:logGet(46)) - raft.server.log.segment.size.max = 8MB (=8388608) (default)
2022-08-31 02:42:55,882 [s2-impl-thread1] INFO  server.RaftServerConfigKeys (ConfUtils.java:logGet(46)) - raft.server.log.segment.cache.num.max = 6 (default)
2022-08-31 02:42:55,882 [s2-impl-thread1] INFO  server.RaftServerConfigKeys (ConfUtils.java:logGet(46)) - raft.server.log.segment.cache.size.max = 200MB (=209715200) (default)
2022-08-31 02:42:55,882 [s2-impl-thread1] INFO  segmented.SegmentedRaftLogWorker (SegmentedRaftLogWorker.java:<init>(191)) - new s2@group-D13A7EAD264F-SegmentedRaftLogWorker for RaftStorageImpl:Storage Directory /home/runner/work/ratis/ratis/ratis-test/target/test/data/19d5fc4b/MiniRaftClusterWithGrpca68170a7/s2/cfb2a519-0c25-43f5-a2c1-d13a7ead264f
2022-08-31 02:42:55,882 [s2-impl-thread1] INFO  server.RaftServerConfigKeys (ConfUtils.java:logGet(46)) - raft.server.log.queue.byte-limit = 64MB (=67108864) (default)
2022-08-31 02:42:55,882 [s2-impl-thread1] INFO  server.RaftServerConfigKeys (ConfUtils.java:logGet(46)) - raft.server.log.queue.element-limit = 4096 (default)
2022-08-31 02:42:55,882 [s2-impl-thread1] INFO  server.RaftServerConfigKeys (ConfUtils.java:logGet(46)) - raft.server.log.segment.size.max = 8MB (=8388608) (default)
2022-08-31 02:42:55,882 [s2-impl-thread1] INFO  server.RaftServerConfigKeys (ConfUtils.java:logGet(46)) - raft.server.log.preallocated.size = 4MB (=4194304) (default)
2022-08-31 02:42:55,882 [s2-impl-thread1] INFO  server.RaftServerConfigKeys (ConfUtils.java:logGet(46)) - raft.server.log.force.sync.num = 128 (default)
2022-08-31 02:42:55,882 [s2-impl-thread1] INFO  server.RaftServerConfigKeys (ConfUtils.java:logGet(46)) - raft.server.log.statemachine.data.sync = true (default)
2022-08-31 02:42:55,882 [s2-impl-thread1] INFO  server.RaftServerConfigKeys (ConfUtils.java:logGet(46)) - raft.server.log.statemachine.data.sync.timeout = 10s (default)
2022-08-31 02:42:55,883 [s2-impl-thread1] INFO  server.RaftServerConfigKeys (ConfUtils.java:logGet(46)) - raft.server.log.statemachine.data.sync.timeout.retry = -1 (default)
2022-08-31 02:42:55,883 [s2-impl-thread1] INFO  server.RaftServerConfigKeys (ConfUtils.java:logGet(46)) - raft.server.log.write.buffer.size = 64KB (=65536) (default)
2022-08-31 02:42:55,883 [s2-impl-thread1] INFO  server.RaftServerConfigKeys (ConfUtils.java:logGet(46)) - raft.server.log.unsafe-flush.enabled = false (default)
2022-08-31 02:42:55,883 [s2-impl-thread1] INFO  server.RaftServerConfigKeys (ConfUtils.java:logGet(46)) - raft.server.log.async-flush.enabled = false (default)
2022-08-31 02:42:55,884 [s2-impl-thread1] INFO  server.RaftServerConfigKeys (ConfUtils.java:logGet(46)) - raft.server.log.statemachine.data.caching.enabled = false (default)
2022-08-31 02:42:55,884 [s2-impl-thread1] INFO  segmented.SegmentedRaftLogWorker (SegmentedRaftLogWorker.java:lambda$new$0(136)) - s2@group-D13A7EAD264F-SegmentedRaftLogWorker: flushIndex: setUnconditionally 0 -> -1
2022-08-31 02:42:55,884 [s2-impl-thread1] INFO  segmented.SegmentedRaftLogWorker (SegmentedRaftLogWorker.java:lambda$new$0(136)) - s2@group-D13A7EAD264F-SegmentedRaftLogWorker: safeCacheEvictIndex: setUnconditionally 0 -> -1
2022-08-31 02:42:55,890 [s2-impl-thread1] INFO  server.RaftServer$Division (RaftServerImpl.java:start(328)) - s2@group-D13A7EAD264F: start as a follower, conf=-1: peers:[s0|rpc:localhost:42809|admin:localhost:40381|client:localhost:38631|dataStream:localhost:36117|priority:0|startupRole:FOLLOWER, s1|rpc:localhost:42055|admin:localhost:40305|client:localhost:45909|dataStream:localhost:42215|priority:0|startupRole:FOLLOWER, s2|rpc:localhost:40641|admin:localhost:46817|client:localhost:34627|dataStream:localhost:36361|priority:0|startupRole:FOLLOWER]|listeners:[], old=null
2022-08-31 02:42:55,890 [s2-impl-thread1] INFO  server.RaftServer$Division (RaftServerImpl.java:setRole(315)) - s2@group-D13A7EAD264F: changes role from      null to FOLLOWER at term 0 for startAsFollower
2022-08-31 02:42:55,890 [s2-impl-thread1] INFO  impl.RoleInfo (RoleInfo.java:updateAndGet(139)) - s2: start s2@group-D13A7EAD264F-FollowerState
2022-08-31 02:42:55,892 [s2-impl-thread1] INFO  util.JmxRegister (JmxRegister.java:tryRegister(44)) - Successfully registered JMX Bean with object name Ratis:service=RaftServer,group=group-D13A7EAD264F,id=s2
2022-08-31 02:42:55,892 [s2-impl-thread1] INFO  server.RaftServerConfigKeys (ConfUtils.java:logGet(46)) - raft.server.snapshot.auto.trigger.enabled = false (default)
2022-08-31 02:42:55,892 [s2-impl-thread1] INFO  server.RaftServerConfigKeys (ConfUtils.java:logGet(46)) - raft.server.snapshot.retention.file.num = -1 (default)
2022-08-31 02:42:55,892 [s2-impl-thread1] INFO  server.RaftServerConfigKeys (ConfUtils.java:logGet(46)) - raft.server.log.purge.upto.snapshot.index = false (default)
2022-08-31 02:42:55,893 [s2@group-D13A7EAD264F-FollowerState] INFO  server.RaftServerConfigKeys (ConfUtils.java:logFallback(53)) - raft.server.rpc.first-election.timeout.min = 150ms (fallback to raft.server.rpc.timeout.min)
2022-08-31 02:42:55,897 [Time-limited test] INFO  server.RaftServer (RaftServerProxy.java:startImpl(388)) - s2: start RPC server
2022-08-31 02:42:55,897 [s2@group-D13A7EAD264F-FollowerState] INFO  server.RaftServerConfigKeys (ConfUtils.java:logFallback(53)) - raft.server.rpc.first-election.timeout.max = 300ms (fallback to raft.server.rpc.timeout.max)
2022-08-31 02:42:55,900 [Time-limited test] INFO  server.GrpcService (GrpcService.java:startImpl(270)) - s2: GrpcService started, listening on 34627
2022-08-31 02:42:55,901 [Time-limited test] INFO  server.GrpcService (GrpcService.java:startImpl(270)) - s2: GrpcService started, listening on 40641
2022-08-31 02:42:55,902 [Time-limited test] INFO  server.GrpcService (GrpcService.java:startImpl(270)) - s2: GrpcService started, listening on 46817
2022-08-31 02:42:55,907 [org.apache.ratis.util.JvmPauseMonitor$$Lambda$347/0x00000001002d7440@7599e449] INFO  util.JvmPauseMonitor (JvmPauseMonitor.java:run(103)) - JvmPauseMonitor-s2: Started
2022-08-31 02:42:55,909 [Time-limited test] INFO  server.RaftServerConfigKeys (ConfUtils.java:logGet(46)) - raft.server.rpc.timeout.max = 300ms (default)
2022-08-31 02:42:55,911 [Time-limited test] INFO  ratis.RaftTestUtil (RaftTestUtil.java:waitForLeader(100)) - printing ALL groups
  s0:  RUNNING  FOLLOWER s0@group-D13A7EAD264F:t0, leader=null, voted=, raftlog=Memoized:s0@group-D13A7EAD264F-SegmentedRaftLog:OPENED:c-1, conf=-1: peers:[s0|rpc:localhost:42809|admin:localhost:40381|client:localhost:38631|dataStream:localhost:36117|priority:0|startupRole:FOLLOWER, s1|rpc:localhost:42055|admin:localhost:40305|client:localhost:45909|dataStream:localhost:42215|priority:0|startupRole:FOLLOWER, s2|rpc:localhost:40641|admin:localhost:46817|client:localhost:34627|dataStream:localhost:36361|priority:0|startupRole:FOLLOWER]|listeners:[], old=null RUNNING
  s1:  RUNNING  FOLLOWER s1@group-D13A7EAD264F:t0, leader=null, voted=, raftlog=Memoized:s1@group-D13A7EAD264F-SegmentedRaftLog:OPENED:c-1, conf=-1: peers:[s0|rpc:localhost:42809|admin:localhost:40381|client:localhost:38631|dataStream:localhost:36117|priority:0|startupRole:FOLLOWER, s1|rpc:localhost:42055|admin:localhost:40305|client:localhost:45909|dataStream:localhost:42215|priority:0|startupRole:FOLLOWER, s2|rpc:localhost:40641|admin:localhost:46817|client:localhost:34627|dataStream:localhost:36361|priority:0|startupRole:FOLLOWER]|listeners:[], old=null RUNNING
  s2:  RUNNING  FOLLOWER s2@group-D13A7EAD264F:t0, leader=null, voted=, raftlog=Memoized:s2@group-D13A7EAD264F-SegmentedRaftLog:OPENED:c-1, conf=-1: peers:[s0|rpc:localhost:42809|admin:localhost:40381|client:localhost:38631|dataStream:localhost:36117|priority:0|startupRole:FOLLOWER, s1|rpc:localhost:42055|admin:localhost:40305|client:localhost:45909|dataStream:localhost:42215|priority:0|startupRole:FOLLOWER, s2|rpc:localhost:40641|admin:localhost:46817|client:localhost:34627|dataStream:localhost:36361|priority:0|startupRole:FOLLOWER]|listeners:[], old=null RUNNING
2022-08-31 02:42:55,923 [Time-limited test] WARN  ratis.RaftTestUtil (JavaUtils.java:attempt(217)) - FAILED "waitForLeader-null-(expectLeader? true)", attempt #1/100: java.lang.IllegalStateException: No leader yet : printing ALL groups
  s0:  RUNNING  FOLLOWER s0@group-D13A7EAD264F:t0, leader=null, voted=, raftlog=Memoized:s0@group-D13A7EAD264F-SegmentedRaftLog:OPENED:c-1, conf=-1: peers:[s0|rpc:localhost:42809|admin:localhost:40381|client:localhost:38631|dataStream:localhost:36117|priority:0|startupRole:FOLLOWER, s1|rpc:localhost:42055|admin:localhost:40305|client:localhost:45909|dataStream:localhost:42215|priority:0|startupRole:FOLLOWER, s2|rpc:localhost:40641|admin:localhost:46817|client:localhost:34627|dataStream:localhost:36361|priority:0|startupRole:FOLLOWER]|listeners:[], old=null RUNNING
  s1:  RUNNING  FOLLOWER s1@group-D13A7EAD264F:t0, leader=null, voted=, raftlog=Memoized:s1@group-D13A7EAD264F-SegmentedRaftLog:OPENED:c-1, conf=-1: peers:[s0|rpc:localhost:42809|admin:localhost:40381|client:localhost:38631|dataStream:localhost:36117|priority:0|startupRole:FOLLOWER, s1|rpc:localhost:42055|admin:localhost:40305|client:localhost:45909|dataStream:localhost:42215|priority:0|startupRole:FOLLOWER, s2|rpc:localhost:40641|admin:localhost:46817|client:localhost:34627|dataStream:localhost:36361|priority:0|startupRole:FOLLOWER]|listeners:[], old=null RUNNING
  s2:  RUNNING  FOLLOWER s2@group-D13A7EAD264F:t0, leader=null, voted=, raftlog=Memoized:s2@group-D13A7EAD264F-SegmentedRaftLog:OPENED:c-1, conf=-1: peers:[s0|rpc:localhost:42809|admin:localhost:40381|client:localhost:38631|dataStream:localhost:36117|priority:0|startupRole:FOLLOWER, s1|rpc:localhost:42055|admin:localhost:40305|client:localhost:45909|dataStream:localhost:42215|priority:0|startupRole:FOLLOWER, s2|rpc:localhost:40641|admin:localhost:46817|client:localhost:34627|dataStream:localhost:36361|priority:0|startupRole:FOLLOWER]|listeners:[], old=null RUNNING, sleep 450ms and then retry.
java.lang.IllegalStateException: No leader yet : printing ALL groups
  s0:  RUNNING  FOLLOWER s0@group-D13A7EAD264F:t0, leader=null, voted=, raftlog=Memoized:s0@group-D13A7EAD264F-SegmentedRaftLog:OPENED:c-1, conf=-1: peers:[s0|rpc:localhost:42809|admin:localhost:40381|client:localhost:38631|dataStream:localhost:36117|priority:0|startupRole:FOLLOWER, s1|rpc:localhost:42055|admin:localhost:40305|client:localhost:45909|dataStream:localhost:42215|priority:0|startupRole:FOLLOWER, s2|rpc:localhost:40641|admin:localhost:46817|client:localhost:34627|dataStream:localhost:36361|priority:0|startupRole:FOLLOWER]|listeners:[], old=null RUNNING
  s1:  RUNNING  FOLLOWER s1@group-D13A7EAD264F:t0, leader=null, voted=, raftlog=Memoized:s1@group-D13A7EAD264F-SegmentedRaftLog:OPENED:c-1, conf=-1: peers:[s0|rpc:localhost:42809|admin:localhost:40381|client:localhost:38631|dataStream:localhost:36117|priority:0|startupRole:FOLLOWER, s1|rpc:localhost:42055|admin:localhost:40305|client:localhost:45909|dataStream:localhost:42215|priority:0|startupRole:FOLLOWER, s2|rpc:localhost:40641|admin:localhost:46817|client:localhost:34627|dataStream:localhost:36361|priority:0|startupRole:FOLLOWER]|listeners:[], old=null RUNNING
  s2:  RUNNING  FOLLOWER s2@group-D13A7EAD264F:t0, leader=null, voted=, raftlog=Memoized:s2@group-D13A7EAD264F-SegmentedRaftLog:OPENED:c-1, conf=-1: peers:[s0|rpc:localhost:42809|admin:localhost:40381|client:localhost:38631|dataStream:localhost:36117|priority:0|startupRole:FOLLOWER, s1|rpc:localhost:42055|admin:localhost:40305|client:localhost:45909|dataStream:localhost:42215|priority:0|startupRole:FOLLOWER, s2|rpc:localhost:40641|admin:localhost:46817|client:localhost:34627|dataStream:localhost:36361|priority:0|startupRole:FOLLOWER]|listeners:[], old=null RUNNING
	at org.apache.ratis.server.impl.MiniRaftCluster.newIllegalStateExceptionForNoLeaders(MiniRaftCluster.java:579)
	at org.apache.ratis.RaftTestUtil.lambda$waitForLeader$1(RaftTestUtil.java:104)
	at org.apache.ratis.server.impl.MiniRaftCluster.getLeader(MiniRaftCluster.java:613)
	at org.apache.ratis.server.impl.MiniRaftCluster.getLeader(MiniRaftCluster.java:606)
	at org.apache.ratis.RaftTestUtil.lambda$waitForLeader$3(RaftTestUtil.java:112)
	at org.apache.ratis.util.JavaUtils.attempt(JavaUtils.java:211)
	at org.apache.ratis.util.JavaUtils.attemptRepeatedly(JavaUtils.java:197)
	at org.apache.ratis.RaftTestUtil.waitForLeader(RaftTestUtil.java:111)
	at org.apache.ratis.RaftTestUtil.waitForLeader(RaftTestUtil.java:92)
	at org.apache.ratis.RaftTestUtil.waitForLeader(RaftTestUtil.java:87)
	at org.apache.ratis.grpc.TestRaftServerWithGrpc.testRaftClientRequestMetrics(TestRaftServerWithGrpc.java:313)
	at org.apache.ratis.server.impl.MiniRaftCluster$Factory$Get.runWithNewCluster(MiniRaftCluster.java:139)
	at org.apache.ratis.server.impl.MiniRaftCluster$Factory$Get.runWithNewCluster(MiniRaftCluster.java:119)
	at org.apache.ratis.grpc.TestRaftServerWithGrpc.testRaftClientMetrics(TestRaftServerWithGrpc.java:218)
	at java.base/jdk.internal.reflect.NativeMethodAccessorImpl.invoke0(Native Method)
	at java.base/jdk.internal.reflect.NativeMethodAccessorImpl.invoke(NativeMethodAccessorImpl.java:62)
	at java.base/jdk.internal.reflect.DelegatingMethodAccessorImpl.invoke(DelegatingMethodAccessorImpl.java:43)
	at java.base/java.lang.reflect.Method.invoke(Method.java:566)
	at org.junit.runners.model.FrameworkMethod$1.runReflectiveCall(FrameworkMethod.java:59)
	at org.junit.internal.runners.model.ReflectiveCallable.run(ReflectiveCallable.java:12)
	at org.junit.runners.model.FrameworkMethod.invokeExplosively(FrameworkMethod.java:56)
	at org.junit.internal.runners.statements.InvokeMethod.evaluate(InvokeMethod.java:17)
	at org.junit.internal.runners.statements.RunBefores.evaluate(RunBefores.java:26)
	at org.junit.internal.runners.statements.RunAfters.evaluate(RunAfters.java:27)
	at org.junit.internal.runners.statements.FailOnTimeout$CallableStatement.call(FailOnTimeout.java:299)
	at org.junit.internal.runners.statements.FailOnTimeout$CallableStatement.call(FailOnTimeout.java:293)
	at java.base/java.util.concurrent.FutureTask.run(FutureTask.java:264)
	at java.base/java.lang.Thread.run(Thread.java:829)
2022-08-31 02:42:56,004 [s0@group-D13A7EAD264F-FollowerState] INFO  impl.FollowerState (FollowerState.java:run(143)) - s0@group-D13A7EAD264F-FollowerState: change to CANDIDATE, lastRpcElapsedTime:219402842ns, electionTimeout:211ms
2022-08-31 02:42:56,005 [s0@group-D13A7EAD264F-FollowerState] INFO  impl.RoleInfo (RoleInfo.java:shutdownFollowerState(110)) - s0: shutdown s0@group-D13A7EAD264F-FollowerState
2022-08-31 02:42:56,005 [s0@group-D13A7EAD264F-FollowerState] INFO  server.RaftServer$Division (RaftServerImpl.java:setRole(315)) - s0@group-D13A7EAD264F: changes role from  FOLLOWER to CANDIDATE at term 0 for changeToCandidate
2022-08-31 02:42:56,008 [s0@group-D13A7EAD264F-FollowerState] INFO  server.RaftServerConfigKeys (ConfUtils.java:logGet(46)) - raft.server.leaderelection.pre-vote = true (default)
2022-08-31 02:42:56,008 [s0@group-D13A7EAD264F-FollowerState] INFO  impl.RoleInfo (RoleInfo.java:updateAndGet(139)) - s0: start s0@group-D13A7EAD264F-LeaderElection1
2022-08-31 02:42:56,011 [s0@group-D13A7EAD264F-LeaderElection1] INFO  impl.LeaderElection (LeaderElection.java:askForVotes(310)) - s0@group-D13A7EAD264F-LeaderElection1 PRE_VOTE round 0: submit vote requests at term 0 for -1: peers:[s0|rpc:localhost:42809|admin:localhost:40381|client:localhost:38631|dataStream:localhost:36117|priority:0|startupRole:FOLLOWER, s1|rpc:localhost:42055|admin:localhost:40305|client:localhost:45909|dataStream:localhost:42215|priority:0|startupRole:FOLLOWER, s2|rpc:localhost:40641|admin:localhost:46817|client:localhost:34627|dataStream:localhost:36361|priority:0|startupRole:FOLLOWER]|listeners:[], old=null
2022-08-31 02:42:56,028 [s0@group-D13A7EAD264F-LeaderElection1] INFO  server.RaftServerConfigKeys (ConfUtils.java:logFallback(53)) - raft.server.rpc.first-election.timeout.min = 150ms (fallback to raft.server.rpc.timeout.min)
2022-08-31 02:42:56,029 [s0@group-D13A7EAD264F-LeaderElection1] INFO  server.RaftServerConfigKeys (ConfUtils.java:logFallback(53)) - raft.server.rpc.first-election.timeout.max = 300ms (fallback to raft.server.rpc.timeout.max)
2022-08-31 02:42:56,035 [s0@group-D13A7EAD264F-LeaderElection1-2] INFO  server.GrpcServerProtocolClient (GrpcServerProtocolClient.java:<init>(63)) - Build channel for s2
2022-08-31 02:42:56,042 [s0@group-D13A7EAD264F-LeaderElection1-1] INFO  server.GrpcServerProtocolClient (GrpcServerProtocolClient.java:<init>(63)) - Build channel for s1
2022-08-31 02:42:56,054 [s1@group-D13A7EAD264F-FollowerState] INFO  impl.FollowerState (FollowerState.java:run(143)) - s1@group-D13A7EAD264F-FollowerState: change to CANDIDATE, lastRpcElapsedTime:205032802ns, electionTimeout:191ms
2022-08-31 02:42:56,057 [s1@group-D13A7EAD264F-FollowerState] INFO  impl.RoleInfo (RoleInfo.java:shutdownFollowerState(110)) - s1: shutdown s1@group-D13A7EAD264F-FollowerState
2022-08-31 02:42:56,058 [s1@group-D13A7EAD264F-FollowerState] INFO  server.RaftServer$Division (RaftServerImpl.java:setRole(315)) - s1@group-D13A7EAD264F: changes role from  FOLLOWER to CANDIDATE at term 0 for changeToCandidate
2022-08-31 02:42:56,058 [s1@group-D13A7EAD264F-FollowerState] INFO  server.RaftServerConfigKeys (ConfUtils.java:logGet(46)) - raft.server.leaderelection.pre-vote = true (default)
2022-08-31 02:42:56,058 [s1@group-D13A7EAD264F-FollowerState] INFO  impl.RoleInfo (RoleInfo.java:updateAndGet(139)) - s1: start s1@group-D13A7EAD264F-LeaderElection2
2022-08-31 02:42:56,062 [s1@group-D13A7EAD264F-LeaderElection2] INFO  impl.LeaderElection (LeaderElection.java:askForVotes(310)) - s1@group-D13A7EAD264F-LeaderElection2 PRE_VOTE round 0: submit vote requests at term 0 for -1: peers:[s0|rpc:localhost:42809|admin:localhost:40381|client:localhost:38631|dataStream:localhost:36117|priority:0|startupRole:FOLLOWER, s1|rpc:localhost:42055|admin:localhost:40305|client:localhost:45909|dataStream:localhost:42215|priority:0|startupRole:FOLLOWER, s2|rpc:localhost:40641|admin:localhost:46817|client:localhost:34627|dataStream:localhost:36361|priority:0|startupRole:FOLLOWER]|listeners:[], old=null
2022-08-31 02:42:56,065 [s1@group-D13A7EAD264F-LeaderElection2-1] INFO  server.GrpcServerProtocolClient (GrpcServerProtocolClient.java:<init>(63)) - Build channel for s0
2022-08-31 02:42:56,065 [s1@group-D13A7EAD264F-LeaderElection2] INFO  server.RaftServerConfigKeys (ConfUtils.java:logFallback(53)) - raft.server.rpc.first-election.timeout.min = 150ms (fallback to raft.server.rpc.timeout.min)
2022-08-31 02:42:56,069 [s1@group-D13A7EAD264F-LeaderElection2] INFO  server.RaftServerConfigKeys (ConfUtils.java:logFallback(53)) - raft.server.rpc.first-election.timeout.max = 300ms (fallback to raft.server.rpc.timeout.max)
2022-08-31 02:42:56,069 [s1@group-D13A7EAD264F-LeaderElection2-2] INFO  server.GrpcServerProtocolClient (GrpcServerProtocolClient.java:<init>(63)) - Build channel for s2
2022-08-31 02:42:56,147 [s2@group-D13A7EAD264F-FollowerState] INFO  impl.FollowerState (FollowerState.java:run(143)) - s2@group-D13A7EAD264F-FollowerState: change to CANDIDATE, lastRpcElapsedTime:256740907ns, electionTimeout:250ms
2022-08-31 02:42:56,147 [s2@group-D13A7EAD264F-FollowerState] INFO  impl.RoleInfo (RoleInfo.java:shutdownFollowerState(110)) - s2: shutdown s2@group-D13A7EAD264F-FollowerState
2022-08-31 02:42:56,148 [s2@group-D13A7EAD264F-FollowerState] INFO  server.RaftServer$Division (RaftServerImpl.java:setRole(315)) - s2@group-D13A7EAD264F: changes role from  FOLLOWER to CANDIDATE at term 0 for changeToCandidate
2022-08-31 02:42:56,148 [s2@group-D13A7EAD264F-FollowerState] INFO  server.RaftServerConfigKeys (ConfUtils.java:logGet(46)) - raft.server.leaderelection.pre-vote = true (default)
2022-08-31 02:42:56,148 [s2@group-D13A7EAD264F-FollowerState] INFO  impl.RoleInfo (RoleInfo.java:updateAndGet(139)) - s2: start s2@group-D13A7EAD264F-LeaderElection3
2022-08-31 02:42:56,175 [s2@group-D13A7EAD264F-LeaderElection3] INFO  impl.LeaderElection (LeaderElection.java:askForVotes(310)) - s2@group-D13A7EAD264F-LeaderElection3 PRE_VOTE round 0: submit vote requests at term 0 for -1: peers:[s0|rpc:localhost:42809|admin:localhost:40381|client:localhost:38631|dataStream:localhost:36117|priority:0|startupRole:FOLLOWER, s1|rpc:localhost:42055|admin:localhost:40305|client:localhost:45909|dataStream:localhost:42215|priority:0|startupRole:FOLLOWER, s2|rpc:localhost:40641|admin:localhost:46817|client:localhost:34627|dataStream:localhost:36361|priority:0|startupRole:FOLLOWER]|listeners:[], old=null
2022-08-31 02:42:56,182 [s2@group-D13A7EAD264F-LeaderElection3-1] INFO  server.GrpcServerProtocolClient (GrpcServerProtocolClient.java:<init>(63)) - Build channel for s0
2022-08-31 02:42:56,186 [s2@group-D13A7EAD264F-LeaderElection3] INFO  server.RaftServerConfigKeys (ConfUtils.java:logFallback(53)) - raft.server.rpc.first-election.timeout.min = 150ms (fallback to raft.server.rpc.timeout.min)
2022-08-31 02:42:56,186 [s2@group-D13A7EAD264F-LeaderElection3] INFO  server.RaftServerConfigKeys (ConfUtils.java:logFallback(53)) - raft.server.rpc.first-election.timeout.max = 300ms (fallback to raft.server.rpc.timeout.max)
2022-08-31 02:42:56,189 [s2@group-D13A7EAD264F-LeaderElection3-2] INFO  server.GrpcServerProtocolClient (GrpcServerProtocolClient.java:<init>(63)) - Build channel for s1
2022-08-31 02:42:56,198 [s0@group-D13A7EAD264F-LeaderElection1] INFO  impl.LeaderElection (LeaderElection.java:logAndReturn(90)) - s0@group-D13A7EAD264F-LeaderElection1: PRE_VOTE TIMEOUT received 0 response(s) and 0 exception(s):
2022-08-31 02:42:56,198 [s0@group-D13A7EAD264F-LeaderElection1] INFO  impl.LeaderElection (LeaderElection.java:askForVotes(312)) - s0@group-D13A7EAD264F-LeaderElection1 PRE_VOTE round 0: result TIMEOUT
2022-08-31 02:42:56,198 [s0@group-D13A7EAD264F-LeaderElection1] INFO  impl.LeaderElection (LeaderElection.java:askForVotes(310)) - s0@group-D13A7EAD264F-LeaderElection1 PRE_VOTE round 1: submit vote requests at term 0 for -1: peers:[s0|rpc:localhost:42809|admin:localhost:40381|client:localhost:38631|dataStream:localhost:36117|priority:0|startupRole:FOLLOWER, s1|rpc:localhost:42055|admin:localhost:40305|client:localhost:45909|dataStream:localhost:42215|priority:0|startupRole:FOLLOWER, s2|rpc:localhost:40641|admin:localhost:46817|client:localhost:34627|dataStream:localhost:36361|priority:0|startupRole:FOLLOWER]|listeners:[], old=null
2022-08-31 02:42:56,202 [s0@group-D13A7EAD264F-LeaderElection1] INFO  server.RaftServerConfigKeys (ConfUtils.java:logFallback(53)) - raft.server.rpc.first-election.timeout.min = 150ms (fallback to raft.server.rpc.timeout.min)
2022-08-31 02:42:56,202 [s0@group-D13A7EAD264F-LeaderElection1] INFO  server.RaftServerConfigKeys (ConfUtils.java:logFallback(53)) - raft.server.rpc.first-election.timeout.max = 300ms (fallback to raft.server.rpc.timeout.max)
2022-08-31 02:42:56,264 [s1@group-D13A7EAD264F-LeaderElection2] INFO  impl.LeaderElection (LeaderElection.java:logAndReturn(90)) - s1@group-D13A7EAD264F-LeaderElection2: PRE_VOTE TIMEOUT received 0 response(s) and 0 exception(s):
2022-08-31 02:42:56,266 [s1@group-D13A7EAD264F-LeaderElection2] INFO  impl.LeaderElection (LeaderElection.java:askForVotes(312)) - s1@group-D13A7EAD264F-LeaderElection2 PRE_VOTE round 0: result TIMEOUT
2022-08-31 02:42:56,266 [s1@group-D13A7EAD264F-LeaderElection2] INFO  impl.LeaderElection (LeaderElection.java:askForVotes(310)) - s1@group-D13A7EAD264F-LeaderElection2 PRE_VOTE round 1: submit vote requests at term 0 for -1: peers:[s0|rpc:localhost:42809|admin:localhost:40381|client:localhost:38631|dataStream:localhost:36117|priority:0|startupRole:FOLLOWER, s1|rpc:localhost:42055|admin:localhost:40305|client:localhost:45909|dataStream:localhost:42215|priority:0|startupRole:FOLLOWER, s2|rpc:localhost:40641|admin:localhost:46817|client:localhost:34627|dataStream:localhost:36361|priority:0|startupRole:FOLLOWER]|listeners:[], old=null
2022-08-31 02:42:56,275 [s1@group-D13A7EAD264F-LeaderElection2] INFO  server.RaftServerConfigKeys (ConfUtils.java:logFallback(53)) - raft.server.rpc.first-election.timeout.min = 150ms (fallback to raft.server.rpc.timeout.min)
2022-08-31 02:42:56,275 [s1@group-D13A7EAD264F-LeaderElection2] INFO  server.RaftServerConfigKeys (ConfUtils.java:logFallback(53)) - raft.server.rpc.first-election.timeout.max = 300ms (fallback to raft.server.rpc.timeout.max)
2022-08-31 02:42:56,346 [s2@group-D13A7EAD264F-LeaderElection3] INFO  impl.LeaderElection (LeaderElection.java:logAndReturn(90)) - s2@group-D13A7EAD264F-LeaderElection3: PRE_VOTE TIMEOUT received 0 response(s) and 0 exception(s):
2022-08-31 02:42:56,347 [s2@group-D13A7EAD264F-LeaderElection3] INFO  impl.LeaderElection (LeaderElection.java:askForVotes(312)) - s2@group-D13A7EAD264F-LeaderElection3 PRE_VOTE round 0: result TIMEOUT
2022-08-31 02:42:56,348 [s2@group-D13A7EAD264F-LeaderElection3] INFO  impl.LeaderElection (LeaderElection.java:askForVotes(310)) - s2@group-D13A7EAD264F-LeaderElection3 PRE_VOTE round 1: submit vote requests at term 0 for -1: peers:[s0|rpc:localhost:42809|admin:localhost:40381|client:localhost:38631|dataStream:localhost:36117|priority:0|startupRole:FOLLOWER, s1|rpc:localhost:42055|admin:localhost:40305|client:localhost:45909|dataStream:localhost:42215|priority:0|startupRole:FOLLOWER, s2|rpc:localhost:40641|admin:localhost:46817|client:localhost:34627|dataStream:localhost:36361|priority:0|startupRole:FOLLOWER]|listeners:[], old=null
2022-08-31 02:42:56,360 [s2@group-D13A7EAD264F-LeaderElection3] INFO  server.RaftServerConfigKeys (ConfUtils.java:logFallback(53)) - raft.server.rpc.first-election.timeout.min = 150ms (fallback to raft.server.rpc.timeout.min)
2022-08-31 02:42:56,360 [s2@group-D13A7EAD264F-LeaderElection3] INFO  server.RaftServerConfigKeys (ConfUtils.java:logFallback(53)) - raft.server.rpc.first-election.timeout.max = 300ms (fallback to raft.server.rpc.timeout.max)
2022-08-31 02:42:56,381 [Time-limited test] WARN  ratis.RaftTestUtil (JavaUtils.java:attempt(217)) - FAILED "waitForLeader-null-(expectLeader? true)", attempt #2/100: java.lang.IllegalStateException: No leader yet : printing ALL groups
  s0:  RUNNING CANDIDATE s0@group-D13A7EAD264F:t0, leader=null, voted=, raftlog=Memoized:s0@group-D13A7EAD264F-SegmentedRaftLog:OPENED:c-1, conf=-1: peers:[s0|rpc:localhost:42809|admin:localhost:40381|client:localhost:38631|dataStream:localhost:36117|priority:0|startupRole:FOLLOWER, s1|rpc:localhost:42055|admin:localhost:40305|client:localhost:45909|dataStream:localhost:42215|priority:0|startupRole:FOLLOWER, s2|rpc:localhost:40641|admin:localhost:46817|client:localhost:34627|dataStream:localhost:36361|priority:0|startupRole:FOLLOWER]|listeners:[], old=null RUNNING
  s1:  RUNNING CANDIDATE s1@group-D13A7EAD264F:t0, leader=null, voted=, raftlog=Memoized:s1@group-D13A7EAD264F-SegmentedRaftLog:OPENED:c-1, conf=-1: peers:[s0|rpc:localhost:42809|admin:localhost:40381|client:localhost:38631|dataStream:localhost:36117|priority:0|startupRole:FOLLOWER, s1|rpc:localhost:42055|admin:localhost:40305|client:localhost:45909|dataStream:localhost:42215|priority:0|startupRole:FOLLOWER, s2|rpc:localhost:40641|admin:localhost:46817|client:localhost:34627|dataStream:localhost:36361|priority:0|startupRole:FOLLOWER]|listeners:[], old=null RUNNING
  s2:  RUNNING CANDIDATE s2@group-D13A7EAD264F:t0, leader=null, voted=, raftlog=Memoized:s2@group-D13A7EAD264F-SegmentedRaftLog:OPENED:c-1, conf=-1: peers:[s0|rpc:localhost:42809|admin:localhost:40381|client:localhost:38631|dataStream:localhost:36117|priority:0|startupRole:FOLLOWER, s1|rpc:localhost:42055|admin:localhost:40305|client:localhost:45909|dataStream:localhost:42215|priority:0|startupRole:FOLLOWER, s2|rpc:localhost:40641|admin:localhost:46817|client:localhost:34627|dataStream:localhost:36361|priority:0|startupRole:FOLLOWER]|listeners:[], old=null RUNNING, sleep 450ms and then retry.
java.lang.IllegalStateException: No leader yet : printing ALL groups
  s0:  RUNNING CANDIDATE s0@group-D13A7EAD264F:t0, leader=null, voted=, raftlog=Memoized:s0@group-D13A7EAD264F-SegmentedRaftLog:OPENED:c-1, conf=-1: peers:[s0|rpc:localhost:42809|admin:localhost:40381|client:localhost:38631|dataStream:localhost:36117|priority:0|startupRole:FOLLOWER, s1|rpc:localhost:42055|admin:localhost:40305|client:localhost:45909|dataStream:localhost:42215|priority:0|startupRole:FOLLOWER, s2|rpc:localhost:40641|admin:localhost:46817|client:localhost:34627|dataStream:localhost:36361|priority:0|startupRole:FOLLOWER]|listeners:[], old=null RUNNING
  s1:  RUNNING CANDIDATE s1@group-D13A7EAD264F:t0, leader=null, voted=, raftlog=Memoized:s1@group-D13A7EAD264F-SegmentedRaftLog:OPENED:c-1, conf=-1: peers:[s0|rpc:localhost:42809|admin:localhost:40381|client:localhost:38631|dataStream:localhost:36117|priority:0|startupRole:FOLLOWER, s1|rpc:localhost:42055|admin:localhost:40305|client:localhost:45909|dataStream:localhost:42215|priority:0|startupRole:FOLLOWER, s2|rpc:localhost:40641|admin:localhost:46817|client:localhost:34627|dataStream:localhost:36361|priority:0|startupRole:FOLLOWER]|listeners:[], old=null RUNNING
  s2:  RUNNING CANDIDATE s2@group-D13A7EAD264F:t0, leader=null, voted=, raftlog=Memoized:s2@group-D13A7EAD264F-SegmentedRaftLog:OPENED:c-1, conf=-1: peers:[s0|rpc:localhost:42809|admin:localhost:40381|client:localhost:38631|dataStream:localhost:36117|priority:0|startupRole:FOLLOWER, s1|rpc:localhost:42055|admin:localhost:40305|client:localhost:45909|dataStream:localhost:42215|priority:0|startupRole:FOLLOWER, s2|rpc:localhost:40641|admin:localhost:46817|client:localhost:34627|dataStream:localhost:36361|priority:0|startupRole:FOLLOWER]|listeners:[], old=null RUNNING
	at org.apache.ratis.server.impl.MiniRaftCluster.newIllegalStateExceptionForNoLeaders(MiniRaftCluster.java:579)
	at org.apache.ratis.RaftTestUtil.lambda$waitForLeader$1(RaftTestUtil.java:104)
	at org.apache.ratis.server.impl.MiniRaftCluster.getLeader(MiniRaftCluster.java:613)
	at org.apache.ratis.server.impl.MiniRaftCluster.getLeader(MiniRaftCluster.java:606)
	at org.apache.ratis.RaftTestUtil.lambda$waitForLeader$3(RaftTestUtil.java:112)
	at org.apache.ratis.util.JavaUtils.attempt(JavaUtils.java:211)
	at org.apache.ratis.util.JavaUtils.attemptRepeatedly(JavaUtils.java:197)
	at org.apache.ratis.RaftTestUtil.waitForLeader(RaftTestUtil.java:111)
	at org.apache.ratis.RaftTestUtil.waitForLeader(RaftTestUtil.java:92)
	at org.apache.ratis.RaftTestUtil.waitForLeader(RaftTestUtil.java:87)
	at org.apache.ratis.grpc.TestRaftServerWithGrpc.testRaftClientRequestMetrics(TestRaftServerWithGrpc.java:313)
	at org.apache.ratis.server.impl.MiniRaftCluster$Factory$Get.runWithNewCluster(MiniRaftCluster.java:139)
	at org.apache.ratis.server.impl.MiniRaftCluster$Factory$Get.runWithNewCluster(MiniRaftCluster.java:119)
	at org.apache.ratis.grpc.TestRaftServerWithGrpc.testRaftClientMetrics(TestRaftServerWithGrpc.java:218)
	at java.base/jdk.internal.reflect.NativeMethodAccessorImpl.invoke0(Native Method)
	at java.base/jdk.internal.reflect.NativeMethodAccessorImpl.invoke(NativeMethodAccessorImpl.java:62)
	at java.base/jdk.internal.reflect.DelegatingMethodAccessorImpl.invoke(DelegatingMethodAccessorImpl.java:43)
	at java.base/java.lang.reflect.Method.invoke(Method.java:566)
	at org.junit.runners.model.FrameworkMethod$1.runReflectiveCall(FrameworkMethod.java:59)
	at org.junit.internal.runners.model.ReflectiveCallable.run(ReflectiveCallable.java:12)
	at org.junit.runners.model.FrameworkMethod.invokeExplosively(FrameworkMethod.java:56)
	at org.junit.internal.runners.statements.InvokeMethod.evaluate(InvokeMethod.java:17)
	at org.junit.internal.runners.statements.RunBefores.evaluate(RunBefores.java:26)
	at org.junit.internal.runners.statements.RunAfters.evaluate(RunAfters.java:27)
	at org.junit.internal.runners.statements.FailOnTimeout$CallableStatement.call(FailOnTimeout.java:299)
	at org.junit.internal.runners.statements.FailOnTimeout$CallableStatement.call(FailOnTimeout.java:293)
	at java.base/java.util.concurrent.FutureTask.run(FutureTask.java:264)
	at java.base/java.lang.Thread.run(Thread.java:829)
2022-08-31 02:42:56,398 [s0@group-D13A7EAD264F-LeaderElection1] INFO  impl.LeaderElection (LeaderElection.java:logAndReturn(90)) - s0@group-D13A7EAD264F-LeaderElection1: PRE_VOTE TIMEOUT received 0 response(s) and 0 exception(s):
2022-08-31 02:42:56,398 [s0@group-D13A7EAD264F-LeaderElection1] INFO  impl.LeaderElection (LeaderElection.java:askForVotes(312)) - s0@group-D13A7EAD264F-LeaderElection1 PRE_VOTE round 1: result TIMEOUT
2022-08-31 02:42:56,398 [s0@group-D13A7EAD264F-LeaderElection1] INFO  impl.LeaderElection (LeaderElection.java:askForVotes(310)) - s0@group-D13A7EAD264F-LeaderElection1 PRE_VOTE round 2: submit vote requests at term 0 for -1: peers:[s0|rpc:localhost:42809|admin:localhost:40381|client:localhost:38631|dataStream:localhost:36117|priority:0|startupRole:FOLLOWER, s1|rpc:localhost:42055|admin:localhost:40305|client:localhost:45909|dataStream:localhost:42215|priority:0|startupRole:FOLLOWER, s2|rpc:localhost:40641|admin:localhost:46817|client:localhost:34627|dataStream:localhost:36361|priority:0|startupRole:FOLLOWER]|listeners:[], old=null
2022-08-31 02:42:56,403 [s0@group-D13A7EAD264F-LeaderElection1] INFO  server.RaftServerConfigKeys (ConfUtils.java:logFallback(53)) - raft.server.rpc.first-election.timeout.min = 150ms (fallback to raft.server.rpc.timeout.min)
2022-08-31 02:42:56,403 [s0@group-D13A7EAD264F-LeaderElection1] INFO  server.RaftServerConfigKeys (ConfUtils.java:logFallback(53)) - raft.server.rpc.first-election.timeout.max = 300ms (fallback to raft.server.rpc.timeout.max)
2022-08-31 02:42:56,462 [s1@group-D13A7EAD264F-LeaderElection2] INFO  impl.LeaderElection (LeaderElection.java:logAndReturn(90)) - s1@group-D13A7EAD264F-LeaderElection2: PRE_VOTE TIMEOUT received 0 response(s) and 0 exception(s):
2022-08-31 02:42:56,463 [s1@group-D13A7EAD264F-LeaderElection2] INFO  impl.LeaderElection (LeaderElection.java:askForVotes(312)) - s1@group-D13A7EAD264F-LeaderElection2 PRE_VOTE round 1: result TIMEOUT
2022-08-31 02:42:56,463 [s1@group-D13A7EAD264F-LeaderElection2] INFO  impl.LeaderElection (LeaderElection.java:askForVotes(310)) - s1@group-D13A7EAD264F-LeaderElection2 PRE_VOTE round 2: submit vote requests at term 0 for -1: peers:[s0|rpc:localhost:42809|admin:localhost:40381|client:localhost:38631|dataStream:localhost:36117|priority:0|startupRole:FOLLOWER, s1|rpc:localhost:42055|admin:localhost:40305|client:localhost:45909|dataStream:localhost:42215|priority:0|startupRole:FOLLOWER, s2|rpc:localhost:40641|admin:localhost:46817|client:localhost:34627|dataStream:localhost:36361|priority:0|startupRole:FOLLOWER]|listeners:[], old=null
2022-08-31 02:42:56,469 [s1@group-D13A7EAD264F-LeaderElection2] INFO  server.RaftServerConfigKeys (ConfUtils.java:logFallback(53)) - raft.server.rpc.first-election.timeout.min = 150ms (fallback to raft.server.rpc.timeout.min)
2022-08-31 02:42:56,469 [s1@group-D13A7EAD264F-LeaderElection2] INFO  server.RaftServerConfigKeys (ConfUtils.java:logFallback(53)) - raft.server.rpc.first-election.timeout.max = 300ms (fallback to raft.server.rpc.timeout.max)
2022-08-31 02:42:56,472 [grpc-default-executor-5] INFO  server.RaftServer$Division (RaftServerImpl.java:requestVote(1212)) - s1@group-D13A7EAD264F: receive requestVote(PRE_VOTE, s2, group-D13A7EAD264F, 0, (t:0, i:0))
2022-08-31 02:42:56,472 [grpc-default-executor-3] INFO  server.RaftServer$Division (RaftServerImpl.java:requestVote(1212)) - s2@group-D13A7EAD264F: receive requestVote(PRE_VOTE, s0, group-D13A7EAD264F, 0, (t:0, i:0))
2022-08-31 02:42:56,474 [grpc-default-executor-3] INFO  impl.VoteContext (VoteContext.java:log(48)) - s2@group-D13A7EAD264F-CANDIDATE: accept PRE_VOTE from s0: our priority 0 <= candidate's priority 0
2022-08-31 02:42:56,474 [grpc-default-executor-4] INFO  server.RaftServer$Division (RaftServerImpl.java:requestVote(1212)) - s2@group-D13A7EAD264F: receive requestVote(PRE_VOTE, s0, group-D13A7EAD264F, 0, (t:0, i:0))
2022-08-31 02:42:56,474 [grpc-default-executor-2] INFO  server.RaftServer$Division (RaftServerImpl.java:requestVote(1212)) - s2@group-D13A7EAD264F: receive requestVote(PRE_VOTE, s0, group-D13A7EAD264F, 0, (t:0, i:0))
2022-08-31 02:42:56,472 [grpc-default-executor-0] INFO  server.RaftServer$Division (RaftServerImpl.java:requestVote(1212)) - s1@group-D13A7EAD264F: receive requestVote(PRE_VOTE, s2, group-D13A7EAD264F, 0, (t:0, i:0))
2022-08-31 02:42:56,478 [grpc-default-executor-3] INFO  server.RaftServer$Division (RaftServerImpl.java:requestVote(1245)) - s2@group-D13A7EAD264F replies to PRE_VOTE vote request: s0<-s2#0:OK-t0. Peer's state: s2@group-D13A7EAD264F:t0, leader=null, voted=, raftlog=Memoized:s2@group-D13A7EAD264F-SegmentedRaftLog:OPENED:c-1, conf=-1: peers:[s0|rpc:localhost:42809|admin:localhost:40381|client:localhost:38631|dataStream:localhost:36117|priority:0|startupRole:FOLLOWER, s1|rpc:localhost:42055|admin:localhost:40305|client:localhost:45909|dataStream:localhost:42215|priority:0|startupRole:FOLLOWER, s2|rpc:localhost:40641|admin:localhost:46817|client:localhost:34627|dataStream:localhost:36361|priority:0|startupRole:FOLLOWER]|listeners:[], old=null
2022-08-31 02:42:56,474 [grpc-default-executor-5] INFO  impl.VoteContext (VoteContext.java:log(48)) - s1@group-D13A7EAD264F-CANDIDATE: accept PRE_VOTE from s2: our priority 0 <= candidate's priority 0
2022-08-31 02:42:56,488 [grpc-default-executor-5] INFO  server.RaftServer$Division (RaftServerImpl.java:requestVote(1245)) - s1@group-D13A7EAD264F replies to PRE_VOTE vote request: s2<-s1#0:OK-t0. Peer's state: s1@group-D13A7EAD264F:t0, leader=null, voted=, raftlog=Memoized:s1@group-D13A7EAD264F-SegmentedRaftLog:OPENED:c-1, conf=-1: peers:[s0|rpc:localhost:42809|admin:localhost:40381|client:localhost:38631|dataStream:localhost:36117|priority:0|startupRole:FOLLOWER, s1|rpc:localhost:42055|admin:localhost:40305|client:localhost:45909|dataStream:localhost:42215|priority:0|startupRole:FOLLOWER, s2|rpc:localhost:40641|admin:localhost:46817|client:localhost:34627|dataStream:localhost:36361|priority:0|startupRole:FOLLOWER]|listeners:[], old=null
2022-08-31 02:42:56,478 [grpc-default-executor-2] INFO  impl.VoteContext (VoteContext.java:log(48)) - s2@group-D13A7EAD264F-CANDIDATE: accept PRE_VOTE from s0: our priority 0 <= candidate's priority 0
2022-08-31 02:42:56,495 [grpc-default-executor-2] INFO  server.RaftServer$Division (RaftServerImpl.java:requestVote(1245)) - s2@group-D13A7EAD264F replies to PRE_VOTE vote request: s0<-s2#0:OK-t0. Peer's state: s2@group-D13A7EAD264F:t0, leader=null, voted=, raftlog=Memoized:s2@group-D13A7EAD264F-SegmentedRaftLog:OPENED:c-1, conf=-1: peers:[s0|rpc:localhost:42809|admin:localhost:40381|client:localhost:38631|dataStream:localhost:36117|priority:0|startupRole:FOLLOWER, s1|rpc:localhost:42055|admin:localhost:40305|client:localhost:45909|dataStream:localhost:42215|priority:0|startupRole:FOLLOWER, s2|rpc:localhost:40641|admin:localhost:46817|client:localhost:34627|dataStream:localhost:36361|priority:0|startupRole:FOLLOWER]|listeners:[], old=null
2022-08-31 02:42:56,496 [grpc-default-executor-4] INFO  impl.VoteContext (VoteContext.java:log(48)) - s2@group-D13A7EAD264F-CANDIDATE: accept PRE_VOTE from s0: our priority 0 <= candidate's priority 0
2022-08-31 02:42:56,497 [grpc-default-executor-4] INFO  server.RaftServer$Division (RaftServerImpl.java:requestVote(1245)) - s2@group-D13A7EAD264F replies to PRE_VOTE vote request: s0<-s2#0:OK-t0. Peer's state: s2@group-D13A7EAD264F:t0, leader=null, voted=, raftlog=Memoized:s2@group-D13A7EAD264F-SegmentedRaftLog:OPENED:c-1, conf=-1: peers:[s0|rpc:localhost:42809|admin:localhost:40381|client:localhost:38631|dataStream:localhost:36117|priority:0|startupRole:FOLLOWER, s1|rpc:localhost:42055|admin:localhost:40305|client:localhost:45909|dataStream:localhost:42215|priority:0|startupRole:FOLLOWER, s2|rpc:localhost:40641|admin:localhost:46817|client:localhost:34627|dataStream:localhost:36361|priority:0|startupRole:FOLLOWER]|listeners:[], old=null
2022-08-31 02:42:56,498 [grpc-default-executor-1] INFO  server.RaftServer$Division (RaftServerImpl.java:requestVote(1212)) - s0@group-D13A7EAD264F: receive requestVote(PRE_VOTE, s2, group-D13A7EAD264F, 0, (t:0, i:0))
2022-08-31 02:42:56,499 [grpc-default-executor-1] INFO  impl.VoteContext (VoteContext.java:log(48)) - s0@group-D13A7EAD264F-CANDIDATE: accept PRE_VOTE from s2: our priority 0 <= candidate's priority 0
2022-08-31 02:42:56,499 [grpc-default-executor-1] INFO  server.RaftServer$Division (RaftServerImpl.java:requestVote(1245)) - s0@group-D13A7EAD264F replies to PRE_VOTE vote request: s2<-s0#0:OK-t0. Peer's state: s0@group-D13A7EAD264F:t0, leader=null, voted=, raftlog=Memoized:s0@group-D13A7EAD264F-SegmentedRaftLog:OPENED:c-1, conf=-1: peers:[s0|rpc:localhost:42809|admin:localhost:40381|client:localhost:38631|dataStream:localhost:36117|priority:0|startupRole:FOLLOWER, s1|rpc:localhost:42055|admin:localhost:40305|client:localhost:45909|dataStream:localhost:42215|priority:0|startupRole:FOLLOWER, s2|rpc:localhost:40641|admin:localhost:46817|client:localhost:34627|dataStream:localhost:36361|priority:0|startupRole:FOLLOWER]|listeners:[], old=null
2022-08-31 02:42:56,494 [grpc-default-executor-10] INFO  server.RaftServer$Division (RaftServerImpl.java:requestVote(1212)) - s2@group-D13A7EAD264F: receive requestVote(PRE_VOTE, s1, group-D13A7EAD264F, 0, (t:0, i:0))
2022-08-31 02:42:56,489 [grpc-default-executor-0] INFO  impl.VoteContext (VoteContext.java:log(48)) - s1@group-D13A7EAD264F-CANDIDATE: accept PRE_VOTE from s2: our priority 0 <= candidate's priority 0
2022-08-31 02:42:56,500 [grpc-default-executor-0] INFO  server.RaftServer$Division (RaftServerImpl.java:requestVote(1245)) - s1@group-D13A7EAD264F replies to PRE_VOTE vote request: s2<-s1#0:OK-t0. Peer's state: s1@group-D13A7EAD264F:t0, leader=null, voted=, raftlog=Memoized:s1@group-D13A7EAD264F-SegmentedRaftLog:OPENED:c-1, conf=-1: peers:[s0|rpc:localhost:42809|admin:localhost:40381|client:localhost:38631|dataStream:localhost:36117|priority:0|startupRole:FOLLOWER, s1|rpc:localhost:42055|admin:localhost:40305|client:localhost:45909|dataStream:localhost:42215|priority:0|startupRole:FOLLOWER, s2|rpc:localhost:40641|admin:localhost:46817|client:localhost:34627|dataStream:localhost:36361|priority:0|startupRole:FOLLOWER]|listeners:[], old=null
2022-08-31 02:42:56,499 [grpc-default-executor-8] INFO  server.RaftServer$Division (RaftServerImpl.java:requestVote(1212)) - s0@group-D13A7EAD264F: receive requestVote(PRE_VOTE, s1, group-D13A7EAD264F, 0, (t:0, i:0))
2022-08-31 02:42:56,501 [grpc-default-executor-8] INFO  impl.VoteContext (VoteContext.java:log(48)) - s0@group-D13A7EAD264F-CANDIDATE: accept PRE_VOTE from s1: our priority 0 <= candidate's priority 0
2022-08-31 02:42:56,501 [grpc-default-executor-8] INFO  server.RaftServer$Division (RaftServerImpl.java:requestVote(1245)) - s0@group-D13A7EAD264F replies to PRE_VOTE vote request: s1<-s0#0:OK-t0. Peer's state: s0@group-D13A7EAD264F:t0, leader=null, voted=, raftlog=Memoized:s0@group-D13A7EAD264F-SegmentedRaftLog:OPENED:c-1, conf=-1: peers:[s0|rpc:localhost:42809|admin:localhost:40381|client:localhost:38631|dataStream:localhost:36117|priority:0|startupRole:FOLLOWER, s1|rpc:localhost:42055|admin:localhost:40305|client:localhost:45909|dataStream:localhost:42215|priority:0|startupRole:FOLLOWER, s2|rpc:localhost:40641|admin:localhost:46817|client:localhost:34627|dataStream:localhost:36361|priority:0|startupRole:FOLLOWER]|listeners:[], old=null
2022-08-31 02:42:56,498 [grpc-default-executor-5] INFO  server.RaftServer$Division (RaftServerImpl.java:requestVote(1212)) - s2@group-D13A7EAD264F: receive requestVote(PRE_VOTE, s1, group-D13A7EAD264F, 0, (t:0, i:0))
2022-08-31 02:42:56,503 [grpc-default-executor-5] INFO  impl.VoteContext (VoteContext.java:log(48)) - s2@group-D13A7EAD264F-CANDIDATE: accept PRE_VOTE from s1: our priority 0 <= candidate's priority 0
2022-08-31 02:42:56,504 [grpc-default-executor-5] INFO  server.RaftServer$Division (RaftServerImpl.java:requestVote(1245)) - s2@group-D13A7EAD264F replies to PRE_VOTE vote request: s1<-s2#0:OK-t0. Peer's state: s2@group-D13A7EAD264F:t0, leader=null, voted=, raftlog=Memoized:s2@group-D13A7EAD264F-SegmentedRaftLog:OPENED:c-1, conf=-1: peers:[s0|rpc:localhost:42809|admin:localhost:40381|client:localhost:38631|dataStream:localhost:36117|priority:0|startupRole:FOLLOWER, s1|rpc:localhost:42055|admin:localhost:40305|client:localhost:45909|dataStream:localhost:42215|priority:0|startupRole:FOLLOWER, s2|rpc:localhost:40641|admin:localhost:46817|client:localhost:34627|dataStream:localhost:36361|priority:0|startupRole:FOLLOWER]|listeners:[], old=null
2022-08-31 02:42:56,506 [grpc-default-executor-0] INFO  server.RaftServer$Division (RaftServerImpl.java:requestVote(1212)) - s1@group-D13A7EAD264F: receive requestVote(PRE_VOTE, s0, group-D13A7EAD264F, 0, (t:0, i:0))
2022-08-31 02:42:56,507 [grpc-default-executor-0] INFO  impl.VoteContext (VoteContext.java:log(48)) - s1@group-D13A7EAD264F-CANDIDATE: accept PRE_VOTE from s0: our priority 0 <= candidate's priority 0
2022-08-31 02:42:56,507 [grpc-default-executor-0] INFO  server.RaftServer$Division (RaftServerImpl.java:requestVote(1245)) - s1@group-D13A7EAD264F replies to PRE_VOTE vote request: s0<-s1#0:OK-t0. Peer's state: s1@group-D13A7EAD264F:t0, leader=null, voted=, raftlog=Memoized:s1@group-D13A7EAD264F-SegmentedRaftLog:OPENED:c-1, conf=-1: peers:[s0|rpc:localhost:42809|admin:localhost:40381|client:localhost:38631|dataStream:localhost:36117|priority:0|startupRole:FOLLOWER, s1|rpc:localhost:42055|admin:localhost:40305|client:localhost:45909|dataStream:localhost:42215|priority:0|startupRole:FOLLOWER, s2|rpc:localhost:40641|admin:localhost:46817|client:localhost:34627|dataStream:localhost:36361|priority:0|startupRole:FOLLOWER]|listeners:[], old=null
2022-08-31 02:42:56,507 [grpc-default-executor-9] INFO  server.RaftServer$Division (RaftServerImpl.java:requestVote(1212)) - s0@group-D13A7EAD264F: receive requestVote(PRE_VOTE, s2, group-D13A7EAD264F, 0, (t:0, i:0))
2022-08-31 02:42:56,508 [grpc-default-executor-9] INFO  impl.VoteContext (VoteContext.java:log(48)) - s0@group-D13A7EAD264F-CANDIDATE: accept PRE_VOTE from s2: our priority 0 <= candidate's priority 0
2022-08-31 02:42:56,508 [grpc-default-executor-9] INFO  server.RaftServer$Division (RaftServerImpl.java:requestVote(1245)) - s0@group-D13A7EAD264F replies to PRE_VOTE vote request: s2<-s0#0:OK-t0. Peer's state: s0@group-D13A7EAD264F:t0, leader=null, voted=, raftlog=Memoized:s0@group-D13A7EAD264F-SegmentedRaftLog:OPENED:c-1, conf=-1: peers:[s0|rpc:localhost:42809|admin:localhost:40381|client:localhost:38631|dataStream:localhost:36117|priority:0|startupRole:FOLLOWER, s1|rpc:localhost:42055|admin:localhost:40305|client:localhost:45909|dataStream:localhost:42215|priority:0|startupRole:FOLLOWER, s2|rpc:localhost:40641|admin:localhost:46817|client:localhost:34627|dataStream:localhost:36361|priority:0|startupRole:FOLLOWER]|listeners:[], old=null
2022-08-31 02:42:56,507 [grpc-default-executor-5] INFO  server.RaftServer$Division (RaftServerImpl.java:requestVote(1212)) - s0@group-D13A7EAD264F: receive requestVote(PRE_VOTE, s1, group-D13A7EAD264F, 0, (t:0, i:0))
2022-08-31 02:42:56,507 [grpc-default-executor-8] INFO  server.RaftServer$Division (RaftServerImpl.java:requestVote(1212)) - s1@group-D13A7EAD264F: receive requestVote(PRE_VOTE, s0, group-D13A7EAD264F, 0, (t:0, i:0))
2022-08-31 02:42:56,511 [grpc-default-executor-8] INFO  impl.VoteContext (VoteContext.java:log(48)) - s1@group-D13A7EAD264F-CANDIDATE: accept PRE_VOTE from s0: our priority 0 <= candidate's priority 0
2022-08-31 02:42:56,509 [grpc-default-executor-5] INFO  impl.VoteContext (VoteContext.java:log(48)) - s0@group-D13A7EAD264F-CANDIDATE: accept PRE_VOTE from s1: our priority 0 <= candidate's priority 0
2022-08-31 02:42:56,511 [grpc-default-executor-5] INFO  server.RaftServer$Division (RaftServerImpl.java:requestVote(1245)) - s0@group-D13A7EAD264F replies to PRE_VOTE vote request: s1<-s0#0:OK-t0. Peer's state: s0@group-D13A7EAD264F:t0, leader=null, voted=, raftlog=Memoized:s0@group-D13A7EAD264F-SegmentedRaftLog:OPENED:c-1, conf=-1: peers:[s0|rpc:localhost:42809|admin:localhost:40381|client:localhost:38631|dataStream:localhost:36117|priority:0|startupRole:FOLLOWER, s1|rpc:localhost:42055|admin:localhost:40305|client:localhost:45909|dataStream:localhost:42215|priority:0|startupRole:FOLLOWER, s2|rpc:localhost:40641|admin:localhost:46817|client:localhost:34627|dataStream:localhost:36361|priority:0|startupRole:FOLLOWER]|listeners:[], old=null
2022-08-31 02:42:56,509 [grpc-default-executor-10] INFO  impl.VoteContext (VoteContext.java:log(48)) - s2@group-D13A7EAD264F-CANDIDATE: accept PRE_VOTE from s1: our priority 0 <= candidate's priority 0
2022-08-31 02:42:56,509 [grpc-default-executor-9] INFO  server.RaftServer$Division (RaftServerImpl.java:requestVote(1212)) - s1@group-D13A7EAD264F: receive requestVote(PRE_VOTE, s0, group-D13A7EAD264F, 0, (t:0, i:0))
2022-08-31 02:42:56,514 [grpc-default-executor-10] INFO  server.RaftServer$Division (RaftServerImpl.java:requestVote(1245)) - s2@group-D13A7EAD264F replies to PRE_VOTE vote request: s1<-s2#0:OK-t0. Peer's state: s2@group-D13A7EAD264F:t0, leader=null, voted=, raftlog=Memoized:s2@group-D13A7EAD264F-SegmentedRaftLog:OPENED:c-1, conf=-1: peers:[s0|rpc:localhost:42809|admin:localhost:40381|client:localhost:38631|dataStream:localhost:36117|priority:0|startupRole:FOLLOWER, s1|rpc:localhost:42055|admin:localhost:40305|client:localhost:45909|dataStream:localhost:42215|priority:0|startupRole:FOLLOWER, s2|rpc:localhost:40641|admin:localhost:46817|client:localhost:34627|dataStream:localhost:36361|priority:0|startupRole:FOLLOWER]|listeners:[], old=null
2022-08-31 02:42:56,511 [grpc-default-executor-8] INFO  server.RaftServer$Division (RaftServerImpl.java:requestVote(1245)) - s1@group-D13A7EAD264F replies to PRE_VOTE vote request: s0<-s1#0:OK-t0. Peer's state: s1@group-D13A7EAD264F:t0, leader=null, voted=, raftlog=Memoized:s1@group-D13A7EAD264F-SegmentedRaftLog:OPENED:c-1, conf=-1: peers:[s0|rpc:localhost:42809|admin:localhost:40381|client:localhost:38631|dataStream:localhost:36117|priority:0|startupRole:FOLLOWER, s1|rpc:localhost:42055|admin:localhost:40305|client:localhost:45909|dataStream:localhost:42215|priority:0|startupRole:FOLLOWER, s2|rpc:localhost:40641|admin:localhost:46817|client:localhost:34627|dataStream:localhost:36361|priority:0|startupRole:FOLLOWER]|listeners:[], old=null
2022-08-31 02:42:56,518 [grpc-default-executor-9] INFO  impl.VoteContext (VoteContext.java:log(48)) - s1@group-D13A7EAD264F-CANDIDATE: accept PRE_VOTE from s0: our priority 0 <= candidate's priority 0
2022-08-31 02:42:56,519 [grpc-default-executor-9] INFO  server.RaftServer$Division (RaftServerImpl.java:requestVote(1245)) - s1@group-D13A7EAD264F replies to PRE_VOTE vote request: s0<-s1#0:OK-t0. Peer's state: s1@group-D13A7EAD264F:t0, leader=null, voted=, raftlog=Memoized:s1@group-D13A7EAD264F-SegmentedRaftLog:OPENED:c-1, conf=-1: peers:[s0|rpc:localhost:42809|admin:localhost:40381|client:localhost:38631|dataStream:localhost:36117|priority:0|startupRole:FOLLOWER, s1|rpc:localhost:42055|admin:localhost:40305|client:localhost:45909|dataStream:localhost:42215|priority:0|startupRole:FOLLOWER, s2|rpc:localhost:40641|admin:localhost:46817|client:localhost:34627|dataStream:localhost:36361|priority:0|startupRole:FOLLOWER]|listeners:[], old=null
2022-08-31 02:42:56,521 [s2@group-D13A7EAD264F-LeaderElection3] INFO  impl.LeaderElection (LeaderElection.java:logAndReturn(90)) - s2@group-D13A7EAD264F-LeaderElection3: PRE_VOTE PASSED received 1 response(s) and 0 exception(s):
2022-08-31 02:42:56,522 [s2@group-D13A7EAD264F-LeaderElection3] INFO  impl.LeaderElection (LeaderElection.java:logAndReturn(94)) -   Response 0: s2<-s0#0:OK-t0
2022-08-31 02:42:56,522 [s2@group-D13A7EAD264F-LeaderElection3] INFO  impl.LeaderElection (LeaderElection.java:askForVotes(312)) - s2@group-D13A7EAD264F-LeaderElection3 PRE_VOTE round 1: result PASSED
2022-08-31 02:42:56,525 [s2@group-D13A7EAD264F-LeaderElection3] INFO  impl.LeaderElection (LeaderElection.java:askForVotes(310)) - s2@group-D13A7EAD264F-LeaderElection3 ELECTION round 0: submit vote requests at term 1 for -1: peers:[s0|rpc:localhost:42809|admin:localhost:40381|client:localhost:38631|dataStream:localhost:36117|priority:0|startupRole:FOLLOWER, s1|rpc:localhost:42055|admin:localhost:40305|client:localhost:45909|dataStream:localhost:42215|priority:0|startupRole:FOLLOWER, s2|rpc:localhost:40641|admin:localhost:46817|client:localhost:34627|dataStream:localhost:36361|priority:0|startupRole:FOLLOWER]|listeners:[], old=null
2022-08-31 02:42:56,530 [s2@group-D13A7EAD264F-LeaderElection3] INFO  server.RaftServerConfigKeys (ConfUtils.java:logFallback(53)) - raft.server.rpc.first-election.timeout.min = 150ms (fallback to raft.server.rpc.timeout.min)
2022-08-31 02:42:56,530 [s2@group-D13A7EAD264F-LeaderElection3] INFO  server.RaftServerConfigKeys (ConfUtils.java:logFallback(53)) - raft.server.rpc.first-election.timeout.max = 300ms (fallback to raft.server.rpc.timeout.max)
2022-08-31 02:42:56,535 [s0@group-D13A7EAD264F-LeaderElection1] INFO  impl.LeaderElection (LeaderElection.java:logAndReturn(90)) - s0@group-D13A7EAD264F-LeaderElection1: PRE_VOTE PASSED received 1 response(s) and 0 exception(s):
2022-08-31 02:42:56,535 [s0@group-D13A7EAD264F-LeaderElection1] INFO  impl.LeaderElection (LeaderElection.java:logAndReturn(94)) -   Response 0: s0<-s1#0:OK-t0
2022-08-31 02:42:56,536 [s0@group-D13A7EAD264F-LeaderElection1] INFO  impl.LeaderElection (LeaderElection.java:askForVotes(312)) - s0@group-D13A7EAD264F-LeaderElection1 PRE_VOTE round 2: result PASSED
2022-08-31 02:42:56,539 [s0@group-D13A7EAD264F-LeaderElection1] INFO  impl.LeaderElection (LeaderElection.java:askForVotes(310)) - s0@group-D13A7EAD264F-LeaderElection1 ELECTION round 0: submit vote requests at term 1 for -1: peers:[s0|rpc:localhost:42809|admin:localhost:40381|client:localhost:38631|dataStream:localhost:36117|priority:0|startupRole:FOLLOWER, s1|rpc:localhost:42055|admin:localhost:40305|client:localhost:45909|dataStream:localhost:42215|priority:0|startupRole:FOLLOWER, s2|rpc:localhost:40641|admin:localhost:46817|client:localhost:34627|dataStream:localhost:36361|priority:0|startupRole:FOLLOWER]|listeners:[], old=null
2022-08-31 02:42:56,541 [s0@group-D13A7EAD264F-LeaderElection1] INFO  server.RaftServerConfigKeys (ConfUtils.java:logFallback(53)) - raft.server.rpc.first-election.timeout.min = 150ms (fallback to raft.server.rpc.timeout.min)
2022-08-31 02:42:56,541 [s0@group-D13A7EAD264F-LeaderElection1] INFO  server.RaftServerConfigKeys (ConfUtils.java:logFallback(53)) - raft.server.rpc.first-election.timeout.max = 300ms (fallback to raft.server.rpc.timeout.max)
2022-08-31 02:42:56,542 [grpc-default-executor-9] INFO  server.RaftServer$Division (RaftServerImpl.java:requestVote(1212)) - s1@group-D13A7EAD264F: receive requestVote(ELECTION, s2, group-D13A7EAD264F, 1, (t:0, i:0))
2022-08-31 02:42:56,547 [grpc-default-executor-9] INFO  impl.VoteContext (VoteContext.java:log(48)) - s1@group-D13A7EAD264F-CANDIDATE: accept ELECTION from s2: our priority 0 <= candidate's priority 0
2022-08-31 02:42:56,548 [grpc-default-executor-9] INFO  server.RaftServer$Division (RaftServerImpl.java:setRole(315)) - s1@group-D13A7EAD264F: changes role from CANDIDATE to FOLLOWER at term 1 for candidate:s2
2022-08-31 02:42:56,548 [grpc-default-executor-9] INFO  impl.RoleInfo (RoleInfo.java:shutdownLeaderElection(130)) - s1: shutdown s1@group-D13A7EAD264F-LeaderElection2
2022-08-31 02:42:56,549 [grpc-default-executor-9] INFO  impl.RoleInfo (RoleInfo.java:updateAndGet(139)) - s1: start s1@group-D13A7EAD264F-FollowerState
2022-08-31 02:42:56,551 [s1@group-D13A7EAD264F-FollowerState] INFO  server.RaftServerConfigKeys (ConfUtils.java:logFallback(53)) - raft.server.rpc.first-election.timeout.min = 150ms (fallback to raft.server.rpc.timeout.min)
2022-08-31 02:42:56,551 [s1@group-D13A7EAD264F-FollowerState] INFO  server.RaftServerConfigKeys (ConfUtils.java:logFallback(53)) - raft.server.rpc.first-election.timeout.max = 300ms (fallback to raft.server.rpc.timeout.max)
2022-08-31 02:42:56,552 [grpc-default-executor-9] INFO  server.RaftServer$Division (RaftServerImpl.java:requestVote(1245)) - s1@group-D13A7EAD264F replies to ELECTION vote request: s2<-s1#0:OK-t1. Peer's state: s1@group-D13A7EAD264F:t1, leader=null, voted=s2, raftlog=Memoized:s1@group-D13A7EAD264F-SegmentedRaftLog:OPENED:c-1, conf=-1: peers:[s0|rpc:localhost:42809|admin:localhost:40381|client:localhost:38631|dataStream:localhost:36117|priority:0|startupRole:FOLLOWER, s1|rpc:localhost:42055|admin:localhost:40305|client:localhost:45909|dataStream:localhost:42215|priority:0|startupRole:FOLLOWER, s2|rpc:localhost:40641|admin:localhost:46817|client:localhost:34627|dataStream:localhost:36361|priority:0|startupRole:FOLLOWER]|listeners:[], old=null
2022-08-31 02:42:56,567 [grpc-default-executor-9] INFO  server.RaftServer$Division (RaftServerImpl.java:requestVote(1212)) - s2@group-D13A7EAD264F: receive requestVote(ELECTION, s0, group-D13A7EAD264F, 1, (t:0, i:0))
2022-08-31 02:42:56,567 [grpc-default-executor-9] INFO  impl.VoteContext (VoteContext.java:log(48)) - s2@group-D13A7EAD264F-CANDIDATE: reject ELECTION from s0: already has voted for s2 at current term 1
2022-08-31 02:42:56,567 [grpc-default-executor-9] INFO  server.RaftServer$Division (RaftServerImpl.java:requestVote(1245)) - s2@group-D13A7EAD264F replies to ELECTION vote request: s0<-s2#0:FAIL-t1. Peer's state: s2@group-D13A7EAD264F:t1, leader=null, voted=s2, raftlog=Memoized:s2@group-D13A7EAD264F-SegmentedRaftLog:OPENED:c-1, conf=-1: peers:[s0|rpc:localhost:42809|admin:localhost:40381|client:localhost:38631|dataStream:localhost:36117|priority:0|startupRole:FOLLOWER, s1|rpc:localhost:42055|admin:localhost:40305|client:localhost:45909|dataStream:localhost:42215|priority:0|startupRole:FOLLOWER, s2|rpc:localhost:40641|admin:localhost:46817|client:localhost:34627|dataStream:localhost:36361|priority:0|startupRole:FOLLOWER]|listeners:[], old=null
2022-08-31 02:42:56,569 [grpc-default-executor-9] INFO  server.RaftServer$Division (RaftServerImpl.java:requestVote(1212)) - s0@group-D13A7EAD264F: receive requestVote(PRE_VOTE, s1, group-D13A7EAD264F, 0, (t:0, i:0))
2022-08-31 02:42:56,569 [grpc-default-executor-9] INFO  impl.VoteContext (VoteContext.java:log(48)) - s0@group-D13A7EAD264F-CANDIDATE: accept PRE_VOTE from s1: our priority 0 <= candidate's priority 0
2022-08-31 02:42:56,569 [grpc-default-executor-9] INFO  server.RaftServer$Division (RaftServerImpl.java:requestVote(1245)) - s0@group-D13A7EAD264F replies to PRE_VOTE vote request: s1<-s0#0:OK-t1. Peer's state: s0@group-D13A7EAD264F:t1, leader=null, voted=s0, raftlog=Memoized:s0@group-D13A7EAD264F-SegmentedRaftLog:OPENED:c-1, conf=-1: peers:[s0|rpc:localhost:42809|admin:localhost:40381|client:localhost:38631|dataStream:localhost:36117|priority:0|startupRole:FOLLOWER, s1|rpc:localhost:42055|admin:localhost:40305|client:localhost:45909|dataStream:localhost:42215|priority:0|startupRole:FOLLOWER, s2|rpc:localhost:40641|admin:localhost:46817|client:localhost:34627|dataStream:localhost:36361|priority:0|startupRole:FOLLOWER]|listeners:[], old=null
2022-08-31 02:42:56,570 [grpc-default-executor-10] INFO  server.RaftServer$Division (RaftServerImpl.java:requestVote(1212)) - s2@group-D13A7EAD264F: receive requestVote(PRE_VOTE, s1, group-D13A7EAD264F, 0, (t:0, i:0))
2022-08-31 02:42:56,570 [grpc-default-executor-10] INFO  impl.VoteContext (VoteContext.java:log(48)) - s2@group-D13A7EAD264F-CANDIDATE: accept PRE_VOTE from s1: our priority 0 <= candidate's priority 0
2022-08-31 02:42:56,570 [grpc-default-executor-10] INFO  server.RaftServer$Division (RaftServerImpl.java:requestVote(1245)) - s2@group-D13A7EAD264F replies to PRE_VOTE vote request: s1<-s2#0:OK-t1. Peer's state: s2@group-D13A7EAD264F:t1, leader=null, voted=s2, raftlog=Memoized:s2@group-D13A7EAD264F-SegmentedRaftLog:OPENED:c-1, conf=-1: peers:[s0|rpc:localhost:42809|admin:localhost:40381|client:localhost:38631|dataStream:localhost:36117|priority:0|startupRole:FOLLOWER, s1|rpc:localhost:42055|admin:localhost:40305|client:localhost:45909|dataStream:localhost:42215|priority:0|startupRole:FOLLOWER, s2|rpc:localhost:40641|admin:localhost:46817|client:localhost:34627|dataStream:localhost:36361|priority:0|startupRole:FOLLOWER]|listeners:[], old=null
2022-08-31 02:42:56,571 [grpc-default-executor-10] INFO  server.RaftServer$Division (RaftServerImpl.java:requestVote(1212)) - s0@group-D13A7EAD264F: receive requestVote(ELECTION, s2, group-D13A7EAD264F, 1, (t:0, i:0))
2022-08-31 02:42:56,571 [grpc-default-executor-10] INFO  impl.VoteContext (VoteContext.java:log(48)) - s0@group-D13A7EAD264F-CANDIDATE: reject ELECTION from s2: already has voted for s0 at current term 1
2022-08-31 02:42:56,571 [grpc-default-executor-10] INFO  server.RaftServer$Division (RaftServerImpl.java:requestVote(1245)) - s0@group-D13A7EAD264F replies to ELECTION vote request: s2<-s0#0:FAIL-t1. Peer's state: s0@group-D13A7EAD264F:t1, leader=null, voted=s0, raftlog=Memoized:s0@group-D13A7EAD264F-SegmentedRaftLog:OPENED:c-1, conf=-1: peers:[s0|rpc:localhost:42809|admin:localhost:40381|client:localhost:38631|dataStream:localhost:36117|priority:0|startupRole:FOLLOWER, s1|rpc:localhost:42055|admin:localhost:40305|client:localhost:45909|dataStream:localhost:42215|priority:0|startupRole:FOLLOWER, s2|rpc:localhost:40641|admin:localhost:46817|client:localhost:34627|dataStream:localhost:36361|priority:0|startupRole:FOLLOWER]|listeners:[], old=null
2022-08-31 02:42:56,571 [grpc-default-executor-9] INFO  server.RaftServer$Division (RaftServerImpl.java:requestVote(1212)) - s1@group-D13A7EAD264F: receive requestVote(ELECTION, s0, group-D13A7EAD264F, 1, (t:0, i:0))
2022-08-31 02:42:56,575 [grpc-default-executor-9] INFO  impl.VoteContext (VoteContext.java:log(48)) - s1@group-D13A7EAD264F-FOLLOWER: reject ELECTION from s0: already has voted for s2 at current term 1
2022-08-31 02:42:56,575 [grpc-default-executor-9] INFO  server.RaftServer$Division (RaftServerImpl.java:requestVote(1245)) - s1@group-D13A7EAD264F replies to ELECTION vote request: s0<-s1#0:FAIL-t1. Peer's state: s1@group-D13A7EAD264F:t1, leader=null, voted=s2, raftlog=Memoized:s1@group-D13A7EAD264F-SegmentedRaftLog:OPENED:c-1, conf=-1: peers:[s0|rpc:localhost:42809|admin:localhost:40381|client:localhost:38631|dataStream:localhost:36117|priority:0|startupRole:FOLLOWER, s1|rpc:localhost:42055|admin:localhost:40305|client:localhost:45909|dataStream:localhost:42215|priority:0|startupRole:FOLLOWER, s2|rpc:localhost:40641|admin:localhost:46817|client:localhost:34627|dataStream:localhost:36361|priority:0|startupRole:FOLLOWER]|listeners:[], old=null
2022-08-31 02:42:56,579 [s2@group-D13A7EAD264F-LeaderElection3] INFO  impl.LeaderElection (LeaderElection.java:logAndReturn(90)) - s2@group-D13A7EAD264F-LeaderElection3: ELECTION PASSED received 2 response(s) and 0 exception(s):
2022-08-31 02:42:56,580 [s2@group-D13A7EAD264F-LeaderElection3] INFO  impl.LeaderElection (LeaderElection.java:logAndReturn(94)) -   Response 0: s2<-s0#0:FAIL-t1
2022-08-31 02:42:56,580 [s2@group-D13A7EAD264F-LeaderElection3] INFO  impl.LeaderElection (LeaderElection.java:logAndReturn(94)) -   Response 1: s2<-s1#0:OK-t1
2022-08-31 02:42:56,580 [s2@group-D13A7EAD264F-LeaderElection3] INFO  impl.LeaderElection (LeaderElection.java:askForVotes(312)) - s2@group-D13A7EAD264F-LeaderElection3 ELECTION round 0: result PASSED
2022-08-31 02:42:56,580 [s2@group-D13A7EAD264F-LeaderElection3] INFO  impl.RoleInfo (RoleInfo.java:shutdownLeaderElection(130)) - s2: shutdown s2@group-D13A7EAD264F-LeaderElection3
2022-08-31 02:42:56,580 [s2@group-D13A7EAD264F-LeaderElection3] INFO  server.RaftServer$Division (RaftServerImpl.java:setRole(315)) - s2@group-D13A7EAD264F: changes role from CANDIDATE to LEADER at term 1 for changeToLeader
2022-08-31 02:42:56,580 [s2@group-D13A7EAD264F-LeaderElection3] INFO  server.RaftServer$Division (ServerState.java:setLeader(259)) - s2@group-D13A7EAD264F: change Leader from null to s2 at term 1 for becomeLeader, leader elected after 1045ms
2022-08-31 02:42:56,585 [s2@group-D13A7EAD264F-LeaderElection3] INFO  server.RaftServerConfigKeys (ConfUtils.java:logGet(46)) - raft.server.staging.catchup.gap = 1000 (default)
2022-08-31 02:42:56,588 [s2@group-D13A7EAD264F-LeaderElection3] INFO  server.RaftServerConfigKeys (ConfUtils.java:logGet(46)) - raft.server.write.element-limit = 4096 (default)
2022-08-31 02:42:56,589 [s0@group-D13A7EAD264F-LeaderElection1] INFO  impl.LeaderElection (LeaderElection.java:logAndReturn(90)) - s0@group-D13A7EAD264F-LeaderElection1: ELECTION REJECTED received 2 response(s) and 0 exception(s):
2022-08-31 02:42:56,590 [s0@group-D13A7EAD264F-LeaderElection1] INFO  impl.LeaderElection (LeaderElection.java:logAndReturn(94)) -   Response 0: s0<-s1#0:FAIL-t1
2022-08-31 02:42:56,590 [s0@group-D13A7EAD264F-LeaderElection1] INFO  impl.LeaderElection (LeaderElection.java:logAndReturn(94)) -   Response 1: s0<-s2#0:FAIL-t1
2022-08-31 02:42:56,590 [s0@group-D13A7EAD264F-LeaderElection1] INFO  impl.LeaderElection (LeaderElection.java:askForVotes(312)) - s0@group-D13A7EAD264F-LeaderElection1 ELECTION round 0: result REJECTED
2022-08-31 02:42:56,590 [s0@group-D13A7EAD264F-LeaderElection1] INFO  server.RaftServer$Division (RaftServerImpl.java:setRole(315)) - s0@group-D13A7EAD264F: changes role from CANDIDATE to FOLLOWER at term 1 for REJECTED
2022-08-31 02:42:56,590 [s0@group-D13A7EAD264F-LeaderElection1] INFO  impl.RoleInfo (RoleInfo.java:shutdownLeaderElection(130)) - s0: shutdown s0@group-D13A7EAD264F-LeaderElection1
2022-08-31 02:42:56,590 [s2@group-D13A7EAD264F-LeaderElection3] INFO  server.RaftServerConfigKeys (ConfUtils.java:logGet(46)) - raft.server.write.byte-limit = 64MB (=67108864) (default)
2022-08-31 02:42:56,590 [s0@group-D13A7EAD264F-LeaderElection1] INFO  impl.RoleInfo (RoleInfo.java:updateAndGet(139)) - s0: start s0@group-D13A7EAD264F-FollowerState
2022-08-31 02:42:56,593 [s0@group-D13A7EAD264F-FollowerState] INFO  server.RaftServerConfigKeys (ConfUtils.java:logFallback(53)) - raft.server.rpc.first-election.timeout.min = 150ms (fallback to raft.server.rpc.timeout.min)
2022-08-31 02:42:56,593 [s0@group-D13A7EAD264F-FollowerState] INFO  server.RaftServerConfigKeys (ConfUtils.java:logFallback(53)) - raft.server.rpc.first-election.timeout.max = 300ms (fallback to raft.server.rpc.timeout.max)
2022-08-31 02:42:56,593 [s1@group-D13A7EAD264F-LeaderElection2] INFO  impl.LeaderElection (LeaderElection.java:logAndReturn(90)) - s1@group-D13A7EAD264F-LeaderElection2: PRE_VOTE DISCOVERED_A_NEW_TERM (term=1) received 1 response(s) and 0 exception(s):
2022-08-31 02:42:56,594 [s1@group-D13A7EAD264F-LeaderElection2] INFO  impl.LeaderElection (LeaderElection.java:logAndReturn(94)) -   Response 0: s1<-s0#0:OK-t1
2022-08-31 02:42:56,594 [s1@group-D13A7EAD264F-LeaderElection2] INFO  impl.LeaderElection (LeaderElection.java:askForVotes(312)) - s1@group-D13A7EAD264F-LeaderElection2 PRE_VOTE round 2: result DISCOVERED_A_NEW_TERM (term=1)
2022-08-31 02:42:56,607 [s2@group-D13A7EAD264F-LeaderElection3] INFO  server.RaftServerConfigKeys (ConfUtils.java:logGet(46)) - raft.server.watch.timeout = 10s (default)
2022-08-31 02:42:56,607 [s2@group-D13A7EAD264F-LeaderElection3] INFO  server.RaftServerConfigKeys (ConfUtils.java:logGet(46)) - raft.server.watch.timeout.denomination = 1s (default)
2022-08-31 02:42:56,609 [s2@group-D13A7EAD264F-LeaderElection3] INFO  server.RaftServerConfigKeys (ConfUtils.java:logGet(46)) - raft.server.watch.element-limit = 65536 (default)
2022-08-31 02:42:56,615 [s2@group-D13A7EAD264F-LeaderElection3] INFO  server.RaftServerConfigKeys (ConfUtils.java:logGet(46)) - raft.server.write.element-limit = 4096 (default)
2022-08-31 02:42:56,617 [s2@group-D13A7EAD264F-LeaderElection3] INFO  server.RaftServerConfigKeys (ConfUtils.java:logGet(46)) - raft.server.write.follower.gap.ratio.max = -1.0 (default)
2022-08-31 02:42:56,627 [s2@group-D13A7EAD264F-LeaderElection3] INFO  server.RaftServerConfigKeys (ConfUtils.java:logGet(46)) - raft.server.log.appender.snapshot.chunk.size.max = 16MB (=16777216) (default)
2022-08-31 02:42:56,627 [s2@group-D13A7EAD264F-LeaderElection3] INFO  server.RaftServerConfigKeys (ConfUtils.java:logGet(46)) - raft.server.log.appender.buffer.byte-limit = 4MB (=4194304) (default)
2022-08-31 02:42:56,627 [s2@group-D13A7EAD264F-LeaderElection3] INFO  server.RaftServerConfigKeys (ConfUtils.java:logGet(46)) - raft.server.log.appender.buffer.element-limit = 0 (default)
2022-08-31 02:42:56,633 [s2@group-D13A7EAD264F-LeaderElection3] INFO  grpc.GrpcConfigKeys (ConfUtils.java:logGet(46)) - raft.grpc.server.leader.outstanding.appends.max = 128 (default)
2022-08-31 02:42:56,633 [s2@group-D13A7EAD264F-LeaderElection3] INFO  server.RaftServerConfigKeys (ConfUtils.java:logGet(46)) - raft.server.rpc.request.timeout = 3000ms (default)
2022-08-31 02:42:56,633 [s2@group-D13A7EAD264F-LeaderElection3] INFO  server.RaftServerConfigKeys (ConfUtils.java:logGet(46)) - raft.server.log.appender.install.snapshot.enabled = true (default)
2022-08-31 02:42:56,633 [s2@group-D13A7EAD264F-LeaderElection3] INFO  grpc.GrpcConfigKeys (ConfUtils.java:logGet(46)) - raft.grpc.server.heartbeat.channel = false (custom)
2022-08-31 02:42:56,636 [s2@group-D13A7EAD264F-LeaderElection3] INFO  server.RaftServerConfigKeys (ConfUtils.java:logGet(46)) - raft.server.log.appender.snapshot.chunk.size.max = 16MB (=16777216) (default)
2022-08-31 02:42:56,636 [s2@group-D13A7EAD264F-LeaderElection3] INFO  server.RaftServerConfigKeys (ConfUtils.java:logGet(46)) - raft.server.log.appender.buffer.byte-limit = 4MB (=4194304) (default)
2022-08-31 02:42:56,636 [s2@group-D13A7EAD264F-LeaderElection3] INFO  server.RaftServerConfigKeys (ConfUtils.java:logGet(46)) - raft.server.log.appender.buffer.element-limit = 0 (default)
2022-08-31 02:42:56,636 [s2@group-D13A7EAD264F-LeaderElection3] INFO  grpc.GrpcConfigKeys (ConfUtils.java:logGet(46)) - raft.grpc.server.leader.outstanding.appends.max = 128 (default)
2022-08-31 02:42:56,637 [s2@group-D13A7EAD264F-LeaderElection3] INFO  server.RaftServerConfigKeys (ConfUtils.java:logGet(46)) - raft.server.rpc.request.timeout = 3000ms (default)
2022-08-31 02:42:56,637 [s2@group-D13A7EAD264F-LeaderElection3] INFO  server.RaftServerConfigKeys (ConfUtils.java:logGet(46)) - raft.server.log.appender.install.snapshot.enabled = true (default)
2022-08-31 02:42:56,637 [s2@group-D13A7EAD264F-LeaderElection3] INFO  grpc.GrpcConfigKeys (ConfUtils.java:logGet(46)) - raft.grpc.server.heartbeat.channel = false (custom)
2022-08-31 02:42:56,639 [s2@group-D13A7EAD264F-LeaderElection3] INFO  impl.RoleInfo (RoleInfo.java:updateAndGet(139)) - s2: start s2@group-D13A7EAD264F-LeaderStateImpl
2022-08-31 02:42:56,657 [s2@group-D13A7EAD264F-LeaderElection3] INFO  segmented.SegmentedRaftLogWorker (SegmentedRaftLogWorker.java:startLogSegment(452)) - s2@group-D13A7EAD264F-SegmentedRaftLogWorker: Starting segment from index:0
2022-08-31 02:42:56,694 [s2@group-D13A7EAD264F-LeaderElection3] INFO  server.RaftServer$Division (ServerState.java:setRaftConf(376)) - s2@group-D13A7EAD264F: set configuration 0: peers:[s0|rpc:localhost:42809|admin:localhost:40381|client:localhost:38631|dataStream:localhost:36117|priority:0|startupRole:FOLLOWER, s1|rpc:localhost:42055|admin:localhost:40305|client:localhost:45909|dataStream:localhost:42215|priority:0|startupRole:FOLLOWER, s2|rpc:localhost:40641|admin:localhost:46817|client:localhost:34627|dataStream:localhost:36361|priority:0|startupRole:FOLLOWER]|listeners:[], old=null
2022-08-31 02:42:56,732 [s1-server-thread1] INFO  server.RaftServer$Division (ServerState.java:setLeader(259)) - s1@group-D13A7EAD264F: change Leader from null to s2 at term 1 for appendEntries, leader elected after 1192ms
2022-08-31 02:42:56,738 [s0-server-thread1] INFO  server.RaftServer$Division (ServerState.java:setLeader(259)) - s0@group-D13A7EAD264F: change Leader from null to s2 at term 1 for appendEntries, leader elected after 1207ms
2022-08-31 02:42:56,765 [s0-server-thread1] INFO  server.RaftServer$Division (ServerState.java:setRaftConf(376)) - s0@group-D13A7EAD264F: set configuration 0: peers:[s0|rpc:localhost:42809|admin:localhost:40381|client:localhost:38631|dataStream:localhost:36117|priority:0|startupRole:FOLLOWER, s1|rpc:localhost:42055|admin:localhost:40305|client:localhost:45909|dataStream:localhost:42215|priority:0|startupRole:FOLLOWER, s2|rpc:localhost:40641|admin:localhost:46817|client:localhost:34627|dataStream:localhost:36361|priority:0|startupRole:FOLLOWER]|listeners:[], old=null
2022-08-31 02:42:56,766 [s0-server-thread1] INFO  segmented.SegmentedRaftLogWorker (SegmentedRaftLogWorker.java:startLogSegment(452)) - s0@group-D13A7EAD264F-SegmentedRaftLogWorker: Starting segment from index:0
2022-08-31 02:42:56,775 [s1-server-thread1] INFO  server.RaftServer$Division (ServerState.java:setRaftConf(376)) - s1@group-D13A7EAD264F: set configuration 0: peers:[s0|rpc:localhost:42809|admin:localhost:40381|client:localhost:38631|dataStream:localhost:36117|priority:0|startupRole:FOLLOWER, s1|rpc:localhost:42055|admin:localhost:40305|client:localhost:45909|dataStream:localhost:42215|priority:0|startupRole:FOLLOWER, s2|rpc:localhost:40641|admin:localhost:46817|client:localhost:34627|dataStream:localhost:36361|priority:0|startupRole:FOLLOWER]|listeners:[], old=null
2022-08-31 02:42:56,775 [s1-server-thread1] INFO  segmented.SegmentedRaftLogWorker (SegmentedRaftLogWorker.java:startLogSegment(452)) - s1@group-D13A7EAD264F-SegmentedRaftLogWorker: Starting segment from index:0
2022-08-31 02:42:56,826 [s1@group-D13A7EAD264F-SegmentedRaftLogWorker] INFO  segmented.SegmentedRaftLogWorker (SegmentedRaftLogWorker.java:execute(656)) - s1@group-D13A7EAD264F-SegmentedRaftLogWorker: created new log segment /home/runner/work/ratis/ratis/ratis-test/target/test/data/19d5fc4b/MiniRaftClusterWithGrpca68170a7/s1/cfb2a519-0c25-43f5-a2c1-d13a7ead264f/current/log_inprogress_0
2022-08-31 02:42:56,833 [Time-limited test] WARN  ratis.RaftTestUtil (JavaUtils.java:attempt(217)) - FAILED "waitForLeader-null-(expectLeader? true)", attempt #3/100: java.lang.IllegalStateException: Leader: s2@group-D13A7EAD264F not ready, sleep 450ms and then retry.
java.lang.IllegalStateException: Leader: s2@group-D13A7EAD264F not ready
	at org.apache.ratis.RaftTestUtil.lambda$waitForLeader$3(RaftTestUtil.java:114)
	at org.apache.ratis.util.JavaUtils.attempt(JavaUtils.java:211)
	at org.apache.ratis.util.JavaUtils.attemptRepeatedly(JavaUtils.java:197)
	at org.apache.ratis.RaftTestUtil.waitForLeader(RaftTestUtil.java:111)
	at org.apache.ratis.RaftTestUtil.waitForLeader(RaftTestUtil.java:92)
	at org.apache.ratis.RaftTestUtil.waitForLeader(RaftTestUtil.java:87)
	at org.apache.ratis.grpc.TestRaftServerWithGrpc.testRaftClientRequestMetrics(TestRaftServerWithGrpc.java:313)
	at org.apache.ratis.server.impl.MiniRaftCluster$Factory$Get.runWithNewCluster(MiniRaftCluster.java:139)
	at org.apache.ratis.server.impl.MiniRaftCluster$Factory$Get.runWithNewCluster(MiniRaftCluster.java:119)
	at org.apache.ratis.grpc.TestRaftServerWithGrpc.testRaftClientMetrics(TestRaftServerWithGrpc.java:218)
	at java.base/jdk.internal.reflect.NativeMethodAccessorImpl.invoke0(Native Method)
	at java.base/jdk.internal.reflect.NativeMethodAccessorImpl.invoke(NativeMethodAccessorImpl.java:62)
	at java.base/jdk.internal.reflect.DelegatingMethodAccessorImpl.invoke(DelegatingMethodAccessorImpl.java:43)
	at java.base/java.lang.reflect.Method.invoke(Method.java:566)
	at org.junit.runners.model.FrameworkMethod$1.runReflectiveCall(FrameworkMethod.java:59)
	at org.junit.internal.runners.model.ReflectiveCallable.run(ReflectiveCallable.java:12)
	at org.junit.runners.model.FrameworkMethod.invokeExplosively(FrameworkMethod.java:56)
	at org.junit.internal.runners.statements.InvokeMethod.evaluate(InvokeMethod.java:17)
	at org.junit.internal.runners.statements.RunBefores.evaluate(RunBefores.java:26)
	at org.junit.internal.runners.statements.RunAfters.evaluate(RunAfters.java:27)
	at org.junit.internal.runners.statements.FailOnTimeout$CallableStatement.call(FailOnTimeout.java:299)
	at org.junit.internal.runners.statements.FailOnTimeout$CallableStatement.call(FailOnTimeout.java:293)
	at java.base/java.util.concurrent.FutureTask.run(FutureTask.java:264)
	at java.base/java.lang.Thread.run(Thread.java:829)
2022-08-31 02:42:56,836 [s2@group-D13A7EAD264F-SegmentedRaftLogWorker] INFO  segmented.SegmentedRaftLogWorker (SegmentedRaftLogWorker.java:execute(656)) - s2@group-D13A7EAD264F-SegmentedRaftLogWorker: created new log segment /home/runner/work/ratis/ratis/ratis-test/target/test/data/19d5fc4b/MiniRaftClusterWithGrpca68170a7/s2/cfb2a519-0c25-43f5-a2c1-d13a7ead264f/current/log_inprogress_0
2022-08-31 02:42:56,837 [s0@group-D13A7EAD264F-SegmentedRaftLogWorker] INFO  segmented.SegmentedRaftLogWorker (SegmentedRaftLogWorker.java:execute(656)) - s0@group-D13A7EAD264F-SegmentedRaftLogWorker: created new log segment /home/runner/work/ratis/ratis/ratis-test/target/test/data/19d5fc4b/MiniRaftClusterWithGrpca68170a7/s0/cfb2a519-0c25-43f5-a2c1-d13a7ead264f/current/log_inprogress_0
2022-08-31 02:42:57,284 [Time-limited test] INFO  ratis.RaftTestUtil (RaftTestUtil.java:waitForLeader(119)) - printing ALL groups
  s0:  RUNNING  FOLLOWER s0@group-D13A7EAD264F:t1, leader=s2, voted=s0, raftlog=Memoized:s0@group-D13A7EAD264F-SegmentedRaftLog:OPENED:c0, conf=0: peers:[s0|rpc:localhost:42809|admin:localhost:40381|client:localhost:38631|dataStream:localhost:36117|priority:0|startupRole:FOLLOWER, s1|rpc:localhost:42055|admin:localhost:40305|client:localhost:45909|dataStream:localhost:42215|priority:0|startupRole:FOLLOWER, s2|rpc:localhost:40641|admin:localhost:46817|client:localhost:34627|dataStream:localhost:36361|priority:0|startupRole:FOLLOWER]|listeners:[], old=null RUNNING
  s1:  RUNNING  FOLLOWER s1@group-D13A7EAD264F:t1, leader=s2, voted=s2, raftlog=Memoized:s1@group-D13A7EAD264F-SegmentedRaftLog:OPENED:c0, conf=0: peers:[s0|rpc:localhost:42809|admin:localhost:40381|client:localhost:38631|dataStream:localhost:36117|priority:0|startupRole:FOLLOWER, s1|rpc:localhost:42055|admin:localhost:40305|client:localhost:45909|dataStream:localhost:42215|priority:0|startupRole:FOLLOWER, s2|rpc:localhost:40641|admin:localhost:46817|client:localhost:34627|dataStream:localhost:36361|priority:0|startupRole:FOLLOWER]|listeners:[], old=null RUNNING
  s2:  RUNNING    LEADER s2@group-D13A7EAD264F:t1, leader=s2, voted=s2, raftlog=Memoized:s2@group-D13A7EAD264F-SegmentedRaftLog:OPENED:c0, conf=0: peers:[s0|rpc:localhost:42809|admin:localhost:40381|client:localhost:38631|dataStream:localhost:36117|priority:0|startupRole:FOLLOWER, s1|rpc:localhost:42055|admin:localhost:40305|client:localhost:45909|dataStream:localhost:42215|priority:0|startupRole:FOLLOWER, s2|rpc:localhost:40641|admin:localhost:46817|client:localhost:34627|dataStream:localhost:36361|priority:0|startupRole:FOLLOWER]|listeners:[], old=null RUNNING
2022-08-31 02:42:57,314 [Time-limited test] DEBUG client.GrpcClientProtocolClient (ConfUtils.java:logGet(46)) - raft.grpc.flow.control.window = 1MB (=1048576) (default)
2022-08-31 02:42:57,318 [Time-limited test] DEBUG client.GrpcClientProtocolClient (ConfUtils.java:logGet(46)) - raft.grpc.message.size.max = 64MB (=67108864) (default)
2022-08-31 02:42:57,380 [grpc-default-executor-10] TRACE client.GrpcClientProtocolClient (GrpcClientProtocolClient.java:onNext(321)) - client-2EBE7853408F->s0: receive RaftClientReply:client-2EBE7853408F->s0@group-D13A7EAD264F, cid=0, FAILED org.apache.ratis.protocol.exceptions.NotLeaderException: Server s0@group-D13A7EAD264F is not the leader s2|rpc:localhost:40641|admin:localhost:46817|client:localhost:34627|dataStream:localhost:36361|priority:0|startupRole:FOLLOWER, logIndex=0, commits[s0:c0, s1:c0, s2:c0]
2022-08-31 02:42:57,404 [timer6] DEBUG client.GrpcClientProtocolClient (ConfUtils.java:logGet(46)) - raft.grpc.flow.control.window = 1MB (=1048576) (default)
2022-08-31 02:42:57,404 [timer6] DEBUG client.GrpcClientProtocolClient (ConfUtils.java:logGet(46)) - raft.grpc.message.size.max = 64MB (=67108864) (default)
2022-08-31 02:42:57,428 [grpc-default-executor-9] TRACE client.GrpcClientProtocolClient (GrpcClientProtocolClient.java:onNext(321)) - client-2EBE7853408F->s2: receive RaftClientReply:client-2EBE7853408F->s2@group-D13A7EAD264F, cid=0, SUCCESS, logIndex=0, commits[s2:c0, s0:c0, s1:c0]
2022-08-31 02:42:57,463 [s2@group-D13A7EAD264F-StateMachineUpdater] INFO  statemachine.SimpleStateMachine4Testing (SimpleStateMachine4Testing.java:put(204)) - s2: put 1, testing -> (t:1, i:1), STATEMACHINELOGENTRY, 1@client-2EBE7853408F
2022-08-31 02:42:57,471 [s1@group-D13A7EAD264F-StateMachineUpdater] INFO  statemachine.SimpleStateMachine4Testing (SimpleStateMachine4Testing.java:put(204)) - s1: put 1, testing -> (t:1, i:1), STATEMACHINELOGENTRY, 1@client-2EBE7853408F
2022-08-31 02:42:57,473 [grpc-default-executor-9] TRACE client.GrpcClientProtocolClient (GrpcClientProtocolClient.java:onNext(321)) - client-2EBE7853408F->s2: receive RaftClientReply:client-2EBE7853408F->s2@group-D13A7EAD264F, cid=1, SUCCESS, logIndex=1, commits[s2:c1, s0:c0, s1:c0]
2022-08-31 02:42:57,473 [s0@group-D13A7EAD264F-StateMachineUpdater] INFO  statemachine.SimpleStateMachine4Testing (SimpleStateMachine4Testing.java:put(204)) - s0: put 1, testing -> (t:1, i:1), STATEMACHINELOGENTRY, 1@client-2EBE7853408F
2022-08-31 02:42:57,493 [Time-limited test] INFO  impl.MiniRaftCluster (MiniRaftCluster.java:shutdown(829)) - ************************************************************** 
2022-08-31 02:42:57,493 [Time-limited test] INFO  impl.MiniRaftCluster (MiniRaftCluster.java:shutdown(830)) - *** 
2022-08-31 02:42:57,493 [Time-limited test] INFO  impl.MiniRaftCluster (MiniRaftCluster.java:shutdown(831)) - ***     Stopping MiniRaftClusterWithGrpc
2022-08-31 02:42:57,493 [Time-limited test] INFO  impl.MiniRaftCluster (MiniRaftCluster.java:shutdown(832)) - *** 
2022-08-31 02:42:57,493 [Time-limited test] INFO  impl.MiniRaftCluster (MiniRaftCluster.java:shutdown(833)) - ************************************************************** 
2022-08-31 02:42:57,493 [Time-limited test] INFO  impl.MiniRaftCluster (MiniRaftCluster.java:shutdown(834)) - printing ALL groups
  s0:  RUNNING  FOLLOWER s0@group-D13A7EAD264F:t1, leader=s2, voted=s0, raftlog=Memoized:s0@group-D13A7EAD264F-SegmentedRaftLog:OPENED:c1, conf=0: peers:[s0|rpc:localhost:42809|admin:localhost:40381|client:localhost:38631|dataStream:localhost:36117|priority:0|startupRole:FOLLOWER, s1|rpc:localhost:42055|admin:localhost:40305|client:localhost:45909|dataStream:localhost:42215|priority:0|startupRole:FOLLOWER, s2|rpc:localhost:40641|admin:localhost:46817|client:localhost:34627|dataStream:localhost:36361|priority:0|startupRole:FOLLOWER]|listeners:[], old=null RUNNING
  s1:  RUNNING  FOLLOWER s1@group-D13A7EAD264F:t1, leader=s2, voted=s2, raftlog=Memoized:s1@group-D13A7EAD264F-SegmentedRaftLog:OPENED:c1, conf=0: peers:[s0|rpc:localhost:42809|admin:localhost:40381|client:localhost:38631|dataStream:localhost:36117|priority:0|startupRole:FOLLOWER, s1|rpc:localhost:42055|admin:localhost:40305|client:localhost:45909|dataStream:localhost:42215|priority:0|startupRole:FOLLOWER, s2|rpc:localhost:40641|admin:localhost:46817|client:localhost:34627|dataStream:localhost:36361|priority:0|startupRole:FOLLOWER]|listeners:[], old=null RUNNING
  s2:  RUNNING    LEADER s2@group-D13A7EAD264F:t1, leader=s2, voted=s2, raftlog=Memoized:s2@group-D13A7EAD264F-SegmentedRaftLog:OPENED:c2, conf=0: peers:[s0|rpc:localhost:42809|admin:localhost:40381|client:localhost:38631|dataStream:localhost:36117|priority:0|startupRole:FOLLOWER, s1|rpc:localhost:42055|admin:localhost:40305|client:localhost:45909|dataStream:localhost:42215|priority:0|startupRole:FOLLOWER, s2|rpc:localhost:40641|admin:localhost:46817|client:localhost:34627|dataStream:localhost:36361|priority:0|startupRole:FOLLOWER]|listeners:[], old=null RUNNING
2022-08-31 02:42:57,503 [java.util.concurrent.ThreadPoolExecutor$Worker@3200f4f7[State = -1, empty queue]] INFO  server.RaftServer (RaftServerProxy.java:lambda$close$7(404)) - s0: close
2022-08-31 02:42:57,503 [java.util.concurrent.ThreadPoolExecutor$Worker@6748e18b[State = -1, empty queue]] INFO  server.RaftServer (RaftServerProxy.java:lambda$close$7(404)) - s1: close
2022-08-31 02:42:57,510 [s1-impl-thread1] INFO  server.RaftServer$Division (RaftServerImpl.java:lambda$close$4(452)) - s1@group-D13A7EAD264F: shutdown
2022-08-31 02:42:57,510 [s0-impl-thread1] INFO  server.RaftServer$Division (RaftServerImpl.java:lambda$close$4(452)) - s0@group-D13A7EAD264F: shutdown
2022-08-31 02:42:57,510 [s1-impl-thread1] INFO  util.JmxRegister (JmxRegister.java:unregister(73)) - Successfully un-registered JMX Bean with object name Ratis:service=RaftServer,group=group-D13A7EAD264F,id=s1
2022-08-31 02:42:57,510 [s0-impl-thread1] INFO  util.JmxRegister (JmxRegister.java:unregister(73)) - Successfully un-registered JMX Bean with object name Ratis:service=RaftServer,group=group-D13A7EAD264F,id=s0
2022-08-31 02:42:57,511 [s0-impl-thread1] INFO  impl.RoleInfo (RoleInfo.java:shutdownFollowerState(110)) - s0: shutdown s0@group-D13A7EAD264F-FollowerState
2022-08-31 02:42:57,511 [s0-impl-thread1] INFO  impl.StateMachineUpdater (StateMachineUpdater.java:stopAndJoin(153)) - s0@group-D13A7EAD264F-StateMachineUpdater: set stopIndex = 1
2022-08-31 02:42:57,511 [s0@group-D13A7EAD264F-FollowerState] INFO  impl.FollowerState (FollowerState.java:run(152)) - s0@group-D13A7EAD264F-FollowerState was interrupted
2022-08-31 02:42:57,510 [java.util.concurrent.ThreadPoolExecutor$Worker@3200f4f7[State = -1, empty queue]] INFO  server.GrpcService (GrpcService.java:closeImpl(279)) - s0: shutdown server org.apache.ratis.grpc.server.GrpcClientProtocolService now
2022-08-31 02:42:57,511 [java.util.concurrent.ThreadPoolExecutor$Worker@6748e18b[State = -1, empty queue]] INFO  server.GrpcService (GrpcService.java:closeImpl(279)) - s1: shutdown server org.apache.ratis.grpc.server.GrpcClientProtocolService now
2022-08-31 02:42:57,510 [s1-impl-thread1] INFO  impl.RoleInfo (RoleInfo.java:shutdownFollowerState(110)) - s1: shutdown s1@group-D13A7EAD264F-FollowerState
2022-08-31 02:42:57,512 [s1@group-D13A7EAD264F-FollowerState] INFO  impl.FollowerState (FollowerState.java:run(152)) - s1@group-D13A7EAD264F-FollowerState was interrupted
2022-08-31 02:42:57,512 [s0-impl-thread1] INFO  server.RaftServer$Division (ServerState.java:close(412)) - s0@group-D13A7EAD264F: applyIndex: 1
2022-08-31 02:42:57,515 [s0@group-D13A7EAD264F-SegmentedRaftLogWorker] INFO  segmented.SegmentedRaftLogWorker (SegmentedRaftLogWorker.java:run(345)) - s0@group-D13A7EAD264F-SegmentedRaftLogWorker was interrupted, exiting. There are 0 tasks remaining in the queue.
2022-08-31 02:42:57,512 [s1-impl-thread1] INFO  impl.StateMachineUpdater (StateMachineUpdater.java:stopAndJoin(153)) - s1@group-D13A7EAD264F-StateMachineUpdater: set stopIndex = 1
2022-08-31 02:42:57,515 [s1-impl-thread1] INFO  server.RaftServer$Division (ServerState.java:close(412)) - s1@group-D13A7EAD264F: applyIndex: 1
2022-08-31 02:42:57,515 [s1@group-D13A7EAD264F-SegmentedRaftLogWorker] INFO  segmented.SegmentedRaftLogWorker (SegmentedRaftLogWorker.java:run(345)) - s1@group-D13A7EAD264F-SegmentedRaftLogWorker was interrupted, exiting. There are 0 tasks remaining in the queue.
2022-08-31 02:42:57,520 [java.util.concurrent.ThreadPoolExecutor$Worker@7295a67[State = -1, empty queue]] INFO  server.RaftServer (RaftServerProxy.java:lambda$close$7(404)) - s2: close
2022-08-31 02:42:57,522 [s1-impl-thread1] INFO  segmented.SegmentedRaftLogWorker (SegmentedRaftLogWorker.java:close(255)) - s1@group-D13A7EAD264F-SegmentedRaftLogWorker close()
2022-08-31 02:42:57,522 [ForkJoinPool.commonPool-worker-3] INFO  server.GrpcServerProtocolClient (GrpcServerProtocolClient.java:close(110)) - s0 Close channels
2022-08-31 02:42:57,523 [s2-impl-thread1] INFO  server.RaftServer$Division (RaftServerImpl.java:lambda$close$4(452)) - s2@group-D13A7EAD264F: shutdown
2022-08-31 02:42:57,523 [s2-impl-thread1] INFO  util.JmxRegister (JmxRegister.java:unregister(73)) - Successfully un-registered JMX Bean with object name Ratis:service=RaftServer,group=group-D13A7EAD264F,id=s2
2022-08-31 02:42:57,523 [s2-impl-thread1] INFO  impl.RoleInfo (RoleInfo.java:shutdownLeaderState(93)) - s2: shutdown s2@group-D13A7EAD264F-LeaderStateImpl
2022-08-31 02:42:57,523 [java.util.concurrent.ThreadPoolExecutor$Worker@3200f4f7[State = -1, empty queue]] INFO  server.GrpcServerProtocolClient (GrpcServerProtocolClient.java:close(110)) - s1 Close channels
2022-08-31 02:42:57,524 [s2-impl-thread1] INFO  impl.PendingRequests (PendingRequests.java:sendNotLeaderResponses(282)) - s2@group-D13A7EAD264F-PendingRequests: sendNotLeaderResponses
2022-08-31 02:42:57,524 [s2@group-D13A7EAD264F->s0-GrpcLogAppender-LogAppenderDaemon] WARN  server.GrpcLogAppender (GrpcLogAppender.java:mayWait(191)) - s2@group-D13A7EAD264F->s0-GrpcLogAppender: Wait interrupted by java.lang.InterruptedException
2022-08-31 02:42:57,526 [s0-impl-thread1] INFO  segmented.SegmentedRaftLogWorker (SegmentedRaftLogWorker.java:close(255)) - s0@group-D13A7EAD264F-SegmentedRaftLogWorker close()
2022-08-31 02:42:57,524 [s2@group-D13A7EAD264F->s1-GrpcLogAppender-LogAppenderDaemon] WARN  server.GrpcLogAppender (GrpcLogAppender.java:mayWait(191)) - s2@group-D13A7EAD264F->s1-GrpcLogAppender: Wait interrupted by java.lang.InterruptedException
2022-08-31 02:42:57,527 [java.util.concurrent.ThreadPoolExecutor$Worker@3200f4f7[State = -1, empty queue]] INFO  server.GrpcServerProtocolClient (GrpcServerProtocolClient.java:close(110)) - s2 Close channels
2022-08-31 02:42:57,529 [grpc-default-executor-9] INFO  server.GrpcServerProtocolService (GrpcServerProtocolService.java:onCompleted(145)) - s1: Completed APPEND_ENTRIES, lastRequest: s2->s1#19-t1,previous=(t:1, i:1),leaderCommit=1,initializing? true,entries: size=1, first=(t:1, i:2), METADATAENTRY(c:1)
2022-08-31 02:42:57,530 [ForkJoinPool.commonPool-worker-3] INFO  server.GrpcServerProtocolClient (GrpcServerProtocolClient.java:close(110)) - s2 Close channels
2022-08-31 02:42:57,531 [java.util.concurrent.ThreadPoolExecutor$Worker@3200f4f7[State = -1, empty queue]] INFO  server.GrpcService (GrpcService.java:closeImpl(288)) - s0: shutdown server org.apache.ratis.grpc.server.GrpcClientProtocolService successfully
2022-08-31 02:42:57,531 [java.util.concurrent.ThreadPoolExecutor$Worker@3200f4f7[State = -1, empty queue]] INFO  server.GrpcService (GrpcService.java:closeImpl(279)) - s0: shutdown server GrpcServerProtocolService now
2022-08-31 02:42:57,532 [s2-impl-thread1] INFO  impl.StateMachineUpdater (StateMachineUpdater.java:stopAndJoin(153)) - s2@group-D13A7EAD264F-StateMachineUpdater: set stopIndex = 2
2022-08-31 02:42:57,533 [s2-impl-thread1] INFO  server.RaftServer$Division (ServerState.java:close(412)) - s2@group-D13A7EAD264F: applyIndex: 2
2022-08-31 02:42:57,533 [s2@group-D13A7EAD264F-SegmentedRaftLogWorker] INFO  segmented.SegmentedRaftLogWorker (SegmentedRaftLogWorker.java:run(345)) - s2@group-D13A7EAD264F-SegmentedRaftLogWorker was interrupted, exiting. There are 0 tasks remaining in the queue.
2022-08-31 02:42:57,538 [java.util.concurrent.ThreadPoolExecutor$Worker@7295a67[State = -1, empty queue]] INFO  server.GrpcService (GrpcService.java:closeImpl(279)) - s2: shutdown server org.apache.ratis.grpc.server.GrpcClientProtocolService now
2022-08-31 02:42:57,534 [java.util.concurrent.ThreadPoolExecutor$Worker@6748e18b[State = -1, empty queue]] INFO  server.GrpcService (GrpcService.java:closeImpl(288)) - s1: shutdown server org.apache.ratis.grpc.server.GrpcClientProtocolService successfully
2022-08-31 02:42:57,534 [grpc-default-executor-9] INFO  server.GrpcServerProtocolService (GrpcServerProtocolService.java:onCompleted(145)) - s0: Completed APPEND_ENTRIES, lastRequest: s2->s0#19-t1,previous=(t:1, i:1),leaderCommit=1,initializing? true,entries: size=1, first=(t:1, i:2), METADATAENTRY(c:1)
2022-08-31 02:42:57,533 [grpc-default-executor-10] INFO  server.GrpcLogAppender (GrpcLogAppender.java:onCompleted(406)) - s2@group-D13A7EAD264F->s1-AppendLogResponseHandler: follower responses appendEntries COMPLETED
2022-08-31 02:42:57,540 [grpc-default-executor-10] INFO  leader.FollowerInfo (FollowerInfoImpl.java:lambda$new$0(48)) - s2@group-D13A7EAD264F->s1: nextIndex: updateUnconditionally 3 -> 2
2022-08-31 02:42:57,541 [grpc-default-executor-9] INFO  server.GrpcLogAppender (GrpcLogAppender.java:onCompleted(406)) - s2@group-D13A7EAD264F->s0-AppendLogResponseHandler: follower responses appendEntries COMPLETED
2022-08-31 02:42:57,541 [java.util.concurrent.ThreadPoolExecutor$Worker@6748e18b[State = -1, empty queue]] INFO  server.GrpcService (GrpcService.java:closeImpl(279)) - s1: shutdown server GrpcServerProtocolService now
2022-08-31 02:42:57,541 [grpc-default-executor-9] INFO  leader.FollowerInfo (FollowerInfoImpl.java:lambda$new$0(48)) - s2@group-D13A7EAD264F->s0: nextIndex: updateUnconditionally 3 -> 2
2022-08-31 02:42:57,548 [s2-impl-thread1] INFO  segmented.SegmentedRaftLogWorker (SegmentedRaftLogWorker.java:close(255)) - s2@group-D13A7EAD264F-SegmentedRaftLogWorker close()
2022-08-31 02:42:57,550 [java.util.concurrent.ThreadPoolExecutor$Worker@3200f4f7[State = -1, empty queue]] INFO  server.GrpcService (GrpcService.java:closeImpl(288)) - s0: shutdown server GrpcServerProtocolService successfully
2022-08-31 02:42:57,550 [java.util.concurrent.ThreadPoolExecutor$Worker@3200f4f7[State = -1, empty queue]] INFO  server.GrpcService (GrpcService.java:closeImpl(279)) - s0: shutdown server org.apache.ratis.grpc.server.GrpcAdminProtocolService now
2022-08-31 02:42:57,550 [java.util.concurrent.ThreadPoolExecutor$Worker@6748e18b[State = -1, empty queue]] INFO  server.GrpcService (GrpcService.java:closeImpl(288)) - s1: shutdown server GrpcServerProtocolService successfully
2022-08-31 02:42:57,550 [java.util.concurrent.ThreadPoolExecutor$Worker@6748e18b[State = -1, empty queue]] INFO  server.GrpcService (GrpcService.java:closeImpl(279)) - s1: shutdown server org.apache.ratis.grpc.server.GrpcAdminProtocolService now
2022-08-31 02:42:57,551 [java.util.concurrent.ThreadPoolExecutor$Worker@7295a67[State = -1, empty queue]] INFO  server.GrpcServerProtocolClient (GrpcServerProtocolClient.java:close(110)) - s0 Close channels
2022-08-31 02:42:57,552 [java.util.concurrent.ThreadPoolExecutor$Worker@3200f4f7[State = -1, empty queue]] INFO  server.GrpcService (GrpcService.java:closeImpl(288)) - s0: shutdown server org.apache.ratis.grpc.server.GrpcAdminProtocolService successfully
2022-08-31 02:42:57,552 [java.util.concurrent.ThreadPoolExecutor$Worker@6748e18b[State = -1, empty queue]] INFO  server.GrpcService (GrpcService.java:closeImpl(288)) - s1: shutdown server org.apache.ratis.grpc.server.GrpcAdminProtocolService successfully
2022-08-31 02:42:57,553 [org.apache.ratis.util.JvmPauseMonitor$$Lambda$347/0x00000001002d7440@3935821f] INFO  util.JvmPauseMonitor (JvmPauseMonitor.java:run(109)) - JvmPauseMonitor-s0: Stopped
2022-08-31 02:42:57,553 [java.util.concurrent.ThreadPoolExecutor$Worker@7295a67[State = -1, empty queue]] INFO  server.GrpcServerProtocolClient (GrpcServerProtocolClient.java:close(110)) - s1 Close channels
2022-08-31 02:42:57,553 [org.apache.ratis.util.JvmPauseMonitor$$Lambda$347/0x00000001002d7440@6029a729] INFO  util.JvmPauseMonitor (JvmPauseMonitor.java:run(109)) - JvmPauseMonitor-s1: Stopped
2022-08-31 02:42:57,554 [java.util.concurrent.ThreadPoolExecutor$Worker@7295a67[State = -1, empty queue]] INFO  server.GrpcService (GrpcService.java:closeImpl(288)) - s2: shutdown server org.apache.ratis.grpc.server.GrpcClientProtocolService successfully
2022-08-31 02:42:57,554 [java.util.concurrent.ThreadPoolExecutor$Worker@7295a67[State = -1, empty queue]] INFO  server.GrpcService (GrpcService.java:closeImpl(279)) - s2: shutdown server GrpcServerProtocolService now
2022-08-31 02:42:57,555 [java.util.concurrent.ThreadPoolExecutor$Worker@7295a67[State = -1, empty queue]] INFO  server.GrpcService (GrpcService.java:closeImpl(288)) - s2: shutdown server GrpcServerProtocolService successfully
2022-08-31 02:42:57,555 [java.util.concurrent.ThreadPoolExecutor$Worker@7295a67[State = -1, empty queue]] INFO  server.GrpcService (GrpcService.java:closeImpl(279)) - s2: shutdown server org.apache.ratis.grpc.server.GrpcAdminProtocolService now
2022-08-31 02:42:57,558 [java.util.concurrent.ThreadPoolExecutor$Worker@7295a67[State = -1, empty queue]] INFO  server.GrpcService (GrpcService.java:closeImpl(288)) - s2: shutdown server org.apache.ratis.grpc.server.GrpcAdminProtocolService successfully
2022-08-31 02:42:57,559 [org.apache.ratis.util.JvmPauseMonitor$$Lambda$347/0x00000001002d7440@7599e449] INFO  util.JvmPauseMonitor (JvmPauseMonitor.java:run(109)) - JvmPauseMonitor-s2: Stopped
2022-08-31 02:42:57,559 [Time-limited test] INFO  impl.MiniRaftCluster (MiniRaftCluster.java:shutdown(852)) - MiniRaftClusterWithGrpc shutdown completed
]]></system-out>
    <system-err><![CDATA[SLF4J: Class path contains multiple SLF4J bindings.
SLF4J: Found binding in [jar:file:/home/runner/.m2/repository/org/slf4j/slf4j-log4j12/1.7.29/slf4j-log4j12-1.7.29.jar!/org/slf4j/impl/StaticLoggerBinder.class]
SLF4J: Found binding in [jar:file:/home/runner/.m2/repository/org/slf4j/slf4j-simple/1.7.29/slf4j-simple-1.7.29.jar!/org/slf4j/impl/StaticLoggerBinder.class]
SLF4J: See http://www.slf4j.org/codes.html#multiple_bindings for an explanation.
SLF4J: Actual binding is of type [org.slf4j.impl.Log4jLoggerFactory]
]]></system-err>
  </testcase>
  <testcase name="testRaftServerMetrics[0]" classname="org.apache.ratis.grpc.TestRaftServerWithGrpc" time="1.31"/>
  <testcase name="testUnsupportedMethods[0]" classname="org.apache.ratis.grpc.TestRaftServerWithGrpc" time="0.489"/>
  <testcase name="testServerRestartOnException[0]" classname="org.apache.ratis.grpc.TestRaftServerWithGrpc" time="4.535"/>
  <testcase name="testLeaderRestart[0]" classname="org.apache.ratis.grpc.TestRaftServerWithGrpc" time="5.319"/>
  <testcase name="testRaftClientMetrics[1]" classname="org.apache.ratis.grpc.TestRaftServerWithGrpc" time="4.73"/>
  <testcase name="testRaftServerMetrics[1]" classname="org.apache.ratis.grpc.TestRaftServerWithGrpc" time="1.119"/>
  <testcase name="testUnsupportedMethods[1]" classname="org.apache.ratis.grpc.TestRaftServerWithGrpc" time="0.489"/>
  <testcase name="testServerRestartOnException[1]" classname="org.apache.ratis.grpc.TestRaftServerWithGrpc" time="4.502"/>
  <testcase name="testLeaderRestart[1]" classname="org.apache.ratis.grpc.TestRaftServerWithGrpc" time="5.424"/>
</testsuite>