<?xml version="1.0" encoding="UTF-8"?>
<testsuite xmlns:xsi="http://www.w3.org/2001/XMLSchema-instance" xsi:noNamespaceSchemaLocation="https://maven.apache.org/surefire/maven-surefire-plugin/xsd/surefire-test-report.xsd" name="org.apache.ratis.datastream.TestNettyDataStreamStarTopologyWithGrpcCluster" time="385.102" tests="4" errors="1" skipped="0" failures="0">
  <properties>
    <property name="awt.toolkit" value="sun.awt.X11.XToolkit"/>
    <property name="file.encoding.pkg" value="sun.io"/>
    <property name="java.specification.version" value="1.8"/>
    <property name="sun.cpu.isalist" value=""/>
    <property name="sun.jnu.encoding" value="UTF-8"/>
    <property name="java.class.path" value="/home/runner/work/ratis/ratis/ratis-test/target/test-classes:/home/runner/work/ratis/ratis/ratis-test/target/classes:/home/runner/work/ratis/ratis/ratis-common/target/classes:/home/runner/.m2/repository/org/apache/ratis/ratis-thirdparty-misc/1.0.1/ratis-thirdparty-misc-1.0.1.jar:/home/runner/work/ratis/ratis/ratis-proto/target/ratis-proto-3.0.0-SNAPSHOT.jar:/home/runner/work/ratis/ratis/ratis-common/target/test-classes:/home/runner/work/ratis/ratis/ratis-client/target/classes:/home/runner/work/ratis/ratis/ratis-server/target/classes:/home/runner/work/ratis/ratis/ratis-server-api/target/classes:/home/runner/work/ratis/ratis/ratis-metrics/target/classes:/home/runner/work/ratis/ratis/ratis-server/target/test-classes:/home/runner/work/ratis/ratis/ratis-netty/target/classes:/home/runner/work/ratis/ratis/ratis-netty/target/test-classes:/home/runner/work/ratis/ratis/ratis-grpc/target/classes:/home/runner/work/ratis/ratis/ratis-grpc/target/test-classes:/home/runner/.m2/repository/org/slf4j/slf4j-api/1.7.29/slf4j-api-1.7.29.jar:/home/runner/.m2/repository/org/slf4j/slf4j-log4j12/1.7.29/slf4j-log4j12-1.7.29.jar:/home/runner/.m2/repository/log4j/log4j/1.2.17/log4j-1.2.17.jar:/home/runner/.m2/repository/junit/junit/4.13.2/junit-4.13.2.jar:/home/runner/.m2/repository/org/hamcrest/hamcrest-core/1.3/hamcrest-core-1.3.jar:/home/runner/.m2/repository/org/mockito/mockito-core/4.3.1/mockito-core-4.3.1.jar:/home/runner/.m2/repository/net/bytebuddy/byte-buddy/1.12.7/byte-buddy-1.12.7.jar:/home/runner/.m2/repository/net/bytebuddy/byte-buddy-agent/1.12.7/byte-buddy-agent-1.12.7.jar:/home/runner/.m2/repository/org/objenesis/objenesis/3.2/objenesis-3.2.jar:/home/runner/work/ratis/ratis/ratis-shell/target/classes:/home/runner/.m2/repository/commons-cli/commons-cli/1.5.0/commons-cli-1.5.0.jar:/home/runner/.m2/repository/org/reflections/reflections/0.10.2/reflections-0.10.2.jar:/home/runner/.m2/repository/org/javassist/javassist/3.28.0-GA/javassist-3.28.0-GA.jar:/home/runner/.m2/repository/com/google/code/findbugs/jsr305/3.0.2/jsr305-3.0.2.jar:"/>
    <property name="java.vm.vendor" value="Temurin"/>
    <property name="sun.arch.data.model" value="64"/>
    <property name="java.vendor.url" value="https://adoptium.net/"/>
    <property name="user.timezone" value=""/>
    <property name="java.vm.specification.version" value="1.8"/>
    <property name="os.name" value="Linux"/>
    <property name="sun.java.launcher" value="SUN_STANDARD"/>
    <property name="sun.boot.library.path" value="/usr/lib/jvm/temurin-8-jdk-amd64/jre/lib/amd64"/>
    <property name="sun.java.command" value="/home/runner/work/ratis/ratis/ratis-test/target/surefire/surefirebooter8390510058364154059.jar /home/runner/work/ratis/ratis/ratis-test/target/surefire 2022-07-15T00-47-22_003-jvmRun1 surefire8829991561462624017tmp surefire_35922426707412749425tmp"/>
    <property name="surefire.test.class.path" value="/home/runner/work/ratis/ratis/ratis-test/target/test-classes:/home/runner/work/ratis/ratis/ratis-test/target/classes:/home/runner/work/ratis/ratis/ratis-common/target/classes:/home/runner/.m2/repository/org/apache/ratis/ratis-thirdparty-misc/1.0.1/ratis-thirdparty-misc-1.0.1.jar:/home/runner/work/ratis/ratis/ratis-proto/target/ratis-proto-3.0.0-SNAPSHOT.jar:/home/runner/work/ratis/ratis/ratis-common/target/test-classes:/home/runner/work/ratis/ratis/ratis-client/target/classes:/home/runner/work/ratis/ratis/ratis-server/target/classes:/home/runner/work/ratis/ratis/ratis-server-api/target/classes:/home/runner/work/ratis/ratis/ratis-metrics/target/classes:/home/runner/work/ratis/ratis/ratis-server/target/test-classes:/home/runner/work/ratis/ratis/ratis-netty/target/classes:/home/runner/work/ratis/ratis/ratis-netty/target/test-classes:/home/runner/work/ratis/ratis/ratis-grpc/target/classes:/home/runner/work/ratis/ratis/ratis-grpc/target/test-classes:/home/runner/.m2/repository/org/slf4j/slf4j-api/1.7.29/slf4j-api-1.7.29.jar:/home/runner/.m2/repository/org/slf4j/slf4j-log4j12/1.7.29/slf4j-log4j12-1.7.29.jar:/home/runner/.m2/repository/log4j/log4j/1.2.17/log4j-1.2.17.jar:/home/runner/.m2/repository/junit/junit/4.13.2/junit-4.13.2.jar:/home/runner/.m2/repository/org/hamcrest/hamcrest-core/1.3/hamcrest-core-1.3.jar:/home/runner/.m2/repository/org/mockito/mockito-core/4.3.1/mockito-core-4.3.1.jar:/home/runner/.m2/repository/net/bytebuddy/byte-buddy/1.12.7/byte-buddy-1.12.7.jar:/home/runner/.m2/repository/net/bytebuddy/byte-buddy-agent/1.12.7/byte-buddy-agent-1.12.7.jar:/home/runner/.m2/repository/org/objenesis/objenesis/3.2/objenesis-3.2.jar:/home/runner/work/ratis/ratis/ratis-shell/target/classes:/home/runner/.m2/repository/commons-cli/commons-cli/1.5.0/commons-cli-1.5.0.jar:/home/runner/.m2/repository/org/reflections/reflections/0.10.2/reflections-0.10.2.jar:/home/runner/.m2/repository/org/javassist/javassist/3.28.0-GA/javassist-3.28.0-GA.jar:/home/runner/.m2/repository/com/google/code/findbugs/jsr305/3.0.2/jsr305-3.0.2.jar:"/>
    <property name="sun.cpu.endian" value="little"/>
    <property name="user.home" value="/home/runner"/>
    <property name="user.language" value="en"/>
    <property name="java.specification.vendor" value="Oracle Corporation"/>
    <property name="java.home" value="/usr/lib/jvm/temurin-8-jdk-amd64/jre"/>
    <property name="basedir" value="/home/runner/work/ratis/ratis/ratis-test"/>
    <property name="file.separator" value="/"/>
    <property name="line.separator" value="&#10;"/>
    <property name="java.vm.specification.vendor" value="Oracle Corporation"/>
    <property name="java.specification.name" value="Java Platform API Specification"/>
    <property name="java.awt.graphicsenv" value="sun.awt.X11GraphicsEnvironment"/>
    <property name="surefire.real.class.path" value="/home/runner/work/ratis/ratis/ratis-test/target/surefire/surefirebooter8390510058364154059.jar"/>
    <property name="sun.boot.class.path" value="/usr/lib/jvm/temurin-8-jdk-amd64/jre/lib/resources.jar:/usr/lib/jvm/temurin-8-jdk-amd64/jre/lib/rt.jar:/usr/lib/jvm/temurin-8-jdk-amd64/jre/lib/sunrsasign.jar:/usr/lib/jvm/temurin-8-jdk-amd64/jre/lib/jsse.jar:/usr/lib/jvm/temurin-8-jdk-amd64/jre/lib/jce.jar:/usr/lib/jvm/temurin-8-jdk-amd64/jre/lib/charsets.jar:/usr/lib/jvm/temurin-8-jdk-amd64/jre/lib/jfr.jar:/usr/lib/jvm/temurin-8-jdk-amd64/jre/classes"/>
    <property name="sun.management.compiler" value="HotSpot 64-Bit Tiered Compilers"/>
    <property name="java.runtime.version" value="1.8.0_332-b09"/>
    <property name="java.net.preferIPv4Stack" value="true"/>
    <property name="user.name" value="runner"/>
    <property name="path.separator" value=":"/>
    <property name="os.version" value="5.4.0-1085-azure"/>
    <property name="java.endorsed.dirs" value="/usr/lib/jvm/temurin-8-jdk-amd64/jre/lib/endorsed"/>
    <property name="java.runtime.name" value="OpenJDK Runtime Environment"/>
    <property name="file.encoding" value="UTF-8"/>
    <property name="java.vm.name" value="OpenJDK 64-Bit Server VM"/>
    <property name="localRepository" value="/home/runner/.m2/repository"/>
    <property name="java.vendor.url.bug" value="https://github.com/adoptium/adoptium-support/issues"/>
    <property name="java.io.tmpdir" value="/tmp"/>
    <property name="java.version" value="1.8.0_332"/>
    <property name="user.dir" value="/home/runner/work/ratis/ratis/ratis-test"/>
    <property name="os.arch" value="amd64"/>
    <property name="ratis.tmp.dir" value="/home/runner/work/ratis/ratis/ratis-test/target/tmp"/>
    <property name="java.vm.specification.name" value="Java Virtual Machine Specification"/>
    <property name="java.awt.printerjob" value="sun.print.PSPrinterJob"/>
    <property name="ratis.log.dir" value="/home/runner/work/ratis/ratis/ratis-test/target/log"/>
    <property name="sun.os.patch.level" value="unknown"/>
    <property name="java.library.path" value="/usr/java/packages/lib/amd64:/usr/lib64:/lib64:/lib:/usr/lib"/>
    <property name="java.vm.info" value="mixed mode"/>
    <property name="java.vendor" value="Temurin"/>
    <property name="java.vm.version" value="25.332-b09"/>
    <property name="java.ext.dirs" value="/usr/lib/jvm/temurin-8-jdk-amd64/jre/lib/ext:/usr/java/packages/lib/ext"/>
    <property name="sun.io.unicode.encoding" value="UnicodeLittle"/>
    <property name="java.class.version" value="52.0"/>
  </properties>
  <testcase name="testMultipleStreamsSingleServer" classname="org.apache.ratis.datastream.TestNettyDataStreamStarTopologyWithGrpcCluster" time="19.281"/>
  <testcase name="testMultipleStreamsMultipleServers" classname="org.apache.ratis.datastream.TestNettyDataStreamStarTopologyWithGrpcCluster" time="62.609"/>
  <testcase name="testMultipleStreamsMultipleServersStepDownLeader" classname="org.apache.ratis.datastream.TestNettyDataStreamStarTopologyWithGrpcCluster" time="300.015">
    <error message="test timed out after 300 seconds" type="org.junit.runners.model.TestTimedOutException">org.junit.runners.model.TestTimedOutException: test timed out after 300 seconds
	at sun.misc.Unsafe.park(Native Method)
	at java.util.concurrent.locks.LockSupport.park(LockSupport.java:175)
	at java.util.concurrent.CompletableFuture$Signaller.block(CompletableFuture.java:1707)
	at java.util.concurrent.ForkJoinPool.managedBlock(ForkJoinPool.java:3323)
	at java.util.concurrent.CompletableFuture.waitingGet(CompletableFuture.java:1742)
	at java.util.concurrent.CompletableFuture.join(CompletableFuture.java:1947)
	at org.apache.ratis.datastream.DataStreamAsyncClusterTests$$Lambda$400/199838953.apply(Unknown Source)
	at java.util.stream.ReferencePipeline$3$1.accept(ReferencePipeline.java:193)
	at java.util.ArrayList$ArrayListSpliterator.forEachRemaining(ArrayList.java:1384)
	at java.util.stream.AbstractPipeline.copyInto(AbstractPipeline.java:482)
	at java.util.stream.AbstractPipeline.wrapAndCopyInto(AbstractPipeline.java:472)
	at java.util.stream.ReduceOps$ReduceOp.evaluateSequential(ReduceOps.java:708)
	at java.util.stream.AbstractPipeline.evaluate(AbstractPipeline.java:234)
	at java.util.stream.ReferencePipeline.reduce(ReferencePipeline.java:546)
	at java.util.stream.ReferencePipeline.max(ReferencePipeline.java:582)
	at org.apache.ratis.datastream.DataStreamAsyncClusterTests.runTestDataStream(DataStreamAsyncClusterTests.java:97)
	at org.apache.ratis.datastream.DataStreamAsyncClusterTests.runTestDataStreamStepDownLeader(DataStreamAsyncClusterTests.java:82)
	at org.apache.ratis.datastream.DataStreamAsyncClusterTests$$Lambda$828/518368732.accept(Unknown Source)
	at org.apache.ratis.server.impl.MiniRaftCluster$Factory$Get.runWithNewCluster(MiniRaftCluster.java:125)
	at org.apache.ratis.server.impl.MiniRaftCluster$Factory$Get.runWithNewCluster(MiniRaftCluster.java:113)
	at org.apache.ratis.datastream.DataStreamAsyncClusterTests.testMultipleStreamsMultipleServersStepDownLeader(DataStreamAsyncClusterTests.java:78)
	at sun.reflect.NativeMethodAccessorImpl.invoke0(Native Method)
	at sun.reflect.NativeMethodAccessorImpl.invoke(NativeMethodAccessorImpl.java:62)
	at sun.reflect.DelegatingMethodAccessorImpl.invoke(DelegatingMethodAccessorImpl.java:43)
	at java.lang.reflect.Method.invoke(Method.java:498)
	at org.junit.runners.model.FrameworkMethod$1.runReflectiveCall(FrameworkMethod.java:59)
	at org.junit.internal.runners.model.ReflectiveCallable.run(ReflectiveCallable.java:12)
	at org.junit.runners.model.FrameworkMethod.invokeExplosively(FrameworkMethod.java:56)
	at org.junit.internal.runners.statements.InvokeMethod.evaluate(InvokeMethod.java:17)
	at org.junit.internal.runners.statements.RunAfters.evaluate(RunAfters.java:27)
	at org.junit.internal.runners.statements.FailOnTimeout$CallableStatement.call(FailOnTimeout.java:299)
	at org.junit.internal.runners.statements.FailOnTimeout$CallableStatement.call(FailOnTimeout.java:293)
	at java.util.concurrent.FutureTask.run(FutureTask.java:266)
	at java.lang.Thread.run(Thread.java:750)
</error>
    <system-out><![CDATA[2022-07-15 00:55:29,569 [main] INFO  util.LogUtils (Log4jUtils.java:setLogLevel(32)) - Set org.apache.ratis.conf.ConfUtils log level to WARN
2022-07-15 00:55:29,569 [main] INFO  util.LogUtils (Log4jUtils.java:setLogLevel(32)) - Set org.apache.ratis.util.FileUtils log level to TRACE
2022-07-15 00:55:29,575 [Time-limited test] INFO  impl.MiniRaftCluster (MiniRaftCluster.java:runWithNewCluster(119)) - Running runWithNewCluster
2022-07-15 00:55:29,575 [Time-limited test] INFO  impl.MiniRaftCluster (MiniRaftCluster.java:<init>(272)) - new MiniRaftClusterWithRpcTypeGrpcAndDataStreamTypeNetty with group-D993EBE7FE70:[s0|rpc:localhost:45051|admin:localhost:42977|client:localhost:45097|dataStream:localhost:39217|priority:0|startupRole:FOLLOWER, s1|rpc:localhost:44071|admin:localhost:40507|client:localhost:38061|dataStream:localhost:38397|priority:0|startupRole:FOLLOWER, s2|rpc:localhost:38005|admin:localhost:46397|client:localhost:45965|dataStream:localhost:35133|priority:0|startupRole:FOLLOWER]
2022-07-15 00:55:29,575 [Time-limited test] INFO  impl.MiniRaftCluster (MiniRaftCluster.java:start(304)) - .............................................................. 
2022-07-15 00:55:29,575 [Time-limited test] INFO  impl.MiniRaftCluster (MiniRaftCluster.java:start(305)) - ... 
2022-07-15 00:55:29,575 [Time-limited test] INFO  impl.MiniRaftCluster (MiniRaftCluster.java:start(306)) - ...     Starting MiniRaftClusterWithRpcTypeGrpcAndDataStreamTypeNetty
2022-07-15 00:55:29,575 [Time-limited test] INFO  impl.MiniRaftCluster (MiniRaftCluster.java:start(307)) - ... 
2022-07-15 00:55:29,575 [Time-limited test] INFO  impl.MiniRaftCluster (MiniRaftCluster.java:start(308)) - .............................................................. 
2022-07-15 00:55:29,576 [Time-limited test] INFO  impl.MiniRaftCluster (MiniRaftCluster.java:initServers(284)) - servers = {}
2022-07-15 00:55:29,576 [Time-limited test] INFO  impl.MiniRaftCluster (MiniRaftCluster.java:newRaftServer(348)) - newRaftServer: s0, group-D993EBE7FE70:[s0|rpc:localhost:45051|admin:localhost:42977|client:localhost:45097|dataStream:localhost:39217|priority:0|startupRole:FOLLOWER, s1|rpc:localhost:44071|admin:localhost:40507|client:localhost:38061|dataStream:localhost:38397|priority:0|startupRole:FOLLOWER, s2|rpc:localhost:38005|admin:localhost:46397|client:localhost:45965|dataStream:localhost:35133|priority:0|startupRole:FOLLOWER], format? true
2022-07-15 00:55:29,576 [Time-limited test] TRACE util.FileUtils (FileUtils.java:deleteFully(162)) - deleteFully target/test/data/d1c7e1dc/MiniRaftClusterWithRpcTypeGrpcAndDataStreamTypeNetty1ab3ec7b/s0
2022-07-15 00:55:29,576 [Time-limited test] TRACE util.FileUtils (FileUtils.java:deleteFully(178)) - deleteFully: target/test/data/d1c7e1dc/MiniRaftClusterWithRpcTypeGrpcAndDataStreamTypeNetty1ab3ec7b/s0 does not exist.
2022-07-15 00:55:29,576 [Time-limited test] INFO  impl.MiniRaftCluster (MiniRaftCluster.java:newRaftServer(353)) - Formatted directory target/test/data/d1c7e1dc/MiniRaftClusterWithRpcTypeGrpcAndDataStreamTypeNetty1ab3ec7b/s0
2022-07-15 00:55:29,576 [Time-limited test] INFO  server.RaftServer (ConfUtils.java:logGet(46)) - raft.rpc.type = GRPC (default)
2022-07-15 00:55:29,576 [Time-limited test] INFO  grpc.GrpcConfigKeys (ConfUtils.java:logGet(46)) - raft.grpc.admin.port = 42977 (custom)
2022-07-15 00:55:29,576 [Time-limited test] INFO  grpc.GrpcConfigKeys (ConfUtils.java:logGet(46)) - raft.grpc.client.port = 45097 (custom)
2022-07-15 00:55:29,577 [Time-limited test] INFO  grpc.GrpcConfigKeys (ConfUtils.java:logGet(46)) - raft.grpc.server.port = 45051 (custom)
2022-07-15 00:55:29,577 [Time-limited test] INFO  server.GrpcService (ConfUtils.java:logGet(46)) - raft.grpc.message.size.max = 64MB (=67108864) (default)
2022-07-15 00:55:29,577 [Time-limited test] INFO  server.RaftServerConfigKeys (ConfUtils.java:logGet(46)) - raft.server.log.appender.buffer.byte-limit = 4MB (=4194304) (default)
2022-07-15 00:55:29,577 [Time-limited test] INFO  server.GrpcService (ConfUtils.java:logGet(46)) - raft.grpc.flow.control.window = 1MB (=1048576) (default)
2022-07-15 00:55:29,577 [Time-limited test] INFO  server.RaftServerConfigKeys (ConfUtils.java:logGet(46)) - raft.server.rpc.request.timeout = 3000ms (default)
2022-07-15 00:55:29,577 [Time-limited test] INFO  grpc.GrpcConfigKeys (ConfUtils.java:logGet(46)) - raft.grpc.server.async.request.thread.pool.cached = true (default)
2022-07-15 00:55:29,577 [Time-limited test] INFO  grpc.GrpcConfigKeys (ConfUtils.java:logGet(46)) - raft.grpc.server.async.request.thread.pool.size = 32 (default)
2022-07-15 00:55:29,578 [Time-limited test] INFO  impl.DataStreamServerImpl (ConfUtils.java:logGet(46)) - raft.datastream.type = NETTY (custom)
2022-07-15 00:55:29,578 [Time-limited test] INFO  netty.NettyConfigKeys$DataStream (ConfUtils.java:logGet(46)) - raft.netty.dataStream.server.tls.conf = null (default)
2022-07-15 00:55:29,578 [Time-limited test] INFO  server.RaftServerConfigKeys (ConfUtils.java:logGet(46)) - raft.server.data-stream.async.request.thread.pool.cached = false (default)
2022-07-15 00:55:29,578 [Time-limited test] INFO  server.RaftServerConfigKeys (ConfUtils.java:logGet(46)) - raft.server.data-stream.async.request.thread.pool.size = 32 (default)
2022-07-15 00:55:29,579 [Time-limited test] INFO  server.RaftServerConfigKeys (ConfUtils.java:logGet(46)) - raft.server.data-stream.async.write.thread.pool.size = 16 (default)
2022-07-15 00:55:29,579 [Time-limited test] INFO  server.RaftServerConfigKeys (ConfUtils.java:logGet(46)) - raft.server.data-stream.client.pool.size = 10 (default)
2022-07-15 00:55:29,579 [Time-limited test] INFO  netty.NettyConfigKeys$DataStream (ConfUtils.java:logGet(46)) - raft.netty.dataStream.server.use-epoll = false (default)
2022-07-15 00:55:29,579 [Time-limited test] INFO  netty.NettyConfigKeys$DataStream (ConfUtils.java:logGet(46)) - raft.netty.dataStream.server.boss-group.size = 0 (default)
2022-07-15 00:55:29,579 [Time-limited test] INFO  netty.NettyConfigKeys$DataStream (ConfUtils.java:logGet(46)) - raft.netty.dataStream.server.worker-group.size = 0 (default)
2022-07-15 00:55:29,579 [Time-limited test] INFO  netty.NettyConfigKeys$DataStream (ConfUtils.java:logGet(46)) - raft.netty.dataStream.host = null (default)
2022-07-15 00:55:29,579 [Time-limited test] INFO  netty.NettyConfigKeys$DataStream (ConfUtils.java:logGet(46)) - raft.netty.dataStream.port = 39217 (custom)
2022-07-15 00:55:29,580 [NettyClientStreamRpc-workerGroup--thread3] WARN  client.NettyClientStreamRpc (NettyClientStreamRpc.java:scheduleReconnect(198)) - Connection-localhost/127.0.0.1:38267: org.apache.ratis.netty.client.NettyClientStreamRpc$Connection$1@11fe2e53 failed; schedule reconnecting to localhost/127.0.0.1:38267 in 100ms
2022-07-15 00:55:29,581 [NettyClientStreamRpc-workerGroup--thread3] WARN  client.NettyClientStreamRpc (NettyClientStreamRpc.java:scheduleReconnect(200)) - 
java.lang.IllegalStateException: executor not accepting a task
	at org.apache.ratis.thirdparty.io.netty.resolver.AddressResolverGroup.getResolver(AddressResolverGroup.java:61)
	at org.apache.ratis.thirdparty.io.netty.bootstrap.Bootstrap.doResolveAndConnect0(Bootstrap.java:194)
	at org.apache.ratis.thirdparty.io.netty.bootstrap.Bootstrap.access$000(Bootstrap.java:46)
	at org.apache.ratis.thirdparty.io.netty.bootstrap.Bootstrap$1.operationComplete(Bootstrap.java:180)
	at org.apache.ratis.thirdparty.io.netty.bootstrap.Bootstrap$1.operationComplete(Bootstrap.java:166)
	at org.apache.ratis.thirdparty.io.netty.util.concurrent.DefaultPromise.notifyListener0(DefaultPromise.java:578)
	at org.apache.ratis.thirdparty.io.netty.util.concurrent.DefaultPromise.notifyListenersNow(DefaultPromise.java:552)
	at org.apache.ratis.thirdparty.io.netty.util.concurrent.DefaultPromise.notifyListeners(DefaultPromise.java:491)
	at org.apache.ratis.thirdparty.io.netty.util.concurrent.DefaultPromise.setValue0(DefaultPromise.java:616)
	at org.apache.ratis.thirdparty.io.netty.util.concurrent.DefaultPromise.setSuccess0(DefaultPromise.java:605)
	at org.apache.ratis.thirdparty.io.netty.util.concurrent.DefaultPromise.trySuccess(DefaultPromise.java:104)
	at org.apache.ratis.thirdparty.io.netty.channel.DefaultChannelPromise.trySuccess(DefaultChannelPromise.java:84)
	at org.apache.ratis.thirdparty.io.netty.channel.AbstractChannel$AbstractUnsafe.safeSetSuccess(AbstractChannel.java:990)
	at org.apache.ratis.thirdparty.io.netty.channel.AbstractChannel$AbstractUnsafe.register0(AbstractChannel.java:516)
	at org.apache.ratis.thirdparty.io.netty.channel.AbstractChannel$AbstractUnsafe.access$200(AbstractChannel.java:429)
	at org.apache.ratis.thirdparty.io.netty.channel.AbstractChannel$AbstractUnsafe$1.run(AbstractChannel.java:486)
	at org.apache.ratis.thirdparty.io.netty.util.concurrent.AbstractEventExecutor.runTask(AbstractEventExecutor.java:174)
	at org.apache.ratis.thirdparty.io.netty.util.concurrent.AbstractEventExecutor.safeExecute(AbstractEventExecutor.java:167)
	at org.apache.ratis.thirdparty.io.netty.util.concurrent.SingleThreadEventExecutor.runAllTasks(SingleThreadEventExecutor.java:470)
	at org.apache.ratis.thirdparty.io.netty.channel.nio.NioEventLoop.run(NioEventLoop.java:503)
	at org.apache.ratis.thirdparty.io.netty.util.concurrent.SingleThreadEventExecutor$4.run(SingleThreadEventExecutor.java:995)
	at org.apache.ratis.thirdparty.io.netty.util.internal.ThreadExecutorMap$2.run(ThreadExecutorMap.java:74)
	at java.lang.Thread.run(Thread.java:750)
2022-07-15 00:55:29,580 [s0-NettyServerStreamRpc-bossGroup--thread1] INFO  logging.LoggingHandler (AbstractInternalLogger.java:log(148)) - [id: 0x8744090d] REGISTERED
2022-07-15 00:55:29,582 [s0-NettyServerStreamRpc-bossGroup--thread1] INFO  logging.LoggingHandler (AbstractInternalLogger.java:log(148)) - [id: 0x8744090d] BIND: 0.0.0.0/0.0.0.0:39217
2022-07-15 00:55:29,580 [Time-limited test] INFO  server.RaftServerConfigKeys (ConfUtils.java:logGet(46)) - raft.server.threadpool.proxy.cached = true (default)
2022-07-15 00:55:29,582 [Time-limited test] INFO  server.RaftServerConfigKeys (ConfUtils.java:logGet(46)) - raft.server.threadpool.proxy.size = 0 (default)
2022-07-15 00:55:29,582 [Time-limited test] INFO  server.RaftServerConfigKeys (ConfUtils.java:logGet(46)) - raft.server.rpc.slowness.timeout = 60s (default)
2022-07-15 00:55:29,582 [Time-limited test] INFO  server.RaftServerConfigKeys (ConfUtils.java:logGet(46)) - raft.server.leaderelection.leader.step-down.wait-time = 10s (default)
2022-07-15 00:55:29,582 [Time-limited test] INFO  server.RaftServerConfigKeys (ConfUtils.java:logGet(46)) - raft.server.storage.dir = [/home/runner/work/ratis/ratis/ratis-test/target/test/data/d1c7e1dc/MiniRaftClusterWithRpcTypeGrpcAndDataStreamTypeNetty1ab3ec7b/s0] (custom)
2022-07-15 00:55:29,582 [s0-NettyServerStreamRpc-bossGroup--thread1] INFO  logging.LoggingHandler (AbstractInternalLogger.java:log(148)) - [id: 0x8744090d, L:/0.0.0.0:39217] ACTIVE
2022-07-15 00:55:29,583 [Time-limited test] INFO  server.RaftServer (RaftServerProxy.java:addNew(96)) - s0: addNew group-D993EBE7FE70:[s0|rpc:localhost:45051|admin:localhost:42977|client:localhost:45097|dataStream:localhost:39217|priority:0|startupRole:FOLLOWER, s1|rpc:localhost:44071|admin:localhost:40507|client:localhost:38061|dataStream:localhost:38397|priority:0|startupRole:FOLLOWER, s2|rpc:localhost:38005|admin:localhost:46397|client:localhost:45965|dataStream:localhost:35133|priority:0|startupRole:FOLLOWER] returns group-D993EBE7FE70:java.util.concurrent.CompletableFuture@357e6895[Not completed]
2022-07-15 00:55:29,583 [Time-limited test] INFO  impl.MiniRaftCluster (MiniRaftCluster.java:newRaftServer(348)) - newRaftServer: s1, group-D993EBE7FE70:[s0|rpc:localhost:45051|admin:localhost:42977|client:localhost:45097|dataStream:localhost:39217|priority:0|startupRole:FOLLOWER, s1|rpc:localhost:44071|admin:localhost:40507|client:localhost:38061|dataStream:localhost:38397|priority:0|startupRole:FOLLOWER, s2|rpc:localhost:38005|admin:localhost:46397|client:localhost:45965|dataStream:localhost:35133|priority:0|startupRole:FOLLOWER], format? true
2022-07-15 00:55:29,583 [pool-10-thread-1] INFO  server.RaftServer$Division (RaftServerImpl.java:<init>(191)) - s0: new RaftServerImpl for group-D993EBE7FE70:[s0|rpc:localhost:45051|admin:localhost:42977|client:localhost:45097|dataStream:localhost:39217|priority:0|startupRole:FOLLOWER, s1|rpc:localhost:44071|admin:localhost:40507|client:localhost:38061|dataStream:localhost:38397|priority:0|startupRole:FOLLOWER, s2|rpc:localhost:38005|admin:localhost:46397|client:localhost:45965|dataStream:localhost:35133|priority:0|startupRole:FOLLOWER] with MultiDataStreamStateMachine:uninitialized
2022-07-15 00:55:29,583 [Time-limited test] TRACE util.FileUtils (FileUtils.java:deleteFully(162)) - deleteFully target/test/data/d1c7e1dc/MiniRaftClusterWithRpcTypeGrpcAndDataStreamTypeNetty1ab3ec7b/s1
2022-07-15 00:55:29,588 [Time-limited test] TRACE util.FileUtils (FileUtils.java:deleteFully(178)) - deleteFully: target/test/data/d1c7e1dc/MiniRaftClusterWithRpcTypeGrpcAndDataStreamTypeNetty1ab3ec7b/s1 does not exist.
2022-07-15 00:55:29,588 [Time-limited test] INFO  impl.MiniRaftCluster (MiniRaftCluster.java:newRaftServer(353)) - Formatted directory target/test/data/d1c7e1dc/MiniRaftClusterWithRpcTypeGrpcAndDataStreamTypeNetty1ab3ec7b/s1
2022-07-15 00:55:29,589 [Time-limited test] INFO  server.RaftServer (ConfUtils.java:logGet(46)) - raft.rpc.type = GRPC (default)
2022-07-15 00:55:29,589 [Time-limited test] INFO  grpc.GrpcConfigKeys (ConfUtils.java:logGet(46)) - raft.grpc.admin.port = 40507 (custom)
2022-07-15 00:55:29,589 [Time-limited test] INFO  grpc.GrpcConfigKeys (ConfUtils.java:logGet(46)) - raft.grpc.client.port = 38061 (custom)
2022-07-15 00:55:29,589 [Time-limited test] INFO  grpc.GrpcConfigKeys (ConfUtils.java:logGet(46)) - raft.grpc.server.port = 44071 (custom)
2022-07-15 00:55:29,589 [Time-limited test] INFO  server.GrpcService (ConfUtils.java:logGet(46)) - raft.grpc.message.size.max = 64MB (=67108864) (default)
2022-07-15 00:55:29,589 [Time-limited test] INFO  server.RaftServerConfigKeys (ConfUtils.java:logGet(46)) - raft.server.log.appender.buffer.byte-limit = 4MB (=4194304) (default)
2022-07-15 00:55:29,589 [Time-limited test] INFO  server.GrpcService (ConfUtils.java:logGet(46)) - raft.grpc.flow.control.window = 1MB (=1048576) (default)
2022-07-15 00:55:29,589 [Time-limited test] INFO  server.RaftServerConfigKeys (ConfUtils.java:logGet(46)) - raft.server.rpc.request.timeout = 3000ms (default)
2022-07-15 00:55:29,589 [Time-limited test] INFO  grpc.GrpcConfigKeys (ConfUtils.java:logGet(46)) - raft.grpc.server.async.request.thread.pool.cached = true (default)
2022-07-15 00:55:29,589 [Time-limited test] INFO  grpc.GrpcConfigKeys (ConfUtils.java:logGet(46)) - raft.grpc.server.async.request.thread.pool.size = 32 (default)
2022-07-15 00:55:29,591 [Time-limited test] INFO  impl.DataStreamServerImpl (ConfUtils.java:logGet(46)) - raft.datastream.type = NETTY (custom)
2022-07-15 00:55:29,591 [Time-limited test] INFO  netty.NettyConfigKeys$DataStream (ConfUtils.java:logGet(46)) - raft.netty.dataStream.server.tls.conf = null (default)
2022-07-15 00:55:29,591 [Time-limited test] INFO  server.RaftServerConfigKeys (ConfUtils.java:logGet(46)) - raft.server.data-stream.async.request.thread.pool.cached = false (default)
2022-07-15 00:55:29,591 [Time-limited test] INFO  server.RaftServerConfigKeys (ConfUtils.java:logGet(46)) - raft.server.data-stream.async.request.thread.pool.size = 32 (default)
2022-07-15 00:55:29,591 [Time-limited test] INFO  server.RaftServerConfigKeys (ConfUtils.java:logGet(46)) - raft.server.data-stream.async.write.thread.pool.size = 16 (default)
2022-07-15 00:55:29,591 [Time-limited test] INFO  server.RaftServerConfigKeys (ConfUtils.java:logGet(46)) - raft.server.data-stream.client.pool.size = 10 (default)
2022-07-15 00:55:29,591 [Time-limited test] INFO  netty.NettyConfigKeys$DataStream (ConfUtils.java:logGet(46)) - raft.netty.dataStream.server.use-epoll = false (default)
2022-07-15 00:55:29,591 [Time-limited test] INFO  netty.NettyConfigKeys$DataStream (ConfUtils.java:logGet(46)) - raft.netty.dataStream.server.boss-group.size = 0 (default)
2022-07-15 00:55:29,592 [Time-limited test] INFO  netty.NettyConfigKeys$DataStream (ConfUtils.java:logGet(46)) - raft.netty.dataStream.server.worker-group.size = 0 (default)
2022-07-15 00:55:29,592 [Time-limited test] INFO  netty.NettyConfigKeys$DataStream (ConfUtils.java:logGet(46)) - raft.netty.dataStream.host = null (default)
2022-07-15 00:55:29,592 [Time-limited test] INFO  netty.NettyConfigKeys$DataStream (ConfUtils.java:logGet(46)) - raft.netty.dataStream.port = 38397 (custom)
2022-07-15 00:55:29,592 [pool-10-thread-1] INFO  server.RaftServerConfigKeys (ConfUtils.java:logGet(46)) - raft.server.rpc.timeout.min = 150ms (default)
2022-07-15 00:55:29,593 [pool-10-thread-1] INFO  server.RaftServerConfigKeys (ConfUtils.java:logGet(46)) - raft.server.rpc.timeout.max = 300ms (default)
2022-07-15 00:55:29,593 [pool-10-thread-1] INFO  server.RaftServerConfigKeys (ConfUtils.java:logGet(46)) - raft.server.rpc.sleep.time = 25ms (default)
2022-07-15 00:55:29,593 [pool-10-thread-1] INFO  server.RaftServerConfigKeys (ConfUtils.java:logGet(46)) - raft.server.rpc.slowness.timeout = 60s (default)
2022-07-15 00:55:29,593 [pool-10-thread-1] INFO  server.RaftServerConfigKeys (ConfUtils.java:logGet(46)) - raft.server.leaderelection.leader.step-down.wait-time = 10s (default)
2022-07-15 00:55:29,593 [pool-10-thread-1] INFO  server.RaftServerConfigKeys (ConfUtils.java:logGet(46)) - raft.server.sleep.deviation.threshold = 300ms (default)
2022-07-15 00:55:29,593 [Time-limited test] INFO  server.RaftServerConfigKeys (ConfUtils.java:logGet(46)) - raft.server.threadpool.proxy.cached = true (default)
2022-07-15 00:55:29,592 [s1-NettyServerStreamRpc-bossGroup--thread1] INFO  logging.LoggingHandler (AbstractInternalLogger.java:log(148)) - [id: 0xda2811d6] REGISTERED
2022-07-15 00:55:29,594 [Time-limited test] INFO  server.RaftServerConfigKeys (ConfUtils.java:logGet(46)) - raft.server.threadpool.proxy.size = 0 (default)
2022-07-15 00:55:29,594 [pool-10-thread-1] INFO  server.RaftServer$Division (ServerState.java:<init>(118)) - s0@group-D993EBE7FE70: ConfigurationManager, init=-1: peers:[s0|rpc:localhost:45051|admin:localhost:42977|client:localhost:45097|dataStream:localhost:39217|priority:0|startupRole:FOLLOWER, s1|rpc:localhost:44071|admin:localhost:40507|client:localhost:38061|dataStream:localhost:38397|priority:0|startupRole:FOLLOWER, s2|rpc:localhost:38005|admin:localhost:46397|client:localhost:45965|dataStream:localhost:35133|priority:0|startupRole:FOLLOWER]|listeners:[], old=null, confs=<EMPTY_MAP>
2022-07-15 00:55:29,594 [Time-limited test] INFO  server.RaftServerConfigKeys (ConfUtils.java:logGet(46)) - raft.server.rpc.slowness.timeout = 60s (default)
2022-07-15 00:55:29,594 [Time-limited test] INFO  server.RaftServerConfigKeys (ConfUtils.java:logGet(46)) - raft.server.leaderelection.leader.step-down.wait-time = 10s (default)
2022-07-15 00:55:29,594 [s1-NettyServerStreamRpc-bossGroup--thread1] INFO  logging.LoggingHandler (AbstractInternalLogger.java:log(148)) - [id: 0xda2811d6] BIND: 0.0.0.0/0.0.0.0:38397
2022-07-15 00:55:29,595 [Time-limited test] INFO  server.RaftServerConfigKeys (ConfUtils.java:logGet(46)) - raft.server.storage.dir = [/home/runner/work/ratis/ratis/ratis-test/target/test/data/d1c7e1dc/MiniRaftClusterWithRpcTypeGrpcAndDataStreamTypeNetty1ab3ec7b/s1] (custom)
2022-07-15 00:55:29,594 [pool-10-thread-1] INFO  server.RaftServerConfigKeys (ConfUtils.java:logGet(46)) - raft.server.storage.dir = [/home/runner/work/ratis/ratis/ratis-test/target/test/data/d1c7e1dc/MiniRaftClusterWithRpcTypeGrpcAndDataStreamTypeNetty1ab3ec7b/s0] (custom)
2022-07-15 00:55:29,595 [s1-NettyServerStreamRpc-bossGroup--thread1] INFO  logging.LoggingHandler (AbstractInternalLogger.java:log(148)) - [id: 0xda2811d6, L:/0.0.0.0:38397] ACTIVE
2022-07-15 00:55:29,595 [Time-limited test] INFO  server.RaftServer (RaftServerProxy.java:addNew(96)) - s1: addNew group-D993EBE7FE70:[s0|rpc:localhost:45051|admin:localhost:42977|client:localhost:45097|dataStream:localhost:39217|priority:0|startupRole:FOLLOWER, s1|rpc:localhost:44071|admin:localhost:40507|client:localhost:38061|dataStream:localhost:38397|priority:0|startupRole:FOLLOWER, s2|rpc:localhost:38005|admin:localhost:46397|client:localhost:45965|dataStream:localhost:35133|priority:0|startupRole:FOLLOWER] returns group-D993EBE7FE70:java.util.concurrent.CompletableFuture@42ea18dd[Not completed]
2022-07-15 00:55:29,595 [Time-limited test] INFO  impl.MiniRaftCluster (MiniRaftCluster.java:newRaftServer(348)) - newRaftServer: s2, group-D993EBE7FE70:[s0|rpc:localhost:45051|admin:localhost:42977|client:localhost:45097|dataStream:localhost:39217|priority:0|startupRole:FOLLOWER, s1|rpc:localhost:44071|admin:localhost:40507|client:localhost:38061|dataStream:localhost:38397|priority:0|startupRole:FOLLOWER, s2|rpc:localhost:38005|admin:localhost:46397|client:localhost:45965|dataStream:localhost:35133|priority:0|startupRole:FOLLOWER], format? true
2022-07-15 00:55:29,596 [Time-limited test] TRACE util.FileUtils (FileUtils.java:deleteFully(162)) - deleteFully target/test/data/d1c7e1dc/MiniRaftClusterWithRpcTypeGrpcAndDataStreamTypeNetty1ab3ec7b/s2
2022-07-15 00:55:29,595 [pool-10-thread-1] INFO  server.RaftServerConfigKeys (ConfUtils.java:logGet(46)) - raft.server.log.corruption.policy = EXCEPTION (default)
2022-07-15 00:55:29,596 [Time-limited test] TRACE util.FileUtils (FileUtils.java:deleteFully(178)) - deleteFully: target/test/data/d1c7e1dc/MiniRaftClusterWithRpcTypeGrpcAndDataStreamTypeNetty1ab3ec7b/s2 does not exist.
2022-07-15 00:55:29,596 [Time-limited test] INFO  impl.MiniRaftCluster (MiniRaftCluster.java:newRaftServer(353)) - Formatted directory target/test/data/d1c7e1dc/MiniRaftClusterWithRpcTypeGrpcAndDataStreamTypeNetty1ab3ec7b/s2
2022-07-15 00:55:29,596 [pool-11-thread-1] INFO  server.RaftServer$Division (RaftServerImpl.java:<init>(191)) - s1: new RaftServerImpl for group-D993EBE7FE70:[s0|rpc:localhost:45051|admin:localhost:42977|client:localhost:45097|dataStream:localhost:39217|priority:0|startupRole:FOLLOWER, s1|rpc:localhost:44071|admin:localhost:40507|client:localhost:38061|dataStream:localhost:38397|priority:0|startupRole:FOLLOWER, s2|rpc:localhost:38005|admin:localhost:46397|client:localhost:45965|dataStream:localhost:35133|priority:0|startupRole:FOLLOWER] with MultiDataStreamStateMachine:uninitialized
2022-07-15 00:55:29,596 [pool-11-thread-1] INFO  server.RaftServerConfigKeys (ConfUtils.java:logGet(46)) - raft.server.rpc.timeout.min = 150ms (default)
2022-07-15 00:55:29,597 [Time-limited test] INFO  server.RaftServer (ConfUtils.java:logGet(46)) - raft.rpc.type = GRPC (default)
2022-07-15 00:55:29,598 [pool-10-thread-1] INFO  server.RaftServerConfigKeys (ConfUtils.java:logGet(46)) - raft.server.storage.free-space.min = 0MB (=0) (default)
2022-07-15 00:55:29,597 [pool-11-thread-1] INFO  server.RaftServerConfigKeys (ConfUtils.java:logGet(46)) - raft.server.rpc.timeout.max = 300ms (default)
2022-07-15 00:55:29,598 [Time-limited test] INFO  grpc.GrpcConfigKeys (ConfUtils.java:logGet(46)) - raft.grpc.admin.port = 46397 (custom)
2022-07-15 00:55:29,599 [Time-limited test] INFO  grpc.GrpcConfigKeys (ConfUtils.java:logGet(46)) - raft.grpc.client.port = 45965 (custom)
2022-07-15 00:55:29,599 [Time-limited test] INFO  grpc.GrpcConfigKeys (ConfUtils.java:logGet(46)) - raft.grpc.server.port = 38005 (custom)
2022-07-15 00:55:29,599 [Time-limited test] INFO  server.GrpcService (ConfUtils.java:logGet(46)) - raft.grpc.message.size.max = 64MB (=67108864) (default)
2022-07-15 00:55:29,599 [Time-limited test] INFO  server.RaftServerConfigKeys (ConfUtils.java:logGet(46)) - raft.server.log.appender.buffer.byte-limit = 4MB (=4194304) (default)
2022-07-15 00:55:29,599 [Time-limited test] INFO  server.GrpcService (ConfUtils.java:logGet(46)) - raft.grpc.flow.control.window = 1MB (=1048576) (default)
2022-07-15 00:55:29,599 [Time-limited test] INFO  server.RaftServerConfigKeys (ConfUtils.java:logGet(46)) - raft.server.rpc.request.timeout = 3000ms (default)
2022-07-15 00:55:29,599 [Time-limited test] INFO  grpc.GrpcConfigKeys (ConfUtils.java:logGet(46)) - raft.grpc.server.async.request.thread.pool.cached = true (default)
2022-07-15 00:55:29,599 [Time-limited test] INFO  grpc.GrpcConfigKeys (ConfUtils.java:logGet(46)) - raft.grpc.server.async.request.thread.pool.size = 32 (default)
2022-07-15 00:55:29,598 [pool-10-thread-1] INFO  server.RaftServerConfigKeys (ConfUtils.java:logGet(46)) - raft.server.notification.no-leader.timeout = 60s (default)
2022-07-15 00:55:29,598 [pool-11-thread-1] INFO  server.RaftServerConfigKeys (ConfUtils.java:logGet(46)) - raft.server.rpc.sleep.time = 25ms (default)
2022-07-15 00:55:29,599 [pool-11-thread-1] INFO  server.RaftServerConfigKeys (ConfUtils.java:logGet(46)) - raft.server.rpc.slowness.timeout = 60s (default)
2022-07-15 00:55:29,599 [pool-11-thread-1] INFO  server.RaftServerConfigKeys (ConfUtils.java:logGet(46)) - raft.server.leaderelection.leader.step-down.wait-time = 10s (default)
2022-07-15 00:55:29,599 [pool-11-thread-1] INFO  server.RaftServerConfigKeys (ConfUtils.java:logGet(46)) - raft.server.sleep.deviation.threshold = 300ms (default)
2022-07-15 00:55:29,600 [pool-11-thread-1] INFO  server.RaftServer$Division (ServerState.java:<init>(118)) - s1@group-D993EBE7FE70: ConfigurationManager, init=-1: peers:[s0|rpc:localhost:45051|admin:localhost:42977|client:localhost:45097|dataStream:localhost:39217|priority:0|startupRole:FOLLOWER, s1|rpc:localhost:44071|admin:localhost:40507|client:localhost:38061|dataStream:localhost:38397|priority:0|startupRole:FOLLOWER, s2|rpc:localhost:38005|admin:localhost:46397|client:localhost:45965|dataStream:localhost:35133|priority:0|startupRole:FOLLOWER]|listeners:[], old=null, confs=<EMPTY_MAP>
2022-07-15 00:55:29,600 [pool-11-thread-1] INFO  server.RaftServerConfigKeys (ConfUtils.java:logGet(46)) - raft.server.storage.dir = [/home/runner/work/ratis/ratis/ratis-test/target/test/data/d1c7e1dc/MiniRaftClusterWithRpcTypeGrpcAndDataStreamTypeNetty1ab3ec7b/s1] (custom)
2022-07-15 00:55:29,600 [pool-10-thread-1] INFO  server.RaftServerConfigKeys (ConfUtils.java:logGet(46)) - raft.server.retrycache.expirytime = 60s (default)
2022-07-15 00:55:29,602 [pool-10-thread-1] INFO  server.RaftServerConfigKeys (ConfUtils.java:logGet(46)) - raft.server.retrycache.statistics.expirytime = 100μs (default)
2022-07-15 00:55:29,603 [pool-10-thread-1] INFO  server.RaftServerConfigKeys (ConfUtils.java:logGet(46)) - raft.server.log.appender.install.snapshot.enabled = true (default)
2022-07-15 00:55:29,603 [pool-10-thread-1] INFO  server.RaftServerConfigKeys (ConfUtils.java:logGet(46)) - raft.server.threadpool.server.cached = true (default)
2022-07-15 00:55:29,603 [pool-10-thread-1] INFO  server.RaftServerConfigKeys (ConfUtils.java:logGet(46)) - raft.server.threadpool.server.size = 0 (default)
2022-07-15 00:55:29,603 [pool-10-thread-1] INFO  server.RaftServerConfigKeys (ConfUtils.java:logGet(46)) - raft.server.threadpool.client.cached = true (default)
2022-07-15 00:55:29,603 [pool-10-thread-1] INFO  server.RaftServerConfigKeys (ConfUtils.java:logGet(46)) - raft.server.threadpool.client.size = 0 (default)
2022-07-15 00:55:29,603 [Time-limited test] INFO  impl.DataStreamServerImpl (ConfUtils.java:logGet(46)) - raft.datastream.type = NETTY (custom)
2022-07-15 00:55:29,603 [Time-limited test] INFO  netty.NettyConfigKeys$DataStream (ConfUtils.java:logGet(46)) - raft.netty.dataStream.server.tls.conf = null (default)
2022-07-15 00:55:29,603 [Time-limited test] INFO  server.RaftServerConfigKeys (ConfUtils.java:logGet(46)) - raft.server.data-stream.async.request.thread.pool.cached = false (default)
2022-07-15 00:55:29,603 [Time-limited test] INFO  server.RaftServerConfigKeys (ConfUtils.java:logGet(46)) - raft.server.data-stream.async.request.thread.pool.size = 32 (default)
2022-07-15 00:55:29,604 [Time-limited test] INFO  server.RaftServerConfigKeys (ConfUtils.java:logGet(46)) - raft.server.data-stream.async.write.thread.pool.size = 16 (default)
2022-07-15 00:55:29,604 [Time-limited test] INFO  server.RaftServerConfigKeys (ConfUtils.java:logGet(46)) - raft.server.data-stream.client.pool.size = 10 (default)
2022-07-15 00:55:29,604 [Time-limited test] INFO  netty.NettyConfigKeys$DataStream (ConfUtils.java:logGet(46)) - raft.netty.dataStream.server.use-epoll = false (default)
2022-07-15 00:55:29,604 [Time-limited test] INFO  netty.NettyConfigKeys$DataStream (ConfUtils.java:logGet(46)) - raft.netty.dataStream.server.boss-group.size = 0 (default)
2022-07-15 00:55:29,604 [Time-limited test] INFO  netty.NettyConfigKeys$DataStream (ConfUtils.java:logGet(46)) - raft.netty.dataStream.server.worker-group.size = 0 (default)
2022-07-15 00:55:29,604 [Time-limited test] INFO  netty.NettyConfigKeys$DataStream (ConfUtils.java:logGet(46)) - raft.netty.dataStream.host = null (default)
2022-07-15 00:55:29,604 [Time-limited test] INFO  netty.NettyConfigKeys$DataStream (ConfUtils.java:logGet(46)) - raft.netty.dataStream.port = 35133 (custom)
2022-07-15 00:55:29,605 [pool-11-thread-1] INFO  server.RaftServerConfigKeys (ConfUtils.java:logGet(46)) - raft.server.log.corruption.policy = EXCEPTION (default)
2022-07-15 00:55:29,605 [pool-11-thread-1] INFO  server.RaftServerConfigKeys (ConfUtils.java:logGet(46)) - raft.server.storage.free-space.min = 0MB (=0) (default)
2022-07-15 00:55:29,605 [pool-11-thread-1] INFO  server.RaftServerConfigKeys (ConfUtils.java:logGet(46)) - raft.server.notification.no-leader.timeout = 60s (default)
2022-07-15 00:55:29,605 [pool-11-thread-1] INFO  server.RaftServerConfigKeys (ConfUtils.java:logGet(46)) - raft.server.retrycache.expirytime = 60s (default)
2022-07-15 00:55:29,605 [pool-11-thread-1] INFO  server.RaftServerConfigKeys (ConfUtils.java:logGet(46)) - raft.server.retrycache.statistics.expirytime = 100μs (default)
2022-07-15 00:55:29,609 [pool-11-thread-1] INFO  server.RaftServerConfigKeys (ConfUtils.java:logGet(46)) - raft.server.log.appender.install.snapshot.enabled = true (default)
2022-07-15 00:55:29,609 [pool-11-thread-1] INFO  server.RaftServerConfigKeys (ConfUtils.java:logGet(46)) - raft.server.threadpool.server.cached = true (default)
2022-07-15 00:55:29,609 [pool-11-thread-1] INFO  server.RaftServerConfigKeys (ConfUtils.java:logGet(46)) - raft.server.threadpool.server.size = 0 (default)
2022-07-15 00:55:29,609 [pool-11-thread-1] INFO  server.RaftServerConfigKeys (ConfUtils.java:logGet(46)) - raft.server.threadpool.client.cached = true (default)
2022-07-15 00:55:29,609 [pool-11-thread-1] INFO  server.RaftServerConfigKeys (ConfUtils.java:logGet(46)) - raft.server.threadpool.client.size = 0 (default)
2022-07-15 00:55:29,613 [Time-limited test] INFO  server.RaftServerConfigKeys (ConfUtils.java:logGet(46)) - raft.server.threadpool.proxy.cached = true (default)
2022-07-15 00:55:29,613 [s2-NettyServerStreamRpc-bossGroup--thread1] INFO  logging.LoggingHandler (AbstractInternalLogger.java:log(148)) - [id: 0x53b743fe] REGISTERED
2022-07-15 00:55:29,613 [Time-limited test] INFO  server.RaftServerConfigKeys (ConfUtils.java:logGet(46)) - raft.server.threadpool.proxy.size = 0 (default)
2022-07-15 00:55:29,613 [s2-NettyServerStreamRpc-bossGroup--thread1] INFO  logging.LoggingHandler (AbstractInternalLogger.java:log(148)) - [id: 0x53b743fe] BIND: 0.0.0.0/0.0.0.0:35133
2022-07-15 00:55:29,613 [Time-limited test] INFO  server.RaftServerConfigKeys (ConfUtils.java:logGet(46)) - raft.server.rpc.slowness.timeout = 60s (default)
2022-07-15 00:55:29,614 [Time-limited test] INFO  server.RaftServerConfigKeys (ConfUtils.java:logGet(46)) - raft.server.leaderelection.leader.step-down.wait-time = 10s (default)
2022-07-15 00:55:29,614 [s2-NettyServerStreamRpc-bossGroup--thread1] INFO  logging.LoggingHandler (AbstractInternalLogger.java:log(148)) - [id: 0x53b743fe, L:/0.0.0.0:35133] ACTIVE
2022-07-15 00:55:29,614 [Time-limited test] INFO  server.RaftServerConfigKeys (ConfUtils.java:logGet(46)) - raft.server.storage.dir = [/home/runner/work/ratis/ratis/ratis-test/target/test/data/d1c7e1dc/MiniRaftClusterWithRpcTypeGrpcAndDataStreamTypeNetty1ab3ec7b/s2] (custom)
2022-07-15 00:55:29,614 [Time-limited test] INFO  server.RaftServer (RaftServerProxy.java:addNew(96)) - s2: addNew group-D993EBE7FE70:[s0|rpc:localhost:45051|admin:localhost:42977|client:localhost:45097|dataStream:localhost:39217|priority:0|startupRole:FOLLOWER, s1|rpc:localhost:44071|admin:localhost:40507|client:localhost:38061|dataStream:localhost:38397|priority:0|startupRole:FOLLOWER, s2|rpc:localhost:38005|admin:localhost:46397|client:localhost:45965|dataStream:localhost:35133|priority:0|startupRole:FOLLOWER] returns group-D993EBE7FE70:java.util.concurrent.CompletableFuture@310a591d[Not completed]
2022-07-15 00:55:29,615 [s0-impl-thread1] INFO  storage.RaftStorageDirectory (RaftStorageDirectoryImpl.java:analyzeStorage(137)) - The storage directory /home/runner/work/ratis/ratis/ratis-test/target/test/data/d1c7e1dc/MiniRaftClusterWithRpcTypeGrpcAndDataStreamTypeNetty1ab3ec7b/s0/c3492ac9-de7b-4dd7-89be-d993ebe7fe70 does not exist. Creating ...
2022-07-15 00:55:29,615 [pool-12-thread-1] INFO  server.RaftServer$Division (RaftServerImpl.java:<init>(191)) - s2: new RaftServerImpl for group-D993EBE7FE70:[s0|rpc:localhost:45051|admin:localhost:42977|client:localhost:45097|dataStream:localhost:39217|priority:0|startupRole:FOLLOWER, s1|rpc:localhost:44071|admin:localhost:40507|client:localhost:38061|dataStream:localhost:38397|priority:0|startupRole:FOLLOWER, s2|rpc:localhost:38005|admin:localhost:46397|client:localhost:45965|dataStream:localhost:35133|priority:0|startupRole:FOLLOWER] with MultiDataStreamStateMachine:uninitialized
2022-07-15 00:55:29,615 [pool-12-thread-1] INFO  server.RaftServerConfigKeys (ConfUtils.java:logGet(46)) - raft.server.rpc.timeout.min = 150ms (default)
2022-07-15 00:55:29,615 [pool-12-thread-1] INFO  server.RaftServerConfigKeys (ConfUtils.java:logGet(46)) - raft.server.rpc.timeout.max = 300ms (default)
2022-07-15 00:55:29,615 [pool-12-thread-1] INFO  server.RaftServerConfigKeys (ConfUtils.java:logGet(46)) - raft.server.rpc.sleep.time = 25ms (default)
2022-07-15 00:55:29,615 [pool-12-thread-1] INFO  server.RaftServerConfigKeys (ConfUtils.java:logGet(46)) - raft.server.rpc.slowness.timeout = 60s (default)
2022-07-15 00:55:29,615 [s0-impl-thread1] TRACE util.FileUtils (LogUtils.java:runAndLog(49)) - Successfully ran Files.createDirectories /home/runner/work/ratis/ratis/ratis-test/target/test/data/d1c7e1dc/MiniRaftClusterWithRpcTypeGrpcAndDataStreamTypeNetty1ab3ec7b/s0/c3492ac9-de7b-4dd7-89be-d993ebe7fe70
2022-07-15 00:55:29,615 [pool-12-thread-1] INFO  server.RaftServerConfigKeys (ConfUtils.java:logGet(46)) - raft.server.leaderelection.leader.step-down.wait-time = 10s (default)
2022-07-15 00:55:29,616 [pool-12-thread-1] INFO  server.RaftServerConfigKeys (ConfUtils.java:logGet(46)) - raft.server.sleep.deviation.threshold = 300ms (default)
2022-07-15 00:55:29,616 [pool-12-thread-1] INFO  server.RaftServer$Division (ServerState.java:<init>(118)) - s2@group-D993EBE7FE70: ConfigurationManager, init=-1: peers:[s0|rpc:localhost:45051|admin:localhost:42977|client:localhost:45097|dataStream:localhost:39217|priority:0|startupRole:FOLLOWER, s1|rpc:localhost:44071|admin:localhost:40507|client:localhost:38061|dataStream:localhost:38397|priority:0|startupRole:FOLLOWER, s2|rpc:localhost:38005|admin:localhost:46397|client:localhost:45965|dataStream:localhost:35133|priority:0|startupRole:FOLLOWER]|listeners:[], old=null, confs=<EMPTY_MAP>
2022-07-15 00:55:29,617 [pool-12-thread-1] INFO  server.RaftServerConfigKeys (ConfUtils.java:logGet(46)) - raft.server.storage.dir = [/home/runner/work/ratis/ratis/ratis-test/target/test/data/d1c7e1dc/MiniRaftClusterWithRpcTypeGrpcAndDataStreamTypeNetty1ab3ec7b/s2] (custom)
2022-07-15 00:55:29,617 [pool-12-thread-1] INFO  server.RaftServerConfigKeys (ConfUtils.java:logGet(46)) - raft.server.log.corruption.policy = EXCEPTION (default)
2022-07-15 00:55:29,618 [s0-impl-thread1] INFO  storage.RaftStorageDirectory (RaftStorageDirectoryImpl.java:tryLock(231)) - Lock on /home/runner/work/ratis/ratis/ratis-test/target/test/data/d1c7e1dc/MiniRaftClusterWithRpcTypeGrpcAndDataStreamTypeNetty1ab3ec7b/s0/c3492ac9-de7b-4dd7-89be-d993ebe7fe70/in_use.lock acquired by nodename 23484@fv-az227-807.s5iqtnwydjqurgfbkcutmb5yih.cx.internal.cloudapp.net
2022-07-15 00:55:29,622 [s0-impl-thread1] TRACE util.FileUtils (LogUtils.java:runAndLog(49)) - Successfully ran Files.createDirectories /home/runner/work/ratis/ratis/ratis-test/target/test/data/d1c7e1dc/MiniRaftClusterWithRpcTypeGrpcAndDataStreamTypeNetty1ab3ec7b/s0/c3492ac9-de7b-4dd7-89be-d993ebe7fe70/current
2022-07-15 00:55:29,623 [s0-impl-thread1] TRACE util.FileUtils (LogUtils.java:runAndLog(49)) - Successfully ran Files.createDirectories /home/runner/work/ratis/ratis/ratis-test/target/test/data/d1c7e1dc/MiniRaftClusterWithRpcTypeGrpcAndDataStreamTypeNetty1ab3ec7b/s0/c3492ac9-de7b-4dd7-89be-d993ebe7fe70/sm
2022-07-15 00:55:29,622 [pool-12-thread-1] INFO  server.RaftServerConfigKeys (ConfUtils.java:logGet(46)) - raft.server.storage.free-space.min = 0MB (=0) (default)
2022-07-15 00:55:29,623 [pool-12-thread-1] INFO  server.RaftServerConfigKeys (ConfUtils.java:logGet(46)) - raft.server.notification.no-leader.timeout = 60s (default)
2022-07-15 00:55:29,623 [pool-12-thread-1] INFO  server.RaftServerConfigKeys (ConfUtils.java:logGet(46)) - raft.server.retrycache.expirytime = 60s (default)
2022-07-15 00:55:29,623 [pool-12-thread-1] INFO  server.RaftServerConfigKeys (ConfUtils.java:logGet(46)) - raft.server.retrycache.statistics.expirytime = 100μs (default)
2022-07-15 00:55:29,623 [s0-impl-thread1] INFO  storage.RaftStorage (RaftStorageImpl.java:format(96)) - Storage directory /home/runner/work/ratis/ratis/ratis-test/target/test/data/d1c7e1dc/MiniRaftClusterWithRpcTypeGrpcAndDataStreamTypeNetty1ab3ec7b/s0/c3492ac9-de7b-4dd7-89be-d993ebe7fe70 has been successfully formatted.
2022-07-15 00:55:29,624 [s0-impl-thread1] INFO  server.RaftServerConfigKeys (ConfUtils.java:logGet(46)) - raft.server.log.use.memory = false (default)
2022-07-15 00:55:29,624 [s0-impl-thread1] INFO  server.RaftServerConfigKeys (ConfUtils.java:logGet(46)) - raft.server.log.purge.gap = 1024 (default)
2022-07-15 00:55:29,624 [s0-impl-thread1] INFO  server.RaftServerConfigKeys (ConfUtils.java:logGet(46)) - raft.server.log.appender.buffer.byte-limit = 4MB (=4194304) (default)
2022-07-15 00:55:29,624 [s0-impl-thread1] INFO  server.RaftServerConfigKeys (ConfUtils.java:logGet(46)) - raft.server.log.statemachine.data.read.timeout = 1000ms (default)
2022-07-15 00:55:29,624 [s0-impl-thread1] INFO  server.RaftServerConfigKeys (ConfUtils.java:logGet(46)) - raft.server.log.segment.size.max = 8MB (=8388608) (default)
2022-07-15 00:55:29,624 [s0-impl-thread1] INFO  server.RaftServerConfigKeys (ConfUtils.java:logGet(46)) - raft.server.log.segment.cache.num.max = 6 (default)
2022-07-15 00:55:29,624 [s0-impl-thread1] INFO  server.RaftServerConfigKeys (ConfUtils.java:logGet(46)) - raft.server.log.segment.cache.size.max = 200MB (=209715200) (default)
2022-07-15 00:55:29,624 [s0-impl-thread1] INFO  segmented.SegmentedRaftLogWorker (SegmentedRaftLogWorker.java:<init>(187)) - new s0@group-D993EBE7FE70-SegmentedRaftLogWorker for RaftStorageImpl:Storage Directory /home/runner/work/ratis/ratis/ratis-test/target/test/data/d1c7e1dc/MiniRaftClusterWithRpcTypeGrpcAndDataStreamTypeNetty1ab3ec7b/s0/c3492ac9-de7b-4dd7-89be-d993ebe7fe70
2022-07-15 00:55:29,624 [s0-impl-thread1] INFO  server.RaftServerConfigKeys (ConfUtils.java:logGet(46)) - raft.server.log.queue.byte-limit = 64MB (=67108864) (default)
2022-07-15 00:55:29,624 [s0-impl-thread1] INFO  server.RaftServerConfigKeys (ConfUtils.java:logGet(46)) - raft.server.log.queue.element-limit = 4096 (default)
2022-07-15 00:55:29,624 [s0-impl-thread1] INFO  server.RaftServerConfigKeys (ConfUtils.java:logGet(46)) - raft.server.log.segment.size.max = 8MB (=8388608) (default)
2022-07-15 00:55:29,624 [s0-impl-thread1] INFO  server.RaftServerConfigKeys (ConfUtils.java:logGet(46)) - raft.server.log.preallocated.size = 4MB (=4194304) (default)
2022-07-15 00:55:29,625 [s0-impl-thread1] INFO  server.RaftServerConfigKeys (ConfUtils.java:logGet(46)) - raft.server.log.force.sync.num = 128 (default)
2022-07-15 00:55:29,625 [s0-impl-thread1] INFO  server.RaftServerConfigKeys (ConfUtils.java:logGet(46)) - raft.server.log.statemachine.data.sync = true (default)
2022-07-15 00:55:29,625 [s0-impl-thread1] INFO  server.RaftServerConfigKeys (ConfUtils.java:logGet(46)) - raft.server.log.statemachine.data.sync.timeout = 10s (default)
2022-07-15 00:55:29,624 [pool-12-thread-1] INFO  server.RaftServerConfigKeys (ConfUtils.java:logGet(46)) - raft.server.log.appender.install.snapshot.enabled = true (default)
2022-07-15 00:55:29,625 [s0-impl-thread1] INFO  server.RaftServerConfigKeys (ConfUtils.java:logGet(46)) - raft.server.log.statemachine.data.sync.timeout.retry = -1 (default)
2022-07-15 00:55:29,625 [pool-12-thread-1] INFO  server.RaftServerConfigKeys (ConfUtils.java:logGet(46)) - raft.server.threadpool.server.cached = true (default)
2022-07-15 00:55:29,625 [pool-12-thread-1] INFO  server.RaftServerConfigKeys (ConfUtils.java:logGet(46)) - raft.server.threadpool.server.size = 0 (default)
2022-07-15 00:55:29,625 [pool-12-thread-1] INFO  server.RaftServerConfigKeys (ConfUtils.java:logGet(46)) - raft.server.threadpool.client.cached = true (default)
2022-07-15 00:55:29,625 [pool-12-thread-1] INFO  server.RaftServerConfigKeys (ConfUtils.java:logGet(46)) - raft.server.threadpool.client.size = 0 (default)
2022-07-15 00:55:29,626 [s0-impl-thread1] INFO  server.RaftServerConfigKeys (ConfUtils.java:logGet(46)) - raft.server.log.write.buffer.size = 64KB (=65536) (default)
2022-07-15 00:55:29,626 [s0-impl-thread1] INFO  server.RaftServerConfigKeys (ConfUtils.java:logGet(46)) - raft.server.log.unsafe-flush.enabled = false (default)
2022-07-15 00:55:29,626 [s0-impl-thread1] INFO  server.RaftServerConfigKeys (ConfUtils.java:logGet(46)) - raft.server.log.statemachine.data.caching.enabled = false (default)
2022-07-15 00:55:29,626 [s0-impl-thread1] INFO  segmented.SegmentedRaftLogWorker (SegmentedRaftLogWorker.java:lambda$new$0(135)) - s0@group-D993EBE7FE70-SegmentedRaftLogWorker: flushIndex: setUnconditionally 0 -> -1
2022-07-15 00:55:29,626 [s0-impl-thread1] INFO  segmented.SegmentedRaftLogWorker (SegmentedRaftLogWorker.java:lambda$new$0(135)) - s0@group-D993EBE7FE70-SegmentedRaftLogWorker: safeCacheEvictIndex: setUnconditionally 0 -> -1
2022-07-15 00:55:29,626 [s0-impl-thread1] INFO  server.RaftServer$Division (RaftServerImpl.java:start(313)) - s0@group-D993EBE7FE70: start as a follower, conf=-1: peers:[s0|rpc:localhost:45051|admin:localhost:42977|client:localhost:45097|dataStream:localhost:39217|priority:0|startupRole:FOLLOWER, s1|rpc:localhost:44071|admin:localhost:40507|client:localhost:38061|dataStream:localhost:38397|priority:0|startupRole:FOLLOWER, s2|rpc:localhost:38005|admin:localhost:46397|client:localhost:45965|dataStream:localhost:35133|priority:0|startupRole:FOLLOWER]|listeners:[], old=null
2022-07-15 00:55:29,626 [s0-impl-thread1] INFO  server.RaftServer$Division (RaftServerImpl.java:setRole(300)) - s0@group-D993EBE7FE70: changes role from      null to FOLLOWER at term 0 for startAsFollower
2022-07-15 00:55:29,627 [s0-impl-thread1] INFO  impl.RoleInfo (RoleInfo.java:updateAndGet(139)) - s0: start s0@group-D993EBE7FE70-FollowerState
2022-07-15 00:55:29,627 [s0-impl-thread1] INFO  util.JmxRegister (JmxRegister.java:tryRegister(44)) - Successfully registered JMX Bean with object name Ratis:service=RaftServer,group=group-D993EBE7FE70,id=s0
2022-07-15 00:55:29,627 [s0-impl-thread1] INFO  server.RaftServerConfigKeys (ConfUtils.java:logGet(46)) - raft.server.snapshot.auto.trigger.enabled = false (default)
2022-07-15 00:55:29,627 [s0-impl-thread1] INFO  server.RaftServerConfigKeys (ConfUtils.java:logGet(46)) - raft.server.snapshot.retention.file.num = -1 (default)
2022-07-15 00:55:29,627 [s0-impl-thread1] INFO  server.RaftServerConfigKeys (ConfUtils.java:logGet(46)) - raft.server.log.purge.upto.snapshot.index = false (default)
2022-07-15 00:55:29,628 [Time-limited test] INFO  server.RaftServer (RaftServerProxy.java:startImpl(385)) - s0: start RPC server
2022-07-15 00:55:29,637 [Time-limited test] INFO  server.GrpcService (GrpcService.java:startImpl(260)) - s0: GrpcService started, listening on 45051
2022-07-15 00:55:29,639 [Time-limited test] INFO  server.GrpcService (GrpcService.java:startImpl(260)) - s0: GrpcService started, listening on 42977
2022-07-15 00:55:29,641 [Time-limited test] INFO  server.GrpcService (GrpcService.java:startImpl(260)) - s0: GrpcService started, listening on 45097
2022-07-15 00:55:29,641 [org.apache.ratis.util.JvmPauseMonitor$$Lambda$278/1607806434@b089a55] INFO  util.JvmPauseMonitor (JvmPauseMonitor.java:run(103)) - JvmPauseMonitor-s0: Started
2022-07-15 00:55:29,642 [s1-impl-thread1] INFO  storage.RaftStorageDirectory (RaftStorageDirectoryImpl.java:analyzeStorage(137)) - The storage directory /home/runner/work/ratis/ratis/ratis-test/target/test/data/d1c7e1dc/MiniRaftClusterWithRpcTypeGrpcAndDataStreamTypeNetty1ab3ec7b/s1/c3492ac9-de7b-4dd7-89be-d993ebe7fe70 does not exist. Creating ...
2022-07-15 00:55:29,642 [s1-impl-thread1] TRACE util.FileUtils (LogUtils.java:runAndLog(49)) - Successfully ran Files.createDirectories /home/runner/work/ratis/ratis/ratis-test/target/test/data/d1c7e1dc/MiniRaftClusterWithRpcTypeGrpcAndDataStreamTypeNetty1ab3ec7b/s1/c3492ac9-de7b-4dd7-89be-d993ebe7fe70
2022-07-15 00:55:29,643 [s1-impl-thread1] INFO  storage.RaftStorageDirectory (RaftStorageDirectoryImpl.java:tryLock(231)) - Lock on /home/runner/work/ratis/ratis/ratis-test/target/test/data/d1c7e1dc/MiniRaftClusterWithRpcTypeGrpcAndDataStreamTypeNetty1ab3ec7b/s1/c3492ac9-de7b-4dd7-89be-d993ebe7fe70/in_use.lock acquired by nodename 23484@fv-az227-807.s5iqtnwydjqurgfbkcutmb5yih.cx.internal.cloudapp.net
2022-07-15 00:55:29,643 [s1-impl-thread1] TRACE util.FileUtils (LogUtils.java:runAndLog(49)) - Successfully ran Files.createDirectories /home/runner/work/ratis/ratis/ratis-test/target/test/data/d1c7e1dc/MiniRaftClusterWithRpcTypeGrpcAndDataStreamTypeNetty1ab3ec7b/s1/c3492ac9-de7b-4dd7-89be-d993ebe7fe70/current
2022-07-15 00:55:29,643 [s1-impl-thread1] TRACE util.FileUtils (LogUtils.java:runAndLog(49)) - Successfully ran Files.createDirectories /home/runner/work/ratis/ratis/ratis-test/target/test/data/d1c7e1dc/MiniRaftClusterWithRpcTypeGrpcAndDataStreamTypeNetty1ab3ec7b/s1/c3492ac9-de7b-4dd7-89be-d993ebe7fe70/sm
2022-07-15 00:55:29,644 [s1-impl-thread1] INFO  storage.RaftStorage (RaftStorageImpl.java:format(96)) - Storage directory /home/runner/work/ratis/ratis/ratis-test/target/test/data/d1c7e1dc/MiniRaftClusterWithRpcTypeGrpcAndDataStreamTypeNetty1ab3ec7b/s1/c3492ac9-de7b-4dd7-89be-d993ebe7fe70 has been successfully formatted.
2022-07-15 00:55:29,644 [s1-impl-thread1] INFO  server.RaftServerConfigKeys (ConfUtils.java:logGet(46)) - raft.server.log.use.memory = false (default)
2022-07-15 00:55:29,644 [s1-impl-thread1] INFO  server.RaftServerConfigKeys (ConfUtils.java:logGet(46)) - raft.server.log.purge.gap = 1024 (default)
2022-07-15 00:55:29,644 [s1-impl-thread1] INFO  server.RaftServerConfigKeys (ConfUtils.java:logGet(46)) - raft.server.log.appender.buffer.byte-limit = 4MB (=4194304) (default)
2022-07-15 00:55:29,645 [s1-impl-thread1] INFO  server.RaftServerConfigKeys (ConfUtils.java:logGet(46)) - raft.server.log.statemachine.data.read.timeout = 1000ms (default)
2022-07-15 00:55:29,645 [s1-impl-thread1] INFO  server.RaftServerConfigKeys (ConfUtils.java:logGet(46)) - raft.server.log.segment.size.max = 8MB (=8388608) (default)
2022-07-15 00:55:29,645 [s1-impl-thread1] INFO  server.RaftServerConfigKeys (ConfUtils.java:logGet(46)) - raft.server.log.segment.cache.num.max = 6 (default)
2022-07-15 00:55:29,645 [s1-impl-thread1] INFO  server.RaftServerConfigKeys (ConfUtils.java:logGet(46)) - raft.server.log.segment.cache.size.max = 200MB (=209715200) (default)
2022-07-15 00:55:29,645 [s1-impl-thread1] INFO  segmented.SegmentedRaftLogWorker (SegmentedRaftLogWorker.java:<init>(187)) - new s1@group-D993EBE7FE70-SegmentedRaftLogWorker for RaftStorageImpl:Storage Directory /home/runner/work/ratis/ratis/ratis-test/target/test/data/d1c7e1dc/MiniRaftClusterWithRpcTypeGrpcAndDataStreamTypeNetty1ab3ec7b/s1/c3492ac9-de7b-4dd7-89be-d993ebe7fe70
2022-07-15 00:55:29,645 [s1-impl-thread1] INFO  server.RaftServerConfigKeys (ConfUtils.java:logGet(46)) - raft.server.log.queue.byte-limit = 64MB (=67108864) (default)
2022-07-15 00:55:29,645 [s1-impl-thread1] INFO  server.RaftServerConfigKeys (ConfUtils.java:logGet(46)) - raft.server.log.queue.element-limit = 4096 (default)
2022-07-15 00:55:29,645 [s1-impl-thread1] INFO  server.RaftServerConfigKeys (ConfUtils.java:logGet(46)) - raft.server.log.segment.size.max = 8MB (=8388608) (default)
2022-07-15 00:55:29,645 [s1-impl-thread1] INFO  server.RaftServerConfigKeys (ConfUtils.java:logGet(46)) - raft.server.log.preallocated.size = 4MB (=4194304) (default)
2022-07-15 00:55:29,645 [s1-impl-thread1] INFO  server.RaftServerConfigKeys (ConfUtils.java:logGet(46)) - raft.server.log.force.sync.num = 128 (default)
2022-07-15 00:55:29,645 [s1-impl-thread1] INFO  server.RaftServerConfigKeys (ConfUtils.java:logGet(46)) - raft.server.log.statemachine.data.sync = true (default)
2022-07-15 00:55:29,645 [s1-impl-thread1] INFO  server.RaftServerConfigKeys (ConfUtils.java:logGet(46)) - raft.server.log.statemachine.data.sync.timeout = 10s (default)
2022-07-15 00:55:29,645 [s1-impl-thread1] INFO  server.RaftServerConfigKeys (ConfUtils.java:logGet(46)) - raft.server.log.statemachine.data.sync.timeout.retry = -1 (default)
2022-07-15 00:55:29,645 [s1-impl-thread1] INFO  server.RaftServerConfigKeys (ConfUtils.java:logGet(46)) - raft.server.log.write.buffer.size = 64KB (=65536) (default)
2022-07-15 00:55:29,645 [s1-impl-thread1] INFO  server.RaftServerConfigKeys (ConfUtils.java:logGet(46)) - raft.server.log.unsafe-flush.enabled = false (default)
2022-07-15 00:55:29,645 [s1-impl-thread1] INFO  server.RaftServerConfigKeys (ConfUtils.java:logGet(46)) - raft.server.log.statemachine.data.caching.enabled = false (default)
2022-07-15 00:55:29,646 [s1-impl-thread1] INFO  segmented.SegmentedRaftLogWorker (SegmentedRaftLogWorker.java:lambda$new$0(135)) - s1@group-D993EBE7FE70-SegmentedRaftLogWorker: flushIndex: setUnconditionally 0 -> -1
2022-07-15 00:55:29,646 [s1-impl-thread1] INFO  segmented.SegmentedRaftLogWorker (SegmentedRaftLogWorker.java:lambda$new$0(135)) - s1@group-D993EBE7FE70-SegmentedRaftLogWorker: safeCacheEvictIndex: setUnconditionally 0 -> -1
2022-07-15 00:55:29,648 [s1-impl-thread1] INFO  server.RaftServer$Division (RaftServerImpl.java:start(313)) - s1@group-D993EBE7FE70: start as a follower, conf=-1: peers:[s0|rpc:localhost:45051|admin:localhost:42977|client:localhost:45097|dataStream:localhost:39217|priority:0|startupRole:FOLLOWER, s1|rpc:localhost:44071|admin:localhost:40507|client:localhost:38061|dataStream:localhost:38397|priority:0|startupRole:FOLLOWER, s2|rpc:localhost:38005|admin:localhost:46397|client:localhost:45965|dataStream:localhost:35133|priority:0|startupRole:FOLLOWER]|listeners:[], old=null
2022-07-15 00:55:29,648 [s1-impl-thread1] INFO  server.RaftServer$Division (RaftServerImpl.java:setRole(300)) - s1@group-D993EBE7FE70: changes role from      null to FOLLOWER at term 0 for startAsFollower
2022-07-15 00:55:29,648 [s1-impl-thread1] INFO  impl.RoleInfo (RoleInfo.java:updateAndGet(139)) - s1: start s1@group-D993EBE7FE70-FollowerState
2022-07-15 00:55:29,648 [s1-impl-thread1] INFO  util.JmxRegister (JmxRegister.java:tryRegister(44)) - Successfully registered JMX Bean with object name Ratis:service=RaftServer,group=group-D993EBE7FE70,id=s1
2022-07-15 00:55:29,648 [s1-impl-thread1] INFO  server.RaftServerConfigKeys (ConfUtils.java:logGet(46)) - raft.server.snapshot.auto.trigger.enabled = false (default)
2022-07-15 00:55:29,648 [s1-impl-thread1] INFO  server.RaftServerConfigKeys (ConfUtils.java:logGet(46)) - raft.server.snapshot.retention.file.num = -1 (default)
2022-07-15 00:55:29,648 [s1-impl-thread1] INFO  server.RaftServerConfigKeys (ConfUtils.java:logGet(46)) - raft.server.log.purge.upto.snapshot.index = false (default)
2022-07-15 00:55:29,649 [Time-limited test] INFO  server.RaftServer (RaftServerProxy.java:startImpl(385)) - s1: start RPC server
2022-07-15 00:55:29,651 [Time-limited test] INFO  server.GrpcService (GrpcService.java:startImpl(260)) - s1: GrpcService started, listening on 44071
2022-07-15 00:55:29,653 [Time-limited test] INFO  server.GrpcService (GrpcService.java:startImpl(260)) - s1: GrpcService started, listening on 40507
2022-07-15 00:55:29,654 [Time-limited test] INFO  server.GrpcService (GrpcService.java:startImpl(260)) - s1: GrpcService started, listening on 38061
2022-07-15 00:55:29,655 [org.apache.ratis.util.JvmPauseMonitor$$Lambda$278/1607806434@694246a6] INFO  util.JvmPauseMonitor (JvmPauseMonitor.java:run(103)) - JvmPauseMonitor-s1: Started
2022-07-15 00:55:29,656 [s2-impl-thread1] INFO  storage.RaftStorageDirectory (RaftStorageDirectoryImpl.java:analyzeStorage(137)) - The storage directory /home/runner/work/ratis/ratis/ratis-test/target/test/data/d1c7e1dc/MiniRaftClusterWithRpcTypeGrpcAndDataStreamTypeNetty1ab3ec7b/s2/c3492ac9-de7b-4dd7-89be-d993ebe7fe70 does not exist. Creating ...
2022-07-15 00:55:29,656 [s2-impl-thread1] TRACE util.FileUtils (LogUtils.java:runAndLog(49)) - Successfully ran Files.createDirectories /home/runner/work/ratis/ratis/ratis-test/target/test/data/d1c7e1dc/MiniRaftClusterWithRpcTypeGrpcAndDataStreamTypeNetty1ab3ec7b/s2/c3492ac9-de7b-4dd7-89be-d993ebe7fe70
2022-07-15 00:55:29,657 [s2-impl-thread1] INFO  storage.RaftStorageDirectory (RaftStorageDirectoryImpl.java:tryLock(231)) - Lock on /home/runner/work/ratis/ratis/ratis-test/target/test/data/d1c7e1dc/MiniRaftClusterWithRpcTypeGrpcAndDataStreamTypeNetty1ab3ec7b/s2/c3492ac9-de7b-4dd7-89be-d993ebe7fe70/in_use.lock acquired by nodename 23484@fv-az227-807.s5iqtnwydjqurgfbkcutmb5yih.cx.internal.cloudapp.net
2022-07-15 00:55:29,657 [s2-impl-thread1] TRACE util.FileUtils (LogUtils.java:runAndLog(49)) - Successfully ran Files.createDirectories /home/runner/work/ratis/ratis/ratis-test/target/test/data/d1c7e1dc/MiniRaftClusterWithRpcTypeGrpcAndDataStreamTypeNetty1ab3ec7b/s2/c3492ac9-de7b-4dd7-89be-d993ebe7fe70/current
2022-07-15 00:55:29,657 [s2-impl-thread1] TRACE util.FileUtils (LogUtils.java:runAndLog(49)) - Successfully ran Files.createDirectories /home/runner/work/ratis/ratis/ratis-test/target/test/data/d1c7e1dc/MiniRaftClusterWithRpcTypeGrpcAndDataStreamTypeNetty1ab3ec7b/s2/c3492ac9-de7b-4dd7-89be-d993ebe7fe70/sm
2022-07-15 00:55:29,658 [s2-impl-thread1] INFO  storage.RaftStorage (RaftStorageImpl.java:format(96)) - Storage directory /home/runner/work/ratis/ratis/ratis-test/target/test/data/d1c7e1dc/MiniRaftClusterWithRpcTypeGrpcAndDataStreamTypeNetty1ab3ec7b/s2/c3492ac9-de7b-4dd7-89be-d993ebe7fe70 has been successfully formatted.
2022-07-15 00:55:29,658 [s2-impl-thread1] INFO  server.RaftServerConfigKeys (ConfUtils.java:logGet(46)) - raft.server.log.use.memory = false (default)
2022-07-15 00:55:29,658 [s2-impl-thread1] INFO  server.RaftServerConfigKeys (ConfUtils.java:logGet(46)) - raft.server.log.purge.gap = 1024 (default)
2022-07-15 00:55:29,659 [s2-impl-thread1] INFO  server.RaftServerConfigKeys (ConfUtils.java:logGet(46)) - raft.server.log.appender.buffer.byte-limit = 4MB (=4194304) (default)
2022-07-15 00:55:29,659 [s2-impl-thread1] INFO  server.RaftServerConfigKeys (ConfUtils.java:logGet(46)) - raft.server.log.statemachine.data.read.timeout = 1000ms (default)
2022-07-15 00:55:29,659 [s2-impl-thread1] INFO  server.RaftServerConfigKeys (ConfUtils.java:logGet(46)) - raft.server.log.segment.size.max = 8MB (=8388608) (default)
2022-07-15 00:55:29,659 [s2-impl-thread1] INFO  server.RaftServerConfigKeys (ConfUtils.java:logGet(46)) - raft.server.log.segment.cache.num.max = 6 (default)
2022-07-15 00:55:29,659 [s2-impl-thread1] INFO  server.RaftServerConfigKeys (ConfUtils.java:logGet(46)) - raft.server.log.segment.cache.size.max = 200MB (=209715200) (default)
2022-07-15 00:55:29,659 [s2-impl-thread1] INFO  segmented.SegmentedRaftLogWorker (SegmentedRaftLogWorker.java:<init>(187)) - new s2@group-D993EBE7FE70-SegmentedRaftLogWorker for RaftStorageImpl:Storage Directory /home/runner/work/ratis/ratis/ratis-test/target/test/data/d1c7e1dc/MiniRaftClusterWithRpcTypeGrpcAndDataStreamTypeNetty1ab3ec7b/s2/c3492ac9-de7b-4dd7-89be-d993ebe7fe70
2022-07-15 00:55:29,659 [s2-impl-thread1] INFO  server.RaftServerConfigKeys (ConfUtils.java:logGet(46)) - raft.server.log.queue.byte-limit = 64MB (=67108864) (default)
2022-07-15 00:55:29,659 [s2-impl-thread1] INFO  server.RaftServerConfigKeys (ConfUtils.java:logGet(46)) - raft.server.log.queue.element-limit = 4096 (default)
2022-07-15 00:55:29,659 [s2-impl-thread1] INFO  server.RaftServerConfigKeys (ConfUtils.java:logGet(46)) - raft.server.log.segment.size.max = 8MB (=8388608) (default)
2022-07-15 00:55:29,659 [s2-impl-thread1] INFO  server.RaftServerConfigKeys (ConfUtils.java:logGet(46)) - raft.server.log.preallocated.size = 4MB (=4194304) (default)
2022-07-15 00:55:29,659 [s2-impl-thread1] INFO  server.RaftServerConfigKeys (ConfUtils.java:logGet(46)) - raft.server.log.force.sync.num = 128 (default)
2022-07-15 00:55:29,659 [s2-impl-thread1] INFO  server.RaftServerConfigKeys (ConfUtils.java:logGet(46)) - raft.server.log.statemachine.data.sync = true (default)
2022-07-15 00:55:29,659 [s2-impl-thread1] INFO  server.RaftServerConfigKeys (ConfUtils.java:logGet(46)) - raft.server.log.statemachine.data.sync.timeout = 10s (default)
2022-07-15 00:55:29,659 [s2-impl-thread1] INFO  server.RaftServerConfigKeys (ConfUtils.java:logGet(46)) - raft.server.log.statemachine.data.sync.timeout.retry = -1 (default)
2022-07-15 00:55:29,659 [s2-impl-thread1] INFO  server.RaftServerConfigKeys (ConfUtils.java:logGet(46)) - raft.server.log.write.buffer.size = 64KB (=65536) (default)
2022-07-15 00:55:29,659 [s2-impl-thread1] INFO  server.RaftServerConfigKeys (ConfUtils.java:logGet(46)) - raft.server.log.unsafe-flush.enabled = false (default)
2022-07-15 00:55:29,660 [s2-impl-thread1] INFO  server.RaftServerConfigKeys (ConfUtils.java:logGet(46)) - raft.server.log.statemachine.data.caching.enabled = false (default)
2022-07-15 00:55:29,660 [s2-impl-thread1] INFO  segmented.SegmentedRaftLogWorker (SegmentedRaftLogWorker.java:lambda$new$0(135)) - s2@group-D993EBE7FE70-SegmentedRaftLogWorker: flushIndex: setUnconditionally 0 -> -1
2022-07-15 00:55:29,660 [s2-impl-thread1] INFO  segmented.SegmentedRaftLogWorker (SegmentedRaftLogWorker.java:lambda$new$0(135)) - s2@group-D993EBE7FE70-SegmentedRaftLogWorker: safeCacheEvictIndex: setUnconditionally 0 -> -1
2022-07-15 00:55:29,660 [s2-impl-thread1] INFO  server.RaftServer$Division (RaftServerImpl.java:start(313)) - s2@group-D993EBE7FE70: start as a follower, conf=-1: peers:[s0|rpc:localhost:45051|admin:localhost:42977|client:localhost:45097|dataStream:localhost:39217|priority:0|startupRole:FOLLOWER, s1|rpc:localhost:44071|admin:localhost:40507|client:localhost:38061|dataStream:localhost:38397|priority:0|startupRole:FOLLOWER, s2|rpc:localhost:38005|admin:localhost:46397|client:localhost:45965|dataStream:localhost:35133|priority:0|startupRole:FOLLOWER]|listeners:[], old=null
2022-07-15 00:55:29,660 [s2-impl-thread1] INFO  server.RaftServer$Division (RaftServerImpl.java:setRole(300)) - s2@group-D993EBE7FE70: changes role from      null to FOLLOWER at term 0 for startAsFollower
2022-07-15 00:55:29,660 [s2-impl-thread1] INFO  impl.RoleInfo (RoleInfo.java:updateAndGet(139)) - s2: start s2@group-D993EBE7FE70-FollowerState
2022-07-15 00:55:29,661 [s2-impl-thread1] INFO  util.JmxRegister (JmxRegister.java:tryRegister(44)) - Successfully registered JMX Bean with object name Ratis:service=RaftServer,group=group-D993EBE7FE70,id=s2
2022-07-15 00:55:29,661 [s2-impl-thread1] INFO  server.RaftServerConfigKeys (ConfUtils.java:logGet(46)) - raft.server.snapshot.auto.trigger.enabled = false (default)
2022-07-15 00:55:29,661 [s2-impl-thread1] INFO  server.RaftServerConfigKeys (ConfUtils.java:logGet(46)) - raft.server.snapshot.retention.file.num = -1 (default)
2022-07-15 00:55:29,661 [s2-impl-thread1] INFO  server.RaftServerConfigKeys (ConfUtils.java:logGet(46)) - raft.server.log.purge.upto.snapshot.index = false (default)
2022-07-15 00:55:29,661 [Time-limited test] INFO  server.RaftServer (RaftServerProxy.java:startImpl(385)) - s2: start RPC server
2022-07-15 00:55:29,664 [Time-limited test] INFO  server.GrpcService (GrpcService.java:startImpl(260)) - s2: GrpcService started, listening on 38005
2022-07-15 00:55:29,668 [Time-limited test] INFO  server.GrpcService (GrpcService.java:startImpl(260)) - s2: GrpcService started, listening on 46397
2022-07-15 00:55:29,670 [Time-limited test] INFO  server.GrpcService (GrpcService.java:startImpl(260)) - s2: GrpcService started, listening on 45965
2022-07-15 00:55:29,671 [org.apache.ratis.util.JvmPauseMonitor$$Lambda$278/1607806434@6ca48ff5] INFO  util.JvmPauseMonitor (JvmPauseMonitor.java:run(103)) - JvmPauseMonitor-s2: Started
2022-07-15 00:55:29,674 [Time-limited test] INFO  server.RaftServerConfigKeys (ConfUtils.java:logGet(46)) - raft.server.rpc.timeout.max = 300ms (default)
2022-07-15 00:55:29,675 [Time-limited test] INFO  ratis.RaftTestUtil (RaftTestUtil.java:waitForLeader(100)) - printing ALL groups
  s0:  RUNNING  FOLLOWER s0@group-D993EBE7FE70:t0, leader=null, voted=, raftlog=Memoized:s0@group-D993EBE7FE70-SegmentedRaftLog:OPENED:c-1, conf=-1: peers:[s0|rpc:localhost:45051|admin:localhost:42977|client:localhost:45097|dataStream:localhost:39217|priority:0|startupRole:FOLLOWER, s1|rpc:localhost:44071|admin:localhost:40507|client:localhost:38061|dataStream:localhost:38397|priority:0|startupRole:FOLLOWER, s2|rpc:localhost:38005|admin:localhost:46397|client:localhost:45965|dataStream:localhost:35133|priority:0|startupRole:FOLLOWER]|listeners:[], old=null RUNNING
  s1:  RUNNING  FOLLOWER s1@group-D993EBE7FE70:t0, leader=null, voted=, raftlog=Memoized:s1@group-D993EBE7FE70-SegmentedRaftLog:OPENED:c-1, conf=-1: peers:[s0|rpc:localhost:45051|admin:localhost:42977|client:localhost:45097|dataStream:localhost:39217|priority:0|startupRole:FOLLOWER, s1|rpc:localhost:44071|admin:localhost:40507|client:localhost:38061|dataStream:localhost:38397|priority:0|startupRole:FOLLOWER, s2|rpc:localhost:38005|admin:localhost:46397|client:localhost:45965|dataStream:localhost:35133|priority:0|startupRole:FOLLOWER]|listeners:[], old=null RUNNING
  s2:  RUNNING  FOLLOWER s2@group-D993EBE7FE70:t0, leader=null, voted=, raftlog=Memoized:s2@group-D993EBE7FE70-SegmentedRaftLog:OPENED:c-1, conf=-1: peers:[s0|rpc:localhost:45051|admin:localhost:42977|client:localhost:45097|dataStream:localhost:39217|priority:0|startupRole:FOLLOWER, s1|rpc:localhost:44071|admin:localhost:40507|client:localhost:38061|dataStream:localhost:38397|priority:0|startupRole:FOLLOWER, s2|rpc:localhost:38005|admin:localhost:46397|client:localhost:45965|dataStream:localhost:35133|priority:0|startupRole:FOLLOWER]|listeners:[], old=null RUNNING
2022-07-15 00:55:29,675 [Time-limited test] WARN  ratis.RaftTestUtil (JavaUtils.java:attempt(172)) - FAILED "waitForLeader-null-(expectLeader? true)", attempt #1/100: java.lang.IllegalStateException: No leader yet : printing ALL groups
  s0:  RUNNING  FOLLOWER s0@group-D993EBE7FE70:t0, leader=null, voted=, raftlog=Memoized:s0@group-D993EBE7FE70-SegmentedRaftLog:OPENED:c-1, conf=-1: peers:[s0|rpc:localhost:45051|admin:localhost:42977|client:localhost:45097|dataStream:localhost:39217|priority:0|startupRole:FOLLOWER, s1|rpc:localhost:44071|admin:localhost:40507|client:localhost:38061|dataStream:localhost:38397|priority:0|startupRole:FOLLOWER, s2|rpc:localhost:38005|admin:localhost:46397|client:localhost:45965|dataStream:localhost:35133|priority:0|startupRole:FOLLOWER]|listeners:[], old=null RUNNING
  s1:  RUNNING  FOLLOWER s1@group-D993EBE7FE70:t0, leader=null, voted=, raftlog=Memoized:s1@group-D993EBE7FE70-SegmentedRaftLog:OPENED:c-1, conf=-1: peers:[s0|rpc:localhost:45051|admin:localhost:42977|client:localhost:45097|dataStream:localhost:39217|priority:0|startupRole:FOLLOWER, s1|rpc:localhost:44071|admin:localhost:40507|client:localhost:38061|dataStream:localhost:38397|priority:0|startupRole:FOLLOWER, s2|rpc:localhost:38005|admin:localhost:46397|client:localhost:45965|dataStream:localhost:35133|priority:0|startupRole:FOLLOWER]|listeners:[], old=null RUNNING
  s2:  RUNNING  FOLLOWER s2@group-D993EBE7FE70:t0, leader=null, voted=, raftlog=Memoized:s2@group-D993EBE7FE70-SegmentedRaftLog:OPENED:c-1, conf=-1: peers:[s0|rpc:localhost:45051|admin:localhost:42977|client:localhost:45097|dataStream:localhost:39217|priority:0|startupRole:FOLLOWER, s1|rpc:localhost:44071|admin:localhost:40507|client:localhost:38061|dataStream:localhost:38397|priority:0|startupRole:FOLLOWER, s2|rpc:localhost:38005|admin:localhost:46397|client:localhost:45965|dataStream:localhost:35133|priority:0|startupRole:FOLLOWER]|listeners:[], old=null RUNNING, sleep 450ms and then retry.
java.lang.IllegalStateException: No leader yet : printing ALL groups
  s0:  RUNNING  FOLLOWER s0@group-D993EBE7FE70:t0, leader=null, voted=, raftlog=Memoized:s0@group-D993EBE7FE70-SegmentedRaftLog:OPENED:c-1, conf=-1: peers:[s0|rpc:localhost:45051|admin:localhost:42977|client:localhost:45097|dataStream:localhost:39217|priority:0|startupRole:FOLLOWER, s1|rpc:localhost:44071|admin:localhost:40507|client:localhost:38061|dataStream:localhost:38397|priority:0|startupRole:FOLLOWER, s2|rpc:localhost:38005|admin:localhost:46397|client:localhost:45965|dataStream:localhost:35133|priority:0|startupRole:FOLLOWER]|listeners:[], old=null RUNNING
  s1:  RUNNING  FOLLOWER s1@group-D993EBE7FE70:t0, leader=null, voted=, raftlog=Memoized:s1@group-D993EBE7FE70-SegmentedRaftLog:OPENED:c-1, conf=-1: peers:[s0|rpc:localhost:45051|admin:localhost:42977|client:localhost:45097|dataStream:localhost:39217|priority:0|startupRole:FOLLOWER, s1|rpc:localhost:44071|admin:localhost:40507|client:localhost:38061|dataStream:localhost:38397|priority:0|startupRole:FOLLOWER, s2|rpc:localhost:38005|admin:localhost:46397|client:localhost:45965|dataStream:localhost:35133|priority:0|startupRole:FOLLOWER]|listeners:[], old=null RUNNING
  s2:  RUNNING  FOLLOWER s2@group-D993EBE7FE70:t0, leader=null, voted=, raftlog=Memoized:s2@group-D993EBE7FE70-SegmentedRaftLog:OPENED:c-1, conf=-1: peers:[s0|rpc:localhost:45051|admin:localhost:42977|client:localhost:45097|dataStream:localhost:39217|priority:0|startupRole:FOLLOWER, s1|rpc:localhost:44071|admin:localhost:40507|client:localhost:38061|dataStream:localhost:38397|priority:0|startupRole:FOLLOWER, s2|rpc:localhost:38005|admin:localhost:46397|client:localhost:45965|dataStream:localhost:35133|priority:0|startupRole:FOLLOWER]|listeners:[], old=null RUNNING
	at org.apache.ratis.server.impl.MiniRaftCluster.newIllegalStateExceptionForNoLeaders(MiniRaftCluster.java:535)
	at org.apache.ratis.RaftTestUtil.lambda$waitForLeader$1(RaftTestUtil.java:104)
	at org.apache.ratis.server.impl.MiniRaftCluster.getLeader(MiniRaftCluster.java:569)
	at org.apache.ratis.server.impl.MiniRaftCluster.getLeader(MiniRaftCluster.java:562)
	at org.apache.ratis.RaftTestUtil.lambda$waitForLeader$3(RaftTestUtil.java:112)
	at org.apache.ratis.util.JavaUtils.attempt(JavaUtils.java:166)
	at org.apache.ratis.util.JavaUtils.attemptRepeatedly(JavaUtils.java:152)
	at org.apache.ratis.RaftTestUtil.waitForLeader(RaftTestUtil.java:111)
	at org.apache.ratis.RaftTestUtil.waitForLeader(RaftTestUtil.java:92)
	at org.apache.ratis.RaftTestUtil.waitForLeader(RaftTestUtil.java:87)
	at org.apache.ratis.datastream.DataStreamAsyncClusterTests.runTestDataStream(DataStreamAsyncClusterTests.java:90)
	at org.apache.ratis.datastream.DataStreamAsyncClusterTests.runTestDataStreamStepDownLeader(DataStreamAsyncClusterTests.java:82)
	at org.apache.ratis.server.impl.MiniRaftCluster$Factory$Get.runWithNewCluster(MiniRaftCluster.java:125)
	at org.apache.ratis.server.impl.MiniRaftCluster$Factory$Get.runWithNewCluster(MiniRaftCluster.java:113)
	at org.apache.ratis.datastream.DataStreamAsyncClusterTests.testMultipleStreamsMultipleServersStepDownLeader(DataStreamAsyncClusterTests.java:78)
	at sun.reflect.NativeMethodAccessorImpl.invoke0(Native Method)
	at sun.reflect.NativeMethodAccessorImpl.invoke(NativeMethodAccessorImpl.java:62)
	at sun.reflect.DelegatingMethodAccessorImpl.invoke(DelegatingMethodAccessorImpl.java:43)
	at java.lang.reflect.Method.invoke(Method.java:498)
	at org.junit.runners.model.FrameworkMethod$1.runReflectiveCall(FrameworkMethod.java:59)
	at org.junit.internal.runners.model.ReflectiveCallable.run(ReflectiveCallable.java:12)
	at org.junit.runners.model.FrameworkMethod.invokeExplosively(FrameworkMethod.java:56)
	at org.junit.internal.runners.statements.InvokeMethod.evaluate(InvokeMethod.java:17)
	at org.junit.internal.runners.statements.RunAfters.evaluate(RunAfters.java:27)
	at org.junit.internal.runners.statements.FailOnTimeout$CallableStatement.call(FailOnTimeout.java:299)
	at org.junit.internal.runners.statements.FailOnTimeout$CallableStatement.call(FailOnTimeout.java:293)
	at java.util.concurrent.FutureTask.run(FutureTask.java:266)
	at java.lang.Thread.run(Thread.java:750)
2022-07-15 00:55:29,780 [s0@group-D993EBE7FE70-FollowerState] INFO  impl.FollowerState (FollowerState.java:run(143)) - s0@group-D993EBE7FE70-FollowerState: change to CANDIDATE, lastRpcElapsedTime:153097031ns, electionTimeout:152ms
2022-07-15 00:55:29,786 [s0@group-D993EBE7FE70-FollowerState] INFO  impl.RoleInfo (RoleInfo.java:shutdownFollowerState(110)) - s0: shutdown s0@group-D993EBE7FE70-FollowerState
2022-07-15 00:55:29,786 [s0@group-D993EBE7FE70-FollowerState] INFO  server.RaftServer$Division (RaftServerImpl.java:setRole(300)) - s0@group-D993EBE7FE70: changes role from  FOLLOWER to CANDIDATE at term 0 for changeToCandidate
2022-07-15 00:55:29,787 [s0@group-D993EBE7FE70-FollowerState] INFO  server.RaftServerConfigKeys (ConfUtils.java:logGet(46)) - raft.server.leaderelection.pre-vote = true (default)
2022-07-15 00:55:29,787 [s0@group-D993EBE7FE70-FollowerState] INFO  impl.RoleInfo (RoleInfo.java:updateAndGet(139)) - s0: start s0@group-D993EBE7FE70-LeaderElection3
2022-07-15 00:55:29,790 [s0@group-D993EBE7FE70-LeaderElection3] INFO  impl.LeaderElection (LeaderElection.java:askForVotes(310)) - s0@group-D993EBE7FE70-LeaderElection3 PRE_VOTE round 0: submit vote requests at term 0 for -1: peers:[s0|rpc:localhost:45051|admin:localhost:42977|client:localhost:45097|dataStream:localhost:39217|priority:0|startupRole:FOLLOWER, s1|rpc:localhost:44071|admin:localhost:40507|client:localhost:38061|dataStream:localhost:38397|priority:0|startupRole:FOLLOWER, s2|rpc:localhost:38005|admin:localhost:46397|client:localhost:45965|dataStream:localhost:35133|priority:0|startupRole:FOLLOWER]|listeners:[], old=null
2022-07-15 00:55:29,798 [grpc-default-executor-1] INFO  server.RaftServer$Division (RaftServerImpl.java:requestVote(1183)) - s1@group-D993EBE7FE70: receive requestVote(PRE_VOTE, s0, group-D993EBE7FE70, 0, (t:0, i:0))
2022-07-15 00:55:29,798 [grpc-default-executor-1] INFO  impl.VoteContext (VoteContext.java:log(48)) - s1@group-D993EBE7FE70-FOLLOWER: accept PRE_VOTE from s0: our priority 0 <= candidate's priority 0
2022-07-15 00:55:29,798 [grpc-default-executor-1] INFO  server.RaftServer$Division (RaftServerImpl.java:requestVote(1216)) - s1@group-D993EBE7FE70 replies to PRE_VOTE vote request: s0<-s1#0:OK-t0. Peer's state: s1@group-D993EBE7FE70:t0, leader=null, voted=, raftlog=Memoized:s1@group-D993EBE7FE70-SegmentedRaftLog:OPENED:c-1, conf=-1: peers:[s0|rpc:localhost:45051|admin:localhost:42977|client:localhost:45097|dataStream:localhost:39217|priority:0|startupRole:FOLLOWER, s1|rpc:localhost:44071|admin:localhost:40507|client:localhost:38061|dataStream:localhost:38397|priority:0|startupRole:FOLLOWER, s2|rpc:localhost:38005|admin:localhost:46397|client:localhost:45965|dataStream:localhost:35133|priority:0|startupRole:FOLLOWER]|listeners:[], old=null
2022-07-15 00:55:29,802 [s0@group-D993EBE7FE70-LeaderElection3] INFO  impl.LeaderElection (LeaderElection.java:logAndReturn(90)) - s0@group-D993EBE7FE70-LeaderElection3: PRE_VOTE PASSED received 1 response(s) and 0 exception(s):
2022-07-15 00:55:29,803 [s0@group-D993EBE7FE70-LeaderElection3] INFO  impl.LeaderElection (LeaderElection.java:logAndReturn(94)) -   Response 0: s0<-s1#0:OK-t0
2022-07-15 00:55:29,803 [s0@group-D993EBE7FE70-LeaderElection3] INFO  impl.LeaderElection (LeaderElection.java:askForVotes(312)) - s0@group-D993EBE7FE70-LeaderElection3 PRE_VOTE round 0: result PASSED
2022-07-15 00:55:29,809 [s0@group-D993EBE7FE70-LeaderElection3] INFO  impl.LeaderElection (LeaderElection.java:askForVotes(310)) - s0@group-D993EBE7FE70-LeaderElection3 ELECTION round 0: submit vote requests at term 1 for -1: peers:[s0|rpc:localhost:45051|admin:localhost:42977|client:localhost:45097|dataStream:localhost:39217|priority:0|startupRole:FOLLOWER, s1|rpc:localhost:44071|admin:localhost:40507|client:localhost:38061|dataStream:localhost:38397|priority:0|startupRole:FOLLOWER, s2|rpc:localhost:38005|admin:localhost:46397|client:localhost:45965|dataStream:localhost:35133|priority:0|startupRole:FOLLOWER]|listeners:[], old=null
2022-07-15 00:55:29,818 [grpc-default-executor-1] INFO  server.RaftServer$Division (RaftServerImpl.java:requestVote(1183)) - s2@group-D993EBE7FE70: receive requestVote(PRE_VOTE, s0, group-D993EBE7FE70, 0, (t:0, i:0))
2022-07-15 00:55:29,819 [grpc-default-executor-1] INFO  impl.VoteContext (VoteContext.java:log(48)) - s2@group-D993EBE7FE70-FOLLOWER: accept PRE_VOTE from s0: our priority 0 <= candidate's priority 0
2022-07-15 00:55:29,819 [grpc-default-executor-1] INFO  server.RaftServer$Division (RaftServerImpl.java:requestVote(1216)) - s2@group-D993EBE7FE70 replies to PRE_VOTE vote request: s0<-s2#0:OK-t0. Peer's state: s2@group-D993EBE7FE70:t0, leader=null, voted=, raftlog=Memoized:s2@group-D993EBE7FE70-SegmentedRaftLog:OPENED:c-1, conf=-1: peers:[s0|rpc:localhost:45051|admin:localhost:42977|client:localhost:45097|dataStream:localhost:39217|priority:0|startupRole:FOLLOWER, s1|rpc:localhost:44071|admin:localhost:40507|client:localhost:38061|dataStream:localhost:38397|priority:0|startupRole:FOLLOWER, s2|rpc:localhost:38005|admin:localhost:46397|client:localhost:45965|dataStream:localhost:35133|priority:0|startupRole:FOLLOWER]|listeners:[], old=null
2022-07-15 00:55:29,822 [grpc-default-executor-0] INFO  server.RaftServer$Division (RaftServerImpl.java:requestVote(1183)) - s2@group-D993EBE7FE70: receive requestVote(ELECTION, s0, group-D993EBE7FE70, 1, (t:0, i:0))
2022-07-15 00:55:29,822 [grpc-default-executor-1] INFO  server.RaftServer$Division (RaftServerImpl.java:requestVote(1183)) - s1@group-D993EBE7FE70: receive requestVote(ELECTION, s0, group-D993EBE7FE70, 1, (t:0, i:0))
2022-07-15 00:55:29,823 [grpc-default-executor-1] INFO  impl.VoteContext (VoteContext.java:log(48)) - s1@group-D993EBE7FE70-FOLLOWER: accept ELECTION from s0: our priority 0 <= candidate's priority 0
2022-07-15 00:55:29,823 [grpc-default-executor-1] INFO  server.RaftServer$Division (RaftServerImpl.java:setRole(300)) - s1@group-D993EBE7FE70: changes role from  FOLLOWER to FOLLOWER at term 1 for candidate:s0
2022-07-15 00:55:29,823 [grpc-default-executor-1] INFO  impl.RoleInfo (RoleInfo.java:shutdownFollowerState(110)) - s1: shutdown s1@group-D993EBE7FE70-FollowerState
2022-07-15 00:55:29,823 [grpc-default-executor-1] INFO  impl.RoleInfo (RoleInfo.java:updateAndGet(139)) - s1: start s1@group-D993EBE7FE70-FollowerState
2022-07-15 00:55:29,823 [grpc-default-executor-0] INFO  impl.VoteContext (VoteContext.java:log(48)) - s2@group-D993EBE7FE70-FOLLOWER: accept ELECTION from s0: our priority 0 <= candidate's priority 0
2022-07-15 00:55:29,824 [grpc-default-executor-0] INFO  server.RaftServer$Division (RaftServerImpl.java:setRole(300)) - s2@group-D993EBE7FE70: changes role from  FOLLOWER to FOLLOWER at term 1 for candidate:s0
2022-07-15 00:55:29,824 [grpc-default-executor-0] INFO  impl.RoleInfo (RoleInfo.java:shutdownFollowerState(110)) - s2: shutdown s2@group-D993EBE7FE70-FollowerState
2022-07-15 00:55:29,824 [grpc-default-executor-0] INFO  impl.RoleInfo (RoleInfo.java:updateAndGet(139)) - s2: start s2@group-D993EBE7FE70-FollowerState
2022-07-15 00:55:29,823 [s1@group-D993EBE7FE70-FollowerState] INFO  impl.FollowerState (FollowerState.java:run(152)) - s1@group-D993EBE7FE70-FollowerState was interrupted
2022-07-15 00:55:29,824 [grpc-default-executor-1] INFO  server.RaftServer$Division (RaftServerImpl.java:requestVote(1216)) - s1@group-D993EBE7FE70 replies to ELECTION vote request: s0<-s1#0:OK-t1. Peer's state: s1@group-D993EBE7FE70:t1, leader=null, voted=s0, raftlog=Memoized:s1@group-D993EBE7FE70-SegmentedRaftLog:OPENED:c-1, conf=-1: peers:[s0|rpc:localhost:45051|admin:localhost:42977|client:localhost:45097|dataStream:localhost:39217|priority:0|startupRole:FOLLOWER, s1|rpc:localhost:44071|admin:localhost:40507|client:localhost:38061|dataStream:localhost:38397|priority:0|startupRole:FOLLOWER, s2|rpc:localhost:38005|admin:localhost:46397|client:localhost:45965|dataStream:localhost:35133|priority:0|startupRole:FOLLOWER]|listeners:[], old=null
2022-07-15 00:55:29,824 [s2@group-D993EBE7FE70-FollowerState] INFO  impl.FollowerState (FollowerState.java:run(152)) - s2@group-D993EBE7FE70-FollowerState was interrupted
2022-07-15 00:55:29,828 [s0@group-D993EBE7FE70-LeaderElection3] INFO  impl.LeaderElection (LeaderElection.java:logAndReturn(90)) - s0@group-D993EBE7FE70-LeaderElection3: ELECTION PASSED received 1 response(s) and 0 exception(s):
2022-07-15 00:55:29,829 [s0@group-D993EBE7FE70-LeaderElection3] INFO  impl.LeaderElection (LeaderElection.java:logAndReturn(94)) -   Response 0: s0<-s1#0:OK-t1
2022-07-15 00:55:29,829 [s0@group-D993EBE7FE70-LeaderElection3] INFO  impl.LeaderElection (LeaderElection.java:askForVotes(312)) - s0@group-D993EBE7FE70-LeaderElection3 ELECTION round 0: result PASSED
2022-07-15 00:55:29,829 [s0@group-D993EBE7FE70-LeaderElection3] INFO  impl.RoleInfo (RoleInfo.java:shutdownLeaderElection(130)) - s0: shutdown s0@group-D993EBE7FE70-LeaderElection3
2022-07-15 00:55:29,829 [s0@group-D993EBE7FE70-LeaderElection3] INFO  server.RaftServer$Division (RaftServerImpl.java:setRole(300)) - s0@group-D993EBE7FE70: changes role from CANDIDATE to LEADER at term 1 for changeToLeader
2022-07-15 00:55:29,829 [s0@group-D993EBE7FE70-LeaderElection3] INFO  server.RaftServer$Division (ServerState.java:setLeader(313)) - s0@group-D993EBE7FE70: change Leader from null to s0 at term 1 for becomeLeader, leader elected after 230ms
2022-07-15 00:55:29,830 [s0@group-D993EBE7FE70-LeaderElection3] INFO  server.RaftServerConfigKeys (ConfUtils.java:logGet(46)) - raft.server.staging.catchup.gap = 1000 (default)
2022-07-15 00:55:29,830 [s0@group-D993EBE7FE70-LeaderElection3] INFO  server.RaftServerConfigKeys (ConfUtils.java:logGet(46)) - raft.server.write.element-limit = 4096 (default)
2022-07-15 00:55:29,830 [s0@group-D993EBE7FE70-LeaderElection3] INFO  server.RaftServerConfigKeys (ConfUtils.java:logGet(46)) - raft.server.write.byte-limit = 64MB (=67108864) (default)
2022-07-15 00:55:29,830 [s0@group-D993EBE7FE70-LeaderElection3] INFO  server.RaftServerConfigKeys (ConfUtils.java:logGet(46)) - raft.server.watch.timeout = 10s (default)
2022-07-15 00:55:29,830 [s0@group-D993EBE7FE70-LeaderElection3] INFO  server.RaftServerConfigKeys (ConfUtils.java:logGet(46)) - raft.server.watch.timeout.denomination = 1s (default)
2022-07-15 00:55:29,830 [s0@group-D993EBE7FE70-LeaderElection3] INFO  server.RaftServerConfigKeys (ConfUtils.java:logGet(46)) - raft.server.watch.element-limit = 65536 (default)
2022-07-15 00:55:29,830 [s0@group-D993EBE7FE70-LeaderElection3] INFO  server.RaftServerConfigKeys (ConfUtils.java:logGet(46)) - raft.server.write.element-limit = 4096 (default)
2022-07-15 00:55:29,830 [s0@group-D993EBE7FE70-LeaderElection3] INFO  server.RaftServerConfigKeys (ConfUtils.java:logGet(46)) - raft.server.write.follower.gap.ratio.max = -1.0 (default)
2022-07-15 00:55:29,830 [s0@group-D993EBE7FE70-LeaderElection3] INFO  server.RaftServerConfigKeys (ConfUtils.java:logGet(46)) - raft.server.log.appender.snapshot.chunk.size.max = 16MB (=16777216) (default)
2022-07-15 00:55:29,830 [s0@group-D993EBE7FE70-LeaderElection3] INFO  server.RaftServerConfigKeys (ConfUtils.java:logGet(46)) - raft.server.log.appender.buffer.byte-limit = 4MB (=4194304) (default)
2022-07-15 00:55:29,830 [s0@group-D993EBE7FE70-LeaderElection3] INFO  server.RaftServerConfigKeys (ConfUtils.java:logGet(46)) - raft.server.log.appender.buffer.element-limit = 0 (default)
2022-07-15 00:55:29,831 [s0@group-D993EBE7FE70-LeaderElection3] INFO  grpc.GrpcConfigKeys (ConfUtils.java:logGet(46)) - raft.grpc.server.leader.outstanding.appends.max = 128 (default)
2022-07-15 00:55:29,831 [s0@group-D993EBE7FE70-LeaderElection3] INFO  server.RaftServerConfigKeys (ConfUtils.java:logGet(46)) - raft.server.rpc.request.timeout = 3000ms (default)
2022-07-15 00:55:29,831 [s0@group-D993EBE7FE70-LeaderElection3] INFO  server.RaftServerConfigKeys (ConfUtils.java:logGet(46)) - raft.server.log.appender.install.snapshot.enabled = true (default)
2022-07-15 00:55:29,831 [s0@group-D993EBE7FE70-LeaderElection3] INFO  server.RaftServerConfigKeys (ConfUtils.java:logGet(46)) - raft.server.log.appender.snapshot.chunk.size.max = 16MB (=16777216) (default)
2022-07-15 00:55:29,831 [s0@group-D993EBE7FE70-LeaderElection3] INFO  server.RaftServerConfigKeys (ConfUtils.java:logGet(46)) - raft.server.log.appender.buffer.byte-limit = 4MB (=4194304) (default)
2022-07-15 00:55:29,831 [s0@group-D993EBE7FE70-LeaderElection3] INFO  server.RaftServerConfigKeys (ConfUtils.java:logGet(46)) - raft.server.log.appender.buffer.element-limit = 0 (default)
2022-07-15 00:55:29,831 [s0@group-D993EBE7FE70-LeaderElection3] INFO  grpc.GrpcConfigKeys (ConfUtils.java:logGet(46)) - raft.grpc.server.leader.outstanding.appends.max = 128 (default)
2022-07-15 00:55:29,831 [s0@group-D993EBE7FE70-LeaderElection3] INFO  server.RaftServerConfigKeys (ConfUtils.java:logGet(46)) - raft.server.rpc.request.timeout = 3000ms (default)
2022-07-15 00:55:29,831 [s0@group-D993EBE7FE70-LeaderElection3] INFO  server.RaftServerConfigKeys (ConfUtils.java:logGet(46)) - raft.server.log.appender.install.snapshot.enabled = true (default)
2022-07-15 00:55:29,831 [s0@group-D993EBE7FE70-LeaderElection3] INFO  impl.RoleInfo (RoleInfo.java:updateAndGet(139)) - s0: start s0@group-D993EBE7FE70-LeaderStateImpl
2022-07-15 00:55:29,832 [s0@group-D993EBE7FE70-LeaderElection3] INFO  segmented.SegmentedRaftLogWorker (SegmentedRaftLogWorker.java:startLogSegment(425)) - s0@group-D993EBE7FE70-SegmentedRaftLogWorker: Starting segment from index:0
2022-07-15 00:55:29,829 [grpc-default-executor-0] INFO  server.RaftServer$Division (RaftServerImpl.java:requestVote(1216)) - s2@group-D993EBE7FE70 replies to ELECTION vote request: s0<-s2#0:OK-t1. Peer's state: s2@group-D993EBE7FE70:t1, leader=null, voted=s0, raftlog=Memoized:s2@group-D993EBE7FE70-SegmentedRaftLog:OPENED:c-1, conf=-1: peers:[s0|rpc:localhost:45051|admin:localhost:42977|client:localhost:45097|dataStream:localhost:39217|priority:0|startupRole:FOLLOWER, s1|rpc:localhost:44071|admin:localhost:40507|client:localhost:38061|dataStream:localhost:38397|priority:0|startupRole:FOLLOWER, s2|rpc:localhost:38005|admin:localhost:46397|client:localhost:45965|dataStream:localhost:35133|priority:0|startupRole:FOLLOWER]|listeners:[], old=null
2022-07-15 00:55:29,842 [s0@group-D993EBE7FE70-SegmentedRaftLogWorker] INFO  segmented.SegmentedRaftLogWorker (SegmentedRaftLogWorker.java:execute(629)) - s0@group-D993EBE7FE70-SegmentedRaftLogWorker: created new log segment /home/runner/work/ratis/ratis/ratis-test/target/test/data/d1c7e1dc/MiniRaftClusterWithRpcTypeGrpcAndDataStreamTypeNetty1ab3ec7b/s0/c3492ac9-de7b-4dd7-89be-d993ebe7fe70/current/log_inprogress_0
2022-07-15 00:55:29,854 [s0@group-D993EBE7FE70-LeaderElection3] INFO  server.RaftServer$Division (ServerState.java:setRaftConf(429)) - s0@group-D993EBE7FE70: set configuration 0: peers:[s0|rpc:localhost:45051|admin:localhost:42977|client:localhost:45097|dataStream:localhost:39217|priority:0|startupRole:FOLLOWER, s1|rpc:localhost:44071|admin:localhost:40507|client:localhost:38061|dataStream:localhost:38397|priority:0|startupRole:FOLLOWER, s2|rpc:localhost:38005|admin:localhost:46397|client:localhost:45965|dataStream:localhost:35133|priority:0|startupRole:FOLLOWER]|listeners:[], old=null
2022-07-15 00:55:29,869 [s1-server-thread1] INFO  server.RaftServer$Division (ServerState.java:setLeader(313)) - s1@group-D993EBE7FE70: change Leader from null to s0 at term 1 for appendEntries, leader elected after 264ms
2022-07-15 00:55:29,870 [s2-server-thread1] INFO  server.RaftServer$Division (ServerState.java:setLeader(313)) - s2@group-D993EBE7FE70: change Leader from null to s0 at term 1 for appendEntries, leader elected after 246ms
2022-07-15 00:55:29,875 [s1-server-thread1] INFO  server.RaftServer$Division (ServerState.java:setRaftConf(429)) - s1@group-D993EBE7FE70: set configuration 0: peers:[s0|rpc:localhost:45051|admin:localhost:42977|client:localhost:45097|dataStream:localhost:39217|priority:0|startupRole:FOLLOWER, s1|rpc:localhost:44071|admin:localhost:40507|client:localhost:38061|dataStream:localhost:38397|priority:0|startupRole:FOLLOWER, s2|rpc:localhost:38005|admin:localhost:46397|client:localhost:45965|dataStream:localhost:35133|priority:0|startupRole:FOLLOWER]|listeners:[], old=null
2022-07-15 00:55:29,876 [s1-server-thread1] INFO  segmented.SegmentedRaftLogWorker (SegmentedRaftLogWorker.java:startLogSegment(425)) - s1@group-D993EBE7FE70-SegmentedRaftLogWorker: Starting segment from index:0
2022-07-15 00:55:29,886 [s2-server-thread1] INFO  server.RaftServer$Division (ServerState.java:setRaftConf(429)) - s2@group-D993EBE7FE70: set configuration 0: peers:[s0|rpc:localhost:45051|admin:localhost:42977|client:localhost:45097|dataStream:localhost:39217|priority:0|startupRole:FOLLOWER, s1|rpc:localhost:44071|admin:localhost:40507|client:localhost:38061|dataStream:localhost:38397|priority:0|startupRole:FOLLOWER, s2|rpc:localhost:38005|admin:localhost:46397|client:localhost:45965|dataStream:localhost:35133|priority:0|startupRole:FOLLOWER]|listeners:[], old=null
2022-07-15 00:55:29,887 [s2-server-thread1] INFO  segmented.SegmentedRaftLogWorker (SegmentedRaftLogWorker.java:startLogSegment(425)) - s2@group-D993EBE7FE70-SegmentedRaftLogWorker: Starting segment from index:0
2022-07-15 00:55:29,904 [s1@group-D993EBE7FE70-SegmentedRaftLogWorker] INFO  segmented.SegmentedRaftLogWorker (SegmentedRaftLogWorker.java:execute(629)) - s1@group-D993EBE7FE70-SegmentedRaftLogWorker: created new log segment /home/runner/work/ratis/ratis/ratis-test/target/test/data/d1c7e1dc/MiniRaftClusterWithRpcTypeGrpcAndDataStreamTypeNetty1ab3ec7b/s1/c3492ac9-de7b-4dd7-89be-d993ebe7fe70/current/log_inprogress_0
2022-07-15 00:55:29,905 [s2@group-D993EBE7FE70-SegmentedRaftLogWorker] INFO  segmented.SegmentedRaftLogWorker (SegmentedRaftLogWorker.java:execute(629)) - s2@group-D993EBE7FE70-SegmentedRaftLogWorker: created new log segment /home/runner/work/ratis/ratis/ratis-test/target/test/data/d1c7e1dc/MiniRaftClusterWithRpcTypeGrpcAndDataStreamTypeNetty1ab3ec7b/s2/c3492ac9-de7b-4dd7-89be-d993ebe7fe70/current/log_inprogress_0
2022-07-15 00:55:30,125 [Time-limited test] INFO  ratis.RaftTestUtil (RaftTestUtil.java:waitForLeader(119)) - printing ALL groups
  s0:  RUNNING    LEADER s0@group-D993EBE7FE70:t1, leader=s0, voted=s0, raftlog=Memoized:s0@group-D993EBE7FE70-SegmentedRaftLog:OPENED:c0, conf=0: peers:[s0|rpc:localhost:45051|admin:localhost:42977|client:localhost:45097|dataStream:localhost:39217|priority:0|startupRole:FOLLOWER, s1|rpc:localhost:44071|admin:localhost:40507|client:localhost:38061|dataStream:localhost:38397|priority:0|startupRole:FOLLOWER, s2|rpc:localhost:38005|admin:localhost:46397|client:localhost:45965|dataStream:localhost:35133|priority:0|startupRole:FOLLOWER]|listeners:[], old=null RUNNING
  s1:  RUNNING  FOLLOWER s1@group-D993EBE7FE70:t1, leader=s0, voted=s0, raftlog=Memoized:s1@group-D993EBE7FE70-SegmentedRaftLog:OPENED:c0, conf=0: peers:[s0|rpc:localhost:45051|admin:localhost:42977|client:localhost:45097|dataStream:localhost:39217|priority:0|startupRole:FOLLOWER, s1|rpc:localhost:44071|admin:localhost:40507|client:localhost:38061|dataStream:localhost:38397|priority:0|startupRole:FOLLOWER, s2|rpc:localhost:38005|admin:localhost:46397|client:localhost:45965|dataStream:localhost:35133|priority:0|startupRole:FOLLOWER]|listeners:[], old=null RUNNING
  s2:  RUNNING  FOLLOWER s2@group-D993EBE7FE70:t1, leader=s0, voted=s0, raftlog=Memoized:s2@group-D993EBE7FE70-SegmentedRaftLog:OPENED:c0, conf=0: peers:[s0|rpc:localhost:45051|admin:localhost:42977|client:localhost:45097|dataStream:localhost:39217|priority:0|startupRole:FOLLOWER, s1|rpc:localhost:44071|admin:localhost:40507|client:localhost:38061|dataStream:localhost:38397|priority:0|startupRole:FOLLOWER, s2|rpc:localhost:38005|admin:localhost:46397|client:localhost:45965|dataStream:localhost:35133|priority:0|startupRole:FOLLOWER]|listeners:[], old=null RUNNING
2022-07-15 00:55:30,126 [pool-9-thread-3] INFO  server.RaftServerConfigKeys (ConfUtils.java:logGet(46)) - raft.server.rpc.timeout.max = 300ms (default)
2022-07-15 00:55:30,134 [pool-9-thread-3] INFO  ratis.RaftTestUtil (RaftTestUtil.java:waitForLeader(100)) - printing ALL groups
  s0:  RUNNING    LEADER s0@group-D993EBE7FE70:t1, leader=s0, voted=s0, raftlog=Memoized:s0@group-D993EBE7FE70-SegmentedRaftLog:OPENED:c0, conf=0: peers:[s0|rpc:localhost:45051|admin:localhost:42977|client:localhost:45097|dataStream:localhost:39217|priority:0|startupRole:FOLLOWER, s1|rpc:localhost:44071|admin:localhost:40507|client:localhost:38061|dataStream:localhost:38397|priority:0|startupRole:FOLLOWER, s2|rpc:localhost:38005|admin:localhost:46397|client:localhost:45965|dataStream:localhost:35133|priority:0|startupRole:FOLLOWER]|listeners:[], old=null RUNNING
  s1:  RUNNING  FOLLOWER s1@group-D993EBE7FE70:t1, leader=s0, voted=s0, raftlog=Memoized:s1@group-D993EBE7FE70-SegmentedRaftLog:OPENED:c0, conf=0: peers:[s0|rpc:localhost:45051|admin:localhost:42977|client:localhost:45097|dataStream:localhost:39217|priority:0|startupRole:FOLLOWER, s1|rpc:localhost:44071|admin:localhost:40507|client:localhost:38061|dataStream:localhost:38397|priority:0|startupRole:FOLLOWER, s2|rpc:localhost:38005|admin:localhost:46397|client:localhost:45965|dataStream:localhost:35133|priority:0|startupRole:FOLLOWER]|listeners:[], old=null RUNNING
  s2:  RUNNING  FOLLOWER s2@group-D993EBE7FE70:t1, leader=s0, voted=s0, raftlog=Memoized:s2@group-D993EBE7FE70-SegmentedRaftLog:OPENED:c0, conf=0: peers:[s0|rpc:localhost:45051|admin:localhost:42977|client:localhost:45097|dataStream:localhost:39217|priority:0|startupRole:FOLLOWER, s1|rpc:localhost:44071|admin:localhost:40507|client:localhost:38061|dataStream:localhost:38397|priority:0|startupRole:FOLLOWER, s2|rpc:localhost:38005|admin:localhost:46397|client:localhost:45965|dataStream:localhost:35133|priority:0|startupRole:FOLLOWER]|listeners:[], old=null RUNNING
2022-07-15 00:55:30,134 [pool-9-thread-3] INFO  ratis.RaftTestUtil (RaftTestUtil.java:waitForLeader(119)) - printing ALL groups
  s0:  RUNNING    LEADER s0@group-D993EBE7FE70:t1, leader=s0, voted=s0, raftlog=Memoized:s0@group-D993EBE7FE70-SegmentedRaftLog:OPENED:c0, conf=0: peers:[s0|rpc:localhost:45051|admin:localhost:42977|client:localhost:45097|dataStream:localhost:39217|priority:0|startupRole:FOLLOWER, s1|rpc:localhost:44071|admin:localhost:40507|client:localhost:38061|dataStream:localhost:38397|priority:0|startupRole:FOLLOWER, s2|rpc:localhost:38005|admin:localhost:46397|client:localhost:45965|dataStream:localhost:35133|priority:0|startupRole:FOLLOWER]|listeners:[], old=null RUNNING
  s1:  RUNNING  FOLLOWER s1@group-D993EBE7FE70:t1, leader=s0, voted=s0, raftlog=Memoized:s1@group-D993EBE7FE70-SegmentedRaftLog:OPENED:c0, conf=0: peers:[s0|rpc:localhost:45051|admin:localhost:42977|client:localhost:45097|dataStream:localhost:39217|priority:0|startupRole:FOLLOWER, s1|rpc:localhost:44071|admin:localhost:40507|client:localhost:38061|dataStream:localhost:38397|priority:0|startupRole:FOLLOWER, s2|rpc:localhost:38005|admin:localhost:46397|client:localhost:45965|dataStream:localhost:35133|priority:0|startupRole:FOLLOWER]|listeners:[], old=null RUNNING
  s2:  RUNNING  FOLLOWER s2@group-D993EBE7FE70:t1, leader=s0, voted=s0, raftlog=Memoized:s2@group-D993EBE7FE70-SegmentedRaftLog:OPENED:c0, conf=0: peers:[s0|rpc:localhost:45051|admin:localhost:42977|client:localhost:45097|dataStream:localhost:39217|priority:0|startupRole:FOLLOWER, s1|rpc:localhost:44071|admin:localhost:40507|client:localhost:38061|dataStream:localhost:38397|priority:0|startupRole:FOLLOWER, s2|rpc:localhost:38005|admin:localhost:46397|client:localhost:45965|dataStream:localhost:35133|priority:0|startupRole:FOLLOWER]|listeners:[], old=null RUNNING
2022-07-15 00:55:30,135 [pool-9-thread-3] INFO  client.DataStreamClient (ConfUtils.java:logGet(46)) - raft.datastream.type = NETTY (custom)
2022-07-15 00:55:30,135 [pool-9-thread-3] INFO  netty.NettyConfigKeys$DataStream (ConfUtils.java:logGet(46)) - raft.netty.dataStream.client.tls.conf = null (default)
2022-07-15 00:55:30,135 [pool-9-thread-3] INFO  netty.NettyConfigKeys$DataStream (ConfUtils.java:logGet(46)) - raft.netty.dataStream.client.reply.queue.grace-period = 1s (default)
2022-07-15 00:55:30,135 [pool-9-thread-6] INFO  server.RaftServerConfigKeys (ConfUtils.java:logGet(46)) - raft.server.rpc.timeout.max = 300ms (default)
2022-07-15 00:55:30,135 [pool-9-thread-8] INFO  server.RaftServerConfigKeys (ConfUtils.java:logGet(46)) - raft.server.rpc.timeout.max = 300ms (default)
2022-07-15 00:55:30,135 [pool-9-thread-5] INFO  server.RaftServerConfigKeys (ConfUtils.java:logGet(46)) - raft.server.rpc.timeout.max = 300ms (default)
2022-07-15 00:55:30,139 [pool-9-thread-5] INFO  ratis.RaftTestUtil (RaftTestUtil.java:waitForLeader(100)) - printing ALL groups
  s0:  RUNNING    LEADER s0@group-D993EBE7FE70:t1, leader=s0, voted=s0, raftlog=Memoized:s0@group-D993EBE7FE70-SegmentedRaftLog:OPENED:c0, conf=0: peers:[s0|rpc:localhost:45051|admin:localhost:42977|client:localhost:45097|dataStream:localhost:39217|priority:0|startupRole:FOLLOWER, s1|rpc:localhost:44071|admin:localhost:40507|client:localhost:38061|dataStream:localhost:38397|priority:0|startupRole:FOLLOWER, s2|rpc:localhost:38005|admin:localhost:46397|client:localhost:45965|dataStream:localhost:35133|priority:0|startupRole:FOLLOWER]|listeners:[], old=null RUNNING
  s1:  RUNNING  FOLLOWER s1@group-D993EBE7FE70:t1, leader=s0, voted=s0, raftlog=Memoized:s1@group-D993EBE7FE70-SegmentedRaftLog:OPENED:c0, conf=0: peers:[s0|rpc:localhost:45051|admin:localhost:42977|client:localhost:45097|dataStream:localhost:39217|priority:0|startupRole:FOLLOWER, s1|rpc:localhost:44071|admin:localhost:40507|client:localhost:38061|dataStream:localhost:38397|priority:0|startupRole:FOLLOWER, s2|rpc:localhost:38005|admin:localhost:46397|client:localhost:45965|dataStream:localhost:35133|priority:0|startupRole:FOLLOWER]|listeners:[], old=null RUNNING
  s2:  RUNNING  FOLLOWER s2@group-D993EBE7FE70:t1, leader=s0, voted=s0, raftlog=Memoized:s2@group-D993EBE7FE70-SegmentedRaftLog:OPENED:c0, conf=0: peers:[s0|rpc:localhost:45051|admin:localhost:42977|client:localhost:45097|dataStream:localhost:39217|priority:0|startupRole:FOLLOWER, s1|rpc:localhost:44071|admin:localhost:40507|client:localhost:38061|dataStream:localhost:38397|priority:0|startupRole:FOLLOWER, s2|rpc:localhost:38005|admin:localhost:46397|client:localhost:45965|dataStream:localhost:35133|priority:0|startupRole:FOLLOWER]|listeners:[], old=null RUNNING
2022-07-15 00:55:30,139 [pool-9-thread-8] INFO  ratis.RaftTestUtil (RaftTestUtil.java:waitForLeader(100)) - printing ALL groups
  s0:  RUNNING    LEADER s0@group-D993EBE7FE70:t1, leader=s0, voted=s0, raftlog=Memoized:s0@group-D993EBE7FE70-SegmentedRaftLog:OPENED:c0, conf=0: peers:[s0|rpc:localhost:45051|admin:localhost:42977|client:localhost:45097|dataStream:localhost:39217|priority:0|startupRole:FOLLOWER, s1|rpc:localhost:44071|admin:localhost:40507|client:localhost:38061|dataStream:localhost:38397|priority:0|startupRole:FOLLOWER, s2|rpc:localhost:38005|admin:localhost:46397|client:localhost:45965|dataStream:localhost:35133|priority:0|startupRole:FOLLOWER]|listeners:[], old=null RUNNING
  s1:  RUNNING  FOLLOWER s1@group-D993EBE7FE70:t1, leader=s0, voted=s0, raftlog=Memoized:s1@group-D993EBE7FE70-SegmentedRaftLog:OPENED:c0, conf=0: peers:[s0|rpc:localhost:45051|admin:localhost:42977|client:localhost:45097|dataStream:localhost:39217|priority:0|startupRole:FOLLOWER, s1|rpc:localhost:44071|admin:localhost:40507|client:localhost:38061|dataStream:localhost:38397|priority:0|startupRole:FOLLOWER, s2|rpc:localhost:38005|admin:localhost:46397|client:localhost:45965|dataStream:localhost:35133|priority:0|startupRole:FOLLOWER]|listeners:[], old=null RUNNING
  s2:  RUNNING  FOLLOWER s2@group-D993EBE7FE70:t1, leader=s0, voted=s0, raftlog=Memoized:s2@group-D993EBE7FE70-SegmentedRaftLog:OPENED:c0, conf=0: peers:[s0|rpc:localhost:45051|admin:localhost:42977|client:localhost:45097|dataStream:localhost:39217|priority:0|startupRole:FOLLOWER, s1|rpc:localhost:44071|admin:localhost:40507|client:localhost:38061|dataStream:localhost:38397|priority:0|startupRole:FOLLOWER, s2|rpc:localhost:38005|admin:localhost:46397|client:localhost:45965|dataStream:localhost:35133|priority:0|startupRole:FOLLOWER]|listeners:[], old=null RUNNING
2022-07-15 00:55:30,139 [pool-9-thread-5] INFO  ratis.RaftTestUtil (RaftTestUtil.java:waitForLeader(119)) - printing ALL groups
  s0:  RUNNING    LEADER s0@group-D993EBE7FE70:t1, leader=s0, voted=s0, raftlog=Memoized:s0@group-D993EBE7FE70-SegmentedRaftLog:OPENED:c0, conf=0: peers:[s0|rpc:localhost:45051|admin:localhost:42977|client:localhost:45097|dataStream:localhost:39217|priority:0|startupRole:FOLLOWER, s1|rpc:localhost:44071|admin:localhost:40507|client:localhost:38061|dataStream:localhost:38397|priority:0|startupRole:FOLLOWER, s2|rpc:localhost:38005|admin:localhost:46397|client:localhost:45965|dataStream:localhost:35133|priority:0|startupRole:FOLLOWER]|listeners:[], old=null RUNNING
  s1:  RUNNING  FOLLOWER s1@group-D993EBE7FE70:t1, leader=s0, voted=s0, raftlog=Memoized:s1@group-D993EBE7FE70-SegmentedRaftLog:OPENED:c0, conf=0: peers:[s0|rpc:localhost:45051|admin:localhost:42977|client:localhost:45097|dataStream:localhost:39217|priority:0|startupRole:FOLLOWER, s1|rpc:localhost:44071|admin:localhost:40507|client:localhost:38061|dataStream:localhost:38397|priority:0|startupRole:FOLLOWER, s2|rpc:localhost:38005|admin:localhost:46397|client:localhost:45965|dataStream:localhost:35133|priority:0|startupRole:FOLLOWER]|listeners:[], old=null RUNNING
  s2:  RUNNING  FOLLOWER s2@group-D993EBE7FE70:t1, leader=s0, voted=s0, raftlog=Memoized:s2@group-D993EBE7FE70-SegmentedRaftLog:OPENED:c0, conf=0: peers:[s0|rpc:localhost:45051|admin:localhost:42977|client:localhost:45097|dataStream:localhost:39217|priority:0|startupRole:FOLLOWER, s1|rpc:localhost:44071|admin:localhost:40507|client:localhost:38061|dataStream:localhost:38397|priority:0|startupRole:FOLLOWER, s2|rpc:localhost:38005|admin:localhost:46397|client:localhost:45965|dataStream:localhost:35133|priority:0|startupRole:FOLLOWER]|listeners:[], old=null RUNNING
2022-07-15 00:55:30,140 [pool-9-thread-5] INFO  client.DataStreamClient (ConfUtils.java:logGet(46)) - raft.datastream.type = NETTY (custom)
2022-07-15 00:55:30,140 [pool-9-thread-5] INFO  netty.NettyConfigKeys$DataStream (ConfUtils.java:logGet(46)) - raft.netty.dataStream.client.tls.conf = null (default)
2022-07-15 00:55:30,140 [pool-9-thread-5] INFO  netty.NettyConfigKeys$DataStream (ConfUtils.java:logGet(46)) - raft.netty.dataStream.client.reply.queue.grace-period = 1s (default)
2022-07-15 00:55:30,140 [pool-9-thread-5] INFO  netty.NettyConfigKeys$DataStream (ConfUtils.java:logGet(46)) - raft.netty.dataStream.client.worker-group.share = false (default)
2022-07-15 00:55:30,140 [pool-9-thread-5] INFO  netty.NettyConfigKeys$DataStream (ConfUtils.java:logGet(46)) - raft.netty.dataStream.client.worker-group.size = 4 (default)
2022-07-15 00:55:30,135 [pool-9-thread-7] INFO  server.RaftServerConfigKeys (ConfUtils.java:logGet(46)) - raft.server.rpc.timeout.max = 300ms (default)
2022-07-15 00:55:30,146 [pool-9-thread-7] INFO  ratis.RaftTestUtil (RaftTestUtil.java:waitForLeader(100)) - printing ALL groups
  s0:  RUNNING    LEADER s0@group-D993EBE7FE70:t1, leader=s0, voted=s0, raftlog=Memoized:s0@group-D993EBE7FE70-SegmentedRaftLog:OPENED:c0, conf=0: peers:[s0|rpc:localhost:45051|admin:localhost:42977|client:localhost:45097|dataStream:localhost:39217|priority:0|startupRole:FOLLOWER, s1|rpc:localhost:44071|admin:localhost:40507|client:localhost:38061|dataStream:localhost:38397|priority:0|startupRole:FOLLOWER, s2|rpc:localhost:38005|admin:localhost:46397|client:localhost:45965|dataStream:localhost:35133|priority:0|startupRole:FOLLOWER]|listeners:[], old=null RUNNING
  s1:  RUNNING  FOLLOWER s1@group-D993EBE7FE70:t1, leader=s0, voted=s0, raftlog=Memoized:s1@group-D993EBE7FE70-SegmentedRaftLog:OPENED:c0, conf=0: peers:[s0|rpc:localhost:45051|admin:localhost:42977|client:localhost:45097|dataStream:localhost:39217|priority:0|startupRole:FOLLOWER, s1|rpc:localhost:44071|admin:localhost:40507|client:localhost:38061|dataStream:localhost:38397|priority:0|startupRole:FOLLOWER, s2|rpc:localhost:38005|admin:localhost:46397|client:localhost:45965|dataStream:localhost:35133|priority:0|startupRole:FOLLOWER]|listeners:[], old=null RUNNING
  s2:  RUNNING  FOLLOWER s2@group-D993EBE7FE70:t1, leader=s0, voted=s0, raftlog=Memoized:s2@group-D993EBE7FE70-SegmentedRaftLog:OPENED:c0, conf=0: peers:[s0|rpc:localhost:45051|admin:localhost:42977|client:localhost:45097|dataStream:localhost:39217|priority:0|startupRole:FOLLOWER, s1|rpc:localhost:44071|admin:localhost:40507|client:localhost:38061|dataStream:localhost:38397|priority:0|startupRole:FOLLOWER, s2|rpc:localhost:38005|admin:localhost:46397|client:localhost:45965|dataStream:localhost:35133|priority:0|startupRole:FOLLOWER]|listeners:[], old=null RUNNING
2022-07-15 00:55:30,146 [pool-9-thread-7] INFO  ratis.RaftTestUtil (RaftTestUtil.java:waitForLeader(119)) - printing ALL groups
  s0:  RUNNING    LEADER s0@group-D993EBE7FE70:t1, leader=s0, voted=s0, raftlog=Memoized:s0@group-D993EBE7FE70-SegmentedRaftLog:OPENED:c0, conf=0: peers:[s0|rpc:localhost:45051|admin:localhost:42977|client:localhost:45097|dataStream:localhost:39217|priority:0|startupRole:FOLLOWER, s1|rpc:localhost:44071|admin:localhost:40507|client:localhost:38061|dataStream:localhost:38397|priority:0|startupRole:FOLLOWER, s2|rpc:localhost:38005|admin:localhost:46397|client:localhost:45965|dataStream:localhost:35133|priority:0|startupRole:FOLLOWER]|listeners:[], old=null RUNNING
  s1:  RUNNING  FOLLOWER s1@group-D993EBE7FE70:t1, leader=s0, voted=s0, raftlog=Memoized:s1@group-D993EBE7FE70-SegmentedRaftLog:OPENED:c0, conf=0: peers:[s0|rpc:localhost:45051|admin:localhost:42977|client:localhost:45097|dataStream:localhost:39217|priority:0|startupRole:FOLLOWER, s1|rpc:localhost:44071|admin:localhost:40507|client:localhost:38061|dataStream:localhost:38397|priority:0|startupRole:FOLLOWER, s2|rpc:localhost:38005|admin:localhost:46397|client:localhost:45965|dataStream:localhost:35133|priority:0|startupRole:FOLLOWER]|listeners:[], old=null RUNNING
  s2:  RUNNING  FOLLOWER s2@group-D993EBE7FE70:t1, leader=s0, voted=s0, raftlog=Memoized:s2@group-D993EBE7FE70-SegmentedRaftLog:OPENED:c0, conf=0: peers:[s0|rpc:localhost:45051|admin:localhost:42977|client:localhost:45097|dataStream:localhost:39217|priority:0|startupRole:FOLLOWER, s1|rpc:localhost:44071|admin:localhost:40507|client:localhost:38061|dataStream:localhost:38397|priority:0|startupRole:FOLLOWER, s2|rpc:localhost:38005|admin:localhost:46397|client:localhost:45965|dataStream:localhost:35133|priority:0|startupRole:FOLLOWER]|listeners:[], old=null RUNNING
2022-07-15 00:55:30,147 [pool-9-thread-7] INFO  client.DataStreamClient (ConfUtils.java:logGet(46)) - raft.datastream.type = NETTY (custom)
2022-07-15 00:55:30,147 [pool-9-thread-7] INFO  netty.NettyConfigKeys$DataStream (ConfUtils.java:logGet(46)) - raft.netty.dataStream.client.tls.conf = null (default)
2022-07-15 00:55:30,147 [pool-9-thread-7] INFO  netty.NettyConfigKeys$DataStream (ConfUtils.java:logGet(46)) - raft.netty.dataStream.client.reply.queue.grace-period = 1s (default)
2022-07-15 00:55:30,147 [s2-NettyServerStreamRpc-bossGroup--thread1] INFO  logging.LoggingHandler (AbstractInternalLogger.java:log(148)) - [id: 0x53b743fe, L:/0.0.0.0:35133] READ: [id: 0x5d3f0484, L:/127.0.0.1:35133 - R:/127.0.0.1:53854]
2022-07-15 00:55:30,135 [pool-9-thread-4] INFO  server.RaftServerConfigKeys (ConfUtils.java:logGet(46)) - raft.server.rpc.timeout.max = 300ms (default)
2022-07-15 00:55:30,135 [pool-9-thread-3] INFO  netty.NettyConfigKeys$DataStream (ConfUtils.java:logGet(46)) - raft.netty.dataStream.client.worker-group.share = false (default)
2022-07-15 00:55:30,155 [pool-9-thread-4] INFO  ratis.RaftTestUtil (RaftTestUtil.java:waitForLeader(100)) - printing ALL groups
  s0:  RUNNING    LEADER s0@group-D993EBE7FE70:t1, leader=s0, voted=s0, raftlog=Memoized:s0@group-D993EBE7FE70-SegmentedRaftLog:OPENED:c0, conf=0: peers:[s0|rpc:localhost:45051|admin:localhost:42977|client:localhost:45097|dataStream:localhost:39217|priority:0|startupRole:FOLLOWER, s1|rpc:localhost:44071|admin:localhost:40507|client:localhost:38061|dataStream:localhost:38397|priority:0|startupRole:FOLLOWER, s2|rpc:localhost:38005|admin:localhost:46397|client:localhost:45965|dataStream:localhost:35133|priority:0|startupRole:FOLLOWER]|listeners:[], old=null RUNNING
  s1:  RUNNING  FOLLOWER s1@group-D993EBE7FE70:t1, leader=s0, voted=s0, raftlog=Memoized:s1@group-D993EBE7FE70-SegmentedRaftLog:OPENED:c0, conf=0: peers:[s0|rpc:localhost:45051|admin:localhost:42977|client:localhost:45097|dataStream:localhost:39217|priority:0|startupRole:FOLLOWER, s1|rpc:localhost:44071|admin:localhost:40507|client:localhost:38061|dataStream:localhost:38397|priority:0|startupRole:FOLLOWER, s2|rpc:localhost:38005|admin:localhost:46397|client:localhost:45965|dataStream:localhost:35133|priority:0|startupRole:FOLLOWER]|listeners:[], old=null RUNNING
  s2:  RUNNING  FOLLOWER s2@group-D993EBE7FE70:t1, leader=s0, voted=s0, raftlog=Memoized:s2@group-D993EBE7FE70-SegmentedRaftLog:OPENED:c0, conf=0: peers:[s0|rpc:localhost:45051|admin:localhost:42977|client:localhost:45097|dataStream:localhost:39217|priority:0|startupRole:FOLLOWER, s1|rpc:localhost:44071|admin:localhost:40507|client:localhost:38061|dataStream:localhost:38397|priority:0|startupRole:FOLLOWER, s2|rpc:localhost:38005|admin:localhost:46397|client:localhost:45965|dataStream:localhost:35133|priority:0|startupRole:FOLLOWER]|listeners:[], old=null RUNNING
2022-07-15 00:55:30,155 [pool-9-thread-4] INFO  ratis.RaftTestUtil (RaftTestUtil.java:waitForLeader(119)) - printing ALL groups
  s0:  RUNNING    LEADER s0@group-D993EBE7FE70:t1, leader=s0, voted=s0, raftlog=Memoized:s0@group-D993EBE7FE70-SegmentedRaftLog:OPENED:c0, conf=0: peers:[s0|rpc:localhost:45051|admin:localhost:42977|client:localhost:45097|dataStream:localhost:39217|priority:0|startupRole:FOLLOWER, s1|rpc:localhost:44071|admin:localhost:40507|client:localhost:38061|dataStream:localhost:38397|priority:0|startupRole:FOLLOWER, s2|rpc:localhost:38005|admin:localhost:46397|client:localhost:45965|dataStream:localhost:35133|priority:0|startupRole:FOLLOWER]|listeners:[], old=null RUNNING
  s1:  RUNNING  FOLLOWER s1@group-D993EBE7FE70:t1, leader=s0, voted=s0, raftlog=Memoized:s1@group-D993EBE7FE70-SegmentedRaftLog:OPENED:c0, conf=0: peers:[s0|rpc:localhost:45051|admin:localhost:42977|client:localhost:45097|dataStream:localhost:39217|priority:0|startupRole:FOLLOWER, s1|rpc:localhost:44071|admin:localhost:40507|client:localhost:38061|dataStream:localhost:38397|priority:0|startupRole:FOLLOWER, s2|rpc:localhost:38005|admin:localhost:46397|client:localhost:45965|dataStream:localhost:35133|priority:0|startupRole:FOLLOWER]|listeners:[], old=null RUNNING
  s2:  RUNNING  FOLLOWER s2@group-D993EBE7FE70:t1, leader=s0, voted=s0, raftlog=Memoized:s2@group-D993EBE7FE70-SegmentedRaftLog:OPENED:c0, conf=0: peers:[s0|rpc:localhost:45051|admin:localhost:42977|client:localhost:45097|dataStream:localhost:39217|priority:0|startupRole:FOLLOWER, s1|rpc:localhost:44071|admin:localhost:40507|client:localhost:38061|dataStream:localhost:38397|priority:0|startupRole:FOLLOWER, s2|rpc:localhost:38005|admin:localhost:46397|client:localhost:45965|dataStream:localhost:35133|priority:0|startupRole:FOLLOWER]|listeners:[], old=null RUNNING
2022-07-15 00:55:30,155 [pool-9-thread-4] INFO  client.DataStreamClient (ConfUtils.java:logGet(46)) - raft.datastream.type = NETTY (custom)
2022-07-15 00:55:30,155 [pool-9-thread-4] INFO  netty.NettyConfigKeys$DataStream (ConfUtils.java:logGet(46)) - raft.netty.dataStream.client.tls.conf = null (default)
2022-07-15 00:55:30,155 [pool-9-thread-4] INFO  netty.NettyConfigKeys$DataStream (ConfUtils.java:logGet(46)) - raft.netty.dataStream.client.reply.queue.grace-period = 1s (default)
2022-07-15 00:55:30,155 [pool-9-thread-4] INFO  netty.NettyConfigKeys$DataStream (ConfUtils.java:logGet(46)) - raft.netty.dataStream.client.worker-group.share = false (default)
2022-07-15 00:55:30,156 [pool-9-thread-4] INFO  netty.NettyConfigKeys$DataStream (ConfUtils.java:logGet(46)) - raft.netty.dataStream.client.worker-group.size = 4 (default)
2022-07-15 00:55:30,147 [pool-9-thread-7] INFO  netty.NettyConfigKeys$DataStream (ConfUtils.java:logGet(46)) - raft.netty.dataStream.client.worker-group.share = false (default)
2022-07-15 00:55:30,182 [pool-9-thread-7] INFO  netty.NettyConfigKeys$DataStream (ConfUtils.java:logGet(46)) - raft.netty.dataStream.client.worker-group.size = 4 (default)
2022-07-15 00:55:30,142 [pool-9-thread-8] INFO  ratis.RaftTestUtil (RaftTestUtil.java:waitForLeader(119)) - printing ALL groups
  s0:  RUNNING    LEADER s0@group-D993EBE7FE70:t1, leader=s0, voted=s0, raftlog=Memoized:s0@group-D993EBE7FE70-SegmentedRaftLog:OPENED:c0, conf=0: peers:[s0|rpc:localhost:45051|admin:localhost:42977|client:localhost:45097|dataStream:localhost:39217|priority:0|startupRole:FOLLOWER, s1|rpc:localhost:44071|admin:localhost:40507|client:localhost:38061|dataStream:localhost:38397|priority:0|startupRole:FOLLOWER, s2|rpc:localhost:38005|admin:localhost:46397|client:localhost:45965|dataStream:localhost:35133|priority:0|startupRole:FOLLOWER]|listeners:[], old=null RUNNING
  s1:  RUNNING  FOLLOWER s1@group-D993EBE7FE70:t1, leader=s0, voted=s0, raftlog=Memoized:s1@group-D993EBE7FE70-SegmentedRaftLog:OPENED:c0, conf=0: peers:[s0|rpc:localhost:45051|admin:localhost:42977|client:localhost:45097|dataStream:localhost:39217|priority:0|startupRole:FOLLOWER, s1|rpc:localhost:44071|admin:localhost:40507|client:localhost:38061|dataStream:localhost:38397|priority:0|startupRole:FOLLOWER, s2|rpc:localhost:38005|admin:localhost:46397|client:localhost:45965|dataStream:localhost:35133|priority:0|startupRole:FOLLOWER]|listeners:[], old=null RUNNING
  s2:  RUNNING  FOLLOWER s2@group-D993EBE7FE70:t1, leader=s0, voted=s0, raftlog=Memoized:s2@group-D993EBE7FE70-SegmentedRaftLog:OPENED:c0, conf=0: peers:[s0|rpc:localhost:45051|admin:localhost:42977|client:localhost:45097|dataStream:localhost:39217|priority:0|startupRole:FOLLOWER, s1|rpc:localhost:44071|admin:localhost:40507|client:localhost:38061|dataStream:localhost:38397|priority:0|startupRole:FOLLOWER, s2|rpc:localhost:38005|admin:localhost:46397|client:localhost:45965|dataStream:localhost:35133|priority:0|startupRole:FOLLOWER]|listeners:[], old=null RUNNING
2022-07-15 00:55:30,139 [pool-9-thread-9] INFO  server.RaftServerConfigKeys (ConfUtils.java:logGet(46)) - raft.server.rpc.timeout.max = 300ms (default)
2022-07-15 00:55:30,183 [pool-9-thread-8] INFO  client.DataStreamClient (ConfUtils.java:logGet(46)) - raft.datastream.type = NETTY (custom)
2022-07-15 00:55:30,184 [pool-9-thread-8] INFO  netty.NettyConfigKeys$DataStream (ConfUtils.java:logGet(46)) - raft.netty.dataStream.client.tls.conf = null (default)
2022-07-15 00:55:30,184 [pool-9-thread-8] INFO  netty.NettyConfigKeys$DataStream (ConfUtils.java:logGet(46)) - raft.netty.dataStream.client.reply.queue.grace-period = 1s (default)
2022-07-15 00:55:30,184 [pool-9-thread-8] INFO  netty.NettyConfigKeys$DataStream (ConfUtils.java:logGet(46)) - raft.netty.dataStream.client.worker-group.share = false (default)
2022-07-15 00:55:30,184 [pool-9-thread-8] INFO  netty.NettyConfigKeys$DataStream (ConfUtils.java:logGet(46)) - raft.netty.dataStream.client.worker-group.size = 4 (default)
2022-07-15 00:55:30,138 [pool-9-thread-6] INFO  ratis.RaftTestUtil (RaftTestUtil.java:waitForLeader(100)) - printing ALL groups
  s0:  RUNNING    LEADER s0@group-D993EBE7FE70:t1, leader=s0, voted=s0, raftlog=Memoized:s0@group-D993EBE7FE70-SegmentedRaftLog:OPENED:c0, conf=0: peers:[s0|rpc:localhost:45051|admin:localhost:42977|client:localhost:45097|dataStream:localhost:39217|priority:0|startupRole:FOLLOWER, s1|rpc:localhost:44071|admin:localhost:40507|client:localhost:38061|dataStream:localhost:38397|priority:0|startupRole:FOLLOWER, s2|rpc:localhost:38005|admin:localhost:46397|client:localhost:45965|dataStream:localhost:35133|priority:0|startupRole:FOLLOWER]|listeners:[], old=null RUNNING
  s1:  RUNNING  FOLLOWER s1@group-D993EBE7FE70:t1, leader=s0, voted=s0, raftlog=Memoized:s1@group-D993EBE7FE70-SegmentedRaftLog:OPENED:c0, conf=0: peers:[s0|rpc:localhost:45051|admin:localhost:42977|client:localhost:45097|dataStream:localhost:39217|priority:0|startupRole:FOLLOWER, s1|rpc:localhost:44071|admin:localhost:40507|client:localhost:38061|dataStream:localhost:38397|priority:0|startupRole:FOLLOWER, s2|rpc:localhost:38005|admin:localhost:46397|client:localhost:45965|dataStream:localhost:35133|priority:0|startupRole:FOLLOWER]|listeners:[], old=null RUNNING
  s2:  RUNNING  FOLLOWER s2@group-D993EBE7FE70:t1, leader=s0, voted=s0, raftlog=Memoized:s2@group-D993EBE7FE70-SegmentedRaftLog:OPENED:c0, conf=0: peers:[s0|rpc:localhost:45051|admin:localhost:42977|client:localhost:45097|dataStream:localhost:39217|priority:0|startupRole:FOLLOWER, s1|rpc:localhost:44071|admin:localhost:40507|client:localhost:38061|dataStream:localhost:38397|priority:0|startupRole:FOLLOWER, s2|rpc:localhost:38005|admin:localhost:46397|client:localhost:45965|dataStream:localhost:35133|priority:0|startupRole:FOLLOWER]|listeners:[], old=null RUNNING
2022-07-15 00:55:30,183 [pool-9-thread-9] INFO  ratis.RaftTestUtil (RaftTestUtil.java:waitForLeader(100)) - printing ALL groups
  s0:  RUNNING    LEADER s0@group-D993EBE7FE70:t1, leader=s0, voted=s0, raftlog=Memoized:s0@group-D993EBE7FE70-SegmentedRaftLog:OPENED:c0, conf=0: peers:[s0|rpc:localhost:45051|admin:localhost:42977|client:localhost:45097|dataStream:localhost:39217|priority:0|startupRole:FOLLOWER, s1|rpc:localhost:44071|admin:localhost:40507|client:localhost:38061|dataStream:localhost:38397|priority:0|startupRole:FOLLOWER, s2|rpc:localhost:38005|admin:localhost:46397|client:localhost:45965|dataStream:localhost:35133|priority:0|startupRole:FOLLOWER]|listeners:[], old=null RUNNING
  s1:  RUNNING  FOLLOWER s1@group-D993EBE7FE70:t1, leader=s0, voted=s0, raftlog=Memoized:s1@group-D993EBE7FE70-SegmentedRaftLog:OPENED:c0, conf=0: peers:[s0|rpc:localhost:45051|admin:localhost:42977|client:localhost:45097|dataStream:localhost:39217|priority:0|startupRole:FOLLOWER, s1|rpc:localhost:44071|admin:localhost:40507|client:localhost:38061|dataStream:localhost:38397|priority:0|startupRole:FOLLOWER, s2|rpc:localhost:38005|admin:localhost:46397|client:localhost:45965|dataStream:localhost:35133|priority:0|startupRole:FOLLOWER]|listeners:[], old=null RUNNING
  s2:  RUNNING  FOLLOWER s2@group-D993EBE7FE70:t1, leader=s0, voted=s0, raftlog=Memoized:s2@group-D993EBE7FE70-SegmentedRaftLog:OPENED:c0, conf=0: peers:[s0|rpc:localhost:45051|admin:localhost:42977|client:localhost:45097|dataStream:localhost:39217|priority:0|startupRole:FOLLOWER, s1|rpc:localhost:44071|admin:localhost:40507|client:localhost:38061|dataStream:localhost:38397|priority:0|startupRole:FOLLOWER, s2|rpc:localhost:38005|admin:localhost:46397|client:localhost:45965|dataStream:localhost:35133|priority:0|startupRole:FOLLOWER]|listeners:[], old=null RUNNING
2022-07-15 00:55:30,175 [pool-9-thread-13] INFO  datastream.DataStreamTestUtils (DataStreamTestUtils.java:writeAndCloseAndAssertReplies(311)) - start Stream379
2022-07-15 00:55:30,174 [pool-9-thread-12] INFO  datastream.DataStreamTestUtils (DataStreamTestUtils.java:writeAndCloseAndAssertReplies(311)) - start Stream378
2022-07-15 00:55:30,170 [pool-9-thread-11] INFO  datastream.DataStreamTestUtils (DataStreamTestUtils.java:writeAndCloseAndAssertReplies(311)) - start Stream377
2022-07-15 00:55:30,196 [pool-9-thread-15] INFO  datastream.DataStreamTestUtils (DataStreamTestUtils.java:writeAndCloseAndAssertReplies(311)) - start Stream382
2022-07-15 00:55:30,167 [pool-9-thread-10] INFO  datastream.DataStreamTestUtils (DataStreamTestUtils.java:writeAndCloseAndAssertReplies(311)) - start Stream376
2022-07-15 00:55:30,163 [s2-NettyServerStreamRpc-workerGroup--thread1] INFO  client.DataStreamClient (ConfUtils.java:logGet(46)) - raft.datastream.type = NETTY (custom)
2022-07-15 00:55:30,198 [s2-NettyServerStreamRpc-workerGroup--thread1] INFO  netty.NettyConfigKeys$DataStream (ConfUtils.java:logGet(46)) - raft.netty.dataStream.client.tls.conf = null (default)
2022-07-15 00:55:30,199 [s2-NettyServerStreamRpc-workerGroup--thread1] INFO  netty.NettyConfigKeys$DataStream (ConfUtils.java:logGet(46)) - raft.netty.dataStream.client.reply.queue.grace-period = 1s (default)
2022-07-15 00:55:30,199 [s2-NettyServerStreamRpc-workerGroup--thread1] INFO  netty.NettyConfigKeys$DataStream (ConfUtils.java:logGet(46)) - raft.netty.dataStream.client.worker-group.share = false (default)
2022-07-15 00:55:30,158 [s2-NettyServerStreamRpc-bossGroup--thread1] INFO  logging.LoggingHandler (AbstractInternalLogger.java:log(148)) - [id: 0x53b743fe, L:/0.0.0.0:35133] READ COMPLETE
2022-07-15 00:55:30,155 [pool-9-thread-3] INFO  netty.NettyConfigKeys$DataStream (ConfUtils.java:logGet(46)) - raft.netty.dataStream.client.worker-group.size = 4 (default)
2022-07-15 00:55:30,199 [s2-NettyServerStreamRpc-workerGroup--thread1] INFO  netty.NettyConfigKeys$DataStream (ConfUtils.java:logGet(46)) - raft.netty.dataStream.client.worker-group.size = 4 (default)
2022-07-15 00:55:30,189 [pool-9-thread-14] INFO  datastream.DataStreamTestUtils (DataStreamTestUtils.java:writeAndCloseAndAssertReplies(311)) - start Stream380
2022-07-15 00:55:30,187 [pool-9-thread-16] INFO  datastream.DataStreamTestUtils (DataStreamTestUtils.java:writeAndCloseAndAssertReplies(311)) - start Stream383
2022-07-15 00:55:30,187 [s1-NettyServerStreamRpc-bossGroup--thread1] INFO  logging.LoggingHandler (AbstractInternalLogger.java:log(148)) - [id: 0xda2811d6, L:/0.0.0.0:38397] READ: [id: 0x49876799, L:/127.0.0.1:38397 - R:/127.0.0.1:48114]
2022-07-15 00:55:30,186 [s0-NettyServerStreamRpc-bossGroup--thread1] INFO  logging.LoggingHandler (AbstractInternalLogger.java:log(148)) - [id: 0x8744090d, L:/0.0.0.0:39217] READ: [id: 0xf1cd3149, L:/127.0.0.1:39217 - R:/127.0.0.1:46862]
2022-07-15 00:55:30,185 [pool-9-thread-9] INFO  ratis.RaftTestUtil (RaftTestUtil.java:waitForLeader(119)) - printing ALL groups
  s0:  RUNNING    LEADER s0@group-D993EBE7FE70:t1, leader=s0, voted=s0, raftlog=Memoized:s0@group-D993EBE7FE70-SegmentedRaftLog:OPENED:c0, conf=0: peers:[s0|rpc:localhost:45051|admin:localhost:42977|client:localhost:45097|dataStream:localhost:39217|priority:0|startupRole:FOLLOWER, s1|rpc:localhost:44071|admin:localhost:40507|client:localhost:38061|dataStream:localhost:38397|priority:0|startupRole:FOLLOWER, s2|rpc:localhost:38005|admin:localhost:46397|client:localhost:45965|dataStream:localhost:35133|priority:0|startupRole:FOLLOWER]|listeners:[], old=null RUNNING
  s1:  RUNNING  FOLLOWER s1@group-D993EBE7FE70:t1, leader=s0, voted=s0, raftlog=Memoized:s1@group-D993EBE7FE70-SegmentedRaftLog:OPENED:c0, conf=0: peers:[s0|rpc:localhost:45051|admin:localhost:42977|client:localhost:45097|dataStream:localhost:39217|priority:0|startupRole:FOLLOWER, s1|rpc:localhost:44071|admin:localhost:40507|client:localhost:38061|dataStream:localhost:38397|priority:0|startupRole:FOLLOWER, s2|rpc:localhost:38005|admin:localhost:46397|client:localhost:45965|dataStream:localhost:35133|priority:0|startupRole:FOLLOWER]|listeners:[], old=null RUNNING
  s2:  RUNNING  FOLLOWER s2@group-D993EBE7FE70:t1, leader=s0, voted=s0, raftlog=Memoized:s2@group-D993EBE7FE70-SegmentedRaftLog:OPENED:c0, conf=0: peers:[s0|rpc:localhost:45051|admin:localhost:42977|client:localhost:45097|dataStream:localhost:39217|priority:0|startupRole:FOLLOWER, s1|rpc:localhost:44071|admin:localhost:40507|client:localhost:38061|dataStream:localhost:38397|priority:0|startupRole:FOLLOWER, s2|rpc:localhost:38005|admin:localhost:46397|client:localhost:45965|dataStream:localhost:35133|priority:0|startupRole:FOLLOWER]|listeners:[], old=null RUNNING
2022-07-15 00:55:30,185 [pool-9-thread-6] INFO  ratis.RaftTestUtil (RaftTestUtil.java:waitForLeader(119)) - printing ALL groups
  s0:  RUNNING    LEADER s0@group-D993EBE7FE70:t1, leader=s0, voted=s0, raftlog=Memoized:s0@group-D993EBE7FE70-SegmentedRaftLog:OPENED:c0, conf=0: peers:[s0|rpc:localhost:45051|admin:localhost:42977|client:localhost:45097|dataStream:localhost:39217|priority:0|startupRole:FOLLOWER, s1|rpc:localhost:44071|admin:localhost:40507|client:localhost:38061|dataStream:localhost:38397|priority:0|startupRole:FOLLOWER, s2|rpc:localhost:38005|admin:localhost:46397|client:localhost:45965|dataStream:localhost:35133|priority:0|startupRole:FOLLOWER]|listeners:[], old=null RUNNING
  s1:  RUNNING  FOLLOWER s1@group-D993EBE7FE70:t1, leader=s0, voted=s0, raftlog=Memoized:s1@group-D993EBE7FE70-SegmentedRaftLog:OPENED:c0, conf=0: peers:[s0|rpc:localhost:45051|admin:localhost:42977|client:localhost:45097|dataStream:localhost:39217|priority:0|startupRole:FOLLOWER, s1|rpc:localhost:44071|admin:localhost:40507|client:localhost:38061|dataStream:localhost:38397|priority:0|startupRole:FOLLOWER, s2|rpc:localhost:38005|admin:localhost:46397|client:localhost:45965|dataStream:localhost:35133|priority:0|startupRole:FOLLOWER]|listeners:[], old=null RUNNING
  s2:  RUNNING  FOLLOWER s2@group-D993EBE7FE70:t1, leader=s0, voted=s0, raftlog=Memoized:s2@group-D993EBE7FE70-SegmentedRaftLog:OPENED:c0, conf=0: peers:[s0|rpc:localhost:45051|admin:localhost:42977|client:localhost:45097|dataStream:localhost:39217|priority:0|startupRole:FOLLOWER, s1|rpc:localhost:44071|admin:localhost:40507|client:localhost:38061|dataStream:localhost:38397|priority:0|startupRole:FOLLOWER, s2|rpc:localhost:38005|admin:localhost:46397|client:localhost:45965|dataStream:localhost:35133|priority:0|startupRole:FOLLOWER]|listeners:[], old=null RUNNING
2022-07-15 00:55:30,200 [pool-9-thread-9] INFO  client.DataStreamClient (ConfUtils.java:logGet(46)) - raft.datastream.type = NETTY (custom)
2022-07-15 00:55:30,200 [pool-9-thread-6] INFO  client.DataStreamClient (ConfUtils.java:logGet(46)) - raft.datastream.type = NETTY (custom)
2022-07-15 00:55:30,200 [pool-9-thread-6] INFO  netty.NettyConfigKeys$DataStream (ConfUtils.java:logGet(46)) - raft.netty.dataStream.client.tls.conf = null (default)
2022-07-15 00:55:30,201 [pool-9-thread-6] INFO  netty.NettyConfigKeys$DataStream (ConfUtils.java:logGet(46)) - raft.netty.dataStream.client.reply.queue.grace-period = 1s (default)
2022-07-15 00:55:30,200 [pool-9-thread-9] INFO  netty.NettyConfigKeys$DataStream (ConfUtils.java:logGet(46)) - raft.netty.dataStream.client.tls.conf = null (default)
2022-07-15 00:55:30,201 [pool-9-thread-6] INFO  netty.NettyConfigKeys$DataStream (ConfUtils.java:logGet(46)) - raft.netty.dataStream.client.worker-group.share = false (default)
2022-07-15 00:55:30,201 [pool-9-thread-9] INFO  netty.NettyConfigKeys$DataStream (ConfUtils.java:logGet(46)) - raft.netty.dataStream.client.reply.queue.grace-period = 1s (default)
2022-07-15 00:55:30,201 [pool-9-thread-6] INFO  netty.NettyConfigKeys$DataStream (ConfUtils.java:logGet(46)) - raft.netty.dataStream.client.worker-group.size = 4 (default)
2022-07-15 00:55:30,201 [pool-9-thread-9] INFO  netty.NettyConfigKeys$DataStream (ConfUtils.java:logGet(46)) - raft.netty.dataStream.client.worker-group.share = false (default)
2022-07-15 00:55:30,201 [pool-9-thread-9] INFO  netty.NettyConfigKeys$DataStream (ConfUtils.java:logGet(46)) - raft.netty.dataStream.client.worker-group.size = 4 (default)
2022-07-15 00:55:30,207 [s2-NettyServerStreamRpc-bossGroup--thread1] INFO  logging.LoggingHandler (AbstractInternalLogger.java:log(148)) - [id: 0x53b743fe, L:/0.0.0.0:35133] READ: [id: 0x2abe4e71, L:/127.0.0.1:35133 - R:/127.0.0.1:53860]
2022-07-15 00:55:30,219 [s0-NettyServerStreamRpc-bossGroup--thread1] INFO  logging.LoggingHandler (AbstractInternalLogger.java:log(148)) - [id: 0x8744090d, L:/0.0.0.0:39217] READ COMPLETE
2022-07-15 00:55:30,219 [s1-NettyServerStreamRpc-bossGroup--thread1] INFO  logging.LoggingHandler (AbstractInternalLogger.java:log(148)) - [id: 0xda2811d6, L:/0.0.0.0:38397] READ COMPLETE
2022-07-15 00:55:30,219 [s1-NettyServerStreamRpc-bossGroup--thread1] INFO  logging.LoggingHandler (AbstractInternalLogger.java:log(148)) - [id: 0xda2811d6, L:/0.0.0.0:38397] READ: [id: 0xcb043ad2, L:/127.0.0.1:38397 - R:/127.0.0.1:48118]
2022-07-15 00:55:30,220 [s0-NettyServerStreamRpc-workerGroup--thread1] INFO  client.DataStreamClient (ConfUtils.java:logGet(46)) - raft.datastream.type = NETTY (custom)
2022-07-15 00:55:30,220 [s0-NettyServerStreamRpc-workerGroup--thread1] INFO  netty.NettyConfigKeys$DataStream (ConfUtils.java:logGet(46)) - raft.netty.dataStream.client.tls.conf = null (default)
2022-07-15 00:55:30,220 [s0-NettyServerStreamRpc-workerGroup--thread1] INFO  netty.NettyConfigKeys$DataStream (ConfUtils.java:logGet(46)) - raft.netty.dataStream.client.reply.queue.grace-period = 1s (default)
2022-07-15 00:55:30,220 [s0-NettyServerStreamRpc-workerGroup--thread1] INFO  netty.NettyConfigKeys$DataStream (ConfUtils.java:logGet(46)) - raft.netty.dataStream.client.worker-group.share = false (default)
2022-07-15 00:55:30,221 [s0-NettyServerStreamRpc-workerGroup--thread1] INFO  netty.NettyConfigKeys$DataStream (ConfUtils.java:logGet(46)) - raft.netty.dataStream.client.worker-group.size = 4 (default)
2022-07-15 00:55:30,220 [s1-NettyServerStreamRpc-workerGroup--thread1] INFO  client.DataStreamClient (ConfUtils.java:logGet(46)) - raft.datastream.type = NETTY (custom)
2022-07-15 00:55:30,221 [s1-NettyServerStreamRpc-workerGroup--thread1] INFO  netty.NettyConfigKeys$DataStream (ConfUtils.java:logGet(46)) - raft.netty.dataStream.client.tls.conf = null (default)
2022-07-15 00:55:30,221 [s1-NettyServerStreamRpc-workerGroup--thread1] INFO  netty.NettyConfigKeys$DataStream (ConfUtils.java:logGet(46)) - raft.netty.dataStream.client.reply.queue.grace-period = 1s (default)
2022-07-15 00:55:30,221 [s1-NettyServerStreamRpc-bossGroup--thread1] INFO  logging.LoggingHandler (AbstractInternalLogger.java:log(148)) - [id: 0xda2811d6, L:/0.0.0.0:38397] READ: [id: 0xd167cdc2, L:/127.0.0.1:38397 - R:/127.0.0.1:48122]
2022-07-15 00:55:30,221 [s1-NettyServerStreamRpc-workerGroup--thread1] INFO  netty.NettyConfigKeys$DataStream (ConfUtils.java:logGet(46)) - raft.netty.dataStream.client.worker-group.share = false (default)
2022-07-15 00:55:30,221 [s1-NettyServerStreamRpc-workerGroup--thread1] INFO  netty.NettyConfigKeys$DataStream (ConfUtils.java:logGet(46)) - raft.netty.dataStream.client.worker-group.size = 4 (default)
2022-07-15 00:55:30,222 [s1-NettyServerStreamRpc-workerGroup--thread2] INFO  client.DataStreamClient (ConfUtils.java:logGet(46)) - raft.datastream.type = NETTY (custom)
2022-07-15 00:55:30,222 [s1-NettyServerStreamRpc-workerGroup--thread2] INFO  netty.NettyConfigKeys$DataStream (ConfUtils.java:logGet(46)) - raft.netty.dataStream.client.tls.conf = null (default)
2022-07-15 00:55:30,222 [s1-NettyServerStreamRpc-workerGroup--thread2] INFO  netty.NettyConfigKeys$DataStream (ConfUtils.java:logGet(46)) - raft.netty.dataStream.client.reply.queue.grace-period = 1s (default)
2022-07-15 00:55:30,222 [s1-NettyServerStreamRpc-workerGroup--thread2] INFO  netty.NettyConfigKeys$DataStream (ConfUtils.java:logGet(46)) - raft.netty.dataStream.client.worker-group.share = false (default)
2022-07-15 00:55:30,222 [s1-NettyServerStreamRpc-workerGroup--thread2] INFO  netty.NettyConfigKeys$DataStream (ConfUtils.java:logGet(46)) - raft.netty.dataStream.client.worker-group.size = 4 (default)
2022-07-15 00:55:30,224 [s2-NettyServerStreamRpc-workerGroup--thread1] INFO  client.DataStreamClient (ConfUtils.java:logGet(46)) - raft.datastream.type = NETTY (custom)
2022-07-15 00:55:30,224 [s2-NettyServerStreamRpc-workerGroup--thread1] INFO  netty.NettyConfigKeys$DataStream (ConfUtils.java:logGet(46)) - raft.netty.dataStream.client.tls.conf = null (default)
2022-07-15 00:55:30,224 [s2-NettyServerStreamRpc-workerGroup--thread1] INFO  netty.NettyConfigKeys$DataStream (ConfUtils.java:logGet(46)) - raft.netty.dataStream.client.reply.queue.grace-period = 1s (default)
2022-07-15 00:55:30,224 [s0-NettyServerStreamRpc-bossGroup--thread1] INFO  logging.LoggingHandler (AbstractInternalLogger.java:log(148)) - [id: 0x8744090d, L:/0.0.0.0:39217] READ: [id: 0x31f7be7c, L:/127.0.0.1:39217 - R:/127.0.0.1:46874]
2022-07-15 00:55:30,224 [s2-NettyServerStreamRpc-workerGroup--thread1] INFO  netty.NettyConfigKeys$DataStream (ConfUtils.java:logGet(46)) - raft.netty.dataStream.client.worker-group.share = false (default)
2022-07-15 00:55:30,224 [s2-NettyServerStreamRpc-workerGroup--thread1] INFO  netty.NettyConfigKeys$DataStream (ConfUtils.java:logGet(46)) - raft.netty.dataStream.client.worker-group.size = 4 (default)
2022-07-15 00:55:30,225 [s2-NettyServerStreamRpc-bossGroup--thread1] INFO  logging.LoggingHandler (AbstractInternalLogger.java:log(148)) - [id: 0x53b743fe, L:/0.0.0.0:35133] READ COMPLETE
2022-07-15 00:55:30,225 [s2-NettyServerStreamRpc-bossGroup--thread1] INFO  logging.LoggingHandler (AbstractInternalLogger.java:log(148)) - [id: 0x53b743fe, L:/0.0.0.0:35133] READ: [id: 0x949e84c2, L:/127.0.0.1:35133 - R:/127.0.0.1:53864]
2022-07-15 00:55:30,226 [s2-NettyServerStreamRpc-workerGroup--thread2] INFO  client.DataStreamClient (ConfUtils.java:logGet(46)) - raft.datastream.type = NETTY (custom)
2022-07-15 00:55:30,226 [s2-NettyServerStreamRpc-workerGroup--thread2] INFO  netty.NettyConfigKeys$DataStream (ConfUtils.java:logGet(46)) - raft.netty.dataStream.client.tls.conf = null (default)
2022-07-15 00:55:30,226 [s2-NettyServerStreamRpc-workerGroup--thread2] INFO  netty.NettyConfigKeys$DataStream (ConfUtils.java:logGet(46)) - raft.netty.dataStream.client.reply.queue.grace-period = 1s (default)
2022-07-15 00:55:30,226 [s2-NettyServerStreamRpc-workerGroup--thread2] INFO  netty.NettyConfigKeys$DataStream (ConfUtils.java:logGet(46)) - raft.netty.dataStream.client.worker-group.share = false (default)
2022-07-15 00:55:30,226 [s2-NettyServerStreamRpc-workerGroup--thread2] INFO  netty.NettyConfigKeys$DataStream (ConfUtils.java:logGet(46)) - raft.netty.dataStream.client.worker-group.size = 4 (default)
2022-07-15 00:55:30,227 [s2-NettyServerStreamRpc-bossGroup--thread1] INFO  logging.LoggingHandler (AbstractInternalLogger.java:log(148)) - [id: 0x53b743fe, L:/0.0.0.0:35133] READ COMPLETE
2022-07-15 00:55:30,232 [s1-NettyServerStreamRpc-bossGroup--thread1] INFO  logging.LoggingHandler (AbstractInternalLogger.java:log(148)) - [id: 0xda2811d6, L:/0.0.0.0:38397] READ COMPLETE
2022-07-15 00:55:30,232 [s1-NettyServerStreamRpc-workerGroup--thread1] INFO  client.DataStreamClient (ConfUtils.java:logGet(46)) - raft.datastream.type = NETTY (custom)
2022-07-15 00:55:30,233 [s1-NettyServerStreamRpc-workerGroup--thread1] INFO  netty.NettyConfigKeys$DataStream (ConfUtils.java:logGet(46)) - raft.netty.dataStream.client.tls.conf = null (default)
2022-07-15 00:55:30,233 [s1-NettyServerStreamRpc-workerGroup--thread1] INFO  netty.NettyConfigKeys$DataStream (ConfUtils.java:logGet(46)) - raft.netty.dataStream.client.reply.queue.grace-period = 1s (default)
2022-07-15 00:55:30,233 [s1-NettyServerStreamRpc-workerGroup--thread1] INFO  netty.NettyConfigKeys$DataStream (ConfUtils.java:logGet(46)) - raft.netty.dataStream.client.worker-group.share = false (default)
2022-07-15 00:55:30,233 [s1-NettyServerStreamRpc-workerGroup--thread1] INFO  netty.NettyConfigKeys$DataStream (ConfUtils.java:logGet(46)) - raft.netty.dataStream.client.worker-group.size = 4 (default)
2022-07-15 00:55:30,234 [s1-NettyServerStreamRpc-workerGroup--thread3] INFO  client.DataStreamClient (ConfUtils.java:logGet(46)) - raft.datastream.type = NETTY (custom)
2022-07-15 00:55:30,234 [s1-NettyServerStreamRpc-workerGroup--thread3] INFO  netty.NettyConfigKeys$DataStream (ConfUtils.java:logGet(46)) - raft.netty.dataStream.client.tls.conf = null (default)
2022-07-15 00:55:30,234 [s1-NettyServerStreamRpc-workerGroup--thread3] INFO  netty.NettyConfigKeys$DataStream (ConfUtils.java:logGet(46)) - raft.netty.dataStream.client.reply.queue.grace-period = 1s (default)
2022-07-15 00:55:30,234 [s1-NettyServerStreamRpc-workerGroup--thread3] INFO  netty.NettyConfigKeys$DataStream (ConfUtils.java:logGet(46)) - raft.netty.dataStream.client.worker-group.share = false (default)
2022-07-15 00:55:30,235 [s1-NettyServerStreamRpc-workerGroup--thread3] INFO  netty.NettyConfigKeys$DataStream (ConfUtils.java:logGet(46)) - raft.netty.dataStream.client.worker-group.size = 4 (default)
2022-07-15 00:55:30,235 [s1-NettyServerStreamRpc-workerGroup--thread2] INFO  client.DataStreamClient (ConfUtils.java:logGet(46)) - raft.datastream.type = NETTY (custom)
2022-07-15 00:55:30,236 [s1-NettyServerStreamRpc-workerGroup--thread2] INFO  netty.NettyConfigKeys$DataStream (ConfUtils.java:logGet(46)) - raft.netty.dataStream.client.tls.conf = null (default)
2022-07-15 00:55:30,236 [s1-NettyServerStreamRpc-workerGroup--thread2] INFO  netty.NettyConfigKeys$DataStream (ConfUtils.java:logGet(46)) - raft.netty.dataStream.client.reply.queue.grace-period = 1s (default)
2022-07-15 00:55:30,236 [s1-NettyServerStreamRpc-workerGroup--thread2] INFO  netty.NettyConfigKeys$DataStream (ConfUtils.java:logGet(46)) - raft.netty.dataStream.client.worker-group.share = false (default)
2022-07-15 00:55:30,236 [s1-NettyServerStreamRpc-workerGroup--thread2] INFO  netty.NettyConfigKeys$DataStream (ConfUtils.java:logGet(46)) - raft.netty.dataStream.client.worker-group.size = 4 (default)
2022-07-15 00:55:30,237 [s1-NettyServerStreamRpc-bossGroup--thread1] INFO  logging.LoggingHandler (AbstractInternalLogger.java:log(148)) - [id: 0xda2811d6, L:/0.0.0.0:38397] READ: [id: 0xe47c9e4b, L:/127.0.0.1:38397 - R:/127.0.0.1:48130]
2022-07-15 00:55:30,238 [s0-NettyServerStreamRpc-bossGroup--thread1] INFO  logging.LoggingHandler (AbstractInternalLogger.java:log(148)) - [id: 0x8744090d, L:/0.0.0.0:39217] READ COMPLETE
2022-07-15 00:55:30,238 [s0-NettyServerStreamRpc-bossGroup--thread1] INFO  logging.LoggingHandler (AbstractInternalLogger.java:log(148)) - [id: 0x8744090d, L:/0.0.0.0:39217] READ: [id: 0x556c92fe, L:/127.0.0.1:39217 - R:/127.0.0.1:46876]
2022-07-15 00:55:30,240 [s2-NettyServerStreamRpc-workerGroup--thread3] INFO  client.DataStreamClient (ConfUtils.java:logGet(46)) - raft.datastream.type = NETTY (custom)
2022-07-15 00:55:30,240 [s2-NettyServerStreamRpc-workerGroup--thread3] INFO  netty.NettyConfigKeys$DataStream (ConfUtils.java:logGet(46)) - raft.netty.dataStream.client.tls.conf = null (default)
2022-07-15 00:55:30,240 [s2-NettyServerStreamRpc-workerGroup--thread3] INFO  netty.NettyConfigKeys$DataStream (ConfUtils.java:logGet(46)) - raft.netty.dataStream.client.reply.queue.grace-period = 1s (default)
2022-07-15 00:55:30,240 [s2-NettyServerStreamRpc-workerGroup--thread3] INFO  netty.NettyConfigKeys$DataStream (ConfUtils.java:logGet(46)) - raft.netty.dataStream.client.worker-group.share = false (default)
2022-07-15 00:55:30,240 [s2-NettyServerStreamRpc-workerGroup--thread3] INFO  netty.NettyConfigKeys$DataStream (ConfUtils.java:logGet(46)) - raft.netty.dataStream.client.worker-group.size = 4 (default)
2022-07-15 00:55:30,241 [s0-NettyServerStreamRpc-bossGroup--thread1] INFO  logging.LoggingHandler (AbstractInternalLogger.java:log(148)) - [id: 0x8744090d, L:/0.0.0.0:39217] READ: [id: 0xc4a18252, L:/127.0.0.1:39217 - R:/127.0.0.1:46878]
2022-07-15 00:55:30,242 [s0-NettyServerStreamRpc-workerGroup--thread1] INFO  client.DataStreamClient (ConfUtils.java:logGet(46)) - raft.datastream.type = NETTY (custom)
2022-07-15 00:55:30,242 [s0-NettyServerStreamRpc-workerGroup--thread1] INFO  netty.NettyConfigKeys$DataStream (ConfUtils.java:logGet(46)) - raft.netty.dataStream.client.tls.conf = null (default)
2022-07-15 00:55:30,242 [s0-NettyServerStreamRpc-workerGroup--thread1] INFO  netty.NettyConfigKeys$DataStream (ConfUtils.java:logGet(46)) - raft.netty.dataStream.client.reply.queue.grace-period = 1s (default)
2022-07-15 00:55:30,242 [s0-NettyServerStreamRpc-workerGroup--thread1] INFO  netty.NettyConfigKeys$DataStream (ConfUtils.java:logGet(46)) - raft.netty.dataStream.client.worker-group.share = false (default)
2022-07-15 00:55:30,242 [s0-NettyServerStreamRpc-workerGroup--thread1] INFO  netty.NettyConfigKeys$DataStream (ConfUtils.java:logGet(46)) - raft.netty.dataStream.client.worker-group.size = 4 (default)
2022-07-15 00:55:30,242 [s0-NettyServerStreamRpc-bossGroup--thread1] INFO  logging.LoggingHandler (AbstractInternalLogger.java:log(148)) - [id: 0x8744090d, L:/0.0.0.0:39217] READ COMPLETE
2022-07-15 00:55:30,244 [s1-NettyServerStreamRpc-bossGroup--thread1] INFO  logging.LoggingHandler (AbstractInternalLogger.java:log(148)) - [id: 0xda2811d6, L:/0.0.0.0:38397] READ COMPLETE
2022-07-15 00:55:30,244 [s2-NettyServerStreamRpc-workerGroup--thread1] INFO  client.DataStreamClient (ConfUtils.java:logGet(46)) - raft.datastream.type = NETTY (custom)
2022-07-15 00:55:30,244 [s2-NettyServerStreamRpc-workerGroup--thread1] INFO  netty.NettyConfigKeys$DataStream (ConfUtils.java:logGet(46)) - raft.netty.dataStream.client.tls.conf = null (default)
2022-07-15 00:55:30,244 [s2-NettyServerStreamRpc-workerGroup--thread1] INFO  netty.NettyConfigKeys$DataStream (ConfUtils.java:logGet(46)) - raft.netty.dataStream.client.reply.queue.grace-period = 1s (default)
2022-07-15 00:55:30,245 [s2-NettyServerStreamRpc-workerGroup--thread1] INFO  netty.NettyConfigKeys$DataStream (ConfUtils.java:logGet(46)) - raft.netty.dataStream.client.worker-group.share = false (default)
2022-07-15 00:55:30,245 [s2-NettyServerStreamRpc-workerGroup--thread1] INFO  netty.NettyConfigKeys$DataStream (ConfUtils.java:logGet(46)) - raft.netty.dataStream.client.worker-group.size = 4 (default)
2022-07-15 00:55:30,244 [s1-NettyServerStreamRpc-bossGroup--thread1] INFO  logging.LoggingHandler (AbstractInternalLogger.java:log(148)) - [id: 0xda2811d6, L:/0.0.0.0:38397] READ: [id: 0xecfe5677, L:/127.0.0.1:38397 - R:/127.0.0.1:48134]
2022-07-15 00:55:30,245 [s1-NettyServerStreamRpc-bossGroup--thread1] INFO  logging.LoggingHandler (AbstractInternalLogger.java:log(148)) - [id: 0xda2811d6, L:/0.0.0.0:38397] READ: [id: 0x3a4cfe37, L:/127.0.0.1:38397 - R:/127.0.0.1:48136]
2022-07-15 00:55:30,245 [s1-NettyServerStreamRpc-bossGroup--thread1] INFO  logging.LoggingHandler (AbstractInternalLogger.java:log(148)) - [id: 0xda2811d6, L:/0.0.0.0:38397] READ COMPLETE
2022-07-15 00:55:30,245 [s2-NettyServerStreamRpc-bossGroup--thread1] INFO  logging.LoggingHandler (AbstractInternalLogger.java:log(148)) - [id: 0x53b743fe, L:/0.0.0.0:35133] READ: [id: 0x4c291845, L:/127.0.0.1:35133 - R:/127.0.0.1:53882]
2022-07-15 00:55:30,246 [s1-NettyServerStreamRpc-workerGroup--thread3] INFO  client.DataStreamClient (ConfUtils.java:logGet(46)) - raft.datastream.type = NETTY (custom)
2022-07-15 00:55:30,246 [s1-NettyServerStreamRpc-workerGroup--thread3] INFO  netty.NettyConfigKeys$DataStream (ConfUtils.java:logGet(46)) - raft.netty.dataStream.client.tls.conf = null (default)
2022-07-15 00:55:30,247 [s1-NettyServerStreamRpc-workerGroup--thread3] INFO  netty.NettyConfigKeys$DataStream (ConfUtils.java:logGet(46)) - raft.netty.dataStream.client.reply.queue.grace-period = 1s (default)
2022-07-15 00:55:30,247 [s1-NettyServerStreamRpc-workerGroup--thread3] INFO  netty.NettyConfigKeys$DataStream (ConfUtils.java:logGet(46)) - raft.netty.dataStream.client.worker-group.share = false (default)
2022-07-15 00:55:30,247 [s1-NettyServerStreamRpc-workerGroup--thread3] INFO  netty.NettyConfigKeys$DataStream (ConfUtils.java:logGet(46)) - raft.netty.dataStream.client.worker-group.size = 4 (default)
2022-07-15 00:55:30,250 [s1-NettyServerStreamRpc-workerGroup--thread2] INFO  client.DataStreamClient (ConfUtils.java:logGet(46)) - raft.datastream.type = NETTY (custom)
2022-07-15 00:55:30,250 [s1-NettyServerStreamRpc-workerGroup--thread2] INFO  netty.NettyConfigKeys$DataStream (ConfUtils.java:logGet(46)) - raft.netty.dataStream.client.tls.conf = null (default)
2022-07-15 00:55:30,250 [s1-NettyServerStreamRpc-workerGroup--thread2] INFO  netty.NettyConfigKeys$DataStream (ConfUtils.java:logGet(46)) - raft.netty.dataStream.client.reply.queue.grace-period = 1s (default)
2022-07-15 00:55:30,250 [s1-NettyServerStreamRpc-workerGroup--thread2] INFO  netty.NettyConfigKeys$DataStream (ConfUtils.java:logGet(46)) - raft.netty.dataStream.client.worker-group.share = false (default)
2022-07-15 00:55:30,250 [s1-NettyServerStreamRpc-workerGroup--thread2] INFO  netty.NettyConfigKeys$DataStream (ConfUtils.java:logGet(46)) - raft.netty.dataStream.client.worker-group.size = 4 (default)
2022-07-15 00:55:30,251 [s1-NettyServerStreamRpc-workerGroup--thread2] INFO  client.DataStreamClient (ConfUtils.java:logGet(46)) - raft.datastream.type = NETTY (custom)
2022-07-15 00:55:30,251 [s1-NettyServerStreamRpc-workerGroup--thread2] INFO  netty.NettyConfigKeys$DataStream (ConfUtils.java:logGet(46)) - raft.netty.dataStream.client.tls.conf = null (default)
2022-07-15 00:55:30,252 [s1-NettyServerStreamRpc-workerGroup--thread2] INFO  netty.NettyConfigKeys$DataStream (ConfUtils.java:logGet(46)) - raft.netty.dataStream.client.reply.queue.grace-period = 1s (default)
2022-07-15 00:55:30,252 [s1-NettyServerStreamRpc-workerGroup--thread2] INFO  netty.NettyConfigKeys$DataStream (ConfUtils.java:logGet(46)) - raft.netty.dataStream.client.worker-group.share = false (default)
2022-07-15 00:55:30,252 [s1-NettyServerStreamRpc-workerGroup--thread2] INFO  netty.NettyConfigKeys$DataStream (ConfUtils.java:logGet(46)) - raft.netty.dataStream.client.worker-group.size = 4 (default)
2022-07-15 00:55:30,252 [s2-NettyServerStreamRpc-bossGroup--thread1] INFO  logging.LoggingHandler (AbstractInternalLogger.java:log(148)) - [id: 0x53b743fe, L:/0.0.0.0:35133] READ COMPLETE
2022-07-15 00:55:30,253 [s2-NettyServerStreamRpc-bossGroup--thread1] INFO  logging.LoggingHandler (AbstractInternalLogger.java:log(148)) - [id: 0x53b743fe, L:/0.0.0.0:35133] READ: [id: 0x824a11aa, L:/127.0.0.1:35133 - R:/127.0.0.1:53886]
2022-07-15 00:55:30,253 [s2-NettyServerStreamRpc-bossGroup--thread1] INFO  logging.LoggingHandler (AbstractInternalLogger.java:log(148)) - [id: 0x53b743fe, L:/0.0.0.0:35133] READ: [id: 0x1b5ea6e4, L:/127.0.0.1:35133 - R:/127.0.0.1:53890]
2022-07-15 00:55:30,253 [s2-NettyServerStreamRpc-bossGroup--thread1] INFO  logging.LoggingHandler (AbstractInternalLogger.java:log(148)) - [id: 0x53b743fe, L:/0.0.0.0:35133] READ COMPLETE
2022-07-15 00:55:30,253 [s2-NettyServerStreamRpc-workerGroup--thread1] INFO  client.DataStreamClient (ConfUtils.java:logGet(46)) - raft.datastream.type = NETTY (custom)
2022-07-15 00:55:30,253 [s2-NettyServerStreamRpc-workerGroup--thread1] INFO  netty.NettyConfigKeys$DataStream (ConfUtils.java:logGet(46)) - raft.netty.dataStream.client.tls.conf = null (default)
2022-07-15 00:55:30,254 [s2-NettyServerStreamRpc-workerGroup--thread1] INFO  netty.NettyConfigKeys$DataStream (ConfUtils.java:logGet(46)) - raft.netty.dataStream.client.reply.queue.grace-period = 1s (default)
2022-07-15 00:55:30,254 [s2-NettyServerStreamRpc-workerGroup--thread1] INFO  netty.NettyConfigKeys$DataStream (ConfUtils.java:logGet(46)) - raft.netty.dataStream.client.worker-group.share = false (default)
2022-07-15 00:55:30,254 [s2-NettyServerStreamRpc-workerGroup--thread1] INFO  netty.NettyConfigKeys$DataStream (ConfUtils.java:logGet(46)) - raft.netty.dataStream.client.worker-group.size = 4 (default)
2022-07-15 00:55:30,256 [s2-NettyServerStreamRpc-workerGroup--thread3] INFO  client.DataStreamClient (ConfUtils.java:logGet(46)) - raft.datastream.type = NETTY (custom)
2022-07-15 00:55:30,256 [s2-NettyServerStreamRpc-workerGroup--thread3] INFO  netty.NettyConfigKeys$DataStream (ConfUtils.java:logGet(46)) - raft.netty.dataStream.client.tls.conf = null (default)
2022-07-15 00:55:30,256 [s2-NettyServerStreamRpc-workerGroup--thread3] INFO  netty.NettyConfigKeys$DataStream (ConfUtils.java:logGet(46)) - raft.netty.dataStream.client.reply.queue.grace-period = 1s (default)
2022-07-15 00:55:30,256 [s2-NettyServerStreamRpc-workerGroup--thread3] INFO  netty.NettyConfigKeys$DataStream (ConfUtils.java:logGet(46)) - raft.netty.dataStream.client.worker-group.share = false (default)
2022-07-15 00:55:30,257 [s2-NettyServerStreamRpc-workerGroup--thread3] INFO  netty.NettyConfigKeys$DataStream (ConfUtils.java:logGet(46)) - raft.netty.dataStream.client.worker-group.size = 4 (default)
2022-07-15 00:55:30,258 [s0-NettyServerStreamRpc-bossGroup--thread1] INFO  logging.LoggingHandler (AbstractInternalLogger.java:log(148)) - [id: 0x8744090d, L:/0.0.0.0:39217] READ: [id: 0x77c8ffca, L:/127.0.0.1:39217 - R:/127.0.0.1:46882]
2022-07-15 00:55:30,258 [s0-NettyServerStreamRpc-bossGroup--thread1] INFO  logging.LoggingHandler (AbstractInternalLogger.java:log(148)) - [id: 0x8744090d, L:/0.0.0.0:39217] READ: [id: 0x9e524bd5, L:/127.0.0.1:39217 - R:/127.0.0.1:46890]
2022-07-15 00:55:30,258 [s0-NettyServerStreamRpc-bossGroup--thread1] INFO  logging.LoggingHandler (AbstractInternalLogger.java:log(148)) - [id: 0x8744090d, L:/0.0.0.0:39217] READ: [id: 0xb9e3ce36, L:/127.0.0.1:39217 - R:/127.0.0.1:46894]
2022-07-15 00:55:30,258 [s0-NettyServerStreamRpc-bossGroup--thread1] INFO  logging.LoggingHandler (AbstractInternalLogger.java:log(148)) - [id: 0x8744090d, L:/0.0.0.0:39217] READ: [id: 0xc4330e1e, L:/127.0.0.1:39217 - R:/127.0.0.1:46898]
2022-07-15 00:55:30,258 [s0-NettyServerStreamRpc-bossGroup--thread1] INFO  logging.LoggingHandler (AbstractInternalLogger.java:log(148)) - [id: 0x8744090d, L:/0.0.0.0:39217] READ COMPLETE
2022-07-15 00:55:30,260 [s2-NettyServerStreamRpc-bossGroup--thread1] INFO  logging.LoggingHandler (AbstractInternalLogger.java:log(148)) - [id: 0x53b743fe, L:/0.0.0.0:35133] READ: [id: 0xd0daa519, L:/127.0.0.1:35133 - R:/127.0.0.1:53894]
2022-07-15 00:55:30,260 [s2-NettyServerStreamRpc-bossGroup--thread1] INFO  logging.LoggingHandler (AbstractInternalLogger.java:log(148)) - [id: 0x53b743fe, L:/0.0.0.0:35133] READ COMPLETE
2022-07-15 00:55:30,266 [s0-NettyServerStreamRpc-workerGroup--thread1] INFO  client.DataStreamClient (ConfUtils.java:logGet(46)) - raft.datastream.type = NETTY (custom)
2022-07-15 00:55:30,266 [s0-NettyServerStreamRpc-workerGroup--thread1] INFO  netty.NettyConfigKeys$DataStream (ConfUtils.java:logGet(46)) - raft.netty.dataStream.client.tls.conf = null (default)
2022-07-15 00:55:30,266 [s0-NettyServerStreamRpc-workerGroup--thread1] INFO  netty.NettyConfigKeys$DataStream (ConfUtils.java:logGet(46)) - raft.netty.dataStream.client.reply.queue.grace-period = 1s (default)
2022-07-15 00:55:30,266 [s0-NettyServerStreamRpc-workerGroup--thread1] INFO  netty.NettyConfigKeys$DataStream (ConfUtils.java:logGet(46)) - raft.netty.dataStream.client.worker-group.share = false (default)
2022-07-15 00:55:30,266 [s0-NettyServerStreamRpc-workerGroup--thread1] INFO  netty.NettyConfigKeys$DataStream (ConfUtils.java:logGet(46)) - raft.netty.dataStream.client.worker-group.size = 4 (default)
2022-07-15 00:55:30,266 [s0-NettyServerStreamRpc-bossGroup--thread1] INFO  logging.LoggingHandler (AbstractInternalLogger.java:log(148)) - [id: 0x8744090d, L:/0.0.0.0:39217] READ: [id: 0xc431897b, L:/127.0.0.1:39217 - R:/127.0.0.1:46902]
2022-07-15 00:55:30,267 [s0-NettyServerStreamRpc-bossGroup--thread1] INFO  logging.LoggingHandler (AbstractInternalLogger.java:log(148)) - [id: 0x8744090d, L:/0.0.0.0:39217] READ COMPLETE
2022-07-15 00:55:30,267 [s2-NettyServerStreamRpc-workerGroup--thread3] INFO  client.DataStreamClient (ConfUtils.java:logGet(46)) - raft.datastream.type = NETTY (custom)
2022-07-15 00:55:30,267 [s2-NettyServerStreamRpc-workerGroup--thread3] INFO  netty.NettyConfigKeys$DataStream (ConfUtils.java:logGet(46)) - raft.netty.dataStream.client.tls.conf = null (default)
2022-07-15 00:55:30,267 [s2-NettyServerStreamRpc-workerGroup--thread3] INFO  netty.NettyConfigKeys$DataStream (ConfUtils.java:logGet(46)) - raft.netty.dataStream.client.reply.queue.grace-period = 1s (default)
2022-07-15 00:55:30,267 [s2-NettyServerStreamRpc-workerGroup--thread3] INFO  netty.NettyConfigKeys$DataStream (ConfUtils.java:logGet(46)) - raft.netty.dataStream.client.worker-group.share = false (default)
2022-07-15 00:55:30,267 [s2-NettyServerStreamRpc-workerGroup--thread3] INFO  netty.NettyConfigKeys$DataStream (ConfUtils.java:logGet(46)) - raft.netty.dataStream.client.worker-group.size = 4 (default)
2022-07-15 00:55:30,275 [s1-NettyServerStreamRpc-bossGroup--thread1] INFO  logging.LoggingHandler (AbstractInternalLogger.java:log(148)) - [id: 0xda2811d6, L:/0.0.0.0:38397] READ: [id: 0x64f6b8d5, L:/127.0.0.1:38397 - R:/127.0.0.1:48154]
2022-07-15 00:55:30,276 [s1-NettyServerStreamRpc-bossGroup--thread1] INFO  logging.LoggingHandler (AbstractInternalLogger.java:log(148)) - [id: 0xda2811d6, L:/0.0.0.0:38397] READ COMPLETE
2022-07-15 00:55:30,276 [s1-NettyServerStreamRpc-workerGroup--thread3] INFO  client.DataStreamClient (ConfUtils.java:logGet(46)) - raft.datastream.type = NETTY (custom)
2022-07-15 00:55:30,276 [s1-NettyServerStreamRpc-workerGroup--thread3] INFO  netty.NettyConfigKeys$DataStream (ConfUtils.java:logGet(46)) - raft.netty.dataStream.client.tls.conf = null (default)
2022-07-15 00:55:30,276 [s1-NettyServerStreamRpc-workerGroup--thread3] INFO  netty.NettyConfigKeys$DataStream (ConfUtils.java:logGet(46)) - raft.netty.dataStream.client.reply.queue.grace-period = 1s (default)
2022-07-15 00:55:30,276 [s1-NettyServerStreamRpc-workerGroup--thread3] INFO  netty.NettyConfigKeys$DataStream (ConfUtils.java:logGet(46)) - raft.netty.dataStream.client.worker-group.share = false (default)
2022-07-15 00:55:30,276 [s1-NettyServerStreamRpc-workerGroup--thread3] INFO  netty.NettyConfigKeys$DataStream (ConfUtils.java:logGet(46)) - raft.netty.dataStream.client.worker-group.size = 4 (default)
2022-07-15 00:55:30,277 [s0-NettyServerStreamRpc-bossGroup--thread1] INFO  logging.LoggingHandler (AbstractInternalLogger.java:log(148)) - [id: 0x8744090d, L:/0.0.0.0:39217] READ: [id: 0x815e6577, L:/127.0.0.1:39217 - R:/127.0.0.1:46906]
2022-07-15 00:55:30,277 [s0-NettyServerStreamRpc-bossGroup--thread1] INFO  logging.LoggingHandler (AbstractInternalLogger.java:log(148)) - [id: 0x8744090d, L:/0.0.0.0:39217] READ COMPLETE
2022-07-15 00:55:30,278 [s1-NettyServerStreamRpc-workerGroup--thread3] INFO  client.DataStreamClient (ConfUtils.java:logGet(46)) - raft.datastream.type = NETTY (custom)
2022-07-15 00:55:30,278 [s1-NettyServerStreamRpc-workerGroup--thread3] INFO  netty.NettyConfigKeys$DataStream (ConfUtils.java:logGet(46)) - raft.netty.dataStream.client.tls.conf = null (default)
2022-07-15 00:55:30,278 [s1-NettyServerStreamRpc-workerGroup--thread3] INFO  netty.NettyConfigKeys$DataStream (ConfUtils.java:logGet(46)) - raft.netty.dataStream.client.reply.queue.grace-period = 1s (default)
2022-07-15 00:55:30,278 [s1-NettyServerStreamRpc-workerGroup--thread3] INFO  netty.NettyConfigKeys$DataStream (ConfUtils.java:logGet(46)) - raft.netty.dataStream.client.worker-group.share = false (default)
2022-07-15 00:55:30,278 [s1-NettyServerStreamRpc-workerGroup--thread3] INFO  netty.NettyConfigKeys$DataStream (ConfUtils.java:logGet(46)) - raft.netty.dataStream.client.worker-group.size = 4 (default)
2022-07-15 00:55:30,280 [s2-NettyServerStreamRpc-bossGroup--thread1] INFO  logging.LoggingHandler (AbstractInternalLogger.java:log(148)) - [id: 0x53b743fe, L:/0.0.0.0:35133] READ: [id: 0x93f3881b, L:/127.0.0.1:35133 - R:/127.0.0.1:53902]
2022-07-15 00:55:30,280 [s2-NettyServerStreamRpc-bossGroup--thread1] INFO  logging.LoggingHandler (AbstractInternalLogger.java:log(148)) - [id: 0x53b743fe, L:/0.0.0.0:35133] READ COMPLETE
2022-07-15 00:55:30,281 [s1-NettyServerStreamRpc-workerGroup--thread1] INFO  client.DataStreamClient (ConfUtils.java:logGet(46)) - raft.datastream.type = NETTY (custom)
2022-07-15 00:55:30,281 [s1-NettyServerStreamRpc-workerGroup--thread1] INFO  netty.NettyConfigKeys$DataStream (ConfUtils.java:logGet(46)) - raft.netty.dataStream.client.tls.conf = null (default)
2022-07-15 00:55:30,281 [s1-NettyServerStreamRpc-workerGroup--thread1] INFO  netty.NettyConfigKeys$DataStream (ConfUtils.java:logGet(46)) - raft.netty.dataStream.client.reply.queue.grace-period = 1s (default)
2022-07-15 00:55:30,281 [s1-NettyServerStreamRpc-workerGroup--thread1] INFO  netty.NettyConfigKeys$DataStream (ConfUtils.java:logGet(46)) - raft.netty.dataStream.client.worker-group.share = false (default)
2022-07-15 00:55:30,282 [s1-NettyServerStreamRpc-workerGroup--thread1] INFO  netty.NettyConfigKeys$DataStream (ConfUtils.java:logGet(46)) - raft.netty.dataStream.client.worker-group.size = 4 (default)
2022-07-15 00:55:30,288 [s0-NettyServerStreamRpc-workerGroup--thread1] INFO  client.DataStreamClient (ConfUtils.java:logGet(46)) - raft.datastream.type = NETTY (custom)
2022-07-15 00:55:30,288 [s0-NettyServerStreamRpc-workerGroup--thread1] INFO  netty.NettyConfigKeys$DataStream (ConfUtils.java:logGet(46)) - raft.netty.dataStream.client.tls.conf = null (default)
2022-07-15 00:55:30,288 [s0-NettyServerStreamRpc-workerGroup--thread1] INFO  netty.NettyConfigKeys$DataStream (ConfUtils.java:logGet(46)) - raft.netty.dataStream.client.reply.queue.grace-period = 1s (default)
2022-07-15 00:55:30,288 [s0-NettyServerStreamRpc-workerGroup--thread1] INFO  netty.NettyConfigKeys$DataStream (ConfUtils.java:logGet(46)) - raft.netty.dataStream.client.worker-group.share = false (default)
2022-07-15 00:55:30,288 [s0-NettyServerStreamRpc-workerGroup--thread1] INFO  netty.NettyConfigKeys$DataStream (ConfUtils.java:logGet(46)) - raft.netty.dataStream.client.worker-group.size = 4 (default)
2022-07-15 00:55:30,290 [s2-NettyServerStreamRpc-workerGroup--thread3] INFO  client.DataStreamClient (ConfUtils.java:logGet(46)) - raft.datastream.type = NETTY (custom)
2022-07-15 00:55:30,290 [s2-NettyServerStreamRpc-workerGroup--thread3] INFO  netty.NettyConfigKeys$DataStream (ConfUtils.java:logGet(46)) - raft.netty.dataStream.client.tls.conf = null (default)
2022-07-15 00:55:30,290 [s2-NettyServerStreamRpc-workerGroup--thread3] INFO  netty.NettyConfigKeys$DataStream (ConfUtils.java:logGet(46)) - raft.netty.dataStream.client.reply.queue.grace-period = 1s (default)
2022-07-15 00:55:30,290 [s2-NettyServerStreamRpc-workerGroup--thread3] INFO  netty.NettyConfigKeys$DataStream (ConfUtils.java:logGet(46)) - raft.netty.dataStream.client.worker-group.share = false (default)
2022-07-15 00:55:30,291 [s2-NettyServerStreamRpc-workerGroup--thread3] INFO  netty.NettyConfigKeys$DataStream (ConfUtils.java:logGet(46)) - raft.netty.dataStream.client.worker-group.size = 4 (default)
2022-07-15 00:55:30,295 [s2-NettyServerStreamRpc-bossGroup--thread1] INFO  logging.LoggingHandler (AbstractInternalLogger.java:log(148)) - [id: 0x53b743fe, L:/0.0.0.0:35133] READ: [id: 0xa3492daa, L:/127.0.0.1:35133 - R:/127.0.0.1:53904]
2022-07-15 00:55:30,295 [s2-NettyServerStreamRpc-bossGroup--thread1] INFO  logging.LoggingHandler (AbstractInternalLogger.java:log(148)) - [id: 0x53b743fe, L:/0.0.0.0:35133] READ COMPLETE
2022-07-15 00:55:30,295 [s1-NettyServerStreamRpc-bossGroup--thread1] INFO  logging.LoggingHandler (AbstractInternalLogger.java:log(148)) - [id: 0xda2811d6, L:/0.0.0.0:38397] READ: [id: 0x724fad25, L:/127.0.0.1:38397 - R:/127.0.0.1:48162]
2022-07-15 00:55:30,295 [s1-NettyServerStreamRpc-bossGroup--thread1] INFO  logging.LoggingHandler (AbstractInternalLogger.java:log(148)) - [id: 0xda2811d6, L:/0.0.0.0:38397] READ: [id: 0x56091ced, L:/127.0.0.1:38397 - R:/127.0.0.1:48164]
2022-07-15 00:55:30,296 [s1-NettyServerStreamRpc-bossGroup--thread1] INFO  logging.LoggingHandler (AbstractInternalLogger.java:log(148)) - [id: 0xda2811d6, L:/0.0.0.0:38397] READ COMPLETE
2022-07-15 00:55:30,297 [s2-NettyServerStreamRpc-bossGroup--thread1] INFO  logging.LoggingHandler (AbstractInternalLogger.java:log(148)) - [id: 0x53b743fe, L:/0.0.0.0:35133] READ: [id: 0x07604e81, L:/127.0.0.1:35133 - R:/127.0.0.1:53910]
2022-07-15 00:55:30,297 [s2-NettyServerStreamRpc-bossGroup--thread1] INFO  logging.LoggingHandler (AbstractInternalLogger.java:log(148)) - [id: 0x53b743fe, L:/0.0.0.0:35133] READ COMPLETE
2022-07-15 00:55:30,298 [s0-NettyServerStreamRpc-bossGroup--thread1] INFO  logging.LoggingHandler (AbstractInternalLogger.java:log(148)) - [id: 0x8744090d, L:/0.0.0.0:39217] READ: [id: 0xde4be7f9, L:/127.0.0.1:39217 - R:/127.0.0.1:46918]
2022-07-15 00:55:30,298 [s0-NettyServerStreamRpc-bossGroup--thread1] INFO  logging.LoggingHandler (AbstractInternalLogger.java:log(148)) - [id: 0x8744090d, L:/0.0.0.0:39217] READ COMPLETE
2022-07-15 00:55:30,299 [s2-NettyServerStreamRpc-workerGroup--thread1] INFO  client.DataStreamClient (ConfUtils.java:logGet(46)) - raft.datastream.type = NETTY (custom)
2022-07-15 00:55:30,299 [s2-NettyServerStreamRpc-workerGroup--thread1] INFO  netty.NettyConfigKeys$DataStream (ConfUtils.java:logGet(46)) - raft.netty.dataStream.client.tls.conf = null (default)
2022-07-15 00:55:30,299 [s2-NettyServerStreamRpc-workerGroup--thread1] INFO  netty.NettyConfigKeys$DataStream (ConfUtils.java:logGet(46)) - raft.netty.dataStream.client.reply.queue.grace-period = 1s (default)
2022-07-15 00:55:30,299 [s2-NettyServerStreamRpc-workerGroup--thread1] INFO  netty.NettyConfigKeys$DataStream (ConfUtils.java:logGet(46)) - raft.netty.dataStream.client.worker-group.share = false (default)
2022-07-15 00:55:30,299 [s2-NettyServerStreamRpc-workerGroup--thread1] INFO  netty.NettyConfigKeys$DataStream (ConfUtils.java:logGet(46)) - raft.netty.dataStream.client.worker-group.size = 4 (default)
2022-07-15 00:55:30,303 [s1-NettyServerStreamRpc-workerGroup--thread3] INFO  client.DataStreamClient (ConfUtils.java:logGet(46)) - raft.datastream.type = NETTY (custom)
2022-07-15 00:55:30,303 [s1-NettyServerStreamRpc-workerGroup--thread3] INFO  netty.NettyConfigKeys$DataStream (ConfUtils.java:logGet(46)) - raft.netty.dataStream.client.tls.conf = null (default)
2022-07-15 00:55:30,303 [s1-NettyServerStreamRpc-workerGroup--thread3] INFO  netty.NettyConfigKeys$DataStream (ConfUtils.java:logGet(46)) - raft.netty.dataStream.client.reply.queue.grace-period = 1s (default)
2022-07-15 00:55:30,303 [s1-NettyServerStreamRpc-workerGroup--thread3] INFO  netty.NettyConfigKeys$DataStream (ConfUtils.java:logGet(46)) - raft.netty.dataStream.client.worker-group.share = false (default)
2022-07-15 00:55:30,303 [s1-NettyServerStreamRpc-workerGroup--thread3] INFO  netty.NettyConfigKeys$DataStream (ConfUtils.java:logGet(46)) - raft.netty.dataStream.client.worker-group.size = 4 (default)
2022-07-15 00:55:30,304 [s0-NettyServerStreamRpc-bossGroup--thread1] INFO  logging.LoggingHandler (AbstractInternalLogger.java:log(148)) - [id: 0x8744090d, L:/0.0.0.0:39217] READ: [id: 0x21df0633, L:/127.0.0.1:39217 - R:/127.0.0.1:46920]
2022-07-15 00:55:30,304 [s0-NettyServerStreamRpc-bossGroup--thread1] INFO  logging.LoggingHandler (AbstractInternalLogger.java:log(148)) - [id: 0x8744090d, L:/0.0.0.0:39217] READ COMPLETE
2022-07-15 00:55:30,304 [s1-NettyServerStreamRpc-workerGroup--thread1] INFO  client.DataStreamClient (ConfUtils.java:logGet(46)) - raft.datastream.type = NETTY (custom)
2022-07-15 00:55:30,304 [s1-NettyServerStreamRpc-workerGroup--thread1] INFO  netty.NettyConfigKeys$DataStream (ConfUtils.java:logGet(46)) - raft.netty.dataStream.client.tls.conf = null (default)
2022-07-15 00:55:30,304 [s1-NettyServerStreamRpc-workerGroup--thread1] INFO  netty.NettyConfigKeys$DataStream (ConfUtils.java:logGet(46)) - raft.netty.dataStream.client.reply.queue.grace-period = 1s (default)
2022-07-15 00:55:30,305 [s1-NettyServerStreamRpc-workerGroup--thread1] INFO  netty.NettyConfigKeys$DataStream (ConfUtils.java:logGet(46)) - raft.netty.dataStream.client.worker-group.share = false (default)
2022-07-15 00:55:30,305 [s0-NettyServerStreamRpc-bossGroup--thread1] INFO  logging.LoggingHandler (AbstractInternalLogger.java:log(148)) - [id: 0x8744090d, L:/0.0.0.0:39217] READ: [id: 0x8e7f7dc2, L:/127.0.0.1:39217 - R:/127.0.0.1:46922]
2022-07-15 00:55:30,305 [s0-NettyServerStreamRpc-bossGroup--thread1] INFO  logging.LoggingHandler (AbstractInternalLogger.java:log(148)) - [id: 0x8744090d, L:/0.0.0.0:39217] READ COMPLETE
2022-07-15 00:55:30,305 [s1-NettyServerStreamRpc-workerGroup--thread1] INFO  netty.NettyConfigKeys$DataStream (ConfUtils.java:logGet(46)) - raft.netty.dataStream.client.worker-group.size = 4 (default)
2022-07-15 00:55:30,305 [s1-NettyServerStreamRpc-workerGroup--thread3] INFO  client.DataStreamClient (ConfUtils.java:logGet(46)) - raft.datastream.type = NETTY (custom)
2022-07-15 00:55:30,305 [s1-NettyServerStreamRpc-workerGroup--thread3] INFO  netty.NettyConfigKeys$DataStream (ConfUtils.java:logGet(46)) - raft.netty.dataStream.client.tls.conf = null (default)
2022-07-15 00:55:30,305 [s1-NettyServerStreamRpc-workerGroup--thread3] INFO  netty.NettyConfigKeys$DataStream (ConfUtils.java:logGet(46)) - raft.netty.dataStream.client.reply.queue.grace-period = 1s (default)
2022-07-15 00:55:30,306 [s1-NettyServerStreamRpc-workerGroup--thread3] INFO  netty.NettyConfigKeys$DataStream (ConfUtils.java:logGet(46)) - raft.netty.dataStream.client.worker-group.share = false (default)
2022-07-15 00:55:30,306 [s1-NettyServerStreamRpc-workerGroup--thread3] INFO  netty.NettyConfigKeys$DataStream (ConfUtils.java:logGet(46)) - raft.netty.dataStream.client.worker-group.size = 4 (default)
2022-07-15 00:55:30,307 [s2-NettyServerStreamRpc-bossGroup--thread1] INFO  logging.LoggingHandler (AbstractInternalLogger.java:log(148)) - [id: 0x53b743fe, L:/0.0.0.0:35133] READ: [id: 0x023f3e7d, L:/127.0.0.1:35133 - R:/127.0.0.1:53918]
2022-07-15 00:55:30,307 [s2-NettyServerStreamRpc-bossGroup--thread1] INFO  logging.LoggingHandler (AbstractInternalLogger.java:log(148)) - [id: 0x53b743fe, L:/0.0.0.0:35133] READ COMPLETE
2022-07-15 00:55:30,308 [s2-NettyServerStreamRpc-bossGroup--thread1] INFO  logging.LoggingHandler (AbstractInternalLogger.java:log(148)) - [id: 0x53b743fe, L:/0.0.0.0:35133] READ: [id: 0x0ca88414, L:/127.0.0.1:35133 - R:/127.0.0.1:53920]
2022-07-15 00:55:30,308 [s2-NettyServerStreamRpc-bossGroup--thread1] INFO  logging.LoggingHandler (AbstractInternalLogger.java:log(148)) - [id: 0x53b743fe, L:/0.0.0.0:35133] READ COMPLETE
2022-07-15 00:55:30,317 [s1-NettyServerStreamRpc-workerGroup--thread2] INFO  client.DataStreamClient (ConfUtils.java:logGet(46)) - raft.datastream.type = NETTY (custom)
2022-07-15 00:55:30,317 [s1-NettyServerStreamRpc-workerGroup--thread2] INFO  netty.NettyConfigKeys$DataStream (ConfUtils.java:logGet(46)) - raft.netty.dataStream.client.tls.conf = null (default)
2022-07-15 00:55:30,317 [s1-NettyServerStreamRpc-workerGroup--thread2] INFO  netty.NettyConfigKeys$DataStream (ConfUtils.java:logGet(46)) - raft.netty.dataStream.client.reply.queue.grace-period = 1s (default)
2022-07-15 00:55:30,317 [s1-NettyServerStreamRpc-bossGroup--thread1] INFO  logging.LoggingHandler (AbstractInternalLogger.java:log(148)) - [id: 0xda2811d6, L:/0.0.0.0:38397] READ: [id: 0x371cd525, L:/127.0.0.1:38397 - R:/127.0.0.1:48178]
2022-07-15 00:55:30,317 [s1-NettyServerStreamRpc-workerGroup--thread2] INFO  netty.NettyConfigKeys$DataStream (ConfUtils.java:logGet(46)) - raft.netty.dataStream.client.worker-group.share = false (default)
2022-07-15 00:55:30,317 [s1-NettyServerStreamRpc-bossGroup--thread1] INFO  logging.LoggingHandler (AbstractInternalLogger.java:log(148)) - [id: 0xda2811d6, L:/0.0.0.0:38397] READ COMPLETE
2022-07-15 00:55:30,317 [s1-NettyServerStreamRpc-workerGroup--thread2] INFO  netty.NettyConfigKeys$DataStream (ConfUtils.java:logGet(46)) - raft.netty.dataStream.client.worker-group.size = 4 (default)
2022-07-15 00:55:30,319 [s0-NettyServerStreamRpc-workerGroup--thread1] INFO  client.DataStreamClient (ConfUtils.java:logGet(46)) - raft.datastream.type = NETTY (custom)
2022-07-15 00:55:30,319 [s0-NettyServerStreamRpc-workerGroup--thread1] INFO  netty.NettyConfigKeys$DataStream (ConfUtils.java:logGet(46)) - raft.netty.dataStream.client.tls.conf = null (default)
2022-07-15 00:55:30,319 [s0-NettyServerStreamRpc-workerGroup--thread1] INFO  netty.NettyConfigKeys$DataStream (ConfUtils.java:logGet(46)) - raft.netty.dataStream.client.reply.queue.grace-period = 1s (default)
2022-07-15 00:55:30,320 [s0-NettyServerStreamRpc-workerGroup--thread1] INFO  netty.NettyConfigKeys$DataStream (ConfUtils.java:logGet(46)) - raft.netty.dataStream.client.worker-group.share = false (default)
2022-07-15 00:55:30,320 [s0-NettyServerStreamRpc-workerGroup--thread1] INFO  netty.NettyConfigKeys$DataStream (ConfUtils.java:logGet(46)) - raft.netty.dataStream.client.worker-group.size = 4 (default)
2022-07-15 00:55:30,321 [s1-NettyServerStreamRpc-bossGroup--thread1] INFO  logging.LoggingHandler (AbstractInternalLogger.java:log(148)) - [id: 0xda2811d6, L:/0.0.0.0:38397] READ: [id: 0x0692057d, L:/127.0.0.1:38397 - R:/127.0.0.1:48180]
2022-07-15 00:55:30,321 [s1-NettyServerStreamRpc-bossGroup--thread1] INFO  logging.LoggingHandler (AbstractInternalLogger.java:log(148)) - [id: 0xda2811d6, L:/0.0.0.0:38397] READ COMPLETE
2022-07-15 00:55:30,321 [s0-NettyServerStreamRpc-workerGroup--thread1] INFO  client.DataStreamClient (ConfUtils.java:logGet(46)) - raft.datastream.type = NETTY (custom)
2022-07-15 00:55:30,321 [s0-NettyServerStreamRpc-workerGroup--thread1] INFO  netty.NettyConfigKeys$DataStream (ConfUtils.java:logGet(46)) - raft.netty.dataStream.client.tls.conf = null (default)
2022-07-15 00:55:30,321 [s0-NettyServerStreamRpc-workerGroup--thread1] INFO  netty.NettyConfigKeys$DataStream (ConfUtils.java:logGet(46)) - raft.netty.dataStream.client.reply.queue.grace-period = 1s (default)
2022-07-15 00:55:30,321 [s0-NettyServerStreamRpc-workerGroup--thread1] INFO  netty.NettyConfigKeys$DataStream (ConfUtils.java:logGet(46)) - raft.netty.dataStream.client.worker-group.share = false (default)
2022-07-15 00:55:30,321 [s0-NettyServerStreamRpc-workerGroup--thread1] INFO  netty.NettyConfigKeys$DataStream (ConfUtils.java:logGet(46)) - raft.netty.dataStream.client.worker-group.size = 4 (default)
2022-07-15 00:55:30,322 [s2-NettyServerStreamRpc-bossGroup--thread1] INFO  logging.LoggingHandler (AbstractInternalLogger.java:log(148)) - [id: 0x53b743fe, L:/0.0.0.0:35133] READ: [id: 0x021761e0, L:/127.0.0.1:35133 - R:/127.0.0.1:53926]
2022-07-15 00:55:30,322 [s2-NettyServerStreamRpc-bossGroup--thread1] INFO  logging.LoggingHandler (AbstractInternalLogger.java:log(148)) - [id: 0x53b743fe, L:/0.0.0.0:35133] READ COMPLETE
2022-07-15 00:55:30,323 [s0-NettyServerStreamRpc-workerGroup--thread1] INFO  client.DataStreamClient (ConfUtils.java:logGet(46)) - raft.datastream.type = NETTY (custom)
2022-07-15 00:55:30,323 [s0-NettyServerStreamRpc-workerGroup--thread1] INFO  netty.NettyConfigKeys$DataStream (ConfUtils.java:logGet(46)) - raft.netty.dataStream.client.tls.conf = null (default)
2022-07-15 00:55:30,323 [s0-NettyServerStreamRpc-workerGroup--thread1] INFO  netty.NettyConfigKeys$DataStream (ConfUtils.java:logGet(46)) - raft.netty.dataStream.client.reply.queue.grace-period = 1s (default)
2022-07-15 00:55:30,323 [s0-NettyServerStreamRpc-workerGroup--thread1] INFO  netty.NettyConfigKeys$DataStream (ConfUtils.java:logGet(46)) - raft.netty.dataStream.client.worker-group.share = false (default)
2022-07-15 00:55:30,323 [s0-NettyServerStreamRpc-workerGroup--thread1] INFO  netty.NettyConfigKeys$DataStream (ConfUtils.java:logGet(46)) - raft.netty.dataStream.client.worker-group.size = 4 (default)
2022-07-15 00:55:30,323 [s0-NettyServerStreamRpc-bossGroup--thread1] INFO  logging.LoggingHandler (AbstractInternalLogger.java:log(148)) - [id: 0x8744090d, L:/0.0.0.0:39217] READ: [id: 0xe8b8b8fb, L:/127.0.0.1:39217 - R:/127.0.0.1:46934]
2022-07-15 00:55:30,323 [s0-NettyServerStreamRpc-bossGroup--thread1] INFO  logging.LoggingHandler (AbstractInternalLogger.java:log(148)) - [id: 0x8744090d, L:/0.0.0.0:39217] READ COMPLETE
2022-07-15 00:55:30,323 [s1-NettyServerStreamRpc-workerGroup--thread2] INFO  client.DataStreamClient (ConfUtils.java:logGet(46)) - raft.datastream.type = NETTY (custom)
2022-07-15 00:55:30,324 [s1-NettyServerStreamRpc-workerGroup--thread2] INFO  netty.NettyConfigKeys$DataStream (ConfUtils.java:logGet(46)) - raft.netty.dataStream.client.tls.conf = null (default)
2022-07-15 00:55:30,324 [s1-NettyServerStreamRpc-workerGroup--thread2] INFO  netty.NettyConfigKeys$DataStream (ConfUtils.java:logGet(46)) - raft.netty.dataStream.client.reply.queue.grace-period = 1s (default)
2022-07-15 00:55:30,324 [s1-NettyServerStreamRpc-workerGroup--thread2] INFO  netty.NettyConfigKeys$DataStream (ConfUtils.java:logGet(46)) - raft.netty.dataStream.client.worker-group.share = false (default)
2022-07-15 00:55:30,324 [s1-NettyServerStreamRpc-workerGroup--thread2] INFO  netty.NettyConfigKeys$DataStream (ConfUtils.java:logGet(46)) - raft.netty.dataStream.client.worker-group.size = 4 (default)
2022-07-15 00:55:30,325 [s2-NettyServerStreamRpc-workerGroup--thread2] INFO  client.DataStreamClient (ConfUtils.java:logGet(46)) - raft.datastream.type = NETTY (custom)
2022-07-15 00:55:30,325 [s2-NettyServerStreamRpc-workerGroup--thread2] INFO  netty.NettyConfigKeys$DataStream (ConfUtils.java:logGet(46)) - raft.netty.dataStream.client.tls.conf = null (default)
2022-07-15 00:55:30,325 [s2-NettyServerStreamRpc-workerGroup--thread2] INFO  netty.NettyConfigKeys$DataStream (ConfUtils.java:logGet(46)) - raft.netty.dataStream.client.reply.queue.grace-period = 1s (default)
2022-07-15 00:55:30,325 [s2-NettyServerStreamRpc-workerGroup--thread2] INFO  netty.NettyConfigKeys$DataStream (ConfUtils.java:logGet(46)) - raft.netty.dataStream.client.worker-group.share = false (default)
2022-07-15 00:55:30,325 [s2-NettyServerStreamRpc-workerGroup--thread2] INFO  netty.NettyConfigKeys$DataStream (ConfUtils.java:logGet(46)) - raft.netty.dataStream.client.worker-group.size = 4 (default)
2022-07-15 00:55:30,326 [s0-NettyServerStreamRpc-bossGroup--thread1] INFO  logging.LoggingHandler (AbstractInternalLogger.java:log(148)) - [id: 0x8744090d, L:/0.0.0.0:39217] READ: [id: 0x9fc9c21d, L:/127.0.0.1:39217 - R:/127.0.0.1:46936]
2022-07-15 00:55:30,326 [s0-NettyServerStreamRpc-bossGroup--thread1] INFO  logging.LoggingHandler (AbstractInternalLogger.java:log(148)) - [id: 0x8744090d, L:/0.0.0.0:39217] READ COMPLETE
2022-07-15 00:55:30,327 [s2-NettyServerStreamRpc-workerGroup--thread2] INFO  client.DataStreamClient (ConfUtils.java:logGet(46)) - raft.datastream.type = NETTY (custom)
2022-07-15 00:55:30,327 [s2-NettyServerStreamRpc-workerGroup--thread2] INFO  netty.NettyConfigKeys$DataStream (ConfUtils.java:logGet(46)) - raft.netty.dataStream.client.tls.conf = null (default)
2022-07-15 00:55:30,327 [s2-NettyServerStreamRpc-workerGroup--thread2] INFO  netty.NettyConfigKeys$DataStream (ConfUtils.java:logGet(46)) - raft.netty.dataStream.client.reply.queue.grace-period = 1s (default)
2022-07-15 00:55:30,327 [s2-NettyServerStreamRpc-workerGroup--thread2] INFO  netty.NettyConfigKeys$DataStream (ConfUtils.java:logGet(46)) - raft.netty.dataStream.client.worker-group.share = false (default)
2022-07-15 00:55:30,327 [s2-NettyServerStreamRpc-workerGroup--thread2] INFO  netty.NettyConfigKeys$DataStream (ConfUtils.java:logGet(46)) - raft.netty.dataStream.client.worker-group.size = 4 (default)
2022-07-15 00:55:30,330 [s2-NettyServerStreamRpc-workerGroup--thread1] INFO  client.DataStreamClient (ConfUtils.java:logGet(46)) - raft.datastream.type = NETTY (custom)
2022-07-15 00:55:30,330 [s2-NettyServerStreamRpc-workerGroup--thread1] INFO  netty.NettyConfigKeys$DataStream (ConfUtils.java:logGet(46)) - raft.netty.dataStream.client.tls.conf = null (default)
2022-07-15 00:55:30,330 [s2-NettyServerStreamRpc-workerGroup--thread1] INFO  netty.NettyConfigKeys$DataStream (ConfUtils.java:logGet(46)) - raft.netty.dataStream.client.reply.queue.grace-period = 1s (default)
2022-07-15 00:55:30,330 [s2-NettyServerStreamRpc-workerGroup--thread1] INFO  netty.NettyConfigKeys$DataStream (ConfUtils.java:logGet(46)) - raft.netty.dataStream.client.worker-group.share = false (default)
2022-07-15 00:55:30,331 [s2-NettyServerStreamRpc-workerGroup--thread1] INFO  netty.NettyConfigKeys$DataStream (ConfUtils.java:logGet(46)) - raft.netty.dataStream.client.worker-group.size = 4 (default)
2022-07-15 00:55:30,343 [s2-NettyServerStreamRpc-workerGroup--thread1] INFO  client.DataStreamClient (ConfUtils.java:logGet(46)) - raft.datastream.type = NETTY (custom)
2022-07-15 00:55:30,343 [s2-NettyServerStreamRpc-workerGroup--thread1] INFO  netty.NettyConfigKeys$DataStream (ConfUtils.java:logGet(46)) - raft.netty.dataStream.client.tls.conf = null (default)
2022-07-15 00:55:30,343 [s2-NettyServerStreamRpc-workerGroup--thread1] INFO  netty.NettyConfigKeys$DataStream (ConfUtils.java:logGet(46)) - raft.netty.dataStream.client.reply.queue.grace-period = 1s (default)
2022-07-15 00:55:30,344 [s2-NettyServerStreamRpc-workerGroup--thread1] INFO  netty.NettyConfigKeys$DataStream (ConfUtils.java:logGet(46)) - raft.netty.dataStream.client.worker-group.share = false (default)
2022-07-15 00:55:30,344 [s2-NettyServerStreamRpc-workerGroup--thread1] INFO  netty.NettyConfigKeys$DataStream (ConfUtils.java:logGet(46)) - raft.netty.dataStream.client.worker-group.size = 4 (default)
2022-07-15 00:55:30,345 [s0-NettyServerStreamRpc-bossGroup--thread1] INFO  logging.LoggingHandler (AbstractInternalLogger.java:log(148)) - [id: 0x8744090d, L:/0.0.0.0:39217] READ: [id: 0x63c00ad4, L:/127.0.0.1:39217 - R:/127.0.0.1:46938]
2022-07-15 00:55:30,345 [s1-NettyServerStreamRpc-bossGroup--thread1] INFO  logging.LoggingHandler (AbstractInternalLogger.java:log(148)) - [id: 0xda2811d6, L:/0.0.0.0:38397] READ: [id: 0x801b16e0, L:/127.0.0.1:38397 - R:/127.0.0.1:48190]
2022-07-15 00:55:30,345 [s1-NettyServerStreamRpc-bossGroup--thread1] INFO  logging.LoggingHandler (AbstractInternalLogger.java:log(148)) - [id: 0xda2811d6, L:/0.0.0.0:38397] READ COMPLETE
2022-07-15 00:55:30,345 [s0-NettyServerStreamRpc-bossGroup--thread1] INFO  logging.LoggingHandler (AbstractInternalLogger.java:log(148)) - [id: 0x8744090d, L:/0.0.0.0:39217] READ COMPLETE
2022-07-15 00:55:30,345 [s2-NettyServerStreamRpc-workerGroup--thread3] INFO  client.DataStreamClient (ConfUtils.java:logGet(46)) - raft.datastream.type = NETTY (custom)
2022-07-15 00:55:30,345 [s2-NettyServerStreamRpc-workerGroup--thread3] INFO  netty.NettyConfigKeys$DataStream (ConfUtils.java:logGet(46)) - raft.netty.dataStream.client.tls.conf = null (default)
2022-07-15 00:55:30,345 [s2-NettyServerStreamRpc-workerGroup--thread3] INFO  netty.NettyConfigKeys$DataStream (ConfUtils.java:logGet(46)) - raft.netty.dataStream.client.reply.queue.grace-period = 1s (default)
2022-07-15 00:55:30,345 [s2-NettyServerStreamRpc-workerGroup--thread3] INFO  netty.NettyConfigKeys$DataStream (ConfUtils.java:logGet(46)) - raft.netty.dataStream.client.worker-group.share = false (default)
2022-07-15 00:55:30,346 [s2-NettyServerStreamRpc-workerGroup--thread3] INFO  netty.NettyConfigKeys$DataStream (ConfUtils.java:logGet(46)) - raft.netty.dataStream.client.worker-group.size = 4 (default)
2022-07-15 00:55:30,346 [s2-NettyServerStreamRpc-bossGroup--thread1] INFO  logging.LoggingHandler (AbstractInternalLogger.java:log(148)) - [id: 0x53b743fe, L:/0.0.0.0:35133] READ: [id: 0x10d10e32, L:/127.0.0.1:35133 - R:/127.0.0.1:53936]
2022-07-15 00:55:30,347 [s2-NettyServerStreamRpc-bossGroup--thread1] INFO  logging.LoggingHandler (AbstractInternalLogger.java:log(148)) - [id: 0x53b743fe, L:/0.0.0.0:35133] READ COMPLETE
2022-07-15 00:55:30,347 [s2-NettyServerStreamRpc-workerGroup--thread3] INFO  client.DataStreamClient (ConfUtils.java:logGet(46)) - raft.datastream.type = NETTY (custom)
2022-07-15 00:55:30,347 [s2-NettyServerStreamRpc-workerGroup--thread3] INFO  netty.NettyConfigKeys$DataStream (ConfUtils.java:logGet(46)) - raft.netty.dataStream.client.tls.conf = null (default)
2022-07-15 00:55:30,347 [s2-NettyServerStreamRpc-workerGroup--thread3] INFO  netty.NettyConfigKeys$DataStream (ConfUtils.java:logGet(46)) - raft.netty.dataStream.client.reply.queue.grace-period = 1s (default)
2022-07-15 00:55:30,347 [s0-NettyServerStreamRpc-bossGroup--thread1] INFO  logging.LoggingHandler (AbstractInternalLogger.java:log(148)) - [id: 0x8744090d, L:/0.0.0.0:39217] READ: [id: 0x95e23eb7, L:/127.0.0.1:39217 - R:/127.0.0.1:46944]
2022-07-15 00:55:30,347 [s2-NettyServerStreamRpc-workerGroup--thread3] INFO  netty.NettyConfigKeys$DataStream (ConfUtils.java:logGet(46)) - raft.netty.dataStream.client.worker-group.share = false (default)
2022-07-15 00:55:30,347 [s2-NettyServerStreamRpc-workerGroup--thread3] INFO  netty.NettyConfigKeys$DataStream (ConfUtils.java:logGet(46)) - raft.netty.dataStream.client.worker-group.size = 4 (default)
2022-07-15 00:55:30,347 [s0-NettyServerStreamRpc-bossGroup--thread1] INFO  logging.LoggingHandler (AbstractInternalLogger.java:log(148)) - [id: 0x8744090d, L:/0.0.0.0:39217] READ COMPLETE
2022-07-15 00:55:30,348 [s1-NettyServerStreamRpc-bossGroup--thread1] INFO  logging.LoggingHandler (AbstractInternalLogger.java:log(148)) - [id: 0xda2811d6, L:/0.0.0.0:38397] READ: [id: 0x68db839b, L:/127.0.0.1:38397 - R:/127.0.0.1:48196]
2022-07-15 00:55:30,348 [s1-NettyServerStreamRpc-bossGroup--thread1] INFO  logging.LoggingHandler (AbstractInternalLogger.java:log(148)) - [id: 0xda2811d6, L:/0.0.0.0:38397] READ COMPLETE
2022-07-15 00:55:30,349 [s0-NettyServerStreamRpc-workerGroup--thread1] INFO  client.DataStreamClient (ConfUtils.java:logGet(46)) - raft.datastream.type = NETTY (custom)
2022-07-15 00:55:30,349 [s0-NettyServerStreamRpc-workerGroup--thread1] INFO  netty.NettyConfigKeys$DataStream (ConfUtils.java:logGet(46)) - raft.netty.dataStream.client.tls.conf = null (default)
2022-07-15 00:55:30,349 [s0-NettyServerStreamRpc-workerGroup--thread1] INFO  netty.NettyConfigKeys$DataStream (ConfUtils.java:logGet(46)) - raft.netty.dataStream.client.reply.queue.grace-period = 1s (default)
2022-07-15 00:55:30,349 [s0-NettyServerStreamRpc-workerGroup--thread1] INFO  netty.NettyConfigKeys$DataStream (ConfUtils.java:logGet(46)) - raft.netty.dataStream.client.worker-group.share = false (default)
2022-07-15 00:55:30,349 [s0-NettyServerStreamRpc-workerGroup--thread1] INFO  netty.NettyConfigKeys$DataStream (ConfUtils.java:logGet(46)) - raft.netty.dataStream.client.worker-group.size = 4 (default)
2022-07-15 00:55:30,350 [s2-NettyServerStreamRpc-bossGroup--thread1] INFO  logging.LoggingHandler (AbstractInternalLogger.java:log(148)) - [id: 0x53b743fe, L:/0.0.0.0:35133] READ: [id: 0xce15edd3, L:/127.0.0.1:35133 - R:/127.0.0.1:53942]
2022-07-15 00:55:30,350 [s2-NettyServerStreamRpc-bossGroup--thread1] INFO  logging.LoggingHandler (AbstractInternalLogger.java:log(148)) - [id: 0x53b743fe, L:/0.0.0.0:35133] READ COMPLETE
2022-07-15 00:55:30,350 [s0-NettyServerStreamRpc-workerGroup--thread1] INFO  client.DataStreamClient (ConfUtils.java:logGet(46)) - raft.datastream.type = NETTY (custom)
2022-07-15 00:55:30,351 [s0-NettyServerStreamRpc-workerGroup--thread1] INFO  netty.NettyConfigKeys$DataStream (ConfUtils.java:logGet(46)) - raft.netty.dataStream.client.tls.conf = null (default)
2022-07-15 00:55:30,351 [s0-NettyServerStreamRpc-workerGroup--thread1] INFO  netty.NettyConfigKeys$DataStream (ConfUtils.java:logGet(46)) - raft.netty.dataStream.client.reply.queue.grace-period = 1s (default)
2022-07-15 00:55:30,351 [s0-NettyServerStreamRpc-workerGroup--thread1] INFO  netty.NettyConfigKeys$DataStream (ConfUtils.java:logGet(46)) - raft.netty.dataStream.client.worker-group.share = false (default)
2022-07-15 00:55:30,351 [s0-NettyServerStreamRpc-workerGroup--thread1] INFO  netty.NettyConfigKeys$DataStream (ConfUtils.java:logGet(46)) - raft.netty.dataStream.client.worker-group.size = 4 (default)
2022-07-15 00:55:30,352 [s1-NettyServerStreamRpc-bossGroup--thread1] INFO  logging.LoggingHandler (AbstractInternalLogger.java:log(148)) - [id: 0xda2811d6, L:/0.0.0.0:38397] READ: [id: 0x3003c8b6, L:/127.0.0.1:38397 - R:/127.0.0.1:48200]
2022-07-15 00:55:30,352 [s1-NettyServerStreamRpc-bossGroup--thread1] INFO  logging.LoggingHandler (AbstractInternalLogger.java:log(148)) - [id: 0xda2811d6, L:/0.0.0.0:38397] READ COMPLETE
2022-07-15 00:55:30,352 [s1-NettyServerStreamRpc-workerGroup--thread2] INFO  client.DataStreamClient (ConfUtils.java:logGet(46)) - raft.datastream.type = NETTY (custom)
2022-07-15 00:55:30,353 [s1-NettyServerStreamRpc-workerGroup--thread2] INFO  netty.NettyConfigKeys$DataStream (ConfUtils.java:logGet(46)) - raft.netty.dataStream.client.tls.conf = null (default)
2022-07-15 00:55:30,353 [s1-NettyServerStreamRpc-workerGroup--thread2] INFO  netty.NettyConfigKeys$DataStream (ConfUtils.java:logGet(46)) - raft.netty.dataStream.client.reply.queue.grace-period = 1s (default)
2022-07-15 00:55:30,353 [s1-NettyServerStreamRpc-workerGroup--thread2] INFO  netty.NettyConfigKeys$DataStream (ConfUtils.java:logGet(46)) - raft.netty.dataStream.client.worker-group.share = false (default)
2022-07-15 00:55:30,353 [s1-NettyServerStreamRpc-workerGroup--thread2] INFO  netty.NettyConfigKeys$DataStream (ConfUtils.java:logGet(46)) - raft.netty.dataStream.client.worker-group.size = 4 (default)
2022-07-15 00:55:30,354 [s0-NettyServerStreamRpc-bossGroup--thread1] INFO  logging.LoggingHandler (AbstractInternalLogger.java:log(148)) - [id: 0x8744090d, L:/0.0.0.0:39217] READ: [id: 0xbf66a3a8, L:/127.0.0.1:39217 - R:/127.0.0.1:46952]
2022-07-15 00:55:30,354 [s0-NettyServerStreamRpc-bossGroup--thread1] INFO  logging.LoggingHandler (AbstractInternalLogger.java:log(148)) - [id: 0x8744090d, L:/0.0.0.0:39217] READ COMPLETE
2022-07-15 00:55:30,354 [s1-NettyServerStreamRpc-workerGroup--thread2] INFO  client.DataStreamClient (ConfUtils.java:logGet(46)) - raft.datastream.type = NETTY (custom)
2022-07-15 00:55:30,354 [s1-NettyServerStreamRpc-workerGroup--thread2] INFO  netty.NettyConfigKeys$DataStream (ConfUtils.java:logGet(46)) - raft.netty.dataStream.client.tls.conf = null (default)
2022-07-15 00:55:30,354 [s1-NettyServerStreamRpc-workerGroup--thread2] INFO  netty.NettyConfigKeys$DataStream (ConfUtils.java:logGet(46)) - raft.netty.dataStream.client.reply.queue.grace-period = 1s (default)
2022-07-15 00:55:30,354 [s1-NettyServerStreamRpc-workerGroup--thread2] INFO  netty.NettyConfigKeys$DataStream (ConfUtils.java:logGet(46)) - raft.netty.dataStream.client.worker-group.share = false (default)
2022-07-15 00:55:30,354 [s1-NettyServerStreamRpc-workerGroup--thread2] INFO  netty.NettyConfigKeys$DataStream (ConfUtils.java:logGet(46)) - raft.netty.dataStream.client.worker-group.size = 4 (default)
2022-07-15 00:55:30,360 [s1-NettyServerStreamRpc-bossGroup--thread1] INFO  logging.LoggingHandler (AbstractInternalLogger.java:log(148)) - [id: 0xda2811d6, L:/0.0.0.0:38397] READ: [id: 0xd61ddbc9, L:/127.0.0.1:38397 - R:/127.0.0.1:48204]
2022-07-15 00:55:30,360 [s1-NettyServerStreamRpc-bossGroup--thread1] INFO  logging.LoggingHandler (AbstractInternalLogger.java:log(148)) - [id: 0xda2811d6, L:/0.0.0.0:38397] READ COMPLETE
2022-07-15 00:55:30,360 [s2-NettyServerStreamRpc-workerGroup--thread1] INFO  client.DataStreamClient (ConfUtils.java:logGet(46)) - raft.datastream.type = NETTY (custom)
2022-07-15 00:55:30,360 [s2-NettyServerStreamRpc-workerGroup--thread1] INFO  netty.NettyConfigKeys$DataStream (ConfUtils.java:logGet(46)) - raft.netty.dataStream.client.tls.conf = null (default)
2022-07-15 00:55:30,360 [s2-NettyServerStreamRpc-workerGroup--thread1] INFO  netty.NettyConfigKeys$DataStream (ConfUtils.java:logGet(46)) - raft.netty.dataStream.client.reply.queue.grace-period = 1s (default)
2022-07-15 00:55:30,360 [s2-NettyServerStreamRpc-workerGroup--thread1] INFO  netty.NettyConfigKeys$DataStream (ConfUtils.java:logGet(46)) - raft.netty.dataStream.client.worker-group.share = false (default)
2022-07-15 00:55:30,361 [s2-NettyServerStreamRpc-workerGroup--thread1] INFO  netty.NettyConfigKeys$DataStream (ConfUtils.java:logGet(46)) - raft.netty.dataStream.client.worker-group.size = 4 (default)
2022-07-15 00:55:30,362 [s0-NettyServerStreamRpc-bossGroup--thread1] INFO  logging.LoggingHandler (AbstractInternalLogger.java:log(148)) - [id: 0x8744090d, L:/0.0.0.0:39217] READ: [id: 0x323b6ed1, L:/127.0.0.1:39217 - R:/127.0.0.1:46956]
2022-07-15 00:55:30,362 [s2-NettyServerStreamRpc-workerGroup--thread1] INFO  client.DataStreamClient (ConfUtils.java:logGet(46)) - raft.datastream.type = NETTY (custom)
2022-07-15 00:55:30,362 [s0-NettyServerStreamRpc-bossGroup--thread1] INFO  logging.LoggingHandler (AbstractInternalLogger.java:log(148)) - [id: 0x8744090d, L:/0.0.0.0:39217] READ COMPLETE
2022-07-15 00:55:30,362 [s2-NettyServerStreamRpc-workerGroup--thread1] INFO  netty.NettyConfigKeys$DataStream (ConfUtils.java:logGet(46)) - raft.netty.dataStream.client.tls.conf = null (default)
2022-07-15 00:55:30,362 [s2-NettyServerStreamRpc-workerGroup--thread1] INFO  netty.NettyConfigKeys$DataStream (ConfUtils.java:logGet(46)) - raft.netty.dataStream.client.reply.queue.grace-period = 1s (default)
2022-07-15 00:55:30,362 [s2-NettyServerStreamRpc-workerGroup--thread1] INFO  netty.NettyConfigKeys$DataStream (ConfUtils.java:logGet(46)) - raft.netty.dataStream.client.worker-group.share = false (default)
2022-07-15 00:55:30,362 [s2-NettyServerStreamRpc-workerGroup--thread1] INFO  netty.NettyConfigKeys$DataStream (ConfUtils.java:logGet(46)) - raft.netty.dataStream.client.worker-group.size = 4 (default)
2022-07-15 00:55:30,367 [s2-NettyServerStreamRpc-workerGroup--thread2] INFO  client.DataStreamClient (ConfUtils.java:logGet(46)) - raft.datastream.type = NETTY (custom)
2022-07-15 00:55:30,367 [s2-NettyServerStreamRpc-workerGroup--thread2] INFO  netty.NettyConfigKeys$DataStream (ConfUtils.java:logGet(46)) - raft.netty.dataStream.client.tls.conf = null (default)
2022-07-15 00:55:30,367 [s2-NettyServerStreamRpc-workerGroup--thread2] INFO  netty.NettyConfigKeys$DataStream (ConfUtils.java:logGet(46)) - raft.netty.dataStream.client.reply.queue.grace-period = 1s (default)
2022-07-15 00:55:30,367 [s2-NettyServerStreamRpc-workerGroup--thread2] INFO  netty.NettyConfigKeys$DataStream (ConfUtils.java:logGet(46)) - raft.netty.dataStream.client.worker-group.share = false (default)
2022-07-15 00:55:30,367 [s2-NettyServerStreamRpc-workerGroup--thread2] INFO  netty.NettyConfigKeys$DataStream (ConfUtils.java:logGet(46)) - raft.netty.dataStream.client.worker-group.size = 4 (default)
2022-07-15 00:55:30,368 [s0-NettyServerStreamRpc-bossGroup--thread1] INFO  logging.LoggingHandler (AbstractInternalLogger.java:log(148)) - [id: 0x8744090d, L:/0.0.0.0:39217] READ: [id: 0xcfae1844, L:/127.0.0.1:39217 - R:/127.0.0.1:46958]
2022-07-15 00:55:30,368 [s0-NettyServerStreamRpc-bossGroup--thread1] INFO  logging.LoggingHandler (AbstractInternalLogger.java:log(148)) - [id: 0x8744090d, L:/0.0.0.0:39217] READ COMPLETE
2022-07-15 00:55:30,368 [s2-NettyServerStreamRpc-workerGroup--thread2] INFO  client.DataStreamClient (ConfUtils.java:logGet(46)) - raft.datastream.type = NETTY (custom)
2022-07-15 00:55:30,369 [s2-NettyServerStreamRpc-workerGroup--thread2] INFO  netty.NettyConfigKeys$DataStream (ConfUtils.java:logGet(46)) - raft.netty.dataStream.client.tls.conf = null (default)
2022-07-15 00:55:30,369 [s2-NettyServerStreamRpc-workerGroup--thread2] INFO  netty.NettyConfigKeys$DataStream (ConfUtils.java:logGet(46)) - raft.netty.dataStream.client.reply.queue.grace-period = 1s (default)
2022-07-15 00:55:30,369 [s2-NettyServerStreamRpc-workerGroup--thread2] INFO  netty.NettyConfigKeys$DataStream (ConfUtils.java:logGet(46)) - raft.netty.dataStream.client.worker-group.share = false (default)
2022-07-15 00:55:30,369 [s2-NettyServerStreamRpc-workerGroup--thread2] INFO  netty.NettyConfigKeys$DataStream (ConfUtils.java:logGet(46)) - raft.netty.dataStream.client.worker-group.size = 4 (default)
2022-07-15 00:55:30,370 [s2-NettyServerStreamRpc-bossGroup--thread1] INFO  logging.LoggingHandler (AbstractInternalLogger.java:log(148)) - [id: 0x53b743fe, L:/0.0.0.0:35133] READ: [id: 0x6e69e0eb, L:/127.0.0.1:35133 - R:/127.0.0.1:53954]
2022-07-15 00:55:30,370 [s2-NettyServerStreamRpc-bossGroup--thread1] INFO  logging.LoggingHandler (AbstractInternalLogger.java:log(148)) - [id: 0x53b743fe, L:/0.0.0.0:35133] READ COMPLETE
2022-07-15 00:55:30,370 [s1-NettyServerStreamRpc-workerGroup--thread1] INFO  client.DataStreamClient (ConfUtils.java:logGet(46)) - raft.datastream.type = NETTY (custom)
2022-07-15 00:55:30,371 [s1-NettyServerStreamRpc-workerGroup--thread1] INFO  netty.NettyConfigKeys$DataStream (ConfUtils.java:logGet(46)) - raft.netty.dataStream.client.tls.conf = null (default)
2022-07-15 00:55:30,371 [s1-NettyServerStreamRpc-workerGroup--thread1] INFO  netty.NettyConfigKeys$DataStream (ConfUtils.java:logGet(46)) - raft.netty.dataStream.client.reply.queue.grace-period = 1s (default)
2022-07-15 00:55:30,371 [s1-NettyServerStreamRpc-workerGroup--thread1] INFO  netty.NettyConfigKeys$DataStream (ConfUtils.java:logGet(46)) - raft.netty.dataStream.client.worker-group.share = false (default)
2022-07-15 00:55:30,371 [s1-NettyServerStreamRpc-workerGroup--thread1] INFO  netty.NettyConfigKeys$DataStream (ConfUtils.java:logGet(46)) - raft.netty.dataStream.client.worker-group.size = 4 (default)
2022-07-15 00:55:30,379 [s0-NettyServerStreamRpc-bossGroup--thread1] INFO  logging.LoggingHandler (AbstractInternalLogger.java:log(148)) - [id: 0x8744090d, L:/0.0.0.0:39217] READ: [id: 0x53e742b9, L:/127.0.0.1:39217 - R:/127.0.0.1:46962]
2022-07-15 00:55:30,379 [s1-NettyServerStreamRpc-workerGroup--thread3] INFO  client.DataStreamClient (ConfUtils.java:logGet(46)) - raft.datastream.type = NETTY (custom)
2022-07-15 00:55:30,379 [s0-NettyServerStreamRpc-bossGroup--thread1] INFO  logging.LoggingHandler (AbstractInternalLogger.java:log(148)) - [id: 0x8744090d, L:/0.0.0.0:39217] READ COMPLETE
2022-07-15 00:55:30,379 [s1-NettyServerStreamRpc-workerGroup--thread3] INFO  netty.NettyConfigKeys$DataStream (ConfUtils.java:logGet(46)) - raft.netty.dataStream.client.tls.conf = null (default)
2022-07-15 00:55:30,379 [s1-NettyServerStreamRpc-workerGroup--thread3] INFO  netty.NettyConfigKeys$DataStream (ConfUtils.java:logGet(46)) - raft.netty.dataStream.client.reply.queue.grace-period = 1s (default)
2022-07-15 00:55:30,379 [s1-NettyServerStreamRpc-workerGroup--thread3] INFO  netty.NettyConfigKeys$DataStream (ConfUtils.java:logGet(46)) - raft.netty.dataStream.client.worker-group.share = false (default)
2022-07-15 00:55:30,380 [s1-NettyServerStreamRpc-workerGroup--thread3] INFO  netty.NettyConfigKeys$DataStream (ConfUtils.java:logGet(46)) - raft.netty.dataStream.client.worker-group.size = 4 (default)
2022-07-15 00:55:30,380 [s1-NettyServerStreamRpc-bossGroup--thread1] INFO  logging.LoggingHandler (AbstractInternalLogger.java:log(148)) - [id: 0xda2811d6, L:/0.0.0.0:38397] READ: [id: 0x8307f62b, L:/127.0.0.1:38397 - R:/127.0.0.1:48214]
2022-07-15 00:55:30,381 [s1-NettyServerStreamRpc-bossGroup--thread1] INFO  logging.LoggingHandler (AbstractInternalLogger.java:log(148)) - [id: 0xda2811d6, L:/0.0.0.0:38397] READ COMPLETE
2022-07-15 00:55:30,383 [s1-NettyServerStreamRpc-bossGroup--thread1] INFO  logging.LoggingHandler (AbstractInternalLogger.java:log(148)) - [id: 0xda2811d6, L:/0.0.0.0:38397] READ: [id: 0x676c9bc7, L:/127.0.0.1:38397 - R:/127.0.0.1:48216]
2022-07-15 00:55:30,383 [s1-NettyServerStreamRpc-bossGroup--thread1] INFO  logging.LoggingHandler (AbstractInternalLogger.java:log(148)) - [id: 0xda2811d6, L:/0.0.0.0:38397] READ COMPLETE
2022-07-15 00:55:30,383 [s0-NettyServerStreamRpc-workerGroup--thread1] INFO  client.DataStreamClient (ConfUtils.java:logGet(46)) - raft.datastream.type = NETTY (custom)
2022-07-15 00:55:30,384 [s0-NettyServerStreamRpc-workerGroup--thread1] INFO  netty.NettyConfigKeys$DataStream (ConfUtils.java:logGet(46)) - raft.netty.dataStream.client.tls.conf = null (default)
2022-07-15 00:55:30,384 [s0-NettyServerStreamRpc-workerGroup--thread1] INFO  netty.NettyConfigKeys$DataStream (ConfUtils.java:logGet(46)) - raft.netty.dataStream.client.reply.queue.grace-period = 1s (default)
2022-07-15 00:55:30,384 [s0-NettyServerStreamRpc-workerGroup--thread1] INFO  netty.NettyConfigKeys$DataStream (ConfUtils.java:logGet(46)) - raft.netty.dataStream.client.worker-group.share = false (default)
2022-07-15 00:55:30,384 [s0-NettyServerStreamRpc-workerGroup--thread1] INFO  netty.NettyConfigKeys$DataStream (ConfUtils.java:logGet(46)) - raft.netty.dataStream.client.worker-group.size = 4 (default)
2022-07-15 00:55:30,386 [s1-NettyServerStreamRpc-bossGroup--thread1] INFO  logging.LoggingHandler (AbstractInternalLogger.java:log(148)) - [id: 0xda2811d6, L:/0.0.0.0:38397] READ: [id: 0xcd96935c, L:/127.0.0.1:38397 - R:/127.0.0.1:48218]
2022-07-15 00:55:30,386 [s1-NettyServerStreamRpc-bossGroup--thread1] INFO  logging.LoggingHandler (AbstractInternalLogger.java:log(148)) - [id: 0xda2811d6, L:/0.0.0.0:38397] READ COMPLETE
2022-07-15 00:55:30,388 [s2-NettyServerStreamRpc-bossGroup--thread1] INFO  logging.LoggingHandler (AbstractInternalLogger.java:log(148)) - [id: 0x53b743fe, L:/0.0.0.0:35133] READ: [id: 0xfa3a5a97, L:/127.0.0.1:35133 - R:/127.0.0.1:53964]
2022-07-15 00:55:30,388 [s2-NettyServerStreamRpc-bossGroup--thread1] INFO  logging.LoggingHandler (AbstractInternalLogger.java:log(148)) - [id: 0x53b743fe, L:/0.0.0.0:35133] READ COMPLETE
2022-07-15 00:55:30,390 [s0-NettyServerStreamRpc-workerGroup--thread1] INFO  client.DataStreamClient (ConfUtils.java:logGet(46)) - raft.datastream.type = NETTY (custom)
2022-07-15 00:55:30,390 [s0-NettyServerStreamRpc-workerGroup--thread1] INFO  netty.NettyConfigKeys$DataStream (ConfUtils.java:logGet(46)) - raft.netty.dataStream.client.tls.conf = null (default)
2022-07-15 00:55:30,390 [s0-NettyServerStreamRpc-workerGroup--thread1] INFO  netty.NettyConfigKeys$DataStream (ConfUtils.java:logGet(46)) - raft.netty.dataStream.client.reply.queue.grace-period = 1s (default)
2022-07-15 00:55:30,390 [s0-NettyServerStreamRpc-workerGroup--thread1] INFO  netty.NettyConfigKeys$DataStream (ConfUtils.java:logGet(46)) - raft.netty.dataStream.client.worker-group.share = false (default)
2022-07-15 00:55:30,390 [s0-NettyServerStreamRpc-workerGroup--thread1] INFO  netty.NettyConfigKeys$DataStream (ConfUtils.java:logGet(46)) - raft.netty.dataStream.client.worker-group.size = 4 (default)
2022-07-15 00:55:30,397 [s2-NettyServerStreamRpc-bossGroup--thread1] INFO  logging.LoggingHandler (AbstractInternalLogger.java:log(148)) - [id: 0x53b743fe, L:/0.0.0.0:35133] READ: [id: 0xdbf9df87, L:/127.0.0.1:35133 - R:/127.0.0.1:53966]
2022-07-15 00:55:30,397 [s2-NettyServerStreamRpc-bossGroup--thread1] INFO  logging.LoggingHandler (AbstractInternalLogger.java:log(148)) - [id: 0x53b743fe, L:/0.0.0.0:35133] READ COMPLETE
2022-07-15 00:55:30,405 [s1-NettyServerStreamRpc-bossGroup--thread1] INFO  logging.LoggingHandler (AbstractInternalLogger.java:log(148)) - [id: 0xda2811d6, L:/0.0.0.0:38397] READ: [id: 0x73b381d6, L:/127.0.0.1:38397 - R:/127.0.0.1:48224]
2022-07-15 00:55:30,405 [s1-NettyServerStreamRpc-bossGroup--thread1] INFO  logging.LoggingHandler (AbstractInternalLogger.java:log(148)) - [id: 0xda2811d6, L:/0.0.0.0:38397] READ COMPLETE
2022-07-15 00:55:30,406 [s0-NettyServerStreamRpc-workerGroup--thread1] INFO  client.DataStreamClient (ConfUtils.java:logGet(46)) - raft.datastream.type = NETTY (custom)
2022-07-15 00:55:30,406 [s0-NettyServerStreamRpc-workerGroup--thread1] INFO  netty.NettyConfigKeys$DataStream (ConfUtils.java:logGet(46)) - raft.netty.dataStream.client.tls.conf = null (default)
2022-07-15 00:55:30,406 [s0-NettyServerStreamRpc-workerGroup--thread1] INFO  netty.NettyConfigKeys$DataStream (ConfUtils.java:logGet(46)) - raft.netty.dataStream.client.reply.queue.grace-period = 1s (default)
2022-07-15 00:55:30,406 [s0-NettyServerStreamRpc-workerGroup--thread1] INFO  netty.NettyConfigKeys$DataStream (ConfUtils.java:logGet(46)) - raft.netty.dataStream.client.worker-group.share = false (default)
2022-07-15 00:55:30,406 [s0-NettyServerStreamRpc-workerGroup--thread1] INFO  netty.NettyConfigKeys$DataStream (ConfUtils.java:logGet(46)) - raft.netty.dataStream.client.worker-group.size = 4 (default)
2022-07-15 00:55:30,410 [s2-NettyServerStreamRpc-bossGroup--thread1] INFO  logging.LoggingHandler (AbstractInternalLogger.java:log(148)) - [id: 0x53b743fe, L:/0.0.0.0:35133] READ: [id: 0x0398fe45, L:/127.0.0.1:35133 - R:/127.0.0.1:53970]
2022-07-15 00:55:30,410 [s2-NettyServerStreamRpc-bossGroup--thread1] INFO  logging.LoggingHandler (AbstractInternalLogger.java:log(148)) - [id: 0x53b743fe, L:/0.0.0.0:35133] READ COMPLETE
2022-07-15 00:55:30,411 [s0-NettyServerStreamRpc-workerGroup--thread1] INFO  client.DataStreamClient (ConfUtils.java:logGet(46)) - raft.datastream.type = NETTY (custom)
2022-07-15 00:55:30,411 [s0-NettyServerStreamRpc-workerGroup--thread1] INFO  netty.NettyConfigKeys$DataStream (ConfUtils.java:logGet(46)) - raft.netty.dataStream.client.tls.conf = null (default)
2022-07-15 00:55:30,411 [s0-NettyServerStreamRpc-workerGroup--thread1] INFO  netty.NettyConfigKeys$DataStream (ConfUtils.java:logGet(46)) - raft.netty.dataStream.client.reply.queue.grace-period = 1s (default)
2022-07-15 00:55:30,411 [s0-NettyServerStreamRpc-workerGroup--thread1] INFO  netty.NettyConfigKeys$DataStream (ConfUtils.java:logGet(46)) - raft.netty.dataStream.client.worker-group.share = false (default)
2022-07-15 00:55:30,411 [s0-NettyServerStreamRpc-workerGroup--thread1] INFO  netty.NettyConfigKeys$DataStream (ConfUtils.java:logGet(46)) - raft.netty.dataStream.client.worker-group.size = 4 (default)
2022-07-15 00:55:30,416 [s1-NettyServerStreamRpc-bossGroup--thread1] INFO  logging.LoggingHandler (AbstractInternalLogger.java:log(148)) - [id: 0xda2811d6, L:/0.0.0.0:38397] READ: [id: 0x96d50158, L:/127.0.0.1:38397 - R:/127.0.0.1:48228]
2022-07-15 00:55:30,416 [s1-NettyServerStreamRpc-bossGroup--thread1] INFO  logging.LoggingHandler (AbstractInternalLogger.java:log(148)) - [id: 0xda2811d6, L:/0.0.0.0:38397] READ COMPLETE
2022-07-15 00:55:30,416 [s0-NettyServerStreamRpc-workerGroup--thread1] INFO  client.DataStreamClient (ConfUtils.java:logGet(46)) - raft.datastream.type = NETTY (custom)
2022-07-15 00:55:30,416 [s0-NettyServerStreamRpc-workerGroup--thread1] INFO  netty.NettyConfigKeys$DataStream (ConfUtils.java:logGet(46)) - raft.netty.dataStream.client.tls.conf = null (default)
2022-07-15 00:55:30,417 [s0-NettyServerStreamRpc-workerGroup--thread1] INFO  netty.NettyConfigKeys$DataStream (ConfUtils.java:logGet(46)) - raft.netty.dataStream.client.reply.queue.grace-period = 1s (default)
2022-07-15 00:55:30,417 [s0-NettyServerStreamRpc-workerGroup--thread1] INFO  netty.NettyConfigKeys$DataStream (ConfUtils.java:logGet(46)) - raft.netty.dataStream.client.worker-group.share = false (default)
2022-07-15 00:55:30,417 [s0-NettyServerStreamRpc-workerGroup--thread1] INFO  netty.NettyConfigKeys$DataStream (ConfUtils.java:logGet(46)) - raft.netty.dataStream.client.worker-group.size = 4 (default)
2022-07-15 00:55:30,419 [s2-NettyServerStreamRpc-bossGroup--thread1] INFO  logging.LoggingHandler (AbstractInternalLogger.java:log(148)) - [id: 0x53b743fe, L:/0.0.0.0:35133] READ: [id: 0x210e5ad5, L:/127.0.0.1:35133 - R:/127.0.0.1:53974]
2022-07-15 00:55:30,419 [s2-NettyServerStreamRpc-bossGroup--thread1] INFO  logging.LoggingHandler (AbstractInternalLogger.java:log(148)) - [id: 0x53b743fe, L:/0.0.0.0:35133] READ COMPLETE
2022-07-15 00:55:30,420 [s0-NettyServerStreamRpc-workerGroup--thread1] INFO  client.DataStreamClient (ConfUtils.java:logGet(46)) - raft.datastream.type = NETTY (custom)
2022-07-15 00:55:30,420 [s0-NettyServerStreamRpc-workerGroup--thread1] INFO  netty.NettyConfigKeys$DataStream (ConfUtils.java:logGet(46)) - raft.netty.dataStream.client.tls.conf = null (default)
2022-07-15 00:55:30,420 [s0-NettyServerStreamRpc-workerGroup--thread1] INFO  netty.NettyConfigKeys$DataStream (ConfUtils.java:logGet(46)) - raft.netty.dataStream.client.reply.queue.grace-period = 1s (default)
2022-07-15 00:55:30,420 [s0-NettyServerStreamRpc-workerGroup--thread1] INFO  netty.NettyConfigKeys$DataStream (ConfUtils.java:logGet(46)) - raft.netty.dataStream.client.worker-group.share = false (default)
2022-07-15 00:55:30,420 [s0-NettyServerStreamRpc-workerGroup--thread1] INFO  netty.NettyConfigKeys$DataStream (ConfUtils.java:logGet(46)) - raft.netty.dataStream.client.worker-group.size = 4 (default)
2022-07-15 00:55:30,421 [s1-NettyServerStreamRpc-bossGroup--thread1] INFO  logging.LoggingHandler (AbstractInternalLogger.java:log(148)) - [id: 0xda2811d6, L:/0.0.0.0:38397] READ: [id: 0xd5cb33d9, L:/127.0.0.1:38397 - R:/127.0.0.1:48232]
2022-07-15 00:55:30,422 [s1-NettyServerStreamRpc-bossGroup--thread1] INFO  logging.LoggingHandler (AbstractInternalLogger.java:log(148)) - [id: 0xda2811d6, L:/0.0.0.0:38397] READ COMPLETE
2022-07-15 00:55:30,423 [s0-NettyServerStreamRpc-workerGroup--thread1] INFO  client.DataStreamClient (ConfUtils.java:logGet(46)) - raft.datastream.type = NETTY (custom)
2022-07-15 00:55:30,423 [s0-NettyServerStreamRpc-workerGroup--thread1] INFO  netty.NettyConfigKeys$DataStream (ConfUtils.java:logGet(46)) - raft.netty.dataStream.client.tls.conf = null (default)
2022-07-15 00:55:30,423 [s0-NettyServerStreamRpc-workerGroup--thread1] INFO  netty.NettyConfigKeys$DataStream (ConfUtils.java:logGet(46)) - raft.netty.dataStream.client.reply.queue.grace-period = 1s (default)
2022-07-15 00:55:30,423 [s0-NettyServerStreamRpc-workerGroup--thread1] INFO  netty.NettyConfigKeys$DataStream (ConfUtils.java:logGet(46)) - raft.netty.dataStream.client.worker-group.share = false (default)
2022-07-15 00:55:30,423 [s0-NettyServerStreamRpc-workerGroup--thread1] INFO  netty.NettyConfigKeys$DataStream (ConfUtils.java:logGet(46)) - raft.netty.dataStream.client.worker-group.size = 4 (default)
2022-07-15 00:55:30,426 [s2-NettyServerStreamRpc-bossGroup--thread1] INFO  logging.LoggingHandler (AbstractInternalLogger.java:log(148)) - [id: 0x53b743fe, L:/0.0.0.0:35133] READ: [id: 0x507ac9bc, L:/127.0.0.1:35133 - R:/127.0.0.1:53978]
2022-07-15 00:55:30,426 [s2-NettyServerStreamRpc-bossGroup--thread1] INFO  logging.LoggingHandler (AbstractInternalLogger.java:log(148)) - [id: 0x53b743fe, L:/0.0.0.0:35133] READ COMPLETE
2022-07-15 00:55:30,427 [s0-NettyServerStreamRpc-workerGroup--thread1] INFO  client.DataStreamClient (ConfUtils.java:logGet(46)) - raft.datastream.type = NETTY (custom)
2022-07-15 00:55:30,427 [s0-NettyServerStreamRpc-workerGroup--thread1] INFO  netty.NettyConfigKeys$DataStream (ConfUtils.java:logGet(46)) - raft.netty.dataStream.client.tls.conf = null (default)
2022-07-15 00:55:30,428 [s0-NettyServerStreamRpc-workerGroup--thread1] INFO  netty.NettyConfigKeys$DataStream (ConfUtils.java:logGet(46)) - raft.netty.dataStream.client.reply.queue.grace-period = 1s (default)
2022-07-15 00:55:30,428 [s0-NettyServerStreamRpc-workerGroup--thread1] INFO  netty.NettyConfigKeys$DataStream (ConfUtils.java:logGet(46)) - raft.netty.dataStream.client.worker-group.share = false (default)
2022-07-15 00:55:30,428 [s0-NettyServerStreamRpc-workerGroup--thread1] INFO  netty.NettyConfigKeys$DataStream (ConfUtils.java:logGet(46)) - raft.netty.dataStream.client.worker-group.size = 4 (default)
2022-07-15 00:55:30,453 [s1-NettyServerStreamRpc-bossGroup--thread1] INFO  logging.LoggingHandler (AbstractInternalLogger.java:log(148)) - [id: 0xda2811d6, L:/0.0.0.0:38397] READ: [id: 0xc35f4c10, L:/127.0.0.1:38397 - R:/127.0.0.1:48236]
2022-07-15 00:55:30,453 [s1-NettyServerStreamRpc-bossGroup--thread1] INFO  logging.LoggingHandler (AbstractInternalLogger.java:log(148)) - [id: 0xda2811d6, L:/0.0.0.0:38397] READ COMPLETE
2022-07-15 00:55:30,454 [s0-NettyServerStreamRpc-workerGroup--thread1] INFO  client.DataStreamClient (ConfUtils.java:logGet(46)) - raft.datastream.type = NETTY (custom)
2022-07-15 00:55:30,454 [s0-NettyServerStreamRpc-workerGroup--thread1] INFO  netty.NettyConfigKeys$DataStream (ConfUtils.java:logGet(46)) - raft.netty.dataStream.client.tls.conf = null (default)
2022-07-15 00:55:30,454 [s0-NettyServerStreamRpc-workerGroup--thread1] INFO  netty.NettyConfigKeys$DataStream (ConfUtils.java:logGet(46)) - raft.netty.dataStream.client.reply.queue.grace-period = 1s (default)
2022-07-15 00:55:30,454 [s0-NettyServerStreamRpc-workerGroup--thread1] INFO  netty.NettyConfigKeys$DataStream (ConfUtils.java:logGet(46)) - raft.netty.dataStream.client.worker-group.share = false (default)
2022-07-15 00:55:30,454 [s0-NettyServerStreamRpc-workerGroup--thread1] INFO  netty.NettyConfigKeys$DataStream (ConfUtils.java:logGet(46)) - raft.netty.dataStream.client.worker-group.size = 4 (default)
2022-07-15 00:55:30,459 [s2-NettyServerStreamRpc-bossGroup--thread1] INFO  logging.LoggingHandler (AbstractInternalLogger.java:log(148)) - [id: 0x53b743fe, L:/0.0.0.0:35133] READ: [id: 0x26f60493, L:/127.0.0.1:35133 - R:/127.0.0.1:53982]
2022-07-15 00:55:30,459 [s2-NettyServerStreamRpc-bossGroup--thread1] INFO  logging.LoggingHandler (AbstractInternalLogger.java:log(148)) - [id: 0x53b743fe, L:/0.0.0.0:35133] READ COMPLETE
2022-07-15 00:55:30,579 [pool-9-thread-15] INFO  datastream.DataStreamTestUtils (DataStreamTestUtils.java:writeAndCloseAndAssertReplies(320)) - Stream382: bytesWritten=7364791
2022-07-15 00:55:30,625 [s0-client-thread1] INFO  statemachine.StateMachine (DataStreamTestUtils.java:link(157)) - link SingleDataStream: writeRequest=RaftClientRequest:client-20D437BD6DCD->s0@group-D993EBE7FE70, cid=382, seq=0, DataStream, Message:<EMPTY>, logEntry=null
2022-07-15 00:55:30,626 [s1-server-thread1] INFO  statemachine.StateMachine (DataStreamTestUtils.java:link(157)) - link SingleDataStream: writeRequest=RaftClientRequest:client-20D437BD6DCD->s0@group-D993EBE7FE70, cid=382, seq=0, DataStream, Message:<EMPTY>, logEntry=null
2022-07-15 00:55:30,626 [s2-server-thread1] INFO  statemachine.StateMachine (DataStreamTestUtils.java:link(157)) - link SingleDataStream: writeRequest=RaftClientRequest:client-20D437BD6DCD->s0@group-D993EBE7FE70, cid=382, seq=0, DataStream, Message:<EMPTY>, logEntry=null
2022-07-15 00:55:30,693 [pool-9-thread-15] INFO  datastream.DataStreamTestUtils (DataStreamTestUtils.java:writeAndCloseAndAssertReplies(311)) - start Stream385
2022-07-15 00:55:32,762 [org.apache.ratis.util.JvmPauseMonitor$$Lambda$278/1607806434@694246a6] WARN  util.JvmPauseMonitor (JvmPauseMonitor.java:detectPause(124)) - JvmPauseMonitor-s1: Detected pause in JVM or host machine (eg GC): pause of approximately 105125851ns.
GC pool 'PS Scavenge' had collection(s): count=1 time=111ms
2022-07-15 00:55:36,202 [s2@group-D993EBE7FE70-FollowerState] WARN  impl.FollowerState (FollowerState.java:run(130)) - Unexpected long sleep: sleep 299ms but took extra 820681399ns (> threshold = 300ms)
2022-07-15 00:55:36,202 [org.apache.ratis.util.JvmPauseMonitor$$Lambda$278/1607806434@694246a6] WARN  util.JvmPauseMonitor (JvmPauseMonitor.java:detectPause(124)) - JvmPauseMonitor-s1: Detected pause in JVM or host machine (eg GC): pause of approximately 939726705ns.
GC pool 'PS MarkSweep' had collection(s): count=1 time=940ms
GC pool 'PS Scavenge' had collection(s): count=1 time=125ms
2022-07-15 00:55:36,202 [org.apache.ratis.util.JvmPauseMonitor$$Lambda$278/1607806434@6ca48ff5] WARN  util.JvmPauseMonitor (JvmPauseMonitor.java:detectPause(124)) - JvmPauseMonitor-s2: Detected pause in JVM or host machine (eg GC): pause of approximately 940491023ns.
GC pool 'PS MarkSweep' had collection(s): count=1 time=940ms
GC pool 'PS Scavenge' had collection(s): count=1 time=125ms
2022-07-15 00:55:36,203 [s0@group-D993EBE7FE70-LeaderStateImpl] WARN  server.RaftServer$Division (LeaderStateImpl.java:checkLeadership(1019)) - s0@group-D993EBE7FE70-LeaderStateImpl: Lost leadership on term: 1. Election timeout: 300ms. In charge for: 6373ms. Conf: 0: peers:[s0|rpc:localhost:45051|admin:localhost:42977|client:localhost:45097|dataStream:localhost:39217|priority:0|startupRole:FOLLOWER, s1|rpc:localhost:44071|admin:localhost:40507|client:localhost:38061|dataStream:localhost:38397|priority:0|startupRole:FOLLOWER, s2|rpc:localhost:38005|admin:localhost:46397|client:localhost:45965|dataStream:localhost:35133|priority:0|startupRole:FOLLOWER]|listeners:[], old=null
2022-07-15 00:55:36,203 [s1@group-D993EBE7FE70-FollowerState] WARN  impl.FollowerState (FollowerState.java:run(130)) - Unexpected long sleep: sleep 218ms but took extra 981245133ns (> threshold = 300ms)
2022-07-15 00:55:36,204 [s0@group-D993EBE7FE70-LeaderStateImpl] WARN  server.RaftServer$Division (LeaderStateImpl.java:lambda$checkLeadership$17(1023)) - Follower s0@group-D993EBE7FE70->s1(c2,m2,n3, attendVote=true, lastRpcSendTime=1099, lastRpcResponseTime=1096)
2022-07-15 00:55:36,204 [s0@group-D993EBE7FE70-LeaderStateImpl] WARN  server.RaftServer$Division (LeaderStateImpl.java:lambda$checkLeadership$17(1023)) - Follower s0@group-D993EBE7FE70->s2(c2,m2,n3, attendVote=true, lastRpcSendTime=1096, lastRpcResponseTime=1090)
2022-07-15 00:55:36,204 [s0@group-D993EBE7FE70-LeaderStateImpl] INFO  server.RaftServer$Division (RaftServerImpl.java:setRole(300)) - s0@group-D993EBE7FE70: changes role from    LEADER to FOLLOWER at term 1 for StepDownReason:LOST_MAJORITY_HEARTBEATS
2022-07-15 00:55:36,204 [s0@group-D993EBE7FE70-LeaderStateImpl] INFO  impl.RoleInfo (RoleInfo.java:shutdownLeaderState(93)) - s0: shutdown s0@group-D993EBE7FE70-LeaderStateImpl
2022-07-15 00:55:36,204 [s0@group-D993EBE7FE70-LeaderStateImpl] INFO  impl.PendingRequests (PendingRequests.java:sendNotLeaderResponses(282)) - s0@group-D993EBE7FE70-PendingRequests: sendNotLeaderResponses
2022-07-15 00:55:36,205 [s0@group-D993EBE7FE70->s2-GrpcLogAppender-LogAppenderDaemon] WARN  server.GrpcLogAppender (GrpcLogAppender.java:mayWait(172)) - s0@group-D993EBE7FE70->s2-GrpcLogAppender: Wait interrupted by java.lang.InterruptedException
2022-07-15 00:55:36,205 [org.apache.ratis.util.JvmPauseMonitor$$Lambda$278/1607806434@b089a55] WARN  util.JvmPauseMonitor (JvmPauseMonitor.java:detectPause(124)) - JvmPauseMonitor-s0: Detected pause in JVM or host machine (eg GC): pause of approximately 1061163818ns.
GC pool 'PS MarkSweep' had collection(s): count=1 time=940ms
GC pool 'PS Scavenge' had collection(s): count=1 time=125ms
2022-07-15 00:55:36,210 [s0@group-D993EBE7FE70->s1-GrpcLogAppender-LogAppenderDaemon] WARN  server.GrpcLogAppender (GrpcLogAppender.java:mayWait(172)) - s0@group-D993EBE7FE70->s1-GrpcLogAppender: Wait interrupted by java.lang.InterruptedException
2022-07-15 00:55:36,211 [grpc-default-executor-0] INFO  server.GrpcServerProtocolService (GrpcServerProtocolService.java:onCompleted(140)) - s1: Completed APPEND_ENTRIES, lastRequest: s0->s1#14-t1,previous=(t:1, i:1),leaderCommit=1,initializing? true,entries: size=1, first=(t:1, i:2), METADATAENTRY(c:1)
2022-07-15 00:55:36,212 [grpc-default-executor-1] INFO  server.GrpcServerProtocolService (GrpcServerProtocolService.java:onCompleted(140)) - s2: Completed APPEND_ENTRIES, lastRequest: s0->s2#16-t1,previous=(t:1, i:1),leaderCommit=1,initializing? true,entries: size=1, first=(t:1, i:2), METADATAENTRY(c:1)
2022-07-15 00:55:36,230 [grpc-default-executor-2] INFO  server.GrpcLogAppender (GrpcLogAppender.java:onCompleted(340)) - s0@group-D993EBE7FE70->s2-AppendLogResponseHandler: follower responses appendEntries COMPLETED
2022-07-15 00:55:36,230 [grpc-default-executor-2] INFO  leader.FollowerInfo (FollowerInfoImpl.java:lambda$new$0(48)) - s0@group-D993EBE7FE70->s2: nextIndex: updateUnconditionally 3 -> 2
2022-07-15 00:55:36,231 [grpc-default-executor-7] INFO  server.GrpcLogAppender (GrpcLogAppender.java:onCompleted(340)) - s0@group-D993EBE7FE70->s1-AppendLogResponseHandler: follower responses appendEntries COMPLETED
2022-07-15 00:55:36,231 [grpc-default-executor-7] INFO  leader.FollowerInfo (FollowerInfoImpl.java:lambda$new$0(48)) - s0@group-D993EBE7FE70->s1: nextIndex: updateUnconditionally 3 -> 2
2022-07-15 00:55:36,234 [s0@group-D993EBE7FE70-LeaderStateImpl] INFO  impl.RoleInfo (RoleInfo.java:updateAndGet(139)) - s0: start s0@group-D993EBE7FE70-FollowerState
2022-07-15 00:55:36,362 [s2@group-D993EBE7FE70-FollowerState] INFO  impl.FollowerState (FollowerState.java:run(143)) - s2@group-D993EBE7FE70-FollowerState: change to CANDIDATE, lastRpcElapsedTime:1249156367ns, electionTimeout:160ms
2022-07-15 00:55:36,362 [s2@group-D993EBE7FE70-FollowerState] INFO  impl.RoleInfo (RoleInfo.java:shutdownFollowerState(110)) - s2: shutdown s2@group-D993EBE7FE70-FollowerState
2022-07-15 00:55:36,362 [s2@group-D993EBE7FE70-FollowerState] INFO  server.RaftServer$Division (RaftServerImpl.java:setRole(300)) - s2@group-D993EBE7FE70: changes role from  FOLLOWER to CANDIDATE at term 1 for changeToCandidate
2022-07-15 00:55:36,362 [s2@group-D993EBE7FE70-FollowerState] INFO  server.RaftServerConfigKeys (ConfUtils.java:logGet(46)) - raft.server.leaderelection.pre-vote = true (default)
2022-07-15 00:55:36,362 [s2@group-D993EBE7FE70-FollowerState] INFO  impl.RoleInfo (RoleInfo.java:updateAndGet(139)) - s2: start s2@group-D993EBE7FE70-LeaderElection4
2022-07-15 00:55:36,367 [s2@group-D993EBE7FE70-LeaderElection4] INFO  server.RaftServer$Division (ServerState.java:setLeader(313)) - s2@group-D993EBE7FE70: change Leader from s0 to null at term 1 for PRE_VOTE
2022-07-15 00:55:36,367 [s2@group-D993EBE7FE70-LeaderElection4] INFO  impl.LeaderElection (LeaderElection.java:askForVotes(310)) - s2@group-D993EBE7FE70-LeaderElection4 PRE_VOTE round 0: submit vote requests at term 1 for 0: peers:[s0|rpc:localhost:45051|admin:localhost:42977|client:localhost:45097|dataStream:localhost:39217|priority:0|startupRole:FOLLOWER, s1|rpc:localhost:44071|admin:localhost:40507|client:localhost:38061|dataStream:localhost:38397|priority:0|startupRole:FOLLOWER, s2|rpc:localhost:38005|admin:localhost:46397|client:localhost:45965|dataStream:localhost:35133|priority:0|startupRole:FOLLOWER]|listeners:[], old=null
2022-07-15 00:55:36,394 [grpc-default-executor-1] INFO  server.RaftServer$Division (RaftServerImpl.java:requestVote(1183)) - s0@group-D993EBE7FE70: receive requestVote(PRE_VOTE, s2, group-D993EBE7FE70, 1, (t:1, i:2))
2022-07-15 00:55:36,395 [grpc-default-executor-1] INFO  impl.VoteContext (VoteContext.java:log(48)) - s0@group-D993EBE7FE70-FOLLOWER: accept PRE_VOTE from s2: our priority 0 <= candidate's priority 0
2022-07-15 00:55:36,395 [grpc-default-executor-1] INFO  server.RaftServer$Division (RaftServerImpl.java:requestVote(1216)) - s0@group-D993EBE7FE70 replies to PRE_VOTE vote request: s2<-s0#0:OK-t1. Peer's state: s0@group-D993EBE7FE70:t1, leader=s0, voted=s0, raftlog=Memoized:s0@group-D993EBE7FE70-SegmentedRaftLog:OPENED:c2, conf=0: peers:[s0|rpc:localhost:45051|admin:localhost:42977|client:localhost:45097|dataStream:localhost:39217|priority:0|startupRole:FOLLOWER, s1|rpc:localhost:44071|admin:localhost:40507|client:localhost:38061|dataStream:localhost:38397|priority:0|startupRole:FOLLOWER, s2|rpc:localhost:38005|admin:localhost:46397|client:localhost:45965|dataStream:localhost:35133|priority:0|startupRole:FOLLOWER]|listeners:[], old=null
2022-07-15 00:55:36,397 [s2@group-D993EBE7FE70-LeaderElection4] INFO  impl.LeaderElection (LeaderElection.java:logAndReturn(90)) - s2@group-D993EBE7FE70-LeaderElection4: PRE_VOTE PASSED received 1 response(s) and 0 exception(s):
2022-07-15 00:55:36,397 [s2@group-D993EBE7FE70-LeaderElection4] INFO  impl.LeaderElection (LeaderElection.java:logAndReturn(94)) -   Response 0: s2<-s0#0:OK-t1
2022-07-15 00:55:36,397 [s2@group-D993EBE7FE70-LeaderElection4] INFO  impl.LeaderElection (LeaderElection.java:askForVotes(312)) - s2@group-D993EBE7FE70-LeaderElection4 PRE_VOTE round 0: result PASSED
2022-07-15 00:55:36,401 [grpc-default-executor-1] INFO  server.RaftServer$Division (RaftServerImpl.java:requestVote(1183)) - s1@group-D993EBE7FE70: receive requestVote(PRE_VOTE, s2, group-D993EBE7FE70, 1, (t:1, i:2))
2022-07-15 00:55:36,401 [grpc-default-executor-1] INFO  impl.VoteContext (VoteContext.java:log(48)) - s1@group-D993EBE7FE70-FOLLOWER: accept PRE_VOTE from s2: our priority 0 <= candidate's priority 0
2022-07-15 00:55:36,401 [grpc-default-executor-1] INFO  server.RaftServer$Division (RaftServerImpl.java:requestVote(1216)) - s1@group-D993EBE7FE70 replies to PRE_VOTE vote request: s2<-s1#0:OK-t1. Peer's state: s1@group-D993EBE7FE70:t1, leader=s0, voted=s0, raftlog=Memoized:s1@group-D993EBE7FE70-SegmentedRaftLog:OPENED:c2, conf=0: peers:[s0|rpc:localhost:45051|admin:localhost:42977|client:localhost:45097|dataStream:localhost:39217|priority:0|startupRole:FOLLOWER, s1|rpc:localhost:44071|admin:localhost:40507|client:localhost:38061|dataStream:localhost:38397|priority:0|startupRole:FOLLOWER, s2|rpc:localhost:38005|admin:localhost:46397|client:localhost:45965|dataStream:localhost:35133|priority:0|startupRole:FOLLOWER]|listeners:[], old=null
2022-07-15 00:55:36,402 [s2@group-D993EBE7FE70-LeaderElection4] INFO  impl.LeaderElection (LeaderElection.java:askForVotes(310)) - s2@group-D993EBE7FE70-LeaderElection4 ELECTION round 0: submit vote requests at term 2 for 0: peers:[s0|rpc:localhost:45051|admin:localhost:42977|client:localhost:45097|dataStream:localhost:39217|priority:0|startupRole:FOLLOWER, s1|rpc:localhost:44071|admin:localhost:40507|client:localhost:38061|dataStream:localhost:38397|priority:0|startupRole:FOLLOWER, s2|rpc:localhost:38005|admin:localhost:46397|client:localhost:45965|dataStream:localhost:35133|priority:0|startupRole:FOLLOWER]|listeners:[], old=null
2022-07-15 00:55:36,413 [grpc-default-executor-1] INFO  server.RaftServer$Division (RaftServerImpl.java:requestVote(1183)) - s0@group-D993EBE7FE70: receive requestVote(ELECTION, s2, group-D993EBE7FE70, 2, (t:1, i:2))
2022-07-15 00:55:36,414 [grpc-default-executor-1] INFO  impl.VoteContext (VoteContext.java:log(48)) - s0@group-D993EBE7FE70-FOLLOWER: accept ELECTION from s2: our priority 0 <= candidate's priority 0
2022-07-15 00:55:36,414 [grpc-default-executor-1] INFO  server.RaftServer$Division (ServerState.java:setLeader(313)) - s0@group-D993EBE7FE70: change Leader from s0 to null at term 2 for updateCurrentTerm
2022-07-15 00:55:36,421 [grpc-default-executor-1] INFO  server.RaftServer$Division (RaftServerImpl.java:setRole(300)) - s0@group-D993EBE7FE70: changes role from  FOLLOWER to FOLLOWER at term 2 for candidate:s2
2022-07-15 00:55:36,421 [grpc-default-executor-1] INFO  impl.RoleInfo (RoleInfo.java:shutdownFollowerState(110)) - s0: shutdown s0@group-D993EBE7FE70-FollowerState
2022-07-15 00:55:36,421 [grpc-default-executor-1] INFO  impl.RoleInfo (RoleInfo.java:updateAndGet(139)) - s0: start s0@group-D993EBE7FE70-FollowerState
2022-07-15 00:55:36,421 [s0@group-D993EBE7FE70-FollowerState] INFO  impl.FollowerState (FollowerState.java:run(152)) - s0@group-D993EBE7FE70-FollowerState was interrupted
2022-07-15 00:55:36,455 [grpc-default-executor-0] INFO  server.RaftServer$Division (RaftServerImpl.java:requestVote(1183)) - s1@group-D993EBE7FE70: receive requestVote(ELECTION, s2, group-D993EBE7FE70, 2, (t:1, i:2))
2022-07-15 00:55:36,455 [grpc-default-executor-0] INFO  impl.VoteContext (VoteContext.java:log(48)) - s1@group-D993EBE7FE70-FOLLOWER: accept ELECTION from s2: our priority 0 <= candidate's priority 0
2022-07-15 00:55:36,455 [grpc-default-executor-0] INFO  server.RaftServer$Division (ServerState.java:setLeader(313)) - s1@group-D993EBE7FE70: change Leader from s0 to null at term 2 for updateCurrentTerm
2022-07-15 00:55:36,455 [grpc-default-executor-0] INFO  server.RaftServer$Division (RaftServerImpl.java:setRole(300)) - s1@group-D993EBE7FE70: changes role from  FOLLOWER to FOLLOWER at term 2 for candidate:s2
2022-07-15 00:55:36,455 [grpc-default-executor-0] INFO  impl.RoleInfo (RoleInfo.java:shutdownFollowerState(110)) - s1: shutdown s1@group-D993EBE7FE70-FollowerState
2022-07-15 00:55:36,455 [grpc-default-executor-0] INFO  impl.RoleInfo (RoleInfo.java:updateAndGet(139)) - s1: start s1@group-D993EBE7FE70-FollowerState
2022-07-15 00:55:36,455 [s1@group-D993EBE7FE70-FollowerState] INFO  impl.FollowerState (FollowerState.java:run(152)) - s1@group-D993EBE7FE70-FollowerState was interrupted
2022-07-15 00:55:36,456 [grpc-default-executor-1] INFO  server.RaftServer$Division (RaftServerImpl.java:requestVote(1216)) - s0@group-D993EBE7FE70 replies to ELECTION vote request: s2<-s0#0:OK-t2. Peer's state: s0@group-D993EBE7FE70:t2, leader=null, voted=s2, raftlog=Memoized:s0@group-D993EBE7FE70-SegmentedRaftLog:OPENED:c2, conf=0: peers:[s0|rpc:localhost:45051|admin:localhost:42977|client:localhost:45097|dataStream:localhost:39217|priority:0|startupRole:FOLLOWER, s1|rpc:localhost:44071|admin:localhost:40507|client:localhost:38061|dataStream:localhost:38397|priority:0|startupRole:FOLLOWER, s2|rpc:localhost:38005|admin:localhost:46397|client:localhost:45965|dataStream:localhost:35133|priority:0|startupRole:FOLLOWER]|listeners:[], old=null
2022-07-15 00:55:36,466 [s2@group-D993EBE7FE70-LeaderElection4] INFO  impl.LeaderElection (LeaderElection.java:logAndReturn(90)) - s2@group-D993EBE7FE70-LeaderElection4: ELECTION PASSED received 1 response(s) and 0 exception(s):
2022-07-15 00:55:36,466 [s2@group-D993EBE7FE70-LeaderElection4] INFO  impl.LeaderElection (LeaderElection.java:logAndReturn(94)) -   Response 0: s2<-s0#0:OK-t2
2022-07-15 00:55:36,466 [s2@group-D993EBE7FE70-LeaderElection4] INFO  impl.LeaderElection (LeaderElection.java:askForVotes(312)) - s2@group-D993EBE7FE70-LeaderElection4 ELECTION round 0: result PASSED
2022-07-15 00:55:36,467 [s2@group-D993EBE7FE70-LeaderElection4] INFO  impl.RoleInfo (RoleInfo.java:shutdownLeaderElection(130)) - s2: shutdown s2@group-D993EBE7FE70-LeaderElection4
2022-07-15 00:55:36,467 [s2@group-D993EBE7FE70-LeaderElection4] INFO  server.RaftServer$Division (RaftServerImpl.java:setRole(300)) - s2@group-D993EBE7FE70: changes role from CANDIDATE to LEADER at term 2 for changeToLeader
2022-07-15 00:55:36,467 [s2@group-D993EBE7FE70-LeaderElection4] INFO  server.RaftServer$Division (ServerState.java:setLeader(313)) - s2@group-D993EBE7FE70: change Leader from null to s2 at term 2 for becomeLeader, leader elected after 99ms
2022-07-15 00:55:36,467 [s2@group-D993EBE7FE70-LeaderElection4] INFO  server.RaftServerConfigKeys (ConfUtils.java:logGet(46)) - raft.server.staging.catchup.gap = 1000 (default)
2022-07-15 00:55:36,467 [s2@group-D993EBE7FE70-LeaderElection4] INFO  server.RaftServerConfigKeys (ConfUtils.java:logGet(46)) - raft.server.write.element-limit = 4096 (default)
2022-07-15 00:55:36,467 [s2@group-D993EBE7FE70-LeaderElection4] INFO  server.RaftServerConfigKeys (ConfUtils.java:logGet(46)) - raft.server.write.byte-limit = 64MB (=67108864) (default)
2022-07-15 00:55:36,467 [s2@group-D993EBE7FE70-LeaderElection4] INFO  server.RaftServerConfigKeys (ConfUtils.java:logGet(46)) - raft.server.watch.timeout = 10s (default)
2022-07-15 00:55:36,467 [s2@group-D993EBE7FE70-LeaderElection4] INFO  server.RaftServerConfigKeys (ConfUtils.java:logGet(46)) - raft.server.watch.timeout.denomination = 1s (default)
2022-07-15 00:55:36,467 [s2@group-D993EBE7FE70-LeaderElection4] INFO  server.RaftServerConfigKeys (ConfUtils.java:logGet(46)) - raft.server.watch.element-limit = 65536 (default)
2022-07-15 00:55:36,467 [s2@group-D993EBE7FE70-LeaderElection4] INFO  server.RaftServerConfigKeys (ConfUtils.java:logGet(46)) - raft.server.write.element-limit = 4096 (default)
2022-07-15 00:55:36,467 [s2@group-D993EBE7FE70-LeaderElection4] INFO  server.RaftServerConfigKeys (ConfUtils.java:logGet(46)) - raft.server.write.follower.gap.ratio.max = -1.0 (default)
2022-07-15 00:55:36,467 [s2@group-D993EBE7FE70-LeaderElection4] INFO  server.RaftServerConfigKeys (ConfUtils.java:logGet(46)) - raft.server.log.appender.snapshot.chunk.size.max = 16MB (=16777216) (default)
2022-07-15 00:55:36,468 [s2@group-D993EBE7FE70-LeaderElection4] INFO  server.RaftServerConfigKeys (ConfUtils.java:logGet(46)) - raft.server.log.appender.buffer.byte-limit = 4MB (=4194304) (default)
2022-07-15 00:55:36,468 [s2@group-D993EBE7FE70-LeaderElection4] INFO  server.RaftServerConfigKeys (ConfUtils.java:logGet(46)) - raft.server.log.appender.buffer.element-limit = 0 (default)
2022-07-15 00:55:36,468 [s2@group-D993EBE7FE70-LeaderElection4] INFO  grpc.GrpcConfigKeys (ConfUtils.java:logGet(46)) - raft.grpc.server.leader.outstanding.appends.max = 128 (default)
2022-07-15 00:55:36,468 [s2@group-D993EBE7FE70-LeaderElection4] INFO  server.RaftServerConfigKeys (ConfUtils.java:logGet(46)) - raft.server.rpc.request.timeout = 3000ms (default)
2022-07-15 00:55:36,468 [s2@group-D993EBE7FE70-LeaderElection4] INFO  server.RaftServerConfigKeys (ConfUtils.java:logGet(46)) - raft.server.log.appender.install.snapshot.enabled = true (default)
2022-07-15 00:55:36,468 [s2@group-D993EBE7FE70-LeaderElection4] INFO  server.RaftServerConfigKeys (ConfUtils.java:logGet(46)) - raft.server.log.appender.snapshot.chunk.size.max = 16MB (=16777216) (default)
2022-07-15 00:55:36,468 [s2@group-D993EBE7FE70-LeaderElection4] INFO  server.RaftServerConfigKeys (ConfUtils.java:logGet(46)) - raft.server.log.appender.buffer.byte-limit = 4MB (=4194304) (default)
2022-07-15 00:55:36,468 [s2@group-D993EBE7FE70-LeaderElection4] INFO  server.RaftServerConfigKeys (ConfUtils.java:logGet(46)) - raft.server.log.appender.buffer.element-limit = 0 (default)
2022-07-15 00:55:36,468 [s2@group-D993EBE7FE70-LeaderElection4] INFO  grpc.GrpcConfigKeys (ConfUtils.java:logGet(46)) - raft.grpc.server.leader.outstanding.appends.max = 128 (default)
2022-07-15 00:55:36,468 [s2@group-D993EBE7FE70-LeaderElection4] INFO  server.RaftServerConfigKeys (ConfUtils.java:logGet(46)) - raft.server.rpc.request.timeout = 3000ms (default)
2022-07-15 00:55:36,468 [s2@group-D993EBE7FE70-LeaderElection4] INFO  server.RaftServerConfigKeys (ConfUtils.java:logGet(46)) - raft.server.log.appender.install.snapshot.enabled = true (default)
2022-07-15 00:55:36,468 [s2@group-D993EBE7FE70-LeaderElection4] INFO  impl.RoleInfo (RoleInfo.java:updateAndGet(139)) - s2: start s2@group-D993EBE7FE70-LeaderStateImpl
2022-07-15 00:55:36,469 [s2@group-D993EBE7FE70-LeaderElection4] INFO  segmented.SegmentedRaftLogWorker (SegmentedRaftLogWorker.java:rollLogSegment(430)) - s2@group-D993EBE7FE70-SegmentedRaftLogWorker: Rolling segment log-0_2 to index:2
2022-07-15 00:55:36,475 [s2@group-D993EBE7FE70-SegmentedRaftLogWorker] TRACE util.FileUtils (LogUtils.java:runAndLog(49)) - Successfully ran Files.move /home/runner/work/ratis/ratis/ratis-test/target/test/data/d1c7e1dc/MiniRaftClusterWithRpcTypeGrpcAndDataStreamTypeNetty1ab3ec7b/s2/c3492ac9-de7b-4dd7-89be-d993ebe7fe70/current/log_inprogress_0 to /home/runner/work/ratis/ratis/ratis-test/target/test/data/d1c7e1dc/MiniRaftClusterWithRpcTypeGrpcAndDataStreamTypeNetty1ab3ec7b/s2/c3492ac9-de7b-4dd7-89be-d993ebe7fe70/current/log_0-2
2022-07-15 00:55:36,475 [s2@group-D993EBE7FE70-SegmentedRaftLogWorker] INFO  segmented.SegmentedRaftLogWorker (SegmentedRaftLogWorker.java:execute(586)) - s2@group-D993EBE7FE70-SegmentedRaftLogWorker: Rolled log segment from /home/runner/work/ratis/ratis/ratis-test/target/test/data/d1c7e1dc/MiniRaftClusterWithRpcTypeGrpcAndDataStreamTypeNetty1ab3ec7b/s2/c3492ac9-de7b-4dd7-89be-d993ebe7fe70/current/log_inprogress_0 to /home/runner/work/ratis/ratis/ratis-test/target/test/data/d1c7e1dc/MiniRaftClusterWithRpcTypeGrpcAndDataStreamTypeNetty1ab3ec7b/s2/c3492ac9-de7b-4dd7-89be-d993ebe7fe70/current/log_0-2
2022-07-15 00:55:36,514 [s2@group-D993EBE7FE70-SegmentedRaftLogWorker] INFO  segmented.SegmentedRaftLogWorker (SegmentedRaftLogWorker.java:execute(629)) - s2@group-D993EBE7FE70-SegmentedRaftLogWorker: created new log segment /home/runner/work/ratis/ratis/ratis-test/target/test/data/d1c7e1dc/MiniRaftClusterWithRpcTypeGrpcAndDataStreamTypeNetty1ab3ec7b/s2/c3492ac9-de7b-4dd7-89be-d993ebe7fe70/current/log_inprogress_3
2022-07-15 00:55:36,546 [s2@group-D993EBE7FE70-LeaderElection4] INFO  server.RaftServer$Division (ServerState.java:setRaftConf(429)) - s2@group-D993EBE7FE70: set configuration 3: peers:[s0|rpc:localhost:45051|admin:localhost:42977|client:localhost:45097|dataStream:localhost:39217|priority:0|startupRole:FOLLOWER, s1|rpc:localhost:44071|admin:localhost:40507|client:localhost:38061|dataStream:localhost:38397|priority:0|startupRole:FOLLOWER, s2|rpc:localhost:38005|admin:localhost:46397|client:localhost:45965|dataStream:localhost:35133|priority:0|startupRole:FOLLOWER]|listeners:[], old=null
2022-07-15 00:55:36,546 [grpc-default-executor-0] INFO  server.RaftServer$Division (RaftServerImpl.java:requestVote(1216)) - s1@group-D993EBE7FE70 replies to ELECTION vote request: s2<-s1#0:OK-t2. Peer's state: s1@group-D993EBE7FE70:t2, leader=null, voted=s2, raftlog=Memoized:s1@group-D993EBE7FE70-SegmentedRaftLog:OPENED:c2, conf=0: peers:[s0|rpc:localhost:45051|admin:localhost:42977|client:localhost:45097|dataStream:localhost:39217|priority:0|startupRole:FOLLOWER, s1|rpc:localhost:44071|admin:localhost:40507|client:localhost:38061|dataStream:localhost:38397|priority:0|startupRole:FOLLOWER, s2|rpc:localhost:38005|admin:localhost:46397|client:localhost:45965|dataStream:localhost:35133|priority:0|startupRole:FOLLOWER]|listeners:[], old=null
2022-07-15 00:55:36,549 [s1-server-thread1] INFO  server.RaftServer$Division (ServerState.java:setLeader(313)) - s1@group-D993EBE7FE70: change Leader from null to s2 at term 2 for appendEntries, leader elected after 93ms
2022-07-15 00:55:36,551 [s0-server-thread1] INFO  server.RaftServer$Division (ServerState.java:setLeader(313)) - s0@group-D993EBE7FE70: change Leader from null to s2 at term 2 for appendEntries, leader elected after 137ms
2022-07-15 00:55:36,559 [s1-server-thread1] INFO  server.RaftServer$Division (ServerState.java:setRaftConf(429)) - s1@group-D993EBE7FE70: set configuration 3: peers:[s0|rpc:localhost:45051|admin:localhost:42977|client:localhost:45097|dataStream:localhost:39217|priority:0|startupRole:FOLLOWER, s1|rpc:localhost:44071|admin:localhost:40507|client:localhost:38061|dataStream:localhost:38397|priority:0|startupRole:FOLLOWER, s2|rpc:localhost:38005|admin:localhost:46397|client:localhost:45965|dataStream:localhost:35133|priority:0|startupRole:FOLLOWER]|listeners:[], old=null
2022-07-15 00:55:36,559 [s1-server-thread1] INFO  segmented.SegmentedRaftLogWorker (SegmentedRaftLogWorker.java:rollLogSegment(430)) - s1@group-D993EBE7FE70-SegmentedRaftLogWorker: Rolling segment log-0_2 to index:2
2022-07-15 00:55:36,560 [s1@group-D993EBE7FE70-SegmentedRaftLogWorker] TRACE util.FileUtils (LogUtils.java:runAndLog(49)) - Successfully ran Files.move /home/runner/work/ratis/ratis/ratis-test/target/test/data/d1c7e1dc/MiniRaftClusterWithRpcTypeGrpcAndDataStreamTypeNetty1ab3ec7b/s1/c3492ac9-de7b-4dd7-89be-d993ebe7fe70/current/log_inprogress_0 to /home/runner/work/ratis/ratis/ratis-test/target/test/data/d1c7e1dc/MiniRaftClusterWithRpcTypeGrpcAndDataStreamTypeNetty1ab3ec7b/s1/c3492ac9-de7b-4dd7-89be-d993ebe7fe70/current/log_0-2
2022-07-15 00:55:36,560 [s1@group-D993EBE7FE70-SegmentedRaftLogWorker] INFO  segmented.SegmentedRaftLogWorker (SegmentedRaftLogWorker.java:execute(586)) - s1@group-D993EBE7FE70-SegmentedRaftLogWorker: Rolled log segment from /home/runner/work/ratis/ratis/ratis-test/target/test/data/d1c7e1dc/MiniRaftClusterWithRpcTypeGrpcAndDataStreamTypeNetty1ab3ec7b/s1/c3492ac9-de7b-4dd7-89be-d993ebe7fe70/current/log_inprogress_0 to /home/runner/work/ratis/ratis/ratis-test/target/test/data/d1c7e1dc/MiniRaftClusterWithRpcTypeGrpcAndDataStreamTypeNetty1ab3ec7b/s1/c3492ac9-de7b-4dd7-89be-d993ebe7fe70/current/log_0-2
2022-07-15 00:55:36,574 [s0-server-thread2] INFO  server.RaftServer$Division (ServerState.java:setRaftConf(429)) - s0@group-D993EBE7FE70: set configuration 3: peers:[s0|rpc:localhost:45051|admin:localhost:42977|client:localhost:45097|dataStream:localhost:39217|priority:0|startupRole:FOLLOWER, s1|rpc:localhost:44071|admin:localhost:40507|client:localhost:38061|dataStream:localhost:38397|priority:0|startupRole:FOLLOWER, s2|rpc:localhost:38005|admin:localhost:46397|client:localhost:45965|dataStream:localhost:35133|priority:0|startupRole:FOLLOWER]|listeners:[], old=null
2022-07-15 00:55:36,581 [s0-server-thread2] INFO  segmented.SegmentedRaftLogWorker (SegmentedRaftLogWorker.java:rollLogSegment(430)) - s0@group-D993EBE7FE70-SegmentedRaftLogWorker: Rolling segment log-0_2 to index:2
2022-07-15 00:55:36,587 [s0@group-D993EBE7FE70-SegmentedRaftLogWorker] TRACE util.FileUtils (LogUtils.java:runAndLog(49)) - Successfully ran Files.move /home/runner/work/ratis/ratis/ratis-test/target/test/data/d1c7e1dc/MiniRaftClusterWithRpcTypeGrpcAndDataStreamTypeNetty1ab3ec7b/s0/c3492ac9-de7b-4dd7-89be-d993ebe7fe70/current/log_inprogress_0 to /home/runner/work/ratis/ratis/ratis-test/target/test/data/d1c7e1dc/MiniRaftClusterWithRpcTypeGrpcAndDataStreamTypeNetty1ab3ec7b/s0/c3492ac9-de7b-4dd7-89be-d993ebe7fe70/current/log_0-2
2022-07-15 00:55:36,588 [s0@group-D993EBE7FE70-SegmentedRaftLogWorker] INFO  segmented.SegmentedRaftLogWorker (SegmentedRaftLogWorker.java:execute(586)) - s0@group-D993EBE7FE70-SegmentedRaftLogWorker: Rolled log segment from /home/runner/work/ratis/ratis/ratis-test/target/test/data/d1c7e1dc/MiniRaftClusterWithRpcTypeGrpcAndDataStreamTypeNetty1ab3ec7b/s0/c3492ac9-de7b-4dd7-89be-d993ebe7fe70/current/log_inprogress_0 to /home/runner/work/ratis/ratis/ratis-test/target/test/data/d1c7e1dc/MiniRaftClusterWithRpcTypeGrpcAndDataStreamTypeNetty1ab3ec7b/s0/c3492ac9-de7b-4dd7-89be-d993ebe7fe70/current/log_0-2
2022-07-15 00:55:36,612 [s1@group-D993EBE7FE70-SegmentedRaftLogWorker] INFO  segmented.SegmentedRaftLogWorker (SegmentedRaftLogWorker.java:execute(629)) - s1@group-D993EBE7FE70-SegmentedRaftLogWorker: created new log segment /home/runner/work/ratis/ratis/ratis-test/target/test/data/d1c7e1dc/MiniRaftClusterWithRpcTypeGrpcAndDataStreamTypeNetty1ab3ec7b/s1/c3492ac9-de7b-4dd7-89be-d993ebe7fe70/current/log_inprogress_3
2022-07-15 00:55:36,612 [s0@group-D993EBE7FE70-SegmentedRaftLogWorker] INFO  segmented.SegmentedRaftLogWorker (SegmentedRaftLogWorker.java:execute(629)) - s0@group-D993EBE7FE70-SegmentedRaftLogWorker: created new log segment /home/runner/work/ratis/ratis/ratis-test/target/test/data/d1c7e1dc/MiniRaftClusterWithRpcTypeGrpcAndDataStreamTypeNetty1ab3ec7b/s0/c3492ac9-de7b-4dd7-89be-d993ebe7fe70/current/log_inprogress_3
2022-07-15 00:55:39,671 [Timer-2] INFO  impl.MiniRaftCluster (MiniRaftCluster.java:lambda$null$5(314)) - TIMED-PRINT: printing ALL groups
  s0:  RUNNING  FOLLOWER s0@group-D993EBE7FE70:t2, leader=s2, voted=s2, raftlog=Memoized:s0@group-D993EBE7FE70-SegmentedRaftLog:OPENED:c4, conf=3: peers:[s0|rpc:localhost:45051|admin:localhost:42977|client:localhost:45097|dataStream:localhost:39217|priority:0|startupRole:FOLLOWER, s1|rpc:localhost:44071|admin:localhost:40507|client:localhost:38061|dataStream:localhost:38397|priority:0|startupRole:FOLLOWER, s2|rpc:localhost:38005|admin:localhost:46397|client:localhost:45965|dataStream:localhost:35133|priority:0|startupRole:FOLLOWER]|listeners:[], old=null RUNNING
  s1:  RUNNING  FOLLOWER s1@group-D993EBE7FE70:t2, leader=s2, voted=s2, raftlog=Memoized:s1@group-D993EBE7FE70-SegmentedRaftLog:OPENED:c4, conf=3: peers:[s0|rpc:localhost:45051|admin:localhost:42977|client:localhost:45097|dataStream:localhost:39217|priority:0|startupRole:FOLLOWER, s1|rpc:localhost:44071|admin:localhost:40507|client:localhost:38061|dataStream:localhost:38397|priority:0|startupRole:FOLLOWER, s2|rpc:localhost:38005|admin:localhost:46397|client:localhost:45965|dataStream:localhost:35133|priority:0|startupRole:FOLLOWER]|listeners:[], old=null RUNNING
  s2:  RUNNING    LEADER s2@group-D993EBE7FE70:t2, leader=s2, voted=s2, raftlog=Memoized:s2@group-D993EBE7FE70-SegmentedRaftLog:OPENED:c4, conf=3: peers:[s0|rpc:localhost:45051|admin:localhost:42977|client:localhost:45097|dataStream:localhost:39217|priority:0|startupRole:FOLLOWER, s1|rpc:localhost:44071|admin:localhost:40507|client:localhost:38061|dataStream:localhost:38397|priority:0|startupRole:FOLLOWER, s2|rpc:localhost:38005|admin:localhost:46397|client:localhost:45965|dataStream:localhost:35133|priority:0|startupRole:FOLLOWER]|listeners:[], old=null RUNNING
2022-07-15 00:55:39,952 [pool-9-thread-12] INFO  datastream.DataStreamTestUtils (DataStreamTestUtils.java:writeAndCloseAndAssertReplies(320)) - Stream378: bytesWritten=3752776
2022-07-15 00:55:40,034 [pool-9-thread-13] INFO  datastream.DataStreamTestUtils (DataStreamTestUtils.java:writeAndCloseAndAssertReplies(320)) - Stream379: bytesWritten=3745841
2022-07-15 00:55:40,057 [s2-client-thread1] INFO  statemachine.StateMachine (DataStreamTestUtils.java:link(157)) - link SingleDataStream: writeRequest=RaftClientRequest:client-1E50D91EDBE6->s2@group-D993EBE7FE70, cid=378, seq=0, DataStream, Message:<EMPTY>, logEntry=null
2022-07-15 00:55:40,058 [s0-server-thread2] INFO  statemachine.StateMachine (DataStreamTestUtils.java:link(157)) - link SingleDataStream: writeRequest=RaftClientRequest:client-1E50D91EDBE6->s2@group-D993EBE7FE70, cid=378, seq=0, DataStream, Message:<EMPTY>, logEntry=null
2022-07-15 00:55:40,060 [s1-server-thread1] INFO  statemachine.StateMachine (DataStreamTestUtils.java:link(157)) - link SingleDataStream: writeRequest=RaftClientRequest:client-1E50D91EDBE6->s2@group-D993EBE7FE70, cid=378, seq=0, DataStream, Message:<EMPTY>, logEntry=null
2022-07-15 00:55:40,076 [pool-9-thread-15] INFO  datastream.DataStreamTestUtils (DataStreamTestUtils.java:writeAndCloseAndAssertReplies(320)) - Stream385: bytesWritten=3748534
2022-07-15 00:55:40,082 [s2-client-thread2] INFO  statemachine.StateMachine (DataStreamTestUtils.java:link(157)) - link SingleDataStream: writeRequest=RaftClientRequest:client-1E50D91EDBE6->s2@group-D993EBE7FE70, cid=379, seq=0, DataStream, Message:<EMPTY>, logEntry=null
2022-07-15 00:55:40,083 [s0-server-thread2] INFO  statemachine.StateMachine (DataStreamTestUtils.java:link(157)) - link SingleDataStream: writeRequest=RaftClientRequest:client-1E50D91EDBE6->s2@group-D993EBE7FE70, cid=379, seq=0, DataStream, Message:<EMPTY>, logEntry=null
2022-07-15 00:55:40,084 [s1-server-thread1] INFO  statemachine.StateMachine (DataStreamTestUtils.java:link(157)) - link SingleDataStream: writeRequest=RaftClientRequest:client-1E50D91EDBE6->s2@group-D993EBE7FE70, cid=379, seq=0, DataStream, Message:<EMPTY>, logEntry=null
2022-07-15 00:55:40,086 [pool-9-thread-12] INFO  datastream.DataStreamTestUtils (DataStreamTestUtils.java:writeAndCloseAndAssertReplies(311)) - start Stream386
2022-07-15 00:55:40,095 [s2-client-thread2] INFO  statemachine.StateMachine (DataStreamTestUtils.java:link(157)) - link SingleDataStream: writeRequest=RaftClientRequest:client-1E50D91EDBE6->s2@group-D993EBE7FE70, cid=385, seq=0, DataStream, Message:<EMPTY>, logEntry=null
2022-07-15 00:55:40,095 [pool-9-thread-11] INFO  datastream.DataStreamTestUtils (DataStreamTestUtils.java:writeAndCloseAndAssertReplies(320)) - Stream377: bytesWritten=3773506
2022-07-15 00:55:40,096 [s0-server-thread2] INFO  statemachine.StateMachine (DataStreamTestUtils.java:link(157)) - link SingleDataStream: writeRequest=RaftClientRequest:client-1E50D91EDBE6->s2@group-D993EBE7FE70, cid=385, seq=0, DataStream, Message:<EMPTY>, logEntry=null
2022-07-15 00:55:40,097 [pool-9-thread-13] INFO  datastream.DataStreamTestUtils (DataStreamTestUtils.java:writeAndCloseAndAssertReplies(311)) - start Stream387
2022-07-15 00:55:40,097 [s1-server-thread1] INFO  statemachine.StateMachine (DataStreamTestUtils.java:link(157)) - link SingleDataStream: writeRequest=RaftClientRequest:client-1E50D91EDBE6->s2@group-D993EBE7FE70, cid=385, seq=0, DataStream, Message:<EMPTY>, logEntry=null
2022-07-15 00:55:40,099 [pool-9-thread-15] INFO  datastream.DataStreamTestUtils (DataStreamTestUtils.java:writeAndCloseAndAssertReplies(311)) - start Stream388
2022-07-15 00:55:40,100 [s2-client-thread2] INFO  statemachine.StateMachine (DataStreamTestUtils.java:link(157)) - link SingleDataStream: writeRequest=RaftClientRequest:client-1E50D91EDBE6->s2@group-D993EBE7FE70, cid=377, seq=0, DataStream, Message:<EMPTY>, logEntry=null
2022-07-15 00:55:40,101 [s0-server-thread2] INFO  statemachine.StateMachine (DataStreamTestUtils.java:link(157)) - link SingleDataStream: writeRequest=RaftClientRequest:client-1E50D91EDBE6->s2@group-D993EBE7FE70, cid=377, seq=0, DataStream, Message:<EMPTY>, logEntry=null
2022-07-15 00:55:40,101 [s1-server-thread1] INFO  statemachine.StateMachine (DataStreamTestUtils.java:link(157)) - link SingleDataStream: writeRequest=RaftClientRequest:client-1E50D91EDBE6->s2@group-D993EBE7FE70, cid=377, seq=0, DataStream, Message:<EMPTY>, logEntry=null
2022-07-15 00:55:40,114 [pool-9-thread-11] INFO  datastream.DataStreamTestUtils (DataStreamTestUtils.java:writeAndCloseAndAssertReplies(311)) - start Stream384
2022-07-15 00:55:40,125 [pool-9-thread-10] INFO  datastream.DataStreamTestUtils (DataStreamTestUtils.java:writeAndCloseAndAssertReplies(320)) - Stream376: bytesWritten=3759388
2022-07-15 00:55:40,147 [pool-9-thread-14] INFO  datastream.DataStreamTestUtils (DataStreamTestUtils.java:writeAndCloseAndAssertReplies(320)) - Stream380: bytesWritten=3747799
2022-07-15 00:55:40,148 [s2-client-thread2] INFO  statemachine.StateMachine (DataStreamTestUtils.java:link(157)) - link SingleDataStream: writeRequest=RaftClientRequest:client-1E50D91EDBE6->s2@group-D993EBE7FE70, cid=376, seq=0, DataStream, Message:<EMPTY>, logEntry=null
2022-07-15 00:55:40,149 [s1-server-thread1] INFO  statemachine.StateMachine (DataStreamTestUtils.java:link(157)) - link SingleDataStream: writeRequest=RaftClientRequest:client-1E50D91EDBE6->s2@group-D993EBE7FE70, cid=376, seq=0, DataStream, Message:<EMPTY>, logEntry=null
2022-07-15 00:55:40,150 [s0-server-thread2] INFO  statemachine.StateMachine (DataStreamTestUtils.java:link(157)) - link SingleDataStream: writeRequest=RaftClientRequest:client-1E50D91EDBE6->s2@group-D993EBE7FE70, cid=376, seq=0, DataStream, Message:<EMPTY>, logEntry=null
2022-07-15 00:55:40,174 [pool-9-thread-10] INFO  datastream.DataStreamTestUtils (DataStreamTestUtils.java:writeAndCloseAndAssertReplies(311)) - start Stream390
2022-07-15 00:55:40,174 [s2-client-thread2] INFO  statemachine.StateMachine (DataStreamTestUtils.java:link(157)) - link SingleDataStream: writeRequest=RaftClientRequest:client-1E50D91EDBE6->s2@group-D993EBE7FE70, cid=380, seq=0, DataStream, Message:<EMPTY>, logEntry=null
2022-07-15 00:55:40,175 [s1-server-thread1] INFO  statemachine.StateMachine (DataStreamTestUtils.java:link(157)) - link SingleDataStream: writeRequest=RaftClientRequest:client-1E50D91EDBE6->s2@group-D993EBE7FE70, cid=380, seq=0, DataStream, Message:<EMPTY>, logEntry=null
2022-07-15 00:55:40,175 [s0-server-thread2] INFO  statemachine.StateMachine (DataStreamTestUtils.java:link(157)) - link SingleDataStream: writeRequest=RaftClientRequest:client-1E50D91EDBE6->s2@group-D993EBE7FE70, cid=380, seq=0, DataStream, Message:<EMPTY>, logEntry=null
2022-07-15 00:55:40,253 [pool-9-thread-16] INFO  datastream.DataStreamTestUtils (DataStreamTestUtils.java:writeAndCloseAndAssertReplies(320)) - Stream383: bytesWritten=3745898
2022-07-15 00:55:40,260 [pool-9-thread-11] INFO  datastream.DataStreamTestUtils (DataStreamTestUtils.java:writeAndCloseAndAssertReplies(320)) - Stream384: bytesWritten=8362723
2022-07-15 00:55:40,270 [s2-client-thread2] INFO  statemachine.StateMachine (DataStreamTestUtils.java:link(157)) - link SingleDataStream: writeRequest=RaftClientRequest:client-1E50D91EDBE6->s2@group-D993EBE7FE70, cid=383, seq=0, DataStream, Message:<EMPTY>, logEntry=null
2022-07-15 00:55:40,272 [s1-server-thread1] INFO  statemachine.StateMachine (DataStreamTestUtils.java:link(157)) - link SingleDataStream: writeRequest=RaftClientRequest:client-1E50D91EDBE6->s2@group-D993EBE7FE70, cid=383, seq=0, DataStream, Message:<EMPTY>, logEntry=null
2022-07-15 00:55:40,305 [s0-server-thread2] INFO  statemachine.StateMachine (DataStreamTestUtils.java:link(157)) - link SingleDataStream: writeRequest=RaftClientRequest:client-1E50D91EDBE6->s2@group-D993EBE7FE70, cid=383, seq=0, DataStream, Message:<EMPTY>, logEntry=null
2022-07-15 00:55:40,310 [pool-9-thread-14] INFO  datastream.DataStreamTestUtils (DataStreamTestUtils.java:writeAndCloseAndAssertReplies(311)) - start Stream391
2022-07-15 00:55:40,315 [pool-9-thread-16] INFO  datastream.DataStreamTestUtils (DataStreamTestUtils.java:writeAndCloseAndAssertReplies(311)) - start Stream392
2022-07-15 00:55:40,432 [pool-9-thread-10] INFO  datastream.DataStreamTestUtils (DataStreamTestUtils.java:writeAndCloseAndAssertReplies(320)) - Stream390: bytesWritten=7420498
2022-07-15 00:55:40,553 [s2-client-thread2] INFO  statemachine.StateMachine (DataStreamTestUtils.java:link(157)) - link SingleDataStream: writeRequest=RaftClientRequest:client-BFC400F994BF->s1@group-D993EBE7FE70, cid=384, seq=0, DataStream, Message:<EMPTY>, logEntry=null
2022-07-15 00:55:40,555 [s2-client-thread2] INFO  statemachine.StateMachine (DataStreamTestUtils.java:link(157)) - link SingleDataStream: writeRequest=RaftClientRequest:client-BFC400F994BF->s1@group-D993EBE7FE70, cid=390, seq=0, DataStream, Message:<EMPTY>, logEntry=null
2022-07-15 00:55:40,556 [s0-server-thread2] INFO  statemachine.StateMachine (DataStreamTestUtils.java:link(157)) - link SingleDataStream: writeRequest=RaftClientRequest:client-BFC400F994BF->s1@group-D993EBE7FE70, cid=384, seq=0, DataStream, Message:<EMPTY>, logEntry=null
2022-07-15 00:55:40,557 [s0-server-thread2] INFO  statemachine.StateMachine (DataStreamTestUtils.java:link(157)) - link SingleDataStream: writeRequest=RaftClientRequest:client-BFC400F994BF->s1@group-D993EBE7FE70, cid=390, seq=0, DataStream, Message:<EMPTY>, logEntry=null
2022-07-15 00:55:40,560 [s1-server-thread1] INFO  statemachine.StateMachine (DataStreamTestUtils.java:link(157)) - link SingleDataStream: writeRequest=RaftClientRequest:client-BFC400F994BF->s1@group-D993EBE7FE70, cid=384, seq=0, DataStream, Message:<EMPTY>, logEntry=null
2022-07-15 00:55:40,561 [s1-server-thread1] INFO  statemachine.StateMachine (DataStreamTestUtils.java:link(157)) - link SingleDataStream: writeRequest=RaftClientRequest:client-BFC400F994BF->s1@group-D993EBE7FE70, cid=390, seq=0, DataStream, Message:<EMPTY>, logEntry=null
2022-07-15 00:55:40,564 [pool-9-thread-16] INFO  datastream.DataStreamTestUtils (DataStreamTestUtils.java:writeAndCloseAndAssertReplies(320)) - Stream392: bytesWritten=7500333
2022-07-15 00:55:40,566 [s2-client-thread2] INFO  statemachine.StateMachine (DataStreamTestUtils.java:link(157)) - link SingleDataStream: writeRequest=RaftClientRequest:client-BFC400F994BF->s1@group-D993EBE7FE70, cid=392, seq=0, DataStream, Message:<EMPTY>, logEntry=null
2022-07-15 00:55:40,568 [s0-server-thread2] INFO  statemachine.StateMachine (DataStreamTestUtils.java:link(157)) - link SingleDataStream: writeRequest=RaftClientRequest:client-BFC400F994BF->s1@group-D993EBE7FE70, cid=392, seq=0, DataStream, Message:<EMPTY>, logEntry=null
2022-07-15 00:55:40,568 [s1-server-thread1] INFO  statemachine.StateMachine (DataStreamTestUtils.java:link(157)) - link SingleDataStream: writeRequest=RaftClientRequest:client-BFC400F994BF->s1@group-D993EBE7FE70, cid=392, seq=0, DataStream, Message:<EMPTY>, logEntry=null
2022-07-15 00:55:40,569 [pool-9-thread-14] INFO  datastream.DataStreamTestUtils (DataStreamTestUtils.java:writeAndCloseAndAssertReplies(320)) - Stream391: bytesWritten=7327020
2022-07-15 00:55:40,573 [s2-client-thread2] INFO  statemachine.StateMachine (DataStreamTestUtils.java:link(157)) - link SingleDataStream: writeRequest=RaftClientRequest:client-BFC400F994BF->s1@group-D993EBE7FE70, cid=391, seq=0, DataStream, Message:<EMPTY>, logEntry=null
2022-07-15 00:55:40,573 [s1-server-thread1] INFO  statemachine.StateMachine (DataStreamTestUtils.java:link(157)) - link SingleDataStream: writeRequest=RaftClientRequest:client-BFC400F994BF->s1@group-D993EBE7FE70, cid=391, seq=0, DataStream, Message:<EMPTY>, logEntry=null
2022-07-15 00:55:40,574 [s0-server-thread2] INFO  statemachine.StateMachine (DataStreamTestUtils.java:link(157)) - link SingleDataStream: writeRequest=RaftClientRequest:client-BFC400F994BF->s1@group-D993EBE7FE70, cid=391, seq=0, DataStream, Message:<EMPTY>, logEntry=null
2022-07-15 00:55:40,586 [pool-9-thread-10] INFO  datastream.DataStreamTestUtils (DataStreamTestUtils.java:writeAndCloseAndAssertReplies(311)) - start Stream393
2022-07-15 00:55:40,596 [pool-9-thread-16] INFO  datastream.DataStreamTestUtils (DataStreamTestUtils.java:writeAndCloseAndAssertReplies(311)) - start Stream394
2022-07-15 00:55:40,671 [pool-9-thread-14] INFO  datastream.DataStreamTestUtils (DataStreamTestUtils.java:writeAndCloseAndAssertReplies(311)) - start Stream395
2022-07-15 00:55:40,689 [pool-9-thread-11] INFO  datastream.DataStreamTestUtils (DataStreamTestUtils.java:writeAndCloseAndAssertReplies(311)) - start Stream396
2022-07-15 00:55:40,729 [pool-9-thread-16] INFO  datastream.DataStreamTestUtils (DataStreamTestUtils.java:writeAndCloseAndAssertReplies(320)) - Stream394: bytesWritten=7666635
2022-07-15 00:55:40,751 [s2-client-thread2] INFO  statemachine.StateMachine (DataStreamTestUtils.java:link(157)) - link SingleDataStream: writeRequest=RaftClientRequest:client-BFC400F994BF->s1@group-D993EBE7FE70, cid=394, seq=0, DataStream, Message:<EMPTY>, logEntry=null
2022-07-15 00:55:40,761 [s1-server-thread1] INFO  statemachine.StateMachine (DataStreamTestUtils.java:link(157)) - link SingleDataStream: writeRequest=RaftClientRequest:client-BFC400F994BF->s1@group-D993EBE7FE70, cid=394, seq=0, DataStream, Message:<EMPTY>, logEntry=null
2022-07-15 00:55:40,841 [pool-9-thread-11] INFO  datastream.DataStreamTestUtils (DataStreamTestUtils.java:writeAndCloseAndAssertReplies(320)) - Stream396: bytesWritten=6789655
2022-07-15 00:55:40,851 [s2-client-thread2] INFO  statemachine.StateMachine (DataStreamTestUtils.java:link(157)) - link SingleDataStream: writeRequest=RaftClientRequest:client-BFC400F994BF->s1@group-D993EBE7FE70, cid=396, seq=0, DataStream, Message:<EMPTY>, logEntry=null
2022-07-15 00:55:40,852 [s1-server-thread1] INFO  statemachine.StateMachine (DataStreamTestUtils.java:link(157)) - link SingleDataStream: writeRequest=RaftClientRequest:client-BFC400F994BF->s1@group-D993EBE7FE70, cid=396, seq=0, DataStream, Message:<EMPTY>, logEntry=null
2022-07-15 00:55:40,862 [pool-9-thread-14] INFO  datastream.DataStreamTestUtils (DataStreamTestUtils.java:writeAndCloseAndAssertReplies(320)) - Stream395: bytesWritten=7152144
2022-07-15 00:55:40,863 [s2-client-thread2] INFO  statemachine.StateMachine (DataStreamTestUtils.java:link(157)) - link SingleDataStream: writeRequest=RaftClientRequest:client-BFC400F994BF->s1@group-D993EBE7FE70, cid=395, seq=0, DataStream, Message:<EMPTY>, logEntry=null
2022-07-15 00:55:40,864 [s1-server-thread1] INFO  statemachine.StateMachine (DataStreamTestUtils.java:link(157)) - link SingleDataStream: writeRequest=RaftClientRequest:client-BFC400F994BF->s1@group-D993EBE7FE70, cid=395, seq=0, DataStream, Message:<EMPTY>, logEntry=null
2022-07-15 00:55:40,883 [s0-server-thread2] INFO  statemachine.StateMachine (DataStreamTestUtils.java:link(157)) - link SingleDataStream: writeRequest=RaftClientRequest:client-BFC400F994BF->s1@group-D993EBE7FE70, cid=394, seq=0, DataStream, Message:<EMPTY>, logEntry=null
2022-07-15 00:55:40,993 [pool-9-thread-10] INFO  datastream.DataStreamTestUtils (DataStreamTestUtils.java:writeAndCloseAndAssertReplies(320)) - Stream393: bytesWritten=7988839
2022-07-15 00:55:40,996 [s2-client-thread2] INFO  statemachine.StateMachine (DataStreamTestUtils.java:link(157)) - link SingleDataStream: writeRequest=RaftClientRequest:client-BFC400F994BF->s1@group-D993EBE7FE70, cid=393, seq=0, DataStream, Message:<EMPTY>, logEntry=null
2022-07-15 00:55:40,997 [pool-9-thread-16] INFO  datastream.DataStreamTestUtils (DataStreamTestUtils.java:writeAndCloseAndAssertReplies(311)) - start Stream397
2022-07-15 00:55:41,033 [pool-9-thread-11] INFO  datastream.DataStreamTestUtils (DataStreamTestUtils.java:writeAndCloseAndAssertReplies(311)) - start Stream398
2022-07-15 00:55:41,088 [pool-9-thread-14] INFO  datastream.DataStreamTestUtils (DataStreamTestUtils.java:writeAndCloseAndAssertReplies(311)) - start Stream399
2022-07-15 00:55:41,130 [s0-server-thread2] INFO  statemachine.StateMachine (DataStreamTestUtils.java:link(157)) - link SingleDataStream: writeRequest=RaftClientRequest:client-BFC400F994BF->s1@group-D993EBE7FE70, cid=396, seq=0, DataStream, Message:<EMPTY>, logEntry=null
2022-07-15 00:55:41,130 [s0-server-thread2] INFO  statemachine.StateMachine (DataStreamTestUtils.java:link(157)) - link SingleDataStream: writeRequest=RaftClientRequest:client-BFC400F994BF->s1@group-D993EBE7FE70, cid=395, seq=0, DataStream, Message:<EMPTY>, logEntry=null
2022-07-15 00:55:41,131 [s0-server-thread2] INFO  statemachine.StateMachine (DataStreamTestUtils.java:link(157)) - link SingleDataStream: writeRequest=RaftClientRequest:client-BFC400F994BF->s1@group-D993EBE7FE70, cid=393, seq=0, DataStream, Message:<EMPTY>, logEntry=null
2022-07-15 00:55:41,202 [pool-9-thread-11] INFO  datastream.DataStreamTestUtils (DataStreamTestUtils.java:writeAndCloseAndAssertReplies(320)) - Stream398: bytesWritten=7693199
2022-07-15 00:55:41,203 [pool-9-thread-16] INFO  datastream.DataStreamTestUtils (DataStreamTestUtils.java:writeAndCloseAndAssertReplies(320)) - Stream397: bytesWritten=7886337
2022-07-15 00:55:41,207 [s2-client-thread2] INFO  statemachine.StateMachine (DataStreamTestUtils.java:link(157)) - link SingleDataStream: writeRequest=RaftClientRequest:client-BFC400F994BF->s1@group-D993EBE7FE70, cid=398, seq=0, DataStream, Message:<EMPTY>, logEntry=null
2022-07-15 00:55:41,208 [s0-server-thread2] INFO  statemachine.StateMachine (DataStreamTestUtils.java:link(157)) - link SingleDataStream: writeRequest=RaftClientRequest:client-BFC400F994BF->s1@group-D993EBE7FE70, cid=398, seq=0, DataStream, Message:<EMPTY>, logEntry=null
2022-07-15 00:55:41,213 [s2-client-thread2] INFO  statemachine.StateMachine (DataStreamTestUtils.java:link(157)) - link SingleDataStream: writeRequest=RaftClientRequest:client-BFC400F994BF->s1@group-D993EBE7FE70, cid=397, seq=0, DataStream, Message:<EMPTY>, logEntry=null
2022-07-15 00:55:41,213 [s0-server-thread2] INFO  statemachine.StateMachine (DataStreamTestUtils.java:link(157)) - link SingleDataStream: writeRequest=RaftClientRequest:client-BFC400F994BF->s1@group-D993EBE7FE70, cid=397, seq=0, DataStream, Message:<EMPTY>, logEntry=null
2022-07-15 00:55:41,246 [s1-server-thread1] INFO  statemachine.StateMachine (DataStreamTestUtils.java:link(157)) - link SingleDataStream: writeRequest=RaftClientRequest:client-BFC400F994BF->s1@group-D993EBE7FE70, cid=393, seq=0, DataStream, Message:<EMPTY>, logEntry=null
2022-07-15 00:55:41,287 [pool-9-thread-10] INFO  datastream.DataStreamTestUtils (DataStreamTestUtils.java:writeAndCloseAndAssertReplies(311)) - start Stream400
2022-07-15 00:55:41,334 [pool-9-thread-11] INFO  datastream.DataStreamTestUtils (DataStreamTestUtils.java:writeAndCloseAndAssertReplies(311)) - start Stream401
2022-07-15 00:55:41,339 [pool-9-thread-16] INFO  datastream.DataStreamTestUtils (DataStreamTestUtils.java:writeAndCloseAndAssertReplies(311)) - start Stream402
2022-07-15 00:55:41,352 [pool-9-thread-14] INFO  datastream.DataStreamTestUtils (DataStreamTestUtils.java:writeAndCloseAndAssertReplies(320)) - Stream399: bytesWritten=8197909
2022-07-15 00:55:41,353 [s1-server-thread1] INFO  statemachine.StateMachine (DataStreamTestUtils.java:link(157)) - link SingleDataStream: writeRequest=RaftClientRequest:client-BFC400F994BF->s1@group-D993EBE7FE70, cid=398, seq=0, DataStream, Message:<EMPTY>, logEntry=null
2022-07-15 00:55:41,354 [s1-server-thread1] INFO  statemachine.StateMachine (DataStreamTestUtils.java:link(157)) - link SingleDataStream: writeRequest=RaftClientRequest:client-BFC400F994BF->s1@group-D993EBE7FE70, cid=397, seq=0, DataStream, Message:<EMPTY>, logEntry=null
2022-07-15 00:55:41,403 [pool-9-thread-8] INFO  datastream.DataStreamTestUtils (DataStreamTestUtils.java:writeAndCloseAndAssertReplies(311)) - start Stream403
2022-07-15 00:55:41,453 [pool-9-thread-10] INFO  datastream.DataStreamTestUtils (DataStreamTestUtils.java:writeAndCloseAndAssertReplies(320)) - Stream400: bytesWritten=8034615
2022-07-15 00:55:41,559 [s2-client-thread2] INFO  statemachine.StateMachine (DataStreamTestUtils.java:link(157)) - link SingleDataStream: writeRequest=RaftClientRequest:client-20D437BD6DCD->s0@group-D993EBE7FE70, cid=399, seq=0, DataStream, Message:<EMPTY>, logEntry=null
2022-07-15 00:55:41,560 [s0-server-thread2] INFO  statemachine.StateMachine (DataStreamTestUtils.java:link(157)) - link SingleDataStream: writeRequest=RaftClientRequest:client-20D437BD6DCD->s0@group-D993EBE7FE70, cid=399, seq=0, DataStream, Message:<EMPTY>, logEntry=null
2022-07-15 00:55:41,560 [s1-server-thread1] INFO  statemachine.StateMachine (DataStreamTestUtils.java:link(157)) - link SingleDataStream: writeRequest=RaftClientRequest:client-20D437BD6DCD->s0@group-D993EBE7FE70, cid=399, seq=0, DataStream, Message:<EMPTY>, logEntry=null
2022-07-15 00:55:41,588 [pool-9-thread-11] INFO  datastream.DataStreamTestUtils (DataStreamTestUtils.java:writeAndCloseAndAssertReplies(320)) - Stream401: bytesWritten=7892040
2022-07-15 00:55:41,591 [pool-9-thread-16] INFO  datastream.DataStreamTestUtils (DataStreamTestUtils.java:writeAndCloseAndAssertReplies(320)) - Stream402: bytesWritten=7277046
2022-07-15 00:55:41,619 [s2-client-thread2] INFO  statemachine.StateMachine (DataStreamTestUtils.java:link(157)) - link SingleDataStream: writeRequest=RaftClientRequest:client-20D437BD6DCD->s0@group-D993EBE7FE70, cid=400, seq=0, DataStream, Message:<EMPTY>, logEntry=null
2022-07-15 00:55:41,622 [pool-9-thread-14] INFO  datastream.DataStreamTestUtils (DataStreamTestUtils.java:writeAndCloseAndAssertReplies(311)) - start Stream404
2022-07-15 00:55:41,623 [s0-server-thread2] INFO  statemachine.StateMachine (DataStreamTestUtils.java:link(157)) - link SingleDataStream: writeRequest=RaftClientRequest:client-20D437BD6DCD->s0@group-D993EBE7FE70, cid=400, seq=0, DataStream, Message:<EMPTY>, logEntry=null
2022-07-15 00:55:41,624 [s2-client-thread2] INFO  statemachine.StateMachine (DataStreamTestUtils.java:link(157)) - link SingleDataStream: writeRequest=RaftClientRequest:client-20D437BD6DCD->s0@group-D993EBE7FE70, cid=401, seq=0, DataStream, Message:<EMPTY>, logEntry=null
2022-07-15 00:55:41,625 [s2-client-thread2] INFO  statemachine.StateMachine (DataStreamTestUtils.java:link(157)) - link SingleDataStream: writeRequest=RaftClientRequest:client-20D437BD6DCD->s0@group-D993EBE7FE70, cid=402, seq=0, DataStream, Message:<EMPTY>, logEntry=null
2022-07-15 00:55:41,631 [s0-server-thread2] INFO  statemachine.StateMachine (DataStreamTestUtils.java:link(157)) - link SingleDataStream: writeRequest=RaftClientRequest:client-20D437BD6DCD->s0@group-D993EBE7FE70, cid=401, seq=0, DataStream, Message:<EMPTY>, logEntry=null
2022-07-15 00:55:41,631 [s0-server-thread2] INFO  statemachine.StateMachine (DataStreamTestUtils.java:link(157)) - link SingleDataStream: writeRequest=RaftClientRequest:client-20D437BD6DCD->s0@group-D993EBE7FE70, cid=402, seq=0, DataStream, Message:<EMPTY>, logEntry=null
2022-07-15 00:55:41,649 [pool-9-thread-8] INFO  datastream.DataStreamTestUtils (DataStreamTestUtils.java:writeAndCloseAndAssertReplies(320)) - Stream403: bytesWritten=7500144
2022-07-15 00:55:41,650 [s1-server-thread1] INFO  statemachine.StateMachine (DataStreamTestUtils.java:link(157)) - link SingleDataStream: writeRequest=RaftClientRequest:client-20D437BD6DCD->s0@group-D993EBE7FE70, cid=400, seq=0, DataStream, Message:<EMPTY>, logEntry=null
2022-07-15 00:55:41,650 [s1-server-thread1] INFO  statemachine.StateMachine (DataStreamTestUtils.java:link(157)) - link SingleDataStream: writeRequest=RaftClientRequest:client-20D437BD6DCD->s0@group-D993EBE7FE70, cid=401, seq=0, DataStream, Message:<EMPTY>, logEntry=null
2022-07-15 00:55:41,651 [s1-server-thread1] INFO  statemachine.StateMachine (DataStreamTestUtils.java:link(157)) - link SingleDataStream: writeRequest=RaftClientRequest:client-20D437BD6DCD->s0@group-D993EBE7FE70, cid=402, seq=0, DataStream, Message:<EMPTY>, logEntry=null
2022-07-15 00:55:41,657 [s2-client-thread2] INFO  statemachine.StateMachine (DataStreamTestUtils.java:link(157)) - link SingleDataStream: writeRequest=RaftClientRequest:client-20D437BD6DCD->s0@group-D993EBE7FE70, cid=403, seq=0, DataStream, Message:<EMPTY>, logEntry=null
2022-07-15 00:55:41,658 [s0-server-thread2] INFO  statemachine.StateMachine (DataStreamTestUtils.java:link(157)) - link SingleDataStream: writeRequest=RaftClientRequest:client-20D437BD6DCD->s0@group-D993EBE7FE70, cid=403, seq=0, DataStream, Message:<EMPTY>, logEntry=null
2022-07-15 00:55:41,658 [s1-server-thread1] INFO  statemachine.StateMachine (DataStreamTestUtils.java:link(157)) - link SingleDataStream: writeRequest=RaftClientRequest:client-20D437BD6DCD->s0@group-D993EBE7FE70, cid=403, seq=0, DataStream, Message:<EMPTY>, logEntry=null
2022-07-15 00:55:41,663 [pool-9-thread-10] INFO  datastream.DataStreamTestUtils (DataStreamTestUtils.java:writeAndCloseAndAssertReplies(311)) - start Stream405
2022-07-15 00:55:41,711 [pool-9-thread-11] INFO  datastream.DataStreamTestUtils (DataStreamTestUtils.java:writeAndCloseAndAssertReplies(311)) - start Stream406
2022-07-15 00:55:41,712 [pool-9-thread-16] INFO  datastream.DataStreamTestUtils (DataStreamTestUtils.java:writeAndCloseAndAssertReplies(311)) - start Stream407
2022-07-15 00:55:41,834 [pool-9-thread-8] INFO  datastream.DataStreamTestUtils (DataStreamTestUtils.java:writeAndCloseAndAssertReplies(311)) - start Stream381
2022-07-15 00:55:41,914 [pool-9-thread-10] INFO  datastream.DataStreamTestUtils (DataStreamTestUtils.java:writeAndCloseAndAssertReplies(320)) - Stream405: bytesWritten=7950098
2022-07-15 00:55:41,921 [s2-client-thread2] INFO  statemachine.StateMachine (DataStreamTestUtils.java:link(157)) - link SingleDataStream: writeRequest=RaftClientRequest:client-20D437BD6DCD->s0@group-D993EBE7FE70, cid=405, seq=0, DataStream, Message:<EMPTY>, logEntry=null
2022-07-15 00:55:41,928 [pool-9-thread-14] INFO  datastream.DataStreamTestUtils (DataStreamTestUtils.java:writeAndCloseAndAssertReplies(320)) - Stream404: bytesWritten=6898898
2022-07-15 00:55:41,931 [s2-client-thread2] INFO  statemachine.StateMachine (DataStreamTestUtils.java:link(157)) - link SingleDataStream: writeRequest=RaftClientRequest:client-20D437BD6DCD->s0@group-D993EBE7FE70, cid=404, seq=0, DataStream, Message:<EMPTY>, logEntry=null
2022-07-15 00:55:41,964 [s1-server-thread1] INFO  statemachine.StateMachine (DataStreamTestUtils.java:link(157)) - link SingleDataStream: writeRequest=RaftClientRequest:client-20D437BD6DCD->s0@group-D993EBE7FE70, cid=405, seq=0, DataStream, Message:<EMPTY>, logEntry=null
2022-07-15 00:55:41,964 [s1-server-thread1] INFO  statemachine.StateMachine (DataStreamTestUtils.java:link(157)) - link SingleDataStream: writeRequest=RaftClientRequest:client-20D437BD6DCD->s0@group-D993EBE7FE70, cid=404, seq=0, DataStream, Message:<EMPTY>, logEntry=null
2022-07-15 00:55:41,965 [pool-9-thread-11] INFO  datastream.DataStreamTestUtils (DataStreamTestUtils.java:writeAndCloseAndAssertReplies(320)) - Stream406: bytesWritten=6757864
2022-07-15 00:55:41,968 [s0-server-thread2] INFO  statemachine.StateMachine (DataStreamTestUtils.java:link(157)) - link SingleDataStream: writeRequest=RaftClientRequest:client-20D437BD6DCD->s0@group-D993EBE7FE70, cid=405, seq=0, DataStream, Message:<EMPTY>, logEntry=null
2022-07-15 00:55:41,972 [s2-client-thread2] INFO  statemachine.StateMachine (DataStreamTestUtils.java:link(157)) - link SingleDataStream: writeRequest=RaftClientRequest:client-20D437BD6DCD->s0@group-D993EBE7FE70, cid=406, seq=0, DataStream, Message:<EMPTY>, logEntry=null
2022-07-15 00:55:41,975 [s1-server-thread1] INFO  statemachine.StateMachine (DataStreamTestUtils.java:link(157)) - link SingleDataStream: writeRequest=RaftClientRequest:client-20D437BD6DCD->s0@group-D993EBE7FE70, cid=406, seq=0, DataStream, Message:<EMPTY>, logEntry=null
2022-07-15 00:55:41,979 [pool-9-thread-10] INFO  datastream.DataStreamTestUtils (DataStreamTestUtils.java:writeAndCloseAndAssertReplies(311)) - start Stream409
2022-07-15 00:55:41,980 [s0-server-thread2] INFO  statemachine.StateMachine (DataStreamTestUtils.java:link(157)) - link SingleDataStream: writeRequest=RaftClientRequest:client-20D437BD6DCD->s0@group-D993EBE7FE70, cid=404, seq=0, DataStream, Message:<EMPTY>, logEntry=null
2022-07-15 00:55:41,981 [s0-server-thread2] INFO  statemachine.StateMachine (DataStreamTestUtils.java:link(157)) - link SingleDataStream: writeRequest=RaftClientRequest:client-20D437BD6DCD->s0@group-D993EBE7FE70, cid=406, seq=0, DataStream, Message:<EMPTY>, logEntry=null
2022-07-15 00:55:42,139 [pool-9-thread-14] INFO  datastream.DataStreamTestUtils (DataStreamTestUtils.java:writeAndCloseAndAssertReplies(311)) - start Stream410
2022-07-15 00:55:42,160 [pool-9-thread-11] INFO  datastream.DataStreamTestUtils (DataStreamTestUtils.java:writeAndCloseAndAssertReplies(311)) - start Stream411
2022-07-15 00:55:42,280 [pool-9-thread-8] INFO  datastream.DataStreamTestUtils (DataStreamTestUtils.java:writeAndCloseAndAssertReplies(320)) - Stream381: bytesWritten=7251924
2022-07-15 00:55:42,294 [pool-9-thread-16] INFO  datastream.DataStreamTestUtils (DataStreamTestUtils.java:writeAndCloseAndAssertReplies(320)) - Stream407: bytesWritten=8047663
2022-07-15 00:55:42,305 [s2-client-thread2] INFO  statemachine.StateMachine (DataStreamTestUtils.java:link(157)) - link SingleDataStream: writeRequest=RaftClientRequest:client-20D437BD6DCD->s0@group-D993EBE7FE70, cid=407, seq=0, DataStream, Message:<EMPTY>, logEntry=null
2022-07-15 00:55:42,349 [pool-9-thread-10] INFO  datastream.DataStreamTestUtils (DataStreamTestUtils.java:writeAndCloseAndAssertReplies(320)) - Stream409: bytesWritten=7854673
2022-07-15 00:55:42,397 [s1-server-thread1] INFO  statemachine.StateMachine (DataStreamTestUtils.java:link(157)) - link SingleDataStream: writeRequest=RaftClientRequest:client-20D437BD6DCD->s0@group-D993EBE7FE70, cid=407, seq=0, DataStream, Message:<EMPTY>, logEntry=null
2022-07-15 00:55:42,412 [s0-server-thread2] INFO  statemachine.StateMachine (DataStreamTestUtils.java:link(157)) - link SingleDataStream: writeRequest=RaftClientRequest:client-20D437BD6DCD->s0@group-D993EBE7FE70, cid=407, seq=0, DataStream, Message:<EMPTY>, logEntry=null
2022-07-15 00:55:42,418 [pool-9-thread-11] INFO  datastream.DataStreamTestUtils (DataStreamTestUtils.java:writeAndCloseAndAssertReplies(320)) - Stream411: bytesWritten=7141178
2022-07-15 00:55:42,421 [pool-9-thread-14] INFO  datastream.DataStreamTestUtils (DataStreamTestUtils.java:writeAndCloseAndAssertReplies(320)) - Stream410: bytesWritten=7012753
2022-07-15 00:55:42,429 [pool-9-thread-16] INFO  datastream.DataStreamTestUtils (DataStreamTestUtils.java:writeAndCloseAndAssertReplies(311)) - start Stream412
2022-07-15 00:55:42,473 [s2-client-thread2] INFO  statemachine.StateMachine (DataStreamTestUtils.java:link(157)) - link SingleDataStream: writeRequest=RaftClientRequest:client-1ABABDE5B38F->s2@group-D993EBE7FE70, cid=381, seq=0, DataStream, Message:<EMPTY>, logEntry=null
2022-07-15 00:55:42,474 [s0-server-thread2] INFO  statemachine.StateMachine (DataStreamTestUtils.java:link(157)) - link SingleDataStream: writeRequest=RaftClientRequest:client-1ABABDE5B38F->s2@group-D993EBE7FE70, cid=381, seq=0, DataStream, Message:<EMPTY>, logEntry=null
2022-07-15 00:55:42,475 [s1-server-thread1] INFO  statemachine.StateMachine (DataStreamTestUtils.java:link(157)) - link SingleDataStream: writeRequest=RaftClientRequest:client-1ABABDE5B38F->s2@group-D993EBE7FE70, cid=381, seq=0, DataStream, Message:<EMPTY>, logEntry=null
2022-07-15 00:55:42,475 [s2-client-thread2] INFO  statemachine.StateMachine (DataStreamTestUtils.java:link(157)) - link SingleDataStream: writeRequest=RaftClientRequest:client-1ABABDE5B38F->s2@group-D993EBE7FE70, cid=409, seq=0, DataStream, Message:<EMPTY>, logEntry=null
2022-07-15 00:55:42,476 [s2-client-thread2] INFO  statemachine.StateMachine (DataStreamTestUtils.java:link(157)) - link SingleDataStream: writeRequest=RaftClientRequest:client-1ABABDE5B38F->s2@group-D993EBE7FE70, cid=411, seq=0, DataStream, Message:<EMPTY>, logEntry=null
2022-07-15 00:55:42,477 [s2-client-thread2] INFO  statemachine.StateMachine (DataStreamTestUtils.java:link(157)) - link SingleDataStream: writeRequest=RaftClientRequest:client-1ABABDE5B38F->s2@group-D993EBE7FE70, cid=410, seq=0, DataStream, Message:<EMPTY>, logEntry=null
2022-07-15 00:55:42,482 [pool-9-thread-7] INFO  datastream.DataStreamTestUtils (DataStreamTestUtils.java:writeAndCloseAndAssertReplies(311)) - start Stream413
2022-07-15 00:55:42,485 [s0-server-thread2] INFO  statemachine.StateMachine (DataStreamTestUtils.java:link(157)) - link SingleDataStream: writeRequest=RaftClientRequest:client-1ABABDE5B38F->s2@group-D993EBE7FE70, cid=409, seq=0, DataStream, Message:<EMPTY>, logEntry=null
2022-07-15 00:55:42,486 [s1-server-thread1] INFO  statemachine.StateMachine (DataStreamTestUtils.java:link(157)) - link SingleDataStream: writeRequest=RaftClientRequest:client-1ABABDE5B38F->s2@group-D993EBE7FE70, cid=409, seq=0, DataStream, Message:<EMPTY>, logEntry=null
2022-07-15 00:55:42,486 [s1-server-thread1] INFO  statemachine.StateMachine (DataStreamTestUtils.java:link(157)) - link SingleDataStream: writeRequest=RaftClientRequest:client-1ABABDE5B38F->s2@group-D993EBE7FE70, cid=411, seq=0, DataStream, Message:<EMPTY>, logEntry=null
2022-07-15 00:55:42,488 [s0-server-thread2] INFO  statemachine.StateMachine (DataStreamTestUtils.java:link(157)) - link SingleDataStream: writeRequest=RaftClientRequest:client-1ABABDE5B38F->s2@group-D993EBE7FE70, cid=411, seq=0, DataStream, Message:<EMPTY>, logEntry=null
2022-07-15 00:55:42,488 [s0-server-thread2] INFO  statemachine.StateMachine (DataStreamTestUtils.java:link(157)) - link SingleDataStream: writeRequest=RaftClientRequest:client-1ABABDE5B38F->s2@group-D993EBE7FE70, cid=410, seq=0, DataStream, Message:<EMPTY>, logEntry=null
2022-07-15 00:55:42,489 [s1-server-thread1] INFO  statemachine.StateMachine (DataStreamTestUtils.java:link(157)) - link SingleDataStream: writeRequest=RaftClientRequest:client-1ABABDE5B38F->s2@group-D993EBE7FE70, cid=410, seq=0, DataStream, Message:<EMPTY>, logEntry=null
2022-07-15 00:55:42,498 [pool-9-thread-8] INFO  datastream.DataStreamTestUtils (DataStreamTestUtils.java:writeAndCloseAndAssertReplies(311)) - start Stream414
2022-07-15 00:55:42,500 [pool-9-thread-10] INFO  datastream.DataStreamTestUtils (DataStreamTestUtils.java:writeAndCloseAndAssertReplies(311)) - start Stream415
2022-07-15 00:55:42,504 [pool-9-thread-11] INFO  datastream.DataStreamTestUtils (DataStreamTestUtils.java:writeAndCloseAndAssertReplies(311)) - start Stream416
2022-07-15 00:55:42,506 [pool-9-thread-14] INFO  datastream.DataStreamTestUtils (DataStreamTestUtils.java:writeAndCloseAndAssertReplies(311)) - start Stream417
2022-07-15 00:55:42,692 [pool-9-thread-16] INFO  datastream.DataStreamTestUtils (DataStreamTestUtils.java:writeAndCloseAndAssertReplies(320)) - Stream412: bytesWritten=7756373
2022-07-15 00:55:42,699 [s2-client-thread2] INFO  statemachine.StateMachine (DataStreamTestUtils.java:link(157)) - link SingleDataStream: writeRequest=RaftClientRequest:client-1ABABDE5B38F->s2@group-D993EBE7FE70, cid=412, seq=0, DataStream, Message:<EMPTY>, logEntry=null
2022-07-15 00:55:42,700 [s0-server-thread2] INFO  statemachine.StateMachine (DataStreamTestUtils.java:link(157)) - link SingleDataStream: writeRequest=RaftClientRequest:client-1ABABDE5B38F->s2@group-D993EBE7FE70, cid=412, seq=0, DataStream, Message:<EMPTY>, logEntry=null
2022-07-15 00:55:42,701 [s1-server-thread1] INFO  statemachine.StateMachine (DataStreamTestUtils.java:link(157)) - link SingleDataStream: writeRequest=RaftClientRequest:client-1ABABDE5B38F->s2@group-D993EBE7FE70, cid=412, seq=0, DataStream, Message:<EMPTY>, logEntry=null
2022-07-15 00:55:42,746 [pool-9-thread-16] INFO  datastream.DataStreamTestUtils (DataStreamTestUtils.java:writeAndCloseAndAssertReplies(311)) - start Stream408
2022-07-15 00:55:42,847 [pool-9-thread-8] INFO  datastream.DataStreamTestUtils (DataStreamTestUtils.java:writeAndCloseAndAssertReplies(320)) - Stream414: bytesWritten=7808452
2022-07-15 00:55:42,859 [s2-client-thread2] INFO  statemachine.StateMachine (DataStreamTestUtils.java:link(157)) - link SingleDataStream: writeRequest=RaftClientRequest:client-1ABABDE5B38F->s2@group-D993EBE7FE70, cid=414, seq=0, DataStream, Message:<EMPTY>, logEntry=null
2022-07-15 00:55:42,870 [pool-9-thread-10] INFO  datastream.DataStreamTestUtils (DataStreamTestUtils.java:writeAndCloseAndAssertReplies(320)) - Stream415: bytesWritten=7911200
2022-07-15 00:55:42,878 [s2-client-thread2] INFO  statemachine.StateMachine (DataStreamTestUtils.java:link(157)) - link SingleDataStream: writeRequest=RaftClientRequest:client-1ABABDE5B38F->s2@group-D993EBE7FE70, cid=415, seq=0, DataStream, Message:<EMPTY>, logEntry=null
2022-07-15 00:55:42,883 [pool-9-thread-14] INFO  datastream.DataStreamTestUtils (DataStreamTestUtils.java:writeAndCloseAndAssertReplies(320)) - Stream417: bytesWritten=7097863
2022-07-15 00:55:42,885 [s2-client-thread2] INFO  statemachine.StateMachine (DataStreamTestUtils.java:link(157)) - link SingleDataStream: writeRequest=RaftClientRequest:client-1ABABDE5B38F->s2@group-D993EBE7FE70, cid=417, seq=0, DataStream, Message:<EMPTY>, logEntry=null
2022-07-15 00:55:42,897 [pool-9-thread-11] INFO  datastream.DataStreamTestUtils (DataStreamTestUtils.java:writeAndCloseAndAssertReplies(320)) - Stream416: bytesWritten=7212077
2022-07-15 00:55:42,898 [pool-9-thread-7] INFO  datastream.DataStreamTestUtils (DataStreamTestUtils.java:writeAndCloseAndAssertReplies(320)) - Stream413: bytesWritten=6887503
2022-07-15 00:55:42,903 [s2-client-thread2] INFO  statemachine.StateMachine (DataStreamTestUtils.java:link(157)) - link SingleDataStream: writeRequest=RaftClientRequest:client-1ABABDE5B38F->s2@group-D993EBE7FE70, cid=413, seq=0, DataStream, Message:<EMPTY>, logEntry=null
2022-07-15 00:55:42,904 [s2-client-thread2] INFO  statemachine.StateMachine (DataStreamTestUtils.java:link(157)) - link SingleDataStream: writeRequest=RaftClientRequest:client-1ABABDE5B38F->s2@group-D993EBE7FE70, cid=416, seq=0, DataStream, Message:<EMPTY>, logEntry=null
2022-07-15 00:55:42,907 [s0-server-thread2] INFO  statemachine.StateMachine (DataStreamTestUtils.java:link(157)) - link SingleDataStream: writeRequest=RaftClientRequest:client-1ABABDE5B38F->s2@group-D993EBE7FE70, cid=414, seq=0, DataStream, Message:<EMPTY>, logEntry=null
2022-07-15 00:55:42,973 [s1-server-thread1] INFO  statemachine.StateMachine (DataStreamTestUtils.java:link(157)) - link SingleDataStream: writeRequest=RaftClientRequest:client-1ABABDE5B38F->s2@group-D993EBE7FE70, cid=414, seq=0, DataStream, Message:<EMPTY>, logEntry=null
2022-07-15 00:55:42,974 [s1-server-thread1] INFO  statemachine.StateMachine (DataStreamTestUtils.java:link(157)) - link SingleDataStream: writeRequest=RaftClientRequest:client-1ABABDE5B38F->s2@group-D993EBE7FE70, cid=415, seq=0, DataStream, Message:<EMPTY>, logEntry=null
2022-07-15 00:55:42,975 [s1-server-thread1] INFO  statemachine.StateMachine (DataStreamTestUtils.java:link(157)) - link SingleDataStream: writeRequest=RaftClientRequest:client-1ABABDE5B38F->s2@group-D993EBE7FE70, cid=417, seq=0, DataStream, Message:<EMPTY>, logEntry=null
2022-07-15 00:55:42,978 [pool-9-thread-16] INFO  datastream.DataStreamTestUtils (DataStreamTestUtils.java:writeAndCloseAndAssertReplies(320)) - Stream408: bytesWritten=7459800
2022-07-15 00:55:42,979 [s1-server-thread1] INFO  statemachine.StateMachine (DataStreamTestUtils.java:link(157)) - link SingleDataStream: writeRequest=RaftClientRequest:client-1ABABDE5B38F->s2@group-D993EBE7FE70, cid=413, seq=0, DataStream, Message:<EMPTY>, logEntry=null
2022-07-15 00:55:42,980 [s1-server-thread1] INFO  statemachine.StateMachine (DataStreamTestUtils.java:link(157)) - link SingleDataStream: writeRequest=RaftClientRequest:client-1ABABDE5B38F->s2@group-D993EBE7FE70, cid=416, seq=0, DataStream, Message:<EMPTY>, logEntry=null
2022-07-15 00:55:42,983 [pool-9-thread-8] INFO  datastream.DataStreamTestUtils (DataStreamTestUtils.java:writeAndCloseAndAssertReplies(311)) - start Stream418
2022-07-15 00:55:42,988 [s0-server-thread2] INFO  statemachine.StateMachine (DataStreamTestUtils.java:link(157)) - link SingleDataStream: writeRequest=RaftClientRequest:client-1ABABDE5B38F->s2@group-D993EBE7FE70, cid=415, seq=0, DataStream, Message:<EMPTY>, logEntry=null
2022-07-15 00:55:42,995 [s0-server-thread2] INFO  statemachine.StateMachine (DataStreamTestUtils.java:link(157)) - link SingleDataStream: writeRequest=RaftClientRequest:client-1ABABDE5B38F->s2@group-D993EBE7FE70, cid=417, seq=0, DataStream, Message:<EMPTY>, logEntry=null
2022-07-15 00:55:43,000 [pool-9-thread-10] INFO  datastream.DataStreamTestUtils (DataStreamTestUtils.java:writeAndCloseAndAssertReplies(311)) - start Stream419
2022-07-15 00:55:43,002 [pool-9-thread-14] INFO  datastream.DataStreamTestUtils (DataStreamTestUtils.java:writeAndCloseAndAssertReplies(311)) - start Stream420
2022-07-15 00:55:43,017 [pool-9-thread-7] INFO  datastream.DataStreamTestUtils (DataStreamTestUtils.java:writeAndCloseAndAssertReplies(311)) - start Stream421
2022-07-15 00:55:43,017 [s0-server-thread2] INFO  statemachine.StateMachine (DataStreamTestUtils.java:link(157)) - link SingleDataStream: writeRequest=RaftClientRequest:client-1ABABDE5B38F->s2@group-D993EBE7FE70, cid=413, seq=0, DataStream, Message:<EMPTY>, logEntry=null
2022-07-15 00:55:43,031 [s0-server-thread2] INFO  statemachine.StateMachine (DataStreamTestUtils.java:link(157)) - link SingleDataStream: writeRequest=RaftClientRequest:client-1ABABDE5B38F->s2@group-D993EBE7FE70, cid=416, seq=0, DataStream, Message:<EMPTY>, logEntry=null
2022-07-15 00:55:43,959 [s2@group-D993EBE7FE70-LeaderStateImpl] WARN  server.RaftServer$Division (LeaderStateImpl.java:checkLeadership(1019)) - s2@group-D993EBE7FE70-LeaderStateImpl: Lost leadership on term: 2. Election timeout: 300ms. In charge for: 7492ms. Conf: 3: peers:[s0|rpc:localhost:45051|admin:localhost:42977|client:localhost:45097|dataStream:localhost:39217|priority:0|startupRole:FOLLOWER, s1|rpc:localhost:44071|admin:localhost:40507|client:localhost:38061|dataStream:localhost:38397|priority:0|startupRole:FOLLOWER, s2|rpc:localhost:38005|admin:localhost:46397|client:localhost:45965|dataStream:localhost:35133|priority:0|startupRole:FOLLOWER]|listeners:[], old=null
2022-07-15 00:55:43,959 [s2@group-D993EBE7FE70-LeaderStateImpl] WARN  server.RaftServer$Division (LeaderStateImpl.java:lambda$checkLeadership$17(1023)) - Follower s2@group-D993EBE7FE70->s0(c64,m66,n75, attendVote=true, lastRpcSendTime=895, lastRpcResponseTime=971)
2022-07-15 00:55:43,959 [s2@group-D993EBE7FE70-LeaderStateImpl] WARN  server.RaftServer$Division (LeaderStateImpl.java:lambda$checkLeadership$17(1023)) - Follower s2@group-D993EBE7FE70->s1(c65,m69,n75, attendVote=true, lastRpcSendTime=877, lastRpcResponseTime=952)
2022-07-15 00:55:43,959 [s2@group-D993EBE7FE70-LeaderStateImpl] INFO  server.RaftServer$Division (RaftServerImpl.java:setRole(300)) - s2@group-D993EBE7FE70: changes role from    LEADER to FOLLOWER at term 2 for StepDownReason:LOST_MAJORITY_HEARTBEATS
2022-07-15 00:55:43,959 [s2@group-D993EBE7FE70-LeaderStateImpl] INFO  impl.RoleInfo (RoleInfo.java:shutdownLeaderState(93)) - s2: shutdown s2@group-D993EBE7FE70-LeaderStateImpl
2022-07-15 00:55:43,961 [org.apache.ratis.util.JvmPauseMonitor$$Lambda$278/1607806434@6ca48ff5] WARN  util.JvmPauseMonitor (JvmPauseMonitor.java:detectPause(124)) - JvmPauseMonitor-s2: Detected pause in JVM or host machine (eg GC): pause of approximately 749429800ns.
GC pool 'PS MarkSweep' had collection(s): count=1 time=784ms
GC pool 'PS Scavenge' had collection(s): count=1 time=61ms
2022-07-15 00:55:43,961 [org.apache.ratis.util.JvmPauseMonitor$$Lambda$278/1607806434@694246a6] WARN  util.JvmPauseMonitor (JvmPauseMonitor.java:detectPause(124)) - JvmPauseMonitor-s1: Detected pause in JVM or host machine (eg GC): pause of approximately 750007113ns.
GC pool 'PS MarkSweep' had collection(s): count=1 time=784ms
GC pool 'PS Scavenge' had collection(s): count=1 time=61ms
2022-07-15 00:55:43,962 [org.apache.ratis.util.JvmPauseMonitor$$Lambda$278/1607806434@b089a55] WARN  util.JvmPauseMonitor (JvmPauseMonitor.java:detectPause(124)) - JvmPauseMonitor-s0: Detected pause in JVM or host machine (eg GC): pause of approximately 754519713ns.
GC pool 'PS MarkSweep' had collection(s): count=1 time=784ms
GC pool 'PS Scavenge' had collection(s): count=1 time=61ms
2022-07-15 00:55:43,966 [s0@group-D993EBE7FE70-FollowerState] WARN  impl.FollowerState (FollowerState.java:run(130)) - Unexpected long sleep: sleep 299ms but took extra 758110406ns (> threshold = 300ms)
2022-07-15 00:55:43,968 [s1@group-D993EBE7FE70-FollowerState] WARN  impl.FollowerState (FollowerState.java:run(130)) - Unexpected long sleep: sleep 234ms but took extra 786059478ns (> threshold = 300ms)
2022-07-15 00:55:43,981 [grpc-default-executor-7] INFO  server.GrpcServerProtocolService (GrpcServerProtocolService.java:onCompleted(140)) - s0: Completed APPEND_ENTRIES, lastRequest: s2->s0#378-t2,previous=(t:2, i:73),leaderCommit=69,initializing? true,entries: size=1, first=(t:2, i:74), METADATAENTRY(c:69)
2022-07-15 00:55:43,982 [grpc-default-executor-0] INFO  server.GrpcLogAppender (GrpcLogAppender.java:onCompleted(340)) - s2@group-D993EBE7FE70->s0-AppendLogResponseHandler: follower responses appendEntries COMPLETED
2022-07-15 00:55:43,982 [grpc-default-executor-0] INFO  leader.FollowerInfo (FollowerInfoImpl.java:lambda$new$0(48)) - s2@group-D993EBE7FE70->s0: nextIndex: updateUnconditionally 75 -> 74
2022-07-15 00:55:43,982 [s2@group-D993EBE7FE70-LeaderStateImpl] INFO  impl.PendingRequests (PendingRequests.java:sendNotLeaderResponses(282)) - s2@group-D993EBE7FE70-PendingRequests: sendNotLeaderResponses
2022-07-15 00:55:43,994 [s2@group-D993EBE7FE70-LeaderStateImpl] INFO  impl.RoleInfo (RoleInfo.java:updateAndGet(139)) - s2: start s2@group-D993EBE7FE70-FollowerState
2022-07-15 00:55:43,994 [s2@group-D993EBE7FE70->s1-GrpcLogAppender-LogAppenderDaemon] WARN  server.GrpcLogAppender (GrpcLogAppender.java:mayWait(172)) - s2@group-D993EBE7FE70->s1-GrpcLogAppender: Wait interrupted by java.lang.InterruptedException
2022-07-15 00:55:44,005 [grpc-default-executor-1] INFO  server.GrpcServerProtocolService (GrpcServerProtocolService.java:onCompleted(140)) - s1: Completed APPEND_ENTRIES, lastRequest: s2->s1#388-t2,previous=(t:2, i:73),leaderCommit=69,initializing? true,entries: size=1, first=(t:2, i:74), METADATAENTRY(c:69)
2022-07-15 00:55:44,010 [grpc-default-executor-3] INFO  server.GrpcLogAppender (GrpcLogAppender.java:onCompleted(340)) - s2@group-D993EBE7FE70->s1-AppendLogResponseHandler: follower responses appendEntries COMPLETED
2022-07-15 00:55:44,010 [grpc-default-executor-3] INFO  leader.FollowerInfo (FollowerInfoImpl.java:lambda$new$0(48)) - s2@group-D993EBE7FE70->s1: nextIndex: updateUnconditionally 75 -> 74
2022-07-15 00:55:44,134 [pool-9-thread-7] INFO  datastream.DataStreamTestUtils (DataStreamTestUtils.java:writeAndCloseAndAssertReplies(320)) - Stream421: bytesWritten=7113675
2022-07-15 00:55:44,134 [pool-9-thread-8] INFO  datastream.DataStreamTestUtils (DataStreamTestUtils.java:writeAndCloseAndAssertReplies(320)) - Stream418: bytesWritten=7705314
2022-07-15 00:55:44,180 [pool-9-thread-10] INFO  datastream.DataStreamTestUtils (DataStreamTestUtils.java:writeAndCloseAndAssertReplies(320)) - Stream419: bytesWritten=7321359
2022-07-15 00:55:44,180 [pool-9-thread-14] INFO  datastream.DataStreamTestUtils (DataStreamTestUtils.java:writeAndCloseAndAssertReplies(320)) - Stream420: bytesWritten=7645235
2022-07-15 00:55:44,267 [s2@group-D993EBE7FE70-FollowerState] INFO  impl.FollowerState (FollowerState.java:lostMajorityHeartbeatsRecently(108)) - s2@group-D993EBE7FE70-FollowerState: Skipping leader election since it stepped down recently (elapsed = 272ms < waitTime = 10s)
2022-07-15 00:55:44,388 [s1@group-D993EBE7FE70-FollowerState] INFO  impl.FollowerState (FollowerState.java:run(143)) - s1@group-D993EBE7FE70-FollowerState: change to CANDIDATE, lastRpcElapsedTime:405693579ns, electionTimeout:203ms
2022-07-15 00:55:44,388 [s1@group-D993EBE7FE70-FollowerState] INFO  impl.RoleInfo (RoleInfo.java:shutdownFollowerState(110)) - s1: shutdown s1@group-D993EBE7FE70-FollowerState
2022-07-15 00:55:44,388 [s1@group-D993EBE7FE70-FollowerState] INFO  server.RaftServer$Division (RaftServerImpl.java:setRole(300)) - s1@group-D993EBE7FE70: changes role from  FOLLOWER to CANDIDATE at term 2 for changeToCandidate
2022-07-15 00:55:44,388 [s1@group-D993EBE7FE70-FollowerState] INFO  server.RaftServerConfigKeys (ConfUtils.java:logGet(46)) - raft.server.leaderelection.pre-vote = true (default)
2022-07-15 00:55:44,388 [s1@group-D993EBE7FE70-FollowerState] INFO  impl.RoleInfo (RoleInfo.java:updateAndGet(139)) - s1: start s1@group-D993EBE7FE70-LeaderElection5
2022-07-15 00:55:44,399 [s1@group-D993EBE7FE70-LeaderElection5] INFO  server.RaftServer$Division (ServerState.java:setLeader(313)) - s1@group-D993EBE7FE70: change Leader from s2 to null at term 2 for PRE_VOTE
2022-07-15 00:55:44,399 [s1@group-D993EBE7FE70-LeaderElection5] INFO  impl.LeaderElection (LeaderElection.java:askForVotes(310)) - s1@group-D993EBE7FE70-LeaderElection5 PRE_VOTE round 0: submit vote requests at term 2 for 3: peers:[s0|rpc:localhost:45051|admin:localhost:42977|client:localhost:45097|dataStream:localhost:39217|priority:0|startupRole:FOLLOWER, s1|rpc:localhost:44071|admin:localhost:40507|client:localhost:38061|dataStream:localhost:38397|priority:0|startupRole:FOLLOWER, s2|rpc:localhost:38005|admin:localhost:46397|client:localhost:45965|dataStream:localhost:35133|priority:0|startupRole:FOLLOWER]|listeners:[], old=null
2022-07-15 00:55:44,425 [s0@group-D993EBE7FE70-FollowerState] INFO  impl.FollowerState (FollowerState.java:run(143)) - s0@group-D993EBE7FE70-FollowerState: change to CANDIDATE, lastRpcElapsedTime:443312211ns, electionTimeout:250ms
2022-07-15 00:55:44,425 [s0@group-D993EBE7FE70-FollowerState] INFO  impl.RoleInfo (RoleInfo.java:shutdownFollowerState(110)) - s0: shutdown s0@group-D993EBE7FE70-FollowerState
2022-07-15 00:55:44,425 [s0@group-D993EBE7FE70-FollowerState] INFO  server.RaftServer$Division (RaftServerImpl.java:setRole(300)) - s0@group-D993EBE7FE70: changes role from  FOLLOWER to CANDIDATE at term 2 for changeToCandidate
2022-07-15 00:55:44,426 [s0@group-D993EBE7FE70-FollowerState] INFO  server.RaftServerConfigKeys (ConfUtils.java:logGet(46)) - raft.server.leaderelection.pre-vote = true (default)
2022-07-15 00:55:44,426 [s0@group-D993EBE7FE70-FollowerState] INFO  impl.RoleInfo (RoleInfo.java:updateAndGet(139)) - s0: start s0@group-D993EBE7FE70-LeaderElection6
2022-07-15 00:55:44,434 [s0@group-D993EBE7FE70-LeaderElection6] INFO  server.RaftServer$Division (ServerState.java:setLeader(313)) - s0@group-D993EBE7FE70: change Leader from s2 to null at term 2 for PRE_VOTE
2022-07-15 00:55:44,435 [grpc-default-executor-8] INFO  server.RaftServer$Division (RaftServerImpl.java:requestVote(1183)) - s2@group-D993EBE7FE70: receive requestVote(PRE_VOTE, s1, group-D993EBE7FE70, 2, (t:2, i:74))
2022-07-15 00:55:44,435 [grpc-default-executor-8] INFO  impl.VoteContext (VoteContext.java:log(48)) - s2@group-D993EBE7FE70-FOLLOWER: accept PRE_VOTE from s1: our priority 0 <= candidate's priority 0
2022-07-15 00:55:44,436 [grpc-default-executor-8] INFO  server.RaftServer$Division (RaftServerImpl.java:requestVote(1216)) - s2@group-D993EBE7FE70 replies to PRE_VOTE vote request: s1<-s2#0:OK-t2. Peer's state: s2@group-D993EBE7FE70:t2, leader=s2, voted=s2, raftlog=Memoized:s2@group-D993EBE7FE70-SegmentedRaftLog:OPENED:c69, conf=3: peers:[s0|rpc:localhost:45051|admin:localhost:42977|client:localhost:45097|dataStream:localhost:39217|priority:0|startupRole:FOLLOWER, s1|rpc:localhost:44071|admin:localhost:40507|client:localhost:38061|dataStream:localhost:38397|priority:0|startupRole:FOLLOWER, s2|rpc:localhost:38005|admin:localhost:46397|client:localhost:45965|dataStream:localhost:35133|priority:0|startupRole:FOLLOWER]|listeners:[], old=null
2022-07-15 00:55:44,435 [grpc-default-executor-0] INFO  server.RaftServer$Division (RaftServerImpl.java:requestVote(1183)) - s0@group-D993EBE7FE70: receive requestVote(PRE_VOTE, s1, group-D993EBE7FE70, 2, (t:2, i:74))
2022-07-15 00:55:44,439 [s1@group-D993EBE7FE70-LeaderElection5] INFO  impl.LeaderElection (LeaderElection.java:logAndReturn(90)) - s1@group-D993EBE7FE70-LeaderElection5: PRE_VOTE PASSED received 1 response(s) and 0 exception(s):
2022-07-15 00:55:44,439 [s1@group-D993EBE7FE70-LeaderElection5] INFO  impl.LeaderElection (LeaderElection.java:logAndReturn(94)) -   Response 0: s1<-s2#0:OK-t2
2022-07-15 00:55:44,439 [s1@group-D993EBE7FE70-LeaderElection5] INFO  impl.LeaderElection (LeaderElection.java:askForVotes(312)) - s1@group-D993EBE7FE70-LeaderElection5 PRE_VOTE round 0: result PASSED
2022-07-15 00:55:44,442 [s1@group-D993EBE7FE70-LeaderElection5] INFO  impl.LeaderElection (LeaderElection.java:askForVotes(310)) - s1@group-D993EBE7FE70-LeaderElection5 ELECTION round 0: submit vote requests at term 3 for 3: peers:[s0|rpc:localhost:45051|admin:localhost:42977|client:localhost:45097|dataStream:localhost:39217|priority:0|startupRole:FOLLOWER, s1|rpc:localhost:44071|admin:localhost:40507|client:localhost:38061|dataStream:localhost:38397|priority:0|startupRole:FOLLOWER, s2|rpc:localhost:38005|admin:localhost:46397|client:localhost:45965|dataStream:localhost:35133|priority:0|startupRole:FOLLOWER]|listeners:[], old=null
2022-07-15 00:55:44,450 [grpc-default-executor-8] INFO  server.RaftServer$Division (RaftServerImpl.java:requestVote(1183)) - s0@group-D993EBE7FE70: receive requestVote(ELECTION, s1, group-D993EBE7FE70, 3, (t:2, i:74))
2022-07-15 00:55:44,450 [grpc-default-executor-8] INFO  impl.VoteContext (VoteContext.java:log(48)) - s0@group-D993EBE7FE70-CANDIDATE: accept ELECTION from s1: our priority 0 <= candidate's priority 0
2022-07-15 00:55:44,450 [grpc-default-executor-8] INFO  server.RaftServer$Division (RaftServerImpl.java:setRole(300)) - s0@group-D993EBE7FE70: changes role from CANDIDATE to FOLLOWER at term 3 for candidate:s1
2022-07-15 00:55:44,450 [grpc-default-executor-8] INFO  impl.RoleInfo (RoleInfo.java:shutdownLeaderElection(130)) - s0: shutdown s0@group-D993EBE7FE70-LeaderElection6
2022-07-15 00:55:44,450 [grpc-default-executor-8] INFO  impl.RoleInfo (RoleInfo.java:updateAndGet(139)) - s0: start s0@group-D993EBE7FE70-FollowerState
2022-07-15 00:55:44,451 [grpc-default-executor-2] INFO  server.RaftServer$Division (RaftServerImpl.java:requestVote(1183)) - s2@group-D993EBE7FE70: receive requestVote(ELECTION, s1, group-D993EBE7FE70, 3, (t:2, i:74))
2022-07-15 00:55:44,451 [grpc-default-executor-2] INFO  impl.VoteContext (VoteContext.java:log(48)) - s2@group-D993EBE7FE70-FOLLOWER: accept ELECTION from s1: our priority 0 <= candidate's priority 0
2022-07-15 00:55:44,451 [grpc-default-executor-2] INFO  server.RaftServer$Division (ServerState.java:setLeader(313)) - s2@group-D993EBE7FE70: change Leader from s2 to null at term 3 for updateCurrentTerm
2022-07-15 00:55:44,451 [grpc-default-executor-2] INFO  server.RaftServer$Division (RaftServerImpl.java:setRole(300)) - s2@group-D993EBE7FE70: changes role from  FOLLOWER to FOLLOWER at term 3 for candidate:s1
2022-07-15 00:55:44,452 [grpc-default-executor-2] INFO  impl.RoleInfo (RoleInfo.java:shutdownFollowerState(110)) - s2: shutdown s2@group-D993EBE7FE70-FollowerState
2022-07-15 00:55:44,452 [grpc-default-executor-2] INFO  impl.RoleInfo (RoleInfo.java:updateAndGet(139)) - s2: start s2@group-D993EBE7FE70-FollowerState
2022-07-15 00:55:44,452 [s2@group-D993EBE7FE70-FollowerState] INFO  impl.FollowerState (FollowerState.java:run(152)) - s2@group-D993EBE7FE70-FollowerState was interrupted
2022-07-15 00:55:44,456 [s0@group-D993EBE7FE70-LeaderElection6] INFO  impl.LeaderElection (LeaderElection.java:askForVotes(310)) - s0@group-D993EBE7FE70-LeaderElection6 PRE_VOTE round 0: submit vote requests at term 2 for 3: peers:[s0|rpc:localhost:45051|admin:localhost:42977|client:localhost:45097|dataStream:localhost:39217|priority:0|startupRole:FOLLOWER, s1|rpc:localhost:44071|admin:localhost:40507|client:localhost:38061|dataStream:localhost:38397|priority:0|startupRole:FOLLOWER, s2|rpc:localhost:38005|admin:localhost:46397|client:localhost:45965|dataStream:localhost:35133|priority:0|startupRole:FOLLOWER]|listeners:[], old=null
2022-07-15 00:55:44,458 [grpc-default-executor-8] INFO  server.RaftServer$Division (RaftServerImpl.java:requestVote(1216)) - s0@group-D993EBE7FE70 replies to ELECTION vote request: s1<-s0#0:OK-t3. Peer's state: s0@group-D993EBE7FE70:t3, leader=null, voted=s1, raftlog=Memoized:s0@group-D993EBE7FE70-SegmentedRaftLog:OPENED:c69, conf=3: peers:[s0|rpc:localhost:45051|admin:localhost:42977|client:localhost:45097|dataStream:localhost:39217|priority:0|startupRole:FOLLOWER, s1|rpc:localhost:44071|admin:localhost:40507|client:localhost:38061|dataStream:localhost:38397|priority:0|startupRole:FOLLOWER, s2|rpc:localhost:38005|admin:localhost:46397|client:localhost:45965|dataStream:localhost:35133|priority:0|startupRole:FOLLOWER]|listeners:[], old=null
2022-07-15 00:55:44,458 [grpc-default-executor-0] INFO  impl.VoteContext (VoteContext.java:log(48)) - s0@group-D993EBE7FE70-FOLLOWER: accept PRE_VOTE from s1: our priority 0 <= candidate's priority 0
2022-07-15 00:55:44,459 [grpc-default-executor-0] INFO  server.RaftServer$Division (RaftServerImpl.java:requestVote(1216)) - s0@group-D993EBE7FE70 replies to PRE_VOTE vote request: s1<-s0#0:OK-t3. Peer's state: s0@group-D993EBE7FE70:t3, leader=null, voted=s1, raftlog=Memoized:s0@group-D993EBE7FE70-SegmentedRaftLog:OPENED:c69, conf=3: peers:[s0|rpc:localhost:45051|admin:localhost:42977|client:localhost:45097|dataStream:localhost:39217|priority:0|startupRole:FOLLOWER, s1|rpc:localhost:44071|admin:localhost:40507|client:localhost:38061|dataStream:localhost:38397|priority:0|startupRole:FOLLOWER, s2|rpc:localhost:38005|admin:localhost:46397|client:localhost:45965|dataStream:localhost:35133|priority:0|startupRole:FOLLOWER]|listeners:[], old=null
2022-07-15 00:55:44,467 [grpc-default-executor-2] INFO  server.RaftServer$Division (RaftServerImpl.java:requestVote(1216)) - s2@group-D993EBE7FE70 replies to ELECTION vote request: s1<-s2#0:OK-t3. Peer's state: s2@group-D993EBE7FE70:t3, leader=null, voted=s1, raftlog=Memoized:s2@group-D993EBE7FE70-SegmentedRaftLog:OPENED:c69, conf=3: peers:[s0|rpc:localhost:45051|admin:localhost:42977|client:localhost:45097|dataStream:localhost:39217|priority:0|startupRole:FOLLOWER, s1|rpc:localhost:44071|admin:localhost:40507|client:localhost:38061|dataStream:localhost:38397|priority:0|startupRole:FOLLOWER, s2|rpc:localhost:38005|admin:localhost:46397|client:localhost:45965|dataStream:localhost:35133|priority:0|startupRole:FOLLOWER]|listeners:[], old=null
2022-07-15 00:55:44,490 [grpc-default-executor-2] INFO  server.RaftServer$Division (RaftServerImpl.java:requestVote(1183)) - s1@group-D993EBE7FE70: receive requestVote(PRE_VOTE, s0, group-D993EBE7FE70, 2, (t:2, i:74))
2022-07-15 00:55:44,490 [grpc-default-executor-2] INFO  impl.VoteContext (VoteContext.java:log(48)) - s1@group-D993EBE7FE70-CANDIDATE: accept PRE_VOTE from s0: our priority 0 <= candidate's priority 0
2022-07-15 00:55:44,490 [grpc-default-executor-2] INFO  server.RaftServer$Division (RaftServerImpl.java:requestVote(1216)) - s1@group-D993EBE7FE70 replies to PRE_VOTE vote request: s0<-s1#0:OK-t3. Peer's state: s1@group-D993EBE7FE70:t3, leader=null, voted=s1, raftlog=Memoized:s1@group-D993EBE7FE70-SegmentedRaftLog:OPENED:c69, conf=3: peers:[s0|rpc:localhost:45051|admin:localhost:42977|client:localhost:45097|dataStream:localhost:39217|priority:0|startupRole:FOLLOWER, s1|rpc:localhost:44071|admin:localhost:40507|client:localhost:38061|dataStream:localhost:38397|priority:0|startupRole:FOLLOWER, s2|rpc:localhost:38005|admin:localhost:46397|client:localhost:45965|dataStream:localhost:35133|priority:0|startupRole:FOLLOWER]|listeners:[], old=null
2022-07-15 00:55:44,496 [s0@group-D993EBE7FE70-LeaderElection6] INFO  impl.LeaderElection (LeaderElection.java:logAndReturn(90)) - s0@group-D993EBE7FE70-LeaderElection6: PRE_VOTE REJECTED received 0 response(s) and 0 exception(s):
2022-07-15 00:55:44,496 [s0@group-D993EBE7FE70-LeaderElection6] INFO  impl.LeaderElection (LeaderElection.java:askForVotes(312)) - s0@group-D993EBE7FE70-LeaderElection6 PRE_VOTE round 0: result REJECTED
2022-07-15 00:55:44,515 [s1@group-D993EBE7FE70-LeaderElection5] INFO  impl.LeaderElection (LeaderElection.java:logAndReturn(90)) - s1@group-D993EBE7FE70-LeaderElection5: ELECTION PASSED received 1 response(s) and 0 exception(s):
2022-07-15 00:55:44,515 [s1@group-D993EBE7FE70-LeaderElection5] INFO  impl.LeaderElection (LeaderElection.java:logAndReturn(94)) -   Response 0: s1<-s0#0:OK-t3
2022-07-15 00:55:44,515 [s1@group-D993EBE7FE70-LeaderElection5] INFO  impl.LeaderElection (LeaderElection.java:askForVotes(312)) - s1@group-D993EBE7FE70-LeaderElection5 ELECTION round 0: result PASSED
2022-07-15 00:55:44,515 [s1@group-D993EBE7FE70-LeaderElection5] INFO  impl.RoleInfo (RoleInfo.java:shutdownLeaderElection(130)) - s1: shutdown s1@group-D993EBE7FE70-LeaderElection5
2022-07-15 00:55:44,515 [s1@group-D993EBE7FE70-LeaderElection5] INFO  server.RaftServer$Division (RaftServerImpl.java:setRole(300)) - s1@group-D993EBE7FE70: changes role from CANDIDATE to LEADER at term 3 for changeToLeader
2022-07-15 00:55:44,515 [s1@group-D993EBE7FE70-LeaderElection5] INFO  server.RaftServer$Division (ServerState.java:setLeader(313)) - s1@group-D993EBE7FE70: change Leader from null to s1 at term 3 for becomeLeader, leader elected after 116ms
2022-07-15 00:55:44,515 [s1@group-D993EBE7FE70-LeaderElection5] INFO  server.RaftServerConfigKeys (ConfUtils.java:logGet(46)) - raft.server.staging.catchup.gap = 1000 (default)
2022-07-15 00:55:44,515 [s1@group-D993EBE7FE70-LeaderElection5] INFO  server.RaftServerConfigKeys (ConfUtils.java:logGet(46)) - raft.server.write.element-limit = 4096 (default)
2022-07-15 00:55:44,515 [s1@group-D993EBE7FE70-LeaderElection5] INFO  server.RaftServerConfigKeys (ConfUtils.java:logGet(46)) - raft.server.write.byte-limit = 64MB (=67108864) (default)
2022-07-15 00:55:44,515 [s1@group-D993EBE7FE70-LeaderElection5] INFO  server.RaftServerConfigKeys (ConfUtils.java:logGet(46)) - raft.server.watch.timeout = 10s (default)
2022-07-15 00:55:44,515 [s1@group-D993EBE7FE70-LeaderElection5] INFO  server.RaftServerConfigKeys (ConfUtils.java:logGet(46)) - raft.server.watch.timeout.denomination = 1s (default)
2022-07-15 00:55:44,515 [s1@group-D993EBE7FE70-LeaderElection5] INFO  server.RaftServerConfigKeys (ConfUtils.java:logGet(46)) - raft.server.watch.element-limit = 65536 (default)
2022-07-15 00:55:44,515 [s1@group-D993EBE7FE70-LeaderElection5] INFO  server.RaftServerConfigKeys (ConfUtils.java:logGet(46)) - raft.server.write.element-limit = 4096 (default)
2022-07-15 00:55:44,515 [s1@group-D993EBE7FE70-LeaderElection5] INFO  server.RaftServerConfigKeys (ConfUtils.java:logGet(46)) - raft.server.write.follower.gap.ratio.max = -1.0 (default)
2022-07-15 00:55:44,516 [s1@group-D993EBE7FE70-LeaderElection5] INFO  server.RaftServerConfigKeys (ConfUtils.java:logGet(46)) - raft.server.log.appender.snapshot.chunk.size.max = 16MB (=16777216) (default)
2022-07-15 00:55:44,516 [s1@group-D993EBE7FE70-LeaderElection5] INFO  server.RaftServerConfigKeys (ConfUtils.java:logGet(46)) - raft.server.log.appender.buffer.byte-limit = 4MB (=4194304) (default)
2022-07-15 00:55:44,516 [s1@group-D993EBE7FE70-LeaderElection5] INFO  server.RaftServerConfigKeys (ConfUtils.java:logGet(46)) - raft.server.log.appender.buffer.element-limit = 0 (default)
2022-07-15 00:55:44,516 [s1@group-D993EBE7FE70-LeaderElection5] INFO  grpc.GrpcConfigKeys (ConfUtils.java:logGet(46)) - raft.grpc.server.leader.outstanding.appends.max = 128 (default)
2022-07-15 00:55:44,516 [s1@group-D993EBE7FE70-LeaderElection5] INFO  server.RaftServerConfigKeys (ConfUtils.java:logGet(46)) - raft.server.rpc.request.timeout = 3000ms (default)
2022-07-15 00:55:44,516 [s1@group-D993EBE7FE70-LeaderElection5] INFO  server.RaftServerConfigKeys (ConfUtils.java:logGet(46)) - raft.server.log.appender.install.snapshot.enabled = true (default)
2022-07-15 00:55:44,516 [s1@group-D993EBE7FE70-LeaderElection5] INFO  server.RaftServerConfigKeys (ConfUtils.java:logGet(46)) - raft.server.log.appender.snapshot.chunk.size.max = 16MB (=16777216) (default)
2022-07-15 00:55:44,516 [s1@group-D993EBE7FE70-LeaderElection5] INFO  server.RaftServerConfigKeys (ConfUtils.java:logGet(46)) - raft.server.log.appender.buffer.byte-limit = 4MB (=4194304) (default)
2022-07-15 00:55:44,516 [s1@group-D993EBE7FE70-LeaderElection5] INFO  server.RaftServerConfigKeys (ConfUtils.java:logGet(46)) - raft.server.log.appender.buffer.element-limit = 0 (default)
2022-07-15 00:55:44,516 [s1@group-D993EBE7FE70-LeaderElection5] INFO  grpc.GrpcConfigKeys (ConfUtils.java:logGet(46)) - raft.grpc.server.leader.outstanding.appends.max = 128 (default)
2022-07-15 00:55:44,516 [s1@group-D993EBE7FE70-LeaderElection5] INFO  server.RaftServerConfigKeys (ConfUtils.java:logGet(46)) - raft.server.rpc.request.timeout = 3000ms (default)
2022-07-15 00:55:44,516 [s1@group-D993EBE7FE70-LeaderElection5] INFO  server.RaftServerConfigKeys (ConfUtils.java:logGet(46)) - raft.server.log.appender.install.snapshot.enabled = true (default)
2022-07-15 00:55:44,516 [s1@group-D993EBE7FE70-LeaderElection5] INFO  impl.RoleInfo (RoleInfo.java:updateAndGet(139)) - s1: start s1@group-D993EBE7FE70-LeaderStateImpl
2022-07-15 00:55:44,516 [s1@group-D993EBE7FE70-LeaderElection5] INFO  segmented.SegmentedRaftLogWorker (SegmentedRaftLogWorker.java:rollLogSegment(430)) - s1@group-D993EBE7FE70-SegmentedRaftLogWorker: Rolling segment log-3_74 to index:74
2022-07-15 00:55:44,517 [s1@group-D993EBE7FE70-SegmentedRaftLogWorker] TRACE util.FileUtils (LogUtils.java:runAndLog(49)) - Successfully ran Files.move /home/runner/work/ratis/ratis/ratis-test/target/test/data/d1c7e1dc/MiniRaftClusterWithRpcTypeGrpcAndDataStreamTypeNetty1ab3ec7b/s1/c3492ac9-de7b-4dd7-89be-d993ebe7fe70/current/log_inprogress_3 to /home/runner/work/ratis/ratis/ratis-test/target/test/data/d1c7e1dc/MiniRaftClusterWithRpcTypeGrpcAndDataStreamTypeNetty1ab3ec7b/s1/c3492ac9-de7b-4dd7-89be-d993ebe7fe70/current/log_3-74
2022-07-15 00:55:44,517 [s1@group-D993EBE7FE70-SegmentedRaftLogWorker] INFO  segmented.SegmentedRaftLogWorker (SegmentedRaftLogWorker.java:execute(586)) - s1@group-D993EBE7FE70-SegmentedRaftLogWorker: Rolled log segment from /home/runner/work/ratis/ratis/ratis-test/target/test/data/d1c7e1dc/MiniRaftClusterWithRpcTypeGrpcAndDataStreamTypeNetty1ab3ec7b/s1/c3492ac9-de7b-4dd7-89be-d993ebe7fe70/current/log_inprogress_3 to /home/runner/work/ratis/ratis/ratis-test/target/test/data/d1c7e1dc/MiniRaftClusterWithRpcTypeGrpcAndDataStreamTypeNetty1ab3ec7b/s1/c3492ac9-de7b-4dd7-89be-d993ebe7fe70/current/log_3-74
2022-07-15 00:55:44,521 [s0-server-thread2] INFO  server.RaftServer$Division (ServerState.java:setLeader(313)) - s0@group-D993EBE7FE70: change Leader from null to s1 at term 3 for appendEntries, leader elected after 87ms
2022-07-15 00:55:44,522 [s1@group-D993EBE7FE70-LeaderElection5] INFO  server.RaftServer$Division (ServerState.java:setRaftConf(429)) - s1@group-D993EBE7FE70: set configuration 75: peers:[s0|rpc:localhost:45051|admin:localhost:42977|client:localhost:45097|dataStream:localhost:39217|priority:0|startupRole:FOLLOWER, s1|rpc:localhost:44071|admin:localhost:40507|client:localhost:38061|dataStream:localhost:38397|priority:0|startupRole:FOLLOWER, s2|rpc:localhost:38005|admin:localhost:46397|client:localhost:45965|dataStream:localhost:35133|priority:0|startupRole:FOLLOWER]|listeners:[], old=null
2022-07-15 00:55:44,522 [grpc-default-executor-7] INFO  server.RaftServer$Division (RaftServerImpl.java:requestVote(1183)) - s2@group-D993EBE7FE70: receive requestVote(PRE_VOTE, s0, group-D993EBE7FE70, 2, (t:2, i:74))
2022-07-15 00:55:44,522 [grpc-default-executor-7] INFO  impl.VoteContext (VoteContext.java:log(48)) - s2@group-D993EBE7FE70-FOLLOWER: accept PRE_VOTE from s0: our priority 0 <= candidate's priority 0
2022-07-15 00:55:44,522 [grpc-default-executor-7] INFO  server.RaftServer$Division (RaftServerImpl.java:requestVote(1216)) - s2@group-D993EBE7FE70 replies to PRE_VOTE vote request: s0<-s2#0:OK-t3. Peer's state: s2@group-D993EBE7FE70:t3, leader=null, voted=s1, raftlog=Memoized:s2@group-D993EBE7FE70-SegmentedRaftLog:OPENED:c69, conf=3: peers:[s0|rpc:localhost:45051|admin:localhost:42977|client:localhost:45097|dataStream:localhost:39217|priority:0|startupRole:FOLLOWER, s1|rpc:localhost:44071|admin:localhost:40507|client:localhost:38061|dataStream:localhost:38397|priority:0|startupRole:FOLLOWER, s2|rpc:localhost:38005|admin:localhost:46397|client:localhost:45965|dataStream:localhost:35133|priority:0|startupRole:FOLLOWER]|listeners:[], old=null
2022-07-15 00:55:44,529 [s1@group-D993EBE7FE70-SegmentedRaftLogWorker] INFO  segmented.SegmentedRaftLogWorker (SegmentedRaftLogWorker.java:execute(629)) - s1@group-D993EBE7FE70-SegmentedRaftLogWorker: created new log segment /home/runner/work/ratis/ratis/ratis-test/target/test/data/d1c7e1dc/MiniRaftClusterWithRpcTypeGrpcAndDataStreamTypeNetty1ab3ec7b/s1/c3492ac9-de7b-4dd7-89be-d993ebe7fe70/current/log_inprogress_75
2022-07-15 00:55:44,541 [s0-server-thread2] INFO  server.RaftServer$Division (ServerState.java:setRaftConf(429)) - s0@group-D993EBE7FE70: set configuration 75: peers:[s0|rpc:localhost:45051|admin:localhost:42977|client:localhost:45097|dataStream:localhost:39217|priority:0|startupRole:FOLLOWER, s1|rpc:localhost:44071|admin:localhost:40507|client:localhost:38061|dataStream:localhost:38397|priority:0|startupRole:FOLLOWER, s2|rpc:localhost:38005|admin:localhost:46397|client:localhost:45965|dataStream:localhost:35133|priority:0|startupRole:FOLLOWER]|listeners:[], old=null
2022-07-15 00:55:44,542 [s0-server-thread2] INFO  segmented.SegmentedRaftLogWorker (SegmentedRaftLogWorker.java:rollLogSegment(430)) - s0@group-D993EBE7FE70-SegmentedRaftLogWorker: Rolling segment log-3_74 to index:74
2022-07-15 00:55:44,542 [s0@group-D993EBE7FE70-SegmentedRaftLogWorker] TRACE util.FileUtils (LogUtils.java:runAndLog(49)) - Successfully ran Files.move /home/runner/work/ratis/ratis/ratis-test/target/test/data/d1c7e1dc/MiniRaftClusterWithRpcTypeGrpcAndDataStreamTypeNetty1ab3ec7b/s0/c3492ac9-de7b-4dd7-89be-d993ebe7fe70/current/log_inprogress_3 to /home/runner/work/ratis/ratis/ratis-test/target/test/data/d1c7e1dc/MiniRaftClusterWithRpcTypeGrpcAndDataStreamTypeNetty1ab3ec7b/s0/c3492ac9-de7b-4dd7-89be-d993ebe7fe70/current/log_3-74
2022-07-15 00:55:44,543 [s0@group-D993EBE7FE70-SegmentedRaftLogWorker] INFO  segmented.SegmentedRaftLogWorker (SegmentedRaftLogWorker.java:execute(586)) - s0@group-D993EBE7FE70-SegmentedRaftLogWorker: Rolled log segment from /home/runner/work/ratis/ratis/ratis-test/target/test/data/d1c7e1dc/MiniRaftClusterWithRpcTypeGrpcAndDataStreamTypeNetty1ab3ec7b/s0/c3492ac9-de7b-4dd7-89be-d993ebe7fe70/current/log_inprogress_3 to /home/runner/work/ratis/ratis/ratis-test/target/test/data/d1c7e1dc/MiniRaftClusterWithRpcTypeGrpcAndDataStreamTypeNetty1ab3ec7b/s0/c3492ac9-de7b-4dd7-89be-d993ebe7fe70/current/log_3-74
2022-07-15 00:55:44,547 [s2-server-thread1] INFO  server.RaftServer$Division (ServerState.java:setLeader(313)) - s2@group-D993EBE7FE70: change Leader from null to s1 at term 3 for appendEntries, leader elected after 95ms
2022-07-15 00:55:44,550 [s2-server-thread1] INFO  server.RaftServer$Division (ServerState.java:setRaftConf(429)) - s2@group-D993EBE7FE70: set configuration 75: peers:[s0|rpc:localhost:45051|admin:localhost:42977|client:localhost:45097|dataStream:localhost:39217|priority:0|startupRole:FOLLOWER, s1|rpc:localhost:44071|admin:localhost:40507|client:localhost:38061|dataStream:localhost:38397|priority:0|startupRole:FOLLOWER, s2|rpc:localhost:38005|admin:localhost:46397|client:localhost:45965|dataStream:localhost:35133|priority:0|startupRole:FOLLOWER]|listeners:[], old=null
2022-07-15 00:55:44,551 [s2-server-thread1] INFO  segmented.SegmentedRaftLogWorker (SegmentedRaftLogWorker.java:rollLogSegment(430)) - s2@group-D993EBE7FE70-SegmentedRaftLogWorker: Rolling segment log-3_74 to index:74
2022-07-15 00:55:44,552 [s2@group-D993EBE7FE70-SegmentedRaftLogWorker] TRACE util.FileUtils (LogUtils.java:runAndLog(49)) - Successfully ran Files.move /home/runner/work/ratis/ratis/ratis-test/target/test/data/d1c7e1dc/MiniRaftClusterWithRpcTypeGrpcAndDataStreamTypeNetty1ab3ec7b/s2/c3492ac9-de7b-4dd7-89be-d993ebe7fe70/current/log_inprogress_3 to /home/runner/work/ratis/ratis/ratis-test/target/test/data/d1c7e1dc/MiniRaftClusterWithRpcTypeGrpcAndDataStreamTypeNetty1ab3ec7b/s2/c3492ac9-de7b-4dd7-89be-d993ebe7fe70/current/log_3-74
2022-07-15 00:55:44,552 [s2@group-D993EBE7FE70-SegmentedRaftLogWorker] INFO  segmented.SegmentedRaftLogWorker (SegmentedRaftLogWorker.java:execute(586)) - s2@group-D993EBE7FE70-SegmentedRaftLogWorker: Rolled log segment from /home/runner/work/ratis/ratis/ratis-test/target/test/data/d1c7e1dc/MiniRaftClusterWithRpcTypeGrpcAndDataStreamTypeNetty1ab3ec7b/s2/c3492ac9-de7b-4dd7-89be-d993ebe7fe70/current/log_inprogress_3 to /home/runner/work/ratis/ratis/ratis-test/target/test/data/d1c7e1dc/MiniRaftClusterWithRpcTypeGrpcAndDataStreamTypeNetty1ab3ec7b/s2/c3492ac9-de7b-4dd7-89be-d993ebe7fe70/current/log_3-74
2022-07-15 00:55:44,567 [s0@group-D993EBE7FE70-SegmentedRaftLogWorker] INFO  segmented.SegmentedRaftLogWorker (SegmentedRaftLogWorker.java:execute(629)) - s0@group-D993EBE7FE70-SegmentedRaftLogWorker: created new log segment /home/runner/work/ratis/ratis/ratis-test/target/test/data/d1c7e1dc/MiniRaftClusterWithRpcTypeGrpcAndDataStreamTypeNetty1ab3ec7b/s0/c3492ac9-de7b-4dd7-89be-d993ebe7fe70/current/log_inprogress_75
2022-07-15 00:55:44,573 [s2@group-D993EBE7FE70-SegmentedRaftLogWorker] INFO  segmented.SegmentedRaftLogWorker (SegmentedRaftLogWorker.java:execute(629)) - s2@group-D993EBE7FE70-SegmentedRaftLogWorker: created new log segment /home/runner/work/ratis/ratis/ratis-test/target/test/data/d1c7e1dc/MiniRaftClusterWithRpcTypeGrpcAndDataStreamTypeNetty1ab3ec7b/s2/c3492ac9-de7b-4dd7-89be-d993ebe7fe70/current/log_inprogress_75
2022-07-15 00:55:44,671 [s1-client-thread1] INFO  statemachine.StateMachine (DataStreamTestUtils.java:link(157)) - link null
2022-07-15 00:55:44,903 [s2@group-D993EBE7FE70-FollowerState] INFO  impl.FollowerState (FollowerState.java:run(143)) - s2@group-D993EBE7FE70-FollowerState: change to CANDIDATE, lastRpcElapsedTime:261356083ns, electionTimeout:227ms
2022-07-15 00:55:44,903 [s2@group-D993EBE7FE70-FollowerState] INFO  impl.RoleInfo (RoleInfo.java:shutdownFollowerState(110)) - s2: shutdown s2@group-D993EBE7FE70-FollowerState
2022-07-15 00:55:44,903 [s2@group-D993EBE7FE70-FollowerState] INFO  server.RaftServer$Division (RaftServerImpl.java:setRole(300)) - s2@group-D993EBE7FE70: changes role from  FOLLOWER to CANDIDATE at term 3 for changeToCandidate
2022-07-15 00:55:44,903 [s2@group-D993EBE7FE70-FollowerState] INFO  server.RaftServerConfigKeys (ConfUtils.java:logGet(46)) - raft.server.leaderelection.pre-vote = true (default)
2022-07-15 00:55:44,903 [s2@group-D993EBE7FE70-FollowerState] INFO  impl.RoleInfo (RoleInfo.java:updateAndGet(139)) - s2: start s2@group-D993EBE7FE70-LeaderElection7
2022-07-15 00:55:44,903 [s1-client-thread2] INFO  statemachine.StateMachine (DataStreamTestUtils.java:link(157)) - link SingleDataStream: writeRequest=RaftClientRequest:client-5D80840E0B1C->s1@group-D993EBE7FE70, cid=408, seq=0, DataStream, Message:<EMPTY>, logEntry=null
2022-07-15 00:55:44,904 [s1-client-thread2] INFO  statemachine.StateMachine (DataStreamTestUtils.java:link(157)) - link SingleDataStream: writeRequest=RaftClientRequest:client-5D80840E0B1C->s1@group-D993EBE7FE70, cid=418, seq=0, DataStream, Message:<EMPTY>, logEntry=null
2022-07-15 00:55:44,906 [s1-client-thread1] INFO  statemachine.StateMachine (DataStreamTestUtils.java:link(157)) - link SingleDataStream: writeRequest=RaftClientRequest:client-5D80840E0B1C->s1@group-D993EBE7FE70, cid=421, seq=0, DataStream, Message:<EMPTY>, logEntry=null
2022-07-15 00:55:44,909 [s1-client-thread2] INFO  statemachine.StateMachine (DataStreamTestUtils.java:link(157)) - link SingleDataStream: writeRequest=RaftClientRequest:client-5D80840E0B1C->s1@group-D993EBE7FE70, cid=419, seq=0, DataStream, Message:<EMPTY>, logEntry=null
2022-07-15 00:55:44,920 [s2-server-thread1] INFO  server.RaftServer$Division (RaftServerImpl.java:setRole(300)) - s2@group-D993EBE7FE70: changes role from CANDIDATE to FOLLOWER at term 3 for appendEntries
2022-07-15 00:55:44,920 [s2-server-thread1] INFO  impl.RoleInfo (RoleInfo.java:shutdownLeaderElection(130)) - s2: shutdown s2@group-D993EBE7FE70-LeaderElection7
2022-07-15 00:55:44,920 [s2@group-D993EBE7FE70-LeaderElection7] INFO  impl.LeaderElection (LeaderElection.java:run(231)) - s2@group-D993EBE7FE70-LeaderElection7: skip running since this is already CLOSING
2022-07-15 00:55:44,935 [s2-server-thread1] INFO  impl.RoleInfo (RoleInfo.java:updateAndGet(139)) - s2: start s2@group-D993EBE7FE70-FollowerState
2022-07-15 00:55:44,935 [s0-server-thread2] INFO  statemachine.StateMachine (DataStreamTestUtils.java:link(157)) - link null
2022-07-15 00:55:44,936 [s0-server-thread2] INFO  statemachine.StateMachine (DataStreamTestUtils.java:link(157)) - link SingleDataStream: writeRequest=RaftClientRequest:client-5D80840E0B1C->s1@group-D993EBE7FE70, cid=408, seq=0, DataStream, Message:<EMPTY>, logEntry=null
2022-07-15 00:55:44,936 [s2-server-thread1] INFO  statemachine.StateMachine (DataStreamTestUtils.java:link(157)) - link null
2022-07-15 00:55:44,937 [s0-server-thread2] INFO  statemachine.StateMachine (DataStreamTestUtils.java:link(157)) - link SingleDataStream: writeRequest=RaftClientRequest:client-5D80840E0B1C->s1@group-D993EBE7FE70, cid=418, seq=0, DataStream, Message:<EMPTY>, logEntry=null
2022-07-15 00:55:44,937 [s2-server-thread1] INFO  statemachine.StateMachine (DataStreamTestUtils.java:link(157)) - link SingleDataStream: writeRequest=RaftClientRequest:client-5D80840E0B1C->s1@group-D993EBE7FE70, cid=408, seq=0, DataStream, Message:<EMPTY>, logEntry=null
2022-07-15 00:55:44,937 [s0-server-thread2] INFO  statemachine.StateMachine (DataStreamTestUtils.java:link(157)) - link SingleDataStream: writeRequest=RaftClientRequest:client-5D80840E0B1C->s1@group-D993EBE7FE70, cid=421, seq=0, DataStream, Message:<EMPTY>, logEntry=null
2022-07-15 00:55:44,937 [s2-server-thread1] INFO  statemachine.StateMachine (DataStreamTestUtils.java:link(157)) - link SingleDataStream: writeRequest=RaftClientRequest:client-5D80840E0B1C->s1@group-D993EBE7FE70, cid=418, seq=0, DataStream, Message:<EMPTY>, logEntry=null
2022-07-15 00:55:44,938 [s0-server-thread2] INFO  statemachine.StateMachine (DataStreamTestUtils.java:link(157)) - link SingleDataStream: writeRequest=RaftClientRequest:client-5D80840E0B1C->s1@group-D993EBE7FE70, cid=419, seq=0, DataStream, Message:<EMPTY>, logEntry=null
2022-07-15 00:55:44,942 [s2-server-thread1] INFO  statemachine.StateMachine (DataStreamTestUtils.java:link(157)) - link SingleDataStream: writeRequest=RaftClientRequest:client-5D80840E0B1C->s1@group-D993EBE7FE70, cid=421, seq=0, DataStream, Message:<EMPTY>, logEntry=null
2022-07-15 00:55:44,942 [s2-server-thread1] INFO  statemachine.StateMachine (DataStreamTestUtils.java:link(157)) - link SingleDataStream: writeRequest=RaftClientRequest:client-5D80840E0B1C->s1@group-D993EBE7FE70, cid=419, seq=0, DataStream, Message:<EMPTY>, logEntry=null
2022-07-15 00:55:44,946 [s1-client-thread3] INFO  statemachine.StateMachine (DataStreamTestUtils.java:link(157)) - link SingleDataStream: writeRequest=RaftClientRequest:client-5D80840E0B1C->s1@group-D993EBE7FE70, cid=420, seq=0, DataStream, Message:<EMPTY>, logEntry=null
2022-07-15 00:55:44,947 [s0-server-thread2] INFO  statemachine.StateMachine (DataStreamTestUtils.java:link(157)) - link SingleDataStream: writeRequest=RaftClientRequest:client-5D80840E0B1C->s1@group-D993EBE7FE70, cid=420, seq=0, DataStream, Message:<EMPTY>, logEntry=null
2022-07-15 00:55:44,948 [s2-server-thread1] INFO  statemachine.StateMachine (DataStreamTestUtils.java:link(157)) - link SingleDataStream: writeRequest=RaftClientRequest:client-5D80840E0B1C->s1@group-D993EBE7FE70, cid=420, seq=0, DataStream, Message:<EMPTY>, logEntry=null
2022-07-15 00:55:47,552 [pool-9-thread-13] INFO  datastream.DataStreamTestUtils (DataStreamTestUtils.java:writeAndCloseAndAssertReplies(320)) - Stream387: bytesWritten=3741204
2022-07-15 00:55:47,553 [pool-9-thread-12] INFO  datastream.DataStreamTestUtils (DataStreamTestUtils.java:writeAndCloseAndAssertReplies(320)) - Stream386: bytesWritten=3744424
2022-07-15 00:55:47,579 [pool-9-thread-15] INFO  datastream.DataStreamTestUtils (DataStreamTestUtils.java:writeAndCloseAndAssertReplies(320)) - Stream388: bytesWritten=3741328
2022-07-15 00:55:47,702 [s1-client-thread3] INFO  statemachine.StateMachine (DataStreamTestUtils.java:link(157)) - link SingleDataStream: writeRequest=RaftClientRequest:client-1E50D91EDBE6->s2@group-D993EBE7FE70, cid=387, seq=0, DataStream, Message:<EMPTY>, logEntry=null
2022-07-15 00:55:47,706 [s0-server-thread2] INFO  statemachine.StateMachine (DataStreamTestUtils.java:link(157)) - link SingleDataStream: writeRequest=RaftClientRequest:client-1E50D91EDBE6->s2@group-D993EBE7FE70, cid=387, seq=0, DataStream, Message:<EMPTY>, logEntry=null
2022-07-15 00:55:47,706 [s2-server-thread1] INFO  statemachine.StateMachine (DataStreamTestUtils.java:link(157)) - link SingleDataStream: writeRequest=RaftClientRequest:client-1E50D91EDBE6->s2@group-D993EBE7FE70, cid=387, seq=0, DataStream, Message:<EMPTY>, logEntry=null
2022-07-15 00:55:49,671 [Timer-2] INFO  impl.MiniRaftCluster (MiniRaftCluster.java:lambda$null$5(314)) - TIMED-PRINT: printing ALL groups
  s0:  RUNNING  FOLLOWER s0@group-D993EBE7FE70:t3, leader=s1, voted=s1, raftlog=Memoized:s0@group-D993EBE7FE70-SegmentedRaftLog:OPENED:c76, conf=75: peers:[s0|rpc:localhost:45051|admin:localhost:42977|client:localhost:45097|dataStream:localhost:39217|priority:0|startupRole:FOLLOWER, s1|rpc:localhost:44071|admin:localhost:40507|client:localhost:38061|dataStream:localhost:38397|priority:0|startupRole:FOLLOWER, s2|rpc:localhost:38005|admin:localhost:46397|client:localhost:45965|dataStream:localhost:35133|priority:0|startupRole:FOLLOWER]|listeners:[], old=null RUNNING
  s1:  RUNNING    LEADER s1@group-D993EBE7FE70:t3, leader=s1, voted=s1, raftlog=Memoized:s1@group-D993EBE7FE70-SegmentedRaftLog:OPENED:c76, conf=75: peers:[s0|rpc:localhost:45051|admin:localhost:42977|client:localhost:45097|dataStream:localhost:39217|priority:0|startupRole:FOLLOWER, s1|rpc:localhost:44071|admin:localhost:40507|client:localhost:38061|dataStream:localhost:38397|priority:0|startupRole:FOLLOWER, s2|rpc:localhost:38005|admin:localhost:46397|client:localhost:45965|dataStream:localhost:35133|priority:0|startupRole:FOLLOWER]|listeners:[], old=null RUNNING
  s2:  RUNNING  FOLLOWER s2@group-D993EBE7FE70:t3, leader=s1, voted=s1, raftlog=Memoized:s2@group-D993EBE7FE70-SegmentedRaftLog:OPENED:c76, conf=75: peers:[s0|rpc:localhost:45051|admin:localhost:42977|client:localhost:45097|dataStream:localhost:39217|priority:0|startupRole:FOLLOWER, s1|rpc:localhost:44071|admin:localhost:40507|client:localhost:38061|dataStream:localhost:38397|priority:0|startupRole:FOLLOWER, s2|rpc:localhost:38005|admin:localhost:46397|client:localhost:45965|dataStream:localhost:35133|priority:0|startupRole:FOLLOWER]|listeners:[], old=null RUNNING
2022-07-15 00:55:50,676 [java.util.concurrent.ThreadPoolExecutor$Worker@19f9333e[State = -1, empty queue]] WARN  grpc.GrpcUtil (GrpcUtil.java:shutdownManagedChannel(216)) - Timed out gracefully shutting down connection: ManagedChannelOrphanWrapper{delegate=ManagedChannelImpl{logId=391, target=localhost:38061}}. 
2022-07-15 00:55:50,872 [java.util.concurrent.ThreadPoolExecutor$Worker@2f13c65a[State = -1, empty queue]] WARN  grpc.GrpcUtil (GrpcUtil.java:shutdownManagedChannel(216)) - Timed out gracefully shutting down connection: ManagedChannelOrphanWrapper{delegate=ManagedChannelImpl{logId=405, target=localhost:38061}}. 
2022-07-15 00:55:50,874 [java.util.concurrent.ThreadPoolExecutor$Worker@2f13c65a[State = -1, empty queue]] WARN  server.GrpcLogAppender (GrpcLogAppender.java:timeoutAppendRequest(240)) - s1@group-D993EBE7FE70->s0-GrpcLogAppender:  appendEntries Timeout, request=AppendEntriesRequest:cid=12,entriesCount=1,lastEntry=(t:3, i:77)
2022-07-15 00:55:50,875 [java.util.concurrent.ThreadPoolExecutor$Worker@2f13c65a[State = -1, empty queue]] WARN  server.GrpcLogAppender (GrpcLogAppender.java:timeoutAppendRequest(240)) - s1@group-D993EBE7FE70->s2-GrpcLogAppender:  appendEntries Timeout, request=AppendEntriesRequest:cid=10,entriesCount=1,lastEntry=(t:3, i:77)
2022-07-15 00:55:50,875 [java.util.concurrent.ThreadPoolExecutor$Worker@2f13c65a[State = -1, empty queue]] WARN  server.GrpcLogAppender (GrpcLogAppender.java:timeoutAppendRequest(240)) - s1@group-D993EBE7FE70->s2-GrpcLogAppender:  appendEntries Timeout, request=AppendEntriesRequest:cid=12,entriesCount=1,lastEntry=(t:3, i:78)
2022-07-15 00:55:50,875 [java.util.concurrent.ThreadPoolExecutor$Worker@2f13c65a[State = -1, empty queue]] WARN  server.GrpcLogAppender (GrpcLogAppender.java:timeoutAppendRequest(240)) - s1@group-D993EBE7FE70->s0-GrpcLogAppender:  appendEntries Timeout, request=AppendEntriesRequest:cid=14,entriesCount=1,lastEntry=(t:3, i:78)
2022-07-15 00:55:50,875 [java.util.concurrent.ThreadPoolExecutor$Worker@2f13c65a[State = -1, empty queue]] WARN  server.GrpcLogAppender (GrpcLogAppender.java:timeoutAppendRequest(240)) - s1@group-D993EBE7FE70->s0-GrpcLogAppender:  appendEntries Timeout, request=AppendEntriesRequest:cid=15,entriesCount=1,lastEntry=(t:3, i:79)
2022-07-15 00:55:50,875 [java.util.concurrent.ThreadPoolExecutor$Worker@2f13c65a[State = -1, empty queue]] WARN  server.GrpcLogAppender (GrpcLogAppender.java:timeoutAppendRequest(240)) - s1@group-D993EBE7FE70->s2-GrpcLogAppender:  appendEntries Timeout, request=AppendEntriesRequest:cid=13,entriesCount=1,lastEntry=(t:3, i:79)
2022-07-15 00:55:50,875 [java.util.concurrent.ThreadPoolExecutor$Worker@2f13c65a[State = -1, empty queue]] WARN  server.GrpcLogAppender (GrpcLogAppender.java:timeoutAppendRequest(240)) - s1@group-D993EBE7FE70->s0-GrpcLogAppender:  appendEntries Timeout, request=AppendEntriesRequest:cid=16,entriesCount=1,lastEntry=(t:3, i:80)
2022-07-15 00:55:50,875 [java.util.concurrent.ThreadPoolExecutor$Worker@2f13c65a[State = -1, empty queue]] WARN  server.GrpcLogAppender (GrpcLogAppender.java:timeoutAppendRequest(240)) - s1@group-D993EBE7FE70->s2-GrpcLogAppender:  appendEntries Timeout, request=AppendEntriesRequest:cid=14,entriesCount=1,lastEntry=(t:3, i:80)
2022-07-15 00:55:50,875 [java.util.concurrent.ThreadPoolExecutor$Worker@2f13c65a[State = -1, empty queue]] WARN  server.GrpcLogAppender (GrpcLogAppender.java:timeoutAppendRequest(240)) - s1@group-D993EBE7FE70->s0-GrpcLogAppender:  appendEntries Timeout, request=AppendEntriesRequest:cid=17,entriesCount=1,lastEntry=(t:3, i:81)
2022-07-15 00:55:50,875 [java.util.concurrent.ThreadPoolExecutor$Worker@2f13c65a[State = -1, empty queue]] WARN  server.GrpcLogAppender (GrpcLogAppender.java:timeoutAppendRequest(240)) - s1@group-D993EBE7FE70->s2-GrpcLogAppender:  appendEntries Timeout, request=AppendEntriesRequest:cid=15,entriesCount=1,lastEntry=(t:3, i:81)
2022-07-15 00:55:50,876 [java.util.concurrent.ThreadPoolExecutor$Worker@2f13c65a[State = -1, empty queue]] WARN  server.GrpcLogAppender (GrpcLogAppender.java:timeoutAppendRequest(240)) - s1@group-D993EBE7FE70->s0-GrpcLogAppender:  appendEntries Timeout, request=AppendEntriesRequest:cid=20,entriesCount=1,lastEntry=(t:3, i:82)
2022-07-15 00:55:50,876 [java.util.concurrent.ThreadPoolExecutor$Worker@2f13c65a[State = -1, empty queue]] WARN  server.GrpcLogAppender (GrpcLogAppender.java:timeoutAppendRequest(240)) - s1@group-D993EBE7FE70->s2-GrpcLogAppender:  appendEntries Timeout, request=AppendEntriesRequest:cid=19,entriesCount=1,lastEntry=(t:3, i:82)
2022-07-15 00:55:53,699 [java.util.concurrent.ThreadPoolExecutor$Worker@364df1d7[State = -1, empty queue]] WARN  grpc.GrpcUtil (GrpcUtil.java:shutdownManagedChannel(216)) - Timed out gracefully shutting down connection: ManagedChannelOrphanWrapper{delegate=ManagedChannelImpl{logId=419, target=localhost:38061}}. 
2022-07-15 00:55:53,701 [java.util.concurrent.ThreadPoolExecutor$Worker@364df1d7[State = -1, empty queue]] WARN  server.GrpcLogAppender (GrpcLogAppender.java:timeoutAppendRequest(240)) - s1@group-D993EBE7FE70->s0-GrpcLogAppender:  appendEntries Timeout, request=AppendEntriesRequest:cid=53,entriesCount=1,lastEntry=(t:3, i:83)
2022-07-15 00:55:53,701 [java.util.concurrent.ThreadPoolExecutor$Worker@364df1d7[State = -1, empty queue]] WARN  server.GrpcLogAppender (GrpcLogAppender.java:timeoutAppendRequest(240)) - s1@group-D993EBE7FE70->s2-GrpcLogAppender:  appendEntries Timeout, request=AppendEntriesRequest:cid=51,entriesCount=1,lastEntry=(t:3, i:83)
2022-07-15 00:55:56,805 [java.util.concurrent.ThreadPoolExecutor$Worker@2e84ecd4[State = -1, empty queue]] WARN  grpc.GrpcUtil (GrpcUtil.java:shutdownManagedChannel(216)) - Timed out gracefully shutting down connection: ManagedChannelOrphanWrapper{delegate=ManagedChannelImpl{logId=433, target=localhost:38061}}. 
2022-07-15 00:55:57,004 [java.util.concurrent.ThreadPoolExecutor$Worker@489cf7a4[State = -1, empty queue]] WARN  grpc.GrpcUtil (GrpcUtil.java:shutdownManagedChannel(216)) - Timed out gracefully shutting down connection: ManagedChannelOrphanWrapper{delegate=ManagedChannelImpl{logId=447, target=localhost:38061}}. 
2022-07-15 00:55:59,671 [Timer-2] INFO  impl.MiniRaftCluster (MiniRaftCluster.java:lambda$null$5(314)) - TIMED-PRINT: printing ALL groups
  s0:  RUNNING  FOLLOWER s0@group-D993EBE7FE70:t3, leader=s1, voted=s1, raftlog=Memoized:s0@group-D993EBE7FE70-SegmentedRaftLog:OPENED:c76, conf=75: peers:[s0|rpc:localhost:45051|admin:localhost:42977|client:localhost:45097|dataStream:localhost:39217|priority:0|startupRole:FOLLOWER, s1|rpc:localhost:44071|admin:localhost:40507|client:localhost:38061|dataStream:localhost:38397|priority:0|startupRole:FOLLOWER, s2|rpc:localhost:38005|admin:localhost:46397|client:localhost:45965|dataStream:localhost:35133|priority:0|startupRole:FOLLOWER]|listeners:[], old=null RUNNING
  s1:  RUNNING    LEADER s1@group-D993EBE7FE70:t3, leader=s1, voted=s1, raftlog=Memoized:s1@group-D993EBE7FE70-SegmentedRaftLog:OPENED:c76, conf=75: peers:[s0|rpc:localhost:45051|admin:localhost:42977|client:localhost:45097|dataStream:localhost:39217|priority:0|startupRole:FOLLOWER, s1|rpc:localhost:44071|admin:localhost:40507|client:localhost:38061|dataStream:localhost:38397|priority:0|startupRole:FOLLOWER, s2|rpc:localhost:38005|admin:localhost:46397|client:localhost:45965|dataStream:localhost:35133|priority:0|startupRole:FOLLOWER]|listeners:[], old=null RUNNING
  s2:  RUNNING  FOLLOWER s2@group-D993EBE7FE70:t3, leader=s1, voted=s1, raftlog=Memoized:s2@group-D993EBE7FE70-SegmentedRaftLog:OPENED:c76, conf=75: peers:[s0|rpc:localhost:45051|admin:localhost:42977|client:localhost:45097|dataStream:localhost:39217|priority:0|startupRole:FOLLOWER, s1|rpc:localhost:44071|admin:localhost:40507|client:localhost:38061|dataStream:localhost:38397|priority:0|startupRole:FOLLOWER, s2|rpc:localhost:38005|admin:localhost:46397|client:localhost:45965|dataStream:localhost:35133|priority:0|startupRole:FOLLOWER]|listeners:[], old=null RUNNING
2022-07-15 00:55:59,817 [java.util.concurrent.ThreadPoolExecutor$Worker@34e7e7f0[State = -1, empty queue]] WARN  grpc.GrpcUtil (GrpcUtil.java:shutdownManagedChannel(216)) - Timed out gracefully shutting down connection: ManagedChannelOrphanWrapper{delegate=ManagedChannelImpl{logId=461, target=localhost:38061}}. 
2022-07-15 00:56:02,925 [java.util.concurrent.ThreadPoolExecutor$Worker@a1707c2[State = -1, empty queue]] WARN  grpc.GrpcUtil (GrpcUtil.java:shutdownManagedChannel(216)) - Timed out gracefully shutting down connection: ManagedChannelOrphanWrapper{delegate=ManagedChannelImpl{logId=475, target=localhost:38061}}. 
2022-07-15 00:56:03,119 [java.util.concurrent.ThreadPoolExecutor$Worker@428684ed[State = -1, empty queue]] WARN  grpc.GrpcUtil (GrpcUtil.java:shutdownManagedChannel(216)) - Timed out gracefully shutting down connection: ManagedChannelOrphanWrapper{delegate=ManagedChannelImpl{logId=489, target=localhost:38061}}. 
2022-07-15 00:56:05,933 [java.util.concurrent.ThreadPoolExecutor$Worker@7bd4682f[State = -1, empty queue]] WARN  grpc.GrpcUtil (GrpcUtil.java:shutdownManagedChannel(216)) - Timed out gracefully shutting down connection: ManagedChannelOrphanWrapper{delegate=ManagedChannelImpl{logId=503, target=localhost:38061}}. 
2022-07-15 00:56:09,040 [java.util.concurrent.ThreadPoolExecutor$Worker@4b480b1f[State = -1, empty queue]] WARN  grpc.GrpcUtil (GrpcUtil.java:shutdownManagedChannel(216)) - Timed out gracefully shutting down connection: ManagedChannelOrphanWrapper{delegate=ManagedChannelImpl{logId=517, target=localhost:38061}}. 
2022-07-15 00:56:09,243 [java.util.concurrent.ThreadPoolExecutor$Worker@2989baa7[State = -1, empty queue]] WARN  grpc.GrpcUtil (GrpcUtil.java:shutdownManagedChannel(216)) - Timed out gracefully shutting down connection: ManagedChannelOrphanWrapper{delegate=ManagedChannelImpl{logId=531, target=localhost:38061}}. 
2022-07-15 00:56:09,672 [Timer-2] INFO  impl.MiniRaftCluster (MiniRaftCluster.java:lambda$null$5(314)) - TIMED-PRINT: printing ALL groups
  s0:  RUNNING  FOLLOWER s0@group-D993EBE7FE70:t3, leader=s1, voted=s1, raftlog=Memoized:s0@group-D993EBE7FE70-SegmentedRaftLog:OPENED:c76, conf=75: peers:[s0|rpc:localhost:45051|admin:localhost:42977|client:localhost:45097|dataStream:localhost:39217|priority:0|startupRole:FOLLOWER, s1|rpc:localhost:44071|admin:localhost:40507|client:localhost:38061|dataStream:localhost:38397|priority:0|startupRole:FOLLOWER, s2|rpc:localhost:38005|admin:localhost:46397|client:localhost:45965|dataStream:localhost:35133|priority:0|startupRole:FOLLOWER]|listeners:[], old=null RUNNING
  s1:  RUNNING    LEADER s1@group-D993EBE7FE70:t3, leader=s1, voted=s1, raftlog=Memoized:s1@group-D993EBE7FE70-SegmentedRaftLog:OPENED:c76, conf=75: peers:[s0|rpc:localhost:45051|admin:localhost:42977|client:localhost:45097|dataStream:localhost:39217|priority:0|startupRole:FOLLOWER, s1|rpc:localhost:44071|admin:localhost:40507|client:localhost:38061|dataStream:localhost:38397|priority:0|startupRole:FOLLOWER, s2|rpc:localhost:38005|admin:localhost:46397|client:localhost:45965|dataStream:localhost:35133|priority:0|startupRole:FOLLOWER]|listeners:[], old=null RUNNING
  s2:  RUNNING  FOLLOWER s2@group-D993EBE7FE70:t3, leader=s1, voted=s1, raftlog=Memoized:s2@group-D993EBE7FE70-SegmentedRaftLog:OPENED:c76, conf=75: peers:[s0|rpc:localhost:45051|admin:localhost:42977|client:localhost:45097|dataStream:localhost:39217|priority:0|startupRole:FOLLOWER, s1|rpc:localhost:44071|admin:localhost:40507|client:localhost:38061|dataStream:localhost:38397|priority:0|startupRole:FOLLOWER, s2|rpc:localhost:38005|admin:localhost:46397|client:localhost:45965|dataStream:localhost:35133|priority:0|startupRole:FOLLOWER]|listeners:[], old=null RUNNING
2022-07-15 00:56:12,045 [java.util.concurrent.ThreadPoolExecutor$Worker@333a60aa[State = -1, empty queue]] WARN  grpc.GrpcUtil (GrpcUtil.java:shutdownManagedChannel(216)) - Timed out gracefully shutting down connection: ManagedChannelOrphanWrapper{delegate=ManagedChannelImpl{logId=545, target=localhost:38061}}. 
2022-07-15 00:56:15,152 [java.util.concurrent.ThreadPoolExecutor$Worker@7a44d882[State = -1, empty queue]] WARN  grpc.GrpcUtil (GrpcUtil.java:shutdownManagedChannel(216)) - Timed out gracefully shutting down connection: ManagedChannelOrphanWrapper{delegate=ManagedChannelImpl{logId=559, target=localhost:38061}}. 
2022-07-15 00:56:15,353 [java.util.concurrent.ThreadPoolExecutor$Worker@6cbd6cbf[State = -1, empty queue]] WARN  grpc.GrpcUtil (GrpcUtil.java:shutdownManagedChannel(216)) - Timed out gracefully shutting down connection: ManagedChannelOrphanWrapper{delegate=ManagedChannelImpl{logId=573, target=localhost:38061}}. 
2022-07-15 00:56:18,163 [java.util.concurrent.ThreadPoolExecutor$Worker@5de48e3c[State = -1, empty queue]] WARN  grpc.GrpcUtil (GrpcUtil.java:shutdownManagedChannel(216)) - Timed out gracefully shutting down connection: ManagedChannelOrphanWrapper{delegate=ManagedChannelImpl{logId=587, target=localhost:38061}}. 
2022-07-15 00:56:19,673 [Timer-2] INFO  impl.MiniRaftCluster (MiniRaftCluster.java:lambda$null$5(314)) - TIMED-PRINT: printing ALL groups
  s0:  RUNNING  FOLLOWER s0@group-D993EBE7FE70:t3, leader=s1, voted=s1, raftlog=Memoized:s0@group-D993EBE7FE70-SegmentedRaftLog:OPENED:c76, conf=75: peers:[s0|rpc:localhost:45051|admin:localhost:42977|client:localhost:45097|dataStream:localhost:39217|priority:0|startupRole:FOLLOWER, s1|rpc:localhost:44071|admin:localhost:40507|client:localhost:38061|dataStream:localhost:38397|priority:0|startupRole:FOLLOWER, s2|rpc:localhost:38005|admin:localhost:46397|client:localhost:45965|dataStream:localhost:35133|priority:0|startupRole:FOLLOWER]|listeners:[], old=null RUNNING
  s1:  RUNNING    LEADER s1@group-D993EBE7FE70:t3, leader=s1, voted=s1, raftlog=Memoized:s1@group-D993EBE7FE70-SegmentedRaftLog:OPENED:c76, conf=75: peers:[s0|rpc:localhost:45051|admin:localhost:42977|client:localhost:45097|dataStream:localhost:39217|priority:0|startupRole:FOLLOWER, s1|rpc:localhost:44071|admin:localhost:40507|client:localhost:38061|dataStream:localhost:38397|priority:0|startupRole:FOLLOWER, s2|rpc:localhost:38005|admin:localhost:46397|client:localhost:45965|dataStream:localhost:35133|priority:0|startupRole:FOLLOWER]|listeners:[], old=null RUNNING
  s2:  RUNNING  FOLLOWER s2@group-D993EBE7FE70:t3, leader=s1, voted=s1, raftlog=Memoized:s2@group-D993EBE7FE70-SegmentedRaftLog:OPENED:c76, conf=75: peers:[s0|rpc:localhost:45051|admin:localhost:42977|client:localhost:45097|dataStream:localhost:39217|priority:0|startupRole:FOLLOWER, s1|rpc:localhost:44071|admin:localhost:40507|client:localhost:38061|dataStream:localhost:38397|priority:0|startupRole:FOLLOWER, s2|rpc:localhost:38005|admin:localhost:46397|client:localhost:45965|dataStream:localhost:35133|priority:0|startupRole:FOLLOWER]|listeners:[], old=null RUNNING
2022-07-15 00:56:21,265 [java.util.concurrent.ThreadPoolExecutor$Worker@58fd2078[State = -1, empty queue]] WARN  grpc.GrpcUtil (GrpcUtil.java:shutdownManagedChannel(216)) - Timed out gracefully shutting down connection: ManagedChannelOrphanWrapper{delegate=ManagedChannelImpl{logId=601, target=localhost:38061}}. 
2022-07-15 00:56:21,464 [java.util.concurrent.ThreadPoolExecutor$Worker@56f55add[State = -1, empty queue]] WARN  grpc.GrpcUtil (GrpcUtil.java:shutdownManagedChannel(216)) - Timed out gracefully shutting down connection: ManagedChannelOrphanWrapper{delegate=ManagedChannelImpl{logId=615, target=localhost:38061}}. 
2022-07-15 00:56:24,274 [java.util.concurrent.ThreadPoolExecutor$Worker@18b224c3[State = -1, empty queue]] WARN  grpc.GrpcUtil (GrpcUtil.java:shutdownManagedChannel(216)) - Timed out gracefully shutting down connection: ManagedChannelOrphanWrapper{delegate=ManagedChannelImpl{logId=629, target=localhost:38061}}. 
2022-07-15 00:56:27,377 [java.util.concurrent.ThreadPoolExecutor$Worker@2768b8de[State = -1, empty queue]] WARN  grpc.GrpcUtil (GrpcUtil.java:shutdownManagedChannel(216)) - Timed out gracefully shutting down connection: ManagedChannelOrphanWrapper{delegate=ManagedChannelImpl{logId=643, target=localhost:38061}}. 
2022-07-15 00:56:27,581 [java.util.concurrent.ThreadPoolExecutor$Worker@6f2b6842[State = -1, empty queue]] WARN  grpc.GrpcUtil (GrpcUtil.java:shutdownManagedChannel(216)) - Timed out gracefully shutting down connection: ManagedChannelOrphanWrapper{delegate=ManagedChannelImpl{logId=657, target=localhost:38061}}. 
2022-07-15 00:56:29,672 [Timer-2] INFO  impl.MiniRaftCluster (MiniRaftCluster.java:lambda$null$5(314)) - TIMED-PRINT: printing ALL groups
  s0:  RUNNING  FOLLOWER s0@group-D993EBE7FE70:t3, leader=s1, voted=s1, raftlog=Memoized:s0@group-D993EBE7FE70-SegmentedRaftLog:OPENED:c76, conf=75: peers:[s0|rpc:localhost:45051|admin:localhost:42977|client:localhost:45097|dataStream:localhost:39217|priority:0|startupRole:FOLLOWER, s1|rpc:localhost:44071|admin:localhost:40507|client:localhost:38061|dataStream:localhost:38397|priority:0|startupRole:FOLLOWER, s2|rpc:localhost:38005|admin:localhost:46397|client:localhost:45965|dataStream:localhost:35133|priority:0|startupRole:FOLLOWER]|listeners:[], old=null RUNNING
  s1:  RUNNING    LEADER s1@group-D993EBE7FE70:t3, leader=s1, voted=s1, raftlog=Memoized:s1@group-D993EBE7FE70-SegmentedRaftLog:OPENED:c76, conf=75: peers:[s0|rpc:localhost:45051|admin:localhost:42977|client:localhost:45097|dataStream:localhost:39217|priority:0|startupRole:FOLLOWER, s1|rpc:localhost:44071|admin:localhost:40507|client:localhost:38061|dataStream:localhost:38397|priority:0|startupRole:FOLLOWER, s2|rpc:localhost:38005|admin:localhost:46397|client:localhost:45965|dataStream:localhost:35133|priority:0|startupRole:FOLLOWER]|listeners:[], old=null RUNNING
  s2:  RUNNING  FOLLOWER s2@group-D993EBE7FE70:t3, leader=s1, voted=s1, raftlog=Memoized:s2@group-D993EBE7FE70-SegmentedRaftLog:OPENED:c76, conf=75: peers:[s0|rpc:localhost:45051|admin:localhost:42977|client:localhost:45097|dataStream:localhost:39217|priority:0|startupRole:FOLLOWER, s1|rpc:localhost:44071|admin:localhost:40507|client:localhost:38061|dataStream:localhost:38397|priority:0|startupRole:FOLLOWER, s2|rpc:localhost:38005|admin:localhost:46397|client:localhost:45965|dataStream:localhost:35133|priority:0|startupRole:FOLLOWER]|listeners:[], old=null RUNNING
2022-07-15 00:56:30,389 [java.util.concurrent.ThreadPoolExecutor$Worker@3007806c[State = -1, empty queue]] WARN  grpc.GrpcUtil (GrpcUtil.java:shutdownManagedChannel(216)) - Timed out gracefully shutting down connection: ManagedChannelOrphanWrapper{delegate=ManagedChannelImpl{logId=671, target=localhost:38061}}. 
2022-07-15 00:56:33,489 [java.util.concurrent.ThreadPoolExecutor$Worker@46bb1beb[State = -1, empty queue]] WARN  grpc.GrpcUtil (GrpcUtil.java:shutdownManagedChannel(216)) - Timed out gracefully shutting down connection: ManagedChannelOrphanWrapper{delegate=ManagedChannelImpl{logId=685, target=localhost:38061}}. 
2022-07-15 00:56:33,696 [java.util.concurrent.ThreadPoolExecutor$Worker@c0bc479[State = -1, empty queue]] WARN  grpc.GrpcUtil (GrpcUtil.java:shutdownManagedChannel(216)) - Timed out gracefully shutting down connection: ManagedChannelOrphanWrapper{delegate=ManagedChannelImpl{logId=699, target=localhost:38061}}. 
2022-07-15 00:56:36,502 [java.util.concurrent.ThreadPoolExecutor$Worker@4d981e24[State = -1, empty queue]] WARN  grpc.GrpcUtil (GrpcUtil.java:shutdownManagedChannel(216)) - Timed out gracefully shutting down connection: ManagedChannelOrphanWrapper{delegate=ManagedChannelImpl{logId=713, target=localhost:38061}}. 
2022-07-15 00:56:39,601 [java.util.concurrent.ThreadPoolExecutor$Worker@47a17edb[State = -1, empty queue]] WARN  grpc.GrpcUtil (GrpcUtil.java:shutdownManagedChannel(216)) - Timed out gracefully shutting down connection: ManagedChannelOrphanWrapper{delegate=ManagedChannelImpl{logId=727, target=localhost:38061}}. 
2022-07-15 00:56:39,673 [Timer-2] INFO  impl.MiniRaftCluster (MiniRaftCluster.java:lambda$null$5(314)) - TIMED-PRINT: printing ALL groups
  s0:  RUNNING  FOLLOWER s0@group-D993EBE7FE70:t3, leader=s1, voted=s1, raftlog=Memoized:s0@group-D993EBE7FE70-SegmentedRaftLog:OPENED:c76, conf=75: peers:[s0|rpc:localhost:45051|admin:localhost:42977|client:localhost:45097|dataStream:localhost:39217|priority:0|startupRole:FOLLOWER, s1|rpc:localhost:44071|admin:localhost:40507|client:localhost:38061|dataStream:localhost:38397|priority:0|startupRole:FOLLOWER, s2|rpc:localhost:38005|admin:localhost:46397|client:localhost:45965|dataStream:localhost:35133|priority:0|startupRole:FOLLOWER]|listeners:[], old=null RUNNING
  s1:  RUNNING    LEADER s1@group-D993EBE7FE70:t3, leader=s1, voted=s1, raftlog=Memoized:s1@group-D993EBE7FE70-SegmentedRaftLog:OPENED:c76, conf=75: peers:[s0|rpc:localhost:45051|admin:localhost:42977|client:localhost:45097|dataStream:localhost:39217|priority:0|startupRole:FOLLOWER, s1|rpc:localhost:44071|admin:localhost:40507|client:localhost:38061|dataStream:localhost:38397|priority:0|startupRole:FOLLOWER, s2|rpc:localhost:38005|admin:localhost:46397|client:localhost:45965|dataStream:localhost:35133|priority:0|startupRole:FOLLOWER]|listeners:[], old=null RUNNING
  s2:  RUNNING  FOLLOWER s2@group-D993EBE7FE70:t3, leader=s1, voted=s1, raftlog=Memoized:s2@group-D993EBE7FE70-SegmentedRaftLog:OPENED:c76, conf=75: peers:[s0|rpc:localhost:45051|admin:localhost:42977|client:localhost:45097|dataStream:localhost:39217|priority:0|startupRole:FOLLOWER, s1|rpc:localhost:44071|admin:localhost:40507|client:localhost:38061|dataStream:localhost:38397|priority:0|startupRole:FOLLOWER, s2|rpc:localhost:38005|admin:localhost:46397|client:localhost:45965|dataStream:localhost:35133|priority:0|startupRole:FOLLOWER]|listeners:[], old=null RUNNING
2022-07-15 00:56:39,806 [java.util.concurrent.ThreadPoolExecutor$Worker@17933be5[State = -1, empty queue]] WARN  grpc.GrpcUtil (GrpcUtil.java:shutdownManagedChannel(216)) - Timed out gracefully shutting down connection: ManagedChannelOrphanWrapper{delegate=ManagedChannelImpl{logId=741, target=localhost:38061}}. 
2022-07-15 00:56:42,617 [java.util.concurrent.ThreadPoolExecutor$Worker@4a964d22[State = -1, empty queue]] WARN  grpc.GrpcUtil (GrpcUtil.java:shutdownManagedChannel(216)) - Timed out gracefully shutting down connection: ManagedChannelOrphanWrapper{delegate=ManagedChannelImpl{logId=755, target=localhost:38061}}. 
2022-07-15 00:56:45,715 [java.util.concurrent.ThreadPoolExecutor$Worker@750631d4[State = -1, empty queue]] WARN  grpc.GrpcUtil (GrpcUtil.java:shutdownManagedChannel(216)) - Timed out gracefully shutting down connection: ManagedChannelOrphanWrapper{delegate=ManagedChannelImpl{logId=769, target=localhost:38061}}. 
2022-07-15 00:56:45,832 [s1-client-thread3] INFO  statemachine.StateMachine (DataStreamTestUtils.java:link(157)) - link null
2022-07-15 00:56:45,834 [s2-server-thread1] INFO  statemachine.StateMachine (DataStreamTestUtils.java:link(157)) - link null
2022-07-15 00:56:45,834 [s0-server-thread2] INFO  statemachine.StateMachine (DataStreamTestUtils.java:link(157)) - link null
2022-07-15 00:56:45,915 [java.util.concurrent.ThreadPoolExecutor$Worker@21b5e728[State = -1, empty queue]] WARN  grpc.GrpcUtil (GrpcUtil.java:shutdownManagedChannel(216)) - Timed out gracefully shutting down connection: ManagedChannelOrphanWrapper{delegate=ManagedChannelImpl{logId=783, target=localhost:38061}}. 
2022-07-15 00:56:46,030 [s1-client-thread3] INFO  statemachine.StateMachine (DataStreamTestUtils.java:link(157)) - link null
2022-07-15 00:56:46,033 [s0-server-thread2] INFO  statemachine.StateMachine (DataStreamTestUtils.java:link(157)) - link null
2022-07-15 00:56:46,033 [s2-server-thread1] INFO  statemachine.StateMachine (DataStreamTestUtils.java:link(157)) - link null
2022-07-15 00:56:48,729 [java.util.concurrent.ThreadPoolExecutor$Worker@5baf56da[State = -1, empty queue]] WARN  grpc.GrpcUtil (GrpcUtil.java:shutdownManagedChannel(216)) - Timed out gracefully shutting down connection: ManagedChannelOrphanWrapper{delegate=ManagedChannelImpl{logId=797, target=localhost:38061}}. 
2022-07-15 00:56:48,845 [s1-client-thread3] INFO  statemachine.StateMachine (DataStreamTestUtils.java:link(157)) - link null
2022-07-15 00:56:48,846 [s2-server-thread1] INFO  statemachine.StateMachine (DataStreamTestUtils.java:link(157)) - link null
2022-07-15 00:56:48,846 [s0-server-thread2] INFO  statemachine.StateMachine (DataStreamTestUtils.java:link(157)) - link null
2022-07-15 00:56:49,673 [Timer-2] INFO  impl.MiniRaftCluster (MiniRaftCluster.java:lambda$null$5(314)) - TIMED-PRINT: printing ALL groups
  s0:  RUNNING  FOLLOWER s0@group-D993EBE7FE70:t3, leader=s1, voted=s1, raftlog=Memoized:s0@group-D993EBE7FE70-SegmentedRaftLog:OPENED:c76, conf=75: peers:[s0|rpc:localhost:45051|admin:localhost:42977|client:localhost:45097|dataStream:localhost:39217|priority:0|startupRole:FOLLOWER, s1|rpc:localhost:44071|admin:localhost:40507|client:localhost:38061|dataStream:localhost:38397|priority:0|startupRole:FOLLOWER, s2|rpc:localhost:38005|admin:localhost:46397|client:localhost:45965|dataStream:localhost:35133|priority:0|startupRole:FOLLOWER]|listeners:[], old=null RUNNING
  s1:  RUNNING    LEADER s1@group-D993EBE7FE70:t3, leader=s1, voted=s1, raftlog=Memoized:s1@group-D993EBE7FE70-SegmentedRaftLog:OPENED:c76, conf=75: peers:[s0|rpc:localhost:45051|admin:localhost:42977|client:localhost:45097|dataStream:localhost:39217|priority:0|startupRole:FOLLOWER, s1|rpc:localhost:44071|admin:localhost:40507|client:localhost:38061|dataStream:localhost:38397|priority:0|startupRole:FOLLOWER, s2|rpc:localhost:38005|admin:localhost:46397|client:localhost:45965|dataStream:localhost:35133|priority:0|startupRole:FOLLOWER]|listeners:[], old=null RUNNING
  s2:  RUNNING  FOLLOWER s2@group-D993EBE7FE70:t3, leader=s1, voted=s1, raftlog=Memoized:s2@group-D993EBE7FE70-SegmentedRaftLog:OPENED:c76, conf=75: peers:[s0|rpc:localhost:45051|admin:localhost:42977|client:localhost:45097|dataStream:localhost:39217|priority:0|startupRole:FOLLOWER, s1|rpc:localhost:44071|admin:localhost:40507|client:localhost:38061|dataStream:localhost:38397|priority:0|startupRole:FOLLOWER, s2|rpc:localhost:38005|admin:localhost:46397|client:localhost:45965|dataStream:localhost:35133|priority:0|startupRole:FOLLOWER]|listeners:[], old=null RUNNING
2022-07-15 00:56:51,829 [java.util.concurrent.ThreadPoolExecutor$Worker@51e5eecc[State = -1, empty queue]] WARN  grpc.GrpcUtil (GrpcUtil.java:shutdownManagedChannel(216)) - Timed out gracefully shutting down connection: ManagedChannelOrphanWrapper{delegate=ManagedChannelImpl{logId=811, target=localhost:38061}}. 
2022-07-15 00:56:51,831 [java.util.concurrent.ThreadPoolExecutor$Worker@51e5eecc[State = -1, empty queue]] WARN  server.GrpcLogAppender (GrpcLogAppender.java:timeoutAppendRequest(240)) - s1@group-D993EBE7FE70->s0-GrpcLogAppender:  appendEntries Timeout, request=AppendEntriesRequest:cid=812,entriesCount=1,lastEntry=(t:3, i:84)
2022-07-15 00:56:51,832 [java.util.concurrent.ThreadPoolExecutor$Worker@51e5eecc[State = -1, empty queue]] WARN  server.GrpcLogAppender (GrpcLogAppender.java:timeoutAppendRequest(240)) - s1@group-D993EBE7FE70->s2-GrpcLogAppender:  appendEntries Timeout, request=AppendEntriesRequest:cid=811,entriesCount=1,lastEntry=(t:3, i:84)
2022-07-15 00:56:52,026 [java.util.concurrent.ThreadPoolExecutor$Worker@650c09c[State = -1, empty queue]] WARN  grpc.GrpcUtil (GrpcUtil.java:shutdownManagedChannel(216)) - Timed out gracefully shutting down connection: ManagedChannelOrphanWrapper{delegate=ManagedChannelImpl{logId=825, target=localhost:38061}}. 
2022-07-15 00:56:52,028 [java.util.concurrent.ThreadPoolExecutor$Worker@650c09c[State = -1, empty queue]] WARN  server.GrpcLogAppender (GrpcLogAppender.java:timeoutAppendRequest(240)) - s1@group-D993EBE7FE70->s2-GrpcLogAppender:  appendEntries Timeout, request=AppendEntriesRequest:cid=814,entriesCount=1,lastEntry=(t:3, i:85)
2022-07-15 00:56:52,028 [java.util.concurrent.ThreadPoolExecutor$Worker@650c09c[State = -1, empty queue]] WARN  server.GrpcLogAppender (GrpcLogAppender.java:timeoutAppendRequest(240)) - s1@group-D993EBE7FE70->s0-GrpcLogAppender:  appendEntries Timeout, request=AppendEntriesRequest:cid=816,entriesCount=1,lastEntry=(t:3, i:85)
2022-07-15 00:56:54,843 [java.util.concurrent.ThreadPoolExecutor$Worker@71ec7154[State = -1, empty queue]] WARN  grpc.GrpcUtil (GrpcUtil.java:shutdownManagedChannel(216)) - Timed out gracefully shutting down connection: ManagedChannelOrphanWrapper{delegate=ManagedChannelImpl{logId=839, target=localhost:38061}}. 
2022-07-15 00:56:54,846 [java.util.concurrent.ThreadPoolExecutor$Worker@71ec7154[State = -1, empty queue]] WARN  server.GrpcLogAppender (GrpcLogAppender.java:timeoutAppendRequest(240)) - s1@group-D993EBE7FE70->s2-GrpcLogAppender:  appendEntries Timeout, request=AppendEntriesRequest:cid=852,entriesCount=1,lastEntry=(t:3, i:86)
2022-07-15 00:56:54,846 [java.util.concurrent.ThreadPoolExecutor$Worker@71ec7154[State = -1, empty queue]] WARN  server.GrpcLogAppender (GrpcLogAppender.java:timeoutAppendRequest(240)) - s1@group-D993EBE7FE70->s0-GrpcLogAppender:  appendEntries Timeout, request=AppendEntriesRequest:cid=853,entriesCount=1,lastEntry=(t:3, i:86)
2022-07-15 00:56:57,942 [java.util.concurrent.ThreadPoolExecutor$Worker@7bde7e1b[State = -1, empty queue]] WARN  grpc.GrpcUtil (GrpcUtil.java:shutdownManagedChannel(216)) - Timed out gracefully shutting down connection: ManagedChannelOrphanWrapper{delegate=ManagedChannelImpl{logId=853, target=localhost:38061}}. 
2022-07-15 00:56:58,137 [java.util.concurrent.ThreadPoolExecutor$Worker@2c241dd[State = -1, empty queue]] WARN  grpc.GrpcUtil (GrpcUtil.java:shutdownManagedChannel(216)) - Timed out gracefully shutting down connection: ManagedChannelOrphanWrapper{delegate=ManagedChannelImpl{logId=867, target=localhost:38061}}. 
2022-07-15 00:56:59,672 [Timer-2] INFO  impl.MiniRaftCluster (MiniRaftCluster.java:lambda$null$5(314)) - TIMED-PRINT: printing ALL groups
  s0:  RUNNING  FOLLOWER s0@group-D993EBE7FE70:t3, leader=s1, voted=s1, raftlog=Memoized:s0@group-D993EBE7FE70-SegmentedRaftLog:OPENED:c76, conf=75: peers:[s0|rpc:localhost:45051|admin:localhost:42977|client:localhost:45097|dataStream:localhost:39217|priority:0|startupRole:FOLLOWER, s1|rpc:localhost:44071|admin:localhost:40507|client:localhost:38061|dataStream:localhost:38397|priority:0|startupRole:FOLLOWER, s2|rpc:localhost:38005|admin:localhost:46397|client:localhost:45965|dataStream:localhost:35133|priority:0|startupRole:FOLLOWER]|listeners:[], old=null RUNNING
  s1:  RUNNING    LEADER s1@group-D993EBE7FE70:t3, leader=s1, voted=s1, raftlog=Memoized:s1@group-D993EBE7FE70-SegmentedRaftLog:OPENED:c76, conf=75: peers:[s0|rpc:localhost:45051|admin:localhost:42977|client:localhost:45097|dataStream:localhost:39217|priority:0|startupRole:FOLLOWER, s1|rpc:localhost:44071|admin:localhost:40507|client:localhost:38061|dataStream:localhost:38397|priority:0|startupRole:FOLLOWER, s2|rpc:localhost:38005|admin:localhost:46397|client:localhost:45965|dataStream:localhost:35133|priority:0|startupRole:FOLLOWER]|listeners:[], old=null RUNNING
  s2:  RUNNING  FOLLOWER s2@group-D993EBE7FE70:t3, leader=s1, voted=s1, raftlog=Memoized:s2@group-D993EBE7FE70-SegmentedRaftLog:OPENED:c76, conf=75: peers:[s0|rpc:localhost:45051|admin:localhost:42977|client:localhost:45097|dataStream:localhost:39217|priority:0|startupRole:FOLLOWER, s1|rpc:localhost:44071|admin:localhost:40507|client:localhost:38061|dataStream:localhost:38397|priority:0|startupRole:FOLLOWER, s2|rpc:localhost:38005|admin:localhost:46397|client:localhost:45965|dataStream:localhost:35133|priority:0|startupRole:FOLLOWER]|listeners:[], old=null RUNNING
2022-07-15 00:57:00,968 [java.util.concurrent.ThreadPoolExecutor$Worker@39305e77[State = -1, empty queue]] WARN  grpc.GrpcUtil (GrpcUtil.java:shutdownManagedChannel(216)) - Timed out gracefully shutting down connection: ManagedChannelOrphanWrapper{delegate=ManagedChannelImpl{logId=881, target=localhost:38061}}. 
2022-07-15 00:57:04,054 [java.util.concurrent.ThreadPoolExecutor$Worker@101d905b[State = -1, empty queue]] WARN  grpc.GrpcUtil (GrpcUtil.java:shutdownManagedChannel(216)) - Timed out gracefully shutting down connection: ManagedChannelOrphanWrapper{delegate=ManagedChannelImpl{logId=895, target=localhost:38061}}. 
2022-07-15 00:57:04,247 [java.util.concurrent.ThreadPoolExecutor$Worker@5feb0c0b[State = -1, empty queue]] WARN  grpc.GrpcUtil (GrpcUtil.java:shutdownManagedChannel(216)) - Timed out gracefully shutting down connection: ManagedChannelOrphanWrapper{delegate=ManagedChannelImpl{logId=909, target=localhost:38061}}. 
2022-07-15 00:57:07,081 [java.util.concurrent.ThreadPoolExecutor$Worker@6976fa6b[State = -1, empty queue]] WARN  grpc.GrpcUtil (GrpcUtil.java:shutdownManagedChannel(216)) - Timed out gracefully shutting down connection: ManagedChannelOrphanWrapper{delegate=ManagedChannelImpl{logId=923, target=localhost:38061}}. 
2022-07-15 00:57:09,673 [Timer-2] INFO  impl.MiniRaftCluster (MiniRaftCluster.java:lambda$null$5(314)) - TIMED-PRINT: printing ALL groups
  s0:  RUNNING  FOLLOWER s0@group-D993EBE7FE70:t3, leader=s1, voted=s1, raftlog=Memoized:s0@group-D993EBE7FE70-SegmentedRaftLog:OPENED:c76, conf=75: peers:[s0|rpc:localhost:45051|admin:localhost:42977|client:localhost:45097|dataStream:localhost:39217|priority:0|startupRole:FOLLOWER, s1|rpc:localhost:44071|admin:localhost:40507|client:localhost:38061|dataStream:localhost:38397|priority:0|startupRole:FOLLOWER, s2|rpc:localhost:38005|admin:localhost:46397|client:localhost:45965|dataStream:localhost:35133|priority:0|startupRole:FOLLOWER]|listeners:[], old=null RUNNING
  s1:  RUNNING    LEADER s1@group-D993EBE7FE70:t3, leader=s1, voted=s1, raftlog=Memoized:s1@group-D993EBE7FE70-SegmentedRaftLog:OPENED:c76, conf=75: peers:[s0|rpc:localhost:45051|admin:localhost:42977|client:localhost:45097|dataStream:localhost:39217|priority:0|startupRole:FOLLOWER, s1|rpc:localhost:44071|admin:localhost:40507|client:localhost:38061|dataStream:localhost:38397|priority:0|startupRole:FOLLOWER, s2|rpc:localhost:38005|admin:localhost:46397|client:localhost:45965|dataStream:localhost:35133|priority:0|startupRole:FOLLOWER]|listeners:[], old=null RUNNING
  s2:  RUNNING  FOLLOWER s2@group-D993EBE7FE70:t3, leader=s1, voted=s1, raftlog=Memoized:s2@group-D993EBE7FE70-SegmentedRaftLog:OPENED:c76, conf=75: peers:[s0|rpc:localhost:45051|admin:localhost:42977|client:localhost:45097|dataStream:localhost:39217|priority:0|startupRole:FOLLOWER, s1|rpc:localhost:44071|admin:localhost:40507|client:localhost:38061|dataStream:localhost:38397|priority:0|startupRole:FOLLOWER, s2|rpc:localhost:38005|admin:localhost:46397|client:localhost:45965|dataStream:localhost:35133|priority:0|startupRole:FOLLOWER]|listeners:[], old=null RUNNING
2022-07-15 00:57:10,174 [java.util.concurrent.ThreadPoolExecutor$Worker@2ecf81ef[State = -1, empty queue]] WARN  grpc.GrpcUtil (GrpcUtil.java:shutdownManagedChannel(216)) - Timed out gracefully shutting down connection: ManagedChannelOrphanWrapper{delegate=ManagedChannelImpl{logId=937, target=localhost:38061}}. 
2022-07-15 00:57:10,358 [java.util.concurrent.ThreadPoolExecutor$Worker@70b493ff[State = -1, empty queue]] WARN  grpc.GrpcUtil (GrpcUtil.java:shutdownManagedChannel(216)) - Timed out gracefully shutting down connection: ManagedChannelOrphanWrapper{delegate=ManagedChannelImpl{logId=951, target=localhost:38061}}. 
2022-07-15 00:57:13,198 [java.util.concurrent.ThreadPoolExecutor$Worker@48dcde72[State = -1, empty queue]] WARN  grpc.GrpcUtil (GrpcUtil.java:shutdownManagedChannel(216)) - Timed out gracefully shutting down connection: ManagedChannelOrphanWrapper{delegate=ManagedChannelImpl{logId=965, target=localhost:38061}}. 
2022-07-15 00:57:16,285 [java.util.concurrent.ThreadPoolExecutor$Worker@2293e73[State = -1, empty queue]] WARN  grpc.GrpcUtil (GrpcUtil.java:shutdownManagedChannel(216)) - Timed out gracefully shutting down connection: ManagedChannelOrphanWrapper{delegate=ManagedChannelImpl{logId=979, target=localhost:38061}}. 
2022-07-15 00:57:16,476 [java.util.concurrent.ThreadPoolExecutor$Worker@5cb2d316[State = -1, empty queue]] WARN  grpc.GrpcUtil (GrpcUtil.java:shutdownManagedChannel(216)) - Timed out gracefully shutting down connection: ManagedChannelOrphanWrapper{delegate=ManagedChannelImpl{logId=993, target=localhost:38061}}. 
2022-07-15 00:57:19,309 [java.util.concurrent.ThreadPoolExecutor$Worker@4d2888e2[State = -1, empty queue]] WARN  grpc.GrpcUtil (GrpcUtil.java:shutdownManagedChannel(216)) - Timed out gracefully shutting down connection: ManagedChannelOrphanWrapper{delegate=ManagedChannelImpl{logId=1007, target=localhost:38061}}. 
2022-07-15 00:57:19,672 [Timer-2] INFO  impl.MiniRaftCluster (MiniRaftCluster.java:lambda$null$5(314)) - TIMED-PRINT: printing ALL groups
  s0:  RUNNING  FOLLOWER s0@group-D993EBE7FE70:t3, leader=s1, voted=s1, raftlog=Memoized:s0@group-D993EBE7FE70-SegmentedRaftLog:OPENED:c76, conf=75: peers:[s0|rpc:localhost:45051|admin:localhost:42977|client:localhost:45097|dataStream:localhost:39217|priority:0|startupRole:FOLLOWER, s1|rpc:localhost:44071|admin:localhost:40507|client:localhost:38061|dataStream:localhost:38397|priority:0|startupRole:FOLLOWER, s2|rpc:localhost:38005|admin:localhost:46397|client:localhost:45965|dataStream:localhost:35133|priority:0|startupRole:FOLLOWER]|listeners:[], old=null RUNNING
  s1:  RUNNING    LEADER s1@group-D993EBE7FE70:t3, leader=s1, voted=s1, raftlog=Memoized:s1@group-D993EBE7FE70-SegmentedRaftLog:OPENED:c76, conf=75: peers:[s0|rpc:localhost:45051|admin:localhost:42977|client:localhost:45097|dataStream:localhost:39217|priority:0|startupRole:FOLLOWER, s1|rpc:localhost:44071|admin:localhost:40507|client:localhost:38061|dataStream:localhost:38397|priority:0|startupRole:FOLLOWER, s2|rpc:localhost:38005|admin:localhost:46397|client:localhost:45965|dataStream:localhost:35133|priority:0|startupRole:FOLLOWER]|listeners:[], old=null RUNNING
  s2:  RUNNING  FOLLOWER s2@group-D993EBE7FE70:t3, leader=s1, voted=s1, raftlog=Memoized:s2@group-D993EBE7FE70-SegmentedRaftLog:OPENED:c76, conf=75: peers:[s0|rpc:localhost:45051|admin:localhost:42977|client:localhost:45097|dataStream:localhost:39217|priority:0|startupRole:FOLLOWER, s1|rpc:localhost:44071|admin:localhost:40507|client:localhost:38061|dataStream:localhost:38397|priority:0|startupRole:FOLLOWER, s2|rpc:localhost:38005|admin:localhost:46397|client:localhost:45965|dataStream:localhost:35133|priority:0|startupRole:FOLLOWER]|listeners:[], old=null RUNNING
2022-07-15 00:57:22,396 [java.util.concurrent.ThreadPoolExecutor$Worker@967422b[State = -1, empty queue]] WARN  grpc.GrpcUtil (GrpcUtil.java:shutdownManagedChannel(216)) - Timed out gracefully shutting down connection: ManagedChannelOrphanWrapper{delegate=ManagedChannelImpl{logId=1021, target=localhost:38061}}. 
2022-07-15 00:57:22,588 [java.util.concurrent.ThreadPoolExecutor$Worker@27c564f[State = -1, empty queue]] WARN  grpc.GrpcUtil (GrpcUtil.java:shutdownManagedChannel(216)) - Timed out gracefully shutting down connection: ManagedChannelOrphanWrapper{delegate=ManagedChannelImpl{logId=1035, target=localhost:38061}}. 
2022-07-15 00:57:25,428 [java.util.concurrent.ThreadPoolExecutor$Worker@53a2e024[State = -1, empty queue]] WARN  grpc.GrpcUtil (GrpcUtil.java:shutdownManagedChannel(216)) - Timed out gracefully shutting down connection: ManagedChannelOrphanWrapper{delegate=ManagedChannelImpl{logId=1049, target=localhost:38061}}. 
2022-07-15 00:57:28,507 [java.util.concurrent.ThreadPoolExecutor$Worker@5e4d68d5[State = -1, empty queue]] WARN  grpc.GrpcUtil (GrpcUtil.java:shutdownManagedChannel(216)) - Timed out gracefully shutting down connection: ManagedChannelOrphanWrapper{delegate=ManagedChannelImpl{logId=1063, target=localhost:38061}}. 
2022-07-15 00:57:28,697 [java.util.concurrent.ThreadPoolExecutor$Worker@5df98ef8[State = -1, empty queue]] WARN  grpc.GrpcUtil (GrpcUtil.java:shutdownManagedChannel(216)) - Timed out gracefully shutting down connection: ManagedChannelOrphanWrapper{delegate=ManagedChannelImpl{logId=1077, target=localhost:38061}}. 
2022-07-15 00:57:29,673 [Timer-2] INFO  impl.MiniRaftCluster (MiniRaftCluster.java:lambda$null$5(314)) - TIMED-PRINT: printing ALL groups
  s0:  RUNNING  FOLLOWER s0@group-D993EBE7FE70:t3, leader=s1, voted=s1, raftlog=Memoized:s0@group-D993EBE7FE70-SegmentedRaftLog:OPENED:c76, conf=75: peers:[s0|rpc:localhost:45051|admin:localhost:42977|client:localhost:45097|dataStream:localhost:39217|priority:0|startupRole:FOLLOWER, s1|rpc:localhost:44071|admin:localhost:40507|client:localhost:38061|dataStream:localhost:38397|priority:0|startupRole:FOLLOWER, s2|rpc:localhost:38005|admin:localhost:46397|client:localhost:45965|dataStream:localhost:35133|priority:0|startupRole:FOLLOWER]|listeners:[], old=null RUNNING
  s1:  RUNNING    LEADER s1@group-D993EBE7FE70:t3, leader=s1, voted=s1, raftlog=Memoized:s1@group-D993EBE7FE70-SegmentedRaftLog:OPENED:c76, conf=75: peers:[s0|rpc:localhost:45051|admin:localhost:42977|client:localhost:45097|dataStream:localhost:39217|priority:0|startupRole:FOLLOWER, s1|rpc:localhost:44071|admin:localhost:40507|client:localhost:38061|dataStream:localhost:38397|priority:0|startupRole:FOLLOWER, s2|rpc:localhost:38005|admin:localhost:46397|client:localhost:45965|dataStream:localhost:35133|priority:0|startupRole:FOLLOWER]|listeners:[], old=null RUNNING
  s2:  RUNNING  FOLLOWER s2@group-D993EBE7FE70:t3, leader=s1, voted=s1, raftlog=Memoized:s2@group-D993EBE7FE70-SegmentedRaftLog:OPENED:c76, conf=75: peers:[s0|rpc:localhost:45051|admin:localhost:42977|client:localhost:45097|dataStream:localhost:39217|priority:0|startupRole:FOLLOWER, s1|rpc:localhost:44071|admin:localhost:40507|client:localhost:38061|dataStream:localhost:38397|priority:0|startupRole:FOLLOWER, s2|rpc:localhost:38005|admin:localhost:46397|client:localhost:45965|dataStream:localhost:35133|priority:0|startupRole:FOLLOWER]|listeners:[], old=null RUNNING
2022-07-15 00:57:31,548 [java.util.concurrent.ThreadPoolExecutor$Worker@7066fc8b[State = -1, empty queue]] WARN  grpc.GrpcUtil (GrpcUtil.java:shutdownManagedChannel(216)) - Timed out gracefully shutting down connection: ManagedChannelOrphanWrapper{delegate=ManagedChannelImpl{logId=1091, target=localhost:38061}}. 
2022-07-15 00:57:34,619 [java.util.concurrent.ThreadPoolExecutor$Worker@e6447ac[State = -1, empty queue]] WARN  grpc.GrpcUtil (GrpcUtil.java:shutdownManagedChannel(216)) - Timed out gracefully shutting down connection: ManagedChannelOrphanWrapper{delegate=ManagedChannelImpl{logId=1105, target=localhost:38061}}. 
2022-07-15 00:57:34,808 [java.util.concurrent.ThreadPoolExecutor$Worker@5221257f[State = -1, empty queue]] WARN  grpc.GrpcUtil (GrpcUtil.java:shutdownManagedChannel(216)) - Timed out gracefully shutting down connection: ManagedChannelOrphanWrapper{delegate=ManagedChannelImpl{logId=1119, target=localhost:38061}}. 
2022-07-15 00:57:37,659 [java.util.concurrent.ThreadPoolExecutor$Worker@307f1338[State = -1, empty queue]] WARN  grpc.GrpcUtil (GrpcUtil.java:shutdownManagedChannel(216)) - Timed out gracefully shutting down connection: ManagedChannelOrphanWrapper{delegate=ManagedChannelImpl{logId=1133, target=localhost:38061}}. 
2022-07-15 00:57:39,672 [Timer-2] INFO  impl.MiniRaftCluster (MiniRaftCluster.java:lambda$null$5(314)) - TIMED-PRINT: printing ALL groups
  s0:  RUNNING  FOLLOWER s0@group-D993EBE7FE70:t3, leader=s1, voted=s1, raftlog=Memoized:s0@group-D993EBE7FE70-SegmentedRaftLog:OPENED:c76, conf=75: peers:[s0|rpc:localhost:45051|admin:localhost:42977|client:localhost:45097|dataStream:localhost:39217|priority:0|startupRole:FOLLOWER, s1|rpc:localhost:44071|admin:localhost:40507|client:localhost:38061|dataStream:localhost:38397|priority:0|startupRole:FOLLOWER, s2|rpc:localhost:38005|admin:localhost:46397|client:localhost:45965|dataStream:localhost:35133|priority:0|startupRole:FOLLOWER]|listeners:[], old=null RUNNING
  s1:  RUNNING    LEADER s1@group-D993EBE7FE70:t3, leader=s1, voted=s1, raftlog=Memoized:s1@group-D993EBE7FE70-SegmentedRaftLog:OPENED:c76, conf=75: peers:[s0|rpc:localhost:45051|admin:localhost:42977|client:localhost:45097|dataStream:localhost:39217|priority:0|startupRole:FOLLOWER, s1|rpc:localhost:44071|admin:localhost:40507|client:localhost:38061|dataStream:localhost:38397|priority:0|startupRole:FOLLOWER, s2|rpc:localhost:38005|admin:localhost:46397|client:localhost:45965|dataStream:localhost:35133|priority:0|startupRole:FOLLOWER]|listeners:[], old=null RUNNING
  s2:  RUNNING  FOLLOWER s2@group-D993EBE7FE70:t3, leader=s1, voted=s1, raftlog=Memoized:s2@group-D993EBE7FE70-SegmentedRaftLog:OPENED:c76, conf=75: peers:[s0|rpc:localhost:45051|admin:localhost:42977|client:localhost:45097|dataStream:localhost:39217|priority:0|startupRole:FOLLOWER, s1|rpc:localhost:44071|admin:localhost:40507|client:localhost:38061|dataStream:localhost:38397|priority:0|startupRole:FOLLOWER, s2|rpc:localhost:38005|admin:localhost:46397|client:localhost:45965|dataStream:localhost:35133|priority:0|startupRole:FOLLOWER]|listeners:[], old=null RUNNING
2022-07-15 00:57:40,733 [java.util.concurrent.ThreadPoolExecutor$Worker@5844b40f[State = -1, empty queue]] WARN  grpc.GrpcUtil (GrpcUtil.java:shutdownManagedChannel(216)) - Timed out gracefully shutting down connection: ManagedChannelOrphanWrapper{delegate=ManagedChannelImpl{logId=1147, target=localhost:38061}}. 
2022-07-15 00:57:40,918 [java.util.concurrent.ThreadPoolExecutor$Worker@6de7ff29[State = -1, empty queue]] WARN  grpc.GrpcUtil (GrpcUtil.java:shutdownManagedChannel(216)) - Timed out gracefully shutting down connection: ManagedChannelOrphanWrapper{delegate=ManagedChannelImpl{logId=1161, target=localhost:38061}}. 
2022-07-15 00:57:43,776 [java.util.concurrent.ThreadPoolExecutor$Worker@74eb80a2[State = -1, empty queue]] WARN  grpc.GrpcUtil (GrpcUtil.java:shutdownManagedChannel(216)) - Timed out gracefully shutting down connection: ManagedChannelOrphanWrapper{delegate=ManagedChannelImpl{logId=1175, target=localhost:38061}}. 
2022-07-15 00:57:46,846 [java.util.concurrent.ThreadPoolExecutor$Worker@1c5a906e[State = -1, empty queue]] WARN  grpc.GrpcUtil (GrpcUtil.java:shutdownManagedChannel(216)) - Timed out gracefully shutting down connection: ManagedChannelOrphanWrapper{delegate=ManagedChannelImpl{logId=1189, target=localhost:38061}}. 
2022-07-15 00:57:46,960 [s1-client-thread3] INFO  statemachine.StateMachine (DataStreamTestUtils.java:link(157)) - link null
2022-07-15 00:57:46,961 [s2-server-thread1] INFO  statemachine.StateMachine (DataStreamTestUtils.java:link(157)) - link null
2022-07-15 00:57:46,961 [s0-server-thread2] INFO  statemachine.StateMachine (DataStreamTestUtils.java:link(157)) - link null
2022-07-15 00:57:47,026 [java.util.concurrent.ThreadPoolExecutor$Worker@30a88cff[State = -1, empty queue]] WARN  grpc.GrpcUtil (GrpcUtil.java:shutdownManagedChannel(216)) - Timed out gracefully shutting down connection: ManagedChannelOrphanWrapper{delegate=ManagedChannelImpl{logId=1203, target=localhost:38061}}. 
2022-07-15 00:57:47,139 [s1-client-thread3] INFO  statemachine.StateMachine (DataStreamTestUtils.java:link(157)) - link null
2022-07-15 00:57:47,140 [s2-server-thread1] INFO  statemachine.StateMachine (DataStreamTestUtils.java:link(157)) - link null
2022-07-15 00:57:47,141 [s0-server-thread2] INFO  statemachine.StateMachine (DataStreamTestUtils.java:link(157)) - link null
2022-07-15 00:57:49,673 [Timer-2] INFO  impl.MiniRaftCluster (MiniRaftCluster.java:lambda$null$5(314)) - TIMED-PRINT: printing ALL groups
  s0:  RUNNING  FOLLOWER s0@group-D993EBE7FE70:t3, leader=s1, voted=s1, raftlog=Memoized:s0@group-D993EBE7FE70-SegmentedRaftLog:OPENED:c76, conf=75: peers:[s0|rpc:localhost:45051|admin:localhost:42977|client:localhost:45097|dataStream:localhost:39217|priority:0|startupRole:FOLLOWER, s1|rpc:localhost:44071|admin:localhost:40507|client:localhost:38061|dataStream:localhost:38397|priority:0|startupRole:FOLLOWER, s2|rpc:localhost:38005|admin:localhost:46397|client:localhost:45965|dataStream:localhost:35133|priority:0|startupRole:FOLLOWER]|listeners:[], old=null RUNNING
  s1:  RUNNING    LEADER s1@group-D993EBE7FE70:t3, leader=s1, voted=s1, raftlog=Memoized:s1@group-D993EBE7FE70-SegmentedRaftLog:OPENED:c76, conf=75: peers:[s0|rpc:localhost:45051|admin:localhost:42977|client:localhost:45097|dataStream:localhost:39217|priority:0|startupRole:FOLLOWER, s1|rpc:localhost:44071|admin:localhost:40507|client:localhost:38061|dataStream:localhost:38397|priority:0|startupRole:FOLLOWER, s2|rpc:localhost:38005|admin:localhost:46397|client:localhost:45965|dataStream:localhost:35133|priority:0|startupRole:FOLLOWER]|listeners:[], old=null RUNNING
  s2:  RUNNING  FOLLOWER s2@group-D993EBE7FE70:t3, leader=s1, voted=s1, raftlog=Memoized:s2@group-D993EBE7FE70-SegmentedRaftLog:OPENED:c76, conf=75: peers:[s0|rpc:localhost:45051|admin:localhost:42977|client:localhost:45097|dataStream:localhost:39217|priority:0|startupRole:FOLLOWER, s1|rpc:localhost:44071|admin:localhost:40507|client:localhost:38061|dataStream:localhost:38397|priority:0|startupRole:FOLLOWER, s2|rpc:localhost:38005|admin:localhost:46397|client:localhost:45965|dataStream:localhost:35133|priority:0|startupRole:FOLLOWER]|listeners:[], old=null RUNNING
2022-07-15 00:57:49,887 [java.util.concurrent.ThreadPoolExecutor$Worker@11d48825[State = -1, empty queue]] WARN  grpc.GrpcUtil (GrpcUtil.java:shutdownManagedChannel(216)) - Timed out gracefully shutting down connection: ManagedChannelOrphanWrapper{delegate=ManagedChannelImpl{logId=1217, target=localhost:38061}}. 
2022-07-15 00:57:49,999 [s1-client-thread3] INFO  statemachine.StateMachine (DataStreamTestUtils.java:link(157)) - link null
2022-07-15 00:57:50,001 [s2-server-thread1] INFO  statemachine.StateMachine (DataStreamTestUtils.java:link(157)) - link null
2022-07-15 00:57:50,002 [s0-server-thread2] INFO  statemachine.StateMachine (DataStreamTestUtils.java:link(157)) - link null
2022-07-15 00:57:52,960 [java.util.concurrent.ThreadPoolExecutor$Worker@7be066e5[State = -1, empty queue]] WARN  grpc.GrpcUtil (GrpcUtil.java:shutdownManagedChannel(216)) - Timed out gracefully shutting down connection: ManagedChannelOrphanWrapper{delegate=ManagedChannelImpl{logId=1231, target=localhost:38061}}. 
2022-07-15 00:57:52,962 [java.util.concurrent.ThreadPoolExecutor$Worker@7be066e5[State = -1, empty queue]] WARN  server.GrpcLogAppender (GrpcLogAppender.java:timeoutAppendRequest(240)) - s1@group-D993EBE7FE70->s0-GrpcLogAppender:  appendEntries Timeout, request=AppendEntriesRequest:cid=1614,entriesCount=1,lastEntry=(t:3, i:87)
2022-07-15 00:57:52,962 [java.util.concurrent.ThreadPoolExecutor$Worker@7be066e5[State = -1, empty queue]] WARN  server.GrpcLogAppender (GrpcLogAppender.java:timeoutAppendRequest(240)) - s1@group-D993EBE7FE70->s2-GrpcLogAppender:  appendEntries Timeout, request=AppendEntriesRequest:cid=1613,entriesCount=1,lastEntry=(t:3, i:87)
2022-07-15 00:57:53,138 [java.util.concurrent.ThreadPoolExecutor$Worker@42912896[State = -1, empty queue]] WARN  grpc.GrpcUtil (GrpcUtil.java:shutdownManagedChannel(216)) - Timed out gracefully shutting down connection: ManagedChannelOrphanWrapper{delegate=ManagedChannelImpl{logId=1245, target=localhost:38061}}. 
2022-07-15 00:57:53,140 [java.util.concurrent.ThreadPoolExecutor$Worker@42912896[State = -1, empty queue]] WARN  server.GrpcLogAppender (GrpcLogAppender.java:timeoutAppendRequest(240)) - s1@group-D993EBE7FE70->s2-GrpcLogAppender:  appendEntries Timeout, request=AppendEntriesRequest:cid=1616,entriesCount=1,lastEntry=(t:3, i:88)
2022-07-15 00:57:53,140 [java.util.concurrent.ThreadPoolExecutor$Worker@42912896[State = -1, empty queue]] WARN  server.GrpcLogAppender (GrpcLogAppender.java:timeoutAppendRequest(240)) - s1@group-D993EBE7FE70->s0-GrpcLogAppender:  appendEntries Timeout, request=AppendEntriesRequest:cid=1617,entriesCount=1,lastEntry=(t:3, i:88)
2022-07-15 00:57:55,999 [java.util.concurrent.ThreadPoolExecutor$Worker@375ce258[State = -1, empty queue]] WARN  grpc.GrpcUtil (GrpcUtil.java:shutdownManagedChannel(216)) - Timed out gracefully shutting down connection: ManagedChannelOrphanWrapper{delegate=ManagedChannelImpl{logId=1259, target=localhost:38061}}. 
2022-07-15 00:57:56,001 [java.util.concurrent.ThreadPoolExecutor$Worker@375ce258[State = -1, empty queue]] WARN  server.GrpcLogAppender (GrpcLogAppender.java:timeoutAppendRequest(240)) - s1@group-D993EBE7FE70->s0-GrpcLogAppender:  appendEntries Timeout, request=AppendEntriesRequest:cid=1656,entriesCount=1,lastEntry=(t:3, i:89)
2022-07-15 00:57:56,001 [java.util.concurrent.ThreadPoolExecutor$Worker@375ce258[State = -1, empty queue]] WARN  server.GrpcLogAppender (GrpcLogAppender.java:timeoutAppendRequest(240)) - s1@group-D993EBE7FE70->s2-GrpcLogAppender:  appendEntries Timeout, request=AppendEntriesRequest:cid=1655,entriesCount=1,lastEntry=(t:3, i:89)
2022-07-15 00:57:59,077 [java.util.concurrent.ThreadPoolExecutor$Worker@7112f69f[State = -1, empty queue]] WARN  grpc.GrpcUtil (GrpcUtil.java:shutdownManagedChannel(216)) - Timed out gracefully shutting down connection: ManagedChannelOrphanWrapper{delegate=ManagedChannelImpl{logId=1273, target=localhost:38061}}. 
2022-07-15 00:57:59,250 [java.util.concurrent.ThreadPoolExecutor$Worker@12ad78fb[State = -1, empty queue]] WARN  grpc.GrpcUtil (GrpcUtil.java:shutdownManagedChannel(216)) - Timed out gracefully shutting down connection: ManagedChannelOrphanWrapper{delegate=ManagedChannelImpl{logId=1287, target=localhost:38061}}. 
2022-07-15 00:57:59,674 [Timer-2] INFO  impl.MiniRaftCluster (MiniRaftCluster.java:lambda$null$5(314)) - TIMED-PRINT: printing ALL groups
  s0:  RUNNING  FOLLOWER s0@group-D993EBE7FE70:t3, leader=s1, voted=s1, raftlog=Memoized:s0@group-D993EBE7FE70-SegmentedRaftLog:OPENED:c76, conf=75: peers:[s0|rpc:localhost:45051|admin:localhost:42977|client:localhost:45097|dataStream:localhost:39217|priority:0|startupRole:FOLLOWER, s1|rpc:localhost:44071|admin:localhost:40507|client:localhost:38061|dataStream:localhost:38397|priority:0|startupRole:FOLLOWER, s2|rpc:localhost:38005|admin:localhost:46397|client:localhost:45965|dataStream:localhost:35133|priority:0|startupRole:FOLLOWER]|listeners:[], old=null RUNNING
  s1:  RUNNING    LEADER s1@group-D993EBE7FE70:t3, leader=s1, voted=s1, raftlog=Memoized:s1@group-D993EBE7FE70-SegmentedRaftLog:OPENED:c76, conf=75: peers:[s0|rpc:localhost:45051|admin:localhost:42977|client:localhost:45097|dataStream:localhost:39217|priority:0|startupRole:FOLLOWER, s1|rpc:localhost:44071|admin:localhost:40507|client:localhost:38061|dataStream:localhost:38397|priority:0|startupRole:FOLLOWER, s2|rpc:localhost:38005|admin:localhost:46397|client:localhost:45965|dataStream:localhost:35133|priority:0|startupRole:FOLLOWER]|listeners:[], old=null RUNNING
  s2:  RUNNING  FOLLOWER s2@group-D993EBE7FE70:t3, leader=s1, voted=s1, raftlog=Memoized:s2@group-D993EBE7FE70-SegmentedRaftLog:OPENED:c76, conf=75: peers:[s0|rpc:localhost:45051|admin:localhost:42977|client:localhost:45097|dataStream:localhost:39217|priority:0|startupRole:FOLLOWER, s1|rpc:localhost:44071|admin:localhost:40507|client:localhost:38061|dataStream:localhost:38397|priority:0|startupRole:FOLLOWER, s2|rpc:localhost:38005|admin:localhost:46397|client:localhost:45965|dataStream:localhost:35133|priority:0|startupRole:FOLLOWER]|listeners:[], old=null RUNNING
2022-07-15 00:58:02,109 [java.util.concurrent.ThreadPoolExecutor$Worker@14ce9d10[State = -1, empty queue]] WARN  grpc.GrpcUtil (GrpcUtil.java:shutdownManagedChannel(216)) - Timed out gracefully shutting down connection: ManagedChannelOrphanWrapper{delegate=ManagedChannelImpl{logId=1301, target=localhost:38061}}. 
2022-07-15 00:58:05,190 [java.util.concurrent.ThreadPoolExecutor$Worker@3c094039[State = -1, empty queue]] WARN  grpc.GrpcUtil (GrpcUtil.java:shutdownManagedChannel(216)) - Timed out gracefully shutting down connection: ManagedChannelOrphanWrapper{delegate=ManagedChannelImpl{logId=1315, target=localhost:38061}}. 
2022-07-15 00:58:05,365 [java.util.concurrent.ThreadPoolExecutor$Worker@482a3420[State = -1, empty queue]] WARN  grpc.GrpcUtil (GrpcUtil.java:shutdownManagedChannel(216)) - Timed out gracefully shutting down connection: ManagedChannelOrphanWrapper{delegate=ManagedChannelImpl{logId=1329, target=localhost:38061}}. 
2022-07-15 00:58:08,221 [java.util.concurrent.ThreadPoolExecutor$Worker@513b6d59[State = -1, empty queue]] WARN  grpc.GrpcUtil (GrpcUtil.java:shutdownManagedChannel(216)) - Timed out gracefully shutting down connection: ManagedChannelOrphanWrapper{delegate=ManagedChannelImpl{logId=1343, target=localhost:38061}}. 
2022-07-15 00:58:09,673 [Timer-2] INFO  impl.MiniRaftCluster (MiniRaftCluster.java:lambda$null$5(314)) - TIMED-PRINT: printing ALL groups
  s0:  RUNNING  FOLLOWER s0@group-D993EBE7FE70:t3, leader=s1, voted=s1, raftlog=Memoized:s0@group-D993EBE7FE70-SegmentedRaftLog:OPENED:c76, conf=75: peers:[s0|rpc:localhost:45051|admin:localhost:42977|client:localhost:45097|dataStream:localhost:39217|priority:0|startupRole:FOLLOWER, s1|rpc:localhost:44071|admin:localhost:40507|client:localhost:38061|dataStream:localhost:38397|priority:0|startupRole:FOLLOWER, s2|rpc:localhost:38005|admin:localhost:46397|client:localhost:45965|dataStream:localhost:35133|priority:0|startupRole:FOLLOWER]|listeners:[], old=null RUNNING
  s1:  RUNNING    LEADER s1@group-D993EBE7FE70:t3, leader=s1, voted=s1, raftlog=Memoized:s1@group-D993EBE7FE70-SegmentedRaftLog:OPENED:c76, conf=75: peers:[s0|rpc:localhost:45051|admin:localhost:42977|client:localhost:45097|dataStream:localhost:39217|priority:0|startupRole:FOLLOWER, s1|rpc:localhost:44071|admin:localhost:40507|client:localhost:38061|dataStream:localhost:38397|priority:0|startupRole:FOLLOWER, s2|rpc:localhost:38005|admin:localhost:46397|client:localhost:45965|dataStream:localhost:35133|priority:0|startupRole:FOLLOWER]|listeners:[], old=null RUNNING
  s2:  RUNNING  FOLLOWER s2@group-D993EBE7FE70:t3, leader=s1, voted=s1, raftlog=Memoized:s2@group-D993EBE7FE70-SegmentedRaftLog:OPENED:c76, conf=75: peers:[s0|rpc:localhost:45051|admin:localhost:42977|client:localhost:45097|dataStream:localhost:39217|priority:0|startupRole:FOLLOWER, s1|rpc:localhost:44071|admin:localhost:40507|client:localhost:38061|dataStream:localhost:38397|priority:0|startupRole:FOLLOWER, s2|rpc:localhost:38005|admin:localhost:46397|client:localhost:45965|dataStream:localhost:35133|priority:0|startupRole:FOLLOWER]|listeners:[], old=null RUNNING
2022-07-15 00:58:11,303 [java.util.concurrent.ThreadPoolExecutor$Worker@6fc58d82[State = -1, empty queue]] WARN  grpc.GrpcUtil (GrpcUtil.java:shutdownManagedChannel(216)) - Timed out gracefully shutting down connection: ManagedChannelOrphanWrapper{delegate=ManagedChannelImpl{logId=1357, target=localhost:38061}}. 
2022-07-15 00:58:11,474 [java.util.concurrent.ThreadPoolExecutor$Worker@74af1d4e[State = -1, empty queue]] WARN  grpc.GrpcUtil (GrpcUtil.java:shutdownManagedChannel(216)) - Timed out gracefully shutting down connection: ManagedChannelOrphanWrapper{delegate=ManagedChannelImpl{logId=1371, target=localhost:38061}}. 
2022-07-15 00:58:14,335 [java.util.concurrent.ThreadPoolExecutor$Worker@9b5ff77[State = -1, empty queue]] WARN  grpc.GrpcUtil (GrpcUtil.java:shutdownManagedChannel(216)) - Timed out gracefully shutting down connection: ManagedChannelOrphanWrapper{delegate=ManagedChannelImpl{logId=1385, target=localhost:38061}}. 
2022-07-15 00:58:17,412 [java.util.concurrent.ThreadPoolExecutor$Worker@785e6ed6[State = -1, empty queue]] WARN  grpc.GrpcUtil (GrpcUtil.java:shutdownManagedChannel(216)) - Timed out gracefully shutting down connection: ManagedChannelOrphanWrapper{delegate=ManagedChannelImpl{logId=1399, target=localhost:38061}}. 
2022-07-15 00:58:17,583 [java.util.concurrent.ThreadPoolExecutor$Worker@5527effc[State = -1, empty queue]] WARN  grpc.GrpcUtil (GrpcUtil.java:shutdownManagedChannel(216)) - Timed out gracefully shutting down connection: ManagedChannelOrphanWrapper{delegate=ManagedChannelImpl{logId=1413, target=localhost:38061}}. 
2022-07-15 00:58:19,673 [Timer-2] INFO  impl.MiniRaftCluster (MiniRaftCluster.java:lambda$null$5(314)) - TIMED-PRINT: printing ALL groups
  s0:  RUNNING  FOLLOWER s0@group-D993EBE7FE70:t3, leader=s1, voted=s1, raftlog=Memoized:s0@group-D993EBE7FE70-SegmentedRaftLog:OPENED:c76, conf=75: peers:[s0|rpc:localhost:45051|admin:localhost:42977|client:localhost:45097|dataStream:localhost:39217|priority:0|startupRole:FOLLOWER, s1|rpc:localhost:44071|admin:localhost:40507|client:localhost:38061|dataStream:localhost:38397|priority:0|startupRole:FOLLOWER, s2|rpc:localhost:38005|admin:localhost:46397|client:localhost:45965|dataStream:localhost:35133|priority:0|startupRole:FOLLOWER]|listeners:[], old=null RUNNING
  s1:  RUNNING    LEADER s1@group-D993EBE7FE70:t3, leader=s1, voted=s1, raftlog=Memoized:s1@group-D993EBE7FE70-SegmentedRaftLog:OPENED:c76, conf=75: peers:[s0|rpc:localhost:45051|admin:localhost:42977|client:localhost:45097|dataStream:localhost:39217|priority:0|startupRole:FOLLOWER, s1|rpc:localhost:44071|admin:localhost:40507|client:localhost:38061|dataStream:localhost:38397|priority:0|startupRole:FOLLOWER, s2|rpc:localhost:38005|admin:localhost:46397|client:localhost:45965|dataStream:localhost:35133|priority:0|startupRole:FOLLOWER]|listeners:[], old=null RUNNING
  s2:  RUNNING  FOLLOWER s2@group-D993EBE7FE70:t3, leader=s1, voted=s1, raftlog=Memoized:s2@group-D993EBE7FE70-SegmentedRaftLog:OPENED:c76, conf=75: peers:[s0|rpc:localhost:45051|admin:localhost:42977|client:localhost:45097|dataStream:localhost:39217|priority:0|startupRole:FOLLOWER, s1|rpc:localhost:44071|admin:localhost:40507|client:localhost:38061|dataStream:localhost:38397|priority:0|startupRole:FOLLOWER, s2|rpc:localhost:38005|admin:localhost:46397|client:localhost:45965|dataStream:localhost:35133|priority:0|startupRole:FOLLOWER]|listeners:[], old=null RUNNING
2022-07-15 00:58:20,445 [java.util.concurrent.ThreadPoolExecutor$Worker@75c7cff9[State = -1, empty queue]] WARN  grpc.GrpcUtil (GrpcUtil.java:shutdownManagedChannel(216)) - Timed out gracefully shutting down connection: ManagedChannelOrphanWrapper{delegate=ManagedChannelImpl{logId=1427, target=localhost:38061}}. 
2022-07-15 00:58:23,524 [java.util.concurrent.ThreadPoolExecutor$Worker@19fb1e54[State = -1, empty queue]] WARN  grpc.GrpcUtil (GrpcUtil.java:shutdownManagedChannel(216)) - Timed out gracefully shutting down connection: ManagedChannelOrphanWrapper{delegate=ManagedChannelImpl{logId=1441, target=localhost:38061}}. 
2022-07-15 00:58:23,697 [java.util.concurrent.ThreadPoolExecutor$Worker@1605718f[State = -1, empty queue]] WARN  grpc.GrpcUtil (GrpcUtil.java:shutdownManagedChannel(216)) - Timed out gracefully shutting down connection: ManagedChannelOrphanWrapper{delegate=ManagedChannelImpl{logId=1455, target=localhost:38061}}. 
2022-07-15 00:58:26,555 [java.util.concurrent.ThreadPoolExecutor$Worker@2d6c7fea[State = -1, empty queue]] WARN  grpc.GrpcUtil (GrpcUtil.java:shutdownManagedChannel(216)) - Timed out gracefully shutting down connection: ManagedChannelOrphanWrapper{delegate=ManagedChannelImpl{logId=1469, target=localhost:38061}}. 
2022-07-15 00:58:29,638 [java.util.concurrent.ThreadPoolExecutor$Worker@5f22baf9[State = -1, empty queue]] WARN  grpc.GrpcUtil (GrpcUtil.java:shutdownManagedChannel(216)) - Timed out gracefully shutting down connection: ManagedChannelOrphanWrapper{delegate=ManagedChannelImpl{logId=1483, target=localhost:38061}}. 
2022-07-15 00:58:29,674 [Timer-2] INFO  impl.MiniRaftCluster (MiniRaftCluster.java:lambda$null$5(314)) - TIMED-PRINT: printing ALL groups
  s0:  RUNNING  FOLLOWER s0@group-D993EBE7FE70:t3, leader=s1, voted=s1, raftlog=Memoized:s0@group-D993EBE7FE70-SegmentedRaftLog:OPENED:c76, conf=75: peers:[s0|rpc:localhost:45051|admin:localhost:42977|client:localhost:45097|dataStream:localhost:39217|priority:0|startupRole:FOLLOWER, s1|rpc:localhost:44071|admin:localhost:40507|client:localhost:38061|dataStream:localhost:38397|priority:0|startupRole:FOLLOWER, s2|rpc:localhost:38005|admin:localhost:46397|client:localhost:45965|dataStream:localhost:35133|priority:0|startupRole:FOLLOWER]|listeners:[], old=null RUNNING
  s1:  RUNNING    LEADER s1@group-D993EBE7FE70:t3, leader=s1, voted=s1, raftlog=Memoized:s1@group-D993EBE7FE70-SegmentedRaftLog:OPENED:c76, conf=75: peers:[s0|rpc:localhost:45051|admin:localhost:42977|client:localhost:45097|dataStream:localhost:39217|priority:0|startupRole:FOLLOWER, s1|rpc:localhost:44071|admin:localhost:40507|client:localhost:38061|dataStream:localhost:38397|priority:0|startupRole:FOLLOWER, s2|rpc:localhost:38005|admin:localhost:46397|client:localhost:45965|dataStream:localhost:35133|priority:0|startupRole:FOLLOWER]|listeners:[], old=null RUNNING
  s2:  RUNNING  FOLLOWER s2@group-D993EBE7FE70:t3, leader=s1, voted=s1, raftlog=Memoized:s2@group-D993EBE7FE70-SegmentedRaftLog:OPENED:c76, conf=75: peers:[s0|rpc:localhost:45051|admin:localhost:42977|client:localhost:45097|dataStream:localhost:39217|priority:0|startupRole:FOLLOWER, s1|rpc:localhost:44071|admin:localhost:40507|client:localhost:38061|dataStream:localhost:38397|priority:0|startupRole:FOLLOWER, s2|rpc:localhost:38005|admin:localhost:46397|client:localhost:45965|dataStream:localhost:35133|priority:0|startupRole:FOLLOWER]|listeners:[], old=null RUNNING
2022-07-15 00:58:29,805 [java.util.concurrent.ThreadPoolExecutor$Worker@2f7f4ad6[State = -1, empty queue]] WARN  grpc.GrpcUtil (GrpcUtil.java:shutdownManagedChannel(216)) - Timed out gracefully shutting down connection: ManagedChannelOrphanWrapper{delegate=ManagedChannelImpl{logId=1497, target=localhost:38061}}. 
2022-07-15 00:58:32,665 [java.util.concurrent.ThreadPoolExecutor$Worker@4c2aac18[State = -1, empty queue]] WARN  grpc.GrpcUtil (GrpcUtil.java:shutdownManagedChannel(216)) - Timed out gracefully shutting down connection: ManagedChannelOrphanWrapper{delegate=ManagedChannelImpl{logId=1511, target=localhost:38061}}. 
2022-07-15 00:58:35,749 [java.util.concurrent.ThreadPoolExecutor$Worker@37962f3f[State = -1, empty queue]] WARN  grpc.GrpcUtil (GrpcUtil.java:shutdownManagedChannel(216)) - Timed out gracefully shutting down connection: ManagedChannelOrphanWrapper{delegate=ManagedChannelImpl{logId=1525, target=localhost:38061}}. 
2022-07-15 00:58:35,917 [java.util.concurrent.ThreadPoolExecutor$Worker@219148ba[State = -1, empty queue]] WARN  grpc.GrpcUtil (GrpcUtil.java:shutdownManagedChannel(216)) - Timed out gracefully shutting down connection: ManagedChannelOrphanWrapper{delegate=ManagedChannelImpl{logId=1539, target=localhost:38061}}. 
2022-07-15 00:58:38,775 [java.util.concurrent.ThreadPoolExecutor$Worker@2e497e5b[State = -1, empty queue]] WARN  grpc.GrpcUtil (GrpcUtil.java:shutdownManagedChannel(216)) - Timed out gracefully shutting down connection: ManagedChannelOrphanWrapper{delegate=ManagedChannelImpl{logId=1553, target=localhost:38061}}. 
2022-07-15 00:58:39,674 [Timer-2] INFO  impl.MiniRaftCluster (MiniRaftCluster.java:lambda$null$5(314)) - TIMED-PRINT: printing ALL groups
  s0:  RUNNING  FOLLOWER s0@group-D993EBE7FE70:t3, leader=s1, voted=s1, raftlog=Memoized:s0@group-D993EBE7FE70-SegmentedRaftLog:OPENED:c76, conf=75: peers:[s0|rpc:localhost:45051|admin:localhost:42977|client:localhost:45097|dataStream:localhost:39217|priority:0|startupRole:FOLLOWER, s1|rpc:localhost:44071|admin:localhost:40507|client:localhost:38061|dataStream:localhost:38397|priority:0|startupRole:FOLLOWER, s2|rpc:localhost:38005|admin:localhost:46397|client:localhost:45965|dataStream:localhost:35133|priority:0|startupRole:FOLLOWER]|listeners:[], old=null RUNNING
  s1:  RUNNING    LEADER s1@group-D993EBE7FE70:t3, leader=s1, voted=s1, raftlog=Memoized:s1@group-D993EBE7FE70-SegmentedRaftLog:OPENED:c76, conf=75: peers:[s0|rpc:localhost:45051|admin:localhost:42977|client:localhost:45097|dataStream:localhost:39217|priority:0|startupRole:FOLLOWER, s1|rpc:localhost:44071|admin:localhost:40507|client:localhost:38061|dataStream:localhost:38397|priority:0|startupRole:FOLLOWER, s2|rpc:localhost:38005|admin:localhost:46397|client:localhost:45965|dataStream:localhost:35133|priority:0|startupRole:FOLLOWER]|listeners:[], old=null RUNNING
  s2:  RUNNING  FOLLOWER s2@group-D993EBE7FE70:t3, leader=s1, voted=s1, raftlog=Memoized:s2@group-D993EBE7FE70-SegmentedRaftLog:OPENED:c76, conf=75: peers:[s0|rpc:localhost:45051|admin:localhost:42977|client:localhost:45097|dataStream:localhost:39217|priority:0|startupRole:FOLLOWER, s1|rpc:localhost:44071|admin:localhost:40507|client:localhost:38061|dataStream:localhost:38397|priority:0|startupRole:FOLLOWER, s2|rpc:localhost:38005|admin:localhost:46397|client:localhost:45965|dataStream:localhost:35133|priority:0|startupRole:FOLLOWER]|listeners:[], old=null RUNNING
2022-07-15 00:58:41,860 [java.util.concurrent.ThreadPoolExecutor$Worker@198991e9[State = -1, empty queue]] WARN  grpc.GrpcUtil (GrpcUtil.java:shutdownManagedChannel(216)) - Timed out gracefully shutting down connection: ManagedChannelOrphanWrapper{delegate=ManagedChannelImpl{logId=1567, target=localhost:38061}}. 
2022-07-15 00:58:42,031 [java.util.concurrent.ThreadPoolExecutor$Worker@3ccca786[State = -1, empty queue]] WARN  grpc.GrpcUtil (GrpcUtil.java:shutdownManagedChannel(216)) - Timed out gracefully shutting down connection: ManagedChannelOrphanWrapper{delegate=ManagedChannelImpl{logId=1581, target=localhost:38061}}. 
2022-07-15 00:58:44,884 [java.util.concurrent.ThreadPoolExecutor$Worker@1cccb597[State = -1, empty queue]] WARN  grpc.GrpcUtil (GrpcUtil.java:shutdownManagedChannel(216)) - Timed out gracefully shutting down connection: ManagedChannelOrphanWrapper{delegate=ManagedChannelImpl{logId=1595, target=localhost:38061}}. 
2022-07-15 00:58:47,970 [java.util.concurrent.ThreadPoolExecutor$Worker@1e4cca0b[State = -1, empty queue]] WARN  grpc.GrpcUtil (GrpcUtil.java:shutdownManagedChannel(216)) - Timed out gracefully shutting down connection: ManagedChannelOrphanWrapper{delegate=ManagedChannelImpl{logId=1609, target=localhost:38061}}. 
2022-07-15 00:58:48,084 [s1-client-thread3] INFO  statemachine.StateMachine (DataStreamTestUtils.java:link(157)) - link null
2022-07-15 00:58:48,084 [s2-server-thread1] INFO  statemachine.StateMachine (DataStreamTestUtils.java:link(157)) - link null
2022-07-15 00:58:48,084 [s0-server-thread2] INFO  statemachine.StateMachine (DataStreamTestUtils.java:link(157)) - link null
2022-07-15 00:58:48,148 [java.util.concurrent.ThreadPoolExecutor$Worker@3bd1feb5[State = -1, empty queue]] WARN  grpc.GrpcUtil (GrpcUtil.java:shutdownManagedChannel(216)) - Timed out gracefully shutting down connection: ManagedChannelOrphanWrapper{delegate=ManagedChannelImpl{logId=1623, target=localhost:38061}}. 
2022-07-15 00:58:48,258 [s1-client-thread3] INFO  statemachine.StateMachine (DataStreamTestUtils.java:link(157)) - link null
2022-07-15 00:58:48,259 [s2-server-thread1] INFO  statemachine.StateMachine (DataStreamTestUtils.java:link(157)) - link null
2022-07-15 00:58:48,259 [s0-server-thread2] INFO  statemachine.StateMachine (DataStreamTestUtils.java:link(157)) - link null
2022-07-15 00:58:49,675 [Timer-2] INFO  impl.MiniRaftCluster (MiniRaftCluster.java:lambda$null$5(314)) - TIMED-PRINT: printing ALL groups
  s0:  RUNNING  FOLLOWER s0@group-D993EBE7FE70:t3, leader=s1, voted=s1, raftlog=Memoized:s0@group-D993EBE7FE70-SegmentedRaftLog:OPENED:c76, conf=75: peers:[s0|rpc:localhost:45051|admin:localhost:42977|client:localhost:45097|dataStream:localhost:39217|priority:0|startupRole:FOLLOWER, s1|rpc:localhost:44071|admin:localhost:40507|client:localhost:38061|dataStream:localhost:38397|priority:0|startupRole:FOLLOWER, s2|rpc:localhost:38005|admin:localhost:46397|client:localhost:45965|dataStream:localhost:35133|priority:0|startupRole:FOLLOWER]|listeners:[], old=null RUNNING
  s1:  RUNNING    LEADER s1@group-D993EBE7FE70:t3, leader=s1, voted=s1, raftlog=Memoized:s1@group-D993EBE7FE70-SegmentedRaftLog:OPENED:c76, conf=75: peers:[s0|rpc:localhost:45051|admin:localhost:42977|client:localhost:45097|dataStream:localhost:39217|priority:0|startupRole:FOLLOWER, s1|rpc:localhost:44071|admin:localhost:40507|client:localhost:38061|dataStream:localhost:38397|priority:0|startupRole:FOLLOWER, s2|rpc:localhost:38005|admin:localhost:46397|client:localhost:45965|dataStream:localhost:35133|priority:0|startupRole:FOLLOWER]|listeners:[], old=null RUNNING
  s2:  RUNNING  FOLLOWER s2@group-D993EBE7FE70:t3, leader=s1, voted=s1, raftlog=Memoized:s2@group-D993EBE7FE70-SegmentedRaftLog:OPENED:c76, conf=75: peers:[s0|rpc:localhost:45051|admin:localhost:42977|client:localhost:45097|dataStream:localhost:39217|priority:0|startupRole:FOLLOWER, s1|rpc:localhost:44071|admin:localhost:40507|client:localhost:38061|dataStream:localhost:38397|priority:0|startupRole:FOLLOWER, s2|rpc:localhost:38005|admin:localhost:46397|client:localhost:45965|dataStream:localhost:35133|priority:0|startupRole:FOLLOWER]|listeners:[], old=null RUNNING
2022-07-15 00:58:50,994 [java.util.concurrent.ThreadPoolExecutor$Worker@6ce37cd8[State = -1, empty queue]] WARN  grpc.GrpcUtil (GrpcUtil.java:shutdownManagedChannel(216)) - Timed out gracefully shutting down connection: ManagedChannelOrphanWrapper{delegate=ManagedChannelImpl{logId=1637, target=localhost:38061}}. 
2022-07-15 00:58:51,106 [s1-client-thread3] INFO  statemachine.StateMachine (DataStreamTestUtils.java:link(157)) - link null
2022-07-15 00:58:51,107 [s0-server-thread2] INFO  statemachine.StateMachine (DataStreamTestUtils.java:link(157)) - link null
2022-07-15 00:58:51,107 [s2-server-thread1] INFO  statemachine.StateMachine (DataStreamTestUtils.java:link(157)) - link null
2022-07-15 00:58:54,084 [java.util.concurrent.ThreadPoolExecutor$Worker@6fb50be2[State = -1, empty queue]] WARN  grpc.GrpcUtil (GrpcUtil.java:shutdownManagedChannel(216)) - Timed out gracefully shutting down connection: ManagedChannelOrphanWrapper{delegate=ManagedChannelImpl{logId=1651, target=localhost:38061}}. 
2022-07-15 00:58:54,086 [java.util.concurrent.ThreadPoolExecutor$Worker@6fb50be2[State = -1, empty queue]] WARN  server.GrpcLogAppender (GrpcLogAppender.java:timeoutAppendRequest(240)) - s1@group-D993EBE7FE70->s0-GrpcLogAppender:  appendEntries Timeout, request=AppendEntriesRequest:cid=2416,entriesCount=1,lastEntry=(t:3, i:90)
2022-07-15 00:58:54,086 [java.util.concurrent.ThreadPoolExecutor$Worker@6fb50be2[State = -1, empty queue]] WARN  server.GrpcLogAppender (GrpcLogAppender.java:timeoutAppendRequest(240)) - s1@group-D993EBE7FE70->s2-GrpcLogAppender:  appendEntries Timeout, request=AppendEntriesRequest:cid=2415,entriesCount=1,lastEntry=(t:3, i:90)
2022-07-15 00:58:54,257 [java.util.concurrent.ThreadPoolExecutor$Worker@3581b6e3[State = -1, empty queue]] WARN  grpc.GrpcUtil (GrpcUtil.java:shutdownManagedChannel(216)) - Timed out gracefully shutting down connection: ManagedChannelOrphanWrapper{delegate=ManagedChannelImpl{logId=1665, target=localhost:38061}}. 
2022-07-15 00:58:54,259 [java.util.concurrent.ThreadPoolExecutor$Worker@3581b6e3[State = -1, empty queue]] WARN  server.GrpcLogAppender (GrpcLogAppender.java:timeoutAppendRequest(240)) - s1@group-D993EBE7FE70->s2-GrpcLogAppender:  appendEntries Timeout, request=AppendEntriesRequest:cid=2418,entriesCount=1,lastEntry=(t:3, i:91)
2022-07-15 00:58:54,260 [java.util.concurrent.ThreadPoolExecutor$Worker@3581b6e3[State = -1, empty queue]] WARN  server.GrpcLogAppender (GrpcLogAppender.java:timeoutAppendRequest(240)) - s1@group-D993EBE7FE70->s0-GrpcLogAppender:  appendEntries Timeout, request=AppendEntriesRequest:cid=2419,entriesCount=1,lastEntry=(t:3, i:91)
2022-07-15 00:58:57,104 [java.util.concurrent.ThreadPoolExecutor$Worker@b6ead83[State = -1, empty queue]] WARN  grpc.GrpcUtil (GrpcUtil.java:shutdownManagedChannel(216)) - Timed out gracefully shutting down connection: ManagedChannelOrphanWrapper{delegate=ManagedChannelImpl{logId=1679, target=localhost:38061}}. 
2022-07-15 00:58:57,106 [java.util.concurrent.ThreadPoolExecutor$Worker@b6ead83[State = -1, empty queue]] WARN  server.GrpcLogAppender (GrpcLogAppender.java:timeoutAppendRequest(240)) - s1@group-D993EBE7FE70->s0-GrpcLogAppender:  appendEntries Timeout, request=AppendEntriesRequest:cid=2457,entriesCount=1,lastEntry=(t:3, i:92)
2022-07-15 00:58:57,106 [java.util.concurrent.ThreadPoolExecutor$Worker@b6ead83[State = -1, empty queue]] WARN  server.GrpcLogAppender (GrpcLogAppender.java:timeoutAppendRequest(240)) - s1@group-D993EBE7FE70->s2-GrpcLogAppender:  appendEntries Timeout, request=AppendEntriesRequest:cid=2456,entriesCount=1,lastEntry=(t:3, i:92)
2022-07-15 00:58:59,674 [Timer-2] INFO  impl.MiniRaftCluster (MiniRaftCluster.java:lambda$null$5(314)) - TIMED-PRINT: printing ALL groups
  s0:  RUNNING  FOLLOWER s0@group-D993EBE7FE70:t3, leader=s1, voted=s1, raftlog=Memoized:s0@group-D993EBE7FE70-SegmentedRaftLog:OPENED:c76, conf=75: peers:[s0|rpc:localhost:45051|admin:localhost:42977|client:localhost:45097|dataStream:localhost:39217|priority:0|startupRole:FOLLOWER, s1|rpc:localhost:44071|admin:localhost:40507|client:localhost:38061|dataStream:localhost:38397|priority:0|startupRole:FOLLOWER, s2|rpc:localhost:38005|admin:localhost:46397|client:localhost:45965|dataStream:localhost:35133|priority:0|startupRole:FOLLOWER]|listeners:[], old=null RUNNING
  s1:  RUNNING    LEADER s1@group-D993EBE7FE70:t3, leader=s1, voted=s1, raftlog=Memoized:s1@group-D993EBE7FE70-SegmentedRaftLog:OPENED:c76, conf=75: peers:[s0|rpc:localhost:45051|admin:localhost:42977|client:localhost:45097|dataStream:localhost:39217|priority:0|startupRole:FOLLOWER, s1|rpc:localhost:44071|admin:localhost:40507|client:localhost:38061|dataStream:localhost:38397|priority:0|startupRole:FOLLOWER, s2|rpc:localhost:38005|admin:localhost:46397|client:localhost:45965|dataStream:localhost:35133|priority:0|startupRole:FOLLOWER]|listeners:[], old=null RUNNING
  s2:  RUNNING  FOLLOWER s2@group-D993EBE7FE70:t3, leader=s1, voted=s1, raftlog=Memoized:s2@group-D993EBE7FE70-SegmentedRaftLog:OPENED:c76, conf=75: peers:[s0|rpc:localhost:45051|admin:localhost:42977|client:localhost:45097|dataStream:localhost:39217|priority:0|startupRole:FOLLOWER, s1|rpc:localhost:44071|admin:localhost:40507|client:localhost:38061|dataStream:localhost:38397|priority:0|startupRole:FOLLOWER, s2|rpc:localhost:38005|admin:localhost:46397|client:localhost:45965|dataStream:localhost:35133|priority:0|startupRole:FOLLOWER]|listeners:[], old=null RUNNING
2022-07-15 00:59:00,202 [java.util.concurrent.ThreadPoolExecutor$Worker@36036aec[State = -1, empty queue]] WARN  grpc.GrpcUtil (GrpcUtil.java:shutdownManagedChannel(216)) - Timed out gracefully shutting down connection: ManagedChannelOrphanWrapper{delegate=ManagedChannelImpl{logId=1693, target=localhost:38061}}. 
2022-07-15 00:59:00,369 [java.util.concurrent.ThreadPoolExecutor$Worker@6f81730a[State = -1, empty queue]] WARN  grpc.GrpcUtil (GrpcUtil.java:shutdownManagedChannel(216)) - Timed out gracefully shutting down connection: ManagedChannelOrphanWrapper{delegate=ManagedChannelImpl{logId=1707, target=localhost:38061}}. 
2022-07-15 00:59:03,215 [java.util.concurrent.ThreadPoolExecutor$Worker@1826d890[State = -1, empty queue]] WARN  grpc.GrpcUtil (GrpcUtil.java:shutdownManagedChannel(216)) - Timed out gracefully shutting down connection: ManagedChannelOrphanWrapper{delegate=ManagedChannelImpl{logId=1721, target=localhost:38061}}. 
2022-07-15 00:59:06,312 [java.util.concurrent.ThreadPoolExecutor$Worker@5da877ad[State = -1, empty queue]] WARN  grpc.GrpcUtil (GrpcUtil.java:shutdownManagedChannel(216)) - Timed out gracefully shutting down connection: ManagedChannelOrphanWrapper{delegate=ManagedChannelImpl{logId=1735, target=localhost:38061}}. 
2022-07-15 00:59:06,481 [java.util.concurrent.ThreadPoolExecutor$Worker@2f582ce[State = -1, empty queue]] WARN  grpc.GrpcUtil (GrpcUtil.java:shutdownManagedChannel(216)) - Timed out gracefully shutting down connection: ManagedChannelOrphanWrapper{delegate=ManagedChannelImpl{logId=1749, target=localhost:38061}}. 
2022-07-15 00:59:09,330 [java.util.concurrent.ThreadPoolExecutor$Worker@99967fc[State = -1, empty queue]] WARN  grpc.GrpcUtil (GrpcUtil.java:shutdownManagedChannel(216)) - Timed out gracefully shutting down connection: ManagedChannelOrphanWrapper{delegate=ManagedChannelImpl{logId=1763, target=localhost:38061}}. 
2022-07-15 00:59:09,674 [Timer-2] INFO  impl.MiniRaftCluster (MiniRaftCluster.java:lambda$null$5(314)) - TIMED-PRINT: printing ALL groups
  s0:  RUNNING  FOLLOWER s0@group-D993EBE7FE70:t3, leader=s1, voted=s1, raftlog=Memoized:s0@group-D993EBE7FE70-SegmentedRaftLog:OPENED:c76, conf=75: peers:[s0|rpc:localhost:45051|admin:localhost:42977|client:localhost:45097|dataStream:localhost:39217|priority:0|startupRole:FOLLOWER, s1|rpc:localhost:44071|admin:localhost:40507|client:localhost:38061|dataStream:localhost:38397|priority:0|startupRole:FOLLOWER, s2|rpc:localhost:38005|admin:localhost:46397|client:localhost:45965|dataStream:localhost:35133|priority:0|startupRole:FOLLOWER]|listeners:[], old=null RUNNING
  s1:  RUNNING    LEADER s1@group-D993EBE7FE70:t3, leader=s1, voted=s1, raftlog=Memoized:s1@group-D993EBE7FE70-SegmentedRaftLog:OPENED:c76, conf=75: peers:[s0|rpc:localhost:45051|admin:localhost:42977|client:localhost:45097|dataStream:localhost:39217|priority:0|startupRole:FOLLOWER, s1|rpc:localhost:44071|admin:localhost:40507|client:localhost:38061|dataStream:localhost:38397|priority:0|startupRole:FOLLOWER, s2|rpc:localhost:38005|admin:localhost:46397|client:localhost:45965|dataStream:localhost:35133|priority:0|startupRole:FOLLOWER]|listeners:[], old=null RUNNING
  s2:  RUNNING  FOLLOWER s2@group-D993EBE7FE70:t3, leader=s1, voted=s1, raftlog=Memoized:s2@group-D993EBE7FE70-SegmentedRaftLog:OPENED:c76, conf=75: peers:[s0|rpc:localhost:45051|admin:localhost:42977|client:localhost:45097|dataStream:localhost:39217|priority:0|startupRole:FOLLOWER, s1|rpc:localhost:44071|admin:localhost:40507|client:localhost:38061|dataStream:localhost:38397|priority:0|startupRole:FOLLOWER, s2|rpc:localhost:38005|admin:localhost:46397|client:localhost:45965|dataStream:localhost:35133|priority:0|startupRole:FOLLOWER]|listeners:[], old=null RUNNING
2022-07-15 00:59:12,421 [java.util.concurrent.ThreadPoolExecutor$Worker@301e657a[State = -1, empty queue]] WARN  grpc.GrpcUtil (GrpcUtil.java:shutdownManagedChannel(216)) - Timed out gracefully shutting down connection: ManagedChannelOrphanWrapper{delegate=ManagedChannelImpl{logId=1777, target=localhost:38061}}. 
2022-07-15 00:59:12,592 [java.util.concurrent.ThreadPoolExecutor$Worker@64f04bb9[State = -1, empty queue]] WARN  grpc.GrpcUtil (GrpcUtil.java:shutdownManagedChannel(216)) - Timed out gracefully shutting down connection: ManagedChannelOrphanWrapper{delegate=ManagedChannelImpl{logId=1791, target=localhost:38061}}. 
2022-07-15 00:59:15,440 [java.util.concurrent.ThreadPoolExecutor$Worker@3393009a[State = -1, empty queue]] WARN  grpc.GrpcUtil (GrpcUtil.java:shutdownManagedChannel(216)) - Timed out gracefully shutting down connection: ManagedChannelOrphanWrapper{delegate=ManagedChannelImpl{logId=1805, target=localhost:38061}}. 
2022-07-15 00:59:18,533 [java.util.concurrent.ThreadPoolExecutor$Worker@2532fe58[State = -1, empty queue]] WARN  grpc.GrpcUtil (GrpcUtil.java:shutdownManagedChannel(216)) - Timed out gracefully shutting down connection: ManagedChannelOrphanWrapper{delegate=ManagedChannelImpl{logId=1819, target=localhost:38061}}. 
2022-07-15 00:59:18,704 [java.util.concurrent.ThreadPoolExecutor$Worker@44d7839e[State = -1, empty queue]] WARN  grpc.GrpcUtil (GrpcUtil.java:shutdownManagedChannel(216)) - Timed out gracefully shutting down connection: ManagedChannelOrphanWrapper{delegate=ManagedChannelImpl{logId=1833, target=localhost:38061}}. 
2022-07-15 00:59:19,674 [Timer-2] INFO  impl.MiniRaftCluster (MiniRaftCluster.java:lambda$null$5(314)) - TIMED-PRINT: printing ALL groups
  s0:  RUNNING  FOLLOWER s0@group-D993EBE7FE70:t3, leader=s1, voted=s1, raftlog=Memoized:s0@group-D993EBE7FE70-SegmentedRaftLog:OPENED:c76, conf=75: peers:[s0|rpc:localhost:45051|admin:localhost:42977|client:localhost:45097|dataStream:localhost:39217|priority:0|startupRole:FOLLOWER, s1|rpc:localhost:44071|admin:localhost:40507|client:localhost:38061|dataStream:localhost:38397|priority:0|startupRole:FOLLOWER, s2|rpc:localhost:38005|admin:localhost:46397|client:localhost:45965|dataStream:localhost:35133|priority:0|startupRole:FOLLOWER]|listeners:[], old=null RUNNING
  s1:  RUNNING    LEADER s1@group-D993EBE7FE70:t3, leader=s1, voted=s1, raftlog=Memoized:s1@group-D993EBE7FE70-SegmentedRaftLog:OPENED:c76, conf=75: peers:[s0|rpc:localhost:45051|admin:localhost:42977|client:localhost:45097|dataStream:localhost:39217|priority:0|startupRole:FOLLOWER, s1|rpc:localhost:44071|admin:localhost:40507|client:localhost:38061|dataStream:localhost:38397|priority:0|startupRole:FOLLOWER, s2|rpc:localhost:38005|admin:localhost:46397|client:localhost:45965|dataStream:localhost:35133|priority:0|startupRole:FOLLOWER]|listeners:[], old=null RUNNING
  s2:  RUNNING  FOLLOWER s2@group-D993EBE7FE70:t3, leader=s1, voted=s1, raftlog=Memoized:s2@group-D993EBE7FE70-SegmentedRaftLog:OPENED:c76, conf=75: peers:[s0|rpc:localhost:45051|admin:localhost:42977|client:localhost:45097|dataStream:localhost:39217|priority:0|startupRole:FOLLOWER, s1|rpc:localhost:44071|admin:localhost:40507|client:localhost:38061|dataStream:localhost:38397|priority:0|startupRole:FOLLOWER, s2|rpc:localhost:38005|admin:localhost:46397|client:localhost:45965|dataStream:localhost:35133|priority:0|startupRole:FOLLOWER]|listeners:[], old=null RUNNING
2022-07-15 00:59:21,550 [java.util.concurrent.ThreadPoolExecutor$Worker@785e1c12[State = -1, empty queue]] WARN  grpc.GrpcUtil (GrpcUtil.java:shutdownManagedChannel(216)) - Timed out gracefully shutting down connection: ManagedChannelOrphanWrapper{delegate=ManagedChannelImpl{logId=1847, target=localhost:38061}}. 
2022-07-15 00:59:24,644 [java.util.concurrent.ThreadPoolExecutor$Worker@3f92c338[State = -1, empty queue]] WARN  grpc.GrpcUtil (GrpcUtil.java:shutdownManagedChannel(216)) - Timed out gracefully shutting down connection: ManagedChannelOrphanWrapper{delegate=ManagedChannelImpl{logId=1861, target=localhost:38061}}. 
2022-07-15 00:59:24,815 [java.util.concurrent.ThreadPoolExecutor$Worker@34a2e7a7[State = -1, empty queue]] WARN  grpc.GrpcUtil (GrpcUtil.java:shutdownManagedChannel(216)) - Timed out gracefully shutting down connection: ManagedChannelOrphanWrapper{delegate=ManagedChannelImpl{logId=1875, target=localhost:38061}}. 
2022-07-15 00:59:27,663 [java.util.concurrent.ThreadPoolExecutor$Worker@7e9f6a5a[State = -1, empty queue]] WARN  grpc.GrpcUtil (GrpcUtil.java:shutdownManagedChannel(216)) - Timed out gracefully shutting down connection: ManagedChannelOrphanWrapper{delegate=ManagedChannelImpl{logId=1889, target=localhost:38061}}. 
2022-07-15 00:59:29,674 [Timer-2] INFO  impl.MiniRaftCluster (MiniRaftCluster.java:lambda$null$5(314)) - TIMED-PRINT: printing ALL groups
  s0:  RUNNING  FOLLOWER s0@group-D993EBE7FE70:t3, leader=s1, voted=s1, raftlog=Memoized:s0@group-D993EBE7FE70-SegmentedRaftLog:OPENED:c76, conf=75: peers:[s0|rpc:localhost:45051|admin:localhost:42977|client:localhost:45097|dataStream:localhost:39217|priority:0|startupRole:FOLLOWER, s1|rpc:localhost:44071|admin:localhost:40507|client:localhost:38061|dataStream:localhost:38397|priority:0|startupRole:FOLLOWER, s2|rpc:localhost:38005|admin:localhost:46397|client:localhost:45965|dataStream:localhost:35133|priority:0|startupRole:FOLLOWER]|listeners:[], old=null RUNNING
  s1:  RUNNING    LEADER s1@group-D993EBE7FE70:t3, leader=s1, voted=s1, raftlog=Memoized:s1@group-D993EBE7FE70-SegmentedRaftLog:OPENED:c76, conf=75: peers:[s0|rpc:localhost:45051|admin:localhost:42977|client:localhost:45097|dataStream:localhost:39217|priority:0|startupRole:FOLLOWER, s1|rpc:localhost:44071|admin:localhost:40507|client:localhost:38061|dataStream:localhost:38397|priority:0|startupRole:FOLLOWER, s2|rpc:localhost:38005|admin:localhost:46397|client:localhost:45965|dataStream:localhost:35133|priority:0|startupRole:FOLLOWER]|listeners:[], old=null RUNNING
  s2:  RUNNING  FOLLOWER s2@group-D993EBE7FE70:t3, leader=s1, voted=s1, raftlog=Memoized:s2@group-D993EBE7FE70-SegmentedRaftLog:OPENED:c76, conf=75: peers:[s0|rpc:localhost:45051|admin:localhost:42977|client:localhost:45097|dataStream:localhost:39217|priority:0|startupRole:FOLLOWER, s1|rpc:localhost:44071|admin:localhost:40507|client:localhost:38061|dataStream:localhost:38397|priority:0|startupRole:FOLLOWER, s2|rpc:localhost:38005|admin:localhost:46397|client:localhost:45965|dataStream:localhost:35133|priority:0|startupRole:FOLLOWER]|listeners:[], old=null RUNNING
2022-07-15 00:59:30,756 [java.util.concurrent.ThreadPoolExecutor$Worker@cf51130[State = -1, empty queue]] WARN  grpc.GrpcUtil (GrpcUtil.java:shutdownManagedChannel(216)) - Timed out gracefully shutting down connection: ManagedChannelOrphanWrapper{delegate=ManagedChannelImpl{logId=1903, target=localhost:38061}}. 
2022-07-15 00:59:30,924 [java.util.concurrent.ThreadPoolExecutor$Worker@46110647[State = -1, empty queue]] WARN  grpc.GrpcUtil (GrpcUtil.java:shutdownManagedChannel(216)) - Timed out gracefully shutting down connection: ManagedChannelOrphanWrapper{delegate=ManagedChannelImpl{logId=1917, target=localhost:38061}}. 
2022-07-15 00:59:33,775 [java.util.concurrent.ThreadPoolExecutor$Worker@1470165f[State = -1, empty queue]] WARN  grpc.GrpcUtil (GrpcUtil.java:shutdownManagedChannel(216)) - Timed out gracefully shutting down connection: ManagedChannelOrphanWrapper{delegate=ManagedChannelImpl{logId=1931, target=localhost:38061}}. 
2022-07-15 00:59:36,865 [java.util.concurrent.ThreadPoolExecutor$Worker@3d3e76bf[State = -1, empty queue]] WARN  grpc.GrpcUtil (GrpcUtil.java:shutdownManagedChannel(216)) - Timed out gracefully shutting down connection: ManagedChannelOrphanWrapper{delegate=ManagedChannelImpl{logId=1945, target=localhost:38061}}. 
2022-07-15 00:59:37,033 [java.util.concurrent.ThreadPoolExecutor$Worker@4f75133a[State = -1, empty queue]] WARN  grpc.GrpcUtil (GrpcUtil.java:shutdownManagedChannel(216)) - Timed out gracefully shutting down connection: ManagedChannelOrphanWrapper{delegate=ManagedChannelImpl{logId=1959, target=localhost:38061}}. 
2022-07-15 00:59:39,674 [Timer-2] INFO  impl.MiniRaftCluster (MiniRaftCluster.java:lambda$null$5(314)) - TIMED-PRINT: printing ALL groups
  s0:  RUNNING  FOLLOWER s0@group-D993EBE7FE70:t3, leader=s1, voted=s1, raftlog=Memoized:s0@group-D993EBE7FE70-SegmentedRaftLog:OPENED:c76, conf=75: peers:[s0|rpc:localhost:45051|admin:localhost:42977|client:localhost:45097|dataStream:localhost:39217|priority:0|startupRole:FOLLOWER, s1|rpc:localhost:44071|admin:localhost:40507|client:localhost:38061|dataStream:localhost:38397|priority:0|startupRole:FOLLOWER, s2|rpc:localhost:38005|admin:localhost:46397|client:localhost:45965|dataStream:localhost:35133|priority:0|startupRole:FOLLOWER]|listeners:[], old=null RUNNING
  s1:  RUNNING    LEADER s1@group-D993EBE7FE70:t3, leader=s1, voted=s1, raftlog=Memoized:s1@group-D993EBE7FE70-SegmentedRaftLog:OPENED:c76, conf=75: peers:[s0|rpc:localhost:45051|admin:localhost:42977|client:localhost:45097|dataStream:localhost:39217|priority:0|startupRole:FOLLOWER, s1|rpc:localhost:44071|admin:localhost:40507|client:localhost:38061|dataStream:localhost:38397|priority:0|startupRole:FOLLOWER, s2|rpc:localhost:38005|admin:localhost:46397|client:localhost:45965|dataStream:localhost:35133|priority:0|startupRole:FOLLOWER]|listeners:[], old=null RUNNING
  s2:  RUNNING  FOLLOWER s2@group-D993EBE7FE70:t3, leader=s1, voted=s1, raftlog=Memoized:s2@group-D993EBE7FE70-SegmentedRaftLog:OPENED:c76, conf=75: peers:[s0|rpc:localhost:45051|admin:localhost:42977|client:localhost:45097|dataStream:localhost:39217|priority:0|startupRole:FOLLOWER, s1|rpc:localhost:44071|admin:localhost:40507|client:localhost:38061|dataStream:localhost:38397|priority:0|startupRole:FOLLOWER, s2|rpc:localhost:38005|admin:localhost:46397|client:localhost:45965|dataStream:localhost:35133|priority:0|startupRole:FOLLOWER]|listeners:[], old=null RUNNING
2022-07-15 00:59:39,885 [java.util.concurrent.ThreadPoolExecutor$Worker@4276f4c6[State = -1, empty queue]] WARN  grpc.GrpcUtil (GrpcUtil.java:shutdownManagedChannel(216)) - Timed out gracefully shutting down connection: ManagedChannelOrphanWrapper{delegate=ManagedChannelImpl{logId=1973, target=localhost:38061}}. 
2022-07-15 00:59:42,978 [java.util.concurrent.ThreadPoolExecutor$Worker@15384a8d[State = -1, empty queue]] WARN  grpc.GrpcUtil (GrpcUtil.java:shutdownManagedChannel(216)) - Timed out gracefully shutting down connection: ManagedChannelOrphanWrapper{delegate=ManagedChannelImpl{logId=1987, target=localhost:38061}}. 
2022-07-15 00:59:43,147 [java.util.concurrent.ThreadPoolExecutor$Worker@32c96a4f[State = -1, empty queue]] WARN  grpc.GrpcUtil (GrpcUtil.java:shutdownManagedChannel(216)) - Timed out gracefully shutting down connection: ManagedChannelOrphanWrapper{delegate=ManagedChannelImpl{logId=2001, target=localhost:38061}}. 
2022-07-15 00:59:45,999 [java.util.concurrent.ThreadPoolExecutor$Worker@185e3749[State = -1, empty queue]] WARN  grpc.GrpcUtil (GrpcUtil.java:shutdownManagedChannel(216)) - Timed out gracefully shutting down connection: ManagedChannelOrphanWrapper{delegate=ManagedChannelImpl{logId=2015, target=localhost:38061}}. 
2022-07-15 00:59:49,087 [java.util.concurrent.ThreadPoolExecutor$Worker@b50d16f[State = -1, empty queue]] WARN  grpc.GrpcUtil (GrpcUtil.java:shutdownManagedChannel(216)) - Timed out gracefully shutting down connection: ManagedChannelOrphanWrapper{delegate=ManagedChannelImpl{logId=2029, target=localhost:38061}}. 
2022-07-15 00:59:49,198 [s1-client-thread3] INFO  statemachine.StateMachine (DataStreamTestUtils.java:link(157)) - link null
2022-07-15 00:59:49,199 [s0-server-thread2] INFO  statemachine.StateMachine (DataStreamTestUtils.java:link(157)) - link null
2022-07-15 00:59:49,200 [s2-server-thread1] INFO  statemachine.StateMachine (DataStreamTestUtils.java:link(157)) - link null
2022-07-15 00:59:49,260 [java.util.concurrent.ThreadPoolExecutor$Worker@5ab6744e[State = -1, empty queue]] WARN  grpc.GrpcUtil (GrpcUtil.java:shutdownManagedChannel(216)) - Timed out gracefully shutting down connection: ManagedChannelOrphanWrapper{delegate=ManagedChannelImpl{logId=2043, target=localhost:38061}}. 
2022-07-15 00:59:49,373 [s1-client-thread3] INFO  statemachine.StateMachine (DataStreamTestUtils.java:link(157)) - link null
2022-07-15 00:59:49,373 [s2-server-thread1] INFO  statemachine.StateMachine (DataStreamTestUtils.java:link(157)) - link null
2022-07-15 00:59:49,373 [s0-server-thread2] INFO  statemachine.StateMachine (DataStreamTestUtils.java:link(157)) - link null
2022-07-15 00:59:49,674 [Timer-2] INFO  impl.MiniRaftCluster (MiniRaftCluster.java:lambda$null$5(314)) - TIMED-PRINT: printing ALL groups
  s0:  RUNNING  FOLLOWER s0@group-D993EBE7FE70:t3, leader=s1, voted=s1, raftlog=Memoized:s0@group-D993EBE7FE70-SegmentedRaftLog:OPENED:c76, conf=75: peers:[s0|rpc:localhost:45051|admin:localhost:42977|client:localhost:45097|dataStream:localhost:39217|priority:0|startupRole:FOLLOWER, s1|rpc:localhost:44071|admin:localhost:40507|client:localhost:38061|dataStream:localhost:38397|priority:0|startupRole:FOLLOWER, s2|rpc:localhost:38005|admin:localhost:46397|client:localhost:45965|dataStream:localhost:35133|priority:0|startupRole:FOLLOWER]|listeners:[], old=null RUNNING
  s1:  RUNNING    LEADER s1@group-D993EBE7FE70:t3, leader=s1, voted=s1, raftlog=Memoized:s1@group-D993EBE7FE70-SegmentedRaftLog:OPENED:c76, conf=75: peers:[s0|rpc:localhost:45051|admin:localhost:42977|client:localhost:45097|dataStream:localhost:39217|priority:0|startupRole:FOLLOWER, s1|rpc:localhost:44071|admin:localhost:40507|client:localhost:38061|dataStream:localhost:38397|priority:0|startupRole:FOLLOWER, s2|rpc:localhost:38005|admin:localhost:46397|client:localhost:45965|dataStream:localhost:35133|priority:0|startupRole:FOLLOWER]|listeners:[], old=null RUNNING
  s2:  RUNNING  FOLLOWER s2@group-D993EBE7FE70:t3, leader=s1, voted=s1, raftlog=Memoized:s2@group-D993EBE7FE70-SegmentedRaftLog:OPENED:c76, conf=75: peers:[s0|rpc:localhost:45051|admin:localhost:42977|client:localhost:45097|dataStream:localhost:39217|priority:0|startupRole:FOLLOWER, s1|rpc:localhost:44071|admin:localhost:40507|client:localhost:38061|dataStream:localhost:38397|priority:0|startupRole:FOLLOWER, s2|rpc:localhost:38005|admin:localhost:46397|client:localhost:45965|dataStream:localhost:35133|priority:0|startupRole:FOLLOWER]|listeners:[], old=null RUNNING
2022-07-15 00:59:52,108 [java.util.concurrent.ThreadPoolExecutor$Worker@337a5b01[State = -1, empty queue]] WARN  grpc.GrpcUtil (GrpcUtil.java:shutdownManagedChannel(216)) - Timed out gracefully shutting down connection: ManagedChannelOrphanWrapper{delegate=ManagedChannelImpl{logId=2057, target=localhost:38061}}. 
2022-07-15 00:59:52,227 [s1-client-thread3] INFO  statemachine.StateMachine (DataStreamTestUtils.java:link(157)) - link null
2022-07-15 00:59:52,228 [s0-server-thread2] INFO  statemachine.StateMachine (DataStreamTestUtils.java:link(157)) - link null
2022-07-15 00:59:52,228 [s2-server-thread1] INFO  statemachine.StateMachine (DataStreamTestUtils.java:link(157)) - link null
2022-07-15 00:59:55,197 [java.util.concurrent.ThreadPoolExecutor$Worker@612590c3[State = -1, empty queue]] WARN  grpc.GrpcUtil (GrpcUtil.java:shutdownManagedChannel(216)) - Timed out gracefully shutting down connection: ManagedChannelOrphanWrapper{delegate=ManagedChannelImpl{logId=2071, target=localhost:38061}}. 
2022-07-15 00:59:55,200 [java.util.concurrent.ThreadPoolExecutor$Worker@612590c3[State = -1, empty queue]] WARN  server.GrpcLogAppender (GrpcLogAppender.java:timeoutAppendRequest(240)) - s1@group-D993EBE7FE70->s2-GrpcLogAppender:  appendEntries Timeout, request=AppendEntriesRequest:cid=3218,entriesCount=1,lastEntry=(t:3, i:93)
2022-07-15 00:59:55,200 [java.util.concurrent.ThreadPoolExecutor$Worker@612590c3[State = -1, empty queue]] WARN  server.GrpcLogAppender (GrpcLogAppender.java:timeoutAppendRequest(240)) - s1@group-D993EBE7FE70->s0-GrpcLogAppender:  appendEntries Timeout, request=AppendEntriesRequest:cid=3219,entriesCount=1,lastEntry=(t:3, i:93)
2022-07-15 00:59:55,372 [java.util.concurrent.ThreadPoolExecutor$Worker@17e27c15[State = -1, empty queue]] WARN  grpc.GrpcUtil (GrpcUtil.java:shutdownManagedChannel(216)) - Timed out gracefully shutting down connection: ManagedChannelOrphanWrapper{delegate=ManagedChannelImpl{logId=2085, target=localhost:38061}}. 
2022-07-15 00:59:55,373 [java.util.concurrent.ThreadPoolExecutor$Worker@17e27c15[State = -1, empty queue]] WARN  server.GrpcLogAppender (GrpcLogAppender.java:timeoutAppendRequest(240)) - s1@group-D993EBE7FE70->s0-GrpcLogAppender:  appendEntries Timeout, request=AppendEntriesRequest:cid=3222,entriesCount=1,lastEntry=(t:3, i:94)
2022-07-15 00:59:55,373 [java.util.concurrent.ThreadPoolExecutor$Worker@17e27c15[State = -1, empty queue]] WARN  server.GrpcLogAppender (GrpcLogAppender.java:timeoutAppendRequest(240)) - s1@group-D993EBE7FE70->s2-GrpcLogAppender:  appendEntries Timeout, request=AppendEntriesRequest:cid=3221,entriesCount=1,lastEntry=(t:3, i:94)
2022-07-15 00:59:58,225 [java.util.concurrent.ThreadPoolExecutor$Worker@7929c1d9[State = -1, empty queue]] WARN  grpc.GrpcUtil (GrpcUtil.java:shutdownManagedChannel(216)) - Timed out gracefully shutting down connection: ManagedChannelOrphanWrapper{delegate=ManagedChannelImpl{logId=2099, target=localhost:38061}}. 
2022-07-15 00:59:58,227 [java.util.concurrent.ThreadPoolExecutor$Worker@7929c1d9[State = -1, empty queue]] WARN  server.GrpcLogAppender (GrpcLogAppender.java:timeoutAppendRequest(240)) - s1@group-D993EBE7FE70->s0-GrpcLogAppender:  appendEntries Timeout, request=AppendEntriesRequest:cid=3261,entriesCount=1,lastEntry=(t:3, i:95)
2022-07-15 00:59:58,227 [java.util.concurrent.ThreadPoolExecutor$Worker@7929c1d9[State = -1, empty queue]] WARN  server.GrpcLogAppender (GrpcLogAppender.java:timeoutAppendRequest(240)) - s1@group-D993EBE7FE70->s2-GrpcLogAppender:  appendEntries Timeout, request=AppendEntriesRequest:cid=3260,entriesCount=1,lastEntry=(t:3, i:95)
2022-07-15 00:59:59,675 [Timer-2] INFO  impl.MiniRaftCluster (MiniRaftCluster.java:lambda$null$5(314)) - TIMED-PRINT: printing ALL groups
  s0:  RUNNING  FOLLOWER s0@group-D993EBE7FE70:t3, leader=s1, voted=s1, raftlog=Memoized:s0@group-D993EBE7FE70-SegmentedRaftLog:OPENED:c76, conf=75: peers:[s0|rpc:localhost:45051|admin:localhost:42977|client:localhost:45097|dataStream:localhost:39217|priority:0|startupRole:FOLLOWER, s1|rpc:localhost:44071|admin:localhost:40507|client:localhost:38061|dataStream:localhost:38397|priority:0|startupRole:FOLLOWER, s2|rpc:localhost:38005|admin:localhost:46397|client:localhost:45965|dataStream:localhost:35133|priority:0|startupRole:FOLLOWER]|listeners:[], old=null RUNNING
  s1:  RUNNING    LEADER s1@group-D993EBE7FE70:t3, leader=s1, voted=s1, raftlog=Memoized:s1@group-D993EBE7FE70-SegmentedRaftLog:OPENED:c76, conf=75: peers:[s0|rpc:localhost:45051|admin:localhost:42977|client:localhost:45097|dataStream:localhost:39217|priority:0|startupRole:FOLLOWER, s1|rpc:localhost:44071|admin:localhost:40507|client:localhost:38061|dataStream:localhost:38397|priority:0|startupRole:FOLLOWER, s2|rpc:localhost:38005|admin:localhost:46397|client:localhost:45965|dataStream:localhost:35133|priority:0|startupRole:FOLLOWER]|listeners:[], old=null RUNNING
  s2:  RUNNING  FOLLOWER s2@group-D993EBE7FE70:t3, leader=s1, voted=s1, raftlog=Memoized:s2@group-D993EBE7FE70-SegmentedRaftLog:OPENED:c76, conf=75: peers:[s0|rpc:localhost:45051|admin:localhost:42977|client:localhost:45097|dataStream:localhost:39217|priority:0|startupRole:FOLLOWER, s1|rpc:localhost:44071|admin:localhost:40507|client:localhost:38061|dataStream:localhost:38397|priority:0|startupRole:FOLLOWER, s2|rpc:localhost:38005|admin:localhost:46397|client:localhost:45965|dataStream:localhost:35133|priority:0|startupRole:FOLLOWER]|listeners:[], old=null RUNNING
2022-07-15 01:00:01,311 [java.util.concurrent.ThreadPoolExecutor$Worker@21fca07d[State = -1, empty queue]] WARN  grpc.GrpcUtil (GrpcUtil.java:shutdownManagedChannel(216)) - Timed out gracefully shutting down connection: ManagedChannelOrphanWrapper{delegate=ManagedChannelImpl{logId=2113, target=localhost:38061}}. 
2022-07-15 01:00:01,484 [java.util.concurrent.ThreadPoolExecutor$Worker@34371e80[State = -1, empty queue]] WARN  grpc.GrpcUtil (GrpcUtil.java:shutdownManagedChannel(216)) - Timed out gracefully shutting down connection: ManagedChannelOrphanWrapper{delegate=ManagedChannelImpl{logId=2127, target=localhost:38061}}. 
2022-07-15 01:00:04,338 [java.util.concurrent.ThreadPoolExecutor$Worker@57a4a1d3[State = -1, empty queue]] WARN  grpc.GrpcUtil (GrpcUtil.java:shutdownManagedChannel(216)) - Timed out gracefully shutting down connection: ManagedChannelOrphanWrapper{delegate=ManagedChannelImpl{logId=2141, target=localhost:38061}}. 
2022-07-15 01:00:07,422 [java.util.concurrent.ThreadPoolExecutor$Worker@592ba523[State = -1, empty queue]] WARN  grpc.GrpcUtil (GrpcUtil.java:shutdownManagedChannel(216)) - Timed out gracefully shutting down connection: ManagedChannelOrphanWrapper{delegate=ManagedChannelImpl{logId=2155, target=localhost:38061}}. 
2022-07-15 01:00:07,593 [java.util.concurrent.ThreadPoolExecutor$Worker@b52124f[State = -1, empty queue]] WARN  grpc.GrpcUtil (GrpcUtil.java:shutdownManagedChannel(216)) - Timed out gracefully shutting down connection: ManagedChannelOrphanWrapper{delegate=ManagedChannelImpl{logId=2169, target=localhost:38061}}. 
2022-07-15 01:00:09,674 [Timer-2] INFO  impl.MiniRaftCluster (MiniRaftCluster.java:lambda$null$5(314)) - TIMED-PRINT: printing ALL groups
  s0:  RUNNING  FOLLOWER s0@group-D993EBE7FE70:t3, leader=s1, voted=s1, raftlog=Memoized:s0@group-D993EBE7FE70-SegmentedRaftLog:OPENED:c76, conf=75: peers:[s0|rpc:localhost:45051|admin:localhost:42977|client:localhost:45097|dataStream:localhost:39217|priority:0|startupRole:FOLLOWER, s1|rpc:localhost:44071|admin:localhost:40507|client:localhost:38061|dataStream:localhost:38397|priority:0|startupRole:FOLLOWER, s2|rpc:localhost:38005|admin:localhost:46397|client:localhost:45965|dataStream:localhost:35133|priority:0|startupRole:FOLLOWER]|listeners:[], old=null RUNNING
  s1:  RUNNING    LEADER s1@group-D993EBE7FE70:t3, leader=s1, voted=s1, raftlog=Memoized:s1@group-D993EBE7FE70-SegmentedRaftLog:OPENED:c76, conf=75: peers:[s0|rpc:localhost:45051|admin:localhost:42977|client:localhost:45097|dataStream:localhost:39217|priority:0|startupRole:FOLLOWER, s1|rpc:localhost:44071|admin:localhost:40507|client:localhost:38061|dataStream:localhost:38397|priority:0|startupRole:FOLLOWER, s2|rpc:localhost:38005|admin:localhost:46397|client:localhost:45965|dataStream:localhost:35133|priority:0|startupRole:FOLLOWER]|listeners:[], old=null RUNNING
  s2:  RUNNING  FOLLOWER s2@group-D993EBE7FE70:t3, leader=s1, voted=s1, raftlog=Memoized:s2@group-D993EBE7FE70-SegmentedRaftLog:OPENED:c76, conf=75: peers:[s0|rpc:localhost:45051|admin:localhost:42977|client:localhost:45097|dataStream:localhost:39217|priority:0|startupRole:FOLLOWER, s1|rpc:localhost:44071|admin:localhost:40507|client:localhost:38061|dataStream:localhost:38397|priority:0|startupRole:FOLLOWER, s2|rpc:localhost:38005|admin:localhost:46397|client:localhost:45965|dataStream:localhost:35133|priority:0|startupRole:FOLLOWER]|listeners:[], old=null RUNNING
2022-07-15 01:00:10,448 [java.util.concurrent.ThreadPoolExecutor$Worker@2ea7ed17[State = -1, empty queue]] WARN  grpc.GrpcUtil (GrpcUtil.java:shutdownManagedChannel(216)) - Timed out gracefully shutting down connection: ManagedChannelOrphanWrapper{delegate=ManagedChannelImpl{logId=2183, target=localhost:38061}}. 
2022-07-15 01:00:13,535 [java.util.concurrent.ThreadPoolExecutor$Worker@7afcff4[State = -1, empty queue]] WARN  grpc.GrpcUtil (GrpcUtil.java:shutdownManagedChannel(216)) - Timed out gracefully shutting down connection: ManagedChannelOrphanWrapper{delegate=ManagedChannelImpl{logId=2197, target=localhost:38061}}. 
2022-07-15 01:00:13,703 [java.util.concurrent.ThreadPoolExecutor$Worker@4563c0fc[State = -1, empty queue]] WARN  grpc.GrpcUtil (GrpcUtil.java:shutdownManagedChannel(216)) - Timed out gracefully shutting down connection: ManagedChannelOrphanWrapper{delegate=ManagedChannelImpl{logId=2211, target=localhost:38061}}. 
2022-07-15 01:00:16,558 [java.util.concurrent.ThreadPoolExecutor$Worker@591e8d36[State = -1, empty queue]] WARN  grpc.GrpcUtil (GrpcUtil.java:shutdownManagedChannel(216)) - Timed out gracefully shutting down connection: ManagedChannelOrphanWrapper{delegate=ManagedChannelImpl{logId=2225, target=localhost:38061}}. 
2022-07-15 01:00:19,645 [java.util.concurrent.ThreadPoolExecutor$Worker@6426a0b0[State = -1, empty queue]] WARN  grpc.GrpcUtil (GrpcUtil.java:shutdownManagedChannel(216)) - Timed out gracefully shutting down connection: ManagedChannelOrphanWrapper{delegate=ManagedChannelImpl{logId=2239, target=localhost:38061}}. 
2022-07-15 01:00:19,674 [Timer-2] INFO  impl.MiniRaftCluster (MiniRaftCluster.java:lambda$null$5(314)) - TIMED-PRINT: printing ALL groups
  s0:  RUNNING  FOLLOWER s0@group-D993EBE7FE70:t3, leader=s1, voted=s1, raftlog=Memoized:s0@group-D993EBE7FE70-SegmentedRaftLog:OPENED:c76, conf=75: peers:[s0|rpc:localhost:45051|admin:localhost:42977|client:localhost:45097|dataStream:localhost:39217|priority:0|startupRole:FOLLOWER, s1|rpc:localhost:44071|admin:localhost:40507|client:localhost:38061|dataStream:localhost:38397|priority:0|startupRole:FOLLOWER, s2|rpc:localhost:38005|admin:localhost:46397|client:localhost:45965|dataStream:localhost:35133|priority:0|startupRole:FOLLOWER]|listeners:[], old=null RUNNING
  s1:  RUNNING    LEADER s1@group-D993EBE7FE70:t3, leader=s1, voted=s1, raftlog=Memoized:s1@group-D993EBE7FE70-SegmentedRaftLog:OPENED:c76, conf=75: peers:[s0|rpc:localhost:45051|admin:localhost:42977|client:localhost:45097|dataStream:localhost:39217|priority:0|startupRole:FOLLOWER, s1|rpc:localhost:44071|admin:localhost:40507|client:localhost:38061|dataStream:localhost:38397|priority:0|startupRole:FOLLOWER, s2|rpc:localhost:38005|admin:localhost:46397|client:localhost:45965|dataStream:localhost:35133|priority:0|startupRole:FOLLOWER]|listeners:[], old=null RUNNING
  s2:  RUNNING  FOLLOWER s2@group-D993EBE7FE70:t3, leader=s1, voted=s1, raftlog=Memoized:s2@group-D993EBE7FE70-SegmentedRaftLog:OPENED:c76, conf=75: peers:[s0|rpc:localhost:45051|admin:localhost:42977|client:localhost:45097|dataStream:localhost:39217|priority:0|startupRole:FOLLOWER, s1|rpc:localhost:44071|admin:localhost:40507|client:localhost:38061|dataStream:localhost:38397|priority:0|startupRole:FOLLOWER, s2|rpc:localhost:38005|admin:localhost:46397|client:localhost:45965|dataStream:localhost:35133|priority:0|startupRole:FOLLOWER]|listeners:[], old=null RUNNING
2022-07-15 01:00:19,811 [java.util.concurrent.ThreadPoolExecutor$Worker@7fbb657b[State = -1, empty queue]] WARN  grpc.GrpcUtil (GrpcUtil.java:shutdownManagedChannel(216)) - Timed out gracefully shutting down connection: ManagedChannelOrphanWrapper{delegate=ManagedChannelImpl{logId=2253, target=localhost:38061}}. 
2022-07-15 01:00:22,668 [java.util.concurrent.ThreadPoolExecutor$Worker@61eff9d5[State = -1, empty queue]] WARN  grpc.GrpcUtil (GrpcUtil.java:shutdownManagedChannel(216)) - Timed out gracefully shutting down connection: ManagedChannelOrphanWrapper{delegate=ManagedChannelImpl{logId=2267, target=localhost:38061}}. 
2022-07-15 01:00:25,759 [java.util.concurrent.ThreadPoolExecutor$Worker@4cb1363d[State = -1, empty queue]] WARN  grpc.GrpcUtil (GrpcUtil.java:shutdownManagedChannel(216)) - Timed out gracefully shutting down connection: ManagedChannelOrphanWrapper{delegate=ManagedChannelImpl{logId=2281, target=localhost:38061}}. 
2022-07-15 01:00:25,921 [java.util.concurrent.ThreadPoolExecutor$Worker@e270edf[State = -1, empty queue]] WARN  grpc.GrpcUtil (GrpcUtil.java:shutdownManagedChannel(216)) - Timed out gracefully shutting down connection: ManagedChannelOrphanWrapper{delegate=ManagedChannelImpl{logId=2295, target=localhost:38061}}. 
2022-07-15 01:00:28,776 [java.util.concurrent.ThreadPoolExecutor$Worker@7d9bb01a[State = -1, empty queue]] WARN  grpc.GrpcUtil (GrpcUtil.java:shutdownManagedChannel(216)) - Timed out gracefully shutting down connection: ManagedChannelOrphanWrapper{delegate=ManagedChannelImpl{logId=2309, target=localhost:38061}}. 
]]></system-out>
  </testcase>
  <testcase name="testStreamWrites" classname="org.apache.ratis.datastream.TestNettyDataStreamStarTopologyWithGrpcCluster" time="2.945"/>
</testsuite>