<?xml version="1.0" encoding="UTF-8"?>
<testsuite xmlns:xsi="http://www.w3.org/2001/XMLSchema-instance" xsi:noNamespaceSchemaLocation="https://maven.apache.org/surefire/maven-surefire-plugin/xsd/surefire-test-report.xsd" name="org.apache.ratis.grpc.TestRaftServerWithGrpc" time="30.092" tests="10" errors="0" skipped="0" failures="1">
  <properties>
    <property name="awt.toolkit" value="sun.awt.X11.XToolkit"/>
    <property name="java.specification.version" value="11"/>
    <property name="sun.cpu.isalist" value=""/>
    <property name="sun.jnu.encoding" value="UTF-8"/>
    <property name="java.class.path" value="/home/runner/work/ratis/ratis/ratis-test/target/test-classes:/home/runner/work/ratis/ratis/ratis-test/target/classes:/home/runner/work/ratis/ratis/ratis-common/target/classes:/home/runner/.m2/repository/org/apache/ratis/ratis-thirdparty-misc/1.0.3/ratis-thirdparty-misc-1.0.3.jar:/home/runner/work/ratis/ratis/ratis-proto/target/ratis-proto-3.0.0-SNAPSHOT.jar:/home/runner/work/ratis/ratis/ratis-common/target/test-classes:/home/runner/work/ratis/ratis/ratis-client/target/classes:/home/runner/work/ratis/ratis/ratis-server/target/classes:/home/runner/work/ratis/ratis/ratis-server-api/target/classes:/home/runner/work/ratis/ratis/ratis-metrics-api/target/classes:/home/runner/work/ratis/ratis/ratis-server/target/test-classes:/home/runner/work/ratis/ratis/ratis-metrics-default/target/classes:/home/runner/work/ratis/ratis/ratis-netty/target/classes:/home/runner/work/ratis/ratis/ratis-netty/target/test-classes:/home/runner/work/ratis/ratis/ratis-grpc/target/classes:/home/runner/work/ratis/ratis/ratis-grpc/target/test-classes:/home/runner/.m2/repository/org/slf4j/slf4j-api/1.7.29/slf4j-api-1.7.29.jar:/home/runner/.m2/repository/org/slf4j/slf4j-log4j12/1.7.29/slf4j-log4j12-1.7.29.jar:/home/runner/.m2/repository/log4j/log4j/1.2.17/log4j-1.2.17.jar:/home/runner/.m2/repository/junit/junit/4.13.2/junit-4.13.2.jar:/home/runner/.m2/repository/org/hamcrest/hamcrest-core/1.3/hamcrest-core-1.3.jar:/home/runner/.m2/repository/org/mockito/mockito-core/4.3.1/mockito-core-4.3.1.jar:/home/runner/.m2/repository/net/bytebuddy/byte-buddy/1.12.7/byte-buddy-1.12.7.jar:/home/runner/.m2/repository/net/bytebuddy/byte-buddy-agent/1.12.7/byte-buddy-agent-1.12.7.jar:/home/runner/.m2/repository/org/objenesis/objenesis/3.2/objenesis-3.2.jar:/home/runner/work/ratis/ratis/ratis-shell/target/classes:/home/runner/.m2/repository/commons-cli/commons-cli/1.5.0/commons-cli-1.5.0.jar:/home/runner/.m2/repository/org/slf4j/slf4j-simple/1.7.29/slf4j-simple-1.7.29.jar:/home/runner/.m2/repository/org/reflections/reflections/0.10.2/reflections-0.10.2.jar:/home/runner/.m2/repository/org/javassist/javassist/3.28.0-GA/javassist-3.28.0-GA.jar:/home/runner/.m2/repository/com/google/code/findbugs/jsr305/3.0.2/jsr305-3.0.2.jar:"/>
    <property name="java.vm.vendor" value="Eclipse Adoptium"/>
    <property name="sun.arch.data.model" value="64"/>
    <property name="java.vendor.url" value="https://adoptium.net/"/>
    <property name="user.timezone" value=""/>
    <property name="java.vm.specification.version" value="11"/>
    <property name="os.name" value="Linux"/>
    <property name="sun.java.launcher" value="SUN_STANDARD"/>
    <property name="sun.boot.library.path" value="/usr/lib/jvm/temurin-11-jdk-amd64/lib"/>
    <property name="sun.java.command" value="/home/runner/work/ratis/ratis/ratis-test/target/surefire/surefirebooter7266441713728615509.jar /home/runner/work/ratis/ratis/ratis-test/target/surefire 2022-11-12T05-47-47_528-jvmRun1 surefire17651468089938060963tmp surefire_15923058957906744618tmp"/>
    <property name="jdk.debug" value="release"/>
    <property name="surefire.test.class.path" value="/home/runner/work/ratis/ratis/ratis-test/target/test-classes:/home/runner/work/ratis/ratis/ratis-test/target/classes:/home/runner/work/ratis/ratis/ratis-common/target/classes:/home/runner/.m2/repository/org/apache/ratis/ratis-thirdparty-misc/1.0.3/ratis-thirdparty-misc-1.0.3.jar:/home/runner/work/ratis/ratis/ratis-proto/target/ratis-proto-3.0.0-SNAPSHOT.jar:/home/runner/work/ratis/ratis/ratis-common/target/test-classes:/home/runner/work/ratis/ratis/ratis-client/target/classes:/home/runner/work/ratis/ratis/ratis-server/target/classes:/home/runner/work/ratis/ratis/ratis-server-api/target/classes:/home/runner/work/ratis/ratis/ratis-metrics-api/target/classes:/home/runner/work/ratis/ratis/ratis-server/target/test-classes:/home/runner/work/ratis/ratis/ratis-metrics-default/target/classes:/home/runner/work/ratis/ratis/ratis-netty/target/classes:/home/runner/work/ratis/ratis/ratis-netty/target/test-classes:/home/runner/work/ratis/ratis/ratis-grpc/target/classes:/home/runner/work/ratis/ratis/ratis-grpc/target/test-classes:/home/runner/.m2/repository/org/slf4j/slf4j-api/1.7.29/slf4j-api-1.7.29.jar:/home/runner/.m2/repository/org/slf4j/slf4j-log4j12/1.7.29/slf4j-log4j12-1.7.29.jar:/home/runner/.m2/repository/log4j/log4j/1.2.17/log4j-1.2.17.jar:/home/runner/.m2/repository/junit/junit/4.13.2/junit-4.13.2.jar:/home/runner/.m2/repository/org/hamcrest/hamcrest-core/1.3/hamcrest-core-1.3.jar:/home/runner/.m2/repository/org/mockito/mockito-core/4.3.1/mockito-core-4.3.1.jar:/home/runner/.m2/repository/net/bytebuddy/byte-buddy/1.12.7/byte-buddy-1.12.7.jar:/home/runner/.m2/repository/net/bytebuddy/byte-buddy-agent/1.12.7/byte-buddy-agent-1.12.7.jar:/home/runner/.m2/repository/org/objenesis/objenesis/3.2/objenesis-3.2.jar:/home/runner/work/ratis/ratis/ratis-shell/target/classes:/home/runner/.m2/repository/commons-cli/commons-cli/1.5.0/commons-cli-1.5.0.jar:/home/runner/.m2/repository/org/slf4j/slf4j-simple/1.7.29/slf4j-simple-1.7.29.jar:/home/runner/.m2/repository/org/reflections/reflections/0.10.2/reflections-0.10.2.jar:/home/runner/.m2/repository/org/javassist/javassist/3.28.0-GA/javassist-3.28.0-GA.jar:/home/runner/.m2/repository/com/google/code/findbugs/jsr305/3.0.2/jsr305-3.0.2.jar:"/>
    <property name="sun.cpu.endian" value="little"/>
    <property name="user.home" value="/home/runner"/>
    <property name="user.language" value="en"/>
    <property name="java.specification.vendor" value="Oracle Corporation"/>
    <property name="java.version.date" value="2022-08-12"/>
    <property name="java.home" value="/usr/lib/jvm/temurin-11-jdk-amd64"/>
    <property name="file.separator" value="/"/>
    <property name="basedir" value="/home/runner/work/ratis/ratis/ratis-test"/>
    <property name="java.vm.compressedOopsMode" value="32-bit"/>
    <property name="line.separator" value="&#10;"/>
    <property name="java.specification.name" value="Java Platform API Specification"/>
    <property name="java.vm.specification.vendor" value="Oracle Corporation"/>
    <property name="java.awt.graphicsenv" value="sun.awt.X11GraphicsEnvironment"/>
    <property name="surefire.real.class.path" value="/home/runner/work/ratis/ratis/ratis-test/target/surefire/surefirebooter7266441713728615509.jar"/>
    <property name="sun.management.compiler" value="HotSpot 64-Bit Tiered Compilers"/>
    <property name="java.runtime.version" value="11.0.16.1+1"/>
    <property name="user.name" value="runner"/>
    <property name="java.net.preferIPv4Stack" value="true"/>
    <property name="path.separator" value=":"/>
    <property name="os.version" value="5.15.0-1022-azure"/>
    <property name="java.runtime.name" value="OpenJDK Runtime Environment"/>
    <property name="file.encoding" value="UTF-8"/>
    <property name="java.vm.name" value="OpenJDK 64-Bit Server VM"/>
    <property name="java.vendor.version" value="Temurin-11.0.16.1+1"/>
    <property name="localRepository" value="/home/runner/.m2/repository"/>
    <property name="java.vendor.url.bug" value="https://github.com/adoptium/adoptium-support/issues"/>
    <property name="java.io.tmpdir" value="/tmp"/>
    <property name="java.version" value="11.0.16.1"/>
    <property name="user.dir" value="/home/runner/work/ratis/ratis/ratis-test"/>
    <property name="os.arch" value="amd64"/>
    <property name="ratis.tmp.dir" value="/home/runner/work/ratis/ratis/ratis-test/target/tmp"/>
    <property name="java.vm.specification.name" value="Java Virtual Machine Specification"/>
    <property name="java.awt.printerjob" value="sun.print.PSPrinterJob"/>
    <property name="ratis.log.dir" value="/home/runner/work/ratis/ratis/ratis-test/target/log"/>
    <property name="sun.os.patch.level" value="unknown"/>
    <property name="java.library.path" value="/usr/java/packages/lib:/usr/lib64:/lib64:/lib:/usr/lib"/>
    <property name="java.vm.info" value="mixed mode"/>
    <property name="java.vendor" value="Eclipse Adoptium"/>
    <property name="java.vm.version" value="11.0.16.1+1"/>
    <property name="sun.io.unicode.encoding" value="UnicodeLittle"/>
    <property name="java.class.version" value="55.0"/>
  </properties>
  <testcase name="testRaftClientMetrics[0]" classname="org.apache.ratis.grpc.TestRaftServerWithGrpc" time="2.035">
    <failure type="java.lang.AssertionError">java.lang.AssertionError
	at org.junit.Assert.fail(Assert.java:87)
	at org.junit.Assert.assertTrue(Assert.java:42)
	at org.junit.Assert.assertTrue(Assert.java:53)
	at org.apache.ratis.grpc.TestRaftServerWithGrpc.testRaftClientRequestMetrics(TestRaftServerWithGrpc.java:312)
	at org.apache.ratis.server.impl.MiniRaftCluster$Factory$Get.runWithNewCluster(MiniRaftCluster.java:141)
	at org.apache.ratis.server.impl.MiniRaftCluster$Factory$Get.runWithNewCluster(MiniRaftCluster.java:121)
	at org.apache.ratis.grpc.TestRaftServerWithGrpc.testRaftClientMetrics(TestRaftServerWithGrpc.java:215)
	at java.base/jdk.internal.reflect.NativeMethodAccessorImpl.invoke0(Native Method)
	at java.base/jdk.internal.reflect.NativeMethodAccessorImpl.invoke(NativeMethodAccessorImpl.java:62)
	at java.base/jdk.internal.reflect.DelegatingMethodAccessorImpl.invoke(DelegatingMethodAccessorImpl.java:43)
	at java.base/java.lang.reflect.Method.invoke(Method.java:566)
	at org.junit.runners.model.FrameworkMethod$1.runReflectiveCall(FrameworkMethod.java:59)
	at org.junit.internal.runners.model.ReflectiveCallable.run(ReflectiveCallable.java:12)
	at org.junit.runners.model.FrameworkMethod.invokeExplosively(FrameworkMethod.java:56)
	at org.junit.internal.runners.statements.InvokeMethod.evaluate(InvokeMethod.java:17)
	at org.junit.internal.runners.statements.RunBefores.evaluate(RunBefores.java:26)
	at org.junit.internal.runners.statements.RunAfters.evaluate(RunAfters.java:27)
	at org.junit.internal.runners.statements.FailOnTimeout$CallableStatement.call(FailOnTimeout.java:299)
	at org.junit.internal.runners.statements.FailOnTimeout$CallableStatement.call(FailOnTimeout.java:293)
	at java.base/java.util.concurrent.FutureTask.run(FutureTask.java:264)
	at java.base/java.lang.Thread.run(Thread.java:829)
</failure>
    <system-out><![CDATA[2022-11-12 05:49:17,688 [main] INFO  util.LogUtils (Slf4jUtils.java:setLogLevel(33)) - Set org.apache.ratis.conf.ConfUtils log level to WARN
2022-11-12 05:49:17,691 [main] INFO  util.LogUtils (Slf4jUtils.java:setLogLevel(33)) - Set org.apache.ratis.util.FileUtils log level to TRACE
2022-11-12 05:49:17,695 [main] INFO  util.LogUtils (Slf4jUtils.java:setLogLevel(33)) - Set org.apache.ratis.grpc.client.GrpcClientProtocolClient log level to TRACE
2022-11-12 05:49:17,709 [Time-limited test] INFO  impl.MiniRaftCluster (MiniRaftCluster.java:runWithNewCluster(135)) - Running runWithNewCluster
2022-11-12 05:49:17,755 [Time-limited test] INFO  impl.MiniRaftCluster (MiniRaftCluster.java:<init>(306)) - new MiniRaftClusterWithGrpc with group-DA71E2CFFE55:[s0|rpc:localhost:45219|admin:localhost:43529|client:localhost:40417|dataStream:localhost:40843|priority:0|startupRole:FOLLOWER, s1|rpc:localhost:42087|admin:localhost:41703|client:localhost:46499|dataStream:localhost:38341|priority:0|startupRole:FOLLOWER, s2|rpc:localhost:37771|admin:localhost:39593|client:localhost:37245|dataStream:localhost:39517|priority:0|startupRole:FOLLOWER]
2022-11-12 05:49:17,755 [Time-limited test] INFO  impl.MiniRaftCluster (MiniRaftCluster.java:start(339)) - .............................................................. 
2022-11-12 05:49:17,756 [Time-limited test] INFO  impl.MiniRaftCluster (MiniRaftCluster.java:start(340)) - ... 
2022-11-12 05:49:17,756 [Time-limited test] INFO  impl.MiniRaftCluster (MiniRaftCluster.java:start(341)) - ...     Starting MiniRaftClusterWithGrpc
2022-11-12 05:49:17,756 [Time-limited test] INFO  impl.MiniRaftCluster (MiniRaftCluster.java:start(342)) - ... 
2022-11-12 05:49:17,756 [Time-limited test] INFO  impl.MiniRaftCluster (MiniRaftCluster.java:start(343)) - .............................................................. 
2022-11-12 05:49:17,756 [Time-limited test] INFO  impl.MiniRaftCluster (MiniRaftCluster.java:initServers(318)) - servers = {}
2022-11-12 05:49:17,759 [Time-limited test] INFO  impl.MiniRaftCluster (MiniRaftCluster.java:newRaftServer(382)) - newRaftServer: s0, group-DA71E2CFFE55:[s0|rpc:localhost:45219|admin:localhost:43529|client:localhost:40417|dataStream:localhost:40843|priority:0|startupRole:FOLLOWER, s1|rpc:localhost:42087|admin:localhost:41703|client:localhost:46499|dataStream:localhost:38341|priority:0|startupRole:FOLLOWER, s2|rpc:localhost:37771|admin:localhost:39593|client:localhost:37245|dataStream:localhost:39517|priority:0|startupRole:FOLLOWER], format? true
2022-11-12 05:49:17,760 [Time-limited test] TRACE util.FileUtils (FileUtils.java:deleteFully(170)) - deleteFully target/test/data/976b176f/MiniRaftClusterWithGrpca966a5db/s0
2022-11-12 05:49:17,761 [Time-limited test] TRACE util.FileUtils (FileUtils.java:deleteFully(186)) - deleteFully: target/test/data/976b176f/MiniRaftClusterWithGrpca966a5db/s0 does not exist.
2022-11-12 05:49:17,761 [Time-limited test] INFO  impl.MiniRaftCluster (MiniRaftCluster.java:newRaftServer(387)) - Formatted directory target/test/data/976b176f/MiniRaftClusterWithGrpca966a5db/s0
2022-11-12 05:49:17,789 [Time-limited test] INFO  server.RaftServer (ConfUtils.java:logGet(46)) - raft.rpc.type = GRPC (default)
2022-11-12 05:49:17,862 [Time-limited test] INFO  grpc.GrpcConfigKeys (ConfUtils.java:logFallback(53)) - raft.grpc.admin.host = null (fallback to raft.grpc.server.host)
2022-11-12 05:49:17,864 [Time-limited test] INFO  grpc.GrpcConfigKeys (ConfUtils.java:logGet(46)) - raft.grpc.admin.port = 43529 (custom)
2022-11-12 05:49:17,864 [Time-limited test] INFO  grpc.GrpcConfigKeys (ConfUtils.java:logFallback(53)) - raft.grpc.client.host = null (fallback to raft.grpc.server.host)
2022-11-12 05:49:17,865 [Time-limited test] INFO  grpc.GrpcConfigKeys (ConfUtils.java:logGet(46)) - raft.grpc.client.port = 40417 (custom)
2022-11-12 05:49:17,865 [Time-limited test] INFO  grpc.GrpcConfigKeys (ConfUtils.java:logGet(46)) - raft.grpc.server.host = null (default)
2022-11-12 05:49:17,865 [Time-limited test] INFO  grpc.GrpcConfigKeys (ConfUtils.java:logGet(46)) - raft.grpc.server.port = 45219 (custom)
2022-11-12 05:49:17,866 [Time-limited test] INFO  server.GrpcService (ConfUtils.java:logGet(46)) - raft.grpc.message.size.max = 64MB (=67108864) (default)
2022-11-12 05:49:17,868 [Time-limited test] INFO  server.RaftServerConfigKeys (ConfUtils.java:logGet(46)) - raft.server.log.appender.buffer.byte-limit = 4MB (=4194304) (default)
2022-11-12 05:49:17,869 [Time-limited test] INFO  server.GrpcService (ConfUtils.java:logGet(46)) - raft.grpc.flow.control.window = 1MB (=1048576) (default)
2022-11-12 05:49:17,870 [Time-limited test] INFO  server.RaftServerConfigKeys (ConfUtils.java:logGet(46)) - raft.server.rpc.request.timeout = 3000ms (default)
2022-11-12 05:49:17,888 [Time-limited test] INFO  grpc.GrpcConfigKeys (ConfUtils.java:logGet(46)) - raft.grpc.server.heartbeat.channel = false (custom)
2022-11-12 05:49:17,895 [Time-limited test] INFO  grpc.GrpcConfigKeys (ConfUtils.java:logGet(46)) - raft.grpc.server.async.request.thread.pool.cached = true (default)
2022-11-12 05:49:17,897 [Time-limited test] INFO  grpc.GrpcConfigKeys (ConfUtils.java:logGet(46)) - raft.grpc.server.async.request.thread.pool.size = 32 (default)
2022-11-12 05:49:18,082 [Time-limited test] INFO  impl.DataStreamServerImpl (ConfUtils.java:logGet(46)) - raft.datastream.type = DISABLED (default)
2022-11-12 05:49:18,084 [Time-limited test] INFO  server.RaftServerConfigKeys (ConfUtils.java:logGet(46)) - raft.server.threadpool.proxy.cached = true (default)
2022-11-12 05:49:18,085 [Time-limited test] INFO  server.RaftServerConfigKeys (ConfUtils.java:logGet(46)) - raft.server.threadpool.proxy.size = 0 (default)
2022-11-12 05:49:18,086 [Time-limited test] INFO  server.RaftServerConfigKeys (ConfUtils.java:logGet(46)) - raft.server.rpc.slowness.timeout = 60s (default)
2022-11-12 05:49:18,087 [Time-limited test] INFO  server.RaftServerConfigKeys (ConfUtils.java:logGet(46)) - raft.server.leaderelection.leader.step-down.wait-time = 10s (default)
2022-11-12 05:49:18,090 [Time-limited test] INFO  server.RaftServerConfigKeys (ConfUtils.java:logGet(46)) - raft.server.storage.dir = [/home/runner/work/ratis/ratis/ratis-test/target/test/data/976b176f/MiniRaftClusterWithGrpca966a5db/s0] (custom)
2022-11-12 05:49:18,099 [Time-limited test] INFO  server.RaftServer (RaftServerProxy.java:addNew(99)) - s0: addNew group-DA71E2CFFE55:[s0|rpc:localhost:45219|admin:localhost:43529|client:localhost:40417|dataStream:localhost:40843|priority:0|startupRole:FOLLOWER, s1|rpc:localhost:42087|admin:localhost:41703|client:localhost:46499|dataStream:localhost:38341|priority:0|startupRole:FOLLOWER, s2|rpc:localhost:37771|admin:localhost:39593|client:localhost:37245|dataStream:localhost:39517|priority:0|startupRole:FOLLOWER] returns group-DA71E2CFFE55:java.util.concurrent.CompletableFuture@6ad31d04[Not completed]
2022-11-12 05:49:18,099 [Time-limited test] INFO  impl.MiniRaftCluster (MiniRaftCluster.java:newRaftServer(382)) - newRaftServer: s1, group-DA71E2CFFE55:[s0|rpc:localhost:45219|admin:localhost:43529|client:localhost:40417|dataStream:localhost:40843|priority:0|startupRole:FOLLOWER, s1|rpc:localhost:42087|admin:localhost:41703|client:localhost:46499|dataStream:localhost:38341|priority:0|startupRole:FOLLOWER, s2|rpc:localhost:37771|admin:localhost:39593|client:localhost:37245|dataStream:localhost:39517|priority:0|startupRole:FOLLOWER], format? true
2022-11-12 05:49:18,099 [Time-limited test] TRACE util.FileUtils (FileUtils.java:deleteFully(170)) - deleteFully target/test/data/976b176f/MiniRaftClusterWithGrpca966a5db/s1
2022-11-12 05:49:18,099 [Time-limited test] TRACE util.FileUtils (FileUtils.java:deleteFully(186)) - deleteFully: target/test/data/976b176f/MiniRaftClusterWithGrpca966a5db/s1 does not exist.
2022-11-12 05:49:18,099 [Time-limited test] INFO  impl.MiniRaftCluster (MiniRaftCluster.java:newRaftServer(387)) - Formatted directory target/test/data/976b176f/MiniRaftClusterWithGrpca966a5db/s1
2022-11-12 05:49:18,100 [Time-limited test] INFO  server.RaftServer (ConfUtils.java:logGet(46)) - raft.rpc.type = GRPC (default)
2022-11-12 05:49:18,100 [Time-limited test] INFO  grpc.GrpcConfigKeys (ConfUtils.java:logFallback(53)) - raft.grpc.admin.host = null (fallback to raft.grpc.server.host)
2022-11-12 05:49:18,100 [Time-limited test] INFO  grpc.GrpcConfigKeys (ConfUtils.java:logGet(46)) - raft.grpc.admin.port = 41703 (custom)
2022-11-12 05:49:18,100 [Time-limited test] INFO  grpc.GrpcConfigKeys (ConfUtils.java:logFallback(53)) - raft.grpc.client.host = null (fallback to raft.grpc.server.host)
2022-11-12 05:49:18,100 [Time-limited test] INFO  grpc.GrpcConfigKeys (ConfUtils.java:logGet(46)) - raft.grpc.client.port = 46499 (custom)
2022-11-12 05:49:18,101 [Time-limited test] INFO  grpc.GrpcConfigKeys (ConfUtils.java:logGet(46)) - raft.grpc.server.host = null (default)
2022-11-12 05:49:18,101 [Time-limited test] INFO  grpc.GrpcConfigKeys (ConfUtils.java:logGet(46)) - raft.grpc.server.port = 42087 (custom)
2022-11-12 05:49:18,101 [Time-limited test] INFO  server.GrpcService (ConfUtils.java:logGet(46)) - raft.grpc.message.size.max = 64MB (=67108864) (default)
2022-11-12 05:49:18,101 [Time-limited test] INFO  server.RaftServerConfigKeys (ConfUtils.java:logGet(46)) - raft.server.log.appender.buffer.byte-limit = 4MB (=4194304) (default)
2022-11-12 05:49:18,101 [Time-limited test] INFO  server.GrpcService (ConfUtils.java:logGet(46)) - raft.grpc.flow.control.window = 1MB (=1048576) (default)
2022-11-12 05:49:18,101 [Time-limited test] INFO  server.RaftServerConfigKeys (ConfUtils.java:logGet(46)) - raft.server.rpc.request.timeout = 3000ms (default)
2022-11-12 05:49:18,102 [Time-limited test] INFO  grpc.GrpcConfigKeys (ConfUtils.java:logGet(46)) - raft.grpc.server.heartbeat.channel = false (custom)
2022-11-12 05:49:18,102 [Time-limited test] INFO  grpc.GrpcConfigKeys (ConfUtils.java:logGet(46)) - raft.grpc.server.async.request.thread.pool.cached = true (default)
2022-11-12 05:49:18,102 [Time-limited test] INFO  grpc.GrpcConfigKeys (ConfUtils.java:logGet(46)) - raft.grpc.server.async.request.thread.pool.size = 32 (default)
2022-11-12 05:49:18,104 [Time-limited test] INFO  impl.DataStreamServerImpl (ConfUtils.java:logGet(46)) - raft.datastream.type = DISABLED (default)
2022-11-12 05:49:18,104 [Time-limited test] INFO  server.RaftServerConfigKeys (ConfUtils.java:logGet(46)) - raft.server.threadpool.proxy.cached = true (default)
2022-11-12 05:49:18,104 [Time-limited test] INFO  server.RaftServerConfigKeys (ConfUtils.java:logGet(46)) - raft.server.threadpool.proxy.size = 0 (default)
2022-11-12 05:49:18,104 [Time-limited test] INFO  server.RaftServerConfigKeys (ConfUtils.java:logGet(46)) - raft.server.rpc.slowness.timeout = 60s (default)
2022-11-12 05:49:18,105 [Time-limited test] INFO  server.RaftServerConfigKeys (ConfUtils.java:logGet(46)) - raft.server.leaderelection.leader.step-down.wait-time = 10s (default)
2022-11-12 05:49:18,105 [Time-limited test] INFO  server.RaftServerConfigKeys (ConfUtils.java:logGet(46)) - raft.server.storage.dir = [/home/runner/work/ratis/ratis/ratis-test/target/test/data/976b176f/MiniRaftClusterWithGrpca966a5db/s1] (custom)
2022-11-12 05:49:18,105 [Time-limited test] INFO  server.RaftServer (RaftServerProxy.java:addNew(99)) - s1: addNew group-DA71E2CFFE55:[s0|rpc:localhost:45219|admin:localhost:43529|client:localhost:40417|dataStream:localhost:40843|priority:0|startupRole:FOLLOWER, s1|rpc:localhost:42087|admin:localhost:41703|client:localhost:46499|dataStream:localhost:38341|priority:0|startupRole:FOLLOWER, s2|rpc:localhost:37771|admin:localhost:39593|client:localhost:37245|dataStream:localhost:39517|priority:0|startupRole:FOLLOWER] returns group-DA71E2CFFE55:java.util.concurrent.CompletableFuture@6cb3a240[Not completed]
2022-11-12 05:49:18,106 [Time-limited test] INFO  impl.MiniRaftCluster (MiniRaftCluster.java:newRaftServer(382)) - newRaftServer: s2, group-DA71E2CFFE55:[s0|rpc:localhost:45219|admin:localhost:43529|client:localhost:40417|dataStream:localhost:40843|priority:0|startupRole:FOLLOWER, s1|rpc:localhost:42087|admin:localhost:41703|client:localhost:46499|dataStream:localhost:38341|priority:0|startupRole:FOLLOWER, s2|rpc:localhost:37771|admin:localhost:39593|client:localhost:37245|dataStream:localhost:39517|priority:0|startupRole:FOLLOWER], format? true
2022-11-12 05:49:18,106 [Time-limited test] TRACE util.FileUtils (FileUtils.java:deleteFully(170)) - deleteFully target/test/data/976b176f/MiniRaftClusterWithGrpca966a5db/s2
2022-11-12 05:49:18,106 [Time-limited test] TRACE util.FileUtils (FileUtils.java:deleteFully(186)) - deleteFully: target/test/data/976b176f/MiniRaftClusterWithGrpca966a5db/s2 does not exist.
2022-11-12 05:49:18,106 [Time-limited test] INFO  impl.MiniRaftCluster (MiniRaftCluster.java:newRaftServer(387)) - Formatted directory target/test/data/976b176f/MiniRaftClusterWithGrpca966a5db/s2
2022-11-12 05:49:18,106 [Time-limited test] INFO  server.RaftServer (ConfUtils.java:logGet(46)) - raft.rpc.type = GRPC (default)
2022-11-12 05:49:18,107 [Time-limited test] INFO  grpc.GrpcConfigKeys (ConfUtils.java:logFallback(53)) - raft.grpc.admin.host = null (fallback to raft.grpc.server.host)
2022-11-12 05:49:18,107 [Time-limited test] INFO  grpc.GrpcConfigKeys (ConfUtils.java:logGet(46)) - raft.grpc.admin.port = 39593 (custom)
2022-11-12 05:49:18,107 [Time-limited test] INFO  grpc.GrpcConfigKeys (ConfUtils.java:logFallback(53)) - raft.grpc.client.host = null (fallback to raft.grpc.server.host)
2022-11-12 05:49:18,107 [Time-limited test] INFO  grpc.GrpcConfigKeys (ConfUtils.java:logGet(46)) - raft.grpc.client.port = 37245 (custom)
2022-11-12 05:49:18,107 [Time-limited test] INFO  grpc.GrpcConfigKeys (ConfUtils.java:logGet(46)) - raft.grpc.server.host = null (default)
2022-11-12 05:49:18,107 [Time-limited test] INFO  grpc.GrpcConfigKeys (ConfUtils.java:logGet(46)) - raft.grpc.server.port = 37771 (custom)
2022-11-12 05:49:18,107 [Time-limited test] INFO  server.GrpcService (ConfUtils.java:logGet(46)) - raft.grpc.message.size.max = 64MB (=67108864) (default)
2022-11-12 05:49:18,108 [Time-limited test] INFO  server.RaftServerConfigKeys (ConfUtils.java:logGet(46)) - raft.server.log.appender.buffer.byte-limit = 4MB (=4194304) (default)
2022-11-12 05:49:18,108 [Time-limited test] INFO  server.GrpcService (ConfUtils.java:logGet(46)) - raft.grpc.flow.control.window = 1MB (=1048576) (default)
2022-11-12 05:49:18,108 [Time-limited test] INFO  server.RaftServerConfigKeys (ConfUtils.java:logGet(46)) - raft.server.rpc.request.timeout = 3000ms (default)
2022-11-12 05:49:18,108 [Time-limited test] INFO  grpc.GrpcConfigKeys (ConfUtils.java:logGet(46)) - raft.grpc.server.heartbeat.channel = false (custom)
2022-11-12 05:49:18,113 [Time-limited test] INFO  grpc.GrpcConfigKeys (ConfUtils.java:logGet(46)) - raft.grpc.server.async.request.thread.pool.cached = true (default)
2022-11-12 05:49:18,113 [Time-limited test] INFO  grpc.GrpcConfigKeys (ConfUtils.java:logGet(46)) - raft.grpc.server.async.request.thread.pool.size = 32 (default)
2022-11-12 05:49:18,114 [Time-limited test] INFO  impl.DataStreamServerImpl (ConfUtils.java:logGet(46)) - raft.datastream.type = DISABLED (default)
2022-11-12 05:49:18,114 [Time-limited test] INFO  server.RaftServerConfigKeys (ConfUtils.java:logGet(46)) - raft.server.threadpool.proxy.cached = true (default)
2022-11-12 05:49:18,115 [Time-limited test] INFO  server.RaftServerConfigKeys (ConfUtils.java:logGet(46)) - raft.server.threadpool.proxy.size = 0 (default)
2022-11-12 05:49:18,115 [Time-limited test] INFO  server.RaftServerConfigKeys (ConfUtils.java:logGet(46)) - raft.server.rpc.slowness.timeout = 60s (default)
2022-11-12 05:49:18,115 [Time-limited test] INFO  server.RaftServerConfigKeys (ConfUtils.java:logGet(46)) - raft.server.leaderelection.leader.step-down.wait-time = 10s (default)
2022-11-12 05:49:18,115 [Time-limited test] INFO  server.RaftServerConfigKeys (ConfUtils.java:logGet(46)) - raft.server.storage.dir = [/home/runner/work/ratis/ratis/ratis-test/target/test/data/976b176f/MiniRaftClusterWithGrpca966a5db/s2] (custom)
2022-11-12 05:49:18,134 [Time-limited test] INFO  server.RaftServer (RaftServerProxy.java:addNew(99)) - s2: addNew group-DA71E2CFFE55:[s0|rpc:localhost:45219|admin:localhost:43529|client:localhost:40417|dataStream:localhost:40843|priority:0|startupRole:FOLLOWER, s1|rpc:localhost:42087|admin:localhost:41703|client:localhost:46499|dataStream:localhost:38341|priority:0|startupRole:FOLLOWER, s2|rpc:localhost:37771|admin:localhost:39593|client:localhost:37245|dataStream:localhost:39517|priority:0|startupRole:FOLLOWER] returns group-DA71E2CFFE55:java.util.concurrent.CompletableFuture@4d29a283[Not completed]
2022-11-12 05:49:18,138 [pool-2-thread-1] INFO  server.RaftServerConfigKeys (ConfUtils.java:logGet(46)) - raft.server.log.segment.size.max = 8MB (=8388608) (default)
2022-11-12 05:49:18,138 [pool-1-thread-1] INFO  server.RaftServerConfigKeys (ConfUtils.java:logGet(46)) - raft.server.log.segment.size.max = 8MB (=8388608) (default)
2022-11-12 05:49:18,140 [pool-2-thread-1] INFO  server.RaftServerConfigKeys (ConfUtils.java:logGet(46)) - raft.server.log.preallocated.size = 4MB (=4194304) (default)
2022-11-12 05:49:18,140 [pool-1-thread-1] INFO  server.RaftServerConfigKeys (ConfUtils.java:logGet(46)) - raft.server.log.preallocated.size = 4MB (=4194304) (default)
2022-11-12 05:49:18,140 [pool-2-thread-1] INFO  server.RaftServerConfigKeys (ConfUtils.java:logGet(46)) - raft.server.log.write.buffer.size = 64KB (=65536) (default)
2022-11-12 05:49:18,142 [pool-2-thread-1] INFO  server.RaftServer$Division (RaftServerImpl.java:<init>(198)) - s1: new RaftServerImpl for group-DA71E2CFFE55:[s0|rpc:localhost:45219|admin:localhost:43529|client:localhost:40417|dataStream:localhost:40843|priority:0|startupRole:FOLLOWER, s1|rpc:localhost:42087|admin:localhost:41703|client:localhost:46499|dataStream:localhost:38341|priority:0|startupRole:FOLLOWER, s2|rpc:localhost:37771|admin:localhost:39593|client:localhost:37245|dataStream:localhost:39517|priority:0|startupRole:FOLLOWER] with SimpleStateMachine4Testing:uninitialized
2022-11-12 05:49:18,138 [pool-3-thread-1] INFO  server.RaftServerConfigKeys (ConfUtils.java:logGet(46)) - raft.server.log.segment.size.max = 8MB (=8388608) (default)
2022-11-12 05:49:18,140 [pool-1-thread-1] INFO  server.RaftServerConfigKeys (ConfUtils.java:logGet(46)) - raft.server.log.write.buffer.size = 64KB (=65536) (default)
2022-11-12 05:49:18,143 [pool-3-thread-1] INFO  server.RaftServerConfigKeys (ConfUtils.java:logGet(46)) - raft.server.log.preallocated.size = 4MB (=4194304) (default)
2022-11-12 05:49:18,143 [pool-3-thread-1] INFO  server.RaftServerConfigKeys (ConfUtils.java:logGet(46)) - raft.server.log.write.buffer.size = 64KB (=65536) (default)
2022-11-12 05:49:18,143 [pool-1-thread-1] INFO  server.RaftServer$Division (RaftServerImpl.java:<init>(198)) - s0: new RaftServerImpl for group-DA71E2CFFE55:[s0|rpc:localhost:45219|admin:localhost:43529|client:localhost:40417|dataStream:localhost:40843|priority:0|startupRole:FOLLOWER, s1|rpc:localhost:42087|admin:localhost:41703|client:localhost:46499|dataStream:localhost:38341|priority:0|startupRole:FOLLOWER, s2|rpc:localhost:37771|admin:localhost:39593|client:localhost:37245|dataStream:localhost:39517|priority:0|startupRole:FOLLOWER] with SimpleStateMachine4Testing:uninitialized
2022-11-12 05:49:18,143 [pool-3-thread-1] INFO  server.RaftServer$Division (RaftServerImpl.java:<init>(198)) - s2: new RaftServerImpl for group-DA71E2CFFE55:[s0|rpc:localhost:45219|admin:localhost:43529|client:localhost:40417|dataStream:localhost:40843|priority:0|startupRole:FOLLOWER, s1|rpc:localhost:42087|admin:localhost:41703|client:localhost:46499|dataStream:localhost:38341|priority:0|startupRole:FOLLOWER, s2|rpc:localhost:37771|admin:localhost:39593|client:localhost:37245|dataStream:localhost:39517|priority:0|startupRole:FOLLOWER] with SimpleStateMachine4Testing:uninitialized
2022-11-12 05:49:18,144 [pool-3-thread-1] INFO  server.RaftServerConfigKeys (ConfUtils.java:logGet(46)) - raft.server.rpc.timeout.min = 150ms (default)
2022-11-12 05:49:18,144 [pool-3-thread-1] INFO  server.RaftServerConfigKeys (ConfUtils.java:logGet(46)) - raft.server.rpc.timeout.max = 300ms (default)
2022-11-12 05:49:18,144 [pool-3-thread-1] INFO  server.RaftServerConfigKeys (ConfUtils.java:logGet(46)) - raft.server.rpc.sleep.time = 25ms (default)
2022-11-12 05:49:18,144 [pool-3-thread-1] INFO  server.RaftServerConfigKeys (ConfUtils.java:logGet(46)) - raft.server.rpc.slowness.timeout = 60s (default)
2022-11-12 05:49:18,145 [pool-3-thread-1] INFO  server.RaftServerConfigKeys (ConfUtils.java:logGet(46)) - raft.server.leaderelection.leader.step-down.wait-time = 10s (default)
2022-11-12 05:49:18,145 [pool-3-thread-1] INFO  server.RaftServerConfigKeys (ConfUtils.java:logGet(46)) - raft.server.sleep.deviation.threshold = 300ms (default)
2022-11-12 05:49:18,145 [pool-1-thread-1] INFO  server.RaftServerConfigKeys (ConfUtils.java:logGet(46)) - raft.server.rpc.timeout.min = 150ms (default)
2022-11-12 05:49:18,146 [pool-1-thread-1] INFO  server.RaftServerConfigKeys (ConfUtils.java:logGet(46)) - raft.server.rpc.timeout.max = 300ms (default)
2022-11-12 05:49:18,146 [pool-1-thread-1] INFO  server.RaftServerConfigKeys (ConfUtils.java:logGet(46)) - raft.server.rpc.sleep.time = 25ms (default)
2022-11-12 05:49:18,146 [pool-1-thread-1] INFO  server.RaftServerConfigKeys (ConfUtils.java:logGet(46)) - raft.server.rpc.slowness.timeout = 60s (default)
2022-11-12 05:49:18,146 [pool-1-thread-1] INFO  server.RaftServerConfigKeys (ConfUtils.java:logGet(46)) - raft.server.leaderelection.leader.step-down.wait-time = 10s (default)
2022-11-12 05:49:18,146 [pool-1-thread-1] INFO  server.RaftServerConfigKeys (ConfUtils.java:logGet(46)) - raft.server.sleep.deviation.threshold = 300ms (default)
2022-11-12 05:49:18,147 [pool-2-thread-1] INFO  server.RaftServerConfigKeys (ConfUtils.java:logGet(46)) - raft.server.rpc.timeout.min = 150ms (default)
2022-11-12 05:49:18,147 [pool-2-thread-1] INFO  server.RaftServerConfigKeys (ConfUtils.java:logGet(46)) - raft.server.rpc.timeout.max = 300ms (default)
2022-11-12 05:49:18,147 [pool-2-thread-1] INFO  server.RaftServerConfigKeys (ConfUtils.java:logGet(46)) - raft.server.rpc.sleep.time = 25ms (default)
2022-11-12 05:49:18,148 [pool-2-thread-1] INFO  server.RaftServerConfigKeys (ConfUtils.java:logGet(46)) - raft.server.rpc.slowness.timeout = 60s (default)
2022-11-12 05:49:18,148 [pool-2-thread-1] INFO  server.RaftServerConfigKeys (ConfUtils.java:logGet(46)) - raft.server.leaderelection.leader.step-down.wait-time = 10s (default)
2022-11-12 05:49:18,148 [pool-2-thread-1] INFO  server.RaftServerConfigKeys (ConfUtils.java:logGet(46)) - raft.server.sleep.deviation.threshold = 300ms (default)
2022-11-12 05:49:18,163 [pool-3-thread-1] INFO  server.RaftServer$Division (ServerState.java:<init>(113)) - s2@group-DA71E2CFFE55: ConfigurationManager, init=-1: peers:[s0|rpc:localhost:45219|admin:localhost:43529|client:localhost:40417|dataStream:localhost:40843|priority:0|startupRole:FOLLOWER, s1|rpc:localhost:42087|admin:localhost:41703|client:localhost:46499|dataStream:localhost:38341|priority:0|startupRole:FOLLOWER, s2|rpc:localhost:37771|admin:localhost:39593|client:localhost:37245|dataStream:localhost:39517|priority:0|startupRole:FOLLOWER]|listeners:[], old=null, confs=<EMPTY_MAP>
2022-11-12 05:49:18,173 [pool-1-thread-1] INFO  server.RaftServer$Division (ServerState.java:<init>(113)) - s0@group-DA71E2CFFE55: ConfigurationManager, init=-1: peers:[s0|rpc:localhost:45219|admin:localhost:43529|client:localhost:40417|dataStream:localhost:40843|priority:0|startupRole:FOLLOWER, s1|rpc:localhost:42087|admin:localhost:41703|client:localhost:46499|dataStream:localhost:38341|priority:0|startupRole:FOLLOWER, s2|rpc:localhost:37771|admin:localhost:39593|client:localhost:37245|dataStream:localhost:39517|priority:0|startupRole:FOLLOWER]|listeners:[], old=null, confs=<EMPTY_MAP>
2022-11-12 05:49:18,174 [pool-2-thread-1] INFO  server.RaftServer$Division (ServerState.java:<init>(113)) - s1@group-DA71E2CFFE55: ConfigurationManager, init=-1: peers:[s0|rpc:localhost:45219|admin:localhost:43529|client:localhost:40417|dataStream:localhost:40843|priority:0|startupRole:FOLLOWER, s1|rpc:localhost:42087|admin:localhost:41703|client:localhost:46499|dataStream:localhost:38341|priority:0|startupRole:FOLLOWER, s2|rpc:localhost:37771|admin:localhost:39593|client:localhost:37245|dataStream:localhost:39517|priority:0|startupRole:FOLLOWER]|listeners:[], old=null, confs=<EMPTY_MAP>
2022-11-12 05:49:18,180 [pool-1-thread-1] INFO  server.RaftServerConfigKeys (ConfUtils.java:logGet(46)) - raft.server.notification.no-leader.timeout = 60s (default)
2022-11-12 05:49:18,181 [pool-3-thread-1] INFO  server.RaftServerConfigKeys (ConfUtils.java:logGet(46)) - raft.server.notification.no-leader.timeout = 60s (default)
2022-11-12 05:49:18,180 [pool-2-thread-1] INFO  server.RaftServerConfigKeys (ConfUtils.java:logGet(46)) - raft.server.notification.no-leader.timeout = 60s (default)
2022-11-12 05:49:18,184 [pool-2-thread-1] INFO  server.RaftServerConfigKeys (ConfUtils.java:logGet(46)) - raft.server.read.timeout = 10s (default)
2022-11-12 05:49:18,184 [pool-3-thread-1] INFO  server.RaftServerConfigKeys (ConfUtils.java:logGet(46)) - raft.server.read.timeout = 10s (default)
2022-11-12 05:49:18,185 [pool-1-thread-1] INFO  server.RaftServerConfigKeys (ConfUtils.java:logGet(46)) - raft.server.read.timeout = 10s (default)
2022-11-12 05:49:18,187 [pool-2-thread-1] INFO  server.RaftServerConfigKeys (ConfUtils.java:logGet(46)) - raft.server.retrycache.expirytime = 60s (default)
2022-11-12 05:49:18,187 [pool-3-thread-1] INFO  server.RaftServerConfigKeys (ConfUtils.java:logGet(46)) - raft.server.retrycache.expirytime = 60s (default)
2022-11-12 05:49:18,188 [pool-2-thread-1] INFO  server.RaftServerConfigKeys (ConfUtils.java:logGet(46)) - raft.server.retrycache.statistics.expirytime = 100μs (default)
2022-11-12 05:49:18,189 [pool-3-thread-1] INFO  server.RaftServerConfigKeys (ConfUtils.java:logGet(46)) - raft.server.retrycache.statistics.expirytime = 100μs (default)
2022-11-12 05:49:18,188 [pool-1-thread-1] INFO  server.RaftServerConfigKeys (ConfUtils.java:logGet(46)) - raft.server.retrycache.expirytime = 60s (default)
2022-11-12 05:49:18,190 [pool-1-thread-1] INFO  server.RaftServerConfigKeys (ConfUtils.java:logGet(46)) - raft.server.retrycache.statistics.expirytime = 100μs (default)
2022-11-12 05:49:18,217 [pool-3-thread-1] INFO  server.RaftServerConfigKeys (ConfUtils.java:logGet(46)) - raft.server.read.option = DEFAULT (default)
2022-11-12 05:49:18,218 [pool-2-thread-1] INFO  server.RaftServerConfigKeys (ConfUtils.java:logGet(46)) - raft.server.read.option = DEFAULT (default)
2022-11-12 05:49:18,217 [pool-1-thread-1] INFO  server.RaftServerConfigKeys (ConfUtils.java:logGet(46)) - raft.server.read.option = DEFAULT (default)
2022-11-12 05:49:18,227 [pool-3-thread-1] INFO  metrics.MetricRegistries (MetricRegistriesLoader.java:load(64)) - Loaded MetricRegistries class org.apache.ratis.metrics.impl.MetricRegistriesImpl
2022-11-12 05:49:18,340 [pool-2-thread-1] INFO  server.RaftServerConfigKeys (ConfUtils.java:logGet(46)) - raft.server.log.appender.install.snapshot.enabled = true (default)
2022-11-12 05:49:18,341 [pool-2-thread-1] INFO  server.RaftServerConfigKeys (ConfUtils.java:logGet(46)) - raft.server.threadpool.server.cached = true (default)
2022-11-12 05:49:18,341 [pool-1-thread-1] INFO  server.RaftServerConfigKeys (ConfUtils.java:logGet(46)) - raft.server.log.appender.install.snapshot.enabled = true (default)
2022-11-12 05:49:18,341 [pool-1-thread-1] INFO  server.RaftServerConfigKeys (ConfUtils.java:logGet(46)) - raft.server.threadpool.server.cached = true (default)
2022-11-12 05:49:18,342 [pool-1-thread-1] INFO  server.RaftServerConfigKeys (ConfUtils.java:logGet(46)) - raft.server.threadpool.server.size = 0 (default)
2022-11-12 05:49:18,342 [pool-1-thread-1] INFO  server.RaftServerConfigKeys (ConfUtils.java:logGet(46)) - raft.server.threadpool.client.cached = true (default)
2022-11-12 05:49:18,342 [pool-1-thread-1] INFO  server.RaftServerConfigKeys (ConfUtils.java:logGet(46)) - raft.server.threadpool.client.size = 0 (default)
2022-11-12 05:49:18,344 [pool-2-thread-1] INFO  server.RaftServerConfigKeys (ConfUtils.java:logGet(46)) - raft.server.threadpool.server.size = 0 (default)
2022-11-12 05:49:18,344 [s0-impl-thread1] INFO  server.RaftServerConfigKeys (ConfUtils.java:logGet(46)) - raft.server.storage.free-space.min = 0MB (=0) (default)
2022-11-12 05:49:18,345 [s0-impl-thread1] INFO  server.RaftServerConfigKeys (ConfUtils.java:logGet(46)) - raft.server.log.corruption.policy = EXCEPTION (default)
2022-11-12 05:49:18,345 [s0-impl-thread1] INFO  server.RaftServerConfigKeys (ConfUtils.java:logGet(46)) - raft.server.storage.dir = [/home/runner/work/ratis/ratis/ratis-test/target/test/data/976b176f/MiniRaftClusterWithGrpca966a5db/s0] (custom)
2022-11-12 05:49:18,344 [pool-2-thread-1] INFO  server.RaftServerConfigKeys (ConfUtils.java:logGet(46)) - raft.server.threadpool.client.cached = true (default)
2022-11-12 05:49:18,353 [pool-2-thread-1] INFO  server.RaftServerConfigKeys (ConfUtils.java:logGet(46)) - raft.server.threadpool.client.size = 0 (default)
2022-11-12 05:49:18,354 [s0-impl-thread1] INFO  storage.RaftStorageDirectory (RaftStorageDirectoryImpl.java:analyzeStorage(138)) - The storage directory /home/runner/work/ratis/ratis/ratis-test/target/test/data/976b176f/MiniRaftClusterWithGrpca966a5db/s0/6fcdd702-f6a2-462a-867f-da71e2cffe55 does not exist. Creating ...
2022-11-12 05:49:18,355 [pool-3-thread-1] INFO  server.RaftServerConfigKeys (ConfUtils.java:logGet(46)) - raft.server.log.appender.install.snapshot.enabled = true (default)
2022-11-12 05:49:18,355 [pool-3-thread-1] INFO  server.RaftServerConfigKeys (ConfUtils.java:logGet(46)) - raft.server.threadpool.server.cached = true (default)
2022-11-12 05:49:18,355 [pool-3-thread-1] INFO  server.RaftServerConfigKeys (ConfUtils.java:logGet(46)) - raft.server.threadpool.server.size = 0 (default)
2022-11-12 05:49:18,356 [pool-3-thread-1] INFO  server.RaftServerConfigKeys (ConfUtils.java:logGet(46)) - raft.server.threadpool.client.cached = true (default)
2022-11-12 05:49:18,356 [pool-3-thread-1] INFO  server.RaftServerConfigKeys (ConfUtils.java:logGet(46)) - raft.server.threadpool.client.size = 0 (default)
2022-11-12 05:49:18,355 [s0-impl-thread1] TRACE util.FileUtils (LogUtils.java:runAndLog(49)) - Successfully ran Files.createDirectories /home/runner/work/ratis/ratis/ratis-test/target/test/data/976b176f/MiniRaftClusterWithGrpca966a5db/s0/6fcdd702-f6a2-462a-867f-da71e2cffe55
2022-11-12 05:49:18,365 [s0-impl-thread1] INFO  storage.RaftStorageDirectory (RaftStorageDirectoryImpl.java:tryLock(232)) - Lock on /home/runner/work/ratis/ratis/ratis-test/target/test/data/976b176f/MiniRaftClusterWithGrpca966a5db/s0/6fcdd702-f6a2-462a-867f-da71e2cffe55/in_use.lock acquired by nodename 5938@fv-az137-986
2022-11-12 05:49:18,365 [s0-impl-thread1] TRACE util.FileUtils (LogUtils.java:runAndLog(49)) - Successfully ran Files.createDirectories /home/runner/work/ratis/ratis/ratis-test/target/test/data/976b176f/MiniRaftClusterWithGrpca966a5db/s0/6fcdd702-f6a2-462a-867f-da71e2cffe55/current
2022-11-12 05:49:18,366 [s0-impl-thread1] TRACE util.FileUtils (LogUtils.java:runAndLog(49)) - Successfully ran Files.createDirectories /home/runner/work/ratis/ratis/ratis-test/target/test/data/976b176f/MiniRaftClusterWithGrpca966a5db/s0/6fcdd702-f6a2-462a-867f-da71e2cffe55/sm
2022-11-12 05:49:18,378 [s0-impl-thread1] INFO  storage.RaftStorage (RaftStorageImpl.java:format(96)) - Storage directory /home/runner/work/ratis/ratis/ratis-test/target/test/data/976b176f/MiniRaftClusterWithGrpca966a5db/s0/6fcdd702-f6a2-462a-867f-da71e2cffe55 has been successfully formatted.
2022-11-12 05:49:18,378 [s0-impl-thread1] INFO  impl.SimpleStateMachine4Testing (SimpleStateMachine4Testing.java:initialize(213)) - Initializing SimpleStateMachine4Testing:uninitialized
2022-11-12 05:49:18,382 [s0-impl-thread1] INFO  impl.SimpleStateMachine4Testing (SimpleStateMachine4Testing.java:loadSnapshot(293)) - Loading snapshot null
2022-11-12 05:49:18,383 [s0-impl-thread1] INFO  server.RaftServerConfigKeys (ConfUtils.java:logGet(46)) - raft.server.log.use.memory = false (default)
2022-11-12 05:49:18,388 [s0-impl-thread1] INFO  server.RaftServerConfigKeys (ConfUtils.java:logGet(46)) - raft.server.log.purge.gap = 1024 (default)
2022-11-12 05:49:18,388 [s0-impl-thread1] INFO  server.RaftServerConfigKeys (ConfUtils.java:logGet(46)) - raft.server.log.appender.buffer.byte-limit = 4MB (=4194304) (default)
2022-11-12 05:49:18,390 [s0-impl-thread1] INFO  server.RaftServerConfigKeys (ConfUtils.java:logGet(46)) - raft.server.log.statemachine.data.read.timeout = 1000ms (default)
2022-11-12 05:49:18,392 [s0-impl-thread1] INFO  server.RaftServerConfigKeys (ConfUtils.java:logGet(46)) - raft.server.log.purge.preservation.log.num = 0 (default)
2022-11-12 05:49:18,408 [s0-impl-thread1] INFO  server.RaftServerConfigKeys (ConfUtils.java:logGet(46)) - raft.server.log.segment.size.max = 8MB (=8388608) (default)
2022-11-12 05:49:18,419 [s0-impl-thread1] INFO  server.RaftServerConfigKeys (ConfUtils.java:logGet(46)) - raft.server.log.segment.cache.num.max = 6 (default)
2022-11-12 05:49:18,420 [s0-impl-thread1] INFO  server.RaftServerConfigKeys (ConfUtils.java:logGet(46)) - raft.server.log.segment.cache.size.max = 200MB (=209715200) (default)
2022-11-12 05:49:18,423 [s0-impl-thread1] INFO  segmented.SegmentedRaftLogWorker (SegmentedRaftLogWorker.java:<init>(184)) - new s0@group-DA71E2CFFE55-SegmentedRaftLogWorker for RaftStorageImpl:Storage Directory /home/runner/work/ratis/ratis/ratis-test/target/test/data/976b176f/MiniRaftClusterWithGrpca966a5db/s0/6fcdd702-f6a2-462a-867f-da71e2cffe55
2022-11-12 05:49:18,423 [s0-impl-thread1] INFO  server.RaftServerConfigKeys (ConfUtils.java:logGet(46)) - raft.server.log.queue.byte-limit = 64MB (=67108864) (default)
2022-11-12 05:49:18,423 [s0-impl-thread1] INFO  server.RaftServerConfigKeys (ConfUtils.java:logGet(46)) - raft.server.log.queue.element-limit = 4096 (default)
2022-11-12 05:49:18,431 [s0-impl-thread1] INFO  server.RaftServerConfigKeys (ConfUtils.java:logGet(46)) - raft.server.log.segment.size.max = 8MB (=8388608) (default)
2022-11-12 05:49:18,431 [s0-impl-thread1] INFO  server.RaftServerConfigKeys (ConfUtils.java:logGet(46)) - raft.server.log.preallocated.size = 4MB (=4194304) (default)
2022-11-12 05:49:18,431 [s0-impl-thread1] INFO  server.RaftServerConfigKeys (ConfUtils.java:logGet(46)) - raft.server.log.force.sync.num = 128 (default)
2022-11-12 05:49:18,432 [s0-impl-thread1] INFO  server.RaftServerConfigKeys (ConfUtils.java:logGet(46)) - raft.server.log.statemachine.data.sync = true (default)
2022-11-12 05:49:18,432 [s0-impl-thread1] INFO  server.RaftServerConfigKeys (ConfUtils.java:logGet(46)) - raft.server.log.statemachine.data.sync.timeout = 10s (default)
2022-11-12 05:49:18,432 [s0-impl-thread1] INFO  server.RaftServerConfigKeys (ConfUtils.java:logGet(46)) - raft.server.log.statemachine.data.sync.timeout.retry = -1 (default)
2022-11-12 05:49:18,434 [s0-impl-thread1] INFO  server.RaftServerConfigKeys (ConfUtils.java:logGet(46)) - raft.server.log.write.buffer.size = 64KB (=65536) (default)
2022-11-12 05:49:18,435 [s0-impl-thread1] INFO  server.RaftServerConfigKeys (ConfUtils.java:logGet(46)) - raft.server.log.appender.buffer.byte-limit = 4MB (=4194304) (default)
2022-11-12 05:49:18,435 [s0-impl-thread1] INFO  server.RaftServerConfigKeys (ConfUtils.java:logGet(46)) - raft.server.log.unsafe-flush.enabled = false (default)
2022-11-12 05:49:18,435 [s0-impl-thread1] INFO  server.RaftServerConfigKeys (ConfUtils.java:logGet(46)) - raft.server.log.async-flush.enabled = false (default)
2022-11-12 05:49:18,436 [s0-impl-thread1] INFO  server.RaftServerConfigKeys (ConfUtils.java:logGet(46)) - raft.server.log.statemachine.data.caching.enabled = false (default)
2022-11-12 05:49:18,440 [s0-impl-thread1] INFO  segmented.SegmentedRaftLogWorker (SegmentedRaftLogWorker.java:lambda$new$0(134)) - s0@group-DA71E2CFFE55-SegmentedRaftLogWorker: flushIndex: setUnconditionally 0 -> -1
2022-11-12 05:49:18,440 [s0-impl-thread1] INFO  segmented.SegmentedRaftLogWorker (SegmentedRaftLogWorker.java:lambda$new$0(134)) - s0@group-DA71E2CFFE55-SegmentedRaftLogWorker: safeCacheEvictIndex: setUnconditionally 0 -> -1
2022-11-12 05:49:18,446 [s0-impl-thread1] INFO  server.RaftServer$Division (RaftServerImpl.java:start(338)) - s0@group-DA71E2CFFE55: start as a follower, conf=-1: peers:[s0|rpc:localhost:45219|admin:localhost:43529|client:localhost:40417|dataStream:localhost:40843|priority:0|startupRole:FOLLOWER, s1|rpc:localhost:42087|admin:localhost:41703|client:localhost:46499|dataStream:localhost:38341|priority:0|startupRole:FOLLOWER, s2|rpc:localhost:37771|admin:localhost:39593|client:localhost:37245|dataStream:localhost:39517|priority:0|startupRole:FOLLOWER]|listeners:[], old=null
2022-11-12 05:49:18,446 [s0-impl-thread1] INFO  server.RaftServer$Division (RaftServerImpl.java:setRole(325)) - s0@group-DA71E2CFFE55: changes role from      null to FOLLOWER at term 0 for startAsFollower
2022-11-12 05:49:18,448 [s0-impl-thread1] INFO  impl.RoleInfo (RoleInfo.java:updateAndGet(139)) - s0: start s0@group-DA71E2CFFE55-FollowerState
2022-11-12 05:49:18,452 [s0@group-DA71E2CFFE55-FollowerState] INFO  server.RaftServerConfigKeys (ConfUtils.java:logFallback(53)) - raft.server.rpc.first-election.timeout.min = 150ms (fallback to raft.server.rpc.timeout.min)
2022-11-12 05:49:18,452 [s0-impl-thread1] INFO  util.JmxRegister (JmxRegister.java:tryRegister(44)) - Successfully registered JMX Bean with object name Ratis:service=RaftServer,group=group-DA71E2CFFE55,id=s0
2022-11-12 05:49:18,453 [s0@group-DA71E2CFFE55-FollowerState] INFO  server.RaftServerConfigKeys (ConfUtils.java:logFallback(53)) - raft.server.rpc.first-election.timeout.max = 300ms (fallback to raft.server.rpc.timeout.max)
2022-11-12 05:49:18,454 [s0-impl-thread1] INFO  server.RaftServerConfigKeys (ConfUtils.java:logGet(46)) - raft.server.snapshot.auto.trigger.enabled = false (default)
2022-11-12 05:49:18,461 [s0-impl-thread1] INFO  server.RaftServerConfigKeys (ConfUtils.java:logGet(46)) - raft.server.snapshot.retention.file.num = -1 (default)
2022-11-12 05:49:18,461 [s0-impl-thread1] INFO  server.RaftServerConfigKeys (ConfUtils.java:logGet(46)) - raft.server.log.purge.upto.snapshot.index = false (default)
2022-11-12 05:49:18,464 [Time-limited test] INFO  server.RaftServer (RaftServerProxy.java:startImpl(396)) - s0: start RPC server
2022-11-12 05:49:18,502 [Time-limited test] INFO  server.GrpcService (GrpcService.java:startImpl(310)) - s0: GrpcService started, listening on 40417
2022-11-12 05:49:18,503 [Time-limited test] INFO  server.GrpcService (GrpcService.java:startImpl(310)) - s0: GrpcService started, listening on 45219
2022-11-12 05:49:18,504 [Time-limited test] INFO  server.GrpcService (GrpcService.java:startImpl(310)) - s0: GrpcService started, listening on 43529
2022-11-12 05:49:18,509 [s1-impl-thread1] INFO  server.RaftServerConfigKeys (ConfUtils.java:logGet(46)) - raft.server.storage.free-space.min = 0MB (=0) (default)
2022-11-12 05:49:18,509 [s1-impl-thread1] INFO  server.RaftServerConfigKeys (ConfUtils.java:logGet(46)) - raft.server.log.corruption.policy = EXCEPTION (default)
2022-11-12 05:49:18,509 [s1-impl-thread1] INFO  server.RaftServerConfigKeys (ConfUtils.java:logGet(46)) - raft.server.storage.dir = [/home/runner/work/ratis/ratis/ratis-test/target/test/data/976b176f/MiniRaftClusterWithGrpca966a5db/s1] (custom)
2022-11-12 05:49:18,509 [JvmPauseMonitor0] INFO  util.JvmPauseMonitor (JvmPauseMonitor.java:run(105)) - JvmPauseMonitor-s0: Started
2022-11-12 05:49:18,509 [s1-impl-thread1] INFO  storage.RaftStorageDirectory (RaftStorageDirectoryImpl.java:analyzeStorage(138)) - The storage directory /home/runner/work/ratis/ratis/ratis-test/target/test/data/976b176f/MiniRaftClusterWithGrpca966a5db/s1/6fcdd702-f6a2-462a-867f-da71e2cffe55 does not exist. Creating ...
2022-11-12 05:49:18,511 [s1-impl-thread1] TRACE util.FileUtils (LogUtils.java:runAndLog(49)) - Successfully ran Files.createDirectories /home/runner/work/ratis/ratis/ratis-test/target/test/data/976b176f/MiniRaftClusterWithGrpca966a5db/s1/6fcdd702-f6a2-462a-867f-da71e2cffe55
2022-11-12 05:49:18,513 [s1-impl-thread1] INFO  storage.RaftStorageDirectory (RaftStorageDirectoryImpl.java:tryLock(232)) - Lock on /home/runner/work/ratis/ratis/ratis-test/target/test/data/976b176f/MiniRaftClusterWithGrpca966a5db/s1/6fcdd702-f6a2-462a-867f-da71e2cffe55/in_use.lock acquired by nodename 5938@fv-az137-986
2022-11-12 05:49:18,513 [s1-impl-thread1] TRACE util.FileUtils (LogUtils.java:runAndLog(49)) - Successfully ran Files.createDirectories /home/runner/work/ratis/ratis/ratis-test/target/test/data/976b176f/MiniRaftClusterWithGrpca966a5db/s1/6fcdd702-f6a2-462a-867f-da71e2cffe55/current
2022-11-12 05:49:18,513 [s1-impl-thread1] TRACE util.FileUtils (LogUtils.java:runAndLog(49)) - Successfully ran Files.createDirectories /home/runner/work/ratis/ratis/ratis-test/target/test/data/976b176f/MiniRaftClusterWithGrpca966a5db/s1/6fcdd702-f6a2-462a-867f-da71e2cffe55/sm
2022-11-12 05:49:18,514 [s1-impl-thread1] INFO  storage.RaftStorage (RaftStorageImpl.java:format(96)) - Storage directory /home/runner/work/ratis/ratis/ratis-test/target/test/data/976b176f/MiniRaftClusterWithGrpca966a5db/s1/6fcdd702-f6a2-462a-867f-da71e2cffe55 has been successfully formatted.
2022-11-12 05:49:18,515 [s1-impl-thread1] INFO  impl.SimpleStateMachine4Testing (SimpleStateMachine4Testing.java:initialize(213)) - Initializing SimpleStateMachine4Testing:uninitialized
2022-11-12 05:49:18,515 [s1-impl-thread1] INFO  impl.SimpleStateMachine4Testing (SimpleStateMachine4Testing.java:loadSnapshot(293)) - Loading snapshot null
2022-11-12 05:49:18,515 [s1-impl-thread1] INFO  server.RaftServerConfigKeys (ConfUtils.java:logGet(46)) - raft.server.log.use.memory = false (default)
2022-11-12 05:49:18,516 [s1-impl-thread1] INFO  server.RaftServerConfigKeys (ConfUtils.java:logGet(46)) - raft.server.log.purge.gap = 1024 (default)
2022-11-12 05:49:18,516 [s1-impl-thread1] INFO  server.RaftServerConfigKeys (ConfUtils.java:logGet(46)) - raft.server.log.appender.buffer.byte-limit = 4MB (=4194304) (default)
2022-11-12 05:49:18,516 [s1-impl-thread1] INFO  server.RaftServerConfigKeys (ConfUtils.java:logGet(46)) - raft.server.log.statemachine.data.read.timeout = 1000ms (default)
2022-11-12 05:49:18,516 [s1-impl-thread1] INFO  server.RaftServerConfigKeys (ConfUtils.java:logGet(46)) - raft.server.log.purge.preservation.log.num = 0 (default)
2022-11-12 05:49:18,517 [s1-impl-thread1] INFO  server.RaftServerConfigKeys (ConfUtils.java:logGet(46)) - raft.server.log.segment.size.max = 8MB (=8388608) (default)
2022-11-12 05:49:18,518 [s1-impl-thread1] INFO  server.RaftServerConfigKeys (ConfUtils.java:logGet(46)) - raft.server.log.segment.cache.num.max = 6 (default)
2022-11-12 05:49:18,518 [s1-impl-thread1] INFO  server.RaftServerConfigKeys (ConfUtils.java:logGet(46)) - raft.server.log.segment.cache.size.max = 200MB (=209715200) (default)
2022-11-12 05:49:18,518 [s1-impl-thread1] INFO  segmented.SegmentedRaftLogWorker (SegmentedRaftLogWorker.java:<init>(184)) - new s1@group-DA71E2CFFE55-SegmentedRaftLogWorker for RaftStorageImpl:Storage Directory /home/runner/work/ratis/ratis/ratis-test/target/test/data/976b176f/MiniRaftClusterWithGrpca966a5db/s1/6fcdd702-f6a2-462a-867f-da71e2cffe55
2022-11-12 05:49:18,521 [s1-impl-thread1] INFO  server.RaftServerConfigKeys (ConfUtils.java:logGet(46)) - raft.server.log.queue.byte-limit = 64MB (=67108864) (default)
2022-11-12 05:49:18,521 [s1-impl-thread1] INFO  server.RaftServerConfigKeys (ConfUtils.java:logGet(46)) - raft.server.log.queue.element-limit = 4096 (default)
2022-11-12 05:49:18,521 [s1-impl-thread1] INFO  server.RaftServerConfigKeys (ConfUtils.java:logGet(46)) - raft.server.log.segment.size.max = 8MB (=8388608) (default)
2022-11-12 05:49:18,521 [s1-impl-thread1] INFO  server.RaftServerConfigKeys (ConfUtils.java:logGet(46)) - raft.server.log.preallocated.size = 4MB (=4194304) (default)
2022-11-12 05:49:18,521 [s1-impl-thread1] INFO  server.RaftServerConfigKeys (ConfUtils.java:logGet(46)) - raft.server.log.force.sync.num = 128 (default)
2022-11-12 05:49:18,521 [s1-impl-thread1] INFO  server.RaftServerConfigKeys (ConfUtils.java:logGet(46)) - raft.server.log.statemachine.data.sync = true (default)
2022-11-12 05:49:18,521 [s1-impl-thread1] INFO  server.RaftServerConfigKeys (ConfUtils.java:logGet(46)) - raft.server.log.statemachine.data.sync.timeout = 10s (default)
2022-11-12 05:49:18,521 [s1-impl-thread1] INFO  server.RaftServerConfigKeys (ConfUtils.java:logGet(46)) - raft.server.log.statemachine.data.sync.timeout.retry = -1 (default)
2022-11-12 05:49:18,522 [s1-impl-thread1] INFO  server.RaftServerConfigKeys (ConfUtils.java:logGet(46)) - raft.server.log.write.buffer.size = 64KB (=65536) (default)
2022-11-12 05:49:18,522 [s1-impl-thread1] INFO  server.RaftServerConfigKeys (ConfUtils.java:logGet(46)) - raft.server.log.appender.buffer.byte-limit = 4MB (=4194304) (default)
2022-11-12 05:49:18,522 [s1-impl-thread1] INFO  server.RaftServerConfigKeys (ConfUtils.java:logGet(46)) - raft.server.log.unsafe-flush.enabled = false (default)
2022-11-12 05:49:18,522 [s1-impl-thread1] INFO  server.RaftServerConfigKeys (ConfUtils.java:logGet(46)) - raft.server.log.async-flush.enabled = false (default)
2022-11-12 05:49:18,522 [s1-impl-thread1] INFO  server.RaftServerConfigKeys (ConfUtils.java:logGet(46)) - raft.server.log.statemachine.data.caching.enabled = false (default)
2022-11-12 05:49:18,522 [s1-impl-thread1] INFO  segmented.SegmentedRaftLogWorker (SegmentedRaftLogWorker.java:lambda$new$0(134)) - s1@group-DA71E2CFFE55-SegmentedRaftLogWorker: flushIndex: setUnconditionally 0 -> -1
2022-11-12 05:49:18,522 [s1-impl-thread1] INFO  segmented.SegmentedRaftLogWorker (SegmentedRaftLogWorker.java:lambda$new$0(134)) - s1@group-DA71E2CFFE55-SegmentedRaftLogWorker: safeCacheEvictIndex: setUnconditionally 0 -> -1
2022-11-12 05:49:18,524 [s1-impl-thread1] INFO  server.RaftServer$Division (RaftServerImpl.java:start(338)) - s1@group-DA71E2CFFE55: start as a follower, conf=-1: peers:[s0|rpc:localhost:45219|admin:localhost:43529|client:localhost:40417|dataStream:localhost:40843|priority:0|startupRole:FOLLOWER, s1|rpc:localhost:42087|admin:localhost:41703|client:localhost:46499|dataStream:localhost:38341|priority:0|startupRole:FOLLOWER, s2|rpc:localhost:37771|admin:localhost:39593|client:localhost:37245|dataStream:localhost:39517|priority:0|startupRole:FOLLOWER]|listeners:[], old=null
2022-11-12 05:49:18,524 [s1-impl-thread1] INFO  server.RaftServer$Division (RaftServerImpl.java:setRole(325)) - s1@group-DA71E2CFFE55: changes role from      null to FOLLOWER at term 0 for startAsFollower
2022-11-12 05:49:18,524 [s1-impl-thread1] INFO  impl.RoleInfo (RoleInfo.java:updateAndGet(139)) - s1: start s1@group-DA71E2CFFE55-FollowerState
2022-11-12 05:49:18,525 [s1-impl-thread1] INFO  util.JmxRegister (JmxRegister.java:tryRegister(44)) - Successfully registered JMX Bean with object name Ratis:service=RaftServer,group=group-DA71E2CFFE55,id=s1
2022-11-12 05:49:18,525 [s1-impl-thread1] INFO  server.RaftServerConfigKeys (ConfUtils.java:logGet(46)) - raft.server.snapshot.auto.trigger.enabled = false (default)
2022-11-12 05:49:18,525 [s1-impl-thread1] INFO  server.RaftServerConfigKeys (ConfUtils.java:logGet(46)) - raft.server.snapshot.retention.file.num = -1 (default)
2022-11-12 05:49:18,525 [s1-impl-thread1] INFO  server.RaftServerConfigKeys (ConfUtils.java:logGet(46)) - raft.server.log.purge.upto.snapshot.index = false (default)
2022-11-12 05:49:18,529 [Time-limited test] INFO  server.RaftServer (RaftServerProxy.java:startImpl(396)) - s1: start RPC server
2022-11-12 05:49:18,529 [s1@group-DA71E2CFFE55-FollowerState] INFO  server.RaftServerConfigKeys (ConfUtils.java:logFallback(53)) - raft.server.rpc.first-election.timeout.min = 150ms (fallback to raft.server.rpc.timeout.min)
2022-11-12 05:49:18,530 [s1@group-DA71E2CFFE55-FollowerState] INFO  server.RaftServerConfigKeys (ConfUtils.java:logFallback(53)) - raft.server.rpc.first-election.timeout.max = 300ms (fallback to raft.server.rpc.timeout.max)
2022-11-12 05:49:18,530 [Time-limited test] INFO  server.GrpcService (GrpcService.java:startImpl(310)) - s1: GrpcService started, listening on 46499
2022-11-12 05:49:18,531 [Time-limited test] INFO  server.GrpcService (GrpcService.java:startImpl(310)) - s1: GrpcService started, listening on 42087
2022-11-12 05:49:18,532 [Time-limited test] INFO  server.GrpcService (GrpcService.java:startImpl(310)) - s1: GrpcService started, listening on 41703
2022-11-12 05:49:18,532 [s2-impl-thread1] INFO  server.RaftServerConfigKeys (ConfUtils.java:logGet(46)) - raft.server.storage.free-space.min = 0MB (=0) (default)
2022-11-12 05:49:18,532 [s2-impl-thread1] INFO  server.RaftServerConfigKeys (ConfUtils.java:logGet(46)) - raft.server.log.corruption.policy = EXCEPTION (default)
2022-11-12 05:49:18,532 [JvmPauseMonitor1] INFO  util.JvmPauseMonitor (JvmPauseMonitor.java:run(105)) - JvmPauseMonitor-s1: Started
2022-11-12 05:49:18,533 [s2-impl-thread1] INFO  server.RaftServerConfigKeys (ConfUtils.java:logGet(46)) - raft.server.storage.dir = [/home/runner/work/ratis/ratis/ratis-test/target/test/data/976b176f/MiniRaftClusterWithGrpca966a5db/s2] (custom)
2022-11-12 05:49:18,533 [s2-impl-thread1] INFO  storage.RaftStorageDirectory (RaftStorageDirectoryImpl.java:analyzeStorage(138)) - The storage directory /home/runner/work/ratis/ratis/ratis-test/target/test/data/976b176f/MiniRaftClusterWithGrpca966a5db/s2/6fcdd702-f6a2-462a-867f-da71e2cffe55 does not exist. Creating ...
2022-11-12 05:49:18,533 [s2-impl-thread1] TRACE util.FileUtils (LogUtils.java:runAndLog(49)) - Successfully ran Files.createDirectories /home/runner/work/ratis/ratis/ratis-test/target/test/data/976b176f/MiniRaftClusterWithGrpca966a5db/s2/6fcdd702-f6a2-462a-867f-da71e2cffe55
2022-11-12 05:49:18,534 [s2-impl-thread1] INFO  storage.RaftStorageDirectory (RaftStorageDirectoryImpl.java:tryLock(232)) - Lock on /home/runner/work/ratis/ratis/ratis-test/target/test/data/976b176f/MiniRaftClusterWithGrpca966a5db/s2/6fcdd702-f6a2-462a-867f-da71e2cffe55/in_use.lock acquired by nodename 5938@fv-az137-986
2022-11-12 05:49:18,534 [s2-impl-thread1] TRACE util.FileUtils (LogUtils.java:runAndLog(49)) - Successfully ran Files.createDirectories /home/runner/work/ratis/ratis/ratis-test/target/test/data/976b176f/MiniRaftClusterWithGrpca966a5db/s2/6fcdd702-f6a2-462a-867f-da71e2cffe55/current
2022-11-12 05:49:18,535 [s2-impl-thread1] TRACE util.FileUtils (LogUtils.java:runAndLog(49)) - Successfully ran Files.createDirectories /home/runner/work/ratis/ratis/ratis-test/target/test/data/976b176f/MiniRaftClusterWithGrpca966a5db/s2/6fcdd702-f6a2-462a-867f-da71e2cffe55/sm
2022-11-12 05:49:18,542 [s2-impl-thread1] INFO  storage.RaftStorage (RaftStorageImpl.java:format(96)) - Storage directory /home/runner/work/ratis/ratis/ratis-test/target/test/data/976b176f/MiniRaftClusterWithGrpca966a5db/s2/6fcdd702-f6a2-462a-867f-da71e2cffe55 has been successfully formatted.
2022-11-12 05:49:18,542 [s2-impl-thread1] INFO  impl.SimpleStateMachine4Testing (SimpleStateMachine4Testing.java:initialize(213)) - Initializing SimpleStateMachine4Testing:uninitialized
2022-11-12 05:49:18,542 [s2-impl-thread1] INFO  impl.SimpleStateMachine4Testing (SimpleStateMachine4Testing.java:loadSnapshot(293)) - Loading snapshot null
2022-11-12 05:49:18,543 [s2-impl-thread1] INFO  server.RaftServerConfigKeys (ConfUtils.java:logGet(46)) - raft.server.log.use.memory = false (default)
2022-11-12 05:49:18,543 [s2-impl-thread1] INFO  server.RaftServerConfigKeys (ConfUtils.java:logGet(46)) - raft.server.log.purge.gap = 1024 (default)
2022-11-12 05:49:18,543 [s2-impl-thread1] INFO  server.RaftServerConfigKeys (ConfUtils.java:logGet(46)) - raft.server.log.appender.buffer.byte-limit = 4MB (=4194304) (default)
2022-11-12 05:49:18,543 [s2-impl-thread1] INFO  server.RaftServerConfigKeys (ConfUtils.java:logGet(46)) - raft.server.log.statemachine.data.read.timeout = 1000ms (default)
2022-11-12 05:49:18,543 [s2-impl-thread1] INFO  server.RaftServerConfigKeys (ConfUtils.java:logGet(46)) - raft.server.log.purge.preservation.log.num = 0 (default)
2022-11-12 05:49:18,544 [s2-impl-thread1] INFO  server.RaftServerConfigKeys (ConfUtils.java:logGet(46)) - raft.server.log.segment.size.max = 8MB (=8388608) (default)
2022-11-12 05:49:18,545 [s2-impl-thread1] INFO  server.RaftServerConfigKeys (ConfUtils.java:logGet(46)) - raft.server.log.segment.cache.num.max = 6 (default)
2022-11-12 05:49:18,545 [s2-impl-thread1] INFO  server.RaftServerConfigKeys (ConfUtils.java:logGet(46)) - raft.server.log.segment.cache.size.max = 200MB (=209715200) (default)
2022-11-12 05:49:18,545 [s2-impl-thread1] INFO  segmented.SegmentedRaftLogWorker (SegmentedRaftLogWorker.java:<init>(184)) - new s2@group-DA71E2CFFE55-SegmentedRaftLogWorker for RaftStorageImpl:Storage Directory /home/runner/work/ratis/ratis/ratis-test/target/test/data/976b176f/MiniRaftClusterWithGrpca966a5db/s2/6fcdd702-f6a2-462a-867f-da71e2cffe55
2022-11-12 05:49:18,545 [s2-impl-thread1] INFO  server.RaftServerConfigKeys (ConfUtils.java:logGet(46)) - raft.server.log.queue.byte-limit = 64MB (=67108864) (default)
2022-11-12 05:49:18,545 [s2-impl-thread1] INFO  server.RaftServerConfigKeys (ConfUtils.java:logGet(46)) - raft.server.log.queue.element-limit = 4096 (default)
2022-11-12 05:49:18,545 [s2-impl-thread1] INFO  server.RaftServerConfigKeys (ConfUtils.java:logGet(46)) - raft.server.log.segment.size.max = 8MB (=8388608) (default)
2022-11-12 05:49:18,545 [s2-impl-thread1] INFO  server.RaftServerConfigKeys (ConfUtils.java:logGet(46)) - raft.server.log.preallocated.size = 4MB (=4194304) (default)
2022-11-12 05:49:18,545 [s2-impl-thread1] INFO  server.RaftServerConfigKeys (ConfUtils.java:logGet(46)) - raft.server.log.force.sync.num = 128 (default)
2022-11-12 05:49:18,545 [s2-impl-thread1] INFO  server.RaftServerConfigKeys (ConfUtils.java:logGet(46)) - raft.server.log.statemachine.data.sync = true (default)
2022-11-12 05:49:18,545 [s2-impl-thread1] INFO  server.RaftServerConfigKeys (ConfUtils.java:logGet(46)) - raft.server.log.statemachine.data.sync.timeout = 10s (default)
2022-11-12 05:49:18,545 [s2-impl-thread1] INFO  server.RaftServerConfigKeys (ConfUtils.java:logGet(46)) - raft.server.log.statemachine.data.sync.timeout.retry = -1 (default)
2022-11-12 05:49:18,546 [s2-impl-thread1] INFO  server.RaftServerConfigKeys (ConfUtils.java:logGet(46)) - raft.server.log.write.buffer.size = 64KB (=65536) (default)
2022-11-12 05:49:18,546 [s2-impl-thread1] INFO  server.RaftServerConfigKeys (ConfUtils.java:logGet(46)) - raft.server.log.appender.buffer.byte-limit = 4MB (=4194304) (default)
2022-11-12 05:49:18,546 [s2-impl-thread1] INFO  server.RaftServerConfigKeys (ConfUtils.java:logGet(46)) - raft.server.log.unsafe-flush.enabled = false (default)
2022-11-12 05:49:18,546 [s2-impl-thread1] INFO  server.RaftServerConfigKeys (ConfUtils.java:logGet(46)) - raft.server.log.async-flush.enabled = false (default)
2022-11-12 05:49:18,546 [s2-impl-thread1] INFO  server.RaftServerConfigKeys (ConfUtils.java:logGet(46)) - raft.server.log.statemachine.data.caching.enabled = false (default)
2022-11-12 05:49:18,546 [s2-impl-thread1] INFO  segmented.SegmentedRaftLogWorker (SegmentedRaftLogWorker.java:lambda$new$0(134)) - s2@group-DA71E2CFFE55-SegmentedRaftLogWorker: flushIndex: setUnconditionally 0 -> -1
2022-11-12 05:49:18,546 [s2-impl-thread1] INFO  segmented.SegmentedRaftLogWorker (SegmentedRaftLogWorker.java:lambda$new$0(134)) - s2@group-DA71E2CFFE55-SegmentedRaftLogWorker: safeCacheEvictIndex: setUnconditionally 0 -> -1
2022-11-12 05:49:18,549 [s2-impl-thread1] INFO  server.RaftServer$Division (RaftServerImpl.java:start(338)) - s2@group-DA71E2CFFE55: start as a follower, conf=-1: peers:[s0|rpc:localhost:45219|admin:localhost:43529|client:localhost:40417|dataStream:localhost:40843|priority:0|startupRole:FOLLOWER, s1|rpc:localhost:42087|admin:localhost:41703|client:localhost:46499|dataStream:localhost:38341|priority:0|startupRole:FOLLOWER, s2|rpc:localhost:37771|admin:localhost:39593|client:localhost:37245|dataStream:localhost:39517|priority:0|startupRole:FOLLOWER]|listeners:[], old=null
2022-11-12 05:49:18,549 [s2-impl-thread1] INFO  server.RaftServer$Division (RaftServerImpl.java:setRole(325)) - s2@group-DA71E2CFFE55: changes role from      null to FOLLOWER at term 0 for startAsFollower
2022-11-12 05:49:18,549 [s2-impl-thread1] INFO  impl.RoleInfo (RoleInfo.java:updateAndGet(139)) - s2: start s2@group-DA71E2CFFE55-FollowerState
2022-11-12 05:49:18,549 [s2@group-DA71E2CFFE55-FollowerState] INFO  server.RaftServerConfigKeys (ConfUtils.java:logFallback(53)) - raft.server.rpc.first-election.timeout.min = 150ms (fallback to raft.server.rpc.timeout.min)
2022-11-12 05:49:18,550 [s2@group-DA71E2CFFE55-FollowerState] INFO  server.RaftServerConfigKeys (ConfUtils.java:logFallback(53)) - raft.server.rpc.first-election.timeout.max = 300ms (fallback to raft.server.rpc.timeout.max)
2022-11-12 05:49:18,550 [s2-impl-thread1] INFO  util.JmxRegister (JmxRegister.java:tryRegister(44)) - Successfully registered JMX Bean with object name Ratis:service=RaftServer,group=group-DA71E2CFFE55,id=s2
2022-11-12 05:49:18,550 [s2-impl-thread1] INFO  server.RaftServerConfigKeys (ConfUtils.java:logGet(46)) - raft.server.snapshot.auto.trigger.enabled = false (default)
2022-11-12 05:49:18,550 [s2-impl-thread1] INFO  server.RaftServerConfigKeys (ConfUtils.java:logGet(46)) - raft.server.snapshot.retention.file.num = -1 (default)
2022-11-12 05:49:18,550 [s2-impl-thread1] INFO  server.RaftServerConfigKeys (ConfUtils.java:logGet(46)) - raft.server.log.purge.upto.snapshot.index = false (default)
2022-11-12 05:49:18,557 [Time-limited test] INFO  server.RaftServer (RaftServerProxy.java:startImpl(396)) - s2: start RPC server
2022-11-12 05:49:18,558 [Time-limited test] INFO  server.GrpcService (GrpcService.java:startImpl(310)) - s2: GrpcService started, listening on 37245
2022-11-12 05:49:18,559 [Time-limited test] INFO  server.GrpcService (GrpcService.java:startImpl(310)) - s2: GrpcService started, listening on 37771
2022-11-12 05:49:18,560 [Time-limited test] INFO  server.GrpcService (GrpcService.java:startImpl(310)) - s2: GrpcService started, listening on 39593
2022-11-12 05:49:18,560 [JvmPauseMonitor2] INFO  util.JvmPauseMonitor (JvmPauseMonitor.java:run(105)) - JvmPauseMonitor-s2: Started
2022-11-12 05:49:18,567 [Time-limited test] INFO  server.RaftServerConfigKeys (ConfUtils.java:logGet(46)) - raft.server.rpc.timeout.max = 300ms (default)
2022-11-12 05:49:18,569 [Time-limited test] INFO  ratis.RaftTestUtil (RaftTestUtil.java:waitForLeader(100)) - printing ALL groups
  s0:  RUNNING  FOLLOWER s0@group-DA71E2CFFE55:t0, leader=null, voted=, raftlog=Memoized:s0@group-DA71E2CFFE55-SegmentedRaftLog:OPENED:c-1, conf=-1: peers:[s0|rpc:localhost:45219|admin:localhost:43529|client:localhost:40417|dataStream:localhost:40843|priority:0|startupRole:FOLLOWER, s1|rpc:localhost:42087|admin:localhost:41703|client:localhost:46499|dataStream:localhost:38341|priority:0|startupRole:FOLLOWER, s2|rpc:localhost:37771|admin:localhost:39593|client:localhost:37245|dataStream:localhost:39517|priority:0|startupRole:FOLLOWER]|listeners:[], old=null RUNNING
  s1:  RUNNING  FOLLOWER s1@group-DA71E2CFFE55:t0, leader=null, voted=, raftlog=Memoized:s1@group-DA71E2CFFE55-SegmentedRaftLog:OPENED:c-1, conf=-1: peers:[s0|rpc:localhost:45219|admin:localhost:43529|client:localhost:40417|dataStream:localhost:40843|priority:0|startupRole:FOLLOWER, s1|rpc:localhost:42087|admin:localhost:41703|client:localhost:46499|dataStream:localhost:38341|priority:0|startupRole:FOLLOWER, s2|rpc:localhost:37771|admin:localhost:39593|client:localhost:37245|dataStream:localhost:39517|priority:0|startupRole:FOLLOWER]|listeners:[], old=null RUNNING
  s2:  RUNNING  FOLLOWER s2@group-DA71E2CFFE55:t0, leader=null, voted=, raftlog=Memoized:s2@group-DA71E2CFFE55-SegmentedRaftLog:OPENED:c-1, conf=-1: peers:[s0|rpc:localhost:45219|admin:localhost:43529|client:localhost:40417|dataStream:localhost:40843|priority:0|startupRole:FOLLOWER, s1|rpc:localhost:42087|admin:localhost:41703|client:localhost:46499|dataStream:localhost:38341|priority:0|startupRole:FOLLOWER, s2|rpc:localhost:37771|admin:localhost:39593|client:localhost:37245|dataStream:localhost:39517|priority:0|startupRole:FOLLOWER]|listeners:[], old=null RUNNING
2022-11-12 05:49:18,573 [Time-limited test] WARN  ratis.RaftTestUtil (JavaUtils.java:attempt(217)) - FAILED "waitForLeader-null-(expectLeader? true)", attempt #1/100: java.lang.IllegalStateException: No leader yet : printing ALL groups
  s0:  RUNNING  FOLLOWER s0@group-DA71E2CFFE55:t0, leader=null, voted=, raftlog=Memoized:s0@group-DA71E2CFFE55-SegmentedRaftLog:OPENED:c-1, conf=-1: peers:[s0|rpc:localhost:45219|admin:localhost:43529|client:localhost:40417|dataStream:localhost:40843|priority:0|startupRole:FOLLOWER, s1|rpc:localhost:42087|admin:localhost:41703|client:localhost:46499|dataStream:localhost:38341|priority:0|startupRole:FOLLOWER, s2|rpc:localhost:37771|admin:localhost:39593|client:localhost:37245|dataStream:localhost:39517|priority:0|startupRole:FOLLOWER]|listeners:[], old=null RUNNING
  s1:  RUNNING  FOLLOWER s1@group-DA71E2CFFE55:t0, leader=null, voted=, raftlog=Memoized:s1@group-DA71E2CFFE55-SegmentedRaftLog:OPENED:c-1, conf=-1: peers:[s0|rpc:localhost:45219|admin:localhost:43529|client:localhost:40417|dataStream:localhost:40843|priority:0|startupRole:FOLLOWER, s1|rpc:localhost:42087|admin:localhost:41703|client:localhost:46499|dataStream:localhost:38341|priority:0|startupRole:FOLLOWER, s2|rpc:localhost:37771|admin:localhost:39593|client:localhost:37245|dataStream:localhost:39517|priority:0|startupRole:FOLLOWER]|listeners:[], old=null RUNNING
  s2:  RUNNING  FOLLOWER s2@group-DA71E2CFFE55:t0, leader=null, voted=, raftlog=Memoized:s2@group-DA71E2CFFE55-SegmentedRaftLog:OPENED:c-1, conf=-1: peers:[s0|rpc:localhost:45219|admin:localhost:43529|client:localhost:40417|dataStream:localhost:40843|priority:0|startupRole:FOLLOWER, s1|rpc:localhost:42087|admin:localhost:41703|client:localhost:46499|dataStream:localhost:38341|priority:0|startupRole:FOLLOWER, s2|rpc:localhost:37771|admin:localhost:39593|client:localhost:37245|dataStream:localhost:39517|priority:0|startupRole:FOLLOWER]|listeners:[], old=null RUNNING, sleep 450ms and then retry.
java.lang.IllegalStateException: No leader yet : printing ALL groups
  s0:  RUNNING  FOLLOWER s0@group-DA71E2CFFE55:t0, leader=null, voted=, raftlog=Memoized:s0@group-DA71E2CFFE55-SegmentedRaftLog:OPENED:c-1, conf=-1: peers:[s0|rpc:localhost:45219|admin:localhost:43529|client:localhost:40417|dataStream:localhost:40843|priority:0|startupRole:FOLLOWER, s1|rpc:localhost:42087|admin:localhost:41703|client:localhost:46499|dataStream:localhost:38341|priority:0|startupRole:FOLLOWER, s2|rpc:localhost:37771|admin:localhost:39593|client:localhost:37245|dataStream:localhost:39517|priority:0|startupRole:FOLLOWER]|listeners:[], old=null RUNNING
  s1:  RUNNING  FOLLOWER s1@group-DA71E2CFFE55:t0, leader=null, voted=, raftlog=Memoized:s1@group-DA71E2CFFE55-SegmentedRaftLog:OPENED:c-1, conf=-1: peers:[s0|rpc:localhost:45219|admin:localhost:43529|client:localhost:40417|dataStream:localhost:40843|priority:0|startupRole:FOLLOWER, s1|rpc:localhost:42087|admin:localhost:41703|client:localhost:46499|dataStream:localhost:38341|priority:0|startupRole:FOLLOWER, s2|rpc:localhost:37771|admin:localhost:39593|client:localhost:37245|dataStream:localhost:39517|priority:0|startupRole:FOLLOWER]|listeners:[], old=null RUNNING
  s2:  RUNNING  FOLLOWER s2@group-DA71E2CFFE55:t0, leader=null, voted=, raftlog=Memoized:s2@group-DA71E2CFFE55-SegmentedRaftLog:OPENED:c-1, conf=-1: peers:[s0|rpc:localhost:45219|admin:localhost:43529|client:localhost:40417|dataStream:localhost:40843|priority:0|startupRole:FOLLOWER, s1|rpc:localhost:42087|admin:localhost:41703|client:localhost:46499|dataStream:localhost:38341|priority:0|startupRole:FOLLOWER, s2|rpc:localhost:37771|admin:localhost:39593|client:localhost:37245|dataStream:localhost:39517|priority:0|startupRole:FOLLOWER]|listeners:[], old=null RUNNING
	at org.apache.ratis.server.impl.MiniRaftCluster.newIllegalStateExceptionForNoLeaders(MiniRaftCluster.java:581)
	at org.apache.ratis.RaftTestUtil.lambda$waitForLeader$1(RaftTestUtil.java:104)
	at org.apache.ratis.server.impl.MiniRaftCluster.getLeader(MiniRaftCluster.java:615)
	at org.apache.ratis.server.impl.MiniRaftCluster.getLeader(MiniRaftCluster.java:608)
	at org.apache.ratis.RaftTestUtil.lambda$waitForLeader$3(RaftTestUtil.java:112)
	at org.apache.ratis.util.JavaUtils.attempt(JavaUtils.java:211)
	at org.apache.ratis.util.JavaUtils.attemptRepeatedly(JavaUtils.java:197)
	at org.apache.ratis.RaftTestUtil.waitForLeader(RaftTestUtil.java:111)
	at org.apache.ratis.RaftTestUtil.waitForLeader(RaftTestUtil.java:92)
	at org.apache.ratis.RaftTestUtil.waitForLeader(RaftTestUtil.java:87)
	at org.apache.ratis.grpc.TestRaftServerWithGrpc.testRaftClientRequestMetrics(TestRaftServerWithGrpc.java:304)
	at org.apache.ratis.server.impl.MiniRaftCluster$Factory$Get.runWithNewCluster(MiniRaftCluster.java:141)
	at org.apache.ratis.server.impl.MiniRaftCluster$Factory$Get.runWithNewCluster(MiniRaftCluster.java:121)
	at org.apache.ratis.grpc.TestRaftServerWithGrpc.testRaftClientMetrics(TestRaftServerWithGrpc.java:215)
	at java.base/jdk.internal.reflect.NativeMethodAccessorImpl.invoke0(Native Method)
	at java.base/jdk.internal.reflect.NativeMethodAccessorImpl.invoke(NativeMethodAccessorImpl.java:62)
	at java.base/jdk.internal.reflect.DelegatingMethodAccessorImpl.invoke(DelegatingMethodAccessorImpl.java:43)
	at java.base/java.lang.reflect.Method.invoke(Method.java:566)
	at org.junit.runners.model.FrameworkMethod$1.runReflectiveCall(FrameworkMethod.java:59)
	at org.junit.internal.runners.model.ReflectiveCallable.run(ReflectiveCallable.java:12)
	at org.junit.runners.model.FrameworkMethod.invokeExplosively(FrameworkMethod.java:56)
	at org.junit.internal.runners.statements.InvokeMethod.evaluate(InvokeMethod.java:17)
	at org.junit.internal.runners.statements.RunBefores.evaluate(RunBefores.java:26)
	at org.junit.internal.runners.statements.RunAfters.evaluate(RunAfters.java:27)
	at org.junit.internal.runners.statements.FailOnTimeout$CallableStatement.call(FailOnTimeout.java:299)
	at org.junit.internal.runners.statements.FailOnTimeout$CallableStatement.call(FailOnTimeout.java:293)
	at java.base/java.util.concurrent.FutureTask.run(FutureTask.java:264)
	at java.base/java.lang.Thread.run(Thread.java:829)
2022-11-12 05:49:18,733 [s2@group-DA71E2CFFE55-FollowerState] INFO  impl.FollowerState (FollowerState.java:run(143)) - s2@group-DA71E2CFFE55-FollowerState: change to CANDIDATE, lastRpcElapsedTime:183685829ns, electionTimeout:182ms
2022-11-12 05:49:18,733 [s2@group-DA71E2CFFE55-FollowerState] INFO  impl.RoleInfo (RoleInfo.java:shutdownFollowerState(110)) - s2: shutdown s2@group-DA71E2CFFE55-FollowerState
2022-11-12 05:49:18,733 [s2@group-DA71E2CFFE55-FollowerState] INFO  server.RaftServer$Division (RaftServerImpl.java:setRole(325)) - s2@group-DA71E2CFFE55: changes role from  FOLLOWER to CANDIDATE at term 0 for changeToCandidate
2022-11-12 05:49:18,735 [s1@group-DA71E2CFFE55-FollowerState] INFO  impl.FollowerState (FollowerState.java:run(143)) - s1@group-DA71E2CFFE55-FollowerState: change to CANDIDATE, lastRpcElapsedTime:210806851ns, electionTimeout:204ms
2022-11-12 05:49:18,735 [s1@group-DA71E2CFFE55-FollowerState] INFO  impl.RoleInfo (RoleInfo.java:shutdownFollowerState(110)) - s1: shutdown s1@group-DA71E2CFFE55-FollowerState
2022-11-12 05:49:18,736 [s1@group-DA71E2CFFE55-FollowerState] INFO  server.RaftServer$Division (RaftServerImpl.java:setRole(325)) - s1@group-DA71E2CFFE55: changes role from  FOLLOWER to CANDIDATE at term 0 for changeToCandidate
2022-11-12 05:49:18,737 [s1@group-DA71E2CFFE55-FollowerState] INFO  server.RaftServerConfigKeys (ConfUtils.java:logGet(46)) - raft.server.leaderelection.pre-vote = true (default)
2022-11-12 05:49:18,737 [s1@group-DA71E2CFFE55-FollowerState] INFO  impl.RoleInfo (RoleInfo.java:updateAndGet(139)) - s1: start s1@group-DA71E2CFFE55-LeaderElection1
2022-11-12 05:49:18,743 [s2@group-DA71E2CFFE55-FollowerState] INFO  server.RaftServerConfigKeys (ConfUtils.java:logGet(46)) - raft.server.leaderelection.pre-vote = true (default)
2022-11-12 05:49:18,743 [s2@group-DA71E2CFFE55-FollowerState] INFO  impl.RoleInfo (RoleInfo.java:updateAndGet(139)) - s2: start s2@group-DA71E2CFFE55-LeaderElection2
2022-11-12 05:49:18,750 [s1@group-DA71E2CFFE55-LeaderElection1] INFO  impl.LeaderElection (LeaderElection.java:askForVotes(309)) - s1@group-DA71E2CFFE55-LeaderElection1 PRE_VOTE round 0: submit vote requests at term 0 for -1: peers:[s0|rpc:localhost:45219|admin:localhost:43529|client:localhost:40417|dataStream:localhost:40843|priority:0|startupRole:FOLLOWER, s1|rpc:localhost:42087|admin:localhost:41703|client:localhost:46499|dataStream:localhost:38341|priority:0|startupRole:FOLLOWER, s2|rpc:localhost:37771|admin:localhost:39593|client:localhost:37245|dataStream:localhost:39517|priority:0|startupRole:FOLLOWER]|listeners:[], old=null
2022-11-12 05:49:18,750 [s2@group-DA71E2CFFE55-LeaderElection2] INFO  impl.LeaderElection (LeaderElection.java:askForVotes(309)) - s2@group-DA71E2CFFE55-LeaderElection2 PRE_VOTE round 0: submit vote requests at term 0 for -1: peers:[s0|rpc:localhost:45219|admin:localhost:43529|client:localhost:40417|dataStream:localhost:40843|priority:0|startupRole:FOLLOWER, s1|rpc:localhost:42087|admin:localhost:41703|client:localhost:46499|dataStream:localhost:38341|priority:0|startupRole:FOLLOWER, s2|rpc:localhost:37771|admin:localhost:39593|client:localhost:37245|dataStream:localhost:39517|priority:0|startupRole:FOLLOWER]|listeners:[], old=null
2022-11-12 05:49:18,750 [s0@group-DA71E2CFFE55-FollowerState] INFO  impl.FollowerState (FollowerState.java:run(143)) - s0@group-DA71E2CFFE55-FollowerState: change to CANDIDATE, lastRpcElapsedTime:303893739ns, electionTimeout:290ms
2022-11-12 05:49:18,751 [s0@group-DA71E2CFFE55-FollowerState] INFO  impl.RoleInfo (RoleInfo.java:shutdownFollowerState(110)) - s0: shutdown s0@group-DA71E2CFFE55-FollowerState
2022-11-12 05:49:18,751 [s0@group-DA71E2CFFE55-FollowerState] INFO  server.RaftServer$Division (RaftServerImpl.java:setRole(325)) - s0@group-DA71E2CFFE55: changes role from  FOLLOWER to CANDIDATE at term 0 for changeToCandidate
2022-11-12 05:49:18,751 [s0@group-DA71E2CFFE55-FollowerState] INFO  server.RaftServerConfigKeys (ConfUtils.java:logGet(46)) - raft.server.leaderelection.pre-vote = true (default)
2022-11-12 05:49:18,751 [s0@group-DA71E2CFFE55-FollowerState] INFO  impl.RoleInfo (RoleInfo.java:updateAndGet(139)) - s0: start s0@group-DA71E2CFFE55-LeaderElection3
2022-11-12 05:49:18,761 [s0@group-DA71E2CFFE55-LeaderElection3] INFO  impl.LeaderElection (LeaderElection.java:askForVotes(309)) - s0@group-DA71E2CFFE55-LeaderElection3 PRE_VOTE round 0: submit vote requests at term 0 for -1: peers:[s0|rpc:localhost:45219|admin:localhost:43529|client:localhost:40417|dataStream:localhost:40843|priority:0|startupRole:FOLLOWER, s1|rpc:localhost:42087|admin:localhost:41703|client:localhost:46499|dataStream:localhost:38341|priority:0|startupRole:FOLLOWER, s2|rpc:localhost:37771|admin:localhost:39593|client:localhost:37245|dataStream:localhost:39517|priority:0|startupRole:FOLLOWER]|listeners:[], old=null
2022-11-12 05:49:18,773 [s0@group-DA71E2CFFE55-LeaderElection3] INFO  server.RaftServerConfigKeys (ConfUtils.java:logFallback(53)) - raft.server.rpc.first-election.timeout.min = 150ms (fallback to raft.server.rpc.timeout.min)
2022-11-12 05:49:18,773 [s0@group-DA71E2CFFE55-LeaderElection3] INFO  server.RaftServerConfigKeys (ConfUtils.java:logFallback(53)) - raft.server.rpc.first-election.timeout.max = 300ms (fallback to raft.server.rpc.timeout.max)
2022-11-12 05:49:18,781 [s1@group-DA71E2CFFE55-LeaderElection1] INFO  server.RaftServerConfigKeys (ConfUtils.java:logFallback(53)) - raft.server.rpc.first-election.timeout.min = 150ms (fallback to raft.server.rpc.timeout.min)
2022-11-12 05:49:18,784 [s0@group-DA71E2CFFE55-LeaderElection3-1] INFO  server.GrpcServerProtocolClient (GrpcServerProtocolClient.java:<init>(63)) - Build channel for s1
2022-11-12 05:49:18,785 [s2@group-DA71E2CFFE55-LeaderElection2] INFO  server.RaftServerConfigKeys (ConfUtils.java:logFallback(53)) - raft.server.rpc.first-election.timeout.min = 150ms (fallback to raft.server.rpc.timeout.min)
2022-11-12 05:49:18,785 [s2@group-DA71E2CFFE55-LeaderElection2] INFO  server.RaftServerConfigKeys (ConfUtils.java:logFallback(53)) - raft.server.rpc.first-election.timeout.max = 300ms (fallback to raft.server.rpc.timeout.max)
2022-11-12 05:49:18,784 [s0@group-DA71E2CFFE55-LeaderElection3-2] INFO  server.GrpcServerProtocolClient (GrpcServerProtocolClient.java:<init>(63)) - Build channel for s2
2022-11-12 05:49:18,784 [s1@group-DA71E2CFFE55-LeaderElection1-1] INFO  server.GrpcServerProtocolClient (GrpcServerProtocolClient.java:<init>(63)) - Build channel for s0
2022-11-12 05:49:18,784 [s1@group-DA71E2CFFE55-LeaderElection1-2] INFO  server.GrpcServerProtocolClient (GrpcServerProtocolClient.java:<init>(63)) - Build channel for s2
2022-11-12 05:49:18,789 [s2@group-DA71E2CFFE55-LeaderElection2-2] INFO  server.GrpcServerProtocolClient (GrpcServerProtocolClient.java:<init>(63)) - Build channel for s1
2022-11-12 05:49:18,789 [s1@group-DA71E2CFFE55-LeaderElection1] INFO  server.RaftServerConfigKeys (ConfUtils.java:logFallback(53)) - raft.server.rpc.first-election.timeout.max = 300ms (fallback to raft.server.rpc.timeout.max)
2022-11-12 05:49:18,785 [s2@group-DA71E2CFFE55-LeaderElection2-1] INFO  server.GrpcServerProtocolClient (GrpcServerProtocolClient.java:<init>(63)) - Build channel for s0
2022-11-12 05:49:18,976 [s2@group-DA71E2CFFE55-LeaderElection2] INFO  impl.LeaderElection (LeaderElection.java:logAndReturn(89)) - s2@group-DA71E2CFFE55-LeaderElection2: PRE_VOTE TIMEOUT received 0 response(s) and 0 exception(s):
2022-11-12 05:49:18,977 [s2@group-DA71E2CFFE55-LeaderElection2] INFO  impl.LeaderElection (LeaderElection.java:askForVotes(311)) - s2@group-DA71E2CFFE55-LeaderElection2 PRE_VOTE round 0: result TIMEOUT
2022-11-12 05:49:18,977 [s2@group-DA71E2CFFE55-LeaderElection2] INFO  impl.LeaderElection (LeaderElection.java:askForVotes(309)) - s2@group-DA71E2CFFE55-LeaderElection2 PRE_VOTE round 1: submit vote requests at term 0 for -1: peers:[s0|rpc:localhost:45219|admin:localhost:43529|client:localhost:40417|dataStream:localhost:40843|priority:0|startupRole:FOLLOWER, s1|rpc:localhost:42087|admin:localhost:41703|client:localhost:46499|dataStream:localhost:38341|priority:0|startupRole:FOLLOWER, s2|rpc:localhost:37771|admin:localhost:39593|client:localhost:37245|dataStream:localhost:39517|priority:0|startupRole:FOLLOWER]|listeners:[], old=null
2022-11-12 05:49:18,998 [s2@group-DA71E2CFFE55-LeaderElection2] INFO  server.RaftServerConfigKeys (ConfUtils.java:logFallback(53)) - raft.server.rpc.first-election.timeout.min = 150ms (fallback to raft.server.rpc.timeout.min)
2022-11-12 05:49:18,998 [s2@group-DA71E2CFFE55-LeaderElection2] INFO  server.RaftServerConfigKeys (ConfUtils.java:logFallback(53)) - raft.server.rpc.first-election.timeout.max = 300ms (fallback to raft.server.rpc.timeout.max)
2022-11-12 05:49:19,004 [s1@group-DA71E2CFFE55-LeaderElection1] INFO  impl.LeaderElection (LeaderElection.java:logAndReturn(89)) - s1@group-DA71E2CFFE55-LeaderElection1: PRE_VOTE TIMEOUT received 0 response(s) and 0 exception(s):
2022-11-12 05:49:19,004 [s1@group-DA71E2CFFE55-LeaderElection1] INFO  impl.LeaderElection (LeaderElection.java:askForVotes(311)) - s1@group-DA71E2CFFE55-LeaderElection1 PRE_VOTE round 0: result TIMEOUT
2022-11-12 05:49:19,004 [s1@group-DA71E2CFFE55-LeaderElection1] INFO  impl.LeaderElection (LeaderElection.java:askForVotes(309)) - s1@group-DA71E2CFFE55-LeaderElection1 PRE_VOTE round 1: submit vote requests at term 0 for -1: peers:[s0|rpc:localhost:45219|admin:localhost:43529|client:localhost:40417|dataStream:localhost:40843|priority:0|startupRole:FOLLOWER, s1|rpc:localhost:42087|admin:localhost:41703|client:localhost:46499|dataStream:localhost:38341|priority:0|startupRole:FOLLOWER, s2|rpc:localhost:37771|admin:localhost:39593|client:localhost:37245|dataStream:localhost:39517|priority:0|startupRole:FOLLOWER]|listeners:[], old=null
2022-11-12 05:49:19,013 [s1@group-DA71E2CFFE55-LeaderElection1] INFO  server.RaftServerConfigKeys (ConfUtils.java:logFallback(53)) - raft.server.rpc.first-election.timeout.min = 150ms (fallback to raft.server.rpc.timeout.min)
2022-11-12 05:49:19,013 [s1@group-DA71E2CFFE55-LeaderElection1] INFO  server.RaftServerConfigKeys (ConfUtils.java:logFallback(53)) - raft.server.rpc.first-election.timeout.max = 300ms (fallback to raft.server.rpc.timeout.max)
2022-11-12 05:49:19,028 [Time-limited test] WARN  ratis.RaftTestUtil (JavaUtils.java:attempt(217)) - FAILED "waitForLeader-null-(expectLeader? true)", attempt #2/100: java.lang.IllegalStateException: No leader yet : printing ALL groups
  s0:  RUNNING CANDIDATE s0@group-DA71E2CFFE55:t0, leader=null, voted=, raftlog=Memoized:s0@group-DA71E2CFFE55-SegmentedRaftLog:OPENED:c-1, conf=-1: peers:[s0|rpc:localhost:45219|admin:localhost:43529|client:localhost:40417|dataStream:localhost:40843|priority:0|startupRole:FOLLOWER, s1|rpc:localhost:42087|admin:localhost:41703|client:localhost:46499|dataStream:localhost:38341|priority:0|startupRole:FOLLOWER, s2|rpc:localhost:37771|admin:localhost:39593|client:localhost:37245|dataStream:localhost:39517|priority:0|startupRole:FOLLOWER]|listeners:[], old=null RUNNING
  s1:  RUNNING CANDIDATE s1@group-DA71E2CFFE55:t0, leader=null, voted=, raftlog=Memoized:s1@group-DA71E2CFFE55-SegmentedRaftLog:OPENED:c-1, conf=-1: peers:[s0|rpc:localhost:45219|admin:localhost:43529|client:localhost:40417|dataStream:localhost:40843|priority:0|startupRole:FOLLOWER, s1|rpc:localhost:42087|admin:localhost:41703|client:localhost:46499|dataStream:localhost:38341|priority:0|startupRole:FOLLOWER, s2|rpc:localhost:37771|admin:localhost:39593|client:localhost:37245|dataStream:localhost:39517|priority:0|startupRole:FOLLOWER]|listeners:[], old=null RUNNING
  s2:  RUNNING CANDIDATE s2@group-DA71E2CFFE55:t0, leader=null, voted=, raftlog=Memoized:s2@group-DA71E2CFFE55-SegmentedRaftLog:OPENED:c-1, conf=-1: peers:[s0|rpc:localhost:45219|admin:localhost:43529|client:localhost:40417|dataStream:localhost:40843|priority:0|startupRole:FOLLOWER, s1|rpc:localhost:42087|admin:localhost:41703|client:localhost:46499|dataStream:localhost:38341|priority:0|startupRole:FOLLOWER, s2|rpc:localhost:37771|admin:localhost:39593|client:localhost:37245|dataStream:localhost:39517|priority:0|startupRole:FOLLOWER]|listeners:[], old=null RUNNING, sleep 450ms and then retry.
java.lang.IllegalStateException: No leader yet : printing ALL groups
  s0:  RUNNING CANDIDATE s0@group-DA71E2CFFE55:t0, leader=null, voted=, raftlog=Memoized:s0@group-DA71E2CFFE55-SegmentedRaftLog:OPENED:c-1, conf=-1: peers:[s0|rpc:localhost:45219|admin:localhost:43529|client:localhost:40417|dataStream:localhost:40843|priority:0|startupRole:FOLLOWER, s1|rpc:localhost:42087|admin:localhost:41703|client:localhost:46499|dataStream:localhost:38341|priority:0|startupRole:FOLLOWER, s2|rpc:localhost:37771|admin:localhost:39593|client:localhost:37245|dataStream:localhost:39517|priority:0|startupRole:FOLLOWER]|listeners:[], old=null RUNNING
  s1:  RUNNING CANDIDATE s1@group-DA71E2CFFE55:t0, leader=null, voted=, raftlog=Memoized:s1@group-DA71E2CFFE55-SegmentedRaftLog:OPENED:c-1, conf=-1: peers:[s0|rpc:localhost:45219|admin:localhost:43529|client:localhost:40417|dataStream:localhost:40843|priority:0|startupRole:FOLLOWER, s1|rpc:localhost:42087|admin:localhost:41703|client:localhost:46499|dataStream:localhost:38341|priority:0|startupRole:FOLLOWER, s2|rpc:localhost:37771|admin:localhost:39593|client:localhost:37245|dataStream:localhost:39517|priority:0|startupRole:FOLLOWER]|listeners:[], old=null RUNNING
  s2:  RUNNING CANDIDATE s2@group-DA71E2CFFE55:t0, leader=null, voted=, raftlog=Memoized:s2@group-DA71E2CFFE55-SegmentedRaftLog:OPENED:c-1, conf=-1: peers:[s0|rpc:localhost:45219|admin:localhost:43529|client:localhost:40417|dataStream:localhost:40843|priority:0|startupRole:FOLLOWER, s1|rpc:localhost:42087|admin:localhost:41703|client:localhost:46499|dataStream:localhost:38341|priority:0|startupRole:FOLLOWER, s2|rpc:localhost:37771|admin:localhost:39593|client:localhost:37245|dataStream:localhost:39517|priority:0|startupRole:FOLLOWER]|listeners:[], old=null RUNNING
	at org.apache.ratis.server.impl.MiniRaftCluster.newIllegalStateExceptionForNoLeaders(MiniRaftCluster.java:581)
	at org.apache.ratis.RaftTestUtil.lambda$waitForLeader$1(RaftTestUtil.java:104)
	at org.apache.ratis.server.impl.MiniRaftCluster.getLeader(MiniRaftCluster.java:615)
	at org.apache.ratis.server.impl.MiniRaftCluster.getLeader(MiniRaftCluster.java:608)
	at org.apache.ratis.RaftTestUtil.lambda$waitForLeader$3(RaftTestUtil.java:112)
	at org.apache.ratis.util.JavaUtils.attempt(JavaUtils.java:211)
	at org.apache.ratis.util.JavaUtils.attemptRepeatedly(JavaUtils.java:197)
	at org.apache.ratis.RaftTestUtil.waitForLeader(RaftTestUtil.java:111)
	at org.apache.ratis.RaftTestUtil.waitForLeader(RaftTestUtil.java:92)
	at org.apache.ratis.RaftTestUtil.waitForLeader(RaftTestUtil.java:87)
	at org.apache.ratis.grpc.TestRaftServerWithGrpc.testRaftClientRequestMetrics(TestRaftServerWithGrpc.java:304)
	at org.apache.ratis.server.impl.MiniRaftCluster$Factory$Get.runWithNewCluster(MiniRaftCluster.java:141)
	at org.apache.ratis.server.impl.MiniRaftCluster$Factory$Get.runWithNewCluster(MiniRaftCluster.java:121)
	at org.apache.ratis.grpc.TestRaftServerWithGrpc.testRaftClientMetrics(TestRaftServerWithGrpc.java:215)
	at java.base/jdk.internal.reflect.NativeMethodAccessorImpl.invoke0(Native Method)
	at java.base/jdk.internal.reflect.NativeMethodAccessorImpl.invoke(NativeMethodAccessorImpl.java:62)
	at java.base/jdk.internal.reflect.DelegatingMethodAccessorImpl.invoke(DelegatingMethodAccessorImpl.java:43)
	at java.base/java.lang.reflect.Method.invoke(Method.java:566)
	at org.junit.runners.model.FrameworkMethod$1.runReflectiveCall(FrameworkMethod.java:59)
	at org.junit.internal.runners.model.ReflectiveCallable.run(ReflectiveCallable.java:12)
	at org.junit.runners.model.FrameworkMethod.invokeExplosively(FrameworkMethod.java:56)
	at org.junit.internal.runners.statements.InvokeMethod.evaluate(InvokeMethod.java:17)
	at org.junit.internal.runners.statements.RunBefores.evaluate(RunBefores.java:26)
	at org.junit.internal.runners.statements.RunAfters.evaluate(RunAfters.java:27)
	at org.junit.internal.runners.statements.FailOnTimeout$CallableStatement.call(FailOnTimeout.java:299)
	at org.junit.internal.runners.statements.FailOnTimeout$CallableStatement.call(FailOnTimeout.java:293)
	at java.base/java.util.concurrent.FutureTask.run(FutureTask.java:264)
	at java.base/java.lang.Thread.run(Thread.java:829)
2022-11-12 05:49:19,057 [s0@group-DA71E2CFFE55-LeaderElection3] INFO  impl.LeaderElection (LeaderElection.java:logAndReturn(89)) - s0@group-DA71E2CFFE55-LeaderElection3: PRE_VOTE TIMEOUT received 0 response(s) and 0 exception(s):
2022-11-12 05:49:19,057 [s0@group-DA71E2CFFE55-LeaderElection3] INFO  impl.LeaderElection (LeaderElection.java:askForVotes(311)) - s0@group-DA71E2CFFE55-LeaderElection3 PRE_VOTE round 0: result TIMEOUT
2022-11-12 05:49:19,057 [s0@group-DA71E2CFFE55-LeaderElection3] INFO  impl.LeaderElection (LeaderElection.java:askForVotes(309)) - s0@group-DA71E2CFFE55-LeaderElection3 PRE_VOTE round 1: submit vote requests at term 0 for -1: peers:[s0|rpc:localhost:45219|admin:localhost:43529|client:localhost:40417|dataStream:localhost:40843|priority:0|startupRole:FOLLOWER, s1|rpc:localhost:42087|admin:localhost:41703|client:localhost:46499|dataStream:localhost:38341|priority:0|startupRole:FOLLOWER, s2|rpc:localhost:37771|admin:localhost:39593|client:localhost:37245|dataStream:localhost:39517|priority:0|startupRole:FOLLOWER]|listeners:[], old=null
2022-11-12 05:49:19,061 [s0@group-DA71E2CFFE55-LeaderElection3] INFO  server.RaftServerConfigKeys (ConfUtils.java:logFallback(53)) - raft.server.rpc.first-election.timeout.min = 150ms (fallback to raft.server.rpc.timeout.min)
2022-11-12 05:49:19,061 [s0@group-DA71E2CFFE55-LeaderElection3] INFO  server.RaftServerConfigKeys (ConfUtils.java:logFallback(53)) - raft.server.rpc.first-election.timeout.max = 300ms (fallback to raft.server.rpc.timeout.max)
2022-11-12 05:49:19,112 [grpc-default-executor-3] INFO  server.RaftServer$Division (RaftServerImpl.java:requestVote(1294)) - s0@group-DA71E2CFFE55: receive requestVote(PRE_VOTE, s1, group-DA71E2CFFE55, 0, (t:0, i:0))
2022-11-12 05:49:19,114 [grpc-default-executor-3] INFO  impl.VoteContext (VoteContext.java:log(49)) - s0@group-DA71E2CFFE55-CANDIDATE: accept PRE_VOTE from s1: our priority 0 <= candidate's priority 0
2022-11-12 05:49:19,115 [grpc-default-executor-4] INFO  server.RaftServer$Division (RaftServerImpl.java:requestVote(1294)) - s2@group-DA71E2CFFE55: receive requestVote(PRE_VOTE, s0, group-DA71E2CFFE55, 0, (t:0, i:0))
2022-11-12 05:49:19,116 [grpc-default-executor-5] INFO  server.RaftServer$Division (RaftServerImpl.java:requestVote(1294)) - s0@group-DA71E2CFFE55: receive requestVote(PRE_VOTE, s2, group-DA71E2CFFE55, 0, (t:0, i:0))
2022-11-12 05:49:19,116 [grpc-default-executor-0] INFO  server.RaftServer$Division (RaftServerImpl.java:requestVote(1294)) - s1@group-DA71E2CFFE55: receive requestVote(PRE_VOTE, s2, group-DA71E2CFFE55, 0, (t:0, i:0))
2022-11-12 05:49:19,116 [grpc-default-executor-1] INFO  server.RaftServer$Division (RaftServerImpl.java:requestVote(1294)) - s0@group-DA71E2CFFE55: receive requestVote(PRE_VOTE, s2, group-DA71E2CFFE55, 0, (t:0, i:0))
2022-11-12 05:49:19,116 [grpc-default-executor-4] INFO  impl.VoteContext (VoteContext.java:log(49)) - s2@group-DA71E2CFFE55-CANDIDATE: accept PRE_VOTE from s0: our priority 0 <= candidate's priority 0
2022-11-12 05:49:19,116 [grpc-default-executor-2] INFO  server.RaftServer$Division (RaftServerImpl.java:requestVote(1294)) - s2@group-DA71E2CFFE55: receive requestVote(PRE_VOTE, s0, group-DA71E2CFFE55, 0, (t:0, i:0))
2022-11-12 05:49:19,118 [grpc-default-executor-0] INFO  impl.VoteContext (VoteContext.java:log(49)) - s1@group-DA71E2CFFE55-CANDIDATE: accept PRE_VOTE from s2: our priority 0 <= candidate's priority 0
2022-11-12 05:49:19,119 [grpc-default-executor-6] INFO  server.RaftServer$Division (RaftServerImpl.java:requestVote(1294)) - s1@group-DA71E2CFFE55: receive requestVote(PRE_VOTE, s2, group-DA71E2CFFE55, 0, (t:0, i:0))
2022-11-12 05:49:19,119 [grpc-default-executor-4] INFO  server.RaftServer$Division (RaftServerImpl.java:requestVote(1327)) - s2@group-DA71E2CFFE55 replies to PRE_VOTE vote request: s0<-s2#0:OK-t0. Peer's state: s2@group-DA71E2CFFE55:t0, leader=null, voted=, raftlog=Memoized:s2@group-DA71E2CFFE55-SegmentedRaftLog:OPENED:c-1, conf=-1: peers:[s0|rpc:localhost:45219|admin:localhost:43529|client:localhost:40417|dataStream:localhost:40843|priority:0|startupRole:FOLLOWER, s1|rpc:localhost:42087|admin:localhost:41703|client:localhost:46499|dataStream:localhost:38341|priority:0|startupRole:FOLLOWER, s2|rpc:localhost:37771|admin:localhost:39593|client:localhost:37245|dataStream:localhost:39517|priority:0|startupRole:FOLLOWER]|listeners:[], old=null
2022-11-12 05:49:19,120 [grpc-default-executor-2] INFO  impl.VoteContext (VoteContext.java:log(49)) - s2@group-DA71E2CFFE55-CANDIDATE: accept PRE_VOTE from s0: our priority 0 <= candidate's priority 0
2022-11-12 05:49:19,120 [grpc-default-executor-2] INFO  server.RaftServer$Division (RaftServerImpl.java:requestVote(1327)) - s2@group-DA71E2CFFE55 replies to PRE_VOTE vote request: s0<-s2#0:OK-t0. Peer's state: s2@group-DA71E2CFFE55:t0, leader=null, voted=, raftlog=Memoized:s2@group-DA71E2CFFE55-SegmentedRaftLog:OPENED:c-1, conf=-1: peers:[s0|rpc:localhost:45219|admin:localhost:43529|client:localhost:40417|dataStream:localhost:40843|priority:0|startupRole:FOLLOWER, s1|rpc:localhost:42087|admin:localhost:41703|client:localhost:46499|dataStream:localhost:38341|priority:0|startupRole:FOLLOWER, s2|rpc:localhost:37771|admin:localhost:39593|client:localhost:37245|dataStream:localhost:39517|priority:0|startupRole:FOLLOWER]|listeners:[], old=null
2022-11-12 05:49:19,122 [grpc-default-executor-0] INFO  server.RaftServer$Division (RaftServerImpl.java:requestVote(1327)) - s1@group-DA71E2CFFE55 replies to PRE_VOTE vote request: s2<-s1#0:OK-t0. Peer's state: s1@group-DA71E2CFFE55:t0, leader=null, voted=, raftlog=Memoized:s1@group-DA71E2CFFE55-SegmentedRaftLog:OPENED:c-1, conf=-1: peers:[s0|rpc:localhost:45219|admin:localhost:43529|client:localhost:40417|dataStream:localhost:40843|priority:0|startupRole:FOLLOWER, s1|rpc:localhost:42087|admin:localhost:41703|client:localhost:46499|dataStream:localhost:38341|priority:0|startupRole:FOLLOWER, s2|rpc:localhost:37771|admin:localhost:39593|client:localhost:37245|dataStream:localhost:39517|priority:0|startupRole:FOLLOWER]|listeners:[], old=null
2022-11-12 05:49:19,124 [grpc-default-executor-6] INFO  impl.VoteContext (VoteContext.java:log(49)) - s1@group-DA71E2CFFE55-CANDIDATE: accept PRE_VOTE from s2: our priority 0 <= candidate's priority 0
2022-11-12 05:49:19,128 [grpc-default-executor-4] INFO  server.RaftServer$Division (RaftServerImpl.java:requestVote(1294)) - s0@group-DA71E2CFFE55: receive requestVote(PRE_VOTE, s1, group-DA71E2CFFE55, 0, (t:0, i:0))
2022-11-12 05:49:19,129 [grpc-default-executor-2] INFO  server.RaftServer$Division (RaftServerImpl.java:requestVote(1294)) - s1@group-DA71E2CFFE55: receive requestVote(PRE_VOTE, s0, group-DA71E2CFFE55, 0, (t:0, i:0))
2022-11-12 05:49:19,130 [grpc-default-executor-0] INFO  server.RaftServer$Division (RaftServerImpl.java:requestVote(1294)) - s1@group-DA71E2CFFE55: receive requestVote(PRE_VOTE, s0, group-DA71E2CFFE55, 0, (t:0, i:0))
2022-11-12 05:49:19,130 [grpc-default-executor-3] INFO  server.RaftServer$Division (RaftServerImpl.java:requestVote(1327)) - s0@group-DA71E2CFFE55 replies to PRE_VOTE vote request: s1<-s0#0:OK-t0. Peer's state: s0@group-DA71E2CFFE55:t0, leader=null, voted=, raftlog=Memoized:s0@group-DA71E2CFFE55-SegmentedRaftLog:OPENED:c-1, conf=-1: peers:[s0|rpc:localhost:45219|admin:localhost:43529|client:localhost:40417|dataStream:localhost:40843|priority:0|startupRole:FOLLOWER, s1|rpc:localhost:42087|admin:localhost:41703|client:localhost:46499|dataStream:localhost:38341|priority:0|startupRole:FOLLOWER, s2|rpc:localhost:37771|admin:localhost:39593|client:localhost:37245|dataStream:localhost:39517|priority:0|startupRole:FOLLOWER]|listeners:[], old=null
2022-11-12 05:49:19,131 [grpc-default-executor-4] INFO  impl.VoteContext (VoteContext.java:log(49)) - s0@group-DA71E2CFFE55-CANDIDATE: accept PRE_VOTE from s1: our priority 0 <= candidate's priority 0
2022-11-12 05:49:19,131 [grpc-default-executor-4] INFO  server.RaftServer$Division (RaftServerImpl.java:requestVote(1327)) - s0@group-DA71E2CFFE55 replies to PRE_VOTE vote request: s1<-s0#0:OK-t0. Peer's state: s0@group-DA71E2CFFE55:t0, leader=null, voted=, raftlog=Memoized:s0@group-DA71E2CFFE55-SegmentedRaftLog:OPENED:c-1, conf=-1: peers:[s0|rpc:localhost:45219|admin:localhost:43529|client:localhost:40417|dataStream:localhost:40843|priority:0|startupRole:FOLLOWER, s1|rpc:localhost:42087|admin:localhost:41703|client:localhost:46499|dataStream:localhost:38341|priority:0|startupRole:FOLLOWER, s2|rpc:localhost:37771|admin:localhost:39593|client:localhost:37245|dataStream:localhost:39517|priority:0|startupRole:FOLLOWER]|listeners:[], old=null
2022-11-12 05:49:19,131 [grpc-default-executor-1] INFO  impl.VoteContext (VoteContext.java:log(49)) - s0@group-DA71E2CFFE55-CANDIDATE: accept PRE_VOTE from s2: our priority 0 <= candidate's priority 0
2022-11-12 05:49:19,130 [grpc-default-executor-6] INFO  server.RaftServer$Division (RaftServerImpl.java:requestVote(1327)) - s1@group-DA71E2CFFE55 replies to PRE_VOTE vote request: s2<-s1#0:OK-t0. Peer's state: s1@group-DA71E2CFFE55:t0, leader=null, voted=, raftlog=Memoized:s1@group-DA71E2CFFE55-SegmentedRaftLog:OPENED:c-1, conf=-1: peers:[s0|rpc:localhost:45219|admin:localhost:43529|client:localhost:40417|dataStream:localhost:40843|priority:0|startupRole:FOLLOWER, s1|rpc:localhost:42087|admin:localhost:41703|client:localhost:46499|dataStream:localhost:38341|priority:0|startupRole:FOLLOWER, s2|rpc:localhost:37771|admin:localhost:39593|client:localhost:37245|dataStream:localhost:39517|priority:0|startupRole:FOLLOWER]|listeners:[], old=null
2022-11-12 05:49:19,136 [grpc-default-executor-1] INFO  server.RaftServer$Division (RaftServerImpl.java:requestVote(1327)) - s0@group-DA71E2CFFE55 replies to PRE_VOTE vote request: s2<-s0#0:OK-t0. Peer's state: s0@group-DA71E2CFFE55:t0, leader=null, voted=, raftlog=Memoized:s0@group-DA71E2CFFE55-SegmentedRaftLog:OPENED:c-1, conf=-1: peers:[s0|rpc:localhost:45219|admin:localhost:43529|client:localhost:40417|dataStream:localhost:40843|priority:0|startupRole:FOLLOWER, s1|rpc:localhost:42087|admin:localhost:41703|client:localhost:46499|dataStream:localhost:38341|priority:0|startupRole:FOLLOWER, s2|rpc:localhost:37771|admin:localhost:39593|client:localhost:37245|dataStream:localhost:39517|priority:0|startupRole:FOLLOWER]|listeners:[], old=null
2022-11-12 05:49:19,140 [grpc-default-executor-5] INFO  impl.VoteContext (VoteContext.java:log(49)) - s0@group-DA71E2CFFE55-CANDIDATE: accept PRE_VOTE from s2: our priority 0 <= candidate's priority 0
2022-11-12 05:49:19,141 [grpc-default-executor-5] INFO  server.RaftServer$Division (RaftServerImpl.java:requestVote(1327)) - s0@group-DA71E2CFFE55 replies to PRE_VOTE vote request: s2<-s0#0:OK-t0. Peer's state: s0@group-DA71E2CFFE55:t0, leader=null, voted=, raftlog=Memoized:s0@group-DA71E2CFFE55-SegmentedRaftLog:OPENED:c-1, conf=-1: peers:[s0|rpc:localhost:45219|admin:localhost:43529|client:localhost:40417|dataStream:localhost:40843|priority:0|startupRole:FOLLOWER, s1|rpc:localhost:42087|admin:localhost:41703|client:localhost:46499|dataStream:localhost:38341|priority:0|startupRole:FOLLOWER, s2|rpc:localhost:37771|admin:localhost:39593|client:localhost:37245|dataStream:localhost:39517|priority:0|startupRole:FOLLOWER]|listeners:[], old=null
2022-11-12 05:49:19,141 [grpc-default-executor-0] INFO  impl.VoteContext (VoteContext.java:log(49)) - s1@group-DA71E2CFFE55-CANDIDATE: accept PRE_VOTE from s0: our priority 0 <= candidate's priority 0
2022-11-12 05:49:19,142 [grpc-default-executor-0] INFO  server.RaftServer$Division (RaftServerImpl.java:requestVote(1327)) - s1@group-DA71E2CFFE55 replies to PRE_VOTE vote request: s0<-s1#0:OK-t0. Peer's state: s1@group-DA71E2CFFE55:t0, leader=null, voted=, raftlog=Memoized:s1@group-DA71E2CFFE55-SegmentedRaftLog:OPENED:c-1, conf=-1: peers:[s0|rpc:localhost:45219|admin:localhost:43529|client:localhost:40417|dataStream:localhost:40843|priority:0|startupRole:FOLLOWER, s1|rpc:localhost:42087|admin:localhost:41703|client:localhost:46499|dataStream:localhost:38341|priority:0|startupRole:FOLLOWER, s2|rpc:localhost:37771|admin:localhost:39593|client:localhost:37245|dataStream:localhost:39517|priority:0|startupRole:FOLLOWER]|listeners:[], old=null
2022-11-12 05:49:19,142 [grpc-default-executor-2] INFO  impl.VoteContext (VoteContext.java:log(49)) - s1@group-DA71E2CFFE55-CANDIDATE: accept PRE_VOTE from s0: our priority 0 <= candidate's priority 0
2022-11-12 05:49:19,142 [grpc-default-executor-2] INFO  server.RaftServer$Division (RaftServerImpl.java:requestVote(1327)) - s1@group-DA71E2CFFE55 replies to PRE_VOTE vote request: s0<-s1#0:OK-t0. Peer's state: s1@group-DA71E2CFFE55:t0, leader=null, voted=, raftlog=Memoized:s1@group-DA71E2CFFE55-SegmentedRaftLog:OPENED:c-1, conf=-1: peers:[s0|rpc:localhost:45219|admin:localhost:43529|client:localhost:40417|dataStream:localhost:40843|priority:0|startupRole:FOLLOWER, s1|rpc:localhost:42087|admin:localhost:41703|client:localhost:46499|dataStream:localhost:38341|priority:0|startupRole:FOLLOWER, s2|rpc:localhost:37771|admin:localhost:39593|client:localhost:37245|dataStream:localhost:39517|priority:0|startupRole:FOLLOWER]|listeners:[], old=null
2022-11-12 05:49:19,146 [s0@group-DA71E2CFFE55-LeaderElection3] INFO  impl.LeaderElection (LeaderElection.java:logAndReturn(89)) - s0@group-DA71E2CFFE55-LeaderElection3: PRE_VOTE PASSED received 1 response(s) and 0 exception(s):
2022-11-12 05:49:19,147 [s0@group-DA71E2CFFE55-LeaderElection3] INFO  impl.LeaderElection (LeaderElection.java:logAndReturn(93)) -   Response 0: s0<-s2#0:OK-t0
2022-11-12 05:49:19,147 [s0@group-DA71E2CFFE55-LeaderElection3] INFO  impl.LeaderElection (LeaderElection.java:askForVotes(311)) - s0@group-DA71E2CFFE55-LeaderElection3 PRE_VOTE round 1: result PASSED
2022-11-12 05:49:19,147 [s2@group-DA71E2CFFE55-LeaderElection2] INFO  impl.LeaderElection (LeaderElection.java:logAndReturn(89)) - s2@group-DA71E2CFFE55-LeaderElection2: PRE_VOTE PASSED received 1 response(s) and 0 exception(s):
2022-11-12 05:49:19,147 [s2@group-DA71E2CFFE55-LeaderElection2] INFO  impl.LeaderElection (LeaderElection.java:logAndReturn(93)) -   Response 0: s2<-s1#0:OK-t0
2022-11-12 05:49:19,148 [s2@group-DA71E2CFFE55-LeaderElection2] INFO  impl.LeaderElection (LeaderElection.java:askForVotes(311)) - s2@group-DA71E2CFFE55-LeaderElection2 PRE_VOTE round 1: result PASSED
2022-11-12 05:49:19,149 [s0@group-DA71E2CFFE55-LeaderElection3] INFO  impl.LeaderElection (LeaderElection.java:askForVotes(309)) - s0@group-DA71E2CFFE55-LeaderElection3 ELECTION round 0: submit vote requests at term 1 for -1: peers:[s0|rpc:localhost:45219|admin:localhost:43529|client:localhost:40417|dataStream:localhost:40843|priority:0|startupRole:FOLLOWER, s1|rpc:localhost:42087|admin:localhost:41703|client:localhost:46499|dataStream:localhost:38341|priority:0|startupRole:FOLLOWER, s2|rpc:localhost:37771|admin:localhost:39593|client:localhost:37245|dataStream:localhost:39517|priority:0|startupRole:FOLLOWER]|listeners:[], old=null
2022-11-12 05:49:19,153 [s0@group-DA71E2CFFE55-LeaderElection3] INFO  server.RaftServerConfigKeys (ConfUtils.java:logFallback(53)) - raft.server.rpc.first-election.timeout.min = 150ms (fallback to raft.server.rpc.timeout.min)
2022-11-12 05:49:19,157 [s0@group-DA71E2CFFE55-LeaderElection3] INFO  server.RaftServerConfigKeys (ConfUtils.java:logFallback(53)) - raft.server.rpc.first-election.timeout.max = 300ms (fallback to raft.server.rpc.timeout.max)
2022-11-12 05:49:19,156 [s2@group-DA71E2CFFE55-LeaderElection2] INFO  impl.LeaderElection (LeaderElection.java:askForVotes(309)) - s2@group-DA71E2CFFE55-LeaderElection2 ELECTION round 0: submit vote requests at term 1 for -1: peers:[s0|rpc:localhost:45219|admin:localhost:43529|client:localhost:40417|dataStream:localhost:40843|priority:0|startupRole:FOLLOWER, s1|rpc:localhost:42087|admin:localhost:41703|client:localhost:46499|dataStream:localhost:38341|priority:0|startupRole:FOLLOWER, s2|rpc:localhost:37771|admin:localhost:39593|client:localhost:37245|dataStream:localhost:39517|priority:0|startupRole:FOLLOWER]|listeners:[], old=null
2022-11-12 05:49:19,160 [s2@group-DA71E2CFFE55-LeaderElection2] INFO  server.RaftServerConfigKeys (ConfUtils.java:logFallback(53)) - raft.server.rpc.first-election.timeout.min = 150ms (fallback to raft.server.rpc.timeout.min)
2022-11-12 05:49:19,161 [s2@group-DA71E2CFFE55-LeaderElection2] INFO  server.RaftServerConfigKeys (ConfUtils.java:logFallback(53)) - raft.server.rpc.first-election.timeout.max = 300ms (fallback to raft.server.rpc.timeout.max)
2022-11-12 05:49:19,166 [grpc-default-executor-2] INFO  server.RaftServer$Division (RaftServerImpl.java:requestVote(1294)) - s2@group-DA71E2CFFE55: receive requestVote(ELECTION, s0, group-DA71E2CFFE55, 1, (t:0, i:0))
2022-11-12 05:49:19,166 [grpc-default-executor-2] INFO  impl.VoteContext (VoteContext.java:log(49)) - s2@group-DA71E2CFFE55-CANDIDATE: reject ELECTION from s0: already has voted for s2 at current term 1
2022-11-12 05:49:19,166 [grpc-default-executor-2] INFO  server.RaftServer$Division (RaftServerImpl.java:requestVote(1327)) - s2@group-DA71E2CFFE55 replies to ELECTION vote request: s0<-s2#0:FAIL-t1. Peer's state: s2@group-DA71E2CFFE55:t1, leader=null, voted=s2, raftlog=Memoized:s2@group-DA71E2CFFE55-SegmentedRaftLog:OPENED:c-1, conf=-1: peers:[s0|rpc:localhost:45219|admin:localhost:43529|client:localhost:40417|dataStream:localhost:40843|priority:0|startupRole:FOLLOWER, s1|rpc:localhost:42087|admin:localhost:41703|client:localhost:46499|dataStream:localhost:38341|priority:0|startupRole:FOLLOWER, s2|rpc:localhost:37771|admin:localhost:39593|client:localhost:37245|dataStream:localhost:39517|priority:0|startupRole:FOLLOWER]|listeners:[], old=null
2022-11-12 05:49:19,168 [grpc-default-executor-5] INFO  server.RaftServer$Division (RaftServerImpl.java:requestVote(1294)) - s2@group-DA71E2CFFE55: receive requestVote(PRE_VOTE, s1, group-DA71E2CFFE55, 0, (t:0, i:0))
2022-11-12 05:49:19,168 [grpc-default-executor-5] INFO  impl.VoteContext (VoteContext.java:log(49)) - s2@group-DA71E2CFFE55-CANDIDATE: accept PRE_VOTE from s1: our priority 0 <= candidate's priority 0
2022-11-12 05:49:19,168 [grpc-default-executor-5] INFO  server.RaftServer$Division (RaftServerImpl.java:requestVote(1327)) - s2@group-DA71E2CFFE55 replies to PRE_VOTE vote request: s1<-s2#0:OK-t1. Peer's state: s2@group-DA71E2CFFE55:t1, leader=null, voted=s2, raftlog=Memoized:s2@group-DA71E2CFFE55-SegmentedRaftLog:OPENED:c-1, conf=-1: peers:[s0|rpc:localhost:45219|admin:localhost:43529|client:localhost:40417|dataStream:localhost:40843|priority:0|startupRole:FOLLOWER, s1|rpc:localhost:42087|admin:localhost:41703|client:localhost:46499|dataStream:localhost:38341|priority:0|startupRole:FOLLOWER, s2|rpc:localhost:37771|admin:localhost:39593|client:localhost:37245|dataStream:localhost:39517|priority:0|startupRole:FOLLOWER]|listeners:[], old=null
2022-11-12 05:49:19,169 [grpc-default-executor-5] INFO  server.RaftServer$Division (RaftServerImpl.java:requestVote(1294)) - s2@group-DA71E2CFFE55: receive requestVote(PRE_VOTE, s1, group-DA71E2CFFE55, 0, (t:0, i:0))
2022-11-12 05:49:19,169 [grpc-default-executor-5] INFO  impl.VoteContext (VoteContext.java:log(49)) - s2@group-DA71E2CFFE55-CANDIDATE: accept PRE_VOTE from s1: our priority 0 <= candidate's priority 0
2022-11-12 05:49:19,170 [grpc-default-executor-5] INFO  server.RaftServer$Division (RaftServerImpl.java:requestVote(1327)) - s2@group-DA71E2CFFE55 replies to PRE_VOTE vote request: s1<-s2#0:OK-t1. Peer's state: s2@group-DA71E2CFFE55:t1, leader=null, voted=s2, raftlog=Memoized:s2@group-DA71E2CFFE55-SegmentedRaftLog:OPENED:c-1, conf=-1: peers:[s0|rpc:localhost:45219|admin:localhost:43529|client:localhost:40417|dataStream:localhost:40843|priority:0|startupRole:FOLLOWER, s1|rpc:localhost:42087|admin:localhost:41703|client:localhost:46499|dataStream:localhost:38341|priority:0|startupRole:FOLLOWER, s2|rpc:localhost:37771|admin:localhost:39593|client:localhost:37245|dataStream:localhost:39517|priority:0|startupRole:FOLLOWER]|listeners:[], old=null
2022-11-12 05:49:19,178 [grpc-default-executor-5] INFO  server.RaftServer$Division (RaftServerImpl.java:requestVote(1294)) - s0@group-DA71E2CFFE55: receive requestVote(ELECTION, s2, group-DA71E2CFFE55, 1, (t:0, i:0))
2022-11-12 05:49:19,178 [grpc-default-executor-5] INFO  impl.VoteContext (VoteContext.java:log(49)) - s0@group-DA71E2CFFE55-CANDIDATE: reject ELECTION from s2: already has voted for s0 at current term 1
2022-11-12 05:49:19,178 [grpc-default-executor-5] INFO  server.RaftServer$Division (RaftServerImpl.java:requestVote(1327)) - s0@group-DA71E2CFFE55 replies to ELECTION vote request: s2<-s0#0:FAIL-t1. Peer's state: s0@group-DA71E2CFFE55:t1, leader=null, voted=s0, raftlog=Memoized:s0@group-DA71E2CFFE55-SegmentedRaftLog:OPENED:c-1, conf=-1: peers:[s0|rpc:localhost:45219|admin:localhost:43529|client:localhost:40417|dataStream:localhost:40843|priority:0|startupRole:FOLLOWER, s1|rpc:localhost:42087|admin:localhost:41703|client:localhost:46499|dataStream:localhost:38341|priority:0|startupRole:FOLLOWER, s2|rpc:localhost:37771|admin:localhost:39593|client:localhost:37245|dataStream:localhost:39517|priority:0|startupRole:FOLLOWER]|listeners:[], old=null
2022-11-12 05:49:19,179 [s1@group-DA71E2CFFE55-LeaderElection1] INFO  impl.LeaderElection (LeaderElection.java:logAndReturn(89)) - s1@group-DA71E2CFFE55-LeaderElection1: PRE_VOTE DISCOVERED_A_NEW_TERM (term=1) received 1 response(s) and 0 exception(s):
2022-11-12 05:49:19,180 [s1@group-DA71E2CFFE55-LeaderElection1] INFO  impl.LeaderElection (LeaderElection.java:logAndReturn(93)) -   Response 0: s1<-s2#0:OK-t1
2022-11-12 05:49:19,180 [s1@group-DA71E2CFFE55-LeaderElection1] INFO  impl.LeaderElection (LeaderElection.java:askForVotes(311)) - s1@group-DA71E2CFFE55-LeaderElection1 PRE_VOTE round 1: result DISCOVERED_A_NEW_TERM (term=1)
2022-11-12 05:49:19,181 [s1@group-DA71E2CFFE55-LeaderElection1] INFO  server.RaftServer$Division (RaftServerImpl.java:setRole(325)) - s1@group-DA71E2CFFE55: changes role from CANDIDATE to FOLLOWER at term 1 for DISCOVERED_A_NEW_TERM (term=1)
2022-11-12 05:49:19,181 [s1@group-DA71E2CFFE55-LeaderElection1] INFO  impl.RoleInfo (RoleInfo.java:shutdownLeaderElection(130)) - s1: shutdown s1@group-DA71E2CFFE55-LeaderElection1
2022-11-12 05:49:19,182 [s1@group-DA71E2CFFE55-LeaderElection1] INFO  impl.RoleInfo (RoleInfo.java:updateAndGet(139)) - s1: start s1@group-DA71E2CFFE55-FollowerState
2022-11-12 05:49:19,183 [grpc-default-executor-5] INFO  server.RaftServer$Division (RaftServerImpl.java:requestVote(1294)) - s1@group-DA71E2CFFE55: receive requestVote(ELECTION, s2, group-DA71E2CFFE55, 1, (t:0, i:0))
2022-11-12 05:49:19,185 [s1@group-DA71E2CFFE55-FollowerState] INFO  server.RaftServerConfigKeys (ConfUtils.java:logFallback(53)) - raft.server.rpc.first-election.timeout.min = 150ms (fallback to raft.server.rpc.timeout.min)
2022-11-12 05:49:19,188 [grpc-default-executor-5] INFO  impl.VoteContext (VoteContext.java:log(49)) - s1@group-DA71E2CFFE55-FOLLOWER: accept ELECTION from s2: our priority 0 <= candidate's priority 0
2022-11-12 05:49:19,188 [grpc-default-executor-5] INFO  server.RaftServer$Division (RaftServerImpl.java:setRole(325)) - s1@group-DA71E2CFFE55: changes role from  FOLLOWER to FOLLOWER at term 1 for candidate:s2
2022-11-12 05:49:19,188 [grpc-default-executor-5] INFO  impl.RoleInfo (RoleInfo.java:shutdownFollowerState(110)) - s1: shutdown s1@group-DA71E2CFFE55-FollowerState
2022-11-12 05:49:19,188 [grpc-default-executor-5] INFO  impl.RoleInfo (RoleInfo.java:updateAndGet(139)) - s1: start s1@group-DA71E2CFFE55-FollowerState
2022-11-12 05:49:19,188 [s1@group-DA71E2CFFE55-FollowerState] INFO  server.RaftServerConfigKeys (ConfUtils.java:logFallback(53)) - raft.server.rpc.first-election.timeout.max = 300ms (fallback to raft.server.rpc.timeout.max)
2022-11-12 05:49:19,189 [s1@group-DA71E2CFFE55-FollowerState] INFO  impl.FollowerState (FollowerState.java:run(152)) - s1@group-DA71E2CFFE55-FollowerState was interrupted
2022-11-12 05:49:19,190 [s1@group-DA71E2CFFE55-FollowerState] INFO  server.RaftServerConfigKeys (ConfUtils.java:logFallback(53)) - raft.server.rpc.first-election.timeout.min = 150ms (fallback to raft.server.rpc.timeout.min)
2022-11-12 05:49:19,190 [s1@group-DA71E2CFFE55-FollowerState] INFO  server.RaftServerConfigKeys (ConfUtils.java:logFallback(53)) - raft.server.rpc.first-election.timeout.max = 300ms (fallback to raft.server.rpc.timeout.max)
2022-11-12 05:49:19,194 [grpc-default-executor-5] INFO  server.RaftServer$Division (RaftServerImpl.java:requestVote(1327)) - s1@group-DA71E2CFFE55 replies to ELECTION vote request: s2<-s1#0:OK-t1. Peer's state: s1@group-DA71E2CFFE55:t1, leader=null, voted=s2, raftlog=Memoized:s1@group-DA71E2CFFE55-SegmentedRaftLog:OPENED:c-1, conf=-1: peers:[s0|rpc:localhost:45219|admin:localhost:43529|client:localhost:40417|dataStream:localhost:40843|priority:0|startupRole:FOLLOWER, s1|rpc:localhost:42087|admin:localhost:41703|client:localhost:46499|dataStream:localhost:38341|priority:0|startupRole:FOLLOWER, s2|rpc:localhost:37771|admin:localhost:39593|client:localhost:37245|dataStream:localhost:39517|priority:0|startupRole:FOLLOWER]|listeners:[], old=null
2022-11-12 05:49:19,195 [s2@group-DA71E2CFFE55-LeaderElection2] INFO  impl.LeaderElection (LeaderElection.java:logAndReturn(89)) - s2@group-DA71E2CFFE55-LeaderElection2: ELECTION PASSED received 2 response(s) and 0 exception(s):
2022-11-12 05:49:19,195 [s2@group-DA71E2CFFE55-LeaderElection2] INFO  impl.LeaderElection (LeaderElection.java:logAndReturn(93)) -   Response 0: s2<-s0#0:FAIL-t1
2022-11-12 05:49:19,195 [s2@group-DA71E2CFFE55-LeaderElection2] INFO  impl.LeaderElection (LeaderElection.java:logAndReturn(93)) -   Response 1: s2<-s1#0:OK-t1
2022-11-12 05:49:19,196 [s2@group-DA71E2CFFE55-LeaderElection2] INFO  impl.LeaderElection (LeaderElection.java:askForVotes(311)) - s2@group-DA71E2CFFE55-LeaderElection2 ELECTION round 0: result PASSED
2022-11-12 05:49:19,196 [s2@group-DA71E2CFFE55-LeaderElection2] INFO  impl.RoleInfo (RoleInfo.java:shutdownLeaderElection(130)) - s2: shutdown s2@group-DA71E2CFFE55-LeaderElection2
2022-11-12 05:49:19,196 [s2@group-DA71E2CFFE55-LeaderElection2] INFO  server.RaftServer$Division (RaftServerImpl.java:setRole(325)) - s2@group-DA71E2CFFE55: changes role from CANDIDATE to LEADER at term 1 for changeToLeader
2022-11-12 05:49:19,196 [s2@group-DA71E2CFFE55-LeaderElection2] INFO  server.RaftServer$Division (ServerState.java:setLeader(260)) - s2@group-DA71E2CFFE55: change Leader from null to s2 at term 1 for becomeLeader, leader elected after 1016ms
2022-11-12 05:49:19,200 [grpc-default-executor-5] INFO  server.RaftServer$Division (RaftServerImpl.java:requestVote(1294)) - s1@group-DA71E2CFFE55: receive requestVote(ELECTION, s0, group-DA71E2CFFE55, 1, (t:0, i:0))
2022-11-12 05:49:19,200 [grpc-default-executor-5] INFO  impl.VoteContext (VoteContext.java:log(49)) - s1@group-DA71E2CFFE55-FOLLOWER: reject ELECTION from s0: already has voted for s2 at current term 1
2022-11-12 05:49:19,200 [grpc-default-executor-5] INFO  server.RaftServer$Division (RaftServerImpl.java:requestVote(1327)) - s1@group-DA71E2CFFE55 replies to ELECTION vote request: s0<-s1#0:FAIL-t1. Peer's state: s1@group-DA71E2CFFE55:t1, leader=null, voted=s2, raftlog=Memoized:s1@group-DA71E2CFFE55-SegmentedRaftLog:OPENED:c-1, conf=-1: peers:[s0|rpc:localhost:45219|admin:localhost:43529|client:localhost:40417|dataStream:localhost:40843|priority:0|startupRole:FOLLOWER, s1|rpc:localhost:42087|admin:localhost:41703|client:localhost:46499|dataStream:localhost:38341|priority:0|startupRole:FOLLOWER, s2|rpc:localhost:37771|admin:localhost:39593|client:localhost:37245|dataStream:localhost:39517|priority:0|startupRole:FOLLOWER]|listeners:[], old=null
2022-11-12 05:49:19,201 [s2@group-DA71E2CFFE55-LeaderElection2] INFO  server.RaftServerConfigKeys (ConfUtils.java:logGet(46)) - raft.server.staging.catchup.gap = 1000 (default)
2022-11-12 05:49:19,202 [s0@group-DA71E2CFFE55-LeaderElection3] INFO  impl.LeaderElection (LeaderElection.java:logAndReturn(89)) - s0@group-DA71E2CFFE55-LeaderElection3: ELECTION REJECTED received 2 response(s) and 0 exception(s):
2022-11-12 05:49:19,202 [s0@group-DA71E2CFFE55-LeaderElection3] INFO  impl.LeaderElection (LeaderElection.java:logAndReturn(93)) -   Response 0: s0<-s1#0:FAIL-t1
2022-11-12 05:49:19,202 [s0@group-DA71E2CFFE55-LeaderElection3] INFO  impl.LeaderElection (LeaderElection.java:logAndReturn(93)) -   Response 1: s0<-s2#0:FAIL-t1
2022-11-12 05:49:19,202 [s0@group-DA71E2CFFE55-LeaderElection3] INFO  impl.LeaderElection (LeaderElection.java:askForVotes(311)) - s0@group-DA71E2CFFE55-LeaderElection3 ELECTION round 0: result REJECTED
2022-11-12 05:49:19,206 [s0@group-DA71E2CFFE55-LeaderElection3] INFO  server.RaftServer$Division (RaftServerImpl.java:setRole(325)) - s0@group-DA71E2CFFE55: changes role from CANDIDATE to FOLLOWER at term 1 for REJECTED
2022-11-12 05:49:19,206 [s0@group-DA71E2CFFE55-LeaderElection3] INFO  impl.RoleInfo (RoleInfo.java:shutdownLeaderElection(130)) - s0: shutdown s0@group-DA71E2CFFE55-LeaderElection3
2022-11-12 05:49:19,206 [s0@group-DA71E2CFFE55-LeaderElection3] INFO  impl.RoleInfo (RoleInfo.java:updateAndGet(139)) - s0: start s0@group-DA71E2CFFE55-FollowerState
2022-11-12 05:49:19,208 [s0@group-DA71E2CFFE55-FollowerState] INFO  server.RaftServerConfigKeys (ConfUtils.java:logFallback(53)) - raft.server.rpc.first-election.timeout.min = 150ms (fallback to raft.server.rpc.timeout.min)
2022-11-12 05:49:19,208 [s0@group-DA71E2CFFE55-FollowerState] INFO  server.RaftServerConfigKeys (ConfUtils.java:logFallback(53)) - raft.server.rpc.first-election.timeout.max = 300ms (fallback to raft.server.rpc.timeout.max)
2022-11-12 05:49:19,210 [s2@group-DA71E2CFFE55-LeaderElection2] INFO  server.RaftServerConfigKeys (ConfUtils.java:logGet(46)) - raft.server.write.element-limit = 4096 (default)
2022-11-12 05:49:19,211 [s2@group-DA71E2CFFE55-LeaderElection2] INFO  server.RaftServerConfigKeys (ConfUtils.java:logGet(46)) - raft.server.write.byte-limit = 64MB (=67108864) (default)
2022-11-12 05:49:19,213 [s2@group-DA71E2CFFE55-LeaderElection2] INFO  server.RaftServerConfigKeys (ConfUtils.java:logGet(46)) - raft.server.watch.timeout = 10s (default)
2022-11-12 05:49:19,213 [s2@group-DA71E2CFFE55-LeaderElection2] INFO  server.RaftServerConfigKeys (ConfUtils.java:logGet(46)) - raft.server.watch.timeout.denomination = 1s (default)
2022-11-12 05:49:19,214 [s2@group-DA71E2CFFE55-LeaderElection2] INFO  server.RaftServerConfigKeys (ConfUtils.java:logGet(46)) - raft.server.watch.element-limit = 65536 (default)
2022-11-12 05:49:19,218 [s2@group-DA71E2CFFE55-LeaderElection2] INFO  server.RaftServerConfigKeys (ConfUtils.java:logGet(46)) - raft.server.write.element-limit = 4096 (default)
2022-11-12 05:49:19,219 [s2@group-DA71E2CFFE55-LeaderElection2] INFO  server.RaftServerConfigKeys (ConfUtils.java:logGet(46)) - raft.server.write.follower.gap.ratio.max = -1.0 (default)
2022-11-12 05:49:19,227 [s2@group-DA71E2CFFE55-LeaderElection2] INFO  server.RaftServerConfigKeys (ConfUtils.java:logGet(46)) - raft.server.log.appender.snapshot.chunk.size.max = 16MB (=16777216) (default)
2022-11-12 05:49:19,227 [s2@group-DA71E2CFFE55-LeaderElection2] INFO  server.RaftServerConfigKeys (ConfUtils.java:logGet(46)) - raft.server.log.appender.buffer.byte-limit = 4MB (=4194304) (default)
2022-11-12 05:49:19,227 [s2@group-DA71E2CFFE55-LeaderElection2] INFO  server.RaftServerConfigKeys (ConfUtils.java:logGet(46)) - raft.server.log.appender.buffer.element-limit = 0 (default)
2022-11-12 05:49:19,229 [s2@group-DA71E2CFFE55-LeaderElection2] INFO  grpc.GrpcConfigKeys (ConfUtils.java:logGet(46)) - raft.grpc.server.leader.outstanding.appends.max = 128 (default)
2022-11-12 05:49:19,235 [s2@group-DA71E2CFFE55-LeaderElection2] INFO  server.RaftServerConfigKeys (ConfUtils.java:logGet(46)) - raft.server.rpc.request.timeout = 3000ms (default)
2022-11-12 05:49:19,235 [s2@group-DA71E2CFFE55-LeaderElection2] INFO  server.RaftServerConfigKeys (ConfUtils.java:logGet(46)) - raft.server.log.appender.install.snapshot.enabled = true (default)
2022-11-12 05:49:19,235 [s2@group-DA71E2CFFE55-LeaderElection2] INFO  grpc.GrpcConfigKeys (ConfUtils.java:logGet(46)) - raft.grpc.server.heartbeat.channel = false (custom)
2022-11-12 05:49:19,235 [s2@group-DA71E2CFFE55-LeaderElection2] INFO  server.RaftServerConfigKeys (ConfUtils.java:logGet(46)) - raft.server.log.appender.wait-time.min = 10ms (default)
2022-11-12 05:49:19,237 [s2@group-DA71E2CFFE55-LeaderElection2] INFO  server.RaftServerConfigKeys (ConfUtils.java:logGet(46)) - raft.server.log.appender.snapshot.chunk.size.max = 16MB (=16777216) (default)
2022-11-12 05:49:19,237 [s2@group-DA71E2CFFE55-LeaderElection2] INFO  server.RaftServerConfigKeys (ConfUtils.java:logGet(46)) - raft.server.log.appender.buffer.byte-limit = 4MB (=4194304) (default)
2022-11-12 05:49:19,237 [s2@group-DA71E2CFFE55-LeaderElection2] INFO  server.RaftServerConfigKeys (ConfUtils.java:logGet(46)) - raft.server.log.appender.buffer.element-limit = 0 (default)
2022-11-12 05:49:19,237 [s2@group-DA71E2CFFE55-LeaderElection2] INFO  grpc.GrpcConfigKeys (ConfUtils.java:logGet(46)) - raft.grpc.server.leader.outstanding.appends.max = 128 (default)
2022-11-12 05:49:19,237 [s2@group-DA71E2CFFE55-LeaderElection2] INFO  server.RaftServerConfigKeys (ConfUtils.java:logGet(46)) - raft.server.rpc.request.timeout = 3000ms (default)
2022-11-12 05:49:19,237 [s2@group-DA71E2CFFE55-LeaderElection2] INFO  server.RaftServerConfigKeys (ConfUtils.java:logGet(46)) - raft.server.log.appender.install.snapshot.enabled = true (default)
2022-11-12 05:49:19,237 [s2@group-DA71E2CFFE55-LeaderElection2] INFO  grpc.GrpcConfigKeys (ConfUtils.java:logGet(46)) - raft.grpc.server.heartbeat.channel = false (custom)
2022-11-12 05:49:19,237 [s2@group-DA71E2CFFE55-LeaderElection2] INFO  server.RaftServerConfigKeys (ConfUtils.java:logGet(46)) - raft.server.log.appender.wait-time.min = 10ms (default)
2022-11-12 05:49:19,239 [s2@group-DA71E2CFFE55-LeaderElection2] INFO  impl.RoleInfo (RoleInfo.java:updateAndGet(139)) - s2: start s2@group-DA71E2CFFE55-LeaderStateImpl
2022-11-12 05:49:19,253 [s2@group-DA71E2CFFE55-LeaderElection2] INFO  segmented.SegmentedRaftLogWorker (SegmentedRaftLogWorker.java:startLogSegment(431)) - s2@group-DA71E2CFFE55-SegmentedRaftLogWorker: Starting segment from index:0
2022-11-12 05:49:19,283 [s2@group-DA71E2CFFE55-LeaderElection2] INFO  server.RaftServer$Division (ServerState.java:setRaftConf(377)) - s2@group-DA71E2CFFE55: set configuration 0: peers:[s0|rpc:localhost:45219|admin:localhost:43529|client:localhost:40417|dataStream:localhost:40843|priority:0|startupRole:FOLLOWER, s1|rpc:localhost:42087|admin:localhost:41703|client:localhost:46499|dataStream:localhost:38341|priority:0|startupRole:FOLLOWER, s2|rpc:localhost:37771|admin:localhost:39593|client:localhost:37245|dataStream:localhost:39517|priority:0|startupRole:FOLLOWER]|listeners:[], old=null
2022-11-12 05:49:19,322 [s0-server-thread1] INFO  server.RaftServer$Division (ServerState.java:setLeader(260)) - s0@group-DA71E2CFFE55: change Leader from null to s2 at term 1 for appendEntries, leader elected after 1142ms
2022-11-12 05:49:19,325 [s1-server-thread1] INFO  server.RaftServer$Division (ServerState.java:setLeader(260)) - s1@group-DA71E2CFFE55: change Leader from null to s2 at term 1 for appendEntries, leader elected after 1145ms
2022-11-12 05:49:19,370 [s1-server-thread1] INFO  server.RaftServer$Division (ServerState.java:setRaftConf(377)) - s1@group-DA71E2CFFE55: set configuration 0: peers:[s0|rpc:localhost:45219|admin:localhost:43529|client:localhost:40417|dataStream:localhost:40843|priority:0|startupRole:FOLLOWER, s1|rpc:localhost:42087|admin:localhost:41703|client:localhost:46499|dataStream:localhost:38341|priority:0|startupRole:FOLLOWER, s2|rpc:localhost:37771|admin:localhost:39593|client:localhost:37245|dataStream:localhost:39517|priority:0|startupRole:FOLLOWER]|listeners:[], old=null
2022-11-12 05:49:19,371 [s1-server-thread1] INFO  segmented.SegmentedRaftLogWorker (SegmentedRaftLogWorker.java:startLogSegment(431)) - s1@group-DA71E2CFFE55-SegmentedRaftLogWorker: Starting segment from index:0
2022-11-12 05:49:19,372 [s0-server-thread1] INFO  server.RaftServer$Division (ServerState.java:setRaftConf(377)) - s0@group-DA71E2CFFE55: set configuration 0: peers:[s0|rpc:localhost:45219|admin:localhost:43529|client:localhost:40417|dataStream:localhost:40843|priority:0|startupRole:FOLLOWER, s1|rpc:localhost:42087|admin:localhost:41703|client:localhost:46499|dataStream:localhost:38341|priority:0|startupRole:FOLLOWER, s2|rpc:localhost:37771|admin:localhost:39593|client:localhost:37245|dataStream:localhost:39517|priority:0|startupRole:FOLLOWER]|listeners:[], old=null
2022-11-12 05:49:19,372 [s0-server-thread1] INFO  segmented.SegmentedRaftLogWorker (SegmentedRaftLogWorker.java:startLogSegment(431)) - s0@group-DA71E2CFFE55-SegmentedRaftLogWorker: Starting segment from index:0
2022-11-12 05:49:19,415 [s2@group-DA71E2CFFE55-SegmentedRaftLogWorker] INFO  segmented.SegmentedRaftLogWorker (SegmentedRaftLogWorker.java:execute(635)) - s2@group-DA71E2CFFE55-SegmentedRaftLogWorker: created new log segment /home/runner/work/ratis/ratis/ratis-test/target/test/data/976b176f/MiniRaftClusterWithGrpca966a5db/s2/6fcdd702-f6a2-462a-867f-da71e2cffe55/current/log_inprogress_0
2022-11-12 05:49:19,415 [s1@group-DA71E2CFFE55-SegmentedRaftLogWorker] INFO  segmented.SegmentedRaftLogWorker (SegmentedRaftLogWorker.java:execute(635)) - s1@group-DA71E2CFFE55-SegmentedRaftLogWorker: created new log segment /home/runner/work/ratis/ratis/ratis-test/target/test/data/976b176f/MiniRaftClusterWithGrpca966a5db/s1/6fcdd702-f6a2-462a-867f-da71e2cffe55/current/log_inprogress_0
2022-11-12 05:49:19,415 [s0@group-DA71E2CFFE55-SegmentedRaftLogWorker] INFO  segmented.SegmentedRaftLogWorker (SegmentedRaftLogWorker.java:execute(635)) - s0@group-DA71E2CFFE55-SegmentedRaftLogWorker: created new log segment /home/runner/work/ratis/ratis/ratis-test/target/test/data/976b176f/MiniRaftClusterWithGrpca966a5db/s0/6fcdd702-f6a2-462a-867f-da71e2cffe55/current/log_inprogress_0
2022-11-12 05:49:19,481 [Time-limited test] INFO  ratis.RaftTestUtil (RaftTestUtil.java:waitForLeader(119)) - printing ALL groups
  s0:  RUNNING  FOLLOWER s0@group-DA71E2CFFE55:t1, leader=s2, voted=s0, raftlog=Memoized:s0@group-DA71E2CFFE55-SegmentedRaftLog:OPENED:c-1, conf=0: peers:[s0|rpc:localhost:45219|admin:localhost:43529|client:localhost:40417|dataStream:localhost:40843|priority:0|startupRole:FOLLOWER, s1|rpc:localhost:42087|admin:localhost:41703|client:localhost:46499|dataStream:localhost:38341|priority:0|startupRole:FOLLOWER, s2|rpc:localhost:37771|admin:localhost:39593|client:localhost:37245|dataStream:localhost:39517|priority:0|startupRole:FOLLOWER]|listeners:[], old=null RUNNING
  s1:  RUNNING  FOLLOWER s1@group-DA71E2CFFE55:t1, leader=s2, voted=s2, raftlog=Memoized:s1@group-DA71E2CFFE55-SegmentedRaftLog:OPENED:c-1, conf=0: peers:[s0|rpc:localhost:45219|admin:localhost:43529|client:localhost:40417|dataStream:localhost:40843|priority:0|startupRole:FOLLOWER, s1|rpc:localhost:42087|admin:localhost:41703|client:localhost:46499|dataStream:localhost:38341|priority:0|startupRole:FOLLOWER, s2|rpc:localhost:37771|admin:localhost:39593|client:localhost:37245|dataStream:localhost:39517|priority:0|startupRole:FOLLOWER]|listeners:[], old=null RUNNING
  s2:  RUNNING    LEADER s2@group-DA71E2CFFE55:t1, leader=s2, voted=s2, raftlog=Memoized:s2@group-DA71E2CFFE55-SegmentedRaftLog:OPENED:c0, conf=0: peers:[s0|rpc:localhost:45219|admin:localhost:43529|client:localhost:40417|dataStream:localhost:40843|priority:0|startupRole:FOLLOWER, s1|rpc:localhost:42087|admin:localhost:41703|client:localhost:46499|dataStream:localhost:38341|priority:0|startupRole:FOLLOWER, s2|rpc:localhost:37771|admin:localhost:39593|client:localhost:37245|dataStream:localhost:39517|priority:0|startupRole:FOLLOWER]|listeners:[], old=null RUNNING
2022-11-12 05:49:19,519 [Time-limited test] DEBUG client.GrpcClientProtocolClient (ConfUtils.java:logGet(46)) - raft.grpc.flow.control.window = 1MB (=1048576) (default)
2022-11-12 05:49:19,519 [Time-limited test] DEBUG client.GrpcClientProtocolClient (ConfUtils.java:logGet(46)) - raft.grpc.message.size.max = 64MB (=67108864) (default)
2022-11-12 05:49:19,587 [grpc-default-executor-2] TRACE client.GrpcClientProtocolClient (GrpcClientProtocolClient.java:onNext(321)) - client-01A844ABB57B->s0: receive RaftClientReply:client-01A844ABB57B->s0@group-DA71E2CFFE55, cid=0, FAILED org.apache.ratis.protocol.exceptions.NotLeaderException: Server s0@group-DA71E2CFFE55 is not the leader s2|rpc:localhost:37771|admin:localhost:39593|client:localhost:37245|dataStream:localhost:39517|priority:0|startupRole:FOLLOWER, logIndex=0, commits[s0:c0, s1:c-1, s2:c0]
2022-11-12 05:49:19,609 [timer2] DEBUG client.GrpcClientProtocolClient (ConfUtils.java:logGet(46)) - raft.grpc.flow.control.window = 1MB (=1048576) (default)
2022-11-12 05:49:19,610 [timer2] DEBUG client.GrpcClientProtocolClient (ConfUtils.java:logGet(46)) - raft.grpc.message.size.max = 64MB (=67108864) (default)
2022-11-12 05:49:19,628 [grpc-default-executor-2] TRACE client.GrpcClientProtocolClient (GrpcClientProtocolClient.java:onNext(321)) - client-01A844ABB57B->s2: receive RaftClientReply:client-01A844ABB57B->s2@group-DA71E2CFFE55, cid=0, SUCCESS, logIndex=0, commits[s2:c0, s0:c0, s1:c0]
2022-11-12 05:49:19,651 [s2@group-DA71E2CFFE55-StateMachineUpdater] INFO  impl.SimpleStateMachine4Testing (SimpleStateMachine4Testing.java:put(205)) - s2: put 1, testing -> (t:1, i:1), STATEMACHINELOGENTRY, 1@client-01A844ABB57B
2022-11-12 05:49:19,656 [s0@group-DA71E2CFFE55-StateMachineUpdater] INFO  impl.SimpleStateMachine4Testing (SimpleStateMachine4Testing.java:put(205)) - s0: put 1, testing -> (t:1, i:1), STATEMACHINELOGENTRY, 1@client-01A844ABB57B
2022-11-12 05:49:19,657 [grpc-default-executor-0] TRACE client.GrpcClientProtocolClient (GrpcClientProtocolClient.java:onNext(321)) - client-01A844ABB57B->s2: receive RaftClientReply:client-01A844ABB57B->s2@group-DA71E2CFFE55, cid=1, SUCCESS, logIndex=1, commits[s2:c1, s0:c0, s1:c0]
2022-11-12 05:49:19,659 [s1@group-DA71E2CFFE55-StateMachineUpdater] INFO  impl.SimpleStateMachine4Testing (SimpleStateMachine4Testing.java:put(205)) - s1: put 1, testing -> (t:1, i:1), STATEMACHINELOGENTRY, 1@client-01A844ABB57B
2022-11-12 05:49:19,667 [Time-limited test] INFO  impl.MiniRaftCluster (MiniRaftCluster.java:shutdown(831)) - ************************************************************** 
2022-11-12 05:49:19,667 [Time-limited test] INFO  impl.MiniRaftCluster (MiniRaftCluster.java:shutdown(832)) - *** 
2022-11-12 05:49:19,667 [Time-limited test] INFO  impl.MiniRaftCluster (MiniRaftCluster.java:shutdown(833)) - ***     Stopping MiniRaftClusterWithGrpc
2022-11-12 05:49:19,667 [Time-limited test] INFO  impl.MiniRaftCluster (MiniRaftCluster.java:shutdown(834)) - *** 
2022-11-12 05:49:19,667 [Time-limited test] INFO  impl.MiniRaftCluster (MiniRaftCluster.java:shutdown(835)) - ************************************************************** 
2022-11-12 05:49:19,667 [Time-limited test] INFO  impl.MiniRaftCluster (MiniRaftCluster.java:shutdown(836)) - printing ALL groups
  s0:  RUNNING  FOLLOWER s0@group-DA71E2CFFE55:t1, leader=s2, voted=s0, raftlog=Memoized:s0@group-DA71E2CFFE55-SegmentedRaftLog:OPENED:c1, conf=0: peers:[s0|rpc:localhost:45219|admin:localhost:43529|client:localhost:40417|dataStream:localhost:40843|priority:0|startupRole:FOLLOWER, s1|rpc:localhost:42087|admin:localhost:41703|client:localhost:46499|dataStream:localhost:38341|priority:0|startupRole:FOLLOWER, s2|rpc:localhost:37771|admin:localhost:39593|client:localhost:37245|dataStream:localhost:39517|priority:0|startupRole:FOLLOWER]|listeners:[], old=null RUNNING
  s1:  RUNNING  FOLLOWER s1@group-DA71E2CFFE55:t1, leader=s2, voted=s2, raftlog=Memoized:s1@group-DA71E2CFFE55-SegmentedRaftLog:OPENED:c1, conf=0: peers:[s0|rpc:localhost:45219|admin:localhost:43529|client:localhost:40417|dataStream:localhost:40843|priority:0|startupRole:FOLLOWER, s1|rpc:localhost:42087|admin:localhost:41703|client:localhost:46499|dataStream:localhost:38341|priority:0|startupRole:FOLLOWER, s2|rpc:localhost:37771|admin:localhost:39593|client:localhost:37245|dataStream:localhost:39517|priority:0|startupRole:FOLLOWER]|listeners:[], old=null RUNNING
  s2:  RUNNING    LEADER s2@group-DA71E2CFFE55:t1, leader=s2, voted=s2, raftlog=Memoized:s2@group-DA71E2CFFE55-SegmentedRaftLog:OPENED:c2, conf=0: peers:[s0|rpc:localhost:45219|admin:localhost:43529|client:localhost:40417|dataStream:localhost:40843|priority:0|startupRole:FOLLOWER, s1|rpc:localhost:42087|admin:localhost:41703|client:localhost:46499|dataStream:localhost:38341|priority:0|startupRole:FOLLOWER, s2|rpc:localhost:37771|admin:localhost:39593|client:localhost:37245|dataStream:localhost:39517|priority:0|startupRole:FOLLOWER]|listeners:[], old=null RUNNING
2022-11-12 05:49:19,669 [MiniRaftCluster-2] INFO  server.RaftServer (RaftServerProxy.java:lambda$close$7(412)) - s1: close
2022-11-12 05:49:19,669 [MiniRaftCluster-1] INFO  server.RaftServer (RaftServerProxy.java:lambda$close$7(412)) - s0: close
2022-11-12 05:49:19,674 [s0-impl-thread1] INFO  server.RaftServer$Division (RaftServerImpl.java:lambda$close$4(462)) - s0@group-DA71E2CFFE55: shutdown
2022-11-12 05:49:19,674 [MiniRaftCluster-2] INFO  server.GrpcService (GrpcService.java:closeImpl(319)) - s1: shutdown server org.apache.ratis.grpc.server.GrpcClientProtocolService now
2022-11-12 05:49:19,674 [s0-impl-thread1] INFO  util.JmxRegister (JmxRegister.java:unregister(73)) - Successfully un-registered JMX Bean with object name Ratis:service=RaftServer,group=group-DA71E2CFFE55,id=s0
2022-11-12 05:49:19,674 [s0-impl-thread1] INFO  impl.RoleInfo (RoleInfo.java:shutdownFollowerState(110)) - s0: shutdown s0@group-DA71E2CFFE55-FollowerState
2022-11-12 05:49:19,674 [s0-impl-thread1] INFO  impl.StateMachineUpdater (StateMachineUpdater.java:stopAndJoin(154)) - s0@group-DA71E2CFFE55-StateMachineUpdater: set stopIndex = 1
2022-11-12 05:49:19,674 [s1-impl-thread1] INFO  server.RaftServer$Division (RaftServerImpl.java:lambda$close$4(462)) - s1@group-DA71E2CFFE55: shutdown
2022-11-12 05:49:19,674 [s1-impl-thread1] INFO  util.JmxRegister (JmxRegister.java:unregister(73)) - Successfully un-registered JMX Bean with object name Ratis:service=RaftServer,group=group-DA71E2CFFE55,id=s1
2022-11-12 05:49:19,674 [s1-impl-thread1] INFO  impl.RoleInfo (RoleInfo.java:shutdownFollowerState(110)) - s1: shutdown s1@group-DA71E2CFFE55-FollowerState
2022-11-12 05:49:19,675 [MiniRaftCluster-3] INFO  server.RaftServer (RaftServerProxy.java:lambda$close$7(412)) - s2: close
2022-11-12 05:49:19,675 [s0@group-DA71E2CFFE55-FollowerState] INFO  impl.FollowerState (FollowerState.java:run(152)) - s0@group-DA71E2CFFE55-FollowerState was interrupted
2022-11-12 05:49:19,675 [s1@group-DA71E2CFFE55-FollowerState] INFO  impl.FollowerState (FollowerState.java:run(152)) - s1@group-DA71E2CFFE55-FollowerState was interrupted
2022-11-12 05:49:19,676 [s0-impl-thread1] INFO  server.RaftServer$Division (ServerState.java:close(413)) - s0@group-DA71E2CFFE55: applyIndex: 1
2022-11-12 05:49:19,677 [s0@group-DA71E2CFFE55-SegmentedRaftLogWorker] INFO  segmented.SegmentedRaftLogWorker (SegmentedRaftLogWorker.java:run(333)) - s0@group-DA71E2CFFE55-SegmentedRaftLogWorker was interrupted, exiting. There are 0 tasks remaining in the queue.
2022-11-12 05:49:19,675 [MiniRaftCluster-1] INFO  server.GrpcService (GrpcService.java:closeImpl(319)) - s0: shutdown server org.apache.ratis.grpc.server.GrpcClientProtocolService now
2022-11-12 05:49:19,675 [s1-impl-thread1] INFO  impl.StateMachineUpdater (StateMachineUpdater.java:stopAndJoin(154)) - s1@group-DA71E2CFFE55-StateMachineUpdater: set stopIndex = 1
2022-11-12 05:49:19,680 [s1-impl-thread1] INFO  server.RaftServer$Division (ServerState.java:close(413)) - s1@group-DA71E2CFFE55: applyIndex: 1
2022-11-12 05:49:19,680 [s1@group-DA71E2CFFE55-SegmentedRaftLogWorker] INFO  segmented.SegmentedRaftLogWorker (SegmentedRaftLogWorker.java:run(333)) - s1@group-DA71E2CFFE55-SegmentedRaftLogWorker was interrupted, exiting. There are 0 tasks remaining in the queue.
2022-11-12 05:49:19,681 [s2-impl-thread1] INFO  server.RaftServer$Division (RaftServerImpl.java:lambda$close$4(462)) - s2@group-DA71E2CFFE55: shutdown
2022-11-12 05:49:19,681 [s2-impl-thread1] INFO  util.JmxRegister (JmxRegister.java:unregister(73)) - Successfully un-registered JMX Bean with object name Ratis:service=RaftServer,group=group-DA71E2CFFE55,id=s2
2022-11-12 05:49:19,681 [s2-impl-thread1] INFO  impl.RoleInfo (RoleInfo.java:shutdownLeaderState(93)) - s2: shutdown s2@group-DA71E2CFFE55-LeaderStateImpl
2022-11-12 05:49:19,681 [s2@group-DA71E2CFFE55->s0-GrpcLogAppender-LogAppenderDaemon] WARN  server.GrpcLogAppender (GrpcLogAppender.java:mayWait(199)) - s2@group-DA71E2CFFE55->s0-GrpcLogAppender: Wait interrupted by java.lang.InterruptedException
2022-11-12 05:49:19,681 [s2-impl-thread1] INFO  impl.PendingRequests (PendingRequests.java:sendNotLeaderResponses(282)) - s2@group-DA71E2CFFE55-PendingRequests: sendNotLeaderResponses
2022-11-12 05:49:19,682 [MiniRaftCluster-3] INFO  server.GrpcService (GrpcService.java:closeImpl(319)) - s2: shutdown server org.apache.ratis.grpc.server.GrpcClientProtocolService now
2022-11-12 05:49:19,683 [grpc-default-executor-5] INFO  server.GrpcServerProtocolService (GrpcServerProtocolService.java:onCompleted(143)) - s0: Completed APPEND_ENTRIES, lastRequest: s2->s0#14-t1,previous=(t:1, i:1),leaderCommit=1,initializing? true,entries: size=1, first=(t:1, i:2), METADATAENTRY(c:1)
2022-11-12 05:49:19,685 [s1-impl-thread1] INFO  segmented.SegmentedRaftLogWorker (SegmentedRaftLogWorker.java:close(246)) - s1@group-DA71E2CFFE55-SegmentedRaftLogWorker close()
2022-11-12 05:49:19,684 [grpc-default-executor-2] INFO  server.GrpcLogAppender (GrpcLogAppender.java:onCompleted(413)) - s2@group-DA71E2CFFE55->s0-AppendLogResponseHandler: follower responses appendEntries COMPLETED
2022-11-12 05:49:19,687 [grpc-default-executor-2] INFO  leader.FollowerInfo (FollowerInfoImpl.java:lambda$new$0(48)) - s2@group-DA71E2CFFE55->s0: nextIndex: updateUnconditionally 3 -> 2
2022-11-12 05:49:19,688 [MiniRaftCluster-2] INFO  server.GrpcServerProtocolClient (GrpcServerProtocolClient.java:close(111)) - s0 Close channels
2022-11-12 05:49:19,687 [s0-impl-thread1] INFO  segmented.SegmentedRaftLogWorker (SegmentedRaftLogWorker.java:close(246)) - s0@group-DA71E2CFFE55-SegmentedRaftLogWorker close()
2022-11-12 05:49:19,681 [s2@group-DA71E2CFFE55->s1-GrpcLogAppender-LogAppenderDaemon] WARN  server.GrpcLogAppender (GrpcLogAppender.java:mayWait(199)) - s2@group-DA71E2CFFE55->s1-GrpcLogAppender: Wait interrupted by java.lang.InterruptedException
2022-11-12 05:49:19,688 [MiniRaftCluster-1] INFO  server.GrpcServerProtocolClient (GrpcServerProtocolClient.java:close(111)) - s1 Close channels
2022-11-12 05:49:19,690 [grpc-default-executor-2] INFO  server.GrpcServerProtocolService (GrpcServerProtocolService.java:onCompleted(143)) - s1: Completed APPEND_ENTRIES, lastRequest: s2->s1#14-t1,previous=(t:1, i:1),leaderCommit=1,initializing? true,entries: size=1, first=(t:1, i:2), METADATAENTRY(c:1)
2022-11-12 05:49:19,691 [ForkJoinPool.commonPool-worker-3] INFO  server.GrpcServerProtocolClient (GrpcServerProtocolClient.java:close(111)) - s0 Close channels
2022-11-12 05:49:19,693 [grpc-default-executor-2] INFO  server.GrpcLogAppender (GrpcLogAppender.java:onCompleted(413)) - s2@group-DA71E2CFFE55->s1-AppendLogResponseHandler: follower responses appendEntries COMPLETED
2022-11-12 05:49:19,693 [grpc-default-executor-2] INFO  leader.FollowerInfo (FollowerInfoImpl.java:lambda$new$0(48)) - s2@group-DA71E2CFFE55->s1: nextIndex: updateUnconditionally 3 -> 2
2022-11-12 05:49:19,694 [MiniRaftCluster-2] INFO  server.GrpcServerProtocolClient (GrpcServerProtocolClient.java:close(111)) - s2 Close channels
2022-11-12 05:49:19,695 [s2-impl-thread1] INFO  impl.StateMachineUpdater (StateMachineUpdater.java:stopAndJoin(154)) - s2@group-DA71E2CFFE55-StateMachineUpdater: set stopIndex = 2
2022-11-12 05:49:19,696 [ForkJoinPool.commonPool-worker-3] INFO  server.GrpcServerProtocolClient (GrpcServerProtocolClient.java:close(111)) - s1 Close channels
2022-11-12 05:49:19,696 [MiniRaftCluster-1] INFO  server.GrpcServerProtocolClient (GrpcServerProtocolClient.java:close(111)) - s2 Close channels
2022-11-12 05:49:19,696 [s2-impl-thread1] INFO  server.RaftServer$Division (ServerState.java:close(413)) - s2@group-DA71E2CFFE55: applyIndex: 2
2022-11-12 05:49:19,696 [MiniRaftCluster-3] INFO  server.GrpcService (GrpcService.java:closeImpl(328)) - s2: shutdown server org.apache.ratis.grpc.server.GrpcClientProtocolService successfully
2022-11-12 05:49:19,696 [s2@group-DA71E2CFFE55-SegmentedRaftLogWorker] INFO  segmented.SegmentedRaftLogWorker (SegmentedRaftLogWorker.java:run(333)) - s2@group-DA71E2CFFE55-SegmentedRaftLogWorker was interrupted, exiting. There are 0 tasks remaining in the queue.
2022-11-12 05:49:19,696 [MiniRaftCluster-3] INFO  server.GrpcService (GrpcService.java:closeImpl(319)) - s2: shutdown server GrpcServerProtocolService now
2022-11-12 05:49:19,700 [MiniRaftCluster-3] INFO  server.GrpcService (GrpcService.java:closeImpl(328)) - s2: shutdown server GrpcServerProtocolService successfully
2022-11-12 05:49:19,701 [MiniRaftCluster-1] INFO  server.GrpcService (GrpcService.java:closeImpl(328)) - s0: shutdown server org.apache.ratis.grpc.server.GrpcClientProtocolService successfully
2022-11-12 05:49:19,701 [MiniRaftCluster-1] INFO  server.GrpcService (GrpcService.java:closeImpl(319)) - s0: shutdown server GrpcServerProtocolService now
2022-11-12 05:49:19,701 [s2-impl-thread1] INFO  segmented.SegmentedRaftLogWorker (SegmentedRaftLogWorker.java:close(246)) - s2@group-DA71E2CFFE55-SegmentedRaftLogWorker close()
2022-11-12 05:49:19,701 [MiniRaftCluster-3] INFO  server.GrpcService (GrpcService.java:closeImpl(319)) - s2: shutdown server org.apache.ratis.grpc.server.GrpcAdminProtocolService now
2022-11-12 05:49:19,702 [MiniRaftCluster-1] INFO  server.GrpcService (GrpcService.java:closeImpl(328)) - s0: shutdown server GrpcServerProtocolService successfully
2022-11-12 05:49:19,702 [MiniRaftCluster-1] INFO  server.GrpcService (GrpcService.java:closeImpl(319)) - s0: shutdown server org.apache.ratis.grpc.server.GrpcAdminProtocolService now
2022-11-12 05:49:19,702 [MiniRaftCluster-1] INFO  server.GrpcService (GrpcService.java:closeImpl(328)) - s0: shutdown server org.apache.ratis.grpc.server.GrpcAdminProtocolService successfully
2022-11-12 05:49:19,702 [MiniRaftCluster-2] INFO  server.GrpcService (GrpcService.java:closeImpl(328)) - s1: shutdown server org.apache.ratis.grpc.server.GrpcClientProtocolService successfully
2022-11-12 05:49:19,703 [JvmPauseMonitor0] INFO  util.JvmPauseMonitor (JvmPauseMonitor.java:run(111)) - JvmPauseMonitor-s0: Stopped
2022-11-12 05:49:19,703 [MiniRaftCluster-2] INFO  server.GrpcService (GrpcService.java:closeImpl(319)) - s1: shutdown server GrpcServerProtocolService now
2022-11-12 05:49:19,703 [MiniRaftCluster-3] INFO  server.GrpcService (GrpcService.java:closeImpl(328)) - s2: shutdown server org.apache.ratis.grpc.server.GrpcAdminProtocolService successfully
2022-11-12 05:49:19,704 [MiniRaftCluster-2] INFO  server.GrpcService (GrpcService.java:closeImpl(328)) - s1: shutdown server GrpcServerProtocolService successfully
2022-11-12 05:49:19,704 [MiniRaftCluster-2] INFO  server.GrpcService (GrpcService.java:closeImpl(319)) - s1: shutdown server org.apache.ratis.grpc.server.GrpcAdminProtocolService now
2022-11-12 05:49:19,705 [JvmPauseMonitor2] INFO  util.JvmPauseMonitor (JvmPauseMonitor.java:run(111)) - JvmPauseMonitor-s2: Stopped
2022-11-12 05:49:19,705 [MiniRaftCluster-2] INFO  server.GrpcService (GrpcService.java:closeImpl(328)) - s1: shutdown server org.apache.ratis.grpc.server.GrpcAdminProtocolService successfully
2022-11-12 05:49:19,706 [JvmPauseMonitor1] INFO  util.JvmPauseMonitor (JvmPauseMonitor.java:run(111)) - JvmPauseMonitor-s1: Stopped
2022-11-12 05:49:19,706 [Time-limited test] INFO  impl.MiniRaftCluster (MiniRaftCluster.java:shutdown(855)) - MiniRaftClusterWithGrpc shutdown completed
]]></system-out>
    <system-err><![CDATA[SLF4J: Class path contains multiple SLF4J bindings.
SLF4J: Found binding in [jar:file:/home/runner/.m2/repository/org/slf4j/slf4j-log4j12/1.7.29/slf4j-log4j12-1.7.29.jar!/org/slf4j/impl/StaticLoggerBinder.class]
SLF4J: Found binding in [jar:file:/home/runner/.m2/repository/org/slf4j/slf4j-simple/1.7.29/slf4j-simple-1.7.29.jar!/org/slf4j/impl/StaticLoggerBinder.class]
SLF4J: See http://www.slf4j.org/codes.html#multiple_bindings for an explanation.
SLF4J: Actual binding is of type [org.slf4j.impl.Log4jLoggerFactory]
]]></system-err>
  </testcase>
  <testcase name="testRaftServerMetrics[0]" classname="org.apache.ratis.grpc.TestRaftServerWithGrpc" time="1.158"/>
  <testcase name="testUnsupportedMethods[0]" classname="org.apache.ratis.grpc.TestRaftServerWithGrpc" time="0.495"/>
  <testcase name="testServerRestartOnException[0]" classname="org.apache.ratis.grpc.TestRaftServerWithGrpc" time="4.497"/>
  <testcase name="testLeaderRestart[0]" classname="org.apache.ratis.grpc.TestRaftServerWithGrpc" time="5.462"/>
  <testcase name="testRaftClientMetrics[1]" classname="org.apache.ratis.grpc.TestRaftServerWithGrpc" time="4.699"/>
  <testcase name="testRaftServerMetrics[1]" classname="org.apache.ratis.grpc.TestRaftServerWithGrpc" time="1.189"/>
  <testcase name="testUnsupportedMethods[1]" classname="org.apache.ratis.grpc.TestRaftServerWithGrpc" time="0.49"/>
  <testcase name="testServerRestartOnException[1]" classname="org.apache.ratis.grpc.TestRaftServerWithGrpc" time="4.491"/>
  <testcase name="testLeaderRestart[1]" classname="org.apache.ratis.grpc.TestRaftServerWithGrpc" time="5.361"/>
</testsuite>