<?xml version="1.0" encoding="UTF-8"?>
<testsuite xmlns:xsi="http://www.w3.org/2001/XMLSchema-instance" xsi:noNamespaceSchemaLocation="https://maven.apache.org/surefire/maven-surefire-plugin/xsd/surefire-test-report-3.0.xsd" version="3.0" name="org.apache.ratis.grpc.TestRaftLogTruncateWithGrpc" time="10.992" tests="1" errors="0" skipped="0" failures="1">
  <properties>
    <property name="awt.toolkit" value="sun.awt.X11.XToolkit"/>
    <property name="file.encoding.pkg" value="sun.io"/>
    <property name="java.specification.version" value="1.8"/>
    <property name="sun.cpu.isalist" value=""/>
    <property name="sun.jnu.encoding" value="UTF-8"/>
    <property name="java.class.path" value="/home/runner/work/ratis/ratis/ratis-test/target/test-classes:/home/runner/work/ratis/ratis/ratis-test/target/classes:/home/runner/work/ratis/ratis/ratis-common/target/classes:/home/runner/.m2/repository/org/apache/ratis/ratis-thirdparty-misc/1.0.8/ratis-thirdparty-misc-1.0.8.jar:/home/runner/work/ratis/ratis/ratis-proto/target/classes:/home/runner/work/ratis/ratis/ratis-common/target/test-classes:/home/runner/work/ratis/ratis/ratis-client/target/classes:/home/runner/work/ratis/ratis/ratis-server/target/classes:/home/runner/work/ratis/ratis/ratis-server-api/target/classes:/home/runner/work/ratis/ratis/ratis-metrics-api/target/classes:/home/runner/work/ratis/ratis/ratis-server/target/test-classes:/home/runner/work/ratis/ratis/ratis-metrics-default/target/classes:/home/runner/work/ratis/ratis/ratis-netty/target/classes:/home/runner/work/ratis/ratis/ratis-netty/target/test-classes:/home/runner/work/ratis/ratis/ratis-grpc/target/classes:/home/runner/work/ratis/ratis/ratis-grpc/target/test-classes:/home/runner/work/ratis/ratis/ratis-shell/target/classes:/home/runner/.m2/repository/commons-cli/commons-cli/1.5.0/commons-cli-1.5.0.jar:/home/runner/.m2/repository/org/reflections/reflections/0.10.2/reflections-0.10.2.jar:/home/runner/.m2/repository/org/javassist/javassist/3.28.0-GA/javassist-3.28.0-GA.jar:/home/runner/.m2/repository/com/google/code/findbugs/jsr305/3.0.2/jsr305-3.0.2.jar:/home/runner/.m2/repository/org/bouncycastle/bcprov-jdk18on/1.78.1/bcprov-jdk18on-1.78.1.jar:/home/runner/.m2/repository/org/bouncycastle/bcpkix-jdk18on/1.78.1/bcpkix-jdk18on-1.78.1.jar:/home/runner/.m2/repository/org/bouncycastle/bcutil-jdk18on/1.78.1/bcutil-jdk18on-1.78.1.jar:/home/runner/.m2/repository/org/slf4j/slf4j-api/2.0.7/slf4j-api-2.0.7.jar:/home/runner/.m2/repository/org/slf4j/slf4j-reload4j/2.0.7/slf4j-reload4j-2.0.7.jar:/home/runner/.m2/repository/ch/qos/reload4j/reload4j/1.2.22/reload4j-1.2.22.jar:/home/runner/.m2/repository/junit/junit/4.13.2/junit-4.13.2.jar:/home/runner/.m2/repository/org/hamcrest/hamcrest-core/1.3/hamcrest-core-1.3.jar:/home/runner/.m2/repository/org/junit/jupiter/junit-jupiter-engine/5.11.2/junit-jupiter-engine-5.11.2.jar:/home/runner/.m2/repository/org/junit/platform/junit-platform-engine/1.11.2/junit-platform-engine-1.11.2.jar:/home/runner/.m2/repository/org/apiguardian/apiguardian-api/1.1.2/apiguardian-api-1.1.2.jar:/home/runner/.m2/repository/org/junit/jupiter/junit-jupiter-api/5.11.2/junit-jupiter-api-5.11.2.jar:/home/runner/.m2/repository/org/opentest4j/opentest4j/1.3.0/opentest4j-1.3.0.jar:/home/runner/.m2/repository/org/junit/platform/junit-platform-commons/1.11.2/junit-platform-commons-1.11.2.jar:/home/runner/.m2/repository/org/junit/jupiter/junit-jupiter-params/5.11.2/junit-jupiter-params-5.11.2.jar:/home/runner/.m2/repository/org/mockito/mockito-core/4.3.1/mockito-core-4.3.1.jar:/home/runner/.m2/repository/net/bytebuddy/byte-buddy/1.12.7/byte-buddy-1.12.7.jar:/home/runner/.m2/repository/net/bytebuddy/byte-buddy-agent/1.12.7/byte-buddy-agent-1.12.7.jar:/home/runner/.m2/repository/org/objenesis/objenesis/3.2/objenesis-3.2.jar:/home/runner/work/ratis/ratis/ratis-test/target/gradle-enterprise/test-listeners.jar:"/>
    <property name="java.vm.vendor" value="Temurin"/>
    <property name="sun.arch.data.model" value="64"/>
    <property name="java.vendor.url" value="https://adoptium.net/"/>
    <property name="user.timezone" value="Etc/UTC"/>
    <property name="java.vm.specification.version" value="1.8"/>
    <property name="os.name" value="Linux"/>
    <property name="sun.java.launcher" value="SUN_STANDARD"/>
    <property name="sun.boot.library.path" value="/usr/lib/jvm/temurin-8-jdk-amd64/jre/lib/amd64"/>
    <property name="sun.java.command" value="/home/runner/work/ratis/ratis/ratis-test/target/surefire/surefirebooter1503545992532884388.jar /home/runner/work/ratis/ratis/ratis-test/target/surefire 2025-01-08T17-17-34_028-jvmRun1 surefire4778187376248924129tmp surefire_77957751531654402470tmp"/>
    <property name="surefire.test.class.path" value="/home/runner/work/ratis/ratis/ratis-test/target/test-classes:/home/runner/work/ratis/ratis/ratis-test/target/classes:/home/runner/work/ratis/ratis/ratis-common/target/classes:/home/runner/.m2/repository/org/apache/ratis/ratis-thirdparty-misc/1.0.8/ratis-thirdparty-misc-1.0.8.jar:/home/runner/work/ratis/ratis/ratis-proto/target/classes:/home/runner/work/ratis/ratis/ratis-common/target/test-classes:/home/runner/work/ratis/ratis/ratis-client/target/classes:/home/runner/work/ratis/ratis/ratis-server/target/classes:/home/runner/work/ratis/ratis/ratis-server-api/target/classes:/home/runner/work/ratis/ratis/ratis-metrics-api/target/classes:/home/runner/work/ratis/ratis/ratis-server/target/test-classes:/home/runner/work/ratis/ratis/ratis-metrics-default/target/classes:/home/runner/work/ratis/ratis/ratis-netty/target/classes:/home/runner/work/ratis/ratis/ratis-netty/target/test-classes:/home/runner/work/ratis/ratis/ratis-grpc/target/classes:/home/runner/work/ratis/ratis/ratis-grpc/target/test-classes:/home/runner/work/ratis/ratis/ratis-shell/target/classes:/home/runner/.m2/repository/commons-cli/commons-cli/1.5.0/commons-cli-1.5.0.jar:/home/runner/.m2/repository/org/reflections/reflections/0.10.2/reflections-0.10.2.jar:/home/runner/.m2/repository/org/javassist/javassist/3.28.0-GA/javassist-3.28.0-GA.jar:/home/runner/.m2/repository/com/google/code/findbugs/jsr305/3.0.2/jsr305-3.0.2.jar:/home/runner/.m2/repository/org/bouncycastle/bcprov-jdk18on/1.78.1/bcprov-jdk18on-1.78.1.jar:/home/runner/.m2/repository/org/bouncycastle/bcpkix-jdk18on/1.78.1/bcpkix-jdk18on-1.78.1.jar:/home/runner/.m2/repository/org/bouncycastle/bcutil-jdk18on/1.78.1/bcutil-jdk18on-1.78.1.jar:/home/runner/.m2/repository/org/slf4j/slf4j-api/2.0.7/slf4j-api-2.0.7.jar:/home/runner/.m2/repository/org/slf4j/slf4j-reload4j/2.0.7/slf4j-reload4j-2.0.7.jar:/home/runner/.m2/repository/ch/qos/reload4j/reload4j/1.2.22/reload4j-1.2.22.jar:/home/runner/.m2/repository/junit/junit/4.13.2/junit-4.13.2.jar:/home/runner/.m2/repository/org/hamcrest/hamcrest-core/1.3/hamcrest-core-1.3.jar:/home/runner/.m2/repository/org/junit/jupiter/junit-jupiter-engine/5.11.2/junit-jupiter-engine-5.11.2.jar:/home/runner/.m2/repository/org/junit/platform/junit-platform-engine/1.11.2/junit-platform-engine-1.11.2.jar:/home/runner/.m2/repository/org/apiguardian/apiguardian-api/1.1.2/apiguardian-api-1.1.2.jar:/home/runner/.m2/repository/org/junit/jupiter/junit-jupiter-api/5.11.2/junit-jupiter-api-5.11.2.jar:/home/runner/.m2/repository/org/opentest4j/opentest4j/1.3.0/opentest4j-1.3.0.jar:/home/runner/.m2/repository/org/junit/platform/junit-platform-commons/1.11.2/junit-platform-commons-1.11.2.jar:/home/runner/.m2/repository/org/junit/jupiter/junit-jupiter-params/5.11.2/junit-jupiter-params-5.11.2.jar:/home/runner/.m2/repository/org/mockito/mockito-core/4.3.1/mockito-core-4.3.1.jar:/home/runner/.m2/repository/net/bytebuddy/byte-buddy/1.12.7/byte-buddy-1.12.7.jar:/home/runner/.m2/repository/net/bytebuddy/byte-buddy-agent/1.12.7/byte-buddy-agent-1.12.7.jar:/home/runner/.m2/repository/org/objenesis/objenesis/3.2/objenesis-3.2.jar:/home/runner/work/ratis/ratis/ratis-test/target/gradle-enterprise/test-listeners.jar:"/>
    <property name="sun.cpu.endian" value="little"/>
    <property name="user.home" value="/home/runner"/>
    <property name="user.language" value="en"/>
    <property name="java.specification.vendor" value="Oracle Corporation"/>
    <property name="java.home" value="/usr/lib/jvm/temurin-8-jdk-amd64/jre"/>
    <property name="jacoco.skip" value="true"/>
    <property name="basedir" value="/home/runner/work/ratis/ratis/ratis-test"/>
    <property name="file.separator" value="/"/>
    <property name="line.separator" value="&#10;"/>
    <property name="java.vm.specification.vendor" value="Oracle Corporation"/>
    <property name="java.specification.name" value="Java Platform API Specification"/>
    <property name="java.awt.graphicsenv" value="sun.awt.X11GraphicsEnvironment"/>
    <property name="surefire.real.class.path" value="/home/runner/work/ratis/ratis/ratis-test/target/surefire/surefirebooter1503545992532884388.jar"/>
    <property name="sun.boot.class.path" value="/usr/lib/jvm/temurin-8-jdk-amd64/jre/lib/resources.jar:/usr/lib/jvm/temurin-8-jdk-amd64/jre/lib/rt.jar:/usr/lib/jvm/temurin-8-jdk-amd64/jre/lib/sunrsasign.jar:/usr/lib/jvm/temurin-8-jdk-amd64/jre/lib/jsse.jar:/usr/lib/jvm/temurin-8-jdk-amd64/jre/lib/jce.jar:/usr/lib/jvm/temurin-8-jdk-amd64/jre/lib/charsets.jar:/usr/lib/jvm/temurin-8-jdk-amd64/jre/lib/jfr.jar:/usr/lib/jvm/temurin-8-jdk-amd64/jre/classes"/>
    <property name="sun.management.compiler" value="HotSpot 64-Bit Tiered Compilers"/>
    <property name="java.runtime.version" value="1.8.0_432-b06"/>
    <property name="java.net.preferIPv4Stack" value="true"/>
    <property name="user.name" value="runner"/>
    <property name="path.separator" value=":"/>
    <property name="os.version" value="5.15.0-1074-azure"/>
    <property name="java.endorsed.dirs" value="/usr/lib/jvm/temurin-8-jdk-amd64/jre/lib/endorsed"/>
    <property name="java.runtime.name" value="OpenJDK Runtime Environment"/>
    <property name="com.gradle.maven.scan.extension.test.listener.junitplatform.NestedExecutionSafeDelegatingTestExecutionListener" value="6c49835d"/>
    <property name="file.encoding" value="UTF-8"/>
    <property name="java.vm.name" value="OpenJDK 64-Bit Server VM"/>
    <property name="develocity.listener.surefire.forkId" value="1"/>
    <property name="localRepository" value="/home/runner/.m2/repository"/>
    <property name="java.vendor.url.bug" value="https://github.com/adoptium/adoptium-support/issues"/>
    <property name="java.io.tmpdir" value="/tmp"/>
    <property name="java.version" value="1.8.0_432"/>
    <property name="user.dir" value="/home/runner/work/ratis/ratis/ratis-test"/>
    <property name="os.arch" value="amd64"/>
    <property name="ratis.tmp.dir" value="/home/runner/work/ratis/ratis/ratis-test/target/tmp"/>
    <property name="java.vm.specification.name" value="Java Virtual Machine Specification"/>
    <property name="java.awt.printerjob" value="sun.print.PSPrinterJob"/>
    <property name="ratis.log.dir" value="/home/runner/work/ratis/ratis/ratis-test/target/log"/>
    <property name="sun.os.patch.level" value="unknown"/>
    <property name="org.apache.ratis.thirdparty.io.netty.allocator.useCacheForAllThreads" value="false"/>
    <property name="java.library.path" value="/usr/java/packages/lib/amd64:/usr/lib64:/lib64:/lib:/usr/lib"/>
    <property name="java.vm.info" value="mixed mode"/>
    <property name="java.vendor" value="Temurin"/>
    <property name="java.vm.version" value="25.432-b06"/>
    <property name="java.specification.maintenance.version" value="6"/>
    <property name="develocity.listener.port" value="33349"/>
    <property name="java.ext.dirs" value="/usr/lib/jvm/temurin-8-jdk-amd64/jre/lib/ext:/usr/java/packages/lib/ext"/>
    <property name="sun.io.unicode.encoding" value="UnicodeLittle"/>
    <property name="develocity.listener.noTestOutputCapturing" value="true"/>
    <property name="java.class.version" value="52.0"/>
  </properties>
  <testcase name="testLogTruncate" classname="org.apache.ratis.grpc.TestRaftLogTruncateWithGrpc" time="10.866">
    <failure type="org.opentest4j.AssertionFailedError"><![CDATA[org.opentest4j.AssertionFailedError: s0 TransactionContextMap is non-empty: {} ==> expected: <true> but was: <false>
	at org.apache.ratis.RaftLogTruncateTests.assertEmptyTransactionContextMap(RaftLogTruncateTests.java:244)
	at org.apache.ratis.RaftLogTruncateTests.runTestLogTruncate(RaftLogTruncateTests.java:148)
	at org.apache.ratis.RaftLogTruncateTests.runTestLogTruncate(RaftLogTruncateTests.java:116)
	at org.apache.ratis.server.impl.MiniRaftCluster$Factory$Get.runWithNewCluster(MiniRaftCluster.java:144)
	at org.apache.ratis.server.impl.MiniRaftCluster$Factory$Get.runWithNewCluster(MiniRaftCluster.java:121)
	at org.apache.ratis.RaftLogTruncateTests.testLogTruncate(RaftLogTruncateTests.java:94)
	at java.lang.reflect.Method.invoke(Method.java:498)
	at java.util.ArrayList.forEach(ArrayList.java:1259)
	at java.util.ArrayList.forEach(ArrayList.java:1259)
]]></failure>
    <system-out><![CDATA[2025-01-08 17:19:43,620 [main] INFO  util.LogUtils (Slf4jUtils.java:setLogLevel(38)) - Successfully set org.apache.ratis.conf.ConfUtils log level to WARN
2025-01-08 17:19:43,622 [main] INFO  util.LogUtils (Slf4jUtils.java:setLogLevel(38)) - Successfully set org.apache.ratis.util.FileUtils log level to TRACE
2025-01-08 17:19:43,651 [main] INFO  util.LogUtils (Slf4jUtils.java:setLogLevel(38)) - Successfully set org.apache.ratis.server.impl.TransactionManager log level to TRACE
2025-01-08 17:19:43,653 [main] INFO  util.LogUtils (Slf4jUtils.java:setLogLevel(38)) - Successfully set org.apache.ratis.client.impl.OrderedAsync log level to ERROR
2025-01-08 17:19:43,655 [main] INFO  util.LogUtils (Slf4jUtils.java:setLogLevel(38)) - Successfully set org.apache.ratis.server.RaftServerConfigKeys log level to ERROR
2025-01-08 17:19:43,656 [main] INFO  util.LogUtils (Slf4jUtils.java:setLogLevel(38)) - Successfully set org.apache.ratis.client.RaftClientConfigKeys log level to ERROR
2025-01-08 17:19:43,656 [main] INFO  util.LogUtils (Slf4jUtils.java:setLogLevel(38)) - Successfully set org.apache.ratis.client.RaftClientConfigKeys log level to ERROR
2025-01-08 17:19:43,676 [main] INFO  util.LeakDetector (LeakDetector.java:start(124)) - Starting leak detector thread NONE0.
2025-01-08 17:19:43,683 [main] INFO  impl.MiniRaftCluster (MiniRaftCluster.java:runWithNewCluster(137)) - Running runWithNewCluster
2025-01-08 17:19:43,692 [main] INFO  impl.MiniRaftCluster (MiniRaftCluster.java:<init>(319)) - new MiniRaftClusterWithGrpc with group-5BF951A7CE3F:[s3|localhost:15012, s4|localhost:15016, s0|localhost:15000, s1|localhost:15004, s2|localhost:15008]
2025-01-08 17:19:43,693 [main] INFO  impl.MiniRaftCluster (MiniRaftCluster.java:start(352)) - .............................................................. 
2025-01-08 17:19:43,693 [main] INFO  impl.MiniRaftCluster (MiniRaftCluster.java:start(353)) - ... 
2025-01-08 17:19:43,693 [main] INFO  impl.MiniRaftCluster (MiniRaftCluster.java:start(354)) - ...     Starting MiniRaftClusterWithGrpc
2025-01-08 17:19:43,693 [main] INFO  impl.MiniRaftCluster (MiniRaftCluster.java:start(355)) - ... 
2025-01-08 17:19:43,694 [main] INFO  impl.MiniRaftCluster (MiniRaftCluster.java:start(356)) - .............................................................. 
2025-01-08 17:19:43,694 [main] INFO  impl.MiniRaftCluster (MiniRaftCluster.java:initServers(331)) - servers = {}
2025-01-08 17:19:43,696 [main] INFO  impl.MiniRaftCluster (MiniRaftCluster.java:newRaftServer(396)) - newRaftServer: s3, group-5BF951A7CE3F:[s3|localhost:15012, s4|localhost:15016, s0|localhost:15000, s1|localhost:15004, s2|localhost:15008], format? true
2025-01-08 17:19:43,698 [main] TRACE util.FileUtils (FileUtils.java:deleteFully(307)) - deleteFully target/test/data/6744b3dc/MiniRaftClusterWithGrpcca532fac/s3
2025-01-08 17:19:43,700 [main] TRACE util.FileUtils (FileUtils.java:deleteFully(320)) - deleteFully: target/test/data/6744b3dc/MiniRaftClusterWithGrpcca532fac/s3 does not exist.
2025-01-08 17:19:43,700 [main] INFO  impl.MiniRaftCluster (MiniRaftCluster.java:newRaftServer(401)) - Formatted directory target/test/data/6744b3dc/MiniRaftClusterWithGrpcca532fac/s3
2025-01-08 17:19:43,712 [main] INFO  server.RaftServer (ConfUtils.java:logGet(62)) - raft.rpc.type = GRPC (default)
2025-01-08 17:19:43,755 [main] INFO  grpc.GrpcConfigKeys (ConfUtils.java:logFallback(69)) - raft.grpc.admin.host = null (fallback to raft.grpc.server.host)
2025-01-08 17:19:43,757 [main] INFO  grpc.GrpcConfigKeys (ConfUtils.java:logGet(62)) - raft.grpc.admin.port = 15013 (custom)
2025-01-08 17:19:43,757 [main] INFO  grpc.GrpcConfigKeys (ConfUtils.java:logFallback(69)) - raft.grpc.client.host = null (fallback to raft.grpc.server.host)
2025-01-08 17:19:43,757 [main] INFO  grpc.GrpcConfigKeys (ConfUtils.java:logGet(62)) - raft.grpc.client.port = 15014 (custom)
2025-01-08 17:19:43,758 [main] INFO  grpc.GrpcConfigKeys (ConfUtils.java:logGet(62)) - raft.grpc.server.port = 15012 (custom)
2025-01-08 17:19:43,758 [main] INFO  server.GrpcServicesImpl (ConfUtils.java:logGet(62)) - raft.grpc.message.size.max = 64MB (=67108864) (default)
2025-01-08 17:19:43,759 [main] INFO  server.GrpcServicesImpl (ConfUtils.java:logGet(62)) - raft.grpc.flow.control.window = 1MB (=1048576) (default)
2025-01-08 17:19:43,770 [main] INFO  grpc.GrpcConfigKeys (ConfUtils.java:logGet(62)) - raft.grpc.server.heartbeat.channel = true (default)
2025-01-08 17:19:43,770 [main] INFO  grpc.GrpcConfigKeys (ConfUtils.java:logGet(62)) - raft.grpc.server.zerocopy.enabled = true (custom)
2025-01-08 17:19:43,819 [main] INFO  grpc.GrpcConfigKeys (ConfUtils.java:logGet(62)) - raft.grpc.server.async.request.thread.pool.cached = true (default)
2025-01-08 17:19:43,820 [main] INFO  grpc.GrpcConfigKeys (ConfUtils.java:logGet(62)) - raft.grpc.server.async.request.thread.pool.size = 32 (default)
2025-01-08 17:19:43,981 [main] INFO  impl.DataStreamServerImpl (ConfUtils.java:logGet(62)) - raft.datastream.type = DISABLED (default)
2025-01-08 17:19:43,989 [main] INFO  server.RaftServer (RaftServerProxy.java:addNew(101)) - s3: addNew group-5BF951A7CE3F:[s3|localhost:15012, s4|localhost:15016, s0|localhost:15000, s1|localhost:15004, s2|localhost:15008] returns group-5BF951A7CE3F:java.util.concurrent.CompletableFuture@44c73c26[Not completed]
2025-01-08 17:19:43,989 [main] INFO  impl.MiniRaftCluster (MiniRaftCluster.java:newRaftServer(396)) - newRaftServer: s4, group-5BF951A7CE3F:[s3|localhost:15012, s4|localhost:15016, s0|localhost:15000, s1|localhost:15004, s2|localhost:15008], format? true
2025-01-08 17:19:43,989 [main] TRACE util.FileUtils (FileUtils.java:deleteFully(307)) - deleteFully target/test/data/6744b3dc/MiniRaftClusterWithGrpcca532fac/s4
2025-01-08 17:19:43,990 [main] TRACE util.FileUtils (FileUtils.java:deleteFully(320)) - deleteFully: target/test/data/6744b3dc/MiniRaftClusterWithGrpcca532fac/s4 does not exist.
2025-01-08 17:19:43,990 [main] INFO  impl.MiniRaftCluster (MiniRaftCluster.java:newRaftServer(401)) - Formatted directory target/test/data/6744b3dc/MiniRaftClusterWithGrpcca532fac/s4
2025-01-08 17:19:43,991 [main] INFO  grpc.GrpcConfigKeys (ConfUtils.java:logFallback(69)) - raft.grpc.admin.host = null (fallback to raft.grpc.server.host)
2025-01-08 17:19:43,991 [main] INFO  grpc.GrpcConfigKeys (ConfUtils.java:logGet(62)) - raft.grpc.admin.port = 15017 (custom)
2025-01-08 17:19:43,992 [main] INFO  grpc.GrpcConfigKeys (ConfUtils.java:logFallback(69)) - raft.grpc.client.host = null (fallback to raft.grpc.server.host)
2025-01-08 17:19:43,992 [main] INFO  grpc.GrpcConfigKeys (ConfUtils.java:logGet(62)) - raft.grpc.client.port = 15018 (custom)
2025-01-08 17:19:43,992 [main] INFO  grpc.GrpcConfigKeys (ConfUtils.java:logGet(62)) - raft.grpc.server.port = 15016 (custom)
2025-01-08 17:19:43,996 [main] INFO  server.RaftServer (RaftServerProxy.java:addNew(101)) - s4: addNew group-5BF951A7CE3F:[s3|localhost:15012, s4|localhost:15016, s0|localhost:15000, s1|localhost:15004, s2|localhost:15008] returns group-5BF951A7CE3F:java.util.concurrent.CompletableFuture@2141a12[Not completed]
2025-01-08 17:19:43,996 [main] INFO  impl.MiniRaftCluster (MiniRaftCluster.java:newRaftServer(396)) - newRaftServer: s0, group-5BF951A7CE3F:[s3|localhost:15012, s4|localhost:15016, s0|localhost:15000, s1|localhost:15004, s2|localhost:15008], format? true
2025-01-08 17:19:43,997 [main] TRACE util.FileUtils (FileUtils.java:deleteFully(307)) - deleteFully target/test/data/6744b3dc/MiniRaftClusterWithGrpcca532fac/s0
2025-01-08 17:19:43,997 [main] TRACE util.FileUtils (FileUtils.java:deleteFully(320)) - deleteFully: target/test/data/6744b3dc/MiniRaftClusterWithGrpcca532fac/s0 does not exist.
2025-01-08 17:19:43,997 [main] INFO  impl.MiniRaftCluster (MiniRaftCluster.java:newRaftServer(401)) - Formatted directory target/test/data/6744b3dc/MiniRaftClusterWithGrpcca532fac/s0
2025-01-08 17:19:43,998 [main] INFO  grpc.GrpcConfigKeys (ConfUtils.java:logFallback(69)) - raft.grpc.admin.host = null (fallback to raft.grpc.server.host)
2025-01-08 17:19:43,998 [main] INFO  grpc.GrpcConfigKeys (ConfUtils.java:logGet(62)) - raft.grpc.admin.port = 15001 (custom)
2025-01-08 17:19:43,998 [main] INFO  grpc.GrpcConfigKeys (ConfUtils.java:logFallback(69)) - raft.grpc.client.host = null (fallback to raft.grpc.server.host)
2025-01-08 17:19:43,999 [main] INFO  grpc.GrpcConfigKeys (ConfUtils.java:logGet(62)) - raft.grpc.client.port = 15002 (custom)
2025-01-08 17:19:43,999 [main] INFO  grpc.GrpcConfigKeys (ConfUtils.java:logGet(62)) - raft.grpc.server.port = 15000 (custom)
2025-01-08 17:19:44,001 [s4-groupManagement] INFO  server.RaftServer$Division (RaftServerImpl.java:<init>(259)) - s4: new RaftServerImpl for group-5BF951A7CE3F:[s3|localhost:15012, s4|localhost:15016, s0|localhost:15000, s1|localhost:15004, s2|localhost:15008] with SimpleStateMachine4Testing:uninitialized
2025-01-08 17:19:44,003 [s3-groupManagement] INFO  server.RaftServer$Division (RaftServerImpl.java:<init>(259)) - s3: new RaftServerImpl for group-5BF951A7CE3F:[s3|localhost:15012, s4|localhost:15016, s0|localhost:15000, s1|localhost:15004, s2|localhost:15008] with SimpleStateMachine4Testing:uninitialized
2025-01-08 17:19:44,005 [main] INFO  server.RaftServer (RaftServerProxy.java:addNew(101)) - s0: addNew group-5BF951A7CE3F:[s3|localhost:15012, s4|localhost:15016, s0|localhost:15000, s1|localhost:15004, s2|localhost:15008] returns group-5BF951A7CE3F:java.util.concurrent.CompletableFuture@225129c[Not completed]
2025-01-08 17:19:44,005 [s0-groupManagement] INFO  server.RaftServer$Division (RaftServerImpl.java:<init>(259)) - s0: new RaftServerImpl for group-5BF951A7CE3F:[s3|localhost:15012, s4|localhost:15016, s0|localhost:15000, s1|localhost:15004, s2|localhost:15008] with SimpleStateMachine4Testing:uninitialized
2025-01-08 17:19:44,005 [main] INFO  impl.MiniRaftCluster (MiniRaftCluster.java:newRaftServer(396)) - newRaftServer: s1, group-5BF951A7CE3F:[s3|localhost:15012, s4|localhost:15016, s0|localhost:15000, s1|localhost:15004, s2|localhost:15008], format? true
2025-01-08 17:19:44,007 [main] TRACE util.FileUtils (FileUtils.java:deleteFully(307)) - deleteFully target/test/data/6744b3dc/MiniRaftClusterWithGrpcca532fac/s1
2025-01-08 17:19:44,007 [s0-groupManagement] INFO  server.RaftServer$Division (ServerState.java:<init>(114)) - s0@group-5BF951A7CE3F: ConfigurationManager, init=conf: {index: -1, cur=peers:[s3|localhost:15012, s4|localhost:15016, s0|localhost:15000, s1|localhost:15004, s2|localhost:15008]|listeners:[], old=null}, confs=<EMPTY_MAP>
2025-01-08 17:19:44,007 [s3-groupManagement] INFO  server.RaftServer$Division (ServerState.java:<init>(114)) - s3@group-5BF951A7CE3F: ConfigurationManager, init=conf: {index: -1, cur=peers:[s3|localhost:15012, s4|localhost:15016, s0|localhost:15000, s1|localhost:15004, s2|localhost:15008]|listeners:[], old=null}, confs=<EMPTY_MAP>
2025-01-08 17:19:44,007 [s4-groupManagement] INFO  server.RaftServer$Division (ServerState.java:<init>(114)) - s4@group-5BF951A7CE3F: ConfigurationManager, init=conf: {index: -1, cur=peers:[s3|localhost:15012, s4|localhost:15016, s0|localhost:15000, s1|localhost:15004, s2|localhost:15008]|listeners:[], old=null}, confs=<EMPTY_MAP>
2025-01-08 17:19:44,007 [main] TRACE util.FileUtils (FileUtils.java:deleteFully(320)) - deleteFully: target/test/data/6744b3dc/MiniRaftClusterWithGrpcca532fac/s1 does not exist.
2025-01-08 17:19:44,008 [main] INFO  impl.MiniRaftCluster (MiniRaftCluster.java:newRaftServer(401)) - Formatted directory target/test/data/6744b3dc/MiniRaftClusterWithGrpcca532fac/s1
2025-01-08 17:19:44,008 [main] INFO  grpc.GrpcConfigKeys (ConfUtils.java:logFallback(69)) - raft.grpc.admin.host = null (fallback to raft.grpc.server.host)
2025-01-08 17:19:44,008 [main] INFO  grpc.GrpcConfigKeys (ConfUtils.java:logGet(62)) - raft.grpc.admin.port = 15005 (custom)
2025-01-08 17:19:44,009 [main] INFO  grpc.GrpcConfigKeys (ConfUtils.java:logFallback(69)) - raft.grpc.client.host = null (fallback to raft.grpc.server.host)
2025-01-08 17:19:44,009 [main] INFO  grpc.GrpcConfigKeys (ConfUtils.java:logGet(62)) - raft.grpc.client.port = 15006 (custom)
2025-01-08 17:19:44,009 [main] INFO  grpc.GrpcConfigKeys (ConfUtils.java:logGet(62)) - raft.grpc.server.port = 15004 (custom)
2025-01-08 17:19:44,013 [main] INFO  server.RaftServer (RaftServerProxy.java:addNew(101)) - s1: addNew group-5BF951A7CE3F:[s3|localhost:15012, s4|localhost:15016, s0|localhost:15000, s1|localhost:15004, s2|localhost:15008] returns group-5BF951A7CE3F:java.util.concurrent.CompletableFuture@479ceda0[Not completed]
2025-01-08 17:19:44,013 [s1-groupManagement] INFO  server.RaftServer$Division (RaftServerImpl.java:<init>(259)) - s1: new RaftServerImpl for group-5BF951A7CE3F:[s3|localhost:15012, s4|localhost:15016, s0|localhost:15000, s1|localhost:15004, s2|localhost:15008] with SimpleStateMachine4Testing:uninitialized
2025-01-08 17:19:44,014 [s1-groupManagement] INFO  server.RaftServer$Division (ServerState.java:<init>(114)) - s1@group-5BF951A7CE3F: ConfigurationManager, init=conf: {index: -1, cur=peers:[s3|localhost:15012, s4|localhost:15016, s0|localhost:15000, s1|localhost:15004, s2|localhost:15008]|listeners:[], old=null}, confs=<EMPTY_MAP>
2025-01-08 17:19:44,013 [main] INFO  impl.MiniRaftCluster (MiniRaftCluster.java:newRaftServer(396)) - newRaftServer: s2, group-5BF951A7CE3F:[s3|localhost:15012, s4|localhost:15016, s0|localhost:15000, s1|localhost:15004, s2|localhost:15008], format? true
2025-01-08 17:19:44,019 [main] TRACE util.FileUtils (FileUtils.java:deleteFully(307)) - deleteFully target/test/data/6744b3dc/MiniRaftClusterWithGrpcca532fac/s2
2025-01-08 17:19:44,019 [main] TRACE util.FileUtils (FileUtils.java:deleteFully(320)) - deleteFully: target/test/data/6744b3dc/MiniRaftClusterWithGrpcca532fac/s2 does not exist.
2025-01-08 17:19:44,019 [main] INFO  impl.MiniRaftCluster (MiniRaftCluster.java:newRaftServer(401)) - Formatted directory target/test/data/6744b3dc/MiniRaftClusterWithGrpcca532fac/s2
2025-01-08 17:19:44,020 [main] INFO  grpc.GrpcConfigKeys (ConfUtils.java:logFallback(69)) - raft.grpc.admin.host = null (fallback to raft.grpc.server.host)
2025-01-08 17:19:44,020 [main] INFO  grpc.GrpcConfigKeys (ConfUtils.java:logGet(62)) - raft.grpc.admin.port = 15009 (custom)
2025-01-08 17:19:44,021 [main] INFO  grpc.GrpcConfigKeys (ConfUtils.java:logFallback(69)) - raft.grpc.client.host = null (fallback to raft.grpc.server.host)
2025-01-08 17:19:44,021 [main] INFO  grpc.GrpcConfigKeys (ConfUtils.java:logGet(62)) - raft.grpc.client.port = 15010 (custom)
2025-01-08 17:19:44,021 [main] INFO  grpc.GrpcConfigKeys (ConfUtils.java:logGet(62)) - raft.grpc.server.port = 15008 (custom)
2025-01-08 17:19:44,057 [main] INFO  server.RaftServer (RaftServerProxy.java:addNew(101)) - s2: addNew group-5BF951A7CE3F:[s3|localhost:15012, s4|localhost:15016, s0|localhost:15000, s1|localhost:15004, s2|localhost:15008] returns group-5BF951A7CE3F:java.util.concurrent.CompletableFuture@488d1cd7[Not completed]
2025-01-08 17:19:44,058 [s2-groupManagement] INFO  server.RaftServer$Division (RaftServerImpl.java:<init>(259)) - s2: new RaftServerImpl for group-5BF951A7CE3F:[s3|localhost:15012, s4|localhost:15016, s0|localhost:15000, s1|localhost:15004, s2|localhost:15008] with SimpleStateMachine4Testing:uninitialized
2025-01-08 17:19:44,058 [s2-groupManagement] INFO  server.RaftServer$Division (ServerState.java:<init>(114)) - s2@group-5BF951A7CE3F: ConfigurationManager, init=conf: {index: -1, cur=peers:[s3|localhost:15012, s4|localhost:15016, s0|localhost:15000, s1|localhost:15004, s2|localhost:15008]|listeners:[], old=null}, confs=<EMPTY_MAP>
2025-01-08 17:19:44,064 [s3-impl-thread1] INFO  storage.RaftStorageDirectory (RaftStorageDirectoryImpl.java:analyzeStorage(138)) - The storage directory /home/runner/work/ratis/ratis/ratis-test/target/test/data/6744b3dc/MiniRaftClusterWithGrpcca532fac/s3/26966047-03a3-45fa-ba35-5bf951a7ce3f does not exist. Creating ...
2025-01-08 17:19:44,065 [s3-impl-thread1] TRACE util.FileUtils (LogUtils.java:runAndLog(49)) - Successfully ran Files.createDirectories /home/runner/work/ratis/ratis/ratis-test/target/test/data/6744b3dc/MiniRaftClusterWithGrpcca532fac/s3/26966047-03a3-45fa-ba35-5bf951a7ce3f
2025-01-08 17:19:44,067 [s3-impl-thread1] INFO  storage.RaftStorageDirectory (RaftStorageDirectoryImpl.java:tryLock(229)) - Lock on /home/runner/work/ratis/ratis/ratis-test/target/test/data/6744b3dc/MiniRaftClusterWithGrpcca532fac/s3/26966047-03a3-45fa-ba35-5bf951a7ce3f/in_use.lock acquired by nodename 4082@fv-az882-797.q2gudnguzteuze5zk335zrm3jf.ex.internal.cloudapp.net
2025-01-08 17:19:44,067 [s3-impl-thread1] TRACE util.FileUtils (LogUtils.java:runAndLog(49)) - Successfully ran Files.createDirectories /home/runner/work/ratis/ratis/ratis-test/target/test/data/6744b3dc/MiniRaftClusterWithGrpcca532fac/s3/26966047-03a3-45fa-ba35-5bf951a7ce3f/current
2025-01-08 17:19:44,067 [s3-impl-thread1] TRACE util.FileUtils (LogUtils.java:runAndLog(49)) - Successfully ran Files.createDirectories /home/runner/work/ratis/ratis/ratis-test/target/test/data/6744b3dc/MiniRaftClusterWithGrpcca532fac/s3/26966047-03a3-45fa-ba35-5bf951a7ce3f/sm
2025-01-08 17:19:44,070 [s3-impl-thread1] TRACE util.FileUtils (LogUtils.java:supplyAndLog(69)) - Successfully supplied FileChannel.open /home/runner/work/ratis/ratis/ratis-test/target/test/data/6744b3dc/MiniRaftClusterWithGrpcca532fac/s3/26966047-03a3-45fa-ba35-5bf951a7ce3f/current/raft-meta.tmp with options [CREATE, WRITE]: sun.nio.ch.FileChannelImpl@57505f5f
2025-01-08 17:19:44,076 [s3-impl-thread1] TRACE util.FileUtils (LogUtils.java:runAndLog(49)) - Successfully ran Atomic Files.move /home/runner/work/ratis/ratis/ratis-test/target/test/data/6744b3dc/MiniRaftClusterWithGrpcca532fac/s3/26966047-03a3-45fa-ba35-5bf951a7ce3f/current/raft-meta.tmp to /home/runner/work/ratis/ratis/ratis-test/target/test/data/6744b3dc/MiniRaftClusterWithGrpcca532fac/s3/26966047-03a3-45fa-ba35-5bf951a7ce3f/current/raft-meta with options [REPLACE_EXISTING]
2025-01-08 17:19:44,076 [s3-impl-thread1] INFO  storage.RaftStorage (RaftStorageImpl.java:format(98)) - Storage directory /home/runner/work/ratis/ratis/ratis-test/target/test/data/6744b3dc/MiniRaftClusterWithGrpcca532fac/s3/26966047-03a3-45fa-ba35-5bf951a7ce3f has been successfully formatted.
2025-01-08 17:19:44,076 [s3-impl-thread1] INFO  impl.SimpleStateMachine4Testing (SimpleStateMachine4Testing.java:initialize(214)) - Initializing SimpleStateMachine4Testing:uninitialized
2025-01-08 17:19:44,077 [s3-impl-thread1] INFO  impl.SimpleStateMachine4Testing (SimpleStateMachine4Testing.java:loadSnapshot(298)) - Loading snapshot null
2025-01-08 17:19:44,088 [s3-impl-thread1] INFO  util.AwaitToRun (AwaitToRun.java:start(81)) - Thread[s3@group-5BF951A7CE3F-cacheEviction-AwaitToRun,5,main] started
2025-01-08 17:19:44,091 [s3-impl-thread1] INFO  segmented.SegmentedRaftLogWorker (SegmentedRaftLogWorker.java:<init>(189)) - new s3@group-5BF951A7CE3F-SegmentedRaftLogWorker for RaftStorageImpl:Storage Directory /home/runner/work/ratis/ratis/ratis-test/target/test/data/6744b3dc/MiniRaftClusterWithGrpcca532fac/s3/26966047-03a3-45fa-ba35-5bf951a7ce3f
2025-01-08 17:19:44,099 [s3-impl-thread1] INFO  segmented.SegmentedRaftLogWorker (SegmentedRaftLogWorker.java:lambda$new$0(140)) - s3@group-5BF951A7CE3F-SegmentedRaftLogWorker: flushIndex: setUnconditionally 0 -> -1
2025-01-08 17:19:44,099 [s3-impl-thread1] INFO  segmented.SegmentedRaftLogWorker (SegmentedRaftLogWorker.java:lambda$new$0(140)) - s3@group-5BF951A7CE3F-SegmentedRaftLogWorker: safeCacheEvictIndex: setUnconditionally 0 -> -1
2025-01-08 17:19:44,101 [s3-impl-thread1] INFO  server.RaftServer$Division (RaftServerImpl.java:start(396)) - s3@group-5BF951A7CE3F: start as a follower, conf=conf: {index: -1, cur=peers:[s3|localhost:15012, s4|localhost:15016, s0|localhost:15000, s1|localhost:15004, s2|localhost:15008]|listeners:[], old=null}
2025-01-08 17:19:44,101 [s3-impl-thread1] INFO  server.RaftServer$Division (RaftServerImpl.java:setRole(383)) - s3@group-5BF951A7CE3F: changes role from      null to FOLLOWER at term 0 for startAsFollower
2025-01-08 17:19:44,102 [s3-impl-thread1] INFO  impl.RoleInfo (RoleInfo.java:updateAndGet(148)) - s3: start s3@group-5BF951A7CE3F-FollowerState
2025-01-08 17:19:44,103 [s3-impl-thread1] INFO  util.JmxRegister (JmxRegister.java:tryRegister(44)) - Successfully registered JMX Bean with object name Ratis:service=RaftServer,group=group-5BF951A7CE3F,id=s3
2025-01-08 17:19:44,103 [s3-impl-thread1] INFO  util.JmxRegister (JmxRegister.java:register(58)) - register mxBean class org.apache.ratis.server.impl.RaftServerJmxAdapter as Ratis:service=RaftServer,group=group-5BF951A7CE3F,id=s3
2025-01-08 17:19:44,109 [s3-impl-thread1] INFO  server.RaftServer$Division (RaftServerImpl.java:start(410)) - s3@group-5BF951A7CE3F: Successfully started.
2025-01-08 17:19:44,109 [main] INFO  server.RaftServer (RaftServerProxy.java:startImpl(408)) - s3: start RPC server
2025-01-08 17:19:44,135 [main] INFO  server.GrpcServicesImpl (GrpcServicesImpl.java:startImpl(353)) - s3: GrpcServicesImpl started, listening on 15014
2025-01-08 17:19:44,136 [main] INFO  server.GrpcServicesImpl (GrpcServicesImpl.java:startImpl(353)) - s3: GrpcServicesImpl started, listening on 15012
2025-01-08 17:19:44,136 [main] INFO  server.GrpcServicesImpl (GrpcServicesImpl.java:startImpl(353)) - s3: GrpcServicesImpl started, listening on 15013
2025-01-08 17:19:44,138 [JvmPauseMonitor0] INFO  util.JvmPauseMonitor (JvmPauseMonitor.java:run(146)) - JvmPauseMonitor-s3: Started
2025-01-08 17:19:44,138 [s4-impl-thread1] INFO  storage.RaftStorageDirectory (RaftStorageDirectoryImpl.java:analyzeStorage(138)) - The storage directory /home/runner/work/ratis/ratis/ratis-test/target/test/data/6744b3dc/MiniRaftClusterWithGrpcca532fac/s4/26966047-03a3-45fa-ba35-5bf951a7ce3f does not exist. Creating ...
2025-01-08 17:19:44,139 [s4-impl-thread1] TRACE util.FileUtils (LogUtils.java:runAndLog(49)) - Successfully ran Files.createDirectories /home/runner/work/ratis/ratis/ratis-test/target/test/data/6744b3dc/MiniRaftClusterWithGrpcca532fac/s4/26966047-03a3-45fa-ba35-5bf951a7ce3f
2025-01-08 17:19:44,139 [s4-impl-thread1] INFO  storage.RaftStorageDirectory (RaftStorageDirectoryImpl.java:tryLock(229)) - Lock on /home/runner/work/ratis/ratis/ratis-test/target/test/data/6744b3dc/MiniRaftClusterWithGrpcca532fac/s4/26966047-03a3-45fa-ba35-5bf951a7ce3f/in_use.lock acquired by nodename 4082@fv-az882-797.q2gudnguzteuze5zk335zrm3jf.ex.internal.cloudapp.net
2025-01-08 17:19:44,140 [s4-impl-thread1] TRACE util.FileUtils (LogUtils.java:runAndLog(49)) - Successfully ran Files.createDirectories /home/runner/work/ratis/ratis/ratis-test/target/test/data/6744b3dc/MiniRaftClusterWithGrpcca532fac/s4/26966047-03a3-45fa-ba35-5bf951a7ce3f/current
2025-01-08 17:19:44,140 [s4-impl-thread1] TRACE util.FileUtils (LogUtils.java:runAndLog(49)) - Successfully ran Files.createDirectories /home/runner/work/ratis/ratis/ratis-test/target/test/data/6744b3dc/MiniRaftClusterWithGrpcca532fac/s4/26966047-03a3-45fa-ba35-5bf951a7ce3f/sm
2025-01-08 17:19:44,140 [s4-impl-thread1] TRACE util.FileUtils (LogUtils.java:supplyAndLog(69)) - Successfully supplied FileChannel.open /home/runner/work/ratis/ratis/ratis-test/target/test/data/6744b3dc/MiniRaftClusterWithGrpcca532fac/s4/26966047-03a3-45fa-ba35-5bf951a7ce3f/current/raft-meta.tmp with options [CREATE, WRITE]: sun.nio.ch.FileChannelImpl@50b222ca
2025-01-08 17:19:44,141 [s4-impl-thread1] TRACE util.FileUtils (LogUtils.java:runAndLog(49)) - Successfully ran Atomic Files.move /home/runner/work/ratis/ratis/ratis-test/target/test/data/6744b3dc/MiniRaftClusterWithGrpcca532fac/s4/26966047-03a3-45fa-ba35-5bf951a7ce3f/current/raft-meta.tmp to /home/runner/work/ratis/ratis/ratis-test/target/test/data/6744b3dc/MiniRaftClusterWithGrpcca532fac/s4/26966047-03a3-45fa-ba35-5bf951a7ce3f/current/raft-meta with options [REPLACE_EXISTING]
2025-01-08 17:19:44,142 [s4-impl-thread1] INFO  storage.RaftStorage (RaftStorageImpl.java:format(98)) - Storage directory /home/runner/work/ratis/ratis/ratis-test/target/test/data/6744b3dc/MiniRaftClusterWithGrpcca532fac/s4/26966047-03a3-45fa-ba35-5bf951a7ce3f has been successfully formatted.
2025-01-08 17:19:44,142 [s4-impl-thread1] INFO  impl.SimpleStateMachine4Testing (SimpleStateMachine4Testing.java:initialize(214)) - Initializing SimpleStateMachine4Testing:uninitialized
2025-01-08 17:19:44,142 [s4-impl-thread1] INFO  impl.SimpleStateMachine4Testing (SimpleStateMachine4Testing.java:loadSnapshot(298)) - Loading snapshot null
2025-01-08 17:19:44,144 [s4-impl-thread1] INFO  util.AwaitToRun (AwaitToRun.java:start(81)) - Thread[s4@group-5BF951A7CE3F-cacheEviction-AwaitToRun,5,main] started
2025-01-08 17:19:44,144 [s4-impl-thread1] INFO  segmented.SegmentedRaftLogWorker (SegmentedRaftLogWorker.java:<init>(189)) - new s4@group-5BF951A7CE3F-SegmentedRaftLogWorker for RaftStorageImpl:Storage Directory /home/runner/work/ratis/ratis/ratis-test/target/test/data/6744b3dc/MiniRaftClusterWithGrpcca532fac/s4/26966047-03a3-45fa-ba35-5bf951a7ce3f
2025-01-08 17:19:44,146 [s4-impl-thread1] INFO  segmented.SegmentedRaftLogWorker (SegmentedRaftLogWorker.java:lambda$new$0(140)) - s4@group-5BF951A7CE3F-SegmentedRaftLogWorker: flushIndex: setUnconditionally 0 -> -1
2025-01-08 17:19:44,146 [s4-impl-thread1] INFO  segmented.SegmentedRaftLogWorker (SegmentedRaftLogWorker.java:lambda$new$0(140)) - s4@group-5BF951A7CE3F-SegmentedRaftLogWorker: safeCacheEvictIndex: setUnconditionally 0 -> -1
2025-01-08 17:19:44,146 [s4-impl-thread1] INFO  server.RaftServer$Division (RaftServerImpl.java:start(396)) - s4@group-5BF951A7CE3F: start as a follower, conf=conf: {index: -1, cur=peers:[s3|localhost:15012, s4|localhost:15016, s0|localhost:15000, s1|localhost:15004, s2|localhost:15008]|listeners:[], old=null}
2025-01-08 17:19:44,147 [s4-impl-thread1] INFO  server.RaftServer$Division (RaftServerImpl.java:setRole(383)) - s4@group-5BF951A7CE3F: changes role from      null to FOLLOWER at term 0 for startAsFollower
2025-01-08 17:19:44,147 [s4-impl-thread1] INFO  impl.RoleInfo (RoleInfo.java:updateAndGet(148)) - s4: start s4@group-5BF951A7CE3F-FollowerState
2025-01-08 17:19:44,147 [s4-impl-thread1] INFO  util.JmxRegister (JmxRegister.java:tryRegister(44)) - Successfully registered JMX Bean with object name Ratis:service=RaftServer,group=group-5BF951A7CE3F,id=s4
2025-01-08 17:19:44,147 [s4-impl-thread1] INFO  util.JmxRegister (JmxRegister.java:register(58)) - register mxBean class org.apache.ratis.server.impl.RaftServerJmxAdapter as Ratis:service=RaftServer,group=group-5BF951A7CE3F,id=s4
2025-01-08 17:19:44,148 [s4-impl-thread1] INFO  server.RaftServer$Division (RaftServerImpl.java:start(410)) - s4@group-5BF951A7CE3F: Successfully started.
2025-01-08 17:19:44,148 [main] INFO  server.RaftServer (RaftServerProxy.java:startImpl(408)) - s4: start RPC server
2025-01-08 17:19:44,149 [main] INFO  server.GrpcServicesImpl (GrpcServicesImpl.java:startImpl(353)) - s4: GrpcServicesImpl started, listening on 15018
2025-01-08 17:19:44,149 [main] INFO  server.GrpcServicesImpl (GrpcServicesImpl.java:startImpl(353)) - s4: GrpcServicesImpl started, listening on 15016
2025-01-08 17:19:44,149 [main] INFO  server.GrpcServicesImpl (GrpcServicesImpl.java:startImpl(353)) - s4: GrpcServicesImpl started, listening on 15017
2025-01-08 17:19:44,150 [s0-impl-thread1] INFO  storage.RaftStorageDirectory (RaftStorageDirectoryImpl.java:analyzeStorage(138)) - The storage directory /home/runner/work/ratis/ratis/ratis-test/target/test/data/6744b3dc/MiniRaftClusterWithGrpcca532fac/s0/26966047-03a3-45fa-ba35-5bf951a7ce3f does not exist. Creating ...
2025-01-08 17:19:44,150 [JvmPauseMonitor1] INFO  util.JvmPauseMonitor (JvmPauseMonitor.java:run(146)) - JvmPauseMonitor-s4: Started
2025-01-08 17:19:44,151 [s0-impl-thread1] TRACE util.FileUtils (LogUtils.java:runAndLog(49)) - Successfully ran Files.createDirectories /home/runner/work/ratis/ratis/ratis-test/target/test/data/6744b3dc/MiniRaftClusterWithGrpcca532fac/s0/26966047-03a3-45fa-ba35-5bf951a7ce3f
2025-01-08 17:19:44,151 [s0-impl-thread1] INFO  storage.RaftStorageDirectory (RaftStorageDirectoryImpl.java:tryLock(229)) - Lock on /home/runner/work/ratis/ratis/ratis-test/target/test/data/6744b3dc/MiniRaftClusterWithGrpcca532fac/s0/26966047-03a3-45fa-ba35-5bf951a7ce3f/in_use.lock acquired by nodename 4082@fv-az882-797.q2gudnguzteuze5zk335zrm3jf.ex.internal.cloudapp.net
2025-01-08 17:19:44,151 [s0-impl-thread1] TRACE util.FileUtils (LogUtils.java:runAndLog(49)) - Successfully ran Files.createDirectories /home/runner/work/ratis/ratis/ratis-test/target/test/data/6744b3dc/MiniRaftClusterWithGrpcca532fac/s0/26966047-03a3-45fa-ba35-5bf951a7ce3f/current
2025-01-08 17:19:44,152 [s0-impl-thread1] TRACE util.FileUtils (LogUtils.java:runAndLog(49)) - Successfully ran Files.createDirectories /home/runner/work/ratis/ratis/ratis-test/target/test/data/6744b3dc/MiniRaftClusterWithGrpcca532fac/s0/26966047-03a3-45fa-ba35-5bf951a7ce3f/sm
2025-01-08 17:19:44,152 [s0-impl-thread1] TRACE util.FileUtils (LogUtils.java:supplyAndLog(69)) - Successfully supplied FileChannel.open /home/runner/work/ratis/ratis/ratis-test/target/test/data/6744b3dc/MiniRaftClusterWithGrpcca532fac/s0/26966047-03a3-45fa-ba35-5bf951a7ce3f/current/raft-meta.tmp with options [CREATE, WRITE]: sun.nio.ch.FileChannelImpl@6b95f929
2025-01-08 17:19:44,153 [s0-impl-thread1] TRACE util.FileUtils (LogUtils.java:runAndLog(49)) - Successfully ran Atomic Files.move /home/runner/work/ratis/ratis/ratis-test/target/test/data/6744b3dc/MiniRaftClusterWithGrpcca532fac/s0/26966047-03a3-45fa-ba35-5bf951a7ce3f/current/raft-meta.tmp to /home/runner/work/ratis/ratis/ratis-test/target/test/data/6744b3dc/MiniRaftClusterWithGrpcca532fac/s0/26966047-03a3-45fa-ba35-5bf951a7ce3f/current/raft-meta with options [REPLACE_EXISTING]
2025-01-08 17:19:44,153 [s0-impl-thread1] INFO  storage.RaftStorage (RaftStorageImpl.java:format(98)) - Storage directory /home/runner/work/ratis/ratis/ratis-test/target/test/data/6744b3dc/MiniRaftClusterWithGrpcca532fac/s0/26966047-03a3-45fa-ba35-5bf951a7ce3f has been successfully formatted.
2025-01-08 17:19:44,153 [s0-impl-thread1] INFO  impl.SimpleStateMachine4Testing (SimpleStateMachine4Testing.java:initialize(214)) - Initializing SimpleStateMachine4Testing:uninitialized
2025-01-08 17:19:44,154 [s0-impl-thread1] INFO  impl.SimpleStateMachine4Testing (SimpleStateMachine4Testing.java:loadSnapshot(298)) - Loading snapshot null
2025-01-08 17:19:44,155 [s0-impl-thread1] INFO  util.AwaitToRun (AwaitToRun.java:start(81)) - Thread[s0@group-5BF951A7CE3F-cacheEviction-AwaitToRun,5,main] started
2025-01-08 17:19:44,155 [s0-impl-thread1] INFO  segmented.SegmentedRaftLogWorker (SegmentedRaftLogWorker.java:<init>(189)) - new s0@group-5BF951A7CE3F-SegmentedRaftLogWorker for RaftStorageImpl:Storage Directory /home/runner/work/ratis/ratis/ratis-test/target/test/data/6744b3dc/MiniRaftClusterWithGrpcca532fac/s0/26966047-03a3-45fa-ba35-5bf951a7ce3f
2025-01-08 17:19:44,156 [s0-impl-thread1] INFO  segmented.SegmentedRaftLogWorker (SegmentedRaftLogWorker.java:lambda$new$0(140)) - s0@group-5BF951A7CE3F-SegmentedRaftLogWorker: flushIndex: setUnconditionally 0 -> -1
2025-01-08 17:19:44,156 [s0-impl-thread1] INFO  segmented.SegmentedRaftLogWorker (SegmentedRaftLogWorker.java:lambda$new$0(140)) - s0@group-5BF951A7CE3F-SegmentedRaftLogWorker: safeCacheEvictIndex: setUnconditionally 0 -> -1
2025-01-08 17:19:44,157 [s0-impl-thread1] INFO  server.RaftServer$Division (RaftServerImpl.java:start(396)) - s0@group-5BF951A7CE3F: start as a follower, conf=conf: {index: -1, cur=peers:[s3|localhost:15012, s4|localhost:15016, s0|localhost:15000, s1|localhost:15004, s2|localhost:15008]|listeners:[], old=null}
2025-01-08 17:19:44,157 [s0-impl-thread1] INFO  server.RaftServer$Division (RaftServerImpl.java:setRole(383)) - s0@group-5BF951A7CE3F: changes role from      null to FOLLOWER at term 0 for startAsFollower
2025-01-08 17:19:44,157 [s0-impl-thread1] INFO  impl.RoleInfo (RoleInfo.java:updateAndGet(148)) - s0: start s0@group-5BF951A7CE3F-FollowerState
2025-01-08 17:19:44,157 [s0-impl-thread1] INFO  util.JmxRegister (JmxRegister.java:tryRegister(44)) - Successfully registered JMX Bean with object name Ratis:service=RaftServer,group=group-5BF951A7CE3F,id=s0
2025-01-08 17:19:44,157 [s0-impl-thread1] INFO  util.JmxRegister (JmxRegister.java:register(58)) - register mxBean class org.apache.ratis.server.impl.RaftServerJmxAdapter as Ratis:service=RaftServer,group=group-5BF951A7CE3F,id=s0
2025-01-08 17:19:44,158 [s0-impl-thread1] INFO  server.RaftServer$Division (RaftServerImpl.java:start(410)) - s0@group-5BF951A7CE3F: Successfully started.
2025-01-08 17:19:44,158 [main] INFO  server.RaftServer (RaftServerProxy.java:startImpl(408)) - s0: start RPC server
2025-01-08 17:19:44,158 [main] INFO  server.GrpcServicesImpl (GrpcServicesImpl.java:startImpl(353)) - s0: GrpcServicesImpl started, listening on 15002
2025-01-08 17:19:44,158 [main] INFO  server.GrpcServicesImpl (GrpcServicesImpl.java:startImpl(353)) - s0: GrpcServicesImpl started, listening on 15000
2025-01-08 17:19:44,159 [main] INFO  server.GrpcServicesImpl (GrpcServicesImpl.java:startImpl(353)) - s0: GrpcServicesImpl started, listening on 15001
2025-01-08 17:19:44,159 [JvmPauseMonitor2] INFO  util.JvmPauseMonitor (JvmPauseMonitor.java:run(146)) - JvmPauseMonitor-s0: Started
2025-01-08 17:19:44,159 [s1-impl-thread1] INFO  storage.RaftStorageDirectory (RaftStorageDirectoryImpl.java:analyzeStorage(138)) - The storage directory /home/runner/work/ratis/ratis/ratis-test/target/test/data/6744b3dc/MiniRaftClusterWithGrpcca532fac/s1/26966047-03a3-45fa-ba35-5bf951a7ce3f does not exist. Creating ...
2025-01-08 17:19:44,160 [s1-impl-thread1] TRACE util.FileUtils (LogUtils.java:runAndLog(49)) - Successfully ran Files.createDirectories /home/runner/work/ratis/ratis/ratis-test/target/test/data/6744b3dc/MiniRaftClusterWithGrpcca532fac/s1/26966047-03a3-45fa-ba35-5bf951a7ce3f
2025-01-08 17:19:44,160 [s1-impl-thread1] INFO  storage.RaftStorageDirectory (RaftStorageDirectoryImpl.java:tryLock(229)) - Lock on /home/runner/work/ratis/ratis/ratis-test/target/test/data/6744b3dc/MiniRaftClusterWithGrpcca532fac/s1/26966047-03a3-45fa-ba35-5bf951a7ce3f/in_use.lock acquired by nodename 4082@fv-az882-797.q2gudnguzteuze5zk335zrm3jf.ex.internal.cloudapp.net
2025-01-08 17:19:44,161 [s1-impl-thread1] TRACE util.FileUtils (LogUtils.java:runAndLog(49)) - Successfully ran Files.createDirectories /home/runner/work/ratis/ratis/ratis-test/target/test/data/6744b3dc/MiniRaftClusterWithGrpcca532fac/s1/26966047-03a3-45fa-ba35-5bf951a7ce3f/current
2025-01-08 17:19:44,161 [s1-impl-thread1] TRACE util.FileUtils (LogUtils.java:runAndLog(49)) - Successfully ran Files.createDirectories /home/runner/work/ratis/ratis/ratis-test/target/test/data/6744b3dc/MiniRaftClusterWithGrpcca532fac/s1/26966047-03a3-45fa-ba35-5bf951a7ce3f/sm
2025-01-08 17:19:44,161 [s1-impl-thread1] TRACE util.FileUtils (LogUtils.java:supplyAndLog(69)) - Successfully supplied FileChannel.open /home/runner/work/ratis/ratis/ratis-test/target/test/data/6744b3dc/MiniRaftClusterWithGrpcca532fac/s1/26966047-03a3-45fa-ba35-5bf951a7ce3f/current/raft-meta.tmp with options [CREATE, WRITE]: sun.nio.ch.FileChannelImpl@63fb1fdc
2025-01-08 17:19:44,163 [s1-impl-thread1] TRACE util.FileUtils (LogUtils.java:runAndLog(49)) - Successfully ran Atomic Files.move /home/runner/work/ratis/ratis/ratis-test/target/test/data/6744b3dc/MiniRaftClusterWithGrpcca532fac/s1/26966047-03a3-45fa-ba35-5bf951a7ce3f/current/raft-meta.tmp to /home/runner/work/ratis/ratis/ratis-test/target/test/data/6744b3dc/MiniRaftClusterWithGrpcca532fac/s1/26966047-03a3-45fa-ba35-5bf951a7ce3f/current/raft-meta with options [REPLACE_EXISTING]
2025-01-08 17:19:44,163 [s1-impl-thread1] INFO  storage.RaftStorage (RaftStorageImpl.java:format(98)) - Storage directory /home/runner/work/ratis/ratis/ratis-test/target/test/data/6744b3dc/MiniRaftClusterWithGrpcca532fac/s1/26966047-03a3-45fa-ba35-5bf951a7ce3f has been successfully formatted.
2025-01-08 17:19:44,163 [s1-impl-thread1] INFO  impl.SimpleStateMachine4Testing (SimpleStateMachine4Testing.java:initialize(214)) - Initializing SimpleStateMachine4Testing:uninitialized
2025-01-08 17:19:44,163 [s1-impl-thread1] INFO  impl.SimpleStateMachine4Testing (SimpleStateMachine4Testing.java:loadSnapshot(298)) - Loading snapshot null
2025-01-08 17:19:44,165 [s1-impl-thread1] INFO  util.AwaitToRun (AwaitToRun.java:start(81)) - Thread[s1@group-5BF951A7CE3F-cacheEviction-AwaitToRun,5,main] started
2025-01-08 17:19:44,165 [s1-impl-thread1] INFO  segmented.SegmentedRaftLogWorker (SegmentedRaftLogWorker.java:<init>(189)) - new s1@group-5BF951A7CE3F-SegmentedRaftLogWorker for RaftStorageImpl:Storage Directory /home/runner/work/ratis/ratis/ratis-test/target/test/data/6744b3dc/MiniRaftClusterWithGrpcca532fac/s1/26966047-03a3-45fa-ba35-5bf951a7ce3f
2025-01-08 17:19:44,166 [s1-impl-thread1] INFO  segmented.SegmentedRaftLogWorker (SegmentedRaftLogWorker.java:lambda$new$0(140)) - s1@group-5BF951A7CE3F-SegmentedRaftLogWorker: flushIndex: setUnconditionally 0 -> -1
2025-01-08 17:19:44,166 [s1-impl-thread1] INFO  segmented.SegmentedRaftLogWorker (SegmentedRaftLogWorker.java:lambda$new$0(140)) - s1@group-5BF951A7CE3F-SegmentedRaftLogWorker: safeCacheEvictIndex: setUnconditionally 0 -> -1
2025-01-08 17:19:44,166 [s1-impl-thread1] INFO  server.RaftServer$Division (RaftServerImpl.java:start(396)) - s1@group-5BF951A7CE3F: start as a follower, conf=conf: {index: -1, cur=peers:[s3|localhost:15012, s4|localhost:15016, s0|localhost:15000, s1|localhost:15004, s2|localhost:15008]|listeners:[], old=null}
2025-01-08 17:19:44,167 [s1-impl-thread1] INFO  server.RaftServer$Division (RaftServerImpl.java:setRole(383)) - s1@group-5BF951A7CE3F: changes role from      null to FOLLOWER at term 0 for startAsFollower
2025-01-08 17:19:44,167 [s1-impl-thread1] INFO  impl.RoleInfo (RoleInfo.java:updateAndGet(148)) - s1: start s1@group-5BF951A7CE3F-FollowerState
2025-01-08 17:19:44,167 [s1-impl-thread1] INFO  util.JmxRegister (JmxRegister.java:tryRegister(44)) - Successfully registered JMX Bean with object name Ratis:service=RaftServer,group=group-5BF951A7CE3F,id=s1
2025-01-08 17:19:44,167 [s1-impl-thread1] INFO  util.JmxRegister (JmxRegister.java:register(58)) - register mxBean class org.apache.ratis.server.impl.RaftServerJmxAdapter as Ratis:service=RaftServer,group=group-5BF951A7CE3F,id=s1
2025-01-08 17:19:44,167 [s1-impl-thread1] INFO  server.RaftServer$Division (RaftServerImpl.java:start(410)) - s1@group-5BF951A7CE3F: Successfully started.
2025-01-08 17:19:44,167 [main] INFO  server.RaftServer (RaftServerProxy.java:startImpl(408)) - s1: start RPC server
2025-01-08 17:19:44,169 [main] INFO  server.GrpcServicesImpl (GrpcServicesImpl.java:startImpl(353)) - s1: GrpcServicesImpl started, listening on 15006
2025-01-08 17:19:44,169 [main] INFO  server.GrpcServicesImpl (GrpcServicesImpl.java:startImpl(353)) - s1: GrpcServicesImpl started, listening on 15004
2025-01-08 17:19:44,170 [main] INFO  server.GrpcServicesImpl (GrpcServicesImpl.java:startImpl(353)) - s1: GrpcServicesImpl started, listening on 15005
2025-01-08 17:19:44,170 [JvmPauseMonitor3] INFO  util.JvmPauseMonitor (JvmPauseMonitor.java:run(146)) - JvmPauseMonitor-s1: Started
2025-01-08 17:19:44,170 [s2-impl-thread1] INFO  storage.RaftStorageDirectory (RaftStorageDirectoryImpl.java:analyzeStorage(138)) - The storage directory /home/runner/work/ratis/ratis/ratis-test/target/test/data/6744b3dc/MiniRaftClusterWithGrpcca532fac/s2/26966047-03a3-45fa-ba35-5bf951a7ce3f does not exist. Creating ...
2025-01-08 17:19:44,171 [s2-impl-thread1] TRACE util.FileUtils (LogUtils.java:runAndLog(49)) - Successfully ran Files.createDirectories /home/runner/work/ratis/ratis/ratis-test/target/test/data/6744b3dc/MiniRaftClusterWithGrpcca532fac/s2/26966047-03a3-45fa-ba35-5bf951a7ce3f
2025-01-08 17:19:44,172 [s2-impl-thread1] INFO  storage.RaftStorageDirectory (RaftStorageDirectoryImpl.java:tryLock(229)) - Lock on /home/runner/work/ratis/ratis/ratis-test/target/test/data/6744b3dc/MiniRaftClusterWithGrpcca532fac/s2/26966047-03a3-45fa-ba35-5bf951a7ce3f/in_use.lock acquired by nodename 4082@fv-az882-797.q2gudnguzteuze5zk335zrm3jf.ex.internal.cloudapp.net
2025-01-08 17:19:44,172 [s2-impl-thread1] TRACE util.FileUtils (LogUtils.java:runAndLog(49)) - Successfully ran Files.createDirectories /home/runner/work/ratis/ratis/ratis-test/target/test/data/6744b3dc/MiniRaftClusterWithGrpcca532fac/s2/26966047-03a3-45fa-ba35-5bf951a7ce3f/current
2025-01-08 17:19:44,172 [s2-impl-thread1] TRACE util.FileUtils (LogUtils.java:runAndLog(49)) - Successfully ran Files.createDirectories /home/runner/work/ratis/ratis/ratis-test/target/test/data/6744b3dc/MiniRaftClusterWithGrpcca532fac/s2/26966047-03a3-45fa-ba35-5bf951a7ce3f/sm
2025-01-08 17:19:44,172 [s2-impl-thread1] TRACE util.FileUtils (LogUtils.java:supplyAndLog(69)) - Successfully supplied FileChannel.open /home/runner/work/ratis/ratis/ratis-test/target/test/data/6744b3dc/MiniRaftClusterWithGrpcca532fac/s2/26966047-03a3-45fa-ba35-5bf951a7ce3f/current/raft-meta.tmp with options [CREATE, WRITE]: sun.nio.ch.FileChannelImpl@1dc0c4bd
2025-01-08 17:19:44,174 [s2-impl-thread1] TRACE util.FileUtils (LogUtils.java:runAndLog(49)) - Successfully ran Atomic Files.move /home/runner/work/ratis/ratis/ratis-test/target/test/data/6744b3dc/MiniRaftClusterWithGrpcca532fac/s2/26966047-03a3-45fa-ba35-5bf951a7ce3f/current/raft-meta.tmp to /home/runner/work/ratis/ratis/ratis-test/target/test/data/6744b3dc/MiniRaftClusterWithGrpcca532fac/s2/26966047-03a3-45fa-ba35-5bf951a7ce3f/current/raft-meta with options [REPLACE_EXISTING]
2025-01-08 17:19:44,174 [s2-impl-thread1] INFO  storage.RaftStorage (RaftStorageImpl.java:format(98)) - Storage directory /home/runner/work/ratis/ratis/ratis-test/target/test/data/6744b3dc/MiniRaftClusterWithGrpcca532fac/s2/26966047-03a3-45fa-ba35-5bf951a7ce3f has been successfully formatted.
2025-01-08 17:19:44,174 [s2-impl-thread1] INFO  impl.SimpleStateMachine4Testing (SimpleStateMachine4Testing.java:initialize(214)) - Initializing SimpleStateMachine4Testing:uninitialized
2025-01-08 17:19:44,174 [s2-impl-thread1] INFO  impl.SimpleStateMachine4Testing (SimpleStateMachine4Testing.java:loadSnapshot(298)) - Loading snapshot null
2025-01-08 17:19:44,176 [s2-impl-thread1] INFO  util.AwaitToRun (AwaitToRun.java:start(81)) - Thread[s2@group-5BF951A7CE3F-cacheEviction-AwaitToRun,5,main] started
2025-01-08 17:19:44,176 [s2-impl-thread1] INFO  segmented.SegmentedRaftLogWorker (SegmentedRaftLogWorker.java:<init>(189)) - new s2@group-5BF951A7CE3F-SegmentedRaftLogWorker for RaftStorageImpl:Storage Directory /home/runner/work/ratis/ratis/ratis-test/target/test/data/6744b3dc/MiniRaftClusterWithGrpcca532fac/s2/26966047-03a3-45fa-ba35-5bf951a7ce3f
2025-01-08 17:19:44,179 [s2-impl-thread1] INFO  segmented.SegmentedRaftLogWorker (SegmentedRaftLogWorker.java:lambda$new$0(140)) - s2@group-5BF951A7CE3F-SegmentedRaftLogWorker: flushIndex: setUnconditionally 0 -> -1
2025-01-08 17:19:44,179 [s2-impl-thread1] INFO  segmented.SegmentedRaftLogWorker (SegmentedRaftLogWorker.java:lambda$new$0(140)) - s2@group-5BF951A7CE3F-SegmentedRaftLogWorker: safeCacheEvictIndex: setUnconditionally 0 -> -1
2025-01-08 17:19:44,179 [s2-impl-thread1] INFO  server.RaftServer$Division (RaftServerImpl.java:start(396)) - s2@group-5BF951A7CE3F: start as a follower, conf=conf: {index: -1, cur=peers:[s3|localhost:15012, s4|localhost:15016, s0|localhost:15000, s1|localhost:15004, s2|localhost:15008]|listeners:[], old=null}
2025-01-08 17:19:44,179 [s2-impl-thread1] INFO  server.RaftServer$Division (RaftServerImpl.java:setRole(383)) - s2@group-5BF951A7CE3F: changes role from      null to FOLLOWER at term 0 for startAsFollower
2025-01-08 17:19:44,179 [s2-impl-thread1] INFO  impl.RoleInfo (RoleInfo.java:updateAndGet(148)) - s2: start s2@group-5BF951A7CE3F-FollowerState
2025-01-08 17:19:44,180 [s2-impl-thread1] INFO  util.JmxRegister (JmxRegister.java:tryRegister(44)) - Successfully registered JMX Bean with object name Ratis:service=RaftServer,group=group-5BF951A7CE3F,id=s2
2025-01-08 17:19:44,180 [s2-impl-thread1] INFO  util.JmxRegister (JmxRegister.java:register(58)) - register mxBean class org.apache.ratis.server.impl.RaftServerJmxAdapter as Ratis:service=RaftServer,group=group-5BF951A7CE3F,id=s2
2025-01-08 17:19:44,180 [s2-impl-thread1] INFO  server.RaftServer$Division (RaftServerImpl.java:start(410)) - s2@group-5BF951A7CE3F: Successfully started.
2025-01-08 17:19:44,180 [main] INFO  server.RaftServer (RaftServerProxy.java:startImpl(408)) - s2: start RPC server
2025-01-08 17:19:44,181 [main] INFO  server.GrpcServicesImpl (GrpcServicesImpl.java:startImpl(353)) - s2: GrpcServicesImpl started, listening on 15010
2025-01-08 17:19:44,181 [main] INFO  server.GrpcServicesImpl (GrpcServicesImpl.java:startImpl(353)) - s2: GrpcServicesImpl started, listening on 15008
2025-01-08 17:19:44,182 [main] INFO  server.GrpcServicesImpl (GrpcServicesImpl.java:startImpl(353)) - s2: GrpcServicesImpl started, listening on 15009
2025-01-08 17:19:44,182 [JvmPauseMonitor4] INFO  util.JvmPauseMonitor (JvmPauseMonitor.java:run(146)) - JvmPauseMonitor-s2: Started
2025-01-08 17:19:44,186 [main] INFO  ratis.RaftTestUtil (RaftTestUtil.java:waitForLeader(107)) - printing ALL groups
  s3:  RUNNING  FOLLOWER s3@group-5BF951A7CE3F:t0, leader=null, voted=, raftlog=Memoized:s3@group-5BF951A7CE3F-SegmentedRaftLog:OPENED:c-1:lastnull, conf=conf: {index: -1, cur=peers:[s3|localhost:15012, s4|localhost:15016, s0|localhost:15000, s1|localhost:15004, s2|localhost:15008]|listeners:[], old=null} RUNNING
  s4:  RUNNING  FOLLOWER s4@group-5BF951A7CE3F:t0, leader=null, voted=, raftlog=Memoized:s4@group-5BF951A7CE3F-SegmentedRaftLog:OPENED:c-1:lastnull, conf=conf: {index: -1, cur=peers:[s3|localhost:15012, s4|localhost:15016, s0|localhost:15000, s1|localhost:15004, s2|localhost:15008]|listeners:[], old=null} RUNNING
  s0:  RUNNING  FOLLOWER s0@group-5BF951A7CE3F:t0, leader=null, voted=, raftlog=Memoized:s0@group-5BF951A7CE3F-SegmentedRaftLog:OPENED:c-1:lastnull, conf=conf: {index: -1, cur=peers:[s3|localhost:15012, s4|localhost:15016, s0|localhost:15000, s1|localhost:15004, s2|localhost:15008]|listeners:[], old=null} RUNNING
  s1:  RUNNING  FOLLOWER s1@group-5BF951A7CE3F:t0, leader=null, voted=, raftlog=Memoized:s1@group-5BF951A7CE3F-SegmentedRaftLog:OPENED:c-1:lastnull, conf=conf: {index: -1, cur=peers:[s3|localhost:15012, s4|localhost:15016, s0|localhost:15000, s1|localhost:15004, s2|localhost:15008]|listeners:[], old=null} RUNNING
  s2:  RUNNING  FOLLOWER s2@group-5BF951A7CE3F:t0, leader=null, voted=, raftlog=Memoized:s2@group-5BF951A7CE3F-SegmentedRaftLog:OPENED:c-1:lastnull, conf=conf: {index: -1, cur=peers:[s3|localhost:15012, s4|localhost:15016, s0|localhost:15000, s1|localhost:15004, s2|localhost:15008]|listeners:[], old=null} RUNNING
2025-01-08 17:19:44,189 [main] WARN  ratis.RaftTestUtil (RaftTestUtil.java:lambda$waitForLeader$3(126)) - Attempt #1 failed: java.lang.IllegalStateException: No leader yet : printing ALL groups
  s3:  RUNNING  FOLLOWER s3@group-5BF951A7CE3F:t0, leader=null, voted=, raftlog=Memoized:s3@group-5BF951A7CE3F-SegmentedRaftLog:OPENED:c-1:lastnull, conf=conf: {index: -1, cur=peers:[s3|localhost:15012, s4|localhost:15016, s0|localhost:15000, s1|localhost:15004, s2|localhost:15008]|listeners:[], old=null} RUNNING
  s4:  RUNNING  FOLLOWER s4@group-5BF951A7CE3F:t0, leader=null, voted=, raftlog=Memoized:s4@group-5BF951A7CE3F-SegmentedRaftLog:OPENED:c-1:lastnull, conf=conf: {index: -1, cur=peers:[s3|localhost:15012, s4|localhost:15016, s0|localhost:15000, s1|localhost:15004, s2|localhost:15008]|listeners:[], old=null} RUNNING
  s0:  RUNNING  FOLLOWER s0@group-5BF951A7CE3F:t0, leader=null, voted=, raftlog=Memoized:s0@group-5BF951A7CE3F-SegmentedRaftLog:OPENED:c-1:lastnull, conf=conf: {index: -1, cur=peers:[s3|localhost:15012, s4|localhost:15016, s0|localhost:15000, s1|localhost:15004, s2|localhost:15008]|listeners:[], old=null} RUNNING
  s1:  RUNNING  FOLLOWER s1@group-5BF951A7CE3F:t0, leader=null, voted=, raftlog=Memoized:s1@group-5BF951A7CE3F-SegmentedRaftLog:OPENED:c-1:lastnull, conf=conf: {index: -1, cur=peers:[s3|localhost:15012, s4|localhost:15016, s0|localhost:15000, s1|localhost:15004, s2|localhost:15008]|listeners:[], old=null} RUNNING
  s2:  RUNNING  FOLLOWER s2@group-5BF951A7CE3F:t0, leader=null, voted=, raftlog=Memoized:s2@group-5BF951A7CE3F-SegmentedRaftLog:OPENED:c-1:lastnull, conf=conf: {index: -1, cur=peers:[s3|localhost:15012, s4|localhost:15016, s0|localhost:15000, s1|localhost:15004, s2|localhost:15008]|listeners:[], old=null} RUNNING
2025-01-08 17:19:45,158 [s0@group-5BF951A7CE3F-FollowerState] INFO  impl.FollowerState (FollowerState.java:runImpl(161)) - s0@group-5BF951A7CE3F-FollowerState: change to CANDIDATE, lastRpcElapsedTime:1000951251ns, electionTimeout:1000ms
2025-01-08 17:19:45,158 [s0@group-5BF951A7CE3F-FollowerState] INFO  impl.RoleInfo (RoleInfo.java:shutdownFollowerState(121)) - s0: shutdown s0@group-5BF951A7CE3F-FollowerState
2025-01-08 17:19:45,158 [s0@group-5BF951A7CE3F-FollowerState] INFO  server.RaftServer$Division (RaftServerImpl.java:setRole(383)) - s0@group-5BF951A7CE3F: changes role from  FOLLOWER to CANDIDATE at term 0 for changeToCandidate
2025-01-08 17:19:45,160 [s0@group-5BF951A7CE3F-FollowerState] INFO  impl.RoleInfo (RoleInfo.java:updateAndGet(148)) - s0: start s0@group-5BF951A7CE3F-LeaderElection1
2025-01-08 17:19:45,162 [s0@group-5BF951A7CE3F-LeaderElection1] INFO  impl.LeaderElection (LeaderElection.java:askForVotes(332)) - s0@group-5BF951A7CE3F-LeaderElection1 PRE_VOTE round 0: submit vote requests at term 0 for conf: {index: -1, cur=peers:[s3|localhost:15012, s4|localhost:15016, s0|localhost:15000, s1|localhost:15004, s2|localhost:15008]|listeners:[], old=null}
2025-01-08 17:19:45,175 [s0@group-5BF951A7CE3F-LeaderElection1-1] INFO  server.GrpcServerProtocolClient (GrpcServerProtocolClient.java:<init>(65)) - Build channel for s3|localhost:15012
2025-01-08 17:19:45,175 [s0@group-5BF951A7CE3F-LeaderElection1-4] INFO  server.GrpcServerProtocolClient (GrpcServerProtocolClient.java:<init>(65)) - Build channel for s2|localhost:15008
2025-01-08 17:19:45,175 [s0@group-5BF951A7CE3F-LeaderElection1-3] INFO  server.GrpcServerProtocolClient (GrpcServerProtocolClient.java:<init>(65)) - Build channel for s1|localhost:15004
2025-01-08 17:19:45,175 [s0@group-5BF951A7CE3F-LeaderElection1-2] INFO  server.GrpcServerProtocolClient (GrpcServerProtocolClient.java:<init>(65)) - Build channel for s4|localhost:15016
2025-01-08 17:19:45,349 [s4@group-5BF951A7CE3F-FollowerState] INFO  impl.FollowerState (FollowerState.java:runImpl(161)) - s4@group-5BF951A7CE3F-FollowerState: change to CANDIDATE, lastRpcElapsedTime:1201987252ns, electionTimeout:1199ms
2025-01-08 17:19:45,349 [s4@group-5BF951A7CE3F-FollowerState] INFO  impl.RoleInfo (RoleInfo.java:shutdownFollowerState(121)) - s4: shutdown s4@group-5BF951A7CE3F-FollowerState
2025-01-08 17:19:45,349 [s4@group-5BF951A7CE3F-FollowerState] INFO  server.RaftServer$Division (RaftServerImpl.java:setRole(383)) - s4@group-5BF951A7CE3F: changes role from  FOLLOWER to CANDIDATE at term 0 for changeToCandidate
2025-01-08 17:19:45,349 [s4@group-5BF951A7CE3F-FollowerState] INFO  impl.RoleInfo (RoleInfo.java:updateAndGet(148)) - s4: start s4@group-5BF951A7CE3F-LeaderElection2
2025-01-08 17:19:45,350 [s4@group-5BF951A7CE3F-LeaderElection2] INFO  impl.LeaderElection (LeaderElection.java:askForVotes(332)) - s4@group-5BF951A7CE3F-LeaderElection2 PRE_VOTE round 0: submit vote requests at term 0 for conf: {index: -1, cur=peers:[s3|localhost:15012, s4|localhost:15016, s0|localhost:15000, s1|localhost:15004, s2|localhost:15008]|listeners:[], old=null}
2025-01-08 17:19:45,350 [s4@group-5BF951A7CE3F-LeaderElection2-1] INFO  server.GrpcServerProtocolClient (GrpcServerProtocolClient.java:<init>(65)) - Build channel for s3|localhost:15012
2025-01-08 17:19:45,357 [s4@group-5BF951A7CE3F-LeaderElection2-2] INFO  server.GrpcServerProtocolClient (GrpcServerProtocolClient.java:<init>(65)) - Build channel for s0|localhost:15000
2025-01-08 17:19:45,359 [s4@group-5BF951A7CE3F-LeaderElection2-3] INFO  server.GrpcServerProtocolClient (GrpcServerProtocolClient.java:<init>(65)) - Build channel for s1|localhost:15004
2025-01-08 17:19:45,365 [s4@group-5BF951A7CE3F-LeaderElection2-4] INFO  server.GrpcServerProtocolClient (GrpcServerProtocolClient.java:<init>(65)) - Build channel for s2|localhost:15008
2025-01-08 17:19:45,373 [s1@group-5BF951A7CE3F-FollowerState] INFO  impl.FollowerState (FollowerState.java:runImpl(161)) - s1@group-5BF951A7CE3F-FollowerState: change to CANDIDATE, lastRpcElapsedTime:1206441874ns, electionTimeout:1206ms
2025-01-08 17:19:45,373 [s1@group-5BF951A7CE3F-FollowerState] INFO  impl.RoleInfo (RoleInfo.java:shutdownFollowerState(121)) - s1: shutdown s1@group-5BF951A7CE3F-FollowerState
2025-01-08 17:19:45,373 [s1@group-5BF951A7CE3F-FollowerState] INFO  server.RaftServer$Division (RaftServerImpl.java:setRole(383)) - s1@group-5BF951A7CE3F: changes role from  FOLLOWER to CANDIDATE at term 0 for changeToCandidate
2025-01-08 17:19:45,373 [s1@group-5BF951A7CE3F-FollowerState] INFO  impl.RoleInfo (RoleInfo.java:updateAndGet(148)) - s1: start s1@group-5BF951A7CE3F-LeaderElection3
2025-01-08 17:19:45,377 [s1@group-5BF951A7CE3F-LeaderElection3] INFO  impl.LeaderElection (LeaderElection.java:askForVotes(332)) - s1@group-5BF951A7CE3F-LeaderElection3 PRE_VOTE round 0: submit vote requests at term 0 for conf: {index: -1, cur=peers:[s3|localhost:15012, s4|localhost:15016, s0|localhost:15000, s1|localhost:15004, s2|localhost:15008]|listeners:[], old=null}
2025-01-08 17:19:45,384 [s1@group-5BF951A7CE3F-LeaderElection3-1] INFO  server.GrpcServerProtocolClient (GrpcServerProtocolClient.java:<init>(65)) - Build channel for s3|localhost:15012
2025-01-08 17:19:45,385 [s1@group-5BF951A7CE3F-LeaderElection3-2] INFO  server.GrpcServerProtocolClient (GrpcServerProtocolClient.java:<init>(65)) - Build channel for s4|localhost:15016
2025-01-08 17:19:45,388 [s1@group-5BF951A7CE3F-LeaderElection3-3] INFO  server.GrpcServerProtocolClient (GrpcServerProtocolClient.java:<init>(65)) - Build channel for s0|localhost:15000
2025-01-08 17:19:45,391 [s1@group-5BF951A7CE3F-LeaderElection3-4] INFO  server.GrpcServerProtocolClient (GrpcServerProtocolClient.java:<init>(65)) - Build channel for s2|localhost:15008
2025-01-08 17:19:45,398 [grpc-default-executor-1] INFO  server.RaftServer$Division (RaftServerImpl.java:requestVote(1463)) - s3@group-5BF951A7CE3F: receive requestVote(PRE_VOTE, s4, group-5BF951A7CE3F, 0, (t:0, i:0))
2025-01-08 17:19:45,400 [grpc-default-executor-1] INFO  impl.VoteContext (VoteContext.java:log(49)) - s3@group-5BF951A7CE3F-FOLLOWER: accept PRE_VOTE from s4: our priority 0 <= candidate's priority 0
2025-01-08 17:19:45,398 [grpc-default-executor-2] INFO  server.RaftServer$Division (RaftServerImpl.java:requestVote(1463)) - s4@group-5BF951A7CE3F: receive requestVote(PRE_VOTE, s0, group-5BF951A7CE3F, 0, (t:0, i:0))
2025-01-08 17:19:45,401 [grpc-default-executor-2] INFO  impl.VoteContext (VoteContext.java:log(49)) - s4@group-5BF951A7CE3F-CANDIDATE: accept PRE_VOTE from s0: our priority 0 <= candidate's priority 0
2025-01-08 17:19:45,401 [grpc-default-executor-3] INFO  server.RaftServer$Division (RaftServerImpl.java:requestVote(1463)) - s3@group-5BF951A7CE3F: receive requestVote(PRE_VOTE, s0, group-5BF951A7CE3F, 0, (t:0, i:0))
2025-01-08 17:19:45,405 [grpc-default-executor-2] INFO  server.RaftServer$Division (RaftServerImpl.java:requestVote(1497)) - s4@group-5BF951A7CE3F replies to PRE_VOTE vote request: s0<-s4#0:OK-t0. Peer's state: s4@group-5BF951A7CE3F:t0, leader=null, voted=, raftlog=Memoized:s4@group-5BF951A7CE3F-SegmentedRaftLog:OPENED:c-1:lastnull, conf=conf: {index: -1, cur=peers:[s3|localhost:15012, s4|localhost:15016, s0|localhost:15000, s1|localhost:15004, s2|localhost:15008]|listeners:[], old=null}
2025-01-08 17:19:45,405 [grpc-default-executor-0] INFO  server.RaftServer$Division (RaftServerImpl.java:requestVote(1463)) - s2@group-5BF951A7CE3F: receive requestVote(PRE_VOTE, s0, group-5BF951A7CE3F, 0, (t:0, i:0))
2025-01-08 17:19:45,407 [grpc-default-executor-0] INFO  impl.VoteContext (VoteContext.java:log(49)) - s2@group-5BF951A7CE3F-FOLLOWER: accept PRE_VOTE from s0: our priority 0 <= candidate's priority 0
2025-01-08 17:19:45,407 [grpc-default-executor-0] INFO  server.RaftServer$Division (RaftServerImpl.java:requestVote(1497)) - s2@group-5BF951A7CE3F replies to PRE_VOTE vote request: s0<-s2#0:OK-t0. Peer's state: s2@group-5BF951A7CE3F:t0, leader=null, voted=, raftlog=Memoized:s2@group-5BF951A7CE3F-SegmentedRaftLog:OPENED:c-1:lastnull, conf=conf: {index: -1, cur=peers:[s3|localhost:15012, s4|localhost:15016, s0|localhost:15000, s1|localhost:15004, s2|localhost:15008]|listeners:[], old=null}
2025-01-08 17:19:45,407 [grpc-default-executor-2] INFO  server.RaftServer$Division (RaftServerImpl.java:requestVote(1463)) - s2@group-5BF951A7CE3F: receive requestVote(PRE_VOTE, s1, group-5BF951A7CE3F, 0, (t:0, i:0))
2025-01-08 17:19:45,410 [grpc-default-executor-2] INFO  impl.VoteContext (VoteContext.java:log(49)) - s2@group-5BF951A7CE3F-FOLLOWER: accept PRE_VOTE from s1: our priority 0 <= candidate's priority 0
2025-01-08 17:19:45,411 [grpc-default-executor-2] INFO  server.RaftServer$Division (RaftServerImpl.java:requestVote(1497)) - s2@group-5BF951A7CE3F replies to PRE_VOTE vote request: s1<-s2#0:OK-t0. Peer's state: s2@group-5BF951A7CE3F:t0, leader=null, voted=, raftlog=Memoized:s2@group-5BF951A7CE3F-SegmentedRaftLog:OPENED:c-1:lastnull, conf=conf: {index: -1, cur=peers:[s3|localhost:15012, s4|localhost:15016, s0|localhost:15000, s1|localhost:15004, s2|localhost:15008]|listeners:[], old=null}
2025-01-08 17:19:45,411 [grpc-default-executor-5] INFO  server.RaftServer$Division (RaftServerImpl.java:requestVote(1463)) - s1@group-5BF951A7CE3F: receive requestVote(PRE_VOTE, s4, group-5BF951A7CE3F, 0, (t:0, i:0))
2025-01-08 17:19:45,412 [grpc-default-executor-1] INFO  server.RaftServer$Division (RaftServerImpl.java:requestVote(1497)) - s3@group-5BF951A7CE3F replies to PRE_VOTE vote request: s4<-s3#0:OK-t0. Peer's state: s3@group-5BF951A7CE3F:t0, leader=null, voted=, raftlog=Memoized:s3@group-5BF951A7CE3F-SegmentedRaftLog:OPENED:c-1:lastnull, conf=conf: {index: -1, cur=peers:[s3|localhost:15012, s4|localhost:15016, s0|localhost:15000, s1|localhost:15004, s2|localhost:15008]|listeners:[], old=null}
2025-01-08 17:19:45,412 [grpc-default-executor-5] INFO  impl.VoteContext (VoteContext.java:log(49)) - s1@group-5BF951A7CE3F-CANDIDATE: accept PRE_VOTE from s4: our priority 0 <= candidate's priority 0
2025-01-08 17:19:45,413 [grpc-default-executor-3] INFO  impl.VoteContext (VoteContext.java:log(49)) - s3@group-5BF951A7CE3F-FOLLOWER: accept PRE_VOTE from s0: our priority 0 <= candidate's priority 0
2025-01-08 17:19:45,413 [grpc-default-executor-3] INFO  server.RaftServer$Division (RaftServerImpl.java:requestVote(1497)) - s3@group-5BF951A7CE3F replies to PRE_VOTE vote request: s0<-s3#0:OK-t0. Peer's state: s3@group-5BF951A7CE3F:t0, leader=null, voted=, raftlog=Memoized:s3@group-5BF951A7CE3F-SegmentedRaftLog:OPENED:c-1:lastnull, conf=conf: {index: -1, cur=peers:[s3|localhost:15012, s4|localhost:15016, s0|localhost:15000, s1|localhost:15004, s2|localhost:15008]|listeners:[], old=null}
2025-01-08 17:19:45,414 [grpc-default-executor-5] INFO  server.RaftServer$Division (RaftServerImpl.java:requestVote(1497)) - s1@group-5BF951A7CE3F replies to PRE_VOTE vote request: s4<-s1#0:OK-t0. Peer's state: s1@group-5BF951A7CE3F:t0, leader=null, voted=, raftlog=Memoized:s1@group-5BF951A7CE3F-SegmentedRaftLog:OPENED:c-1:lastnull, conf=conf: {index: -1, cur=peers:[s3|localhost:15012, s4|localhost:15016, s0|localhost:15000, s1|localhost:15004, s2|localhost:15008]|listeners:[], old=null}
2025-01-08 17:19:45,415 [grpc-default-executor-7] INFO  server.RaftServer$Division (RaftServerImpl.java:requestVote(1463)) - s0@group-5BF951A7CE3F: receive requestVote(PRE_VOTE, s1, group-5BF951A7CE3F, 0, (t:0, i:0))
2025-01-08 17:19:45,415 [grpc-default-executor-7] INFO  impl.VoteContext (VoteContext.java:log(49)) - s0@group-5BF951A7CE3F-CANDIDATE: accept PRE_VOTE from s1: our priority 0 <= candidate's priority 0
2025-01-08 17:19:45,415 [grpc-default-executor-7] INFO  server.RaftServer$Division (RaftServerImpl.java:requestVote(1497)) - s0@group-5BF951A7CE3F replies to PRE_VOTE vote request: s1<-s0#0:OK-t0. Peer's state: s0@group-5BF951A7CE3F:t0, leader=null, voted=, raftlog=Memoized:s0@group-5BF951A7CE3F-SegmentedRaftLog:OPENED:c-1:lastnull, conf=conf: {index: -1, cur=peers:[s3|localhost:15012, s4|localhost:15016, s0|localhost:15000, s1|localhost:15004, s2|localhost:15008]|listeners:[], old=null}
2025-01-08 17:19:45,417 [grpc-default-executor-3] INFO  server.RaftServer$Division (RaftServerImpl.java:requestVote(1463)) - s2@group-5BF951A7CE3F: receive requestVote(PRE_VOTE, s4, group-5BF951A7CE3F, 0, (t:0, i:0))
2025-01-08 17:19:45,417 [grpc-default-executor-3] INFO  impl.VoteContext (VoteContext.java:log(49)) - s2@group-5BF951A7CE3F-FOLLOWER: accept PRE_VOTE from s4: our priority 0 <= candidate's priority 0
2025-01-08 17:19:45,417 [grpc-default-executor-3] INFO  server.RaftServer$Division (RaftServerImpl.java:requestVote(1497)) - s2@group-5BF951A7CE3F replies to PRE_VOTE vote request: s4<-s2#0:OK-t0. Peer's state: s2@group-5BF951A7CE3F:t0, leader=null, voted=, raftlog=Memoized:s2@group-5BF951A7CE3F-SegmentedRaftLog:OPENED:c-1:lastnull, conf=conf: {index: -1, cur=peers:[s3|localhost:15012, s4|localhost:15016, s0|localhost:15000, s1|localhost:15004, s2|localhost:15008]|listeners:[], old=null}
2025-01-08 17:19:45,418 [grpc-default-executor-7] INFO  server.RaftServer$Division (RaftServerImpl.java:requestVote(1463)) - s0@group-5BF951A7CE3F: receive requestVote(PRE_VOTE, s4, group-5BF951A7CE3F, 0, (t:0, i:0))
2025-01-08 17:19:45,420 [grpc-default-executor-5] INFO  server.RaftServer$Division (RaftServerImpl.java:requestVote(1463)) - s1@group-5BF951A7CE3F: receive requestVote(PRE_VOTE, s0, group-5BF951A7CE3F, 0, (t:0, i:0))
2025-01-08 17:19:45,420 [s0@group-5BF951A7CE3F-LeaderElection1] INFO  impl.LeaderElection (LeaderElection.java:logAndReturn(90)) - s0@group-5BF951A7CE3F-LeaderElection1: PRE_VOTE PASSED received 2 response(s) and 0 exception(s):
2025-01-08 17:19:45,420 [grpc-default-executor-5] INFO  impl.VoteContext (VoteContext.java:log(49)) - s1@group-5BF951A7CE3F-CANDIDATE: accept PRE_VOTE from s0: our priority 0 <= candidate's priority 0
2025-01-08 17:19:45,421 [grpc-default-executor-5] INFO  server.RaftServer$Division (RaftServerImpl.java:requestVote(1497)) - s1@group-5BF951A7CE3F replies to PRE_VOTE vote request: s0<-s1#0:OK-t0. Peer's state: s1@group-5BF951A7CE3F:t0, leader=null, voted=, raftlog=Memoized:s1@group-5BF951A7CE3F-SegmentedRaftLog:OPENED:c-1:lastnull, conf=conf: {index: -1, cur=peers:[s3|localhost:15012, s4|localhost:15016, s0|localhost:15000, s1|localhost:15004, s2|localhost:15008]|listeners:[], old=null}
2025-01-08 17:19:45,420 [s4@group-5BF951A7CE3F-LeaderElection2] INFO  impl.LeaderElection (LeaderElection.java:logAndReturn(90)) - s4@group-5BF951A7CE3F-LeaderElection2: PRE_VOTE PASSED received 2 response(s) and 0 exception(s):
2025-01-08 17:19:45,421 [s1@group-5BF951A7CE3F-LeaderElection3] INFO  impl.LeaderElection (LeaderElection.java:logAndReturn(90)) - s1@group-5BF951A7CE3F-LeaderElection3: PRE_VOTE PASSED received 2 response(s) and 0 exception(s):
2025-01-08 17:19:45,421 [s1@group-5BF951A7CE3F-LeaderElection3] INFO  impl.LeaderElection (LeaderElection.java:logAndReturn(94)) -   Response 0: s1<-s0#0:OK-t0
2025-01-08 17:19:45,421 [s1@group-5BF951A7CE3F-LeaderElection3] INFO  impl.LeaderElection (LeaderElection.java:logAndReturn(94)) -   Response 1: s1<-s2#0:OK-t0
2025-01-08 17:19:45,422 [s1@group-5BF951A7CE3F-LeaderElection3] INFO  impl.LeaderElection (LeaderElection.java:askForVotes(334)) - s1@group-5BF951A7CE3F-LeaderElection3 PRE_VOTE round 0: result PASSED
2025-01-08 17:19:45,422 [s1@group-5BF951A7CE3F-LeaderElection3] TRACE util.FileUtils (LogUtils.java:supplyAndLog(69)) - Successfully supplied FileChannel.open /home/runner/work/ratis/ratis/ratis-test/target/test/data/6744b3dc/MiniRaftClusterWithGrpcca532fac/s1/26966047-03a3-45fa-ba35-5bf951a7ce3f/current/raft-meta.tmp with options [CREATE, WRITE]: sun.nio.ch.FileChannelImpl@2c588c7
2025-01-08 17:19:45,423 [grpc-default-executor-6] INFO  server.RaftServer$Division (RaftServerImpl.java:requestVote(1463)) - s4@group-5BF951A7CE3F: receive requestVote(PRE_VOTE, s1, group-5BF951A7CE3F, 0, (t:0, i:0))
2025-01-08 17:19:45,423 [grpc-default-executor-6] INFO  impl.VoteContext (VoteContext.java:log(49)) - s4@group-5BF951A7CE3F-CANDIDATE: accept PRE_VOTE from s1: our priority 0 <= candidate's priority 0
2025-01-08 17:19:45,423 [grpc-default-executor-6] INFO  server.RaftServer$Division (RaftServerImpl.java:requestVote(1497)) - s4@group-5BF951A7CE3F replies to PRE_VOTE vote request: s1<-s4#0:OK-t0. Peer's state: s4@group-5BF951A7CE3F:t0, leader=null, voted=, raftlog=Memoized:s4@group-5BF951A7CE3F-SegmentedRaftLog:OPENED:c-1:lastnull, conf=conf: {index: -1, cur=peers:[s3|localhost:15012, s4|localhost:15016, s0|localhost:15000, s1|localhost:15004, s2|localhost:15008]|listeners:[], old=null}
2025-01-08 17:19:45,420 [s0@group-5BF951A7CE3F-LeaderElection1] INFO  impl.LeaderElection (LeaderElection.java:logAndReturn(94)) -   Response 0: s0<-s4#0:OK-t0
2025-01-08 17:19:45,421 [s4@group-5BF951A7CE3F-LeaderElection2] INFO  impl.LeaderElection (LeaderElection.java:logAndReturn(94)) -   Response 0: s4<-s3#0:OK-t0
2025-01-08 17:19:45,424 [s4@group-5BF951A7CE3F-LeaderElection2] INFO  impl.LeaderElection (LeaderElection.java:logAndReturn(94)) -   Response 1: s4<-s1#0:OK-t0
2025-01-08 17:19:45,424 [s0@group-5BF951A7CE3F-LeaderElection1] INFO  impl.LeaderElection (LeaderElection.java:logAndReturn(94)) -   Response 1: s0<-s2#0:OK-t0
2025-01-08 17:19:45,424 [s0@group-5BF951A7CE3F-LeaderElection1] INFO  impl.LeaderElection (LeaderElection.java:askForVotes(334)) - s0@group-5BF951A7CE3F-LeaderElection1 PRE_VOTE round 0: result PASSED
2025-01-08 17:19:45,424 [s4@group-5BF951A7CE3F-LeaderElection2] INFO  impl.LeaderElection (LeaderElection.java:askForVotes(334)) - s4@group-5BF951A7CE3F-LeaderElection2 PRE_VOTE round 0: result PASSED
2025-01-08 17:19:45,424 [grpc-default-executor-7] INFO  impl.VoteContext (VoteContext.java:log(49)) - s0@group-5BF951A7CE3F-CANDIDATE: accept PRE_VOTE from s4: our priority 0 <= candidate's priority 0
2025-01-08 17:19:45,425 [s1@group-5BF951A7CE3F-LeaderElection3] TRACE util.FileUtils (LogUtils.java:runAndLog(49)) - Successfully ran Atomic Files.move /home/runner/work/ratis/ratis/ratis-test/target/test/data/6744b3dc/MiniRaftClusterWithGrpcca532fac/s1/26966047-03a3-45fa-ba35-5bf951a7ce3f/current/raft-meta.tmp to /home/runner/work/ratis/ratis/ratis-test/target/test/data/6744b3dc/MiniRaftClusterWithGrpcca532fac/s1/26966047-03a3-45fa-ba35-5bf951a7ce3f/current/raft-meta with options [REPLACE_EXISTING]
2025-01-08 17:19:45,424 [s4@group-5BF951A7CE3F-LeaderElection2] TRACE util.FileUtils (LogUtils.java:supplyAndLog(69)) - Successfully supplied FileChannel.open /home/runner/work/ratis/ratis/ratis-test/target/test/data/6744b3dc/MiniRaftClusterWithGrpcca532fac/s4/26966047-03a3-45fa-ba35-5bf951a7ce3f/current/raft-meta.tmp with options [CREATE, WRITE]: sun.nio.ch.FileChannelImpl@57e54e3c
2025-01-08 17:19:45,426 [s1@group-5BF951A7CE3F-LeaderElection3] INFO  impl.LeaderElection (LeaderElection.java:askForVotes(332)) - s1@group-5BF951A7CE3F-LeaderElection3 ELECTION round 0: submit vote requests at term 1 for conf: {index: -1, cur=peers:[s3|localhost:15012, s4|localhost:15016, s0|localhost:15000, s1|localhost:15004, s2|localhost:15008]|listeners:[], old=null}
2025-01-08 17:19:45,426 [grpc-default-executor-7] INFO  server.RaftServer$Division (RaftServerImpl.java:requestVote(1497)) - s0@group-5BF951A7CE3F replies to PRE_VOTE vote request: s4<-s0#0:OK-t0. Peer's state: s0@group-5BF951A7CE3F:t0, leader=null, voted=, raftlog=Memoized:s0@group-5BF951A7CE3F-SegmentedRaftLog:OPENED:c-1:lastnull, conf=conf: {index: -1, cur=peers:[s3|localhost:15012, s4|localhost:15016, s0|localhost:15000, s1|localhost:15004, s2|localhost:15008]|listeners:[], old=null}
2025-01-08 17:19:45,426 [s0@group-5BF951A7CE3F-LeaderElection1] TRACE util.FileUtils (LogUtils.java:supplyAndLog(69)) - Successfully supplied FileChannel.open /home/runner/work/ratis/ratis/ratis-test/target/test/data/6744b3dc/MiniRaftClusterWithGrpcca532fac/s0/26966047-03a3-45fa-ba35-5bf951a7ce3f/current/raft-meta.tmp with options [CREATE, WRITE]: sun.nio.ch.FileChannelImpl@2738e115
2025-01-08 17:19:45,427 [s0@group-5BF951A7CE3F-LeaderElection1] TRACE util.FileUtils (LogUtils.java:runAndLog(49)) - Successfully ran Atomic Files.move /home/runner/work/ratis/ratis/ratis-test/target/test/data/6744b3dc/MiniRaftClusterWithGrpcca532fac/s0/26966047-03a3-45fa-ba35-5bf951a7ce3f/current/raft-meta.tmp to /home/runner/work/ratis/ratis/ratis-test/target/test/data/6744b3dc/MiniRaftClusterWithGrpcca532fac/s0/26966047-03a3-45fa-ba35-5bf951a7ce3f/current/raft-meta with options [REPLACE_EXISTING]
2025-01-08 17:19:45,428 [s0@group-5BF951A7CE3F-LeaderElection1] INFO  impl.LeaderElection (LeaderElection.java:askForVotes(332)) - s0@group-5BF951A7CE3F-LeaderElection1 ELECTION round 0: submit vote requests at term 1 for conf: {index: -1, cur=peers:[s3|localhost:15012, s4|localhost:15016, s0|localhost:15000, s1|localhost:15004, s2|localhost:15008]|listeners:[], old=null}
2025-01-08 17:19:45,431 [s4@group-5BF951A7CE3F-LeaderElection2] TRACE util.FileUtils (LogUtils.java:runAndLog(49)) - Successfully ran Atomic Files.move /home/runner/work/ratis/ratis/ratis-test/target/test/data/6744b3dc/MiniRaftClusterWithGrpcca532fac/s4/26966047-03a3-45fa-ba35-5bf951a7ce3f/current/raft-meta.tmp to /home/runner/work/ratis/ratis/ratis-test/target/test/data/6744b3dc/MiniRaftClusterWithGrpcca532fac/s4/26966047-03a3-45fa-ba35-5bf951a7ce3f/current/raft-meta with options [REPLACE_EXISTING]
2025-01-08 17:19:45,431 [s4@group-5BF951A7CE3F-LeaderElection2] INFO  impl.LeaderElection (LeaderElection.java:askForVotes(332)) - s4@group-5BF951A7CE3F-LeaderElection2 ELECTION round 0: submit vote requests at term 1 for conf: {index: -1, cur=peers:[s3|localhost:15012, s4|localhost:15016, s0|localhost:15000, s1|localhost:15004, s2|localhost:15008]|listeners:[], old=null}
2025-01-08 17:19:45,433 [grpc-default-executor-6] INFO  server.RaftServer$Division (RaftServerImpl.java:requestVote(1463)) - s4@group-5BF951A7CE3F: receive requestVote(ELECTION, s1, group-5BF951A7CE3F, 1, (t:0, i:0))
2025-01-08 17:19:45,433 [grpc-default-executor-6] INFO  impl.VoteContext (VoteContext.java:log(49)) - s4@group-5BF951A7CE3F-CANDIDATE: reject ELECTION from s1: already has voted for s4 at current term 1
2025-01-08 17:19:45,433 [grpc-default-executor-6] INFO  server.RaftServer$Division (RaftServerImpl.java:requestVote(1497)) - s4@group-5BF951A7CE3F replies to ELECTION vote request: s1<-s4#0:FAIL-t1. Peer's state: s4@group-5BF951A7CE3F:t1, leader=null, voted=s4, raftlog=Memoized:s4@group-5BF951A7CE3F-SegmentedRaftLog:OPENED:c-1:lastnull, conf=conf: {index: -1, cur=peers:[s3|localhost:15012, s4|localhost:15016, s0|localhost:15000, s1|localhost:15004, s2|localhost:15008]|listeners:[], old=null}
2025-01-08 17:19:45,434 [grpc-default-executor-7] INFO  server.RaftServer$Division (RaftServerImpl.java:requestVote(1463)) - s0@group-5BF951A7CE3F: receive requestVote(ELECTION, s1, group-5BF951A7CE3F, 1, (t:0, i:0))
2025-01-08 17:19:45,435 [grpc-default-executor-7] INFO  impl.VoteContext (VoteContext.java:log(49)) - s0@group-5BF951A7CE3F-CANDIDATE: reject ELECTION from s1: already has voted for s0 at current term 1
2025-01-08 17:19:45,435 [grpc-default-executor-7] INFO  server.RaftServer$Division (RaftServerImpl.java:requestVote(1497)) - s0@group-5BF951A7CE3F replies to ELECTION vote request: s1<-s0#0:FAIL-t1. Peer's state: s0@group-5BF951A7CE3F:t1, leader=null, voted=s0, raftlog=Memoized:s0@group-5BF951A7CE3F-SegmentedRaftLog:OPENED:c-1:lastnull, conf=conf: {index: -1, cur=peers:[s3|localhost:15012, s4|localhost:15016, s0|localhost:15000, s1|localhost:15004, s2|localhost:15008]|listeners:[], old=null}
2025-01-08 17:19:45,435 [grpc-default-executor-5] INFO  server.RaftServer$Division (RaftServerImpl.java:requestVote(1463)) - s3@group-5BF951A7CE3F: receive requestVote(ELECTION, s1, group-5BF951A7CE3F, 1, (t:0, i:0))
2025-01-08 17:19:45,435 [grpc-default-executor-5] INFO  impl.VoteContext (VoteContext.java:log(49)) - s3@group-5BF951A7CE3F-FOLLOWER: accept ELECTION from s1: our priority 0 <= candidate's priority 0
2025-01-08 17:19:45,435 [grpc-default-executor-5] INFO  server.RaftServer$Division (RaftServerImpl.java:setRole(383)) - s3@group-5BF951A7CE3F: changes role from  FOLLOWER to FOLLOWER at term 0 for candidate:s1
2025-01-08 17:19:45,436 [grpc-default-executor-5] INFO  impl.RoleInfo (RoleInfo.java:shutdownFollowerState(121)) - s3: shutdown s3@group-5BF951A7CE3F-FollowerState
2025-01-08 17:19:45,438 [grpc-default-executor-6] INFO  server.RaftServer$Division (RaftServerImpl.java:requestVote(1463)) - s3@group-5BF951A7CE3F: receive requestVote(ELECTION, s0, group-5BF951A7CE3F, 1, (t:0, i:0))
2025-01-08 17:19:45,440 [grpc-default-executor-7] INFO  server.RaftServer$Division (RaftServerImpl.java:requestVote(1463)) - s4@group-5BF951A7CE3F: receive requestVote(ELECTION, s0, group-5BF951A7CE3F, 1, (t:0, i:0))
2025-01-08 17:19:45,440 [grpc-default-executor-7] INFO  impl.VoteContext (VoteContext.java:log(49)) - s4@group-5BF951A7CE3F-CANDIDATE: reject ELECTION from s0: already has voted for s4 at current term 1
2025-01-08 17:19:45,440 [grpc-default-executor-7] INFO  server.RaftServer$Division (RaftServerImpl.java:requestVote(1497)) - s4@group-5BF951A7CE3F replies to ELECTION vote request: s0<-s4#0:FAIL-t1. Peer's state: s4@group-5BF951A7CE3F:t1, leader=null, voted=s4, raftlog=Memoized:s4@group-5BF951A7CE3F-SegmentedRaftLog:OPENED:c-1:lastnull, conf=conf: {index: -1, cur=peers:[s3|localhost:15012, s4|localhost:15016, s0|localhost:15000, s1|localhost:15004, s2|localhost:15008]|listeners:[], old=null}
2025-01-08 17:19:45,442 [s3@group-5BF951A7CE3F-FollowerState] INFO  impl.FollowerState (FollowerState.java:runImpl(170)) - s3@group-5BF951A7CE3F-FollowerState was interrupted
2025-01-08 17:19:45,443 [grpc-default-executor-5] INFO  impl.RoleInfo (RoleInfo.java:updateAndGet(148)) - s3: start s3@group-5BF951A7CE3F-FollowerState
2025-01-08 17:19:45,443 [grpc-default-executor-7] INFO  server.RaftServer$Division (RaftServerImpl.java:requestVote(1463)) - s2@group-5BF951A7CE3F: receive requestVote(ELECTION, s1, group-5BF951A7CE3F, 1, (t:0, i:0))
2025-01-08 17:19:45,444 [grpc-default-executor-7] INFO  impl.VoteContext (VoteContext.java:log(49)) - s2@group-5BF951A7CE3F-FOLLOWER: accept ELECTION from s1: our priority 0 <= candidate's priority 0
2025-01-08 17:19:45,444 [grpc-default-executor-7] INFO  server.RaftServer$Division (RaftServerImpl.java:setRole(383)) - s2@group-5BF951A7CE3F: changes role from  FOLLOWER to FOLLOWER at term 0 for candidate:s1
2025-01-08 17:19:45,444 [grpc-default-executor-7] INFO  impl.RoleInfo (RoleInfo.java:shutdownFollowerState(121)) - s2: shutdown s2@group-5BF951A7CE3F-FollowerState
2025-01-08 17:19:45,445 [grpc-default-executor-5] INFO  server.RaftServer$Division (RaftServerImpl.java:setFirstElection(567)) - s3@group-5BF951A7CE3F: set firstElectionSinceStartup to false for candidate:s1
2025-01-08 17:19:45,445 [grpc-default-executor-5] TRACE util.FileUtils (LogUtils.java:supplyAndLog(69)) - Successfully supplied FileChannel.open /home/runner/work/ratis/ratis/ratis-test/target/test/data/6744b3dc/MiniRaftClusterWithGrpcca532fac/s3/26966047-03a3-45fa-ba35-5bf951a7ce3f/current/raft-meta.tmp with options [CREATE, WRITE]: sun.nio.ch.FileChannelImpl@6774fa05
2025-01-08 17:19:45,446 [grpc-default-executor-0] INFO  server.RaftServer$Division (RaftServerImpl.java:requestVote(1463)) - s2@group-5BF951A7CE3F: receive requestVote(ELECTION, s0, group-5BF951A7CE3F, 1, (t:0, i:0))
2025-01-08 17:19:45,447 [grpc-default-executor-5] TRACE util.FileUtils (LogUtils.java:runAndLog(49)) - Successfully ran Atomic Files.move /home/runner/work/ratis/ratis/ratis-test/target/test/data/6744b3dc/MiniRaftClusterWithGrpcca532fac/s3/26966047-03a3-45fa-ba35-5bf951a7ce3f/current/raft-meta.tmp to /home/runner/work/ratis/ratis/ratis-test/target/test/data/6744b3dc/MiniRaftClusterWithGrpcca532fac/s3/26966047-03a3-45fa-ba35-5bf951a7ce3f/current/raft-meta with options [REPLACE_EXISTING]
2025-01-08 17:19:45,448 [grpc-default-executor-5] INFO  server.RaftServer$Division (RaftServerImpl.java:requestVote(1497)) - s3@group-5BF951A7CE3F replies to ELECTION vote request: s1<-s3#0:OK-t1. Peer's state: s3@group-5BF951A7CE3F:t1, leader=null, voted=s1, raftlog=Memoized:s3@group-5BF951A7CE3F-SegmentedRaftLog:OPENED:c-1:lastnull, conf=conf: {index: -1, cur=peers:[s3|localhost:15012, s4|localhost:15016, s0|localhost:15000, s1|localhost:15004, s2|localhost:15008]|listeners:[], old=null}
2025-01-08 17:19:45,448 [grpc-default-executor-6] INFO  impl.VoteContext (VoteContext.java:log(49)) - s3@group-5BF951A7CE3F-FOLLOWER: reject ELECTION from s0: already has voted for s1 at current term 1
2025-01-08 17:19:45,449 [grpc-default-executor-6] INFO  server.RaftServer$Division (RaftServerImpl.java:requestVote(1497)) - s3@group-5BF951A7CE3F replies to ELECTION vote request: s0<-s3#0:FAIL-t1. Peer's state: s3@group-5BF951A7CE3F:t1, leader=null, voted=s1, raftlog=Memoized:s3@group-5BF951A7CE3F-SegmentedRaftLog:OPENED:c-1:lastnull, conf=conf: {index: -1, cur=peers:[s3|localhost:15012, s4|localhost:15016, s0|localhost:15000, s1|localhost:15004, s2|localhost:15008]|listeners:[], old=null}
2025-01-08 17:19:45,454 [s2@group-5BF951A7CE3F-FollowerState] INFO  impl.FollowerState (FollowerState.java:runImpl(170)) - s2@group-5BF951A7CE3F-FollowerState was interrupted
2025-01-08 17:19:45,456 [grpc-default-executor-5] INFO  server.RaftServer$Division (RaftServerImpl.java:requestVote(1463)) - s1@group-5BF951A7CE3F: receive requestVote(ELECTION, s0, group-5BF951A7CE3F, 1, (t:0, i:0))
2025-01-08 17:19:45,456 [grpc-default-executor-5] INFO  impl.VoteContext (VoteContext.java:log(49)) - s1@group-5BF951A7CE3F-CANDIDATE: reject ELECTION from s0: already has voted for s1 at current term 1
2025-01-08 17:19:45,457 [grpc-default-executor-5] INFO  server.RaftServer$Division (RaftServerImpl.java:requestVote(1497)) - s1@group-5BF951A7CE3F replies to ELECTION vote request: s0<-s1#0:FAIL-t1. Peer's state: s1@group-5BF951A7CE3F:t1, leader=null, voted=s1, raftlog=Memoized:s1@group-5BF951A7CE3F-SegmentedRaftLog:OPENED:c-1:lastnull, conf=conf: {index: -1, cur=peers:[s3|localhost:15012, s4|localhost:15016, s0|localhost:15000, s1|localhost:15004, s2|localhost:15008]|listeners:[], old=null}
2025-01-08 17:19:45,454 [grpc-default-executor-7] INFO  impl.RoleInfo (RoleInfo.java:updateAndGet(148)) - s2: start s2@group-5BF951A7CE3F-FollowerState
2025-01-08 17:19:45,457 [grpc-default-executor-3] INFO  server.RaftServer$Division (RaftServerImpl.java:requestVote(1463)) - s0@group-5BF951A7CE3F: receive requestVote(ELECTION, s4, group-5BF951A7CE3F, 1, (t:0, i:0))
2025-01-08 17:19:45,457 [grpc-default-executor-3] INFO  impl.VoteContext (VoteContext.java:log(49)) - s0@group-5BF951A7CE3F-CANDIDATE: reject ELECTION from s4: already has voted for s0 at current term 1
2025-01-08 17:19:45,457 [grpc-default-executor-3] INFO  server.RaftServer$Division (RaftServerImpl.java:requestVote(1497)) - s0@group-5BF951A7CE3F replies to ELECTION vote request: s4<-s0#0:FAIL-t1. Peer's state: s0@group-5BF951A7CE3F:t1, leader=null, voted=s0, raftlog=Memoized:s0@group-5BF951A7CE3F-SegmentedRaftLog:OPENED:c-1:lastnull, conf=conf: {index: -1, cur=peers:[s3|localhost:15012, s4|localhost:15016, s0|localhost:15000, s1|localhost:15004, s2|localhost:15008]|listeners:[], old=null}
2025-01-08 17:19:45,459 [grpc-default-executor-6] INFO  server.RaftServer$Division (RaftServerImpl.java:requestVote(1463)) - s3@group-5BF951A7CE3F: receive requestVote(ELECTION, s4, group-5BF951A7CE3F, 1, (t:0, i:0))
2025-01-08 17:19:45,460 [grpc-default-executor-6] INFO  impl.VoteContext (VoteContext.java:log(49)) - s3@group-5BF951A7CE3F-FOLLOWER: reject ELECTION from s4: already has voted for s1 at current term 1
2025-01-08 17:19:45,460 [grpc-default-executor-6] INFO  server.RaftServer$Division (RaftServerImpl.java:requestVote(1497)) - s3@group-5BF951A7CE3F replies to ELECTION vote request: s4<-s3#0:FAIL-t1. Peer's state: s3@group-5BF951A7CE3F:t1, leader=null, voted=s1, raftlog=Memoized:s3@group-5BF951A7CE3F-SegmentedRaftLog:OPENED:c-1:lastnull, conf=conf: {index: -1, cur=peers:[s3|localhost:15012, s4|localhost:15016, s0|localhost:15000, s1|localhost:15004, s2|localhost:15008]|listeners:[], old=null}
2025-01-08 17:19:45,460 [grpc-default-executor-7] INFO  server.RaftServer$Division (RaftServerImpl.java:setFirstElection(567)) - s2@group-5BF951A7CE3F: set firstElectionSinceStartup to false for candidate:s1
2025-01-08 17:19:45,461 [grpc-default-executor-7] TRACE util.FileUtils (LogUtils.java:supplyAndLog(69)) - Successfully supplied FileChannel.open /home/runner/work/ratis/ratis/ratis-test/target/test/data/6744b3dc/MiniRaftClusterWithGrpcca532fac/s2/26966047-03a3-45fa-ba35-5bf951a7ce3f/current/raft-meta.tmp with options [CREATE, WRITE]: sun.nio.ch.FileChannelImpl@3a461f84
2025-01-08 17:19:45,461 [grpc-default-executor-3] INFO  server.RaftServer$Division (RaftServerImpl.java:requestVote(1463)) - s2@group-5BF951A7CE3F: receive requestVote(ELECTION, s4, group-5BF951A7CE3F, 1, (t:0, i:0))
2025-01-08 17:19:45,462 [s0@group-5BF951A7CE3F-LeaderElection1] INFO  impl.LeaderElection (LeaderElection.java:logAndReturn(90)) - s0@group-5BF951A7CE3F-LeaderElection1: ELECTION REJECTED received 3 response(s) and 0 exception(s):
2025-01-08 17:19:45,462 [s0@group-5BF951A7CE3F-LeaderElection1] INFO  impl.LeaderElection (LeaderElection.java:logAndReturn(94)) -   Response 0: s0<-s3#0:FAIL-t1
2025-01-08 17:19:45,462 [s0@group-5BF951A7CE3F-LeaderElection1] INFO  impl.LeaderElection (LeaderElection.java:logAndReturn(94)) -   Response 1: s0<-s4#0:FAIL-t1
2025-01-08 17:19:45,462 [s0@group-5BF951A7CE3F-LeaderElection1] INFO  impl.LeaderElection (LeaderElection.java:logAndReturn(94)) -   Response 2: s0<-s1#0:FAIL-t1
2025-01-08 17:19:45,463 [s0@group-5BF951A7CE3F-LeaderElection1] INFO  impl.LeaderElection (LeaderElection.java:askForVotes(334)) - s0@group-5BF951A7CE3F-LeaderElection1 ELECTION round 0: result REJECTED
2025-01-08 17:19:45,463 [s0@group-5BF951A7CE3F-LeaderElection1] INFO  server.RaftServer$Division (RaftServerImpl.java:setRole(383)) - s0@group-5BF951A7CE3F: changes role from CANDIDATE to FOLLOWER at term 1 for REJECTED
2025-01-08 17:19:45,463 [s0@group-5BF951A7CE3F-LeaderElection1] INFO  impl.RoleInfo (RoleInfo.java:shutdownLeaderElection(141)) - s0: shutdown s0@group-5BF951A7CE3F-LeaderElection1
2025-01-08 17:19:45,463 [grpc-default-executor-7] TRACE util.FileUtils (LogUtils.java:runAndLog(49)) - Successfully ran Atomic Files.move /home/runner/work/ratis/ratis/ratis-test/target/test/data/6744b3dc/MiniRaftClusterWithGrpcca532fac/s2/26966047-03a3-45fa-ba35-5bf951a7ce3f/current/raft-meta.tmp to /home/runner/work/ratis/ratis/ratis-test/target/test/data/6744b3dc/MiniRaftClusterWithGrpcca532fac/s2/26966047-03a3-45fa-ba35-5bf951a7ce3f/current/raft-meta with options [REPLACE_EXISTING]
2025-01-08 17:19:45,463 [grpc-default-executor-7] INFO  server.RaftServer$Division (RaftServerImpl.java:requestVote(1497)) - s2@group-5BF951A7CE3F replies to ELECTION vote request: s1<-s2#0:OK-t1. Peer's state: s2@group-5BF951A7CE3F:t1, leader=null, voted=s1, raftlog=Memoized:s2@group-5BF951A7CE3F-SegmentedRaftLog:OPENED:c-1:lastnull, conf=conf: {index: -1, cur=peers:[s3|localhost:15012, s4|localhost:15016, s0|localhost:15000, s1|localhost:15004, s2|localhost:15008]|listeners:[], old=null}
2025-01-08 17:19:45,464 [grpc-default-executor-3] INFO  impl.VoteContext (VoteContext.java:log(49)) - s2@group-5BF951A7CE3F-FOLLOWER: reject ELECTION from s4: already has voted for s1 at current term 1
2025-01-08 17:19:45,464 [grpc-default-executor-3] INFO  server.RaftServer$Division (RaftServerImpl.java:requestVote(1497)) - s2@group-5BF951A7CE3F replies to ELECTION vote request: s4<-s2#0:FAIL-t1. Peer's state: s2@group-5BF951A7CE3F:t1, leader=null, voted=s1, raftlog=Memoized:s2@group-5BF951A7CE3F-SegmentedRaftLog:OPENED:c-1:lastnull, conf=conf: {index: -1, cur=peers:[s3|localhost:15012, s4|localhost:15016, s0|localhost:15000, s1|localhost:15004, s2|localhost:15008]|listeners:[], old=null}
2025-01-08 17:19:45,464 [grpc-default-executor-0] INFO  impl.VoteContext (VoteContext.java:log(49)) - s2@group-5BF951A7CE3F-FOLLOWER: reject ELECTION from s0: already has voted for s1 at current term 1
2025-01-08 17:19:45,464 [grpc-default-executor-0] INFO  server.RaftServer$Division (RaftServerImpl.java:requestVote(1497)) - s2@group-5BF951A7CE3F replies to ELECTION vote request: s0<-s2#0:FAIL-t1. Peer's state: s2@group-5BF951A7CE3F:t1, leader=null, voted=s1, raftlog=Memoized:s2@group-5BF951A7CE3F-SegmentedRaftLog:OPENED:c-1:lastnull, conf=conf: {index: -1, cur=peers:[s3|localhost:15012, s4|localhost:15016, s0|localhost:15000, s1|localhost:15004, s2|localhost:15008]|listeners:[], old=null}
2025-01-08 17:19:45,463 [s0@group-5BF951A7CE3F-LeaderElection1] INFO  impl.RoleInfo (RoleInfo.java:updateAndGet(148)) - s0: start s0@group-5BF951A7CE3F-FollowerState
2025-01-08 17:19:45,465 [s0@group-5BF951A7CE3F-LeaderElection1] INFO  server.RaftServer$Division (RaftServerImpl.java:setFirstElection(567)) - s0@group-5BF951A7CE3F: set firstElectionSinceStartup to false for REJECTED
2025-01-08 17:19:45,465 [grpc-default-executor-5] INFO  server.RaftServer$Division (RaftServerImpl.java:requestVote(1463)) - s1@group-5BF951A7CE3F: receive requestVote(ELECTION, s4, group-5BF951A7CE3F, 1, (t:0, i:0))
2025-01-08 17:19:45,466 [grpc-default-executor-5] INFO  impl.VoteContext (VoteContext.java:log(49)) - s1@group-5BF951A7CE3F-CANDIDATE: reject ELECTION from s4: already has voted for s1 at current term 1
2025-01-08 17:19:45,466 [grpc-default-executor-5] INFO  server.RaftServer$Division (RaftServerImpl.java:requestVote(1497)) - s1@group-5BF951A7CE3F replies to ELECTION vote request: s4<-s1#0:FAIL-t1. Peer's state: s1@group-5BF951A7CE3F:t1, leader=null, voted=s1, raftlog=Memoized:s1@group-5BF951A7CE3F-SegmentedRaftLog:OPENED:c-1:lastnull, conf=conf: {index: -1, cur=peers:[s3|localhost:15012, s4|localhost:15016, s0|localhost:15000, s1|localhost:15004, s2|localhost:15008]|listeners:[], old=null}
2025-01-08 17:19:45,467 [s4@group-5BF951A7CE3F-LeaderElection2] INFO  impl.LeaderElection (LeaderElection.java:logAndReturn(90)) - s4@group-5BF951A7CE3F-LeaderElection2: ELECTION REJECTED received 3 response(s) and 0 exception(s):
2025-01-08 17:19:45,467 [s4@group-5BF951A7CE3F-LeaderElection2] INFO  impl.LeaderElection (LeaderElection.java:logAndReturn(94)) -   Response 0: s4<-s0#0:FAIL-t1
2025-01-08 17:19:45,467 [s4@group-5BF951A7CE3F-LeaderElection2] INFO  impl.LeaderElection (LeaderElection.java:logAndReturn(94)) -   Response 1: s4<-s1#0:FAIL-t1
2025-01-08 17:19:45,468 [s4@group-5BF951A7CE3F-LeaderElection2] INFO  impl.LeaderElection (LeaderElection.java:logAndReturn(94)) -   Response 2: s4<-s2#0:FAIL-t1
2025-01-08 17:19:45,468 [s4@group-5BF951A7CE3F-LeaderElection2] INFO  impl.LeaderElection (LeaderElection.java:askForVotes(334)) - s4@group-5BF951A7CE3F-LeaderElection2 ELECTION round 0: result REJECTED
2025-01-08 17:19:45,468 [s4@group-5BF951A7CE3F-LeaderElection2] INFO  server.RaftServer$Division (RaftServerImpl.java:setRole(383)) - s4@group-5BF951A7CE3F: changes role from CANDIDATE to FOLLOWER at term 1 for REJECTED
2025-01-08 17:19:45,468 [s4@group-5BF951A7CE3F-LeaderElection2] INFO  impl.RoleInfo (RoleInfo.java:shutdownLeaderElection(141)) - s4: shutdown s4@group-5BF951A7CE3F-LeaderElection2
2025-01-08 17:19:45,468 [s4@group-5BF951A7CE3F-LeaderElection2] INFO  impl.RoleInfo (RoleInfo.java:updateAndGet(148)) - s4: start s4@group-5BF951A7CE3F-FollowerState
2025-01-08 17:19:45,468 [s4@group-5BF951A7CE3F-LeaderElection2] INFO  server.RaftServer$Division (RaftServerImpl.java:setFirstElection(567)) - s4@group-5BF951A7CE3F: set firstElectionSinceStartup to false for REJECTED
2025-01-08 17:19:45,470 [s1@group-5BF951A7CE3F-LeaderElection3] INFO  impl.LeaderElection (LeaderElection.java:logAndReturn(90)) - s1@group-5BF951A7CE3F-LeaderElection3: ELECTION PASSED received 4 response(s) and 0 exception(s):
2025-01-08 17:19:45,470 [s1@group-5BF951A7CE3F-LeaderElection3] INFO  impl.LeaderElection (LeaderElection.java:logAndReturn(94)) -   Response 0: s1<-s3#0:OK-t1
2025-01-08 17:19:45,470 [s1@group-5BF951A7CE3F-LeaderElection3] INFO  impl.LeaderElection (LeaderElection.java:logAndReturn(94)) -   Response 1: s1<-s4#0:FAIL-t1
2025-01-08 17:19:45,470 [s1@group-5BF951A7CE3F-LeaderElection3] INFO  impl.LeaderElection (LeaderElection.java:logAndReturn(94)) -   Response 2: s1<-s0#0:FAIL-t1
2025-01-08 17:19:45,470 [s1@group-5BF951A7CE3F-LeaderElection3] INFO  impl.LeaderElection (LeaderElection.java:logAndReturn(94)) -   Response 3: s1<-s2#0:OK-t1
2025-01-08 17:19:45,470 [s1@group-5BF951A7CE3F-LeaderElection3] INFO  impl.LeaderElection (LeaderElection.java:askForVotes(334)) - s1@group-5BF951A7CE3F-LeaderElection3 ELECTION round 0: result PASSED
2025-01-08 17:19:45,470 [s1@group-5BF951A7CE3F-LeaderElection3] INFO  impl.RoleInfo (RoleInfo.java:shutdownLeaderElection(141)) - s1: shutdown s1@group-5BF951A7CE3F-LeaderElection3
2025-01-08 17:19:45,470 [s1@group-5BF951A7CE3F-LeaderElection3] INFO  server.RaftServer$Division (RaftServerImpl.java:setRole(383)) - s1@group-5BF951A7CE3F: changes role from CANDIDATE to LEADER at term 1 for changeToLeader
2025-01-08 17:19:45,494 [s1@group-5BF951A7CE3F-LeaderElection3] INFO  grpc.GrpcConfigKeys (ConfUtils.java:logGet(62)) - raft.grpc.server.leader.outstanding.appends.max = 8 (default)
2025-01-08 17:19:45,495 [s1@group-5BF951A7CE3F-LeaderElection3] INFO  grpc.GrpcConfigKeys (ConfUtils.java:logGet(62)) - raft.grpc.server.install_snapshot.request.element-limit = 8 (default)
2025-01-08 17:19:45,495 [s1@group-5BF951A7CE3F-LeaderElection3] INFO  grpc.GrpcConfigKeys (ConfUtils.java:logGet(62)) - raft.grpc.server.install_snapshot.request.timeout = 3000ms (default)
2025-01-08 17:19:45,495 [s1@group-5BF951A7CE3F-LeaderElection3] INFO  grpc.GrpcConfigKeys (ConfUtils.java:logGet(62)) - raft.grpc.server.log-message.batch.duration = 5s (default)
2025-01-08 17:19:45,500 [s1@group-5BF951A7CE3F-LeaderElection3] INFO  impl.RoleInfo (RoleInfo.java:updateAndGet(148)) - s1: start s1@group-5BF951A7CE3F-LeaderStateImpl
2025-01-08 17:19:45,500 [s1@group-5BF951A7CE3F-LeaderElection3] INFO  server.RaftServer$Division (RaftServerImpl.java:setFirstElection(567)) - s1@group-5BF951A7CE3F: set firstElectionSinceStartup to false for becomeLeader
2025-01-08 17:19:45,500 [s1@group-5BF951A7CE3F-LeaderElection3] INFO  server.RaftServer$Division (ServerState.java:setLeader(272)) - s1@group-5BF951A7CE3F: change Leader from null to s1 at term 1 for becomeLeader, leader elected after 1485ms
2025-01-08 17:19:45,576 [s1@group-5BF951A7CE3F-LeaderElection3] INFO  segmented.SegmentedRaftLogWorker (SegmentedRaftLogWorker.java:startLogSegment(443)) - s1@group-5BF951A7CE3F-SegmentedRaftLogWorker: Starting segment from index:0
2025-01-08 17:19:45,581 [s1@group-5BF951A7CE3F-LeaderElection3] INFO  server.RaftServer$Division (ServerState.java:setRaftConf(386)) - s1@group-5BF951A7CE3F: set configuration conf: {index: 0, cur=peers:[s3|localhost:15012, s4|localhost:15016, s0|localhost:15000, s1|localhost:15004, s2|localhost:15008]|listeners:[], old=null}
2025-01-08 17:19:45,641 [s1@group-5BF951A7CE3F-SegmentedRaftLogWorker] INFO  segmented.BufferedWriteChannel (BufferedWriteChannel.java:open(61)) - open log_inprogress_0 at position 0
2025-01-08 17:19:45,655 [s1@group-5BF951A7CE3F-SegmentedRaftLogWorker] INFO  segmented.SegmentedRaftLogWorker (SegmentedRaftLogWorker.java:execute(667)) - s1@group-5BF951A7CE3F-SegmentedRaftLogWorker: created new log segment /home/runner/work/ratis/ratis/ratis-test/target/test/data/6744b3dc/MiniRaftClusterWithGrpcca532fac/s1/26966047-03a3-45fa-ba35-5bf951a7ce3f/current/log_inprogress_0
2025-01-08 17:19:45,656 [s4-server-thread1] INFO  server.RaftServer$Division (ServerState.java:setLeader(272)) - s4@group-5BF951A7CE3F: change Leader from null to s1 at term 1 for appendEntries, leader elected after 1645ms
2025-01-08 17:19:45,666 [s2-server-thread1] INFO  server.RaftServer$Division (ServerState.java:setLeader(272)) - s2@group-5BF951A7CE3F: change Leader from null to s1 at term 1 for appendEntries, leader elected after 1608ms
2025-01-08 17:19:45,670 [s0-server-thread2] INFO  server.RaftServer$Division (ServerState.java:setLeader(272)) - s0@group-5BF951A7CE3F: change Leader from null to s1 at term 1 for appendEntries, leader elected after 1658ms
2025-01-08 17:19:45,671 [s0-server-thread2] INFO  server.RaftServer$Division (ServerState.java:setRaftConf(386)) - s0@group-5BF951A7CE3F: set configuration conf: {index: 0, cur=peers:[s3|localhost:15012, s4|localhost:15016, s0|localhost:15000, s1|localhost:15004, s2|localhost:15008]|listeners:[], old=null}
2025-01-08 17:19:45,674 [s3-server-thread1] INFO  server.RaftServer$Division (ServerState.java:setLeader(272)) - s3@group-5BF951A7CE3F: change Leader from null to s1 at term 1 for appendEntries, leader elected after 1663ms
2025-01-08 17:19:45,675 [s0-server-thread2] INFO  segmented.SegmentedRaftLogWorker (SegmentedRaftLogWorker.java:startLogSegment(443)) - s0@group-5BF951A7CE3F-SegmentedRaftLogWorker: Starting segment from index:0
2025-01-08 17:19:45,675 [s3-server-thread2] INFO  server.RaftServer$Division (ServerState.java:setRaftConf(386)) - s3@group-5BF951A7CE3F: set configuration conf: {index: 0, cur=peers:[s3|localhost:15012, s4|localhost:15016, s0|localhost:15000, s1|localhost:15004, s2|localhost:15008]|listeners:[], old=null}
2025-01-08 17:19:45,675 [s3-server-thread2] INFO  segmented.SegmentedRaftLogWorker (SegmentedRaftLogWorker.java:startLogSegment(443)) - s3@group-5BF951A7CE3F-SegmentedRaftLogWorker: Starting segment from index:0
2025-01-08 17:19:45,676 [s3@group-5BF951A7CE3F-SegmentedRaftLogWorker] INFO  segmented.BufferedWriteChannel (BufferedWriteChannel.java:open(61)) - open log_inprogress_0 at position 0
2025-01-08 17:19:45,678 [s0@group-5BF951A7CE3F-SegmentedRaftLogWorker] INFO  segmented.BufferedWriteChannel (BufferedWriteChannel.java:open(61)) - open log_inprogress_0 at position 0
2025-01-08 17:19:45,688 [s2-server-thread2] INFO  server.RaftServer$Division (ServerState.java:setRaftConf(386)) - s2@group-5BF951A7CE3F: set configuration conf: {index: 0, cur=peers:[s3|localhost:15012, s4|localhost:15016, s0|localhost:15000, s1|localhost:15004, s2|localhost:15008]|listeners:[], old=null}
2025-01-08 17:19:45,688 [s2-server-thread2] INFO  segmented.SegmentedRaftLogWorker (SegmentedRaftLogWorker.java:startLogSegment(443)) - s2@group-5BF951A7CE3F-SegmentedRaftLogWorker: Starting segment from index:0
2025-01-08 17:19:45,688 [s4-server-thread2] INFO  server.RaftServer$Division (ServerState.java:setRaftConf(386)) - s4@group-5BF951A7CE3F: set configuration conf: {index: 0, cur=peers:[s3|localhost:15012, s4|localhost:15016, s0|localhost:15000, s1|localhost:15004, s2|localhost:15008]|listeners:[], old=null}
2025-01-08 17:19:45,688 [s4-server-thread2] INFO  segmented.SegmentedRaftLogWorker (SegmentedRaftLogWorker.java:startLogSegment(443)) - s4@group-5BF951A7CE3F-SegmentedRaftLogWorker: Starting segment from index:0
2025-01-08 17:19:45,689 [s4@group-5BF951A7CE3F-SegmentedRaftLogWorker] INFO  segmented.BufferedWriteChannel (BufferedWriteChannel.java:open(61)) - open log_inprogress_0 at position 0
2025-01-08 17:19:45,689 [s2@group-5BF951A7CE3F-SegmentedRaftLogWorker] INFO  segmented.BufferedWriteChannel (BufferedWriteChannel.java:open(61)) - open log_inprogress_0 at position 0
2025-01-08 17:19:45,693 [s0@group-5BF951A7CE3F-SegmentedRaftLogWorker] INFO  segmented.SegmentedRaftLogWorker (SegmentedRaftLogWorker.java:execute(667)) - s0@group-5BF951A7CE3F-SegmentedRaftLogWorker: created new log segment /home/runner/work/ratis/ratis/ratis-test/target/test/data/6744b3dc/MiniRaftClusterWithGrpcca532fac/s0/26966047-03a3-45fa-ba35-5bf951a7ce3f/current/log_inprogress_0
2025-01-08 17:19:45,693 [s3@group-5BF951A7CE3F-SegmentedRaftLogWorker] INFO  segmented.SegmentedRaftLogWorker (SegmentedRaftLogWorker.java:execute(667)) - s3@group-5BF951A7CE3F-SegmentedRaftLogWorker: created new log segment /home/runner/work/ratis/ratis/ratis-test/target/test/data/6744b3dc/MiniRaftClusterWithGrpcca532fac/s3/26966047-03a3-45fa-ba35-5bf951a7ce3f/current/log_inprogress_0
2025-01-08 17:19:45,701 [s4@group-5BF951A7CE3F-SegmentedRaftLogWorker] INFO  segmented.SegmentedRaftLogWorker (SegmentedRaftLogWorker.java:execute(667)) - s4@group-5BF951A7CE3F-SegmentedRaftLogWorker: created new log segment /home/runner/work/ratis/ratis/ratis-test/target/test/data/6744b3dc/MiniRaftClusterWithGrpcca532fac/s4/26966047-03a3-45fa-ba35-5bf951a7ce3f/current/log_inprogress_0
2025-01-08 17:19:45,701 [s1@group-5BF951A7CE3F-StateMachineUpdater] TRACE util.FileUtils (LogUtils.java:supplyAndLog(69)) - Successfully supplied FileChannel.open /home/runner/work/ratis/ratis/ratis-test/target/test/data/6744b3dc/MiniRaftClusterWithGrpcca532fac/s1/26966047-03a3-45fa-ba35-5bf951a7ce3f/current/raft-meta.conf.tmp with options [CREATE, WRITE]: sun.nio.ch.FileChannelImpl@57d7e326
2025-01-08 17:19:45,709 [s1@group-5BF951A7CE3F-StateMachineUpdater] TRACE util.FileUtils (LogUtils.java:runAndLog(49)) - Successfully ran Atomic Files.move /home/runner/work/ratis/ratis/ratis-test/target/test/data/6744b3dc/MiniRaftClusterWithGrpcca532fac/s1/26966047-03a3-45fa-ba35-5bf951a7ce3f/current/raft-meta.conf.tmp to /home/runner/work/ratis/ratis/ratis-test/target/test/data/6744b3dc/MiniRaftClusterWithGrpcca532fac/s1/26966047-03a3-45fa-ba35-5bf951a7ce3f/current/raft-meta.conf with options [REPLACE_EXISTING]
2025-01-08 17:19:45,710 [s1@group-5BF951A7CE3F-StateMachineUpdater] INFO  server.RaftServer$Division (LeaderStateImpl.java:checkStartIndex(314)) - Leader s1@group-5BF951A7CE3F-LeaderStateImpl is ready since appliedIndex == startIndex == 0
2025-01-08 17:19:45,710 [s2@group-5BF951A7CE3F-SegmentedRaftLogWorker] INFO  segmented.SegmentedRaftLogWorker (SegmentedRaftLogWorker.java:execute(667)) - s2@group-5BF951A7CE3F-SegmentedRaftLogWorker: created new log segment /home/runner/work/ratis/ratis/ratis-test/target/test/data/6744b3dc/MiniRaftClusterWithGrpcca532fac/s2/26966047-03a3-45fa-ba35-5bf951a7ce3f/current/log_inprogress_0
2025-01-08 17:19:47,202 [s0@group-5BF951A7CE3F-StateMachineUpdater] TRACE util.FileUtils (LogUtils.java:supplyAndLog(69)) - Successfully supplied FileChannel.open /home/runner/work/ratis/ratis/ratis-test/target/test/data/6744b3dc/MiniRaftClusterWithGrpcca532fac/s0/26966047-03a3-45fa-ba35-5bf951a7ce3f/current/raft-meta.conf.tmp with options [CREATE, WRITE]: sun.nio.ch.FileChannelImpl@21d0340
2025-01-08 17:19:47,203 [s3@group-5BF951A7CE3F-StateMachineUpdater] TRACE util.FileUtils (LogUtils.java:supplyAndLog(69)) - Successfully supplied FileChannel.open /home/runner/work/ratis/ratis/ratis-test/target/test/data/6744b3dc/MiniRaftClusterWithGrpcca532fac/s3/26966047-03a3-45fa-ba35-5bf951a7ce3f/current/raft-meta.conf.tmp with options [CREATE, WRITE]: sun.nio.ch.FileChannelImpl@1c95ec38
2025-01-08 17:19:47,206 [s0@group-5BF951A7CE3F-StateMachineUpdater] TRACE util.FileUtils (LogUtils.java:runAndLog(49)) - Successfully ran Atomic Files.move /home/runner/work/ratis/ratis/ratis-test/target/test/data/6744b3dc/MiniRaftClusterWithGrpcca532fac/s0/26966047-03a3-45fa-ba35-5bf951a7ce3f/current/raft-meta.conf.tmp to /home/runner/work/ratis/ratis/ratis-test/target/test/data/6744b3dc/MiniRaftClusterWithGrpcca532fac/s0/26966047-03a3-45fa-ba35-5bf951a7ce3f/current/raft-meta.conf with options [REPLACE_EXISTING]
2025-01-08 17:19:47,208 [s3@group-5BF951A7CE3F-StateMachineUpdater] TRACE util.FileUtils (LogUtils.java:runAndLog(49)) - Successfully ran Atomic Files.move /home/runner/work/ratis/ratis/ratis-test/target/test/data/6744b3dc/MiniRaftClusterWithGrpcca532fac/s3/26966047-03a3-45fa-ba35-5bf951a7ce3f/current/raft-meta.conf.tmp to /home/runner/work/ratis/ratis/ratis-test/target/test/data/6744b3dc/MiniRaftClusterWithGrpcca532fac/s3/26966047-03a3-45fa-ba35-5bf951a7ce3f/current/raft-meta.conf with options [REPLACE_EXISTING]
2025-01-08 17:19:47,214 [s4@group-5BF951A7CE3F-StateMachineUpdater] TRACE util.FileUtils (LogUtils.java:supplyAndLog(69)) - Successfully supplied FileChannel.open /home/runner/work/ratis/ratis/ratis-test/target/test/data/6744b3dc/MiniRaftClusterWithGrpcca532fac/s4/26966047-03a3-45fa-ba35-5bf951a7ce3f/current/raft-meta.conf.tmp with options [CREATE, WRITE]: sun.nio.ch.FileChannelImpl@32730ab
2025-01-08 17:19:47,216 [s2@group-5BF951A7CE3F-StateMachineUpdater] TRACE util.FileUtils (LogUtils.java:supplyAndLog(69)) - Successfully supplied FileChannel.open /home/runner/work/ratis/ratis/ratis-test/target/test/data/6744b3dc/MiniRaftClusterWithGrpcca532fac/s2/26966047-03a3-45fa-ba35-5bf951a7ce3f/current/raft-meta.conf.tmp with options [CREATE, WRITE]: sun.nio.ch.FileChannelImpl@605d2ab8
2025-01-08 17:19:47,217 [s4@group-5BF951A7CE3F-StateMachineUpdater] TRACE util.FileUtils (LogUtils.java:runAndLog(49)) - Successfully ran Atomic Files.move /home/runner/work/ratis/ratis/ratis-test/target/test/data/6744b3dc/MiniRaftClusterWithGrpcca532fac/s4/26966047-03a3-45fa-ba35-5bf951a7ce3f/current/raft-meta.conf.tmp to /home/runner/work/ratis/ratis/ratis-test/target/test/data/6744b3dc/MiniRaftClusterWithGrpcca532fac/s4/26966047-03a3-45fa-ba35-5bf951a7ce3f/current/raft-meta.conf with options [REPLACE_EXISTING]
2025-01-08 17:19:47,221 [s2@group-5BF951A7CE3F-StateMachineUpdater] TRACE util.FileUtils (LogUtils.java:runAndLog(49)) - Successfully ran Atomic Files.move /home/runner/work/ratis/ratis/ratis-test/target/test/data/6744b3dc/MiniRaftClusterWithGrpcca532fac/s2/26966047-03a3-45fa-ba35-5bf951a7ce3f/current/raft-meta.conf.tmp to /home/runner/work/ratis/ratis/ratis-test/target/test/data/6744b3dc/MiniRaftClusterWithGrpcca532fac/s2/26966047-03a3-45fa-ba35-5bf951a7ce3f/current/raft-meta.conf with options [REPLACE_EXISTING]
2025-01-08 17:19:53,191 [main] INFO  ratis.RaftTestUtil (RaftTestUtil.java:waitForLeader(131)) - printing ALL groups
  s3:  RUNNING  FOLLOWER s3@group-5BF951A7CE3F:t1, leader=s1, voted=s1, raftlog=Memoized:s3@group-5BF951A7CE3F-SegmentedRaftLog:OPENED:c0:last(t:1, i:0), conf=conf: {index: 0, cur=peers:[s3|localhost:15012, s4|localhost:15016, s0|localhost:15000, s1|localhost:15004, s2|localhost:15008]|listeners:[], old=null} RUNNING
  s4:  RUNNING  FOLLOWER s4@group-5BF951A7CE3F:t1, leader=s1, voted=s4, raftlog=Memoized:s4@group-5BF951A7CE3F-SegmentedRaftLog:OPENED:c0:last(t:1, i:0), conf=conf: {index: 0, cur=peers:[s3|localhost:15012, s4|localhost:15016, s0|localhost:15000, s1|localhost:15004, s2|localhost:15008]|listeners:[], old=null} RUNNING
  s0:  RUNNING  FOLLOWER s0@group-5BF951A7CE3F:t1, leader=s1, voted=s0, raftlog=Memoized:s0@group-5BF951A7CE3F-SegmentedRaftLog:OPENED:c0:last(t:1, i:0), conf=conf: {index: 0, cur=peers:[s3|localhost:15012, s4|localhost:15016, s0|localhost:15000, s1|localhost:15004, s2|localhost:15008]|listeners:[], old=null} RUNNING
  s1:  RUNNING    LEADER s1@group-5BF951A7CE3F:t1, leader=s1, voted=s1, raftlog=Memoized:s1@group-5BF951A7CE3F-SegmentedRaftLog:OPENED:c0:last(t:1, i:0), conf=conf: {index: 0, cur=peers:[s3|localhost:15012, s4|localhost:15016, s0|localhost:15000, s1|localhost:15004, s2|localhost:15008]|listeners:[], old=null} RUNNING
  s2:  RUNNING  FOLLOWER s2@group-5BF951A7CE3F:t1, leader=s1, voted=s1, raftlog=Memoized:s2@group-5BF951A7CE3F-SegmentedRaftLog:OPENED:c0:last(t:1, i:0), conf=conf: {index: 0, cur=peers:[s3|localhost:15012, s4|localhost:15016, s0|localhost:15000, s1|localhost:15004, s2|localhost:15008]|listeners:[], old=null} RUNNING
2025-01-08 17:19:53,195 [main] INFO  grpc.TestRaftLogTruncateWithGrpc (RaftLogTruncateTests.java:runTestLogTruncate(128)) - oldLeader: s1, term=1
2025-01-08 17:19:53,195 [main] INFO  grpc.TestRaftLogTruncateWithGrpc (RaftLogTruncateTests.java:runTestLogTruncate(129)) - killedPeers   : [s3, s4, s0]
2025-01-08 17:19:53,195 [main] INFO  grpc.TestRaftLogTruncateWithGrpc (RaftLogTruncateTests.java:runTestLogTruncate(130)) - remainingPeers: [s1, s2]
2025-01-08 17:19:53,196 [main] DEBUG impl.TransactionManager (TransactionManager.java:getMap(49)) - s3-TransactionManager:size=0
2025-01-08 17:19:53,196 [main] DEBUG impl.TransactionManager (TransactionManager.java:getMap(49)) - s4-TransactionManager:size=0
2025-01-08 17:19:53,196 [main] DEBUG impl.TransactionManager (TransactionManager.java:getMap(49)) - s0-TransactionManager:size=0
2025-01-08 17:19:53,196 [main] DEBUG impl.TransactionManager (TransactionManager.java:getMap(49)) - s1-TransactionManager:size=0
2025-01-08 17:19:53,196 [main] DEBUG impl.TransactionManager (TransactionManager.java:getMap(49)) - s2-TransactionManager:size=0
2025-01-08 17:19:53,256 [s2-server-thread1] DEBUG impl.TransactionManager (TransactionManager.java:computeIfAbsent(60)) - (t:1, i:1): s2-TransactionManager:size=1
2025-01-08 17:19:53,258 [s4-server-thread2] DEBUG impl.TransactionManager (TransactionManager.java:computeIfAbsent(60)) - (t:1, i:1): s4-TransactionManager:size=1
2025-01-08 17:19:53,257 [s3-server-thread2] DEBUG impl.TransactionManager (TransactionManager.java:computeIfAbsent(60)) - (t:1, i:1): s3-TransactionManager:size=1
2025-01-08 17:19:53,258 [s0-server-thread1] DEBUG impl.TransactionManager (TransactionManager.java:computeIfAbsent(60)) - (t:1, i:1): s0-TransactionManager:size=1
2025-01-08 17:19:53,261 [s1@group-5BF951A7CE3F-StateMachineUpdater] INFO  impl.SimpleStateMachine4Testing (SimpleStateMachine4Testing.java:applyTransaction(250)) - applyTransaction for log index 1
2025-01-08 17:19:53,261 [s1@group-5BF951A7CE3F-StateMachineUpdater] INFO  impl.SimpleStateMachine4Testing (SimpleStateMachine4Testing.java:put(206)) - s1: put 1, first0 -> (t:1, i:1), STATEMACHINELOGENTRY, WRITE: logData.size=6, stateMachineData.size=17, logEntryProtoSerializedSize=0
2025-01-08 17:19:53,270 [s3@group-5BF951A7CE3F-StateMachineUpdater] INFO  impl.SimpleStateMachine4Testing (SimpleStateMachine4Testing.java:applyTransaction(250)) - applyTransaction for log index 1
2025-01-08 17:19:53,270 [s3@group-5BF951A7CE3F-StateMachineUpdater] INFO  impl.SimpleStateMachine4Testing (SimpleStateMachine4Testing.java:put(206)) - s3: put 1, first0 -> (t:1, i:1), STATEMACHINELOGENTRY, WRITE: logData.size=6, stateMachineData.size=17, logEntryProtoSerializedSize=0
2025-01-08 17:19:53,270 [s3@group-5BF951A7CE3F-StateMachineUpdater] DEBUG impl.TransactionManager (TransactionManager.java:remove(68)) - (t:1, i:1): s3-TransactionManager:size=0
2025-01-08 17:19:53,272 [s2@group-5BF951A7CE3F-StateMachineUpdater] INFO  impl.SimpleStateMachine4Testing (SimpleStateMachine4Testing.java:applyTransaction(250)) - applyTransaction for log index 1
2025-01-08 17:19:53,272 [s2@group-5BF951A7CE3F-StateMachineUpdater] INFO  impl.SimpleStateMachine4Testing (SimpleStateMachine4Testing.java:put(206)) - s2: put 1, first0 -> (t:1, i:1), STATEMACHINELOGENTRY, WRITE: logData.size=6, stateMachineData.size=17, logEntryProtoSerializedSize=0
2025-01-08 17:19:53,272 [s2@group-5BF951A7CE3F-StateMachineUpdater] DEBUG impl.TransactionManager (TransactionManager.java:remove(68)) - (t:1, i:1): s2-TransactionManager:size=0
2025-01-08 17:19:53,273 [s0@group-5BF951A7CE3F-StateMachineUpdater] INFO  impl.SimpleStateMachine4Testing (SimpleStateMachine4Testing.java:applyTransaction(250)) - applyTransaction for log index 1
2025-01-08 17:19:53,273 [s0@group-5BF951A7CE3F-StateMachineUpdater] INFO  impl.SimpleStateMachine4Testing (SimpleStateMachine4Testing.java:put(206)) - s0: put 1, first0 -> (t:1, i:1), STATEMACHINELOGENTRY, WRITE: logData.size=6, stateMachineData.size=17, logEntryProtoSerializedSize=0
2025-01-08 17:19:53,273 [s0@group-5BF951A7CE3F-StateMachineUpdater] DEBUG impl.TransactionManager (TransactionManager.java:remove(68)) - (t:1, i:1): s0-TransactionManager:size=0
2025-01-08 17:19:53,274 [s4@group-5BF951A7CE3F-StateMachineUpdater] INFO  impl.SimpleStateMachine4Testing (SimpleStateMachine4Testing.java:applyTransaction(250)) - applyTransaction for log index 1
2025-01-08 17:19:53,274 [s4@group-5BF951A7CE3F-StateMachineUpdater] INFO  impl.SimpleStateMachine4Testing (SimpleStateMachine4Testing.java:put(206)) - s4: put 1, first0 -> (t:1, i:1), STATEMACHINELOGENTRY, WRITE: logData.size=6, stateMachineData.size=17, logEntryProtoSerializedSize=0
2025-01-08 17:19:53,274 [s4@group-5BF951A7CE3F-StateMachineUpdater] DEBUG impl.TransactionManager (TransactionManager.java:remove(68)) - (t:1, i:1): s4-TransactionManager:size=0
2025-01-08 17:19:53,290 [s0-server-thread1] DEBUG impl.TransactionManager (TransactionManager.java:computeIfAbsent(60)) - (t:1, i:3): s0-TransactionManager:size=1
2025-01-08 17:19:53,292 [s4-server-thread2] DEBUG impl.TransactionManager (TransactionManager.java:computeIfAbsent(60)) - (t:1, i:3): s4-TransactionManager:size=1
2025-01-08 17:19:53,295 [s1@group-5BF951A7CE3F-StateMachineUpdater] INFO  impl.SimpleStateMachine4Testing (SimpleStateMachine4Testing.java:applyTransaction(250)) - applyTransaction for log index 3
2025-01-08 17:19:53,295 [s1@group-5BF951A7CE3F-StateMachineUpdater] INFO  impl.SimpleStateMachine4Testing (SimpleStateMachine4Testing.java:put(206)) - s1: put 3, first1 -> (t:1, i:3), STATEMACHINELOGENTRY, WRITE: logData.size=6, stateMachineData.size=17, logEntryProtoSerializedSize=0
2025-01-08 17:19:53,296 [s3-server-thread2] DEBUG impl.TransactionManager (TransactionManager.java:computeIfAbsent(60)) - (t:1, i:3): s3-TransactionManager:size=1
2025-01-08 17:19:53,296 [s2-server-thread1] DEBUG impl.TransactionManager (TransactionManager.java:computeIfAbsent(60)) - (t:1, i:3): s2-TransactionManager:size=1
2025-01-08 17:19:53,301 [s3@group-5BF951A7CE3F-StateMachineUpdater] INFO  impl.SimpleStateMachine4Testing (SimpleStateMachine4Testing.java:applyTransaction(250)) - applyTransaction for log index 3
2025-01-08 17:19:53,301 [s3@group-5BF951A7CE3F-StateMachineUpdater] INFO  impl.SimpleStateMachine4Testing (SimpleStateMachine4Testing.java:put(206)) - s3: put 3, first1 -> (t:1, i:3), STATEMACHINELOGENTRY, WRITE: logData.size=6, stateMachineData.size=17, logEntryProtoSerializedSize=0
2025-01-08 17:19:53,301 [s3@group-5BF951A7CE3F-StateMachineUpdater] DEBUG impl.TransactionManager (TransactionManager.java:remove(68)) - (t:1, i:3): s3-TransactionManager:size=0
2025-01-08 17:19:53,302 [s0@group-5BF951A7CE3F-StateMachineUpdater] INFO  impl.SimpleStateMachine4Testing (SimpleStateMachine4Testing.java:applyTransaction(250)) - applyTransaction for log index 3
2025-01-08 17:19:53,302 [s0@group-5BF951A7CE3F-StateMachineUpdater] INFO  impl.SimpleStateMachine4Testing (SimpleStateMachine4Testing.java:put(206)) - s0: put 3, first1 -> (t:1, i:3), STATEMACHINELOGENTRY, WRITE: logData.size=6, stateMachineData.size=17, logEntryProtoSerializedSize=0
2025-01-08 17:19:53,302 [s0@group-5BF951A7CE3F-StateMachineUpdater] DEBUG impl.TransactionManager (TransactionManager.java:remove(68)) - (t:1, i:3): s0-TransactionManager:size=0
2025-01-08 17:19:53,303 [s4@group-5BF951A7CE3F-StateMachineUpdater] INFO  impl.SimpleStateMachine4Testing (SimpleStateMachine4Testing.java:applyTransaction(250)) - applyTransaction for log index 3
2025-01-08 17:19:53,303 [s4@group-5BF951A7CE3F-StateMachineUpdater] INFO  impl.SimpleStateMachine4Testing (SimpleStateMachine4Testing.java:put(206)) - s4: put 3, first1 -> (t:1, i:3), STATEMACHINELOGENTRY, WRITE: logData.size=6, stateMachineData.size=17, logEntryProtoSerializedSize=0
2025-01-08 17:19:53,303 [s4@group-5BF951A7CE3F-StateMachineUpdater] DEBUG impl.TransactionManager (TransactionManager.java:remove(68)) - (t:1, i:3): s4-TransactionManager:size=0
2025-01-08 17:19:53,304 [s2@group-5BF951A7CE3F-StateMachineUpdater] INFO  impl.SimpleStateMachine4Testing (SimpleStateMachine4Testing.java:applyTransaction(250)) - applyTransaction for log index 3
2025-01-08 17:19:53,304 [s2@group-5BF951A7CE3F-StateMachineUpdater] INFO  impl.SimpleStateMachine4Testing (SimpleStateMachine4Testing.java:put(206)) - s2: put 3, first1 -> (t:1, i:3), STATEMACHINELOGENTRY, WRITE: logData.size=6, stateMachineData.size=17, logEntryProtoSerializedSize=0
2025-01-08 17:19:53,304 [s2@group-5BF951A7CE3F-StateMachineUpdater] DEBUG impl.TransactionManager (TransactionManager.java:remove(68)) - (t:1, i:3): s2-TransactionManager:size=0
2025-01-08 17:19:53,309 [s3-server-thread2] DEBUG impl.TransactionManager (TransactionManager.java:computeIfAbsent(60)) - (t:1, i:5): s3-TransactionManager:size=1
2025-01-08 17:19:53,311 [s0-server-thread1] DEBUG impl.TransactionManager (TransactionManager.java:computeIfAbsent(60)) - (t:1, i:5): s0-TransactionManager:size=1
2025-01-08 17:19:53,312 [s4-server-thread2] DEBUG impl.TransactionManager (TransactionManager.java:computeIfAbsent(60)) - (t:1, i:5): s4-TransactionManager:size=1
2025-01-08 17:19:53,312 [s2-server-thread1] DEBUG impl.TransactionManager (TransactionManager.java:computeIfAbsent(60)) - (t:1, i:5): s2-TransactionManager:size=1
2025-01-08 17:19:53,313 [s1@group-5BF951A7CE3F-StateMachineUpdater] INFO  impl.SimpleStateMachine4Testing (SimpleStateMachine4Testing.java:applyTransaction(250)) - applyTransaction for log index 5
2025-01-08 17:19:53,313 [s1@group-5BF951A7CE3F-StateMachineUpdater] INFO  impl.SimpleStateMachine4Testing (SimpleStateMachine4Testing.java:put(206)) - s1: put 5, first2 -> (t:1, i:5), STATEMACHINELOGENTRY, WRITE: logData.size=6, stateMachineData.size=17, logEntryProtoSerializedSize=0
2025-01-08 17:19:53,317 [s4@group-5BF951A7CE3F-StateMachineUpdater] INFO  impl.SimpleStateMachine4Testing (SimpleStateMachine4Testing.java:applyTransaction(250)) - applyTransaction for log index 5
2025-01-08 17:19:53,317 [s4@group-5BF951A7CE3F-StateMachineUpdater] INFO  impl.SimpleStateMachine4Testing (SimpleStateMachine4Testing.java:put(206)) - s4: put 5, first2 -> (t:1, i:5), STATEMACHINELOGENTRY, WRITE: logData.size=6, stateMachineData.size=17, logEntryProtoSerializedSize=0
2025-01-08 17:19:53,317 [s4@group-5BF951A7CE3F-StateMachineUpdater] DEBUG impl.TransactionManager (TransactionManager.java:remove(68)) - (t:1, i:5): s4-TransactionManager:size=0
2025-01-08 17:19:53,318 [s3@group-5BF951A7CE3F-StateMachineUpdater] INFO  impl.SimpleStateMachine4Testing (SimpleStateMachine4Testing.java:applyTransaction(250)) - applyTransaction for log index 5
2025-01-08 17:19:53,318 [s3@group-5BF951A7CE3F-StateMachineUpdater] INFO  impl.SimpleStateMachine4Testing (SimpleStateMachine4Testing.java:put(206)) - s3: put 5, first2 -> (t:1, i:5), STATEMACHINELOGENTRY, WRITE: logData.size=6, stateMachineData.size=17, logEntryProtoSerializedSize=0
2025-01-08 17:19:53,318 [s3@group-5BF951A7CE3F-StateMachineUpdater] DEBUG impl.TransactionManager (TransactionManager.java:remove(68)) - (t:1, i:5): s3-TransactionManager:size=0
2025-01-08 17:19:53,320 [s0@group-5BF951A7CE3F-StateMachineUpdater] INFO  impl.SimpleStateMachine4Testing (SimpleStateMachine4Testing.java:applyTransaction(250)) - applyTransaction for log index 5
2025-01-08 17:19:53,320 [s2@group-5BF951A7CE3F-StateMachineUpdater] INFO  impl.SimpleStateMachine4Testing (SimpleStateMachine4Testing.java:applyTransaction(250)) - applyTransaction for log index 5
2025-01-08 17:19:53,320 [s0@group-5BF951A7CE3F-StateMachineUpdater] INFO  impl.SimpleStateMachine4Testing (SimpleStateMachine4Testing.java:put(206)) - s0: put 5, first2 -> (t:1, i:5), STATEMACHINELOGENTRY, WRITE: logData.size=6, stateMachineData.size=17, logEntryProtoSerializedSize=0
2025-01-08 17:19:53,320 [s2@group-5BF951A7CE3F-StateMachineUpdater] INFO  impl.SimpleStateMachine4Testing (SimpleStateMachine4Testing.java:put(206)) - s2: put 5, first2 -> (t:1, i:5), STATEMACHINELOGENTRY, WRITE: logData.size=6, stateMachineData.size=17, logEntryProtoSerializedSize=0
2025-01-08 17:19:53,320 [s0@group-5BF951A7CE3F-StateMachineUpdater] DEBUG impl.TransactionManager (TransactionManager.java:remove(68)) - (t:1, i:5): s0-TransactionManager:size=0
2025-01-08 17:19:53,320 [s2@group-5BF951A7CE3F-StateMachineUpdater] DEBUG impl.TransactionManager (TransactionManager.java:remove(68)) - (t:1, i:5): s2-TransactionManager:size=0
2025-01-08 17:19:53,325 [s2-server-thread1] DEBUG impl.TransactionManager (TransactionManager.java:computeIfAbsent(60)) - (t:1, i:7): s2-TransactionManager:size=1
2025-01-08 17:19:53,325 [s0-server-thread1] DEBUG impl.TransactionManager (TransactionManager.java:computeIfAbsent(60)) - (t:1, i:7): s0-TransactionManager:size=1
2025-01-08 17:19:53,326 [s3-server-thread2] DEBUG impl.TransactionManager (TransactionManager.java:computeIfAbsent(60)) - (t:1, i:7): s3-TransactionManager:size=1
2025-01-08 17:19:53,327 [s1@group-5BF951A7CE3F-StateMachineUpdater] INFO  impl.SimpleStateMachine4Testing (SimpleStateMachine4Testing.java:applyTransaction(250)) - applyTransaction for log index 7
2025-01-08 17:19:53,327 [s1@group-5BF951A7CE3F-StateMachineUpdater] INFO  impl.SimpleStateMachine4Testing (SimpleStateMachine4Testing.java:put(206)) - s1: put 7, first3 -> (t:1, i:7), STATEMACHINELOGENTRY, WRITE: logData.size=6, stateMachineData.size=17, logEntryProtoSerializedSize=0
2025-01-08 17:19:53,328 [s4-server-thread2] DEBUG impl.TransactionManager (TransactionManager.java:computeIfAbsent(60)) - (t:1, i:7): s4-TransactionManager:size=1
2025-01-08 17:19:53,333 [s4@group-5BF951A7CE3F-StateMachineUpdater] INFO  impl.SimpleStateMachine4Testing (SimpleStateMachine4Testing.java:applyTransaction(250)) - applyTransaction for log index 7
2025-01-08 17:19:53,334 [s3@group-5BF951A7CE3F-StateMachineUpdater] INFO  impl.SimpleStateMachine4Testing (SimpleStateMachine4Testing.java:applyTransaction(250)) - applyTransaction for log index 7
2025-01-08 17:19:53,334 [s4@group-5BF951A7CE3F-StateMachineUpdater] INFO  impl.SimpleStateMachine4Testing (SimpleStateMachine4Testing.java:put(206)) - s4: put 7, first3 -> (t:1, i:7), STATEMACHINELOGENTRY, WRITE: logData.size=6, stateMachineData.size=17, logEntryProtoSerializedSize=0
2025-01-08 17:19:53,334 [s3@group-5BF951A7CE3F-StateMachineUpdater] INFO  impl.SimpleStateMachine4Testing (SimpleStateMachine4Testing.java:put(206)) - s3: put 7, first3 -> (t:1, i:7), STATEMACHINELOGENTRY, WRITE: logData.size=6, stateMachineData.size=17, logEntryProtoSerializedSize=0
2025-01-08 17:19:53,334 [s4@group-5BF951A7CE3F-StateMachineUpdater] DEBUG impl.TransactionManager (TransactionManager.java:remove(68)) - (t:1, i:7): s4-TransactionManager:size=0
2025-01-08 17:19:53,334 [s3@group-5BF951A7CE3F-StateMachineUpdater] DEBUG impl.TransactionManager (TransactionManager.java:remove(68)) - (t:1, i:7): s3-TransactionManager:size=0
2025-01-08 17:19:53,334 [s2@group-5BF951A7CE3F-StateMachineUpdater] INFO  impl.SimpleStateMachine4Testing (SimpleStateMachine4Testing.java:applyTransaction(250)) - applyTransaction for log index 7
2025-01-08 17:19:53,334 [s2@group-5BF951A7CE3F-StateMachineUpdater] INFO  impl.SimpleStateMachine4Testing (SimpleStateMachine4Testing.java:put(206)) - s2: put 7, first3 -> (t:1, i:7), STATEMACHINELOGENTRY, WRITE: logData.size=6, stateMachineData.size=17, logEntryProtoSerializedSize=0
2025-01-08 17:19:53,334 [s2@group-5BF951A7CE3F-StateMachineUpdater] DEBUG impl.TransactionManager (TransactionManager.java:remove(68)) - (t:1, i:7): s2-TransactionManager:size=0
2025-01-08 17:19:53,335 [s0@group-5BF951A7CE3F-StateMachineUpdater] INFO  impl.SimpleStateMachine4Testing (SimpleStateMachine4Testing.java:applyTransaction(250)) - applyTransaction for log index 7
2025-01-08 17:19:53,336 [s0@group-5BF951A7CE3F-StateMachineUpdater] INFO  impl.SimpleStateMachine4Testing (SimpleStateMachine4Testing.java:put(206)) - s0: put 7, first3 -> (t:1, i:7), STATEMACHINELOGENTRY, WRITE: logData.size=6, stateMachineData.size=17, logEntryProtoSerializedSize=0
2025-01-08 17:19:53,336 [s0@group-5BF951A7CE3F-StateMachineUpdater] DEBUG impl.TransactionManager (TransactionManager.java:remove(68)) - (t:1, i:7): s0-TransactionManager:size=0
2025-01-08 17:19:53,342 [s4-server-thread2] DEBUG impl.TransactionManager (TransactionManager.java:computeIfAbsent(60)) - (t:1, i:9): s4-TransactionManager:size=1
2025-01-08 17:19:53,342 [s2-server-thread1] DEBUG impl.TransactionManager (TransactionManager.java:computeIfAbsent(60)) - (t:1, i:9): s2-TransactionManager:size=1
2025-01-08 17:19:53,344 [s3-server-thread2] DEBUG impl.TransactionManager (TransactionManager.java:computeIfAbsent(60)) - (t:1, i:9): s3-TransactionManager:size=1
2025-01-08 17:19:53,345 [s0-server-thread1] DEBUG impl.TransactionManager (TransactionManager.java:computeIfAbsent(60)) - (t:1, i:9): s0-TransactionManager:size=1
2025-01-08 17:19:53,346 [s1@group-5BF951A7CE3F-StateMachineUpdater] INFO  impl.SimpleStateMachine4Testing (SimpleStateMachine4Testing.java:applyTransaction(250)) - applyTransaction for log index 9
2025-01-08 17:19:53,346 [s1@group-5BF951A7CE3F-StateMachineUpdater] INFO  impl.SimpleStateMachine4Testing (SimpleStateMachine4Testing.java:put(206)) - s1: put 9, first4 -> (t:1, i:9), STATEMACHINELOGENTRY, WRITE: logData.size=6, stateMachineData.size=17, logEntryProtoSerializedSize=0
2025-01-08 17:19:53,348 [s2@group-5BF951A7CE3F-StateMachineUpdater] INFO  impl.SimpleStateMachine4Testing (SimpleStateMachine4Testing.java:applyTransaction(250)) - applyTransaction for log index 9
2025-01-08 17:19:53,348 [s2@group-5BF951A7CE3F-StateMachineUpdater] INFO  impl.SimpleStateMachine4Testing (SimpleStateMachine4Testing.java:put(206)) - s2: put 9, first4 -> (t:1, i:9), STATEMACHINELOGENTRY, WRITE: logData.size=6, stateMachineData.size=17, logEntryProtoSerializedSize=0
2025-01-08 17:19:53,348 [s2@group-5BF951A7CE3F-StateMachineUpdater] DEBUG impl.TransactionManager (TransactionManager.java:remove(68)) - (t:1, i:9): s2-TransactionManager:size=0
2025-01-08 17:19:53,351 [s3@group-5BF951A7CE3F-StateMachineUpdater] INFO  impl.SimpleStateMachine4Testing (SimpleStateMachine4Testing.java:applyTransaction(250)) - applyTransaction for log index 9
2025-01-08 17:19:53,351 [s3@group-5BF951A7CE3F-StateMachineUpdater] INFO  impl.SimpleStateMachine4Testing (SimpleStateMachine4Testing.java:put(206)) - s3: put 9, first4 -> (t:1, i:9), STATEMACHINELOGENTRY, WRITE: logData.size=6, stateMachineData.size=17, logEntryProtoSerializedSize=0
2025-01-08 17:19:53,351 [s3@group-5BF951A7CE3F-StateMachineUpdater] DEBUG impl.TransactionManager (TransactionManager.java:remove(68)) - (t:1, i:9): s3-TransactionManager:size=0
2025-01-08 17:19:53,353 [s4@group-5BF951A7CE3F-StateMachineUpdater] INFO  impl.SimpleStateMachine4Testing (SimpleStateMachine4Testing.java:applyTransaction(250)) - applyTransaction for log index 9
2025-01-08 17:19:53,354 [s4@group-5BF951A7CE3F-StateMachineUpdater] INFO  impl.SimpleStateMachine4Testing (SimpleStateMachine4Testing.java:put(206)) - s4: put 9, first4 -> (t:1, i:9), STATEMACHINELOGENTRY, WRITE: logData.size=6, stateMachineData.size=17, logEntryProtoSerializedSize=0
2025-01-08 17:19:53,354 [s4@group-5BF951A7CE3F-StateMachineUpdater] DEBUG impl.TransactionManager (TransactionManager.java:remove(68)) - (t:1, i:9): s4-TransactionManager:size=0
2025-01-08 17:19:53,357 [main] DEBUG impl.TransactionManager (TransactionManager.java:getMap(49)) - s3-TransactionManager:size=0
2025-01-08 17:19:53,358 [main] DEBUG impl.TransactionManager (TransactionManager.java:getMap(49)) - s4-TransactionManager:size=0
2025-01-08 17:19:53,360 [s0@group-5BF951A7CE3F-StateMachineUpdater] INFO  impl.SimpleStateMachine4Testing (SimpleStateMachine4Testing.java:applyTransaction(250)) - applyTransaction for log index 9
2025-01-08 17:19:53,361 [main] DEBUG impl.TransactionManager (TransactionManager.java:getMap(49)) - s0-TransactionManager:size=1
2025-01-08 17:19:53,361 [s0@group-5BF951A7CE3F-StateMachineUpdater] INFO  impl.SimpleStateMachine4Testing (SimpleStateMachine4Testing.java:put(206)) - s0: put 9, first4 -> (t:1, i:9), STATEMACHINELOGENTRY, WRITE: logData.size=6, stateMachineData.size=17, logEntryProtoSerializedSize=0
2025-01-08 17:19:53,361 [s0@group-5BF951A7CE3F-StateMachineUpdater] DEBUG impl.TransactionManager (TransactionManager.java:remove(68)) - (t:1, i:9): s0-TransactionManager:size=0
2025-01-08 17:19:53,386 [main] INFO  grpc.TestRaftLogTruncateWithGrpc (RaftLogTruncateTests.java:runTestLogTruncate(118)) - killedPeers   : [s3, s4, s0]
2025-01-08 17:19:53,386 [main] INFO  grpc.TestRaftLogTruncateWithGrpc (RaftLogTruncateTests.java:runTestLogTruncate(119)) - remainingPeers: [s1, s2]
2025-01-08 17:19:53,387 [main] INFO  impl.MiniRaftCluster (MiniRaftCluster.java:runWithNewCluster(146)) - printing ALL groups
  s3:  RUNNING  FOLLOWER s3@group-5BF951A7CE3F:t1, leader=s1, voted=s1, raftlog=Memoized:s3@group-5BF951A7CE3F-SegmentedRaftLog:OPENED:c9:last(t:1, i:10), conf=conf: {index: 0, cur=peers:[s3|localhost:15012, s4|localhost:15016, s0|localhost:15000, s1|localhost:15004, s2|localhost:15008]|listeners:[], old=null} RUNNING
  s4:  RUNNING  FOLLOWER s4@group-5BF951A7CE3F:t1, leader=s1, voted=s4, raftlog=Memoized:s4@group-5BF951A7CE3F-SegmentedRaftLog:OPENED:c9:last(t:1, i:10), conf=conf: {index: 0, cur=peers:[s3|localhost:15012, s4|localhost:15016, s0|localhost:15000, s1|localhost:15004, s2|localhost:15008]|listeners:[], old=null} RUNNING
  s0:  RUNNING  FOLLOWER s0@group-5BF951A7CE3F:t1, leader=s1, voted=s0, raftlog=Memoized:s0@group-5BF951A7CE3F-SegmentedRaftLog:OPENED:c9:last(t:1, i:10), conf=conf: {index: 0, cur=peers:[s3|localhost:15012, s4|localhost:15016, s0|localhost:15000, s1|localhost:15004, s2|localhost:15008]|listeners:[], old=null} RUNNING
  s1:  RUNNING    LEADER s1@group-5BF951A7CE3F:t1, leader=s1, voted=s1, raftlog=Memoized:s1@group-5BF951A7CE3F-SegmentedRaftLog:OPENED:c10:last(t:1, i:10), conf=conf: {index: 0, cur=peers:[s3|localhost:15012, s4|localhost:15016, s0|localhost:15000, s1|localhost:15004, s2|localhost:15008]|listeners:[], old=null} RUNNING
  s2:  RUNNING  FOLLOWER s2@group-5BF951A7CE3F:t1, leader=s1, voted=s1, raftlog=Memoized:s2@group-5BF951A7CE3F-SegmentedRaftLog:OPENED:c9:last(t:1, i:10), conf=conf: {index: 0, cur=peers:[s3|localhost:15012, s4|localhost:15016, s0|localhost:15000, s1|localhost:15004, s2|localhost:15008]|listeners:[], old=null} RUNNING
2025-01-08 17:19:53,387 [main] ERROR impl.MiniRaftCluster (MiniRaftCluster.java:runWithNewCluster(147)) - Failed org.apache.ratis.server.impl.MiniRaftCluster$Factory$Get.runWithNewCluster(MiniRaftCluster.java:121)
org.opentest4j.AssertionFailedError: s0 TransactionContextMap is non-empty: {} ==> expected: <true> but was: <false>
	at org.junit.jupiter.api.AssertionFailureBuilder.build(AssertionFailureBuilder.java:151)
	at org.junit.jupiter.api.AssertionFailureBuilder.buildAndThrow(AssertionFailureBuilder.java:132)
	at org.junit.jupiter.api.AssertTrue.failNotTrue(AssertTrue.java:63)
	at org.junit.jupiter.api.AssertTrue.assertTrue(AssertTrue.java:42)
	at org.junit.jupiter.api.Assertions.assertTrue(Assertions.java:191)
	at org.apache.ratis.RaftLogTruncateTests.assertEmptyTransactionContextMap(RaftLogTruncateTests.java:244)
	at org.apache.ratis.RaftLogTruncateTests.runTestLogTruncate(RaftLogTruncateTests.java:148)
	at org.apache.ratis.RaftLogTruncateTests.runTestLogTruncate(RaftLogTruncateTests.java:116)
	at org.apache.ratis.server.impl.MiniRaftCluster$Factory$Get.runWithNewCluster(MiniRaftCluster.java:144)
	at org.apache.ratis.server.impl.MiniRaftCluster$Factory$Get.runWithNewCluster(MiniRaftCluster.java:121)
	at org.apache.ratis.RaftLogTruncateTests.testLogTruncate(RaftLogTruncateTests.java:94)
	at sun.reflect.NativeMethodAccessorImpl.invoke0(Native Method)
	at sun.reflect.NativeMethodAccessorImpl.invoke(NativeMethodAccessorImpl.java:62)
	at sun.reflect.DelegatingMethodAccessorImpl.invoke(DelegatingMethodAccessorImpl.java:43)
	at java.lang.reflect.Method.invoke(Method.java:498)
	at org.junit.platform.commons.util.ReflectionUtils.invokeMethod(ReflectionUtils.java:766)
	at org.junit.jupiter.engine.execution.MethodInvocation.proceed(MethodInvocation.java:60)
	at org.junit.jupiter.engine.execution.InvocationInterceptorChain$ValidatingInvocation.proceed(InvocationInterceptorChain.java:131)
	at org.junit.jupiter.engine.extension.SameThreadTimeoutInvocation.proceed(SameThreadTimeoutInvocation.java:45)
	at org.junit.jupiter.engine.extension.TimeoutExtension.intercept(TimeoutExtension.java:156)
	at org.junit.jupiter.engine.extension.TimeoutExtension.interceptTestableMethod(TimeoutExtension.java:147)
	at org.junit.jupiter.engine.extension.TimeoutExtension.interceptTestMethod(TimeoutExtension.java:86)
	at org.junit.jupiter.engine.execution.InterceptingExecutableInvoker$ReflectiveInterceptorCall.lambda$ofVoidMethod$0(InterceptingExecutableInvoker.java:103)
	at org.junit.jupiter.engine.execution.InterceptingExecutableInvoker.lambda$invoke$0(InterceptingExecutableInvoker.java:93)
	at org.junit.jupiter.engine.execution.InvocationInterceptorChain$InterceptedInvocation.proceed(InvocationInterceptorChain.java:106)
	at org.junit.jupiter.engine.execution.InvocationInterceptorChain.proceed(InvocationInterceptorChain.java:64)
	at org.junit.jupiter.engine.execution.InvocationInterceptorChain.chainAndInvoke(InvocationInterceptorChain.java:45)
	at org.junit.jupiter.engine.execution.InvocationInterceptorChain.invoke(InvocationInterceptorChain.java:37)
	at org.junit.jupiter.engine.execution.InterceptingExecutableInvoker.invoke(InterceptingExecutableInvoker.java:92)
	at org.junit.jupiter.engine.execution.InterceptingExecutableInvoker.invoke(InterceptingExecutableInvoker.java:86)
	at org.junit.jupiter.engine.descriptor.TestMethodTestDescriptor.lambda$invokeTestMethod$8(TestMethodTestDescriptor.java:217)
	at org.junit.platform.engine.support.hierarchical.ThrowableCollector.execute(ThrowableCollector.java:73)
	at org.junit.jupiter.engine.descriptor.TestMethodTestDescriptor.invokeTestMethod(TestMethodTestDescriptor.java:213)
	at org.junit.jupiter.engine.descriptor.TestMethodTestDescriptor.execute(TestMethodTestDescriptor.java:138)
	at org.junit.jupiter.engine.descriptor.TestMethodTestDescriptor.execute(TestMethodTestDescriptor.java:68)
	at org.junit.platform.engine.support.hierarchical.NodeTestTask.lambda$executeRecursively$6(NodeTestTask.java:156)
	at org.junit.platform.engine.support.hierarchical.ThrowableCollector.execute(ThrowableCollector.java:73)
	at org.junit.platform.engine.support.hierarchical.NodeTestTask.lambda$executeRecursively$8(NodeTestTask.java:146)
	at org.junit.platform.engine.support.hierarchical.Node.around(Node.java:137)
	at org.junit.platform.engine.support.hierarchical.NodeTestTask.lambda$executeRecursively$9(NodeTestTask.java:144)
	at org.junit.platform.engine.support.hierarchical.ThrowableCollector.execute(ThrowableCollector.java:73)
	at org.junit.platform.engine.support.hierarchical.NodeTestTask.executeRecursively(NodeTestTask.java:143)
	at org.junit.platform.engine.support.hierarchical.NodeTestTask.execute(NodeTestTask.java:100)
	at java.util.ArrayList.forEach(ArrayList.java:1259)
	at org.junit.platform.engine.support.hierarchical.SameThreadHierarchicalTestExecutorService.invokeAll(SameThreadHierarchicalTestExecutorService.java:41)
	at org.junit.platform.engine.support.hierarchical.NodeTestTask.lambda$executeRecursively$6(NodeTestTask.java:160)
	at org.junit.platform.engine.support.hierarchical.ThrowableCollector.execute(ThrowableCollector.java:73)
	at org.junit.platform.engine.support.hierarchical.NodeTestTask.lambda$executeRecursively$8(NodeTestTask.java:146)
	at org.junit.platform.engine.support.hierarchical.Node.around(Node.java:137)
	at org.junit.platform.engine.support.hierarchical.NodeTestTask.lambda$executeRecursively$9(NodeTestTask.java:144)
	at org.junit.platform.engine.support.hierarchical.ThrowableCollector.execute(ThrowableCollector.java:73)
	at org.junit.platform.engine.support.hierarchical.NodeTestTask.executeRecursively(NodeTestTask.java:143)
	at org.junit.platform.engine.support.hierarchical.NodeTestTask.execute(NodeTestTask.java:100)
	at java.util.ArrayList.forEach(ArrayList.java:1259)
	at org.junit.platform.engine.support.hierarchical.SameThreadHierarchicalTestExecutorService.invokeAll(SameThreadHierarchicalTestExecutorService.java:41)
	at org.junit.platform.engine.support.hierarchical.NodeTestTask.lambda$executeRecursively$6(NodeTestTask.java:160)
	at org.junit.platform.engine.support.hierarchical.ThrowableCollector.execute(ThrowableCollector.java:73)
	at org.junit.platform.engine.support.hierarchical.NodeTestTask.lambda$executeRecursively$8(NodeTestTask.java:146)
	at org.junit.platform.engine.support.hierarchical.Node.around(Node.java:137)
	at org.junit.platform.engine.support.hierarchical.NodeTestTask.lambda$executeRecursively$9(NodeTestTask.java:144)
	at org.junit.platform.engine.support.hierarchical.ThrowableCollector.execute(ThrowableCollector.java:73)
	at org.junit.platform.engine.support.hierarchical.NodeTestTask.executeRecursively(NodeTestTask.java:143)
	at org.junit.platform.engine.support.hierarchical.NodeTestTask.execute(NodeTestTask.java:100)
	at org.junit.platform.engine.support.hierarchical.SameThreadHierarchicalTestExecutorService.submit(SameThreadHierarchicalTestExecutorService.java:35)
	at org.junit.platform.engine.support.hierarchical.HierarchicalTestExecutor.execute(HierarchicalTestExecutor.java:57)
	at org.junit.platform.engine.support.hierarchical.HierarchicalTestEngine.execute(HierarchicalTestEngine.java:54)
	at org.junit.platform.launcher.core.EngineExecutionOrchestrator.execute(EngineExecutionOrchestrator.java:198)
	at org.junit.platform.launcher.core.EngineExecutionOrchestrator.execute(EngineExecutionOrchestrator.java:169)
	at org.junit.platform.launcher.core.EngineExecutionOrchestrator.execute(EngineExecutionOrchestrator.java:93)
	at org.junit.platform.launcher.core.EngineExecutionOrchestrator.lambda$execute$0(EngineExecutionOrchestrator.java:58)
	at org.junit.platform.launcher.core.EngineExecutionOrchestrator.withInterceptedStreams(EngineExecutionOrchestrator.java:141)
	at org.junit.platform.launcher.core.EngineExecutionOrchestrator.execute(EngineExecutionOrchestrator.java:57)
	at org.junit.platform.launcher.core.DefaultLauncher.execute(DefaultLauncher.java:103)
	at org.junit.platform.launcher.core.DefaultLauncher.execute(DefaultLauncher.java:85)
	at org.junit.platform.launcher.core.DelegatingLauncher.execute(DelegatingLauncher.java:47)
	at org.junit.platform.launcher.core.SessionPerRequestLauncher.execute(SessionPerRequestLauncher.java:63)
	at org.apache.maven.surefire.junitplatform.JUnitPlatformProvider.invokeAllTests(JUnitPlatformProvider.java:154)
	at org.apache.maven.surefire.junitplatform.JUnitPlatformProvider.invoke(JUnitPlatformProvider.java:123)
	at org.apache.maven.surefire.booter.ForkedBooter.runSuitesInProcess(ForkedBooter.java:377)
	at org.apache.maven.surefire.booter.ForkedBooter.execute(ForkedBooter.java:138)
	at org.apache.maven.surefire.booter.ForkedBooter.run(ForkedBooter.java:465)
	at org.apache.maven.surefire.booter.ForkedBooter.main(ForkedBooter.java:451)
2025-01-08 17:19:53,391 [main] INFO  impl.MiniRaftCluster (MiniRaftCluster.java:shutdown(847)) - ************************************************************** 
2025-01-08 17:19:53,391 [main] INFO  impl.MiniRaftCluster (MiniRaftCluster.java:shutdown(848)) - *** 
2025-01-08 17:19:53,391 [main] INFO  impl.MiniRaftCluster (MiniRaftCluster.java:shutdown(849)) - ***     Stopping MiniRaftClusterWithGrpc
2025-01-08 17:19:53,391 [main] INFO  impl.MiniRaftCluster (MiniRaftCluster.java:shutdown(850)) - *** 
2025-01-08 17:19:53,391 [main] INFO  impl.MiniRaftCluster (MiniRaftCluster.java:shutdown(851)) - ************************************************************** 
2025-01-08 17:19:53,392 [main] INFO  impl.MiniRaftCluster (MiniRaftCluster.java:shutdown(852)) - printing ALL groups
  s3:  RUNNING  FOLLOWER s3@group-5BF951A7CE3F:t1, leader=s1, voted=s1, raftlog=Memoized:s3@group-5BF951A7CE3F-SegmentedRaftLog:OPENED:c9:last(t:1, i:10), conf=conf: {index: 0, cur=peers:[s3|localhost:15012, s4|localhost:15016, s0|localhost:15000, s1|localhost:15004, s2|localhost:15008]|listeners:[], old=null} RUNNING
  s4:  RUNNING  FOLLOWER s4@group-5BF951A7CE3F:t1, leader=s1, voted=s4, raftlog=Memoized:s4@group-5BF951A7CE3F-SegmentedRaftLog:OPENED:c9:last(t:1, i:10), conf=conf: {index: 0, cur=peers:[s3|localhost:15012, s4|localhost:15016, s0|localhost:15000, s1|localhost:15004, s2|localhost:15008]|listeners:[], old=null} RUNNING
  s0:  RUNNING  FOLLOWER s0@group-5BF951A7CE3F:t1, leader=s1, voted=s0, raftlog=Memoized:s0@group-5BF951A7CE3F-SegmentedRaftLog:OPENED:c9:last(t:1, i:10), conf=conf: {index: 0, cur=peers:[s3|localhost:15012, s4|localhost:15016, s0|localhost:15000, s1|localhost:15004, s2|localhost:15008]|listeners:[], old=null} RUNNING
  s1:  RUNNING    LEADER s1@group-5BF951A7CE3F:t1, leader=s1, voted=s1, raftlog=Memoized:s1@group-5BF951A7CE3F-SegmentedRaftLog:OPENED:c10:last(t:1, i:10), conf=conf: {index: 0, cur=peers:[s3|localhost:15012, s4|localhost:15016, s0|localhost:15000, s1|localhost:15004, s2|localhost:15008]|listeners:[], old=null} RUNNING
  s2:  RUNNING  FOLLOWER s2@group-5BF951A7CE3F:t1, leader=s1, voted=s1, raftlog=Memoized:s2@group-5BF951A7CE3F-SegmentedRaftLog:OPENED:c9:last(t:1, i:10), conf=conf: {index: 0, cur=peers:[s3|localhost:15012, s4|localhost:15016, s0|localhost:15000, s1|localhost:15004, s2|localhost:15008]|listeners:[], old=null} RUNNING
2025-01-08 17:19:53,397 [MiniRaftCluster-1] INFO  server.RaftServer (RaftServerProxy.java:lambda$close$9(418)) - s3: close
2025-01-08 17:19:53,400 [MiniRaftCluster-4] INFO  server.RaftServer (RaftServerProxy.java:lambda$close$9(418)) - s1: close
2025-01-08 17:19:53,397 [MiniRaftCluster-2] INFO  server.RaftServer (RaftServerProxy.java:lambda$close$9(418)) - s4: close
2025-01-08 17:19:53,397 [MiniRaftCluster-3] INFO  server.RaftServer (RaftServerProxy.java:lambda$close$9(418)) - s0: close
2025-01-08 17:19:53,400 [MiniRaftCluster-5] INFO  server.RaftServer (RaftServerProxy.java:lambda$close$9(418)) - s2: close
2025-01-08 17:19:53,401 [MiniRaftCluster-1] INFO  server.GrpcServicesImpl (GrpcServicesImpl.java:closeImpl(362)) - s3: shutdown server org.apache.ratis.grpc.server.GrpcClientProtocolService now
2025-01-08 17:19:53,401 [s1-impl-thread1] INFO  server.RaftServer$Division (RaftServerImpl.java:lambda$close$1(518)) - s1@group-5BF951A7CE3F: shutdown
2025-01-08 17:19:53,401 [s1-impl-thread1] INFO  util.JmxRegister (JmxRegister.java:unregister(74)) - Successfully un-registered JMX Bean with object name Ratis:service=RaftServer,group=group-5BF951A7CE3F,id=s1
2025-01-08 17:19:53,402 [s1-impl-thread1] INFO  impl.RoleInfo (RoleInfo.java:shutdownLeaderState(103)) - s1: shutdown s1@group-5BF951A7CE3F-LeaderStateImpl
2025-01-08 17:19:53,403 [s1@group-5BF951A7CE3F->s3-GrpcLogAppender-LogAppenderDaemon] WARN  server.GrpcLogAppender (GrpcLogAppender.java:mayWait(293)) - s1@group-5BF951A7CE3F->s3-GrpcLogAppender: Wait interrupted by java.lang.InterruptedException
2025-01-08 17:19:53,403 [s1-impl-thread1] INFO  impl.PendingRequests (PendingRequests.java:sendNotLeaderResponses(287)) - s1@group-5BF951A7CE3F-PendingRequests: sendNotLeaderResponses
2025-01-08 17:19:53,403 [s1@group-5BF951A7CE3F->s4-GrpcLogAppender-LogAppenderDaemon] WARN  server.GrpcLogAppender (GrpcLogAppender.java:mayWait(293)) - s1@group-5BF951A7CE3F->s4-GrpcLogAppender: Wait interrupted by java.lang.InterruptedException
2025-01-08 17:19:53,403 [s1@group-5BF951A7CE3F->s2-GrpcLogAppender-LogAppenderDaemon] WARN  server.GrpcLogAppender (GrpcLogAppender.java:mayWait(293)) - s1@group-5BF951A7CE3F->s2-GrpcLogAppender: Wait interrupted by java.lang.InterruptedException
2025-01-08 17:19:53,403 [MiniRaftCluster-2] INFO  server.GrpcServicesImpl (GrpcServicesImpl.java:closeImpl(362)) - s4: shutdown server org.apache.ratis.grpc.server.GrpcClientProtocolService now
2025-01-08 17:19:53,404 [s0-impl-thread1] INFO  server.RaftServer$Division (RaftServerImpl.java:lambda$close$1(518)) - s0@group-5BF951A7CE3F: shutdown
2025-01-08 17:19:53,404 [MiniRaftCluster-5] INFO  server.GrpcServicesImpl (GrpcServicesImpl.java:closeImpl(362)) - s2: shutdown server org.apache.ratis.grpc.server.GrpcClientProtocolService now
2025-01-08 17:19:53,403 [s1@group-5BF951A7CE3F->s0-GrpcLogAppender-LogAppenderDaemon] WARN  server.GrpcLogAppender (GrpcLogAppender.java:mayWait(293)) - s1@group-5BF951A7CE3F->s0-GrpcLogAppender: Wait interrupted by java.lang.InterruptedException
2025-01-08 17:19:53,403 [s4-impl-thread1] INFO  server.RaftServer$Division (RaftServerImpl.java:lambda$close$1(518)) - s4@group-5BF951A7CE3F: shutdown
2025-01-08 17:19:53,404 [s4-impl-thread1] INFO  util.JmxRegister (JmxRegister.java:unregister(74)) - Successfully un-registered JMX Bean with object name Ratis:service=RaftServer,group=group-5BF951A7CE3F,id=s4
2025-01-08 17:19:53,404 [s4-impl-thread1] INFO  impl.RoleInfo (RoleInfo.java:shutdownFollowerState(121)) - s4: shutdown s4@group-5BF951A7CE3F-FollowerState
2025-01-08 17:19:53,403 [s3-impl-thread1] INFO  server.RaftServer$Division (RaftServerImpl.java:lambda$close$1(518)) - s3@group-5BF951A7CE3F: shutdown
2025-01-08 17:19:53,405 [s4@group-5BF951A7CE3F-FollowerState] INFO  impl.FollowerState (FollowerState.java:runImpl(170)) - s4@group-5BF951A7CE3F-FollowerState was interrupted
2025-01-08 17:19:53,405 [s4@group-5BF951A7CE3F-StateMachineUpdater] INFO  impl.StateMachineUpdater (StateMachineUpdater.java:stop(141)) - s4@group-5BF951A7CE3F-StateMachineUpdater: closing SimpleStateMachine4Testing, lastApplied=(t:1, i:9)
2025-01-08 17:19:53,405 [s4-impl-thread1] INFO  impl.StateMachineUpdater (StateMachineUpdater.java:stopAndJoin(164)) - s4@group-5BF951A7CE3F-StateMachineUpdater: set stopIndex = 9
2025-01-08 17:19:53,404 [s2-impl-thread1] INFO  server.RaftServer$Division (RaftServerImpl.java:lambda$close$1(518)) - s2@group-5BF951A7CE3F: shutdown
2025-01-08 17:19:53,405 [s2-impl-thread1] INFO  util.JmxRegister (JmxRegister.java:unregister(74)) - Successfully un-registered JMX Bean with object name Ratis:service=RaftServer,group=group-5BF951A7CE3F,id=s2
2025-01-08 17:19:53,405 [s2-impl-thread1] INFO  impl.RoleInfo (RoleInfo.java:shutdownFollowerState(121)) - s2: shutdown s2@group-5BF951A7CE3F-FollowerState
2025-01-08 17:19:53,405 [s2-impl-thread1] INFO  impl.StateMachineUpdater (StateMachineUpdater.java:stopAndJoin(164)) - s2@group-5BF951A7CE3F-StateMachineUpdater: set stopIndex = 9
2025-01-08 17:19:53,404 [s0-impl-thread1] INFO  util.JmxRegister (JmxRegister.java:unregister(74)) - Successfully un-registered JMX Bean with object name Ratis:service=RaftServer,group=group-5BF951A7CE3F,id=s0
2025-01-08 17:19:53,406 [s0-impl-thread1] INFO  impl.RoleInfo (RoleInfo.java:shutdownFollowerState(121)) - s0: shutdown s0@group-5BF951A7CE3F-FollowerState
2025-01-08 17:19:53,404 [MiniRaftCluster-3] INFO  server.GrpcServicesImpl (GrpcServicesImpl.java:closeImpl(362)) - s0: shutdown server org.apache.ratis.grpc.server.GrpcClientProtocolService now
2025-01-08 17:19:53,406 [s0@group-5BF951A7CE3F-StateMachineUpdater] INFO  impl.StateMachineUpdater (StateMachineUpdater.java:stop(141)) - s0@group-5BF951A7CE3F-StateMachineUpdater: closing SimpleStateMachine4Testing, lastApplied=(t:1, i:9)
2025-01-08 17:19:53,406 [s0@group-5BF951A7CE3F-FollowerState] INFO  impl.FollowerState (FollowerState.java:runImpl(170)) - s0@group-5BF951A7CE3F-FollowerState was interrupted
2025-01-08 17:19:53,406 [s0-impl-thread1] INFO  impl.StateMachineUpdater (StateMachineUpdater.java:stopAndJoin(164)) - s0@group-5BF951A7CE3F-StateMachineUpdater: set stopIndex = 9
2025-01-08 17:19:53,406 [s2@group-5BF951A7CE3F-StateMachineUpdater] INFO  impl.StateMachineUpdater (StateMachineUpdater.java:stop(141)) - s2@group-5BF951A7CE3F-StateMachineUpdater: closing SimpleStateMachine4Testing, lastApplied=(t:1, i:9)
2025-01-08 17:19:53,406 [s2-impl-thread1] INFO  raftlog.RaftLog (SegmentedRaftLog.java:close(569)) - Start closing s2@group-5BF951A7CE3F-SegmentedRaftLog:OPENED:c9:last(t:1, i:10)
2025-01-08 17:19:53,407 [s2@group-5BF951A7CE3F-cacheEviction-AwaitToRun] INFO  util.AwaitToRun (AwaitToRun.java:run(49)) - s2@group-5BF951A7CE3F-cacheEviction-AwaitToRun-AwaitForSignal is interrupted
2025-01-08 17:19:53,406 [s2@group-5BF951A7CE3F-FollowerState] INFO  impl.FollowerState (FollowerState.java:runImpl(170)) - s2@group-5BF951A7CE3F-FollowerState was interrupted
2025-01-08 17:19:53,405 [s3-impl-thread1] INFO  util.JmxRegister (JmxRegister.java:unregister(74)) - Successfully un-registered JMX Bean with object name Ratis:service=RaftServer,group=group-5BF951A7CE3F,id=s3
2025-01-08 17:19:53,407 [s3-impl-thread1] INFO  impl.RoleInfo (RoleInfo.java:shutdownFollowerState(121)) - s3: shutdown s3@group-5BF951A7CE3F-FollowerState
2025-01-08 17:19:53,407 [s3-impl-thread1] INFO  impl.StateMachineUpdater (StateMachineUpdater.java:stopAndJoin(164)) - s3@group-5BF951A7CE3F-StateMachineUpdater: set stopIndex = 9
2025-01-08 17:19:53,407 [s3@group-5BF951A7CE3F-FollowerState] INFO  impl.FollowerState (FollowerState.java:runImpl(170)) - s3@group-5BF951A7CE3F-FollowerState was interrupted
2025-01-08 17:19:53,406 [s0-impl-thread1] INFO  raftlog.RaftLog (SegmentedRaftLog.java:close(569)) - Start closing s0@group-5BF951A7CE3F-SegmentedRaftLog:OPENED:c9:last(t:1, i:10)
2025-01-08 17:19:53,406 [s4-impl-thread1] INFO  raftlog.RaftLog (SegmentedRaftLog.java:close(569)) - Start closing s4@group-5BF951A7CE3F-SegmentedRaftLog:OPENED:c9:last(t:1, i:10)
2025-01-08 17:19:53,407 [s3@group-5BF951A7CE3F-StateMachineUpdater] INFO  impl.StateMachineUpdater (StateMachineUpdater.java:stop(141)) - s3@group-5BF951A7CE3F-StateMachineUpdater: closing SimpleStateMachine4Testing, lastApplied=(t:1, i:9)
2025-01-08 17:19:53,408 [s2-impl-thread1] INFO  segmented.LogSegment (LogSegment.java:close(350)) - Successfully closed EntryCache-log_inprogress_0
2025-01-08 17:19:53,413 [MiniRaftCluster-4] INFO  server.GrpcServicesImpl (GrpcServicesImpl.java:closeImpl(362)) - s1: shutdown server org.apache.ratis.grpc.server.GrpcClientProtocolService now
2025-01-08 17:19:53,413 [s3-impl-thread1] INFO  raftlog.RaftLog (SegmentedRaftLog.java:close(569)) - Start closing s3@group-5BF951A7CE3F-SegmentedRaftLog:OPENED:c9:last(t:1, i:10)
2025-01-08 17:19:53,413 [s3@group-5BF951A7CE3F-cacheEviction-AwaitToRun] INFO  util.AwaitToRun (AwaitToRun.java:run(49)) - s3@group-5BF951A7CE3F-cacheEviction-AwaitToRun-AwaitForSignal is interrupted
2025-01-08 17:19:53,414 [s3-impl-thread1] INFO  segmented.LogSegment (LogSegment.java:close(350)) - Successfully closed EntryCache-log_inprogress_0
2025-01-08 17:19:53,415 [s1-impl-thread1] INFO  impl.StateMachineUpdater (StateMachineUpdater.java:stopAndJoin(164)) - s1@group-5BF951A7CE3F-StateMachineUpdater: set stopIndex = 10
2025-01-08 17:19:53,416 [s4@group-5BF951A7CE3F-cacheEviction-AwaitToRun] INFO  util.AwaitToRun (AwaitToRun.java:run(49)) - s4@group-5BF951A7CE3F-cacheEviction-AwaitToRun-AwaitForSignal is interrupted
2025-01-08 17:19:53,417 [s0@group-5BF951A7CE3F-cacheEviction-AwaitToRun] INFO  util.AwaitToRun (AwaitToRun.java:run(49)) - s0@group-5BF951A7CE3F-cacheEviction-AwaitToRun-AwaitForSignal is interrupted
2025-01-08 17:19:53,417 [MiniRaftCluster-1] INFO  server.GrpcServicesImpl (GrpcServicesImpl.java:closeImpl(371)) - s3: shutdown server org.apache.ratis.grpc.server.GrpcClientProtocolService successfully
2025-01-08 17:19:53,417 [s4-impl-thread1] INFO  segmented.LogSegment (LogSegment.java:close(350)) - Successfully closed EntryCache-log_inprogress_0
2025-01-08 17:19:53,417 [Thread-115] INFO  server.GrpcServerProtocolClient (GrpcServerProtocolClient.java:close(105)) - s3 Close channels
2025-01-08 17:19:53,417 [s0-impl-thread1] INFO  segmented.LogSegment (LogSegment.java:close(350)) - Successfully closed EntryCache-log_inprogress_0
2025-01-08 17:19:53,417 [MiniRaftCluster-1] INFO  server.GrpcServicesImpl (GrpcServicesImpl.java:closeImpl(362)) - s3: shutdown server GrpcServerProtocolService now
2025-01-08 17:19:53,417 [Thread-119] INFO  server.GrpcServerProtocolClient (GrpcServerProtocolClient.java:close(105)) - s0 Close channels
2025-01-08 17:19:53,421 [grpc-default-executor-7] INFO  server.GrpcLogAppender (GrpcLogAppender.java:onError(555)) - s1@group-5BF951A7CE3F->s3-GrpcLogAppender is already stopped
2025-01-08 17:19:53,421 [Thread-121] INFO  server.GrpcServerProtocolClient (GrpcServerProtocolClient.java:close(105)) - s1 Close channels
2025-01-08 17:19:53,422 [s1@group-5BF951A7CE3F-StateMachineUpdater] INFO  impl.StateMachineUpdater (StateMachineUpdater.java:stop(141)) - s1@group-5BF951A7CE3F-StateMachineUpdater: closing SimpleStateMachine4Testing, lastApplied=(t:1, i:10)
2025-01-08 17:19:53,422 [Thread-122] INFO  server.GrpcServerProtocolClient (GrpcServerProtocolClient.java:close(105)) - s2 Close channels
2025-01-08 17:19:53,422 [s1-impl-thread1] INFO  raftlog.RaftLog (SegmentedRaftLog.java:close(569)) - Start closing s1@group-5BF951A7CE3F-SegmentedRaftLog:OPENED:c10:last(t:1, i:10)
2025-01-08 17:19:53,422 [s1@group-5BF951A7CE3F-cacheEviction-AwaitToRun] INFO  util.AwaitToRun (AwaitToRun.java:run(49)) - s1@group-5BF951A7CE3F-cacheEviction-AwaitToRun-AwaitForSignal is interrupted
2025-01-08 17:19:53,422 [grpc-default-executor-0] WARN  server.GrpcServerProtocolService (LogUtils.java:warn(127)) - s3: APPEND_ENTRIES onError, lastRequest: s1->s3#39-t1,previous=(t:1, i:9),leaderCommit=9,initializing? false,entries: size=1, first=(t:1, i:10), METADATAENTRY(c:9): org.apache.ratis.thirdparty.io.grpc.StatusRuntimeException: CANCELLED: client cancelled
2025-01-08 17:19:53,422 [s1-impl-thread1] INFO  segmented.LogSegment (LogSegment.java:close(350)) - Successfully closed EntryCache-log_inprogress_0
2025-01-08 17:19:53,423 [grpc-default-executor-7] WARN  server.GrpcServerProtocolService (LogUtils.java:warn(127)) - s3: APPEND_ENTRIES onError, lastRequest: null: org.apache.ratis.thirdparty.io.grpc.StatusRuntimeException: CANCELLED: client cancelled
2025-01-08 17:19:53,424 [MiniRaftCluster-2] INFO  server.GrpcServicesImpl (GrpcServicesImpl.java:closeImpl(371)) - s4: shutdown server org.apache.ratis.grpc.server.GrpcClientProtocolService successfully
2025-01-08 17:19:53,424 [MiniRaftCluster-2] INFO  server.GrpcServicesImpl (GrpcServicesImpl.java:closeImpl(362)) - s4: shutdown server GrpcServerProtocolService now
2025-01-08 17:19:53,433 [MiniRaftCluster-1] INFO  server.GrpcServicesImpl (GrpcServicesImpl.java:closeImpl(371)) - s3: shutdown server GrpcServerProtocolService successfully
2025-01-08 17:19:53,433 [MiniRaftCluster-1] INFO  server.GrpcServicesImpl (GrpcServicesImpl.java:closeImpl(362)) - s3: shutdown server org.apache.ratis.grpc.server.GrpcAdminProtocolService now
2025-01-08 17:19:53,429 [Thread-118] INFO  server.GrpcServerProtocolClient (GrpcServerProtocolClient.java:close(105)) - s3 Close channels
2025-01-08 17:19:53,424 [Thread-123] INFO  server.GrpcServerProtocolClient (GrpcServerProtocolClient.java:close(105)) - s4 Close channels
2025-01-08 17:19:53,424 [grpc-default-executor-7] INFO  server.GrpcLogAppender (GrpcLogAppender.java:onError(555)) - s1@group-5BF951A7CE3F->s3-GrpcLogAppender is already stopped
2025-01-08 17:19:53,425 [Thread-120] INFO  server.GrpcServerProtocolClient (GrpcServerProtocolClient.java:close(105)) - s3 Close channels
2025-01-08 17:19:53,425 [Thread-126] INFO  server.GrpcServerProtocolClient (GrpcServerProtocolClient.java:close(105)) - s2 Close channels
2025-01-08 17:19:53,424 [Thread-124] INFO  server.GrpcServerProtocolClient (GrpcServerProtocolClient.java:close(105)) - s0 Close channels
2025-01-08 17:19:53,439 [Thread-134] INFO  server.GrpcServerProtocolClient (GrpcServerProtocolClient.java:close(105)) - s2 Close channels
2025-01-08 17:19:53,440 [MiniRaftCluster-2] INFO  server.GrpcServicesImpl (GrpcServicesImpl.java:closeImpl(371)) - s4: shutdown server GrpcServerProtocolService successfully
2025-01-08 17:19:53,440 [MiniRaftCluster-2] INFO  server.GrpcServicesImpl (GrpcServicesImpl.java:closeImpl(362)) - s4: shutdown server org.apache.ratis.grpc.server.GrpcAdminProtocolService now
2025-01-08 17:19:53,440 [grpc-default-executor-7] INFO  server.GrpcLogAppender (GrpcLogAppender.java:onError(555)) - s1@group-5BF951A7CE3F->s4-GrpcLogAppender is already stopped
2025-01-08 17:19:53,441 [grpc-default-executor-0] WARN  server.GrpcServerProtocolService (LogUtils.java:warn(127)) - s4: APPEND_ENTRIES onError, lastRequest: s1->s4#36-t1,previous=(t:1, i:9),leaderCommit=9,initializing? false,entries: size=1, first=(t:1, i:10), METADATAENTRY(c:9): org.apache.ratis.thirdparty.io.grpc.StatusRuntimeException: CANCELLED: client cancelled
2025-01-08 17:19:53,441 [grpc-default-executor-6] WARN  server.GrpcServerProtocolService (LogUtils.java:warn(127)) - s4: APPEND_ENTRIES onError, lastRequest: null: org.apache.ratis.thirdparty.io.grpc.StatusRuntimeException: CANCELLED: client cancelled
2025-01-08 17:19:53,441 [MiniRaftCluster-2] INFO  server.GrpcServicesImpl (GrpcServicesImpl.java:closeImpl(371)) - s4: shutdown server org.apache.ratis.grpc.server.GrpcAdminProtocolService successfully
2025-01-08 17:19:53,441 [grpc-default-executor-6] INFO  server.GrpcLogAppender (GrpcLogAppender.java:onError(555)) - s1@group-5BF951A7CE3F->s4-GrpcLogAppender is already stopped
2025-01-08 17:19:53,438 [Thread-133] INFO  server.GrpcServerProtocolClient (GrpcServerProtocolClient.java:close(105)) - s1 Close channels
2025-01-08 17:19:53,435 [Thread-127] INFO  server.GrpcServerProtocolClient (GrpcServerProtocolClient.java:close(105)) - s4 Close channels
2025-01-08 17:19:53,435 [MiniRaftCluster-5] INFO  server.GrpcServicesImpl (GrpcServicesImpl.java:closeImpl(371)) - s2: shutdown server org.apache.ratis.grpc.server.GrpcClientProtocolService successfully
2025-01-08 17:19:53,445 [MiniRaftCluster-5] INFO  server.GrpcServicesImpl (GrpcServicesImpl.java:closeImpl(362)) - s2: shutdown server GrpcServerProtocolService now
2025-01-08 17:19:53,433 [MiniRaftCluster-1] INFO  server.GrpcServicesImpl (GrpcServicesImpl.java:closeImpl(371)) - s3: shutdown server org.apache.ratis.grpc.server.GrpcAdminProtocolService successfully
2025-01-08 17:19:53,446 [grpc-default-executor-5] WARN  server.GrpcServerProtocolService (LogUtils.java:warn(127)) - s2: APPEND_ENTRIES onError, lastRequest: null: org.apache.ratis.thirdparty.io.grpc.StatusRuntimeException: CANCELLED: client cancelled
2025-01-08 17:19:53,446 [grpc-default-executor-4] INFO  server.GrpcLogAppender (GrpcLogAppender.java:onError(555)) - s1@group-5BF951A7CE3F->s2-GrpcLogAppender is already stopped
2025-01-08 17:19:53,446 [grpc-default-executor-5] INFO  server.GrpcLogAppender (GrpcLogAppender.java:onError(555)) - s1@group-5BF951A7CE3F->s2-GrpcLogAppender is already stopped
2025-01-08 17:19:53,447 [grpc-default-executor-0] WARN  server.GrpcServerProtocolService (LogUtils.java:warn(127)) - s2: APPEND_ENTRIES onError, lastRequest: s1->s2#36-t1,previous=(t:1, i:9),leaderCommit=9,initializing? false,entries: size=1, first=(t:1, i:10), METADATAENTRY(c:9): org.apache.ratis.thirdparty.io.grpc.StatusRuntimeException: CANCELLED: client cancelled
2025-01-08 17:19:53,447 [MiniRaftCluster-5] INFO  server.GrpcServicesImpl (GrpcServicesImpl.java:closeImpl(371)) - s2: shutdown server GrpcServerProtocolService successfully
2025-01-08 17:19:53,447 [MiniRaftCluster-5] INFO  server.GrpcServicesImpl (GrpcServicesImpl.java:closeImpl(362)) - s2: shutdown server org.apache.ratis.grpc.server.GrpcAdminProtocolService now
2025-01-08 17:19:53,447 [MiniRaftCluster-5] INFO  server.GrpcServicesImpl (GrpcServicesImpl.java:closeImpl(371)) - s2: shutdown server org.apache.ratis.grpc.server.GrpcAdminProtocolService successfully
2025-01-08 17:19:53,447 [MiniRaftCluster-3] INFO  server.GrpcServicesImpl (GrpcServicesImpl.java:closeImpl(371)) - s0: shutdown server org.apache.ratis.grpc.server.GrpcClientProtocolService successfully
2025-01-08 17:19:53,447 [MiniRaftCluster-3] INFO  server.GrpcServicesImpl (GrpcServicesImpl.java:closeImpl(362)) - s0: shutdown server GrpcServerProtocolService now
2025-01-08 17:19:53,448 [grpc-default-executor-6] WARN  server.GrpcServerProtocolService (LogUtils.java:warn(127)) - s0: APPEND_ENTRIES onError, lastRequest: null: org.apache.ratis.thirdparty.io.grpc.StatusRuntimeException: CANCELLED: client cancelled
2025-01-08 17:19:53,448 [grpc-default-executor-6] WARN  server.GrpcServerProtocolService (LogUtils.java:warn(127)) - s0: APPEND_ENTRIES onError, lastRequest: s1->s0#38-t1,previous=(t:1, i:9),leaderCommit=9,initializing? false,entries: size=1, first=(t:1, i:10), METADATAENTRY(c:9): org.apache.ratis.thirdparty.io.grpc.StatusRuntimeException: CANCELLED: client cancelled
2025-01-08 17:19:53,449 [MiniRaftCluster-3] INFO  server.GrpcServicesImpl (GrpcServicesImpl.java:closeImpl(371)) - s0: shutdown server GrpcServerProtocolService successfully
2025-01-08 17:19:53,449 [MiniRaftCluster-3] INFO  server.GrpcServicesImpl (GrpcServicesImpl.java:closeImpl(362)) - s0: shutdown server org.apache.ratis.grpc.server.GrpcAdminProtocolService now
2025-01-08 17:19:53,449 [grpc-default-executor-0] INFO  server.GrpcLogAppender (GrpcLogAppender.java:onError(555)) - s1@group-5BF951A7CE3F->s0-GrpcLogAppender is already stopped
2025-01-08 17:19:53,449 [MiniRaftCluster-3] INFO  server.GrpcServicesImpl (GrpcServicesImpl.java:closeImpl(371)) - s0: shutdown server org.apache.ratis.grpc.server.GrpcAdminProtocolService successfully
2025-01-08 17:19:53,450 [grpc-default-executor-0] INFO  server.GrpcLogAppender (GrpcLogAppender.java:onError(555)) - s1@group-5BF951A7CE3F->s0-GrpcLogAppender is already stopped
2025-01-08 17:19:53,450 [MiniRaftCluster-4] INFO  server.GrpcServicesImpl (GrpcServicesImpl.java:closeImpl(371)) - s1: shutdown server org.apache.ratis.grpc.server.GrpcClientProtocolService successfully
2025-01-08 17:19:53,450 [MiniRaftCluster-4] INFO  server.GrpcServicesImpl (GrpcServicesImpl.java:closeImpl(362)) - s1: shutdown server GrpcServerProtocolService now
2025-01-08 17:19:53,451 [MiniRaftCluster-4] INFO  server.GrpcServicesImpl (GrpcServicesImpl.java:closeImpl(371)) - s1: shutdown server GrpcServerProtocolService successfully
2025-01-08 17:19:53,451 [MiniRaftCluster-4] INFO  server.GrpcServicesImpl (GrpcServicesImpl.java:closeImpl(362)) - s1: shutdown server org.apache.ratis.grpc.server.GrpcAdminProtocolService now
2025-01-08 17:19:53,452 [MiniRaftCluster-4] INFO  server.GrpcServicesImpl (GrpcServicesImpl.java:closeImpl(371)) - s1: shutdown server org.apache.ratis.grpc.server.GrpcAdminProtocolService successfully
2025-01-08 17:19:54,183 [Timer-0] INFO  impl.MiniRaftCluster (MiniRaftCluster.java:lambda$null$7(362)) - TIMED-PRINT: printing ALL groups
  s3:  CLOSING  FOLLOWER s3@group-5BF951A7CE3F:t1, leader=s1, voted=s1, raftlog=Memoized:s3@group-5BF951A7CE3F-SegmentedRaftLog:CLOSED:c9, conf=conf: {index: 0, cur=peers:[s3|localhost:15012, s4|localhost:15016, s0|localhost:15000, s1|localhost:15004, s2|localhost:15008]|listeners:[], old=null} CLOSING
  s4:  CLOSING  FOLLOWER s4@group-5BF951A7CE3F:t1, leader=s1, voted=s4, raftlog=Memoized:s4@group-5BF951A7CE3F-SegmentedRaftLog:CLOSED:c9, conf=conf: {index: 0, cur=peers:[s3|localhost:15012, s4|localhost:15016, s0|localhost:15000, s1|localhost:15004, s2|localhost:15008]|listeners:[], old=null} CLOSING
  s0:  CLOSING  FOLLOWER s0@group-5BF951A7CE3F:t1, leader=s1, voted=s0, raftlog=Memoized:s0@group-5BF951A7CE3F-SegmentedRaftLog:CLOSED:c9, conf=conf: {index: 0, cur=peers:[s3|localhost:15012, s4|localhost:15016, s0|localhost:15000, s1|localhost:15004, s2|localhost:15008]|listeners:[], old=null} CLOSING
  s1:  CLOSING    LEADER s1@group-5BF951A7CE3F:t1, leader=s1, voted=s1, raftlog=Memoized:s1@group-5BF951A7CE3F-SegmentedRaftLog:CLOSED:c10, conf=conf: {index: 0, cur=peers:[s3|localhost:15012, s4|localhost:15016, s0|localhost:15000, s1|localhost:15004, s2|localhost:15008]|listeners:[], old=null} CLOSING
  s2:  CLOSING  FOLLOWER s2@group-5BF951A7CE3F:t1, leader=s1, voted=s1, raftlog=Memoized:s2@group-5BF951A7CE3F-SegmentedRaftLog:CLOSED:c9, conf=conf: {index: 0, cur=peers:[s3|localhost:15012, s4|localhost:15016, s0|localhost:15000, s1|localhost:15004, s2|localhost:15008]|listeners:[], old=null} CLOSING
2025-01-08 17:19:54,348 [s1-impl-thread1] INFO  segmented.SegmentedRaftLogWorker (SegmentedRaftLogWorker.java:close(254)) - s1@group-5BF951A7CE3F-SegmentedRaftLogWorker close()
2025-01-08 17:19:54,349 [s1-impl-thread1] INFO  raftlog.RaftLog (SegmentedRaftLog.java:close(577)) - Successfully closed s1@group-5BF951A7CE3F-SegmentedRaftLog:CLOSED:c10
2025-01-08 17:19:54,349 [s2-impl-thread1] INFO  segmented.SegmentedRaftLogWorker (SegmentedRaftLogWorker.java:close(254)) - s2@group-5BF951A7CE3F-SegmentedRaftLogWorker close()
2025-01-08 17:19:54,350 [s2-impl-thread1] INFO  raftlog.RaftLog (SegmentedRaftLog.java:close(577)) - Successfully closed s2@group-5BF951A7CE3F-SegmentedRaftLog:CLOSED:c9
2025-01-08 17:19:54,352 [s3-impl-thread1] INFO  segmented.SegmentedRaftLogWorker (SegmentedRaftLogWorker.java:close(254)) - s3@group-5BF951A7CE3F-SegmentedRaftLogWorker close()
2025-01-08 17:19:54,352 [s3-impl-thread1] INFO  raftlog.RaftLog (SegmentedRaftLog.java:close(577)) - Successfully closed s3@group-5BF951A7CE3F-SegmentedRaftLog:CLOSED:c9
2025-01-08 17:19:54,353 [JvmPauseMonitor3] INFO  util.JvmPauseMonitor (JvmPauseMonitor.java:run(152)) - JvmPauseMonitor-s1: Stopped
2025-01-08 17:19:54,355 [s4-impl-thread1] INFO  segmented.SegmentedRaftLogWorker (SegmentedRaftLogWorker.java:close(254)) - s4@group-5BF951A7CE3F-SegmentedRaftLogWorker close()
2025-01-08 17:19:54,355 [JvmPauseMonitor4] INFO  util.JvmPauseMonitor (JvmPauseMonitor.java:run(152)) - JvmPauseMonitor-s2: Stopped
2025-01-08 17:19:54,355 [JvmPauseMonitor0] INFO  util.JvmPauseMonitor (JvmPauseMonitor.java:run(152)) - JvmPauseMonitor-s3: Stopped
2025-01-08 17:19:54,355 [s4-impl-thread1] INFO  raftlog.RaftLog (SegmentedRaftLog.java:close(577)) - Successfully closed s4@group-5BF951A7CE3F-SegmentedRaftLog:CLOSED:c9
2025-01-08 17:19:54,356 [JvmPauseMonitor1] INFO  util.JvmPauseMonitor (JvmPauseMonitor.java:run(152)) - JvmPauseMonitor-s4: Stopped
2025-01-08 17:19:54,361 [s0-impl-thread1] INFO  segmented.SegmentedRaftLogWorker (SegmentedRaftLogWorker.java:close(254)) - s0@group-5BF951A7CE3F-SegmentedRaftLogWorker close()
2025-01-08 17:19:54,362 [s0-impl-thread1] INFO  raftlog.RaftLog (SegmentedRaftLog.java:close(577)) - Successfully closed s0@group-5BF951A7CE3F-SegmentedRaftLog:CLOSED:c9
2025-01-08 17:19:54,362 [JvmPauseMonitor2] INFO  util.JvmPauseMonitor (JvmPauseMonitor.java:run(152)) - JvmPauseMonitor-s0: Stopped
2025-01-08 17:19:54,363 [main] INFO  impl.MiniRaftCluster (MiniRaftCluster.java:shutdown(883)) - MiniRaftClusterWithGrpc shutdown completed
2025-01-08 17:19:54,363 [main] INFO  ratis.RaftTestUtil (RaftTestUtil.java:gc(596)) - gc 0
2025-01-08 17:19:54,521 [main] INFO  impl.MiniRaftCluster (MiniRaftClusterWithGrpc.java:lambda$null$2(103)) - Checking s3-group-5BF951A7CE3F
2025-01-08 17:19:54,521 [main] INFO  impl.MiniRaftCluster (MiniRaftClusterWithGrpc.java:lambda$null$2(103)) - Checking s4-group-5BF951A7CE3F
2025-01-08 17:19:54,521 [main] INFO  impl.MiniRaftCluster (MiniRaftClusterWithGrpc.java:lambda$null$2(103)) - Checking s0-group-5BF951A7CE3F
2025-01-08 17:19:54,521 [main] INFO  impl.MiniRaftCluster (MiniRaftClusterWithGrpc.java:lambda$null$2(103)) - Checking s1-group-5BF951A7CE3F
2025-01-08 17:19:54,522 [main] INFO  impl.MiniRaftCluster (MiniRaftClusterWithGrpc.java:lambda$null$2(103)) - Checking s2-group-5BF951A7CE3F
]]></system-out>
  </testcase>
</testsuite>