<?xml version="1.0" encoding="UTF-8"?>
<testsuite xmlns:xsi="http://www.w3.org/2001/XMLSchema-instance" xsi:noNamespaceSchemaLocation="https://maven.apache.org/surefire/maven-surefire-plugin/xsd/surefire-test-report-3.0.xsd" version="3.0" name="org.apache.ratis.grpc.TestLeaderElectionWithGrpc" time="44.911" tests="26" errors="1" skipped="22" failures="0">
  <properties>
    <property name="awt.toolkit" value="sun.awt.X11.XToolkit"/>
    <property name="file.encoding.pkg" value="sun.io"/>
    <property name="java.specification.version" value="1.8"/>
    <property name="sun.cpu.isalist" value=""/>
    <property name="sun.jnu.encoding" value="UTF-8"/>
    <property name="java.class.path" value="/home/runner/work/ratis/ratis/ratis-test/target/test-classes:/home/runner/work/ratis/ratis/ratis-test/target/classes:/home/runner/work/ratis/ratis/ratis-common/target/classes:/home/runner/.m2/repository/org/apache/ratis/ratis-thirdparty-misc/1.0.8/ratis-thirdparty-misc-1.0.8.jar:/home/runner/work/ratis/ratis/ratis-proto/target/classes:/home/runner/work/ratis/ratis/ratis-common/target/test-classes:/home/runner/work/ratis/ratis/ratis-client/target/classes:/home/runner/work/ratis/ratis/ratis-server/target/classes:/home/runner/work/ratis/ratis/ratis-server-api/target/classes:/home/runner/work/ratis/ratis/ratis-metrics-api/target/classes:/home/runner/work/ratis/ratis/ratis-server/target/test-classes:/home/runner/work/ratis/ratis/ratis-metrics-default/target/classes:/home/runner/work/ratis/ratis/ratis-netty/target/classes:/home/runner/work/ratis/ratis/ratis-netty/target/test-classes:/home/runner/work/ratis/ratis/ratis-grpc/target/classes:/home/runner/work/ratis/ratis/ratis-grpc/target/test-classes:/home/runner/work/ratis/ratis/ratis-shell/target/classes:/home/runner/.m2/repository/commons-cli/commons-cli/1.5.0/commons-cli-1.5.0.jar:/home/runner/.m2/repository/org/reflections/reflections/0.10.2/reflections-0.10.2.jar:/home/runner/.m2/repository/org/javassist/javassist/3.28.0-GA/javassist-3.28.0-GA.jar:/home/runner/.m2/repository/com/google/code/findbugs/jsr305/3.0.2/jsr305-3.0.2.jar:/home/runner/.m2/repository/org/bouncycastle/bcprov-jdk18on/1.78.1/bcprov-jdk18on-1.78.1.jar:/home/runner/.m2/repository/org/bouncycastle/bcpkix-jdk18on/1.78.1/bcpkix-jdk18on-1.78.1.jar:/home/runner/.m2/repository/org/bouncycastle/bcutil-jdk18on/1.78.1/bcutil-jdk18on-1.78.1.jar:/home/runner/.m2/repository/org/slf4j/slf4j-api/2.0.7/slf4j-api-2.0.7.jar:/home/runner/.m2/repository/org/slf4j/slf4j-reload4j/2.0.7/slf4j-reload4j-2.0.7.jar:/home/runner/.m2/repository/ch/qos/reload4j/reload4j/1.2.22/reload4j-1.2.22.jar:/home/runner/.m2/repository/junit/junit/4.13.2/junit-4.13.2.jar:/home/runner/.m2/repository/org/hamcrest/hamcrest-core/1.3/hamcrest-core-1.3.jar:/home/runner/.m2/repository/org/junit/jupiter/junit-jupiter-engine/5.11.2/junit-jupiter-engine-5.11.2.jar:/home/runner/.m2/repository/org/junit/platform/junit-platform-engine/1.11.2/junit-platform-engine-1.11.2.jar:/home/runner/.m2/repository/org/apiguardian/apiguardian-api/1.1.2/apiguardian-api-1.1.2.jar:/home/runner/.m2/repository/org/junit/jupiter/junit-jupiter-api/5.11.2/junit-jupiter-api-5.11.2.jar:/home/runner/.m2/repository/org/opentest4j/opentest4j/1.3.0/opentest4j-1.3.0.jar:/home/runner/.m2/repository/org/junit/platform/junit-platform-commons/1.11.2/junit-platform-commons-1.11.2.jar:/home/runner/.m2/repository/org/junit/jupiter/junit-jupiter-params/5.11.2/junit-jupiter-params-5.11.2.jar:/home/runner/.m2/repository/org/mockito/mockito-core/4.3.1/mockito-core-4.3.1.jar:/home/runner/.m2/repository/net/bytebuddy/byte-buddy/1.12.7/byte-buddy-1.12.7.jar:/home/runner/.m2/repository/net/bytebuddy/byte-buddy-agent/1.12.7/byte-buddy-agent-1.12.7.jar:/home/runner/.m2/repository/org/objenesis/objenesis/3.2/objenesis-3.2.jar:/home/runner/work/ratis/ratis/ratis-test/target/gradle-enterprise/test-listeners.jar:"/>
    <property name="java.vm.vendor" value="Temurin"/>
    <property name="sun.arch.data.model" value="64"/>
    <property name="java.vendor.url" value="https://adoptium.net/"/>
    <property name="user.timezone" value="Etc/UTC"/>
    <property name="java.vm.specification.version" value="1.8"/>
    <property name="os.name" value="Linux"/>
    <property name="sun.java.launcher" value="SUN_STANDARD"/>
    <property name="sun.boot.library.path" value="/usr/lib/jvm/temurin-8-jdk-amd64/jre/lib/amd64"/>
    <property name="sun.java.command" value="/home/runner/work/ratis/ratis/ratis-test/target/surefire/surefirebooter4291666292750383152.jar /home/runner/work/ratis/ratis/ratis-test/target/surefire 2025-01-08T17-17-34_028-jvmRun1 surefire2357536219505287453tmp surefire_102492263617037888974tmp"/>
    <property name="surefire.test.class.path" value="/home/runner/work/ratis/ratis/ratis-test/target/test-classes:/home/runner/work/ratis/ratis/ratis-test/target/classes:/home/runner/work/ratis/ratis/ratis-common/target/classes:/home/runner/.m2/repository/org/apache/ratis/ratis-thirdparty-misc/1.0.8/ratis-thirdparty-misc-1.0.8.jar:/home/runner/work/ratis/ratis/ratis-proto/target/classes:/home/runner/work/ratis/ratis/ratis-common/target/test-classes:/home/runner/work/ratis/ratis/ratis-client/target/classes:/home/runner/work/ratis/ratis/ratis-server/target/classes:/home/runner/work/ratis/ratis/ratis-server-api/target/classes:/home/runner/work/ratis/ratis/ratis-metrics-api/target/classes:/home/runner/work/ratis/ratis/ratis-server/target/test-classes:/home/runner/work/ratis/ratis/ratis-metrics-default/target/classes:/home/runner/work/ratis/ratis/ratis-netty/target/classes:/home/runner/work/ratis/ratis/ratis-netty/target/test-classes:/home/runner/work/ratis/ratis/ratis-grpc/target/classes:/home/runner/work/ratis/ratis/ratis-grpc/target/test-classes:/home/runner/work/ratis/ratis/ratis-shell/target/classes:/home/runner/.m2/repository/commons-cli/commons-cli/1.5.0/commons-cli-1.5.0.jar:/home/runner/.m2/repository/org/reflections/reflections/0.10.2/reflections-0.10.2.jar:/home/runner/.m2/repository/org/javassist/javassist/3.28.0-GA/javassist-3.28.0-GA.jar:/home/runner/.m2/repository/com/google/code/findbugs/jsr305/3.0.2/jsr305-3.0.2.jar:/home/runner/.m2/repository/org/bouncycastle/bcprov-jdk18on/1.78.1/bcprov-jdk18on-1.78.1.jar:/home/runner/.m2/repository/org/bouncycastle/bcpkix-jdk18on/1.78.1/bcpkix-jdk18on-1.78.1.jar:/home/runner/.m2/repository/org/bouncycastle/bcutil-jdk18on/1.78.1/bcutil-jdk18on-1.78.1.jar:/home/runner/.m2/repository/org/slf4j/slf4j-api/2.0.7/slf4j-api-2.0.7.jar:/home/runner/.m2/repository/org/slf4j/slf4j-reload4j/2.0.7/slf4j-reload4j-2.0.7.jar:/home/runner/.m2/repository/ch/qos/reload4j/reload4j/1.2.22/reload4j-1.2.22.jar:/home/runner/.m2/repository/junit/junit/4.13.2/junit-4.13.2.jar:/home/runner/.m2/repository/org/hamcrest/hamcrest-core/1.3/hamcrest-core-1.3.jar:/home/runner/.m2/repository/org/junit/jupiter/junit-jupiter-engine/5.11.2/junit-jupiter-engine-5.11.2.jar:/home/runner/.m2/repository/org/junit/platform/junit-platform-engine/1.11.2/junit-platform-engine-1.11.2.jar:/home/runner/.m2/repository/org/apiguardian/apiguardian-api/1.1.2/apiguardian-api-1.1.2.jar:/home/runner/.m2/repository/org/junit/jupiter/junit-jupiter-api/5.11.2/junit-jupiter-api-5.11.2.jar:/home/runner/.m2/repository/org/opentest4j/opentest4j/1.3.0/opentest4j-1.3.0.jar:/home/runner/.m2/repository/org/junit/platform/junit-platform-commons/1.11.2/junit-platform-commons-1.11.2.jar:/home/runner/.m2/repository/org/junit/jupiter/junit-jupiter-params/5.11.2/junit-jupiter-params-5.11.2.jar:/home/runner/.m2/repository/org/mockito/mockito-core/4.3.1/mockito-core-4.3.1.jar:/home/runner/.m2/repository/net/bytebuddy/byte-buddy/1.12.7/byte-buddy-1.12.7.jar:/home/runner/.m2/repository/net/bytebuddy/byte-buddy-agent/1.12.7/byte-buddy-agent-1.12.7.jar:/home/runner/.m2/repository/org/objenesis/objenesis/3.2/objenesis-3.2.jar:/home/runner/work/ratis/ratis/ratis-test/target/gradle-enterprise/test-listeners.jar:"/>
    <property name="sun.cpu.endian" value="little"/>
    <property name="user.home" value="/home/runner"/>
    <property name="user.language" value="en"/>
    <property name="java.specification.vendor" value="Oracle Corporation"/>
    <property name="java.home" value="/usr/lib/jvm/temurin-8-jdk-amd64/jre"/>
    <property name="jacoco.skip" value="true"/>
    <property name="basedir" value="/home/runner/work/ratis/ratis/ratis-test"/>
    <property name="file.separator" value="/"/>
    <property name="line.separator" value="&#10;"/>
    <property name="java.vm.specification.vendor" value="Oracle Corporation"/>
    <property name="java.specification.name" value="Java Platform API Specification"/>
    <property name="java.awt.graphicsenv" value="sun.awt.X11GraphicsEnvironment"/>
    <property name="surefire.real.class.path" value="/home/runner/work/ratis/ratis/ratis-test/target/surefire/surefirebooter4291666292750383152.jar"/>
    <property name="sun.boot.class.path" value="/usr/lib/jvm/temurin-8-jdk-amd64/jre/lib/resources.jar:/usr/lib/jvm/temurin-8-jdk-amd64/jre/lib/rt.jar:/usr/lib/jvm/temurin-8-jdk-amd64/jre/lib/sunrsasign.jar:/usr/lib/jvm/temurin-8-jdk-amd64/jre/lib/jsse.jar:/usr/lib/jvm/temurin-8-jdk-amd64/jre/lib/jce.jar:/usr/lib/jvm/temurin-8-jdk-amd64/jre/lib/charsets.jar:/usr/lib/jvm/temurin-8-jdk-amd64/jre/lib/jfr.jar:/usr/lib/jvm/temurin-8-jdk-amd64/jre/classes"/>
    <property name="sun.management.compiler" value="HotSpot 64-Bit Tiered Compilers"/>
    <property name="java.runtime.version" value="1.8.0_432-b06"/>
    <property name="java.net.preferIPv4Stack" value="true"/>
    <property name="user.name" value="runner"/>
    <property name="path.separator" value=":"/>
    <property name="os.version" value="5.15.0-1074-azure"/>
    <property name="java.endorsed.dirs" value="/usr/lib/jvm/temurin-8-jdk-amd64/jre/lib/endorsed"/>
    <property name="java.runtime.name" value="OpenJDK Runtime Environment"/>
    <property name="com.gradle.maven.scan.extension.test.listener.junitplatform.NestedExecutionSafeDelegatingTestExecutionListener" value="5a1c0542"/>
    <property name="file.encoding" value="UTF-8"/>
    <property name="java.vm.name" value="OpenJDK 64-Bit Server VM"/>
    <property name="develocity.listener.surefire.forkId" value="1"/>
    <property name="localRepository" value="/home/runner/.m2/repository"/>
    <property name="java.vendor.url.bug" value="https://github.com/adoptium/adoptium-support/issues"/>
    <property name="java.io.tmpdir" value="/tmp"/>
    <property name="java.version" value="1.8.0_432"/>
    <property name="user.dir" value="/home/runner/work/ratis/ratis/ratis-test"/>
    <property name="os.arch" value="amd64"/>
    <property name="ratis.tmp.dir" value="/home/runner/work/ratis/ratis/ratis-test/target/tmp"/>
    <property name="java.vm.specification.name" value="Java Virtual Machine Specification"/>
    <property name="java.awt.printerjob" value="sun.print.PSPrinterJob"/>
    <property name="ratis.log.dir" value="/home/runner/work/ratis/ratis/ratis-test/target/log"/>
    <property name="sun.os.patch.level" value="unknown"/>
    <property name="org.apache.ratis.thirdparty.io.netty.allocator.useCacheForAllThreads" value="false"/>
    <property name="java.library.path" value="/usr/java/packages/lib/amd64:/usr/lib64:/lib64:/lib:/usr/lib"/>
    <property name="java.vm.info" value="mixed mode"/>
    <property name="java.vendor" value="Temurin"/>
    <property name="java.vm.version" value="25.432-b06"/>
    <property name="java.specification.maintenance.version" value="6"/>
    <property name="develocity.listener.port" value="33349"/>
    <property name="java.ext.dirs" value="/usr/lib/jvm/temurin-8-jdk-amd64/jre/lib/ext:/usr/java/packages/lib/ext"/>
    <property name="sun.io.unicode.encoding" value="UnicodeLittle"/>
    <property name="develocity.listener.noTestOutputCapturing" value="true"/>
    <property name="java.class.version" value="52.0"/>
  </properties>
  <testcase name="testAddFollowerWhenExistsListener" classname="org.apache.ratis.grpc.TestLeaderElectionWithGrpc" time="3.293"/>
  <testcase name="testRemoveListener" classname="org.apache.ratis.grpc.TestLeaderElectionWithGrpc" time="1.727"/>
  <testcase name="testLostMajorityHeartbeats" classname="org.apache.ratis.grpc.TestLeaderElectionWithGrpc" time="4.269"/>
  <testcase name="testLateServerStart" classname="org.apache.ratis.grpc.TestLeaderElectionWithGrpc" time="35.46">
    <error type="java.lang.IllegalStateException"><![CDATA[java.lang.IllegalStateException: #leaks = 1 > 0, #leaks == set.size = 1
	at org.apache.ratis.util.Preconditions.assertTrue(Preconditions.java:77)
	at org.apache.ratis.util.LeakDetector$LeakTrackerSet.assertNoLeaks(LeakDetector.java:100)
	at org.apache.ratis.util.LeakDetector$LeakTrackerSet.getNumLeaks(LeakDetector.java:94)
	at org.apache.ratis.util.LeakDetector.assertNoLeaks(LeakDetector.java:178)
	at org.apache.ratis.server.impl.MiniRaftCluster.shutdown(MiniRaftCluster.java:892)
	at org.apache.ratis.grpc.MiniRaftClusterWithGrpc.shutdown(MiniRaftClusterWithGrpc.java:97)
	at org.apache.ratis.server.impl.MiniRaftCluster.close(MiniRaftCluster.java:843)
	at org.apache.ratis.server.impl.LeaderElectionTests.testLateServerStart(LeaderElectionTests.java:401)
	at java.lang.reflect.Method.invoke(Method.java:498)
	at java.util.ArrayList.forEach(ArrayList.java:1259)
	at java.util.ArrayList.forEach(ArrayList.java:1259)
]]></error>
    <system-out><![CDATA[2025-01-08 17:21:43,940 [main] INFO  util.LogUtils (Slf4jUtils.java:setLogLevel(38)) - Successfully set org.apache.ratis.conf.ConfUtils log level to WARN
2025-01-08 17:21:43,940 [main] INFO  util.LogUtils (Slf4jUtils.java:setLogLevel(38)) - Successfully set org.apache.ratis.util.FileUtils log level to TRACE
2025-01-08 17:21:43,940 [main] INFO  util.LogUtils (Slf4jUtils.java:setLogLevel(38)) - Successfully set org.apache.ratis.server.RaftServer$Division log level to DEBUG
2025-01-08 17:21:43,940 [main] INFO  util.LogUtils (Slf4jUtils.java:setLogLevel(38)) - Successfully set org.apache.ratis.client.RaftClient log level to DEBUG
2025-01-08 17:21:43,941 [main] INFO  grpc.TestLeaderElectionWithGrpc (LeaderElectionTests.java:testLateServerStart(398)) - Running testLateServerStart
2025-01-08 17:21:43,942 [main] INFO  impl.MiniRaftCluster (MiniRaftCluster.java:<init>(319)) - new MiniRaftClusterWithGrpc with group-C018930D692E:[s0|localhost:15048, s1|localhost:15052, s2|localhost:15056]
2025-01-08 17:21:43,942 [main] INFO  impl.MiniRaftCluster (MiniRaftCluster.java:initServers(331)) - servers = {}
2025-01-08 17:21:43,942 [main] INFO  impl.MiniRaftCluster (MiniRaftCluster.java:newRaftServer(396)) - newRaftServer: s0, group-C018930D692E:[s0|localhost:15048, s1|localhost:15052, s2|localhost:15056], format? true
2025-01-08 17:21:43,942 [main] TRACE util.FileUtils (FileUtils.java:deleteFully(307)) - deleteFully target/test/data/d67ccb5e/MiniRaftClusterWithGrpc8196333f/s0
2025-01-08 17:21:43,943 [main] TRACE util.FileUtils (FileUtils.java:deleteFully(320)) - deleteFully: target/test/data/d67ccb5e/MiniRaftClusterWithGrpc8196333f/s0 does not exist.
2025-01-08 17:21:43,943 [main] INFO  impl.MiniRaftCluster (MiniRaftCluster.java:newRaftServer(401)) - Formatted directory target/test/data/d67ccb5e/MiniRaftClusterWithGrpc8196333f/s0
2025-01-08 17:21:43,943 [main] INFO  grpc.GrpcConfigKeys (ConfUtils.java:logFallback(69)) - raft.grpc.admin.host = null (fallback to raft.grpc.server.host)
2025-01-08 17:21:43,943 [main] INFO  grpc.GrpcConfigKeys (ConfUtils.java:logGet(62)) - raft.grpc.admin.port = 15049 (custom)
2025-01-08 17:21:43,943 [main] INFO  grpc.GrpcConfigKeys (ConfUtils.java:logFallback(69)) - raft.grpc.client.host = null (fallback to raft.grpc.server.host)
2025-01-08 17:21:43,944 [main] INFO  grpc.GrpcConfigKeys (ConfUtils.java:logGet(62)) - raft.grpc.client.port = 15050 (custom)
2025-01-08 17:21:43,944 [main] INFO  grpc.GrpcConfigKeys (ConfUtils.java:logGet(62)) - raft.grpc.server.port = 15048 (custom)
2025-01-08 17:21:43,946 [main] INFO  server.RaftServerConfigKeys (ConfUtils.java:logGet(62)) - raft.server.storage.dir = [/home/runner/work/ratis/ratis/ratis-test/target/test/data/d67ccb5e/MiniRaftClusterWithGrpc8196333f/s0] (custom)
2025-01-08 17:21:43,946 [main] INFO  server.RaftServer (RaftServerProxy.java:addNew(101)) - s0: addNew group-C018930D692E:[s0|localhost:15048, s1|localhost:15052, s2|localhost:15056] returns group-C018930D692E:java.util.concurrent.CompletableFuture@29a0cdb[Not completed]
2025-01-08 17:21:43,946 [s0-groupManagement] INFO  server.RaftServer$Division (RaftServerImpl.java:<init>(259)) - s0: new RaftServerImpl for group-C018930D692E:[s0|localhost:15048, s1|localhost:15052, s2|localhost:15056] with BaseStateMachine:uninitialized
2025-01-08 17:21:43,946 [main] INFO  impl.MiniRaftCluster (MiniRaftCluster.java:newRaftServer(396)) - newRaftServer: s1, group-C018930D692E:[s0|localhost:15048, s1|localhost:15052, s2|localhost:15056], format? true
2025-01-08 17:21:43,946 [main] TRACE util.FileUtils (FileUtils.java:deleteFully(307)) - deleteFully target/test/data/d67ccb5e/MiniRaftClusterWithGrpc8196333f/s1
2025-01-08 17:21:43,946 [s0-groupManagement] INFO  server.RaftServer$Division (ServerState.java:<init>(114)) - s0@group-C018930D692E: ConfigurationManager, init=conf: {index: -1, cur=peers:[s0|localhost:15048, s1|localhost:15052, s2|localhost:15056]|listeners:[], old=null}, confs=<EMPTY_MAP>
2025-01-08 17:21:43,947 [main] TRACE util.FileUtils (FileUtils.java:deleteFully(320)) - deleteFully: target/test/data/d67ccb5e/MiniRaftClusterWithGrpc8196333f/s1 does not exist.
2025-01-08 17:21:43,947 [main] INFO  impl.MiniRaftCluster (MiniRaftCluster.java:newRaftServer(401)) - Formatted directory target/test/data/d67ccb5e/MiniRaftClusterWithGrpc8196333f/s1
2025-01-08 17:21:43,947 [main] INFO  grpc.GrpcConfigKeys (ConfUtils.java:logFallback(69)) - raft.grpc.admin.host = null (fallback to raft.grpc.server.host)
2025-01-08 17:21:43,947 [main] INFO  grpc.GrpcConfigKeys (ConfUtils.java:logGet(62)) - raft.grpc.admin.port = 15053 (custom)
2025-01-08 17:21:43,947 [main] INFO  grpc.GrpcConfigKeys (ConfUtils.java:logFallback(69)) - raft.grpc.client.host = null (fallback to raft.grpc.server.host)
2025-01-08 17:21:43,947 [main] INFO  grpc.GrpcConfigKeys (ConfUtils.java:logGet(62)) - raft.grpc.client.port = 15054 (custom)
2025-01-08 17:21:43,948 [main] INFO  grpc.GrpcConfigKeys (ConfUtils.java:logGet(62)) - raft.grpc.server.port = 15052 (custom)
2025-01-08 17:21:43,949 [main] INFO  server.RaftServerConfigKeys (ConfUtils.java:logGet(62)) - raft.server.storage.dir = [/home/runner/work/ratis/ratis/ratis-test/target/test/data/d67ccb5e/MiniRaftClusterWithGrpc8196333f/s1] (custom)
2025-01-08 17:21:43,949 [main] INFO  server.RaftServer (RaftServerProxy.java:addNew(101)) - s1: addNew group-C018930D692E:[s0|localhost:15048, s1|localhost:15052, s2|localhost:15056] returns group-C018930D692E:java.util.concurrent.CompletableFuture@3c9c0d96[Not completed]
2025-01-08 17:21:43,950 [main] INFO  impl.MiniRaftCluster (MiniRaftCluster.java:newRaftServer(396)) - newRaftServer: s2, group-C018930D692E:[s0|localhost:15048, s1|localhost:15052, s2|localhost:15056], format? true
2025-01-08 17:21:43,950 [main] TRACE util.FileUtils (FileUtils.java:deleteFully(307)) - deleteFully target/test/data/d67ccb5e/MiniRaftClusterWithGrpc8196333f/s2
2025-01-08 17:21:43,949 [s1-groupManagement] INFO  server.RaftServer$Division (RaftServerImpl.java:<init>(259)) - s1: new RaftServerImpl for group-C018930D692E:[s0|localhost:15048, s1|localhost:15052, s2|localhost:15056] with BaseStateMachine:uninitialized
2025-01-08 17:21:43,950 [main] TRACE util.FileUtils (FileUtils.java:deleteFully(320)) - deleteFully: target/test/data/d67ccb5e/MiniRaftClusterWithGrpc8196333f/s2 does not exist.
2025-01-08 17:21:43,950 [main] INFO  impl.MiniRaftCluster (MiniRaftCluster.java:newRaftServer(401)) - Formatted directory target/test/data/d67ccb5e/MiniRaftClusterWithGrpc8196333f/s2
2025-01-08 17:21:43,950 [s1-groupManagement] INFO  server.RaftServer$Division (ServerState.java:<init>(114)) - s1@group-C018930D692E: ConfigurationManager, init=conf: {index: -1, cur=peers:[s0|localhost:15048, s1|localhost:15052, s2|localhost:15056]|listeners:[], old=null}, confs=<EMPTY_MAP>
2025-01-08 17:21:43,950 [main] INFO  grpc.GrpcConfigKeys (ConfUtils.java:logFallback(69)) - raft.grpc.admin.host = null (fallback to raft.grpc.server.host)
2025-01-08 17:21:43,950 [main] INFO  grpc.GrpcConfigKeys (ConfUtils.java:logGet(62)) - raft.grpc.admin.port = 15057 (custom)
2025-01-08 17:21:43,951 [main] INFO  grpc.GrpcConfigKeys (ConfUtils.java:logFallback(69)) - raft.grpc.client.host = null (fallback to raft.grpc.server.host)
2025-01-08 17:21:43,951 [main] INFO  grpc.GrpcConfigKeys (ConfUtils.java:logGet(62)) - raft.grpc.client.port = 15058 (custom)
2025-01-08 17:21:43,951 [main] INFO  grpc.GrpcConfigKeys (ConfUtils.java:logGet(62)) - raft.grpc.server.port = 15056 (custom)
2025-01-08 17:21:43,952 [main] INFO  server.RaftServerConfigKeys (ConfUtils.java:logGet(62)) - raft.server.storage.dir = [/home/runner/work/ratis/ratis/ratis-test/target/test/data/d67ccb5e/MiniRaftClusterWithGrpc8196333f/s2] (custom)
2025-01-08 17:21:43,952 [main] INFO  server.RaftServer (RaftServerProxy.java:addNew(101)) - s2: addNew group-C018930D692E:[s0|localhost:15048, s1|localhost:15052, s2|localhost:15056] returns group-C018930D692E:java.util.concurrent.CompletableFuture@4ed5eb72[Not completed]
2025-01-08 17:21:43,952 [s2-groupManagement] INFO  server.RaftServer$Division (RaftServerImpl.java:<init>(259)) - s2: new RaftServerImpl for group-C018930D692E:[s0|localhost:15048, s1|localhost:15052, s2|localhost:15056] with BaseStateMachine:uninitialized
2025-01-08 17:21:43,953 [s2-groupManagement] INFO  server.RaftServer$Division (ServerState.java:<init>(114)) - s2@group-C018930D692E: ConfigurationManager, init=conf: {index: -1, cur=peers:[s0|localhost:15048, s1|localhost:15052, s2|localhost:15056]|listeners:[], old=null}, confs=<EMPTY_MAP>
2025-01-08 17:21:43,953 [s0-impl-thread1] INFO  server.RaftServerConfigKeys (ConfUtils.java:logGet(62)) - raft.server.storage.dir = [/home/runner/work/ratis/ratis/ratis-test/target/test/data/d67ccb5e/MiniRaftClusterWithGrpc8196333f/s0] (custom)
2025-01-08 17:21:43,953 [s0-impl-thread1] INFO  storage.RaftStorageDirectory (RaftStorageDirectoryImpl.java:analyzeStorage(138)) - The storage directory /home/runner/work/ratis/ratis/ratis-test/target/test/data/d67ccb5e/MiniRaftClusterWithGrpc8196333f/s0/df0de9b3-655f-490a-bb80-c018930d692e does not exist. Creating ...
2025-01-08 17:21:43,953 [s0-impl-thread1] TRACE util.FileUtils (LogUtils.java:runAndLog(49)) - Successfully ran Files.createDirectories /home/runner/work/ratis/ratis/ratis-test/target/test/data/d67ccb5e/MiniRaftClusterWithGrpc8196333f/s0/df0de9b3-655f-490a-bb80-c018930d692e
2025-01-08 17:21:43,955 [s0-impl-thread1] INFO  storage.RaftStorageDirectory (RaftStorageDirectoryImpl.java:tryLock(229)) - Lock on /home/runner/work/ratis/ratis/ratis-test/target/test/data/d67ccb5e/MiniRaftClusterWithGrpc8196333f/s0/df0de9b3-655f-490a-bb80-c018930d692e/in_use.lock acquired by nodename 5390@fv-az882-797.q2gudnguzteuze5zk335zrm3jf.ex.internal.cloudapp.net
2025-01-08 17:21:43,955 [s0-impl-thread1] TRACE util.FileUtils (LogUtils.java:runAndLog(49)) - Successfully ran Files.createDirectories /home/runner/work/ratis/ratis/ratis-test/target/test/data/d67ccb5e/MiniRaftClusterWithGrpc8196333f/s0/df0de9b3-655f-490a-bb80-c018930d692e/current
2025-01-08 17:21:43,955 [s0-impl-thread1] TRACE util.FileUtils (LogUtils.java:runAndLog(49)) - Successfully ran Files.createDirectories /home/runner/work/ratis/ratis/ratis-test/target/test/data/d67ccb5e/MiniRaftClusterWithGrpc8196333f/s0/df0de9b3-655f-490a-bb80-c018930d692e/sm
2025-01-08 17:21:43,955 [s0-impl-thread1] TRACE util.FileUtils (LogUtils.java:supplyAndLog(69)) - Successfully supplied FileChannel.open /home/runner/work/ratis/ratis/ratis-test/target/test/data/d67ccb5e/MiniRaftClusterWithGrpc8196333f/s0/df0de9b3-655f-490a-bb80-c018930d692e/current/raft-meta.tmp with options [CREATE, WRITE]: sun.nio.ch.FileChannelImpl@57b87eeb
2025-01-08 17:21:43,956 [s0-impl-thread1] TRACE util.FileUtils (LogUtils.java:runAndLog(49)) - Successfully ran Atomic Files.move /home/runner/work/ratis/ratis/ratis-test/target/test/data/d67ccb5e/MiniRaftClusterWithGrpc8196333f/s0/df0de9b3-655f-490a-bb80-c018930d692e/current/raft-meta.tmp to /home/runner/work/ratis/ratis/ratis-test/target/test/data/d67ccb5e/MiniRaftClusterWithGrpc8196333f/s0/df0de9b3-655f-490a-bb80-c018930d692e/current/raft-meta with options [REPLACE_EXISTING]
2025-01-08 17:21:43,956 [s0-impl-thread1] INFO  storage.RaftStorage (RaftStorageImpl.java:format(98)) - Storage directory /home/runner/work/ratis/ratis/ratis-test/target/test/data/d67ccb5e/MiniRaftClusterWithGrpc8196333f/s0/df0de9b3-655f-490a-bb80-c018930d692e has been successfully formatted.
2025-01-08 17:21:43,956 [s0-impl-thread1] INFO  util.AwaitToRun (AwaitToRun.java:start(81)) - Thread[s0@group-C018930D692E-cacheEviction-AwaitToRun,5,main] started
2025-01-08 17:21:43,957 [s0-impl-thread1] INFO  segmented.SegmentedRaftLogWorker (SegmentedRaftLogWorker.java:<init>(189)) - new s0@group-C018930D692E-SegmentedRaftLogWorker for RaftStorageImpl:Storage Directory /home/runner/work/ratis/ratis/ratis-test/target/test/data/d67ccb5e/MiniRaftClusterWithGrpc8196333f/s0/df0de9b3-655f-490a-bb80-c018930d692e
2025-01-08 17:21:43,957 [s0-impl-thread1] INFO  segmented.SegmentedRaftLogWorker (SegmentedRaftLogWorker.java:lambda$new$0(140)) - s0@group-C018930D692E-SegmentedRaftLogWorker: flushIndex: setUnconditionally 0 -> -1
2025-01-08 17:21:43,957 [s0-impl-thread1] INFO  segmented.SegmentedRaftLogWorker (SegmentedRaftLogWorker.java:lambda$new$0(140)) - s0@group-C018930D692E-SegmentedRaftLogWorker: safeCacheEvictIndex: setUnconditionally 0 -> -1
2025-01-08 17:21:43,958 [s0-impl-thread1] INFO  server.RaftServer$Division (RaftServerImpl.java:start(396)) - s0@group-C018930D692E: start as a follower, conf=conf: {index: -1, cur=peers:[s0|localhost:15048, s1|localhost:15052, s2|localhost:15056]|listeners:[], old=null}
2025-01-08 17:21:43,958 [s0-impl-thread1] INFO  server.RaftServer$Division (RaftServerImpl.java:setRole(383)) - s0@group-C018930D692E: changes role from      null to FOLLOWER at term 0 for startAsFollower
2025-01-08 17:21:43,958 [s0-impl-thread1] INFO  impl.RoleInfo (RoleInfo.java:updateAndGet(148)) - s0: start s0@group-C018930D692E-FollowerState
2025-01-08 17:21:43,958 [s0@group-C018930D692E-FollowerState] INFO  server.RaftServerConfigKeys (ConfUtils.java:logFallback(69)) - raft.server.rpc.first-election.timeout.min = 150ms (fallback to raft.server.rpc.timeout.min)
2025-01-08 17:21:43,958 [s0@group-C018930D692E-FollowerState] INFO  server.RaftServerConfigKeys (ConfUtils.java:logFallback(69)) - raft.server.rpc.first-election.timeout.max = 300ms (fallback to raft.server.rpc.timeout.max)
2025-01-08 17:21:43,958 [s0-impl-thread1] INFO  util.JmxRegister (JmxRegister.java:tryRegister(44)) - Successfully registered JMX Bean with object name Ratis:service=RaftServer,group=group-C018930D692E,id=s0
2025-01-08 17:21:43,959 [s0-impl-thread1] INFO  util.JmxRegister (JmxRegister.java:register(58)) - register mxBean class org.apache.ratis.server.impl.RaftServerJmxAdapter as Ratis:service=RaftServer,group=group-C018930D692E,id=s0
2025-01-08 17:21:43,959 [s0-impl-thread1] INFO  server.RaftServer$Division (RaftServerImpl.java:start(410)) - s0@group-C018930D692E: Successfully started.
2025-01-08 17:21:43,959 [main] INFO  server.RaftServer (RaftServerProxy.java:startImpl(408)) - s0: start RPC server
2025-01-08 17:21:43,960 [main] INFO  server.GrpcServicesImpl (GrpcServicesImpl.java:startImpl(353)) - s0: GrpcServicesImpl started, listening on 15050
2025-01-08 17:21:43,961 [main] INFO  server.GrpcServicesImpl (GrpcServicesImpl.java:startImpl(353)) - s0: GrpcServicesImpl started, listening on 15048
2025-01-08 17:21:43,962 [main] INFO  server.GrpcServicesImpl (GrpcServicesImpl.java:startImpl(353)) - s0: GrpcServicesImpl started, listening on 15049
2025-01-08 17:21:43,962 [JvmPauseMonitor12] INFO  util.JvmPauseMonitor (JvmPauseMonitor.java:run(146)) - JvmPauseMonitor-s0: Started
2025-01-08 17:21:43,962 [s1-impl-thread1] INFO  server.RaftServerConfigKeys (ConfUtils.java:logGet(62)) - raft.server.storage.dir = [/home/runner/work/ratis/ratis/ratis-test/target/test/data/d67ccb5e/MiniRaftClusterWithGrpc8196333f/s1] (custom)
2025-01-08 17:21:43,962 [s1-impl-thread1] INFO  storage.RaftStorageDirectory (RaftStorageDirectoryImpl.java:analyzeStorage(138)) - The storage directory /home/runner/work/ratis/ratis/ratis-test/target/test/data/d67ccb5e/MiniRaftClusterWithGrpc8196333f/s1/df0de9b3-655f-490a-bb80-c018930d692e does not exist. Creating ...
2025-01-08 17:21:43,962 [s1-impl-thread1] TRACE util.FileUtils (LogUtils.java:runAndLog(49)) - Successfully ran Files.createDirectories /home/runner/work/ratis/ratis/ratis-test/target/test/data/d67ccb5e/MiniRaftClusterWithGrpc8196333f/s1/df0de9b3-655f-490a-bb80-c018930d692e
2025-01-08 17:21:43,963 [s1-impl-thread1] INFO  storage.RaftStorageDirectory (RaftStorageDirectoryImpl.java:tryLock(229)) - Lock on /home/runner/work/ratis/ratis/ratis-test/target/test/data/d67ccb5e/MiniRaftClusterWithGrpc8196333f/s1/df0de9b3-655f-490a-bb80-c018930d692e/in_use.lock acquired by nodename 5390@fv-az882-797.q2gudnguzteuze5zk335zrm3jf.ex.internal.cloudapp.net
2025-01-08 17:21:43,963 [s1-impl-thread1] TRACE util.FileUtils (LogUtils.java:runAndLog(49)) - Successfully ran Files.createDirectories /home/runner/work/ratis/ratis/ratis-test/target/test/data/d67ccb5e/MiniRaftClusterWithGrpc8196333f/s1/df0de9b3-655f-490a-bb80-c018930d692e/current
2025-01-08 17:21:43,963 [s1-impl-thread1] TRACE util.FileUtils (LogUtils.java:runAndLog(49)) - Successfully ran Files.createDirectories /home/runner/work/ratis/ratis/ratis-test/target/test/data/d67ccb5e/MiniRaftClusterWithGrpc8196333f/s1/df0de9b3-655f-490a-bb80-c018930d692e/sm
2025-01-08 17:21:43,963 [s1-impl-thread1] TRACE util.FileUtils (LogUtils.java:supplyAndLog(69)) - Successfully supplied FileChannel.open /home/runner/work/ratis/ratis/ratis-test/target/test/data/d67ccb5e/MiniRaftClusterWithGrpc8196333f/s1/df0de9b3-655f-490a-bb80-c018930d692e/current/raft-meta.tmp with options [CREATE, WRITE]: sun.nio.ch.FileChannelImpl@6a8f3c33
2025-01-08 17:21:43,964 [s1-impl-thread1] TRACE util.FileUtils (LogUtils.java:runAndLog(49)) - Successfully ran Atomic Files.move /home/runner/work/ratis/ratis/ratis-test/target/test/data/d67ccb5e/MiniRaftClusterWithGrpc8196333f/s1/df0de9b3-655f-490a-bb80-c018930d692e/current/raft-meta.tmp to /home/runner/work/ratis/ratis/ratis-test/target/test/data/d67ccb5e/MiniRaftClusterWithGrpc8196333f/s1/df0de9b3-655f-490a-bb80-c018930d692e/current/raft-meta with options [REPLACE_EXISTING]
2025-01-08 17:21:43,965 [s1-impl-thread1] INFO  storage.RaftStorage (RaftStorageImpl.java:format(98)) - Storage directory /home/runner/work/ratis/ratis/ratis-test/target/test/data/d67ccb5e/MiniRaftClusterWithGrpc8196333f/s1/df0de9b3-655f-490a-bb80-c018930d692e has been successfully formatted.
2025-01-08 17:21:43,966 [s1-impl-thread1] INFO  util.AwaitToRun (AwaitToRun.java:start(81)) - Thread[s1@group-C018930D692E-cacheEviction-AwaitToRun,5,main] started
2025-01-08 17:21:43,966 [s1-impl-thread1] INFO  segmented.SegmentedRaftLogWorker (SegmentedRaftLogWorker.java:<init>(189)) - new s1@group-C018930D692E-SegmentedRaftLogWorker for RaftStorageImpl:Storage Directory /home/runner/work/ratis/ratis/ratis-test/target/test/data/d67ccb5e/MiniRaftClusterWithGrpc8196333f/s1/df0de9b3-655f-490a-bb80-c018930d692e
2025-01-08 17:21:43,967 [s1-impl-thread1] INFO  segmented.SegmentedRaftLogWorker (SegmentedRaftLogWorker.java:lambda$new$0(140)) - s1@group-C018930D692E-SegmentedRaftLogWorker: flushIndex: setUnconditionally 0 -> -1
2025-01-08 17:21:43,967 [s1-impl-thread1] INFO  segmented.SegmentedRaftLogWorker (SegmentedRaftLogWorker.java:lambda$new$0(140)) - s1@group-C018930D692E-SegmentedRaftLogWorker: safeCacheEvictIndex: setUnconditionally 0 -> -1
2025-01-08 17:21:43,968 [s1-impl-thread1] INFO  server.RaftServer$Division (RaftServerImpl.java:start(396)) - s1@group-C018930D692E: start as a follower, conf=conf: {index: -1, cur=peers:[s0|localhost:15048, s1|localhost:15052, s2|localhost:15056]|listeners:[], old=null}
2025-01-08 17:21:43,968 [s1-impl-thread1] INFO  server.RaftServer$Division (RaftServerImpl.java:setRole(383)) - s1@group-C018930D692E: changes role from      null to FOLLOWER at term 0 for startAsFollower
2025-01-08 17:21:43,968 [s1-impl-thread1] INFO  impl.RoleInfo (RoleInfo.java:updateAndGet(148)) - s1: start s1@group-C018930D692E-FollowerState
2025-01-08 17:21:43,968 [s1@group-C018930D692E-FollowerState] INFO  server.RaftServerConfigKeys (ConfUtils.java:logFallback(69)) - raft.server.rpc.first-election.timeout.min = 150ms (fallback to raft.server.rpc.timeout.min)
2025-01-08 17:21:43,968 [s1-impl-thread1] INFO  util.JmxRegister (JmxRegister.java:tryRegister(44)) - Successfully registered JMX Bean with object name Ratis:service=RaftServer,group=group-C018930D692E,id=s1
2025-01-08 17:21:43,968 [s1-impl-thread1] INFO  util.JmxRegister (JmxRegister.java:register(58)) - register mxBean class org.apache.ratis.server.impl.RaftServerJmxAdapter as Ratis:service=RaftServer,group=group-C018930D692E,id=s1
2025-01-08 17:21:43,968 [s1@group-C018930D692E-FollowerState] INFO  server.RaftServerConfigKeys (ConfUtils.java:logFallback(69)) - raft.server.rpc.first-election.timeout.max = 300ms (fallback to raft.server.rpc.timeout.max)
2025-01-08 17:21:43,968 [s1-impl-thread1] INFO  server.RaftServer$Division (RaftServerImpl.java:start(410)) - s1@group-C018930D692E: Successfully started.
2025-01-08 17:21:43,968 [main] INFO  server.RaftServer (RaftServerProxy.java:startImpl(408)) - s1: start RPC server
2025-01-08 17:21:43,969 [main] INFO  server.GrpcServicesImpl (GrpcServicesImpl.java:startImpl(353)) - s1: GrpcServicesImpl started, listening on 15054
2025-01-08 17:21:43,970 [main] INFO  server.GrpcServicesImpl (GrpcServicesImpl.java:startImpl(353)) - s1: GrpcServicesImpl started, listening on 15052
2025-01-08 17:21:43,970 [main] INFO  server.GrpcServicesImpl (GrpcServicesImpl.java:startImpl(353)) - s1: GrpcServicesImpl started, listening on 15053
2025-01-08 17:21:43,970 [JvmPauseMonitor13] INFO  util.JvmPauseMonitor (JvmPauseMonitor.java:run(146)) - JvmPauseMonitor-s1: Started
2025-01-08 17:21:43,973 [main] INFO  ratis.RaftTestUtil (RaftTestUtil.java:waitForLeader(107)) - printing ALL groups
  s0:  RUNNING  FOLLOWER s0@group-C018930D692E:t0, leader=null, voted=, raftlog=Memoized:s0@group-C018930D692E-SegmentedRaftLog:OPENED:c-1:lastnull, conf=conf: {index: -1, cur=peers:[s0|localhost:15048, s1|localhost:15052, s2|localhost:15056]|listeners:[], old=null} RUNNING
  s1:  RUNNING  FOLLOWER s1@group-C018930D692E:t0, leader=null, voted=, raftlog=Memoized:s1@group-C018930D692E-SegmentedRaftLog:OPENED:c-1:lastnull, conf=conf: {index: -1, cur=peers:[s0|localhost:15048, s1|localhost:15052, s2|localhost:15056]|listeners:[], old=null} RUNNING
  s2:      NEW      null s2@group-C018930D692E:t0, leader=null, voted=null, raftlog=UNINITIALIZED, conf=conf: {index: -1, cur=peers:[s0|localhost:15048, s1|localhost:15052, s2|localhost:15056]|listeners:[], old=null} NEW
2025-01-08 17:21:43,973 [main] WARN  ratis.RaftTestUtil (RaftTestUtil.java:lambda$waitForLeader$3(126)) - Attempt #1 failed: java.lang.IllegalStateException: No leader yet : printing ALL groups
  s0:  RUNNING  FOLLOWER s0@group-C018930D692E:t0, leader=null, voted=, raftlog=Memoized:s0@group-C018930D692E-SegmentedRaftLog:OPENED:c-1:lastnull, conf=conf: {index: -1, cur=peers:[s0|localhost:15048, s1|localhost:15052, s2|localhost:15056]|listeners:[], old=null} RUNNING
  s1:  RUNNING  FOLLOWER s1@group-C018930D692E:t0, leader=null, voted=, raftlog=Memoized:s1@group-C018930D692E-SegmentedRaftLog:OPENED:c-1:lastnull, conf=conf: {index: -1, cur=peers:[s0|localhost:15048, s1|localhost:15052, s2|localhost:15056]|listeners:[], old=null} RUNNING
  s2:      NEW      null s2@group-C018930D692E:t0, leader=null, voted=null, raftlog=UNINITIALIZED, conf=conf: {index: -1, cur=peers:[s0|localhost:15048, s1|localhost:15052, s2|localhost:15056]|listeners:[], old=null} NEW
2025-01-08 17:21:44,188 [s1@group-C018930D692E-FollowerState] INFO  impl.FollowerState (FollowerState.java:runImpl(161)) - s1@group-C018930D692E-FollowerState: change to CANDIDATE, lastRpcElapsedTime:220564570ns, electionTimeout:220ms
2025-01-08 17:21:44,188 [s1@group-C018930D692E-FollowerState] INFO  impl.RoleInfo (RoleInfo.java:shutdownFollowerState(121)) - s1: shutdown s1@group-C018930D692E-FollowerState
2025-01-08 17:21:44,189 [s1@group-C018930D692E-FollowerState] INFO  server.RaftServer$Division (RaftServerImpl.java:setRole(383)) - s1@group-C018930D692E: changes role from  FOLLOWER to CANDIDATE at term 0 for changeToCandidate
2025-01-08 17:21:44,189 [s1@group-C018930D692E-FollowerState] INFO  impl.RoleInfo (RoleInfo.java:updateAndGet(148)) - s1: start s1@group-C018930D692E-LeaderElection10
2025-01-08 17:21:44,189 [s1@group-C018930D692E-LeaderElection10] INFO  impl.LeaderElection (LeaderElection.java:askForVotes(332)) - s1@group-C018930D692E-LeaderElection10 PRE_VOTE round 0: submit vote requests at term 0 for conf: {index: -1, cur=peers:[s0|localhost:15048, s1|localhost:15052, s2|localhost:15056]|listeners:[], old=null}
2025-01-08 17:21:44,190 [s1@group-C018930D692E-LeaderElection10-1] INFO  server.GrpcServerProtocolClient (GrpcServerProtocolClient.java:<init>(65)) - Build channel for s0|localhost:15048
2025-01-08 17:21:44,190 [s1@group-C018930D692E-LeaderElection10] INFO  server.RaftServerConfigKeys (ConfUtils.java:logFallback(69)) - raft.server.rpc.first-election.timeout.min = 150ms (fallback to raft.server.rpc.timeout.min)
2025-01-08 17:21:44,190 [s1@group-C018930D692E-LeaderElection10-2] INFO  server.GrpcServerProtocolClient (GrpcServerProtocolClient.java:<init>(65)) - Build channel for s2|localhost:15056
2025-01-08 17:21:44,190 [s1@group-C018930D692E-LeaderElection10] INFO  server.RaftServerConfigKeys (ConfUtils.java:logFallback(69)) - raft.server.rpc.first-election.timeout.max = 300ms (fallback to raft.server.rpc.timeout.max)
2025-01-08 17:21:44,196 [grpc-default-executor-4] INFO  server.RaftServer$Division (RaftServerImpl.java:requestVote(1463)) - s0@group-C018930D692E: receive requestVote(PRE_VOTE, s1, group-C018930D692E, 0, (t:0, i:0))
2025-01-08 17:21:44,196 [grpc-default-executor-4] INFO  impl.VoteContext (VoteContext.java:log(49)) - s0@group-C018930D692E-FOLLOWER: accept PRE_VOTE from s1: our priority 0 <= candidate's priority 0
2025-01-08 17:21:44,197 [grpc-default-executor-4] INFO  server.RaftServer$Division (RaftServerImpl.java:requestVote(1497)) - s0@group-C018930D692E replies to PRE_VOTE vote request: s1<-s0#0:OK-t0. Peer's state: s0@group-C018930D692E:t0, leader=null, voted=, raftlog=Memoized:s0@group-C018930D692E-SegmentedRaftLog:OPENED:c-1:lastnull, conf=conf: {index: -1, cur=peers:[s0|localhost:15048, s1|localhost:15052, s2|localhost:15056]|listeners:[], old=null}
2025-01-08 17:21:44,198 [s1@group-C018930D692E-LeaderElection10] INFO  impl.LeaderElection (LogUtils.java:infoOrTrace(142)) - s1@group-C018930D692E-LeaderElection10 got exception when requesting votes: java.util.concurrent.ExecutionException: org.apache.ratis.thirdparty.io.grpc.StatusRuntimeException: UNAVAILABLE: io exception
2025-01-08 17:21:44,198 [s1@group-C018930D692E-LeaderElection10] INFO  impl.LeaderElection (LeaderElection.java:logAndReturn(90)) - s1@group-C018930D692E-LeaderElection10: PRE_VOTE PASSED received 1 response(s) and 1 exception(s):
2025-01-08 17:21:44,198 [s1@group-C018930D692E-LeaderElection10] INFO  impl.LeaderElection (LeaderElection.java:logAndReturn(94)) -   Response 0: s1<-s0#0:OK-t0
2025-01-08 17:21:44,198 [s1@group-C018930D692E-LeaderElection10] INFO  impl.LeaderElection (LogUtils.java:infoOrTrace(142)) -   Exception 1: java.util.concurrent.ExecutionException: org.apache.ratis.thirdparty.io.grpc.StatusRuntimeException: UNAVAILABLE: io exception
2025-01-08 17:21:44,198 [s1@group-C018930D692E-LeaderElection10] INFO  impl.LeaderElection (LeaderElection.java:askForVotes(334)) - s1@group-C018930D692E-LeaderElection10 PRE_VOTE round 0: result PASSED
2025-01-08 17:21:44,199 [s1@group-C018930D692E-LeaderElection10] TRACE util.FileUtils (LogUtils.java:supplyAndLog(69)) - Successfully supplied FileChannel.open /home/runner/work/ratis/ratis/ratis-test/target/test/data/d67ccb5e/MiniRaftClusterWithGrpc8196333f/s1/df0de9b3-655f-490a-bb80-c018930d692e/current/raft-meta.tmp with options [CREATE, WRITE]: sun.nio.ch.FileChannelImpl@36e7e1c5
2025-01-08 17:21:44,200 [s1@group-C018930D692E-LeaderElection10] TRACE util.FileUtils (LogUtils.java:runAndLog(49)) - Successfully ran Atomic Files.move /home/runner/work/ratis/ratis/ratis-test/target/test/data/d67ccb5e/MiniRaftClusterWithGrpc8196333f/s1/df0de9b3-655f-490a-bb80-c018930d692e/current/raft-meta.tmp to /home/runner/work/ratis/ratis/ratis-test/target/test/data/d67ccb5e/MiniRaftClusterWithGrpc8196333f/s1/df0de9b3-655f-490a-bb80-c018930d692e/current/raft-meta with options [REPLACE_EXISTING]
2025-01-08 17:21:44,200 [s1@group-C018930D692E-LeaderElection10] INFO  impl.LeaderElection (LeaderElection.java:askForVotes(332)) - s1@group-C018930D692E-LeaderElection10 ELECTION round 0: submit vote requests at term 1 for conf: {index: -1, cur=peers:[s0|localhost:15048, s1|localhost:15052, s2|localhost:15056]|listeners:[], old=null}
2025-01-08 17:21:44,200 [s1@group-C018930D692E-LeaderElection10] INFO  server.RaftServerConfigKeys (ConfUtils.java:logFallback(69)) - raft.server.rpc.first-election.timeout.min = 150ms (fallback to raft.server.rpc.timeout.min)
2025-01-08 17:21:44,201 [s1@group-C018930D692E-LeaderElection10] INFO  server.RaftServerConfigKeys (ConfUtils.java:logFallback(69)) - raft.server.rpc.first-election.timeout.max = 300ms (fallback to raft.server.rpc.timeout.max)
2025-01-08 17:21:44,201 [s1@group-C018930D692E-LeaderElection10] INFO  impl.LeaderElection (LogUtils.java:infoOrTrace(142)) - s1@group-C018930D692E-LeaderElection10 got exception when requesting votes: java.util.concurrent.ExecutionException: org.apache.ratis.thirdparty.io.grpc.StatusRuntimeException: UNAVAILABLE: io exception
2025-01-08 17:21:44,202 [grpc-default-executor-4] INFO  server.RaftServer$Division (RaftServerImpl.java:requestVote(1463)) - s0@group-C018930D692E: receive requestVote(ELECTION, s1, group-C018930D692E, 1, (t:0, i:0))
2025-01-08 17:21:44,202 [grpc-default-executor-4] INFO  impl.VoteContext (VoteContext.java:log(49)) - s0@group-C018930D692E-FOLLOWER: accept ELECTION from s1: our priority 0 <= candidate's priority 0
2025-01-08 17:21:44,202 [grpc-default-executor-4] INFO  server.RaftServer$Division (RaftServerImpl.java:setRole(383)) - s0@group-C018930D692E: changes role from  FOLLOWER to FOLLOWER at term 0 for candidate:s1
2025-01-08 17:21:44,202 [grpc-default-executor-4] INFO  impl.RoleInfo (RoleInfo.java:shutdownFollowerState(121)) - s0: shutdown s0@group-C018930D692E-FollowerState
2025-01-08 17:21:44,202 [s0@group-C018930D692E-FollowerState] INFO  impl.FollowerState (FollowerState.java:runImpl(170)) - s0@group-C018930D692E-FollowerState was interrupted
2025-01-08 17:21:44,202 [grpc-default-executor-4] INFO  impl.RoleInfo (RoleInfo.java:updateAndGet(148)) - s0: start s0@group-C018930D692E-FollowerState
2025-01-08 17:21:44,202 [grpc-default-executor-4] INFO  server.RaftServer$Division (RaftServerImpl.java:setFirstElection(567)) - s0@group-C018930D692E: set firstElectionSinceStartup to false for candidate:s1
2025-01-08 17:21:44,202 [grpc-default-executor-4] TRACE util.FileUtils (LogUtils.java:supplyAndLog(69)) - Successfully supplied FileChannel.open /home/runner/work/ratis/ratis/ratis-test/target/test/data/d67ccb5e/MiniRaftClusterWithGrpc8196333f/s0/df0de9b3-655f-490a-bb80-c018930d692e/current/raft-meta.tmp with options [CREATE, WRITE]: sun.nio.ch.FileChannelImpl@7c31831e
2025-01-08 17:21:44,203 [grpc-default-executor-4] TRACE util.FileUtils (LogUtils.java:runAndLog(49)) - Successfully ran Atomic Files.move /home/runner/work/ratis/ratis/ratis-test/target/test/data/d67ccb5e/MiniRaftClusterWithGrpc8196333f/s0/df0de9b3-655f-490a-bb80-c018930d692e/current/raft-meta.tmp to /home/runner/work/ratis/ratis/ratis-test/target/test/data/d67ccb5e/MiniRaftClusterWithGrpc8196333f/s0/df0de9b3-655f-490a-bb80-c018930d692e/current/raft-meta with options [REPLACE_EXISTING]
2025-01-08 17:21:44,203 [grpc-default-executor-4] INFO  server.RaftServer$Division (RaftServerImpl.java:requestVote(1497)) - s0@group-C018930D692E replies to ELECTION vote request: s1<-s0#0:OK-t1. Peer's state: s0@group-C018930D692E:t1, leader=null, voted=s1, raftlog=Memoized:s0@group-C018930D692E-SegmentedRaftLog:OPENED:c-1:lastnull, conf=conf: {index: -1, cur=peers:[s0|localhost:15048, s1|localhost:15052, s2|localhost:15056]|listeners:[], old=null}
2025-01-08 17:21:44,204 [s1@group-C018930D692E-LeaderElection10] INFO  impl.LeaderElection (LeaderElection.java:logAndReturn(90)) - s1@group-C018930D692E-LeaderElection10: ELECTION PASSED received 1 response(s) and 1 exception(s):
2025-01-08 17:21:44,204 [s1@group-C018930D692E-LeaderElection10] INFO  impl.LeaderElection (LeaderElection.java:logAndReturn(94)) -   Response 0: s1<-s0#0:OK-t1
2025-01-08 17:21:44,204 [s1@group-C018930D692E-LeaderElection10] INFO  impl.LeaderElection (LogUtils.java:infoOrTrace(142)) -   Exception 1: java.util.concurrent.ExecutionException: org.apache.ratis.thirdparty.io.grpc.StatusRuntimeException: UNAVAILABLE: io exception
2025-01-08 17:21:44,204 [s1@group-C018930D692E-LeaderElection10] INFO  impl.LeaderElection (LeaderElection.java:askForVotes(334)) - s1@group-C018930D692E-LeaderElection10 ELECTION round 0: result PASSED
2025-01-08 17:21:44,204 [s1@group-C018930D692E-LeaderElection10] INFO  impl.RoleInfo (RoleInfo.java:shutdownLeaderElection(141)) - s1: shutdown s1@group-C018930D692E-LeaderElection10
2025-01-08 17:21:44,204 [s1@group-C018930D692E-LeaderElection10] INFO  server.RaftServer$Division (RaftServerImpl.java:setRole(383)) - s1@group-C018930D692E: changes role from CANDIDATE to LEADER at term 1 for changeToLeader
2025-01-08 17:21:44,204 [s1@group-C018930D692E-LeaderElection10] INFO  server.RaftServerConfigKeys (ConfUtils.java:logFallback(69)) - raft.server.staging.timeout = 900ms (fallback to raft.server.rpc.timeout.max)
2025-01-08 17:21:44,206 [s1@group-C018930D692E-LeaderElection10] INFO  impl.RoleInfo (RoleInfo.java:updateAndGet(148)) - s1: start s1@group-C018930D692E-LeaderStateImpl
2025-01-08 17:21:44,206 [s1@group-C018930D692E-LeaderElection10] INFO  server.RaftServer$Division (RaftServerImpl.java:setFirstElection(567)) - s1@group-C018930D692E: set firstElectionSinceStartup to false for becomeLeader
2025-01-08 17:21:44,206 [s1@group-C018930D692E-LeaderElection10] INFO  server.RaftServer$Division (ServerState.java:setLeader(272)) - s1@group-C018930D692E: change Leader from null to s1 at term 1 for becomeLeader, leader elected after 255ms
2025-01-08 17:21:44,206 [s1@group-C018930D692E-LeaderElection10] INFO  segmented.SegmentedRaftLogWorker (SegmentedRaftLogWorker.java:startLogSegment(443)) - s1@group-C018930D692E-SegmentedRaftLogWorker: Starting segment from index:0
2025-01-08 17:21:44,206 [s1@group-C018930D692E-LeaderElection10] INFO  server.RaftServer$Division (ServerState.java:setRaftConf(386)) - s1@group-C018930D692E: set configuration conf: {index: 0, cur=peers:[s0|localhost:15048, s1|localhost:15052, s2|localhost:15056]|listeners:[], old=null}
2025-01-08 17:21:44,206 [s1@group-C018930D692E-SegmentedRaftLogWorker] INFO  segmented.BufferedWriteChannel (BufferedWriteChannel.java:open(61)) - open log_inprogress_0 at position 0
2025-01-08 17:21:44,210 [grpc-default-executor-4] WARN  server.GrpcLogAppender (LogUtils.java:warn(127)) - s1@group-C018930D692E->s2-AppendLogResponseHandler: Failed appendEntries: org.apache.ratis.thirdparty.io.grpc.StatusRuntimeException: UNAVAILABLE: io exception
  Caused by: org.apache.ratis.thirdparty.io.netty.channel.AbstractChannel$AnnotatedConnectException: finishConnect(..) failed: Connection refused: localhost/127.0.0.1:15056
  Caused by: java.net.ConnectException: finishConnect(..) failed: Connection refused
2025-01-08 17:21:44,216 [grpc-default-executor-4] WARN  server.GrpcLogAppender (GrpcLogAppender.java:lambda$resetClient$1(221)) - s1@group-C018930D692E->s2-GrpcLogAppender: Follower failed (request=null, errorCount=1); keep nextIndex (0) unchanged and retry.
2025-01-08 17:21:44,218 [s0-server-thread1] INFO  server.RaftServer$Division (ServerState.java:setLeader(272)) - s0@group-C018930D692E: change Leader from null to s1 at term 1 for appendEntries, leader elected after 271ms
2025-01-08 17:21:44,219 [s1@group-C018930D692E-SegmentedRaftLogWorker] INFO  segmented.SegmentedRaftLogWorker (SegmentedRaftLogWorker.java:execute(667)) - s1@group-C018930D692E-SegmentedRaftLogWorker: created new log segment /home/runner/work/ratis/ratis/ratis-test/target/test/data/d67ccb5e/MiniRaftClusterWithGrpc8196333f/s1/df0de9b3-655f-490a-bb80-c018930d692e/current/log_inprogress_0
2025-01-08 17:21:44,219 [s0-server-thread2] DEBUG server.RaftServer$Division (RaftServerImpl.java:logAppendEntries(1569)) - s0@group-C018930D692E: appendEntries* s1->s0#1-t1,previous=(t:0, i:0),leaderCommit=-1,initializing? false,entries: size=1, first=(t:1, i:0), CONFIGURATIONENTRY(current:id:"s0"address:"localhost:15048"dataStreamAddress:"localhost:15051"clientAddress:"localhost:15050"adminAddress:"localhost:15049"startupRole:FOLLOWER, id:"s1"address:"localhost:15052"dataStreamAddress:"localhost:15055"clientAddress:"localhost:15054"adminAddress:"localhost:15053"startupRole:FOLLOWER, id:"s2"address:"localhost:15056"dataStreamAddress:"localhost:15059"clientAddress:"localhost:15058"adminAddress:"localhost:15057"startupRole:FOLLOWER, old:)
2025-01-08 17:21:44,220 [s0-server-thread2] INFO  server.RaftServer$Division (ServerState.java:setRaftConf(386)) - s0@group-C018930D692E: set configuration conf: {index: 0, cur=peers:[s0|localhost:15048, s1|localhost:15052, s2|localhost:15056]|listeners:[], old=null}
2025-01-08 17:21:44,220 [s0-server-thread2] INFO  segmented.SegmentedRaftLogWorker (SegmentedRaftLogWorker.java:startLogSegment(443)) - s0@group-C018930D692E-SegmentedRaftLogWorker: Starting segment from index:0
2025-01-08 17:21:44,220 [grpc-default-executor-7] WARN  server.GrpcLogAppender (GrpcLogAppender.java:lambda$resetClient$1(221)) - s1@group-C018930D692E->s2-GrpcLogAppender: Follower failed (request=null, errorCount=3); keep nextIndex (1) unchanged and retry.
2025-01-08 17:21:44,221 [s0@group-C018930D692E-SegmentedRaftLogWorker] INFO  segmented.BufferedWriteChannel (BufferedWriteChannel.java:open(61)) - open log_inprogress_0 at position 0
2025-01-08 17:21:44,230 [s0@group-C018930D692E-SegmentedRaftLogWorker] INFO  segmented.SegmentedRaftLogWorker (SegmentedRaftLogWorker.java:execute(667)) - s0@group-C018930D692E-SegmentedRaftLogWorker: created new log segment /home/runner/work/ratis/ratis/ratis-test/target/test/data/d67ccb5e/MiniRaftClusterWithGrpc8196333f/s0/df0de9b3-655f-490a-bb80-c018930d692e/current/log_inprogress_0
2025-01-08 17:21:44,230 [s0-server-thread2] DEBUG server.RaftServer$Division (RaftServerImpl.java:logAppendEntries(1569)) - s0@group-C018930D692E: appendEntries* reply s1<-s0#1:OK-t1,SUCCESS,nextIndex=1,followerCommit=-1,matchIndex=0
2025-01-08 17:21:44,231 [s1@group-C018930D692E-StateMachineUpdater] TRACE util.FileUtils (LogUtils.java:supplyAndLog(69)) - Successfully supplied FileChannel.open /home/runner/work/ratis/ratis/ratis-test/target/test/data/d67ccb5e/MiniRaftClusterWithGrpc8196333f/s1/df0de9b3-655f-490a-bb80-c018930d692e/current/raft-meta.conf.tmp with options [CREATE, WRITE]: sun.nio.ch.FileChannelImpl@39aba19a
2025-01-08 17:21:44,232 [s1@group-C018930D692E-StateMachineUpdater] TRACE util.FileUtils (LogUtils.java:runAndLog(49)) - Successfully ran Atomic Files.move /home/runner/work/ratis/ratis/ratis-test/target/test/data/d67ccb5e/MiniRaftClusterWithGrpc8196333f/s1/df0de9b3-655f-490a-bb80-c018930d692e/current/raft-meta.conf.tmp to /home/runner/work/ratis/ratis/ratis-test/target/test/data/d67ccb5e/MiniRaftClusterWithGrpc8196333f/s1/df0de9b3-655f-490a-bb80-c018930d692e/current/raft-meta.conf with options [REPLACE_EXISTING]
2025-01-08 17:21:44,232 [s1@group-C018930D692E-StateMachineUpdater] INFO  server.RaftServer$Division (LeaderStateImpl.java:checkStartIndex(314)) - Leader s1@group-C018930D692E-LeaderStateImpl is ready since appliedIndex == startIndex == 0
2025-01-08 17:21:44,307 [s0@group-C018930D692E-StateMachineUpdater] TRACE util.FileUtils (LogUtils.java:supplyAndLog(69)) - Successfully supplied FileChannel.open /home/runner/work/ratis/ratis/ratis-test/target/test/data/d67ccb5e/MiniRaftClusterWithGrpc8196333f/s0/df0de9b3-655f-490a-bb80-c018930d692e/current/raft-meta.conf.tmp with options [CREATE, WRITE]: sun.nio.ch.FileChannelImpl@6c79be6d
2025-01-08 17:21:44,310 [s0@group-C018930D692E-StateMachineUpdater] TRACE util.FileUtils (LogUtils.java:runAndLog(49)) - Successfully ran Atomic Files.move /home/runner/work/ratis/ratis/ratis-test/target/test/data/d67ccb5e/MiniRaftClusterWithGrpc8196333f/s0/df0de9b3-655f-490a-bb80-c018930d692e/current/raft-meta.conf.tmp to /home/runner/work/ratis/ratis/ratis-test/target/test/data/d67ccb5e/MiniRaftClusterWithGrpc8196333f/s0/df0de9b3-655f-490a-bb80-c018930d692e/current/raft-meta.conf with options [REPLACE_EXISTING]
2025-01-08 17:21:44,424 [main] INFO  ratis.RaftTestUtil (RaftTestUtil.java:waitForLeader(131)) - printing ALL groups
  s0:  RUNNING  FOLLOWER s0@group-C018930D692E:t1, leader=s1, voted=s1, raftlog=Memoized:s0@group-C018930D692E-SegmentedRaftLog:OPENED:c0:last(t:1, i:0), conf=conf: {index: 0, cur=peers:[s0|localhost:15048, s1|localhost:15052, s2|localhost:15056]|listeners:[], old=null} RUNNING
  s1:  RUNNING    LEADER s1@group-C018930D692E:t1, leader=s1, voted=s1, raftlog=Memoized:s1@group-C018930D692E-SegmentedRaftLog:OPENED:c0:last(t:1, i:0), conf=conf: {index: 0, cur=peers:[s0|localhost:15048, s1|localhost:15052, s2|localhost:15056]|listeners:[], old=null} RUNNING
  s2:      NEW      null s2@group-C018930D692E:t0, leader=null, voted=null, raftlog=UNINITIALIZED, conf=conf: {index: -1, cur=peers:[s0|localhost:15048, s1|localhost:15052, s2|localhost:15056]|listeners:[], old=null} NEW
2025-01-08 17:21:44,424 [main] INFO  grpc.TestLeaderElectionWithGrpc (LeaderElectionTests.java:runTestLateServerStart(415)) - sleep 3s
2025-01-08 17:21:47,424 [s2-impl-thread1] INFO  server.RaftServerConfigKeys (ConfUtils.java:logGet(62)) - raft.server.storage.dir = [/home/runner/work/ratis/ratis/ratis-test/target/test/data/d67ccb5e/MiniRaftClusterWithGrpc8196333f/s2] (custom)
2025-01-08 17:21:47,425 [s2-impl-thread1] INFO  storage.RaftStorageDirectory (RaftStorageDirectoryImpl.java:analyzeStorage(138)) - The storage directory /home/runner/work/ratis/ratis/ratis-test/target/test/data/d67ccb5e/MiniRaftClusterWithGrpc8196333f/s2/df0de9b3-655f-490a-bb80-c018930d692e does not exist. Creating ...
2025-01-08 17:21:47,425 [s2-impl-thread1] TRACE util.FileUtils (LogUtils.java:runAndLog(49)) - Successfully ran Files.createDirectories /home/runner/work/ratis/ratis/ratis-test/target/test/data/d67ccb5e/MiniRaftClusterWithGrpc8196333f/s2/df0de9b3-655f-490a-bb80-c018930d692e
2025-01-08 17:21:47,429 [s2-impl-thread1] INFO  storage.RaftStorageDirectory (RaftStorageDirectoryImpl.java:tryLock(229)) - Lock on /home/runner/work/ratis/ratis/ratis-test/target/test/data/d67ccb5e/MiniRaftClusterWithGrpc8196333f/s2/df0de9b3-655f-490a-bb80-c018930d692e/in_use.lock acquired by nodename 5390@fv-az882-797.q2gudnguzteuze5zk335zrm3jf.ex.internal.cloudapp.net
2025-01-08 17:21:47,429 [s2-impl-thread1] TRACE util.FileUtils (LogUtils.java:runAndLog(49)) - Successfully ran Files.createDirectories /home/runner/work/ratis/ratis/ratis-test/target/test/data/d67ccb5e/MiniRaftClusterWithGrpc8196333f/s2/df0de9b3-655f-490a-bb80-c018930d692e/current
2025-01-08 17:21:47,429 [s2-impl-thread1] TRACE util.FileUtils (LogUtils.java:runAndLog(49)) - Successfully ran Files.createDirectories /home/runner/work/ratis/ratis/ratis-test/target/test/data/d67ccb5e/MiniRaftClusterWithGrpc8196333f/s2/df0de9b3-655f-490a-bb80-c018930d692e/sm
2025-01-08 17:21:47,429 [s2-impl-thread1] TRACE util.FileUtils (LogUtils.java:supplyAndLog(69)) - Successfully supplied FileChannel.open /home/runner/work/ratis/ratis/ratis-test/target/test/data/d67ccb5e/MiniRaftClusterWithGrpc8196333f/s2/df0de9b3-655f-490a-bb80-c018930d692e/current/raft-meta.tmp with options [CREATE, WRITE]: sun.nio.ch.FileChannelImpl@61f3f110
2025-01-08 17:21:47,430 [s2-impl-thread1] TRACE util.FileUtils (LogUtils.java:runAndLog(49)) - Successfully ran Atomic Files.move /home/runner/work/ratis/ratis/ratis-test/target/test/data/d67ccb5e/MiniRaftClusterWithGrpc8196333f/s2/df0de9b3-655f-490a-bb80-c018930d692e/current/raft-meta.tmp to /home/runner/work/ratis/ratis/ratis-test/target/test/data/d67ccb5e/MiniRaftClusterWithGrpc8196333f/s2/df0de9b3-655f-490a-bb80-c018930d692e/current/raft-meta with options [REPLACE_EXISTING]
2025-01-08 17:21:47,431 [s2-impl-thread1] INFO  storage.RaftStorage (RaftStorageImpl.java:format(98)) - Storage directory /home/runner/work/ratis/ratis/ratis-test/target/test/data/d67ccb5e/MiniRaftClusterWithGrpc8196333f/s2/df0de9b3-655f-490a-bb80-c018930d692e has been successfully formatted.
2025-01-08 17:21:47,431 [s2-impl-thread1] INFO  util.AwaitToRun (AwaitToRun.java:start(81)) - Thread[s2@group-C018930D692E-cacheEviction-AwaitToRun,5,main] started
2025-01-08 17:21:47,431 [s2-impl-thread1] INFO  segmented.SegmentedRaftLogWorker (SegmentedRaftLogWorker.java:<init>(189)) - new s2@group-C018930D692E-SegmentedRaftLogWorker for RaftStorageImpl:Storage Directory /home/runner/work/ratis/ratis/ratis-test/target/test/data/d67ccb5e/MiniRaftClusterWithGrpc8196333f/s2/df0de9b3-655f-490a-bb80-c018930d692e
2025-01-08 17:21:47,433 [s2-impl-thread1] INFO  segmented.SegmentedRaftLogWorker (SegmentedRaftLogWorker.java:lambda$new$0(140)) - s2@group-C018930D692E-SegmentedRaftLogWorker: flushIndex: setUnconditionally 0 -> -1
2025-01-08 17:21:47,433 [s2-impl-thread1] INFO  segmented.SegmentedRaftLogWorker (SegmentedRaftLogWorker.java:lambda$new$0(140)) - s2@group-C018930D692E-SegmentedRaftLogWorker: safeCacheEvictIndex: setUnconditionally 0 -> -1
2025-01-08 17:21:47,433 [s2-impl-thread1] INFO  server.RaftServer$Division (RaftServerImpl.java:start(396)) - s2@group-C018930D692E: start as a follower, conf=conf: {index: -1, cur=peers:[s0|localhost:15048, s1|localhost:15052, s2|localhost:15056]|listeners:[], old=null}
2025-01-08 17:21:47,433 [s2-impl-thread1] INFO  server.RaftServer$Division (RaftServerImpl.java:setRole(383)) - s2@group-C018930D692E: changes role from      null to FOLLOWER at term 0 for startAsFollower
2025-01-08 17:21:47,433 [s2-impl-thread1] INFO  impl.RoleInfo (RoleInfo.java:updateAndGet(148)) - s2: start s2@group-C018930D692E-FollowerState
2025-01-08 17:21:47,433 [s2@group-C018930D692E-FollowerState] INFO  server.RaftServerConfigKeys (ConfUtils.java:logFallback(69)) - raft.server.rpc.first-election.timeout.min = 150ms (fallback to raft.server.rpc.timeout.min)
2025-01-08 17:21:47,433 [s2-impl-thread1] INFO  util.JmxRegister (JmxRegister.java:tryRegister(44)) - Successfully registered JMX Bean with object name Ratis:service=RaftServer,group=group-C018930D692E,id=s2
2025-01-08 17:21:47,433 [s2@group-C018930D692E-FollowerState] INFO  server.RaftServerConfigKeys (ConfUtils.java:logFallback(69)) - raft.server.rpc.first-election.timeout.max = 300ms (fallback to raft.server.rpc.timeout.max)
2025-01-08 17:21:47,434 [s2-impl-thread1] INFO  util.JmxRegister (JmxRegister.java:register(58)) - register mxBean class org.apache.ratis.server.impl.RaftServerJmxAdapter as Ratis:service=RaftServer,group=group-C018930D692E,id=s2
2025-01-08 17:21:47,434 [s2-impl-thread1] INFO  server.RaftServer$Division (RaftServerImpl.java:start(410)) - s2@group-C018930D692E: Successfully started.
2025-01-08 17:21:47,434 [main] INFO  server.RaftServer (RaftServerProxy.java:startImpl(408)) - s2: start RPC server
2025-01-08 17:21:47,435 [main] INFO  server.GrpcServicesImpl (GrpcServicesImpl.java:startImpl(353)) - s2: GrpcServicesImpl started, listening on 15058
2025-01-08 17:21:47,436 [main] INFO  server.GrpcServicesImpl (GrpcServicesImpl.java:startImpl(353)) - s2: GrpcServicesImpl started, listening on 15056
2025-01-08 17:21:47,436 [main] INFO  server.GrpcServicesImpl (GrpcServicesImpl.java:startImpl(353)) - s2: GrpcServicesImpl started, listening on 15057
2025-01-08 17:21:47,437 [main] WARN  grpc.TestLeaderElectionWithGrpc (JavaUtils.java:attempt(231)) - FAILED "getLeaderId", attempt #1/10, sleep 1s and then retry: java.lang.IllegalStateException: No leader yet
2025-01-08 17:21:47,438 [JvmPauseMonitor14] INFO  util.JvmPauseMonitor (JvmPauseMonitor.java:run(146)) - JvmPauseMonitor-s2: Started
2025-01-08 17:21:47,707 [s2@group-C018930D692E-FollowerState] INFO  impl.FollowerState (FollowerState.java:runImpl(161)) - s2@group-C018930D692E-FollowerState: change to CANDIDATE, lastRpcElapsedTime:273480881ns, electionTimeout:273ms
2025-01-08 17:21:47,707 [s2@group-C018930D692E-FollowerState] INFO  impl.RoleInfo (RoleInfo.java:shutdownFollowerState(121)) - s2: shutdown s2@group-C018930D692E-FollowerState
2025-01-08 17:21:47,707 [s2@group-C018930D692E-FollowerState] INFO  server.RaftServer$Division (RaftServerImpl.java:setRole(383)) - s2@group-C018930D692E: changes role from  FOLLOWER to CANDIDATE at term 0 for changeToCandidate
2025-01-08 17:21:47,707 [s2@group-C018930D692E-FollowerState] INFO  impl.RoleInfo (RoleInfo.java:updateAndGet(148)) - s2: start s2@group-C018930D692E-LeaderElection11
2025-01-08 17:21:47,708 [s2@group-C018930D692E-LeaderElection11] INFO  impl.LeaderElection (LeaderElection.java:askForVotes(332)) - s2@group-C018930D692E-LeaderElection11 PRE_VOTE round 0: submit vote requests at term 0 for conf: {index: -1, cur=peers:[s0|localhost:15048, s1|localhost:15052, s2|localhost:15056]|listeners:[], old=null}
2025-01-08 17:21:47,708 [s2@group-C018930D692E-LeaderElection11-1] INFO  server.GrpcServerProtocolClient (GrpcServerProtocolClient.java:<init>(65)) - Build channel for s0|localhost:15048
2025-01-08 17:21:47,708 [s2@group-C018930D692E-LeaderElection11] INFO  server.RaftServerConfigKeys (ConfUtils.java:logFallback(69)) - raft.server.rpc.first-election.timeout.min = 150ms (fallback to raft.server.rpc.timeout.min)
2025-01-08 17:21:47,708 [s2@group-C018930D692E-LeaderElection11] INFO  server.RaftServerConfigKeys (ConfUtils.java:logFallback(69)) - raft.server.rpc.first-election.timeout.max = 300ms (fallback to raft.server.rpc.timeout.max)
2025-01-08 17:21:47,708 [s2@group-C018930D692E-LeaderElection11-2] INFO  server.GrpcServerProtocolClient (GrpcServerProtocolClient.java:<init>(65)) - Build channel for s1|localhost:15052
2025-01-08 17:21:47,712 [grpc-default-executor-7] INFO  server.RaftServer$Division (RaftServerImpl.java:requestVote(1463)) - s0@group-C018930D692E: receive requestVote(PRE_VOTE, s2, group-C018930D692E, 0, (t:0, i:0))
2025-01-08 17:21:47,712 [grpc-default-executor-7] INFO  impl.VoteContext (VoteContext.java:log(49)) - s0@group-C018930D692E-FOLLOWER: reject PRE_VOTE from s2: this server is a follower and still has a valid leader s1 different than the candidate s2
2025-01-08 17:21:47,712 [grpc-default-executor-7] INFO  server.RaftServer$Division (RaftServerImpl.java:requestVote(1497)) - s0@group-C018930D692E replies to PRE_VOTE vote request: s2<-s0#0:FAIL-t1. Peer's state: s0@group-C018930D692E:t1, leader=s1, voted=s1, raftlog=Memoized:s0@group-C018930D692E-SegmentedRaftLog:OPENED:c0:last(t:1, i:0), conf=conf: {index: 0, cur=peers:[s0|localhost:15048, s1|localhost:15052, s2|localhost:15056]|listeners:[], old=null}
2025-01-08 17:21:47,713 [s2@group-C018930D692E-LeaderElection11] INFO  impl.LeaderElection (LeaderElection.java:logAndReturn(90)) - s2@group-C018930D692E-LeaderElection11: PRE_VOTE DISCOVERED_A_NEW_TERM (term=1) received 1 response(s) and 0 exception(s):
2025-01-08 17:21:47,713 [s2@group-C018930D692E-LeaderElection11] INFO  impl.LeaderElection (LeaderElection.java:logAndReturn(94)) -   Response 0: s2<-s0#0:FAIL-t1
2025-01-08 17:21:47,713 [s2@group-C018930D692E-LeaderElection11] INFO  impl.LeaderElection (LeaderElection.java:askForVotes(334)) - s2@group-C018930D692E-LeaderElection11 PRE_VOTE round 0: result DISCOVERED_A_NEW_TERM (term=1)
2025-01-08 17:21:47,713 [grpc-default-executor-0] INFO  server.RaftServer$Division (RaftServerImpl.java:requestVote(1463)) - s1@group-C018930D692E: receive requestVote(PRE_VOTE, s2, group-C018930D692E, 0, (t:0, i:0))
2025-01-08 17:21:47,713 [s2@group-C018930D692E-LeaderElection11] INFO  server.RaftServer$Division (RaftServerImpl.java:setRole(383)) - s2@group-C018930D692E: changes role from CANDIDATE to FOLLOWER at term 0 for DISCOVERED_A_NEW_TERM (term=1)
2025-01-08 17:21:47,714 [s2@group-C018930D692E-LeaderElection11] INFO  impl.RoleInfo (RoleInfo.java:shutdownLeaderElection(141)) - s2: shutdown s2@group-C018930D692E-LeaderElection11
2025-01-08 17:21:47,714 [s2@group-C018930D692E-LeaderElection11] INFO  impl.RoleInfo (RoleInfo.java:updateAndGet(148)) - s2: start s2@group-C018930D692E-FollowerState
2025-01-08 17:21:47,714 [s2@group-C018930D692E-LeaderElection11] INFO  server.RaftServer$Division (RaftServerImpl.java:setFirstElection(567)) - s2@group-C018930D692E: set firstElectionSinceStartup to false for DISCOVERED_A_NEW_TERM (term=1)
2025-01-08 17:21:47,714 [grpc-default-executor-0] INFO  impl.VoteContext (VoteContext.java:log(49)) - s1@group-C018930D692E-LEADER: reject PRE_VOTE from s2: this server is the leader and still has leadership
2025-01-08 17:21:47,714 [grpc-default-executor-0] INFO  server.RaftServer$Division (RaftServerImpl.java:requestVote(1497)) - s1@group-C018930D692E replies to PRE_VOTE vote request: s2<-s1#0:FAIL-t1. Peer's state: s1@group-C018930D692E:t1, leader=s1, voted=s1, raftlog=Memoized:s1@group-C018930D692E-SegmentedRaftLog:OPENED:c0:last(t:1, i:0), conf=conf: {index: 0, cur=peers:[s0|localhost:15048, s1|localhost:15052, s2|localhost:15056]|listeners:[], old=null}
2025-01-08 17:21:47,714 [s2@group-C018930D692E-LeaderElection11] TRACE util.FileUtils (LogUtils.java:supplyAndLog(69)) - Successfully supplied FileChannel.open /home/runner/work/ratis/ratis/ratis-test/target/test/data/d67ccb5e/MiniRaftClusterWithGrpc8196333f/s2/df0de9b3-655f-490a-bb80-c018930d692e/current/raft-meta.tmp with options [CREATE, WRITE]: sun.nio.ch.FileChannelImpl@2ec8091e
2025-01-08 17:21:47,715 [s2@group-C018930D692E-LeaderElection11] TRACE util.FileUtils (LogUtils.java:runAndLog(49)) - Successfully ran Atomic Files.move /home/runner/work/ratis/ratis/ratis-test/target/test/data/d67ccb5e/MiniRaftClusterWithGrpc8196333f/s2/df0de9b3-655f-490a-bb80-c018930d692e/current/raft-meta.tmp to /home/runner/work/ratis/ratis/ratis-test/target/test/data/d67ccb5e/MiniRaftClusterWithGrpc8196333f/s2/df0de9b3-655f-490a-bb80-c018930d692e/current/raft-meta with options [REPLACE_EXISTING]
2025-01-08 17:21:47,873 [s2@group-C018930D692E-FollowerState] INFO  impl.FollowerState (FollowerState.java:runImpl(161)) - s2@group-C018930D692E-FollowerState: change to CANDIDATE, lastRpcElapsedTime:159529706ns, electionTimeout:159ms
2025-01-08 17:21:47,873 [s2@group-C018930D692E-FollowerState] INFO  impl.RoleInfo (RoleInfo.java:shutdownFollowerState(121)) - s2: shutdown s2@group-C018930D692E-FollowerState
2025-01-08 17:21:47,873 [s2@group-C018930D692E-FollowerState] INFO  server.RaftServer$Division (RaftServerImpl.java:setRole(383)) - s2@group-C018930D692E: changes role from  FOLLOWER to CANDIDATE at term 1 for changeToCandidate
2025-01-08 17:21:47,873 [s2@group-C018930D692E-FollowerState] INFO  impl.RoleInfo (RoleInfo.java:updateAndGet(148)) - s2: start s2@group-C018930D692E-LeaderElection12
2025-01-08 17:21:47,874 [s2@group-C018930D692E-LeaderElection12] INFO  impl.LeaderElection (LeaderElection.java:askForVotes(332)) - s2@group-C018930D692E-LeaderElection12 PRE_VOTE round 0: submit vote requests at term 1 for conf: {index: -1, cur=peers:[s0|localhost:15048, s1|localhost:15052, s2|localhost:15056]|listeners:[], old=null}
2025-01-08 17:21:47,875 [grpc-default-executor-0] INFO  server.RaftServer$Division (RaftServerImpl.java:requestVote(1463)) - s1@group-C018930D692E: receive requestVote(PRE_VOTE, s2, group-C018930D692E, 1, (t:0, i:0))
2025-01-08 17:21:47,876 [grpc-default-executor-0] INFO  impl.VoteContext (VoteContext.java:log(49)) - s1@group-C018930D692E-LEADER: reject PRE_VOTE from s2: this server is the leader and still has leadership
2025-01-08 17:21:47,876 [grpc-default-executor-0] INFO  server.RaftServer$Division (RaftServerImpl.java:requestVote(1497)) - s1@group-C018930D692E replies to PRE_VOTE vote request: s2<-s1#0:FAIL-t1. Peer's state: s1@group-C018930D692E:t1, leader=s1, voted=s1, raftlog=Memoized:s1@group-C018930D692E-SegmentedRaftLog:OPENED:c0:last(t:1, i:0), conf=conf: {index: 0, cur=peers:[s0|localhost:15048, s1|localhost:15052, s2|localhost:15056]|listeners:[], old=null}
2025-01-08 17:21:47,876 [grpc-default-executor-7] INFO  server.RaftServer$Division (RaftServerImpl.java:requestVote(1463)) - s0@group-C018930D692E: receive requestVote(PRE_VOTE, s2, group-C018930D692E, 1, (t:0, i:0))
2025-01-08 17:21:47,876 [grpc-default-executor-7] INFO  impl.VoteContext (VoteContext.java:log(49)) - s0@group-C018930D692E-FOLLOWER: reject PRE_VOTE from s2: this server is a follower and still has a valid leader s1 different than the candidate s2
2025-01-08 17:21:47,876 [grpc-default-executor-7] INFO  server.RaftServer$Division (RaftServerImpl.java:requestVote(1497)) - s0@group-C018930D692E replies to PRE_VOTE vote request: s2<-s0#0:FAIL-t1. Peer's state: s0@group-C018930D692E:t1, leader=s1, voted=s1, raftlog=Memoized:s0@group-C018930D692E-SegmentedRaftLog:OPENED:c0:last(t:1, i:0), conf=conf: {index: 0, cur=peers:[s0|localhost:15048, s1|localhost:15052, s2|localhost:15056]|listeners:[], old=null}
2025-01-08 17:21:47,878 [s2@group-C018930D692E-LeaderElection12] INFO  impl.LeaderElection (LeaderElection.java:logAndReturn(90)) - s2@group-C018930D692E-LeaderElection12: PRE_VOTE REJECTED received 2 response(s) and 0 exception(s):
2025-01-08 17:21:47,878 [s2@group-C018930D692E-LeaderElection12] INFO  impl.LeaderElection (LeaderElection.java:logAndReturn(94)) -   Response 0: s2<-s0#0:FAIL-t1
2025-01-08 17:21:47,878 [s2@group-C018930D692E-LeaderElection12] INFO  impl.LeaderElection (LeaderElection.java:logAndReturn(94)) -   Response 1: s2<-s1#0:FAIL-t1
2025-01-08 17:21:47,878 [s2@group-C018930D692E-LeaderElection12] INFO  impl.LeaderElection (LeaderElection.java:askForVotes(334)) - s2@group-C018930D692E-LeaderElection12 PRE_VOTE round 0: result REJECTED
2025-01-08 17:21:47,878 [s2@group-C018930D692E-LeaderElection12] INFO  server.RaftServer$Division (RaftServerImpl.java:setRole(383)) - s2@group-C018930D692E: changes role from CANDIDATE to FOLLOWER at term 1 for REJECTED
2025-01-08 17:21:47,878 [s2@group-C018930D692E-LeaderElection12] INFO  impl.RoleInfo (RoleInfo.java:shutdownLeaderElection(141)) - s2: shutdown s2@group-C018930D692E-LeaderElection12
2025-01-08 17:21:47,878 [s2@group-C018930D692E-LeaderElection12] INFO  impl.RoleInfo (RoleInfo.java:updateAndGet(148)) - s2: start s2@group-C018930D692E-FollowerState
2025-01-08 17:21:48,098 [s2@group-C018930D692E-FollowerState] INFO  impl.FollowerState (FollowerState.java:runImpl(161)) - s2@group-C018930D692E-FollowerState: change to CANDIDATE, lastRpcElapsedTime:219301997ns, electionTimeout:219ms
2025-01-08 17:21:48,098 [s2@group-C018930D692E-FollowerState] INFO  impl.RoleInfo (RoleInfo.java:shutdownFollowerState(121)) - s2: shutdown s2@group-C018930D692E-FollowerState
2025-01-08 17:21:48,098 [s2@group-C018930D692E-FollowerState] INFO  server.RaftServer$Division (RaftServerImpl.java:setRole(383)) - s2@group-C018930D692E: changes role from  FOLLOWER to CANDIDATE at term 1 for changeToCandidate
2025-01-08 17:21:48,098 [s2@group-C018930D692E-FollowerState] INFO  impl.RoleInfo (RoleInfo.java:updateAndGet(148)) - s2: start s2@group-C018930D692E-LeaderElection13
2025-01-08 17:21:48,098 [s2@group-C018930D692E-LeaderElection13] INFO  impl.LeaderElection (LeaderElection.java:askForVotes(332)) - s2@group-C018930D692E-LeaderElection13 PRE_VOTE round 0: submit vote requests at term 1 for conf: {index: -1, cur=peers:[s0|localhost:15048, s1|localhost:15052, s2|localhost:15056]|listeners:[], old=null}
2025-01-08 17:21:48,100 [grpc-default-executor-0] INFO  server.RaftServer$Division (RaftServerImpl.java:requestVote(1463)) - s1@group-C018930D692E: receive requestVote(PRE_VOTE, s2, group-C018930D692E, 1, (t:0, i:0))
2025-01-08 17:21:48,100 [grpc-default-executor-7] INFO  server.RaftServer$Division (RaftServerImpl.java:requestVote(1463)) - s0@group-C018930D692E: receive requestVote(PRE_VOTE, s2, group-C018930D692E, 1, (t:0, i:0))
2025-01-08 17:21:48,100 [grpc-default-executor-0] INFO  impl.VoteContext (VoteContext.java:log(49)) - s1@group-C018930D692E-LEADER: reject PRE_VOTE from s2: this server is the leader and still has leadership
2025-01-08 17:21:48,100 [grpc-default-executor-7] INFO  impl.VoteContext (VoteContext.java:log(49)) - s0@group-C018930D692E-FOLLOWER: reject PRE_VOTE from s2: this server is a follower and still has a valid leader s1 different than the candidate s2
2025-01-08 17:21:48,100 [grpc-default-executor-7] INFO  server.RaftServer$Division (RaftServerImpl.java:requestVote(1497)) - s0@group-C018930D692E replies to PRE_VOTE vote request: s2<-s0#0:FAIL-t1. Peer's state: s0@group-C018930D692E:t1, leader=s1, voted=s1, raftlog=Memoized:s0@group-C018930D692E-SegmentedRaftLog:OPENED:c0:last(t:1, i:0), conf=conf: {index: 0, cur=peers:[s0|localhost:15048, s1|localhost:15052, s2|localhost:15056]|listeners:[], old=null}
2025-01-08 17:21:48,100 [grpc-default-executor-0] INFO  server.RaftServer$Division (RaftServerImpl.java:requestVote(1497)) - s1@group-C018930D692E replies to PRE_VOTE vote request: s2<-s1#0:FAIL-t1. Peer's state: s1@group-C018930D692E:t1, leader=s1, voted=s1, raftlog=Memoized:s1@group-C018930D692E-SegmentedRaftLog:OPENED:c0:last(t:1, i:0), conf=conf: {index: 0, cur=peers:[s0|localhost:15048, s1|localhost:15052, s2|localhost:15056]|listeners:[], old=null}
2025-01-08 17:21:48,105 [s2@group-C018930D692E-LeaderElection13] INFO  impl.LeaderElection (LeaderElection.java:logAndReturn(90)) - s2@group-C018930D692E-LeaderElection13: PRE_VOTE REJECTED received 2 response(s) and 0 exception(s):
2025-01-08 17:21:48,105 [s2@group-C018930D692E-LeaderElection13] INFO  impl.LeaderElection (LeaderElection.java:logAndReturn(94)) -   Response 0: s2<-s0#0:FAIL-t1
2025-01-08 17:21:48,105 [s2@group-C018930D692E-LeaderElection13] INFO  impl.LeaderElection (LeaderElection.java:logAndReturn(94)) -   Response 1: s2<-s1#0:FAIL-t1
2025-01-08 17:21:48,105 [s2@group-C018930D692E-LeaderElection13] INFO  impl.LeaderElection (LeaderElection.java:askForVotes(334)) - s2@group-C018930D692E-LeaderElection13 PRE_VOTE round 0: result REJECTED
2025-01-08 17:21:48,106 [s2@group-C018930D692E-LeaderElection13] INFO  server.RaftServer$Division (RaftServerImpl.java:setRole(383)) - s2@group-C018930D692E: changes role from CANDIDATE to FOLLOWER at term 1 for REJECTED
2025-01-08 17:21:48,106 [s2@group-C018930D692E-LeaderElection13] INFO  impl.RoleInfo (RoleInfo.java:shutdownLeaderElection(141)) - s2: shutdown s2@group-C018930D692E-LeaderElection13
2025-01-08 17:21:48,106 [s2@group-C018930D692E-LeaderElection13] INFO  impl.RoleInfo (RoleInfo.java:updateAndGet(148)) - s2: start s2@group-C018930D692E-FollowerState
2025-01-08 17:21:48,282 [s2@group-C018930D692E-FollowerState] INFO  impl.FollowerState (FollowerState.java:runImpl(161)) - s2@group-C018930D692E-FollowerState: change to CANDIDATE, lastRpcElapsedTime:176310109ns, electionTimeout:176ms
2025-01-08 17:21:48,282 [s2@group-C018930D692E-FollowerState] INFO  impl.RoleInfo (RoleInfo.java:shutdownFollowerState(121)) - s2: shutdown s2@group-C018930D692E-FollowerState
2025-01-08 17:21:48,282 [s2@group-C018930D692E-FollowerState] INFO  server.RaftServer$Division (RaftServerImpl.java:setRole(383)) - s2@group-C018930D692E: changes role from  FOLLOWER to CANDIDATE at term 1 for changeToCandidate
2025-01-08 17:21:48,282 [s2@group-C018930D692E-FollowerState] INFO  impl.RoleInfo (RoleInfo.java:updateAndGet(148)) - s2: start s2@group-C018930D692E-LeaderElection14
2025-01-08 17:21:48,283 [s2@group-C018930D692E-LeaderElection14] INFO  impl.LeaderElection (LeaderElection.java:askForVotes(332)) - s2@group-C018930D692E-LeaderElection14 PRE_VOTE round 0: submit vote requests at term 1 for conf: {index: -1, cur=peers:[s0|localhost:15048, s1|localhost:15052, s2|localhost:15056]|listeners:[], old=null}
2025-01-08 17:21:48,284 [grpc-default-executor-0] INFO  server.RaftServer$Division (RaftServerImpl.java:requestVote(1463)) - s1@group-C018930D692E: receive requestVote(PRE_VOTE, s2, group-C018930D692E, 1, (t:0, i:0))
2025-01-08 17:21:48,284 [grpc-default-executor-7] INFO  server.RaftServer$Division (RaftServerImpl.java:requestVote(1463)) - s0@group-C018930D692E: receive requestVote(PRE_VOTE, s2, group-C018930D692E, 1, (t:0, i:0))
2025-01-08 17:21:48,284 [grpc-default-executor-0] INFO  impl.VoteContext (VoteContext.java:log(49)) - s1@group-C018930D692E-LEADER: reject PRE_VOTE from s2: this server is the leader and still has leadership
2025-01-08 17:21:48,284 [grpc-default-executor-7] INFO  impl.VoteContext (VoteContext.java:log(49)) - s0@group-C018930D692E-FOLLOWER: reject PRE_VOTE from s2: this server is a follower and still has a valid leader s1 different than the candidate s2
2025-01-08 17:21:48,284 [grpc-default-executor-0] INFO  server.RaftServer$Division (RaftServerImpl.java:requestVote(1497)) - s1@group-C018930D692E replies to PRE_VOTE vote request: s2<-s1#0:FAIL-t1. Peer's state: s1@group-C018930D692E:t1, leader=s1, voted=s1, raftlog=Memoized:s1@group-C018930D692E-SegmentedRaftLog:OPENED:c0:last(t:1, i:0), conf=conf: {index: 0, cur=peers:[s0|localhost:15048, s1|localhost:15052, s2|localhost:15056]|listeners:[], old=null}
2025-01-08 17:21:48,285 [grpc-default-executor-7] INFO  server.RaftServer$Division (RaftServerImpl.java:requestVote(1497)) - s0@group-C018930D692E replies to PRE_VOTE vote request: s2<-s0#0:FAIL-t1. Peer's state: s0@group-C018930D692E:t1, leader=s1, voted=s1, raftlog=Memoized:s0@group-C018930D692E-SegmentedRaftLog:OPENED:c0:last(t:1, i:0), conf=conf: {index: 0, cur=peers:[s0|localhost:15048, s1|localhost:15052, s2|localhost:15056]|listeners:[], old=null}
2025-01-08 17:21:48,286 [s2@group-C018930D692E-LeaderElection14] INFO  impl.LeaderElection (LeaderElection.java:logAndReturn(90)) - s2@group-C018930D692E-LeaderElection14: PRE_VOTE REJECTED received 2 response(s) and 0 exception(s):
2025-01-08 17:21:48,286 [s2@group-C018930D692E-LeaderElection14] INFO  impl.LeaderElection (LeaderElection.java:logAndReturn(94)) -   Response 0: s2<-s0#0:FAIL-t1
2025-01-08 17:21:48,286 [s2@group-C018930D692E-LeaderElection14] INFO  impl.LeaderElection (LeaderElection.java:logAndReturn(94)) -   Response 1: s2<-s1#0:FAIL-t1
2025-01-08 17:21:48,286 [s2@group-C018930D692E-LeaderElection14] INFO  impl.LeaderElection (LeaderElection.java:askForVotes(334)) - s2@group-C018930D692E-LeaderElection14 PRE_VOTE round 0: result REJECTED
2025-01-08 17:21:48,286 [s2@group-C018930D692E-LeaderElection14] INFO  server.RaftServer$Division (RaftServerImpl.java:setRole(383)) - s2@group-C018930D692E: changes role from CANDIDATE to FOLLOWER at term 1 for REJECTED
2025-01-08 17:21:48,286 [s2@group-C018930D692E-LeaderElection14] INFO  impl.RoleInfo (RoleInfo.java:shutdownLeaderElection(141)) - s2: shutdown s2@group-C018930D692E-LeaderElection14
2025-01-08 17:21:48,286 [s2@group-C018930D692E-LeaderElection14] INFO  impl.RoleInfo (RoleInfo.java:updateAndGet(148)) - s2: start s2@group-C018930D692E-FollowerState
2025-01-08 17:21:48,432 [s2-server-thread1] INFO  server.RaftServer$Division (ServerState.java:setLeader(272)) - s2@group-C018930D692E: change Leader from null to s1 at term 1 for appendEntries, leader elected after 4479ms
2025-01-08 17:21:48,432 [s2-server-thread1] INFO  server.RaftServer$Division (RaftServerImpl.java:checkInconsistentAppendEntries(1714)) - s2@group-C018930D692E: Failed appendEntries as previous log entry ((t:1, i:0)) is not found
2025-01-08 17:21:48,432 [s2-server-thread1] INFO  server.RaftServer$Division (RaftServerImpl.java:appendEntriesAsync(1640)) - s2@group-C018930D692E: appendEntries* reply s1<-s2#273:FAIL-t1,INCONSISTENCY,nextIndex=0,followerCommit=-1,matchIndex=-1
2025-01-08 17:21:48,433 [grpc-default-executor-0] WARN  server.GrpcLogAppender (GrpcLogAppender.java:onNextImpl(537)) - s1@group-C018930D692E->s2-AppendLogResponseHandler: received INCONSISTENCY reply with nextIndex 0, errorCount=18, request=AppendEntriesRequest:cid=273,entriesCount=0
2025-01-08 17:21:48,434 [grpc-default-executor-0] INFO  leader.FollowerInfo (FollowerInfoImpl.java:info(70)) - s1@group-C018930D692E->s2: setNextIndex nextIndex: updateUnconditionally 1 -> 0
2025-01-08 17:21:48,435 [s2-server-thread1] DEBUG server.RaftServer$Division (RaftServerImpl.java:logAppendEntries(1569)) - s2@group-C018930D692E: appendEntries* s1->s2#274-t1,previous=(t:0, i:0),leaderCommit=0,initializing? false,entries: size=1, first=(t:1, i:0), CONFIGURATIONENTRY(current:id:"s0"address:"localhost:15048"dataStreamAddress:"localhost:15051"clientAddress:"localhost:15050"adminAddress:"localhost:15049"startupRole:FOLLOWER, id:"s1"address:"localhost:15052"dataStreamAddress:"localhost:15055"clientAddress:"localhost:15054"adminAddress:"localhost:15053"startupRole:FOLLOWER, id:"s2"address:"localhost:15056"dataStreamAddress:"localhost:15059"clientAddress:"localhost:15058"adminAddress:"localhost:15057"startupRole:FOLLOWER, old:)
2025-01-08 17:21:48,436 [s2-server-thread1] INFO  server.RaftServer$Division (ServerState.java:setRaftConf(386)) - s2@group-C018930D692E: set configuration conf: {index: 0, cur=peers:[s0|localhost:15048, s1|localhost:15052, s2|localhost:15056]|listeners:[], old=null}
2025-01-08 17:21:48,436 [s2-server-thread1] INFO  segmented.SegmentedRaftLogWorker (SegmentedRaftLogWorker.java:startLogSegment(443)) - s2@group-C018930D692E-SegmentedRaftLogWorker: Starting segment from index:0
2025-01-08 17:21:48,437 [s2@group-C018930D692E-SegmentedRaftLogWorker] INFO  segmented.BufferedWriteChannel (BufferedWriteChannel.java:open(61)) - open log_inprogress_0 at position 0
2025-01-08 17:21:48,438 [main] INFO  grpc.TestLeaderElectionWithGrpc (LeaderElectionTests.java:runTestLateServerStart(425)) - printing ALL groups
  s0:  RUNNING  FOLLOWER s0@group-C018930D692E:t1, leader=s1, voted=s1, raftlog=Memoized:s0@group-C018930D692E-SegmentedRaftLog:OPENED:c0:last(t:1, i:0), conf=conf: {index: 0, cur=peers:[s0|localhost:15048, s1|localhost:15052, s2|localhost:15056]|listeners:[], old=null} RUNNING
  s1:  RUNNING    LEADER s1@group-C018930D692E:t1, leader=s1, voted=s1, raftlog=Memoized:s1@group-C018930D692E-SegmentedRaftLog:OPENED:c0:last(t:1, i:0), conf=conf: {index: 0, cur=peers:[s0|localhost:15048, s1|localhost:15052, s2|localhost:15056]|listeners:[], old=null} RUNNING
  s2:  RUNNING  FOLLOWER s2@group-C018930D692E:t1, leader=s1, voted=null, raftlog=Memoized:s2@group-C018930D692E-SegmentedRaftLog:OPENED:c-1:last(t:1, i:0), conf=conf: {index: 0, cur=peers:[s0|localhost:15048, s1|localhost:15052, s2|localhost:15056]|listeners:[], old=null} RUNNING
2025-01-08 17:21:48,439 [main] INFO  impl.MiniRaftCluster (MiniRaftCluster.java:shutdown(847)) - ************************************************************** 
2025-01-08 17:21:48,439 [main] INFO  impl.MiniRaftCluster (MiniRaftCluster.java:shutdown(848)) - *** 
2025-01-08 17:21:48,439 [main] INFO  impl.MiniRaftCluster (MiniRaftCluster.java:shutdown(849)) - ***     Stopping MiniRaftClusterWithGrpc
2025-01-08 17:21:48,439 [main] INFO  impl.MiniRaftCluster (MiniRaftCluster.java:shutdown(850)) - *** 
2025-01-08 17:21:48,439 [main] INFO  impl.MiniRaftCluster (MiniRaftCluster.java:shutdown(851)) - ************************************************************** 
2025-01-08 17:21:48,439 [main] INFO  impl.MiniRaftCluster (MiniRaftCluster.java:shutdown(852)) - printing ALL groups
  s0:  RUNNING  FOLLOWER s0@group-C018930D692E:t1, leader=s1, voted=s1, raftlog=Memoized:s0@group-C018930D692E-SegmentedRaftLog:OPENED:c0:last(t:1, i:0), conf=conf: {index: 0, cur=peers:[s0|localhost:15048, s1|localhost:15052, s2|localhost:15056]|listeners:[], old=null} RUNNING
  s1:  RUNNING    LEADER s1@group-C018930D692E:t1, leader=s1, voted=s1, raftlog=Memoized:s1@group-C018930D692E-SegmentedRaftLog:OPENED:c0:last(t:1, i:0), conf=conf: {index: 0, cur=peers:[s0|localhost:15048, s1|localhost:15052, s2|localhost:15056]|listeners:[], old=null} RUNNING
  s2:  RUNNING  FOLLOWER s2@group-C018930D692E:t1, leader=s1, voted=null, raftlog=Memoized:s2@group-C018930D692E-SegmentedRaftLog:OPENED:c-1:last(t:1, i:0), conf=conf: {index: 0, cur=peers:[s0|localhost:15048, s1|localhost:15052, s2|localhost:15056]|listeners:[], old=null} RUNNING
2025-01-08 17:21:48,439 [MiniRaftCluster-13] INFO  server.RaftServer (RaftServerProxy.java:lambda$close$9(418)) - s0: close
2025-01-08 17:21:48,440 [MiniRaftCluster-14] INFO  server.RaftServer (RaftServerProxy.java:lambda$close$9(418)) - s1: close
2025-01-08 17:21:48,440 [MiniRaftCluster-13] INFO  server.GrpcServicesImpl (GrpcServicesImpl.java:closeImpl(362)) - s0: shutdown server org.apache.ratis.grpc.server.GrpcClientProtocolService now
2025-01-08 17:21:48,440 [MiniRaftCluster-15] INFO  server.RaftServer (RaftServerProxy.java:lambda$close$9(418)) - s2: close
2025-01-08 17:21:48,440 [s0-impl-thread1] INFO  server.RaftServer$Division (RaftServerImpl.java:lambda$close$1(518)) - s0@group-C018930D692E: shutdown
2025-01-08 17:21:48,441 [s0-impl-thread1] INFO  util.JmxRegister (JmxRegister.java:unregister(74)) - Successfully un-registered JMX Bean with object name Ratis:service=RaftServer,group=group-C018930D692E,id=s0
2025-01-08 17:21:48,441 [s0-impl-thread1] INFO  impl.RoleInfo (RoleInfo.java:shutdownFollowerState(121)) - s0: shutdown s0@group-C018930D692E-FollowerState
2025-01-08 17:21:48,441 [s1-impl-thread1] INFO  server.RaftServer$Division (RaftServerImpl.java:lambda$close$1(518)) - s1@group-C018930D692E: shutdown
2025-01-08 17:21:48,441 [s2-impl-thread1] INFO  server.RaftServer$Division (RaftServerImpl.java:lambda$close$1(518)) - s2@group-C018930D692E: shutdown
2025-01-08 17:21:48,441 [MiniRaftCluster-14] INFO  server.GrpcServicesImpl (GrpcServicesImpl.java:closeImpl(362)) - s1: shutdown server org.apache.ratis.grpc.server.GrpcClientProtocolService now
2025-01-08 17:21:48,441 [s0-impl-thread1] INFO  impl.StateMachineUpdater (StateMachineUpdater.java:stopAndJoin(164)) - s0@group-C018930D692E-StateMachineUpdater: set stopIndex = 0
2025-01-08 17:21:48,441 [MiniRaftCluster-15] INFO  server.GrpcServicesImpl (GrpcServicesImpl.java:closeImpl(362)) - s2: shutdown server org.apache.ratis.grpc.server.GrpcClientProtocolService now
2025-01-08 17:21:48,441 [s2-impl-thread1] INFO  util.JmxRegister (JmxRegister.java:unregister(74)) - Successfully un-registered JMX Bean with object name Ratis:service=RaftServer,group=group-C018930D692E,id=s2
2025-01-08 17:21:48,441 [s2-impl-thread1] INFO  impl.RoleInfo (RoleInfo.java:shutdownFollowerState(121)) - s2: shutdown s2@group-C018930D692E-FollowerState
2025-01-08 17:21:48,441 [s1-impl-thread1] INFO  util.JmxRegister (JmxRegister.java:unregister(74)) - Successfully un-registered JMX Bean with object name Ratis:service=RaftServer,group=group-C018930D692E,id=s1
2025-01-08 17:21:48,442 [s1-impl-thread1] INFO  impl.RoleInfo (RoleInfo.java:shutdownLeaderState(103)) - s1: shutdown s1@group-C018930D692E-LeaderStateImpl
2025-01-08 17:21:48,441 [s0@group-C018930D692E-StateMachineUpdater] INFO  impl.StateMachineUpdater (StateMachineUpdater.java:stop(141)) - s0@group-C018930D692E-StateMachineUpdater: closing BaseStateMachine, lastApplied=(t:1, i:0)
2025-01-08 17:21:48,441 [s0@group-C018930D692E-FollowerState] INFO  impl.FollowerState (FollowerState.java:runImpl(170)) - s0@group-C018930D692E-FollowerState was interrupted
2025-01-08 17:21:48,442 [s0-impl-thread1] INFO  raftlog.RaftLog (SegmentedRaftLog.java:close(569)) - Start closing s0@group-C018930D692E-SegmentedRaftLog:OPENED:c0:last(t:1, i:0)
2025-01-08 17:21:48,443 [s0@group-C018930D692E-cacheEviction-AwaitToRun] INFO  util.AwaitToRun (AwaitToRun.java:run(49)) - s0@group-C018930D692E-cacheEviction-AwaitToRun-AwaitForSignal is interrupted
2025-01-08 17:21:48,443 [s0-impl-thread1] INFO  segmented.LogSegment (LogSegment.java:close(350)) - Successfully closed EntryCache-log_inprogress_0
2025-01-08 17:21:48,443 [s1@group-C018930D692E->s0-GrpcLogAppender-LogAppenderDaemon] WARN  server.GrpcLogAppender (GrpcLogAppender.java:mayWait(293)) - s1@group-C018930D692E->s0-GrpcLogAppender: Wait interrupted by java.lang.InterruptedException
2025-01-08 17:21:48,444 [s2-impl-thread1] INFO  impl.StateMachineUpdater (StateMachineUpdater.java:stopAndJoin(164)) - s2@group-C018930D692E-StateMachineUpdater: set stopIndex = -1
2025-01-08 17:21:48,444 [Thread-330] INFO  server.GrpcServerProtocolClient (GrpcServerProtocolClient.java:close(105)) - s0 Close channels
2025-01-08 17:21:48,444 [s2@group-C018930D692E-FollowerState] INFO  impl.FollowerState (FollowerState.java:runImpl(170)) - s2@group-C018930D692E-FollowerState was interrupted
2025-01-08 17:21:48,444 [s2@group-C018930D692E-StateMachineUpdater] INFO  impl.StateMachineUpdater (StateMachineUpdater.java:stop(141)) - s2@group-C018930D692E-StateMachineUpdater: closing BaseStateMachine, lastApplied=(t:0, i:~)
2025-01-08 17:21:48,445 [s2-impl-thread1] INFO  raftlog.RaftLog (SegmentedRaftLog.java:close(569)) - Start closing s2@group-C018930D692E-SegmentedRaftLog:OPENED:c-1:last(t:1, i:0)
2025-01-08 17:21:48,445 [s1@group-C018930D692E->s2-GrpcLogAppender-LogAppenderDaemon] WARN  server.GrpcLogAppender (GrpcLogAppender.java:mayWait(293)) - s1@group-C018930D692E->s2-GrpcLogAppender: Wait interrupted by java.lang.InterruptedException
2025-01-08 17:21:48,445 [s1-impl-thread1] INFO  impl.PendingRequests (PendingRequests.java:sendNotLeaderResponses(287)) - s1@group-C018930D692E-PendingRequests: sendNotLeaderResponses
2025-01-08 17:21:48,445 [s2@group-C018930D692E-cacheEviction-AwaitToRun] INFO  util.AwaitToRun (AwaitToRun.java:run(49)) - s2@group-C018930D692E-cacheEviction-AwaitToRun-AwaitForSignal is interrupted
2025-01-08 17:21:48,445 [MiniRaftCluster-13] INFO  server.GrpcServicesImpl (GrpcServicesImpl.java:closeImpl(371)) - s0: shutdown server org.apache.ratis.grpc.server.GrpcClientProtocolService successfully
2025-01-08 17:21:48,445 [MiniRaftCluster-13] INFO  server.GrpcServicesImpl (GrpcServicesImpl.java:closeImpl(362)) - s0: shutdown server GrpcServerProtocolService now
2025-01-08 17:21:48,445 [Thread-334] INFO  server.GrpcServerProtocolClient (GrpcServerProtocolClient.java:close(105)) - s0 Close channels
2025-01-08 17:21:48,445 [Thread-332] INFO  server.GrpcServerProtocolClient (GrpcServerProtocolClient.java:close(105)) - s1 Close channels
2025-01-08 17:21:48,446 [Thread-336] INFO  server.GrpcServerProtocolClient (GrpcServerProtocolClient.java:close(105)) - s2 Close channels
2025-01-08 17:21:48,447 [MiniRaftCluster-15] INFO  server.GrpcServicesImpl (GrpcServicesImpl.java:closeImpl(371)) - s2: shutdown server org.apache.ratis.grpc.server.GrpcClientProtocolService successfully
2025-01-08 17:21:48,447 [MiniRaftCluster-15] INFO  server.GrpcServicesImpl (GrpcServicesImpl.java:closeImpl(362)) - s2: shutdown server GrpcServerProtocolService now
2025-01-08 17:21:48,447 [s1-impl-thread1] INFO  impl.StateMachineUpdater (StateMachineUpdater.java:stopAndJoin(164)) - s1@group-C018930D692E-StateMachineUpdater: set stopIndex = 0
2025-01-08 17:21:48,447 [s2-impl-thread1] INFO  segmented.LogSegment (LogSegment.java:close(350)) - Successfully closed EntryCache-log_inprogress_0
2025-01-08 17:21:48,447 [grpc-default-executor-7] WARN  server.GrpcServerProtocolService (LogUtils.java:warn(127)) - s0: APPEND_ENTRIES onError, lastRequest: null: org.apache.ratis.thirdparty.io.grpc.StatusRuntimeException: CANCELLED: client cancelled
2025-01-08 17:21:48,448 [grpc-default-executor-4] WARN  server.GrpcServerProtocolService (LogUtils.java:warn(127)) - s0: APPEND_ENTRIES onError, lastRequest: s1->s0#1-t1,previous=(t:0, i:0),leaderCommit=-1,initializing? false,entries: size=1, first=(t:1, i:0), CONFIGURATIONENTRY(current:id:"s0"address:"localhost:15048"dataStreamAddress:"localhost:15051"clientAddress:"localhost:15050"adminAddress:"localhost:15049"startupRole:FOLLOWER, id:"s1"address:"localhost:15052"dataStreamAddress:"localhost:15055"clientAddress:"localhost:15054"adminAddress:"localhost:15053"startupRole:FOLLOWER, id:"s2"address:"localhost:15056"dataStreamAddress:"localhost:15059"clientAddress:"localhost:15058"adminAddress:"localhost:15057"startupRole:FOLLOWER, old:): org.apache.ratis.thirdparty.io.grpc.StatusRuntimeException: CANCELLED: client cancelled
2025-01-08 17:21:48,448 [s1@group-C018930D692E-StateMachineUpdater] INFO  impl.StateMachineUpdater (StateMachineUpdater.java:stop(141)) - s1@group-C018930D692E-StateMachineUpdater: closing BaseStateMachine, lastApplied=(t:1, i:0)
2025-01-08 17:21:48,448 [s1-impl-thread1] INFO  raftlog.RaftLog (SegmentedRaftLog.java:close(569)) - Start closing s1@group-C018930D692E-SegmentedRaftLog:OPENED:c0:last(t:1, i:0)
2025-01-08 17:21:48,448 [s2@group-C018930D692E-SegmentedRaftLogWorker] INFO  segmented.SegmentedRaftLogWorker (SegmentedRaftLogWorker.java:execute(667)) - s2@group-C018930D692E-SegmentedRaftLogWorker: created new log segment /home/runner/work/ratis/ratis/ratis-test/target/test/data/d67ccb5e/MiniRaftClusterWithGrpc8196333f/s2/df0de9b3-655f-490a-bb80-c018930d692e/current/log_inprogress_0
2025-01-08 17:21:48,448 [grpc-default-executor-7] INFO  server.GrpcLogAppender (GrpcLogAppender.java:onError(555)) - s1@group-C018930D692E->s0-GrpcLogAppender is already stopped
2025-01-08 17:21:48,448 [s1@group-C018930D692E-cacheEviction-AwaitToRun] INFO  util.AwaitToRun (AwaitToRun.java:run(49)) - s1@group-C018930D692E-cacheEviction-AwaitToRun-AwaitForSignal is interrupted
2025-01-08 17:21:48,448 [grpc-default-executor-3] WARN  server.GrpcServerProtocolService (LogUtils.java:warn(127)) - s2: APPEND_ENTRIES onError, lastRequest: null: org.apache.ratis.thirdparty.io.grpc.StatusRuntimeException: CANCELLED: client cancelled
2025-01-08 17:21:48,449 [grpc-default-executor-0] INFO  server.GrpcLogAppender (GrpcLogAppender.java:onError(555)) - s1@group-C018930D692E->s2-GrpcLogAppender is already stopped
2025-01-08 17:21:48,449 [MiniRaftCluster-13] INFO  server.GrpcServicesImpl (GrpcServicesImpl.java:closeImpl(371)) - s0: shutdown server GrpcServerProtocolService successfully
2025-01-08 17:21:48,449 [MiniRaftCluster-13] INFO  server.GrpcServicesImpl (GrpcServicesImpl.java:closeImpl(362)) - s0: shutdown server org.apache.ratis.grpc.server.GrpcAdminProtocolService now
2025-01-08 17:21:48,449 [grpc-default-executor-4] INFO  server.GrpcLogAppender (GrpcLogAppender.java:onError(555)) - s1@group-C018930D692E->s0-GrpcLogAppender is already stopped
2025-01-08 17:21:48,450 [grpc-default-executor-7] WARN  server.GrpcServerProtocolService (LogUtils.java:warn(127)) - s2: APPEND_ENTRIES onError, lastRequest: null: org.apache.ratis.thirdparty.io.grpc.StatusRuntimeException: CANCELLED: client cancelled
2025-01-08 17:21:48,450 [MiniRaftCluster-13] INFO  server.GrpcServicesImpl (GrpcServicesImpl.java:closeImpl(371)) - s0: shutdown server org.apache.ratis.grpc.server.GrpcAdminProtocolService successfully
2025-01-08 17:21:48,450 [s2-impl-thread1] INFO  segmented.SegmentedRaftLogWorker (SegmentedRaftLogWorker.java:close(254)) - s2@group-C018930D692E-SegmentedRaftLogWorker close()
2025-01-08 17:21:48,451 [MiniRaftCluster-15] INFO  server.GrpcServicesImpl (GrpcServicesImpl.java:closeImpl(371)) - s2: shutdown server GrpcServerProtocolService successfully
2025-01-08 17:21:48,451 [s2-impl-thread1] INFO  raftlog.RaftLog (SegmentedRaftLog.java:close(577)) - Successfully closed s2@group-C018930D692E-SegmentedRaftLog:CLOSED:c-1
2025-01-08 17:21:48,451 [grpc-default-executor-7] INFO  server.GrpcLogAppender (GrpcLogAppender.java:onError(555)) - s1@group-C018930D692E->s2-GrpcLogAppender is already stopped
2025-01-08 17:21:48,451 [grpc-default-executor-0] INFO  server.GrpcLogAppender (GrpcLogAppender.java:onError(555)) - s1@group-C018930D692E->s2-GrpcLogAppender is already stopped
2025-01-08 17:21:48,450 [s1-impl-thread1] INFO  segmented.LogSegment (LogSegment.java:close(350)) - Successfully closed EntryCache-log_inprogress_0
2025-01-08 17:21:48,451 [MiniRaftCluster-14] INFO  server.GrpcServicesImpl (GrpcServicesImpl.java:closeImpl(371)) - s1: shutdown server org.apache.ratis.grpc.server.GrpcClientProtocolService successfully
2025-01-08 17:21:48,451 [MiniRaftCluster-14] INFO  server.GrpcServicesImpl (GrpcServicesImpl.java:closeImpl(362)) - s1: shutdown server GrpcServerProtocolService now
2025-01-08 17:21:48,451 [MiniRaftCluster-15] INFO  server.GrpcServicesImpl (GrpcServicesImpl.java:closeImpl(362)) - s2: shutdown server org.apache.ratis.grpc.server.GrpcAdminProtocolService now
2025-01-08 17:21:48,451 [grpc-default-executor-4] WARN  server.GrpcServerProtocolService (LogUtils.java:warn(127)) - s2: APPEND_ENTRIES onError, lastRequest: s1->s2#274-t1,previous=(t:0, i:0),leaderCommit=0,initializing? false,entries: size=1, first=(t:1, i:0), CONFIGURATIONENTRY(current:id:"s0"address:"localhost:15048"dataStreamAddress:"localhost:15051"clientAddress:"localhost:15050"adminAddress:"localhost:15049"startupRole:FOLLOWER, id:"s1"address:"localhost:15052"dataStreamAddress:"localhost:15055"clientAddress:"localhost:15054"adminAddress:"localhost:15053"startupRole:FOLLOWER, id:"s2"address:"localhost:15056"dataStreamAddress:"localhost:15059"clientAddress:"localhost:15058"adminAddress:"localhost:15057"startupRole:FOLLOWER, old:): org.apache.ratis.thirdparty.io.grpc.StatusRuntimeException: CANCELLED: client cancelled
2025-01-08 17:21:48,451 [MiniRaftCluster-15] INFO  server.GrpcServicesImpl (GrpcServicesImpl.java:closeImpl(371)) - s2: shutdown server org.apache.ratis.grpc.server.GrpcAdminProtocolService successfully
2025-01-08 17:21:48,451 [MiniRaftCluster-14] INFO  server.GrpcServicesImpl (GrpcServicesImpl.java:closeImpl(371)) - s1: shutdown server GrpcServerProtocolService successfully
2025-01-08 17:21:48,452 [MiniRaftCluster-14] INFO  server.GrpcServicesImpl (GrpcServicesImpl.java:closeImpl(362)) - s1: shutdown server org.apache.ratis.grpc.server.GrpcAdminProtocolService now
2025-01-08 17:21:48,452 [JvmPauseMonitor14] INFO  util.JvmPauseMonitor (JvmPauseMonitor.java:run(152)) - JvmPauseMonitor-s2: Stopped
2025-01-08 17:21:48,452 [MiniRaftCluster-14] INFO  server.GrpcServicesImpl (GrpcServicesImpl.java:closeImpl(371)) - s1: shutdown server org.apache.ratis.grpc.server.GrpcAdminProtocolService successfully
2025-01-08 17:21:49,211 [timer1] WARN  server.GrpcLogAppender (LogUtils.java:warn(127)) - s1@group-C018930D692E->s2-AppendLogResponseHandler: Failed appendEntries (Repeated 17 times in the last 5.001s): org.apache.ratis.thirdparty.io.grpc.StatusRuntimeException: UNAVAILABLE: io exception
  Caused by: org.apache.ratis.thirdparty.io.netty.channel.AbstractChannel$AnnotatedConnectException: finishConnect(..) failed: Connection refused: localhost/127.0.0.1:15056
  Caused by: java.net.ConnectException: finishConnect(..) failed: Connection refused
2025-01-08 17:21:49,216 [timer4] WARN  server.GrpcLogAppender (GrpcLogAppender.java:lambda$resetClient$1(221)) - s1@group-C018930D692E->s2-GrpcLogAppender: Follower failed (request=null, errorCount=2); keep nextIndex (0) unchanged and retry. (Repeated 2 times in the last 5.000s)
2025-01-08 17:21:49,221 [timer6] WARN  server.GrpcLogAppender (GrpcLogAppender.java:lambda$resetClient$1(221)) - s1@group-C018930D692E->s2-GrpcLogAppender: Follower failed (request=null, errorCount=17); keep nextIndex (1) unchanged and retry. (Repeated 15 times in the last 5.001s)
2025-01-08 17:21:49,222 [s1-impl-thread1] INFO  segmented.SegmentedRaftLogWorker (SegmentedRaftLogWorker.java:close(254)) - s1@group-C018930D692E-SegmentedRaftLogWorker close()
2025-01-08 17:21:49,222 [s1-impl-thread1] INFO  raftlog.RaftLog (SegmentedRaftLog.java:close(577)) - Successfully closed s1@group-C018930D692E-SegmentedRaftLog:CLOSED:c0
2025-01-08 17:21:49,222 [JvmPauseMonitor13] INFO  util.JvmPauseMonitor (JvmPauseMonitor.java:run(152)) - JvmPauseMonitor-s1: Stopped
2025-01-08 17:21:49,232 [s0-impl-thread1] INFO  segmented.SegmentedRaftLogWorker (SegmentedRaftLogWorker.java:close(254)) - s0@group-C018930D692E-SegmentedRaftLogWorker close()
2025-01-08 17:21:49,232 [s0-impl-thread1] INFO  raftlog.RaftLog (SegmentedRaftLog.java:close(577)) - Successfully closed s0@group-C018930D692E-SegmentedRaftLog:CLOSED:c0
2025-01-08 17:21:49,232 [JvmPauseMonitor12] INFO  util.JvmPauseMonitor (JvmPauseMonitor.java:run(152)) - JvmPauseMonitor-s0: Stopped
2025-01-08 17:21:49,232 [main] INFO  impl.MiniRaftCluster (MiniRaftCluster.java:shutdown(883)) - MiniRaftClusterWithGrpc shutdown completed
2025-01-08 17:21:49,232 [main] INFO  ratis.RaftTestUtil (RaftTestUtil.java:gc(596)) - gc 0
2025-01-08 17:21:49,380 [main] WARN  util.ReferenceCountedLeakDetector (ReferenceCountedLeakDetector.java:logLeakMessage(167)) - LEAK: (class org.apache.ratis.proto.RaftProtos$AppendEntriesRequestProto, count=1, value=serverRequest {
  requestorId: "s1"
  replyId: "s2"
  raftGroupId {
    id: "\337\r\351\263e_I\n\273\200\300\030\223\ri."
  }
  callId: 274
}
leaderTerm: 1
entries {
  term: 1
  configurationEntry {
    peers {
      id: "s0"
      address: "localhost:15048"
      dataStreamAddress: "localhost:15051"
      clientAddress: "localhost:15050"
      adminAddress: "localhost:15049"
      startupRole: FOLLOWER
    }
    peers {
      id: "s1"
      address: "localhost:15052"
      dataStreamAddress: "localhost:15055"
      clientAddress: "localhost:15054"
      adminAddress: "localhost:15053"
      startupRole: FOLLOWER
    }
    peers {
      id: "s2"
      address: "localhost:15056"
      dataStreamAddress: "localhost:15059"
      clientAddress: "localhost:15058"
      adminAddress: "localhost:15057"
      startupRole: FOLLOWER
    }
  }
}
commitInfos {
  server {
    id: "s1"
    address: "localhost:15052"
    dataStreamAddress: "localhost:15055"
    clientAddress: "localhost:15054"
    adminAddress: "localhost:15053"
    startupRole: FOLLOWER
  }
}
commitInfos {
  server {
    id: "s0"
    address: "localhost:15048"
    dataStreamAddress: "localhost:15051"
    clientAddress: "localhost:15050"
    adminAddress: "localhost:15049"
    startupRole: FOLLOWER
  }
}
commitInfos {
  server {
    id: "s2"
    address: "localhost:15056"
    dataStreamAddress: "localhost:15059"
    clientAddress: "localhost:15058"
    adminAddress: "localhost:15057"
    startupRole: FOLLOWER
  }
  commitIndex: 18446744073709551615
}
)
2025-01-08 17:21:49,380 [main] WARN  util.LeakDetector (LeakDetector.java:assertNoLeaks(175)) - 0/30) numLeaks == 1 > 0, will wait and retry ...
2025-01-08 17:21:50,381 [main] WARN  util.ReferenceCountedLeakDetector (ReferenceCountedLeakDetector.java:logLeakMessage(167)) - LEAK: (class org.apache.ratis.proto.RaftProtos$AppendEntriesRequestProto, count=1, value=serverRequest {
  requestorId: "s1"
  replyId: "s2"
  raftGroupId {
    id: "\337\r\351\263e_I\n\273\200\300\030\223\ri."
  }
  callId: 274
}
leaderTerm: 1
entries {
  term: 1
  configurationEntry {
    peers {
      id: "s0"
      address: "localhost:15048"
      dataStreamAddress: "localhost:15051"
      clientAddress: "localhost:15050"
      adminAddress: "localhost:15049"
      startupRole: FOLLOWER
    }
    peers {
      id: "s1"
      address: "localhost:15052"
      dataStreamAddress: "localhost:15055"
      clientAddress: "localhost:15054"
      adminAddress: "localhost:15053"
      startupRole: FOLLOWER
    }
    peers {
      id: "s2"
      address: "localhost:15056"
      dataStreamAddress: "localhost:15059"
      clientAddress: "localhost:15058"
      adminAddress: "localhost:15057"
      startupRole: FOLLOWER
    }
  }
}
commitInfos {
  server {
    id: "s1"
    address: "localhost:15052"
    dataStreamAddress: "localhost:15055"
    clientAddress: "localhost:15054"
    adminAddress: "localhost:15053"
    startupRole: FOLLOWER
  }
}
commitInfos {
  server {
    id: "s0"
    address: "localhost:15048"
    dataStreamAddress: "localhost:15051"
    clientAddress: "localhost:15050"
    adminAddress: "localhost:15049"
    startupRole: FOLLOWER
  }
}
commitInfos {
  server {
    id: "s2"
    address: "localhost:15056"
    dataStreamAddress: "localhost:15059"
    clientAddress: "localhost:15058"
    adminAddress: "localhost:15057"
    startupRole: FOLLOWER
  }
  commitIndex: 18446744073709551615
}
)
2025-01-08 17:21:50,381 [main] WARN  util.LeakDetector (LeakDetector.java:assertNoLeaks(175)) - 1/30) numLeaks == 1 > 0, will wait and retry ...
2025-01-08 17:21:51,381 [main] WARN  util.ReferenceCountedLeakDetector (ReferenceCountedLeakDetector.java:logLeakMessage(167)) - LEAK: (class org.apache.ratis.proto.RaftProtos$AppendEntriesRequestProto, count=1, value=serverRequest {
  requestorId: "s1"
  replyId: "s2"
  raftGroupId {
    id: "\337\r\351\263e_I\n\273\200\300\030\223\ri."
  }
  callId: 274
}
leaderTerm: 1
entries {
  term: 1
  configurationEntry {
    peers {
      id: "s0"
      address: "localhost:15048"
      dataStreamAddress: "localhost:15051"
      clientAddress: "localhost:15050"
      adminAddress: "localhost:15049"
      startupRole: FOLLOWER
    }
    peers {
      id: "s1"
      address: "localhost:15052"
      dataStreamAddress: "localhost:15055"
      clientAddress: "localhost:15054"
      adminAddress: "localhost:15053"
      startupRole: FOLLOWER
    }
    peers {
      id: "s2"
      address: "localhost:15056"
      dataStreamAddress: "localhost:15059"
      clientAddress: "localhost:15058"
      adminAddress: "localhost:15057"
      startupRole: FOLLOWER
    }
  }
}
commitInfos {
  server {
    id: "s1"
    address: "localhost:15052"
    dataStreamAddress: "localhost:15055"
    clientAddress: "localhost:15054"
    adminAddress: "localhost:15053"
    startupRole: FOLLOWER
  }
}
commitInfos {
  server {
    id: "s0"
    address: "localhost:15048"
    dataStreamAddress: "localhost:15051"
    clientAddress: "localhost:15050"
    adminAddress: "localhost:15049"
    startupRole: FOLLOWER
  }
}
commitInfos {
  server {
    id: "s2"
    address: "localhost:15056"
    dataStreamAddress: "localhost:15059"
    clientAddress: "localhost:15058"
    adminAddress: "localhost:15057"
    startupRole: FOLLOWER
  }
  commitIndex: 18446744073709551615
}
)
2025-01-08 17:21:51,382 [main] WARN  util.LeakDetector (LeakDetector.java:assertNoLeaks(175)) - 2/30) numLeaks == 1 > 0, will wait and retry ...
2025-01-08 17:21:51,435 [timer7] WARN  server.GrpcLogAppender (GrpcLogAppender.java:timeoutAppendRequest(459)) - s1@group-C018930D692E->s2-GrpcLogAppender: Timed out appendEntries, errorCount=19, request=AppendEntriesRequest:cid=274,entriesCount=1,entry=(t:1, i:0)
2025-01-08 17:21:52,382 [main] WARN  util.ReferenceCountedLeakDetector (ReferenceCountedLeakDetector.java:logLeakMessage(167)) - LEAK: (class org.apache.ratis.proto.RaftProtos$AppendEntriesRequestProto, count=1, value=serverRequest {
  requestorId: "s1"
  replyId: "s2"
  raftGroupId {
    id: "\337\r\351\263e_I\n\273\200\300\030\223\ri."
  }
  callId: 274
}
leaderTerm: 1
entries {
  term: 1
  configurationEntry {
    peers {
      id: "s0"
      address: "localhost:15048"
      dataStreamAddress: "localhost:15051"
      clientAddress: "localhost:15050"
      adminAddress: "localhost:15049"
      startupRole: FOLLOWER
    }
    peers {
      id: "s1"
      address: "localhost:15052"
      dataStreamAddress: "localhost:15055"
      clientAddress: "localhost:15054"
      adminAddress: "localhost:15053"
      startupRole: FOLLOWER
    }
    peers {
      id: "s2"
      address: "localhost:15056"
      dataStreamAddress: "localhost:15059"
      clientAddress: "localhost:15058"
      adminAddress: "localhost:15057"
      startupRole: FOLLOWER
    }
  }
}
commitInfos {
  server {
    id: "s1"
    address: "localhost:15052"
    dataStreamAddress: "localhost:15055"
    clientAddress: "localhost:15054"
    adminAddress: "localhost:15053"
    startupRole: FOLLOWER
  }
}
commitInfos {
  server {
    id: "s0"
    address: "localhost:15048"
    dataStreamAddress: "localhost:15051"
    clientAddress: "localhost:15050"
    adminAddress: "localhost:15049"
    startupRole: FOLLOWER
  }
}
commitInfos {
  server {
    id: "s2"
    address: "localhost:15056"
    dataStreamAddress: "localhost:15059"
    clientAddress: "localhost:15058"
    adminAddress: "localhost:15057"
    startupRole: FOLLOWER
  }
  commitIndex: 18446744073709551615
}
)
2025-01-08 17:21:52,382 [main] WARN  util.LeakDetector (LeakDetector.java:assertNoLeaks(175)) - 3/30) numLeaks == 1 > 0, will wait and retry ...
2025-01-08 17:21:53,382 [main] WARN  util.ReferenceCountedLeakDetector (ReferenceCountedLeakDetector.java:logLeakMessage(167)) - LEAK: (class org.apache.ratis.proto.RaftProtos$AppendEntriesRequestProto, count=1, value=serverRequest {
  requestorId: "s1"
  replyId: "s2"
  raftGroupId {
    id: "\337\r\351\263e_I\n\273\200\300\030\223\ri."
  }
  callId: 274
}
leaderTerm: 1
entries {
  term: 1
  configurationEntry {
    peers {
      id: "s0"
      address: "localhost:15048"
      dataStreamAddress: "localhost:15051"
      clientAddress: "localhost:15050"
      adminAddress: "localhost:15049"
      startupRole: FOLLOWER
    }
    peers {
      id: "s1"
      address: "localhost:15052"
      dataStreamAddress: "localhost:15055"
      clientAddress: "localhost:15054"
      adminAddress: "localhost:15053"
      startupRole: FOLLOWER
    }
    peers {
      id: "s2"
      address: "localhost:15056"
      dataStreamAddress: "localhost:15059"
      clientAddress: "localhost:15058"
      adminAddress: "localhost:15057"
      startupRole: FOLLOWER
    }
  }
}
commitInfos {
  server {
    id: "s1"
    address: "localhost:15052"
    dataStreamAddress: "localhost:15055"
    clientAddress: "localhost:15054"
    adminAddress: "localhost:15053"
    startupRole: FOLLOWER
  }
}
commitInfos {
  server {
    id: "s0"
    address: "localhost:15048"
    dataStreamAddress: "localhost:15051"
    clientAddress: "localhost:15050"
    adminAddress: "localhost:15049"
    startupRole: FOLLOWER
  }
}
commitInfos {
  server {
    id: "s2"
    address: "localhost:15056"
    dataStreamAddress: "localhost:15059"
    clientAddress: "localhost:15058"
    adminAddress: "localhost:15057"
    startupRole: FOLLOWER
  }
  commitIndex: 18446744073709551615
}
)
2025-01-08 17:21:53,383 [main] WARN  util.LeakDetector (LeakDetector.java:assertNoLeaks(175)) - 4/30) numLeaks == 1 > 0, will wait and retry ...
2025-01-08 17:21:54,383 [main] WARN  util.ReferenceCountedLeakDetector (ReferenceCountedLeakDetector.java:logLeakMessage(167)) - LEAK: (class org.apache.ratis.proto.RaftProtos$AppendEntriesRequestProto, count=1, value=serverRequest {
  requestorId: "s1"
  replyId: "s2"
  raftGroupId {
    id: "\337\r\351\263e_I\n\273\200\300\030\223\ri."
  }
  callId: 274
}
leaderTerm: 1
entries {
  term: 1
  configurationEntry {
    peers {
      id: "s0"
      address: "localhost:15048"
      dataStreamAddress: "localhost:15051"
      clientAddress: "localhost:15050"
      adminAddress: "localhost:15049"
      startupRole: FOLLOWER
    }
    peers {
      id: "s1"
      address: "localhost:15052"
      dataStreamAddress: "localhost:15055"
      clientAddress: "localhost:15054"
      adminAddress: "localhost:15053"
      startupRole: FOLLOWER
    }
    peers {
      id: "s2"
      address: "localhost:15056"
      dataStreamAddress: "localhost:15059"
      clientAddress: "localhost:15058"
      adminAddress: "localhost:15057"
      startupRole: FOLLOWER
    }
  }
}
commitInfos {
  server {
    id: "s1"
    address: "localhost:15052"
    dataStreamAddress: "localhost:15055"
    clientAddress: "localhost:15054"
    adminAddress: "localhost:15053"
    startupRole: FOLLOWER
  }
}
commitInfos {
  server {
    id: "s0"
    address: "localhost:15048"
    dataStreamAddress: "localhost:15051"
    clientAddress: "localhost:15050"
    adminAddress: "localhost:15049"
    startupRole: FOLLOWER
  }
}
commitInfos {
  server {
    id: "s2"
    address: "localhost:15056"
    dataStreamAddress: "localhost:15059"
    clientAddress: "localhost:15058"
    adminAddress: "localhost:15057"
    startupRole: FOLLOWER
  }
  commitIndex: 18446744073709551615
}
)
2025-01-08 17:21:54,383 [main] WARN  util.LeakDetector (LeakDetector.java:assertNoLeaks(175)) - 5/30) numLeaks == 1 > 0, will wait and retry ...
2025-01-08 17:21:55,384 [main] WARN  util.ReferenceCountedLeakDetector (ReferenceCountedLeakDetector.java:logLeakMessage(167)) - LEAK: (class org.apache.ratis.proto.RaftProtos$AppendEntriesRequestProto, count=1, value=serverRequest {
  requestorId: "s1"
  replyId: "s2"
  raftGroupId {
    id: "\337\r\351\263e_I\n\273\200\300\030\223\ri."
  }
  callId: 274
}
leaderTerm: 1
entries {
  term: 1
  configurationEntry {
    peers {
      id: "s0"
      address: "localhost:15048"
      dataStreamAddress: "localhost:15051"
      clientAddress: "localhost:15050"
      adminAddress: "localhost:15049"
      startupRole: FOLLOWER
    }
    peers {
      id: "s1"
      address: "localhost:15052"
      dataStreamAddress: "localhost:15055"
      clientAddress: "localhost:15054"
      adminAddress: "localhost:15053"
      startupRole: FOLLOWER
    }
    peers {
      id: "s2"
      address: "localhost:15056"
      dataStreamAddress: "localhost:15059"
      clientAddress: "localhost:15058"
      adminAddress: "localhost:15057"
      startupRole: FOLLOWER
    }
  }
}
commitInfos {
  server {
    id: "s1"
    address: "localhost:15052"
    dataStreamAddress: "localhost:15055"
    clientAddress: "localhost:15054"
    adminAddress: "localhost:15053"
    startupRole: FOLLOWER
  }
}
commitInfos {
  server {
    id: "s0"
    address: "localhost:15048"
    dataStreamAddress: "localhost:15051"
    clientAddress: "localhost:15050"
    adminAddress: "localhost:15049"
    startupRole: FOLLOWER
  }
}
commitInfos {
  server {
    id: "s2"
    address: "localhost:15056"
    dataStreamAddress: "localhost:15059"
    clientAddress: "localhost:15058"
    adminAddress: "localhost:15057"
    startupRole: FOLLOWER
  }
  commitIndex: 18446744073709551615
}
)
2025-01-08 17:21:55,384 [main] WARN  util.LeakDetector (LeakDetector.java:assertNoLeaks(175)) - 6/30) numLeaks == 1 > 0, will wait and retry ...
2025-01-08 17:21:56,384 [main] WARN  util.ReferenceCountedLeakDetector (ReferenceCountedLeakDetector.java:logLeakMessage(167)) - LEAK: (class org.apache.ratis.proto.RaftProtos$AppendEntriesRequestProto, count=1, value=serverRequest {
  requestorId: "s1"
  replyId: "s2"
  raftGroupId {
    id: "\337\r\351\263e_I\n\273\200\300\030\223\ri."
  }
  callId: 274
}
leaderTerm: 1
entries {
  term: 1
  configurationEntry {
    peers {
      id: "s0"
      address: "localhost:15048"
      dataStreamAddress: "localhost:15051"
      clientAddress: "localhost:15050"
      adminAddress: "localhost:15049"
      startupRole: FOLLOWER
    }
    peers {
      id: "s1"
      address: "localhost:15052"
      dataStreamAddress: "localhost:15055"
      clientAddress: "localhost:15054"
      adminAddress: "localhost:15053"
      startupRole: FOLLOWER
    }
    peers {
      id: "s2"
      address: "localhost:15056"
      dataStreamAddress: "localhost:15059"
      clientAddress: "localhost:15058"
      adminAddress: "localhost:15057"
      startupRole: FOLLOWER
    }
  }
}
commitInfos {
  server {
    id: "s1"
    address: "localhost:15052"
    dataStreamAddress: "localhost:15055"
    clientAddress: "localhost:15054"
    adminAddress: "localhost:15053"
    startupRole: FOLLOWER
  }
}
commitInfos {
  server {
    id: "s0"
    address: "localhost:15048"
    dataStreamAddress: "localhost:15051"
    clientAddress: "localhost:15050"
    adminAddress: "localhost:15049"
    startupRole: FOLLOWER
  }
}
commitInfos {
  server {
    id: "s2"
    address: "localhost:15056"
    dataStreamAddress: "localhost:15059"
    clientAddress: "localhost:15058"
    adminAddress: "localhost:15057"
    startupRole: FOLLOWER
  }
  commitIndex: 18446744073709551615
}
)
2025-01-08 17:21:56,385 [main] WARN  util.LeakDetector (LeakDetector.java:assertNoLeaks(175)) - 7/30) numLeaks == 1 > 0, will wait and retry ...
2025-01-08 17:21:57,385 [main] WARN  util.ReferenceCountedLeakDetector (ReferenceCountedLeakDetector.java:logLeakMessage(167)) - LEAK: (class org.apache.ratis.proto.RaftProtos$AppendEntriesRequestProto, count=1, value=serverRequest {
  requestorId: "s1"
  replyId: "s2"
  raftGroupId {
    id: "\337\r\351\263e_I\n\273\200\300\030\223\ri."
  }
  callId: 274
}
leaderTerm: 1
entries {
  term: 1
  configurationEntry {
    peers {
      id: "s0"
      address: "localhost:15048"
      dataStreamAddress: "localhost:15051"
      clientAddress: "localhost:15050"
      adminAddress: "localhost:15049"
      startupRole: FOLLOWER
    }
    peers {
      id: "s1"
      address: "localhost:15052"
      dataStreamAddress: "localhost:15055"
      clientAddress: "localhost:15054"
      adminAddress: "localhost:15053"
      startupRole: FOLLOWER
    }
    peers {
      id: "s2"
      address: "localhost:15056"
      dataStreamAddress: "localhost:15059"
      clientAddress: "localhost:15058"
      adminAddress: "localhost:15057"
      startupRole: FOLLOWER
    }
  }
}
commitInfos {
  server {
    id: "s1"
    address: "localhost:15052"
    dataStreamAddress: "localhost:15055"
    clientAddress: "localhost:15054"
    adminAddress: "localhost:15053"
    startupRole: FOLLOWER
  }
}
commitInfos {
  server {
    id: "s0"
    address: "localhost:15048"
    dataStreamAddress: "localhost:15051"
    clientAddress: "localhost:15050"
    adminAddress: "localhost:15049"
    startupRole: FOLLOWER
  }
}
commitInfos {
  server {
    id: "s2"
    address: "localhost:15056"
    dataStreamAddress: "localhost:15059"
    clientAddress: "localhost:15058"
    adminAddress: "localhost:15057"
    startupRole: FOLLOWER
  }
  commitIndex: 18446744073709551615
}
)
2025-01-08 17:21:57,385 [main] WARN  util.LeakDetector (LeakDetector.java:assertNoLeaks(175)) - 8/30) numLeaks == 1 > 0, will wait and retry ...
2025-01-08 17:21:58,385 [main] WARN  util.ReferenceCountedLeakDetector (ReferenceCountedLeakDetector.java:logLeakMessage(167)) - LEAK: (class org.apache.ratis.proto.RaftProtos$AppendEntriesRequestProto, count=1, value=serverRequest {
  requestorId: "s1"
  replyId: "s2"
  raftGroupId {
    id: "\337\r\351\263e_I\n\273\200\300\030\223\ri."
  }
  callId: 274
}
leaderTerm: 1
entries {
  term: 1
  configurationEntry {
    peers {
      id: "s0"
      address: "localhost:15048"
      dataStreamAddress: "localhost:15051"
      clientAddress: "localhost:15050"
      adminAddress: "localhost:15049"
      startupRole: FOLLOWER
    }
    peers {
      id: "s1"
      address: "localhost:15052"
      dataStreamAddress: "localhost:15055"
      clientAddress: "localhost:15054"
      adminAddress: "localhost:15053"
      startupRole: FOLLOWER
    }
    peers {
      id: "s2"
      address: "localhost:15056"
      dataStreamAddress: "localhost:15059"
      clientAddress: "localhost:15058"
      adminAddress: "localhost:15057"
      startupRole: FOLLOWER
    }
  }
}
commitInfos {
  server {
    id: "s1"
    address: "localhost:15052"
    dataStreamAddress: "localhost:15055"
    clientAddress: "localhost:15054"
    adminAddress: "localhost:15053"
    startupRole: FOLLOWER
  }
}
commitInfos {
  server {
    id: "s0"
    address: "localhost:15048"
    dataStreamAddress: "localhost:15051"
    clientAddress: "localhost:15050"
    adminAddress: "localhost:15049"
    startupRole: FOLLOWER
  }
}
commitInfos {
  server {
    id: "s2"
    address: "localhost:15056"
    dataStreamAddress: "localhost:15059"
    clientAddress: "localhost:15058"
    adminAddress: "localhost:15057"
    startupRole: FOLLOWER
  }
  commitIndex: 18446744073709551615
}
)
2025-01-08 17:21:58,386 [main] WARN  util.LeakDetector (LeakDetector.java:assertNoLeaks(175)) - 9/30) numLeaks == 1 > 0, will wait and retry ...
2025-01-08 17:21:59,386 [main] WARN  util.ReferenceCountedLeakDetector (ReferenceCountedLeakDetector.java:logLeakMessage(167)) - LEAK: (class org.apache.ratis.proto.RaftProtos$AppendEntriesRequestProto, count=1, value=serverRequest {
  requestorId: "s1"
  replyId: "s2"
  raftGroupId {
    id: "\337\r\351\263e_I\n\273\200\300\030\223\ri."
  }
  callId: 274
}
leaderTerm: 1
entries {
  term: 1
  configurationEntry {
    peers {
      id: "s0"
      address: "localhost:15048"
      dataStreamAddress: "localhost:15051"
      clientAddress: "localhost:15050"
      adminAddress: "localhost:15049"
      startupRole: FOLLOWER
    }
    peers {
      id: "s1"
      address: "localhost:15052"
      dataStreamAddress: "localhost:15055"
      clientAddress: "localhost:15054"
      adminAddress: "localhost:15053"
      startupRole: FOLLOWER
    }
    peers {
      id: "s2"
      address: "localhost:15056"
      dataStreamAddress: "localhost:15059"
      clientAddress: "localhost:15058"
      adminAddress: "localhost:15057"
      startupRole: FOLLOWER
    }
  }
}
commitInfos {
  server {
    id: "s1"
    address: "localhost:15052"
    dataStreamAddress: "localhost:15055"
    clientAddress: "localhost:15054"
    adminAddress: "localhost:15053"
    startupRole: FOLLOWER
  }
}
commitInfos {
  server {
    id: "s0"
    address: "localhost:15048"
    dataStreamAddress: "localhost:15051"
    clientAddress: "localhost:15050"
    adminAddress: "localhost:15049"
    startupRole: FOLLOWER
  }
}
commitInfos {
  server {
    id: "s2"
    address: "localhost:15056"
    dataStreamAddress: "localhost:15059"
    clientAddress: "localhost:15058"
    adminAddress: "localhost:15057"
    startupRole: FOLLOWER
  }
  commitIndex: 18446744073709551615
}
)
2025-01-08 17:21:59,386 [main] WARN  util.LeakDetector (LeakDetector.java:assertNoLeaks(175)) - 10/30) numLeaks == 1 > 0, will wait and retry ...
2025-01-08 17:22:00,386 [main] WARN  util.ReferenceCountedLeakDetector (ReferenceCountedLeakDetector.java:logLeakMessage(167)) - LEAK: (class org.apache.ratis.proto.RaftProtos$AppendEntriesRequestProto, count=1, value=serverRequest {
  requestorId: "s1"
  replyId: "s2"
  raftGroupId {
    id: "\337\r\351\263e_I\n\273\200\300\030\223\ri."
  }
  callId: 274
}
leaderTerm: 1
entries {
  term: 1
  configurationEntry {
    peers {
      id: "s0"
      address: "localhost:15048"
      dataStreamAddress: "localhost:15051"
      clientAddress: "localhost:15050"
      adminAddress: "localhost:15049"
      startupRole: FOLLOWER
    }
    peers {
      id: "s1"
      address: "localhost:15052"
      dataStreamAddress: "localhost:15055"
      clientAddress: "localhost:15054"
      adminAddress: "localhost:15053"
      startupRole: FOLLOWER
    }
    peers {
      id: "s2"
      address: "localhost:15056"
      dataStreamAddress: "localhost:15059"
      clientAddress: "localhost:15058"
      adminAddress: "localhost:15057"
      startupRole: FOLLOWER
    }
  }
}
commitInfos {
  server {
    id: "s1"
    address: "localhost:15052"
    dataStreamAddress: "localhost:15055"
    clientAddress: "localhost:15054"
    adminAddress: "localhost:15053"
    startupRole: FOLLOWER
  }
}
commitInfos {
  server {
    id: "s0"
    address: "localhost:15048"
    dataStreamAddress: "localhost:15051"
    clientAddress: "localhost:15050"
    adminAddress: "localhost:15049"
    startupRole: FOLLOWER
  }
}
commitInfos {
  server {
    id: "s2"
    address: "localhost:15056"
    dataStreamAddress: "localhost:15059"
    clientAddress: "localhost:15058"
    adminAddress: "localhost:15057"
    startupRole: FOLLOWER
  }
  commitIndex: 18446744073709551615
}
)
2025-01-08 17:22:00,387 [main] WARN  util.LeakDetector (LeakDetector.java:assertNoLeaks(175)) - 11/30) numLeaks == 1 > 0, will wait and retry ...
2025-01-08 17:22:01,387 [main] WARN  util.ReferenceCountedLeakDetector (ReferenceCountedLeakDetector.java:logLeakMessage(167)) - LEAK: (class org.apache.ratis.proto.RaftProtos$AppendEntriesRequestProto, count=1, value=serverRequest {
  requestorId: "s1"
  replyId: "s2"
  raftGroupId {
    id: "\337\r\351\263e_I\n\273\200\300\030\223\ri."
  }
  callId: 274
}
leaderTerm: 1
entries {
  term: 1
  configurationEntry {
    peers {
      id: "s0"
      address: "localhost:15048"
      dataStreamAddress: "localhost:15051"
      clientAddress: "localhost:15050"
      adminAddress: "localhost:15049"
      startupRole: FOLLOWER
    }
    peers {
      id: "s1"
      address: "localhost:15052"
      dataStreamAddress: "localhost:15055"
      clientAddress: "localhost:15054"
      adminAddress: "localhost:15053"
      startupRole: FOLLOWER
    }
    peers {
      id: "s2"
      address: "localhost:15056"
      dataStreamAddress: "localhost:15059"
      clientAddress: "localhost:15058"
      adminAddress: "localhost:15057"
      startupRole: FOLLOWER
    }
  }
}
commitInfos {
  server {
    id: "s1"
    address: "localhost:15052"
    dataStreamAddress: "localhost:15055"
    clientAddress: "localhost:15054"
    adminAddress: "localhost:15053"
    startupRole: FOLLOWER
  }
}
commitInfos {
  server {
    id: "s0"
    address: "localhost:15048"
    dataStreamAddress: "localhost:15051"
    clientAddress: "localhost:15050"
    adminAddress: "localhost:15049"
    startupRole: FOLLOWER
  }
}
commitInfos {
  server {
    id: "s2"
    address: "localhost:15056"
    dataStreamAddress: "localhost:15059"
    clientAddress: "localhost:15058"
    adminAddress: "localhost:15057"
    startupRole: FOLLOWER
  }
  commitIndex: 18446744073709551615
}
)
2025-01-08 17:22:01,387 [main] WARN  util.LeakDetector (LeakDetector.java:assertNoLeaks(175)) - 12/30) numLeaks == 1 > 0, will wait and retry ...
2025-01-08 17:22:02,387 [main] WARN  util.ReferenceCountedLeakDetector (ReferenceCountedLeakDetector.java:logLeakMessage(167)) - LEAK: (class org.apache.ratis.proto.RaftProtos$AppendEntriesRequestProto, count=1, value=serverRequest {
  requestorId: "s1"
  replyId: "s2"
  raftGroupId {
    id: "\337\r\351\263e_I\n\273\200\300\030\223\ri."
  }
  callId: 274
}
leaderTerm: 1
entries {
  term: 1
  configurationEntry {
    peers {
      id: "s0"
      address: "localhost:15048"
      dataStreamAddress: "localhost:15051"
      clientAddress: "localhost:15050"
      adminAddress: "localhost:15049"
      startupRole: FOLLOWER
    }
    peers {
      id: "s1"
      address: "localhost:15052"
      dataStreamAddress: "localhost:15055"
      clientAddress: "localhost:15054"
      adminAddress: "localhost:15053"
      startupRole: FOLLOWER
    }
    peers {
      id: "s2"
      address: "localhost:15056"
      dataStreamAddress: "localhost:15059"
      clientAddress: "localhost:15058"
      adminAddress: "localhost:15057"
      startupRole: FOLLOWER
    }
  }
}
commitInfos {
  server {
    id: "s1"
    address: "localhost:15052"
    dataStreamAddress: "localhost:15055"
    clientAddress: "localhost:15054"
    adminAddress: "localhost:15053"
    startupRole: FOLLOWER
  }
}
commitInfos {
  server {
    id: "s0"
    address: "localhost:15048"
    dataStreamAddress: "localhost:15051"
    clientAddress: "localhost:15050"
    adminAddress: "localhost:15049"
    startupRole: FOLLOWER
  }
}
commitInfos {
  server {
    id: "s2"
    address: "localhost:15056"
    dataStreamAddress: "localhost:15059"
    clientAddress: "localhost:15058"
    adminAddress: "localhost:15057"
    startupRole: FOLLOWER
  }
  commitIndex: 18446744073709551615
}
)
2025-01-08 17:22:02,388 [main] WARN  util.LeakDetector (LeakDetector.java:assertNoLeaks(175)) - 13/30) numLeaks == 1 > 0, will wait and retry ...
2025-01-08 17:22:03,388 [main] WARN  util.ReferenceCountedLeakDetector (ReferenceCountedLeakDetector.java:logLeakMessage(167)) - LEAK: (class org.apache.ratis.proto.RaftProtos$AppendEntriesRequestProto, count=1, value=serverRequest {
  requestorId: "s1"
  replyId: "s2"
  raftGroupId {
    id: "\337\r\351\263e_I\n\273\200\300\030\223\ri."
  }
  callId: 274
}
leaderTerm: 1
entries {
  term: 1
  configurationEntry {
    peers {
      id: "s0"
      address: "localhost:15048"
      dataStreamAddress: "localhost:15051"
      clientAddress: "localhost:15050"
      adminAddress: "localhost:15049"
      startupRole: FOLLOWER
    }
    peers {
      id: "s1"
      address: "localhost:15052"
      dataStreamAddress: "localhost:15055"
      clientAddress: "localhost:15054"
      adminAddress: "localhost:15053"
      startupRole: FOLLOWER
    }
    peers {
      id: "s2"
      address: "localhost:15056"
      dataStreamAddress: "localhost:15059"
      clientAddress: "localhost:15058"
      adminAddress: "localhost:15057"
      startupRole: FOLLOWER
    }
  }
}
commitInfos {
  server {
    id: "s1"
    address: "localhost:15052"
    dataStreamAddress: "localhost:15055"
    clientAddress: "localhost:15054"
    adminAddress: "localhost:15053"
    startupRole: FOLLOWER
  }
}
commitInfos {
  server {
    id: "s0"
    address: "localhost:15048"
    dataStreamAddress: "localhost:15051"
    clientAddress: "localhost:15050"
    adminAddress: "localhost:15049"
    startupRole: FOLLOWER
  }
}
commitInfos {
  server {
    id: "s2"
    address: "localhost:15056"
    dataStreamAddress: "localhost:15059"
    clientAddress: "localhost:15058"
    adminAddress: "localhost:15057"
    startupRole: FOLLOWER
  }
  commitIndex: 18446744073709551615
}
)
2025-01-08 17:22:03,388 [main] WARN  util.LeakDetector (LeakDetector.java:assertNoLeaks(175)) - 14/30) numLeaks == 1 > 0, will wait and retry ...
2025-01-08 17:22:04,389 [main] WARN  util.ReferenceCountedLeakDetector (ReferenceCountedLeakDetector.java:logLeakMessage(167)) - LEAK: (class org.apache.ratis.proto.RaftProtos$AppendEntriesRequestProto, count=1, value=serverRequest {
  requestorId: "s1"
  replyId: "s2"
  raftGroupId {
    id: "\337\r\351\263e_I\n\273\200\300\030\223\ri."
  }
  callId: 274
}
leaderTerm: 1
entries {
  term: 1
  configurationEntry {
    peers {
      id: "s0"
      address: "localhost:15048"
      dataStreamAddress: "localhost:15051"
      clientAddress: "localhost:15050"
      adminAddress: "localhost:15049"
      startupRole: FOLLOWER
    }
    peers {
      id: "s1"
      address: "localhost:15052"
      dataStreamAddress: "localhost:15055"
      clientAddress: "localhost:15054"
      adminAddress: "localhost:15053"
      startupRole: FOLLOWER
    }
    peers {
      id: "s2"
      address: "localhost:15056"
      dataStreamAddress: "localhost:15059"
      clientAddress: "localhost:15058"
      adminAddress: "localhost:15057"
      startupRole: FOLLOWER
    }
  }
}
commitInfos {
  server {
    id: "s1"
    address: "localhost:15052"
    dataStreamAddress: "localhost:15055"
    clientAddress: "localhost:15054"
    adminAddress: "localhost:15053"
    startupRole: FOLLOWER
  }
}
commitInfos {
  server {
    id: "s0"
    address: "localhost:15048"
    dataStreamAddress: "localhost:15051"
    clientAddress: "localhost:15050"
    adminAddress: "localhost:15049"
    startupRole: FOLLOWER
  }
}
commitInfos {
  server {
    id: "s2"
    address: "localhost:15056"
    dataStreamAddress: "localhost:15059"
    clientAddress: "localhost:15058"
    adminAddress: "localhost:15057"
    startupRole: FOLLOWER
  }
  commitIndex: 18446744073709551615
}
)
2025-01-08 17:22:04,389 [main] WARN  util.LeakDetector (LeakDetector.java:assertNoLeaks(175)) - 15/30) numLeaks == 1 > 0, will wait and retry ...
2025-01-08 17:22:05,389 [main] WARN  util.ReferenceCountedLeakDetector (ReferenceCountedLeakDetector.java:logLeakMessage(167)) - LEAK: (class org.apache.ratis.proto.RaftProtos$AppendEntriesRequestProto, count=1, value=serverRequest {
  requestorId: "s1"
  replyId: "s2"
  raftGroupId {
    id: "\337\r\351\263e_I\n\273\200\300\030\223\ri."
  }
  callId: 274
}
leaderTerm: 1
entries {
  term: 1
  configurationEntry {
    peers {
      id: "s0"
      address: "localhost:15048"
      dataStreamAddress: "localhost:15051"
      clientAddress: "localhost:15050"
      adminAddress: "localhost:15049"
      startupRole: FOLLOWER
    }
    peers {
      id: "s1"
      address: "localhost:15052"
      dataStreamAddress: "localhost:15055"
      clientAddress: "localhost:15054"
      adminAddress: "localhost:15053"
      startupRole: FOLLOWER
    }
    peers {
      id: "s2"
      address: "localhost:15056"
      dataStreamAddress: "localhost:15059"
      clientAddress: "localhost:15058"
      adminAddress: "localhost:15057"
      startupRole: FOLLOWER
    }
  }
}
commitInfos {
  server {
    id: "s1"
    address: "localhost:15052"
    dataStreamAddress: "localhost:15055"
    clientAddress: "localhost:15054"
    adminAddress: "localhost:15053"
    startupRole: FOLLOWER
  }
}
commitInfos {
  server {
    id: "s0"
    address: "localhost:15048"
    dataStreamAddress: "localhost:15051"
    clientAddress: "localhost:15050"
    adminAddress: "localhost:15049"
    startupRole: FOLLOWER
  }
}
commitInfos {
  server {
    id: "s2"
    address: "localhost:15056"
    dataStreamAddress: "localhost:15059"
    clientAddress: "localhost:15058"
    adminAddress: "localhost:15057"
    startupRole: FOLLOWER
  }
  commitIndex: 18446744073709551615
}
)
2025-01-08 17:22:05,389 [main] WARN  util.LeakDetector (LeakDetector.java:assertNoLeaks(175)) - 16/30) numLeaks == 1 > 0, will wait and retry ...
2025-01-08 17:22:06,390 [main] WARN  util.ReferenceCountedLeakDetector (ReferenceCountedLeakDetector.java:logLeakMessage(167)) - LEAK: (class org.apache.ratis.proto.RaftProtos$AppendEntriesRequestProto, count=1, value=serverRequest {
  requestorId: "s1"
  replyId: "s2"
  raftGroupId {
    id: "\337\r\351\263e_I\n\273\200\300\030\223\ri."
  }
  callId: 274
}
leaderTerm: 1
entries {
  term: 1
  configurationEntry {
    peers {
      id: "s0"
      address: "localhost:15048"
      dataStreamAddress: "localhost:15051"
      clientAddress: "localhost:15050"
      adminAddress: "localhost:15049"
      startupRole: FOLLOWER
    }
    peers {
      id: "s1"
      address: "localhost:15052"
      dataStreamAddress: "localhost:15055"
      clientAddress: "localhost:15054"
      adminAddress: "localhost:15053"
      startupRole: FOLLOWER
    }
    peers {
      id: "s2"
      address: "localhost:15056"
      dataStreamAddress: "localhost:15059"
      clientAddress: "localhost:15058"
      adminAddress: "localhost:15057"
      startupRole: FOLLOWER
    }
  }
}
commitInfos {
  server {
    id: "s1"
    address: "localhost:15052"
    dataStreamAddress: "localhost:15055"
    clientAddress: "localhost:15054"
    adminAddress: "localhost:15053"
    startupRole: FOLLOWER
  }
}
commitInfos {
  server {
    id: "s0"
    address: "localhost:15048"
    dataStreamAddress: "localhost:15051"
    clientAddress: "localhost:15050"
    adminAddress: "localhost:15049"
    startupRole: FOLLOWER
  }
}
commitInfos {
  server {
    id: "s2"
    address: "localhost:15056"
    dataStreamAddress: "localhost:15059"
    clientAddress: "localhost:15058"
    adminAddress: "localhost:15057"
    startupRole: FOLLOWER
  }
  commitIndex: 18446744073709551615
}
)
2025-01-08 17:22:06,390 [main] WARN  util.LeakDetector (LeakDetector.java:assertNoLeaks(175)) - 17/30) numLeaks == 1 > 0, will wait and retry ...
2025-01-08 17:22:07,390 [main] WARN  util.ReferenceCountedLeakDetector (ReferenceCountedLeakDetector.java:logLeakMessage(167)) - LEAK: (class org.apache.ratis.proto.RaftProtos$AppendEntriesRequestProto, count=1, value=serverRequest {
  requestorId: "s1"
  replyId: "s2"
  raftGroupId {
    id: "\337\r\351\263e_I\n\273\200\300\030\223\ri."
  }
  callId: 274
}
leaderTerm: 1
entries {
  term: 1
  configurationEntry {
    peers {
      id: "s0"
      address: "localhost:15048"
      dataStreamAddress: "localhost:15051"
      clientAddress: "localhost:15050"
      adminAddress: "localhost:15049"
      startupRole: FOLLOWER
    }
    peers {
      id: "s1"
      address: "localhost:15052"
      dataStreamAddress: "localhost:15055"
      clientAddress: "localhost:15054"
      adminAddress: "localhost:15053"
      startupRole: FOLLOWER
    }
    peers {
      id: "s2"
      address: "localhost:15056"
      dataStreamAddress: "localhost:15059"
      clientAddress: "localhost:15058"
      adminAddress: "localhost:15057"
      startupRole: FOLLOWER
    }
  }
}
commitInfos {
  server {
    id: "s1"
    address: "localhost:15052"
    dataStreamAddress: "localhost:15055"
    clientAddress: "localhost:15054"
    adminAddress: "localhost:15053"
    startupRole: FOLLOWER
  }
}
commitInfos {
  server {
    id: "s0"
    address: "localhost:15048"
    dataStreamAddress: "localhost:15051"
    clientAddress: "localhost:15050"
    adminAddress: "localhost:15049"
    startupRole: FOLLOWER
  }
}
commitInfos {
  server {
    id: "s2"
    address: "localhost:15056"
    dataStreamAddress: "localhost:15059"
    clientAddress: "localhost:15058"
    adminAddress: "localhost:15057"
    startupRole: FOLLOWER
  }
  commitIndex: 18446744073709551615
}
)
2025-01-08 17:22:07,390 [main] WARN  util.LeakDetector (LeakDetector.java:assertNoLeaks(175)) - 18/30) numLeaks == 1 > 0, will wait and retry ...
2025-01-08 17:22:08,391 [main] WARN  util.ReferenceCountedLeakDetector (ReferenceCountedLeakDetector.java:logLeakMessage(167)) - LEAK: (class org.apache.ratis.proto.RaftProtos$AppendEntriesRequestProto, count=1, value=serverRequest {
  requestorId: "s1"
  replyId: "s2"
  raftGroupId {
    id: "\337\r\351\263e_I\n\273\200\300\030\223\ri."
  }
  callId: 274
}
leaderTerm: 1
entries {
  term: 1
  configurationEntry {
    peers {
      id: "s0"
      address: "localhost:15048"
      dataStreamAddress: "localhost:15051"
      clientAddress: "localhost:15050"
      adminAddress: "localhost:15049"
      startupRole: FOLLOWER
    }
    peers {
      id: "s1"
      address: "localhost:15052"
      dataStreamAddress: "localhost:15055"
      clientAddress: "localhost:15054"
      adminAddress: "localhost:15053"
      startupRole: FOLLOWER
    }
    peers {
      id: "s2"
      address: "localhost:15056"
      dataStreamAddress: "localhost:15059"
      clientAddress: "localhost:15058"
      adminAddress: "localhost:15057"
      startupRole: FOLLOWER
    }
  }
}
commitInfos {
  server {
    id: "s1"
    address: "localhost:15052"
    dataStreamAddress: "localhost:15055"
    clientAddress: "localhost:15054"
    adminAddress: "localhost:15053"
    startupRole: FOLLOWER
  }
}
commitInfos {
  server {
    id: "s0"
    address: "localhost:15048"
    dataStreamAddress: "localhost:15051"
    clientAddress: "localhost:15050"
    adminAddress: "localhost:15049"
    startupRole: FOLLOWER
  }
}
commitInfos {
  server {
    id: "s2"
    address: "localhost:15056"
    dataStreamAddress: "localhost:15059"
    clientAddress: "localhost:15058"
    adminAddress: "localhost:15057"
    startupRole: FOLLOWER
  }
  commitIndex: 18446744073709551615
}
)
2025-01-08 17:22:08,391 [main] WARN  util.LeakDetector (LeakDetector.java:assertNoLeaks(175)) - 19/30) numLeaks == 1 > 0, will wait and retry ...
2025-01-08 17:22:09,391 [main] WARN  util.ReferenceCountedLeakDetector (ReferenceCountedLeakDetector.java:logLeakMessage(167)) - LEAK: (class org.apache.ratis.proto.RaftProtos$AppendEntriesRequestProto, count=1, value=serverRequest {
  requestorId: "s1"
  replyId: "s2"
  raftGroupId {
    id: "\337\r\351\263e_I\n\273\200\300\030\223\ri."
  }
  callId: 274
}
leaderTerm: 1
entries {
  term: 1
  configurationEntry {
    peers {
      id: "s0"
      address: "localhost:15048"
      dataStreamAddress: "localhost:15051"
      clientAddress: "localhost:15050"
      adminAddress: "localhost:15049"
      startupRole: FOLLOWER
    }
    peers {
      id: "s1"
      address: "localhost:15052"
      dataStreamAddress: "localhost:15055"
      clientAddress: "localhost:15054"
      adminAddress: "localhost:15053"
      startupRole: FOLLOWER
    }
    peers {
      id: "s2"
      address: "localhost:15056"
      dataStreamAddress: "localhost:15059"
      clientAddress: "localhost:15058"
      adminAddress: "localhost:15057"
      startupRole: FOLLOWER
    }
  }
}
commitInfos {
  server {
    id: "s1"
    address: "localhost:15052"
    dataStreamAddress: "localhost:15055"
    clientAddress: "localhost:15054"
    adminAddress: "localhost:15053"
    startupRole: FOLLOWER
  }
}
commitInfos {
  server {
    id: "s0"
    address: "localhost:15048"
    dataStreamAddress: "localhost:15051"
    clientAddress: "localhost:15050"
    adminAddress: "localhost:15049"
    startupRole: FOLLOWER
  }
}
commitInfos {
  server {
    id: "s2"
    address: "localhost:15056"
    dataStreamAddress: "localhost:15059"
    clientAddress: "localhost:15058"
    adminAddress: "localhost:15057"
    startupRole: FOLLOWER
  }
  commitIndex: 18446744073709551615
}
)
2025-01-08 17:22:09,392 [main] WARN  util.LeakDetector (LeakDetector.java:assertNoLeaks(175)) - 20/30) numLeaks == 1 > 0, will wait and retry ...
2025-01-08 17:22:10,392 [main] WARN  util.ReferenceCountedLeakDetector (ReferenceCountedLeakDetector.java:logLeakMessage(167)) - LEAK: (class org.apache.ratis.proto.RaftProtos$AppendEntriesRequestProto, count=1, value=serverRequest {
  requestorId: "s1"
  replyId: "s2"
  raftGroupId {
    id: "\337\r\351\263e_I\n\273\200\300\030\223\ri."
  }
  callId: 274
}
leaderTerm: 1
entries {
  term: 1
  configurationEntry {
    peers {
      id: "s0"
      address: "localhost:15048"
      dataStreamAddress: "localhost:15051"
      clientAddress: "localhost:15050"
      adminAddress: "localhost:15049"
      startupRole: FOLLOWER
    }
    peers {
      id: "s1"
      address: "localhost:15052"
      dataStreamAddress: "localhost:15055"
      clientAddress: "localhost:15054"
      adminAddress: "localhost:15053"
      startupRole: FOLLOWER
    }
    peers {
      id: "s2"
      address: "localhost:15056"
      dataStreamAddress: "localhost:15059"
      clientAddress: "localhost:15058"
      adminAddress: "localhost:15057"
      startupRole: FOLLOWER
    }
  }
}
commitInfos {
  server {
    id: "s1"
    address: "localhost:15052"
    dataStreamAddress: "localhost:15055"
    clientAddress: "localhost:15054"
    adminAddress: "localhost:15053"
    startupRole: FOLLOWER
  }
}
commitInfos {
  server {
    id: "s0"
    address: "localhost:15048"
    dataStreamAddress: "localhost:15051"
    clientAddress: "localhost:15050"
    adminAddress: "localhost:15049"
    startupRole: FOLLOWER
  }
}
commitInfos {
  server {
    id: "s2"
    address: "localhost:15056"
    dataStreamAddress: "localhost:15059"
    clientAddress: "localhost:15058"
    adminAddress: "localhost:15057"
    startupRole: FOLLOWER
  }
  commitIndex: 18446744073709551615
}
)
2025-01-08 17:22:10,392 [main] WARN  util.LeakDetector (LeakDetector.java:assertNoLeaks(175)) - 21/30) numLeaks == 1 > 0, will wait and retry ...
2025-01-08 17:22:11,392 [main] WARN  util.ReferenceCountedLeakDetector (ReferenceCountedLeakDetector.java:logLeakMessage(167)) - LEAK: (class org.apache.ratis.proto.RaftProtos$AppendEntriesRequestProto, count=1, value=serverRequest {
  requestorId: "s1"
  replyId: "s2"
  raftGroupId {
    id: "\337\r\351\263e_I\n\273\200\300\030\223\ri."
  }
  callId: 274
}
leaderTerm: 1
entries {
  term: 1
  configurationEntry {
    peers {
      id: "s0"
      address: "localhost:15048"
      dataStreamAddress: "localhost:15051"
      clientAddress: "localhost:15050"
      adminAddress: "localhost:15049"
      startupRole: FOLLOWER
    }
    peers {
      id: "s1"
      address: "localhost:15052"
      dataStreamAddress: "localhost:15055"
      clientAddress: "localhost:15054"
      adminAddress: "localhost:15053"
      startupRole: FOLLOWER
    }
    peers {
      id: "s2"
      address: "localhost:15056"
      dataStreamAddress: "localhost:15059"
      clientAddress: "localhost:15058"
      adminAddress: "localhost:15057"
      startupRole: FOLLOWER
    }
  }
}
commitInfos {
  server {
    id: "s1"
    address: "localhost:15052"
    dataStreamAddress: "localhost:15055"
    clientAddress: "localhost:15054"
    adminAddress: "localhost:15053"
    startupRole: FOLLOWER
  }
}
commitInfos {
  server {
    id: "s0"
    address: "localhost:15048"
    dataStreamAddress: "localhost:15051"
    clientAddress: "localhost:15050"
    adminAddress: "localhost:15049"
    startupRole: FOLLOWER
  }
}
commitInfos {
  server {
    id: "s2"
    address: "localhost:15056"
    dataStreamAddress: "localhost:15059"
    clientAddress: "localhost:15058"
    adminAddress: "localhost:15057"
    startupRole: FOLLOWER
  }
  commitIndex: 18446744073709551615
}
)
2025-01-08 17:22:11,393 [main] WARN  util.LeakDetector (LeakDetector.java:assertNoLeaks(175)) - 22/30) numLeaks == 1 > 0, will wait and retry ...
2025-01-08 17:22:12,393 [main] WARN  util.ReferenceCountedLeakDetector (ReferenceCountedLeakDetector.java:logLeakMessage(167)) - LEAK: (class org.apache.ratis.proto.RaftProtos$AppendEntriesRequestProto, count=1, value=serverRequest {
  requestorId: "s1"
  replyId: "s2"
  raftGroupId {
    id: "\337\r\351\263e_I\n\273\200\300\030\223\ri."
  }
  callId: 274
}
leaderTerm: 1
entries {
  term: 1
  configurationEntry {
    peers {
      id: "s0"
      address: "localhost:15048"
      dataStreamAddress: "localhost:15051"
      clientAddress: "localhost:15050"
      adminAddress: "localhost:15049"
      startupRole: FOLLOWER
    }
    peers {
      id: "s1"
      address: "localhost:15052"
      dataStreamAddress: "localhost:15055"
      clientAddress: "localhost:15054"
      adminAddress: "localhost:15053"
      startupRole: FOLLOWER
    }
    peers {
      id: "s2"
      address: "localhost:15056"
      dataStreamAddress: "localhost:15059"
      clientAddress: "localhost:15058"
      adminAddress: "localhost:15057"
      startupRole: FOLLOWER
    }
  }
}
commitInfos {
  server {
    id: "s1"
    address: "localhost:15052"
    dataStreamAddress: "localhost:15055"
    clientAddress: "localhost:15054"
    adminAddress: "localhost:15053"
    startupRole: FOLLOWER
  }
}
commitInfos {
  server {
    id: "s0"
    address: "localhost:15048"
    dataStreamAddress: "localhost:15051"
    clientAddress: "localhost:15050"
    adminAddress: "localhost:15049"
    startupRole: FOLLOWER
  }
}
commitInfos {
  server {
    id: "s2"
    address: "localhost:15056"
    dataStreamAddress: "localhost:15059"
    clientAddress: "localhost:15058"
    adminAddress: "localhost:15057"
    startupRole: FOLLOWER
  }
  commitIndex: 18446744073709551615
}
)
2025-01-08 17:22:12,393 [main] WARN  util.LeakDetector (LeakDetector.java:assertNoLeaks(175)) - 23/30) numLeaks == 1 > 0, will wait and retry ...
2025-01-08 17:22:13,393 [main] WARN  util.ReferenceCountedLeakDetector (ReferenceCountedLeakDetector.java:logLeakMessage(167)) - LEAK: (class org.apache.ratis.proto.RaftProtos$AppendEntriesRequestProto, count=1, value=serverRequest {
  requestorId: "s1"
  replyId: "s2"
  raftGroupId {
    id: "\337\r\351\263e_I\n\273\200\300\030\223\ri."
  }
  callId: 274
}
leaderTerm: 1
entries {
  term: 1
  configurationEntry {
    peers {
      id: "s0"
      address: "localhost:15048"
      dataStreamAddress: "localhost:15051"
      clientAddress: "localhost:15050"
      adminAddress: "localhost:15049"
      startupRole: FOLLOWER
    }
    peers {
      id: "s1"
      address: "localhost:15052"
      dataStreamAddress: "localhost:15055"
      clientAddress: "localhost:15054"
      adminAddress: "localhost:15053"
      startupRole: FOLLOWER
    }
    peers {
      id: "s2"
      address: "localhost:15056"
      dataStreamAddress: "localhost:15059"
      clientAddress: "localhost:15058"
      adminAddress: "localhost:15057"
      startupRole: FOLLOWER
    }
  }
}
commitInfos {
  server {
    id: "s1"
    address: "localhost:15052"
    dataStreamAddress: "localhost:15055"
    clientAddress: "localhost:15054"
    adminAddress: "localhost:15053"
    startupRole: FOLLOWER
  }
}
commitInfos {
  server {
    id: "s0"
    address: "localhost:15048"
    dataStreamAddress: "localhost:15051"
    clientAddress: "localhost:15050"
    adminAddress: "localhost:15049"
    startupRole: FOLLOWER
  }
}
commitInfos {
  server {
    id: "s2"
    address: "localhost:15056"
    dataStreamAddress: "localhost:15059"
    clientAddress: "localhost:15058"
    adminAddress: "localhost:15057"
    startupRole: FOLLOWER
  }
  commitIndex: 18446744073709551615
}
)
2025-01-08 17:22:13,394 [main] WARN  util.LeakDetector (LeakDetector.java:assertNoLeaks(175)) - 24/30) numLeaks == 1 > 0, will wait and retry ...
2025-01-08 17:22:14,394 [main] WARN  util.ReferenceCountedLeakDetector (ReferenceCountedLeakDetector.java:logLeakMessage(167)) - LEAK: (class org.apache.ratis.proto.RaftProtos$AppendEntriesRequestProto, count=1, value=serverRequest {
  requestorId: "s1"
  replyId: "s2"
  raftGroupId {
    id: "\337\r\351\263e_I\n\273\200\300\030\223\ri."
  }
  callId: 274
}
leaderTerm: 1
entries {
  term: 1
  configurationEntry {
    peers {
      id: "s0"
      address: "localhost:15048"
      dataStreamAddress: "localhost:15051"
      clientAddress: "localhost:15050"
      adminAddress: "localhost:15049"
      startupRole: FOLLOWER
    }
    peers {
      id: "s1"
      address: "localhost:15052"
      dataStreamAddress: "localhost:15055"
      clientAddress: "localhost:15054"
      adminAddress: "localhost:15053"
      startupRole: FOLLOWER
    }
    peers {
      id: "s2"
      address: "localhost:15056"
      dataStreamAddress: "localhost:15059"
      clientAddress: "localhost:15058"
      adminAddress: "localhost:15057"
      startupRole: FOLLOWER
    }
  }
}
commitInfos {
  server {
    id: "s1"
    address: "localhost:15052"
    dataStreamAddress: "localhost:15055"
    clientAddress: "localhost:15054"
    adminAddress: "localhost:15053"
    startupRole: FOLLOWER
  }
}
commitInfos {
  server {
    id: "s0"
    address: "localhost:15048"
    dataStreamAddress: "localhost:15051"
    clientAddress: "localhost:15050"
    adminAddress: "localhost:15049"
    startupRole: FOLLOWER
  }
}
commitInfos {
  server {
    id: "s2"
    address: "localhost:15056"
    dataStreamAddress: "localhost:15059"
    clientAddress: "localhost:15058"
    adminAddress: "localhost:15057"
    startupRole: FOLLOWER
  }
  commitIndex: 18446744073709551615
}
)
2025-01-08 17:22:14,394 [main] WARN  util.LeakDetector (LeakDetector.java:assertNoLeaks(175)) - 25/30) numLeaks == 1 > 0, will wait and retry ...
2025-01-08 17:22:15,395 [main] WARN  util.ReferenceCountedLeakDetector (ReferenceCountedLeakDetector.java:logLeakMessage(167)) - LEAK: (class org.apache.ratis.proto.RaftProtos$AppendEntriesRequestProto, count=1, value=serverRequest {
  requestorId: "s1"
  replyId: "s2"
  raftGroupId {
    id: "\337\r\351\263e_I\n\273\200\300\030\223\ri."
  }
  callId: 274
}
leaderTerm: 1
entries {
  term: 1
  configurationEntry {
    peers {
      id: "s0"
      address: "localhost:15048"
      dataStreamAddress: "localhost:15051"
      clientAddress: "localhost:15050"
      adminAddress: "localhost:15049"
      startupRole: FOLLOWER
    }
    peers {
      id: "s1"
      address: "localhost:15052"
      dataStreamAddress: "localhost:15055"
      clientAddress: "localhost:15054"
      adminAddress: "localhost:15053"
      startupRole: FOLLOWER
    }
    peers {
      id: "s2"
      address: "localhost:15056"
      dataStreamAddress: "localhost:15059"
      clientAddress: "localhost:15058"
      adminAddress: "localhost:15057"
      startupRole: FOLLOWER
    }
  }
}
commitInfos {
  server {
    id: "s1"
    address: "localhost:15052"
    dataStreamAddress: "localhost:15055"
    clientAddress: "localhost:15054"
    adminAddress: "localhost:15053"
    startupRole: FOLLOWER
  }
}
commitInfos {
  server {
    id: "s0"
    address: "localhost:15048"
    dataStreamAddress: "localhost:15051"
    clientAddress: "localhost:15050"
    adminAddress: "localhost:15049"
    startupRole: FOLLOWER
  }
}
commitInfos {
  server {
    id: "s2"
    address: "localhost:15056"
    dataStreamAddress: "localhost:15059"
    clientAddress: "localhost:15058"
    adminAddress: "localhost:15057"
    startupRole: FOLLOWER
  }
  commitIndex: 18446744073709551615
}
)
2025-01-08 17:22:15,395 [main] WARN  util.LeakDetector (LeakDetector.java:assertNoLeaks(175)) - 26/30) numLeaks == 1 > 0, will wait and retry ...
2025-01-08 17:22:16,395 [main] WARN  util.ReferenceCountedLeakDetector (ReferenceCountedLeakDetector.java:logLeakMessage(167)) - LEAK: (class org.apache.ratis.proto.RaftProtos$AppendEntriesRequestProto, count=1, value=serverRequest {
  requestorId: "s1"
  replyId: "s2"
  raftGroupId {
    id: "\337\r\351\263e_I\n\273\200\300\030\223\ri."
  }
  callId: 274
}
leaderTerm: 1
entries {
  term: 1
  configurationEntry {
    peers {
      id: "s0"
      address: "localhost:15048"
      dataStreamAddress: "localhost:15051"
      clientAddress: "localhost:15050"
      adminAddress: "localhost:15049"
      startupRole: FOLLOWER
    }
    peers {
      id: "s1"
      address: "localhost:15052"
      dataStreamAddress: "localhost:15055"
      clientAddress: "localhost:15054"
      adminAddress: "localhost:15053"
      startupRole: FOLLOWER
    }
    peers {
      id: "s2"
      address: "localhost:15056"
      dataStreamAddress: "localhost:15059"
      clientAddress: "localhost:15058"
      adminAddress: "localhost:15057"
      startupRole: FOLLOWER
    }
  }
}
commitInfos {
  server {
    id: "s1"
    address: "localhost:15052"
    dataStreamAddress: "localhost:15055"
    clientAddress: "localhost:15054"
    adminAddress: "localhost:15053"
    startupRole: FOLLOWER
  }
}
commitInfos {
  server {
    id: "s0"
    address: "localhost:15048"
    dataStreamAddress: "localhost:15051"
    clientAddress: "localhost:15050"
    adminAddress: "localhost:15049"
    startupRole: FOLLOWER
  }
}
commitInfos {
  server {
    id: "s2"
    address: "localhost:15056"
    dataStreamAddress: "localhost:15059"
    clientAddress: "localhost:15058"
    adminAddress: "localhost:15057"
    startupRole: FOLLOWER
  }
  commitIndex: 18446744073709551615
}
)
2025-01-08 17:22:16,395 [main] WARN  util.LeakDetector (LeakDetector.java:assertNoLeaks(175)) - 27/30) numLeaks == 1 > 0, will wait and retry ...
2025-01-08 17:22:17,396 [main] WARN  util.ReferenceCountedLeakDetector (ReferenceCountedLeakDetector.java:logLeakMessage(167)) - LEAK: (class org.apache.ratis.proto.RaftProtos$AppendEntriesRequestProto, count=1, value=serverRequest {
  requestorId: "s1"
  replyId: "s2"
  raftGroupId {
    id: "\337\r\351\263e_I\n\273\200\300\030\223\ri."
  }
  callId: 274
}
leaderTerm: 1
entries {
  term: 1
  configurationEntry {
    peers {
      id: "s0"
      address: "localhost:15048"
      dataStreamAddress: "localhost:15051"
      clientAddress: "localhost:15050"
      adminAddress: "localhost:15049"
      startupRole: FOLLOWER
    }
    peers {
      id: "s1"
      address: "localhost:15052"
      dataStreamAddress: "localhost:15055"
      clientAddress: "localhost:15054"
      adminAddress: "localhost:15053"
      startupRole: FOLLOWER
    }
    peers {
      id: "s2"
      address: "localhost:15056"
      dataStreamAddress: "localhost:15059"
      clientAddress: "localhost:15058"
      adminAddress: "localhost:15057"
      startupRole: FOLLOWER
    }
  }
}
commitInfos {
  server {
    id: "s1"
    address: "localhost:15052"
    dataStreamAddress: "localhost:15055"
    clientAddress: "localhost:15054"
    adminAddress: "localhost:15053"
    startupRole: FOLLOWER
  }
}
commitInfos {
  server {
    id: "s0"
    address: "localhost:15048"
    dataStreamAddress: "localhost:15051"
    clientAddress: "localhost:15050"
    adminAddress: "localhost:15049"
    startupRole: FOLLOWER
  }
}
commitInfos {
  server {
    id: "s2"
    address: "localhost:15056"
    dataStreamAddress: "localhost:15059"
    clientAddress: "localhost:15058"
    adminAddress: "localhost:15057"
    startupRole: FOLLOWER
  }
  commitIndex: 18446744073709551615
}
)
2025-01-08 17:22:17,396 [main] WARN  util.LeakDetector (LeakDetector.java:assertNoLeaks(175)) - 28/30) numLeaks == 1 > 0, will wait and retry ...
2025-01-08 17:22:18,396 [main] WARN  util.ReferenceCountedLeakDetector (ReferenceCountedLeakDetector.java:logLeakMessage(167)) - LEAK: (class org.apache.ratis.proto.RaftProtos$AppendEntriesRequestProto, count=1, value=serverRequest {
  requestorId: "s1"
  replyId: "s2"
  raftGroupId {
    id: "\337\r\351\263e_I\n\273\200\300\030\223\ri."
  }
  callId: 274
}
leaderTerm: 1
entries {
  term: 1
  configurationEntry {
    peers {
      id: "s0"
      address: "localhost:15048"
      dataStreamAddress: "localhost:15051"
      clientAddress: "localhost:15050"
      adminAddress: "localhost:15049"
      startupRole: FOLLOWER
    }
    peers {
      id: "s1"
      address: "localhost:15052"
      dataStreamAddress: "localhost:15055"
      clientAddress: "localhost:15054"
      adminAddress: "localhost:15053"
      startupRole: FOLLOWER
    }
    peers {
      id: "s2"
      address: "localhost:15056"
      dataStreamAddress: "localhost:15059"
      clientAddress: "localhost:15058"
      adminAddress: "localhost:15057"
      startupRole: FOLLOWER
    }
  }
}
commitInfos {
  server {
    id: "s1"
    address: "localhost:15052"
    dataStreamAddress: "localhost:15055"
    clientAddress: "localhost:15054"
    adminAddress: "localhost:15053"
    startupRole: FOLLOWER
  }
}
commitInfos {
  server {
    id: "s0"
    address: "localhost:15048"
    dataStreamAddress: "localhost:15051"
    clientAddress: "localhost:15050"
    adminAddress: "localhost:15049"
    startupRole: FOLLOWER
  }
}
commitInfos {
  server {
    id: "s2"
    address: "localhost:15056"
    dataStreamAddress: "localhost:15059"
    clientAddress: "localhost:15058"
    adminAddress: "localhost:15057"
    startupRole: FOLLOWER
  }
  commitIndex: 18446744073709551615
}
)
2025-01-08 17:22:18,397 [main] WARN  util.LeakDetector (LeakDetector.java:assertNoLeaks(175)) - 29/30) numLeaks == 1 > 0, will wait and retry ...
2025-01-08 17:22:19,397 [main] WARN  util.ReferenceCountedLeakDetector (ReferenceCountedLeakDetector.java:logLeakMessage(167)) - LEAK: (class org.apache.ratis.proto.RaftProtos$AppendEntriesRequestProto, count=1, value=serverRequest {
  requestorId: "s1"
  replyId: "s2"
  raftGroupId {
    id: "\337\r\351\263e_I\n\273\200\300\030\223\ri."
  }
  callId: 274
}
leaderTerm: 1
entries {
  term: 1
  configurationEntry {
    peers {
      id: "s0"
      address: "localhost:15048"
      dataStreamAddress: "localhost:15051"
      clientAddress: "localhost:15050"
      adminAddress: "localhost:15049"
      startupRole: FOLLOWER
    }
    peers {
      id: "s1"
      address: "localhost:15052"
      dataStreamAddress: "localhost:15055"
      clientAddress: "localhost:15054"
      adminAddress: "localhost:15053"
      startupRole: FOLLOWER
    }
    peers {
      id: "s2"
      address: "localhost:15056"
      dataStreamAddress: "localhost:15059"
      clientAddress: "localhost:15058"
      adminAddress: "localhost:15057"
      startupRole: FOLLOWER
    }
  }
}
commitInfos {
  server {
    id: "s1"
    address: "localhost:15052"
    dataStreamAddress: "localhost:15055"
    clientAddress: "localhost:15054"
    adminAddress: "localhost:15053"
    startupRole: FOLLOWER
  }
}
commitInfos {
  server {
    id: "s0"
    address: "localhost:15048"
    dataStreamAddress: "localhost:15051"
    clientAddress: "localhost:15050"
    adminAddress: "localhost:15049"
    startupRole: FOLLOWER
  }
}
commitInfos {
  server {
    id: "s2"
    address: "localhost:15056"
    dataStreamAddress: "localhost:15059"
    clientAddress: "localhost:15058"
    adminAddress: "localhost:15057"
    startupRole: FOLLOWER
  }
  commitIndex: 18446744073709551615
}
)
]]></system-out>
  </testcase>
  <testcase name="testListenerNotStartLeaderElection" classname="org.apache.ratis.grpc.TestLeaderElectionWithGrpc" time="0">
    <skipped type="org.opentest4j.TestAbortedException"><![CDATA[org.opentest4j.TestAbortedException: Assumption failed: numLeaks 1 > 0
	at org.apache.ratis.BaseTest.setup(BaseTest.java:104)
	at java.lang.reflect.Method.invoke(Method.java:498)
	at java.util.ArrayList.forEach(ArrayList.java:1259)
	at java.util.ArrayList.forEach(ArrayList.java:1259)
]]></skipped>
    <system-out><![CDATA[2025-01-08 17:22:19,405 [main] INFO  util.LogUtils (Slf4jUtils.java:setLogLevel(38)) - Successfully set org.apache.ratis.conf.ConfUtils log level to WARN
2025-01-08 17:22:19,405 [main] INFO  util.LogUtils (Slf4jUtils.java:setLogLevel(38)) - Successfully set org.apache.ratis.util.FileUtils log level to TRACE
2025-01-08 17:22:19,405 [main] INFO  util.LogUtils (Slf4jUtils.java:setLogLevel(38)) - Successfully set org.apache.ratis.server.RaftServer$Division log level to DEBUG
2025-01-08 17:22:19,405 [main] INFO  util.LogUtils (Slf4jUtils.java:setLogLevel(38)) - Successfully set org.apache.ratis.client.RaftClient log level to DEBUG
2025-01-08 17:22:19,406 [main] WARN  util.ReferenceCountedLeakDetector (ReferenceCountedLeakDetector.java:logLeakMessage(167)) - LEAK: (class org.apache.ratis.proto.RaftProtos$AppendEntriesRequestProto, count=1, value=serverRequest {
  requestorId: "s1"
  replyId: "s2"
  raftGroupId {
    id: "\337\r\351\263e_I\n\273\200\300\030\223\ri."
  }
  callId: 274
}
leaderTerm: 1
entries {
  term: 1
  configurationEntry {
    peers {
      id: "s0"
      address: "localhost:15048"
      dataStreamAddress: "localhost:15051"
      clientAddress: "localhost:15050"
      adminAddress: "localhost:15049"
      startupRole: FOLLOWER
    }
    peers {
      id: "s1"
      address: "localhost:15052"
      dataStreamAddress: "localhost:15055"
      clientAddress: "localhost:15054"
      adminAddress: "localhost:15053"
      startupRole: FOLLOWER
    }
    peers {
      id: "s2"
      address: "localhost:15056"
      dataStreamAddress: "localhost:15059"
      clientAddress: "localhost:15058"
      adminAddress: "localhost:15057"
      startupRole: FOLLOWER
    }
  }
}
commitInfos {
  server {
    id: "s1"
    address: "localhost:15052"
    dataStreamAddress: "localhost:15055"
    clientAddress: "localhost:15054"
    adminAddress: "localhost:15053"
    startupRole: FOLLOWER
  }
}
commitInfos {
  server {
    id: "s0"
    address: "localhost:15048"
    dataStreamAddress: "localhost:15051"
    clientAddress: "localhost:15050"
    adminAddress: "localhost:15049"
    startupRole: FOLLOWER
  }
}
commitInfos {
  server {
    id: "s2"
    address: "localhost:15056"
    dataStreamAddress: "localhost:15059"
    clientAddress: "localhost:15058"
    adminAddress: "localhost:15057"
    startupRole: FOLLOWER
  }
  commitIndex: 18446744073709551615
}
)
]]></system-out>
  </testcase>
  <testcase name="testWaitServerReady" classname="org.apache.ratis.grpc.TestLeaderElectionWithGrpc" time="0">
    <skipped type="org.opentest4j.TestAbortedException"><![CDATA[org.opentest4j.TestAbortedException: Assumption failed: numLeaks 1 > 0
	at org.apache.ratis.BaseTest.setup(BaseTest.java:104)
	at java.lang.reflect.Method.invoke(Method.java:498)
	at java.util.ArrayList.forEach(ArrayList.java:1259)
	at java.util.ArrayList.forEach(ArrayList.java:1259)
]]></skipped>
    <system-out><![CDATA[2025-01-08 17:22:19,409 [main] INFO  util.LogUtils (Slf4jUtils.java:setLogLevel(38)) - Successfully set org.apache.ratis.conf.ConfUtils log level to WARN
2025-01-08 17:22:19,409 [main] INFO  util.LogUtils (Slf4jUtils.java:setLogLevel(38)) - Successfully set org.apache.ratis.util.FileUtils log level to TRACE
2025-01-08 17:22:19,409 [main] INFO  util.LogUtils (Slf4jUtils.java:setLogLevel(38)) - Successfully set org.apache.ratis.server.RaftServer$Division log level to DEBUG
2025-01-08 17:22:19,409 [main] INFO  util.LogUtils (Slf4jUtils.java:setLogLevel(38)) - Successfully set org.apache.ratis.client.RaftClient log level to DEBUG
2025-01-08 17:22:19,410 [main] WARN  util.ReferenceCountedLeakDetector (ReferenceCountedLeakDetector.java:logLeakMessage(167)) - LEAK: (class org.apache.ratis.proto.RaftProtos$AppendEntriesRequestProto, count=1, value=serverRequest {
  requestorId: "s1"
  replyId: "s2"
  raftGroupId {
    id: "\337\r\351\263e_I\n\273\200\300\030\223\ri."
  }
  callId: 274
}
leaderTerm: 1
entries {
  term: 1
  configurationEntry {
    peers {
      id: "s0"
      address: "localhost:15048"
      dataStreamAddress: "localhost:15051"
      clientAddress: "localhost:15050"
      adminAddress: "localhost:15049"
      startupRole: FOLLOWER
    }
    peers {
      id: "s1"
      address: "localhost:15052"
      dataStreamAddress: "localhost:15055"
      clientAddress: "localhost:15054"
      adminAddress: "localhost:15053"
      startupRole: FOLLOWER
    }
    peers {
      id: "s2"
      address: "localhost:15056"
      dataStreamAddress: "localhost:15059"
      clientAddress: "localhost:15058"
      adminAddress: "localhost:15057"
      startupRole: FOLLOWER
    }
  }
}
commitInfos {
  server {
    id: "s1"
    address: "localhost:15052"
    dataStreamAddress: "localhost:15055"
    clientAddress: "localhost:15054"
    adminAddress: "localhost:15053"
    startupRole: FOLLOWER
  }
}
commitInfos {
  server {
    id: "s0"
    address: "localhost:15048"
    dataStreamAddress: "localhost:15051"
    clientAddress: "localhost:15050"
    adminAddress: "localhost:15049"
    startupRole: FOLLOWER
  }
}
commitInfos {
  server {
    id: "s2"
    address: "localhost:15056"
    dataStreamAddress: "localhost:15059"
    clientAddress: "localhost:15058"
    adminAddress: "localhost:15057"
    startupRole: FOLLOWER
  }
  commitIndex: 18446744073709551615
}
)
]]></system-out>
  </testcase>
  <testcase name="testPreVote" classname="org.apache.ratis.grpc.TestLeaderElectionWithGrpc" time="0">
    <skipped type="org.opentest4j.TestAbortedException"><![CDATA[org.opentest4j.TestAbortedException: Assumption failed: numLeaks 1 > 0
	at org.apache.ratis.BaseTest.setup(BaseTest.java:104)
	at java.lang.reflect.Method.invoke(Method.java:498)
	at java.util.ArrayList.forEach(ArrayList.java:1259)
	at java.util.ArrayList.forEach(ArrayList.java:1259)
]]></skipped>
    <system-out><![CDATA[2025-01-08 17:22:19,411 [main] INFO  util.LogUtils (Slf4jUtils.java:setLogLevel(38)) - Successfully set org.apache.ratis.conf.ConfUtils log level to WARN
2025-01-08 17:22:19,412 [main] INFO  util.LogUtils (Slf4jUtils.java:setLogLevel(38)) - Successfully set org.apache.ratis.util.FileUtils log level to TRACE
2025-01-08 17:22:19,412 [main] INFO  util.LogUtils (Slf4jUtils.java:setLogLevel(38)) - Successfully set org.apache.ratis.server.RaftServer$Division log level to DEBUG
2025-01-08 17:22:19,412 [main] INFO  util.LogUtils (Slf4jUtils.java:setLogLevel(38)) - Successfully set org.apache.ratis.client.RaftClient log level to DEBUG
2025-01-08 17:22:19,413 [main] WARN  util.ReferenceCountedLeakDetector (ReferenceCountedLeakDetector.java:logLeakMessage(167)) - LEAK: (class org.apache.ratis.proto.RaftProtos$AppendEntriesRequestProto, count=1, value=serverRequest {
  requestorId: "s1"
  replyId: "s2"
  raftGroupId {
    id: "\337\r\351\263e_I\n\273\200\300\030\223\ri."
  }
  callId: 274
}
leaderTerm: 1
entries {
  term: 1
  configurationEntry {
    peers {
      id: "s0"
      address: "localhost:15048"
      dataStreamAddress: "localhost:15051"
      clientAddress: "localhost:15050"
      adminAddress: "localhost:15049"
      startupRole: FOLLOWER
    }
    peers {
      id: "s1"
      address: "localhost:15052"
      dataStreamAddress: "localhost:15055"
      clientAddress: "localhost:15054"
      adminAddress: "localhost:15053"
      startupRole: FOLLOWER
    }
    peers {
      id: "s2"
      address: "localhost:15056"
      dataStreamAddress: "localhost:15059"
      clientAddress: "localhost:15058"
      adminAddress: "localhost:15057"
      startupRole: FOLLOWER
    }
  }
}
commitInfos {
  server {
    id: "s1"
    address: "localhost:15052"
    dataStreamAddress: "localhost:15055"
    clientAddress: "localhost:15054"
    adminAddress: "localhost:15053"
    startupRole: FOLLOWER
  }
}
commitInfos {
  server {
    id: "s0"
    address: "localhost:15048"
    dataStreamAddress: "localhost:15051"
    clientAddress: "localhost:15050"
    adminAddress: "localhost:15049"
    startupRole: FOLLOWER
  }
}
commitInfos {
  server {
    id: "s2"
    address: "localhost:15056"
    dataStreamAddress: "localhost:15059"
    clientAddress: "localhost:15058"
    adminAddress: "localhost:15057"
    startupRole: FOLLOWER
  }
  commitIndex: 18446744073709551615
}
)
]]></system-out>
  </testcase>
  <testcase name="testListenerRejectRequestVote" classname="org.apache.ratis.grpc.TestLeaderElectionWithGrpc" time="0">
    <skipped type="org.opentest4j.TestAbortedException"><![CDATA[org.opentest4j.TestAbortedException: Assumption failed: numLeaks 1 > 0
	at org.apache.ratis.BaseTest.setup(BaseTest.java:104)
	at java.lang.reflect.Method.invoke(Method.java:498)
	at java.util.ArrayList.forEach(ArrayList.java:1259)
	at java.util.ArrayList.forEach(ArrayList.java:1259)
]]></skipped>
    <system-out><![CDATA[2025-01-08 17:22:19,414 [main] INFO  util.LogUtils (Slf4jUtils.java:setLogLevel(38)) - Successfully set org.apache.ratis.conf.ConfUtils log level to WARN
2025-01-08 17:22:19,414 [main] INFO  util.LogUtils (Slf4jUtils.java:setLogLevel(38)) - Successfully set org.apache.ratis.util.FileUtils log level to TRACE
2025-01-08 17:22:19,414 [main] INFO  util.LogUtils (Slf4jUtils.java:setLogLevel(38)) - Successfully set org.apache.ratis.server.RaftServer$Division log level to DEBUG
2025-01-08 17:22:19,414 [main] INFO  util.LogUtils (Slf4jUtils.java:setLogLevel(38)) - Successfully set org.apache.ratis.client.RaftClient log level to DEBUG
2025-01-08 17:22:19,415 [main] WARN  util.ReferenceCountedLeakDetector (ReferenceCountedLeakDetector.java:logLeakMessage(167)) - LEAK: (class org.apache.ratis.proto.RaftProtos$AppendEntriesRequestProto, count=1, value=serverRequest {
  requestorId: "s1"
  replyId: "s2"
  raftGroupId {
    id: "\337\r\351\263e_I\n\273\200\300\030\223\ri."
  }
  callId: 274
}
leaderTerm: 1
entries {
  term: 1
  configurationEntry {
    peers {
      id: "s0"
      address: "localhost:15048"
      dataStreamAddress: "localhost:15051"
      clientAddress: "localhost:15050"
      adminAddress: "localhost:15049"
      startupRole: FOLLOWER
    }
    peers {
      id: "s1"
      address: "localhost:15052"
      dataStreamAddress: "localhost:15055"
      clientAddress: "localhost:15054"
      adminAddress: "localhost:15053"
      startupRole: FOLLOWER
    }
    peers {
      id: "s2"
      address: "localhost:15056"
      dataStreamAddress: "localhost:15059"
      clientAddress: "localhost:15058"
      adminAddress: "localhost:15057"
      startupRole: FOLLOWER
    }
  }
}
commitInfos {
  server {
    id: "s1"
    address: "localhost:15052"
    dataStreamAddress: "localhost:15055"
    clientAddress: "localhost:15054"
    adminAddress: "localhost:15053"
    startupRole: FOLLOWER
  }
}
commitInfos {
  server {
    id: "s0"
    address: "localhost:15048"
    dataStreamAddress: "localhost:15051"
    clientAddress: "localhost:15050"
    adminAddress: "localhost:15049"
    startupRole: FOLLOWER
  }
}
commitInfos {
  server {
    id: "s2"
    address: "localhost:15056"
    dataStreamAddress: "localhost:15059"
    clientAddress: "localhost:15058"
    adminAddress: "localhost:15057"
    startupRole: FOLLOWER
  }
  commitIndex: 18446744073709551615
}
)
]]></system-out>
  </testcase>
  <testcase name="testAddListener" classname="org.apache.ratis.grpc.TestLeaderElectionWithGrpc" time="0">
    <skipped type="org.opentest4j.TestAbortedException"><![CDATA[org.opentest4j.TestAbortedException: Assumption failed: numLeaks 1 > 0
	at org.apache.ratis.BaseTest.setup(BaseTest.java:104)
	at java.lang.reflect.Method.invoke(Method.java:498)
	at java.util.ArrayList.forEach(ArrayList.java:1259)
	at java.util.ArrayList.forEach(ArrayList.java:1259)
]]></skipped>
    <system-out><![CDATA[2025-01-08 17:22:19,417 [main] INFO  util.LogUtils (Slf4jUtils.java:setLogLevel(38)) - Successfully set org.apache.ratis.conf.ConfUtils log level to WARN
2025-01-08 17:22:19,417 [main] INFO  util.LogUtils (Slf4jUtils.java:setLogLevel(38)) - Successfully set org.apache.ratis.util.FileUtils log level to TRACE
2025-01-08 17:22:19,417 [main] INFO  util.LogUtils (Slf4jUtils.java:setLogLevel(38)) - Successfully set org.apache.ratis.server.RaftServer$Division log level to DEBUG
2025-01-08 17:22:19,417 [main] INFO  util.LogUtils (Slf4jUtils.java:setLogLevel(38)) - Successfully set org.apache.ratis.client.RaftClient log level to DEBUG
2025-01-08 17:22:19,418 [main] WARN  util.ReferenceCountedLeakDetector (ReferenceCountedLeakDetector.java:logLeakMessage(167)) - LEAK: (class org.apache.ratis.proto.RaftProtos$AppendEntriesRequestProto, count=1, value=serverRequest {
  requestorId: "s1"
  replyId: "s2"
  raftGroupId {
    id: "\337\r\351\263e_I\n\273\200\300\030\223\ri."
  }
  callId: 274
}
leaderTerm: 1
entries {
  term: 1
  configurationEntry {
    peers {
      id: "s0"
      address: "localhost:15048"
      dataStreamAddress: "localhost:15051"
      clientAddress: "localhost:15050"
      adminAddress: "localhost:15049"
      startupRole: FOLLOWER
    }
    peers {
      id: "s1"
      address: "localhost:15052"
      dataStreamAddress: "localhost:15055"
      clientAddress: "localhost:15054"
      adminAddress: "localhost:15053"
      startupRole: FOLLOWER
    }
    peers {
      id: "s2"
      address: "localhost:15056"
      dataStreamAddress: "localhost:15059"
      clientAddress: "localhost:15058"
      adminAddress: "localhost:15057"
      startupRole: FOLLOWER
    }
  }
}
commitInfos {
  server {
    id: "s1"
    address: "localhost:15052"
    dataStreamAddress: "localhost:15055"
    clientAddress: "localhost:15054"
    adminAddress: "localhost:15053"
    startupRole: FOLLOWER
  }
}
commitInfos {
  server {
    id: "s0"
    address: "localhost:15048"
    dataStreamAddress: "localhost:15051"
    clientAddress: "localhost:15050"
    adminAddress: "localhost:15049"
    startupRole: FOLLOWER
  }
}
commitInfos {
  server {
    id: "s2"
    address: "localhost:15056"
    dataStreamAddress: "localhost:15059"
    clientAddress: "localhost:15058"
    adminAddress: "localhost:15057"
    startupRole: FOLLOWER
  }
  commitIndex: 18446744073709551615
}
)
]]></system-out>
  </testcase>
  <testcase name="testTransferLeaderTimeout" classname="org.apache.ratis.grpc.TestLeaderElectionWithGrpc" time="0">
    <skipped type="org.opentest4j.TestAbortedException"><![CDATA[org.opentest4j.TestAbortedException: Assumption failed: numLeaks 1 > 0
	at org.apache.ratis.BaseTest.setup(BaseTest.java:104)
	at java.lang.reflect.Method.invoke(Method.java:498)
	at java.util.ArrayList.forEach(ArrayList.java:1259)
	at java.util.ArrayList.forEach(ArrayList.java:1259)
]]></skipped>
    <system-out><![CDATA[2025-01-08 17:22:19,419 [main] INFO  util.LogUtils (Slf4jUtils.java:setLogLevel(38)) - Successfully set org.apache.ratis.conf.ConfUtils log level to WARN
2025-01-08 17:22:19,420 [main] INFO  util.LogUtils (Slf4jUtils.java:setLogLevel(38)) - Successfully set org.apache.ratis.util.FileUtils log level to TRACE
2025-01-08 17:22:19,420 [main] INFO  util.LogUtils (Slf4jUtils.java:setLogLevel(38)) - Successfully set org.apache.ratis.server.RaftServer$Division log level to DEBUG
2025-01-08 17:22:19,420 [main] INFO  util.LogUtils (Slf4jUtils.java:setLogLevel(38)) - Successfully set org.apache.ratis.client.RaftClient log level to DEBUG
2025-01-08 17:22:19,421 [main] WARN  util.ReferenceCountedLeakDetector (ReferenceCountedLeakDetector.java:logLeakMessage(167)) - LEAK: (class org.apache.ratis.proto.RaftProtos$AppendEntriesRequestProto, count=1, value=serverRequest {
  requestorId: "s1"
  replyId: "s2"
  raftGroupId {
    id: "\337\r\351\263e_I\n\273\200\300\030\223\ri."
  }
  callId: 274
}
leaderTerm: 1
entries {
  term: 1
  configurationEntry {
    peers {
      id: "s0"
      address: "localhost:15048"
      dataStreamAddress: "localhost:15051"
      clientAddress: "localhost:15050"
      adminAddress: "localhost:15049"
      startupRole: FOLLOWER
    }
    peers {
      id: "s1"
      address: "localhost:15052"
      dataStreamAddress: "localhost:15055"
      clientAddress: "localhost:15054"
      adminAddress: "localhost:15053"
      startupRole: FOLLOWER
    }
    peers {
      id: "s2"
      address: "localhost:15056"
      dataStreamAddress: "localhost:15059"
      clientAddress: "localhost:15058"
      adminAddress: "localhost:15057"
      startupRole: FOLLOWER
    }
  }
}
commitInfos {
  server {
    id: "s1"
    address: "localhost:15052"
    dataStreamAddress: "localhost:15055"
    clientAddress: "localhost:15054"
    adminAddress: "localhost:15053"
    startupRole: FOLLOWER
  }
}
commitInfos {
  server {
    id: "s0"
    address: "localhost:15048"
    dataStreamAddress: "localhost:15051"
    clientAddress: "localhost:15050"
    adminAddress: "localhost:15049"
    startupRole: FOLLOWER
  }
}
commitInfos {
  server {
    id: "s2"
    address: "localhost:15056"
    dataStreamAddress: "localhost:15059"
    clientAddress: "localhost:15058"
    adminAddress: "localhost:15057"
    startupRole: FOLLOWER
  }
  commitIndex: 18446744073709551615
}
)
]]></system-out>
  </testcase>
  <testcase name="testBasicLeaderElection" classname="org.apache.ratis.grpc.TestLeaderElectionWithGrpc" time="0">
    <skipped type="org.opentest4j.TestAbortedException"><![CDATA[org.opentest4j.TestAbortedException: Assumption failed: numLeaks 1 > 0
	at org.apache.ratis.BaseTest.setup(BaseTest.java:104)
	at java.lang.reflect.Method.invoke(Method.java:498)
	at java.util.ArrayList.forEach(ArrayList.java:1259)
	at java.util.ArrayList.forEach(ArrayList.java:1259)
]]></skipped>
    <system-out><![CDATA[2025-01-08 17:22:19,422 [main] INFO  util.LogUtils (Slf4jUtils.java:setLogLevel(38)) - Successfully set org.apache.ratis.conf.ConfUtils log level to WARN
2025-01-08 17:22:19,422 [main] INFO  util.LogUtils (Slf4jUtils.java:setLogLevel(38)) - Successfully set org.apache.ratis.util.FileUtils log level to TRACE
2025-01-08 17:22:19,423 [main] INFO  util.LogUtils (Slf4jUtils.java:setLogLevel(38)) - Successfully set org.apache.ratis.server.RaftServer$Division log level to DEBUG
2025-01-08 17:22:19,423 [main] INFO  util.LogUtils (Slf4jUtils.java:setLogLevel(38)) - Successfully set org.apache.ratis.client.RaftClient log level to DEBUG
2025-01-08 17:22:19,423 [main] WARN  util.ReferenceCountedLeakDetector (ReferenceCountedLeakDetector.java:logLeakMessage(167)) - LEAK: (class org.apache.ratis.proto.RaftProtos$AppendEntriesRequestProto, count=1, value=serverRequest {
  requestorId: "s1"
  replyId: "s2"
  raftGroupId {
    id: "\337\r\351\263e_I\n\273\200\300\030\223\ri."
  }
  callId: 274
}
leaderTerm: 1
entries {
  term: 1
  configurationEntry {
    peers {
      id: "s0"
      address: "localhost:15048"
      dataStreamAddress: "localhost:15051"
      clientAddress: "localhost:15050"
      adminAddress: "localhost:15049"
      startupRole: FOLLOWER
    }
    peers {
      id: "s1"
      address: "localhost:15052"
      dataStreamAddress: "localhost:15055"
      clientAddress: "localhost:15054"
      adminAddress: "localhost:15053"
      startupRole: FOLLOWER
    }
    peers {
      id: "s2"
      address: "localhost:15056"
      dataStreamAddress: "localhost:15059"
      clientAddress: "localhost:15058"
      adminAddress: "localhost:15057"
      startupRole: FOLLOWER
    }
  }
}
commitInfos {
  server {
    id: "s1"
    address: "localhost:15052"
    dataStreamAddress: "localhost:15055"
    clientAddress: "localhost:15054"
    adminAddress: "localhost:15053"
    startupRole: FOLLOWER
  }
}
commitInfos {
  server {
    id: "s0"
    address: "localhost:15048"
    dataStreamAddress: "localhost:15051"
    clientAddress: "localhost:15050"
    adminAddress: "localhost:15049"
    startupRole: FOLLOWER
  }
}
commitInfos {
  server {
    id: "s2"
    address: "localhost:15056"
    dataStreamAddress: "localhost:15059"
    clientAddress: "localhost:15058"
    adminAddress: "localhost:15057"
    startupRole: FOLLOWER
  }
  commitIndex: 18446744073709551615
}
)
]]></system-out>
  </testcase>
  <testcase name="testChangeFollowerToListener" classname="org.apache.ratis.grpc.TestLeaderElectionWithGrpc" time="0">
    <skipped type="org.opentest4j.TestAbortedException"><![CDATA[org.opentest4j.TestAbortedException: Assumption failed: numLeaks 1 > 0
	at org.apache.ratis.BaseTest.setup(BaseTest.java:104)
	at java.lang.reflect.Method.invoke(Method.java:498)
	at java.util.ArrayList.forEach(ArrayList.java:1259)
	at java.util.ArrayList.forEach(ArrayList.java:1259)
]]></skipped>
    <system-out><![CDATA[2025-01-08 17:22:19,425 [main] INFO  util.LogUtils (Slf4jUtils.java:setLogLevel(38)) - Successfully set org.apache.ratis.conf.ConfUtils log level to WARN
2025-01-08 17:22:19,425 [main] INFO  util.LogUtils (Slf4jUtils.java:setLogLevel(38)) - Successfully set org.apache.ratis.util.FileUtils log level to TRACE
2025-01-08 17:22:19,425 [main] INFO  util.LogUtils (Slf4jUtils.java:setLogLevel(38)) - Successfully set org.apache.ratis.server.RaftServer$Division log level to DEBUG
2025-01-08 17:22:19,425 [main] INFO  util.LogUtils (Slf4jUtils.java:setLogLevel(38)) - Successfully set org.apache.ratis.client.RaftClient log level to DEBUG
2025-01-08 17:22:19,426 [main] WARN  util.ReferenceCountedLeakDetector (ReferenceCountedLeakDetector.java:logLeakMessage(167)) - LEAK: (class org.apache.ratis.proto.RaftProtos$AppendEntriesRequestProto, count=1, value=serverRequest {
  requestorId: "s1"
  replyId: "s2"
  raftGroupId {
    id: "\337\r\351\263e_I\n\273\200\300\030\223\ri."
  }
  callId: 274
}
leaderTerm: 1
entries {
  term: 1
  configurationEntry {
    peers {
      id: "s0"
      address: "localhost:15048"
      dataStreamAddress: "localhost:15051"
      clientAddress: "localhost:15050"
      adminAddress: "localhost:15049"
      startupRole: FOLLOWER
    }
    peers {
      id: "s1"
      address: "localhost:15052"
      dataStreamAddress: "localhost:15055"
      clientAddress: "localhost:15054"
      adminAddress: "localhost:15053"
      startupRole: FOLLOWER
    }
    peers {
      id: "s2"
      address: "localhost:15056"
      dataStreamAddress: "localhost:15059"
      clientAddress: "localhost:15058"
      adminAddress: "localhost:15057"
      startupRole: FOLLOWER
    }
  }
}
commitInfos {
  server {
    id: "s1"
    address: "localhost:15052"
    dataStreamAddress: "localhost:15055"
    clientAddress: "localhost:15054"
    adminAddress: "localhost:15053"
    startupRole: FOLLOWER
  }
}
commitInfos {
  server {
    id: "s0"
    address: "localhost:15048"
    dataStreamAddress: "localhost:15051"
    clientAddress: "localhost:15050"
    adminAddress: "localhost:15049"
    startupRole: FOLLOWER
  }
}
commitInfos {
  server {
    id: "s2"
    address: "localhost:15056"
    dataStreamAddress: "localhost:15059"
    clientAddress: "localhost:15058"
    adminAddress: "localhost:15057"
    startupRole: FOLLOWER
  }
  commitIndex: 18446744073709551615
}
)
]]></system-out>
  </testcase>
  <testcase name="testTransferLeader" classname="org.apache.ratis.grpc.TestLeaderElectionWithGrpc" time="0">
    <skipped type="org.opentest4j.TestAbortedException"><![CDATA[org.opentest4j.TestAbortedException: Assumption failed: numLeaks 1 > 0
	at org.apache.ratis.BaseTest.setup(BaseTest.java:104)
	at java.lang.reflect.Method.invoke(Method.java:498)
	at java.util.ArrayList.forEach(ArrayList.java:1259)
	at java.util.ArrayList.forEach(ArrayList.java:1259)
]]></skipped>
    <system-out><![CDATA[2025-01-08 17:22:19,427 [main] INFO  util.LogUtils (Slf4jUtils.java:setLogLevel(38)) - Successfully set org.apache.ratis.conf.ConfUtils log level to WARN
2025-01-08 17:22:19,428 [main] INFO  util.LogUtils (Slf4jUtils.java:setLogLevel(38)) - Successfully set org.apache.ratis.util.FileUtils log level to TRACE
2025-01-08 17:22:19,428 [main] INFO  util.LogUtils (Slf4jUtils.java:setLogLevel(38)) - Successfully set org.apache.ratis.server.RaftServer$Division log level to DEBUG
2025-01-08 17:22:19,428 [main] INFO  util.LogUtils (Slf4jUtils.java:setLogLevel(38)) - Successfully set org.apache.ratis.client.RaftClient log level to DEBUG
2025-01-08 17:22:19,429 [main] WARN  util.ReferenceCountedLeakDetector (ReferenceCountedLeakDetector.java:logLeakMessage(167)) - LEAK: (class org.apache.ratis.proto.RaftProtos$AppendEntriesRequestProto, count=1, value=serverRequest {
  requestorId: "s1"
  replyId: "s2"
  raftGroupId {
    id: "\337\r\351\263e_I\n\273\200\300\030\223\ri."
  }
  callId: 274
}
leaderTerm: 1
entries {
  term: 1
  configurationEntry {
    peers {
      id: "s0"
      address: "localhost:15048"
      dataStreamAddress: "localhost:15051"
      clientAddress: "localhost:15050"
      adminAddress: "localhost:15049"
      startupRole: FOLLOWER
    }
    peers {
      id: "s1"
      address: "localhost:15052"
      dataStreamAddress: "localhost:15055"
      clientAddress: "localhost:15054"
      adminAddress: "localhost:15053"
      startupRole: FOLLOWER
    }
    peers {
      id: "s2"
      address: "localhost:15056"
      dataStreamAddress: "localhost:15059"
      clientAddress: "localhost:15058"
      adminAddress: "localhost:15057"
      startupRole: FOLLOWER
    }
  }
}
commitInfos {
  server {
    id: "s1"
    address: "localhost:15052"
    dataStreamAddress: "localhost:15055"
    clientAddress: "localhost:15054"
    adminAddress: "localhost:15053"
    startupRole: FOLLOWER
  }
}
commitInfos {
  server {
    id: "s0"
    address: "localhost:15048"
    dataStreamAddress: "localhost:15051"
    clientAddress: "localhost:15050"
    adminAddress: "localhost:15049"
    startupRole: FOLLOWER
  }
}
commitInfos {
  server {
    id: "s2"
    address: "localhost:15056"
    dataStreamAddress: "localhost:15059"
    clientAddress: "localhost:15058"
    adminAddress: "localhost:15057"
    startupRole: FOLLOWER
  }
  commitIndex: 18446744073709551615
}
)
]]></system-out>
  </testcase>
  <testcase name="testAddServerForWaitReady" classname="org.apache.ratis.grpc.TestLeaderElectionWithGrpc" time="0">
    <skipped type="org.opentest4j.TestAbortedException"><![CDATA[org.opentest4j.TestAbortedException: Assumption failed: numLeaks 1 > 0
	at org.apache.ratis.BaseTest.setup(BaseTest.java:104)
	at java.lang.reflect.Method.invoke(Method.java:498)
	at java.util.ArrayList.forEach(ArrayList.java:1259)
	at java.util.ArrayList.forEach(ArrayList.java:1259)
]]></skipped>
    <system-out><![CDATA[2025-01-08 17:22:19,430 [main] INFO  util.LogUtils (Slf4jUtils.java:setLogLevel(38)) - Successfully set org.apache.ratis.conf.ConfUtils log level to WARN
2025-01-08 17:22:19,430 [main] INFO  util.LogUtils (Slf4jUtils.java:setLogLevel(38)) - Successfully set org.apache.ratis.util.FileUtils log level to TRACE
2025-01-08 17:22:19,430 [main] INFO  util.LogUtils (Slf4jUtils.java:setLogLevel(38)) - Successfully set org.apache.ratis.server.RaftServer$Division log level to DEBUG
2025-01-08 17:22:19,431 [main] INFO  util.LogUtils (Slf4jUtils.java:setLogLevel(38)) - Successfully set org.apache.ratis.client.RaftClient log level to DEBUG
2025-01-08 17:22:19,431 [main] WARN  util.ReferenceCountedLeakDetector (ReferenceCountedLeakDetector.java:logLeakMessage(167)) - LEAK: (class org.apache.ratis.proto.RaftProtos$AppendEntriesRequestProto, count=1, value=serverRequest {
  requestorId: "s1"
  replyId: "s2"
  raftGroupId {
    id: "\337\r\351\263e_I\n\273\200\300\030\223\ri."
  }
  callId: 274
}
leaderTerm: 1
entries {
  term: 1
  configurationEntry {
    peers {
      id: "s0"
      address: "localhost:15048"
      dataStreamAddress: "localhost:15051"
      clientAddress: "localhost:15050"
      adminAddress: "localhost:15049"
      startupRole: FOLLOWER
    }
    peers {
      id: "s1"
      address: "localhost:15052"
      dataStreamAddress: "localhost:15055"
      clientAddress: "localhost:15054"
      adminAddress: "localhost:15053"
      startupRole: FOLLOWER
    }
    peers {
      id: "s2"
      address: "localhost:15056"
      dataStreamAddress: "localhost:15059"
      clientAddress: "localhost:15058"
      adminAddress: "localhost:15057"
      startupRole: FOLLOWER
    }
  }
}
commitInfos {
  server {
    id: "s1"
    address: "localhost:15052"
    dataStreamAddress: "localhost:15055"
    clientAddress: "localhost:15054"
    adminAddress: "localhost:15053"
    startupRole: FOLLOWER
  }
}
commitInfos {
  server {
    id: "s0"
    address: "localhost:15048"
    dataStreamAddress: "localhost:15051"
    clientAddress: "localhost:15050"
    adminAddress: "localhost:15049"
    startupRole: FOLLOWER
  }
}
commitInfos {
  server {
    id: "s2"
    address: "localhost:15056"
    dataStreamAddress: "localhost:15059"
    clientAddress: "localhost:15058"
    adminAddress: "localhost:15057"
    startupRole: FOLLOWER
  }
  commitIndex: 18446744073709551615
}
)
]]></system-out>
  </testcase>
  <testcase name="testPauseResumeLeaderElection" classname="org.apache.ratis.grpc.TestLeaderElectionWithGrpc" time="0">
    <skipped type="org.opentest4j.TestAbortedException"><![CDATA[org.opentest4j.TestAbortedException: Assumption failed: numLeaks 1 > 0
	at org.apache.ratis.BaseTest.setup(BaseTest.java:104)
	at java.lang.reflect.Method.invoke(Method.java:498)
	at java.util.ArrayList.forEach(ArrayList.java:1259)
	at java.util.ArrayList.forEach(ArrayList.java:1259)
]]></skipped>
    <system-out><![CDATA[2025-01-08 17:22:19,432 [main] INFO  util.LogUtils (Slf4jUtils.java:setLogLevel(38)) - Successfully set org.apache.ratis.conf.ConfUtils log level to WARN
2025-01-08 17:22:19,432 [main] INFO  util.LogUtils (Slf4jUtils.java:setLogLevel(38)) - Successfully set org.apache.ratis.util.FileUtils log level to TRACE
2025-01-08 17:22:19,432 [main] INFO  util.LogUtils (Slf4jUtils.java:setLogLevel(38)) - Successfully set org.apache.ratis.server.RaftServer$Division log level to DEBUG
2025-01-08 17:22:19,432 [main] INFO  util.LogUtils (Slf4jUtils.java:setLogLevel(38)) - Successfully set org.apache.ratis.client.RaftClient log level to DEBUG
2025-01-08 17:22:19,433 [main] WARN  util.ReferenceCountedLeakDetector (ReferenceCountedLeakDetector.java:logLeakMessage(167)) - LEAK: (class org.apache.ratis.proto.RaftProtos$AppendEntriesRequestProto, count=1, value=serverRequest {
  requestorId: "s1"
  replyId: "s2"
  raftGroupId {
    id: "\337\r\351\263e_I\n\273\200\300\030\223\ri."
  }
  callId: 274
}
leaderTerm: 1
entries {
  term: 1
  configurationEntry {
    peers {
      id: "s0"
      address: "localhost:15048"
      dataStreamAddress: "localhost:15051"
      clientAddress: "localhost:15050"
      adminAddress: "localhost:15049"
      startupRole: FOLLOWER
    }
    peers {
      id: "s1"
      address: "localhost:15052"
      dataStreamAddress: "localhost:15055"
      clientAddress: "localhost:15054"
      adminAddress: "localhost:15053"
      startupRole: FOLLOWER
    }
    peers {
      id: "s2"
      address: "localhost:15056"
      dataStreamAddress: "localhost:15059"
      clientAddress: "localhost:15058"
      adminAddress: "localhost:15057"
      startupRole: FOLLOWER
    }
  }
}
commitInfos {
  server {
    id: "s1"
    address: "localhost:15052"
    dataStreamAddress: "localhost:15055"
    clientAddress: "localhost:15054"
    adminAddress: "localhost:15053"
    startupRole: FOLLOWER
  }
}
commitInfos {
  server {
    id: "s0"
    address: "localhost:15048"
    dataStreamAddress: "localhost:15051"
    clientAddress: "localhost:15050"
    adminAddress: "localhost:15049"
    startupRole: FOLLOWER
  }
}
commitInfos {
  server {
    id: "s2"
    address: "localhost:15056"
    dataStreamAddress: "localhost:15059"
    clientAddress: "localhost:15058"
    adminAddress: "localhost:15057"
    startupRole: FOLLOWER
  }
  commitIndex: 18446744073709551615
}
)
]]></system-out>
  </testcase>
  <testcase name="testYieldLeaderToHigherPriority" classname="org.apache.ratis.grpc.TestLeaderElectionWithGrpc" time="0">
    <skipped type="org.opentest4j.TestAbortedException"><![CDATA[org.opentest4j.TestAbortedException: Assumption failed: numLeaks 1 > 0
	at org.apache.ratis.BaseTest.setup(BaseTest.java:104)
	at java.lang.reflect.Method.invoke(Method.java:498)
	at java.util.ArrayList.forEach(ArrayList.java:1259)
	at java.util.ArrayList.forEach(ArrayList.java:1259)
]]></skipped>
    <system-out><![CDATA[2025-01-08 17:22:19,435 [main] INFO  util.LogUtils (Slf4jUtils.java:setLogLevel(38)) - Successfully set org.apache.ratis.conf.ConfUtils log level to WARN
2025-01-08 17:22:19,435 [main] INFO  util.LogUtils (Slf4jUtils.java:setLogLevel(38)) - Successfully set org.apache.ratis.util.FileUtils log level to TRACE
2025-01-08 17:22:19,436 [main] INFO  util.LogUtils (Slf4jUtils.java:setLogLevel(38)) - Successfully set org.apache.ratis.server.RaftServer$Division log level to DEBUG
2025-01-08 17:22:19,436 [main] INFO  util.LogUtils (Slf4jUtils.java:setLogLevel(38)) - Successfully set org.apache.ratis.client.RaftClient log level to DEBUG
2025-01-08 17:22:19,437 [main] WARN  util.ReferenceCountedLeakDetector (ReferenceCountedLeakDetector.java:logLeakMessage(167)) - LEAK: (class org.apache.ratis.proto.RaftProtos$AppendEntriesRequestProto, count=1, value=serverRequest {
  requestorId: "s1"
  replyId: "s2"
  raftGroupId {
    id: "\337\r\351\263e_I\n\273\200\300\030\223\ri."
  }
  callId: 274
}
leaderTerm: 1
entries {
  term: 1
  configurationEntry {
    peers {
      id: "s0"
      address: "localhost:15048"
      dataStreamAddress: "localhost:15051"
      clientAddress: "localhost:15050"
      adminAddress: "localhost:15049"
      startupRole: FOLLOWER
    }
    peers {
      id: "s1"
      address: "localhost:15052"
      dataStreamAddress: "localhost:15055"
      clientAddress: "localhost:15054"
      adminAddress: "localhost:15053"
      startupRole: FOLLOWER
    }
    peers {
      id: "s2"
      address: "localhost:15056"
      dataStreamAddress: "localhost:15059"
      clientAddress: "localhost:15058"
      adminAddress: "localhost:15057"
      startupRole: FOLLOWER
    }
  }
}
commitInfos {
  server {
    id: "s1"
    address: "localhost:15052"
    dataStreamAddress: "localhost:15055"
    clientAddress: "localhost:15054"
    adminAddress: "localhost:15053"
    startupRole: FOLLOWER
  }
}
commitInfos {
  server {
    id: "s0"
    address: "localhost:15048"
    dataStreamAddress: "localhost:15051"
    clientAddress: "localhost:15050"
    adminAddress: "localhost:15049"
    startupRole: FOLLOWER
  }
}
commitInfos {
  server {
    id: "s2"
    address: "localhost:15056"
    dataStreamAddress: "localhost:15059"
    clientAddress: "localhost:15058"
    adminAddress: "localhost:15057"
    startupRole: FOLLOWER
  }
  commitIndex: 18446744073709551615
}
)
]]></system-out>
  </testcase>
  <testcase name="testLeaderLeaseDuringReconfiguration" classname="org.apache.ratis.grpc.TestLeaderElectionWithGrpc" time="0">
    <skipped type="org.opentest4j.TestAbortedException"><![CDATA[org.opentest4j.TestAbortedException: Assumption failed: numLeaks 1 > 0
	at org.apache.ratis.BaseTest.setup(BaseTest.java:104)
	at java.lang.reflect.Method.invoke(Method.java:498)
	at java.util.ArrayList.forEach(ArrayList.java:1259)
	at java.util.ArrayList.forEach(ArrayList.java:1259)
]]></skipped>
    <system-out><![CDATA[2025-01-08 17:22:19,438 [main] INFO  util.LogUtils (Slf4jUtils.java:setLogLevel(38)) - Successfully set org.apache.ratis.conf.ConfUtils log level to WARN
2025-01-08 17:22:19,438 [main] INFO  util.LogUtils (Slf4jUtils.java:setLogLevel(38)) - Successfully set org.apache.ratis.util.FileUtils log level to TRACE
2025-01-08 17:22:19,438 [main] INFO  util.LogUtils (Slf4jUtils.java:setLogLevel(38)) - Successfully set org.apache.ratis.server.RaftServer$Division log level to DEBUG
2025-01-08 17:22:19,438 [main] INFO  util.LogUtils (Slf4jUtils.java:setLogLevel(38)) - Successfully set org.apache.ratis.client.RaftClient log level to DEBUG
2025-01-08 17:22:19,439 [main] WARN  util.ReferenceCountedLeakDetector (ReferenceCountedLeakDetector.java:logLeakMessage(167)) - LEAK: (class org.apache.ratis.proto.RaftProtos$AppendEntriesRequestProto, count=1, value=serverRequest {
  requestorId: "s1"
  replyId: "s2"
  raftGroupId {
    id: "\337\r\351\263e_I\n\273\200\300\030\223\ri."
  }
  callId: 274
}
leaderTerm: 1
entries {
  term: 1
  configurationEntry {
    peers {
      id: "s0"
      address: "localhost:15048"
      dataStreamAddress: "localhost:15051"
      clientAddress: "localhost:15050"
      adminAddress: "localhost:15049"
      startupRole: FOLLOWER
    }
    peers {
      id: "s1"
      address: "localhost:15052"
      dataStreamAddress: "localhost:15055"
      clientAddress: "localhost:15054"
      adminAddress: "localhost:15053"
      startupRole: FOLLOWER
    }
    peers {
      id: "s2"
      address: "localhost:15056"
      dataStreamAddress: "localhost:15059"
      clientAddress: "localhost:15058"
      adminAddress: "localhost:15057"
      startupRole: FOLLOWER
    }
  }
}
commitInfos {
  server {
    id: "s1"
    address: "localhost:15052"
    dataStreamAddress: "localhost:15055"
    clientAddress: "localhost:15054"
    adminAddress: "localhost:15053"
    startupRole: FOLLOWER
  }
}
commitInfos {
  server {
    id: "s0"
    address: "localhost:15048"
    dataStreamAddress: "localhost:15051"
    clientAddress: "localhost:15050"
    adminAddress: "localhost:15049"
    startupRole: FOLLOWER
  }
}
commitInfos {
  server {
    id: "s2"
    address: "localhost:15056"
    dataStreamAddress: "localhost:15059"
    clientAddress: "localhost:15058"
    adminAddress: "localhost:15057"
    startupRole: FOLLOWER
  }
  commitIndex: 18446744073709551615
}
)
]]></system-out>
  </testcase>
  <testcase name="testChangeLeader" classname="org.apache.ratis.grpc.TestLeaderElectionWithGrpc" time="0">
    <skipped type="org.opentest4j.TestAbortedException"><![CDATA[org.opentest4j.TestAbortedException: Assumption failed: numLeaks 1 > 0
	at org.apache.ratis.BaseTest.setup(BaseTest.java:104)
	at java.lang.reflect.Method.invoke(Method.java:498)
	at java.util.ArrayList.forEach(ArrayList.java:1259)
	at java.util.ArrayList.forEach(ArrayList.java:1259)
]]></skipped>
    <system-out><![CDATA[2025-01-08 17:22:19,440 [main] INFO  util.LogUtils (Slf4jUtils.java:setLogLevel(38)) - Successfully set org.apache.ratis.conf.ConfUtils log level to WARN
2025-01-08 17:22:19,440 [main] INFO  util.LogUtils (Slf4jUtils.java:setLogLevel(38)) - Successfully set org.apache.ratis.util.FileUtils log level to TRACE
2025-01-08 17:22:19,441 [main] INFO  util.LogUtils (Slf4jUtils.java:setLogLevel(38)) - Successfully set org.apache.ratis.server.RaftServer$Division log level to DEBUG
2025-01-08 17:22:19,441 [main] INFO  util.LogUtils (Slf4jUtils.java:setLogLevel(38)) - Successfully set org.apache.ratis.client.RaftClient log level to DEBUG
2025-01-08 17:22:19,442 [main] WARN  util.ReferenceCountedLeakDetector (ReferenceCountedLeakDetector.java:logLeakMessage(167)) - LEAK: (class org.apache.ratis.proto.RaftProtos$AppendEntriesRequestProto, count=1, value=serverRequest {
  requestorId: "s1"
  replyId: "s2"
  raftGroupId {
    id: "\337\r\351\263e_I\n\273\200\300\030\223\ri."
  }
  callId: 274
}
leaderTerm: 1
entries {
  term: 1
  configurationEntry {
    peers {
      id: "s0"
      address: "localhost:15048"
      dataStreamAddress: "localhost:15051"
      clientAddress: "localhost:15050"
      adminAddress: "localhost:15049"
      startupRole: FOLLOWER
    }
    peers {
      id: "s1"
      address: "localhost:15052"
      dataStreamAddress: "localhost:15055"
      clientAddress: "localhost:15054"
      adminAddress: "localhost:15053"
      startupRole: FOLLOWER
    }
    peers {
      id: "s2"
      address: "localhost:15056"
      dataStreamAddress: "localhost:15059"
      clientAddress: "localhost:15058"
      adminAddress: "localhost:15057"
      startupRole: FOLLOWER
    }
  }
}
commitInfos {
  server {
    id: "s1"
    address: "localhost:15052"
    dataStreamAddress: "localhost:15055"
    clientAddress: "localhost:15054"
    adminAddress: "localhost:15053"
    startupRole: FOLLOWER
  }
}
commitInfos {
  server {
    id: "s0"
    address: "localhost:15048"
    dataStreamAddress: "localhost:15051"
    clientAddress: "localhost:15050"
    adminAddress: "localhost:15049"
    startupRole: FOLLOWER
  }
}
commitInfos {
  server {
    id: "s2"
    address: "localhost:15056"
    dataStreamAddress: "localhost:15059"
    clientAddress: "localhost:15058"
    adminAddress: "localhost:15057"
    startupRole: FOLLOWER
  }
  commitIndex: 18446744073709551615
}
)
]]></system-out>
  </testcase>
  <testcase name="testChangeListenerToFollower" classname="org.apache.ratis.grpc.TestLeaderElectionWithGrpc" time="0">
    <skipped type="org.opentest4j.TestAbortedException"><![CDATA[org.opentest4j.TestAbortedException: Assumption failed: numLeaks 1 > 0
	at org.apache.ratis.BaseTest.setup(BaseTest.java:104)
	at java.lang.reflect.Method.invoke(Method.java:498)
	at java.util.ArrayList.forEach(ArrayList.java:1259)
	at java.util.ArrayList.forEach(ArrayList.java:1259)
]]></skipped>
    <system-out><![CDATA[2025-01-08 17:22:19,443 [main] INFO  util.LogUtils (Slf4jUtils.java:setLogLevel(38)) - Successfully set org.apache.ratis.conf.ConfUtils log level to WARN
2025-01-08 17:22:19,443 [main] INFO  util.LogUtils (Slf4jUtils.java:setLogLevel(38)) - Successfully set org.apache.ratis.util.FileUtils log level to TRACE
2025-01-08 17:22:19,443 [main] INFO  util.LogUtils (Slf4jUtils.java:setLogLevel(38)) - Successfully set org.apache.ratis.server.RaftServer$Division log level to DEBUG
2025-01-08 17:22:19,444 [main] INFO  util.LogUtils (Slf4jUtils.java:setLogLevel(38)) - Successfully set org.apache.ratis.client.RaftClient log level to DEBUG
2025-01-08 17:22:19,444 [main] WARN  util.ReferenceCountedLeakDetector (ReferenceCountedLeakDetector.java:logLeakMessage(167)) - LEAK: (class org.apache.ratis.proto.RaftProtos$AppendEntriesRequestProto, count=1, value=serverRequest {
  requestorId: "s1"
  replyId: "s2"
  raftGroupId {
    id: "\337\r\351\263e_I\n\273\200\300\030\223\ri."
  }
  callId: 274
}
leaderTerm: 1
entries {
  term: 1
  configurationEntry {
    peers {
      id: "s0"
      address: "localhost:15048"
      dataStreamAddress: "localhost:15051"
      clientAddress: "localhost:15050"
      adminAddress: "localhost:15049"
      startupRole: FOLLOWER
    }
    peers {
      id: "s1"
      address: "localhost:15052"
      dataStreamAddress: "localhost:15055"
      clientAddress: "localhost:15054"
      adminAddress: "localhost:15053"
      startupRole: FOLLOWER
    }
    peers {
      id: "s2"
      address: "localhost:15056"
      dataStreamAddress: "localhost:15059"
      clientAddress: "localhost:15058"
      adminAddress: "localhost:15057"
      startupRole: FOLLOWER
    }
  }
}
commitInfos {
  server {
    id: "s1"
    address: "localhost:15052"
    dataStreamAddress: "localhost:15055"
    clientAddress: "localhost:15054"
    adminAddress: "localhost:15053"
    startupRole: FOLLOWER
  }
}
commitInfos {
  server {
    id: "s0"
    address: "localhost:15048"
    dataStreamAddress: "localhost:15051"
    clientAddress: "localhost:15050"
    adminAddress: "localhost:15049"
    startupRole: FOLLOWER
  }
}
commitInfos {
  server {
    id: "s2"
    address: "localhost:15056"
    dataStreamAddress: "localhost:15059"
    clientAddress: "localhost:15058"
    adminAddress: "localhost:15057"
    startupRole: FOLLOWER
  }
  commitIndex: 18446744073709551615
}
)
]]></system-out>
  </testcase>
  <testcase name="testShutdownBeforeStart" classname="org.apache.ratis.grpc.TestLeaderElectionWithGrpc" time="0">
    <skipped type="org.opentest4j.TestAbortedException"><![CDATA[org.opentest4j.TestAbortedException: Assumption failed: numLeaks 1 > 0
	at org.apache.ratis.BaseTest.setup(BaseTest.java:104)
	at java.lang.reflect.Method.invoke(Method.java:498)
	at java.util.ArrayList.forEach(ArrayList.java:1259)
	at java.util.ArrayList.forEach(ArrayList.java:1259)
]]></skipped>
    <system-out><![CDATA[2025-01-08 17:22:19,445 [main] INFO  util.LogUtils (Slf4jUtils.java:setLogLevel(38)) - Successfully set org.apache.ratis.conf.ConfUtils log level to WARN
2025-01-08 17:22:19,446 [main] INFO  util.LogUtils (Slf4jUtils.java:setLogLevel(38)) - Successfully set org.apache.ratis.util.FileUtils log level to TRACE
2025-01-08 17:22:19,446 [main] INFO  util.LogUtils (Slf4jUtils.java:setLogLevel(38)) - Successfully set org.apache.ratis.server.RaftServer$Division log level to DEBUG
2025-01-08 17:22:19,446 [main] INFO  util.LogUtils (Slf4jUtils.java:setLogLevel(38)) - Successfully set org.apache.ratis.client.RaftClient log level to DEBUG
2025-01-08 17:22:19,446 [main] WARN  util.ReferenceCountedLeakDetector (ReferenceCountedLeakDetector.java:logLeakMessage(167)) - LEAK: (class org.apache.ratis.proto.RaftProtos$AppendEntriesRequestProto, count=1, value=serverRequest {
  requestorId: "s1"
  replyId: "s2"
  raftGroupId {
    id: "\337\r\351\263e_I\n\273\200\300\030\223\ri."
  }
  callId: 274
}
leaderTerm: 1
entries {
  term: 1
  configurationEntry {
    peers {
      id: "s0"
      address: "localhost:15048"
      dataStreamAddress: "localhost:15051"
      clientAddress: "localhost:15050"
      adminAddress: "localhost:15049"
      startupRole: FOLLOWER
    }
    peers {
      id: "s1"
      address: "localhost:15052"
      dataStreamAddress: "localhost:15055"
      clientAddress: "localhost:15054"
      adminAddress: "localhost:15053"
      startupRole: FOLLOWER
    }
    peers {
      id: "s2"
      address: "localhost:15056"
      dataStreamAddress: "localhost:15059"
      clientAddress: "localhost:15058"
      adminAddress: "localhost:15057"
      startupRole: FOLLOWER
    }
  }
}
commitInfos {
  server {
    id: "s1"
    address: "localhost:15052"
    dataStreamAddress: "localhost:15055"
    clientAddress: "localhost:15054"
    adminAddress: "localhost:15053"
    startupRole: FOLLOWER
  }
}
commitInfos {
  server {
    id: "s0"
    address: "localhost:15048"
    dataStreamAddress: "localhost:15051"
    clientAddress: "localhost:15050"
    adminAddress: "localhost:15049"
    startupRole: FOLLOWER
  }
}
commitInfos {
  server {
    id: "s2"
    address: "localhost:15056"
    dataStreamAddress: "localhost:15059"
    clientAddress: "localhost:15058"
    adminAddress: "localhost:15057"
    startupRole: FOLLOWER
  }
  commitIndex: 18446744073709551615
}
)
]]></system-out>
  </testcase>
  <testcase name="testLeaderLease" classname="org.apache.ratis.grpc.TestLeaderElectionWithGrpc" time="0">
    <skipped type="org.opentest4j.TestAbortedException"><![CDATA[org.opentest4j.TestAbortedException: Assumption failed: numLeaks 1 > 0
	at org.apache.ratis.BaseTest.setup(BaseTest.java:104)
	at java.lang.reflect.Method.invoke(Method.java:498)
	at java.util.ArrayList.forEach(ArrayList.java:1259)
	at java.util.ArrayList.forEach(ArrayList.java:1259)
]]></skipped>
    <system-out><![CDATA[2025-01-08 17:22:19,447 [main] INFO  util.LogUtils (Slf4jUtils.java:setLogLevel(38)) - Successfully set org.apache.ratis.conf.ConfUtils log level to WARN
2025-01-08 17:22:19,447 [main] INFO  util.LogUtils (Slf4jUtils.java:setLogLevel(38)) - Successfully set org.apache.ratis.util.FileUtils log level to TRACE
2025-01-08 17:22:19,447 [main] INFO  util.LogUtils (Slf4jUtils.java:setLogLevel(38)) - Successfully set org.apache.ratis.server.RaftServer$Division log level to DEBUG
2025-01-08 17:22:19,448 [main] INFO  util.LogUtils (Slf4jUtils.java:setLogLevel(38)) - Successfully set org.apache.ratis.client.RaftClient log level to DEBUG
2025-01-08 17:22:19,448 [main] WARN  util.ReferenceCountedLeakDetector (ReferenceCountedLeakDetector.java:logLeakMessage(167)) - LEAK: (class org.apache.ratis.proto.RaftProtos$AppendEntriesRequestProto, count=1, value=serverRequest {
  requestorId: "s1"
  replyId: "s2"
  raftGroupId {
    id: "\337\r\351\263e_I\n\273\200\300\030\223\ri."
  }
  callId: 274
}
leaderTerm: 1
entries {
  term: 1
  configurationEntry {
    peers {
      id: "s0"
      address: "localhost:15048"
      dataStreamAddress: "localhost:15051"
      clientAddress: "localhost:15050"
      adminAddress: "localhost:15049"
      startupRole: FOLLOWER
    }
    peers {
      id: "s1"
      address: "localhost:15052"
      dataStreamAddress: "localhost:15055"
      clientAddress: "localhost:15054"
      adminAddress: "localhost:15053"
      startupRole: FOLLOWER
    }
    peers {
      id: "s2"
      address: "localhost:15056"
      dataStreamAddress: "localhost:15059"
      clientAddress: "localhost:15058"
      adminAddress: "localhost:15057"
      startupRole: FOLLOWER
    }
  }
}
commitInfos {
  server {
    id: "s1"
    address: "localhost:15052"
    dataStreamAddress: "localhost:15055"
    clientAddress: "localhost:15054"
    adminAddress: "localhost:15053"
    startupRole: FOLLOWER
  }
}
commitInfos {
  server {
    id: "s0"
    address: "localhost:15048"
    dataStreamAddress: "localhost:15051"
    clientAddress: "localhost:15050"
    adminAddress: "localhost:15049"
    startupRole: FOLLOWER
  }
}
commitInfos {
  server {
    id: "s2"
    address: "localhost:15056"
    dataStreamAddress: "localhost:15059"
    clientAddress: "localhost:15058"
    adminAddress: "localhost:15057"
    startupRole: FOLLOWER
  }
  commitIndex: 18446744073709551615
}
)
]]></system-out>
  </testcase>
  <testcase name="testLeaderNotCountListenerForMajority" classname="org.apache.ratis.grpc.TestLeaderElectionWithGrpc" time="0">
    <skipped type="org.opentest4j.TestAbortedException"><![CDATA[org.opentest4j.TestAbortedException: Assumption failed: numLeaks 1 > 0
	at org.apache.ratis.BaseTest.setup(BaseTest.java:104)
	at java.lang.reflect.Method.invoke(Method.java:498)
	at java.util.ArrayList.forEach(ArrayList.java:1259)
	at java.util.ArrayList.forEach(ArrayList.java:1259)
]]></skipped>
    <system-out><![CDATA[2025-01-08 17:22:19,449 [main] INFO  util.LogUtils (Slf4jUtils.java:setLogLevel(38)) - Successfully set org.apache.ratis.conf.ConfUtils log level to WARN
2025-01-08 17:22:19,449 [main] INFO  util.LogUtils (Slf4jUtils.java:setLogLevel(38)) - Successfully set org.apache.ratis.util.FileUtils log level to TRACE
2025-01-08 17:22:19,449 [main] INFO  util.LogUtils (Slf4jUtils.java:setLogLevel(38)) - Successfully set org.apache.ratis.server.RaftServer$Division log level to DEBUG
2025-01-08 17:22:19,449 [main] INFO  util.LogUtils (Slf4jUtils.java:setLogLevel(38)) - Successfully set org.apache.ratis.client.RaftClient log level to DEBUG
2025-01-08 17:22:19,450 [main] WARN  util.ReferenceCountedLeakDetector (ReferenceCountedLeakDetector.java:logLeakMessage(167)) - LEAK: (class org.apache.ratis.proto.RaftProtos$AppendEntriesRequestProto, count=1, value=serverRequest {
  requestorId: "s1"
  replyId: "s2"
  raftGroupId {
    id: "\337\r\351\263e_I\n\273\200\300\030\223\ri."
  }
  callId: 274
}
leaderTerm: 1
entries {
  term: 1
  configurationEntry {
    peers {
      id: "s0"
      address: "localhost:15048"
      dataStreamAddress: "localhost:15051"
      clientAddress: "localhost:15050"
      adminAddress: "localhost:15049"
      startupRole: FOLLOWER
    }
    peers {
      id: "s1"
      address: "localhost:15052"
      dataStreamAddress: "localhost:15055"
      clientAddress: "localhost:15054"
      adminAddress: "localhost:15053"
      startupRole: FOLLOWER
    }
    peers {
      id: "s2"
      address: "localhost:15056"
      dataStreamAddress: "localhost:15059"
      clientAddress: "localhost:15058"
      adminAddress: "localhost:15057"
      startupRole: FOLLOWER
    }
  }
}
commitInfos {
  server {
    id: "s1"
    address: "localhost:15052"
    dataStreamAddress: "localhost:15055"
    clientAddress: "localhost:15054"
    adminAddress: "localhost:15053"
    startupRole: FOLLOWER
  }
}
commitInfos {
  server {
    id: "s0"
    address: "localhost:15048"
    dataStreamAddress: "localhost:15051"
    clientAddress: "localhost:15050"
    adminAddress: "localhost:15049"
    startupRole: FOLLOWER
  }
}
commitInfos {
  server {
    id: "s2"
    address: "localhost:15056"
    dataStreamAddress: "localhost:15059"
    clientAddress: "localhost:15058"
    adminAddress: "localhost:15057"
    startupRole: FOLLOWER
  }
  commitIndex: 18446744073709551615
}
)
]]></system-out>
  </testcase>
  <testcase name="testImmediatelyRevertedToFollower" classname="org.apache.ratis.grpc.TestLeaderElectionWithGrpc" time="0">
    <skipped type="org.opentest4j.TestAbortedException"><![CDATA[org.opentest4j.TestAbortedException: Assumption failed: numLeaks 1 > 0
	at org.apache.ratis.BaseTest.setup(BaseTest.java:104)
	at java.lang.reflect.Method.invoke(Method.java:498)
	at java.util.ArrayList.forEach(ArrayList.java:1259)
	at java.util.ArrayList.forEach(ArrayList.java:1259)
]]></skipped>
    <system-out><![CDATA[2025-01-08 17:22:19,451 [main] INFO  util.LogUtils (Slf4jUtils.java:setLogLevel(38)) - Successfully set org.apache.ratis.conf.ConfUtils log level to WARN
2025-01-08 17:22:19,451 [main] INFO  util.LogUtils (Slf4jUtils.java:setLogLevel(38)) - Successfully set org.apache.ratis.util.FileUtils log level to TRACE
2025-01-08 17:22:19,452 [main] INFO  util.LogUtils (Slf4jUtils.java:setLogLevel(38)) - Successfully set org.apache.ratis.server.RaftServer$Division log level to DEBUG
2025-01-08 17:22:19,452 [main] INFO  util.LogUtils (Slf4jUtils.java:setLogLevel(38)) - Successfully set org.apache.ratis.client.RaftClient log level to DEBUG
2025-01-08 17:22:19,452 [main] WARN  util.ReferenceCountedLeakDetector (ReferenceCountedLeakDetector.java:logLeakMessage(167)) - LEAK: (class org.apache.ratis.proto.RaftProtos$AppendEntriesRequestProto, count=1, value=serverRequest {
  requestorId: "s1"
  replyId: "s2"
  raftGroupId {
    id: "\337\r\351\263e_I\n\273\200\300\030\223\ri."
  }
  callId: 274
}
leaderTerm: 1
entries {
  term: 1
  configurationEntry {
    peers {
      id: "s0"
      address: "localhost:15048"
      dataStreamAddress: "localhost:15051"
      clientAddress: "localhost:15050"
      adminAddress: "localhost:15049"
      startupRole: FOLLOWER
    }
    peers {
      id: "s1"
      address: "localhost:15052"
      dataStreamAddress: "localhost:15055"
      clientAddress: "localhost:15054"
      adminAddress: "localhost:15053"
      startupRole: FOLLOWER
    }
    peers {
      id: "s2"
      address: "localhost:15056"
      dataStreamAddress: "localhost:15059"
      clientAddress: "localhost:15058"
      adminAddress: "localhost:15057"
      startupRole: FOLLOWER
    }
  }
}
commitInfos {
  server {
    id: "s1"
    address: "localhost:15052"
    dataStreamAddress: "localhost:15055"
    clientAddress: "localhost:15054"
    adminAddress: "localhost:15053"
    startupRole: FOLLOWER
  }
}
commitInfos {
  server {
    id: "s0"
    address: "localhost:15048"
    dataStreamAddress: "localhost:15051"
    clientAddress: "localhost:15050"
    adminAddress: "localhost:15049"
    startupRole: FOLLOWER
  }
}
commitInfos {
  server {
    id: "s2"
    address: "localhost:15056"
    dataStreamAddress: "localhost:15059"
    clientAddress: "localhost:15058"
    adminAddress: "localhost:15057"
    startupRole: FOLLOWER
  }
  commitIndex: 18446744073709551615
}
)
]]></system-out>
  </testcase>
  <testcase name="testLeaderElectionMetrics" classname="org.apache.ratis.grpc.TestLeaderElectionWithGrpc" time="0">
    <skipped type="org.opentest4j.TestAbortedException"><![CDATA[org.opentest4j.TestAbortedException: Assumption failed: numLeaks 1 > 0
	at org.apache.ratis.BaseTest.setup(BaseTest.java:104)
	at java.lang.reflect.Method.invoke(Method.java:498)
	at java.util.ArrayList.forEach(ArrayList.java:1259)
	at java.util.ArrayList.forEach(ArrayList.java:1259)
]]></skipped>
    <system-out><![CDATA[2025-01-08 17:22:19,454 [main] INFO  util.LogUtils (Slf4jUtils.java:setLogLevel(38)) - Successfully set org.apache.ratis.conf.ConfUtils log level to WARN
2025-01-08 17:22:19,454 [main] INFO  util.LogUtils (Slf4jUtils.java:setLogLevel(38)) - Successfully set org.apache.ratis.util.FileUtils log level to TRACE
2025-01-08 17:22:19,454 [main] INFO  util.LogUtils (Slf4jUtils.java:setLogLevel(38)) - Successfully set org.apache.ratis.server.RaftServer$Division log level to DEBUG
2025-01-08 17:22:19,454 [main] INFO  util.LogUtils (Slf4jUtils.java:setLogLevel(38)) - Successfully set org.apache.ratis.client.RaftClient log level to DEBUG
2025-01-08 17:22:19,454 [main] WARN  util.ReferenceCountedLeakDetector (ReferenceCountedLeakDetector.java:logLeakMessage(167)) - LEAK: (class org.apache.ratis.proto.RaftProtos$AppendEntriesRequestProto, count=1, value=serverRequest {
  requestorId: "s1"
  replyId: "s2"
  raftGroupId {
    id: "\337\r\351\263e_I\n\273\200\300\030\223\ri."
  }
  callId: 274
}
leaderTerm: 1
entries {
  term: 1
  configurationEntry {
    peers {
      id: "s0"
      address: "localhost:15048"
      dataStreamAddress: "localhost:15051"
      clientAddress: "localhost:15050"
      adminAddress: "localhost:15049"
      startupRole: FOLLOWER
    }
    peers {
      id: "s1"
      address: "localhost:15052"
      dataStreamAddress: "localhost:15055"
      clientAddress: "localhost:15054"
      adminAddress: "localhost:15053"
      startupRole: FOLLOWER
    }
    peers {
      id: "s2"
      address: "localhost:15056"
      dataStreamAddress: "localhost:15059"
      clientAddress: "localhost:15058"
      adminAddress: "localhost:15057"
      startupRole: FOLLOWER
    }
  }
}
commitInfos {
  server {
    id: "s1"
    address: "localhost:15052"
    dataStreamAddress: "localhost:15055"
    clientAddress: "localhost:15054"
    adminAddress: "localhost:15053"
    startupRole: FOLLOWER
  }
}
commitInfos {
  server {
    id: "s0"
    address: "localhost:15048"
    dataStreamAddress: "localhost:15051"
    clientAddress: "localhost:15050"
    adminAddress: "localhost:15049"
    startupRole: FOLLOWER
  }
}
commitInfos {
  server {
    id: "s2"
    address: "localhost:15056"
    dataStreamAddress: "localhost:15059"
    clientAddress: "localhost:15058"
    adminAddress: "localhost:15057"
    startupRole: FOLLOWER
  }
  commitIndex: 18446744073709551615
}
)
]]></system-out>
  </testcase>
  <testcase name="testEnforceLeader" classname="org.apache.ratis.grpc.TestLeaderElectionWithGrpc" time="0">
    <skipped type="org.opentest4j.TestAbortedException"><![CDATA[org.opentest4j.TestAbortedException: Assumption failed: numLeaks 1 > 0
	at org.apache.ratis.BaseTest.setup(BaseTest.java:104)
	at java.lang.reflect.Method.invoke(Method.java:498)
	at java.util.ArrayList.forEach(ArrayList.java:1259)
	at java.util.ArrayList.forEach(ArrayList.java:1259)
]]></skipped>
    <system-out><![CDATA[2025-01-08 17:22:19,456 [main] INFO  util.LogUtils (Slf4jUtils.java:setLogLevel(38)) - Successfully set org.apache.ratis.conf.ConfUtils log level to WARN
2025-01-08 17:22:19,457 [main] INFO  util.LogUtils (Slf4jUtils.java:setLogLevel(38)) - Successfully set org.apache.ratis.util.FileUtils log level to TRACE
2025-01-08 17:22:19,457 [main] INFO  util.LogUtils (Slf4jUtils.java:setLogLevel(38)) - Successfully set org.apache.ratis.server.RaftServer$Division log level to DEBUG
2025-01-08 17:22:19,457 [main] INFO  util.LogUtils (Slf4jUtils.java:setLogLevel(38)) - Successfully set org.apache.ratis.client.RaftClient log level to DEBUG
2025-01-08 17:22:19,458 [main] WARN  util.ReferenceCountedLeakDetector (ReferenceCountedLeakDetector.java:logLeakMessage(167)) - LEAK: (class org.apache.ratis.proto.RaftProtos$AppendEntriesRequestProto, count=1, value=serverRequest {
  requestorId: "s1"
  replyId: "s2"
  raftGroupId {
    id: "\337\r\351\263e_I\n\273\200\300\030\223\ri."
  }
  callId: 274
}
leaderTerm: 1
entries {
  term: 1
  configurationEntry {
    peers {
      id: "s0"
      address: "localhost:15048"
      dataStreamAddress: "localhost:15051"
      clientAddress: "localhost:15050"
      adminAddress: "localhost:15049"
      startupRole: FOLLOWER
    }
    peers {
      id: "s1"
      address: "localhost:15052"
      dataStreamAddress: "localhost:15055"
      clientAddress: "localhost:15054"
      adminAddress: "localhost:15053"
      startupRole: FOLLOWER
    }
    peers {
      id: "s2"
      address: "localhost:15056"
      dataStreamAddress: "localhost:15059"
      clientAddress: "localhost:15058"
      adminAddress: "localhost:15057"
      startupRole: FOLLOWER
    }
  }
}
commitInfos {
  server {
    id: "s1"
    address: "localhost:15052"
    dataStreamAddress: "localhost:15055"
    clientAddress: "localhost:15054"
    adminAddress: "localhost:15053"
    startupRole: FOLLOWER
  }
}
commitInfos {
  server {
    id: "s0"
    address: "localhost:15048"
    dataStreamAddress: "localhost:15051"
    clientAddress: "localhost:15050"
    adminAddress: "localhost:15049"
    startupRole: FOLLOWER
  }
}
commitInfos {
  server {
    id: "s2"
    address: "localhost:15056"
    dataStreamAddress: "localhost:15059"
    clientAddress: "localhost:15058"
    adminAddress: "localhost:15057"
    startupRole: FOLLOWER
  }
  commitIndex: 18446744073709551615
}
)
]]></system-out>
  </testcase>
  <testcase name="testDisconnectLeader" classname="org.apache.ratis.grpc.TestLeaderElectionWithGrpc" time="0">
    <skipped type="org.opentest4j.TestAbortedException"><![CDATA[org.opentest4j.TestAbortedException: Assumption failed: numLeaks 1 > 0
	at org.apache.ratis.BaseTest.setup(BaseTest.java:104)
	at java.lang.reflect.Method.invoke(Method.java:498)
	at java.util.ArrayList.forEach(ArrayList.java:1259)
	at java.util.ArrayList.forEach(ArrayList.java:1259)
]]></skipped>
    <system-out><![CDATA[2025-01-08 17:22:19,458 [main] INFO  util.LogUtils (Slf4jUtils.java:setLogLevel(38)) - Successfully set org.apache.ratis.conf.ConfUtils log level to WARN
2025-01-08 17:22:19,459 [main] INFO  util.LogUtils (Slf4jUtils.java:setLogLevel(38)) - Successfully set org.apache.ratis.util.FileUtils log level to TRACE
2025-01-08 17:22:19,459 [main] INFO  util.LogUtils (Slf4jUtils.java:setLogLevel(38)) - Successfully set org.apache.ratis.server.RaftServer$Division log level to DEBUG
2025-01-08 17:22:19,459 [main] INFO  util.LogUtils (Slf4jUtils.java:setLogLevel(38)) - Successfully set org.apache.ratis.client.RaftClient log level to DEBUG
2025-01-08 17:22:19,459 [main] WARN  util.ReferenceCountedLeakDetector (ReferenceCountedLeakDetector.java:logLeakMessage(167)) - LEAK: (class org.apache.ratis.proto.RaftProtos$AppendEntriesRequestProto, count=1, value=serverRequest {
  requestorId: "s1"
  replyId: "s2"
  raftGroupId {
    id: "\337\r\351\263e_I\n\273\200\300\030\223\ri."
  }
  callId: 274
}
leaderTerm: 1
entries {
  term: 1
  configurationEntry {
    peers {
      id: "s0"
      address: "localhost:15048"
      dataStreamAddress: "localhost:15051"
      clientAddress: "localhost:15050"
      adminAddress: "localhost:15049"
      startupRole: FOLLOWER
    }
    peers {
      id: "s1"
      address: "localhost:15052"
      dataStreamAddress: "localhost:15055"
      clientAddress: "localhost:15054"
      adminAddress: "localhost:15053"
      startupRole: FOLLOWER
    }
    peers {
      id: "s2"
      address: "localhost:15056"
      dataStreamAddress: "localhost:15059"
      clientAddress: "localhost:15058"
      adminAddress: "localhost:15057"
      startupRole: FOLLOWER
    }
  }
}
commitInfos {
  server {
    id: "s1"
    address: "localhost:15052"
    dataStreamAddress: "localhost:15055"
    clientAddress: "localhost:15054"
    adminAddress: "localhost:15053"
    startupRole: FOLLOWER
  }
}
commitInfos {
  server {
    id: "s0"
    address: "localhost:15048"
    dataStreamAddress: "localhost:15051"
    clientAddress: "localhost:15050"
    adminAddress: "localhost:15049"
    startupRole: FOLLOWER
  }
}
commitInfos {
  server {
    id: "s2"
    address: "localhost:15056"
    dataStreamAddress: "localhost:15059"
    clientAddress: "localhost:15058"
    adminAddress: "localhost:15057"
    startupRole: FOLLOWER
  }
  commitIndex: 18446744073709551615
}
)
]]></system-out>
  </testcase>
</testsuite>