<?xml version="1.0" encoding="UTF-8"?>
<testsuite xmlns:xsi="http://www.w3.org/2001/XMLSchema-instance" xsi:noNamespaceSchemaLocation="https://maven.apache.org/surefire/maven-surefire-plugin/xsd/surefire-test-report-3.0.xsd" version="3.0" name="org.apache.ratis.TestMultiRaftGroup" time="63.251" tests="3" errors="1" skipped="0" failures="0">
  <properties>
    <property name="awt.toolkit" value="sun.awt.X11.XToolkit"/>
    <property name="file.encoding.pkg" value="sun.io"/>
    <property name="java.specification.version" value="1.8"/>
    <property name="sun.cpu.isalist" value=""/>
    <property name="sun.jnu.encoding" value="UTF-8"/>
    <property name="java.class.path" value="/home/runner/work/ratis/ratis/ratis-examples/target/test-classes:/home/runner/work/ratis/ratis/ratis-examples/target/classes:/home/runner/.m2/repository/org/apache/ratis/ratis-thirdparty-misc/1.0.6/ratis-thirdparty-misc-1.0.6.jar:/home/runner/work/ratis/ratis/ratis-proto/target/classes:/home/runner/work/ratis/ratis/ratis-tools/target/classes:/home/runner/work/ratis/ratis/ratis-common/target/classes:/home/runner/work/ratis/ratis/ratis-common/target/test-classes:/home/runner/work/ratis/ratis/ratis-client/target/classes:/home/runner/work/ratis/ratis/ratis-server/target/classes:/home/runner/work/ratis/ratis/ratis-server-api/target/classes:/home/runner/work/ratis/ratis/ratis-metrics-api/target/classes:/home/runner/work/ratis/ratis/ratis-server/target/test-classes:/home/runner/work/ratis/ratis/ratis-metrics-default/target/classes:/home/runner/work/ratis/ratis/ratis-grpc/target/classes:/home/runner/work/ratis/ratis/ratis-grpc/target/test-classes:/home/runner/work/ratis/ratis/ratis-netty/target/classes:/home/runner/work/ratis/ratis/ratis-netty/target/test-classes:/home/runner/work/ratis/ratis/ratis-test/target/test-classes:/home/runner/.m2/repository/com/beust/jcommander/1.82/jcommander-1.82.jar:/home/runner/.m2/repository/org/slf4j/slf4j-api/2.0.7/slf4j-api-2.0.7.jar:/home/runner/.m2/repository/org/slf4j/slf4j-reload4j/2.0.7/slf4j-reload4j-2.0.7.jar:/home/runner/.m2/repository/ch/qos/reload4j/reload4j/1.2.22/reload4j-1.2.22.jar:/home/runner/.m2/repository/junit/junit/4.13.2/junit-4.13.2.jar:/home/runner/.m2/repository/org/hamcrest/hamcrest-core/1.3/hamcrest-core-1.3.jar:/home/runner/.m2/repository/org/junit/jupiter/junit-jupiter-engine/5.11.2/junit-jupiter-engine-5.11.2.jar:/home/runner/.m2/repository/org/junit/platform/junit-platform-engine/1.11.2/junit-platform-engine-1.11.2.jar:/home/runner/.m2/repository/org/apiguardian/apiguardian-api/1.1.2/apiguardian-api-1.1.2.jar:/home/runner/.m2/repository/org/junit/jupiter/junit-jupiter-api/5.11.2/junit-jupiter-api-5.11.2.jar:/home/runner/.m2/repository/org/opentest4j/opentest4j/1.3.0/opentest4j-1.3.0.jar:/home/runner/.m2/repository/org/junit/platform/junit-platform-commons/1.11.2/junit-platform-commons-1.11.2.jar:/home/runner/.m2/repository/org/junit/jupiter/junit-jupiter-params/5.11.2/junit-jupiter-params-5.11.2.jar:"/>
    <property name="java.vm.vendor" value="Temurin"/>
    <property name="sun.arch.data.model" value="64"/>
    <property name="java.vendor.url" value="https://adoptium.net/"/>
    <property name="user.timezone" value="Etc/UTC"/>
    <property name="java.vm.specification.version" value="1.8"/>
    <property name="os.name" value="Linux"/>
    <property name="sun.java.launcher" value="SUN_STANDARD"/>
    <property name="sun.boot.library.path" value="/usr/lib/jvm/temurin-8-jdk-amd64/jre/lib/amd64"/>
    <property name="sun.java.command" value="/home/runner/work/ratis/ratis/ratis-examples/target/surefire/surefirebooter3042398617564315402.jar /home/runner/work/ratis/ratis/ratis-examples/target/surefire 2024-10-09T04-22-41_693-jvmRun1 surefire8950551102263221512tmp surefire_44734665040088466775tmp"/>
    <property name="surefire.test.class.path" value="/home/runner/work/ratis/ratis/ratis-examples/target/test-classes:/home/runner/work/ratis/ratis/ratis-examples/target/classes:/home/runner/.m2/repository/org/apache/ratis/ratis-thirdparty-misc/1.0.6/ratis-thirdparty-misc-1.0.6.jar:/home/runner/work/ratis/ratis/ratis-proto/target/classes:/home/runner/work/ratis/ratis/ratis-tools/target/classes:/home/runner/work/ratis/ratis/ratis-common/target/classes:/home/runner/work/ratis/ratis/ratis-common/target/test-classes:/home/runner/work/ratis/ratis/ratis-client/target/classes:/home/runner/work/ratis/ratis/ratis-server/target/classes:/home/runner/work/ratis/ratis/ratis-server-api/target/classes:/home/runner/work/ratis/ratis/ratis-metrics-api/target/classes:/home/runner/work/ratis/ratis/ratis-server/target/test-classes:/home/runner/work/ratis/ratis/ratis-metrics-default/target/classes:/home/runner/work/ratis/ratis/ratis-grpc/target/classes:/home/runner/work/ratis/ratis/ratis-grpc/target/test-classes:/home/runner/work/ratis/ratis/ratis-netty/target/classes:/home/runner/work/ratis/ratis/ratis-netty/target/test-classes:/home/runner/work/ratis/ratis/ratis-test/target/test-classes:/home/runner/.m2/repository/com/beust/jcommander/1.82/jcommander-1.82.jar:/home/runner/.m2/repository/org/slf4j/slf4j-api/2.0.7/slf4j-api-2.0.7.jar:/home/runner/.m2/repository/org/slf4j/slf4j-reload4j/2.0.7/slf4j-reload4j-2.0.7.jar:/home/runner/.m2/repository/ch/qos/reload4j/reload4j/1.2.22/reload4j-1.2.22.jar:/home/runner/.m2/repository/junit/junit/4.13.2/junit-4.13.2.jar:/home/runner/.m2/repository/org/hamcrest/hamcrest-core/1.3/hamcrest-core-1.3.jar:/home/runner/.m2/repository/org/junit/jupiter/junit-jupiter-engine/5.11.2/junit-jupiter-engine-5.11.2.jar:/home/runner/.m2/repository/org/junit/platform/junit-platform-engine/1.11.2/junit-platform-engine-1.11.2.jar:/home/runner/.m2/repository/org/apiguardian/apiguardian-api/1.1.2/apiguardian-api-1.1.2.jar:/home/runner/.m2/repository/org/junit/jupiter/junit-jupiter-api/5.11.2/junit-jupiter-api-5.11.2.jar:/home/runner/.m2/repository/org/opentest4j/opentest4j/1.3.0/opentest4j-1.3.0.jar:/home/runner/.m2/repository/org/junit/platform/junit-platform-commons/1.11.2/junit-platform-commons-1.11.2.jar:/home/runner/.m2/repository/org/junit/jupiter/junit-jupiter-params/5.11.2/junit-jupiter-params-5.11.2.jar:"/>
    <property name="sun.cpu.endian" value="little"/>
    <property name="user.home" value="/home/runner"/>
    <property name="user.language" value="en"/>
    <property name="java.specification.vendor" value="Oracle Corporation"/>
    <property name="java.home" value="/usr/lib/jvm/temurin-8-jdk-amd64/jre"/>
    <property name="basedir" value="/home/runner/work/ratis/ratis/ratis-examples"/>
    <property name="file.separator" value="/"/>
    <property name="line.separator" value="&#10;"/>
    <property name="java.vm.specification.vendor" value="Oracle Corporation"/>
    <property name="java.specification.name" value="Java Platform API Specification"/>
    <property name="java.awt.graphicsenv" value="sun.awt.X11GraphicsEnvironment"/>
    <property name="surefire.real.class.path" value="/home/runner/work/ratis/ratis/ratis-examples/target/surefire/surefirebooter3042398617564315402.jar:/home/runner/.m2/repository/org/jacoco/org.jacoco.agent/0.8.12/org.jacoco.agent-0.8.12-runtime.jar"/>
    <property name="sun.boot.class.path" value="/usr/lib/jvm/temurin-8-jdk-amd64/jre/lib/resources.jar:/usr/lib/jvm/temurin-8-jdk-amd64/jre/lib/rt.jar:/usr/lib/jvm/temurin-8-jdk-amd64/jre/lib/sunrsasign.jar:/usr/lib/jvm/temurin-8-jdk-amd64/jre/lib/jsse.jar:/usr/lib/jvm/temurin-8-jdk-amd64/jre/lib/jce.jar:/usr/lib/jvm/temurin-8-jdk-amd64/jre/lib/charsets.jar:/usr/lib/jvm/temurin-8-jdk-amd64/jre/lib/jfr.jar:/usr/lib/jvm/temurin-8-jdk-amd64/jre/classes"/>
    <property name="sun.management.compiler" value="HotSpot 64-Bit Tiered Compilers"/>
    <property name="java.runtime.version" value="1.8.0_422-b05"/>
    <property name="java.net.preferIPv4Stack" value="true"/>
    <property name="user.name" value="runner"/>
    <property name="path.separator" value=":"/>
    <property name="os.version" value="5.15.0-1073-azure"/>
    <property name="java.endorsed.dirs" value="/usr/lib/jvm/temurin-8-jdk-amd64/jre/lib/endorsed"/>
    <property name="java.runtime.name" value="OpenJDK Runtime Environment"/>
    <property name="file.encoding" value="UTF-8"/>
    <property name="java.vm.name" value="OpenJDK 64-Bit Server VM"/>
    <property name="localRepository" value="/home/runner/.m2/repository"/>
    <property name="java.vendor.url.bug" value="https://github.com/adoptium/adoptium-support/issues"/>
    <property name="java.io.tmpdir" value="/tmp"/>
    <property name="java.version" value="1.8.0_422"/>
    <property name="user.dir" value="/home/runner/work/ratis/ratis/ratis-examples"/>
    <property name="os.arch" value="amd64"/>
    <property name="ratis.tmp.dir" value="/home/runner/work/ratis/ratis/ratis-examples/target/tmp"/>
    <property name="java.vm.specification.name" value="Java Virtual Machine Specification"/>
    <property name="java.awt.printerjob" value="sun.print.PSPrinterJob"/>
    <property name="ratis.log.dir" value="/home/runner/work/ratis/ratis/ratis-examples/target/log"/>
    <property name="sun.os.patch.level" value="unknown"/>
    <property name="org.apache.ratis.thirdparty.io.netty.allocator.useCacheForAllThreads" value="false"/>
    <property name="java.library.path" value="/usr/java/packages/lib/amd64:/usr/lib64:/lib64:/lib:/usr/lib"/>
    <property name="java.vm.info" value="mixed mode"/>
    <property name="java.vendor" value="Temurin"/>
    <property name="java.vm.version" value="25.422-b05"/>
    <property name="java.specification.maintenance.version" value="5"/>
    <property name="java.ext.dirs" value="/usr/lib/jvm/temurin-8-jdk-amd64/jre/lib/ext:/usr/java/packages/lib/ext"/>
    <property name="sun.io.unicode.encoding" value="UnicodeLittle"/>
    <property name="java.class.version" value="52.0"/>
  </properties>
  <testcase name="testMultiRaftGroup(MiniRaftCluster)[1]" classname="org.apache.ratis.TestMultiRaftGroup" time="20.056"/>
  <testcase name="testMultiRaftGroup(MiniRaftCluster)[2]" classname="org.apache.ratis.TestMultiRaftGroup" time="23.024"/>
  <testcase name="testMultiRaftGroup(MiniRaftCluster)[3]" classname="org.apache.ratis.TestMultiRaftGroup" time="19.858">
    <error type="java.lang.IllegalStateException"><![CDATA[java.lang.IllegalStateException: allLeaks.size = 24
	at org.apache.ratis.util.Preconditions.assertTrue(Preconditions.java:77)
	at org.apache.ratis.util.LeakDetector.assertNoLeaks(LeakDetector.java:107)
	at org.apache.ratis.server.impl.MiniRaftCluster.shutdown(MiniRaftCluster.java:869)
	at org.apache.ratis.server.impl.GroupManagementBaseTest.runMultiGroupTest(GroupManagementBaseTest.java:341)
	at org.apache.ratis.TestMultiRaftGroup.runTestMultiRaftGroup(TestMultiRaftGroup.java:68)
	at org.apache.ratis.TestMultiRaftGroup.runTestMultiRaftGroup(TestMultiRaftGroup.java:54)
	at org.apache.ratis.TestMultiRaftGroup.testMultiRaftGroup(TestMultiRaftGroup.java:50)
	at java.lang.reflect.Method.invoke(Method.java:498)
	at java.util.stream.ForEachOps$ForEachOp$OfRef.accept(ForEachOps.java:183)
	at java.util.stream.ReferencePipeline$3$1.accept(ReferencePipeline.java:193)
	at java.util.stream.ReferencePipeline$2$1.accept(ReferencePipeline.java:175)
	at java.util.stream.ReferencePipeline$3$1.accept(ReferencePipeline.java:193)
	at java.util.stream.ForEachOps$ForEachOp$OfRef.accept(ForEachOps.java:183)
	at java.util.stream.ReferencePipeline$3$1.accept(ReferencePipeline.java:193)
	at java.util.stream.ForEachOps$ForEachOp$OfRef.accept(ForEachOps.java:183)
	at java.util.stream.ForEachOps$ForEachOp$OfRef.accept(ForEachOps.java:183)
	at java.util.stream.ReferencePipeline$3$1.accept(ReferencePipeline.java:193)
	at java.util.ArrayList$ArrayListSpliterator.forEachRemaining(ArrayList.java:1384)
	at java.util.stream.ReferencePipeline$Head.forEach(ReferencePipeline.java:647)
	at java.util.stream.ReferencePipeline$7$1.accept(ReferencePipeline.java:272)
	at java.util.stream.ReferencePipeline$3$1.accept(ReferencePipeline.java:193)
	at java.util.stream.ReferencePipeline$3$1.accept(ReferencePipeline.java:193)
	at java.util.stream.ReferencePipeline$3$1.accept(ReferencePipeline.java:193)
	at java.util.Spliterators$ArraySpliterator.forEachRemaining(Spliterators.java:948)
	at java.util.stream.AbstractPipeline.copyInto(AbstractPipeline.java:482)
	at java.util.stream.AbstractPipeline.wrapAndCopyInto(AbstractPipeline.java:472)
	at java.util.stream.ForEachOps$ForEachOp.evaluateSequential(ForEachOps.java:150)
	at java.util.stream.ForEachOps$ForEachOp$OfRef.evaluateSequential(ForEachOps.java:173)
	at java.util.stream.AbstractPipeline.evaluate(AbstractPipeline.java:234)
	at java.util.stream.ReferencePipeline.forEach(ReferencePipeline.java:485)
	at java.util.stream.ReferencePipeline$7$1.accept(ReferencePipeline.java:272)
	at java.util.ArrayList$ArrayListSpliterator.forEachRemaining(ArrayList.java:1384)
	at java.util.stream.AbstractPipeline.copyInto(AbstractPipeline.java:482)
	at java.util.stream.AbstractPipeline.wrapAndCopyInto(AbstractPipeline.java:472)
	at java.util.stream.ForEachOps$ForEachOp.evaluateSequential(ForEachOps.java:150)
	at java.util.stream.ForEachOps$ForEachOp$OfRef.evaluateSequential(ForEachOps.java:173)
	at java.util.stream.AbstractPipeline.evaluate(AbstractPipeline.java:234)
	at java.util.stream.ReferencePipeline.forEach(ReferencePipeline.java:485)
	at java.util.stream.ReferencePipeline$7$1.accept(ReferencePipeline.java:272)
	at java.util.stream.ReferencePipeline$3$1.accept(ReferencePipeline.java:193)
	at java.util.stream.ReferencePipeline$3$1.accept(ReferencePipeline.java:193)
	at java.util.stream.ReferencePipeline$3$1.accept(ReferencePipeline.java:193)
	at java.util.ArrayList$ArrayListSpliterator.forEachRemaining(ArrayList.java:1384)
	at java.util.stream.AbstractPipeline.copyInto(AbstractPipeline.java:482)
	at java.util.stream.AbstractPipeline.wrapAndCopyInto(AbstractPipeline.java:472)
	at java.util.stream.ForEachOps$ForEachOp.evaluateSequential(ForEachOps.java:150)
	at java.util.stream.ForEachOps$ForEachOp$OfRef.evaluateSequential(ForEachOps.java:173)
	at java.util.stream.AbstractPipeline.evaluate(AbstractPipeline.java:234)
	at java.util.stream.ReferencePipeline.forEach(ReferencePipeline.java:485)
	at java.util.stream.ReferencePipeline$7$1.accept(ReferencePipeline.java:272)
	at java.util.ArrayList$ArrayListSpliterator.forEachRemaining(ArrayList.java:1384)
	at java.util.stream.AbstractPipeline.copyInto(AbstractPipeline.java:482)
	at java.util.stream.AbstractPipeline.wrapAndCopyInto(AbstractPipeline.java:472)
	at java.util.stream.ForEachOps$ForEachOp.evaluateSequential(ForEachOps.java:150)
	at java.util.stream.ForEachOps$ForEachOp$OfRef.evaluateSequential(ForEachOps.java:173)
	at java.util.stream.AbstractPipeline.evaluate(AbstractPipeline.java:234)
	at java.util.stream.ReferencePipeline.forEach(ReferencePipeline.java:485)
	at java.util.ArrayList.forEach(ArrayList.java:1259)
	at java.util.ArrayList.forEach(ArrayList.java:1259)
	Suppressed: org.junit.platform.commons.JUnitException: Failed to close extension context
		... 51 more
	Caused by: java.lang.IllegalStateException: allLeaks.size = 24
		at org.apache.ratis.util.Preconditions.assertTrue(Preconditions.java:77)
		at org.apache.ratis.util.LeakDetector.assertNoLeaks(LeakDetector.java:107)
		at org.apache.ratis.server.impl.MiniRaftCluster.shutdown(MiniRaftCluster.java:869)
		at org.apache.ratis.server.impl.MiniRaftCluster.close(MiniRaftCluster.java:833)
		at java.util.stream.ForEachOps$ForEachOp$OfRef.accept(ForEachOps.java:183)
		at java.util.ArrayList.forEach(ArrayList.java:1259)
		at java.util.stream.SortedOps$RefSortingSink.end(SortedOps.java:395)
		at java.util.stream.Sink$ChainedReference.end(Sink.java:258)
		at java.util.stream.Sink$ChainedReference.end(Sink.java:258)
		at java.util.stream.AbstractPipeline.copyInto(AbstractPipeline.java:483)
		at java.util.stream.AbstractPipeline.wrapAndCopyInto(AbstractPipeline.java:472)
		at java.util.stream.ForEachOps$ForEachOp.evaluateSequential(ForEachOps.java:150)
		at java.util.stream.ForEachOps$ForEachOp$OfRef.evaluateSequential(ForEachOps.java:173)
		at java.util.stream.AbstractPipeline.evaluate(AbstractPipeline.java:234)
		at java.util.stream.ReferencePipeline.forEach(ReferencePipeline.java:485)
		... 51 more
]]></error>
    <system-out><![CDATA[2024-10-09 04:29:47,985 INFO  util.LogUtils (Slf4jUtils.java:setLogLevel(38)) - Successfully set org.apache.ratis.conf.ConfUtils log level to WARN
2024-10-09 04:29:47,986 INFO  util.LogUtils (Slf4jUtils.java:setLogLevel(38)) - Successfully set org.apache.ratis.util.FileUtils log level to TRACE
2024-10-09 04:29:47,987 INFO  impl.GroupManagementBaseTest (GroupManagementBaseTest.java:runMultiGroupTest(251)) - 

runMultiGroupTest with MiniRaftClusterWithNetty[3, 6, 9, 12, 15]chosen=4: printing ALL groups
2024-10-09 04:29:47,987 INFO  impl.GroupManagementBaseTest (GroupManagementBaseTest.java:runMultiGroupTest(258)) - ids: [s0, s1, s2, s3, s4, s5, s6, s7, s8, s9, s10, s11, s12, s13, s14]
2024-10-09 04:29:47,987 INFO  impl.MiniRaftCluster (MiniRaftCluster.java:newRaftServer(386)) - newRaftServer: s0, group-DA40570646C7:[], format? true
2024-10-09 04:29:47,987 TRACE util.FileUtils (FileUtils.java:deleteFully(305)) - deleteFully target/test/data/6e6e5023/MiniRaftClusterWithNettya4857fb2/s0
2024-10-09 04:29:47,987 TRACE util.FileUtils (FileUtils.java:deleteFully(318)) - deleteFully: target/test/data/6e6e5023/MiniRaftClusterWithNettya4857fb2/s0 does not exist.
2024-10-09 04:29:47,987 INFO  impl.MiniRaftCluster (MiniRaftCluster.java:newRaftServer(391)) - Formatted directory target/test/data/6e6e5023/MiniRaftClusterWithNettya4857fb2/s0
2024-10-09 04:29:47,989 INFO  server.RaftServer (ConfUtils.java:logGet(46)) - raft.rpc.type = NETTY (custom)
2024-10-09 04:29:47,992 INFO  netty.NettyConfigKeys$Server (ConfUtils.java:logGet(46)) - raft.netty.server.use-epoll = true (default)
2024-10-09 04:29:47,993 INFO  netty.NettyUtils (NettyUtils.java:newEventLoopGroup(74)) - Create EpollEventLoopGroup for NettyRpcService-bossGroup; Thread size is 0.
2024-10-09 04:29:47,993 INFO  netty.NettyUtils (NettyUtils.java:newEventLoopGroup(74)) - Create EpollEventLoopGroup for NettyRpcService-workerGroup; Thread size is 0.
2024-10-09 04:29:47,994 INFO  netty.NettyConfigKeys$Server (ConfUtils.java:logGet(46)) - raft.netty.server.host = null (default)
2024-10-09 04:29:47,994 INFO  netty.NettyConfigKeys$Server (ConfUtils.java:logGet(46)) - raft.netty.server.port = 15015 (custom)
2024-10-09 04:29:47,994 INFO  impl.DataStreamServerImpl (ConfUtils.java:logGet(46)) - raft.datastream.type = DISABLED (default)
2024-10-09 04:29:47,995 INFO  server.RaftServerConfigKeys (ConfUtils.java:logGet(46)) - raft.server.sleep.deviation.threshold = 300ms (default)
2024-10-09 04:29:47,995 INFO  server.RaftServerConfigKeys (ConfUtils.java:logGet(46)) - raft.server.close.threshold = 60s (default)
2024-10-09 04:29:47,995 INFO  server.RaftServerConfigKeys (ConfUtils.java:logGet(46)) - raft.server.leaderelection.leader.step-down.wait-time = 10s (default)
2024-10-09 04:29:47,995 INFO  server.RaftServerConfigKeys (ConfUtils.java:logGet(46)) - raft.server.storage.dir = [/home/runner/work/ratis/ratis/ratis-examples/target/test/data/6e6e5023/MiniRaftClusterWithNettya4857fb2/s0] (custom)
2024-10-09 04:29:47,995 INFO  server.RaftServerConfigKeys (ConfUtils.java:logGet(46)) - raft.server.threadpool.proxy.cached = true (default)
2024-10-09 04:29:47,996 INFO  server.RaftServerConfigKeys (ConfUtils.java:logGet(46)) - raft.server.threadpool.proxy.size = 0 (default)
2024-10-09 04:29:47,996 INFO  server.RaftServer (RaftServerProxy.java:addNew(101)) - s0: addNew group-DA40570646C7:[] returns group-DA40570646C7:java.util.concurrent.CompletableFuture@25762f04[Not completed]
2024-10-09 04:29:47,996 INFO  impl.MiniRaftCluster (MiniRaftCluster.java:newRaftServer(386)) - newRaftServer: s1, group-DA40570646C7:[], format? true
2024-10-09 04:29:47,996 TRACE util.FileUtils (FileUtils.java:deleteFully(305)) - deleteFully target/test/data/6e6e5023/MiniRaftClusterWithNettya4857fb2/s1
2024-10-09 04:29:47,997 TRACE util.FileUtils (FileUtils.java:deleteFully(318)) - deleteFully: target/test/data/6e6e5023/MiniRaftClusterWithNettya4857fb2/s1 does not exist.
2024-10-09 04:29:47,997 INFO  impl.MiniRaftCluster (MiniRaftCluster.java:newRaftServer(391)) - Formatted directory target/test/data/6e6e5023/MiniRaftClusterWithNettya4857fb2/s1
2024-10-09 04:29:47,997 INFO  netty.NettyUtils (NettyUtils.java:newEventLoopGroup(74)) - Create EpollEventLoopGroup for s0; Thread size is 0.
2024-10-09 04:29:47,997 INFO  server.RaftServer (ConfUtils.java:logGet(46)) - raft.rpc.type = NETTY (custom)
2024-10-09 04:29:47,997 INFO  netty.NettyConfigKeys$Server (ConfUtils.java:logGet(46)) - raft.netty.server.use-epoll = true (default)
2024-10-09 04:29:47,998 INFO  netty.NettyUtils (NettyUtils.java:newEventLoopGroup(74)) - Create EpollEventLoopGroup for NettyRpcService-bossGroup; Thread size is 0.
2024-10-09 04:29:47,998 INFO  netty.NettyUtils (NettyUtils.java:newEventLoopGroup(74)) - Create EpollEventLoopGroup for NettyRpcService-workerGroup; Thread size is 0.
2024-10-09 04:29:47,998 INFO  server.RaftServer$Division (RaftServerImpl.java:<init>(256)) - s0: new RaftServerImpl for group-DA40570646C7:[] with ArithmeticStateMachine:uninitialized
2024-10-09 04:29:47,998 INFO  server.RaftServerConfigKeys (ConfUtils.java:logGet(46)) - raft.server.rpc.timeout.min = 300ms (custom)
2024-10-09 04:29:47,998 INFO  server.RaftServerConfigKeys (ConfUtils.java:logGet(46)) - raft.server.rpc.timeout.max = 600ms (custom)
2024-10-09 04:29:47,998 INFO  server.RaftServerConfigKeys (ConfUtils.java:logGet(46)) - raft.server.rpc.sleep.time = 25ms (default)
2024-10-09 04:29:47,998 INFO  server.RaftServerConfigKeys (ConfUtils.java:logGet(46)) - raft.server.rpc.slowness.timeout = 60s (default)
2024-10-09 04:29:47,998 INFO  netty.NettyConfigKeys$Server (ConfUtils.java:logGet(46)) - raft.netty.server.host = null (default)
2024-10-09 04:29:47,998 INFO  server.RaftServerConfigKeys (ConfUtils.java:logGet(46)) - raft.server.leaderelection.leader.step-down.wait-time = 10s (default)
2024-10-09 04:29:47,999 INFO  netty.NettyConfigKeys$Server (ConfUtils.java:logGet(46)) - raft.netty.server.port = 15016 (custom)
2024-10-09 04:29:47,999 INFO  server.RaftServerConfigKeys (ConfUtils.java:logGet(46)) - raft.server.leaderelection.member.majority-add = false (default)
2024-10-09 04:29:47,999 INFO  server.RaftServerConfigKeys (ConfUtils.java:logGet(46)) - raft.server.sleep.deviation.threshold = 300ms (default)
2024-10-09 04:29:47,999 INFO  impl.DataStreamServerImpl (ConfUtils.java:logGet(46)) - raft.datastream.type = DISABLED (default)
2024-10-09 04:29:47,999 INFO  server.RaftServer$Division (ServerState.java:<init>(114)) - s0@group-DA40570646C7: ConfigurationManager, init=conf: {index: -1, cur=peers:[]|listeners:[], old=null}, confs=<EMPTY_MAP>
2024-10-09 04:29:47,999 INFO  server.RaftServerConfigKeys (ConfUtils.java:logGet(46)) - raft.server.sleep.deviation.threshold = 300ms (default)
2024-10-09 04:29:47,999 INFO  server.RaftServerConfigKeys (ConfUtils.java:logGet(46)) - raft.server.notification.no-leader.timeout = 60s (default)
2024-10-09 04:29:47,999 INFO  server.RaftServerConfigKeys (ConfUtils.java:logGet(46)) - raft.server.read.timeout = 10s (default)
2024-10-09 04:29:47,999 INFO  server.RaftServerConfigKeys (ConfUtils.java:logGet(46)) - raft.server.close.threshold = 60s (default)
2024-10-09 04:29:48,000 INFO  server.RaftServerConfigKeys (ConfUtils.java:logGet(46)) - raft.server.retrycache.expirytime = 60s (default)
2024-10-09 04:29:48,000 INFO  server.RaftServerConfigKeys (ConfUtils.java:logGet(46)) - raft.server.retrycache.statistics.expirytime = 100ms (default)
2024-10-09 04:29:48,000 INFO  server.RaftServerConfigKeys (ConfUtils.java:logGet(46)) - raft.server.leaderelection.leader.step-down.wait-time = 10s (default)
2024-10-09 04:29:48,000 INFO  server.RaftServerConfigKeys (ConfUtils.java:logGet(46)) - raft.server.read.option = DEFAULT (default)
2024-10-09 04:29:48,000 INFO  server.RaftServerConfigKeys (ConfUtils.java:logGet(46)) - raft.server.read.read-after-write-consistent.write-index-cache.expiry-time = 60s (default)
2024-10-09 04:29:48,000 INFO  server.RaftServerConfigKeys (ConfUtils.java:logGet(46)) - raft.server.storage.dir = [/home/runner/work/ratis/ratis/ratis-examples/target/test/data/6e6e5023/MiniRaftClusterWithNettya4857fb2/s1] (custom)
2024-10-09 04:29:48,000 INFO  server.RaftServerConfigKeys (ConfUtils.java:logGet(46)) - raft.server.threadpool.proxy.cached = true (default)
2024-10-09 04:29:48,001 INFO  server.RaftServerConfigKeys (ConfUtils.java:logGet(46)) - raft.server.threadpool.proxy.size = 0 (default)
2024-10-09 04:29:48,001 INFO  server.RaftServerConfigKeys (ConfUtils.java:logGet(46)) - raft.server.rpc.request.timeout = 3000ms (default)
2024-10-09 04:29:48,001 INFO  server.RaftServerConfigKeys (ConfUtils.java:logGet(46)) - raft.server.log.appender.install.snapshot.enabled = true (default)
2024-10-09 04:29:48,001 INFO  server.RaftServerConfigKeys (ConfUtils.java:logGet(46)) - raft.server.threadpool.server.cached = true (default)
2024-10-09 04:29:48,001 INFO  server.RaftServerConfigKeys (ConfUtils.java:logGet(46)) - raft.server.threadpool.server.size = 0 (default)
2024-10-09 04:29:48,001 INFO  server.RaftServerConfigKeys (ConfUtils.java:logGet(46)) - raft.server.threadpool.client.cached = true (default)
2024-10-09 04:29:48,001 INFO  server.RaftServerConfigKeys (ConfUtils.java:logGet(46)) - raft.server.threadpool.client.size = 0 (default)
2024-10-09 04:29:48,002 INFO  server.RaftServer (RaftServerProxy.java:addNew(101)) - s1: addNew group-DA40570646C7:[] returns group-DA40570646C7:java.util.concurrent.CompletableFuture@3f04fb07[Not completed]
2024-10-09 04:29:48,002 INFO  netty.NettyUtils (NettyUtils.java:newEventLoopGroup(74)) - Create EpollEventLoopGroup for s1; Thread size is 0.
2024-10-09 04:29:48,002 INFO  impl.MiniRaftCluster (MiniRaftCluster.java:newRaftServer(386)) - newRaftServer: s2, group-DA40570646C7:[], format? true
2024-10-09 04:29:48,003 TRACE util.FileUtils (FileUtils.java:deleteFully(305)) - deleteFully target/test/data/6e6e5023/MiniRaftClusterWithNettya4857fb2/s2
2024-10-09 04:29:48,003 INFO  server.RaftServer$Division (RaftServerImpl.java:<init>(256)) - s1: new RaftServerImpl for group-DA40570646C7:[] with ArithmeticStateMachine:uninitialized
2024-10-09 04:29:48,003 TRACE util.FileUtils (FileUtils.java:deleteFully(318)) - deleteFully: target/test/data/6e6e5023/MiniRaftClusterWithNettya4857fb2/s2 does not exist.
2024-10-09 04:29:48,003 INFO  impl.MiniRaftCluster (MiniRaftCluster.java:newRaftServer(391)) - Formatted directory target/test/data/6e6e5023/MiniRaftClusterWithNettya4857fb2/s2
2024-10-09 04:29:48,003 INFO  server.RaftServerConfigKeys (ConfUtils.java:logGet(46)) - raft.server.rpc.timeout.min = 300ms (custom)
2024-10-09 04:29:48,003 INFO  server.RaftServerConfigKeys (ConfUtils.java:logGet(46)) - raft.server.rpc.timeout.max = 600ms (custom)
2024-10-09 04:29:48,003 INFO  server.RaftServerConfigKeys (ConfUtils.java:logGet(46)) - raft.server.rpc.sleep.time = 25ms (default)
2024-10-09 04:29:48,003 INFO  server.RaftServer (ConfUtils.java:logGet(46)) - raft.rpc.type = NETTY (custom)
2024-10-09 04:29:48,003 INFO  server.RaftServerConfigKeys (ConfUtils.java:logGet(46)) - raft.server.rpc.slowness.timeout = 60s (default)
2024-10-09 04:29:48,004 INFO  netty.NettyConfigKeys$Server (ConfUtils.java:logGet(46)) - raft.netty.server.use-epoll = true (default)
2024-10-09 04:29:48,004 INFO  netty.NettyUtils (NettyUtils.java:newEventLoopGroup(74)) - Create EpollEventLoopGroup for NettyRpcService-bossGroup; Thread size is 0.
2024-10-09 04:29:48,004 INFO  server.RaftServerConfigKeys (ConfUtils.java:logGet(46)) - raft.server.leaderelection.leader.step-down.wait-time = 10s (default)
2024-10-09 04:29:48,004 INFO  server.RaftServerConfigKeys (ConfUtils.java:logGet(46)) - raft.server.leaderelection.member.majority-add = false (default)
2024-10-09 04:29:48,004 INFO  server.RaftServerConfigKeys (ConfUtils.java:logGet(46)) - raft.server.sleep.deviation.threshold = 300ms (default)
2024-10-09 04:29:48,004 INFO  server.RaftServer$Division (ServerState.java:<init>(114)) - s1@group-DA40570646C7: ConfigurationManager, init=conf: {index: -1, cur=peers:[]|listeners:[], old=null}, confs=<EMPTY_MAP>
2024-10-09 04:29:48,004 INFO  server.RaftServerConfigKeys (ConfUtils.java:logGet(46)) - raft.server.notification.no-leader.timeout = 60s (default)
2024-10-09 04:29:48,004 INFO  netty.NettyUtils (NettyUtils.java:newEventLoopGroup(74)) - Create EpollEventLoopGroup for NettyRpcService-workerGroup; Thread size is 0.
2024-10-09 04:29:48,004 INFO  server.RaftServerConfigKeys (ConfUtils.java:logGet(46)) - raft.server.read.timeout = 10s (default)
2024-10-09 04:29:48,005 INFO  server.RaftServerConfigKeys (ConfUtils.java:logGet(46)) - raft.server.retrycache.expirytime = 60s (default)
2024-10-09 04:29:48,005 INFO  server.RaftServerConfigKeys (ConfUtils.java:logGet(46)) - raft.server.retrycache.statistics.expirytime = 100ms (default)
2024-10-09 04:29:48,005 INFO  server.RaftServerConfigKeys (ConfUtils.java:logGet(46)) - raft.server.read.option = DEFAULT (default)
2024-10-09 04:29:48,005 INFO  server.RaftServerConfigKeys (ConfUtils.java:logGet(46)) - raft.server.read.read-after-write-consistent.write-index-cache.expiry-time = 60s (default)
2024-10-09 04:29:48,005 INFO  netty.NettyConfigKeys$Server (ConfUtils.java:logGet(46)) - raft.netty.server.host = null (default)
2024-10-09 04:29:48,005 INFO  netty.NettyConfigKeys$Server (ConfUtils.java:logGet(46)) - raft.netty.server.port = 15017 (custom)
2024-10-09 04:29:48,005 INFO  server.RaftServerConfigKeys (ConfUtils.java:logGet(46)) - raft.server.rpc.request.timeout = 3000ms (default)
2024-10-09 04:29:48,005 INFO  impl.DataStreamServerImpl (ConfUtils.java:logGet(46)) - raft.datastream.type = DISABLED (default)
2024-10-09 04:29:48,006 INFO  server.RaftServerConfigKeys (ConfUtils.java:logGet(46)) - raft.server.log.appender.install.snapshot.enabled = true (default)
2024-10-09 04:29:48,006 INFO  server.RaftServerConfigKeys (ConfUtils.java:logGet(46)) - raft.server.threadpool.server.cached = true (default)
2024-10-09 04:29:48,006 INFO  server.RaftServerConfigKeys (ConfUtils.java:logGet(46)) - raft.server.threadpool.server.size = 0 (default)
2024-10-09 04:29:48,006 INFO  server.RaftServerConfigKeys (ConfUtils.java:logGet(46)) - raft.server.threadpool.client.cached = true (default)
2024-10-09 04:29:48,006 INFO  server.RaftServerConfigKeys (ConfUtils.java:logGet(46)) - raft.server.threadpool.client.size = 0 (default)
2024-10-09 04:29:48,006 INFO  server.RaftServerConfigKeys (ConfUtils.java:logGet(46)) - raft.server.sleep.deviation.threshold = 300ms (default)
2024-10-09 04:29:48,006 INFO  server.RaftServerConfigKeys (ConfUtils.java:logGet(46)) - raft.server.close.threshold = 60s (default)
2024-10-09 04:29:48,007 INFO  server.RaftServerConfigKeys (ConfUtils.java:logGet(46)) - raft.server.leaderelection.leader.step-down.wait-time = 10s (default)
2024-10-09 04:29:48,007 INFO  server.RaftServerConfigKeys (ConfUtils.java:logGet(46)) - raft.server.storage.dir = [/home/runner/work/ratis/ratis/ratis-examples/target/test/data/6e6e5023/MiniRaftClusterWithNettya4857fb2/s2] (custom)
2024-10-09 04:29:48,007 INFO  server.RaftServerConfigKeys (ConfUtils.java:logGet(46)) - raft.server.threadpool.proxy.cached = true (default)
2024-10-09 04:29:48,007 INFO  server.RaftServerConfigKeys (ConfUtils.java:logGet(46)) - raft.server.threadpool.proxy.size = 0 (default)
2024-10-09 04:29:48,007 INFO  server.RaftServer (RaftServerProxy.java:addNew(101)) - s2: addNew group-DA40570646C7:[] returns group-DA40570646C7:java.util.concurrent.CompletableFuture@f09c282[Not completed]
2024-10-09 04:29:48,008 INFO  netty.NettyUtils (NettyUtils.java:newEventLoopGroup(74)) - Create EpollEventLoopGroup for s2; Thread size is 0.
2024-10-09 04:29:48,008 INFO  impl.MiniRaftCluster (MiniRaftCluster.java:newRaftServer(386)) - newRaftServer: s3, group-DA40570646C7:[], format? true
2024-10-09 04:29:48,008 TRACE util.FileUtils (FileUtils.java:deleteFully(305)) - deleteFully target/test/data/6e6e5023/MiniRaftClusterWithNettya4857fb2/s3
2024-10-09 04:29:48,008 INFO  server.RaftServer$Division (RaftServerImpl.java:<init>(256)) - s2: new RaftServerImpl for group-DA40570646C7:[] with ArithmeticStateMachine:uninitialized
2024-10-09 04:29:48,008 TRACE util.FileUtils (FileUtils.java:deleteFully(318)) - deleteFully: target/test/data/6e6e5023/MiniRaftClusterWithNettya4857fb2/s3 does not exist.
2024-10-09 04:29:48,008 INFO  impl.MiniRaftCluster (MiniRaftCluster.java:newRaftServer(391)) - Formatted directory target/test/data/6e6e5023/MiniRaftClusterWithNettya4857fb2/s3
2024-10-09 04:29:48,008 INFO  server.RaftServerConfigKeys (ConfUtils.java:logGet(46)) - raft.server.rpc.timeout.min = 300ms (custom)
2024-10-09 04:29:48,009 INFO  server.RaftServerConfigKeys (ConfUtils.java:logGet(46)) - raft.server.rpc.timeout.max = 600ms (custom)
2024-10-09 04:29:48,009 INFO  server.RaftServerConfigKeys (ConfUtils.java:logGet(46)) - raft.server.rpc.sleep.time = 25ms (default)
2024-10-09 04:29:48,009 INFO  server.RaftServerConfigKeys (ConfUtils.java:logGet(46)) - raft.server.rpc.slowness.timeout = 60s (default)
2024-10-09 04:29:48,009 INFO  server.RaftServer (ConfUtils.java:logGet(46)) - raft.rpc.type = NETTY (custom)
2024-10-09 04:29:48,009 INFO  server.RaftServerConfigKeys (ConfUtils.java:logGet(46)) - raft.server.leaderelection.leader.step-down.wait-time = 10s (default)
2024-10-09 04:29:48,009 INFO  netty.NettyConfigKeys$Server (ConfUtils.java:logGet(46)) - raft.netty.server.use-epoll = true (default)
2024-10-09 04:29:48,009 INFO  netty.NettyUtils (NettyUtils.java:newEventLoopGroup(74)) - Create EpollEventLoopGroup for NettyRpcService-bossGroup; Thread size is 0.
2024-10-09 04:29:48,009 INFO  server.RaftServerConfigKeys (ConfUtils.java:logGet(46)) - raft.server.leaderelection.member.majority-add = false (default)
2024-10-09 04:29:48,009 INFO  server.RaftServerConfigKeys (ConfUtils.java:logGet(46)) - raft.server.sleep.deviation.threshold = 300ms (default)
2024-10-09 04:29:48,009 INFO  server.RaftServer$Division (ServerState.java:<init>(114)) - s2@group-DA40570646C7: ConfigurationManager, init=conf: {index: -1, cur=peers:[]|listeners:[], old=null}, confs=<EMPTY_MAP>
2024-10-09 04:29:48,010 INFO  server.RaftServerConfigKeys (ConfUtils.java:logGet(46)) - raft.server.notification.no-leader.timeout = 60s (default)
2024-10-09 04:29:48,010 INFO  server.RaftServerConfigKeys (ConfUtils.java:logGet(46)) - raft.server.read.timeout = 10s (default)
2024-10-09 04:29:48,010 INFO  server.RaftServerConfigKeys (ConfUtils.java:logGet(46)) - raft.server.retrycache.expirytime = 60s (default)
2024-10-09 04:29:48,010 INFO  server.RaftServerConfigKeys (ConfUtils.java:logGet(46)) - raft.server.retrycache.statistics.expirytime = 100ms (default)
2024-10-09 04:29:48,010 INFO  server.RaftServerConfigKeys (ConfUtils.java:logGet(46)) - raft.server.read.option = DEFAULT (default)
2024-10-09 04:29:48,010 INFO  server.RaftServerConfigKeys (ConfUtils.java:logGet(46)) - raft.server.read.read-after-write-consistent.write-index-cache.expiry-time = 60s (default)
2024-10-09 04:29:48,010 INFO  server.RaftServerConfigKeys (ConfUtils.java:logGet(46)) - raft.server.rpc.request.timeout = 3000ms (default)
2024-10-09 04:29:48,010 INFO  server.RaftServerConfigKeys (ConfUtils.java:logGet(46)) - raft.server.log.appender.install.snapshot.enabled = true (default)
2024-10-09 04:29:48,010 INFO  server.RaftServerConfigKeys (ConfUtils.java:logGet(46)) - raft.server.threadpool.server.cached = true (default)
2024-10-09 04:29:48,010 INFO  server.RaftServerConfigKeys (ConfUtils.java:logGet(46)) - raft.server.threadpool.server.size = 0 (default)
2024-10-09 04:29:48,010 INFO  server.RaftServerConfigKeys (ConfUtils.java:logGet(46)) - raft.server.threadpool.client.cached = true (default)
2024-10-09 04:29:48,010 INFO  server.RaftServerConfigKeys (ConfUtils.java:logGet(46)) - raft.server.threadpool.client.size = 0 (default)
2024-10-09 04:29:48,027 INFO  netty.NettyUtils (NettyUtils.java:newEventLoopGroup(74)) - Create EpollEventLoopGroup for NettyRpcService-workerGroup; Thread size is 0.
2024-10-09 04:29:48,027 INFO  netty.NettyConfigKeys$Server (ConfUtils.java:logGet(46)) - raft.netty.server.host = null (default)
2024-10-09 04:29:48,028 INFO  netty.NettyConfigKeys$Server (ConfUtils.java:logGet(46)) - raft.netty.server.port = 15018 (custom)
2024-10-09 04:29:48,028 INFO  impl.DataStreamServerImpl (ConfUtils.java:logGet(46)) - raft.datastream.type = DISABLED (default)
2024-10-09 04:29:48,028 INFO  server.RaftServerConfigKeys (ConfUtils.java:logGet(46)) - raft.server.sleep.deviation.threshold = 300ms (default)
2024-10-09 04:29:48,028 INFO  server.RaftServerConfigKeys (ConfUtils.java:logGet(46)) - raft.server.close.threshold = 60s (default)
2024-10-09 04:29:48,028 INFO  server.RaftServerConfigKeys (ConfUtils.java:logGet(46)) - raft.server.leaderelection.leader.step-down.wait-time = 10s (default)
2024-10-09 04:29:48,028 INFO  server.RaftServerConfigKeys (ConfUtils.java:logGet(46)) - raft.server.storage.dir = [/home/runner/work/ratis/ratis/ratis-examples/target/test/data/6e6e5023/MiniRaftClusterWithNettya4857fb2/s3] (custom)
2024-10-09 04:29:48,028 INFO  server.RaftServerConfigKeys (ConfUtils.java:logGet(46)) - raft.server.threadpool.proxy.cached = true (default)
2024-10-09 04:29:48,029 INFO  server.RaftServerConfigKeys (ConfUtils.java:logGet(46)) - raft.server.threadpool.proxy.size = 0 (default)
2024-10-09 04:29:48,029 INFO  server.RaftServer (RaftServerProxy.java:addNew(101)) - s3: addNew group-DA40570646C7:[] returns group-DA40570646C7:java.util.concurrent.CompletableFuture@5687ade6[Not completed]
2024-10-09 04:29:48,029 INFO  netty.NettyUtils (NettyUtils.java:newEventLoopGroup(74)) - Create EpollEventLoopGroup for s3; Thread size is 0.
2024-10-09 04:29:48,029 INFO  impl.MiniRaftCluster (MiniRaftCluster.java:newRaftServer(386)) - newRaftServer: s4, group-DA40570646C7:[], format? true
2024-10-09 04:29:48,029 TRACE util.FileUtils (FileUtils.java:deleteFully(305)) - deleteFully target/test/data/6e6e5023/MiniRaftClusterWithNettya4857fb2/s4
2024-10-09 04:29:48,029 INFO  server.RaftServer$Division (RaftServerImpl.java:<init>(256)) - s3: new RaftServerImpl for group-DA40570646C7:[] with ArithmeticStateMachine:uninitialized
2024-10-09 04:29:48,030 TRACE util.FileUtils (FileUtils.java:deleteFully(318)) - deleteFully: target/test/data/6e6e5023/MiniRaftClusterWithNettya4857fb2/s4 does not exist.
2024-10-09 04:29:48,030 INFO  impl.MiniRaftCluster (MiniRaftCluster.java:newRaftServer(391)) - Formatted directory target/test/data/6e6e5023/MiniRaftClusterWithNettya4857fb2/s4
2024-10-09 04:29:48,030 INFO  server.RaftServerConfigKeys (ConfUtils.java:logGet(46)) - raft.server.rpc.timeout.min = 300ms (custom)
2024-10-09 04:29:48,030 INFO  server.RaftServerConfigKeys (ConfUtils.java:logGet(46)) - raft.server.rpc.timeout.max = 600ms (custom)
2024-10-09 04:29:48,030 INFO  server.RaftServerConfigKeys (ConfUtils.java:logGet(46)) - raft.server.rpc.sleep.time = 25ms (default)
2024-10-09 04:29:48,030 INFO  server.RaftServerConfigKeys (ConfUtils.java:logGet(46)) - raft.server.rpc.slowness.timeout = 60s (default)
2024-10-09 04:29:48,030 INFO  server.RaftServerConfigKeys (ConfUtils.java:logGet(46)) - raft.server.leaderelection.leader.step-down.wait-time = 10s (default)
2024-10-09 04:29:48,030 INFO  server.RaftServerConfigKeys (ConfUtils.java:logGet(46)) - raft.server.leaderelection.member.majority-add = false (default)
2024-10-09 04:29:48,030 INFO  server.RaftServerConfigKeys (ConfUtils.java:logGet(46)) - raft.server.sleep.deviation.threshold = 300ms (default)
2024-10-09 04:29:48,030 INFO  server.RaftServer$Division (ServerState.java:<init>(114)) - s3@group-DA40570646C7: ConfigurationManager, init=conf: {index: -1, cur=peers:[]|listeners:[], old=null}, confs=<EMPTY_MAP>
2024-10-09 04:29:48,030 INFO  server.RaftServerConfigKeys (ConfUtils.java:logGet(46)) - raft.server.notification.no-leader.timeout = 60s (default)
2024-10-09 04:29:48,030 INFO  server.RaftServer (ConfUtils.java:logGet(46)) - raft.rpc.type = NETTY (custom)
2024-10-09 04:29:48,030 INFO  server.RaftServerConfigKeys (ConfUtils.java:logGet(46)) - raft.server.read.timeout = 10s (default)
2024-10-09 04:29:48,031 INFO  netty.NettyConfigKeys$Server (ConfUtils.java:logGet(46)) - raft.netty.server.use-epoll = true (default)
2024-10-09 04:29:48,031 INFO  netty.NettyUtils (NettyUtils.java:newEventLoopGroup(74)) - Create EpollEventLoopGroup for NettyRpcService-bossGroup; Thread size is 0.
2024-10-09 04:29:48,031 INFO  server.RaftServerConfigKeys (ConfUtils.java:logGet(46)) - raft.server.retrycache.expirytime = 60s (default)
2024-10-09 04:29:48,031 INFO  server.RaftServerConfigKeys (ConfUtils.java:logGet(46)) - raft.server.retrycache.statistics.expirytime = 100ms (default)
2024-10-09 04:29:48,031 INFO  server.RaftServerConfigKeys (ConfUtils.java:logGet(46)) - raft.server.read.option = DEFAULT (default)
2024-10-09 04:29:48,031 INFO  server.RaftServerConfigKeys (ConfUtils.java:logGet(46)) - raft.server.read.read-after-write-consistent.write-index-cache.expiry-time = 60s (default)
2024-10-09 04:29:48,031 INFO  netty.NettyUtils (NettyUtils.java:newEventLoopGroup(74)) - Create EpollEventLoopGroup for NettyRpcService-workerGroup; Thread size is 0.
2024-10-09 04:29:48,032 INFO  netty.NettyConfigKeys$Server (ConfUtils.java:logGet(46)) - raft.netty.server.host = null (default)
2024-10-09 04:29:48,032 INFO  server.RaftServerConfigKeys (ConfUtils.java:logGet(46)) - raft.server.rpc.request.timeout = 3000ms (default)
2024-10-09 04:29:48,032 INFO  netty.NettyConfigKeys$Server (ConfUtils.java:logGet(46)) - raft.netty.server.port = 15019 (custom)
2024-10-09 04:29:48,032 INFO  server.RaftServerConfigKeys (ConfUtils.java:logGet(46)) - raft.server.log.appender.install.snapshot.enabled = true (default)
2024-10-09 04:29:48,032 INFO  impl.DataStreamServerImpl (ConfUtils.java:logGet(46)) - raft.datastream.type = DISABLED (default)
2024-10-09 04:29:48,032 INFO  server.RaftServerConfigKeys (ConfUtils.java:logGet(46)) - raft.server.threadpool.server.cached = true (default)
2024-10-09 04:29:48,032 INFO  server.RaftServerConfigKeys (ConfUtils.java:logGet(46)) - raft.server.sleep.deviation.threshold = 300ms (default)
2024-10-09 04:29:48,033 INFO  server.RaftServerConfigKeys (ConfUtils.java:logGet(46)) - raft.server.close.threshold = 60s (default)
2024-10-09 04:29:48,033 INFO  server.RaftServerConfigKeys (ConfUtils.java:logGet(46)) - raft.server.leaderelection.leader.step-down.wait-time = 10s (default)
2024-10-09 04:29:48,032 INFO  server.RaftServerConfigKeys (ConfUtils.java:logGet(46)) - raft.server.threadpool.server.size = 0 (default)
2024-10-09 04:29:48,033 INFO  server.RaftServerConfigKeys (ConfUtils.java:logGet(46)) - raft.server.storage.dir = [/home/runner/work/ratis/ratis/ratis-examples/target/test/data/6e6e5023/MiniRaftClusterWithNettya4857fb2/s4] (custom)
2024-10-09 04:29:48,033 INFO  server.RaftServerConfigKeys (ConfUtils.java:logGet(46)) - raft.server.threadpool.client.cached = true (default)
2024-10-09 04:29:48,033 INFO  server.RaftServerConfigKeys (ConfUtils.java:logGet(46)) - raft.server.threadpool.proxy.cached = true (default)
2024-10-09 04:29:48,033 INFO  server.RaftServerConfigKeys (ConfUtils.java:logGet(46)) - raft.server.threadpool.client.size = 0 (default)
2024-10-09 04:29:48,033 INFO  server.RaftServerConfigKeys (ConfUtils.java:logGet(46)) - raft.server.threadpool.proxy.size = 0 (default)
2024-10-09 04:29:48,034 INFO  server.RaftServer (RaftServerProxy.java:addNew(101)) - s4: addNew group-DA40570646C7:[] returns group-DA40570646C7:java.util.concurrent.CompletableFuture@55ff64fd[Not completed]
2024-10-09 04:29:48,034 INFO  netty.NettyUtils (NettyUtils.java:newEventLoopGroup(74)) - Create EpollEventLoopGroup for s4; Thread size is 0.
2024-10-09 04:29:48,034 INFO  impl.MiniRaftCluster (MiniRaftCluster.java:newRaftServer(386)) - newRaftServer: s5, group-DA40570646C7:[], format? true
2024-10-09 04:29:48,034 TRACE util.FileUtils (FileUtils.java:deleteFully(305)) - deleteFully target/test/data/6e6e5023/MiniRaftClusterWithNettya4857fb2/s5
2024-10-09 04:29:48,034 INFO  server.RaftServer$Division (RaftServerImpl.java:<init>(256)) - s4: new RaftServerImpl for group-DA40570646C7:[] with ArithmeticStateMachine:uninitialized
2024-10-09 04:29:48,034 TRACE util.FileUtils (FileUtils.java:deleteFully(318)) - deleteFully: target/test/data/6e6e5023/MiniRaftClusterWithNettya4857fb2/s5 does not exist.
2024-10-09 04:29:48,034 INFO  impl.MiniRaftCluster (MiniRaftCluster.java:newRaftServer(391)) - Formatted directory target/test/data/6e6e5023/MiniRaftClusterWithNettya4857fb2/s5
2024-10-09 04:29:48,034 INFO  server.RaftServerConfigKeys (ConfUtils.java:logGet(46)) - raft.server.rpc.timeout.min = 300ms (custom)
2024-10-09 04:29:48,035 INFO  server.RaftServerConfigKeys (ConfUtils.java:logGet(46)) - raft.server.rpc.timeout.max = 600ms (custom)
2024-10-09 04:29:48,035 INFO  server.RaftServerConfigKeys (ConfUtils.java:logGet(46)) - raft.server.rpc.sleep.time = 25ms (default)
2024-10-09 04:29:48,035 INFO  server.RaftServerConfigKeys (ConfUtils.java:logGet(46)) - raft.server.rpc.slowness.timeout = 60s (default)
2024-10-09 04:29:48,035 INFO  server.RaftServerConfigKeys (ConfUtils.java:logGet(46)) - raft.server.leaderelection.leader.step-down.wait-time = 10s (default)
2024-10-09 04:29:48,035 INFO  server.RaftServer (ConfUtils.java:logGet(46)) - raft.rpc.type = NETTY (custom)
2024-10-09 04:29:48,035 INFO  server.RaftServerConfigKeys (ConfUtils.java:logGet(46)) - raft.server.leaderelection.member.majority-add = false (default)
2024-10-09 04:29:48,035 INFO  netty.NettyConfigKeys$Server (ConfUtils.java:logGet(46)) - raft.netty.server.use-epoll = true (default)
2024-10-09 04:29:48,035 INFO  netty.NettyUtils (NettyUtils.java:newEventLoopGroup(74)) - Create EpollEventLoopGroup for NettyRpcService-bossGroup; Thread size is 0.
2024-10-09 04:29:48,035 INFO  server.RaftServerConfigKeys (ConfUtils.java:logGet(46)) - raft.server.sleep.deviation.threshold = 300ms (default)
2024-10-09 04:29:48,035 INFO  server.RaftServer$Division (ServerState.java:<init>(114)) - s4@group-DA40570646C7: ConfigurationManager, init=conf: {index: -1, cur=peers:[]|listeners:[], old=null}, confs=<EMPTY_MAP>
2024-10-09 04:29:48,035 INFO  server.RaftServerConfigKeys (ConfUtils.java:logGet(46)) - raft.server.notification.no-leader.timeout = 60s (default)
2024-10-09 04:29:48,036 INFO  server.RaftServerConfigKeys (ConfUtils.java:logGet(46)) - raft.server.read.timeout = 10s (default)
2024-10-09 04:29:48,036 INFO  server.RaftServerConfigKeys (ConfUtils.java:logGet(46)) - raft.server.retrycache.expirytime = 60s (default)
2024-10-09 04:29:48,036 INFO  server.RaftServerConfigKeys (ConfUtils.java:logGet(46)) - raft.server.retrycache.statistics.expirytime = 100ms (default)
2024-10-09 04:29:48,036 INFO  netty.NettyUtils (NettyUtils.java:newEventLoopGroup(74)) - Create EpollEventLoopGroup for NettyRpcService-workerGroup; Thread size is 0.
2024-10-09 04:29:48,036 INFO  server.RaftServerConfigKeys (ConfUtils.java:logGet(46)) - raft.server.read.option = DEFAULT (default)
2024-10-09 04:29:48,036 INFO  server.RaftServerConfigKeys (ConfUtils.java:logGet(46)) - raft.server.read.read-after-write-consistent.write-index-cache.expiry-time = 60s (default)
2024-10-09 04:29:48,036 INFO  netty.NettyConfigKeys$Server (ConfUtils.java:logGet(46)) - raft.netty.server.host = null (default)
2024-10-09 04:29:48,036 INFO  netty.NettyConfigKeys$Server (ConfUtils.java:logGet(46)) - raft.netty.server.port = 15020 (custom)
2024-10-09 04:29:48,036 INFO  impl.DataStreamServerImpl (ConfUtils.java:logGet(46)) - raft.datastream.type = DISABLED (default)
2024-10-09 04:29:48,037 INFO  server.RaftServerConfigKeys (ConfUtils.java:logGet(46)) - raft.server.rpc.request.timeout = 3000ms (default)
2024-10-09 04:29:48,037 INFO  server.RaftServerConfigKeys (ConfUtils.java:logGet(46)) - raft.server.sleep.deviation.threshold = 300ms (default)
2024-10-09 04:29:48,037 INFO  server.RaftServerConfigKeys (ConfUtils.java:logGet(46)) - raft.server.close.threshold = 60s (default)
2024-10-09 04:29:48,037 INFO  server.RaftServerConfigKeys (ConfUtils.java:logGet(46)) - raft.server.leaderelection.leader.step-down.wait-time = 10s (default)
2024-10-09 04:29:48,037 INFO  server.RaftServerConfigKeys (ConfUtils.java:logGet(46)) - raft.server.log.appender.install.snapshot.enabled = true (default)
2024-10-09 04:29:48,037 INFO  server.RaftServerConfigKeys (ConfUtils.java:logGet(46)) - raft.server.storage.dir = [/home/runner/work/ratis/ratis/ratis-examples/target/test/data/6e6e5023/MiniRaftClusterWithNettya4857fb2/s5] (custom)
2024-10-09 04:29:48,037 INFO  server.RaftServerConfigKeys (ConfUtils.java:logGet(46)) - raft.server.threadpool.proxy.cached = true (default)
2024-10-09 04:29:48,038 INFO  server.RaftServerConfigKeys (ConfUtils.java:logGet(46)) - raft.server.threadpool.proxy.size = 0 (default)
2024-10-09 04:29:48,037 INFO  server.RaftServerConfigKeys (ConfUtils.java:logGet(46)) - raft.server.threadpool.server.cached = true (default)
2024-10-09 04:29:48,038 INFO  server.RaftServerConfigKeys (ConfUtils.java:logGet(46)) - raft.server.threadpool.server.size = 0 (default)
2024-10-09 04:29:48,038 INFO  server.RaftServerConfigKeys (ConfUtils.java:logGet(46)) - raft.server.threadpool.client.cached = true (default)
2024-10-09 04:29:48,038 INFO  server.RaftServerConfigKeys (ConfUtils.java:logGet(46)) - raft.server.threadpool.client.size = 0 (default)
2024-10-09 04:29:48,038 INFO  server.RaftServer (RaftServerProxy.java:addNew(101)) - s5: addNew group-DA40570646C7:[] returns group-DA40570646C7:java.util.concurrent.CompletableFuture@7207f3c2[Not completed]
2024-10-09 04:29:48,038 INFO  netty.NettyUtils (NettyUtils.java:newEventLoopGroup(74)) - Create EpollEventLoopGroup for s5; Thread size is 0.
2024-10-09 04:29:48,038 INFO  impl.MiniRaftCluster (MiniRaftCluster.java:newRaftServer(386)) - newRaftServer: s6, group-DA40570646C7:[], format? true
2024-10-09 04:29:48,039 TRACE util.FileUtils (FileUtils.java:deleteFully(305)) - deleteFully target/test/data/6e6e5023/MiniRaftClusterWithNettya4857fb2/s6
2024-10-09 04:29:48,039 INFO  server.RaftServer$Division (RaftServerImpl.java:<init>(256)) - s5: new RaftServerImpl for group-DA40570646C7:[] with ArithmeticStateMachine:uninitialized
2024-10-09 04:29:48,039 TRACE util.FileUtils (FileUtils.java:deleteFully(318)) - deleteFully: target/test/data/6e6e5023/MiniRaftClusterWithNettya4857fb2/s6 does not exist.
2024-10-09 04:29:48,039 INFO  impl.MiniRaftCluster (MiniRaftCluster.java:newRaftServer(391)) - Formatted directory target/test/data/6e6e5023/MiniRaftClusterWithNettya4857fb2/s6
2024-10-09 04:29:48,039 INFO  server.RaftServerConfigKeys (ConfUtils.java:logGet(46)) - raft.server.rpc.timeout.min = 300ms (custom)
2024-10-09 04:29:48,039 INFO  server.RaftServerConfigKeys (ConfUtils.java:logGet(46)) - raft.server.rpc.timeout.max = 600ms (custom)
2024-10-09 04:29:48,039 INFO  server.RaftServerConfigKeys (ConfUtils.java:logGet(46)) - raft.server.rpc.sleep.time = 25ms (default)
2024-10-09 04:29:48,040 INFO  server.RaftServerConfigKeys (ConfUtils.java:logGet(46)) - raft.server.rpc.slowness.timeout = 60s (default)
2024-10-09 04:29:48,040 INFO  server.RaftServerConfigKeys (ConfUtils.java:logGet(46)) - raft.server.leaderelection.leader.step-down.wait-time = 10s (default)
2024-10-09 04:29:48,040 INFO  server.RaftServerConfigKeys (ConfUtils.java:logGet(46)) - raft.server.leaderelection.member.majority-add = false (default)
2024-10-09 04:29:48,040 INFO  server.RaftServerConfigKeys (ConfUtils.java:logGet(46)) - raft.server.sleep.deviation.threshold = 300ms (default)
2024-10-09 04:29:48,039 INFO  server.RaftServer (ConfUtils.java:logGet(46)) - raft.rpc.type = NETTY (custom)
2024-10-09 04:29:48,040 INFO  server.RaftServer$Division (ServerState.java:<init>(114)) - s5@group-DA40570646C7: ConfigurationManager, init=conf: {index: -1, cur=peers:[]|listeners:[], old=null}, confs=<EMPTY_MAP>
2024-10-09 04:29:48,040 INFO  netty.NettyConfigKeys$Server (ConfUtils.java:logGet(46)) - raft.netty.server.use-epoll = true (default)
2024-10-09 04:29:48,040 INFO  netty.NettyUtils (NettyUtils.java:newEventLoopGroup(74)) - Create EpollEventLoopGroup for NettyRpcService-bossGroup; Thread size is 0.
2024-10-09 04:29:48,040 INFO  server.RaftServerConfigKeys (ConfUtils.java:logGet(46)) - raft.server.notification.no-leader.timeout = 60s (default)
2024-10-09 04:29:48,041 INFO  server.RaftServerConfigKeys (ConfUtils.java:logGet(46)) - raft.server.read.timeout = 10s (default)
2024-10-09 04:29:48,041 INFO  server.RaftServerConfigKeys (ConfUtils.java:logGet(46)) - raft.server.retrycache.expirytime = 60s (default)
2024-10-09 04:29:48,041 INFO  server.RaftServerConfigKeys (ConfUtils.java:logGet(46)) - raft.server.retrycache.statistics.expirytime = 100ms (default)
2024-10-09 04:29:48,041 INFO  server.RaftServerConfigKeys (ConfUtils.java:logGet(46)) - raft.server.read.option = DEFAULT (default)
2024-10-09 04:29:48,041 INFO  server.RaftServerConfigKeys (ConfUtils.java:logGet(46)) - raft.server.read.read-after-write-consistent.write-index-cache.expiry-time = 60s (default)
2024-10-09 04:29:48,041 INFO  netty.NettyUtils (NettyUtils.java:newEventLoopGroup(74)) - Create EpollEventLoopGroup for NettyRpcService-workerGroup; Thread size is 0.
2024-10-09 04:29:48,041 INFO  server.RaftServerConfigKeys (ConfUtils.java:logGet(46)) - raft.server.rpc.request.timeout = 3000ms (default)
2024-10-09 04:29:48,041 INFO  server.RaftServerConfigKeys (ConfUtils.java:logGet(46)) - raft.server.log.appender.install.snapshot.enabled = true (default)
2024-10-09 04:29:48,041 INFO  server.RaftServerConfigKeys (ConfUtils.java:logGet(46)) - raft.server.threadpool.server.cached = true (default)
2024-10-09 04:29:48,041 INFO  server.RaftServerConfigKeys (ConfUtils.java:logGet(46)) - raft.server.threadpool.server.size = 0 (default)
2024-10-09 04:29:48,041 INFO  server.RaftServerConfigKeys (ConfUtils.java:logGet(46)) - raft.server.threadpool.client.cached = true (default)
2024-10-09 04:29:48,041 INFO  server.RaftServerConfigKeys (ConfUtils.java:logGet(46)) - raft.server.threadpool.client.size = 0 (default)
2024-10-09 04:29:48,067 INFO  netty.NettyConfigKeys$Server (ConfUtils.java:logGet(46)) - raft.netty.server.host = null (default)
2024-10-09 04:29:48,067 INFO  netty.NettyConfigKeys$Server (ConfUtils.java:logGet(46)) - raft.netty.server.port = 15021 (custom)
2024-10-09 04:29:48,067 INFO  impl.DataStreamServerImpl (ConfUtils.java:logGet(46)) - raft.datastream.type = DISABLED (default)
2024-10-09 04:29:48,067 INFO  server.RaftServerConfigKeys (ConfUtils.java:logGet(46)) - raft.server.sleep.deviation.threshold = 300ms (default)
2024-10-09 04:29:48,068 INFO  server.RaftServerConfigKeys (ConfUtils.java:logGet(46)) - raft.server.close.threshold = 60s (default)
2024-10-09 04:29:48,068 INFO  server.RaftServerConfigKeys (ConfUtils.java:logGet(46)) - raft.server.leaderelection.leader.step-down.wait-time = 10s (default)
2024-10-09 04:29:48,068 INFO  server.RaftServerConfigKeys (ConfUtils.java:logGet(46)) - raft.server.storage.dir = [/home/runner/work/ratis/ratis/ratis-examples/target/test/data/6e6e5023/MiniRaftClusterWithNettya4857fb2/s6] (custom)
2024-10-09 04:29:48,068 INFO  server.RaftServerConfigKeys (ConfUtils.java:logGet(46)) - raft.server.threadpool.proxy.cached = true (default)
2024-10-09 04:29:48,069 INFO  server.RaftServerConfigKeys (ConfUtils.java:logGet(46)) - raft.server.threadpool.proxy.size = 0 (default)
2024-10-09 04:29:48,069 INFO  server.RaftServer (RaftServerProxy.java:addNew(101)) - s6: addNew group-DA40570646C7:[] returns group-DA40570646C7:java.util.concurrent.CompletableFuture@4bd1b07d[Not completed]
2024-10-09 04:29:48,069 INFO  netty.NettyUtils (NettyUtils.java:newEventLoopGroup(74)) - Create EpollEventLoopGroup for s6; Thread size is 0.
2024-10-09 04:29:48,069 INFO  impl.MiniRaftCluster (MiniRaftCluster.java:newRaftServer(386)) - newRaftServer: s7, group-DA40570646C7:[], format? true
2024-10-09 04:29:48,070 TRACE util.FileUtils (FileUtils.java:deleteFully(305)) - deleteFully target/test/data/6e6e5023/MiniRaftClusterWithNettya4857fb2/s7
2024-10-09 04:29:48,070 INFO  server.RaftServer$Division (RaftServerImpl.java:<init>(256)) - s6: new RaftServerImpl for group-DA40570646C7:[] with ArithmeticStateMachine:uninitialized
2024-10-09 04:29:48,070 TRACE util.FileUtils (FileUtils.java:deleteFully(318)) - deleteFully: target/test/data/6e6e5023/MiniRaftClusterWithNettya4857fb2/s7 does not exist.
2024-10-09 04:29:48,070 INFO  impl.MiniRaftCluster (MiniRaftCluster.java:newRaftServer(391)) - Formatted directory target/test/data/6e6e5023/MiniRaftClusterWithNettya4857fb2/s7
2024-10-09 04:29:48,070 INFO  server.RaftServerConfigKeys (ConfUtils.java:logGet(46)) - raft.server.rpc.timeout.min = 300ms (custom)
2024-10-09 04:29:48,070 INFO  server.RaftServerConfigKeys (ConfUtils.java:logGet(46)) - raft.server.rpc.timeout.max = 600ms (custom)
2024-10-09 04:29:48,070 INFO  server.RaftServerConfigKeys (ConfUtils.java:logGet(46)) - raft.server.rpc.sleep.time = 25ms (default)
2024-10-09 04:29:48,071 INFO  server.RaftServerConfigKeys (ConfUtils.java:logGet(46)) - raft.server.rpc.slowness.timeout = 60s (default)
2024-10-09 04:29:48,071 INFO  server.RaftServer (ConfUtils.java:logGet(46)) - raft.rpc.type = NETTY (custom)
2024-10-09 04:29:48,071 INFO  server.RaftServerConfigKeys (ConfUtils.java:logGet(46)) - raft.server.leaderelection.leader.step-down.wait-time = 10s (default)
2024-10-09 04:29:48,071 INFO  server.RaftServerConfigKeys (ConfUtils.java:logGet(46)) - raft.server.leaderelection.member.majority-add = false (default)
2024-10-09 04:29:48,071 INFO  netty.NettyConfigKeys$Server (ConfUtils.java:logGet(46)) - raft.netty.server.use-epoll = true (default)
2024-10-09 04:29:48,071 INFO  netty.NettyUtils (NettyUtils.java:newEventLoopGroup(74)) - Create EpollEventLoopGroup for NettyRpcService-bossGroup; Thread size is 0.
2024-10-09 04:29:48,071 INFO  server.RaftServerConfigKeys (ConfUtils.java:logGet(46)) - raft.server.sleep.deviation.threshold = 300ms (default)
2024-10-09 04:29:48,071 INFO  server.RaftServer$Division (ServerState.java:<init>(114)) - s6@group-DA40570646C7: ConfigurationManager, init=conf: {index: -1, cur=peers:[]|listeners:[], old=null}, confs=<EMPTY_MAP>
2024-10-09 04:29:48,072 INFO  server.RaftServerConfigKeys (ConfUtils.java:logGet(46)) - raft.server.notification.no-leader.timeout = 60s (default)
2024-10-09 04:29:48,072 INFO  server.RaftServerConfigKeys (ConfUtils.java:logGet(46)) - raft.server.read.timeout = 10s (default)
2024-10-09 04:29:48,072 INFO  server.RaftServerConfigKeys (ConfUtils.java:logGet(46)) - raft.server.retrycache.expirytime = 60s (default)
2024-10-09 04:29:48,072 INFO  server.RaftServerConfigKeys (ConfUtils.java:logGet(46)) - raft.server.retrycache.statistics.expirytime = 100ms (default)
2024-10-09 04:29:48,072 INFO  netty.NettyUtils (NettyUtils.java:newEventLoopGroup(74)) - Create EpollEventLoopGroup for NettyRpcService-workerGroup; Thread size is 0.
2024-10-09 04:29:48,072 INFO  server.RaftServerConfigKeys (ConfUtils.java:logGet(46)) - raft.server.read.option = DEFAULT (default)
2024-10-09 04:29:48,072 INFO  server.RaftServerConfigKeys (ConfUtils.java:logGet(46)) - raft.server.read.read-after-write-consistent.write-index-cache.expiry-time = 60s (default)
2024-10-09 04:29:48,072 INFO  netty.NettyConfigKeys$Server (ConfUtils.java:logGet(46)) - raft.netty.server.host = null (default)
2024-10-09 04:29:48,073 INFO  netty.NettyConfigKeys$Server (ConfUtils.java:logGet(46)) - raft.netty.server.port = 15022 (custom)
2024-10-09 04:29:48,073 INFO  server.RaftServerConfigKeys (ConfUtils.java:logGet(46)) - raft.server.rpc.request.timeout = 3000ms (default)
2024-10-09 04:29:48,073 INFO  server.RaftServerConfigKeys (ConfUtils.java:logGet(46)) - raft.server.log.appender.install.snapshot.enabled = true (default)
2024-10-09 04:29:48,073 INFO  server.RaftServerConfigKeys (ConfUtils.java:logGet(46)) - raft.server.threadpool.server.cached = true (default)
2024-10-09 04:29:48,073 INFO  server.RaftServerConfigKeys (ConfUtils.java:logGet(46)) - raft.server.threadpool.server.size = 0 (default)
2024-10-09 04:29:48,073 INFO  impl.DataStreamServerImpl (ConfUtils.java:logGet(46)) - raft.datastream.type = DISABLED (default)
2024-10-09 04:29:48,075 INFO  server.RaftServerConfigKeys (ConfUtils.java:logGet(46)) - raft.server.sleep.deviation.threshold = 300ms (default)
2024-10-09 04:29:48,075 INFO  server.RaftServerConfigKeys (ConfUtils.java:logGet(46)) - raft.server.close.threshold = 60s (default)
2024-10-09 04:29:48,075 INFO  server.RaftServerConfigKeys (ConfUtils.java:logGet(46)) - raft.server.threadpool.client.cached = true (default)
2024-10-09 04:29:48,076 INFO  server.RaftServerConfigKeys (ConfUtils.java:logGet(46)) - raft.server.threadpool.client.size = 0 (default)
2024-10-09 04:29:48,075 INFO  server.RaftServerConfigKeys (ConfUtils.java:logGet(46)) - raft.server.leaderelection.leader.step-down.wait-time = 10s (default)
2024-10-09 04:29:48,076 INFO  server.RaftServerConfigKeys (ConfUtils.java:logGet(46)) - raft.server.storage.dir = [/home/runner/work/ratis/ratis/ratis-examples/target/test/data/6e6e5023/MiniRaftClusterWithNettya4857fb2/s7] (custom)
2024-10-09 04:29:48,076 INFO  server.RaftServerConfigKeys (ConfUtils.java:logGet(46)) - raft.server.threadpool.proxy.cached = true (default)
2024-10-09 04:29:48,076 INFO  server.RaftServerConfigKeys (ConfUtils.java:logGet(46)) - raft.server.threadpool.proxy.size = 0 (default)
2024-10-09 04:29:48,077 INFO  server.RaftServer (RaftServerProxy.java:addNew(101)) - s7: addNew group-DA40570646C7:[] returns group-DA40570646C7:java.util.concurrent.CompletableFuture@53c21c05[Not completed]
2024-10-09 04:29:48,077 INFO  netty.NettyUtils (NettyUtils.java:newEventLoopGroup(74)) - Create EpollEventLoopGroup for s7; Thread size is 0.
2024-10-09 04:29:48,077 INFO  impl.MiniRaftCluster (MiniRaftCluster.java:newRaftServer(386)) - newRaftServer: s8, group-DA40570646C7:[], format? true
2024-10-09 04:29:48,078 TRACE util.FileUtils (FileUtils.java:deleteFully(305)) - deleteFully target/test/data/6e6e5023/MiniRaftClusterWithNettya4857fb2/s8
2024-10-09 04:29:48,078 INFO  server.RaftServer$Division (RaftServerImpl.java:<init>(256)) - s7: new RaftServerImpl for group-DA40570646C7:[] with ArithmeticStateMachine:uninitialized
2024-10-09 04:29:48,078 INFO  server.RaftServerConfigKeys (ConfUtils.java:logGet(46)) - raft.server.rpc.timeout.min = 300ms (custom)
2024-10-09 04:29:48,078 INFO  server.RaftServerConfigKeys (ConfUtils.java:logGet(46)) - raft.server.rpc.timeout.max = 600ms (custom)
2024-10-09 04:29:48,078 INFO  server.RaftServerConfigKeys (ConfUtils.java:logGet(46)) - raft.server.rpc.sleep.time = 25ms (default)
2024-10-09 04:29:48,078 INFO  server.RaftServerConfigKeys (ConfUtils.java:logGet(46)) - raft.server.rpc.slowness.timeout = 60s (default)
2024-10-09 04:29:48,078 INFO  server.RaftServerConfigKeys (ConfUtils.java:logGet(46)) - raft.server.leaderelection.leader.step-down.wait-time = 10s (default)
2024-10-09 04:29:48,078 INFO  server.RaftServerConfigKeys (ConfUtils.java:logGet(46)) - raft.server.leaderelection.member.majority-add = false (default)
2024-10-09 04:29:48,078 INFO  server.RaftServerConfigKeys (ConfUtils.java:logGet(46)) - raft.server.sleep.deviation.threshold = 300ms (default)
2024-10-09 04:29:48,078 TRACE util.FileUtils (FileUtils.java:deleteFully(318)) - deleteFully: target/test/data/6e6e5023/MiniRaftClusterWithNettya4857fb2/s8 does not exist.
2024-10-09 04:29:48,079 INFO  impl.MiniRaftCluster (MiniRaftCluster.java:newRaftServer(391)) - Formatted directory target/test/data/6e6e5023/MiniRaftClusterWithNettya4857fb2/s8
2024-10-09 04:29:48,078 INFO  server.RaftServer$Division (ServerState.java:<init>(114)) - s7@group-DA40570646C7: ConfigurationManager, init=conf: {index: -1, cur=peers:[]|listeners:[], old=null}, confs=<EMPTY_MAP>
2024-10-09 04:29:48,079 INFO  server.RaftServerConfigKeys (ConfUtils.java:logGet(46)) - raft.server.notification.no-leader.timeout = 60s (default)
2024-10-09 04:29:48,079 INFO  server.RaftServerConfigKeys (ConfUtils.java:logGet(46)) - raft.server.read.timeout = 10s (default)
2024-10-09 04:29:48,079 INFO  server.RaftServerConfigKeys (ConfUtils.java:logGet(46)) - raft.server.retrycache.expirytime = 60s (default)
2024-10-09 04:29:48,079 INFO  server.RaftServerConfigKeys (ConfUtils.java:logGet(46)) - raft.server.retrycache.statistics.expirytime = 100ms (default)
2024-10-09 04:29:48,079 INFO  server.RaftServer (ConfUtils.java:logGet(46)) - raft.rpc.type = NETTY (custom)
2024-10-09 04:29:48,079 INFO  server.RaftServerConfigKeys (ConfUtils.java:logGet(46)) - raft.server.read.option = DEFAULT (default)
2024-10-09 04:29:48,080 INFO  server.RaftServerConfigKeys (ConfUtils.java:logGet(46)) - raft.server.read.read-after-write-consistent.write-index-cache.expiry-time = 60s (default)
2024-10-09 04:29:48,080 INFO  netty.NettyConfigKeys$Server (ConfUtils.java:logGet(46)) - raft.netty.server.use-epoll = true (default)
2024-10-09 04:29:48,080 INFO  netty.NettyUtils (NettyUtils.java:newEventLoopGroup(74)) - Create EpollEventLoopGroup for NettyRpcService-bossGroup; Thread size is 0.
2024-10-09 04:29:48,080 INFO  server.RaftServerConfigKeys (ConfUtils.java:logGet(46)) - raft.server.rpc.request.timeout = 3000ms (default)
2024-10-09 04:29:48,080 INFO  server.RaftServerConfigKeys (ConfUtils.java:logGet(46)) - raft.server.log.appender.install.snapshot.enabled = true (default)
2024-10-09 04:29:48,080 INFO  server.RaftServerConfigKeys (ConfUtils.java:logGet(46)) - raft.server.threadpool.server.cached = true (default)
2024-10-09 04:29:48,080 INFO  server.RaftServerConfigKeys (ConfUtils.java:logGet(46)) - raft.server.threadpool.server.size = 0 (default)
2024-10-09 04:29:48,080 INFO  server.RaftServerConfigKeys (ConfUtils.java:logGet(46)) - raft.server.threadpool.client.cached = true (default)
2024-10-09 04:29:48,080 INFO  server.RaftServerConfigKeys (ConfUtils.java:logGet(46)) - raft.server.threadpool.client.size = 0 (default)
2024-10-09 04:29:48,081 INFO  netty.NettyUtils (NettyUtils.java:newEventLoopGroup(74)) - Create EpollEventLoopGroup for NettyRpcService-workerGroup; Thread size is 0.
2024-10-09 04:29:48,081 INFO  netty.NettyConfigKeys$Server (ConfUtils.java:logGet(46)) - raft.netty.server.host = null (default)
2024-10-09 04:29:48,081 INFO  netty.NettyConfigKeys$Server (ConfUtils.java:logGet(46)) - raft.netty.server.port = 15023 (custom)
2024-10-09 04:29:48,082 INFO  impl.DataStreamServerImpl (ConfUtils.java:logGet(46)) - raft.datastream.type = DISABLED (default)
2024-10-09 04:29:48,082 INFO  server.RaftServerConfigKeys (ConfUtils.java:logGet(46)) - raft.server.sleep.deviation.threshold = 300ms (default)
2024-10-09 04:29:48,082 INFO  server.RaftServerConfigKeys (ConfUtils.java:logGet(46)) - raft.server.close.threshold = 60s (default)
2024-10-09 04:29:48,082 INFO  server.RaftServerConfigKeys (ConfUtils.java:logGet(46)) - raft.server.leaderelection.leader.step-down.wait-time = 10s (default)
2024-10-09 04:29:48,083 INFO  server.RaftServerConfigKeys (ConfUtils.java:logGet(46)) - raft.server.storage.dir = [/home/runner/work/ratis/ratis/ratis-examples/target/test/data/6e6e5023/MiniRaftClusterWithNettya4857fb2/s8] (custom)
2024-10-09 04:29:48,083 INFO  server.RaftServerConfigKeys (ConfUtils.java:logGet(46)) - raft.server.threadpool.proxy.cached = true (default)
2024-10-09 04:29:48,083 INFO  server.RaftServerConfigKeys (ConfUtils.java:logGet(46)) - raft.server.threadpool.proxy.size = 0 (default)
2024-10-09 04:29:48,084 INFO  server.RaftServer (RaftServerProxy.java:addNew(101)) - s8: addNew group-DA40570646C7:[] returns group-DA40570646C7:java.util.concurrent.CompletableFuture@6bf70600[Not completed]
2024-10-09 04:29:48,084 INFO  netty.NettyUtils (NettyUtils.java:newEventLoopGroup(74)) - Create EpollEventLoopGroup for s8; Thread size is 0.
2024-10-09 04:29:48,084 INFO  impl.MiniRaftCluster (MiniRaftCluster.java:newRaftServer(386)) - newRaftServer: s9, group-DA40570646C7:[], format? true
2024-10-09 04:29:48,085 TRACE util.FileUtils (FileUtils.java:deleteFully(305)) - deleteFully target/test/data/6e6e5023/MiniRaftClusterWithNettya4857fb2/s9
2024-10-09 04:29:48,085 TRACE util.FileUtils (FileUtils.java:deleteFully(318)) - deleteFully: target/test/data/6e6e5023/MiniRaftClusterWithNettya4857fb2/s9 does not exist.
2024-10-09 04:29:48,085 INFO  impl.MiniRaftCluster (MiniRaftCluster.java:newRaftServer(391)) - Formatted directory target/test/data/6e6e5023/MiniRaftClusterWithNettya4857fb2/s9
2024-10-09 04:29:48,085 INFO  server.RaftServer$Division (RaftServerImpl.java:<init>(256)) - s8: new RaftServerImpl for group-DA40570646C7:[] with ArithmeticStateMachine:uninitialized
2024-10-09 04:29:48,085 INFO  server.RaftServerConfigKeys (ConfUtils.java:logGet(46)) - raft.server.rpc.timeout.min = 300ms (custom)
2024-10-09 04:29:48,085 INFO  server.RaftServerConfigKeys (ConfUtils.java:logGet(46)) - raft.server.rpc.timeout.max = 600ms (custom)
2024-10-09 04:29:48,086 INFO  server.RaftServerConfigKeys (ConfUtils.java:logGet(46)) - raft.server.rpc.sleep.time = 25ms (default)
2024-10-09 04:29:48,086 INFO  server.RaftServerConfigKeys (ConfUtils.java:logGet(46)) - raft.server.rpc.slowness.timeout = 60s (default)
2024-10-09 04:29:48,086 INFO  server.RaftServerConfigKeys (ConfUtils.java:logGet(46)) - raft.server.leaderelection.leader.step-down.wait-time = 10s (default)
2024-10-09 04:29:48,086 INFO  server.RaftServerConfigKeys (ConfUtils.java:logGet(46)) - raft.server.leaderelection.member.majority-add = false (default)
2024-10-09 04:29:48,086 INFO  server.RaftServerConfigKeys (ConfUtils.java:logGet(46)) - raft.server.sleep.deviation.threshold = 300ms (default)
2024-10-09 04:29:48,086 INFO  server.RaftServer$Division (ServerState.java:<init>(114)) - s8@group-DA40570646C7: ConfigurationManager, init=conf: {index: -1, cur=peers:[]|listeners:[], old=null}, confs=<EMPTY_MAP>
2024-10-09 04:29:48,086 INFO  server.RaftServerConfigKeys (ConfUtils.java:logGet(46)) - raft.server.notification.no-leader.timeout = 60s (default)
2024-10-09 04:29:48,086 INFO  server.RaftServerConfigKeys (ConfUtils.java:logGet(46)) - raft.server.read.timeout = 10s (default)
2024-10-09 04:29:48,086 INFO  server.RaftServerConfigKeys (ConfUtils.java:logGet(46)) - raft.server.retrycache.expirytime = 60s (default)
2024-10-09 04:29:48,086 INFO  server.RaftServerConfigKeys (ConfUtils.java:logGet(46)) - raft.server.retrycache.statistics.expirytime = 100ms (default)
2024-10-09 04:29:48,086 INFO  server.RaftServer (ConfUtils.java:logGet(46)) - raft.rpc.type = NETTY (custom)
2024-10-09 04:29:48,086 INFO  server.RaftServerConfigKeys (ConfUtils.java:logGet(46)) - raft.server.read.option = DEFAULT (default)
2024-10-09 04:29:48,086 INFO  netty.NettyConfigKeys$Server (ConfUtils.java:logGet(46)) - raft.netty.server.use-epoll = true (default)
2024-10-09 04:29:48,087 INFO  netty.NettyUtils (NettyUtils.java:newEventLoopGroup(74)) - Create EpollEventLoopGroup for NettyRpcService-bossGroup; Thread size is 0.
2024-10-09 04:29:48,087 INFO  server.RaftServerConfigKeys (ConfUtils.java:logGet(46)) - raft.server.read.read-after-write-consistent.write-index-cache.expiry-time = 60s (default)
2024-10-09 04:29:48,088 INFO  server.RaftServerConfigKeys (ConfUtils.java:logGet(46)) - raft.server.rpc.request.timeout = 3000ms (default)
2024-10-09 04:29:48,088 INFO  server.RaftServerConfigKeys (ConfUtils.java:logGet(46)) - raft.server.log.appender.install.snapshot.enabled = true (default)
2024-10-09 04:29:48,088 INFO  server.RaftServerConfigKeys (ConfUtils.java:logGet(46)) - raft.server.threadpool.server.cached = true (default)
2024-10-09 04:29:48,088 INFO  server.RaftServerConfigKeys (ConfUtils.java:logGet(46)) - raft.server.threadpool.server.size = 0 (default)
2024-10-09 04:29:48,088 INFO  server.RaftServerConfigKeys (ConfUtils.java:logGet(46)) - raft.server.threadpool.client.cached = true (default)
2024-10-09 04:29:48,088 INFO  server.RaftServerConfigKeys (ConfUtils.java:logGet(46)) - raft.server.threadpool.client.size = 0 (default)
2024-10-09 04:29:48,088 INFO  netty.NettyUtils (NettyUtils.java:newEventLoopGroup(74)) - Create EpollEventLoopGroup for NettyRpcService-workerGroup; Thread size is 0.
2024-10-09 04:29:48,089 INFO  netty.NettyConfigKeys$Server (ConfUtils.java:logGet(46)) - raft.netty.server.host = null (default)
2024-10-09 04:29:48,089 INFO  netty.NettyConfigKeys$Server (ConfUtils.java:logGet(46)) - raft.netty.server.port = 15024 (custom)
2024-10-09 04:29:48,089 INFO  impl.DataStreamServerImpl (ConfUtils.java:logGet(46)) - raft.datastream.type = DISABLED (default)
2024-10-09 04:29:48,089 INFO  server.RaftServerConfigKeys (ConfUtils.java:logGet(46)) - raft.server.sleep.deviation.threshold = 300ms (default)
2024-10-09 04:29:48,090 INFO  server.RaftServerConfigKeys (ConfUtils.java:logGet(46)) - raft.server.close.threshold = 60s (default)
2024-10-09 04:29:48,090 INFO  server.RaftServerConfigKeys (ConfUtils.java:logGet(46)) - raft.server.leaderelection.leader.step-down.wait-time = 10s (default)
2024-10-09 04:29:48,090 INFO  server.RaftServerConfigKeys (ConfUtils.java:logGet(46)) - raft.server.storage.dir = [/home/runner/work/ratis/ratis/ratis-examples/target/test/data/6e6e5023/MiniRaftClusterWithNettya4857fb2/s9] (custom)
2024-10-09 04:29:48,090 INFO  server.RaftServerConfigKeys (ConfUtils.java:logGet(46)) - raft.server.threadpool.proxy.cached = true (default)
2024-10-09 04:29:48,091 INFO  server.RaftServerConfigKeys (ConfUtils.java:logGet(46)) - raft.server.threadpool.proxy.size = 0 (default)
2024-10-09 04:29:48,091 INFO  server.RaftServer (RaftServerProxy.java:addNew(101)) - s9: addNew group-DA40570646C7:[] returns group-DA40570646C7:java.util.concurrent.CompletableFuture@154208f2[Not completed]
2024-10-09 04:29:48,092 INFO  netty.NettyUtils (NettyUtils.java:newEventLoopGroup(74)) - Create EpollEventLoopGroup for s9; Thread size is 0.
2024-10-09 04:29:48,092 INFO  impl.MiniRaftCluster (MiniRaftCluster.java:newRaftServer(386)) - newRaftServer: s10, group-DA40570646C7:[], format? true
2024-10-09 04:29:48,092 TRACE util.FileUtils (FileUtils.java:deleteFully(305)) - deleteFully target/test/data/6e6e5023/MiniRaftClusterWithNettya4857fb2/s10
2024-10-09 04:29:48,092 INFO  server.RaftServer$Division (RaftServerImpl.java:<init>(256)) - s9: new RaftServerImpl for group-DA40570646C7:[] with ArithmeticStateMachine:uninitialized
2024-10-09 04:29:48,092 INFO  server.RaftServerConfigKeys (ConfUtils.java:logGet(46)) - raft.server.rpc.timeout.min = 300ms (custom)
2024-10-09 04:29:48,092 INFO  server.RaftServerConfigKeys (ConfUtils.java:logGet(46)) - raft.server.rpc.timeout.max = 600ms (custom)
2024-10-09 04:29:48,093 INFO  server.RaftServerConfigKeys (ConfUtils.java:logGet(46)) - raft.server.rpc.sleep.time = 25ms (default)
2024-10-09 04:29:48,093 INFO  server.RaftServerConfigKeys (ConfUtils.java:logGet(46)) - raft.server.rpc.slowness.timeout = 60s (default)
2024-10-09 04:29:48,093 INFO  server.RaftServerConfigKeys (ConfUtils.java:logGet(46)) - raft.server.leaderelection.leader.step-down.wait-time = 10s (default)
2024-10-09 04:29:48,093 INFO  server.RaftServerConfigKeys (ConfUtils.java:logGet(46)) - raft.server.leaderelection.member.majority-add = false (default)
2024-10-09 04:29:48,093 INFO  server.RaftServerConfigKeys (ConfUtils.java:logGet(46)) - raft.server.sleep.deviation.threshold = 300ms (default)
2024-10-09 04:29:48,092 TRACE util.FileUtils (FileUtils.java:deleteFully(318)) - deleteFully: target/test/data/6e6e5023/MiniRaftClusterWithNettya4857fb2/s10 does not exist.
2024-10-09 04:29:48,093 INFO  impl.MiniRaftCluster (MiniRaftCluster.java:newRaftServer(391)) - Formatted directory target/test/data/6e6e5023/MiniRaftClusterWithNettya4857fb2/s10
2024-10-09 04:29:48,093 INFO  server.RaftServer$Division (ServerState.java:<init>(114)) - s9@group-DA40570646C7: ConfigurationManager, init=conf: {index: -1, cur=peers:[]|listeners:[], old=null}, confs=<EMPTY_MAP>
2024-10-09 04:29:48,093 INFO  server.RaftServerConfigKeys (ConfUtils.java:logGet(46)) - raft.server.notification.no-leader.timeout = 60s (default)
2024-10-09 04:29:48,094 INFO  server.RaftServerConfigKeys (ConfUtils.java:logGet(46)) - raft.server.read.timeout = 10s (default)
2024-10-09 04:29:48,094 INFO  server.RaftServerConfigKeys (ConfUtils.java:logGet(46)) - raft.server.retrycache.expirytime = 60s (default)
2024-10-09 04:29:48,094 INFO  server.RaftServerConfigKeys (ConfUtils.java:logGet(46)) - raft.server.retrycache.statistics.expirytime = 100ms (default)
2024-10-09 04:29:48,094 INFO  server.RaftServer (ConfUtils.java:logGet(46)) - raft.rpc.type = NETTY (custom)
2024-10-09 04:29:48,094 INFO  server.RaftServerConfigKeys (ConfUtils.java:logGet(46)) - raft.server.read.option = DEFAULT (default)
2024-10-09 04:29:48,094 INFO  server.RaftServerConfigKeys (ConfUtils.java:logGet(46)) - raft.server.read.read-after-write-consistent.write-index-cache.expiry-time = 60s (default)
2024-10-09 04:29:48,094 INFO  netty.NettyConfigKeys$Server (ConfUtils.java:logGet(46)) - raft.netty.server.use-epoll = true (default)
2024-10-09 04:29:48,094 INFO  netty.NettyUtils (NettyUtils.java:newEventLoopGroup(74)) - Create EpollEventLoopGroup for NettyRpcService-bossGroup; Thread size is 0.
2024-10-09 04:29:48,095 INFO  server.RaftServerConfigKeys (ConfUtils.java:logGet(46)) - raft.server.rpc.request.timeout = 3000ms (default)
2024-10-09 04:29:48,095 INFO  server.RaftServerConfigKeys (ConfUtils.java:logGet(46)) - raft.server.log.appender.install.snapshot.enabled = true (default)
2024-10-09 04:29:48,095 INFO  server.RaftServerConfigKeys (ConfUtils.java:logGet(46)) - raft.server.threadpool.server.cached = true (default)
2024-10-09 04:29:48,095 INFO  server.RaftServerConfigKeys (ConfUtils.java:logGet(46)) - raft.server.threadpool.server.size = 0 (default)
2024-10-09 04:29:48,095 INFO  server.RaftServerConfigKeys (ConfUtils.java:logGet(46)) - raft.server.threadpool.client.cached = true (default)
2024-10-09 04:29:48,095 INFO  server.RaftServerConfigKeys (ConfUtils.java:logGet(46)) - raft.server.threadpool.client.size = 0 (default)
2024-10-09 04:29:48,096 INFO  netty.NettyUtils (NettyUtils.java:newEventLoopGroup(74)) - Create EpollEventLoopGroup for NettyRpcService-workerGroup; Thread size is 0.
2024-10-09 04:29:48,097 INFO  netty.NettyConfigKeys$Server (ConfUtils.java:logGet(46)) - raft.netty.server.host = null (default)
2024-10-09 04:29:48,097 INFO  netty.NettyConfigKeys$Server (ConfUtils.java:logGet(46)) - raft.netty.server.port = 15025 (custom)
2024-10-09 04:29:48,098 INFO  impl.DataStreamServerImpl (ConfUtils.java:logGet(46)) - raft.datastream.type = DISABLED (default)
2024-10-09 04:29:48,098 INFO  server.RaftServerConfigKeys (ConfUtils.java:logGet(46)) - raft.server.sleep.deviation.threshold = 300ms (default)
2024-10-09 04:29:48,098 INFO  server.RaftServerConfigKeys (ConfUtils.java:logGet(46)) - raft.server.close.threshold = 60s (default)
2024-10-09 04:29:48,099 INFO  server.RaftServerConfigKeys (ConfUtils.java:logGet(46)) - raft.server.leaderelection.leader.step-down.wait-time = 10s (default)
2024-10-09 04:29:48,099 INFO  server.RaftServerConfigKeys (ConfUtils.java:logGet(46)) - raft.server.storage.dir = [/home/runner/work/ratis/ratis/ratis-examples/target/test/data/6e6e5023/MiniRaftClusterWithNettya4857fb2/s10] (custom)
2024-10-09 04:29:48,099 INFO  server.RaftServerConfigKeys (ConfUtils.java:logGet(46)) - raft.server.threadpool.proxy.cached = true (default)
2024-10-09 04:29:48,099 INFO  server.RaftServerConfigKeys (ConfUtils.java:logGet(46)) - raft.server.threadpool.proxy.size = 0 (default)
2024-10-09 04:29:48,100 INFO  server.RaftServer (RaftServerProxy.java:addNew(101)) - s10: addNew group-DA40570646C7:[] returns group-DA40570646C7:java.util.concurrent.CompletableFuture@5eadc347[Not completed]
2024-10-09 04:29:48,100 INFO  netty.NettyUtils (NettyUtils.java:newEventLoopGroup(74)) - Create EpollEventLoopGroup for s10; Thread size is 0.
2024-10-09 04:29:48,100 INFO  impl.MiniRaftCluster (MiniRaftCluster.java:newRaftServer(386)) - newRaftServer: s11, group-DA40570646C7:[], format? true
2024-10-09 04:29:48,101 TRACE util.FileUtils (FileUtils.java:deleteFully(305)) - deleteFully target/test/data/6e6e5023/MiniRaftClusterWithNettya4857fb2/s11
2024-10-09 04:29:48,101 INFO  server.RaftServer$Division (RaftServerImpl.java:<init>(256)) - s10: new RaftServerImpl for group-DA40570646C7:[] with ArithmeticStateMachine:uninitialized
2024-10-09 04:29:48,101 INFO  server.RaftServerConfigKeys (ConfUtils.java:logGet(46)) - raft.server.rpc.timeout.min = 300ms (custom)
2024-10-09 04:29:48,101 INFO  server.RaftServerConfigKeys (ConfUtils.java:logGet(46)) - raft.server.rpc.timeout.max = 600ms (custom)
2024-10-09 04:29:48,101 INFO  server.RaftServerConfigKeys (ConfUtils.java:logGet(46)) - raft.server.rpc.sleep.time = 25ms (default)
2024-10-09 04:29:48,101 INFO  server.RaftServerConfigKeys (ConfUtils.java:logGet(46)) - raft.server.rpc.slowness.timeout = 60s (default)
2024-10-09 04:29:48,101 INFO  server.RaftServerConfigKeys (ConfUtils.java:logGet(46)) - raft.server.leaderelection.leader.step-down.wait-time = 10s (default)
2024-10-09 04:29:48,101 INFO  server.RaftServerConfigKeys (ConfUtils.java:logGet(46)) - raft.server.leaderelection.member.majority-add = false (default)
2024-10-09 04:29:48,101 INFO  server.RaftServerConfigKeys (ConfUtils.java:logGet(46)) - raft.server.sleep.deviation.threshold = 300ms (default)
2024-10-09 04:29:48,101 TRACE util.FileUtils (FileUtils.java:deleteFully(318)) - deleteFully: target/test/data/6e6e5023/MiniRaftClusterWithNettya4857fb2/s11 does not exist.
2024-10-09 04:29:48,102 INFO  impl.MiniRaftCluster (MiniRaftCluster.java:newRaftServer(391)) - Formatted directory target/test/data/6e6e5023/MiniRaftClusterWithNettya4857fb2/s11
2024-10-09 04:29:48,101 INFO  server.RaftServer$Division (ServerState.java:<init>(114)) - s10@group-DA40570646C7: ConfigurationManager, init=conf: {index: -1, cur=peers:[]|listeners:[], old=null}, confs=<EMPTY_MAP>
2024-10-09 04:29:48,102 INFO  server.RaftServerConfigKeys (ConfUtils.java:logGet(46)) - raft.server.notification.no-leader.timeout = 60s (default)
2024-10-09 04:29:48,102 INFO  server.RaftServerConfigKeys (ConfUtils.java:logGet(46)) - raft.server.read.timeout = 10s (default)
2024-10-09 04:29:48,102 INFO  server.RaftServerConfigKeys (ConfUtils.java:logGet(46)) - raft.server.retrycache.expirytime = 60s (default)
2024-10-09 04:29:48,102 INFO  server.RaftServerConfigKeys (ConfUtils.java:logGet(46)) - raft.server.retrycache.statistics.expirytime = 100ms (default)
2024-10-09 04:29:48,102 INFO  server.RaftServer (ConfUtils.java:logGet(46)) - raft.rpc.type = NETTY (custom)
2024-10-09 04:29:48,102 INFO  netty.NettyConfigKeys$Server (ConfUtils.java:logGet(46)) - raft.netty.server.use-epoll = true (default)
2024-10-09 04:29:48,103 INFO  netty.NettyUtils (NettyUtils.java:newEventLoopGroup(74)) - Create EpollEventLoopGroup for NettyRpcService-bossGroup; Thread size is 0.
2024-10-09 04:29:48,103 INFO  server.RaftServerConfigKeys (ConfUtils.java:logGet(46)) - raft.server.read.option = DEFAULT (default)
2024-10-09 04:29:48,103 INFO  server.RaftServerConfigKeys (ConfUtils.java:logGet(46)) - raft.server.read.read-after-write-consistent.write-index-cache.expiry-time = 60s (default)
2024-10-09 04:29:48,103 INFO  netty.NettyUtils (NettyUtils.java:newEventLoopGroup(74)) - Create EpollEventLoopGroup for NettyRpcService-workerGroup; Thread size is 0.
2024-10-09 04:29:48,104 INFO  netty.NettyConfigKeys$Server (ConfUtils.java:logGet(46)) - raft.netty.server.host = null (default)
2024-10-09 04:29:48,104 INFO  netty.NettyConfigKeys$Server (ConfUtils.java:logGet(46)) - raft.netty.server.port = 15026 (custom)
2024-10-09 04:29:48,104 INFO  server.RaftServerConfigKeys (ConfUtils.java:logGet(46)) - raft.server.rpc.request.timeout = 3000ms (default)
2024-10-09 04:29:48,104 INFO  server.RaftServerConfigKeys (ConfUtils.java:logGet(46)) - raft.server.log.appender.install.snapshot.enabled = true (default)
2024-10-09 04:29:48,104 INFO  server.RaftServerConfigKeys (ConfUtils.java:logGet(46)) - raft.server.threadpool.server.cached = true (default)
2024-10-09 04:29:48,104 INFO  server.RaftServerConfigKeys (ConfUtils.java:logGet(46)) - raft.server.threadpool.server.size = 0 (default)
2024-10-09 04:29:48,105 INFO  server.RaftServerConfigKeys (ConfUtils.java:logGet(46)) - raft.server.threadpool.client.cached = true (default)
2024-10-09 04:29:48,105 INFO  server.RaftServerConfigKeys (ConfUtils.java:logGet(46)) - raft.server.threadpool.client.size = 0 (default)
2024-10-09 04:29:48,104 INFO  impl.DataStreamServerImpl (ConfUtils.java:logGet(46)) - raft.datastream.type = DISABLED (default)
2024-10-09 04:29:48,105 INFO  server.RaftServerConfigKeys (ConfUtils.java:logGet(46)) - raft.server.sleep.deviation.threshold = 300ms (default)
2024-10-09 04:29:48,105 INFO  server.RaftServerConfigKeys (ConfUtils.java:logGet(46)) - raft.server.close.threshold = 60s (default)
2024-10-09 04:29:48,105 INFO  server.RaftServerConfigKeys (ConfUtils.java:logGet(46)) - raft.server.leaderelection.leader.step-down.wait-time = 10s (default)
2024-10-09 04:29:48,106 INFO  server.RaftServerConfigKeys (ConfUtils.java:logGet(46)) - raft.server.storage.dir = [/home/runner/work/ratis/ratis/ratis-examples/target/test/data/6e6e5023/MiniRaftClusterWithNettya4857fb2/s11] (custom)
2024-10-09 04:29:48,106 INFO  server.RaftServerConfigKeys (ConfUtils.java:logGet(46)) - raft.server.threadpool.proxy.cached = true (default)
2024-10-09 04:29:48,106 INFO  server.RaftServerConfigKeys (ConfUtils.java:logGet(46)) - raft.server.threadpool.proxy.size = 0 (default)
2024-10-09 04:29:48,107 INFO  server.RaftServer (RaftServerProxy.java:addNew(101)) - s11: addNew group-DA40570646C7:[] returns group-DA40570646C7:java.util.concurrent.CompletableFuture@22f0e329[Not completed]
2024-10-09 04:29:48,107 INFO  netty.NettyUtils (NettyUtils.java:newEventLoopGroup(74)) - Create EpollEventLoopGroup for s11; Thread size is 0.
2024-10-09 04:29:48,107 INFO  impl.MiniRaftCluster (MiniRaftCluster.java:newRaftServer(386)) - newRaftServer: s12, group-DA40570646C7:[], format? true
2024-10-09 04:29:48,108 TRACE util.FileUtils (FileUtils.java:deleteFully(305)) - deleteFully target/test/data/6e6e5023/MiniRaftClusterWithNettya4857fb2/s12
2024-10-09 04:29:48,108 INFO  server.RaftServer$Division (RaftServerImpl.java:<init>(256)) - s11: new RaftServerImpl for group-DA40570646C7:[] with ArithmeticStateMachine:uninitialized
2024-10-09 04:29:48,108 INFO  server.RaftServerConfigKeys (ConfUtils.java:logGet(46)) - raft.server.rpc.timeout.min = 300ms (custom)
2024-10-09 04:29:48,108 INFO  server.RaftServerConfigKeys (ConfUtils.java:logGet(46)) - raft.server.rpc.timeout.max = 600ms (custom)
2024-10-09 04:29:48,108 INFO  server.RaftServerConfigKeys (ConfUtils.java:logGet(46)) - raft.server.rpc.sleep.time = 25ms (default)
2024-10-09 04:29:48,108 INFO  server.RaftServerConfigKeys (ConfUtils.java:logGet(46)) - raft.server.rpc.slowness.timeout = 60s (default)
2024-10-09 04:29:48,108 INFO  server.RaftServerConfigKeys (ConfUtils.java:logGet(46)) - raft.server.leaderelection.leader.step-down.wait-time = 10s (default)
2024-10-09 04:29:48,108 TRACE util.FileUtils (FileUtils.java:deleteFully(318)) - deleteFully: target/test/data/6e6e5023/MiniRaftClusterWithNettya4857fb2/s12 does not exist.
2024-10-09 04:29:48,108 INFO  impl.MiniRaftCluster (MiniRaftCluster.java:newRaftServer(391)) - Formatted directory target/test/data/6e6e5023/MiniRaftClusterWithNettya4857fb2/s12
2024-10-09 04:29:48,108 INFO  server.RaftServerConfigKeys (ConfUtils.java:logGet(46)) - raft.server.leaderelection.member.majority-add = false (default)
2024-10-09 04:29:48,109 INFO  server.RaftServerConfigKeys (ConfUtils.java:logGet(46)) - raft.server.sleep.deviation.threshold = 300ms (default)
2024-10-09 04:29:48,109 INFO  server.RaftServer$Division (ServerState.java:<init>(114)) - s11@group-DA40570646C7: ConfigurationManager, init=conf: {index: -1, cur=peers:[]|listeners:[], old=null}, confs=<EMPTY_MAP>
2024-10-09 04:29:48,109 INFO  server.RaftServerConfigKeys (ConfUtils.java:logGet(46)) - raft.server.notification.no-leader.timeout = 60s (default)
2024-10-09 04:29:48,109 INFO  server.RaftServerConfigKeys (ConfUtils.java:logGet(46)) - raft.server.read.timeout = 10s (default)
2024-10-09 04:29:48,109 INFO  server.RaftServerConfigKeys (ConfUtils.java:logGet(46)) - raft.server.retrycache.expirytime = 60s (default)
2024-10-09 04:29:48,109 INFO  server.RaftServerConfigKeys (ConfUtils.java:logGet(46)) - raft.server.retrycache.statistics.expirytime = 100ms (default)
2024-10-09 04:29:48,109 INFO  server.RaftServer (ConfUtils.java:logGet(46)) - raft.rpc.type = NETTY (custom)
2024-10-09 04:29:48,109 INFO  server.RaftServerConfigKeys (ConfUtils.java:logGet(46)) - raft.server.read.option = DEFAULT (default)
2024-10-09 04:29:48,110 INFO  server.RaftServerConfigKeys (ConfUtils.java:logGet(46)) - raft.server.read.read-after-write-consistent.write-index-cache.expiry-time = 60s (default)
2024-10-09 04:29:48,109 INFO  netty.NettyConfigKeys$Server (ConfUtils.java:logGet(46)) - raft.netty.server.use-epoll = true (default)
2024-10-09 04:29:48,110 INFO  netty.NettyUtils (NettyUtils.java:newEventLoopGroup(74)) - Create EpollEventLoopGroup for NettyRpcService-bossGroup; Thread size is 0.
2024-10-09 04:29:48,110 INFO  server.RaftServerConfigKeys (ConfUtils.java:logGet(46)) - raft.server.rpc.request.timeout = 3000ms (default)
2024-10-09 04:29:48,110 INFO  server.RaftServerConfigKeys (ConfUtils.java:logGet(46)) - raft.server.log.appender.install.snapshot.enabled = true (default)
2024-10-09 04:29:48,110 INFO  server.RaftServerConfigKeys (ConfUtils.java:logGet(46)) - raft.server.threadpool.server.cached = true (default)
2024-10-09 04:29:48,110 INFO  server.RaftServerConfigKeys (ConfUtils.java:logGet(46)) - raft.server.threadpool.server.size = 0 (default)
2024-10-09 04:29:48,110 INFO  server.RaftServerConfigKeys (ConfUtils.java:logGet(46)) - raft.server.threadpool.client.cached = true (default)
2024-10-09 04:29:48,110 INFO  server.RaftServerConfigKeys (ConfUtils.java:logGet(46)) - raft.server.threadpool.client.size = 0 (default)
2024-10-09 04:29:48,111 INFO  netty.NettyUtils (NettyUtils.java:newEventLoopGroup(74)) - Create EpollEventLoopGroup for NettyRpcService-workerGroup; Thread size is 0.
2024-10-09 04:29:48,111 INFO  netty.NettyConfigKeys$Server (ConfUtils.java:logGet(46)) - raft.netty.server.host = null (default)
2024-10-09 04:29:48,111 INFO  netty.NettyConfigKeys$Server (ConfUtils.java:logGet(46)) - raft.netty.server.port = 15027 (custom)
2024-10-09 04:29:48,112 INFO  impl.DataStreamServerImpl (ConfUtils.java:logGet(46)) - raft.datastream.type = DISABLED (default)
2024-10-09 04:29:48,112 INFO  server.RaftServerConfigKeys (ConfUtils.java:logGet(46)) - raft.server.sleep.deviation.threshold = 300ms (default)
2024-10-09 04:29:48,112 INFO  server.RaftServerConfigKeys (ConfUtils.java:logGet(46)) - raft.server.close.threshold = 60s (default)
2024-10-09 04:29:48,112 INFO  server.RaftServerConfigKeys (ConfUtils.java:logGet(46)) - raft.server.leaderelection.leader.step-down.wait-time = 10s (default)
2024-10-09 04:29:48,113 INFO  server.RaftServerConfigKeys (ConfUtils.java:logGet(46)) - raft.server.storage.dir = [/home/runner/work/ratis/ratis/ratis-examples/target/test/data/6e6e5023/MiniRaftClusterWithNettya4857fb2/s12] (custom)
2024-10-09 04:29:48,113 INFO  server.RaftServerConfigKeys (ConfUtils.java:logGet(46)) - raft.server.threadpool.proxy.cached = true (default)
2024-10-09 04:29:48,113 INFO  server.RaftServerConfigKeys (ConfUtils.java:logGet(46)) - raft.server.threadpool.proxy.size = 0 (default)
2024-10-09 04:29:48,114 INFO  server.RaftServer (RaftServerProxy.java:addNew(101)) - s12: addNew group-DA40570646C7:[] returns group-DA40570646C7:java.util.concurrent.CompletableFuture@7f1b2f07[Not completed]
2024-10-09 04:29:48,114 INFO  netty.NettyUtils (NettyUtils.java:newEventLoopGroup(74)) - Create EpollEventLoopGroup for s12; Thread size is 0.
2024-10-09 04:29:48,114 INFO  impl.MiniRaftCluster (MiniRaftCluster.java:newRaftServer(386)) - newRaftServer: s13, group-DA40570646C7:[], format? true
2024-10-09 04:29:48,114 TRACE util.FileUtils (FileUtils.java:deleteFully(305)) - deleteFully target/test/data/6e6e5023/MiniRaftClusterWithNettya4857fb2/s13
2024-10-09 04:29:48,114 INFO  server.RaftServer$Division (RaftServerImpl.java:<init>(256)) - s12: new RaftServerImpl for group-DA40570646C7:[] with ArithmeticStateMachine:uninitialized
2024-10-09 04:29:48,115 INFO  server.RaftServerConfigKeys (ConfUtils.java:logGet(46)) - raft.server.rpc.timeout.min = 300ms (custom)
2024-10-09 04:29:48,115 INFO  server.RaftServerConfigKeys (ConfUtils.java:logGet(46)) - raft.server.rpc.timeout.max = 600ms (custom)
2024-10-09 04:29:48,115 INFO  server.RaftServerConfigKeys (ConfUtils.java:logGet(46)) - raft.server.rpc.sleep.time = 25ms (default)
2024-10-09 04:29:48,115 INFO  server.RaftServerConfigKeys (ConfUtils.java:logGet(46)) - raft.server.rpc.slowness.timeout = 60s (default)
2024-10-09 04:29:48,115 INFO  server.RaftServerConfigKeys (ConfUtils.java:logGet(46)) - raft.server.leaderelection.leader.step-down.wait-time = 10s (default)
2024-10-09 04:29:48,115 INFO  server.RaftServerConfigKeys (ConfUtils.java:logGet(46)) - raft.server.leaderelection.member.majority-add = false (default)
2024-10-09 04:29:48,115 INFO  server.RaftServerConfigKeys (ConfUtils.java:logGet(46)) - raft.server.sleep.deviation.threshold = 300ms (default)
2024-10-09 04:29:48,115 TRACE util.FileUtils (FileUtils.java:deleteFully(318)) - deleteFully: target/test/data/6e6e5023/MiniRaftClusterWithNettya4857fb2/s13 does not exist.
2024-10-09 04:29:48,115 INFO  impl.MiniRaftCluster (MiniRaftCluster.java:newRaftServer(391)) - Formatted directory target/test/data/6e6e5023/MiniRaftClusterWithNettya4857fb2/s13
2024-10-09 04:29:48,115 INFO  server.RaftServer$Division (ServerState.java:<init>(114)) - s12@group-DA40570646C7: ConfigurationManager, init=conf: {index: -1, cur=peers:[]|listeners:[], old=null}, confs=<EMPTY_MAP>
2024-10-09 04:29:48,116 INFO  server.RaftServerConfigKeys (ConfUtils.java:logGet(46)) - raft.server.notification.no-leader.timeout = 60s (default)
2024-10-09 04:29:48,116 INFO  server.RaftServerConfigKeys (ConfUtils.java:logGet(46)) - raft.server.read.timeout = 10s (default)
2024-10-09 04:29:48,116 INFO  server.RaftServerConfigKeys (ConfUtils.java:logGet(46)) - raft.server.retrycache.expirytime = 60s (default)
2024-10-09 04:29:48,116 INFO  server.RaftServerConfigKeys (ConfUtils.java:logGet(46)) - raft.server.retrycache.statistics.expirytime = 100ms (default)
2024-10-09 04:29:48,116 INFO  server.RaftServer (ConfUtils.java:logGet(46)) - raft.rpc.type = NETTY (custom)
2024-10-09 04:29:48,116 INFO  server.RaftServerConfigKeys (ConfUtils.java:logGet(46)) - raft.server.read.option = DEFAULT (default)
2024-10-09 04:29:48,116 INFO  server.RaftServerConfigKeys (ConfUtils.java:logGet(46)) - raft.server.read.read-after-write-consistent.write-index-cache.expiry-time = 60s (default)
2024-10-09 04:29:48,116 INFO  netty.NettyConfigKeys$Server (ConfUtils.java:logGet(46)) - raft.netty.server.use-epoll = true (default)
2024-10-09 04:29:48,117 INFO  netty.NettyUtils (NettyUtils.java:newEventLoopGroup(74)) - Create EpollEventLoopGroup for NettyRpcService-bossGroup; Thread size is 0.
2024-10-09 04:29:48,117 INFO  server.RaftServerConfigKeys (ConfUtils.java:logGet(46)) - raft.server.rpc.request.timeout = 3000ms (default)
2024-10-09 04:29:48,117 INFO  server.RaftServerConfigKeys (ConfUtils.java:logGet(46)) - raft.server.log.appender.install.snapshot.enabled = true (default)
2024-10-09 04:29:48,117 INFO  server.RaftServerConfigKeys (ConfUtils.java:logGet(46)) - raft.server.threadpool.server.cached = true (default)
2024-10-09 04:29:48,117 INFO  server.RaftServerConfigKeys (ConfUtils.java:logGet(46)) - raft.server.threadpool.server.size = 0 (default)
2024-10-09 04:29:48,117 INFO  server.RaftServerConfigKeys (ConfUtils.java:logGet(46)) - raft.server.threadpool.client.cached = true (default)
2024-10-09 04:29:48,117 INFO  server.RaftServerConfigKeys (ConfUtils.java:logGet(46)) - raft.server.threadpool.client.size = 0 (default)
2024-10-09 04:29:48,117 INFO  netty.NettyUtils (NettyUtils.java:newEventLoopGroup(74)) - Create EpollEventLoopGroup for NettyRpcService-workerGroup; Thread size is 0.
2024-10-09 04:29:48,118 INFO  netty.NettyConfigKeys$Server (ConfUtils.java:logGet(46)) - raft.netty.server.host = null (default)
2024-10-09 04:29:48,118 INFO  netty.NettyConfigKeys$Server (ConfUtils.java:logGet(46)) - raft.netty.server.port = 15028 (custom)
2024-10-09 04:29:48,119 INFO  impl.DataStreamServerImpl (ConfUtils.java:logGet(46)) - raft.datastream.type = DISABLED (default)
2024-10-09 04:29:48,119 INFO  server.RaftServerConfigKeys (ConfUtils.java:logGet(46)) - raft.server.sleep.deviation.threshold = 300ms (default)
2024-10-09 04:29:48,120 INFO  server.RaftServerConfigKeys (ConfUtils.java:logGet(46)) - raft.server.close.threshold = 60s (default)
2024-10-09 04:29:48,120 INFO  server.RaftServerConfigKeys (ConfUtils.java:logGet(46)) - raft.server.leaderelection.leader.step-down.wait-time = 10s (default)
2024-10-09 04:29:48,120 INFO  server.RaftServerConfigKeys (ConfUtils.java:logGet(46)) - raft.server.storage.dir = [/home/runner/work/ratis/ratis/ratis-examples/target/test/data/6e6e5023/MiniRaftClusterWithNettya4857fb2/s13] (custom)
2024-10-09 04:29:48,120 INFO  server.RaftServerConfigKeys (ConfUtils.java:logGet(46)) - raft.server.threadpool.proxy.cached = true (default)
2024-10-09 04:29:48,121 INFO  server.RaftServerConfigKeys (ConfUtils.java:logGet(46)) - raft.server.threadpool.proxy.size = 0 (default)
2024-10-09 04:29:48,121 INFO  server.RaftServer (RaftServerProxy.java:addNew(101)) - s13: addNew group-DA40570646C7:[] returns group-DA40570646C7:java.util.concurrent.CompletableFuture@73072745[Not completed]
2024-10-09 04:29:48,121 INFO  netty.NettyUtils (NettyUtils.java:newEventLoopGroup(74)) - Create EpollEventLoopGroup for s13; Thread size is 0.
2024-10-09 04:29:48,122 INFO  impl.MiniRaftCluster (MiniRaftCluster.java:newRaftServer(386)) - newRaftServer: s14, group-DA40570646C7:[], format? true
2024-10-09 04:29:48,122 TRACE util.FileUtils (FileUtils.java:deleteFully(305)) - deleteFully target/test/data/6e6e5023/MiniRaftClusterWithNettya4857fb2/s14
2024-10-09 04:29:48,122 TRACE util.FileUtils (FileUtils.java:deleteFully(318)) - deleteFully: target/test/data/6e6e5023/MiniRaftClusterWithNettya4857fb2/s14 does not exist.
2024-10-09 04:29:48,122 INFO  impl.MiniRaftCluster (MiniRaftCluster.java:newRaftServer(391)) - Formatted directory target/test/data/6e6e5023/MiniRaftClusterWithNettya4857fb2/s14
2024-10-09 04:29:48,139 INFO  server.RaftServer (ConfUtils.java:logGet(46)) - raft.rpc.type = NETTY (custom)
2024-10-09 04:29:48,140 INFO  server.RaftServer$Division (RaftServerImpl.java:<init>(256)) - s13: new RaftServerImpl for group-DA40570646C7:[] with ArithmeticStateMachine:uninitialized
2024-10-09 04:29:48,140 INFO  netty.NettyConfigKeys$Server (ConfUtils.java:logGet(46)) - raft.netty.server.use-epoll = true (default)
2024-10-09 04:29:48,141 INFO  netty.NettyUtils (NettyUtils.java:newEventLoopGroup(74)) - Create EpollEventLoopGroup for NettyRpcService-bossGroup; Thread size is 0.
2024-10-09 04:29:48,141 INFO  server.RaftServerConfigKeys (ConfUtils.java:logGet(46)) - raft.server.rpc.timeout.min = 300ms (custom)
2024-10-09 04:29:48,141 INFO  server.RaftServerConfigKeys (ConfUtils.java:logGet(46)) - raft.server.rpc.timeout.max = 600ms (custom)
2024-10-09 04:29:48,141 INFO  server.RaftServerConfigKeys (ConfUtils.java:logGet(46)) - raft.server.rpc.sleep.time = 25ms (default)
2024-10-09 04:29:48,141 INFO  server.RaftServerConfigKeys (ConfUtils.java:logGet(46)) - raft.server.rpc.slowness.timeout = 60s (default)
2024-10-09 04:29:48,141 INFO  server.RaftServerConfigKeys (ConfUtils.java:logGet(46)) - raft.server.leaderelection.leader.step-down.wait-time = 10s (default)
2024-10-09 04:29:48,141 INFO  server.RaftServerConfigKeys (ConfUtils.java:logGet(46)) - raft.server.leaderelection.member.majority-add = false (default)
2024-10-09 04:29:48,141 INFO  server.RaftServerConfigKeys (ConfUtils.java:logGet(46)) - raft.server.sleep.deviation.threshold = 300ms (default)
2024-10-09 04:29:48,141 INFO  server.RaftServer$Division (ServerState.java:<init>(114)) - s13@group-DA40570646C7: ConfigurationManager, init=conf: {index: -1, cur=peers:[]|listeners:[], old=null}, confs=<EMPTY_MAP>
2024-10-09 04:29:48,142 INFO  server.RaftServerConfigKeys (ConfUtils.java:logGet(46)) - raft.server.notification.no-leader.timeout = 60s (default)
2024-10-09 04:29:48,142 INFO  server.RaftServerConfigKeys (ConfUtils.java:logGet(46)) - raft.server.read.timeout = 10s (default)
2024-10-09 04:29:48,142 INFO  netty.NettyUtils (NettyUtils.java:newEventLoopGroup(74)) - Create EpollEventLoopGroup for NettyRpcService-workerGroup; Thread size is 0.
2024-10-09 04:29:48,142 INFO  server.RaftServerConfigKeys (ConfUtils.java:logGet(46)) - raft.server.retrycache.expirytime = 60s (default)
2024-10-09 04:29:48,142 INFO  server.RaftServerConfigKeys (ConfUtils.java:logGet(46)) - raft.server.retrycache.statistics.expirytime = 100ms (default)
2024-10-09 04:29:48,142 INFO  server.RaftServerConfigKeys (ConfUtils.java:logGet(46)) - raft.server.read.option = DEFAULT (default)
2024-10-09 04:29:48,142 INFO  server.RaftServerConfigKeys (ConfUtils.java:logGet(46)) - raft.server.read.read-after-write-consistent.write-index-cache.expiry-time = 60s (default)
2024-10-09 04:29:48,142 INFO  netty.NettyConfigKeys$Server (ConfUtils.java:logGet(46)) - raft.netty.server.host = null (default)
2024-10-09 04:29:48,142 INFO  netty.NettyConfigKeys$Server (ConfUtils.java:logGet(46)) - raft.netty.server.port = 15029 (custom)
2024-10-09 04:29:48,143 INFO  impl.DataStreamServerImpl (ConfUtils.java:logGet(46)) - raft.datastream.type = DISABLED (default)
2024-10-09 04:29:48,143 INFO  server.RaftServerConfigKeys (ConfUtils.java:logGet(46)) - raft.server.rpc.request.timeout = 3000ms (default)
2024-10-09 04:29:48,143 INFO  server.RaftServerConfigKeys (ConfUtils.java:logGet(46)) - raft.server.log.appender.install.snapshot.enabled = true (default)
2024-10-09 04:29:48,143 INFO  server.RaftServerConfigKeys (ConfUtils.java:logGet(46)) - raft.server.threadpool.server.cached = true (default)
2024-10-09 04:29:48,143 INFO  server.RaftServerConfigKeys (ConfUtils.java:logGet(46)) - raft.server.threadpool.server.size = 0 (default)
2024-10-09 04:29:48,143 INFO  server.RaftServerConfigKeys (ConfUtils.java:logGet(46)) - raft.server.threadpool.client.cached = true (default)
2024-10-09 04:29:48,143 INFO  server.RaftServerConfigKeys (ConfUtils.java:logGet(46)) - raft.server.threadpool.client.size = 0 (default)
2024-10-09 04:29:48,143 INFO  server.RaftServerConfigKeys (ConfUtils.java:logGet(46)) - raft.server.sleep.deviation.threshold = 300ms (default)
2024-10-09 04:29:48,147 INFO  server.RaftServerConfigKeys (ConfUtils.java:logGet(46)) - raft.server.close.threshold = 60s (default)
2024-10-09 04:29:48,147 INFO  server.RaftServerConfigKeys (ConfUtils.java:logGet(46)) - raft.server.leaderelection.leader.step-down.wait-time = 10s (default)
2024-10-09 04:29:48,147 INFO  server.RaftServerConfigKeys (ConfUtils.java:logGet(46)) - raft.server.storage.dir = [/home/runner/work/ratis/ratis/ratis-examples/target/test/data/6e6e5023/MiniRaftClusterWithNettya4857fb2/s14] (custom)
2024-10-09 04:29:48,148 INFO  server.RaftServerConfigKeys (ConfUtils.java:logGet(46)) - raft.server.threadpool.proxy.cached = true (default)
2024-10-09 04:29:48,148 INFO  server.RaftServerConfigKeys (ConfUtils.java:logGet(46)) - raft.server.threadpool.proxy.size = 0 (default)
2024-10-09 04:29:48,150 INFO  server.RaftServer (RaftServerProxy.java:addNew(101)) - s14: addNew group-DA40570646C7:[] returns group-DA40570646C7:java.util.concurrent.CompletableFuture@7fa2473a[Not completed]
2024-10-09 04:29:48,150 INFO  netty.NettyUtils (NettyUtils.java:newEventLoopGroup(74)) - Create EpollEventLoopGroup for s14; Thread size is 0.
2024-10-09 04:29:48,151 INFO  impl.GroupManagementBaseTest (GroupManagementBaseTest.java:runMultiGroupTest(260)) - putNewServer: printing ALL groups
  s3:      NEW      null s3@group-DA40570646C7:t0, leader=null, voted=null, raftlog=UNINITIALIZED, conf=conf: {index: -1, cur=peers:[]|listeners:[], old=null} NEW
  s4:      NEW      null s4@group-DA40570646C7:t0, leader=null, voted=null, raftlog=UNINITIALIZED, conf=conf: {index: -1, cur=peers:[]|listeners:[], old=null} NEW
  s5:      NEW      null s5@group-DA40570646C7:t0, leader=null, voted=null, raftlog=UNINITIALIZED, conf=conf: {index: -1, cur=peers:[]|listeners:[], old=null} NEW
  s6:      NEW      null s6@group-DA40570646C7:t0, leader=null, voted=null, raftlog=UNINITIALIZED, conf=conf: {index: -1, cur=peers:[]|listeners:[], old=null} NEW
  s7:      NEW      null s7@group-DA40570646C7:t0, leader=null, voted=null, raftlog=UNINITIALIZED, conf=conf: {index: -1, cur=peers:[]|listeners:[], old=null} NEW
  s8:      NEW      null s8@group-DA40570646C7:t0, leader=null, voted=null, raftlog=UNINITIALIZED, conf=conf: {index: -1, cur=peers:[]|listeners:[], old=null} NEW
  s9:      NEW      null s9@group-DA40570646C7:t0, leader=null, voted=null, raftlog=UNINITIALIZED, conf=conf: {index: -1, cur=peers:[]|listeners:[], old=null} NEW
  s11:      NEW      null s11@group-DA40570646C7:t0, leader=null, voted=null, raftlog=UNINITIALIZED, conf=conf: {index: -1, cur=peers:[]|listeners:[], old=null} NEW
  s10:      NEW      null s10@group-DA40570646C7:t0, leader=null, voted=null, raftlog=UNINITIALIZED, conf=conf: {index: -1, cur=peers:[]|listeners:[], old=null} NEW
  s13:      NEW      null s13@group-DA40570646C7:t0, leader=null, voted=null, raftlog=UNINITIALIZED, conf=conf: {index: -1, cur=peers:[]|listeners:[], old=null} NEW
  s12:      NEW      null s12@group-DA40570646C7:t0, leader=null, voted=null, raftlog=UNINITIALIZED, conf=conf: {index: -1, cur=peers:[]|listeners:[], old=null} NEW
  s14:      NEW group-DA40570646C7:java.util.concurrent.CompletableFuture@7fa2473a[Not completed]
  s0:      NEW      null s0@group-DA40570646C7:t0, leader=null, voted=null, raftlog=UNINITIALIZED, conf=conf: {index: -1, cur=peers:[]|listeners:[], old=null} NEW
  s1:      NEW      null s1@group-DA40570646C7:t0, leader=null, voted=null, raftlog=UNINITIALIZED, conf=conf: {index: -1, cur=peers:[]|listeners:[], old=null} NEW
  s2:      NEW      null s2@group-DA40570646C7:t0, leader=null, voted=null, raftlog=UNINITIALIZED, conf=conf: {index: -1, cur=peers:[]|listeners:[], old=null} NEW
2024-10-09 04:29:48,151 INFO  server.RaftServer$Division (RaftServerImpl.java:<init>(256)) - s14: new RaftServerImpl for group-DA40570646C7:[] with ArithmeticStateMachine:uninitialized
2024-10-09 04:29:48,151 INFO  server.RaftServerConfigKeys (ConfUtils.java:logGet(46)) - raft.server.rpc.timeout.min = 300ms (custom)
2024-10-09 04:29:48,151 INFO  server.RaftServerConfigKeys (ConfUtils.java:logGet(46)) - raft.server.rpc.timeout.max = 600ms (custom)
2024-10-09 04:29:48,151 INFO  server.RaftServerConfigKeys (ConfUtils.java:logGet(46)) - raft.server.rpc.sleep.time = 25ms (default)
2024-10-09 04:29:48,151 INFO  server.RaftServerConfigKeys (ConfUtils.java:logGet(46)) - raft.server.rpc.slowness.timeout = 60s (default)
2024-10-09 04:29:48,151 INFO  server.RaftServerConfigKeys (ConfUtils.java:logGet(46)) - raft.server.leaderelection.leader.step-down.wait-time = 10s (default)
2024-10-09 04:29:48,151 INFO  server.RaftServerConfigKeys (ConfUtils.java:logGet(46)) - raft.server.leaderelection.member.majority-add = false (default)
2024-10-09 04:29:48,151 INFO  server.RaftServerConfigKeys (ConfUtils.java:logGet(46)) - raft.server.sleep.deviation.threshold = 300ms (default)
2024-10-09 04:29:48,151 INFO  server.RaftServer$Division (ServerState.java:<init>(114)) - s14@group-DA40570646C7: ConfigurationManager, init=conf: {index: -1, cur=peers:[]|listeners:[], old=null}, confs=<EMPTY_MAP>
2024-10-09 04:29:48,151 INFO  server.RaftServerConfigKeys (ConfUtils.java:logGet(46)) - raft.server.notification.no-leader.timeout = 60s (default)
2024-10-09 04:29:48,152 INFO  server.RaftServerConfigKeys (ConfUtils.java:logGet(46)) - raft.server.read.timeout = 10s (default)
2024-10-09 04:29:48,152 INFO  server.RaftServerConfigKeys (ConfUtils.java:logGet(46)) - raft.server.retrycache.expirytime = 60s (default)
2024-10-09 04:29:48,152 INFO  server.RaftServerConfigKeys (ConfUtils.java:logGet(46)) - raft.server.retrycache.statistics.expirytime = 100ms (default)
2024-10-09 04:29:48,152 INFO  server.RaftServerConfigKeys (ConfUtils.java:logGet(46)) - raft.server.read.option = DEFAULT (default)
2024-10-09 04:29:48,152 INFO  server.RaftServerConfigKeys (ConfUtils.java:logGet(46)) - raft.server.read.read-after-write-consistent.write-index-cache.expiry-time = 60s (default)
2024-10-09 04:29:48,152 INFO  server.RaftServerConfigKeys (ConfUtils.java:logGet(46)) - raft.server.rpc.request.timeout = 3000ms (default)
2024-10-09 04:29:48,152 INFO  server.RaftServerConfigKeys (ConfUtils.java:logGet(46)) - raft.server.log.appender.install.snapshot.enabled = true (default)
2024-10-09 04:29:48,152 INFO  server.RaftServerConfigKeys (ConfUtils.java:logGet(46)) - raft.server.threadpool.server.cached = true (default)
2024-10-09 04:29:48,152 INFO  server.RaftServerConfigKeys (ConfUtils.java:logGet(46)) - raft.server.threadpool.server.size = 0 (default)
2024-10-09 04:29:48,152 INFO  server.RaftServerConfigKeys (ConfUtils.java:logGet(46)) - raft.server.threadpool.client.cached = true (default)
2024-10-09 04:29:48,152 INFO  server.RaftServerConfigKeys (ConfUtils.java:logGet(46)) - raft.server.threadpool.client.size = 0 (default)
2024-10-09 04:29:49,151 INFO  impl.MiniRaftCluster (MiniRaftCluster.java:start(342)) - .............................................................. 
2024-10-09 04:29:49,151 INFO  impl.MiniRaftCluster (MiniRaftCluster.java:start(343)) - ... 
2024-10-09 04:29:49,152 INFO  impl.MiniRaftCluster (MiniRaftCluster.java:start(344)) - ...     Starting MiniRaftClusterWithNetty
2024-10-09 04:29:49,152 INFO  impl.MiniRaftCluster (MiniRaftCluster.java:start(345)) - ... 
2024-10-09 04:29:49,152 INFO  impl.MiniRaftCluster (MiniRaftCluster.java:start(346)) - .............................................................. 
2024-10-09 04:29:49,152 INFO  impl.MiniRaftCluster (MiniRaftCluster.java:initServers(321)) - servers = {s3=s3:      NEW      null s3@group-DA40570646C7:t0, leader=null, voted=null, raftlog=UNINITIALIZED, conf=conf: {index: -1, cur=peers:[]|listeners:[], old=null} NEW, s4=s4:      NEW      null s4@group-DA40570646C7:t0, leader=null, voted=null, raftlog=UNINITIALIZED, conf=conf: {index: -1, cur=peers:[]|listeners:[], old=null} NEW, s5=s5:      NEW      null s5@group-DA40570646C7:t0, leader=null, voted=null, raftlog=UNINITIALIZED, conf=conf: {index: -1, cur=peers:[]|listeners:[], old=null} NEW, s6=s6:      NEW      null s6@group-DA40570646C7:t0, leader=null, voted=null, raftlog=UNINITIALIZED, conf=conf: {index: -1, cur=peers:[]|listeners:[], old=null} NEW, s7=s7:      NEW      null s7@group-DA40570646C7:t0, leader=null, voted=null, raftlog=UNINITIALIZED, conf=conf: {index: -1, cur=peers:[]|listeners:[], old=null} NEW, s8=s8:      NEW      null s8@group-DA40570646C7:t0, leader=null, voted=null, raftlog=UNINITIALIZED, conf=conf: {index: -1, cur=peers:[]|listeners:[], old=null} NEW, s9=s9:      NEW      null s9@group-DA40570646C7:t0, leader=null, voted=null, raftlog=UNINITIALIZED, conf=conf: {index: -1, cur=peers:[]|listeners:[], old=null} NEW, s11=s11:      NEW      null s11@group-DA40570646C7:t0, leader=null, voted=null, raftlog=UNINITIALIZED, conf=conf: {index: -1, cur=peers:[]|listeners:[], old=null} NEW, s10=s10:      NEW      null s10@group-DA40570646C7:t0, leader=null, voted=null, raftlog=UNINITIALIZED, conf=conf: {index: -1, cur=peers:[]|listeners:[], old=null} NEW, s13=s13:      NEW      null s13@group-DA40570646C7:t0, leader=null, voted=null, raftlog=UNINITIALIZED, conf=conf: {index: -1, cur=peers:[]|listeners:[], old=null} NEW, s12=s12:      NEW      null s12@group-DA40570646C7:t0, leader=null, voted=null, raftlog=UNINITIALIZED, conf=conf: {index: -1, cur=peers:[]|listeners:[], old=null} NEW, s14=s14:      NEW      null s14@group-DA40570646C7:t0, leader=null, voted=null, raftlog=UNINITIALIZED, conf=conf: {index: -1, cur=peers:[]|listeners:[], old=null} NEW, s0=s0:      NEW      null s0@group-DA40570646C7:t0, leader=null, voted=null, raftlog=UNINITIALIZED, conf=conf: {index: -1, cur=peers:[]|listeners:[], old=null} NEW, s1=s1:      NEW      null s1@group-DA40570646C7:t0, leader=null, voted=null, raftlog=UNINITIALIZED, conf=conf: {index: -1, cur=peers:[]|listeners:[], old=null} NEW, s2=s2:      NEW      null s2@group-DA40570646C7:t0, leader=null, voted=null, raftlog=UNINITIALIZED, conf=conf: {index: -1, cur=peers:[]|listeners:[], old=null} NEW}
2024-10-09 04:29:49,152 INFO  server.RaftServerConfigKeys (ConfUtils.java:logGet(46)) - raft.server.storage.free-space.min = 0MB (=0) (default)
2024-10-09 04:29:49,152 INFO  server.RaftServerConfigKeys (ConfUtils.java:logGet(46)) - raft.server.log.corruption.policy = EXCEPTION (default)
2024-10-09 04:29:49,153 INFO  server.RaftServerConfigKeys (ConfUtils.java:logGet(46)) - raft.server.storage.dir = [/home/runner/work/ratis/ratis/ratis-examples/target/test/data/6e6e5023/MiniRaftClusterWithNettya4857fb2/s3] (custom)
2024-10-09 04:29:49,153 INFO  storage.RaftStorageDirectory (RaftStorageDirectoryImpl.java:analyzeStorage(138)) - The storage directory /home/runner/work/ratis/ratis/ratis-examples/target/test/data/6e6e5023/MiniRaftClusterWithNettya4857fb2/s3/29fd9006-1bca-4297-a115-da40570646c7 does not exist. Creating ...
2024-10-09 04:29:49,153 TRACE util.FileUtils (LogUtils.java:runAndLog(49)) - Successfully ran Files.createDirectories /home/runner/work/ratis/ratis/ratis-examples/target/test/data/6e6e5023/MiniRaftClusterWithNettya4857fb2/s3/29fd9006-1bca-4297-a115-da40570646c7
2024-10-09 04:29:49,155 INFO  storage.RaftStorageDirectory (RaftStorageDirectoryImpl.java:tryLock(229)) - Lock on /home/runner/work/ratis/ratis/ratis-examples/target/test/data/6e6e5023/MiniRaftClusterWithNettya4857fb2/s3/29fd9006-1bca-4297-a115-da40570646c7/in_use.lock acquired by nodename 14484@fv-az565-744
2024-10-09 04:29:49,155 TRACE util.FileUtils (LogUtils.java:runAndLog(49)) - Successfully ran Files.createDirectories /home/runner/work/ratis/ratis/ratis-examples/target/test/data/6e6e5023/MiniRaftClusterWithNettya4857fb2/s3/29fd9006-1bca-4297-a115-da40570646c7/current
2024-10-09 04:29:49,155 TRACE util.FileUtils (LogUtils.java:runAndLog(49)) - Successfully ran Files.createDirectories /home/runner/work/ratis/ratis/ratis-examples/target/test/data/6e6e5023/MiniRaftClusterWithNettya4857fb2/s3/29fd9006-1bca-4297-a115-da40570646c7/sm
2024-10-09 04:29:49,155 TRACE util.FileUtils (LogUtils.java:supplyAndLog(69)) - Successfully supplied FileChannel.open /home/runner/work/ratis/ratis/ratis-examples/target/test/data/6e6e5023/MiniRaftClusterWithNettya4857fb2/s3/29fd9006-1bca-4297-a115-da40570646c7/current/raft-meta.tmp with options [CREATE, WRITE]: sun.nio.ch.FileChannelImpl@48d4efaa
2024-10-09 04:29:49,156 TRACE util.FileUtils (LogUtils.java:runAndLog(49)) - Successfully ran Atomic Files.move /home/runner/work/ratis/ratis/ratis-examples/target/test/data/6e6e5023/MiniRaftClusterWithNettya4857fb2/s3/29fd9006-1bca-4297-a115-da40570646c7/current/raft-meta.tmp to /home/runner/work/ratis/ratis/ratis-examples/target/test/data/6e6e5023/MiniRaftClusterWithNettya4857fb2/s3/29fd9006-1bca-4297-a115-da40570646c7/current/raft-meta with options [REPLACE_EXISTING]
2024-10-09 04:29:49,157 INFO  storage.RaftStorage (RaftStorageImpl.java:format(98)) - Storage directory /home/runner/work/ratis/ratis/ratis-examples/target/test/data/6e6e5023/MiniRaftClusterWithNettya4857fb2/s3/29fd9006-1bca-4297-a115-da40570646c7 has been successfully formatted.
2024-10-09 04:29:49,157 WARN  statemachine.StateMachine (ArithmeticStateMachine.java:loadSnapshot(115)) - The snapshot info is null.
2024-10-09 04:29:49,157 INFO  server.RaftServerConfigKeys (ConfUtils.java:logGet(46)) - raft.server.log.use.memory = false (default)
2024-10-09 04:29:49,157 INFO  server.RaftServerConfigKeys (ConfUtils.java:logGet(46)) - raft.server.log.purge.gap = 1024 (default)
2024-10-09 04:29:49,157 INFO  server.RaftServerConfigKeys (ConfUtils.java:logGet(46)) - raft.server.log.appender.buffer.byte-limit = 4MB (=4194304) (default)
2024-10-09 04:29:49,157 INFO  server.RaftServerConfigKeys (ConfUtils.java:logGet(46)) - raft.server.log.statemachine.data.read.timeout = 1000ms (default)
2024-10-09 04:29:49,157 INFO  server.RaftServerConfigKeys (ConfUtils.java:logGet(46)) - raft.server.log.purge.preservation.log.num = 0 (default)
2024-10-09 04:29:49,157 INFO  server.RaftServerConfigKeys (ConfUtils.java:logGet(46)) - raft.server.log.segment.size.max = 32MB (=33554432) (default)
2024-10-09 04:29:49,158 INFO  server.RaftServerConfigKeys (ConfUtils.java:logGet(46)) - raft.server.log.segment.cache.num.max = 6 (default)
2024-10-09 04:29:49,158 INFO  server.RaftServerConfigKeys (ConfUtils.java:logGet(46)) - raft.server.log.segment.cache.size.max = 200MB (=209715200) (default)
2024-10-09 04:29:49,158 INFO  server.RaftServerConfigKeys (ConfUtils.java:logGet(46)) - raft.server.log.appender.buffer.byte-limit = 4MB (=4194304) (default)
2024-10-09 04:29:49,158 INFO  util.AwaitToRun (AwaitToRun.java:start(81)) - Thread[s3@group-DA40570646C7-cacheEviction-AwaitToRun,5,main] started
2024-10-09 04:29:49,158 INFO  segmented.SegmentedRaftLogWorker (SegmentedRaftLogWorker.java:<init>(187)) - new s3@group-DA40570646C7-SegmentedRaftLogWorker for RaftStorageImpl:Storage Directory /home/runner/work/ratis/ratis/ratis-examples/target/test/data/6e6e5023/MiniRaftClusterWithNettya4857fb2/s3/29fd9006-1bca-4297-a115-da40570646c7
2024-10-09 04:29:49,158 INFO  server.RaftServerConfigKeys (ConfUtils.java:logGet(46)) - raft.server.log.queue.byte-limit = 64MB (=67108864) (default)
2024-10-09 04:29:49,158 INFO  server.RaftServerConfigKeys (ConfUtils.java:logGet(46)) - raft.server.log.queue.element-limit = 4096 (default)
2024-10-09 04:29:49,158 INFO  server.RaftServerConfigKeys (ConfUtils.java:logGet(46)) - raft.server.log.segment.size.max = 32MB (=33554432) (default)
2024-10-09 04:29:49,158 INFO  server.RaftServerConfigKeys (ConfUtils.java:logGet(46)) - raft.server.log.preallocated.size = 4MB (=4194304) (default)
2024-10-09 04:29:49,158 INFO  server.RaftServerConfigKeys (ConfUtils.java:logGet(46)) - raft.server.log.force.sync.num = 128 (default)
2024-10-09 04:29:49,158 INFO  server.RaftServerConfigKeys (ConfUtils.java:logGet(46)) - raft.server.log.statemachine.data.sync = true (default)
2024-10-09 04:29:49,158 INFO  server.RaftServerConfigKeys (ConfUtils.java:logGet(46)) - raft.server.log.statemachine.data.sync.timeout = 10s (default)
2024-10-09 04:29:49,158 INFO  server.RaftServerConfigKeys (ConfUtils.java:logGet(46)) - raft.server.log.statemachine.data.sync.timeout.retry = -1 (default)
2024-10-09 04:29:49,158 INFO  server.RaftServerConfigKeys (ConfUtils.java:logGet(46)) - raft.server.log.write.buffer.size = 8MB (=8388608) (default)
2024-10-09 04:29:49,159 INFO  server.RaftServerConfigKeys (ConfUtils.java:logGet(46)) - raft.server.log.appender.buffer.byte-limit = 4MB (=4194304) (default)
2024-10-09 04:29:49,159 INFO  server.RaftServerConfigKeys (ConfUtils.java:logGet(46)) - raft.server.log.unsafe-flush.enabled = false (default)
2024-10-09 04:29:49,159 INFO  server.RaftServerConfigKeys (ConfUtils.java:logGet(46)) - raft.server.log.async-flush.enabled = false (default)
2024-10-09 04:29:49,159 INFO  server.RaftServerConfigKeys (ConfUtils.java:logGet(46)) - raft.server.log.statemachine.data.caching.enabled = false (default)
2024-10-09 04:29:49,159 INFO  segmented.SegmentedRaftLogWorker (SegmentedRaftLogWorker.java:lambda$new$0(138)) - s3@group-DA40570646C7-SegmentedRaftLogWorker: flushIndex: setUnconditionally 0 -> -1
2024-10-09 04:29:49,159 INFO  segmented.SegmentedRaftLogWorker (SegmentedRaftLogWorker.java:lambda$new$0(138)) - s3@group-DA40570646C7-SegmentedRaftLogWorker: safeCacheEvictIndex: setUnconditionally 0 -> -1
2024-10-09 04:29:49,159 INFO  server.RaftServer$Division (RaftServerImpl.java:start(398)) - s3@group-DA40570646C7: start with initializing state, conf=conf: {index: -1, cur=peers:[]|listeners:[], old=null}
2024-10-09 04:29:49,159 INFO  server.RaftServer$Division (RaftServerImpl.java:setRole(379)) - s3@group-DA40570646C7: changes role from      null to FOLLOWER at term 0 for start
2024-10-09 04:29:49,160 INFO  util.JmxRegister (JmxRegister.java:tryRegister(44)) - Successfully registered JMX Bean with object name Ratis:service=RaftServer,group=group-DA40570646C7,id=s3
2024-10-09 04:29:49,160 INFO  util.JmxRegister (JmxRegister.java:register(58)) - register mxBean class org.apache.ratis.server.impl.RaftServerJmxAdapter as Ratis:service=RaftServer,group=group-DA40570646C7,id=s3
2024-10-09 04:29:49,160 INFO  server.RaftServerConfigKeys (ConfUtils.java:logGet(46)) - raft.server.snapshot.trigger-when-stop.enabled = true (default)
2024-10-09 04:29:49,160 INFO  server.RaftServerConfigKeys (ConfUtils.java:logGet(46)) - raft.server.snapshot.trigger-when-remove.enabled = true (default)
2024-10-09 04:29:49,160 INFO  server.RaftServerConfigKeys (ConfUtils.java:logGet(46)) - raft.server.snapshot.auto.trigger.enabled = false (default)
2024-10-09 04:29:49,160 INFO  server.RaftServerConfigKeys (ConfUtils.java:logGet(46)) - raft.server.snapshot.retention.file.num = -1 (default)
2024-10-09 04:29:49,160 INFO  server.RaftServerConfigKeys (ConfUtils.java:logGet(46)) - raft.server.log.purge.upto.snapshot.index = false (default)
2024-10-09 04:29:49,161 INFO  server.RaftServer (RaftServerProxy.java:startImpl(408)) - s3: start RPC server
2024-10-09 04:29:49,173 INFO  logging.LoggingHandler (AbstractInternalLogger.java:log(148)) - [id: 0x5c3f3926] REGISTERED
2024-10-09 04:29:49,173 INFO  logging.LoggingHandler (AbstractInternalLogger.java:log(148)) - [id: 0x5c3f3926] BIND: 0.0.0.0/0.0.0.0:15018
2024-10-09 04:29:49,173 INFO  logging.LoggingHandler (AbstractInternalLogger.java:log(148)) - [id: 0x5c3f3926, L:/0.0.0.0:15018] ACTIVE
2024-10-09 04:29:49,174 INFO  server.RaftServerConfigKeys (ConfUtils.java:logGet(46)) - raft.server.storage.free-space.min = 0MB (=0) (default)
2024-10-09 04:29:49,174 INFO  server.RaftServerConfigKeys (ConfUtils.java:logGet(46)) - raft.server.log.corruption.policy = EXCEPTION (default)
2024-10-09 04:29:49,174 INFO  util.JvmPauseMonitor (JvmPauseMonitor.java:run(146)) - JvmPauseMonitor-s3: Started
2024-10-09 04:29:49,174 INFO  server.RaftServerConfigKeys (ConfUtils.java:logGet(46)) - raft.server.storage.dir = [/home/runner/work/ratis/ratis/ratis-examples/target/test/data/6e6e5023/MiniRaftClusterWithNettya4857fb2/s4] (custom)
2024-10-09 04:29:49,175 INFO  storage.RaftStorageDirectory (RaftStorageDirectoryImpl.java:analyzeStorage(138)) - The storage directory /home/runner/work/ratis/ratis/ratis-examples/target/test/data/6e6e5023/MiniRaftClusterWithNettya4857fb2/s4/29fd9006-1bca-4297-a115-da40570646c7 does not exist. Creating ...
2024-10-09 04:29:49,175 TRACE util.FileUtils (LogUtils.java:runAndLog(49)) - Successfully ran Files.createDirectories /home/runner/work/ratis/ratis/ratis-examples/target/test/data/6e6e5023/MiniRaftClusterWithNettya4857fb2/s4/29fd9006-1bca-4297-a115-da40570646c7
2024-10-09 04:29:49,176 INFO  storage.RaftStorageDirectory (RaftStorageDirectoryImpl.java:tryLock(229)) - Lock on /home/runner/work/ratis/ratis/ratis-examples/target/test/data/6e6e5023/MiniRaftClusterWithNettya4857fb2/s4/29fd9006-1bca-4297-a115-da40570646c7/in_use.lock acquired by nodename 14484@fv-az565-744
2024-10-09 04:29:49,176 TRACE util.FileUtils (LogUtils.java:runAndLog(49)) - Successfully ran Files.createDirectories /home/runner/work/ratis/ratis/ratis-examples/target/test/data/6e6e5023/MiniRaftClusterWithNettya4857fb2/s4/29fd9006-1bca-4297-a115-da40570646c7/current
2024-10-09 04:29:49,176 TRACE util.FileUtils (LogUtils.java:runAndLog(49)) - Successfully ran Files.createDirectories /home/runner/work/ratis/ratis/ratis-examples/target/test/data/6e6e5023/MiniRaftClusterWithNettya4857fb2/s4/29fd9006-1bca-4297-a115-da40570646c7/sm
2024-10-09 04:29:49,176 TRACE util.FileUtils (LogUtils.java:supplyAndLog(69)) - Successfully supplied FileChannel.open /home/runner/work/ratis/ratis/ratis-examples/target/test/data/6e6e5023/MiniRaftClusterWithNettya4857fb2/s4/29fd9006-1bca-4297-a115-da40570646c7/current/raft-meta.tmp with options [CREATE, WRITE]: sun.nio.ch.FileChannelImpl@182c617e
2024-10-09 04:29:49,177 TRACE util.FileUtils (LogUtils.java:runAndLog(49)) - Successfully ran Atomic Files.move /home/runner/work/ratis/ratis/ratis-examples/target/test/data/6e6e5023/MiniRaftClusterWithNettya4857fb2/s4/29fd9006-1bca-4297-a115-da40570646c7/current/raft-meta.tmp to /home/runner/work/ratis/ratis/ratis-examples/target/test/data/6e6e5023/MiniRaftClusterWithNettya4857fb2/s4/29fd9006-1bca-4297-a115-da40570646c7/current/raft-meta with options [REPLACE_EXISTING]
2024-10-09 04:29:49,177 INFO  storage.RaftStorage (RaftStorageImpl.java:format(98)) - Storage directory /home/runner/work/ratis/ratis/ratis-examples/target/test/data/6e6e5023/MiniRaftClusterWithNettya4857fb2/s4/29fd9006-1bca-4297-a115-da40570646c7 has been successfully formatted.
2024-10-09 04:29:49,177 WARN  statemachine.StateMachine (ArithmeticStateMachine.java:loadSnapshot(115)) - The snapshot info is null.
2024-10-09 04:29:49,177 INFO  server.RaftServerConfigKeys (ConfUtils.java:logGet(46)) - raft.server.log.use.memory = false (default)
2024-10-09 04:29:49,178 INFO  server.RaftServerConfigKeys (ConfUtils.java:logGet(46)) - raft.server.log.purge.gap = 1024 (default)
2024-10-09 04:29:49,178 INFO  server.RaftServerConfigKeys (ConfUtils.java:logGet(46)) - raft.server.log.appender.buffer.byte-limit = 4MB (=4194304) (default)
2024-10-09 04:29:49,178 INFO  server.RaftServerConfigKeys (ConfUtils.java:logGet(46)) - raft.server.log.statemachine.data.read.timeout = 1000ms (default)
2024-10-09 04:29:49,178 INFO  server.RaftServerConfigKeys (ConfUtils.java:logGet(46)) - raft.server.log.purge.preservation.log.num = 0 (default)
2024-10-09 04:29:49,178 INFO  server.RaftServerConfigKeys (ConfUtils.java:logGet(46)) - raft.server.log.segment.size.max = 32MB (=33554432) (default)
2024-10-09 04:29:49,178 INFO  server.RaftServerConfigKeys (ConfUtils.java:logGet(46)) - raft.server.log.segment.cache.num.max = 6 (default)
2024-10-09 04:29:49,178 INFO  server.RaftServerConfigKeys (ConfUtils.java:logGet(46)) - raft.server.log.segment.cache.size.max = 200MB (=209715200) (default)
2024-10-09 04:29:49,178 INFO  server.RaftServerConfigKeys (ConfUtils.java:logGet(46)) - raft.server.log.appender.buffer.byte-limit = 4MB (=4194304) (default)
2024-10-09 04:29:49,179 INFO  util.AwaitToRun (AwaitToRun.java:start(81)) - Thread[s4@group-DA40570646C7-cacheEviction-AwaitToRun,5,main] started
2024-10-09 04:29:49,179 INFO  segmented.SegmentedRaftLogWorker (SegmentedRaftLogWorker.java:<init>(187)) - new s4@group-DA40570646C7-SegmentedRaftLogWorker for RaftStorageImpl:Storage Directory /home/runner/work/ratis/ratis/ratis-examples/target/test/data/6e6e5023/MiniRaftClusterWithNettya4857fb2/s4/29fd9006-1bca-4297-a115-da40570646c7
2024-10-09 04:29:49,179 INFO  server.RaftServerConfigKeys (ConfUtils.java:logGet(46)) - raft.server.log.queue.byte-limit = 64MB (=67108864) (default)
2024-10-09 04:29:49,179 INFO  server.RaftServerConfigKeys (ConfUtils.java:logGet(46)) - raft.server.log.queue.element-limit = 4096 (default)
2024-10-09 04:29:49,179 INFO  server.RaftServerConfigKeys (ConfUtils.java:logGet(46)) - raft.server.log.segment.size.max = 32MB (=33554432) (default)
2024-10-09 04:29:49,179 INFO  server.RaftServerConfigKeys (ConfUtils.java:logGet(46)) - raft.server.log.preallocated.size = 4MB (=4194304) (default)
2024-10-09 04:29:49,179 INFO  server.RaftServerConfigKeys (ConfUtils.java:logGet(46)) - raft.server.log.force.sync.num = 128 (default)
2024-10-09 04:29:49,179 INFO  server.RaftServerConfigKeys (ConfUtils.java:logGet(46)) - raft.server.log.statemachine.data.sync = true (default)
2024-10-09 04:29:49,179 INFO  server.RaftServerConfigKeys (ConfUtils.java:logGet(46)) - raft.server.log.statemachine.data.sync.timeout = 10s (default)
2024-10-09 04:29:49,179 INFO  server.RaftServerConfigKeys (ConfUtils.java:logGet(46)) - raft.server.log.statemachine.data.sync.timeout.retry = -1 (default)
2024-10-09 04:29:49,179 INFO  server.RaftServerConfigKeys (ConfUtils.java:logGet(46)) - raft.server.log.write.buffer.size = 8MB (=8388608) (default)
2024-10-09 04:29:49,180 INFO  server.RaftServerConfigKeys (ConfUtils.java:logGet(46)) - raft.server.log.appender.buffer.byte-limit = 4MB (=4194304) (default)
2024-10-09 04:29:49,180 INFO  server.RaftServerConfigKeys (ConfUtils.java:logGet(46)) - raft.server.log.unsafe-flush.enabled = false (default)
2024-10-09 04:29:49,180 INFO  server.RaftServerConfigKeys (ConfUtils.java:logGet(46)) - raft.server.log.async-flush.enabled = false (default)
2024-10-09 04:29:49,180 INFO  server.RaftServerConfigKeys (ConfUtils.java:logGet(46)) - raft.server.log.statemachine.data.caching.enabled = false (default)
2024-10-09 04:29:49,180 INFO  segmented.SegmentedRaftLogWorker (SegmentedRaftLogWorker.java:lambda$new$0(138)) - s4@group-DA40570646C7-SegmentedRaftLogWorker: flushIndex: setUnconditionally 0 -> -1
2024-10-09 04:29:49,180 INFO  segmented.SegmentedRaftLogWorker (SegmentedRaftLogWorker.java:lambda$new$0(138)) - s4@group-DA40570646C7-SegmentedRaftLogWorker: safeCacheEvictIndex: setUnconditionally 0 -> -1
2024-10-09 04:29:49,180 INFO  server.RaftServer$Division (RaftServerImpl.java:start(398)) - s4@group-DA40570646C7: start with initializing state, conf=conf: {index: -1, cur=peers:[]|listeners:[], old=null}
2024-10-09 04:29:49,180 INFO  server.RaftServer$Division (RaftServerImpl.java:setRole(379)) - s4@group-DA40570646C7: changes role from      null to FOLLOWER at term 0 for start
2024-10-09 04:29:49,180 INFO  util.JmxRegister (JmxRegister.java:tryRegister(44)) - Successfully registered JMX Bean with object name Ratis:service=RaftServer,group=group-DA40570646C7,id=s4
2024-10-09 04:29:49,180 INFO  util.JmxRegister (JmxRegister.java:register(58)) - register mxBean class org.apache.ratis.server.impl.RaftServerJmxAdapter as Ratis:service=RaftServer,group=group-DA40570646C7,id=s4
2024-10-09 04:29:49,180 INFO  server.RaftServerConfigKeys (ConfUtils.java:logGet(46)) - raft.server.snapshot.trigger-when-stop.enabled = true (default)
2024-10-09 04:29:49,180 INFO  server.RaftServerConfigKeys (ConfUtils.java:logGet(46)) - raft.server.snapshot.trigger-when-remove.enabled = true (default)
2024-10-09 04:29:49,181 INFO  server.RaftServerConfigKeys (ConfUtils.java:logGet(46)) - raft.server.snapshot.auto.trigger.enabled = false (default)
2024-10-09 04:29:49,181 INFO  server.RaftServerConfigKeys (ConfUtils.java:logGet(46)) - raft.server.snapshot.retention.file.num = -1 (default)
2024-10-09 04:29:49,181 INFO  server.RaftServerConfigKeys (ConfUtils.java:logGet(46)) - raft.server.log.purge.upto.snapshot.index = false (default)
2024-10-09 04:29:49,181 INFO  server.RaftServer (RaftServerProxy.java:startImpl(408)) - s4: start RPC server
2024-10-09 04:29:49,182 INFO  logging.LoggingHandler (AbstractInternalLogger.java:log(148)) - [id: 0xb86f85a1] REGISTERED
2024-10-09 04:29:49,182 INFO  logging.LoggingHandler (AbstractInternalLogger.java:log(148)) - [id: 0xb86f85a1] BIND: 0.0.0.0/0.0.0.0:15019
2024-10-09 04:29:49,182 INFO  logging.LoggingHandler (AbstractInternalLogger.java:log(148)) - [id: 0xb86f85a1, L:/0.0.0.0:15019] ACTIVE
2024-10-09 04:29:49,182 INFO  util.JvmPauseMonitor (JvmPauseMonitor.java:run(146)) - JvmPauseMonitor-s4: Started
2024-10-09 04:29:49,182 INFO  server.RaftServerConfigKeys (ConfUtils.java:logGet(46)) - raft.server.storage.free-space.min = 0MB (=0) (default)
2024-10-09 04:29:49,182 INFO  server.RaftServerConfigKeys (ConfUtils.java:logGet(46)) - raft.server.log.corruption.policy = EXCEPTION (default)
2024-10-09 04:29:49,182 INFO  server.RaftServerConfigKeys (ConfUtils.java:logGet(46)) - raft.server.storage.dir = [/home/runner/work/ratis/ratis/ratis-examples/target/test/data/6e6e5023/MiniRaftClusterWithNettya4857fb2/s5] (custom)
2024-10-09 04:29:49,183 INFO  storage.RaftStorageDirectory (RaftStorageDirectoryImpl.java:analyzeStorage(138)) - The storage directory /home/runner/work/ratis/ratis/ratis-examples/target/test/data/6e6e5023/MiniRaftClusterWithNettya4857fb2/s5/29fd9006-1bca-4297-a115-da40570646c7 does not exist. Creating ...
2024-10-09 04:29:49,183 TRACE util.FileUtils (LogUtils.java:runAndLog(49)) - Successfully ran Files.createDirectories /home/runner/work/ratis/ratis/ratis-examples/target/test/data/6e6e5023/MiniRaftClusterWithNettya4857fb2/s5/29fd9006-1bca-4297-a115-da40570646c7
2024-10-09 04:29:49,183 INFO  storage.RaftStorageDirectory (RaftStorageDirectoryImpl.java:tryLock(229)) - Lock on /home/runner/work/ratis/ratis/ratis-examples/target/test/data/6e6e5023/MiniRaftClusterWithNettya4857fb2/s5/29fd9006-1bca-4297-a115-da40570646c7/in_use.lock acquired by nodename 14484@fv-az565-744
2024-10-09 04:29:49,184 TRACE util.FileUtils (LogUtils.java:runAndLog(49)) - Successfully ran Files.createDirectories /home/runner/work/ratis/ratis/ratis-examples/target/test/data/6e6e5023/MiniRaftClusterWithNettya4857fb2/s5/29fd9006-1bca-4297-a115-da40570646c7/current
2024-10-09 04:29:49,184 TRACE util.FileUtils (LogUtils.java:runAndLog(49)) - Successfully ran Files.createDirectories /home/runner/work/ratis/ratis/ratis-examples/target/test/data/6e6e5023/MiniRaftClusterWithNettya4857fb2/s5/29fd9006-1bca-4297-a115-da40570646c7/sm
2024-10-09 04:29:49,184 TRACE util.FileUtils (LogUtils.java:supplyAndLog(69)) - Successfully supplied FileChannel.open /home/runner/work/ratis/ratis/ratis-examples/target/test/data/6e6e5023/MiniRaftClusterWithNettya4857fb2/s5/29fd9006-1bca-4297-a115-da40570646c7/current/raft-meta.tmp with options [CREATE, WRITE]: sun.nio.ch.FileChannelImpl@ae9e951
2024-10-09 04:29:49,185 TRACE util.FileUtils (LogUtils.java:runAndLog(49)) - Successfully ran Atomic Files.move /home/runner/work/ratis/ratis/ratis-examples/target/test/data/6e6e5023/MiniRaftClusterWithNettya4857fb2/s5/29fd9006-1bca-4297-a115-da40570646c7/current/raft-meta.tmp to /home/runner/work/ratis/ratis/ratis-examples/target/test/data/6e6e5023/MiniRaftClusterWithNettya4857fb2/s5/29fd9006-1bca-4297-a115-da40570646c7/current/raft-meta with options [REPLACE_EXISTING]
2024-10-09 04:29:49,185 INFO  storage.RaftStorage (RaftStorageImpl.java:format(98)) - Storage directory /home/runner/work/ratis/ratis/ratis-examples/target/test/data/6e6e5023/MiniRaftClusterWithNettya4857fb2/s5/29fd9006-1bca-4297-a115-da40570646c7 has been successfully formatted.
2024-10-09 04:29:49,185 WARN  statemachine.StateMachine (ArithmeticStateMachine.java:loadSnapshot(115)) - The snapshot info is null.
2024-10-09 04:29:49,185 INFO  server.RaftServerConfigKeys (ConfUtils.java:logGet(46)) - raft.server.log.use.memory = false (default)
2024-10-09 04:29:49,185 INFO  server.RaftServerConfigKeys (ConfUtils.java:logGet(46)) - raft.server.log.purge.gap = 1024 (default)
2024-10-09 04:29:49,185 INFO  server.RaftServerConfigKeys (ConfUtils.java:logGet(46)) - raft.server.log.appender.buffer.byte-limit = 4MB (=4194304) (default)
2024-10-09 04:29:49,185 INFO  server.RaftServerConfigKeys (ConfUtils.java:logGet(46)) - raft.server.log.statemachine.data.read.timeout = 1000ms (default)
2024-10-09 04:29:49,185 INFO  server.RaftServerConfigKeys (ConfUtils.java:logGet(46)) - raft.server.log.purge.preservation.log.num = 0 (default)
2024-10-09 04:29:49,185 INFO  server.RaftServerConfigKeys (ConfUtils.java:logGet(46)) - raft.server.log.segment.size.max = 32MB (=33554432) (default)
2024-10-09 04:29:49,185 INFO  server.RaftServerConfigKeys (ConfUtils.java:logGet(46)) - raft.server.log.segment.cache.num.max = 6 (default)
2024-10-09 04:29:49,185 INFO  server.RaftServerConfigKeys (ConfUtils.java:logGet(46)) - raft.server.log.segment.cache.size.max = 200MB (=209715200) (default)
2024-10-09 04:29:49,185 INFO  server.RaftServerConfigKeys (ConfUtils.java:logGet(46)) - raft.server.log.appender.buffer.byte-limit = 4MB (=4194304) (default)
2024-10-09 04:29:49,187 INFO  util.AwaitToRun (AwaitToRun.java:start(81)) - Thread[s5@group-DA40570646C7-cacheEviction-AwaitToRun,5,main] started
2024-10-09 04:29:49,187 INFO  segmented.SegmentedRaftLogWorker (SegmentedRaftLogWorker.java:<init>(187)) - new s5@group-DA40570646C7-SegmentedRaftLogWorker for RaftStorageImpl:Storage Directory /home/runner/work/ratis/ratis/ratis-examples/target/test/data/6e6e5023/MiniRaftClusterWithNettya4857fb2/s5/29fd9006-1bca-4297-a115-da40570646c7
2024-10-09 04:29:49,187 INFO  server.RaftServerConfigKeys (ConfUtils.java:logGet(46)) - raft.server.log.queue.byte-limit = 64MB (=67108864) (default)
2024-10-09 04:29:49,187 INFO  server.RaftServerConfigKeys (ConfUtils.java:logGet(46)) - raft.server.log.queue.element-limit = 4096 (default)
2024-10-09 04:29:49,187 INFO  server.RaftServerConfigKeys (ConfUtils.java:logGet(46)) - raft.server.log.segment.size.max = 32MB (=33554432) (default)
2024-10-09 04:29:49,187 INFO  server.RaftServerConfigKeys (ConfUtils.java:logGet(46)) - raft.server.log.preallocated.size = 4MB (=4194304) (default)
2024-10-09 04:29:49,187 INFO  server.RaftServerConfigKeys (ConfUtils.java:logGet(46)) - raft.server.log.force.sync.num = 128 (default)
2024-10-09 04:29:49,187 INFO  server.RaftServerConfigKeys (ConfUtils.java:logGet(46)) - raft.server.log.statemachine.data.sync = true (default)
2024-10-09 04:29:49,187 INFO  server.RaftServerConfigKeys (ConfUtils.java:logGet(46)) - raft.server.log.statemachine.data.sync.timeout = 10s (default)
2024-10-09 04:29:49,187 INFO  server.RaftServerConfigKeys (ConfUtils.java:logGet(46)) - raft.server.log.statemachine.data.sync.timeout.retry = -1 (default)
2024-10-09 04:29:49,187 INFO  server.RaftServerConfigKeys (ConfUtils.java:logGet(46)) - raft.server.log.write.buffer.size = 8MB (=8388608) (default)
2024-10-09 04:29:49,188 INFO  server.RaftServerConfigKeys (ConfUtils.java:logGet(46)) - raft.server.log.appender.buffer.byte-limit = 4MB (=4194304) (default)
2024-10-09 04:29:49,188 INFO  server.RaftServerConfigKeys (ConfUtils.java:logGet(46)) - raft.server.log.unsafe-flush.enabled = false (default)
2024-10-09 04:29:49,188 INFO  server.RaftServerConfigKeys (ConfUtils.java:logGet(46)) - raft.server.log.async-flush.enabled = false (default)
2024-10-09 04:29:49,188 INFO  server.RaftServerConfigKeys (ConfUtils.java:logGet(46)) - raft.server.log.statemachine.data.caching.enabled = false (default)
2024-10-09 04:29:49,188 INFO  segmented.SegmentedRaftLogWorker (SegmentedRaftLogWorker.java:lambda$new$0(138)) - s5@group-DA40570646C7-SegmentedRaftLogWorker: flushIndex: setUnconditionally 0 -> -1
2024-10-09 04:29:49,188 INFO  segmented.SegmentedRaftLogWorker (SegmentedRaftLogWorker.java:lambda$new$0(138)) - s5@group-DA40570646C7-SegmentedRaftLogWorker: safeCacheEvictIndex: setUnconditionally 0 -> -1
2024-10-09 04:29:49,188 INFO  server.RaftServer$Division (RaftServerImpl.java:start(398)) - s5@group-DA40570646C7: start with initializing state, conf=conf: {index: -1, cur=peers:[]|listeners:[], old=null}
2024-10-09 04:29:49,188 INFO  server.RaftServer$Division (RaftServerImpl.java:setRole(379)) - s5@group-DA40570646C7: changes role from      null to FOLLOWER at term 0 for start
2024-10-09 04:29:49,189 INFO  util.JmxRegister (JmxRegister.java:tryRegister(44)) - Successfully registered JMX Bean with object name Ratis:service=RaftServer,group=group-DA40570646C7,id=s5
2024-10-09 04:29:49,189 INFO  util.JmxRegister (JmxRegister.java:register(58)) - register mxBean class org.apache.ratis.server.impl.RaftServerJmxAdapter as Ratis:service=RaftServer,group=group-DA40570646C7,id=s5
2024-10-09 04:29:49,189 INFO  server.RaftServerConfigKeys (ConfUtils.java:logGet(46)) - raft.server.snapshot.trigger-when-stop.enabled = true (default)
2024-10-09 04:29:49,189 INFO  server.RaftServerConfigKeys (ConfUtils.java:logGet(46)) - raft.server.snapshot.trigger-when-remove.enabled = true (default)
2024-10-09 04:29:49,189 INFO  server.RaftServerConfigKeys (ConfUtils.java:logGet(46)) - raft.server.snapshot.auto.trigger.enabled = false (default)
2024-10-09 04:29:49,189 INFO  server.RaftServerConfigKeys (ConfUtils.java:logGet(46)) - raft.server.snapshot.retention.file.num = -1 (default)
2024-10-09 04:29:49,189 INFO  server.RaftServerConfigKeys (ConfUtils.java:logGet(46)) - raft.server.log.purge.upto.snapshot.index = false (default)
2024-10-09 04:29:49,189 INFO  server.RaftServer (RaftServerProxy.java:startImpl(408)) - s5: start RPC server
2024-10-09 04:29:49,190 INFO  logging.LoggingHandler (AbstractInternalLogger.java:log(148)) - [id: 0xb4864f75] REGISTERED
2024-10-09 04:29:49,190 INFO  logging.LoggingHandler (AbstractInternalLogger.java:log(148)) - [id: 0xb4864f75] BIND: 0.0.0.0/0.0.0.0:15020
2024-10-09 04:29:49,190 INFO  logging.LoggingHandler (AbstractInternalLogger.java:log(148)) - [id: 0xb4864f75, L:/0.0.0.0:15020] ACTIVE
2024-10-09 04:29:49,191 INFO  util.JvmPauseMonitor (JvmPauseMonitor.java:run(146)) - JvmPauseMonitor-s5: Started
2024-10-09 04:29:49,192 INFO  server.RaftServerConfigKeys (ConfUtils.java:logGet(46)) - raft.server.storage.free-space.min = 0MB (=0) (default)
2024-10-09 04:29:49,192 INFO  server.RaftServerConfigKeys (ConfUtils.java:logGet(46)) - raft.server.log.corruption.policy = EXCEPTION (default)
2024-10-09 04:29:49,192 INFO  server.RaftServerConfigKeys (ConfUtils.java:logGet(46)) - raft.server.storage.dir = [/home/runner/work/ratis/ratis/ratis-examples/target/test/data/6e6e5023/MiniRaftClusterWithNettya4857fb2/s6] (custom)
2024-10-09 04:29:49,192 INFO  storage.RaftStorageDirectory (RaftStorageDirectoryImpl.java:analyzeStorage(138)) - The storage directory /home/runner/work/ratis/ratis/ratis-examples/target/test/data/6e6e5023/MiniRaftClusterWithNettya4857fb2/s6/29fd9006-1bca-4297-a115-da40570646c7 does not exist. Creating ...
2024-10-09 04:29:49,192 TRACE util.FileUtils (LogUtils.java:runAndLog(49)) - Successfully ran Files.createDirectories /home/runner/work/ratis/ratis/ratis-examples/target/test/data/6e6e5023/MiniRaftClusterWithNettya4857fb2/s6/29fd9006-1bca-4297-a115-da40570646c7
2024-10-09 04:29:49,193 INFO  storage.RaftStorageDirectory (RaftStorageDirectoryImpl.java:tryLock(229)) - Lock on /home/runner/work/ratis/ratis/ratis-examples/target/test/data/6e6e5023/MiniRaftClusterWithNettya4857fb2/s6/29fd9006-1bca-4297-a115-da40570646c7/in_use.lock acquired by nodename 14484@fv-az565-744
2024-10-09 04:29:49,193 TRACE util.FileUtils (LogUtils.java:runAndLog(49)) - Successfully ran Files.createDirectories /home/runner/work/ratis/ratis/ratis-examples/target/test/data/6e6e5023/MiniRaftClusterWithNettya4857fb2/s6/29fd9006-1bca-4297-a115-da40570646c7/current
2024-10-09 04:29:49,194 TRACE util.FileUtils (LogUtils.java:runAndLog(49)) - Successfully ran Files.createDirectories /home/runner/work/ratis/ratis/ratis-examples/target/test/data/6e6e5023/MiniRaftClusterWithNettya4857fb2/s6/29fd9006-1bca-4297-a115-da40570646c7/sm
2024-10-09 04:29:49,194 TRACE util.FileUtils (LogUtils.java:supplyAndLog(69)) - Successfully supplied FileChannel.open /home/runner/work/ratis/ratis/ratis-examples/target/test/data/6e6e5023/MiniRaftClusterWithNettya4857fb2/s6/29fd9006-1bca-4297-a115-da40570646c7/current/raft-meta.tmp with options [CREATE, WRITE]: sun.nio.ch.FileChannelImpl@79364228
2024-10-09 04:29:49,195 TRACE util.FileUtils (LogUtils.java:runAndLog(49)) - Successfully ran Atomic Files.move /home/runner/work/ratis/ratis/ratis-examples/target/test/data/6e6e5023/MiniRaftClusterWithNettya4857fb2/s6/29fd9006-1bca-4297-a115-da40570646c7/current/raft-meta.tmp to /home/runner/work/ratis/ratis/ratis-examples/target/test/data/6e6e5023/MiniRaftClusterWithNettya4857fb2/s6/29fd9006-1bca-4297-a115-da40570646c7/current/raft-meta with options [REPLACE_EXISTING]
2024-10-09 04:29:49,195 INFO  storage.RaftStorage (RaftStorageImpl.java:format(98)) - Storage directory /home/runner/work/ratis/ratis/ratis-examples/target/test/data/6e6e5023/MiniRaftClusterWithNettya4857fb2/s6/29fd9006-1bca-4297-a115-da40570646c7 has been successfully formatted.
2024-10-09 04:29:49,195 WARN  statemachine.StateMachine (ArithmeticStateMachine.java:loadSnapshot(115)) - The snapshot info is null.
2024-10-09 04:29:49,195 INFO  server.RaftServerConfigKeys (ConfUtils.java:logGet(46)) - raft.server.log.use.memory = false (default)
2024-10-09 04:29:49,195 INFO  server.RaftServerConfigKeys (ConfUtils.java:logGet(46)) - raft.server.log.purge.gap = 1024 (default)
2024-10-09 04:29:49,195 INFO  server.RaftServerConfigKeys (ConfUtils.java:logGet(46)) - raft.server.log.appender.buffer.byte-limit = 4MB (=4194304) (default)
2024-10-09 04:29:49,195 INFO  server.RaftServerConfigKeys (ConfUtils.java:logGet(46)) - raft.server.log.statemachine.data.read.timeout = 1000ms (default)
2024-10-09 04:29:49,195 INFO  server.RaftServerConfigKeys (ConfUtils.java:logGet(46)) - raft.server.log.purge.preservation.log.num = 0 (default)
2024-10-09 04:29:49,195 INFO  server.RaftServerConfigKeys (ConfUtils.java:logGet(46)) - raft.server.log.segment.size.max = 32MB (=33554432) (default)
2024-10-09 04:29:49,195 INFO  server.RaftServerConfigKeys (ConfUtils.java:logGet(46)) - raft.server.log.segment.cache.num.max = 6 (default)
2024-10-09 04:29:49,196 INFO  server.RaftServerConfigKeys (ConfUtils.java:logGet(46)) - raft.server.log.segment.cache.size.max = 200MB (=209715200) (default)
2024-10-09 04:29:49,196 INFO  server.RaftServerConfigKeys (ConfUtils.java:logGet(46)) - raft.server.log.appender.buffer.byte-limit = 4MB (=4194304) (default)
2024-10-09 04:29:49,199 INFO  util.AwaitToRun (AwaitToRun.java:start(81)) - Thread[s6@group-DA40570646C7-cacheEviction-AwaitToRun,5,main] started
2024-10-09 04:29:49,199 INFO  segmented.SegmentedRaftLogWorker (SegmentedRaftLogWorker.java:<init>(187)) - new s6@group-DA40570646C7-SegmentedRaftLogWorker for RaftStorageImpl:Storage Directory /home/runner/work/ratis/ratis/ratis-examples/target/test/data/6e6e5023/MiniRaftClusterWithNettya4857fb2/s6/29fd9006-1bca-4297-a115-da40570646c7
2024-10-09 04:29:49,199 INFO  server.RaftServerConfigKeys (ConfUtils.java:logGet(46)) - raft.server.log.queue.byte-limit = 64MB (=67108864) (default)
2024-10-09 04:29:49,199 INFO  server.RaftServerConfigKeys (ConfUtils.java:logGet(46)) - raft.server.log.queue.element-limit = 4096 (default)
2024-10-09 04:29:49,199 INFO  server.RaftServerConfigKeys (ConfUtils.java:logGet(46)) - raft.server.log.segment.size.max = 32MB (=33554432) (default)
2024-10-09 04:29:49,199 INFO  server.RaftServerConfigKeys (ConfUtils.java:logGet(46)) - raft.server.log.preallocated.size = 4MB (=4194304) (default)
2024-10-09 04:29:49,199 INFO  server.RaftServerConfigKeys (ConfUtils.java:logGet(46)) - raft.server.log.force.sync.num = 128 (default)
2024-10-09 04:29:49,199 INFO  server.RaftServerConfigKeys (ConfUtils.java:logGet(46)) - raft.server.log.statemachine.data.sync = true (default)
2024-10-09 04:29:49,199 INFO  server.RaftServerConfigKeys (ConfUtils.java:logGet(46)) - raft.server.log.statemachine.data.sync.timeout = 10s (default)
2024-10-09 04:29:49,199 INFO  server.RaftServerConfigKeys (ConfUtils.java:logGet(46)) - raft.server.log.statemachine.data.sync.timeout.retry = -1 (default)
2024-10-09 04:29:49,199 INFO  server.RaftServerConfigKeys (ConfUtils.java:logGet(46)) - raft.server.log.write.buffer.size = 8MB (=8388608) (default)
2024-10-09 04:29:49,200 INFO  server.RaftServerConfigKeys (ConfUtils.java:logGet(46)) - raft.server.log.appender.buffer.byte-limit = 4MB (=4194304) (default)
2024-10-09 04:29:49,200 INFO  server.RaftServerConfigKeys (ConfUtils.java:logGet(46)) - raft.server.log.unsafe-flush.enabled = false (default)
2024-10-09 04:29:49,200 INFO  server.RaftServerConfigKeys (ConfUtils.java:logGet(46)) - raft.server.log.async-flush.enabled = false (default)
2024-10-09 04:29:49,200 INFO  server.RaftServerConfigKeys (ConfUtils.java:logGet(46)) - raft.server.log.statemachine.data.caching.enabled = false (default)
2024-10-09 04:29:49,200 INFO  segmented.SegmentedRaftLogWorker (SegmentedRaftLogWorker.java:lambda$new$0(138)) - s6@group-DA40570646C7-SegmentedRaftLogWorker: flushIndex: setUnconditionally 0 -> -1
2024-10-09 04:29:49,200 INFO  segmented.SegmentedRaftLogWorker (SegmentedRaftLogWorker.java:lambda$new$0(138)) - s6@group-DA40570646C7-SegmentedRaftLogWorker: safeCacheEvictIndex: setUnconditionally 0 -> -1
2024-10-09 04:29:49,200 INFO  server.RaftServer$Division (RaftServerImpl.java:start(398)) - s6@group-DA40570646C7: start with initializing state, conf=conf: {index: -1, cur=peers:[]|listeners:[], old=null}
2024-10-09 04:29:49,200 INFO  server.RaftServer$Division (RaftServerImpl.java:setRole(379)) - s6@group-DA40570646C7: changes role from      null to FOLLOWER at term 0 for start
2024-10-09 04:29:49,201 INFO  util.JmxRegister (JmxRegister.java:tryRegister(44)) - Successfully registered JMX Bean with object name Ratis:service=RaftServer,group=group-DA40570646C7,id=s6
2024-10-09 04:29:49,201 INFO  util.JmxRegister (JmxRegister.java:register(58)) - register mxBean class org.apache.ratis.server.impl.RaftServerJmxAdapter as Ratis:service=RaftServer,group=group-DA40570646C7,id=s6
2024-10-09 04:29:49,201 INFO  server.RaftServerConfigKeys (ConfUtils.java:logGet(46)) - raft.server.snapshot.trigger-when-stop.enabled = true (default)
2024-10-09 04:29:49,201 INFO  server.RaftServerConfigKeys (ConfUtils.java:logGet(46)) - raft.server.snapshot.trigger-when-remove.enabled = true (default)
2024-10-09 04:29:49,201 INFO  server.RaftServerConfigKeys (ConfUtils.java:logGet(46)) - raft.server.snapshot.auto.trigger.enabled = false (default)
2024-10-09 04:29:49,201 INFO  server.RaftServerConfigKeys (ConfUtils.java:logGet(46)) - raft.server.snapshot.retention.file.num = -1 (default)
2024-10-09 04:29:49,201 INFO  server.RaftServerConfigKeys (ConfUtils.java:logGet(46)) - raft.server.log.purge.upto.snapshot.index = false (default)
2024-10-09 04:29:49,202 INFO  server.RaftServer (RaftServerProxy.java:startImpl(408)) - s6: start RPC server
2024-10-09 04:29:49,207 INFO  logging.LoggingHandler (AbstractInternalLogger.java:log(148)) - [id: 0x7c05a430] REGISTERED
2024-10-09 04:29:49,207 INFO  logging.LoggingHandler (AbstractInternalLogger.java:log(148)) - [id: 0x7c05a430] BIND: 0.0.0.0/0.0.0.0:15021
2024-10-09 04:29:49,207 INFO  logging.LoggingHandler (AbstractInternalLogger.java:log(148)) - [id: 0x7c05a430, L:/0.0.0.0:15021] ACTIVE
2024-10-09 04:29:49,207 INFO  server.RaftServerConfigKeys (ConfUtils.java:logGet(46)) - raft.server.storage.free-space.min = 0MB (=0) (default)
2024-10-09 04:29:49,207 INFO  util.JvmPauseMonitor (JvmPauseMonitor.java:run(146)) - JvmPauseMonitor-s6: Started
2024-10-09 04:29:49,208 INFO  server.RaftServerConfigKeys (ConfUtils.java:logGet(46)) - raft.server.log.corruption.policy = EXCEPTION (default)
2024-10-09 04:29:49,208 INFO  server.RaftServerConfigKeys (ConfUtils.java:logGet(46)) - raft.server.storage.dir = [/home/runner/work/ratis/ratis/ratis-examples/target/test/data/6e6e5023/MiniRaftClusterWithNettya4857fb2/s7] (custom)
2024-10-09 04:29:49,208 INFO  storage.RaftStorageDirectory (RaftStorageDirectoryImpl.java:analyzeStorage(138)) - The storage directory /home/runner/work/ratis/ratis/ratis-examples/target/test/data/6e6e5023/MiniRaftClusterWithNettya4857fb2/s7/29fd9006-1bca-4297-a115-da40570646c7 does not exist. Creating ...
2024-10-09 04:29:49,208 TRACE util.FileUtils (LogUtils.java:runAndLog(49)) - Successfully ran Files.createDirectories /home/runner/work/ratis/ratis/ratis-examples/target/test/data/6e6e5023/MiniRaftClusterWithNettya4857fb2/s7/29fd9006-1bca-4297-a115-da40570646c7
2024-10-09 04:29:49,209 INFO  storage.RaftStorageDirectory (RaftStorageDirectoryImpl.java:tryLock(229)) - Lock on /home/runner/work/ratis/ratis/ratis-examples/target/test/data/6e6e5023/MiniRaftClusterWithNettya4857fb2/s7/29fd9006-1bca-4297-a115-da40570646c7/in_use.lock acquired by nodename 14484@fv-az565-744
2024-10-09 04:29:49,209 TRACE util.FileUtils (LogUtils.java:runAndLog(49)) - Successfully ran Files.createDirectories /home/runner/work/ratis/ratis/ratis-examples/target/test/data/6e6e5023/MiniRaftClusterWithNettya4857fb2/s7/29fd9006-1bca-4297-a115-da40570646c7/current
2024-10-09 04:29:49,209 TRACE util.FileUtils (LogUtils.java:runAndLog(49)) - Successfully ran Files.createDirectories /home/runner/work/ratis/ratis/ratis-examples/target/test/data/6e6e5023/MiniRaftClusterWithNettya4857fb2/s7/29fd9006-1bca-4297-a115-da40570646c7/sm
2024-10-09 04:29:49,210 TRACE util.FileUtils (LogUtils.java:supplyAndLog(69)) - Successfully supplied FileChannel.open /home/runner/work/ratis/ratis/ratis-examples/target/test/data/6e6e5023/MiniRaftClusterWithNettya4857fb2/s7/29fd9006-1bca-4297-a115-da40570646c7/current/raft-meta.tmp with options [CREATE, WRITE]: sun.nio.ch.FileChannelImpl@6c73d1ec
2024-10-09 04:29:49,211 TRACE util.FileUtils (LogUtils.java:runAndLog(49)) - Successfully ran Atomic Files.move /home/runner/work/ratis/ratis/ratis-examples/target/test/data/6e6e5023/MiniRaftClusterWithNettya4857fb2/s7/29fd9006-1bca-4297-a115-da40570646c7/current/raft-meta.tmp to /home/runner/work/ratis/ratis/ratis-examples/target/test/data/6e6e5023/MiniRaftClusterWithNettya4857fb2/s7/29fd9006-1bca-4297-a115-da40570646c7/current/raft-meta with options [REPLACE_EXISTING]
2024-10-09 04:29:49,211 INFO  storage.RaftStorage (RaftStorageImpl.java:format(98)) - Storage directory /home/runner/work/ratis/ratis/ratis-examples/target/test/data/6e6e5023/MiniRaftClusterWithNettya4857fb2/s7/29fd9006-1bca-4297-a115-da40570646c7 has been successfully formatted.
2024-10-09 04:29:49,211 WARN  statemachine.StateMachine (ArithmeticStateMachine.java:loadSnapshot(115)) - The snapshot info is null.
2024-10-09 04:29:49,211 INFO  server.RaftServerConfigKeys (ConfUtils.java:logGet(46)) - raft.server.log.use.memory = false (default)
2024-10-09 04:29:49,211 INFO  server.RaftServerConfigKeys (ConfUtils.java:logGet(46)) - raft.server.log.purge.gap = 1024 (default)
2024-10-09 04:29:49,211 INFO  server.RaftServerConfigKeys (ConfUtils.java:logGet(46)) - raft.server.log.appender.buffer.byte-limit = 4MB (=4194304) (default)
2024-10-09 04:29:49,211 INFO  server.RaftServerConfigKeys (ConfUtils.java:logGet(46)) - raft.server.log.statemachine.data.read.timeout = 1000ms (default)
2024-10-09 04:29:49,211 INFO  server.RaftServerConfigKeys (ConfUtils.java:logGet(46)) - raft.server.log.purge.preservation.log.num = 0 (default)
2024-10-09 04:29:49,212 INFO  server.RaftServerConfigKeys (ConfUtils.java:logGet(46)) - raft.server.log.segment.size.max = 32MB (=33554432) (default)
2024-10-09 04:29:49,212 INFO  server.RaftServerConfigKeys (ConfUtils.java:logGet(46)) - raft.server.log.segment.cache.num.max = 6 (default)
2024-10-09 04:29:49,212 INFO  server.RaftServerConfigKeys (ConfUtils.java:logGet(46)) - raft.server.log.segment.cache.size.max = 200MB (=209715200) (default)
2024-10-09 04:29:49,212 INFO  server.RaftServerConfigKeys (ConfUtils.java:logGet(46)) - raft.server.log.appender.buffer.byte-limit = 4MB (=4194304) (default)
2024-10-09 04:29:49,212 INFO  util.AwaitToRun (AwaitToRun.java:start(81)) - Thread[s7@group-DA40570646C7-cacheEviction-AwaitToRun,5,main] started
2024-10-09 04:29:49,212 INFO  segmented.SegmentedRaftLogWorker (SegmentedRaftLogWorker.java:<init>(187)) - new s7@group-DA40570646C7-SegmentedRaftLogWorker for RaftStorageImpl:Storage Directory /home/runner/work/ratis/ratis/ratis-examples/target/test/data/6e6e5023/MiniRaftClusterWithNettya4857fb2/s7/29fd9006-1bca-4297-a115-da40570646c7
2024-10-09 04:29:49,212 INFO  server.RaftServerConfigKeys (ConfUtils.java:logGet(46)) - raft.server.log.queue.byte-limit = 64MB (=67108864) (default)
2024-10-09 04:29:49,212 INFO  server.RaftServerConfigKeys (ConfUtils.java:logGet(46)) - raft.server.log.queue.element-limit = 4096 (default)
2024-10-09 04:29:49,212 INFO  server.RaftServerConfigKeys (ConfUtils.java:logGet(46)) - raft.server.log.segment.size.max = 32MB (=33554432) (default)
2024-10-09 04:29:49,212 INFO  server.RaftServerConfigKeys (ConfUtils.java:logGet(46)) - raft.server.log.preallocated.size = 4MB (=4194304) (default)
2024-10-09 04:29:49,212 INFO  server.RaftServerConfigKeys (ConfUtils.java:logGet(46)) - raft.server.log.force.sync.num = 128 (default)
2024-10-09 04:29:49,212 INFO  server.RaftServerConfigKeys (ConfUtils.java:logGet(46)) - raft.server.log.statemachine.data.sync = true (default)
2024-10-09 04:29:49,213 INFO  server.RaftServerConfigKeys (ConfUtils.java:logGet(46)) - raft.server.log.statemachine.data.sync.timeout = 10s (default)
2024-10-09 04:29:49,213 INFO  server.RaftServerConfigKeys (ConfUtils.java:logGet(46)) - raft.server.log.statemachine.data.sync.timeout.retry = -1 (default)
2024-10-09 04:29:49,213 INFO  server.RaftServerConfigKeys (ConfUtils.java:logGet(46)) - raft.server.log.write.buffer.size = 8MB (=8388608) (default)
2024-10-09 04:29:49,213 INFO  server.RaftServerConfigKeys (ConfUtils.java:logGet(46)) - raft.server.log.appender.buffer.byte-limit = 4MB (=4194304) (default)
2024-10-09 04:29:49,213 INFO  server.RaftServerConfigKeys (ConfUtils.java:logGet(46)) - raft.server.log.unsafe-flush.enabled = false (default)
2024-10-09 04:29:49,214 INFO  server.RaftServerConfigKeys (ConfUtils.java:logGet(46)) - raft.server.log.async-flush.enabled = false (default)
2024-10-09 04:29:49,214 INFO  server.RaftServerConfigKeys (ConfUtils.java:logGet(46)) - raft.server.log.statemachine.data.caching.enabled = false (default)
2024-10-09 04:29:49,214 INFO  segmented.SegmentedRaftLogWorker (SegmentedRaftLogWorker.java:lambda$new$0(138)) - s7@group-DA40570646C7-SegmentedRaftLogWorker: flushIndex: setUnconditionally 0 -> -1
2024-10-09 04:29:49,214 INFO  segmented.SegmentedRaftLogWorker (SegmentedRaftLogWorker.java:lambda$new$0(138)) - s7@group-DA40570646C7-SegmentedRaftLogWorker: safeCacheEvictIndex: setUnconditionally 0 -> -1
2024-10-09 04:29:49,214 INFO  server.RaftServer$Division (RaftServerImpl.java:start(398)) - s7@group-DA40570646C7: start with initializing state, conf=conf: {index: -1, cur=peers:[]|listeners:[], old=null}
2024-10-09 04:29:49,214 INFO  server.RaftServer$Division (RaftServerImpl.java:setRole(379)) - s7@group-DA40570646C7: changes role from      null to FOLLOWER at term 0 for start
2024-10-09 04:29:49,214 INFO  util.JmxRegister (JmxRegister.java:tryRegister(44)) - Successfully registered JMX Bean with object name Ratis:service=RaftServer,group=group-DA40570646C7,id=s7
2024-10-09 04:29:49,214 INFO  util.JmxRegister (JmxRegister.java:register(58)) - register mxBean class org.apache.ratis.server.impl.RaftServerJmxAdapter as Ratis:service=RaftServer,group=group-DA40570646C7,id=s7
2024-10-09 04:29:49,215 INFO  server.RaftServerConfigKeys (ConfUtils.java:logGet(46)) - raft.server.snapshot.trigger-when-stop.enabled = true (default)
2024-10-09 04:29:49,215 INFO  server.RaftServerConfigKeys (ConfUtils.java:logGet(46)) - raft.server.snapshot.trigger-when-remove.enabled = true (default)
2024-10-09 04:29:49,215 INFO  server.RaftServerConfigKeys (ConfUtils.java:logGet(46)) - raft.server.snapshot.auto.trigger.enabled = false (default)
2024-10-09 04:29:49,215 INFO  server.RaftServerConfigKeys (ConfUtils.java:logGet(46)) - raft.server.snapshot.retention.file.num = -1 (default)
2024-10-09 04:29:49,215 INFO  server.RaftServerConfigKeys (ConfUtils.java:logGet(46)) - raft.server.log.purge.upto.snapshot.index = false (default)
2024-10-09 04:29:49,215 INFO  server.RaftServer (RaftServerProxy.java:startImpl(408)) - s7: start RPC server
2024-10-09 04:29:49,216 INFO  logging.LoggingHandler (AbstractInternalLogger.java:log(148)) - [id: 0xd08e94f7] REGISTERED
2024-10-09 04:29:49,216 INFO  logging.LoggingHandler (AbstractInternalLogger.java:log(148)) - [id: 0xd08e94f7] BIND: 0.0.0.0/0.0.0.0:15022
2024-10-09 04:29:49,216 INFO  logging.LoggingHandler (AbstractInternalLogger.java:log(148)) - [id: 0xd08e94f7, L:/0.0.0.0:15022] ACTIVE
2024-10-09 04:29:49,216 INFO  util.JvmPauseMonitor (JvmPauseMonitor.java:run(146)) - JvmPauseMonitor-s7: Started
2024-10-09 04:29:49,216 INFO  server.RaftServerConfigKeys (ConfUtils.java:logGet(46)) - raft.server.storage.free-space.min = 0MB (=0) (default)
2024-10-09 04:29:49,217 INFO  server.RaftServerConfigKeys (ConfUtils.java:logGet(46)) - raft.server.log.corruption.policy = EXCEPTION (default)
2024-10-09 04:29:49,217 INFO  server.RaftServerConfigKeys (ConfUtils.java:logGet(46)) - raft.server.storage.dir = [/home/runner/work/ratis/ratis/ratis-examples/target/test/data/6e6e5023/MiniRaftClusterWithNettya4857fb2/s8] (custom)
2024-10-09 04:29:49,217 INFO  storage.RaftStorageDirectory (RaftStorageDirectoryImpl.java:analyzeStorage(138)) - The storage directory /home/runner/work/ratis/ratis/ratis-examples/target/test/data/6e6e5023/MiniRaftClusterWithNettya4857fb2/s8/29fd9006-1bca-4297-a115-da40570646c7 does not exist. Creating ...
2024-10-09 04:29:49,217 TRACE util.FileUtils (LogUtils.java:runAndLog(49)) - Successfully ran Files.createDirectories /home/runner/work/ratis/ratis/ratis-examples/target/test/data/6e6e5023/MiniRaftClusterWithNettya4857fb2/s8/29fd9006-1bca-4297-a115-da40570646c7
2024-10-09 04:29:49,218 INFO  storage.RaftStorageDirectory (RaftStorageDirectoryImpl.java:tryLock(229)) - Lock on /home/runner/work/ratis/ratis/ratis-examples/target/test/data/6e6e5023/MiniRaftClusterWithNettya4857fb2/s8/29fd9006-1bca-4297-a115-da40570646c7/in_use.lock acquired by nodename 14484@fv-az565-744
2024-10-09 04:29:49,218 TRACE util.FileUtils (LogUtils.java:runAndLog(49)) - Successfully ran Files.createDirectories /home/runner/work/ratis/ratis/ratis-examples/target/test/data/6e6e5023/MiniRaftClusterWithNettya4857fb2/s8/29fd9006-1bca-4297-a115-da40570646c7/current
2024-10-09 04:29:49,218 TRACE util.FileUtils (LogUtils.java:runAndLog(49)) - Successfully ran Files.createDirectories /home/runner/work/ratis/ratis/ratis-examples/target/test/data/6e6e5023/MiniRaftClusterWithNettya4857fb2/s8/29fd9006-1bca-4297-a115-da40570646c7/sm
2024-10-09 04:29:49,218 TRACE util.FileUtils (LogUtils.java:supplyAndLog(69)) - Successfully supplied FileChannel.open /home/runner/work/ratis/ratis/ratis-examples/target/test/data/6e6e5023/MiniRaftClusterWithNettya4857fb2/s8/29fd9006-1bca-4297-a115-da40570646c7/current/raft-meta.tmp with options [CREATE, WRITE]: sun.nio.ch.FileChannelImpl@3c92cba9
2024-10-09 04:29:49,219 TRACE util.FileUtils (LogUtils.java:runAndLog(49)) - Successfully ran Atomic Files.move /home/runner/work/ratis/ratis/ratis-examples/target/test/data/6e6e5023/MiniRaftClusterWithNettya4857fb2/s8/29fd9006-1bca-4297-a115-da40570646c7/current/raft-meta.tmp to /home/runner/work/ratis/ratis/ratis-examples/target/test/data/6e6e5023/MiniRaftClusterWithNettya4857fb2/s8/29fd9006-1bca-4297-a115-da40570646c7/current/raft-meta with options [REPLACE_EXISTING]
2024-10-09 04:29:49,219 INFO  storage.RaftStorage (RaftStorageImpl.java:format(98)) - Storage directory /home/runner/work/ratis/ratis/ratis-examples/target/test/data/6e6e5023/MiniRaftClusterWithNettya4857fb2/s8/29fd9006-1bca-4297-a115-da40570646c7 has been successfully formatted.
2024-10-09 04:29:49,219 WARN  statemachine.StateMachine (ArithmeticStateMachine.java:loadSnapshot(115)) - The snapshot info is null.
2024-10-09 04:29:49,219 INFO  server.RaftServerConfigKeys (ConfUtils.java:logGet(46)) - raft.server.log.use.memory = false (default)
2024-10-09 04:29:49,220 INFO  server.RaftServerConfigKeys (ConfUtils.java:logGet(46)) - raft.server.log.purge.gap = 1024 (default)
2024-10-09 04:29:49,220 INFO  server.RaftServerConfigKeys (ConfUtils.java:logGet(46)) - raft.server.log.appender.buffer.byte-limit = 4MB (=4194304) (default)
2024-10-09 04:29:49,220 INFO  server.RaftServerConfigKeys (ConfUtils.java:logGet(46)) - raft.server.log.statemachine.data.read.timeout = 1000ms (default)
2024-10-09 04:29:49,220 INFO  server.RaftServerConfigKeys (ConfUtils.java:logGet(46)) - raft.server.log.purge.preservation.log.num = 0 (default)
2024-10-09 04:29:49,220 INFO  server.RaftServerConfigKeys (ConfUtils.java:logGet(46)) - raft.server.log.segment.size.max = 32MB (=33554432) (default)
2024-10-09 04:29:49,220 INFO  server.RaftServerConfigKeys (ConfUtils.java:logGet(46)) - raft.server.log.segment.cache.num.max = 6 (default)
2024-10-09 04:29:49,220 INFO  server.RaftServerConfigKeys (ConfUtils.java:logGet(46)) - raft.server.log.segment.cache.size.max = 200MB (=209715200) (default)
2024-10-09 04:29:49,220 INFO  server.RaftServerConfigKeys (ConfUtils.java:logGet(46)) - raft.server.log.appender.buffer.byte-limit = 4MB (=4194304) (default)
2024-10-09 04:29:49,220 INFO  util.AwaitToRun (AwaitToRun.java:start(81)) - Thread[s8@group-DA40570646C7-cacheEviction-AwaitToRun,5,main] started
2024-10-09 04:29:49,220 INFO  segmented.SegmentedRaftLogWorker (SegmentedRaftLogWorker.java:<init>(187)) - new s8@group-DA40570646C7-SegmentedRaftLogWorker for RaftStorageImpl:Storage Directory /home/runner/work/ratis/ratis/ratis-examples/target/test/data/6e6e5023/MiniRaftClusterWithNettya4857fb2/s8/29fd9006-1bca-4297-a115-da40570646c7
2024-10-09 04:29:49,220 INFO  server.RaftServerConfigKeys (ConfUtils.java:logGet(46)) - raft.server.log.queue.byte-limit = 64MB (=67108864) (default)
2024-10-09 04:29:49,221 INFO  server.RaftServerConfigKeys (ConfUtils.java:logGet(46)) - raft.server.log.queue.element-limit = 4096 (default)
2024-10-09 04:29:49,221 INFO  server.RaftServerConfigKeys (ConfUtils.java:logGet(46)) - raft.server.log.segment.size.max = 32MB (=33554432) (default)
2024-10-09 04:29:49,221 INFO  server.RaftServerConfigKeys (ConfUtils.java:logGet(46)) - raft.server.log.preallocated.size = 4MB (=4194304) (default)
2024-10-09 04:29:49,221 INFO  server.RaftServerConfigKeys (ConfUtils.java:logGet(46)) - raft.server.log.force.sync.num = 128 (default)
2024-10-09 04:29:49,221 INFO  server.RaftServerConfigKeys (ConfUtils.java:logGet(46)) - raft.server.log.statemachine.data.sync = true (default)
2024-10-09 04:29:49,221 INFO  server.RaftServerConfigKeys (ConfUtils.java:logGet(46)) - raft.server.log.statemachine.data.sync.timeout = 10s (default)
2024-10-09 04:29:49,221 INFO  server.RaftServerConfigKeys (ConfUtils.java:logGet(46)) - raft.server.log.statemachine.data.sync.timeout.retry = -1 (default)
2024-10-09 04:29:49,221 INFO  server.RaftServerConfigKeys (ConfUtils.java:logGet(46)) - raft.server.log.write.buffer.size = 8MB (=8388608) (default)
2024-10-09 04:29:49,223 INFO  server.RaftServerConfigKeys (ConfUtils.java:logGet(46)) - raft.server.log.appender.buffer.byte-limit = 4MB (=4194304) (default)
2024-10-09 04:29:49,223 INFO  server.RaftServerConfigKeys (ConfUtils.java:logGet(46)) - raft.server.log.unsafe-flush.enabled = false (default)
2024-10-09 04:29:49,223 INFO  server.RaftServerConfigKeys (ConfUtils.java:logGet(46)) - raft.server.log.async-flush.enabled = false (default)
2024-10-09 04:29:49,223 INFO  server.RaftServerConfigKeys (ConfUtils.java:logGet(46)) - raft.server.log.statemachine.data.caching.enabled = false (default)
2024-10-09 04:29:49,223 INFO  segmented.SegmentedRaftLogWorker (SegmentedRaftLogWorker.java:lambda$new$0(138)) - s8@group-DA40570646C7-SegmentedRaftLogWorker: flushIndex: setUnconditionally 0 -> -1
2024-10-09 04:29:49,223 INFO  segmented.SegmentedRaftLogWorker (SegmentedRaftLogWorker.java:lambda$new$0(138)) - s8@group-DA40570646C7-SegmentedRaftLogWorker: safeCacheEvictIndex: setUnconditionally 0 -> -1
2024-10-09 04:29:49,223 INFO  server.RaftServer$Division (RaftServerImpl.java:start(398)) - s8@group-DA40570646C7: start with initializing state, conf=conf: {index: -1, cur=peers:[]|listeners:[], old=null}
2024-10-09 04:29:49,224 INFO  server.RaftServer$Division (RaftServerImpl.java:setRole(379)) - s8@group-DA40570646C7: changes role from      null to FOLLOWER at term 0 for start
2024-10-09 04:29:49,224 INFO  util.JmxRegister (JmxRegister.java:tryRegister(44)) - Successfully registered JMX Bean with object name Ratis:service=RaftServer,group=group-DA40570646C7,id=s8
2024-10-09 04:29:49,224 INFO  util.JmxRegister (JmxRegister.java:register(58)) - register mxBean class org.apache.ratis.server.impl.RaftServerJmxAdapter as Ratis:service=RaftServer,group=group-DA40570646C7,id=s8
2024-10-09 04:29:49,224 INFO  server.RaftServerConfigKeys (ConfUtils.java:logGet(46)) - raft.server.snapshot.trigger-when-stop.enabled = true (default)
2024-10-09 04:29:49,224 INFO  server.RaftServerConfigKeys (ConfUtils.java:logGet(46)) - raft.server.snapshot.trigger-when-remove.enabled = true (default)
2024-10-09 04:29:49,224 INFO  server.RaftServerConfigKeys (ConfUtils.java:logGet(46)) - raft.server.snapshot.auto.trigger.enabled = false (default)
2024-10-09 04:29:49,224 INFO  server.RaftServerConfigKeys (ConfUtils.java:logGet(46)) - raft.server.snapshot.retention.file.num = -1 (default)
2024-10-09 04:29:49,224 INFO  server.RaftServerConfigKeys (ConfUtils.java:logGet(46)) - raft.server.log.purge.upto.snapshot.index = false (default)
2024-10-09 04:29:49,224 INFO  server.RaftServer (RaftServerProxy.java:startImpl(408)) - s8: start RPC server
2024-10-09 04:29:49,225 INFO  logging.LoggingHandler (AbstractInternalLogger.java:log(148)) - [id: 0x234b1ce4] REGISTERED
2024-10-09 04:29:49,225 INFO  logging.LoggingHandler (AbstractInternalLogger.java:log(148)) - [id: 0x234b1ce4] BIND: 0.0.0.0/0.0.0.0:15023
2024-10-09 04:29:49,225 INFO  logging.LoggingHandler (AbstractInternalLogger.java:log(148)) - [id: 0x234b1ce4, L:/0.0.0.0:15023] ACTIVE
2024-10-09 04:29:49,226 INFO  server.RaftServerConfigKeys (ConfUtils.java:logGet(46)) - raft.server.storage.free-space.min = 0MB (=0) (default)
2024-10-09 04:29:49,226 INFO  server.RaftServerConfigKeys (ConfUtils.java:logGet(46)) - raft.server.log.corruption.policy = EXCEPTION (default)
2024-10-09 04:29:49,226 INFO  server.RaftServerConfigKeys (ConfUtils.java:logGet(46)) - raft.server.storage.dir = [/home/runner/work/ratis/ratis/ratis-examples/target/test/data/6e6e5023/MiniRaftClusterWithNettya4857fb2/s9] (custom)
2024-10-09 04:29:49,226 INFO  storage.RaftStorageDirectory (RaftStorageDirectoryImpl.java:analyzeStorage(138)) - The storage directory /home/runner/work/ratis/ratis/ratis-examples/target/test/data/6e6e5023/MiniRaftClusterWithNettya4857fb2/s9/29fd9006-1bca-4297-a115-da40570646c7 does not exist. Creating ...
2024-10-09 04:29:49,226 TRACE util.FileUtils (LogUtils.java:runAndLog(49)) - Successfully ran Files.createDirectories /home/runner/work/ratis/ratis/ratis-examples/target/test/data/6e6e5023/MiniRaftClusterWithNettya4857fb2/s9/29fd9006-1bca-4297-a115-da40570646c7
2024-10-09 04:29:49,227 INFO  util.JvmPauseMonitor (JvmPauseMonitor.java:run(146)) - JvmPauseMonitor-s8: Started
2024-10-09 04:29:49,227 INFO  storage.RaftStorageDirectory (RaftStorageDirectoryImpl.java:tryLock(229)) - Lock on /home/runner/work/ratis/ratis/ratis-examples/target/test/data/6e6e5023/MiniRaftClusterWithNettya4857fb2/s9/29fd9006-1bca-4297-a115-da40570646c7/in_use.lock acquired by nodename 14484@fv-az565-744
2024-10-09 04:29:49,227 TRACE util.FileUtils (LogUtils.java:runAndLog(49)) - Successfully ran Files.createDirectories /home/runner/work/ratis/ratis/ratis-examples/target/test/data/6e6e5023/MiniRaftClusterWithNettya4857fb2/s9/29fd9006-1bca-4297-a115-da40570646c7/current
2024-10-09 04:29:49,228 TRACE util.FileUtils (LogUtils.java:runAndLog(49)) - Successfully ran Files.createDirectories /home/runner/work/ratis/ratis/ratis-examples/target/test/data/6e6e5023/MiniRaftClusterWithNettya4857fb2/s9/29fd9006-1bca-4297-a115-da40570646c7/sm
2024-10-09 04:29:49,228 TRACE util.FileUtils (LogUtils.java:supplyAndLog(69)) - Successfully supplied FileChannel.open /home/runner/work/ratis/ratis/ratis-examples/target/test/data/6e6e5023/MiniRaftClusterWithNettya4857fb2/s9/29fd9006-1bca-4297-a115-da40570646c7/current/raft-meta.tmp with options [CREATE, WRITE]: sun.nio.ch.FileChannelImpl@15fa5910
2024-10-09 04:29:49,229 TRACE util.FileUtils (LogUtils.java:runAndLog(49)) - Successfully ran Atomic Files.move /home/runner/work/ratis/ratis/ratis-examples/target/test/data/6e6e5023/MiniRaftClusterWithNettya4857fb2/s9/29fd9006-1bca-4297-a115-da40570646c7/current/raft-meta.tmp to /home/runner/work/ratis/ratis/ratis-examples/target/test/data/6e6e5023/MiniRaftClusterWithNettya4857fb2/s9/29fd9006-1bca-4297-a115-da40570646c7/current/raft-meta with options [REPLACE_EXISTING]
2024-10-09 04:29:49,229 INFO  storage.RaftStorage (RaftStorageImpl.java:format(98)) - Storage directory /home/runner/work/ratis/ratis/ratis-examples/target/test/data/6e6e5023/MiniRaftClusterWithNettya4857fb2/s9/29fd9006-1bca-4297-a115-da40570646c7 has been successfully formatted.
2024-10-09 04:29:49,229 WARN  statemachine.StateMachine (ArithmeticStateMachine.java:loadSnapshot(115)) - The snapshot info is null.
2024-10-09 04:29:49,229 INFO  server.RaftServerConfigKeys (ConfUtils.java:logGet(46)) - raft.server.log.use.memory = false (default)
2024-10-09 04:29:49,229 INFO  server.RaftServerConfigKeys (ConfUtils.java:logGet(46)) - raft.server.log.purge.gap = 1024 (default)
2024-10-09 04:29:49,229 INFO  server.RaftServerConfigKeys (ConfUtils.java:logGet(46)) - raft.server.log.appender.buffer.byte-limit = 4MB (=4194304) (default)
2024-10-09 04:29:49,229 INFO  server.RaftServerConfigKeys (ConfUtils.java:logGet(46)) - raft.server.log.statemachine.data.read.timeout = 1000ms (default)
2024-10-09 04:29:49,230 INFO  server.RaftServerConfigKeys (ConfUtils.java:logGet(46)) - raft.server.log.purge.preservation.log.num = 0 (default)
2024-10-09 04:29:49,230 INFO  server.RaftServerConfigKeys (ConfUtils.java:logGet(46)) - raft.server.log.segment.size.max = 32MB (=33554432) (default)
2024-10-09 04:29:49,230 INFO  server.RaftServerConfigKeys (ConfUtils.java:logGet(46)) - raft.server.log.segment.cache.num.max = 6 (default)
2024-10-09 04:29:49,230 INFO  server.RaftServerConfigKeys (ConfUtils.java:logGet(46)) - raft.server.log.segment.cache.size.max = 200MB (=209715200) (default)
2024-10-09 04:29:49,230 INFO  server.RaftServerConfigKeys (ConfUtils.java:logGet(46)) - raft.server.log.appender.buffer.byte-limit = 4MB (=4194304) (default)
2024-10-09 04:29:49,230 INFO  util.AwaitToRun (AwaitToRun.java:start(81)) - Thread[s9@group-DA40570646C7-cacheEviction-AwaitToRun,5,main] started
2024-10-09 04:29:49,230 INFO  segmented.SegmentedRaftLogWorker (SegmentedRaftLogWorker.java:<init>(187)) - new s9@group-DA40570646C7-SegmentedRaftLogWorker for RaftStorageImpl:Storage Directory /home/runner/work/ratis/ratis/ratis-examples/target/test/data/6e6e5023/MiniRaftClusterWithNettya4857fb2/s9/29fd9006-1bca-4297-a115-da40570646c7
2024-10-09 04:29:49,230 INFO  server.RaftServerConfigKeys (ConfUtils.java:logGet(46)) - raft.server.log.queue.byte-limit = 64MB (=67108864) (default)
2024-10-09 04:29:49,230 INFO  server.RaftServerConfigKeys (ConfUtils.java:logGet(46)) - raft.server.log.queue.element-limit = 4096 (default)
2024-10-09 04:29:49,230 INFO  server.RaftServerConfigKeys (ConfUtils.java:logGet(46)) - raft.server.log.segment.size.max = 32MB (=33554432) (default)
2024-10-09 04:29:49,230 INFO  server.RaftServerConfigKeys (ConfUtils.java:logGet(46)) - raft.server.log.preallocated.size = 4MB (=4194304) (default)
2024-10-09 04:29:49,231 INFO  server.RaftServerConfigKeys (ConfUtils.java:logGet(46)) - raft.server.log.force.sync.num = 128 (default)
2024-10-09 04:29:49,231 INFO  server.RaftServerConfigKeys (ConfUtils.java:logGet(46)) - raft.server.log.statemachine.data.sync = true (default)
2024-10-09 04:29:49,231 INFO  server.RaftServerConfigKeys (ConfUtils.java:logGet(46)) - raft.server.log.statemachine.data.sync.timeout = 10s (default)
2024-10-09 04:29:49,231 INFO  server.RaftServerConfigKeys (ConfUtils.java:logGet(46)) - raft.server.log.statemachine.data.sync.timeout.retry = -1 (default)
2024-10-09 04:29:49,231 INFO  server.RaftServerConfigKeys (ConfUtils.java:logGet(46)) - raft.server.log.write.buffer.size = 8MB (=8388608) (default)
2024-10-09 04:29:49,231 INFO  server.RaftServerConfigKeys (ConfUtils.java:logGet(46)) - raft.server.log.appender.buffer.byte-limit = 4MB (=4194304) (default)
2024-10-09 04:29:49,231 INFO  server.RaftServerConfigKeys (ConfUtils.java:logGet(46)) - raft.server.log.unsafe-flush.enabled = false (default)
2024-10-09 04:29:49,231 INFO  server.RaftServerConfigKeys (ConfUtils.java:logGet(46)) - raft.server.log.async-flush.enabled = false (default)
2024-10-09 04:29:49,232 INFO  server.RaftServerConfigKeys (ConfUtils.java:logGet(46)) - raft.server.log.statemachine.data.caching.enabled = false (default)
2024-10-09 04:29:49,232 INFO  segmented.SegmentedRaftLogWorker (SegmentedRaftLogWorker.java:lambda$new$0(138)) - s9@group-DA40570646C7-SegmentedRaftLogWorker: flushIndex: setUnconditionally 0 -> -1
2024-10-09 04:29:49,232 INFO  segmented.SegmentedRaftLogWorker (SegmentedRaftLogWorker.java:lambda$new$0(138)) - s9@group-DA40570646C7-SegmentedRaftLogWorker: safeCacheEvictIndex: setUnconditionally 0 -> -1
2024-10-09 04:29:49,233 INFO  server.RaftServer$Division (RaftServerImpl.java:start(398)) - s9@group-DA40570646C7: start with initializing state, conf=conf: {index: -1, cur=peers:[]|listeners:[], old=null}
2024-10-09 04:29:49,233 INFO  server.RaftServer$Division (RaftServerImpl.java:setRole(379)) - s9@group-DA40570646C7: changes role from      null to FOLLOWER at term 0 for start
2024-10-09 04:29:49,233 INFO  util.JmxRegister (JmxRegister.java:tryRegister(44)) - Successfully registered JMX Bean with object name Ratis:service=RaftServer,group=group-DA40570646C7,id=s9
2024-10-09 04:29:49,233 INFO  util.JmxRegister (JmxRegister.java:register(58)) - register mxBean class org.apache.ratis.server.impl.RaftServerJmxAdapter as Ratis:service=RaftServer,group=group-DA40570646C7,id=s9
2024-10-09 04:29:49,233 INFO  server.RaftServerConfigKeys (ConfUtils.java:logGet(46)) - raft.server.snapshot.trigger-when-stop.enabled = true (default)
2024-10-09 04:29:49,233 INFO  server.RaftServerConfigKeys (ConfUtils.java:logGet(46)) - raft.server.snapshot.trigger-when-remove.enabled = true (default)
2024-10-09 04:29:49,233 INFO  server.RaftServerConfigKeys (ConfUtils.java:logGet(46)) - raft.server.snapshot.auto.trigger.enabled = false (default)
2024-10-09 04:29:49,233 INFO  server.RaftServerConfigKeys (ConfUtils.java:logGet(46)) - raft.server.snapshot.retention.file.num = -1 (default)
2024-10-09 04:29:49,233 INFO  server.RaftServerConfigKeys (ConfUtils.java:logGet(46)) - raft.server.log.purge.upto.snapshot.index = false (default)
2024-10-09 04:29:49,233 INFO  server.RaftServer (RaftServerProxy.java:startImpl(408)) - s9: start RPC server
2024-10-09 04:29:49,234 INFO  logging.LoggingHandler (AbstractInternalLogger.java:log(148)) - [id: 0xdcaa3c53] REGISTERED
2024-10-09 04:29:49,234 INFO  logging.LoggingHandler (AbstractInternalLogger.java:log(148)) - [id: 0xdcaa3c53] BIND: 0.0.0.0/0.0.0.0:15024
2024-10-09 04:29:49,235 INFO  logging.LoggingHandler (AbstractInternalLogger.java:log(148)) - [id: 0xdcaa3c53, L:/0.0.0.0:15024] ACTIVE
2024-10-09 04:29:49,235 INFO  util.JvmPauseMonitor (JvmPauseMonitor.java:run(146)) - JvmPauseMonitor-s9: Started
2024-10-09 04:29:49,235 INFO  server.RaftServerConfigKeys (ConfUtils.java:logGet(46)) - raft.server.storage.free-space.min = 0MB (=0) (default)
2024-10-09 04:29:49,235 INFO  server.RaftServerConfigKeys (ConfUtils.java:logGet(46)) - raft.server.log.corruption.policy = EXCEPTION (default)
2024-10-09 04:29:49,235 INFO  server.RaftServerConfigKeys (ConfUtils.java:logGet(46)) - raft.server.storage.dir = [/home/runner/work/ratis/ratis/ratis-examples/target/test/data/6e6e5023/MiniRaftClusterWithNettya4857fb2/s11] (custom)
2024-10-09 04:29:49,235 INFO  storage.RaftStorageDirectory (RaftStorageDirectoryImpl.java:analyzeStorage(138)) - The storage directory /home/runner/work/ratis/ratis/ratis-examples/target/test/data/6e6e5023/MiniRaftClusterWithNettya4857fb2/s11/29fd9006-1bca-4297-a115-da40570646c7 does not exist. Creating ...
2024-10-09 04:29:49,235 TRACE util.FileUtils (LogUtils.java:runAndLog(49)) - Successfully ran Files.createDirectories /home/runner/work/ratis/ratis/ratis-examples/target/test/data/6e6e5023/MiniRaftClusterWithNettya4857fb2/s11/29fd9006-1bca-4297-a115-da40570646c7
2024-10-09 04:29:49,236 INFO  storage.RaftStorageDirectory (RaftStorageDirectoryImpl.java:tryLock(229)) - Lock on /home/runner/work/ratis/ratis/ratis-examples/target/test/data/6e6e5023/MiniRaftClusterWithNettya4857fb2/s11/29fd9006-1bca-4297-a115-da40570646c7/in_use.lock acquired by nodename 14484@fv-az565-744
2024-10-09 04:29:49,236 TRACE util.FileUtils (LogUtils.java:runAndLog(49)) - Successfully ran Files.createDirectories /home/runner/work/ratis/ratis/ratis-examples/target/test/data/6e6e5023/MiniRaftClusterWithNettya4857fb2/s11/29fd9006-1bca-4297-a115-da40570646c7/current
2024-10-09 04:29:49,237 TRACE util.FileUtils (LogUtils.java:runAndLog(49)) - Successfully ran Files.createDirectories /home/runner/work/ratis/ratis/ratis-examples/target/test/data/6e6e5023/MiniRaftClusterWithNettya4857fb2/s11/29fd9006-1bca-4297-a115-da40570646c7/sm
2024-10-09 04:29:49,237 TRACE util.FileUtils (LogUtils.java:supplyAndLog(69)) - Successfully supplied FileChannel.open /home/runner/work/ratis/ratis/ratis-examples/target/test/data/6e6e5023/MiniRaftClusterWithNettya4857fb2/s11/29fd9006-1bca-4297-a115-da40570646c7/current/raft-meta.tmp with options [CREATE, WRITE]: sun.nio.ch.FileChannelImpl@2b8b29ee
2024-10-09 04:29:49,238 TRACE util.FileUtils (LogUtils.java:runAndLog(49)) - Successfully ran Atomic Files.move /home/runner/work/ratis/ratis/ratis-examples/target/test/data/6e6e5023/MiniRaftClusterWithNettya4857fb2/s11/29fd9006-1bca-4297-a115-da40570646c7/current/raft-meta.tmp to /home/runner/work/ratis/ratis/ratis-examples/target/test/data/6e6e5023/MiniRaftClusterWithNettya4857fb2/s11/29fd9006-1bca-4297-a115-da40570646c7/current/raft-meta with options [REPLACE_EXISTING]
2024-10-09 04:29:49,238 INFO  storage.RaftStorage (RaftStorageImpl.java:format(98)) - Storage directory /home/runner/work/ratis/ratis/ratis-examples/target/test/data/6e6e5023/MiniRaftClusterWithNettya4857fb2/s11/29fd9006-1bca-4297-a115-da40570646c7 has been successfully formatted.
2024-10-09 04:29:49,238 WARN  statemachine.StateMachine (ArithmeticStateMachine.java:loadSnapshot(115)) - The snapshot info is null.
2024-10-09 04:29:49,238 INFO  server.RaftServerConfigKeys (ConfUtils.java:logGet(46)) - raft.server.log.use.memory = false (default)
2024-10-09 04:29:49,238 INFO  server.RaftServerConfigKeys (ConfUtils.java:logGet(46)) - raft.server.log.purge.gap = 1024 (default)
2024-10-09 04:29:49,238 INFO  server.RaftServerConfigKeys (ConfUtils.java:logGet(46)) - raft.server.log.appender.buffer.byte-limit = 4MB (=4194304) (default)
2024-10-09 04:29:49,238 INFO  server.RaftServerConfigKeys (ConfUtils.java:logGet(46)) - raft.server.log.statemachine.data.read.timeout = 1000ms (default)
2024-10-09 04:29:49,239 INFO  server.RaftServerConfigKeys (ConfUtils.java:logGet(46)) - raft.server.log.purge.preservation.log.num = 0 (default)
2024-10-09 04:29:49,239 INFO  server.RaftServerConfigKeys (ConfUtils.java:logGet(46)) - raft.server.log.segment.size.max = 32MB (=33554432) (default)
2024-10-09 04:29:49,239 INFO  server.RaftServerConfigKeys (ConfUtils.java:logGet(46)) - raft.server.log.segment.cache.num.max = 6 (default)
2024-10-09 04:29:49,239 INFO  server.RaftServerConfigKeys (ConfUtils.java:logGet(46)) - raft.server.log.segment.cache.size.max = 200MB (=209715200) (default)
2024-10-09 04:29:49,239 INFO  server.RaftServerConfigKeys (ConfUtils.java:logGet(46)) - raft.server.log.appender.buffer.byte-limit = 4MB (=4194304) (default)
2024-10-09 04:29:49,239 INFO  util.AwaitToRun (AwaitToRun.java:start(81)) - Thread[s11@group-DA40570646C7-cacheEviction-AwaitToRun,5,main] started
2024-10-09 04:29:49,239 INFO  segmented.SegmentedRaftLogWorker (SegmentedRaftLogWorker.java:<init>(187)) - new s11@group-DA40570646C7-SegmentedRaftLogWorker for RaftStorageImpl:Storage Directory /home/runner/work/ratis/ratis/ratis-examples/target/test/data/6e6e5023/MiniRaftClusterWithNettya4857fb2/s11/29fd9006-1bca-4297-a115-da40570646c7
2024-10-09 04:29:49,239 INFO  server.RaftServerConfigKeys (ConfUtils.java:logGet(46)) - raft.server.log.queue.byte-limit = 64MB (=67108864) (default)
2024-10-09 04:29:49,239 INFO  server.RaftServerConfigKeys (ConfUtils.java:logGet(46)) - raft.server.log.queue.element-limit = 4096 (default)
2024-10-09 04:29:49,239 INFO  server.RaftServerConfigKeys (ConfUtils.java:logGet(46)) - raft.server.log.segment.size.max = 32MB (=33554432) (default)
2024-10-09 04:29:49,239 INFO  server.RaftServerConfigKeys (ConfUtils.java:logGet(46)) - raft.server.log.preallocated.size = 4MB (=4194304) (default)
2024-10-09 04:29:49,239 INFO  server.RaftServerConfigKeys (ConfUtils.java:logGet(46)) - raft.server.log.force.sync.num = 128 (default)
2024-10-09 04:29:49,239 INFO  server.RaftServerConfigKeys (ConfUtils.java:logGet(46)) - raft.server.log.statemachine.data.sync = true (default)
2024-10-09 04:29:49,239 INFO  server.RaftServerConfigKeys (ConfUtils.java:logGet(46)) - raft.server.log.statemachine.data.sync.timeout = 10s (default)
2024-10-09 04:29:49,240 INFO  server.RaftServerConfigKeys (ConfUtils.java:logGet(46)) - raft.server.log.statemachine.data.sync.timeout.retry = -1 (default)
2024-10-09 04:29:49,240 INFO  server.RaftServerConfigKeys (ConfUtils.java:logGet(46)) - raft.server.log.write.buffer.size = 8MB (=8388608) (default)
2024-10-09 04:29:49,240 INFO  server.RaftServerConfigKeys (ConfUtils.java:logGet(46)) - raft.server.log.appender.buffer.byte-limit = 4MB (=4194304) (default)
2024-10-09 04:29:49,240 INFO  server.RaftServerConfigKeys (ConfUtils.java:logGet(46)) - raft.server.log.unsafe-flush.enabled = false (default)
2024-10-09 04:29:49,240 INFO  server.RaftServerConfigKeys (ConfUtils.java:logGet(46)) - raft.server.log.async-flush.enabled = false (default)
2024-10-09 04:29:49,240 INFO  server.RaftServerConfigKeys (ConfUtils.java:logGet(46)) - raft.server.log.statemachine.data.caching.enabled = false (default)
2024-10-09 04:29:49,240 INFO  segmented.SegmentedRaftLogWorker (SegmentedRaftLogWorker.java:lambda$new$0(138)) - s11@group-DA40570646C7-SegmentedRaftLogWorker: flushIndex: setUnconditionally 0 -> -1
2024-10-09 04:29:49,240 INFO  segmented.SegmentedRaftLogWorker (SegmentedRaftLogWorker.java:lambda$new$0(138)) - s11@group-DA40570646C7-SegmentedRaftLogWorker: safeCacheEvictIndex: setUnconditionally 0 -> -1
2024-10-09 04:29:49,240 INFO  server.RaftServer$Division (RaftServerImpl.java:start(398)) - s11@group-DA40570646C7: start with initializing state, conf=conf: {index: -1, cur=peers:[]|listeners:[], old=null}
2024-10-09 04:29:49,240 INFO  server.RaftServer$Division (RaftServerImpl.java:setRole(379)) - s11@group-DA40570646C7: changes role from      null to FOLLOWER at term 0 for start
2024-10-09 04:29:49,241 INFO  util.JmxRegister (JmxRegister.java:tryRegister(44)) - Successfully registered JMX Bean with object name Ratis:service=RaftServer,group=group-DA40570646C7,id=s11
2024-10-09 04:29:49,241 INFO  util.JmxRegister (JmxRegister.java:register(58)) - register mxBean class org.apache.ratis.server.impl.RaftServerJmxAdapter as Ratis:service=RaftServer,group=group-DA40570646C7,id=s11
2024-10-09 04:29:49,241 INFO  server.RaftServerConfigKeys (ConfUtils.java:logGet(46)) - raft.server.snapshot.trigger-when-stop.enabled = true (default)
2024-10-09 04:29:49,241 INFO  server.RaftServerConfigKeys (ConfUtils.java:logGet(46)) - raft.server.snapshot.trigger-when-remove.enabled = true (default)
2024-10-09 04:29:49,241 INFO  server.RaftServerConfigKeys (ConfUtils.java:logGet(46)) - raft.server.snapshot.auto.trigger.enabled = false (default)
2024-10-09 04:29:49,241 INFO  server.RaftServerConfigKeys (ConfUtils.java:logGet(46)) - raft.server.snapshot.retention.file.num = -1 (default)
2024-10-09 04:29:49,241 INFO  server.RaftServerConfigKeys (ConfUtils.java:logGet(46)) - raft.server.log.purge.upto.snapshot.index = false (default)
2024-10-09 04:29:49,241 INFO  server.RaftServer (RaftServerProxy.java:startImpl(408)) - s11: start RPC server
2024-10-09 04:29:49,242 INFO  logging.LoggingHandler (AbstractInternalLogger.java:log(148)) - [id: 0x1ca74bed] REGISTERED
2024-10-09 04:29:49,242 INFO  logging.LoggingHandler (AbstractInternalLogger.java:log(148)) - [id: 0x1ca74bed] BIND: 0.0.0.0/0.0.0.0:15026
2024-10-09 04:29:49,242 INFO  logging.LoggingHandler (AbstractInternalLogger.java:log(148)) - [id: 0x1ca74bed, L:/0.0.0.0:15026] ACTIVE
2024-10-09 04:29:49,242 INFO  server.RaftServerConfigKeys (ConfUtils.java:logGet(46)) - raft.server.storage.free-space.min = 0MB (=0) (default)
2024-10-09 04:29:49,242 INFO  util.JvmPauseMonitor (JvmPauseMonitor.java:run(146)) - JvmPauseMonitor-s11: Started
2024-10-09 04:29:49,242 INFO  server.RaftServerConfigKeys (ConfUtils.java:logGet(46)) - raft.server.log.corruption.policy = EXCEPTION (default)
2024-10-09 04:29:49,242 INFO  server.RaftServerConfigKeys (ConfUtils.java:logGet(46)) - raft.server.storage.dir = [/home/runner/work/ratis/ratis/ratis-examples/target/test/data/6e6e5023/MiniRaftClusterWithNettya4857fb2/s10] (custom)
2024-10-09 04:29:49,242 INFO  storage.RaftStorageDirectory (RaftStorageDirectoryImpl.java:analyzeStorage(138)) - The storage directory /home/runner/work/ratis/ratis/ratis-examples/target/test/data/6e6e5023/MiniRaftClusterWithNettya4857fb2/s10/29fd9006-1bca-4297-a115-da40570646c7 does not exist. Creating ...
2024-10-09 04:29:49,243 TRACE util.FileUtils (LogUtils.java:runAndLog(49)) - Successfully ran Files.createDirectories /home/runner/work/ratis/ratis/ratis-examples/target/test/data/6e6e5023/MiniRaftClusterWithNettya4857fb2/s10/29fd9006-1bca-4297-a115-da40570646c7
2024-10-09 04:29:49,244 INFO  storage.RaftStorageDirectory (RaftStorageDirectoryImpl.java:tryLock(229)) - Lock on /home/runner/work/ratis/ratis/ratis-examples/target/test/data/6e6e5023/MiniRaftClusterWithNettya4857fb2/s10/29fd9006-1bca-4297-a115-da40570646c7/in_use.lock acquired by nodename 14484@fv-az565-744
2024-10-09 04:29:49,244 TRACE util.FileUtils (LogUtils.java:runAndLog(49)) - Successfully ran Files.createDirectories /home/runner/work/ratis/ratis/ratis-examples/target/test/data/6e6e5023/MiniRaftClusterWithNettya4857fb2/s10/29fd9006-1bca-4297-a115-da40570646c7/current
2024-10-09 04:29:49,244 TRACE util.FileUtils (LogUtils.java:runAndLog(49)) - Successfully ran Files.createDirectories /home/runner/work/ratis/ratis/ratis-examples/target/test/data/6e6e5023/MiniRaftClusterWithNettya4857fb2/s10/29fd9006-1bca-4297-a115-da40570646c7/sm
2024-10-09 04:29:49,244 TRACE util.FileUtils (LogUtils.java:supplyAndLog(69)) - Successfully supplied FileChannel.open /home/runner/work/ratis/ratis/ratis-examples/target/test/data/6e6e5023/MiniRaftClusterWithNettya4857fb2/s10/29fd9006-1bca-4297-a115-da40570646c7/current/raft-meta.tmp with options [CREATE, WRITE]: sun.nio.ch.FileChannelImpl@70f2149a
2024-10-09 04:29:49,245 TRACE util.FileUtils (LogUtils.java:runAndLog(49)) - Successfully ran Atomic Files.move /home/runner/work/ratis/ratis/ratis-examples/target/test/data/6e6e5023/MiniRaftClusterWithNettya4857fb2/s10/29fd9006-1bca-4297-a115-da40570646c7/current/raft-meta.tmp to /home/runner/work/ratis/ratis/ratis-examples/target/test/data/6e6e5023/MiniRaftClusterWithNettya4857fb2/s10/29fd9006-1bca-4297-a115-da40570646c7/current/raft-meta with options [REPLACE_EXISTING]
2024-10-09 04:29:49,245 INFO  storage.RaftStorage (RaftStorageImpl.java:format(98)) - Storage directory /home/runner/work/ratis/ratis/ratis-examples/target/test/data/6e6e5023/MiniRaftClusterWithNettya4857fb2/s10/29fd9006-1bca-4297-a115-da40570646c7 has been successfully formatted.
2024-10-09 04:29:49,245 WARN  statemachine.StateMachine (ArithmeticStateMachine.java:loadSnapshot(115)) - The snapshot info is null.
2024-10-09 04:29:49,245 INFO  server.RaftServerConfigKeys (ConfUtils.java:logGet(46)) - raft.server.log.use.memory = false (default)
2024-10-09 04:29:49,245 INFO  server.RaftServerConfigKeys (ConfUtils.java:logGet(46)) - raft.server.log.purge.gap = 1024 (default)
2024-10-09 04:29:49,245 INFO  server.RaftServerConfigKeys (ConfUtils.java:logGet(46)) - raft.server.log.appender.buffer.byte-limit = 4MB (=4194304) (default)
2024-10-09 04:29:49,245 INFO  server.RaftServerConfigKeys (ConfUtils.java:logGet(46)) - raft.server.log.statemachine.data.read.timeout = 1000ms (default)
2024-10-09 04:29:49,245 INFO  server.RaftServerConfigKeys (ConfUtils.java:logGet(46)) - raft.server.log.purge.preservation.log.num = 0 (default)
2024-10-09 04:29:49,245 INFO  server.RaftServerConfigKeys (ConfUtils.java:logGet(46)) - raft.server.log.segment.size.max = 32MB (=33554432) (default)
2024-10-09 04:29:49,246 INFO  server.RaftServerConfigKeys (ConfUtils.java:logGet(46)) - raft.server.log.segment.cache.num.max = 6 (default)
2024-10-09 04:29:49,246 INFO  server.RaftServerConfigKeys (ConfUtils.java:logGet(46)) - raft.server.log.segment.cache.size.max = 200MB (=209715200) (default)
2024-10-09 04:29:49,246 INFO  server.RaftServerConfigKeys (ConfUtils.java:logGet(46)) - raft.server.log.appender.buffer.byte-limit = 4MB (=4194304) (default)
2024-10-09 04:29:49,246 INFO  util.AwaitToRun (AwaitToRun.java:start(81)) - Thread[s10@group-DA40570646C7-cacheEviction-AwaitToRun,5,main] started
2024-10-09 04:29:49,246 INFO  segmented.SegmentedRaftLogWorker (SegmentedRaftLogWorker.java:<init>(187)) - new s10@group-DA40570646C7-SegmentedRaftLogWorker for RaftStorageImpl:Storage Directory /home/runner/work/ratis/ratis/ratis-examples/target/test/data/6e6e5023/MiniRaftClusterWithNettya4857fb2/s10/29fd9006-1bca-4297-a115-da40570646c7
2024-10-09 04:29:49,246 INFO  server.RaftServerConfigKeys (ConfUtils.java:logGet(46)) - raft.server.log.queue.byte-limit = 64MB (=67108864) (default)
2024-10-09 04:29:49,246 INFO  server.RaftServerConfigKeys (ConfUtils.java:logGet(46)) - raft.server.log.queue.element-limit = 4096 (default)
2024-10-09 04:29:49,246 INFO  server.RaftServerConfigKeys (ConfUtils.java:logGet(46)) - raft.server.log.segment.size.max = 32MB (=33554432) (default)
2024-10-09 04:29:49,246 INFO  server.RaftServerConfigKeys (ConfUtils.java:logGet(46)) - raft.server.log.preallocated.size = 4MB (=4194304) (default)
2024-10-09 04:29:49,246 INFO  server.RaftServerConfigKeys (ConfUtils.java:logGet(46)) - raft.server.log.force.sync.num = 128 (default)
2024-10-09 04:29:49,246 INFO  server.RaftServerConfigKeys (ConfUtils.java:logGet(46)) - raft.server.log.statemachine.data.sync = true (default)
2024-10-09 04:29:49,246 INFO  server.RaftServerConfigKeys (ConfUtils.java:logGet(46)) - raft.server.log.statemachine.data.sync.timeout = 10s (default)
2024-10-09 04:29:49,246 INFO  server.RaftServerConfigKeys (ConfUtils.java:logGet(46)) - raft.server.log.statemachine.data.sync.timeout.retry = -1 (default)
2024-10-09 04:29:49,246 INFO  server.RaftServerConfigKeys (ConfUtils.java:logGet(46)) - raft.server.log.write.buffer.size = 8MB (=8388608) (default)
2024-10-09 04:29:49,248 INFO  server.RaftServerConfigKeys (ConfUtils.java:logGet(46)) - raft.server.log.appender.buffer.byte-limit = 4MB (=4194304) (default)
2024-10-09 04:29:49,248 INFO  server.RaftServerConfigKeys (ConfUtils.java:logGet(46)) - raft.server.log.unsafe-flush.enabled = false (default)
2024-10-09 04:29:49,248 INFO  server.RaftServerConfigKeys (ConfUtils.java:logGet(46)) - raft.server.log.async-flush.enabled = false (default)
2024-10-09 04:29:49,248 INFO  server.RaftServerConfigKeys (ConfUtils.java:logGet(46)) - raft.server.log.statemachine.data.caching.enabled = false (default)
2024-10-09 04:29:49,248 INFO  segmented.SegmentedRaftLogWorker (SegmentedRaftLogWorker.java:lambda$new$0(138)) - s10@group-DA40570646C7-SegmentedRaftLogWorker: flushIndex: setUnconditionally 0 -> -1
2024-10-09 04:29:49,248 INFO  segmented.SegmentedRaftLogWorker (SegmentedRaftLogWorker.java:lambda$new$0(138)) - s10@group-DA40570646C7-SegmentedRaftLogWorker: safeCacheEvictIndex: setUnconditionally 0 -> -1
2024-10-09 04:29:49,248 INFO  server.RaftServer$Division (RaftServerImpl.java:start(398)) - s10@group-DA40570646C7: start with initializing state, conf=conf: {index: -1, cur=peers:[]|listeners:[], old=null}
2024-10-09 04:29:49,248 INFO  server.RaftServer$Division (RaftServerImpl.java:setRole(379)) - s10@group-DA40570646C7: changes role from      null to FOLLOWER at term 0 for start
2024-10-09 04:29:49,248 INFO  util.JmxRegister (JmxRegister.java:tryRegister(44)) - Successfully registered JMX Bean with object name Ratis:service=RaftServer,group=group-DA40570646C7,id=s10
2024-10-09 04:29:49,248 INFO  util.JmxRegister (JmxRegister.java:register(58)) - register mxBean class org.apache.ratis.server.impl.RaftServerJmxAdapter as Ratis:service=RaftServer,group=group-DA40570646C7,id=s10
2024-10-09 04:29:49,248 INFO  server.RaftServerConfigKeys (ConfUtils.java:logGet(46)) - raft.server.snapshot.trigger-when-stop.enabled = true (default)
2024-10-09 04:29:49,248 INFO  server.RaftServerConfigKeys (ConfUtils.java:logGet(46)) - raft.server.snapshot.trigger-when-remove.enabled = true (default)
2024-10-09 04:29:49,248 INFO  server.RaftServerConfigKeys (ConfUtils.java:logGet(46)) - raft.server.snapshot.auto.trigger.enabled = false (default)
2024-10-09 04:29:49,248 INFO  server.RaftServerConfigKeys (ConfUtils.java:logGet(46)) - raft.server.snapshot.retention.file.num = -1 (default)
2024-10-09 04:29:49,248 INFO  server.RaftServerConfigKeys (ConfUtils.java:logGet(46)) - raft.server.log.purge.upto.snapshot.index = false (default)
2024-10-09 04:29:49,248 INFO  server.RaftServer (RaftServerProxy.java:startImpl(408)) - s10: start RPC server
2024-10-09 04:29:49,249 INFO  logging.LoggingHandler (AbstractInternalLogger.java:log(148)) - [id: 0x8c4b54da] REGISTERED
2024-10-09 04:29:49,249 INFO  logging.LoggingHandler (AbstractInternalLogger.java:log(148)) - [id: 0x8c4b54da] BIND: 0.0.0.0/0.0.0.0:15025
2024-10-09 04:29:49,249 INFO  logging.LoggingHandler (AbstractInternalLogger.java:log(148)) - [id: 0x8c4b54da, L:/0.0.0.0:15025] ACTIVE
2024-10-09 04:29:49,249 INFO  util.JvmPauseMonitor (JvmPauseMonitor.java:run(146)) - JvmPauseMonitor-s10: Started
2024-10-09 04:29:49,249 INFO  server.RaftServerConfigKeys (ConfUtils.java:logGet(46)) - raft.server.storage.free-space.min = 0MB (=0) (default)
2024-10-09 04:29:49,250 INFO  server.RaftServerConfigKeys (ConfUtils.java:logGet(46)) - raft.server.log.corruption.policy = EXCEPTION (default)
2024-10-09 04:29:49,250 INFO  server.RaftServerConfigKeys (ConfUtils.java:logGet(46)) - raft.server.storage.dir = [/home/runner/work/ratis/ratis/ratis-examples/target/test/data/6e6e5023/MiniRaftClusterWithNettya4857fb2/s13] (custom)
2024-10-09 04:29:49,250 INFO  storage.RaftStorageDirectory (RaftStorageDirectoryImpl.java:analyzeStorage(138)) - The storage directory /home/runner/work/ratis/ratis/ratis-examples/target/test/data/6e6e5023/MiniRaftClusterWithNettya4857fb2/s13/29fd9006-1bca-4297-a115-da40570646c7 does not exist. Creating ...
2024-10-09 04:29:49,250 TRACE util.FileUtils (LogUtils.java:runAndLog(49)) - Successfully ran Files.createDirectories /home/runner/work/ratis/ratis/ratis-examples/target/test/data/6e6e5023/MiniRaftClusterWithNettya4857fb2/s13/29fd9006-1bca-4297-a115-da40570646c7
2024-10-09 04:29:49,251 INFO  storage.RaftStorageDirectory (RaftStorageDirectoryImpl.java:tryLock(229)) - Lock on /home/runner/work/ratis/ratis/ratis-examples/target/test/data/6e6e5023/MiniRaftClusterWithNettya4857fb2/s13/29fd9006-1bca-4297-a115-da40570646c7/in_use.lock acquired by nodename 14484@fv-az565-744
2024-10-09 04:29:49,251 TRACE util.FileUtils (LogUtils.java:runAndLog(49)) - Successfully ran Files.createDirectories /home/runner/work/ratis/ratis/ratis-examples/target/test/data/6e6e5023/MiniRaftClusterWithNettya4857fb2/s13/29fd9006-1bca-4297-a115-da40570646c7/current
2024-10-09 04:29:49,251 TRACE util.FileUtils (LogUtils.java:runAndLog(49)) - Successfully ran Files.createDirectories /home/runner/work/ratis/ratis/ratis-examples/target/test/data/6e6e5023/MiniRaftClusterWithNettya4857fb2/s13/29fd9006-1bca-4297-a115-da40570646c7/sm
2024-10-09 04:29:49,251 TRACE util.FileUtils (LogUtils.java:supplyAndLog(69)) - Successfully supplied FileChannel.open /home/runner/work/ratis/ratis/ratis-examples/target/test/data/6e6e5023/MiniRaftClusterWithNettya4857fb2/s13/29fd9006-1bca-4297-a115-da40570646c7/current/raft-meta.tmp with options [CREATE, WRITE]: sun.nio.ch.FileChannelImpl@79bdf205
2024-10-09 04:29:49,252 TRACE util.FileUtils (LogUtils.java:runAndLog(49)) - Successfully ran Atomic Files.move /home/runner/work/ratis/ratis/ratis-examples/target/test/data/6e6e5023/MiniRaftClusterWithNettya4857fb2/s13/29fd9006-1bca-4297-a115-da40570646c7/current/raft-meta.tmp to /home/runner/work/ratis/ratis/ratis-examples/target/test/data/6e6e5023/MiniRaftClusterWithNettya4857fb2/s13/29fd9006-1bca-4297-a115-da40570646c7/current/raft-meta with options [REPLACE_EXISTING]
2024-10-09 04:29:49,252 INFO  storage.RaftStorage (RaftStorageImpl.java:format(98)) - Storage directory /home/runner/work/ratis/ratis/ratis-examples/target/test/data/6e6e5023/MiniRaftClusterWithNettya4857fb2/s13/29fd9006-1bca-4297-a115-da40570646c7 has been successfully formatted.
2024-10-09 04:29:49,252 WARN  statemachine.StateMachine (ArithmeticStateMachine.java:loadSnapshot(115)) - The snapshot info is null.
2024-10-09 04:29:49,252 INFO  server.RaftServerConfigKeys (ConfUtils.java:logGet(46)) - raft.server.log.use.memory = false (default)
2024-10-09 04:29:49,252 INFO  server.RaftServerConfigKeys (ConfUtils.java:logGet(46)) - raft.server.log.purge.gap = 1024 (default)
2024-10-09 04:29:49,252 INFO  server.RaftServerConfigKeys (ConfUtils.java:logGet(46)) - raft.server.log.appender.buffer.byte-limit = 4MB (=4194304) (default)
2024-10-09 04:29:49,252 INFO  server.RaftServerConfigKeys (ConfUtils.java:logGet(46)) - raft.server.log.statemachine.data.read.timeout = 1000ms (default)
2024-10-09 04:29:49,252 INFO  server.RaftServerConfigKeys (ConfUtils.java:logGet(46)) - raft.server.log.purge.preservation.log.num = 0 (default)
2024-10-09 04:29:49,252 INFO  server.RaftServerConfigKeys (ConfUtils.java:logGet(46)) - raft.server.log.segment.size.max = 32MB (=33554432) (default)
2024-10-09 04:29:49,253 INFO  server.RaftServerConfigKeys (ConfUtils.java:logGet(46)) - raft.server.log.segment.cache.num.max = 6 (default)
2024-10-09 04:29:49,253 INFO  server.RaftServerConfigKeys (ConfUtils.java:logGet(46)) - raft.server.log.segment.cache.size.max = 200MB (=209715200) (default)
2024-10-09 04:29:49,253 INFO  server.RaftServerConfigKeys (ConfUtils.java:logGet(46)) - raft.server.log.appender.buffer.byte-limit = 4MB (=4194304) (default)
2024-10-09 04:29:49,253 INFO  util.AwaitToRun (AwaitToRun.java:start(81)) - Thread[s13@group-DA40570646C7-cacheEviction-AwaitToRun,5,main] started
2024-10-09 04:29:49,253 INFO  segmented.SegmentedRaftLogWorker (SegmentedRaftLogWorker.java:<init>(187)) - new s13@group-DA40570646C7-SegmentedRaftLogWorker for RaftStorageImpl:Storage Directory /home/runner/work/ratis/ratis/ratis-examples/target/test/data/6e6e5023/MiniRaftClusterWithNettya4857fb2/s13/29fd9006-1bca-4297-a115-da40570646c7
2024-10-09 04:29:49,253 INFO  server.RaftServerConfigKeys (ConfUtils.java:logGet(46)) - raft.server.log.queue.byte-limit = 64MB (=67108864) (default)
2024-10-09 04:29:49,253 INFO  server.RaftServerConfigKeys (ConfUtils.java:logGet(46)) - raft.server.log.queue.element-limit = 4096 (default)
2024-10-09 04:29:49,253 INFO  server.RaftServerConfigKeys (ConfUtils.java:logGet(46)) - raft.server.log.segment.size.max = 32MB (=33554432) (default)
2024-10-09 04:29:49,253 INFO  server.RaftServerConfigKeys (ConfUtils.java:logGet(46)) - raft.server.log.preallocated.size = 4MB (=4194304) (default)
2024-10-09 04:29:49,253 INFO  server.RaftServerConfigKeys (ConfUtils.java:logGet(46)) - raft.server.log.force.sync.num = 128 (default)
2024-10-09 04:29:49,253 INFO  server.RaftServerConfigKeys (ConfUtils.java:logGet(46)) - raft.server.log.statemachine.data.sync = true (default)
2024-10-09 04:29:49,253 INFO  server.RaftServerConfigKeys (ConfUtils.java:logGet(46)) - raft.server.log.statemachine.data.sync.timeout = 10s (default)
2024-10-09 04:29:49,253 INFO  server.RaftServerConfigKeys (ConfUtils.java:logGet(46)) - raft.server.log.statemachine.data.sync.timeout.retry = -1 (default)
2024-10-09 04:29:49,253 INFO  server.RaftServerConfigKeys (ConfUtils.java:logGet(46)) - raft.server.log.write.buffer.size = 8MB (=8388608) (default)
2024-10-09 04:29:49,255 INFO  server.RaftServerConfigKeys (ConfUtils.java:logGet(46)) - raft.server.log.appender.buffer.byte-limit = 4MB (=4194304) (default)
2024-10-09 04:29:49,255 INFO  server.RaftServerConfigKeys (ConfUtils.java:logGet(46)) - raft.server.log.unsafe-flush.enabled = false (default)
2024-10-09 04:29:49,255 INFO  server.RaftServerConfigKeys (ConfUtils.java:logGet(46)) - raft.server.log.async-flush.enabled = false (default)
2024-10-09 04:29:49,255 INFO  server.RaftServerConfigKeys (ConfUtils.java:logGet(46)) - raft.server.log.statemachine.data.caching.enabled = false (default)
2024-10-09 04:29:49,255 INFO  segmented.SegmentedRaftLogWorker (SegmentedRaftLogWorker.java:lambda$new$0(138)) - s13@group-DA40570646C7-SegmentedRaftLogWorker: flushIndex: setUnconditionally 0 -> -1
2024-10-09 04:29:49,255 INFO  segmented.SegmentedRaftLogWorker (SegmentedRaftLogWorker.java:lambda$new$0(138)) - s13@group-DA40570646C7-SegmentedRaftLogWorker: safeCacheEvictIndex: setUnconditionally 0 -> -1
2024-10-09 04:29:49,255 INFO  server.RaftServer$Division (RaftServerImpl.java:start(398)) - s13@group-DA40570646C7: start with initializing state, conf=conf: {index: -1, cur=peers:[]|listeners:[], old=null}
2024-10-09 04:29:49,255 INFO  server.RaftServer$Division (RaftServerImpl.java:setRole(379)) - s13@group-DA40570646C7: changes role from      null to FOLLOWER at term 0 for start
2024-10-09 04:29:49,255 INFO  util.JmxRegister (JmxRegister.java:tryRegister(44)) - Successfully registered JMX Bean with object name Ratis:service=RaftServer,group=group-DA40570646C7,id=s13
2024-10-09 04:29:49,255 INFO  util.JmxRegister (JmxRegister.java:register(58)) - register mxBean class org.apache.ratis.server.impl.RaftServerJmxAdapter as Ratis:service=RaftServer,group=group-DA40570646C7,id=s13
2024-10-09 04:29:49,255 INFO  server.RaftServerConfigKeys (ConfUtils.java:logGet(46)) - raft.server.snapshot.trigger-when-stop.enabled = true (default)
2024-10-09 04:29:49,255 INFO  server.RaftServerConfigKeys (ConfUtils.java:logGet(46)) - raft.server.snapshot.trigger-when-remove.enabled = true (default)
2024-10-09 04:29:49,255 INFO  server.RaftServerConfigKeys (ConfUtils.java:logGet(46)) - raft.server.snapshot.auto.trigger.enabled = false (default)
2024-10-09 04:29:49,255 INFO  server.RaftServerConfigKeys (ConfUtils.java:logGet(46)) - raft.server.snapshot.retention.file.num = -1 (default)
2024-10-09 04:29:49,255 INFO  server.RaftServerConfigKeys (ConfUtils.java:logGet(46)) - raft.server.log.purge.upto.snapshot.index = false (default)
2024-10-09 04:29:49,256 INFO  server.RaftServer (RaftServerProxy.java:startImpl(408)) - s13: start RPC server
2024-10-09 04:29:49,256 INFO  logging.LoggingHandler (AbstractInternalLogger.java:log(148)) - [id: 0xfb6ec67a] REGISTERED
2024-10-09 04:29:49,256 INFO  logging.LoggingHandler (AbstractInternalLogger.java:log(148)) - [id: 0xfb6ec67a] BIND: 0.0.0.0/0.0.0.0:15028
2024-10-09 04:29:49,257 INFO  logging.LoggingHandler (AbstractInternalLogger.java:log(148)) - [id: 0xfb6ec67a, L:/0.0.0.0:15028] ACTIVE
2024-10-09 04:29:49,257 INFO  server.RaftServerConfigKeys (ConfUtils.java:logGet(46)) - raft.server.storage.free-space.min = 0MB (=0) (default)
2024-10-09 04:29:49,257 INFO  util.JvmPauseMonitor (JvmPauseMonitor.java:run(146)) - JvmPauseMonitor-s13: Started
2024-10-09 04:29:49,257 INFO  server.RaftServerConfigKeys (ConfUtils.java:logGet(46)) - raft.server.log.corruption.policy = EXCEPTION (default)
2024-10-09 04:29:49,257 INFO  server.RaftServerConfigKeys (ConfUtils.java:logGet(46)) - raft.server.storage.dir = [/home/runner/work/ratis/ratis/ratis-examples/target/test/data/6e6e5023/MiniRaftClusterWithNettya4857fb2/s12] (custom)
2024-10-09 04:29:49,257 INFO  storage.RaftStorageDirectory (RaftStorageDirectoryImpl.java:analyzeStorage(138)) - The storage directory /home/runner/work/ratis/ratis/ratis-examples/target/test/data/6e6e5023/MiniRaftClusterWithNettya4857fb2/s12/29fd9006-1bca-4297-a115-da40570646c7 does not exist. Creating ...
2024-10-09 04:29:49,257 TRACE util.FileUtils (LogUtils.java:runAndLog(49)) - Successfully ran Files.createDirectories /home/runner/work/ratis/ratis/ratis-examples/target/test/data/6e6e5023/MiniRaftClusterWithNettya4857fb2/s12/29fd9006-1bca-4297-a115-da40570646c7
2024-10-09 04:29:49,259 INFO  storage.RaftStorageDirectory (RaftStorageDirectoryImpl.java:tryLock(229)) - Lock on /home/runner/work/ratis/ratis/ratis-examples/target/test/data/6e6e5023/MiniRaftClusterWithNettya4857fb2/s12/29fd9006-1bca-4297-a115-da40570646c7/in_use.lock acquired by nodename 14484@fv-az565-744
2024-10-09 04:29:49,259 TRACE util.FileUtils (LogUtils.java:runAndLog(49)) - Successfully ran Files.createDirectories /home/runner/work/ratis/ratis/ratis-examples/target/test/data/6e6e5023/MiniRaftClusterWithNettya4857fb2/s12/29fd9006-1bca-4297-a115-da40570646c7/current
2024-10-09 04:29:49,259 TRACE util.FileUtils (LogUtils.java:runAndLog(49)) - Successfully ran Files.createDirectories /home/runner/work/ratis/ratis/ratis-examples/target/test/data/6e6e5023/MiniRaftClusterWithNettya4857fb2/s12/29fd9006-1bca-4297-a115-da40570646c7/sm
2024-10-09 04:29:49,259 TRACE util.FileUtils (LogUtils.java:supplyAndLog(69)) - Successfully supplied FileChannel.open /home/runner/work/ratis/ratis/ratis-examples/target/test/data/6e6e5023/MiniRaftClusterWithNettya4857fb2/s12/29fd9006-1bca-4297-a115-da40570646c7/current/raft-meta.tmp with options [CREATE, WRITE]: sun.nio.ch.FileChannelImpl@62f9100c
2024-10-09 04:29:49,260 TRACE util.FileUtils (LogUtils.java:runAndLog(49)) - Successfully ran Atomic Files.move /home/runner/work/ratis/ratis/ratis-examples/target/test/data/6e6e5023/MiniRaftClusterWithNettya4857fb2/s12/29fd9006-1bca-4297-a115-da40570646c7/current/raft-meta.tmp to /home/runner/work/ratis/ratis/ratis-examples/target/test/data/6e6e5023/MiniRaftClusterWithNettya4857fb2/s12/29fd9006-1bca-4297-a115-da40570646c7/current/raft-meta with options [REPLACE_EXISTING]
2024-10-09 04:29:49,260 INFO  storage.RaftStorage (RaftStorageImpl.java:format(98)) - Storage directory /home/runner/work/ratis/ratis/ratis-examples/target/test/data/6e6e5023/MiniRaftClusterWithNettya4857fb2/s12/29fd9006-1bca-4297-a115-da40570646c7 has been successfully formatted.
2024-10-09 04:29:49,260 WARN  statemachine.StateMachine (ArithmeticStateMachine.java:loadSnapshot(115)) - The snapshot info is null.
2024-10-09 04:29:49,260 INFO  server.RaftServerConfigKeys (ConfUtils.java:logGet(46)) - raft.server.log.use.memory = false (default)
2024-10-09 04:29:49,260 INFO  server.RaftServerConfigKeys (ConfUtils.java:logGet(46)) - raft.server.log.purge.gap = 1024 (default)
2024-10-09 04:29:49,260 INFO  server.RaftServerConfigKeys (ConfUtils.java:logGet(46)) - raft.server.log.appender.buffer.byte-limit = 4MB (=4194304) (default)
2024-10-09 04:29:49,260 INFO  server.RaftServerConfigKeys (ConfUtils.java:logGet(46)) - raft.server.log.statemachine.data.read.timeout = 1000ms (default)
2024-10-09 04:29:49,260 INFO  server.RaftServerConfigKeys (ConfUtils.java:logGet(46)) - raft.server.log.purge.preservation.log.num = 0 (default)
2024-10-09 04:29:49,260 INFO  server.RaftServerConfigKeys (ConfUtils.java:logGet(46)) - raft.server.log.segment.size.max = 32MB (=33554432) (default)
2024-10-09 04:29:49,261 INFO  server.RaftServerConfigKeys (ConfUtils.java:logGet(46)) - raft.server.log.segment.cache.num.max = 6 (default)
2024-10-09 04:29:49,261 INFO  server.RaftServerConfigKeys (ConfUtils.java:logGet(46)) - raft.server.log.segment.cache.size.max = 200MB (=209715200) (default)
2024-10-09 04:29:49,261 INFO  server.RaftServerConfigKeys (ConfUtils.java:logGet(46)) - raft.server.log.appender.buffer.byte-limit = 4MB (=4194304) (default)
2024-10-09 04:29:49,261 INFO  util.AwaitToRun (AwaitToRun.java:start(81)) - Thread[s12@group-DA40570646C7-cacheEviction-AwaitToRun,5,main] started
2024-10-09 04:29:49,261 INFO  segmented.SegmentedRaftLogWorker (SegmentedRaftLogWorker.java:<init>(187)) - new s12@group-DA40570646C7-SegmentedRaftLogWorker for RaftStorageImpl:Storage Directory /home/runner/work/ratis/ratis/ratis-examples/target/test/data/6e6e5023/MiniRaftClusterWithNettya4857fb2/s12/29fd9006-1bca-4297-a115-da40570646c7
2024-10-09 04:29:49,261 INFO  server.RaftServerConfigKeys (ConfUtils.java:logGet(46)) - raft.server.log.queue.byte-limit = 64MB (=67108864) (default)
2024-10-09 04:29:49,261 INFO  server.RaftServerConfigKeys (ConfUtils.java:logGet(46)) - raft.server.log.queue.element-limit = 4096 (default)
2024-10-09 04:29:49,261 INFO  server.RaftServerConfigKeys (ConfUtils.java:logGet(46)) - raft.server.log.segment.size.max = 32MB (=33554432) (default)
2024-10-09 04:29:49,261 INFO  server.RaftServerConfigKeys (ConfUtils.java:logGet(46)) - raft.server.log.preallocated.size = 4MB (=4194304) (default)
2024-10-09 04:29:49,261 INFO  server.RaftServerConfigKeys (ConfUtils.java:logGet(46)) - raft.server.log.force.sync.num = 128 (default)
2024-10-09 04:29:49,261 INFO  server.RaftServerConfigKeys (ConfUtils.java:logGet(46)) - raft.server.log.statemachine.data.sync = true (default)
2024-10-09 04:29:49,261 INFO  server.RaftServerConfigKeys (ConfUtils.java:logGet(46)) - raft.server.log.statemachine.data.sync.timeout = 10s (default)
2024-10-09 04:29:49,261 INFO  server.RaftServerConfigKeys (ConfUtils.java:logGet(46)) - raft.server.log.statemachine.data.sync.timeout.retry = -1 (default)
2024-10-09 04:29:49,261 INFO  server.RaftServerConfigKeys (ConfUtils.java:logGet(46)) - raft.server.log.write.buffer.size = 8MB (=8388608) (default)
2024-10-09 04:29:49,263 INFO  server.RaftServerConfigKeys (ConfUtils.java:logGet(46)) - raft.server.log.appender.buffer.byte-limit = 4MB (=4194304) (default)
2024-10-09 04:29:49,263 INFO  server.RaftServerConfigKeys (ConfUtils.java:logGet(46)) - raft.server.log.unsafe-flush.enabled = false (default)
2024-10-09 04:29:49,263 INFO  server.RaftServerConfigKeys (ConfUtils.java:logGet(46)) - raft.server.log.async-flush.enabled = false (default)
2024-10-09 04:29:49,263 INFO  server.RaftServerConfigKeys (ConfUtils.java:logGet(46)) - raft.server.log.statemachine.data.caching.enabled = false (default)
2024-10-09 04:29:49,263 INFO  segmented.SegmentedRaftLogWorker (SegmentedRaftLogWorker.java:lambda$new$0(138)) - s12@group-DA40570646C7-SegmentedRaftLogWorker: flushIndex: setUnconditionally 0 -> -1
2024-10-09 04:29:49,263 INFO  segmented.SegmentedRaftLogWorker (SegmentedRaftLogWorker.java:lambda$new$0(138)) - s12@group-DA40570646C7-SegmentedRaftLogWorker: safeCacheEvictIndex: setUnconditionally 0 -> -1
2024-10-09 04:29:49,263 INFO  server.RaftServer$Division (RaftServerImpl.java:start(398)) - s12@group-DA40570646C7: start with initializing state, conf=conf: {index: -1, cur=peers:[]|listeners:[], old=null}
2024-10-09 04:29:49,263 INFO  server.RaftServer$Division (RaftServerImpl.java:setRole(379)) - s12@group-DA40570646C7: changes role from      null to FOLLOWER at term 0 for start
2024-10-09 04:29:49,263 INFO  util.JmxRegister (JmxRegister.java:tryRegister(44)) - Successfully registered JMX Bean with object name Ratis:service=RaftServer,group=group-DA40570646C7,id=s12
2024-10-09 04:29:49,263 INFO  util.JmxRegister (JmxRegister.java:register(58)) - register mxBean class org.apache.ratis.server.impl.RaftServerJmxAdapter as Ratis:service=RaftServer,group=group-DA40570646C7,id=s12
2024-10-09 04:29:49,263 INFO  server.RaftServerConfigKeys (ConfUtils.java:logGet(46)) - raft.server.snapshot.trigger-when-stop.enabled = true (default)
2024-10-09 04:29:49,263 INFO  server.RaftServerConfigKeys (ConfUtils.java:logGet(46)) - raft.server.snapshot.trigger-when-remove.enabled = true (default)
2024-10-09 04:29:49,263 INFO  server.RaftServerConfigKeys (ConfUtils.java:logGet(46)) - raft.server.snapshot.auto.trigger.enabled = false (default)
2024-10-09 04:29:49,263 INFO  server.RaftServerConfigKeys (ConfUtils.java:logGet(46)) - raft.server.snapshot.retention.file.num = -1 (default)
2024-10-09 04:29:49,263 INFO  server.RaftServerConfigKeys (ConfUtils.java:logGet(46)) - raft.server.log.purge.upto.snapshot.index = false (default)
2024-10-09 04:29:49,264 INFO  server.RaftServer (RaftServerProxy.java:startImpl(408)) - s12: start RPC server
2024-10-09 04:29:49,264 INFO  logging.LoggingHandler (AbstractInternalLogger.java:log(148)) - [id: 0x9a9c3ada] REGISTERED
2024-10-09 04:29:49,264 INFO  logging.LoggingHandler (AbstractInternalLogger.java:log(148)) - [id: 0x9a9c3ada] BIND: 0.0.0.0/0.0.0.0:15027
2024-10-09 04:29:49,264 INFO  logging.LoggingHandler (AbstractInternalLogger.java:log(148)) - [id: 0x9a9c3ada, L:/0.0.0.0:15027] ACTIVE
2024-10-09 04:29:49,265 INFO  server.RaftServerConfigKeys (ConfUtils.java:logGet(46)) - raft.server.storage.free-space.min = 0MB (=0) (default)
2024-10-09 04:29:49,265 INFO  util.JvmPauseMonitor (JvmPauseMonitor.java:run(146)) - JvmPauseMonitor-s12: Started
2024-10-09 04:29:49,265 INFO  server.RaftServerConfigKeys (ConfUtils.java:logGet(46)) - raft.server.log.corruption.policy = EXCEPTION (default)
2024-10-09 04:29:49,265 INFO  server.RaftServerConfigKeys (ConfUtils.java:logGet(46)) - raft.server.storage.dir = [/home/runner/work/ratis/ratis/ratis-examples/target/test/data/6e6e5023/MiniRaftClusterWithNettya4857fb2/s14] (custom)
2024-10-09 04:29:49,265 INFO  storage.RaftStorageDirectory (RaftStorageDirectoryImpl.java:analyzeStorage(138)) - The storage directory /home/runner/work/ratis/ratis/ratis-examples/target/test/data/6e6e5023/MiniRaftClusterWithNettya4857fb2/s14/29fd9006-1bca-4297-a115-da40570646c7 does not exist. Creating ...
2024-10-09 04:29:49,265 TRACE util.FileUtils (LogUtils.java:runAndLog(49)) - Successfully ran Files.createDirectories /home/runner/work/ratis/ratis/ratis-examples/target/test/data/6e6e5023/MiniRaftClusterWithNettya4857fb2/s14/29fd9006-1bca-4297-a115-da40570646c7
2024-10-09 04:29:49,266 INFO  storage.RaftStorageDirectory (RaftStorageDirectoryImpl.java:tryLock(229)) - Lock on /home/runner/work/ratis/ratis/ratis-examples/target/test/data/6e6e5023/MiniRaftClusterWithNettya4857fb2/s14/29fd9006-1bca-4297-a115-da40570646c7/in_use.lock acquired by nodename 14484@fv-az565-744
2024-10-09 04:29:49,266 TRACE util.FileUtils (LogUtils.java:runAndLog(49)) - Successfully ran Files.createDirectories /home/runner/work/ratis/ratis/ratis-examples/target/test/data/6e6e5023/MiniRaftClusterWithNettya4857fb2/s14/29fd9006-1bca-4297-a115-da40570646c7/current
2024-10-09 04:29:49,266 TRACE util.FileUtils (LogUtils.java:runAndLog(49)) - Successfully ran Files.createDirectories /home/runner/work/ratis/ratis/ratis-examples/target/test/data/6e6e5023/MiniRaftClusterWithNettya4857fb2/s14/29fd9006-1bca-4297-a115-da40570646c7/sm
2024-10-09 04:29:49,267 TRACE util.FileUtils (LogUtils.java:supplyAndLog(69)) - Successfully supplied FileChannel.open /home/runner/work/ratis/ratis/ratis-examples/target/test/data/6e6e5023/MiniRaftClusterWithNettya4857fb2/s14/29fd9006-1bca-4297-a115-da40570646c7/current/raft-meta.tmp with options [CREATE, WRITE]: sun.nio.ch.FileChannelImpl@5f250a88
2024-10-09 04:29:49,268 TRACE util.FileUtils (LogUtils.java:runAndLog(49)) - Successfully ran Atomic Files.move /home/runner/work/ratis/ratis/ratis-examples/target/test/data/6e6e5023/MiniRaftClusterWithNettya4857fb2/s14/29fd9006-1bca-4297-a115-da40570646c7/current/raft-meta.tmp to /home/runner/work/ratis/ratis/ratis-examples/target/test/data/6e6e5023/MiniRaftClusterWithNettya4857fb2/s14/29fd9006-1bca-4297-a115-da40570646c7/current/raft-meta with options [REPLACE_EXISTING]
2024-10-09 04:29:49,268 INFO  storage.RaftStorage (RaftStorageImpl.java:format(98)) - Storage directory /home/runner/work/ratis/ratis/ratis-examples/target/test/data/6e6e5023/MiniRaftClusterWithNettya4857fb2/s14/29fd9006-1bca-4297-a115-da40570646c7 has been successfully formatted.
2024-10-09 04:29:49,268 WARN  statemachine.StateMachine (ArithmeticStateMachine.java:loadSnapshot(115)) - The snapshot info is null.
2024-10-09 04:29:49,268 INFO  server.RaftServerConfigKeys (ConfUtils.java:logGet(46)) - raft.server.log.use.memory = false (default)
2024-10-09 04:29:49,268 INFO  server.RaftServerConfigKeys (ConfUtils.java:logGet(46)) - raft.server.log.purge.gap = 1024 (default)
2024-10-09 04:29:49,268 INFO  server.RaftServerConfigKeys (ConfUtils.java:logGet(46)) - raft.server.log.appender.buffer.byte-limit = 4MB (=4194304) (default)
2024-10-09 04:29:49,268 INFO  server.RaftServerConfigKeys (ConfUtils.java:logGet(46)) - raft.server.log.statemachine.data.read.timeout = 1000ms (default)
2024-10-09 04:29:49,268 INFO  server.RaftServerConfigKeys (ConfUtils.java:logGet(46)) - raft.server.log.purge.preservation.log.num = 0 (default)
2024-10-09 04:29:49,268 INFO  server.RaftServerConfigKeys (ConfUtils.java:logGet(46)) - raft.server.log.segment.size.max = 32MB (=33554432) (default)
2024-10-09 04:29:49,269 INFO  server.RaftServerConfigKeys (ConfUtils.java:logGet(46)) - raft.server.log.segment.cache.num.max = 6 (default)
2024-10-09 04:29:49,269 INFO  server.RaftServerConfigKeys (ConfUtils.java:logGet(46)) - raft.server.log.segment.cache.size.max = 200MB (=209715200) (default)
2024-10-09 04:29:49,269 INFO  server.RaftServerConfigKeys (ConfUtils.java:logGet(46)) - raft.server.log.appender.buffer.byte-limit = 4MB (=4194304) (default)
2024-10-09 04:29:49,269 INFO  util.AwaitToRun (AwaitToRun.java:start(81)) - Thread[s14@group-DA40570646C7-cacheEviction-AwaitToRun,5,main] started
2024-10-09 04:29:49,269 INFO  segmented.SegmentedRaftLogWorker (SegmentedRaftLogWorker.java:<init>(187)) - new s14@group-DA40570646C7-SegmentedRaftLogWorker for RaftStorageImpl:Storage Directory /home/runner/work/ratis/ratis/ratis-examples/target/test/data/6e6e5023/MiniRaftClusterWithNettya4857fb2/s14/29fd9006-1bca-4297-a115-da40570646c7
2024-10-09 04:29:49,269 INFO  server.RaftServerConfigKeys (ConfUtils.java:logGet(46)) - raft.server.log.queue.byte-limit = 64MB (=67108864) (default)
2024-10-09 04:29:49,269 INFO  server.RaftServerConfigKeys (ConfUtils.java:logGet(46)) - raft.server.log.queue.element-limit = 4096 (default)
2024-10-09 04:29:49,269 INFO  server.RaftServerConfigKeys (ConfUtils.java:logGet(46)) - raft.server.log.segment.size.max = 32MB (=33554432) (default)
2024-10-09 04:29:49,269 INFO  server.RaftServerConfigKeys (ConfUtils.java:logGet(46)) - raft.server.log.preallocated.size = 4MB (=4194304) (default)
2024-10-09 04:29:49,269 INFO  server.RaftServerConfigKeys (ConfUtils.java:logGet(46)) - raft.server.log.force.sync.num = 128 (default)
2024-10-09 04:29:49,269 INFO  server.RaftServerConfigKeys (ConfUtils.java:logGet(46)) - raft.server.log.statemachine.data.sync = true (default)
2024-10-09 04:29:49,269 INFO  server.RaftServerConfigKeys (ConfUtils.java:logGet(46)) - raft.server.log.statemachine.data.sync.timeout = 10s (default)
2024-10-09 04:29:49,269 INFO  server.RaftServerConfigKeys (ConfUtils.java:logGet(46)) - raft.server.log.statemachine.data.sync.timeout.retry = -1 (default)
2024-10-09 04:29:49,269 INFO  server.RaftServerConfigKeys (ConfUtils.java:logGet(46)) - raft.server.log.write.buffer.size = 8MB (=8388608) (default)
2024-10-09 04:29:49,270 INFO  server.RaftServerConfigKeys (ConfUtils.java:logGet(46)) - raft.server.log.appender.buffer.byte-limit = 4MB (=4194304) (default)
2024-10-09 04:29:49,270 INFO  server.RaftServerConfigKeys (ConfUtils.java:logGet(46)) - raft.server.log.unsafe-flush.enabled = false (default)
2024-10-09 04:29:49,270 INFO  server.RaftServerConfigKeys (ConfUtils.java:logGet(46)) - raft.server.log.async-flush.enabled = false (default)
2024-10-09 04:29:49,270 INFO  server.RaftServerConfigKeys (ConfUtils.java:logGet(46)) - raft.server.log.statemachine.data.caching.enabled = false (default)
2024-10-09 04:29:49,270 INFO  segmented.SegmentedRaftLogWorker (SegmentedRaftLogWorker.java:lambda$new$0(138)) - s14@group-DA40570646C7-SegmentedRaftLogWorker: flushIndex: setUnconditionally 0 -> -1
2024-10-09 04:29:49,270 INFO  segmented.SegmentedRaftLogWorker (SegmentedRaftLogWorker.java:lambda$new$0(138)) - s14@group-DA40570646C7-SegmentedRaftLogWorker: safeCacheEvictIndex: setUnconditionally 0 -> -1
2024-10-09 04:29:49,270 INFO  server.RaftServer$Division (RaftServerImpl.java:start(398)) - s14@group-DA40570646C7: start with initializing state, conf=conf: {index: -1, cur=peers:[]|listeners:[], old=null}
2024-10-09 04:29:49,270 INFO  server.RaftServer$Division (RaftServerImpl.java:setRole(379)) - s14@group-DA40570646C7: changes role from      null to FOLLOWER at term 0 for start
2024-10-09 04:29:49,270 INFO  util.JmxRegister (JmxRegister.java:tryRegister(44)) - Successfully registered JMX Bean with object name Ratis:service=RaftServer,group=group-DA40570646C7,id=s14
2024-10-09 04:29:49,270 INFO  util.JmxRegister (JmxRegister.java:register(58)) - register mxBean class org.apache.ratis.server.impl.RaftServerJmxAdapter as Ratis:service=RaftServer,group=group-DA40570646C7,id=s14
2024-10-09 04:29:49,270 INFO  server.RaftServerConfigKeys (ConfUtils.java:logGet(46)) - raft.server.snapshot.trigger-when-stop.enabled = true (default)
2024-10-09 04:29:49,270 INFO  server.RaftServerConfigKeys (ConfUtils.java:logGet(46)) - raft.server.snapshot.trigger-when-remove.enabled = true (default)
2024-10-09 04:29:49,270 INFO  server.RaftServerConfigKeys (ConfUtils.java:logGet(46)) - raft.server.snapshot.auto.trigger.enabled = false (default)
2024-10-09 04:29:49,270 INFO  server.RaftServerConfigKeys (ConfUtils.java:logGet(46)) - raft.server.snapshot.retention.file.num = -1 (default)
2024-10-09 04:29:49,270 INFO  server.RaftServerConfigKeys (ConfUtils.java:logGet(46)) - raft.server.log.purge.upto.snapshot.index = false (default)
2024-10-09 04:29:49,271 INFO  server.RaftServer (RaftServerProxy.java:startImpl(408)) - s14: start RPC server
2024-10-09 04:29:49,271 INFO  logging.LoggingHandler (AbstractInternalLogger.java:log(148)) - [id: 0xbcbaa10e] REGISTERED
2024-10-09 04:29:49,271 INFO  logging.LoggingHandler (AbstractInternalLogger.java:log(148)) - [id: 0xbcbaa10e] BIND: 0.0.0.0/0.0.0.0:15029
2024-10-09 04:29:49,272 INFO  logging.LoggingHandler (AbstractInternalLogger.java:log(148)) - [id: 0xbcbaa10e, L:/0.0.0.0:15029] ACTIVE
2024-10-09 04:29:49,272 INFO  server.RaftServerConfigKeys (ConfUtils.java:logGet(46)) - raft.server.storage.free-space.min = 0MB (=0) (default)
2024-10-09 04:29:49,272 INFO  util.JvmPauseMonitor (JvmPauseMonitor.java:run(146)) - JvmPauseMonitor-s14: Started
2024-10-09 04:29:49,272 INFO  server.RaftServerConfigKeys (ConfUtils.java:logGet(46)) - raft.server.log.corruption.policy = EXCEPTION (default)
2024-10-09 04:29:49,272 INFO  server.RaftServerConfigKeys (ConfUtils.java:logGet(46)) - raft.server.storage.dir = [/home/runner/work/ratis/ratis/ratis-examples/target/test/data/6e6e5023/MiniRaftClusterWithNettya4857fb2/s0] (custom)
2024-10-09 04:29:49,272 INFO  storage.RaftStorageDirectory (RaftStorageDirectoryImpl.java:analyzeStorage(138)) - The storage directory /home/runner/work/ratis/ratis/ratis-examples/target/test/data/6e6e5023/MiniRaftClusterWithNettya4857fb2/s0/29fd9006-1bca-4297-a115-da40570646c7 does not exist. Creating ...
2024-10-09 04:29:49,272 TRACE util.FileUtils (LogUtils.java:runAndLog(49)) - Successfully ran Files.createDirectories /home/runner/work/ratis/ratis/ratis-examples/target/test/data/6e6e5023/MiniRaftClusterWithNettya4857fb2/s0/29fd9006-1bca-4297-a115-da40570646c7
2024-10-09 04:29:49,273 INFO  storage.RaftStorageDirectory (RaftStorageDirectoryImpl.java:tryLock(229)) - Lock on /home/runner/work/ratis/ratis/ratis-examples/target/test/data/6e6e5023/MiniRaftClusterWithNettya4857fb2/s0/29fd9006-1bca-4297-a115-da40570646c7/in_use.lock acquired by nodename 14484@fv-az565-744
2024-10-09 04:29:49,273 TRACE util.FileUtils (LogUtils.java:runAndLog(49)) - Successfully ran Files.createDirectories /home/runner/work/ratis/ratis/ratis-examples/target/test/data/6e6e5023/MiniRaftClusterWithNettya4857fb2/s0/29fd9006-1bca-4297-a115-da40570646c7/current
2024-10-09 04:29:49,273 TRACE util.FileUtils (LogUtils.java:runAndLog(49)) - Successfully ran Files.createDirectories /home/runner/work/ratis/ratis/ratis-examples/target/test/data/6e6e5023/MiniRaftClusterWithNettya4857fb2/s0/29fd9006-1bca-4297-a115-da40570646c7/sm
2024-10-09 04:29:49,273 TRACE util.FileUtils (LogUtils.java:supplyAndLog(69)) - Successfully supplied FileChannel.open /home/runner/work/ratis/ratis/ratis-examples/target/test/data/6e6e5023/MiniRaftClusterWithNettya4857fb2/s0/29fd9006-1bca-4297-a115-da40570646c7/current/raft-meta.tmp with options [CREATE, WRITE]: sun.nio.ch.FileChannelImpl@44c0d67f
2024-10-09 04:29:49,275 TRACE util.FileUtils (LogUtils.java:runAndLog(49)) - Successfully ran Atomic Files.move /home/runner/work/ratis/ratis/ratis-examples/target/test/data/6e6e5023/MiniRaftClusterWithNettya4857fb2/s0/29fd9006-1bca-4297-a115-da40570646c7/current/raft-meta.tmp to /home/runner/work/ratis/ratis/ratis-examples/target/test/data/6e6e5023/MiniRaftClusterWithNettya4857fb2/s0/29fd9006-1bca-4297-a115-da40570646c7/current/raft-meta with options [REPLACE_EXISTING]
2024-10-09 04:29:49,275 INFO  storage.RaftStorage (RaftStorageImpl.java:format(98)) - Storage directory /home/runner/work/ratis/ratis/ratis-examples/target/test/data/6e6e5023/MiniRaftClusterWithNettya4857fb2/s0/29fd9006-1bca-4297-a115-da40570646c7 has been successfully formatted.
2024-10-09 04:29:49,275 WARN  statemachine.StateMachine (ArithmeticStateMachine.java:loadSnapshot(115)) - The snapshot info is null.
2024-10-09 04:29:49,275 INFO  server.RaftServerConfigKeys (ConfUtils.java:logGet(46)) - raft.server.log.use.memory = false (default)
2024-10-09 04:29:49,275 INFO  server.RaftServerConfigKeys (ConfUtils.java:logGet(46)) - raft.server.log.purge.gap = 1024 (default)
2024-10-09 04:29:49,275 INFO  server.RaftServerConfigKeys (ConfUtils.java:logGet(46)) - raft.server.log.appender.buffer.byte-limit = 4MB (=4194304) (default)
2024-10-09 04:29:49,275 INFO  server.RaftServerConfigKeys (ConfUtils.java:logGet(46)) - raft.server.log.statemachine.data.read.timeout = 1000ms (default)
2024-10-09 04:29:49,275 INFO  server.RaftServerConfigKeys (ConfUtils.java:logGet(46)) - raft.server.log.purge.preservation.log.num = 0 (default)
2024-10-09 04:29:49,275 INFO  server.RaftServerConfigKeys (ConfUtils.java:logGet(46)) - raft.server.log.segment.size.max = 32MB (=33554432) (default)
2024-10-09 04:29:49,275 INFO  server.RaftServerConfigKeys (ConfUtils.java:logGet(46)) - raft.server.log.segment.cache.num.max = 6 (default)
2024-10-09 04:29:49,275 INFO  server.RaftServerConfigKeys (ConfUtils.java:logGet(46)) - raft.server.log.segment.cache.size.max = 200MB (=209715200) (default)
2024-10-09 04:29:49,275 INFO  server.RaftServerConfigKeys (ConfUtils.java:logGet(46)) - raft.server.log.appender.buffer.byte-limit = 4MB (=4194304) (default)
2024-10-09 04:29:49,276 INFO  util.AwaitToRun (AwaitToRun.java:start(81)) - Thread[s0@group-DA40570646C7-cacheEviction-AwaitToRun,5,main] started
2024-10-09 04:29:49,276 INFO  segmented.SegmentedRaftLogWorker (SegmentedRaftLogWorker.java:<init>(187)) - new s0@group-DA40570646C7-SegmentedRaftLogWorker for RaftStorageImpl:Storage Directory /home/runner/work/ratis/ratis/ratis-examples/target/test/data/6e6e5023/MiniRaftClusterWithNettya4857fb2/s0/29fd9006-1bca-4297-a115-da40570646c7
2024-10-09 04:29:49,276 INFO  server.RaftServerConfigKeys (ConfUtils.java:logGet(46)) - raft.server.log.queue.byte-limit = 64MB (=67108864) (default)
2024-10-09 04:29:49,276 INFO  server.RaftServerConfigKeys (ConfUtils.java:logGet(46)) - raft.server.log.queue.element-limit = 4096 (default)
2024-10-09 04:29:49,276 INFO  server.RaftServerConfigKeys (ConfUtils.java:logGet(46)) - raft.server.log.segment.size.max = 32MB (=33554432) (default)
2024-10-09 04:29:49,276 INFO  server.RaftServerConfigKeys (ConfUtils.java:logGet(46)) - raft.server.log.preallocated.size = 4MB (=4194304) (default)
2024-10-09 04:29:49,276 INFO  server.RaftServerConfigKeys (ConfUtils.java:logGet(46)) - raft.server.log.force.sync.num = 128 (default)
2024-10-09 04:29:49,276 INFO  server.RaftServerConfigKeys (ConfUtils.java:logGet(46)) - raft.server.log.statemachine.data.sync = true (default)
2024-10-09 04:29:49,276 INFO  server.RaftServerConfigKeys (ConfUtils.java:logGet(46)) - raft.server.log.statemachine.data.sync.timeout = 10s (default)
2024-10-09 04:29:49,276 INFO  server.RaftServerConfigKeys (ConfUtils.java:logGet(46)) - raft.server.log.statemachine.data.sync.timeout.retry = -1 (default)
2024-10-09 04:29:49,276 INFO  server.RaftServerConfigKeys (ConfUtils.java:logGet(46)) - raft.server.log.write.buffer.size = 8MB (=8388608) (default)
2024-10-09 04:29:49,276 INFO  server.RaftServerConfigKeys (ConfUtils.java:logGet(46)) - raft.server.log.appender.buffer.byte-limit = 4MB (=4194304) (default)
2024-10-09 04:29:49,276 INFO  server.RaftServerConfigKeys (ConfUtils.java:logGet(46)) - raft.server.log.unsafe-flush.enabled = false (default)
2024-10-09 04:29:49,276 INFO  server.RaftServerConfigKeys (ConfUtils.java:logGet(46)) - raft.server.log.async-flush.enabled = false (default)
2024-10-09 04:29:49,276 INFO  server.RaftServerConfigKeys (ConfUtils.java:logGet(46)) - raft.server.log.statemachine.data.caching.enabled = false (default)
2024-10-09 04:29:49,277 INFO  segmented.SegmentedRaftLogWorker (SegmentedRaftLogWorker.java:lambda$new$0(138)) - s0@group-DA40570646C7-SegmentedRaftLogWorker: flushIndex: setUnconditionally 0 -> -1
2024-10-09 04:29:49,277 INFO  segmented.SegmentedRaftLogWorker (SegmentedRaftLogWorker.java:lambda$new$0(138)) - s0@group-DA40570646C7-SegmentedRaftLogWorker: safeCacheEvictIndex: setUnconditionally 0 -> -1
2024-10-09 04:29:49,277 INFO  server.RaftServer$Division (RaftServerImpl.java:start(398)) - s0@group-DA40570646C7: start with initializing state, conf=conf: {index: -1, cur=peers:[]|listeners:[], old=null}
2024-10-09 04:29:49,277 INFO  server.RaftServer$Division (RaftServerImpl.java:setRole(379)) - s0@group-DA40570646C7: changes role from      null to FOLLOWER at term 0 for start
2024-10-09 04:29:49,277 INFO  util.JmxRegister (JmxRegister.java:tryRegister(44)) - Successfully registered JMX Bean with object name Ratis:service=RaftServer,group=group-DA40570646C7,id=s0
2024-10-09 04:29:49,277 INFO  util.JmxRegister (JmxRegister.java:register(58)) - register mxBean class org.apache.ratis.server.impl.RaftServerJmxAdapter as Ratis:service=RaftServer,group=group-DA40570646C7,id=s0
2024-10-09 04:29:49,277 INFO  server.RaftServerConfigKeys (ConfUtils.java:logGet(46)) - raft.server.snapshot.trigger-when-stop.enabled = true (default)
2024-10-09 04:29:49,277 INFO  server.RaftServerConfigKeys (ConfUtils.java:logGet(46)) - raft.server.snapshot.trigger-when-remove.enabled = true (default)
2024-10-09 04:29:49,277 INFO  server.RaftServerConfigKeys (ConfUtils.java:logGet(46)) - raft.server.snapshot.auto.trigger.enabled = false (default)
2024-10-09 04:29:49,277 INFO  server.RaftServerConfigKeys (ConfUtils.java:logGet(46)) - raft.server.snapshot.retention.file.num = -1 (default)
2024-10-09 04:29:49,277 INFO  server.RaftServerConfigKeys (ConfUtils.java:logGet(46)) - raft.server.log.purge.upto.snapshot.index = false (default)
2024-10-09 04:29:49,277 INFO  server.RaftServer (RaftServerProxy.java:startImpl(408)) - s0: start RPC server
2024-10-09 04:29:49,278 INFO  logging.LoggingHandler (AbstractInternalLogger.java:log(148)) - [id: 0xadcfcd76] REGISTERED
2024-10-09 04:29:49,278 INFO  logging.LoggingHandler (AbstractInternalLogger.java:log(148)) - [id: 0xadcfcd76] BIND: 0.0.0.0/0.0.0.0:15015
2024-10-09 04:29:49,278 INFO  logging.LoggingHandler (AbstractInternalLogger.java:log(148)) - [id: 0xadcfcd76, L:/0.0.0.0:15015] ACTIVE
2024-10-09 04:29:49,278 INFO  server.RaftServerConfigKeys (ConfUtils.java:logGet(46)) - raft.server.storage.free-space.min = 0MB (=0) (default)
2024-10-09 04:29:49,278 INFO  util.JvmPauseMonitor (JvmPauseMonitor.java:run(146)) - JvmPauseMonitor-s0: Started
2024-10-09 04:29:49,278 INFO  server.RaftServerConfigKeys (ConfUtils.java:logGet(46)) - raft.server.log.corruption.policy = EXCEPTION (default)
2024-10-09 04:29:49,278 INFO  server.RaftServerConfigKeys (ConfUtils.java:logGet(46)) - raft.server.storage.dir = [/home/runner/work/ratis/ratis/ratis-examples/target/test/data/6e6e5023/MiniRaftClusterWithNettya4857fb2/s1] (custom)
2024-10-09 04:29:49,278 INFO  storage.RaftStorageDirectory (RaftStorageDirectoryImpl.java:analyzeStorage(138)) - The storage directory /home/runner/work/ratis/ratis/ratis-examples/target/test/data/6e6e5023/MiniRaftClusterWithNettya4857fb2/s1/29fd9006-1bca-4297-a115-da40570646c7 does not exist. Creating ...
2024-10-09 04:29:49,279 TRACE util.FileUtils (LogUtils.java:runAndLog(49)) - Successfully ran Files.createDirectories /home/runner/work/ratis/ratis/ratis-examples/target/test/data/6e6e5023/MiniRaftClusterWithNettya4857fb2/s1/29fd9006-1bca-4297-a115-da40570646c7
2024-10-09 04:29:49,279 INFO  storage.RaftStorageDirectory (RaftStorageDirectoryImpl.java:tryLock(229)) - Lock on /home/runner/work/ratis/ratis/ratis-examples/target/test/data/6e6e5023/MiniRaftClusterWithNettya4857fb2/s1/29fd9006-1bca-4297-a115-da40570646c7/in_use.lock acquired by nodename 14484@fv-az565-744
2024-10-09 04:29:49,280 TRACE util.FileUtils (LogUtils.java:runAndLog(49)) - Successfully ran Files.createDirectories /home/runner/work/ratis/ratis/ratis-examples/target/test/data/6e6e5023/MiniRaftClusterWithNettya4857fb2/s1/29fd9006-1bca-4297-a115-da40570646c7/current
2024-10-09 04:29:49,280 TRACE util.FileUtils (LogUtils.java:runAndLog(49)) - Successfully ran Files.createDirectories /home/runner/work/ratis/ratis/ratis-examples/target/test/data/6e6e5023/MiniRaftClusterWithNettya4857fb2/s1/29fd9006-1bca-4297-a115-da40570646c7/sm
2024-10-09 04:29:49,280 TRACE util.FileUtils (LogUtils.java:supplyAndLog(69)) - Successfully supplied FileChannel.open /home/runner/work/ratis/ratis/ratis-examples/target/test/data/6e6e5023/MiniRaftClusterWithNettya4857fb2/s1/29fd9006-1bca-4297-a115-da40570646c7/current/raft-meta.tmp with options [CREATE, WRITE]: sun.nio.ch.FileChannelImpl@6f0ab5df
2024-10-09 04:29:49,281 TRACE util.FileUtils (LogUtils.java:runAndLog(49)) - Successfully ran Atomic Files.move /home/runner/work/ratis/ratis/ratis-examples/target/test/data/6e6e5023/MiniRaftClusterWithNettya4857fb2/s1/29fd9006-1bca-4297-a115-da40570646c7/current/raft-meta.tmp to /home/runner/work/ratis/ratis/ratis-examples/target/test/data/6e6e5023/MiniRaftClusterWithNettya4857fb2/s1/29fd9006-1bca-4297-a115-da40570646c7/current/raft-meta with options [REPLACE_EXISTING]
2024-10-09 04:29:49,281 INFO  storage.RaftStorage (RaftStorageImpl.java:format(98)) - Storage directory /home/runner/work/ratis/ratis/ratis-examples/target/test/data/6e6e5023/MiniRaftClusterWithNettya4857fb2/s1/29fd9006-1bca-4297-a115-da40570646c7 has been successfully formatted.
2024-10-09 04:29:49,281 WARN  statemachine.StateMachine (ArithmeticStateMachine.java:loadSnapshot(115)) - The snapshot info is null.
2024-10-09 04:29:49,282 INFO  server.RaftServerConfigKeys (ConfUtils.java:logGet(46)) - raft.server.log.use.memory = false (default)
2024-10-09 04:29:49,282 INFO  server.RaftServerConfigKeys (ConfUtils.java:logGet(46)) - raft.server.log.purge.gap = 1024 (default)
2024-10-09 04:29:49,282 INFO  server.RaftServerConfigKeys (ConfUtils.java:logGet(46)) - raft.server.log.appender.buffer.byte-limit = 4MB (=4194304) (default)
2024-10-09 04:29:49,282 INFO  server.RaftServerConfigKeys (ConfUtils.java:logGet(46)) - raft.server.log.statemachine.data.read.timeout = 1000ms (default)
2024-10-09 04:29:49,282 INFO  server.RaftServerConfigKeys (ConfUtils.java:logGet(46)) - raft.server.log.purge.preservation.log.num = 0 (default)
2024-10-09 04:29:49,282 INFO  server.RaftServerConfigKeys (ConfUtils.java:logGet(46)) - raft.server.log.segment.size.max = 32MB (=33554432) (default)
2024-10-09 04:29:49,282 INFO  server.RaftServerConfigKeys (ConfUtils.java:logGet(46)) - raft.server.log.segment.cache.num.max = 6 (default)
2024-10-09 04:29:49,282 INFO  server.RaftServerConfigKeys (ConfUtils.java:logGet(46)) - raft.server.log.segment.cache.size.max = 200MB (=209715200) (default)
2024-10-09 04:29:49,282 INFO  server.RaftServerConfigKeys (ConfUtils.java:logGet(46)) - raft.server.log.appender.buffer.byte-limit = 4MB (=4194304) (default)
2024-10-09 04:29:49,282 INFO  util.AwaitToRun (AwaitToRun.java:start(81)) - Thread[s1@group-DA40570646C7-cacheEviction-AwaitToRun,5,main] started
2024-10-09 04:29:49,282 INFO  segmented.SegmentedRaftLogWorker (SegmentedRaftLogWorker.java:<init>(187)) - new s1@group-DA40570646C7-SegmentedRaftLogWorker for RaftStorageImpl:Storage Directory /home/runner/work/ratis/ratis/ratis-examples/target/test/data/6e6e5023/MiniRaftClusterWithNettya4857fb2/s1/29fd9006-1bca-4297-a115-da40570646c7
2024-10-09 04:29:49,282 INFO  server.RaftServerConfigKeys (ConfUtils.java:logGet(46)) - raft.server.log.queue.byte-limit = 64MB (=67108864) (default)
2024-10-09 04:29:49,282 INFO  server.RaftServerConfigKeys (ConfUtils.java:logGet(46)) - raft.server.log.queue.element-limit = 4096 (default)
2024-10-09 04:29:49,282 INFO  server.RaftServerConfigKeys (ConfUtils.java:logGet(46)) - raft.server.log.segment.size.max = 32MB (=33554432) (default)
2024-10-09 04:29:49,283 INFO  server.RaftServerConfigKeys (ConfUtils.java:logGet(46)) - raft.server.log.preallocated.size = 4MB (=4194304) (default)
2024-10-09 04:29:49,283 INFO  server.RaftServerConfigKeys (ConfUtils.java:logGet(46)) - raft.server.log.force.sync.num = 128 (default)
2024-10-09 04:29:49,283 INFO  server.RaftServerConfigKeys (ConfUtils.java:logGet(46)) - raft.server.log.statemachine.data.sync = true (default)
2024-10-09 04:29:49,283 INFO  server.RaftServerConfigKeys (ConfUtils.java:logGet(46)) - raft.server.log.statemachine.data.sync.timeout = 10s (default)
2024-10-09 04:29:49,283 INFO  server.RaftServerConfigKeys (ConfUtils.java:logGet(46)) - raft.server.log.statemachine.data.sync.timeout.retry = -1 (default)
2024-10-09 04:29:49,283 INFO  server.RaftServerConfigKeys (ConfUtils.java:logGet(46)) - raft.server.log.write.buffer.size = 8MB (=8388608) (default)
2024-10-09 04:29:49,283 INFO  server.RaftServerConfigKeys (ConfUtils.java:logGet(46)) - raft.server.log.appender.buffer.byte-limit = 4MB (=4194304) (default)
2024-10-09 04:29:49,283 INFO  server.RaftServerConfigKeys (ConfUtils.java:logGet(46)) - raft.server.log.unsafe-flush.enabled = false (default)
2024-10-09 04:29:49,283 INFO  server.RaftServerConfigKeys (ConfUtils.java:logGet(46)) - raft.server.log.async-flush.enabled = false (default)
2024-10-09 04:29:49,283 INFO  server.RaftServerConfigKeys (ConfUtils.java:logGet(46)) - raft.server.log.statemachine.data.caching.enabled = false (default)
2024-10-09 04:29:49,284 INFO  segmented.SegmentedRaftLogWorker (SegmentedRaftLogWorker.java:lambda$new$0(138)) - s1@group-DA40570646C7-SegmentedRaftLogWorker: flushIndex: setUnconditionally 0 -> -1
2024-10-09 04:29:49,284 INFO  segmented.SegmentedRaftLogWorker (SegmentedRaftLogWorker.java:lambda$new$0(138)) - s1@group-DA40570646C7-SegmentedRaftLogWorker: safeCacheEvictIndex: setUnconditionally 0 -> -1
2024-10-09 04:29:49,284 INFO  server.RaftServer$Division (RaftServerImpl.java:start(398)) - s1@group-DA40570646C7: start with initializing state, conf=conf: {index: -1, cur=peers:[]|listeners:[], old=null}
2024-10-09 04:29:49,284 INFO  server.RaftServer$Division (RaftServerImpl.java:setRole(379)) - s1@group-DA40570646C7: changes role from      null to FOLLOWER at term 0 for start
2024-10-09 04:29:49,284 INFO  util.JmxRegister (JmxRegister.java:tryRegister(44)) - Successfully registered JMX Bean with object name Ratis:service=RaftServer,group=group-DA40570646C7,id=s1
2024-10-09 04:29:49,284 INFO  util.JmxRegister (JmxRegister.java:register(58)) - register mxBean class org.apache.ratis.server.impl.RaftServerJmxAdapter as Ratis:service=RaftServer,group=group-DA40570646C7,id=s1
2024-10-09 04:29:49,284 INFO  server.RaftServerConfigKeys (ConfUtils.java:logGet(46)) - raft.server.snapshot.trigger-when-stop.enabled = true (default)
2024-10-09 04:29:49,284 INFO  server.RaftServerConfigKeys (ConfUtils.java:logGet(46)) - raft.server.snapshot.trigger-when-remove.enabled = true (default)
2024-10-09 04:29:49,284 INFO  server.RaftServerConfigKeys (ConfUtils.java:logGet(46)) - raft.server.snapshot.auto.trigger.enabled = false (default)
2024-10-09 04:29:49,284 INFO  server.RaftServerConfigKeys (ConfUtils.java:logGet(46)) - raft.server.snapshot.retention.file.num = -1 (default)
2024-10-09 04:29:49,284 INFO  server.RaftServerConfigKeys (ConfUtils.java:logGet(46)) - raft.server.log.purge.upto.snapshot.index = false (default)
2024-10-09 04:29:49,284 INFO  server.RaftServer (RaftServerProxy.java:startImpl(408)) - s1: start RPC server
2024-10-09 04:29:49,285 INFO  logging.LoggingHandler (AbstractInternalLogger.java:log(148)) - [id: 0x6adfe881] REGISTERED
2024-10-09 04:29:49,285 INFO  logging.LoggingHandler (AbstractInternalLogger.java:log(148)) - [id: 0x6adfe881] BIND: 0.0.0.0/0.0.0.0:15016
2024-10-09 04:29:49,285 INFO  logging.LoggingHandler (AbstractInternalLogger.java:log(148)) - [id: 0x6adfe881, L:/0.0.0.0:15016] ACTIVE
2024-10-09 04:29:49,285 INFO  util.JvmPauseMonitor (JvmPauseMonitor.java:run(146)) - JvmPauseMonitor-s1: Started
2024-10-09 04:29:49,285 INFO  server.RaftServerConfigKeys (ConfUtils.java:logGet(46)) - raft.server.storage.free-space.min = 0MB (=0) (default)
2024-10-09 04:29:49,286 INFO  server.RaftServerConfigKeys (ConfUtils.java:logGet(46)) - raft.server.log.corruption.policy = EXCEPTION (default)
2024-10-09 04:29:49,286 INFO  server.RaftServerConfigKeys (ConfUtils.java:logGet(46)) - raft.server.storage.dir = [/home/runner/work/ratis/ratis/ratis-examples/target/test/data/6e6e5023/MiniRaftClusterWithNettya4857fb2/s2] (custom)
2024-10-09 04:29:49,286 INFO  storage.RaftStorageDirectory (RaftStorageDirectoryImpl.java:analyzeStorage(138)) - The storage directory /home/runner/work/ratis/ratis/ratis-examples/target/test/data/6e6e5023/MiniRaftClusterWithNettya4857fb2/s2/29fd9006-1bca-4297-a115-da40570646c7 does not exist. Creating ...
2024-10-09 04:29:49,286 TRACE util.FileUtils (LogUtils.java:runAndLog(49)) - Successfully ran Files.createDirectories /home/runner/work/ratis/ratis/ratis-examples/target/test/data/6e6e5023/MiniRaftClusterWithNettya4857fb2/s2/29fd9006-1bca-4297-a115-da40570646c7
2024-10-09 04:29:49,287 INFO  storage.RaftStorageDirectory (RaftStorageDirectoryImpl.java:tryLock(229)) - Lock on /home/runner/work/ratis/ratis/ratis-examples/target/test/data/6e6e5023/MiniRaftClusterWithNettya4857fb2/s2/29fd9006-1bca-4297-a115-da40570646c7/in_use.lock acquired by nodename 14484@fv-az565-744
2024-10-09 04:29:49,287 TRACE util.FileUtils (LogUtils.java:runAndLog(49)) - Successfully ran Files.createDirectories /home/runner/work/ratis/ratis/ratis-examples/target/test/data/6e6e5023/MiniRaftClusterWithNettya4857fb2/s2/29fd9006-1bca-4297-a115-da40570646c7/current
2024-10-09 04:29:49,287 TRACE util.FileUtils (LogUtils.java:runAndLog(49)) - Successfully ran Files.createDirectories /home/runner/work/ratis/ratis/ratis-examples/target/test/data/6e6e5023/MiniRaftClusterWithNettya4857fb2/s2/29fd9006-1bca-4297-a115-da40570646c7/sm
2024-10-09 04:29:49,287 TRACE util.FileUtils (LogUtils.java:supplyAndLog(69)) - Successfully supplied FileChannel.open /home/runner/work/ratis/ratis/ratis-examples/target/test/data/6e6e5023/MiniRaftClusterWithNettya4857fb2/s2/29fd9006-1bca-4297-a115-da40570646c7/current/raft-meta.tmp with options [CREATE, WRITE]: sun.nio.ch.FileChannelImpl@3712211a
2024-10-09 04:29:49,289 TRACE util.FileUtils (LogUtils.java:runAndLog(49)) - Successfully ran Atomic Files.move /home/runner/work/ratis/ratis/ratis-examples/target/test/data/6e6e5023/MiniRaftClusterWithNettya4857fb2/s2/29fd9006-1bca-4297-a115-da40570646c7/current/raft-meta.tmp to /home/runner/work/ratis/ratis/ratis-examples/target/test/data/6e6e5023/MiniRaftClusterWithNettya4857fb2/s2/29fd9006-1bca-4297-a115-da40570646c7/current/raft-meta with options [REPLACE_EXISTING]
2024-10-09 04:29:49,289 INFO  storage.RaftStorage (RaftStorageImpl.java:format(98)) - Storage directory /home/runner/work/ratis/ratis/ratis-examples/target/test/data/6e6e5023/MiniRaftClusterWithNettya4857fb2/s2/29fd9006-1bca-4297-a115-da40570646c7 has been successfully formatted.
2024-10-09 04:29:49,289 WARN  statemachine.StateMachine (ArithmeticStateMachine.java:loadSnapshot(115)) - The snapshot info is null.
2024-10-09 04:29:49,289 INFO  server.RaftServerConfigKeys (ConfUtils.java:logGet(46)) - raft.server.log.use.memory = false (default)
2024-10-09 04:29:49,289 INFO  server.RaftServerConfigKeys (ConfUtils.java:logGet(46)) - raft.server.log.purge.gap = 1024 (default)
2024-10-09 04:29:49,289 INFO  server.RaftServerConfigKeys (ConfUtils.java:logGet(46)) - raft.server.log.appender.buffer.byte-limit = 4MB (=4194304) (default)
2024-10-09 04:29:49,289 INFO  server.RaftServerConfigKeys (ConfUtils.java:logGet(46)) - raft.server.log.statemachine.data.read.timeout = 1000ms (default)
2024-10-09 04:29:49,289 INFO  server.RaftServerConfigKeys (ConfUtils.java:logGet(46)) - raft.server.log.purge.preservation.log.num = 0 (default)
2024-10-09 04:29:49,290 INFO  server.RaftServerConfigKeys (ConfUtils.java:logGet(46)) - raft.server.log.segment.size.max = 32MB (=33554432) (default)
2024-10-09 04:29:49,290 INFO  server.RaftServerConfigKeys (ConfUtils.java:logGet(46)) - raft.server.log.segment.cache.num.max = 6 (default)
2024-10-09 04:29:49,290 INFO  server.RaftServerConfigKeys (ConfUtils.java:logGet(46)) - raft.server.log.segment.cache.size.max = 200MB (=209715200) (default)
2024-10-09 04:29:49,290 INFO  server.RaftServerConfigKeys (ConfUtils.java:logGet(46)) - raft.server.log.appender.buffer.byte-limit = 4MB (=4194304) (default)
2024-10-09 04:29:49,290 INFO  util.AwaitToRun (AwaitToRun.java:start(81)) - Thread[s2@group-DA40570646C7-cacheEviction-AwaitToRun,5,main] started
2024-10-09 04:29:49,290 INFO  segmented.SegmentedRaftLogWorker (SegmentedRaftLogWorker.java:<init>(187)) - new s2@group-DA40570646C7-SegmentedRaftLogWorker for RaftStorageImpl:Storage Directory /home/runner/work/ratis/ratis/ratis-examples/target/test/data/6e6e5023/MiniRaftClusterWithNettya4857fb2/s2/29fd9006-1bca-4297-a115-da40570646c7
2024-10-09 04:29:49,290 INFO  server.RaftServerConfigKeys (ConfUtils.java:logGet(46)) - raft.server.log.queue.byte-limit = 64MB (=67108864) (default)
2024-10-09 04:29:49,290 INFO  server.RaftServerConfigKeys (ConfUtils.java:logGet(46)) - raft.server.log.queue.element-limit = 4096 (default)
2024-10-09 04:29:49,290 INFO  server.RaftServerConfigKeys (ConfUtils.java:logGet(46)) - raft.server.log.segment.size.max = 32MB (=33554432) (default)
2024-10-09 04:29:49,290 INFO  server.RaftServerConfigKeys (ConfUtils.java:logGet(46)) - raft.server.log.preallocated.size = 4MB (=4194304) (default)
2024-10-09 04:29:49,290 INFO  server.RaftServerConfigKeys (ConfUtils.java:logGet(46)) - raft.server.log.force.sync.num = 128 (default)
2024-10-09 04:29:49,290 INFO  server.RaftServerConfigKeys (ConfUtils.java:logGet(46)) - raft.server.log.statemachine.data.sync = true (default)
2024-10-09 04:29:49,290 INFO  server.RaftServerConfigKeys (ConfUtils.java:logGet(46)) - raft.server.log.statemachine.data.sync.timeout = 10s (default)
2024-10-09 04:29:49,291 INFO  server.RaftServerConfigKeys (ConfUtils.java:logGet(46)) - raft.server.log.statemachine.data.sync.timeout.retry = -1 (default)
2024-10-09 04:29:49,291 INFO  server.RaftServerConfigKeys (ConfUtils.java:logGet(46)) - raft.server.log.write.buffer.size = 8MB (=8388608) (default)
2024-10-09 04:29:49,291 INFO  server.RaftServerConfigKeys (ConfUtils.java:logGet(46)) - raft.server.log.appender.buffer.byte-limit = 4MB (=4194304) (default)
2024-10-09 04:29:49,291 INFO  server.RaftServerConfigKeys (ConfUtils.java:logGet(46)) - raft.server.log.unsafe-flush.enabled = false (default)
2024-10-09 04:29:49,291 INFO  server.RaftServerConfigKeys (ConfUtils.java:logGet(46)) - raft.server.log.async-flush.enabled = false (default)
2024-10-09 04:29:49,291 INFO  server.RaftServerConfigKeys (ConfUtils.java:logGet(46)) - raft.server.log.statemachine.data.caching.enabled = false (default)
2024-10-09 04:29:49,292 INFO  segmented.SegmentedRaftLogWorker (SegmentedRaftLogWorker.java:lambda$new$0(138)) - s2@group-DA40570646C7-SegmentedRaftLogWorker: flushIndex: setUnconditionally 0 -> -1
2024-10-09 04:29:49,292 INFO  segmented.SegmentedRaftLogWorker (SegmentedRaftLogWorker.java:lambda$new$0(138)) - s2@group-DA40570646C7-SegmentedRaftLogWorker: safeCacheEvictIndex: setUnconditionally 0 -> -1
2024-10-09 04:29:49,292 INFO  server.RaftServer$Division (RaftServerImpl.java:start(398)) - s2@group-DA40570646C7: start with initializing state, conf=conf: {index: -1, cur=peers:[]|listeners:[], old=null}
2024-10-09 04:29:49,292 INFO  server.RaftServer$Division (RaftServerImpl.java:setRole(379)) - s2@group-DA40570646C7: changes role from      null to FOLLOWER at term 0 for start
2024-10-09 04:29:49,292 INFO  util.JmxRegister (JmxRegister.java:tryRegister(44)) - Successfully registered JMX Bean with object name Ratis:service=RaftServer,group=group-DA40570646C7,id=s2
2024-10-09 04:29:49,292 INFO  util.JmxRegister (JmxRegister.java:register(58)) - register mxBean class org.apache.ratis.server.impl.RaftServerJmxAdapter as Ratis:service=RaftServer,group=group-DA40570646C7,id=s2
2024-10-09 04:29:49,292 INFO  server.RaftServerConfigKeys (ConfUtils.java:logGet(46)) - raft.server.snapshot.trigger-when-stop.enabled = true (default)
2024-10-09 04:29:49,292 INFO  server.RaftServerConfigKeys (ConfUtils.java:logGet(46)) - raft.server.snapshot.trigger-when-remove.enabled = true (default)
2024-10-09 04:29:49,292 INFO  server.RaftServerConfigKeys (ConfUtils.java:logGet(46)) - raft.server.snapshot.auto.trigger.enabled = false (default)
2024-10-09 04:29:49,292 INFO  server.RaftServerConfigKeys (ConfUtils.java:logGet(46)) - raft.server.snapshot.retention.file.num = -1 (default)
2024-10-09 04:29:49,292 INFO  server.RaftServerConfigKeys (ConfUtils.java:logGet(46)) - raft.server.log.purge.upto.snapshot.index = false (default)
2024-10-09 04:29:49,293 INFO  server.RaftServer (RaftServerProxy.java:startImpl(408)) - s2: start RPC server
2024-10-09 04:29:49,293 INFO  logging.LoggingHandler (AbstractInternalLogger.java:log(148)) - [id: 0x3e38b2f8] REGISTERED
2024-10-09 04:29:49,293 INFO  logging.LoggingHandler (AbstractInternalLogger.java:log(148)) - [id: 0x3e38b2f8] BIND: 0.0.0.0/0.0.0.0:15017
2024-10-09 04:29:49,293 INFO  logging.LoggingHandler (AbstractInternalLogger.java:log(148)) - [id: 0x3e38b2f8, L:/0.0.0.0:15017] ACTIVE
2024-10-09 04:29:49,294 INFO  util.JvmPauseMonitor (JvmPauseMonitor.java:run(146)) - JvmPauseMonitor-s2: Started
2024-10-09 04:29:50,294 INFO  impl.GroupManagementBaseTest (GroupManagementBaseTest.java:runMultiGroupTest(267)) - start: printing ALL groups
  s3:  RUNNING  FOLLOWER s3@group-DA40570646C7:t0, leader=null, voted=, raftlog=Memoized:s3@group-DA40570646C7-SegmentedRaftLog:OPENED:c-1:lastnull, conf=conf: {index: -1, cur=peers:[]|listeners:[], old=null} STARTING
  s4:  RUNNING  FOLLOWER s4@group-DA40570646C7:t0, leader=null, voted=, raftlog=Memoized:s4@group-DA40570646C7-SegmentedRaftLog:OPENED:c-1:lastnull, conf=conf: {index: -1, cur=peers:[]|listeners:[], old=null} STARTING
  s5:  RUNNING  FOLLOWER s5@group-DA40570646C7:t0, leader=null, voted=, raftlog=Memoized:s5@group-DA40570646C7-SegmentedRaftLog:OPENED:c-1:lastnull, conf=conf: {index: -1, cur=peers:[]|listeners:[], old=null} STARTING
  s6:  RUNNING  FOLLOWER s6@group-DA40570646C7:t0, leader=null, voted=, raftlog=Memoized:s6@group-DA40570646C7-SegmentedRaftLog:OPENED:c-1:lastnull, conf=conf: {index: -1, cur=peers:[]|listeners:[], old=null} STARTING
  s7:  RUNNING  FOLLOWER s7@group-DA40570646C7:t0, leader=null, voted=, raftlog=Memoized:s7@group-DA40570646C7-SegmentedRaftLog:OPENED:c-1:lastnull, conf=conf: {index: -1, cur=peers:[]|listeners:[], old=null} STARTING
  s8:  RUNNING  FOLLOWER s8@group-DA40570646C7:t0, leader=null, voted=, raftlog=Memoized:s8@group-DA40570646C7-SegmentedRaftLog:OPENED:c-1:lastnull, conf=conf: {index: -1, cur=peers:[]|listeners:[], old=null} STARTING
  s9:  RUNNING  FOLLOWER s9@group-DA40570646C7:t0, leader=null, voted=, raftlog=Memoized:s9@group-DA40570646C7-SegmentedRaftLog:OPENED:c-1:lastnull, conf=conf: {index: -1, cur=peers:[]|listeners:[], old=null} STARTING
  s11:  RUNNING  FOLLOWER s11@group-DA40570646C7:t0, leader=null, voted=, raftlog=Memoized:s11@group-DA40570646C7-SegmentedRaftLog:OPENED:c-1:lastnull, conf=conf: {index: -1, cur=peers:[]|listeners:[], old=null} STARTING
  s10:  RUNNING  FOLLOWER s10@group-DA40570646C7:t0, leader=null, voted=, raftlog=Memoized:s10@group-DA40570646C7-SegmentedRaftLog:OPENED:c-1:lastnull, conf=conf: {index: -1, cur=peers:[]|listeners:[], old=null} STARTING
  s13:  RUNNING  FOLLOWER s13@group-DA40570646C7:t0, leader=null, voted=, raftlog=Memoized:s13@group-DA40570646C7-SegmentedRaftLog:OPENED:c-1:lastnull, conf=conf: {index: -1, cur=peers:[]|listeners:[], old=null} STARTING
  s12:  RUNNING  FOLLOWER s12@group-DA40570646C7:t0, leader=null, voted=, raftlog=Memoized:s12@group-DA40570646C7-SegmentedRaftLog:OPENED:c-1:lastnull, conf=conf: {index: -1, cur=peers:[]|listeners:[], old=null} STARTING
  s14:  RUNNING  FOLLOWER s14@group-DA40570646C7:t0, leader=null, voted=, raftlog=Memoized:s14@group-DA40570646C7-SegmentedRaftLog:OPENED:c-1:lastnull, conf=conf: {index: -1, cur=peers:[]|listeners:[], old=null} STARTING
  s0:  RUNNING  FOLLOWER s0@group-DA40570646C7:t0, leader=null, voted=, raftlog=Memoized:s0@group-DA40570646C7-SegmentedRaftLog:OPENED:c-1:lastnull, conf=conf: {index: -1, cur=peers:[]|listeners:[], old=null} STARTING
  s1:  RUNNING  FOLLOWER s1@group-DA40570646C7:t0, leader=null, voted=, raftlog=Memoized:s1@group-DA40570646C7-SegmentedRaftLog:OPENED:c-1:lastnull, conf=conf: {index: -1, cur=peers:[]|listeners:[], old=null} STARTING
  s2:  RUNNING  FOLLOWER s2@group-DA40570646C7:t0, leader=null, voted=, raftlog=Memoized:s2@group-DA40570646C7-SegmentedRaftLog:OPENED:c-1:lastnull, conf=conf: {index: -1, cur=peers:[]|listeners:[], old=null} STARTING
2024-10-09 04:29:50,295 INFO  impl.GroupManagementBaseTest (GroupManagementBaseTest.java:runMultiGroupTest(281)) - 0) starting group-C596DBC0762E:[s10|0.0.0.0:15025, s0|0.0.0.0:15015, s1|0.0.0.0:15016]
2024-10-09 04:29:50,296 INFO  netty.NettyUtils (NettyUtils.java:newEventLoopGroup(74)) - Create EpollEventLoopGroup for client-563674D2092A; Thread size is 0.
2024-10-09 04:29:50,315 INFO  logging.LoggingHandler (AbstractInternalLogger.java:log(148)) - [id: 0xadcfcd76, L:/0.0.0.0:15015] READ: [id: 0xd34be384, L:/127.0.0.1:15015 - R:/127.0.0.1:59110]
2024-10-09 04:29:50,318 INFO  logging.LoggingHandler (AbstractInternalLogger.java:log(148)) - [id: 0xadcfcd76, L:/0.0.0.0:15015] READ COMPLETE
2024-10-09 04:29:50,328 INFO  server.RaftServer (RaftServerProxy.java:addNew(101)) - s0: addNew group-C596DBC0762E:[s10|0.0.0.0:15025, s0|0.0.0.0:15015, s1|0.0.0.0:15016] returns group-C596DBC0762E:java.util.concurrent.CompletableFuture@22c41b46[Not completed]
2024-10-09 04:29:50,328 INFO  server.RaftServer$Division (RaftServerImpl.java:<init>(256)) - s0: new RaftServerImpl for group-C596DBC0762E:[s10|0.0.0.0:15025, s0|0.0.0.0:15015, s1|0.0.0.0:15016] with ArithmeticStateMachine:uninitialized
2024-10-09 04:29:50,328 INFO  server.RaftServerConfigKeys (ConfUtils.java:logGet(46)) - raft.server.rpc.timeout.min = 300ms (custom)
2024-10-09 04:29:50,328 INFO  server.RaftServerConfigKeys (ConfUtils.java:logGet(46)) - raft.server.rpc.timeout.max = 600ms (custom)
2024-10-09 04:29:50,328 INFO  server.RaftServerConfigKeys (ConfUtils.java:logGet(46)) - raft.server.rpc.sleep.time = 25ms (default)
2024-10-09 04:29:50,328 INFO  server.RaftServerConfigKeys (ConfUtils.java:logGet(46)) - raft.server.rpc.slowness.timeout = 60s (default)
2024-10-09 04:29:50,328 INFO  server.RaftServerConfigKeys (ConfUtils.java:logGet(46)) - raft.server.leaderelection.leader.step-down.wait-time = 10s (default)
2024-10-09 04:29:50,328 INFO  server.RaftServerConfigKeys (ConfUtils.java:logGet(46)) - raft.server.leaderelection.member.majority-add = false (default)
2024-10-09 04:29:50,328 INFO  server.RaftServerConfigKeys (ConfUtils.java:logGet(46)) - raft.server.sleep.deviation.threshold = 300ms (default)
2024-10-09 04:29:50,328 INFO  server.RaftServer$Division (ServerState.java:<init>(114)) - s0@group-C596DBC0762E: ConfigurationManager, init=conf: {index: -1, cur=peers:[s10|0.0.0.0:15025, s0|0.0.0.0:15015, s1|0.0.0.0:15016]|listeners:[], old=null}, confs=<EMPTY_MAP>
2024-10-09 04:29:50,329 INFO  server.RaftServerConfigKeys (ConfUtils.java:logGet(46)) - raft.server.notification.no-leader.timeout = 60s (default)
2024-10-09 04:29:50,329 INFO  server.RaftServerConfigKeys (ConfUtils.java:logGet(46)) - raft.server.read.timeout = 10s (default)
2024-10-09 04:29:50,329 INFO  server.RaftServerConfigKeys (ConfUtils.java:logGet(46)) - raft.server.retrycache.expirytime = 60s (default)
2024-10-09 04:29:50,329 INFO  server.RaftServerConfigKeys (ConfUtils.java:logGet(46)) - raft.server.retrycache.statistics.expirytime = 100ms (default)
2024-10-09 04:29:50,329 INFO  server.RaftServerConfigKeys (ConfUtils.java:logGet(46)) - raft.server.read.option = DEFAULT (default)
2024-10-09 04:29:50,329 INFO  server.RaftServerConfigKeys (ConfUtils.java:logGet(46)) - raft.server.read.read-after-write-consistent.write-index-cache.expiry-time = 60s (default)
2024-10-09 04:29:50,330 INFO  server.RaftServerConfigKeys (ConfUtils.java:logGet(46)) - raft.server.rpc.request.timeout = 3000ms (default)
2024-10-09 04:29:50,330 INFO  server.RaftServerConfigKeys (ConfUtils.java:logGet(46)) - raft.server.log.appender.install.snapshot.enabled = true (default)
2024-10-09 04:29:50,330 INFO  server.RaftServerConfigKeys (ConfUtils.java:logGet(46)) - raft.server.threadpool.server.cached = true (default)
2024-10-09 04:29:50,330 INFO  server.RaftServerConfigKeys (ConfUtils.java:logGet(46)) - raft.server.threadpool.server.size = 0 (default)
2024-10-09 04:29:50,330 INFO  server.RaftServerConfigKeys (ConfUtils.java:logGet(46)) - raft.server.threadpool.client.cached = true (default)
2024-10-09 04:29:50,330 INFO  server.RaftServerConfigKeys (ConfUtils.java:logGet(46)) - raft.server.threadpool.client.size = 0 (default)
2024-10-09 04:29:50,330 INFO  server.RaftServerConfigKeys (ConfUtils.java:logGet(46)) - raft.server.storage.free-space.min = 0MB (=0) (default)
2024-10-09 04:29:50,330 INFO  server.RaftServerConfigKeys (ConfUtils.java:logGet(46)) - raft.server.log.corruption.policy = EXCEPTION (default)
2024-10-09 04:29:50,330 INFO  server.RaftServerConfigKeys (ConfUtils.java:logGet(46)) - raft.server.storage.dir = [/home/runner/work/ratis/ratis/ratis-examples/target/test/data/6e6e5023/MiniRaftClusterWithNettya4857fb2/s0] (custom)
2024-10-09 04:29:50,330 INFO  storage.RaftStorageDirectory (RaftStorageDirectoryImpl.java:analyzeStorage(138)) - The storage directory /home/runner/work/ratis/ratis/ratis-examples/target/test/data/6e6e5023/MiniRaftClusterWithNettya4857fb2/s0/1d4ddb65-0c33-4cad-9800-c596dbc0762e does not exist. Creating ...
2024-10-09 04:29:50,331 TRACE util.FileUtils (LogUtils.java:runAndLog(49)) - Successfully ran Files.createDirectories /home/runner/work/ratis/ratis/ratis-examples/target/test/data/6e6e5023/MiniRaftClusterWithNettya4857fb2/s0/1d4ddb65-0c33-4cad-9800-c596dbc0762e
2024-10-09 04:29:50,331 INFO  storage.RaftStorageDirectory (RaftStorageDirectoryImpl.java:tryLock(229)) - Lock on /home/runner/work/ratis/ratis/ratis-examples/target/test/data/6e6e5023/MiniRaftClusterWithNettya4857fb2/s0/1d4ddb65-0c33-4cad-9800-c596dbc0762e/in_use.lock acquired by nodename 14484@fv-az565-744
2024-10-09 04:29:50,332 TRACE util.FileUtils (LogUtils.java:runAndLog(49)) - Successfully ran Files.createDirectories /home/runner/work/ratis/ratis/ratis-examples/target/test/data/6e6e5023/MiniRaftClusterWithNettya4857fb2/s0/1d4ddb65-0c33-4cad-9800-c596dbc0762e/current
2024-10-09 04:29:50,332 TRACE util.FileUtils (LogUtils.java:runAndLog(49)) - Successfully ran Files.createDirectories /home/runner/work/ratis/ratis/ratis-examples/target/test/data/6e6e5023/MiniRaftClusterWithNettya4857fb2/s0/1d4ddb65-0c33-4cad-9800-c596dbc0762e/sm
2024-10-09 04:29:50,332 TRACE util.FileUtils (LogUtils.java:supplyAndLog(69)) - Successfully supplied FileChannel.open /home/runner/work/ratis/ratis/ratis-examples/target/test/data/6e6e5023/MiniRaftClusterWithNettya4857fb2/s0/1d4ddb65-0c33-4cad-9800-c596dbc0762e/current/raft-meta.tmp with options [CREATE, WRITE]: sun.nio.ch.FileChannelImpl@6b48f43f
2024-10-09 04:29:50,333 TRACE util.FileUtils (LogUtils.java:runAndLog(49)) - Successfully ran Atomic Files.move /home/runner/work/ratis/ratis/ratis-examples/target/test/data/6e6e5023/MiniRaftClusterWithNettya4857fb2/s0/1d4ddb65-0c33-4cad-9800-c596dbc0762e/current/raft-meta.tmp to /home/runner/work/ratis/ratis/ratis-examples/target/test/data/6e6e5023/MiniRaftClusterWithNettya4857fb2/s0/1d4ddb65-0c33-4cad-9800-c596dbc0762e/current/raft-meta with options [REPLACE_EXISTING]
2024-10-09 04:29:50,333 INFO  storage.RaftStorage (RaftStorageImpl.java:format(98)) - Storage directory /home/runner/work/ratis/ratis/ratis-examples/target/test/data/6e6e5023/MiniRaftClusterWithNettya4857fb2/s0/1d4ddb65-0c33-4cad-9800-c596dbc0762e has been successfully formatted.
2024-10-09 04:29:50,333 WARN  statemachine.StateMachine (ArithmeticStateMachine.java:loadSnapshot(115)) - The snapshot info is null.
2024-10-09 04:29:50,333 INFO  server.RaftServerConfigKeys (ConfUtils.java:logGet(46)) - raft.server.log.use.memory = false (default)
2024-10-09 04:29:50,334 INFO  server.RaftServerConfigKeys (ConfUtils.java:logGet(46)) - raft.server.log.purge.gap = 1024 (default)
2024-10-09 04:29:50,334 INFO  server.RaftServerConfigKeys (ConfUtils.java:logGet(46)) - raft.server.log.appender.buffer.byte-limit = 4MB (=4194304) (default)
2024-10-09 04:29:50,334 INFO  server.RaftServerConfigKeys (ConfUtils.java:logGet(46)) - raft.server.log.statemachine.data.read.timeout = 1000ms (default)
2024-10-09 04:29:50,334 INFO  server.RaftServerConfigKeys (ConfUtils.java:logGet(46)) - raft.server.log.purge.preservation.log.num = 0 (default)
2024-10-09 04:29:50,334 INFO  server.RaftServerConfigKeys (ConfUtils.java:logGet(46)) - raft.server.log.segment.size.max = 32MB (=33554432) (default)
2024-10-09 04:29:50,334 INFO  server.RaftServerConfigKeys (ConfUtils.java:logGet(46)) - raft.server.log.segment.cache.num.max = 6 (default)
2024-10-09 04:29:50,334 INFO  server.RaftServerConfigKeys (ConfUtils.java:logGet(46)) - raft.server.log.segment.cache.size.max = 200MB (=209715200) (default)
2024-10-09 04:29:50,334 INFO  server.RaftServerConfigKeys (ConfUtils.java:logGet(46)) - raft.server.log.appender.buffer.byte-limit = 4MB (=4194304) (default)
2024-10-09 04:29:50,334 INFO  util.AwaitToRun (AwaitToRun.java:start(81)) - Thread[s0@group-C596DBC0762E-cacheEviction-AwaitToRun,5,main] started
2024-10-09 04:29:50,334 INFO  segmented.SegmentedRaftLogWorker (SegmentedRaftLogWorker.java:<init>(187)) - new s0@group-C596DBC0762E-SegmentedRaftLogWorker for RaftStorageImpl:Storage Directory /home/runner/work/ratis/ratis/ratis-examples/target/test/data/6e6e5023/MiniRaftClusterWithNettya4857fb2/s0/1d4ddb65-0c33-4cad-9800-c596dbc0762e
2024-10-09 04:29:50,334 INFO  server.RaftServerConfigKeys (ConfUtils.java:logGet(46)) - raft.server.log.queue.byte-limit = 64MB (=67108864) (default)
2024-10-09 04:29:50,335 INFO  server.RaftServerConfigKeys (ConfUtils.java:logGet(46)) - raft.server.log.queue.element-limit = 4096 (default)
2024-10-09 04:29:50,335 INFO  server.RaftServerConfigKeys (ConfUtils.java:logGet(46)) - raft.server.log.segment.size.max = 32MB (=33554432) (default)
2024-10-09 04:29:50,335 INFO  server.RaftServerConfigKeys (ConfUtils.java:logGet(46)) - raft.server.log.preallocated.size = 4MB (=4194304) (default)
2024-10-09 04:29:50,335 INFO  server.RaftServerConfigKeys (ConfUtils.java:logGet(46)) - raft.server.log.force.sync.num = 128 (default)
2024-10-09 04:29:50,335 INFO  server.RaftServerConfigKeys (ConfUtils.java:logGet(46)) - raft.server.log.statemachine.data.sync = true (default)
2024-10-09 04:29:50,335 INFO  server.RaftServerConfigKeys (ConfUtils.java:logGet(46)) - raft.server.log.statemachine.data.sync.timeout = 10s (default)
2024-10-09 04:29:50,335 INFO  server.RaftServerConfigKeys (ConfUtils.java:logGet(46)) - raft.server.log.statemachine.data.sync.timeout.retry = -1 (default)
2024-10-09 04:29:50,335 INFO  server.RaftServerConfigKeys (ConfUtils.java:logGet(46)) - raft.server.log.write.buffer.size = 8MB (=8388608) (default)
2024-10-09 04:29:50,336 INFO  server.RaftServerConfigKeys (ConfUtils.java:logGet(46)) - raft.server.log.appender.buffer.byte-limit = 4MB (=4194304) (default)
2024-10-09 04:29:50,337 INFO  server.RaftServerConfigKeys (ConfUtils.java:logGet(46)) - raft.server.log.unsafe-flush.enabled = false (default)
2024-10-09 04:29:50,337 INFO  server.RaftServerConfigKeys (ConfUtils.java:logGet(46)) - raft.server.log.async-flush.enabled = false (default)
2024-10-09 04:29:50,337 INFO  server.RaftServerConfigKeys (ConfUtils.java:logGet(46)) - raft.server.log.statemachine.data.caching.enabled = false (default)
2024-10-09 04:29:50,337 INFO  segmented.SegmentedRaftLogWorker (SegmentedRaftLogWorker.java:lambda$new$0(138)) - s0@group-C596DBC0762E-SegmentedRaftLogWorker: flushIndex: setUnconditionally 0 -> -1
2024-10-09 04:29:50,337 INFO  segmented.SegmentedRaftLogWorker (SegmentedRaftLogWorker.java:lambda$new$0(138)) - s0@group-C596DBC0762E-SegmentedRaftLogWorker: safeCacheEvictIndex: setUnconditionally 0 -> -1
2024-10-09 04:29:50,337 INFO  server.RaftServer$Division (RaftServerImpl.java:start(392)) - s0@group-C596DBC0762E: start as a follower, conf=conf: {index: -1, cur=peers:[s10|0.0.0.0:15025, s0|0.0.0.0:15015, s1|0.0.0.0:15016]|listeners:[], old=null}
2024-10-09 04:29:50,337 INFO  server.RaftServer$Division (RaftServerImpl.java:setRole(379)) - s0@group-C596DBC0762E: changes role from      null to FOLLOWER at term 0 for startAsFollower
2024-10-09 04:29:50,337 INFO  impl.RoleInfo (RoleInfo.java:updateAndGet(148)) - s0: start s0@group-C596DBC0762E-FollowerState
2024-10-09 04:29:50,337 INFO  util.JmxRegister (JmxRegister.java:tryRegister(44)) - Successfully registered JMX Bean with object name Ratis:service=RaftServer,group=group-C596DBC0762E,id=s0
2024-10-09 04:29:50,337 INFO  server.RaftServerConfigKeys (ConfUtils.java:logFallback(53)) - raft.server.rpc.first-election.timeout.min = 300ms (fallback to raft.server.rpc.timeout.min)
2024-10-09 04:29:50,337 INFO  util.JmxRegister (JmxRegister.java:register(58)) - register mxBean class org.apache.ratis.server.impl.RaftServerJmxAdapter as Ratis:service=RaftServer,group=group-C596DBC0762E,id=s0
2024-10-09 04:29:50,338 INFO  server.RaftServerConfigKeys (ConfUtils.java:logFallback(53)) - raft.server.rpc.first-election.timeout.max = 600ms (fallback to raft.server.rpc.timeout.max)
2024-10-09 04:29:50,338 INFO  server.RaftServerConfigKeys (ConfUtils.java:logGet(46)) - raft.server.snapshot.trigger-when-stop.enabled = true (default)
2024-10-09 04:29:50,338 INFO  server.RaftServerConfigKeys (ConfUtils.java:logGet(46)) - raft.server.snapshot.trigger-when-remove.enabled = true (default)
2024-10-09 04:29:50,338 INFO  server.RaftServerConfigKeys (ConfUtils.java:logGet(46)) - raft.server.snapshot.auto.trigger.enabled = false (default)
2024-10-09 04:29:50,338 INFO  server.RaftServerConfigKeys (ConfUtils.java:logGet(46)) - raft.server.snapshot.retention.file.num = -1 (default)
2024-10-09 04:29:50,338 INFO  server.RaftServerConfigKeys (ConfUtils.java:logGet(46)) - raft.server.log.purge.upto.snapshot.index = false (default)
2024-10-09 04:29:50,352 INFO  netty.NettyUtils (NettyUtils.java:newEventLoopGroup(74)) - Create EpollEventLoopGroup for client-C8DB3839A4A4; Thread size is 0.
2024-10-09 04:29:50,354 INFO  logging.LoggingHandler (AbstractInternalLogger.java:log(148)) - [id: 0x6adfe881, L:/0.0.0.0:15016] READ: [id: 0xbb416d26, L:/127.0.0.1:15016 - R:/127.0.0.1:52448]
2024-10-09 04:29:50,354 INFO  logging.LoggingHandler (AbstractInternalLogger.java:log(148)) - [id: 0x6adfe881, L:/0.0.0.0:15016] READ COMPLETE
2024-10-09 04:29:50,355 INFO  server.RaftServer (RaftServerProxy.java:addNew(101)) - s1: addNew group-C596DBC0762E:[s10|0.0.0.0:15025, s0|0.0.0.0:15015, s1|0.0.0.0:15016] returns group-C596DBC0762E:java.util.concurrent.CompletableFuture@5914dc03[Not completed]
2024-10-09 04:29:50,355 INFO  server.RaftServer$Division (RaftServerImpl.java:<init>(256)) - s1: new RaftServerImpl for group-C596DBC0762E:[s10|0.0.0.0:15025, s0|0.0.0.0:15015, s1|0.0.0.0:15016] with ArithmeticStateMachine:uninitialized
2024-10-09 04:29:50,355 INFO  server.RaftServerConfigKeys (ConfUtils.java:logGet(46)) - raft.server.rpc.timeout.min = 300ms (custom)
2024-10-09 04:29:50,356 INFO  server.RaftServerConfigKeys (ConfUtils.java:logGet(46)) - raft.server.rpc.timeout.max = 600ms (custom)
2024-10-09 04:29:50,356 INFO  server.RaftServerConfigKeys (ConfUtils.java:logGet(46)) - raft.server.rpc.sleep.time = 25ms (default)
2024-10-09 04:29:50,356 INFO  server.RaftServerConfigKeys (ConfUtils.java:logGet(46)) - raft.server.rpc.slowness.timeout = 60s (default)
2024-10-09 04:29:50,356 INFO  server.RaftServerConfigKeys (ConfUtils.java:logGet(46)) - raft.server.leaderelection.leader.step-down.wait-time = 10s (default)
2024-10-09 04:29:50,356 INFO  server.RaftServerConfigKeys (ConfUtils.java:logGet(46)) - raft.server.leaderelection.member.majority-add = false (default)
2024-10-09 04:29:50,356 INFO  server.RaftServerConfigKeys (ConfUtils.java:logGet(46)) - raft.server.sleep.deviation.threshold = 300ms (default)
2024-10-09 04:29:50,356 INFO  server.RaftServer$Division (ServerState.java:<init>(114)) - s1@group-C596DBC0762E: ConfigurationManager, init=conf: {index: -1, cur=peers:[s10|0.0.0.0:15025, s0|0.0.0.0:15015, s1|0.0.0.0:15016]|listeners:[], old=null}, confs=<EMPTY_MAP>
2024-10-09 04:29:50,356 INFO  server.RaftServerConfigKeys (ConfUtils.java:logGet(46)) - raft.server.notification.no-leader.timeout = 60s (default)
2024-10-09 04:29:50,356 INFO  server.RaftServerConfigKeys (ConfUtils.java:logGet(46)) - raft.server.read.timeout = 10s (default)
2024-10-09 04:29:50,356 INFO  server.RaftServerConfigKeys (ConfUtils.java:logGet(46)) - raft.server.retrycache.expirytime = 60s (default)
2024-10-09 04:29:50,356 INFO  server.RaftServerConfigKeys (ConfUtils.java:logGet(46)) - raft.server.retrycache.statistics.expirytime = 100ms (default)
2024-10-09 04:29:50,356 INFO  server.RaftServerConfigKeys (ConfUtils.java:logGet(46)) - raft.server.read.option = DEFAULT (default)
2024-10-09 04:29:50,356 INFO  server.RaftServerConfigKeys (ConfUtils.java:logGet(46)) - raft.server.read.read-after-write-consistent.write-index-cache.expiry-time = 60s (default)
2024-10-09 04:29:50,357 INFO  server.RaftServerConfigKeys (ConfUtils.java:logGet(46)) - raft.server.rpc.request.timeout = 3000ms (default)
2024-10-09 04:29:50,357 INFO  server.RaftServerConfigKeys (ConfUtils.java:logGet(46)) - raft.server.log.appender.install.snapshot.enabled = true (default)
2024-10-09 04:29:50,357 INFO  server.RaftServerConfigKeys (ConfUtils.java:logGet(46)) - raft.server.threadpool.server.cached = true (default)
2024-10-09 04:29:50,357 INFO  server.RaftServerConfigKeys (ConfUtils.java:logGet(46)) - raft.server.threadpool.server.size = 0 (default)
2024-10-09 04:29:50,357 INFO  server.RaftServerConfigKeys (ConfUtils.java:logGet(46)) - raft.server.threadpool.client.cached = true (default)
2024-10-09 04:29:50,357 INFO  server.RaftServerConfigKeys (ConfUtils.java:logGet(46)) - raft.server.threadpool.client.size = 0 (default)
2024-10-09 04:29:50,357 INFO  server.RaftServerConfigKeys (ConfUtils.java:logGet(46)) - raft.server.storage.free-space.min = 0MB (=0) (default)
2024-10-09 04:29:50,357 INFO  server.RaftServerConfigKeys (ConfUtils.java:logGet(46)) - raft.server.log.corruption.policy = EXCEPTION (default)
2024-10-09 04:29:50,358 INFO  server.RaftServerConfigKeys (ConfUtils.java:logGet(46)) - raft.server.storage.dir = [/home/runner/work/ratis/ratis/ratis-examples/target/test/data/6e6e5023/MiniRaftClusterWithNettya4857fb2/s1] (custom)
2024-10-09 04:29:50,358 INFO  storage.RaftStorageDirectory (RaftStorageDirectoryImpl.java:analyzeStorage(138)) - The storage directory /home/runner/work/ratis/ratis/ratis-examples/target/test/data/6e6e5023/MiniRaftClusterWithNettya4857fb2/s1/1d4ddb65-0c33-4cad-9800-c596dbc0762e does not exist. Creating ...
2024-10-09 04:29:50,358 TRACE util.FileUtils (LogUtils.java:runAndLog(49)) - Successfully ran Files.createDirectories /home/runner/work/ratis/ratis/ratis-examples/target/test/data/6e6e5023/MiniRaftClusterWithNettya4857fb2/s1/1d4ddb65-0c33-4cad-9800-c596dbc0762e
2024-10-09 04:29:50,360 INFO  storage.RaftStorageDirectory (RaftStorageDirectoryImpl.java:tryLock(229)) - Lock on /home/runner/work/ratis/ratis/ratis-examples/target/test/data/6e6e5023/MiniRaftClusterWithNettya4857fb2/s1/1d4ddb65-0c33-4cad-9800-c596dbc0762e/in_use.lock acquired by nodename 14484@fv-az565-744
2024-10-09 04:29:50,360 TRACE util.FileUtils (LogUtils.java:runAndLog(49)) - Successfully ran Files.createDirectories /home/runner/work/ratis/ratis/ratis-examples/target/test/data/6e6e5023/MiniRaftClusterWithNettya4857fb2/s1/1d4ddb65-0c33-4cad-9800-c596dbc0762e/current
2024-10-09 04:29:50,360 TRACE util.FileUtils (LogUtils.java:runAndLog(49)) - Successfully ran Files.createDirectories /home/runner/work/ratis/ratis/ratis-examples/target/test/data/6e6e5023/MiniRaftClusterWithNettya4857fb2/s1/1d4ddb65-0c33-4cad-9800-c596dbc0762e/sm
2024-10-09 04:29:50,360 TRACE util.FileUtils (LogUtils.java:supplyAndLog(69)) - Successfully supplied FileChannel.open /home/runner/work/ratis/ratis/ratis-examples/target/test/data/6e6e5023/MiniRaftClusterWithNettya4857fb2/s1/1d4ddb65-0c33-4cad-9800-c596dbc0762e/current/raft-meta.tmp with options [CREATE, WRITE]: sun.nio.ch.FileChannelImpl@5fa948a8
2024-10-09 04:29:50,362 TRACE util.FileUtils (LogUtils.java:runAndLog(49)) - Successfully ran Atomic Files.move /home/runner/work/ratis/ratis/ratis-examples/target/test/data/6e6e5023/MiniRaftClusterWithNettya4857fb2/s1/1d4ddb65-0c33-4cad-9800-c596dbc0762e/current/raft-meta.tmp to /home/runner/work/ratis/ratis/ratis-examples/target/test/data/6e6e5023/MiniRaftClusterWithNettya4857fb2/s1/1d4ddb65-0c33-4cad-9800-c596dbc0762e/current/raft-meta with options [REPLACE_EXISTING]
2024-10-09 04:29:50,362 INFO  storage.RaftStorage (RaftStorageImpl.java:format(98)) - Storage directory /home/runner/work/ratis/ratis/ratis-examples/target/test/data/6e6e5023/MiniRaftClusterWithNettya4857fb2/s1/1d4ddb65-0c33-4cad-9800-c596dbc0762e has been successfully formatted.
2024-10-09 04:29:50,362 WARN  statemachine.StateMachine (ArithmeticStateMachine.java:loadSnapshot(115)) - The snapshot info is null.
2024-10-09 04:29:50,362 INFO  server.RaftServerConfigKeys (ConfUtils.java:logGet(46)) - raft.server.log.use.memory = false (default)
2024-10-09 04:29:50,362 INFO  server.RaftServerConfigKeys (ConfUtils.java:logGet(46)) - raft.server.log.purge.gap = 1024 (default)
2024-10-09 04:29:50,362 INFO  server.RaftServerConfigKeys (ConfUtils.java:logGet(46)) - raft.server.log.appender.buffer.byte-limit = 4MB (=4194304) (default)
2024-10-09 04:29:50,362 INFO  server.RaftServerConfigKeys (ConfUtils.java:logGet(46)) - raft.server.log.statemachine.data.read.timeout = 1000ms (default)
2024-10-09 04:29:50,362 INFO  server.RaftServerConfigKeys (ConfUtils.java:logGet(46)) - raft.server.log.purge.preservation.log.num = 0 (default)
2024-10-09 04:29:50,363 INFO  server.RaftServerConfigKeys (ConfUtils.java:logGet(46)) - raft.server.log.segment.size.max = 32MB (=33554432) (default)
2024-10-09 04:29:50,363 INFO  server.RaftServerConfigKeys (ConfUtils.java:logGet(46)) - raft.server.log.segment.cache.num.max = 6 (default)
2024-10-09 04:29:50,363 INFO  server.RaftServerConfigKeys (ConfUtils.java:logGet(46)) - raft.server.log.segment.cache.size.max = 200MB (=209715200) (default)
2024-10-09 04:29:50,363 INFO  server.RaftServerConfigKeys (ConfUtils.java:logGet(46)) - raft.server.log.appender.buffer.byte-limit = 4MB (=4194304) (default)
2024-10-09 04:29:50,363 INFO  util.AwaitToRun (AwaitToRun.java:start(81)) - Thread[s1@group-C596DBC0762E-cacheEviction-AwaitToRun,5,main] started
2024-10-09 04:29:50,363 INFO  segmented.SegmentedRaftLogWorker (SegmentedRaftLogWorker.java:<init>(187)) - new s1@group-C596DBC0762E-SegmentedRaftLogWorker for RaftStorageImpl:Storage Directory /home/runner/work/ratis/ratis/ratis-examples/target/test/data/6e6e5023/MiniRaftClusterWithNettya4857fb2/s1/1d4ddb65-0c33-4cad-9800-c596dbc0762e
2024-10-09 04:29:50,363 INFO  server.RaftServerConfigKeys (ConfUtils.java:logGet(46)) - raft.server.log.queue.byte-limit = 64MB (=67108864) (default)
2024-10-09 04:29:50,363 INFO  server.RaftServerConfigKeys (ConfUtils.java:logGet(46)) - raft.server.log.queue.element-limit = 4096 (default)
2024-10-09 04:29:50,363 INFO  server.RaftServerConfigKeys (ConfUtils.java:logGet(46)) - raft.server.log.segment.size.max = 32MB (=33554432) (default)
2024-10-09 04:29:50,364 INFO  server.RaftServerConfigKeys (ConfUtils.java:logGet(46)) - raft.server.log.preallocated.size = 4MB (=4194304) (default)
2024-10-09 04:29:50,364 INFO  server.RaftServerConfigKeys (ConfUtils.java:logGet(46)) - raft.server.log.force.sync.num = 128 (default)
2024-10-09 04:29:50,364 INFO  server.RaftServerConfigKeys (ConfUtils.java:logGet(46)) - raft.server.log.statemachine.data.sync = true (default)
2024-10-09 04:29:50,364 INFO  server.RaftServerConfigKeys (ConfUtils.java:logGet(46)) - raft.server.log.statemachine.data.sync.timeout = 10s (default)
2024-10-09 04:29:50,364 INFO  server.RaftServerConfigKeys (ConfUtils.java:logGet(46)) - raft.server.log.statemachine.data.sync.timeout.retry = -1 (default)
2024-10-09 04:29:50,364 INFO  server.RaftServerConfigKeys (ConfUtils.java:logGet(46)) - raft.server.log.write.buffer.size = 8MB (=8388608) (default)
2024-10-09 04:29:50,366 INFO  server.RaftServerConfigKeys (ConfUtils.java:logGet(46)) - raft.server.log.appender.buffer.byte-limit = 4MB (=4194304) (default)
2024-10-09 04:29:50,366 INFO  server.RaftServerConfigKeys (ConfUtils.java:logGet(46)) - raft.server.log.unsafe-flush.enabled = false (default)
2024-10-09 04:29:50,366 INFO  server.RaftServerConfigKeys (ConfUtils.java:logGet(46)) - raft.server.log.async-flush.enabled = false (default)
2024-10-09 04:29:50,366 INFO  server.RaftServerConfigKeys (ConfUtils.java:logGet(46)) - raft.server.log.statemachine.data.caching.enabled = false (default)
2024-10-09 04:29:50,366 INFO  segmented.SegmentedRaftLogWorker (SegmentedRaftLogWorker.java:lambda$new$0(138)) - s1@group-C596DBC0762E-SegmentedRaftLogWorker: flushIndex: setUnconditionally 0 -> -1
2024-10-09 04:29:50,366 INFO  segmented.SegmentedRaftLogWorker (SegmentedRaftLogWorker.java:lambda$new$0(138)) - s1@group-C596DBC0762E-SegmentedRaftLogWorker: safeCacheEvictIndex: setUnconditionally 0 -> -1
2024-10-09 04:29:50,367 INFO  server.RaftServer$Division (RaftServerImpl.java:start(392)) - s1@group-C596DBC0762E: start as a follower, conf=conf: {index: -1, cur=peers:[s10|0.0.0.0:15025, s0|0.0.0.0:15015, s1|0.0.0.0:15016]|listeners:[], old=null}
2024-10-09 04:29:50,367 INFO  server.RaftServer$Division (RaftServerImpl.java:setRole(379)) - s1@group-C596DBC0762E: changes role from      null to FOLLOWER at term 0 for startAsFollower
2024-10-09 04:29:50,367 INFO  impl.RoleInfo (RoleInfo.java:updateAndGet(148)) - s1: start s1@group-C596DBC0762E-FollowerState
2024-10-09 04:29:50,367 INFO  server.RaftServerConfigKeys (ConfUtils.java:logFallback(53)) - raft.server.rpc.first-election.timeout.min = 300ms (fallback to raft.server.rpc.timeout.min)
2024-10-09 04:29:50,367 INFO  server.RaftServerConfigKeys (ConfUtils.java:logFallback(53)) - raft.server.rpc.first-election.timeout.max = 600ms (fallback to raft.server.rpc.timeout.max)
2024-10-09 04:29:50,367 INFO  util.JmxRegister (JmxRegister.java:tryRegister(44)) - Successfully registered JMX Bean with object name Ratis:service=RaftServer,group=group-C596DBC0762E,id=s1
2024-10-09 04:29:50,367 INFO  util.JmxRegister (JmxRegister.java:register(58)) - register mxBean class org.apache.ratis.server.impl.RaftServerJmxAdapter as Ratis:service=RaftServer,group=group-C596DBC0762E,id=s1
2024-10-09 04:29:50,367 INFO  server.RaftServerConfigKeys (ConfUtils.java:logGet(46)) - raft.server.snapshot.trigger-when-stop.enabled = true (default)
2024-10-09 04:29:50,367 INFO  server.RaftServerConfigKeys (ConfUtils.java:logGet(46)) - raft.server.snapshot.trigger-when-remove.enabled = true (default)
2024-10-09 04:29:50,368 INFO  server.RaftServerConfigKeys (ConfUtils.java:logGet(46)) - raft.server.snapshot.auto.trigger.enabled = false (default)
2024-10-09 04:29:50,368 INFO  server.RaftServerConfigKeys (ConfUtils.java:logGet(46)) - raft.server.snapshot.retention.file.num = -1 (default)
2024-10-09 04:29:50,368 INFO  server.RaftServerConfigKeys (ConfUtils.java:logGet(46)) - raft.server.log.purge.upto.snapshot.index = false (default)
2024-10-09 04:29:50,377 INFO  netty.NettyUtils (NettyUtils.java:newEventLoopGroup(74)) - Create EpollEventLoopGroup for client-4B38934FE364; Thread size is 0.
2024-10-09 04:29:50,380 INFO  logging.LoggingHandler (AbstractInternalLogger.java:log(148)) - [id: 0x8c4b54da, L:/0.0.0.0:15025] READ: [id: 0xe75be16e, L:/127.0.0.1:15025 - R:/127.0.0.1:57464]
2024-10-09 04:29:50,382 INFO  logging.LoggingHandler (AbstractInternalLogger.java:log(148)) - [id: 0x8c4b54da, L:/0.0.0.0:15025] READ COMPLETE
2024-10-09 04:29:50,383 INFO  server.RaftServer (RaftServerProxy.java:addNew(101)) - s10: addNew group-C596DBC0762E:[s10|0.0.0.0:15025, s0|0.0.0.0:15015, s1|0.0.0.0:15016] returns group-C596DBC0762E:java.util.concurrent.CompletableFuture@5abae897[Not completed]
2024-10-09 04:29:50,383 INFO  server.RaftServer$Division (RaftServerImpl.java:<init>(256)) - s10: new RaftServerImpl for group-C596DBC0762E:[s10|0.0.0.0:15025, s0|0.0.0.0:15015, s1|0.0.0.0:15016] with ArithmeticStateMachine:uninitialized
2024-10-09 04:29:50,383 INFO  server.RaftServerConfigKeys (ConfUtils.java:logGet(46)) - raft.server.rpc.timeout.min = 300ms (custom)
2024-10-09 04:29:50,384 INFO  server.RaftServerConfigKeys (ConfUtils.java:logGet(46)) - raft.server.rpc.timeout.max = 600ms (custom)
2024-10-09 04:29:50,384 INFO  server.RaftServerConfigKeys (ConfUtils.java:logGet(46)) - raft.server.rpc.sleep.time = 25ms (default)
2024-10-09 04:29:50,384 INFO  server.RaftServerConfigKeys (ConfUtils.java:logGet(46)) - raft.server.rpc.slowness.timeout = 60s (default)
2024-10-09 04:29:50,384 INFO  server.RaftServerConfigKeys (ConfUtils.java:logGet(46)) - raft.server.leaderelection.leader.step-down.wait-time = 10s (default)
2024-10-09 04:29:50,384 INFO  server.RaftServerConfigKeys (ConfUtils.java:logGet(46)) - raft.server.leaderelection.member.majority-add = false (default)
2024-10-09 04:29:50,384 INFO  server.RaftServerConfigKeys (ConfUtils.java:logGet(46)) - raft.server.sleep.deviation.threshold = 300ms (default)
2024-10-09 04:29:50,384 INFO  server.RaftServer$Division (ServerState.java:<init>(114)) - s10@group-C596DBC0762E: ConfigurationManager, init=conf: {index: -1, cur=peers:[s10|0.0.0.0:15025, s0|0.0.0.0:15015, s1|0.0.0.0:15016]|listeners:[], old=null}, confs=<EMPTY_MAP>
2024-10-09 04:29:50,384 INFO  server.RaftServerConfigKeys (ConfUtils.java:logGet(46)) - raft.server.notification.no-leader.timeout = 60s (default)
2024-10-09 04:29:50,384 INFO  server.RaftServerConfigKeys (ConfUtils.java:logGet(46)) - raft.server.read.timeout = 10s (default)
2024-10-09 04:29:50,384 INFO  server.RaftServerConfigKeys (ConfUtils.java:logGet(46)) - raft.server.retrycache.expirytime = 60s (default)
2024-10-09 04:29:50,384 INFO  server.RaftServerConfigKeys (ConfUtils.java:logGet(46)) - raft.server.retrycache.statistics.expirytime = 100ms (default)
2024-10-09 04:29:50,384 INFO  server.RaftServerConfigKeys (ConfUtils.java:logGet(46)) - raft.server.read.option = DEFAULT (default)
2024-10-09 04:29:50,384 INFO  server.RaftServerConfigKeys (ConfUtils.java:logGet(46)) - raft.server.read.read-after-write-consistent.write-index-cache.expiry-time = 60s (default)
2024-10-09 04:29:50,384 INFO  server.RaftServerConfigKeys (ConfUtils.java:logGet(46)) - raft.server.rpc.request.timeout = 3000ms (default)
2024-10-09 04:29:50,385 INFO  server.RaftServerConfigKeys (ConfUtils.java:logGet(46)) - raft.server.log.appender.install.snapshot.enabled = true (default)
2024-10-09 04:29:50,385 INFO  server.RaftServerConfigKeys (ConfUtils.java:logGet(46)) - raft.server.threadpool.server.cached = true (default)
2024-10-09 04:29:50,385 INFO  server.RaftServerConfigKeys (ConfUtils.java:logGet(46)) - raft.server.threadpool.server.size = 0 (default)
2024-10-09 04:29:50,385 INFO  server.RaftServerConfigKeys (ConfUtils.java:logGet(46)) - raft.server.threadpool.client.cached = true (default)
2024-10-09 04:29:50,385 INFO  server.RaftServerConfigKeys (ConfUtils.java:logGet(46)) - raft.server.threadpool.client.size = 0 (default)
2024-10-09 04:29:50,385 INFO  server.RaftServerConfigKeys (ConfUtils.java:logGet(46)) - raft.server.storage.free-space.min = 0MB (=0) (default)
2024-10-09 04:29:50,385 INFO  server.RaftServerConfigKeys (ConfUtils.java:logGet(46)) - raft.server.log.corruption.policy = EXCEPTION (default)
2024-10-09 04:29:50,385 INFO  server.RaftServerConfigKeys (ConfUtils.java:logGet(46)) - raft.server.storage.dir = [/home/runner/work/ratis/ratis/ratis-examples/target/test/data/6e6e5023/MiniRaftClusterWithNettya4857fb2/s10] (custom)
2024-10-09 04:29:50,385 INFO  storage.RaftStorageDirectory (RaftStorageDirectoryImpl.java:analyzeStorage(138)) - The storage directory /home/runner/work/ratis/ratis/ratis-examples/target/test/data/6e6e5023/MiniRaftClusterWithNettya4857fb2/s10/1d4ddb65-0c33-4cad-9800-c596dbc0762e does not exist. Creating ...
2024-10-09 04:29:50,385 TRACE util.FileUtils (LogUtils.java:runAndLog(49)) - Successfully ran Files.createDirectories /home/runner/work/ratis/ratis/ratis-examples/target/test/data/6e6e5023/MiniRaftClusterWithNettya4857fb2/s10/1d4ddb65-0c33-4cad-9800-c596dbc0762e
2024-10-09 04:29:50,386 INFO  storage.RaftStorageDirectory (RaftStorageDirectoryImpl.java:tryLock(229)) - Lock on /home/runner/work/ratis/ratis/ratis-examples/target/test/data/6e6e5023/MiniRaftClusterWithNettya4857fb2/s10/1d4ddb65-0c33-4cad-9800-c596dbc0762e/in_use.lock acquired by nodename 14484@fv-az565-744
2024-10-09 04:29:50,387 TRACE util.FileUtils (LogUtils.java:runAndLog(49)) - Successfully ran Files.createDirectories /home/runner/work/ratis/ratis/ratis-examples/target/test/data/6e6e5023/MiniRaftClusterWithNettya4857fb2/s10/1d4ddb65-0c33-4cad-9800-c596dbc0762e/current
2024-10-09 04:29:50,387 TRACE util.FileUtils (LogUtils.java:runAndLog(49)) - Successfully ran Files.createDirectories /home/runner/work/ratis/ratis/ratis-examples/target/test/data/6e6e5023/MiniRaftClusterWithNettya4857fb2/s10/1d4ddb65-0c33-4cad-9800-c596dbc0762e/sm
2024-10-09 04:29:50,387 TRACE util.FileUtils (LogUtils.java:supplyAndLog(69)) - Successfully supplied FileChannel.open /home/runner/work/ratis/ratis/ratis-examples/target/test/data/6e6e5023/MiniRaftClusterWithNettya4857fb2/s10/1d4ddb65-0c33-4cad-9800-c596dbc0762e/current/raft-meta.tmp with options [CREATE, WRITE]: sun.nio.ch.FileChannelImpl@7a3dc84d
2024-10-09 04:29:50,388 TRACE util.FileUtils (LogUtils.java:runAndLog(49)) - Successfully ran Atomic Files.move /home/runner/work/ratis/ratis/ratis-examples/target/test/data/6e6e5023/MiniRaftClusterWithNettya4857fb2/s10/1d4ddb65-0c33-4cad-9800-c596dbc0762e/current/raft-meta.tmp to /home/runner/work/ratis/ratis/ratis-examples/target/test/data/6e6e5023/MiniRaftClusterWithNettya4857fb2/s10/1d4ddb65-0c33-4cad-9800-c596dbc0762e/current/raft-meta with options [REPLACE_EXISTING]
2024-10-09 04:29:50,388 INFO  storage.RaftStorage (RaftStorageImpl.java:format(98)) - Storage directory /home/runner/work/ratis/ratis/ratis-examples/target/test/data/6e6e5023/MiniRaftClusterWithNettya4857fb2/s10/1d4ddb65-0c33-4cad-9800-c596dbc0762e has been successfully formatted.
2024-10-09 04:29:50,388 WARN  statemachine.StateMachine (ArithmeticStateMachine.java:loadSnapshot(115)) - The snapshot info is null.
2024-10-09 04:29:50,388 INFO  server.RaftServerConfigKeys (ConfUtils.java:logGet(46)) - raft.server.log.use.memory = false (default)
2024-10-09 04:29:50,388 INFO  server.RaftServerConfigKeys (ConfUtils.java:logGet(46)) - raft.server.log.purge.gap = 1024 (default)
2024-10-09 04:29:50,388 INFO  server.RaftServerConfigKeys (ConfUtils.java:logGet(46)) - raft.server.log.appender.buffer.byte-limit = 4MB (=4194304) (default)
2024-10-09 04:29:50,388 INFO  server.RaftServerConfigKeys (ConfUtils.java:logGet(46)) - raft.server.log.statemachine.data.read.timeout = 1000ms (default)
2024-10-09 04:29:50,388 INFO  server.RaftServerConfigKeys (ConfUtils.java:logGet(46)) - raft.server.log.purge.preservation.log.num = 0 (default)
2024-10-09 04:29:50,389 INFO  server.RaftServerConfigKeys (ConfUtils.java:logGet(46)) - raft.server.log.segment.size.max = 32MB (=33554432) (default)
2024-10-09 04:29:50,389 INFO  server.RaftServerConfigKeys (ConfUtils.java:logGet(46)) - raft.server.log.segment.cache.num.max = 6 (default)
2024-10-09 04:29:50,389 INFO  server.RaftServerConfigKeys (ConfUtils.java:logGet(46)) - raft.server.log.segment.cache.size.max = 200MB (=209715200) (default)
2024-10-09 04:29:50,389 INFO  server.RaftServerConfigKeys (ConfUtils.java:logGet(46)) - raft.server.log.appender.buffer.byte-limit = 4MB (=4194304) (default)
2024-10-09 04:29:50,389 INFO  util.AwaitToRun (AwaitToRun.java:start(81)) - Thread[s10@group-C596DBC0762E-cacheEviction-AwaitToRun,5,main] started
2024-10-09 04:29:50,389 INFO  segmented.SegmentedRaftLogWorker (SegmentedRaftLogWorker.java:<init>(187)) - new s10@group-C596DBC0762E-SegmentedRaftLogWorker for RaftStorageImpl:Storage Directory /home/runner/work/ratis/ratis/ratis-examples/target/test/data/6e6e5023/MiniRaftClusterWithNettya4857fb2/s10/1d4ddb65-0c33-4cad-9800-c596dbc0762e
2024-10-09 04:29:50,389 INFO  server.RaftServerConfigKeys (ConfUtils.java:logGet(46)) - raft.server.log.queue.byte-limit = 64MB (=67108864) (default)
2024-10-09 04:29:50,389 INFO  server.RaftServerConfigKeys (ConfUtils.java:logGet(46)) - raft.server.log.queue.element-limit = 4096 (default)
2024-10-09 04:29:50,389 INFO  server.RaftServerConfigKeys (ConfUtils.java:logGet(46)) - raft.server.log.segment.size.max = 32MB (=33554432) (default)
2024-10-09 04:29:50,389 INFO  server.RaftServerConfigKeys (ConfUtils.java:logGet(46)) - raft.server.log.preallocated.size = 4MB (=4194304) (default)
2024-10-09 04:29:50,389 INFO  server.RaftServerConfigKeys (ConfUtils.java:logGet(46)) - raft.server.log.force.sync.num = 128 (default)
2024-10-09 04:29:50,389 INFO  server.RaftServerConfigKeys (ConfUtils.java:logGet(46)) - raft.server.log.statemachine.data.sync = true (default)
2024-10-09 04:29:50,389 INFO  server.RaftServerConfigKeys (ConfUtils.java:logGet(46)) - raft.server.log.statemachine.data.sync.timeout = 10s (default)
2024-10-09 04:29:50,389 INFO  server.RaftServerConfigKeys (ConfUtils.java:logGet(46)) - raft.server.log.statemachine.data.sync.timeout.retry = -1 (default)
2024-10-09 04:29:50,389 INFO  server.RaftServerConfigKeys (ConfUtils.java:logGet(46)) - raft.server.log.write.buffer.size = 8MB (=8388608) (default)
2024-10-09 04:29:50,390 INFO  server.RaftServerConfigKeys (ConfUtils.java:logGet(46)) - raft.server.log.appender.buffer.byte-limit = 4MB (=4194304) (default)
2024-10-09 04:29:50,390 INFO  server.RaftServerConfigKeys (ConfUtils.java:logGet(46)) - raft.server.log.unsafe-flush.enabled = false (default)
2024-10-09 04:29:50,390 INFO  server.RaftServerConfigKeys (ConfUtils.java:logGet(46)) - raft.server.log.async-flush.enabled = false (default)
2024-10-09 04:29:50,390 INFO  server.RaftServerConfigKeys (ConfUtils.java:logGet(46)) - raft.server.log.statemachine.data.caching.enabled = false (default)
2024-10-09 04:29:50,390 INFO  segmented.SegmentedRaftLogWorker (SegmentedRaftLogWorker.java:lambda$new$0(138)) - s10@group-C596DBC0762E-SegmentedRaftLogWorker: flushIndex: setUnconditionally 0 -> -1
2024-10-09 04:29:50,390 INFO  segmented.SegmentedRaftLogWorker (SegmentedRaftLogWorker.java:lambda$new$0(138)) - s10@group-C596DBC0762E-SegmentedRaftLogWorker: safeCacheEvictIndex: setUnconditionally 0 -> -1
2024-10-09 04:29:50,390 INFO  server.RaftServer$Division (RaftServerImpl.java:start(392)) - s10@group-C596DBC0762E: start as a follower, conf=conf: {index: -1, cur=peers:[s10|0.0.0.0:15025, s0|0.0.0.0:15015, s1|0.0.0.0:15016]|listeners:[], old=null}
2024-10-09 04:29:50,390 INFO  server.RaftServer$Division (RaftServerImpl.java:setRole(379)) - s10@group-C596DBC0762E: changes role from      null to FOLLOWER at term 0 for startAsFollower
2024-10-09 04:29:50,390 INFO  impl.RoleInfo (RoleInfo.java:updateAndGet(148)) - s10: start s10@group-C596DBC0762E-FollowerState
2024-10-09 04:29:50,391 INFO  util.JmxRegister (JmxRegister.java:tryRegister(44)) - Successfully registered JMX Bean with object name Ratis:service=RaftServer,group=group-C596DBC0762E,id=s10
2024-10-09 04:29:50,391 INFO  util.JmxRegister (JmxRegister.java:register(58)) - register mxBean class org.apache.ratis.server.impl.RaftServerJmxAdapter as Ratis:service=RaftServer,group=group-C596DBC0762E,id=s10
2024-10-09 04:29:50,391 INFO  server.RaftServerConfigKeys (ConfUtils.java:logFallback(53)) - raft.server.rpc.first-election.timeout.min = 300ms (fallback to raft.server.rpc.timeout.min)
2024-10-09 04:29:50,391 INFO  server.RaftServerConfigKeys (ConfUtils.java:logGet(46)) - raft.server.snapshot.trigger-when-stop.enabled = true (default)
2024-10-09 04:29:50,391 INFO  server.RaftServerConfigKeys (ConfUtils.java:logFallback(53)) - raft.server.rpc.first-election.timeout.max = 600ms (fallback to raft.server.rpc.timeout.max)
2024-10-09 04:29:50,391 INFO  server.RaftServerConfigKeys (ConfUtils.java:logGet(46)) - raft.server.snapshot.trigger-when-remove.enabled = true (default)
2024-10-09 04:29:50,391 INFO  server.RaftServerConfigKeys (ConfUtils.java:logGet(46)) - raft.server.snapshot.auto.trigger.enabled = false (default)
2024-10-09 04:29:50,391 INFO  server.RaftServerConfigKeys (ConfUtils.java:logGet(46)) - raft.server.snapshot.retention.file.num = -1 (default)
2024-10-09 04:29:50,391 INFO  server.RaftServerConfigKeys (ConfUtils.java:logGet(46)) - raft.server.log.purge.upto.snapshot.index = false (default)
2024-10-09 04:29:50,400 INFO  server.RaftServerConfigKeys (ConfUtils.java:logGet(46)) - raft.server.rpc.timeout.max = 600ms (custom)
2024-10-09 04:29:50,400 INFO  ratis.RaftTestUtil (RaftTestUtil.java:waitForLeader(107)) - printing group-C596DBC0762E
  s10:  RUNNING [
   FOLLOWER s10@group-DA40570646C7:t0, leader=null, voted=, raftlog=Memoized:s10@group-DA40570646C7-SegmentedRaftLog:OPENED:c-1:lastnull, conf=conf: {index: -1, cur=peers:[]|listeners:[], old=null} STARTING
   FOLLOWER s10@group-C596DBC0762E:t0, leader=null, voted=, raftlog=Memoized:s10@group-C596DBC0762E-SegmentedRaftLog:OPENED:c-1:lastnull, conf=conf: {index: -1, cur=peers:[s10|0.0.0.0:15025, s0|0.0.0.0:15015, s1|0.0.0.0:15016]|listeners:[], old=null} RUNNING] size=2
  s0:  RUNNING [
   FOLLOWER s0@group-DA40570646C7:t0, leader=null, voted=, raftlog=Memoized:s0@group-DA40570646C7-SegmentedRaftLog:OPENED:c-1:lastnull, conf=conf: {index: -1, cur=peers:[]|listeners:[], old=null} STARTING
   FOLLOWER s0@group-C596DBC0762E:t0, leader=null, voted=, raftlog=Memoized:s0@group-C596DBC0762E-SegmentedRaftLog:OPENED:c-1:lastnull, conf=conf: {index: -1, cur=peers:[s10|0.0.0.0:15025, s0|0.0.0.0:15015, s1|0.0.0.0:15016]|listeners:[], old=null} RUNNING] size=2
  s1:  RUNNING [
   FOLLOWER s1@group-DA40570646C7:t0, leader=null, voted=, raftlog=Memoized:s1@group-DA40570646C7-SegmentedRaftLog:OPENED:c-1:lastnull, conf=conf: {index: -1, cur=peers:[]|listeners:[], old=null} STARTING
   FOLLOWER s1@group-C596DBC0762E:t0, leader=null, voted=, raftlog=Memoized:s1@group-C596DBC0762E-SegmentedRaftLog:OPENED:c-1:lastnull, conf=conf: {index: -1, cur=peers:[s10|0.0.0.0:15025, s0|0.0.0.0:15015, s1|0.0.0.0:15016]|listeners:[], old=null} RUNNING] size=2
2024-10-09 04:29:50,401 WARN  ratis.RaftTestUtil (RaftTestUtil.java:lambda$waitForLeader$3(126)) - Attempt #1 failed: java.lang.IllegalStateException: No leader yet  for group-C596DBC0762E: printing group-C596DBC0762E
  s10:  RUNNING [
   FOLLOWER s10@group-DA40570646C7:t0, leader=null, voted=, raftlog=Memoized:s10@group-DA40570646C7-SegmentedRaftLog:OPENED:c-1:lastnull, conf=conf: {index: -1, cur=peers:[]|listeners:[], old=null} STARTING
   FOLLOWER s10@group-C596DBC0762E:t0, leader=null, voted=, raftlog=Memoized:s10@group-C596DBC0762E-SegmentedRaftLog:OPENED:c-1:lastnull, conf=conf: {index: -1, cur=peers:[s10|0.0.0.0:15025, s0|0.0.0.0:15015, s1|0.0.0.0:15016]|listeners:[], old=null} RUNNING] size=2
  s0:  RUNNING [
   FOLLOWER s0@group-DA40570646C7:t0, leader=null, voted=, raftlog=Memoized:s0@group-DA40570646C7-SegmentedRaftLog:OPENED:c-1:lastnull, conf=conf: {index: -1, cur=peers:[]|listeners:[], old=null} STARTING
   FOLLOWER s0@group-C596DBC0762E:t0, leader=null, voted=, raftlog=Memoized:s0@group-C596DBC0762E-SegmentedRaftLog:OPENED:c-1:lastnull, conf=conf: {index: -1, cur=peers:[s10|0.0.0.0:15025, s0|0.0.0.0:15015, s1|0.0.0.0:15016]|listeners:[], old=null} RUNNING] size=2
  s1:  RUNNING [
   FOLLOWER s1@group-DA40570646C7:t0, leader=null, voted=, raftlog=Memoized:s1@group-DA40570646C7-SegmentedRaftLog:OPENED:c-1:lastnull, conf=conf: {index: -1, cur=peers:[]|listeners:[], old=null} STARTING
   FOLLOWER s1@group-C596DBC0762E:t0, leader=null, voted=, raftlog=Memoized:s1@group-C596DBC0762E-SegmentedRaftLog:OPENED:c-1:lastnull, conf=conf: {index: -1, cur=peers:[s10|0.0.0.0:15025, s0|0.0.0.0:15015, s1|0.0.0.0:15016]|listeners:[], old=null} RUNNING] size=2
2024-10-09 04:29:50,662 INFO  impl.FollowerState (FollowerState.java:runImpl(156)) - s0@group-C596DBC0762E-FollowerState: change to CANDIDATE, lastRpcElapsedTime:324545659ns, electionTimeout:324ms
2024-10-09 04:29:50,662 INFO  impl.RoleInfo (RoleInfo.java:shutdownFollowerState(121)) - s0: shutdown s0@group-C596DBC0762E-FollowerState
2024-10-09 04:29:50,662 INFO  server.RaftServer$Division (RaftServerImpl.java:setRole(379)) - s0@group-C596DBC0762E: changes role from  FOLLOWER to CANDIDATE at term 0 for changeToCandidate
2024-10-09 04:29:50,662 INFO  server.RaftServerConfigKeys (ConfUtils.java:logGet(46)) - raft.server.leaderelection.pre-vote = true (default)
2024-10-09 04:29:50,662 INFO  impl.RoleInfo (RoleInfo.java:updateAndGet(148)) - s0: start s0@group-C596DBC0762E-LeaderElection23
2024-10-09 04:29:50,662 INFO  impl.LeaderElection (LeaderElection.java:askForVotes(337)) - s0@group-C596DBC0762E-LeaderElection23 PRE_VOTE round 0: submit vote requests at term 0 for conf: {index: -1, cur=peers:[s10|0.0.0.0:15025, s0|0.0.0.0:15015, s1|0.0.0.0:15016]|listeners:[], old=null}
2024-10-09 04:29:50,663 INFO  server.RaftServerConfigKeys (ConfUtils.java:logFallback(53)) - raft.server.rpc.first-election.timeout.min = 300ms (fallback to raft.server.rpc.timeout.min)
2024-10-09 04:29:50,663 INFO  server.RaftServerConfigKeys (ConfUtils.java:logFallback(53)) - raft.server.rpc.first-election.timeout.max = 600ms (fallback to raft.server.rpc.timeout.max)
2024-10-09 04:29:50,665 INFO  logging.LoggingHandler (AbstractInternalLogger.java:log(148)) - [id: 0x8c4b54da, L:/0.0.0.0:15025] READ: [id: 0xaf3d9298, L:/127.0.0.1:15025 - R:/127.0.0.1:57466]
2024-10-09 04:29:50,665 INFO  logging.LoggingHandler (AbstractInternalLogger.java:log(148)) - [id: 0x6adfe881, L:/0.0.0.0:15016] READ: [id: 0x19749dfe, L:/127.0.0.1:15016 - R:/127.0.0.1:52456]
2024-10-09 04:29:50,666 INFO  logging.LoggingHandler (AbstractInternalLogger.java:log(148)) - [id: 0x8c4b54da, L:/0.0.0.0:15025] READ COMPLETE
2024-10-09 04:29:50,666 INFO  logging.LoggingHandler (AbstractInternalLogger.java:log(148)) - [id: 0x6adfe881, L:/0.0.0.0:15016] READ COMPLETE
2024-10-09 04:29:50,666 INFO  server.RaftServer$Division (RaftServerImpl.java:requestVote(1443)) - s10@group-C596DBC0762E: receive requestVote(PRE_VOTE, s0, group-C596DBC0762E, 0, (t:0, i:0))
2024-10-09 04:29:50,666 INFO  impl.VoteContext (VoteContext.java:log(49)) - s10@group-C596DBC0762E-FOLLOWER: accept PRE_VOTE from s0: our priority 0 <= candidate's priority 0
2024-10-09 04:29:50,667 INFO  server.RaftServer$Division (RaftServerImpl.java:requestVote(1476)) - s10@group-C596DBC0762E replies to PRE_VOTE vote request: s0<-s10#0:OK-t0. Peer's state: s10@group-C596DBC0762E:t0, leader=null, voted=, raftlog=Memoized:s10@group-C596DBC0762E-SegmentedRaftLog:OPENED:c-1:lastnull, conf=conf: {index: -1, cur=peers:[s10|0.0.0.0:15025, s0|0.0.0.0:15015, s1|0.0.0.0:15016]|listeners:[], old=null}
2024-10-09 04:29:50,671 INFO  server.RaftServer$Division (RaftServerImpl.java:requestVote(1443)) - s1@group-C596DBC0762E: receive requestVote(PRE_VOTE, s0, group-C596DBC0762E, 0, (t:0, i:0))
2024-10-09 04:29:50,671 INFO  impl.VoteContext (VoteContext.java:log(49)) - s1@group-C596DBC0762E-FOLLOWER: accept PRE_VOTE from s0: our priority 0 <= candidate's priority 0
2024-10-09 04:29:50,671 INFO  server.RaftServer$Division (RaftServerImpl.java:requestVote(1476)) - s1@group-C596DBC0762E replies to PRE_VOTE vote request: s0<-s1#0:OK-t0. Peer's state: s1@group-C596DBC0762E:t0, leader=null, voted=, raftlog=Memoized:s1@group-C596DBC0762E-SegmentedRaftLog:OPENED:c-1:lastnull, conf=conf: {index: -1, cur=peers:[s10|0.0.0.0:15025, s0|0.0.0.0:15015, s1|0.0.0.0:15016]|listeners:[], old=null}
2024-10-09 04:29:50,672 INFO  impl.LeaderElection (LeaderElection.java:logAndReturn(90)) - s0@group-C596DBC0762E-LeaderElection23: PRE_VOTE PASSED received 1 response(s) and 0 exception(s):
2024-10-09 04:29:50,672 INFO  impl.LeaderElection (LeaderElection.java:logAndReturn(94)) -   Response 0: s0<-s10#0:OK-t0
2024-10-09 04:29:50,673 INFO  impl.LeaderElection (LeaderElection.java:askForVotes(339)) - s0@group-C596DBC0762E-LeaderElection23 PRE_VOTE round 0: result PASSED
2024-10-09 04:29:50,673 TRACE util.FileUtils (LogUtils.java:supplyAndLog(69)) - Successfully supplied FileChannel.open /home/runner/work/ratis/ratis/ratis-examples/target/test/data/6e6e5023/MiniRaftClusterWithNettya4857fb2/s0/1d4ddb65-0c33-4cad-9800-c596dbc0762e/current/raft-meta.tmp with options [CREATE, WRITE]: sun.nio.ch.FileChannelImpl@32731c9a
2024-10-09 04:29:50,675 TRACE util.FileUtils (LogUtils.java:runAndLog(49)) - Successfully ran Atomic Files.move /home/runner/work/ratis/ratis/ratis-examples/target/test/data/6e6e5023/MiniRaftClusterWithNettya4857fb2/s0/1d4ddb65-0c33-4cad-9800-c596dbc0762e/current/raft-meta.tmp to /home/runner/work/ratis/ratis/ratis-examples/target/test/data/6e6e5023/MiniRaftClusterWithNettya4857fb2/s0/1d4ddb65-0c33-4cad-9800-c596dbc0762e/current/raft-meta with options [REPLACE_EXISTING]
2024-10-09 04:29:50,675 INFO  impl.LeaderElection (LeaderElection.java:askForVotes(337)) - s0@group-C596DBC0762E-LeaderElection23 ELECTION round 0: submit vote requests at term 1 for conf: {index: -1, cur=peers:[s10|0.0.0.0:15025, s0|0.0.0.0:15015, s1|0.0.0.0:15016]|listeners:[], old=null}
2024-10-09 04:29:50,675 INFO  server.RaftServerConfigKeys (ConfUtils.java:logFallback(53)) - raft.server.rpc.first-election.timeout.min = 300ms (fallback to raft.server.rpc.timeout.min)
2024-10-09 04:29:50,675 INFO  server.RaftServerConfigKeys (ConfUtils.java:logFallback(53)) - raft.server.rpc.first-election.timeout.max = 600ms (fallback to raft.server.rpc.timeout.max)
2024-10-09 04:29:50,676 INFO  server.RaftServer$Division (RaftServerImpl.java:requestVote(1443)) - s1@group-C596DBC0762E: receive requestVote(ELECTION, s0, group-C596DBC0762E, 1, (t:0, i:0))
2024-10-09 04:29:50,676 INFO  impl.VoteContext (VoteContext.java:log(49)) - s1@group-C596DBC0762E-FOLLOWER: accept ELECTION from s0: our priority 0 <= candidate's priority 0
2024-10-09 04:29:50,676 INFO  server.RaftServer$Division (RaftServerImpl.java:setRole(379)) - s1@group-C596DBC0762E: changes role from  FOLLOWER to FOLLOWER at term 0 for candidate:s0
2024-10-09 04:29:50,676 INFO  impl.RoleInfo (RoleInfo.java:shutdownFollowerState(121)) - s1: shutdown s1@group-C596DBC0762E-FollowerState
2024-10-09 04:29:50,676 INFO  impl.RoleInfo (RoleInfo.java:updateAndGet(148)) - s1: start s1@group-C596DBC0762E-FollowerState
2024-10-09 04:29:50,676 INFO  impl.FollowerState (FollowerState.java:runImpl(165)) - s1@group-C596DBC0762E-FollowerState was interrupted
2024-10-09 04:29:50,676 INFO  server.RaftServer$Division (RaftServerImpl.java:setFirstElection(560)) - s1@group-C596DBC0762E: set firstElectionSinceStartup to false for candidate:s0
2024-10-09 04:29:50,677 TRACE util.FileUtils (LogUtils.java:supplyAndLog(69)) - Successfully supplied FileChannel.open /home/runner/work/ratis/ratis/ratis-examples/target/test/data/6e6e5023/MiniRaftClusterWithNettya4857fb2/s1/1d4ddb65-0c33-4cad-9800-c596dbc0762e/current/raft-meta.tmp with options [CREATE, WRITE]: sun.nio.ch.FileChannelImpl@15a785f9
2024-10-09 04:29:50,679 TRACE util.FileUtils (LogUtils.java:runAndLog(49)) - Successfully ran Atomic Files.move /home/runner/work/ratis/ratis/ratis-examples/target/test/data/6e6e5023/MiniRaftClusterWithNettya4857fb2/s1/1d4ddb65-0c33-4cad-9800-c596dbc0762e/current/raft-meta.tmp to /home/runner/work/ratis/ratis/ratis-examples/target/test/data/6e6e5023/MiniRaftClusterWithNettya4857fb2/s1/1d4ddb65-0c33-4cad-9800-c596dbc0762e/current/raft-meta with options [REPLACE_EXISTING]
2024-10-09 04:29:50,679 INFO  server.RaftServer$Division (RaftServerImpl.java:requestVote(1476)) - s1@group-C596DBC0762E replies to ELECTION vote request: s0<-s1#0:OK-t1. Peer's state: s1@group-C596DBC0762E:t1, leader=null, voted=s0, raftlog=Memoized:s1@group-C596DBC0762E-SegmentedRaftLog:OPENED:c-1:lastnull, conf=conf: {index: -1, cur=peers:[s10|0.0.0.0:15025, s0|0.0.0.0:15015, s1|0.0.0.0:15016]|listeners:[], old=null}
2024-10-09 04:29:50,680 INFO  impl.LeaderElection (LeaderElection.java:logAndReturn(90)) - s0@group-C596DBC0762E-LeaderElection23: ELECTION PASSED received 1 response(s) and 0 exception(s):
2024-10-09 04:29:50,680 INFO  impl.LeaderElection (LeaderElection.java:logAndReturn(94)) -   Response 0: s0<-s1#0:OK-t1
2024-10-09 04:29:50,680 INFO  impl.LeaderElection (LeaderElection.java:askForVotes(339)) - s0@group-C596DBC0762E-LeaderElection23 ELECTION round 0: result PASSED
2024-10-09 04:29:50,680 INFO  impl.RoleInfo (RoleInfo.java:shutdownLeaderElection(141)) - s0: shutdown s0@group-C596DBC0762E-LeaderElection23
2024-10-09 04:29:50,680 INFO  server.RaftServer$Division (RaftServerImpl.java:setRole(379)) - s0@group-C596DBC0762E: changes role from CANDIDATE to LEADER at term 1 for changeToLeader
2024-10-09 04:29:50,680 INFO  server.RaftServerConfigKeys (ConfUtils.java:logGet(46)) - raft.server.staging.catchup.gap = 1000 (default)
2024-10-09 04:29:50,680 INFO  server.RaftServerConfigKeys (ConfUtils.java:logGet(46)) - raft.server.write.element-limit = 4096 (default)
2024-10-09 04:29:50,680 INFO  server.RaftServerConfigKeys (ConfUtils.java:logGet(46)) - raft.server.write.byte-limit = 64MB (=67108864) (default)
2024-10-09 04:29:50,680 INFO  server.RaftServerConfigKeys (ConfUtils.java:logGet(46)) - raft.server.watch.timeout = 10s (default)
2024-10-09 04:29:50,680 INFO  server.RaftServerConfigKeys (ConfUtils.java:logGet(46)) - raft.server.watch.timeout.denomination = 1s (default)
2024-10-09 04:29:50,680 INFO  server.RaftServerConfigKeys (ConfUtils.java:logGet(46)) - raft.server.watch.element-limit = 65536 (default)
2024-10-09 04:29:50,681 INFO  server.RaftServerConfigKeys (ConfUtils.java:logGet(46)) - raft.server.read.leader.lease.enabled = false (default)
2024-10-09 04:29:50,681 INFO  server.RaftServerConfigKeys (ConfUtils.java:logGet(46)) - raft.server.read.leader.lease.timeout.ratio = 0.9 (default)
2024-10-09 04:29:50,681 INFO  server.RaftServerConfigKeys (ConfUtils.java:logGet(46)) - raft.server.rpc.timeout.min = 300ms (custom)
2024-10-09 04:29:50,681 INFO  server.RaftServerConfigKeys (ConfUtils.java:logGet(46)) - raft.server.log.log-metadata.enabled = true (default)
2024-10-09 04:29:50,681 INFO  server.RaftServerConfigKeys (ConfUtils.java:logGet(46)) - raft.server.write.element-limit = 4096 (default)
2024-10-09 04:29:50,681 INFO  server.RaftServerConfigKeys (ConfUtils.java:logGet(46)) - raft.server.write.follower.gap.ratio.max = -1.0 (default)
2024-10-09 04:29:50,681 INFO  server.RaftServerConfigKeys (ConfUtils.java:logGet(46)) - raft.server.log.appender.snapshot.chunk.size.max = 16MB (=16777216) (default)
2024-10-09 04:29:50,681 INFO  server.RaftServerConfigKeys (ConfUtils.java:logGet(46)) - raft.server.log.appender.buffer.byte-limit = 4MB (=4194304) (default)
2024-10-09 04:29:50,681 INFO  server.RaftServerConfigKeys (ConfUtils.java:logGet(46)) - raft.server.log.appender.buffer.element-limit = 0 (default)
2024-10-09 04:29:50,681 INFO  server.RaftServerConfigKeys (ConfUtils.java:logGet(46)) - raft.server.log.appender.wait-time.min = 1ms (default)
2024-10-09 04:29:50,681 INFO  server.RaftServerConfigKeys (ConfUtils.java:logGet(46)) - raft.server.log.appender.snapshot.chunk.size.max = 16MB (=16777216) (default)
2024-10-09 04:29:50,681 INFO  server.RaftServerConfigKeys (ConfUtils.java:logGet(46)) - raft.server.log.appender.buffer.byte-limit = 4MB (=4194304) (default)
2024-10-09 04:29:50,681 INFO  server.RaftServerConfigKeys (ConfUtils.java:logGet(46)) - raft.server.log.appender.buffer.element-limit = 0 (default)
2024-10-09 04:29:50,682 INFO  server.RaftServerConfigKeys (ConfUtils.java:logGet(46)) - raft.server.log.appender.wait-time.min = 1ms (default)
2024-10-09 04:29:50,682 INFO  impl.RoleInfo (RoleInfo.java:updateAndGet(148)) - s0: start s0@group-C596DBC0762E-LeaderStateImpl
2024-10-09 04:29:50,682 INFO  server.RaftServer$Division (RaftServerImpl.java:setFirstElection(560)) - s0@group-C596DBC0762E: set firstElectionSinceStartup to false for becomeLeader
2024-10-09 04:29:50,682 INFO  server.RaftServer$Division (ServerState.java:setLeader(272)) - s0@group-C596DBC0762E: change Leader from null to s0 at term 1 for becomeLeader, leader elected after 353ms
2024-10-09 04:29:50,682 INFO  segmented.SegmentedRaftLogWorker (SegmentedRaftLogWorker.java:startLogSegment(438)) - s0@group-C596DBC0762E-SegmentedRaftLogWorker: Starting segment from index:0
2024-10-09 04:29:50,682 INFO  server.RaftServer$Division (ServerState.java:setRaftConf(386)) - s0@group-C596DBC0762E: set configuration conf: {index: 0, cur=peers:[s10|0.0.0.0:15025, s0|0.0.0.0:15015, s1|0.0.0.0:15016]|listeners:[], old=null}
2024-10-09 04:29:50,682 INFO  segmented.BufferedWriteChannel (BufferedWriteChannel.java:open(61)) - open log_inprogress_0 at position 0
2024-10-09 04:29:50,682 INFO  server.RaftServer$Division (RaftServerImpl.java:requestVote(1443)) - s10@group-C596DBC0762E: receive requestVote(ELECTION, s0, group-C596DBC0762E, 1, (t:0, i:0))
2024-10-09 04:29:50,682 INFO  impl.VoteContext (VoteContext.java:log(49)) - s10@group-C596DBC0762E-FOLLOWER: accept ELECTION from s0: our priority 0 <= candidate's priority 0
2024-10-09 04:29:50,683 INFO  server.RaftServer$Division (RaftServerImpl.java:setRole(379)) - s10@group-C596DBC0762E: changes role from  FOLLOWER to FOLLOWER at term 0 for candidate:s0
2024-10-09 04:29:50,683 INFO  impl.RoleInfo (RoleInfo.java:shutdownFollowerState(121)) - s10: shutdown s10@group-C596DBC0762E-FollowerState
2024-10-09 04:29:50,683 INFO  impl.RoleInfo (RoleInfo.java:updateAndGet(148)) - s10: start s10@group-C596DBC0762E-FollowerState
2024-10-09 04:29:50,683 INFO  impl.FollowerState (FollowerState.java:runImpl(165)) - s10@group-C596DBC0762E-FollowerState was interrupted
2024-10-09 04:29:50,687 INFO  server.RaftServer$Division (RaftServerImpl.java:setFirstElection(560)) - s10@group-C596DBC0762E: set firstElectionSinceStartup to false for candidate:s0
2024-10-09 04:29:50,691 TRACE util.FileUtils (LogUtils.java:supplyAndLog(69)) - Successfully supplied FileChannel.open /home/runner/work/ratis/ratis/ratis-examples/target/test/data/6e6e5023/MiniRaftClusterWithNettya4857fb2/s10/1d4ddb65-0c33-4cad-9800-c596dbc0762e/current/raft-meta.tmp with options [CREATE, WRITE]: sun.nio.ch.FileChannelImpl@71481ee0
2024-10-09 04:29:50,693 TRACE util.FileUtils (LogUtils.java:runAndLog(49)) - Successfully ran Atomic Files.move /home/runner/work/ratis/ratis/ratis-examples/target/test/data/6e6e5023/MiniRaftClusterWithNettya4857fb2/s10/1d4ddb65-0c33-4cad-9800-c596dbc0762e/current/raft-meta.tmp to /home/runner/work/ratis/ratis/ratis-examples/target/test/data/6e6e5023/MiniRaftClusterWithNettya4857fb2/s10/1d4ddb65-0c33-4cad-9800-c596dbc0762e/current/raft-meta with options [REPLACE_EXISTING]
2024-10-09 04:29:50,693 INFO  server.RaftServer$Division (RaftServerImpl.java:requestVote(1476)) - s10@group-C596DBC0762E replies to ELECTION vote request: s0<-s10#0:OK-t1. Peer's state: s10@group-C596DBC0762E:t1, leader=null, voted=s0, raftlog=Memoized:s10@group-C596DBC0762E-SegmentedRaftLog:OPENED:c-1:lastnull, conf=conf: {index: -1, cur=peers:[s10|0.0.0.0:15025, s0|0.0.0.0:15015, s1|0.0.0.0:15016]|listeners:[], old=null}
2024-10-09 04:29:50,693 INFO  segmented.SegmentedRaftLogWorker (SegmentedRaftLogWorker.java:execute(660)) - s0@group-C596DBC0762E-SegmentedRaftLogWorker: created new log segment /home/runner/work/ratis/ratis/ratis-examples/target/test/data/6e6e5023/MiniRaftClusterWithNettya4857fb2/s0/1d4ddb65-0c33-4cad-9800-c596dbc0762e/current/log_inprogress_0
2024-10-09 04:29:50,694 INFO  server.RaftServer$Division (ServerState.java:setLeader(272)) - s1@group-C596DBC0762E: change Leader from null to s0 at term 1 for appendEntries, leader elected after 338ms
2024-10-09 04:29:50,694 INFO  server.RaftServer$Division (ServerState.java:setLeader(272)) - s10@group-C596DBC0762E: change Leader from null to s0 at term 1 for appendEntries, leader elected after 310ms
2024-10-09 04:29:50,705 DEBUG server.RaftServer$Division (RaftServerImpl.java:logAppendEntries(1545)) - s10@group-C596DBC0762E: appendEntries* s0->s10#4516-t1,previous=(t:0, i:0),leaderCommit=-1,initializing? false,entries: size=1, first=(t:1, i:0), CONFIGURATIONENTRY(current:id:"s10"address:"0.0.0.0:15025"clientAddress:"0.0.0.0:15025"adminAddress:"0.0.0.0:15025"startupRole:FOLLOWER, id:"s0"address:"0.0.0.0:15015"clientAddress:"0.0.0.0:15015"adminAddress:"0.0.0.0:15015"startupRole:FOLLOWER, id:"s1"address:"0.0.0.0:15016"clientAddress:"0.0.0.0:15016"adminAddress:"0.0.0.0:15016"startupRole:FOLLOWER, old:)
2024-10-09 04:29:50,705 INFO  server.RaftServer$Division (ServerState.java:setRaftConf(386)) - s10@group-C596DBC0762E: set configuration conf: {index: 0, cur=peers:[s10|0.0.0.0:15025, s0|0.0.0.0:15015, s1|0.0.0.0:15016]|listeners:[], old=null}
2024-10-09 04:29:50,705 INFO  segmented.SegmentedRaftLogWorker (SegmentedRaftLogWorker.java:startLogSegment(438)) - s10@group-C596DBC0762E-SegmentedRaftLogWorker: Starting segment from index:0
2024-10-09 04:29:50,705 INFO  segmented.BufferedWriteChannel (BufferedWriteChannel.java:open(61)) - open log_inprogress_0 at position 0
2024-10-09 04:29:50,705 DEBUG server.RaftServer$Division (RaftServerImpl.java:logAppendEntries(1545)) - s1@group-C596DBC0762E: appendEntries* s0->s1#4515-t1,previous=(t:0, i:0),leaderCommit=-1,initializing? false,entries: size=1, first=(t:1, i:0), CONFIGURATIONENTRY(current:id:"s10"address:"0.0.0.0:15025"clientAddress:"0.0.0.0:15025"adminAddress:"0.0.0.0:15025"startupRole:FOLLOWER, id:"s0"address:"0.0.0.0:15015"clientAddress:"0.0.0.0:15015"adminAddress:"0.0.0.0:15015"startupRole:FOLLOWER, id:"s1"address:"0.0.0.0:15016"clientAddress:"0.0.0.0:15016"adminAddress:"0.0.0.0:15016"startupRole:FOLLOWER, old:)
2024-10-09 04:29:50,709 INFO  server.RaftServer$Division (ServerState.java:setRaftConf(386)) - s1@group-C596DBC0762E: set configuration conf: {index: 0, cur=peers:[s10|0.0.0.0:15025, s0|0.0.0.0:15015, s1|0.0.0.0:15016]|listeners:[], old=null}
2024-10-09 04:29:50,709 INFO  segmented.SegmentedRaftLogWorker (SegmentedRaftLogWorker.java:startLogSegment(438)) - s1@group-C596DBC0762E-SegmentedRaftLogWorker: Starting segment from index:0
2024-10-09 04:29:50,709 INFO  segmented.BufferedWriteChannel (BufferedWriteChannel.java:open(61)) - open log_inprogress_0 at position 0
2024-10-09 04:29:50,718 INFO  segmented.SegmentedRaftLogWorker (SegmentedRaftLogWorker.java:execute(660)) - s10@group-C596DBC0762E-SegmentedRaftLogWorker: created new log segment /home/runner/work/ratis/ratis/ratis-examples/target/test/data/6e6e5023/MiniRaftClusterWithNettya4857fb2/s10/1d4ddb65-0c33-4cad-9800-c596dbc0762e/current/log_inprogress_0
2024-10-09 04:29:50,718 DEBUG server.RaftServer$Division (RaftServerImpl.java:logAppendEntries(1545)) - s10@group-C596DBC0762E: appendEntries* reply s0<-s10#4516:OK-t1,SUCCESS,nextIndex=1,followerCommit=-1,matchIndex=0
2024-10-09 04:29:50,719 INFO  segmented.SegmentedRaftLogWorker (SegmentedRaftLogWorker.java:execute(660)) - s1@group-C596DBC0762E-SegmentedRaftLogWorker: created new log segment /home/runner/work/ratis/ratis/ratis-examples/target/test/data/6e6e5023/MiniRaftClusterWithNettya4857fb2/s1/1d4ddb65-0c33-4cad-9800-c596dbc0762e/current/log_inprogress_0
2024-10-09 04:29:50,719 TRACE util.FileUtils (LogUtils.java:supplyAndLog(69)) - Successfully supplied FileChannel.open /home/runner/work/ratis/ratis/ratis-examples/target/test/data/6e6e5023/MiniRaftClusterWithNettya4857fb2/s0/1d4ddb65-0c33-4cad-9800-c596dbc0762e/current/raft-meta.conf.tmp with options [CREATE, WRITE]: sun.nio.ch.FileChannelImpl@28961441
2024-10-09 04:29:50,719 DEBUG server.RaftServer$Division (RaftServerImpl.java:logAppendEntries(1545)) - s1@group-C596DBC0762E: appendEntries* reply s0<-s1#4515:OK-t1,SUCCESS,nextIndex=1,followerCommit=-1,matchIndex=0
2024-10-09 04:29:50,721 TRACE util.FileUtils (LogUtils.java:runAndLog(49)) - Successfully ran Atomic Files.move /home/runner/work/ratis/ratis/ratis-examples/target/test/data/6e6e5023/MiniRaftClusterWithNettya4857fb2/s0/1d4ddb65-0c33-4cad-9800-c596dbc0762e/current/raft-meta.conf.tmp to /home/runner/work/ratis/ratis/ratis-examples/target/test/data/6e6e5023/MiniRaftClusterWithNettya4857fb2/s0/1d4ddb65-0c33-4cad-9800-c596dbc0762e/current/raft-meta.conf with options [REPLACE_EXISTING]
2024-10-09 04:29:50,721 INFO  server.RaftServer$Division (LeaderStateImpl.java:checkStartIndex(314)) - Leader s0@group-C596DBC0762E-LeaderStateImpl is ready since appliedIndex == startIndex == 0
2024-10-09 04:29:50,871 TRACE util.FileUtils (LogUtils.java:supplyAndLog(69)) - Successfully supplied FileChannel.open /home/runner/work/ratis/ratis/ratis-examples/target/test/data/6e6e5023/MiniRaftClusterWithNettya4857fb2/s1/1d4ddb65-0c33-4cad-9800-c596dbc0762e/current/raft-meta.conf.tmp with options [CREATE, WRITE]: sun.nio.ch.FileChannelImpl@48d9e4f8
2024-10-09 04:29:50,871 TRACE util.FileUtils (LogUtils.java:supplyAndLog(69)) - Successfully supplied FileChannel.open /home/runner/work/ratis/ratis/ratis-examples/target/test/data/6e6e5023/MiniRaftClusterWithNettya4857fb2/s10/1d4ddb65-0c33-4cad-9800-c596dbc0762e/current/raft-meta.conf.tmp with options [CREATE, WRITE]: sun.nio.ch.FileChannelImpl@3fe37ff3
2024-10-09 04:29:50,874 TRACE util.FileUtils (LogUtils.java:runAndLog(49)) - Successfully ran Atomic Files.move /home/runner/work/ratis/ratis/ratis-examples/target/test/data/6e6e5023/MiniRaftClusterWithNettya4857fb2/s10/1d4ddb65-0c33-4cad-9800-c596dbc0762e/current/raft-meta.conf.tmp to /home/runner/work/ratis/ratis/ratis-examples/target/test/data/6e6e5023/MiniRaftClusterWithNettya4857fb2/s10/1d4ddb65-0c33-4cad-9800-c596dbc0762e/current/raft-meta.conf with options [REPLACE_EXISTING]
2024-10-09 04:29:50,874 TRACE util.FileUtils (LogUtils.java:runAndLog(49)) - Successfully ran Atomic Files.move /home/runner/work/ratis/ratis/ratis-examples/target/test/data/6e6e5023/MiniRaftClusterWithNettya4857fb2/s1/1d4ddb65-0c33-4cad-9800-c596dbc0762e/current/raft-meta.conf.tmp to /home/runner/work/ratis/ratis/ratis-examples/target/test/data/6e6e5023/MiniRaftClusterWithNettya4857fb2/s1/1d4ddb65-0c33-4cad-9800-c596dbc0762e/current/raft-meta.conf with options [REPLACE_EXISTING]
2024-10-09 04:29:51,301 INFO  ratis.RaftTestUtil (RaftTestUtil.java:waitForLeader(131)) - printing group-C596DBC0762E
  s10:  RUNNING [
   FOLLOWER s10@group-DA40570646C7:t0, leader=null, voted=, raftlog=Memoized:s10@group-DA40570646C7-SegmentedRaftLog:OPENED:c-1:lastnull, conf=conf: {index: -1, cur=peers:[]|listeners:[], old=null} STARTING
   FOLLOWER s10@group-C596DBC0762E:t1, leader=s0, voted=s0, raftlog=Memoized:s10@group-C596DBC0762E-SegmentedRaftLog:OPENED:c0:last(t:1, i:0), conf=conf: {index: 0, cur=peers:[s10|0.0.0.0:15025, s0|0.0.0.0:15015, s1|0.0.0.0:15016]|listeners:[], old=null} RUNNING] size=2
  s0:  RUNNING [
   FOLLOWER s0@group-DA40570646C7:t0, leader=null, voted=, raftlog=Memoized:s0@group-DA40570646C7-SegmentedRaftLog:OPENED:c-1:lastnull, conf=conf: {index: -1, cur=peers:[]|listeners:[], old=null} STARTING
     LEADER s0@group-C596DBC0762E:t1, leader=s0, voted=s0, raftlog=Memoized:s0@group-C596DBC0762E-SegmentedRaftLog:OPENED:c0:last(t:1, i:0), conf=conf: {index: 0, cur=peers:[s10|0.0.0.0:15025, s0|0.0.0.0:15015, s1|0.0.0.0:15016]|listeners:[], old=null} RUNNING] size=2
  s1:  RUNNING [
   FOLLOWER s1@group-DA40570646C7:t0, leader=null, voted=, raftlog=Memoized:s1@group-DA40570646C7-SegmentedRaftLog:OPENED:c-1:lastnull, conf=conf: {index: -1, cur=peers:[]|listeners:[], old=null} STARTING
   FOLLOWER s1@group-C596DBC0762E:t1, leader=s0, voted=s0, raftlog=Memoized:s1@group-C596DBC0762E-SegmentedRaftLog:OPENED:c0:last(t:1, i:0), conf=conf: {index: 0, cur=peers:[s10|0.0.0.0:15025, s0|0.0.0.0:15015, s1|0.0.0.0:15016]|listeners:[], old=null} RUNNING] size=2
2024-10-09 04:29:51,302 INFO  netty.NettyUtils (NettyUtils.java:newEventLoopGroup(74)) - Create EpollEventLoopGroup for client-D33A405D9311; Thread size is 0.
2024-10-09 04:29:51,304 INFO  logging.LoggingHandler (AbstractInternalLogger.java:log(148)) - [id: 0x8c4b54da, L:/0.0.0.0:15025] READ: [id: 0xcf837e2a, L:/127.0.0.1:15025 - R:/127.0.0.1:57476]
2024-10-09 04:29:51,304 INFO  logging.LoggingHandler (AbstractInternalLogger.java:log(148)) - [id: 0x8c4b54da, L:/0.0.0.0:15025] READ COMPLETE
2024-10-09 04:29:51,305 DEBUG server.RaftServer$Division (RaftServerImpl.java:submitClientRequestAsync(916)) - s10@group-C596DBC0762E: receive client request(RaftClientRequest:client-D33A405D9311->s10@group-C596DBC0762E, cid=4529, seq=null, RW, Message:01016102400800000000...(size=12))
2024-10-09 04:29:51,409 INFO  logging.LoggingHandler (AbstractInternalLogger.java:log(148)) - [id: 0xadcfcd76, L:/0.0.0.0:15015] READ: [id: 0xb034f0f4, L:/127.0.0.1:15015 - R:/127.0.0.1:59114]
2024-10-09 04:29:51,409 INFO  logging.LoggingHandler (AbstractInternalLogger.java:log(148)) - [id: 0xadcfcd76, L:/0.0.0.0:15015] READ COMPLETE
2024-10-09 04:29:51,411 DEBUG server.RaftServer$Division (RaftServerImpl.java:submitClientRequestAsync(916)) - s0@group-C596DBC0762E: receive client request(RaftClientRequest:client-D33A405D9311->s0@group-C596DBC0762E, cid=4529, seq=null, RW, Message:01016102400800000000...(size=12))
2024-10-09 04:29:51,411 DEBUG server.RaftServer$Division (LeaderStateImpl.java:addPendingRequest(529)) - s0@group-C596DBC0762E-LeaderStateImpl: addPendingRequest at RaftClientRequest:client-D33A405D9311->s0@group-C596DBC0762E, cid=4529, seq=null, RW, Message:01016102400800000000...(size=12), entry=(t:1, i:1), STATEMACHINELOGENTRY, WRITE: logData.size=12, stateMachineData.size=0, logEntryProtoSerializedSize=0
2024-10-09 04:29:51,412 DEBUG server.RaftServer$Division (RaftServerImpl.java:logAppendEntries(1545)) - s10@group-C596DBC0762E: appendEntries* s0->s10#4534-t1,previous=(t:1, i:0),leaderCommit=0,initializing? false,entries: size=1, first=(t:1, i:1), STATEMACHINELOGENTRY, StateMachineLogEntryProto:4529@client-D33A405D9311
2024-10-09 04:29:51,413 DEBUG server.RaftServer$Division (RaftServerImpl.java:logAppendEntries(1545)) - s1@group-C596DBC0762E: appendEntries* s0->s1#4535-t1,previous=(t:1, i:0),leaderCommit=0,initializing? false,entries: size=1, first=(t:1, i:1), STATEMACHINELOGENTRY, StateMachineLogEntryProto:4529@client-D33A405D9311
2024-10-09 04:29:51,414 DEBUG server.RaftServer$Division (RaftServerImpl.java:logAppendEntries(1545)) - s10@group-C596DBC0762E: appendEntries* reply s0<-s10#4534:OK-t1,SUCCESS,nextIndex=2,followerCommit=0,matchIndex=1
2024-10-09 04:29:51,414 DEBUG server.RaftServer$Division (RaftServerImpl.java:logAppendEntries(1545)) - s1@group-C596DBC0762E: appendEntries* reply s0<-s1#4535:OK-t1,SUCCESS,nextIndex=2,followerCommit=0,matchIndex=1
2024-10-09 04:29:51,414 INFO  statemachine.StateMachine (ArithmeticStateMachine.java:applyTransaction(181)) - LEADER:s0-1: a = 3 = 3
2024-10-09 04:29:51,414 DEBUG server.RaftServer$Division (RaftServerImpl.java:logAppendEntries(1545)) - s10@group-C596DBC0762E: appendEntries* s0->s10#4536-t1,previous=(t:1, i:1),leaderCommit=1,initializing? false,entries: size=1, first=(t:1, i:2), METADATAENTRY(c:1)
2024-10-09 04:29:51,415 DEBUG server.RaftServer$Division (RaftServerImpl.java:logAppendEntries(1545)) - s1@group-C596DBC0762E: appendEntries* s0->s1#4537-t1,previous=(t:1, i:1),leaderCommit=1,initializing? false,entries: size=1, first=(t:1, i:2), METADATAENTRY(c:1)
2024-10-09 04:29:51,415 DEBUG server.RaftServer$Division (RaftServerImpl.java:logAppendEntries(1545)) - s10@group-C596DBC0762E: appendEntries* reply s0<-s10#4536:OK-t1,SUCCESS,nextIndex=3,followerCommit=1,matchIndex=2
2024-10-09 04:29:51,415 DEBUG server.RaftServer$Division (RaftServerImpl.java:logAppendEntries(1545)) - s1@group-C596DBC0762E: appendEntries* reply s0<-s1#4537:OK-t1,SUCCESS,nextIndex=3,followerCommit=1,matchIndex=2
2024-10-09 04:29:51,420 DEBUG server.RaftServer$Division (RaftServerImpl.java:submitClientRequestAsync(916)) - s0@group-C596DBC0762E: receive client request(RaftClientRequest:client-D33A405D9311->s0@group-C596DBC0762E, cid=4538, seq=null, RW, Message:01016202401000000000...(size=12))
2024-10-09 04:29:51,420 DEBUG server.RaftServer$Division (LeaderStateImpl.java:addPendingRequest(529)) - s0@group-C596DBC0762E-LeaderStateImpl: addPendingRequest at RaftClientRequest:client-D33A405D9311->s0@group-C596DBC0762E, cid=4538, seq=null, RW, Message:01016202401000000000...(size=12), entry=(t:1, i:3), STATEMACHINELOGENTRY, WRITE: logData.size=12, stateMachineData.size=0, logEntryProtoSerializedSize=0
2024-10-09 04:29:51,421 DEBUG server.RaftServer$Division (RaftServerImpl.java:logAppendEntries(1545)) - s1@group-C596DBC0762E: appendEntries* s0->s1#4539-t1,previous=(t:1, i:2),leaderCommit=2,initializing? false,entries: size=1, first=(t:1, i:3), STATEMACHINELOGENTRY, StateMachineLogEntryProto:4538@client-D33A405D9311
2024-10-09 04:29:51,421 DEBUG server.RaftServer$Division (RaftServerImpl.java:logAppendEntries(1545)) - s10@group-C596DBC0762E: appendEntries* s0->s10#4540-t1,previous=(t:1, i:2),leaderCommit=2,initializing? false,entries: size=1, first=(t:1, i:3), STATEMACHINELOGENTRY, StateMachineLogEntryProto:4538@client-D33A405D9311
2024-10-09 04:29:51,421 DEBUG server.RaftServer$Division (RaftServerImpl.java:logAppendEntries(1545)) - s1@group-C596DBC0762E: appendEntries* reply s0<-s1#4539:OK-t1,SUCCESS,nextIndex=4,followerCommit=2,matchIndex=3
2024-10-09 04:29:51,421 DEBUG server.RaftServer$Division (RaftServerImpl.java:logAppendEntries(1545)) - s10@group-C596DBC0762E: appendEntries* reply s0<-s10#4540:OK-t1,SUCCESS,nextIndex=4,followerCommit=2,matchIndex=3
2024-10-09 04:29:51,422 INFO  statemachine.StateMachine (ArithmeticStateMachine.java:applyTransaction(181)) - LEADER:s0-3: b = 4 = 4
2024-10-09 04:29:51,423 DEBUG server.RaftServer$Division (RaftServerImpl.java:logAppendEntries(1545)) - s1@group-C596DBC0762E: appendEntries* s0->s1#4542-t1,previous=(t:1, i:3),leaderCommit=3,initializing? false,entries: size=1, first=(t:1, i:4), METADATAENTRY(c:3)
2024-10-09 04:29:51,423 DEBUG server.RaftServer$Division (RaftServerImpl.java:logAppendEntries(1545)) - s10@group-C596DBC0762E: appendEntries* s0->s10#4541-t1,previous=(t:1, i:3),leaderCommit=3,initializing? false,entries: size=1, first=(t:1, i:4), METADATAENTRY(c:3)
2024-10-09 04:29:51,423 DEBUG server.RaftServer$Division (RaftServerImpl.java:logAppendEntries(1545)) - s1@group-C596DBC0762E: appendEntries* reply s0<-s1#4542:OK-t1,SUCCESS,nextIndex=5,followerCommit=3,matchIndex=4
2024-10-09 04:29:51,423 DEBUG server.RaftServer$Division (RaftServerImpl.java:logAppendEntries(1545)) - s10@group-C596DBC0762E: appendEntries* reply s0<-s10#4541:OK-t1,SUCCESS,nextIndex=5,followerCommit=3,matchIndex=4
2024-10-09 04:29:51,424 DEBUG server.RaftServer$Division (RaftServerImpl.java:submitClientRequestAsync(916)) - s0@group-C596DBC0762E: receive client request(RaftClientRequest:client-D33A405D9311->s0@group-C596DBC0762E, cid=4543, seq=null, RW, Message:01016304010300040201...(size=17))
2024-10-09 04:29:51,424 DEBUG server.RaftServer$Division (LeaderStateImpl.java:addPendingRequest(529)) - s0@group-C596DBC0762E-LeaderStateImpl: addPendingRequest at RaftClientRequest:client-D33A405D9311->s0@group-C596DBC0762E, cid=4543, seq=null, RW, Message:01016304010300040201...(size=17), entry=(t:1, i:5), STATEMACHINELOGENTRY, WRITE: logData.size=17, stateMachineData.size=0, logEntryProtoSerializedSize=0
2024-10-09 04:29:51,424 DEBUG server.RaftServer$Division (RaftServerImpl.java:logAppendEntries(1545)) - s1@group-C596DBC0762E: appendEntries* s0->s1#4545-t1,previous=(t:1, i:4),leaderCommit=4,initializing? false,entries: size=1, first=(t:1, i:5), STATEMACHINELOGENTRY, StateMachineLogEntryProto:4543@client-D33A405D9311
2024-10-09 04:29:51,425 DEBUG server.RaftServer$Division (RaftServerImpl.java:logAppendEntries(1545)) - s10@group-C596DBC0762E: appendEntries* s0->s10#4544-t1,previous=(t:1, i:4),leaderCommit=4,initializing? false,entries: size=1, first=(t:1, i:5), STATEMACHINELOGENTRY, StateMachineLogEntryProto:4543@client-D33A405D9311
2024-10-09 04:29:51,425 DEBUG server.RaftServer$Division (RaftServerImpl.java:logAppendEntries(1545)) - s1@group-C596DBC0762E: appendEntries* reply s0<-s1#4545:OK-t1,SUCCESS,nextIndex=6,followerCommit=4,matchIndex=5
2024-10-09 04:29:51,425 DEBUG server.RaftServer$Division (RaftServerImpl.java:logAppendEntries(1545)) - s10@group-C596DBC0762E: appendEntries* reply s0<-s10#4544:OK-t1,SUCCESS,nextIndex=6,followerCommit=4,matchIndex=5
2024-10-09 04:29:51,426 INFO  statemachine.StateMachine (ArithmeticStateMachine.java:applyTransaction(181)) - LEADER:s0-5: c = √(a^2 + b^2) = 5
2024-10-09 04:29:51,426 DEBUG server.RaftServer$Division (RaftServerImpl.java:logAppendEntries(1545)) - s1@group-C596DBC0762E: appendEntries* s0->s1#4546-t1,previous=(t:1, i:5),leaderCommit=5,initializing? false,entries: size=1, first=(t:1, i:6), METADATAENTRY(c:5)
2024-10-09 04:29:51,426 DEBUG server.RaftServer$Division (RaftServerImpl.java:logAppendEntries(1545)) - s1@group-C596DBC0762E: appendEntries* reply s0<-s1#4546:OK-t1,SUCCESS,nextIndex=7,followerCommit=5,matchIndex=6
2024-10-09 04:29:51,427 DEBUG server.RaftServer$Division (RaftServerImpl.java:logAppendEntries(1545)) - s10@group-C596DBC0762E: appendEntries* s0->s10#4547-t1,previous=(t:1, i:5),leaderCommit=5,initializing? false,entries: size=1, first=(t:1, i:6), METADATAENTRY(c:5)
2024-10-09 04:29:51,427 DEBUG server.RaftServer$Division (RaftServerImpl.java:submitClientRequestAsync(916)) - s0@group-C596DBC0762E: receive client request(RaftClientRequest:client-D33A405D9311->s0@group-C596DBC0762E, cid=4548, seq=null, RW, Message:01016100)
2024-10-09 04:29:51,427 DEBUG server.RaftServer$Division (LeaderStateImpl.java:addPendingRequest(529)) - s0@group-C596DBC0762E-LeaderStateImpl: addPendingRequest at RaftClientRequest:client-D33A405D9311->s0@group-C596DBC0762E, cid=4548, seq=null, RW, Message:01016100, entry=(t:1, i:7), STATEMACHINELOGENTRY, WRITE: logData.size=4, stateMachineData.size=0, logEntryProtoSerializedSize=0
2024-10-09 04:29:51,427 DEBUG server.RaftServer$Division (RaftServerImpl.java:logAppendEntries(1545)) - s10@group-C596DBC0762E: appendEntries* reply s0<-s10#4547:OK-t1,SUCCESS,nextIndex=7,followerCommit=5,matchIndex=6
2024-10-09 04:29:51,428 DEBUG server.RaftServer$Division (RaftServerImpl.java:logAppendEntries(1545)) - s1@group-C596DBC0762E: appendEntries* s0->s1#4549-t1,previous=(t:1, i:6),leaderCommit=6,initializing? false,entries: size=1, first=(t:1, i:7), STATEMACHINELOGENTRY, StateMachineLogEntryProto:4548@client-D33A405D9311
2024-10-09 04:29:51,428 DEBUG server.RaftServer$Division (RaftServerImpl.java:logAppendEntries(1545)) - s10@group-C596DBC0762E: appendEntries* s0->s10#4550-t1,previous=(t:1, i:6),leaderCommit=6,initializing? false,entries: size=1, first=(t:1, i:7), STATEMACHINELOGENTRY, StateMachineLogEntryProto:4548@client-D33A405D9311
2024-10-09 04:29:51,428 DEBUG server.RaftServer$Division (RaftServerImpl.java:logAppendEntries(1545)) - s1@group-C596DBC0762E: appendEntries* reply s0<-s1#4549:OK-t1,SUCCESS,nextIndex=8,followerCommit=6,matchIndex=7
2024-10-09 04:29:51,429 INFO  statemachine.StateMachine (ArithmeticStateMachine.java:applyTransaction(181)) - LEADER:s0-7: a = null = null
2024-10-09 04:29:51,429 DEBUG server.RaftServer$Division (RaftServerImpl.java:logAppendEntries(1545)) - s10@group-C596DBC0762E: appendEntries* reply s0<-s10#4550:OK-t1,SUCCESS,nextIndex=8,followerCommit=6,matchIndex=7
2024-10-09 04:29:51,429 DEBUG server.RaftServer$Division (RaftServerImpl.java:logAppendEntries(1545)) - s1@group-C596DBC0762E: appendEntries* s0->s1#4551-t1,previous=(t:1, i:7),leaderCommit=7,initializing? false,entries: size=1, first=(t:1, i:8), METADATAENTRY(c:7)
2024-10-09 04:29:51,430 DEBUG server.RaftServer$Division (RaftServerImpl.java:submitClientRequestAsync(916)) - s0@group-C596DBC0762E: receive client request(RaftClientRequest:client-D33A405D9311->s0@group-C596DBC0762E, cid=4552, seq=null, RW, Message:01016200)
2024-10-09 04:29:51,430 DEBUG server.RaftServer$Division (LeaderStateImpl.java:addPendingRequest(529)) - s0@group-C596DBC0762E-LeaderStateImpl: addPendingRequest at RaftClientRequest:client-D33A405D9311->s0@group-C596DBC0762E, cid=4552, seq=null, RW, Message:01016200, entry=(t:1, i:9), STATEMACHINELOGENTRY, WRITE: logData.size=4, stateMachineData.size=0, logEntryProtoSerializedSize=0
2024-10-09 04:29:51,430 DEBUG server.RaftServer$Division (RaftServerImpl.java:logAppendEntries(1545)) - s1@group-C596DBC0762E: appendEntries* reply s0<-s1#4551:OK-t1,SUCCESS,nextIndex=9,followerCommit=7,matchIndex=8
2024-10-09 04:29:51,430 DEBUG server.RaftServer$Division (RaftServerImpl.java:logAppendEntries(1545)) - s10@group-C596DBC0762E: appendEntries* s0->s10#4553-t1,previous=(t:1, i:7),leaderCommit=7,initializing? false,entries: size=1, first=(t:1, i:8), METADATAENTRY(c:7)
2024-10-09 04:29:51,431 DEBUG server.RaftServer$Division (RaftServerImpl.java:logAppendEntries(1545)) - s10@group-C596DBC0762E: appendEntries* reply s0<-s10#4553:OK-t1,SUCCESS,nextIndex=9,followerCommit=7,matchIndex=8
2024-10-09 04:29:51,431 DEBUG server.RaftServer$Division (RaftServerImpl.java:logAppendEntries(1545)) - s1@group-C596DBC0762E: appendEntries* s0->s1#4554-t1,previous=(t:1, i:8),leaderCommit=8,initializing? false,entries: size=1, first=(t:1, i:9), STATEMACHINELOGENTRY, StateMachineLogEntryProto:4552@client-D33A405D9311
2024-10-09 04:29:51,431 DEBUG server.RaftServer$Division (RaftServerImpl.java:logAppendEntries(1545)) - s1@group-C596DBC0762E: appendEntries* reply s0<-s1#4554:OK-t1,SUCCESS,nextIndex=10,followerCommit=8,matchIndex=9
2024-10-09 04:29:51,432 DEBUG server.RaftServer$Division (RaftServerImpl.java:logAppendEntries(1545)) - s10@group-C596DBC0762E: appendEntries* s0->s10#4555-t1,previous=(t:1, i:8),leaderCommit=8,initializing? false,entries: size=1, first=(t:1, i:9), STATEMACHINELOGENTRY, StateMachineLogEntryProto:4552@client-D33A405D9311
2024-10-09 04:29:51,432 INFO  statemachine.StateMachine (ArithmeticStateMachine.java:applyTransaction(181)) - LEADER:s0-9: b = null = null
2024-10-09 04:29:51,432 DEBUG server.RaftServer$Division (RaftServerImpl.java:logAppendEntries(1545)) - s10@group-C596DBC0762E: appendEntries* reply s0<-s10#4555:OK-t1,SUCCESS,nextIndex=10,followerCommit=8,matchIndex=9
2024-10-09 04:29:51,432 DEBUG server.RaftServer$Division (RaftServerImpl.java:logAppendEntries(1545)) - s1@group-C596DBC0762E: appendEntries* s0->s1#4556-t1,previous=(t:1, i:9),leaderCommit=9,initializing? false,entries: size=1, first=(t:1, i:10), METADATAENTRY(c:9)
2024-10-09 04:29:51,433 DEBUG server.RaftServer$Division (RaftServerImpl.java:submitClientRequestAsync(916)) - s0@group-C596DBC0762E: receive client request(RaftClientRequest:client-D33A405D9311->s0@group-C596DBC0762E, cid=4557, seq=null, RW, Message:01016300)
2024-10-09 04:29:51,433 DEBUG server.RaftServer$Division (RaftServerImpl.java:logAppendEntries(1545)) - s1@group-C596DBC0762E: appendEntries* reply s0<-s1#4556:OK-t1,SUCCESS,nextIndex=11,followerCommit=9,matchIndex=10
2024-10-09 04:29:51,433 DEBUG server.RaftServer$Division (LeaderStateImpl.java:addPendingRequest(529)) - s0@group-C596DBC0762E-LeaderStateImpl: addPendingRequest at RaftClientRequest:client-D33A405D9311->s0@group-C596DBC0762E, cid=4557, seq=null, RW, Message:01016300, entry=(t:1, i:11), STATEMACHINELOGENTRY, WRITE: logData.size=4, stateMachineData.size=0, logEntryProtoSerializedSize=0
2024-10-09 04:29:51,433 DEBUG server.RaftServer$Division (RaftServerImpl.java:logAppendEntries(1545)) - s10@group-C596DBC0762E: appendEntries* s0->s10#4558-t1,previous=(t:1, i:9),leaderCommit=9,initializing? false,entries: size=1, first=(t:1, i:10), METADATAENTRY(c:9)
2024-10-09 04:29:51,434 DEBUG server.RaftServer$Division (RaftServerImpl.java:logAppendEntries(1545)) - s10@group-C596DBC0762E: appendEntries* reply s0<-s10#4558:OK-t1,SUCCESS,nextIndex=11,followerCommit=9,matchIndex=10
2024-10-09 04:29:51,434 DEBUG server.RaftServer$Division (RaftServerImpl.java:logAppendEntries(1545)) - s1@group-C596DBC0762E: appendEntries* s0->s1#4559-t1,previous=(t:1, i:10),leaderCommit=9,initializing? false,entries: size=1, first=(t:1, i:11), STATEMACHINELOGENTRY, StateMachineLogEntryProto:4557@client-D33A405D9311
2024-10-09 04:29:51,434 DEBUG server.RaftServer$Division (RaftServerImpl.java:logAppendEntries(1545)) - s1@group-C596DBC0762E: appendEntries* reply s0<-s1#4559:OK-t1,SUCCESS,nextIndex=12,followerCommit=9,matchIndex=11
2024-10-09 04:29:51,435 INFO  statemachine.StateMachine (ArithmeticStateMachine.java:applyTransaction(181)) - LEADER:s0-11: c = null = null
2024-10-09 04:29:51,435 DEBUG server.RaftServer$Division (RaftServerImpl.java:logAppendEntries(1545)) - s10@group-C596DBC0762E: appendEntries* s0->s10#4560-t1,previous=(t:1, i:10),leaderCommit=10,initializing? false,entries: size=1, first=(t:1, i:11), STATEMACHINELOGENTRY, StateMachineLogEntryProto:4557@client-D33A405D9311
2024-10-09 04:29:51,436 DEBUG server.RaftServer$Division (RaftServerImpl.java:logAppendEntries(1545)) - s1@group-C596DBC0762E: appendEntries* s0->s1#4561-t1,previous=(t:1, i:11),leaderCommit=11,initializing? false,entries: size=1, first=(t:1, i:12), METADATAENTRY(c:11)
2024-10-09 04:29:51,436 DEBUG server.RaftServer$Division (RaftServerImpl.java:logAppendEntries(1545)) - s10@group-C596DBC0762E: appendEntries* reply s0<-s10#4560:OK-t1,SUCCESS,nextIndex=12,followerCommit=10,matchIndex=11
2024-10-09 04:29:51,436 DEBUG server.RaftServer$Division (RaftServerImpl.java:submitClientRequestAsync(916)) - s0@group-C596DBC0762E: receive client request(RaftClientRequest:client-D33A405D9311->s0@group-C596DBC0762E, cid=4562, seq=null, RW, Message:01016102401400000000...(size=12))
2024-10-09 04:29:51,436 DEBUG server.RaftServer$Division (LeaderStateImpl.java:addPendingRequest(529)) - s0@group-C596DBC0762E-LeaderStateImpl: addPendingRequest at RaftClientRequest:client-D33A405D9311->s0@group-C596DBC0762E, cid=4562, seq=null, RW, Message:01016102401400000000...(size=12), entry=(t:1, i:13), STATEMACHINELOGENTRY, WRITE: logData.size=12, stateMachineData.size=0, logEntryProtoSerializedSize=0
2024-10-09 04:29:51,436 DEBUG server.RaftServer$Division (RaftServerImpl.java:logAppendEntries(1545)) - s1@group-C596DBC0762E: appendEntries* reply s0<-s1#4561:OK-t1,SUCCESS,nextIndex=13,followerCommit=11,matchIndex=12
2024-10-09 04:29:51,437 DEBUG server.RaftServer$Division (RaftServerImpl.java:logAppendEntries(1545)) - s10@group-C596DBC0762E: appendEntries* s0->s10#4563-t1,previous=(t:1, i:11),leaderCommit=11,initializing? false,entries: size=2, first=(t:1, i:12), METADATAENTRY(c:11)
2024-10-09 04:29:51,437 DEBUG server.RaftServer$Division (RaftServerImpl.java:logAppendEntries(1545)) - s10@group-C596DBC0762E: appendEntries* reply s0<-s10#4563:OK-t1,SUCCESS,nextIndex=14,followerCommit=11,matchIndex=13
2024-10-09 04:29:51,437 DEBUG server.RaftServer$Division (RaftServerImpl.java:logAppendEntries(1545)) - s1@group-C596DBC0762E: appendEntries* s0->s1#4564-t1,previous=(t:1, i:12),leaderCommit=11,initializing? false,entries: size=1, first=(t:1, i:13), STATEMACHINELOGENTRY, StateMachineLogEntryProto:4562@client-D33A405D9311
2024-10-09 04:29:51,438 INFO  statemachine.StateMachine (ArithmeticStateMachine.java:applyTransaction(181)) - LEADER:s0-13: a = 5 = 5
2024-10-09 04:29:51,438 DEBUG server.RaftServer$Division (RaftServerImpl.java:logAppendEntries(1545)) - s1@group-C596DBC0762E: appendEntries* reply s0<-s1#4564:OK-t1,SUCCESS,nextIndex=14,followerCommit=11,matchIndex=13
2024-10-09 04:29:51,438 DEBUG server.RaftServer$Division (RaftServerImpl.java:logAppendEntries(1545)) - s10@group-C596DBC0762E: appendEntries* s0->s10#4565-t1,previous=(t:1, i:13),leaderCommit=13,initializing? false,entries: size=1, first=(t:1, i:14), METADATAENTRY(c:13)
2024-10-09 04:29:51,438 DEBUG server.RaftServer$Division (RaftServerImpl.java:submitClientRequestAsync(916)) - s0@group-C596DBC0762E: receive client request(RaftClientRequest:client-D33A405D9311->s0@group-C596DBC0762E, cid=4566, seq=null, RW, Message:01016202402800000000...(size=12))
2024-10-09 04:29:51,438 DEBUG server.RaftServer$Division (LeaderStateImpl.java:addPendingRequest(529)) - s0@group-C596DBC0762E-LeaderStateImpl: addPendingRequest at RaftClientRequest:client-D33A405D9311->s0@group-C596DBC0762E, cid=4566, seq=null, RW, Message:01016202402800000000...(size=12), entry=(t:1, i:15), STATEMACHINELOGENTRY, WRITE: logData.size=12, stateMachineData.size=0, logEntryProtoSerializedSize=0
2024-10-09 04:29:51,438 DEBUG server.RaftServer$Division (RaftServerImpl.java:logAppendEntries(1545)) - s10@group-C596DBC0762E: appendEntries* reply s0<-s10#4565:OK-t1,SUCCESS,nextIndex=15,followerCommit=13,matchIndex=14
2024-10-09 04:29:51,439 DEBUG server.RaftServer$Division (RaftServerImpl.java:logAppendEntries(1545)) - s1@group-C596DBC0762E: appendEntries* s0->s1#4567-t1,previous=(t:1, i:13),leaderCommit=13,initializing? false,entries: size=1, first=(t:1, i:14), METADATAENTRY(c:13)
2024-10-09 04:29:51,439 DEBUG server.RaftServer$Division (RaftServerImpl.java:logAppendEntries(1545)) - s10@group-C596DBC0762E: appendEntries* s0->s10#4568-t1,previous=(t:1, i:14),leaderCommit=13,initializing? false,entries: size=1, first=(t:1, i:15), STATEMACHINELOGENTRY, StateMachineLogEntryProto:4566@client-D33A405D9311
2024-10-09 04:29:51,440 DEBUG server.RaftServer$Division (RaftServerImpl.java:logAppendEntries(1545)) - s1@group-C596DBC0762E: appendEntries* reply s0<-s1#4567:OK-t1,SUCCESS,nextIndex=15,followerCommit=13,matchIndex=14
2024-10-09 04:29:51,440 DEBUG server.RaftServer$Division (RaftServerImpl.java:logAppendEntries(1545)) - s10@group-C596DBC0762E: appendEntries* reply s0<-s10#4568:OK-t1,SUCCESS,nextIndex=16,followerCommit=13,matchIndex=15
2024-10-09 04:29:51,440 INFO  statemachine.StateMachine (ArithmeticStateMachine.java:applyTransaction(181)) - LEADER:s0-15: b = 12 = 12
2024-10-09 04:29:51,441 DEBUG server.RaftServer$Division (RaftServerImpl.java:logAppendEntries(1545)) - s1@group-C596DBC0762E: appendEntries* s0->s1#4569-t1,previous=(t:1, i:14),leaderCommit=14,initializing? false,entries: size=1, first=(t:1, i:15), STATEMACHINELOGENTRY, StateMachineLogEntryProto:4566@client-D33A405D9311
2024-10-09 04:29:51,441 DEBUG server.RaftServer$Division (RaftServerImpl.java:logAppendEntries(1545)) - s10@group-C596DBC0762E: appendEntries* s0->s10#4570-t1,previous=(t:1, i:15),leaderCommit=15,initializing? false,entries: size=1, first=(t:1, i:16), METADATAENTRY(c:15)
2024-10-09 04:29:51,441 DEBUG server.RaftServer$Division (RaftServerImpl.java:logAppendEntries(1545)) - s1@group-C596DBC0762E: appendEntries* reply s0<-s1#4569:OK-t1,SUCCESS,nextIndex=16,followerCommit=14,matchIndex=15
2024-10-09 04:29:51,441 DEBUG server.RaftServer$Division (RaftServerImpl.java:logAppendEntries(1545)) - s10@group-C596DBC0762E: appendEntries* reply s0<-s10#4570:OK-t1,SUCCESS,nextIndex=17,followerCommit=15,matchIndex=16
2024-10-09 04:29:51,442 DEBUG server.RaftServer$Division (RaftServerImpl.java:submitClientRequestAsync(916)) - s0@group-C596DBC0762E: receive client request(RaftClientRequest:client-D33A405D9311->s0@group-C596DBC0762E, cid=4571, seq=null, RW, Message:01016304010300040201...(size=17))
2024-10-09 04:29:51,442 DEBUG server.RaftServer$Division (LeaderStateImpl.java:addPendingRequest(529)) - s0@group-C596DBC0762E-LeaderStateImpl: addPendingRequest at RaftClientRequest:client-D33A405D9311->s0@group-C596DBC0762E, cid=4571, seq=null, RW, Message:01016304010300040201...(size=17), entry=(t:1, i:17), STATEMACHINELOGENTRY, WRITE: logData.size=17, stateMachineData.size=0, logEntryProtoSerializedSize=0
2024-10-09 04:29:51,442 DEBUG server.RaftServer$Division (RaftServerImpl.java:logAppendEntries(1545)) - s1@group-C596DBC0762E: appendEntries* s0->s1#4572-t1,previous=(t:1, i:15),leaderCommit=16,initializing? false,entries: size=2, first=(t:1, i:16), METADATAENTRY(c:15)
2024-10-09 04:29:51,442 DEBUG server.RaftServer$Division (RaftServerImpl.java:logAppendEntries(1545)) - s10@group-C596DBC0762E: appendEntries* s0->s10#4573-t1,previous=(t:1, i:16),leaderCommit=16,initializing? false,entries: size=1, first=(t:1, i:17), STATEMACHINELOGENTRY, StateMachineLogEntryProto:4571@client-D33A405D9311
2024-10-09 04:29:51,443 DEBUG server.RaftServer$Division (RaftServerImpl.java:logAppendEntries(1545)) - s10@group-C596DBC0762E: appendEntries* reply s0<-s10#4573:OK-t1,SUCCESS,nextIndex=18,followerCommit=16,matchIndex=17
2024-10-09 04:29:51,443 INFO  statemachine.StateMachine (ArithmeticStateMachine.java:applyTransaction(181)) - LEADER:s0-17: c = √(a^2 + b^2) = 13
2024-10-09 04:29:51,443 DEBUG server.RaftServer$Division (RaftServerImpl.java:logAppendEntries(1545)) - s1@group-C596DBC0762E: appendEntries* reply s0<-s1#4572:OK-t1,SUCCESS,nextIndex=18,followerCommit=16,matchIndex=17
2024-10-09 04:29:51,444 DEBUG server.RaftServer$Division (RaftServerImpl.java:logAppendEntries(1545)) - s10@group-C596DBC0762E: appendEntries* s0->s10#4574-t1,previous=(t:1, i:17),leaderCommit=17,initializing? false,entries: size=1, first=(t:1, i:18), METADATAENTRY(c:17)
2024-10-09 04:29:51,444 DEBUG server.RaftServer$Division (RaftServerImpl.java:logAppendEntries(1545)) - s10@group-C596DBC0762E: appendEntries* reply s0<-s10#4574:OK-t1,SUCCESS,nextIndex=19,followerCommit=17,matchIndex=18
2024-10-09 04:29:51,444 DEBUG server.RaftServer$Division (RaftServerImpl.java:submitClientRequestAsync(916)) - s0@group-C596DBC0762E: receive client request(RaftClientRequest:client-D33A405D9311->s0@group-C596DBC0762E, cid=4575, seq=null, RW, Message:01016100)
2024-10-09 04:29:51,445 DEBUG server.RaftServer$Division (LeaderStateImpl.java:addPendingRequest(529)) - s0@group-C596DBC0762E-LeaderStateImpl: addPendingRequest at RaftClientRequest:client-D33A405D9311->s0@group-C596DBC0762E, cid=4575, seq=null, RW, Message:01016100, entry=(t:1, i:19), STATEMACHINELOGENTRY, WRITE: logData.size=4, stateMachineData.size=0, logEntryProtoSerializedSize=0
2024-10-09 04:29:51,445 DEBUG server.RaftServer$Division (RaftServerImpl.java:logAppendEntries(1545)) - s1@group-C596DBC0762E: appendEntries* s0->s1#4576-t1,previous=(t:1, i:17),leaderCommit=18,initializing? false,entries: size=1, first=(t:1, i:18), METADATAENTRY(c:17)
2024-10-09 04:29:51,445 DEBUG server.RaftServer$Division (RaftServerImpl.java:logAppendEntries(1545)) - s10@group-C596DBC0762E: appendEntries* s0->s10#4577-t1,previous=(t:1, i:18),leaderCommit=18,initializing? false,entries: size=1, first=(t:1, i:19), STATEMACHINELOGENTRY, StateMachineLogEntryProto:4575@client-D33A405D9311
2024-10-09 04:29:51,446 DEBUG server.RaftServer$Division (RaftServerImpl.java:logAppendEntries(1545)) - s1@group-C596DBC0762E: appendEntries* reply s0<-s1#4576:OK-t1,SUCCESS,nextIndex=19,followerCommit=18,matchIndex=18
2024-10-09 04:29:51,446 DEBUG server.RaftServer$Division (RaftServerImpl.java:logAppendEntries(1545)) - s10@group-C596DBC0762E: appendEntries* reply s0<-s10#4577:OK-t1,SUCCESS,nextIndex=20,followerCommit=18,matchIndex=19
2024-10-09 04:29:51,447 INFO  statemachine.StateMachine (ArithmeticStateMachine.java:applyTransaction(181)) - LEADER:s0-19: a = null = null
2024-10-09 04:29:51,447 DEBUG server.RaftServer$Division (RaftServerImpl.java:logAppendEntries(1545)) - s10@group-C596DBC0762E: appendEntries* s0->s10#4579-t1,previous=(t:1, i:19),leaderCommit=19,initializing? false,entries: size=1, first=(t:1, i:20), METADATAENTRY(c:19)
2024-10-09 04:29:51,447 DEBUG server.RaftServer$Division (RaftServerImpl.java:submitClientRequestAsync(916)) - s0@group-C596DBC0762E: receive client request(RaftClientRequest:client-D33A405D9311->s0@group-C596DBC0762E, cid=4580, seq=null, RW, Message:01016200)
2024-10-09 04:29:51,447 DEBUG server.RaftServer$Division (RaftServerImpl.java:logAppendEntries(1545)) - s1@group-C596DBC0762E: appendEntries* s0->s1#4578-t1,previous=(t:1, i:18),leaderCommit=18,initializing? false,entries: size=1, first=(t:1, i:19), STATEMACHINELOGENTRY, StateMachineLogEntryProto:4575@client-D33A405D9311
2024-10-09 04:29:51,448 DEBUG server.RaftServer$Division (LeaderStateImpl.java:addPendingRequest(529)) - s0@group-C596DBC0762E-LeaderStateImpl: addPendingRequest at RaftClientRequest:client-D33A405D9311->s0@group-C596DBC0762E, cid=4580, seq=null, RW, Message:01016200, entry=(t:1, i:21), STATEMACHINELOGENTRY, WRITE: logData.size=4, stateMachineData.size=0, logEntryProtoSerializedSize=0
2024-10-09 04:29:51,448 DEBUG server.RaftServer$Division (RaftServerImpl.java:logAppendEntries(1545)) - s10@group-C596DBC0762E: appendEntries* reply s0<-s10#4579:OK-t1,SUCCESS,nextIndex=21,followerCommit=19,matchIndex=20
2024-10-09 04:29:51,449 DEBUG server.RaftServer$Division (RaftServerImpl.java:logAppendEntries(1545)) - s1@group-C596DBC0762E: appendEntries* reply s0<-s1#4578:OK-t1,SUCCESS,nextIndex=20,followerCommit=18,matchIndex=19
2024-10-09 04:29:51,449 DEBUG server.RaftServer$Division (RaftServerImpl.java:logAppendEntries(1545)) - s10@group-C596DBC0762E: appendEntries* s0->s10#4581-t1,previous=(t:1, i:20),leaderCommit=19,initializing? false,entries: size=1, first=(t:1, i:21), STATEMACHINELOGENTRY, StateMachineLogEntryProto:4580@client-D33A405D9311
2024-10-09 04:29:51,449 DEBUG server.RaftServer$Division (RaftServerImpl.java:logAppendEntries(1545)) - s1@group-C596DBC0762E: appendEntries* s0->s1#4582-t1,previous=(t:1, i:19),leaderCommit=20,initializing? false,entries: size=2, first=(t:1, i:20), METADATAENTRY(c:19)
2024-10-09 04:29:51,449 DEBUG server.RaftServer$Division (RaftServerImpl.java:logAppendEntries(1545)) - s10@group-C596DBC0762E: appendEntries* reply s0<-s10#4581:OK-t1,SUCCESS,nextIndex=22,followerCommit=19,matchIndex=21
2024-10-09 04:29:51,450 INFO  statemachine.StateMachine (ArithmeticStateMachine.java:applyTransaction(181)) - LEADER:s0-21: b = null = null
2024-10-09 04:29:51,450 DEBUG server.RaftServer$Division (RaftServerImpl.java:logAppendEntries(1545)) - s10@group-C596DBC0762E: appendEntries* s0->s10#4583-t1,previous=(t:1, i:21),leaderCommit=21,initializing? false,entries: size=1, first=(t:1, i:22), METADATAENTRY(c:21)
2024-10-09 04:29:51,450 DEBUG server.RaftServer$Division (RaftServerImpl.java:logAppendEntries(1545)) - s1@group-C596DBC0762E: appendEntries* reply s0<-s1#4582:OK-t1,SUCCESS,nextIndex=22,followerCommit=20,matchIndex=21
2024-10-09 04:29:51,451 DEBUG server.RaftServer$Division (RaftServerImpl.java:submitClientRequestAsync(916)) - s0@group-C596DBC0762E: receive client request(RaftClientRequest:client-D33A405D9311->s0@group-C596DBC0762E, cid=4584, seq=null, RW, Message:01016300)
2024-10-09 04:29:51,451 DEBUG server.RaftServer$Division (RaftServerImpl.java:logAppendEntries(1545)) - s10@group-C596DBC0762E: appendEntries* reply s0<-s10#4583:OK-t1,SUCCESS,nextIndex=23,followerCommit=21,matchIndex=22
2024-10-09 04:29:51,451 DEBUG server.RaftServer$Division (LeaderStateImpl.java:addPendingRequest(529)) - s0@group-C596DBC0762E-LeaderStateImpl: addPendingRequest at RaftClientRequest:client-D33A405D9311->s0@group-C596DBC0762E, cid=4584, seq=null, RW, Message:01016300, entry=(t:1, i:23), STATEMACHINELOGENTRY, WRITE: logData.size=4, stateMachineData.size=0, logEntryProtoSerializedSize=0
2024-10-09 04:29:51,451 DEBUG server.RaftServer$Division (RaftServerImpl.java:logAppendEntries(1545)) - s10@group-C596DBC0762E: appendEntries* s0->s10#4586-t1,previous=(t:1, i:22),leaderCommit=21,initializing? false,entries: size=1, first=(t:1, i:23), STATEMACHINELOGENTRY, StateMachineLogEntryProto:4584@client-D33A405D9311
2024-10-09 04:29:51,451 DEBUG server.RaftServer$Division (RaftServerImpl.java:logAppendEntries(1545)) - s1@group-C596DBC0762E: appendEntries* s0->s1#4585-t1,previous=(t:1, i:21),leaderCommit=21,initializing? false,entries: size=1, first=(t:1, i:22), METADATAENTRY(c:21)
2024-10-09 04:29:51,452 DEBUG server.RaftServer$Division (RaftServerImpl.java:logAppendEntries(1545)) - s10@group-C596DBC0762E: appendEntries* reply s0<-s10#4586:OK-t1,SUCCESS,nextIndex=24,followerCommit=21,matchIndex=23
2024-10-09 04:29:51,452 DEBUG server.RaftServer$Division (RaftServerImpl.java:logAppendEntries(1545)) - s1@group-C596DBC0762E: appendEntries* reply s0<-s1#4585:OK-t1,SUCCESS,nextIndex=23,followerCommit=21,matchIndex=22
2024-10-09 04:29:51,452 INFO  statemachine.StateMachine (ArithmeticStateMachine.java:applyTransaction(181)) - LEADER:s0-23: c = null = null
2024-10-09 04:29:51,453 DEBUG server.RaftServer$Division (RaftServerImpl.java:logAppendEntries(1545)) - s10@group-C596DBC0762E: appendEntries* s0->s10#4588-t1,previous=(t:1, i:23),leaderCommit=23,initializing? false,entries: size=1, first=(t:1, i:24), METADATAENTRY(c:23)
2024-10-09 04:29:51,453 DEBUG server.RaftServer$Division (RaftServerImpl.java:logAppendEntries(1545)) - s1@group-C596DBC0762E: appendEntries* s0->s1#4587-t1,previous=(t:1, i:22),leaderCommit=23,initializing? false,entries: size=2, first=(t:1, i:23), STATEMACHINELOGENTRY, StateMachineLogEntryProto:4584@client-D33A405D9311
2024-10-09 04:29:51,453 DEBUG server.RaftServer$Division (RaftServerImpl.java:submitClientRequestAsync(916)) - s0@group-C596DBC0762E: receive client request(RaftClientRequest:client-D33A405D9311->s0@group-C596DBC0762E, cid=4589, seq=null, RW, Message:01016102401c00000000...(size=12))
2024-10-09 04:29:51,453 DEBUG server.RaftServer$Division (RaftServerImpl.java:logAppendEntries(1545)) - s10@group-C596DBC0762E: appendEntries* reply s0<-s10#4588:OK-t1,SUCCESS,nextIndex=25,followerCommit=23,matchIndex=24
2024-10-09 04:29:51,454 DEBUG server.RaftServer$Division (LeaderStateImpl.java:addPendingRequest(529)) - s0@group-C596DBC0762E-LeaderStateImpl: addPendingRequest at RaftClientRequest:client-D33A405D9311->s0@group-C596DBC0762E, cid=4589, seq=null, RW, Message:01016102401c00000000...(size=12), entry=(t:1, i:25), STATEMACHINELOGENTRY, WRITE: logData.size=12, stateMachineData.size=0, logEntryProtoSerializedSize=0
2024-10-09 04:29:51,454 DEBUG server.RaftServer$Division (RaftServerImpl.java:logAppendEntries(1545)) - s10@group-C596DBC0762E: appendEntries* s0->s10#4590-t1,previous=(t:1, i:24),leaderCommit=23,initializing? false,entries: size=1, first=(t:1, i:25), STATEMACHINELOGENTRY, StateMachineLogEntryProto:4589@client-D33A405D9311
2024-10-09 04:29:51,454 DEBUG server.RaftServer$Division (RaftServerImpl.java:logAppendEntries(1545)) - s10@group-C596DBC0762E: appendEntries* reply s0<-s10#4590:OK-t1,SUCCESS,nextIndex=26,followerCommit=23,matchIndex=25
2024-10-09 04:29:51,454 DEBUG server.RaftServer$Division (RaftServerImpl.java:logAppendEntries(1545)) - s1@group-C596DBC0762E: appendEntries* reply s0<-s1#4587:OK-t1,SUCCESS,nextIndex=25,followerCommit=23,matchIndex=24
2024-10-09 04:29:51,455 INFO  statemachine.StateMachine (ArithmeticStateMachine.java:applyTransaction(181)) - LEADER:s0-25: a = 7 = 7
2024-10-09 04:29:51,455 DEBUG server.RaftServer$Division (RaftServerImpl.java:logAppendEntries(1545)) - s10@group-C596DBC0762E: appendEntries* s0->s10#4591-t1,previous=(t:1, i:25),leaderCommit=25,initializing? false,entries: size=1, first=(t:1, i:26), METADATAENTRY(c:25)
2024-10-09 04:29:51,456 DEBUG server.RaftServer$Division (RaftServerImpl.java:logAppendEntries(1545)) - s1@group-C596DBC0762E: appendEntries* s0->s1#4592-t1,previous=(t:1, i:24),leaderCommit=25,initializing? false,entries: size=2, first=(t:1, i:25), STATEMACHINELOGENTRY, StateMachineLogEntryProto:4589@client-D33A405D9311
2024-10-09 04:29:51,456 DEBUG server.RaftServer$Division (RaftServerImpl.java:submitClientRequestAsync(916)) - s0@group-C596DBC0762E: receive client request(RaftClientRequest:client-D33A405D9311->s0@group-C596DBC0762E, cid=4593, seq=null, RW, Message:01016202403800000000...(size=12))
2024-10-09 04:29:51,456 DEBUG server.RaftServer$Division (LeaderStateImpl.java:addPendingRequest(529)) - s0@group-C596DBC0762E-LeaderStateImpl: addPendingRequest at RaftClientRequest:client-D33A405D9311->s0@group-C596DBC0762E, cid=4593, seq=null, RW, Message:01016202403800000000...(size=12), entry=(t:1, i:27), STATEMACHINELOGENTRY, WRITE: logData.size=12, stateMachineData.size=0, logEntryProtoSerializedSize=0
2024-10-09 04:29:51,457 DEBUG server.RaftServer$Division (RaftServerImpl.java:logAppendEntries(1545)) - s10@group-C596DBC0762E: appendEntries* reply s0<-s10#4591:OK-t1,SUCCESS,nextIndex=27,followerCommit=25,matchIndex=26
2024-10-09 04:29:51,457 DEBUG server.RaftServer$Division (RaftServerImpl.java:logAppendEntries(1545)) - s1@group-C596DBC0762E: appendEntries* reply s0<-s1#4592:OK-t1,SUCCESS,nextIndex=27,followerCommit=25,matchIndex=26
2024-10-09 04:29:51,458 DEBUG server.RaftServer$Division (RaftServerImpl.java:logAppendEntries(1545)) - s10@group-C596DBC0762E: appendEntries* s0->s10#4594-t1,previous=(t:1, i:26),leaderCommit=25,initializing? false,entries: size=1, first=(t:1, i:27), STATEMACHINELOGENTRY, StateMachineLogEntryProto:4593@client-D33A405D9311
2024-10-09 04:29:51,458 DEBUG server.RaftServer$Division (RaftServerImpl.java:logAppendEntries(1545)) - s1@group-C596DBC0762E: appendEntries* s0->s1#4595-t1,previous=(t:1, i:26),leaderCommit=26,initializing? false,entries: size=1, first=(t:1, i:27), STATEMACHINELOGENTRY, StateMachineLogEntryProto:4593@client-D33A405D9311
2024-10-09 04:29:51,458 DEBUG server.RaftServer$Division (RaftServerImpl.java:logAppendEntries(1545)) - s10@group-C596DBC0762E: appendEntries* reply s0<-s10#4594:OK-t1,SUCCESS,nextIndex=28,followerCommit=25,matchIndex=27
2024-10-09 04:29:51,458 DEBUG server.RaftServer$Division (RaftServerImpl.java:logAppendEntries(1545)) - s1@group-C596DBC0762E: appendEntries* reply s0<-s1#4595:OK-t1,SUCCESS,nextIndex=28,followerCommit=26,matchIndex=27
2024-10-09 04:29:51,458 INFO  statemachine.StateMachine (ArithmeticStateMachine.java:applyTransaction(181)) - LEADER:s0-27: b = 24 = 24
2024-10-09 04:29:51,459 DEBUG server.RaftServer$Division (RaftServerImpl.java:logAppendEntries(1545)) - s10@group-C596DBC0762E: appendEntries* s0->s10#4596-t1,previous=(t:1, i:27),leaderCommit=27,initializing? false,entries: size=1, first=(t:1, i:28), METADATAENTRY(c:27)
2024-10-09 04:29:51,459 DEBUG server.RaftServer$Division (RaftServerImpl.java:logAppendEntries(1545)) - s1@group-C596DBC0762E: appendEntries* s0->s1#4597-t1,previous=(t:1, i:27),leaderCommit=27,initializing? false,entries: size=1, first=(t:1, i:28), METADATAENTRY(c:27)
2024-10-09 04:29:51,459 DEBUG server.RaftServer$Division (RaftServerImpl.java:logAppendEntries(1545)) - s10@group-C596DBC0762E: appendEntries* reply s0<-s10#4596:OK-t1,SUCCESS,nextIndex=29,followerCommit=27,matchIndex=28
2024-10-09 04:29:51,459 DEBUG server.RaftServer$Division (RaftServerImpl.java:logAppendEntries(1545)) - s1@group-C596DBC0762E: appendEntries* reply s0<-s1#4597:OK-t1,SUCCESS,nextIndex=29,followerCommit=27,matchIndex=28
2024-10-09 04:29:51,460 DEBUG server.RaftServer$Division (RaftServerImpl.java:submitClientRequestAsync(916)) - s0@group-C596DBC0762E: receive client request(RaftClientRequest:client-D33A405D9311->s0@group-C596DBC0762E, cid=4598, seq=null, RW, Message:01016304010300040201...(size=17))
2024-10-09 04:29:51,460 DEBUG server.RaftServer$Division (LeaderStateImpl.java:addPendingRequest(529)) - s0@group-C596DBC0762E-LeaderStateImpl: addPendingRequest at RaftClientRequest:client-D33A405D9311->s0@group-C596DBC0762E, cid=4598, seq=null, RW, Message:01016304010300040201...(size=17), entry=(t:1, i:29), STATEMACHINELOGENTRY, WRITE: logData.size=17, stateMachineData.size=0, logEntryProtoSerializedSize=0
2024-10-09 04:29:51,460 DEBUG server.RaftServer$Division (RaftServerImpl.java:logAppendEntries(1545)) - s10@group-C596DBC0762E: appendEntries* s0->s10#4599-t1,previous=(t:1, i:28),leaderCommit=28,initializing? false,entries: size=1, first=(t:1, i:29), STATEMACHINELOGENTRY, StateMachineLogEntryProto:4598@client-D33A405D9311
2024-10-09 04:29:51,461 DEBUG server.RaftServer$Division (RaftServerImpl.java:logAppendEntries(1545)) - s10@group-C596DBC0762E: appendEntries* reply s0<-s10#4599:OK-t1,SUCCESS,nextIndex=30,followerCommit=28,matchIndex=29
2024-10-09 04:29:51,461 INFO  statemachine.StateMachine (ArithmeticStateMachine.java:applyTransaction(181)) - LEADER:s0-29: c = √(a^2 + b^2) = 25
2024-10-09 04:29:51,462 DEBUG server.RaftServer$Division (RaftServerImpl.java:logAppendEntries(1545)) - s10@group-C596DBC0762E: appendEntries* s0->s10#4601-t1,previous=(t:1, i:29),leaderCommit=29,initializing? false,entries: size=1, first=(t:1, i:30), METADATAENTRY(c:29)
2024-10-09 04:29:51,462 DEBUG server.RaftServer$Division (RaftServerImpl.java:logAppendEntries(1545)) - s1@group-C596DBC0762E: appendEntries* s0->s1#4600-t1,previous=(t:1, i:28),leaderCommit=28,initializing? false,entries: size=1, first=(t:1, i:29), STATEMACHINELOGENTRY, StateMachineLogEntryProto:4598@client-D33A405D9311
2024-10-09 04:29:51,462 DEBUG server.RaftServer$Division (RaftServerImpl.java:logAppendEntries(1545)) - s10@group-C596DBC0762E: appendEntries* reply s0<-s10#4601:OK-t1,SUCCESS,nextIndex=31,followerCommit=29,matchIndex=30
2024-10-09 04:29:51,463 DEBUG server.RaftServer$Division (RaftServerImpl.java:logAppendEntries(1545)) - s1@group-C596DBC0762E: appendEntries* reply s0<-s1#4600:OK-t1,SUCCESS,nextIndex=30,followerCommit=28,matchIndex=29
2024-10-09 04:29:51,463 DEBUG server.RaftServer$Division (RaftServerImpl.java:submitClientRequestAsync(916)) - s0@group-C596DBC0762E: receive client request(RaftClientRequest:client-D33A405D9311->s0@group-C596DBC0762E, cid=4602, seq=null, RW, Message:01016100)
2024-10-09 04:29:51,463 DEBUG server.RaftServer$Division (LeaderStateImpl.java:addPendingRequest(529)) - s0@group-C596DBC0762E-LeaderStateImpl: addPendingRequest at RaftClientRequest:client-D33A405D9311->s0@group-C596DBC0762E, cid=4602, seq=null, RW, Message:01016100, entry=(t:1, i:31), STATEMACHINELOGENTRY, WRITE: logData.size=4, stateMachineData.size=0, logEntryProtoSerializedSize=0
2024-10-09 04:29:51,463 DEBUG server.RaftServer$Division (RaftServerImpl.java:logAppendEntries(1545)) - s1@group-C596DBC0762E: appendEntries* s0->s1#4603-t1,previous=(t:1, i:29),leaderCommit=30,initializing? false,entries: size=1, first=(t:1, i:30), METADATAENTRY(c:29)
2024-10-09 04:29:51,464 DEBUG server.RaftServer$Division (RaftServerImpl.java:logAppendEntries(1545)) - s10@group-C596DBC0762E: appendEntries* s0->s10#4604-t1,previous=(t:1, i:30),leaderCommit=30,initializing? false,entries: size=1, first=(t:1, i:31), STATEMACHINELOGENTRY, StateMachineLogEntryProto:4602@client-D33A405D9311
2024-10-09 04:29:51,464 DEBUG server.RaftServer$Division (RaftServerImpl.java:logAppendEntries(1545)) - s1@group-C596DBC0762E: appendEntries* reply s0<-s1#4603:OK-t1,SUCCESS,nextIndex=31,followerCommit=30,matchIndex=30
2024-10-09 04:29:51,464 DEBUG server.RaftServer$Division (RaftServerImpl.java:logAppendEntries(1545)) - s10@group-C596DBC0762E: appendEntries* reply s0<-s10#4604:OK-t1,SUCCESS,nextIndex=32,followerCommit=30,matchIndex=31
2024-10-09 04:29:51,465 DEBUG server.RaftServer$Division (RaftServerImpl.java:logAppendEntries(1545)) - s1@group-C596DBC0762E: appendEntries* s0->s1#4605-t1,previous=(t:1, i:30),leaderCommit=30,initializing? false,entries: size=1, first=(t:1, i:31), STATEMACHINELOGENTRY, StateMachineLogEntryProto:4602@client-D33A405D9311
2024-10-09 04:29:51,465 INFO  statemachine.StateMachine (ArithmeticStateMachine.java:applyTransaction(181)) - LEADER:s0-31: a = null = null
2024-10-09 04:29:51,465 DEBUG server.RaftServer$Division (RaftServerImpl.java:logAppendEntries(1545)) - s10@group-C596DBC0762E: appendEntries* s0->s10#4606-t1,previous=(t:1, i:31),leaderCommit=31,initializing? false,entries: size=1, first=(t:1, i:32), METADATAENTRY(c:31)
2024-10-09 04:29:51,466 DEBUG server.RaftServer$Division (RaftServerImpl.java:logAppendEntries(1545)) - s1@group-C596DBC0762E: appendEntries* reply s0<-s1#4605:OK-t1,SUCCESS,nextIndex=32,followerCommit=30,matchIndex=31
2024-10-09 04:29:51,466 DEBUG server.RaftServer$Division (RaftServerImpl.java:submitClientRequestAsync(916)) - s0@group-C596DBC0762E: receive client request(RaftClientRequest:client-D33A405D9311->s0@group-C596DBC0762E, cid=4607, seq=null, RW, Message:01016200)
2024-10-09 04:29:51,466 DEBUG server.RaftServer$Division (RaftServerImpl.java:logAppendEntries(1545)) - s10@group-C596DBC0762E: appendEntries* reply s0<-s10#4606:OK-t1,SUCCESS,nextIndex=33,followerCommit=31,matchIndex=32
2024-10-09 04:29:51,466 DEBUG server.RaftServer$Division (LeaderStateImpl.java:addPendingRequest(529)) - s0@group-C596DBC0762E-LeaderStateImpl: addPendingRequest at RaftClientRequest:client-D33A405D9311->s0@group-C596DBC0762E, cid=4607, seq=null, RW, Message:01016200, entry=(t:1, i:33), STATEMACHINELOGENTRY, WRITE: logData.size=4, stateMachineData.size=0, logEntryProtoSerializedSize=0
2024-10-09 04:29:51,466 DEBUG server.RaftServer$Division (RaftServerImpl.java:logAppendEntries(1545)) - s1@group-C596DBC0762E: appendEntries* s0->s1#4608-t1,previous=(t:1, i:31),leaderCommit=31,initializing? false,entries: size=1, first=(t:1, i:32), METADATAENTRY(c:31)
2024-10-09 04:29:51,467 DEBUG server.RaftServer$Division (RaftServerImpl.java:logAppendEntries(1545)) - s10@group-C596DBC0762E: appendEntries* s0->s10#4609-t1,previous=(t:1, i:32),leaderCommit=31,initializing? false,entries: size=1, first=(t:1, i:33), STATEMACHINELOGENTRY, StateMachineLogEntryProto:4607@client-D33A405D9311
2024-10-09 04:29:51,467 DEBUG server.RaftServer$Division (RaftServerImpl.java:logAppendEntries(1545)) - s1@group-C596DBC0762E: appendEntries* reply s0<-s1#4608:OK-t1,SUCCESS,nextIndex=33,followerCommit=31,matchIndex=32
2024-10-09 04:29:51,467 DEBUG server.RaftServer$Division (RaftServerImpl.java:logAppendEntries(1545)) - s10@group-C596DBC0762E: appendEntries* reply s0<-s10#4609:OK-t1,SUCCESS,nextIndex=34,followerCommit=31,matchIndex=33
2024-10-09 04:29:51,467 DEBUG server.RaftServer$Division (RaftServerImpl.java:logAppendEntries(1545)) - s1@group-C596DBC0762E: appendEntries* s0->s1#4610-t1,previous=(t:1, i:32),leaderCommit=32,initializing? false,entries: size=1, first=(t:1, i:33), STATEMACHINELOGENTRY, StateMachineLogEntryProto:4607@client-D33A405D9311
2024-10-09 04:29:51,467 INFO  statemachine.StateMachine (ArithmeticStateMachine.java:applyTransaction(181)) - LEADER:s0-33: b = null = null
2024-10-09 04:29:51,468 DEBUG server.RaftServer$Division (RaftServerImpl.java:logAppendEntries(1545)) - s10@group-C596DBC0762E: appendEntries* s0->s10#4611-t1,previous=(t:1, i:33),leaderCommit=33,initializing? false,entries: size=1, first=(t:1, i:34), METADATAENTRY(c:33)
2024-10-09 04:29:51,468 DEBUG server.RaftServer$Division (RaftServerImpl.java:logAppendEntries(1545)) - s1@group-C596DBC0762E: appendEntries* reply s0<-s1#4610:OK-t1,SUCCESS,nextIndex=34,followerCommit=32,matchIndex=33
2024-10-09 04:29:51,468 DEBUG server.RaftServer$Division (RaftServerImpl.java:logAppendEntries(1545)) - s10@group-C596DBC0762E: appendEntries* reply s0<-s10#4611:OK-t1,SUCCESS,nextIndex=35,followerCommit=33,matchIndex=34
2024-10-09 04:29:51,469 DEBUG server.RaftServer$Division (RaftServerImpl.java:logAppendEntries(1545)) - s1@group-C596DBC0762E: appendEntries* s0->s1#4613-t1,previous=(t:1, i:33),leaderCommit=33,initializing? false,entries: size=1, first=(t:1, i:34), METADATAENTRY(c:33)
2024-10-09 04:29:51,469 DEBUG server.RaftServer$Division (RaftServerImpl.java:submitClientRequestAsync(916)) - s0@group-C596DBC0762E: receive client request(RaftClientRequest:client-D33A405D9311->s0@group-C596DBC0762E, cid=4612, seq=null, RW, Message:01016300)
2024-10-09 04:29:51,469 DEBUG server.RaftServer$Division (RaftServerImpl.java:logAppendEntries(1545)) - s1@group-C596DBC0762E: appendEntries* reply s0<-s1#4613:OK-t1,SUCCESS,nextIndex=35,followerCommit=33,matchIndex=34
2024-10-09 04:29:51,469 DEBUG server.RaftServer$Division (LeaderStateImpl.java:addPendingRequest(529)) - s0@group-C596DBC0762E-LeaderStateImpl: addPendingRequest at RaftClientRequest:client-D33A405D9311->s0@group-C596DBC0762E, cid=4612, seq=null, RW, Message:01016300, entry=(t:1, i:35), STATEMACHINELOGENTRY, WRITE: logData.size=4, stateMachineData.size=0, logEntryProtoSerializedSize=0
2024-10-09 04:29:51,470 DEBUG server.RaftServer$Division (RaftServerImpl.java:logAppendEntries(1545)) - s10@group-C596DBC0762E: appendEntries* s0->s10#4614-t1,previous=(t:1, i:34),leaderCommit=34,initializing? false,entries: size=1, first=(t:1, i:35), STATEMACHINELOGENTRY, StateMachineLogEntryProto:4612@client-D33A405D9311
2024-10-09 04:29:51,470 DEBUG server.RaftServer$Division (RaftServerImpl.java:logAppendEntries(1545)) - s1@group-C596DBC0762E: appendEntries* s0->s1#4615-t1,previous=(t:1, i:34),leaderCommit=34,initializing? false,entries: size=1, first=(t:1, i:35), STATEMACHINELOGENTRY, StateMachineLogEntryProto:4612@client-D33A405D9311
2024-10-09 04:29:51,470 DEBUG server.RaftServer$Division (RaftServerImpl.java:logAppendEntries(1545)) - s10@group-C596DBC0762E: appendEntries* reply s0<-s10#4614:OK-t1,SUCCESS,nextIndex=36,followerCommit=34,matchIndex=35
2024-10-09 04:29:51,470 DEBUG server.RaftServer$Division (RaftServerImpl.java:logAppendEntries(1545)) - s1@group-C596DBC0762E: appendEntries* reply s0<-s1#4615:OK-t1,SUCCESS,nextIndex=36,followerCommit=34,matchIndex=35
2024-10-09 04:29:51,470 INFO  statemachine.StateMachine (ArithmeticStateMachine.java:applyTransaction(181)) - LEADER:s0-35: c = null = null
2024-10-09 04:29:51,471 DEBUG server.RaftServer$Division (RaftServerImpl.java:logAppendEntries(1545)) - s10@group-C596DBC0762E: appendEntries* s0->s10#4617-t1,previous=(t:1, i:35),leaderCommit=35,initializing? false,entries: size=1, first=(t:1, i:36), METADATAENTRY(c:35)
2024-10-09 04:29:51,471 DEBUG server.RaftServer$Division (RaftServerImpl.java:logAppendEntries(1545)) - s1@group-C596DBC0762E: appendEntries* s0->s1#4616-t1,previous=(t:1, i:35),leaderCommit=35,initializing? false,entries: size=1, first=(t:1, i:36), METADATAENTRY(c:35)
2024-10-09 04:29:51,471 DEBUG server.RaftServer$Division (RaftServerImpl.java:logAppendEntries(1545)) - s10@group-C596DBC0762E: appendEntries* reply s0<-s10#4617:OK-t1,SUCCESS,nextIndex=37,followerCommit=35,matchIndex=36
2024-10-09 04:29:51,472 DEBUG server.RaftServer$Division (RaftServerImpl.java:logAppendEntries(1545)) - s1@group-C596DBC0762E: appendEntries* reply s0<-s1#4616:OK-t1,SUCCESS,nextIndex=37,followerCommit=35,matchIndex=36
2024-10-09 04:29:51,475 DEBUG server.RaftServer$Division (RaftServerImpl.java:submitClientRequestAsync(916)) - s0@group-C596DBC0762E: receive client request(RaftClientRequest:client-D33A405D9311->s0@group-C596DBC0762E, cid=4618, seq=null, RW, Message:01016102402200000000...(size=12))
2024-10-09 04:29:51,475 DEBUG server.RaftServer$Division (LeaderStateImpl.java:addPendingRequest(529)) - s0@group-C596DBC0762E-LeaderStateImpl: addPendingRequest at RaftClientRequest:client-D33A405D9311->s0@group-C596DBC0762E, cid=4618, seq=null, RW, Message:01016102402200000000...(size=12), entry=(t:1, i:37), STATEMACHINELOGENTRY, WRITE: logData.size=12, stateMachineData.size=0, logEntryProtoSerializedSize=0
2024-10-09 04:29:51,476 DEBUG server.RaftServer$Division (RaftServerImpl.java:logAppendEntries(1545)) - s10@group-C596DBC0762E: appendEntries* s0->s10#4619-t1,previous=(t:1, i:36),leaderCommit=36,initializing? false,entries: size=1, first=(t:1, i:37), STATEMACHINELOGENTRY, StateMachineLogEntryProto:4618@client-D33A405D9311
2024-10-09 04:29:51,476 DEBUG server.RaftServer$Division (RaftServerImpl.java:logAppendEntries(1545)) - s10@group-C596DBC0762E: appendEntries* reply s0<-s10#4619:OK-t1,SUCCESS,nextIndex=38,followerCommit=36,matchIndex=37
2024-10-09 04:29:51,477 DEBUG server.RaftServer$Division (RaftServerImpl.java:logAppendEntries(1545)) - s1@group-C596DBC0762E: appendEntries* s0->s1#4620-t1,previous=(t:1, i:36),leaderCommit=36,initializing? false,entries: size=1, first=(t:1, i:37), STATEMACHINELOGENTRY, StateMachineLogEntryProto:4618@client-D33A405D9311
2024-10-09 04:29:51,477 INFO  statemachine.StateMachine (ArithmeticStateMachine.java:applyTransaction(181)) - LEADER:s0-37: a = 9 = 9
2024-10-09 04:29:51,477 DEBUG server.RaftServer$Division (RaftServerImpl.java:logAppendEntries(1545)) - s1@group-C596DBC0762E: appendEntries* reply s0<-s1#4620:OK-t1,SUCCESS,nextIndex=38,followerCommit=36,matchIndex=37
2024-10-09 04:29:51,478 DEBUG server.RaftServer$Division (RaftServerImpl.java:logAppendEntries(1545)) - s1@group-C596DBC0762E: appendEntries* s0->s1#4623-t1,previous=(t:1, i:37),leaderCommit=37,initializing? false,entries: size=1, first=(t:1, i:38), METADATAENTRY(c:37)
2024-10-09 04:29:51,478 DEBUG server.RaftServer$Division (RaftServerImpl.java:logAppendEntries(1545)) - s1@group-C596DBC0762E: appendEntries* reply s0<-s1#4623:OK-t1,SUCCESS,nextIndex=39,followerCommit=37,matchIndex=38
2024-10-09 04:29:51,479 DEBUG server.RaftServer$Division (RaftServerImpl.java:logAppendEntries(1545)) - s10@group-C596DBC0762E: appendEntries* s0->s10#4621-t1,previous=(t:1, i:37),leaderCommit=37,initializing? false,entries: size=1, first=(t:1, i:38), METADATAENTRY(c:37)
2024-10-09 04:29:51,479 DEBUG server.RaftServer$Division (RaftServerImpl.java:logAppendEntries(1545)) - s10@group-C596DBC0762E: appendEntries* reply s0<-s10#4621:OK-t1,SUCCESS,nextIndex=39,followerCommit=37,matchIndex=38
2024-10-09 04:29:51,480 DEBUG server.RaftServer$Division (RaftServerImpl.java:submitClientRequestAsync(916)) - s0@group-C596DBC0762E: receive client request(RaftClientRequest:client-D33A405D9311->s0@group-C596DBC0762E, cid=4622, seq=null, RW, Message:01016202404400000000...(size=12))
2024-10-09 04:29:51,480 DEBUG server.RaftServer$Division (LeaderStateImpl.java:addPendingRequest(529)) - s0@group-C596DBC0762E-LeaderStateImpl: addPendingRequest at RaftClientRequest:client-D33A405D9311->s0@group-C596DBC0762E, cid=4622, seq=null, RW, Message:01016202404400000000...(size=12), entry=(t:1, i:39), STATEMACHINELOGENTRY, WRITE: logData.size=12, stateMachineData.size=0, logEntryProtoSerializedSize=0
2024-10-09 04:29:51,480 DEBUG server.RaftServer$Division (RaftServerImpl.java:logAppendEntries(1545)) - s10@group-C596DBC0762E: appendEntries* s0->s10#4624-t1,previous=(t:1, i:38),leaderCommit=38,initializing? false,entries: size=1, first=(t:1, i:39), STATEMACHINELOGENTRY, StateMachineLogEntryProto:4622@client-D33A405D9311
2024-10-09 04:29:51,481 DEBUG server.RaftServer$Division (RaftServerImpl.java:logAppendEntries(1545)) - s10@group-C596DBC0762E: appendEntries* reply s0<-s10#4624:OK-t1,SUCCESS,nextIndex=40,followerCommit=38,matchIndex=39
2024-10-09 04:29:51,481 DEBUG server.RaftServer$Division (RaftServerImpl.java:logAppendEntries(1545)) - s1@group-C596DBC0762E: appendEntries* s0->s1#4625-t1,previous=(t:1, i:38),leaderCommit=38,initializing? false,entries: size=1, first=(t:1, i:39), STATEMACHINELOGENTRY, StateMachineLogEntryProto:4622@client-D33A405D9311
2024-10-09 04:29:51,481 INFO  statemachine.StateMachine (ArithmeticStateMachine.java:applyTransaction(181)) - LEADER:s0-39: b = 40 = 40
2024-10-09 04:29:51,482 DEBUG server.RaftServer$Division (RaftServerImpl.java:logAppendEntries(1545)) - s1@group-C596DBC0762E: appendEntries* reply s0<-s1#4625:OK-t1,SUCCESS,nextIndex=40,followerCommit=38,matchIndex=39
2024-10-09 04:29:51,482 DEBUG server.RaftServer$Division (RaftServerImpl.java:logAppendEntries(1545)) - s10@group-C596DBC0762E: appendEntries* s0->s10#4626-t1,previous=(t:1, i:39),leaderCommit=39,initializing? false,entries: size=1, first=(t:1, i:40), METADATAENTRY(c:39)
2024-10-09 04:29:51,482 DEBUG server.RaftServer$Division (RaftServerImpl.java:logAppendEntries(1545)) - s1@group-C596DBC0762E: appendEntries* s0->s1#4627-t1,previous=(t:1, i:39),leaderCommit=39,initializing? false,entries: size=1, first=(t:1, i:40), METADATAENTRY(c:39)
2024-10-09 04:29:51,483 DEBUG server.RaftServer$Division (RaftServerImpl.java:logAppendEntries(1545)) - s10@group-C596DBC0762E: appendEntries* reply s0<-s10#4626:OK-t1,SUCCESS,nextIndex=41,followerCommit=39,matchIndex=40
2024-10-09 04:29:51,483 DEBUG server.RaftServer$Division (RaftServerImpl.java:logAppendEntries(1545)) - s1@group-C596DBC0762E: appendEntries* reply s0<-s1#4627:OK-t1,SUCCESS,nextIndex=41,followerCommit=39,matchIndex=40
2024-10-09 04:29:51,483 DEBUG server.RaftServer$Division (RaftServerImpl.java:submitClientRequestAsync(916)) - s0@group-C596DBC0762E: receive client request(RaftClientRequest:client-D33A405D9311->s0@group-C596DBC0762E, cid=4628, seq=null, RW, Message:01016304010300040201...(size=17))
2024-10-09 04:29:51,484 DEBUG server.RaftServer$Division (LeaderStateImpl.java:addPendingRequest(529)) - s0@group-C596DBC0762E-LeaderStateImpl: addPendingRequest at RaftClientRequest:client-D33A405D9311->s0@group-C596DBC0762E, cid=4628, seq=null, RW, Message:01016304010300040201...(size=17), entry=(t:1, i:41), STATEMACHINELOGENTRY, WRITE: logData.size=17, stateMachineData.size=0, logEntryProtoSerializedSize=0
2024-10-09 04:29:51,484 DEBUG server.RaftServer$Division (RaftServerImpl.java:logAppendEntries(1545)) - s10@group-C596DBC0762E: appendEntries* s0->s10#4629-t1,previous=(t:1, i:40),leaderCommit=40,initializing? false,entries: size=1, first=(t:1, i:41), STATEMACHINELOGENTRY, StateMachineLogEntryProto:4628@client-D33A405D9311
2024-10-09 04:29:51,485 DEBUG server.RaftServer$Division (RaftServerImpl.java:logAppendEntries(1545)) - s10@group-C596DBC0762E: appendEntries* reply s0<-s10#4629:OK-t1,SUCCESS,nextIndex=42,followerCommit=40,matchIndex=41
2024-10-09 04:29:51,485 DEBUG server.RaftServer$Division (RaftServerImpl.java:logAppendEntries(1545)) - s1@group-C596DBC0762E: appendEntries* s0->s1#4630-t1,previous=(t:1, i:40),leaderCommit=40,initializing? false,entries: size=1, first=(t:1, i:41), STATEMACHINELOGENTRY, StateMachineLogEntryProto:4628@client-D33A405D9311
2024-10-09 04:29:51,485 INFO  statemachine.StateMachine (ArithmeticStateMachine.java:applyTransaction(181)) - LEADER:s0-41: c = √(a^2 + b^2) = 41
2024-10-09 04:29:51,485 DEBUG server.RaftServer$Division (RaftServerImpl.java:logAppendEntries(1545)) - s1@group-C596DBC0762E: appendEntries* reply s0<-s1#4630:OK-t1,SUCCESS,nextIndex=42,followerCommit=40,matchIndex=41
2024-10-09 04:29:51,486 DEBUG server.RaftServer$Division (RaftServerImpl.java:logAppendEntries(1545)) - s10@group-C596DBC0762E: appendEntries* s0->s10#4631-t1,previous=(t:1, i:41),leaderCommit=41,initializing? false,entries: size=1, first=(t:1, i:42), METADATAENTRY(c:41)
2024-10-09 04:29:51,486 DEBUG server.RaftServer$Division (RaftServerImpl.java:logAppendEntries(1545)) - s10@group-C596DBC0762E: appendEntries* reply s0<-s10#4631:OK-t1,SUCCESS,nextIndex=43,followerCommit=41,matchIndex=42
2024-10-09 04:29:51,486 DEBUG server.RaftServer$Division (RaftServerImpl.java:logAppendEntries(1545)) - s1@group-C596DBC0762E: appendEntries* s0->s1#4632-t1,previous=(t:1, i:41),leaderCommit=41,initializing? false,entries: size=1, first=(t:1, i:42), METADATAENTRY(c:41)
2024-10-09 04:29:51,486 DEBUG server.RaftServer$Division (RaftServerImpl.java:submitClientRequestAsync(916)) - s0@group-C596DBC0762E: receive client request(RaftClientRequest:client-D33A405D9311->s0@group-C596DBC0762E, cid=4633, seq=null, RW, Message:01016100)
2024-10-09 04:29:51,487 DEBUG server.RaftServer$Division (RaftServerImpl.java:logAppendEntries(1545)) - s1@group-C596DBC0762E: appendEntries* reply s0<-s1#4632:OK-t1,SUCCESS,nextIndex=43,followerCommit=41,matchIndex=42
2024-10-09 04:29:51,487 DEBUG server.RaftServer$Division (LeaderStateImpl.java:addPendingRequest(529)) - s0@group-C596DBC0762E-LeaderStateImpl: addPendingRequest at RaftClientRequest:client-D33A405D9311->s0@group-C596DBC0762E, cid=4633, seq=null, RW, Message:01016100, entry=(t:1, i:43), STATEMACHINELOGENTRY, WRITE: logData.size=4, stateMachineData.size=0, logEntryProtoSerializedSize=0
2024-10-09 04:29:51,487 DEBUG server.RaftServer$Division (RaftServerImpl.java:logAppendEntries(1545)) - s1@group-C596DBC0762E: appendEntries* s0->s1#4634-t1,previous=(t:1, i:42),leaderCommit=42,initializing? false,entries: size=1, first=(t:1, i:43), STATEMACHINELOGENTRY, StateMachineLogEntryProto:4633@client-D33A405D9311
2024-10-09 04:29:51,488 DEBUG server.RaftServer$Division (RaftServerImpl.java:logAppendEntries(1545)) - s1@group-C596DBC0762E: appendEntries* reply s0<-s1#4634:OK-t1,SUCCESS,nextIndex=44,followerCommit=42,matchIndex=43
2024-10-09 04:29:51,488 DEBUG server.RaftServer$Division (RaftServerImpl.java:logAppendEntries(1545)) - s10@group-C596DBC0762E: appendEntries* s0->s10#4635-t1,previous=(t:1, i:42),leaderCommit=42,initializing? false,entries: size=1, first=(t:1, i:43), STATEMACHINELOGENTRY, StateMachineLogEntryProto:4633@client-D33A405D9311
2024-10-09 04:29:51,488 INFO  statemachine.StateMachine (ArithmeticStateMachine.java:applyTransaction(181)) - LEADER:s0-43: a = null = null
2024-10-09 04:29:51,489 DEBUG server.RaftServer$Division (RaftServerImpl.java:logAppendEntries(1545)) - s10@group-C596DBC0762E: appendEntries* reply s0<-s10#4635:OK-t1,SUCCESS,nextIndex=44,followerCommit=42,matchIndex=43
2024-10-09 04:29:51,489 DEBUG server.RaftServer$Division (RaftServerImpl.java:logAppendEntries(1545)) - s1@group-C596DBC0762E: appendEntries* s0->s1#4636-t1,previous=(t:1, i:43),leaderCommit=43,initializing? false,entries: size=1, first=(t:1, i:44), METADATAENTRY(c:43)
2024-10-09 04:29:51,489 DEBUG server.RaftServer$Division (RaftServerImpl.java:logAppendEntries(1545)) - s10@group-C596DBC0762E: appendEntries* s0->s10#4637-t1,previous=(t:1, i:43),leaderCommit=43,initializing? false,entries: size=1, first=(t:1, i:44), METADATAENTRY(c:43)
2024-10-09 04:29:51,489 DEBUG server.RaftServer$Division (RaftServerImpl.java:logAppendEntries(1545)) - s1@group-C596DBC0762E: appendEntries* reply s0<-s1#4636:OK-t1,SUCCESS,nextIndex=45,followerCommit=43,matchIndex=44
2024-10-09 04:29:51,490 DEBUG server.RaftServer$Division (RaftServerImpl.java:logAppendEntries(1545)) - s10@group-C596DBC0762E: appendEntries* reply s0<-s10#4637:OK-t1,SUCCESS,nextIndex=45,followerCommit=43,matchIndex=44
2024-10-09 04:29:51,490 DEBUG server.RaftServer$Division (RaftServerImpl.java:submitClientRequestAsync(916)) - s0@group-C596DBC0762E: receive client request(RaftClientRequest:client-D33A405D9311->s0@group-C596DBC0762E, cid=4638, seq=null, RW, Message:01016200)
2024-10-09 04:29:51,490 DEBUG server.RaftServer$Division (LeaderStateImpl.java:addPendingRequest(529)) - s0@group-C596DBC0762E-LeaderStateImpl: addPendingRequest at RaftClientRequest:client-D33A405D9311->s0@group-C596DBC0762E, cid=4638, seq=null, RW, Message:01016200, entry=(t:1, i:45), STATEMACHINELOGENTRY, WRITE: logData.size=4, stateMachineData.size=0, logEntryProtoSerializedSize=0
2024-10-09 04:29:51,491 DEBUG server.RaftServer$Division (RaftServerImpl.java:logAppendEntries(1545)) - s10@group-C596DBC0762E: appendEntries* s0->s10#4639-t1,previous=(t:1, i:44),leaderCommit=44,initializing? false,entries: size=1, first=(t:1, i:45), STATEMACHINELOGENTRY, StateMachineLogEntryProto:4638@client-D33A405D9311
2024-10-09 04:29:51,491 DEBUG server.RaftServer$Division (RaftServerImpl.java:logAppendEntries(1545)) - s1@group-C596DBC0762E: appendEntries* s0->s1#4640-t1,previous=(t:1, i:44),leaderCommit=44,initializing? false,entries: size=1, first=(t:1, i:45), STATEMACHINELOGENTRY, StateMachineLogEntryProto:4638@client-D33A405D9311
2024-10-09 04:29:51,491 DEBUG server.RaftServer$Division (RaftServerImpl.java:logAppendEntries(1545)) - s10@group-C596DBC0762E: appendEntries* reply s0<-s10#4639:OK-t1,SUCCESS,nextIndex=46,followerCommit=44,matchIndex=45
2024-10-09 04:29:51,492 DEBUG server.RaftServer$Division (RaftServerImpl.java:logAppendEntries(1545)) - s1@group-C596DBC0762E: appendEntries* reply s0<-s1#4640:OK-t1,SUCCESS,nextIndex=46,followerCommit=44,matchIndex=45
2024-10-09 04:29:51,492 INFO  statemachine.StateMachine (ArithmeticStateMachine.java:applyTransaction(181)) - LEADER:s0-45: b = null = null
2024-10-09 04:29:51,492 DEBUG server.RaftServer$Division (RaftServerImpl.java:logAppendEntries(1545)) - s1@group-C596DBC0762E: appendEntries* s0->s1#4642-t1,previous=(t:1, i:45),leaderCommit=45,initializing? false,entries: size=1, first=(t:1, i:46), METADATAENTRY(c:45)
2024-10-09 04:29:51,492 DEBUG server.RaftServer$Division (RaftServerImpl.java:logAppendEntries(1545)) - s10@group-C596DBC0762E: appendEntries* s0->s10#4641-t1,previous=(t:1, i:45),leaderCommit=45,initializing? false,entries: size=1, first=(t:1, i:46), METADATAENTRY(c:45)
2024-10-09 04:29:51,493 DEBUG server.RaftServer$Division (RaftServerImpl.java:logAppendEntries(1545)) - s1@group-C596DBC0762E: appendEntries* reply s0<-s1#4642:OK-t1,SUCCESS,nextIndex=47,followerCommit=45,matchIndex=46
2024-10-09 04:29:51,493 DEBUG server.RaftServer$Division (RaftServerImpl.java:logAppendEntries(1545)) - s10@group-C596DBC0762E: appendEntries* reply s0<-s10#4641:OK-t1,SUCCESS,nextIndex=47,followerCommit=45,matchIndex=46
2024-10-09 04:29:51,494 DEBUG server.RaftServer$Division (RaftServerImpl.java:submitClientRequestAsync(916)) - s0@group-C596DBC0762E: receive client request(RaftClientRequest:client-D33A405D9311->s0@group-C596DBC0762E, cid=4643, seq=null, RW, Message:01016300)
2024-10-09 04:29:51,494 DEBUG server.RaftServer$Division (LeaderStateImpl.java:addPendingRequest(529)) - s0@group-C596DBC0762E-LeaderStateImpl: addPendingRequest at RaftClientRequest:client-D33A405D9311->s0@group-C596DBC0762E, cid=4643, seq=null, RW, Message:01016300, entry=(t:1, i:47), STATEMACHINELOGENTRY, WRITE: logData.size=4, stateMachineData.size=0, logEntryProtoSerializedSize=0
2024-10-09 04:29:51,494 DEBUG server.RaftServer$Division (RaftServerImpl.java:logAppendEntries(1545)) - s10@group-C596DBC0762E: appendEntries* s0->s10#4644-t1,previous=(t:1, i:46),leaderCommit=46,initializing? false,entries: size=1, first=(t:1, i:47), STATEMACHINELOGENTRY, StateMachineLogEntryProto:4643@client-D33A405D9311
2024-10-09 04:29:51,495 DEBUG server.RaftServer$Division (RaftServerImpl.java:logAppendEntries(1545)) - s10@group-C596DBC0762E: appendEntries* reply s0<-s10#4644:OK-t1,SUCCESS,nextIndex=48,followerCommit=46,matchIndex=47
2024-10-09 04:29:51,495 DEBUG server.RaftServer$Division (RaftServerImpl.java:logAppendEntries(1545)) - s1@group-C596DBC0762E: appendEntries* s0->s1#4645-t1,previous=(t:1, i:46),leaderCommit=46,initializing? false,entries: size=1, first=(t:1, i:47), STATEMACHINELOGENTRY, StateMachineLogEntryProto:4643@client-D33A405D9311
2024-10-09 04:29:51,495 INFO  statemachine.StateMachine (ArithmeticStateMachine.java:applyTransaction(181)) - LEADER:s0-47: c = null = null
2024-10-09 04:29:51,496 DEBUG server.RaftServer$Division (RaftServerImpl.java:logAppendEntries(1545)) - s1@group-C596DBC0762E: appendEntries* reply s0<-s1#4645:OK-t1,SUCCESS,nextIndex=48,followerCommit=46,matchIndex=47
2024-10-09 04:29:51,496 DEBUG server.RaftServer$Division (RaftServerImpl.java:logAppendEntries(1545)) - s10@group-C596DBC0762E: appendEntries* s0->s10#4646-t1,previous=(t:1, i:47),leaderCommit=47,initializing? false,entries: size=1, first=(t:1, i:48), METADATAENTRY(c:47)
2024-10-09 04:29:51,496 DEBUG server.RaftServer$Division (RaftServerImpl.java:logAppendEntries(1545)) - s1@group-C596DBC0762E: appendEntries* s0->s1#4647-t1,previous=(t:1, i:47),leaderCommit=47,initializing? false,entries: size=1, first=(t:1, i:48), METADATAENTRY(c:47)
2024-10-09 04:29:51,497 DEBUG server.RaftServer$Division (RaftServerImpl.java:logAppendEntries(1545)) - s10@group-C596DBC0762E: appendEntries* reply s0<-s10#4646:OK-t1,SUCCESS,nextIndex=49,followerCommit=47,matchIndex=48
2024-10-09 04:29:51,497 DEBUG server.RaftServer$Division (RaftServerImpl.java:logAppendEntries(1545)) - s1@group-C596DBC0762E: appendEntries* reply s0<-s1#4647:OK-t1,SUCCESS,nextIndex=49,followerCommit=47,matchIndex=48
2024-10-09 04:29:51,498 WARN  server.GrpcLogAppender (LogUtils.java:warn(121)) - s0@group-A6D95588072C->s9-AppendLogResponseHandler: Failed appendEntries (Repeated 2 times in the last 5.000s): org.apache.ratis.thirdparty.io.grpc.StatusRuntimeException: CANCELLED: RST_STREAM closed stream. HTTP/2 error code: CANCEL
2024-10-09 04:29:51,498 DEBUG server.RaftServer$Division (RaftServerImpl.java:submitClientRequestAsync(916)) - s0@group-C596DBC0762E: receive client request(RaftClientRequest:client-D33A405D9311->s0@group-C596DBC0762E, cid=4648, seq=null, RW, Message:01016102402600000000...(size=12))
2024-10-09 04:29:51,499 DEBUG server.RaftServer$Division (LeaderStateImpl.java:addPendingRequest(529)) - s0@group-C596DBC0762E-LeaderStateImpl: addPendingRequest at RaftClientRequest:client-D33A405D9311->s0@group-C596DBC0762E, cid=4648, seq=null, RW, Message:01016102402600000000...(size=12), entry=(t:1, i:49), STATEMACHINELOGENTRY, WRITE: logData.size=12, stateMachineData.size=0, logEntryProtoSerializedSize=0
2024-10-09 04:29:51,499 DEBUG server.RaftServer$Division (RaftServerImpl.java:logAppendEntries(1545)) - s10@group-C596DBC0762E: appendEntries* s0->s10#4649-t1,previous=(t:1, i:48),leaderCommit=48,initializing? false,entries: size=1, first=(t:1, i:49), STATEMACHINELOGENTRY, StateMachineLogEntryProto:4648@client-D33A405D9311
2024-10-09 04:29:51,500 WARN  server.GrpcLogAppender (GrpcLogAppender.java:lambda$resetClient$1(221)) - s0@group-A6D95588072C->s9-GrpcLogAppender: Follower failed (request=null, errorCount=2); keep nextIndex (253) unchanged and retry. (Repeated 2 times in the last 5.001s)
2024-10-09 04:29:51,500 DEBUG server.RaftServer$Division (RaftServerImpl.java:logAppendEntries(1545)) - s10@group-C596DBC0762E: appendEntries* reply s0<-s10#4649:OK-t1,SUCCESS,nextIndex=50,followerCommit=48,matchIndex=49
2024-10-09 04:29:51,500 DEBUG server.RaftServer$Division (RaftServerImpl.java:logAppendEntries(1545)) - s1@group-C596DBC0762E: appendEntries* s0->s1#4650-t1,previous=(t:1, i:48),leaderCommit=48,initializing? false,entries: size=1, first=(t:1, i:49), STATEMACHINELOGENTRY, StateMachineLogEntryProto:4648@client-D33A405D9311
2024-10-09 04:29:51,501 INFO  statemachine.StateMachine (ArithmeticStateMachine.java:applyTransaction(181)) - LEADER:s0-49: a = 11 = 11
2024-10-09 04:29:51,501 DEBUG server.RaftServer$Division (RaftServerImpl.java:logAppendEntries(1545)) - s1@group-C596DBC0762E: appendEntries* reply s0<-s1#4650:OK-t1,SUCCESS,nextIndex=50,followerCommit=48,matchIndex=49
2024-10-09 04:29:51,501 DEBUG server.RaftServer$Division (RaftServerImpl.java:logAppendEntries(1545)) - s10@group-C596DBC0762E: appendEntries* s0->s10#4651-t1,previous=(t:1, i:49),leaderCommit=49,initializing? false,entries: size=1, first=(t:1, i:50), METADATAENTRY(c:49)
2024-10-09 04:29:51,502 DEBUG server.RaftServer$Division (RaftServerImpl.java:logAppendEntries(1545)) - s10@group-C596DBC0762E: appendEntries* reply s0<-s10#4651:OK-t1,SUCCESS,nextIndex=51,followerCommit=49,matchIndex=50
2024-10-09 04:29:51,502 DEBUG server.RaftServer$Division (RaftServerImpl.java:logAppendEntries(1545)) - s1@group-C596DBC0762E: appendEntries* s0->s1#4652-t1,previous=(t:1, i:49),leaderCommit=49,initializing? false,entries: size=1, first=(t:1, i:50), METADATAENTRY(c:49)
2024-10-09 04:29:51,502 DEBUG server.RaftServer$Division (RaftServerImpl.java:submitClientRequestAsync(916)) - s0@group-C596DBC0762E: receive client request(RaftClientRequest:client-D33A405D9311->s0@group-C596DBC0762E, cid=4653, seq=null, RW, Message:01016202404e00000000...(size=12))
2024-10-09 04:29:51,502 DEBUG server.RaftServer$Division (RaftServerImpl.java:logAppendEntries(1545)) - s1@group-C596DBC0762E: appendEntries* reply s0<-s1#4652:OK-t1,SUCCESS,nextIndex=51,followerCommit=49,matchIndex=50
2024-10-09 04:29:51,503 DEBUG server.RaftServer$Division (LeaderStateImpl.java:addPendingRequest(529)) - s0@group-C596DBC0762E-LeaderStateImpl: addPendingRequest at RaftClientRequest:client-D33A405D9311->s0@group-C596DBC0762E, cid=4653, seq=null, RW, Message:01016202404e00000000...(size=12), entry=(t:1, i:51), STATEMACHINELOGENTRY, WRITE: logData.size=12, stateMachineData.size=0, logEntryProtoSerializedSize=0
2024-10-09 04:29:51,503 DEBUG server.RaftServer$Division (RaftServerImpl.java:logAppendEntries(1545)) - s10@group-C596DBC0762E: appendEntries* s0->s10#4654-t1,previous=(t:1, i:50),leaderCommit=50,initializing? false,entries: size=1, first=(t:1, i:51), STATEMACHINELOGENTRY, StateMachineLogEntryProto:4653@client-D33A405D9311
2024-10-09 04:29:51,503 DEBUG server.RaftServer$Division (RaftServerImpl.java:logAppendEntries(1545)) - s1@group-C596DBC0762E: appendEntries* s0->s1#4655-t1,previous=(t:1, i:50),leaderCommit=50,initializing? false,entries: size=1, first=(t:1, i:51), STATEMACHINELOGENTRY, StateMachineLogEntryProto:4653@client-D33A405D9311
2024-10-09 04:29:51,504 DEBUG server.RaftServer$Division (RaftServerImpl.java:logAppendEntries(1545)) - s10@group-C596DBC0762E: appendEntries* reply s0<-s10#4654:OK-t1,SUCCESS,nextIndex=52,followerCommit=50,matchIndex=51
2024-10-09 04:29:51,504 DEBUG server.RaftServer$Division (RaftServerImpl.java:logAppendEntries(1545)) - s1@group-C596DBC0762E: appendEntries* reply s0<-s1#4655:OK-t1,SUCCESS,nextIndex=52,followerCommit=50,matchIndex=51
2024-10-09 04:29:51,504 INFO  statemachine.StateMachine (ArithmeticStateMachine.java:applyTransaction(181)) - LEADER:s0-51: b = 60 = 60
2024-10-09 04:29:51,505 DEBUG server.RaftServer$Division (RaftServerImpl.java:logAppendEntries(1545)) - s1@group-C596DBC0762E: appendEntries* s0->s1#4656-t1,previous=(t:1, i:51),leaderCommit=51,initializing? false,entries: size=1, first=(t:1, i:52), METADATAENTRY(c:51)
2024-10-09 04:29:51,505 DEBUG server.RaftServer$Division (RaftServerImpl.java:logAppendEntries(1545)) - s10@group-C596DBC0762E: appendEntries* s0->s10#4657-t1,previous=(t:1, i:51),leaderCommit=51,initializing? false,entries: size=1, first=(t:1, i:52), METADATAENTRY(c:51)
2024-10-09 04:29:51,505 DEBUG server.RaftServer$Division (RaftServerImpl.java:logAppendEntries(1545)) - s1@group-C596DBC0762E: appendEntries* reply s0<-s1#4656:OK-t1,SUCCESS,nextIndex=53,followerCommit=51,matchIndex=52
2024-10-09 04:29:51,505 DEBUG server.RaftServer$Division (RaftServerImpl.java:logAppendEntries(1545)) - s10@group-C596DBC0762E: appendEntries* reply s0<-s10#4657:OK-t1,SUCCESS,nextIndex=53,followerCommit=51,matchIndex=52
2024-10-09 04:29:51,506 DEBUG server.RaftServer$Division (RaftServerImpl.java:submitClientRequestAsync(916)) - s0@group-C596DBC0762E: receive client request(RaftClientRequest:client-D33A405D9311->s0@group-C596DBC0762E, cid=4658, seq=null, RW, Message:01016304010300040201...(size=17))
2024-10-09 04:29:51,506 DEBUG server.RaftServer$Division (LeaderStateImpl.java:addPendingRequest(529)) - s0@group-C596DBC0762E-LeaderStateImpl: addPendingRequest at RaftClientRequest:client-D33A405D9311->s0@group-C596DBC0762E, cid=4658, seq=null, RW, Message:01016304010300040201...(size=17), entry=(t:1, i:53), STATEMACHINELOGENTRY, WRITE: logData.size=17, stateMachineData.size=0, logEntryProtoSerializedSize=0
2024-10-09 04:29:51,506 DEBUG server.RaftServer$Division (RaftServerImpl.java:logAppendEntries(1545)) - s10@group-C596DBC0762E: appendEntries* s0->s10#4659-t1,previous=(t:1, i:52),leaderCommit=52,initializing? false,entries: size=1, first=(t:1, i:53), STATEMACHINELOGENTRY, StateMachineLogEntryProto:4658@client-D33A405D9311
2024-10-09 04:29:51,507 DEBUG server.RaftServer$Division (RaftServerImpl.java:logAppendEntries(1545)) - s10@group-C596DBC0762E: appendEntries* reply s0<-s10#4659:OK-t1,SUCCESS,nextIndex=54,followerCommit=52,matchIndex=53
2024-10-09 04:29:51,507 DEBUG server.RaftServer$Division (RaftServerImpl.java:logAppendEntries(1545)) - s1@group-C596DBC0762E: appendEntries* s0->s1#4660-t1,previous=(t:1, i:52),leaderCommit=52,initializing? false,entries: size=1, first=(t:1, i:53), STATEMACHINELOGENTRY, StateMachineLogEntryProto:4658@client-D33A405D9311
2024-10-09 04:29:51,507 INFO  statemachine.StateMachine (ArithmeticStateMachine.java:applyTransaction(181)) - LEADER:s0-53: c = √(a^2 + b^2) = 61
2024-10-09 04:29:51,507 DEBUG server.RaftServer$Division (RaftServerImpl.java:logAppendEntries(1545)) - s1@group-C596DBC0762E: appendEntries* reply s0<-s1#4660:OK-t1,SUCCESS,nextIndex=54,followerCommit=52,matchIndex=53
2024-10-09 04:29:51,508 DEBUG server.RaftServer$Division (RaftServerImpl.java:logAppendEntries(1545)) - s10@group-C596DBC0762E: appendEntries* s0->s10#4661-t1,previous=(t:1, i:53),leaderCommit=53,initializing? false,entries: size=1, first=(t:1, i:54), METADATAENTRY(c:53)
2024-10-09 04:29:51,508 DEBUG server.RaftServer$Division (RaftServerImpl.java:logAppendEntries(1545)) - s1@group-C596DBC0762E: appendEntries* s0->s1#4662-t1,previous=(t:1, i:53),leaderCommit=53,initializing? false,entries: size=1, first=(t:1, i:54), METADATAENTRY(c:53)
2024-10-09 04:29:51,508 DEBUG server.RaftServer$Division (RaftServerImpl.java:logAppendEntries(1545)) - s10@group-C596DBC0762E: appendEntries* reply s0<-s10#4661:OK-t1,SUCCESS,nextIndex=55,followerCommit=53,matchIndex=54
2024-10-09 04:29:51,509 DEBUG server.RaftServer$Division (RaftServerImpl.java:logAppendEntries(1545)) - s1@group-C596DBC0762E: appendEntries* reply s0<-s1#4662:OK-t1,SUCCESS,nextIndex=55,followerCommit=53,matchIndex=54
2024-10-09 04:29:51,509 DEBUG server.RaftServer$Division (RaftServerImpl.java:submitClientRequestAsync(916)) - s0@group-C596DBC0762E: receive client request(RaftClientRequest:client-D33A405D9311->s0@group-C596DBC0762E, cid=4663, seq=null, RW, Message:01016100)
2024-10-09 04:29:51,509 DEBUG server.RaftServer$Division (LeaderStateImpl.java:addPendingRequest(529)) - s0@group-C596DBC0762E-LeaderStateImpl: addPendingRequest at RaftClientRequest:client-D33A405D9311->s0@group-C596DBC0762E, cid=4663, seq=null, RW, Message:01016100, entry=(t:1, i:55), STATEMACHINELOGENTRY, WRITE: logData.size=4, stateMachineData.size=0, logEntryProtoSerializedSize=0
2024-10-09 04:29:51,510 DEBUG server.RaftServer$Division (RaftServerImpl.java:logAppendEntries(1545)) - s10@group-C596DBC0762E: appendEntries* s0->s10#4664-t1,previous=(t:1, i:54),leaderCommit=54,initializing? false,entries: size=1, first=(t:1, i:55), STATEMACHINELOGENTRY, StateMachineLogEntryProto:4663@client-D33A405D9311
2024-10-09 04:29:51,510 DEBUG server.RaftServer$Division (RaftServerImpl.java:logAppendEntries(1545)) - s10@group-C596DBC0762E: appendEntries* reply s0<-s10#4664:OK-t1,SUCCESS,nextIndex=56,followerCommit=54,matchIndex=55
2024-10-09 04:29:51,510 DEBUG server.RaftServer$Division (RaftServerImpl.java:logAppendEntries(1545)) - s1@group-C596DBC0762E: appendEntries* s0->s1#4665-t1,previous=(t:1, i:54),leaderCommit=54,initializing? false,entries: size=1, first=(t:1, i:55), STATEMACHINELOGENTRY, StateMachineLogEntryProto:4663@client-D33A405D9311
2024-10-09 04:29:51,510 INFO  statemachine.StateMachine (ArithmeticStateMachine.java:applyTransaction(181)) - LEADER:s0-55: a = null = null
2024-10-09 04:29:51,511 DEBUG server.RaftServer$Division (RaftServerImpl.java:logAppendEntries(1545)) - s1@group-C596DBC0762E: appendEntries* reply s0<-s1#4665:OK-t1,SUCCESS,nextIndex=56,followerCommit=54,matchIndex=55
2024-10-09 04:29:51,511 DEBUG server.RaftServer$Division (RaftServerImpl.java:logAppendEntries(1545)) - s10@group-C596DBC0762E: appendEntries* s0->s10#4666-t1,previous=(t:1, i:55),leaderCommit=55,initializing? false,entries: size=1, first=(t:1, i:56), METADATAENTRY(c:55)
2024-10-09 04:29:51,511 DEBUG server.RaftServer$Division (RaftServerImpl.java:submitClientRequestAsync(916)) - s0@group-C596DBC0762E: receive client request(RaftClientRequest:client-D33A405D9311->s0@group-C596DBC0762E, cid=4667, seq=null, RW, Message:01016200)
2024-10-09 04:29:51,511 DEBUG server.RaftServer$Division (RaftServerImpl.java:logAppendEntries(1545)) - s1@group-C596DBC0762E: appendEntries* s0->s1#4668-t1,previous=(t:1, i:55),leaderCommit=55,initializing? false,entries: size=1, first=(t:1, i:56), METADATAENTRY(c:55)
2024-10-09 04:29:51,512 DEBUG server.RaftServer$Division (LeaderStateImpl.java:addPendingRequest(529)) - s0@group-C596DBC0762E-LeaderStateImpl: addPendingRequest at RaftClientRequest:client-D33A405D9311->s0@group-C596DBC0762E, cid=4667, seq=null, RW, Message:01016200, entry=(t:1, i:57), STATEMACHINELOGENTRY, WRITE: logData.size=4, stateMachineData.size=0, logEntryProtoSerializedSize=0
2024-10-09 04:29:51,512 DEBUG server.RaftServer$Division (RaftServerImpl.java:logAppendEntries(1545)) - s10@group-C596DBC0762E: appendEntries* reply s0<-s10#4666:OK-t1,SUCCESS,nextIndex=57,followerCommit=55,matchIndex=56
2024-10-09 04:29:51,512 DEBUG server.RaftServer$Division (RaftServerImpl.java:logAppendEntries(1545)) - s1@group-C596DBC0762E: appendEntries* reply s0<-s1#4668:OK-t1,SUCCESS,nextIndex=57,followerCommit=55,matchIndex=56
2024-10-09 04:29:51,513 DEBUG server.RaftServer$Division (RaftServerImpl.java:logAppendEntries(1545)) - s1@group-C596DBC0762E: appendEntries* s0->s1#4670-t1,previous=(t:1, i:56),leaderCommit=56,initializing? false,entries: size=1, first=(t:1, i:57), STATEMACHINELOGENTRY, StateMachineLogEntryProto:4667@client-D33A405D9311
2024-10-09 04:29:51,513 DEBUG server.RaftServer$Division (RaftServerImpl.java:logAppendEntries(1545)) - s10@group-C596DBC0762E: appendEntries* s0->s10#4669-t1,previous=(t:1, i:56),leaderCommit=56,initializing? false,entries: size=1, first=(t:1, i:57), STATEMACHINELOGENTRY, StateMachineLogEntryProto:4667@client-D33A405D9311
2024-10-09 04:29:51,513 DEBUG server.RaftServer$Division (RaftServerImpl.java:logAppendEntries(1545)) - s1@group-C596DBC0762E: appendEntries* reply s0<-s1#4670:OK-t1,SUCCESS,nextIndex=58,followerCommit=56,matchIndex=57
2024-10-09 04:29:51,514 INFO  statemachine.StateMachine (ArithmeticStateMachine.java:applyTransaction(181)) - LEADER:s0-57: b = null = null
2024-10-09 04:29:51,514 DEBUG server.RaftServer$Division (RaftServerImpl.java:logAppendEntries(1545)) - s1@group-C596DBC0762E: appendEntries* s0->s1#4671-t1,previous=(t:1, i:57),leaderCommit=57,initializing? false,entries: size=1, first=(t:1, i:58), METADATAENTRY(c:57)
2024-10-09 04:29:51,514 DEBUG server.RaftServer$Division (RaftServerImpl.java:logAppendEntries(1545)) - s10@group-C596DBC0762E: appendEntries* reply s0<-s10#4669:OK-t1,SUCCESS,nextIndex=58,followerCommit=56,matchIndex=57
2024-10-09 04:29:51,514 DEBUG server.RaftServer$Division (RaftServerImpl.java:submitClientRequestAsync(916)) - s0@group-C596DBC0762E: receive client request(RaftClientRequest:client-D33A405D9311->s0@group-C596DBC0762E, cid=4672, seq=null, RW, Message:01016300)
2024-10-09 04:29:51,514 DEBUG server.RaftServer$Division (RaftServerImpl.java:logAppendEntries(1545)) - s1@group-C596DBC0762E: appendEntries* reply s0<-s1#4671:OK-t1,SUCCESS,nextIndex=59,followerCommit=57,matchIndex=58
2024-10-09 04:29:51,515 DEBUG server.RaftServer$Division (LeaderStateImpl.java:addPendingRequest(529)) - s0@group-C596DBC0762E-LeaderStateImpl: addPendingRequest at RaftClientRequest:client-D33A405D9311->s0@group-C596DBC0762E, cid=4672, seq=null, RW, Message:01016300, entry=(t:1, i:59), STATEMACHINELOGENTRY, WRITE: logData.size=4, stateMachineData.size=0, logEntryProtoSerializedSize=0
2024-10-09 04:29:51,515 DEBUG server.RaftServer$Division (RaftServerImpl.java:logAppendEntries(1545)) - s1@group-C596DBC0762E: appendEntries* s0->s1#4674-t1,previous=(t:1, i:58),leaderCommit=58,initializing? false,entries: size=1, first=(t:1, i:59), STATEMACHINELOGENTRY, StateMachineLogEntryProto:4672@client-D33A405D9311
2024-10-09 04:29:51,516 DEBUG server.RaftServer$Division (RaftServerImpl.java:logAppendEntries(1545)) - s10@group-C596DBC0762E: appendEntries* s0->s10#4673-t1,previous=(t:1, i:57),leaderCommit=57,initializing? false,entries: size=1, first=(t:1, i:58), METADATAENTRY(c:57)
2024-10-09 04:29:51,516 DEBUG server.RaftServer$Division (RaftServerImpl.java:logAppendEntries(1545)) - s1@group-C596DBC0762E: appendEntries* reply s0<-s1#4674:OK-t1,SUCCESS,nextIndex=60,followerCommit=58,matchIndex=59
2024-10-09 04:29:51,516 INFO  statemachine.StateMachine (ArithmeticStateMachine.java:applyTransaction(181)) - LEADER:s0-59: c = null = null
2024-10-09 04:29:51,516 DEBUG server.RaftServer$Division (RaftServerImpl.java:logAppendEntries(1545)) - s10@group-C596DBC0762E: appendEntries* reply s0<-s10#4673:OK-t1,SUCCESS,nextIndex=59,followerCommit=57,matchIndex=58
2024-10-09 04:29:51,516 DEBUG server.RaftServer$Division (RaftServerImpl.java:logAppendEntries(1545)) - s1@group-C596DBC0762E: appendEntries* s0->s1#4675-t1,previous=(t:1, i:59),leaderCommit=59,initializing? false,entries: size=1, first=(t:1, i:60), METADATAENTRY(c:59)
2024-10-09 04:29:51,517 DEBUG server.RaftServer$Division (RaftServerImpl.java:submitClientRequestAsync(916)) - s0@group-C596DBC0762E: receive client request(RaftClientRequest:client-D33A405D9311->s0@group-C596DBC0762E, cid=4676, seq=null, RW, Message:01016102402a00000000...(size=12))
2024-10-09 04:29:51,517 DEBUG server.RaftServer$Division (RaftServerImpl.java:logAppendEntries(1545)) - s1@group-C596DBC0762E: appendEntries* reply s0<-s1#4675:OK-t1,SUCCESS,nextIndex=61,followerCommit=59,matchIndex=60
2024-10-09 04:29:51,517 DEBUG server.RaftServer$Division (LeaderStateImpl.java:addPendingRequest(529)) - s0@group-C596DBC0762E-LeaderStateImpl: addPendingRequest at RaftClientRequest:client-D33A405D9311->s0@group-C596DBC0762E, cid=4676, seq=null, RW, Message:01016102402a00000000...(size=12), entry=(t:1, i:61), STATEMACHINELOGENTRY, WRITE: logData.size=12, stateMachineData.size=0, logEntryProtoSerializedSize=0
2024-10-09 04:29:51,518 DEBUG server.RaftServer$Division (RaftServerImpl.java:logAppendEntries(1545)) - s1@group-C596DBC0762E: appendEntries* s0->s1#4678-t1,previous=(t:1, i:60),leaderCommit=59,initializing? false,entries: size=1, first=(t:1, i:61), STATEMACHINELOGENTRY, StateMachineLogEntryProto:4676@client-D33A405D9311
2024-10-09 04:29:51,518 DEBUG server.RaftServer$Division (RaftServerImpl.java:logAppendEntries(1545)) - s10@group-C596DBC0762E: appendEntries* s0->s10#4677-t1,previous=(t:1, i:58),leaderCommit=59,initializing? false,entries: size=2, first=(t:1, i:59), STATEMACHINELOGENTRY, StateMachineLogEntryProto:4672@client-D33A405D9311
2024-10-09 04:29:51,518 DEBUG server.RaftServer$Division (RaftServerImpl.java:logAppendEntries(1545)) - s1@group-C596DBC0762E: appendEntries* reply s0<-s1#4678:OK-t1,SUCCESS,nextIndex=62,followerCommit=59,matchIndex=61
2024-10-09 04:29:51,518 DEBUG server.RaftServer$Division (RaftServerImpl.java:logAppendEntries(1545)) - s10@group-C596DBC0762E: appendEntries* reply s0<-s10#4677:OK-t1,SUCCESS,nextIndex=61,followerCommit=59,matchIndex=60
2024-10-09 04:29:51,518 INFO  statemachine.StateMachine (ArithmeticStateMachine.java:applyTransaction(181)) - LEADER:s0-61: a = 13 = 13
2024-10-09 04:29:51,519 DEBUG server.RaftServer$Division (RaftServerImpl.java:submitClientRequestAsync(916)) - s0@group-C596DBC0762E: receive client request(RaftClientRequest:client-D33A405D9311->s0@group-C596DBC0762E, cid=4681, seq=null, RW, Message:01016202405500000000...(size=12))
2024-10-09 04:29:51,519 DEBUG server.RaftServer$Division (RaftServerImpl.java:logAppendEntries(1545)) - s1@group-C596DBC0762E: appendEntries* s0->s1#4679-t1,previous=(t:1, i:61),leaderCommit=61,initializing? false,entries: size=1, first=(t:1, i:62), METADATAENTRY(c:61)
2024-10-09 04:29:51,520 DEBUG server.RaftServer$Division (LeaderStateImpl.java:addPendingRequest(529)) - s0@group-C596DBC0762E-LeaderStateImpl: addPendingRequest at RaftClientRequest:client-D33A405D9311->s0@group-C596DBC0762E, cid=4681, seq=null, RW, Message:01016202405500000000...(size=12), entry=(t:1, i:63), STATEMACHINELOGENTRY, WRITE: logData.size=12, stateMachineData.size=0, logEntryProtoSerializedSize=0
2024-10-09 04:29:51,520 DEBUG server.RaftServer$Division (RaftServerImpl.java:logAppendEntries(1545)) - s10@group-C596DBC0762E: appendEntries* s0->s10#4680-t1,previous=(t:1, i:60),leaderCommit=61,initializing? false,entries: size=2, first=(t:1, i:61), STATEMACHINELOGENTRY, StateMachineLogEntryProto:4676@client-D33A405D9311
2024-10-09 04:29:51,520 DEBUG server.RaftServer$Division (RaftServerImpl.java:logAppendEntries(1545)) - s1@group-C596DBC0762E: appendEntries* reply s0<-s1#4679:OK-t1,SUCCESS,nextIndex=63,followerCommit=61,matchIndex=62
2024-10-09 04:29:51,520 DEBUG server.RaftServer$Division (RaftServerImpl.java:logAppendEntries(1545)) - s10@group-C596DBC0762E: appendEntries* reply s0<-s10#4680:OK-t1,SUCCESS,nextIndex=63,followerCommit=61,matchIndex=62
2024-10-09 04:29:51,521 DEBUG server.RaftServer$Division (RaftServerImpl.java:logAppendEntries(1545)) - s1@group-C596DBC0762E: appendEntries* s0->s1#4682-t1,previous=(t:1, i:62),leaderCommit=62,initializing? false,entries: size=1, first=(t:1, i:63), STATEMACHINELOGENTRY, StateMachineLogEntryProto:4681@client-D33A405D9311
2024-10-09 04:29:51,521 DEBUG server.RaftServer$Division (RaftServerImpl.java:logAppendEntries(1545)) - s1@group-C596DBC0762E: appendEntries* reply s0<-s1#4682:OK-t1,SUCCESS,nextIndex=64,followerCommit=62,matchIndex=63
2024-10-09 04:29:51,522 INFO  statemachine.StateMachine (ArithmeticStateMachine.java:applyTransaction(181)) - LEADER:s0-63: b = 84 = 84
2024-10-09 04:29:51,522 DEBUG server.RaftServer$Division (RaftServerImpl.java:logAppendEntries(1545)) - s1@group-C596DBC0762E: appendEntries* s0->s1#4684-t1,previous=(t:1, i:63),leaderCommit=63,initializing? false,entries: size=1, first=(t:1, i:64), METADATAENTRY(c:63)
2024-10-09 04:29:51,522 DEBUG server.RaftServer$Division (RaftServerImpl.java:logAppendEntries(1545)) - s10@group-C596DBC0762E: appendEntries* s0->s10#4683-t1,previous=(t:1, i:62),leaderCommit=62,initializing? false,entries: size=1, first=(t:1, i:63), STATEMACHINELOGENTRY, StateMachineLogEntryProto:4681@client-D33A405D9311
2024-10-09 04:29:51,522 DEBUG server.RaftServer$Division (RaftServerImpl.java:logAppendEntries(1545)) - s1@group-C596DBC0762E: appendEntries* reply s0<-s1#4684:OK-t1,SUCCESS,nextIndex=65,followerCommit=63,matchIndex=64
2024-10-09 04:29:51,523 DEBUG server.RaftServer$Division (RaftServerImpl.java:logAppendEntries(1545)) - s10@group-C596DBC0762E: appendEntries* reply s0<-s10#4683:OK-t1,SUCCESS,nextIndex=64,followerCommit=62,matchIndex=63
2024-10-09 04:29:51,523 DEBUG server.RaftServer$Division (RaftServerImpl.java:submitClientRequestAsync(916)) - s0@group-C596DBC0762E: receive client request(RaftClientRequest:client-D33A405D9311->s0@group-C596DBC0762E, cid=4685, seq=null, RW, Message:01016304010300040201...(size=17))
2024-10-09 04:29:51,523 DEBUG server.RaftServer$Division (LeaderStateImpl.java:addPendingRequest(529)) - s0@group-C596DBC0762E-LeaderStateImpl: addPendingRequest at RaftClientRequest:client-D33A405D9311->s0@group-C596DBC0762E, cid=4685, seq=null, RW, Message:01016304010300040201...(size=17), entry=(t:1, i:65), STATEMACHINELOGENTRY, WRITE: logData.size=17, stateMachineData.size=0, logEntryProtoSerializedSize=0
2024-10-09 04:29:51,523 DEBUG server.RaftServer$Division (RaftServerImpl.java:logAppendEntries(1545)) - s10@group-C596DBC0762E: appendEntries* s0->s10#4686-t1,previous=(t:1, i:63),leaderCommit=64,initializing? false,entries: size=1, first=(t:1, i:64), METADATAENTRY(c:63)
2024-10-09 04:29:51,524 DEBUG server.RaftServer$Division (RaftServerImpl.java:logAppendEntries(1545)) - s1@group-C596DBC0762E: appendEntries* s0->s1#4687-t1,previous=(t:1, i:64),leaderCommit=64,initializing? false,entries: size=1, first=(t:1, i:65), STATEMACHINELOGENTRY, StateMachineLogEntryProto:4685@client-D33A405D9311
2024-10-09 04:29:51,524 DEBUG server.RaftServer$Division (RaftServerImpl.java:logAppendEntries(1545)) - s10@group-C596DBC0762E: appendEntries* reply s0<-s10#4686:OK-t1,SUCCESS,nextIndex=65,followerCommit=64,matchIndex=64
2024-10-09 04:29:51,524 DEBUG server.RaftServer$Division (RaftServerImpl.java:logAppendEntries(1545)) - s1@group-C596DBC0762E: appendEntries* reply s0<-s1#4687:OK-t1,SUCCESS,nextIndex=66,followerCommit=64,matchIndex=65
2024-10-09 04:29:51,525 INFO  statemachine.StateMachine (ArithmeticStateMachine.java:applyTransaction(181)) - LEADER:s0-65: c = √(a^2 + b^2) = 85
2024-10-09 04:29:51,525 DEBUG server.RaftServer$Division (RaftServerImpl.java:logAppendEntries(1545)) - s1@group-C596DBC0762E: appendEntries* s0->s1#4688-t1,previous=(t:1, i:65),leaderCommit=65,initializing? false,entries: size=1, first=(t:1, i:66), METADATAENTRY(c:65)
2024-10-09 04:29:51,525 DEBUG server.RaftServer$Division (RaftServerImpl.java:submitClientRequestAsync(916)) - s0@group-C596DBC0762E: receive client request(RaftClientRequest:client-D33A405D9311->s0@group-C596DBC0762E, cid=4690, seq=null, RW, Message:01016100)
2024-10-09 04:29:51,525 DEBUG server.RaftServer$Division (RaftServerImpl.java:logAppendEntries(1545)) - s10@group-C596DBC0762E: appendEntries* s0->s10#4689-t1,previous=(t:1, i:64),leaderCommit=65,initializing? false,entries: size=2, first=(t:1, i:65), STATEMACHINELOGENTRY, StateMachineLogEntryProto:4685@client-D33A405D9311
2024-10-09 04:29:51,526 DEBUG server.RaftServer$Division (RaftServerImpl.java:logAppendEntries(1545)) - s1@group-C596DBC0762E: appendEntries* reply s0<-s1#4688:OK-t1,SUCCESS,nextIndex=67,followerCommit=65,matchIndex=66
2024-10-09 04:29:51,525 DEBUG server.RaftServer$Division (LeaderStateImpl.java:addPendingRequest(529)) - s0@group-C596DBC0762E-LeaderStateImpl: addPendingRequest at RaftClientRequest:client-D33A405D9311->s0@group-C596DBC0762E, cid=4690, seq=null, RW, Message:01016100, entry=(t:1, i:67), STATEMACHINELOGENTRY, WRITE: logData.size=4, stateMachineData.size=0, logEntryProtoSerializedSize=0
2024-10-09 04:29:51,526 DEBUG server.RaftServer$Division (RaftServerImpl.java:logAppendEntries(1545)) - s1@group-C596DBC0762E: appendEntries* s0->s1#4691-t1,previous=(t:1, i:66),leaderCommit=65,initializing? false,entries: size=1, first=(t:1, i:67), STATEMACHINELOGENTRY, StateMachineLogEntryProto:4690@client-D33A405D9311
2024-10-09 04:29:51,527 DEBUG server.RaftServer$Division (RaftServerImpl.java:logAppendEntries(1545)) - s1@group-C596DBC0762E: appendEntries* reply s0<-s1#4691:OK-t1,SUCCESS,nextIndex=68,followerCommit=65,matchIndex=67
2024-10-09 04:29:51,527 INFO  statemachine.StateMachine (ArithmeticStateMachine.java:applyTransaction(181)) - LEADER:s0-67: a = null = null
2024-10-09 04:29:51,527 DEBUG server.RaftServer$Division (RaftServerImpl.java:logAppendEntries(1545)) - s10@group-C596DBC0762E: appendEntries* reply s0<-s10#4689:OK-t1,SUCCESS,nextIndex=67,followerCommit=65,matchIndex=66
2024-10-09 04:29:51,527 DEBUG server.RaftServer$Division (RaftServerImpl.java:logAppendEntries(1545)) - s1@group-C596DBC0762E: appendEntries* s0->s1#4692-t1,previous=(t:1, i:67),leaderCommit=67,initializing? false,entries: size=1, first=(t:1, i:68), METADATAENTRY(c:67)
2024-10-09 04:29:51,528 DEBUG server.RaftServer$Division (RaftServerImpl.java:submitClientRequestAsync(916)) - s0@group-C596DBC0762E: receive client request(RaftClientRequest:client-D33A405D9311->s0@group-C596DBC0762E, cid=4693, seq=null, RW, Message:01016200)
2024-10-09 04:29:51,528 DEBUG server.RaftServer$Division (LeaderStateImpl.java:addPendingRequest(529)) - s0@group-C596DBC0762E-LeaderStateImpl: addPendingRequest at RaftClientRequest:client-D33A405D9311->s0@group-C596DBC0762E, cid=4693, seq=null, RW, Message:01016200, entry=(t:1, i:69), STATEMACHINELOGENTRY, WRITE: logData.size=4, stateMachineData.size=0, logEntryProtoSerializedSize=0
2024-10-09 04:29:51,528 DEBUG server.RaftServer$Division (RaftServerImpl.java:logAppendEntries(1545)) - s1@group-C596DBC0762E: appendEntries* reply s0<-s1#4692:OK-t1,SUCCESS,nextIndex=69,followerCommit=67,matchIndex=68
2024-10-09 04:29:51,528 DEBUG server.RaftServer$Division (RaftServerImpl.java:logAppendEntries(1545)) - s10@group-C596DBC0762E: appendEntries* s0->s10#4694-t1,previous=(t:1, i:66),leaderCommit=67,initializing? false,entries: size=2, first=(t:1, i:67), STATEMACHINELOGENTRY, StateMachineLogEntryProto:4690@client-D33A405D9311
2024-10-09 04:29:51,529 DEBUG server.RaftServer$Division (RaftServerImpl.java:logAppendEntries(1545)) - s1@group-C596DBC0762E: appendEntries* s0->s1#4695-t1,previous=(t:1, i:68),leaderCommit=68,initializing? false,entries: size=1, first=(t:1, i:69), STATEMACHINELOGENTRY, StateMachineLogEntryProto:4693@client-D33A405D9311
2024-10-09 04:29:51,529 DEBUG server.RaftServer$Division (RaftServerImpl.java:logAppendEntries(1545)) - s1@group-C596DBC0762E: appendEntries* reply s0<-s1#4695:OK-t1,SUCCESS,nextIndex=70,followerCommit=68,matchIndex=69
2024-10-09 04:29:51,529 DEBUG server.RaftServer$Division (RaftServerImpl.java:logAppendEntries(1545)) - s10@group-C596DBC0762E: appendEntries* reply s0<-s10#4694:OK-t1,SUCCESS,nextIndex=69,followerCommit=67,matchIndex=68
2024-10-09 04:29:51,530 INFO  statemachine.StateMachine (ArithmeticStateMachine.java:applyTransaction(181)) - LEADER:s0-69: b = null = null
2024-10-09 04:29:51,530 DEBUG server.RaftServer$Division (RaftServerImpl.java:logAppendEntries(1545)) - s1@group-C596DBC0762E: appendEntries* s0->s1#4696-t1,previous=(t:1, i:69),leaderCommit=69,initializing? false,entries: size=1, first=(t:1, i:70), METADATAENTRY(c:69)
2024-10-09 04:29:51,530 DEBUG server.RaftServer$Division (RaftServerImpl.java:submitClientRequestAsync(916)) - s0@group-C596DBC0762E: receive client request(RaftClientRequest:client-D33A405D9311->s0@group-C596DBC0762E, cid=4698, seq=null, RW, Message:01016300)
2024-10-09 04:29:51,530 DEBUG server.RaftServer$Division (RaftServerImpl.java:logAppendEntries(1545)) - s10@group-C596DBC0762E: appendEntries* s0->s10#4697-t1,previous=(t:1, i:68),leaderCommit=69,initializing? false,entries: size=2, first=(t:1, i:69), STATEMACHINELOGENTRY, StateMachineLogEntryProto:4693@client-D33A405D9311
2024-10-09 04:29:51,531 DEBUG server.RaftServer$Division (LeaderStateImpl.java:addPendingRequest(529)) - s0@group-C596DBC0762E-LeaderStateImpl: addPendingRequest at RaftClientRequest:client-D33A405D9311->s0@group-C596DBC0762E, cid=4698, seq=null, RW, Message:01016300, entry=(t:1, i:71), STATEMACHINELOGENTRY, WRITE: logData.size=4, stateMachineData.size=0, logEntryProtoSerializedSize=0
2024-10-09 04:29:51,531 DEBUG server.RaftServer$Division (RaftServerImpl.java:logAppendEntries(1545)) - s1@group-C596DBC0762E: appendEntries* reply s0<-s1#4696:OK-t1,SUCCESS,nextIndex=71,followerCommit=69,matchIndex=70
2024-10-09 04:29:51,531 DEBUG server.RaftServer$Division (RaftServerImpl.java:logAppendEntries(1545)) - s10@group-C596DBC0762E: appendEntries* reply s0<-s10#4697:OK-t1,SUCCESS,nextIndex=71,followerCommit=69,matchIndex=70
2024-10-09 04:29:51,532 DEBUG server.RaftServer$Division (RaftServerImpl.java:logAppendEntries(1545)) - s1@group-C596DBC0762E: appendEntries* s0->s1#4699-t1,previous=(t:1, i:70),leaderCommit=70,initializing? false,entries: size=1, first=(t:1, i:71), STATEMACHINELOGENTRY, StateMachineLogEntryProto:4698@client-D33A405D9311
2024-10-09 04:29:51,532 DEBUG server.RaftServer$Division (RaftServerImpl.java:logAppendEntries(1545)) - s1@group-C596DBC0762E: appendEntries* reply s0<-s1#4699:OK-t1,SUCCESS,nextIndex=72,followerCommit=70,matchIndex=71
2024-10-09 04:29:51,533 DEBUG server.RaftServer$Division (RaftServerImpl.java:logAppendEntries(1545)) - s10@group-C596DBC0762E: appendEntries* s0->s10#4700-t1,previous=(t:1, i:70),leaderCommit=70,initializing? false,entries: size=1, first=(t:1, i:71), STATEMACHINELOGENTRY, StateMachineLogEntryProto:4698@client-D33A405D9311
2024-10-09 04:29:51,533 INFO  statemachine.StateMachine (ArithmeticStateMachine.java:applyTransaction(181)) - LEADER:s0-71: c = null = null
2024-10-09 04:29:51,533 DEBUG server.RaftServer$Division (RaftServerImpl.java:logAppendEntries(1545)) - s1@group-C596DBC0762E: appendEntries* s0->s1#4701-t1,previous=(t:1, i:71),leaderCommit=71,initializing? false,entries: size=1, first=(t:1, i:72), METADATAENTRY(c:71)
2024-10-09 04:29:51,534 DEBUG server.RaftServer$Division (RaftServerImpl.java:logAppendEntries(1545)) - s1@group-C596DBC0762E: appendEntries* reply s0<-s1#4701:OK-t1,SUCCESS,nextIndex=73,followerCommit=71,matchIndex=72
2024-10-09 04:29:51,534 DEBUG server.RaftServer$Division (RaftServerImpl.java:logAppendEntries(1545)) - s10@group-C596DBC0762E: appendEntries* reply s0<-s10#4700:OK-t1,SUCCESS,nextIndex=72,followerCommit=70,matchIndex=71
2024-10-09 04:29:51,534 DEBUG server.RaftServer$Division (RaftServerImpl.java:logAppendEntries(1545)) - s10@group-C596DBC0762E: appendEntries* s0->s10#4703-t1,previous=(t:1, i:71),leaderCommit=72,initializing? false,entries: size=1, first=(t:1, i:72), METADATAENTRY(c:71)
2024-10-09 04:29:51,535 DEBUG server.RaftServer$Division (RaftServerImpl.java:logAppendEntries(1545)) - s10@group-C596DBC0762E: appendEntries* reply s0<-s10#4703:OK-t1,SUCCESS,nextIndex=73,followerCommit=72,matchIndex=72
2024-10-09 04:29:51,537 DEBUG server.RaftServer$Division (RaftServerImpl.java:submitClientRequestAsync(916)) - s0@group-C596DBC0762E: receive client request(RaftClientRequest:client-D33A405D9311->s0@group-C596DBC0762E, cid=4702, seq=null, RW, Message:01016102402e00000000...(size=12))
2024-10-09 04:29:51,537 DEBUG server.RaftServer$Division (LeaderStateImpl.java:addPendingRequest(529)) - s0@group-C596DBC0762E-LeaderStateImpl: addPendingRequest at RaftClientRequest:client-D33A405D9311->s0@group-C596DBC0762E, cid=4702, seq=null, RW, Message:01016102402e00000000...(size=12), entry=(t:1, i:73), STATEMACHINELOGENTRY, WRITE: logData.size=12, stateMachineData.size=0, logEntryProtoSerializedSize=0
2024-10-09 04:29:51,538 DEBUG server.RaftServer$Division (RaftServerImpl.java:logAppendEntries(1545)) - s1@group-C596DBC0762E: appendEntries* s0->s1#4704-t1,previous=(t:1, i:72),leaderCommit=72,initializing? false,entries: size=1, first=(t:1, i:73), STATEMACHINELOGENTRY, StateMachineLogEntryProto:4702@client-D33A405D9311
2024-10-09 04:29:51,538 DEBUG server.RaftServer$Division (RaftServerImpl.java:logAppendEntries(1545)) - s1@group-C596DBC0762E: appendEntries* reply s0<-s1#4704:OK-t1,SUCCESS,nextIndex=74,followerCommit=72,matchIndex=73
2024-10-09 04:29:51,539 INFO  statemachine.StateMachine (ArithmeticStateMachine.java:applyTransaction(181)) - LEADER:s0-73: a = 15 = 15
2024-10-09 04:29:51,539 DEBUG server.RaftServer$Division (RaftServerImpl.java:logAppendEntries(1545)) - s10@group-C596DBC0762E: appendEntries* s0->s10#4705-t1,previous=(t:1, i:72),leaderCommit=72,initializing? false,entries: size=1, first=(t:1, i:73), STATEMACHINELOGENTRY, StateMachineLogEntryProto:4702@client-D33A405D9311
2024-10-09 04:29:51,539 DEBUG server.RaftServer$Division (RaftServerImpl.java:logAppendEntries(1545)) - s1@group-C596DBC0762E: appendEntries* s0->s1#4706-t1,previous=(t:1, i:73),leaderCommit=73,initializing? false,entries: size=1, first=(t:1, i:74), METADATAENTRY(c:73)
2024-10-09 04:29:51,540 DEBUG server.RaftServer$Division (RaftServerImpl.java:logAppendEntries(1545)) - s1@group-C596DBC0762E: appendEntries* reply s0<-s1#4706:OK-t1,SUCCESS,nextIndex=75,followerCommit=73,matchIndex=74
2024-10-09 04:29:51,540 DEBUG server.RaftServer$Division (RaftServerImpl.java:logAppendEntries(1545)) - s10@group-C596DBC0762E: appendEntries* reply s0<-s10#4705:OK-t1,SUCCESS,nextIndex=74,followerCommit=72,matchIndex=73
2024-10-09 04:29:51,540 DEBUG server.RaftServer$Division (RaftServerImpl.java:submitClientRequestAsync(916)) - s0@group-C596DBC0762E: receive client request(RaftClientRequest:client-D33A405D9311->s0@group-C596DBC0762E, cid=4707, seq=null, RW, Message:01016202405c00000000...(size=12))
2024-10-09 04:29:51,541 DEBUG server.RaftServer$Division (RaftServerImpl.java:logAppendEntries(1545)) - s10@group-C596DBC0762E: appendEntries* s0->s10#4708-t1,previous=(t:1, i:73),leaderCommit=74,initializing? false,entries: size=1, first=(t:1, i:74), METADATAENTRY(c:73)
2024-10-09 04:29:51,541 DEBUG server.RaftServer$Division (LeaderStateImpl.java:addPendingRequest(529)) - s0@group-C596DBC0762E-LeaderStateImpl: addPendingRequest at RaftClientRequest:client-D33A405D9311->s0@group-C596DBC0762E, cid=4707, seq=null, RW, Message:01016202405c00000000...(size=12), entry=(t:1, i:75), STATEMACHINELOGENTRY, WRITE: logData.size=12, stateMachineData.size=0, logEntryProtoSerializedSize=0
2024-10-09 04:29:51,542 DEBUG server.RaftServer$Division (RaftServerImpl.java:logAppendEntries(1545)) - s10@group-C596DBC0762E: appendEntries* reply s0<-s10#4708:OK-t1,SUCCESS,nextIndex=75,followerCommit=74,matchIndex=74
2024-10-09 04:29:51,542 DEBUG server.RaftServer$Division (RaftServerImpl.java:logAppendEntries(1545)) - s1@group-C596DBC0762E: appendEntries* s0->s1#4709-t1,previous=(t:1, i:74),leaderCommit=74,initializing? false,entries: size=1, first=(t:1, i:75), STATEMACHINELOGENTRY, StateMachineLogEntryProto:4707@client-D33A405D9311
2024-10-09 04:29:51,543 DEBUG server.RaftServer$Division (RaftServerImpl.java:logAppendEntries(1545)) - s1@group-C596DBC0762E: appendEntries* reply s0<-s1#4709:OK-t1,SUCCESS,nextIndex=76,followerCommit=74,matchIndex=75
2024-10-09 04:29:51,543 INFO  statemachine.StateMachine (ArithmeticStateMachine.java:applyTransaction(181)) - LEADER:s0-75: b = 112 = 112
2024-10-09 04:29:51,543 DEBUG server.RaftServer$Division (RaftServerImpl.java:logAppendEntries(1545)) - s1@group-C596DBC0762E: appendEntries* s0->s1#4711-t1,previous=(t:1, i:75),leaderCommit=75,initializing? false,entries: size=1, first=(t:1, i:76), METADATAENTRY(c:75)
2024-10-09 04:29:51,544 DEBUG server.RaftServer$Division (RaftServerImpl.java:logAppendEntries(1545)) - s10@group-C596DBC0762E: appendEntries* s0->s10#4710-t1,previous=(t:1, i:74),leaderCommit=74,initializing? false,entries: size=1, first=(t:1, i:75), STATEMACHINELOGENTRY, StateMachineLogEntryProto:4707@client-D33A405D9311
2024-10-09 04:29:51,544 DEBUG server.RaftServer$Division (RaftServerImpl.java:logAppendEntries(1545)) - s1@group-C596DBC0762E: appendEntries* reply s0<-s1#4711:OK-t1,SUCCESS,nextIndex=77,followerCommit=75,matchIndex=76
2024-10-09 04:29:51,544 DEBUG server.RaftServer$Division (RaftServerImpl.java:submitClientRequestAsync(916)) - s0@group-C596DBC0762E: receive client request(RaftClientRequest:client-D33A405D9311->s0@group-C596DBC0762E, cid=4712, seq=null, RW, Message:01016304010300040201...(size=17))
2024-10-09 04:29:51,544 DEBUG server.RaftServer$Division (RaftServerImpl.java:logAppendEntries(1545)) - s10@group-C596DBC0762E: appendEntries* reply s0<-s10#4710:OK-t1,SUCCESS,nextIndex=76,followerCommit=74,matchIndex=75
2024-10-09 04:29:51,544 DEBUG server.RaftServer$Division (LeaderStateImpl.java:addPendingRequest(529)) - s0@group-C596DBC0762E-LeaderStateImpl: addPendingRequest at RaftClientRequest:client-D33A405D9311->s0@group-C596DBC0762E, cid=4712, seq=null, RW, Message:01016304010300040201...(size=17), entry=(t:1, i:77), STATEMACHINELOGENTRY, WRITE: logData.size=17, stateMachineData.size=0, logEntryProtoSerializedSize=0
2024-10-09 04:29:51,545 DEBUG server.RaftServer$Division (RaftServerImpl.java:logAppendEntries(1545)) - s1@group-C596DBC0762E: appendEntries* s0->s1#4713-t1,previous=(t:1, i:76),leaderCommit=76,initializing? false,entries: size=1, first=(t:1, i:77), STATEMACHINELOGENTRY, StateMachineLogEntryProto:4712@client-D33A405D9311
2024-10-09 04:29:51,545 DEBUG server.RaftServer$Division (RaftServerImpl.java:logAppendEntries(1545)) - s10@group-C596DBC0762E: appendEntries* s0->s10#4714-t1,previous=(t:1, i:75),leaderCommit=76,initializing? false,entries: size=2, first=(t:1, i:76), METADATAENTRY(c:75)
2024-10-09 04:29:51,546 DEBUG server.RaftServer$Division (RaftServerImpl.java:logAppendEntries(1545)) - s1@group-C596DBC0762E: appendEntries* reply s0<-s1#4713:OK-t1,SUCCESS,nextIndex=78,followerCommit=76,matchIndex=77
2024-10-09 04:29:51,546 DEBUG server.RaftServer$Division (RaftServerImpl.java:logAppendEntries(1545)) - s10@group-C596DBC0762E: appendEntries* reply s0<-s10#4714:OK-t1,SUCCESS,nextIndex=78,followerCommit=76,matchIndex=77
2024-10-09 04:29:51,546 INFO  statemachine.StateMachine (ArithmeticStateMachine.java:applyTransaction(181)) - LEADER:s0-77: c = √(a^2 + b^2) = 113
2024-10-09 04:29:51,547 DEBUG server.RaftServer$Division (RaftServerImpl.java:logAppendEntries(1545)) - s1@group-C596DBC0762E: appendEntries* s0->s1#4715-t1,previous=(t:1, i:77),leaderCommit=77,initializing? false,entries: size=1, first=(t:1, i:78), METADATAENTRY(c:77)
2024-10-09 04:29:51,547 DEBUG server.RaftServer$Division (RaftServerImpl.java:submitClientRequestAsync(916)) - s0@group-C596DBC0762E: receive client request(RaftClientRequest:client-D33A405D9311->s0@group-C596DBC0762E, cid=4717, seq=null, RW, Message:01016100)
2024-10-09 04:29:51,548 DEBUG server.RaftServer$Division (RaftServerImpl.java:logAppendEntries(1545)) - s10@group-C596DBC0762E: appendEntries* s0->s10#4716-t1,previous=(t:1, i:77),leaderCommit=77,initializing? false,entries: size=1, first=(t:1, i:78), METADATAENTRY(c:77)
2024-10-09 04:29:51,548 DEBUG server.RaftServer$Division (RaftServerImpl.java:logAppendEntries(1545)) - s1@group-C596DBC0762E: appendEntries* reply s0<-s1#4715:OK-t1,SUCCESS,nextIndex=79,followerCommit=77,matchIndex=78
2024-10-09 04:29:51,548 DEBUG server.RaftServer$Division (LeaderStateImpl.java:addPendingRequest(529)) - s0@group-C596DBC0762E-LeaderStateImpl: addPendingRequest at RaftClientRequest:client-D33A405D9311->s0@group-C596DBC0762E, cid=4717, seq=null, RW, Message:01016100, entry=(t:1, i:79), STATEMACHINELOGENTRY, WRITE: logData.size=4, stateMachineData.size=0, logEntryProtoSerializedSize=0
2024-10-09 04:29:51,548 DEBUG server.RaftServer$Division (RaftServerImpl.java:logAppendEntries(1545)) - s1@group-C596DBC0762E: appendEntries* s0->s1#4718-t1,previous=(t:1, i:78),leaderCommit=77,initializing? false,entries: size=1, first=(t:1, i:79), STATEMACHINELOGENTRY, StateMachineLogEntryProto:4717@client-D33A405D9311
2024-10-09 04:29:51,549 DEBUG server.RaftServer$Division (RaftServerImpl.java:logAppendEntries(1545)) - s10@group-C596DBC0762E: appendEntries* reply s0<-s10#4716:OK-t1,SUCCESS,nextIndex=79,followerCommit=77,matchIndex=78
2024-10-09 04:29:51,549 DEBUG server.RaftServer$Division (RaftServerImpl.java:logAppendEntries(1545)) - s1@group-C596DBC0762E: appendEntries* reply s0<-s1#4718:OK-t1,SUCCESS,nextIndex=80,followerCommit=77,matchIndex=79
2024-10-09 04:29:51,549 INFO  statemachine.StateMachine (ArithmeticStateMachine.java:applyTransaction(181)) - LEADER:s0-79: a = null = null
2024-10-09 04:29:51,550 DEBUG server.RaftServer$Division (RaftServerImpl.java:logAppendEntries(1545)) - s1@group-C596DBC0762E: appendEntries* s0->s1#4719-t1,previous=(t:1, i:79),leaderCommit=79,initializing? false,entries: size=1, first=(t:1, i:80), METADATAENTRY(c:79)
2024-10-09 04:29:51,550 DEBUG server.RaftServer$Division (RaftServerImpl.java:submitClientRequestAsync(916)) - s0@group-C596DBC0762E: receive client request(RaftClientRequest:client-D33A405D9311->s0@group-C596DBC0762E, cid=4721, seq=null, RW, Message:01016200)
2024-10-09 04:29:51,550 DEBUG server.RaftServer$Division (RaftServerImpl.java:logAppendEntries(1545)) - s1@group-C596DBC0762E: appendEntries* reply s0<-s1#4719:OK-t1,SUCCESS,nextIndex=81,followerCommit=79,matchIndex=80
2024-10-09 04:29:51,551 DEBUG server.RaftServer$Division (LeaderStateImpl.java:addPendingRequest(529)) - s0@group-C596DBC0762E-LeaderStateImpl: addPendingRequest at RaftClientRequest:client-D33A405D9311->s0@group-C596DBC0762E, cid=4721, seq=null, RW, Message:01016200, entry=(t:1, i:81), STATEMACHINELOGENTRY, WRITE: logData.size=4, stateMachineData.size=0, logEntryProtoSerializedSize=0
2024-10-09 04:29:51,551 DEBUG server.RaftServer$Division (RaftServerImpl.java:logAppendEntries(1545)) - s1@group-C596DBC0762E: appendEntries* s0->s1#4722-t1,previous=(t:1, i:80),leaderCommit=79,initializing? false,entries: size=1, first=(t:1, i:81), STATEMACHINELOGENTRY, StateMachineLogEntryProto:4721@client-D33A405D9311
2024-10-09 04:29:51,550 DEBUG server.RaftServer$Division (RaftServerImpl.java:logAppendEntries(1545)) - s10@group-C596DBC0762E: appendEntries* s0->s10#4720-t1,previous=(t:1, i:78),leaderCommit=79,initializing? false,entries: size=2, first=(t:1, i:79), STATEMACHINELOGENTRY, StateMachineLogEntryProto:4717@client-D33A405D9311
2024-10-09 04:29:51,551 DEBUG server.RaftServer$Division (RaftServerImpl.java:logAppendEntries(1545)) - s1@group-C596DBC0762E: appendEntries* reply s0<-s1#4722:OK-t1,SUCCESS,nextIndex=82,followerCommit=79,matchIndex=81
2024-10-09 04:29:51,552 INFO  statemachine.StateMachine (ArithmeticStateMachine.java:applyTransaction(181)) - LEADER:s0-81: b = null = null
2024-10-09 04:29:51,552 DEBUG server.RaftServer$Division (RaftServerImpl.java:logAppendEntries(1545)) - s1@group-C596DBC0762E: appendEntries* s0->s1#4723-t1,previous=(t:1, i:81),leaderCommit=81,initializing? false,entries: size=1, first=(t:1, i:82), METADATAENTRY(c:81)
2024-10-09 04:29:51,552 DEBUG server.RaftServer$Division (RaftServerImpl.java:logAppendEntries(1545)) - s10@group-C596DBC0762E: appendEntries* reply s0<-s10#4720:OK-t1,SUCCESS,nextIndex=81,followerCommit=79,matchIndex=80
2024-10-09 04:29:51,552 DEBUG server.RaftServer$Division (RaftServerImpl.java:submitClientRequestAsync(916)) - s0@group-C596DBC0762E: receive client request(RaftClientRequest:client-D33A405D9311->s0@group-C596DBC0762E, cid=4724, seq=null, RW, Message:01016300)
2024-10-09 04:29:51,553 DEBUG server.RaftServer$Division (LeaderStateImpl.java:addPendingRequest(529)) - s0@group-C596DBC0762E-LeaderStateImpl: addPendingRequest at RaftClientRequest:client-D33A405D9311->s0@group-C596DBC0762E, cid=4724, seq=null, RW, Message:01016300, entry=(t:1, i:83), STATEMACHINELOGENTRY, WRITE: logData.size=4, stateMachineData.size=0, logEntryProtoSerializedSize=0
2024-10-09 04:29:51,553 DEBUG server.RaftServer$Division (RaftServerImpl.java:logAppendEntries(1545)) - s1@group-C596DBC0762E: appendEntries* reply s0<-s1#4723:OK-t1,SUCCESS,nextIndex=83,followerCommit=81,matchIndex=82
2024-10-09 04:29:51,554 DEBUG server.RaftServer$Division (RaftServerImpl.java:logAppendEntries(1545)) - s1@group-C596DBC0762E: appendEntries* s0->s1#4726-t1,previous=(t:1, i:82),leaderCommit=82,initializing? false,entries: size=1, first=(t:1, i:83), STATEMACHINELOGENTRY, StateMachineLogEntryProto:4724@client-D33A405D9311
2024-10-09 04:29:51,554 DEBUG server.RaftServer$Division (RaftServerImpl.java:logAppendEntries(1545)) - s10@group-C596DBC0762E: appendEntries* s0->s10#4725-t1,previous=(t:1, i:80),leaderCommit=81,initializing? false,entries: size=2, first=(t:1, i:81), STATEMACHINELOGENTRY, StateMachineLogEntryProto:4721@client-D33A405D9311
2024-10-09 04:29:51,554 DEBUG server.RaftServer$Division (RaftServerImpl.java:logAppendEntries(1545)) - s1@group-C596DBC0762E: appendEntries* reply s0<-s1#4726:OK-t1,SUCCESS,nextIndex=84,followerCommit=82,matchIndex=83
2024-10-09 04:29:51,554 INFO  statemachine.StateMachine (ArithmeticStateMachine.java:applyTransaction(181)) - LEADER:s0-83: c = null = null
2024-10-09 04:29:51,555 DEBUG server.RaftServer$Division (RaftServerImpl.java:logAppendEntries(1545)) - s1@group-C596DBC0762E: appendEntries* s0->s1#4727-t1,previous=(t:1, i:83),leaderCommit=83,initializing? false,entries: size=1, first=(t:1, i:84), METADATAENTRY(c:83)
2024-10-09 04:29:51,555 DEBUG server.RaftServer$Division (RaftServerImpl.java:logAppendEntries(1545)) - s10@group-C596DBC0762E: appendEntries* reply s0<-s10#4725:OK-t1,SUCCESS,nextIndex=83,followerCommit=81,matchIndex=82
2024-10-09 04:29:51,555 DEBUG server.RaftServer$Division (RaftServerImpl.java:submitClientRequestAsync(916)) - s0@group-C596DBC0762E: receive client request(RaftClientRequest:client-D33A405D9311->s0@group-C596DBC0762E, cid=4728, seq=null, RW, Message:01016102403100000000...(size=12))
2024-10-09 04:29:51,555 DEBUG server.RaftServer$Division (LeaderStateImpl.java:addPendingRequest(529)) - s0@group-C596DBC0762E-LeaderStateImpl: addPendingRequest at RaftClientRequest:client-D33A405D9311->s0@group-C596DBC0762E, cid=4728, seq=null, RW, Message:01016102403100000000...(size=12), entry=(t:1, i:85), STATEMACHINELOGENTRY, WRITE: logData.size=12, stateMachineData.size=0, logEntryProtoSerializedSize=0
2024-10-09 04:29:51,556 DEBUG server.RaftServer$Division (RaftServerImpl.java:logAppendEntries(1545)) - s10@group-C596DBC0762E: appendEntries* s0->s10#4729-t1,previous=(t:1, i:82),leaderCommit=83,initializing? false,entries: size=3, first=(t:1, i:83), STATEMACHINELOGENTRY, StateMachineLogEntryProto:4724@client-D33A405D9311
2024-10-09 04:29:51,556 DEBUG server.RaftServer$Division (RaftServerImpl.java:logAppendEntries(1545)) - s1@group-C596DBC0762E: appendEntries* reply s0<-s1#4727:OK-t1,SUCCESS,nextIndex=85,followerCommit=83,matchIndex=84
2024-10-09 04:29:51,556 DEBUG server.RaftServer$Division (RaftServerImpl.java:logAppendEntries(1545)) - s10@group-C596DBC0762E: appendEntries* reply s0<-s10#4729:OK-t1,SUCCESS,nextIndex=86,followerCommit=83,matchIndex=85
2024-10-09 04:29:51,557 DEBUG server.RaftServer$Division (RaftServerImpl.java:logAppendEntries(1545)) - s1@group-C596DBC0762E: appendEntries* s0->s1#4730-t1,previous=(t:1, i:84),leaderCommit=83,initializing? false,entries: size=1, first=(t:1, i:85), STATEMACHINELOGENTRY, StateMachineLogEntryProto:4728@client-D33A405D9311
2024-10-09 04:29:51,557 DEBUG server.RaftServer$Division (RaftServerImpl.java:logAppendEntries(1545)) - s1@group-C596DBC0762E: appendEntries* reply s0<-s1#4730:OK-t1,SUCCESS,nextIndex=86,followerCommit=83,matchIndex=85
2024-10-09 04:29:51,557 INFO  statemachine.StateMachine (ArithmeticStateMachine.java:applyTransaction(181)) - LEADER:s0-85: a = 17 = 17
2024-10-09 04:29:51,558 DEBUG server.RaftServer$Division (RaftServerImpl.java:logAppendEntries(1545)) - s1@group-C596DBC0762E: appendEntries* s0->s1#4732-t1,previous=(t:1, i:85),leaderCommit=85,initializing? false,entries: size=1, first=(t:1, i:86), METADATAENTRY(c:85)
2024-10-09 04:29:51,558 DEBUG server.RaftServer$Division (RaftServerImpl.java:logAppendEntries(1545)) - s10@group-C596DBC0762E: appendEntries* s0->s10#4731-t1,previous=(t:1, i:85),leaderCommit=85,initializing? false,entries: size=1, first=(t:1, i:86), METADATAENTRY(c:85)
2024-10-09 04:29:51,558 DEBUG server.RaftServer$Division (RaftServerImpl.java:logAppendEntries(1545)) - s1@group-C596DBC0762E: appendEntries* reply s0<-s1#4732:OK-t1,SUCCESS,nextIndex=87,followerCommit=85,matchIndex=86
2024-10-09 04:29:51,558 DEBUG server.RaftServer$Division (RaftServerImpl.java:submitClientRequestAsync(916)) - s0@group-C596DBC0762E: receive client request(RaftClientRequest:client-D33A405D9311->s0@group-C596DBC0762E, cid=4733, seq=null, RW, Message:01016202406200000000...(size=12))
2024-10-09 04:29:51,559 DEBUG server.RaftServer$Division (RaftServerImpl.java:logAppendEntries(1545)) - s10@group-C596DBC0762E: appendEntries* reply s0<-s10#4731:OK-t1,SUCCESS,nextIndex=87,followerCommit=85,matchIndex=86
2024-10-09 04:29:51,559 DEBUG server.RaftServer$Division (LeaderStateImpl.java:addPendingRequest(529)) - s0@group-C596DBC0762E-LeaderStateImpl: addPendingRequest at RaftClientRequest:client-D33A405D9311->s0@group-C596DBC0762E, cid=4733, seq=null, RW, Message:01016202406200000000...(size=12), entry=(t:1, i:87), STATEMACHINELOGENTRY, WRITE: logData.size=12, stateMachineData.size=0, logEntryProtoSerializedSize=0
2024-10-09 04:29:51,559 DEBUG server.RaftServer$Division (RaftServerImpl.java:logAppendEntries(1545)) - s1@group-C596DBC0762E: appendEntries* s0->s1#4735-t1,previous=(t:1, i:86),leaderCommit=86,initializing? false,entries: size=1, first=(t:1, i:87), STATEMACHINELOGENTRY, StateMachineLogEntryProto:4733@client-D33A405D9311
2024-10-09 04:29:51,559 DEBUG server.RaftServer$Division (RaftServerImpl.java:logAppendEntries(1545)) - s10@group-C596DBC0762E: appendEntries* s0->s10#4734-t1,previous=(t:1, i:86),leaderCommit=86,initializing? false,entries: size=1, first=(t:1, i:87), STATEMACHINELOGENTRY, StateMachineLogEntryProto:4733@client-D33A405D9311
2024-10-09 04:29:51,560 DEBUG server.RaftServer$Division (RaftServerImpl.java:logAppendEntries(1545)) - s1@group-C596DBC0762E: appendEntries* reply s0<-s1#4735:OK-t1,SUCCESS,nextIndex=88,followerCommit=86,matchIndex=87
2024-10-09 04:29:51,560 DEBUG server.RaftServer$Division (RaftServerImpl.java:logAppendEntries(1545)) - s10@group-C596DBC0762E: appendEntries* reply s0<-s10#4734:OK-t1,SUCCESS,nextIndex=88,followerCommit=86,matchIndex=87
2024-10-09 04:29:51,560 INFO  statemachine.StateMachine (ArithmeticStateMachine.java:applyTransaction(181)) - LEADER:s0-87: b = 144 = 144
2024-10-09 04:29:51,561 DEBUG server.RaftServer$Division (RaftServerImpl.java:logAppendEntries(1545)) - s10@group-C596DBC0762E: appendEntries* s0->s10#4736-t1,previous=(t:1, i:87),leaderCommit=87,initializing? false,entries: size=1, first=(t:1, i:88), METADATAENTRY(c:87)
2024-10-09 04:29:51,561 DEBUG server.RaftServer$Division (RaftServerImpl.java:logAppendEntries(1545)) - s1@group-C596DBC0762E: appendEntries* s0->s1#4737-t1,previous=(t:1, i:87),leaderCommit=87,initializing? false,entries: size=1, first=(t:1, i:88), METADATAENTRY(c:87)
2024-10-09 04:29:51,561 DEBUG server.RaftServer$Division (RaftServerImpl.java:logAppendEntries(1545)) - s1@group-C596DBC0762E: appendEntries* reply s0<-s1#4737:OK-t1,SUCCESS,nextIndex=89,followerCommit=87,matchIndex=88
2024-10-09 04:29:51,561 DEBUG server.RaftServer$Division (RaftServerImpl.java:logAppendEntries(1545)) - s10@group-C596DBC0762E: appendEntries* reply s0<-s10#4736:OK-t1,SUCCESS,nextIndex=89,followerCommit=87,matchIndex=88
2024-10-09 04:29:51,561 DEBUG server.RaftServer$Division (RaftServerImpl.java:submitClientRequestAsync(916)) - s0@group-C596DBC0762E: receive client request(RaftClientRequest:client-D33A405D9311->s0@group-C596DBC0762E, cid=4738, seq=null, RW, Message:01016304010300040201...(size=17))
2024-10-09 04:29:51,562 DEBUG server.RaftServer$Division (LeaderStateImpl.java:addPendingRequest(529)) - s0@group-C596DBC0762E-LeaderStateImpl: addPendingRequest at RaftClientRequest:client-D33A405D9311->s0@group-C596DBC0762E, cid=4738, seq=null, RW, Message:01016304010300040201...(size=17), entry=(t:1, i:89), STATEMACHINELOGENTRY, WRITE: logData.size=17, stateMachineData.size=0, logEntryProtoSerializedSize=0
2024-10-09 04:29:51,562 DEBUG server.RaftServer$Division (RaftServerImpl.java:logAppendEntries(1545)) - s10@group-C596DBC0762E: appendEntries* s0->s10#4739-t1,previous=(t:1, i:88),leaderCommit=88,initializing? false,entries: size=1, first=(t:1, i:89), STATEMACHINELOGENTRY, StateMachineLogEntryProto:4738@client-D33A405D9311
2024-10-09 04:29:51,563 DEBUG server.RaftServer$Division (RaftServerImpl.java:logAppendEntries(1545)) - s1@group-C596DBC0762E: appendEntries* s0->s1#4740-t1,previous=(t:1, i:88),leaderCommit=88,initializing? false,entries: size=1, first=(t:1, i:89), STATEMACHINELOGENTRY, StateMachineLogEntryProto:4738@client-D33A405D9311
2024-10-09 04:29:51,563 DEBUG server.RaftServer$Division (RaftServerImpl.java:logAppendEntries(1545)) - s1@group-C596DBC0762E: appendEntries* reply s0<-s1#4740:OK-t1,SUCCESS,nextIndex=90,followerCommit=88,matchIndex=89
2024-10-09 04:29:51,563 DEBUG server.RaftServer$Division (RaftServerImpl.java:logAppendEntries(1545)) - s10@group-C596DBC0762E: appendEntries* reply s0<-s10#4739:OK-t1,SUCCESS,nextIndex=90,followerCommit=88,matchIndex=89
2024-10-09 04:29:51,564 INFO  statemachine.StateMachine (ArithmeticStateMachine.java:applyTransaction(181)) - LEADER:s0-89: c = √(a^2 + b^2) = 145
2024-10-09 04:29:51,564 DEBUG server.RaftServer$Division (RaftServerImpl.java:logAppendEntries(1545)) - s10@group-C596DBC0762E: appendEntries* s0->s10#4741-t1,previous=(t:1, i:89),leaderCommit=89,initializing? false,entries: size=1, first=(t:1, i:90), METADATAENTRY(c:89)
2024-10-09 04:29:51,564 DEBUG server.RaftServer$Division (RaftServerImpl.java:logAppendEntries(1545)) - s1@group-C596DBC0762E: appendEntries* s0->s1#4742-t1,previous=(t:1, i:89),leaderCommit=89,initializing? false,entries: size=1, first=(t:1, i:90), METADATAENTRY(c:89)
2024-10-09 04:29:51,565 DEBUG server.RaftServer$Division (RaftServerImpl.java:logAppendEntries(1545)) - s1@group-C596DBC0762E: appendEntries* reply s0<-s1#4742:OK-t1,SUCCESS,nextIndex=91,followerCommit=89,matchIndex=90
2024-10-09 04:29:51,565 DEBUG server.RaftServer$Division (RaftServerImpl.java:logAppendEntries(1545)) - s10@group-C596DBC0762E: appendEntries* reply s0<-s10#4741:OK-t1,SUCCESS,nextIndex=91,followerCommit=89,matchIndex=90
2024-10-09 04:29:51,565 DEBUG server.RaftServer$Division (RaftServerImpl.java:submitClientRequestAsync(916)) - s0@group-C596DBC0762E: receive client request(RaftClientRequest:client-D33A405D9311->s0@group-C596DBC0762E, cid=4743, seq=null, RW, Message:01016100)
2024-10-09 04:29:51,565 DEBUG server.RaftServer$Division (LeaderStateImpl.java:addPendingRequest(529)) - s0@group-C596DBC0762E-LeaderStateImpl: addPendingRequest at RaftClientRequest:client-D33A405D9311->s0@group-C596DBC0762E, cid=4743, seq=null, RW, Message:01016100, entry=(t:1, i:91), STATEMACHINELOGENTRY, WRITE: logData.size=4, stateMachineData.size=0, logEntryProtoSerializedSize=0
2024-10-09 04:29:51,566 DEBUG server.RaftServer$Division (RaftServerImpl.java:logAppendEntries(1545)) - s10@group-C596DBC0762E: appendEntries* s0->s10#4744-t1,previous=(t:1, i:90),leaderCommit=90,initializing? false,entries: size=1, first=(t:1, i:91), STATEMACHINELOGENTRY, StateMachineLogEntryProto:4743@client-D33A405D9311
2024-10-09 04:29:51,566 DEBUG server.RaftServer$Division (RaftServerImpl.java:logAppendEntries(1545)) - s1@group-C596DBC0762E: appendEntries* s0->s1#4745-t1,previous=(t:1, i:90),leaderCommit=90,initializing? false,entries: size=1, first=(t:1, i:91), STATEMACHINELOGENTRY, StateMachineLogEntryProto:4743@client-D33A405D9311
2024-10-09 04:29:51,566 DEBUG server.RaftServer$Division (RaftServerImpl.java:logAppendEntries(1545)) - s10@group-C596DBC0762E: appendEntries* reply s0<-s10#4744:OK-t1,SUCCESS,nextIndex=92,followerCommit=90,matchIndex=91
2024-10-09 04:29:51,566 DEBUG server.RaftServer$Division (RaftServerImpl.java:logAppendEntries(1545)) - s1@group-C596DBC0762E: appendEntries* reply s0<-s1#4745:OK-t1,SUCCESS,nextIndex=92,followerCommit=90,matchIndex=91
2024-10-09 04:29:51,567 INFO  statemachine.StateMachine (ArithmeticStateMachine.java:applyTransaction(181)) - LEADER:s0-91: a = null = null
2024-10-09 04:29:51,567 DEBUG server.RaftServer$Division (RaftServerImpl.java:logAppendEntries(1545)) - s10@group-C596DBC0762E: appendEntries* s0->s10#4746-t1,previous=(t:1, i:91),leaderCommit=91,initializing? false,entries: size=1, first=(t:1, i:92), METADATAENTRY(c:91)
2024-10-09 04:29:51,567 DEBUG server.RaftServer$Division (RaftServerImpl.java:logAppendEntries(1545)) - s1@group-C596DBC0762E: appendEntries* s0->s1#4747-t1,previous=(t:1, i:91),leaderCommit=91,initializing? false,entries: size=1, first=(t:1, i:92), METADATAENTRY(c:91)
2024-10-09 04:29:51,568 DEBUG server.RaftServer$Division (RaftServerImpl.java:submitClientRequestAsync(916)) - s0@group-C596DBC0762E: receive client request(RaftClientRequest:client-D33A405D9311->s0@group-C596DBC0762E, cid=4748, seq=null, RW, Message:01016200)
2024-10-09 04:29:51,568 DEBUG server.RaftServer$Division (LeaderStateImpl.java:addPendingRequest(529)) - s0@group-C596DBC0762E-LeaderStateImpl: addPendingRequest at RaftClientRequest:client-D33A405D9311->s0@group-C596DBC0762E, cid=4748, seq=null, RW, Message:01016200, entry=(t:1, i:93), STATEMACHINELOGENTRY, WRITE: logData.size=4, stateMachineData.size=0, logEntryProtoSerializedSize=0
2024-10-09 04:29:51,569 DEBUG server.RaftServer$Division (RaftServerImpl.java:logAppendEntries(1545)) - s10@group-C596DBC0762E: appendEntries* reply s0<-s10#4746:OK-t1,SUCCESS,nextIndex=93,followerCommit=91,matchIndex=92
2024-10-09 04:29:51,569 DEBUG server.RaftServer$Division (RaftServerImpl.java:logAppendEntries(1545)) - s1@group-C596DBC0762E: appendEntries* reply s0<-s1#4747:OK-t1,SUCCESS,nextIndex=93,followerCommit=91,matchIndex=92
2024-10-09 04:29:51,570 DEBUG server.RaftServer$Division (RaftServerImpl.java:logAppendEntries(1545)) - s10@group-C596DBC0762E: appendEntries* s0->s10#4749-t1,previous=(t:1, i:92),leaderCommit=91,initializing? false,entries: size=1, first=(t:1, i:93), STATEMACHINELOGENTRY, StateMachineLogEntryProto:4748@client-D33A405D9311
2024-10-09 04:29:51,570 DEBUG server.RaftServer$Division (RaftServerImpl.java:logAppendEntries(1545)) - s1@group-C596DBC0762E: appendEntries* s0->s1#4750-t1,previous=(t:1, i:92),leaderCommit=92,initializing? false,entries: size=1, first=(t:1, i:93), STATEMACHINELOGENTRY, StateMachineLogEntryProto:4748@client-D33A405D9311
2024-10-09 04:29:51,570 DEBUG server.RaftServer$Division (RaftServerImpl.java:logAppendEntries(1545)) - s1@group-C596DBC0762E: appendEntries* reply s0<-s1#4750:OK-t1,SUCCESS,nextIndex=94,followerCommit=92,matchIndex=93
2024-10-09 04:29:51,571 DEBUG server.RaftServer$Division (RaftServerImpl.java:logAppendEntries(1545)) - s10@group-C596DBC0762E: appendEntries* reply s0<-s10#4749:OK-t1,SUCCESS,nextIndex=94,followerCommit=91,matchIndex=93
2024-10-09 04:29:51,571 INFO  statemachine.StateMachine (ArithmeticStateMachine.java:applyTransaction(181)) - LEADER:s0-93: b = null = null
2024-10-09 04:29:51,571 DEBUG server.RaftServer$Division (RaftServerImpl.java:logAppendEntries(1545)) - s10@group-C596DBC0762E: appendEntries* s0->s10#4751-t1,previous=(t:1, i:93),leaderCommit=93,initializing? false,entries: size=1, first=(t:1, i:94), METADATAENTRY(c:93)
2024-10-09 04:29:51,572 DEBUG server.RaftServer$Division (RaftServerImpl.java:logAppendEntries(1545)) - s10@group-C596DBC0762E: appendEntries* reply s0<-s10#4751:OK-t1,SUCCESS,nextIndex=95,followerCommit=93,matchIndex=94
2024-10-09 04:29:51,572 DEBUG server.RaftServer$Division (RaftServerImpl.java:logAppendEntries(1545)) - s1@group-C596DBC0762E: appendEntries* s0->s1#4752-t1,previous=(t:1, i:93),leaderCommit=93,initializing? false,entries: size=1, first=(t:1, i:94), METADATAENTRY(c:93)
2024-10-09 04:29:51,572 DEBUG server.RaftServer$Division (RaftServerImpl.java:submitClientRequestAsync(916)) - s0@group-C596DBC0762E: receive client request(RaftClientRequest:client-D33A405D9311->s0@group-C596DBC0762E, cid=4753, seq=null, RW, Message:01016300)
2024-10-09 04:29:51,572 DEBUG server.RaftServer$Division (LeaderStateImpl.java:addPendingRequest(529)) - s0@group-C596DBC0762E-LeaderStateImpl: addPendingRequest at RaftClientRequest:client-D33A405D9311->s0@group-C596DBC0762E, cid=4753, seq=null, RW, Message:01016300, entry=(t:1, i:95), STATEMACHINELOGENTRY, WRITE: logData.size=4, stateMachineData.size=0, logEntryProtoSerializedSize=0
2024-10-09 04:29:51,573 DEBUG server.RaftServer$Division (RaftServerImpl.java:logAppendEntries(1545)) - s1@group-C596DBC0762E: appendEntries* reply s0<-s1#4752:OK-t1,SUCCESS,nextIndex=95,followerCommit=93,matchIndex=94
2024-10-09 04:29:51,573 DEBUG server.RaftServer$Division (RaftServerImpl.java:logAppendEntries(1545)) - s10@group-C596DBC0762E: appendEntries* s0->s10#4754-t1,previous=(t:1, i:94),leaderCommit=94,initializing? false,entries: size=1, first=(t:1, i:95), STATEMACHINELOGENTRY, StateMachineLogEntryProto:4753@client-D33A405D9311
2024-10-09 04:29:51,573 DEBUG server.RaftServer$Division (RaftServerImpl.java:logAppendEntries(1545)) - s1@group-C596DBC0762E: appendEntries* s0->s1#4755-t1,previous=(t:1, i:94),leaderCommit=94,initializing? false,entries: size=1, first=(t:1, i:95), STATEMACHINELOGENTRY, StateMachineLogEntryProto:4753@client-D33A405D9311
2024-10-09 04:29:51,574 DEBUG server.RaftServer$Division (RaftServerImpl.java:logAppendEntries(1545)) - s10@group-C596DBC0762E: appendEntries* reply s0<-s10#4754:OK-t1,SUCCESS,nextIndex=96,followerCommit=94,matchIndex=95
2024-10-09 04:29:51,574 DEBUG server.RaftServer$Division (RaftServerImpl.java:logAppendEntries(1545)) - s1@group-C596DBC0762E: appendEntries* reply s0<-s1#4755:OK-t1,SUCCESS,nextIndex=96,followerCommit=94,matchIndex=95
2024-10-09 04:29:51,574 INFO  statemachine.StateMachine (ArithmeticStateMachine.java:applyTransaction(181)) - LEADER:s0-95: c = null = null
2024-10-09 04:29:51,575 DEBUG server.RaftServer$Division (RaftServerImpl.java:logAppendEntries(1545)) - s10@group-C596DBC0762E: appendEntries* s0->s10#4756-t1,previous=(t:1, i:95),leaderCommit=95,initializing? false,entries: size=1, first=(t:1, i:96), METADATAENTRY(c:95)
2024-10-09 04:29:51,575 DEBUG server.RaftServer$Division (RaftServerImpl.java:logAppendEntries(1545)) - s1@group-C596DBC0762E: appendEntries* s0->s1#4757-t1,previous=(t:1, i:95),leaderCommit=95,initializing? false,entries: size=1, first=(t:1, i:96), METADATAENTRY(c:95)
2024-10-09 04:29:51,575 DEBUG server.RaftServer$Division (RaftServerImpl.java:logAppendEntries(1545)) - s10@group-C596DBC0762E: appendEntries* reply s0<-s10#4756:OK-t1,SUCCESS,nextIndex=97,followerCommit=95,matchIndex=96
2024-10-09 04:29:51,576 DEBUG server.RaftServer$Division (RaftServerImpl.java:submitClientRequestAsync(916)) - s0@group-C596DBC0762E: receive client request(RaftClientRequest:client-D33A405D9311->s0@group-C596DBC0762E, cid=4758, seq=null, RW, Message:01016102403300000000...(size=12))
2024-10-09 04:29:51,576 DEBUG server.RaftServer$Division (RaftServerImpl.java:logAppendEntries(1545)) - s1@group-C596DBC0762E: appendEntries* reply s0<-s1#4757:OK-t1,SUCCESS,nextIndex=97,followerCommit=95,matchIndex=96
2024-10-09 04:29:51,576 DEBUG server.RaftServer$Division (LeaderStateImpl.java:addPendingRequest(529)) - s0@group-C596DBC0762E-LeaderStateImpl: addPendingRequest at RaftClientRequest:client-D33A405D9311->s0@group-C596DBC0762E, cid=4758, seq=null, RW, Message:01016102403300000000...(size=12), entry=(t:1, i:97), STATEMACHINELOGENTRY, WRITE: logData.size=12, stateMachineData.size=0, logEntryProtoSerializedSize=0
2024-10-09 04:29:51,577 DEBUG server.RaftServer$Division (RaftServerImpl.java:logAppendEntries(1545)) - s1@group-C596DBC0762E: appendEntries* s0->s1#4759-t1,previous=(t:1, i:96),leaderCommit=96,initializing? false,entries: size=1, first=(t:1, i:97), STATEMACHINELOGENTRY, StateMachineLogEntryProto:4758@client-D33A405D9311
2024-10-09 04:29:51,577 DEBUG server.RaftServer$Division (RaftServerImpl.java:logAppendEntries(1545)) - s10@group-C596DBC0762E: appendEntries* s0->s10#4760-t1,previous=(t:1, i:96),leaderCommit=96,initializing? false,entries: size=1, first=(t:1, i:97), STATEMACHINELOGENTRY, StateMachineLogEntryProto:4758@client-D33A405D9311
2024-10-09 04:29:51,577 DEBUG server.RaftServer$Division (RaftServerImpl.java:logAppendEntries(1545)) - s1@group-C596DBC0762E: appendEntries* reply s0<-s1#4759:OK-t1,SUCCESS,nextIndex=98,followerCommit=96,matchIndex=97
2024-10-09 04:29:51,577 DEBUG server.RaftServer$Division (RaftServerImpl.java:logAppendEntries(1545)) - s10@group-C596DBC0762E: appendEntries* reply s0<-s10#4760:OK-t1,SUCCESS,nextIndex=98,followerCommit=96,matchIndex=97
2024-10-09 04:29:51,578 INFO  statemachine.StateMachine (ArithmeticStateMachine.java:applyTransaction(181)) - LEADER:s0-97: a = 19 = 19
2024-10-09 04:29:51,578 DEBUG server.RaftServer$Division (RaftServerImpl.java:logAppendEntries(1545)) - s10@group-C596DBC0762E: appendEntries* s0->s10#4761-t1,previous=(t:1, i:97),leaderCommit=97,initializing? false,entries: size=1, first=(t:1, i:98), METADATAENTRY(c:97)
2024-10-09 04:29:51,578 DEBUG server.RaftServer$Division (RaftServerImpl.java:logAppendEntries(1545)) - s1@group-C596DBC0762E: appendEntries* s0->s1#4762-t1,previous=(t:1, i:97),leaderCommit=97,initializing? false,entries: size=1, first=(t:1, i:98), METADATAENTRY(c:97)
2024-10-09 04:29:51,579 DEBUG server.RaftServer$Division (RaftServerImpl.java:submitClientRequestAsync(916)) - s0@group-C596DBC0762E: receive client request(RaftClientRequest:client-D33A405D9311->s0@group-C596DBC0762E, cid=4763, seq=null, RW, Message:01016202406680000000...(size=12))
2024-10-09 04:29:51,579 DEBUG server.RaftServer$Division (RaftServerImpl.java:logAppendEntries(1545)) - s10@group-C596DBC0762E: appendEntries* reply s0<-s10#4761:OK-t1,SUCCESS,nextIndex=99,followerCommit=97,matchIndex=98
2024-10-09 04:29:51,579 DEBUG server.RaftServer$Division (RaftServerImpl.java:logAppendEntries(1545)) - s1@group-C596DBC0762E: appendEntries* reply s0<-s1#4762:OK-t1,SUCCESS,nextIndex=99,followerCommit=97,matchIndex=98
2024-10-09 04:29:51,579 DEBUG server.RaftServer$Division (LeaderStateImpl.java:addPendingRequest(529)) - s0@group-C596DBC0762E-LeaderStateImpl: addPendingRequest at RaftClientRequest:client-D33A405D9311->s0@group-C596DBC0762E, cid=4763, seq=null, RW, Message:01016202406680000000...(size=12), entry=(t:1, i:99), STATEMACHINELOGENTRY, WRITE: logData.size=12, stateMachineData.size=0, logEntryProtoSerializedSize=0
2024-10-09 04:29:51,580 DEBUG server.RaftServer$Division (RaftServerImpl.java:logAppendEntries(1545)) - s10@group-C596DBC0762E: appendEntries* s0->s10#4764-t1,previous=(t:1, i:98),leaderCommit=97,initializing? false,entries: size=1, first=(t:1, i:99), STATEMACHINELOGENTRY, StateMachineLogEntryProto:4763@client-D33A405D9311
2024-10-09 04:29:51,580 DEBUG server.RaftServer$Division (RaftServerImpl.java:logAppendEntries(1545)) - s1@group-C596DBC0762E: appendEntries* s0->s1#4765-t1,previous=(t:1, i:98),leaderCommit=98,initializing? false,entries: size=1, first=(t:1, i:99), STATEMACHINELOGENTRY, StateMachineLogEntryProto:4763@client-D33A405D9311
2024-10-09 04:29:51,580 DEBUG server.RaftServer$Division (RaftServerImpl.java:logAppendEntries(1545)) - s1@group-C596DBC0762E: appendEntries* reply s0<-s1#4765:OK-t1,SUCCESS,nextIndex=100,followerCommit=98,matchIndex=99
2024-10-09 04:29:51,580 DEBUG server.RaftServer$Division (RaftServerImpl.java:logAppendEntries(1545)) - s10@group-C596DBC0762E: appendEntries* reply s0<-s10#4764:OK-t1,SUCCESS,nextIndex=100,followerCommit=97,matchIndex=99
2024-10-09 04:29:51,581 INFO  statemachine.StateMachine (ArithmeticStateMachine.java:applyTransaction(181)) - LEADER:s0-99: b = 180 = 180
2024-10-09 04:29:51,581 DEBUG server.RaftServer$Division (RaftServerImpl.java:logAppendEntries(1545)) - s10@group-C596DBC0762E: appendEntries* s0->s10#4766-t1,previous=(t:1, i:99),leaderCommit=99,initializing? false,entries: size=1, first=(t:1, i:100), METADATAENTRY(c:99)
2024-10-09 04:29:51,581 DEBUG server.RaftServer$Division (RaftServerImpl.java:logAppendEntries(1545)) - s1@group-C596DBC0762E: appendEntries* s0->s1#4767-t1,previous=(t:1, i:99),leaderCommit=99,initializing? false,entries: size=1, first=(t:1, i:100), METADATAENTRY(c:99)
2024-10-09 04:29:51,582 DEBUG server.RaftServer$Division (RaftServerImpl.java:submitClientRequestAsync(916)) - s0@group-C596DBC0762E: receive client request(RaftClientRequest:client-D33A405D9311->s0@group-C596DBC0762E, cid=4768, seq=null, RW, Message:01016304010300040201...(size=17))
2024-10-09 04:29:51,582 DEBUG server.RaftServer$Division (RaftServerImpl.java:logAppendEntries(1545)) - s10@group-C596DBC0762E: appendEntries* reply s0<-s10#4766:OK-t1,SUCCESS,nextIndex=101,followerCommit=99,matchIndex=100
2024-10-09 04:29:51,582 DEBUG server.RaftServer$Division (RaftServerImpl.java:logAppendEntries(1545)) - s1@group-C596DBC0762E: appendEntries* reply s0<-s1#4767:OK-t1,SUCCESS,nextIndex=101,followerCommit=99,matchIndex=100
2024-10-09 04:29:51,582 DEBUG server.RaftServer$Division (LeaderStateImpl.java:addPendingRequest(529)) - s0@group-C596DBC0762E-LeaderStateImpl: addPendingRequest at RaftClientRequest:client-D33A405D9311->s0@group-C596DBC0762E, cid=4768, seq=null, RW, Message:01016304010300040201...(size=17), entry=(t:1, i:101), STATEMACHINELOGENTRY, WRITE: logData.size=17, stateMachineData.size=0, logEntryProtoSerializedSize=0
2024-10-09 04:29:51,583 DEBUG server.RaftServer$Division (RaftServerImpl.java:logAppendEntries(1545)) - s10@group-C596DBC0762E: appendEntries* s0->s10#4769-t1,previous=(t:1, i:100),leaderCommit=99,initializing? false,entries: size=1, first=(t:1, i:101), STATEMACHINELOGENTRY, StateMachineLogEntryProto:4768@client-D33A405D9311
2024-10-09 04:29:51,583 DEBUG server.RaftServer$Division (RaftServerImpl.java:logAppendEntries(1545)) - s1@group-C596DBC0762E: appendEntries* s0->s1#4770-t1,previous=(t:1, i:100),leaderCommit=100,initializing? false,entries: size=1, first=(t:1, i:101), STATEMACHINELOGENTRY, StateMachineLogEntryProto:4768@client-D33A405D9311
2024-10-09 04:29:51,583 DEBUG server.RaftServer$Division (RaftServerImpl.java:logAppendEntries(1545)) - s1@group-C596DBC0762E: appendEntries* reply s0<-s1#4770:OK-t1,SUCCESS,nextIndex=102,followerCommit=100,matchIndex=101
2024-10-09 04:29:51,583 DEBUG server.RaftServer$Division (RaftServerImpl.java:logAppendEntries(1545)) - s10@group-C596DBC0762E: appendEntries* reply s0<-s10#4769:OK-t1,SUCCESS,nextIndex=102,followerCommit=99,matchIndex=101
2024-10-09 04:29:51,584 INFO  statemachine.StateMachine (ArithmeticStateMachine.java:applyTransaction(181)) - LEADER:s0-101: c = √(a^2 + b^2) = 181
2024-10-09 04:29:51,584 DEBUG server.RaftServer$Division (RaftServerImpl.java:logAppendEntries(1545)) - s1@group-C596DBC0762E: appendEntries* s0->s1#4771-t1,previous=(t:1, i:101),leaderCommit=101,initializing? false,entries: size=1, first=(t:1, i:102), METADATAENTRY(c:101)
2024-10-09 04:29:51,585 DEBUG server.RaftServer$Division (RaftServerImpl.java:logAppendEntries(1545)) - s10@group-C596DBC0762E: appendEntries* s0->s10#4772-t1,previous=(t:1, i:101),leaderCommit=101,initializing? false,entries: size=1, first=(t:1, i:102), METADATAENTRY(c:101)
2024-10-09 04:29:51,585 DEBUG server.RaftServer$Division (RaftServerImpl.java:submitClientRequestAsync(916)) - s0@group-C596DBC0762E: receive client request(RaftClientRequest:client-D33A405D9311->s0@group-C596DBC0762E, cid=4773, seq=null, RW, Message:01016100)
2024-10-09 04:29:51,585 DEBUG server.RaftServer$Division (LeaderStateImpl.java:addPendingRequest(529)) - s0@group-C596DBC0762E-LeaderStateImpl: addPendingRequest at RaftClientRequest:client-D33A405D9311->s0@group-C596DBC0762E, cid=4773, seq=null, RW, Message:01016100, entry=(t:1, i:103), STATEMACHINELOGENTRY, WRITE: logData.size=4, stateMachineData.size=0, logEntryProtoSerializedSize=0
2024-10-09 04:29:51,585 DEBUG server.RaftServer$Division (RaftServerImpl.java:logAppendEntries(1545)) - s1@group-C596DBC0762E: appendEntries* reply s0<-s1#4771:OK-t1,SUCCESS,nextIndex=103,followerCommit=101,matchIndex=102
2024-10-09 04:29:51,585 DEBUG server.RaftServer$Division (RaftServerImpl.java:logAppendEntries(1545)) - s10@group-C596DBC0762E: appendEntries* reply s0<-s10#4772:OK-t1,SUCCESS,nextIndex=103,followerCommit=101,matchIndex=102
2024-10-09 04:29:51,586 DEBUG server.RaftServer$Division (RaftServerImpl.java:logAppendEntries(1545)) - s1@group-C596DBC0762E: appendEntries* s0->s1#4774-t1,previous=(t:1, i:102),leaderCommit=101,initializing? false,entries: size=1, first=(t:1, i:103), STATEMACHINELOGENTRY, StateMachineLogEntryProto:4773@client-D33A405D9311
2024-10-09 04:29:51,586 DEBUG server.RaftServer$Division (RaftServerImpl.java:logAppendEntries(1545)) - s10@group-C596DBC0762E: appendEntries* s0->s10#4775-t1,previous=(t:1, i:102),leaderCommit=102,initializing? false,entries: size=1, first=(t:1, i:103), STATEMACHINELOGENTRY, StateMachineLogEntryProto:4773@client-D33A405D9311
2024-10-09 04:29:51,586 DEBUG server.RaftServer$Division (RaftServerImpl.java:logAppendEntries(1545)) - s1@group-C596DBC0762E: appendEntries* reply s0<-s1#4774:OK-t1,SUCCESS,nextIndex=104,followerCommit=101,matchIndex=103
2024-10-09 04:29:51,586 DEBUG server.RaftServer$Division (RaftServerImpl.java:logAppendEntries(1545)) - s10@group-C596DBC0762E: appendEntries* reply s0<-s10#4775:OK-t1,SUCCESS,nextIndex=104,followerCommit=102,matchIndex=103
2024-10-09 04:29:51,586 INFO  statemachine.StateMachine (ArithmeticStateMachine.java:applyTransaction(181)) - LEADER:s0-103: a = null = null
2024-10-09 04:29:51,587 DEBUG server.RaftServer$Division (RaftServerImpl.java:logAppendEntries(1545)) - s10@group-C596DBC0762E: appendEntries* s0->s10#4777-t1,previous=(t:1, i:103),leaderCommit=103,initializing? false,entries: size=1, first=(t:1, i:104), METADATAENTRY(c:103)
2024-10-09 04:29:51,587 DEBUG server.RaftServer$Division (RaftServerImpl.java:submitClientRequestAsync(916)) - s0@group-C596DBC0762E: receive client request(RaftClientRequest:client-D33A405D9311->s0@group-C596DBC0762E, cid=4778, seq=null, RW, Message:01016200)
2024-10-09 04:29:51,588 DEBUG server.RaftServer$Division (LeaderStateImpl.java:addPendingRequest(529)) - s0@group-C596DBC0762E-LeaderStateImpl: addPendingRequest at RaftClientRequest:client-D33A405D9311->s0@group-C596DBC0762E, cid=4778, seq=null, RW, Message:01016200, entry=(t:1, i:105), STATEMACHINELOGENTRY, WRITE: logData.size=4, stateMachineData.size=0, logEntryProtoSerializedSize=0
2024-10-09 04:29:51,588 DEBUG server.RaftServer$Division (RaftServerImpl.java:logAppendEntries(1545)) - s1@group-C596DBC0762E: appendEntries* s0->s1#4776-t1,previous=(t:1, i:103),leaderCommit=103,initializing? false,entries: size=1, first=(t:1, i:104), METADATAENTRY(c:103)
2024-10-09 04:29:51,588 DEBUG server.RaftServer$Division (RaftServerImpl.java:logAppendEntries(1545)) - s10@group-C596DBC0762E: appendEntries* reply s0<-s10#4777:OK-t1,SUCCESS,nextIndex=105,followerCommit=103,matchIndex=104
2024-10-09 04:29:51,588 DEBUG server.RaftServer$Division (RaftServerImpl.java:logAppendEntries(1545)) - s1@group-C596DBC0762E: appendEntries* reply s0<-s1#4776:OK-t1,SUCCESS,nextIndex=105,followerCommit=103,matchIndex=104
2024-10-09 04:29:51,589 DEBUG server.RaftServer$Division (RaftServerImpl.java:logAppendEntries(1545)) - s10@group-C596DBC0762E: appendEntries* s0->s10#4779-t1,previous=(t:1, i:104),leaderCommit=103,initializing? false,entries: size=1, first=(t:1, i:105), STATEMACHINELOGENTRY, StateMachineLogEntryProto:4778@client-D33A405D9311
2024-10-09 04:29:51,589 DEBUG server.RaftServer$Division (RaftServerImpl.java:logAppendEntries(1545)) - s1@group-C596DBC0762E: appendEntries* s0->s1#4780-t1,previous=(t:1, i:104),leaderCommit=104,initializing? false,entries: size=1, first=(t:1, i:105), STATEMACHINELOGENTRY, StateMachineLogEntryProto:4778@client-D33A405D9311
2024-10-09 04:29:51,589 DEBUG server.RaftServer$Division (RaftServerImpl.java:logAppendEntries(1545)) - s10@group-C596DBC0762E: appendEntries* reply s0<-s10#4779:OK-t1,SUCCESS,nextIndex=106,followerCommit=103,matchIndex=105
2024-10-09 04:29:51,589 DEBUG server.RaftServer$Division (RaftServerImpl.java:logAppendEntries(1545)) - s1@group-C596DBC0762E: appendEntries* reply s0<-s1#4780:OK-t1,SUCCESS,nextIndex=106,followerCommit=104,matchIndex=105
2024-10-09 04:29:51,590 INFO  statemachine.StateMachine (ArithmeticStateMachine.java:applyTransaction(181)) - LEADER:s0-105: b = null = null
2024-10-09 04:29:51,590 DEBUG server.RaftServer$Division (RaftServerImpl.java:logAppendEntries(1545)) - s10@group-C596DBC0762E: appendEntries* s0->s10#4782-t1,previous=(t:1, i:105),leaderCommit=105,initializing? false,entries: size=1, first=(t:1, i:106), METADATAENTRY(c:105)
2024-10-09 04:29:51,590 DEBUG server.RaftServer$Division (RaftServerImpl.java:submitClientRequestAsync(916)) - s0@group-C596DBC0762E: receive client request(RaftClientRequest:client-D33A405D9311->s0@group-C596DBC0762E, cid=4783, seq=null, RW, Message:01016300)
2024-10-09 04:29:51,590 DEBUG server.RaftServer$Division (LeaderStateImpl.java:addPendingRequest(529)) - s0@group-C596DBC0762E-LeaderStateImpl: addPendingRequest at RaftClientRequest:client-D33A405D9311->s0@group-C596DBC0762E, cid=4783, seq=null, RW, Message:01016300, entry=(t:1, i:107), STATEMACHINELOGENTRY, WRITE: logData.size=4, stateMachineData.size=0, logEntryProtoSerializedSize=0
2024-10-09 04:29:51,590 DEBUG server.RaftServer$Division (RaftServerImpl.java:logAppendEntries(1545)) - s10@group-C596DBC0762E: appendEntries* reply s0<-s10#4782:OK-t1,SUCCESS,nextIndex=107,followerCommit=105,matchIndex=106
2024-10-09 04:29:51,591 DEBUG server.RaftServer$Division (RaftServerImpl.java:logAppendEntries(1545)) - s1@group-C596DBC0762E: appendEntries* s0->s1#4781-t1,previous=(t:1, i:105),leaderCommit=105,initializing? false,entries: size=1, first=(t:1, i:106), METADATAENTRY(c:105)
2024-10-09 04:29:51,591 DEBUG server.RaftServer$Division (RaftServerImpl.java:logAppendEntries(1545)) - s1@group-C596DBC0762E: appendEntries* reply s0<-s1#4781:OK-t1,SUCCESS,nextIndex=107,followerCommit=105,matchIndex=106
2024-10-09 04:29:51,591 DEBUG server.RaftServer$Division (RaftServerImpl.java:logAppendEntries(1545)) - s10@group-C596DBC0762E: appendEntries* s0->s10#4784-t1,previous=(t:1, i:106),leaderCommit=105,initializing? false,entries: size=1, first=(t:1, i:107), STATEMACHINELOGENTRY, StateMachineLogEntryProto:4783@client-D33A405D9311
2024-10-09 04:29:51,592 DEBUG server.RaftServer$Division (RaftServerImpl.java:logAppendEntries(1545)) - s1@group-C596DBC0762E: appendEntries* s0->s1#4785-t1,previous=(t:1, i:106),leaderCommit=106,initializing? false,entries: size=1, first=(t:1, i:107), STATEMACHINELOGENTRY, StateMachineLogEntryProto:4783@client-D33A405D9311
2024-10-09 04:29:51,592 DEBUG server.RaftServer$Division (RaftServerImpl.java:logAppendEntries(1545)) - s10@group-C596DBC0762E: appendEntries* reply s0<-s10#4784:OK-t1,SUCCESS,nextIndex=108,followerCommit=105,matchIndex=107
2024-10-09 04:29:51,592 INFO  statemachine.StateMachine (ArithmeticStateMachine.java:applyTransaction(181)) - LEADER:s0-107: c = null = null
2024-10-09 04:29:51,592 DEBUG server.RaftServer$Division (RaftServerImpl.java:logAppendEntries(1545)) - s1@group-C596DBC0762E: appendEntries* reply s0<-s1#4785:OK-t1,SUCCESS,nextIndex=108,followerCommit=106,matchIndex=107
2024-10-09 04:29:51,593 DEBUG server.RaftServer$Division (RaftServerImpl.java:logAppendEntries(1545)) - s10@group-C596DBC0762E: appendEntries* s0->s10#4786-t1,previous=(t:1, i:107),leaderCommit=107,initializing? false,entries: size=1, first=(t:1, i:108), METADATAENTRY(c:107)
2024-10-09 04:29:51,593 DEBUG server.RaftServer$Division (RaftServerImpl.java:submitClientRequestAsync(916)) - s0@group-C596DBC0762E: receive client request(RaftClientRequest:client-D33A405D9311->s0@group-C596DBC0762E, cid=4787, seq=null, RW, Message:01016102403500000000...(size=12))
2024-10-09 04:29:51,593 DEBUG server.RaftServer$Division (LeaderStateImpl.java:addPendingRequest(529)) - s0@group-C596DBC0762E-LeaderStateImpl: addPendingRequest at RaftClientRequest:client-D33A405D9311->s0@group-C596DBC0762E, cid=4787, seq=null, RW, Message:01016102403500000000...(size=12), entry=(t:1, i:109), STATEMACHINELOGENTRY, WRITE: logData.size=12, stateMachineData.size=0, logEntryProtoSerializedSize=0
2024-10-09 04:29:51,593 DEBUG server.RaftServer$Division (RaftServerImpl.java:logAppendEntries(1545)) - s10@group-C596DBC0762E: appendEntries* reply s0<-s10#4786:OK-t1,SUCCESS,nextIndex=109,followerCommit=107,matchIndex=108
2024-10-09 04:29:51,594 DEBUG server.RaftServer$Division (RaftServerImpl.java:logAppendEntries(1545)) - s1@group-C596DBC0762E: appendEntries* s0->s1#4789-t1,previous=(t:1, i:107),leaderCommit=107,initializing? false,entries: size=2, first=(t:1, i:108), METADATAENTRY(c:107)
2024-10-09 04:29:51,594 DEBUG server.RaftServer$Division (RaftServerImpl.java:logAppendEntries(1545)) - s10@group-C596DBC0762E: appendEntries* s0->s10#4788-t1,previous=(t:1, i:108),leaderCommit=107,initializing? false,entries: size=1, first=(t:1, i:109), STATEMACHINELOGENTRY, StateMachineLogEntryProto:4787@client-D33A405D9311
2024-10-09 04:29:51,594 DEBUG server.RaftServer$Division (RaftServerImpl.java:logAppendEntries(1545)) - s1@group-C596DBC0762E: appendEntries* reply s0<-s1#4789:OK-t1,SUCCESS,nextIndex=110,followerCommit=107,matchIndex=109
2024-10-09 04:29:51,595 INFO  statemachine.StateMachine (ArithmeticStateMachine.java:applyTransaction(181)) - LEADER:s0-109: a = 21 = 21
2024-10-09 04:29:51,595 DEBUG server.RaftServer$Division (RaftServerImpl.java:logAppendEntries(1545)) - s10@group-C596DBC0762E: appendEntries* reply s0<-s10#4788:OK-t1,SUCCESS,nextIndex=110,followerCommit=107,matchIndex=109
2024-10-09 04:29:51,595 DEBUG server.RaftServer$Division (RaftServerImpl.java:logAppendEntries(1545)) - s10@group-C596DBC0762E: appendEntries* s0->s10#4791-t1,previous=(t:1, i:109),leaderCommit=109,initializing? false,entries: size=1, first=(t:1, i:110), METADATAENTRY(c:109)
2024-10-09 04:29:51,595 DEBUG server.RaftServer$Division (RaftServerImpl.java:submitClientRequestAsync(916)) - s0@group-C596DBC0762E: receive client request(RaftClientRequest:client-D33A405D9311->s0@group-C596DBC0762E, cid=4792, seq=null, RW, Message:01016202406b80000000...(size=12))
2024-10-09 04:29:51,596 DEBUG server.RaftServer$Division (LeaderStateImpl.java:addPendingRequest(529)) - s0@group-C596DBC0762E-LeaderStateImpl: addPendingRequest at RaftClientRequest:client-D33A405D9311->s0@group-C596DBC0762E, cid=4792, seq=null, RW, Message:01016202406b80000000...(size=12), entry=(t:1, i:111), STATEMACHINELOGENTRY, WRITE: logData.size=12, stateMachineData.size=0, logEntryProtoSerializedSize=0
2024-10-09 04:29:51,596 DEBUG server.RaftServer$Division (RaftServerImpl.java:logAppendEntries(1545)) - s10@group-C596DBC0762E: appendEntries* reply s0<-s10#4791:OK-t1,SUCCESS,nextIndex=111,followerCommit=109,matchIndex=110
2024-10-09 04:29:51,596 DEBUG server.RaftServer$Division (RaftServerImpl.java:logAppendEntries(1545)) - s1@group-C596DBC0762E: appendEntries* s0->s1#4790-t1,previous=(t:1, i:109),leaderCommit=109,initializing? false,entries: size=1, first=(t:1, i:110), METADATAENTRY(c:109)
2024-10-09 04:29:51,596 DEBUG server.RaftServer$Division (RaftServerImpl.java:logAppendEntries(1545)) - s1@group-C596DBC0762E: appendEntries* reply s0<-s1#4790:OK-t1,SUCCESS,nextIndex=111,followerCommit=109,matchIndex=110
2024-10-09 04:29:51,597 DEBUG server.RaftServer$Division (RaftServerImpl.java:logAppendEntries(1545)) - s10@group-C596DBC0762E: appendEntries* s0->s10#4793-t1,previous=(t:1, i:110),leaderCommit=109,initializing? false,entries: size=1, first=(t:1, i:111), STATEMACHINELOGENTRY, StateMachineLogEntryProto:4792@client-D33A405D9311
2024-10-09 04:29:51,597 DEBUG server.RaftServer$Division (RaftServerImpl.java:logAppendEntries(1545)) - s10@group-C596DBC0762E: appendEntries* reply s0<-s10#4793:OK-t1,SUCCESS,nextIndex=112,followerCommit=109,matchIndex=111
2024-10-09 04:29:51,597 DEBUG server.RaftServer$Division (RaftServerImpl.java:logAppendEntries(1545)) - s1@group-C596DBC0762E: appendEntries* s0->s1#4794-t1,previous=(t:1, i:110),leaderCommit=110,initializing? false,entries: size=1, first=(t:1, i:111), STATEMACHINELOGENTRY, StateMachineLogEntryProto:4792@client-D33A405D9311
2024-10-09 04:29:51,597 INFO  statemachine.StateMachine (ArithmeticStateMachine.java:applyTransaction(181)) - LEADER:s0-111: b = 220 = 220
2024-10-09 04:29:51,598 DEBUG server.RaftServer$Division (RaftServerImpl.java:logAppendEntries(1545)) - s1@group-C596DBC0762E: appendEntries* reply s0<-s1#4794:OK-t1,SUCCESS,nextIndex=112,followerCommit=110,matchIndex=111
2024-10-09 04:29:51,598 DEBUG server.RaftServer$Division (RaftServerImpl.java:submitClientRequestAsync(916)) - s0@group-C596DBC0762E: receive client request(RaftClientRequest:client-D33A405D9311->s0@group-C596DBC0762E, cid=4796, seq=null, RW, Message:01016304010300040201...(size=17))
2024-10-09 04:29:51,598 DEBUG server.RaftServer$Division (RaftServerImpl.java:logAppendEntries(1545)) - s10@group-C596DBC0762E: appendEntries* s0->s10#4795-t1,previous=(t:1, i:111),leaderCommit=111,initializing? false,entries: size=1, first=(t:1, i:112), METADATAENTRY(c:111)
2024-10-09 04:29:51,598 DEBUG server.RaftServer$Division (RaftServerImpl.java:logAppendEntries(1545)) - s10@group-C596DBC0762E: appendEntries* reply s0<-s10#4795:OK-t1,SUCCESS,nextIndex=113,followerCommit=111,matchIndex=112
2024-10-09 04:29:51,598 DEBUG server.RaftServer$Division (LeaderStateImpl.java:addPendingRequest(529)) - s0@group-C596DBC0762E-LeaderStateImpl: addPendingRequest at RaftClientRequest:client-D33A405D9311->s0@group-C596DBC0762E, cid=4796, seq=null, RW, Message:01016304010300040201...(size=17), entry=(t:1, i:113), STATEMACHINELOGENTRY, WRITE: logData.size=17, stateMachineData.size=0, logEntryProtoSerializedSize=0
2024-10-09 04:29:51,599 DEBUG server.RaftServer$Division (RaftServerImpl.java:logAppendEntries(1545)) - s1@group-C596DBC0762E: appendEntries* s0->s1#4797-t1,previous=(t:1, i:111),leaderCommit=111,initializing? false,entries: size=2, first=(t:1, i:112), METADATAENTRY(c:111)
2024-10-09 04:29:51,599 DEBUG server.RaftServer$Division (RaftServerImpl.java:logAppendEntries(1545)) - s1@group-C596DBC0762E: appendEntries* reply s0<-s1#4797:OK-t1,SUCCESS,nextIndex=114,followerCommit=111,matchIndex=113
2024-10-09 04:29:51,599 DEBUG server.RaftServer$Division (RaftServerImpl.java:logAppendEntries(1545)) - s10@group-C596DBC0762E: appendEntries* s0->s10#4798-t1,previous=(t:1, i:112),leaderCommit=111,initializing? false,entries: size=1, first=(t:1, i:113), STATEMACHINELOGENTRY, StateMachineLogEntryProto:4796@client-D33A405D9311
2024-10-09 04:29:51,600 INFO  statemachine.StateMachine (ArithmeticStateMachine.java:applyTransaction(181)) - LEADER:s0-113: c = √(a^2 + b^2) = 221
2024-10-09 04:29:51,600 DEBUG server.RaftServer$Division (RaftServerImpl.java:logAppendEntries(1545)) - s10@group-C596DBC0762E: appendEntries* reply s0<-s10#4798:OK-t1,SUCCESS,nextIndex=114,followerCommit=111,matchIndex=113
2024-10-09 04:29:51,600 DEBUG server.RaftServer$Division (RaftServerImpl.java:submitClientRequestAsync(916)) - s0@group-C596DBC0762E: receive client request(RaftClientRequest:client-D33A405D9311->s0@group-C596DBC0762E, cid=4800, seq=null, RW, Message:01016100)
2024-10-09 04:29:51,601 DEBUG server.RaftServer$Division (LeaderStateImpl.java:addPendingRequest(529)) - s0@group-C596DBC0762E-LeaderStateImpl: addPendingRequest at RaftClientRequest:client-D33A405D9311->s0@group-C596DBC0762E, cid=4800, seq=null, RW, Message:01016100, entry=(t:1, i:115), STATEMACHINELOGENTRY, WRITE: logData.size=4, stateMachineData.size=0, logEntryProtoSerializedSize=0
2024-10-09 04:29:51,601 DEBUG server.RaftServer$Division (RaftServerImpl.java:logAppendEntries(1545)) - s10@group-C596DBC0762E: appendEntries* s0->s10#4801-t1,previous=(t:1, i:113),leaderCommit=113,initializing? false,entries: size=1, first=(t:1, i:114), METADATAENTRY(c:113)
2024-10-09 04:29:51,601 DEBUG server.RaftServer$Division (RaftServerImpl.java:logAppendEntries(1545)) - s1@group-C596DBC0762E: appendEntries* s0->s1#4799-t1,previous=(t:1, i:113),leaderCommit=113,initializing? false,entries: size=1, first=(t:1, i:114), METADATAENTRY(c:113)
2024-10-09 04:29:51,601 DEBUG server.RaftServer$Division (RaftServerImpl.java:logAppendEntries(1545)) - s10@group-C596DBC0762E: appendEntries* reply s0<-s10#4801:OK-t1,SUCCESS,nextIndex=115,followerCommit=113,matchIndex=114
2024-10-09 04:29:51,601 DEBUG server.RaftServer$Division (RaftServerImpl.java:logAppendEntries(1545)) - s1@group-C596DBC0762E: appendEntries* reply s0<-s1#4799:OK-t1,SUCCESS,nextIndex=115,followerCommit=113,matchIndex=114
2024-10-09 04:29:51,602 DEBUG server.RaftServer$Division (RaftServerImpl.java:logAppendEntries(1545)) - s1@group-C596DBC0762E: appendEntries* s0->s1#4803-t1,previous=(t:1, i:114),leaderCommit=113,initializing? false,entries: size=1, first=(t:1, i:115), STATEMACHINELOGENTRY, StateMachineLogEntryProto:4800@client-D33A405D9311
2024-10-09 04:29:51,602 DEBUG server.RaftServer$Division (RaftServerImpl.java:logAppendEntries(1545)) - s10@group-C596DBC0762E: appendEntries* s0->s10#4802-t1,previous=(t:1, i:114),leaderCommit=113,initializing? false,entries: size=1, first=(t:1, i:115), STATEMACHINELOGENTRY, StateMachineLogEntryProto:4800@client-D33A405D9311
2024-10-09 04:29:51,602 DEBUG server.RaftServer$Division (RaftServerImpl.java:logAppendEntries(1545)) - s1@group-C596DBC0762E: appendEntries* reply s0<-s1#4803:OK-t1,SUCCESS,nextIndex=116,followerCommit=113,matchIndex=115
2024-10-09 04:29:51,603 DEBUG server.RaftServer$Division (RaftServerImpl.java:logAppendEntries(1545)) - s10@group-C596DBC0762E: appendEntries* reply s0<-s10#4802:OK-t1,SUCCESS,nextIndex=116,followerCommit=113,matchIndex=115
2024-10-09 04:29:51,603 INFO  statemachine.StateMachine (ArithmeticStateMachine.java:applyTransaction(181)) - LEADER:s0-115: a = null = null
2024-10-09 04:29:51,603 DEBUG server.RaftServer$Division (RaftServerImpl.java:submitClientRequestAsync(916)) - s0@group-C596DBC0762E: receive client request(RaftClientRequest:client-D33A405D9311->s0@group-C596DBC0762E, cid=4805, seq=null, RW, Message:01016200)
2024-10-09 04:29:51,603 DEBUG server.RaftServer$Division (RaftServerImpl.java:logAppendEntries(1545)) - s10@group-C596DBC0762E: appendEntries* s0->s10#4806-t1,previous=(t:1, i:115),leaderCommit=115,initializing? false,entries: size=1, first=(t:1, i:116), METADATAENTRY(c:115)
2024-10-09 04:29:51,604 DEBUG server.RaftServer$Division (LeaderStateImpl.java:addPendingRequest(529)) - s0@group-C596DBC0762E-LeaderStateImpl: addPendingRequest at RaftClientRequest:client-D33A405D9311->s0@group-C596DBC0762E, cid=4805, seq=null, RW, Message:01016200, entry=(t:1, i:117), STATEMACHINELOGENTRY, WRITE: logData.size=4, stateMachineData.size=0, logEntryProtoSerializedSize=0
2024-10-09 04:29:51,604 DEBUG server.RaftServer$Division (RaftServerImpl.java:logAppendEntries(1545)) - s1@group-C596DBC0762E: appendEntries* s0->s1#4804-t1,previous=(t:1, i:115),leaderCommit=115,initializing? false,entries: size=1, first=(t:1, i:116), METADATAENTRY(c:115)
2024-10-09 04:29:51,604 DEBUG server.RaftServer$Division (RaftServerImpl.java:logAppendEntries(1545)) - s10@group-C596DBC0762E: appendEntries* reply s0<-s10#4806:OK-t1,SUCCESS,nextIndex=117,followerCommit=115,matchIndex=116
2024-10-09 04:29:51,604 DEBUG server.RaftServer$Division (RaftServerImpl.java:logAppendEntries(1545)) - s1@group-C596DBC0762E: appendEntries* reply s0<-s1#4804:OK-t1,SUCCESS,nextIndex=117,followerCommit=115,matchIndex=116
2024-10-09 04:29:51,605 DEBUG server.RaftServer$Division (RaftServerImpl.java:logAppendEntries(1545)) - s1@group-C596DBC0762E: appendEntries* s0->s1#4808-t1,previous=(t:1, i:116),leaderCommit=115,initializing? false,entries: size=1, first=(t:1, i:117), STATEMACHINELOGENTRY, StateMachineLogEntryProto:4805@client-D33A405D9311
2024-10-09 04:29:51,605 DEBUG server.RaftServer$Division (RaftServerImpl.java:logAppendEntries(1545)) - s10@group-C596DBC0762E: appendEntries* s0->s10#4807-t1,previous=(t:1, i:116),leaderCommit=115,initializing? false,entries: size=1, first=(t:1, i:117), STATEMACHINELOGENTRY, StateMachineLogEntryProto:4805@client-D33A405D9311
2024-10-09 04:29:51,605 DEBUG server.RaftServer$Division (RaftServerImpl.java:logAppendEntries(1545)) - s1@group-C596DBC0762E: appendEntries* reply s0<-s1#4808:OK-t1,SUCCESS,nextIndex=118,followerCommit=115,matchIndex=117
2024-10-09 04:29:51,605 DEBUG server.RaftServer$Division (RaftServerImpl.java:logAppendEntries(1545)) - s10@group-C596DBC0762E: appendEntries* reply s0<-s10#4807:OK-t1,SUCCESS,nextIndex=118,followerCommit=115,matchIndex=117
2024-10-09 04:29:51,606 INFO  statemachine.StateMachine (ArithmeticStateMachine.java:applyTransaction(181)) - LEADER:s0-117: b = null = null
2024-10-09 04:29:51,606 DEBUG server.RaftServer$Division (RaftServerImpl.java:logAppendEntries(1545)) - s10@group-C596DBC0762E: appendEntries* s0->s10#4810-t1,previous=(t:1, i:117),leaderCommit=117,initializing? false,entries: size=1, first=(t:1, i:118), METADATAENTRY(c:117)
2024-10-09 04:29:51,606 DEBUG server.RaftServer$Division (RaftServerImpl.java:submitClientRequestAsync(916)) - s0@group-C596DBC0762E: receive client request(RaftClientRequest:client-D33A405D9311->s0@group-C596DBC0762E, cid=4811, seq=null, RW, Message:01016300)
2024-10-09 04:29:51,607 DEBUG server.RaftServer$Division (LeaderStateImpl.java:addPendingRequest(529)) - s0@group-C596DBC0762E-LeaderStateImpl: addPendingRequest at RaftClientRequest:client-D33A405D9311->s0@group-C596DBC0762E, cid=4811, seq=null, RW, Message:01016300, entry=(t:1, i:119), STATEMACHINELOGENTRY, WRITE: logData.size=4, stateMachineData.size=0, logEntryProtoSerializedSize=0
2024-10-09 04:29:51,607 DEBUG server.RaftServer$Division (RaftServerImpl.java:logAppendEntries(1545)) - s1@group-C596DBC0762E: appendEntries* s0->s1#4809-t1,previous=(t:1, i:117),leaderCommit=117,initializing? false,entries: size=1, first=(t:1, i:118), METADATAENTRY(c:117)
2024-10-09 04:29:51,607 DEBUG server.RaftServer$Division (RaftServerImpl.java:logAppendEntries(1545)) - s10@group-C596DBC0762E: appendEntries* reply s0<-s10#4810:OK-t1,SUCCESS,nextIndex=119,followerCommit=117,matchIndex=118
2024-10-09 04:29:51,607 DEBUG server.RaftServer$Division (RaftServerImpl.java:logAppendEntries(1545)) - s1@group-C596DBC0762E: appendEntries* reply s0<-s1#4809:OK-t1,SUCCESS,nextIndex=119,followerCommit=117,matchIndex=118
2024-10-09 04:29:51,608 DEBUG server.RaftServer$Division (RaftServerImpl.java:logAppendEntries(1545)) - s10@group-C596DBC0762E: appendEntries* s0->s10#4812-t1,previous=(t:1, i:118),leaderCommit=117,initializing? false,entries: size=1, first=(t:1, i:119), STATEMACHINELOGENTRY, StateMachineLogEntryProto:4811@client-D33A405D9311
2024-10-09 04:29:51,608 DEBUG server.RaftServer$Division (RaftServerImpl.java:logAppendEntries(1545)) - s1@group-C596DBC0762E: appendEntries* s0->s1#4813-t1,previous=(t:1, i:118),leaderCommit=118,initializing? false,entries: size=1, first=(t:1, i:119), STATEMACHINELOGENTRY, StateMachineLogEntryProto:4811@client-D33A405D9311
2024-10-09 04:29:51,608 DEBUG server.RaftServer$Division (RaftServerImpl.java:logAppendEntries(1545)) - s10@group-C596DBC0762E: appendEntries* reply s0<-s10#4812:OK-t1,SUCCESS,nextIndex=120,followerCommit=117,matchIndex=119
2024-10-09 04:29:51,608 DEBUG server.RaftServer$Division (RaftServerImpl.java:logAppendEntries(1545)) - s1@group-C596DBC0762E: appendEntries* reply s0<-s1#4813:OK-t1,SUCCESS,nextIndex=120,followerCommit=118,matchIndex=119
2024-10-09 04:29:51,609 INFO  statemachine.StateMachine (ArithmeticStateMachine.java:applyTransaction(181)) - LEADER:s0-119: c = null = null
2024-10-09 04:29:51,609 DEBUG server.RaftServer$Division (RaftServerImpl.java:logAppendEntries(1545)) - s10@group-C596DBC0762E: appendEntries* s0->s10#4815-t1,previous=(t:1, i:119),leaderCommit=119,initializing? false,entries: size=1, first=(t:1, i:120), METADATAENTRY(c:119)
2024-10-09 04:29:51,609 DEBUG server.RaftServer$Division (RaftServerImpl.java:logAppendEntries(1545)) - s1@group-C596DBC0762E: appendEntries* s0->s1#4814-t1,previous=(t:1, i:119),leaderCommit=119,initializing? false,entries: size=1, first=(t:1, i:120), METADATAENTRY(c:119)
2024-10-09 04:29:51,610 DEBUG server.RaftServer$Division (RaftServerImpl.java:logAppendEntries(1545)) - s10@group-C596DBC0762E: appendEntries* reply s0<-s10#4815:OK-t1,SUCCESS,nextIndex=121,followerCommit=119,matchIndex=120
2024-10-09 04:29:51,610 DEBUG server.RaftServer$Division (RaftServerImpl.java:logAppendEntries(1545)) - s1@group-C596DBC0762E: appendEntries* reply s0<-s1#4814:OK-t1,SUCCESS,nextIndex=121,followerCommit=119,matchIndex=120
2024-10-09 04:29:51,612 INFO  impl.GroupManagementBaseTest (GroupManagementBaseTest.java:runMultiGroupTest(281)) - 1) starting group-F62FDFAA15CF:[s11|0.0.0.0:15026, s13|0.0.0.0:15028, s12|0.0.0.0:15027]
2024-10-09 04:29:51,613 INFO  netty.NettyUtils (NettyUtils.java:newEventLoopGroup(74)) - Create EpollEventLoopGroup for client-5F4C6E35DA42; Thread size is 0.
2024-10-09 04:29:51,615 INFO  logging.LoggingHandler (AbstractInternalLogger.java:log(148)) - [id: 0x1ca74bed, L:/0.0.0.0:15026] READ: [id: 0xf101fad7, L:/127.0.0.1:15026 - R:/127.0.0.1:39116]
2024-10-09 04:29:51,615 INFO  logging.LoggingHandler (AbstractInternalLogger.java:log(148)) - [id: 0x1ca74bed, L:/0.0.0.0:15026] READ COMPLETE
2024-10-09 04:29:51,616 INFO  server.RaftServer (RaftServerProxy.java:addNew(101)) - s11: addNew group-F62FDFAA15CF:[s11|0.0.0.0:15026, s13|0.0.0.0:15028, s12|0.0.0.0:15027] returns group-F62FDFAA15CF:java.util.concurrent.CompletableFuture@43847cda[Not completed]
2024-10-09 04:29:51,616 INFO  server.RaftServer$Division (RaftServerImpl.java:<init>(256)) - s11: new RaftServerImpl for group-F62FDFAA15CF:[s11|0.0.0.0:15026, s13|0.0.0.0:15028, s12|0.0.0.0:15027] with ArithmeticStateMachine:uninitialized
2024-10-09 04:29:51,616 INFO  server.RaftServerConfigKeys (ConfUtils.java:logGet(46)) - raft.server.rpc.timeout.min = 300ms (custom)
2024-10-09 04:29:51,616 INFO  server.RaftServerConfigKeys (ConfUtils.java:logGet(46)) - raft.server.rpc.timeout.max = 600ms (custom)
2024-10-09 04:29:51,616 INFO  server.RaftServerConfigKeys (ConfUtils.java:logGet(46)) - raft.server.rpc.sleep.time = 25ms (default)
2024-10-09 04:29:51,616 INFO  server.RaftServerConfigKeys (ConfUtils.java:logGet(46)) - raft.server.rpc.slowness.timeout = 60s (default)
2024-10-09 04:29:51,616 INFO  server.RaftServerConfigKeys (ConfUtils.java:logGet(46)) - raft.server.leaderelection.leader.step-down.wait-time = 10s (default)
2024-10-09 04:29:51,616 INFO  server.RaftServerConfigKeys (ConfUtils.java:logGet(46)) - raft.server.leaderelection.member.majority-add = false (default)
2024-10-09 04:29:51,617 INFO  server.RaftServerConfigKeys (ConfUtils.java:logGet(46)) - raft.server.sleep.deviation.threshold = 300ms (default)
2024-10-09 04:29:51,617 INFO  server.RaftServer$Division (ServerState.java:<init>(114)) - s11@group-F62FDFAA15CF: ConfigurationManager, init=conf: {index: -1, cur=peers:[s11|0.0.0.0:15026, s13|0.0.0.0:15028, s12|0.0.0.0:15027]|listeners:[], old=null}, confs=<EMPTY_MAP>
2024-10-09 04:29:51,617 INFO  server.RaftServerConfigKeys (ConfUtils.java:logGet(46)) - raft.server.notification.no-leader.timeout = 60s (default)
2024-10-09 04:29:51,617 INFO  server.RaftServerConfigKeys (ConfUtils.java:logGet(46)) - raft.server.read.timeout = 10s (default)
2024-10-09 04:29:51,617 INFO  server.RaftServerConfigKeys (ConfUtils.java:logGet(46)) - raft.server.retrycache.expirytime = 60s (default)
2024-10-09 04:29:51,617 INFO  server.RaftServerConfigKeys (ConfUtils.java:logGet(46)) - raft.server.retrycache.statistics.expirytime = 100ms (default)
2024-10-09 04:29:51,617 INFO  server.RaftServerConfigKeys (ConfUtils.java:logGet(46)) - raft.server.read.option = DEFAULT (default)
2024-10-09 04:29:51,617 INFO  server.RaftServerConfigKeys (ConfUtils.java:logGet(46)) - raft.server.read.read-after-write-consistent.write-index-cache.expiry-time = 60s (default)
2024-10-09 04:29:51,617 INFO  server.RaftServerConfigKeys (ConfUtils.java:logGet(46)) - raft.server.rpc.request.timeout = 3000ms (default)
2024-10-09 04:29:51,617 INFO  server.RaftServerConfigKeys (ConfUtils.java:logGet(46)) - raft.server.log.appender.install.snapshot.enabled = true (default)
2024-10-09 04:29:51,618 INFO  server.RaftServerConfigKeys (ConfUtils.java:logGet(46)) - raft.server.threadpool.server.cached = true (default)
2024-10-09 04:29:51,618 INFO  server.RaftServerConfigKeys (ConfUtils.java:logGet(46)) - raft.server.threadpool.server.size = 0 (default)
2024-10-09 04:29:51,618 INFO  server.RaftServerConfigKeys (ConfUtils.java:logGet(46)) - raft.server.threadpool.client.cached = true (default)
2024-10-09 04:29:51,618 INFO  server.RaftServerConfigKeys (ConfUtils.java:logGet(46)) - raft.server.threadpool.client.size = 0 (default)
2024-10-09 04:29:51,618 INFO  server.RaftServerConfigKeys (ConfUtils.java:logGet(46)) - raft.server.storage.free-space.min = 0MB (=0) (default)
2024-10-09 04:29:51,618 INFO  server.RaftServerConfigKeys (ConfUtils.java:logGet(46)) - raft.server.log.corruption.policy = EXCEPTION (default)
2024-10-09 04:29:51,618 INFO  server.RaftServerConfigKeys (ConfUtils.java:logGet(46)) - raft.server.storage.dir = [/home/runner/work/ratis/ratis/ratis-examples/target/test/data/6e6e5023/MiniRaftClusterWithNettya4857fb2/s11] (custom)
2024-10-09 04:29:51,618 INFO  storage.RaftStorageDirectory (RaftStorageDirectoryImpl.java:analyzeStorage(138)) - The storage directory /home/runner/work/ratis/ratis/ratis-examples/target/test/data/6e6e5023/MiniRaftClusterWithNettya4857fb2/s11/0ae95374-4bed-4063-9be9-f62fdfaa15cf does not exist. Creating ...
2024-10-09 04:29:51,618 TRACE util.FileUtils (LogUtils.java:runAndLog(49)) - Successfully ran Files.createDirectories /home/runner/work/ratis/ratis/ratis-examples/target/test/data/6e6e5023/MiniRaftClusterWithNettya4857fb2/s11/0ae95374-4bed-4063-9be9-f62fdfaa15cf
2024-10-09 04:29:51,619 INFO  storage.RaftStorageDirectory (RaftStorageDirectoryImpl.java:tryLock(229)) - Lock on /home/runner/work/ratis/ratis/ratis-examples/target/test/data/6e6e5023/MiniRaftClusterWithNettya4857fb2/s11/0ae95374-4bed-4063-9be9-f62fdfaa15cf/in_use.lock acquired by nodename 14484@fv-az565-744
2024-10-09 04:29:51,620 TRACE util.FileUtils (LogUtils.java:runAndLog(49)) - Successfully ran Files.createDirectories /home/runner/work/ratis/ratis/ratis-examples/target/test/data/6e6e5023/MiniRaftClusterWithNettya4857fb2/s11/0ae95374-4bed-4063-9be9-f62fdfaa15cf/current
2024-10-09 04:29:51,620 TRACE util.FileUtils (LogUtils.java:runAndLog(49)) - Successfully ran Files.createDirectories /home/runner/work/ratis/ratis/ratis-examples/target/test/data/6e6e5023/MiniRaftClusterWithNettya4857fb2/s11/0ae95374-4bed-4063-9be9-f62fdfaa15cf/sm
2024-10-09 04:29:51,620 TRACE util.FileUtils (LogUtils.java:supplyAndLog(69)) - Successfully supplied FileChannel.open /home/runner/work/ratis/ratis/ratis-examples/target/test/data/6e6e5023/MiniRaftClusterWithNettya4857fb2/s11/0ae95374-4bed-4063-9be9-f62fdfaa15cf/current/raft-meta.tmp with options [CREATE, WRITE]: sun.nio.ch.FileChannelImpl@7af32af9
2024-10-09 04:29:51,621 TRACE util.FileUtils (LogUtils.java:runAndLog(49)) - Successfully ran Atomic Files.move /home/runner/work/ratis/ratis/ratis-examples/target/test/data/6e6e5023/MiniRaftClusterWithNettya4857fb2/s11/0ae95374-4bed-4063-9be9-f62fdfaa15cf/current/raft-meta.tmp to /home/runner/work/ratis/ratis/ratis-examples/target/test/data/6e6e5023/MiniRaftClusterWithNettya4857fb2/s11/0ae95374-4bed-4063-9be9-f62fdfaa15cf/current/raft-meta with options [REPLACE_EXISTING]
2024-10-09 04:29:51,622 INFO  storage.RaftStorage (RaftStorageImpl.java:format(98)) - Storage directory /home/runner/work/ratis/ratis/ratis-examples/target/test/data/6e6e5023/MiniRaftClusterWithNettya4857fb2/s11/0ae95374-4bed-4063-9be9-f62fdfaa15cf has been successfully formatted.
2024-10-09 04:29:51,622 WARN  statemachine.StateMachine (ArithmeticStateMachine.java:loadSnapshot(115)) - The snapshot info is null.
2024-10-09 04:29:51,622 INFO  server.RaftServerConfigKeys (ConfUtils.java:logGet(46)) - raft.server.log.use.memory = false (default)
2024-10-09 04:29:51,622 INFO  server.RaftServerConfigKeys (ConfUtils.java:logGet(46)) - raft.server.log.purge.gap = 1024 (default)
2024-10-09 04:29:51,622 INFO  server.RaftServerConfigKeys (ConfUtils.java:logGet(46)) - raft.server.log.appender.buffer.byte-limit = 4MB (=4194304) (default)
2024-10-09 04:29:51,622 INFO  server.RaftServerConfigKeys (ConfUtils.java:logGet(46)) - raft.server.log.statemachine.data.read.timeout = 1000ms (default)
2024-10-09 04:29:51,622 INFO  server.RaftServerConfigKeys (ConfUtils.java:logGet(46)) - raft.server.log.purge.preservation.log.num = 0 (default)
2024-10-09 04:29:51,623 INFO  server.RaftServerConfigKeys (ConfUtils.java:logGet(46)) - raft.server.log.segment.size.max = 32MB (=33554432) (default)
2024-10-09 04:29:51,623 INFO  server.RaftServerConfigKeys (ConfUtils.java:logGet(46)) - raft.server.log.segment.cache.num.max = 6 (default)
2024-10-09 04:29:51,623 INFO  server.RaftServerConfigKeys (ConfUtils.java:logGet(46)) - raft.server.log.segment.cache.size.max = 200MB (=209715200) (default)
2024-10-09 04:29:51,623 INFO  server.RaftServerConfigKeys (ConfUtils.java:logGet(46)) - raft.server.log.appender.buffer.byte-limit = 4MB (=4194304) (default)
2024-10-09 04:29:51,623 INFO  util.AwaitToRun (AwaitToRun.java:start(81)) - Thread[s11@group-F62FDFAA15CF-cacheEviction-AwaitToRun,5,main] started
2024-10-09 04:29:51,623 INFO  segmented.SegmentedRaftLogWorker (SegmentedRaftLogWorker.java:<init>(187)) - new s11@group-F62FDFAA15CF-SegmentedRaftLogWorker for RaftStorageImpl:Storage Directory /home/runner/work/ratis/ratis/ratis-examples/target/test/data/6e6e5023/MiniRaftClusterWithNettya4857fb2/s11/0ae95374-4bed-4063-9be9-f62fdfaa15cf
2024-10-09 04:29:51,623 INFO  server.RaftServerConfigKeys (ConfUtils.java:logGet(46)) - raft.server.log.queue.byte-limit = 64MB (=67108864) (default)
2024-10-09 04:29:51,623 INFO  server.RaftServerConfigKeys (ConfUtils.java:logGet(46)) - raft.server.log.queue.element-limit = 4096 (default)
2024-10-09 04:29:51,623 INFO  server.RaftServerConfigKeys (ConfUtils.java:logGet(46)) - raft.server.log.segment.size.max = 32MB (=33554432) (default)
2024-10-09 04:29:51,623 INFO  server.RaftServerConfigKeys (ConfUtils.java:logGet(46)) - raft.server.log.preallocated.size = 4MB (=4194304) (default)
2024-10-09 04:29:51,624 INFO  server.RaftServerConfigKeys (ConfUtils.java:logGet(46)) - raft.server.log.force.sync.num = 128 (default)
2024-10-09 04:29:51,624 INFO  server.RaftServerConfigKeys (ConfUtils.java:logGet(46)) - raft.server.log.statemachine.data.sync = true (default)
2024-10-09 04:29:51,624 INFO  server.RaftServerConfigKeys (ConfUtils.java:logGet(46)) - raft.server.log.statemachine.data.sync.timeout = 10s (default)
2024-10-09 04:29:51,624 INFO  server.RaftServerConfigKeys (ConfUtils.java:logGet(46)) - raft.server.log.statemachine.data.sync.timeout.retry = -1 (default)
2024-10-09 04:29:51,624 INFO  server.RaftServerConfigKeys (ConfUtils.java:logGet(46)) - raft.server.log.write.buffer.size = 8MB (=8388608) (default)
2024-10-09 04:29:51,626 INFO  server.RaftServerConfigKeys (ConfUtils.java:logGet(46)) - raft.server.log.appender.buffer.byte-limit = 4MB (=4194304) (default)
2024-10-09 04:29:51,626 INFO  server.RaftServerConfigKeys (ConfUtils.java:logGet(46)) - raft.server.log.unsafe-flush.enabled = false (default)
2024-10-09 04:29:51,626 INFO  server.RaftServerConfigKeys (ConfUtils.java:logGet(46)) - raft.server.log.async-flush.enabled = false (default)
2024-10-09 04:29:51,626 INFO  server.RaftServerConfigKeys (ConfUtils.java:logGet(46)) - raft.server.log.statemachine.data.caching.enabled = false (default)
2024-10-09 04:29:51,626 INFO  segmented.SegmentedRaftLogWorker (SegmentedRaftLogWorker.java:lambda$new$0(138)) - s11@group-F62FDFAA15CF-SegmentedRaftLogWorker: flushIndex: setUnconditionally 0 -> -1
2024-10-09 04:29:51,626 INFO  segmented.SegmentedRaftLogWorker (SegmentedRaftLogWorker.java:lambda$new$0(138)) - s11@group-F62FDFAA15CF-SegmentedRaftLogWorker: safeCacheEvictIndex: setUnconditionally 0 -> -1
2024-10-09 04:29:51,627 INFO  server.RaftServer$Division (RaftServerImpl.java:start(392)) - s11@group-F62FDFAA15CF: start as a follower, conf=conf: {index: -1, cur=peers:[s11|0.0.0.0:15026, s13|0.0.0.0:15028, s12|0.0.0.0:15027]|listeners:[], old=null}
2024-10-09 04:29:51,627 INFO  server.RaftServer$Division (RaftServerImpl.java:setRole(379)) - s11@group-F62FDFAA15CF: changes role from      null to FOLLOWER at term 0 for startAsFollower
2024-10-09 04:29:51,627 INFO  impl.RoleInfo (RoleInfo.java:updateAndGet(148)) - s11: start s11@group-F62FDFAA15CF-FollowerState
2024-10-09 04:29:51,627 INFO  util.JmxRegister (JmxRegister.java:tryRegister(44)) - Successfully registered JMX Bean with object name Ratis:service=RaftServer,group=group-F62FDFAA15CF,id=s11
2024-10-09 04:29:51,627 INFO  util.JmxRegister (JmxRegister.java:register(58)) - register mxBean class org.apache.ratis.server.impl.RaftServerJmxAdapter as Ratis:service=RaftServer,group=group-F62FDFAA15CF,id=s11
2024-10-09 04:29:51,627 INFO  server.RaftServerConfigKeys (ConfUtils.java:logFallback(53)) - raft.server.rpc.first-election.timeout.min = 300ms (fallback to raft.server.rpc.timeout.min)
2024-10-09 04:29:51,627 INFO  server.RaftServerConfigKeys (ConfUtils.java:logFallback(53)) - raft.server.rpc.first-election.timeout.max = 600ms (fallback to raft.server.rpc.timeout.max)
2024-10-09 04:29:51,627 INFO  server.RaftServerConfigKeys (ConfUtils.java:logGet(46)) - raft.server.snapshot.trigger-when-stop.enabled = true (default)
2024-10-09 04:29:51,627 INFO  server.RaftServerConfigKeys (ConfUtils.java:logGet(46)) - raft.server.snapshot.trigger-when-remove.enabled = true (default)
2024-10-09 04:29:51,628 INFO  server.RaftServerConfigKeys (ConfUtils.java:logGet(46)) - raft.server.snapshot.auto.trigger.enabled = false (default)
2024-10-09 04:29:51,628 INFO  server.RaftServerConfigKeys (ConfUtils.java:logGet(46)) - raft.server.snapshot.retention.file.num = -1 (default)
2024-10-09 04:29:51,628 INFO  server.RaftServerConfigKeys (ConfUtils.java:logGet(46)) - raft.server.log.purge.upto.snapshot.index = false (default)
2024-10-09 04:29:51,632 INFO  netty.NettyUtils (NettyUtils.java:newEventLoopGroup(74)) - Create EpollEventLoopGroup for client-B08249A4B85F; Thread size is 0.
2024-10-09 04:29:51,635 INFO  logging.LoggingHandler (AbstractInternalLogger.java:log(148)) - [id: 0x9a9c3ada, L:/0.0.0.0:15027] READ: [id: 0xa79165cb, L:/127.0.0.1:15027 - R:/127.0.0.1:44972]
2024-10-09 04:29:51,635 INFO  logging.LoggingHandler (AbstractInternalLogger.java:log(148)) - [id: 0x9a9c3ada, L:/0.0.0.0:15027] READ COMPLETE
2024-10-09 04:29:51,637 INFO  server.RaftServer (RaftServerProxy.java:addNew(101)) - s12: addNew group-F62FDFAA15CF:[s11|0.0.0.0:15026, s13|0.0.0.0:15028, s12|0.0.0.0:15027] returns group-F62FDFAA15CF:java.util.concurrent.CompletableFuture@55edf83f[Not completed]
2024-10-09 04:29:51,637 INFO  server.RaftServer$Division (RaftServerImpl.java:<init>(256)) - s12: new RaftServerImpl for group-F62FDFAA15CF:[s11|0.0.0.0:15026, s13|0.0.0.0:15028, s12|0.0.0.0:15027] with ArithmeticStateMachine:uninitialized
2024-10-09 04:29:51,637 INFO  server.RaftServerConfigKeys (ConfUtils.java:logGet(46)) - raft.server.rpc.timeout.min = 300ms (custom)
2024-10-09 04:29:51,637 INFO  server.RaftServerConfigKeys (ConfUtils.java:logGet(46)) - raft.server.rpc.timeout.max = 600ms (custom)
2024-10-09 04:29:51,637 INFO  server.RaftServerConfigKeys (ConfUtils.java:logGet(46)) - raft.server.rpc.sleep.time = 25ms (default)
2024-10-09 04:29:51,637 INFO  server.RaftServerConfigKeys (ConfUtils.java:logGet(46)) - raft.server.rpc.slowness.timeout = 60s (default)
2024-10-09 04:29:51,637 INFO  server.RaftServerConfigKeys (ConfUtils.java:logGet(46)) - raft.server.leaderelection.leader.step-down.wait-time = 10s (default)
2024-10-09 04:29:51,637 INFO  server.RaftServerConfigKeys (ConfUtils.java:logGet(46)) - raft.server.leaderelection.member.majority-add = false (default)
2024-10-09 04:29:51,637 INFO  server.RaftServerConfigKeys (ConfUtils.java:logGet(46)) - raft.server.sleep.deviation.threshold = 300ms (default)
2024-10-09 04:29:51,637 INFO  server.RaftServer$Division (ServerState.java:<init>(114)) - s12@group-F62FDFAA15CF: ConfigurationManager, init=conf: {index: -1, cur=peers:[s11|0.0.0.0:15026, s13|0.0.0.0:15028, s12|0.0.0.0:15027]|listeners:[], old=null}, confs=<EMPTY_MAP>
2024-10-09 04:29:51,638 INFO  server.RaftServerConfigKeys (ConfUtils.java:logGet(46)) - raft.server.notification.no-leader.timeout = 60s (default)
2024-10-09 04:29:51,638 INFO  server.RaftServerConfigKeys (ConfUtils.java:logGet(46)) - raft.server.read.timeout = 10s (default)
2024-10-09 04:29:51,638 INFO  server.RaftServerConfigKeys (ConfUtils.java:logGet(46)) - raft.server.retrycache.expirytime = 60s (default)
2024-10-09 04:29:51,638 INFO  server.RaftServerConfigKeys (ConfUtils.java:logGet(46)) - raft.server.retrycache.statistics.expirytime = 100ms (default)
2024-10-09 04:29:51,638 INFO  server.RaftServerConfigKeys (ConfUtils.java:logGet(46)) - raft.server.read.option = DEFAULT (default)
2024-10-09 04:29:51,638 INFO  server.RaftServerConfigKeys (ConfUtils.java:logGet(46)) - raft.server.read.read-after-write-consistent.write-index-cache.expiry-time = 60s (default)
2024-10-09 04:29:51,638 INFO  server.RaftServerConfigKeys (ConfUtils.java:logGet(46)) - raft.server.rpc.request.timeout = 3000ms (default)
2024-10-09 04:29:51,638 INFO  server.RaftServerConfigKeys (ConfUtils.java:logGet(46)) - raft.server.log.appender.install.snapshot.enabled = true (default)
2024-10-09 04:29:51,638 INFO  server.RaftServerConfigKeys (ConfUtils.java:logGet(46)) - raft.server.threadpool.server.cached = true (default)
2024-10-09 04:29:51,638 INFO  server.RaftServerConfigKeys (ConfUtils.java:logGet(46)) - raft.server.threadpool.server.size = 0 (default)
2024-10-09 04:29:51,639 INFO  server.RaftServerConfigKeys (ConfUtils.java:logGet(46)) - raft.server.threadpool.client.cached = true (default)
2024-10-09 04:29:51,639 INFO  server.RaftServerConfigKeys (ConfUtils.java:logGet(46)) - raft.server.threadpool.client.size = 0 (default)
2024-10-09 04:29:51,639 INFO  server.RaftServerConfigKeys (ConfUtils.java:logGet(46)) - raft.server.storage.free-space.min = 0MB (=0) (default)
2024-10-09 04:29:51,639 INFO  server.RaftServerConfigKeys (ConfUtils.java:logGet(46)) - raft.server.log.corruption.policy = EXCEPTION (default)
2024-10-09 04:29:51,639 INFO  server.RaftServerConfigKeys (ConfUtils.java:logGet(46)) - raft.server.storage.dir = [/home/runner/work/ratis/ratis/ratis-examples/target/test/data/6e6e5023/MiniRaftClusterWithNettya4857fb2/s12] (custom)
2024-10-09 04:29:51,639 INFO  storage.RaftStorageDirectory (RaftStorageDirectoryImpl.java:analyzeStorage(138)) - The storage directory /home/runner/work/ratis/ratis/ratis-examples/target/test/data/6e6e5023/MiniRaftClusterWithNettya4857fb2/s12/0ae95374-4bed-4063-9be9-f62fdfaa15cf does not exist. Creating ...
2024-10-09 04:29:51,639 TRACE util.FileUtils (LogUtils.java:runAndLog(49)) - Successfully ran Files.createDirectories /home/runner/work/ratis/ratis/ratis-examples/target/test/data/6e6e5023/MiniRaftClusterWithNettya4857fb2/s12/0ae95374-4bed-4063-9be9-f62fdfaa15cf
2024-10-09 04:29:51,640 INFO  storage.RaftStorageDirectory (RaftStorageDirectoryImpl.java:tryLock(229)) - Lock on /home/runner/work/ratis/ratis/ratis-examples/target/test/data/6e6e5023/MiniRaftClusterWithNettya4857fb2/s12/0ae95374-4bed-4063-9be9-f62fdfaa15cf/in_use.lock acquired by nodename 14484@fv-az565-744
2024-10-09 04:29:51,640 TRACE util.FileUtils (LogUtils.java:runAndLog(49)) - Successfully ran Files.createDirectories /home/runner/work/ratis/ratis/ratis-examples/target/test/data/6e6e5023/MiniRaftClusterWithNettya4857fb2/s12/0ae95374-4bed-4063-9be9-f62fdfaa15cf/current
2024-10-09 04:29:51,640 TRACE util.FileUtils (LogUtils.java:runAndLog(49)) - Successfully ran Files.createDirectories /home/runner/work/ratis/ratis/ratis-examples/target/test/data/6e6e5023/MiniRaftClusterWithNettya4857fb2/s12/0ae95374-4bed-4063-9be9-f62fdfaa15cf/sm
2024-10-09 04:29:51,641 TRACE util.FileUtils (LogUtils.java:supplyAndLog(69)) - Successfully supplied FileChannel.open /home/runner/work/ratis/ratis/ratis-examples/target/test/data/6e6e5023/MiniRaftClusterWithNettya4857fb2/s12/0ae95374-4bed-4063-9be9-f62fdfaa15cf/current/raft-meta.tmp with options [CREATE, WRITE]: sun.nio.ch.FileChannelImpl@6407bff5
2024-10-09 04:29:51,642 TRACE util.FileUtils (LogUtils.java:runAndLog(49)) - Successfully ran Atomic Files.move /home/runner/work/ratis/ratis/ratis-examples/target/test/data/6e6e5023/MiniRaftClusterWithNettya4857fb2/s12/0ae95374-4bed-4063-9be9-f62fdfaa15cf/current/raft-meta.tmp to /home/runner/work/ratis/ratis/ratis-examples/target/test/data/6e6e5023/MiniRaftClusterWithNettya4857fb2/s12/0ae95374-4bed-4063-9be9-f62fdfaa15cf/current/raft-meta with options [REPLACE_EXISTING]
2024-10-09 04:29:51,642 INFO  storage.RaftStorage (RaftStorageImpl.java:format(98)) - Storage directory /home/runner/work/ratis/ratis/ratis-examples/target/test/data/6e6e5023/MiniRaftClusterWithNettya4857fb2/s12/0ae95374-4bed-4063-9be9-f62fdfaa15cf has been successfully formatted.
2024-10-09 04:29:51,642 WARN  statemachine.StateMachine (ArithmeticStateMachine.java:loadSnapshot(115)) - The snapshot info is null.
2024-10-09 04:29:51,642 INFO  server.RaftServerConfigKeys (ConfUtils.java:logGet(46)) - raft.server.log.use.memory = false (default)
2024-10-09 04:29:51,642 INFO  server.RaftServerConfigKeys (ConfUtils.java:logGet(46)) - raft.server.log.purge.gap = 1024 (default)
2024-10-09 04:29:51,642 INFO  server.RaftServerConfigKeys (ConfUtils.java:logGet(46)) - raft.server.log.appender.buffer.byte-limit = 4MB (=4194304) (default)
2024-10-09 04:29:51,643 INFO  server.RaftServerConfigKeys (ConfUtils.java:logGet(46)) - raft.server.log.statemachine.data.read.timeout = 1000ms (default)
2024-10-09 04:29:51,643 INFO  server.RaftServerConfigKeys (ConfUtils.java:logGet(46)) - raft.server.log.purge.preservation.log.num = 0 (default)
2024-10-09 04:29:51,643 INFO  server.RaftServerConfigKeys (ConfUtils.java:logGet(46)) - raft.server.log.segment.size.max = 32MB (=33554432) (default)
2024-10-09 04:29:51,643 INFO  server.RaftServerConfigKeys (ConfUtils.java:logGet(46)) - raft.server.log.segment.cache.num.max = 6 (default)
2024-10-09 04:29:51,643 INFO  server.RaftServerConfigKeys (ConfUtils.java:logGet(46)) - raft.server.log.segment.cache.size.max = 200MB (=209715200) (default)
2024-10-09 04:29:51,643 INFO  server.RaftServerConfigKeys (ConfUtils.java:logGet(46)) - raft.server.log.appender.buffer.byte-limit = 4MB (=4194304) (default)
2024-10-09 04:29:51,644 INFO  util.AwaitToRun (AwaitToRun.java:start(81)) - Thread[s12@group-F62FDFAA15CF-cacheEviction-AwaitToRun,5,main] started
2024-10-09 04:29:51,644 INFO  segmented.SegmentedRaftLogWorker (SegmentedRaftLogWorker.java:<init>(187)) - new s12@group-F62FDFAA15CF-SegmentedRaftLogWorker for RaftStorageImpl:Storage Directory /home/runner/work/ratis/ratis/ratis-examples/target/test/data/6e6e5023/MiniRaftClusterWithNettya4857fb2/s12/0ae95374-4bed-4063-9be9-f62fdfaa15cf
2024-10-09 04:29:51,644 INFO  server.RaftServerConfigKeys (ConfUtils.java:logGet(46)) - raft.server.log.queue.byte-limit = 64MB (=67108864) (default)
2024-10-09 04:29:51,644 INFO  server.RaftServerConfigKeys (ConfUtils.java:logGet(46)) - raft.server.log.queue.element-limit = 4096 (default)
2024-10-09 04:29:51,644 INFO  server.RaftServerConfigKeys (ConfUtils.java:logGet(46)) - raft.server.log.segment.size.max = 32MB (=33554432) (default)
2024-10-09 04:29:51,644 INFO  server.RaftServerConfigKeys (ConfUtils.java:logGet(46)) - raft.server.log.preallocated.size = 4MB (=4194304) (default)
2024-10-09 04:29:51,644 INFO  server.RaftServerConfigKeys (ConfUtils.java:logGet(46)) - raft.server.log.force.sync.num = 128 (default)
2024-10-09 04:29:51,644 INFO  server.RaftServerConfigKeys (ConfUtils.java:logGet(46)) - raft.server.log.statemachine.data.sync = true (default)
2024-10-09 04:29:51,644 INFO  server.RaftServerConfigKeys (ConfUtils.java:logGet(46)) - raft.server.log.statemachine.data.sync.timeout = 10s (default)
2024-10-09 04:29:51,644 INFO  server.RaftServerConfigKeys (ConfUtils.java:logGet(46)) - raft.server.log.statemachine.data.sync.timeout.retry = -1 (default)
2024-10-09 04:29:51,645 INFO  server.RaftServerConfigKeys (ConfUtils.java:logGet(46)) - raft.server.log.write.buffer.size = 8MB (=8388608) (default)
2024-10-09 04:29:51,646 INFO  server.RaftServerConfigKeys (ConfUtils.java:logGet(46)) - raft.server.log.appender.buffer.byte-limit = 4MB (=4194304) (default)
2024-10-09 04:29:51,647 INFO  server.RaftServerConfigKeys (ConfUtils.java:logGet(46)) - raft.server.log.unsafe-flush.enabled = false (default)
2024-10-09 04:29:51,647 INFO  server.RaftServerConfigKeys (ConfUtils.java:logGet(46)) - raft.server.log.async-flush.enabled = false (default)
2024-10-09 04:29:51,647 INFO  server.RaftServerConfigKeys (ConfUtils.java:logGet(46)) - raft.server.log.statemachine.data.caching.enabled = false (default)
2024-10-09 04:29:51,647 INFO  segmented.SegmentedRaftLogWorker (SegmentedRaftLogWorker.java:lambda$new$0(138)) - s12@group-F62FDFAA15CF-SegmentedRaftLogWorker: flushIndex: setUnconditionally 0 -> -1
2024-10-09 04:29:51,647 INFO  segmented.SegmentedRaftLogWorker (SegmentedRaftLogWorker.java:lambda$new$0(138)) - s12@group-F62FDFAA15CF-SegmentedRaftLogWorker: safeCacheEvictIndex: setUnconditionally 0 -> -1
2024-10-09 04:29:51,647 INFO  server.RaftServer$Division (RaftServerImpl.java:start(392)) - s12@group-F62FDFAA15CF: start as a follower, conf=conf: {index: -1, cur=peers:[s11|0.0.0.0:15026, s13|0.0.0.0:15028, s12|0.0.0.0:15027]|listeners:[], old=null}
2024-10-09 04:29:51,647 INFO  server.RaftServer$Division (RaftServerImpl.java:setRole(379)) - s12@group-F62FDFAA15CF: changes role from      null to FOLLOWER at term 0 for startAsFollower
2024-10-09 04:29:51,647 INFO  impl.RoleInfo (RoleInfo.java:updateAndGet(148)) - s12: start s12@group-F62FDFAA15CF-FollowerState
2024-10-09 04:29:51,648 INFO  server.RaftServerConfigKeys (ConfUtils.java:logFallback(53)) - raft.server.rpc.first-election.timeout.min = 300ms (fallback to raft.server.rpc.timeout.min)
2024-10-09 04:29:51,648 INFO  server.RaftServerConfigKeys (ConfUtils.java:logFallback(53)) - raft.server.rpc.first-election.timeout.max = 600ms (fallback to raft.server.rpc.timeout.max)
2024-10-09 04:29:51,648 INFO  util.JmxRegister (JmxRegister.java:tryRegister(44)) - Successfully registered JMX Bean with object name Ratis:service=RaftServer,group=group-F62FDFAA15CF,id=s12
2024-10-09 04:29:51,648 INFO  util.JmxRegister (JmxRegister.java:register(58)) - register mxBean class org.apache.ratis.server.impl.RaftServerJmxAdapter as Ratis:service=RaftServer,group=group-F62FDFAA15CF,id=s12
2024-10-09 04:29:51,648 INFO  server.RaftServerConfigKeys (ConfUtils.java:logGet(46)) - raft.server.snapshot.trigger-when-stop.enabled = true (default)
2024-10-09 04:29:51,648 INFO  server.RaftServerConfigKeys (ConfUtils.java:logGet(46)) - raft.server.snapshot.trigger-when-remove.enabled = true (default)
2024-10-09 04:29:51,648 INFO  server.RaftServerConfigKeys (ConfUtils.java:logGet(46)) - raft.server.snapshot.auto.trigger.enabled = false (default)
2024-10-09 04:29:51,648 INFO  server.RaftServerConfigKeys (ConfUtils.java:logGet(46)) - raft.server.snapshot.retention.file.num = -1 (default)
2024-10-09 04:29:51,648 INFO  server.RaftServerConfigKeys (ConfUtils.java:logGet(46)) - raft.server.log.purge.upto.snapshot.index = false (default)
2024-10-09 04:29:51,659 INFO  netty.NettyUtils (NettyUtils.java:newEventLoopGroup(74)) - Create EpollEventLoopGroup for client-942820B2B63B; Thread size is 0.
2024-10-09 04:29:51,662 INFO  logging.LoggingHandler (AbstractInternalLogger.java:log(148)) - [id: 0xfb6ec67a, L:/0.0.0.0:15028] READ: [id: 0x52b980fe, L:/127.0.0.1:15028 - R:/127.0.0.1:36212]
2024-10-09 04:29:51,662 INFO  logging.LoggingHandler (AbstractInternalLogger.java:log(148)) - [id: 0xfb6ec67a, L:/0.0.0.0:15028] READ COMPLETE
2024-10-09 04:29:51,663 INFO  server.RaftServer (RaftServerProxy.java:addNew(101)) - s13: addNew group-F62FDFAA15CF:[s11|0.0.0.0:15026, s13|0.0.0.0:15028, s12|0.0.0.0:15027] returns group-F62FDFAA15CF:java.util.concurrent.CompletableFuture@501ea1fa[Not completed]
2024-10-09 04:29:51,663 INFO  server.RaftServer$Division (RaftServerImpl.java:<init>(256)) - s13: new RaftServerImpl for group-F62FDFAA15CF:[s11|0.0.0.0:15026, s13|0.0.0.0:15028, s12|0.0.0.0:15027] with ArithmeticStateMachine:uninitialized
2024-10-09 04:29:51,663 INFO  server.RaftServerConfigKeys (ConfUtils.java:logGet(46)) - raft.server.rpc.timeout.min = 300ms (custom)
2024-10-09 04:29:51,663 INFO  server.RaftServerConfigKeys (ConfUtils.java:logGet(46)) - raft.server.rpc.timeout.max = 600ms (custom)
2024-10-09 04:29:51,663 INFO  server.RaftServerConfigKeys (ConfUtils.java:logGet(46)) - raft.server.rpc.sleep.time = 25ms (default)
2024-10-09 04:29:51,663 INFO  server.RaftServerConfigKeys (ConfUtils.java:logGet(46)) - raft.server.rpc.slowness.timeout = 60s (default)
2024-10-09 04:29:51,664 INFO  server.RaftServerConfigKeys (ConfUtils.java:logGet(46)) - raft.server.leaderelection.leader.step-down.wait-time = 10s (default)
2024-10-09 04:29:51,664 INFO  server.RaftServerConfigKeys (ConfUtils.java:logGet(46)) - raft.server.leaderelection.member.majority-add = false (default)
2024-10-09 04:29:51,664 INFO  server.RaftServerConfigKeys (ConfUtils.java:logGet(46)) - raft.server.sleep.deviation.threshold = 300ms (default)
2024-10-09 04:29:51,664 INFO  server.RaftServer$Division (ServerState.java:<init>(114)) - s13@group-F62FDFAA15CF: ConfigurationManager, init=conf: {index: -1, cur=peers:[s11|0.0.0.0:15026, s13|0.0.0.0:15028, s12|0.0.0.0:15027]|listeners:[], old=null}, confs=<EMPTY_MAP>
2024-10-09 04:29:51,664 INFO  server.RaftServerConfigKeys (ConfUtils.java:logGet(46)) - raft.server.notification.no-leader.timeout = 60s (default)
2024-10-09 04:29:51,664 INFO  server.RaftServerConfigKeys (ConfUtils.java:logGet(46)) - raft.server.read.timeout = 10s (default)
2024-10-09 04:29:51,664 INFO  server.RaftServerConfigKeys (ConfUtils.java:logGet(46)) - raft.server.retrycache.expirytime = 60s (default)
2024-10-09 04:29:51,664 INFO  server.RaftServerConfigKeys (ConfUtils.java:logGet(46)) - raft.server.retrycache.statistics.expirytime = 100ms (default)
2024-10-09 04:29:51,664 INFO  server.RaftServerConfigKeys (ConfUtils.java:logGet(46)) - raft.server.read.option = DEFAULT (default)
2024-10-09 04:29:51,664 INFO  server.RaftServerConfigKeys (ConfUtils.java:logGet(46)) - raft.server.read.read-after-write-consistent.write-index-cache.expiry-time = 60s (default)
2024-10-09 04:29:51,664 INFO  server.RaftServerConfigKeys (ConfUtils.java:logGet(46)) - raft.server.rpc.request.timeout = 3000ms (default)
2024-10-09 04:29:51,665 INFO  server.RaftServerConfigKeys (ConfUtils.java:logGet(46)) - raft.server.log.appender.install.snapshot.enabled = true (default)
2024-10-09 04:29:51,665 INFO  server.RaftServerConfigKeys (ConfUtils.java:logGet(46)) - raft.server.threadpool.server.cached = true (default)
2024-10-09 04:29:51,665 INFO  server.RaftServerConfigKeys (ConfUtils.java:logGet(46)) - raft.server.threadpool.server.size = 0 (default)
2024-10-09 04:29:51,665 INFO  server.RaftServerConfigKeys (ConfUtils.java:logGet(46)) - raft.server.threadpool.client.cached = true (default)
2024-10-09 04:29:51,665 INFO  server.RaftServerConfigKeys (ConfUtils.java:logGet(46)) - raft.server.threadpool.client.size = 0 (default)
2024-10-09 04:29:51,665 INFO  server.RaftServerConfigKeys (ConfUtils.java:logGet(46)) - raft.server.storage.free-space.min = 0MB (=0) (default)
2024-10-09 04:29:51,665 INFO  server.RaftServerConfigKeys (ConfUtils.java:logGet(46)) - raft.server.log.corruption.policy = EXCEPTION (default)
2024-10-09 04:29:51,665 INFO  server.RaftServerConfigKeys (ConfUtils.java:logGet(46)) - raft.server.storage.dir = [/home/runner/work/ratis/ratis/ratis-examples/target/test/data/6e6e5023/MiniRaftClusterWithNettya4857fb2/s13] (custom)
2024-10-09 04:29:51,665 INFO  storage.RaftStorageDirectory (RaftStorageDirectoryImpl.java:analyzeStorage(138)) - The storage directory /home/runner/work/ratis/ratis/ratis-examples/target/test/data/6e6e5023/MiniRaftClusterWithNettya4857fb2/s13/0ae95374-4bed-4063-9be9-f62fdfaa15cf does not exist. Creating ...
2024-10-09 04:29:51,665 TRACE util.FileUtils (LogUtils.java:runAndLog(49)) - Successfully ran Files.createDirectories /home/runner/work/ratis/ratis/ratis-examples/target/test/data/6e6e5023/MiniRaftClusterWithNettya4857fb2/s13/0ae95374-4bed-4063-9be9-f62fdfaa15cf
2024-10-09 04:29:51,667 INFO  storage.RaftStorageDirectory (RaftStorageDirectoryImpl.java:tryLock(229)) - Lock on /home/runner/work/ratis/ratis/ratis-examples/target/test/data/6e6e5023/MiniRaftClusterWithNettya4857fb2/s13/0ae95374-4bed-4063-9be9-f62fdfaa15cf/in_use.lock acquired by nodename 14484@fv-az565-744
2024-10-09 04:29:51,667 TRACE util.FileUtils (LogUtils.java:runAndLog(49)) - Successfully ran Files.createDirectories /home/runner/work/ratis/ratis/ratis-examples/target/test/data/6e6e5023/MiniRaftClusterWithNettya4857fb2/s13/0ae95374-4bed-4063-9be9-f62fdfaa15cf/current
2024-10-09 04:29:51,667 TRACE util.FileUtils (LogUtils.java:runAndLog(49)) - Successfully ran Files.createDirectories /home/runner/work/ratis/ratis/ratis-examples/target/test/data/6e6e5023/MiniRaftClusterWithNettya4857fb2/s13/0ae95374-4bed-4063-9be9-f62fdfaa15cf/sm
2024-10-09 04:29:51,667 TRACE util.FileUtils (LogUtils.java:supplyAndLog(69)) - Successfully supplied FileChannel.open /home/runner/work/ratis/ratis/ratis-examples/target/test/data/6e6e5023/MiniRaftClusterWithNettya4857fb2/s13/0ae95374-4bed-4063-9be9-f62fdfaa15cf/current/raft-meta.tmp with options [CREATE, WRITE]: sun.nio.ch.FileChannelImpl@5ad0c8f9
2024-10-09 04:29:51,669 TRACE util.FileUtils (LogUtils.java:runAndLog(49)) - Successfully ran Atomic Files.move /home/runner/work/ratis/ratis/ratis-examples/target/test/data/6e6e5023/MiniRaftClusterWithNettya4857fb2/s13/0ae95374-4bed-4063-9be9-f62fdfaa15cf/current/raft-meta.tmp to /home/runner/work/ratis/ratis/ratis-examples/target/test/data/6e6e5023/MiniRaftClusterWithNettya4857fb2/s13/0ae95374-4bed-4063-9be9-f62fdfaa15cf/current/raft-meta with options [REPLACE_EXISTING]
2024-10-09 04:29:51,669 INFO  storage.RaftStorage (RaftStorageImpl.java:format(98)) - Storage directory /home/runner/work/ratis/ratis/ratis-examples/target/test/data/6e6e5023/MiniRaftClusterWithNettya4857fb2/s13/0ae95374-4bed-4063-9be9-f62fdfaa15cf has been successfully formatted.
2024-10-09 04:29:51,669 WARN  statemachine.StateMachine (ArithmeticStateMachine.java:loadSnapshot(115)) - The snapshot info is null.
2024-10-09 04:29:51,669 INFO  server.RaftServerConfigKeys (ConfUtils.java:logGet(46)) - raft.server.log.use.memory = false (default)
2024-10-09 04:29:51,669 INFO  server.RaftServerConfigKeys (ConfUtils.java:logGet(46)) - raft.server.log.purge.gap = 1024 (default)
2024-10-09 04:29:51,669 INFO  server.RaftServerConfigKeys (ConfUtils.java:logGet(46)) - raft.server.log.appender.buffer.byte-limit = 4MB (=4194304) (default)
2024-10-09 04:29:51,669 INFO  server.RaftServerConfigKeys (ConfUtils.java:logGet(46)) - raft.server.log.statemachine.data.read.timeout = 1000ms (default)
2024-10-09 04:29:51,669 INFO  server.RaftServerConfigKeys (ConfUtils.java:logGet(46)) - raft.server.log.purge.preservation.log.num = 0 (default)
2024-10-09 04:29:51,669 INFO  server.RaftServerConfigKeys (ConfUtils.java:logGet(46)) - raft.server.log.segment.size.max = 32MB (=33554432) (default)
2024-10-09 04:29:51,669 INFO  server.RaftServerConfigKeys (ConfUtils.java:logGet(46)) - raft.server.log.segment.cache.num.max = 6 (default)
2024-10-09 04:29:51,670 INFO  server.RaftServerConfigKeys (ConfUtils.java:logGet(46)) - raft.server.log.segment.cache.size.max = 200MB (=209715200) (default)
2024-10-09 04:29:51,670 INFO  server.RaftServerConfigKeys (ConfUtils.java:logGet(46)) - raft.server.log.appender.buffer.byte-limit = 4MB (=4194304) (default)
2024-10-09 04:29:51,670 INFO  util.AwaitToRun (AwaitToRun.java:start(81)) - Thread[s13@group-F62FDFAA15CF-cacheEviction-AwaitToRun,5,main] started
2024-10-09 04:29:51,670 INFO  segmented.SegmentedRaftLogWorker (SegmentedRaftLogWorker.java:<init>(187)) - new s13@group-F62FDFAA15CF-SegmentedRaftLogWorker for RaftStorageImpl:Storage Directory /home/runner/work/ratis/ratis/ratis-examples/target/test/data/6e6e5023/MiniRaftClusterWithNettya4857fb2/s13/0ae95374-4bed-4063-9be9-f62fdfaa15cf
2024-10-09 04:29:51,670 INFO  server.RaftServerConfigKeys (ConfUtils.java:logGet(46)) - raft.server.log.queue.byte-limit = 64MB (=67108864) (default)
2024-10-09 04:29:51,670 INFO  server.RaftServerConfigKeys (ConfUtils.java:logGet(46)) - raft.server.log.queue.element-limit = 4096 (default)
2024-10-09 04:29:51,670 INFO  server.RaftServerConfigKeys (ConfUtils.java:logGet(46)) - raft.server.log.segment.size.max = 32MB (=33554432) (default)
2024-10-09 04:29:51,670 INFO  server.RaftServerConfigKeys (ConfUtils.java:logGet(46)) - raft.server.log.preallocated.size = 4MB (=4194304) (default)
2024-10-09 04:29:51,670 INFO  server.RaftServerConfigKeys (ConfUtils.java:logGet(46)) - raft.server.log.force.sync.num = 128 (default)
2024-10-09 04:29:51,670 INFO  server.RaftServerConfigKeys (ConfUtils.java:logGet(46)) - raft.server.log.statemachine.data.sync = true (default)
2024-10-09 04:29:51,670 INFO  server.RaftServerConfigKeys (ConfUtils.java:logGet(46)) - raft.server.log.statemachine.data.sync.timeout = 10s (default)
2024-10-09 04:29:51,670 INFO  server.RaftServerConfigKeys (ConfUtils.java:logGet(46)) - raft.server.log.statemachine.data.sync.timeout.retry = -1 (default)
2024-10-09 04:29:51,670 INFO  server.RaftServerConfigKeys (ConfUtils.java:logGet(46)) - raft.server.log.write.buffer.size = 8MB (=8388608) (default)
2024-10-09 04:29:51,672 INFO  server.RaftServerConfigKeys (ConfUtils.java:logGet(46)) - raft.server.log.appender.buffer.byte-limit = 4MB (=4194304) (default)
2024-10-09 04:29:51,672 INFO  server.RaftServerConfigKeys (ConfUtils.java:logGet(46)) - raft.server.log.unsafe-flush.enabled = false (default)
2024-10-09 04:29:51,672 INFO  server.RaftServerConfigKeys (ConfUtils.java:logGet(46)) - raft.server.log.async-flush.enabled = false (default)
2024-10-09 04:29:51,672 INFO  server.RaftServerConfigKeys (ConfUtils.java:logGet(46)) - raft.server.log.statemachine.data.caching.enabled = false (default)
2024-10-09 04:29:51,673 INFO  segmented.SegmentedRaftLogWorker (SegmentedRaftLogWorker.java:lambda$new$0(138)) - s13@group-F62FDFAA15CF-SegmentedRaftLogWorker: flushIndex: setUnconditionally 0 -> -1
2024-10-09 04:29:51,673 INFO  segmented.SegmentedRaftLogWorker (SegmentedRaftLogWorker.java:lambda$new$0(138)) - s13@group-F62FDFAA15CF-SegmentedRaftLogWorker: safeCacheEvictIndex: setUnconditionally 0 -> -1
2024-10-09 04:29:51,673 INFO  server.RaftServer$Division (RaftServerImpl.java:start(392)) - s13@group-F62FDFAA15CF: start as a follower, conf=conf: {index: -1, cur=peers:[s11|0.0.0.0:15026, s13|0.0.0.0:15028, s12|0.0.0.0:15027]|listeners:[], old=null}
2024-10-09 04:29:51,673 INFO  server.RaftServer$Division (RaftServerImpl.java:setRole(379)) - s13@group-F62FDFAA15CF: changes role from      null to FOLLOWER at term 0 for startAsFollower
2024-10-09 04:29:51,673 INFO  impl.RoleInfo (RoleInfo.java:updateAndGet(148)) - s13: start s13@group-F62FDFAA15CF-FollowerState
2024-10-09 04:29:51,673 INFO  util.JmxRegister (JmxRegister.java:tryRegister(44)) - Successfully registered JMX Bean with object name Ratis:service=RaftServer,group=group-F62FDFAA15CF,id=s13
2024-10-09 04:29:51,673 INFO  util.JmxRegister (JmxRegister.java:register(58)) - register mxBean class org.apache.ratis.server.impl.RaftServerJmxAdapter as Ratis:service=RaftServer,group=group-F62FDFAA15CF,id=s13
2024-10-09 04:29:51,673 INFO  server.RaftServerConfigKeys (ConfUtils.java:logGet(46)) - raft.server.snapshot.trigger-when-stop.enabled = true (default)
2024-10-09 04:29:51,673 INFO  server.RaftServerConfigKeys (ConfUtils.java:logGet(46)) - raft.server.snapshot.trigger-when-remove.enabled = true (default)
2024-10-09 04:29:51,673 INFO  server.RaftServerConfigKeys (ConfUtils.java:logGet(46)) - raft.server.snapshot.auto.trigger.enabled = false (default)
2024-10-09 04:29:51,673 INFO  server.RaftServerConfigKeys (ConfUtils.java:logGet(46)) - raft.server.snapshot.retention.file.num = -1 (default)
2024-10-09 04:29:51,674 INFO  server.RaftServerConfigKeys (ConfUtils.java:logGet(46)) - raft.server.log.purge.upto.snapshot.index = false (default)
2024-10-09 04:29:51,673 INFO  server.RaftServerConfigKeys (ConfUtils.java:logFallback(53)) - raft.server.rpc.first-election.timeout.min = 300ms (fallback to raft.server.rpc.timeout.min)
2024-10-09 04:29:51,674 INFO  server.RaftServerConfigKeys (ConfUtils.java:logFallback(53)) - raft.server.rpc.first-election.timeout.max = 600ms (fallback to raft.server.rpc.timeout.max)
2024-10-09 04:29:51,691 INFO  server.RaftServerConfigKeys (ConfUtils.java:logGet(46)) - raft.server.rpc.timeout.max = 600ms (custom)
2024-10-09 04:29:51,692 INFO  ratis.RaftTestUtil (RaftTestUtil.java:waitForLeader(107)) - printing group-F62FDFAA15CF
  s11:  RUNNING [
   FOLLOWER s11@group-F62FDFAA15CF:t0, leader=null, voted=, raftlog=Memoized:s11@group-F62FDFAA15CF-SegmentedRaftLog:OPENED:c-1:lastnull, conf=conf: {index: -1, cur=peers:[s11|0.0.0.0:15026, s13|0.0.0.0:15028, s12|0.0.0.0:15027]|listeners:[], old=null} RUNNING
   FOLLOWER s11@group-DA40570646C7:t0, leader=null, voted=, raftlog=Memoized:s11@group-DA40570646C7-SegmentedRaftLog:OPENED:c-1:lastnull, conf=conf: {index: -1, cur=peers:[]|listeners:[], old=null} STARTING] size=2
  s13:  RUNNING [
   FOLLOWER s13@group-F62FDFAA15CF:t0, leader=null, voted=, raftlog=Memoized:s13@group-F62FDFAA15CF-SegmentedRaftLog:OPENED:c-1:lastnull, conf=conf: {index: -1, cur=peers:[s11|0.0.0.0:15026, s13|0.0.0.0:15028, s12|0.0.0.0:15027]|listeners:[], old=null} RUNNING
   FOLLOWER s13@group-DA40570646C7:t0, leader=null, voted=, raftlog=Memoized:s13@group-DA40570646C7-SegmentedRaftLog:OPENED:c-1:lastnull, conf=conf: {index: -1, cur=peers:[]|listeners:[], old=null} STARTING] size=2
  s12:  RUNNING [
   FOLLOWER s12@group-F62FDFAA15CF:t0, leader=null, voted=, raftlog=Memoized:s12@group-F62FDFAA15CF-SegmentedRaftLog:OPENED:c-1:lastnull, conf=conf: {index: -1, cur=peers:[s11|0.0.0.0:15026, s13|0.0.0.0:15028, s12|0.0.0.0:15027]|listeners:[], old=null} RUNNING
   FOLLOWER s12@group-DA40570646C7:t0, leader=null, voted=, raftlog=Memoized:s12@group-DA40570646C7-SegmentedRaftLog:OPENED:c-1:lastnull, conf=conf: {index: -1, cur=peers:[]|listeners:[], old=null} STARTING] size=2
2024-10-09 04:29:51,692 WARN  ratis.RaftTestUtil (RaftTestUtil.java:lambda$waitForLeader$3(126)) - Attempt #1 failed: java.lang.IllegalStateException: No leader yet  for group-F62FDFAA15CF: printing group-F62FDFAA15CF
  s11:  RUNNING [
   FOLLOWER s11@group-F62FDFAA15CF:t0, leader=null, voted=, raftlog=Memoized:s11@group-F62FDFAA15CF-SegmentedRaftLog:OPENED:c-1:lastnull, conf=conf: {index: -1, cur=peers:[s11|0.0.0.0:15026, s13|0.0.0.0:15028, s12|0.0.0.0:15027]|listeners:[], old=null} RUNNING
   FOLLOWER s11@group-DA40570646C7:t0, leader=null, voted=, raftlog=Memoized:s11@group-DA40570646C7-SegmentedRaftLog:OPENED:c-1:lastnull, conf=conf: {index: -1, cur=peers:[]|listeners:[], old=null} STARTING] size=2
  s13:  RUNNING [
   FOLLOWER s13@group-F62FDFAA15CF:t0, leader=null, voted=, raftlog=Memoized:s13@group-F62FDFAA15CF-SegmentedRaftLog:OPENED:c-1:lastnull, conf=conf: {index: -1, cur=peers:[s11|0.0.0.0:15026, s13|0.0.0.0:15028, s12|0.0.0.0:15027]|listeners:[], old=null} RUNNING
   FOLLOWER s13@group-DA40570646C7:t0, leader=null, voted=, raftlog=Memoized:s13@group-DA40570646C7-SegmentedRaftLog:OPENED:c-1:lastnull, conf=conf: {index: -1, cur=peers:[]|listeners:[], old=null} STARTING] size=2
  s12:  RUNNING [
   FOLLOWER s12@group-F62FDFAA15CF:t0, leader=null, voted=, raftlog=Memoized:s12@group-F62FDFAA15CF-SegmentedRaftLog:OPENED:c-1:lastnull, conf=conf: {index: -1, cur=peers:[s11|0.0.0.0:15026, s13|0.0.0.0:15028, s12|0.0.0.0:15027]|listeners:[], old=null} RUNNING
   FOLLOWER s12@group-DA40570646C7:t0, leader=null, voted=, raftlog=Memoized:s12@group-DA40570646C7-SegmentedRaftLog:OPENED:c-1:lastnull, conf=conf: {index: -1, cur=peers:[]|listeners:[], old=null} STARTING] size=2
2024-10-09 04:29:52,045 INFO  impl.FollowerState (FollowerState.java:runImpl(156)) - s12@group-F62FDFAA15CF-FollowerState: change to CANDIDATE, lastRpcElapsedTime:397471022ns, electionTimeout:397ms
2024-10-09 04:29:52,045 INFO  impl.RoleInfo (RoleInfo.java:shutdownFollowerState(121)) - s12: shutdown s12@group-F62FDFAA15CF-FollowerState
2024-10-09 04:29:52,045 INFO  server.RaftServer$Division (RaftServerImpl.java:setRole(379)) - s12@group-F62FDFAA15CF: changes role from  FOLLOWER to CANDIDATE at term 0 for changeToCandidate
2024-10-09 04:29:52,045 INFO  server.RaftServerConfigKeys (ConfUtils.java:logGet(46)) - raft.server.leaderelection.pre-vote = true (default)
2024-10-09 04:29:52,045 INFO  impl.RoleInfo (RoleInfo.java:updateAndGet(148)) - s12: start s12@group-F62FDFAA15CF-LeaderElection24
2024-10-09 04:29:52,046 INFO  impl.LeaderElection (LeaderElection.java:askForVotes(337)) - s12@group-F62FDFAA15CF-LeaderElection24 PRE_VOTE round 0: submit vote requests at term 0 for conf: {index: -1, cur=peers:[s11|0.0.0.0:15026, s13|0.0.0.0:15028, s12|0.0.0.0:15027]|listeners:[], old=null}
2024-10-09 04:29:52,047 INFO  server.RaftServerConfigKeys (ConfUtils.java:logFallback(53)) - raft.server.rpc.first-election.timeout.min = 300ms (fallback to raft.server.rpc.timeout.min)
2024-10-09 04:29:52,047 INFO  server.RaftServerConfigKeys (ConfUtils.java:logFallback(53)) - raft.server.rpc.first-election.timeout.max = 600ms (fallback to raft.server.rpc.timeout.max)
2024-10-09 04:29:52,054 INFO  logging.LoggingHandler (AbstractInternalLogger.java:log(148)) - [id: 0x1ca74bed, L:/0.0.0.0:15026] READ: [id: 0x9292ed25, L:/127.0.0.1:15026 - R:/127.0.0.1:39118]
2024-10-09 04:29:52,054 INFO  logging.LoggingHandler (AbstractInternalLogger.java:log(148)) - [id: 0x1ca74bed, L:/0.0.0.0:15026] READ COMPLETE
2024-10-09 04:29:52,055 INFO  server.RaftServer$Division (RaftServerImpl.java:requestVote(1443)) - s11@group-F62FDFAA15CF: receive requestVote(PRE_VOTE, s12, group-F62FDFAA15CF, 0, (t:0, i:0))
2024-10-09 04:29:52,055 INFO  impl.VoteContext (VoteContext.java:log(49)) - s11@group-F62FDFAA15CF-FOLLOWER: accept PRE_VOTE from s12: our priority 0 <= candidate's priority 0
2024-10-09 04:29:52,055 INFO  server.RaftServer$Division (RaftServerImpl.java:requestVote(1476)) - s11@group-F62FDFAA15CF replies to PRE_VOTE vote request: s12<-s11#0:OK-t0. Peer's state: s11@group-F62FDFAA15CF:t0, leader=null, voted=, raftlog=Memoized:s11@group-F62FDFAA15CF-SegmentedRaftLog:OPENED:c-1:lastnull, conf=conf: {index: -1, cur=peers:[s11|0.0.0.0:15026, s13|0.0.0.0:15028, s12|0.0.0.0:15027]|listeners:[], old=null}
2024-10-09 04:29:52,056 INFO  logging.LoggingHandler (AbstractInternalLogger.java:log(148)) - [id: 0xfb6ec67a, L:/0.0.0.0:15028] READ: [id: 0xc5cc083f, L:/127.0.0.1:15028 - R:/127.0.0.1:36222]
2024-10-09 04:29:52,059 INFO  logging.LoggingHandler (AbstractInternalLogger.java:log(148)) - [id: 0xfb6ec67a, L:/0.0.0.0:15028] READ COMPLETE
2024-10-09 04:29:52,059 INFO  impl.LeaderElection (LeaderElection.java:logAndReturn(90)) - s12@group-F62FDFAA15CF-LeaderElection24: PRE_VOTE PASSED received 1 response(s) and 0 exception(s):
2024-10-09 04:29:52,059 INFO  impl.LeaderElection (LeaderElection.java:logAndReturn(94)) -   Response 0: s12<-s11#0:OK-t0
2024-10-09 04:29:52,059 INFO  impl.LeaderElection (LeaderElection.java:askForVotes(339)) - s12@group-F62FDFAA15CF-LeaderElection24 PRE_VOTE round 0: result PASSED
2024-10-09 04:29:52,059 TRACE util.FileUtils (LogUtils.java:supplyAndLog(69)) - Successfully supplied FileChannel.open /home/runner/work/ratis/ratis/ratis-examples/target/test/data/6e6e5023/MiniRaftClusterWithNettya4857fb2/s12/0ae95374-4bed-4063-9be9-f62fdfaa15cf/current/raft-meta.tmp with options [CREATE, WRITE]: sun.nio.ch.FileChannelImpl@4ebb58c7
2024-10-09 04:29:52,061 TRACE util.FileUtils (LogUtils.java:runAndLog(49)) - Successfully ran Atomic Files.move /home/runner/work/ratis/ratis/ratis-examples/target/test/data/6e6e5023/MiniRaftClusterWithNettya4857fb2/s12/0ae95374-4bed-4063-9be9-f62fdfaa15cf/current/raft-meta.tmp to /home/runner/work/ratis/ratis/ratis-examples/target/test/data/6e6e5023/MiniRaftClusterWithNettya4857fb2/s12/0ae95374-4bed-4063-9be9-f62fdfaa15cf/current/raft-meta with options [REPLACE_EXISTING]
2024-10-09 04:29:52,061 INFO  impl.LeaderElection (LeaderElection.java:askForVotes(337)) - s12@group-F62FDFAA15CF-LeaderElection24 ELECTION round 0: submit vote requests at term 1 for conf: {index: -1, cur=peers:[s11|0.0.0.0:15026, s13|0.0.0.0:15028, s12|0.0.0.0:15027]|listeners:[], old=null}
2024-10-09 04:29:52,061 INFO  server.RaftServer$Division (RaftServerImpl.java:requestVote(1443)) - s13@group-F62FDFAA15CF: receive requestVote(PRE_VOTE, s12, group-F62FDFAA15CF, 0, (t:0, i:0))
2024-10-09 04:29:52,062 INFO  impl.VoteContext (VoteContext.java:log(49)) - s13@group-F62FDFAA15CF-FOLLOWER: accept PRE_VOTE from s12: our priority 0 <= candidate's priority 0
2024-10-09 04:29:52,062 INFO  server.RaftServer$Division (RaftServerImpl.java:requestVote(1443)) - s11@group-F62FDFAA15CF: receive requestVote(ELECTION, s12, group-F62FDFAA15CF, 1, (t:0, i:0))
2024-10-09 04:29:52,062 INFO  server.RaftServer$Division (RaftServerImpl.java:requestVote(1476)) - s13@group-F62FDFAA15CF replies to PRE_VOTE vote request: s12<-s13#0:OK-t0. Peer's state: s13@group-F62FDFAA15CF:t0, leader=null, voted=, raftlog=Memoized:s13@group-F62FDFAA15CF-SegmentedRaftLog:OPENED:c-1:lastnull, conf=conf: {index: -1, cur=peers:[s11|0.0.0.0:15026, s13|0.0.0.0:15028, s12|0.0.0.0:15027]|listeners:[], old=null}
2024-10-09 04:29:52,062 INFO  impl.VoteContext (VoteContext.java:log(49)) - s11@group-F62FDFAA15CF-FOLLOWER: accept ELECTION from s12: our priority 0 <= candidate's priority 0
2024-10-09 04:29:52,062 INFO  server.RaftServer$Division (RaftServerImpl.java:setRole(379)) - s11@group-F62FDFAA15CF: changes role from  FOLLOWER to FOLLOWER at term 0 for candidate:s12
2024-10-09 04:29:52,062 INFO  impl.RoleInfo (RoleInfo.java:shutdownFollowerState(121)) - s11: shutdown s11@group-F62FDFAA15CF-FollowerState
2024-10-09 04:29:52,064 INFO  impl.RoleInfo (RoleInfo.java:updateAndGet(148)) - s11: start s11@group-F62FDFAA15CF-FollowerState
2024-10-09 04:29:52,063 INFO  server.RaftServerConfigKeys (ConfUtils.java:logFallback(53)) - raft.server.rpc.first-election.timeout.min = 300ms (fallback to raft.server.rpc.timeout.min)
2024-10-09 04:29:52,064 INFO  server.RaftServer$Division (RaftServerImpl.java:setFirstElection(560)) - s11@group-F62FDFAA15CF: set firstElectionSinceStartup to false for candidate:s12
2024-10-09 04:29:52,064 INFO  server.RaftServer$Division (RaftServerImpl.java:requestVote(1443)) - s13@group-F62FDFAA15CF: receive requestVote(ELECTION, s12, group-F62FDFAA15CF, 1, (t:0, i:0))
2024-10-09 04:29:52,064 INFO  server.RaftServerConfigKeys (ConfUtils.java:logFallback(53)) - raft.server.rpc.first-election.timeout.max = 600ms (fallback to raft.server.rpc.timeout.max)
2024-10-09 04:29:52,064 INFO  impl.FollowerState (FollowerState.java:runImpl(165)) - s11@group-F62FDFAA15CF-FollowerState was interrupted
2024-10-09 04:29:52,065 TRACE util.FileUtils (LogUtils.java:supplyAndLog(69)) - Successfully supplied FileChannel.open /home/runner/work/ratis/ratis/ratis-examples/target/test/data/6e6e5023/MiniRaftClusterWithNettya4857fb2/s11/0ae95374-4bed-4063-9be9-f62fdfaa15cf/current/raft-meta.tmp with options [CREATE, WRITE]: sun.nio.ch.FileChannelImpl@4a73fdbf
2024-10-09 04:29:52,064 INFO  impl.VoteContext (VoteContext.java:log(49)) - s13@group-F62FDFAA15CF-FOLLOWER: accept ELECTION from s12: our priority 0 <= candidate's priority 0
2024-10-09 04:29:52,065 INFO  server.RaftServer$Division (RaftServerImpl.java:setRole(379)) - s13@group-F62FDFAA15CF: changes role from  FOLLOWER to FOLLOWER at term 0 for candidate:s12
2024-10-09 04:29:52,065 INFO  impl.RoleInfo (RoleInfo.java:shutdownFollowerState(121)) - s13: shutdown s13@group-F62FDFAA15CF-FollowerState
2024-10-09 04:29:52,065 INFO  impl.RoleInfo (RoleInfo.java:updateAndGet(148)) - s13: start s13@group-F62FDFAA15CF-FollowerState
2024-10-09 04:29:52,065 INFO  impl.FollowerState (FollowerState.java:runImpl(165)) - s13@group-F62FDFAA15CF-FollowerState was interrupted
2024-10-09 04:29:52,065 INFO  server.RaftServer$Division (RaftServerImpl.java:setFirstElection(560)) - s13@group-F62FDFAA15CF: set firstElectionSinceStartup to false for candidate:s12
2024-10-09 04:29:52,065 TRACE util.FileUtils (LogUtils.java:supplyAndLog(69)) - Successfully supplied FileChannel.open /home/runner/work/ratis/ratis/ratis-examples/target/test/data/6e6e5023/MiniRaftClusterWithNettya4857fb2/s13/0ae95374-4bed-4063-9be9-f62fdfaa15cf/current/raft-meta.tmp with options [CREATE, WRITE]: sun.nio.ch.FileChannelImpl@11f80c26
2024-10-09 04:29:52,066 TRACE util.FileUtils (LogUtils.java:runAndLog(49)) - Successfully ran Atomic Files.move /home/runner/work/ratis/ratis/ratis-examples/target/test/data/6e6e5023/MiniRaftClusterWithNettya4857fb2/s11/0ae95374-4bed-4063-9be9-f62fdfaa15cf/current/raft-meta.tmp to /home/runner/work/ratis/ratis/ratis-examples/target/test/data/6e6e5023/MiniRaftClusterWithNettya4857fb2/s11/0ae95374-4bed-4063-9be9-f62fdfaa15cf/current/raft-meta with options [REPLACE_EXISTING]
2024-10-09 04:29:52,066 INFO  server.RaftServer$Division (RaftServerImpl.java:requestVote(1476)) - s11@group-F62FDFAA15CF replies to ELECTION vote request: s12<-s11#0:OK-t1. Peer's state: s11@group-F62FDFAA15CF:t1, leader=null, voted=s12, raftlog=Memoized:s11@group-F62FDFAA15CF-SegmentedRaftLog:OPENED:c-1:lastnull, conf=conf: {index: -1, cur=peers:[s11|0.0.0.0:15026, s13|0.0.0.0:15028, s12|0.0.0.0:15027]|listeners:[], old=null}
2024-10-09 04:29:52,066 INFO  impl.LeaderElection (LeaderElection.java:logAndReturn(90)) - s12@group-F62FDFAA15CF-LeaderElection24: ELECTION PASSED received 1 response(s) and 0 exception(s):
2024-10-09 04:29:52,066 INFO  impl.LeaderElection (LeaderElection.java:logAndReturn(94)) -   Response 0: s12<-s11#0:OK-t1
2024-10-09 04:29:52,066 INFO  impl.LeaderElection (LeaderElection.java:askForVotes(339)) - s12@group-F62FDFAA15CF-LeaderElection24 ELECTION round 0: result PASSED
2024-10-09 04:29:52,066 INFO  impl.RoleInfo (RoleInfo.java:shutdownLeaderElection(141)) - s12: shutdown s12@group-F62FDFAA15CF-LeaderElection24
2024-10-09 04:29:52,066 INFO  server.RaftServer$Division (RaftServerImpl.java:setRole(379)) - s12@group-F62FDFAA15CF: changes role from CANDIDATE to LEADER at term 1 for changeToLeader
2024-10-09 04:29:52,066 INFO  server.RaftServerConfigKeys (ConfUtils.java:logGet(46)) - raft.server.staging.catchup.gap = 1000 (default)
2024-10-09 04:29:52,067 TRACE util.FileUtils (LogUtils.java:runAndLog(49)) - Successfully ran Atomic Files.move /home/runner/work/ratis/ratis/ratis-examples/target/test/data/6e6e5023/MiniRaftClusterWithNettya4857fb2/s13/0ae95374-4bed-4063-9be9-f62fdfaa15cf/current/raft-meta.tmp to /home/runner/work/ratis/ratis/ratis-examples/target/test/data/6e6e5023/MiniRaftClusterWithNettya4857fb2/s13/0ae95374-4bed-4063-9be9-f62fdfaa15cf/current/raft-meta with options [REPLACE_EXISTING]
2024-10-09 04:29:52,067 INFO  server.RaftServerConfigKeys (ConfUtils.java:logGet(46)) - raft.server.write.element-limit = 4096 (default)
2024-10-09 04:29:52,067 INFO  server.RaftServer$Division (RaftServerImpl.java:requestVote(1476)) - s13@group-F62FDFAA15CF replies to ELECTION vote request: s12<-s13#0:OK-t1. Peer's state: s13@group-F62FDFAA15CF:t1, leader=null, voted=s12, raftlog=Memoized:s13@group-F62FDFAA15CF-SegmentedRaftLog:OPENED:c-1:lastnull, conf=conf: {index: -1, cur=peers:[s11|0.0.0.0:15026, s13|0.0.0.0:15028, s12|0.0.0.0:15027]|listeners:[], old=null}
2024-10-09 04:29:52,067 INFO  server.RaftServerConfigKeys (ConfUtils.java:logGet(46)) - raft.server.write.byte-limit = 64MB (=67108864) (default)
2024-10-09 04:29:52,067 INFO  server.RaftServerConfigKeys (ConfUtils.java:logGet(46)) - raft.server.watch.timeout = 10s (default)
2024-10-09 04:29:52,067 INFO  server.RaftServerConfigKeys (ConfUtils.java:logGet(46)) - raft.server.watch.timeout.denomination = 1s (default)
2024-10-09 04:29:52,067 INFO  server.RaftServerConfigKeys (ConfUtils.java:logGet(46)) - raft.server.watch.element-limit = 65536 (default)
2024-10-09 04:29:52,067 INFO  server.RaftServerConfigKeys (ConfUtils.java:logGet(46)) - raft.server.read.leader.lease.enabled = false (default)
2024-10-09 04:29:52,067 INFO  server.RaftServerConfigKeys (ConfUtils.java:logGet(46)) - raft.server.read.leader.lease.timeout.ratio = 0.9 (default)
2024-10-09 04:29:52,067 INFO  server.RaftServerConfigKeys (ConfUtils.java:logGet(46)) - raft.server.rpc.timeout.min = 300ms (custom)
2024-10-09 04:29:52,067 INFO  server.RaftServerConfigKeys (ConfUtils.java:logGet(46)) - raft.server.log.log-metadata.enabled = true (default)
2024-10-09 04:29:52,067 INFO  server.RaftServerConfigKeys (ConfUtils.java:logGet(46)) - raft.server.write.element-limit = 4096 (default)
2024-10-09 04:29:52,068 INFO  server.RaftServerConfigKeys (ConfUtils.java:logGet(46)) - raft.server.write.follower.gap.ratio.max = -1.0 (default)
2024-10-09 04:29:52,068 INFO  server.RaftServerConfigKeys (ConfUtils.java:logGet(46)) - raft.server.log.appender.snapshot.chunk.size.max = 16MB (=16777216) (default)
2024-10-09 04:29:52,068 INFO  server.RaftServerConfigKeys (ConfUtils.java:logGet(46)) - raft.server.log.appender.buffer.byte-limit = 4MB (=4194304) (default)
2024-10-09 04:29:52,068 INFO  server.RaftServerConfigKeys (ConfUtils.java:logGet(46)) - raft.server.log.appender.buffer.element-limit = 0 (default)
2024-10-09 04:29:52,068 INFO  server.RaftServerConfigKeys (ConfUtils.java:logGet(46)) - raft.server.log.appender.wait-time.min = 1ms (default)
2024-10-09 04:29:52,068 INFO  server.RaftServerConfigKeys (ConfUtils.java:logGet(46)) - raft.server.log.appender.snapshot.chunk.size.max = 16MB (=16777216) (default)
2024-10-09 04:29:52,068 INFO  server.RaftServerConfigKeys (ConfUtils.java:logGet(46)) - raft.server.log.appender.buffer.byte-limit = 4MB (=4194304) (default)
2024-10-09 04:29:52,068 INFO  server.RaftServerConfigKeys (ConfUtils.java:logGet(46)) - raft.server.log.appender.buffer.element-limit = 0 (default)
2024-10-09 04:29:52,068 INFO  server.RaftServerConfigKeys (ConfUtils.java:logGet(46)) - raft.server.log.appender.wait-time.min = 1ms (default)
2024-10-09 04:29:52,068 INFO  impl.RoleInfo (RoleInfo.java:updateAndGet(148)) - s12: start s12@group-F62FDFAA15CF-LeaderStateImpl
2024-10-09 04:29:52,068 INFO  server.RaftServer$Division (RaftServerImpl.java:setFirstElection(560)) - s12@group-F62FDFAA15CF: set firstElectionSinceStartup to false for becomeLeader
2024-10-09 04:29:52,068 INFO  server.RaftServer$Division (ServerState.java:setLeader(272)) - s12@group-F62FDFAA15CF: change Leader from null to s12 at term 1 for becomeLeader, leader elected after 430ms
2024-10-09 04:29:52,068 INFO  segmented.SegmentedRaftLogWorker (SegmentedRaftLogWorker.java:startLogSegment(438)) - s12@group-F62FDFAA15CF-SegmentedRaftLogWorker: Starting segment from index:0
2024-10-09 04:29:52,068 INFO  server.RaftServer$Division (ServerState.java:setRaftConf(386)) - s12@group-F62FDFAA15CF: set configuration conf: {index: 0, cur=peers:[s11|0.0.0.0:15026, s13|0.0.0.0:15028, s12|0.0.0.0:15027]|listeners:[], old=null}
2024-10-09 04:29:52,069 INFO  segmented.BufferedWriteChannel (BufferedWriteChannel.java:open(61)) - open log_inprogress_0 at position 0
2024-10-09 04:29:52,074 INFO  server.RaftServer$Division (ServerState.java:setLeader(272)) - s11@group-F62FDFAA15CF: change Leader from null to s12 at term 1 for appendEntries, leader elected after 457ms
2024-10-09 04:29:52,074 INFO  server.RaftServer$Division (ServerState.java:setLeader(272)) - s13@group-F62FDFAA15CF: change Leader from null to s12 at term 1 for appendEntries, leader elected after 410ms
2024-10-09 04:29:52,075 DEBUG server.RaftServer$Division (RaftServerImpl.java:logAppendEntries(1545)) - s11@group-F62FDFAA15CF: appendEntries* s12->s11#4835-t1,previous=(t:0, i:0),leaderCommit=-1,initializing? false,entries: size=1, first=(t:1, i:0), CONFIGURATIONENTRY(current:id:"s11"address:"0.0.0.0:15026"clientAddress:"0.0.0.0:15026"adminAddress:"0.0.0.0:15026"startupRole:FOLLOWER, id:"s13"address:"0.0.0.0:15028"clientAddress:"0.0.0.0:15028"adminAddress:"0.0.0.0:15028"startupRole:FOLLOWER, id:"s12"address:"0.0.0.0:15027"clientAddress:"0.0.0.0:15027"adminAddress:"0.0.0.0:15027"startupRole:FOLLOWER, old:)
2024-10-09 04:29:52,076 INFO  server.RaftServer$Division (ServerState.java:setRaftConf(386)) - s11@group-F62FDFAA15CF: set configuration conf: {index: 0, cur=peers:[s11|0.0.0.0:15026, s13|0.0.0.0:15028, s12|0.0.0.0:15027]|listeners:[], old=null}
2024-10-09 04:29:52,076 INFO  segmented.SegmentedRaftLogWorker (SegmentedRaftLogWorker.java:startLogSegment(438)) - s11@group-F62FDFAA15CF-SegmentedRaftLogWorker: Starting segment from index:0
2024-10-09 04:29:52,076 INFO  segmented.BufferedWriteChannel (BufferedWriteChannel.java:open(61)) - open log_inprogress_0 at position 0
2024-10-09 04:29:52,077 DEBUG server.RaftServer$Division (RaftServerImpl.java:logAppendEntries(1545)) - s13@group-F62FDFAA15CF: appendEntries* s12->s13#4836-t1,previous=(t:0, i:0),leaderCommit=-1,initializing? false,entries: size=1, first=(t:1, i:0), CONFIGURATIONENTRY(current:id:"s11"address:"0.0.0.0:15026"clientAddress:"0.0.0.0:15026"adminAddress:"0.0.0.0:15026"startupRole:FOLLOWER, id:"s13"address:"0.0.0.0:15028"clientAddress:"0.0.0.0:15028"adminAddress:"0.0.0.0:15028"startupRole:FOLLOWER, id:"s12"address:"0.0.0.0:15027"clientAddress:"0.0.0.0:15027"adminAddress:"0.0.0.0:15027"startupRole:FOLLOWER, old:)
2024-10-09 04:29:52,077 INFO  server.RaftServer$Division (ServerState.java:setRaftConf(386)) - s13@group-F62FDFAA15CF: set configuration conf: {index: 0, cur=peers:[s11|0.0.0.0:15026, s13|0.0.0.0:15028, s12|0.0.0.0:15027]|listeners:[], old=null}
2024-10-09 04:29:52,077 INFO  segmented.SegmentedRaftLogWorker (SegmentedRaftLogWorker.java:startLogSegment(438)) - s13@group-F62FDFAA15CF-SegmentedRaftLogWorker: Starting segment from index:0
2024-10-09 04:29:52,078 INFO  segmented.BufferedWriteChannel (BufferedWriteChannel.java:open(61)) - open log_inprogress_0 at position 0
2024-10-09 04:29:52,078 INFO  segmented.SegmentedRaftLogWorker (SegmentedRaftLogWorker.java:execute(660)) - s12@group-F62FDFAA15CF-SegmentedRaftLogWorker: created new log segment /home/runner/work/ratis/ratis/ratis-examples/target/test/data/6e6e5023/MiniRaftClusterWithNettya4857fb2/s12/0ae95374-4bed-4063-9be9-f62fdfaa15cf/current/log_inprogress_0
2024-10-09 04:29:52,090 INFO  segmented.SegmentedRaftLogWorker (SegmentedRaftLogWorker.java:execute(660)) - s11@group-F62FDFAA15CF-SegmentedRaftLogWorker: created new log segment /home/runner/work/ratis/ratis/ratis-examples/target/test/data/6e6e5023/MiniRaftClusterWithNettya4857fb2/s11/0ae95374-4bed-4063-9be9-f62fdfaa15cf/current/log_inprogress_0
2024-10-09 04:29:52,090 DEBUG server.RaftServer$Division (RaftServerImpl.java:logAppendEntries(1545)) - s11@group-F62FDFAA15CF: appendEntries* reply s12<-s11#4835:OK-t1,SUCCESS,nextIndex=1,followerCommit=-1,matchIndex=0
2024-10-09 04:29:52,090 TRACE util.FileUtils (LogUtils.java:supplyAndLog(69)) - Successfully supplied FileChannel.open /home/runner/work/ratis/ratis/ratis-examples/target/test/data/6e6e5023/MiniRaftClusterWithNettya4857fb2/s12/0ae95374-4bed-4063-9be9-f62fdfaa15cf/current/raft-meta.conf.tmp with options [CREATE, WRITE]: sun.nio.ch.FileChannelImpl@4292c8b6
2024-10-09 04:29:52,091 INFO  segmented.SegmentedRaftLogWorker (SegmentedRaftLogWorker.java:execute(660)) - s13@group-F62FDFAA15CF-SegmentedRaftLogWorker: created new log segment /home/runner/work/ratis/ratis/ratis-examples/target/test/data/6e6e5023/MiniRaftClusterWithNettya4857fb2/s13/0ae95374-4bed-4063-9be9-f62fdfaa15cf/current/log_inprogress_0
2024-10-09 04:29:52,092 TRACE util.FileUtils (LogUtils.java:runAndLog(49)) - Successfully ran Atomic Files.move /home/runner/work/ratis/ratis/ratis-examples/target/test/data/6e6e5023/MiniRaftClusterWithNettya4857fb2/s12/0ae95374-4bed-4063-9be9-f62fdfaa15cf/current/raft-meta.conf.tmp to /home/runner/work/ratis/ratis/ratis-examples/target/test/data/6e6e5023/MiniRaftClusterWithNettya4857fb2/s12/0ae95374-4bed-4063-9be9-f62fdfaa15cf/current/raft-meta.conf with options [REPLACE_EXISTING]
2024-10-09 04:29:52,092 DEBUG server.RaftServer$Division (RaftServerImpl.java:logAppendEntries(1545)) - s13@group-F62FDFAA15CF: appendEntries* reply s12<-s13#4836:OK-t1,SUCCESS,nextIndex=1,followerCommit=-1,matchIndex=0
2024-10-09 04:29:52,092 INFO  server.RaftServer$Division (LeaderStateImpl.java:checkStartIndex(314)) - Leader s12@group-F62FDFAA15CF-LeaderStateImpl is ready since appliedIndex == startIndex == 0
2024-10-09 04:29:52,241 TRACE util.FileUtils (LogUtils.java:supplyAndLog(69)) - Successfully supplied FileChannel.open /home/runner/work/ratis/ratis/ratis-examples/target/test/data/6e6e5023/MiniRaftClusterWithNettya4857fb2/s11/0ae95374-4bed-4063-9be9-f62fdfaa15cf/current/raft-meta.conf.tmp with options [CREATE, WRITE]: sun.nio.ch.FileChannelImpl@460791fa
2024-10-09 04:29:52,243 TRACE util.FileUtils (LogUtils.java:runAndLog(49)) - Successfully ran Atomic Files.move /home/runner/work/ratis/ratis/ratis-examples/target/test/data/6e6e5023/MiniRaftClusterWithNettya4857fb2/s11/0ae95374-4bed-4063-9be9-f62fdfaa15cf/current/raft-meta.conf.tmp to /home/runner/work/ratis/ratis/ratis-examples/target/test/data/6e6e5023/MiniRaftClusterWithNettya4857fb2/s11/0ae95374-4bed-4063-9be9-f62fdfaa15cf/current/raft-meta.conf with options [REPLACE_EXISTING]
2024-10-09 04:29:52,243 TRACE util.FileUtils (LogUtils.java:supplyAndLog(69)) - Successfully supplied FileChannel.open /home/runner/work/ratis/ratis/ratis-examples/target/test/data/6e6e5023/MiniRaftClusterWithNettya4857fb2/s13/0ae95374-4bed-4063-9be9-f62fdfaa15cf/current/raft-meta.conf.tmp with options [CREATE, WRITE]: sun.nio.ch.FileChannelImpl@747e3f0f
2024-10-09 04:29:52,245 TRACE util.FileUtils (LogUtils.java:runAndLog(49)) - Successfully ran Atomic Files.move /home/runner/work/ratis/ratis/ratis-examples/target/test/data/6e6e5023/MiniRaftClusterWithNettya4857fb2/s13/0ae95374-4bed-4063-9be9-f62fdfaa15cf/current/raft-meta.conf.tmp to /home/runner/work/ratis/ratis/ratis-examples/target/test/data/6e6e5023/MiniRaftClusterWithNettya4857fb2/s13/0ae95374-4bed-4063-9be9-f62fdfaa15cf/current/raft-meta.conf with options [REPLACE_EXISTING]
2024-10-09 04:29:52,593 INFO  ratis.RaftTestUtil (RaftTestUtil.java:waitForLeader(131)) - printing group-F62FDFAA15CF
  s11:  RUNNING [
   FOLLOWER s11@group-F62FDFAA15CF:t1, leader=s12, voted=s12, raftlog=Memoized:s11@group-F62FDFAA15CF-SegmentedRaftLog:OPENED:c0:last(t:1, i:0), conf=conf: {index: 0, cur=peers:[s11|0.0.0.0:15026, s13|0.0.0.0:15028, s12|0.0.0.0:15027]|listeners:[], old=null} RUNNING
   FOLLOWER s11@group-DA40570646C7:t0, leader=null, voted=, raftlog=Memoized:s11@group-DA40570646C7-SegmentedRaftLog:OPENED:c-1:lastnull, conf=conf: {index: -1, cur=peers:[]|listeners:[], old=null} STARTING] size=2
  s13:  RUNNING [
   FOLLOWER s13@group-F62FDFAA15CF:t1, leader=s12, voted=s12, raftlog=Memoized:s13@group-F62FDFAA15CF-SegmentedRaftLog:OPENED:c0:last(t:1, i:0), conf=conf: {index: 0, cur=peers:[s11|0.0.0.0:15026, s13|0.0.0.0:15028, s12|0.0.0.0:15027]|listeners:[], old=null} RUNNING
   FOLLOWER s13@group-DA40570646C7:t0, leader=null, voted=, raftlog=Memoized:s13@group-DA40570646C7-SegmentedRaftLog:OPENED:c-1:lastnull, conf=conf: {index: -1, cur=peers:[]|listeners:[], old=null} STARTING] size=2
  s12:  RUNNING [
     LEADER s12@group-F62FDFAA15CF:t1, leader=s12, voted=s12, raftlog=Memoized:s12@group-F62FDFAA15CF-SegmentedRaftLog:OPENED:c0:last(t:1, i:0), conf=conf: {index: 0, cur=peers:[s11|0.0.0.0:15026, s13|0.0.0.0:15028, s12|0.0.0.0:15027]|listeners:[], old=null} RUNNING
   FOLLOWER s12@group-DA40570646C7:t0, leader=null, voted=, raftlog=Memoized:s12@group-DA40570646C7-SegmentedRaftLog:OPENED:c-1:lastnull, conf=conf: {index: -1, cur=peers:[]|listeners:[], old=null} STARTING] size=2
2024-10-09 04:29:52,593 INFO  netty.NettyUtils (NettyUtils.java:newEventLoopGroup(74)) - Create EpollEventLoopGroup for client-C0124BECB0F9; Thread size is 0.
2024-10-09 04:29:52,598 INFO  logging.LoggingHandler (AbstractInternalLogger.java:log(148)) - [id: 0x1ca74bed, L:/0.0.0.0:15026] READ: [id: 0x858947b6, L:/127.0.0.1:15026 - R:/127.0.0.1:39128]
2024-10-09 04:29:52,598 INFO  logging.LoggingHandler (AbstractInternalLogger.java:log(148)) - [id: 0x1ca74bed, L:/0.0.0.0:15026] READ COMPLETE
2024-10-09 04:29:52,599 DEBUG server.RaftServer$Division (RaftServerImpl.java:submitClientRequestAsync(916)) - s11@group-F62FDFAA15CF: receive client request(RaftClientRequest:client-C0124BECB0F9->s11@group-F62FDFAA15CF, cid=4861, seq=null, RW, Message:01016102403700000000...(size=12))
2024-10-09 04:29:52,701 INFO  logging.LoggingHandler (AbstractInternalLogger.java:log(148)) - [id: 0x9a9c3ada, L:/0.0.0.0:15027] READ: [id: 0x7e5198fd, L:/127.0.0.1:15027 - R:/127.0.0.1:44980]
2024-10-09 04:29:52,702 INFO  logging.LoggingHandler (AbstractInternalLogger.java:log(148)) - [id: 0x9a9c3ada, L:/0.0.0.0:15027] READ COMPLETE
2024-10-09 04:29:52,702 DEBUG server.RaftServer$Division (RaftServerImpl.java:submitClientRequestAsync(916)) - s12@group-F62FDFAA15CF: receive client request(RaftClientRequest:client-C0124BECB0F9->s12@group-F62FDFAA15CF, cid=4861, seq=null, RW, Message:01016102403700000000...(size=12))
2024-10-09 04:29:52,703 DEBUG server.RaftServer$Division (LeaderStateImpl.java:addPendingRequest(529)) - s12@group-F62FDFAA15CF-LeaderStateImpl: addPendingRequest at RaftClientRequest:client-C0124BECB0F9->s12@group-F62FDFAA15CF, cid=4861, seq=null, RW, Message:01016102403700000000...(size=12), entry=(t:1, i:1), STATEMACHINELOGENTRY, WRITE: logData.size=12, stateMachineData.size=0, logEntryProtoSerializedSize=0
2024-10-09 04:29:52,703 DEBUG server.RaftServer$Division (RaftServerImpl.java:logAppendEntries(1545)) - s11@group-F62FDFAA15CF: appendEntries* s12->s11#4870-t1,previous=(t:1, i:0),leaderCommit=0,initializing? false,entries: size=1, first=(t:1, i:1), STATEMACHINELOGENTRY, StateMachineLogEntryProto:4861@client-C0124BECB0F9
2024-10-09 04:29:52,704 DEBUG server.RaftServer$Division (RaftServerImpl.java:logAppendEntries(1545)) - s11@group-F62FDFAA15CF: appendEntries* reply s12<-s11#4870:OK-t1,SUCCESS,nextIndex=2,followerCommit=0,matchIndex=1
2024-10-09 04:29:52,704 DEBUG server.RaftServer$Division (RaftServerImpl.java:logAppendEntries(1545)) - s13@group-F62FDFAA15CF: appendEntries* s12->s13#4871-t1,previous=(t:1, i:0),leaderCommit=0,initializing? false,entries: size=1, first=(t:1, i:1), STATEMACHINELOGENTRY, StateMachineLogEntryProto:4861@client-C0124BECB0F9
2024-10-09 04:29:52,705 INFO  statemachine.StateMachine (ArithmeticStateMachine.java:applyTransaction(181)) - LEADER:s12-1: a = 23 = 23
2024-10-09 04:29:52,706 DEBUG server.RaftServer$Division (RaftServerImpl.java:logAppendEntries(1545)) - s13@group-F62FDFAA15CF: appendEntries* reply s12<-s13#4871:OK-t1,SUCCESS,nextIndex=2,followerCommit=0,matchIndex=1
2024-10-09 04:29:52,706 DEBUG server.RaftServer$Division (RaftServerImpl.java:submitClientRequestAsync(916)) - s12@group-F62FDFAA15CF: receive client request(RaftClientRequest:client-C0124BECB0F9->s12@group-F62FDFAA15CF, cid=4873, seq=null, RW, Message:01016202407080000000...(size=12))
2024-10-09 04:29:52,706 DEBUG server.RaftServer$Division (RaftServerImpl.java:logAppendEntries(1545)) - s13@group-F62FDFAA15CF: appendEntries* s12->s13#4874-t1,previous=(t:1, i:1),leaderCommit=1,initializing? false,entries: size=1, first=(t:1, i:2), METADATAENTRY(c:1)
2024-10-09 04:29:52,706 DEBUG server.RaftServer$Division (LeaderStateImpl.java:addPendingRequest(529)) - s12@group-F62FDFAA15CF-LeaderStateImpl: addPendingRequest at RaftClientRequest:client-C0124BECB0F9->s12@group-F62FDFAA15CF, cid=4873, seq=null, RW, Message:01016202407080000000...(size=12), entry=(t:1, i:3), STATEMACHINELOGENTRY, WRITE: logData.size=12, stateMachineData.size=0, logEntryProtoSerializedSize=0
2024-10-09 04:29:52,706 DEBUG server.RaftServer$Division (RaftServerImpl.java:logAppendEntries(1545)) - s11@group-F62FDFAA15CF: appendEntries* s12->s11#4872-t1,previous=(t:1, i:1),leaderCommit=1,initializing? false,entries: size=1, first=(t:1, i:2), METADATAENTRY(c:1)
2024-10-09 04:29:52,707 DEBUG server.RaftServer$Division (RaftServerImpl.java:logAppendEntries(1545)) - s13@group-F62FDFAA15CF: appendEntries* reply s12<-s13#4874:OK-t1,SUCCESS,nextIndex=3,followerCommit=1,matchIndex=2
2024-10-09 04:29:52,707 DEBUG server.RaftServer$Division (RaftServerImpl.java:logAppendEntries(1545)) - s11@group-F62FDFAA15CF: appendEntries* reply s12<-s11#4872:OK-t1,SUCCESS,nextIndex=3,followerCommit=1,matchIndex=2
2024-10-09 04:29:52,707 DEBUG server.RaftServer$Division (RaftServerImpl.java:logAppendEntries(1545)) - s13@group-F62FDFAA15CF: appendEntries* s12->s13#4875-t1,previous=(t:1, i:2),leaderCommit=1,initializing? false,entries: size=1, first=(t:1, i:3), STATEMACHINELOGENTRY, StateMachineLogEntryProto:4873@client-C0124BECB0F9
2024-10-09 04:29:52,708 DEBUG server.RaftServer$Division (RaftServerImpl.java:logAppendEntries(1545)) - s13@group-F62FDFAA15CF: appendEntries* reply s12<-s13#4875:OK-t1,SUCCESS,nextIndex=4,followerCommit=1,matchIndex=3
2024-10-09 04:29:52,708 DEBUG server.RaftServer$Division (RaftServerImpl.java:logAppendEntries(1545)) - s11@group-F62FDFAA15CF: appendEntries* s12->s11#4876-t1,previous=(t:1, i:2),leaderCommit=2,initializing? false,entries: size=1, first=(t:1, i:3), STATEMACHINELOGENTRY, StateMachineLogEntryProto:4873@client-C0124BECB0F9
2024-10-09 04:29:52,708 INFO  statemachine.StateMachine (ArithmeticStateMachine.java:applyTransaction(181)) - LEADER:s12-3: b = 264 = 264
2024-10-09 04:29:52,708 DEBUG server.RaftServer$Division (RaftServerImpl.java:logAppendEntries(1545)) - s11@group-F62FDFAA15CF: appendEntries* reply s12<-s11#4876:OK-t1,SUCCESS,nextIndex=4,followerCommit=2,matchIndex=3
2024-10-09 04:29:52,709 DEBUG server.RaftServer$Division (RaftServerImpl.java:logAppendEntries(1545)) - s11@group-F62FDFAA15CF: appendEntries* s12->s11#4878-t1,previous=(t:1, i:3),leaderCommit=3,initializing? false,entries: size=1, first=(t:1, i:4), METADATAENTRY(c:3)
2024-10-09 04:29:52,709 DEBUG server.RaftServer$Division (RaftServerImpl.java:logAppendEntries(1545)) - s13@group-F62FDFAA15CF: appendEntries* s12->s13#4877-t1,previous=(t:1, i:3),leaderCommit=3,initializing? false,entries: size=1, first=(t:1, i:4), METADATAENTRY(c:3)
2024-10-09 04:29:52,709 DEBUG server.RaftServer$Division (RaftServerImpl.java:logAppendEntries(1545)) - s11@group-F62FDFAA15CF: appendEntries* reply s12<-s11#4878:OK-t1,SUCCESS,nextIndex=5,followerCommit=3,matchIndex=4
2024-10-09 04:29:52,709 DEBUG server.RaftServer$Division (RaftServerImpl.java:submitClientRequestAsync(916)) - s12@group-F62FDFAA15CF: receive client request(RaftClientRequest:client-C0124BECB0F9->s12@group-F62FDFAA15CF, cid=4879, seq=null, RW, Message:01016304010300040201...(size=17))
2024-10-09 04:29:52,709 DEBUG server.RaftServer$Division (RaftServerImpl.java:logAppendEntries(1545)) - s13@group-F62FDFAA15CF: appendEntries* reply s12<-s13#4877:OK-t1,SUCCESS,nextIndex=5,followerCommit=3,matchIndex=4
2024-10-09 04:29:52,710 DEBUG server.RaftServer$Division (LeaderStateImpl.java:addPendingRequest(529)) - s12@group-F62FDFAA15CF-LeaderStateImpl: addPendingRequest at RaftClientRequest:client-C0124BECB0F9->s12@group-F62FDFAA15CF, cid=4879, seq=null, RW, Message:01016304010300040201...(size=17), entry=(t:1, i:5), STATEMACHINELOGENTRY, WRITE: logData.size=17, stateMachineData.size=0, logEntryProtoSerializedSize=0
2024-10-09 04:29:52,710 DEBUG server.RaftServer$Division (RaftServerImpl.java:logAppendEntries(1545)) - s11@group-F62FDFAA15CF: appendEntries* s12->s11#4880-t1,previous=(t:1, i:4),leaderCommit=3,initializing? false,entries: size=1, first=(t:1, i:5), STATEMACHINELOGENTRY, StateMachineLogEntryProto:4879@client-C0124BECB0F9
2024-10-09 04:29:52,710 DEBUG server.RaftServer$Division (RaftServerImpl.java:logAppendEntries(1545)) - s13@group-F62FDFAA15CF: appendEntries* s12->s13#4881-t1,previous=(t:1, i:4),leaderCommit=4,initializing? false,entries: size=1, first=(t:1, i:5), STATEMACHINELOGENTRY, StateMachineLogEntryProto:4879@client-C0124BECB0F9
2024-10-09 04:29:52,711 DEBUG server.RaftServer$Division (RaftServerImpl.java:logAppendEntries(1545)) - s11@group-F62FDFAA15CF: appendEntries* reply s12<-s11#4880:OK-t1,SUCCESS,nextIndex=6,followerCommit=3,matchIndex=5
2024-10-09 04:29:52,711 DEBUG server.RaftServer$Division (RaftServerImpl.java:logAppendEntries(1545)) - s13@group-F62FDFAA15CF: appendEntries* reply s12<-s13#4881:OK-t1,SUCCESS,nextIndex=6,followerCommit=4,matchIndex=5
2024-10-09 04:29:52,711 INFO  statemachine.StateMachine (ArithmeticStateMachine.java:applyTransaction(181)) - LEADER:s12-5: c = √(a^2 + b^2) = 265
2024-10-09 04:29:52,712 DEBUG server.RaftServer$Division (RaftServerImpl.java:submitClientRequestAsync(916)) - s12@group-F62FDFAA15CF: receive client request(RaftClientRequest:client-C0124BECB0F9->s12@group-F62FDFAA15CF, cid=4883, seq=null, RW, Message:01016100)
2024-10-09 04:29:52,712 DEBUG server.RaftServer$Division (LeaderStateImpl.java:addPendingRequest(529)) - s12@group-F62FDFAA15CF-LeaderStateImpl: addPendingRequest at RaftClientRequest:client-C0124BECB0F9->s12@group-F62FDFAA15CF, cid=4883, seq=null, RW, Message:01016100, entry=(t:1, i:7), STATEMACHINELOGENTRY, WRITE: logData.size=4, stateMachineData.size=0, logEntryProtoSerializedSize=0
2024-10-09 04:29:52,712 DEBUG server.RaftServer$Division (RaftServerImpl.java:logAppendEntries(1545)) - s13@group-F62FDFAA15CF: appendEntries* s12->s13#4884-t1,previous=(t:1, i:5),leaderCommit=5,initializing? false,entries: size=1, first=(t:1, i:6), METADATAENTRY(c:5)
2024-10-09 04:29:52,712 DEBUG server.RaftServer$Division (RaftServerImpl.java:logAppendEntries(1545)) - s11@group-F62FDFAA15CF: appendEntries* s12->s11#4882-t1,previous=(t:1, i:5),leaderCommit=5,initializing? false,entries: size=1, first=(t:1, i:6), METADATAENTRY(c:5)
2024-10-09 04:29:52,712 DEBUG server.RaftServer$Division (RaftServerImpl.java:logAppendEntries(1545)) - s13@group-F62FDFAA15CF: appendEntries* reply s12<-s13#4884:OK-t1,SUCCESS,nextIndex=7,followerCommit=5,matchIndex=6
2024-10-09 04:29:52,713 DEBUG server.RaftServer$Division (RaftServerImpl.java:logAppendEntries(1545)) - s11@group-F62FDFAA15CF: appendEntries* reply s12<-s11#4882:OK-t1,SUCCESS,nextIndex=7,followerCommit=5,matchIndex=6
2024-10-09 04:29:52,713 DEBUG server.RaftServer$Division (RaftServerImpl.java:logAppendEntries(1545)) - s13@group-F62FDFAA15CF: appendEntries* s12->s13#4885-t1,previous=(t:1, i:6),leaderCommit=5,initializing? false,entries: size=1, first=(t:1, i:7), STATEMACHINELOGENTRY, StateMachineLogEntryProto:4883@client-C0124BECB0F9
2024-10-09 04:29:52,714 DEBUG server.RaftServer$Division (RaftServerImpl.java:logAppendEntries(1545)) - s13@group-F62FDFAA15CF: appendEntries* reply s12<-s13#4885:OK-t1,SUCCESS,nextIndex=8,followerCommit=5,matchIndex=7
2024-10-09 04:29:52,714 DEBUG server.RaftServer$Division (RaftServerImpl.java:logAppendEntries(1545)) - s11@group-F62FDFAA15CF: appendEntries* s12->s11#4886-t1,previous=(t:1, i:6),leaderCommit=6,initializing? false,entries: size=1, first=(t:1, i:7), STATEMACHINELOGENTRY, StateMachineLogEntryProto:4883@client-C0124BECB0F9
2024-10-09 04:29:52,715 INFO  statemachine.StateMachine (ArithmeticStateMachine.java:applyTransaction(181)) - LEADER:s12-7: a = null = null
2024-10-09 04:29:52,715 DEBUG server.RaftServer$Division (RaftServerImpl.java:logAppendEntries(1545)) - s11@group-F62FDFAA15CF: appendEntries* reply s12<-s11#4886:OK-t1,SUCCESS,nextIndex=8,followerCommit=6,matchIndex=7
2024-10-09 04:29:52,715 DEBUG server.RaftServer$Division (RaftServerImpl.java:logAppendEntries(1545)) - s13@group-F62FDFAA15CF: appendEntries* s12->s13#4887-t1,previous=(t:1, i:7),leaderCommit=7,initializing? false,entries: size=1, first=(t:1, i:8), METADATAENTRY(c:7)
2024-10-09 04:29:52,716 DEBUG server.RaftServer$Division (RaftServerImpl.java:logAppendEntries(1545)) - s13@group-F62FDFAA15CF: appendEntries* reply s12<-s13#4887:OK-t1,SUCCESS,nextIndex=9,followerCommit=7,matchIndex=8
2024-10-09 04:29:52,716 DEBUG server.RaftServer$Division (RaftServerImpl.java:logAppendEntries(1545)) - s11@group-F62FDFAA15CF: appendEntries* s12->s11#4889-t1,previous=(t:1, i:7),leaderCommit=7,initializing? false,entries: size=1, first=(t:1, i:8), METADATAENTRY(c:7)
2024-10-09 04:29:52,716 DEBUG server.RaftServer$Division (RaftServerImpl.java:logAppendEntries(1545)) - s11@group-F62FDFAA15CF: appendEntries* reply s12<-s11#4889:OK-t1,SUCCESS,nextIndex=9,followerCommit=7,matchIndex=8
2024-10-09 04:29:52,715 DEBUG server.RaftServer$Division (RaftServerImpl.java:submitClientRequestAsync(916)) - s12@group-F62FDFAA15CF: receive client request(RaftClientRequest:client-C0124BECB0F9->s12@group-F62FDFAA15CF, cid=4888, seq=null, RW, Message:01016200)
2024-10-09 04:29:52,717 DEBUG server.RaftServer$Division (LeaderStateImpl.java:addPendingRequest(529)) - s12@group-F62FDFAA15CF-LeaderStateImpl: addPendingRequest at RaftClientRequest:client-C0124BECB0F9->s12@group-F62FDFAA15CF, cid=4888, seq=null, RW, Message:01016200, entry=(t:1, i:9), STATEMACHINELOGENTRY, WRITE: logData.size=4, stateMachineData.size=0, logEntryProtoSerializedSize=0
2024-10-09 04:29:52,717 DEBUG server.RaftServer$Division (RaftServerImpl.java:logAppendEntries(1545)) - s11@group-F62FDFAA15CF: appendEntries* s12->s11#4890-t1,previous=(t:1, i:8),leaderCommit=8,initializing? false,entries: size=1, first=(t:1, i:9), STATEMACHINELOGENTRY, StateMachineLogEntryProto:4888@client-C0124BECB0F9
2024-10-09 04:29:52,718 DEBUG server.RaftServer$Division (RaftServerImpl.java:logAppendEntries(1545)) - s13@group-F62FDFAA15CF: appendEntries* s12->s13#4891-t1,previous=(t:1, i:8),leaderCommit=8,initializing? false,entries: size=1, first=(t:1, i:9), STATEMACHINELOGENTRY, StateMachineLogEntryProto:4888@client-C0124BECB0F9
2024-10-09 04:29:52,718 DEBUG server.RaftServer$Division (RaftServerImpl.java:logAppendEntries(1545)) - s11@group-F62FDFAA15CF: appendEntries* reply s12<-s11#4890:OK-t1,SUCCESS,nextIndex=10,followerCommit=8,matchIndex=9
2024-10-09 04:29:52,718 DEBUG server.RaftServer$Division (RaftServerImpl.java:logAppendEntries(1545)) - s13@group-F62FDFAA15CF: appendEntries* reply s12<-s13#4891:OK-t1,SUCCESS,nextIndex=10,followerCommit=8,matchIndex=9
2024-10-09 04:29:52,719 INFO  statemachine.StateMachine (ArithmeticStateMachine.java:applyTransaction(181)) - LEADER:s12-9: b = null = null
2024-10-09 04:29:52,719 DEBUG server.RaftServer$Division (RaftServerImpl.java:submitClientRequestAsync(916)) - s12@group-F62FDFAA15CF: receive client request(RaftClientRequest:client-C0124BECB0F9->s12@group-F62FDFAA15CF, cid=4894, seq=null, RW, Message:01016300)
2024-10-09 04:29:52,719 DEBUG server.RaftServer$Division (RaftServerImpl.java:logAppendEntries(1545)) - s11@group-F62FDFAA15CF: appendEntries* s12->s11#4893-t1,previous=(t:1, i:9),leaderCommit=9,initializing? false,entries: size=1, first=(t:1, i:10), METADATAENTRY(c:9)
2024-10-09 04:29:52,719 DEBUG server.RaftServer$Division (LeaderStateImpl.java:addPendingRequest(529)) - s12@group-F62FDFAA15CF-LeaderStateImpl: addPendingRequest at RaftClientRequest:client-C0124BECB0F9->s12@group-F62FDFAA15CF, cid=4894, seq=null, RW, Message:01016300, entry=(t:1, i:11), STATEMACHINELOGENTRY, WRITE: logData.size=4, stateMachineData.size=0, logEntryProtoSerializedSize=0
2024-10-09 04:29:52,719 DEBUG server.RaftServer$Division (RaftServerImpl.java:logAppendEntries(1545)) - s13@group-F62FDFAA15CF: appendEntries* s12->s13#4892-t1,previous=(t:1, i:9),leaderCommit=9,initializing? false,entries: size=1, first=(t:1, i:10), METADATAENTRY(c:9)
2024-10-09 04:29:52,720 DEBUG server.RaftServer$Division (RaftServerImpl.java:logAppendEntries(1545)) - s11@group-F62FDFAA15CF: appendEntries* reply s12<-s11#4893:OK-t1,SUCCESS,nextIndex=11,followerCommit=9,matchIndex=10
2024-10-09 04:29:52,720 DEBUG server.RaftServer$Division (RaftServerImpl.java:logAppendEntries(1545)) - s13@group-F62FDFAA15CF: appendEntries* reply s12<-s13#4892:OK-t1,SUCCESS,nextIndex=11,followerCommit=9,matchIndex=10
2024-10-09 04:29:52,721 DEBUG server.RaftServer$Division (RaftServerImpl.java:logAppendEntries(1545)) - s13@group-F62FDFAA15CF: appendEntries* s12->s13#4896-t1,previous=(t:1, i:10),leaderCommit=10,initializing? false,entries: size=1, first=(t:1, i:11), STATEMACHINELOGENTRY, StateMachineLogEntryProto:4894@client-C0124BECB0F9
2024-10-09 04:29:52,721 DEBUG server.RaftServer$Division (RaftServerImpl.java:logAppendEntries(1545)) - s11@group-F62FDFAA15CF: appendEntries* s12->s11#4895-t1,previous=(t:1, i:10),leaderCommit=9,initializing? false,entries: size=1, first=(t:1, i:11), STATEMACHINELOGENTRY, StateMachineLogEntryProto:4894@client-C0124BECB0F9
2024-10-09 04:29:52,721 DEBUG server.RaftServer$Division (RaftServerImpl.java:logAppendEntries(1545)) - s13@group-F62FDFAA15CF: appendEntries* reply s12<-s13#4896:OK-t1,SUCCESS,nextIndex=12,followerCommit=10,matchIndex=11
2024-10-09 04:29:52,721 DEBUG server.RaftServer$Division (RaftServerImpl.java:logAppendEntries(1545)) - s11@group-F62FDFAA15CF: appendEntries* reply s12<-s11#4895:OK-t1,SUCCESS,nextIndex=12,followerCommit=9,matchIndex=11
2024-10-09 04:29:52,722 INFO  statemachine.StateMachine (ArithmeticStateMachine.java:applyTransaction(181)) - LEADER:s12-11: c = null = null
2024-10-09 04:29:52,722 DEBUG server.RaftServer$Division (RaftServerImpl.java:submitClientRequestAsync(916)) - s12@group-F62FDFAA15CF: receive client request(RaftClientRequest:client-C0124BECB0F9->s12@group-F62FDFAA15CF, cid=4898, seq=null, RW, Message:01016102403900000000...(size=12))
2024-10-09 04:29:52,723 DEBUG server.RaftServer$Division (RaftServerImpl.java:logAppendEntries(1545)) - s11@group-F62FDFAA15CF: appendEntries* s12->s11#4899-t1,previous=(t:1, i:11),leaderCommit=11,initializing? false,entries: size=1, first=(t:1, i:12), METADATAENTRY(c:11)
2024-10-09 04:29:52,722 DEBUG server.RaftServer$Division (RaftServerImpl.java:logAppendEntries(1545)) - s13@group-F62FDFAA15CF: appendEntries* s12->s13#4897-t1,previous=(t:1, i:11),leaderCommit=11,initializing? false,entries: size=1, first=(t:1, i:12), METADATAENTRY(c:11)
2024-10-09 04:29:52,723 DEBUG server.RaftServer$Division (LeaderStateImpl.java:addPendingRequest(529)) - s12@group-F62FDFAA15CF-LeaderStateImpl: addPendingRequest at RaftClientRequest:client-C0124BECB0F9->s12@group-F62FDFAA15CF, cid=4898, seq=null, RW, Message:01016102403900000000...(size=12), entry=(t:1, i:13), STATEMACHINELOGENTRY, WRITE: logData.size=12, stateMachineData.size=0, logEntryProtoSerializedSize=0
2024-10-09 04:29:52,723 DEBUG server.RaftServer$Division (RaftServerImpl.java:logAppendEntries(1545)) - s13@group-F62FDFAA15CF: appendEntries* reply s12<-s13#4897:OK-t1,SUCCESS,nextIndex=13,followerCommit=11,matchIndex=12
2024-10-09 04:29:52,724 DEBUG server.RaftServer$Division (RaftServerImpl.java:logAppendEntries(1545)) - s13@group-F62FDFAA15CF: appendEntries* s12->s13#4900-t1,previous=(t:1, i:12),leaderCommit=11,initializing? false,entries: size=1, first=(t:1, i:13), STATEMACHINELOGENTRY, StateMachineLogEntryProto:4898@client-C0124BECB0F9
2024-10-09 04:29:52,724 DEBUG server.RaftServer$Division (RaftServerImpl.java:logAppendEntries(1545)) - s11@group-F62FDFAA15CF: appendEntries* reply s12<-s11#4899:OK-t1,SUCCESS,nextIndex=13,followerCommit=11,matchIndex=12
2024-10-09 04:29:52,725 DEBUG server.RaftServer$Division (RaftServerImpl.java:logAppendEntries(1545)) - s11@group-F62FDFAA15CF: appendEntries* s12->s11#4901-t1,previous=(t:1, i:12),leaderCommit=12,initializing? false,entries: size=1, first=(t:1, i:13), STATEMACHINELOGENTRY, StateMachineLogEntryProto:4898@client-C0124BECB0F9
2024-10-09 04:29:52,725 DEBUG server.RaftServer$Division (RaftServerImpl.java:logAppendEntries(1545)) - s11@group-F62FDFAA15CF: appendEntries* reply s12<-s11#4901:OK-t1,SUCCESS,nextIndex=14,followerCommit=12,matchIndex=13
2024-10-09 04:29:52,725 DEBUG server.RaftServer$Division (RaftServerImpl.java:logAppendEntries(1545)) - s13@group-F62FDFAA15CF: appendEntries* reply s12<-s13#4900:OK-t1,SUCCESS,nextIndex=14,followerCommit=11,matchIndex=13
2024-10-09 04:29:52,726 INFO  statemachine.StateMachine (ArithmeticStateMachine.java:applyTransaction(181)) - LEADER:s12-13: a = 25 = 25
2024-10-09 04:29:52,726 DEBUG server.RaftServer$Division (RaftServerImpl.java:logAppendEntries(1545)) - s13@group-F62FDFAA15CF: appendEntries* s12->s13#4902-t1,previous=(t:1, i:13),leaderCommit=13,initializing? false,entries: size=1, first=(t:1, i:14), METADATAENTRY(c:13)
2024-10-09 04:29:52,726 DEBUG server.RaftServer$Division (RaftServerImpl.java:submitClientRequestAsync(916)) - s12@group-F62FDFAA15CF: receive client request(RaftClientRequest:client-C0124BECB0F9->s12@group-F62FDFAA15CF, cid=4903, seq=null, RW, Message:01016202407380000000...(size=12))
2024-10-09 04:29:52,727 DEBUG server.RaftServer$Division (RaftServerImpl.java:logAppendEntries(1545)) - s11@group-F62FDFAA15CF: appendEntries* s12->s11#4904-t1,previous=(t:1, i:13),leaderCommit=13,initializing? false,entries: size=1, first=(t:1, i:14), METADATAENTRY(c:13)
2024-10-09 04:29:52,727 DEBUG server.RaftServer$Division (RaftServerImpl.java:logAppendEntries(1545)) - s13@group-F62FDFAA15CF: appendEntries* reply s12<-s13#4902:OK-t1,SUCCESS,nextIndex=15,followerCommit=13,matchIndex=14
2024-10-09 04:29:52,727 DEBUG server.RaftServer$Division (LeaderStateImpl.java:addPendingRequest(529)) - s12@group-F62FDFAA15CF-LeaderStateImpl: addPendingRequest at RaftClientRequest:client-C0124BECB0F9->s12@group-F62FDFAA15CF, cid=4903, seq=null, RW, Message:01016202407380000000...(size=12), entry=(t:1, i:15), STATEMACHINELOGENTRY, WRITE: logData.size=12, stateMachineData.size=0, logEntryProtoSerializedSize=0
2024-10-09 04:29:52,728 DEBUG server.RaftServer$Division (RaftServerImpl.java:logAppendEntries(1545)) - s13@group-F62FDFAA15CF: appendEntries* s12->s13#4905-t1,previous=(t:1, i:14),leaderCommit=14,initializing? false,entries: size=1, first=(t:1, i:15), STATEMACHINELOGENTRY, StateMachineLogEntryProto:4903@client-C0124BECB0F9
2024-10-09 04:29:52,728 DEBUG server.RaftServer$Division (RaftServerImpl.java:logAppendEntries(1545)) - s11@group-F62FDFAA15CF: appendEntries* reply s12<-s11#4904:OK-t1,SUCCESS,nextIndex=15,followerCommit=13,matchIndex=14
2024-10-09 04:29:52,728 DEBUG server.RaftServer$Division (RaftServerImpl.java:logAppendEntries(1545)) - s13@group-F62FDFAA15CF: appendEntries* reply s12<-s13#4905:OK-t1,SUCCESS,nextIndex=16,followerCommit=14,matchIndex=15
2024-10-09 04:29:52,729 DEBUG server.RaftServer$Division (RaftServerImpl.java:logAppendEntries(1545)) - s11@group-F62FDFAA15CF: appendEntries* s12->s11#4906-t1,previous=(t:1, i:14),leaderCommit=14,initializing? false,entries: size=1, first=(t:1, i:15), STATEMACHINELOGENTRY, StateMachineLogEntryProto:4903@client-C0124BECB0F9
2024-10-09 04:29:52,729 INFO  statemachine.StateMachine (ArithmeticStateMachine.java:applyTransaction(181)) - LEADER:s12-15: b = 312 = 312
2024-10-09 04:29:52,729 DEBUG server.RaftServer$Division (RaftServerImpl.java:logAppendEntries(1545)) - s13@group-F62FDFAA15CF: appendEntries* s12->s13#4907-t1,previous=(t:1, i:15),leaderCommit=15,initializing? false,entries: size=1, first=(t:1, i:16), METADATAENTRY(c:15)
2024-10-09 04:29:52,729 DEBUG server.RaftServer$Division (RaftServerImpl.java:logAppendEntries(1545)) - s11@group-F62FDFAA15CF: appendEntries* reply s12<-s11#4906:OK-t1,SUCCESS,nextIndex=16,followerCommit=14,matchIndex=15
2024-10-09 04:29:52,730 DEBUG server.RaftServer$Division (RaftServerImpl.java:submitClientRequestAsync(916)) - s12@group-F62FDFAA15CF: receive client request(RaftClientRequest:client-C0124BECB0F9->s12@group-F62FDFAA15CF, cid=4908, seq=null, RW, Message:01016304010300040201...(size=17))
2024-10-09 04:29:52,730 DEBUG server.RaftServer$Division (LeaderStateImpl.java:addPendingRequest(529)) - s12@group-F62FDFAA15CF-LeaderStateImpl: addPendingRequest at RaftClientRequest:client-C0124BECB0F9->s12@group-F62FDFAA15CF, cid=4908, seq=null, RW, Message:01016304010300040201...(size=17), entry=(t:1, i:17), STATEMACHINELOGENTRY, WRITE: logData.size=17, stateMachineData.size=0, logEntryProtoSerializedSize=0
2024-10-09 04:29:52,730 DEBUG server.RaftServer$Division (RaftServerImpl.java:logAppendEntries(1545)) - s11@group-F62FDFAA15CF: appendEntries* s12->s11#4909-t1,previous=(t:1, i:15),leaderCommit=15,initializing? false,entries: size=1, first=(t:1, i:16), METADATAENTRY(c:15)
2024-10-09 04:29:52,730 DEBUG server.RaftServer$Division (RaftServerImpl.java:logAppendEntries(1545)) - s13@group-F62FDFAA15CF: appendEntries* reply s12<-s13#4907:OK-t1,SUCCESS,nextIndex=17,followerCommit=15,matchIndex=16
2024-10-09 04:29:52,731 DEBUG server.RaftServer$Division (RaftServerImpl.java:logAppendEntries(1545)) - s13@group-F62FDFAA15CF: appendEntries* s12->s13#4910-t1,previous=(t:1, i:16),leaderCommit=15,initializing? false,entries: size=1, first=(t:1, i:17), STATEMACHINELOGENTRY, StateMachineLogEntryProto:4908@client-C0124BECB0F9
2024-10-09 04:29:52,731 DEBUG server.RaftServer$Division (RaftServerImpl.java:logAppendEntries(1545)) - s11@group-F62FDFAA15CF: appendEntries* reply s12<-s11#4909:OK-t1,SUCCESS,nextIndex=17,followerCommit=15,matchIndex=16
2024-10-09 04:29:52,732 DEBUG server.RaftServer$Division (RaftServerImpl.java:logAppendEntries(1545)) - s13@group-F62FDFAA15CF: appendEntries* reply s12<-s13#4910:OK-t1,SUCCESS,nextIndex=18,followerCommit=15,matchIndex=17
2024-10-09 04:29:52,732 INFO  statemachine.StateMachine (ArithmeticStateMachine.java:applyTransaction(181)) - LEADER:s12-17: c = √(a^2 + b^2) = 313
2024-10-09 04:29:52,732 DEBUG server.RaftServer$Division (RaftServerImpl.java:logAppendEntries(1545)) - s13@group-F62FDFAA15CF: appendEntries* s12->s13#4912-t1,previous=(t:1, i:17),leaderCommit=17,initializing? false,entries: size=1, first=(t:1, i:18), METADATAENTRY(c:17)
2024-10-09 04:29:52,733 DEBUG server.RaftServer$Division (RaftServerImpl.java:logAppendEntries(1545)) - s11@group-F62FDFAA15CF: appendEntries* s12->s11#4911-t1,previous=(t:1, i:16),leaderCommit=16,initializing? false,entries: size=1, first=(t:1, i:17), STATEMACHINELOGENTRY, StateMachineLogEntryProto:4908@client-C0124BECB0F9
2024-10-09 04:29:52,733 DEBUG server.RaftServer$Division (RaftServerImpl.java:submitClientRequestAsync(916)) - s12@group-F62FDFAA15CF: receive client request(RaftClientRequest:client-C0124BECB0F9->s12@group-F62FDFAA15CF, cid=4913, seq=null, RW, Message:01016100)
2024-10-09 04:29:52,733 DEBUG server.RaftServer$Division (RaftServerImpl.java:logAppendEntries(1545)) - s11@group-F62FDFAA15CF: appendEntries* reply s12<-s11#4911:OK-t1,SUCCESS,nextIndex=18,followerCommit=16,matchIndex=17
2024-10-09 04:29:52,733 DEBUG server.RaftServer$Division (RaftServerImpl.java:logAppendEntries(1545)) - s13@group-F62FDFAA15CF: appendEntries* reply s12<-s13#4912:OK-t1,SUCCESS,nextIndex=19,followerCommit=17,matchIndex=18
2024-10-09 04:29:52,733 DEBUG server.RaftServer$Division (LeaderStateImpl.java:addPendingRequest(529)) - s12@group-F62FDFAA15CF-LeaderStateImpl: addPendingRequest at RaftClientRequest:client-C0124BECB0F9->s12@group-F62FDFAA15CF, cid=4913, seq=null, RW, Message:01016100, entry=(t:1, i:19), STATEMACHINELOGENTRY, WRITE: logData.size=4, stateMachineData.size=0, logEntryProtoSerializedSize=0
2024-10-09 04:29:52,734 DEBUG server.RaftServer$Division (RaftServerImpl.java:logAppendEntries(1545)) - s11@group-F62FDFAA15CF: appendEntries* s12->s11#4915-t1,previous=(t:1, i:17),leaderCommit=18,initializing? false,entries: size=2, first=(t:1, i:18), METADATAENTRY(c:17)
2024-10-09 04:29:52,734 DEBUG server.RaftServer$Division (RaftServerImpl.java:logAppendEntries(1545)) - s13@group-F62FDFAA15CF: appendEntries* s12->s13#4914-t1,previous=(t:1, i:18),leaderCommit=17,initializing? false,entries: size=1, first=(t:1, i:19), STATEMACHINELOGENTRY, StateMachineLogEntryProto:4913@client-C0124BECB0F9
2024-10-09 04:29:52,735 DEBUG server.RaftServer$Division (RaftServerImpl.java:logAppendEntries(1545)) - s13@group-F62FDFAA15CF: appendEntries* reply s12<-s13#4914:OK-t1,SUCCESS,nextIndex=20,followerCommit=17,matchIndex=19
2024-10-09 04:29:52,735 DEBUG server.RaftServer$Division (RaftServerImpl.java:logAppendEntries(1545)) - s11@group-F62FDFAA15CF: appendEntries* reply s12<-s11#4915:OK-t1,SUCCESS,nextIndex=20,followerCommit=18,matchIndex=19
2024-10-09 04:29:52,735 INFO  statemachine.StateMachine (ArithmeticStateMachine.java:applyTransaction(181)) - LEADER:s12-19: a = null = null
2024-10-09 04:29:52,736 DEBUG server.RaftServer$Division (RaftServerImpl.java:logAppendEntries(1545)) - s11@group-F62FDFAA15CF: appendEntries* s12->s11#4916-t1,previous=(t:1, i:19),leaderCommit=19,initializing? false,entries: size=1, first=(t:1, i:20), METADATAENTRY(c:19)
2024-10-09 04:29:52,736 DEBUG server.RaftServer$Division (RaftServerImpl.java:submitClientRequestAsync(916)) - s12@group-F62FDFAA15CF: receive client request(RaftClientRequest:client-C0124BECB0F9->s12@group-F62FDFAA15CF, cid=4918, seq=null, RW, Message:01016200)
2024-10-09 04:29:52,736 DEBUG server.RaftServer$Division (RaftServerImpl.java:logAppendEntries(1545)) - s13@group-F62FDFAA15CF: appendEntries* s12->s13#4917-t1,previous=(t:1, i:19),leaderCommit=19,initializing? false,entries: size=1, first=(t:1, i:20), METADATAENTRY(c:19)
2024-10-09 04:29:52,736 DEBUG server.RaftServer$Division (LeaderStateImpl.java:addPendingRequest(529)) - s12@group-F62FDFAA15CF-LeaderStateImpl: addPendingRequest at RaftClientRequest:client-C0124BECB0F9->s12@group-F62FDFAA15CF, cid=4918, seq=null, RW, Message:01016200, entry=(t:1, i:21), STATEMACHINELOGENTRY, WRITE: logData.size=4, stateMachineData.size=0, logEntryProtoSerializedSize=0
2024-10-09 04:29:52,737 DEBUG server.RaftServer$Division (RaftServerImpl.java:logAppendEntries(1545)) - s11@group-F62FDFAA15CF: appendEntries* reply s12<-s11#4916:OK-t1,SUCCESS,nextIndex=21,followerCommit=19,matchIndex=20
2024-10-09 04:29:52,737 DEBUG server.RaftServer$Division (RaftServerImpl.java:logAppendEntries(1545)) - s13@group-F62FDFAA15CF: appendEntries* reply s12<-s13#4917:OK-t1,SUCCESS,nextIndex=21,followerCommit=19,matchIndex=20
2024-10-09 04:29:52,738 DEBUG server.RaftServer$Division (RaftServerImpl.java:logAppendEntries(1545)) - s11@group-F62FDFAA15CF: appendEntries* s12->s11#4920-t1,previous=(t:1, i:20),leaderCommit=20,initializing? false,entries: size=1, first=(t:1, i:21), STATEMACHINELOGENTRY, StateMachineLogEntryProto:4918@client-C0124BECB0F9
2024-10-09 04:29:52,738 DEBUG server.RaftServer$Division (RaftServerImpl.java:logAppendEntries(1545)) - s13@group-F62FDFAA15CF: appendEntries* s12->s13#4919-t1,previous=(t:1, i:20),leaderCommit=19,initializing? false,entries: size=1, first=(t:1, i:21), STATEMACHINELOGENTRY, StateMachineLogEntryProto:4918@client-C0124BECB0F9
2024-10-09 04:29:52,738 DEBUG server.RaftServer$Division (RaftServerImpl.java:logAppendEntries(1545)) - s11@group-F62FDFAA15CF: appendEntries* reply s12<-s11#4920:OK-t1,SUCCESS,nextIndex=22,followerCommit=20,matchIndex=21
2024-10-09 04:29:52,738 DEBUG server.RaftServer$Division (RaftServerImpl.java:logAppendEntries(1545)) - s13@group-F62FDFAA15CF: appendEntries* reply s12<-s13#4919:OK-t1,SUCCESS,nextIndex=22,followerCommit=19,matchIndex=21
2024-10-09 04:29:52,739 INFO  statemachine.StateMachine (ArithmeticStateMachine.java:applyTransaction(181)) - LEADER:s12-21: b = null = null
2024-10-09 04:29:52,739 DEBUG server.RaftServer$Division (RaftServerImpl.java:logAppendEntries(1545)) - s13@group-F62FDFAA15CF: appendEntries* s12->s13#4922-t1,previous=(t:1, i:21),leaderCommit=21,initializing? false,entries: size=1, first=(t:1, i:22), METADATAENTRY(c:21)
2024-10-09 04:29:52,739 DEBUG server.RaftServer$Division (RaftServerImpl.java:submitClientRequestAsync(916)) - s12@group-F62FDFAA15CF: receive client request(RaftClientRequest:client-C0124BECB0F9->s12@group-F62FDFAA15CF, cid=4923, seq=null, RW, Message:01016300)
2024-10-09 04:29:52,739 DEBUG server.RaftServer$Division (RaftServerImpl.java:logAppendEntries(1545)) - s11@group-F62FDFAA15CF: appendEntries* s12->s11#4921-t1,previous=(t:1, i:21),leaderCommit=21,initializing? false,entries: size=1, first=(t:1, i:22), METADATAENTRY(c:21)
2024-10-09 04:29:52,740 DEBUG server.RaftServer$Division (LeaderStateImpl.java:addPendingRequest(529)) - s12@group-F62FDFAA15CF-LeaderStateImpl: addPendingRequest at RaftClientRequest:client-C0124BECB0F9->s12@group-F62FDFAA15CF, cid=4923, seq=null, RW, Message:01016300, entry=(t:1, i:23), STATEMACHINELOGENTRY, WRITE: logData.size=4, stateMachineData.size=0, logEntryProtoSerializedSize=0
2024-10-09 04:29:52,740 DEBUG server.RaftServer$Division (RaftServerImpl.java:logAppendEntries(1545)) - s11@group-F62FDFAA15CF: appendEntries* reply s12<-s11#4921:OK-t1,SUCCESS,nextIndex=23,followerCommit=21,matchIndex=22
2024-10-09 04:29:52,740 DEBUG server.RaftServer$Division (RaftServerImpl.java:logAppendEntries(1545)) - s13@group-F62FDFAA15CF: appendEntries* reply s12<-s13#4922:OK-t1,SUCCESS,nextIndex=23,followerCommit=21,matchIndex=22
2024-10-09 04:29:52,741 DEBUG server.RaftServer$Division (RaftServerImpl.java:logAppendEntries(1545)) - s13@group-F62FDFAA15CF: appendEntries* s12->s13#4924-t1,previous=(t:1, i:22),leaderCommit=22,initializing? false,entries: size=1, first=(t:1, i:23), STATEMACHINELOGENTRY, StateMachineLogEntryProto:4923@client-C0124BECB0F9
2024-10-09 04:29:52,741 DEBUG server.RaftServer$Division (RaftServerImpl.java:logAppendEntries(1545)) - s11@group-F62FDFAA15CF: appendEntries* s12->s11#4925-t1,previous=(t:1, i:22),leaderCommit=22,initializing? false,entries: size=1, first=(t:1, i:23), STATEMACHINELOGENTRY, StateMachineLogEntryProto:4923@client-C0124BECB0F9
2024-10-09 04:29:52,741 DEBUG server.RaftServer$Division (RaftServerImpl.java:logAppendEntries(1545)) - s11@group-F62FDFAA15CF: appendEntries* reply s12<-s11#4925:OK-t1,SUCCESS,nextIndex=24,followerCommit=22,matchIndex=23
2024-10-09 04:29:52,742 DEBUG server.RaftServer$Division (RaftServerImpl.java:logAppendEntries(1545)) - s13@group-F62FDFAA15CF: appendEntries* reply s12<-s13#4924:OK-t1,SUCCESS,nextIndex=24,followerCommit=22,matchIndex=23
2024-10-09 04:29:52,742 INFO  statemachine.StateMachine (ArithmeticStateMachine.java:applyTransaction(181)) - LEADER:s12-23: c = null = null
2024-10-09 04:29:52,742 DEBUG server.RaftServer$Division (RaftServerImpl.java:logAppendEntries(1545)) - s11@group-F62FDFAA15CF: appendEntries* s12->s11#4927-t1,previous=(t:1, i:23),leaderCommit=23,initializing? false,entries: size=1, first=(t:1, i:24), METADATAENTRY(c:23)
2024-10-09 04:29:52,742 DEBUG server.RaftServer$Division (RaftServerImpl.java:submitClientRequestAsync(916)) - s12@group-F62FDFAA15CF: receive client request(RaftClientRequest:client-C0124BECB0F9->s12@group-F62FDFAA15CF, cid=4928, seq=null, RW, Message:01016102403b00000000...(size=12))
2024-10-09 04:29:52,743 DEBUG server.RaftServer$Division (RaftServerImpl.java:logAppendEntries(1545)) - s13@group-F62FDFAA15CF: appendEntries* s12->s13#4926-t1,previous=(t:1, i:23),leaderCommit=23,initializing? false,entries: size=1, first=(t:1, i:24), METADATAENTRY(c:23)
2024-10-09 04:29:52,743 DEBUG server.RaftServer$Division (LeaderStateImpl.java:addPendingRequest(529)) - s12@group-F62FDFAA15CF-LeaderStateImpl: addPendingRequest at RaftClientRequest:client-C0124BECB0F9->s12@group-F62FDFAA15CF, cid=4928, seq=null, RW, Message:01016102403b00000000...(size=12), entry=(t:1, i:25), STATEMACHINELOGENTRY, WRITE: logData.size=12, stateMachineData.size=0, logEntryProtoSerializedSize=0
2024-10-09 04:29:52,743 DEBUG server.RaftServer$Division (RaftServerImpl.java:logAppendEntries(1545)) - s11@group-F62FDFAA15CF: appendEntries* reply s12<-s11#4927:OK-t1,SUCCESS,nextIndex=25,followerCommit=23,matchIndex=24
2024-10-09 04:29:52,743 DEBUG server.RaftServer$Division (RaftServerImpl.java:logAppendEntries(1545)) - s13@group-F62FDFAA15CF: appendEntries* reply s12<-s13#4926:OK-t1,SUCCESS,nextIndex=25,followerCommit=23,matchIndex=24
2024-10-09 04:29:52,744 DEBUG server.RaftServer$Division (RaftServerImpl.java:logAppendEntries(1545)) - s13@group-F62FDFAA15CF: appendEntries* s12->s13#4930-t1,previous=(t:1, i:24),leaderCommit=24,initializing? false,entries: size=1, first=(t:1, i:25), STATEMACHINELOGENTRY, StateMachineLogEntryProto:4928@client-C0124BECB0F9
2024-10-09 04:29:52,744 DEBUG server.RaftServer$Division (RaftServerImpl.java:logAppendEntries(1545)) - s11@group-F62FDFAA15CF: appendEntries* s12->s11#4929-t1,previous=(t:1, i:24),leaderCommit=24,initializing? false,entries: size=1, first=(t:1, i:25), STATEMACHINELOGENTRY, StateMachineLogEntryProto:4928@client-C0124BECB0F9
2024-10-09 04:29:52,744 DEBUG server.RaftServer$Division (RaftServerImpl.java:logAppendEntries(1545)) - s11@group-F62FDFAA15CF: appendEntries* reply s12<-s11#4929:OK-t1,SUCCESS,nextIndex=26,followerCommit=24,matchIndex=25
2024-10-09 04:29:52,745 DEBUG server.RaftServer$Division (RaftServerImpl.java:logAppendEntries(1545)) - s13@group-F62FDFAA15CF: appendEntries* reply s12<-s13#4930:OK-t1,SUCCESS,nextIndex=26,followerCommit=24,matchIndex=25
2024-10-09 04:29:52,745 INFO  statemachine.StateMachine (ArithmeticStateMachine.java:applyTransaction(181)) - LEADER:s12-25: a = 27 = 27
2024-10-09 04:29:52,745 DEBUG server.RaftServer$Division (RaftServerImpl.java:logAppendEntries(1545)) - s13@group-F62FDFAA15CF: appendEntries* s12->s13#4931-t1,previous=(t:1, i:25),leaderCommit=25,initializing? false,entries: size=1, first=(t:1, i:26), METADATAENTRY(c:25)
2024-10-09 04:29:52,746 DEBUG server.RaftServer$Division (RaftServerImpl.java:logAppendEntries(1545)) - s11@group-F62FDFAA15CF: appendEntries* s12->s11#4932-t1,previous=(t:1, i:25),leaderCommit=25,initializing? false,entries: size=1, first=(t:1, i:26), METADATAENTRY(c:25)
2024-10-09 04:29:52,746 DEBUG server.RaftServer$Division (RaftServerImpl.java:submitClientRequestAsync(916)) - s12@group-F62FDFAA15CF: receive client request(RaftClientRequest:client-C0124BECB0F9->s12@group-F62FDFAA15CF, cid=4933, seq=null, RW, Message:010162024076c0000000...(size=12))
2024-10-09 04:29:52,746 DEBUG server.RaftServer$Division (RaftServerImpl.java:logAppendEntries(1545)) - s13@group-F62FDFAA15CF: appendEntries* reply s12<-s13#4931:OK-t1,SUCCESS,nextIndex=27,followerCommit=25,matchIndex=26
2024-10-09 04:29:52,746 DEBUG server.RaftServer$Division (LeaderStateImpl.java:addPendingRequest(529)) - s12@group-F62FDFAA15CF-LeaderStateImpl: addPendingRequest at RaftClientRequest:client-C0124BECB0F9->s12@group-F62FDFAA15CF, cid=4933, seq=null, RW, Message:010162024076c0000000...(size=12), entry=(t:1, i:27), STATEMACHINELOGENTRY, WRITE: logData.size=12, stateMachineData.size=0, logEntryProtoSerializedSize=0
2024-10-09 04:29:52,746 DEBUG server.RaftServer$Division (RaftServerImpl.java:logAppendEntries(1545)) - s11@group-F62FDFAA15CF: appendEntries* reply s12<-s11#4932:OK-t1,SUCCESS,nextIndex=27,followerCommit=25,matchIndex=26
2024-10-09 04:29:52,747 DEBUG server.RaftServer$Division (RaftServerImpl.java:logAppendEntries(1545)) - s13@group-F62FDFAA15CF: appendEntries* s12->s13#4934-t1,previous=(t:1, i:26),leaderCommit=25,initializing? false,entries: size=1, first=(t:1, i:27), STATEMACHINELOGENTRY, StateMachineLogEntryProto:4933@client-C0124BECB0F9
2024-10-09 04:29:52,747 DEBUG server.RaftServer$Division (RaftServerImpl.java:logAppendEntries(1545)) - s11@group-F62FDFAA15CF: appendEntries* s12->s11#4935-t1,previous=(t:1, i:26),leaderCommit=26,initializing? false,entries: size=1, first=(t:1, i:27), STATEMACHINELOGENTRY, StateMachineLogEntryProto:4933@client-C0124BECB0F9
2024-10-09 04:29:52,748 DEBUG server.RaftServer$Division (RaftServerImpl.java:logAppendEntries(1545)) - s13@group-F62FDFAA15CF: appendEntries* reply s12<-s13#4934:OK-t1,SUCCESS,nextIndex=28,followerCommit=25,matchIndex=27
2024-10-09 04:29:52,748 DEBUG server.RaftServer$Division (RaftServerImpl.java:logAppendEntries(1545)) - s11@group-F62FDFAA15CF: appendEntries* reply s12<-s11#4935:OK-t1,SUCCESS,nextIndex=28,followerCommit=26,matchIndex=27
2024-10-09 04:29:52,748 INFO  statemachine.StateMachine (ArithmeticStateMachine.java:applyTransaction(181)) - LEADER:s12-27: b = 364 = 364
2024-10-09 04:29:52,748 DEBUG server.RaftServer$Division (RaftServerImpl.java:logAppendEntries(1545)) - s13@group-F62FDFAA15CF: appendEntries* s12->s13#4936-t1,previous=(t:1, i:27),leaderCommit=27,initializing? false,entries: size=1, first=(t:1, i:28), METADATAENTRY(c:27)
2024-10-09 04:29:52,749 DEBUG server.RaftServer$Division (RaftServerImpl.java:logAppendEntries(1545)) - s11@group-F62FDFAA15CF: appendEntries* s12->s11#4937-t1,previous=(t:1, i:27),leaderCommit=27,initializing? false,entries: size=1, first=(t:1, i:28), METADATAENTRY(c:27)
2024-10-09 04:29:52,749 DEBUG server.RaftServer$Division (RaftServerImpl.java:submitClientRequestAsync(916)) - s12@group-F62FDFAA15CF: receive client request(RaftClientRequest:client-C0124BECB0F9->s12@group-F62FDFAA15CF, cid=4938, seq=null, RW, Message:01016304010300040201...(size=17))
2024-10-09 04:29:52,749 DEBUG server.RaftServer$Division (RaftServerImpl.java:logAppendEntries(1545)) - s11@group-F62FDFAA15CF: appendEntries* reply s12<-s11#4937:OK-t1,SUCCESS,nextIndex=29,followerCommit=27,matchIndex=28
2024-10-09 04:29:52,749 DEBUG server.RaftServer$Division (LeaderStateImpl.java:addPendingRequest(529)) - s12@group-F62FDFAA15CF-LeaderStateImpl: addPendingRequest at RaftClientRequest:client-C0124BECB0F9->s12@group-F62FDFAA15CF, cid=4938, seq=null, RW, Message:01016304010300040201...(size=17), entry=(t:1, i:29), STATEMACHINELOGENTRY, WRITE: logData.size=17, stateMachineData.size=0, logEntryProtoSerializedSize=0
2024-10-09 04:29:52,749 DEBUG server.RaftServer$Division (RaftServerImpl.java:logAppendEntries(1545)) - s13@group-F62FDFAA15CF: appendEntries* reply s12<-s13#4936:OK-t1,SUCCESS,nextIndex=29,followerCommit=27,matchIndex=28
2024-10-09 04:29:52,750 DEBUG server.RaftServer$Division (RaftServerImpl.java:logAppendEntries(1545)) - s13@group-F62FDFAA15CF: appendEntries* s12->s13#4939-t1,previous=(t:1, i:28),leaderCommit=27,initializing? false,entries: size=1, first=(t:1, i:29), STATEMACHINELOGENTRY, StateMachineLogEntryProto:4938@client-C0124BECB0F9
2024-10-09 04:29:52,750 DEBUG server.RaftServer$Division (RaftServerImpl.java:logAppendEntries(1545)) - s11@group-F62FDFAA15CF: appendEntries* s12->s11#4940-t1,previous=(t:1, i:28),leaderCommit=28,initializing? false,entries: size=1, first=(t:1, i:29), STATEMACHINELOGENTRY, StateMachineLogEntryProto:4938@client-C0124BECB0F9
2024-10-09 04:29:52,751 DEBUG server.RaftServer$Division (RaftServerImpl.java:logAppendEntries(1545)) - s13@group-F62FDFAA15CF: appendEntries* reply s12<-s13#4939:OK-t1,SUCCESS,nextIndex=30,followerCommit=27,matchIndex=29
2024-10-09 04:29:52,751 DEBUG server.RaftServer$Division (RaftServerImpl.java:logAppendEntries(1545)) - s11@group-F62FDFAA15CF: appendEntries* reply s12<-s11#4940:OK-t1,SUCCESS,nextIndex=30,followerCommit=28,matchIndex=29
2024-10-09 04:29:52,751 INFO  statemachine.StateMachine (ArithmeticStateMachine.java:applyTransaction(181)) - LEADER:s12-29: c = √(a^2 + b^2) = 365
2024-10-09 04:29:52,751 DEBUG server.RaftServer$Division (RaftServerImpl.java:logAppendEntries(1545)) - s11@group-F62FDFAA15CF: appendEntries* s12->s11#4942-t1,previous=(t:1, i:29),leaderCommit=29,initializing? false,entries: size=1, first=(t:1, i:30), METADATAENTRY(c:29)
2024-10-09 04:29:52,752 DEBUG server.RaftServer$Division (RaftServerImpl.java:logAppendEntries(1545)) - s13@group-F62FDFAA15CF: appendEntries* s12->s13#4941-t1,previous=(t:1, i:29),leaderCommit=29,initializing? false,entries: size=1, first=(t:1, i:30), METADATAENTRY(c:29)
2024-10-09 04:29:52,752 DEBUG server.RaftServer$Division (RaftServerImpl.java:submitClientRequestAsync(916)) - s12@group-F62FDFAA15CF: receive client request(RaftClientRequest:client-C0124BECB0F9->s12@group-F62FDFAA15CF, cid=4943, seq=null, RW, Message:01016100)
2024-10-09 04:29:52,752 DEBUG server.RaftServer$Division (RaftServerImpl.java:logAppendEntries(1545)) - s13@group-F62FDFAA15CF: appendEntries* reply s12<-s13#4941:OK-t1,SUCCESS,nextIndex=31,followerCommit=29,matchIndex=30
2024-10-09 04:29:52,752 DEBUG server.RaftServer$Division (RaftServerImpl.java:logAppendEntries(1545)) - s11@group-F62FDFAA15CF: appendEntries* reply s12<-s11#4942:OK-t1,SUCCESS,nextIndex=31,followerCommit=29,matchIndex=30
2024-10-09 04:29:52,752 DEBUG server.RaftServer$Division (LeaderStateImpl.java:addPendingRequest(529)) - s12@group-F62FDFAA15CF-LeaderStateImpl: addPendingRequest at RaftClientRequest:client-C0124BECB0F9->s12@group-F62FDFAA15CF, cid=4943, seq=null, RW, Message:01016100, entry=(t:1, i:31), STATEMACHINELOGENTRY, WRITE: logData.size=4, stateMachineData.size=0, logEntryProtoSerializedSize=0
2024-10-09 04:29:52,753 DEBUG server.RaftServer$Division (RaftServerImpl.java:logAppendEntries(1545)) - s13@group-F62FDFAA15CF: appendEntries* s12->s13#4944-t1,previous=(t:1, i:30),leaderCommit=29,initializing? false,entries: size=1, first=(t:1, i:31), STATEMACHINELOGENTRY, StateMachineLogEntryProto:4943@client-C0124BECB0F9
2024-10-09 04:29:52,753 DEBUG server.RaftServer$Division (RaftServerImpl.java:logAppendEntries(1545)) - s11@group-F62FDFAA15CF: appendEntries* s12->s11#4945-t1,previous=(t:1, i:30),leaderCommit=29,initializing? false,entries: size=1, first=(t:1, i:31), STATEMACHINELOGENTRY, StateMachineLogEntryProto:4943@client-C0124BECB0F9
2024-10-09 04:29:52,754 DEBUG server.RaftServer$Division (RaftServerImpl.java:logAppendEntries(1545)) - s11@group-F62FDFAA15CF: appendEntries* reply s12<-s11#4945:OK-t1,SUCCESS,nextIndex=32,followerCommit=29,matchIndex=31
2024-10-09 04:29:52,754 DEBUG server.RaftServer$Division (RaftServerImpl.java:logAppendEntries(1545)) - s13@group-F62FDFAA15CF: appendEntries* reply s12<-s13#4944:OK-t1,SUCCESS,nextIndex=32,followerCommit=29,matchIndex=31
2024-10-09 04:29:52,754 INFO  statemachine.StateMachine (ArithmeticStateMachine.java:applyTransaction(181)) - LEADER:s12-31: a = null = null
2024-10-09 04:29:52,754 DEBUG server.RaftServer$Division (RaftServerImpl.java:logAppendEntries(1545)) - s13@group-F62FDFAA15CF: appendEntries* s12->s13#4947-t1,previous=(t:1, i:31),leaderCommit=31,initializing? false,entries: size=1, first=(t:1, i:32), METADATAENTRY(c:31)
2024-10-09 04:29:52,754 DEBUG server.RaftServer$Division (RaftServerImpl.java:logAppendEntries(1545)) - s11@group-F62FDFAA15CF: appendEntries* s12->s11#4946-t1,previous=(t:1, i:31),leaderCommit=31,initializing? false,entries: size=1, first=(t:1, i:32), METADATAENTRY(c:31)
2024-10-09 04:29:52,754 DEBUG server.RaftServer$Division (RaftServerImpl.java:submitClientRequestAsync(916)) - s12@group-F62FDFAA15CF: receive client request(RaftClientRequest:client-C0124BECB0F9->s12@group-F62FDFAA15CF, cid=4948, seq=null, RW, Message:01016200)
2024-10-09 04:29:52,755 DEBUG server.RaftServer$Division (LeaderStateImpl.java:addPendingRequest(529)) - s12@group-F62FDFAA15CF-LeaderStateImpl: addPendingRequest at RaftClientRequest:client-C0124BECB0F9->s12@group-F62FDFAA15CF, cid=4948, seq=null, RW, Message:01016200, entry=(t:1, i:33), STATEMACHINELOGENTRY, WRITE: logData.size=4, stateMachineData.size=0, logEntryProtoSerializedSize=0
2024-10-09 04:29:52,755 DEBUG server.RaftServer$Division (RaftServerImpl.java:logAppendEntries(1545)) - s11@group-F62FDFAA15CF: appendEntries* reply s12<-s11#4946:OK-t1,SUCCESS,nextIndex=33,followerCommit=31,matchIndex=32
2024-10-09 04:29:52,755 DEBUG server.RaftServer$Division (RaftServerImpl.java:logAppendEntries(1545)) - s13@group-F62FDFAA15CF: appendEntries* reply s12<-s13#4947:OK-t1,SUCCESS,nextIndex=33,followerCommit=31,matchIndex=32
2024-10-09 04:29:52,756 DEBUG server.RaftServer$Division (RaftServerImpl.java:logAppendEntries(1545)) - s13@group-F62FDFAA15CF: appendEntries* s12->s13#4950-t1,previous=(t:1, i:32),leaderCommit=32,initializing? false,entries: size=1, first=(t:1, i:33), STATEMACHINELOGENTRY, StateMachineLogEntryProto:4948@client-C0124BECB0F9
2024-10-09 04:29:52,756 DEBUG server.RaftServer$Division (RaftServerImpl.java:logAppendEntries(1545)) - s11@group-F62FDFAA15CF: appendEntries* s12->s11#4949-t1,previous=(t:1, i:32),leaderCommit=31,initializing? false,entries: size=1, first=(t:1, i:33), STATEMACHINELOGENTRY, StateMachineLogEntryProto:4948@client-C0124BECB0F9
2024-10-09 04:29:52,756 DEBUG server.RaftServer$Division (RaftServerImpl.java:logAppendEntries(1545)) - s13@group-F62FDFAA15CF: appendEntries* reply s12<-s13#4950:OK-t1,SUCCESS,nextIndex=34,followerCommit=32,matchIndex=33
2024-10-09 04:29:52,756 DEBUG server.RaftServer$Division (RaftServerImpl.java:logAppendEntries(1545)) - s11@group-F62FDFAA15CF: appendEntries* reply s12<-s11#4949:OK-t1,SUCCESS,nextIndex=34,followerCommit=31,matchIndex=33
2024-10-09 04:29:52,757 INFO  statemachine.StateMachine (ArithmeticStateMachine.java:applyTransaction(181)) - LEADER:s12-33: b = null = null
2024-10-09 04:29:52,757 DEBUG server.RaftServer$Division (RaftServerImpl.java:logAppendEntries(1545)) - s11@group-F62FDFAA15CF: appendEntries* s12->s11#4951-t1,previous=(t:1, i:33),leaderCommit=33,initializing? false,entries: size=1, first=(t:1, i:34), METADATAENTRY(c:33)
2024-10-09 04:29:52,757 DEBUG server.RaftServer$Division (RaftServerImpl.java:logAppendEntries(1545)) - s13@group-F62FDFAA15CF: appendEntries* s12->s13#4952-t1,previous=(t:1, i:33),leaderCommit=33,initializing? false,entries: size=1, first=(t:1, i:34), METADATAENTRY(c:33)
2024-10-09 04:29:52,757 DEBUG server.RaftServer$Division (RaftServerImpl.java:submitClientRequestAsync(916)) - s12@group-F62FDFAA15CF: receive client request(RaftClientRequest:client-C0124BECB0F9->s12@group-F62FDFAA15CF, cid=4953, seq=null, RW, Message:01016300)
2024-10-09 04:29:52,758 DEBUG server.RaftServer$Division (RaftServerImpl.java:logAppendEntries(1545)) - s11@group-F62FDFAA15CF: appendEntries* reply s12<-s11#4951:OK-t1,SUCCESS,nextIndex=35,followerCommit=33,matchIndex=34
2024-10-09 04:29:52,758 DEBUG server.RaftServer$Division (LeaderStateImpl.java:addPendingRequest(529)) - s12@group-F62FDFAA15CF-LeaderStateImpl: addPendingRequest at RaftClientRequest:client-C0124BECB0F9->s12@group-F62FDFAA15CF, cid=4953, seq=null, RW, Message:01016300, entry=(t:1, i:35), STATEMACHINELOGENTRY, WRITE: logData.size=4, stateMachineData.size=0, logEntryProtoSerializedSize=0
2024-10-09 04:29:52,758 DEBUG server.RaftServer$Division (RaftServerImpl.java:logAppendEntries(1545)) - s13@group-F62FDFAA15CF: appendEntries* reply s12<-s13#4952:OK-t1,SUCCESS,nextIndex=35,followerCommit=33,matchIndex=34
2024-10-09 04:29:52,758 DEBUG server.RaftServer$Division (RaftServerImpl.java:logAppendEntries(1545)) - s11@group-F62FDFAA15CF: appendEntries* s12->s11#4955-t1,previous=(t:1, i:34),leaderCommit=33,initializing? false,entries: size=1, first=(t:1, i:35), STATEMACHINELOGENTRY, StateMachineLogEntryProto:4953@client-C0124BECB0F9
2024-10-09 04:29:52,759 DEBUG server.RaftServer$Division (RaftServerImpl.java:logAppendEntries(1545)) - s13@group-F62FDFAA15CF: appendEntries* s12->s13#4954-t1,previous=(t:1, i:34),leaderCommit=33,initializing? false,entries: size=1, first=(t:1, i:35), STATEMACHINELOGENTRY, StateMachineLogEntryProto:4953@client-C0124BECB0F9
2024-10-09 04:29:52,759 DEBUG server.RaftServer$Division (RaftServerImpl.java:logAppendEntries(1545)) - s13@group-F62FDFAA15CF: appendEntries* reply s12<-s13#4954:OK-t1,SUCCESS,nextIndex=36,followerCommit=33,matchIndex=35
2024-10-09 04:29:52,759 DEBUG server.RaftServer$Division (RaftServerImpl.java:logAppendEntries(1545)) - s11@group-F62FDFAA15CF: appendEntries* reply s12<-s11#4955:OK-t1,SUCCESS,nextIndex=36,followerCommit=33,matchIndex=35
2024-10-09 04:29:52,760 INFO  statemachine.StateMachine (ArithmeticStateMachine.java:applyTransaction(181)) - LEADER:s12-35: c = null = null
2024-10-09 04:29:52,760 DEBUG server.RaftServer$Division (RaftServerImpl.java:logAppendEntries(1545)) - s11@group-F62FDFAA15CF: appendEntries* s12->s11#4956-t1,previous=(t:1, i:35),leaderCommit=35,initializing? false,entries: size=1, first=(t:1, i:36), METADATAENTRY(c:35)
2024-10-09 04:29:52,760 DEBUG server.RaftServer$Division (RaftServerImpl.java:logAppendEntries(1545)) - s13@group-F62FDFAA15CF: appendEntries* s12->s13#4957-t1,previous=(t:1, i:35),leaderCommit=35,initializing? false,entries: size=1, first=(t:1, i:36), METADATAENTRY(c:35)
2024-10-09 04:29:52,760 DEBUG server.RaftServer$Division (RaftServerImpl.java:submitClientRequestAsync(916)) - s12@group-F62FDFAA15CF: receive client request(RaftClientRequest:client-C0124BECB0F9->s12@group-F62FDFAA15CF, cid=4958, seq=null, RW, Message:01016102403d00000000...(size=12))
2024-10-09 04:29:52,761 DEBUG server.RaftServer$Division (LeaderStateImpl.java:addPendingRequest(529)) - s12@group-F62FDFAA15CF-LeaderStateImpl: addPendingRequest at RaftClientRequest:client-C0124BECB0F9->s12@group-F62FDFAA15CF, cid=4958, seq=null, RW, Message:01016102403d00000000...(size=12), entry=(t:1, i:37), STATEMACHINELOGENTRY, WRITE: logData.size=12, stateMachineData.size=0, logEntryProtoSerializedSize=0
2024-10-09 04:29:52,761 DEBUG server.RaftServer$Division (RaftServerImpl.java:logAppendEntries(1545)) - s13@group-F62FDFAA15CF: appendEntries* reply s12<-s13#4957:OK-t1,SUCCESS,nextIndex=37,followerCommit=35,matchIndex=36
2024-10-09 04:29:52,761 DEBUG server.RaftServer$Division (RaftServerImpl.java:logAppendEntries(1545)) - s11@group-F62FDFAA15CF: appendEntries* reply s12<-s11#4956:OK-t1,SUCCESS,nextIndex=37,followerCommit=35,matchIndex=36
2024-10-09 04:29:52,762 DEBUG server.RaftServer$Division (RaftServerImpl.java:logAppendEntries(1545)) - s11@group-F62FDFAA15CF: appendEntries* s12->s11#4960-t1,previous=(t:1, i:36),leaderCommit=35,initializing? false,entries: size=1, first=(t:1, i:37), STATEMACHINELOGENTRY, StateMachineLogEntryProto:4958@client-C0124BECB0F9
2024-10-09 04:29:52,762 DEBUG server.RaftServer$Division (RaftServerImpl.java:logAppendEntries(1545)) - s13@group-F62FDFAA15CF: appendEntries* s12->s13#4959-t1,previous=(t:1, i:36),leaderCommit=35,initializing? false,entries: size=1, first=(t:1, i:37), STATEMACHINELOGENTRY, StateMachineLogEntryProto:4958@client-C0124BECB0F9
2024-10-09 04:29:52,762 DEBUG server.RaftServer$Division (RaftServerImpl.java:logAppendEntries(1545)) - s11@group-F62FDFAA15CF: appendEntries* reply s12<-s11#4960:OK-t1,SUCCESS,nextIndex=38,followerCommit=35,matchIndex=37
2024-10-09 04:29:52,763 DEBUG server.RaftServer$Division (RaftServerImpl.java:logAppendEntries(1545)) - s13@group-F62FDFAA15CF: appendEntries* reply s12<-s13#4959:OK-t1,SUCCESS,nextIndex=38,followerCommit=35,matchIndex=37
2024-10-09 04:29:52,763 INFO  statemachine.StateMachine (ArithmeticStateMachine.java:applyTransaction(181)) - LEADER:s12-37: a = 29 = 29
2024-10-09 04:29:52,763 DEBUG server.RaftServer$Division (RaftServerImpl.java:logAppendEntries(1545)) - s11@group-F62FDFAA15CF: appendEntries* s12->s11#4961-t1,previous=(t:1, i:37),leaderCommit=37,initializing? false,entries: size=1, first=(t:1, i:38), METADATAENTRY(c:37)
2024-10-09 04:29:52,763 DEBUG server.RaftServer$Division (RaftServerImpl.java:logAppendEntries(1545)) - s13@group-F62FDFAA15CF: appendEntries* s12->s13#4962-t1,previous=(t:1, i:37),leaderCommit=37,initializing? false,entries: size=1, first=(t:1, i:38), METADATAENTRY(c:37)
2024-10-09 04:29:52,764 DEBUG server.RaftServer$Division (RaftServerImpl.java:submitClientRequestAsync(916)) - s12@group-F62FDFAA15CF: receive client request(RaftClientRequest:client-C0124BECB0F9->s12@group-F62FDFAA15CF, cid=4963, seq=null, RW, Message:01016202407a40000000...(size=12))
2024-10-09 04:29:52,764 DEBUG server.RaftServer$Division (RaftServerImpl.java:logAppendEntries(1545)) - s11@group-F62FDFAA15CF: appendEntries* reply s12<-s11#4961:OK-t1,SUCCESS,nextIndex=39,followerCommit=37,matchIndex=38
2024-10-09 04:29:52,764 DEBUG server.RaftServer$Division (RaftServerImpl.java:logAppendEntries(1545)) - s13@group-F62FDFAA15CF: appendEntries* reply s12<-s13#4962:OK-t1,SUCCESS,nextIndex=39,followerCommit=37,matchIndex=38
2024-10-09 04:29:52,764 DEBUG server.RaftServer$Division (LeaderStateImpl.java:addPendingRequest(529)) - s12@group-F62FDFAA15CF-LeaderStateImpl: addPendingRequest at RaftClientRequest:client-C0124BECB0F9->s12@group-F62FDFAA15CF, cid=4963, seq=null, RW, Message:01016202407a40000000...(size=12), entry=(t:1, i:39), STATEMACHINELOGENTRY, WRITE: logData.size=12, stateMachineData.size=0, logEntryProtoSerializedSize=0
2024-10-09 04:29:52,764 DEBUG server.RaftServer$Division (RaftServerImpl.java:logAppendEntries(1545)) - s11@group-F62FDFAA15CF: appendEntries* s12->s11#4964-t1,previous=(t:1, i:38),leaderCommit=37,initializing? false,entries: size=1, first=(t:1, i:39), STATEMACHINELOGENTRY, StateMachineLogEntryProto:4963@client-C0124BECB0F9
2024-10-09 04:29:52,765 DEBUG server.RaftServer$Division (RaftServerImpl.java:logAppendEntries(1545)) - s13@group-F62FDFAA15CF: appendEntries* s12->s13#4965-t1,previous=(t:1, i:38),leaderCommit=38,initializing? false,entries: size=1, first=(t:1, i:39), STATEMACHINELOGENTRY, StateMachineLogEntryProto:4963@client-C0124BECB0F9
2024-10-09 04:29:52,766 DEBUG server.RaftServer$Division (RaftServerImpl.java:logAppendEntries(1545)) - s13@group-F62FDFAA15CF: appendEntries* reply s12<-s13#4965:OK-t1,SUCCESS,nextIndex=40,followerCommit=38,matchIndex=39
2024-10-09 04:29:52,766 DEBUG server.RaftServer$Division (RaftServerImpl.java:logAppendEntries(1545)) - s11@group-F62FDFAA15CF: appendEntries* reply s12<-s11#4964:OK-t1,SUCCESS,nextIndex=40,followerCommit=37,matchIndex=39
2024-10-09 04:29:52,766 INFO  statemachine.StateMachine (ArithmeticStateMachine.java:applyTransaction(181)) - LEADER:s12-39: b = 420 = 420
2024-10-09 04:29:52,766 DEBUG server.RaftServer$Division (RaftServerImpl.java:logAppendEntries(1545)) - s11@group-F62FDFAA15CF: appendEntries* s12->s11#4966-t1,previous=(t:1, i:39),leaderCommit=39,initializing? false,entries: size=1, first=(t:1, i:40), METADATAENTRY(c:39)
2024-10-09 04:29:52,766 DEBUG server.RaftServer$Division (RaftServerImpl.java:logAppendEntries(1545)) - s13@group-F62FDFAA15CF: appendEntries* s12->s13#4967-t1,previous=(t:1, i:39),leaderCommit=39,initializing? false,entries: size=1, first=(t:1, i:40), METADATAENTRY(c:39)
2024-10-09 04:29:52,767 DEBUG server.RaftServer$Division (RaftServerImpl.java:submitClientRequestAsync(916)) - s12@group-F62FDFAA15CF: receive client request(RaftClientRequest:client-C0124BECB0F9->s12@group-F62FDFAA15CF, cid=4968, seq=null, RW, Message:01016304010300040201...(size=17))
2024-10-09 04:29:52,767 DEBUG server.RaftServer$Division (LeaderStateImpl.java:addPendingRequest(529)) - s12@group-F62FDFAA15CF-LeaderStateImpl: addPendingRequest at RaftClientRequest:client-C0124BECB0F9->s12@group-F62FDFAA15CF, cid=4968, seq=null, RW, Message:01016304010300040201...(size=17), entry=(t:1, i:41), STATEMACHINELOGENTRY, WRITE: logData.size=17, stateMachineData.size=0, logEntryProtoSerializedSize=0
2024-10-09 04:29:52,767 DEBUG server.RaftServer$Division (RaftServerImpl.java:logAppendEntries(1545)) - s13@group-F62FDFAA15CF: appendEntries* reply s12<-s13#4967:OK-t1,SUCCESS,nextIndex=41,followerCommit=39,matchIndex=40
2024-10-09 04:29:52,767 DEBUG server.RaftServer$Division (RaftServerImpl.java:logAppendEntries(1545)) - s11@group-F62FDFAA15CF: appendEntries* reply s12<-s11#4966:OK-t1,SUCCESS,nextIndex=41,followerCommit=39,matchIndex=40
2024-10-09 04:29:52,768 DEBUG server.RaftServer$Division (RaftServerImpl.java:logAppendEntries(1545)) - s11@group-F62FDFAA15CF: appendEntries* s12->s11#4970-t1,previous=(t:1, i:40),leaderCommit=39,initializing? false,entries: size=1, first=(t:1, i:41), STATEMACHINELOGENTRY, StateMachineLogEntryProto:4968@client-C0124BECB0F9
2024-10-09 04:29:52,768 DEBUG server.RaftServer$Division (RaftServerImpl.java:logAppendEntries(1545)) - s13@group-F62FDFAA15CF: appendEntries* s12->s13#4969-t1,previous=(t:1, i:40),leaderCommit=39,initializing? false,entries: size=1, first=(t:1, i:41), STATEMACHINELOGENTRY, StateMachineLogEntryProto:4968@client-C0124BECB0F9
2024-10-09 04:29:52,769 DEBUG server.RaftServer$Division (RaftServerImpl.java:logAppendEntries(1545)) - s11@group-F62FDFAA15CF: appendEntries* reply s12<-s11#4970:OK-t1,SUCCESS,nextIndex=42,followerCommit=39,matchIndex=41
2024-10-09 04:29:52,769 DEBUG server.RaftServer$Division (RaftServerImpl.java:logAppendEntries(1545)) - s13@group-F62FDFAA15CF: appendEntries* reply s12<-s13#4969:OK-t1,SUCCESS,nextIndex=42,followerCommit=39,matchIndex=41
2024-10-09 04:29:52,769 INFO  statemachine.StateMachine (ArithmeticStateMachine.java:applyTransaction(181)) - LEADER:s12-41: c = √(a^2 + b^2) = 421
2024-10-09 04:29:52,769 DEBUG server.RaftServer$Division (RaftServerImpl.java:logAppendEntries(1545)) - s11@group-F62FDFAA15CF: appendEntries* s12->s11#4971-t1,previous=(t:1, i:41),leaderCommit=41,initializing? false,entries: size=1, first=(t:1, i:42), METADATAENTRY(c:41)
2024-10-09 04:29:52,770 DEBUG server.RaftServer$Division (RaftServerImpl.java:logAppendEntries(1545)) - s13@group-F62FDFAA15CF: appendEntries* s12->s13#4972-t1,previous=(t:1, i:41),leaderCommit=41,initializing? false,entries: size=1, first=(t:1, i:42), METADATAENTRY(c:41)
2024-10-09 04:29:52,770 DEBUG server.RaftServer$Division (RaftServerImpl.java:submitClientRequestAsync(916)) - s12@group-F62FDFAA15CF: receive client request(RaftClientRequest:client-C0124BECB0F9->s12@group-F62FDFAA15CF, cid=4973, seq=null, RW, Message:01016100)
2024-10-09 04:29:52,770 DEBUG server.RaftServer$Division (RaftServerImpl.java:logAppendEntries(1545)) - s13@group-F62FDFAA15CF: appendEntries* reply s12<-s13#4972:OK-t1,SUCCESS,nextIndex=43,followerCommit=41,matchIndex=42
2024-10-09 04:29:52,770 DEBUG server.RaftServer$Division (RaftServerImpl.java:logAppendEntries(1545)) - s11@group-F62FDFAA15CF: appendEntries* reply s12<-s11#4971:OK-t1,SUCCESS,nextIndex=43,followerCommit=41,matchIndex=42
2024-10-09 04:29:52,770 DEBUG server.RaftServer$Division (LeaderStateImpl.java:addPendingRequest(529)) - s12@group-F62FDFAA15CF-LeaderStateImpl: addPendingRequest at RaftClientRequest:client-C0124BECB0F9->s12@group-F62FDFAA15CF, cid=4973, seq=null, RW, Message:01016100, entry=(t:1, i:43), STATEMACHINELOGENTRY, WRITE: logData.size=4, stateMachineData.size=0, logEntryProtoSerializedSize=0
2024-10-09 04:29:52,771 DEBUG server.RaftServer$Division (RaftServerImpl.java:logAppendEntries(1545)) - s11@group-F62FDFAA15CF: appendEntries* s12->s11#4974-t1,previous=(t:1, i:42),leaderCommit=42,initializing? false,entries: size=1, first=(t:1, i:43), STATEMACHINELOGENTRY, StateMachineLogEntryProto:4973@client-C0124BECB0F9
2024-10-09 04:29:52,772 DEBUG server.RaftServer$Division (RaftServerImpl.java:logAppendEntries(1545)) - s11@group-F62FDFAA15CF: appendEntries* reply s12<-s11#4974:OK-t1,SUCCESS,nextIndex=44,followerCommit=42,matchIndex=43
2024-10-09 04:29:52,772 DEBUG server.RaftServer$Division (RaftServerImpl.java:logAppendEntries(1545)) - s13@group-F62FDFAA15CF: appendEntries* s12->s13#4975-t1,previous=(t:1, i:42),leaderCommit=42,initializing? false,entries: size=1, first=(t:1, i:43), STATEMACHINELOGENTRY, StateMachineLogEntryProto:4973@client-C0124BECB0F9
2024-10-09 04:29:52,772 INFO  statemachine.StateMachine (ArithmeticStateMachine.java:applyTransaction(181)) - LEADER:s12-43: a = null = null
2024-10-09 04:29:52,772 DEBUG server.RaftServer$Division (RaftServerImpl.java:logAppendEntries(1545)) - s13@group-F62FDFAA15CF: appendEntries* reply s12<-s13#4975:OK-t1,SUCCESS,nextIndex=44,followerCommit=42,matchIndex=43
2024-10-09 04:29:52,773 DEBUG server.RaftServer$Division (RaftServerImpl.java:logAppendEntries(1545)) - s13@group-F62FDFAA15CF: appendEntries* s12->s13#4977-t1,previous=(t:1, i:43),leaderCommit=43,initializing? false,entries: size=1, first=(t:1, i:44), METADATAENTRY(c:43)
2024-10-09 04:29:52,773 DEBUG server.RaftServer$Division (RaftServerImpl.java:logAppendEntries(1545)) - s11@group-F62FDFAA15CF: appendEntries* s12->s11#4976-t1,previous=(t:1, i:43),leaderCommit=43,initializing? false,entries: size=1, first=(t:1, i:44), METADATAENTRY(c:43)
2024-10-09 04:29:52,773 DEBUG server.RaftServer$Division (RaftServerImpl.java:submitClientRequestAsync(916)) - s12@group-F62FDFAA15CF: receive client request(RaftClientRequest:client-C0124BECB0F9->s12@group-F62FDFAA15CF, cid=4978, seq=null, RW, Message:01016200)
2024-10-09 04:29:52,773 DEBUG server.RaftServer$Division (LeaderStateImpl.java:addPendingRequest(529)) - s12@group-F62FDFAA15CF-LeaderStateImpl: addPendingRequest at RaftClientRequest:client-C0124BECB0F9->s12@group-F62FDFAA15CF, cid=4978, seq=null, RW, Message:01016200, entry=(t:1, i:45), STATEMACHINELOGENTRY, WRITE: logData.size=4, stateMachineData.size=0, logEntryProtoSerializedSize=0
2024-10-09 04:29:52,774 DEBUG server.RaftServer$Division (RaftServerImpl.java:logAppendEntries(1545)) - s11@group-F62FDFAA15CF: appendEntries* reply s12<-s11#4976:OK-t1,SUCCESS,nextIndex=45,followerCommit=43,matchIndex=44
2024-10-09 04:29:52,774 DEBUG server.RaftServer$Division (RaftServerImpl.java:logAppendEntries(1545)) - s13@group-F62FDFAA15CF: appendEntries* reply s12<-s13#4977:OK-t1,SUCCESS,nextIndex=45,followerCommit=43,matchIndex=44
2024-10-09 04:29:52,774 DEBUG server.RaftServer$Division (RaftServerImpl.java:logAppendEntries(1545)) - s11@group-F62FDFAA15CF: appendEntries* s12->s11#4979-t1,previous=(t:1, i:44),leaderCommit=43,initializing? false,entries: size=1, first=(t:1, i:45), STATEMACHINELOGENTRY, StateMachineLogEntryProto:4978@client-C0124BECB0F9
2024-10-09 04:29:52,774 DEBUG server.RaftServer$Division (RaftServerImpl.java:logAppendEntries(1545)) - s13@group-F62FDFAA15CF: appendEntries* s12->s13#4980-t1,previous=(t:1, i:44),leaderCommit=44,initializing? false,entries: size=1, first=(t:1, i:45), STATEMACHINELOGENTRY, StateMachineLogEntryProto:4978@client-C0124BECB0F9
2024-10-09 04:29:52,775 DEBUG server.RaftServer$Division (RaftServerImpl.java:logAppendEntries(1545)) - s13@group-F62FDFAA15CF: appendEntries* reply s12<-s13#4980:OK-t1,SUCCESS,nextIndex=46,followerCommit=44,matchIndex=45
2024-10-09 04:29:52,775 DEBUG server.RaftServer$Division (RaftServerImpl.java:logAppendEntries(1545)) - s11@group-F62FDFAA15CF: appendEntries* reply s12<-s11#4979:OK-t1,SUCCESS,nextIndex=46,followerCommit=43,matchIndex=45
2024-10-09 04:29:52,775 INFO  statemachine.StateMachine (ArithmeticStateMachine.java:applyTransaction(181)) - LEADER:s12-45: b = null = null
2024-10-09 04:29:52,775 DEBUG server.RaftServer$Division (RaftServerImpl.java:logAppendEntries(1545)) - s13@group-F62FDFAA15CF: appendEntries* s12->s13#4981-t1,previous=(t:1, i:45),leaderCommit=45,initializing? false,entries: size=1, first=(t:1, i:46), METADATAENTRY(c:45)
2024-10-09 04:29:52,776 DEBUG server.RaftServer$Division (RaftServerImpl.java:logAppendEntries(1545)) - s11@group-F62FDFAA15CF: appendEntries* s12->s11#4982-t1,previous=(t:1, i:45),leaderCommit=45,initializing? false,entries: size=1, first=(t:1, i:46), METADATAENTRY(c:45)
2024-10-09 04:29:52,776 DEBUG server.RaftServer$Division (RaftServerImpl.java:submitClientRequestAsync(916)) - s12@group-F62FDFAA15CF: receive client request(RaftClientRequest:client-C0124BECB0F9->s12@group-F62FDFAA15CF, cid=4983, seq=null, RW, Message:01016300)
2024-10-09 04:29:52,776 DEBUG server.RaftServer$Division (RaftServerImpl.java:logAppendEntries(1545)) - s11@group-F62FDFAA15CF: appendEntries* reply s12<-s11#4982:OK-t1,SUCCESS,nextIndex=47,followerCommit=45,matchIndex=46
2024-10-09 04:29:52,776 DEBUG server.RaftServer$Division (RaftServerImpl.java:logAppendEntries(1545)) - s13@group-F62FDFAA15CF: appendEntries* reply s12<-s13#4981:OK-t1,SUCCESS,nextIndex=47,followerCommit=45,matchIndex=46
2024-10-09 04:29:52,776 DEBUG server.RaftServer$Division (LeaderStateImpl.java:addPendingRequest(529)) - s12@group-F62FDFAA15CF-LeaderStateImpl: addPendingRequest at RaftClientRequest:client-C0124BECB0F9->s12@group-F62FDFAA15CF, cid=4983, seq=null, RW, Message:01016300, entry=(t:1, i:47), STATEMACHINELOGENTRY, WRITE: logData.size=4, stateMachineData.size=0, logEntryProtoSerializedSize=0
2024-10-09 04:29:52,777 DEBUG server.RaftServer$Division (RaftServerImpl.java:logAppendEntries(1545)) - s11@group-F62FDFAA15CF: appendEntries* s12->s11#4984-t1,previous=(t:1, i:46),leaderCommit=46,initializing? false,entries: size=1, first=(t:1, i:47), STATEMACHINELOGENTRY, StateMachineLogEntryProto:4983@client-C0124BECB0F9
2024-10-09 04:29:52,777 DEBUG server.RaftServer$Division (RaftServerImpl.java:logAppendEntries(1545)) - s13@group-F62FDFAA15CF: appendEntries* s12->s13#4985-t1,previous=(t:1, i:46),leaderCommit=46,initializing? false,entries: size=1, first=(t:1, i:47), STATEMACHINELOGENTRY, StateMachineLogEntryProto:4983@client-C0124BECB0F9
2024-10-09 04:29:52,777 DEBUG server.RaftServer$Division (RaftServerImpl.java:logAppendEntries(1545)) - s13@group-F62FDFAA15CF: appendEntries* reply s12<-s13#4985:OK-t1,SUCCESS,nextIndex=48,followerCommit=46,matchIndex=47
2024-10-09 04:29:52,778 DEBUG server.RaftServer$Division (RaftServerImpl.java:logAppendEntries(1545)) - s11@group-F62FDFAA15CF: appendEntries* reply s12<-s11#4984:OK-t1,SUCCESS,nextIndex=48,followerCommit=46,matchIndex=47
2024-10-09 04:29:52,778 INFO  statemachine.StateMachine (ArithmeticStateMachine.java:applyTransaction(181)) - LEADER:s12-47: c = null = null
2024-10-09 04:29:52,778 DEBUG server.RaftServer$Division (RaftServerImpl.java:logAppendEntries(1545)) - s11@group-F62FDFAA15CF: appendEntries* s12->s11#4986-t1,previous=(t:1, i:47),leaderCommit=47,initializing? false,entries: size=1, first=(t:1, i:48), METADATAENTRY(c:47)
2024-10-09 04:29:52,778 DEBUG server.RaftServer$Division (RaftServerImpl.java:logAppendEntries(1545)) - s13@group-F62FDFAA15CF: appendEntries* s12->s13#4987-t1,previous=(t:1, i:47),leaderCommit=47,initializing? false,entries: size=1, first=(t:1, i:48), METADATAENTRY(c:47)
2024-10-09 04:29:52,778 DEBUG server.RaftServer$Division (RaftServerImpl.java:submitClientRequestAsync(916)) - s12@group-F62FDFAA15CF: receive client request(RaftClientRequest:client-C0124BECB0F9->s12@group-F62FDFAA15CF, cid=4988, seq=null, RW, Message:01016102403f00000000...(size=12))
2024-10-09 04:29:52,779 DEBUG server.RaftServer$Division (RaftServerImpl.java:logAppendEntries(1545)) - s13@group-F62FDFAA15CF: appendEntries* reply s12<-s13#4987:OK-t1,SUCCESS,nextIndex=49,followerCommit=47,matchIndex=48
2024-10-09 04:29:52,779 DEBUG server.RaftServer$Division (RaftServerImpl.java:logAppendEntries(1545)) - s11@group-F62FDFAA15CF: appendEntries* reply s12<-s11#4986:OK-t1,SUCCESS,nextIndex=49,followerCommit=47,matchIndex=48
2024-10-09 04:29:52,779 DEBUG server.RaftServer$Division (LeaderStateImpl.java:addPendingRequest(529)) - s12@group-F62FDFAA15CF-LeaderStateImpl: addPendingRequest at RaftClientRequest:client-C0124BECB0F9->s12@group-F62FDFAA15CF, cid=4988, seq=null, RW, Message:01016102403f00000000...(size=12), entry=(t:1, i:49), STATEMACHINELOGENTRY, WRITE: logData.size=12, stateMachineData.size=0, logEntryProtoSerializedSize=0
2024-10-09 04:29:52,780 DEBUG server.RaftServer$Division (RaftServerImpl.java:logAppendEntries(1545)) - s11@group-F62FDFAA15CF: appendEntries* s12->s11#4989-t1,previous=(t:1, i:48),leaderCommit=48,initializing? false,entries: size=1, first=(t:1, i:49), STATEMACHINELOGENTRY, StateMachineLogEntryProto:4988@client-C0124BECB0F9
2024-10-09 04:29:52,780 DEBUG server.RaftServer$Division (RaftServerImpl.java:logAppendEntries(1545)) - s13@group-F62FDFAA15CF: appendEntries* s12->s13#4990-t1,previous=(t:1, i:48),leaderCommit=48,initializing? false,entries: size=1, first=(t:1, i:49), STATEMACHINELOGENTRY, StateMachineLogEntryProto:4988@client-C0124BECB0F9
2024-10-09 04:29:52,781 DEBUG server.RaftServer$Division (RaftServerImpl.java:logAppendEntries(1545)) - s11@group-F62FDFAA15CF: appendEntries* reply s12<-s11#4989:OK-t1,SUCCESS,nextIndex=50,followerCommit=48,matchIndex=49
2024-10-09 04:29:52,781 DEBUG server.RaftServer$Division (RaftServerImpl.java:logAppendEntries(1545)) - s13@group-F62FDFAA15CF: appendEntries* reply s12<-s13#4990:OK-t1,SUCCESS,nextIndex=50,followerCommit=48,matchIndex=49
2024-10-09 04:29:52,781 INFO  statemachine.StateMachine (ArithmeticStateMachine.java:applyTransaction(181)) - LEADER:s12-49: a = 31 = 31
2024-10-09 04:29:52,781 DEBUG server.RaftServer$Division (RaftServerImpl.java:logAppendEntries(1545)) - s13@group-F62FDFAA15CF: appendEntries* s12->s13#4992-t1,previous=(t:1, i:49),leaderCommit=49,initializing? false,entries: size=1, first=(t:1, i:50), METADATAENTRY(c:49)
2024-10-09 04:29:52,781 DEBUG server.RaftServer$Division (RaftServerImpl.java:logAppendEntries(1545)) - s11@group-F62FDFAA15CF: appendEntries* s12->s11#4991-t1,previous=(t:1, i:49),leaderCommit=49,initializing? false,entries: size=1, first=(t:1, i:50), METADATAENTRY(c:49)
2024-10-09 04:29:52,781 DEBUG server.RaftServer$Division (RaftServerImpl.java:submitClientRequestAsync(916)) - s12@group-F62FDFAA15CF: receive client request(RaftClientRequest:client-C0124BECB0F9->s12@group-F62FDFAA15CF, cid=4993, seq=null, RW, Message:01016202407e00000000...(size=12))
2024-10-09 04:29:52,782 DEBUG server.RaftServer$Division (LeaderStateImpl.java:addPendingRequest(529)) - s12@group-F62FDFAA15CF-LeaderStateImpl: addPendingRequest at RaftClientRequest:client-C0124BECB0F9->s12@group-F62FDFAA15CF, cid=4993, seq=null, RW, Message:01016202407e00000000...(size=12), entry=(t:1, i:51), STATEMACHINELOGENTRY, WRITE: logData.size=12, stateMachineData.size=0, logEntryProtoSerializedSize=0
2024-10-09 04:29:52,782 DEBUG server.RaftServer$Division (RaftServerImpl.java:logAppendEntries(1545)) - s13@group-F62FDFAA15CF: appendEntries* reply s12<-s13#4992:OK-t1,SUCCESS,nextIndex=51,followerCommit=49,matchIndex=50
2024-10-09 04:29:52,782 DEBUG server.RaftServer$Division (RaftServerImpl.java:logAppendEntries(1545)) - s11@group-F62FDFAA15CF: appendEntries* reply s12<-s11#4991:OK-t1,SUCCESS,nextIndex=51,followerCommit=49,matchIndex=50
2024-10-09 04:29:52,783 DEBUG server.RaftServer$Division (RaftServerImpl.java:logAppendEntries(1545)) - s11@group-F62FDFAA15CF: appendEntries* s12->s11#4994-t1,previous=(t:1, i:50),leaderCommit=50,initializing? false,entries: size=1, first=(t:1, i:51), STATEMACHINELOGENTRY, StateMachineLogEntryProto:4993@client-C0124BECB0F9
2024-10-09 04:29:52,783 DEBUG server.RaftServer$Division (RaftServerImpl.java:logAppendEntries(1545)) - s13@group-F62FDFAA15CF: appendEntries* s12->s13#4995-t1,previous=(t:1, i:50),leaderCommit=50,initializing? false,entries: size=1, first=(t:1, i:51), STATEMACHINELOGENTRY, StateMachineLogEntryProto:4993@client-C0124BECB0F9
2024-10-09 04:29:52,783 DEBUG server.RaftServer$Division (RaftServerImpl.java:logAppendEntries(1545)) - s11@group-F62FDFAA15CF: appendEntries* reply s12<-s11#4994:OK-t1,SUCCESS,nextIndex=52,followerCommit=50,matchIndex=51
2024-10-09 04:29:52,784 INFO  statemachine.StateMachine (ArithmeticStateMachine.java:applyTransaction(181)) - LEADER:s12-51: b = 480 = 480
2024-10-09 04:29:52,784 DEBUG server.RaftServer$Division (RaftServerImpl.java:logAppendEntries(1545)) - s13@group-F62FDFAA15CF: appendEntries* reply s12<-s13#4995:OK-t1,SUCCESS,nextIndex=52,followerCommit=50,matchIndex=51
2024-10-09 04:29:52,784 DEBUG server.RaftServer$Division (RaftServerImpl.java:logAppendEntries(1545)) - s13@group-F62FDFAA15CF: appendEntries* s12->s13#4998-t1,previous=(t:1, i:51),leaderCommit=51,initializing? false,entries: size=1, first=(t:1, i:52), METADATAENTRY(c:51)
2024-10-09 04:29:52,784 DEBUG server.RaftServer$Division (RaftServerImpl.java:submitClientRequestAsync(916)) - s12@group-F62FDFAA15CF: receive client request(RaftClientRequest:client-C0124BECB0F9->s12@group-F62FDFAA15CF, cid=4997, seq=null, RW, Message:01016304010300040201...(size=17))
2024-10-09 04:29:52,785 DEBUG server.RaftServer$Division (LeaderStateImpl.java:addPendingRequest(529)) - s12@group-F62FDFAA15CF-LeaderStateImpl: addPendingRequest at RaftClientRequest:client-C0124BECB0F9->s12@group-F62FDFAA15CF, cid=4997, seq=null, RW, Message:01016304010300040201...(size=17), entry=(t:1, i:53), STATEMACHINELOGENTRY, WRITE: logData.size=17, stateMachineData.size=0, logEntryProtoSerializedSize=0
2024-10-09 04:29:52,784 DEBUG server.RaftServer$Division (RaftServerImpl.java:logAppendEntries(1545)) - s11@group-F62FDFAA15CF: appendEntries* s12->s11#4996-t1,previous=(t:1, i:51),leaderCommit=51,initializing? false,entries: size=1, first=(t:1, i:52), METADATAENTRY(c:51)
2024-10-09 04:29:52,785 DEBUG server.RaftServer$Division (RaftServerImpl.java:logAppendEntries(1545)) - s13@group-F62FDFAA15CF: appendEntries* reply s12<-s13#4998:OK-t1,SUCCESS,nextIndex=53,followerCommit=51,matchIndex=52
2024-10-09 04:29:52,785 DEBUG server.RaftServer$Division (RaftServerImpl.java:logAppendEntries(1545)) - s11@group-F62FDFAA15CF: appendEntries* reply s12<-s11#4996:OK-t1,SUCCESS,nextIndex=53,followerCommit=51,matchIndex=52
2024-10-09 04:29:52,785 DEBUG server.RaftServer$Division (RaftServerImpl.java:logAppendEntries(1545)) - s13@group-F62FDFAA15CF: appendEntries* s12->s13#4999-t1,previous=(t:1, i:52),leaderCommit=51,initializing? false,entries: size=1, first=(t:1, i:53), STATEMACHINELOGENTRY, StateMachineLogEntryProto:4997@client-C0124BECB0F9
2024-10-09 04:29:52,786 DEBUG server.RaftServer$Division (RaftServerImpl.java:logAppendEntries(1545)) - s11@group-F62FDFAA15CF: appendEntries* s12->s11#5000-t1,previous=(t:1, i:52),leaderCommit=52,initializing? false,entries: size=1, first=(t:1, i:53), STATEMACHINELOGENTRY, StateMachineLogEntryProto:4997@client-C0124BECB0F9
2024-10-09 04:29:52,786 DEBUG server.RaftServer$Division (RaftServerImpl.java:logAppendEntries(1545)) - s13@group-F62FDFAA15CF: appendEntries* reply s12<-s13#4999:OK-t1,SUCCESS,nextIndex=54,followerCommit=51,matchIndex=53
2024-10-09 04:29:52,786 DEBUG server.RaftServer$Division (RaftServerImpl.java:logAppendEntries(1545)) - s11@group-F62FDFAA15CF: appendEntries* reply s12<-s11#5000:OK-t1,SUCCESS,nextIndex=54,followerCommit=52,matchIndex=53
2024-10-09 04:29:52,786 INFO  statemachine.StateMachine (ArithmeticStateMachine.java:applyTransaction(181)) - LEADER:s12-53: c = √(a^2 + b^2) = 481
2024-10-09 04:29:52,787 DEBUG server.RaftServer$Division (RaftServerImpl.java:logAppendEntries(1545)) - s13@group-F62FDFAA15CF: appendEntries* s12->s13#5002-t1,previous=(t:1, i:53),leaderCommit=53,initializing? false,entries: size=1, first=(t:1, i:54), METADATAENTRY(c:53)
2024-10-09 04:29:52,787 DEBUG server.RaftServer$Division (RaftServerImpl.java:logAppendEntries(1545)) - s11@group-F62FDFAA15CF: appendEntries* s12->s11#5001-t1,previous=(t:1, i:53),leaderCommit=53,initializing? false,entries: size=1, first=(t:1, i:54), METADATAENTRY(c:53)
2024-10-09 04:29:52,787 DEBUG server.RaftServer$Division (RaftServerImpl.java:submitClientRequestAsync(916)) - s12@group-F62FDFAA15CF: receive client request(RaftClientRequest:client-C0124BECB0F9->s12@group-F62FDFAA15CF, cid=5003, seq=null, RW, Message:01016100)
2024-10-09 04:29:52,787 DEBUG server.RaftServer$Division (RaftServerImpl.java:logAppendEntries(1545)) - s13@group-F62FDFAA15CF: appendEntries* reply s12<-s13#5002:OK-t1,SUCCESS,nextIndex=55,followerCommit=53,matchIndex=54
2024-10-09 04:29:52,788 DEBUG server.RaftServer$Division (LeaderStateImpl.java:addPendingRequest(529)) - s12@group-F62FDFAA15CF-LeaderStateImpl: addPendingRequest at RaftClientRequest:client-C0124BECB0F9->s12@group-F62FDFAA15CF, cid=5003, seq=null, RW, Message:01016100, entry=(t:1, i:55), STATEMACHINELOGENTRY, WRITE: logData.size=4, stateMachineData.size=0, logEntryProtoSerializedSize=0
2024-10-09 04:29:52,788 DEBUG server.RaftServer$Division (RaftServerImpl.java:logAppendEntries(1545)) - s11@group-F62FDFAA15CF: appendEntries* reply s12<-s11#5001:OK-t1,SUCCESS,nextIndex=55,followerCommit=53,matchIndex=54
2024-10-09 04:29:52,788 DEBUG server.RaftServer$Division (RaftServerImpl.java:logAppendEntries(1545)) - s11@group-F62FDFAA15CF: appendEntries* s12->s11#5005-t1,previous=(t:1, i:54),leaderCommit=54,initializing? false,entries: size=1, first=(t:1, i:55), STATEMACHINELOGENTRY, StateMachineLogEntryProto:5003@client-C0124BECB0F9
2024-10-09 04:29:52,788 DEBUG server.RaftServer$Division (RaftServerImpl.java:logAppendEntries(1545)) - s13@group-F62FDFAA15CF: appendEntries* s12->s13#5004-t1,previous=(t:1, i:54),leaderCommit=54,initializing? false,entries: size=1, first=(t:1, i:55), STATEMACHINELOGENTRY, StateMachineLogEntryProto:5003@client-C0124BECB0F9
2024-10-09 04:29:52,789 DEBUG server.RaftServer$Division (RaftServerImpl.java:logAppendEntries(1545)) - s11@group-F62FDFAA15CF: appendEntries* reply s12<-s11#5005:OK-t1,SUCCESS,nextIndex=56,followerCommit=54,matchIndex=55
2024-10-09 04:29:52,789 INFO  statemachine.StateMachine (ArithmeticStateMachine.java:applyTransaction(181)) - LEADER:s12-55: a = null = null
2024-10-09 04:29:52,789 DEBUG server.RaftServer$Division (RaftServerImpl.java:logAppendEntries(1545)) - s13@group-F62FDFAA15CF: appendEntries* reply s12<-s13#5004:OK-t1,SUCCESS,nextIndex=56,followerCommit=54,matchIndex=55
2024-10-09 04:29:52,789 DEBUG server.RaftServer$Division (RaftServerImpl.java:submitClientRequestAsync(916)) - s12@group-F62FDFAA15CF: receive client request(RaftClientRequest:client-C0124BECB0F9->s12@group-F62FDFAA15CF, cid=5007, seq=null, RW, Message:01016200)
2024-10-09 04:29:52,790 DEBUG server.RaftServer$Division (LeaderStateImpl.java:addPendingRequest(529)) - s12@group-F62FDFAA15CF-LeaderStateImpl: addPendingRequest at RaftClientRequest:client-C0124BECB0F9->s12@group-F62FDFAA15CF, cid=5007, seq=null, RW, Message:01016200, entry=(t:1, i:57), STATEMACHINELOGENTRY, WRITE: logData.size=4, stateMachineData.size=0, logEntryProtoSerializedSize=0
2024-10-09 04:29:52,790 DEBUG server.RaftServer$Division (RaftServerImpl.java:logAppendEntries(1545)) - s11@group-F62FDFAA15CF: appendEntries* s12->s11#5006-t1,previous=(t:1, i:55),leaderCommit=55,initializing? false,entries: size=1, first=(t:1, i:56), METADATAENTRY(c:55)
2024-10-09 04:29:52,790 DEBUG server.RaftServer$Division (RaftServerImpl.java:logAppendEntries(1545)) - s13@group-F62FDFAA15CF: appendEntries* s12->s13#5008-t1,previous=(t:1, i:55),leaderCommit=55,initializing? false,entries: size=1, first=(t:1, i:56), METADATAENTRY(c:55)
2024-10-09 04:29:52,790 DEBUG server.RaftServer$Division (RaftServerImpl.java:logAppendEntries(1545)) - s11@group-F62FDFAA15CF: appendEntries* reply s12<-s11#5006:OK-t1,SUCCESS,nextIndex=57,followerCommit=55,matchIndex=56
2024-10-09 04:29:52,791 DEBUG server.RaftServer$Division (RaftServerImpl.java:logAppendEntries(1545)) - s13@group-F62FDFAA15CF: appendEntries* reply s12<-s13#5008:OK-t1,SUCCESS,nextIndex=57,followerCommit=55,matchIndex=56
2024-10-09 04:29:52,791 DEBUG server.RaftServer$Division (RaftServerImpl.java:logAppendEntries(1545)) - s11@group-F62FDFAA15CF: appendEntries* s12->s11#5009-t1,previous=(t:1, i:56),leaderCommit=55,initializing? false,entries: size=1, first=(t:1, i:57), STATEMACHINELOGENTRY, StateMachineLogEntryProto:5007@client-C0124BECB0F9
2024-10-09 04:29:52,791 DEBUG server.RaftServer$Division (RaftServerImpl.java:logAppendEntries(1545)) - s13@group-F62FDFAA15CF: appendEntries* s12->s13#5010-t1,previous=(t:1, i:56),leaderCommit=56,initializing? false,entries: size=1, first=(t:1, i:57), STATEMACHINELOGENTRY, StateMachineLogEntryProto:5007@client-C0124BECB0F9
2024-10-09 04:29:52,791 DEBUG server.RaftServer$Division (RaftServerImpl.java:logAppendEntries(1545)) - s11@group-F62FDFAA15CF: appendEntries* reply s12<-s11#5009:OK-t1,SUCCESS,nextIndex=58,followerCommit=55,matchIndex=57
2024-10-09 04:29:52,792 INFO  statemachine.StateMachine (ArithmeticStateMachine.java:applyTransaction(181)) - LEADER:s12-57: b = null = null
2024-10-09 04:29:52,792 DEBUG server.RaftServer$Division (RaftServerImpl.java:logAppendEntries(1545)) - s13@group-F62FDFAA15CF: appendEntries* reply s12<-s13#5010:OK-t1,SUCCESS,nextIndex=58,followerCommit=56,matchIndex=57
2024-10-09 04:29:52,792 DEBUG server.RaftServer$Division (RaftServerImpl.java:submitClientRequestAsync(916)) - s12@group-F62FDFAA15CF: receive client request(RaftClientRequest:client-C0124BECB0F9->s12@group-F62FDFAA15CF, cid=5012, seq=null, RW, Message:01016300)
2024-10-09 04:29:52,792 DEBUG server.RaftServer$Division (LeaderStateImpl.java:addPendingRequest(529)) - s12@group-F62FDFAA15CF-LeaderStateImpl: addPendingRequest at RaftClientRequest:client-C0124BECB0F9->s12@group-F62FDFAA15CF, cid=5012, seq=null, RW, Message:01016300, entry=(t:1, i:59), STATEMACHINELOGENTRY, WRITE: logData.size=4, stateMachineData.size=0, logEntryProtoSerializedSize=0
2024-10-09 04:29:52,793 DEBUG server.RaftServer$Division (RaftServerImpl.java:logAppendEntries(1545)) - s13@group-F62FDFAA15CF: appendEntries* s12->s13#5013-t1,previous=(t:1, i:57),leaderCommit=57,initializing? false,entries: size=1, first=(t:1, i:58), METADATAENTRY(c:57)
2024-10-09 04:29:52,793 DEBUG server.RaftServer$Division (RaftServerImpl.java:logAppendEntries(1545)) - s11@group-F62FDFAA15CF: appendEntries* s12->s11#5011-t1,previous=(t:1, i:57),leaderCommit=57,initializing? false,entries: size=1, first=(t:1, i:58), METADATAENTRY(c:57)
2024-10-09 04:29:52,793 DEBUG server.RaftServer$Division (RaftServerImpl.java:logAppendEntries(1545)) - s13@group-F62FDFAA15CF: appendEntries* reply s12<-s13#5013:OK-t1,SUCCESS,nextIndex=59,followerCommit=57,matchIndex=58
2024-10-09 04:29:52,793 DEBUG server.RaftServer$Division (RaftServerImpl.java:logAppendEntries(1545)) - s11@group-F62FDFAA15CF: appendEntries* reply s12<-s11#5011:OK-t1,SUCCESS,nextIndex=59,followerCommit=57,matchIndex=58
2024-10-09 04:29:52,794 DEBUG server.RaftServer$Division (RaftServerImpl.java:logAppendEntries(1545)) - s11@group-F62FDFAA15CF: appendEntries* s12->s11#5015-t1,previous=(t:1, i:58),leaderCommit=57,initializing? false,entries: size=1, first=(t:1, i:59), STATEMACHINELOGENTRY, StateMachineLogEntryProto:5012@client-C0124BECB0F9
2024-10-09 04:29:52,794 DEBUG server.RaftServer$Division (RaftServerImpl.java:logAppendEntries(1545)) - s13@group-F62FDFAA15CF: appendEntries* s12->s13#5014-t1,previous=(t:1, i:58),leaderCommit=57,initializing? false,entries: size=1, first=(t:1, i:59), STATEMACHINELOGENTRY, StateMachineLogEntryProto:5012@client-C0124BECB0F9
2024-10-09 04:29:52,794 DEBUG server.RaftServer$Division (RaftServerImpl.java:logAppendEntries(1545)) - s11@group-F62FDFAA15CF: appendEntries* reply s12<-s11#5015:OK-t1,SUCCESS,nextIndex=60,followerCommit=57,matchIndex=59
2024-10-09 04:29:52,794 INFO  statemachine.StateMachine (ArithmeticStateMachine.java:applyTransaction(181)) - LEADER:s12-59: c = null = null
2024-10-09 04:29:52,795 DEBUG server.RaftServer$Division (RaftServerImpl.java:logAppendEntries(1545)) - s13@group-F62FDFAA15CF: appendEntries* reply s12<-s13#5014:OK-t1,SUCCESS,nextIndex=60,followerCommit=57,matchIndex=59
2024-10-09 04:29:52,795 DEBUG server.RaftServer$Division (RaftServerImpl.java:submitClientRequestAsync(916)) - s12@group-F62FDFAA15CF: receive client request(RaftClientRequest:client-C0124BECB0F9->s12@group-F62FDFAA15CF, cid=5017, seq=null, RW, Message:01016102404080000000...(size=12))
2024-10-09 04:29:52,795 DEBUG server.RaftServer$Division (RaftServerImpl.java:logAppendEntries(1545)) - s13@group-F62FDFAA15CF: appendEntries* s12->s13#5018-t1,previous=(t:1, i:59),leaderCommit=59,initializing? false,entries: size=1, first=(t:1, i:60), METADATAENTRY(c:59)
2024-10-09 04:29:52,795 DEBUG server.RaftServer$Division (LeaderStateImpl.java:addPendingRequest(529)) - s12@group-F62FDFAA15CF-LeaderStateImpl: addPendingRequest at RaftClientRequest:client-C0124BECB0F9->s12@group-F62FDFAA15CF, cid=5017, seq=null, RW, Message:01016102404080000000...(size=12), entry=(t:1, i:61), STATEMACHINELOGENTRY, WRITE: logData.size=12, stateMachineData.size=0, logEntryProtoSerializedSize=0
2024-10-09 04:29:52,796 DEBUG server.RaftServer$Division (RaftServerImpl.java:logAppendEntries(1545)) - s11@group-F62FDFAA15CF: appendEntries* s12->s11#5016-t1,previous=(t:1, i:59),leaderCommit=59,initializing? false,entries: size=1, first=(t:1, i:60), METADATAENTRY(c:59)
2024-10-09 04:29:52,796 DEBUG server.RaftServer$Division (RaftServerImpl.java:logAppendEntries(1545)) - s13@group-F62FDFAA15CF: appendEntries* reply s12<-s13#5018:OK-t1,SUCCESS,nextIndex=61,followerCommit=59,matchIndex=60
2024-10-09 04:29:52,796 DEBUG server.RaftServer$Division (RaftServerImpl.java:logAppendEntries(1545)) - s11@group-F62FDFAA15CF: appendEntries* reply s12<-s11#5016:OK-t1,SUCCESS,nextIndex=61,followerCommit=59,matchIndex=60
2024-10-09 04:29:52,796 DEBUG server.RaftServer$Division (RaftServerImpl.java:logAppendEntries(1545)) - s13@group-F62FDFAA15CF: appendEntries* s12->s13#5019-t1,previous=(t:1, i:60),leaderCommit=59,initializing? false,entries: size=1, first=(t:1, i:61), STATEMACHINELOGENTRY, StateMachineLogEntryProto:5017@client-C0124BECB0F9
2024-10-09 04:29:52,796 DEBUG server.RaftServer$Division (RaftServerImpl.java:logAppendEntries(1545)) - s11@group-F62FDFAA15CF: appendEntries* s12->s11#5020-t1,previous=(t:1, i:60),leaderCommit=60,initializing? false,entries: size=1, first=(t:1, i:61), STATEMACHINELOGENTRY, StateMachineLogEntryProto:5017@client-C0124BECB0F9
2024-10-09 04:29:52,797 DEBUG server.RaftServer$Division (RaftServerImpl.java:logAppendEntries(1545)) - s13@group-F62FDFAA15CF: appendEntries* reply s12<-s13#5019:OK-t1,SUCCESS,nextIndex=62,followerCommit=59,matchIndex=61
2024-10-09 04:29:52,797 DEBUG server.RaftServer$Division (RaftServerImpl.java:logAppendEntries(1545)) - s11@group-F62FDFAA15CF: appendEntries* reply s12<-s11#5020:OK-t1,SUCCESS,nextIndex=62,followerCommit=60,matchIndex=61
2024-10-09 04:29:52,797 INFO  statemachine.StateMachine (ArithmeticStateMachine.java:applyTransaction(181)) - LEADER:s12-61: a = 33 = 33
2024-10-09 04:29:52,797 DEBUG server.RaftServer$Division (RaftServerImpl.java:logAppendEntries(1545)) - s13@group-F62FDFAA15CF: appendEntries* s12->s13#5022-t1,previous=(t:1, i:61),leaderCommit=61,initializing? false,entries: size=1, first=(t:1, i:62), METADATAENTRY(c:61)
2024-10-09 04:29:52,798 DEBUG server.RaftServer$Division (RaftServerImpl.java:submitClientRequestAsync(916)) - s12@group-F62FDFAA15CF: receive client request(RaftClientRequest:client-C0124BECB0F9->s12@group-F62FDFAA15CF, cid=5023, seq=null, RW, Message:01016202408100000000...(size=12))
2024-10-09 04:29:52,798 DEBUG server.RaftServer$Division (LeaderStateImpl.java:addPendingRequest(529)) - s12@group-F62FDFAA15CF-LeaderStateImpl: addPendingRequest at RaftClientRequest:client-C0124BECB0F9->s12@group-F62FDFAA15CF, cid=5023, seq=null, RW, Message:01016202408100000000...(size=12), entry=(t:1, i:63), STATEMACHINELOGENTRY, WRITE: logData.size=12, stateMachineData.size=0, logEntryProtoSerializedSize=0
2024-10-09 04:29:52,798 DEBUG server.RaftServer$Division (RaftServerImpl.java:logAppendEntries(1545)) - s13@group-F62FDFAA15CF: appendEntries* reply s12<-s13#5022:OK-t1,SUCCESS,nextIndex=63,followerCommit=61,matchIndex=62
2024-10-09 04:29:52,798 DEBUG server.RaftServer$Division (RaftServerImpl.java:logAppendEntries(1545)) - s11@group-F62FDFAA15CF: appendEntries* s12->s11#5021-t1,previous=(t:1, i:61),leaderCommit=61,initializing? false,entries: size=1, first=(t:1, i:62), METADATAENTRY(c:61)
2024-10-09 04:29:52,799 DEBUG server.RaftServer$Division (RaftServerImpl.java:logAppendEntries(1545)) - s11@group-F62FDFAA15CF: appendEntries* reply s12<-s11#5021:OK-t1,SUCCESS,nextIndex=63,followerCommit=61,matchIndex=62
2024-10-09 04:29:52,799 DEBUG server.RaftServer$Division (RaftServerImpl.java:logAppendEntries(1545)) - s13@group-F62FDFAA15CF: appendEntries* s12->s13#5024-t1,previous=(t:1, i:62),leaderCommit=61,initializing? false,entries: size=1, first=(t:1, i:63), STATEMACHINELOGENTRY, StateMachineLogEntryProto:5023@client-C0124BECB0F9
2024-10-09 04:29:52,799 DEBUG server.RaftServer$Division (RaftServerImpl.java:logAppendEntries(1545)) - s11@group-F62FDFAA15CF: appendEntries* s12->s11#5025-t1,previous=(t:1, i:62),leaderCommit=62,initializing? false,entries: size=1, first=(t:1, i:63), STATEMACHINELOGENTRY, StateMachineLogEntryProto:5023@client-C0124BECB0F9
2024-10-09 04:29:52,799 DEBUG server.RaftServer$Division (RaftServerImpl.java:logAppendEntries(1545)) - s13@group-F62FDFAA15CF: appendEntries* reply s12<-s13#5024:OK-t1,SUCCESS,nextIndex=64,followerCommit=61,matchIndex=63
2024-10-09 04:29:52,799 DEBUG server.RaftServer$Division (RaftServerImpl.java:logAppendEntries(1545)) - s11@group-F62FDFAA15CF: appendEntries* reply s12<-s11#5025:OK-t1,SUCCESS,nextIndex=64,followerCommit=62,matchIndex=63
2024-10-09 04:29:52,800 INFO  statemachine.StateMachine (ArithmeticStateMachine.java:applyTransaction(181)) - LEADER:s12-63: b = 544 = 544
2024-10-09 04:29:52,800 DEBUG server.RaftServer$Division (RaftServerImpl.java:submitClientRequestAsync(916)) - s12@group-F62FDFAA15CF: receive client request(RaftClientRequest:client-C0124BECB0F9->s12@group-F62FDFAA15CF, cid=5027, seq=null, RW, Message:01016304010300040201...(size=17))
2024-10-09 04:29:52,800 DEBUG server.RaftServer$Division (LeaderStateImpl.java:addPendingRequest(529)) - s12@group-F62FDFAA15CF-LeaderStateImpl: addPendingRequest at RaftClientRequest:client-C0124BECB0F9->s12@group-F62FDFAA15CF, cid=5027, seq=null, RW, Message:01016304010300040201...(size=17), entry=(t:1, i:65), STATEMACHINELOGENTRY, WRITE: logData.size=17, stateMachineData.size=0, logEntryProtoSerializedSize=0
2024-10-09 04:29:52,801 DEBUG server.RaftServer$Division (RaftServerImpl.java:logAppendEntries(1545)) - s11@group-F62FDFAA15CF: appendEntries* s12->s11#5026-t1,previous=(t:1, i:63),leaderCommit=63,initializing? false,entries: size=1, first=(t:1, i:64), METADATAENTRY(c:63)
2024-10-09 04:29:52,801 DEBUG server.RaftServer$Division (RaftServerImpl.java:logAppendEntries(1545)) - s11@group-F62FDFAA15CF: appendEntries* reply s12<-s11#5026:OK-t1,SUCCESS,nextIndex=65,followerCommit=63,matchIndex=64
2024-10-09 04:29:52,802 DEBUG server.RaftServer$Division (RaftServerImpl.java:logAppendEntries(1545)) - s11@group-F62FDFAA15CF: appendEntries* s12->s11#5028-t1,previous=(t:1, i:64),leaderCommit=63,initializing? false,entries: size=1, first=(t:1, i:65), STATEMACHINELOGENTRY, StateMachineLogEntryProto:5027@client-C0124BECB0F9
2024-10-09 04:29:52,802 DEBUG server.RaftServer$Division (RaftServerImpl.java:logAppendEntries(1545)) - s11@group-F62FDFAA15CF: appendEntries* reply s12<-s11#5028:OK-t1,SUCCESS,nextIndex=66,followerCommit=63,matchIndex=65
2024-10-09 04:29:52,803 INFO  statemachine.StateMachine (ArithmeticStateMachine.java:applyTransaction(181)) - LEADER:s12-65: c = √(a^2 + b^2) = 545
2024-10-09 04:29:52,803 DEBUG server.RaftServer$Division (RaftServerImpl.java:submitClientRequestAsync(916)) - s12@group-F62FDFAA15CF: receive client request(RaftClientRequest:client-C0124BECB0F9->s12@group-F62FDFAA15CF, cid=5030, seq=null, RW, Message:01016100)
2024-10-09 04:29:52,803 DEBUG server.RaftServer$Division (LeaderStateImpl.java:addPendingRequest(529)) - s12@group-F62FDFAA15CF-LeaderStateImpl: addPendingRequest at RaftClientRequest:client-C0124BECB0F9->s12@group-F62FDFAA15CF, cid=5030, seq=null, RW, Message:01016100, entry=(t:1, i:67), STATEMACHINELOGENTRY, WRITE: logData.size=4, stateMachineData.size=0, logEntryProtoSerializedSize=0
2024-10-09 04:29:52,803 DEBUG server.RaftServer$Division (RaftServerImpl.java:logAppendEntries(1545)) - s11@group-F62FDFAA15CF: appendEntries* s12->s11#5029-t1,previous=(t:1, i:65),leaderCommit=65,initializing? false,entries: size=1, first=(t:1, i:66), METADATAENTRY(c:65)
2024-10-09 04:29:52,804 DEBUG server.RaftServer$Division (RaftServerImpl.java:logAppendEntries(1545)) - s11@group-F62FDFAA15CF: appendEntries* reply s12<-s11#5029:OK-t1,SUCCESS,nextIndex=67,followerCommit=65,matchIndex=66
2024-10-09 04:29:52,805 DEBUG server.RaftServer$Division (RaftServerImpl.java:logAppendEntries(1545)) - s11@group-F62FDFAA15CF: appendEntries* s12->s11#5032-t1,previous=(t:1, i:66),leaderCommit=65,initializing? false,entries: size=1, first=(t:1, i:67), STATEMACHINELOGENTRY, StateMachineLogEntryProto:5030@client-C0124BECB0F9
2024-10-09 04:29:52,806 DEBUG server.RaftServer$Division (RaftServerImpl.java:logAppendEntries(1545)) - s11@group-F62FDFAA15CF: appendEntries* reply s12<-s11#5032:OK-t1,SUCCESS,nextIndex=68,followerCommit=65,matchIndex=67
2024-10-09 04:29:52,806 INFO  statemachine.StateMachine (ArithmeticStateMachine.java:applyTransaction(181)) - LEADER:s12-67: a = null = null
2024-10-09 04:29:52,805 DEBUG server.RaftServer$Division (RaftServerImpl.java:logAppendEntries(1545)) - s13@group-F62FDFAA15CF: appendEntries* s12->s13#5031-t1,previous=(t:1, i:63),leaderCommit=65,initializing? false,entries: size=4, first=(t:1, i:64), METADATAENTRY(c:63)
2024-10-09 04:29:52,806 DEBUG server.RaftServer$Division (RaftServerImpl.java:submitClientRequestAsync(916)) - s12@group-F62FDFAA15CF: receive client request(RaftClientRequest:client-C0124BECB0F9->s12@group-F62FDFAA15CF, cid=5034, seq=null, RW, Message:01016200)
2024-10-09 04:29:52,807 DEBUG server.RaftServer$Division (LeaderStateImpl.java:addPendingRequest(529)) - s12@group-F62FDFAA15CF-LeaderStateImpl: addPendingRequest at RaftClientRequest:client-C0124BECB0F9->s12@group-F62FDFAA15CF, cid=5034, seq=null, RW, Message:01016200, entry=(t:1, i:69), STATEMACHINELOGENTRY, WRITE: logData.size=4, stateMachineData.size=0, logEntryProtoSerializedSize=0
2024-10-09 04:29:52,807 DEBUG server.RaftServer$Division (RaftServerImpl.java:logAppendEntries(1545)) - s11@group-F62FDFAA15CF: appendEntries* s12->s11#5033-t1,previous=(t:1, i:67),leaderCommit=67,initializing? false,entries: size=1, first=(t:1, i:68), METADATAENTRY(c:67)
2024-10-09 04:29:52,807 DEBUG server.RaftServer$Division (RaftServerImpl.java:logAppendEntries(1545)) - s13@group-F62FDFAA15CF: appendEntries* reply s12<-s13#5031:OK-t1,SUCCESS,nextIndex=68,followerCommit=65,matchIndex=67
2024-10-09 04:29:52,808 DEBUG server.RaftServer$Division (RaftServerImpl.java:logAppendEntries(1545)) - s11@group-F62FDFAA15CF: appendEntries* reply s12<-s11#5033:OK-t1,SUCCESS,nextIndex=69,followerCommit=67,matchIndex=68
2024-10-09 04:29:52,808 DEBUG server.RaftServer$Division (RaftServerImpl.java:logAppendEntries(1545)) - s11@group-F62FDFAA15CF: appendEntries* s12->s11#5035-t1,previous=(t:1, i:68),leaderCommit=67,initializing? false,entries: size=1, first=(t:1, i:69), STATEMACHINELOGENTRY, StateMachineLogEntryProto:5034@client-C0124BECB0F9
2024-10-09 04:29:52,808 DEBUG server.RaftServer$Division (RaftServerImpl.java:logAppendEntries(1545)) - s13@group-F62FDFAA15CF: appendEntries* s12->s13#5036-t1,previous=(t:1, i:67),leaderCommit=68,initializing? false,entries: size=2, first=(t:1, i:68), METADATAENTRY(c:67)
2024-10-09 04:29:52,809 DEBUG server.RaftServer$Division (RaftServerImpl.java:logAppendEntries(1545)) - s11@group-F62FDFAA15CF: appendEntries* reply s12<-s11#5035:OK-t1,SUCCESS,nextIndex=70,followerCommit=67,matchIndex=69
2024-10-09 04:29:52,809 INFO  statemachine.StateMachine (ArithmeticStateMachine.java:applyTransaction(181)) - LEADER:s12-69: b = null = null
2024-10-09 04:29:52,809 DEBUG server.RaftServer$Division (RaftServerImpl.java:logAppendEntries(1545)) - s13@group-F62FDFAA15CF: appendEntries* reply s12<-s13#5036:OK-t1,SUCCESS,nextIndex=70,followerCommit=68,matchIndex=69
2024-10-09 04:29:52,810 DEBUG server.RaftServer$Division (RaftServerImpl.java:submitClientRequestAsync(916)) - s12@group-F62FDFAA15CF: receive client request(RaftClientRequest:client-C0124BECB0F9->s12@group-F62FDFAA15CF, cid=5038, seq=null, RW, Message:01016300)
2024-10-09 04:29:52,810 DEBUG server.RaftServer$Division (LeaderStateImpl.java:addPendingRequest(529)) - s12@group-F62FDFAA15CF-LeaderStateImpl: addPendingRequest at RaftClientRequest:client-C0124BECB0F9->s12@group-F62FDFAA15CF, cid=5038, seq=null, RW, Message:01016300, entry=(t:1, i:71), STATEMACHINELOGENTRY, WRITE: logData.size=4, stateMachineData.size=0, logEntryProtoSerializedSize=0
2024-10-09 04:29:52,810 DEBUG server.RaftServer$Division (RaftServerImpl.java:logAppendEntries(1545)) - s11@group-F62FDFAA15CF: appendEntries* s12->s11#5037-t1,previous=(t:1, i:69),leaderCommit=69,initializing? false,entries: size=1, first=(t:1, i:70), METADATAENTRY(c:69)
2024-10-09 04:29:52,810 DEBUG server.RaftServer$Division (RaftServerImpl.java:logAppendEntries(1545)) - s13@group-F62FDFAA15CF: appendEntries* s12->s13#5039-t1,previous=(t:1, i:69),leaderCommit=69,initializing? false,entries: size=1, first=(t:1, i:70), METADATAENTRY(c:69)
2024-10-09 04:29:52,811 DEBUG server.RaftServer$Division (RaftServerImpl.java:logAppendEntries(1545)) - s11@group-F62FDFAA15CF: appendEntries* reply s12<-s11#5037:OK-t1,SUCCESS,nextIndex=71,followerCommit=69,matchIndex=70
2024-10-09 04:29:52,811 DEBUG server.RaftServer$Division (RaftServerImpl.java:logAppendEntries(1545)) - s13@group-F62FDFAA15CF: appendEntries* reply s12<-s13#5039:OK-t1,SUCCESS,nextIndex=71,followerCommit=69,matchIndex=70
2024-10-09 04:29:52,811 DEBUG server.RaftServer$Division (RaftServerImpl.java:logAppendEntries(1545)) - s11@group-F62FDFAA15CF: appendEntries* s12->s11#5040-t1,previous=(t:1, i:70),leaderCommit=69,initializing? false,entries: size=1, first=(t:1, i:71), STATEMACHINELOGENTRY, StateMachineLogEntryProto:5038@client-C0124BECB0F9
2024-10-09 04:29:52,811 DEBUG server.RaftServer$Division (RaftServerImpl.java:logAppendEntries(1545)) - s13@group-F62FDFAA15CF: appendEntries* s12->s13#5041-t1,previous=(t:1, i:70),leaderCommit=70,initializing? false,entries: size=1, first=(t:1, i:71), STATEMACHINELOGENTRY, StateMachineLogEntryProto:5038@client-C0124BECB0F9
2024-10-09 04:29:52,812 DEBUG server.RaftServer$Division (RaftServerImpl.java:logAppendEntries(1545)) - s11@group-F62FDFAA15CF: appendEntries* reply s12<-s11#5040:OK-t1,SUCCESS,nextIndex=72,followerCommit=69,matchIndex=71
2024-10-09 04:29:52,812 DEBUG server.RaftServer$Division (RaftServerImpl.java:logAppendEntries(1545)) - s13@group-F62FDFAA15CF: appendEntries* reply s12<-s13#5041:OK-t1,SUCCESS,nextIndex=72,followerCommit=70,matchIndex=71
2024-10-09 04:29:52,812 INFO  statemachine.StateMachine (ArithmeticStateMachine.java:applyTransaction(181)) - LEADER:s12-71: c = null = null
2024-10-09 04:29:52,813 DEBUG server.RaftServer$Division (RaftServerImpl.java:submitClientRequestAsync(916)) - s12@group-F62FDFAA15CF: receive client request(RaftClientRequest:client-C0124BECB0F9->s12@group-F62FDFAA15CF, cid=5044, seq=null, RW, Message:01016102404180000000...(size=12))
2024-10-09 04:29:52,813 DEBUG server.RaftServer$Division (RaftServerImpl.java:logAppendEntries(1545)) - s13@group-F62FDFAA15CF: appendEntries* s12->s13#5043-t1,previous=(t:1, i:71),leaderCommit=71,initializing? false,entries: size=1, first=(t:1, i:72), METADATAENTRY(c:71)
2024-10-09 04:29:52,813 DEBUG server.RaftServer$Division (LeaderStateImpl.java:addPendingRequest(529)) - s12@group-F62FDFAA15CF-LeaderStateImpl: addPendingRequest at RaftClientRequest:client-C0124BECB0F9->s12@group-F62FDFAA15CF, cid=5044, seq=null, RW, Message:01016102404180000000...(size=12), entry=(t:1, i:73), STATEMACHINELOGENTRY, WRITE: logData.size=12, stateMachineData.size=0, logEntryProtoSerializedSize=0
2024-10-09 04:29:52,813 DEBUG server.RaftServer$Division (RaftServerImpl.java:logAppendEntries(1545)) - s11@group-F62FDFAA15CF: appendEntries* s12->s11#5042-t1,previous=(t:1, i:71),leaderCommit=71,initializing? false,entries: size=1, first=(t:1, i:72), METADATAENTRY(c:71)
2024-10-09 04:29:52,814 DEBUG server.RaftServer$Division (RaftServerImpl.java:logAppendEntries(1545)) - s13@group-F62FDFAA15CF: appendEntries* reply s12<-s13#5043:OK-t1,SUCCESS,nextIndex=73,followerCommit=71,matchIndex=72
2024-10-09 04:29:52,814 DEBUG server.RaftServer$Division (RaftServerImpl.java:logAppendEntries(1545)) - s11@group-F62FDFAA15CF: appendEntries* reply s12<-s11#5042:OK-t1,SUCCESS,nextIndex=73,followerCommit=71,matchIndex=72
2024-10-09 04:29:52,815 DEBUG server.RaftServer$Division (RaftServerImpl.java:logAppendEntries(1545)) - s11@group-F62FDFAA15CF: appendEntries* s12->s11#5045-t1,previous=(t:1, i:72),leaderCommit=71,initializing? false,entries: size=1, first=(t:1, i:73), STATEMACHINELOGENTRY, StateMachineLogEntryProto:5044@client-C0124BECB0F9
2024-10-09 04:29:52,815 DEBUG server.RaftServer$Division (RaftServerImpl.java:logAppendEntries(1545)) - s11@group-F62FDFAA15CF: appendEntries* reply s12<-s11#5045:OK-t1,SUCCESS,nextIndex=74,followerCommit=71,matchIndex=73
2024-10-09 04:29:52,815 INFO  statemachine.StateMachine (ArithmeticStateMachine.java:applyTransaction(181)) - LEADER:s12-73: a = 35 = 35
2024-10-09 04:29:52,815 DEBUG server.RaftServer$Division (RaftServerImpl.java:logAppendEntries(1545)) - s13@group-F62FDFAA15CF: appendEntries* s12->s13#5046-t1,previous=(t:1, i:72),leaderCommit=72,initializing? false,entries: size=1, first=(t:1, i:73), STATEMACHINELOGENTRY, StateMachineLogEntryProto:5044@client-C0124BECB0F9
2024-10-09 04:29:52,816 DEBUG server.RaftServer$Division (RaftServerImpl.java:submitClientRequestAsync(916)) - s12@group-F62FDFAA15CF: receive client request(RaftClientRequest:client-C0124BECB0F9->s12@group-F62FDFAA15CF, cid=5048, seq=null, RW, Message:01016202408320000000...(size=12))
2024-10-09 04:29:52,816 DEBUG server.RaftServer$Division (RaftServerImpl.java:logAppendEntries(1545)) - s13@group-F62FDFAA15CF: appendEntries* reply s12<-s13#5046:OK-t1,SUCCESS,nextIndex=74,followerCommit=72,matchIndex=73
2024-10-09 04:29:52,816 DEBUG server.RaftServer$Division (LeaderStateImpl.java:addPendingRequest(529)) - s12@group-F62FDFAA15CF-LeaderStateImpl: addPendingRequest at RaftClientRequest:client-C0124BECB0F9->s12@group-F62FDFAA15CF, cid=5048, seq=null, RW, Message:01016202408320000000...(size=12), entry=(t:1, i:75), STATEMACHINELOGENTRY, WRITE: logData.size=12, stateMachineData.size=0, logEntryProtoSerializedSize=0
2024-10-09 04:29:52,816 DEBUG server.RaftServer$Division (RaftServerImpl.java:logAppendEntries(1545)) - s11@group-F62FDFAA15CF: appendEntries* s12->s11#5047-t1,previous=(t:1, i:73),leaderCommit=73,initializing? false,entries: size=1, first=(t:1, i:74), METADATAENTRY(c:73)
2024-10-09 04:29:52,817 DEBUG server.RaftServer$Division (RaftServerImpl.java:logAppendEntries(1545)) - s13@group-F62FDFAA15CF: appendEntries* s12->s13#5049-t1,previous=(t:1, i:73),leaderCommit=73,initializing? false,entries: size=2, first=(t:1, i:74), METADATAENTRY(c:73)
2024-10-09 04:29:52,817 DEBUG server.RaftServer$Division (RaftServerImpl.java:logAppendEntries(1545)) - s11@group-F62FDFAA15CF: appendEntries* reply s12<-s11#5047:OK-t1,SUCCESS,nextIndex=75,followerCommit=73,matchIndex=74
2024-10-09 04:29:52,817 DEBUG server.RaftServer$Division (RaftServerImpl.java:logAppendEntries(1545)) - s11@group-F62FDFAA15CF: appendEntries* s12->s11#5050-t1,previous=(t:1, i:74),leaderCommit=74,initializing? false,entries: size=1, first=(t:1, i:75), STATEMACHINELOGENTRY, StateMachineLogEntryProto:5048@client-C0124BECB0F9
2024-10-09 04:29:52,817 DEBUG server.RaftServer$Division (RaftServerImpl.java:logAppendEntries(1545)) - s13@group-F62FDFAA15CF: appendEntries* reply s12<-s13#5049:OK-t1,SUCCESS,nextIndex=76,followerCommit=73,matchIndex=75
2024-10-09 04:29:52,818 INFO  statemachine.StateMachine (ArithmeticStateMachine.java:applyTransaction(181)) - LEADER:s12-75: b = 612 = 612
2024-10-09 04:29:52,818 DEBUG server.RaftServer$Division (RaftServerImpl.java:logAppendEntries(1545)) - s11@group-F62FDFAA15CF: appendEntries* reply s12<-s11#5050:OK-t1,SUCCESS,nextIndex=76,followerCommit=74,matchIndex=75
2024-10-09 04:29:52,818 DEBUG server.RaftServer$Division (RaftServerImpl.java:logAppendEntries(1545)) - s13@group-F62FDFAA15CF: appendEntries* s12->s13#5051-t1,previous=(t:1, i:75),leaderCommit=75,initializing? false,entries: size=1, first=(t:1, i:76), METADATAENTRY(c:75)
2024-10-09 04:29:52,819 DEBUG server.RaftServer$Division (RaftServerImpl.java:logAppendEntries(1545)) - s13@group-F62FDFAA15CF: appendEntries* reply s12<-s13#5051:OK-t1,SUCCESS,nextIndex=77,followerCommit=75,matchIndex=76
2024-10-09 04:29:52,819 DEBUG server.RaftServer$Division (RaftServerImpl.java:logAppendEntries(1545)) - s11@group-F62FDFAA15CF: appendEntries* s12->s11#5057-t1,previous=(t:1, i:75),leaderCommit=75,initializing? false,entries: size=1, first=(t:1, i:76), METADATAENTRY(c:75)
2024-10-09 04:29:52,819 DEBUG server.RaftServer$Division (RaftServerImpl.java:submitClientRequestAsync(916)) - s12@group-F62FDFAA15CF: receive client request(RaftClientRequest:client-C0124BECB0F9->s12@group-F62FDFAA15CF, cid=5052, seq=null, RW, Message:01016304010300040201...(size=17))
2024-10-09 04:29:52,819 DEBUG server.RaftServer$Division (RaftServerImpl.java:logAppendEntries(1545)) - s11@group-F62FDFAA15CF: appendEntries* reply s12<-s11#5057:OK-t1,SUCCESS,nextIndex=77,followerCommit=75,matchIndex=76
2024-10-09 04:29:52,820 DEBUG server.RaftServer$Division (LeaderStateImpl.java:addPendingRequest(529)) - s12@group-F62FDFAA15CF-LeaderStateImpl: addPendingRequest at RaftClientRequest:client-C0124BECB0F9->s12@group-F62FDFAA15CF, cid=5052, seq=null, RW, Message:01016304010300040201...(size=17), entry=(t:1, i:77), STATEMACHINELOGENTRY, WRITE: logData.size=17, stateMachineData.size=0, logEntryProtoSerializedSize=0
2024-10-09 04:29:52,820 DEBUG server.RaftServer$Division (RaftServerImpl.java:logAppendEntries(1545)) - s13@group-F62FDFAA15CF: appendEntries* s12->s13#5058-t1,previous=(t:1, i:76),leaderCommit=76,initializing? false,entries: size=1, first=(t:1, i:77), STATEMACHINELOGENTRY, StateMachineLogEntryProto:5052@client-C0124BECB0F9
2024-10-09 04:29:52,820 DEBUG server.RaftServer$Division (RaftServerImpl.java:logAppendEntries(1545)) - s11@group-F62FDFAA15CF: appendEntries* s12->s11#5059-t1,previous=(t:1, i:76),leaderCommit=76,initializing? false,entries: size=1, first=(t:1, i:77), STATEMACHINELOGENTRY, StateMachineLogEntryProto:5052@client-C0124BECB0F9
2024-10-09 04:29:52,821 DEBUG server.RaftServer$Division (RaftServerImpl.java:logAppendEntries(1545)) - s11@group-F62FDFAA15CF: appendEntries* reply s12<-s11#5059:OK-t1,SUCCESS,nextIndex=78,followerCommit=76,matchIndex=77
2024-10-09 04:29:52,821 DEBUG server.RaftServer$Division (RaftServerImpl.java:logAppendEntries(1545)) - s13@group-F62FDFAA15CF: appendEntries* reply s12<-s13#5058:OK-t1,SUCCESS,nextIndex=78,followerCommit=76,matchIndex=77
2024-10-09 04:29:52,821 INFO  statemachine.StateMachine (ArithmeticStateMachine.java:applyTransaction(181)) - LEADER:s12-77: c = √(a^2 + b^2) = 613
2024-10-09 04:29:52,822 DEBUG server.RaftServer$Division (RaftServerImpl.java:logAppendEntries(1545)) - s13@group-F62FDFAA15CF: appendEntries* s12->s13#5061-t1,previous=(t:1, i:77),leaderCommit=77,initializing? false,entries: size=1, first=(t:1, i:78), METADATAENTRY(c:77)
2024-10-09 04:29:52,822 DEBUG server.RaftServer$Division (RaftServerImpl.java:submitClientRequestAsync(916)) - s12@group-F62FDFAA15CF: receive client request(RaftClientRequest:client-C0124BECB0F9->s12@group-F62FDFAA15CF, cid=5062, seq=null, RW, Message:01016100)
2024-10-09 04:29:52,822 DEBUG server.RaftServer$Division (LeaderStateImpl.java:addPendingRequest(529)) - s12@group-F62FDFAA15CF-LeaderStateImpl: addPendingRequest at RaftClientRequest:client-C0124BECB0F9->s12@group-F62FDFAA15CF, cid=5062, seq=null, RW, Message:01016100, entry=(t:1, i:79), STATEMACHINELOGENTRY, WRITE: logData.size=4, stateMachineData.size=0, logEntryProtoSerializedSize=0
2024-10-09 04:29:52,822 DEBUG server.RaftServer$Division (RaftServerImpl.java:logAppendEntries(1545)) - s11@group-F62FDFAA15CF: appendEntries* s12->s11#5060-t1,previous=(t:1, i:77),leaderCommit=77,initializing? false,entries: size=1, first=(t:1, i:78), METADATAENTRY(c:77)
2024-10-09 04:29:52,823 DEBUG server.RaftServer$Division (RaftServerImpl.java:logAppendEntries(1545)) - s13@group-F62FDFAA15CF: appendEntries* reply s12<-s13#5061:OK-t1,SUCCESS,nextIndex=79,followerCommit=77,matchIndex=78
2024-10-09 04:29:52,823 DEBUG server.RaftServer$Division (RaftServerImpl.java:logAppendEntries(1545)) - s11@group-F62FDFAA15CF: appendEntries* reply s12<-s11#5060:OK-t1,SUCCESS,nextIndex=79,followerCommit=77,matchIndex=78
2024-10-09 04:29:52,823 DEBUG server.RaftServer$Division (RaftServerImpl.java:logAppendEntries(1545)) - s13@group-F62FDFAA15CF: appendEntries* s12->s13#5063-t1,previous=(t:1, i:78),leaderCommit=77,initializing? false,entries: size=1, first=(t:1, i:79), STATEMACHINELOGENTRY, StateMachineLogEntryProto:5062@client-C0124BECB0F9
2024-10-09 04:29:52,823 DEBUG server.RaftServer$Division (RaftServerImpl.java:logAppendEntries(1545)) - s11@group-F62FDFAA15CF: appendEntries* s12->s11#5064-t1,previous=(t:1, i:78),leaderCommit=78,initializing? false,entries: size=1, first=(t:1, i:79), STATEMACHINELOGENTRY, StateMachineLogEntryProto:5062@client-C0124BECB0F9
2024-10-09 04:29:52,824 DEBUG server.RaftServer$Division (RaftServerImpl.java:logAppendEntries(1545)) - s13@group-F62FDFAA15CF: appendEntries* reply s12<-s13#5063:OK-t1,SUCCESS,nextIndex=80,followerCommit=77,matchIndex=79
2024-10-09 04:29:52,824 DEBUG server.RaftServer$Division (RaftServerImpl.java:logAppendEntries(1545)) - s11@group-F62FDFAA15CF: appendEntries* reply s12<-s11#5064:OK-t1,SUCCESS,nextIndex=80,followerCommit=78,matchIndex=79
2024-10-09 04:29:52,824 INFO  statemachine.StateMachine (ArithmeticStateMachine.java:applyTransaction(181)) - LEADER:s12-79: a = null = null
2024-10-09 04:29:52,824 DEBUG server.RaftServer$Division (RaftServerImpl.java:logAppendEntries(1545)) - s13@group-F62FDFAA15CF: appendEntries* s12->s13#5066-t1,previous=(t:1, i:79),leaderCommit=79,initializing? false,entries: size=1, first=(t:1, i:80), METADATAENTRY(c:79)
2024-10-09 04:29:52,825 DEBUG server.RaftServer$Division (RaftServerImpl.java:submitClientRequestAsync(916)) - s12@group-F62FDFAA15CF: receive client request(RaftClientRequest:client-C0124BECB0F9->s12@group-F62FDFAA15CF, cid=5067, seq=null, RW, Message:01016200)
2024-10-09 04:29:52,825 DEBUG server.RaftServer$Division (LeaderStateImpl.java:addPendingRequest(529)) - s12@group-F62FDFAA15CF-LeaderStateImpl: addPendingRequest at RaftClientRequest:client-C0124BECB0F9->s12@group-F62FDFAA15CF, cid=5067, seq=null, RW, Message:01016200, entry=(t:1, i:81), STATEMACHINELOGENTRY, WRITE: logData.size=4, stateMachineData.size=0, logEntryProtoSerializedSize=0
2024-10-09 04:29:52,825 DEBUG server.RaftServer$Division (RaftServerImpl.java:logAppendEntries(1545)) - s13@group-F62FDFAA15CF: appendEntries* reply s12<-s13#5066:OK-t1,SUCCESS,nextIndex=81,followerCommit=79,matchIndex=80
2024-10-09 04:29:52,825 DEBUG server.RaftServer$Division (RaftServerImpl.java:logAppendEntries(1545)) - s11@group-F62FDFAA15CF: appendEntries* s12->s11#5065-t1,previous=(t:1, i:79),leaderCommit=79,initializing? false,entries: size=1, first=(t:1, i:80), METADATAENTRY(c:79)
2024-10-09 04:29:52,825 DEBUG server.RaftServer$Division (RaftServerImpl.java:logAppendEntries(1545)) - s11@group-F62FDFAA15CF: appendEntries* reply s12<-s11#5065:OK-t1,SUCCESS,nextIndex=81,followerCommit=79,matchIndex=80
2024-10-09 04:29:52,825 DEBUG server.RaftServer$Division (RaftServerImpl.java:logAppendEntries(1545)) - s13@group-F62FDFAA15CF: appendEntries* s12->s13#5068-t1,previous=(t:1, i:80),leaderCommit=80,initializing? false,entries: size=1, first=(t:1, i:81), STATEMACHINELOGENTRY, StateMachineLogEntryProto:5067@client-C0124BECB0F9
2024-10-09 04:29:52,826 DEBUG server.RaftServer$Division (RaftServerImpl.java:logAppendEntries(1545)) - s11@group-F62FDFAA15CF: appendEntries* s12->s11#5069-t1,previous=(t:1, i:80),leaderCommit=80,initializing? false,entries: size=1, first=(t:1, i:81), STATEMACHINELOGENTRY, StateMachineLogEntryProto:5067@client-C0124BECB0F9
2024-10-09 04:29:52,826 DEBUG server.RaftServer$Division (RaftServerImpl.java:logAppendEntries(1545)) - s13@group-F62FDFAA15CF: appendEntries* reply s12<-s13#5068:OK-t1,SUCCESS,nextIndex=82,followerCommit=80,matchIndex=81
2024-10-09 04:29:52,826 DEBUG server.RaftServer$Division (RaftServerImpl.java:logAppendEntries(1545)) - s11@group-F62FDFAA15CF: appendEntries* reply s12<-s11#5069:OK-t1,SUCCESS,nextIndex=82,followerCommit=80,matchIndex=81
2024-10-09 04:29:52,827 INFO  statemachine.StateMachine (ArithmeticStateMachine.java:applyTransaction(181)) - LEADER:s12-81: b = null = null
2024-10-09 04:29:52,827 DEBUG server.RaftServer$Division (RaftServerImpl.java:logAppendEntries(1545)) - s13@group-F62FDFAA15CF: appendEntries* s12->s13#5071-t1,previous=(t:1, i:81),leaderCommit=81,initializing? false,entries: size=1, first=(t:1, i:82), METADATAENTRY(c:81)
2024-10-09 04:29:52,827 DEBUG server.RaftServer$Division (RaftServerImpl.java:submitClientRequestAsync(916)) - s12@group-F62FDFAA15CF: receive client request(RaftClientRequest:client-C0124BECB0F9->s12@group-F62FDFAA15CF, cid=5072, seq=null, RW, Message:01016300)
2024-10-09 04:29:52,827 DEBUG server.RaftServer$Division (LeaderStateImpl.java:addPendingRequest(529)) - s12@group-F62FDFAA15CF-LeaderStateImpl: addPendingRequest at RaftClientRequest:client-C0124BECB0F9->s12@group-F62FDFAA15CF, cid=5072, seq=null, RW, Message:01016300, entry=(t:1, i:83), STATEMACHINELOGENTRY, WRITE: logData.size=4, stateMachineData.size=0, logEntryProtoSerializedSize=0
2024-10-09 04:29:52,827 DEBUG server.RaftServer$Division (RaftServerImpl.java:logAppendEntries(1545)) - s13@group-F62FDFAA15CF: appendEntries* reply s12<-s13#5071:OK-t1,SUCCESS,nextIndex=83,followerCommit=81,matchIndex=82
2024-10-09 04:29:52,828 DEBUG server.RaftServer$Division (RaftServerImpl.java:logAppendEntries(1545)) - s11@group-F62FDFAA15CF: appendEntries* s12->s11#5070-t1,previous=(t:1, i:81),leaderCommit=81,initializing? false,entries: size=1, first=(t:1, i:82), METADATAENTRY(c:81)
2024-10-09 04:29:52,828 DEBUG server.RaftServer$Division (RaftServerImpl.java:logAppendEntries(1545)) - s13@group-F62FDFAA15CF: appendEntries* s12->s13#5073-t1,previous=(t:1, i:82),leaderCommit=82,initializing? false,entries: size=1, first=(t:1, i:83), STATEMACHINELOGENTRY, StateMachineLogEntryProto:5072@client-C0124BECB0F9
2024-10-09 04:29:52,828 DEBUG server.RaftServer$Division (RaftServerImpl.java:logAppendEntries(1545)) - s11@group-F62FDFAA15CF: appendEntries* reply s12<-s11#5070:OK-t1,SUCCESS,nextIndex=83,followerCommit=81,matchIndex=82
2024-10-09 04:29:52,828 DEBUG server.RaftServer$Division (RaftServerImpl.java:logAppendEntries(1545)) - s13@group-F62FDFAA15CF: appendEntries* reply s12<-s13#5073:OK-t1,SUCCESS,nextIndex=84,followerCommit=82,matchIndex=83
2024-10-09 04:29:52,829 INFO  statemachine.StateMachine (ArithmeticStateMachine.java:applyTransaction(181)) - LEADER:s12-83: c = null = null
2024-10-09 04:29:52,829 DEBUG server.RaftServer$Division (RaftServerImpl.java:logAppendEntries(1545)) - s13@group-F62FDFAA15CF: appendEntries* s12->s13#5075-t1,previous=(t:1, i:83),leaderCommit=83,initializing? false,entries: size=1, first=(t:1, i:84), METADATAENTRY(c:83)
2024-10-09 04:29:52,829 DEBUG server.RaftServer$Division (RaftServerImpl.java:logAppendEntries(1545)) - s11@group-F62FDFAA15CF: appendEntries* s12->s11#5074-t1,previous=(t:1, i:82),leaderCommit=82,initializing? false,entries: size=1, first=(t:1, i:83), STATEMACHINELOGENTRY, StateMachineLogEntryProto:5072@client-C0124BECB0F9
2024-10-09 04:29:52,829 DEBUG server.RaftServer$Division (RaftServerImpl.java:submitClientRequestAsync(916)) - s12@group-F62FDFAA15CF: receive client request(RaftClientRequest:client-C0124BECB0F9->s12@group-F62FDFAA15CF, cid=5076, seq=null, RW, Message:01016102404280000000...(size=12))
2024-10-09 04:29:52,830 DEBUG server.RaftServer$Division (RaftServerImpl.java:logAppendEntries(1545)) - s13@group-F62FDFAA15CF: appendEntries* reply s12<-s13#5075:OK-t1,SUCCESS,nextIndex=85,followerCommit=83,matchIndex=84
2024-10-09 04:29:52,830 DEBUG server.RaftServer$Division (LeaderStateImpl.java:addPendingRequest(529)) - s12@group-F62FDFAA15CF-LeaderStateImpl: addPendingRequest at RaftClientRequest:client-C0124BECB0F9->s12@group-F62FDFAA15CF, cid=5076, seq=null, RW, Message:01016102404280000000...(size=12), entry=(t:1, i:85), STATEMACHINELOGENTRY, WRITE: logData.size=12, stateMachineData.size=0, logEntryProtoSerializedSize=0
2024-10-09 04:29:52,830 DEBUG server.RaftServer$Division (RaftServerImpl.java:logAppendEntries(1545)) - s13@group-F62FDFAA15CF: appendEntries* s12->s13#5077-t1,previous=(t:1, i:84),leaderCommit=83,initializing? false,entries: size=1, first=(t:1, i:85), STATEMACHINELOGENTRY, StateMachineLogEntryProto:5076@client-C0124BECB0F9
2024-10-09 04:29:52,830 DEBUG server.RaftServer$Division (RaftServerImpl.java:logAppendEntries(1545)) - s11@group-F62FDFAA15CF: appendEntries* reply s12<-s11#5074:OK-t1,SUCCESS,nextIndex=84,followerCommit=82,matchIndex=83
2024-10-09 04:29:52,831 DEBUG server.RaftServer$Division (RaftServerImpl.java:logAppendEntries(1545)) - s13@group-F62FDFAA15CF: appendEntries* reply s12<-s13#5077:OK-t1,SUCCESS,nextIndex=86,followerCommit=83,matchIndex=85
2024-10-09 04:29:52,831 DEBUG server.RaftServer$Division (RaftServerImpl.java:logAppendEntries(1545)) - s11@group-F62FDFAA15CF: appendEntries* s12->s11#5078-t1,previous=(t:1, i:83),leaderCommit=84,initializing? false,entries: size=2, first=(t:1, i:84), METADATAENTRY(c:83)
2024-10-09 04:29:52,831 INFO  statemachine.StateMachine (ArithmeticStateMachine.java:applyTransaction(181)) - LEADER:s12-85: a = 37 = 37
2024-10-09 04:29:52,831 DEBUG server.RaftServer$Division (RaftServerImpl.java:logAppendEntries(1545)) - s13@group-F62FDFAA15CF: appendEntries* s12->s13#5079-t1,previous=(t:1, i:85),leaderCommit=85,initializing? false,entries: size=1, first=(t:1, i:86), METADATAENTRY(c:85)
2024-10-09 04:29:52,831 DEBUG server.RaftServer$Division (RaftServerImpl.java:submitClientRequestAsync(916)) - s12@group-F62FDFAA15CF: receive client request(RaftClientRequest:client-C0124BECB0F9->s12@group-F62FDFAA15CF, cid=5080, seq=null, RW, Message:01016202408560000000...(size=12))
2024-10-09 04:29:52,832 DEBUG server.RaftServer$Division (LeaderStateImpl.java:addPendingRequest(529)) - s12@group-F62FDFAA15CF-LeaderStateImpl: addPendingRequest at RaftClientRequest:client-C0124BECB0F9->s12@group-F62FDFAA15CF, cid=5080, seq=null, RW, Message:01016202408560000000...(size=12), entry=(t:1, i:87), STATEMACHINELOGENTRY, WRITE: logData.size=12, stateMachineData.size=0, logEntryProtoSerializedSize=0
2024-10-09 04:29:52,832 DEBUG server.RaftServer$Division (RaftServerImpl.java:logAppendEntries(1545)) - s13@group-F62FDFAA15CF: appendEntries* reply s12<-s13#5079:OK-t1,SUCCESS,nextIndex=87,followerCommit=85,matchIndex=86
2024-10-09 04:29:52,832 DEBUG server.RaftServer$Division (RaftServerImpl.java:logAppendEntries(1545)) - s11@group-F62FDFAA15CF: appendEntries* reply s12<-s11#5078:OK-t1,SUCCESS,nextIndex=86,followerCommit=84,matchIndex=85
2024-10-09 04:29:52,832 DEBUG server.RaftServer$Division (RaftServerImpl.java:logAppendEntries(1545)) - s13@group-F62FDFAA15CF: appendEntries* s12->s13#5081-t1,previous=(t:1, i:86),leaderCommit=86,initializing? false,entries: size=1, first=(t:1, i:87), STATEMACHINELOGENTRY, StateMachineLogEntryProto:5080@client-C0124BECB0F9
2024-10-09 04:29:52,833 DEBUG server.RaftServer$Division (RaftServerImpl.java:logAppendEntries(1545)) - s11@group-F62FDFAA15CF: appendEntries* s12->s11#5082-t1,previous=(t:1, i:85),leaderCommit=86,initializing? false,entries: size=2, first=(t:1, i:86), METADATAENTRY(c:85)
2024-10-09 04:29:52,833 DEBUG server.RaftServer$Division (RaftServerImpl.java:logAppendEntries(1545)) - s13@group-F62FDFAA15CF: appendEntries* reply s12<-s13#5081:OK-t1,SUCCESS,nextIndex=88,followerCommit=86,matchIndex=87
2024-10-09 04:29:52,833 INFO  statemachine.StateMachine (ArithmeticStateMachine.java:applyTransaction(181)) - LEADER:s12-87: b = 684 = 684
2024-10-09 04:29:52,834 DEBUG server.RaftServer$Division (RaftServerImpl.java:logAppendEntries(1545)) - s13@group-F62FDFAA15CF: appendEntries* s12->s13#5083-t1,previous=(t:1, i:87),leaderCommit=87,initializing? false,entries: size=1, first=(t:1, i:88), METADATAENTRY(c:87)
2024-10-09 04:29:52,834 DEBUG server.RaftServer$Division (RaftServerImpl.java:logAppendEntries(1545)) - s11@group-F62FDFAA15CF: appendEntries* reply s12<-s11#5082:OK-t1,SUCCESS,nextIndex=88,followerCommit=86,matchIndex=87
2024-10-09 04:29:52,834 DEBUG server.RaftServer$Division (RaftServerImpl.java:submitClientRequestAsync(916)) - s12@group-F62FDFAA15CF: receive client request(RaftClientRequest:client-C0124BECB0F9->s12@group-F62FDFAA15CF, cid=5084, seq=null, RW, Message:01016304010300040201...(size=17))
2024-10-09 04:29:52,834 DEBUG server.RaftServer$Division (LeaderStateImpl.java:addPendingRequest(529)) - s12@group-F62FDFAA15CF-LeaderStateImpl: addPendingRequest at RaftClientRequest:client-C0124BECB0F9->s12@group-F62FDFAA15CF, cid=5084, seq=null, RW, Message:01016304010300040201...(size=17), entry=(t:1, i:89), STATEMACHINELOGENTRY, WRITE: logData.size=17, stateMachineData.size=0, logEntryProtoSerializedSize=0
2024-10-09 04:29:52,835 DEBUG server.RaftServer$Division (RaftServerImpl.java:logAppendEntries(1545)) - s13@group-F62FDFAA15CF: appendEntries* reply s12<-s13#5083:OK-t1,SUCCESS,nextIndex=89,followerCommit=87,matchIndex=88
2024-10-09 04:29:52,835 DEBUG server.RaftServer$Division (RaftServerImpl.java:logAppendEntries(1545)) - s13@group-F62FDFAA15CF: appendEntries* s12->s13#5086-t1,previous=(t:1, i:88),leaderCommit=88,initializing? false,entries: size=1, first=(t:1, i:89), STATEMACHINELOGENTRY, StateMachineLogEntryProto:5084@client-C0124BECB0F9
2024-10-09 04:29:52,836 DEBUG server.RaftServer$Division (RaftServerImpl.java:logAppendEntries(1545)) - s13@group-F62FDFAA15CF: appendEntries* reply s12<-s13#5086:OK-t1,SUCCESS,nextIndex=90,followerCommit=88,matchIndex=89
2024-10-09 04:29:52,836 INFO  statemachine.StateMachine (ArithmeticStateMachine.java:applyTransaction(181)) - LEADER:s12-89: c = √(a^2 + b^2) = 685
2024-10-09 04:29:52,836 DEBUG server.RaftServer$Division (RaftServerImpl.java:logAppendEntries(1545)) - s13@group-F62FDFAA15CF: appendEntries* s12->s13#5087-t1,previous=(t:1, i:89),leaderCommit=89,initializing? false,entries: size=1, first=(t:1, i:90), METADATAENTRY(c:89)
2024-10-09 04:29:52,837 DEBUG server.RaftServer$Division (RaftServerImpl.java:submitClientRequestAsync(916)) - s12@group-F62FDFAA15CF: receive client request(RaftClientRequest:client-C0124BECB0F9->s12@group-F62FDFAA15CF, cid=5088, seq=null, RW, Message:01016100)
2024-10-09 04:29:52,837 DEBUG server.RaftServer$Division (RaftServerImpl.java:logAppendEntries(1545)) - s13@group-F62FDFAA15CF: appendEntries* reply s12<-s13#5087:OK-t1,SUCCESS,nextIndex=91,followerCommit=89,matchIndex=90
2024-10-09 04:29:52,837 DEBUG server.RaftServer$Division (LeaderStateImpl.java:addPendingRequest(529)) - s12@group-F62FDFAA15CF-LeaderStateImpl: addPendingRequest at RaftClientRequest:client-C0124BECB0F9->s12@group-F62FDFAA15CF, cid=5088, seq=null, RW, Message:01016100, entry=(t:1, i:91), STATEMACHINELOGENTRY, WRITE: logData.size=4, stateMachineData.size=0, logEntryProtoSerializedSize=0
2024-10-09 04:29:52,837 DEBUG server.RaftServer$Division (RaftServerImpl.java:logAppendEntries(1545)) - s13@group-F62FDFAA15CF: appendEntries* s12->s13#5089-t1,previous=(t:1, i:90),leaderCommit=89,initializing? false,entries: size=1, first=(t:1, i:91), STATEMACHINELOGENTRY, StateMachineLogEntryProto:5088@client-C0124BECB0F9
2024-10-09 04:29:52,838 DEBUG server.RaftServer$Division (RaftServerImpl.java:logAppendEntries(1545)) - s13@group-F62FDFAA15CF: appendEntries* reply s12<-s13#5089:OK-t1,SUCCESS,nextIndex=92,followerCommit=89,matchIndex=91
2024-10-09 04:29:52,838 INFO  statemachine.StateMachine (ArithmeticStateMachine.java:applyTransaction(181)) - LEADER:s12-91: a = null = null
2024-10-09 04:29:52,838 DEBUG server.RaftServer$Division (RaftServerImpl.java:logAppendEntries(1545)) - s13@group-F62FDFAA15CF: appendEntries* s12->s13#5090-t1,previous=(t:1, i:91),leaderCommit=91,initializing? false,entries: size=1, first=(t:1, i:92), METADATAENTRY(c:91)
2024-10-09 04:29:52,839 DEBUG server.RaftServer$Division (RaftServerImpl.java:logAppendEntries(1545)) - s13@group-F62FDFAA15CF: appendEntries* reply s12<-s13#5090:OK-t1,SUCCESS,nextIndex=93,followerCommit=91,matchIndex=92
2024-10-09 04:29:52,839 DEBUG server.RaftServer$Division (RaftServerImpl.java:submitClientRequestAsync(916)) - s12@group-F62FDFAA15CF: receive client request(RaftClientRequest:client-C0124BECB0F9->s12@group-F62FDFAA15CF, cid=5091, seq=null, RW, Message:01016200)
2024-10-09 04:29:52,839 DEBUG server.RaftServer$Division (LeaderStateImpl.java:addPendingRequest(529)) - s12@group-F62FDFAA15CF-LeaderStateImpl: addPendingRequest at RaftClientRequest:client-C0124BECB0F9->s12@group-F62FDFAA15CF, cid=5091, seq=null, RW, Message:01016200, entry=(t:1, i:93), STATEMACHINELOGENTRY, WRITE: logData.size=4, stateMachineData.size=0, logEntryProtoSerializedSize=0
2024-10-09 04:29:52,840 DEBUG server.RaftServer$Division (RaftServerImpl.java:logAppendEntries(1545)) - s13@group-F62FDFAA15CF: appendEntries* s12->s13#5092-t1,previous=(t:1, i:92),leaderCommit=92,initializing? false,entries: size=1, first=(t:1, i:93), STATEMACHINELOGENTRY, StateMachineLogEntryProto:5091@client-C0124BECB0F9
2024-10-09 04:29:52,840 DEBUG server.RaftServer$Division (RaftServerImpl.java:logAppendEntries(1545)) - s13@group-F62FDFAA15CF: appendEntries* reply s12<-s13#5092:OK-t1,SUCCESS,nextIndex=94,followerCommit=92,matchIndex=93
2024-10-09 04:29:52,840 INFO  statemachine.StateMachine (ArithmeticStateMachine.java:applyTransaction(181)) - LEADER:s12-93: b = null = null
2024-10-09 04:29:52,840 DEBUG server.RaftServer$Division (RaftServerImpl.java:logAppendEntries(1545)) - s13@group-F62FDFAA15CF: appendEntries* s12->s13#5093-t1,previous=(t:1, i:93),leaderCommit=93,initializing? false,entries: size=1, first=(t:1, i:94), METADATAENTRY(c:93)
2024-10-09 04:29:52,841 DEBUG server.RaftServer$Division (RaftServerImpl.java:submitClientRequestAsync(916)) - s12@group-F62FDFAA15CF: receive client request(RaftClientRequest:client-C0124BECB0F9->s12@group-F62FDFAA15CF, cid=5094, seq=null, RW, Message:01016300)
2024-10-09 04:29:52,841 DEBUG server.RaftServer$Division (RaftServerImpl.java:logAppendEntries(1545)) - s13@group-F62FDFAA15CF: appendEntries* reply s12<-s13#5093:OK-t1,SUCCESS,nextIndex=95,followerCommit=93,matchIndex=94
2024-10-09 04:29:52,841 DEBUG server.RaftServer$Division (LeaderStateImpl.java:addPendingRequest(529)) - s12@group-F62FDFAA15CF-LeaderStateImpl: addPendingRequest at RaftClientRequest:client-C0124BECB0F9->s12@group-F62FDFAA15CF, cid=5094, seq=null, RW, Message:01016300, entry=(t:1, i:95), STATEMACHINELOGENTRY, WRITE: logData.size=4, stateMachineData.size=0, logEntryProtoSerializedSize=0
2024-10-09 04:29:52,841 DEBUG server.RaftServer$Division (RaftServerImpl.java:logAppendEntries(1545)) - s13@group-F62FDFAA15CF: appendEntries* s12->s13#5095-t1,previous=(t:1, i:94),leaderCommit=93,initializing? false,entries: size=1, first=(t:1, i:95), STATEMACHINELOGENTRY, StateMachineLogEntryProto:5094@client-C0124BECB0F9
2024-10-09 04:29:52,842 DEBUG server.RaftServer$Division (RaftServerImpl.java:logAppendEntries(1545)) - s13@group-F62FDFAA15CF: appendEntries* reply s12<-s13#5095:OK-t1,SUCCESS,nextIndex=96,followerCommit=93,matchIndex=95
2024-10-09 04:29:52,842 INFO  statemachine.StateMachine (ArithmeticStateMachine.java:applyTransaction(181)) - LEADER:s12-95: c = null = null
2024-10-09 04:29:52,842 DEBUG server.RaftServer$Division (RaftServerImpl.java:logAppendEntries(1545)) - s13@group-F62FDFAA15CF: appendEntries* s12->s13#5096-t1,previous=(t:1, i:95),leaderCommit=95,initializing? false,entries: size=1, first=(t:1, i:96), METADATAENTRY(c:95)
2024-10-09 04:29:52,843 DEBUG server.RaftServer$Division (RaftServerImpl.java:logAppendEntries(1545)) - s11@group-F62FDFAA15CF: appendEntries* s12->s11#5085-t1,previous=(t:1, i:87),leaderCommit=87,initializing? false,entries: size=2, first=(t:1, i:88), METADATAENTRY(c:87)
2024-10-09 04:29:52,843 DEBUG server.RaftServer$Division (RaftServerImpl.java:submitClientRequestAsync(916)) - s12@group-F62FDFAA15CF: receive client request(RaftClientRequest:client-C0124BECB0F9->s12@group-F62FDFAA15CF, cid=5097, seq=null, RW, Message:01016102404380000000...(size=12))
2024-10-09 04:29:52,843 DEBUG server.RaftServer$Division (LeaderStateImpl.java:addPendingRequest(529)) - s12@group-F62FDFAA15CF-LeaderStateImpl: addPendingRequest at RaftClientRequest:client-C0124BECB0F9->s12@group-F62FDFAA15CF, cid=5097, seq=null, RW, Message:01016102404380000000...(size=12), entry=(t:1, i:97), STATEMACHINELOGENTRY, WRITE: logData.size=12, stateMachineData.size=0, logEntryProtoSerializedSize=0
2024-10-09 04:29:52,843 DEBUG server.RaftServer$Division (RaftServerImpl.java:logAppendEntries(1545)) - s11@group-F62FDFAA15CF: appendEntries* reply s12<-s11#5085:OK-t1,SUCCESS,nextIndex=90,followerCommit=87,matchIndex=89
2024-10-09 04:29:52,843 DEBUG server.RaftServer$Division (RaftServerImpl.java:logAppendEntries(1545)) - s13@group-F62FDFAA15CF: appendEntries* reply s12<-s13#5096:OK-t1,SUCCESS,nextIndex=97,followerCommit=95,matchIndex=96
2024-10-09 04:29:52,844 DEBUG server.RaftServer$Division (RaftServerImpl.java:logAppendEntries(1545)) - s11@group-F62FDFAA15CF: appendEntries* s12->s11#5098-t1,previous=(t:1, i:89),leaderCommit=95,initializing? false,entries: size=8, first=(t:1, i:90), METADATAENTRY(c:89)
2024-10-09 04:29:52,844 DEBUG server.RaftServer$Division (RaftServerImpl.java:logAppendEntries(1545)) - s13@group-F62FDFAA15CF: appendEntries* s12->s13#5099-t1,previous=(t:1, i:96),leaderCommit=95,initializing? false,entries: size=1, first=(t:1, i:97), STATEMACHINELOGENTRY, StateMachineLogEntryProto:5097@client-C0124BECB0F9
2024-10-09 04:29:52,844 DEBUG server.RaftServer$Division (RaftServerImpl.java:logAppendEntries(1545)) - s11@group-F62FDFAA15CF: appendEntries* reply s12<-s11#5098:OK-t1,SUCCESS,nextIndex=98,followerCommit=95,matchIndex=97
2024-10-09 04:29:52,844 DEBUG server.RaftServer$Division (RaftServerImpl.java:logAppendEntries(1545)) - s13@group-F62FDFAA15CF: appendEntries* reply s12<-s13#5099:OK-t1,SUCCESS,nextIndex=98,followerCommit=95,matchIndex=97
2024-10-09 04:29:52,845 INFO  statemachine.StateMachine (ArithmeticStateMachine.java:applyTransaction(181)) - LEADER:s12-97: a = 39 = 39
2024-10-09 04:29:52,845 DEBUG server.RaftServer$Division (RaftServerImpl.java:logAppendEntries(1545)) - s11@group-F62FDFAA15CF: appendEntries* s12->s11#5100-t1,previous=(t:1, i:97),leaderCommit=97,initializing? false,entries: size=1, first=(t:1, i:98), METADATAENTRY(c:97)
2024-10-09 04:29:52,845 DEBUG server.RaftServer$Division (RaftServerImpl.java:logAppendEntries(1545)) - s13@group-F62FDFAA15CF: appendEntries* s12->s13#5101-t1,previous=(t:1, i:97),leaderCommit=97,initializing? false,entries: size=1, first=(t:1, i:98), METADATAENTRY(c:97)
2024-10-09 04:29:52,845 DEBUG server.RaftServer$Division (RaftServerImpl.java:logAppendEntries(1545)) - s11@group-F62FDFAA15CF: appendEntries* reply s12<-s11#5100:OK-t1,SUCCESS,nextIndex=99,followerCommit=97,matchIndex=98
2024-10-09 04:29:52,845 DEBUG server.RaftServer$Division (RaftServerImpl.java:logAppendEntries(1545)) - s13@group-F62FDFAA15CF: appendEntries* reply s12<-s13#5101:OK-t1,SUCCESS,nextIndex=99,followerCommit=97,matchIndex=98
2024-10-09 04:29:52,846 DEBUG server.RaftServer$Division (RaftServerImpl.java:submitClientRequestAsync(916)) - s12@group-F62FDFAA15CF: receive client request(RaftClientRequest:client-C0124BECB0F9->s12@group-F62FDFAA15CF, cid=5102, seq=null, RW, Message:010162024087c0000000...(size=12))
2024-10-09 04:29:52,846 DEBUG server.RaftServer$Division (LeaderStateImpl.java:addPendingRequest(529)) - s12@group-F62FDFAA15CF-LeaderStateImpl: addPendingRequest at RaftClientRequest:client-C0124BECB0F9->s12@group-F62FDFAA15CF, cid=5102, seq=null, RW, Message:010162024087c0000000...(size=12), entry=(t:1, i:99), STATEMACHINELOGENTRY, WRITE: logData.size=12, stateMachineData.size=0, logEntryProtoSerializedSize=0
2024-10-09 04:29:52,846 DEBUG server.RaftServer$Division (RaftServerImpl.java:logAppendEntries(1545)) - s11@group-F62FDFAA15CF: appendEntries* s12->s11#5103-t1,previous=(t:1, i:98),leaderCommit=98,initializing? false,entries: size=1, first=(t:1, i:99), STATEMACHINELOGENTRY, StateMachineLogEntryProto:5102@client-C0124BECB0F9
2024-10-09 04:29:52,847 DEBUG server.RaftServer$Division (RaftServerImpl.java:logAppendEntries(1545)) - s13@group-F62FDFAA15CF: appendEntries* s12->s13#5104-t1,previous=(t:1, i:98),leaderCommit=98,initializing? false,entries: size=1, first=(t:1, i:99), STATEMACHINELOGENTRY, StateMachineLogEntryProto:5102@client-C0124BECB0F9
2024-10-09 04:29:52,847 DEBUG server.RaftServer$Division (RaftServerImpl.java:logAppendEntries(1545)) - s11@group-F62FDFAA15CF: appendEntries* reply s12<-s11#5103:OK-t1,SUCCESS,nextIndex=100,followerCommit=98,matchIndex=99
2024-10-09 04:29:52,847 INFO  statemachine.StateMachine (ArithmeticStateMachine.java:applyTransaction(181)) - LEADER:s12-99: b = 760 = 760
2024-10-09 04:29:52,847 DEBUG server.RaftServer$Division (RaftServerImpl.java:logAppendEntries(1545)) - s13@group-F62FDFAA15CF: appendEntries* reply s12<-s13#5104:OK-t1,SUCCESS,nextIndex=100,followerCommit=98,matchIndex=99
2024-10-09 04:29:52,847 DEBUG server.RaftServer$Division (RaftServerImpl.java:logAppendEntries(1545)) - s11@group-F62FDFAA15CF: appendEntries* s12->s11#5105-t1,previous=(t:1, i:99),leaderCommit=99,initializing? false,entries: size=1, first=(t:1, i:100), METADATAENTRY(c:99)
2024-10-09 04:29:52,848 DEBUG server.RaftServer$Division (RaftServerImpl.java:logAppendEntries(1545)) - s13@group-F62FDFAA15CF: appendEntries* s12->s13#5106-t1,previous=(t:1, i:99),leaderCommit=99,initializing? false,entries: size=1, first=(t:1, i:100), METADATAENTRY(c:99)
2024-10-09 04:29:52,848 DEBUG server.RaftServer$Division (RaftServerImpl.java:logAppendEntries(1545)) - s11@group-F62FDFAA15CF: appendEntries* reply s12<-s11#5105:OK-t1,SUCCESS,nextIndex=101,followerCommit=99,matchIndex=100
2024-10-09 04:29:52,848 DEBUG server.RaftServer$Division (RaftServerImpl.java:logAppendEntries(1545)) - s13@group-F62FDFAA15CF: appendEntries* reply s12<-s13#5106:OK-t1,SUCCESS,nextIndex=101,followerCommit=99,matchIndex=100
2024-10-09 04:29:52,848 DEBUG server.RaftServer$Division (RaftServerImpl.java:submitClientRequestAsync(916)) - s12@group-F62FDFAA15CF: receive client request(RaftClientRequest:client-C0124BECB0F9->s12@group-F62FDFAA15CF, cid=5107, seq=null, RW, Message:01016304010300040201...(size=17))
2024-10-09 04:29:52,849 DEBUG server.RaftServer$Division (LeaderStateImpl.java:addPendingRequest(529)) - s12@group-F62FDFAA15CF-LeaderStateImpl: addPendingRequest at RaftClientRequest:client-C0124BECB0F9->s12@group-F62FDFAA15CF, cid=5107, seq=null, RW, Message:01016304010300040201...(size=17), entry=(t:1, i:101), STATEMACHINELOGENTRY, WRITE: logData.size=17, stateMachineData.size=0, logEntryProtoSerializedSize=0
2024-10-09 04:29:52,849 DEBUG server.RaftServer$Division (RaftServerImpl.java:logAppendEntries(1545)) - s11@group-F62FDFAA15CF: appendEntries* s12->s11#5108-t1,previous=(t:1, i:100),leaderCommit=100,initializing? false,entries: size=1, first=(t:1, i:101), STATEMACHINELOGENTRY, StateMachineLogEntryProto:5107@client-C0124BECB0F9
2024-10-09 04:29:52,849 DEBUG server.RaftServer$Division (RaftServerImpl.java:logAppendEntries(1545)) - s13@group-F62FDFAA15CF: appendEntries* s12->s13#5109-t1,previous=(t:1, i:100),leaderCommit=100,initializing? false,entries: size=1, first=(t:1, i:101), STATEMACHINELOGENTRY, StateMachineLogEntryProto:5107@client-C0124BECB0F9
2024-10-09 04:29:52,849 DEBUG server.RaftServer$Division (RaftServerImpl.java:logAppendEntries(1545)) - s11@group-F62FDFAA15CF: appendEntries* reply s12<-s11#5108:OK-t1,SUCCESS,nextIndex=102,followerCommit=100,matchIndex=101
2024-10-09 04:29:52,850 INFO  statemachine.StateMachine (ArithmeticStateMachine.java:applyTransaction(181)) - LEADER:s12-101: c = √(a^2 + b^2) = 761
2024-10-09 04:29:52,850 DEBUG server.RaftServer$Division (RaftServerImpl.java:logAppendEntries(1545)) - s13@group-F62FDFAA15CF: appendEntries* reply s12<-s13#5109:OK-t1,SUCCESS,nextIndex=102,followerCommit=100,matchIndex=101
2024-10-09 04:29:52,850 DEBUG server.RaftServer$Division (RaftServerImpl.java:logAppendEntries(1545)) - s11@group-F62FDFAA15CF: appendEntries* s12->s11#5110-t1,previous=(t:1, i:101),leaderCommit=101,initializing? false,entries: size=1, first=(t:1, i:102), METADATAENTRY(c:101)
2024-10-09 04:29:52,850 DEBUG server.RaftServer$Division (RaftServerImpl.java:logAppendEntries(1545)) - s13@group-F62FDFAA15CF: appendEntries* s12->s13#5111-t1,previous=(t:1, i:101),leaderCommit=101,initializing? false,entries: size=1, first=(t:1, i:102), METADATAENTRY(c:101)
2024-10-09 04:29:52,850 DEBUG server.RaftServer$Division (RaftServerImpl.java:logAppendEntries(1545)) - s11@group-F62FDFAA15CF: appendEntries* reply s12<-s11#5110:OK-t1,SUCCESS,nextIndex=103,followerCommit=101,matchIndex=102
2024-10-09 04:29:52,851 DEBUG server.RaftServer$Division (RaftServerImpl.java:logAppendEntries(1545)) - s13@group-F62FDFAA15CF: appendEntries* reply s12<-s13#5111:OK-t1,SUCCESS,nextIndex=103,followerCommit=101,matchIndex=102
2024-10-09 04:29:52,851 DEBUG server.RaftServer$Division (RaftServerImpl.java:submitClientRequestAsync(916)) - s12@group-F62FDFAA15CF: receive client request(RaftClientRequest:client-C0124BECB0F9->s12@group-F62FDFAA15CF, cid=5112, seq=null, RW, Message:01016100)
2024-10-09 04:29:52,851 DEBUG server.RaftServer$Division (LeaderStateImpl.java:addPendingRequest(529)) - s12@group-F62FDFAA15CF-LeaderStateImpl: addPendingRequest at RaftClientRequest:client-C0124BECB0F9->s12@group-F62FDFAA15CF, cid=5112, seq=null, RW, Message:01016100, entry=(t:1, i:103), STATEMACHINELOGENTRY, WRITE: logData.size=4, stateMachineData.size=0, logEntryProtoSerializedSize=0
2024-10-09 04:29:52,851 DEBUG server.RaftServer$Division (RaftServerImpl.java:logAppendEntries(1545)) - s11@group-F62FDFAA15CF: appendEntries* s12->s11#5113-t1,previous=(t:1, i:102),leaderCommit=102,initializing? false,entries: size=1, first=(t:1, i:103), STATEMACHINELOGENTRY, StateMachineLogEntryProto:5112@client-C0124BECB0F9
2024-10-09 04:29:52,851 DEBUG server.RaftServer$Division (RaftServerImpl.java:logAppendEntries(1545)) - s13@group-F62FDFAA15CF: appendEntries* s12->s13#5114-t1,previous=(t:1, i:102),leaderCommit=102,initializing? false,entries: size=1, first=(t:1, i:103), STATEMACHINELOGENTRY, StateMachineLogEntryProto:5112@client-C0124BECB0F9
2024-10-09 04:29:52,852 DEBUG server.RaftServer$Division (RaftServerImpl.java:logAppendEntries(1545)) - s11@group-F62FDFAA15CF: appendEntries* reply s12<-s11#5113:OK-t1,SUCCESS,nextIndex=104,followerCommit=102,matchIndex=103
2024-10-09 04:29:52,852 DEBUG server.RaftServer$Division (RaftServerImpl.java:logAppendEntries(1545)) - s13@group-F62FDFAA15CF: appendEntries* reply s12<-s13#5114:OK-t1,SUCCESS,nextIndex=104,followerCommit=102,matchIndex=103
2024-10-09 04:29:52,852 INFO  statemachine.StateMachine (ArithmeticStateMachine.java:applyTransaction(181)) - LEADER:s12-103: a = null = null
2024-10-09 04:29:52,852 DEBUG server.RaftServer$Division (RaftServerImpl.java:logAppendEntries(1545)) - s11@group-F62FDFAA15CF: appendEntries* s12->s11#5115-t1,previous=(t:1, i:103),leaderCommit=103,initializing? false,entries: size=1, first=(t:1, i:104), METADATAENTRY(c:103)
2024-10-09 04:29:52,852 DEBUG server.RaftServer$Division (RaftServerImpl.java:logAppendEntries(1545)) - s13@group-F62FDFAA15CF: appendEntries* s12->s13#5116-t1,previous=(t:1, i:103),leaderCommit=103,initializing? false,entries: size=1, first=(t:1, i:104), METADATAENTRY(c:103)
2024-10-09 04:29:52,853 DEBUG server.RaftServer$Division (RaftServerImpl.java:submitClientRequestAsync(916)) - s12@group-F62FDFAA15CF: receive client request(RaftClientRequest:client-C0124BECB0F9->s12@group-F62FDFAA15CF, cid=5117, seq=null, RW, Message:01016200)
2024-10-09 04:29:52,853 DEBUG server.RaftServer$Division (RaftServerImpl.java:logAppendEntries(1545)) - s13@group-F62FDFAA15CF: appendEntries* reply s12<-s13#5116:OK-t1,SUCCESS,nextIndex=105,followerCommit=103,matchIndex=104
2024-10-09 04:29:52,853 DEBUG server.RaftServer$Division (RaftServerImpl.java:logAppendEntries(1545)) - s11@group-F62FDFAA15CF: appendEntries* reply s12<-s11#5115:OK-t1,SUCCESS,nextIndex=105,followerCommit=103,matchIndex=104
2024-10-09 04:29:52,853 DEBUG server.RaftServer$Division (LeaderStateImpl.java:addPendingRequest(529)) - s12@group-F62FDFAA15CF-LeaderStateImpl: addPendingRequest at RaftClientRequest:client-C0124BECB0F9->s12@group-F62FDFAA15CF, cid=5117, seq=null, RW, Message:01016200, entry=(t:1, i:105), STATEMACHINELOGENTRY, WRITE: logData.size=4, stateMachineData.size=0, logEntryProtoSerializedSize=0
2024-10-09 04:29:52,854 DEBUG server.RaftServer$Division (RaftServerImpl.java:logAppendEntries(1545)) - s11@group-F62FDFAA15CF: appendEntries* s12->s11#5118-t1,previous=(t:1, i:104),leaderCommit=103,initializing? false,entries: size=1, first=(t:1, i:105), STATEMACHINELOGENTRY, StateMachineLogEntryProto:5117@client-C0124BECB0F9
2024-10-09 04:29:52,854 DEBUG server.RaftServer$Division (RaftServerImpl.java:logAppendEntries(1545)) - s13@group-F62FDFAA15CF: appendEntries* s12->s13#5119-t1,previous=(t:1, i:104),leaderCommit=104,initializing? false,entries: size=1, first=(t:1, i:105), STATEMACHINELOGENTRY, StateMachineLogEntryProto:5117@client-C0124BECB0F9
2024-10-09 04:29:52,854 DEBUG server.RaftServer$Division (RaftServerImpl.java:logAppendEntries(1545)) - s11@group-F62FDFAA15CF: appendEntries* reply s12<-s11#5118:OK-t1,SUCCESS,nextIndex=106,followerCommit=103,matchIndex=105
2024-10-09 04:29:52,854 DEBUG server.RaftServer$Division (RaftServerImpl.java:logAppendEntries(1545)) - s13@group-F62FDFAA15CF: appendEntries* reply s12<-s13#5119:OK-t1,SUCCESS,nextIndex=106,followerCommit=104,matchIndex=105
2024-10-09 04:29:52,855 INFO  statemachine.StateMachine (ArithmeticStateMachine.java:applyTransaction(181)) - LEADER:s12-105: b = null = null
2024-10-09 04:29:52,855 DEBUG server.RaftServer$Division (RaftServerImpl.java:logAppendEntries(1545)) - s13@group-F62FDFAA15CF: appendEntries* s12->s13#5120-t1,previous=(t:1, i:105),leaderCommit=105,initializing? false,entries: size=1, first=(t:1, i:106), METADATAENTRY(c:105)
2024-10-09 04:29:52,855 DEBUG server.RaftServer$Division (RaftServerImpl.java:logAppendEntries(1545)) - s11@group-F62FDFAA15CF: appendEntries* s12->s11#5121-t1,previous=(t:1, i:105),leaderCommit=105,initializing? false,entries: size=1, first=(t:1, i:106), METADATAENTRY(c:105)
2024-10-09 04:29:52,855 DEBUG server.RaftServer$Division (RaftServerImpl.java:logAppendEntries(1545)) - s13@group-F62FDFAA15CF: appendEntries* reply s12<-s13#5120:OK-t1,SUCCESS,nextIndex=107,followerCommit=105,matchIndex=106
2024-10-09 04:29:52,855 DEBUG server.RaftServer$Division (RaftServerImpl.java:logAppendEntries(1545)) - s11@group-F62FDFAA15CF: appendEntries* reply s12<-s11#5121:OK-t1,SUCCESS,nextIndex=107,followerCommit=105,matchIndex=106
2024-10-09 04:29:52,856 DEBUG server.RaftServer$Division (RaftServerImpl.java:submitClientRequestAsync(916)) - s12@group-F62FDFAA15CF: receive client request(RaftClientRequest:client-C0124BECB0F9->s12@group-F62FDFAA15CF, cid=5122, seq=null, RW, Message:01016300)
2024-10-09 04:29:52,856 DEBUG server.RaftServer$Division (LeaderStateImpl.java:addPendingRequest(529)) - s12@group-F62FDFAA15CF-LeaderStateImpl: addPendingRequest at RaftClientRequest:client-C0124BECB0F9->s12@group-F62FDFAA15CF, cid=5122, seq=null, RW, Message:01016300, entry=(t:1, i:107), STATEMACHINELOGENTRY, WRITE: logData.size=4, stateMachineData.size=0, logEntryProtoSerializedSize=0
2024-10-09 04:29:52,856 DEBUG server.RaftServer$Division (RaftServerImpl.java:logAppendEntries(1545)) - s11@group-F62FDFAA15CF: appendEntries* s12->s11#5123-t1,previous=(t:1, i:106),leaderCommit=106,initializing? false,entries: size=1, first=(t:1, i:107), STATEMACHINELOGENTRY, StateMachineLogEntryProto:5122@client-C0124BECB0F9
2024-10-09 04:29:52,857 DEBUG server.RaftServer$Division (RaftServerImpl.java:logAppendEntries(1545)) - s13@group-F62FDFAA15CF: appendEntries* s12->s13#5124-t1,previous=(t:1, i:106),leaderCommit=106,initializing? false,entries: size=1, first=(t:1, i:107), STATEMACHINELOGENTRY, StateMachineLogEntryProto:5122@client-C0124BECB0F9
2024-10-09 04:29:52,857 DEBUG server.RaftServer$Division (RaftServerImpl.java:logAppendEntries(1545)) - s11@group-F62FDFAA15CF: appendEntries* reply s12<-s11#5123:OK-t1,SUCCESS,nextIndex=108,followerCommit=106,matchIndex=107
2024-10-09 04:29:52,857 DEBUG server.RaftServer$Division (RaftServerImpl.java:logAppendEntries(1545)) - s13@group-F62FDFAA15CF: appendEntries* reply s12<-s13#5124:OK-t1,SUCCESS,nextIndex=108,followerCommit=106,matchIndex=107
2024-10-09 04:29:52,857 INFO  statemachine.StateMachine (ArithmeticStateMachine.java:applyTransaction(181)) - LEADER:s12-107: c = null = null
2024-10-09 04:29:52,857 DEBUG server.RaftServer$Division (RaftServerImpl.java:logAppendEntries(1545)) - s13@group-F62FDFAA15CF: appendEntries* s12->s13#5125-t1,previous=(t:1, i:107),leaderCommit=107,initializing? false,entries: size=1, first=(t:1, i:108), METADATAENTRY(c:107)
2024-10-09 04:29:52,857 DEBUG server.RaftServer$Division (RaftServerImpl.java:logAppendEntries(1545)) - s11@group-F62FDFAA15CF: appendEntries* s12->s11#5126-t1,previous=(t:1, i:107),leaderCommit=107,initializing? false,entries: size=1, first=(t:1, i:108), METADATAENTRY(c:107)
2024-10-09 04:29:52,858 DEBUG server.RaftServer$Division (RaftServerImpl.java:logAppendEntries(1545)) - s13@group-F62FDFAA15CF: appendEntries* reply s12<-s13#5125:OK-t1,SUCCESS,nextIndex=109,followerCommit=107,matchIndex=108
2024-10-09 04:29:52,858 DEBUG server.RaftServer$Division (RaftServerImpl.java:logAppendEntries(1545)) - s11@group-F62FDFAA15CF: appendEntries* reply s12<-s11#5126:OK-t1,SUCCESS,nextIndex=109,followerCommit=107,matchIndex=108
2024-10-09 04:29:52,858 DEBUG server.RaftServer$Division (RaftServerImpl.java:submitClientRequestAsync(916)) - s12@group-F62FDFAA15CF: receive client request(RaftClientRequest:client-C0124BECB0F9->s12@group-F62FDFAA15CF, cid=5127, seq=null, RW, Message:01016102404480000000...(size=12))
2024-10-09 04:29:52,858 DEBUG server.RaftServer$Division (LeaderStateImpl.java:addPendingRequest(529)) - s12@group-F62FDFAA15CF-LeaderStateImpl: addPendingRequest at RaftClientRequest:client-C0124BECB0F9->s12@group-F62FDFAA15CF, cid=5127, seq=null, RW, Message:01016102404480000000...(size=12), entry=(t:1, i:109), STATEMACHINELOGENTRY, WRITE: logData.size=12, stateMachineData.size=0, logEntryProtoSerializedSize=0
2024-10-09 04:29:52,859 DEBUG server.RaftServer$Division (RaftServerImpl.java:logAppendEntries(1545)) - s11@group-F62FDFAA15CF: appendEntries* s12->s11#5128-t1,previous=(t:1, i:108),leaderCommit=108,initializing? false,entries: size=1, first=(t:1, i:109), STATEMACHINELOGENTRY, StateMachineLogEntryProto:5127@client-C0124BECB0F9
2024-10-09 04:29:52,859 DEBUG server.RaftServer$Division (RaftServerImpl.java:logAppendEntries(1545)) - s13@group-F62FDFAA15CF: appendEntries* s12->s13#5129-t1,previous=(t:1, i:108),leaderCommit=108,initializing? false,entries: size=1, first=(t:1, i:109), STATEMACHINELOGENTRY, StateMachineLogEntryProto:5127@client-C0124BECB0F9
2024-10-09 04:29:52,859 DEBUG server.RaftServer$Division (RaftServerImpl.java:logAppendEntries(1545)) - s11@group-F62FDFAA15CF: appendEntries* reply s12<-s11#5128:OK-t1,SUCCESS,nextIndex=110,followerCommit=108,matchIndex=109
2024-10-09 04:29:52,860 INFO  statemachine.StateMachine (ArithmeticStateMachine.java:applyTransaction(181)) - LEADER:s12-109: a = 41 = 41
2024-10-09 04:29:52,860 DEBUG server.RaftServer$Division (RaftServerImpl.java:logAppendEntries(1545)) - s13@group-F62FDFAA15CF: appendEntries* reply s12<-s13#5129:OK-t1,SUCCESS,nextIndex=110,followerCommit=108,matchIndex=109
2024-10-09 04:29:52,860 DEBUG server.RaftServer$Division (RaftServerImpl.java:logAppendEntries(1545)) - s11@group-F62FDFAA15CF: appendEntries* s12->s11#5130-t1,previous=(t:1, i:109),leaderCommit=109,initializing? false,entries: size=1, first=(t:1, i:110), METADATAENTRY(c:109)
2024-10-09 04:29:52,860 DEBUG server.RaftServer$Division (RaftServerImpl.java:logAppendEntries(1545)) - s13@group-F62FDFAA15CF: appendEntries* s12->s13#5131-t1,previous=(t:1, i:109),leaderCommit=109,initializing? false,entries: size=1, first=(t:1, i:110), METADATAENTRY(c:109)
2024-10-09 04:29:52,860 DEBUG server.RaftServer$Division (RaftServerImpl.java:submitClientRequestAsync(916)) - s12@group-F62FDFAA15CF: receive client request(RaftClientRequest:client-C0124BECB0F9->s12@group-F62FDFAA15CF, cid=5132, seq=null, RW, Message:01016202408a40000000...(size=12))
2024-10-09 04:29:52,861 DEBUG server.RaftServer$Division (LeaderStateImpl.java:addPendingRequest(529)) - s12@group-F62FDFAA15CF-LeaderStateImpl: addPendingRequest at RaftClientRequest:client-C0124BECB0F9->s12@group-F62FDFAA15CF, cid=5132, seq=null, RW, Message:01016202408a40000000...(size=12), entry=(t:1, i:111), STATEMACHINELOGENTRY, WRITE: logData.size=12, stateMachineData.size=0, logEntryProtoSerializedSize=0
2024-10-09 04:29:52,861 DEBUG server.RaftServer$Division (RaftServerImpl.java:logAppendEntries(1545)) - s13@group-F62FDFAA15CF: appendEntries* reply s12<-s13#5131:OK-t1,SUCCESS,nextIndex=111,followerCommit=109,matchIndex=110
2024-10-09 04:29:52,861 DEBUG server.RaftServer$Division (RaftServerImpl.java:logAppendEntries(1545)) - s11@group-F62FDFAA15CF: appendEntries* reply s12<-s11#5130:OK-t1,SUCCESS,nextIndex=111,followerCommit=109,matchIndex=110
2024-10-09 04:29:52,861 DEBUG server.RaftServer$Division (RaftServerImpl.java:logAppendEntries(1545)) - s13@group-F62FDFAA15CF: appendEntries* s12->s13#5133-t1,previous=(t:1, i:110),leaderCommit=109,initializing? false,entries: size=1, first=(t:1, i:111), STATEMACHINELOGENTRY, StateMachineLogEntryProto:5132@client-C0124BECB0F9
2024-10-09 04:29:52,861 DEBUG server.RaftServer$Division (RaftServerImpl.java:logAppendEntries(1545)) - s11@group-F62FDFAA15CF: appendEntries* s12->s11#5134-t1,previous=(t:1, i:110),leaderCommit=109,initializing? false,entries: size=1, first=(t:1, i:111), STATEMACHINELOGENTRY, StateMachineLogEntryProto:5132@client-C0124BECB0F9
2024-10-09 04:29:52,862 DEBUG server.RaftServer$Division (RaftServerImpl.java:logAppendEntries(1545)) - s13@group-F62FDFAA15CF: appendEntries* reply s12<-s13#5133:OK-t1,SUCCESS,nextIndex=112,followerCommit=109,matchIndex=111
2024-10-09 04:29:52,862 DEBUG server.RaftServer$Division (RaftServerImpl.java:logAppendEntries(1545)) - s11@group-F62FDFAA15CF: appendEntries* reply s12<-s11#5134:OK-t1,SUCCESS,nextIndex=112,followerCommit=109,matchIndex=111
2024-10-09 04:29:52,862 INFO  statemachine.StateMachine (ArithmeticStateMachine.java:applyTransaction(181)) - LEADER:s12-111: b = 840 = 840
2024-10-09 04:29:52,862 DEBUG server.RaftServer$Division (RaftServerImpl.java:logAppendEntries(1545)) - s13@group-F62FDFAA15CF: appendEntries* s12->s13#5135-t1,previous=(t:1, i:111),leaderCommit=111,initializing? false,entries: size=1, first=(t:1, i:112), METADATAENTRY(c:111)
2024-10-09 04:29:52,863 DEBUG server.RaftServer$Division (RaftServerImpl.java:logAppendEntries(1545)) - s11@group-F62FDFAA15CF: appendEntries* s12->s11#5136-t1,previous=(t:1, i:111),leaderCommit=111,initializing? false,entries: size=1, first=(t:1, i:112), METADATAENTRY(c:111)
2024-10-09 04:29:52,863 DEBUG server.RaftServer$Division (RaftServerImpl.java:logAppendEntries(1545)) - s13@group-F62FDFAA15CF: appendEntries* reply s12<-s13#5135:OK-t1,SUCCESS,nextIndex=113,followerCommit=111,matchIndex=112
2024-10-09 04:29:52,863 DEBUG server.RaftServer$Division (RaftServerImpl.java:logAppendEntries(1545)) - s11@group-F62FDFAA15CF: appendEntries* reply s12<-s11#5136:OK-t1,SUCCESS,nextIndex=113,followerCommit=111,matchIndex=112
2024-10-09 04:29:52,863 DEBUG server.RaftServer$Division (RaftServerImpl.java:submitClientRequestAsync(916)) - s12@group-F62FDFAA15CF: receive client request(RaftClientRequest:client-C0124BECB0F9->s12@group-F62FDFAA15CF, cid=5137, seq=null, RW, Message:01016304010300040201...(size=17))
2024-10-09 04:29:52,864 DEBUG server.RaftServer$Division (LeaderStateImpl.java:addPendingRequest(529)) - s12@group-F62FDFAA15CF-LeaderStateImpl: addPendingRequest at RaftClientRequest:client-C0124BECB0F9->s12@group-F62FDFAA15CF, cid=5137, seq=null, RW, Message:01016304010300040201...(size=17), entry=(t:1, i:113), STATEMACHINELOGENTRY, WRITE: logData.size=17, stateMachineData.size=0, logEntryProtoSerializedSize=0
2024-10-09 04:29:52,864 DEBUG server.RaftServer$Division (RaftServerImpl.java:logAppendEntries(1545)) - s11@group-F62FDFAA15CF: appendEntries* s12->s11#5138-t1,previous=(t:1, i:112),leaderCommit=112,initializing? false,entries: size=1, first=(t:1, i:113), STATEMACHINELOGENTRY, StateMachineLogEntryProto:5137@client-C0124BECB0F9
2024-10-09 04:29:52,868 DEBUG server.RaftServer$Division (RaftServerImpl.java:logAppendEntries(1545)) - s11@group-F62FDFAA15CF: appendEntries* reply s12<-s11#5138:OK-t1,SUCCESS,nextIndex=114,followerCommit=112,matchIndex=113
2024-10-09 04:29:52,868 INFO  statemachine.StateMachine (ArithmeticStateMachine.java:applyTransaction(181)) - LEADER:s12-113: c = √(a^2 + b^2) = 841
2024-10-09 04:29:52,868 DEBUG server.RaftServer$Division (RaftServerImpl.java:logAppendEntries(1545)) - s11@group-F62FDFAA15CF: appendEntries* s12->s11#5140-t1,previous=(t:1, i:113),leaderCommit=113,initializing? false,entries: size=1, first=(t:1, i:114), METADATAENTRY(c:113)
2024-10-09 04:29:52,869 DEBUG server.RaftServer$Division (RaftServerImpl.java:logAppendEntries(1545)) - s13@group-F62FDFAA15CF: appendEntries* s12->s13#5139-t1,previous=(t:1, i:112),leaderCommit=112,initializing? false,entries: size=1, first=(t:1, i:113), STATEMACHINELOGENTRY, StateMachineLogEntryProto:5137@client-C0124BECB0F9
2024-10-09 04:29:52,869 DEBUG server.RaftServer$Division (RaftServerImpl.java:logAppendEntries(1545)) - s11@group-F62FDFAA15CF: appendEntries* reply s12<-s11#5140:OK-t1,SUCCESS,nextIndex=115,followerCommit=113,matchIndex=114
2024-10-09 04:29:52,870 DEBUG server.RaftServer$Division (RaftServerImpl.java:logAppendEntries(1545)) - s13@group-F62FDFAA15CF: appendEntries* reply s12<-s13#5139:OK-t1,SUCCESS,nextIndex=114,followerCommit=112,matchIndex=113
2024-10-09 04:29:52,870 DEBUG server.RaftServer$Division (RaftServerImpl.java:logAppendEntries(1545)) - s13@group-F62FDFAA15CF: appendEntries* s12->s13#5142-t1,previous=(t:1, i:113),leaderCommit=114,initializing? false,entries: size=1, first=(t:1, i:114), METADATAENTRY(c:113)
2024-10-09 04:29:52,871 DEBUG server.RaftServer$Division (RaftServerImpl.java:submitClientRequestAsync(916)) - s12@group-F62FDFAA15CF: receive client request(RaftClientRequest:client-C0124BECB0F9->s12@group-F62FDFAA15CF, cid=5141, seq=null, RW, Message:01016100)
2024-10-09 04:29:52,871 DEBUG server.RaftServer$Division (RaftServerImpl.java:logAppendEntries(1545)) - s13@group-F62FDFAA15CF: appendEntries* reply s12<-s13#5142:OK-t1,SUCCESS,nextIndex=115,followerCommit=114,matchIndex=114
2024-10-09 04:29:52,871 DEBUG server.RaftServer$Division (LeaderStateImpl.java:addPendingRequest(529)) - s12@group-F62FDFAA15CF-LeaderStateImpl: addPendingRequest at RaftClientRequest:client-C0124BECB0F9->s12@group-F62FDFAA15CF, cid=5141, seq=null, RW, Message:01016100, entry=(t:1, i:115), STATEMACHINELOGENTRY, WRITE: logData.size=4, stateMachineData.size=0, logEntryProtoSerializedSize=0
2024-10-09 04:29:52,872 DEBUG server.RaftServer$Division (RaftServerImpl.java:logAppendEntries(1545)) - s11@group-F62FDFAA15CF: appendEntries* s12->s11#5143-t1,previous=(t:1, i:114),leaderCommit=114,initializing? false,entries: size=1, first=(t:1, i:115), STATEMACHINELOGENTRY, StateMachineLogEntryProto:5141@client-C0124BECB0F9
2024-10-09 04:29:52,872 DEBUG server.RaftServer$Division (RaftServerImpl.java:logAppendEntries(1545)) - s11@group-F62FDFAA15CF: appendEntries* reply s12<-s11#5143:OK-t1,SUCCESS,nextIndex=116,followerCommit=114,matchIndex=115
2024-10-09 04:29:52,872 INFO  statemachine.StateMachine (ArithmeticStateMachine.java:applyTransaction(181)) - LEADER:s12-115: a = null = null
2024-10-09 04:29:52,873 DEBUG server.RaftServer$Division (RaftServerImpl.java:logAppendEntries(1545)) - s11@group-F62FDFAA15CF: appendEntries* s12->s11#5145-t1,previous=(t:1, i:115),leaderCommit=115,initializing? false,entries: size=1, first=(t:1, i:116), METADATAENTRY(c:115)
2024-10-09 04:29:52,873 DEBUG server.RaftServer$Division (RaftServerImpl.java:submitClientRequestAsync(916)) - s12@group-F62FDFAA15CF: receive client request(RaftClientRequest:client-C0124BECB0F9->s12@group-F62FDFAA15CF, cid=5146, seq=null, RW, Message:01016200)
2024-10-09 04:29:52,873 DEBUG server.RaftServer$Division (RaftServerImpl.java:logAppendEntries(1545)) - s11@group-F62FDFAA15CF: appendEntries* reply s12<-s11#5145:OK-t1,SUCCESS,nextIndex=117,followerCommit=115,matchIndex=116
2024-10-09 04:29:52,873 DEBUG server.RaftServer$Division (LeaderStateImpl.java:addPendingRequest(529)) - s12@group-F62FDFAA15CF-LeaderStateImpl: addPendingRequest at RaftClientRequest:client-C0124BECB0F9->s12@group-F62FDFAA15CF, cid=5146, seq=null, RW, Message:01016200, entry=(t:1, i:117), STATEMACHINELOGENTRY, WRITE: logData.size=4, stateMachineData.size=0, logEntryProtoSerializedSize=0
2024-10-09 04:29:52,874 DEBUG server.RaftServer$Division (RaftServerImpl.java:logAppendEntries(1545)) - s13@group-F62FDFAA15CF: appendEntries* s12->s13#5144-t1,previous=(t:1, i:114),leaderCommit=114,initializing? false,entries: size=1, first=(t:1, i:115), STATEMACHINELOGENTRY, StateMachineLogEntryProto:5141@client-C0124BECB0F9
2024-10-09 04:29:52,874 DEBUG server.RaftServer$Division (RaftServerImpl.java:logAppendEntries(1545)) - s11@group-F62FDFAA15CF: appendEntries* s12->s11#5147-t1,previous=(t:1, i:116),leaderCommit=115,initializing? false,entries: size=1, first=(t:1, i:117), STATEMACHINELOGENTRY, StateMachineLogEntryProto:5146@client-C0124BECB0F9
2024-10-09 04:29:52,874 DEBUG server.RaftServer$Division (RaftServerImpl.java:logAppendEntries(1545)) - s13@group-F62FDFAA15CF: appendEntries* reply s12<-s13#5144:OK-t1,SUCCESS,nextIndex=116,followerCommit=114,matchIndex=115
2024-10-09 04:29:52,874 DEBUG server.RaftServer$Division (RaftServerImpl.java:logAppendEntries(1545)) - s11@group-F62FDFAA15CF: appendEntries* reply s12<-s11#5147:OK-t1,SUCCESS,nextIndex=118,followerCommit=115,matchIndex=117
2024-10-09 04:29:52,875 DEBUG server.RaftServer$Division (RaftServerImpl.java:logAppendEntries(1545)) - s13@group-F62FDFAA15CF: appendEntries* s12->s13#5148-t1,previous=(t:1, i:115),leaderCommit=116,initializing? false,entries: size=2, first=(t:1, i:116), METADATAENTRY(c:115)
2024-10-09 04:29:52,875 INFO  statemachine.StateMachine (ArithmeticStateMachine.java:applyTransaction(181)) - LEADER:s12-117: b = null = null
2024-10-09 04:29:52,875 DEBUG server.RaftServer$Division (RaftServerImpl.java:logAppendEntries(1545)) - s11@group-F62FDFAA15CF: appendEntries* s12->s11#5149-t1,previous=(t:1, i:117),leaderCommit=117,initializing? false,entries: size=1, first=(t:1, i:118), METADATAENTRY(c:117)
2024-10-09 04:29:52,875 DEBUG server.RaftServer$Division (RaftServerImpl.java:submitClientRequestAsync(916)) - s12@group-F62FDFAA15CF: receive client request(RaftClientRequest:client-C0124BECB0F9->s12@group-F62FDFAA15CF, cid=5150, seq=null, RW, Message:01016300)
2024-10-09 04:29:52,876 DEBUG server.RaftServer$Division (RaftServerImpl.java:logAppendEntries(1545)) - s13@group-F62FDFAA15CF: appendEntries* reply s12<-s13#5148:OK-t1,SUCCESS,nextIndex=118,followerCommit=116,matchIndex=117
2024-10-09 04:29:52,876 DEBUG server.RaftServer$Division (LeaderStateImpl.java:addPendingRequest(529)) - s12@group-F62FDFAA15CF-LeaderStateImpl: addPendingRequest at RaftClientRequest:client-C0124BECB0F9->s12@group-F62FDFAA15CF, cid=5150, seq=null, RW, Message:01016300, entry=(t:1, i:119), STATEMACHINELOGENTRY, WRITE: logData.size=4, stateMachineData.size=0, logEntryProtoSerializedSize=0
2024-10-09 04:29:52,876 DEBUG server.RaftServer$Division (RaftServerImpl.java:logAppendEntries(1545)) - s11@group-F62FDFAA15CF: appendEntries* reply s12<-s11#5149:OK-t1,SUCCESS,nextIndex=119,followerCommit=117,matchIndex=118
2024-10-09 04:29:52,876 DEBUG server.RaftServer$Division (RaftServerImpl.java:logAppendEntries(1545)) - s13@group-F62FDFAA15CF: appendEntries* s12->s13#5151-t1,previous=(t:1, i:117),leaderCommit=117,initializing? false,entries: size=2, first=(t:1, i:118), METADATAENTRY(c:117)
2024-10-09 04:29:52,876 DEBUG server.RaftServer$Division (RaftServerImpl.java:logAppendEntries(1545)) - s11@group-F62FDFAA15CF: appendEntries* s12->s11#5152-t1,previous=(t:1, i:118),leaderCommit=117,initializing? false,entries: size=1, first=(t:1, i:119), STATEMACHINELOGENTRY, StateMachineLogEntryProto:5150@client-C0124BECB0F9
2024-10-09 04:29:52,877 DEBUG server.RaftServer$Division (RaftServerImpl.java:logAppendEntries(1545)) - s13@group-F62FDFAA15CF: appendEntries* reply s12<-s13#5151:OK-t1,SUCCESS,nextIndex=120,followerCommit=117,matchIndex=119
2024-10-09 04:29:52,877 DEBUG server.RaftServer$Division (RaftServerImpl.java:logAppendEntries(1545)) - s11@group-F62FDFAA15CF: appendEntries* reply s12<-s11#5152:OK-t1,SUCCESS,nextIndex=120,followerCommit=117,matchIndex=119
2024-10-09 04:29:52,877 INFO  statemachine.StateMachine (ArithmeticStateMachine.java:applyTransaction(181)) - LEADER:s12-119: c = null = null
2024-10-09 04:29:52,878 DEBUG server.RaftServer$Division (RaftServerImpl.java:logAppendEntries(1545)) - s13@group-F62FDFAA15CF: appendEntries* s12->s13#5153-t1,previous=(t:1, i:119),leaderCommit=119,initializing? false,entries: size=1, first=(t:1, i:120), METADATAENTRY(c:119)
2024-10-09 04:29:52,878 DEBUG server.RaftServer$Division (RaftServerImpl.java:logAppendEntries(1545)) - s11@group-F62FDFAA15CF: appendEntries* s12->s11#5154-t1,previous=(t:1, i:119),leaderCommit=119,initializing? false,entries: size=1, first=(t:1, i:120), METADATAENTRY(c:119)
2024-10-09 04:29:52,878 DEBUG server.RaftServer$Division (RaftServerImpl.java:logAppendEntries(1545)) - s13@group-F62FDFAA15CF: appendEntries* reply s12<-s13#5153:OK-t1,SUCCESS,nextIndex=121,followerCommit=119,matchIndex=120
2024-10-09 04:29:52,878 DEBUG server.RaftServer$Division (RaftServerImpl.java:logAppendEntries(1545)) - s11@group-F62FDFAA15CF: appendEntries* reply s12<-s11#5154:OK-t1,SUCCESS,nextIndex=121,followerCommit=119,matchIndex=120
2024-10-09 04:29:52,883 INFO  impl.GroupManagementBaseTest (GroupManagementBaseTest.java:runMultiGroupTest(281)) - 2) starting group-9A0367B0C765:[s3|0.0.0.0:15018, s14|0.0.0.0:15029, s2|0.0.0.0:15017]
2024-10-09 04:29:52,883 INFO  netty.NettyUtils (NettyUtils.java:newEventLoopGroup(74)) - Create EpollEventLoopGroup for client-0A02755EBA11; Thread size is 0.
2024-10-09 04:29:52,885 INFO  logging.LoggingHandler (AbstractInternalLogger.java:log(148)) - [id: 0xbcbaa10e, L:/0.0.0.0:15029] READ: [id: 0x1a8f5e70, L:/127.0.0.1:15029 - R:/127.0.0.1:60868]
2024-10-09 04:29:52,885 INFO  logging.LoggingHandler (AbstractInternalLogger.java:log(148)) - [id: 0xbcbaa10e, L:/0.0.0.0:15029] READ COMPLETE
2024-10-09 04:29:52,888 INFO  server.RaftServer (RaftServerProxy.java:addNew(101)) - s14: addNew group-9A0367B0C765:[s3|0.0.0.0:15018, s14|0.0.0.0:15029, s2|0.0.0.0:15017] returns group-9A0367B0C765:java.util.concurrent.CompletableFuture@59184d5c[Not completed]
2024-10-09 04:29:52,888 INFO  server.RaftServer$Division (RaftServerImpl.java:<init>(256)) - s14: new RaftServerImpl for group-9A0367B0C765:[s3|0.0.0.0:15018, s14|0.0.0.0:15029, s2|0.0.0.0:15017] with ArithmeticStateMachine:uninitialized
2024-10-09 04:29:52,888 INFO  server.RaftServerConfigKeys (ConfUtils.java:logGet(46)) - raft.server.rpc.timeout.min = 300ms (custom)
2024-10-09 04:29:52,888 INFO  server.RaftServerConfigKeys (ConfUtils.java:logGet(46)) - raft.server.rpc.timeout.max = 600ms (custom)
2024-10-09 04:29:52,888 INFO  server.RaftServerConfigKeys (ConfUtils.java:logGet(46)) - raft.server.rpc.sleep.time = 25ms (default)
2024-10-09 04:29:52,888 INFO  server.RaftServerConfigKeys (ConfUtils.java:logGet(46)) - raft.server.rpc.slowness.timeout = 60s (default)
2024-10-09 04:29:52,888 INFO  server.RaftServerConfigKeys (ConfUtils.java:logGet(46)) - raft.server.leaderelection.leader.step-down.wait-time = 10s (default)
2024-10-09 04:29:52,888 INFO  server.RaftServerConfigKeys (ConfUtils.java:logGet(46)) - raft.server.leaderelection.member.majority-add = false (default)
2024-10-09 04:29:52,888 INFO  server.RaftServerConfigKeys (ConfUtils.java:logGet(46)) - raft.server.sleep.deviation.threshold = 300ms (default)
2024-10-09 04:29:52,889 INFO  server.RaftServer$Division (ServerState.java:<init>(114)) - s14@group-9A0367B0C765: ConfigurationManager, init=conf: {index: -1, cur=peers:[s3|0.0.0.0:15018, s14|0.0.0.0:15029, s2|0.0.0.0:15017]|listeners:[], old=null}, confs=<EMPTY_MAP>
2024-10-09 04:29:52,889 INFO  server.RaftServerConfigKeys (ConfUtils.java:logGet(46)) - raft.server.notification.no-leader.timeout = 60s (default)
2024-10-09 04:29:52,889 INFO  server.RaftServerConfigKeys (ConfUtils.java:logGet(46)) - raft.server.read.timeout = 10s (default)
2024-10-09 04:29:52,889 INFO  server.RaftServerConfigKeys (ConfUtils.java:logGet(46)) - raft.server.retrycache.expirytime = 60s (default)
2024-10-09 04:29:52,889 INFO  server.RaftServerConfigKeys (ConfUtils.java:logGet(46)) - raft.server.retrycache.statistics.expirytime = 100ms (default)
2024-10-09 04:29:52,889 INFO  server.RaftServerConfigKeys (ConfUtils.java:logGet(46)) - raft.server.read.option = DEFAULT (default)
2024-10-09 04:29:52,889 INFO  server.RaftServerConfigKeys (ConfUtils.java:logGet(46)) - raft.server.read.read-after-write-consistent.write-index-cache.expiry-time = 60s (default)
2024-10-09 04:29:52,889 INFO  server.RaftServerConfigKeys (ConfUtils.java:logGet(46)) - raft.server.rpc.request.timeout = 3000ms (default)
2024-10-09 04:29:52,889 INFO  server.RaftServerConfigKeys (ConfUtils.java:logGet(46)) - raft.server.log.appender.install.snapshot.enabled = true (default)
2024-10-09 04:29:52,889 INFO  server.RaftServerConfigKeys (ConfUtils.java:logGet(46)) - raft.server.threadpool.server.cached = true (default)
2024-10-09 04:29:52,890 INFO  server.RaftServerConfigKeys (ConfUtils.java:logGet(46)) - raft.server.threadpool.server.size = 0 (default)
2024-10-09 04:29:52,890 INFO  server.RaftServerConfigKeys (ConfUtils.java:logGet(46)) - raft.server.threadpool.client.cached = true (default)
2024-10-09 04:29:52,890 INFO  server.RaftServerConfigKeys (ConfUtils.java:logGet(46)) - raft.server.threadpool.client.size = 0 (default)
2024-10-09 04:29:52,890 INFO  server.RaftServerConfigKeys (ConfUtils.java:logGet(46)) - raft.server.storage.free-space.min = 0MB (=0) (default)
2024-10-09 04:29:52,890 INFO  server.RaftServerConfigKeys (ConfUtils.java:logGet(46)) - raft.server.log.corruption.policy = EXCEPTION (default)
2024-10-09 04:29:52,890 INFO  server.RaftServerConfigKeys (ConfUtils.java:logGet(46)) - raft.server.storage.dir = [/home/runner/work/ratis/ratis/ratis-examples/target/test/data/6e6e5023/MiniRaftClusterWithNettya4857fb2/s14] (custom)
2024-10-09 04:29:52,890 INFO  storage.RaftStorageDirectory (RaftStorageDirectoryImpl.java:analyzeStorage(138)) - The storage directory /home/runner/work/ratis/ratis/ratis-examples/target/test/data/6e6e5023/MiniRaftClusterWithNettya4857fb2/s14/6b0e6136-3a12-4d52-9d41-9a0367b0c765 does not exist. Creating ...
2024-10-09 04:29:52,890 TRACE util.FileUtils (LogUtils.java:runAndLog(49)) - Successfully ran Files.createDirectories /home/runner/work/ratis/ratis/ratis-examples/target/test/data/6e6e5023/MiniRaftClusterWithNettya4857fb2/s14/6b0e6136-3a12-4d52-9d41-9a0367b0c765
2024-10-09 04:29:52,891 INFO  storage.RaftStorageDirectory (RaftStorageDirectoryImpl.java:tryLock(229)) - Lock on /home/runner/work/ratis/ratis/ratis-examples/target/test/data/6e6e5023/MiniRaftClusterWithNettya4857fb2/s14/6b0e6136-3a12-4d52-9d41-9a0367b0c765/in_use.lock acquired by nodename 14484@fv-az565-744
2024-10-09 04:29:52,891 TRACE util.FileUtils (LogUtils.java:runAndLog(49)) - Successfully ran Files.createDirectories /home/runner/work/ratis/ratis/ratis-examples/target/test/data/6e6e5023/MiniRaftClusterWithNettya4857fb2/s14/6b0e6136-3a12-4d52-9d41-9a0367b0c765/current
2024-10-09 04:29:52,891 TRACE util.FileUtils (LogUtils.java:runAndLog(49)) - Successfully ran Files.createDirectories /home/runner/work/ratis/ratis/ratis-examples/target/test/data/6e6e5023/MiniRaftClusterWithNettya4857fb2/s14/6b0e6136-3a12-4d52-9d41-9a0367b0c765/sm
2024-10-09 04:29:52,891 TRACE util.FileUtils (LogUtils.java:supplyAndLog(69)) - Successfully supplied FileChannel.open /home/runner/work/ratis/ratis/ratis-examples/target/test/data/6e6e5023/MiniRaftClusterWithNettya4857fb2/s14/6b0e6136-3a12-4d52-9d41-9a0367b0c765/current/raft-meta.tmp with options [CREATE, WRITE]: sun.nio.ch.FileChannelImpl@71c261bf
2024-10-09 04:29:52,894 TRACE util.FileUtils (LogUtils.java:runAndLog(49)) - Successfully ran Atomic Files.move /home/runner/work/ratis/ratis/ratis-examples/target/test/data/6e6e5023/MiniRaftClusterWithNettya4857fb2/s14/6b0e6136-3a12-4d52-9d41-9a0367b0c765/current/raft-meta.tmp to /home/runner/work/ratis/ratis/ratis-examples/target/test/data/6e6e5023/MiniRaftClusterWithNettya4857fb2/s14/6b0e6136-3a12-4d52-9d41-9a0367b0c765/current/raft-meta with options [REPLACE_EXISTING]
2024-10-09 04:29:52,894 INFO  storage.RaftStorage (RaftStorageImpl.java:format(98)) - Storage directory /home/runner/work/ratis/ratis/ratis-examples/target/test/data/6e6e5023/MiniRaftClusterWithNettya4857fb2/s14/6b0e6136-3a12-4d52-9d41-9a0367b0c765 has been successfully formatted.
2024-10-09 04:29:52,894 WARN  statemachine.StateMachine (ArithmeticStateMachine.java:loadSnapshot(115)) - The snapshot info is null.
2024-10-09 04:29:52,894 INFO  server.RaftServerConfigKeys (ConfUtils.java:logGet(46)) - raft.server.log.use.memory = false (default)
2024-10-09 04:29:52,894 INFO  server.RaftServerConfigKeys (ConfUtils.java:logGet(46)) - raft.server.log.purge.gap = 1024 (default)
2024-10-09 04:29:52,895 INFO  server.RaftServerConfigKeys (ConfUtils.java:logGet(46)) - raft.server.log.appender.buffer.byte-limit = 4MB (=4194304) (default)
2024-10-09 04:29:52,895 INFO  server.RaftServerConfigKeys (ConfUtils.java:logGet(46)) - raft.server.log.statemachine.data.read.timeout = 1000ms (default)
2024-10-09 04:29:52,895 INFO  server.RaftServerConfigKeys (ConfUtils.java:logGet(46)) - raft.server.log.purge.preservation.log.num = 0 (default)
2024-10-09 04:29:52,895 INFO  server.RaftServerConfigKeys (ConfUtils.java:logGet(46)) - raft.server.log.segment.size.max = 32MB (=33554432) (default)
2024-10-09 04:29:52,895 INFO  server.RaftServerConfigKeys (ConfUtils.java:logGet(46)) - raft.server.log.segment.cache.num.max = 6 (default)
2024-10-09 04:29:52,895 INFO  server.RaftServerConfigKeys (ConfUtils.java:logGet(46)) - raft.server.log.segment.cache.size.max = 200MB (=209715200) (default)
2024-10-09 04:29:52,895 INFO  server.RaftServerConfigKeys (ConfUtils.java:logGet(46)) - raft.server.log.appender.buffer.byte-limit = 4MB (=4194304) (default)
2024-10-09 04:29:52,895 INFO  util.AwaitToRun (AwaitToRun.java:start(81)) - Thread[s14@group-9A0367B0C765-cacheEviction-AwaitToRun,5,main] started
2024-10-09 04:29:52,896 INFO  segmented.SegmentedRaftLogWorker (SegmentedRaftLogWorker.java:<init>(187)) - new s14@group-9A0367B0C765-SegmentedRaftLogWorker for RaftStorageImpl:Storage Directory /home/runner/work/ratis/ratis/ratis-examples/target/test/data/6e6e5023/MiniRaftClusterWithNettya4857fb2/s14/6b0e6136-3a12-4d52-9d41-9a0367b0c765
2024-10-09 04:29:52,896 INFO  server.RaftServerConfigKeys (ConfUtils.java:logGet(46)) - raft.server.log.queue.byte-limit = 64MB (=67108864) (default)
2024-10-09 04:29:52,896 INFO  server.RaftServerConfigKeys (ConfUtils.java:logGet(46)) - raft.server.log.queue.element-limit = 4096 (default)
2024-10-09 04:29:52,896 INFO  server.RaftServerConfigKeys (ConfUtils.java:logGet(46)) - raft.server.log.segment.size.max = 32MB (=33554432) (default)
2024-10-09 04:29:52,896 INFO  server.RaftServerConfigKeys (ConfUtils.java:logGet(46)) - raft.server.log.preallocated.size = 4MB (=4194304) (default)
2024-10-09 04:29:52,896 INFO  server.RaftServerConfigKeys (ConfUtils.java:logGet(46)) - raft.server.log.force.sync.num = 128 (default)
2024-10-09 04:29:52,896 INFO  server.RaftServerConfigKeys (ConfUtils.java:logGet(46)) - raft.server.log.statemachine.data.sync = true (default)
2024-10-09 04:29:52,896 INFO  server.RaftServerConfigKeys (ConfUtils.java:logGet(46)) - raft.server.log.statemachine.data.sync.timeout = 10s (default)
2024-10-09 04:29:52,896 INFO  server.RaftServerConfigKeys (ConfUtils.java:logGet(46)) - raft.server.log.statemachine.data.sync.timeout.retry = -1 (default)
2024-10-09 04:29:52,896 INFO  server.RaftServerConfigKeys (ConfUtils.java:logGet(46)) - raft.server.log.write.buffer.size = 8MB (=8388608) (default)
2024-10-09 04:29:52,898 INFO  server.RaftServerConfigKeys (ConfUtils.java:logGet(46)) - raft.server.log.appender.buffer.byte-limit = 4MB (=4194304) (default)
2024-10-09 04:29:52,898 INFO  server.RaftServerConfigKeys (ConfUtils.java:logGet(46)) - raft.server.log.unsafe-flush.enabled = false (default)
2024-10-09 04:29:52,898 INFO  server.RaftServerConfigKeys (ConfUtils.java:logGet(46)) - raft.server.log.async-flush.enabled = false (default)
2024-10-09 04:29:52,898 INFO  server.RaftServerConfigKeys (ConfUtils.java:logGet(46)) - raft.server.log.statemachine.data.caching.enabled = false (default)
2024-10-09 04:29:52,898 INFO  segmented.SegmentedRaftLogWorker (SegmentedRaftLogWorker.java:lambda$new$0(138)) - s14@group-9A0367B0C765-SegmentedRaftLogWorker: flushIndex: setUnconditionally 0 -> -1
2024-10-09 04:29:52,899 INFO  segmented.SegmentedRaftLogWorker (SegmentedRaftLogWorker.java:lambda$new$0(138)) - s14@group-9A0367B0C765-SegmentedRaftLogWorker: safeCacheEvictIndex: setUnconditionally 0 -> -1
2024-10-09 04:29:52,899 INFO  server.RaftServer$Division (RaftServerImpl.java:start(392)) - s14@group-9A0367B0C765: start as a follower, conf=conf: {index: -1, cur=peers:[s3|0.0.0.0:15018, s14|0.0.0.0:15029, s2|0.0.0.0:15017]|listeners:[], old=null}
2024-10-09 04:29:52,899 INFO  server.RaftServer$Division (RaftServerImpl.java:setRole(379)) - s14@group-9A0367B0C765: changes role from      null to FOLLOWER at term 0 for startAsFollower
2024-10-09 04:29:52,899 INFO  impl.RoleInfo (RoleInfo.java:updateAndGet(148)) - s14: start s14@group-9A0367B0C765-FollowerState
2024-10-09 04:29:52,899 INFO  server.RaftServerConfigKeys (ConfUtils.java:logFallback(53)) - raft.server.rpc.first-election.timeout.min = 300ms (fallback to raft.server.rpc.timeout.min)
2024-10-09 04:29:52,899 INFO  server.RaftServerConfigKeys (ConfUtils.java:logFallback(53)) - raft.server.rpc.first-election.timeout.max = 600ms (fallback to raft.server.rpc.timeout.max)
2024-10-09 04:29:52,899 INFO  util.JmxRegister (JmxRegister.java:tryRegister(44)) - Successfully registered JMX Bean with object name Ratis:service=RaftServer,group=group-9A0367B0C765,id=s14
2024-10-09 04:29:52,899 INFO  util.JmxRegister (JmxRegister.java:register(58)) - register mxBean class org.apache.ratis.server.impl.RaftServerJmxAdapter as Ratis:service=RaftServer,group=group-9A0367B0C765,id=s14
2024-10-09 04:29:52,899 INFO  server.RaftServerConfigKeys (ConfUtils.java:logGet(46)) - raft.server.snapshot.trigger-when-stop.enabled = true (default)
2024-10-09 04:29:52,900 INFO  server.RaftServerConfigKeys (ConfUtils.java:logGet(46)) - raft.server.snapshot.trigger-when-remove.enabled = true (default)
2024-10-09 04:29:52,900 INFO  server.RaftServerConfigKeys (ConfUtils.java:logGet(46)) - raft.server.snapshot.auto.trigger.enabled = false (default)
2024-10-09 04:29:52,900 INFO  server.RaftServerConfigKeys (ConfUtils.java:logGet(46)) - raft.server.snapshot.retention.file.num = -1 (default)
2024-10-09 04:29:52,900 INFO  server.RaftServerConfigKeys (ConfUtils.java:logGet(46)) - raft.server.log.purge.upto.snapshot.index = false (default)
2024-10-09 04:29:52,907 INFO  netty.NettyUtils (NettyUtils.java:newEventLoopGroup(74)) - Create EpollEventLoopGroup for client-DBF1D24179DE; Thread size is 0.
2024-10-09 04:29:52,909 INFO  logging.LoggingHandler (AbstractInternalLogger.java:log(148)) - [id: 0x3e38b2f8, L:/0.0.0.0:15017] READ: [id: 0x4a8131b3, L:/127.0.0.1:15017 - R:/127.0.0.1:55106]
2024-10-09 04:29:52,910 INFO  logging.LoggingHandler (AbstractInternalLogger.java:log(148)) - [id: 0x3e38b2f8, L:/0.0.0.0:15017] READ COMPLETE
2024-10-09 04:29:52,911 INFO  server.RaftServer$Division (RaftServerImpl.java:<init>(256)) - s2: new RaftServerImpl for group-9A0367B0C765:[s3|0.0.0.0:15018, s14|0.0.0.0:15029, s2|0.0.0.0:15017] with ArithmeticStateMachine:uninitialized
2024-10-09 04:29:52,911 INFO  server.RaftServerConfigKeys (ConfUtils.java:logGet(46)) - raft.server.rpc.timeout.min = 300ms (custom)
2024-10-09 04:29:52,911 INFO  server.RaftServerConfigKeys (ConfUtils.java:logGet(46)) - raft.server.rpc.timeout.max = 600ms (custom)
2024-10-09 04:29:52,911 INFO  server.RaftServerConfigKeys (ConfUtils.java:logGet(46)) - raft.server.rpc.sleep.time = 25ms (default)
2024-10-09 04:29:52,912 INFO  server.RaftServerConfigKeys (ConfUtils.java:logGet(46)) - raft.server.rpc.slowness.timeout = 60s (default)
2024-10-09 04:29:52,912 INFO  server.RaftServerConfigKeys (ConfUtils.java:logGet(46)) - raft.server.leaderelection.leader.step-down.wait-time = 10s (default)
2024-10-09 04:29:52,912 INFO  server.RaftServerConfigKeys (ConfUtils.java:logGet(46)) - raft.server.leaderelection.member.majority-add = false (default)
2024-10-09 04:29:52,912 INFO  server.RaftServerConfigKeys (ConfUtils.java:logGet(46)) - raft.server.sleep.deviation.threshold = 300ms (default)
2024-10-09 04:29:52,912 INFO  server.RaftServer$Division (ServerState.java:<init>(114)) - s2@group-9A0367B0C765: ConfigurationManager, init=conf: {index: -1, cur=peers:[s3|0.0.0.0:15018, s14|0.0.0.0:15029, s2|0.0.0.0:15017]|listeners:[], old=null}, confs=<EMPTY_MAP>
2024-10-09 04:29:52,912 INFO  server.RaftServerConfigKeys (ConfUtils.java:logGet(46)) - raft.server.notification.no-leader.timeout = 60s (default)
2024-10-09 04:29:52,912 INFO  server.RaftServerConfigKeys (ConfUtils.java:logGet(46)) - raft.server.read.timeout = 10s (default)
2024-10-09 04:29:52,912 INFO  server.RaftServerConfigKeys (ConfUtils.java:logGet(46)) - raft.server.retrycache.expirytime = 60s (default)
2024-10-09 04:29:52,912 INFO  server.RaftServerConfigKeys (ConfUtils.java:logGet(46)) - raft.server.retrycache.statistics.expirytime = 100ms (default)
2024-10-09 04:29:52,912 INFO  server.RaftServerConfigKeys (ConfUtils.java:logGet(46)) - raft.server.read.option = DEFAULT (default)
2024-10-09 04:29:52,912 INFO  server.RaftServerConfigKeys (ConfUtils.java:logGet(46)) - raft.server.read.read-after-write-consistent.write-index-cache.expiry-time = 60s (default)
2024-10-09 04:29:52,913 INFO  server.RaftServerConfigKeys (ConfUtils.java:logGet(46)) - raft.server.rpc.request.timeout = 3000ms (default)
2024-10-09 04:29:52,913 INFO  server.RaftServerConfigKeys (ConfUtils.java:logGet(46)) - raft.server.log.appender.install.snapshot.enabled = true (default)
2024-10-09 04:29:52,913 INFO  server.RaftServerConfigKeys (ConfUtils.java:logGet(46)) - raft.server.threadpool.server.cached = true (default)
2024-10-09 04:29:52,913 INFO  server.RaftServerConfigKeys (ConfUtils.java:logGet(46)) - raft.server.threadpool.server.size = 0 (default)
2024-10-09 04:29:52,913 INFO  server.RaftServerConfigKeys (ConfUtils.java:logGet(46)) - raft.server.threadpool.client.cached = true (default)
2024-10-09 04:29:52,913 INFO  server.RaftServerConfigKeys (ConfUtils.java:logGet(46)) - raft.server.threadpool.client.size = 0 (default)
2024-10-09 04:29:52,913 INFO  server.RaftServer (RaftServerProxy.java:addNew(101)) - s2: addNew group-9A0367B0C765:[s3|0.0.0.0:15018, s14|0.0.0.0:15029, s2|0.0.0.0:15017] returns      null s2@group-9A0367B0C765:t0, leader=null, voted=null, raftlog=UNINITIALIZED, conf=conf: {index: -1, cur=peers:[s3|0.0.0.0:15018, s14|0.0.0.0:15029, s2|0.0.0.0:15017]|listeners:[], old=null} NEW
2024-10-09 04:29:52,913 INFO  server.RaftServerConfigKeys (ConfUtils.java:logGet(46)) - raft.server.storage.free-space.min = 0MB (=0) (default)
2024-10-09 04:29:52,913 INFO  server.RaftServerConfigKeys (ConfUtils.java:logGet(46)) - raft.server.log.corruption.policy = EXCEPTION (default)
2024-10-09 04:29:52,913 INFO  server.RaftServerConfigKeys (ConfUtils.java:logGet(46)) - raft.server.storage.dir = [/home/runner/work/ratis/ratis/ratis-examples/target/test/data/6e6e5023/MiniRaftClusterWithNettya4857fb2/s2] (custom)
2024-10-09 04:29:52,914 INFO  storage.RaftStorageDirectory (RaftStorageDirectoryImpl.java:analyzeStorage(138)) - The storage directory /home/runner/work/ratis/ratis/ratis-examples/target/test/data/6e6e5023/MiniRaftClusterWithNettya4857fb2/s2/6b0e6136-3a12-4d52-9d41-9a0367b0c765 does not exist. Creating ...
2024-10-09 04:29:52,914 TRACE util.FileUtils (LogUtils.java:runAndLog(49)) - Successfully ran Files.createDirectories /home/runner/work/ratis/ratis/ratis-examples/target/test/data/6e6e5023/MiniRaftClusterWithNettya4857fb2/s2/6b0e6136-3a12-4d52-9d41-9a0367b0c765
2024-10-09 04:29:52,915 INFO  storage.RaftStorageDirectory (RaftStorageDirectoryImpl.java:tryLock(229)) - Lock on /home/runner/work/ratis/ratis/ratis-examples/target/test/data/6e6e5023/MiniRaftClusterWithNettya4857fb2/s2/6b0e6136-3a12-4d52-9d41-9a0367b0c765/in_use.lock acquired by nodename 14484@fv-az565-744
2024-10-09 04:29:52,915 TRACE util.FileUtils (LogUtils.java:runAndLog(49)) - Successfully ran Files.createDirectories /home/runner/work/ratis/ratis/ratis-examples/target/test/data/6e6e5023/MiniRaftClusterWithNettya4857fb2/s2/6b0e6136-3a12-4d52-9d41-9a0367b0c765/current
2024-10-09 04:29:52,915 TRACE util.FileUtils (LogUtils.java:runAndLog(49)) - Successfully ran Files.createDirectories /home/runner/work/ratis/ratis/ratis-examples/target/test/data/6e6e5023/MiniRaftClusterWithNettya4857fb2/s2/6b0e6136-3a12-4d52-9d41-9a0367b0c765/sm
2024-10-09 04:29:52,915 TRACE util.FileUtils (LogUtils.java:supplyAndLog(69)) - Successfully supplied FileChannel.open /home/runner/work/ratis/ratis/ratis-examples/target/test/data/6e6e5023/MiniRaftClusterWithNettya4857fb2/s2/6b0e6136-3a12-4d52-9d41-9a0367b0c765/current/raft-meta.tmp with options [CREATE, WRITE]: sun.nio.ch.FileChannelImpl@75b3e124
2024-10-09 04:29:52,918 TRACE util.FileUtils (LogUtils.java:runAndLog(49)) - Successfully ran Atomic Files.move /home/runner/work/ratis/ratis/ratis-examples/target/test/data/6e6e5023/MiniRaftClusterWithNettya4857fb2/s2/6b0e6136-3a12-4d52-9d41-9a0367b0c765/current/raft-meta.tmp to /home/runner/work/ratis/ratis/ratis-examples/target/test/data/6e6e5023/MiniRaftClusterWithNettya4857fb2/s2/6b0e6136-3a12-4d52-9d41-9a0367b0c765/current/raft-meta with options [REPLACE_EXISTING]
2024-10-09 04:29:52,918 INFO  storage.RaftStorage (RaftStorageImpl.java:format(98)) - Storage directory /home/runner/work/ratis/ratis/ratis-examples/target/test/data/6e6e5023/MiniRaftClusterWithNettya4857fb2/s2/6b0e6136-3a12-4d52-9d41-9a0367b0c765 has been successfully formatted.
2024-10-09 04:29:52,918 WARN  statemachine.StateMachine (ArithmeticStateMachine.java:loadSnapshot(115)) - The snapshot info is null.
2024-10-09 04:29:52,918 INFO  server.RaftServerConfigKeys (ConfUtils.java:logGet(46)) - raft.server.log.use.memory = false (default)
2024-10-09 04:29:52,918 INFO  server.RaftServerConfigKeys (ConfUtils.java:logGet(46)) - raft.server.log.purge.gap = 1024 (default)
2024-10-09 04:29:52,918 INFO  server.RaftServerConfigKeys (ConfUtils.java:logGet(46)) - raft.server.log.appender.buffer.byte-limit = 4MB (=4194304) (default)
2024-10-09 04:29:52,918 INFO  server.RaftServerConfigKeys (ConfUtils.java:logGet(46)) - raft.server.log.statemachine.data.read.timeout = 1000ms (default)
2024-10-09 04:29:52,918 INFO  server.RaftServerConfigKeys (ConfUtils.java:logGet(46)) - raft.server.log.purge.preservation.log.num = 0 (default)
2024-10-09 04:29:52,918 INFO  server.RaftServerConfigKeys (ConfUtils.java:logGet(46)) - raft.server.log.segment.size.max = 32MB (=33554432) (default)
2024-10-09 04:29:52,919 INFO  server.RaftServerConfigKeys (ConfUtils.java:logGet(46)) - raft.server.log.segment.cache.num.max = 6 (default)
2024-10-09 04:29:52,919 INFO  server.RaftServerConfigKeys (ConfUtils.java:logGet(46)) - raft.server.log.segment.cache.size.max = 200MB (=209715200) (default)
2024-10-09 04:29:52,919 INFO  server.RaftServerConfigKeys (ConfUtils.java:logGet(46)) - raft.server.log.appender.buffer.byte-limit = 4MB (=4194304) (default)
2024-10-09 04:29:52,919 INFO  util.AwaitToRun (AwaitToRun.java:start(81)) - Thread[s2@group-9A0367B0C765-cacheEviction-AwaitToRun,5,main] started
2024-10-09 04:29:52,919 INFO  segmented.SegmentedRaftLogWorker (SegmentedRaftLogWorker.java:<init>(187)) - new s2@group-9A0367B0C765-SegmentedRaftLogWorker for RaftStorageImpl:Storage Directory /home/runner/work/ratis/ratis/ratis-examples/target/test/data/6e6e5023/MiniRaftClusterWithNettya4857fb2/s2/6b0e6136-3a12-4d52-9d41-9a0367b0c765
2024-10-09 04:29:52,919 INFO  server.RaftServerConfigKeys (ConfUtils.java:logGet(46)) - raft.server.log.queue.byte-limit = 64MB (=67108864) (default)
2024-10-09 04:29:52,919 INFO  server.RaftServerConfigKeys (ConfUtils.java:logGet(46)) - raft.server.log.queue.element-limit = 4096 (default)
2024-10-09 04:29:52,919 INFO  server.RaftServerConfigKeys (ConfUtils.java:logGet(46)) - raft.server.log.segment.size.max = 32MB (=33554432) (default)
2024-10-09 04:29:52,919 INFO  server.RaftServerConfigKeys (ConfUtils.java:logGet(46)) - raft.server.log.preallocated.size = 4MB (=4194304) (default)
2024-10-09 04:29:52,919 INFO  server.RaftServerConfigKeys (ConfUtils.java:logGet(46)) - raft.server.log.force.sync.num = 128 (default)
2024-10-09 04:29:52,919 INFO  server.RaftServerConfigKeys (ConfUtils.java:logGet(46)) - raft.server.log.statemachine.data.sync = true (default)
2024-10-09 04:29:52,919 INFO  server.RaftServerConfigKeys (ConfUtils.java:logGet(46)) - raft.server.log.statemachine.data.sync.timeout = 10s (default)
2024-10-09 04:29:52,919 INFO  server.RaftServerConfigKeys (ConfUtils.java:logGet(46)) - raft.server.log.statemachine.data.sync.timeout.retry = -1 (default)
2024-10-09 04:29:52,920 INFO  server.RaftServerConfigKeys (ConfUtils.java:logGet(46)) - raft.server.log.write.buffer.size = 8MB (=8388608) (default)
2024-10-09 04:29:52,922 INFO  server.RaftServerConfigKeys (ConfUtils.java:logGet(46)) - raft.server.log.appender.buffer.byte-limit = 4MB (=4194304) (default)
2024-10-09 04:29:52,922 INFO  server.RaftServerConfigKeys (ConfUtils.java:logGet(46)) - raft.server.log.unsafe-flush.enabled = false (default)
2024-10-09 04:29:52,922 INFO  server.RaftServerConfigKeys (ConfUtils.java:logGet(46)) - raft.server.log.async-flush.enabled = false (default)
2024-10-09 04:29:52,922 INFO  server.RaftServerConfigKeys (ConfUtils.java:logGet(46)) - raft.server.log.statemachine.data.caching.enabled = false (default)
2024-10-09 04:29:52,922 INFO  segmented.SegmentedRaftLogWorker (SegmentedRaftLogWorker.java:lambda$new$0(138)) - s2@group-9A0367B0C765-SegmentedRaftLogWorker: flushIndex: setUnconditionally 0 -> -1
2024-10-09 04:29:52,922 INFO  segmented.SegmentedRaftLogWorker (SegmentedRaftLogWorker.java:lambda$new$0(138)) - s2@group-9A0367B0C765-SegmentedRaftLogWorker: safeCacheEvictIndex: setUnconditionally 0 -> -1
2024-10-09 04:29:52,922 INFO  server.RaftServer$Division (RaftServerImpl.java:start(392)) - s2@group-9A0367B0C765: start as a follower, conf=conf: {index: -1, cur=peers:[s3|0.0.0.0:15018, s14|0.0.0.0:15029, s2|0.0.0.0:15017]|listeners:[], old=null}
2024-10-09 04:29:52,922 INFO  server.RaftServer$Division (RaftServerImpl.java:setRole(379)) - s2@group-9A0367B0C765: changes role from      null to FOLLOWER at term 0 for startAsFollower
2024-10-09 04:29:52,922 INFO  impl.RoleInfo (RoleInfo.java:updateAndGet(148)) - s2: start s2@group-9A0367B0C765-FollowerState
2024-10-09 04:29:52,922 INFO  server.RaftServerConfigKeys (ConfUtils.java:logFallback(53)) - raft.server.rpc.first-election.timeout.min = 300ms (fallback to raft.server.rpc.timeout.min)
2024-10-09 04:29:52,922 INFO  util.JmxRegister (JmxRegister.java:tryRegister(44)) - Successfully registered JMX Bean with object name Ratis:service=RaftServer,group=group-9A0367B0C765,id=s2
2024-10-09 04:29:52,923 INFO  util.JmxRegister (JmxRegister.java:register(58)) - register mxBean class org.apache.ratis.server.impl.RaftServerJmxAdapter as Ratis:service=RaftServer,group=group-9A0367B0C765,id=s2
2024-10-09 04:29:52,923 INFO  server.RaftServerConfigKeys (ConfUtils.java:logFallback(53)) - raft.server.rpc.first-election.timeout.max = 600ms (fallback to raft.server.rpc.timeout.max)
2024-10-09 04:29:52,923 INFO  server.RaftServerConfigKeys (ConfUtils.java:logGet(46)) - raft.server.snapshot.trigger-when-stop.enabled = true (default)
2024-10-09 04:29:52,923 INFO  server.RaftServerConfigKeys (ConfUtils.java:logGet(46)) - raft.server.snapshot.trigger-when-remove.enabled = true (default)
2024-10-09 04:29:52,923 INFO  server.RaftServerConfigKeys (ConfUtils.java:logGet(46)) - raft.server.snapshot.auto.trigger.enabled = false (default)
2024-10-09 04:29:52,923 INFO  server.RaftServerConfigKeys (ConfUtils.java:logGet(46)) - raft.server.snapshot.retention.file.num = -1 (default)
2024-10-09 04:29:52,923 INFO  server.RaftServerConfigKeys (ConfUtils.java:logGet(46)) - raft.server.log.purge.upto.snapshot.index = false (default)
2024-10-09 04:29:52,932 INFO  netty.NettyUtils (NettyUtils.java:newEventLoopGroup(74)) - Create EpollEventLoopGroup for client-27E91E78B045; Thread size is 0.
2024-10-09 04:29:52,934 INFO  logging.LoggingHandler (AbstractInternalLogger.java:log(148)) - [id: 0x5c3f3926, L:/0.0.0.0:15018] READ: [id: 0x43d9a085, L:/127.0.0.1:15018 - R:/127.0.0.1:59152]
2024-10-09 04:29:52,935 INFO  logging.LoggingHandler (AbstractInternalLogger.java:log(148)) - [id: 0x5c3f3926, L:/0.0.0.0:15018] READ COMPLETE
2024-10-09 04:29:52,936 INFO  server.RaftServer (RaftServerProxy.java:addNew(101)) - s3: addNew group-9A0367B0C765:[s3|0.0.0.0:15018, s14|0.0.0.0:15029, s2|0.0.0.0:15017] returns group-9A0367B0C765:java.util.concurrent.CompletableFuture@14e6cff4[Not completed]
2024-10-09 04:29:52,936 INFO  server.RaftServer$Division (RaftServerImpl.java:<init>(256)) - s3: new RaftServerImpl for group-9A0367B0C765:[s3|0.0.0.0:15018, s14|0.0.0.0:15029, s2|0.0.0.0:15017] with ArithmeticStateMachine:uninitialized
2024-10-09 04:29:52,936 INFO  server.RaftServerConfigKeys (ConfUtils.java:logGet(46)) - raft.server.rpc.timeout.min = 300ms (custom)
2024-10-09 04:29:52,936 INFO  server.RaftServerConfigKeys (ConfUtils.java:logGet(46)) - raft.server.rpc.timeout.max = 600ms (custom)
2024-10-09 04:29:52,936 INFO  server.RaftServerConfigKeys (ConfUtils.java:logGet(46)) - raft.server.rpc.sleep.time = 25ms (default)
2024-10-09 04:29:52,936 INFO  server.RaftServerConfigKeys (ConfUtils.java:logGet(46)) - raft.server.rpc.slowness.timeout = 60s (default)
2024-10-09 04:29:52,936 INFO  server.RaftServerConfigKeys (ConfUtils.java:logGet(46)) - raft.server.leaderelection.leader.step-down.wait-time = 10s (default)
2024-10-09 04:29:52,936 INFO  server.RaftServerConfigKeys (ConfUtils.java:logGet(46)) - raft.server.leaderelection.member.majority-add = false (default)
2024-10-09 04:29:52,936 INFO  server.RaftServerConfigKeys (ConfUtils.java:logGet(46)) - raft.server.sleep.deviation.threshold = 300ms (default)
2024-10-09 04:29:52,936 INFO  server.RaftServer$Division (ServerState.java:<init>(114)) - s3@group-9A0367B0C765: ConfigurationManager, init=conf: {index: -1, cur=peers:[s3|0.0.0.0:15018, s14|0.0.0.0:15029, s2|0.0.0.0:15017]|listeners:[], old=null}, confs=<EMPTY_MAP>
2024-10-09 04:29:52,936 INFO  server.RaftServerConfigKeys (ConfUtils.java:logGet(46)) - raft.server.notification.no-leader.timeout = 60s (default)
2024-10-09 04:29:52,937 INFO  server.RaftServerConfigKeys (ConfUtils.java:logGet(46)) - raft.server.read.timeout = 10s (default)
2024-10-09 04:29:52,937 INFO  server.RaftServerConfigKeys (ConfUtils.java:logGet(46)) - raft.server.retrycache.expirytime = 60s (default)
2024-10-09 04:29:52,937 INFO  server.RaftServerConfigKeys (ConfUtils.java:logGet(46)) - raft.server.retrycache.statistics.expirytime = 100ms (default)
2024-10-09 04:29:52,937 INFO  server.RaftServerConfigKeys (ConfUtils.java:logGet(46)) - raft.server.read.option = DEFAULT (default)
2024-10-09 04:29:52,937 INFO  server.RaftServerConfigKeys (ConfUtils.java:logGet(46)) - raft.server.read.read-after-write-consistent.write-index-cache.expiry-time = 60s (default)
2024-10-09 04:29:52,937 INFO  server.RaftServerConfigKeys (ConfUtils.java:logGet(46)) - raft.server.rpc.request.timeout = 3000ms (default)
2024-10-09 04:29:52,937 INFO  server.RaftServerConfigKeys (ConfUtils.java:logGet(46)) - raft.server.log.appender.install.snapshot.enabled = true (default)
2024-10-09 04:29:52,937 INFO  server.RaftServerConfigKeys (ConfUtils.java:logGet(46)) - raft.server.threadpool.server.cached = true (default)
2024-10-09 04:29:52,937 INFO  server.RaftServerConfigKeys (ConfUtils.java:logGet(46)) - raft.server.threadpool.server.size = 0 (default)
2024-10-09 04:29:52,937 INFO  server.RaftServerConfigKeys (ConfUtils.java:logGet(46)) - raft.server.threadpool.client.cached = true (default)
2024-10-09 04:29:52,937 INFO  server.RaftServerConfigKeys (ConfUtils.java:logGet(46)) - raft.server.threadpool.client.size = 0 (default)
2024-10-09 04:29:52,938 INFO  server.RaftServerConfigKeys (ConfUtils.java:logGet(46)) - raft.server.storage.free-space.min = 0MB (=0) (default)
2024-10-09 04:29:52,938 INFO  server.RaftServerConfigKeys (ConfUtils.java:logGet(46)) - raft.server.log.corruption.policy = EXCEPTION (default)
2024-10-09 04:29:52,938 INFO  server.RaftServerConfigKeys (ConfUtils.java:logGet(46)) - raft.server.storage.dir = [/home/runner/work/ratis/ratis/ratis-examples/target/test/data/6e6e5023/MiniRaftClusterWithNettya4857fb2/s3] (custom)
2024-10-09 04:29:52,938 INFO  storage.RaftStorageDirectory (RaftStorageDirectoryImpl.java:analyzeStorage(138)) - The storage directory /home/runner/work/ratis/ratis/ratis-examples/target/test/data/6e6e5023/MiniRaftClusterWithNettya4857fb2/s3/6b0e6136-3a12-4d52-9d41-9a0367b0c765 does not exist. Creating ...
2024-10-09 04:29:52,938 TRACE util.FileUtils (LogUtils.java:runAndLog(49)) - Successfully ran Files.createDirectories /home/runner/work/ratis/ratis/ratis-examples/target/test/data/6e6e5023/MiniRaftClusterWithNettya4857fb2/s3/6b0e6136-3a12-4d52-9d41-9a0367b0c765
2024-10-09 04:29:52,939 INFO  storage.RaftStorageDirectory (RaftStorageDirectoryImpl.java:tryLock(229)) - Lock on /home/runner/work/ratis/ratis/ratis-examples/target/test/data/6e6e5023/MiniRaftClusterWithNettya4857fb2/s3/6b0e6136-3a12-4d52-9d41-9a0367b0c765/in_use.lock acquired by nodename 14484@fv-az565-744
2024-10-09 04:29:52,939 TRACE util.FileUtils (LogUtils.java:runAndLog(49)) - Successfully ran Files.createDirectories /home/runner/work/ratis/ratis/ratis-examples/target/test/data/6e6e5023/MiniRaftClusterWithNettya4857fb2/s3/6b0e6136-3a12-4d52-9d41-9a0367b0c765/current
2024-10-09 04:29:52,940 TRACE util.FileUtils (LogUtils.java:runAndLog(49)) - Successfully ran Files.createDirectories /home/runner/work/ratis/ratis/ratis-examples/target/test/data/6e6e5023/MiniRaftClusterWithNettya4857fb2/s3/6b0e6136-3a12-4d52-9d41-9a0367b0c765/sm
2024-10-09 04:29:52,940 TRACE util.FileUtils (LogUtils.java:supplyAndLog(69)) - Successfully supplied FileChannel.open /home/runner/work/ratis/ratis/ratis-examples/target/test/data/6e6e5023/MiniRaftClusterWithNettya4857fb2/s3/6b0e6136-3a12-4d52-9d41-9a0367b0c765/current/raft-meta.tmp with options [CREATE, WRITE]: sun.nio.ch.FileChannelImpl@532272e7
2024-10-09 04:29:52,941 TRACE util.FileUtils (LogUtils.java:runAndLog(49)) - Successfully ran Atomic Files.move /home/runner/work/ratis/ratis/ratis-examples/target/test/data/6e6e5023/MiniRaftClusterWithNettya4857fb2/s3/6b0e6136-3a12-4d52-9d41-9a0367b0c765/current/raft-meta.tmp to /home/runner/work/ratis/ratis/ratis-examples/target/test/data/6e6e5023/MiniRaftClusterWithNettya4857fb2/s3/6b0e6136-3a12-4d52-9d41-9a0367b0c765/current/raft-meta with options [REPLACE_EXISTING]
2024-10-09 04:29:52,941 INFO  storage.RaftStorage (RaftStorageImpl.java:format(98)) - Storage directory /home/runner/work/ratis/ratis/ratis-examples/target/test/data/6e6e5023/MiniRaftClusterWithNettya4857fb2/s3/6b0e6136-3a12-4d52-9d41-9a0367b0c765 has been successfully formatted.
2024-10-09 04:29:52,941 WARN  statemachine.StateMachine (ArithmeticStateMachine.java:loadSnapshot(115)) - The snapshot info is null.
2024-10-09 04:29:52,941 INFO  server.RaftServerConfigKeys (ConfUtils.java:logGet(46)) - raft.server.log.use.memory = false (default)
2024-10-09 04:29:52,941 INFO  server.RaftServerConfigKeys (ConfUtils.java:logGet(46)) - raft.server.log.purge.gap = 1024 (default)
2024-10-09 04:29:52,942 INFO  server.RaftServerConfigKeys (ConfUtils.java:logGet(46)) - raft.server.log.appender.buffer.byte-limit = 4MB (=4194304) (default)
2024-10-09 04:29:52,942 INFO  server.RaftServerConfigKeys (ConfUtils.java:logGet(46)) - raft.server.log.statemachine.data.read.timeout = 1000ms (default)
2024-10-09 04:29:52,942 INFO  server.RaftServerConfigKeys (ConfUtils.java:logGet(46)) - raft.server.log.purge.preservation.log.num = 0 (default)
2024-10-09 04:29:52,942 INFO  server.RaftServerConfigKeys (ConfUtils.java:logGet(46)) - raft.server.log.segment.size.max = 32MB (=33554432) (default)
2024-10-09 04:29:52,942 INFO  server.RaftServerConfigKeys (ConfUtils.java:logGet(46)) - raft.server.log.segment.cache.num.max = 6 (default)
2024-10-09 04:29:52,942 INFO  server.RaftServerConfigKeys (ConfUtils.java:logGet(46)) - raft.server.log.segment.cache.size.max = 200MB (=209715200) (default)
2024-10-09 04:29:52,942 INFO  server.RaftServerConfigKeys (ConfUtils.java:logGet(46)) - raft.server.log.appender.buffer.byte-limit = 4MB (=4194304) (default)
2024-10-09 04:29:52,942 INFO  util.AwaitToRun (AwaitToRun.java:start(81)) - Thread[s3@group-9A0367B0C765-cacheEviction-AwaitToRun,5,main] started
2024-10-09 04:29:52,942 INFO  segmented.SegmentedRaftLogWorker (SegmentedRaftLogWorker.java:<init>(187)) - new s3@group-9A0367B0C765-SegmentedRaftLogWorker for RaftStorageImpl:Storage Directory /home/runner/work/ratis/ratis/ratis-examples/target/test/data/6e6e5023/MiniRaftClusterWithNettya4857fb2/s3/6b0e6136-3a12-4d52-9d41-9a0367b0c765
2024-10-09 04:29:52,942 INFO  server.RaftServerConfigKeys (ConfUtils.java:logGet(46)) - raft.server.log.queue.byte-limit = 64MB (=67108864) (default)
2024-10-09 04:29:52,943 INFO  server.RaftServerConfigKeys (ConfUtils.java:logGet(46)) - raft.server.log.queue.element-limit = 4096 (default)
2024-10-09 04:29:52,943 INFO  server.RaftServerConfigKeys (ConfUtils.java:logGet(46)) - raft.server.log.segment.size.max = 32MB (=33554432) (default)
2024-10-09 04:29:52,943 INFO  server.RaftServerConfigKeys (ConfUtils.java:logGet(46)) - raft.server.log.preallocated.size = 4MB (=4194304) (default)
2024-10-09 04:29:52,943 INFO  server.RaftServerConfigKeys (ConfUtils.java:logGet(46)) - raft.server.log.force.sync.num = 128 (default)
2024-10-09 04:29:52,943 INFO  server.RaftServerConfigKeys (ConfUtils.java:logGet(46)) - raft.server.log.statemachine.data.sync = true (default)
2024-10-09 04:29:52,943 INFO  server.RaftServerConfigKeys (ConfUtils.java:logGet(46)) - raft.server.log.statemachine.data.sync.timeout = 10s (default)
2024-10-09 04:29:52,943 INFO  server.RaftServerConfigKeys (ConfUtils.java:logGet(46)) - raft.server.log.statemachine.data.sync.timeout.retry = -1 (default)
2024-10-09 04:29:52,943 INFO  server.RaftServerConfigKeys (ConfUtils.java:logGet(46)) - raft.server.log.write.buffer.size = 8MB (=8388608) (default)
2024-10-09 04:29:52,945 INFO  server.RaftServerConfigKeys (ConfUtils.java:logGet(46)) - raft.server.log.appender.buffer.byte-limit = 4MB (=4194304) (default)
2024-10-09 04:29:52,945 INFO  server.RaftServerConfigKeys (ConfUtils.java:logGet(46)) - raft.server.log.unsafe-flush.enabled = false (default)
2024-10-09 04:29:52,945 INFO  server.RaftServerConfigKeys (ConfUtils.java:logGet(46)) - raft.server.log.async-flush.enabled = false (default)
2024-10-09 04:29:52,945 INFO  server.RaftServerConfigKeys (ConfUtils.java:logGet(46)) - raft.server.log.statemachine.data.caching.enabled = false (default)
2024-10-09 04:29:52,945 INFO  segmented.SegmentedRaftLogWorker (SegmentedRaftLogWorker.java:lambda$new$0(138)) - s3@group-9A0367B0C765-SegmentedRaftLogWorker: flushIndex: setUnconditionally 0 -> -1
2024-10-09 04:29:52,945 INFO  segmented.SegmentedRaftLogWorker (SegmentedRaftLogWorker.java:lambda$new$0(138)) - s3@group-9A0367B0C765-SegmentedRaftLogWorker: safeCacheEvictIndex: setUnconditionally 0 -> -1
2024-10-09 04:29:52,946 INFO  server.RaftServer$Division (RaftServerImpl.java:start(392)) - s3@group-9A0367B0C765: start as a follower, conf=conf: {index: -1, cur=peers:[s3|0.0.0.0:15018, s14|0.0.0.0:15029, s2|0.0.0.0:15017]|listeners:[], old=null}
2024-10-09 04:29:52,946 INFO  server.RaftServer$Division (RaftServerImpl.java:setRole(379)) - s3@group-9A0367B0C765: changes role from      null to FOLLOWER at term 0 for startAsFollower
2024-10-09 04:29:52,946 INFO  impl.RoleInfo (RoleInfo.java:updateAndGet(148)) - s3: start s3@group-9A0367B0C765-FollowerState
2024-10-09 04:29:52,946 INFO  util.JmxRegister (JmxRegister.java:tryRegister(44)) - Successfully registered JMX Bean with object name Ratis:service=RaftServer,group=group-9A0367B0C765,id=s3
2024-10-09 04:29:52,946 INFO  util.JmxRegister (JmxRegister.java:register(58)) - register mxBean class org.apache.ratis.server.impl.RaftServerJmxAdapter as Ratis:service=RaftServer,group=group-9A0367B0C765,id=s3
2024-10-09 04:29:52,946 INFO  server.RaftServerConfigKeys (ConfUtils.java:logGet(46)) - raft.server.snapshot.trigger-when-stop.enabled = true (default)
2024-10-09 04:29:52,946 INFO  server.RaftServerConfigKeys (ConfUtils.java:logGet(46)) - raft.server.snapshot.trigger-when-remove.enabled = true (default)
2024-10-09 04:29:52,946 INFO  server.RaftServerConfigKeys (ConfUtils.java:logGet(46)) - raft.server.snapshot.auto.trigger.enabled = false (default)
2024-10-09 04:29:52,946 INFO  server.RaftServerConfigKeys (ConfUtils.java:logGet(46)) - raft.server.snapshot.retention.file.num = -1 (default)
2024-10-09 04:29:52,946 INFO  server.RaftServerConfigKeys (ConfUtils.java:logGet(46)) - raft.server.log.purge.upto.snapshot.index = false (default)
2024-10-09 04:29:52,947 INFO  server.RaftServerConfigKeys (ConfUtils.java:logFallback(53)) - raft.server.rpc.first-election.timeout.min = 300ms (fallback to raft.server.rpc.timeout.min)
2024-10-09 04:29:52,947 INFO  server.RaftServerConfigKeys (ConfUtils.java:logFallback(53)) - raft.server.rpc.first-election.timeout.max = 600ms (fallback to raft.server.rpc.timeout.max)
2024-10-09 04:29:52,956 INFO  server.RaftServerConfigKeys (ConfUtils.java:logGet(46)) - raft.server.rpc.timeout.max = 600ms (custom)
2024-10-09 04:29:52,956 INFO  ratis.RaftTestUtil (RaftTestUtil.java:waitForLeader(107)) - printing group-9A0367B0C765
  s3:  RUNNING [
   FOLLOWER s3@group-DA40570646C7:t0, leader=null, voted=, raftlog=Memoized:s3@group-DA40570646C7-SegmentedRaftLog:OPENED:c-1:lastnull, conf=conf: {index: -1, cur=peers:[]|listeners:[], old=null} STARTING
   FOLLOWER s3@group-9A0367B0C765:t0, leader=null, voted=, raftlog=Memoized:s3@group-9A0367B0C765-SegmentedRaftLog:OPENED:c-1:lastnull, conf=conf: {index: -1, cur=peers:[s3|0.0.0.0:15018, s14|0.0.0.0:15029, s2|0.0.0.0:15017]|listeners:[], old=null} RUNNING] size=2
  s14:  RUNNING [
   FOLLOWER s14@group-DA40570646C7:t0, leader=null, voted=, raftlog=Memoized:s14@group-DA40570646C7-SegmentedRaftLog:OPENED:c-1:lastnull, conf=conf: {index: -1, cur=peers:[]|listeners:[], old=null} STARTING
   FOLLOWER s14@group-9A0367B0C765:t0, leader=null, voted=, raftlog=Memoized:s14@group-9A0367B0C765-SegmentedRaftLog:OPENED:c-1:lastnull, conf=conf: {index: -1, cur=peers:[s3|0.0.0.0:15018, s14|0.0.0.0:15029, s2|0.0.0.0:15017]|listeners:[], old=null} RUNNING] size=2
  s2:  RUNNING [
   FOLLOWER s2@group-DA40570646C7:t0, leader=null, voted=, raftlog=Memoized:s2@group-DA40570646C7-SegmentedRaftLog:OPENED:c-1:lastnull, conf=conf: {index: -1, cur=peers:[]|listeners:[], old=null} STARTING
   FOLLOWER s2@group-9A0367B0C765:t0, leader=null, voted=, raftlog=Memoized:s2@group-9A0367B0C765-SegmentedRaftLog:OPENED:c-1:lastnull, conf=conf: {index: -1, cur=peers:[s3|0.0.0.0:15018, s14|0.0.0.0:15029, s2|0.0.0.0:15017]|listeners:[], old=null} RUNNING] size=2
2024-10-09 04:29:52,957 WARN  ratis.RaftTestUtil (RaftTestUtil.java:lambda$waitForLeader$3(126)) - Attempt #1 failed: java.lang.IllegalStateException: No leader yet  for group-9A0367B0C765: printing group-9A0367B0C765
  s3:  RUNNING [
   FOLLOWER s3@group-DA40570646C7:t0, leader=null, voted=, raftlog=Memoized:s3@group-DA40570646C7-SegmentedRaftLog:OPENED:c-1:lastnull, conf=conf: {index: -1, cur=peers:[]|listeners:[], old=null} STARTING
   FOLLOWER s3@group-9A0367B0C765:t0, leader=null, voted=, raftlog=Memoized:s3@group-9A0367B0C765-SegmentedRaftLog:OPENED:c-1:lastnull, conf=conf: {index: -1, cur=peers:[s3|0.0.0.0:15018, s14|0.0.0.0:15029, s2|0.0.0.0:15017]|listeners:[], old=null} RUNNING] size=2
  s14:  RUNNING [
   FOLLOWER s14@group-DA40570646C7:t0, leader=null, voted=, raftlog=Memoized:s14@group-DA40570646C7-SegmentedRaftLog:OPENED:c-1:lastnull, conf=conf: {index: -1, cur=peers:[]|listeners:[], old=null} STARTING
   FOLLOWER s14@group-9A0367B0C765:t0, leader=null, voted=, raftlog=Memoized:s14@group-9A0367B0C765-SegmentedRaftLog:OPENED:c-1:lastnull, conf=conf: {index: -1, cur=peers:[s3|0.0.0.0:15018, s14|0.0.0.0:15029, s2|0.0.0.0:15017]|listeners:[], old=null} RUNNING] size=2
  s2:  RUNNING [
   FOLLOWER s2@group-DA40570646C7:t0, leader=null, voted=, raftlog=Memoized:s2@group-DA40570646C7-SegmentedRaftLog:OPENED:c-1:lastnull, conf=conf: {index: -1, cur=peers:[]|listeners:[], old=null} STARTING
   FOLLOWER s2@group-9A0367B0C765:t0, leader=null, voted=, raftlog=Memoized:s2@group-9A0367B0C765-SegmentedRaftLog:OPENED:c-1:lastnull, conf=conf: {index: -1, cur=peers:[s3|0.0.0.0:15018, s14|0.0.0.0:15029, s2|0.0.0.0:15017]|listeners:[], old=null} RUNNING] size=2
2024-10-09 04:29:53,289 INFO  impl.FollowerState (FollowerState.java:runImpl(156)) - s14@group-9A0367B0C765-FollowerState: change to CANDIDATE, lastRpcElapsedTime:390432746ns, electionTimeout:390ms
2024-10-09 04:29:53,290 INFO  impl.RoleInfo (RoleInfo.java:shutdownFollowerState(121)) - s14: shutdown s14@group-9A0367B0C765-FollowerState
2024-10-09 04:29:53,290 INFO  server.RaftServer$Division (RaftServerImpl.java:setRole(379)) - s14@group-9A0367B0C765: changes role from  FOLLOWER to CANDIDATE at term 0 for changeToCandidate
2024-10-09 04:29:53,290 INFO  server.RaftServerConfigKeys (ConfUtils.java:logGet(46)) - raft.server.leaderelection.pre-vote = true (default)
2024-10-09 04:29:53,290 INFO  impl.RoleInfo (RoleInfo.java:updateAndGet(148)) - s14: start s14@group-9A0367B0C765-LeaderElection25
2024-10-09 04:29:53,290 INFO  impl.LeaderElection (LeaderElection.java:askForVotes(337)) - s14@group-9A0367B0C765-LeaderElection25 PRE_VOTE round 0: submit vote requests at term 0 for conf: {index: -1, cur=peers:[s3|0.0.0.0:15018, s14|0.0.0.0:15029, s2|0.0.0.0:15017]|listeners:[], old=null}
2024-10-09 04:29:53,290 INFO  server.RaftServerConfigKeys (ConfUtils.java:logFallback(53)) - raft.server.rpc.first-election.timeout.min = 300ms (fallback to raft.server.rpc.timeout.min)
2024-10-09 04:29:53,291 INFO  server.RaftServerConfigKeys (ConfUtils.java:logFallback(53)) - raft.server.rpc.first-election.timeout.max = 600ms (fallback to raft.server.rpc.timeout.max)
2024-10-09 04:29:53,292 INFO  logging.LoggingHandler (AbstractInternalLogger.java:log(148)) - [id: 0x3e38b2f8, L:/0.0.0.0:15017] READ: [id: 0x8a0f6345, L:/127.0.0.1:15017 - R:/127.0.0.1:55116]
2024-10-09 04:29:53,292 INFO  logging.LoggingHandler (AbstractInternalLogger.java:log(148)) - [id: 0x3e38b2f8, L:/0.0.0.0:15017] READ COMPLETE
2024-10-09 04:29:53,293 INFO  logging.LoggingHandler (AbstractInternalLogger.java:log(148)) - [id: 0x5c3f3926, L:/0.0.0.0:15018] READ: [id: 0xe9d8d8fe, L:/127.0.0.1:15018 - R:/127.0.0.1:59158]
2024-10-09 04:29:53,293 INFO  logging.LoggingHandler (AbstractInternalLogger.java:log(148)) - [id: 0x5c3f3926, L:/0.0.0.0:15018] READ COMPLETE
2024-10-09 04:29:53,295 INFO  server.RaftServer$Division (RaftServerImpl.java:requestVote(1443)) - s2@group-9A0367B0C765: receive requestVote(PRE_VOTE, s14, group-9A0367B0C765, 0, (t:0, i:0))
2024-10-09 04:29:53,295 INFO  server.RaftServer$Division (RaftServerImpl.java:requestVote(1443)) - s3@group-9A0367B0C765: receive requestVote(PRE_VOTE, s14, group-9A0367B0C765, 0, (t:0, i:0))
2024-10-09 04:29:53,295 INFO  impl.VoteContext (VoteContext.java:log(49)) - s2@group-9A0367B0C765-FOLLOWER: accept PRE_VOTE from s14: our priority 0 <= candidate's priority 0
2024-10-09 04:29:53,295 INFO  impl.VoteContext (VoteContext.java:log(49)) - s3@group-9A0367B0C765-FOLLOWER: accept PRE_VOTE from s14: our priority 0 <= candidate's priority 0
2024-10-09 04:29:53,295 INFO  server.RaftServer$Division (RaftServerImpl.java:requestVote(1476)) - s2@group-9A0367B0C765 replies to PRE_VOTE vote request: s14<-s2#0:OK-t0. Peer's state: s2@group-9A0367B0C765:t0, leader=null, voted=, raftlog=Memoized:s2@group-9A0367B0C765-SegmentedRaftLog:OPENED:c-1:lastnull, conf=conf: {index: -1, cur=peers:[s3|0.0.0.0:15018, s14|0.0.0.0:15029, s2|0.0.0.0:15017]|listeners:[], old=null}
2024-10-09 04:29:53,295 INFO  server.RaftServer$Division (RaftServerImpl.java:requestVote(1476)) - s3@group-9A0367B0C765 replies to PRE_VOTE vote request: s14<-s3#0:OK-t0. Peer's state: s3@group-9A0367B0C765:t0, leader=null, voted=, raftlog=Memoized:s3@group-9A0367B0C765-SegmentedRaftLog:OPENED:c-1:lastnull, conf=conf: {index: -1, cur=peers:[s3|0.0.0.0:15018, s14|0.0.0.0:15029, s2|0.0.0.0:15017]|listeners:[], old=null}
2024-10-09 04:29:53,296 INFO  impl.LeaderElection (LeaderElection.java:logAndReturn(90)) - s14@group-9A0367B0C765-LeaderElection25: PRE_VOTE PASSED received 1 response(s) and 0 exception(s):
2024-10-09 04:29:53,296 INFO  impl.LeaderElection (LeaderElection.java:logAndReturn(94)) -   Response 0: s14<-s2#0:OK-t0
2024-10-09 04:29:53,296 INFO  impl.LeaderElection (LeaderElection.java:askForVotes(339)) - s14@group-9A0367B0C765-LeaderElection25 PRE_VOTE round 0: result PASSED
2024-10-09 04:29:53,296 TRACE util.FileUtils (LogUtils.java:supplyAndLog(69)) - Successfully supplied FileChannel.open /home/runner/work/ratis/ratis/ratis-examples/target/test/data/6e6e5023/MiniRaftClusterWithNettya4857fb2/s14/6b0e6136-3a12-4d52-9d41-9a0367b0c765/current/raft-meta.tmp with options [CREATE, WRITE]: sun.nio.ch.FileChannelImpl@2a4adb81
2024-10-09 04:29:53,298 TRACE util.FileUtils (LogUtils.java:runAndLog(49)) - Successfully ran Atomic Files.move /home/runner/work/ratis/ratis/ratis-examples/target/test/data/6e6e5023/MiniRaftClusterWithNettya4857fb2/s14/6b0e6136-3a12-4d52-9d41-9a0367b0c765/current/raft-meta.tmp to /home/runner/work/ratis/ratis/ratis-examples/target/test/data/6e6e5023/MiniRaftClusterWithNettya4857fb2/s14/6b0e6136-3a12-4d52-9d41-9a0367b0c765/current/raft-meta with options [REPLACE_EXISTING]
2024-10-09 04:29:53,298 INFO  impl.LeaderElection (LeaderElection.java:askForVotes(337)) - s14@group-9A0367B0C765-LeaderElection25 ELECTION round 0: submit vote requests at term 1 for conf: {index: -1, cur=peers:[s3|0.0.0.0:15018, s14|0.0.0.0:15029, s2|0.0.0.0:15017]|listeners:[], old=null}
2024-10-09 04:29:53,298 INFO  server.RaftServerConfigKeys (ConfUtils.java:logFallback(53)) - raft.server.rpc.first-election.timeout.min = 300ms (fallback to raft.server.rpc.timeout.min)
2024-10-09 04:29:53,298 INFO  server.RaftServerConfigKeys (ConfUtils.java:logFallback(53)) - raft.server.rpc.first-election.timeout.max = 600ms (fallback to raft.server.rpc.timeout.max)
2024-10-09 04:29:53,299 INFO  server.RaftServer$Division (RaftServerImpl.java:requestVote(1443)) - s3@group-9A0367B0C765: receive requestVote(ELECTION, s14, group-9A0367B0C765, 1, (t:0, i:0))
2024-10-09 04:29:53,299 INFO  server.RaftServer$Division (RaftServerImpl.java:requestVote(1443)) - s2@group-9A0367B0C765: receive requestVote(ELECTION, s14, group-9A0367B0C765, 1, (t:0, i:0))
2024-10-09 04:29:53,299 INFO  impl.VoteContext (VoteContext.java:log(49)) - s2@group-9A0367B0C765-FOLLOWER: accept ELECTION from s14: our priority 0 <= candidate's priority 0
2024-10-09 04:29:53,299 INFO  server.RaftServer$Division (RaftServerImpl.java:setRole(379)) - s2@group-9A0367B0C765: changes role from  FOLLOWER to FOLLOWER at term 0 for candidate:s14
2024-10-09 04:29:53,299 INFO  impl.RoleInfo (RoleInfo.java:shutdownFollowerState(121)) - s2: shutdown s2@group-9A0367B0C765-FollowerState
2024-10-09 04:29:53,299 INFO  impl.RoleInfo (RoleInfo.java:updateAndGet(148)) - s2: start s2@group-9A0367B0C765-FollowerState
2024-10-09 04:29:53,299 INFO  impl.FollowerState (FollowerState.java:runImpl(165)) - s2@group-9A0367B0C765-FollowerState was interrupted
2024-10-09 04:29:53,299 INFO  server.RaftServer$Division (RaftServerImpl.java:setFirstElection(560)) - s2@group-9A0367B0C765: set firstElectionSinceStartup to false for candidate:s14
2024-10-09 04:29:53,300 TRACE util.FileUtils (LogUtils.java:supplyAndLog(69)) - Successfully supplied FileChannel.open /home/runner/work/ratis/ratis/ratis-examples/target/test/data/6e6e5023/MiniRaftClusterWithNettya4857fb2/s2/6b0e6136-3a12-4d52-9d41-9a0367b0c765/current/raft-meta.tmp with options [CREATE, WRITE]: sun.nio.ch.FileChannelImpl@621b2650
2024-10-09 04:29:53,300 INFO  impl.VoteContext (VoteContext.java:log(49)) - s3@group-9A0367B0C765-FOLLOWER: accept ELECTION from s14: our priority 0 <= candidate's priority 0
2024-10-09 04:29:53,300 INFO  server.RaftServer$Division (RaftServerImpl.java:setRole(379)) - s3@group-9A0367B0C765: changes role from  FOLLOWER to FOLLOWER at term 0 for candidate:s14
2024-10-09 04:29:53,300 INFO  impl.RoleInfo (RoleInfo.java:shutdownFollowerState(121)) - s3: shutdown s3@group-9A0367B0C765-FollowerState
2024-10-09 04:29:53,300 INFO  impl.FollowerState (FollowerState.java:runImpl(165)) - s3@group-9A0367B0C765-FollowerState was interrupted
2024-10-09 04:29:53,301 INFO  impl.RoleInfo (RoleInfo.java:updateAndGet(148)) - s3: start s3@group-9A0367B0C765-FollowerState
2024-10-09 04:29:53,301 INFO  server.RaftServer$Division (RaftServerImpl.java:setFirstElection(560)) - s3@group-9A0367B0C765: set firstElectionSinceStartup to false for candidate:s14
2024-10-09 04:29:53,301 TRACE util.FileUtils (LogUtils.java:supplyAndLog(69)) - Successfully supplied FileChannel.open /home/runner/work/ratis/ratis/ratis-examples/target/test/data/6e6e5023/MiniRaftClusterWithNettya4857fb2/s3/6b0e6136-3a12-4d52-9d41-9a0367b0c765/current/raft-meta.tmp with options [CREATE, WRITE]: sun.nio.ch.FileChannelImpl@4292c42a
2024-10-09 04:29:53,301 TRACE util.FileUtils (LogUtils.java:runAndLog(49)) - Successfully ran Atomic Files.move /home/runner/work/ratis/ratis/ratis-examples/target/test/data/6e6e5023/MiniRaftClusterWithNettya4857fb2/s2/6b0e6136-3a12-4d52-9d41-9a0367b0c765/current/raft-meta.tmp to /home/runner/work/ratis/ratis/ratis-examples/target/test/data/6e6e5023/MiniRaftClusterWithNettya4857fb2/s2/6b0e6136-3a12-4d52-9d41-9a0367b0c765/current/raft-meta with options [REPLACE_EXISTING]
2024-10-09 04:29:53,301 INFO  server.RaftServer$Division (RaftServerImpl.java:requestVote(1476)) - s2@group-9A0367B0C765 replies to ELECTION vote request: s14<-s2#0:OK-t1. Peer's state: s2@group-9A0367B0C765:t1, leader=null, voted=s14, raftlog=Memoized:s2@group-9A0367B0C765-SegmentedRaftLog:OPENED:c-1:lastnull, conf=conf: {index: -1, cur=peers:[s3|0.0.0.0:15018, s14|0.0.0.0:15029, s2|0.0.0.0:15017]|listeners:[], old=null}
2024-10-09 04:29:53,302 INFO  impl.LeaderElection (LeaderElection.java:logAndReturn(90)) - s14@group-9A0367B0C765-LeaderElection25: ELECTION PASSED received 1 response(s) and 0 exception(s):
2024-10-09 04:29:53,302 INFO  impl.LeaderElection (LeaderElection.java:logAndReturn(94)) -   Response 0: s14<-s2#0:OK-t1
2024-10-09 04:29:53,302 INFO  impl.LeaderElection (LeaderElection.java:askForVotes(339)) - s14@group-9A0367B0C765-LeaderElection25 ELECTION round 0: result PASSED
2024-10-09 04:29:53,302 INFO  impl.RoleInfo (RoleInfo.java:shutdownLeaderElection(141)) - s14: shutdown s14@group-9A0367B0C765-LeaderElection25
2024-10-09 04:29:53,302 INFO  server.RaftServer$Division (RaftServerImpl.java:setRole(379)) - s14@group-9A0367B0C765: changes role from CANDIDATE to LEADER at term 1 for changeToLeader
2024-10-09 04:29:53,302 INFO  server.RaftServerConfigKeys (ConfUtils.java:logGet(46)) - raft.server.staging.catchup.gap = 1000 (default)
2024-10-09 04:29:53,302 INFO  server.RaftServerConfigKeys (ConfUtils.java:logGet(46)) - raft.server.write.element-limit = 4096 (default)
2024-10-09 04:29:53,302 INFO  server.RaftServerConfigKeys (ConfUtils.java:logGet(46)) - raft.server.write.byte-limit = 64MB (=67108864) (default)
2024-10-09 04:29:53,302 INFO  server.RaftServerConfigKeys (ConfUtils.java:logGet(46)) - raft.server.watch.timeout = 10s (default)
2024-10-09 04:29:53,302 INFO  server.RaftServerConfigKeys (ConfUtils.java:logGet(46)) - raft.server.watch.timeout.denomination = 1s (default)
2024-10-09 04:29:53,302 INFO  server.RaftServerConfigKeys (ConfUtils.java:logGet(46)) - raft.server.watch.element-limit = 65536 (default)
2024-10-09 04:29:53,303 TRACE util.FileUtils (LogUtils.java:runAndLog(49)) - Successfully ran Atomic Files.move /home/runner/work/ratis/ratis/ratis-examples/target/test/data/6e6e5023/MiniRaftClusterWithNettya4857fb2/s3/6b0e6136-3a12-4d52-9d41-9a0367b0c765/current/raft-meta.tmp to /home/runner/work/ratis/ratis/ratis-examples/target/test/data/6e6e5023/MiniRaftClusterWithNettya4857fb2/s3/6b0e6136-3a12-4d52-9d41-9a0367b0c765/current/raft-meta with options [REPLACE_EXISTING]
2024-10-09 04:29:53,303 INFO  server.RaftServerConfigKeys (ConfUtils.java:logGet(46)) - raft.server.read.leader.lease.enabled = false (default)
2024-10-09 04:29:53,303 INFO  server.RaftServerConfigKeys (ConfUtils.java:logGet(46)) - raft.server.read.leader.lease.timeout.ratio = 0.9 (default)
2024-10-09 04:29:53,303 INFO  server.RaftServerConfigKeys (ConfUtils.java:logGet(46)) - raft.server.rpc.timeout.min = 300ms (custom)
2024-10-09 04:29:53,303 INFO  server.RaftServerConfigKeys (ConfUtils.java:logGet(46)) - raft.server.log.log-metadata.enabled = true (default)
2024-10-09 04:29:53,303 INFO  server.RaftServerConfigKeys (ConfUtils.java:logGet(46)) - raft.server.write.element-limit = 4096 (default)
2024-10-09 04:29:53,303 INFO  server.RaftServerConfigKeys (ConfUtils.java:logGet(46)) - raft.server.write.follower.gap.ratio.max = -1.0 (default)
2024-10-09 04:29:53,303 INFO  server.RaftServerConfigKeys (ConfUtils.java:logGet(46)) - raft.server.log.appender.snapshot.chunk.size.max = 16MB (=16777216) (default)
2024-10-09 04:29:53,303 INFO  server.RaftServerConfigKeys (ConfUtils.java:logGet(46)) - raft.server.log.appender.buffer.byte-limit = 4MB (=4194304) (default)
2024-10-09 04:29:53,303 INFO  server.RaftServerConfigKeys (ConfUtils.java:logGet(46)) - raft.server.log.appender.buffer.element-limit = 0 (default)
2024-10-09 04:29:53,304 INFO  server.RaftServerConfigKeys (ConfUtils.java:logGet(46)) - raft.server.log.appender.wait-time.min = 1ms (default)
2024-10-09 04:29:53,304 INFO  server.RaftServerConfigKeys (ConfUtils.java:logGet(46)) - raft.server.log.appender.snapshot.chunk.size.max = 16MB (=16777216) (default)
2024-10-09 04:29:53,304 INFO  server.RaftServerConfigKeys (ConfUtils.java:logGet(46)) - raft.server.log.appender.buffer.byte-limit = 4MB (=4194304) (default)
2024-10-09 04:29:53,304 INFO  server.RaftServerConfigKeys (ConfUtils.java:logGet(46)) - raft.server.log.appender.buffer.element-limit = 0 (default)
2024-10-09 04:29:53,304 INFO  server.RaftServerConfigKeys (ConfUtils.java:logGet(46)) - raft.server.log.appender.wait-time.min = 1ms (default)
2024-10-09 04:29:53,304 INFO  impl.RoleInfo (RoleInfo.java:updateAndGet(148)) - s14: start s14@group-9A0367B0C765-LeaderStateImpl
2024-10-09 04:29:53,304 INFO  server.RaftServer$Division (RaftServerImpl.java:setFirstElection(560)) - s14@group-9A0367B0C765: set firstElectionSinceStartup to false for becomeLeader
2024-10-09 04:29:53,304 INFO  server.RaftServer$Division (ServerState.java:setLeader(272)) - s14@group-9A0367B0C765: change Leader from null to s14 at term 1 for becomeLeader, leader elected after 415ms
2024-10-09 04:29:53,304 INFO  segmented.SegmentedRaftLogWorker (SegmentedRaftLogWorker.java:startLogSegment(438)) - s14@group-9A0367B0C765-SegmentedRaftLogWorker: Starting segment from index:0
2024-10-09 04:29:53,304 INFO  server.RaftServer$Division (ServerState.java:setRaftConf(386)) - s14@group-9A0367B0C765: set configuration conf: {index: 0, cur=peers:[s3|0.0.0.0:15018, s14|0.0.0.0:15029, s2|0.0.0.0:15017]|listeners:[], old=null}
2024-10-09 04:29:53,304 INFO  segmented.BufferedWriteChannel (BufferedWriteChannel.java:open(61)) - open log_inprogress_0 at position 0
2024-10-09 04:29:53,304 INFO  server.RaftServer$Division (RaftServerImpl.java:requestVote(1476)) - s3@group-9A0367B0C765 replies to ELECTION vote request: s14<-s3#0:OK-t1. Peer's state: s3@group-9A0367B0C765:t1, leader=null, voted=s14, raftlog=Memoized:s3@group-9A0367B0C765-SegmentedRaftLog:OPENED:c-1:lastnull, conf=conf: {index: -1, cur=peers:[s3|0.0.0.0:15018, s14|0.0.0.0:15029, s2|0.0.0.0:15017]|listeners:[], old=null}
2024-10-09 04:29:53,307 INFO  server.RaftServer$Division (ServerState.java:setLeader(272)) - s3@group-9A0367B0C765: change Leader from null to s14 at term 1 for appendEntries, leader elected after 370ms
2024-10-09 04:29:53,311 INFO  server.RaftServer$Division (ServerState.java:setLeader(272)) - s2@group-9A0367B0C765: change Leader from null to s14 at term 1 for appendEntries, leader elected after 399ms
2024-10-09 04:29:53,312 DEBUG server.RaftServer$Division (RaftServerImpl.java:logAppendEntries(1545)) - s3@group-9A0367B0C765: appendEntries* s14->s3#5182-t1,previous=(t:0, i:0),leaderCommit=-1,initializing? false,entries: size=1, first=(t:1, i:0), CONFIGURATIONENTRY(current:id:"s3"address:"0.0.0.0:15018"clientAddress:"0.0.0.0:15018"adminAddress:"0.0.0.0:15018"startupRole:FOLLOWER, id:"s14"address:"0.0.0.0:15029"clientAddress:"0.0.0.0:15029"adminAddress:"0.0.0.0:15029"startupRole:FOLLOWER, id:"s2"address:"0.0.0.0:15017"clientAddress:"0.0.0.0:15017"adminAddress:"0.0.0.0:15017"startupRole:FOLLOWER, old:)
2024-10-09 04:29:53,312 INFO  server.RaftServer$Division (ServerState.java:setRaftConf(386)) - s3@group-9A0367B0C765: set configuration conf: {index: 0, cur=peers:[s3|0.0.0.0:15018, s14|0.0.0.0:15029, s2|0.0.0.0:15017]|listeners:[], old=null}
2024-10-09 04:29:53,312 INFO  segmented.SegmentedRaftLogWorker (SegmentedRaftLogWorker.java:startLogSegment(438)) - s3@group-9A0367B0C765-SegmentedRaftLogWorker: Starting segment from index:0
2024-10-09 04:29:53,312 INFO  segmented.BufferedWriteChannel (BufferedWriteChannel.java:open(61)) - open log_inprogress_0 at position 0
2024-10-09 04:29:53,315 DEBUG server.RaftServer$Division (RaftServerImpl.java:logAppendEntries(1545)) - s2@group-9A0367B0C765: appendEntries* s14->s2#5183-t1,previous=(t:0, i:0),leaderCommit=-1,initializing? false,entries: size=1, first=(t:1, i:0), CONFIGURATIONENTRY(current:id:"s3"address:"0.0.0.0:15018"clientAddress:"0.0.0.0:15018"adminAddress:"0.0.0.0:15018"startupRole:FOLLOWER, id:"s14"address:"0.0.0.0:15029"clientAddress:"0.0.0.0:15029"adminAddress:"0.0.0.0:15029"startupRole:FOLLOWER, id:"s2"address:"0.0.0.0:15017"clientAddress:"0.0.0.0:15017"adminAddress:"0.0.0.0:15017"startupRole:FOLLOWER, old:)
2024-10-09 04:29:53,315 INFO  segmented.SegmentedRaftLogWorker (SegmentedRaftLogWorker.java:execute(660)) - s14@group-9A0367B0C765-SegmentedRaftLogWorker: created new log segment /home/runner/work/ratis/ratis/ratis-examples/target/test/data/6e6e5023/MiniRaftClusterWithNettya4857fb2/s14/6b0e6136-3a12-4d52-9d41-9a0367b0c765/current/log_inprogress_0
2024-10-09 04:29:53,318 INFO  server.RaftServer$Division (ServerState.java:setRaftConf(386)) - s2@group-9A0367B0C765: set configuration conf: {index: 0, cur=peers:[s3|0.0.0.0:15018, s14|0.0.0.0:15029, s2|0.0.0.0:15017]|listeners:[], old=null}
2024-10-09 04:29:53,319 INFO  segmented.SegmentedRaftLogWorker (SegmentedRaftLogWorker.java:startLogSegment(438)) - s2@group-9A0367B0C765-SegmentedRaftLogWorker: Starting segment from index:0
2024-10-09 04:29:53,319 INFO  segmented.BufferedWriteChannel (BufferedWriteChannel.java:open(61)) - open log_inprogress_0 at position 0
2024-10-09 04:29:53,330 INFO  segmented.SegmentedRaftLogWorker (SegmentedRaftLogWorker.java:execute(660)) - s3@group-9A0367B0C765-SegmentedRaftLogWorker: created new log segment /home/runner/work/ratis/ratis/ratis-examples/target/test/data/6e6e5023/MiniRaftClusterWithNettya4857fb2/s3/6b0e6136-3a12-4d52-9d41-9a0367b0c765/current/log_inprogress_0
2024-10-09 04:29:53,331 DEBUG server.RaftServer$Division (RaftServerImpl.java:logAppendEntries(1545)) - s3@group-9A0367B0C765: appendEntries* reply s14<-s3#5182:OK-t1,SUCCESS,nextIndex=1,followerCommit=-1,matchIndex=0
2024-10-09 04:29:53,331 INFO  segmented.SegmentedRaftLogWorker (SegmentedRaftLogWorker.java:execute(660)) - s2@group-9A0367B0C765-SegmentedRaftLogWorker: created new log segment /home/runner/work/ratis/ratis/ratis-examples/target/test/data/6e6e5023/MiniRaftClusterWithNettya4857fb2/s2/6b0e6136-3a12-4d52-9d41-9a0367b0c765/current/log_inprogress_0
2024-10-09 04:29:53,331 TRACE util.FileUtils (LogUtils.java:supplyAndLog(69)) - Successfully supplied FileChannel.open /home/runner/work/ratis/ratis/ratis-examples/target/test/data/6e6e5023/MiniRaftClusterWithNettya4857fb2/s14/6b0e6136-3a12-4d52-9d41-9a0367b0c765/current/raft-meta.conf.tmp with options [CREATE, WRITE]: sun.nio.ch.FileChannelImpl@77f1ba09
2024-10-09 04:29:53,333 DEBUG server.RaftServer$Division (RaftServerImpl.java:logAppendEntries(1545)) - s2@group-9A0367B0C765: appendEntries* reply s14<-s2#5183:OK-t1,SUCCESS,nextIndex=1,followerCommit=-1,matchIndex=0
2024-10-09 04:29:53,334 TRACE util.FileUtils (LogUtils.java:runAndLog(49)) - Successfully ran Atomic Files.move /home/runner/work/ratis/ratis/ratis-examples/target/test/data/6e6e5023/MiniRaftClusterWithNettya4857fb2/s14/6b0e6136-3a12-4d52-9d41-9a0367b0c765/current/raft-meta.conf.tmp to /home/runner/work/ratis/ratis/ratis-examples/target/test/data/6e6e5023/MiniRaftClusterWithNettya4857fb2/s14/6b0e6136-3a12-4d52-9d41-9a0367b0c765/current/raft-meta.conf with options [REPLACE_EXISTING]
2024-10-09 04:29:53,334 INFO  server.RaftServer$Division (LeaderStateImpl.java:checkStartIndex(314)) - Leader s14@group-9A0367B0C765-LeaderStateImpl is ready since appliedIndex == startIndex == 0
2024-10-09 04:29:53,482 TRACE util.FileUtils (LogUtils.java:supplyAndLog(69)) - Successfully supplied FileChannel.open /home/runner/work/ratis/ratis/ratis-examples/target/test/data/6e6e5023/MiniRaftClusterWithNettya4857fb2/s3/6b0e6136-3a12-4d52-9d41-9a0367b0c765/current/raft-meta.conf.tmp with options [CREATE, WRITE]: sun.nio.ch.FileChannelImpl@447ed35c
2024-10-09 04:29:53,484 TRACE util.FileUtils (LogUtils.java:supplyAndLog(69)) - Successfully supplied FileChannel.open /home/runner/work/ratis/ratis/ratis-examples/target/test/data/6e6e5023/MiniRaftClusterWithNettya4857fb2/s2/6b0e6136-3a12-4d52-9d41-9a0367b0c765/current/raft-meta.conf.tmp with options [CREATE, WRITE]: sun.nio.ch.FileChannelImpl@3261bfad
2024-10-09 04:29:53,485 TRACE util.FileUtils (LogUtils.java:runAndLog(49)) - Successfully ran Atomic Files.move /home/runner/work/ratis/ratis/ratis-examples/target/test/data/6e6e5023/MiniRaftClusterWithNettya4857fb2/s3/6b0e6136-3a12-4d52-9d41-9a0367b0c765/current/raft-meta.conf.tmp to /home/runner/work/ratis/ratis/ratis-examples/target/test/data/6e6e5023/MiniRaftClusterWithNettya4857fb2/s3/6b0e6136-3a12-4d52-9d41-9a0367b0c765/current/raft-meta.conf with options [REPLACE_EXISTING]
2024-10-09 04:29:53,486 TRACE util.FileUtils (LogUtils.java:runAndLog(49)) - Successfully ran Atomic Files.move /home/runner/work/ratis/ratis/ratis-examples/target/test/data/6e6e5023/MiniRaftClusterWithNettya4857fb2/s2/6b0e6136-3a12-4d52-9d41-9a0367b0c765/current/raft-meta.conf.tmp to /home/runner/work/ratis/ratis/ratis-examples/target/test/data/6e6e5023/MiniRaftClusterWithNettya4857fb2/s2/6b0e6136-3a12-4d52-9d41-9a0367b0c765/current/raft-meta.conf with options [REPLACE_EXISTING]
2024-10-09 04:29:53,857 INFO  ratis.RaftTestUtil (RaftTestUtil.java:waitForLeader(131)) - printing group-9A0367B0C765
  s3:  RUNNING [
   FOLLOWER s3@group-DA40570646C7:t0, leader=null, voted=, raftlog=Memoized:s3@group-DA40570646C7-SegmentedRaftLog:OPENED:c-1:lastnull, conf=conf: {index: -1, cur=peers:[]|listeners:[], old=null} STARTING
   FOLLOWER s3@group-9A0367B0C765:t1, leader=s14, voted=s14, raftlog=Memoized:s3@group-9A0367B0C765-SegmentedRaftLog:OPENED:c0:last(t:1, i:0), conf=conf: {index: 0, cur=peers:[s3|0.0.0.0:15018, s14|0.0.0.0:15029, s2|0.0.0.0:15017]|listeners:[], old=null} RUNNING] size=2
  s14:  RUNNING [
   FOLLOWER s14@group-DA40570646C7:t0, leader=null, voted=, raftlog=Memoized:s14@group-DA40570646C7-SegmentedRaftLog:OPENED:c-1:lastnull, conf=conf: {index: -1, cur=peers:[]|listeners:[], old=null} STARTING
     LEADER s14@group-9A0367B0C765:t1, leader=s14, voted=s14, raftlog=Memoized:s14@group-9A0367B0C765-SegmentedRaftLog:OPENED:c0:last(t:1, i:0), conf=conf: {index: 0, cur=peers:[s3|0.0.0.0:15018, s14|0.0.0.0:15029, s2|0.0.0.0:15017]|listeners:[], old=null} RUNNING] size=2
  s2:  RUNNING [
   FOLLOWER s2@group-DA40570646C7:t0, leader=null, voted=, raftlog=Memoized:s2@group-DA40570646C7-SegmentedRaftLog:OPENED:c-1:lastnull, conf=conf: {index: -1, cur=peers:[]|listeners:[], old=null} STARTING
   FOLLOWER s2@group-9A0367B0C765:t1, leader=s14, voted=s14, raftlog=Memoized:s2@group-9A0367B0C765-SegmentedRaftLog:OPENED:c0:last(t:1, i:0), conf=conf: {index: 0, cur=peers:[s3|0.0.0.0:15018, s14|0.0.0.0:15029, s2|0.0.0.0:15017]|listeners:[], old=null} RUNNING] size=2
2024-10-09 04:29:53,858 INFO  netty.NettyUtils (NettyUtils.java:newEventLoopGroup(74)) - Create EpollEventLoopGroup for client-8D305CAE4F35; Thread size is 0.
2024-10-09 04:29:53,859 INFO  logging.LoggingHandler (AbstractInternalLogger.java:log(148)) - [id: 0x5c3f3926, L:/0.0.0.0:15018] READ: [id: 0x4e9b1e42, L:/127.0.0.1:15018 - R:/127.0.0.1:59170]
2024-10-09 04:29:53,859 INFO  logging.LoggingHandler (AbstractInternalLogger.java:log(148)) - [id: 0x5c3f3926, L:/0.0.0.0:15018] READ COMPLETE
2024-10-09 04:29:53,860 DEBUG server.RaftServer$Division (RaftServerImpl.java:submitClientRequestAsync(916)) - s3@group-9A0367B0C765: receive client request(RaftClientRequest:client-8D305CAE4F35->s3@group-9A0367B0C765, cid=5224, seq=null, RW, Message:01016102404580000000...(size=12))
2024-10-09 04:29:53,963 INFO  logging.LoggingHandler (AbstractInternalLogger.java:log(148)) - [id: 0xbcbaa10e, L:/0.0.0.0:15029] READ: [id: 0x6bb51622, L:/127.0.0.1:15029 - R:/127.0.0.1:60884]
2024-10-09 04:29:53,963 INFO  logging.LoggingHandler (AbstractInternalLogger.java:log(148)) - [id: 0xbcbaa10e, L:/0.0.0.0:15029] READ COMPLETE
2024-10-09 04:29:53,963 DEBUG server.RaftServer$Division (RaftServerImpl.java:submitClientRequestAsync(916)) - s14@group-9A0367B0C765: receive client request(RaftClientRequest:client-8D305CAE4F35->s14@group-9A0367B0C765, cid=5224, seq=null, RW, Message:01016102404580000000...(size=12))
2024-10-09 04:29:53,964 DEBUG server.RaftServer$Division (LeaderStateImpl.java:addPendingRequest(529)) - s14@group-9A0367B0C765-LeaderStateImpl: addPendingRequest at RaftClientRequest:client-8D305CAE4F35->s14@group-9A0367B0C765, cid=5224, seq=null, RW, Message:01016102404580000000...(size=12), entry=(t:1, i:1), STATEMACHINELOGENTRY, WRITE: logData.size=12, stateMachineData.size=0, logEntryProtoSerializedSize=0
2024-10-09 04:29:53,964 DEBUG server.RaftServer$Division (RaftServerImpl.java:logAppendEntries(1545)) - s3@group-9A0367B0C765: appendEntries* s14->s3#5237-t1,previous=(t:1, i:0),leaderCommit=0,initializing? false,entries: size=1, first=(t:1, i:1), STATEMACHINELOGENTRY, StateMachineLogEntryProto:5224@client-8D305CAE4F35
2024-10-09 04:29:53,965 DEBUG server.RaftServer$Division (RaftServerImpl.java:logAppendEntries(1545)) - s2@group-9A0367B0C765: appendEntries* s14->s2#5238-t1,previous=(t:1, i:0),leaderCommit=0,initializing? false,entries: size=1, first=(t:1, i:1), STATEMACHINELOGENTRY, StateMachineLogEntryProto:5224@client-8D305CAE4F35
2024-10-09 04:29:53,965 DEBUG server.RaftServer$Division (RaftServerImpl.java:logAppendEntries(1545)) - s3@group-9A0367B0C765: appendEntries* reply s14<-s3#5237:OK-t1,SUCCESS,nextIndex=2,followerCommit=0,matchIndex=1
2024-10-09 04:29:53,965 DEBUG server.RaftServer$Division (RaftServerImpl.java:logAppendEntries(1545)) - s2@group-9A0367B0C765: appendEntries* reply s14<-s2#5238:OK-t1,SUCCESS,nextIndex=2,followerCommit=0,matchIndex=1
2024-10-09 04:29:53,966 INFO  statemachine.StateMachine (ArithmeticStateMachine.java:applyTransaction(181)) - LEADER:s14-1: a = 43 = 43
2024-10-09 04:29:53,966 DEBUG server.RaftServer$Division (RaftServerImpl.java:logAppendEntries(1545)) - s2@group-9A0367B0C765: appendEntries* s14->s2#5239-t1,previous=(t:1, i:1),leaderCommit=1,initializing? false,entries: size=1, first=(t:1, i:2), METADATAENTRY(c:1)
2024-10-09 04:29:53,966 DEBUG server.RaftServer$Division (RaftServerImpl.java:logAppendEntries(1545)) - s3@group-9A0367B0C765: appendEntries* s14->s3#5240-t1,previous=(t:1, i:1),leaderCommit=1,initializing? false,entries: size=1, first=(t:1, i:2), METADATAENTRY(c:1)
2024-10-09 04:29:53,966 DEBUG server.RaftServer$Division (RaftServerImpl.java:logAppendEntries(1545)) - s2@group-9A0367B0C765: appendEntries* reply s14<-s2#5239:OK-t1,SUCCESS,nextIndex=3,followerCommit=1,matchIndex=2
2024-10-09 04:29:53,966 DEBUG server.RaftServer$Division (RaftServerImpl.java:logAppendEntries(1545)) - s3@group-9A0367B0C765: appendEntries* reply s14<-s3#5240:OK-t1,SUCCESS,nextIndex=3,followerCommit=1,matchIndex=2
2024-10-09 04:29:53,967 DEBUG server.RaftServer$Division (RaftServerImpl.java:submitClientRequestAsync(916)) - s14@group-9A0367B0C765: receive client request(RaftClientRequest:client-8D305CAE4F35->s14@group-9A0367B0C765, cid=5241, seq=null, RW, Message:01016202408ce0000000...(size=12))
2024-10-09 04:29:53,968 DEBUG server.RaftServer$Division (LeaderStateImpl.java:addPendingRequest(529)) - s14@group-9A0367B0C765-LeaderStateImpl: addPendingRequest at RaftClientRequest:client-8D305CAE4F35->s14@group-9A0367B0C765, cid=5241, seq=null, RW, Message:01016202408ce0000000...(size=12), entry=(t:1, i:3), STATEMACHINELOGENTRY, WRITE: logData.size=12, stateMachineData.size=0, logEntryProtoSerializedSize=0
2024-10-09 04:29:53,968 DEBUG server.RaftServer$Division (RaftServerImpl.java:logAppendEntries(1545)) - s2@group-9A0367B0C765: appendEntries* s14->s2#5243-t1,previous=(t:1, i:2),leaderCommit=2,initializing? false,entries: size=1, first=(t:1, i:3), STATEMACHINELOGENTRY, StateMachineLogEntryProto:5241@client-8D305CAE4F35
2024-10-09 04:29:53,969 DEBUG server.RaftServer$Division (RaftServerImpl.java:logAppendEntries(1545)) - s2@group-9A0367B0C765: appendEntries* reply s14<-s2#5243:OK-t1,SUCCESS,nextIndex=4,followerCommit=2,matchIndex=3
2024-10-09 04:29:53,969 INFO  statemachine.StateMachine (ArithmeticStateMachine.java:applyTransaction(181)) - LEADER:s14-3: b = 924 = 924
2024-10-09 04:29:53,969 DEBUG server.RaftServer$Division (RaftServerImpl.java:logAppendEntries(1545)) - s2@group-9A0367B0C765: appendEntries* s14->s2#5244-t1,previous=(t:1, i:3),leaderCommit=3,initializing? false,entries: size=1, first=(t:1, i:4), METADATAENTRY(c:3)
2024-10-09 04:29:53,969 DEBUG server.RaftServer$Division (RaftServerImpl.java:submitClientRequestAsync(916)) - s14@group-9A0367B0C765: receive client request(RaftClientRequest:client-8D305CAE4F35->s14@group-9A0367B0C765, cid=5245, seq=null, RW, Message:01016304010300040201...(size=17))
2024-10-09 04:29:53,970 DEBUG server.RaftServer$Division (LeaderStateImpl.java:addPendingRequest(529)) - s14@group-9A0367B0C765-LeaderStateImpl: addPendingRequest at RaftClientRequest:client-8D305CAE4F35->s14@group-9A0367B0C765, cid=5245, seq=null, RW, Message:01016304010300040201...(size=17), entry=(t:1, i:5), STATEMACHINELOGENTRY, WRITE: logData.size=17, stateMachineData.size=0, logEntryProtoSerializedSize=0
2024-10-09 04:29:53,970 DEBUG server.RaftServer$Division (RaftServerImpl.java:logAppendEntries(1545)) - s2@group-9A0367B0C765: appendEntries* reply s14<-s2#5244:OK-t1,SUCCESS,nextIndex=5,followerCommit=3,matchIndex=4
2024-10-09 04:29:53,970 DEBUG server.RaftServer$Division (RaftServerImpl.java:logAppendEntries(1545)) - s3@group-9A0367B0C765: appendEntries* s14->s3#5242-t1,previous=(t:1, i:2),leaderCommit=2,initializing? false,entries: size=1, first=(t:1, i:3), STATEMACHINELOGENTRY, StateMachineLogEntryProto:5241@client-8D305CAE4F35
2024-10-09 04:29:53,970 DEBUG server.RaftServer$Division (RaftServerImpl.java:logAppendEntries(1545)) - s3@group-9A0367B0C765: appendEntries* reply s14<-s3#5242:OK-t1,SUCCESS,nextIndex=4,followerCommit=2,matchIndex=3
2024-10-09 04:29:53,971 DEBUG server.RaftServer$Division (RaftServerImpl.java:logAppendEntries(1545)) - s2@group-9A0367B0C765: appendEntries* s14->s2#5246-t1,previous=(t:1, i:4),leaderCommit=3,initializing? false,entries: size=1, first=(t:1, i:5), STATEMACHINELOGENTRY, StateMachineLogEntryProto:5245@client-8D305CAE4F35
2024-10-09 04:29:53,971 DEBUG server.RaftServer$Division (RaftServerImpl.java:logAppendEntries(1545)) - s2@group-9A0367B0C765: appendEntries* reply s14<-s2#5246:OK-t1,SUCCESS,nextIndex=6,followerCommit=3,matchIndex=5
2024-10-09 04:29:53,971 DEBUG server.RaftServer$Division (RaftServerImpl.java:logAppendEntries(1545)) - s3@group-9A0367B0C765: appendEntries* s14->s3#5247-t1,previous=(t:1, i:3),leaderCommit=4,initializing? false,entries: size=2, first=(t:1, i:4), METADATAENTRY(c:3)
2024-10-09 04:29:53,971 INFO  statemachine.StateMachine (ArithmeticStateMachine.java:applyTransaction(181)) - LEADER:s14-5: c = √(a^2 + b^2) = 925
2024-10-09 04:29:53,971 DEBUG server.RaftServer$Division (RaftServerImpl.java:logAppendEntries(1545)) - s3@group-9A0367B0C765: appendEntries* reply s14<-s3#5247:OK-t1,SUCCESS,nextIndex=6,followerCommit=4,matchIndex=5
2024-10-09 04:29:53,972 DEBUG server.RaftServer$Division (RaftServerImpl.java:logAppendEntries(1545)) - s2@group-9A0367B0C765: appendEntries* s14->s2#5248-t1,previous=(t:1, i:5),leaderCommit=5,initializing? false,entries: size=1, first=(t:1, i:6), METADATAENTRY(c:5)
2024-10-09 04:29:53,972 DEBUG server.RaftServer$Division (RaftServerImpl.java:logAppendEntries(1545)) - s3@group-9A0367B0C765: appendEntries* s14->s3#5250-t1,previous=(t:1, i:5),leaderCommit=5,initializing? false,entries: size=1, first=(t:1, i:6), METADATAENTRY(c:5)
2024-10-09 04:29:53,972 DEBUG server.RaftServer$Division (RaftServerImpl.java:submitClientRequestAsync(916)) - s14@group-9A0367B0C765: receive client request(RaftClientRequest:client-8D305CAE4F35->s14@group-9A0367B0C765, cid=5249, seq=null, RW, Message:01016100)
2024-10-09 04:29:53,972 DEBUG server.RaftServer$Division (RaftServerImpl.java:logAppendEntries(1545)) - s2@group-9A0367B0C765: appendEntries* reply s14<-s2#5248:OK-t1,SUCCESS,nextIndex=7,followerCommit=5,matchIndex=6
2024-10-09 04:29:53,972 DEBUG server.RaftServer$Division (RaftServerImpl.java:logAppendEntries(1545)) - s3@group-9A0367B0C765: appendEntries* reply s14<-s3#5250:OK-t1,SUCCESS,nextIndex=7,followerCommit=5,matchIndex=6
2024-10-09 04:29:53,972 DEBUG server.RaftServer$Division (LeaderStateImpl.java:addPendingRequest(529)) - s14@group-9A0367B0C765-LeaderStateImpl: addPendingRequest at RaftClientRequest:client-8D305CAE4F35->s14@group-9A0367B0C765, cid=5249, seq=null, RW, Message:01016100, entry=(t:1, i:7), STATEMACHINELOGENTRY, WRITE: logData.size=4, stateMachineData.size=0, logEntryProtoSerializedSize=0
2024-10-09 04:29:53,973 DEBUG server.RaftServer$Division (RaftServerImpl.java:logAppendEntries(1545)) - s2@group-9A0367B0C765: appendEntries* s14->s2#5251-t1,previous=(t:1, i:6),leaderCommit=5,initializing? false,entries: size=1, first=(t:1, i:7), STATEMACHINELOGENTRY, StateMachineLogEntryProto:5249@client-8D305CAE4F35
2024-10-09 04:29:53,973 DEBUG server.RaftServer$Division (RaftServerImpl.java:logAppendEntries(1545)) - s3@group-9A0367B0C765: appendEntries* s14->s3#5252-t1,previous=(t:1, i:6),leaderCommit=5,initializing? false,entries: size=1, first=(t:1, i:7), STATEMACHINELOGENTRY, StateMachineLogEntryProto:5249@client-8D305CAE4F35
2024-10-09 04:29:53,973 DEBUG server.RaftServer$Division (RaftServerImpl.java:logAppendEntries(1545)) - s3@group-9A0367B0C765: appendEntries* reply s14<-s3#5252:OK-t1,SUCCESS,nextIndex=8,followerCommit=5,matchIndex=7
2024-10-09 04:29:53,974 INFO  statemachine.StateMachine (ArithmeticStateMachine.java:applyTransaction(181)) - LEADER:s14-7: a = null = null
2024-10-09 04:29:53,974 DEBUG server.RaftServer$Division (RaftServerImpl.java:logAppendEntries(1545)) - s3@group-9A0367B0C765: appendEntries* s14->s3#5253-t1,previous=(t:1, i:7),leaderCommit=7,initializing? false,entries: size=1, first=(t:1, i:8), METADATAENTRY(c:7)
2024-10-09 04:29:53,974 DEBUG server.RaftServer$Division (RaftServerImpl.java:logAppendEntries(1545)) - s2@group-9A0367B0C765: appendEntries* reply s14<-s2#5251:OK-t1,SUCCESS,nextIndex=8,followerCommit=5,matchIndex=7
2024-10-09 04:29:53,975 DEBUG server.RaftServer$Division (RaftServerImpl.java:logAppendEntries(1545)) - s3@group-9A0367B0C765: appendEntries* reply s14<-s3#5253:OK-t1,SUCCESS,nextIndex=9,followerCommit=7,matchIndex=8
2024-10-09 04:29:53,975 DEBUG server.RaftServer$Division (RaftServerImpl.java:logAppendEntries(1545)) - s2@group-9A0367B0C765: appendEntries* s14->s2#5255-t1,previous=(t:1, i:7),leaderCommit=7,initializing? false,entries: size=1, first=(t:1, i:8), METADATAENTRY(c:7)
2024-10-09 04:29:53,975 DEBUG server.RaftServer$Division (RaftServerImpl.java:submitClientRequestAsync(916)) - s14@group-9A0367B0C765: receive client request(RaftClientRequest:client-8D305CAE4F35->s14@group-9A0367B0C765, cid=5254, seq=null, RW, Message:01016200)
2024-10-09 04:29:53,975 DEBUG server.RaftServer$Division (RaftServerImpl.java:logAppendEntries(1545)) - s2@group-9A0367B0C765: appendEntries* reply s14<-s2#5255:OK-t1,SUCCESS,nextIndex=9,followerCommit=7,matchIndex=8
2024-10-09 04:29:53,976 DEBUG server.RaftServer$Division (LeaderStateImpl.java:addPendingRequest(529)) - s14@group-9A0367B0C765-LeaderStateImpl: addPendingRequest at RaftClientRequest:client-8D305CAE4F35->s14@group-9A0367B0C765, cid=5254, seq=null, RW, Message:01016200, entry=(t:1, i:9), STATEMACHINELOGENTRY, WRITE: logData.size=4, stateMachineData.size=0, logEntryProtoSerializedSize=0
2024-10-09 04:29:53,976 DEBUG server.RaftServer$Division (RaftServerImpl.java:logAppendEntries(1545)) - s3@group-9A0367B0C765: appendEntries* s14->s3#5256-t1,previous=(t:1, i:8),leaderCommit=8,initializing? false,entries: size=1, first=(t:1, i:9), STATEMACHINELOGENTRY, StateMachineLogEntryProto:5254@client-8D305CAE4F35
2024-10-09 04:29:53,976 DEBUG server.RaftServer$Division (RaftServerImpl.java:logAppendEntries(1545)) - s2@group-9A0367B0C765: appendEntries* s14->s2#5257-t1,previous=(t:1, i:8),leaderCommit=8,initializing? false,entries: size=1, first=(t:1, i:9), STATEMACHINELOGENTRY, StateMachineLogEntryProto:5254@client-8D305CAE4F35
2024-10-09 04:29:53,976 DEBUG server.RaftServer$Division (RaftServerImpl.java:logAppendEntries(1545)) - s3@group-9A0367B0C765: appendEntries* reply s14<-s3#5256:OK-t1,SUCCESS,nextIndex=10,followerCommit=8,matchIndex=9
2024-10-09 04:29:53,976 DEBUG server.RaftServer$Division (RaftServerImpl.java:logAppendEntries(1545)) - s2@group-9A0367B0C765: appendEntries* reply s14<-s2#5257:OK-t1,SUCCESS,nextIndex=10,followerCommit=8,matchIndex=9
2024-10-09 04:29:53,977 INFO  statemachine.StateMachine (ArithmeticStateMachine.java:applyTransaction(181)) - LEADER:s14-9: b = null = null
2024-10-09 04:29:53,977 DEBUG server.RaftServer$Division (RaftServerImpl.java:logAppendEntries(1545)) - s3@group-9A0367B0C765: appendEntries* s14->s3#5258-t1,previous=(t:1, i:9),leaderCommit=9,initializing? false,entries: size=1, first=(t:1, i:10), METADATAENTRY(c:9)
2024-10-09 04:29:53,977 DEBUG server.RaftServer$Division (RaftServerImpl.java:logAppendEntries(1545)) - s2@group-9A0367B0C765: appendEntries* s14->s2#5259-t1,previous=(t:1, i:9),leaderCommit=9,initializing? false,entries: size=1, first=(t:1, i:10), METADATAENTRY(c:9)
2024-10-09 04:29:53,977 DEBUG server.RaftServer$Division (RaftServerImpl.java:submitClientRequestAsync(916)) - s14@group-9A0367B0C765: receive client request(RaftClientRequest:client-8D305CAE4F35->s14@group-9A0367B0C765, cid=5260, seq=null, RW, Message:01016300)
2024-10-09 04:29:53,977 DEBUG server.RaftServer$Division (LeaderStateImpl.java:addPendingRequest(529)) - s14@group-9A0367B0C765-LeaderStateImpl: addPendingRequest at RaftClientRequest:client-8D305CAE4F35->s14@group-9A0367B0C765, cid=5260, seq=null, RW, Message:01016300, entry=(t:1, i:11), STATEMACHINELOGENTRY, WRITE: logData.size=4, stateMachineData.size=0, logEntryProtoSerializedSize=0
2024-10-09 04:29:53,978 DEBUG server.RaftServer$Division (RaftServerImpl.java:logAppendEntries(1545)) - s3@group-9A0367B0C765: appendEntries* reply s14<-s3#5258:OK-t1,SUCCESS,nextIndex=11,followerCommit=9,matchIndex=10
2024-10-09 04:29:53,977 DEBUG server.RaftServer$Division (RaftServerImpl.java:logAppendEntries(1545)) - s2@group-9A0367B0C765: appendEntries* reply s14<-s2#5259:OK-t1,SUCCESS,nextIndex=11,followerCommit=9,matchIndex=10
2024-10-09 04:29:53,978 DEBUG server.RaftServer$Division (RaftServerImpl.java:logAppendEntries(1545)) - s3@group-9A0367B0C765: appendEntries* s14->s3#5261-t1,previous=(t:1, i:10),leaderCommit=9,initializing? false,entries: size=1, first=(t:1, i:11), STATEMACHINELOGENTRY, StateMachineLogEntryProto:5260@client-8D305CAE4F35
2024-10-09 04:29:53,978 DEBUG server.RaftServer$Division (RaftServerImpl.java:logAppendEntries(1545)) - s2@group-9A0367B0C765: appendEntries* s14->s2#5262-t1,previous=(t:1, i:10),leaderCommit=10,initializing? false,entries: size=1, first=(t:1, i:11), STATEMACHINELOGENTRY, StateMachineLogEntryProto:5260@client-8D305CAE4F35
2024-10-09 04:29:53,979 DEBUG server.RaftServer$Division (RaftServerImpl.java:logAppendEntries(1545)) - s3@group-9A0367B0C765: appendEntries* reply s14<-s3#5261:OK-t1,SUCCESS,nextIndex=12,followerCommit=9,matchIndex=11
2024-10-09 04:29:53,979 DEBUG server.RaftServer$Division (RaftServerImpl.java:logAppendEntries(1545)) - s2@group-9A0367B0C765: appendEntries* reply s14<-s2#5262:OK-t1,SUCCESS,nextIndex=12,followerCommit=10,matchIndex=11
2024-10-09 04:29:53,979 INFO  statemachine.StateMachine (ArithmeticStateMachine.java:applyTransaction(181)) - LEADER:s14-11: c = null = null
2024-10-09 04:29:53,979 DEBUG server.RaftServer$Division (RaftServerImpl.java:logAppendEntries(1545)) - s2@group-9A0367B0C765: appendEntries* s14->s2#5263-t1,previous=(t:1, i:11),leaderCommit=11,initializing? false,entries: size=1, first=(t:1, i:12), METADATAENTRY(c:11)
2024-10-09 04:29:53,979 DEBUG server.RaftServer$Division (RaftServerImpl.java:logAppendEntries(1545)) - s3@group-9A0367B0C765: appendEntries* s14->s3#5264-t1,previous=(t:1, i:11),leaderCommit=11,initializing? false,entries: size=1, first=(t:1, i:12), METADATAENTRY(c:11)
2024-10-09 04:29:53,980 DEBUG server.RaftServer$Division (RaftServerImpl.java:logAppendEntries(1545)) - s2@group-9A0367B0C765: appendEntries* reply s14<-s2#5263:OK-t1,SUCCESS,nextIndex=13,followerCommit=11,matchIndex=12
2024-10-09 04:29:53,980 DEBUG server.RaftServer$Division (RaftServerImpl.java:submitClientRequestAsync(916)) - s14@group-9A0367B0C765: receive client request(RaftClientRequest:client-8D305CAE4F35->s14@group-9A0367B0C765, cid=5265, seq=null, RW, Message:01016102404680000000...(size=12))
2024-10-09 04:29:53,980 DEBUG server.RaftServer$Division (RaftServerImpl.java:logAppendEntries(1545)) - s3@group-9A0367B0C765: appendEntries* reply s14<-s3#5264:OK-t1,SUCCESS,nextIndex=13,followerCommit=11,matchIndex=12
2024-10-09 04:29:53,980 DEBUG server.RaftServer$Division (LeaderStateImpl.java:addPendingRequest(529)) - s14@group-9A0367B0C765-LeaderStateImpl: addPendingRequest at RaftClientRequest:client-8D305CAE4F35->s14@group-9A0367B0C765, cid=5265, seq=null, RW, Message:01016102404680000000...(size=12), entry=(t:1, i:13), STATEMACHINELOGENTRY, WRITE: logData.size=12, stateMachineData.size=0, logEntryProtoSerializedSize=0
2024-10-09 04:29:53,981 DEBUG server.RaftServer$Division (RaftServerImpl.java:logAppendEntries(1545)) - s2@group-9A0367B0C765: appendEntries* s14->s2#5267-t1,previous=(t:1, i:12),leaderCommit=12,initializing? false,entries: size=1, first=(t:1, i:13), STATEMACHINELOGENTRY, StateMachineLogEntryProto:5265@client-8D305CAE4F35
2024-10-09 04:29:53,981 DEBUG server.RaftServer$Division (RaftServerImpl.java:logAppendEntries(1545)) - s3@group-9A0367B0C765: appendEntries* s14->s3#5266-t1,previous=(t:1, i:12),leaderCommit=12,initializing? false,entries: size=1, first=(t:1, i:13), STATEMACHINELOGENTRY, StateMachineLogEntryProto:5265@client-8D305CAE4F35
2024-10-09 04:29:53,981 DEBUG server.RaftServer$Division (RaftServerImpl.java:logAppendEntries(1545)) - s2@group-9A0367B0C765: appendEntries* reply s14<-s2#5267:OK-t1,SUCCESS,nextIndex=14,followerCommit=12,matchIndex=13
2024-10-09 04:29:53,981 DEBUG server.RaftServer$Division (RaftServerImpl.java:logAppendEntries(1545)) - s3@group-9A0367B0C765: appendEntries* reply s14<-s3#5266:OK-t1,SUCCESS,nextIndex=14,followerCommit=12,matchIndex=13
2024-10-09 04:29:53,982 INFO  statemachine.StateMachine (ArithmeticStateMachine.java:applyTransaction(181)) - LEADER:s14-13: a = 45 = 45
2024-10-09 04:29:53,982 DEBUG server.RaftServer$Division (RaftServerImpl.java:submitClientRequestAsync(916)) - s14@group-9A0367B0C765: receive client request(RaftClientRequest:client-8D305CAE4F35->s14@group-9A0367B0C765, cid=5270, seq=null, RW, Message:01016202408fa0000000...(size=12))
2024-10-09 04:29:53,982 DEBUG server.RaftServer$Division (RaftServerImpl.java:logAppendEntries(1545)) - s3@group-9A0367B0C765: appendEntries* s14->s3#5268-t1,previous=(t:1, i:13),leaderCommit=13,initializing? false,entries: size=1, first=(t:1, i:14), METADATAENTRY(c:13)
2024-10-09 04:29:53,983 DEBUG server.RaftServer$Division (RaftServerImpl.java:logAppendEntries(1545)) - s2@group-9A0367B0C765: appendEntries* s14->s2#5269-t1,previous=(t:1, i:13),leaderCommit=13,initializing? false,entries: size=1, first=(t:1, i:14), METADATAENTRY(c:13)
2024-10-09 04:29:53,982 DEBUG server.RaftServer$Division (LeaderStateImpl.java:addPendingRequest(529)) - s14@group-9A0367B0C765-LeaderStateImpl: addPendingRequest at RaftClientRequest:client-8D305CAE4F35->s14@group-9A0367B0C765, cid=5270, seq=null, RW, Message:01016202408fa0000000...(size=12), entry=(t:1, i:15), STATEMACHINELOGENTRY, WRITE: logData.size=12, stateMachineData.size=0, logEntryProtoSerializedSize=0
2024-10-09 04:29:53,983 DEBUG server.RaftServer$Division (RaftServerImpl.java:logAppendEntries(1545)) - s2@group-9A0367B0C765: appendEntries* reply s14<-s2#5269:OK-t1,SUCCESS,nextIndex=15,followerCommit=13,matchIndex=14
2024-10-09 04:29:53,983 DEBUG server.RaftServer$Division (RaftServerImpl.java:logAppendEntries(1545)) - s3@group-9A0367B0C765: appendEntries* reply s14<-s3#5268:OK-t1,SUCCESS,nextIndex=15,followerCommit=13,matchIndex=14
2024-10-09 04:29:53,984 DEBUG server.RaftServer$Division (RaftServerImpl.java:logAppendEntries(1545)) - s3@group-9A0367B0C765: appendEntries* s14->s3#5271-t1,previous=(t:1, i:14),leaderCommit=13,initializing? false,entries: size=1, first=(t:1, i:15), STATEMACHINELOGENTRY, StateMachineLogEntryProto:5270@client-8D305CAE4F35
2024-10-09 04:29:53,984 DEBUG server.RaftServer$Division (RaftServerImpl.java:logAppendEntries(1545)) - s2@group-9A0367B0C765: appendEntries* s14->s2#5272-t1,previous=(t:1, i:14),leaderCommit=13,initializing? false,entries: size=1, first=(t:1, i:15), STATEMACHINELOGENTRY, StateMachineLogEntryProto:5270@client-8D305CAE4F35
2024-10-09 04:29:53,984 DEBUG server.RaftServer$Division (RaftServerImpl.java:logAppendEntries(1545)) - s2@group-9A0367B0C765: appendEntries* reply s14<-s2#5272:OK-t1,SUCCESS,nextIndex=16,followerCommit=13,matchIndex=15
2024-10-09 04:29:53,985 DEBUG server.RaftServer$Division (RaftServerImpl.java:logAppendEntries(1545)) - s3@group-9A0367B0C765: appendEntries* reply s14<-s3#5271:OK-t1,SUCCESS,nextIndex=16,followerCommit=13,matchIndex=15
2024-10-09 04:29:53,985 INFO  statemachine.StateMachine (ArithmeticStateMachine.java:applyTransaction(181)) - LEADER:s14-15: b = 1012 = 1012
2024-10-09 04:29:53,985 DEBUG server.RaftServer$Division (RaftServerImpl.java:logAppendEntries(1545)) - s3@group-9A0367B0C765: appendEntries* s14->s3#5273-t1,previous=(t:1, i:15),leaderCommit=15,initializing? false,entries: size=1, first=(t:1, i:16), METADATAENTRY(c:15)
2024-10-09 04:29:53,985 DEBUG server.RaftServer$Division (RaftServerImpl.java:logAppendEntries(1545)) - s2@group-9A0367B0C765: appendEntries* s14->s2#5274-t1,previous=(t:1, i:15),leaderCommit=15,initializing? false,entries: size=1, first=(t:1, i:16), METADATAENTRY(c:15)
2024-10-09 04:29:53,986 DEBUG server.RaftServer$Division (RaftServerImpl.java:logAppendEntries(1545)) - s2@group-9A0367B0C765: appendEntries* reply s14<-s2#5274:OK-t1,SUCCESS,nextIndex=17,followerCommit=15,matchIndex=16
2024-10-09 04:29:53,986 DEBUG server.RaftServer$Division (RaftServerImpl.java:logAppendEntries(1545)) - s3@group-9A0367B0C765: appendEntries* reply s14<-s3#5273:OK-t1,SUCCESS,nextIndex=17,followerCommit=15,matchIndex=16
2024-10-09 04:29:53,986 DEBUG server.RaftServer$Division (RaftServerImpl.java:submitClientRequestAsync(916)) - s14@group-9A0367B0C765: receive client request(RaftClientRequest:client-8D305CAE4F35->s14@group-9A0367B0C765, cid=5275, seq=null, RW, Message:01016304010300040201...(size=17))
2024-10-09 04:29:53,987 DEBUG server.RaftServer$Division (LeaderStateImpl.java:addPendingRequest(529)) - s14@group-9A0367B0C765-LeaderStateImpl: addPendingRequest at RaftClientRequest:client-8D305CAE4F35->s14@group-9A0367B0C765, cid=5275, seq=null, RW, Message:01016304010300040201...(size=17), entry=(t:1, i:17), STATEMACHINELOGENTRY, WRITE: logData.size=17, stateMachineData.size=0, logEntryProtoSerializedSize=0
2024-10-09 04:29:53,987 DEBUG server.RaftServer$Division (RaftServerImpl.java:logAppendEntries(1545)) - s3@group-9A0367B0C765: appendEntries* s14->s3#5276-t1,previous=(t:1, i:16),leaderCommit=16,initializing? false,entries: size=1, first=(t:1, i:17), STATEMACHINELOGENTRY, StateMachineLogEntryProto:5275@client-8D305CAE4F35
2024-10-09 04:29:53,987 DEBUG server.RaftServer$Division (RaftServerImpl.java:logAppendEntries(1545)) - s2@group-9A0367B0C765: appendEntries* s14->s2#5277-t1,previous=(t:1, i:16),leaderCommit=16,initializing? false,entries: size=1, first=(t:1, i:17), STATEMACHINELOGENTRY, StateMachineLogEntryProto:5275@client-8D305CAE4F35
2024-10-09 04:29:53,988 DEBUG server.RaftServer$Division (RaftServerImpl.java:logAppendEntries(1545)) - s2@group-9A0367B0C765: appendEntries* reply s14<-s2#5277:OK-t1,SUCCESS,nextIndex=18,followerCommit=16,matchIndex=17
2024-10-09 04:29:53,988 DEBUG server.RaftServer$Division (RaftServerImpl.java:logAppendEntries(1545)) - s3@group-9A0367B0C765: appendEntries* reply s14<-s3#5276:OK-t1,SUCCESS,nextIndex=18,followerCommit=16,matchIndex=17
2024-10-09 04:29:53,988 INFO  statemachine.StateMachine (ArithmeticStateMachine.java:applyTransaction(181)) - LEADER:s14-17: c = √(a^2 + b^2) = 1013
2024-10-09 04:29:53,989 DEBUG server.RaftServer$Division (RaftServerImpl.java:logAppendEntries(1545)) - s3@group-9A0367B0C765: appendEntries* s14->s3#5278-t1,previous=(t:1, i:17),leaderCommit=17,initializing? false,entries: size=1, first=(t:1, i:18), METADATAENTRY(c:17)
2024-10-09 04:29:53,989 DEBUG server.RaftServer$Division (RaftServerImpl.java:logAppendEntries(1545)) - s2@group-9A0367B0C765: appendEntries* s14->s2#5279-t1,previous=(t:1, i:17),leaderCommit=17,initializing? false,entries: size=1, first=(t:1, i:18), METADATAENTRY(c:17)
2024-10-09 04:29:53,989 DEBUG server.RaftServer$Division (RaftServerImpl.java:logAppendEntries(1545)) - s3@group-9A0367B0C765: appendEntries* reply s14<-s3#5278:OK-t1,SUCCESS,nextIndex=19,followerCommit=17,matchIndex=18
2024-10-09 04:29:53,991 DEBUG server.RaftServer$Division (RaftServerImpl.java:submitClientRequestAsync(916)) - s14@group-9A0367B0C765: receive client request(RaftClientRequest:client-8D305CAE4F35->s14@group-9A0367B0C765, cid=5280, seq=null, RW, Message:01016100)
2024-10-09 04:29:53,991 DEBUG server.RaftServer$Division (LeaderStateImpl.java:addPendingRequest(529)) - s14@group-9A0367B0C765-LeaderStateImpl: addPendingRequest at RaftClientRequest:client-8D305CAE4F35->s14@group-9A0367B0C765, cid=5280, seq=null, RW, Message:01016100, entry=(t:1, i:19), STATEMACHINELOGENTRY, WRITE: logData.size=4, stateMachineData.size=0, logEntryProtoSerializedSize=0
2024-10-09 04:29:53,991 DEBUG server.RaftServer$Division (RaftServerImpl.java:logAppendEntries(1545)) - s2@group-9A0367B0C765: appendEntries* reply s14<-s2#5279:OK-t1,SUCCESS,nextIndex=19,followerCommit=17,matchIndex=18
2024-10-09 04:29:53,992 DEBUG server.RaftServer$Division (RaftServerImpl.java:logAppendEntries(1545)) - s3@group-9A0367B0C765: appendEntries* s14->s3#5281-t1,previous=(t:1, i:18),leaderCommit=18,initializing? false,entries: size=1, first=(t:1, i:19), STATEMACHINELOGENTRY, StateMachineLogEntryProto:5280@client-8D305CAE4F35
2024-10-09 04:29:53,992 DEBUG server.RaftServer$Division (RaftServerImpl.java:logAppendEntries(1545)) - s2@group-9A0367B0C765: appendEntries* s14->s2#5282-t1,previous=(t:1, i:18),leaderCommit=18,initializing? false,entries: size=1, first=(t:1, i:19), STATEMACHINELOGENTRY, StateMachineLogEntryProto:5280@client-8D305CAE4F35
2024-10-09 04:29:53,992 DEBUG server.RaftServer$Division (RaftServerImpl.java:logAppendEntries(1545)) - s2@group-9A0367B0C765: appendEntries* reply s14<-s2#5282:OK-t1,SUCCESS,nextIndex=20,followerCommit=18,matchIndex=19
2024-10-09 04:29:53,992 DEBUG server.RaftServer$Division (RaftServerImpl.java:logAppendEntries(1545)) - s3@group-9A0367B0C765: appendEntries* reply s14<-s3#5281:OK-t1,SUCCESS,nextIndex=20,followerCommit=18,matchIndex=19
2024-10-09 04:29:53,993 INFO  statemachine.StateMachine (ArithmeticStateMachine.java:applyTransaction(181)) - LEADER:s14-19: a = null = null
2024-10-09 04:29:53,993 DEBUG server.RaftServer$Division (RaftServerImpl.java:logAppendEntries(1545)) - s3@group-9A0367B0C765: appendEntries* s14->s3#5283-t1,previous=(t:1, i:19),leaderCommit=19,initializing? false,entries: size=1, first=(t:1, i:20), METADATAENTRY(c:19)
2024-10-09 04:29:53,993 DEBUG server.RaftServer$Division (RaftServerImpl.java:logAppendEntries(1545)) - s2@group-9A0367B0C765: appendEntries* s14->s2#5284-t1,previous=(t:1, i:19),leaderCommit=19,initializing? false,entries: size=1, first=(t:1, i:20), METADATAENTRY(c:19)
2024-10-09 04:29:53,993 DEBUG server.RaftServer$Division (RaftServerImpl.java:submitClientRequestAsync(916)) - s14@group-9A0367B0C765: receive client request(RaftClientRequest:client-8D305CAE4F35->s14@group-9A0367B0C765, cid=5285, seq=null, RW, Message:01016200)
2024-10-09 04:29:53,994 DEBUG server.RaftServer$Division (RaftServerImpl.java:logAppendEntries(1545)) - s3@group-9A0367B0C765: appendEntries* reply s14<-s3#5283:OK-t1,SUCCESS,nextIndex=21,followerCommit=19,matchIndex=20
2024-10-09 04:29:53,994 DEBUG server.RaftServer$Division (RaftServerImpl.java:logAppendEntries(1545)) - s2@group-9A0367B0C765: appendEntries* reply s14<-s2#5284:OK-t1,SUCCESS,nextIndex=21,followerCommit=19,matchIndex=20
2024-10-09 04:29:53,994 DEBUG server.RaftServer$Division (LeaderStateImpl.java:addPendingRequest(529)) - s14@group-9A0367B0C765-LeaderStateImpl: addPendingRequest at RaftClientRequest:client-8D305CAE4F35->s14@group-9A0367B0C765, cid=5285, seq=null, RW, Message:01016200, entry=(t:1, i:21), STATEMACHINELOGENTRY, WRITE: logData.size=4, stateMachineData.size=0, logEntryProtoSerializedSize=0
2024-10-09 04:29:53,994 DEBUG server.RaftServer$Division (RaftServerImpl.java:logAppendEntries(1545)) - s3@group-9A0367B0C765: appendEntries* s14->s3#5286-t1,previous=(t:1, i:20),leaderCommit=19,initializing? false,entries: size=1, first=(t:1, i:21), STATEMACHINELOGENTRY, StateMachineLogEntryProto:5285@client-8D305CAE4F35
2024-10-09 04:29:53,995 DEBUG server.RaftServer$Division (RaftServerImpl.java:logAppendEntries(1545)) - s3@group-9A0367B0C765: appendEntries* reply s14<-s3#5286:OK-t1,SUCCESS,nextIndex=22,followerCommit=19,matchIndex=21
2024-10-09 04:29:53,995 DEBUG server.RaftServer$Division (RaftServerImpl.java:logAppendEntries(1545)) - s2@group-9A0367B0C765: appendEntries* s14->s2#5287-t1,previous=(t:1, i:20),leaderCommit=20,initializing? false,entries: size=1, first=(t:1, i:21), STATEMACHINELOGENTRY, StateMachineLogEntryProto:5285@client-8D305CAE4F35
2024-10-09 04:29:53,995 DEBUG server.RaftServer$Division (RaftServerImpl.java:logAppendEntries(1545)) - s2@group-9A0367B0C765: appendEntries* reply s14<-s2#5287:OK-t1,SUCCESS,nextIndex=22,followerCommit=20,matchIndex=21
2024-10-09 04:29:53,995 INFO  statemachine.StateMachine (ArithmeticStateMachine.java:applyTransaction(181)) - LEADER:s14-21: b = null = null
2024-10-09 04:29:53,995 DEBUG server.RaftServer$Division (RaftServerImpl.java:logAppendEntries(1545)) - s3@group-9A0367B0C765: appendEntries* s14->s3#5288-t1,previous=(t:1, i:21),leaderCommit=21,initializing? false,entries: size=1, first=(t:1, i:22), METADATAENTRY(c:21)
2024-10-09 04:29:53,996 DEBUG server.RaftServer$Division (RaftServerImpl.java:logAppendEntries(1545)) - s2@group-9A0367B0C765: appendEntries* s14->s2#5289-t1,previous=(t:1, i:21),leaderCommit=21,initializing? false,entries: size=1, first=(t:1, i:22), METADATAENTRY(c:21)
2024-10-09 04:29:53,996 DEBUG server.RaftServer$Division (RaftServerImpl.java:logAppendEntries(1545)) - s2@group-9A0367B0C765: appendEntries* reply s14<-s2#5289:OK-t1,SUCCESS,nextIndex=23,followerCommit=21,matchIndex=22
2024-10-09 04:29:53,996 DEBUG server.RaftServer$Division (RaftServerImpl.java:submitClientRequestAsync(916)) - s14@group-9A0367B0C765: receive client request(RaftClientRequest:client-8D305CAE4F35->s14@group-9A0367B0C765, cid=5290, seq=null, RW, Message:01016300)
2024-10-09 04:29:53,996 DEBUG server.RaftServer$Division (RaftServerImpl.java:logAppendEntries(1545)) - s3@group-9A0367B0C765: appendEntries* reply s14<-s3#5288:OK-t1,SUCCESS,nextIndex=23,followerCommit=21,matchIndex=22
2024-10-09 04:29:53,997 DEBUG server.RaftServer$Division (LeaderStateImpl.java:addPendingRequest(529)) - s14@group-9A0367B0C765-LeaderStateImpl: addPendingRequest at RaftClientRequest:client-8D305CAE4F35->s14@group-9A0367B0C765, cid=5290, seq=null, RW, Message:01016300, entry=(t:1, i:23), STATEMACHINELOGENTRY, WRITE: logData.size=4, stateMachineData.size=0, logEntryProtoSerializedSize=0
2024-10-09 04:29:53,997 DEBUG server.RaftServer$Division (RaftServerImpl.java:logAppendEntries(1545)) - s3@group-9A0367B0C765: appendEntries* s14->s3#5291-t1,previous=(t:1, i:22),leaderCommit=22,initializing? false,entries: size=1, first=(t:1, i:23), STATEMACHINELOGENTRY, StateMachineLogEntryProto:5290@client-8D305CAE4F35
2024-10-09 04:29:53,997 DEBUG server.RaftServer$Division (RaftServerImpl.java:logAppendEntries(1545)) - s2@group-9A0367B0C765: appendEntries* s14->s2#5292-t1,previous=(t:1, i:22),leaderCommit=22,initializing? false,entries: size=1, first=(t:1, i:23), STATEMACHINELOGENTRY, StateMachineLogEntryProto:5290@client-8D305CAE4F35
2024-10-09 04:29:53,998 DEBUG server.RaftServer$Division (RaftServerImpl.java:logAppendEntries(1545)) - s3@group-9A0367B0C765: appendEntries* reply s14<-s3#5291:OK-t1,SUCCESS,nextIndex=24,followerCommit=22,matchIndex=23
2024-10-09 04:29:53,998 DEBUG server.RaftServer$Division (RaftServerImpl.java:logAppendEntries(1545)) - s2@group-9A0367B0C765: appendEntries* reply s14<-s2#5292:OK-t1,SUCCESS,nextIndex=24,followerCommit=22,matchIndex=23
2024-10-09 04:29:53,998 INFO  statemachine.StateMachine (ArithmeticStateMachine.java:applyTransaction(181)) - LEADER:s14-23: c = null = null
2024-10-09 04:29:53,998 DEBUG server.RaftServer$Division (RaftServerImpl.java:logAppendEntries(1545)) - s3@group-9A0367B0C765: appendEntries* s14->s3#5293-t1,previous=(t:1, i:23),leaderCommit=23,initializing? false,entries: size=1, first=(t:1, i:24), METADATAENTRY(c:23)
2024-10-09 04:29:53,998 DEBUG server.RaftServer$Division (RaftServerImpl.java:logAppendEntries(1545)) - s2@group-9A0367B0C765: appendEntries* s14->s2#5294-t1,previous=(t:1, i:23),leaderCommit=23,initializing? false,entries: size=1, first=(t:1, i:24), METADATAENTRY(c:23)
2024-10-09 04:29:53,999 DEBUG server.RaftServer$Division (RaftServerImpl.java:submitClientRequestAsync(916)) - s14@group-9A0367B0C765: receive client request(RaftClientRequest:client-8D305CAE4F35->s14@group-9A0367B0C765, cid=5295, seq=null, RW, Message:01016102404780000000...(size=12))
2024-10-09 04:29:53,999 DEBUG server.RaftServer$Division (RaftServerImpl.java:logAppendEntries(1545)) - s3@group-9A0367B0C765: appendEntries* reply s14<-s3#5293:OK-t1,SUCCESS,nextIndex=25,followerCommit=23,matchIndex=24
2024-10-09 04:29:53,999 DEBUG server.RaftServer$Division (LeaderStateImpl.java:addPendingRequest(529)) - s14@group-9A0367B0C765-LeaderStateImpl: addPendingRequest at RaftClientRequest:client-8D305CAE4F35->s14@group-9A0367B0C765, cid=5295, seq=null, RW, Message:01016102404780000000...(size=12), entry=(t:1, i:25), STATEMACHINELOGENTRY, WRITE: logData.size=12, stateMachineData.size=0, logEntryProtoSerializedSize=0
2024-10-09 04:29:53,999 DEBUG server.RaftServer$Division (RaftServerImpl.java:logAppendEntries(1545)) - s2@group-9A0367B0C765: appendEntries* reply s14<-s2#5294:OK-t1,SUCCESS,nextIndex=25,followerCommit=23,matchIndex=24
2024-10-09 04:29:54,000 DEBUG server.RaftServer$Division (RaftServerImpl.java:logAppendEntries(1545)) - s3@group-9A0367B0C765: appendEntries* s14->s3#5296-t1,previous=(t:1, i:24),leaderCommit=24,initializing? false,entries: size=1, first=(t:1, i:25), STATEMACHINELOGENTRY, StateMachineLogEntryProto:5295@client-8D305CAE4F35
2024-10-09 04:29:54,000 DEBUG server.RaftServer$Division (RaftServerImpl.java:logAppendEntries(1545)) - s2@group-9A0367B0C765: appendEntries* s14->s2#5297-t1,previous=(t:1, i:24),leaderCommit=24,initializing? false,entries: size=1, first=(t:1, i:25), STATEMACHINELOGENTRY, StateMachineLogEntryProto:5295@client-8D305CAE4F35
2024-10-09 04:29:54,000 DEBUG server.RaftServer$Division (RaftServerImpl.java:logAppendEntries(1545)) - s3@group-9A0367B0C765: appendEntries* reply s14<-s3#5296:OK-t1,SUCCESS,nextIndex=26,followerCommit=24,matchIndex=25
2024-10-09 04:29:54,000 INFO  statemachine.StateMachine (ArithmeticStateMachine.java:applyTransaction(181)) - LEADER:s14-25: a = 47 = 47
2024-10-09 04:29:54,001 DEBUG server.RaftServer$Division (RaftServerImpl.java:logAppendEntries(1545)) - s2@group-9A0367B0C765: appendEntries* reply s14<-s2#5297:OK-t1,SUCCESS,nextIndex=26,followerCommit=24,matchIndex=25
2024-10-09 04:29:54,001 DEBUG server.RaftServer$Division (RaftServerImpl.java:submitClientRequestAsync(916)) - s14@group-9A0367B0C765: receive client request(RaftClientRequest:client-8D305CAE4F35->s14@group-9A0367B0C765, cid=5299, seq=null, RW, Message:01016202409140000000...(size=12))
2024-10-09 04:29:54,001 DEBUG server.RaftServer$Division (LeaderStateImpl.java:addPendingRequest(529)) - s14@group-9A0367B0C765-LeaderStateImpl: addPendingRequest at RaftClientRequest:client-8D305CAE4F35->s14@group-9A0367B0C765, cid=5299, seq=null, RW, Message:01016202409140000000...(size=12), entry=(t:1, i:27), STATEMACHINELOGENTRY, WRITE: logData.size=12, stateMachineData.size=0, logEntryProtoSerializedSize=0
2024-10-09 04:29:54,001 DEBUG server.RaftServer$Division (RaftServerImpl.java:logAppendEntries(1545)) - s3@group-9A0367B0C765: appendEntries* s14->s3#5298-t1,previous=(t:1, i:25),leaderCommit=25,initializing? false,entries: size=1, first=(t:1, i:26), METADATAENTRY(c:25)
2024-10-09 04:29:54,002 DEBUG server.RaftServer$Division (RaftServerImpl.java:logAppendEntries(1545)) - s2@group-9A0367B0C765: appendEntries* s14->s2#5300-t1,previous=(t:1, i:25),leaderCommit=25,initializing? false,entries: size=1, first=(t:1, i:26), METADATAENTRY(c:25)
2024-10-09 04:29:54,002 DEBUG server.RaftServer$Division (RaftServerImpl.java:logAppendEntries(1545)) - s3@group-9A0367B0C765: appendEntries* reply s14<-s3#5298:OK-t1,SUCCESS,nextIndex=27,followerCommit=25,matchIndex=26
2024-10-09 04:29:54,002 DEBUG server.RaftServer$Division (RaftServerImpl.java:logAppendEntries(1545)) - s2@group-9A0367B0C765: appendEntries* reply s14<-s2#5300:OK-t1,SUCCESS,nextIndex=27,followerCommit=25,matchIndex=26
2024-10-09 04:29:54,002 DEBUG server.RaftServer$Division (RaftServerImpl.java:logAppendEntries(1545)) - s2@group-9A0367B0C765: appendEntries* s14->s2#5302-t1,previous=(t:1, i:26),leaderCommit=25,initializing? false,entries: size=1, first=(t:1, i:27), STATEMACHINELOGENTRY, StateMachineLogEntryProto:5299@client-8D305CAE4F35
2024-10-09 04:29:54,003 DEBUG server.RaftServer$Division (RaftServerImpl.java:logAppendEntries(1545)) - s3@group-9A0367B0C765: appendEntries* s14->s3#5301-t1,previous=(t:1, i:26),leaderCommit=25,initializing? false,entries: size=1, first=(t:1, i:27), STATEMACHINELOGENTRY, StateMachineLogEntryProto:5299@client-8D305CAE4F35
2024-10-09 04:29:54,003 DEBUG server.RaftServer$Division (RaftServerImpl.java:logAppendEntries(1545)) - s2@group-9A0367B0C765: appendEntries* reply s14<-s2#5302:OK-t1,SUCCESS,nextIndex=28,followerCommit=25,matchIndex=27
2024-10-09 04:29:54,003 DEBUG server.RaftServer$Division (RaftServerImpl.java:logAppendEntries(1545)) - s3@group-9A0367B0C765: appendEntries* reply s14<-s3#5301:OK-t1,SUCCESS,nextIndex=28,followerCommit=25,matchIndex=27
2024-10-09 04:29:54,004 INFO  statemachine.StateMachine (ArithmeticStateMachine.java:applyTransaction(181)) - LEADER:s14-27: b = 1104 = 1104
2024-10-09 04:29:54,004 DEBUG server.RaftServer$Division (RaftServerImpl.java:logAppendEntries(1545)) - s2@group-9A0367B0C765: appendEntries* s14->s2#5303-t1,previous=(t:1, i:27),leaderCommit=27,initializing? false,entries: size=1, first=(t:1, i:28), METADATAENTRY(c:27)
2024-10-09 04:29:54,004 DEBUG server.RaftServer$Division (RaftServerImpl.java:submitClientRequestAsync(916)) - s14@group-9A0367B0C765: receive client request(RaftClientRequest:client-8D305CAE4F35->s14@group-9A0367B0C765, cid=5304, seq=null, RW, Message:01016304010300040201...(size=17))
2024-10-09 04:29:54,004 DEBUG server.RaftServer$Division (LeaderStateImpl.java:addPendingRequest(529)) - s14@group-9A0367B0C765-LeaderStateImpl: addPendingRequest at RaftClientRequest:client-8D305CAE4F35->s14@group-9A0367B0C765, cid=5304, seq=null, RW, Message:01016304010300040201...(size=17), entry=(t:1, i:29), STATEMACHINELOGENTRY, WRITE: logData.size=17, stateMachineData.size=0, logEntryProtoSerializedSize=0
2024-10-09 04:29:54,005 DEBUG server.RaftServer$Division (RaftServerImpl.java:logAppendEntries(1545)) - s2@group-9A0367B0C765: appendEntries* reply s14<-s2#5303:OK-t1,SUCCESS,nextIndex=29,followerCommit=27,matchIndex=28
2024-10-09 04:29:54,005 DEBUG server.RaftServer$Division (RaftServerImpl.java:logAppendEntries(1545)) - s2@group-9A0367B0C765: appendEntries* s14->s2#5306-t1,previous=(t:1, i:28),leaderCommit=27,initializing? false,entries: size=1, first=(t:1, i:29), STATEMACHINELOGENTRY, StateMachineLogEntryProto:5304@client-8D305CAE4F35
2024-10-09 04:29:54,005 DEBUG server.RaftServer$Division (RaftServerImpl.java:logAppendEntries(1545)) - s3@group-9A0367B0C765: appendEntries* s14->s3#5305-t1,previous=(t:1, i:27),leaderCommit=27,initializing? false,entries: size=2, first=(t:1, i:28), METADATAENTRY(c:27)
2024-10-09 04:29:54,006 DEBUG server.RaftServer$Division (RaftServerImpl.java:logAppendEntries(1545)) - s2@group-9A0367B0C765: appendEntries* reply s14<-s2#5306:OK-t1,SUCCESS,nextIndex=30,followerCommit=27,matchIndex=29
2024-10-09 04:29:54,006 INFO  statemachine.StateMachine (ArithmeticStateMachine.java:applyTransaction(181)) - LEADER:s14-29: c = √(a^2 + b^2) = 1105
2024-10-09 04:29:54,007 DEBUG server.RaftServer$Division (RaftServerImpl.java:logAppendEntries(1545)) - s3@group-9A0367B0C765: appendEntries* reply s14<-s3#5305:OK-t1,SUCCESS,nextIndex=30,followerCommit=27,matchIndex=29
2024-10-09 04:29:54,007 DEBUG server.RaftServer$Division (RaftServerImpl.java:submitClientRequestAsync(916)) - s14@group-9A0367B0C765: receive client request(RaftClientRequest:client-8D305CAE4F35->s14@group-9A0367B0C765, cid=5308, seq=null, RW, Message:01016100)
2024-10-09 04:29:54,007 DEBUG server.RaftServer$Division (LeaderStateImpl.java:addPendingRequest(529)) - s14@group-9A0367B0C765-LeaderStateImpl: addPendingRequest at RaftClientRequest:client-8D305CAE4F35->s14@group-9A0367B0C765, cid=5308, seq=null, RW, Message:01016100, entry=(t:1, i:31), STATEMACHINELOGENTRY, WRITE: logData.size=4, stateMachineData.size=0, logEntryProtoSerializedSize=0
2024-10-09 04:29:54,007 DEBUG server.RaftServer$Division (RaftServerImpl.java:logAppendEntries(1545)) - s3@group-9A0367B0C765: appendEntries* s14->s3#5309-t1,previous=(t:1, i:29),leaderCommit=29,initializing? false,entries: size=2, first=(t:1, i:30), METADATAENTRY(c:29)
2024-10-09 04:29:54,007 DEBUG server.RaftServer$Division (RaftServerImpl.java:logAppendEntries(1545)) - s2@group-9A0367B0C765: appendEntries* s14->s2#5307-t1,previous=(t:1, i:29),leaderCommit=29,initializing? false,entries: size=1, first=(t:1, i:30), METADATAENTRY(c:29)
2024-10-09 04:29:54,008 DEBUG server.RaftServer$Division (RaftServerImpl.java:logAppendEntries(1545)) - s2@group-9A0367B0C765: appendEntries* reply s14<-s2#5307:OK-t1,SUCCESS,nextIndex=31,followerCommit=29,matchIndex=30
2024-10-09 04:29:54,008 DEBUG server.RaftServer$Division (RaftServerImpl.java:logAppendEntries(1545)) - s2@group-9A0367B0C765: appendEntries* s14->s2#5310-t1,previous=(t:1, i:30),leaderCommit=29,initializing? false,entries: size=1, first=(t:1, i:31), STATEMACHINELOGENTRY, StateMachineLogEntryProto:5308@client-8D305CAE4F35
2024-10-09 04:29:54,008 DEBUG server.RaftServer$Division (RaftServerImpl.java:logAppendEntries(1545)) - s3@group-9A0367B0C765: appendEntries* reply s14<-s3#5309:OK-t1,SUCCESS,nextIndex=32,followerCommit=29,matchIndex=31
2024-10-09 04:29:54,009 INFO  statemachine.StateMachine (ArithmeticStateMachine.java:applyTransaction(181)) - LEADER:s14-31: a = null = null
2024-10-09 04:29:54,009 DEBUG server.RaftServer$Division (RaftServerImpl.java:logAppendEntries(1545)) - s3@group-9A0367B0C765: appendEntries* s14->s3#5311-t1,previous=(t:1, i:31),leaderCommit=31,initializing? false,entries: size=1, first=(t:1, i:32), METADATAENTRY(c:31)
2024-10-09 04:29:54,009 DEBUG server.RaftServer$Division (RaftServerImpl.java:submitClientRequestAsync(916)) - s14@group-9A0367B0C765: receive client request(RaftClientRequest:client-8D305CAE4F35->s14@group-9A0367B0C765, cid=5312, seq=null, RW, Message:01016200)
2024-10-09 04:29:54,010 DEBUG server.RaftServer$Division (LeaderStateImpl.java:addPendingRequest(529)) - s14@group-9A0367B0C765-LeaderStateImpl: addPendingRequest at RaftClientRequest:client-8D305CAE4F35->s14@group-9A0367B0C765, cid=5312, seq=null, RW, Message:01016200, entry=(t:1, i:33), STATEMACHINELOGENTRY, WRITE: logData.size=4, stateMachineData.size=0, logEntryProtoSerializedSize=0
2024-10-09 04:29:54,010 DEBUG server.RaftServer$Division (RaftServerImpl.java:logAppendEntries(1545)) - s2@group-9A0367B0C765: appendEntries* reply s14<-s2#5310:OK-t1,SUCCESS,nextIndex=32,followerCommit=29,matchIndex=31
2024-10-09 04:29:54,010 DEBUG server.RaftServer$Division (RaftServerImpl.java:logAppendEntries(1545)) - s3@group-9A0367B0C765: appendEntries* reply s14<-s3#5311:OK-t1,SUCCESS,nextIndex=33,followerCommit=31,matchIndex=32
2024-10-09 04:29:54,010 DEBUG server.RaftServer$Division (RaftServerImpl.java:logAppendEntries(1545)) - s2@group-9A0367B0C765: appendEntries* s14->s2#5313-t1,previous=(t:1, i:31),leaderCommit=31,initializing? false,entries: size=2, first=(t:1, i:32), METADATAENTRY(c:31)
2024-10-09 04:29:54,011 DEBUG server.RaftServer$Division (RaftServerImpl.java:logAppendEntries(1545)) - s3@group-9A0367B0C765: appendEntries* s14->s3#5314-t1,previous=(t:1, i:32),leaderCommit=32,initializing? false,entries: size=1, first=(t:1, i:33), STATEMACHINELOGENTRY, StateMachineLogEntryProto:5312@client-8D305CAE4F35
2024-10-09 04:29:54,011 DEBUG server.RaftServer$Division (RaftServerImpl.java:logAppendEntries(1545)) - s3@group-9A0367B0C765: appendEntries* reply s14<-s3#5314:OK-t1,SUCCESS,nextIndex=34,followerCommit=32,matchIndex=33
2024-10-09 04:29:54,012 INFO  statemachine.StateMachine (ArithmeticStateMachine.java:applyTransaction(181)) - LEADER:s14-33: b = null = null
2024-10-09 04:29:54,012 DEBUG server.RaftServer$Division (RaftServerImpl.java:logAppendEntries(1545)) - s2@group-9A0367B0C765: appendEntries* reply s14<-s2#5313:OK-t1,SUCCESS,nextIndex=34,followerCommit=31,matchIndex=33
2024-10-09 04:29:54,012 DEBUG server.RaftServer$Division (RaftServerImpl.java:submitClientRequestAsync(916)) - s14@group-9A0367B0C765: receive client request(RaftClientRequest:client-8D305CAE4F35->s14@group-9A0367B0C765, cid=5316, seq=null, RW, Message:01016300)
2024-10-09 04:29:54,012 DEBUG server.RaftServer$Division (LeaderStateImpl.java:addPendingRequest(529)) - s14@group-9A0367B0C765-LeaderStateImpl: addPendingRequest at RaftClientRequest:client-8D305CAE4F35->s14@group-9A0367B0C765, cid=5316, seq=null, RW, Message:01016300, entry=(t:1, i:35), STATEMACHINELOGENTRY, WRITE: logData.size=4, stateMachineData.size=0, logEntryProtoSerializedSize=0
2024-10-09 04:29:54,013 DEBUG server.RaftServer$Division (RaftServerImpl.java:logAppendEntries(1545)) - s3@group-9A0367B0C765: appendEntries* s14->s3#5315-t1,previous=(t:1, i:33),leaderCommit=33,initializing? false,entries: size=1, first=(t:1, i:34), METADATAENTRY(c:33)
2024-10-09 04:29:54,012 DEBUG server.RaftServer$Division (RaftServerImpl.java:logAppendEntries(1545)) - s2@group-9A0367B0C765: appendEntries* s14->s2#5317-t1,previous=(t:1, i:33),leaderCommit=33,initializing? false,entries: size=1, first=(t:1, i:34), METADATAENTRY(c:33)
2024-10-09 04:29:54,013 DEBUG server.RaftServer$Division (RaftServerImpl.java:logAppendEntries(1545)) - s3@group-9A0367B0C765: appendEntries* reply s14<-s3#5315:OK-t1,SUCCESS,nextIndex=35,followerCommit=33,matchIndex=34
2024-10-09 04:29:54,013 DEBUG server.RaftServer$Division (RaftServerImpl.java:logAppendEntries(1545)) - s2@group-9A0367B0C765: appendEntries* reply s14<-s2#5317:OK-t1,SUCCESS,nextIndex=35,followerCommit=33,matchIndex=34
2024-10-09 04:29:54,014 DEBUG server.RaftServer$Division (RaftServerImpl.java:logAppendEntries(1545)) - s2@group-9A0367B0C765: appendEntries* s14->s2#5318-t1,previous=(t:1, i:34),leaderCommit=33,initializing? false,entries: size=1, first=(t:1, i:35), STATEMACHINELOGENTRY, StateMachineLogEntryProto:5316@client-8D305CAE4F35
2024-10-09 04:29:54,014 DEBUG server.RaftServer$Division (RaftServerImpl.java:logAppendEntries(1545)) - s3@group-9A0367B0C765: appendEntries* s14->s3#5319-t1,previous=(t:1, i:34),leaderCommit=33,initializing? false,entries: size=1, first=(t:1, i:35), STATEMACHINELOGENTRY, StateMachineLogEntryProto:5316@client-8D305CAE4F35
2024-10-09 04:29:54,014 DEBUG server.RaftServer$Division (RaftServerImpl.java:logAppendEntries(1545)) - s2@group-9A0367B0C765: appendEntries* reply s14<-s2#5318:OK-t1,SUCCESS,nextIndex=36,followerCommit=33,matchIndex=35
2024-10-09 04:29:54,014 INFO  statemachine.StateMachine (ArithmeticStateMachine.java:applyTransaction(181)) - LEADER:s14-35: c = null = null
2024-10-09 04:29:54,015 DEBUG server.RaftServer$Division (RaftServerImpl.java:logAppendEntries(1545)) - s2@group-9A0367B0C765: appendEntries* s14->s2#5320-t1,previous=(t:1, i:35),leaderCommit=35,initializing? false,entries: size=1, first=(t:1, i:36), METADATAENTRY(c:35)
2024-10-09 04:29:54,015 DEBUG server.RaftServer$Division (RaftServerImpl.java:submitClientRequestAsync(916)) - s14@group-9A0367B0C765: receive client request(RaftClientRequest:client-8D305CAE4F35->s14@group-9A0367B0C765, cid=5321, seq=null, RW, Message:01016102404880000000...(size=12))
2024-10-09 04:29:54,015 DEBUG server.RaftServer$Division (RaftServerImpl.java:logAppendEntries(1545)) - s3@group-9A0367B0C765: appendEntries* reply s14<-s3#5319:OK-t1,SUCCESS,nextIndex=36,followerCommit=33,matchIndex=35
2024-10-09 04:29:54,015 DEBUG server.RaftServer$Division (LeaderStateImpl.java:addPendingRequest(529)) - s14@group-9A0367B0C765-LeaderStateImpl: addPendingRequest at RaftClientRequest:client-8D305CAE4F35->s14@group-9A0367B0C765, cid=5321, seq=null, RW, Message:01016102404880000000...(size=12), entry=(t:1, i:37), STATEMACHINELOGENTRY, WRITE: logData.size=12, stateMachineData.size=0, logEntryProtoSerializedSize=0
2024-10-09 04:29:54,015 DEBUG server.RaftServer$Division (RaftServerImpl.java:logAppendEntries(1545)) - s3@group-9A0367B0C765: appendEntries* s14->s3#5322-t1,previous=(t:1, i:35),leaderCommit=35,initializing? false,entries: size=2, first=(t:1, i:36), METADATAENTRY(c:35)
2024-10-09 04:29:54,016 DEBUG server.RaftServer$Division (RaftServerImpl.java:logAppendEntries(1545)) - s2@group-9A0367B0C765: appendEntries* reply s14<-s2#5320:OK-t1,SUCCESS,nextIndex=37,followerCommit=35,matchIndex=36
2024-10-09 04:29:54,016 DEBUG server.RaftServer$Division (RaftServerImpl.java:logAppendEntries(1545)) - s3@group-9A0367B0C765: appendEntries* reply s14<-s3#5322:OK-t1,SUCCESS,nextIndex=38,followerCommit=35,matchIndex=37
2024-10-09 04:29:54,016 DEBUG server.RaftServer$Division (RaftServerImpl.java:logAppendEntries(1545)) - s2@group-9A0367B0C765: appendEntries* s14->s2#5323-t1,previous=(t:1, i:36),leaderCommit=35,initializing? false,entries: size=1, first=(t:1, i:37), STATEMACHINELOGENTRY, StateMachineLogEntryProto:5321@client-8D305CAE4F35
2024-10-09 04:29:54,017 INFO  statemachine.StateMachine (ArithmeticStateMachine.java:applyTransaction(181)) - LEADER:s14-37: a = 49 = 49
2024-10-09 04:29:54,017 DEBUG server.RaftServer$Division (RaftServerImpl.java:logAppendEntries(1545)) - s2@group-9A0367B0C765: appendEntries* reply s14<-s2#5323:OK-t1,SUCCESS,nextIndex=38,followerCommit=35,matchIndex=37
2024-10-09 04:29:54,017 DEBUG server.RaftServer$Division (RaftServerImpl.java:submitClientRequestAsync(916)) - s14@group-9A0367B0C765: receive client request(RaftClientRequest:client-8D305CAE4F35->s14@group-9A0367B0C765, cid=5325, seq=null, RW, Message:010162024092c0000000...(size=12))
2024-10-09 04:29:54,017 DEBUG server.RaftServer$Division (RaftServerImpl.java:logAppendEntries(1545)) - s3@group-9A0367B0C765: appendEntries* s14->s3#5324-t1,previous=(t:1, i:37),leaderCommit=37,initializing? false,entries: size=1, first=(t:1, i:38), METADATAENTRY(c:37)
2024-10-09 04:29:54,018 DEBUG server.RaftServer$Division (LeaderStateImpl.java:addPendingRequest(529)) - s14@group-9A0367B0C765-LeaderStateImpl: addPendingRequest at RaftClientRequest:client-8D305CAE4F35->s14@group-9A0367B0C765, cid=5325, seq=null, RW, Message:010162024092c0000000...(size=12), entry=(t:1, i:39), STATEMACHINELOGENTRY, WRITE: logData.size=12, stateMachineData.size=0, logEntryProtoSerializedSize=0
2024-10-09 04:29:54,018 DEBUG server.RaftServer$Division (RaftServerImpl.java:logAppendEntries(1545)) - s3@group-9A0367B0C765: appendEntries* reply s14<-s3#5324:OK-t1,SUCCESS,nextIndex=39,followerCommit=37,matchIndex=38
2024-10-09 04:29:54,019 DEBUG server.RaftServer$Division (RaftServerImpl.java:logAppendEntries(1545)) - s2@group-9A0367B0C765: appendEntries* s14->s2#5327-t1,previous=(t:1, i:37),leaderCommit=38,initializing? false,entries: size=2, first=(t:1, i:38), METADATAENTRY(c:37)
2024-10-09 04:29:54,019 DEBUG server.RaftServer$Division (RaftServerImpl.java:logAppendEntries(1545)) - s3@group-9A0367B0C765: appendEntries* s14->s3#5326-t1,previous=(t:1, i:38),leaderCommit=38,initializing? false,entries: size=1, first=(t:1, i:39), STATEMACHINELOGENTRY, StateMachineLogEntryProto:5325@client-8D305CAE4F35
2024-10-09 04:29:54,019 DEBUG server.RaftServer$Division (RaftServerImpl.java:logAppendEntries(1545)) - s3@group-9A0367B0C765: appendEntries* reply s14<-s3#5326:OK-t1,SUCCESS,nextIndex=40,followerCommit=38,matchIndex=39
2024-10-09 04:29:54,019 INFO  statemachine.StateMachine (ArithmeticStateMachine.java:applyTransaction(181)) - LEADER:s14-39: b = 1200 = 1200
2024-10-09 04:29:54,020 DEBUG server.RaftServer$Division (RaftServerImpl.java:logAppendEntries(1545)) - s2@group-9A0367B0C765: appendEntries* reply s14<-s2#5327:OK-t1,SUCCESS,nextIndex=40,followerCommit=38,matchIndex=39
2024-10-09 04:29:54,020 DEBUG server.RaftServer$Division (RaftServerImpl.java:logAppendEntries(1545)) - s3@group-9A0367B0C765: appendEntries* s14->s3#5328-t1,previous=(t:1, i:39),leaderCommit=39,initializing? false,entries: size=1, first=(t:1, i:40), METADATAENTRY(c:39)
2024-10-09 04:29:54,020 DEBUG server.RaftServer$Division (RaftServerImpl.java:submitClientRequestAsync(916)) - s14@group-9A0367B0C765: receive client request(RaftClientRequest:client-8D305CAE4F35->s14@group-9A0367B0C765, cid=5329, seq=null, RW, Message:01016304010300040201...(size=17))
2024-10-09 04:29:54,020 DEBUG server.RaftServer$Division (LeaderStateImpl.java:addPendingRequest(529)) - s14@group-9A0367B0C765-LeaderStateImpl: addPendingRequest at RaftClientRequest:client-8D305CAE4F35->s14@group-9A0367B0C765, cid=5329, seq=null, RW, Message:01016304010300040201...(size=17), entry=(t:1, i:41), STATEMACHINELOGENTRY, WRITE: logData.size=17, stateMachineData.size=0, logEntryProtoSerializedSize=0
2024-10-09 04:29:54,020 DEBUG server.RaftServer$Division (RaftServerImpl.java:logAppendEntries(1545)) - s3@group-9A0367B0C765: appendEntries* reply s14<-s3#5328:OK-t1,SUCCESS,nextIndex=41,followerCommit=39,matchIndex=40
2024-10-09 04:29:54,021 DEBUG server.RaftServer$Division (RaftServerImpl.java:logAppendEntries(1545)) - s2@group-9A0367B0C765: appendEntries* s14->s2#5330-t1,previous=(t:1, i:39),leaderCommit=39,initializing? false,entries: size=1, first=(t:1, i:40), METADATAENTRY(c:39)
2024-10-09 04:29:54,021 DEBUG server.RaftServer$Division (RaftServerImpl.java:logAppendEntries(1545)) - s3@group-9A0367B0C765: appendEntries* s14->s3#5331-t1,previous=(t:1, i:40),leaderCommit=40,initializing? false,entries: size=1, first=(t:1, i:41), STATEMACHINELOGENTRY, StateMachineLogEntryProto:5329@client-8D305CAE4F35
2024-10-09 04:29:54,023 DEBUG server.RaftServer$Division (RaftServerImpl.java:logAppendEntries(1545)) - s3@group-9A0367B0C765: appendEntries* reply s14<-s3#5331:OK-t1,SUCCESS,nextIndex=42,followerCommit=40,matchIndex=41
2024-10-09 04:29:54,023 DEBUG server.RaftServer$Division (RaftServerImpl.java:logAppendEntries(1545)) - s2@group-9A0367B0C765: appendEntries* reply s14<-s2#5330:OK-t1,SUCCESS,nextIndex=41,followerCommit=39,matchIndex=40
2024-10-09 04:29:54,023 INFO  statemachine.StateMachine (ArithmeticStateMachine.java:applyTransaction(181)) - LEADER:s14-41: c = √(a^2 + b^2) = 1201
2024-10-09 04:29:54,024 DEBUG server.RaftServer$Division (RaftServerImpl.java:logAppendEntries(1545)) - s3@group-9A0367B0C765: appendEntries* s14->s3#5332-t1,previous=(t:1, i:41),leaderCommit=41,initializing? false,entries: size=1, first=(t:1, i:42), METADATAENTRY(c:41)
2024-10-09 04:29:54,024 DEBUG server.RaftServer$Division (RaftServerImpl.java:submitClientRequestAsync(916)) - s14@group-9A0367B0C765: receive client request(RaftClientRequest:client-8D305CAE4F35->s14@group-9A0367B0C765, cid=5333, seq=null, RW, Message:01016100)
2024-10-09 04:29:54,024 DEBUG server.RaftServer$Division (RaftServerImpl.java:logAppendEntries(1545)) - s3@group-9A0367B0C765: appendEntries* reply s14<-s3#5332:OK-t1,SUCCESS,nextIndex=43,followerCommit=41,matchIndex=42
2024-10-09 04:29:54,024 DEBUG server.RaftServer$Division (LeaderStateImpl.java:addPendingRequest(529)) - s14@group-9A0367B0C765-LeaderStateImpl: addPendingRequest at RaftClientRequest:client-8D305CAE4F35->s14@group-9A0367B0C765, cid=5333, seq=null, RW, Message:01016100, entry=(t:1, i:43), STATEMACHINELOGENTRY, WRITE: logData.size=4, stateMachineData.size=0, logEntryProtoSerializedSize=0
2024-10-09 04:29:54,024 DEBUG server.RaftServer$Division (RaftServerImpl.java:logAppendEntries(1545)) - s2@group-9A0367B0C765: appendEntries* s14->s2#5334-t1,previous=(t:1, i:40),leaderCommit=41,initializing? false,entries: size=2, first=(t:1, i:41), STATEMACHINELOGENTRY, StateMachineLogEntryProto:5329@client-8D305CAE4F35
2024-10-09 04:29:54,025 DEBUG server.RaftServer$Division (RaftServerImpl.java:logAppendEntries(1545)) - s3@group-9A0367B0C765: appendEntries* s14->s3#5335-t1,previous=(t:1, i:42),leaderCommit=41,initializing? false,entries: size=1, first=(t:1, i:43), STATEMACHINELOGENTRY, StateMachineLogEntryProto:5333@client-8D305CAE4F35
2024-10-09 04:29:54,025 DEBUG server.RaftServer$Division (RaftServerImpl.java:logAppendEntries(1545)) - s3@group-9A0367B0C765: appendEntries* reply s14<-s3#5335:OK-t1,SUCCESS,nextIndex=44,followerCommit=41,matchIndex=43
2024-10-09 04:29:54,026 DEBUG server.RaftServer$Division (RaftServerImpl.java:logAppendEntries(1545)) - s2@group-9A0367B0C765: appendEntries* reply s14<-s2#5334:OK-t1,SUCCESS,nextIndex=43,followerCommit=41,matchIndex=42
2024-10-09 04:29:54,026 INFO  statemachine.StateMachine (ArithmeticStateMachine.java:applyTransaction(181)) - LEADER:s14-43: a = null = null
2024-10-09 04:29:54,026 DEBUG server.RaftServer$Division (RaftServerImpl.java:submitClientRequestAsync(916)) - s14@group-9A0367B0C765: receive client request(RaftClientRequest:client-8D305CAE4F35->s14@group-9A0367B0C765, cid=5341, seq=null, RW, Message:01016200)
2024-10-09 04:29:54,026 DEBUG server.RaftServer$Division (RaftServerImpl.java:logAppendEntries(1545)) - s3@group-9A0367B0C765: appendEntries* s14->s3#5340-t1,previous=(t:1, i:43),leaderCommit=43,initializing? false,entries: size=1, first=(t:1, i:44), METADATAENTRY(c:43)
2024-10-09 04:29:54,027 DEBUG server.RaftServer$Division (LeaderStateImpl.java:addPendingRequest(529)) - s14@group-9A0367B0C765-LeaderStateImpl: addPendingRequest at RaftClientRequest:client-8D305CAE4F35->s14@group-9A0367B0C765, cid=5341, seq=null, RW, Message:01016200, entry=(t:1, i:45), STATEMACHINELOGENTRY, WRITE: logData.size=4, stateMachineData.size=0, logEntryProtoSerializedSize=0
2024-10-09 04:29:54,027 DEBUG server.RaftServer$Division (RaftServerImpl.java:logAppendEntries(1545)) - s3@group-9A0367B0C765: appendEntries* reply s14<-s3#5340:OK-t1,SUCCESS,nextIndex=45,followerCommit=43,matchIndex=44
2024-10-09 04:29:54,027 DEBUG server.RaftServer$Division (RaftServerImpl.java:logAppendEntries(1545)) - s2@group-9A0367B0C765: appendEntries* s14->s2#5342-t1,previous=(t:1, i:42),leaderCommit=43,initializing? false,entries: size=2, first=(t:1, i:43), STATEMACHINELOGENTRY, StateMachineLogEntryProto:5333@client-8D305CAE4F35
2024-10-09 04:29:54,027 DEBUG server.RaftServer$Division (RaftServerImpl.java:logAppendEntries(1545)) - s3@group-9A0367B0C765: appendEntries* s14->s3#5343-t1,previous=(t:1, i:44),leaderCommit=44,initializing? false,entries: size=1, first=(t:1, i:45), STATEMACHINELOGENTRY, StateMachineLogEntryProto:5341@client-8D305CAE4F35
2024-10-09 04:29:54,028 DEBUG server.RaftServer$Division (RaftServerImpl.java:logAppendEntries(1545)) - s3@group-9A0367B0C765: appendEntries* reply s14<-s3#5343:OK-t1,SUCCESS,nextIndex=46,followerCommit=44,matchIndex=45
2024-10-09 04:29:54,028 DEBUG server.RaftServer$Division (RaftServerImpl.java:logAppendEntries(1545)) - s2@group-9A0367B0C765: appendEntries* reply s14<-s2#5342:OK-t1,SUCCESS,nextIndex=45,followerCommit=43,matchIndex=44
2024-10-09 04:29:54,028 INFO  statemachine.StateMachine (ArithmeticStateMachine.java:applyTransaction(181)) - LEADER:s14-45: b = null = null
2024-10-09 04:29:54,028 DEBUG server.RaftServer$Division (RaftServerImpl.java:logAppendEntries(1545)) - s3@group-9A0367B0C765: appendEntries* s14->s3#5344-t1,previous=(t:1, i:45),leaderCommit=45,initializing? false,entries: size=1, first=(t:1, i:46), METADATAENTRY(c:45)
2024-10-09 04:29:54,029 DEBUG server.RaftServer$Division (RaftServerImpl.java:submitClientRequestAsync(916)) - s14@group-9A0367B0C765: receive client request(RaftClientRequest:client-8D305CAE4F35->s14@group-9A0367B0C765, cid=5345, seq=null, RW, Message:01016300)
2024-10-09 04:29:54,029 DEBUG server.RaftServer$Division (RaftServerImpl.java:logAppendEntries(1545)) - s3@group-9A0367B0C765: appendEntries* reply s14<-s3#5344:OK-t1,SUCCESS,nextIndex=47,followerCommit=45,matchIndex=46
2024-10-09 04:29:54,029 DEBUG server.RaftServer$Division (LeaderStateImpl.java:addPendingRequest(529)) - s14@group-9A0367B0C765-LeaderStateImpl: addPendingRequest at RaftClientRequest:client-8D305CAE4F35->s14@group-9A0367B0C765, cid=5345, seq=null, RW, Message:01016300, entry=(t:1, i:47), STATEMACHINELOGENTRY, WRITE: logData.size=4, stateMachineData.size=0, logEntryProtoSerializedSize=0
2024-10-09 04:29:54,029 DEBUG server.RaftServer$Division (RaftServerImpl.java:logAppendEntries(1545)) - s3@group-9A0367B0C765: appendEntries* s14->s3#5347-t1,previous=(t:1, i:46),leaderCommit=45,initializing? false,entries: size=1, first=(t:1, i:47), STATEMACHINELOGENTRY, StateMachineLogEntryProto:5345@client-8D305CAE4F35
2024-10-09 04:29:54,029 DEBUG server.RaftServer$Division (RaftServerImpl.java:logAppendEntries(1545)) - s2@group-9A0367B0C765: appendEntries* s14->s2#5346-t1,previous=(t:1, i:44),leaderCommit=45,initializing? false,entries: size=2, first=(t:1, i:45), STATEMACHINELOGENTRY, StateMachineLogEntryProto:5341@client-8D305CAE4F35
2024-10-09 04:29:54,030 DEBUG server.RaftServer$Division (RaftServerImpl.java:logAppendEntries(1545)) - s3@group-9A0367B0C765: appendEntries* reply s14<-s3#5347:OK-t1,SUCCESS,nextIndex=48,followerCommit=45,matchIndex=47
2024-10-09 04:29:54,030 INFO  statemachine.StateMachine (ArithmeticStateMachine.java:applyTransaction(181)) - LEADER:s14-47: c = null = null
2024-10-09 04:29:54,030 DEBUG server.RaftServer$Division (RaftServerImpl.java:logAppendEntries(1545)) - s2@group-9A0367B0C765: appendEntries* reply s14<-s2#5346:OK-t1,SUCCESS,nextIndex=47,followerCommit=45,matchIndex=46
2024-10-09 04:29:54,031 DEBUG server.RaftServer$Division (RaftServerImpl.java:submitClientRequestAsync(916)) - s14@group-9A0367B0C765: receive client request(RaftClientRequest:client-8D305CAE4F35->s14@group-9A0367B0C765, cid=5349, seq=null, RW, Message:01016102404980000000...(size=12))
2024-10-09 04:29:54,031 DEBUG server.RaftServer$Division (LeaderStateImpl.java:addPendingRequest(529)) - s14@group-9A0367B0C765-LeaderStateImpl: addPendingRequest at RaftClientRequest:client-8D305CAE4F35->s14@group-9A0367B0C765, cid=5349, seq=null, RW, Message:01016102404980000000...(size=12), entry=(t:1, i:49), STATEMACHINELOGENTRY, WRITE: logData.size=12, stateMachineData.size=0, logEntryProtoSerializedSize=0
2024-10-09 04:29:54,031 DEBUG server.RaftServer$Division (RaftServerImpl.java:logAppendEntries(1545)) - s2@group-9A0367B0C765: appendEntries* s14->s2#5350-t1,previous=(t:1, i:46),leaderCommit=47,initializing? false,entries: size=3, first=(t:1, i:47), STATEMACHINELOGENTRY, StateMachineLogEntryProto:5345@client-8D305CAE4F35
2024-10-09 04:29:54,032 DEBUG server.RaftServer$Division (RaftServerImpl.java:logAppendEntries(1545)) - s2@group-9A0367B0C765: appendEntries* reply s14<-s2#5350:OK-t1,SUCCESS,nextIndex=50,followerCommit=47,matchIndex=49
2024-10-09 04:29:54,032 DEBUG server.RaftServer$Division (RaftServerImpl.java:logAppendEntries(1545)) - s3@group-9A0367B0C765: appendEntries* s14->s3#5348-t1,previous=(t:1, i:47),leaderCommit=47,initializing? false,entries: size=1, first=(t:1, i:48), METADATAENTRY(c:47)
2024-10-09 04:29:54,032 INFO  statemachine.StateMachine (ArithmeticStateMachine.java:applyTransaction(181)) - LEADER:s14-49: a = 51 = 51
2024-10-09 04:29:54,033 DEBUG server.RaftServer$Division (RaftServerImpl.java:logAppendEntries(1545)) - s2@group-9A0367B0C765: appendEntries* s14->s2#5351-t1,previous=(t:1, i:49),leaderCommit=49,initializing? false,entries: size=1, first=(t:1, i:50), METADATAENTRY(c:49)
2024-10-09 04:29:54,033 DEBUG server.RaftServer$Division (RaftServerImpl.java:submitClientRequestAsync(916)) - s14@group-9A0367B0C765: receive client request(RaftClientRequest:client-8D305CAE4F35->s14@group-9A0367B0C765, cid=5352, seq=null, RW, Message:01016202409450000000...(size=12))
2024-10-09 04:29:54,033 DEBUG server.RaftServer$Division (RaftServerImpl.java:logAppendEntries(1545)) - s3@group-9A0367B0C765: appendEntries* reply s14<-s3#5348:OK-t1,SUCCESS,nextIndex=49,followerCommit=47,matchIndex=48
2024-10-09 04:29:54,034 DEBUG server.RaftServer$Division (LeaderStateImpl.java:addPendingRequest(529)) - s14@group-9A0367B0C765-LeaderStateImpl: addPendingRequest at RaftClientRequest:client-8D305CAE4F35->s14@group-9A0367B0C765, cid=5352, seq=null, RW, Message:01016202409450000000...(size=12), entry=(t:1, i:51), STATEMACHINELOGENTRY, WRITE: logData.size=12, stateMachineData.size=0, logEntryProtoSerializedSize=0
2024-10-09 04:29:54,034 DEBUG server.RaftServer$Division (RaftServerImpl.java:logAppendEntries(1545)) - s2@group-9A0367B0C765: appendEntries* reply s14<-s2#5351:OK-t1,SUCCESS,nextIndex=51,followerCommit=49,matchIndex=50
2024-10-09 04:29:54,035 DEBUG server.RaftServer$Division (RaftServerImpl.java:logAppendEntries(1545)) - s2@group-9A0367B0C765: appendEntries* s14->s2#5354-t1,previous=(t:1, i:50),leaderCommit=49,initializing? false,entries: size=1, first=(t:1, i:51), STATEMACHINELOGENTRY, StateMachineLogEntryProto:5352@client-8D305CAE4F35
2024-10-09 04:29:54,035 DEBUG server.RaftServer$Division (RaftServerImpl.java:logAppendEntries(1545)) - s2@group-9A0367B0C765: appendEntries* reply s14<-s2#5354:OK-t1,SUCCESS,nextIndex=52,followerCommit=49,matchIndex=51
2024-10-09 04:29:54,036 INFO  statemachine.StateMachine (ArithmeticStateMachine.java:applyTransaction(181)) - LEADER:s14-51: b = 1300 = 1300
2024-10-09 04:29:54,036 DEBUG server.RaftServer$Division (RaftServerImpl.java:logAppendEntries(1545)) - s2@group-9A0367B0C765: appendEntries* s14->s2#5355-t1,previous=(t:1, i:51),leaderCommit=51,initializing? false,entries: size=1, first=(t:1, i:52), METADATAENTRY(c:51)
2024-10-09 04:29:54,036 DEBUG server.RaftServer$Division (RaftServerImpl.java:submitClientRequestAsync(916)) - s14@group-9A0367B0C765: receive client request(RaftClientRequest:client-8D305CAE4F35->s14@group-9A0367B0C765, cid=5356, seq=null, RW, Message:01016304010300040201...(size=17))
2024-10-09 04:29:54,037 DEBUG server.RaftServer$Division (RaftServerImpl.java:logAppendEntries(1545)) - s3@group-9A0367B0C765: appendEntries* s14->s3#5353-t1,previous=(t:1, i:48),leaderCommit=49,initializing? false,entries: size=3, first=(t:1, i:49), STATEMACHINELOGENTRY, StateMachineLogEntryProto:5349@client-8D305CAE4F35
2024-10-09 04:29:54,037 DEBUG server.RaftServer$Division (LeaderStateImpl.java:addPendingRequest(529)) - s14@group-9A0367B0C765-LeaderStateImpl: addPendingRequest at RaftClientRequest:client-8D305CAE4F35->s14@group-9A0367B0C765, cid=5356, seq=null, RW, Message:01016304010300040201...(size=17), entry=(t:1, i:53), STATEMACHINELOGENTRY, WRITE: logData.size=17, stateMachineData.size=0, logEntryProtoSerializedSize=0
2024-10-09 04:29:54,037 DEBUG server.RaftServer$Division (RaftServerImpl.java:logAppendEntries(1545)) - s2@group-9A0367B0C765: appendEntries* reply s14<-s2#5355:OK-t1,SUCCESS,nextIndex=53,followerCommit=51,matchIndex=52
2024-10-09 04:29:54,037 DEBUG server.RaftServer$Division (RaftServerImpl.java:logAppendEntries(1545)) - s3@group-9A0367B0C765: appendEntries* reply s14<-s3#5353:OK-t1,SUCCESS,nextIndex=52,followerCommit=49,matchIndex=51
2024-10-09 04:29:54,038 DEBUG server.RaftServer$Division (RaftServerImpl.java:logAppendEntries(1545)) - s3@group-9A0367B0C765: appendEntries* s14->s3#5357-t1,previous=(t:1, i:51),leaderCommit=51,initializing? false,entries: size=2, first=(t:1, i:52), METADATAENTRY(c:51)
2024-10-09 04:29:54,038 DEBUG server.RaftServer$Division (RaftServerImpl.java:logAppendEntries(1545)) - s2@group-9A0367B0C765: appendEntries* s14->s2#5358-t1,previous=(t:1, i:52),leaderCommit=51,initializing? false,entries: size=1, first=(t:1, i:53), STATEMACHINELOGENTRY, StateMachineLogEntryProto:5356@client-8D305CAE4F35
2024-10-09 04:29:54,038 DEBUG server.RaftServer$Division (RaftServerImpl.java:logAppendEntries(1545)) - s2@group-9A0367B0C765: appendEntries* reply s14<-s2#5358:OK-t1,SUCCESS,nextIndex=54,followerCommit=51,matchIndex=53
2024-10-09 04:29:54,039 DEBUG server.RaftServer$Division (RaftServerImpl.java:logAppendEntries(1545)) - s3@group-9A0367B0C765: appendEntries* reply s14<-s3#5357:OK-t1,SUCCESS,nextIndex=54,followerCommit=51,matchIndex=53
2024-10-09 04:29:54,039 INFO  statemachine.StateMachine (ArithmeticStateMachine.java:applyTransaction(181)) - LEADER:s14-53: c = √(a^2 + b^2) = 1301
2024-10-09 04:29:54,039 DEBUG server.RaftServer$Division (RaftServerImpl.java:logAppendEntries(1545)) - s3@group-9A0367B0C765: appendEntries* s14->s3#5359-t1,previous=(t:1, i:53),leaderCommit=53,initializing? false,entries: size=1, first=(t:1, i:54), METADATAENTRY(c:53)
2024-10-09 04:29:54,040 DEBUG server.RaftServer$Division (RaftServerImpl.java:submitClientRequestAsync(916)) - s14@group-9A0367B0C765: receive client request(RaftClientRequest:client-8D305CAE4F35->s14@group-9A0367B0C765, cid=5361, seq=null, RW, Message:01016100)
2024-10-09 04:29:54,040 DEBUG server.RaftServer$Division (RaftServerImpl.java:logAppendEntries(1545)) - s3@group-9A0367B0C765: appendEntries* reply s14<-s3#5359:OK-t1,SUCCESS,nextIndex=55,followerCommit=53,matchIndex=54
2024-10-09 04:29:54,040 DEBUG server.RaftServer$Division (LeaderStateImpl.java:addPendingRequest(529)) - s14@group-9A0367B0C765-LeaderStateImpl: addPendingRequest at RaftClientRequest:client-8D305CAE4F35->s14@group-9A0367B0C765, cid=5361, seq=null, RW, Message:01016100, entry=(t:1, i:55), STATEMACHINELOGENTRY, WRITE: logData.size=4, stateMachineData.size=0, logEntryProtoSerializedSize=0
2024-10-09 04:29:54,040 DEBUG server.RaftServer$Division (RaftServerImpl.java:logAppendEntries(1545)) - s3@group-9A0367B0C765: appendEntries* s14->s3#5362-t1,previous=(t:1, i:54),leaderCommit=53,initializing? false,entries: size=1, first=(t:1, i:55), STATEMACHINELOGENTRY, StateMachineLogEntryProto:5361@client-8D305CAE4F35
2024-10-09 04:29:54,039 DEBUG server.RaftServer$Division (RaftServerImpl.java:logAppendEntries(1545)) - s2@group-9A0367B0C765: appendEntries* s14->s2#5360-t1,previous=(t:1, i:53),leaderCommit=53,initializing? false,entries: size=1, first=(t:1, i:54), METADATAENTRY(c:53)
2024-10-09 04:29:54,041 DEBUG server.RaftServer$Division (RaftServerImpl.java:logAppendEntries(1545)) - s3@group-9A0367B0C765: appendEntries* reply s14<-s3#5362:OK-t1,SUCCESS,nextIndex=56,followerCommit=53,matchIndex=55
2024-10-09 04:29:54,041 DEBUG server.RaftServer$Division (RaftServerImpl.java:logAppendEntries(1545)) - s2@group-9A0367B0C765: appendEntries* reply s14<-s2#5360:OK-t1,SUCCESS,nextIndex=55,followerCommit=53,matchIndex=54
2024-10-09 04:29:54,041 INFO  statemachine.StateMachine (ArithmeticStateMachine.java:applyTransaction(181)) - LEADER:s14-55: a = null = null
2024-10-09 04:29:54,041 DEBUG server.RaftServer$Division (RaftServerImpl.java:submitClientRequestAsync(916)) - s14@group-9A0367B0C765: receive client request(RaftClientRequest:client-8D305CAE4F35->s14@group-9A0367B0C765, cid=5365, seq=null, RW, Message:01016200)
2024-10-09 04:29:54,042 DEBUG server.RaftServer$Division (RaftServerImpl.java:logAppendEntries(1545)) - s2@group-9A0367B0C765: appendEntries* s14->s2#5363-t1,previous=(t:1, i:54),leaderCommit=55,initializing? false,entries: size=2, first=(t:1, i:55), STATEMACHINELOGENTRY, StateMachineLogEntryProto:5361@client-8D305CAE4F35
2024-10-09 04:29:54,042 DEBUG server.RaftServer$Division (LeaderStateImpl.java:addPendingRequest(529)) - s14@group-9A0367B0C765-LeaderStateImpl: addPendingRequest at RaftClientRequest:client-8D305CAE4F35->s14@group-9A0367B0C765, cid=5365, seq=null, RW, Message:01016200, entry=(t:1, i:57), STATEMACHINELOGENTRY, WRITE: logData.size=4, stateMachineData.size=0, logEntryProtoSerializedSize=0
2024-10-09 04:29:54,042 DEBUG server.RaftServer$Division (RaftServerImpl.java:logAppendEntries(1545)) - s2@group-9A0367B0C765: appendEntries* reply s14<-s2#5363:OK-t1,SUCCESS,nextIndex=57,followerCommit=55,matchIndex=56
2024-10-09 04:29:54,043 DEBUG server.RaftServer$Division (RaftServerImpl.java:logAppendEntries(1545)) - s2@group-9A0367B0C765: appendEntries* s14->s2#5366-t1,previous=(t:1, i:56),leaderCommit=56,initializing? false,entries: size=1, first=(t:1, i:57), STATEMACHINELOGENTRY, StateMachineLogEntryProto:5365@client-8D305CAE4F35
2024-10-09 04:29:54,043 DEBUG server.RaftServer$Division (RaftServerImpl.java:logAppendEntries(1545)) - s2@group-9A0367B0C765: appendEntries* reply s14<-s2#5366:OK-t1,SUCCESS,nextIndex=58,followerCommit=56,matchIndex=57
2024-10-09 04:29:54,044 INFO  statemachine.StateMachine (ArithmeticStateMachine.java:applyTransaction(181)) - LEADER:s14-57: b = null = null
2024-10-09 04:29:54,044 DEBUG server.RaftServer$Division (RaftServerImpl.java:logAppendEntries(1545)) - s2@group-9A0367B0C765: appendEntries* s14->s2#5367-t1,previous=(t:1, i:57),leaderCommit=57,initializing? false,entries: size=1, first=(t:1, i:58), METADATAENTRY(c:57)
2024-10-09 04:29:54,044 DEBUG server.RaftServer$Division (RaftServerImpl.java:logAppendEntries(1545)) - s3@group-9A0367B0C765: appendEntries* s14->s3#5364-t1,previous=(t:1, i:55),leaderCommit=55,initializing? false,entries: size=1, first=(t:1, i:56), METADATAENTRY(c:55)
2024-10-09 04:29:54,044 DEBUG server.RaftServer$Division (RaftServerImpl.java:submitClientRequestAsync(916)) - s14@group-9A0367B0C765: receive client request(RaftClientRequest:client-8D305CAE4F35->s14@group-9A0367B0C765, cid=5368, seq=null, RW, Message:01016300)
2024-10-09 04:29:54,044 DEBUG server.RaftServer$Division (RaftServerImpl.java:logAppendEntries(1545)) - s3@group-9A0367B0C765: appendEntries* reply s14<-s3#5364:OK-t1,SUCCESS,nextIndex=57,followerCommit=55,matchIndex=56
2024-10-09 04:29:54,044 DEBUG server.RaftServer$Division (RaftServerImpl.java:logAppendEntries(1545)) - s2@group-9A0367B0C765: appendEntries* reply s14<-s2#5367:OK-t1,SUCCESS,nextIndex=59,followerCommit=57,matchIndex=58
2024-10-09 04:29:54,045 DEBUG server.RaftServer$Division (LeaderStateImpl.java:addPendingRequest(529)) - s14@group-9A0367B0C765-LeaderStateImpl: addPendingRequest at RaftClientRequest:client-8D305CAE4F35->s14@group-9A0367B0C765, cid=5368, seq=null, RW, Message:01016300, entry=(t:1, i:59), STATEMACHINELOGENTRY, WRITE: logData.size=4, stateMachineData.size=0, logEntryProtoSerializedSize=0
2024-10-09 04:29:54,045 DEBUG server.RaftServer$Division (RaftServerImpl.java:logAppendEntries(1545)) - s3@group-9A0367B0C765: appendEntries* s14->s3#5369-t1,previous=(t:1, i:56),leaderCommit=57,initializing? false,entries: size=2, first=(t:1, i:57), STATEMACHINELOGENTRY, StateMachineLogEntryProto:5365@client-8D305CAE4F35
2024-10-09 04:29:54,045 DEBUG server.RaftServer$Division (RaftServerImpl.java:logAppendEntries(1545)) - s2@group-9A0367B0C765: appendEntries* s14->s2#5370-t1,previous=(t:1, i:58),leaderCommit=57,initializing? false,entries: size=1, first=(t:1, i:59), STATEMACHINELOGENTRY, StateMachineLogEntryProto:5368@client-8D305CAE4F35
2024-10-09 04:29:54,045 DEBUG server.RaftServer$Division (RaftServerImpl.java:logAppendEntries(1545)) - s3@group-9A0367B0C765: appendEntries* reply s14<-s3#5369:OK-t1,SUCCESS,nextIndex=59,followerCommit=57,matchIndex=58
2024-10-09 04:29:54,046 DEBUG server.RaftServer$Division (RaftServerImpl.java:logAppendEntries(1545)) - s2@group-9A0367B0C765: appendEntries* reply s14<-s2#5370:OK-t1,SUCCESS,nextIndex=60,followerCommit=57,matchIndex=59
2024-10-09 04:29:54,046 DEBUG server.RaftServer$Division (RaftServerImpl.java:logAppendEntries(1545)) - s3@group-9A0367B0C765: appendEntries* s14->s3#5371-t1,previous=(t:1, i:58),leaderCommit=58,initializing? false,entries: size=1, first=(t:1, i:59), STATEMACHINELOGENTRY, StateMachineLogEntryProto:5368@client-8D305CAE4F35
2024-10-09 04:29:54,046 INFO  statemachine.StateMachine (ArithmeticStateMachine.java:applyTransaction(181)) - LEADER:s14-59: c = null = null
2024-10-09 04:29:54,046 DEBUG server.RaftServer$Division (RaftServerImpl.java:logAppendEntries(1545)) - s2@group-9A0367B0C765: appendEntries* s14->s2#5372-t1,previous=(t:1, i:59),leaderCommit=59,initializing? false,entries: size=1, first=(t:1, i:60), METADATAENTRY(c:59)
2024-10-09 04:29:54,046 DEBUG server.RaftServer$Division (RaftServerImpl.java:submitClientRequestAsync(916)) - s14@group-9A0367B0C765: receive client request(RaftClientRequest:client-8D305CAE4F35->s14@group-9A0367B0C765, cid=5373, seq=null, RW, Message:01016102404a80000000...(size=12))
2024-10-09 04:29:54,047 DEBUG server.RaftServer$Division (RaftServerImpl.java:logAppendEntries(1545)) - s3@group-9A0367B0C765: appendEntries* reply s14<-s3#5371:OK-t1,SUCCESS,nextIndex=60,followerCommit=58,matchIndex=59
2024-10-09 04:29:54,047 DEBUG server.RaftServer$Division (RaftServerImpl.java:logAppendEntries(1545)) - s2@group-9A0367B0C765: appendEntries* reply s14<-s2#5372:OK-t1,SUCCESS,nextIndex=61,followerCommit=59,matchIndex=60
2024-10-09 04:29:54,047 DEBUG server.RaftServer$Division (LeaderStateImpl.java:addPendingRequest(529)) - s14@group-9A0367B0C765-LeaderStateImpl: addPendingRequest at RaftClientRequest:client-8D305CAE4F35->s14@group-9A0367B0C765, cid=5373, seq=null, RW, Message:01016102404a80000000...(size=12), entry=(t:1, i:61), STATEMACHINELOGENTRY, WRITE: logData.size=12, stateMachineData.size=0, logEntryProtoSerializedSize=0
2024-10-09 04:29:54,047 DEBUG server.RaftServer$Division (RaftServerImpl.java:logAppendEntries(1545)) - s3@group-9A0367B0C765: appendEntries* s14->s3#5374-t1,previous=(t:1, i:59),leaderCommit=59,initializing? false,entries: size=1, first=(t:1, i:60), METADATAENTRY(c:59)
2024-10-09 04:29:54,047 DEBUG server.RaftServer$Division (RaftServerImpl.java:logAppendEntries(1545)) - s2@group-9A0367B0C765: appendEntries* s14->s2#5375-t1,previous=(t:1, i:60),leaderCommit=59,initializing? false,entries: size=1, first=(t:1, i:61), STATEMACHINELOGENTRY, StateMachineLogEntryProto:5373@client-8D305CAE4F35
2024-10-09 04:29:54,048 DEBUG server.RaftServer$Division (RaftServerImpl.java:logAppendEntries(1545)) - s3@group-9A0367B0C765: appendEntries* reply s14<-s3#5374:OK-t1,SUCCESS,nextIndex=61,followerCommit=59,matchIndex=60
2024-10-09 04:29:54,048 DEBUG server.RaftServer$Division (RaftServerImpl.java:logAppendEntries(1545)) - s2@group-9A0367B0C765: appendEntries* reply s14<-s2#5375:OK-t1,SUCCESS,nextIndex=62,followerCommit=59,matchIndex=61
2024-10-09 04:29:54,048 DEBUG server.RaftServer$Division (RaftServerImpl.java:logAppendEntries(1545)) - s3@group-9A0367B0C765: appendEntries* s14->s3#5376-t1,previous=(t:1, i:60),leaderCommit=60,initializing? false,entries: size=1, first=(t:1, i:61), STATEMACHINELOGENTRY, StateMachineLogEntryProto:5373@client-8D305CAE4F35
2024-10-09 04:29:54,048 INFO  statemachine.StateMachine (ArithmeticStateMachine.java:applyTransaction(181)) - LEADER:s14-61: a = 53 = 53
2024-10-09 04:29:54,049 DEBUG server.RaftServer$Division (RaftServerImpl.java:logAppendEntries(1545)) - s3@group-9A0367B0C765: appendEntries* reply s14<-s3#5376:OK-t1,SUCCESS,nextIndex=62,followerCommit=60,matchIndex=61
2024-10-09 04:29:54,049 DEBUG server.RaftServer$Division (RaftServerImpl.java:submitClientRequestAsync(916)) - s14@group-9A0367B0C765: receive client request(RaftClientRequest:client-8D305CAE4F35->s14@group-9A0367B0C765, cid=5378, seq=null, RW, Message:010162024095f0000000...(size=12))
2024-10-09 04:29:54,049 DEBUG server.RaftServer$Division (RaftServerImpl.java:logAppendEntries(1545)) - s2@group-9A0367B0C765: appendEntries* s14->s2#5377-t1,previous=(t:1, i:61),leaderCommit=61,initializing? false,entries: size=1, first=(t:1, i:62), METADATAENTRY(c:61)
2024-10-09 04:29:54,049 DEBUG server.RaftServer$Division (LeaderStateImpl.java:addPendingRequest(529)) - s14@group-9A0367B0C765-LeaderStateImpl: addPendingRequest at RaftClientRequest:client-8D305CAE4F35->s14@group-9A0367B0C765, cid=5378, seq=null, RW, Message:010162024095f0000000...(size=12), entry=(t:1, i:63), STATEMACHINELOGENTRY, WRITE: logData.size=12, stateMachineData.size=0, logEntryProtoSerializedSize=0
2024-10-09 04:29:54,049 DEBUG server.RaftServer$Division (RaftServerImpl.java:logAppendEntries(1545)) - s3@group-9A0367B0C765: appendEntries* s14->s3#5379-t1,previous=(t:1, i:61),leaderCommit=61,initializing? false,entries: size=1, first=(t:1, i:62), METADATAENTRY(c:61)
2024-10-09 04:29:54,049 DEBUG server.RaftServer$Division (RaftServerImpl.java:logAppendEntries(1545)) - s2@group-9A0367B0C765: appendEntries* reply s14<-s2#5377:OK-t1,SUCCESS,nextIndex=63,followerCommit=61,matchIndex=62
2024-10-09 04:29:54,050 DEBUG server.RaftServer$Division (RaftServerImpl.java:logAppendEntries(1545)) - s3@group-9A0367B0C765: appendEntries* reply s14<-s3#5379:OK-t1,SUCCESS,nextIndex=63,followerCommit=61,matchIndex=62
2024-10-09 04:29:54,050 DEBUG server.RaftServer$Division (RaftServerImpl.java:logAppendEntries(1545)) - s3@group-9A0367B0C765: appendEntries* s14->s3#5381-t1,previous=(t:1, i:62),leaderCommit=62,initializing? false,entries: size=1, first=(t:1, i:63), STATEMACHINELOGENTRY, StateMachineLogEntryProto:5378@client-8D305CAE4F35
2024-10-09 04:29:54,051 DEBUG server.RaftServer$Division (RaftServerImpl.java:logAppendEntries(1545)) - s2@group-9A0367B0C765: appendEntries* s14->s2#5380-t1,previous=(t:1, i:62),leaderCommit=62,initializing? false,entries: size=1, first=(t:1, i:63), STATEMACHINELOGENTRY, StateMachineLogEntryProto:5378@client-8D305CAE4F35
2024-10-09 04:29:54,051 DEBUG server.RaftServer$Division (RaftServerImpl.java:logAppendEntries(1545)) - s3@group-9A0367B0C765: appendEntries* reply s14<-s3#5381:OK-t1,SUCCESS,nextIndex=64,followerCommit=62,matchIndex=63
2024-10-09 04:29:54,051 INFO  statemachine.StateMachine (ArithmeticStateMachine.java:applyTransaction(181)) - LEADER:s14-63: b = 1404 = 1404
2024-10-09 04:29:54,051 DEBUG server.RaftServer$Division (RaftServerImpl.java:logAppendEntries(1545)) - s2@group-9A0367B0C765: appendEntries* reply s14<-s2#5380:OK-t1,SUCCESS,nextIndex=64,followerCommit=62,matchIndex=63
2024-10-09 04:29:54,051 DEBUG server.RaftServer$Division (RaftServerImpl.java:logAppendEntries(1545)) - s3@group-9A0367B0C765: appendEntries* s14->s3#5382-t1,previous=(t:1, i:63),leaderCommit=63,initializing? false,entries: size=1, first=(t:1, i:64), METADATAENTRY(c:63)
2024-10-09 04:29:54,052 DEBUG server.RaftServer$Division (RaftServerImpl.java:logAppendEntries(1545)) - s3@group-9A0367B0C765: appendEntries* reply s14<-s3#5382:OK-t1,SUCCESS,nextIndex=65,followerCommit=63,matchIndex=64
2024-10-09 04:29:54,052 DEBUG server.RaftServer$Division (RaftServerImpl.java:submitClientRequestAsync(916)) - s14@group-9A0367B0C765: receive client request(RaftClientRequest:client-8D305CAE4F35->s14@group-9A0367B0C765, cid=5384, seq=null, RW, Message:01016304010300040201...(size=17))
2024-10-09 04:29:54,052 DEBUG server.RaftServer$Division (RaftServerImpl.java:logAppendEntries(1545)) - s2@group-9A0367B0C765: appendEntries* s14->s2#5383-t1,previous=(t:1, i:63),leaderCommit=63,initializing? false,entries: size=1, first=(t:1, i:64), METADATAENTRY(c:63)
2024-10-09 04:29:54,052 DEBUG server.RaftServer$Division (LeaderStateImpl.java:addPendingRequest(529)) - s14@group-9A0367B0C765-LeaderStateImpl: addPendingRequest at RaftClientRequest:client-8D305CAE4F35->s14@group-9A0367B0C765, cid=5384, seq=null, RW, Message:01016304010300040201...(size=17), entry=(t:1, i:65), STATEMACHINELOGENTRY, WRITE: logData.size=17, stateMachineData.size=0, logEntryProtoSerializedSize=0
2024-10-09 04:29:54,053 DEBUG server.RaftServer$Division (RaftServerImpl.java:logAppendEntries(1545)) - s3@group-9A0367B0C765: appendEntries* s14->s3#5385-t1,previous=(t:1, i:64),leaderCommit=64,initializing? false,entries: size=1, first=(t:1, i:65), STATEMACHINELOGENTRY, StateMachineLogEntryProto:5384@client-8D305CAE4F35
2024-10-09 04:29:54,053 DEBUG server.RaftServer$Division (RaftServerImpl.java:logAppendEntries(1545)) - s2@group-9A0367B0C765: appendEntries* reply s14<-s2#5383:OK-t1,SUCCESS,nextIndex=65,followerCommit=63,matchIndex=64
2024-10-09 04:29:54,053 DEBUG server.RaftServer$Division (RaftServerImpl.java:logAppendEntries(1545)) - s3@group-9A0367B0C765: appendEntries* reply s14<-s3#5385:OK-t1,SUCCESS,nextIndex=66,followerCommit=64,matchIndex=65
2024-10-09 04:29:54,054 INFO  statemachine.StateMachine (ArithmeticStateMachine.java:applyTransaction(181)) - LEADER:s14-65: c = √(a^2 + b^2) = 1405
2024-10-09 04:29:54,054 DEBUG server.RaftServer$Division (RaftServerImpl.java:logAppendEntries(1545)) - s3@group-9A0367B0C765: appendEntries* s14->s3#5387-t1,previous=(t:1, i:65),leaderCommit=65,initializing? false,entries: size=1, first=(t:1, i:66), METADATAENTRY(c:65)
2024-10-09 04:29:54,054 DEBUG server.RaftServer$Division (RaftServerImpl.java:submitClientRequestAsync(916)) - s14@group-9A0367B0C765: receive client request(RaftClientRequest:client-8D305CAE4F35->s14@group-9A0367B0C765, cid=5388, seq=null, RW, Message:01016100)
2024-10-09 04:29:54,054 DEBUG server.RaftServer$Division (RaftServerImpl.java:logAppendEntries(1545)) - s2@group-9A0367B0C765: appendEntries* s14->s2#5386-t1,previous=(t:1, i:64),leaderCommit=64,initializing? false,entries: size=1, first=(t:1, i:65), STATEMACHINELOGENTRY, StateMachineLogEntryProto:5384@client-8D305CAE4F35
2024-10-09 04:29:54,054 DEBUG server.RaftServer$Division (RaftServerImpl.java:logAppendEntries(1545)) - s3@group-9A0367B0C765: appendEntries* reply s14<-s3#5387:OK-t1,SUCCESS,nextIndex=67,followerCommit=65,matchIndex=66
2024-10-09 04:29:54,055 DEBUG server.RaftServer$Division (LeaderStateImpl.java:addPendingRequest(529)) - s14@group-9A0367B0C765-LeaderStateImpl: addPendingRequest at RaftClientRequest:client-8D305CAE4F35->s14@group-9A0367B0C765, cid=5388, seq=null, RW, Message:01016100, entry=(t:1, i:67), STATEMACHINELOGENTRY, WRITE: logData.size=4, stateMachineData.size=0, logEntryProtoSerializedSize=0
2024-10-09 04:29:54,055 DEBUG server.RaftServer$Division (RaftServerImpl.java:logAppendEntries(1545)) - s3@group-9A0367B0C765: appendEntries* s14->s3#5389-t1,previous=(t:1, i:66),leaderCommit=65,initializing? false,entries: size=1, first=(t:1, i:67), STATEMACHINELOGENTRY, StateMachineLogEntryProto:5388@client-8D305CAE4F35
2024-10-09 04:29:54,055 DEBUG server.RaftServer$Division (RaftServerImpl.java:logAppendEntries(1545)) - s2@group-9A0367B0C765: appendEntries* reply s14<-s2#5386:OK-t1,SUCCESS,nextIndex=66,followerCommit=64,matchIndex=65
2024-10-09 04:29:54,055 DEBUG server.RaftServer$Division (RaftServerImpl.java:logAppendEntries(1545)) - s3@group-9A0367B0C765: appendEntries* reply s14<-s3#5389:OK-t1,SUCCESS,nextIndex=68,followerCommit=65,matchIndex=67
2024-10-09 04:29:54,056 INFO  statemachine.StateMachine (ArithmeticStateMachine.java:applyTransaction(181)) - LEADER:s14-67: a = null = null
2024-10-09 04:29:54,056 DEBUG server.RaftServer$Division (RaftServerImpl.java:logAppendEntries(1545)) - s3@group-9A0367B0C765: appendEntries* s14->s3#5391-t1,previous=(t:1, i:67),leaderCommit=67,initializing? false,entries: size=1, first=(t:1, i:68), METADATAENTRY(c:67)
2024-10-09 04:29:54,056 DEBUG server.RaftServer$Division (RaftServerImpl.java:logAppendEntries(1545)) - s2@group-9A0367B0C765: appendEntries* s14->s2#5390-t1,previous=(t:1, i:65),leaderCommit=66,initializing? false,entries: size=2, first=(t:1, i:66), METADATAENTRY(c:65)
2024-10-09 04:29:54,056 DEBUG server.RaftServer$Division (RaftServerImpl.java:submitClientRequestAsync(916)) - s14@group-9A0367B0C765: receive client request(RaftClientRequest:client-8D305CAE4F35->s14@group-9A0367B0C765, cid=5392, seq=null, RW, Message:01016200)
2024-10-09 04:29:54,057 DEBUG server.RaftServer$Division (RaftServerImpl.java:logAppendEntries(1545)) - s3@group-9A0367B0C765: appendEntries* reply s14<-s3#5391:OK-t1,SUCCESS,nextIndex=69,followerCommit=67,matchIndex=68
2024-10-09 04:29:54,057 DEBUG server.RaftServer$Division (LeaderStateImpl.java:addPendingRequest(529)) - s14@group-9A0367B0C765-LeaderStateImpl: addPendingRequest at RaftClientRequest:client-8D305CAE4F35->s14@group-9A0367B0C765, cid=5392, seq=null, RW, Message:01016200, entry=(t:1, i:69), STATEMACHINELOGENTRY, WRITE: logData.size=4, stateMachineData.size=0, logEntryProtoSerializedSize=0
2024-10-09 04:29:54,057 DEBUG server.RaftServer$Division (RaftServerImpl.java:logAppendEntries(1545)) - s2@group-9A0367B0C765: appendEntries* reply s14<-s2#5390:OK-t1,SUCCESS,nextIndex=68,followerCommit=66,matchIndex=67
2024-10-09 04:29:54,057 DEBUG server.RaftServer$Division (RaftServerImpl.java:logAppendEntries(1545)) - s3@group-9A0367B0C765: appendEntries* s14->s3#5393-t1,previous=(t:1, i:68),leaderCommit=67,initializing? false,entries: size=1, first=(t:1, i:69), STATEMACHINELOGENTRY, StateMachineLogEntryProto:5392@client-8D305CAE4F35
2024-10-09 04:29:54,058 DEBUG server.RaftServer$Division (RaftServerImpl.java:logAppendEntries(1545)) - s3@group-9A0367B0C765: appendEntries* reply s14<-s3#5393:OK-t1,SUCCESS,nextIndex=70,followerCommit=67,matchIndex=69
2024-10-09 04:29:54,058 INFO  statemachine.StateMachine (ArithmeticStateMachine.java:applyTransaction(181)) - LEADER:s14-69: b = null = null
2024-10-09 04:29:54,058 DEBUG server.RaftServer$Division (RaftServerImpl.java:logAppendEntries(1545)) - s3@group-9A0367B0C765: appendEntries* s14->s3#5395-t1,previous=(t:1, i:69),leaderCommit=69,initializing? false,entries: size=1, first=(t:1, i:70), METADATAENTRY(c:69)
2024-10-09 04:29:54,059 DEBUG server.RaftServer$Division (RaftServerImpl.java:logAppendEntries(1545)) - s2@group-9A0367B0C765: appendEntries* s14->s2#5394-t1,previous=(t:1, i:67),leaderCommit=68,initializing? false,entries: size=2, first=(t:1, i:68), METADATAENTRY(c:67)
2024-10-09 04:29:54,059 DEBUG server.RaftServer$Division (RaftServerImpl.java:logAppendEntries(1545)) - s3@group-9A0367B0C765: appendEntries* reply s14<-s3#5395:OK-t1,SUCCESS,nextIndex=71,followerCommit=69,matchIndex=70
2024-10-09 04:29:54,059 DEBUG server.RaftServer$Division (RaftServerImpl.java:submitClientRequestAsync(916)) - s14@group-9A0367B0C765: receive client request(RaftClientRequest:client-8D305CAE4F35->s14@group-9A0367B0C765, cid=5396, seq=null, RW, Message:01016300)
2024-10-09 04:29:54,060 DEBUG server.RaftServer$Division (RaftServerImpl.java:logAppendEntries(1545)) - s2@group-9A0367B0C765: appendEntries* reply s14<-s2#5394:OK-t1,SUCCESS,nextIndex=70,followerCommit=68,matchIndex=69
2024-10-09 04:29:54,060 DEBUG server.RaftServer$Division (LeaderStateImpl.java:addPendingRequest(529)) - s14@group-9A0367B0C765-LeaderStateImpl: addPendingRequest at RaftClientRequest:client-8D305CAE4F35->s14@group-9A0367B0C765, cid=5396, seq=null, RW, Message:01016300, entry=(t:1, i:71), STATEMACHINELOGENTRY, WRITE: logData.size=4, stateMachineData.size=0, logEntryProtoSerializedSize=0
2024-10-09 04:29:54,060 DEBUG server.RaftServer$Division (RaftServerImpl.java:logAppendEntries(1545)) - s3@group-9A0367B0C765: appendEntries* s14->s3#5398-t1,previous=(t:1, i:70),leaderCommit=70,initializing? false,entries: size=1, first=(t:1, i:71), STATEMACHINELOGENTRY, StateMachineLogEntryProto:5396@client-8D305CAE4F35
2024-10-09 04:29:54,061 DEBUG server.RaftServer$Division (RaftServerImpl.java:logAppendEntries(1545)) - s2@group-9A0367B0C765: appendEntries* s14->s2#5397-t1,previous=(t:1, i:69),leaderCommit=70,initializing? false,entries: size=2, first=(t:1, i:70), METADATAENTRY(c:69)
2024-10-09 04:29:54,061 DEBUG server.RaftServer$Division (RaftServerImpl.java:logAppendEntries(1545)) - s3@group-9A0367B0C765: appendEntries* reply s14<-s3#5398:OK-t1,SUCCESS,nextIndex=72,followerCommit=70,matchIndex=71
2024-10-09 04:29:54,061 DEBUG server.RaftServer$Division (RaftServerImpl.java:logAppendEntries(1545)) - s2@group-9A0367B0C765: appendEntries* reply s14<-s2#5397:OK-t1,SUCCESS,nextIndex=72,followerCommit=70,matchIndex=71
2024-10-09 04:29:54,061 INFO  statemachine.StateMachine (ArithmeticStateMachine.java:applyTransaction(181)) - LEADER:s14-71: c = null = null
2024-10-09 04:29:54,061 DEBUG server.RaftServer$Division (RaftServerImpl.java:logAppendEntries(1545)) - s3@group-9A0367B0C765: appendEntries* s14->s3#5399-t1,previous=(t:1, i:71),leaderCommit=71,initializing? false,entries: size=1, first=(t:1, i:72), METADATAENTRY(c:71)
2024-10-09 04:29:54,062 DEBUG server.RaftServer$Division (RaftServerImpl.java:submitClientRequestAsync(916)) - s14@group-9A0367B0C765: receive client request(RaftClientRequest:client-8D305CAE4F35->s14@group-9A0367B0C765, cid=5400, seq=null, RW, Message:01016102404b80000000...(size=12))
2024-10-09 04:29:54,062 DEBUG server.RaftServer$Division (RaftServerImpl.java:logAppendEntries(1545)) - s2@group-9A0367B0C765: appendEntries* s14->s2#5401-t1,previous=(t:1, i:71),leaderCommit=71,initializing? false,entries: size=1, first=(t:1, i:72), METADATAENTRY(c:71)
2024-10-09 04:29:54,062 DEBUG server.RaftServer$Division (RaftServerImpl.java:logAppendEntries(1545)) - s3@group-9A0367B0C765: appendEntries* reply s14<-s3#5399:OK-t1,SUCCESS,nextIndex=73,followerCommit=71,matchIndex=72
2024-10-09 04:29:54,062 DEBUG server.RaftServer$Division (LeaderStateImpl.java:addPendingRequest(529)) - s14@group-9A0367B0C765-LeaderStateImpl: addPendingRequest at RaftClientRequest:client-8D305CAE4F35->s14@group-9A0367B0C765, cid=5400, seq=null, RW, Message:01016102404b80000000...(size=12), entry=(t:1, i:73), STATEMACHINELOGENTRY, WRITE: logData.size=12, stateMachineData.size=0, logEntryProtoSerializedSize=0
2024-10-09 04:29:54,062 DEBUG server.RaftServer$Division (RaftServerImpl.java:logAppendEntries(1545)) - s3@group-9A0367B0C765: appendEntries* s14->s3#5402-t1,previous=(t:1, i:72),leaderCommit=71,initializing? false,entries: size=1, first=(t:1, i:73), STATEMACHINELOGENTRY, StateMachineLogEntryProto:5400@client-8D305CAE4F35
2024-10-09 04:29:54,063 DEBUG server.RaftServer$Division (RaftServerImpl.java:logAppendEntries(1545)) - s2@group-9A0367B0C765: appendEntries* reply s14<-s2#5401:OK-t1,SUCCESS,nextIndex=73,followerCommit=71,matchIndex=72
2024-10-09 04:29:54,063 DEBUG server.RaftServer$Division (RaftServerImpl.java:logAppendEntries(1545)) - s3@group-9A0367B0C765: appendEntries* reply s14<-s3#5402:OK-t1,SUCCESS,nextIndex=74,followerCommit=71,matchIndex=73
2024-10-09 04:29:54,063 DEBUG server.RaftServer$Division (RaftServerImpl.java:logAppendEntries(1545)) - s2@group-9A0367B0C765: appendEntries* s14->s2#5403-t1,previous=(t:1, i:72),leaderCommit=72,initializing? false,entries: size=1, first=(t:1, i:73), STATEMACHINELOGENTRY, StateMachineLogEntryProto:5400@client-8D305CAE4F35
2024-10-09 04:29:54,063 INFO  statemachine.StateMachine (ArithmeticStateMachine.java:applyTransaction(181)) - LEADER:s14-73: a = 55 = 55
2024-10-09 04:29:54,064 DEBUG server.RaftServer$Division (RaftServerImpl.java:logAppendEntries(1545)) - s3@group-9A0367B0C765: appendEntries* s14->s3#5404-t1,previous=(t:1, i:73),leaderCommit=73,initializing? false,entries: size=1, first=(t:1, i:74), METADATAENTRY(c:73)
2024-10-09 04:29:54,064 DEBUG server.RaftServer$Division (RaftServerImpl.java:submitClientRequestAsync(916)) - s14@group-9A0367B0C765: receive client request(RaftClientRequest:client-8D305CAE4F35->s14@group-9A0367B0C765, cid=5405, seq=null, RW, Message:010162024097a0000000...(size=12))
2024-10-09 04:29:54,064 DEBUG server.RaftServer$Division (RaftServerImpl.java:logAppendEntries(1545)) - s3@group-9A0367B0C765: appendEntries* reply s14<-s3#5404:OK-t1,SUCCESS,nextIndex=75,followerCommit=73,matchIndex=74
2024-10-09 04:29:54,064 DEBUG server.RaftServer$Division (LeaderStateImpl.java:addPendingRequest(529)) - s14@group-9A0367B0C765-LeaderStateImpl: addPendingRequest at RaftClientRequest:client-8D305CAE4F35->s14@group-9A0367B0C765, cid=5405, seq=null, RW, Message:010162024097a0000000...(size=12), entry=(t:1, i:75), STATEMACHINELOGENTRY, WRITE: logData.size=12, stateMachineData.size=0, logEntryProtoSerializedSize=0
2024-10-09 04:29:54,064 DEBUG server.RaftServer$Division (RaftServerImpl.java:logAppendEntries(1545)) - s2@group-9A0367B0C765: appendEntries* reply s14<-s2#5403:OK-t1,SUCCESS,nextIndex=74,followerCommit=72,matchIndex=73
2024-10-09 04:29:54,065 DEBUG server.RaftServer$Division (RaftServerImpl.java:logAppendEntries(1545)) - s3@group-9A0367B0C765: appendEntries* s14->s3#5406-t1,previous=(t:1, i:74),leaderCommit=73,initializing? false,entries: size=1, first=(t:1, i:75), STATEMACHINELOGENTRY, StateMachineLogEntryProto:5405@client-8D305CAE4F35
2024-10-09 04:29:54,065 DEBUG server.RaftServer$Division (RaftServerImpl.java:logAppendEntries(1545)) - s2@group-9A0367B0C765: appendEntries* s14->s2#5407-t1,previous=(t:1, i:73),leaderCommit=73,initializing? false,entries: size=2, first=(t:1, i:74), METADATAENTRY(c:73)
2024-10-09 04:29:54,066 DEBUG server.RaftServer$Division (RaftServerImpl.java:logAppendEntries(1545)) - s3@group-9A0367B0C765: appendEntries* reply s14<-s3#5406:OK-t1,SUCCESS,nextIndex=76,followerCommit=73,matchIndex=75
2024-10-09 04:29:54,066 INFO  statemachine.StateMachine (ArithmeticStateMachine.java:applyTransaction(181)) - LEADER:s14-75: b = 1512 = 1512
2024-10-09 04:29:54,066 DEBUG server.RaftServer$Division (RaftServerImpl.java:logAppendEntries(1545)) - s3@group-9A0367B0C765: appendEntries* s14->s3#5408-t1,previous=(t:1, i:75),leaderCommit=75,initializing? false,entries: size=1, first=(t:1, i:76), METADATAENTRY(c:75)
2024-10-09 04:29:54,066 DEBUG server.RaftServer$Division (RaftServerImpl.java:logAppendEntries(1545)) - s2@group-9A0367B0C765: appendEntries* reply s14<-s2#5407:OK-t1,SUCCESS,nextIndex=76,followerCommit=73,matchIndex=75
2024-10-09 04:29:54,066 DEBUG server.RaftServer$Division (RaftServerImpl.java:logAppendEntries(1545)) - s3@group-9A0367B0C765: appendEntries* reply s14<-s3#5408:OK-t1,SUCCESS,nextIndex=77,followerCommit=75,matchIndex=76
2024-10-09 04:29:54,067 DEBUG server.RaftServer$Division (RaftServerImpl.java:submitClientRequestAsync(916)) - s14@group-9A0367B0C765: receive client request(RaftClientRequest:client-8D305CAE4F35->s14@group-9A0367B0C765, cid=5409, seq=null, RW, Message:01016304010300040201...(size=17))
2024-10-09 04:29:54,067 DEBUG server.RaftServer$Division (RaftServerImpl.java:logAppendEntries(1545)) - s2@group-9A0367B0C765: appendEntries* s14->s2#5410-t1,previous=(t:1, i:75),leaderCommit=75,initializing? false,entries: size=1, first=(t:1, i:76), METADATAENTRY(c:75)
2024-10-09 04:29:54,067 DEBUG server.RaftServer$Division (LeaderStateImpl.java:addPendingRequest(529)) - s14@group-9A0367B0C765-LeaderStateImpl: addPendingRequest at RaftClientRequest:client-8D305CAE4F35->s14@group-9A0367B0C765, cid=5409, seq=null, RW, Message:01016304010300040201...(size=17), entry=(t:1, i:77), STATEMACHINELOGENTRY, WRITE: logData.size=17, stateMachineData.size=0, logEntryProtoSerializedSize=0
2024-10-09 04:29:54,067 DEBUG server.RaftServer$Division (RaftServerImpl.java:logAppendEntries(1545)) - s2@group-9A0367B0C765: appendEntries* reply s14<-s2#5410:OK-t1,SUCCESS,nextIndex=77,followerCommit=75,matchIndex=76
2024-10-09 04:29:54,068 DEBUG server.RaftServer$Division (RaftServerImpl.java:logAppendEntries(1545)) - s3@group-9A0367B0C765: appendEntries* s14->s3#5411-t1,previous=(t:1, i:76),leaderCommit=76,initializing? false,entries: size=1, first=(t:1, i:77), STATEMACHINELOGENTRY, StateMachineLogEntryProto:5409@client-8D305CAE4F35
2024-10-09 04:29:54,068 DEBUG server.RaftServer$Division (RaftServerImpl.java:logAppendEntries(1545)) - s3@group-9A0367B0C765: appendEntries* reply s14<-s3#5411:OK-t1,SUCCESS,nextIndex=78,followerCommit=76,matchIndex=77
2024-10-09 04:29:54,068 INFO  statemachine.StateMachine (ArithmeticStateMachine.java:applyTransaction(181)) - LEADER:s14-77: c = √(a^2 + b^2) = 1513
2024-10-09 04:29:54,069 DEBUG server.RaftServer$Division (RaftServerImpl.java:logAppendEntries(1545)) - s3@group-9A0367B0C765: appendEntries* s14->s3#5413-t1,previous=(t:1, i:77),leaderCommit=77,initializing? false,entries: size=1, first=(t:1, i:78), METADATAENTRY(c:77)
2024-10-09 04:29:54,069 DEBUG server.RaftServer$Division (RaftServerImpl.java:logAppendEntries(1545)) - s2@group-9A0367B0C765: appendEntries* s14->s2#5412-t1,previous=(t:1, i:76),leaderCommit=76,initializing? false,entries: size=1, first=(t:1, i:77), STATEMACHINELOGENTRY, StateMachineLogEntryProto:5409@client-8D305CAE4F35
2024-10-09 04:29:54,069 DEBUG server.RaftServer$Division (RaftServerImpl.java:logAppendEntries(1545)) - s3@group-9A0367B0C765: appendEntries* reply s14<-s3#5413:OK-t1,SUCCESS,nextIndex=79,followerCommit=77,matchIndex=78
2024-10-09 04:29:54,069 DEBUG server.RaftServer$Division (RaftServerImpl.java:logAppendEntries(1545)) - s2@group-9A0367B0C765: appendEntries* reply s14<-s2#5412:OK-t1,SUCCESS,nextIndex=78,followerCommit=76,matchIndex=77
2024-10-09 04:29:54,069 DEBUG server.RaftServer$Division (RaftServerImpl.java:submitClientRequestAsync(916)) - s14@group-9A0367B0C765: receive client request(RaftClientRequest:client-8D305CAE4F35->s14@group-9A0367B0C765, cid=5414, seq=null, RW, Message:01016100)
2024-10-09 04:29:54,070 DEBUG server.RaftServer$Division (RaftServerImpl.java:logAppendEntries(1545)) - s2@group-9A0367B0C765: appendEntries* s14->s2#5415-t1,previous=(t:1, i:77),leaderCommit=78,initializing? false,entries: size=1, first=(t:1, i:78), METADATAENTRY(c:77)
2024-10-09 04:29:54,070 DEBUG server.RaftServer$Division (LeaderStateImpl.java:addPendingRequest(529)) - s14@group-9A0367B0C765-LeaderStateImpl: addPendingRequest at RaftClientRequest:client-8D305CAE4F35->s14@group-9A0367B0C765, cid=5414, seq=null, RW, Message:01016100, entry=(t:1, i:79), STATEMACHINELOGENTRY, WRITE: logData.size=4, stateMachineData.size=0, logEntryProtoSerializedSize=0
2024-10-09 04:29:54,070 DEBUG server.RaftServer$Division (RaftServerImpl.java:logAppendEntries(1545)) - s2@group-9A0367B0C765: appendEntries* reply s14<-s2#5415:OK-t1,SUCCESS,nextIndex=79,followerCommit=78,matchIndex=78
2024-10-09 04:29:54,070 DEBUG server.RaftServer$Division (RaftServerImpl.java:logAppendEntries(1545)) - s3@group-9A0367B0C765: appendEntries* s14->s3#5416-t1,previous=(t:1, i:78),leaderCommit=78,initializing? false,entries: size=1, first=(t:1, i:79), STATEMACHINELOGENTRY, StateMachineLogEntryProto:5414@client-8D305CAE4F35
2024-10-09 04:29:54,071 DEBUG server.RaftServer$Division (RaftServerImpl.java:logAppendEntries(1545)) - s3@group-9A0367B0C765: appendEntries* reply s14<-s3#5416:OK-t1,SUCCESS,nextIndex=80,followerCommit=78,matchIndex=79
2024-10-09 04:29:54,071 INFO  statemachine.StateMachine (ArithmeticStateMachine.java:applyTransaction(181)) - LEADER:s14-79: a = null = null
2024-10-09 04:29:54,071 DEBUG server.RaftServer$Division (RaftServerImpl.java:logAppendEntries(1545)) - s3@group-9A0367B0C765: appendEntries* s14->s3#5418-t1,previous=(t:1, i:79),leaderCommit=79,initializing? false,entries: size=1, first=(t:1, i:80), METADATAENTRY(c:79)
2024-10-09 04:29:54,072 DEBUG server.RaftServer$Division (RaftServerImpl.java:logAppendEntries(1545)) - s2@group-9A0367B0C765: appendEntries* s14->s2#5417-t1,previous=(t:1, i:78),leaderCommit=78,initializing? false,entries: size=1, first=(t:1, i:79), STATEMACHINELOGENTRY, StateMachineLogEntryProto:5414@client-8D305CAE4F35
2024-10-09 04:29:54,072 DEBUG server.RaftServer$Division (RaftServerImpl.java:submitClientRequestAsync(916)) - s14@group-9A0367B0C765: receive client request(RaftClientRequest:client-8D305CAE4F35->s14@group-9A0367B0C765, cid=5419, seq=null, RW, Message:01016200)
2024-10-09 04:29:54,072 DEBUG server.RaftServer$Division (RaftServerImpl.java:logAppendEntries(1545)) - s2@group-9A0367B0C765: appendEntries* reply s14<-s2#5417:OK-t1,SUCCESS,nextIndex=80,followerCommit=78,matchIndex=79
2024-10-09 04:29:54,072 DEBUG server.RaftServer$Division (RaftServerImpl.java:logAppendEntries(1545)) - s3@group-9A0367B0C765: appendEntries* reply s14<-s3#5418:OK-t1,SUCCESS,nextIndex=81,followerCommit=79,matchIndex=80
2024-10-09 04:29:54,072 DEBUG server.RaftServer$Division (LeaderStateImpl.java:addPendingRequest(529)) - s14@group-9A0367B0C765-LeaderStateImpl: addPendingRequest at RaftClientRequest:client-8D305CAE4F35->s14@group-9A0367B0C765, cid=5419, seq=null, RW, Message:01016200, entry=(t:1, i:81), STATEMACHINELOGENTRY, WRITE: logData.size=4, stateMachineData.size=0, logEntryProtoSerializedSize=0
2024-10-09 04:29:54,073 DEBUG server.RaftServer$Division (RaftServerImpl.java:logAppendEntries(1545)) - s3@group-9A0367B0C765: appendEntries* s14->s3#5420-t1,previous=(t:1, i:80),leaderCommit=79,initializing? false,entries: size=1, first=(t:1, i:81), STATEMACHINELOGENTRY, StateMachineLogEntryProto:5419@client-8D305CAE4F35
2024-10-09 04:29:54,073 DEBUG server.RaftServer$Division (RaftServerImpl.java:logAppendEntries(1545)) - s3@group-9A0367B0C765: appendEntries* reply s14<-s3#5420:OK-t1,SUCCESS,nextIndex=82,followerCommit=79,matchIndex=81
2024-10-09 04:29:54,073 INFO  statemachine.StateMachine (ArithmeticStateMachine.java:applyTransaction(181)) - LEADER:s14-81: b = null = null
2024-10-09 04:29:54,074 DEBUG server.RaftServer$Division (RaftServerImpl.java:logAppendEntries(1545)) - s3@group-9A0367B0C765: appendEntries* s14->s3#5422-t1,previous=(t:1, i:81),leaderCommit=81,initializing? false,entries: size=1, first=(t:1, i:82), METADATAENTRY(c:81)
2024-10-09 04:29:54,074 DEBUG server.RaftServer$Division (RaftServerImpl.java:logAppendEntries(1545)) - s2@group-9A0367B0C765: appendEntries* s14->s2#5421-t1,previous=(t:1, i:79),leaderCommit=80,initializing? false,entries: size=2, first=(t:1, i:80), METADATAENTRY(c:79)
2024-10-09 04:29:54,074 DEBUG server.RaftServer$Division (RaftServerImpl.java:logAppendEntries(1545)) - s3@group-9A0367B0C765: appendEntries* reply s14<-s3#5422:OK-t1,SUCCESS,nextIndex=83,followerCommit=81,matchIndex=82
2024-10-09 04:29:54,074 DEBUG server.RaftServer$Division (RaftServerImpl.java:submitClientRequestAsync(916)) - s14@group-9A0367B0C765: receive client request(RaftClientRequest:client-8D305CAE4F35->s14@group-9A0367B0C765, cid=5423, seq=null, RW, Message:01016300)
2024-10-09 04:29:54,074 DEBUG server.RaftServer$Division (RaftServerImpl.java:logAppendEntries(1545)) - s2@group-9A0367B0C765: appendEntries* reply s14<-s2#5421:OK-t1,SUCCESS,nextIndex=82,followerCommit=80,matchIndex=81
2024-10-09 04:29:54,075 DEBUG server.RaftServer$Division (LeaderStateImpl.java:addPendingRequest(529)) - s14@group-9A0367B0C765-LeaderStateImpl: addPendingRequest at RaftClientRequest:client-8D305CAE4F35->s14@group-9A0367B0C765, cid=5423, seq=null, RW, Message:01016300, entry=(t:1, i:83), STATEMACHINELOGENTRY, WRITE: logData.size=4, stateMachineData.size=0, logEntryProtoSerializedSize=0
2024-10-09 04:29:54,075 DEBUG server.RaftServer$Division (RaftServerImpl.java:logAppendEntries(1545)) - s3@group-9A0367B0C765: appendEntries* s14->s3#5425-t1,previous=(t:1, i:82),leaderCommit=82,initializing? false,entries: size=1, first=(t:1, i:83), STATEMACHINELOGENTRY, StateMachineLogEntryProto:5423@client-8D305CAE4F35
2024-10-09 04:29:54,075 DEBUG server.RaftServer$Division (RaftServerImpl.java:logAppendEntries(1545)) - s2@group-9A0367B0C765: appendEntries* s14->s2#5424-t1,previous=(t:1, i:81),leaderCommit=82,initializing? false,entries: size=2, first=(t:1, i:82), METADATAENTRY(c:81)
2024-10-09 04:29:54,075 DEBUG server.RaftServer$Division (RaftServerImpl.java:logAppendEntries(1545)) - s3@group-9A0367B0C765: appendEntries* reply s14<-s3#5425:OK-t1,SUCCESS,nextIndex=84,followerCommit=82,matchIndex=83
2024-10-09 04:29:54,076 INFO  statemachine.StateMachine (ArithmeticStateMachine.java:applyTransaction(181)) - LEADER:s14-83: c = null = null
2024-10-09 04:29:54,076 DEBUG server.RaftServer$Division (RaftServerImpl.java:logAppendEntries(1545)) - s3@group-9A0367B0C765: appendEntries* s14->s3#5426-t1,previous=(t:1, i:83),leaderCommit=83,initializing? false,entries: size=1, first=(t:1, i:84), METADATAENTRY(c:83)
2024-10-09 04:29:54,076 DEBUG server.RaftServer$Division (RaftServerImpl.java:logAppendEntries(1545)) - s2@group-9A0367B0C765: appendEntries* reply s14<-s2#5424:OK-t1,SUCCESS,nextIndex=84,followerCommit=82,matchIndex=83
2024-10-09 04:29:54,076 DEBUG server.RaftServer$Division (RaftServerImpl.java:logAppendEntries(1545)) - s3@group-9A0367B0C765: appendEntries* reply s14<-s3#5426:OK-t1,SUCCESS,nextIndex=85,followerCommit=83,matchIndex=84
2024-10-09 04:29:54,077 DEBUG server.RaftServer$Division (RaftServerImpl.java:submitClientRequestAsync(916)) - s14@group-9A0367B0C765: receive client request(RaftClientRequest:client-8D305CAE4F35->s14@group-9A0367B0C765, cid=5427, seq=null, RW, Message:01016102404c80000000...(size=12))
2024-10-09 04:29:54,077 DEBUG server.RaftServer$Division (LeaderStateImpl.java:addPendingRequest(529)) - s14@group-9A0367B0C765-LeaderStateImpl: addPendingRequest at RaftClientRequest:client-8D305CAE4F35->s14@group-9A0367B0C765, cid=5427, seq=null, RW, Message:01016102404c80000000...(size=12), entry=(t:1, i:85), STATEMACHINELOGENTRY, WRITE: logData.size=12, stateMachineData.size=0, logEntryProtoSerializedSize=0
2024-10-09 04:29:54,077 DEBUG server.RaftServer$Division (RaftServerImpl.java:logAppendEntries(1545)) - s3@group-9A0367B0C765: appendEntries* s14->s3#5429-t1,previous=(t:1, i:84),leaderCommit=84,initializing? false,entries: size=1, first=(t:1, i:85), STATEMACHINELOGENTRY, StateMachineLogEntryProto:5427@client-8D305CAE4F35
2024-10-09 04:29:54,078 DEBUG server.RaftServer$Division (RaftServerImpl.java:logAppendEntries(1545)) - s2@group-9A0367B0C765: appendEntries* s14->s2#5428-t1,previous=(t:1, i:83),leaderCommit=84,initializing? false,entries: size=1, first=(t:1, i:84), METADATAENTRY(c:83)
2024-10-09 04:29:54,078 DEBUG server.RaftServer$Division (RaftServerImpl.java:logAppendEntries(1545)) - s2@group-9A0367B0C765: appendEntries* reply s14<-s2#5428:OK-t1,SUCCESS,nextIndex=85,followerCommit=84,matchIndex=84
2024-10-09 04:29:54,078 DEBUG server.RaftServer$Division (RaftServerImpl.java:logAppendEntries(1545)) - s3@group-9A0367B0C765: appendEntries* reply s14<-s3#5429:OK-t1,SUCCESS,nextIndex=86,followerCommit=84,matchIndex=85
2024-10-09 04:29:54,078 INFO  statemachine.StateMachine (ArithmeticStateMachine.java:applyTransaction(181)) - LEADER:s14-85: a = 57 = 57
2024-10-09 04:29:54,079 DEBUG server.RaftServer$Division (RaftServerImpl.java:logAppendEntries(1545)) - s3@group-9A0367B0C765: appendEntries* s14->s3#5430-t1,previous=(t:1, i:85),leaderCommit=85,initializing? false,entries: size=1, first=(t:1, i:86), METADATAENTRY(c:85)
2024-10-09 04:29:54,079 DEBUG server.RaftServer$Division (RaftServerImpl.java:logAppendEntries(1545)) - s2@group-9A0367B0C765: appendEntries* s14->s2#5431-t1,previous=(t:1, i:84),leaderCommit=85,initializing? false,entries: size=2, first=(t:1, i:85), STATEMACHINELOGENTRY, StateMachineLogEntryProto:5427@client-8D305CAE4F35
2024-10-09 04:29:54,079 DEBUG server.RaftServer$Division (RaftServerImpl.java:logAppendEntries(1545)) - s3@group-9A0367B0C765: appendEntries* reply s14<-s3#5430:OK-t1,SUCCESS,nextIndex=87,followerCommit=85,matchIndex=86
2024-10-09 04:29:54,079 DEBUG server.RaftServer$Division (RaftServerImpl.java:logAppendEntries(1545)) - s2@group-9A0367B0C765: appendEntries* reply s14<-s2#5431:OK-t1,SUCCESS,nextIndex=87,followerCommit=85,matchIndex=86
2024-10-09 04:29:54,080 DEBUG server.RaftServer$Division (RaftServerImpl.java:submitClientRequestAsync(916)) - s14@group-9A0367B0C765: receive client request(RaftClientRequest:client-8D305CAE4F35->s14@group-9A0367B0C765, cid=5432, seq=null, RW, Message:01016202409960000000...(size=12))
2024-10-09 04:29:54,080 DEBUG server.RaftServer$Division (LeaderStateImpl.java:addPendingRequest(529)) - s14@group-9A0367B0C765-LeaderStateImpl: addPendingRequest at RaftClientRequest:client-8D305CAE4F35->s14@group-9A0367B0C765, cid=5432, seq=null, RW, Message:01016202409960000000...(size=12), entry=(t:1, i:87), STATEMACHINELOGENTRY, WRITE: logData.size=12, stateMachineData.size=0, logEntryProtoSerializedSize=0
2024-10-09 04:29:54,081 DEBUG server.RaftServer$Division (RaftServerImpl.java:logAppendEntries(1545)) - s3@group-9A0367B0C765: appendEntries* s14->s3#5433-t1,previous=(t:1, i:86),leaderCommit=86,initializing? false,entries: size=1, first=(t:1, i:87), STATEMACHINELOGENTRY, StateMachineLogEntryProto:5432@client-8D305CAE4F35
2024-10-09 04:29:54,081 DEBUG server.RaftServer$Division (RaftServerImpl.java:logAppendEntries(1545)) - s2@group-9A0367B0C765: appendEntries* s14->s2#5434-t1,previous=(t:1, i:86),leaderCommit=86,initializing? false,entries: size=1, first=(t:1, i:87), STATEMACHINELOGENTRY, StateMachineLogEntryProto:5432@client-8D305CAE4F35
2024-10-09 04:29:54,081 DEBUG server.RaftServer$Division (RaftServerImpl.java:logAppendEntries(1545)) - s3@group-9A0367B0C765: appendEntries* reply s14<-s3#5433:OK-t1,SUCCESS,nextIndex=88,followerCommit=86,matchIndex=87
2024-10-09 04:29:54,081 INFO  statemachine.StateMachine (ArithmeticStateMachine.java:applyTransaction(181)) - LEADER:s14-87: b = 1624 = 1624
2024-10-09 04:29:54,081 DEBUG server.RaftServer$Division (RaftServerImpl.java:logAppendEntries(1545)) - s3@group-9A0367B0C765: appendEntries* s14->s3#5435-t1,previous=(t:1, i:87),leaderCommit=87,initializing? false,entries: size=1, first=(t:1, i:88), METADATAENTRY(c:87)
2024-10-09 04:29:54,082 DEBUG server.RaftServer$Division (RaftServerImpl.java:submitClientRequestAsync(916)) - s14@group-9A0367B0C765: receive client request(RaftClientRequest:client-8D305CAE4F35->s14@group-9A0367B0C765, cid=5436, seq=null, RW, Message:01016304010300040201...(size=17))
2024-10-09 04:29:54,082 DEBUG server.RaftServer$Division (RaftServerImpl.java:logAppendEntries(1545)) - s2@group-9A0367B0C765: appendEntries* reply s14<-s2#5434:OK-t1,SUCCESS,nextIndex=88,followerCommit=86,matchIndex=87
2024-10-09 04:29:54,082 DEBUG server.RaftServer$Division (RaftServerImpl.java:logAppendEntries(1545)) - s3@group-9A0367B0C765: appendEntries* reply s14<-s3#5435:OK-t1,SUCCESS,nextIndex=89,followerCommit=87,matchIndex=88
2024-10-09 04:29:54,082 DEBUG server.RaftServer$Division (LeaderStateImpl.java:addPendingRequest(529)) - s14@group-9A0367B0C765-LeaderStateImpl: addPendingRequest at RaftClientRequest:client-8D305CAE4F35->s14@group-9A0367B0C765, cid=5436, seq=null, RW, Message:01016304010300040201...(size=17), entry=(t:1, i:89), STATEMACHINELOGENTRY, WRITE: logData.size=17, stateMachineData.size=0, logEntryProtoSerializedSize=0
2024-10-09 04:29:54,083 DEBUG server.RaftServer$Division (RaftServerImpl.java:logAppendEntries(1545)) - s3@group-9A0367B0C765: appendEntries* s14->s3#5437-t1,previous=(t:1, i:88),leaderCommit=87,initializing? false,entries: size=1, first=(t:1, i:89), STATEMACHINELOGENTRY, StateMachineLogEntryProto:5436@client-8D305CAE4F35
2024-10-09 04:29:54,083 DEBUG server.RaftServer$Division (RaftServerImpl.java:logAppendEntries(1545)) - s3@group-9A0367B0C765: appendEntries* reply s14<-s3#5437:OK-t1,SUCCESS,nextIndex=90,followerCommit=87,matchIndex=89
2024-10-09 04:29:54,083 INFO  statemachine.StateMachine (ArithmeticStateMachine.java:applyTransaction(181)) - LEADER:s14-89: c = √(a^2 + b^2) = 1625
2024-10-09 04:29:54,084 DEBUG server.RaftServer$Division (RaftServerImpl.java:logAppendEntries(1545)) - s3@group-9A0367B0C765: appendEntries* s14->s3#5439-t1,previous=(t:1, i:89),leaderCommit=89,initializing? false,entries: size=1, first=(t:1, i:90), METADATAENTRY(c:89)
2024-10-09 04:29:54,084 DEBUG server.RaftServer$Division (RaftServerImpl.java:logAppendEntries(1545)) - s2@group-9A0367B0C765: appendEntries* s14->s2#5438-t1,previous=(t:1, i:87),leaderCommit=88,initializing? false,entries: size=2, first=(t:1, i:88), METADATAENTRY(c:87)
2024-10-09 04:29:54,084 DEBUG server.RaftServer$Division (RaftServerImpl.java:logAppendEntries(1545)) - s3@group-9A0367B0C765: appendEntries* reply s14<-s3#5439:OK-t1,SUCCESS,nextIndex=91,followerCommit=89,matchIndex=90
2024-10-09 04:29:54,085 DEBUG server.RaftServer$Division (RaftServerImpl.java:logAppendEntries(1545)) - s2@group-9A0367B0C765: appendEntries* reply s14<-s2#5438:OK-t1,SUCCESS,nextIndex=90,followerCommit=88,matchIndex=89
2024-10-09 04:29:54,086 DEBUG server.RaftServer$Division (RaftServerImpl.java:logAppendEntries(1545)) - s2@group-9A0367B0C765: appendEntries* s14->s2#5444-t1,previous=(t:1, i:89),leaderCommit=90,initializing? false,entries: size=1, first=(t:1, i:90), METADATAENTRY(c:89)
2024-10-09 04:29:54,086 DEBUG server.RaftServer$Division (RaftServerImpl.java:submitClientRequestAsync(916)) - s14@group-9A0367B0C765: receive client request(RaftClientRequest:client-8D305CAE4F35->s14@group-9A0367B0C765, cid=5445, seq=null, RW, Message:01016100)
2024-10-09 04:29:54,086 DEBUG server.RaftServer$Division (RaftServerImpl.java:logAppendEntries(1545)) - s2@group-9A0367B0C765: appendEntries* reply s14<-s2#5444:OK-t1,SUCCESS,nextIndex=91,followerCommit=90,matchIndex=90
2024-10-09 04:29:54,086 DEBUG server.RaftServer$Division (LeaderStateImpl.java:addPendingRequest(529)) - s14@group-9A0367B0C765-LeaderStateImpl: addPendingRequest at RaftClientRequest:client-8D305CAE4F35->s14@group-9A0367B0C765, cid=5445, seq=null, RW, Message:01016100, entry=(t:1, i:91), STATEMACHINELOGENTRY, WRITE: logData.size=4, stateMachineData.size=0, logEntryProtoSerializedSize=0
2024-10-09 04:29:54,087 DEBUG server.RaftServer$Division (RaftServerImpl.java:logAppendEntries(1545)) - s3@group-9A0367B0C765: appendEntries* s14->s3#5446-t1,previous=(t:1, i:90),leaderCommit=90,initializing? false,entries: size=1, first=(t:1, i:91), STATEMACHINELOGENTRY, StateMachineLogEntryProto:5445@client-8D305CAE4F35
2024-10-09 04:29:54,087 DEBUG server.RaftServer$Division (RaftServerImpl.java:logAppendEntries(1545)) - s2@group-9A0367B0C765: appendEntries* s14->s2#5447-t1,previous=(t:1, i:90),leaderCommit=90,initializing? false,entries: size=1, first=(t:1, i:91), STATEMACHINELOGENTRY, StateMachineLogEntryProto:5445@client-8D305CAE4F35
2024-10-09 04:29:54,087 DEBUG server.RaftServer$Division (RaftServerImpl.java:logAppendEntries(1545)) - s3@group-9A0367B0C765: appendEntries* reply s14<-s3#5446:OK-t1,SUCCESS,nextIndex=92,followerCommit=90,matchIndex=91
2024-10-09 04:29:54,087 INFO  statemachine.StateMachine (ArithmeticStateMachine.java:applyTransaction(181)) - LEADER:s14-91: a = null = null
2024-10-09 04:29:54,088 DEBUG server.RaftServer$Division (RaftServerImpl.java:logAppendEntries(1545)) - s2@group-9A0367B0C765: appendEntries* reply s14<-s2#5447:OK-t1,SUCCESS,nextIndex=92,followerCommit=90,matchIndex=91
2024-10-09 04:29:54,088 DEBUG server.RaftServer$Division (RaftServerImpl.java:logAppendEntries(1545)) - s3@group-9A0367B0C765: appendEntries* s14->s3#5448-t1,previous=(t:1, i:91),leaderCommit=91,initializing? false,entries: size=1, first=(t:1, i:92), METADATAENTRY(c:91)
2024-10-09 04:29:54,088 DEBUG server.RaftServer$Division (RaftServerImpl.java:submitClientRequestAsync(916)) - s14@group-9A0367B0C765: receive client request(RaftClientRequest:client-8D305CAE4F35->s14@group-9A0367B0C765, cid=5449, seq=null, RW, Message:01016200)
2024-10-09 04:29:54,088 DEBUG server.RaftServer$Division (RaftServerImpl.java:logAppendEntries(1545)) - s2@group-9A0367B0C765: appendEntries* s14->s2#5450-t1,previous=(t:1, i:91),leaderCommit=91,initializing? false,entries: size=1, first=(t:1, i:92), METADATAENTRY(c:91)
2024-10-09 04:29:54,088 DEBUG server.RaftServer$Division (RaftServerImpl.java:logAppendEntries(1545)) - s3@group-9A0367B0C765: appendEntries* reply s14<-s3#5448:OK-t1,SUCCESS,nextIndex=93,followerCommit=91,matchIndex=92
2024-10-09 04:29:54,088 DEBUG server.RaftServer$Division (LeaderStateImpl.java:addPendingRequest(529)) - s14@group-9A0367B0C765-LeaderStateImpl: addPendingRequest at RaftClientRequest:client-8D305CAE4F35->s14@group-9A0367B0C765, cid=5449, seq=null, RW, Message:01016200, entry=(t:1, i:93), STATEMACHINELOGENTRY, WRITE: logData.size=4, stateMachineData.size=0, logEntryProtoSerializedSize=0
2024-10-09 04:29:54,089 DEBUG server.RaftServer$Division (RaftServerImpl.java:logAppendEntries(1545)) - s3@group-9A0367B0C765: appendEntries* s14->s3#5451-t1,previous=(t:1, i:92),leaderCommit=91,initializing? false,entries: size=1, first=(t:1, i:93), STATEMACHINELOGENTRY, StateMachineLogEntryProto:5449@client-8D305CAE4F35
2024-10-09 04:29:54,089 DEBUG server.RaftServer$Division (RaftServerImpl.java:logAppendEntries(1545)) - s2@group-9A0367B0C765: appendEntries* reply s14<-s2#5450:OK-t1,SUCCESS,nextIndex=93,followerCommit=91,matchIndex=92
2024-10-09 04:29:54,089 DEBUG server.RaftServer$Division (RaftServerImpl.java:logAppendEntries(1545)) - s3@group-9A0367B0C765: appendEntries* reply s14<-s3#5451:OK-t1,SUCCESS,nextIndex=94,followerCommit=91,matchIndex=93
2024-10-09 04:29:54,089 INFO  statemachine.StateMachine (ArithmeticStateMachine.java:applyTransaction(181)) - LEADER:s14-93: b = null = null
2024-10-09 04:29:54,090 DEBUG server.RaftServer$Division (RaftServerImpl.java:logAppendEntries(1545)) - s3@group-9A0367B0C765: appendEntries* s14->s3#5453-t1,previous=(t:1, i:93),leaderCommit=93,initializing? false,entries: size=1, first=(t:1, i:94), METADATAENTRY(c:93)
2024-10-09 04:29:54,090 DEBUG server.RaftServer$Division (RaftServerImpl.java:logAppendEntries(1545)) - s2@group-9A0367B0C765: appendEntries* s14->s2#5452-t1,previous=(t:1, i:92),leaderCommit=93,initializing? false,entries: size=2, first=(t:1, i:93), STATEMACHINELOGENTRY, StateMachineLogEntryProto:5449@client-8D305CAE4F35
2024-10-09 04:29:54,090 DEBUG server.RaftServer$Division (RaftServerImpl.java:submitClientRequestAsync(916)) - s14@group-9A0367B0C765: receive client request(RaftClientRequest:client-8D305CAE4F35->s14@group-9A0367B0C765, cid=5454, seq=null, RW, Message:01016300)
2024-10-09 04:29:54,090 DEBUG server.RaftServer$Division (LeaderStateImpl.java:addPendingRequest(529)) - s14@group-9A0367B0C765-LeaderStateImpl: addPendingRequest at RaftClientRequest:client-8D305CAE4F35->s14@group-9A0367B0C765, cid=5454, seq=null, RW, Message:01016300, entry=(t:1, i:95), STATEMACHINELOGENTRY, WRITE: logData.size=4, stateMachineData.size=0, logEntryProtoSerializedSize=0
2024-10-09 04:29:54,091 DEBUG server.RaftServer$Division (RaftServerImpl.java:logAppendEntries(1545)) - s2@group-9A0367B0C765: appendEntries* reply s14<-s2#5452:OK-t1,SUCCESS,nextIndex=95,followerCommit=93,matchIndex=94
2024-10-09 04:29:54,091 DEBUG server.RaftServer$Division (RaftServerImpl.java:logAppendEntries(1545)) - s3@group-9A0367B0C765: appendEntries* reply s14<-s3#5453:OK-t1,SUCCESS,nextIndex=95,followerCommit=93,matchIndex=94
2024-10-09 04:29:54,091 DEBUG server.RaftServer$Division (RaftServerImpl.java:logAppendEntries(1545)) - s3@group-9A0367B0C765: appendEntries* s14->s3#5455-t1,previous=(t:1, i:94),leaderCommit=94,initializing? false,entries: size=1, first=(t:1, i:95), STATEMACHINELOGENTRY, StateMachineLogEntryProto:5454@client-8D305CAE4F35
2024-10-09 04:29:54,092 DEBUG server.RaftServer$Division (RaftServerImpl.java:logAppendEntries(1545)) - s2@group-9A0367B0C765: appendEntries* s14->s2#5456-t1,previous=(t:1, i:94),leaderCommit=94,initializing? false,entries: size=1, first=(t:1, i:95), STATEMACHINELOGENTRY, StateMachineLogEntryProto:5454@client-8D305CAE4F35
2024-10-09 04:29:54,092 DEBUG server.RaftServer$Division (RaftServerImpl.java:logAppendEntries(1545)) - s3@group-9A0367B0C765: appendEntries* reply s14<-s3#5455:OK-t1,SUCCESS,nextIndex=96,followerCommit=94,matchIndex=95
2024-10-09 04:29:54,092 DEBUG server.RaftServer$Division (RaftServerImpl.java:logAppendEntries(1545)) - s2@group-9A0367B0C765: appendEntries* reply s14<-s2#5456:OK-t1,SUCCESS,nextIndex=96,followerCommit=94,matchIndex=95
2024-10-09 04:29:54,092 INFO  statemachine.StateMachine (ArithmeticStateMachine.java:applyTransaction(181)) - LEADER:s14-95: c = null = null
2024-10-09 04:29:54,093 DEBUG server.RaftServer$Division (RaftServerImpl.java:logAppendEntries(1545)) - s3@group-9A0367B0C765: appendEntries* s14->s3#5458-t1,previous=(t:1, i:95),leaderCommit=95,initializing? false,entries: size=1, first=(t:1, i:96), METADATAENTRY(c:95)
2024-10-09 04:29:54,093 DEBUG server.RaftServer$Division (RaftServerImpl.java:logAppendEntries(1545)) - s2@group-9A0367B0C765: appendEntries* s14->s2#5457-t1,previous=(t:1, i:95),leaderCommit=95,initializing? false,entries: size=1, first=(t:1, i:96), METADATAENTRY(c:95)
2024-10-09 04:29:54,093 DEBUG server.RaftServer$Division (RaftServerImpl.java:submitClientRequestAsync(916)) - s14@group-9A0367B0C765: receive client request(RaftClientRequest:client-8D305CAE4F35->s14@group-9A0367B0C765, cid=5459, seq=null, RW, Message:01016102404d80000000...(size=12))
2024-10-09 04:29:54,093 DEBUG server.RaftServer$Division (RaftServerImpl.java:logAppendEntries(1545)) - s2@group-9A0367B0C765: appendEntries* reply s14<-s2#5457:OK-t1,SUCCESS,nextIndex=97,followerCommit=95,matchIndex=96
2024-10-09 04:29:54,093 DEBUG server.RaftServer$Division (RaftServerImpl.java:logAppendEntries(1545)) - s3@group-9A0367B0C765: appendEntries* reply s14<-s3#5458:OK-t1,SUCCESS,nextIndex=97,followerCommit=95,matchIndex=96
2024-10-09 04:29:54,093 DEBUG server.RaftServer$Division (LeaderStateImpl.java:addPendingRequest(529)) - s14@group-9A0367B0C765-LeaderStateImpl: addPendingRequest at RaftClientRequest:client-8D305CAE4F35->s14@group-9A0367B0C765, cid=5459, seq=null, RW, Message:01016102404d80000000...(size=12), entry=(t:1, i:97), STATEMACHINELOGENTRY, WRITE: logData.size=12, stateMachineData.size=0, logEntryProtoSerializedSize=0
2024-10-09 04:29:54,094 DEBUG server.RaftServer$Division (RaftServerImpl.java:logAppendEntries(1545)) - s3@group-9A0367B0C765: appendEntries* s14->s3#5460-t1,previous=(t:1, i:96),leaderCommit=95,initializing? false,entries: size=1, first=(t:1, i:97), STATEMACHINELOGENTRY, StateMachineLogEntryProto:5459@client-8D305CAE4F35
2024-10-09 04:29:54,094 DEBUG server.RaftServer$Division (RaftServerImpl.java:logAppendEntries(1545)) - s2@group-9A0367B0C765: appendEntries* s14->s2#5461-t1,previous=(t:1, i:96),leaderCommit=95,initializing? false,entries: size=1, first=(t:1, i:97), STATEMACHINELOGENTRY, StateMachineLogEntryProto:5459@client-8D305CAE4F35
2024-10-09 04:29:54,094 DEBUG server.RaftServer$Division (RaftServerImpl.java:logAppendEntries(1545)) - s3@group-9A0367B0C765: appendEntries* reply s14<-s3#5460:OK-t1,SUCCESS,nextIndex=98,followerCommit=95,matchIndex=97
2024-10-09 04:29:54,095 DEBUG server.RaftServer$Division (RaftServerImpl.java:logAppendEntries(1545)) - s2@group-9A0367B0C765: appendEntries* reply s14<-s2#5461:OK-t1,SUCCESS,nextIndex=98,followerCommit=95,matchIndex=97
2024-10-09 04:29:54,095 INFO  statemachine.StateMachine (ArithmeticStateMachine.java:applyTransaction(181)) - LEADER:s14-97: a = 59 = 59
2024-10-09 04:29:54,095 DEBUG server.RaftServer$Division (RaftServerImpl.java:logAppendEntries(1545)) - s3@group-9A0367B0C765: appendEntries* s14->s3#5462-t1,previous=(t:1, i:97),leaderCommit=97,initializing? false,entries: size=1, first=(t:1, i:98), METADATAENTRY(c:97)
2024-10-09 04:29:54,095 DEBUG server.RaftServer$Division (RaftServerImpl.java:logAppendEntries(1545)) - s2@group-9A0367B0C765: appendEntries* s14->s2#5463-t1,previous=(t:1, i:97),leaderCommit=97,initializing? false,entries: size=1, first=(t:1, i:98), METADATAENTRY(c:97)
2024-10-09 04:29:54,095 DEBUG server.RaftServer$Division (RaftServerImpl.java:submitClientRequestAsync(916)) - s14@group-9A0367B0C765: receive client request(RaftClientRequest:client-8D305CAE4F35->s14@group-9A0367B0C765, cid=5464, seq=null, RW, Message:01016202409b30000000...(size=12))
2024-10-09 04:29:54,096 DEBUG server.RaftServer$Division (LeaderStateImpl.java:addPendingRequest(529)) - s14@group-9A0367B0C765-LeaderStateImpl: addPendingRequest at RaftClientRequest:client-8D305CAE4F35->s14@group-9A0367B0C765, cid=5464, seq=null, RW, Message:01016202409b30000000...(size=12), entry=(t:1, i:99), STATEMACHINELOGENTRY, WRITE: logData.size=12, stateMachineData.size=0, logEntryProtoSerializedSize=0
2024-10-09 04:29:54,096 DEBUG server.RaftServer$Division (RaftServerImpl.java:logAppendEntries(1545)) - s2@group-9A0367B0C765: appendEntries* reply s14<-s2#5463:OK-t1,SUCCESS,nextIndex=99,followerCommit=97,matchIndex=98
2024-10-09 04:29:54,096 DEBUG server.RaftServer$Division (RaftServerImpl.java:logAppendEntries(1545)) - s3@group-9A0367B0C765: appendEntries* reply s14<-s3#5462:OK-t1,SUCCESS,nextIndex=99,followerCommit=97,matchIndex=98
2024-10-09 04:29:54,097 DEBUG server.RaftServer$Division (RaftServerImpl.java:logAppendEntries(1545)) - s3@group-9A0367B0C765: appendEntries* s14->s3#5465-t1,previous=(t:1, i:98),leaderCommit=98,initializing? false,entries: size=1, first=(t:1, i:99), STATEMACHINELOGENTRY, StateMachineLogEntryProto:5464@client-8D305CAE4F35
2024-10-09 04:29:54,097 DEBUG server.RaftServer$Division (RaftServerImpl.java:logAppendEntries(1545)) - s2@group-9A0367B0C765: appendEntries* s14->s2#5466-t1,previous=(t:1, i:98),leaderCommit=98,initializing? false,entries: size=1, first=(t:1, i:99), STATEMACHINELOGENTRY, StateMachineLogEntryProto:5464@client-8D305CAE4F35
2024-10-09 04:29:54,097 DEBUG server.RaftServer$Division (RaftServerImpl.java:logAppendEntries(1545)) - s3@group-9A0367B0C765: appendEntries* reply s14<-s3#5465:OK-t1,SUCCESS,nextIndex=100,followerCommit=98,matchIndex=99
2024-10-09 04:29:54,098 DEBUG server.RaftServer$Division (RaftServerImpl.java:logAppendEntries(1545)) - s2@group-9A0367B0C765: appendEntries* reply s14<-s2#5466:OK-t1,SUCCESS,nextIndex=100,followerCommit=98,matchIndex=99
2024-10-09 04:29:54,098 INFO  statemachine.StateMachine (ArithmeticStateMachine.java:applyTransaction(181)) - LEADER:s14-99: b = 1740 = 1740
2024-10-09 04:29:54,098 DEBUG server.RaftServer$Division (RaftServerImpl.java:logAppendEntries(1545)) - s3@group-9A0367B0C765: appendEntries* s14->s3#5467-t1,previous=(t:1, i:99),leaderCommit=99,initializing? false,entries: size=1, first=(t:1, i:100), METADATAENTRY(c:99)
2024-10-09 04:29:54,098 DEBUG server.RaftServer$Division (RaftServerImpl.java:logAppendEntries(1545)) - s2@group-9A0367B0C765: appendEntries* s14->s2#5468-t1,previous=(t:1, i:99),leaderCommit=99,initializing? false,entries: size=1, first=(t:1, i:100), METADATAENTRY(c:99)
2024-10-09 04:29:54,098 DEBUG server.RaftServer$Division (RaftServerImpl.java:submitClientRequestAsync(916)) - s14@group-9A0367B0C765: receive client request(RaftClientRequest:client-8D305CAE4F35->s14@group-9A0367B0C765, cid=5469, seq=null, RW, Message:01016304010300040201...(size=17))
2024-10-09 04:29:54,099 DEBUG server.RaftServer$Division (RaftServerImpl.java:logAppendEntries(1545)) - s3@group-9A0367B0C765: appendEntries* reply s14<-s3#5467:OK-t1,SUCCESS,nextIndex=101,followerCommit=99,matchIndex=100
2024-10-09 04:29:54,099 DEBUG server.RaftServer$Division (RaftServerImpl.java:logAppendEntries(1545)) - s2@group-9A0367B0C765: appendEntries* reply s14<-s2#5468:OK-t1,SUCCESS,nextIndex=101,followerCommit=99,matchIndex=100
2024-10-09 04:29:54,099 DEBUG server.RaftServer$Division (LeaderStateImpl.java:addPendingRequest(529)) - s14@group-9A0367B0C765-LeaderStateImpl: addPendingRequest at RaftClientRequest:client-8D305CAE4F35->s14@group-9A0367B0C765, cid=5469, seq=null, RW, Message:01016304010300040201...(size=17), entry=(t:1, i:101), STATEMACHINELOGENTRY, WRITE: logData.size=17, stateMachineData.size=0, logEntryProtoSerializedSize=0
2024-10-09 04:29:54,099 DEBUG server.RaftServer$Division (RaftServerImpl.java:logAppendEntries(1545)) - s3@group-9A0367B0C765: appendEntries* s14->s3#5470-t1,previous=(t:1, i:100),leaderCommit=99,initializing? false,entries: size=1, first=(t:1, i:101), STATEMACHINELOGENTRY, StateMachineLogEntryProto:5469@client-8D305CAE4F35
2024-10-09 04:29:54,100 DEBUG server.RaftServer$Division (RaftServerImpl.java:logAppendEntries(1545)) - s3@group-9A0367B0C765: appendEntries* reply s14<-s3#5470:OK-t1,SUCCESS,nextIndex=102,followerCommit=99,matchIndex=101
2024-10-09 04:29:54,100 INFO  statemachine.StateMachine (ArithmeticStateMachine.java:applyTransaction(181)) - LEADER:s14-101: c = √(a^2 + b^2) = 1741
2024-10-09 04:29:54,100 DEBUG server.RaftServer$Division (RaftServerImpl.java:logAppendEntries(1545)) - s3@group-9A0367B0C765: appendEntries* s14->s3#5472-t1,previous=(t:1, i:101),leaderCommit=101,initializing? false,entries: size=1, first=(t:1, i:102), METADATAENTRY(c:101)
2024-10-09 04:29:54,100 DEBUG server.RaftServer$Division (RaftServerImpl.java:logAppendEntries(1545)) - s2@group-9A0367B0C765: appendEntries* s14->s2#5471-t1,previous=(t:1, i:100),leaderCommit=100,initializing? false,entries: size=1, first=(t:1, i:101), STATEMACHINELOGENTRY, StateMachineLogEntryProto:5469@client-8D305CAE4F35
2024-10-09 04:29:54,101 DEBUG server.RaftServer$Division (RaftServerImpl.java:submitClientRequestAsync(916)) - s14@group-9A0367B0C765: receive client request(RaftClientRequest:client-8D305CAE4F35->s14@group-9A0367B0C765, cid=5473, seq=null, RW, Message:01016100)
2024-10-09 04:29:54,101 DEBUG server.RaftServer$Division (LeaderStateImpl.java:addPendingRequest(529)) - s14@group-9A0367B0C765-LeaderStateImpl: addPendingRequest at RaftClientRequest:client-8D305CAE4F35->s14@group-9A0367B0C765, cid=5473, seq=null, RW, Message:01016100, entry=(t:1, i:103), STATEMACHINELOGENTRY, WRITE: logData.size=4, stateMachineData.size=0, logEntryProtoSerializedSize=0
2024-10-09 04:29:54,101 DEBUG server.RaftServer$Division (RaftServerImpl.java:logAppendEntries(1545)) - s3@group-9A0367B0C765: appendEntries* reply s14<-s3#5472:OK-t1,SUCCESS,nextIndex=103,followerCommit=101,matchIndex=102
2024-10-09 04:29:54,101 DEBUG server.RaftServer$Division (RaftServerImpl.java:logAppendEntries(1545)) - s2@group-9A0367B0C765: appendEntries* reply s14<-s2#5471:OK-t1,SUCCESS,nextIndex=102,followerCommit=100,matchIndex=101
2024-10-09 04:29:54,102 DEBUG server.RaftServer$Division (RaftServerImpl.java:logAppendEntries(1545)) - s3@group-9A0367B0C765: appendEntries* s14->s3#5474-t1,previous=(t:1, i:102),leaderCommit=102,initializing? false,entries: size=1, first=(t:1, i:103), STATEMACHINELOGENTRY, StateMachineLogEntryProto:5473@client-8D305CAE4F35
2024-10-09 04:29:54,102 DEBUG server.RaftServer$Division (RaftServerImpl.java:logAppendEntries(1545)) - s3@group-9A0367B0C765: appendEntries* reply s14<-s3#5474:OK-t1,SUCCESS,nextIndex=104,followerCommit=102,matchIndex=103
2024-10-09 04:29:54,102 INFO  statemachine.StateMachine (ArithmeticStateMachine.java:applyTransaction(181)) - LEADER:s14-103: a = null = null
2024-10-09 04:29:54,102 DEBUG server.RaftServer$Division (RaftServerImpl.java:logAppendEntries(1545)) - s3@group-9A0367B0C765: appendEntries* s14->s3#5476-t1,previous=(t:1, i:103),leaderCommit=103,initializing? false,entries: size=1, first=(t:1, i:104), METADATAENTRY(c:103)
2024-10-09 04:29:54,103 DEBUG server.RaftServer$Division (RaftServerImpl.java:logAppendEntries(1545)) - s2@group-9A0367B0C765: appendEntries* s14->s2#5475-t1,previous=(t:1, i:101),leaderCommit=102,initializing? false,entries: size=2, first=(t:1, i:102), METADATAENTRY(c:101)
2024-10-09 04:29:54,103 DEBUG server.RaftServer$Division (RaftServerImpl.java:logAppendEntries(1545)) - s3@group-9A0367B0C765: appendEntries* reply s14<-s3#5476:OK-t1,SUCCESS,nextIndex=105,followerCommit=103,matchIndex=104
2024-10-09 04:29:54,103 DEBUG server.RaftServer$Division (RaftServerImpl.java:logAppendEntries(1545)) - s2@group-9A0367B0C765: appendEntries* reply s14<-s2#5475:OK-t1,SUCCESS,nextIndex=104,followerCommit=102,matchIndex=103
2024-10-09 04:29:54,103 DEBUG server.RaftServer$Division (RaftServerImpl.java:submitClientRequestAsync(916)) - s14@group-9A0367B0C765: receive client request(RaftClientRequest:client-8D305CAE4F35->s14@group-9A0367B0C765, cid=5477, seq=null, RW, Message:01016200)
2024-10-09 04:29:54,104 DEBUG server.RaftServer$Division (LeaderStateImpl.java:addPendingRequest(529)) - s14@group-9A0367B0C765-LeaderStateImpl: addPendingRequest at RaftClientRequest:client-8D305CAE4F35->s14@group-9A0367B0C765, cid=5477, seq=null, RW, Message:01016200, entry=(t:1, i:105), STATEMACHINELOGENTRY, WRITE: logData.size=4, stateMachineData.size=0, logEntryProtoSerializedSize=0
2024-10-09 04:29:54,104 DEBUG server.RaftServer$Division (RaftServerImpl.java:logAppendEntries(1545)) - s3@group-9A0367B0C765: appendEntries* s14->s3#5479-t1,previous=(t:1, i:104),leaderCommit=104,initializing? false,entries: size=1, first=(t:1, i:105), STATEMACHINELOGENTRY, StateMachineLogEntryProto:5477@client-8D305CAE4F35
2024-10-09 04:29:54,104 DEBUG server.RaftServer$Division (RaftServerImpl.java:logAppendEntries(1545)) - s2@group-9A0367B0C765: appendEntries* s14->s2#5478-t1,previous=(t:1, i:103),leaderCommit=104,initializing? false,entries: size=1, first=(t:1, i:104), METADATAENTRY(c:103)
2024-10-09 04:29:54,104 DEBUG server.RaftServer$Division (RaftServerImpl.java:logAppendEntries(1545)) - s3@group-9A0367B0C765: appendEntries* reply s14<-s3#5479:OK-t1,SUCCESS,nextIndex=106,followerCommit=104,matchIndex=105
2024-10-09 04:29:54,104 DEBUG server.RaftServer$Division (RaftServerImpl.java:logAppendEntries(1545)) - s2@group-9A0367B0C765: appendEntries* reply s14<-s2#5478:OK-t1,SUCCESS,nextIndex=105,followerCommit=104,matchIndex=104
2024-10-09 04:29:54,105 INFO  statemachine.StateMachine (ArithmeticStateMachine.java:applyTransaction(181)) - LEADER:s14-105: b = null = null
2024-10-09 04:29:54,105 DEBUG server.RaftServer$Division (RaftServerImpl.java:logAppendEntries(1545)) - s3@group-9A0367B0C765: appendEntries* s14->s3#5480-t1,previous=(t:1, i:105),leaderCommit=105,initializing? false,entries: size=1, first=(t:1, i:106), METADATAENTRY(c:105)
2024-10-09 04:29:54,105 DEBUG server.RaftServer$Division (RaftServerImpl.java:logAppendEntries(1545)) - s2@group-9A0367B0C765: appendEntries* s14->s2#5481-t1,previous=(t:1, i:104),leaderCommit=105,initializing? false,entries: size=2, first=(t:1, i:105), STATEMACHINELOGENTRY, StateMachineLogEntryProto:5477@client-8D305CAE4F35
2024-10-09 04:29:54,107 DEBUG server.RaftServer$Division (RaftServerImpl.java:submitClientRequestAsync(916)) - s14@group-9A0367B0C765: receive client request(RaftClientRequest:client-8D305CAE4F35->s14@group-9A0367B0C765, cid=5482, seq=null, RW, Message:01016300)
2024-10-09 04:29:54,107 DEBUG server.RaftServer$Division (LeaderStateImpl.java:addPendingRequest(529)) - s14@group-9A0367B0C765-LeaderStateImpl: addPendingRequest at RaftClientRequest:client-8D305CAE4F35->s14@group-9A0367B0C765, cid=5482, seq=null, RW, Message:01016300, entry=(t:1, i:107), STATEMACHINELOGENTRY, WRITE: logData.size=4, stateMachineData.size=0, logEntryProtoSerializedSize=0
2024-10-09 04:29:54,108 DEBUG server.RaftServer$Division (RaftServerImpl.java:logAppendEntries(1545)) - s3@group-9A0367B0C765: appendEntries* reply s14<-s3#5480:OK-t1,SUCCESS,nextIndex=107,followerCommit=105,matchIndex=106
2024-10-09 04:29:54,109 DEBUG server.RaftServer$Division (RaftServerImpl.java:logAppendEntries(1545)) - s3@group-9A0367B0C765: appendEntries* s14->s3#5483-t1,previous=(t:1, i:106),leaderCommit=106,initializing? false,entries: size=1, first=(t:1, i:107), STATEMACHINELOGENTRY, StateMachineLogEntryProto:5482@client-8D305CAE4F35
2024-10-09 04:29:54,109 DEBUG server.RaftServer$Division (RaftServerImpl.java:logAppendEntries(1545)) - s2@group-9A0367B0C765: appendEntries* reply s14<-s2#5481:OK-t1,SUCCESS,nextIndex=107,followerCommit=105,matchIndex=106
2024-10-09 04:29:54,109 DEBUG server.RaftServer$Division (RaftServerImpl.java:logAppendEntries(1545)) - s3@group-9A0367B0C765: appendEntries* reply s14<-s3#5483:OK-t1,SUCCESS,nextIndex=108,followerCommit=106,matchIndex=107
2024-10-09 04:29:54,109 INFO  statemachine.StateMachine (ArithmeticStateMachine.java:applyTransaction(181)) - LEADER:s14-107: c = null = null
2024-10-09 04:29:54,109 DEBUG server.RaftServer$Division (RaftServerImpl.java:logAppendEntries(1545)) - s2@group-9A0367B0C765: appendEntries* s14->s2#5484-t1,previous=(t:1, i:106),leaderCommit=106,initializing? false,entries: size=1, first=(t:1, i:107), STATEMACHINELOGENTRY, StateMachineLogEntryProto:5482@client-8D305CAE4F35
2024-10-09 04:29:54,110 DEBUG server.RaftServer$Division (RaftServerImpl.java:logAppendEntries(1545)) - s2@group-9A0367B0C765: appendEntries* reply s14<-s2#5484:OK-t1,SUCCESS,nextIndex=108,followerCommit=106,matchIndex=107
2024-10-09 04:29:54,110 DEBUG server.RaftServer$Division (RaftServerImpl.java:logAppendEntries(1545)) - s3@group-9A0367B0C765: appendEntries* s14->s3#5485-t1,previous=(t:1, i:107),leaderCommit=107,initializing? false,entries: size=1, first=(t:1, i:108), METADATAENTRY(c:107)
2024-10-09 04:29:54,110 DEBUG server.RaftServer$Division (RaftServerImpl.java:logAppendEntries(1545)) - s2@group-9A0367B0C765: appendEntries* s14->s2#5487-t1,previous=(t:1, i:107),leaderCommit=107,initializing? false,entries: size=1, first=(t:1, i:108), METADATAENTRY(c:107)
2024-10-09 04:29:54,111 DEBUG server.RaftServer$Division (RaftServerImpl.java:logAppendEntries(1545)) - s3@group-9A0367B0C765: appendEntries* reply s14<-s3#5485:OK-t1,SUCCESS,nextIndex=109,followerCommit=107,matchIndex=108
2024-10-09 04:29:54,111 DEBUG server.RaftServer$Division (RaftServerImpl.java:submitClientRequestAsync(916)) - s14@group-9A0367B0C765: receive client request(RaftClientRequest:client-8D305CAE4F35->s14@group-9A0367B0C765, cid=5486, seq=null, RW, Message:01016102404e80000000...(size=12))
2024-10-09 04:29:54,111 DEBUG server.RaftServer$Division (RaftServerImpl.java:logAppendEntries(1545)) - s2@group-9A0367B0C765: appendEntries* reply s14<-s2#5487:OK-t1,SUCCESS,nextIndex=109,followerCommit=107,matchIndex=108
2024-10-09 04:29:54,111 DEBUG server.RaftServer$Division (LeaderStateImpl.java:addPendingRequest(529)) - s14@group-9A0367B0C765-LeaderStateImpl: addPendingRequest at RaftClientRequest:client-8D305CAE4F35->s14@group-9A0367B0C765, cid=5486, seq=null, RW, Message:01016102404e80000000...(size=12), entry=(t:1, i:109), STATEMACHINELOGENTRY, WRITE: logData.size=12, stateMachineData.size=0, logEntryProtoSerializedSize=0
2024-10-09 04:29:54,112 DEBUG server.RaftServer$Division (RaftServerImpl.java:logAppendEntries(1545)) - s3@group-9A0367B0C765: appendEntries* s14->s3#5488-t1,previous=(t:1, i:108),leaderCommit=107,initializing? false,entries: size=1, first=(t:1, i:109), STATEMACHINELOGENTRY, StateMachineLogEntryProto:5486@client-8D305CAE4F35
2024-10-09 04:29:54,112 DEBUG server.RaftServer$Division (RaftServerImpl.java:logAppendEntries(1545)) - s2@group-9A0367B0C765: appendEntries* s14->s2#5489-t1,previous=(t:1, i:108),leaderCommit=107,initializing? false,entries: size=1, first=(t:1, i:109), STATEMACHINELOGENTRY, StateMachineLogEntryProto:5486@client-8D305CAE4F35
2024-10-09 04:29:54,112 DEBUG server.RaftServer$Division (RaftServerImpl.java:logAppendEntries(1545)) - s3@group-9A0367B0C765: appendEntries* reply s14<-s3#5488:OK-t1,SUCCESS,nextIndex=110,followerCommit=107,matchIndex=109
2024-10-09 04:29:54,112 DEBUG server.RaftServer$Division (RaftServerImpl.java:logAppendEntries(1545)) - s2@group-9A0367B0C765: appendEntries* reply s14<-s2#5489:OK-t1,SUCCESS,nextIndex=110,followerCommit=107,matchIndex=109
2024-10-09 04:29:54,112 INFO  statemachine.StateMachine (ArithmeticStateMachine.java:applyTransaction(181)) - LEADER:s14-109: a = 61 = 61
2024-10-09 04:29:54,113 DEBUG server.RaftServer$Division (RaftServerImpl.java:logAppendEntries(1545)) - s3@group-9A0367B0C765: appendEntries* s14->s3#5490-t1,previous=(t:1, i:109),leaderCommit=109,initializing? false,entries: size=1, first=(t:1, i:110), METADATAENTRY(c:109)
2024-10-09 04:29:54,113 DEBUG server.RaftServer$Division (RaftServerImpl.java:logAppendEntries(1545)) - s2@group-9A0367B0C765: appendEntries* s14->s2#5492-t1,previous=(t:1, i:109),leaderCommit=109,initializing? false,entries: size=1, first=(t:1, i:110), METADATAENTRY(c:109)
2024-10-09 04:29:54,113 DEBUG server.RaftServer$Division (RaftServerImpl.java:submitClientRequestAsync(916)) - s14@group-9A0367B0C765: receive client request(RaftClientRequest:client-8D305CAE4F35->s14@group-9A0367B0C765, cid=5491, seq=null, RW, Message:01016202409d10000000...(size=12))
2024-10-09 04:29:54,113 DEBUG server.RaftServer$Division (RaftServerImpl.java:logAppendEntries(1545)) - s3@group-9A0367B0C765: appendEntries* reply s14<-s3#5490:OK-t1,SUCCESS,nextIndex=111,followerCommit=109,matchIndex=110
2024-10-09 04:29:54,114 DEBUG server.RaftServer$Division (RaftServerImpl.java:logAppendEntries(1545)) - s2@group-9A0367B0C765: appendEntries* reply s14<-s2#5492:OK-t1,SUCCESS,nextIndex=111,followerCommit=109,matchIndex=110
2024-10-09 04:29:54,114 DEBUG server.RaftServer$Division (LeaderStateImpl.java:addPendingRequest(529)) - s14@group-9A0367B0C765-LeaderStateImpl: addPendingRequest at RaftClientRequest:client-8D305CAE4F35->s14@group-9A0367B0C765, cid=5491, seq=null, RW, Message:01016202409d10000000...(size=12), entry=(t:1, i:111), STATEMACHINELOGENTRY, WRITE: logData.size=12, stateMachineData.size=0, logEntryProtoSerializedSize=0
2024-10-09 04:29:54,114 DEBUG server.RaftServer$Division (RaftServerImpl.java:logAppendEntries(1545)) - s3@group-9A0367B0C765: appendEntries* s14->s3#5493-t1,previous=(t:1, i:110),leaderCommit=110,initializing? false,entries: size=1, first=(t:1, i:111), STATEMACHINELOGENTRY, StateMachineLogEntryProto:5491@client-8D305CAE4F35
2024-10-09 04:29:54,115 DEBUG server.RaftServer$Division (RaftServerImpl.java:logAppendEntries(1545)) - s3@group-9A0367B0C765: appendEntries* reply s14<-s3#5493:OK-t1,SUCCESS,nextIndex=112,followerCommit=110,matchIndex=111
2024-10-09 04:29:54,115 INFO  statemachine.StateMachine (ArithmeticStateMachine.java:applyTransaction(181)) - LEADER:s14-111: b = 1860 = 1860
2024-10-09 04:29:54,116 DEBUG server.RaftServer$Division (RaftServerImpl.java:logAppendEntries(1545)) - s3@group-9A0367B0C765: appendEntries* s14->s3#5494-t1,previous=(t:1, i:111),leaderCommit=111,initializing? false,entries: size=1, first=(t:1, i:112), METADATAENTRY(c:111)
2024-10-09 04:29:54,116 DEBUG server.RaftServer$Division (RaftServerImpl.java:submitClientRequestAsync(916)) - s14@group-9A0367B0C765: receive client request(RaftClientRequest:client-8D305CAE4F35->s14@group-9A0367B0C765, cid=5495, seq=null, RW, Message:01016304010300040201...(size=17))
2024-10-09 04:29:54,116 DEBUG server.RaftServer$Division (RaftServerImpl.java:logAppendEntries(1545)) - s3@group-9A0367B0C765: appendEntries* reply s14<-s3#5494:OK-t1,SUCCESS,nextIndex=113,followerCommit=111,matchIndex=112
2024-10-09 04:29:54,117 DEBUG server.RaftServer$Division (LeaderStateImpl.java:addPendingRequest(529)) - s14@group-9A0367B0C765-LeaderStateImpl: addPendingRequest at RaftClientRequest:client-8D305CAE4F35->s14@group-9A0367B0C765, cid=5495, seq=null, RW, Message:01016304010300040201...(size=17), entry=(t:1, i:113), STATEMACHINELOGENTRY, WRITE: logData.size=17, stateMachineData.size=0, logEntryProtoSerializedSize=0
2024-10-09 04:29:54,117 DEBUG server.RaftServer$Division (RaftServerImpl.java:logAppendEntries(1545)) - s3@group-9A0367B0C765: appendEntries* s14->s3#5496-t1,previous=(t:1, i:112),leaderCommit=111,initializing? false,entries: size=1, first=(t:1, i:113), STATEMACHINELOGENTRY, StateMachineLogEntryProto:5495@client-8D305CAE4F35
2024-10-09 04:29:54,117 DEBUG server.RaftServer$Division (RaftServerImpl.java:logAppendEntries(1545)) - s2@group-9A0367B0C765: appendEntries* s14->s2#5497-t1,previous=(t:1, i:110),leaderCommit=111,initializing? false,entries: size=3, first=(t:1, i:111), STATEMACHINELOGENTRY, StateMachineLogEntryProto:5491@client-8D305CAE4F35
2024-10-09 04:29:54,117 DEBUG server.RaftServer$Division (RaftServerImpl.java:logAppendEntries(1545)) - s3@group-9A0367B0C765: appendEntries* reply s14<-s3#5496:OK-t1,SUCCESS,nextIndex=114,followerCommit=111,matchIndex=113
2024-10-09 04:29:54,118 INFO  statemachine.StateMachine (ArithmeticStateMachine.java:applyTransaction(181)) - LEADER:s14-113: c = √(a^2 + b^2) = 1861
2024-10-09 04:29:54,118 DEBUG server.RaftServer$Division (RaftServerImpl.java:logAppendEntries(1545)) - s2@group-9A0367B0C765: appendEntries* reply s14<-s2#5497:OK-t1,SUCCESS,nextIndex=114,followerCommit=111,matchIndex=113
2024-10-09 04:29:54,118 DEBUG server.RaftServer$Division (RaftServerImpl.java:logAppendEntries(1545)) - s3@group-9A0367B0C765: appendEntries* s14->s3#5498-t1,previous=(t:1, i:113),leaderCommit=113,initializing? false,entries: size=1, first=(t:1, i:114), METADATAENTRY(c:113)
2024-10-09 04:29:54,119 DEBUG server.RaftServer$Division (RaftServerImpl.java:logAppendEntries(1545)) - s2@group-9A0367B0C765: appendEntries* s14->s2#5500-t1,previous=(t:1, i:113),leaderCommit=113,initializing? false,entries: size=1, first=(t:1, i:114), METADATAENTRY(c:113)
2024-10-09 04:29:54,119 DEBUG server.RaftServer$Division (RaftServerImpl.java:submitClientRequestAsync(916)) - s14@group-9A0367B0C765: receive client request(RaftClientRequest:client-8D305CAE4F35->s14@group-9A0367B0C765, cid=5499, seq=null, RW, Message:01016100)
2024-10-09 04:29:54,119 DEBUG server.RaftServer$Division (RaftServerImpl.java:logAppendEntries(1545)) - s2@group-9A0367B0C765: appendEntries* reply s14<-s2#5500:OK-t1,SUCCESS,nextIndex=115,followerCommit=113,matchIndex=114
2024-10-09 04:29:54,119 DEBUG server.RaftServer$Division (RaftServerImpl.java:logAppendEntries(1545)) - s3@group-9A0367B0C765: appendEntries* reply s14<-s3#5498:OK-t1,SUCCESS,nextIndex=115,followerCommit=113,matchIndex=114
2024-10-09 04:29:54,119 DEBUG server.RaftServer$Division (LeaderStateImpl.java:addPendingRequest(529)) - s14@group-9A0367B0C765-LeaderStateImpl: addPendingRequest at RaftClientRequest:client-8D305CAE4F35->s14@group-9A0367B0C765, cid=5499, seq=null, RW, Message:01016100, entry=(t:1, i:115), STATEMACHINELOGENTRY, WRITE: logData.size=4, stateMachineData.size=0, logEntryProtoSerializedSize=0
2024-10-09 04:29:54,120 DEBUG server.RaftServer$Division (RaftServerImpl.java:logAppendEntries(1545)) - s3@group-9A0367B0C765: appendEntries* s14->s3#5502-t1,previous=(t:1, i:114),leaderCommit=114,initializing? false,entries: size=1, first=(t:1, i:115), STATEMACHINELOGENTRY, StateMachineLogEntryProto:5499@client-8D305CAE4F35
2024-10-09 04:29:54,120 DEBUG server.RaftServer$Division (RaftServerImpl.java:logAppendEntries(1545)) - s2@group-9A0367B0C765: appendEntries* s14->s2#5501-t1,previous=(t:1, i:114),leaderCommit=113,initializing? false,entries: size=1, first=(t:1, i:115), STATEMACHINELOGENTRY, StateMachineLogEntryProto:5499@client-8D305CAE4F35
2024-10-09 04:29:54,120 DEBUG server.RaftServer$Division (RaftServerImpl.java:logAppendEntries(1545)) - s3@group-9A0367B0C765: appendEntries* reply s14<-s3#5502:OK-t1,SUCCESS,nextIndex=116,followerCommit=114,matchIndex=115
2024-10-09 04:29:54,120 DEBUG server.RaftServer$Division (RaftServerImpl.java:logAppendEntries(1545)) - s2@group-9A0367B0C765: appendEntries* reply s14<-s2#5501:OK-t1,SUCCESS,nextIndex=116,followerCommit=113,matchIndex=115
2024-10-09 04:29:54,120 INFO  statemachine.StateMachine (ArithmeticStateMachine.java:applyTransaction(181)) - LEADER:s14-115: a = null = null
2024-10-09 04:29:54,121 DEBUG server.RaftServer$Division (RaftServerImpl.java:logAppendEntries(1545)) - s3@group-9A0367B0C765: appendEntries* s14->s3#5503-t1,previous=(t:1, i:115),leaderCommit=115,initializing? false,entries: size=1, first=(t:1, i:116), METADATAENTRY(c:115)
2024-10-09 04:29:54,121 DEBUG server.RaftServer$Division (RaftServerImpl.java:submitClientRequestAsync(916)) - s14@group-9A0367B0C765: receive client request(RaftClientRequest:client-8D305CAE4F35->s14@group-9A0367B0C765, cid=5504, seq=null, RW, Message:01016200)
2024-10-09 04:29:54,121 DEBUG server.RaftServer$Division (RaftServerImpl.java:logAppendEntries(1545)) - s3@group-9A0367B0C765: appendEntries* reply s14<-s3#5503:OK-t1,SUCCESS,nextIndex=117,followerCommit=115,matchIndex=116
2024-10-09 04:29:54,121 DEBUG server.RaftServer$Division (LeaderStateImpl.java:addPendingRequest(529)) - s14@group-9A0367B0C765-LeaderStateImpl: addPendingRequest at RaftClientRequest:client-8D305CAE4F35->s14@group-9A0367B0C765, cid=5504, seq=null, RW, Message:01016200, entry=(t:1, i:117), STATEMACHINELOGENTRY, WRITE: logData.size=4, stateMachineData.size=0, logEntryProtoSerializedSize=0
2024-10-09 04:29:54,122 DEBUG server.RaftServer$Division (RaftServerImpl.java:logAppendEntries(1545)) - s3@group-9A0367B0C765: appendEntries* s14->s3#5506-t1,previous=(t:1, i:116),leaderCommit=115,initializing? false,entries: size=1, first=(t:1, i:117), STATEMACHINELOGENTRY, StateMachineLogEntryProto:5504@client-8D305CAE4F35
2024-10-09 04:29:54,122 DEBUG server.RaftServer$Division (RaftServerImpl.java:logAppendEntries(1545)) - s2@group-9A0367B0C765: appendEntries* s14->s2#5505-t1,previous=(t:1, i:115),leaderCommit=115,initializing? false,entries: size=1, first=(t:1, i:116), METADATAENTRY(c:115)
2024-10-09 04:29:54,122 DEBUG server.RaftServer$Division (RaftServerImpl.java:logAppendEntries(1545)) - s3@group-9A0367B0C765: appendEntries* reply s14<-s3#5506:OK-t1,SUCCESS,nextIndex=118,followerCommit=115,matchIndex=117
2024-10-09 04:29:54,122 DEBUG server.RaftServer$Division (RaftServerImpl.java:logAppendEntries(1545)) - s2@group-9A0367B0C765: appendEntries* reply s14<-s2#5505:OK-t1,SUCCESS,nextIndex=117,followerCommit=115,matchIndex=116
2024-10-09 04:29:54,123 INFO  statemachine.StateMachine (ArithmeticStateMachine.java:applyTransaction(181)) - LEADER:s14-117: b = null = null
2024-10-09 04:29:54,123 DEBUG server.RaftServer$Division (RaftServerImpl.java:logAppendEntries(1545)) - s3@group-9A0367B0C765: appendEntries* s14->s3#5508-t1,previous=(t:1, i:117),leaderCommit=117,initializing? false,entries: size=1, first=(t:1, i:118), METADATAENTRY(c:117)
2024-10-09 04:29:54,123 DEBUG server.RaftServer$Division (RaftServerImpl.java:logAppendEntries(1545)) - s2@group-9A0367B0C765: appendEntries* s14->s2#5507-t1,previous=(t:1, i:116),leaderCommit=117,initializing? false,entries: size=2, first=(t:1, i:117), STATEMACHINELOGENTRY, StateMachineLogEntryProto:5504@client-8D305CAE4F35
2024-10-09 04:29:54,123 DEBUG server.RaftServer$Division (RaftServerImpl.java:submitClientRequestAsync(916)) - s14@group-9A0367B0C765: receive client request(RaftClientRequest:client-8D305CAE4F35->s14@group-9A0367B0C765, cid=5509, seq=null, RW, Message:01016300)
2024-10-09 04:29:54,124 DEBUG server.RaftServer$Division (RaftServerImpl.java:logAppendEntries(1545)) - s2@group-9A0367B0C765: appendEntries* reply s14<-s2#5507:OK-t1,SUCCESS,nextIndex=119,followerCommit=117,matchIndex=118
2024-10-09 04:29:54,123 DEBUG server.RaftServer$Division (RaftServerImpl.java:logAppendEntries(1545)) - s3@group-9A0367B0C765: appendEntries* reply s14<-s3#5508:OK-t1,SUCCESS,nextIndex=119,followerCommit=117,matchIndex=118
2024-10-09 04:29:54,124 DEBUG server.RaftServer$Division (LeaderStateImpl.java:addPendingRequest(529)) - s14@group-9A0367B0C765-LeaderStateImpl: addPendingRequest at RaftClientRequest:client-8D305CAE4F35->s14@group-9A0367B0C765, cid=5509, seq=null, RW, Message:01016300, entry=(t:1, i:119), STATEMACHINELOGENTRY, WRITE: logData.size=4, stateMachineData.size=0, logEntryProtoSerializedSize=0
2024-10-09 04:29:54,124 DEBUG server.RaftServer$Division (RaftServerImpl.java:logAppendEntries(1545)) - s3@group-9A0367B0C765: appendEntries* s14->s3#5510-t1,previous=(t:1, i:118),leaderCommit=117,initializing? false,entries: size=1, first=(t:1, i:119), STATEMACHINELOGENTRY, StateMachineLogEntryProto:5509@client-8D305CAE4F35
2024-10-09 04:29:54,125 DEBUG server.RaftServer$Division (RaftServerImpl.java:logAppendEntries(1545)) - s2@group-9A0367B0C765: appendEntries* s14->s2#5511-t1,previous=(t:1, i:118),leaderCommit=118,initializing? false,entries: size=1, first=(t:1, i:119), STATEMACHINELOGENTRY, StateMachineLogEntryProto:5509@client-8D305CAE4F35
2024-10-09 04:29:54,125 DEBUG server.RaftServer$Division (RaftServerImpl.java:logAppendEntries(1545)) - s3@group-9A0367B0C765: appendEntries* reply s14<-s3#5510:OK-t1,SUCCESS,nextIndex=120,followerCommit=117,matchIndex=119
2024-10-09 04:29:54,125 INFO  statemachine.StateMachine (ArithmeticStateMachine.java:applyTransaction(181)) - LEADER:s14-119: c = null = null
2024-10-09 04:29:54,125 DEBUG server.RaftServer$Division (RaftServerImpl.java:logAppendEntries(1545)) - s2@group-9A0367B0C765: appendEntries* reply s14<-s2#5511:OK-t1,SUCCESS,nextIndex=120,followerCommit=118,matchIndex=119
2024-10-09 04:29:54,126 DEBUG server.RaftServer$Division (RaftServerImpl.java:logAppendEntries(1545)) - s3@group-9A0367B0C765: appendEntries* s14->s3#5512-t1,previous=(t:1, i:119),leaderCommit=119,initializing? false,entries: size=1, first=(t:1, i:120), METADATAENTRY(c:119)
2024-10-09 04:29:54,126 DEBUG server.RaftServer$Division (RaftServerImpl.java:logAppendEntries(1545)) - s3@group-9A0367B0C765: appendEntries* reply s14<-s3#5512:OK-t1,SUCCESS,nextIndex=121,followerCommit=119,matchIndex=120
2024-10-09 04:29:54,126 DEBUG server.RaftServer$Division (RaftServerImpl.java:logAppendEntries(1545)) - s2@group-9A0367B0C765: appendEntries* s14->s2#5513-t1,previous=(t:1, i:119),leaderCommit=119,initializing? false,entries: size=1, first=(t:1, i:120), METADATAENTRY(c:119)
2024-10-09 04:29:54,127 DEBUG server.RaftServer$Division (RaftServerImpl.java:logAppendEntries(1545)) - s2@group-9A0367B0C765: appendEntries* reply s14<-s2#5513:OK-t1,SUCCESS,nextIndex=121,followerCommit=119,matchIndex=120
2024-10-09 04:29:54,135 INFO  impl.GroupManagementBaseTest (GroupManagementBaseTest.java:runMultiGroupTest(281)) - 3) starting group-DE92A9858D7E:[s4|0.0.0.0:15019, s5|0.0.0.0:15020, s6|0.0.0.0:15021]
2024-10-09 04:29:54,135 INFO  netty.NettyUtils (NettyUtils.java:newEventLoopGroup(74)) - Create EpollEventLoopGroup for client-DDEF5CD2974C; Thread size is 0.
2024-10-09 04:29:54,137 INFO  logging.LoggingHandler (AbstractInternalLogger.java:log(148)) - [id: 0xb86f85a1, L:/0.0.0.0:15019] READ: [id: 0xa6ec0312, L:/127.0.0.1:15019 - R:/127.0.0.1:59602]
2024-10-09 04:29:54,137 INFO  logging.LoggingHandler (AbstractInternalLogger.java:log(148)) - [id: 0xb86f85a1, L:/0.0.0.0:15019] READ COMPLETE
2024-10-09 04:29:54,138 INFO  server.RaftServer (RaftServerProxy.java:addNew(101)) - s4: addNew group-DE92A9858D7E:[s4|0.0.0.0:15019, s5|0.0.0.0:15020, s6|0.0.0.0:15021] returns group-DE92A9858D7E:java.util.concurrent.CompletableFuture@4faee33c[Not completed]
2024-10-09 04:29:54,138 INFO  server.RaftServer$Division (RaftServerImpl.java:<init>(256)) - s4: new RaftServerImpl for group-DE92A9858D7E:[s4|0.0.0.0:15019, s5|0.0.0.0:15020, s6|0.0.0.0:15021] with ArithmeticStateMachine:uninitialized
2024-10-09 04:29:54,138 INFO  server.RaftServerConfigKeys (ConfUtils.java:logGet(46)) - raft.server.rpc.timeout.min = 300ms (custom)
2024-10-09 04:29:54,138 INFO  server.RaftServerConfigKeys (ConfUtils.java:logGet(46)) - raft.server.rpc.timeout.max = 600ms (custom)
2024-10-09 04:29:54,139 INFO  server.RaftServerConfigKeys (ConfUtils.java:logGet(46)) - raft.server.rpc.sleep.time = 25ms (default)
2024-10-09 04:29:54,139 INFO  server.RaftServerConfigKeys (ConfUtils.java:logGet(46)) - raft.server.rpc.slowness.timeout = 60s (default)
2024-10-09 04:29:54,139 INFO  server.RaftServerConfigKeys (ConfUtils.java:logGet(46)) - raft.server.leaderelection.leader.step-down.wait-time = 10s (default)
2024-10-09 04:29:54,139 INFO  server.RaftServerConfigKeys (ConfUtils.java:logGet(46)) - raft.server.leaderelection.member.majority-add = false (default)
2024-10-09 04:29:54,139 INFO  server.RaftServerConfigKeys (ConfUtils.java:logGet(46)) - raft.server.sleep.deviation.threshold = 300ms (default)
2024-10-09 04:29:54,139 INFO  server.RaftServer$Division (ServerState.java:<init>(114)) - s4@group-DE92A9858D7E: ConfigurationManager, init=conf: {index: -1, cur=peers:[s4|0.0.0.0:15019, s5|0.0.0.0:15020, s6|0.0.0.0:15021]|listeners:[], old=null}, confs=<EMPTY_MAP>
2024-10-09 04:29:54,139 INFO  server.RaftServerConfigKeys (ConfUtils.java:logGet(46)) - raft.server.notification.no-leader.timeout = 60s (default)
2024-10-09 04:29:54,139 INFO  server.RaftServerConfigKeys (ConfUtils.java:logGet(46)) - raft.server.read.timeout = 10s (default)
2024-10-09 04:29:54,139 INFO  server.RaftServerConfigKeys (ConfUtils.java:logGet(46)) - raft.server.retrycache.expirytime = 60s (default)
2024-10-09 04:29:54,139 INFO  server.RaftServerConfigKeys (ConfUtils.java:logGet(46)) - raft.server.retrycache.statistics.expirytime = 100ms (default)
2024-10-09 04:29:54,139 INFO  server.RaftServerConfigKeys (ConfUtils.java:logGet(46)) - raft.server.read.option = DEFAULT (default)
2024-10-09 04:29:54,139 INFO  server.RaftServerConfigKeys (ConfUtils.java:logGet(46)) - raft.server.read.read-after-write-consistent.write-index-cache.expiry-time = 60s (default)
2024-10-09 04:29:54,140 INFO  server.RaftServerConfigKeys (ConfUtils.java:logGet(46)) - raft.server.rpc.request.timeout = 3000ms (default)
2024-10-09 04:29:54,140 INFO  server.RaftServerConfigKeys (ConfUtils.java:logGet(46)) - raft.server.log.appender.install.snapshot.enabled = true (default)
2024-10-09 04:29:54,140 INFO  server.RaftServerConfigKeys (ConfUtils.java:logGet(46)) - raft.server.threadpool.server.cached = true (default)
2024-10-09 04:29:54,140 INFO  server.RaftServerConfigKeys (ConfUtils.java:logGet(46)) - raft.server.threadpool.server.size = 0 (default)
2024-10-09 04:29:54,140 INFO  server.RaftServerConfigKeys (ConfUtils.java:logGet(46)) - raft.server.threadpool.client.cached = true (default)
2024-10-09 04:29:54,140 INFO  server.RaftServerConfigKeys (ConfUtils.java:logGet(46)) - raft.server.threadpool.client.size = 0 (default)
2024-10-09 04:29:54,140 INFO  server.RaftServerConfigKeys (ConfUtils.java:logGet(46)) - raft.server.storage.free-space.min = 0MB (=0) (default)
2024-10-09 04:29:54,140 INFO  server.RaftServerConfigKeys (ConfUtils.java:logGet(46)) - raft.server.log.corruption.policy = EXCEPTION (default)
2024-10-09 04:29:54,140 INFO  server.RaftServerConfigKeys (ConfUtils.java:logGet(46)) - raft.server.storage.dir = [/home/runner/work/ratis/ratis/ratis-examples/target/test/data/6e6e5023/MiniRaftClusterWithNettya4857fb2/s4] (custom)
2024-10-09 04:29:54,140 INFO  storage.RaftStorageDirectory (RaftStorageDirectoryImpl.java:analyzeStorage(138)) - The storage directory /home/runner/work/ratis/ratis/ratis-examples/target/test/data/6e6e5023/MiniRaftClusterWithNettya4857fb2/s4/23c8dd0d-429b-40c2-9cad-de92a9858d7e does not exist. Creating ...
2024-10-09 04:29:54,141 TRACE util.FileUtils (LogUtils.java:runAndLog(49)) - Successfully ran Files.createDirectories /home/runner/work/ratis/ratis/ratis-examples/target/test/data/6e6e5023/MiniRaftClusterWithNettya4857fb2/s4/23c8dd0d-429b-40c2-9cad-de92a9858d7e
2024-10-09 04:29:54,142 INFO  storage.RaftStorageDirectory (RaftStorageDirectoryImpl.java:tryLock(229)) - Lock on /home/runner/work/ratis/ratis/ratis-examples/target/test/data/6e6e5023/MiniRaftClusterWithNettya4857fb2/s4/23c8dd0d-429b-40c2-9cad-de92a9858d7e/in_use.lock acquired by nodename 14484@fv-az565-744
2024-10-09 04:29:54,142 TRACE util.FileUtils (LogUtils.java:runAndLog(49)) - Successfully ran Files.createDirectories /home/runner/work/ratis/ratis/ratis-examples/target/test/data/6e6e5023/MiniRaftClusterWithNettya4857fb2/s4/23c8dd0d-429b-40c2-9cad-de92a9858d7e/current
2024-10-09 04:29:54,142 TRACE util.FileUtils (LogUtils.java:runAndLog(49)) - Successfully ran Files.createDirectories /home/runner/work/ratis/ratis/ratis-examples/target/test/data/6e6e5023/MiniRaftClusterWithNettya4857fb2/s4/23c8dd0d-429b-40c2-9cad-de92a9858d7e/sm
2024-10-09 04:29:54,142 TRACE util.FileUtils (LogUtils.java:supplyAndLog(69)) - Successfully supplied FileChannel.open /home/runner/work/ratis/ratis/ratis-examples/target/test/data/6e6e5023/MiniRaftClusterWithNettya4857fb2/s4/23c8dd0d-429b-40c2-9cad-de92a9858d7e/current/raft-meta.tmp with options [CREATE, WRITE]: sun.nio.ch.FileChannelImpl@3576b9c
2024-10-09 04:29:54,143 TRACE util.FileUtils (LogUtils.java:runAndLog(49)) - Successfully ran Atomic Files.move /home/runner/work/ratis/ratis/ratis-examples/target/test/data/6e6e5023/MiniRaftClusterWithNettya4857fb2/s4/23c8dd0d-429b-40c2-9cad-de92a9858d7e/current/raft-meta.tmp to /home/runner/work/ratis/ratis/ratis-examples/target/test/data/6e6e5023/MiniRaftClusterWithNettya4857fb2/s4/23c8dd0d-429b-40c2-9cad-de92a9858d7e/current/raft-meta with options [REPLACE_EXISTING]
2024-10-09 04:29:54,143 INFO  storage.RaftStorage (RaftStorageImpl.java:format(98)) - Storage directory /home/runner/work/ratis/ratis/ratis-examples/target/test/data/6e6e5023/MiniRaftClusterWithNettya4857fb2/s4/23c8dd0d-429b-40c2-9cad-de92a9858d7e has been successfully formatted.
2024-10-09 04:29:54,144 WARN  statemachine.StateMachine (ArithmeticStateMachine.java:loadSnapshot(115)) - The snapshot info is null.
2024-10-09 04:29:54,144 INFO  server.RaftServerConfigKeys (ConfUtils.java:logGet(46)) - raft.server.log.use.memory = false (default)
2024-10-09 04:29:54,144 INFO  server.RaftServerConfigKeys (ConfUtils.java:logGet(46)) - raft.server.log.purge.gap = 1024 (default)
2024-10-09 04:29:54,144 INFO  server.RaftServerConfigKeys (ConfUtils.java:logGet(46)) - raft.server.log.appender.buffer.byte-limit = 4MB (=4194304) (default)
2024-10-09 04:29:54,144 INFO  server.RaftServerConfigKeys (ConfUtils.java:logGet(46)) - raft.server.log.statemachine.data.read.timeout = 1000ms (default)
2024-10-09 04:29:54,144 INFO  server.RaftServerConfigKeys (ConfUtils.java:logGet(46)) - raft.server.log.purge.preservation.log.num = 0 (default)
2024-10-09 04:29:54,144 INFO  server.RaftServerConfigKeys (ConfUtils.java:logGet(46)) - raft.server.log.segment.size.max = 32MB (=33554432) (default)
2024-10-09 04:29:54,144 INFO  server.RaftServerConfigKeys (ConfUtils.java:logGet(46)) - raft.server.log.segment.cache.num.max = 6 (default)
2024-10-09 04:29:54,145 INFO  server.RaftServerConfigKeys (ConfUtils.java:logGet(46)) - raft.server.log.segment.cache.size.max = 200MB (=209715200) (default)
2024-10-09 04:29:54,145 INFO  server.RaftServerConfigKeys (ConfUtils.java:logGet(46)) - raft.server.log.appender.buffer.byte-limit = 4MB (=4194304) (default)
2024-10-09 04:29:54,145 INFO  util.AwaitToRun (AwaitToRun.java:start(81)) - Thread[s4@group-DE92A9858D7E-cacheEviction-AwaitToRun,5,main] started
2024-10-09 04:29:54,145 INFO  segmented.SegmentedRaftLogWorker (SegmentedRaftLogWorker.java:<init>(187)) - new s4@group-DE92A9858D7E-SegmentedRaftLogWorker for RaftStorageImpl:Storage Directory /home/runner/work/ratis/ratis/ratis-examples/target/test/data/6e6e5023/MiniRaftClusterWithNettya4857fb2/s4/23c8dd0d-429b-40c2-9cad-de92a9858d7e
2024-10-09 04:29:54,145 INFO  server.RaftServerConfigKeys (ConfUtils.java:logGet(46)) - raft.server.log.queue.byte-limit = 64MB (=67108864) (default)
2024-10-09 04:29:54,145 INFO  server.RaftServerConfigKeys (ConfUtils.java:logGet(46)) - raft.server.log.queue.element-limit = 4096 (default)
2024-10-09 04:29:54,145 INFO  server.RaftServerConfigKeys (ConfUtils.java:logGet(46)) - raft.server.log.segment.size.max = 32MB (=33554432) (default)
2024-10-09 04:29:54,145 INFO  server.RaftServerConfigKeys (ConfUtils.java:logGet(46)) - raft.server.log.preallocated.size = 4MB (=4194304) (default)
2024-10-09 04:29:54,145 INFO  server.RaftServerConfigKeys (ConfUtils.java:logGet(46)) - raft.server.log.force.sync.num = 128 (default)
2024-10-09 04:29:54,145 INFO  server.RaftServerConfigKeys (ConfUtils.java:logGet(46)) - raft.server.log.statemachine.data.sync = true (default)
2024-10-09 04:29:54,145 INFO  server.RaftServerConfigKeys (ConfUtils.java:logGet(46)) - raft.server.log.statemachine.data.sync.timeout = 10s (default)
2024-10-09 04:29:54,145 INFO  server.RaftServerConfigKeys (ConfUtils.java:logGet(46)) - raft.server.log.statemachine.data.sync.timeout.retry = -1 (default)
2024-10-09 04:29:54,146 INFO  server.RaftServerConfigKeys (ConfUtils.java:logGet(46)) - raft.server.log.write.buffer.size = 8MB (=8388608) (default)
2024-10-09 04:29:54,147 INFO  server.RaftServerConfigKeys (ConfUtils.java:logGet(46)) - raft.server.log.appender.buffer.byte-limit = 4MB (=4194304) (default)
2024-10-09 04:29:54,148 INFO  server.RaftServerConfigKeys (ConfUtils.java:logGet(46)) - raft.server.log.unsafe-flush.enabled = false (default)
2024-10-09 04:29:54,148 INFO  server.RaftServerConfigKeys (ConfUtils.java:logGet(46)) - raft.server.log.async-flush.enabled = false (default)
2024-10-09 04:29:54,148 INFO  server.RaftServerConfigKeys (ConfUtils.java:logGet(46)) - raft.server.log.statemachine.data.caching.enabled = false (default)
2024-10-09 04:29:54,148 INFO  segmented.SegmentedRaftLogWorker (SegmentedRaftLogWorker.java:lambda$new$0(138)) - s4@group-DE92A9858D7E-SegmentedRaftLogWorker: flushIndex: setUnconditionally 0 -> -1
2024-10-09 04:29:54,148 INFO  segmented.SegmentedRaftLogWorker (SegmentedRaftLogWorker.java:lambda$new$0(138)) - s4@group-DE92A9858D7E-SegmentedRaftLogWorker: safeCacheEvictIndex: setUnconditionally 0 -> -1
2024-10-09 04:29:54,150 INFO  server.RaftServer$Division (RaftServerImpl.java:start(392)) - s4@group-DE92A9858D7E: start as a follower, conf=conf: {index: -1, cur=peers:[s4|0.0.0.0:15019, s5|0.0.0.0:15020, s6|0.0.0.0:15021]|listeners:[], old=null}
2024-10-09 04:29:54,150 INFO  server.RaftServer$Division (RaftServerImpl.java:setRole(379)) - s4@group-DE92A9858D7E: changes role from      null to FOLLOWER at term 0 for startAsFollower
2024-10-09 04:29:54,150 INFO  impl.RoleInfo (RoleInfo.java:updateAndGet(148)) - s4: start s4@group-DE92A9858D7E-FollowerState
2024-10-09 04:29:54,150 INFO  util.JmxRegister (JmxRegister.java:tryRegister(44)) - Successfully registered JMX Bean with object name Ratis:service=RaftServer,group=group-DE92A9858D7E,id=s4
2024-10-09 04:29:54,150 INFO  util.JmxRegister (JmxRegister.java:register(58)) - register mxBean class org.apache.ratis.server.impl.RaftServerJmxAdapter as Ratis:service=RaftServer,group=group-DE92A9858D7E,id=s4
2024-10-09 04:29:54,150 INFO  server.RaftServerConfigKeys (ConfUtils.java:logFallback(53)) - raft.server.rpc.first-election.timeout.min = 300ms (fallback to raft.server.rpc.timeout.min)
2024-10-09 04:29:54,150 INFO  server.RaftServerConfigKeys (ConfUtils.java:logFallback(53)) - raft.server.rpc.first-election.timeout.max = 600ms (fallback to raft.server.rpc.timeout.max)
2024-10-09 04:29:54,150 INFO  server.RaftServerConfigKeys (ConfUtils.java:logGet(46)) - raft.server.snapshot.trigger-when-stop.enabled = true (default)
2024-10-09 04:29:54,150 INFO  server.RaftServerConfigKeys (ConfUtils.java:logGet(46)) - raft.server.snapshot.trigger-when-remove.enabled = true (default)
2024-10-09 04:29:54,150 INFO  server.RaftServerConfigKeys (ConfUtils.java:logGet(46)) - raft.server.snapshot.auto.trigger.enabled = false (default)
2024-10-09 04:29:54,151 INFO  server.RaftServerConfigKeys (ConfUtils.java:logGet(46)) - raft.server.snapshot.retention.file.num = -1 (default)
2024-10-09 04:29:54,151 INFO  server.RaftServerConfigKeys (ConfUtils.java:logGet(46)) - raft.server.log.purge.upto.snapshot.index = false (default)
2024-10-09 04:29:54,156 INFO  netty.NettyUtils (NettyUtils.java:newEventLoopGroup(74)) - Create EpollEventLoopGroup for client-3373F573D5FA; Thread size is 0.
2024-10-09 04:29:54,157 INFO  logging.LoggingHandler (AbstractInternalLogger.java:log(148)) - [id: 0xb4864f75, L:/0.0.0.0:15020] READ: [id: 0xa301f0ed, L:/127.0.0.1:15020 - R:/127.0.0.1:33814]
2024-10-09 04:29:54,158 INFO  logging.LoggingHandler (AbstractInternalLogger.java:log(148)) - [id: 0xb4864f75, L:/0.0.0.0:15020] READ COMPLETE
2024-10-09 04:29:54,159 INFO  server.RaftServer (RaftServerProxy.java:addNew(101)) - s5: addNew group-DE92A9858D7E:[s4|0.0.0.0:15019, s5|0.0.0.0:15020, s6|0.0.0.0:15021] returns group-DE92A9858D7E:java.util.concurrent.CompletableFuture@3da2a742[Not completed]
2024-10-09 04:29:54,159 INFO  server.RaftServer$Division (RaftServerImpl.java:<init>(256)) - s5: new RaftServerImpl for group-DE92A9858D7E:[s4|0.0.0.0:15019, s5|0.0.0.0:15020, s6|0.0.0.0:15021] with ArithmeticStateMachine:uninitialized
2024-10-09 04:29:54,159 INFO  server.RaftServerConfigKeys (ConfUtils.java:logGet(46)) - raft.server.rpc.timeout.min = 300ms (custom)
2024-10-09 04:29:54,159 INFO  server.RaftServerConfigKeys (ConfUtils.java:logGet(46)) - raft.server.rpc.timeout.max = 600ms (custom)
2024-10-09 04:29:54,159 INFO  server.RaftServerConfigKeys (ConfUtils.java:logGet(46)) - raft.server.rpc.sleep.time = 25ms (default)
2024-10-09 04:29:54,160 INFO  server.RaftServerConfigKeys (ConfUtils.java:logGet(46)) - raft.server.rpc.slowness.timeout = 60s (default)
2024-10-09 04:29:54,160 INFO  server.RaftServerConfigKeys (ConfUtils.java:logGet(46)) - raft.server.leaderelection.leader.step-down.wait-time = 10s (default)
2024-10-09 04:29:54,160 INFO  server.RaftServerConfigKeys (ConfUtils.java:logGet(46)) - raft.server.leaderelection.member.majority-add = false (default)
2024-10-09 04:29:54,160 INFO  server.RaftServerConfigKeys (ConfUtils.java:logGet(46)) - raft.server.sleep.deviation.threshold = 300ms (default)
2024-10-09 04:29:54,160 INFO  server.RaftServer$Division (ServerState.java:<init>(114)) - s5@group-DE92A9858D7E: ConfigurationManager, init=conf: {index: -1, cur=peers:[s4|0.0.0.0:15019, s5|0.0.0.0:15020, s6|0.0.0.0:15021]|listeners:[], old=null}, confs=<EMPTY_MAP>
2024-10-09 04:29:54,160 INFO  server.RaftServerConfigKeys (ConfUtils.java:logGet(46)) - raft.server.notification.no-leader.timeout = 60s (default)
2024-10-09 04:29:54,160 INFO  server.RaftServerConfigKeys (ConfUtils.java:logGet(46)) - raft.server.read.timeout = 10s (default)
2024-10-09 04:29:54,160 INFO  server.RaftServerConfigKeys (ConfUtils.java:logGet(46)) - raft.server.retrycache.expirytime = 60s (default)
2024-10-09 04:29:54,160 INFO  server.RaftServerConfigKeys (ConfUtils.java:logGet(46)) - raft.server.retrycache.statistics.expirytime = 100ms (default)
2024-10-09 04:29:54,160 INFO  server.RaftServerConfigKeys (ConfUtils.java:logGet(46)) - raft.server.read.option = DEFAULT (default)
2024-10-09 04:29:54,160 INFO  server.RaftServerConfigKeys (ConfUtils.java:logGet(46)) - raft.server.read.read-after-write-consistent.write-index-cache.expiry-time = 60s (default)
2024-10-09 04:29:54,160 INFO  server.RaftServerConfigKeys (ConfUtils.java:logGet(46)) - raft.server.rpc.request.timeout = 3000ms (default)
2024-10-09 04:29:54,160 INFO  server.RaftServerConfigKeys (ConfUtils.java:logGet(46)) - raft.server.log.appender.install.snapshot.enabled = true (default)
2024-10-09 04:29:54,160 INFO  server.RaftServerConfigKeys (ConfUtils.java:logGet(46)) - raft.server.threadpool.server.cached = true (default)
2024-10-09 04:29:54,160 INFO  server.RaftServerConfigKeys (ConfUtils.java:logGet(46)) - raft.server.threadpool.server.size = 0 (default)
2024-10-09 04:29:54,160 INFO  server.RaftServerConfigKeys (ConfUtils.java:logGet(46)) - raft.server.threadpool.client.cached = true (default)
2024-10-09 04:29:54,160 INFO  server.RaftServerConfigKeys (ConfUtils.java:logGet(46)) - raft.server.threadpool.client.size = 0 (default)
2024-10-09 04:29:54,160 INFO  server.RaftServerConfigKeys (ConfUtils.java:logGet(46)) - raft.server.storage.free-space.min = 0MB (=0) (default)
2024-10-09 04:29:54,160 INFO  server.RaftServerConfigKeys (ConfUtils.java:logGet(46)) - raft.server.log.corruption.policy = EXCEPTION (default)
2024-10-09 04:29:54,161 INFO  server.RaftServerConfigKeys (ConfUtils.java:logGet(46)) - raft.server.storage.dir = [/home/runner/work/ratis/ratis/ratis-examples/target/test/data/6e6e5023/MiniRaftClusterWithNettya4857fb2/s5] (custom)
2024-10-09 04:29:54,161 INFO  storage.RaftStorageDirectory (RaftStorageDirectoryImpl.java:analyzeStorage(138)) - The storage directory /home/runner/work/ratis/ratis/ratis-examples/target/test/data/6e6e5023/MiniRaftClusterWithNettya4857fb2/s5/23c8dd0d-429b-40c2-9cad-de92a9858d7e does not exist. Creating ...
2024-10-09 04:29:54,161 TRACE util.FileUtils (LogUtils.java:runAndLog(49)) - Successfully ran Files.createDirectories /home/runner/work/ratis/ratis/ratis-examples/target/test/data/6e6e5023/MiniRaftClusterWithNettya4857fb2/s5/23c8dd0d-429b-40c2-9cad-de92a9858d7e
2024-10-09 04:29:54,162 INFO  storage.RaftStorageDirectory (RaftStorageDirectoryImpl.java:tryLock(229)) - Lock on /home/runner/work/ratis/ratis/ratis-examples/target/test/data/6e6e5023/MiniRaftClusterWithNettya4857fb2/s5/23c8dd0d-429b-40c2-9cad-de92a9858d7e/in_use.lock acquired by nodename 14484@fv-az565-744
2024-10-09 04:29:54,162 TRACE util.FileUtils (LogUtils.java:runAndLog(49)) - Successfully ran Files.createDirectories /home/runner/work/ratis/ratis/ratis-examples/target/test/data/6e6e5023/MiniRaftClusterWithNettya4857fb2/s5/23c8dd0d-429b-40c2-9cad-de92a9858d7e/current
2024-10-09 04:29:54,162 TRACE util.FileUtils (LogUtils.java:runAndLog(49)) - Successfully ran Files.createDirectories /home/runner/work/ratis/ratis/ratis-examples/target/test/data/6e6e5023/MiniRaftClusterWithNettya4857fb2/s5/23c8dd0d-429b-40c2-9cad-de92a9858d7e/sm
2024-10-09 04:29:54,162 TRACE util.FileUtils (LogUtils.java:supplyAndLog(69)) - Successfully supplied FileChannel.open /home/runner/work/ratis/ratis/ratis-examples/target/test/data/6e6e5023/MiniRaftClusterWithNettya4857fb2/s5/23c8dd0d-429b-40c2-9cad-de92a9858d7e/current/raft-meta.tmp with options [CREATE, WRITE]: sun.nio.ch.FileChannelImpl@2bf62eec
2024-10-09 04:29:54,163 TRACE util.FileUtils (LogUtils.java:runAndLog(49)) - Successfully ran Atomic Files.move /home/runner/work/ratis/ratis/ratis-examples/target/test/data/6e6e5023/MiniRaftClusterWithNettya4857fb2/s5/23c8dd0d-429b-40c2-9cad-de92a9858d7e/current/raft-meta.tmp to /home/runner/work/ratis/ratis/ratis-examples/target/test/data/6e6e5023/MiniRaftClusterWithNettya4857fb2/s5/23c8dd0d-429b-40c2-9cad-de92a9858d7e/current/raft-meta with options [REPLACE_EXISTING]
2024-10-09 04:29:54,163 INFO  storage.RaftStorage (RaftStorageImpl.java:format(98)) - Storage directory /home/runner/work/ratis/ratis/ratis-examples/target/test/data/6e6e5023/MiniRaftClusterWithNettya4857fb2/s5/23c8dd0d-429b-40c2-9cad-de92a9858d7e has been successfully formatted.
2024-10-09 04:29:54,163 WARN  statemachine.StateMachine (ArithmeticStateMachine.java:loadSnapshot(115)) - The snapshot info is null.
2024-10-09 04:29:54,163 INFO  server.RaftServerConfigKeys (ConfUtils.java:logGet(46)) - raft.server.log.use.memory = false (default)
2024-10-09 04:29:54,163 INFO  server.RaftServerConfigKeys (ConfUtils.java:logGet(46)) - raft.server.log.purge.gap = 1024 (default)
2024-10-09 04:29:54,163 INFO  server.RaftServerConfigKeys (ConfUtils.java:logGet(46)) - raft.server.log.appender.buffer.byte-limit = 4MB (=4194304) (default)
2024-10-09 04:29:54,163 INFO  server.RaftServerConfigKeys (ConfUtils.java:logGet(46)) - raft.server.log.statemachine.data.read.timeout = 1000ms (default)
2024-10-09 04:29:54,164 INFO  server.RaftServerConfigKeys (ConfUtils.java:logGet(46)) - raft.server.log.purge.preservation.log.num = 0 (default)
2024-10-09 04:29:54,164 INFO  server.RaftServerConfigKeys (ConfUtils.java:logGet(46)) - raft.server.log.segment.size.max = 32MB (=33554432) (default)
2024-10-09 04:29:54,164 INFO  server.RaftServerConfigKeys (ConfUtils.java:logGet(46)) - raft.server.log.segment.cache.num.max = 6 (default)
2024-10-09 04:29:54,164 INFO  server.RaftServerConfigKeys (ConfUtils.java:logGet(46)) - raft.server.log.segment.cache.size.max = 200MB (=209715200) (default)
2024-10-09 04:29:54,164 INFO  server.RaftServerConfigKeys (ConfUtils.java:logGet(46)) - raft.server.log.appender.buffer.byte-limit = 4MB (=4194304) (default)
2024-10-09 04:29:54,164 INFO  util.AwaitToRun (AwaitToRun.java:start(81)) - Thread[s5@group-DE92A9858D7E-cacheEviction-AwaitToRun,5,main] started
2024-10-09 04:29:54,164 INFO  segmented.SegmentedRaftLogWorker (SegmentedRaftLogWorker.java:<init>(187)) - new s5@group-DE92A9858D7E-SegmentedRaftLogWorker for RaftStorageImpl:Storage Directory /home/runner/work/ratis/ratis/ratis-examples/target/test/data/6e6e5023/MiniRaftClusterWithNettya4857fb2/s5/23c8dd0d-429b-40c2-9cad-de92a9858d7e
2024-10-09 04:29:54,164 INFO  server.RaftServerConfigKeys (ConfUtils.java:logGet(46)) - raft.server.log.queue.byte-limit = 64MB (=67108864) (default)
2024-10-09 04:29:54,164 INFO  server.RaftServerConfigKeys (ConfUtils.java:logGet(46)) - raft.server.log.queue.element-limit = 4096 (default)
2024-10-09 04:29:54,164 INFO  server.RaftServerConfigKeys (ConfUtils.java:logGet(46)) - raft.server.log.segment.size.max = 32MB (=33554432) (default)
2024-10-09 04:29:54,164 INFO  server.RaftServerConfigKeys (ConfUtils.java:logGet(46)) - raft.server.log.preallocated.size = 4MB (=4194304) (default)
2024-10-09 04:29:54,164 INFO  server.RaftServerConfigKeys (ConfUtils.java:logGet(46)) - raft.server.log.force.sync.num = 128 (default)
2024-10-09 04:29:54,164 INFO  server.RaftServerConfigKeys (ConfUtils.java:logGet(46)) - raft.server.log.statemachine.data.sync = true (default)
2024-10-09 04:29:54,164 INFO  server.RaftServerConfigKeys (ConfUtils.java:logGet(46)) - raft.server.log.statemachine.data.sync.timeout = 10s (default)
2024-10-09 04:29:54,164 INFO  server.RaftServerConfigKeys (ConfUtils.java:logGet(46)) - raft.server.log.statemachine.data.sync.timeout.retry = -1 (default)
2024-10-09 04:29:54,165 INFO  server.RaftServerConfigKeys (ConfUtils.java:logGet(46)) - raft.server.log.write.buffer.size = 8MB (=8388608) (default)
2024-10-09 04:29:54,166 INFO  server.RaftServerConfigKeys (ConfUtils.java:logGet(46)) - raft.server.log.appender.buffer.byte-limit = 4MB (=4194304) (default)
2024-10-09 04:29:54,166 INFO  server.RaftServerConfigKeys (ConfUtils.java:logGet(46)) - raft.server.log.unsafe-flush.enabled = false (default)
2024-10-09 04:29:54,166 INFO  server.RaftServerConfigKeys (ConfUtils.java:logGet(46)) - raft.server.log.async-flush.enabled = false (default)
2024-10-09 04:29:54,166 INFO  server.RaftServerConfigKeys (ConfUtils.java:logGet(46)) - raft.server.log.statemachine.data.caching.enabled = false (default)
2024-10-09 04:29:54,166 INFO  segmented.SegmentedRaftLogWorker (SegmentedRaftLogWorker.java:lambda$new$0(138)) - s5@group-DE92A9858D7E-SegmentedRaftLogWorker: flushIndex: setUnconditionally 0 -> -1
2024-10-09 04:29:54,167 INFO  segmented.SegmentedRaftLogWorker (SegmentedRaftLogWorker.java:lambda$new$0(138)) - s5@group-DE92A9858D7E-SegmentedRaftLogWorker: safeCacheEvictIndex: setUnconditionally 0 -> -1
2024-10-09 04:29:54,167 INFO  server.RaftServer$Division (RaftServerImpl.java:start(392)) - s5@group-DE92A9858D7E: start as a follower, conf=conf: {index: -1, cur=peers:[s4|0.0.0.0:15019, s5|0.0.0.0:15020, s6|0.0.0.0:15021]|listeners:[], old=null}
2024-10-09 04:29:54,167 INFO  server.RaftServer$Division (RaftServerImpl.java:setRole(379)) - s5@group-DE92A9858D7E: changes role from      null to FOLLOWER at term 0 for startAsFollower
2024-10-09 04:29:54,167 INFO  impl.RoleInfo (RoleInfo.java:updateAndGet(148)) - s5: start s5@group-DE92A9858D7E-FollowerState
2024-10-09 04:29:54,167 INFO  util.JmxRegister (JmxRegister.java:tryRegister(44)) - Successfully registered JMX Bean with object name Ratis:service=RaftServer,group=group-DE92A9858D7E,id=s5
2024-10-09 04:29:54,167 INFO  util.JmxRegister (JmxRegister.java:register(58)) - register mxBean class org.apache.ratis.server.impl.RaftServerJmxAdapter as Ratis:service=RaftServer,group=group-DE92A9858D7E,id=s5
2024-10-09 04:29:54,167 INFO  server.RaftServerConfigKeys (ConfUtils.java:logGet(46)) - raft.server.snapshot.trigger-when-stop.enabled = true (default)
2024-10-09 04:29:54,167 INFO  server.RaftServerConfigKeys (ConfUtils.java:logGet(46)) - raft.server.snapshot.trigger-when-remove.enabled = true (default)
2024-10-09 04:29:54,167 INFO  server.RaftServerConfigKeys (ConfUtils.java:logGet(46)) - raft.server.snapshot.auto.trigger.enabled = false (default)
2024-10-09 04:29:54,167 INFO  server.RaftServerConfigKeys (ConfUtils.java:logGet(46)) - raft.server.snapshot.retention.file.num = -1 (default)
2024-10-09 04:29:54,168 INFO  server.RaftServerConfigKeys (ConfUtils.java:logGet(46)) - raft.server.log.purge.upto.snapshot.index = false (default)
2024-10-09 04:29:54,167 INFO  server.RaftServerConfigKeys (ConfUtils.java:logFallback(53)) - raft.server.rpc.first-election.timeout.min = 300ms (fallback to raft.server.rpc.timeout.min)
2024-10-09 04:29:54,169 INFO  server.RaftServerConfigKeys (ConfUtils.java:logFallback(53)) - raft.server.rpc.first-election.timeout.max = 600ms (fallback to raft.server.rpc.timeout.max)
2024-10-09 04:29:54,172 INFO  netty.NettyUtils (NettyUtils.java:newEventLoopGroup(74)) - Create EpollEventLoopGroup for client-A05D130263E6; Thread size is 0.
2024-10-09 04:29:54,176 INFO  logging.LoggingHandler (AbstractInternalLogger.java:log(148)) - [id: 0x7c05a430, L:/0.0.0.0:15021] READ: [id: 0x7a19bc8e, L:/127.0.0.1:15021 - R:/127.0.0.1:42310]
2024-10-09 04:29:54,176 INFO  logging.LoggingHandler (AbstractInternalLogger.java:log(148)) - [id: 0x7c05a430, L:/0.0.0.0:15021] READ COMPLETE
2024-10-09 04:29:54,180 INFO  server.RaftServer (RaftServerProxy.java:addNew(101)) - s6: addNew group-DE92A9858D7E:[s4|0.0.0.0:15019, s5|0.0.0.0:15020, s6|0.0.0.0:15021] returns group-DE92A9858D7E:java.util.concurrent.CompletableFuture@22531d51[Not completed]
2024-10-09 04:29:54,180 INFO  server.RaftServer$Division (RaftServerImpl.java:<init>(256)) - s6: new RaftServerImpl for group-DE92A9858D7E:[s4|0.0.0.0:15019, s5|0.0.0.0:15020, s6|0.0.0.0:15021] with ArithmeticStateMachine:uninitialized
2024-10-09 04:29:54,180 INFO  server.RaftServerConfigKeys (ConfUtils.java:logGet(46)) - raft.server.rpc.timeout.min = 300ms (custom)
2024-10-09 04:29:54,180 INFO  server.RaftServerConfigKeys (ConfUtils.java:logGet(46)) - raft.server.rpc.timeout.max = 600ms (custom)
2024-10-09 04:29:54,180 INFO  server.RaftServerConfigKeys (ConfUtils.java:logGet(46)) - raft.server.rpc.sleep.time = 25ms (default)
2024-10-09 04:29:54,181 INFO  server.RaftServerConfigKeys (ConfUtils.java:logGet(46)) - raft.server.rpc.slowness.timeout = 60s (default)
2024-10-09 04:29:54,181 INFO  server.RaftServerConfigKeys (ConfUtils.java:logGet(46)) - raft.server.leaderelection.leader.step-down.wait-time = 10s (default)
2024-10-09 04:29:54,181 INFO  server.RaftServerConfigKeys (ConfUtils.java:logGet(46)) - raft.server.leaderelection.member.majority-add = false (default)
2024-10-09 04:29:54,181 INFO  server.RaftServerConfigKeys (ConfUtils.java:logGet(46)) - raft.server.sleep.deviation.threshold = 300ms (default)
2024-10-09 04:29:54,181 INFO  server.RaftServer$Division (ServerState.java:<init>(114)) - s6@group-DE92A9858D7E: ConfigurationManager, init=conf: {index: -1, cur=peers:[s4|0.0.0.0:15019, s5|0.0.0.0:15020, s6|0.0.0.0:15021]|listeners:[], old=null}, confs=<EMPTY_MAP>
2024-10-09 04:29:54,181 INFO  server.RaftServerConfigKeys (ConfUtils.java:logGet(46)) - raft.server.notification.no-leader.timeout = 60s (default)
2024-10-09 04:29:54,181 INFO  server.RaftServerConfigKeys (ConfUtils.java:logGet(46)) - raft.server.read.timeout = 10s (default)
2024-10-09 04:29:54,181 INFO  server.RaftServerConfigKeys (ConfUtils.java:logGet(46)) - raft.server.retrycache.expirytime = 60s (default)
2024-10-09 04:29:54,181 INFO  server.RaftServerConfigKeys (ConfUtils.java:logGet(46)) - raft.server.retrycache.statistics.expirytime = 100ms (default)
2024-10-09 04:29:54,181 INFO  server.RaftServerConfigKeys (ConfUtils.java:logGet(46)) - raft.server.read.option = DEFAULT (default)
2024-10-09 04:29:54,181 INFO  server.RaftServerConfigKeys (ConfUtils.java:logGet(46)) - raft.server.read.read-after-write-consistent.write-index-cache.expiry-time = 60s (default)
2024-10-09 04:29:54,181 INFO  server.RaftServerConfigKeys (ConfUtils.java:logGet(46)) - raft.server.rpc.request.timeout = 3000ms (default)
2024-10-09 04:29:54,181 INFO  server.RaftServerConfigKeys (ConfUtils.java:logGet(46)) - raft.server.log.appender.install.snapshot.enabled = true (default)
2024-10-09 04:29:54,182 INFO  server.RaftServerConfigKeys (ConfUtils.java:logGet(46)) - raft.server.threadpool.server.cached = true (default)
2024-10-09 04:29:54,182 INFO  server.RaftServerConfigKeys (ConfUtils.java:logGet(46)) - raft.server.threadpool.server.size = 0 (default)
2024-10-09 04:29:54,182 INFO  server.RaftServerConfigKeys (ConfUtils.java:logGet(46)) - raft.server.threadpool.client.cached = true (default)
2024-10-09 04:29:54,182 INFO  server.RaftServerConfigKeys (ConfUtils.java:logGet(46)) - raft.server.threadpool.client.size = 0 (default)
2024-10-09 04:29:54,182 INFO  server.RaftServerConfigKeys (ConfUtils.java:logGet(46)) - raft.server.storage.free-space.min = 0MB (=0) (default)
2024-10-09 04:29:54,182 INFO  server.RaftServerConfigKeys (ConfUtils.java:logGet(46)) - raft.server.log.corruption.policy = EXCEPTION (default)
2024-10-09 04:29:54,182 INFO  server.RaftServerConfigKeys (ConfUtils.java:logGet(46)) - raft.server.storage.dir = [/home/runner/work/ratis/ratis/ratis-examples/target/test/data/6e6e5023/MiniRaftClusterWithNettya4857fb2/s6] (custom)
2024-10-09 04:29:54,182 INFO  storage.RaftStorageDirectory (RaftStorageDirectoryImpl.java:analyzeStorage(138)) - The storage directory /home/runner/work/ratis/ratis/ratis-examples/target/test/data/6e6e5023/MiniRaftClusterWithNettya4857fb2/s6/23c8dd0d-429b-40c2-9cad-de92a9858d7e does not exist. Creating ...
2024-10-09 04:29:54,182 TRACE util.FileUtils (LogUtils.java:runAndLog(49)) - Successfully ran Files.createDirectories /home/runner/work/ratis/ratis/ratis-examples/target/test/data/6e6e5023/MiniRaftClusterWithNettya4857fb2/s6/23c8dd0d-429b-40c2-9cad-de92a9858d7e
2024-10-09 04:29:54,183 INFO  storage.RaftStorageDirectory (RaftStorageDirectoryImpl.java:tryLock(229)) - Lock on /home/runner/work/ratis/ratis/ratis-examples/target/test/data/6e6e5023/MiniRaftClusterWithNettya4857fb2/s6/23c8dd0d-429b-40c2-9cad-de92a9858d7e/in_use.lock acquired by nodename 14484@fv-az565-744
2024-10-09 04:29:54,183 TRACE util.FileUtils (LogUtils.java:runAndLog(49)) - Successfully ran Files.createDirectories /home/runner/work/ratis/ratis/ratis-examples/target/test/data/6e6e5023/MiniRaftClusterWithNettya4857fb2/s6/23c8dd0d-429b-40c2-9cad-de92a9858d7e/current
2024-10-09 04:29:54,183 TRACE util.FileUtils (LogUtils.java:runAndLog(49)) - Successfully ran Files.createDirectories /home/runner/work/ratis/ratis/ratis-examples/target/test/data/6e6e5023/MiniRaftClusterWithNettya4857fb2/s6/23c8dd0d-429b-40c2-9cad-de92a9858d7e/sm
2024-10-09 04:29:54,184 TRACE util.FileUtils (LogUtils.java:supplyAndLog(69)) - Successfully supplied FileChannel.open /home/runner/work/ratis/ratis/ratis-examples/target/test/data/6e6e5023/MiniRaftClusterWithNettya4857fb2/s6/23c8dd0d-429b-40c2-9cad-de92a9858d7e/current/raft-meta.tmp with options [CREATE, WRITE]: sun.nio.ch.FileChannelImpl@1dcba0ec
2024-10-09 04:29:54,184 TRACE util.FileUtils (LogUtils.java:runAndLog(49)) - Successfully ran Atomic Files.move /home/runner/work/ratis/ratis/ratis-examples/target/test/data/6e6e5023/MiniRaftClusterWithNettya4857fb2/s6/23c8dd0d-429b-40c2-9cad-de92a9858d7e/current/raft-meta.tmp to /home/runner/work/ratis/ratis/ratis-examples/target/test/data/6e6e5023/MiniRaftClusterWithNettya4857fb2/s6/23c8dd0d-429b-40c2-9cad-de92a9858d7e/current/raft-meta with options [REPLACE_EXISTING]
2024-10-09 04:29:54,184 INFO  storage.RaftStorage (RaftStorageImpl.java:format(98)) - Storage directory /home/runner/work/ratis/ratis/ratis-examples/target/test/data/6e6e5023/MiniRaftClusterWithNettya4857fb2/s6/23c8dd0d-429b-40c2-9cad-de92a9858d7e has been successfully formatted.
2024-10-09 04:29:54,184 WARN  statemachine.StateMachine (ArithmeticStateMachine.java:loadSnapshot(115)) - The snapshot info is null.
2024-10-09 04:29:54,185 INFO  server.RaftServerConfigKeys (ConfUtils.java:logGet(46)) - raft.server.log.use.memory = false (default)
2024-10-09 04:29:54,185 INFO  server.RaftServerConfigKeys (ConfUtils.java:logGet(46)) - raft.server.log.purge.gap = 1024 (default)
2024-10-09 04:29:54,185 INFO  server.RaftServerConfigKeys (ConfUtils.java:logGet(46)) - raft.server.log.appender.buffer.byte-limit = 4MB (=4194304) (default)
2024-10-09 04:29:54,185 INFO  server.RaftServerConfigKeys (ConfUtils.java:logGet(46)) - raft.server.log.statemachine.data.read.timeout = 1000ms (default)
2024-10-09 04:29:54,185 INFO  server.RaftServerConfigKeys (ConfUtils.java:logGet(46)) - raft.server.log.purge.preservation.log.num = 0 (default)
2024-10-09 04:29:54,185 INFO  server.RaftServerConfigKeys (ConfUtils.java:logGet(46)) - raft.server.log.segment.size.max = 32MB (=33554432) (default)
2024-10-09 04:29:54,185 INFO  server.RaftServerConfigKeys (ConfUtils.java:logGet(46)) - raft.server.log.segment.cache.num.max = 6 (default)
2024-10-09 04:29:54,185 INFO  server.RaftServerConfigKeys (ConfUtils.java:logGet(46)) - raft.server.log.segment.cache.size.max = 200MB (=209715200) (default)
2024-10-09 04:29:54,185 INFO  server.RaftServerConfigKeys (ConfUtils.java:logGet(46)) - raft.server.log.appender.buffer.byte-limit = 4MB (=4194304) (default)
2024-10-09 04:29:54,185 INFO  util.AwaitToRun (AwaitToRun.java:start(81)) - Thread[s6@group-DE92A9858D7E-cacheEviction-AwaitToRun,5,main] started
2024-10-09 04:29:54,185 INFO  segmented.SegmentedRaftLogWorker (SegmentedRaftLogWorker.java:<init>(187)) - new s6@group-DE92A9858D7E-SegmentedRaftLogWorker for RaftStorageImpl:Storage Directory /home/runner/work/ratis/ratis/ratis-examples/target/test/data/6e6e5023/MiniRaftClusterWithNettya4857fb2/s6/23c8dd0d-429b-40c2-9cad-de92a9858d7e
2024-10-09 04:29:54,185 INFO  server.RaftServerConfigKeys (ConfUtils.java:logGet(46)) - raft.server.log.queue.byte-limit = 64MB (=67108864) (default)
2024-10-09 04:29:54,185 INFO  server.RaftServerConfigKeys (ConfUtils.java:logGet(46)) - raft.server.log.queue.element-limit = 4096 (default)
2024-10-09 04:29:54,185 INFO  server.RaftServerConfigKeys (ConfUtils.java:logGet(46)) - raft.server.log.segment.size.max = 32MB (=33554432) (default)
2024-10-09 04:29:54,186 INFO  server.RaftServerConfigKeys (ConfUtils.java:logGet(46)) - raft.server.log.preallocated.size = 4MB (=4194304) (default)
2024-10-09 04:29:54,186 INFO  server.RaftServerConfigKeys (ConfUtils.java:logGet(46)) - raft.server.log.force.sync.num = 128 (default)
2024-10-09 04:29:54,186 INFO  server.RaftServerConfigKeys (ConfUtils.java:logGet(46)) - raft.server.log.statemachine.data.sync = true (default)
2024-10-09 04:29:54,186 INFO  server.RaftServerConfigKeys (ConfUtils.java:logGet(46)) - raft.server.log.statemachine.data.sync.timeout = 10s (default)
2024-10-09 04:29:54,186 INFO  server.RaftServerConfigKeys (ConfUtils.java:logGet(46)) - raft.server.log.statemachine.data.sync.timeout.retry = -1 (default)
2024-10-09 04:29:54,186 INFO  server.RaftServerConfigKeys (ConfUtils.java:logGet(46)) - raft.server.log.write.buffer.size = 8MB (=8388608) (default)
2024-10-09 04:29:54,187 INFO  server.RaftServerConfigKeys (ConfUtils.java:logGet(46)) - raft.server.log.appender.buffer.byte-limit = 4MB (=4194304) (default)
2024-10-09 04:29:54,187 INFO  server.RaftServerConfigKeys (ConfUtils.java:logGet(46)) - raft.server.log.unsafe-flush.enabled = false (default)
2024-10-09 04:29:54,187 INFO  server.RaftServerConfigKeys (ConfUtils.java:logGet(46)) - raft.server.log.async-flush.enabled = false (default)
2024-10-09 04:29:54,187 INFO  server.RaftServerConfigKeys (ConfUtils.java:logGet(46)) - raft.server.log.statemachine.data.caching.enabled = false (default)
2024-10-09 04:29:54,187 INFO  segmented.SegmentedRaftLogWorker (SegmentedRaftLogWorker.java:lambda$new$0(138)) - s6@group-DE92A9858D7E-SegmentedRaftLogWorker: flushIndex: setUnconditionally 0 -> -1
2024-10-09 04:29:54,187 INFO  segmented.SegmentedRaftLogWorker (SegmentedRaftLogWorker.java:lambda$new$0(138)) - s6@group-DE92A9858D7E-SegmentedRaftLogWorker: safeCacheEvictIndex: setUnconditionally 0 -> -1
2024-10-09 04:29:54,188 INFO  server.RaftServer$Division (RaftServerImpl.java:start(392)) - s6@group-DE92A9858D7E: start as a follower, conf=conf: {index: -1, cur=peers:[s4|0.0.0.0:15019, s5|0.0.0.0:15020, s6|0.0.0.0:15021]|listeners:[], old=null}
2024-10-09 04:29:54,188 INFO  server.RaftServer$Division (RaftServerImpl.java:setRole(379)) - s6@group-DE92A9858D7E: changes role from      null to FOLLOWER at term 0 for startAsFollower
2024-10-09 04:29:54,188 INFO  impl.RoleInfo (RoleInfo.java:updateAndGet(148)) - s6: start s6@group-DE92A9858D7E-FollowerState
2024-10-09 04:29:54,188 INFO  util.JmxRegister (JmxRegister.java:tryRegister(44)) - Successfully registered JMX Bean with object name Ratis:service=RaftServer,group=group-DE92A9858D7E,id=s6
2024-10-09 04:29:54,188 INFO  server.RaftServerConfigKeys (ConfUtils.java:logFallback(53)) - raft.server.rpc.first-election.timeout.min = 300ms (fallback to raft.server.rpc.timeout.min)
2024-10-09 04:29:54,188 INFO  util.JmxRegister (JmxRegister.java:register(58)) - register mxBean class org.apache.ratis.server.impl.RaftServerJmxAdapter as Ratis:service=RaftServer,group=group-DE92A9858D7E,id=s6
2024-10-09 04:29:54,188 INFO  server.RaftServerConfigKeys (ConfUtils.java:logFallback(53)) - raft.server.rpc.first-election.timeout.max = 600ms (fallback to raft.server.rpc.timeout.max)
2024-10-09 04:29:54,188 INFO  server.RaftServerConfigKeys (ConfUtils.java:logGet(46)) - raft.server.snapshot.trigger-when-stop.enabled = true (default)
2024-10-09 04:29:54,188 INFO  server.RaftServerConfigKeys (ConfUtils.java:logGet(46)) - raft.server.snapshot.trigger-when-remove.enabled = true (default)
2024-10-09 04:29:54,188 INFO  server.RaftServerConfigKeys (ConfUtils.java:logGet(46)) - raft.server.snapshot.auto.trigger.enabled = false (default)
2024-10-09 04:29:54,188 INFO  server.RaftServerConfigKeys (ConfUtils.java:logGet(46)) - raft.server.snapshot.retention.file.num = -1 (default)
2024-10-09 04:29:54,188 INFO  server.RaftServerConfigKeys (ConfUtils.java:logGet(46)) - raft.server.log.purge.upto.snapshot.index = false (default)
2024-10-09 04:29:54,191 INFO  server.RaftServerConfigKeys (ConfUtils.java:logGet(46)) - raft.server.rpc.timeout.max = 600ms (custom)
2024-10-09 04:29:54,191 INFO  ratis.RaftTestUtil (RaftTestUtil.java:waitForLeader(107)) - printing group-DE92A9858D7E
  s4:  RUNNING [
   FOLLOWER s4@group-DA40570646C7:t0, leader=null, voted=, raftlog=Memoized:s4@group-DA40570646C7-SegmentedRaftLog:OPENED:c-1:lastnull, conf=conf: {index: -1, cur=peers:[]|listeners:[], old=null} STARTING
   FOLLOWER s4@group-DE92A9858D7E:t0, leader=null, voted=, raftlog=Memoized:s4@group-DE92A9858D7E-SegmentedRaftLog:OPENED:c-1:lastnull, conf=conf: {index: -1, cur=peers:[s4|0.0.0.0:15019, s5|0.0.0.0:15020, s6|0.0.0.0:15021]|listeners:[], old=null} RUNNING] size=2
  s5:  RUNNING [
   FOLLOWER s5@group-DA40570646C7:t0, leader=null, voted=, raftlog=Memoized:s5@group-DA40570646C7-SegmentedRaftLog:OPENED:c-1:lastnull, conf=conf: {index: -1, cur=peers:[]|listeners:[], old=null} STARTING
   FOLLOWER s5@group-DE92A9858D7E:t0, leader=null, voted=, raftlog=Memoized:s5@group-DE92A9858D7E-SegmentedRaftLog:OPENED:c-1:lastnull, conf=conf: {index: -1, cur=peers:[s4|0.0.0.0:15019, s5|0.0.0.0:15020, s6|0.0.0.0:15021]|listeners:[], old=null} RUNNING] size=2
  s6:  RUNNING [
   FOLLOWER s6@group-DA40570646C7:t0, leader=null, voted=, raftlog=Memoized:s6@group-DA40570646C7-SegmentedRaftLog:OPENED:c-1:lastnull, conf=conf: {index: -1, cur=peers:[]|listeners:[], old=null} STARTING
   FOLLOWER s6@group-DE92A9858D7E:t0, leader=null, voted=, raftlog=Memoized:s6@group-DE92A9858D7E-SegmentedRaftLog:OPENED:c-1:lastnull, conf=conf: {index: -1, cur=peers:[s4|0.0.0.0:15019, s5|0.0.0.0:15020, s6|0.0.0.0:15021]|listeners:[], old=null} RUNNING] size=2
2024-10-09 04:29:54,191 WARN  ratis.RaftTestUtil (RaftTestUtil.java:lambda$waitForLeader$3(126)) - Attempt #1 failed: java.lang.IllegalStateException: No leader yet  for group-DE92A9858D7E: printing group-DE92A9858D7E
  s4:  RUNNING [
   FOLLOWER s4@group-DA40570646C7:t0, leader=null, voted=, raftlog=Memoized:s4@group-DA40570646C7-SegmentedRaftLog:OPENED:c-1:lastnull, conf=conf: {index: -1, cur=peers:[]|listeners:[], old=null} STARTING
   FOLLOWER s4@group-DE92A9858D7E:t0, leader=null, voted=, raftlog=Memoized:s4@group-DE92A9858D7E-SegmentedRaftLog:OPENED:c-1:lastnull, conf=conf: {index: -1, cur=peers:[s4|0.0.0.0:15019, s5|0.0.0.0:15020, s6|0.0.0.0:15021]|listeners:[], old=null} RUNNING] size=2
  s5:  RUNNING [
   FOLLOWER s5@group-DA40570646C7:t0, leader=null, voted=, raftlog=Memoized:s5@group-DA40570646C7-SegmentedRaftLog:OPENED:c-1:lastnull, conf=conf: {index: -1, cur=peers:[]|listeners:[], old=null} STARTING
   FOLLOWER s5@group-DE92A9858D7E:t0, leader=null, voted=, raftlog=Memoized:s5@group-DE92A9858D7E-SegmentedRaftLog:OPENED:c-1:lastnull, conf=conf: {index: -1, cur=peers:[s4|0.0.0.0:15019, s5|0.0.0.0:15020, s6|0.0.0.0:15021]|listeners:[], old=null} RUNNING] size=2
  s6:  RUNNING [
   FOLLOWER s6@group-DA40570646C7:t0, leader=null, voted=, raftlog=Memoized:s6@group-DA40570646C7-SegmentedRaftLog:OPENED:c-1:lastnull, conf=conf: {index: -1, cur=peers:[]|listeners:[], old=null} STARTING
   FOLLOWER s6@group-DE92A9858D7E:t0, leader=null, voted=, raftlog=Memoized:s6@group-DE92A9858D7E-SegmentedRaftLog:OPENED:c-1:lastnull, conf=conf: {index: -1, cur=peers:[s4|0.0.0.0:15019, s5|0.0.0.0:15020, s6|0.0.0.0:15021]|listeners:[], old=null} RUNNING] size=2
2024-10-09 04:29:54,497 INFO  impl.FollowerState (FollowerState.java:runImpl(156)) - s6@group-DE92A9858D7E-FollowerState: change to CANDIDATE, lastRpcElapsedTime:309479527ns, electionTimeout:309ms
2024-10-09 04:29:54,497 INFO  impl.RoleInfo (RoleInfo.java:shutdownFollowerState(121)) - s6: shutdown s6@group-DE92A9858D7E-FollowerState
2024-10-09 04:29:54,497 INFO  server.RaftServer$Division (RaftServerImpl.java:setRole(379)) - s6@group-DE92A9858D7E: changes role from  FOLLOWER to CANDIDATE at term 0 for changeToCandidate
2024-10-09 04:29:54,497 INFO  server.RaftServerConfigKeys (ConfUtils.java:logGet(46)) - raft.server.leaderelection.pre-vote = true (default)
2024-10-09 04:29:54,497 INFO  impl.RoleInfo (RoleInfo.java:updateAndGet(148)) - s6: start s6@group-DE92A9858D7E-LeaderElection26
2024-10-09 04:29:54,498 INFO  impl.LeaderElection (LeaderElection.java:askForVotes(337)) - s6@group-DE92A9858D7E-LeaderElection26 PRE_VOTE round 0: submit vote requests at term 0 for conf: {index: -1, cur=peers:[s4|0.0.0.0:15019, s5|0.0.0.0:15020, s6|0.0.0.0:15021]|listeners:[], old=null}
2024-10-09 04:29:54,498 INFO  server.RaftServerConfigKeys (ConfUtils.java:logFallback(53)) - raft.server.rpc.first-election.timeout.min = 300ms (fallback to raft.server.rpc.timeout.min)
2024-10-09 04:29:54,498 INFO  server.RaftServerConfigKeys (ConfUtils.java:logFallback(53)) - raft.server.rpc.first-election.timeout.max = 600ms (fallback to raft.server.rpc.timeout.max)
2024-10-09 04:29:54,507 INFO  logging.LoggingHandler (AbstractInternalLogger.java:log(148)) - [id: 0xb4864f75, L:/0.0.0.0:15020] READ: [id: 0xbc2ab381, L:/127.0.0.1:15020 - R:/127.0.0.1:48870]
2024-10-09 04:29:54,507 INFO  logging.LoggingHandler (AbstractInternalLogger.java:log(148)) - [id: 0xb86f85a1, L:/0.0.0.0:15019] READ: [id: 0x7ba133c5, L:/127.0.0.1:15019 - R:/127.0.0.1:58392]
2024-10-09 04:29:54,507 INFO  logging.LoggingHandler (AbstractInternalLogger.java:log(148)) - [id: 0xb4864f75, L:/0.0.0.0:15020] READ COMPLETE
2024-10-09 04:29:54,509 INFO  server.RaftServer$Division (RaftServerImpl.java:requestVote(1443)) - s5@group-DE92A9858D7E: receive requestVote(PRE_VOTE, s6, group-DE92A9858D7E, 0, (t:0, i:0))
2024-10-09 04:29:54,509 INFO  impl.VoteContext (VoteContext.java:log(49)) - s5@group-DE92A9858D7E-FOLLOWER: accept PRE_VOTE from s6: our priority 0 <= candidate's priority 0
2024-10-09 04:29:54,509 INFO  server.RaftServer$Division (RaftServerImpl.java:requestVote(1476)) - s5@group-DE92A9858D7E replies to PRE_VOTE vote request: s6<-s5#0:OK-t0. Peer's state: s5@group-DE92A9858D7E:t0, leader=null, voted=, raftlog=Memoized:s5@group-DE92A9858D7E-SegmentedRaftLog:OPENED:c-1:lastnull, conf=conf: {index: -1, cur=peers:[s4|0.0.0.0:15019, s5|0.0.0.0:15020, s6|0.0.0.0:15021]|listeners:[], old=null}
2024-10-09 04:29:54,510 INFO  logging.LoggingHandler (AbstractInternalLogger.java:log(148)) - [id: 0xb86f85a1, L:/0.0.0.0:15019] READ COMPLETE
2024-10-09 04:29:54,510 INFO  impl.LeaderElection (LeaderElection.java:logAndReturn(90)) - s6@group-DE92A9858D7E-LeaderElection26: PRE_VOTE PASSED received 1 response(s) and 0 exception(s):
2024-10-09 04:29:54,510 INFO  impl.LeaderElection (LeaderElection.java:logAndReturn(94)) -   Response 0: s6<-s5#0:OK-t0
2024-10-09 04:29:54,510 INFO  impl.LeaderElection (LeaderElection.java:askForVotes(339)) - s6@group-DE92A9858D7E-LeaderElection26 PRE_VOTE round 0: result PASSED
2024-10-09 04:29:54,510 TRACE util.FileUtils (LogUtils.java:supplyAndLog(69)) - Successfully supplied FileChannel.open /home/runner/work/ratis/ratis/ratis-examples/target/test/data/6e6e5023/MiniRaftClusterWithNettya4857fb2/s6/23c8dd0d-429b-40c2-9cad-de92a9858d7e/current/raft-meta.tmp with options [CREATE, WRITE]: sun.nio.ch.FileChannelImpl@1ec361f3
2024-10-09 04:29:54,511 INFO  server.RaftServerConfigKeys (ConfUtils.java:logFallback(53)) - raft.server.rpc.first-election.timeout.min = 300ms (fallback to raft.server.rpc.timeout.min)
2024-10-09 04:29:54,511 INFO  server.RaftServerConfigKeys (ConfUtils.java:logFallback(53)) - raft.server.rpc.first-election.timeout.max = 600ms (fallback to raft.server.rpc.timeout.max)
2024-10-09 04:29:54,512 INFO  server.RaftServer$Division (RaftServerImpl.java:requestVote(1443)) - s4@group-DE92A9858D7E: receive requestVote(PRE_VOTE, s6, group-DE92A9858D7E, 0, (t:0, i:0))
2024-10-09 04:29:54,512 INFO  impl.VoteContext (VoteContext.java:log(49)) - s4@group-DE92A9858D7E-FOLLOWER: accept PRE_VOTE from s6: our priority 0 <= candidate's priority 0
2024-10-09 04:29:54,512 INFO  server.RaftServer$Division (RaftServerImpl.java:requestVote(1476)) - s4@group-DE92A9858D7E replies to PRE_VOTE vote request: s6<-s4#0:OK-t0. Peer's state: s4@group-DE92A9858D7E:t0, leader=null, voted=, raftlog=Memoized:s4@group-DE92A9858D7E-SegmentedRaftLog:OPENED:c-1:lastnull, conf=conf: {index: -1, cur=peers:[s4|0.0.0.0:15019, s5|0.0.0.0:15020, s6|0.0.0.0:15021]|listeners:[], old=null}
2024-10-09 04:29:54,512 TRACE util.FileUtils (LogUtils.java:runAndLog(49)) - Successfully ran Atomic Files.move /home/runner/work/ratis/ratis/ratis-examples/target/test/data/6e6e5023/MiniRaftClusterWithNettya4857fb2/s6/23c8dd0d-429b-40c2-9cad-de92a9858d7e/current/raft-meta.tmp to /home/runner/work/ratis/ratis/ratis-examples/target/test/data/6e6e5023/MiniRaftClusterWithNettya4857fb2/s6/23c8dd0d-429b-40c2-9cad-de92a9858d7e/current/raft-meta with options [REPLACE_EXISTING]
2024-10-09 04:29:54,512 INFO  impl.LeaderElection (LeaderElection.java:askForVotes(337)) - s6@group-DE92A9858D7E-LeaderElection26 ELECTION round 0: submit vote requests at term 1 for conf: {index: -1, cur=peers:[s4|0.0.0.0:15019, s5|0.0.0.0:15020, s6|0.0.0.0:15021]|listeners:[], old=null}
2024-10-09 04:29:54,513 INFO  server.RaftServerConfigKeys (ConfUtils.java:logFallback(53)) - raft.server.rpc.first-election.timeout.min = 300ms (fallback to raft.server.rpc.timeout.min)
2024-10-09 04:29:54,513 INFO  server.RaftServerConfigKeys (ConfUtils.java:logFallback(53)) - raft.server.rpc.first-election.timeout.max = 600ms (fallback to raft.server.rpc.timeout.max)
2024-10-09 04:29:54,513 INFO  server.RaftServer$Division (RaftServerImpl.java:requestVote(1443)) - s5@group-DE92A9858D7E: receive requestVote(ELECTION, s6, group-DE92A9858D7E, 1, (t:0, i:0))
2024-10-09 04:29:54,513 INFO  server.RaftServer$Division (RaftServerImpl.java:requestVote(1443)) - s4@group-DE92A9858D7E: receive requestVote(ELECTION, s6, group-DE92A9858D7E, 1, (t:0, i:0))
2024-10-09 04:29:54,514 INFO  impl.VoteContext (VoteContext.java:log(49)) - s5@group-DE92A9858D7E-FOLLOWER: accept ELECTION from s6: our priority 0 <= candidate's priority 0
2024-10-09 04:29:54,514 INFO  server.RaftServer$Division (RaftServerImpl.java:setRole(379)) - s5@group-DE92A9858D7E: changes role from  FOLLOWER to FOLLOWER at term 0 for candidate:s6
2024-10-09 04:29:54,514 INFO  impl.RoleInfo (RoleInfo.java:shutdownFollowerState(121)) - s5: shutdown s5@group-DE92A9858D7E-FollowerState
2024-10-09 04:29:54,514 INFO  impl.RoleInfo (RoleInfo.java:updateAndGet(148)) - s5: start s5@group-DE92A9858D7E-FollowerState
2024-10-09 04:29:54,514 INFO  impl.VoteContext (VoteContext.java:log(49)) - s4@group-DE92A9858D7E-FOLLOWER: accept ELECTION from s6: our priority 0 <= candidate's priority 0
2024-10-09 04:29:54,514 INFO  server.RaftServer$Division (RaftServerImpl.java:setRole(379)) - s4@group-DE92A9858D7E: changes role from  FOLLOWER to FOLLOWER at term 0 for candidate:s6
2024-10-09 04:29:54,514 INFO  impl.RoleInfo (RoleInfo.java:shutdownFollowerState(121)) - s4: shutdown s4@group-DE92A9858D7E-FollowerState
2024-10-09 04:29:54,514 INFO  impl.FollowerState (FollowerState.java:runImpl(165)) - s5@group-DE92A9858D7E-FollowerState was interrupted
2024-10-09 04:29:54,515 INFO  server.RaftServer$Division (RaftServerImpl.java:setFirstElection(560)) - s5@group-DE92A9858D7E: set firstElectionSinceStartup to false for candidate:s6
2024-10-09 04:29:54,515 INFO  impl.RoleInfo (RoleInfo.java:updateAndGet(148)) - s4: start s4@group-DE92A9858D7E-FollowerState
2024-10-09 04:29:54,515 INFO  server.RaftServer$Division (RaftServerImpl.java:setFirstElection(560)) - s4@group-DE92A9858D7E: set firstElectionSinceStartup to false for candidate:s6
2024-10-09 04:29:54,515 TRACE util.FileUtils (LogUtils.java:supplyAndLog(69)) - Successfully supplied FileChannel.open /home/runner/work/ratis/ratis/ratis-examples/target/test/data/6e6e5023/MiniRaftClusterWithNettya4857fb2/s5/23c8dd0d-429b-40c2-9cad-de92a9858d7e/current/raft-meta.tmp with options [CREATE, WRITE]: sun.nio.ch.FileChannelImpl@1868ddc5
2024-10-09 04:29:54,515 INFO  impl.FollowerState (FollowerState.java:runImpl(165)) - s4@group-DE92A9858D7E-FollowerState was interrupted
2024-10-09 04:29:54,515 TRACE util.FileUtils (LogUtils.java:supplyAndLog(69)) - Successfully supplied FileChannel.open /home/runner/work/ratis/ratis/ratis-examples/target/test/data/6e6e5023/MiniRaftClusterWithNettya4857fb2/s4/23c8dd0d-429b-40c2-9cad-de92a9858d7e/current/raft-meta.tmp with options [CREATE, WRITE]: sun.nio.ch.FileChannelImpl@69c49cbc
2024-10-09 04:29:54,516 TRACE util.FileUtils (LogUtils.java:runAndLog(49)) - Successfully ran Atomic Files.move /home/runner/work/ratis/ratis/ratis-examples/target/test/data/6e6e5023/MiniRaftClusterWithNettya4857fb2/s5/23c8dd0d-429b-40c2-9cad-de92a9858d7e/current/raft-meta.tmp to /home/runner/work/ratis/ratis/ratis-examples/target/test/data/6e6e5023/MiniRaftClusterWithNettya4857fb2/s5/23c8dd0d-429b-40c2-9cad-de92a9858d7e/current/raft-meta with options [REPLACE_EXISTING]
2024-10-09 04:29:54,517 INFO  server.RaftServer$Division (RaftServerImpl.java:requestVote(1476)) - s5@group-DE92A9858D7E replies to ELECTION vote request: s6<-s5#0:OK-t1. Peer's state: s5@group-DE92A9858D7E:t1, leader=null, voted=s6, raftlog=Memoized:s5@group-DE92A9858D7E-SegmentedRaftLog:OPENED:c-1:lastnull, conf=conf: {index: -1, cur=peers:[s4|0.0.0.0:15019, s5|0.0.0.0:15020, s6|0.0.0.0:15021]|listeners:[], old=null}
2024-10-09 04:29:54,517 TRACE util.FileUtils (LogUtils.java:runAndLog(49)) - Successfully ran Atomic Files.move /home/runner/work/ratis/ratis/ratis-examples/target/test/data/6e6e5023/MiniRaftClusterWithNettya4857fb2/s4/23c8dd0d-429b-40c2-9cad-de92a9858d7e/current/raft-meta.tmp to /home/runner/work/ratis/ratis/ratis-examples/target/test/data/6e6e5023/MiniRaftClusterWithNettya4857fb2/s4/23c8dd0d-429b-40c2-9cad-de92a9858d7e/current/raft-meta with options [REPLACE_EXISTING]
2024-10-09 04:29:54,517 INFO  server.RaftServer$Division (RaftServerImpl.java:requestVote(1476)) - s4@group-DE92A9858D7E replies to ELECTION vote request: s6<-s4#0:OK-t1. Peer's state: s4@group-DE92A9858D7E:t1, leader=null, voted=s6, raftlog=Memoized:s4@group-DE92A9858D7E-SegmentedRaftLog:OPENED:c-1:lastnull, conf=conf: {index: -1, cur=peers:[s4|0.0.0.0:15019, s5|0.0.0.0:15020, s6|0.0.0.0:15021]|listeners:[], old=null}
2024-10-09 04:29:54,517 INFO  impl.LeaderElection (LeaderElection.java:logAndReturn(90)) - s6@group-DE92A9858D7E-LeaderElection26: ELECTION PASSED received 1 response(s) and 0 exception(s):
2024-10-09 04:29:54,517 INFO  impl.LeaderElection (LeaderElection.java:logAndReturn(94)) -   Response 0: s6<-s5#0:OK-t1
2024-10-09 04:29:54,518 INFO  impl.LeaderElection (LeaderElection.java:askForVotes(339)) - s6@group-DE92A9858D7E-LeaderElection26 ELECTION round 0: result PASSED
2024-10-09 04:29:54,518 INFO  impl.RoleInfo (RoleInfo.java:shutdownLeaderElection(141)) - s6: shutdown s6@group-DE92A9858D7E-LeaderElection26
2024-10-09 04:29:54,518 INFO  server.RaftServer$Division (RaftServerImpl.java:setRole(379)) - s6@group-DE92A9858D7E: changes role from CANDIDATE to LEADER at term 1 for changeToLeader
2024-10-09 04:29:54,518 INFO  server.RaftServerConfigKeys (ConfUtils.java:logGet(46)) - raft.server.staging.catchup.gap = 1000 (default)
2024-10-09 04:29:54,518 INFO  server.RaftServerConfigKeys (ConfUtils.java:logGet(46)) - raft.server.write.element-limit = 4096 (default)
2024-10-09 04:29:54,518 INFO  server.RaftServerConfigKeys (ConfUtils.java:logGet(46)) - raft.server.write.byte-limit = 64MB (=67108864) (default)
2024-10-09 04:29:54,518 INFO  server.RaftServerConfigKeys (ConfUtils.java:logGet(46)) - raft.server.watch.timeout = 10s (default)
2024-10-09 04:29:54,518 INFO  server.RaftServerConfigKeys (ConfUtils.java:logGet(46)) - raft.server.watch.timeout.denomination = 1s (default)
2024-10-09 04:29:54,518 INFO  server.RaftServerConfigKeys (ConfUtils.java:logGet(46)) - raft.server.watch.element-limit = 65536 (default)
2024-10-09 04:29:54,518 INFO  server.RaftServerConfigKeys (ConfUtils.java:logGet(46)) - raft.server.read.leader.lease.enabled = false (default)
2024-10-09 04:29:54,519 INFO  server.RaftServerConfigKeys (ConfUtils.java:logGet(46)) - raft.server.read.leader.lease.timeout.ratio = 0.9 (default)
2024-10-09 04:29:54,519 INFO  server.RaftServerConfigKeys (ConfUtils.java:logGet(46)) - raft.server.rpc.timeout.min = 300ms (custom)
2024-10-09 04:29:54,519 INFO  server.RaftServerConfigKeys (ConfUtils.java:logGet(46)) - raft.server.log.log-metadata.enabled = true (default)
2024-10-09 04:29:54,519 INFO  server.RaftServerConfigKeys (ConfUtils.java:logGet(46)) - raft.server.write.element-limit = 4096 (default)
2024-10-09 04:29:54,519 INFO  server.RaftServerConfigKeys (ConfUtils.java:logGet(46)) - raft.server.write.follower.gap.ratio.max = -1.0 (default)
2024-10-09 04:29:54,519 INFO  server.RaftServerConfigKeys (ConfUtils.java:logGet(46)) - raft.server.log.appender.snapshot.chunk.size.max = 16MB (=16777216) (default)
2024-10-09 04:29:54,519 INFO  server.RaftServerConfigKeys (ConfUtils.java:logGet(46)) - raft.server.log.appender.buffer.byte-limit = 4MB (=4194304) (default)
2024-10-09 04:29:54,519 INFO  server.RaftServerConfigKeys (ConfUtils.java:logGet(46)) - raft.server.log.appender.buffer.element-limit = 0 (default)
2024-10-09 04:29:54,519 INFO  server.RaftServerConfigKeys (ConfUtils.java:logGet(46)) - raft.server.log.appender.wait-time.min = 1ms (default)
2024-10-09 04:29:54,519 INFO  server.RaftServerConfigKeys (ConfUtils.java:logGet(46)) - raft.server.log.appender.snapshot.chunk.size.max = 16MB (=16777216) (default)
2024-10-09 04:29:54,519 INFO  server.RaftServerConfigKeys (ConfUtils.java:logGet(46)) - raft.server.log.appender.buffer.byte-limit = 4MB (=4194304) (default)
2024-10-09 04:29:54,519 INFO  server.RaftServerConfigKeys (ConfUtils.java:logGet(46)) - raft.server.log.appender.buffer.element-limit = 0 (default)
2024-10-09 04:29:54,520 INFO  server.RaftServerConfigKeys (ConfUtils.java:logGet(46)) - raft.server.log.appender.wait-time.min = 1ms (default)
2024-10-09 04:29:54,520 INFO  impl.RoleInfo (RoleInfo.java:updateAndGet(148)) - s6: start s6@group-DE92A9858D7E-LeaderStateImpl
2024-10-09 04:29:54,520 INFO  server.RaftServer$Division (RaftServerImpl.java:setFirstElection(560)) - s6@group-DE92A9858D7E: set firstElectionSinceStartup to false for becomeLeader
2024-10-09 04:29:54,520 INFO  server.RaftServer$Division (ServerState.java:setLeader(272)) - s6@group-DE92A9858D7E: change Leader from null to s6 at term 1 for becomeLeader, leader elected after 338ms
2024-10-09 04:29:54,520 INFO  segmented.SegmentedRaftLogWorker (SegmentedRaftLogWorker.java:startLogSegment(438)) - s6@group-DE92A9858D7E-SegmentedRaftLogWorker: Starting segment from index:0
2024-10-09 04:29:54,520 INFO  server.RaftServer$Division (ServerState.java:setRaftConf(386)) - s6@group-DE92A9858D7E: set configuration conf: {index: 0, cur=peers:[s4|0.0.0.0:15019, s5|0.0.0.0:15020, s6|0.0.0.0:15021]|listeners:[], old=null}
2024-10-09 04:29:54,520 INFO  segmented.BufferedWriteChannel (BufferedWriteChannel.java:open(61)) - open log_inprogress_0 at position 0
2024-10-09 04:29:54,526 INFO  server.RaftServer$Division (ServerState.java:setLeader(272)) - s4@group-DE92A9858D7E: change Leader from null to s6 at term 1 for appendEntries, leader elected after 387ms
2024-10-09 04:29:54,527 INFO  server.RaftServer$Division (ServerState.java:setLeader(272)) - s5@group-DE92A9858D7E: change Leader from null to s6 at term 1 for appendEntries, leader elected after 367ms
2024-10-09 04:29:54,527 DEBUG server.RaftServer$Division (RaftServerImpl.java:logAppendEntries(1545)) - s4@group-DE92A9858D7E: appendEntries* s6->s4#5549-t1,previous=(t:0, i:0),leaderCommit=-1,initializing? false,entries: size=1, first=(t:1, i:0), CONFIGURATIONENTRY(current:id:"s4"address:"0.0.0.0:15019"clientAddress:"0.0.0.0:15019"adminAddress:"0.0.0.0:15019"startupRole:FOLLOWER, id:"s5"address:"0.0.0.0:15020"clientAddress:"0.0.0.0:15020"adminAddress:"0.0.0.0:15020"startupRole:FOLLOWER, id:"s6"address:"0.0.0.0:15021"clientAddress:"0.0.0.0:15021"adminAddress:"0.0.0.0:15021"startupRole:FOLLOWER, old:)
2024-10-09 04:29:54,528 INFO  server.RaftServer$Division (ServerState.java:setRaftConf(386)) - s4@group-DE92A9858D7E: set configuration conf: {index: 0, cur=peers:[s4|0.0.0.0:15019, s5|0.0.0.0:15020, s6|0.0.0.0:15021]|listeners:[], old=null}
2024-10-09 04:29:54,528 INFO  segmented.SegmentedRaftLogWorker (SegmentedRaftLogWorker.java:startLogSegment(438)) - s4@group-DE92A9858D7E-SegmentedRaftLogWorker: Starting segment from index:0
2024-10-09 04:29:54,528 DEBUG server.RaftServer$Division (RaftServerImpl.java:logAppendEntries(1545)) - s5@group-DE92A9858D7E: appendEntries* s6->s5#5550-t1,previous=(t:0, i:0),leaderCommit=-1,initializing? false,entries: size=1, first=(t:1, i:0), CONFIGURATIONENTRY(current:id:"s4"address:"0.0.0.0:15019"clientAddress:"0.0.0.0:15019"adminAddress:"0.0.0.0:15019"startupRole:FOLLOWER, id:"s5"address:"0.0.0.0:15020"clientAddress:"0.0.0.0:15020"adminAddress:"0.0.0.0:15020"startupRole:FOLLOWER, id:"s6"address:"0.0.0.0:15021"clientAddress:"0.0.0.0:15021"adminAddress:"0.0.0.0:15021"startupRole:FOLLOWER, old:)
2024-10-09 04:29:54,528 INFO  segmented.BufferedWriteChannel (BufferedWriteChannel.java:open(61)) - open log_inprogress_0 at position 0
2024-10-09 04:29:54,528 INFO  server.RaftServer$Division (ServerState.java:setRaftConf(386)) - s5@group-DE92A9858D7E: set configuration conf: {index: 0, cur=peers:[s4|0.0.0.0:15019, s5|0.0.0.0:15020, s6|0.0.0.0:15021]|listeners:[], old=null}
2024-10-09 04:29:54,528 INFO  segmented.SegmentedRaftLogWorker (SegmentedRaftLogWorker.java:startLogSegment(438)) - s5@group-DE92A9858D7E-SegmentedRaftLogWorker: Starting segment from index:0
2024-10-09 04:29:54,529 INFO  segmented.BufferedWriteChannel (BufferedWriteChannel.java:open(61)) - open log_inprogress_0 at position 0
2024-10-09 04:29:54,540 INFO  segmented.SegmentedRaftLogWorker (SegmentedRaftLogWorker.java:execute(660)) - s6@group-DE92A9858D7E-SegmentedRaftLogWorker: created new log segment /home/runner/work/ratis/ratis/ratis-examples/target/test/data/6e6e5023/MiniRaftClusterWithNettya4857fb2/s6/23c8dd0d-429b-40c2-9cad-de92a9858d7e/current/log_inprogress_0
2024-10-09 04:29:54,542 INFO  segmented.SegmentedRaftLogWorker (SegmentedRaftLogWorker.java:execute(660)) - s4@group-DE92A9858D7E-SegmentedRaftLogWorker: created new log segment /home/runner/work/ratis/ratis/ratis-examples/target/test/data/6e6e5023/MiniRaftClusterWithNettya4857fb2/s4/23c8dd0d-429b-40c2-9cad-de92a9858d7e/current/log_inprogress_0
2024-10-09 04:29:54,542 INFO  segmented.SegmentedRaftLogWorker (SegmentedRaftLogWorker.java:execute(660)) - s5@group-DE92A9858D7E-SegmentedRaftLogWorker: created new log segment /home/runner/work/ratis/ratis/ratis-examples/target/test/data/6e6e5023/MiniRaftClusterWithNettya4857fb2/s5/23c8dd0d-429b-40c2-9cad-de92a9858d7e/current/log_inprogress_0
2024-10-09 04:29:54,542 DEBUG server.RaftServer$Division (RaftServerImpl.java:logAppendEntries(1545)) - s4@group-DE92A9858D7E: appendEntries* reply s6<-s4#5549:OK-t1,SUCCESS,nextIndex=1,followerCommit=-1,matchIndex=0
2024-10-09 04:29:54,542 DEBUG server.RaftServer$Division (RaftServerImpl.java:logAppendEntries(1545)) - s5@group-DE92A9858D7E: appendEntries* reply s6<-s5#5550:OK-t1,SUCCESS,nextIndex=1,followerCommit=-1,matchIndex=0
2024-10-09 04:29:54,542 TRACE util.FileUtils (LogUtils.java:supplyAndLog(69)) - Successfully supplied FileChannel.open /home/runner/work/ratis/ratis/ratis-examples/target/test/data/6e6e5023/MiniRaftClusterWithNettya4857fb2/s6/23c8dd0d-429b-40c2-9cad-de92a9858d7e/current/raft-meta.conf.tmp with options [CREATE, WRITE]: sun.nio.ch.FileChannelImpl@4e929ee4
2024-10-09 04:29:54,544 TRACE util.FileUtils (LogUtils.java:runAndLog(49)) - Successfully ran Atomic Files.move /home/runner/work/ratis/ratis/ratis-examples/target/test/data/6e6e5023/MiniRaftClusterWithNettya4857fb2/s6/23c8dd0d-429b-40c2-9cad-de92a9858d7e/current/raft-meta.conf.tmp to /home/runner/work/ratis/ratis/ratis-examples/target/test/data/6e6e5023/MiniRaftClusterWithNettya4857fb2/s6/23c8dd0d-429b-40c2-9cad-de92a9858d7e/current/raft-meta.conf with options [REPLACE_EXISTING]
2024-10-09 04:29:54,544 INFO  server.RaftServer$Division (LeaderStateImpl.java:checkStartIndex(314)) - Leader s6@group-DE92A9858D7E-LeaderStateImpl is ready since appliedIndex == startIndex == 0
2024-10-09 04:29:54,693 TRACE util.FileUtils (LogUtils.java:supplyAndLog(69)) - Successfully supplied FileChannel.open /home/runner/work/ratis/ratis/ratis-examples/target/test/data/6e6e5023/MiniRaftClusterWithNettya4857fb2/s4/23c8dd0d-429b-40c2-9cad-de92a9858d7e/current/raft-meta.conf.tmp with options [CREATE, WRITE]: sun.nio.ch.FileChannelImpl@15f995ff
2024-10-09 04:29:54,694 TRACE util.FileUtils (LogUtils.java:supplyAndLog(69)) - Successfully supplied FileChannel.open /home/runner/work/ratis/ratis/ratis-examples/target/test/data/6e6e5023/MiniRaftClusterWithNettya4857fb2/s5/23c8dd0d-429b-40c2-9cad-de92a9858d7e/current/raft-meta.conf.tmp with options [CREATE, WRITE]: sun.nio.ch.FileChannelImpl@7a86b04d
2024-10-09 04:29:54,695 TRACE util.FileUtils (LogUtils.java:runAndLog(49)) - Successfully ran Atomic Files.move /home/runner/work/ratis/ratis/ratis-examples/target/test/data/6e6e5023/MiniRaftClusterWithNettya4857fb2/s4/23c8dd0d-429b-40c2-9cad-de92a9858d7e/current/raft-meta.conf.tmp to /home/runner/work/ratis/ratis/ratis-examples/target/test/data/6e6e5023/MiniRaftClusterWithNettya4857fb2/s4/23c8dd0d-429b-40c2-9cad-de92a9858d7e/current/raft-meta.conf with options [REPLACE_EXISTING]
2024-10-09 04:29:54,695 TRACE util.FileUtils (LogUtils.java:runAndLog(49)) - Successfully ran Atomic Files.move /home/runner/work/ratis/ratis/ratis-examples/target/test/data/6e6e5023/MiniRaftClusterWithNettya4857fb2/s5/23c8dd0d-429b-40c2-9cad-de92a9858d7e/current/raft-meta.conf.tmp to /home/runner/work/ratis/ratis/ratis-examples/target/test/data/6e6e5023/MiniRaftClusterWithNettya4857fb2/s5/23c8dd0d-429b-40c2-9cad-de92a9858d7e/current/raft-meta.conf with options [REPLACE_EXISTING]
2024-10-09 04:29:55,092 INFO  ratis.RaftTestUtil (RaftTestUtil.java:waitForLeader(131)) - printing group-DE92A9858D7E
  s4:  RUNNING [
   FOLLOWER s4@group-DA40570646C7:t0, leader=null, voted=, raftlog=Memoized:s4@group-DA40570646C7-SegmentedRaftLog:OPENED:c-1:lastnull, conf=conf: {index: -1, cur=peers:[]|listeners:[], old=null} STARTING
   FOLLOWER s4@group-DE92A9858D7E:t1, leader=s6, voted=s6, raftlog=Memoized:s4@group-DE92A9858D7E-SegmentedRaftLog:OPENED:c0:last(t:1, i:0), conf=conf: {index: 0, cur=peers:[s4|0.0.0.0:15019, s5|0.0.0.0:15020, s6|0.0.0.0:15021]|listeners:[], old=null} RUNNING] size=2
  s5:  RUNNING [
   FOLLOWER s5@group-DA40570646C7:t0, leader=null, voted=, raftlog=Memoized:s5@group-DA40570646C7-SegmentedRaftLog:OPENED:c-1:lastnull, conf=conf: {index: -1, cur=peers:[]|listeners:[], old=null} STARTING
   FOLLOWER s5@group-DE92A9858D7E:t1, leader=s6, voted=s6, raftlog=Memoized:s5@group-DE92A9858D7E-SegmentedRaftLog:OPENED:c0:last(t:1, i:0), conf=conf: {index: 0, cur=peers:[s4|0.0.0.0:15019, s5|0.0.0.0:15020, s6|0.0.0.0:15021]|listeners:[], old=null} RUNNING] size=2
  s6:  RUNNING [
   FOLLOWER s6@group-DA40570646C7:t0, leader=null, voted=, raftlog=Memoized:s6@group-DA40570646C7-SegmentedRaftLog:OPENED:c-1:lastnull, conf=conf: {index: -1, cur=peers:[]|listeners:[], old=null} STARTING
     LEADER s6@group-DE92A9858D7E:t1, leader=s6, voted=s6, raftlog=Memoized:s6@group-DE92A9858D7E-SegmentedRaftLog:OPENED:c0:last(t:1, i:0), conf=conf: {index: 0, cur=peers:[s4|0.0.0.0:15019, s5|0.0.0.0:15020, s6|0.0.0.0:15021]|listeners:[], old=null} RUNNING] size=2
2024-10-09 04:29:55,092 INFO  netty.NettyUtils (NettyUtils.java:newEventLoopGroup(74)) - Create EpollEventLoopGroup for client-3CEDCB722536; Thread size is 0.
2024-10-09 04:29:55,094 INFO  logging.LoggingHandler (AbstractInternalLogger.java:log(148)) - [id: 0xb86f85a1, L:/0.0.0.0:15019] READ: [id: 0xda5aeb9a, L:/127.0.0.1:15019 - R:/127.0.0.1:58402]
2024-10-09 04:29:55,094 INFO  logging.LoggingHandler (AbstractInternalLogger.java:log(148)) - [id: 0xb86f85a1, L:/0.0.0.0:15019] READ COMPLETE
2024-10-09 04:29:55,094 DEBUG server.RaftServer$Division (RaftServerImpl.java:submitClientRequestAsync(916)) - s4@group-DE92A9858D7E: receive client request(RaftClientRequest:client-3CEDCB722536->s4@group-DE92A9858D7E, cid=5611, seq=null, RW, Message:01016102404f80000000...(size=12))
2024-10-09 04:29:55,196 INFO  logging.LoggingHandler (AbstractInternalLogger.java:log(148)) - [id: 0x7c05a430, L:/0.0.0.0:15021] READ: [id: 0xe7f56173, L:/127.0.0.1:15021 - R:/127.0.0.1:56494]
2024-10-09 04:29:55,197 INFO  logging.LoggingHandler (AbstractInternalLogger.java:log(148)) - [id: 0x7c05a430, L:/0.0.0.0:15021] READ COMPLETE
2024-10-09 04:29:55,197 DEBUG server.RaftServer$Division (RaftServerImpl.java:submitClientRequestAsync(916)) - s6@group-DE92A9858D7E: receive client request(RaftClientRequest:client-3CEDCB722536->s6@group-DE92A9858D7E, cid=5611, seq=null, RW, Message:01016102404f80000000...(size=12))
2024-10-09 04:29:55,197 DEBUG server.RaftServer$Division (LeaderStateImpl.java:addPendingRequest(529)) - s6@group-DE92A9858D7E-LeaderStateImpl: addPendingRequest at RaftClientRequest:client-3CEDCB722536->s6@group-DE92A9858D7E, cid=5611, seq=null, RW, Message:01016102404f80000000...(size=12), entry=(t:1, i:1), STATEMACHINELOGENTRY, WRITE: logData.size=12, stateMachineData.size=0, logEntryProtoSerializedSize=0
2024-10-09 04:29:55,198 DEBUG server.RaftServer$Division (RaftServerImpl.java:logAppendEntries(1545)) - s5@group-DE92A9858D7E: appendEntries* s6->s5#5625-t1,previous=(t:1, i:0),leaderCommit=0,initializing? false,entries: size=1, first=(t:1, i:1), STATEMACHINELOGENTRY, StateMachineLogEntryProto:5611@client-3CEDCB722536
2024-10-09 04:29:55,198 DEBUG server.RaftServer$Division (RaftServerImpl.java:logAppendEntries(1545)) - s4@group-DE92A9858D7E: appendEntries* s6->s4#5624-t1,previous=(t:1, i:0),leaderCommit=0,initializing? false,entries: size=1, first=(t:1, i:1), STATEMACHINELOGENTRY, StateMachineLogEntryProto:5611@client-3CEDCB722536
2024-10-09 04:29:55,198 DEBUG server.RaftServer$Division (RaftServerImpl.java:logAppendEntries(1545)) - s5@group-DE92A9858D7E: appendEntries* reply s6<-s5#5625:OK-t1,SUCCESS,nextIndex=2,followerCommit=0,matchIndex=1
2024-10-09 04:29:55,198 DEBUG server.RaftServer$Division (RaftServerImpl.java:logAppendEntries(1545)) - s4@group-DE92A9858D7E: appendEntries* reply s6<-s4#5624:OK-t1,SUCCESS,nextIndex=2,followerCommit=0,matchIndex=1
2024-10-09 04:29:55,199 INFO  statemachine.StateMachine (ArithmeticStateMachine.java:applyTransaction(181)) - LEADER:s6-1: a = 63 = 63
2024-10-09 04:29:55,199 DEBUG server.RaftServer$Division (RaftServerImpl.java:logAppendEntries(1545)) - s5@group-DE92A9858D7E: appendEntries* s6->s5#5626-t1,previous=(t:1, i:1),leaderCommit=1,initializing? false,entries: size=1, first=(t:1, i:2), METADATAENTRY(c:1)
2024-10-09 04:29:55,199 DEBUG server.RaftServer$Division (RaftServerImpl.java:logAppendEntries(1545)) - s4@group-DE92A9858D7E: appendEntries* s6->s4#5627-t1,previous=(t:1, i:1),leaderCommit=1,initializing? false,entries: size=1, first=(t:1, i:2), METADATAENTRY(c:1)
2024-10-09 04:29:55,200 DEBUG server.RaftServer$Division (RaftServerImpl.java:logAppendEntries(1545)) - s5@group-DE92A9858D7E: appendEntries* reply s6<-s5#5626:OK-t1,SUCCESS,nextIndex=3,followerCommit=1,matchIndex=2
2024-10-09 04:29:55,200 DEBUG server.RaftServer$Division (RaftServerImpl.java:submitClientRequestAsync(916)) - s6@group-DE92A9858D7E: receive client request(RaftClientRequest:client-3CEDCB722536->s6@group-DE92A9858D7E, cid=5628, seq=null, RW, Message:01016202409f00000000...(size=12))
2024-10-09 04:29:55,200 DEBUG server.RaftServer$Division (RaftServerImpl.java:logAppendEntries(1545)) - s4@group-DE92A9858D7E: appendEntries* reply s6<-s4#5627:OK-t1,SUCCESS,nextIndex=3,followerCommit=1,matchIndex=2
2024-10-09 04:29:55,201 DEBUG server.RaftServer$Division (LeaderStateImpl.java:addPendingRequest(529)) - s6@group-DE92A9858D7E-LeaderStateImpl: addPendingRequest at RaftClientRequest:client-3CEDCB722536->s6@group-DE92A9858D7E, cid=5628, seq=null, RW, Message:01016202409f00000000...(size=12), entry=(t:1, i:3), STATEMACHINELOGENTRY, WRITE: logData.size=12, stateMachineData.size=0, logEntryProtoSerializedSize=0
2024-10-09 04:29:55,201 DEBUG server.RaftServer$Division (RaftServerImpl.java:logAppendEntries(1545)) - s4@group-DE92A9858D7E: appendEntries* s6->s4#5629-t1,previous=(t:1, i:2),leaderCommit=1,initializing? false,entries: size=1, first=(t:1, i:3), STATEMACHINELOGENTRY, StateMachineLogEntryProto:5628@client-3CEDCB722536
2024-10-09 04:29:55,201 DEBUG server.RaftServer$Division (RaftServerImpl.java:logAppendEntries(1545)) - s5@group-DE92A9858D7E: appendEntries* s6->s5#5630-t1,previous=(t:1, i:2),leaderCommit=1,initializing? false,entries: size=1, first=(t:1, i:3), STATEMACHINELOGENTRY, StateMachineLogEntryProto:5628@client-3CEDCB722536
2024-10-09 04:29:55,201 DEBUG server.RaftServer$Division (RaftServerImpl.java:logAppendEntries(1545)) - s5@group-DE92A9858D7E: appendEntries* reply s6<-s5#5630:OK-t1,SUCCESS,nextIndex=4,followerCommit=1,matchIndex=3
2024-10-09 04:29:55,201 DEBUG server.RaftServer$Division (RaftServerImpl.java:logAppendEntries(1545)) - s4@group-DE92A9858D7E: appendEntries* reply s6<-s4#5629:OK-t1,SUCCESS,nextIndex=4,followerCommit=1,matchIndex=3
2024-10-09 04:29:55,203 INFO  statemachine.StateMachine (ArithmeticStateMachine.java:applyTransaction(181)) - LEADER:s6-3: b = 1984 = 1984
2024-10-09 04:29:55,203 DEBUG server.RaftServer$Division (RaftServerImpl.java:logAppendEntries(1545)) - s4@group-DE92A9858D7E: appendEntries* s6->s4#5631-t1,previous=(t:1, i:3),leaderCommit=3,initializing? false,entries: size=1, first=(t:1, i:4), METADATAENTRY(c:3)
2024-10-09 04:29:55,203 DEBUG server.RaftServer$Division (RaftServerImpl.java:logAppendEntries(1545)) - s5@group-DE92A9858D7E: appendEntries* s6->s5#5632-t1,previous=(t:1, i:3),leaderCommit=3,initializing? false,entries: size=1, first=(t:1, i:4), METADATAENTRY(c:3)
2024-10-09 04:29:55,204 DEBUG server.RaftServer$Division (RaftServerImpl.java:logAppendEntries(1545)) - s4@group-DE92A9858D7E: appendEntries* reply s6<-s4#5631:OK-t1,SUCCESS,nextIndex=5,followerCommit=3,matchIndex=4
2024-10-09 04:29:55,204 DEBUG server.RaftServer$Division (RaftServerImpl.java:logAppendEntries(1545)) - s5@group-DE92A9858D7E: appendEntries* reply s6<-s5#5632:OK-t1,SUCCESS,nextIndex=5,followerCommit=3,matchIndex=4
2024-10-09 04:29:55,207 DEBUG server.RaftServer$Division (RaftServerImpl.java:submitClientRequestAsync(916)) - s6@group-DE92A9858D7E: receive client request(RaftClientRequest:client-3CEDCB722536->s6@group-DE92A9858D7E, cid=5633, seq=null, RW, Message:01016304010300040201...(size=17))
2024-10-09 04:29:55,207 DEBUG server.RaftServer$Division (LeaderStateImpl.java:addPendingRequest(529)) - s6@group-DE92A9858D7E-LeaderStateImpl: addPendingRequest at RaftClientRequest:client-3CEDCB722536->s6@group-DE92A9858D7E, cid=5633, seq=null, RW, Message:01016304010300040201...(size=17), entry=(t:1, i:5), STATEMACHINELOGENTRY, WRITE: logData.size=17, stateMachineData.size=0, logEntryProtoSerializedSize=0
2024-10-09 04:29:55,207 DEBUG server.RaftServer$Division (RaftServerImpl.java:logAppendEntries(1545)) - s4@group-DE92A9858D7E: appendEntries* s6->s4#5635-t1,previous=(t:1, i:4),leaderCommit=4,initializing? false,entries: size=1, first=(t:1, i:5), STATEMACHINELOGENTRY, StateMachineLogEntryProto:5633@client-3CEDCB722536
2024-10-09 04:29:55,208 DEBUG server.RaftServer$Division (RaftServerImpl.java:logAppendEntries(1545)) - s5@group-DE92A9858D7E: appendEntries* s6->s5#5634-t1,previous=(t:1, i:4),leaderCommit=4,initializing? false,entries: size=1, first=(t:1, i:5), STATEMACHINELOGENTRY, StateMachineLogEntryProto:5633@client-3CEDCB722536
2024-10-09 04:29:55,208 DEBUG server.RaftServer$Division (RaftServerImpl.java:logAppendEntries(1545)) - s4@group-DE92A9858D7E: appendEntries* reply s6<-s4#5635:OK-t1,SUCCESS,nextIndex=6,followerCommit=4,matchIndex=5
2024-10-09 04:29:55,208 INFO  statemachine.StateMachine (ArithmeticStateMachine.java:applyTransaction(181)) - LEADER:s6-5: c = √(a^2 + b^2) = 1985
2024-10-09 04:29:55,208 DEBUG server.RaftServer$Division (RaftServerImpl.java:logAppendEntries(1545)) - s5@group-DE92A9858D7E: appendEntries* reply s6<-s5#5634:OK-t1,SUCCESS,nextIndex=6,followerCommit=4,matchIndex=5
2024-10-09 04:29:55,209 DEBUG server.RaftServer$Division (RaftServerImpl.java:logAppendEntries(1545)) - s4@group-DE92A9858D7E: appendEntries* s6->s4#5636-t1,previous=(t:1, i:5),leaderCommit=5,initializing? false,entries: size=1, first=(t:1, i:6), METADATAENTRY(c:5)
2024-10-09 04:29:55,209 DEBUG server.RaftServer$Division (RaftServerImpl.java:logAppendEntries(1545)) - s5@group-DE92A9858D7E: appendEntries* s6->s5#5637-t1,previous=(t:1, i:5),leaderCommit=5,initializing? false,entries: size=1, first=(t:1, i:6), METADATAENTRY(c:5)
2024-10-09 04:29:55,209 DEBUG server.RaftServer$Division (RaftServerImpl.java:logAppendEntries(1545)) - s4@group-DE92A9858D7E: appendEntries* reply s6<-s4#5636:OK-t1,SUCCESS,nextIndex=7,followerCommit=5,matchIndex=6
2024-10-09 04:29:55,209 DEBUG server.RaftServer$Division (RaftServerImpl.java:submitClientRequestAsync(916)) - s6@group-DE92A9858D7E: receive client request(RaftClientRequest:client-3CEDCB722536->s6@group-DE92A9858D7E, cid=5638, seq=null, RW, Message:01016100)
2024-10-09 04:29:55,209 DEBUG server.RaftServer$Division (LeaderStateImpl.java:addPendingRequest(529)) - s6@group-DE92A9858D7E-LeaderStateImpl: addPendingRequest at RaftClientRequest:client-3CEDCB722536->s6@group-DE92A9858D7E, cid=5638, seq=null, RW, Message:01016100, entry=(t:1, i:7), STATEMACHINELOGENTRY, WRITE: logData.size=4, stateMachineData.size=0, logEntryProtoSerializedSize=0
2024-10-09 04:29:55,209 DEBUG server.RaftServer$Division (RaftServerImpl.java:logAppendEntries(1545)) - s5@group-DE92A9858D7E: appendEntries* reply s6<-s5#5637:OK-t1,SUCCESS,nextIndex=7,followerCommit=5,matchIndex=6
2024-10-09 04:29:55,210 DEBUG server.RaftServer$Division (RaftServerImpl.java:logAppendEntries(1545)) - s4@group-DE92A9858D7E: appendEntries* s6->s4#5639-t1,previous=(t:1, i:6),leaderCommit=6,initializing? false,entries: size=1, first=(t:1, i:7), STATEMACHINELOGENTRY, StateMachineLogEntryProto:5638@client-3CEDCB722536
2024-10-09 04:29:55,210 DEBUG server.RaftServer$Division (RaftServerImpl.java:logAppendEntries(1545)) - s5@group-DE92A9858D7E: appendEntries* s6->s5#5640-t1,previous=(t:1, i:6),leaderCommit=6,initializing? false,entries: size=1, first=(t:1, i:7), STATEMACHINELOGENTRY, StateMachineLogEntryProto:5638@client-3CEDCB722536
2024-10-09 04:29:55,210 DEBUG server.RaftServer$Division (RaftServerImpl.java:logAppendEntries(1545)) - s4@group-DE92A9858D7E: appendEntries* reply s6<-s4#5639:OK-t1,SUCCESS,nextIndex=8,followerCommit=6,matchIndex=7
2024-10-09 04:29:55,210 DEBUG server.RaftServer$Division (RaftServerImpl.java:logAppendEntries(1545)) - s5@group-DE92A9858D7E: appendEntries* reply s6<-s5#5640:OK-t1,SUCCESS,nextIndex=8,followerCommit=6,matchIndex=7
2024-10-09 04:29:55,211 INFO  statemachine.StateMachine (ArithmeticStateMachine.java:applyTransaction(181)) - LEADER:s6-7: a = null = null
2024-10-09 04:29:55,211 DEBUG server.RaftServer$Division (RaftServerImpl.java:logAppendEntries(1545)) - s4@group-DE92A9858D7E: appendEntries* s6->s4#5642-t1,previous=(t:1, i:7),leaderCommit=7,initializing? false,entries: size=1, first=(t:1, i:8), METADATAENTRY(c:7)
2024-10-09 04:29:55,211 DEBUG server.RaftServer$Division (RaftServerImpl.java:logAppendEntries(1545)) - s5@group-DE92A9858D7E: appendEntries* s6->s5#5641-t1,previous=(t:1, i:7),leaderCommit=7,initializing? false,entries: size=1, first=(t:1, i:8), METADATAENTRY(c:7)
2024-10-09 04:29:55,211 DEBUG server.RaftServer$Division (RaftServerImpl.java:submitClientRequestAsync(916)) - s6@group-DE92A9858D7E: receive client request(RaftClientRequest:client-3CEDCB722536->s6@group-DE92A9858D7E, cid=5643, seq=null, RW, Message:01016200)
2024-10-09 04:29:55,212 DEBUG server.RaftServer$Division (LeaderStateImpl.java:addPendingRequest(529)) - s6@group-DE92A9858D7E-LeaderStateImpl: addPendingRequest at RaftClientRequest:client-3CEDCB722536->s6@group-DE92A9858D7E, cid=5643, seq=null, RW, Message:01016200, entry=(t:1, i:9), STATEMACHINELOGENTRY, WRITE: logData.size=4, stateMachineData.size=0, logEntryProtoSerializedSize=0
2024-10-09 04:29:55,212 DEBUG server.RaftServer$Division (RaftServerImpl.java:logAppendEntries(1545)) - s4@group-DE92A9858D7E: appendEntries* reply s6<-s4#5642:OK-t1,SUCCESS,nextIndex=9,followerCommit=7,matchIndex=8
2024-10-09 04:29:55,212 DEBUG server.RaftServer$Division (RaftServerImpl.java:logAppendEntries(1545)) - s5@group-DE92A9858D7E: appendEntries* reply s6<-s5#5641:OK-t1,SUCCESS,nextIndex=9,followerCommit=7,matchIndex=8
2024-10-09 04:29:55,212 DEBUG server.RaftServer$Division (RaftServerImpl.java:logAppendEntries(1545)) - s4@group-DE92A9858D7E: appendEntries* s6->s4#5644-t1,previous=(t:1, i:8),leaderCommit=8,initializing? false,entries: size=1, first=(t:1, i:9), STATEMACHINELOGENTRY, StateMachineLogEntryProto:5643@client-3CEDCB722536
2024-10-09 04:29:55,212 DEBUG server.RaftServer$Division (RaftServerImpl.java:logAppendEntries(1545)) - s5@group-DE92A9858D7E: appendEntries* s6->s5#5645-t1,previous=(t:1, i:8),leaderCommit=8,initializing? false,entries: size=1, first=(t:1, i:9), STATEMACHINELOGENTRY, StateMachineLogEntryProto:5643@client-3CEDCB722536
2024-10-09 04:29:55,212 DEBUG server.RaftServer$Division (RaftServerImpl.java:logAppendEntries(1545)) - s4@group-DE92A9858D7E: appendEntries* reply s6<-s4#5644:OK-t1,SUCCESS,nextIndex=10,followerCommit=8,matchIndex=9
2024-10-09 04:29:55,213 DEBUG server.RaftServer$Division (RaftServerImpl.java:logAppendEntries(1545)) - s5@group-DE92A9858D7E: appendEntries* reply s6<-s5#5645:OK-t1,SUCCESS,nextIndex=10,followerCommit=8,matchIndex=9
2024-10-09 04:29:55,213 INFO  statemachine.StateMachine (ArithmeticStateMachine.java:applyTransaction(181)) - LEADER:s6-9: b = null = null
2024-10-09 04:29:55,213 DEBUG server.RaftServer$Division (RaftServerImpl.java:logAppendEntries(1545)) - s4@group-DE92A9858D7E: appendEntries* s6->s4#5646-t1,previous=(t:1, i:9),leaderCommit=9,initializing? false,entries: size=1, first=(t:1, i:10), METADATAENTRY(c:9)
2024-10-09 04:29:55,213 DEBUG server.RaftServer$Division (RaftServerImpl.java:logAppendEntries(1545)) - s5@group-DE92A9858D7E: appendEntries* s6->s5#5647-t1,previous=(t:1, i:9),leaderCommit=9,initializing? false,entries: size=1, first=(t:1, i:10), METADATAENTRY(c:9)
2024-10-09 04:29:55,213 DEBUG server.RaftServer$Division (RaftServerImpl.java:logAppendEntries(1545)) - s4@group-DE92A9858D7E: appendEntries* reply s6<-s4#5646:OK-t1,SUCCESS,nextIndex=11,followerCommit=9,matchIndex=10
2024-10-09 04:29:55,213 DEBUG server.RaftServer$Division (RaftServerImpl.java:logAppendEntries(1545)) - s5@group-DE92A9858D7E: appendEntries* reply s6<-s5#5647:OK-t1,SUCCESS,nextIndex=11,followerCommit=9,matchIndex=10
2024-10-09 04:29:55,214 DEBUG server.RaftServer$Division (RaftServerImpl.java:submitClientRequestAsync(916)) - s6@group-DE92A9858D7E: receive client request(RaftClientRequest:client-3CEDCB722536->s6@group-DE92A9858D7E, cid=5648, seq=null, RW, Message:01016300)
2024-10-09 04:29:55,214 DEBUG server.RaftServer$Division (LeaderStateImpl.java:addPendingRequest(529)) - s6@group-DE92A9858D7E-LeaderStateImpl: addPendingRequest at RaftClientRequest:client-3CEDCB722536->s6@group-DE92A9858D7E, cid=5648, seq=null, RW, Message:01016300, entry=(t:1, i:11), STATEMACHINELOGENTRY, WRITE: logData.size=4, stateMachineData.size=0, logEntryProtoSerializedSize=0
2024-10-09 04:29:55,214 DEBUG server.RaftServer$Division (RaftServerImpl.java:logAppendEntries(1545)) - s5@group-DE92A9858D7E: appendEntries* s6->s5#5649-t1,previous=(t:1, i:10),leaderCommit=10,initializing? false,entries: size=1, first=(t:1, i:11), STATEMACHINELOGENTRY, StateMachineLogEntryProto:5648@client-3CEDCB722536
2024-10-09 04:29:55,214 DEBUG server.RaftServer$Division (RaftServerImpl.java:logAppendEntries(1545)) - s4@group-DE92A9858D7E: appendEntries* s6->s4#5650-t1,previous=(t:1, i:10),leaderCommit=10,initializing? false,entries: size=1, first=(t:1, i:11), STATEMACHINELOGENTRY, StateMachineLogEntryProto:5648@client-3CEDCB722536
2024-10-09 04:29:55,215 DEBUG server.RaftServer$Division (RaftServerImpl.java:logAppendEntries(1545)) - s4@group-DE92A9858D7E: appendEntries* reply s6<-s4#5650:OK-t1,SUCCESS,nextIndex=12,followerCommit=10,matchIndex=11
2024-10-09 04:29:55,215 DEBUG server.RaftServer$Division (RaftServerImpl.java:logAppendEntries(1545)) - s5@group-DE92A9858D7E: appendEntries* reply s6<-s5#5649:OK-t1,SUCCESS,nextIndex=12,followerCommit=10,matchIndex=11
2024-10-09 04:29:55,215 INFO  statemachine.StateMachine (ArithmeticStateMachine.java:applyTransaction(181)) - LEADER:s6-11: c = null = null
2024-10-09 04:29:55,215 DEBUG server.RaftServer$Division (RaftServerImpl.java:logAppendEntries(1545)) - s4@group-DE92A9858D7E: appendEntries* s6->s4#5651-t1,previous=(t:1, i:11),leaderCommit=11,initializing? false,entries: size=1, first=(t:1, i:12), METADATAENTRY(c:11)
2024-10-09 04:29:55,215 DEBUG server.RaftServer$Division (RaftServerImpl.java:logAppendEntries(1545)) - s5@group-DE92A9858D7E: appendEntries* s6->s5#5652-t1,previous=(t:1, i:11),leaderCommit=11,initializing? false,entries: size=1, first=(t:1, i:12), METADATAENTRY(c:11)
2024-10-09 04:29:55,216 DEBUG server.RaftServer$Division (RaftServerImpl.java:submitClientRequestAsync(916)) - s6@group-DE92A9858D7E: receive client request(RaftClientRequest:client-3CEDCB722536->s6@group-DE92A9858D7E, cid=5653, seq=null, RW, Message:01016102405040000000...(size=12))
2024-10-09 04:29:55,216 DEBUG server.RaftServer$Division (RaftServerImpl.java:logAppendEntries(1545)) - s5@group-DE92A9858D7E: appendEntries* reply s6<-s5#5652:OK-t1,SUCCESS,nextIndex=13,followerCommit=11,matchIndex=12
2024-10-09 04:29:55,216 DEBUG server.RaftServer$Division (RaftServerImpl.java:logAppendEntries(1545)) - s4@group-DE92A9858D7E: appendEntries* reply s6<-s4#5651:OK-t1,SUCCESS,nextIndex=13,followerCommit=11,matchIndex=12
2024-10-09 04:29:55,216 DEBUG server.RaftServer$Division (LeaderStateImpl.java:addPendingRequest(529)) - s6@group-DE92A9858D7E-LeaderStateImpl: addPendingRequest at RaftClientRequest:client-3CEDCB722536->s6@group-DE92A9858D7E, cid=5653, seq=null, RW, Message:01016102405040000000...(size=12), entry=(t:1, i:13), STATEMACHINELOGENTRY, WRITE: logData.size=12, stateMachineData.size=0, logEntryProtoSerializedSize=0
2024-10-09 04:29:55,216 DEBUG server.RaftServer$Division (RaftServerImpl.java:logAppendEntries(1545)) - s4@group-DE92A9858D7E: appendEntries* s6->s4#5654-t1,previous=(t:1, i:12),leaderCommit=12,initializing? false,entries: size=1, first=(t:1, i:13), STATEMACHINELOGENTRY, StateMachineLogEntryProto:5653@client-3CEDCB722536
2024-10-09 04:29:55,216 DEBUG server.RaftServer$Division (RaftServerImpl.java:logAppendEntries(1545)) - s5@group-DE92A9858D7E: appendEntries* s6->s5#5655-t1,previous=(t:1, i:12),leaderCommit=12,initializing? false,entries: size=1, first=(t:1, i:13), STATEMACHINELOGENTRY, StateMachineLogEntryProto:5653@client-3CEDCB722536
2024-10-09 04:29:55,217 DEBUG server.RaftServer$Division (RaftServerImpl.java:logAppendEntries(1545)) - s4@group-DE92A9858D7E: appendEntries* reply s6<-s4#5654:OK-t1,SUCCESS,nextIndex=14,followerCommit=12,matchIndex=13
2024-10-09 04:29:55,217 DEBUG server.RaftServer$Division (RaftServerImpl.java:logAppendEntries(1545)) - s5@group-DE92A9858D7E: appendEntries* reply s6<-s5#5655:OK-t1,SUCCESS,nextIndex=14,followerCommit=12,matchIndex=13
2024-10-09 04:29:55,217 INFO  statemachine.StateMachine (ArithmeticStateMachine.java:applyTransaction(181)) - LEADER:s6-13: a = 65 = 65
2024-10-09 04:29:55,217 DEBUG server.RaftServer$Division (RaftServerImpl.java:logAppendEntries(1545)) - s5@group-DE92A9858D7E: appendEntries* s6->s5#5656-t1,previous=(t:1, i:13),leaderCommit=13,initializing? false,entries: size=1, first=(t:1, i:14), METADATAENTRY(c:13)
2024-10-09 04:29:55,218 DEBUG server.RaftServer$Division (RaftServerImpl.java:logAppendEntries(1545)) - s4@group-DE92A9858D7E: appendEntries* s6->s4#5657-t1,previous=(t:1, i:13),leaderCommit=13,initializing? false,entries: size=1, first=(t:1, i:14), METADATAENTRY(c:13)
2024-10-09 04:29:55,218 DEBUG server.RaftServer$Division (RaftServerImpl.java:logAppendEntries(1545)) - s5@group-DE92A9858D7E: appendEntries* reply s6<-s5#5656:OK-t1,SUCCESS,nextIndex=15,followerCommit=13,matchIndex=14
2024-10-09 04:29:55,218 DEBUG server.RaftServer$Division (RaftServerImpl.java:submitClientRequestAsync(916)) - s6@group-DE92A9858D7E: receive client request(RaftClientRequest:client-3CEDCB722536->s6@group-DE92A9858D7E, cid=5658, seq=null, RW, Message:0101620240a080000000...(size=12))
2024-10-09 04:29:55,218 DEBUG server.RaftServer$Division (RaftServerImpl.java:logAppendEntries(1545)) - s4@group-DE92A9858D7E: appendEntries* reply s6<-s4#5657:OK-t1,SUCCESS,nextIndex=15,followerCommit=13,matchIndex=14
2024-10-09 04:29:55,218 DEBUG server.RaftServer$Division (LeaderStateImpl.java:addPendingRequest(529)) - s6@group-DE92A9858D7E-LeaderStateImpl: addPendingRequest at RaftClientRequest:client-3CEDCB722536->s6@group-DE92A9858D7E, cid=5658, seq=null, RW, Message:0101620240a080000000...(size=12), entry=(t:1, i:15), STATEMACHINELOGENTRY, WRITE: logData.size=12, stateMachineData.size=0, logEntryProtoSerializedSize=0
2024-10-09 04:29:55,218 DEBUG server.RaftServer$Division (RaftServerImpl.java:logAppendEntries(1545)) - s5@group-DE92A9858D7E: appendEntries* s6->s5#5660-t1,previous=(t:1, i:14),leaderCommit=14,initializing? false,entries: size=1, first=(t:1, i:15), STATEMACHINELOGENTRY, StateMachineLogEntryProto:5658@client-3CEDCB722536
2024-10-09 04:29:55,219 DEBUG server.RaftServer$Division (RaftServerImpl.java:logAppendEntries(1545)) - s4@group-DE92A9858D7E: appendEntries* s6->s4#5659-t1,previous=(t:1, i:14),leaderCommit=14,initializing? false,entries: size=1, first=(t:1, i:15), STATEMACHINELOGENTRY, StateMachineLogEntryProto:5658@client-3CEDCB722536
2024-10-09 04:29:55,219 DEBUG server.RaftServer$Division (RaftServerImpl.java:logAppendEntries(1545)) - s5@group-DE92A9858D7E: appendEntries* reply s6<-s5#5660:OK-t1,SUCCESS,nextIndex=16,followerCommit=14,matchIndex=15
2024-10-09 04:29:55,219 DEBUG server.RaftServer$Division (RaftServerImpl.java:logAppendEntries(1545)) - s4@group-DE92A9858D7E: appendEntries* reply s6<-s4#5659:OK-t1,SUCCESS,nextIndex=16,followerCommit=14,matchIndex=15
2024-10-09 04:29:55,219 INFO  statemachine.StateMachine (ArithmeticStateMachine.java:applyTransaction(181)) - LEADER:s6-15: b = 2112 = 2112
2024-10-09 04:29:55,219 DEBUG server.RaftServer$Division (RaftServerImpl.java:logAppendEntries(1545)) - s5@group-DE92A9858D7E: appendEntries* s6->s5#5661-t1,previous=(t:1, i:15),leaderCommit=15,initializing? false,entries: size=1, first=(t:1, i:16), METADATAENTRY(c:15)
2024-10-09 04:29:55,220 DEBUG server.RaftServer$Division (RaftServerImpl.java:logAppendEntries(1545)) - s4@group-DE92A9858D7E: appendEntries* s6->s4#5662-t1,previous=(t:1, i:15),leaderCommit=15,initializing? false,entries: size=1, first=(t:1, i:16), METADATAENTRY(c:15)
2024-10-09 04:29:55,220 DEBUG server.RaftServer$Division (RaftServerImpl.java:logAppendEntries(1545)) - s5@group-DE92A9858D7E: appendEntries* reply s6<-s5#5661:OK-t1,SUCCESS,nextIndex=17,followerCommit=15,matchIndex=16
2024-10-09 04:29:55,220 DEBUG server.RaftServer$Division (RaftServerImpl.java:submitClientRequestAsync(916)) - s6@group-DE92A9858D7E: receive client request(RaftClientRequest:client-3CEDCB722536->s6@group-DE92A9858D7E, cid=5663, seq=null, RW, Message:01016304010300040201...(size=17))
2024-10-09 04:29:55,220 DEBUG server.RaftServer$Division (RaftServerImpl.java:logAppendEntries(1545)) - s4@group-DE92A9858D7E: appendEntries* reply s6<-s4#5662:OK-t1,SUCCESS,nextIndex=17,followerCommit=15,matchIndex=16
2024-10-09 04:29:55,220 DEBUG server.RaftServer$Division (LeaderStateImpl.java:addPendingRequest(529)) - s6@group-DE92A9858D7E-LeaderStateImpl: addPendingRequest at RaftClientRequest:client-3CEDCB722536->s6@group-DE92A9858D7E, cid=5663, seq=null, RW, Message:01016304010300040201...(size=17), entry=(t:1, i:17), STATEMACHINELOGENTRY, WRITE: logData.size=17, stateMachineData.size=0, logEntryProtoSerializedSize=0
2024-10-09 04:29:55,221 DEBUG server.RaftServer$Division (RaftServerImpl.java:logAppendEntries(1545)) - s5@group-DE92A9858D7E: appendEntries* s6->s5#5664-t1,previous=(t:1, i:16),leaderCommit=16,initializing? false,entries: size=1, first=(t:1, i:17), STATEMACHINELOGENTRY, StateMachineLogEntryProto:5663@client-3CEDCB722536
2024-10-09 04:29:55,221 DEBUG server.RaftServer$Division (RaftServerImpl.java:logAppendEntries(1545)) - s4@group-DE92A9858D7E: appendEntries* s6->s4#5665-t1,previous=(t:1, i:16),leaderCommit=16,initializing? false,entries: size=1, first=(t:1, i:17), STATEMACHINELOGENTRY, StateMachineLogEntryProto:5663@client-3CEDCB722536
2024-10-09 04:29:55,221 DEBUG server.RaftServer$Division (RaftServerImpl.java:logAppendEntries(1545)) - s5@group-DE92A9858D7E: appendEntries* reply s6<-s5#5664:OK-t1,SUCCESS,nextIndex=18,followerCommit=16,matchIndex=17
2024-10-09 04:29:55,221 DEBUG server.RaftServer$Division (RaftServerImpl.java:logAppendEntries(1545)) - s4@group-DE92A9858D7E: appendEntries* reply s6<-s4#5665:OK-t1,SUCCESS,nextIndex=18,followerCommit=16,matchIndex=17
2024-10-09 04:29:55,222 INFO  statemachine.StateMachine (ArithmeticStateMachine.java:applyTransaction(181)) - LEADER:s6-17: c = √(a^2 + b^2) = 2113
2024-10-09 04:29:55,222 DEBUG server.RaftServer$Division (RaftServerImpl.java:logAppendEntries(1545)) - s4@group-DE92A9858D7E: appendEntries* s6->s4#5666-t1,previous=(t:1, i:17),leaderCommit=17,initializing? false,entries: size=1, first=(t:1, i:18), METADATAENTRY(c:17)
2024-10-09 04:29:55,222 DEBUG server.RaftServer$Division (RaftServerImpl.java:logAppendEntries(1545)) - s5@group-DE92A9858D7E: appendEntries* s6->s5#5667-t1,previous=(t:1, i:17),leaderCommit=17,initializing? false,entries: size=1, first=(t:1, i:18), METADATAENTRY(c:17)
2024-10-09 04:29:55,222 DEBUG server.RaftServer$Division (RaftServerImpl.java:logAppendEntries(1545)) - s4@group-DE92A9858D7E: appendEntries* reply s6<-s4#5666:OK-t1,SUCCESS,nextIndex=19,followerCommit=17,matchIndex=18
2024-10-09 04:29:55,222 DEBUG server.RaftServer$Division (RaftServerImpl.java:submitClientRequestAsync(916)) - s6@group-DE92A9858D7E: receive client request(RaftClientRequest:client-3CEDCB722536->s6@group-DE92A9858D7E, cid=5668, seq=null, RW, Message:01016100)
2024-10-09 04:29:55,222 DEBUG server.RaftServer$Division (RaftServerImpl.java:logAppendEntries(1545)) - s5@group-DE92A9858D7E: appendEntries* reply s6<-s5#5667:OK-t1,SUCCESS,nextIndex=19,followerCommit=17,matchIndex=18
2024-10-09 04:29:55,223 DEBUG server.RaftServer$Division (LeaderStateImpl.java:addPendingRequest(529)) - s6@group-DE92A9858D7E-LeaderStateImpl: addPendingRequest at RaftClientRequest:client-3CEDCB722536->s6@group-DE92A9858D7E, cid=5668, seq=null, RW, Message:01016100, entry=(t:1, i:19), STATEMACHINELOGENTRY, WRITE: logData.size=4, stateMachineData.size=0, logEntryProtoSerializedSize=0
2024-10-09 04:29:55,223 DEBUG server.RaftServer$Division (RaftServerImpl.java:logAppendEntries(1545)) - s4@group-DE92A9858D7E: appendEntries* s6->s4#5670-t1,previous=(t:1, i:18),leaderCommit=18,initializing? false,entries: size=1, first=(t:1, i:19), STATEMACHINELOGENTRY, StateMachineLogEntryProto:5668@client-3CEDCB722536
2024-10-09 04:29:55,223 DEBUG server.RaftServer$Division (RaftServerImpl.java:logAppendEntries(1545)) - s5@group-DE92A9858D7E: appendEntries* s6->s5#5669-t1,previous=(t:1, i:18),leaderCommit=18,initializing? false,entries: size=1, first=(t:1, i:19), STATEMACHINELOGENTRY, StateMachineLogEntryProto:5668@client-3CEDCB722536
2024-10-09 04:29:55,223 DEBUG server.RaftServer$Division (RaftServerImpl.java:logAppendEntries(1545)) - s4@group-DE92A9858D7E: appendEntries* reply s6<-s4#5670:OK-t1,SUCCESS,nextIndex=20,followerCommit=18,matchIndex=19
2024-10-09 04:29:55,223 DEBUG server.RaftServer$Division (RaftServerImpl.java:logAppendEntries(1545)) - s5@group-DE92A9858D7E: appendEntries* reply s6<-s5#5669:OK-t1,SUCCESS,nextIndex=20,followerCommit=18,matchIndex=19
2024-10-09 04:29:55,224 INFO  statemachine.StateMachine (ArithmeticStateMachine.java:applyTransaction(181)) - LEADER:s6-19: a = null = null
2024-10-09 04:29:55,224 DEBUG server.RaftServer$Division (RaftServerImpl.java:logAppendEntries(1545)) - s4@group-DE92A9858D7E: appendEntries* s6->s4#5671-t1,previous=(t:1, i:19),leaderCommit=19,initializing? false,entries: size=1, first=(t:1, i:20), METADATAENTRY(c:19)
2024-10-09 04:29:55,224 DEBUG server.RaftServer$Division (RaftServerImpl.java:logAppendEntries(1545)) - s5@group-DE92A9858D7E: appendEntries* s6->s5#5672-t1,previous=(t:1, i:19),leaderCommit=19,initializing? false,entries: size=1, first=(t:1, i:20), METADATAENTRY(c:19)
2024-10-09 04:29:55,224 DEBUG server.RaftServer$Division (RaftServerImpl.java:submitClientRequestAsync(916)) - s6@group-DE92A9858D7E: receive client request(RaftClientRequest:client-3CEDCB722536->s6@group-DE92A9858D7E, cid=5673, seq=null, RW, Message:01016200)
2024-10-09 04:29:55,224 DEBUG server.RaftServer$Division (LeaderStateImpl.java:addPendingRequest(529)) - s6@group-DE92A9858D7E-LeaderStateImpl: addPendingRequest at RaftClientRequest:client-3CEDCB722536->s6@group-DE92A9858D7E, cid=5673, seq=null, RW, Message:01016200, entry=(t:1, i:21), STATEMACHINELOGENTRY, WRITE: logData.size=4, stateMachineData.size=0, logEntryProtoSerializedSize=0
2024-10-09 04:29:55,225 DEBUG server.RaftServer$Division (RaftServerImpl.java:logAppendEntries(1545)) - s4@group-DE92A9858D7E: appendEntries* reply s6<-s4#5671:OK-t1,SUCCESS,nextIndex=21,followerCommit=19,matchIndex=20
2024-10-09 04:29:55,225 DEBUG server.RaftServer$Division (RaftServerImpl.java:logAppendEntries(1545)) - s5@group-DE92A9858D7E: appendEntries* reply s6<-s5#5672:OK-t1,SUCCESS,nextIndex=21,followerCommit=19,matchIndex=20
2024-10-09 04:29:55,225 DEBUG server.RaftServer$Division (RaftServerImpl.java:logAppendEntries(1545)) - s5@group-DE92A9858D7E: appendEntries* s6->s5#5674-t1,previous=(t:1, i:20),leaderCommit=20,initializing? false,entries: size=1, first=(t:1, i:21), STATEMACHINELOGENTRY, StateMachineLogEntryProto:5673@client-3CEDCB722536
2024-10-09 04:29:55,225 DEBUG server.RaftServer$Division (RaftServerImpl.java:logAppendEntries(1545)) - s4@group-DE92A9858D7E: appendEntries* s6->s4#5675-t1,previous=(t:1, i:20),leaderCommit=20,initializing? false,entries: size=1, first=(t:1, i:21), STATEMACHINELOGENTRY, StateMachineLogEntryProto:5673@client-3CEDCB722536
2024-10-09 04:29:55,225 DEBUG server.RaftServer$Division (RaftServerImpl.java:logAppendEntries(1545)) - s5@group-DE92A9858D7E: appendEntries* reply s6<-s5#5674:OK-t1,SUCCESS,nextIndex=22,followerCommit=20,matchIndex=21
2024-10-09 04:29:55,226 INFO  statemachine.StateMachine (ArithmeticStateMachine.java:applyTransaction(181)) - LEADER:s6-21: b = null = null
2024-10-09 04:29:55,226 DEBUG server.RaftServer$Division (RaftServerImpl.java:logAppendEntries(1545)) - s5@group-DE92A9858D7E: appendEntries* s6->s5#5676-t1,previous=(t:1, i:21),leaderCommit=21,initializing? false,entries: size=1, first=(t:1, i:22), METADATAENTRY(c:21)
2024-10-09 04:29:55,226 DEBUG server.RaftServer$Division (RaftServerImpl.java:logAppendEntries(1545)) - s4@group-DE92A9858D7E: appendEntries* reply s6<-s4#5675:OK-t1,SUCCESS,nextIndex=22,followerCommit=20,matchIndex=21
2024-10-09 04:29:55,226 DEBUG server.RaftServer$Division (RaftServerImpl.java:submitClientRequestAsync(916)) - s6@group-DE92A9858D7E: receive client request(RaftClientRequest:client-3CEDCB722536->s6@group-DE92A9858D7E, cid=5677, seq=null, RW, Message:01016300)
2024-10-09 04:29:55,226 DEBUG server.RaftServer$Division (LeaderStateImpl.java:addPendingRequest(529)) - s6@group-DE92A9858D7E-LeaderStateImpl: addPendingRequest at RaftClientRequest:client-3CEDCB722536->s6@group-DE92A9858D7E, cid=5677, seq=null, RW, Message:01016300, entry=(t:1, i:23), STATEMACHINELOGENTRY, WRITE: logData.size=4, stateMachineData.size=0, logEntryProtoSerializedSize=0
2024-10-09 04:29:55,226 DEBUG server.RaftServer$Division (RaftServerImpl.java:logAppendEntries(1545)) - s4@group-DE92A9858D7E: appendEntries* s6->s4#5678-t1,previous=(t:1, i:21),leaderCommit=21,initializing? false,entries: size=1, first=(t:1, i:22), METADATAENTRY(c:21)
2024-10-09 04:29:55,226 DEBUG server.RaftServer$Division (RaftServerImpl.java:logAppendEntries(1545)) - s5@group-DE92A9858D7E: appendEntries* reply s6<-s5#5676:OK-t1,SUCCESS,nextIndex=23,followerCommit=21,matchIndex=22
2024-10-09 04:29:55,227 DEBUG server.RaftServer$Division (RaftServerImpl.java:logAppendEntries(1545)) - s4@group-DE92A9858D7E: appendEntries* reply s6<-s4#5678:OK-t1,SUCCESS,nextIndex=23,followerCommit=21,matchIndex=22
2024-10-09 04:29:55,227 DEBUG server.RaftServer$Division (RaftServerImpl.java:logAppendEntries(1545)) - s5@group-DE92A9858D7E: appendEntries* s6->s5#5679-t1,previous=(t:1, i:22),leaderCommit=22,initializing? false,entries: size=1, first=(t:1, i:23), STATEMACHINELOGENTRY, StateMachineLogEntryProto:5677@client-3CEDCB722536
2024-10-09 04:29:55,228 DEBUG server.RaftServer$Division (RaftServerImpl.java:logAppendEntries(1545)) - s4@group-DE92A9858D7E: appendEntries* s6->s4#5680-t1,previous=(t:1, i:22),leaderCommit=22,initializing? false,entries: size=1, first=(t:1, i:23), STATEMACHINELOGENTRY, StateMachineLogEntryProto:5677@client-3CEDCB722536
2024-10-09 04:29:55,228 DEBUG server.RaftServer$Division (RaftServerImpl.java:logAppendEntries(1545)) - s5@group-DE92A9858D7E: appendEntries* reply s6<-s5#5679:OK-t1,SUCCESS,nextIndex=24,followerCommit=22,matchIndex=23
2024-10-09 04:29:55,228 DEBUG server.RaftServer$Division (RaftServerImpl.java:logAppendEntries(1545)) - s4@group-DE92A9858D7E: appendEntries* reply s6<-s4#5680:OK-t1,SUCCESS,nextIndex=24,followerCommit=22,matchIndex=23
2024-10-09 04:29:55,228 INFO  statemachine.StateMachine (ArithmeticStateMachine.java:applyTransaction(181)) - LEADER:s6-23: c = null = null
2024-10-09 04:29:55,228 DEBUG server.RaftServer$Division (RaftServerImpl.java:logAppendEntries(1545)) - s5@group-DE92A9858D7E: appendEntries* s6->s5#5681-t1,previous=(t:1, i:23),leaderCommit=23,initializing? false,entries: size=1, first=(t:1, i:24), METADATAENTRY(c:23)
2024-10-09 04:29:55,228 DEBUG server.RaftServer$Division (RaftServerImpl.java:logAppendEntries(1545)) - s4@group-DE92A9858D7E: appendEntries* s6->s4#5682-t1,previous=(t:1, i:23),leaderCommit=23,initializing? false,entries: size=1, first=(t:1, i:24), METADATAENTRY(c:23)
2024-10-09 04:29:55,229 DEBUG server.RaftServer$Division (RaftServerImpl.java:submitClientRequestAsync(916)) - s6@group-DE92A9858D7E: receive client request(RaftClientRequest:client-3CEDCB722536->s6@group-DE92A9858D7E, cid=5683, seq=null, RW, Message:010161024050c0000000...(size=12))
2024-10-09 04:29:55,229 DEBUG server.RaftServer$Division (LeaderStateImpl.java:addPendingRequest(529)) - s6@group-DE92A9858D7E-LeaderStateImpl: addPendingRequest at RaftClientRequest:client-3CEDCB722536->s6@group-DE92A9858D7E, cid=5683, seq=null, RW, Message:010161024050c0000000...(size=12), entry=(t:1, i:25), STATEMACHINELOGENTRY, WRITE: logData.size=12, stateMachineData.size=0, logEntryProtoSerializedSize=0
2024-10-09 04:29:55,229 DEBUG server.RaftServer$Division (RaftServerImpl.java:logAppendEntries(1545)) - s5@group-DE92A9858D7E: appendEntries* reply s6<-s5#5681:OK-t1,SUCCESS,nextIndex=25,followerCommit=23,matchIndex=24
2024-10-09 04:29:55,229 DEBUG server.RaftServer$Division (RaftServerImpl.java:logAppendEntries(1545)) - s4@group-DE92A9858D7E: appendEntries* reply s6<-s4#5682:OK-t1,SUCCESS,nextIndex=25,followerCommit=23,matchIndex=24
2024-10-09 04:29:55,230 DEBUG server.RaftServer$Division (RaftServerImpl.java:logAppendEntries(1545)) - s5@group-DE92A9858D7E: appendEntries* s6->s5#5684-t1,previous=(t:1, i:24),leaderCommit=24,initializing? false,entries: size=1, first=(t:1, i:25), STATEMACHINELOGENTRY, StateMachineLogEntryProto:5683@client-3CEDCB722536
2024-10-09 04:29:55,230 DEBUG server.RaftServer$Division (RaftServerImpl.java:logAppendEntries(1545)) - s4@group-DE92A9858D7E: appendEntries* s6->s4#5687-t1,previous=(t:1, i:24),leaderCommit=24,initializing? false,entries: size=1, first=(t:1, i:25), STATEMACHINELOGENTRY, StateMachineLogEntryProto:5683@client-3CEDCB722536
2024-10-09 04:29:55,230 DEBUG server.RaftServer$Division (RaftServerImpl.java:logAppendEntries(1545)) - s5@group-DE92A9858D7E: appendEntries* reply s6<-s5#5684:OK-t1,SUCCESS,nextIndex=26,followerCommit=24,matchIndex=25
2024-10-09 04:29:55,230 DEBUG server.RaftServer$Division (RaftServerImpl.java:logAppendEntries(1545)) - s4@group-DE92A9858D7E: appendEntries* reply s6<-s4#5687:OK-t1,SUCCESS,nextIndex=26,followerCommit=24,matchIndex=25
2024-10-09 04:29:55,230 INFO  statemachine.StateMachine (ArithmeticStateMachine.java:applyTransaction(181)) - LEADER:s6-25: a = 67 = 67
2024-10-09 04:29:55,231 DEBUG server.RaftServer$Division (RaftServerImpl.java:logAppendEntries(1545)) - s4@group-DE92A9858D7E: appendEntries* s6->s4#5690-t1,previous=(t:1, i:25),leaderCommit=25,initializing? false,entries: size=1, first=(t:1, i:26), METADATAENTRY(c:25)
2024-10-09 04:29:55,231 DEBUG server.RaftServer$Division (RaftServerImpl.java:logAppendEntries(1545)) - s5@group-DE92A9858D7E: appendEntries* s6->s5#5691-t1,previous=(t:1, i:25),leaderCommit=25,initializing? false,entries: size=1, first=(t:1, i:26), METADATAENTRY(c:25)
2024-10-09 04:29:55,231 DEBUG server.RaftServer$Division (RaftServerImpl.java:submitClientRequestAsync(916)) - s6@group-DE92A9858D7E: receive client request(RaftClientRequest:client-3CEDCB722536->s6@group-DE92A9858D7E, cid=5692, seq=null, RW, Message:0101620240a188000000...(size=12))
2024-10-09 04:29:55,231 DEBUG server.RaftServer$Division (RaftServerImpl.java:logAppendEntries(1545)) - s4@group-DE92A9858D7E: appendEntries* reply s6<-s4#5690:OK-t1,SUCCESS,nextIndex=27,followerCommit=25,matchIndex=26
2024-10-09 04:29:55,231 DEBUG server.RaftServer$Division (LeaderStateImpl.java:addPendingRequest(529)) - s6@group-DE92A9858D7E-LeaderStateImpl: addPendingRequest at RaftClientRequest:client-3CEDCB722536->s6@group-DE92A9858D7E, cid=5692, seq=null, RW, Message:0101620240a188000000...(size=12), entry=(t:1, i:27), STATEMACHINELOGENTRY, WRITE: logData.size=12, stateMachineData.size=0, logEntryProtoSerializedSize=0
2024-10-09 04:29:55,231 DEBUG server.RaftServer$Division (RaftServerImpl.java:logAppendEntries(1545)) - s5@group-DE92A9858D7E: appendEntries* reply s6<-s5#5691:OK-t1,SUCCESS,nextIndex=27,followerCommit=25,matchIndex=26
2024-10-09 04:29:55,232 DEBUG server.RaftServer$Division (RaftServerImpl.java:logAppendEntries(1545)) - s4@group-DE92A9858D7E: appendEntries* s6->s4#5693-t1,previous=(t:1, i:26),leaderCommit=25,initializing? false,entries: size=1, first=(t:1, i:27), STATEMACHINELOGENTRY, StateMachineLogEntryProto:5692@client-3CEDCB722536
2024-10-09 04:29:55,232 DEBUG server.RaftServer$Division (RaftServerImpl.java:logAppendEntries(1545)) - s5@group-DE92A9858D7E: appendEntries* s6->s5#5694-t1,previous=(t:1, i:26),leaderCommit=26,initializing? false,entries: size=1, first=(t:1, i:27), STATEMACHINELOGENTRY, StateMachineLogEntryProto:5692@client-3CEDCB722536
2024-10-09 04:29:55,232 DEBUG server.RaftServer$Division (RaftServerImpl.java:logAppendEntries(1545)) - s4@group-DE92A9858D7E: appendEntries* reply s6<-s4#5693:OK-t1,SUCCESS,nextIndex=28,followerCommit=25,matchIndex=27
2024-10-09 04:29:55,232 INFO  statemachine.StateMachine (ArithmeticStateMachine.java:applyTransaction(181)) - LEADER:s6-27: b = 2244 = 2244
2024-10-09 04:29:55,232 DEBUG server.RaftServer$Division (RaftServerImpl.java:logAppendEntries(1545)) - s5@group-DE92A9858D7E: appendEntries* reply s6<-s5#5694:OK-t1,SUCCESS,nextIndex=28,followerCommit=26,matchIndex=27
2024-10-09 04:29:55,232 DEBUG server.RaftServer$Division (RaftServerImpl.java:logAppendEntries(1545)) - s4@group-DE92A9858D7E: appendEntries* s6->s4#5695-t1,previous=(t:1, i:27),leaderCommit=27,initializing? false,entries: size=1, first=(t:1, i:28), METADATAENTRY(c:27)
2024-10-09 04:29:55,233 DEBUG server.RaftServer$Division (RaftServerImpl.java:logAppendEntries(1545)) - s5@group-DE92A9858D7E: appendEntries* s6->s5#5696-t1,previous=(t:1, i:27),leaderCommit=27,initializing? false,entries: size=1, first=(t:1, i:28), METADATAENTRY(c:27)
2024-10-09 04:29:55,233 DEBUG server.RaftServer$Division (RaftServerImpl.java:submitClientRequestAsync(916)) - s6@group-DE92A9858D7E: receive client request(RaftClientRequest:client-3CEDCB722536->s6@group-DE92A9858D7E, cid=5697, seq=null, RW, Message:01016304010300040201...(size=17))
2024-10-09 04:29:55,233 DEBUG server.RaftServer$Division (RaftServerImpl.java:logAppendEntries(1545)) - s5@group-DE92A9858D7E: appendEntries* reply s6<-s5#5696:OK-t1,SUCCESS,nextIndex=29,followerCommit=27,matchIndex=28
2024-10-09 04:29:55,233 DEBUG server.RaftServer$Division (RaftServerImpl.java:logAppendEntries(1545)) - s4@group-DE92A9858D7E: appendEntries* reply s6<-s4#5695:OK-t1,SUCCESS,nextIndex=29,followerCommit=27,matchIndex=28
2024-10-09 04:29:55,233 DEBUG server.RaftServer$Division (LeaderStateImpl.java:addPendingRequest(529)) - s6@group-DE92A9858D7E-LeaderStateImpl: addPendingRequest at RaftClientRequest:client-3CEDCB722536->s6@group-DE92A9858D7E, cid=5697, seq=null, RW, Message:01016304010300040201...(size=17), entry=(t:1, i:29), STATEMACHINELOGENTRY, WRITE: logData.size=17, stateMachineData.size=0, logEntryProtoSerializedSize=0
2024-10-09 04:29:55,234 DEBUG server.RaftServer$Division (RaftServerImpl.java:logAppendEntries(1545)) - s4@group-DE92A9858D7E: appendEntries* s6->s4#5699-t1,previous=(t:1, i:28),leaderCommit=28,initializing? false,entries: size=1, first=(t:1, i:29), STATEMACHINELOGENTRY, StateMachineLogEntryProto:5697@client-3CEDCB722536
2024-10-09 04:29:55,234 DEBUG server.RaftServer$Division (RaftServerImpl.java:logAppendEntries(1545)) - s5@group-DE92A9858D7E: appendEntries* s6->s5#5698-t1,previous=(t:1, i:28),leaderCommit=28,initializing? false,entries: size=1, first=(t:1, i:29), STATEMACHINELOGENTRY, StateMachineLogEntryProto:5697@client-3CEDCB722536
2024-10-09 04:29:55,234 DEBUG server.RaftServer$Division (RaftServerImpl.java:logAppendEntries(1545)) - s4@group-DE92A9858D7E: appendEntries* reply s6<-s4#5699:OK-t1,SUCCESS,nextIndex=30,followerCommit=28,matchIndex=29
2024-10-09 04:29:55,234 DEBUG server.RaftServer$Division (RaftServerImpl.java:logAppendEntries(1545)) - s5@group-DE92A9858D7E: appendEntries* reply s6<-s5#5698:OK-t1,SUCCESS,nextIndex=30,followerCommit=28,matchIndex=29
2024-10-09 04:29:55,235 INFO  statemachine.StateMachine (ArithmeticStateMachine.java:applyTransaction(181)) - LEADER:s6-29: c = √(a^2 + b^2) = 2245
2024-10-09 04:29:55,235 DEBUG server.RaftServer$Division (RaftServerImpl.java:logAppendEntries(1545)) - s5@group-DE92A9858D7E: appendEntries* s6->s5#5700-t1,previous=(t:1, i:29),leaderCommit=29,initializing? false,entries: size=1, first=(t:1, i:30), METADATAENTRY(c:29)
2024-10-09 04:29:55,235 DEBUG server.RaftServer$Division (RaftServerImpl.java:logAppendEntries(1545)) - s4@group-DE92A9858D7E: appendEntries* s6->s4#5701-t1,previous=(t:1, i:29),leaderCommit=29,initializing? false,entries: size=1, first=(t:1, i:30), METADATAENTRY(c:29)
2024-10-09 04:29:55,235 DEBUG server.RaftServer$Division (RaftServerImpl.java:logAppendEntries(1545)) - s5@group-DE92A9858D7E: appendEntries* reply s6<-s5#5700:OK-t1,SUCCESS,nextIndex=31,followerCommit=29,matchIndex=30
2024-10-09 04:29:55,235 DEBUG server.RaftServer$Division (RaftServerImpl.java:logAppendEntries(1545)) - s4@group-DE92A9858D7E: appendEntries* reply s6<-s4#5701:OK-t1,SUCCESS,nextIndex=31,followerCommit=29,matchIndex=30
2024-10-09 04:29:55,236 DEBUG server.RaftServer$Division (RaftServerImpl.java:submitClientRequestAsync(916)) - s6@group-DE92A9858D7E: receive client request(RaftClientRequest:client-3CEDCB722536->s6@group-DE92A9858D7E, cid=5702, seq=null, RW, Message:01016100)
2024-10-09 04:29:55,236 DEBUG server.RaftServer$Division (LeaderStateImpl.java:addPendingRequest(529)) - s6@group-DE92A9858D7E-LeaderStateImpl: addPendingRequest at RaftClientRequest:client-3CEDCB722536->s6@group-DE92A9858D7E, cid=5702, seq=null, RW, Message:01016100, entry=(t:1, i:31), STATEMACHINELOGENTRY, WRITE: logData.size=4, stateMachineData.size=0, logEntryProtoSerializedSize=0
2024-10-09 04:29:55,236 DEBUG server.RaftServer$Division (RaftServerImpl.java:logAppendEntries(1545)) - s4@group-DE92A9858D7E: appendEntries* s6->s4#5703-t1,previous=(t:1, i:30),leaderCommit=30,initializing? false,entries: size=1, first=(t:1, i:31), STATEMACHINELOGENTRY, StateMachineLogEntryProto:5702@client-3CEDCB722536
2024-10-09 04:29:55,236 DEBUG server.RaftServer$Division (RaftServerImpl.java:logAppendEntries(1545)) - s5@group-DE92A9858D7E: appendEntries* s6->s5#5704-t1,previous=(t:1, i:30),leaderCommit=30,initializing? false,entries: size=1, first=(t:1, i:31), STATEMACHINELOGENTRY, StateMachineLogEntryProto:5702@client-3CEDCB722536
2024-10-09 04:29:55,237 DEBUG server.RaftServer$Division (RaftServerImpl.java:logAppendEntries(1545)) - s4@group-DE92A9858D7E: appendEntries* reply s6<-s4#5703:OK-t1,SUCCESS,nextIndex=32,followerCommit=30,matchIndex=31
2024-10-09 04:29:55,237 DEBUG server.RaftServer$Division (RaftServerImpl.java:logAppendEntries(1545)) - s5@group-DE92A9858D7E: appendEntries* reply s6<-s5#5704:OK-t1,SUCCESS,nextIndex=32,followerCommit=30,matchIndex=31
2024-10-09 04:29:55,237 INFO  statemachine.StateMachine (ArithmeticStateMachine.java:applyTransaction(181)) - LEADER:s6-31: a = null = null
2024-10-09 04:29:55,237 DEBUG server.RaftServer$Division (RaftServerImpl.java:logAppendEntries(1545)) - s4@group-DE92A9858D7E: appendEntries* s6->s4#5705-t1,previous=(t:1, i:31),leaderCommit=31,initializing? false,entries: size=1, first=(t:1, i:32), METADATAENTRY(c:31)
2024-10-09 04:29:55,237 DEBUG server.RaftServer$Division (RaftServerImpl.java:logAppendEntries(1545)) - s5@group-DE92A9858D7E: appendEntries* s6->s5#5706-t1,previous=(t:1, i:31),leaderCommit=31,initializing? false,entries: size=1, first=(t:1, i:32), METADATAENTRY(c:31)
2024-10-09 04:29:55,238 DEBUG server.RaftServer$Division (RaftServerImpl.java:logAppendEntries(1545)) - s5@group-DE92A9858D7E: appendEntries* reply s6<-s5#5706:OK-t1,SUCCESS,nextIndex=33,followerCommit=31,matchIndex=32
2024-10-09 04:29:55,238 DEBUG server.RaftServer$Division (RaftServerImpl.java:submitClientRequestAsync(916)) - s6@group-DE92A9858D7E: receive client request(RaftClientRequest:client-3CEDCB722536->s6@group-DE92A9858D7E, cid=5707, seq=null, RW, Message:01016200)
2024-10-09 04:29:55,238 DEBUG server.RaftServer$Division (RaftServerImpl.java:logAppendEntries(1545)) - s4@group-DE92A9858D7E: appendEntries* reply s6<-s4#5705:OK-t1,SUCCESS,nextIndex=33,followerCommit=31,matchIndex=32
2024-10-09 04:29:55,238 DEBUG server.RaftServer$Division (LeaderStateImpl.java:addPendingRequest(529)) - s6@group-DE92A9858D7E-LeaderStateImpl: addPendingRequest at RaftClientRequest:client-3CEDCB722536->s6@group-DE92A9858D7E, cid=5707, seq=null, RW, Message:01016200, entry=(t:1, i:33), STATEMACHINELOGENTRY, WRITE: logData.size=4, stateMachineData.size=0, logEntryProtoSerializedSize=0
2024-10-09 04:29:55,239 DEBUG server.RaftServer$Division (RaftServerImpl.java:logAppendEntries(1545)) - s5@group-DE92A9858D7E: appendEntries* s6->s5#5708-t1,previous=(t:1, i:32),leaderCommit=32,initializing? false,entries: size=1, first=(t:1, i:33), STATEMACHINELOGENTRY, StateMachineLogEntryProto:5707@client-3CEDCB722536
2024-10-09 04:29:55,239 DEBUG server.RaftServer$Division (RaftServerImpl.java:logAppendEntries(1545)) - s4@group-DE92A9858D7E: appendEntries* s6->s4#5709-t1,previous=(t:1, i:32),leaderCommit=32,initializing? false,entries: size=1, first=(t:1, i:33), STATEMACHINELOGENTRY, StateMachineLogEntryProto:5707@client-3CEDCB722536
2024-10-09 04:29:55,239 DEBUG server.RaftServer$Division (RaftServerImpl.java:logAppendEntries(1545)) - s5@group-DE92A9858D7E: appendEntries* reply s6<-s5#5708:OK-t1,SUCCESS,nextIndex=34,followerCommit=32,matchIndex=33
2024-10-09 04:29:55,239 DEBUG server.RaftServer$Division (RaftServerImpl.java:logAppendEntries(1545)) - s4@group-DE92A9858D7E: appendEntries* reply s6<-s4#5709:OK-t1,SUCCESS,nextIndex=34,followerCommit=32,matchIndex=33
2024-10-09 04:29:55,239 INFO  statemachine.StateMachine (ArithmeticStateMachine.java:applyTransaction(181)) - LEADER:s6-33: b = null = null
2024-10-09 04:29:55,240 DEBUG server.RaftServer$Division (RaftServerImpl.java:logAppendEntries(1545)) - s5@group-DE92A9858D7E: appendEntries* s6->s5#5710-t1,previous=(t:1, i:33),leaderCommit=33,initializing? false,entries: size=1, first=(t:1, i:34), METADATAENTRY(c:33)
2024-10-09 04:29:55,240 DEBUG server.RaftServer$Division (RaftServerImpl.java:logAppendEntries(1545)) - s4@group-DE92A9858D7E: appendEntries* s6->s4#5711-t1,previous=(t:1, i:33),leaderCommit=33,initializing? false,entries: size=1, first=(t:1, i:34), METADATAENTRY(c:33)
2024-10-09 04:29:55,240 DEBUG server.RaftServer$Division (RaftServerImpl.java:logAppendEntries(1545)) - s5@group-DE92A9858D7E: appendEntries* reply s6<-s5#5710:OK-t1,SUCCESS,nextIndex=35,followerCommit=33,matchIndex=34
2024-10-09 04:29:55,240 DEBUG server.RaftServer$Division (RaftServerImpl.java:submitClientRequestAsync(916)) - s6@group-DE92A9858D7E: receive client request(RaftClientRequest:client-3CEDCB722536->s6@group-DE92A9858D7E, cid=5712, seq=null, RW, Message:01016300)
2024-10-09 04:29:55,240 DEBUG server.RaftServer$Division (RaftServerImpl.java:logAppendEntries(1545)) - s4@group-DE92A9858D7E: appendEntries* reply s6<-s4#5711:OK-t1,SUCCESS,nextIndex=35,followerCommit=33,matchIndex=34
2024-10-09 04:29:55,241 DEBUG server.RaftServer$Division (LeaderStateImpl.java:addPendingRequest(529)) - s6@group-DE92A9858D7E-LeaderStateImpl: addPendingRequest at RaftClientRequest:client-3CEDCB722536->s6@group-DE92A9858D7E, cid=5712, seq=null, RW, Message:01016300, entry=(t:1, i:35), STATEMACHINELOGENTRY, WRITE: logData.size=4, stateMachineData.size=0, logEntryProtoSerializedSize=0
2024-10-09 04:29:55,241 DEBUG server.RaftServer$Division (RaftServerImpl.java:logAppendEntries(1545)) - s4@group-DE92A9858D7E: appendEntries* s6->s4#5713-t1,previous=(t:1, i:34),leaderCommit=34,initializing? false,entries: size=1, first=(t:1, i:35), STATEMACHINELOGENTRY, StateMachineLogEntryProto:5712@client-3CEDCB722536
2024-10-09 04:29:55,241 DEBUG server.RaftServer$Division (RaftServerImpl.java:logAppendEntries(1545)) - s5@group-DE92A9858D7E: appendEntries* s6->s5#5714-t1,previous=(t:1, i:34),leaderCommit=34,initializing? false,entries: size=1, first=(t:1, i:35), STATEMACHINELOGENTRY, StateMachineLogEntryProto:5712@client-3CEDCB722536
2024-10-09 04:29:55,241 DEBUG server.RaftServer$Division (RaftServerImpl.java:logAppendEntries(1545)) - s4@group-DE92A9858D7E: appendEntries* reply s6<-s4#5713:OK-t1,SUCCESS,nextIndex=36,followerCommit=34,matchIndex=35
2024-10-09 04:29:55,242 DEBUG server.RaftServer$Division (RaftServerImpl.java:logAppendEntries(1545)) - s5@group-DE92A9858D7E: appendEntries* reply s6<-s5#5714:OK-t1,SUCCESS,nextIndex=36,followerCommit=34,matchIndex=35
2024-10-09 04:29:55,242 INFO  statemachine.StateMachine (ArithmeticStateMachine.java:applyTransaction(181)) - LEADER:s6-35: c = null = null
2024-10-09 04:29:55,242 DEBUG server.RaftServer$Division (RaftServerImpl.java:logAppendEntries(1545)) - s4@group-DE92A9858D7E: appendEntries* s6->s4#5716-t1,previous=(t:1, i:35),leaderCommit=35,initializing? false,entries: size=1, first=(t:1, i:36), METADATAENTRY(c:35)
2024-10-09 04:29:55,242 DEBUG server.RaftServer$Division (RaftServerImpl.java:submitClientRequestAsync(916)) - s6@group-DE92A9858D7E: receive client request(RaftClientRequest:client-3CEDCB722536->s6@group-DE92A9858D7E, cid=5717, seq=null, RW, Message:01016102405140000000...(size=12))
2024-10-09 04:29:55,242 DEBUG server.RaftServer$Division (RaftServerImpl.java:logAppendEntries(1545)) - s5@group-DE92A9858D7E: appendEntries* s6->s5#5715-t1,previous=(t:1, i:35),leaderCommit=35,initializing? false,entries: size=1, first=(t:1, i:36), METADATAENTRY(c:35)
2024-10-09 04:29:55,243 DEBUG server.RaftServer$Division (LeaderStateImpl.java:addPendingRequest(529)) - s6@group-DE92A9858D7E-LeaderStateImpl: addPendingRequest at RaftClientRequest:client-3CEDCB722536->s6@group-DE92A9858D7E, cid=5717, seq=null, RW, Message:01016102405140000000...(size=12), entry=(t:1, i:37), STATEMACHINELOGENTRY, WRITE: logData.size=12, stateMachineData.size=0, logEntryProtoSerializedSize=0
2024-10-09 04:29:55,243 DEBUG server.RaftServer$Division (RaftServerImpl.java:logAppendEntries(1545)) - s4@group-DE92A9858D7E: appendEntries* reply s6<-s4#5716:OK-t1,SUCCESS,nextIndex=37,followerCommit=35,matchIndex=36
2024-10-09 04:29:55,243 DEBUG server.RaftServer$Division (RaftServerImpl.java:logAppendEntries(1545)) - s5@group-DE92A9858D7E: appendEntries* reply s6<-s5#5715:OK-t1,SUCCESS,nextIndex=37,followerCommit=35,matchIndex=36
2024-10-09 04:29:55,243 DEBUG server.RaftServer$Division (RaftServerImpl.java:logAppendEntries(1545)) - s5@group-DE92A9858D7E: appendEntries* s6->s5#5719-t1,previous=(t:1, i:36),leaderCommit=35,initializing? false,entries: size=1, first=(t:1, i:37), STATEMACHINELOGENTRY, StateMachineLogEntryProto:5717@client-3CEDCB722536
2024-10-09 04:29:55,244 DEBUG server.RaftServer$Division (RaftServerImpl.java:logAppendEntries(1545)) - s4@group-DE92A9858D7E: appendEntries* s6->s4#5718-t1,previous=(t:1, i:36),leaderCommit=35,initializing? false,entries: size=1, first=(t:1, i:37), STATEMACHINELOGENTRY, StateMachineLogEntryProto:5717@client-3CEDCB722536
2024-10-09 04:29:55,244 DEBUG server.RaftServer$Division (RaftServerImpl.java:logAppendEntries(1545)) - s5@group-DE92A9858D7E: appendEntries* reply s6<-s5#5719:OK-t1,SUCCESS,nextIndex=38,followerCommit=35,matchIndex=37
2024-10-09 04:29:55,244 DEBUG server.RaftServer$Division (RaftServerImpl.java:logAppendEntries(1545)) - s4@group-DE92A9858D7E: appendEntries* reply s6<-s4#5718:OK-t1,SUCCESS,nextIndex=38,followerCommit=35,matchIndex=37
2024-10-09 04:29:55,244 INFO  statemachine.StateMachine (ArithmeticStateMachine.java:applyTransaction(181)) - LEADER:s6-37: a = 69 = 69
2024-10-09 04:29:55,245 DEBUG server.RaftServer$Division (RaftServerImpl.java:logAppendEntries(1545)) - s4@group-DE92A9858D7E: appendEntries* s6->s4#5721-t1,previous=(t:1, i:37),leaderCommit=37,initializing? false,entries: size=1, first=(t:1, i:38), METADATAENTRY(c:37)
2024-10-09 04:29:55,245 DEBUG server.RaftServer$Division (RaftServerImpl.java:submitClientRequestAsync(916)) - s6@group-DE92A9858D7E: receive client request(RaftClientRequest:client-3CEDCB722536->s6@group-DE92A9858D7E, cid=5722, seq=null, RW, Message:0101620240a298000000...(size=12))
2024-10-09 04:29:55,245 DEBUG server.RaftServer$Division (RaftServerImpl.java:logAppendEntries(1545)) - s5@group-DE92A9858D7E: appendEntries* s6->s5#5720-t1,previous=(t:1, i:37),leaderCommit=37,initializing? false,entries: size=1, first=(t:1, i:38), METADATAENTRY(c:37)
2024-10-09 04:29:55,245 DEBUG server.RaftServer$Division (LeaderStateImpl.java:addPendingRequest(529)) - s6@group-DE92A9858D7E-LeaderStateImpl: addPendingRequest at RaftClientRequest:client-3CEDCB722536->s6@group-DE92A9858D7E, cid=5722, seq=null, RW, Message:0101620240a298000000...(size=12), entry=(t:1, i:39), STATEMACHINELOGENTRY, WRITE: logData.size=12, stateMachineData.size=0, logEntryProtoSerializedSize=0
2024-10-09 04:29:55,245 DEBUG server.RaftServer$Division (RaftServerImpl.java:logAppendEntries(1545)) - s4@group-DE92A9858D7E: appendEntries* reply s6<-s4#5721:OK-t1,SUCCESS,nextIndex=39,followerCommit=37,matchIndex=38
2024-10-09 04:29:55,245 DEBUG server.RaftServer$Division (RaftServerImpl.java:logAppendEntries(1545)) - s5@group-DE92A9858D7E: appendEntries* reply s6<-s5#5720:OK-t1,SUCCESS,nextIndex=39,followerCommit=37,matchIndex=38
2024-10-09 04:29:55,246 DEBUG server.RaftServer$Division (RaftServerImpl.java:logAppendEntries(1545)) - s4@group-DE92A9858D7E: appendEntries* s6->s4#5723-t1,previous=(t:1, i:38),leaderCommit=38,initializing? false,entries: size=1, first=(t:1, i:39), STATEMACHINELOGENTRY, StateMachineLogEntryProto:5722@client-3CEDCB722536
2024-10-09 04:29:55,247 DEBUG server.RaftServer$Division (RaftServerImpl.java:logAppendEntries(1545)) - s5@group-DE92A9858D7E: appendEntries* s6->s5#5724-t1,previous=(t:1, i:38),leaderCommit=38,initializing? false,entries: size=1, first=(t:1, i:39), STATEMACHINELOGENTRY, StateMachineLogEntryProto:5722@client-3CEDCB722536
2024-10-09 04:29:55,249 DEBUG server.RaftServer$Division (RaftServerImpl.java:logAppendEntries(1545)) - s5@group-DE92A9858D7E: appendEntries* reply s6<-s5#5724:OK-t1,SUCCESS,nextIndex=40,followerCommit=38,matchIndex=39
2024-10-09 04:29:55,249 DEBUG server.RaftServer$Division (RaftServerImpl.java:logAppendEntries(1545)) - s4@group-DE92A9858D7E: appendEntries* reply s6<-s4#5723:OK-t1,SUCCESS,nextIndex=40,followerCommit=38,matchIndex=39
2024-10-09 04:29:55,249 INFO  statemachine.StateMachine (ArithmeticStateMachine.java:applyTransaction(181)) - LEADER:s6-39: b = 2380 = 2380
2024-10-09 04:29:55,249 DEBUG server.RaftServer$Division (RaftServerImpl.java:logAppendEntries(1545)) - s5@group-DE92A9858D7E: appendEntries* s6->s5#5725-t1,previous=(t:1, i:39),leaderCommit=39,initializing? false,entries: size=1, first=(t:1, i:40), METADATAENTRY(c:39)
2024-10-09 04:29:55,249 DEBUG server.RaftServer$Division (RaftServerImpl.java:logAppendEntries(1545)) - s4@group-DE92A9858D7E: appendEntries* s6->s4#5726-t1,previous=(t:1, i:39),leaderCommit=39,initializing? false,entries: size=1, first=(t:1, i:40), METADATAENTRY(c:39)
2024-10-09 04:29:55,249 DEBUG server.RaftServer$Division (RaftServerImpl.java:submitClientRequestAsync(916)) - s6@group-DE92A9858D7E: receive client request(RaftClientRequest:client-3CEDCB722536->s6@group-DE92A9858D7E, cid=5727, seq=null, RW, Message:01016304010300040201...(size=17))
2024-10-09 04:29:55,250 DEBUG server.RaftServer$Division (LeaderStateImpl.java:addPendingRequest(529)) - s6@group-DE92A9858D7E-LeaderStateImpl: addPendingRequest at RaftClientRequest:client-3CEDCB722536->s6@group-DE92A9858D7E, cid=5727, seq=null, RW, Message:01016304010300040201...(size=17), entry=(t:1, i:41), STATEMACHINELOGENTRY, WRITE: logData.size=17, stateMachineData.size=0, logEntryProtoSerializedSize=0
2024-10-09 04:29:55,250 DEBUG server.RaftServer$Division (RaftServerImpl.java:logAppendEntries(1545)) - s5@group-DE92A9858D7E: appendEntries* reply s6<-s5#5725:OK-t1,SUCCESS,nextIndex=41,followerCommit=39,matchIndex=40
2024-10-09 04:29:55,250 DEBUG server.RaftServer$Division (RaftServerImpl.java:logAppendEntries(1545)) - s4@group-DE92A9858D7E: appendEntries* reply s6<-s4#5726:OK-t1,SUCCESS,nextIndex=41,followerCommit=39,matchIndex=40
2024-10-09 04:29:55,250 DEBUG server.RaftServer$Division (RaftServerImpl.java:logAppendEntries(1545)) - s5@group-DE92A9858D7E: appendEntries* s6->s5#5728-t1,previous=(t:1, i:40),leaderCommit=39,initializing? false,entries: size=1, first=(t:1, i:41), STATEMACHINELOGENTRY, StateMachineLogEntryProto:5727@client-3CEDCB722536
2024-10-09 04:29:55,252 DEBUG server.RaftServer$Division (RaftServerImpl.java:logAppendEntries(1545)) - s5@group-DE92A9858D7E: appendEntries* reply s6<-s5#5728:OK-t1,SUCCESS,nextIndex=42,followerCommit=39,matchIndex=41
2024-10-09 04:29:55,252 DEBUG server.RaftServer$Division (RaftServerImpl.java:logAppendEntries(1545)) - s4@group-DE92A9858D7E: appendEntries* s6->s4#5729-t1,previous=(t:1, i:40),leaderCommit=40,initializing? false,entries: size=1, first=(t:1, i:41), STATEMACHINELOGENTRY, StateMachineLogEntryProto:5727@client-3CEDCB722536
2024-10-09 04:29:55,252 INFO  statemachine.StateMachine (ArithmeticStateMachine.java:applyTransaction(181)) - LEADER:s6-41: c = √(a^2 + b^2) = 2381
2024-10-09 04:29:55,252 DEBUG server.RaftServer$Division (RaftServerImpl.java:logAppendEntries(1545)) - s5@group-DE92A9858D7E: appendEntries* s6->s5#5730-t1,previous=(t:1, i:41),leaderCommit=41,initializing? false,entries: size=1, first=(t:1, i:42), METADATAENTRY(c:41)
2024-10-09 04:29:55,252 DEBUG server.RaftServer$Division (RaftServerImpl.java:logAppendEntries(1545)) - s4@group-DE92A9858D7E: appendEntries* reply s6<-s4#5729:OK-t1,SUCCESS,nextIndex=42,followerCommit=40,matchIndex=41
2024-10-09 04:29:55,252 DEBUG server.RaftServer$Division (RaftServerImpl.java:submitClientRequestAsync(916)) - s6@group-DE92A9858D7E: receive client request(RaftClientRequest:client-3CEDCB722536->s6@group-DE92A9858D7E, cid=5731, seq=null, RW, Message:01016100)
2024-10-09 04:29:55,253 DEBUG server.RaftServer$Division (LeaderStateImpl.java:addPendingRequest(529)) - s6@group-DE92A9858D7E-LeaderStateImpl: addPendingRequest at RaftClientRequest:client-3CEDCB722536->s6@group-DE92A9858D7E, cid=5731, seq=null, RW, Message:01016100, entry=(t:1, i:43), STATEMACHINELOGENTRY, WRITE: logData.size=4, stateMachineData.size=0, logEntryProtoSerializedSize=0
2024-10-09 04:29:55,253 DEBUG server.RaftServer$Division (RaftServerImpl.java:logAppendEntries(1545)) - s5@group-DE92A9858D7E: appendEntries* reply s6<-s5#5730:OK-t1,SUCCESS,nextIndex=43,followerCommit=41,matchIndex=42
2024-10-09 04:29:55,253 DEBUG server.RaftServer$Division (RaftServerImpl.java:logAppendEntries(1545)) - s4@group-DE92A9858D7E: appendEntries* s6->s4#5732-t1,previous=(t:1, i:41),leaderCommit=41,initializing? false,entries: size=1, first=(t:1, i:42), METADATAENTRY(c:41)
2024-10-09 04:29:55,253 DEBUG server.RaftServer$Division (RaftServerImpl.java:logAppendEntries(1545)) - s4@group-DE92A9858D7E: appendEntries* reply s6<-s4#5732:OK-t1,SUCCESS,nextIndex=43,followerCommit=41,matchIndex=42
2024-10-09 04:29:55,253 DEBUG server.RaftServer$Division (RaftServerImpl.java:logAppendEntries(1545)) - s5@group-DE92A9858D7E: appendEntries* s6->s5#5733-t1,previous=(t:1, i:42),leaderCommit=42,initializing? false,entries: size=1, first=(t:1, i:43), STATEMACHINELOGENTRY, StateMachineLogEntryProto:5731@client-3CEDCB722536
2024-10-09 04:29:55,254 DEBUG server.RaftServer$Division (RaftServerImpl.java:logAppendEntries(1545)) - s5@group-DE92A9858D7E: appendEntries* reply s6<-s5#5733:OK-t1,SUCCESS,nextIndex=44,followerCommit=42,matchIndex=43
2024-10-09 04:29:55,254 DEBUG server.RaftServer$Division (RaftServerImpl.java:logAppendEntries(1545)) - s4@group-DE92A9858D7E: appendEntries* s6->s4#5734-t1,previous=(t:1, i:42),leaderCommit=42,initializing? false,entries: size=1, first=(t:1, i:43), STATEMACHINELOGENTRY, StateMachineLogEntryProto:5731@client-3CEDCB722536
2024-10-09 04:29:55,254 DEBUG server.RaftServer$Division (RaftServerImpl.java:logAppendEntries(1545)) - s4@group-DE92A9858D7E: appendEntries* reply s6<-s4#5734:OK-t1,SUCCESS,nextIndex=44,followerCommit=42,matchIndex=43
2024-10-09 04:29:55,254 INFO  statemachine.StateMachine (ArithmeticStateMachine.java:applyTransaction(181)) - LEADER:s6-43: a = null = null
2024-10-09 04:29:55,255 DEBUG server.RaftServer$Division (RaftServerImpl.java:logAppendEntries(1545)) - s4@group-DE92A9858D7E: appendEntries* s6->s4#5735-t1,previous=(t:1, i:43),leaderCommit=43,initializing? false,entries: size=1, first=(t:1, i:44), METADATAENTRY(c:43)
2024-10-09 04:29:55,255 DEBUG server.RaftServer$Division (RaftServerImpl.java:logAppendEntries(1545)) - s4@group-DE92A9858D7E: appendEntries* reply s6<-s4#5735:OK-t1,SUCCESS,nextIndex=45,followerCommit=43,matchIndex=44
2024-10-09 04:29:55,255 DEBUG server.RaftServer$Division (RaftServerImpl.java:submitClientRequestAsync(916)) - s6@group-DE92A9858D7E: receive client request(RaftClientRequest:client-3CEDCB722536->s6@group-DE92A9858D7E, cid=5736, seq=null, RW, Message:01016200)
2024-10-09 04:29:55,256 DEBUG server.RaftServer$Division (LeaderStateImpl.java:addPendingRequest(529)) - s6@group-DE92A9858D7E-LeaderStateImpl: addPendingRequest at RaftClientRequest:client-3CEDCB722536->s6@group-DE92A9858D7E, cid=5736, seq=null, RW, Message:01016200, entry=(t:1, i:45), STATEMACHINELOGENTRY, WRITE: logData.size=4, stateMachineData.size=0, logEntryProtoSerializedSize=0
2024-10-09 04:29:55,256 DEBUG server.RaftServer$Division (RaftServerImpl.java:logAppendEntries(1545)) - s4@group-DE92A9858D7E: appendEntries* s6->s4#5737-t1,previous=(t:1, i:44),leaderCommit=44,initializing? false,entries: size=1, first=(t:1, i:45), STATEMACHINELOGENTRY, StateMachineLogEntryProto:5736@client-3CEDCB722536
2024-10-09 04:29:55,257 DEBUG server.RaftServer$Division (RaftServerImpl.java:logAppendEntries(1545)) - s4@group-DE92A9858D7E: appendEntries* reply s6<-s4#5737:OK-t1,SUCCESS,nextIndex=46,followerCommit=44,matchIndex=45
2024-10-09 04:29:55,257 INFO  statemachine.StateMachine (ArithmeticStateMachine.java:applyTransaction(181)) - LEADER:s6-45: b = null = null
2024-10-09 04:29:55,257 DEBUG server.RaftServer$Division (RaftServerImpl.java:logAppendEntries(1545)) - s4@group-DE92A9858D7E: appendEntries* s6->s4#5738-t1,previous=(t:1, i:45),leaderCommit=45,initializing? false,entries: size=1, first=(t:1, i:46), METADATAENTRY(c:45)
2024-10-09 04:29:55,257 DEBUG server.RaftServer$Division (RaftServerImpl.java:logAppendEntries(1545)) - s5@group-DE92A9858D7E: appendEntries* s6->s5#5739-t1,previous=(t:1, i:43),leaderCommit=45,initializing? false,entries: size=3, first=(t:1, i:44), METADATAENTRY(c:43)
2024-10-09 04:29:55,258 DEBUG server.RaftServer$Division (RaftServerImpl.java:submitClientRequestAsync(916)) - s6@group-DE92A9858D7E: receive client request(RaftClientRequest:client-3CEDCB722536->s6@group-DE92A9858D7E, cid=5740, seq=null, RW, Message:01016300)
2024-10-09 04:29:55,258 DEBUG server.RaftServer$Division (LeaderStateImpl.java:addPendingRequest(529)) - s6@group-DE92A9858D7E-LeaderStateImpl: addPendingRequest at RaftClientRequest:client-3CEDCB722536->s6@group-DE92A9858D7E, cid=5740, seq=null, RW, Message:01016300, entry=(t:1, i:47), STATEMACHINELOGENTRY, WRITE: logData.size=4, stateMachineData.size=0, logEntryProtoSerializedSize=0
2024-10-09 04:29:55,259 DEBUG server.RaftServer$Division (RaftServerImpl.java:logAppendEntries(1545)) - s4@group-DE92A9858D7E: appendEntries* reply s6<-s4#5738:OK-t1,SUCCESS,nextIndex=47,followerCommit=45,matchIndex=46
2024-10-09 04:29:55,259 DEBUG server.RaftServer$Division (RaftServerImpl.java:logAppendEntries(1545)) - s5@group-DE92A9858D7E: appendEntries* reply s6<-s5#5739:OK-t1,SUCCESS,nextIndex=47,followerCommit=45,matchIndex=46
2024-10-09 04:29:55,260 DEBUG server.RaftServer$Division (RaftServerImpl.java:logAppendEntries(1545)) - s4@group-DE92A9858D7E: appendEntries* s6->s4#5741-t1,previous=(t:1, i:46),leaderCommit=45,initializing? false,entries: size=1, first=(t:1, i:47), STATEMACHINELOGENTRY, StateMachineLogEntryProto:5740@client-3CEDCB722536
2024-10-09 04:29:55,260 DEBUG server.RaftServer$Division (RaftServerImpl.java:logAppendEntries(1545)) - s5@group-DE92A9858D7E: appendEntries* s6->s5#5742-t1,previous=(t:1, i:46),leaderCommit=46,initializing? false,entries: size=1, first=(t:1, i:47), STATEMACHINELOGENTRY, StateMachineLogEntryProto:5740@client-3CEDCB722536
2024-10-09 04:29:55,260 DEBUG server.RaftServer$Division (RaftServerImpl.java:logAppendEntries(1545)) - s4@group-DE92A9858D7E: appendEntries* reply s6<-s4#5741:OK-t1,SUCCESS,nextIndex=48,followerCommit=45,matchIndex=47
2024-10-09 04:29:55,260 DEBUG server.RaftServer$Division (RaftServerImpl.java:logAppendEntries(1545)) - s5@group-DE92A9858D7E: appendEntries* reply s6<-s5#5742:OK-t1,SUCCESS,nextIndex=48,followerCommit=46,matchIndex=47
2024-10-09 04:29:55,261 INFO  statemachine.StateMachine (ArithmeticStateMachine.java:applyTransaction(181)) - LEADER:s6-47: c = null = null
2024-10-09 04:29:55,261 DEBUG server.RaftServer$Division (RaftServerImpl.java:logAppendEntries(1545)) - s5@group-DE92A9858D7E: appendEntries* s6->s5#5743-t1,previous=(t:1, i:47),leaderCommit=47,initializing? false,entries: size=1, first=(t:1, i:48), METADATAENTRY(c:47)
2024-10-09 04:29:55,261 DEBUG server.RaftServer$Division (RaftServerImpl.java:logAppendEntries(1545)) - s4@group-DE92A9858D7E: appendEntries* s6->s4#5744-t1,previous=(t:1, i:47),leaderCommit=47,initializing? false,entries: size=1, first=(t:1, i:48), METADATAENTRY(c:47)
2024-10-09 04:29:55,261 DEBUG server.RaftServer$Division (RaftServerImpl.java:submitClientRequestAsync(916)) - s6@group-DE92A9858D7E: receive client request(RaftClientRequest:client-3CEDCB722536->s6@group-DE92A9858D7E, cid=5745, seq=null, RW, Message:010161024051c0000000...(size=12))
2024-10-09 04:29:55,261 DEBUG server.RaftServer$Division (RaftServerImpl.java:logAppendEntries(1545)) - s5@group-DE92A9858D7E: appendEntries* reply s6<-s5#5743:OK-t1,SUCCESS,nextIndex=49,followerCommit=47,matchIndex=48
2024-10-09 04:29:55,262 DEBUG server.RaftServer$Division (RaftServerImpl.java:logAppendEntries(1545)) - s4@group-DE92A9858D7E: appendEntries* reply s6<-s4#5744:OK-t1,SUCCESS,nextIndex=49,followerCommit=47,matchIndex=48
2024-10-09 04:29:55,262 DEBUG server.RaftServer$Division (LeaderStateImpl.java:addPendingRequest(529)) - s6@group-DE92A9858D7E-LeaderStateImpl: addPendingRequest at RaftClientRequest:client-3CEDCB722536->s6@group-DE92A9858D7E, cid=5745, seq=null, RW, Message:010161024051c0000000...(size=12), entry=(t:1, i:49), STATEMACHINELOGENTRY, WRITE: logData.size=12, stateMachineData.size=0, logEntryProtoSerializedSize=0
2024-10-09 04:29:55,262 DEBUG server.RaftServer$Division (RaftServerImpl.java:logAppendEntries(1545)) - s5@group-DE92A9858D7E: appendEntries* s6->s5#5746-t1,previous=(t:1, i:48),leaderCommit=48,initializing? false,entries: size=1, first=(t:1, i:49), STATEMACHINELOGENTRY, StateMachineLogEntryProto:5745@client-3CEDCB722536
2024-10-09 04:29:55,262 DEBUG server.RaftServer$Division (RaftServerImpl.java:logAppendEntries(1545)) - s4@group-DE92A9858D7E: appendEntries* s6->s4#5747-t1,previous=(t:1, i:48),leaderCommit=48,initializing? false,entries: size=1, first=(t:1, i:49), STATEMACHINELOGENTRY, StateMachineLogEntryProto:5745@client-3CEDCB722536
2024-10-09 04:29:55,263 DEBUG server.RaftServer$Division (RaftServerImpl.java:logAppendEntries(1545)) - s5@group-DE92A9858D7E: appendEntries* reply s6<-s5#5746:OK-t1,SUCCESS,nextIndex=50,followerCommit=48,matchIndex=49
2024-10-09 04:29:55,263 DEBUG server.RaftServer$Division (RaftServerImpl.java:logAppendEntries(1545)) - s4@group-DE92A9858D7E: appendEntries* reply s6<-s4#5747:OK-t1,SUCCESS,nextIndex=50,followerCommit=48,matchIndex=49
2024-10-09 04:29:55,263 INFO  statemachine.StateMachine (ArithmeticStateMachine.java:applyTransaction(181)) - LEADER:s6-49: a = 71 = 71
2024-10-09 04:29:55,263 DEBUG server.RaftServer$Division (RaftServerImpl.java:logAppendEntries(1545)) - s5@group-DE92A9858D7E: appendEntries* s6->s5#5748-t1,previous=(t:1, i:49),leaderCommit=49,initializing? false,entries: size=1, first=(t:1, i:50), METADATAENTRY(c:49)
2024-10-09 04:29:55,263 DEBUG server.RaftServer$Division (RaftServerImpl.java:logAppendEntries(1545)) - s4@group-DE92A9858D7E: appendEntries* s6->s4#5749-t1,previous=(t:1, i:49),leaderCommit=49,initializing? false,entries: size=1, first=(t:1, i:50), METADATAENTRY(c:49)
2024-10-09 04:29:55,263 DEBUG server.RaftServer$Division (RaftServerImpl.java:logAppendEntries(1545)) - s5@group-DE92A9858D7E: appendEntries* reply s6<-s5#5748:OK-t1,SUCCESS,nextIndex=51,followerCommit=49,matchIndex=50
2024-10-09 04:29:55,263 DEBUG server.RaftServer$Division (RaftServerImpl.java:submitClientRequestAsync(916)) - s6@group-DE92A9858D7E: receive client request(RaftClientRequest:client-3CEDCB722536->s6@group-DE92A9858D7E, cid=5750, seq=null, RW, Message:0101620240a3b0000000...(size=12))
2024-10-09 04:29:55,264 DEBUG server.RaftServer$Division (LeaderStateImpl.java:addPendingRequest(529)) - s6@group-DE92A9858D7E-LeaderStateImpl: addPendingRequest at RaftClientRequest:client-3CEDCB722536->s6@group-DE92A9858D7E, cid=5750, seq=null, RW, Message:0101620240a3b0000000...(size=12), entry=(t:1, i:51), STATEMACHINELOGENTRY, WRITE: logData.size=12, stateMachineData.size=0, logEntryProtoSerializedSize=0
2024-10-09 04:29:55,264 DEBUG server.RaftServer$Division (RaftServerImpl.java:logAppendEntries(1545)) - s4@group-DE92A9858D7E: appendEntries* reply s6<-s4#5749:OK-t1,SUCCESS,nextIndex=51,followerCommit=49,matchIndex=50
2024-10-09 04:29:55,264 DEBUG server.RaftServer$Division (RaftServerImpl.java:logAppendEntries(1545)) - s5@group-DE92A9858D7E: appendEntries* s6->s5#5751-t1,previous=(t:1, i:50),leaderCommit=50,initializing? false,entries: size=1, first=(t:1, i:51), STATEMACHINELOGENTRY, StateMachineLogEntryProto:5750@client-3CEDCB722536
2024-10-09 04:29:55,265 DEBUG server.RaftServer$Division (RaftServerImpl.java:logAppendEntries(1545)) - s4@group-DE92A9858D7E: appendEntries* s6->s4#5752-t1,previous=(t:1, i:50),leaderCommit=50,initializing? false,entries: size=1, first=(t:1, i:51), STATEMACHINELOGENTRY, StateMachineLogEntryProto:5750@client-3CEDCB722536
2024-10-09 04:29:55,265 DEBUG server.RaftServer$Division (RaftServerImpl.java:logAppendEntries(1545)) - s5@group-DE92A9858D7E: appendEntries* reply s6<-s5#5751:OK-t1,SUCCESS,nextIndex=52,followerCommit=50,matchIndex=51
2024-10-09 04:29:55,265 INFO  statemachine.StateMachine (ArithmeticStateMachine.java:applyTransaction(181)) - LEADER:s6-51: b = 2520 = 2520
2024-10-09 04:29:55,265 DEBUG server.RaftServer$Division (RaftServerImpl.java:logAppendEntries(1545)) - s4@group-DE92A9858D7E: appendEntries* reply s6<-s4#5752:OK-t1,SUCCESS,nextIndex=52,followerCommit=50,matchIndex=51
2024-10-09 04:29:55,265 DEBUG server.RaftServer$Division (RaftServerImpl.java:logAppendEntries(1545)) - s5@group-DE92A9858D7E: appendEntries* s6->s5#5753-t1,previous=(t:1, i:51),leaderCommit=51,initializing? false,entries: size=1, first=(t:1, i:52), METADATAENTRY(c:51)
2024-10-09 04:29:55,266 DEBUG server.RaftServer$Division (RaftServerImpl.java:logAppendEntries(1545)) - s5@group-DE92A9858D7E: appendEntries* reply s6<-s5#5753:OK-t1,SUCCESS,nextIndex=53,followerCommit=51,matchIndex=52
2024-10-09 04:29:55,266 DEBUG server.RaftServer$Division (RaftServerImpl.java:submitClientRequestAsync(916)) - s6@group-DE92A9858D7E: receive client request(RaftClientRequest:client-3CEDCB722536->s6@group-DE92A9858D7E, cid=5754, seq=null, RW, Message:01016304010300040201...(size=17))
2024-10-09 04:29:55,266 DEBUG server.RaftServer$Division (RaftServerImpl.java:logAppendEntries(1545)) - s4@group-DE92A9858D7E: appendEntries* s6->s4#5755-t1,previous=(t:1, i:51),leaderCommit=51,initializing? false,entries: size=1, first=(t:1, i:52), METADATAENTRY(c:51)
2024-10-09 04:29:55,266 DEBUG server.RaftServer$Division (LeaderStateImpl.java:addPendingRequest(529)) - s6@group-DE92A9858D7E-LeaderStateImpl: addPendingRequest at RaftClientRequest:client-3CEDCB722536->s6@group-DE92A9858D7E, cid=5754, seq=null, RW, Message:01016304010300040201...(size=17), entry=(t:1, i:53), STATEMACHINELOGENTRY, WRITE: logData.size=17, stateMachineData.size=0, logEntryProtoSerializedSize=0
2024-10-09 04:29:55,267 DEBUG server.RaftServer$Division (RaftServerImpl.java:logAppendEntries(1545)) - s4@group-DE92A9858D7E: appendEntries* reply s6<-s4#5755:OK-t1,SUCCESS,nextIndex=53,followerCommit=51,matchIndex=52
2024-10-09 04:29:55,267 DEBUG server.RaftServer$Division (RaftServerImpl.java:logAppendEntries(1545)) - s5@group-DE92A9858D7E: appendEntries* s6->s5#5756-t1,previous=(t:1, i:52),leaderCommit=52,initializing? false,entries: size=1, first=(t:1, i:53), STATEMACHINELOGENTRY, StateMachineLogEntryProto:5754@client-3CEDCB722536
2024-10-09 04:29:55,267 DEBUG server.RaftServer$Division (RaftServerImpl.java:logAppendEntries(1545)) - s5@group-DE92A9858D7E: appendEntries* reply s6<-s5#5756:OK-t1,SUCCESS,nextIndex=54,followerCommit=52,matchIndex=53
2024-10-09 04:29:55,267 DEBUG server.RaftServer$Division (RaftServerImpl.java:logAppendEntries(1545)) - s4@group-DE92A9858D7E: appendEntries* s6->s4#5757-t1,previous=(t:1, i:52),leaderCommit=52,initializing? false,entries: size=1, first=(t:1, i:53), STATEMACHINELOGENTRY, StateMachineLogEntryProto:5754@client-3CEDCB722536
2024-10-09 04:29:55,268 INFO  statemachine.StateMachine (ArithmeticStateMachine.java:applyTransaction(181)) - LEADER:s6-53: c = √(a^2 + b^2) = 2521
2024-10-09 04:29:55,268 DEBUG server.RaftServer$Division (RaftServerImpl.java:logAppendEntries(1545)) - s4@group-DE92A9858D7E: appendEntries* reply s6<-s4#5757:OK-t1,SUCCESS,nextIndex=54,followerCommit=52,matchIndex=53
2024-10-09 04:29:55,268 DEBUG server.RaftServer$Division (RaftServerImpl.java:logAppendEntries(1545)) - s5@group-DE92A9858D7E: appendEntries* s6->s5#5758-t1,previous=(t:1, i:53),leaderCommit=53,initializing? false,entries: size=1, first=(t:1, i:54), METADATAENTRY(c:53)
2024-10-09 04:29:55,268 DEBUG server.RaftServer$Division (RaftServerImpl.java:logAppendEntries(1545)) - s5@group-DE92A9858D7E: appendEntries* reply s6<-s5#5758:OK-t1,SUCCESS,nextIndex=55,followerCommit=53,matchIndex=54
2024-10-09 04:29:55,269 DEBUG server.RaftServer$Division (RaftServerImpl.java:logAppendEntries(1545)) - s4@group-DE92A9858D7E: appendEntries* s6->s4#5760-t1,previous=(t:1, i:53),leaderCommit=53,initializing? false,entries: size=1, first=(t:1, i:54), METADATAENTRY(c:53)
2024-10-09 04:29:55,269 DEBUG server.RaftServer$Division (RaftServerImpl.java:submitClientRequestAsync(916)) - s6@group-DE92A9858D7E: receive client request(RaftClientRequest:client-3CEDCB722536->s6@group-DE92A9858D7E, cid=5759, seq=null, RW, Message:01016100)
2024-10-09 04:29:55,269 DEBUG server.RaftServer$Division (LeaderStateImpl.java:addPendingRequest(529)) - s6@group-DE92A9858D7E-LeaderStateImpl: addPendingRequest at RaftClientRequest:client-3CEDCB722536->s6@group-DE92A9858D7E, cid=5759, seq=null, RW, Message:01016100, entry=(t:1, i:55), STATEMACHINELOGENTRY, WRITE: logData.size=4, stateMachineData.size=0, logEntryProtoSerializedSize=0
2024-10-09 04:29:55,269 DEBUG server.RaftServer$Division (RaftServerImpl.java:logAppendEntries(1545)) - s4@group-DE92A9858D7E: appendEntries* reply s6<-s4#5760:OK-t1,SUCCESS,nextIndex=55,followerCommit=53,matchIndex=54
2024-10-09 04:29:55,269 DEBUG server.RaftServer$Division (RaftServerImpl.java:logAppendEntries(1545)) - s5@group-DE92A9858D7E: appendEntries* s6->s5#5761-t1,previous=(t:1, i:54),leaderCommit=54,initializing? false,entries: size=1, first=(t:1, i:55), STATEMACHINELOGENTRY, StateMachineLogEntryProto:5759@client-3CEDCB722536
2024-10-09 04:29:55,270 DEBUG server.RaftServer$Division (RaftServerImpl.java:logAppendEntries(1545)) - s5@group-DE92A9858D7E: appendEntries* reply s6<-s5#5761:OK-t1,SUCCESS,nextIndex=56,followerCommit=54,matchIndex=55
2024-10-09 04:29:55,270 DEBUG server.RaftServer$Division (RaftServerImpl.java:logAppendEntries(1545)) - s4@group-DE92A9858D7E: appendEntries* s6->s4#5762-t1,previous=(t:1, i:54),leaderCommit=54,initializing? false,entries: size=1, first=(t:1, i:55), STATEMACHINELOGENTRY, StateMachineLogEntryProto:5759@client-3CEDCB722536
2024-10-09 04:29:55,270 INFO  statemachine.StateMachine (ArithmeticStateMachine.java:applyTransaction(181)) - LEADER:s6-55: a = null = null
2024-10-09 04:29:55,270 DEBUG server.RaftServer$Division (RaftServerImpl.java:logAppendEntries(1545)) - s5@group-DE92A9858D7E: appendEntries* s6->s5#5763-t1,previous=(t:1, i:55),leaderCommit=55,initializing? false,entries: size=1, first=(t:1, i:56), METADATAENTRY(c:55)
2024-10-09 04:29:55,270 DEBUG server.RaftServer$Division (RaftServerImpl.java:logAppendEntries(1545)) - s5@group-DE92A9858D7E: appendEntries* reply s6<-s5#5763:OK-t1,SUCCESS,nextIndex=57,followerCommit=55,matchIndex=56
2024-10-09 04:29:55,271 DEBUG server.RaftServer$Division (RaftServerImpl.java:submitClientRequestAsync(916)) - s6@group-DE92A9858D7E: receive client request(RaftClientRequest:client-3CEDCB722536->s6@group-DE92A9858D7E, cid=5764, seq=null, RW, Message:01016200)
2024-10-09 04:29:55,271 DEBUG server.RaftServer$Division (RaftServerImpl.java:logAppendEntries(1545)) - s4@group-DE92A9858D7E: appendEntries* reply s6<-s4#5762:OK-t1,SUCCESS,nextIndex=56,followerCommit=54,matchIndex=55
2024-10-09 04:29:55,271 DEBUG server.RaftServer$Division (LeaderStateImpl.java:addPendingRequest(529)) - s6@group-DE92A9858D7E-LeaderStateImpl: addPendingRequest at RaftClientRequest:client-3CEDCB722536->s6@group-DE92A9858D7E, cid=5764, seq=null, RW, Message:01016200, entry=(t:1, i:57), STATEMACHINELOGENTRY, WRITE: logData.size=4, stateMachineData.size=0, logEntryProtoSerializedSize=0
2024-10-09 04:29:55,271 DEBUG server.RaftServer$Division (RaftServerImpl.java:logAppendEntries(1545)) - s4@group-DE92A9858D7E: appendEntries* s6->s4#5765-t1,previous=(t:1, i:55),leaderCommit=56,initializing? false,entries: size=2, first=(t:1, i:56), METADATAENTRY(c:55)
2024-10-09 04:29:55,271 DEBUG server.RaftServer$Division (RaftServerImpl.java:logAppendEntries(1545)) - s5@group-DE92A9858D7E: appendEntries* s6->s5#5766-t1,previous=(t:1, i:56),leaderCommit=56,initializing? false,entries: size=1, first=(t:1, i:57), STATEMACHINELOGENTRY, StateMachineLogEntryProto:5764@client-3CEDCB722536
2024-10-09 04:29:55,272 DEBUG server.RaftServer$Division (RaftServerImpl.java:logAppendEntries(1545)) - s5@group-DE92A9858D7E: appendEntries* reply s6<-s5#5766:OK-t1,SUCCESS,nextIndex=58,followerCommit=56,matchIndex=57
2024-10-09 04:29:55,272 DEBUG server.RaftServer$Division (RaftServerImpl.java:logAppendEntries(1545)) - s4@group-DE92A9858D7E: appendEntries* reply s6<-s4#5765:OK-t1,SUCCESS,nextIndex=58,followerCommit=56,matchIndex=57
2024-10-09 04:29:55,272 INFO  statemachine.StateMachine (ArithmeticStateMachine.java:applyTransaction(181)) - LEADER:s6-57: b = null = null
2024-10-09 04:29:55,273 DEBUG server.RaftServer$Division (RaftServerImpl.java:logAppendEntries(1545)) - s5@group-DE92A9858D7E: appendEntries* s6->s5#5767-t1,previous=(t:1, i:57),leaderCommit=57,initializing? false,entries: size=1, first=(t:1, i:58), METADATAENTRY(c:57)
2024-10-09 04:29:55,273 DEBUG server.RaftServer$Division (RaftServerImpl.java:logAppendEntries(1545)) - s4@group-DE92A9858D7E: appendEntries* s6->s4#5768-t1,previous=(t:1, i:57),leaderCommit=57,initializing? false,entries: size=1, first=(t:1, i:58), METADATAENTRY(c:57)
2024-10-09 04:29:55,273 DEBUG server.RaftServer$Division (RaftServerImpl.java:logAppendEntries(1545)) - s5@group-DE92A9858D7E: appendEntries* reply s6<-s5#5767:OK-t1,SUCCESS,nextIndex=59,followerCommit=57,matchIndex=58
2024-10-09 04:29:55,273 DEBUG server.RaftServer$Division (RaftServerImpl.java:submitClientRequestAsync(916)) - s6@group-DE92A9858D7E: receive client request(RaftClientRequest:client-3CEDCB722536->s6@group-DE92A9858D7E, cid=5769, seq=null, RW, Message:01016300)
2024-10-09 04:29:55,274 DEBUG server.RaftServer$Division (RaftServerImpl.java:logAppendEntries(1545)) - s4@group-DE92A9858D7E: appendEntries* reply s6<-s4#5768:OK-t1,SUCCESS,nextIndex=59,followerCommit=57,matchIndex=58
2024-10-09 04:29:55,274 DEBUG server.RaftServer$Division (LeaderStateImpl.java:addPendingRequest(529)) - s6@group-DE92A9858D7E-LeaderStateImpl: addPendingRequest at RaftClientRequest:client-3CEDCB722536->s6@group-DE92A9858D7E, cid=5769, seq=null, RW, Message:01016300, entry=(t:1, i:59), STATEMACHINELOGENTRY, WRITE: logData.size=4, stateMachineData.size=0, logEntryProtoSerializedSize=0
2024-10-09 04:29:55,274 DEBUG server.RaftServer$Division (RaftServerImpl.java:logAppendEntries(1545)) - s5@group-DE92A9858D7E: appendEntries* s6->s5#5770-t1,previous=(t:1, i:58),leaderCommit=58,initializing? false,entries: size=1, first=(t:1, i:59), STATEMACHINELOGENTRY, StateMachineLogEntryProto:5769@client-3CEDCB722536
2024-10-09 04:29:55,274 DEBUG server.RaftServer$Division (RaftServerImpl.java:logAppendEntries(1545)) - s4@group-DE92A9858D7E: appendEntries* s6->s4#5771-t1,previous=(t:1, i:58),leaderCommit=58,initializing? false,entries: size=1, first=(t:1, i:59), STATEMACHINELOGENTRY, StateMachineLogEntryProto:5769@client-3CEDCB722536
2024-10-09 04:29:55,275 DEBUG server.RaftServer$Division (RaftServerImpl.java:logAppendEntries(1545)) - s5@group-DE92A9858D7E: appendEntries* reply s6<-s5#5770:OK-t1,SUCCESS,nextIndex=60,followerCommit=58,matchIndex=59
2024-10-09 04:29:55,275 DEBUG server.RaftServer$Division (RaftServerImpl.java:logAppendEntries(1545)) - s4@group-DE92A9858D7E: appendEntries* reply s6<-s4#5771:OK-t1,SUCCESS,nextIndex=60,followerCommit=58,matchIndex=59
2024-10-09 04:29:55,275 INFO  statemachine.StateMachine (ArithmeticStateMachine.java:applyTransaction(181)) - LEADER:s6-59: c = null = null
2024-10-09 04:29:55,275 DEBUG server.RaftServer$Division (RaftServerImpl.java:logAppendEntries(1545)) - s5@group-DE92A9858D7E: appendEntries* s6->s5#5772-t1,previous=(t:1, i:59),leaderCommit=59,initializing? false,entries: size=1, first=(t:1, i:60), METADATAENTRY(c:59)
2024-10-09 04:29:55,275 DEBUG server.RaftServer$Division (RaftServerImpl.java:logAppendEntries(1545)) - s4@group-DE92A9858D7E: appendEntries* s6->s4#5773-t1,previous=(t:1, i:59),leaderCommit=59,initializing? false,entries: size=1, first=(t:1, i:60), METADATAENTRY(c:59)
2024-10-09 04:29:55,276 DEBUG server.RaftServer$Division (RaftServerImpl.java:logAppendEntries(1545)) - s4@group-DE92A9858D7E: appendEntries* reply s6<-s4#5773:OK-t1,SUCCESS,nextIndex=61,followerCommit=59,matchIndex=60
2024-10-09 04:29:55,276 DEBUG server.RaftServer$Division (RaftServerImpl.java:logAppendEntries(1545)) - s5@group-DE92A9858D7E: appendEntries* reply s6<-s5#5772:OK-t1,SUCCESS,nextIndex=61,followerCommit=59,matchIndex=60
2024-10-09 04:29:55,276 DEBUG server.RaftServer$Division (RaftServerImpl.java:submitClientRequestAsync(916)) - s6@group-DE92A9858D7E: receive client request(RaftClientRequest:client-3CEDCB722536->s6@group-DE92A9858D7E, cid=5774, seq=null, RW, Message:01016102405240000000...(size=12))
2024-10-09 04:29:55,276 DEBUG server.RaftServer$Division (LeaderStateImpl.java:addPendingRequest(529)) - s6@group-DE92A9858D7E-LeaderStateImpl: addPendingRequest at RaftClientRequest:client-3CEDCB722536->s6@group-DE92A9858D7E, cid=5774, seq=null, RW, Message:01016102405240000000...(size=12), entry=(t:1, i:61), STATEMACHINELOGENTRY, WRITE: logData.size=12, stateMachineData.size=0, logEntryProtoSerializedSize=0
2024-10-09 04:29:55,277 DEBUG server.RaftServer$Division (RaftServerImpl.java:logAppendEntries(1545)) - s5@group-DE92A9858D7E: appendEntries* s6->s5#5776-t1,previous=(t:1, i:60),leaderCommit=60,initializing? false,entries: size=1, first=(t:1, i:61), STATEMACHINELOGENTRY, StateMachineLogEntryProto:5774@client-3CEDCB722536
2024-10-09 04:29:55,277 DEBUG server.RaftServer$Division (RaftServerImpl.java:logAppendEntries(1545)) - s4@group-DE92A9858D7E: appendEntries* s6->s4#5775-t1,previous=(t:1, i:60),leaderCommit=60,initializing? false,entries: size=1, first=(t:1, i:61), STATEMACHINELOGENTRY, StateMachineLogEntryProto:5774@client-3CEDCB722536
2024-10-09 04:29:55,277 DEBUG server.RaftServer$Division (RaftServerImpl.java:logAppendEntries(1545)) - s5@group-DE92A9858D7E: appendEntries* reply s6<-s5#5776:OK-t1,SUCCESS,nextIndex=62,followerCommit=60,matchIndex=61
2024-10-09 04:29:55,277 DEBUG server.RaftServer$Division (RaftServerImpl.java:logAppendEntries(1545)) - s4@group-DE92A9858D7E: appendEntries* reply s6<-s4#5775:OK-t1,SUCCESS,nextIndex=62,followerCommit=60,matchIndex=61
2024-10-09 04:29:55,277 INFO  statemachine.StateMachine (ArithmeticStateMachine.java:applyTransaction(181)) - LEADER:s6-61: a = 73 = 73
2024-10-09 04:29:55,278 DEBUG server.RaftServer$Division (RaftServerImpl.java:logAppendEntries(1545)) - s4@group-DE92A9858D7E: appendEntries* s6->s4#5777-t1,previous=(t:1, i:61),leaderCommit=61,initializing? false,entries: size=1, first=(t:1, i:62), METADATAENTRY(c:61)
2024-10-09 04:29:55,278 DEBUG server.RaftServer$Division (RaftServerImpl.java:logAppendEntries(1545)) - s5@group-DE92A9858D7E: appendEntries* s6->s5#5778-t1,previous=(t:1, i:61),leaderCommit=61,initializing? false,entries: size=1, first=(t:1, i:62), METADATAENTRY(c:61)
2024-10-09 04:29:55,278 DEBUG server.RaftServer$Division (RaftServerImpl.java:submitClientRequestAsync(916)) - s6@group-DE92A9858D7E: receive client request(RaftClientRequest:client-3CEDCB722536->s6@group-DE92A9858D7E, cid=5779, seq=null, RW, Message:0101620240a4d0000000...(size=12))
2024-10-09 04:29:55,278 DEBUG server.RaftServer$Division (RaftServerImpl.java:logAppendEntries(1545)) - s5@group-DE92A9858D7E: appendEntries* reply s6<-s5#5778:OK-t1,SUCCESS,nextIndex=63,followerCommit=61,matchIndex=62
2024-10-09 04:29:55,278 DEBUG server.RaftServer$Division (RaftServerImpl.java:logAppendEntries(1545)) - s4@group-DE92A9858D7E: appendEntries* reply s6<-s4#5777:OK-t1,SUCCESS,nextIndex=63,followerCommit=61,matchIndex=62
2024-10-09 04:29:55,279 DEBUG server.RaftServer$Division (LeaderStateImpl.java:addPendingRequest(529)) - s6@group-DE92A9858D7E-LeaderStateImpl: addPendingRequest at RaftClientRequest:client-3CEDCB722536->s6@group-DE92A9858D7E, cid=5779, seq=null, RW, Message:0101620240a4d0000000...(size=12), entry=(t:1, i:63), STATEMACHINELOGENTRY, WRITE: logData.size=12, stateMachineData.size=0, logEntryProtoSerializedSize=0
2024-10-09 04:29:55,279 DEBUG server.RaftServer$Division (RaftServerImpl.java:logAppendEntries(1545)) - s5@group-DE92A9858D7E: appendEntries* s6->s5#5780-t1,previous=(t:1, i:62),leaderCommit=61,initializing? false,entries: size=1, first=(t:1, i:63), STATEMACHINELOGENTRY, StateMachineLogEntryProto:5779@client-3CEDCB722536
2024-10-09 04:29:55,279 DEBUG server.RaftServer$Division (RaftServerImpl.java:logAppendEntries(1545)) - s4@group-DE92A9858D7E: appendEntries* s6->s4#5781-t1,previous=(t:1, i:62),leaderCommit=61,initializing? false,entries: size=1, first=(t:1, i:63), STATEMACHINELOGENTRY, StateMachineLogEntryProto:5779@client-3CEDCB722536
2024-10-09 04:29:55,279 DEBUG server.RaftServer$Division (RaftServerImpl.java:logAppendEntries(1545)) - s5@group-DE92A9858D7E: appendEntries* reply s6<-s5#5780:OK-t1,SUCCESS,nextIndex=64,followerCommit=61,matchIndex=63
2024-10-09 04:29:55,280 DEBUG server.RaftServer$Division (RaftServerImpl.java:logAppendEntries(1545)) - s4@group-DE92A9858D7E: appendEntries* reply s6<-s4#5781:OK-t1,SUCCESS,nextIndex=64,followerCommit=61,matchIndex=63
2024-10-09 04:29:55,280 INFO  statemachine.StateMachine (ArithmeticStateMachine.java:applyTransaction(181)) - LEADER:s6-63: b = 2664 = 2664
2024-10-09 04:29:55,280 DEBUG server.RaftServer$Division (RaftServerImpl.java:logAppendEntries(1545)) - s5@group-DE92A9858D7E: appendEntries* s6->s5#5782-t1,previous=(t:1, i:63),leaderCommit=63,initializing? false,entries: size=1, first=(t:1, i:64), METADATAENTRY(c:63)
2024-10-09 04:29:55,280 DEBUG server.RaftServer$Division (RaftServerImpl.java:logAppendEntries(1545)) - s4@group-DE92A9858D7E: appendEntries* s6->s4#5783-t1,previous=(t:1, i:63),leaderCommit=63,initializing? false,entries: size=1, first=(t:1, i:64), METADATAENTRY(c:63)
2024-10-09 04:29:55,280 DEBUG server.RaftServer$Division (RaftServerImpl.java:logAppendEntries(1545)) - s5@group-DE92A9858D7E: appendEntries* reply s6<-s5#5782:OK-t1,SUCCESS,nextIndex=65,followerCommit=63,matchIndex=64
2024-10-09 04:29:55,280 DEBUG server.RaftServer$Division (RaftServerImpl.java:logAppendEntries(1545)) - s4@group-DE92A9858D7E: appendEntries* reply s6<-s4#5783:OK-t1,SUCCESS,nextIndex=65,followerCommit=63,matchIndex=64
2024-10-09 04:29:55,281 DEBUG server.RaftServer$Division (RaftServerImpl.java:submitClientRequestAsync(916)) - s6@group-DE92A9858D7E: receive client request(RaftClientRequest:client-3CEDCB722536->s6@group-DE92A9858D7E, cid=5784, seq=null, RW, Message:01016304010300040201...(size=17))
2024-10-09 04:29:55,281 DEBUG server.RaftServer$Division (LeaderStateImpl.java:addPendingRequest(529)) - s6@group-DE92A9858D7E-LeaderStateImpl: addPendingRequest at RaftClientRequest:client-3CEDCB722536->s6@group-DE92A9858D7E, cid=5784, seq=null, RW, Message:01016304010300040201...(size=17), entry=(t:1, i:65), STATEMACHINELOGENTRY, WRITE: logData.size=17, stateMachineData.size=0, logEntryProtoSerializedSize=0
2024-10-09 04:29:55,281 DEBUG server.RaftServer$Division (RaftServerImpl.java:logAppendEntries(1545)) - s5@group-DE92A9858D7E: appendEntries* s6->s5#5786-t1,previous=(t:1, i:64),leaderCommit=64,initializing? false,entries: size=1, first=(t:1, i:65), STATEMACHINELOGENTRY, StateMachineLogEntryProto:5784@client-3CEDCB722536
2024-10-09 04:29:55,281 DEBUG server.RaftServer$Division (RaftServerImpl.java:logAppendEntries(1545)) - s4@group-DE92A9858D7E: appendEntries* s6->s4#5785-t1,previous=(t:1, i:64),leaderCommit=64,initializing? false,entries: size=1, first=(t:1, i:65), STATEMACHINELOGENTRY, StateMachineLogEntryProto:5784@client-3CEDCB722536
2024-10-09 04:29:55,282 DEBUG server.RaftServer$Division (RaftServerImpl.java:logAppendEntries(1545)) - s4@group-DE92A9858D7E: appendEntries* reply s6<-s4#5785:OK-t1,SUCCESS,nextIndex=66,followerCommit=64,matchIndex=65
2024-10-09 04:29:55,282 DEBUG server.RaftServer$Division (RaftServerImpl.java:logAppendEntries(1545)) - s5@group-DE92A9858D7E: appendEntries* reply s6<-s5#5786:OK-t1,SUCCESS,nextIndex=66,followerCommit=64,matchIndex=65
2024-10-09 04:29:55,282 INFO  statemachine.StateMachine (ArithmeticStateMachine.java:applyTransaction(181)) - LEADER:s6-65: c = √(a^2 + b^2) = 2665
2024-10-09 04:29:55,282 DEBUG server.RaftServer$Division (RaftServerImpl.java:logAppendEntries(1545)) - s5@group-DE92A9858D7E: appendEntries* s6->s5#5788-t1,previous=(t:1, i:65),leaderCommit=65,initializing? false,entries: size=1, first=(t:1, i:66), METADATAENTRY(c:65)
2024-10-09 04:29:55,283 DEBUG server.RaftServer$Division (RaftServerImpl.java:logAppendEntries(1545)) - s4@group-DE92A9858D7E: appendEntries* s6->s4#5787-t1,previous=(t:1, i:65),leaderCommit=65,initializing? false,entries: size=1, first=(t:1, i:66), METADATAENTRY(c:65)
2024-10-09 04:29:55,283 DEBUG server.RaftServer$Division (RaftServerImpl.java:submitClientRequestAsync(916)) - s6@group-DE92A9858D7E: receive client request(RaftClientRequest:client-3CEDCB722536->s6@group-DE92A9858D7E, cid=5789, seq=null, RW, Message:01016100)
2024-10-09 04:29:55,283 DEBUG server.RaftServer$Division (RaftServerImpl.java:logAppendEntries(1545)) - s5@group-DE92A9858D7E: appendEntries* reply s6<-s5#5788:OK-t1,SUCCESS,nextIndex=67,followerCommit=65,matchIndex=66
2024-10-09 04:29:55,283 DEBUG server.RaftServer$Division (RaftServerImpl.java:logAppendEntries(1545)) - s4@group-DE92A9858D7E: appendEntries* reply s6<-s4#5787:OK-t1,SUCCESS,nextIndex=67,followerCommit=65,matchIndex=66
2024-10-09 04:29:55,283 DEBUG server.RaftServer$Division (LeaderStateImpl.java:addPendingRequest(529)) - s6@group-DE92A9858D7E-LeaderStateImpl: addPendingRequest at RaftClientRequest:client-3CEDCB722536->s6@group-DE92A9858D7E, cid=5789, seq=null, RW, Message:01016100, entry=(t:1, i:67), STATEMACHINELOGENTRY, WRITE: logData.size=4, stateMachineData.size=0, logEntryProtoSerializedSize=0
2024-10-09 04:29:55,283 DEBUG server.RaftServer$Division (RaftServerImpl.java:logAppendEntries(1545)) - s5@group-DE92A9858D7E: appendEntries* s6->s5#5790-t1,previous=(t:1, i:66),leaderCommit=65,initializing? false,entries: size=1, first=(t:1, i:67), STATEMACHINELOGENTRY, StateMachineLogEntryProto:5789@client-3CEDCB722536
2024-10-09 04:29:55,284 DEBUG server.RaftServer$Division (RaftServerImpl.java:logAppendEntries(1545)) - s4@group-DE92A9858D7E: appendEntries* s6->s4#5791-t1,previous=(t:1, i:66),leaderCommit=65,initializing? false,entries: size=1, first=(t:1, i:67), STATEMACHINELOGENTRY, StateMachineLogEntryProto:5789@client-3CEDCB722536
2024-10-09 04:29:55,284 DEBUG server.RaftServer$Division (RaftServerImpl.java:logAppendEntries(1545)) - s5@group-DE92A9858D7E: appendEntries* reply s6<-s5#5790:OK-t1,SUCCESS,nextIndex=68,followerCommit=65,matchIndex=67
2024-10-09 04:29:55,284 DEBUG server.RaftServer$Division (RaftServerImpl.java:logAppendEntries(1545)) - s4@group-DE92A9858D7E: appendEntries* reply s6<-s4#5791:OK-t1,SUCCESS,nextIndex=68,followerCommit=65,matchIndex=67
2024-10-09 04:29:55,284 INFO  statemachine.StateMachine (ArithmeticStateMachine.java:applyTransaction(181)) - LEADER:s6-67: a = null = null
2024-10-09 04:29:55,285 DEBUG server.RaftServer$Division (RaftServerImpl.java:logAppendEntries(1545)) - s4@group-DE92A9858D7E: appendEntries* s6->s4#5793-t1,previous=(t:1, i:67),leaderCommit=67,initializing? false,entries: size=1, first=(t:1, i:68), METADATAENTRY(c:67)
2024-10-09 04:29:55,285 DEBUG server.RaftServer$Division (RaftServerImpl.java:logAppendEntries(1545)) - s5@group-DE92A9858D7E: appendEntries* s6->s5#5792-t1,previous=(t:1, i:67),leaderCommit=67,initializing? false,entries: size=1, first=(t:1, i:68), METADATAENTRY(c:67)
2024-10-09 04:29:55,285 DEBUG server.RaftServer$Division (RaftServerImpl.java:logAppendEntries(1545)) - s4@group-DE92A9858D7E: appendEntries* reply s6<-s4#5793:OK-t1,SUCCESS,nextIndex=69,followerCommit=67,matchIndex=68
2024-10-09 04:29:55,285 DEBUG server.RaftServer$Division (RaftServerImpl.java:logAppendEntries(1545)) - s5@group-DE92A9858D7E: appendEntries* reply s6<-s5#5792:OK-t1,SUCCESS,nextIndex=69,followerCommit=67,matchIndex=68
2024-10-09 04:29:55,285 DEBUG server.RaftServer$Division (RaftServerImpl.java:submitClientRequestAsync(916)) - s6@group-DE92A9858D7E: receive client request(RaftClientRequest:client-3CEDCB722536->s6@group-DE92A9858D7E, cid=5794, seq=null, RW, Message:01016200)
2024-10-09 04:29:55,286 DEBUG server.RaftServer$Division (LeaderStateImpl.java:addPendingRequest(529)) - s6@group-DE92A9858D7E-LeaderStateImpl: addPendingRequest at RaftClientRequest:client-3CEDCB722536->s6@group-DE92A9858D7E, cid=5794, seq=null, RW, Message:01016200, entry=(t:1, i:69), STATEMACHINELOGENTRY, WRITE: logData.size=4, stateMachineData.size=0, logEntryProtoSerializedSize=0
2024-10-09 04:29:55,286 DEBUG server.RaftServer$Division (RaftServerImpl.java:logAppendEntries(1545)) - s5@group-DE92A9858D7E: appendEntries* s6->s5#5795-t1,previous=(t:1, i:68),leaderCommit=68,initializing? false,entries: size=1, first=(t:1, i:69), STATEMACHINELOGENTRY, StateMachineLogEntryProto:5794@client-3CEDCB722536
2024-10-09 04:29:55,286 DEBUG server.RaftServer$Division (RaftServerImpl.java:logAppendEntries(1545)) - s4@group-DE92A9858D7E: appendEntries* s6->s4#5796-t1,previous=(t:1, i:68),leaderCommit=68,initializing? false,entries: size=1, first=(t:1, i:69), STATEMACHINELOGENTRY, StateMachineLogEntryProto:5794@client-3CEDCB722536
2024-10-09 04:29:55,286 DEBUG server.RaftServer$Division (RaftServerImpl.java:logAppendEntries(1545)) - s5@group-DE92A9858D7E: appendEntries* reply s6<-s5#5795:OK-t1,SUCCESS,nextIndex=70,followerCommit=68,matchIndex=69
2024-10-09 04:29:55,286 DEBUG server.RaftServer$Division (RaftServerImpl.java:logAppendEntries(1545)) - s4@group-DE92A9858D7E: appendEntries* reply s6<-s4#5796:OK-t1,SUCCESS,nextIndex=70,followerCommit=68,matchIndex=69
2024-10-09 04:29:55,287 INFO  statemachine.StateMachine (ArithmeticStateMachine.java:applyTransaction(181)) - LEADER:s6-69: b = null = null
2024-10-09 04:29:55,287 DEBUG server.RaftServer$Division (RaftServerImpl.java:logAppendEntries(1545)) - s5@group-DE92A9858D7E: appendEntries* s6->s5#5797-t1,previous=(t:1, i:69),leaderCommit=69,initializing? false,entries: size=1, first=(t:1, i:70), METADATAENTRY(c:69)
2024-10-09 04:29:55,287 DEBUG server.RaftServer$Division (RaftServerImpl.java:logAppendEntries(1545)) - s4@group-DE92A9858D7E: appendEntries* s6->s4#5798-t1,previous=(t:1, i:69),leaderCommit=69,initializing? false,entries: size=1, first=(t:1, i:70), METADATAENTRY(c:69)
2024-10-09 04:29:55,287 DEBUG server.RaftServer$Division (RaftServerImpl.java:logAppendEntries(1545)) - s5@group-DE92A9858D7E: appendEntries* reply s6<-s5#5797:OK-t1,SUCCESS,nextIndex=71,followerCommit=69,matchIndex=70
2024-10-09 04:29:55,288 DEBUG server.RaftServer$Division (RaftServerImpl.java:logAppendEntries(1545)) - s4@group-DE92A9858D7E: appendEntries* reply s6<-s4#5798:OK-t1,SUCCESS,nextIndex=71,followerCommit=69,matchIndex=70
2024-10-09 04:29:55,288 DEBUG server.RaftServer$Division (RaftServerImpl.java:submitClientRequestAsync(916)) - s6@group-DE92A9858D7E: receive client request(RaftClientRequest:client-3CEDCB722536->s6@group-DE92A9858D7E, cid=5799, seq=null, RW, Message:01016300)
2024-10-09 04:29:55,288 DEBUG server.RaftServer$Division (LeaderStateImpl.java:addPendingRequest(529)) - s6@group-DE92A9858D7E-LeaderStateImpl: addPendingRequest at RaftClientRequest:client-3CEDCB722536->s6@group-DE92A9858D7E, cid=5799, seq=null, RW, Message:01016300, entry=(t:1, i:71), STATEMACHINELOGENTRY, WRITE: logData.size=4, stateMachineData.size=0, logEntryProtoSerializedSize=0
2024-10-09 04:29:55,288 DEBUG server.RaftServer$Division (RaftServerImpl.java:logAppendEntries(1545)) - s5@group-DE92A9858D7E: appendEntries* s6->s5#5801-t1,previous=(t:1, i:70),leaderCommit=70,initializing? false,entries: size=1, first=(t:1, i:71), STATEMACHINELOGENTRY, StateMachineLogEntryProto:5799@client-3CEDCB722536
2024-10-09 04:29:55,288 DEBUG server.RaftServer$Division (RaftServerImpl.java:logAppendEntries(1545)) - s4@group-DE92A9858D7E: appendEntries* s6->s4#5800-t1,previous=(t:1, i:70),leaderCommit=70,initializing? false,entries: size=1, first=(t:1, i:71), STATEMACHINELOGENTRY, StateMachineLogEntryProto:5799@client-3CEDCB722536
2024-10-09 04:29:55,289 DEBUG server.RaftServer$Division (RaftServerImpl.java:logAppendEntries(1545)) - s5@group-DE92A9858D7E: appendEntries* reply s6<-s5#5801:OK-t1,SUCCESS,nextIndex=72,followerCommit=70,matchIndex=71
2024-10-09 04:29:55,289 INFO  statemachine.StateMachine (ArithmeticStateMachine.java:applyTransaction(181)) - LEADER:s6-71: c = null = null
2024-10-09 04:29:55,289 DEBUG server.RaftServer$Division (RaftServerImpl.java:logAppendEntries(1545)) - s4@group-DE92A9858D7E: appendEntries* reply s6<-s4#5800:OK-t1,SUCCESS,nextIndex=72,followerCommit=70,matchIndex=71
2024-10-09 04:29:55,289 DEBUG server.RaftServer$Division (RaftServerImpl.java:logAppendEntries(1545)) - s5@group-DE92A9858D7E: appendEntries* s6->s5#5806-t1,previous=(t:1, i:71),leaderCommit=71,initializing? false,entries: size=1, first=(t:1, i:72), METADATAENTRY(c:71)
2024-10-09 04:29:55,290 DEBUG server.RaftServer$Division (RaftServerImpl.java:logAppendEntries(1545)) - s5@group-DE92A9858D7E: appendEntries* reply s6<-s5#5806:OK-t1,SUCCESS,nextIndex=73,followerCommit=71,matchIndex=72
2024-10-09 04:29:55,290 DEBUG server.RaftServer$Division (RaftServerImpl.java:logAppendEntries(1545)) - s4@group-DE92A9858D7E: appendEntries* s6->s4#5807-t1,previous=(t:1, i:71),leaderCommit=71,initializing? false,entries: size=1, first=(t:1, i:72), METADATAENTRY(c:71)
2024-10-09 04:29:55,290 DEBUG server.RaftServer$Division (RaftServerImpl.java:submitClientRequestAsync(916)) - s6@group-DE92A9858D7E: receive client request(RaftClientRequest:client-3CEDCB722536->s6@group-DE92A9858D7E, cid=5808, seq=null, RW, Message:010161024052c0000000...(size=12))
2024-10-09 04:29:55,290 DEBUG server.RaftServer$Division (RaftServerImpl.java:logAppendEntries(1545)) - s4@group-DE92A9858D7E: appendEntries* reply s6<-s4#5807:OK-t1,SUCCESS,nextIndex=73,followerCommit=71,matchIndex=72
2024-10-09 04:29:55,290 DEBUG server.RaftServer$Division (LeaderStateImpl.java:addPendingRequest(529)) - s6@group-DE92A9858D7E-LeaderStateImpl: addPendingRequest at RaftClientRequest:client-3CEDCB722536->s6@group-DE92A9858D7E, cid=5808, seq=null, RW, Message:010161024052c0000000...(size=12), entry=(t:1, i:73), STATEMACHINELOGENTRY, WRITE: logData.size=12, stateMachineData.size=0, logEntryProtoSerializedSize=0
2024-10-09 04:29:55,291 DEBUG server.RaftServer$Division (RaftServerImpl.java:logAppendEntries(1545)) - s4@group-DE92A9858D7E: appendEntries* s6->s4#5809-t1,previous=(t:1, i:72),leaderCommit=72,initializing? false,entries: size=1, first=(t:1, i:73), STATEMACHINELOGENTRY, StateMachineLogEntryProto:5808@client-3CEDCB722536
2024-10-09 04:29:55,291 DEBUG server.RaftServer$Division (RaftServerImpl.java:logAppendEntries(1545)) - s5@group-DE92A9858D7E: appendEntries* s6->s5#5810-t1,previous=(t:1, i:72),leaderCommit=72,initializing? false,entries: size=1, first=(t:1, i:73), STATEMACHINELOGENTRY, StateMachineLogEntryProto:5808@client-3CEDCB722536
2024-10-09 04:29:55,291 DEBUG server.RaftServer$Division (RaftServerImpl.java:logAppendEntries(1545)) - s4@group-DE92A9858D7E: appendEntries* reply s6<-s4#5809:OK-t1,SUCCESS,nextIndex=74,followerCommit=72,matchIndex=73
2024-10-09 04:29:55,291 DEBUG server.RaftServer$Division (RaftServerImpl.java:logAppendEntries(1545)) - s5@group-DE92A9858D7E: appendEntries* reply s6<-s5#5810:OK-t1,SUCCESS,nextIndex=74,followerCommit=72,matchIndex=73
2024-10-09 04:29:55,292 INFO  statemachine.StateMachine (ArithmeticStateMachine.java:applyTransaction(181)) - LEADER:s6-73: a = 75 = 75
2024-10-09 04:29:55,292 DEBUG server.RaftServer$Division (RaftServerImpl.java:logAppendEntries(1545)) - s4@group-DE92A9858D7E: appendEntries* s6->s4#5811-t1,previous=(t:1, i:73),leaderCommit=73,initializing? false,entries: size=1, first=(t:1, i:74), METADATAENTRY(c:73)
2024-10-09 04:29:55,292 DEBUG server.RaftServer$Division (RaftServerImpl.java:logAppendEntries(1545)) - s5@group-DE92A9858D7E: appendEntries* s6->s5#5812-t1,previous=(t:1, i:73),leaderCommit=73,initializing? false,entries: size=1, first=(t:1, i:74), METADATAENTRY(c:73)
2024-10-09 04:29:55,292 DEBUG server.RaftServer$Division (RaftServerImpl.java:submitClientRequestAsync(916)) - s6@group-DE92A9858D7E: receive client request(RaftClientRequest:client-3CEDCB722536->s6@group-DE92A9858D7E, cid=5813, seq=null, RW, Message:0101620240a5f8000000...(size=12))
2024-10-09 04:29:55,293 DEBUG server.RaftServer$Division (RaftServerImpl.java:logAppendEntries(1545)) - s5@group-DE92A9858D7E: appendEntries* reply s6<-s5#5812:OK-t1,SUCCESS,nextIndex=75,followerCommit=73,matchIndex=74
2024-10-09 04:29:55,293 DEBUG server.RaftServer$Division (LeaderStateImpl.java:addPendingRequest(529)) - s6@group-DE92A9858D7E-LeaderStateImpl: addPendingRequest at RaftClientRequest:client-3CEDCB722536->s6@group-DE92A9858D7E, cid=5813, seq=null, RW, Message:0101620240a5f8000000...(size=12), entry=(t:1, i:75), STATEMACHINELOGENTRY, WRITE: logData.size=12, stateMachineData.size=0, logEntryProtoSerializedSize=0
2024-10-09 04:29:55,293 DEBUG server.RaftServer$Division (RaftServerImpl.java:logAppendEntries(1545)) - s4@group-DE92A9858D7E: appendEntries* reply s6<-s4#5811:OK-t1,SUCCESS,nextIndex=75,followerCommit=73,matchIndex=74
2024-10-09 04:29:55,293 DEBUG server.RaftServer$Division (RaftServerImpl.java:logAppendEntries(1545)) - s5@group-DE92A9858D7E: appendEntries* s6->s5#5814-t1,previous=(t:1, i:74),leaderCommit=73,initializing? false,entries: size=1, first=(t:1, i:75), STATEMACHINELOGENTRY, StateMachineLogEntryProto:5813@client-3CEDCB722536
2024-10-09 04:29:55,294 DEBUG server.RaftServer$Division (RaftServerImpl.java:logAppendEntries(1545)) - s5@group-DE92A9858D7E: appendEntries* reply s6<-s5#5814:OK-t1,SUCCESS,nextIndex=76,followerCommit=73,matchIndex=75
2024-10-09 04:29:55,294 DEBUG server.RaftServer$Division (RaftServerImpl.java:logAppendEntries(1545)) - s4@group-DE92A9858D7E: appendEntries* s6->s4#5815-t1,previous=(t:1, i:74),leaderCommit=74,initializing? false,entries: size=1, first=(t:1, i:75), STATEMACHINELOGENTRY, StateMachineLogEntryProto:5813@client-3CEDCB722536
2024-10-09 04:29:55,294 INFO  statemachine.StateMachine (ArithmeticStateMachine.java:applyTransaction(181)) - LEADER:s6-75: b = 2812 = 2812
2024-10-09 04:29:55,294 DEBUG server.RaftServer$Division (RaftServerImpl.java:logAppendEntries(1545)) - s5@group-DE92A9858D7E: appendEntries* s6->s5#5816-t1,previous=(t:1, i:75),leaderCommit=75,initializing? false,entries: size=1, first=(t:1, i:76), METADATAENTRY(c:75)
2024-10-09 04:29:55,294 DEBUG server.RaftServer$Division (RaftServerImpl.java:logAppendEntries(1545)) - s4@group-DE92A9858D7E: appendEntries* reply s6<-s4#5815:OK-t1,SUCCESS,nextIndex=76,followerCommit=74,matchIndex=75
2024-10-09 04:29:55,295 DEBUG server.RaftServer$Division (RaftServerImpl.java:submitClientRequestAsync(916)) - s6@group-DE92A9858D7E: receive client request(RaftClientRequest:client-3CEDCB722536->s6@group-DE92A9858D7E, cid=5817, seq=null, RW, Message:01016304010300040201...(size=17))
2024-10-09 04:29:55,295 DEBUG server.RaftServer$Division (RaftServerImpl.java:logAppendEntries(1545)) - s5@group-DE92A9858D7E: appendEntries* reply s6<-s5#5816:OK-t1,SUCCESS,nextIndex=77,followerCommit=75,matchIndex=76
2024-10-09 04:29:55,295 DEBUG server.RaftServer$Division (RaftServerImpl.java:logAppendEntries(1545)) - s4@group-DE92A9858D7E: appendEntries* s6->s4#5818-t1,previous=(t:1, i:75),leaderCommit=75,initializing? false,entries: size=1, first=(t:1, i:76), METADATAENTRY(c:75)
2024-10-09 04:29:55,295 DEBUG server.RaftServer$Division (LeaderStateImpl.java:addPendingRequest(529)) - s6@group-DE92A9858D7E-LeaderStateImpl: addPendingRequest at RaftClientRequest:client-3CEDCB722536->s6@group-DE92A9858D7E, cid=5817, seq=null, RW, Message:01016304010300040201...(size=17), entry=(t:1, i:77), STATEMACHINELOGENTRY, WRITE: logData.size=17, stateMachineData.size=0, logEntryProtoSerializedSize=0
2024-10-09 04:29:55,295 DEBUG server.RaftServer$Division (RaftServerImpl.java:logAppendEntries(1545)) - s4@group-DE92A9858D7E: appendEntries* reply s6<-s4#5818:OK-t1,SUCCESS,nextIndex=77,followerCommit=75,matchIndex=76
2024-10-09 04:29:55,296 DEBUG server.RaftServer$Division (RaftServerImpl.java:logAppendEntries(1545)) - s5@group-DE92A9858D7E: appendEntries* s6->s5#5819-t1,previous=(t:1, i:76),leaderCommit=75,initializing? false,entries: size=1, first=(t:1, i:77), STATEMACHINELOGENTRY, StateMachineLogEntryProto:5817@client-3CEDCB722536
2024-10-09 04:29:55,296 DEBUG server.RaftServer$Division (RaftServerImpl.java:logAppendEntries(1545)) - s4@group-DE92A9858D7E: appendEntries* s6->s4#5820-t1,previous=(t:1, i:76),leaderCommit=76,initializing? false,entries: size=1, first=(t:1, i:77), STATEMACHINELOGENTRY, StateMachineLogEntryProto:5817@client-3CEDCB722536
2024-10-09 04:29:55,296 DEBUG server.RaftServer$Division (RaftServerImpl.java:logAppendEntries(1545)) - s5@group-DE92A9858D7E: appendEntries* reply s6<-s5#5819:OK-t1,SUCCESS,nextIndex=78,followerCommit=75,matchIndex=77
2024-10-09 04:29:55,297 INFO  statemachine.StateMachine (ArithmeticStateMachine.java:applyTransaction(181)) - LEADER:s6-77: c = √(a^2 + b^2) = 2813
2024-10-09 04:29:55,297 DEBUG server.RaftServer$Division (RaftServerImpl.java:logAppendEntries(1545)) - s5@group-DE92A9858D7E: appendEntries* s6->s5#5821-t1,previous=(t:1, i:77),leaderCommit=77,initializing? false,entries: size=1, first=(t:1, i:78), METADATAENTRY(c:77)
2024-10-09 04:29:55,297 DEBUG server.RaftServer$Division (RaftServerImpl.java:logAppendEntries(1545)) - s4@group-DE92A9858D7E: appendEntries* reply s6<-s4#5820:OK-t1,SUCCESS,nextIndex=78,followerCommit=76,matchIndex=77
2024-10-09 04:29:55,297 DEBUG server.RaftServer$Division (RaftServerImpl.java:submitClientRequestAsync(916)) - s6@group-DE92A9858D7E: receive client request(RaftClientRequest:client-3CEDCB722536->s6@group-DE92A9858D7E, cid=5822, seq=null, RW, Message:01016100)
2024-10-09 04:29:55,297 DEBUG server.RaftServer$Division (RaftServerImpl.java:logAppendEntries(1545)) - s5@group-DE92A9858D7E: appendEntries* reply s6<-s5#5821:OK-t1,SUCCESS,nextIndex=79,followerCommit=77,matchIndex=78
2024-10-09 04:29:55,298 DEBUG server.RaftServer$Division (RaftServerImpl.java:logAppendEntries(1545)) - s4@group-DE92A9858D7E: appendEntries* s6->s4#5823-t1,previous=(t:1, i:77),leaderCommit=77,initializing? false,entries: size=1, first=(t:1, i:78), METADATAENTRY(c:77)
2024-10-09 04:29:55,298 DEBUG server.RaftServer$Division (LeaderStateImpl.java:addPendingRequest(529)) - s6@group-DE92A9858D7E-LeaderStateImpl: addPendingRequest at RaftClientRequest:client-3CEDCB722536->s6@group-DE92A9858D7E, cid=5822, seq=null, RW, Message:01016100, entry=(t:1, i:79), STATEMACHINELOGENTRY, WRITE: logData.size=4, stateMachineData.size=0, logEntryProtoSerializedSize=0
2024-10-09 04:29:55,298 DEBUG server.RaftServer$Division (RaftServerImpl.java:logAppendEntries(1545)) - s5@group-DE92A9858D7E: appendEntries* s6->s5#5824-t1,previous=(t:1, i:78),leaderCommit=78,initializing? false,entries: size=1, first=(t:1, i:79), STATEMACHINELOGENTRY, StateMachineLogEntryProto:5822@client-3CEDCB722536
2024-10-09 04:29:55,298 DEBUG server.RaftServer$Division (RaftServerImpl.java:logAppendEntries(1545)) - s4@group-DE92A9858D7E: appendEntries* reply s6<-s4#5823:OK-t1,SUCCESS,nextIndex=79,followerCommit=77,matchIndex=78
2024-10-09 04:29:55,299 DEBUG server.RaftServer$Division (RaftServerImpl.java:logAppendEntries(1545)) - s5@group-DE92A9858D7E: appendEntries* reply s6<-s5#5824:OK-t1,SUCCESS,nextIndex=80,followerCommit=78,matchIndex=79
2024-10-09 04:29:55,299 INFO  statemachine.StateMachine (ArithmeticStateMachine.java:applyTransaction(181)) - LEADER:s6-79: a = null = null
2024-10-09 04:29:55,299 DEBUG server.RaftServer$Division (RaftServerImpl.java:logAppendEntries(1545)) - s4@group-DE92A9858D7E: appendEntries* s6->s4#5825-t1,previous=(t:1, i:78),leaderCommit=78,initializing? false,entries: size=1, first=(t:1, i:79), STATEMACHINELOGENTRY, StateMachineLogEntryProto:5822@client-3CEDCB722536
2024-10-09 04:29:55,299 DEBUG server.RaftServer$Division (RaftServerImpl.java:logAppendEntries(1545)) - s5@group-DE92A9858D7E: appendEntries* s6->s5#5826-t1,previous=(t:1, i:79),leaderCommit=79,initializing? false,entries: size=1, first=(t:1, i:80), METADATAENTRY(c:79)
2024-10-09 04:29:55,300 DEBUG server.RaftServer$Division (RaftServerImpl.java:submitClientRequestAsync(916)) - s6@group-DE92A9858D7E: receive client request(RaftClientRequest:client-3CEDCB722536->s6@group-DE92A9858D7E, cid=5827, seq=null, RW, Message:01016200)
2024-10-09 04:29:55,300 DEBUG server.RaftServer$Division (RaftServerImpl.java:logAppendEntries(1545)) - s5@group-DE92A9858D7E: appendEntries* reply s6<-s5#5826:OK-t1,SUCCESS,nextIndex=81,followerCommit=79,matchIndex=80
2024-10-09 04:29:55,300 DEBUG server.RaftServer$Division (RaftServerImpl.java:logAppendEntries(1545)) - s4@group-DE92A9858D7E: appendEntries* reply s6<-s4#5825:OK-t1,SUCCESS,nextIndex=80,followerCommit=78,matchIndex=79
2024-10-09 04:29:55,300 DEBUG server.RaftServer$Division (LeaderStateImpl.java:addPendingRequest(529)) - s6@group-DE92A9858D7E-LeaderStateImpl: addPendingRequest at RaftClientRequest:client-3CEDCB722536->s6@group-DE92A9858D7E, cid=5827, seq=null, RW, Message:01016200, entry=(t:1, i:81), STATEMACHINELOGENTRY, WRITE: logData.size=4, stateMachineData.size=0, logEntryProtoSerializedSize=0
2024-10-09 04:29:55,300 DEBUG server.RaftServer$Division (RaftServerImpl.java:logAppendEntries(1545)) - s5@group-DE92A9858D7E: appendEntries* s6->s5#5829-t1,previous=(t:1, i:80),leaderCommit=79,initializing? false,entries: size=1, first=(t:1, i:81), STATEMACHINELOGENTRY, StateMachineLogEntryProto:5827@client-3CEDCB722536
2024-10-09 04:29:55,301 DEBUG server.RaftServer$Division (RaftServerImpl.java:logAppendEntries(1545)) - s4@group-DE92A9858D7E: appendEntries* s6->s4#5828-t1,previous=(t:1, i:79),leaderCommit=79,initializing? false,entries: size=2, first=(t:1, i:80), METADATAENTRY(c:79)
2024-10-09 04:29:55,301 DEBUG server.RaftServer$Division (RaftServerImpl.java:logAppendEntries(1545)) - s5@group-DE92A9858D7E: appendEntries* reply s6<-s5#5829:OK-t1,SUCCESS,nextIndex=82,followerCommit=79,matchIndex=81
2024-10-09 04:29:55,301 INFO  statemachine.StateMachine (ArithmeticStateMachine.java:applyTransaction(181)) - LEADER:s6-81: b = null = null
2024-10-09 04:29:55,301 DEBUG server.RaftServer$Division (RaftServerImpl.java:logAppendEntries(1545)) - s5@group-DE92A9858D7E: appendEntries* s6->s5#5830-t1,previous=(t:1, i:81),leaderCommit=81,initializing? false,entries: size=1, first=(t:1, i:82), METADATAENTRY(c:81)
2024-10-09 04:29:55,302 DEBUG server.RaftServer$Division (RaftServerImpl.java:logAppendEntries(1545)) - s4@group-DE92A9858D7E: appendEntries* reply s6<-s4#5828:OK-t1,SUCCESS,nextIndex=82,followerCommit=79,matchIndex=81
2024-10-09 04:29:55,302 DEBUG server.RaftServer$Division (RaftServerImpl.java:logAppendEntries(1545)) - s5@group-DE92A9858D7E: appendEntries* reply s6<-s5#5830:OK-t1,SUCCESS,nextIndex=83,followerCommit=81,matchIndex=82
2024-10-09 04:29:55,302 DEBUG server.RaftServer$Division (RaftServerImpl.java:submitClientRequestAsync(916)) - s6@group-DE92A9858D7E: receive client request(RaftClientRequest:client-3CEDCB722536->s6@group-DE92A9858D7E, cid=5831, seq=null, RW, Message:01016300)
2024-10-09 04:29:55,302 DEBUG server.RaftServer$Division (RaftServerImpl.java:logAppendEntries(1545)) - s4@group-DE92A9858D7E: appendEntries* s6->s4#5832-t1,previous=(t:1, i:81),leaderCommit=81,initializing? false,entries: size=1, first=(t:1, i:82), METADATAENTRY(c:81)
2024-10-09 04:29:55,302 DEBUG server.RaftServer$Division (LeaderStateImpl.java:addPendingRequest(529)) - s6@group-DE92A9858D7E-LeaderStateImpl: addPendingRequest at RaftClientRequest:client-3CEDCB722536->s6@group-DE92A9858D7E, cid=5831, seq=null, RW, Message:01016300, entry=(t:1, i:83), STATEMACHINELOGENTRY, WRITE: logData.size=4, stateMachineData.size=0, logEntryProtoSerializedSize=0
2024-10-09 04:29:55,303 DEBUG server.RaftServer$Division (RaftServerImpl.java:logAppendEntries(1545)) - s4@group-DE92A9858D7E: appendEntries* reply s6<-s4#5832:OK-t1,SUCCESS,nextIndex=83,followerCommit=81,matchIndex=82
2024-10-09 04:29:55,303 DEBUG server.RaftServer$Division (RaftServerImpl.java:logAppendEntries(1545)) - s5@group-DE92A9858D7E: appendEntries* s6->s5#5833-t1,previous=(t:1, i:82),leaderCommit=82,initializing? false,entries: size=1, first=(t:1, i:83), STATEMACHINELOGENTRY, StateMachineLogEntryProto:5831@client-3CEDCB722536
2024-10-09 04:29:55,303 DEBUG server.RaftServer$Division (RaftServerImpl.java:logAppendEntries(1545)) - s5@group-DE92A9858D7E: appendEntries* reply s6<-s5#5833:OK-t1,SUCCESS,nextIndex=84,followerCommit=82,matchIndex=83
2024-10-09 04:29:55,304 INFO  statemachine.StateMachine (ArithmeticStateMachine.java:applyTransaction(181)) - LEADER:s6-83: c = null = null
2024-10-09 04:29:55,304 DEBUG server.RaftServer$Division (RaftServerImpl.java:logAppendEntries(1545)) - s4@group-DE92A9858D7E: appendEntries* s6->s4#5834-t1,previous=(t:1, i:82),leaderCommit=82,initializing? false,entries: size=1, first=(t:1, i:83), STATEMACHINELOGENTRY, StateMachineLogEntryProto:5831@client-3CEDCB722536
2024-10-09 04:29:55,304 DEBUG server.RaftServer$Division (RaftServerImpl.java:logAppendEntries(1545)) - s5@group-DE92A9858D7E: appendEntries* s6->s5#5835-t1,previous=(t:1, i:83),leaderCommit=83,initializing? false,entries: size=1, first=(t:1, i:84), METADATAENTRY(c:83)
2024-10-09 04:29:55,304 DEBUG server.RaftServer$Division (RaftServerImpl.java:submitClientRequestAsync(916)) - s6@group-DE92A9858D7E: receive client request(RaftClientRequest:client-3CEDCB722536->s6@group-DE92A9858D7E, cid=5836, seq=null, RW, Message:01016102405340000000...(size=12))
2024-10-09 04:29:55,304 DEBUG server.RaftServer$Division (RaftServerImpl.java:logAppendEntries(1545)) - s4@group-DE92A9858D7E: appendEntries* reply s6<-s4#5834:OK-t1,SUCCESS,nextIndex=84,followerCommit=82,matchIndex=83
2024-10-09 04:29:55,304 DEBUG server.RaftServer$Division (RaftServerImpl.java:logAppendEntries(1545)) - s5@group-DE92A9858D7E: appendEntries* reply s6<-s5#5835:OK-t1,SUCCESS,nextIndex=85,followerCommit=83,matchIndex=84
2024-10-09 04:29:55,305 DEBUG server.RaftServer$Division (LeaderStateImpl.java:addPendingRequest(529)) - s6@group-DE92A9858D7E-LeaderStateImpl: addPendingRequest at RaftClientRequest:client-3CEDCB722536->s6@group-DE92A9858D7E, cid=5836, seq=null, RW, Message:01016102405340000000...(size=12), entry=(t:1, i:85), STATEMACHINELOGENTRY, WRITE: logData.size=12, stateMachineData.size=0, logEntryProtoSerializedSize=0
2024-10-09 04:29:55,305 DEBUG server.RaftServer$Division (RaftServerImpl.java:logAppendEntries(1545)) - s5@group-DE92A9858D7E: appendEntries* s6->s5#5837-t1,previous=(t:1, i:84),leaderCommit=83,initializing? false,entries: size=1, first=(t:1, i:85), STATEMACHINELOGENTRY, StateMachineLogEntryProto:5836@client-3CEDCB722536
2024-10-09 04:29:55,305 DEBUG server.RaftServer$Division (RaftServerImpl.java:logAppendEntries(1545)) - s4@group-DE92A9858D7E: appendEntries* s6->s4#5838-t1,previous=(t:1, i:83),leaderCommit=83,initializing? false,entries: size=2, first=(t:1, i:84), METADATAENTRY(c:83)
2024-10-09 04:29:55,305 DEBUG server.RaftServer$Division (RaftServerImpl.java:logAppendEntries(1545)) - s5@group-DE92A9858D7E: appendEntries* reply s6<-s5#5837:OK-t1,SUCCESS,nextIndex=86,followerCommit=83,matchIndex=85
2024-10-09 04:29:55,306 INFO  statemachine.StateMachine (ArithmeticStateMachine.java:applyTransaction(181)) - LEADER:s6-85: a = 77 = 77
2024-10-09 04:29:55,306 DEBUG server.RaftServer$Division (RaftServerImpl.java:logAppendEntries(1545)) - s5@group-DE92A9858D7E: appendEntries* s6->s5#5839-t1,previous=(t:1, i:85),leaderCommit=85,initializing? false,entries: size=1, first=(t:1, i:86), METADATAENTRY(c:85)
2024-10-09 04:29:55,306 DEBUG server.RaftServer$Division (RaftServerImpl.java:logAppendEntries(1545)) - s4@group-DE92A9858D7E: appendEntries* reply s6<-s4#5838:OK-t1,SUCCESS,nextIndex=86,followerCommit=83,matchIndex=85
2024-10-09 04:29:55,306 DEBUG server.RaftServer$Division (RaftServerImpl.java:submitClientRequestAsync(916)) - s6@group-DE92A9858D7E: receive client request(RaftClientRequest:client-3CEDCB722536->s6@group-DE92A9858D7E, cid=5840, seq=null, RW, Message:0101620240a728000000...(size=12))
2024-10-09 04:29:55,306 DEBUG server.RaftServer$Division (RaftServerImpl.java:logAppendEntries(1545)) - s5@group-DE92A9858D7E: appendEntries* reply s6<-s5#5839:OK-t1,SUCCESS,nextIndex=87,followerCommit=85,matchIndex=86
2024-10-09 04:29:55,307 DEBUG server.RaftServer$Division (RaftServerImpl.java:logAppendEntries(1545)) - s4@group-DE92A9858D7E: appendEntries* s6->s4#5841-t1,previous=(t:1, i:85),leaderCommit=85,initializing? false,entries: size=1, first=(t:1, i:86), METADATAENTRY(c:85)
2024-10-09 04:29:55,307 DEBUG server.RaftServer$Division (LeaderStateImpl.java:addPendingRequest(529)) - s6@group-DE92A9858D7E-LeaderStateImpl: addPendingRequest at RaftClientRequest:client-3CEDCB722536->s6@group-DE92A9858D7E, cid=5840, seq=null, RW, Message:0101620240a728000000...(size=12), entry=(t:1, i:87), STATEMACHINELOGENTRY, WRITE: logData.size=12, stateMachineData.size=0, logEntryProtoSerializedSize=0
2024-10-09 04:29:55,307 DEBUG server.RaftServer$Division (RaftServerImpl.java:logAppendEntries(1545)) - s4@group-DE92A9858D7E: appendEntries* reply s6<-s4#5841:OK-t1,SUCCESS,nextIndex=87,followerCommit=85,matchIndex=86
2024-10-09 04:29:55,307 DEBUG server.RaftServer$Division (RaftServerImpl.java:logAppendEntries(1545)) - s5@group-DE92A9858D7E: appendEntries* s6->s5#5842-t1,previous=(t:1, i:86),leaderCommit=85,initializing? false,entries: size=1, first=(t:1, i:87), STATEMACHINELOGENTRY, StateMachineLogEntryProto:5840@client-3CEDCB722536
2024-10-09 04:29:55,308 DEBUG server.RaftServer$Division (RaftServerImpl.java:logAppendEntries(1545)) - s5@group-DE92A9858D7E: appendEntries* reply s6<-s5#5842:OK-t1,SUCCESS,nextIndex=88,followerCommit=85,matchIndex=87
2024-10-09 04:29:55,308 INFO  statemachine.StateMachine (ArithmeticStateMachine.java:applyTransaction(181)) - LEADER:s6-87: b = 2964 = 2964
2024-10-09 04:29:55,308 DEBUG server.RaftServer$Division (RaftServerImpl.java:logAppendEntries(1545)) - s4@group-DE92A9858D7E: appendEntries* s6->s4#5843-t1,previous=(t:1, i:86),leaderCommit=86,initializing? false,entries: size=1, first=(t:1, i:87), STATEMACHINELOGENTRY, StateMachineLogEntryProto:5840@client-3CEDCB722536
2024-10-09 04:29:55,308 DEBUG server.RaftServer$Division (RaftServerImpl.java:logAppendEntries(1545)) - s5@group-DE92A9858D7E: appendEntries* s6->s5#5844-t1,previous=(t:1, i:87),leaderCommit=87,initializing? false,entries: size=1, first=(t:1, i:88), METADATAENTRY(c:87)
2024-10-09 04:29:55,309 DEBUG server.RaftServer$Division (RaftServerImpl.java:submitClientRequestAsync(916)) - s6@group-DE92A9858D7E: receive client request(RaftClientRequest:client-3CEDCB722536->s6@group-DE92A9858D7E, cid=5845, seq=null, RW, Message:01016304010300040201...(size=17))
2024-10-09 04:29:55,309 DEBUG server.RaftServer$Division (RaftServerImpl.java:logAppendEntries(1545)) - s5@group-DE92A9858D7E: appendEntries* reply s6<-s5#5844:OK-t1,SUCCESS,nextIndex=89,followerCommit=87,matchIndex=88
2024-10-09 04:29:55,309 DEBUG server.RaftServer$Division (RaftServerImpl.java:logAppendEntries(1545)) - s4@group-DE92A9858D7E: appendEntries* reply s6<-s4#5843:OK-t1,SUCCESS,nextIndex=88,followerCommit=86,matchIndex=87
2024-10-09 04:29:55,309 DEBUG server.RaftServer$Division (LeaderStateImpl.java:addPendingRequest(529)) - s6@group-DE92A9858D7E-LeaderStateImpl: addPendingRequest at RaftClientRequest:client-3CEDCB722536->s6@group-DE92A9858D7E, cid=5845, seq=null, RW, Message:01016304010300040201...(size=17), entry=(t:1, i:89), STATEMACHINELOGENTRY, WRITE: logData.size=17, stateMachineData.size=0, logEntryProtoSerializedSize=0
2024-10-09 04:29:55,309 DEBUG server.RaftServer$Division (RaftServerImpl.java:logAppendEntries(1545)) - s5@group-DE92A9858D7E: appendEntries* s6->s5#5846-t1,previous=(t:1, i:88),leaderCommit=87,initializing? false,entries: size=1, first=(t:1, i:89), STATEMACHINELOGENTRY, StateMachineLogEntryProto:5845@client-3CEDCB722536
2024-10-09 04:29:55,310 DEBUG server.RaftServer$Division (RaftServerImpl.java:logAppendEntries(1545)) - s4@group-DE92A9858D7E: appendEntries* s6->s4#5847-t1,previous=(t:1, i:87),leaderCommit=87,initializing? false,entries: size=2, first=(t:1, i:88), METADATAENTRY(c:87)
2024-10-09 04:29:55,310 DEBUG server.RaftServer$Division (RaftServerImpl.java:logAppendEntries(1545)) - s5@group-DE92A9858D7E: appendEntries* reply s6<-s5#5846:OK-t1,SUCCESS,nextIndex=90,followerCommit=87,matchIndex=89
2024-10-09 04:29:55,310 INFO  statemachine.StateMachine (ArithmeticStateMachine.java:applyTransaction(181)) - LEADER:s6-89: c = √(a^2 + b^2) = 2965
2024-10-09 04:29:55,310 DEBUG server.RaftServer$Division (RaftServerImpl.java:logAppendEntries(1545)) - s4@group-DE92A9858D7E: appendEntries* reply s6<-s4#5847:OK-t1,SUCCESS,nextIndex=90,followerCommit=87,matchIndex=89
2024-10-09 04:29:55,310 DEBUG server.RaftServer$Division (RaftServerImpl.java:logAppendEntries(1545)) - s5@group-DE92A9858D7E: appendEntries* s6->s5#5848-t1,previous=(t:1, i:89),leaderCommit=89,initializing? false,entries: size=1, first=(t:1, i:90), METADATAENTRY(c:89)
2024-10-09 04:29:55,311 DEBUG server.RaftServer$Division (RaftServerImpl.java:submitClientRequestAsync(916)) - s6@group-DE92A9858D7E: receive client request(RaftClientRequest:client-3CEDCB722536->s6@group-DE92A9858D7E, cid=5849, seq=null, RW, Message:01016100)
2024-10-09 04:29:55,311 DEBUG server.RaftServer$Division (RaftServerImpl.java:logAppendEntries(1545)) - s4@group-DE92A9858D7E: appendEntries* s6->s4#5850-t1,previous=(t:1, i:89),leaderCommit=89,initializing? false,entries: size=1, first=(t:1, i:90), METADATAENTRY(c:89)
2024-10-09 04:29:55,311 DEBUG server.RaftServer$Division (RaftServerImpl.java:logAppendEntries(1545)) - s5@group-DE92A9858D7E: appendEntries* reply s6<-s5#5848:OK-t1,SUCCESS,nextIndex=91,followerCommit=89,matchIndex=90
2024-10-09 04:29:55,311 DEBUG server.RaftServer$Division (LeaderStateImpl.java:addPendingRequest(529)) - s6@group-DE92A9858D7E-LeaderStateImpl: addPendingRequest at RaftClientRequest:client-3CEDCB722536->s6@group-DE92A9858D7E, cid=5849, seq=null, RW, Message:01016100, entry=(t:1, i:91), STATEMACHINELOGENTRY, WRITE: logData.size=4, stateMachineData.size=0, logEntryProtoSerializedSize=0
2024-10-09 04:29:55,312 DEBUG server.RaftServer$Division (RaftServerImpl.java:logAppendEntries(1545)) - s5@group-DE92A9858D7E: appendEntries* s6->s5#5851-t1,previous=(t:1, i:90),leaderCommit=89,initializing? false,entries: size=1, first=(t:1, i:91), STATEMACHINELOGENTRY, StateMachineLogEntryProto:5849@client-3CEDCB722536
2024-10-09 04:29:55,312 DEBUG server.RaftServer$Division (RaftServerImpl.java:logAppendEntries(1545)) - s4@group-DE92A9858D7E: appendEntries* reply s6<-s4#5850:OK-t1,SUCCESS,nextIndex=91,followerCommit=89,matchIndex=90
2024-10-09 04:29:55,312 DEBUG server.RaftServer$Division (RaftServerImpl.java:logAppendEntries(1545)) - s5@group-DE92A9858D7E: appendEntries* reply s6<-s5#5851:OK-t1,SUCCESS,nextIndex=92,followerCommit=89,matchIndex=91
2024-10-09 04:29:55,312 DEBUG server.RaftServer$Division (RaftServerImpl.java:logAppendEntries(1545)) - s4@group-DE92A9858D7E: appendEntries* s6->s4#5852-t1,previous=(t:1, i:90),leaderCommit=90,initializing? false,entries: size=1, first=(t:1, i:91), STATEMACHINELOGENTRY, StateMachineLogEntryProto:5849@client-3CEDCB722536
2024-10-09 04:29:55,312 INFO  statemachine.StateMachine (ArithmeticStateMachine.java:applyTransaction(181)) - LEADER:s6-91: a = null = null
2024-10-09 04:29:55,313 DEBUG server.RaftServer$Division (RaftServerImpl.java:logAppendEntries(1545)) - s5@group-DE92A9858D7E: appendEntries* s6->s5#5853-t1,previous=(t:1, i:91),leaderCommit=91,initializing? false,entries: size=1, first=(t:1, i:92), METADATAENTRY(c:91)
2024-10-09 04:29:55,313 DEBUG server.RaftServer$Division (RaftServerImpl.java:logAppendEntries(1545)) - s4@group-DE92A9858D7E: appendEntries* reply s6<-s4#5852:OK-t1,SUCCESS,nextIndex=92,followerCommit=90,matchIndex=91
2024-10-09 04:29:55,313 DEBUG server.RaftServer$Division (RaftServerImpl.java:submitClientRequestAsync(916)) - s6@group-DE92A9858D7E: receive client request(RaftClientRequest:client-3CEDCB722536->s6@group-DE92A9858D7E, cid=5854, seq=null, RW, Message:01016200)
2024-10-09 04:29:55,313 DEBUG server.RaftServer$Division (RaftServerImpl.java:logAppendEntries(1545)) - s5@group-DE92A9858D7E: appendEntries* reply s6<-s5#5853:OK-t1,SUCCESS,nextIndex=93,followerCommit=91,matchIndex=92
2024-10-09 04:29:55,314 DEBUG server.RaftServer$Division (LeaderStateImpl.java:addPendingRequest(529)) - s6@group-DE92A9858D7E-LeaderStateImpl: addPendingRequest at RaftClientRequest:client-3CEDCB722536->s6@group-DE92A9858D7E, cid=5854, seq=null, RW, Message:01016200, entry=(t:1, i:93), STATEMACHINELOGENTRY, WRITE: logData.size=4, stateMachineData.size=0, logEntryProtoSerializedSize=0
2024-10-09 04:29:55,314 DEBUG server.RaftServer$Division (RaftServerImpl.java:logAppendEntries(1545)) - s5@group-DE92A9858D7E: appendEntries* s6->s5#5856-t1,previous=(t:1, i:92),leaderCommit=91,initializing? false,entries: size=1, first=(t:1, i:93), STATEMACHINELOGENTRY, StateMachineLogEntryProto:5854@client-3CEDCB722536
2024-10-09 04:29:55,314 DEBUG server.RaftServer$Division (RaftServerImpl.java:logAppendEntries(1545)) - s4@group-DE92A9858D7E: appendEntries* s6->s4#5855-t1,previous=(t:1, i:91),leaderCommit=91,initializing? false,entries: size=1, first=(t:1, i:92), METADATAENTRY(c:91)
2024-10-09 04:29:55,314 DEBUG server.RaftServer$Division (RaftServerImpl.java:logAppendEntries(1545)) - s5@group-DE92A9858D7E: appendEntries* reply s6<-s5#5856:OK-t1,SUCCESS,nextIndex=94,followerCommit=91,matchIndex=93
2024-10-09 04:29:55,315 INFO  statemachine.StateMachine (ArithmeticStateMachine.java:applyTransaction(181)) - LEADER:s6-93: b = null = null
2024-10-09 04:29:55,315 DEBUG server.RaftServer$Division (RaftServerImpl.java:logAppendEntries(1545)) - s4@group-DE92A9858D7E: appendEntries* reply s6<-s4#5855:OK-t1,SUCCESS,nextIndex=93,followerCommit=91,matchIndex=92
2024-10-09 04:29:55,315 DEBUG server.RaftServer$Division (RaftServerImpl.java:logAppendEntries(1545)) - s5@group-DE92A9858D7E: appendEntries* s6->s5#5857-t1,previous=(t:1, i:93),leaderCommit=93,initializing? false,entries: size=1, first=(t:1, i:94), METADATAENTRY(c:93)
2024-10-09 04:29:55,315 DEBUG server.RaftServer$Division (RaftServerImpl.java:submitClientRequestAsync(916)) - s6@group-DE92A9858D7E: receive client request(RaftClientRequest:client-3CEDCB722536->s6@group-DE92A9858D7E, cid=5858, seq=null, RW, Message:01016300)
2024-10-09 04:29:55,315 DEBUG server.RaftServer$Division (RaftServerImpl.java:logAppendEntries(1545)) - s4@group-DE92A9858D7E: appendEntries* s6->s4#5859-t1,previous=(t:1, i:92),leaderCommit=93,initializing? false,entries: size=2, first=(t:1, i:93), STATEMACHINELOGENTRY, StateMachineLogEntryProto:5854@client-3CEDCB722536
2024-10-09 04:29:55,315 DEBUG server.RaftServer$Division (RaftServerImpl.java:logAppendEntries(1545)) - s5@group-DE92A9858D7E: appendEntries* reply s6<-s5#5857:OK-t1,SUCCESS,nextIndex=95,followerCommit=93,matchIndex=94
2024-10-09 04:29:55,316 DEBUG server.RaftServer$Division (LeaderStateImpl.java:addPendingRequest(529)) - s6@group-DE92A9858D7E-LeaderStateImpl: addPendingRequest at RaftClientRequest:client-3CEDCB722536->s6@group-DE92A9858D7E, cid=5858, seq=null, RW, Message:01016300, entry=(t:1, i:95), STATEMACHINELOGENTRY, WRITE: logData.size=4, stateMachineData.size=0, logEntryProtoSerializedSize=0
2024-10-09 04:29:55,316 DEBUG server.RaftServer$Division (RaftServerImpl.java:logAppendEntries(1545)) - s5@group-DE92A9858D7E: appendEntries* s6->s5#5860-t1,previous=(t:1, i:94),leaderCommit=93,initializing? false,entries: size=1, first=(t:1, i:95), STATEMACHINELOGENTRY, StateMachineLogEntryProto:5858@client-3CEDCB722536
2024-10-09 04:29:55,316 DEBUG server.RaftServer$Division (RaftServerImpl.java:logAppendEntries(1545)) - s4@group-DE92A9858D7E: appendEntries* reply s6<-s4#5859:OK-t1,SUCCESS,nextIndex=95,followerCommit=93,matchIndex=94
2024-10-09 04:29:55,317 DEBUG server.RaftServer$Division (RaftServerImpl.java:logAppendEntries(1545)) - s5@group-DE92A9858D7E: appendEntries* reply s6<-s5#5860:OK-t1,SUCCESS,nextIndex=96,followerCommit=93,matchIndex=95
2024-10-09 04:29:55,317 DEBUG server.RaftServer$Division (RaftServerImpl.java:logAppendEntries(1545)) - s4@group-DE92A9858D7E: appendEntries* s6->s4#5861-t1,previous=(t:1, i:94),leaderCommit=94,initializing? false,entries: size=1, first=(t:1, i:95), STATEMACHINELOGENTRY, StateMachineLogEntryProto:5858@client-3CEDCB722536
2024-10-09 04:29:55,317 INFO  statemachine.StateMachine (ArithmeticStateMachine.java:applyTransaction(181)) - LEADER:s6-95: c = null = null
2024-10-09 04:29:55,317 DEBUG server.RaftServer$Division (RaftServerImpl.java:logAppendEntries(1545)) - s5@group-DE92A9858D7E: appendEntries* s6->s5#5862-t1,previous=(t:1, i:95),leaderCommit=95,initializing? false,entries: size=1, first=(t:1, i:96), METADATAENTRY(c:95)
2024-10-09 04:29:55,317 DEBUG server.RaftServer$Division (RaftServerImpl.java:logAppendEntries(1545)) - s4@group-DE92A9858D7E: appendEntries* reply s6<-s4#5861:OK-t1,SUCCESS,nextIndex=96,followerCommit=94,matchIndex=95
2024-10-09 04:29:55,318 DEBUG server.RaftServer$Division (RaftServerImpl.java:submitClientRequestAsync(916)) - s6@group-DE92A9858D7E: receive client request(RaftClientRequest:client-3CEDCB722536->s6@group-DE92A9858D7E, cid=5863, seq=null, RW, Message:010161024053c0000000...(size=12))
2024-10-09 04:29:55,318 DEBUG server.RaftServer$Division (RaftServerImpl.java:logAppendEntries(1545)) - s4@group-DE92A9858D7E: appendEntries* s6->s4#5864-t1,previous=(t:1, i:95),leaderCommit=95,initializing? false,entries: size=1, first=(t:1, i:96), METADATAENTRY(c:95)
2024-10-09 04:29:55,318 DEBUG server.RaftServer$Division (RaftServerImpl.java:logAppendEntries(1545)) - s5@group-DE92A9858D7E: appendEntries* reply s6<-s5#5862:OK-t1,SUCCESS,nextIndex=97,followerCommit=95,matchIndex=96
2024-10-09 04:29:55,318 DEBUG server.RaftServer$Division (RaftServerImpl.java:logAppendEntries(1545)) - s4@group-DE92A9858D7E: appendEntries* reply s6<-s4#5864:OK-t1,SUCCESS,nextIndex=97,followerCommit=95,matchIndex=96
2024-10-09 04:29:55,323 DEBUG server.RaftServer$Division (LeaderStateImpl.java:addPendingRequest(529)) - s6@group-DE92A9858D7E-LeaderStateImpl: addPendingRequest at RaftClientRequest:client-3CEDCB722536->s6@group-DE92A9858D7E, cid=5863, seq=null, RW, Message:010161024053c0000000...(size=12), entry=(t:1, i:97), STATEMACHINELOGENTRY, WRITE: logData.size=12, stateMachineData.size=0, logEntryProtoSerializedSize=0
2024-10-09 04:29:55,323 TRACE util.FileUtils (LogUtils.java:supplyAndLog(69)) - Successfully supplied Files.newInputStream /home/runner/work/ratis/ratis/ratis-examples/target/test/data/6e6e5023/MiniRaftClusterWithNettya4857fb2/s6/23c8dd0d-429b-40c2-9cad-de92a9858d7e/current/log_inprogress_0 with options []: sun.nio.ch.ChannelInputStream@7d406d9e
2024-10-09 04:29:55,359 DEBUG server.RaftServer$Division (RaftServerImpl.java:logAppendEntries(1545)) - s4@group-DE92A9858D7E: appendEntries* s6->s4#5866-t1,previous=(t:1, i:96),leaderCommit=96,initializing? false,entries: size=1, first=(t:1, i:97), STATEMACHINELOGENTRY, StateMachineLogEntryProto:5863@client-3CEDCB722536
2024-10-09 04:29:55,359 DEBUG server.RaftServer$Division (RaftServerImpl.java:logAppendEntries(1545)) - s5@group-DE92A9858D7E: appendEntries* s6->s5#5865-t1,previous=(t:1, i:96),leaderCommit=96,initializing? false,entries: size=1, first=(t:1, i:97), STATEMACHINELOGENTRY, StateMachineLogEntryProto:5863@client-3CEDCB722536
2024-10-09 04:29:55,360 DEBUG server.RaftServer$Division (RaftServerImpl.java:logAppendEntries(1545)) - s4@group-DE92A9858D7E: appendEntries* reply s6<-s4#5866:OK-t1,SUCCESS,nextIndex=98,followerCommit=96,matchIndex=97
2024-10-09 04:29:55,360 DEBUG server.RaftServer$Division (RaftServerImpl.java:logAppendEntries(1545)) - s5@group-DE92A9858D7E: appendEntries* reply s6<-s5#5865:OK-t1,SUCCESS,nextIndex=98,followerCommit=96,matchIndex=97
2024-10-09 04:29:55,360 INFO  statemachine.StateMachine (ArithmeticStateMachine.java:applyTransaction(181)) - LEADER:s6-97: a = 79 = 79
2024-10-09 04:29:55,361 DEBUG server.RaftServer$Division (RaftServerImpl.java:submitClientRequestAsync(916)) - s6@group-DE92A9858D7E: receive client request(RaftClientRequest:client-3CEDCB722536->s6@group-DE92A9858D7E, cid=5873, seq=null, RW, Message:0101620240a860000000...(size=12))
2024-10-09 04:29:55,361 DEBUG server.RaftServer$Division (RaftServerImpl.java:logAppendEntries(1545)) - s4@group-DE92A9858D7E: appendEntries* s6->s4#5871-t1,previous=(t:1, i:97),leaderCommit=97,initializing? false,entries: size=1, first=(t:1, i:98), METADATAENTRY(c:97)
2024-10-09 04:29:55,361 DEBUG server.RaftServer$Division (LeaderStateImpl.java:addPendingRequest(529)) - s6@group-DE92A9858D7E-LeaderStateImpl: addPendingRequest at RaftClientRequest:client-3CEDCB722536->s6@group-DE92A9858D7E, cid=5873, seq=null, RW, Message:0101620240a860000000...(size=12), entry=(t:1, i:99), STATEMACHINELOGENTRY, WRITE: logData.size=12, stateMachineData.size=0, logEntryProtoSerializedSize=0
2024-10-09 04:29:55,361 DEBUG server.RaftServer$Division (RaftServerImpl.java:logAppendEntries(1545)) - s5@group-DE92A9858D7E: appendEntries* s6->s5#5872-t1,previous=(t:1, i:97),leaderCommit=97,initializing? false,entries: size=1, first=(t:1, i:98), METADATAENTRY(c:97)
2024-10-09 04:29:55,361 DEBUG server.RaftServer$Division (RaftServerImpl.java:logAppendEntries(1545)) - s4@group-DE92A9858D7E: appendEntries* reply s6<-s4#5871:OK-t1,SUCCESS,nextIndex=99,followerCommit=97,matchIndex=98
2024-10-09 04:29:55,362 DEBUG server.RaftServer$Division (RaftServerImpl.java:logAppendEntries(1545)) - s4@group-DE92A9858D7E: appendEntries* s6->s4#5874-t1,previous=(t:1, i:98),leaderCommit=97,initializing? false,entries: size=1, first=(t:1, i:99), STATEMACHINELOGENTRY, StateMachineLogEntryProto:5873@client-3CEDCB722536
2024-10-09 04:29:55,362 DEBUG server.RaftServer$Division (RaftServerImpl.java:logAppendEntries(1545)) - s5@group-DE92A9858D7E: appendEntries* reply s6<-s5#5872:OK-t1,SUCCESS,nextIndex=99,followerCommit=97,matchIndex=98
2024-10-09 04:29:55,362 DEBUG server.RaftServer$Division (RaftServerImpl.java:logAppendEntries(1545)) - s4@group-DE92A9858D7E: appendEntries* reply s6<-s4#5874:OK-t1,SUCCESS,nextIndex=100,followerCommit=97,matchIndex=99
2024-10-09 04:29:55,362 INFO  statemachine.StateMachine (ArithmeticStateMachine.java:applyTransaction(181)) - LEADER:s6-99: b = 3120 = 3120
2024-10-09 04:29:55,363 DEBUG server.RaftServer$Division (RaftServerImpl.java:logAppendEntries(1545)) - s4@group-DE92A9858D7E: appendEntries* s6->s4#5876-t1,previous=(t:1, i:99),leaderCommit=99,initializing? false,entries: size=1, first=(t:1, i:100), METADATAENTRY(c:99)
2024-10-09 04:29:55,363 DEBUG server.RaftServer$Division (RaftServerImpl.java:submitClientRequestAsync(916)) - s6@group-DE92A9858D7E: receive client request(RaftClientRequest:client-3CEDCB722536->s6@group-DE92A9858D7E, cid=5877, seq=null, RW, Message:01016304010300040201...(size=17))
2024-10-09 04:29:55,363 DEBUG server.RaftServer$Division (RaftServerImpl.java:logAppendEntries(1545)) - s5@group-DE92A9858D7E: appendEntries* s6->s5#5875-t1,previous=(t:1, i:98),leaderCommit=99,initializing? false,entries: size=2, first=(t:1, i:99), STATEMACHINELOGENTRY, StateMachineLogEntryProto:5873@client-3CEDCB722536
2024-10-09 04:29:55,363 DEBUG server.RaftServer$Division (LeaderStateImpl.java:addPendingRequest(529)) - s6@group-DE92A9858D7E-LeaderStateImpl: addPendingRequest at RaftClientRequest:client-3CEDCB722536->s6@group-DE92A9858D7E, cid=5877, seq=null, RW, Message:01016304010300040201...(size=17), entry=(t:1, i:101), STATEMACHINELOGENTRY, WRITE: logData.size=17, stateMachineData.size=0, logEntryProtoSerializedSize=0
2024-10-09 04:29:55,363 DEBUG server.RaftServer$Division (RaftServerImpl.java:logAppendEntries(1545)) - s4@group-DE92A9858D7E: appendEntries* reply s6<-s4#5876:OK-t1,SUCCESS,nextIndex=101,followerCommit=99,matchIndex=100
2024-10-09 04:29:55,363 DEBUG server.RaftServer$Division (RaftServerImpl.java:logAppendEntries(1545)) - s5@group-DE92A9858D7E: appendEntries* reply s6<-s5#5875:OK-t1,SUCCESS,nextIndex=101,followerCommit=99,matchIndex=100
2024-10-09 04:29:55,364 DEBUG server.RaftServer$Division (RaftServerImpl.java:logAppendEntries(1545)) - s4@group-DE92A9858D7E: appendEntries* s6->s4#5878-t1,previous=(t:1, i:100),leaderCommit=99,initializing? false,entries: size=1, first=(t:1, i:101), STATEMACHINELOGENTRY, StateMachineLogEntryProto:5877@client-3CEDCB722536
2024-10-09 04:29:55,364 DEBUG server.RaftServer$Division (RaftServerImpl.java:logAppendEntries(1545)) - s4@group-DE92A9858D7E: appendEntries* reply s6<-s4#5878:OK-t1,SUCCESS,nextIndex=102,followerCommit=99,matchIndex=101
2024-10-09 04:29:55,364 DEBUG server.RaftServer$Division (RaftServerImpl.java:logAppendEntries(1545)) - s5@group-DE92A9858D7E: appendEntries* s6->s5#5879-t1,previous=(t:1, i:100),leaderCommit=100,initializing? false,entries: size=1, first=(t:1, i:101), STATEMACHINELOGENTRY, StateMachineLogEntryProto:5877@client-3CEDCB722536
2024-10-09 04:29:55,365 INFO  statemachine.StateMachine (ArithmeticStateMachine.java:applyTransaction(181)) - LEADER:s6-101: c = √(a^2 + b^2) = 3121
2024-10-09 04:29:55,365 DEBUG server.RaftServer$Division (RaftServerImpl.java:logAppendEntries(1545)) - s5@group-DE92A9858D7E: appendEntries* reply s6<-s5#5879:OK-t1,SUCCESS,nextIndex=102,followerCommit=100,matchIndex=101
2024-10-09 04:29:55,365 DEBUG server.RaftServer$Division (RaftServerImpl.java:submitClientRequestAsync(916)) - s6@group-DE92A9858D7E: receive client request(RaftClientRequest:client-3CEDCB722536->s6@group-DE92A9858D7E, cid=5880, seq=null, RW, Message:01016100)
2024-10-09 04:29:55,365 DEBUG server.RaftServer$Division (RaftServerImpl.java:logAppendEntries(1545)) - s4@group-DE92A9858D7E: appendEntries* s6->s4#5881-t1,previous=(t:1, i:101),leaderCommit=101,initializing? false,entries: size=1, first=(t:1, i:102), METADATAENTRY(c:101)
2024-10-09 04:29:55,365 DEBUG server.RaftServer$Division (LeaderStateImpl.java:addPendingRequest(529)) - s6@group-DE92A9858D7E-LeaderStateImpl: addPendingRequest at RaftClientRequest:client-3CEDCB722536->s6@group-DE92A9858D7E, cid=5880, seq=null, RW, Message:01016100, entry=(t:1, i:103), STATEMACHINELOGENTRY, WRITE: logData.size=4, stateMachineData.size=0, logEntryProtoSerializedSize=0
2024-10-09 04:29:55,366 DEBUG server.RaftServer$Division (RaftServerImpl.java:logAppendEntries(1545)) - s4@group-DE92A9858D7E: appendEntries* reply s6<-s4#5881:OK-t1,SUCCESS,nextIndex=103,followerCommit=101,matchIndex=102
2024-10-09 04:29:55,366 DEBUG server.RaftServer$Division (RaftServerImpl.java:logAppendEntries(1545)) - s5@group-DE92A9858D7E: appendEntries* s6->s5#5882-t1,previous=(t:1, i:101),leaderCommit=101,initializing? false,entries: size=2, first=(t:1, i:102), METADATAENTRY(c:101)
2024-10-09 04:29:55,366 DEBUG server.RaftServer$Division (RaftServerImpl.java:logAppendEntries(1545)) - s4@group-DE92A9858D7E: appendEntries* s6->s4#5883-t1,previous=(t:1, i:102),leaderCommit=102,initializing? false,entries: size=1, first=(t:1, i:103), STATEMACHINELOGENTRY, StateMachineLogEntryProto:5880@client-3CEDCB722536
2024-10-09 04:29:55,367 DEBUG server.RaftServer$Division (RaftServerImpl.java:logAppendEntries(1545)) - s5@group-DE92A9858D7E: appendEntries* reply s6<-s5#5882:OK-t1,SUCCESS,nextIndex=104,followerCommit=101,matchIndex=103
2024-10-09 04:29:55,367 INFO  statemachine.StateMachine (ArithmeticStateMachine.java:applyTransaction(181)) - LEADER:s6-103: a = null = null
2024-10-09 04:29:55,367 DEBUG server.RaftServer$Division (RaftServerImpl.java:logAppendEntries(1545)) - s4@group-DE92A9858D7E: appendEntries* reply s6<-s4#5883:OK-t1,SUCCESS,nextIndex=104,followerCommit=102,matchIndex=103
2024-10-09 04:29:55,367 DEBUG server.RaftServer$Division (RaftServerImpl.java:submitClientRequestAsync(916)) - s6@group-DE92A9858D7E: receive client request(RaftClientRequest:client-3CEDCB722536->s6@group-DE92A9858D7E, cid=5885, seq=null, RW, Message:01016200)
2024-10-09 04:29:55,367 DEBUG server.RaftServer$Division (LeaderStateImpl.java:addPendingRequest(529)) - s6@group-DE92A9858D7E-LeaderStateImpl: addPendingRequest at RaftClientRequest:client-3CEDCB722536->s6@group-DE92A9858D7E, cid=5885, seq=null, RW, Message:01016200, entry=(t:1, i:105), STATEMACHINELOGENTRY, WRITE: logData.size=4, stateMachineData.size=0, logEntryProtoSerializedSize=0
2024-10-09 04:29:55,368 DEBUG server.RaftServer$Division (RaftServerImpl.java:logAppendEntries(1545)) - s5@group-DE92A9858D7E: appendEntries* s6->s5#5884-t1,previous=(t:1, i:103),leaderCommit=103,initializing? false,entries: size=1, first=(t:1, i:104), METADATAENTRY(c:103)
2024-10-09 04:29:55,368 DEBUG server.RaftServer$Division (RaftServerImpl.java:logAppendEntries(1545)) - s4@group-DE92A9858D7E: appendEntries* s6->s4#5886-t1,previous=(t:1, i:103),leaderCommit=103,initializing? false,entries: size=2, first=(t:1, i:104), METADATAENTRY(c:103)
2024-10-09 04:29:55,368 DEBUG server.RaftServer$Division (RaftServerImpl.java:logAppendEntries(1545)) - s5@group-DE92A9858D7E: appendEntries* reply s6<-s5#5884:OK-t1,SUCCESS,nextIndex=105,followerCommit=103,matchIndex=104
2024-10-09 04:29:55,368 DEBUG server.RaftServer$Division (RaftServerImpl.java:logAppendEntries(1545)) - s4@group-DE92A9858D7E: appendEntries* reply s6<-s4#5886:OK-t1,SUCCESS,nextIndex=106,followerCommit=103,matchIndex=105
2024-10-09 04:29:55,369 INFO  statemachine.StateMachine (ArithmeticStateMachine.java:applyTransaction(181)) - LEADER:s6-105: b = null = null
2024-10-09 04:29:55,369 DEBUG server.RaftServer$Division (RaftServerImpl.java:logAppendEntries(1545)) - s4@group-DE92A9858D7E: appendEntries* s6->s4#5888-t1,previous=(t:1, i:105),leaderCommit=105,initializing? false,entries: size=1, first=(t:1, i:106), METADATAENTRY(c:105)
2024-10-09 04:29:55,369 DEBUG server.RaftServer$Division (RaftServerImpl.java:submitClientRequestAsync(916)) - s6@group-DE92A9858D7E: receive client request(RaftClientRequest:client-3CEDCB722536->s6@group-DE92A9858D7E, cid=5889, seq=null, RW, Message:01016300)
2024-10-09 04:29:55,369 DEBUG server.RaftServer$Division (RaftServerImpl.java:logAppendEntries(1545)) - s4@group-DE92A9858D7E: appendEntries* reply s6<-s4#5888:OK-t1,SUCCESS,nextIndex=107,followerCommit=105,matchIndex=106
2024-10-09 04:29:55,369 DEBUG server.RaftServer$Division (LeaderStateImpl.java:addPendingRequest(529)) - s6@group-DE92A9858D7E-LeaderStateImpl: addPendingRequest at RaftClientRequest:client-3CEDCB722536->s6@group-DE92A9858D7E, cid=5889, seq=null, RW, Message:01016300, entry=(t:1, i:107), STATEMACHINELOGENTRY, WRITE: logData.size=4, stateMachineData.size=0, logEntryProtoSerializedSize=0
2024-10-09 04:29:55,370 DEBUG server.RaftServer$Division (RaftServerImpl.java:logAppendEntries(1545)) - s4@group-DE92A9858D7E: appendEntries* s6->s4#5890-t1,previous=(t:1, i:106),leaderCommit=106,initializing? false,entries: size=1, first=(t:1, i:107), STATEMACHINELOGENTRY, StateMachineLogEntryProto:5889@client-3CEDCB722536
2024-10-09 04:29:55,370 DEBUG server.RaftServer$Division (RaftServerImpl.java:logAppendEntries(1545)) - s5@group-DE92A9858D7E: appendEntries* s6->s5#5887-t1,previous=(t:1, i:104),leaderCommit=105,initializing? false,entries: size=2, first=(t:1, i:105), STATEMACHINELOGENTRY, StateMachineLogEntryProto:5885@client-3CEDCB722536
2024-10-09 04:29:55,372 DEBUG server.RaftServer$Division (RaftServerImpl.java:logAppendEntries(1545)) - s4@group-DE92A9858D7E: appendEntries* reply s6<-s4#5890:OK-t1,SUCCESS,nextIndex=108,followerCommit=106,matchIndex=107
2024-10-09 04:29:55,372 DEBUG server.RaftServer$Division (RaftServerImpl.java:logAppendEntries(1545)) - s5@group-DE92A9858D7E: appendEntries* reply s6<-s5#5887:OK-t1,SUCCESS,nextIndex=107,followerCommit=105,matchIndex=106
2024-10-09 04:29:55,372 INFO  statemachine.StateMachine (ArithmeticStateMachine.java:applyTransaction(181)) - LEADER:s6-107: c = null = null
2024-10-09 04:29:55,372 DEBUG server.RaftServer$Division (RaftServerImpl.java:logAppendEntries(1545)) - s4@group-DE92A9858D7E: appendEntries* s6->s4#5891-t1,previous=(t:1, i:107),leaderCommit=107,initializing? false,entries: size=1, first=(t:1, i:108), METADATAENTRY(c:107)
2024-10-09 04:29:55,372 DEBUG server.RaftServer$Division (RaftServerImpl.java:submitClientRequestAsync(916)) - s6@group-DE92A9858D7E: receive client request(RaftClientRequest:client-3CEDCB722536->s6@group-DE92A9858D7E, cid=5892, seq=null, RW, Message:01016102405440000000...(size=12))
2024-10-09 04:29:55,373 DEBUG server.RaftServer$Division (LeaderStateImpl.java:addPendingRequest(529)) - s6@group-DE92A9858D7E-LeaderStateImpl: addPendingRequest at RaftClientRequest:client-3CEDCB722536->s6@group-DE92A9858D7E, cid=5892, seq=null, RW, Message:01016102405440000000...(size=12), entry=(t:1, i:109), STATEMACHINELOGENTRY, WRITE: logData.size=12, stateMachineData.size=0, logEntryProtoSerializedSize=0
2024-10-09 04:29:55,373 DEBUG server.RaftServer$Division (RaftServerImpl.java:logAppendEntries(1545)) - s5@group-DE92A9858D7E: appendEntries* s6->s5#5893-t1,previous=(t:1, i:106),leaderCommit=107,initializing? false,entries: size=2, first=(t:1, i:107), STATEMACHINELOGENTRY, StateMachineLogEntryProto:5889@client-3CEDCB722536
2024-10-09 04:29:55,373 DEBUG server.RaftServer$Division (RaftServerImpl.java:logAppendEntries(1545)) - s4@group-DE92A9858D7E: appendEntries* reply s6<-s4#5891:OK-t1,SUCCESS,nextIndex=109,followerCommit=107,matchIndex=108
2024-10-09 04:29:55,374 DEBUG server.RaftServer$Division (RaftServerImpl.java:logAppendEntries(1545)) - s4@group-DE92A9858D7E: appendEntries* s6->s4#5894-t1,previous=(t:1, i:108),leaderCommit=107,initializing? false,entries: size=1, first=(t:1, i:109), STATEMACHINELOGENTRY, StateMachineLogEntryProto:5892@client-3CEDCB722536
2024-10-09 04:29:55,374 DEBUG server.RaftServer$Division (RaftServerImpl.java:logAppendEntries(1545)) - s5@group-DE92A9858D7E: appendEntries* reply s6<-s5#5893:OK-t1,SUCCESS,nextIndex=109,followerCommit=107,matchIndex=108
2024-10-09 04:29:55,374 DEBUG server.RaftServer$Division (RaftServerImpl.java:logAppendEntries(1545)) - s5@group-DE92A9858D7E: appendEntries* s6->s5#5895-t1,previous=(t:1, i:108),leaderCommit=108,initializing? false,entries: size=1, first=(t:1, i:109), STATEMACHINELOGENTRY, StateMachineLogEntryProto:5892@client-3CEDCB722536
2024-10-09 04:29:55,374 DEBUG server.RaftServer$Division (RaftServerImpl.java:logAppendEntries(1545)) - s4@group-DE92A9858D7E: appendEntries* reply s6<-s4#5894:OK-t1,SUCCESS,nextIndex=110,followerCommit=107,matchIndex=109
2024-10-09 04:29:55,374 INFO  statemachine.StateMachine (ArithmeticStateMachine.java:applyTransaction(181)) - LEADER:s6-109: a = 81 = 81
2024-10-09 04:29:55,375 DEBUG server.RaftServer$Division (RaftServerImpl.java:logAppendEntries(1545)) - s5@group-DE92A9858D7E: appendEntries* reply s6<-s5#5895:OK-t1,SUCCESS,nextIndex=110,followerCommit=108,matchIndex=109
2024-10-09 04:29:55,375 DEBUG server.RaftServer$Division (RaftServerImpl.java:logAppendEntries(1545)) - s4@group-DE92A9858D7E: appendEntries* s6->s4#5896-t1,previous=(t:1, i:109),leaderCommit=109,initializing? false,entries: size=1, first=(t:1, i:110), METADATAENTRY(c:109)
2024-10-09 04:29:55,375 DEBUG server.RaftServer$Division (RaftServerImpl.java:submitClientRequestAsync(916)) - s6@group-DE92A9858D7E: receive client request(RaftClientRequest:client-3CEDCB722536->s6@group-DE92A9858D7E, cid=5897, seq=null, RW, Message:0101620240a9a0000000...(size=12))
2024-10-09 04:29:55,375 DEBUG server.RaftServer$Division (LeaderStateImpl.java:addPendingRequest(529)) - s6@group-DE92A9858D7E-LeaderStateImpl: addPendingRequest at RaftClientRequest:client-3CEDCB722536->s6@group-DE92A9858D7E, cid=5897, seq=null, RW, Message:0101620240a9a0000000...(size=12), entry=(t:1, i:111), STATEMACHINELOGENTRY, WRITE: logData.size=12, stateMachineData.size=0, logEntryProtoSerializedSize=0
2024-10-09 04:29:55,375 DEBUG server.RaftServer$Division (RaftServerImpl.java:logAppendEntries(1545)) - s4@group-DE92A9858D7E: appendEntries* reply s6<-s4#5896:OK-t1,SUCCESS,nextIndex=111,followerCommit=109,matchIndex=110
2024-10-09 04:29:55,376 DEBUG server.RaftServer$Division (RaftServerImpl.java:logAppendEntries(1545)) - s4@group-DE92A9858D7E: appendEntries* s6->s4#5898-t1,previous=(t:1, i:110),leaderCommit=109,initializing? false,entries: size=1, first=(t:1, i:111), STATEMACHINELOGENTRY, StateMachineLogEntryProto:5897@client-3CEDCB722536
2024-10-09 04:29:55,376 DEBUG server.RaftServer$Division (RaftServerImpl.java:logAppendEntries(1545)) - s5@group-DE92A9858D7E: appendEntries* s6->s5#5899-t1,previous=(t:1, i:109),leaderCommit=110,initializing? false,entries: size=2, first=(t:1, i:110), METADATAENTRY(c:109)
2024-10-09 04:29:55,376 DEBUG server.RaftServer$Division (RaftServerImpl.java:logAppendEntries(1545)) - s4@group-DE92A9858D7E: appendEntries* reply s6<-s4#5898:OK-t1,SUCCESS,nextIndex=112,followerCommit=109,matchIndex=111
2024-10-09 04:29:55,377 INFO  statemachine.StateMachine (ArithmeticStateMachine.java:applyTransaction(181)) - LEADER:s6-111: b = 3280 = 3280
2024-10-09 04:29:55,377 DEBUG server.RaftServer$Division (RaftServerImpl.java:logAppendEntries(1545)) - s4@group-DE92A9858D7E: appendEntries* s6->s4#5900-t1,previous=(t:1, i:111),leaderCommit=111,initializing? false,entries: size=1, first=(t:1, i:112), METADATAENTRY(c:111)
2024-10-09 04:29:55,377 DEBUG server.RaftServer$Division (RaftServerImpl.java:submitClientRequestAsync(916)) - s6@group-DE92A9858D7E: receive client request(RaftClientRequest:client-3CEDCB722536->s6@group-DE92A9858D7E, cid=5901, seq=null, RW, Message:01016304010300040201...(size=17))
2024-10-09 04:29:55,377 DEBUG server.RaftServer$Division (RaftServerImpl.java:logAppendEntries(1545)) - s5@group-DE92A9858D7E: appendEntries* reply s6<-s5#5899:OK-t1,SUCCESS,nextIndex=112,followerCommit=110,matchIndex=111
2024-10-09 04:29:55,377 DEBUG server.RaftServer$Division (LeaderStateImpl.java:addPendingRequest(529)) - s6@group-DE92A9858D7E-LeaderStateImpl: addPendingRequest at RaftClientRequest:client-3CEDCB722536->s6@group-DE92A9858D7E, cid=5901, seq=null, RW, Message:01016304010300040201...(size=17), entry=(t:1, i:113), STATEMACHINELOGENTRY, WRITE: logData.size=17, stateMachineData.size=0, logEntryProtoSerializedSize=0
2024-10-09 04:29:55,377 DEBUG server.RaftServer$Division (RaftServerImpl.java:logAppendEntries(1545)) - s4@group-DE92A9858D7E: appendEntries* reply s6<-s4#5900:OK-t1,SUCCESS,nextIndex=113,followerCommit=111,matchIndex=112
2024-10-09 04:29:55,378 DEBUG server.RaftServer$Division (RaftServerImpl.java:logAppendEntries(1545)) - s4@group-DE92A9858D7E: appendEntries* s6->s4#5902-t1,previous=(t:1, i:112),leaderCommit=111,initializing? false,entries: size=1, first=(t:1, i:113), STATEMACHINELOGENTRY, StateMachineLogEntryProto:5901@client-3CEDCB722536
2024-10-09 04:29:55,378 DEBUG server.RaftServer$Division (RaftServerImpl.java:logAppendEntries(1545)) - s5@group-DE92A9858D7E: appendEntries* s6->s5#5903-t1,previous=(t:1, i:111),leaderCommit=112,initializing? false,entries: size=2, first=(t:1, i:112), METADATAENTRY(c:111)
2024-10-09 04:29:55,378 DEBUG server.RaftServer$Division (RaftServerImpl.java:logAppendEntries(1545)) - s4@group-DE92A9858D7E: appendEntries* reply s6<-s4#5902:OK-t1,SUCCESS,nextIndex=114,followerCommit=111,matchIndex=113
2024-10-09 04:29:55,379 INFO  statemachine.StateMachine (ArithmeticStateMachine.java:applyTransaction(181)) - LEADER:s6-113: c = √(a^2 + b^2) = 3281
2024-10-09 04:29:55,379 DEBUG server.RaftServer$Division (RaftServerImpl.java:logAppendEntries(1545)) - s4@group-DE92A9858D7E: appendEntries* s6->s4#5904-t1,previous=(t:1, i:113),leaderCommit=113,initializing? false,entries: size=1, first=(t:1, i:114), METADATAENTRY(c:113)
2024-10-09 04:29:55,379 DEBUG server.RaftServer$Division (RaftServerImpl.java:submitClientRequestAsync(916)) - s6@group-DE92A9858D7E: receive client request(RaftClientRequest:client-3CEDCB722536->s6@group-DE92A9858D7E, cid=5905, seq=null, RW, Message:01016100)
2024-10-09 04:29:55,379 DEBUG server.RaftServer$Division (LeaderStateImpl.java:addPendingRequest(529)) - s6@group-DE92A9858D7E-LeaderStateImpl: addPendingRequest at RaftClientRequest:client-3CEDCB722536->s6@group-DE92A9858D7E, cid=5905, seq=null, RW, Message:01016100, entry=(t:1, i:115), STATEMACHINELOGENTRY, WRITE: logData.size=4, stateMachineData.size=0, logEntryProtoSerializedSize=0
2024-10-09 04:29:55,379 DEBUG server.RaftServer$Division (RaftServerImpl.java:logAppendEntries(1545)) - s5@group-DE92A9858D7E: appendEntries* reply s6<-s5#5903:OK-t1,SUCCESS,nextIndex=114,followerCommit=112,matchIndex=113
2024-10-09 04:29:55,379 DEBUG server.RaftServer$Division (RaftServerImpl.java:logAppendEntries(1545)) - s4@group-DE92A9858D7E: appendEntries* reply s6<-s4#5904:OK-t1,SUCCESS,nextIndex=115,followerCommit=113,matchIndex=114
2024-10-09 04:29:55,380 DEBUG server.RaftServer$Division (RaftServerImpl.java:logAppendEntries(1545)) - s4@group-DE92A9858D7E: appendEntries* s6->s4#5906-t1,previous=(t:1, i:114),leaderCommit=113,initializing? false,entries: size=1, first=(t:1, i:115), STATEMACHINELOGENTRY, StateMachineLogEntryProto:5905@client-3CEDCB722536
2024-10-09 04:29:55,380 DEBUG server.RaftServer$Division (RaftServerImpl.java:logAppendEntries(1545)) - s5@group-DE92A9858D7E: appendEntries* s6->s5#5911-t1,previous=(t:1, i:113),leaderCommit=114,initializing? false,entries: size=2, first=(t:1, i:114), METADATAENTRY(c:113)
2024-10-09 04:29:55,381 DEBUG server.RaftServer$Division (RaftServerImpl.java:logAppendEntries(1545)) - s4@group-DE92A9858D7E: appendEntries* reply s6<-s4#5906:OK-t1,SUCCESS,nextIndex=116,followerCommit=113,matchIndex=115
2024-10-09 04:29:55,381 INFO  statemachine.StateMachine (ArithmeticStateMachine.java:applyTransaction(181)) - LEADER:s6-115: a = null = null
2024-10-09 04:29:55,381 DEBUG server.RaftServer$Division (RaftServerImpl.java:logAppendEntries(1545)) - s4@group-DE92A9858D7E: appendEntries* s6->s4#5912-t1,previous=(t:1, i:115),leaderCommit=115,initializing? false,entries: size=1, first=(t:1, i:116), METADATAENTRY(c:115)
2024-10-09 04:29:55,381 DEBUG server.RaftServer$Division (RaftServerImpl.java:submitClientRequestAsync(916)) - s6@group-DE92A9858D7E: receive client request(RaftClientRequest:client-3CEDCB722536->s6@group-DE92A9858D7E, cid=5913, seq=null, RW, Message:01016200)
2024-10-09 04:29:55,381 DEBUG server.RaftServer$Division (LeaderStateImpl.java:addPendingRequest(529)) - s6@group-DE92A9858D7E-LeaderStateImpl: addPendingRequest at RaftClientRequest:client-3CEDCB722536->s6@group-DE92A9858D7E, cid=5913, seq=null, RW, Message:01016200, entry=(t:1, i:117), STATEMACHINELOGENTRY, WRITE: logData.size=4, stateMachineData.size=0, logEntryProtoSerializedSize=0
2024-10-09 04:29:55,382 DEBUG server.RaftServer$Division (RaftServerImpl.java:logAppendEntries(1545)) - s4@group-DE92A9858D7E: appendEntries* reply s6<-s4#5912:OK-t1,SUCCESS,nextIndex=117,followerCommit=115,matchIndex=116
2024-10-09 04:29:55,382 DEBUG server.RaftServer$Division (RaftServerImpl.java:logAppendEntries(1545)) - s5@group-DE92A9858D7E: appendEntries* reply s6<-s5#5911:OK-t1,SUCCESS,nextIndex=116,followerCommit=114,matchIndex=115
2024-10-09 04:29:55,382 DEBUG server.RaftServer$Division (RaftServerImpl.java:logAppendEntries(1545)) - s4@group-DE92A9858D7E: appendEntries* s6->s4#5914-t1,previous=(t:1, i:116),leaderCommit=115,initializing? false,entries: size=1, first=(t:1, i:117), STATEMACHINELOGENTRY, StateMachineLogEntryProto:5913@client-3CEDCB722536
2024-10-09 04:29:55,383 DEBUG server.RaftServer$Division (RaftServerImpl.java:logAppendEntries(1545)) - s5@group-DE92A9858D7E: appendEntries* s6->s5#5915-t1,previous=(t:1, i:115),leaderCommit=116,initializing? false,entries: size=2, first=(t:1, i:116), METADATAENTRY(c:115)
2024-10-09 04:29:55,383 DEBUG server.RaftServer$Division (RaftServerImpl.java:logAppendEntries(1545)) - s4@group-DE92A9858D7E: appendEntries* reply s6<-s4#5914:OK-t1,SUCCESS,nextIndex=118,followerCommit=115,matchIndex=117
2024-10-09 04:29:55,383 DEBUG server.RaftServer$Division (RaftServerImpl.java:logAppendEntries(1545)) - s5@group-DE92A9858D7E: appendEntries* reply s6<-s5#5915:OK-t1,SUCCESS,nextIndex=118,followerCommit=116,matchIndex=117
2024-10-09 04:29:55,383 INFO  statemachine.StateMachine (ArithmeticStateMachine.java:applyTransaction(181)) - LEADER:s6-117: b = null = null
2024-10-09 04:29:55,383 DEBUG server.RaftServer$Division (RaftServerImpl.java:logAppendEntries(1545)) - s4@group-DE92A9858D7E: appendEntries* s6->s4#5916-t1,previous=(t:1, i:117),leaderCommit=117,initializing? false,entries: size=1, first=(t:1, i:118), METADATAENTRY(c:117)
2024-10-09 04:29:55,384 DEBUG server.RaftServer$Division (RaftServerImpl.java:submitClientRequestAsync(916)) - s6@group-DE92A9858D7E: receive client request(RaftClientRequest:client-3CEDCB722536->s6@group-DE92A9858D7E, cid=5917, seq=null, RW, Message:01016300)
2024-10-09 04:29:55,384 DEBUG server.RaftServer$Division (LeaderStateImpl.java:addPendingRequest(529)) - s6@group-DE92A9858D7E-LeaderStateImpl: addPendingRequest at RaftClientRequest:client-3CEDCB722536->s6@group-DE92A9858D7E, cid=5917, seq=null, RW, Message:01016300, entry=(t:1, i:119), STATEMACHINELOGENTRY, WRITE: logData.size=4, stateMachineData.size=0, logEntryProtoSerializedSize=0
2024-10-09 04:29:55,384 DEBUG server.RaftServer$Division (RaftServerImpl.java:logAppendEntries(1545)) - s5@group-DE92A9858D7E: appendEntries* s6->s5#5918-t1,previous=(t:1, i:117),leaderCommit=117,initializing? false,entries: size=2, first=(t:1, i:118), METADATAENTRY(c:117)
2024-10-09 04:29:55,384 DEBUG server.RaftServer$Division (RaftServerImpl.java:logAppendEntries(1545)) - s4@group-DE92A9858D7E: appendEntries* reply s6<-s4#5916:OK-t1,SUCCESS,nextIndex=119,followerCommit=117,matchIndex=118
2024-10-09 04:29:55,385 DEBUG server.RaftServer$Division (RaftServerImpl.java:logAppendEntries(1545)) - s5@group-DE92A9858D7E: appendEntries* reply s6<-s5#5918:OK-t1,SUCCESS,nextIndex=120,followerCommit=117,matchIndex=119
2024-10-09 04:29:55,385 DEBUG server.RaftServer$Division (RaftServerImpl.java:logAppendEntries(1545)) - s4@group-DE92A9858D7E: appendEntries* s6->s4#5919-t1,previous=(t:1, i:118),leaderCommit=117,initializing? false,entries: size=1, first=(t:1, i:119), STATEMACHINELOGENTRY, StateMachineLogEntryProto:5917@client-3CEDCB722536
2024-10-09 04:29:55,386 DEBUG server.RaftServer$Division (RaftServerImpl.java:logAppendEntries(1545)) - s4@group-DE92A9858D7E: appendEntries* reply s6<-s4#5919:OK-t1,SUCCESS,nextIndex=120,followerCommit=117,matchIndex=119
2024-10-09 04:29:55,386 INFO  statemachine.StateMachine (ArithmeticStateMachine.java:applyTransaction(181)) - LEADER:s6-119: c = null = null
2024-10-09 04:29:55,386 DEBUG server.RaftServer$Division (RaftServerImpl.java:logAppendEntries(1545)) - s4@group-DE92A9858D7E: appendEntries* s6->s4#5920-t1,previous=(t:1, i:119),leaderCommit=119,initializing? false,entries: size=1, first=(t:1, i:120), METADATAENTRY(c:119)
2024-10-09 04:29:55,387 DEBUG server.RaftServer$Division (RaftServerImpl.java:logAppendEntries(1545)) - s5@group-DE92A9858D7E: appendEntries* s6->s5#5921-t1,previous=(t:1, i:119),leaderCommit=119,initializing? false,entries: size=1, first=(t:1, i:120), METADATAENTRY(c:119)
2024-10-09 04:29:55,387 DEBUG server.RaftServer$Division (RaftServerImpl.java:logAppendEntries(1545)) - s4@group-DE92A9858D7E: appendEntries* reply s6<-s4#5920:OK-t1,SUCCESS,nextIndex=121,followerCommit=119,matchIndex=120
2024-10-09 04:29:55,388 DEBUG server.RaftServer$Division (RaftServerImpl.java:logAppendEntries(1545)) - s5@group-DE92A9858D7E: appendEntries* reply s6<-s5#5921:OK-t1,SUCCESS,nextIndex=121,followerCommit=119,matchIndex=120
2024-10-09 04:29:55,395 INFO  impl.GroupManagementBaseTest (GroupManagementBaseTest.java:runMultiGroupTest(281)) - 4) starting group-BDFE845AF3B0:[s7|0.0.0.0:15022, s8|0.0.0.0:15023, s9|0.0.0.0:15024]
2024-10-09 04:29:55,396 INFO  netty.NettyUtils (NettyUtils.java:newEventLoopGroup(74)) - Create EpollEventLoopGroup for client-F878CB3AB24B; Thread size is 0.
2024-10-09 04:29:55,397 INFO  logging.LoggingHandler (AbstractInternalLogger.java:log(148)) - [id: 0xd08e94f7, L:/0.0.0.0:15022] READ: [id: 0xc1908fa2, L:/127.0.0.1:15022 - R:/127.0.0.1:55106]
2024-10-09 04:29:55,398 INFO  logging.LoggingHandler (AbstractInternalLogger.java:log(148)) - [id: 0xd08e94f7, L:/0.0.0.0:15022] READ COMPLETE
2024-10-09 04:29:55,399 INFO  server.RaftServer (RaftServerProxy.java:addNew(101)) - s7: addNew group-BDFE845AF3B0:[s7|0.0.0.0:15022, s8|0.0.0.0:15023, s9|0.0.0.0:15024] returns group-BDFE845AF3B0:java.util.concurrent.CompletableFuture@6f15cc30[Not completed]
2024-10-09 04:29:55,399 INFO  server.RaftServer$Division (RaftServerImpl.java:<init>(256)) - s7: new RaftServerImpl for group-BDFE845AF3B0:[s7|0.0.0.0:15022, s8|0.0.0.0:15023, s9|0.0.0.0:15024] with ArithmeticStateMachine:uninitialized
2024-10-09 04:29:55,399 INFO  server.RaftServerConfigKeys (ConfUtils.java:logGet(46)) - raft.server.rpc.timeout.min = 300ms (custom)
2024-10-09 04:29:55,399 INFO  server.RaftServerConfigKeys (ConfUtils.java:logGet(46)) - raft.server.rpc.timeout.max = 600ms (custom)
2024-10-09 04:29:55,399 INFO  server.RaftServerConfigKeys (ConfUtils.java:logGet(46)) - raft.server.rpc.sleep.time = 25ms (default)
2024-10-09 04:29:55,399 INFO  server.RaftServerConfigKeys (ConfUtils.java:logGet(46)) - raft.server.rpc.slowness.timeout = 60s (default)
2024-10-09 04:29:55,399 INFO  server.RaftServerConfigKeys (ConfUtils.java:logGet(46)) - raft.server.leaderelection.leader.step-down.wait-time = 10s (default)
2024-10-09 04:29:55,399 INFO  server.RaftServerConfigKeys (ConfUtils.java:logGet(46)) - raft.server.leaderelection.member.majority-add = false (default)
2024-10-09 04:29:55,399 INFO  server.RaftServerConfigKeys (ConfUtils.java:logGet(46)) - raft.server.sleep.deviation.threshold = 300ms (default)
2024-10-09 04:29:55,399 INFO  server.RaftServer$Division (ServerState.java:<init>(114)) - s7@group-BDFE845AF3B0: ConfigurationManager, init=conf: {index: -1, cur=peers:[s7|0.0.0.0:15022, s8|0.0.0.0:15023, s9|0.0.0.0:15024]|listeners:[], old=null}, confs=<EMPTY_MAP>
2024-10-09 04:29:55,399 INFO  server.RaftServerConfigKeys (ConfUtils.java:logGet(46)) - raft.server.notification.no-leader.timeout = 60s (default)
2024-10-09 04:29:55,400 INFO  server.RaftServerConfigKeys (ConfUtils.java:logGet(46)) - raft.server.read.timeout = 10s (default)
2024-10-09 04:29:55,400 INFO  server.RaftServerConfigKeys (ConfUtils.java:logGet(46)) - raft.server.retrycache.expirytime = 60s (default)
2024-10-09 04:29:55,400 INFO  server.RaftServerConfigKeys (ConfUtils.java:logGet(46)) - raft.server.retrycache.statistics.expirytime = 100ms (default)
2024-10-09 04:29:55,400 INFO  server.RaftServerConfigKeys (ConfUtils.java:logGet(46)) - raft.server.read.option = DEFAULT (default)
2024-10-09 04:29:55,400 INFO  server.RaftServerConfigKeys (ConfUtils.java:logGet(46)) - raft.server.read.read-after-write-consistent.write-index-cache.expiry-time = 60s (default)
2024-10-09 04:29:55,400 INFO  server.RaftServerConfigKeys (ConfUtils.java:logGet(46)) - raft.server.rpc.request.timeout = 3000ms (default)
2024-10-09 04:29:55,400 INFO  server.RaftServerConfigKeys (ConfUtils.java:logGet(46)) - raft.server.log.appender.install.snapshot.enabled = true (default)
2024-10-09 04:29:55,400 INFO  server.RaftServerConfigKeys (ConfUtils.java:logGet(46)) - raft.server.threadpool.server.cached = true (default)
2024-10-09 04:29:55,400 INFO  server.RaftServerConfigKeys (ConfUtils.java:logGet(46)) - raft.server.threadpool.server.size = 0 (default)
2024-10-09 04:29:55,400 INFO  server.RaftServerConfigKeys (ConfUtils.java:logGet(46)) - raft.server.threadpool.client.cached = true (default)
2024-10-09 04:29:55,400 INFO  server.RaftServerConfigKeys (ConfUtils.java:logGet(46)) - raft.server.threadpool.client.size = 0 (default)
2024-10-09 04:29:55,400 INFO  server.RaftServerConfigKeys (ConfUtils.java:logGet(46)) - raft.server.storage.free-space.min = 0MB (=0) (default)
2024-10-09 04:29:55,400 INFO  server.RaftServerConfigKeys (ConfUtils.java:logGet(46)) - raft.server.log.corruption.policy = EXCEPTION (default)
2024-10-09 04:29:55,400 INFO  server.RaftServerConfigKeys (ConfUtils.java:logGet(46)) - raft.server.storage.dir = [/home/runner/work/ratis/ratis/ratis-examples/target/test/data/6e6e5023/MiniRaftClusterWithNettya4857fb2/s7] (custom)
2024-10-09 04:29:55,401 INFO  storage.RaftStorageDirectory (RaftStorageDirectoryImpl.java:analyzeStorage(138)) - The storage directory /home/runner/work/ratis/ratis/ratis-examples/target/test/data/6e6e5023/MiniRaftClusterWithNettya4857fb2/s7/c491dcd8-cfe1-48dd-9178-bdfe845af3b0 does not exist. Creating ...
2024-10-09 04:29:55,401 TRACE util.FileUtils (LogUtils.java:runAndLog(49)) - Successfully ran Files.createDirectories /home/runner/work/ratis/ratis/ratis-examples/target/test/data/6e6e5023/MiniRaftClusterWithNettya4857fb2/s7/c491dcd8-cfe1-48dd-9178-bdfe845af3b0
2024-10-09 04:29:55,402 INFO  storage.RaftStorageDirectory (RaftStorageDirectoryImpl.java:tryLock(229)) - Lock on /home/runner/work/ratis/ratis/ratis-examples/target/test/data/6e6e5023/MiniRaftClusterWithNettya4857fb2/s7/c491dcd8-cfe1-48dd-9178-bdfe845af3b0/in_use.lock acquired by nodename 14484@fv-az565-744
2024-10-09 04:29:55,402 TRACE util.FileUtils (LogUtils.java:runAndLog(49)) - Successfully ran Files.createDirectories /home/runner/work/ratis/ratis/ratis-examples/target/test/data/6e6e5023/MiniRaftClusterWithNettya4857fb2/s7/c491dcd8-cfe1-48dd-9178-bdfe845af3b0/current
2024-10-09 04:29:55,402 TRACE util.FileUtils (LogUtils.java:runAndLog(49)) - Successfully ran Files.createDirectories /home/runner/work/ratis/ratis/ratis-examples/target/test/data/6e6e5023/MiniRaftClusterWithNettya4857fb2/s7/c491dcd8-cfe1-48dd-9178-bdfe845af3b0/sm
2024-10-09 04:29:55,402 TRACE util.FileUtils (LogUtils.java:supplyAndLog(69)) - Successfully supplied FileChannel.open /home/runner/work/ratis/ratis/ratis-examples/target/test/data/6e6e5023/MiniRaftClusterWithNettya4857fb2/s7/c491dcd8-cfe1-48dd-9178-bdfe845af3b0/current/raft-meta.tmp with options [CREATE, WRITE]: sun.nio.ch.FileChannelImpl@6670f00
2024-10-09 04:29:55,404 TRACE util.FileUtils (LogUtils.java:runAndLog(49)) - Successfully ran Atomic Files.move /home/runner/work/ratis/ratis/ratis-examples/target/test/data/6e6e5023/MiniRaftClusterWithNettya4857fb2/s7/c491dcd8-cfe1-48dd-9178-bdfe845af3b0/current/raft-meta.tmp to /home/runner/work/ratis/ratis/ratis-examples/target/test/data/6e6e5023/MiniRaftClusterWithNettya4857fb2/s7/c491dcd8-cfe1-48dd-9178-bdfe845af3b0/current/raft-meta with options [REPLACE_EXISTING]
2024-10-09 04:29:55,404 INFO  storage.RaftStorage (RaftStorageImpl.java:format(98)) - Storage directory /home/runner/work/ratis/ratis/ratis-examples/target/test/data/6e6e5023/MiniRaftClusterWithNettya4857fb2/s7/c491dcd8-cfe1-48dd-9178-bdfe845af3b0 has been successfully formatted.
2024-10-09 04:29:55,404 WARN  statemachine.StateMachine (ArithmeticStateMachine.java:loadSnapshot(115)) - The snapshot info is null.
2024-10-09 04:29:55,404 INFO  server.RaftServerConfigKeys (ConfUtils.java:logGet(46)) - raft.server.log.use.memory = false (default)
2024-10-09 04:29:55,404 INFO  server.RaftServerConfigKeys (ConfUtils.java:logGet(46)) - raft.server.log.purge.gap = 1024 (default)
2024-10-09 04:29:55,404 INFO  server.RaftServerConfigKeys (ConfUtils.java:logGet(46)) - raft.server.log.appender.buffer.byte-limit = 4MB (=4194304) (default)
2024-10-09 04:29:55,404 INFO  server.RaftServerConfigKeys (ConfUtils.java:logGet(46)) - raft.server.log.statemachine.data.read.timeout = 1000ms (default)
2024-10-09 04:29:55,404 INFO  server.RaftServerConfigKeys (ConfUtils.java:logGet(46)) - raft.server.log.purge.preservation.log.num = 0 (default)
2024-10-09 04:29:55,405 INFO  server.RaftServerConfigKeys (ConfUtils.java:logGet(46)) - raft.server.log.segment.size.max = 32MB (=33554432) (default)
2024-10-09 04:29:55,405 INFO  server.RaftServerConfigKeys (ConfUtils.java:logGet(46)) - raft.server.log.segment.cache.num.max = 6 (default)
2024-10-09 04:29:55,405 INFO  server.RaftServerConfigKeys (ConfUtils.java:logGet(46)) - raft.server.log.segment.cache.size.max = 200MB (=209715200) (default)
2024-10-09 04:29:55,405 INFO  server.RaftServerConfigKeys (ConfUtils.java:logGet(46)) - raft.server.log.appender.buffer.byte-limit = 4MB (=4194304) (default)
2024-10-09 04:29:55,405 INFO  util.AwaitToRun (AwaitToRun.java:start(81)) - Thread[s7@group-BDFE845AF3B0-cacheEviction-AwaitToRun,5,main] started
2024-10-09 04:29:55,405 INFO  segmented.SegmentedRaftLogWorker (SegmentedRaftLogWorker.java:<init>(187)) - new s7@group-BDFE845AF3B0-SegmentedRaftLogWorker for RaftStorageImpl:Storage Directory /home/runner/work/ratis/ratis/ratis-examples/target/test/data/6e6e5023/MiniRaftClusterWithNettya4857fb2/s7/c491dcd8-cfe1-48dd-9178-bdfe845af3b0
2024-10-09 04:29:55,405 INFO  server.RaftServerConfigKeys (ConfUtils.java:logGet(46)) - raft.server.log.queue.byte-limit = 64MB (=67108864) (default)
2024-10-09 04:29:55,405 INFO  server.RaftServerConfigKeys (ConfUtils.java:logGet(46)) - raft.server.log.queue.element-limit = 4096 (default)
2024-10-09 04:29:55,406 INFO  server.RaftServerConfigKeys (ConfUtils.java:logGet(46)) - raft.server.log.segment.size.max = 32MB (=33554432) (default)
2024-10-09 04:29:55,406 INFO  server.RaftServerConfigKeys (ConfUtils.java:logGet(46)) - raft.server.log.preallocated.size = 4MB (=4194304) (default)
2024-10-09 04:29:55,406 INFO  server.RaftServerConfigKeys (ConfUtils.java:logGet(46)) - raft.server.log.force.sync.num = 128 (default)
2024-10-09 04:29:55,406 INFO  server.RaftServerConfigKeys (ConfUtils.java:logGet(46)) - raft.server.log.statemachine.data.sync = true (default)
2024-10-09 04:29:55,406 INFO  server.RaftServerConfigKeys (ConfUtils.java:logGet(46)) - raft.server.log.statemachine.data.sync.timeout = 10s (default)
2024-10-09 04:29:55,406 INFO  server.RaftServerConfigKeys (ConfUtils.java:logGet(46)) - raft.server.log.statemachine.data.sync.timeout.retry = -1 (default)
2024-10-09 04:29:55,406 INFO  server.RaftServerConfigKeys (ConfUtils.java:logGet(46)) - raft.server.log.write.buffer.size = 8MB (=8388608) (default)
2024-10-09 04:29:55,407 INFO  server.RaftServerConfigKeys (ConfUtils.java:logGet(46)) - raft.server.log.appender.buffer.byte-limit = 4MB (=4194304) (default)
2024-10-09 04:29:55,407 INFO  server.RaftServerConfigKeys (ConfUtils.java:logGet(46)) - raft.server.log.unsafe-flush.enabled = false (default)
2024-10-09 04:29:55,407 INFO  server.RaftServerConfigKeys (ConfUtils.java:logGet(46)) - raft.server.log.async-flush.enabled = false (default)
2024-10-09 04:29:55,407 INFO  server.RaftServerConfigKeys (ConfUtils.java:logGet(46)) - raft.server.log.statemachine.data.caching.enabled = false (default)
2024-10-09 04:29:55,407 INFO  segmented.SegmentedRaftLogWorker (SegmentedRaftLogWorker.java:lambda$new$0(138)) - s7@group-BDFE845AF3B0-SegmentedRaftLogWorker: flushIndex: setUnconditionally 0 -> -1
2024-10-09 04:29:55,407 INFO  segmented.SegmentedRaftLogWorker (SegmentedRaftLogWorker.java:lambda$new$0(138)) - s7@group-BDFE845AF3B0-SegmentedRaftLogWorker: safeCacheEvictIndex: setUnconditionally 0 -> -1
2024-10-09 04:29:55,407 INFO  server.RaftServer$Division (RaftServerImpl.java:start(392)) - s7@group-BDFE845AF3B0: start as a follower, conf=conf: {index: -1, cur=peers:[s7|0.0.0.0:15022, s8|0.0.0.0:15023, s9|0.0.0.0:15024]|listeners:[], old=null}
2024-10-09 04:29:55,407 INFO  server.RaftServer$Division (RaftServerImpl.java:setRole(379)) - s7@group-BDFE845AF3B0: changes role from      null to FOLLOWER at term 0 for startAsFollower
2024-10-09 04:29:55,407 INFO  impl.RoleInfo (RoleInfo.java:updateAndGet(148)) - s7: start s7@group-BDFE845AF3B0-FollowerState
2024-10-09 04:29:55,407 INFO  server.RaftServerConfigKeys (ConfUtils.java:logFallback(53)) - raft.server.rpc.first-election.timeout.min = 300ms (fallback to raft.server.rpc.timeout.min)
2024-10-09 04:29:55,407 INFO  util.JmxRegister (JmxRegister.java:tryRegister(44)) - Successfully registered JMX Bean with object name Ratis:service=RaftServer,group=group-BDFE845AF3B0,id=s7
2024-10-09 04:29:55,408 INFO  util.JmxRegister (JmxRegister.java:register(58)) - register mxBean class org.apache.ratis.server.impl.RaftServerJmxAdapter as Ratis:service=RaftServer,group=group-BDFE845AF3B0,id=s7
2024-10-09 04:29:55,407 INFO  server.RaftServerConfigKeys (ConfUtils.java:logFallback(53)) - raft.server.rpc.first-election.timeout.max = 600ms (fallback to raft.server.rpc.timeout.max)
2024-10-09 04:29:55,408 INFO  server.RaftServerConfigKeys (ConfUtils.java:logGet(46)) - raft.server.snapshot.trigger-when-stop.enabled = true (default)
2024-10-09 04:29:55,408 INFO  server.RaftServerConfigKeys (ConfUtils.java:logGet(46)) - raft.server.snapshot.trigger-when-remove.enabled = true (default)
2024-10-09 04:29:55,408 INFO  server.RaftServerConfigKeys (ConfUtils.java:logGet(46)) - raft.server.snapshot.auto.trigger.enabled = false (default)
2024-10-09 04:29:55,408 INFO  server.RaftServerConfigKeys (ConfUtils.java:logGet(46)) - raft.server.snapshot.retention.file.num = -1 (default)
2024-10-09 04:29:55,408 INFO  server.RaftServerConfigKeys (ConfUtils.java:logGet(46)) - raft.server.log.purge.upto.snapshot.index = false (default)
2024-10-09 04:29:55,418 INFO  netty.NettyUtils (NettyUtils.java:newEventLoopGroup(74)) - Create EpollEventLoopGroup for client-8E5FC7AB97B9; Thread size is 0.
2024-10-09 04:29:55,419 INFO  logging.LoggingHandler (AbstractInternalLogger.java:log(148)) - [id: 0x234b1ce4, L:/0.0.0.0:15023] READ: [id: 0xaf43ae4c, L:/127.0.0.1:15023 - R:/127.0.0.1:58082]
2024-10-09 04:29:55,420 INFO  logging.LoggingHandler (AbstractInternalLogger.java:log(148)) - [id: 0x234b1ce4, L:/0.0.0.0:15023] READ COMPLETE
2024-10-09 04:29:55,420 INFO  server.RaftServer$Division (RaftServerImpl.java:<init>(256)) - s8: new RaftServerImpl for group-BDFE845AF3B0:[s7|0.0.0.0:15022, s8|0.0.0.0:15023, s9|0.0.0.0:15024] with ArithmeticStateMachine:uninitialized
2024-10-09 04:29:55,420 INFO  server.RaftServerConfigKeys (ConfUtils.java:logGet(46)) - raft.server.rpc.timeout.min = 300ms (custom)
2024-10-09 04:29:55,421 INFO  server.RaftServerConfigKeys (ConfUtils.java:logGet(46)) - raft.server.rpc.timeout.max = 600ms (custom)
2024-10-09 04:29:55,421 INFO  server.RaftServerConfigKeys (ConfUtils.java:logGet(46)) - raft.server.rpc.sleep.time = 25ms (default)
2024-10-09 04:29:55,421 INFO  server.RaftServerConfigKeys (ConfUtils.java:logGet(46)) - raft.server.rpc.slowness.timeout = 60s (default)
2024-10-09 04:29:55,421 INFO  server.RaftServerConfigKeys (ConfUtils.java:logGet(46)) - raft.server.leaderelection.leader.step-down.wait-time = 10s (default)
2024-10-09 04:29:55,421 INFO  server.RaftServerConfigKeys (ConfUtils.java:logGet(46)) - raft.server.leaderelection.member.majority-add = false (default)
2024-10-09 04:29:55,421 INFO  server.RaftServerConfigKeys (ConfUtils.java:logGet(46)) - raft.server.sleep.deviation.threshold = 300ms (default)
2024-10-09 04:29:55,421 INFO  server.RaftServer$Division (ServerState.java:<init>(114)) - s8@group-BDFE845AF3B0: ConfigurationManager, init=conf: {index: -1, cur=peers:[s7|0.0.0.0:15022, s8|0.0.0.0:15023, s9|0.0.0.0:15024]|listeners:[], old=null}, confs=<EMPTY_MAP>
2024-10-09 04:29:55,421 INFO  server.RaftServerConfigKeys (ConfUtils.java:logGet(46)) - raft.server.notification.no-leader.timeout = 60s (default)
2024-10-09 04:29:55,421 INFO  server.RaftServerConfigKeys (ConfUtils.java:logGet(46)) - raft.server.read.timeout = 10s (default)
2024-10-09 04:29:55,421 INFO  server.RaftServerConfigKeys (ConfUtils.java:logGet(46)) - raft.server.retrycache.expirytime = 60s (default)
2024-10-09 04:29:55,421 INFO  server.RaftServerConfigKeys (ConfUtils.java:logGet(46)) - raft.server.retrycache.statistics.expirytime = 100ms (default)
2024-10-09 04:29:55,421 INFO  server.RaftServerConfigKeys (ConfUtils.java:logGet(46)) - raft.server.read.option = DEFAULT (default)
2024-10-09 04:29:55,421 INFO  server.RaftServerConfigKeys (ConfUtils.java:logGet(46)) - raft.server.read.read-after-write-consistent.write-index-cache.expiry-time = 60s (default)
2024-10-09 04:29:55,421 INFO  server.RaftServerConfigKeys (ConfUtils.java:logGet(46)) - raft.server.rpc.request.timeout = 3000ms (default)
2024-10-09 04:29:55,421 INFO  server.RaftServerConfigKeys (ConfUtils.java:logGet(46)) - raft.server.log.appender.install.snapshot.enabled = true (default)
2024-10-09 04:29:55,421 INFO  server.RaftServerConfigKeys (ConfUtils.java:logGet(46)) - raft.server.threadpool.server.cached = true (default)
2024-10-09 04:29:55,421 INFO  server.RaftServerConfigKeys (ConfUtils.java:logGet(46)) - raft.server.threadpool.server.size = 0 (default)
2024-10-09 04:29:55,421 INFO  server.RaftServerConfigKeys (ConfUtils.java:logGet(46)) - raft.server.threadpool.client.cached = true (default)
2024-10-09 04:29:55,421 INFO  server.RaftServerConfigKeys (ConfUtils.java:logGet(46)) - raft.server.threadpool.client.size = 0 (default)
2024-10-09 04:29:55,421 INFO  server.RaftServer (RaftServerProxy.java:addNew(101)) - s8: addNew group-BDFE845AF3B0:[s7|0.0.0.0:15022, s8|0.0.0.0:15023, s9|0.0.0.0:15024] returns      null s8@group-BDFE845AF3B0:t0, leader=null, voted=null, raftlog=UNINITIALIZED, conf=conf: {index: -1, cur=peers:[s7|0.0.0.0:15022, s8|0.0.0.0:15023, s9|0.0.0.0:15024]|listeners:[], old=null} NEW
2024-10-09 04:29:55,422 INFO  server.RaftServerConfigKeys (ConfUtils.java:logGet(46)) - raft.server.storage.free-space.min = 0MB (=0) (default)
2024-10-09 04:29:55,422 INFO  server.RaftServerConfigKeys (ConfUtils.java:logGet(46)) - raft.server.log.corruption.policy = EXCEPTION (default)
2024-10-09 04:29:55,422 INFO  server.RaftServerConfigKeys (ConfUtils.java:logGet(46)) - raft.server.storage.dir = [/home/runner/work/ratis/ratis/ratis-examples/target/test/data/6e6e5023/MiniRaftClusterWithNettya4857fb2/s8] (custom)
2024-10-09 04:29:55,422 INFO  storage.RaftStorageDirectory (RaftStorageDirectoryImpl.java:analyzeStorage(138)) - The storage directory /home/runner/work/ratis/ratis/ratis-examples/target/test/data/6e6e5023/MiniRaftClusterWithNettya4857fb2/s8/c491dcd8-cfe1-48dd-9178-bdfe845af3b0 does not exist. Creating ...
2024-10-09 04:29:55,422 TRACE util.FileUtils (LogUtils.java:runAndLog(49)) - Successfully ran Files.createDirectories /home/runner/work/ratis/ratis/ratis-examples/target/test/data/6e6e5023/MiniRaftClusterWithNettya4857fb2/s8/c491dcd8-cfe1-48dd-9178-bdfe845af3b0
2024-10-09 04:29:55,424 INFO  storage.RaftStorageDirectory (RaftStorageDirectoryImpl.java:tryLock(229)) - Lock on /home/runner/work/ratis/ratis/ratis-examples/target/test/data/6e6e5023/MiniRaftClusterWithNettya4857fb2/s8/c491dcd8-cfe1-48dd-9178-bdfe845af3b0/in_use.lock acquired by nodename 14484@fv-az565-744
2024-10-09 04:29:55,424 TRACE util.FileUtils (LogUtils.java:runAndLog(49)) - Successfully ran Files.createDirectories /home/runner/work/ratis/ratis/ratis-examples/target/test/data/6e6e5023/MiniRaftClusterWithNettya4857fb2/s8/c491dcd8-cfe1-48dd-9178-bdfe845af3b0/current
2024-10-09 04:29:55,424 TRACE util.FileUtils (LogUtils.java:runAndLog(49)) - Successfully ran Files.createDirectories /home/runner/work/ratis/ratis/ratis-examples/target/test/data/6e6e5023/MiniRaftClusterWithNettya4857fb2/s8/c491dcd8-cfe1-48dd-9178-bdfe845af3b0/sm
2024-10-09 04:29:55,424 TRACE util.FileUtils (LogUtils.java:supplyAndLog(69)) - Successfully supplied FileChannel.open /home/runner/work/ratis/ratis/ratis-examples/target/test/data/6e6e5023/MiniRaftClusterWithNettya4857fb2/s8/c491dcd8-cfe1-48dd-9178-bdfe845af3b0/current/raft-meta.tmp with options [CREATE, WRITE]: sun.nio.ch.FileChannelImpl@45e9304e
2024-10-09 04:29:55,425 TRACE util.FileUtils (LogUtils.java:runAndLog(49)) - Successfully ran Atomic Files.move /home/runner/work/ratis/ratis/ratis-examples/target/test/data/6e6e5023/MiniRaftClusterWithNettya4857fb2/s8/c491dcd8-cfe1-48dd-9178-bdfe845af3b0/current/raft-meta.tmp to /home/runner/work/ratis/ratis/ratis-examples/target/test/data/6e6e5023/MiniRaftClusterWithNettya4857fb2/s8/c491dcd8-cfe1-48dd-9178-bdfe845af3b0/current/raft-meta with options [REPLACE_EXISTING]
2024-10-09 04:29:55,425 INFO  storage.RaftStorage (RaftStorageImpl.java:format(98)) - Storage directory /home/runner/work/ratis/ratis/ratis-examples/target/test/data/6e6e5023/MiniRaftClusterWithNettya4857fb2/s8/c491dcd8-cfe1-48dd-9178-bdfe845af3b0 has been successfully formatted.
2024-10-09 04:29:55,425 WARN  statemachine.StateMachine (ArithmeticStateMachine.java:loadSnapshot(115)) - The snapshot info is null.
2024-10-09 04:29:55,425 INFO  server.RaftServerConfigKeys (ConfUtils.java:logGet(46)) - raft.server.log.use.memory = false (default)
2024-10-09 04:29:55,425 INFO  server.RaftServerConfigKeys (ConfUtils.java:logGet(46)) - raft.server.log.purge.gap = 1024 (default)
2024-10-09 04:29:55,425 INFO  server.RaftServerConfigKeys (ConfUtils.java:logGet(46)) - raft.server.log.appender.buffer.byte-limit = 4MB (=4194304) (default)
2024-10-09 04:29:55,425 INFO  server.RaftServerConfigKeys (ConfUtils.java:logGet(46)) - raft.server.log.statemachine.data.read.timeout = 1000ms (default)
2024-10-09 04:29:55,425 INFO  server.RaftServerConfigKeys (ConfUtils.java:logGet(46)) - raft.server.log.purge.preservation.log.num = 0 (default)
2024-10-09 04:29:55,425 INFO  server.RaftServerConfigKeys (ConfUtils.java:logGet(46)) - raft.server.log.segment.size.max = 32MB (=33554432) (default)
2024-10-09 04:29:55,425 INFO  server.RaftServerConfigKeys (ConfUtils.java:logGet(46)) - raft.server.log.segment.cache.num.max = 6 (default)
2024-10-09 04:29:55,425 INFO  server.RaftServerConfigKeys (ConfUtils.java:logGet(46)) - raft.server.log.segment.cache.size.max = 200MB (=209715200) (default)
2024-10-09 04:29:55,426 INFO  server.RaftServerConfigKeys (ConfUtils.java:logGet(46)) - raft.server.log.appender.buffer.byte-limit = 4MB (=4194304) (default)
2024-10-09 04:29:55,426 INFO  util.AwaitToRun (AwaitToRun.java:start(81)) - Thread[s8@group-BDFE845AF3B0-cacheEviction-AwaitToRun,5,main] started
2024-10-09 04:29:55,426 INFO  segmented.SegmentedRaftLogWorker (SegmentedRaftLogWorker.java:<init>(187)) - new s8@group-BDFE845AF3B0-SegmentedRaftLogWorker for RaftStorageImpl:Storage Directory /home/runner/work/ratis/ratis/ratis-examples/target/test/data/6e6e5023/MiniRaftClusterWithNettya4857fb2/s8/c491dcd8-cfe1-48dd-9178-bdfe845af3b0
2024-10-09 04:29:55,426 INFO  server.RaftServerConfigKeys (ConfUtils.java:logGet(46)) - raft.server.log.queue.byte-limit = 64MB (=67108864) (default)
2024-10-09 04:29:55,426 INFO  server.RaftServerConfigKeys (ConfUtils.java:logGet(46)) - raft.server.log.queue.element-limit = 4096 (default)
2024-10-09 04:29:55,426 INFO  server.RaftServerConfigKeys (ConfUtils.java:logGet(46)) - raft.server.log.segment.size.max = 32MB (=33554432) (default)
2024-10-09 04:29:55,426 INFO  server.RaftServerConfigKeys (ConfUtils.java:logGet(46)) - raft.server.log.preallocated.size = 4MB (=4194304) (default)
2024-10-09 04:29:55,426 INFO  server.RaftServerConfigKeys (ConfUtils.java:logGet(46)) - raft.server.log.force.sync.num = 128 (default)
2024-10-09 04:29:55,426 INFO  server.RaftServerConfigKeys (ConfUtils.java:logGet(46)) - raft.server.log.statemachine.data.sync = true (default)
2024-10-09 04:29:55,426 INFO  server.RaftServerConfigKeys (ConfUtils.java:logGet(46)) - raft.server.log.statemachine.data.sync.timeout = 10s (default)
2024-10-09 04:29:55,426 INFO  server.RaftServerConfigKeys (ConfUtils.java:logGet(46)) - raft.server.log.statemachine.data.sync.timeout.retry = -1 (default)
2024-10-09 04:29:55,426 INFO  server.RaftServerConfigKeys (ConfUtils.java:logGet(46)) - raft.server.log.write.buffer.size = 8MB (=8388608) (default)
2024-10-09 04:29:55,428 INFO  server.RaftServerConfigKeys (ConfUtils.java:logGet(46)) - raft.server.log.appender.buffer.byte-limit = 4MB (=4194304) (default)
2024-10-09 04:29:55,428 INFO  server.RaftServerConfigKeys (ConfUtils.java:logGet(46)) - raft.server.log.unsafe-flush.enabled = false (default)
2024-10-09 04:29:55,428 INFO  server.RaftServerConfigKeys (ConfUtils.java:logGet(46)) - raft.server.log.async-flush.enabled = false (default)
2024-10-09 04:29:55,428 INFO  server.RaftServerConfigKeys (ConfUtils.java:logGet(46)) - raft.server.log.statemachine.data.caching.enabled = false (default)
2024-10-09 04:29:55,428 INFO  segmented.SegmentedRaftLogWorker (SegmentedRaftLogWorker.java:lambda$new$0(138)) - s8@group-BDFE845AF3B0-SegmentedRaftLogWorker: flushIndex: setUnconditionally 0 -> -1
2024-10-09 04:29:55,428 INFO  segmented.SegmentedRaftLogWorker (SegmentedRaftLogWorker.java:lambda$new$0(138)) - s8@group-BDFE845AF3B0-SegmentedRaftLogWorker: safeCacheEvictIndex: setUnconditionally 0 -> -1
2024-10-09 04:29:55,428 INFO  server.RaftServer$Division (RaftServerImpl.java:start(392)) - s8@group-BDFE845AF3B0: start as a follower, conf=conf: {index: -1, cur=peers:[s7|0.0.0.0:15022, s8|0.0.0.0:15023, s9|0.0.0.0:15024]|listeners:[], old=null}
2024-10-09 04:29:55,428 INFO  server.RaftServer$Division (RaftServerImpl.java:setRole(379)) - s8@group-BDFE845AF3B0: changes role from      null to FOLLOWER at term 0 for startAsFollower
2024-10-09 04:29:55,428 INFO  impl.RoleInfo (RoleInfo.java:updateAndGet(148)) - s8: start s8@group-BDFE845AF3B0-FollowerState
2024-10-09 04:29:55,428 INFO  util.JmxRegister (JmxRegister.java:tryRegister(44)) - Successfully registered JMX Bean with object name Ratis:service=RaftServer,group=group-BDFE845AF3B0,id=s8
2024-10-09 04:29:55,428 INFO  server.RaftServerConfigKeys (ConfUtils.java:logFallback(53)) - raft.server.rpc.first-election.timeout.min = 300ms (fallback to raft.server.rpc.timeout.min)
2024-10-09 04:29:55,428 INFO  util.JmxRegister (JmxRegister.java:register(58)) - register mxBean class org.apache.ratis.server.impl.RaftServerJmxAdapter as Ratis:service=RaftServer,group=group-BDFE845AF3B0,id=s8
2024-10-09 04:29:55,428 INFO  server.RaftServerConfigKeys (ConfUtils.java:logFallback(53)) - raft.server.rpc.first-election.timeout.max = 600ms (fallback to raft.server.rpc.timeout.max)
2024-10-09 04:29:55,428 INFO  server.RaftServerConfigKeys (ConfUtils.java:logGet(46)) - raft.server.snapshot.trigger-when-stop.enabled = true (default)
2024-10-09 04:29:55,428 INFO  server.RaftServerConfigKeys (ConfUtils.java:logGet(46)) - raft.server.snapshot.trigger-when-remove.enabled = true (default)
2024-10-09 04:29:55,429 INFO  server.RaftServerConfigKeys (ConfUtils.java:logGet(46)) - raft.server.snapshot.auto.trigger.enabled = false (default)
2024-10-09 04:29:55,429 INFO  server.RaftServerConfigKeys (ConfUtils.java:logGet(46)) - raft.server.snapshot.retention.file.num = -1 (default)
2024-10-09 04:29:55,429 INFO  server.RaftServerConfigKeys (ConfUtils.java:logGet(46)) - raft.server.log.purge.upto.snapshot.index = false (default)
2024-10-09 04:29:55,435 INFO  netty.NettyUtils (NettyUtils.java:newEventLoopGroup(74)) - Create EpollEventLoopGroup for client-29CF986AA238; Thread size is 0.
2024-10-09 04:29:55,439 INFO  logging.LoggingHandler (AbstractInternalLogger.java:log(148)) - [id: 0xdcaa3c53, L:/0.0.0.0:15024] READ: [id: 0xaa6eaf2e, L:/127.0.0.1:15024 - R:/127.0.0.1:43148]
2024-10-09 04:29:55,443 INFO  logging.LoggingHandler (AbstractInternalLogger.java:log(148)) - [id: 0xdcaa3c53, L:/0.0.0.0:15024] READ COMPLETE
2024-10-09 04:29:55,444 INFO  server.RaftServer (RaftServerProxy.java:addNew(101)) - s9: addNew group-BDFE845AF3B0:[s7|0.0.0.0:15022, s8|0.0.0.0:15023, s9|0.0.0.0:15024] returns group-BDFE845AF3B0:java.util.concurrent.CompletableFuture@2f978f8b[Not completed]
2024-10-09 04:29:55,444 INFO  server.RaftServer$Division (RaftServerImpl.java:<init>(256)) - s9: new RaftServerImpl for group-BDFE845AF3B0:[s7|0.0.0.0:15022, s8|0.0.0.0:15023, s9|0.0.0.0:15024] with ArithmeticStateMachine:uninitialized
2024-10-09 04:29:55,444 INFO  server.RaftServerConfigKeys (ConfUtils.java:logGet(46)) - raft.server.rpc.timeout.min = 300ms (custom)
2024-10-09 04:29:55,444 INFO  server.RaftServerConfigKeys (ConfUtils.java:logGet(46)) - raft.server.rpc.timeout.max = 600ms (custom)
2024-10-09 04:29:55,444 INFO  server.RaftServerConfigKeys (ConfUtils.java:logGet(46)) - raft.server.rpc.sleep.time = 25ms (default)
2024-10-09 04:29:55,444 INFO  server.RaftServerConfigKeys (ConfUtils.java:logGet(46)) - raft.server.rpc.slowness.timeout = 60s (default)
2024-10-09 04:29:55,444 INFO  server.RaftServerConfigKeys (ConfUtils.java:logGet(46)) - raft.server.leaderelection.leader.step-down.wait-time = 10s (default)
2024-10-09 04:29:55,444 INFO  server.RaftServerConfigKeys (ConfUtils.java:logGet(46)) - raft.server.leaderelection.member.majority-add = false (default)
2024-10-09 04:29:55,444 INFO  server.RaftServerConfigKeys (ConfUtils.java:logGet(46)) - raft.server.sleep.deviation.threshold = 300ms (default)
2024-10-09 04:29:55,444 INFO  server.RaftServer$Division (ServerState.java:<init>(114)) - s9@group-BDFE845AF3B0: ConfigurationManager, init=conf: {index: -1, cur=peers:[s7|0.0.0.0:15022, s8|0.0.0.0:15023, s9|0.0.0.0:15024]|listeners:[], old=null}, confs=<EMPTY_MAP>
2024-10-09 04:29:55,444 INFO  server.RaftServerConfigKeys (ConfUtils.java:logGet(46)) - raft.server.notification.no-leader.timeout = 60s (default)
2024-10-09 04:29:55,444 INFO  server.RaftServerConfigKeys (ConfUtils.java:logGet(46)) - raft.server.read.timeout = 10s (default)
2024-10-09 04:29:55,444 INFO  server.RaftServerConfigKeys (ConfUtils.java:logGet(46)) - raft.server.retrycache.expirytime = 60s (default)
2024-10-09 04:29:55,444 INFO  server.RaftServerConfigKeys (ConfUtils.java:logGet(46)) - raft.server.retrycache.statistics.expirytime = 100ms (default)
2024-10-09 04:29:55,444 INFO  server.RaftServerConfigKeys (ConfUtils.java:logGet(46)) - raft.server.read.option = DEFAULT (default)
2024-10-09 04:29:55,444 INFO  server.RaftServerConfigKeys (ConfUtils.java:logGet(46)) - raft.server.read.read-after-write-consistent.write-index-cache.expiry-time = 60s (default)
2024-10-09 04:29:55,445 INFO  server.RaftServerConfigKeys (ConfUtils.java:logGet(46)) - raft.server.rpc.request.timeout = 3000ms (default)
2024-10-09 04:29:55,445 INFO  server.RaftServerConfigKeys (ConfUtils.java:logGet(46)) - raft.server.log.appender.install.snapshot.enabled = true (default)
2024-10-09 04:29:55,445 INFO  server.RaftServerConfigKeys (ConfUtils.java:logGet(46)) - raft.server.threadpool.server.cached = true (default)
2024-10-09 04:29:55,445 INFO  server.RaftServerConfigKeys (ConfUtils.java:logGet(46)) - raft.server.threadpool.server.size = 0 (default)
2024-10-09 04:29:55,445 INFO  server.RaftServerConfigKeys (ConfUtils.java:logGet(46)) - raft.server.threadpool.client.cached = true (default)
2024-10-09 04:29:55,445 INFO  server.RaftServerConfigKeys (ConfUtils.java:logGet(46)) - raft.server.threadpool.client.size = 0 (default)
2024-10-09 04:29:55,445 INFO  server.RaftServerConfigKeys (ConfUtils.java:logGet(46)) - raft.server.storage.free-space.min = 0MB (=0) (default)
2024-10-09 04:29:55,445 INFO  server.RaftServerConfigKeys (ConfUtils.java:logGet(46)) - raft.server.log.corruption.policy = EXCEPTION (default)
2024-10-09 04:29:55,445 INFO  server.RaftServerConfigKeys (ConfUtils.java:logGet(46)) - raft.server.storage.dir = [/home/runner/work/ratis/ratis/ratis-examples/target/test/data/6e6e5023/MiniRaftClusterWithNettya4857fb2/s9] (custom)
2024-10-09 04:29:55,445 INFO  storage.RaftStorageDirectory (RaftStorageDirectoryImpl.java:analyzeStorage(138)) - The storage directory /home/runner/work/ratis/ratis/ratis-examples/target/test/data/6e6e5023/MiniRaftClusterWithNettya4857fb2/s9/c491dcd8-cfe1-48dd-9178-bdfe845af3b0 does not exist. Creating ...
2024-10-09 04:29:55,445 TRACE util.FileUtils (LogUtils.java:runAndLog(49)) - Successfully ran Files.createDirectories /home/runner/work/ratis/ratis/ratis-examples/target/test/data/6e6e5023/MiniRaftClusterWithNettya4857fb2/s9/c491dcd8-cfe1-48dd-9178-bdfe845af3b0
2024-10-09 04:29:55,447 INFO  storage.RaftStorageDirectory (RaftStorageDirectoryImpl.java:tryLock(229)) - Lock on /home/runner/work/ratis/ratis/ratis-examples/target/test/data/6e6e5023/MiniRaftClusterWithNettya4857fb2/s9/c491dcd8-cfe1-48dd-9178-bdfe845af3b0/in_use.lock acquired by nodename 14484@fv-az565-744
2024-10-09 04:29:55,447 TRACE util.FileUtils (LogUtils.java:runAndLog(49)) - Successfully ran Files.createDirectories /home/runner/work/ratis/ratis/ratis-examples/target/test/data/6e6e5023/MiniRaftClusterWithNettya4857fb2/s9/c491dcd8-cfe1-48dd-9178-bdfe845af3b0/current
2024-10-09 04:29:55,447 TRACE util.FileUtils (LogUtils.java:runAndLog(49)) - Successfully ran Files.createDirectories /home/runner/work/ratis/ratis/ratis-examples/target/test/data/6e6e5023/MiniRaftClusterWithNettya4857fb2/s9/c491dcd8-cfe1-48dd-9178-bdfe845af3b0/sm
2024-10-09 04:29:55,447 TRACE util.FileUtils (LogUtils.java:supplyAndLog(69)) - Successfully supplied FileChannel.open /home/runner/work/ratis/ratis/ratis-examples/target/test/data/6e6e5023/MiniRaftClusterWithNettya4857fb2/s9/c491dcd8-cfe1-48dd-9178-bdfe845af3b0/current/raft-meta.tmp with options [CREATE, WRITE]: sun.nio.ch.FileChannelImpl@d8e68ce
2024-10-09 04:29:55,448 TRACE util.FileUtils (LogUtils.java:runAndLog(49)) - Successfully ran Atomic Files.move /home/runner/work/ratis/ratis/ratis-examples/target/test/data/6e6e5023/MiniRaftClusterWithNettya4857fb2/s9/c491dcd8-cfe1-48dd-9178-bdfe845af3b0/current/raft-meta.tmp to /home/runner/work/ratis/ratis/ratis-examples/target/test/data/6e6e5023/MiniRaftClusterWithNettya4857fb2/s9/c491dcd8-cfe1-48dd-9178-bdfe845af3b0/current/raft-meta with options [REPLACE_EXISTING]
2024-10-09 04:29:55,448 INFO  storage.RaftStorage (RaftStorageImpl.java:format(98)) - Storage directory /home/runner/work/ratis/ratis/ratis-examples/target/test/data/6e6e5023/MiniRaftClusterWithNettya4857fb2/s9/c491dcd8-cfe1-48dd-9178-bdfe845af3b0 has been successfully formatted.
2024-10-09 04:29:55,448 WARN  statemachine.StateMachine (ArithmeticStateMachine.java:loadSnapshot(115)) - The snapshot info is null.
2024-10-09 04:29:55,449 INFO  server.RaftServerConfigKeys (ConfUtils.java:logGet(46)) - raft.server.log.use.memory = false (default)
2024-10-09 04:29:55,449 INFO  server.RaftServerConfigKeys (ConfUtils.java:logGet(46)) - raft.server.log.purge.gap = 1024 (default)
2024-10-09 04:29:55,449 INFO  server.RaftServerConfigKeys (ConfUtils.java:logGet(46)) - raft.server.log.appender.buffer.byte-limit = 4MB (=4194304) (default)
2024-10-09 04:29:55,449 INFO  server.RaftServerConfigKeys (ConfUtils.java:logGet(46)) - raft.server.log.statemachine.data.read.timeout = 1000ms (default)
2024-10-09 04:29:55,449 INFO  server.RaftServerConfigKeys (ConfUtils.java:logGet(46)) - raft.server.log.purge.preservation.log.num = 0 (default)
2024-10-09 04:29:55,449 INFO  server.RaftServerConfigKeys (ConfUtils.java:logGet(46)) - raft.server.log.segment.size.max = 32MB (=33554432) (default)
2024-10-09 04:29:55,449 INFO  server.RaftServerConfigKeys (ConfUtils.java:logGet(46)) - raft.server.log.segment.cache.num.max = 6 (default)
2024-10-09 04:29:55,449 INFO  server.RaftServerConfigKeys (ConfUtils.java:logGet(46)) - raft.server.log.segment.cache.size.max = 200MB (=209715200) (default)
2024-10-09 04:29:55,449 INFO  server.RaftServerConfigKeys (ConfUtils.java:logGet(46)) - raft.server.log.appender.buffer.byte-limit = 4MB (=4194304) (default)
2024-10-09 04:29:55,449 INFO  util.AwaitToRun (AwaitToRun.java:start(81)) - Thread[s9@group-BDFE845AF3B0-cacheEviction-AwaitToRun,5,main] started
2024-10-09 04:29:55,449 INFO  segmented.SegmentedRaftLogWorker (SegmentedRaftLogWorker.java:<init>(187)) - new s9@group-BDFE845AF3B0-SegmentedRaftLogWorker for RaftStorageImpl:Storage Directory /home/runner/work/ratis/ratis/ratis-examples/target/test/data/6e6e5023/MiniRaftClusterWithNettya4857fb2/s9/c491dcd8-cfe1-48dd-9178-bdfe845af3b0
2024-10-09 04:29:55,449 INFO  server.RaftServerConfigKeys (ConfUtils.java:logGet(46)) - raft.server.log.queue.byte-limit = 64MB (=67108864) (default)
2024-10-09 04:29:55,449 INFO  server.RaftServerConfigKeys (ConfUtils.java:logGet(46)) - raft.server.log.queue.element-limit = 4096 (default)
2024-10-09 04:29:55,449 INFO  server.RaftServerConfigKeys (ConfUtils.java:logGet(46)) - raft.server.log.segment.size.max = 32MB (=33554432) (default)
2024-10-09 04:29:55,449 INFO  server.RaftServerConfigKeys (ConfUtils.java:logGet(46)) - raft.server.log.preallocated.size = 4MB (=4194304) (default)
2024-10-09 04:29:55,449 INFO  server.RaftServerConfigKeys (ConfUtils.java:logGet(46)) - raft.server.log.force.sync.num = 128 (default)
2024-10-09 04:29:55,449 INFO  server.RaftServerConfigKeys (ConfUtils.java:logGet(46)) - raft.server.log.statemachine.data.sync = true (default)
2024-10-09 04:29:55,450 INFO  server.RaftServerConfigKeys (ConfUtils.java:logGet(46)) - raft.server.log.statemachine.data.sync.timeout = 10s (default)
2024-10-09 04:29:55,450 INFO  server.RaftServerConfigKeys (ConfUtils.java:logGet(46)) - raft.server.log.statemachine.data.sync.timeout.retry = -1 (default)
2024-10-09 04:29:55,450 INFO  server.RaftServerConfigKeys (ConfUtils.java:logGet(46)) - raft.server.log.write.buffer.size = 8MB (=8388608) (default)
2024-10-09 04:29:55,452 INFO  server.RaftServerConfigKeys (ConfUtils.java:logGet(46)) - raft.server.log.appender.buffer.byte-limit = 4MB (=4194304) (default)
2024-10-09 04:29:55,452 INFO  server.RaftServerConfigKeys (ConfUtils.java:logGet(46)) - raft.server.log.unsafe-flush.enabled = false (default)
2024-10-09 04:29:55,452 INFO  server.RaftServerConfigKeys (ConfUtils.java:logGet(46)) - raft.server.log.async-flush.enabled = false (default)
2024-10-09 04:29:55,452 INFO  server.RaftServerConfigKeys (ConfUtils.java:logGet(46)) - raft.server.log.statemachine.data.caching.enabled = false (default)
2024-10-09 04:29:55,452 INFO  segmented.SegmentedRaftLogWorker (SegmentedRaftLogWorker.java:lambda$new$0(138)) - s9@group-BDFE845AF3B0-SegmentedRaftLogWorker: flushIndex: setUnconditionally 0 -> -1
2024-10-09 04:29:55,452 INFO  segmented.SegmentedRaftLogWorker (SegmentedRaftLogWorker.java:lambda$new$0(138)) - s9@group-BDFE845AF3B0-SegmentedRaftLogWorker: safeCacheEvictIndex: setUnconditionally 0 -> -1
2024-10-09 04:29:55,453 INFO  server.RaftServer$Division (RaftServerImpl.java:start(392)) - s9@group-BDFE845AF3B0: start as a follower, conf=conf: {index: -1, cur=peers:[s7|0.0.0.0:15022, s8|0.0.0.0:15023, s9|0.0.0.0:15024]|listeners:[], old=null}
2024-10-09 04:29:55,453 INFO  server.RaftServer$Division (RaftServerImpl.java:setRole(379)) - s9@group-BDFE845AF3B0: changes role from      null to FOLLOWER at term 0 for startAsFollower
2024-10-09 04:29:55,453 INFO  impl.RoleInfo (RoleInfo.java:updateAndGet(148)) - s9: start s9@group-BDFE845AF3B0-FollowerState
2024-10-09 04:29:55,457 INFO  util.JmxRegister (JmxRegister.java:tryRegister(44)) - Successfully registered JMX Bean with object name Ratis:service=RaftServer,group=group-BDFE845AF3B0,id=s9
2024-10-09 04:29:55,457 INFO  util.JmxRegister (JmxRegister.java:register(58)) - register mxBean class org.apache.ratis.server.impl.RaftServerJmxAdapter as Ratis:service=RaftServer,group=group-BDFE845AF3B0,id=s9
2024-10-09 04:29:55,457 INFO  server.RaftServerConfigKeys (ConfUtils.java:logGet(46)) - raft.server.snapshot.trigger-when-stop.enabled = true (default)
2024-10-09 04:29:55,457 INFO  server.RaftServerConfigKeys (ConfUtils.java:logGet(46)) - raft.server.snapshot.trigger-when-remove.enabled = true (default)
2024-10-09 04:29:55,457 INFO  server.RaftServerConfigKeys (ConfUtils.java:logGet(46)) - raft.server.snapshot.auto.trigger.enabled = false (default)
2024-10-09 04:29:55,457 INFO  server.RaftServerConfigKeys (ConfUtils.java:logGet(46)) - raft.server.snapshot.retention.file.num = -1 (default)
2024-10-09 04:29:55,457 INFO  server.RaftServerConfigKeys (ConfUtils.java:logGet(46)) - raft.server.log.purge.upto.snapshot.index = false (default)
2024-10-09 04:29:55,458 INFO  server.RaftServerConfigKeys (ConfUtils.java:logFallback(53)) - raft.server.rpc.first-election.timeout.min = 300ms (fallback to raft.server.rpc.timeout.min)
2024-10-09 04:29:55,458 INFO  server.RaftServerConfigKeys (ConfUtils.java:logFallback(53)) - raft.server.rpc.first-election.timeout.max = 600ms (fallback to raft.server.rpc.timeout.max)
2024-10-09 04:29:55,471 INFO  server.RaftServerConfigKeys (ConfUtils.java:logGet(46)) - raft.server.rpc.timeout.max = 600ms (custom)
2024-10-09 04:29:55,472 INFO  ratis.RaftTestUtil (RaftTestUtil.java:waitForLeader(107)) - printing group-BDFE845AF3B0
  s7:  RUNNING [
   FOLLOWER s7@group-DA40570646C7:t0, leader=null, voted=, raftlog=Memoized:s7@group-DA40570646C7-SegmentedRaftLog:OPENED:c-1:lastnull, conf=conf: {index: -1, cur=peers:[]|listeners:[], old=null} STARTING
   FOLLOWER s7@group-BDFE845AF3B0:t0, leader=null, voted=, raftlog=Memoized:s7@group-BDFE845AF3B0-SegmentedRaftLog:OPENED:c-1:lastnull, conf=conf: {index: -1, cur=peers:[s7|0.0.0.0:15022, s8|0.0.0.0:15023, s9|0.0.0.0:15024]|listeners:[], old=null} RUNNING] size=2
  s8:  RUNNING [
   FOLLOWER s8@group-DA40570646C7:t0, leader=null, voted=, raftlog=Memoized:s8@group-DA40570646C7-SegmentedRaftLog:OPENED:c-1:lastnull, conf=conf: {index: -1, cur=peers:[]|listeners:[], old=null} STARTING
   FOLLOWER s8@group-BDFE845AF3B0:t0, leader=null, voted=, raftlog=Memoized:s8@group-BDFE845AF3B0-SegmentedRaftLog:OPENED:c-1:lastnull, conf=conf: {index: -1, cur=peers:[s7|0.0.0.0:15022, s8|0.0.0.0:15023, s9|0.0.0.0:15024]|listeners:[], old=null} RUNNING] size=2
  s9:  RUNNING [
   FOLLOWER s9@group-DA40570646C7:t0, leader=null, voted=, raftlog=Memoized:s9@group-DA40570646C7-SegmentedRaftLog:OPENED:c-1:lastnull, conf=conf: {index: -1, cur=peers:[]|listeners:[], old=null} STARTING
   FOLLOWER s9@group-BDFE845AF3B0:t0, leader=null, voted=, raftlog=Memoized:s9@group-BDFE845AF3B0-SegmentedRaftLog:OPENED:c-1:lastnull, conf=conf: {index: -1, cur=peers:[s7|0.0.0.0:15022, s8|0.0.0.0:15023, s9|0.0.0.0:15024]|listeners:[], old=null} RUNNING] size=2
2024-10-09 04:29:55,472 WARN  ratis.RaftTestUtil (RaftTestUtil.java:lambda$waitForLeader$3(126)) - Attempt #1 failed: java.lang.IllegalStateException: No leader yet  for group-BDFE845AF3B0: printing group-BDFE845AF3B0
  s7:  RUNNING [
   FOLLOWER s7@group-DA40570646C7:t0, leader=null, voted=, raftlog=Memoized:s7@group-DA40570646C7-SegmentedRaftLog:OPENED:c-1:lastnull, conf=conf: {index: -1, cur=peers:[]|listeners:[], old=null} STARTING
   FOLLOWER s7@group-BDFE845AF3B0:t0, leader=null, voted=, raftlog=Memoized:s7@group-BDFE845AF3B0-SegmentedRaftLog:OPENED:c-1:lastnull, conf=conf: {index: -1, cur=peers:[s7|0.0.0.0:15022, s8|0.0.0.0:15023, s9|0.0.0.0:15024]|listeners:[], old=null} RUNNING] size=2
  s8:  RUNNING [
   FOLLOWER s8@group-DA40570646C7:t0, leader=null, voted=, raftlog=Memoized:s8@group-DA40570646C7-SegmentedRaftLog:OPENED:c-1:lastnull, conf=conf: {index: -1, cur=peers:[]|listeners:[], old=null} STARTING
   FOLLOWER s8@group-BDFE845AF3B0:t0, leader=null, voted=, raftlog=Memoized:s8@group-BDFE845AF3B0-SegmentedRaftLog:OPENED:c-1:lastnull, conf=conf: {index: -1, cur=peers:[s7|0.0.0.0:15022, s8|0.0.0.0:15023, s9|0.0.0.0:15024]|listeners:[], old=null} RUNNING] size=2
  s9:  RUNNING [
   FOLLOWER s9@group-DA40570646C7:t0, leader=null, voted=, raftlog=Memoized:s9@group-DA40570646C7-SegmentedRaftLog:OPENED:c-1:lastnull, conf=conf: {index: -1, cur=peers:[]|listeners:[], old=null} STARTING
   FOLLOWER s9@group-BDFE845AF3B0:t0, leader=null, voted=, raftlog=Memoized:s9@group-BDFE845AF3B0-SegmentedRaftLog:OPENED:c-1:lastnull, conf=conf: {index: -1, cur=peers:[s7|0.0.0.0:15022, s8|0.0.0.0:15023, s9|0.0.0.0:15024]|listeners:[], old=null} RUNNING] size=2
2024-10-09 04:29:55,835 INFO  impl.FollowerState (FollowerState.java:runImpl(156)) - s9@group-BDFE845AF3B0-FollowerState: change to CANDIDATE, lastRpcElapsedTime:382143313ns, electionTimeout:377ms
2024-10-09 04:29:55,835 INFO  impl.RoleInfo (RoleInfo.java:shutdownFollowerState(121)) - s9: shutdown s9@group-BDFE845AF3B0-FollowerState
2024-10-09 04:29:55,835 INFO  server.RaftServer$Division (RaftServerImpl.java:setRole(379)) - s9@group-BDFE845AF3B0: changes role from  FOLLOWER to CANDIDATE at term 0 for changeToCandidate
2024-10-09 04:29:55,835 INFO  server.RaftServerConfigKeys (ConfUtils.java:logGet(46)) - raft.server.leaderelection.pre-vote = true (default)
2024-10-09 04:29:55,835 INFO  impl.RoleInfo (RoleInfo.java:updateAndGet(148)) - s9: start s9@group-BDFE845AF3B0-LeaderElection27
2024-10-09 04:29:55,835 INFO  impl.LeaderElection (LeaderElection.java:askForVotes(337)) - s9@group-BDFE845AF3B0-LeaderElection27 PRE_VOTE round 0: submit vote requests at term 0 for conf: {index: -1, cur=peers:[s7|0.0.0.0:15022, s8|0.0.0.0:15023, s9|0.0.0.0:15024]|listeners:[], old=null}
2024-10-09 04:29:55,836 INFO  server.RaftServerConfigKeys (ConfUtils.java:logFallback(53)) - raft.server.rpc.first-election.timeout.min = 300ms (fallback to raft.server.rpc.timeout.min)
2024-10-09 04:29:55,836 INFO  server.RaftServerConfigKeys (ConfUtils.java:logFallback(53)) - raft.server.rpc.first-election.timeout.max = 600ms (fallback to raft.server.rpc.timeout.max)
2024-10-09 04:29:55,837 INFO  logging.LoggingHandler (AbstractInternalLogger.java:log(148)) - [id: 0x234b1ce4, L:/0.0.0.0:15023] READ: [id: 0x19532266, L:/127.0.0.1:15023 - R:/127.0.0.1:58086]
2024-10-09 04:29:55,837 INFO  logging.LoggingHandler (AbstractInternalLogger.java:log(148)) - [id: 0xd08e94f7, L:/0.0.0.0:15022] READ: [id: 0x879b4007, L:/127.0.0.1:15022 - R:/127.0.0.1:55116]
2024-10-09 04:29:55,837 INFO  logging.LoggingHandler (AbstractInternalLogger.java:log(148)) - [id: 0x234b1ce4, L:/0.0.0.0:15023] READ COMPLETE
2024-10-09 04:29:55,837 INFO  logging.LoggingHandler (AbstractInternalLogger.java:log(148)) - [id: 0xd08e94f7, L:/0.0.0.0:15022] READ COMPLETE
2024-10-09 04:29:55,838 INFO  server.RaftServer$Division (RaftServerImpl.java:requestVote(1443)) - s7@group-BDFE845AF3B0: receive requestVote(PRE_VOTE, s9, group-BDFE845AF3B0, 0, (t:0, i:0))
2024-10-09 04:29:55,838 INFO  impl.VoteContext (VoteContext.java:log(49)) - s7@group-BDFE845AF3B0-FOLLOWER: accept PRE_VOTE from s9: our priority 0 <= candidate's priority 0
2024-10-09 04:29:55,838 INFO  server.RaftServer$Division (RaftServerImpl.java:requestVote(1476)) - s7@group-BDFE845AF3B0 replies to PRE_VOTE vote request: s9<-s7#0:OK-t0. Peer's state: s7@group-BDFE845AF3B0:t0, leader=null, voted=, raftlog=Memoized:s7@group-BDFE845AF3B0-SegmentedRaftLog:OPENED:c-1:lastnull, conf=conf: {index: -1, cur=peers:[s7|0.0.0.0:15022, s8|0.0.0.0:15023, s9|0.0.0.0:15024]|listeners:[], old=null}
2024-10-09 04:29:55,839 INFO  server.RaftServer$Division (RaftServerImpl.java:requestVote(1443)) - s8@group-BDFE845AF3B0: receive requestVote(PRE_VOTE, s9, group-BDFE845AF3B0, 0, (t:0, i:0))
2024-10-09 04:29:55,839 INFO  impl.VoteContext (VoteContext.java:log(49)) - s8@group-BDFE845AF3B0-FOLLOWER: accept PRE_VOTE from s9: our priority 0 <= candidate's priority 0
2024-10-09 04:29:55,839 INFO  server.RaftServer$Division (RaftServerImpl.java:requestVote(1476)) - s8@group-BDFE845AF3B0 replies to PRE_VOTE vote request: s9<-s8#0:OK-t0. Peer's state: s8@group-BDFE845AF3B0:t0, leader=null, voted=, raftlog=Memoized:s8@group-BDFE845AF3B0-SegmentedRaftLog:OPENED:c-1:lastnull, conf=conf: {index: -1, cur=peers:[s7|0.0.0.0:15022, s8|0.0.0.0:15023, s9|0.0.0.0:15024]|listeners:[], old=null}
2024-10-09 04:29:55,843 INFO  impl.LeaderElection (LeaderElection.java:logAndReturn(90)) - s9@group-BDFE845AF3B0-LeaderElection27: PRE_VOTE PASSED received 1 response(s) and 0 exception(s):
2024-10-09 04:29:55,843 INFO  impl.LeaderElection (LeaderElection.java:logAndReturn(94)) -   Response 0: s9<-s8#0:OK-t0
2024-10-09 04:29:55,844 INFO  impl.LeaderElection (LeaderElection.java:askForVotes(339)) - s9@group-BDFE845AF3B0-LeaderElection27 PRE_VOTE round 0: result PASSED
2024-10-09 04:29:55,844 TRACE util.FileUtils (LogUtils.java:supplyAndLog(69)) - Successfully supplied FileChannel.open /home/runner/work/ratis/ratis/ratis-examples/target/test/data/6e6e5023/MiniRaftClusterWithNettya4857fb2/s9/c491dcd8-cfe1-48dd-9178-bdfe845af3b0/current/raft-meta.tmp with options [CREATE, WRITE]: sun.nio.ch.FileChannelImpl@5a40977d
2024-10-09 04:29:55,846 TRACE util.FileUtils (LogUtils.java:runAndLog(49)) - Successfully ran Atomic Files.move /home/runner/work/ratis/ratis/ratis-examples/target/test/data/6e6e5023/MiniRaftClusterWithNettya4857fb2/s9/c491dcd8-cfe1-48dd-9178-bdfe845af3b0/current/raft-meta.tmp to /home/runner/work/ratis/ratis/ratis-examples/target/test/data/6e6e5023/MiniRaftClusterWithNettya4857fb2/s9/c491dcd8-cfe1-48dd-9178-bdfe845af3b0/current/raft-meta with options [REPLACE_EXISTING]
2024-10-09 04:29:55,846 INFO  impl.LeaderElection (LeaderElection.java:askForVotes(337)) - s9@group-BDFE845AF3B0-LeaderElection27 ELECTION round 0: submit vote requests at term 1 for conf: {index: -1, cur=peers:[s7|0.0.0.0:15022, s8|0.0.0.0:15023, s9|0.0.0.0:15024]|listeners:[], old=null}
2024-10-09 04:29:55,846 INFO  server.RaftServerConfigKeys (ConfUtils.java:logFallback(53)) - raft.server.rpc.first-election.timeout.min = 300ms (fallback to raft.server.rpc.timeout.min)
2024-10-09 04:29:55,846 INFO  server.RaftServerConfigKeys (ConfUtils.java:logFallback(53)) - raft.server.rpc.first-election.timeout.max = 600ms (fallback to raft.server.rpc.timeout.max)
2024-10-09 04:29:55,846 INFO  server.RaftServerConfigKeys (ConfUtils.java:logFallback(53)) - raft.server.rpc.first-election.timeout.min = 300ms (fallback to raft.server.rpc.timeout.min)
2024-10-09 04:29:55,846 INFO  server.RaftServerConfigKeys (ConfUtils.java:logFallback(53)) - raft.server.rpc.first-election.timeout.max = 600ms (fallback to raft.server.rpc.timeout.max)
2024-10-09 04:29:55,846 INFO  server.RaftServer$Division (RaftServerImpl.java:requestVote(1443)) - s8@group-BDFE845AF3B0: receive requestVote(ELECTION, s9, group-BDFE845AF3B0, 1, (t:0, i:0))
2024-10-09 04:29:55,847 INFO  server.RaftServer$Division (RaftServerImpl.java:requestVote(1443)) - s7@group-BDFE845AF3B0: receive requestVote(ELECTION, s9, group-BDFE845AF3B0, 1, (t:0, i:0))
2024-10-09 04:29:55,847 INFO  impl.VoteContext (VoteContext.java:log(49)) - s8@group-BDFE845AF3B0-FOLLOWER: accept ELECTION from s9: our priority 0 <= candidate's priority 0
2024-10-09 04:29:55,847 INFO  impl.VoteContext (VoteContext.java:log(49)) - s7@group-BDFE845AF3B0-FOLLOWER: accept ELECTION from s9: our priority 0 <= candidate's priority 0
2024-10-09 04:29:55,847 INFO  server.RaftServer$Division (RaftServerImpl.java:setRole(379)) - s7@group-BDFE845AF3B0: changes role from  FOLLOWER to FOLLOWER at term 0 for candidate:s9
2024-10-09 04:29:55,847 INFO  impl.RoleInfo (RoleInfo.java:shutdownFollowerState(121)) - s7: shutdown s7@group-BDFE845AF3B0-FollowerState
2024-10-09 04:29:55,847 INFO  impl.RoleInfo (RoleInfo.java:updateAndGet(148)) - s7: start s7@group-BDFE845AF3B0-FollowerState
2024-10-09 04:29:55,847 INFO  server.RaftServer$Division (RaftServerImpl.java:setRole(379)) - s8@group-BDFE845AF3B0: changes role from  FOLLOWER to FOLLOWER at term 0 for candidate:s9
2024-10-09 04:29:55,847 INFO  impl.FollowerState (FollowerState.java:runImpl(165)) - s7@group-BDFE845AF3B0-FollowerState was interrupted
2024-10-09 04:29:55,848 INFO  impl.RoleInfo (RoleInfo.java:shutdownFollowerState(121)) - s8: shutdown s8@group-BDFE845AF3B0-FollowerState
2024-10-09 04:29:55,849 INFO  server.RaftServer$Division (RaftServerImpl.java:setFirstElection(560)) - s7@group-BDFE845AF3B0: set firstElectionSinceStartup to false for candidate:s9
2024-10-09 04:29:55,849 INFO  impl.RoleInfo (RoleInfo.java:updateAndGet(148)) - s8: start s8@group-BDFE845AF3B0-FollowerState
2024-10-09 04:29:55,849 INFO  impl.FollowerState (FollowerState.java:runImpl(165)) - s8@group-BDFE845AF3B0-FollowerState was interrupted
2024-10-09 04:29:55,849 INFO  server.RaftServer$Division (RaftServerImpl.java:setFirstElection(560)) - s8@group-BDFE845AF3B0: set firstElectionSinceStartup to false for candidate:s9
2024-10-09 04:29:55,849 TRACE util.FileUtils (LogUtils.java:supplyAndLog(69)) - Successfully supplied FileChannel.open /home/runner/work/ratis/ratis/ratis-examples/target/test/data/6e6e5023/MiniRaftClusterWithNettya4857fb2/s7/c491dcd8-cfe1-48dd-9178-bdfe845af3b0/current/raft-meta.tmp with options [CREATE, WRITE]: sun.nio.ch.FileChannelImpl@3fd688fe
2024-10-09 04:29:55,849 TRACE util.FileUtils (LogUtils.java:supplyAndLog(69)) - Successfully supplied FileChannel.open /home/runner/work/ratis/ratis/ratis-examples/target/test/data/6e6e5023/MiniRaftClusterWithNettya4857fb2/s8/c491dcd8-cfe1-48dd-9178-bdfe845af3b0/current/raft-meta.tmp with options [CREATE, WRITE]: sun.nio.ch.FileChannelImpl@2a2ab142
2024-10-09 04:29:55,850 TRACE util.FileUtils (LogUtils.java:runAndLog(49)) - Successfully ran Atomic Files.move /home/runner/work/ratis/ratis/ratis-examples/target/test/data/6e6e5023/MiniRaftClusterWithNettya4857fb2/s7/c491dcd8-cfe1-48dd-9178-bdfe845af3b0/current/raft-meta.tmp to /home/runner/work/ratis/ratis/ratis-examples/target/test/data/6e6e5023/MiniRaftClusterWithNettya4857fb2/s7/c491dcd8-cfe1-48dd-9178-bdfe845af3b0/current/raft-meta with options [REPLACE_EXISTING]
2024-10-09 04:29:55,850 TRACE util.FileUtils (LogUtils.java:runAndLog(49)) - Successfully ran Atomic Files.move /home/runner/work/ratis/ratis/ratis-examples/target/test/data/6e6e5023/MiniRaftClusterWithNettya4857fb2/s8/c491dcd8-cfe1-48dd-9178-bdfe845af3b0/current/raft-meta.tmp to /home/runner/work/ratis/ratis/ratis-examples/target/test/data/6e6e5023/MiniRaftClusterWithNettya4857fb2/s8/c491dcd8-cfe1-48dd-9178-bdfe845af3b0/current/raft-meta with options [REPLACE_EXISTING]
2024-10-09 04:29:55,850 INFO  server.RaftServer$Division (RaftServerImpl.java:requestVote(1476)) - s7@group-BDFE845AF3B0 replies to ELECTION vote request: s9<-s7#0:OK-t1. Peer's state: s7@group-BDFE845AF3B0:t1, leader=null, voted=s9, raftlog=Memoized:s7@group-BDFE845AF3B0-SegmentedRaftLog:OPENED:c-1:lastnull, conf=conf: {index: -1, cur=peers:[s7|0.0.0.0:15022, s8|0.0.0.0:15023, s9|0.0.0.0:15024]|listeners:[], old=null}
2024-10-09 04:29:55,851 INFO  server.RaftServer$Division (RaftServerImpl.java:requestVote(1476)) - s8@group-BDFE845AF3B0 replies to ELECTION vote request: s9<-s8#0:OK-t1. Peer's state: s8@group-BDFE845AF3B0:t1, leader=null, voted=s9, raftlog=Memoized:s8@group-BDFE845AF3B0-SegmentedRaftLog:OPENED:c-1:lastnull, conf=conf: {index: -1, cur=peers:[s7|0.0.0.0:15022, s8|0.0.0.0:15023, s9|0.0.0.0:15024]|listeners:[], old=null}
2024-10-09 04:29:55,851 INFO  impl.LeaderElection (LeaderElection.java:logAndReturn(90)) - s9@group-BDFE845AF3B0-LeaderElection27: ELECTION PASSED received 1 response(s) and 0 exception(s):
2024-10-09 04:29:55,851 INFO  impl.LeaderElection (LeaderElection.java:logAndReturn(94)) -   Response 0: s9<-s7#0:OK-t1
2024-10-09 04:29:55,851 INFO  impl.LeaderElection (LeaderElection.java:askForVotes(339)) - s9@group-BDFE845AF3B0-LeaderElection27 ELECTION round 0: result PASSED
2024-10-09 04:29:55,851 INFO  impl.RoleInfo (RoleInfo.java:shutdownLeaderElection(141)) - s9: shutdown s9@group-BDFE845AF3B0-LeaderElection27
2024-10-09 04:29:55,851 INFO  server.RaftServer$Division (RaftServerImpl.java:setRole(379)) - s9@group-BDFE845AF3B0: changes role from CANDIDATE to LEADER at term 1 for changeToLeader
2024-10-09 04:29:55,851 INFO  server.RaftServerConfigKeys (ConfUtils.java:logGet(46)) - raft.server.staging.catchup.gap = 1000 (default)
2024-10-09 04:29:55,851 INFO  server.RaftServerConfigKeys (ConfUtils.java:logGet(46)) - raft.server.write.element-limit = 4096 (default)
2024-10-09 04:29:55,851 INFO  server.RaftServerConfigKeys (ConfUtils.java:logGet(46)) - raft.server.write.byte-limit = 64MB (=67108864) (default)
2024-10-09 04:29:55,851 INFO  server.RaftServerConfigKeys (ConfUtils.java:logGet(46)) - raft.server.watch.timeout = 10s (default)
2024-10-09 04:29:55,851 INFO  server.RaftServerConfigKeys (ConfUtils.java:logGet(46)) - raft.server.watch.timeout.denomination = 1s (default)
2024-10-09 04:29:55,852 INFO  server.RaftServerConfigKeys (ConfUtils.java:logGet(46)) - raft.server.watch.element-limit = 65536 (default)
2024-10-09 04:29:55,852 INFO  server.RaftServerConfigKeys (ConfUtils.java:logGet(46)) - raft.server.read.leader.lease.enabled = false (default)
2024-10-09 04:29:55,852 INFO  server.RaftServerConfigKeys (ConfUtils.java:logGet(46)) - raft.server.read.leader.lease.timeout.ratio = 0.9 (default)
2024-10-09 04:29:55,852 INFO  server.RaftServerConfigKeys (ConfUtils.java:logGet(46)) - raft.server.rpc.timeout.min = 300ms (custom)
2024-10-09 04:29:55,852 INFO  server.RaftServerConfigKeys (ConfUtils.java:logGet(46)) - raft.server.log.log-metadata.enabled = true (default)
2024-10-09 04:29:55,852 INFO  server.RaftServerConfigKeys (ConfUtils.java:logGet(46)) - raft.server.write.element-limit = 4096 (default)
2024-10-09 04:29:55,852 INFO  server.RaftServerConfigKeys (ConfUtils.java:logGet(46)) - raft.server.write.follower.gap.ratio.max = -1.0 (default)
2024-10-09 04:29:55,852 INFO  server.RaftServerConfigKeys (ConfUtils.java:logGet(46)) - raft.server.log.appender.snapshot.chunk.size.max = 16MB (=16777216) (default)
2024-10-09 04:29:55,852 INFO  server.RaftServerConfigKeys (ConfUtils.java:logGet(46)) - raft.server.log.appender.buffer.byte-limit = 4MB (=4194304) (default)
2024-10-09 04:29:55,852 INFO  server.RaftServerConfigKeys (ConfUtils.java:logGet(46)) - raft.server.log.appender.buffer.element-limit = 0 (default)
2024-10-09 04:29:55,852 INFO  server.RaftServerConfigKeys (ConfUtils.java:logGet(46)) - raft.server.log.appender.wait-time.min = 1ms (default)
2024-10-09 04:29:55,853 INFO  server.RaftServerConfigKeys (ConfUtils.java:logGet(46)) - raft.server.log.appender.snapshot.chunk.size.max = 16MB (=16777216) (default)
2024-10-09 04:29:55,853 INFO  server.RaftServerConfigKeys (ConfUtils.java:logGet(46)) - raft.server.log.appender.buffer.byte-limit = 4MB (=4194304) (default)
2024-10-09 04:29:55,853 INFO  server.RaftServerConfigKeys (ConfUtils.java:logGet(46)) - raft.server.log.appender.buffer.element-limit = 0 (default)
2024-10-09 04:29:55,853 INFO  server.RaftServerConfigKeys (ConfUtils.java:logGet(46)) - raft.server.log.appender.wait-time.min = 1ms (default)
2024-10-09 04:29:55,853 INFO  impl.RoleInfo (RoleInfo.java:updateAndGet(148)) - s9: start s9@group-BDFE845AF3B0-LeaderStateImpl
2024-10-09 04:29:55,853 INFO  server.RaftServer$Division (RaftServerImpl.java:setFirstElection(560)) - s9@group-BDFE845AF3B0: set firstElectionSinceStartup to false for becomeLeader
2024-10-09 04:29:55,853 INFO  server.RaftServer$Division (ServerState.java:setLeader(272)) - s9@group-BDFE845AF3B0: change Leader from null to s9 at term 1 for becomeLeader, leader elected after 408ms
2024-10-09 04:29:55,853 INFO  segmented.SegmentedRaftLogWorker (SegmentedRaftLogWorker.java:startLogSegment(438)) - s9@group-BDFE845AF3B0-SegmentedRaftLogWorker: Starting segment from index:0
2024-10-09 04:29:55,853 INFO  server.RaftServer$Division (ServerState.java:setRaftConf(386)) - s9@group-BDFE845AF3B0: set configuration conf: {index: 0, cur=peers:[s7|0.0.0.0:15022, s8|0.0.0.0:15023, s9|0.0.0.0:15024]|listeners:[], old=null}
2024-10-09 04:29:55,853 INFO  segmented.BufferedWriteChannel (BufferedWriteChannel.java:open(61)) - open log_inprogress_0 at position 0
2024-10-09 04:29:55,856 INFO  server.RaftServer$Division (ServerState.java:setLeader(272)) - s8@group-BDFE845AF3B0: change Leader from null to s9 at term 1 for appendEntries, leader elected after 435ms
2024-10-09 04:29:55,857 DEBUG server.RaftServer$Division (RaftServerImpl.java:logAppendEntries(1545)) - s8@group-BDFE845AF3B0: appendEntries* s9->s8#5977-t1,previous=(t:0, i:0),leaderCommit=-1,initializing? false,entries: size=1, first=(t:1, i:0), CONFIGURATIONENTRY(current:id:"s7"address:"0.0.0.0:15022"clientAddress:"0.0.0.0:15022"adminAddress:"0.0.0.0:15022"startupRole:FOLLOWER, id:"s8"address:"0.0.0.0:15023"clientAddress:"0.0.0.0:15023"adminAddress:"0.0.0.0:15023"startupRole:FOLLOWER, id:"s9"address:"0.0.0.0:15024"clientAddress:"0.0.0.0:15024"adminAddress:"0.0.0.0:15024"startupRole:FOLLOWER, old:)
2024-10-09 04:29:55,857 INFO  server.RaftServer$Division (ServerState.java:setRaftConf(386)) - s8@group-BDFE845AF3B0: set configuration conf: {index: 0, cur=peers:[s7|0.0.0.0:15022, s8|0.0.0.0:15023, s9|0.0.0.0:15024]|listeners:[], old=null}
2024-10-09 04:29:55,857 INFO  segmented.SegmentedRaftLogWorker (SegmentedRaftLogWorker.java:startLogSegment(438)) - s8@group-BDFE845AF3B0-SegmentedRaftLogWorker: Starting segment from index:0
2024-10-09 04:29:55,857 INFO  segmented.BufferedWriteChannel (BufferedWriteChannel.java:open(61)) - open log_inprogress_0 at position 0
2024-10-09 04:29:55,860 INFO  server.RaftServer$Division (ServerState.java:setLeader(272)) - s7@group-BDFE845AF3B0: change Leader from null to s9 at term 1 for appendEntries, leader elected after 461ms
2024-10-09 04:29:55,864 DEBUG server.RaftServer$Division (RaftServerImpl.java:logAppendEntries(1545)) - s7@group-BDFE845AF3B0: appendEntries* s9->s7#5978-t1,previous=(t:0, i:0),leaderCommit=-1,initializing? false,entries: size=1, first=(t:1, i:0), CONFIGURATIONENTRY(current:id:"s7"address:"0.0.0.0:15022"clientAddress:"0.0.0.0:15022"adminAddress:"0.0.0.0:15022"startupRole:FOLLOWER, id:"s8"address:"0.0.0.0:15023"clientAddress:"0.0.0.0:15023"adminAddress:"0.0.0.0:15023"startupRole:FOLLOWER, id:"s9"address:"0.0.0.0:15024"clientAddress:"0.0.0.0:15024"adminAddress:"0.0.0.0:15024"startupRole:FOLLOWER, old:)
2024-10-09 04:29:55,864 INFO  server.RaftServer$Division (ServerState.java:setRaftConf(386)) - s7@group-BDFE845AF3B0: set configuration conf: {index: 0, cur=peers:[s7|0.0.0.0:15022, s8|0.0.0.0:15023, s9|0.0.0.0:15024]|listeners:[], old=null}
2024-10-09 04:29:55,864 INFO  segmented.SegmentedRaftLogWorker (SegmentedRaftLogWorker.java:startLogSegment(438)) - s7@group-BDFE845AF3B0-SegmentedRaftLogWorker: Starting segment from index:0
2024-10-09 04:29:55,864 INFO  segmented.BufferedWriteChannel (BufferedWriteChannel.java:open(61)) - open log_inprogress_0 at position 0
2024-10-09 04:29:55,867 INFO  segmented.SegmentedRaftLogWorker (SegmentedRaftLogWorker.java:execute(660)) - s9@group-BDFE845AF3B0-SegmentedRaftLogWorker: created new log segment /home/runner/work/ratis/ratis/ratis-examples/target/test/data/6e6e5023/MiniRaftClusterWithNettya4857fb2/s9/c491dcd8-cfe1-48dd-9178-bdfe845af3b0/current/log_inprogress_0
2024-10-09 04:29:55,868 INFO  segmented.SegmentedRaftLogWorker (SegmentedRaftLogWorker.java:execute(660)) - s8@group-BDFE845AF3B0-SegmentedRaftLogWorker: created new log segment /home/runner/work/ratis/ratis/ratis-examples/target/test/data/6e6e5023/MiniRaftClusterWithNettya4857fb2/s8/c491dcd8-cfe1-48dd-9178-bdfe845af3b0/current/log_inprogress_0
2024-10-09 04:29:55,868 DEBUG server.RaftServer$Division (RaftServerImpl.java:logAppendEntries(1545)) - s8@group-BDFE845AF3B0: appendEntries* reply s9<-s8#5977:OK-t1,SUCCESS,nextIndex=1,followerCommit=-1,matchIndex=0
2024-10-09 04:29:55,869 TRACE util.FileUtils (LogUtils.java:supplyAndLog(69)) - Successfully supplied FileChannel.open /home/runner/work/ratis/ratis/ratis-examples/target/test/data/6e6e5023/MiniRaftClusterWithNettya4857fb2/s9/c491dcd8-cfe1-48dd-9178-bdfe845af3b0/current/raft-meta.conf.tmp with options [CREATE, WRITE]: sun.nio.ch.FileChannelImpl@526c85c
2024-10-09 04:29:55,873 TRACE util.FileUtils (LogUtils.java:runAndLog(49)) - Successfully ran Atomic Files.move /home/runner/work/ratis/ratis/ratis-examples/target/test/data/6e6e5023/MiniRaftClusterWithNettya4857fb2/s9/c491dcd8-cfe1-48dd-9178-bdfe845af3b0/current/raft-meta.conf.tmp to /home/runner/work/ratis/ratis/ratis-examples/target/test/data/6e6e5023/MiniRaftClusterWithNettya4857fb2/s9/c491dcd8-cfe1-48dd-9178-bdfe845af3b0/current/raft-meta.conf with options [REPLACE_EXISTING]
2024-10-09 04:29:55,873 INFO  server.RaftServer$Division (LeaderStateImpl.java:checkStartIndex(314)) - Leader s9@group-BDFE845AF3B0-LeaderStateImpl is ready since appliedIndex == startIndex == 0
2024-10-09 04:29:55,874 INFO  segmented.SegmentedRaftLogWorker (SegmentedRaftLogWorker.java:execute(660)) - s7@group-BDFE845AF3B0-SegmentedRaftLogWorker: created new log segment /home/runner/work/ratis/ratis/ratis-examples/target/test/data/6e6e5023/MiniRaftClusterWithNettya4857fb2/s7/c491dcd8-cfe1-48dd-9178-bdfe845af3b0/current/log_inprogress_0
2024-10-09 04:29:55,875 DEBUG server.RaftServer$Division (RaftServerImpl.java:logAppendEntries(1545)) - s7@group-BDFE845AF3B0: appendEntries* reply s9<-s7#5978:OK-t1,SUCCESS,nextIndex=1,followerCommit=-1,matchIndex=0
2024-10-09 04:29:56,019 TRACE util.FileUtils (LogUtils.java:supplyAndLog(69)) - Successfully supplied FileChannel.open /home/runner/work/ratis/ratis/ratis-examples/target/test/data/6e6e5023/MiniRaftClusterWithNettya4857fb2/s8/c491dcd8-cfe1-48dd-9178-bdfe845af3b0/current/raft-meta.conf.tmp with options [CREATE, WRITE]: sun.nio.ch.FileChannelImpl@3fe897e4
2024-10-09 04:29:56,021 TRACE util.FileUtils (LogUtils.java:runAndLog(49)) - Successfully ran Atomic Files.move /home/runner/work/ratis/ratis/ratis-examples/target/test/data/6e6e5023/MiniRaftClusterWithNettya4857fb2/s8/c491dcd8-cfe1-48dd-9178-bdfe845af3b0/current/raft-meta.conf.tmp to /home/runner/work/ratis/ratis/ratis-examples/target/test/data/6e6e5023/MiniRaftClusterWithNettya4857fb2/s8/c491dcd8-cfe1-48dd-9178-bdfe845af3b0/current/raft-meta.conf with options [REPLACE_EXISTING]
2024-10-09 04:29:56,026 TRACE util.FileUtils (LogUtils.java:supplyAndLog(69)) - Successfully supplied FileChannel.open /home/runner/work/ratis/ratis/ratis-examples/target/test/data/6e6e5023/MiniRaftClusterWithNettya4857fb2/s7/c491dcd8-cfe1-48dd-9178-bdfe845af3b0/current/raft-meta.conf.tmp with options [CREATE, WRITE]: sun.nio.ch.FileChannelImpl@532458fb
2024-10-09 04:29:56,028 TRACE util.FileUtils (LogUtils.java:runAndLog(49)) - Successfully ran Atomic Files.move /home/runner/work/ratis/ratis/ratis-examples/target/test/data/6e6e5023/MiniRaftClusterWithNettya4857fb2/s7/c491dcd8-cfe1-48dd-9178-bdfe845af3b0/current/raft-meta.conf.tmp to /home/runner/work/ratis/ratis/ratis-examples/target/test/data/6e6e5023/MiniRaftClusterWithNettya4857fb2/s7/c491dcd8-cfe1-48dd-9178-bdfe845af3b0/current/raft-meta.conf with options [REPLACE_EXISTING]
2024-10-09 04:29:56,373 INFO  ratis.RaftTestUtil (RaftTestUtil.java:waitForLeader(131)) - printing group-BDFE845AF3B0
  s7:  RUNNING [
   FOLLOWER s7@group-DA40570646C7:t0, leader=null, voted=, raftlog=Memoized:s7@group-DA40570646C7-SegmentedRaftLog:OPENED:c-1:lastnull, conf=conf: {index: -1, cur=peers:[]|listeners:[], old=null} STARTING
   FOLLOWER s7@group-BDFE845AF3B0:t1, leader=s9, voted=s9, raftlog=Memoized:s7@group-BDFE845AF3B0-SegmentedRaftLog:OPENED:c0:last(t:1, i:0), conf=conf: {index: 0, cur=peers:[s7|0.0.0.0:15022, s8|0.0.0.0:15023, s9|0.0.0.0:15024]|listeners:[], old=null} RUNNING] size=2
  s8:  RUNNING [
   FOLLOWER s8@group-DA40570646C7:t0, leader=null, voted=, raftlog=Memoized:s8@group-DA40570646C7-SegmentedRaftLog:OPENED:c-1:lastnull, conf=conf: {index: -1, cur=peers:[]|listeners:[], old=null} STARTING
   FOLLOWER s8@group-BDFE845AF3B0:t1, leader=s9, voted=s9, raftlog=Memoized:s8@group-BDFE845AF3B0-SegmentedRaftLog:OPENED:c0:last(t:1, i:0), conf=conf: {index: 0, cur=peers:[s7|0.0.0.0:15022, s8|0.0.0.0:15023, s9|0.0.0.0:15024]|listeners:[], old=null} RUNNING] size=2
  s9:  RUNNING [
   FOLLOWER s9@group-DA40570646C7:t0, leader=null, voted=, raftlog=Memoized:s9@group-DA40570646C7-SegmentedRaftLog:OPENED:c-1:lastnull, conf=conf: {index: -1, cur=peers:[]|listeners:[], old=null} STARTING
     LEADER s9@group-BDFE845AF3B0:t1, leader=s9, voted=s9, raftlog=Memoized:s9@group-BDFE845AF3B0-SegmentedRaftLog:OPENED:c0:last(t:1, i:0), conf=conf: {index: 0, cur=peers:[s7|0.0.0.0:15022, s8|0.0.0.0:15023, s9|0.0.0.0:15024]|listeners:[], old=null} RUNNING] size=2
2024-10-09 04:29:56,373 INFO  netty.NettyUtils (NettyUtils.java:newEventLoopGroup(74)) - Create EpollEventLoopGroup for client-B560D4AECF7B; Thread size is 0.
2024-10-09 04:29:56,374 INFO  logging.LoggingHandler (AbstractInternalLogger.java:log(148)) - [id: 0xd08e94f7, L:/0.0.0.0:15022] READ: [id: 0x0f788575, L:/127.0.0.1:15022 - R:/127.0.0.1:55130]
2024-10-09 04:29:56,375 INFO  logging.LoggingHandler (AbstractInternalLogger.java:log(148)) - [id: 0xd08e94f7, L:/0.0.0.0:15022] READ COMPLETE
2024-10-09 04:29:56,375 DEBUG server.RaftServer$Division (RaftServerImpl.java:submitClientRequestAsync(916)) - s7@group-BDFE845AF3B0: receive client request(RaftClientRequest:client-B560D4AECF7B->s7@group-BDFE845AF3B0, cid=6043, seq=null, RW, Message:010161024054c0000000...(size=12))
2024-10-09 04:29:56,477 INFO  logging.LoggingHandler (AbstractInternalLogger.java:log(148)) - [id: 0xdcaa3c53, L:/0.0.0.0:15024] READ: [id: 0xcebf913b, L:/127.0.0.1:15024 - R:/127.0.0.1:43162]
2024-10-09 04:29:56,477 INFO  logging.LoggingHandler (AbstractInternalLogger.java:log(148)) - [id: 0xdcaa3c53, L:/0.0.0.0:15024] READ COMPLETE
2024-10-09 04:29:56,477 DEBUG server.RaftServer$Division (RaftServerImpl.java:submitClientRequestAsync(916)) - s9@group-BDFE845AF3B0: receive client request(RaftClientRequest:client-B560D4AECF7B->s9@group-BDFE845AF3B0, cid=6043, seq=null, RW, Message:010161024054c0000000...(size=12))
2024-10-09 04:29:56,478 DEBUG server.RaftServer$Division (LeaderStateImpl.java:addPendingRequest(529)) - s9@group-BDFE845AF3B0-LeaderStateImpl: addPendingRequest at RaftClientRequest:client-B560D4AECF7B->s9@group-BDFE845AF3B0, cid=6043, seq=null, RW, Message:010161024054c0000000...(size=12), entry=(t:1, i:1), STATEMACHINELOGENTRY, WRITE: logData.size=12, stateMachineData.size=0, logEntryProtoSerializedSize=0
2024-10-09 04:29:56,478 DEBUG server.RaftServer$Division (RaftServerImpl.java:logAppendEntries(1545)) - s7@group-BDFE845AF3B0: appendEntries* s9->s7#6060-t1,previous=(t:1, i:0),leaderCommit=0,initializing? false,entries: size=1, first=(t:1, i:1), STATEMACHINELOGENTRY, StateMachineLogEntryProto:6043@client-B560D4AECF7B
2024-10-09 04:29:56,478 DEBUG server.RaftServer$Division (RaftServerImpl.java:logAppendEntries(1545)) - s8@group-BDFE845AF3B0: appendEntries* s9->s8#6061-t1,previous=(t:1, i:0),leaderCommit=0,initializing? false,entries: size=1, first=(t:1, i:1), STATEMACHINELOGENTRY, StateMachineLogEntryProto:6043@client-B560D4AECF7B
2024-10-09 04:29:56,478 DEBUG server.RaftServer$Division (RaftServerImpl.java:logAppendEntries(1545)) - s7@group-BDFE845AF3B0: appendEntries* reply s9<-s7#6060:OK-t1,SUCCESS,nextIndex=2,followerCommit=0,matchIndex=1
2024-10-09 04:29:56,478 DEBUG server.RaftServer$Division (RaftServerImpl.java:logAppendEntries(1545)) - s8@group-BDFE845AF3B0: appendEntries* reply s9<-s8#6061:OK-t1,SUCCESS,nextIndex=2,followerCommit=0,matchIndex=1
2024-10-09 04:29:56,479 INFO  statemachine.StateMachine (ArithmeticStateMachine.java:applyTransaction(181)) - LEADER:s9-1: a = 83 = 83
2024-10-09 04:29:56,479 DEBUG server.RaftServer$Division (RaftServerImpl.java:logAppendEntries(1545)) - s8@group-BDFE845AF3B0: appendEntries* s9->s8#6063-t1,previous=(t:1, i:1),leaderCommit=1,initializing? false,entries: size=1, first=(t:1, i:2), METADATAENTRY(c:1)
2024-10-09 04:29:56,479 DEBUG server.RaftServer$Division (RaftServerImpl.java:logAppendEntries(1545)) - s7@group-BDFE845AF3B0: appendEntries* s9->s7#6062-t1,previous=(t:1, i:1),leaderCommit=1,initializing? false,entries: size=1, first=(t:1, i:2), METADATAENTRY(c:1)
2024-10-09 04:29:56,479 DEBUG server.RaftServer$Division (RaftServerImpl.java:logAppendEntries(1545)) - s8@group-BDFE845AF3B0: appendEntries* reply s9<-s8#6063:OK-t1,SUCCESS,nextIndex=3,followerCommit=1,matchIndex=2
2024-10-09 04:29:56,480 DEBUG server.RaftServer$Division (RaftServerImpl.java:logAppendEntries(1545)) - s7@group-BDFE845AF3B0: appendEntries* reply s9<-s7#6062:OK-t1,SUCCESS,nextIndex=3,followerCommit=1,matchIndex=2
2024-10-09 04:29:56,480 DEBUG server.RaftServer$Division (RaftServerImpl.java:submitClientRequestAsync(916)) - s9@group-BDFE845AF3B0: receive client request(RaftClientRequest:client-B560D4AECF7B->s9@group-BDFE845AF3B0, cid=6064, seq=null, RW, Message:0101620240aae8000000...(size=12))
2024-10-09 04:29:56,480 DEBUG server.RaftServer$Division (LeaderStateImpl.java:addPendingRequest(529)) - s9@group-BDFE845AF3B0-LeaderStateImpl: addPendingRequest at RaftClientRequest:client-B560D4AECF7B->s9@group-BDFE845AF3B0, cid=6064, seq=null, RW, Message:0101620240aae8000000...(size=12), entry=(t:1, i:3), STATEMACHINELOGENTRY, WRITE: logData.size=12, stateMachineData.size=0, logEntryProtoSerializedSize=0
2024-10-09 04:29:56,481 DEBUG server.RaftServer$Division (RaftServerImpl.java:logAppendEntries(1545)) - s7@group-BDFE845AF3B0: appendEntries* s9->s7#6065-t1,previous=(t:1, i:2),leaderCommit=2,initializing? false,entries: size=1, first=(t:1, i:3), STATEMACHINELOGENTRY, StateMachineLogEntryProto:6064@client-B560D4AECF7B
2024-10-09 04:29:56,481 DEBUG server.RaftServer$Division (RaftServerImpl.java:logAppendEntries(1545)) - s8@group-BDFE845AF3B0: appendEntries* s9->s8#6066-t1,previous=(t:1, i:2),leaderCommit=2,initializing? false,entries: size=1, first=(t:1, i:3), STATEMACHINELOGENTRY, StateMachineLogEntryProto:6064@client-B560D4AECF7B
2024-10-09 04:29:56,481 DEBUG server.RaftServer$Division (RaftServerImpl.java:logAppendEntries(1545)) - s7@group-BDFE845AF3B0: appendEntries* reply s9<-s7#6065:OK-t1,SUCCESS,nextIndex=4,followerCommit=2,matchIndex=3
2024-10-09 04:29:56,481 DEBUG server.RaftServer$Division (RaftServerImpl.java:logAppendEntries(1545)) - s8@group-BDFE845AF3B0: appendEntries* reply s9<-s8#6066:OK-t1,SUCCESS,nextIndex=4,followerCommit=2,matchIndex=3
2024-10-09 04:29:56,481 INFO  statemachine.StateMachine (ArithmeticStateMachine.java:applyTransaction(181)) - LEADER:s9-3: b = 3444 = 3444
2024-10-09 04:29:56,481 DEBUG server.RaftServer$Division (RaftServerImpl.java:logAppendEntries(1545)) - s8@group-BDFE845AF3B0: appendEntries* s9->s8#6067-t1,previous=(t:1, i:3),leaderCommit=3,initializing? false,entries: size=1, first=(t:1, i:4), METADATAENTRY(c:3)
2024-10-09 04:29:56,481 DEBUG server.RaftServer$Division (RaftServerImpl.java:logAppendEntries(1545)) - s7@group-BDFE845AF3B0: appendEntries* s9->s7#6068-t1,previous=(t:1, i:3),leaderCommit=3,initializing? false,entries: size=1, first=(t:1, i:4), METADATAENTRY(c:3)
2024-10-09 04:29:56,482 DEBUG server.RaftServer$Division (RaftServerImpl.java:logAppendEntries(1545)) - s8@group-BDFE845AF3B0: appendEntries* reply s9<-s8#6067:OK-t1,SUCCESS,nextIndex=5,followerCommit=3,matchIndex=4
2024-10-09 04:29:56,482 DEBUG server.RaftServer$Division (RaftServerImpl.java:submitClientRequestAsync(916)) - s9@group-BDFE845AF3B0: receive client request(RaftClientRequest:client-B560D4AECF7B->s9@group-BDFE845AF3B0, cid=6069, seq=null, RW, Message:01016304010300040201...(size=17))
2024-10-09 04:29:56,482 DEBUG server.RaftServer$Division (RaftServerImpl.java:logAppendEntries(1545)) - s7@group-BDFE845AF3B0: appendEntries* reply s9<-s7#6068:OK-t1,SUCCESS,nextIndex=5,followerCommit=3,matchIndex=4
2024-10-09 04:29:56,482 DEBUG server.RaftServer$Division (LeaderStateImpl.java:addPendingRequest(529)) - s9@group-BDFE845AF3B0-LeaderStateImpl: addPendingRequest at RaftClientRequest:client-B560D4AECF7B->s9@group-BDFE845AF3B0, cid=6069, seq=null, RW, Message:01016304010300040201...(size=17), entry=(t:1, i:5), STATEMACHINELOGENTRY, WRITE: logData.size=17, stateMachineData.size=0, logEntryProtoSerializedSize=0
2024-10-09 04:29:56,483 DEBUG server.RaftServer$Division (RaftServerImpl.java:logAppendEntries(1545)) - s7@group-BDFE845AF3B0: appendEntries* s9->s7#6070-t1,previous=(t:1, i:4),leaderCommit=3,initializing? false,entries: size=1, first=(t:1, i:5), STATEMACHINELOGENTRY, StateMachineLogEntryProto:6069@client-B560D4AECF7B
2024-10-09 04:29:56,483 DEBUG server.RaftServer$Division (RaftServerImpl.java:logAppendEntries(1545)) - s8@group-BDFE845AF3B0: appendEntries* s9->s8#6071-t1,previous=(t:1, i:4),leaderCommit=4,initializing? false,entries: size=1, first=(t:1, i:5), STATEMACHINELOGENTRY, StateMachineLogEntryProto:6069@client-B560D4AECF7B
2024-10-09 04:29:56,483 DEBUG server.RaftServer$Division (RaftServerImpl.java:logAppendEntries(1545)) - s7@group-BDFE845AF3B0: appendEntries* reply s9<-s7#6070:OK-t1,SUCCESS,nextIndex=6,followerCommit=3,matchIndex=5
2024-10-09 04:29:56,483 DEBUG server.RaftServer$Division (RaftServerImpl.java:logAppendEntries(1545)) - s8@group-BDFE845AF3B0: appendEntries* reply s9<-s8#6071:OK-t1,SUCCESS,nextIndex=6,followerCommit=4,matchIndex=5
2024-10-09 04:29:56,484 INFO  statemachine.StateMachine (ArithmeticStateMachine.java:applyTransaction(181)) - LEADER:s9-5: c = √(a^2 + b^2) = 3445
2024-10-09 04:29:56,484 DEBUG server.RaftServer$Division (RaftServerImpl.java:logAppendEntries(1545)) - s7@group-BDFE845AF3B0: appendEntries* s9->s7#6072-t1,previous=(t:1, i:5),leaderCommit=5,initializing? false,entries: size=1, first=(t:1, i:6), METADATAENTRY(c:5)
2024-10-09 04:29:56,484 DEBUG server.RaftServer$Division (RaftServerImpl.java:logAppendEntries(1545)) - s8@group-BDFE845AF3B0: appendEntries* s9->s8#6073-t1,previous=(t:1, i:5),leaderCommit=5,initializing? false,entries: size=1, first=(t:1, i:6), METADATAENTRY(c:5)
2024-10-09 04:29:56,484 DEBUG server.RaftServer$Division (RaftServerImpl.java:logAppendEntries(1545)) - s7@group-BDFE845AF3B0: appendEntries* reply s9<-s7#6072:OK-t1,SUCCESS,nextIndex=7,followerCommit=5,matchIndex=6
2024-10-09 04:29:56,484 DEBUG server.RaftServer$Division (RaftServerImpl.java:submitClientRequestAsync(916)) - s9@group-BDFE845AF3B0: receive client request(RaftClientRequest:client-B560D4AECF7B->s9@group-BDFE845AF3B0, cid=6074, seq=null, RW, Message:01016100)
2024-10-09 04:29:56,484 DEBUG server.RaftServer$Division (LeaderStateImpl.java:addPendingRequest(529)) - s9@group-BDFE845AF3B0-LeaderStateImpl: addPendingRequest at RaftClientRequest:client-B560D4AECF7B->s9@group-BDFE845AF3B0, cid=6074, seq=null, RW, Message:01016100, entry=(t:1, i:7), STATEMACHINELOGENTRY, WRITE: logData.size=4, stateMachineData.size=0, logEntryProtoSerializedSize=0
2024-10-09 04:29:56,484 DEBUG server.RaftServer$Division (RaftServerImpl.java:logAppendEntries(1545)) - s8@group-BDFE845AF3B0: appendEntries* reply s9<-s8#6073:OK-t1,SUCCESS,nextIndex=7,followerCommit=5,matchIndex=6
2024-10-09 04:29:56,485 DEBUG server.RaftServer$Division (RaftServerImpl.java:logAppendEntries(1545)) - s7@group-BDFE845AF3B0: appendEntries* s9->s7#6075-t1,previous=(t:1, i:6),leaderCommit=5,initializing? false,entries: size=1, first=(t:1, i:7), STATEMACHINELOGENTRY, StateMachineLogEntryProto:6074@client-B560D4AECF7B
2024-10-09 04:29:56,485 DEBUG server.RaftServer$Division (RaftServerImpl.java:logAppendEntries(1545)) - s7@group-BDFE845AF3B0: appendEntries* reply s9<-s7#6075:OK-t1,SUCCESS,nextIndex=8,followerCommit=5,matchIndex=7
2024-10-09 04:29:56,485 DEBUG server.RaftServer$Division (RaftServerImpl.java:logAppendEntries(1545)) - s8@group-BDFE845AF3B0: appendEntries* s9->s8#6076-t1,previous=(t:1, i:6),leaderCommit=6,initializing? false,entries: size=1, first=(t:1, i:7), STATEMACHINELOGENTRY, StateMachineLogEntryProto:6074@client-B560D4AECF7B
2024-10-09 04:29:56,485 INFO  statemachine.StateMachine (ArithmeticStateMachine.java:applyTransaction(181)) - LEADER:s9-7: a = null = null
2024-10-09 04:29:56,485 DEBUG server.RaftServer$Division (RaftServerImpl.java:logAppendEntries(1545)) - s7@group-BDFE845AF3B0: appendEntries* s9->s7#6077-t1,previous=(t:1, i:7),leaderCommit=7,initializing? false,entries: size=1, first=(t:1, i:8), METADATAENTRY(c:7)
2024-10-09 04:29:56,486 DEBUG server.RaftServer$Division (RaftServerImpl.java:logAppendEntries(1545)) - s8@group-BDFE845AF3B0: appendEntries* reply s9<-s8#6076:OK-t1,SUCCESS,nextIndex=8,followerCommit=6,matchIndex=7
2024-10-09 04:29:56,486 DEBUG server.RaftServer$Division (RaftServerImpl.java:submitClientRequestAsync(916)) - s9@group-BDFE845AF3B0: receive client request(RaftClientRequest:client-B560D4AECF7B->s9@group-BDFE845AF3B0, cid=6078, seq=null, RW, Message:01016200)
2024-10-09 04:29:56,486 DEBUG server.RaftServer$Division (LeaderStateImpl.java:addPendingRequest(529)) - s9@group-BDFE845AF3B0-LeaderStateImpl: addPendingRequest at RaftClientRequest:client-B560D4AECF7B->s9@group-BDFE845AF3B0, cid=6078, seq=null, RW, Message:01016200, entry=(t:1, i:9), STATEMACHINELOGENTRY, WRITE: logData.size=4, stateMachineData.size=0, logEntryProtoSerializedSize=0
2024-10-09 04:29:56,486 DEBUG server.RaftServer$Division (RaftServerImpl.java:logAppendEntries(1545)) - s8@group-BDFE845AF3B0: appendEntries* s9->s8#6079-t1,previous=(t:1, i:7),leaderCommit=7,initializing? false,entries: size=1, first=(t:1, i:8), METADATAENTRY(c:7)
2024-10-09 04:29:56,486 DEBUG server.RaftServer$Division (RaftServerImpl.java:logAppendEntries(1545)) - s7@group-BDFE845AF3B0: appendEntries* reply s9<-s7#6077:OK-t1,SUCCESS,nextIndex=9,followerCommit=7,matchIndex=8
2024-10-09 04:29:56,486 DEBUG server.RaftServer$Division (RaftServerImpl.java:logAppendEntries(1545)) - s8@group-BDFE845AF3B0: appendEntries* reply s9<-s8#6079:OK-t1,SUCCESS,nextIndex=9,followerCommit=7,matchIndex=8
2024-10-09 04:29:56,487 DEBUG server.RaftServer$Division (RaftServerImpl.java:logAppendEntries(1545)) - s7@group-BDFE845AF3B0: appendEntries* s9->s7#6080-t1,previous=(t:1, i:8),leaderCommit=8,initializing? false,entries: size=1, first=(t:1, i:9), STATEMACHINELOGENTRY, StateMachineLogEntryProto:6078@client-B560D4AECF7B
2024-10-09 04:29:56,487 DEBUG server.RaftServer$Division (RaftServerImpl.java:logAppendEntries(1545)) - s7@group-BDFE845AF3B0: appendEntries* reply s9<-s7#6080:OK-t1,SUCCESS,nextIndex=10,followerCommit=8,matchIndex=9
2024-10-09 04:29:56,487 INFO  statemachine.StateMachine (ArithmeticStateMachine.java:applyTransaction(181)) - LEADER:s9-9: b = null = null
2024-10-09 04:29:56,488 DEBUG server.RaftServer$Division (RaftServerImpl.java:logAppendEntries(1545)) - s7@group-BDFE845AF3B0: appendEntries* s9->s7#6081-t1,previous=(t:1, i:9),leaderCommit=9,initializing? false,entries: size=1, first=(t:1, i:10), METADATAENTRY(c:9)
2024-10-09 04:29:56,488 DEBUG server.RaftServer$Division (RaftServerImpl.java:submitClientRequestAsync(916)) - s9@group-BDFE845AF3B0: receive client request(RaftClientRequest:client-B560D4AECF7B->s9@group-BDFE845AF3B0, cid=6082, seq=null, RW, Message:01016300)
2024-10-09 04:29:56,488 DEBUG server.RaftServer$Division (LeaderStateImpl.java:addPendingRequest(529)) - s9@group-BDFE845AF3B0-LeaderStateImpl: addPendingRequest at RaftClientRequest:client-B560D4AECF7B->s9@group-BDFE845AF3B0, cid=6082, seq=null, RW, Message:01016300, entry=(t:1, i:11), STATEMACHINELOGENTRY, WRITE: logData.size=4, stateMachineData.size=0, logEntryProtoSerializedSize=0
2024-10-09 04:29:56,488 DEBUG server.RaftServer$Division (RaftServerImpl.java:logAppendEntries(1545)) - s7@group-BDFE845AF3B0: appendEntries* reply s9<-s7#6081:OK-t1,SUCCESS,nextIndex=11,followerCommit=9,matchIndex=10
2024-10-09 04:29:56,488 DEBUG server.RaftServer$Division (RaftServerImpl.java:logAppendEntries(1545)) - s7@group-BDFE845AF3B0: appendEntries* s9->s7#6083-t1,previous=(t:1, i:10),leaderCommit=10,initializing? false,entries: size=1, first=(t:1, i:11), STATEMACHINELOGENTRY, StateMachineLogEntryProto:6082@client-B560D4AECF7B
2024-10-09 04:29:56,489 DEBUG server.RaftServer$Division (RaftServerImpl.java:logAppendEntries(1545)) - s7@group-BDFE845AF3B0: appendEntries* reply s9<-s7#6083:OK-t1,SUCCESS,nextIndex=12,followerCommit=10,matchIndex=11
2024-10-09 04:29:56,489 INFO  statemachine.StateMachine (ArithmeticStateMachine.java:applyTransaction(181)) - LEADER:s9-11: c = null = null
2024-10-09 04:29:56,489 DEBUG server.RaftServer$Division (RaftServerImpl.java:logAppendEntries(1545)) - s7@group-BDFE845AF3B0: appendEntries* s9->s7#6084-t1,previous=(t:1, i:11),leaderCommit=11,initializing? false,entries: size=1, first=(t:1, i:12), METADATAENTRY(c:11)
2024-10-09 04:29:56,489 DEBUG server.RaftServer$Division (RaftServerImpl.java:logAppendEntries(1545)) - s8@group-BDFE845AF3B0: appendEntries* s9->s8#6085-t1,previous=(t:1, i:8),leaderCommit=11,initializing? false,entries: size=4, first=(t:1, i:9), STATEMACHINELOGENTRY, StateMachineLogEntryProto:6078@client-B560D4AECF7B
2024-10-09 04:29:56,490 DEBUG server.RaftServer$Division (RaftServerImpl.java:submitClientRequestAsync(916)) - s9@group-BDFE845AF3B0: receive client request(RaftClientRequest:client-B560D4AECF7B->s9@group-BDFE845AF3B0, cid=6086, seq=null, RW, Message:01016102405540000000...(size=12))
2024-10-09 04:29:56,490 DEBUG server.RaftServer$Division (LeaderStateImpl.java:addPendingRequest(529)) - s9@group-BDFE845AF3B0-LeaderStateImpl: addPendingRequest at RaftClientRequest:client-B560D4AECF7B->s9@group-BDFE845AF3B0, cid=6086, seq=null, RW, Message:01016102405540000000...(size=12), entry=(t:1, i:13), STATEMACHINELOGENTRY, WRITE: logData.size=12, stateMachineData.size=0, logEntryProtoSerializedSize=0
2024-10-09 04:29:56,490 DEBUG server.RaftServer$Division (RaftServerImpl.java:logAppendEntries(1545)) - s7@group-BDFE845AF3B0: appendEntries* reply s9<-s7#6084:OK-t1,SUCCESS,nextIndex=13,followerCommit=11,matchIndex=12
2024-10-09 04:29:56,490 DEBUG server.RaftServer$Division (RaftServerImpl.java:logAppendEntries(1545)) - s8@group-BDFE845AF3B0: appendEntries* reply s9<-s8#6085:OK-t1,SUCCESS,nextIndex=13,followerCommit=11,matchIndex=12
2024-10-09 04:29:56,490 DEBUG server.RaftServer$Division (RaftServerImpl.java:logAppendEntries(1545)) - s7@group-BDFE845AF3B0: appendEntries* s9->s7#6087-t1,previous=(t:1, i:12),leaderCommit=11,initializing? false,entries: size=1, first=(t:1, i:13), STATEMACHINELOGENTRY, StateMachineLogEntryProto:6086@client-B560D4AECF7B
2024-10-09 04:29:56,490 DEBUG server.RaftServer$Division (RaftServerImpl.java:logAppendEntries(1545)) - s8@group-BDFE845AF3B0: appendEntries* s9->s8#6088-t1,previous=(t:1, i:12),leaderCommit=11,initializing? false,entries: size=1, first=(t:1, i:13), STATEMACHINELOGENTRY, StateMachineLogEntryProto:6086@client-B560D4AECF7B
2024-10-09 04:29:56,491 DEBUG server.RaftServer$Division (RaftServerImpl.java:logAppendEntries(1545)) - s7@group-BDFE845AF3B0: appendEntries* reply s9<-s7#6087:OK-t1,SUCCESS,nextIndex=14,followerCommit=11,matchIndex=13
2024-10-09 04:29:56,491 DEBUG server.RaftServer$Division (RaftServerImpl.java:logAppendEntries(1545)) - s8@group-BDFE845AF3B0: appendEntries* reply s9<-s8#6088:OK-t1,SUCCESS,nextIndex=14,followerCommit=11,matchIndex=13
2024-10-09 04:29:56,495 INFO  statemachine.StateMachine (ArithmeticStateMachine.java:applyTransaction(181)) - LEADER:s9-13: a = 85 = 85
2024-10-09 04:29:56,495 DEBUG server.RaftServer$Division (RaftServerImpl.java:logAppendEntries(1545)) - s8@group-BDFE845AF3B0: appendEntries* s9->s8#6094-t1,previous=(t:1, i:13),leaderCommit=13,initializing? false,entries: size=1, first=(t:1, i:14), METADATAENTRY(c:13)
2024-10-09 04:29:56,495 DEBUG server.RaftServer$Division (RaftServerImpl.java:logAppendEntries(1545)) - s7@group-BDFE845AF3B0: appendEntries* s9->s7#6093-t1,previous=(t:1, i:13),leaderCommit=13,initializing? false,entries: size=1, first=(t:1, i:14), METADATAENTRY(c:13)
2024-10-09 04:29:56,496 DEBUG server.RaftServer$Division (RaftServerImpl.java:logAppendEntries(1545)) - s8@group-BDFE845AF3B0: appendEntries* reply s9<-s8#6094:OK-t1,SUCCESS,nextIndex=15,followerCommit=13,matchIndex=14
2024-10-09 04:29:56,496 DEBUG server.RaftServer$Division (RaftServerImpl.java:logAppendEntries(1545)) - s7@group-BDFE845AF3B0: appendEntries* reply s9<-s7#6093:OK-t1,SUCCESS,nextIndex=15,followerCommit=13,matchIndex=14
2024-10-09 04:29:56,499 DEBUG server.RaftServer$Division (RaftServerImpl.java:submitClientRequestAsync(916)) - s9@group-BDFE845AF3B0: receive client request(RaftClientRequest:client-B560D4AECF7B->s9@group-BDFE845AF3B0, cid=6095, seq=null, RW, Message:0101620240ac38000000...(size=12))
2024-10-09 04:29:56,499 DEBUG server.RaftServer$Division (LeaderStateImpl.java:addPendingRequest(529)) - s9@group-BDFE845AF3B0-LeaderStateImpl: addPendingRequest at RaftClientRequest:client-B560D4AECF7B->s9@group-BDFE845AF3B0, cid=6095, seq=null, RW, Message:0101620240ac38000000...(size=12), entry=(t:1, i:15), STATEMACHINELOGENTRY, WRITE: logData.size=12, stateMachineData.size=0, logEntryProtoSerializedSize=0
2024-10-09 04:29:56,499 DEBUG server.RaftServer$Division (RaftServerImpl.java:logAppendEntries(1545)) - s7@group-BDFE845AF3B0: appendEntries* s9->s7#6096-t1,previous=(t:1, i:14),leaderCommit=14,initializing? false,entries: size=1, first=(t:1, i:15), STATEMACHINELOGENTRY, StateMachineLogEntryProto:6095@client-B560D4AECF7B
2024-10-09 04:29:56,499 DEBUG server.RaftServer$Division (RaftServerImpl.java:logAppendEntries(1545)) - s8@group-BDFE845AF3B0: appendEntries* s9->s8#6097-t1,previous=(t:1, i:14),leaderCommit=14,initializing? false,entries: size=1, first=(t:1, i:15), STATEMACHINELOGENTRY, StateMachineLogEntryProto:6095@client-B560D4AECF7B
2024-10-09 04:29:56,500 DEBUG server.RaftServer$Division (RaftServerImpl.java:logAppendEntries(1545)) - s7@group-BDFE845AF3B0: appendEntries* reply s9<-s7#6096:OK-t1,SUCCESS,nextIndex=16,followerCommit=14,matchIndex=15
2024-10-09 04:29:56,500 DEBUG server.RaftServer$Division (RaftServerImpl.java:logAppendEntries(1545)) - s8@group-BDFE845AF3B0: appendEntries* reply s9<-s8#6097:OK-t1,SUCCESS,nextIndex=16,followerCommit=14,matchIndex=15
2024-10-09 04:29:56,500 INFO  statemachine.StateMachine (ArithmeticStateMachine.java:applyTransaction(181)) - LEADER:s9-15: b = 3612 = 3612
2024-10-09 04:29:56,501 DEBUG server.RaftServer$Division (RaftServerImpl.java:logAppendEntries(1545)) - s7@group-BDFE845AF3B0: appendEntries* s9->s7#6098-t1,previous=(t:1, i:15),leaderCommit=15,initializing? false,entries: size=1, first=(t:1, i:16), METADATAENTRY(c:15)
2024-10-09 04:29:56,501 DEBUG server.RaftServer$Division (RaftServerImpl.java:logAppendEntries(1545)) - s8@group-BDFE845AF3B0: appendEntries* s9->s8#6099-t1,previous=(t:1, i:15),leaderCommit=15,initializing? false,entries: size=1, first=(t:1, i:16), METADATAENTRY(c:15)
2024-10-09 04:29:56,501 DEBUG server.RaftServer$Division (RaftServerImpl.java:submitClientRequestAsync(916)) - s9@group-BDFE845AF3B0: receive client request(RaftClientRequest:client-B560D4AECF7B->s9@group-BDFE845AF3B0, cid=6100, seq=null, RW, Message:01016304010300040201...(size=17))
2024-10-09 04:29:56,501 DEBUG server.RaftServer$Division (LeaderStateImpl.java:addPendingRequest(529)) - s9@group-BDFE845AF3B0-LeaderStateImpl: addPendingRequest at RaftClientRequest:client-B560D4AECF7B->s9@group-BDFE845AF3B0, cid=6100, seq=null, RW, Message:01016304010300040201...(size=17), entry=(t:1, i:17), STATEMACHINELOGENTRY, WRITE: logData.size=17, stateMachineData.size=0, logEntryProtoSerializedSize=0
2024-10-09 04:29:56,501 DEBUG server.RaftServer$Division (RaftServerImpl.java:logAppendEntries(1545)) - s8@group-BDFE845AF3B0: appendEntries* reply s9<-s8#6099:OK-t1,SUCCESS,nextIndex=17,followerCommit=15,matchIndex=16
2024-10-09 04:29:56,501 DEBUG server.RaftServer$Division (RaftServerImpl.java:logAppendEntries(1545)) - s7@group-BDFE845AF3B0: appendEntries* reply s9<-s7#6098:OK-t1,SUCCESS,nextIndex=17,followerCommit=15,matchIndex=16
2024-10-09 04:29:56,501 DEBUG server.RaftServer$Division (RaftServerImpl.java:logAppendEntries(1545)) - s8@group-BDFE845AF3B0: appendEntries* s9->s8#6101-t1,previous=(t:1, i:16),leaderCommit=16,initializing? false,entries: size=1, first=(t:1, i:17), STATEMACHINELOGENTRY, StateMachineLogEntryProto:6100@client-B560D4AECF7B
2024-10-09 04:29:56,502 DEBUG server.RaftServer$Division (RaftServerImpl.java:logAppendEntries(1545)) - s7@group-BDFE845AF3B0: appendEntries* s9->s7#6102-t1,previous=(t:1, i:16),leaderCommit=16,initializing? false,entries: size=1, first=(t:1, i:17), STATEMACHINELOGENTRY, StateMachineLogEntryProto:6100@client-B560D4AECF7B
2024-10-09 04:29:56,502 DEBUG server.RaftServer$Division (RaftServerImpl.java:logAppendEntries(1545)) - s8@group-BDFE845AF3B0: appendEntries* reply s9<-s8#6101:OK-t1,SUCCESS,nextIndex=18,followerCommit=16,matchIndex=17
2024-10-09 04:29:56,502 DEBUG server.RaftServer$Division (RaftServerImpl.java:logAppendEntries(1545)) - s7@group-BDFE845AF3B0: appendEntries* reply s9<-s7#6102:OK-t1,SUCCESS,nextIndex=18,followerCommit=16,matchIndex=17
2024-10-09 04:29:56,502 INFO  statemachine.StateMachine (ArithmeticStateMachine.java:applyTransaction(181)) - LEADER:s9-17: c = √(a^2 + b^2) = 3613
2024-10-09 04:29:56,502 DEBUG server.RaftServer$Division (RaftServerImpl.java:logAppendEntries(1545)) - s8@group-BDFE845AF3B0: appendEntries* s9->s8#6104-t1,previous=(t:1, i:17),leaderCommit=17,initializing? false,entries: size=1, first=(t:1, i:18), METADATAENTRY(c:17)
2024-10-09 04:29:56,503 DEBUG server.RaftServer$Division (RaftServerImpl.java:submitClientRequestAsync(916)) - s9@group-BDFE845AF3B0: receive client request(RaftClientRequest:client-B560D4AECF7B->s9@group-BDFE845AF3B0, cid=6105, seq=null, RW, Message:01016100)
2024-10-09 04:29:56,503 DEBUG server.RaftServer$Division (LeaderStateImpl.java:addPendingRequest(529)) - s9@group-BDFE845AF3B0-LeaderStateImpl: addPendingRequest at RaftClientRequest:client-B560D4AECF7B->s9@group-BDFE845AF3B0, cid=6105, seq=null, RW, Message:01016100, entry=(t:1, i:19), STATEMACHINELOGENTRY, WRITE: logData.size=4, stateMachineData.size=0, logEntryProtoSerializedSize=0
2024-10-09 04:29:56,503 DEBUG server.RaftServer$Division (RaftServerImpl.java:logAppendEntries(1545)) - s8@group-BDFE845AF3B0: appendEntries* reply s9<-s8#6104:OK-t1,SUCCESS,nextIndex=19,followerCommit=17,matchIndex=18
2024-10-09 04:29:56,503 DEBUG server.RaftServer$Division (RaftServerImpl.java:logAppendEntries(1545)) - s7@group-BDFE845AF3B0: appendEntries* s9->s7#6103-t1,previous=(t:1, i:17),leaderCommit=17,initializing? false,entries: size=1, first=(t:1, i:18), METADATAENTRY(c:17)
2024-10-09 04:29:56,503 DEBUG server.RaftServer$Division (RaftServerImpl.java:logAppendEntries(1545)) - s8@group-BDFE845AF3B0: appendEntries* s9->s8#6106-t1,previous=(t:1, i:18),leaderCommit=17,initializing? false,entries: size=1, first=(t:1, i:19), STATEMACHINELOGENTRY, StateMachineLogEntryProto:6105@client-B560D4AECF7B
2024-10-09 04:29:56,504 DEBUG server.RaftServer$Division (RaftServerImpl.java:logAppendEntries(1545)) - s7@group-BDFE845AF3B0: appendEntries* reply s9<-s7#6103:OK-t1,SUCCESS,nextIndex=19,followerCommit=17,matchIndex=18
2024-10-09 04:29:56,504 DEBUG server.RaftServer$Division (RaftServerImpl.java:logAppendEntries(1545)) - s8@group-BDFE845AF3B0: appendEntries* reply s9<-s8#6106:OK-t1,SUCCESS,nextIndex=20,followerCommit=17,matchIndex=19
2024-10-09 04:29:56,504 INFO  statemachine.StateMachine (ArithmeticStateMachine.java:applyTransaction(181)) - LEADER:s9-19: a = null = null
2024-10-09 04:29:56,504 DEBUG server.RaftServer$Division (RaftServerImpl.java:logAppendEntries(1545)) - s7@group-BDFE845AF3B0: appendEntries* s9->s7#6107-t1,previous=(t:1, i:18),leaderCommit=18,initializing? false,entries: size=1, first=(t:1, i:19), STATEMACHINELOGENTRY, StateMachineLogEntryProto:6105@client-B560D4AECF7B
2024-10-09 04:29:56,505 DEBUG server.RaftServer$Division (RaftServerImpl.java:submitClientRequestAsync(916)) - s9@group-BDFE845AF3B0: receive client request(RaftClientRequest:client-B560D4AECF7B->s9@group-BDFE845AF3B0, cid=6109, seq=null, RW, Message:01016200)
2024-10-09 04:29:56,504 DEBUG server.RaftServer$Division (RaftServerImpl.java:logAppendEntries(1545)) - s8@group-BDFE845AF3B0: appendEntries* s9->s8#6108-t1,previous=(t:1, i:19),leaderCommit=19,initializing? false,entries: size=1, first=(t:1, i:20), METADATAENTRY(c:19)
2024-10-09 04:29:56,505 DEBUG server.RaftServer$Division (LeaderStateImpl.java:addPendingRequest(529)) - s9@group-BDFE845AF3B0-LeaderStateImpl: addPendingRequest at RaftClientRequest:client-B560D4AECF7B->s9@group-BDFE845AF3B0, cid=6109, seq=null, RW, Message:01016200, entry=(t:1, i:21), STATEMACHINELOGENTRY, WRITE: logData.size=4, stateMachineData.size=0, logEntryProtoSerializedSize=0
2024-10-09 04:29:56,505 DEBUG server.RaftServer$Division (RaftServerImpl.java:logAppendEntries(1545)) - s7@group-BDFE845AF3B0: appendEntries* reply s9<-s7#6107:OK-t1,SUCCESS,nextIndex=20,followerCommit=18,matchIndex=19
2024-10-09 04:29:56,506 DEBUG server.RaftServer$Division (RaftServerImpl.java:logAppendEntries(1545)) - s8@group-BDFE845AF3B0: appendEntries* reply s9<-s8#6108:OK-t1,SUCCESS,nextIndex=21,followerCommit=19,matchIndex=20
2024-10-09 04:29:56,506 DEBUG server.RaftServer$Division (RaftServerImpl.java:logAppendEntries(1545)) - s7@group-BDFE845AF3B0: appendEntries* s9->s7#6110-t1,previous=(t:1, i:19),leaderCommit=19,initializing? false,entries: size=2, first=(t:1, i:20), METADATAENTRY(c:19)
2024-10-09 04:29:56,507 DEBUG server.RaftServer$Division (RaftServerImpl.java:logAppendEntries(1545)) - s7@group-BDFE845AF3B0: appendEntries* reply s9<-s7#6110:OK-t1,SUCCESS,nextIndex=22,followerCommit=19,matchIndex=21
2024-10-09 04:29:56,507 DEBUG server.RaftServer$Division (RaftServerImpl.java:logAppendEntries(1545)) - s8@group-BDFE845AF3B0: appendEntries* s9->s8#6111-t1,previous=(t:1, i:20),leaderCommit=19,initializing? false,entries: size=1, first=(t:1, i:21), STATEMACHINELOGENTRY, StateMachineLogEntryProto:6109@client-B560D4AECF7B
2024-10-09 04:29:56,507 INFO  statemachine.StateMachine (ArithmeticStateMachine.java:applyTransaction(181)) - LEADER:s9-21: b = null = null
2024-10-09 04:29:56,507 DEBUG server.RaftServer$Division (RaftServerImpl.java:logAppendEntries(1545)) - s7@group-BDFE845AF3B0: appendEntries* s9->s7#6112-t1,previous=(t:1, i:21),leaderCommit=21,initializing? false,entries: size=1, first=(t:1, i:22), METADATAENTRY(c:21)
2024-10-09 04:29:56,507 DEBUG server.RaftServer$Division (RaftServerImpl.java:submitClientRequestAsync(916)) - s9@group-BDFE845AF3B0: receive client request(RaftClientRequest:client-B560D4AECF7B->s9@group-BDFE845AF3B0, cid=6113, seq=null, RW, Message:01016300)
2024-10-09 04:29:56,508 DEBUG server.RaftServer$Division (RaftServerImpl.java:logAppendEntries(1545)) - s8@group-BDFE845AF3B0: appendEntries* reply s9<-s8#6111:OK-t1,SUCCESS,nextIndex=22,followerCommit=19,matchIndex=21
2024-10-09 04:29:56,508 DEBUG server.RaftServer$Division (LeaderStateImpl.java:addPendingRequest(529)) - s9@group-BDFE845AF3B0-LeaderStateImpl: addPendingRequest at RaftClientRequest:client-B560D4AECF7B->s9@group-BDFE845AF3B0, cid=6113, seq=null, RW, Message:01016300, entry=(t:1, i:23), STATEMACHINELOGENTRY, WRITE: logData.size=4, stateMachineData.size=0, logEntryProtoSerializedSize=0
2024-10-09 04:29:56,508 DEBUG server.RaftServer$Division (RaftServerImpl.java:logAppendEntries(1545)) - s7@group-BDFE845AF3B0: appendEntries* reply s9<-s7#6112:OK-t1,SUCCESS,nextIndex=23,followerCommit=21,matchIndex=22
2024-10-09 04:29:56,508 DEBUG server.RaftServer$Division (RaftServerImpl.java:logAppendEntries(1545)) - s7@group-BDFE845AF3B0: appendEntries* s9->s7#6114-t1,previous=(t:1, i:22),leaderCommit=22,initializing? false,entries: size=1, first=(t:1, i:23), STATEMACHINELOGENTRY, StateMachineLogEntryProto:6113@client-B560D4AECF7B
2024-10-09 04:29:56,508 DEBUG server.RaftServer$Division (RaftServerImpl.java:logAppendEntries(1545)) - s8@group-BDFE845AF3B0: appendEntries* s9->s8#6115-t1,previous=(t:1, i:21),leaderCommit=22,initializing? false,entries: size=2, first=(t:1, i:22), METADATAENTRY(c:21)
2024-10-09 04:29:56,509 DEBUG server.RaftServer$Division (RaftServerImpl.java:logAppendEntries(1545)) - s7@group-BDFE845AF3B0: appendEntries* reply s9<-s7#6114:OK-t1,SUCCESS,nextIndex=24,followerCommit=22,matchIndex=23
2024-10-09 04:29:56,509 DEBUG server.RaftServer$Division (RaftServerImpl.java:logAppendEntries(1545)) - s8@group-BDFE845AF3B0: appendEntries* reply s9<-s8#6115:OK-t1,SUCCESS,nextIndex=24,followerCommit=22,matchIndex=23
2024-10-09 04:29:56,509 INFO  statemachine.StateMachine (ArithmeticStateMachine.java:applyTransaction(181)) - LEADER:s9-23: c = null = null
2024-10-09 04:29:56,509 DEBUG server.RaftServer$Division (RaftServerImpl.java:submitClientRequestAsync(916)) - s9@group-BDFE845AF3B0: receive client request(RaftClientRequest:client-B560D4AECF7B->s9@group-BDFE845AF3B0, cid=6117, seq=null, RW, Message:010161024055c0000000...(size=12))
2024-10-09 04:29:56,509 DEBUG server.RaftServer$Division (RaftServerImpl.java:logAppendEntries(1545)) - s8@group-BDFE845AF3B0: appendEntries* s9->s8#6118-t1,previous=(t:1, i:23),leaderCommit=23,initializing? false,entries: size=1, first=(t:1, i:24), METADATAENTRY(c:23)
2024-10-09 04:29:56,510 DEBUG server.RaftServer$Division (LeaderStateImpl.java:addPendingRequest(529)) - s9@group-BDFE845AF3B0-LeaderStateImpl: addPendingRequest at RaftClientRequest:client-B560D4AECF7B->s9@group-BDFE845AF3B0, cid=6117, seq=null, RW, Message:010161024055c0000000...(size=12), entry=(t:1, i:25), STATEMACHINELOGENTRY, WRITE: logData.size=12, stateMachineData.size=0, logEntryProtoSerializedSize=0
2024-10-09 04:29:56,510 DEBUG server.RaftServer$Division (RaftServerImpl.java:logAppendEntries(1545)) - s7@group-BDFE845AF3B0: appendEntries* s9->s7#6116-t1,previous=(t:1, i:23),leaderCommit=23,initializing? false,entries: size=1, first=(t:1, i:24), METADATAENTRY(c:23)
2024-10-09 04:29:56,510 DEBUG server.RaftServer$Division (RaftServerImpl.java:logAppendEntries(1545)) - s8@group-BDFE845AF3B0: appendEntries* reply s9<-s8#6118:OK-t1,SUCCESS,nextIndex=25,followerCommit=23,matchIndex=24
2024-10-09 04:29:56,510 DEBUG server.RaftServer$Division (RaftServerImpl.java:logAppendEntries(1545)) - s7@group-BDFE845AF3B0: appendEntries* reply s9<-s7#6116:OK-t1,SUCCESS,nextIndex=25,followerCommit=23,matchIndex=24
2024-10-09 04:29:56,511 DEBUG server.RaftServer$Division (RaftServerImpl.java:logAppendEntries(1545)) - s7@group-BDFE845AF3B0: appendEntries* s9->s7#6119-t1,previous=(t:1, i:24),leaderCommit=24,initializing? false,entries: size=1, first=(t:1, i:25), STATEMACHINELOGENTRY, StateMachineLogEntryProto:6117@client-B560D4AECF7B
2024-10-09 04:29:56,511 DEBUG server.RaftServer$Division (RaftServerImpl.java:logAppendEntries(1545)) - s8@group-BDFE845AF3B0: appendEntries* s9->s8#6120-t1,previous=(t:1, i:24),leaderCommit=24,initializing? false,entries: size=1, first=(t:1, i:25), STATEMACHINELOGENTRY, StateMachineLogEntryProto:6117@client-B560D4AECF7B
2024-10-09 04:29:56,511 DEBUG server.RaftServer$Division (RaftServerImpl.java:logAppendEntries(1545)) - s7@group-BDFE845AF3B0: appendEntries* reply s9<-s7#6119:OK-t1,SUCCESS,nextIndex=26,followerCommit=24,matchIndex=25
2024-10-09 04:29:56,511 INFO  statemachine.StateMachine (ArithmeticStateMachine.java:applyTransaction(181)) - LEADER:s9-25: a = 87 = 87
2024-10-09 04:29:56,511 DEBUG server.RaftServer$Division (RaftServerImpl.java:logAppendEntries(1545)) - s8@group-BDFE845AF3B0: appendEntries* reply s9<-s8#6120:OK-t1,SUCCESS,nextIndex=26,followerCommit=24,matchIndex=25
2024-10-09 04:29:56,511 DEBUG server.RaftServer$Division (RaftServerImpl.java:logAppendEntries(1545)) - s7@group-BDFE845AF3B0: appendEntries* s9->s7#6121-t1,previous=(t:1, i:25),leaderCommit=25,initializing? false,entries: size=1, first=(t:1, i:26), METADATAENTRY(c:25)
2024-10-09 04:29:56,512 DEBUG server.RaftServer$Division (RaftServerImpl.java:submitClientRequestAsync(916)) - s9@group-BDFE845AF3B0: receive client request(RaftClientRequest:client-B560D4AECF7B->s9@group-BDFE845AF3B0, cid=6122, seq=null, RW, Message:0101620240ad90000000...(size=12))
2024-10-09 04:29:56,512 DEBUG server.RaftServer$Division (RaftServerImpl.java:logAppendEntries(1545)) - s8@group-BDFE845AF3B0: appendEntries* s9->s8#6123-t1,previous=(t:1, i:25),leaderCommit=25,initializing? false,entries: size=1, first=(t:1, i:26), METADATAENTRY(c:25)
2024-10-09 04:29:56,512 DEBUG server.RaftServer$Division (LeaderStateImpl.java:addPendingRequest(529)) - s9@group-BDFE845AF3B0-LeaderStateImpl: addPendingRequest at RaftClientRequest:client-B560D4AECF7B->s9@group-BDFE845AF3B0, cid=6122, seq=null, RW, Message:0101620240ad90000000...(size=12), entry=(t:1, i:27), STATEMACHINELOGENTRY, WRITE: logData.size=12, stateMachineData.size=0, logEntryProtoSerializedSize=0
2024-10-09 04:29:56,512 DEBUG server.RaftServer$Division (RaftServerImpl.java:logAppendEntries(1545)) - s7@group-BDFE845AF3B0: appendEntries* reply s9<-s7#6121:OK-t1,SUCCESS,nextIndex=27,followerCommit=25,matchIndex=26
2024-10-09 04:29:56,512 DEBUG server.RaftServer$Division (RaftServerImpl.java:logAppendEntries(1545)) - s8@group-BDFE845AF3B0: appendEntries* reply s9<-s8#6123:OK-t1,SUCCESS,nextIndex=27,followerCommit=25,matchIndex=26
2024-10-09 04:29:56,513 DEBUG server.RaftServer$Division (RaftServerImpl.java:logAppendEntries(1545)) - s8@group-BDFE845AF3B0: appendEntries* s9->s8#6124-t1,previous=(t:1, i:26),leaderCommit=26,initializing? false,entries: size=1, first=(t:1, i:27), STATEMACHINELOGENTRY, StateMachineLogEntryProto:6122@client-B560D4AECF7B
2024-10-09 04:29:56,513 DEBUG server.RaftServer$Division (RaftServerImpl.java:logAppendEntries(1545)) - s8@group-BDFE845AF3B0: appendEntries* reply s9<-s8#6124:OK-t1,SUCCESS,nextIndex=28,followerCommit=26,matchIndex=27
2024-10-09 04:29:56,513 INFO  statemachine.StateMachine (ArithmeticStateMachine.java:applyTransaction(181)) - LEADER:s9-27: b = 3784 = 3784
2024-10-09 04:29:56,514 DEBUG server.RaftServer$Division (RaftServerImpl.java:logAppendEntries(1545)) - s8@group-BDFE845AF3B0: appendEntries* s9->s8#6125-t1,previous=(t:1, i:27),leaderCommit=27,initializing? false,entries: size=1, first=(t:1, i:28), METADATAENTRY(c:27)
2024-10-09 04:29:56,514 DEBUG server.RaftServer$Division (RaftServerImpl.java:submitClientRequestAsync(916)) - s9@group-BDFE845AF3B0: receive client request(RaftClientRequest:client-B560D4AECF7B->s9@group-BDFE845AF3B0, cid=6126, seq=null, RW, Message:01016304010300040201...(size=17))
2024-10-09 04:29:56,514 DEBUG server.RaftServer$Division (LeaderStateImpl.java:addPendingRequest(529)) - s9@group-BDFE845AF3B0-LeaderStateImpl: addPendingRequest at RaftClientRequest:client-B560D4AECF7B->s9@group-BDFE845AF3B0, cid=6126, seq=null, RW, Message:01016304010300040201...(size=17), entry=(t:1, i:29), STATEMACHINELOGENTRY, WRITE: logData.size=17, stateMachineData.size=0, logEntryProtoSerializedSize=0
2024-10-09 04:29:56,514 DEBUG server.RaftServer$Division (RaftServerImpl.java:logAppendEntries(1545)) - s8@group-BDFE845AF3B0: appendEntries* reply s9<-s8#6125:OK-t1,SUCCESS,nextIndex=29,followerCommit=27,matchIndex=28
2024-10-09 04:29:56,515 DEBUG server.RaftServer$Division (RaftServerImpl.java:logAppendEntries(1545)) - s8@group-BDFE845AF3B0: appendEntries* s9->s8#6127-t1,previous=(t:1, i:28),leaderCommit=28,initializing? false,entries: size=1, first=(t:1, i:29), STATEMACHINELOGENTRY, StateMachineLogEntryProto:6126@client-B560D4AECF7B
2024-10-09 04:29:56,515 DEBUG server.RaftServer$Division (RaftServerImpl.java:logAppendEntries(1545)) - s8@group-BDFE845AF3B0: appendEntries* reply s9<-s8#6127:OK-t1,SUCCESS,nextIndex=30,followerCommit=28,matchIndex=29
2024-10-09 04:29:56,515 INFO  statemachine.StateMachine (ArithmeticStateMachine.java:applyTransaction(181)) - LEADER:s9-29: c = √(a^2 + b^2) = 3785
2024-10-09 04:29:56,515 DEBUG server.RaftServer$Division (RaftServerImpl.java:logAppendEntries(1545)) - s8@group-BDFE845AF3B0: appendEntries* s9->s8#6129-t1,previous=(t:1, i:29),leaderCommit=29,initializing? false,entries: size=1, first=(t:1, i:30), METADATAENTRY(c:29)
2024-10-09 04:29:56,516 DEBUG server.RaftServer$Division (RaftServerImpl.java:submitClientRequestAsync(916)) - s9@group-BDFE845AF3B0: receive client request(RaftClientRequest:client-B560D4AECF7B->s9@group-BDFE845AF3B0, cid=6130, seq=null, RW, Message:01016100)
2024-10-09 04:29:56,516 DEBUG server.RaftServer$Division (RaftServerImpl.java:logAppendEntries(1545)) - s7@group-BDFE845AF3B0: appendEntries* s9->s7#6128-t1,previous=(t:1, i:26),leaderCommit=28,initializing? false,entries: size=3, first=(t:1, i:27), STATEMACHINELOGENTRY, StateMachineLogEntryProto:6122@client-B560D4AECF7B
2024-10-09 04:29:56,516 DEBUG server.RaftServer$Division (RaftServerImpl.java:logAppendEntries(1545)) - s8@group-BDFE845AF3B0: appendEntries* reply s9<-s8#6129:OK-t1,SUCCESS,nextIndex=31,followerCommit=29,matchIndex=30
2024-10-09 04:29:56,516 DEBUG server.RaftServer$Division (LeaderStateImpl.java:addPendingRequest(529)) - s9@group-BDFE845AF3B0-LeaderStateImpl: addPendingRequest at RaftClientRequest:client-B560D4AECF7B->s9@group-BDFE845AF3B0, cid=6130, seq=null, RW, Message:01016100, entry=(t:1, i:31), STATEMACHINELOGENTRY, WRITE: logData.size=4, stateMachineData.size=0, logEntryProtoSerializedSize=0
2024-10-09 04:29:56,516 DEBUG server.RaftServer$Division (RaftServerImpl.java:logAppendEntries(1545)) - s8@group-BDFE845AF3B0: appendEntries* s9->s8#6131-t1,previous=(t:1, i:30),leaderCommit=30,initializing? false,entries: size=1, first=(t:1, i:31), STATEMACHINELOGENTRY, StateMachineLogEntryProto:6130@client-B560D4AECF7B
2024-10-09 04:29:56,517 DEBUG server.RaftServer$Division (RaftServerImpl.java:logAppendEntries(1545)) - s8@group-BDFE845AF3B0: appendEntries* reply s9<-s8#6131:OK-t1,SUCCESS,nextIndex=32,followerCommit=30,matchIndex=31
2024-10-09 04:29:56,517 DEBUG server.RaftServer$Division (RaftServerImpl.java:logAppendEntries(1545)) - s7@group-BDFE845AF3B0: appendEntries* reply s9<-s7#6128:OK-t1,SUCCESS,nextIndex=30,followerCommit=28,matchIndex=29
2024-10-09 04:29:56,517 INFO  statemachine.StateMachine (ArithmeticStateMachine.java:applyTransaction(181)) - LEADER:s9-31: a = null = null
2024-10-09 04:29:56,517 DEBUG server.RaftServer$Division (RaftServerImpl.java:logAppendEntries(1545)) - s8@group-BDFE845AF3B0: appendEntries* s9->s8#6132-t1,previous=(t:1, i:31),leaderCommit=31,initializing? false,entries: size=1, first=(t:1, i:32), METADATAENTRY(c:31)
2024-10-09 04:29:56,518 DEBUG server.RaftServer$Division (RaftServerImpl.java:submitClientRequestAsync(916)) - s9@group-BDFE845AF3B0: receive client request(RaftClientRequest:client-B560D4AECF7B->s9@group-BDFE845AF3B0, cid=6133, seq=null, RW, Message:01016200)
2024-10-09 04:29:56,518 DEBUG server.RaftServer$Division (LeaderStateImpl.java:addPendingRequest(529)) - s9@group-BDFE845AF3B0-LeaderStateImpl: addPendingRequest at RaftClientRequest:client-B560D4AECF7B->s9@group-BDFE845AF3B0, cid=6133, seq=null, RW, Message:01016200, entry=(t:1, i:33), STATEMACHINELOGENTRY, WRITE: logData.size=4, stateMachineData.size=0, logEntryProtoSerializedSize=0
2024-10-09 04:29:56,518 DEBUG server.RaftServer$Division (RaftServerImpl.java:logAppendEntries(1545)) - s8@group-BDFE845AF3B0: appendEntries* reply s9<-s8#6132:OK-t1,SUCCESS,nextIndex=33,followerCommit=31,matchIndex=32
2024-10-09 04:29:56,518 DEBUG server.RaftServer$Division (RaftServerImpl.java:logAppendEntries(1545)) - s7@group-BDFE845AF3B0: appendEntries* s9->s7#6134-t1,previous=(t:1, i:29),leaderCommit=31,initializing? false,entries: size=4, first=(t:1, i:30), METADATAENTRY(c:29)
2024-10-09 04:29:56,518 DEBUG server.RaftServer$Division (RaftServerImpl.java:logAppendEntries(1545)) - s8@group-BDFE845AF3B0: appendEntries* s9->s8#6135-t1,previous=(t:1, i:32),leaderCommit=32,initializing? false,entries: size=1, first=(t:1, i:33), STATEMACHINELOGENTRY, StateMachineLogEntryProto:6133@client-B560D4AECF7B
2024-10-09 04:29:56,519 DEBUG server.RaftServer$Division (RaftServerImpl.java:logAppendEntries(1545)) - s8@group-BDFE845AF3B0: appendEntries* reply s9<-s8#6135:OK-t1,SUCCESS,nextIndex=34,followerCommit=32,matchIndex=33
2024-10-09 04:29:56,519 DEBUG server.RaftServer$Division (RaftServerImpl.java:logAppendEntries(1545)) - s7@group-BDFE845AF3B0: appendEntries* reply s9<-s7#6134:OK-t1,SUCCESS,nextIndex=34,followerCommit=31,matchIndex=33
2024-10-09 04:29:56,519 INFO  statemachine.StateMachine (ArithmeticStateMachine.java:applyTransaction(181)) - LEADER:s9-33: b = null = null
2024-10-09 04:29:56,519 DEBUG server.RaftServer$Division (RaftServerImpl.java:logAppendEntries(1545)) - s8@group-BDFE845AF3B0: appendEntries* s9->s8#6136-t1,previous=(t:1, i:33),leaderCommit=33,initializing? false,entries: size=1, first=(t:1, i:34), METADATAENTRY(c:33)
2024-10-09 04:29:56,520 DEBUG server.RaftServer$Division (RaftServerImpl.java:submitClientRequestAsync(916)) - s9@group-BDFE845AF3B0: receive client request(RaftClientRequest:client-B560D4AECF7B->s9@group-BDFE845AF3B0, cid=6137, seq=null, RW, Message:01016300)
2024-10-09 04:29:56,520 DEBUG server.RaftServer$Division (LeaderStateImpl.java:addPendingRequest(529)) - s9@group-BDFE845AF3B0-LeaderStateImpl: addPendingRequest at RaftClientRequest:client-B560D4AECF7B->s9@group-BDFE845AF3B0, cid=6137, seq=null, RW, Message:01016300, entry=(t:1, i:35), STATEMACHINELOGENTRY, WRITE: logData.size=4, stateMachineData.size=0, logEntryProtoSerializedSize=0
2024-10-09 04:29:56,520 DEBUG server.RaftServer$Division (RaftServerImpl.java:logAppendEntries(1545)) - s8@group-BDFE845AF3B0: appendEntries* reply s9<-s8#6136:OK-t1,SUCCESS,nextIndex=35,followerCommit=33,matchIndex=34
2024-10-09 04:29:56,520 DEBUG server.RaftServer$Division (RaftServerImpl.java:logAppendEntries(1545)) - s7@group-BDFE845AF3B0: appendEntries* s9->s7#6138-t1,previous=(t:1, i:33),leaderCommit=33,initializing? false,entries: size=1, first=(t:1, i:34), METADATAENTRY(c:33)
2024-10-09 04:29:56,520 DEBUG server.RaftServer$Division (RaftServerImpl.java:logAppendEntries(1545)) - s8@group-BDFE845AF3B0: appendEntries* s9->s8#6139-t1,previous=(t:1, i:34),leaderCommit=34,initializing? false,entries: size=1, first=(t:1, i:35), STATEMACHINELOGENTRY, StateMachineLogEntryProto:6137@client-B560D4AECF7B
2024-10-09 04:29:56,521 DEBUG server.RaftServer$Division (RaftServerImpl.java:logAppendEntries(1545)) - s7@group-BDFE845AF3B0: appendEntries* reply s9<-s7#6138:OK-t1,SUCCESS,nextIndex=35,followerCommit=33,matchIndex=34
2024-10-09 04:29:56,521 DEBUG server.RaftServer$Division (RaftServerImpl.java:logAppendEntries(1545)) - s8@group-BDFE845AF3B0: appendEntries* reply s9<-s8#6139:OK-t1,SUCCESS,nextIndex=36,followerCommit=34,matchIndex=35
2024-10-09 04:29:56,521 INFO  statemachine.StateMachine (ArithmeticStateMachine.java:applyTransaction(181)) - LEADER:s9-35: c = null = null
2024-10-09 04:29:56,522 DEBUG server.RaftServer$Division (RaftServerImpl.java:logAppendEntries(1545)) - s8@group-BDFE845AF3B0: appendEntries* s9->s8#6141-t1,previous=(t:1, i:35),leaderCommit=35,initializing? false,entries: size=1, first=(t:1, i:36), METADATAENTRY(c:35)
2024-10-09 04:29:56,522 DEBUG server.RaftServer$Division (RaftServerImpl.java:submitClientRequestAsync(916)) - s9@group-BDFE845AF3B0: receive client request(RaftClientRequest:client-B560D4AECF7B->s9@group-BDFE845AF3B0, cid=6142, seq=null, RW, Message:01016102405640000000...(size=12))
2024-10-09 04:29:56,522 DEBUG server.RaftServer$Division (RaftServerImpl.java:logAppendEntries(1545)) - s7@group-BDFE845AF3B0: appendEntries* s9->s7#6140-t1,previous=(t:1, i:34),leaderCommit=34,initializing? false,entries: size=1, first=(t:1, i:35), STATEMACHINELOGENTRY, StateMachineLogEntryProto:6137@client-B560D4AECF7B
2024-10-09 04:29:56,522 DEBUG server.RaftServer$Division (LeaderStateImpl.java:addPendingRequest(529)) - s9@group-BDFE845AF3B0-LeaderStateImpl: addPendingRequest at RaftClientRequest:client-B560D4AECF7B->s9@group-BDFE845AF3B0, cid=6142, seq=null, RW, Message:01016102405640000000...(size=12), entry=(t:1, i:37), STATEMACHINELOGENTRY, WRITE: logData.size=12, stateMachineData.size=0, logEntryProtoSerializedSize=0
2024-10-09 04:29:56,522 DEBUG server.RaftServer$Division (RaftServerImpl.java:logAppendEntries(1545)) - s7@group-BDFE845AF3B0: appendEntries* reply s9<-s7#6140:OK-t1,SUCCESS,nextIndex=36,followerCommit=34,matchIndex=35
2024-10-09 04:29:56,522 DEBUG server.RaftServer$Division (RaftServerImpl.java:logAppendEntries(1545)) - s8@group-BDFE845AF3B0: appendEntries* reply s9<-s8#6141:OK-t1,SUCCESS,nextIndex=37,followerCommit=35,matchIndex=36
2024-10-09 04:29:56,523 DEBUG server.RaftServer$Division (RaftServerImpl.java:logAppendEntries(1545)) - s7@group-BDFE845AF3B0: appendEntries* s9->s7#6143-t1,previous=(t:1, i:35),leaderCommit=35,initializing? false,entries: size=2, first=(t:1, i:36), METADATAENTRY(c:35)
2024-10-09 04:29:56,523 DEBUG server.RaftServer$Division (RaftServerImpl.java:logAppendEntries(1545)) - s8@group-BDFE845AF3B0: appendEntries* s9->s8#6144-t1,previous=(t:1, i:36),leaderCommit=35,initializing? false,entries: size=1, first=(t:1, i:37), STATEMACHINELOGENTRY, StateMachineLogEntryProto:6142@client-B560D4AECF7B
2024-10-09 04:29:56,523 DEBUG server.RaftServer$Division (RaftServerImpl.java:logAppendEntries(1545)) - s7@group-BDFE845AF3B0: appendEntries* reply s9<-s7#6143:OK-t1,SUCCESS,nextIndex=38,followerCommit=35,matchIndex=37
2024-10-09 04:29:56,523 DEBUG server.RaftServer$Division (RaftServerImpl.java:logAppendEntries(1545)) - s8@group-BDFE845AF3B0: appendEntries* reply s9<-s8#6144:OK-t1,SUCCESS,nextIndex=38,followerCommit=35,matchIndex=37
2024-10-09 04:29:56,524 INFO  statemachine.StateMachine (ArithmeticStateMachine.java:applyTransaction(181)) - LEADER:s9-37: a = 89 = 89
2024-10-09 04:29:56,524 DEBUG server.RaftServer$Division (RaftServerImpl.java:logAppendEntries(1545)) - s8@group-BDFE845AF3B0: appendEntries* s9->s8#6146-t1,previous=(t:1, i:37),leaderCommit=37,initializing? false,entries: size=1, first=(t:1, i:38), METADATAENTRY(c:37)
2024-10-09 04:29:56,524 DEBUG server.RaftServer$Division (RaftServerImpl.java:submitClientRequestAsync(916)) - s9@group-BDFE845AF3B0: receive client request(RaftClientRequest:client-B560D4AECF7B->s9@group-BDFE845AF3B0, cid=6147, seq=null, RW, Message:0101620240aef0000000...(size=12))
2024-10-09 04:29:56,524 DEBUG server.RaftServer$Division (LeaderStateImpl.java:addPendingRequest(529)) - s9@group-BDFE845AF3B0-LeaderStateImpl: addPendingRequest at RaftClientRequest:client-B560D4AECF7B->s9@group-BDFE845AF3B0, cid=6147, seq=null, RW, Message:0101620240aef0000000...(size=12), entry=(t:1, i:39), STATEMACHINELOGENTRY, WRITE: logData.size=12, stateMachineData.size=0, logEntryProtoSerializedSize=0
2024-10-09 04:29:56,524 DEBUG server.RaftServer$Division (RaftServerImpl.java:logAppendEntries(1545)) - s8@group-BDFE845AF3B0: appendEntries* reply s9<-s8#6146:OK-t1,SUCCESS,nextIndex=39,followerCommit=37,matchIndex=38
2024-10-09 04:29:56,524 DEBUG server.RaftServer$Division (RaftServerImpl.java:logAppendEntries(1545)) - s7@group-BDFE845AF3B0: appendEntries* s9->s7#6145-t1,previous=(t:1, i:37),leaderCommit=37,initializing? false,entries: size=1, first=(t:1, i:38), METADATAENTRY(c:37)
2024-10-09 04:29:56,525 DEBUG server.RaftServer$Division (RaftServerImpl.java:logAppendEntries(1545)) - s8@group-BDFE845AF3B0: appendEntries* s9->s8#6148-t1,previous=(t:1, i:38),leaderCommit=38,initializing? false,entries: size=1, first=(t:1, i:39), STATEMACHINELOGENTRY, StateMachineLogEntryProto:6147@client-B560D4AECF7B
2024-10-09 04:29:56,525 DEBUG server.RaftServer$Division (RaftServerImpl.java:logAppendEntries(1545)) - s7@group-BDFE845AF3B0: appendEntries* reply s9<-s7#6145:OK-t1,SUCCESS,nextIndex=39,followerCommit=37,matchIndex=38
2024-10-09 04:29:56,525 DEBUG server.RaftServer$Division (RaftServerImpl.java:logAppendEntries(1545)) - s8@group-BDFE845AF3B0: appendEntries* reply s9<-s8#6148:OK-t1,SUCCESS,nextIndex=40,followerCommit=38,matchIndex=39
2024-10-09 04:29:56,526 INFO  statemachine.StateMachine (ArithmeticStateMachine.java:applyTransaction(181)) - LEADER:s9-39: b = 3960 = 3960
2024-10-09 04:29:56,526 DEBUG server.RaftServer$Division (RaftServerImpl.java:logAppendEntries(1545)) - s8@group-BDFE845AF3B0: appendEntries* s9->s8#6150-t1,previous=(t:1, i:39),leaderCommit=39,initializing? false,entries: size=1, first=(t:1, i:40), METADATAENTRY(c:39)
2024-10-09 04:29:56,526 DEBUG server.RaftServer$Division (RaftServerImpl.java:submitClientRequestAsync(916)) - s9@group-BDFE845AF3B0: receive client request(RaftClientRequest:client-B560D4AECF7B->s9@group-BDFE845AF3B0, cid=6151, seq=null, RW, Message:01016304010300040201...(size=17))
2024-10-09 04:29:56,526 DEBUG server.RaftServer$Division (LeaderStateImpl.java:addPendingRequest(529)) - s9@group-BDFE845AF3B0-LeaderStateImpl: addPendingRequest at RaftClientRequest:client-B560D4AECF7B->s9@group-BDFE845AF3B0, cid=6151, seq=null, RW, Message:01016304010300040201...(size=17), entry=(t:1, i:41), STATEMACHINELOGENTRY, WRITE: logData.size=17, stateMachineData.size=0, logEntryProtoSerializedSize=0
2024-10-09 04:29:56,526 DEBUG server.RaftServer$Division (RaftServerImpl.java:logAppendEntries(1545)) - s7@group-BDFE845AF3B0: appendEntries* s9->s7#6149-t1,previous=(t:1, i:38),leaderCommit=39,initializing? false,entries: size=2, first=(t:1, i:39), STATEMACHINELOGENTRY, StateMachineLogEntryProto:6147@client-B560D4AECF7B
2024-10-09 04:29:56,526 DEBUG server.RaftServer$Division (RaftServerImpl.java:logAppendEntries(1545)) - s8@group-BDFE845AF3B0: appendEntries* reply s9<-s8#6150:OK-t1,SUCCESS,nextIndex=41,followerCommit=39,matchIndex=40
2024-10-09 04:29:56,527 DEBUG server.RaftServer$Division (RaftServerImpl.java:logAppendEntries(1545)) - s8@group-BDFE845AF3B0: appendEntries* s9->s8#6152-t1,previous=(t:1, i:40),leaderCommit=40,initializing? false,entries: size=1, first=(t:1, i:41), STATEMACHINELOGENTRY, StateMachineLogEntryProto:6151@client-B560D4AECF7B
2024-10-09 04:29:56,527 DEBUG server.RaftServer$Division (RaftServerImpl.java:logAppendEntries(1545)) - s8@group-BDFE845AF3B0: appendEntries* reply s9<-s8#6152:OK-t1,SUCCESS,nextIndex=42,followerCommit=40,matchIndex=41
2024-10-09 04:29:56,527 DEBUG server.RaftServer$Division (RaftServerImpl.java:logAppendEntries(1545)) - s7@group-BDFE845AF3B0: appendEntries* reply s9<-s7#6149:OK-t1,SUCCESS,nextIndex=41,followerCommit=39,matchIndex=40
2024-10-09 04:29:56,528 INFO  statemachine.StateMachine (ArithmeticStateMachine.java:applyTransaction(181)) - LEADER:s9-41: c = √(a^2 + b^2) = 3961
2024-10-09 04:29:56,528 DEBUG server.RaftServer$Division (RaftServerImpl.java:logAppendEntries(1545)) - s8@group-BDFE845AF3B0: appendEntries* s9->s8#6153-t1,previous=(t:1, i:41),leaderCommit=41,initializing? false,entries: size=1, first=(t:1, i:42), METADATAENTRY(c:41)
2024-10-09 04:29:56,528 DEBUG server.RaftServer$Division (RaftServerImpl.java:logAppendEntries(1545)) - s7@group-BDFE845AF3B0: appendEntries* s9->s7#6154-t1,previous=(t:1, i:40),leaderCommit=41,initializing? false,entries: size=2, first=(t:1, i:41), STATEMACHINELOGENTRY, StateMachineLogEntryProto:6151@client-B560D4AECF7B
2024-10-09 04:29:56,528 DEBUG server.RaftServer$Division (RaftServerImpl.java:submitClientRequestAsync(916)) - s9@group-BDFE845AF3B0: receive client request(RaftClientRequest:client-B560D4AECF7B->s9@group-BDFE845AF3B0, cid=6155, seq=null, RW, Message:01016100)
2024-10-09 04:29:56,528 DEBUG server.RaftServer$Division (RaftServerImpl.java:logAppendEntries(1545)) - s8@group-BDFE845AF3B0: appendEntries* reply s9<-s8#6153:OK-t1,SUCCESS,nextIndex=43,followerCommit=41,matchIndex=42
2024-10-09 04:29:56,529 DEBUG server.RaftServer$Division (LeaderStateImpl.java:addPendingRequest(529)) - s9@group-BDFE845AF3B0-LeaderStateImpl: addPendingRequest at RaftClientRequest:client-B560D4AECF7B->s9@group-BDFE845AF3B0, cid=6155, seq=null, RW, Message:01016100, entry=(t:1, i:43), STATEMACHINELOGENTRY, WRITE: logData.size=4, stateMachineData.size=0, logEntryProtoSerializedSize=0
2024-10-09 04:29:56,529 DEBUG server.RaftServer$Division (RaftServerImpl.java:logAppendEntries(1545)) - s8@group-BDFE845AF3B0: appendEntries* s9->s8#6156-t1,previous=(t:1, i:42),leaderCommit=41,initializing? false,entries: size=1, first=(t:1, i:43), STATEMACHINELOGENTRY, StateMachineLogEntryProto:6155@client-B560D4AECF7B
2024-10-09 04:29:56,529 DEBUG server.RaftServer$Division (RaftServerImpl.java:logAppendEntries(1545)) - s7@group-BDFE845AF3B0: appendEntries* reply s9<-s7#6154:OK-t1,SUCCESS,nextIndex=43,followerCommit=41,matchIndex=42
2024-10-09 04:29:56,529 DEBUG server.RaftServer$Division (RaftServerImpl.java:logAppendEntries(1545)) - s8@group-BDFE845AF3B0: appendEntries* reply s9<-s8#6156:OK-t1,SUCCESS,nextIndex=44,followerCommit=41,matchIndex=43
2024-10-09 04:29:56,530 INFO  statemachine.StateMachine (ArithmeticStateMachine.java:applyTransaction(181)) - LEADER:s9-43: a = null = null
2024-10-09 04:29:56,530 DEBUG server.RaftServer$Division (RaftServerImpl.java:logAppendEntries(1545)) - s7@group-BDFE845AF3B0: appendEntries* s9->s7#6157-t1,previous=(t:1, i:42),leaderCommit=43,initializing? false,entries: size=2, first=(t:1, i:43), STATEMACHINELOGENTRY, StateMachineLogEntryProto:6155@client-B560D4AECF7B
2024-10-09 04:29:56,530 DEBUG server.RaftServer$Division (RaftServerImpl.java:logAppendEntries(1545)) - s8@group-BDFE845AF3B0: appendEntries* s9->s8#6158-t1,previous=(t:1, i:43),leaderCommit=43,initializing? false,entries: size=1, first=(t:1, i:44), METADATAENTRY(c:43)
2024-10-09 04:29:56,530 DEBUG server.RaftServer$Division (RaftServerImpl.java:submitClientRequestAsync(916)) - s9@group-BDFE845AF3B0: receive client request(RaftClientRequest:client-B560D4AECF7B->s9@group-BDFE845AF3B0, cid=6159, seq=null, RW, Message:01016200)
2024-10-09 04:29:56,530 DEBUG server.RaftServer$Division (LeaderStateImpl.java:addPendingRequest(529)) - s9@group-BDFE845AF3B0-LeaderStateImpl: addPendingRequest at RaftClientRequest:client-B560D4AECF7B->s9@group-BDFE845AF3B0, cid=6159, seq=null, RW, Message:01016200, entry=(t:1, i:45), STATEMACHINELOGENTRY, WRITE: logData.size=4, stateMachineData.size=0, logEntryProtoSerializedSize=0
2024-10-09 04:29:56,531 DEBUG server.RaftServer$Division (RaftServerImpl.java:logAppendEntries(1545)) - s8@group-BDFE845AF3B0: appendEntries* reply s9<-s8#6158:OK-t1,SUCCESS,nextIndex=45,followerCommit=43,matchIndex=44
2024-10-09 04:29:56,531 DEBUG server.RaftServer$Division (RaftServerImpl.java:logAppendEntries(1545)) - s7@group-BDFE845AF3B0: appendEntries* reply s9<-s7#6157:OK-t1,SUCCESS,nextIndex=45,followerCommit=43,matchIndex=44
2024-10-09 04:29:56,531 DEBUG server.RaftServer$Division (RaftServerImpl.java:logAppendEntries(1545)) - s8@group-BDFE845AF3B0: appendEntries* s9->s8#6160-t1,previous=(t:1, i:44),leaderCommit=44,initializing? false,entries: size=1, first=(t:1, i:45), STATEMACHINELOGENTRY, StateMachineLogEntryProto:6159@client-B560D4AECF7B
2024-10-09 04:29:56,531 DEBUG server.RaftServer$Division (RaftServerImpl.java:logAppendEntries(1545)) - s7@group-BDFE845AF3B0: appendEntries* s9->s7#6161-t1,previous=(t:1, i:44),leaderCommit=44,initializing? false,entries: size=1, first=(t:1, i:45), STATEMACHINELOGENTRY, StateMachineLogEntryProto:6159@client-B560D4AECF7B
2024-10-09 04:29:56,532 DEBUG server.RaftServer$Division (RaftServerImpl.java:logAppendEntries(1545)) - s8@group-BDFE845AF3B0: appendEntries* reply s9<-s8#6160:OK-t1,SUCCESS,nextIndex=46,followerCommit=44,matchIndex=45
2024-10-09 04:29:56,532 DEBUG server.RaftServer$Division (RaftServerImpl.java:logAppendEntries(1545)) - s7@group-BDFE845AF3B0: appendEntries* reply s9<-s7#6161:OK-t1,SUCCESS,nextIndex=46,followerCommit=44,matchIndex=45
2024-10-09 04:29:56,532 INFO  statemachine.StateMachine (ArithmeticStateMachine.java:applyTransaction(181)) - LEADER:s9-45: b = null = null
2024-10-09 04:29:56,532 DEBUG server.RaftServer$Division (RaftServerImpl.java:logAppendEntries(1545)) - s7@group-BDFE845AF3B0: appendEntries* s9->s7#6162-t1,previous=(t:1, i:45),leaderCommit=45,initializing? false,entries: size=1, first=(t:1, i:46), METADATAENTRY(c:45)
2024-10-09 04:29:56,532 DEBUG server.RaftServer$Division (RaftServerImpl.java:logAppendEntries(1545)) - s8@group-BDFE845AF3B0: appendEntries* s9->s8#6163-t1,previous=(t:1, i:45),leaderCommit=45,initializing? false,entries: size=1, first=(t:1, i:46), METADATAENTRY(c:45)
2024-10-09 04:29:56,532 DEBUG server.RaftServer$Division (RaftServerImpl.java:submitClientRequestAsync(916)) - s9@group-BDFE845AF3B0: receive client request(RaftClientRequest:client-B560D4AECF7B->s9@group-BDFE845AF3B0, cid=6164, seq=null, RW, Message:01016300)
2024-10-09 04:29:56,533 DEBUG server.RaftServer$Division (LeaderStateImpl.java:addPendingRequest(529)) - s9@group-BDFE845AF3B0-LeaderStateImpl: addPendingRequest at RaftClientRequest:client-B560D4AECF7B->s9@group-BDFE845AF3B0, cid=6164, seq=null, RW, Message:01016300, entry=(t:1, i:47), STATEMACHINELOGENTRY, WRITE: logData.size=4, stateMachineData.size=0, logEntryProtoSerializedSize=0
2024-10-09 04:29:56,533 DEBUG server.RaftServer$Division (RaftServerImpl.java:logAppendEntries(1545)) - s7@group-BDFE845AF3B0: appendEntries* reply s9<-s7#6162:OK-t1,SUCCESS,nextIndex=47,followerCommit=45,matchIndex=46
2024-10-09 04:29:56,533 DEBUG server.RaftServer$Division (RaftServerImpl.java:logAppendEntries(1545)) - s8@group-BDFE845AF3B0: appendEntries* reply s9<-s8#6163:OK-t1,SUCCESS,nextIndex=47,followerCommit=45,matchIndex=46
2024-10-09 04:29:56,533 DEBUG server.RaftServer$Division (RaftServerImpl.java:logAppendEntries(1545)) - s8@group-BDFE845AF3B0: appendEntries* s9->s8#6165-t1,previous=(t:1, i:46),leaderCommit=46,initializing? false,entries: size=1, first=(t:1, i:47), STATEMACHINELOGENTRY, StateMachineLogEntryProto:6164@client-B560D4AECF7B
2024-10-09 04:29:56,534 DEBUG server.RaftServer$Division (RaftServerImpl.java:logAppendEntries(1545)) - s7@group-BDFE845AF3B0: appendEntries* s9->s7#6166-t1,previous=(t:1, i:46),leaderCommit=46,initializing? false,entries: size=1, first=(t:1, i:47), STATEMACHINELOGENTRY, StateMachineLogEntryProto:6164@client-B560D4AECF7B
2024-10-09 04:29:56,534 DEBUG server.RaftServer$Division (RaftServerImpl.java:logAppendEntries(1545)) - s8@group-BDFE845AF3B0: appendEntries* reply s9<-s8#6165:OK-t1,SUCCESS,nextIndex=48,followerCommit=46,matchIndex=47
2024-10-09 04:29:56,534 DEBUG server.RaftServer$Division (RaftServerImpl.java:logAppendEntries(1545)) - s7@group-BDFE845AF3B0: appendEntries* reply s9<-s7#6166:OK-t1,SUCCESS,nextIndex=48,followerCommit=46,matchIndex=47
2024-10-09 04:29:56,534 INFO  statemachine.StateMachine (ArithmeticStateMachine.java:applyTransaction(181)) - LEADER:s9-47: c = null = null
2024-10-09 04:29:56,535 DEBUG server.RaftServer$Division (RaftServerImpl.java:submitClientRequestAsync(916)) - s9@group-BDFE845AF3B0: receive client request(RaftClientRequest:client-B560D4AECF7B->s9@group-BDFE845AF3B0, cid=6168, seq=null, RW, Message:010161024056c0000000...(size=12))
2024-10-09 04:29:56,535 DEBUG server.RaftServer$Division (RaftServerImpl.java:logAppendEntries(1545)) - s8@group-BDFE845AF3B0: appendEntries* s9->s8#6167-t1,previous=(t:1, i:47),leaderCommit=47,initializing? false,entries: size=1, first=(t:1, i:48), METADATAENTRY(c:47)
2024-10-09 04:29:56,535 DEBUG server.RaftServer$Division (RaftServerImpl.java:logAppendEntries(1545)) - s7@group-BDFE845AF3B0: appendEntries* s9->s7#6169-t1,previous=(t:1, i:47),leaderCommit=47,initializing? false,entries: size=1, first=(t:1, i:48), METADATAENTRY(c:47)
2024-10-09 04:29:56,535 DEBUG server.RaftServer$Division (LeaderStateImpl.java:addPendingRequest(529)) - s9@group-BDFE845AF3B0-LeaderStateImpl: addPendingRequest at RaftClientRequest:client-B560D4AECF7B->s9@group-BDFE845AF3B0, cid=6168, seq=null, RW, Message:010161024056c0000000...(size=12), entry=(t:1, i:49), STATEMACHINELOGENTRY, WRITE: logData.size=12, stateMachineData.size=0, logEntryProtoSerializedSize=0
2024-10-09 04:29:56,535 DEBUG server.RaftServer$Division (RaftServerImpl.java:logAppendEntries(1545)) - s8@group-BDFE845AF3B0: appendEntries* reply s9<-s8#6167:OK-t1,SUCCESS,nextIndex=49,followerCommit=47,matchIndex=48
2024-10-09 04:29:56,536 DEBUG server.RaftServer$Division (RaftServerImpl.java:logAppendEntries(1545)) - s7@group-BDFE845AF3B0: appendEntries* reply s9<-s7#6169:OK-t1,SUCCESS,nextIndex=49,followerCommit=47,matchIndex=48
2024-10-09 04:29:56,536 DEBUG server.RaftServer$Division (RaftServerImpl.java:logAppendEntries(1545)) - s7@group-BDFE845AF3B0: appendEntries* s9->s7#6174-t1,previous=(t:1, i:48),leaderCommit=48,initializing? false,entries: size=1, first=(t:1, i:49), STATEMACHINELOGENTRY, StateMachineLogEntryProto:6168@client-B560D4AECF7B
2024-10-09 04:29:56,536 DEBUG server.RaftServer$Division (RaftServerImpl.java:logAppendEntries(1545)) - s8@group-BDFE845AF3B0: appendEntries* s9->s8#6175-t1,previous=(t:1, i:48),leaderCommit=48,initializing? false,entries: size=1, first=(t:1, i:49), STATEMACHINELOGENTRY, StateMachineLogEntryProto:6168@client-B560D4AECF7B
2024-10-09 04:29:56,536 DEBUG server.RaftServer$Division (RaftServerImpl.java:logAppendEntries(1545)) - s7@group-BDFE845AF3B0: appendEntries* reply s9<-s7#6174:OK-t1,SUCCESS,nextIndex=50,followerCommit=48,matchIndex=49
2024-10-09 04:29:56,537 INFO  statemachine.StateMachine (ArithmeticStateMachine.java:applyTransaction(181)) - LEADER:s9-49: a = 91 = 91
2024-10-09 04:29:56,537 DEBUG server.RaftServer$Division (RaftServerImpl.java:logAppendEntries(1545)) - s8@group-BDFE845AF3B0: appendEntries* reply s9<-s8#6175:OK-t1,SUCCESS,nextIndex=50,followerCommit=48,matchIndex=49
2024-10-09 04:29:56,537 DEBUG server.RaftServer$Division (RaftServerImpl.java:logAppendEntries(1545)) - s8@group-BDFE845AF3B0: appendEntries* s9->s8#6178-t1,previous=(t:1, i:49),leaderCommit=49,initializing? false,entries: size=1, first=(t:1, i:50), METADATAENTRY(c:49)
2024-10-09 04:29:56,537 DEBUG server.RaftServer$Division (RaftServerImpl.java:logAppendEntries(1545)) - s7@group-BDFE845AF3B0: appendEntries* s9->s7#6176-t1,previous=(t:1, i:49),leaderCommit=49,initializing? false,entries: size=1, first=(t:1, i:50), METADATAENTRY(c:49)
2024-10-09 04:29:56,538 DEBUG server.RaftServer$Division (RaftServerImpl.java:logAppendEntries(1545)) - s8@group-BDFE845AF3B0: appendEntries* reply s9<-s8#6178:OK-t1,SUCCESS,nextIndex=51,followerCommit=49,matchIndex=50
2024-10-09 04:29:56,538 DEBUG server.RaftServer$Division (RaftServerImpl.java:logAppendEntries(1545)) - s7@group-BDFE845AF3B0: appendEntries* reply s9<-s7#6176:OK-t1,SUCCESS,nextIndex=51,followerCommit=49,matchIndex=50
2024-10-09 04:29:56,539 DEBUG server.RaftServer$Division (RaftServerImpl.java:submitClientRequestAsync(916)) - s9@group-BDFE845AF3B0: receive client request(RaftClientRequest:client-B560D4AECF7B->s9@group-BDFE845AF3B0, cid=6177, seq=null, RW, Message:0101620240b02c000000...(size=12))
2024-10-09 04:29:56,539 DEBUG server.RaftServer$Division (LeaderStateImpl.java:addPendingRequest(529)) - s9@group-BDFE845AF3B0-LeaderStateImpl: addPendingRequest at RaftClientRequest:client-B560D4AECF7B->s9@group-BDFE845AF3B0, cid=6177, seq=null, RW, Message:0101620240b02c000000...(size=12), entry=(t:1, i:51), STATEMACHINELOGENTRY, WRITE: logData.size=12, stateMachineData.size=0, logEntryProtoSerializedSize=0
2024-10-09 04:29:56,539 DEBUG server.RaftServer$Division (RaftServerImpl.java:logAppendEntries(1545)) - s7@group-BDFE845AF3B0: appendEntries* s9->s7#6180-t1,previous=(t:1, i:50),leaderCommit=50,initializing? false,entries: size=1, first=(t:1, i:51), STATEMACHINELOGENTRY, StateMachineLogEntryProto:6177@client-B560D4AECF7B
2024-10-09 04:29:56,539 DEBUG server.RaftServer$Division (RaftServerImpl.java:logAppendEntries(1545)) - s8@group-BDFE845AF3B0: appendEntries* s9->s8#6179-t1,previous=(t:1, i:50),leaderCommit=50,initializing? false,entries: size=1, first=(t:1, i:51), STATEMACHINELOGENTRY, StateMachineLogEntryProto:6177@client-B560D4AECF7B
2024-10-09 04:29:56,539 DEBUG server.RaftServer$Division (RaftServerImpl.java:logAppendEntries(1545)) - s7@group-BDFE845AF3B0: appendEntries* reply s9<-s7#6180:OK-t1,SUCCESS,nextIndex=52,followerCommit=50,matchIndex=51
2024-10-09 04:29:56,540 INFO  statemachine.StateMachine (ArithmeticStateMachine.java:applyTransaction(181)) - LEADER:s9-51: b = 4140 = 4140
2024-10-09 04:29:56,540 DEBUG server.RaftServer$Division (RaftServerImpl.java:logAppendEntries(1545)) - s7@group-BDFE845AF3B0: appendEntries* s9->s7#6181-t1,previous=(t:1, i:51),leaderCommit=51,initializing? false,entries: size=1, first=(t:1, i:52), METADATAENTRY(c:51)
2024-10-09 04:29:56,540 DEBUG server.RaftServer$Division (RaftServerImpl.java:logAppendEntries(1545)) - s8@group-BDFE845AF3B0: appendEntries* reply s9<-s8#6179:OK-t1,SUCCESS,nextIndex=52,followerCommit=50,matchIndex=51
2024-10-09 04:29:56,540 DEBUG server.RaftServer$Division (RaftServerImpl.java:submitClientRequestAsync(916)) - s9@group-BDFE845AF3B0: receive client request(RaftClientRequest:client-B560D4AECF7B->s9@group-BDFE845AF3B0, cid=6182, seq=null, RW, Message:01016304010300040201...(size=17))
2024-10-09 04:29:56,540 DEBUG server.RaftServer$Division (LeaderStateImpl.java:addPendingRequest(529)) - s9@group-BDFE845AF3B0-LeaderStateImpl: addPendingRequest at RaftClientRequest:client-B560D4AECF7B->s9@group-BDFE845AF3B0, cid=6182, seq=null, RW, Message:01016304010300040201...(size=17), entry=(t:1, i:53), STATEMACHINELOGENTRY, WRITE: logData.size=17, stateMachineData.size=0, logEntryProtoSerializedSize=0
2024-10-09 04:29:56,541 DEBUG server.RaftServer$Division (RaftServerImpl.java:logAppendEntries(1545)) - s8@group-BDFE845AF3B0: appendEntries* s9->s8#6183-t1,previous=(t:1, i:51),leaderCommit=51,initializing? false,entries: size=1, first=(t:1, i:52), METADATAENTRY(c:51)
2024-10-09 04:29:56,541 DEBUG server.RaftServer$Division (RaftServerImpl.java:logAppendEntries(1545)) - s7@group-BDFE845AF3B0: appendEntries* reply s9<-s7#6181:OK-t1,SUCCESS,nextIndex=53,followerCommit=51,matchIndex=52
2024-10-09 04:29:56,541 DEBUG server.RaftServer$Division (RaftServerImpl.java:logAppendEntries(1545)) - s8@group-BDFE845AF3B0: appendEntries* reply s9<-s8#6183:OK-t1,SUCCESS,nextIndex=53,followerCommit=51,matchIndex=52
2024-10-09 04:29:56,542 DEBUG server.RaftServer$Division (RaftServerImpl.java:logAppendEntries(1545)) - s7@group-BDFE845AF3B0: appendEntries* s9->s7#6185-t1,previous=(t:1, i:52),leaderCommit=52,initializing? false,entries: size=1, first=(t:1, i:53), STATEMACHINELOGENTRY, StateMachineLogEntryProto:6182@client-B560D4AECF7B
2024-10-09 04:29:56,542 DEBUG server.RaftServer$Division (RaftServerImpl.java:logAppendEntries(1545)) - s8@group-BDFE845AF3B0: appendEntries* s9->s8#6184-t1,previous=(t:1, i:52),leaderCommit=51,initializing? false,entries: size=1, first=(t:1, i:53), STATEMACHINELOGENTRY, StateMachineLogEntryProto:6182@client-B560D4AECF7B
2024-10-09 04:29:56,542 DEBUG server.RaftServer$Division (RaftServerImpl.java:logAppendEntries(1545)) - s7@group-BDFE845AF3B0: appendEntries* reply s9<-s7#6185:OK-t1,SUCCESS,nextIndex=54,followerCommit=52,matchIndex=53
2024-10-09 04:29:56,542 DEBUG server.RaftServer$Division (RaftServerImpl.java:logAppendEntries(1545)) - s8@group-BDFE845AF3B0: appendEntries* reply s9<-s8#6184:OK-t1,SUCCESS,nextIndex=54,followerCommit=51,matchIndex=53
2024-10-09 04:29:56,542 INFO  statemachine.StateMachine (ArithmeticStateMachine.java:applyTransaction(181)) - LEADER:s9-53: c = √(a^2 + b^2) = 4141
2024-10-09 04:29:56,543 DEBUG server.RaftServer$Division (RaftServerImpl.java:submitClientRequestAsync(916)) - s9@group-BDFE845AF3B0: receive client request(RaftClientRequest:client-B560D4AECF7B->s9@group-BDFE845AF3B0, cid=6187, seq=null, RW, Message:01016100)
2024-10-09 04:29:56,543 DEBUG server.RaftServer$Division (LeaderStateImpl.java:addPendingRequest(529)) - s9@group-BDFE845AF3B0-LeaderStateImpl: addPendingRequest at RaftClientRequest:client-B560D4AECF7B->s9@group-BDFE845AF3B0, cid=6187, seq=null, RW, Message:01016100, entry=(t:1, i:55), STATEMACHINELOGENTRY, WRITE: logData.size=4, stateMachineData.size=0, logEntryProtoSerializedSize=0
2024-10-09 04:29:56,543 DEBUG server.RaftServer$Division (RaftServerImpl.java:logAppendEntries(1545)) - s7@group-BDFE845AF3B0: appendEntries* s9->s7#6186-t1,previous=(t:1, i:53),leaderCommit=53,initializing? false,entries: size=1, first=(t:1, i:54), METADATAENTRY(c:53)
2024-10-09 04:29:56,543 DEBUG server.RaftServer$Division (RaftServerImpl.java:logAppendEntries(1545)) - s8@group-BDFE845AF3B0: appendEntries* s9->s8#6188-t1,previous=(t:1, i:53),leaderCommit=53,initializing? false,entries: size=1, first=(t:1, i:54), METADATAENTRY(c:53)
2024-10-09 04:29:56,544 DEBUG server.RaftServer$Division (RaftServerImpl.java:logAppendEntries(1545)) - s7@group-BDFE845AF3B0: appendEntries* reply s9<-s7#6186:OK-t1,SUCCESS,nextIndex=55,followerCommit=53,matchIndex=54
2024-10-09 04:29:56,544 DEBUG server.RaftServer$Division (RaftServerImpl.java:logAppendEntries(1545)) - s8@group-BDFE845AF3B0: appendEntries* reply s9<-s8#6188:OK-t1,SUCCESS,nextIndex=55,followerCommit=53,matchIndex=54
2024-10-09 04:29:56,544 DEBUG server.RaftServer$Division (RaftServerImpl.java:logAppendEntries(1545)) - s7@group-BDFE845AF3B0: appendEntries* s9->s7#6189-t1,previous=(t:1, i:54),leaderCommit=54,initializing? false,entries: size=1, first=(t:1, i:55), STATEMACHINELOGENTRY, StateMachineLogEntryProto:6187@client-B560D4AECF7B
2024-10-09 04:29:56,544 DEBUG server.RaftServer$Division (RaftServerImpl.java:logAppendEntries(1545)) - s8@group-BDFE845AF3B0: appendEntries* s9->s8#6190-t1,previous=(t:1, i:54),leaderCommit=54,initializing? false,entries: size=1, first=(t:1, i:55), STATEMACHINELOGENTRY, StateMachineLogEntryProto:6187@client-B560D4AECF7B
2024-10-09 04:29:56,545 DEBUG server.RaftServer$Division (RaftServerImpl.java:logAppendEntries(1545)) - s7@group-BDFE845AF3B0: appendEntries* reply s9<-s7#6189:OK-t1,SUCCESS,nextIndex=56,followerCommit=54,matchIndex=55
2024-10-09 04:29:56,545 DEBUG server.RaftServer$Division (RaftServerImpl.java:logAppendEntries(1545)) - s8@group-BDFE845AF3B0: appendEntries* reply s9<-s8#6190:OK-t1,SUCCESS,nextIndex=56,followerCommit=54,matchIndex=55
2024-10-09 04:29:56,545 INFO  statemachine.StateMachine (ArithmeticStateMachine.java:applyTransaction(181)) - LEADER:s9-55: a = null = null
2024-10-09 04:29:56,545 DEBUG server.RaftServer$Division (RaftServerImpl.java:submitClientRequestAsync(916)) - s9@group-BDFE845AF3B0: receive client request(RaftClientRequest:client-B560D4AECF7B->s9@group-BDFE845AF3B0, cid=6192, seq=null, RW, Message:01016200)
2024-10-09 04:29:56,546 DEBUG server.RaftServer$Division (LeaderStateImpl.java:addPendingRequest(529)) - s9@group-BDFE845AF3B0-LeaderStateImpl: addPendingRequest at RaftClientRequest:client-B560D4AECF7B->s9@group-BDFE845AF3B0, cid=6192, seq=null, RW, Message:01016200, entry=(t:1, i:57), STATEMACHINELOGENTRY, WRITE: logData.size=4, stateMachineData.size=0, logEntryProtoSerializedSize=0
2024-10-09 04:29:56,546 DEBUG server.RaftServer$Division (RaftServerImpl.java:logAppendEntries(1545)) - s8@group-BDFE845AF3B0: appendEntries* s9->s8#6193-t1,previous=(t:1, i:55),leaderCommit=55,initializing? false,entries: size=1, first=(t:1, i:56), METADATAENTRY(c:55)
2024-10-09 04:29:56,546 DEBUG server.RaftServer$Division (RaftServerImpl.java:logAppendEntries(1545)) - s7@group-BDFE845AF3B0: appendEntries* s9->s7#6191-t1,previous=(t:1, i:55),leaderCommit=55,initializing? false,entries: size=1, first=(t:1, i:56), METADATAENTRY(c:55)
2024-10-09 04:29:56,546 DEBUG server.RaftServer$Division (RaftServerImpl.java:logAppendEntries(1545)) - s8@group-BDFE845AF3B0: appendEntries* reply s9<-s8#6193:OK-t1,SUCCESS,nextIndex=57,followerCommit=55,matchIndex=56
2024-10-09 04:29:56,546 DEBUG server.RaftServer$Division (RaftServerImpl.java:logAppendEntries(1545)) - s7@group-BDFE845AF3B0: appendEntries* reply s9<-s7#6191:OK-t1,SUCCESS,nextIndex=57,followerCommit=55,matchIndex=56
2024-10-09 04:29:56,547 DEBUG server.RaftServer$Division (RaftServerImpl.java:logAppendEntries(1545)) - s7@group-BDFE845AF3B0: appendEntries* s9->s7#6194-t1,previous=(t:1, i:56),leaderCommit=56,initializing? false,entries: size=1, first=(t:1, i:57), STATEMACHINELOGENTRY, StateMachineLogEntryProto:6192@client-B560D4AECF7B
2024-10-09 04:29:56,547 DEBUG server.RaftServer$Division (RaftServerImpl.java:logAppendEntries(1545)) - s8@group-BDFE845AF3B0: appendEntries* s9->s8#6195-t1,previous=(t:1, i:56),leaderCommit=56,initializing? false,entries: size=1, first=(t:1, i:57), STATEMACHINELOGENTRY, StateMachineLogEntryProto:6192@client-B560D4AECF7B
2024-10-09 04:29:56,547 DEBUG server.RaftServer$Division (RaftServerImpl.java:logAppendEntries(1545)) - s8@group-BDFE845AF3B0: appendEntries* reply s9<-s8#6195:OK-t1,SUCCESS,nextIndex=58,followerCommit=56,matchIndex=57
2024-10-09 04:29:56,547 DEBUG server.RaftServer$Division (RaftServerImpl.java:logAppendEntries(1545)) - s7@group-BDFE845AF3B0: appendEntries* reply s9<-s7#6194:OK-t1,SUCCESS,nextIndex=58,followerCommit=56,matchIndex=57
2024-10-09 04:29:56,548 INFO  statemachine.StateMachine (ArithmeticStateMachine.java:applyTransaction(181)) - LEADER:s9-57: b = null = null
2024-10-09 04:29:56,548 DEBUG server.RaftServer$Division (RaftServerImpl.java:submitClientRequestAsync(916)) - s9@group-BDFE845AF3B0: receive client request(RaftClientRequest:client-B560D4AECF7B->s9@group-BDFE845AF3B0, cid=6198, seq=null, RW, Message:01016300)
2024-10-09 04:29:56,548 DEBUG server.RaftServer$Division (RaftServerImpl.java:logAppendEntries(1545)) - s7@group-BDFE845AF3B0: appendEntries* s9->s7#6197-t1,previous=(t:1, i:57),leaderCommit=57,initializing? false,entries: size=1, first=(t:1, i:58), METADATAENTRY(c:57)
2024-10-09 04:29:56,548 DEBUG server.RaftServer$Division (RaftServerImpl.java:logAppendEntries(1545)) - s8@group-BDFE845AF3B0: appendEntries* s9->s8#6196-t1,previous=(t:1, i:57),leaderCommit=57,initializing? false,entries: size=1, first=(t:1, i:58), METADATAENTRY(c:57)
2024-10-09 04:29:56,548 DEBUG server.RaftServer$Division (LeaderStateImpl.java:addPendingRequest(529)) - s9@group-BDFE845AF3B0-LeaderStateImpl: addPendingRequest at RaftClientRequest:client-B560D4AECF7B->s9@group-BDFE845AF3B0, cid=6198, seq=null, RW, Message:01016300, entry=(t:1, i:59), STATEMACHINELOGENTRY, WRITE: logData.size=4, stateMachineData.size=0, logEntryProtoSerializedSize=0
2024-10-09 04:29:56,549 DEBUG server.RaftServer$Division (RaftServerImpl.java:logAppendEntries(1545)) - s7@group-BDFE845AF3B0: appendEntries* reply s9<-s7#6197:OK-t1,SUCCESS,nextIndex=59,followerCommit=57,matchIndex=58
2024-10-09 04:29:56,549 DEBUG server.RaftServer$Division (RaftServerImpl.java:logAppendEntries(1545)) - s8@group-BDFE845AF3B0: appendEntries* reply s9<-s8#6196:OK-t1,SUCCESS,nextIndex=59,followerCommit=57,matchIndex=58
2024-10-09 04:29:56,549 DEBUG server.RaftServer$Division (RaftServerImpl.java:logAppendEntries(1545)) - s7@group-BDFE845AF3B0: appendEntries* s9->s7#6199-t1,previous=(t:1, i:58),leaderCommit=57,initializing? false,entries: size=1, first=(t:1, i:59), STATEMACHINELOGENTRY, StateMachineLogEntryProto:6198@client-B560D4AECF7B
2024-10-09 04:29:56,549 DEBUG server.RaftServer$Division (RaftServerImpl.java:logAppendEntries(1545)) - s8@group-BDFE845AF3B0: appendEntries* s9->s8#6200-t1,previous=(t:1, i:58),leaderCommit=58,initializing? false,entries: size=1, first=(t:1, i:59), STATEMACHINELOGENTRY, StateMachineLogEntryProto:6198@client-B560D4AECF7B
2024-10-09 04:29:56,550 DEBUG server.RaftServer$Division (RaftServerImpl.java:logAppendEntries(1545)) - s7@group-BDFE845AF3B0: appendEntries* reply s9<-s7#6199:OK-t1,SUCCESS,nextIndex=60,followerCommit=57,matchIndex=59
2024-10-09 04:29:56,550 DEBUG server.RaftServer$Division (RaftServerImpl.java:logAppendEntries(1545)) - s8@group-BDFE845AF3B0: appendEntries* reply s9<-s8#6200:OK-t1,SUCCESS,nextIndex=60,followerCommit=58,matchIndex=59
2024-10-09 04:29:56,550 INFO  statemachine.StateMachine (ArithmeticStateMachine.java:applyTransaction(181)) - LEADER:s9-59: c = null = null
2024-10-09 04:29:56,550 DEBUG server.RaftServer$Division (RaftServerImpl.java:submitClientRequestAsync(916)) - s9@group-BDFE845AF3B0: receive client request(RaftClientRequest:client-B560D4AECF7B->s9@group-BDFE845AF3B0, cid=6201, seq=null, RW, Message:01016102405740000000...(size=12))
2024-10-09 04:29:56,551 DEBUG server.RaftServer$Division (LeaderStateImpl.java:addPendingRequest(529)) - s9@group-BDFE845AF3B0-LeaderStateImpl: addPendingRequest at RaftClientRequest:client-B560D4AECF7B->s9@group-BDFE845AF3B0, cid=6201, seq=null, RW, Message:01016102405740000000...(size=12), entry=(t:1, i:61), STATEMACHINELOGENTRY, WRITE: logData.size=12, stateMachineData.size=0, logEntryProtoSerializedSize=0
2024-10-09 04:29:56,554 DEBUG server.RaftServer$Division (RaftServerImpl.java:logAppendEntries(1545)) - s7@group-BDFE845AF3B0: appendEntries* s9->s7#6203-t1,previous=(t:1, i:59),leaderCommit=59,initializing? false,entries: size=1, first=(t:1, i:60), METADATAENTRY(c:59)
2024-10-09 04:29:56,554 DEBUG server.RaftServer$Division (RaftServerImpl.java:logAppendEntries(1545)) - s8@group-BDFE845AF3B0: appendEntries* s9->s8#6202-t1,previous=(t:1, i:59),leaderCommit=59,initializing? false,entries: size=1, first=(t:1, i:60), METADATAENTRY(c:59)
2024-10-09 04:29:56,555 DEBUG server.RaftServer$Division (RaftServerImpl.java:logAppendEntries(1545)) - s7@group-BDFE845AF3B0: appendEntries* reply s9<-s7#6203:OK-t1,SUCCESS,nextIndex=61,followerCommit=59,matchIndex=60
2024-10-09 04:29:56,555 DEBUG server.RaftServer$Division (RaftServerImpl.java:logAppendEntries(1545)) - s8@group-BDFE845AF3B0: appendEntries* reply s9<-s8#6202:OK-t1,SUCCESS,nextIndex=61,followerCommit=59,matchIndex=60
2024-10-09 04:29:56,555 DEBUG server.RaftServer$Division (RaftServerImpl.java:logAppendEntries(1545)) - s7@group-BDFE845AF3B0: appendEntries* s9->s7#6204-t1,previous=(t:1, i:60),leaderCommit=60,initializing? false,entries: size=1, first=(t:1, i:61), STATEMACHINELOGENTRY, StateMachineLogEntryProto:6201@client-B560D4AECF7B
2024-10-09 04:29:56,555 DEBUG server.RaftServer$Division (RaftServerImpl.java:logAppendEntries(1545)) - s8@group-BDFE845AF3B0: appendEntries* s9->s8#6205-t1,previous=(t:1, i:60),leaderCommit=60,initializing? false,entries: size=1, first=(t:1, i:61), STATEMACHINELOGENTRY, StateMachineLogEntryProto:6201@client-B560D4AECF7B
2024-10-09 04:29:56,555 DEBUG server.RaftServer$Division (RaftServerImpl.java:logAppendEntries(1545)) - s7@group-BDFE845AF3B0: appendEntries* reply s9<-s7#6204:OK-t1,SUCCESS,nextIndex=62,followerCommit=60,matchIndex=61
2024-10-09 04:29:56,556 DEBUG server.RaftServer$Division (RaftServerImpl.java:logAppendEntries(1545)) - s8@group-BDFE845AF3B0: appendEntries* reply s9<-s8#6205:OK-t1,SUCCESS,nextIndex=62,followerCommit=60,matchIndex=61
2024-10-09 04:29:56,556 INFO  statemachine.StateMachine (ArithmeticStateMachine.java:applyTransaction(181)) - LEADER:s9-61: a = 93 = 93
2024-10-09 04:29:56,556 DEBUG server.RaftServer$Division (RaftServerImpl.java:logAppendEntries(1545)) - s7@group-BDFE845AF3B0: appendEntries* s9->s7#6206-t1,previous=(t:1, i:61),leaderCommit=61,initializing? false,entries: size=1, first=(t:1, i:62), METADATAENTRY(c:61)
2024-10-09 04:29:56,556 DEBUG server.RaftServer$Division (RaftServerImpl.java:submitClientRequestAsync(916)) - s9@group-BDFE845AF3B0: receive client request(RaftClientRequest:client-B560D4AECF7B->s9@group-BDFE845AF3B0, cid=6207, seq=null, RW, Message:0101620240b0e4000000...(size=12))
2024-10-09 04:29:56,557 DEBUG server.RaftServer$Division (RaftServerImpl.java:logAppendEntries(1545)) - s8@group-BDFE845AF3B0: appendEntries* s9->s8#6208-t1,previous=(t:1, i:61),leaderCommit=61,initializing? false,entries: size=1, first=(t:1, i:62), METADATAENTRY(c:61)
2024-10-09 04:29:56,557 DEBUG server.RaftServer$Division (RaftServerImpl.java:logAppendEntries(1545)) - s7@group-BDFE845AF3B0: appendEntries* reply s9<-s7#6206:OK-t1,SUCCESS,nextIndex=63,followerCommit=61,matchIndex=62
2024-10-09 04:29:56,557 DEBUG server.RaftServer$Division (LeaderStateImpl.java:addPendingRequest(529)) - s9@group-BDFE845AF3B0-LeaderStateImpl: addPendingRequest at RaftClientRequest:client-B560D4AECF7B->s9@group-BDFE845AF3B0, cid=6207, seq=null, RW, Message:0101620240b0e4000000...(size=12), entry=(t:1, i:63), STATEMACHINELOGENTRY, WRITE: logData.size=12, stateMachineData.size=0, logEntryProtoSerializedSize=0
2024-10-09 04:29:56,557 DEBUG server.RaftServer$Division (RaftServerImpl.java:logAppendEntries(1545)) - s7@group-BDFE845AF3B0: appendEntries* s9->s7#6209-t1,previous=(t:1, i:62),leaderCommit=61,initializing? false,entries: size=1, first=(t:1, i:63), STATEMACHINELOGENTRY, StateMachineLogEntryProto:6207@client-B560D4AECF7B
2024-10-09 04:29:56,557 DEBUG server.RaftServer$Division (RaftServerImpl.java:logAppendEntries(1545)) - s8@group-BDFE845AF3B0: appendEntries* reply s9<-s8#6208:OK-t1,SUCCESS,nextIndex=63,followerCommit=61,matchIndex=62
2024-10-09 04:29:56,558 DEBUG server.RaftServer$Division (RaftServerImpl.java:logAppendEntries(1545)) - s8@group-BDFE845AF3B0: appendEntries* s9->s8#6210-t1,previous=(t:1, i:62),leaderCommit=62,initializing? false,entries: size=1, first=(t:1, i:63), STATEMACHINELOGENTRY, StateMachineLogEntryProto:6207@client-B560D4AECF7B
2024-10-09 04:29:56,558 DEBUG server.RaftServer$Division (RaftServerImpl.java:logAppendEntries(1545)) - s7@group-BDFE845AF3B0: appendEntries* reply s9<-s7#6209:OK-t1,SUCCESS,nextIndex=64,followerCommit=61,matchIndex=63
2024-10-09 04:29:56,558 DEBUG server.RaftServer$Division (RaftServerImpl.java:logAppendEntries(1545)) - s8@group-BDFE845AF3B0: appendEntries* reply s9<-s8#6210:OK-t1,SUCCESS,nextIndex=64,followerCommit=62,matchIndex=63
2024-10-09 04:29:56,558 INFO  statemachine.StateMachine (ArithmeticStateMachine.java:applyTransaction(181)) - LEADER:s9-63: b = 4324 = 4324
2024-10-09 04:29:56,559 DEBUG server.RaftServer$Division (RaftServerImpl.java:logAppendEntries(1545)) - s8@group-BDFE845AF3B0: appendEntries* s9->s8#6212-t1,previous=(t:1, i:63),leaderCommit=63,initializing? false,entries: size=1, first=(t:1, i:64), METADATAENTRY(c:63)
2024-10-09 04:29:56,559 DEBUG server.RaftServer$Division (RaftServerImpl.java:submitClientRequestAsync(916)) - s9@group-BDFE845AF3B0: receive client request(RaftClientRequest:client-B560D4AECF7B->s9@group-BDFE845AF3B0, cid=6213, seq=null, RW, Message:01016304010300040201...(size=17))
2024-10-09 04:29:56,559 DEBUG server.RaftServer$Division (RaftServerImpl.java:logAppendEntries(1545)) - s7@group-BDFE845AF3B0: appendEntries* s9->s7#6211-t1,previous=(t:1, i:63),leaderCommit=63,initializing? false,entries: size=1, first=(t:1, i:64), METADATAENTRY(c:63)
2024-10-09 04:29:56,559 DEBUG server.RaftServer$Division (LeaderStateImpl.java:addPendingRequest(529)) - s9@group-BDFE845AF3B0-LeaderStateImpl: addPendingRequest at RaftClientRequest:client-B560D4AECF7B->s9@group-BDFE845AF3B0, cid=6213, seq=null, RW, Message:01016304010300040201...(size=17), entry=(t:1, i:65), STATEMACHINELOGENTRY, WRITE: logData.size=17, stateMachineData.size=0, logEntryProtoSerializedSize=0
2024-10-09 04:29:56,559 DEBUG server.RaftServer$Division (RaftServerImpl.java:logAppendEntries(1545)) - s8@group-BDFE845AF3B0: appendEntries* reply s9<-s8#6212:OK-t1,SUCCESS,nextIndex=65,followerCommit=63,matchIndex=64
2024-10-09 04:29:56,560 DEBUG server.RaftServer$Division (RaftServerImpl.java:logAppendEntries(1545)) - s7@group-BDFE845AF3B0: appendEntries* reply s9<-s7#6211:OK-t1,SUCCESS,nextIndex=65,followerCommit=63,matchIndex=64
2024-10-09 04:29:56,560 DEBUG server.RaftServer$Division (RaftServerImpl.java:logAppendEntries(1545)) - s8@group-BDFE845AF3B0: appendEntries* s9->s8#6214-t1,previous=(t:1, i:64),leaderCommit=64,initializing? false,entries: size=1, first=(t:1, i:65), STATEMACHINELOGENTRY, StateMachineLogEntryProto:6213@client-B560D4AECF7B
2024-10-09 04:29:56,560 DEBUG server.RaftServer$Division (RaftServerImpl.java:logAppendEntries(1545)) - s7@group-BDFE845AF3B0: appendEntries* s9->s7#6215-t1,previous=(t:1, i:64),leaderCommit=64,initializing? false,entries: size=1, first=(t:1, i:65), STATEMACHINELOGENTRY, StateMachineLogEntryProto:6213@client-B560D4AECF7B
2024-10-09 04:29:56,561 DEBUG server.RaftServer$Division (RaftServerImpl.java:logAppendEntries(1545)) - s8@group-BDFE845AF3B0: appendEntries* reply s9<-s8#6214:OK-t1,SUCCESS,nextIndex=66,followerCommit=64,matchIndex=65
2024-10-09 04:29:56,561 DEBUG server.RaftServer$Division (RaftServerImpl.java:logAppendEntries(1545)) - s7@group-BDFE845AF3B0: appendEntries* reply s9<-s7#6215:OK-t1,SUCCESS,nextIndex=66,followerCommit=64,matchIndex=65
2024-10-09 04:29:56,561 INFO  statemachine.StateMachine (ArithmeticStateMachine.java:applyTransaction(181)) - LEADER:s9-65: c = √(a^2 + b^2) = 4325
2024-10-09 04:29:56,561 DEBUG server.RaftServer$Division (RaftServerImpl.java:logAppendEntries(1545)) - s7@group-BDFE845AF3B0: appendEntries* s9->s7#6216-t1,previous=(t:1, i:65),leaderCommit=65,initializing? false,entries: size=1, first=(t:1, i:66), METADATAENTRY(c:65)
2024-10-09 04:29:56,562 DEBUG server.RaftServer$Division (RaftServerImpl.java:submitClientRequestAsync(916)) - s9@group-BDFE845AF3B0: receive client request(RaftClientRequest:client-B560D4AECF7B->s9@group-BDFE845AF3B0, cid=6218, seq=null, RW, Message:01016100)
2024-10-09 04:29:56,562 DEBUG server.RaftServer$Division (RaftServerImpl.java:logAppendEntries(1545)) - s7@group-BDFE845AF3B0: appendEntries* reply s9<-s7#6216:OK-t1,SUCCESS,nextIndex=67,followerCommit=65,matchIndex=66
2024-10-09 04:29:56,562 DEBUG server.RaftServer$Division (RaftServerImpl.java:logAppendEntries(1545)) - s8@group-BDFE845AF3B0: appendEntries* s9->s8#6217-t1,previous=(t:1, i:65),leaderCommit=65,initializing? false,entries: size=1, first=(t:1, i:66), METADATAENTRY(c:65)
2024-10-09 04:29:56,562 DEBUG server.RaftServer$Division (LeaderStateImpl.java:addPendingRequest(529)) - s9@group-BDFE845AF3B0-LeaderStateImpl: addPendingRequest at RaftClientRequest:client-B560D4AECF7B->s9@group-BDFE845AF3B0, cid=6218, seq=null, RW, Message:01016100, entry=(t:1, i:67), STATEMACHINELOGENTRY, WRITE: logData.size=4, stateMachineData.size=0, logEntryProtoSerializedSize=0
2024-10-09 04:29:56,562 DEBUG server.RaftServer$Division (RaftServerImpl.java:logAppendEntries(1545)) - s7@group-BDFE845AF3B0: appendEntries* s9->s7#6219-t1,previous=(t:1, i:66),leaderCommit=65,initializing? false,entries: size=1, first=(t:1, i:67), STATEMACHINELOGENTRY, StateMachineLogEntryProto:6218@client-B560D4AECF7B
2024-10-09 04:29:56,563 DEBUG server.RaftServer$Division (RaftServerImpl.java:logAppendEntries(1545)) - s7@group-BDFE845AF3B0: appendEntries* reply s9<-s7#6219:OK-t1,SUCCESS,nextIndex=68,followerCommit=65,matchIndex=67
2024-10-09 04:29:56,563 DEBUG server.RaftServer$Division (RaftServerImpl.java:logAppendEntries(1545)) - s8@group-BDFE845AF3B0: appendEntries* reply s9<-s8#6217:OK-t1,SUCCESS,nextIndex=67,followerCommit=65,matchIndex=66
2024-10-09 04:29:56,564 INFO  statemachine.StateMachine (ArithmeticStateMachine.java:applyTransaction(181)) - LEADER:s9-67: a = null = null
2024-10-09 04:29:56,564 DEBUG server.RaftServer$Division (RaftServerImpl.java:logAppendEntries(1545)) - s8@group-BDFE845AF3B0: appendEntries* s9->s8#6220-t1,previous=(t:1, i:66),leaderCommit=66,initializing? false,entries: size=1, first=(t:1, i:67), STATEMACHINELOGENTRY, StateMachineLogEntryProto:6218@client-B560D4AECF7B
2024-10-09 04:29:56,564 DEBUG server.RaftServer$Division (RaftServerImpl.java:logAppendEntries(1545)) - s7@group-BDFE845AF3B0: appendEntries* s9->s7#6221-t1,previous=(t:1, i:67),leaderCommit=67,initializing? false,entries: size=1, first=(t:1, i:68), METADATAENTRY(c:67)
2024-10-09 04:29:56,564 DEBUG server.RaftServer$Division (RaftServerImpl.java:submitClientRequestAsync(916)) - s9@group-BDFE845AF3B0: receive client request(RaftClientRequest:client-B560D4AECF7B->s9@group-BDFE845AF3B0, cid=6222, seq=null, RW, Message:01016200)
2024-10-09 04:29:56,565 DEBUG server.RaftServer$Division (LeaderStateImpl.java:addPendingRequest(529)) - s9@group-BDFE845AF3B0-LeaderStateImpl: addPendingRequest at RaftClientRequest:client-B560D4AECF7B->s9@group-BDFE845AF3B0, cid=6222, seq=null, RW, Message:01016200, entry=(t:1, i:69), STATEMACHINELOGENTRY, WRITE: logData.size=4, stateMachineData.size=0, logEntryProtoSerializedSize=0
2024-10-09 04:29:56,565 DEBUG server.RaftServer$Division (RaftServerImpl.java:logAppendEntries(1545)) - s8@group-BDFE845AF3B0: appendEntries* reply s9<-s8#6220:OK-t1,SUCCESS,nextIndex=68,followerCommit=66,matchIndex=67
2024-10-09 04:29:56,565 DEBUG server.RaftServer$Division (RaftServerImpl.java:logAppendEntries(1545)) - s7@group-BDFE845AF3B0: appendEntries* reply s9<-s7#6221:OK-t1,SUCCESS,nextIndex=69,followerCommit=67,matchIndex=68
2024-10-09 04:29:56,565 DEBUG server.RaftServer$Division (RaftServerImpl.java:logAppendEntries(1545)) - s8@group-BDFE845AF3B0: appendEntries* s9->s8#6223-t1,previous=(t:1, i:67),leaderCommit=67,initializing? false,entries: size=2, first=(t:1, i:68), METADATAENTRY(c:67)
2024-10-09 04:29:56,566 DEBUG server.RaftServer$Division (RaftServerImpl.java:logAppendEntries(1545)) - s7@group-BDFE845AF3B0: appendEntries* s9->s7#6224-t1,previous=(t:1, i:68),leaderCommit=67,initializing? false,entries: size=1, first=(t:1, i:69), STATEMACHINELOGENTRY, StateMachineLogEntryProto:6222@client-B560D4AECF7B
2024-10-09 04:29:56,566 DEBUG server.RaftServer$Division (RaftServerImpl.java:logAppendEntries(1545)) - s7@group-BDFE845AF3B0: appendEntries* reply s9<-s7#6224:OK-t1,SUCCESS,nextIndex=70,followerCommit=67,matchIndex=69
2024-10-09 04:29:56,566 INFO  statemachine.StateMachine (ArithmeticStateMachine.java:applyTransaction(181)) - LEADER:s9-69: b = null = null
2024-10-09 04:29:56,566 DEBUG server.RaftServer$Division (RaftServerImpl.java:logAppendEntries(1545)) - s8@group-BDFE845AF3B0: appendEntries* reply s9<-s8#6223:OK-t1,SUCCESS,nextIndex=70,followerCommit=67,matchIndex=69
2024-10-09 04:29:56,567 DEBUG server.RaftServer$Division (RaftServerImpl.java:submitClientRequestAsync(916)) - s9@group-BDFE845AF3B0: receive client request(RaftClientRequest:client-B560D4AECF7B->s9@group-BDFE845AF3B0, cid=6226, seq=null, RW, Message:01016300)
2024-10-09 04:29:56,567 DEBUG server.RaftServer$Division (RaftServerImpl.java:logAppendEntries(1545)) - s7@group-BDFE845AF3B0: appendEntries* s9->s7#6225-t1,previous=(t:1, i:69),leaderCommit=69,initializing? false,entries: size=1, first=(t:1, i:70), METADATAENTRY(c:69)
2024-10-09 04:29:56,567 DEBUG server.RaftServer$Division (RaftServerImpl.java:logAppendEntries(1545)) - s8@group-BDFE845AF3B0: appendEntries* s9->s8#6227-t1,previous=(t:1, i:69),leaderCommit=69,initializing? false,entries: size=1, first=(t:1, i:70), METADATAENTRY(c:69)
2024-10-09 04:29:56,567 DEBUG server.RaftServer$Division (LeaderStateImpl.java:addPendingRequest(529)) - s9@group-BDFE845AF3B0-LeaderStateImpl: addPendingRequest at RaftClientRequest:client-B560D4AECF7B->s9@group-BDFE845AF3B0, cid=6226, seq=null, RW, Message:01016300, entry=(t:1, i:71), STATEMACHINELOGENTRY, WRITE: logData.size=4, stateMachineData.size=0, logEntryProtoSerializedSize=0
2024-10-09 04:29:56,568 DEBUG server.RaftServer$Division (RaftServerImpl.java:logAppendEntries(1545)) - s8@group-BDFE845AF3B0: appendEntries* reply s9<-s8#6227:OK-t1,SUCCESS,nextIndex=71,followerCommit=69,matchIndex=70
2024-10-09 04:29:56,568 DEBUG server.RaftServer$Division (RaftServerImpl.java:logAppendEntries(1545)) - s7@group-BDFE845AF3B0: appendEntries* reply s9<-s7#6225:OK-t1,SUCCESS,nextIndex=71,followerCommit=69,matchIndex=70
2024-10-09 04:29:56,568 DEBUG server.RaftServer$Division (RaftServerImpl.java:logAppendEntries(1545)) - s8@group-BDFE845AF3B0: appendEntries* s9->s8#6228-t1,previous=(t:1, i:70),leaderCommit=69,initializing? false,entries: size=1, first=(t:1, i:71), STATEMACHINELOGENTRY, StateMachineLogEntryProto:6226@client-B560D4AECF7B
2024-10-09 04:29:56,569 DEBUG server.RaftServer$Division (RaftServerImpl.java:logAppendEntries(1545)) - s7@group-BDFE845AF3B0: appendEntries* s9->s7#6229-t1,previous=(t:1, i:70),leaderCommit=70,initializing? false,entries: size=1, first=(t:1, i:71), STATEMACHINELOGENTRY, StateMachineLogEntryProto:6226@client-B560D4AECF7B
2024-10-09 04:29:56,569 DEBUG server.RaftServer$Division (RaftServerImpl.java:logAppendEntries(1545)) - s8@group-BDFE845AF3B0: appendEntries* reply s9<-s8#6228:OK-t1,SUCCESS,nextIndex=72,followerCommit=69,matchIndex=71
2024-10-09 04:29:56,569 DEBUG server.RaftServer$Division (RaftServerImpl.java:logAppendEntries(1545)) - s7@group-BDFE845AF3B0: appendEntries* reply s9<-s7#6229:OK-t1,SUCCESS,nextIndex=72,followerCommit=70,matchIndex=71
2024-10-09 04:29:56,569 INFO  statemachine.StateMachine (ArithmeticStateMachine.java:applyTransaction(181)) - LEADER:s9-71: c = null = null
2024-10-09 04:29:56,569 DEBUG server.RaftServer$Division (RaftServerImpl.java:logAppendEntries(1545)) - s8@group-BDFE845AF3B0: appendEntries* s9->s8#6230-t1,previous=(t:1, i:71),leaderCommit=71,initializing? false,entries: size=1, first=(t:1, i:72), METADATAENTRY(c:71)
2024-10-09 04:29:56,570 DEBUG server.RaftServer$Division (RaftServerImpl.java:submitClientRequestAsync(916)) - s9@group-BDFE845AF3B0: receive client request(RaftClientRequest:client-B560D4AECF7B->s9@group-BDFE845AF3B0, cid=6231, seq=null, RW, Message:010161024057c0000000...(size=12))
2024-10-09 04:29:56,570 DEBUG server.RaftServer$Division (RaftServerImpl.java:logAppendEntries(1545)) - s7@group-BDFE845AF3B0: appendEntries* s9->s7#6232-t1,previous=(t:1, i:71),leaderCommit=71,initializing? false,entries: size=1, first=(t:1, i:72), METADATAENTRY(c:71)
2024-10-09 04:29:56,570 DEBUG server.RaftServer$Division (LeaderStateImpl.java:addPendingRequest(529)) - s9@group-BDFE845AF3B0-LeaderStateImpl: addPendingRequest at RaftClientRequest:client-B560D4AECF7B->s9@group-BDFE845AF3B0, cid=6231, seq=null, RW, Message:010161024057c0000000...(size=12), entry=(t:1, i:73), STATEMACHINELOGENTRY, WRITE: logData.size=12, stateMachineData.size=0, logEntryProtoSerializedSize=0
2024-10-09 04:29:56,570 DEBUG server.RaftServer$Division (RaftServerImpl.java:logAppendEntries(1545)) - s8@group-BDFE845AF3B0: appendEntries* reply s9<-s8#6230:OK-t1,SUCCESS,nextIndex=73,followerCommit=71,matchIndex=72
2024-10-09 04:29:56,570 DEBUG server.RaftServer$Division (RaftServerImpl.java:logAppendEntries(1545)) - s7@group-BDFE845AF3B0: appendEntries* reply s9<-s7#6232:OK-t1,SUCCESS,nextIndex=73,followerCommit=71,matchIndex=72
2024-10-09 04:29:56,571 DEBUG server.RaftServer$Division (RaftServerImpl.java:logAppendEntries(1545)) - s8@group-BDFE845AF3B0: appendEntries* s9->s8#6233-t1,previous=(t:1, i:72),leaderCommit=71,initializing? false,entries: size=1, first=(t:1, i:73), STATEMACHINELOGENTRY, StateMachineLogEntryProto:6231@client-B560D4AECF7B
2024-10-09 04:29:56,571 DEBUG server.RaftServer$Division (RaftServerImpl.java:logAppendEntries(1545)) - s7@group-BDFE845AF3B0: appendEntries* s9->s7#6234-t1,previous=(t:1, i:72),leaderCommit=72,initializing? false,entries: size=1, first=(t:1, i:73), STATEMACHINELOGENTRY, StateMachineLogEntryProto:6231@client-B560D4AECF7B
2024-10-09 04:29:56,571 DEBUG server.RaftServer$Division (RaftServerImpl.java:logAppendEntries(1545)) - s8@group-BDFE845AF3B0: appendEntries* reply s9<-s8#6233:OK-t1,SUCCESS,nextIndex=74,followerCommit=71,matchIndex=73
2024-10-09 04:29:56,571 DEBUG server.RaftServer$Division (RaftServerImpl.java:logAppendEntries(1545)) - s7@group-BDFE845AF3B0: appendEntries* reply s9<-s7#6234:OK-t1,SUCCESS,nextIndex=74,followerCommit=72,matchIndex=73
2024-10-09 04:29:56,572 INFO  statemachine.StateMachine (ArithmeticStateMachine.java:applyTransaction(181)) - LEADER:s9-73: a = 95 = 95
2024-10-09 04:29:56,572 DEBUG server.RaftServer$Division (RaftServerImpl.java:logAppendEntries(1545)) - s8@group-BDFE845AF3B0: appendEntries* s9->s8#6235-t1,previous=(t:1, i:73),leaderCommit=73,initializing? false,entries: size=1, first=(t:1, i:74), METADATAENTRY(c:73)
2024-10-09 04:29:56,572 DEBUG server.RaftServer$Division (RaftServerImpl.java:submitClientRequestAsync(916)) - s9@group-BDFE845AF3B0: receive client request(RaftClientRequest:client-B560D4AECF7B->s9@group-BDFE845AF3B0, cid=6236, seq=null, RW, Message:0101620240b1a0000000...(size=12))
2024-10-09 04:29:56,572 DEBUG server.RaftServer$Division (RaftServerImpl.java:logAppendEntries(1545)) - s7@group-BDFE845AF3B0: appendEntries* s9->s7#6237-t1,previous=(t:1, i:73),leaderCommit=73,initializing? false,entries: size=1, first=(t:1, i:74), METADATAENTRY(c:73)
2024-10-09 04:29:56,572 DEBUG server.RaftServer$Division (LeaderStateImpl.java:addPendingRequest(529)) - s9@group-BDFE845AF3B0-LeaderStateImpl: addPendingRequest at RaftClientRequest:client-B560D4AECF7B->s9@group-BDFE845AF3B0, cid=6236, seq=null, RW, Message:0101620240b1a0000000...(size=12), entry=(t:1, i:75), STATEMACHINELOGENTRY, WRITE: logData.size=12, stateMachineData.size=0, logEntryProtoSerializedSize=0
2024-10-09 04:29:56,573 DEBUG server.RaftServer$Division (RaftServerImpl.java:logAppendEntries(1545)) - s8@group-BDFE845AF3B0: appendEntries* reply s9<-s8#6235:OK-t1,SUCCESS,nextIndex=75,followerCommit=73,matchIndex=74
2024-10-09 04:29:56,573 DEBUG server.RaftServer$Division (RaftServerImpl.java:logAppendEntries(1545)) - s7@group-BDFE845AF3B0: appendEntries* reply s9<-s7#6237:OK-t1,SUCCESS,nextIndex=75,followerCommit=73,matchIndex=74
2024-10-09 04:29:56,573 DEBUG server.RaftServer$Division (RaftServerImpl.java:logAppendEntries(1545)) - s8@group-BDFE845AF3B0: appendEntries* s9->s8#6238-t1,previous=(t:1, i:74),leaderCommit=73,initializing? false,entries: size=1, first=(t:1, i:75), STATEMACHINELOGENTRY, StateMachineLogEntryProto:6236@client-B560D4AECF7B
2024-10-09 04:29:56,574 DEBUG server.RaftServer$Division (RaftServerImpl.java:logAppendEntries(1545)) - s7@group-BDFE845AF3B0: appendEntries* s9->s7#6239-t1,previous=(t:1, i:74),leaderCommit=74,initializing? false,entries: size=1, first=(t:1, i:75), STATEMACHINELOGENTRY, StateMachineLogEntryProto:6236@client-B560D4AECF7B
2024-10-09 04:29:56,574 DEBUG server.RaftServer$Division (RaftServerImpl.java:logAppendEntries(1545)) - s8@group-BDFE845AF3B0: appendEntries* reply s9<-s8#6238:OK-t1,SUCCESS,nextIndex=76,followerCommit=73,matchIndex=75
2024-10-09 04:29:56,574 DEBUG server.RaftServer$Division (RaftServerImpl.java:logAppendEntries(1545)) - s7@group-BDFE845AF3B0: appendEntries* reply s9<-s7#6239:OK-t1,SUCCESS,nextIndex=76,followerCommit=74,matchIndex=75
2024-10-09 04:29:56,574 INFO  statemachine.StateMachine (ArithmeticStateMachine.java:applyTransaction(181)) - LEADER:s9-75: b = 4512 = 4512
2024-10-09 04:29:56,574 DEBUG server.RaftServer$Division (RaftServerImpl.java:logAppendEntries(1545)) - s8@group-BDFE845AF3B0: appendEntries* s9->s8#6240-t1,previous=(t:1, i:75),leaderCommit=75,initializing? false,entries: size=1, first=(t:1, i:76), METADATAENTRY(c:75)
2024-10-09 04:29:56,575 DEBUG server.RaftServer$Division (RaftServerImpl.java:submitClientRequestAsync(916)) - s9@group-BDFE845AF3B0: receive client request(RaftClientRequest:client-B560D4AECF7B->s9@group-BDFE845AF3B0, cid=6241, seq=null, RW, Message:01016304010300040201...(size=17))
2024-10-09 04:29:56,575 DEBUG server.RaftServer$Division (RaftServerImpl.java:logAppendEntries(1545)) - s7@group-BDFE845AF3B0: appendEntries* s9->s7#6242-t1,previous=(t:1, i:75),leaderCommit=75,initializing? false,entries: size=1, first=(t:1, i:76), METADATAENTRY(c:75)
2024-10-09 04:29:56,575 DEBUG server.RaftServer$Division (LeaderStateImpl.java:addPendingRequest(529)) - s9@group-BDFE845AF3B0-LeaderStateImpl: addPendingRequest at RaftClientRequest:client-B560D4AECF7B->s9@group-BDFE845AF3B0, cid=6241, seq=null, RW, Message:01016304010300040201...(size=17), entry=(t:1, i:77), STATEMACHINELOGENTRY, WRITE: logData.size=17, stateMachineData.size=0, logEntryProtoSerializedSize=0
2024-10-09 04:29:56,575 DEBUG server.RaftServer$Division (RaftServerImpl.java:logAppendEntries(1545)) - s8@group-BDFE845AF3B0: appendEntries* reply s9<-s8#6240:OK-t1,SUCCESS,nextIndex=77,followerCommit=75,matchIndex=76
2024-10-09 04:29:56,576 DEBUG server.RaftServer$Division (RaftServerImpl.java:logAppendEntries(1545)) - s7@group-BDFE845AF3B0: appendEntries* reply s9<-s7#6242:OK-t1,SUCCESS,nextIndex=77,followerCommit=75,matchIndex=76
2024-10-09 04:29:56,576 DEBUG server.RaftServer$Division (RaftServerImpl.java:logAppendEntries(1545)) - s7@group-BDFE845AF3B0: appendEntries* s9->s7#6244-t1,previous=(t:1, i:76),leaderCommit=76,initializing? false,entries: size=1, first=(t:1, i:77), STATEMACHINELOGENTRY, StateMachineLogEntryProto:6241@client-B560D4AECF7B
2024-10-09 04:29:56,576 DEBUG server.RaftServer$Division (RaftServerImpl.java:logAppendEntries(1545)) - s8@group-BDFE845AF3B0: appendEntries* s9->s8#6243-t1,previous=(t:1, i:76),leaderCommit=75,initializing? false,entries: size=1, first=(t:1, i:77), STATEMACHINELOGENTRY, StateMachineLogEntryProto:6241@client-B560D4AECF7B
2024-10-09 04:29:56,577 DEBUG server.RaftServer$Division (RaftServerImpl.java:logAppendEntries(1545)) - s7@group-BDFE845AF3B0: appendEntries* reply s9<-s7#6244:OK-t1,SUCCESS,nextIndex=78,followerCommit=76,matchIndex=77
2024-10-09 04:29:56,577 DEBUG server.RaftServer$Division (RaftServerImpl.java:logAppendEntries(1545)) - s8@group-BDFE845AF3B0: appendEntries* reply s9<-s8#6243:OK-t1,SUCCESS,nextIndex=78,followerCommit=75,matchIndex=77
2024-10-09 04:29:56,577 INFO  statemachine.StateMachine (ArithmeticStateMachine.java:applyTransaction(181)) - LEADER:s9-77: c = √(a^2 + b^2) = 4513
2024-10-09 04:29:56,577 DEBUG server.RaftServer$Division (RaftServerImpl.java:logAppendEntries(1545)) - s7@group-BDFE845AF3B0: appendEntries* s9->s7#6245-t1,previous=(t:1, i:77),leaderCommit=77,initializing? false,entries: size=1, first=(t:1, i:78), METADATAENTRY(c:77)
2024-10-09 04:29:56,577 DEBUG server.RaftServer$Division (RaftServerImpl.java:submitClientRequestAsync(916)) - s9@group-BDFE845AF3B0: receive client request(RaftClientRequest:client-B560D4AECF7B->s9@group-BDFE845AF3B0, cid=6247, seq=null, RW, Message:01016100)
2024-10-09 04:29:56,577 DEBUG server.RaftServer$Division (RaftServerImpl.java:logAppendEntries(1545)) - s8@group-BDFE845AF3B0: appendEntries* s9->s8#6246-t1,previous=(t:1, i:77),leaderCommit=77,initializing? false,entries: size=1, first=(t:1, i:78), METADATAENTRY(c:77)
2024-10-09 04:29:56,578 DEBUG server.RaftServer$Division (LeaderStateImpl.java:addPendingRequest(529)) - s9@group-BDFE845AF3B0-LeaderStateImpl: addPendingRequest at RaftClientRequest:client-B560D4AECF7B->s9@group-BDFE845AF3B0, cid=6247, seq=null, RW, Message:01016100, entry=(t:1, i:79), STATEMACHINELOGENTRY, WRITE: logData.size=4, stateMachineData.size=0, logEntryProtoSerializedSize=0
2024-10-09 04:29:56,578 DEBUG server.RaftServer$Division (RaftServerImpl.java:logAppendEntries(1545)) - s7@group-BDFE845AF3B0: appendEntries* reply s9<-s7#6245:OK-t1,SUCCESS,nextIndex=79,followerCommit=77,matchIndex=78
2024-10-09 04:29:56,578 DEBUG server.RaftServer$Division (RaftServerImpl.java:logAppendEntries(1545)) - s7@group-BDFE845AF3B0: appendEntries* s9->s7#6248-t1,previous=(t:1, i:78),leaderCommit=78,initializing? false,entries: size=1, first=(t:1, i:79), STATEMACHINELOGENTRY, StateMachineLogEntryProto:6247@client-B560D4AECF7B
2024-10-09 04:29:56,578 DEBUG server.RaftServer$Division (RaftServerImpl.java:logAppendEntries(1545)) - s8@group-BDFE845AF3B0: appendEntries* reply s9<-s8#6246:OK-t1,SUCCESS,nextIndex=79,followerCommit=77,matchIndex=78
2024-10-09 04:29:56,579 DEBUG server.RaftServer$Division (RaftServerImpl.java:logAppendEntries(1545)) - s8@group-BDFE845AF3B0: appendEntries* s9->s8#6249-t1,previous=(t:1, i:78),leaderCommit=78,initializing? false,entries: size=1, first=(t:1, i:79), STATEMACHINELOGENTRY, StateMachineLogEntryProto:6247@client-B560D4AECF7B
2024-10-09 04:29:56,579 DEBUG server.RaftServer$Division (RaftServerImpl.java:logAppendEntries(1545)) - s7@group-BDFE845AF3B0: appendEntries* reply s9<-s7#6248:OK-t1,SUCCESS,nextIndex=80,followerCommit=78,matchIndex=79
2024-10-09 04:29:56,579 DEBUG server.RaftServer$Division (RaftServerImpl.java:logAppendEntries(1545)) - s8@group-BDFE845AF3B0: appendEntries* reply s9<-s8#6249:OK-t1,SUCCESS,nextIndex=80,followerCommit=78,matchIndex=79
2024-10-09 04:29:56,579 INFO  statemachine.StateMachine (ArithmeticStateMachine.java:applyTransaction(181)) - LEADER:s9-79: a = null = null
2024-10-09 04:29:56,580 DEBUG server.RaftServer$Division (RaftServerImpl.java:logAppendEntries(1545)) - s7@group-BDFE845AF3B0: appendEntries* s9->s7#6250-t1,previous=(t:1, i:79),leaderCommit=79,initializing? false,entries: size=1, first=(t:1, i:80), METADATAENTRY(c:79)
2024-10-09 04:29:56,580 DEBUG server.RaftServer$Division (RaftServerImpl.java:submitClientRequestAsync(916)) - s9@group-BDFE845AF3B0: receive client request(RaftClientRequest:client-B560D4AECF7B->s9@group-BDFE845AF3B0, cid=6252, seq=null, RW, Message:01016200)
2024-10-09 04:29:56,580 DEBUG server.RaftServer$Division (RaftServerImpl.java:logAppendEntries(1545)) - s8@group-BDFE845AF3B0: appendEntries* s9->s8#6251-t1,previous=(t:1, i:79),leaderCommit=79,initializing? false,entries: size=1, first=(t:1, i:80), METADATAENTRY(c:79)
2024-10-09 04:29:56,580 DEBUG server.RaftServer$Division (LeaderStateImpl.java:addPendingRequest(529)) - s9@group-BDFE845AF3B0-LeaderStateImpl: addPendingRequest at RaftClientRequest:client-B560D4AECF7B->s9@group-BDFE845AF3B0, cid=6252, seq=null, RW, Message:01016200, entry=(t:1, i:81), STATEMACHINELOGENTRY, WRITE: logData.size=4, stateMachineData.size=0, logEntryProtoSerializedSize=0
2024-10-09 04:29:56,580 DEBUG server.RaftServer$Division (RaftServerImpl.java:logAppendEntries(1545)) - s7@group-BDFE845AF3B0: appendEntries* reply s9<-s7#6250:OK-t1,SUCCESS,nextIndex=81,followerCommit=79,matchIndex=80
2024-10-09 04:29:56,581 DEBUG server.RaftServer$Division (RaftServerImpl.java:logAppendEntries(1545)) - s8@group-BDFE845AF3B0: appendEntries* reply s9<-s8#6251:OK-t1,SUCCESS,nextIndex=81,followerCommit=79,matchIndex=80
2024-10-09 04:29:56,581 DEBUG server.RaftServer$Division (RaftServerImpl.java:logAppendEntries(1545)) - s7@group-BDFE845AF3B0: appendEntries* s9->s7#6253-t1,previous=(t:1, i:80),leaderCommit=80,initializing? false,entries: size=1, first=(t:1, i:81), STATEMACHINELOGENTRY, StateMachineLogEntryProto:6252@client-B560D4AECF7B
2024-10-09 04:29:56,581 DEBUG server.RaftServer$Division (RaftServerImpl.java:logAppendEntries(1545)) - s8@group-BDFE845AF3B0: appendEntries* s9->s8#6254-t1,previous=(t:1, i:80),leaderCommit=80,initializing? false,entries: size=1, first=(t:1, i:81), STATEMACHINELOGENTRY, StateMachineLogEntryProto:6252@client-B560D4AECF7B
2024-10-09 04:29:56,582 DEBUG server.RaftServer$Division (RaftServerImpl.java:logAppendEntries(1545)) - s7@group-BDFE845AF3B0: appendEntries* reply s9<-s7#6253:OK-t1,SUCCESS,nextIndex=82,followerCommit=80,matchIndex=81
2024-10-09 04:29:56,582 DEBUG server.RaftServer$Division (RaftServerImpl.java:logAppendEntries(1545)) - s8@group-BDFE845AF3B0: appendEntries* reply s9<-s8#6254:OK-t1,SUCCESS,nextIndex=82,followerCommit=80,matchIndex=81
2024-10-09 04:29:56,582 INFO  statemachine.StateMachine (ArithmeticStateMachine.java:applyTransaction(181)) - LEADER:s9-81: b = null = null
2024-10-09 04:29:56,582 DEBUG server.RaftServer$Division (RaftServerImpl.java:logAppendEntries(1545)) - s7@group-BDFE845AF3B0: appendEntries* s9->s7#6255-t1,previous=(t:1, i:81),leaderCommit=81,initializing? false,entries: size=1, first=(t:1, i:82), METADATAENTRY(c:81)
2024-10-09 04:29:56,583 DEBUG server.RaftServer$Division (RaftServerImpl.java:logAppendEntries(1545)) - s8@group-BDFE845AF3B0: appendEntries* s9->s8#6256-t1,previous=(t:1, i:81),leaderCommit=81,initializing? false,entries: size=1, first=(t:1, i:82), METADATAENTRY(c:81)
2024-10-09 04:29:56,583 DEBUG server.RaftServer$Division (RaftServerImpl.java:submitClientRequestAsync(916)) - s9@group-BDFE845AF3B0: receive client request(RaftClientRequest:client-B560D4AECF7B->s9@group-BDFE845AF3B0, cid=6257, seq=null, RW, Message:01016300)
2024-10-09 04:29:56,583 DEBUG server.RaftServer$Division (LeaderStateImpl.java:addPendingRequest(529)) - s9@group-BDFE845AF3B0-LeaderStateImpl: addPendingRequest at RaftClientRequest:client-B560D4AECF7B->s9@group-BDFE845AF3B0, cid=6257, seq=null, RW, Message:01016300, entry=(t:1, i:83), STATEMACHINELOGENTRY, WRITE: logData.size=4, stateMachineData.size=0, logEntryProtoSerializedSize=0
2024-10-09 04:29:56,583 DEBUG server.RaftServer$Division (RaftServerImpl.java:logAppendEntries(1545)) - s7@group-BDFE845AF3B0: appendEntries* reply s9<-s7#6255:OK-t1,SUCCESS,nextIndex=83,followerCommit=81,matchIndex=82
2024-10-09 04:29:56,583 DEBUG server.RaftServer$Division (RaftServerImpl.java:logAppendEntries(1545)) - s8@group-BDFE845AF3B0: appendEntries* reply s9<-s8#6256:OK-t1,SUCCESS,nextIndex=83,followerCommit=81,matchIndex=82
2024-10-09 04:29:56,584 DEBUG server.RaftServer$Division (RaftServerImpl.java:logAppendEntries(1545)) - s7@group-BDFE845AF3B0: appendEntries* s9->s7#6258-t1,previous=(t:1, i:82),leaderCommit=82,initializing? false,entries: size=1, first=(t:1, i:83), STATEMACHINELOGENTRY, StateMachineLogEntryProto:6257@client-B560D4AECF7B
2024-10-09 04:29:56,584 DEBUG server.RaftServer$Division (RaftServerImpl.java:logAppendEntries(1545)) - s8@group-BDFE845AF3B0: appendEntries* s9->s8#6263-t1,previous=(t:1, i:82),leaderCommit=82,initializing? false,entries: size=1, first=(t:1, i:83), STATEMACHINELOGENTRY, StateMachineLogEntryProto:6257@client-B560D4AECF7B
2024-10-09 04:29:56,584 DEBUG server.RaftServer$Division (RaftServerImpl.java:logAppendEntries(1545)) - s7@group-BDFE845AF3B0: appendEntries* reply s9<-s7#6258:OK-t1,SUCCESS,nextIndex=84,followerCommit=82,matchIndex=83
2024-10-09 04:29:56,584 DEBUG server.RaftServer$Division (RaftServerImpl.java:logAppendEntries(1545)) - s8@group-BDFE845AF3B0: appendEntries* reply s9<-s8#6263:OK-t1,SUCCESS,nextIndex=84,followerCommit=82,matchIndex=83
2024-10-09 04:29:56,585 INFO  statemachine.StateMachine (ArithmeticStateMachine.java:applyTransaction(181)) - LEADER:s9-83: c = null = null
2024-10-09 04:29:56,585 DEBUG server.RaftServer$Division (RaftServerImpl.java:logAppendEntries(1545)) - s7@group-BDFE845AF3B0: appendEntries* s9->s7#6264-t1,previous=(t:1, i:83),leaderCommit=83,initializing? false,entries: size=1, first=(t:1, i:84), METADATAENTRY(c:83)
2024-10-09 04:29:56,585 DEBUG server.RaftServer$Division (RaftServerImpl.java:submitClientRequestAsync(916)) - s9@group-BDFE845AF3B0: receive client request(RaftClientRequest:client-B560D4AECF7B->s9@group-BDFE845AF3B0, cid=6266, seq=null, RW, Message:01016102405840000000...(size=12))
2024-10-09 04:29:56,585 DEBUG server.RaftServer$Division (RaftServerImpl.java:logAppendEntries(1545)) - s8@group-BDFE845AF3B0: appendEntries* s9->s8#6265-t1,previous=(t:1, i:83),leaderCommit=83,initializing? false,entries: size=1, first=(t:1, i:84), METADATAENTRY(c:83)
2024-10-09 04:29:56,585 DEBUG server.RaftServer$Division (LeaderStateImpl.java:addPendingRequest(529)) - s9@group-BDFE845AF3B0-LeaderStateImpl: addPendingRequest at RaftClientRequest:client-B560D4AECF7B->s9@group-BDFE845AF3B0, cid=6266, seq=null, RW, Message:01016102405840000000...(size=12), entry=(t:1, i:85), STATEMACHINELOGENTRY, WRITE: logData.size=12, stateMachineData.size=0, logEntryProtoSerializedSize=0
2024-10-09 04:29:56,586 DEBUG server.RaftServer$Division (RaftServerImpl.java:logAppendEntries(1545)) - s8@group-BDFE845AF3B0: appendEntries* reply s9<-s8#6265:OK-t1,SUCCESS,nextIndex=85,followerCommit=83,matchIndex=84
2024-10-09 04:29:56,586 DEBUG server.RaftServer$Division (RaftServerImpl.java:logAppendEntries(1545)) - s7@group-BDFE845AF3B0: appendEntries* reply s9<-s7#6264:OK-t1,SUCCESS,nextIndex=85,followerCommit=83,matchIndex=84
2024-10-09 04:29:56,586 DEBUG server.RaftServer$Division (RaftServerImpl.java:logAppendEntries(1545)) - s7@group-BDFE845AF3B0: appendEntries* s9->s7#6268-t1,previous=(t:1, i:84),leaderCommit=84,initializing? false,entries: size=1, first=(t:1, i:85), STATEMACHINELOGENTRY, StateMachineLogEntryProto:6266@client-B560D4AECF7B
2024-10-09 04:29:56,587 DEBUG server.RaftServer$Division (RaftServerImpl.java:logAppendEntries(1545)) - s8@group-BDFE845AF3B0: appendEntries* s9->s8#6267-t1,previous=(t:1, i:84),leaderCommit=84,initializing? false,entries: size=1, first=(t:1, i:85), STATEMACHINELOGENTRY, StateMachineLogEntryProto:6266@client-B560D4AECF7B
2024-10-09 04:29:56,587 DEBUG server.RaftServer$Division (RaftServerImpl.java:logAppendEntries(1545)) - s7@group-BDFE845AF3B0: appendEntries* reply s9<-s7#6268:OK-t1,SUCCESS,nextIndex=86,followerCommit=84,matchIndex=85
2024-10-09 04:29:56,587 DEBUG server.RaftServer$Division (RaftServerImpl.java:logAppendEntries(1545)) - s8@group-BDFE845AF3B0: appendEntries* reply s9<-s8#6267:OK-t1,SUCCESS,nextIndex=86,followerCommit=84,matchIndex=85
2024-10-09 04:29:56,587 INFO  statemachine.StateMachine (ArithmeticStateMachine.java:applyTransaction(181)) - LEADER:s9-85: a = 97 = 97
2024-10-09 04:29:56,587 DEBUG server.RaftServer$Division (RaftServerImpl.java:logAppendEntries(1545)) - s7@group-BDFE845AF3B0: appendEntries* s9->s7#6269-t1,previous=(t:1, i:85),leaderCommit=85,initializing? false,entries: size=1, first=(t:1, i:86), METADATAENTRY(c:85)
2024-10-09 04:29:56,588 DEBUG server.RaftServer$Division (RaftServerImpl.java:logAppendEntries(1545)) - s8@group-BDFE845AF3B0: appendEntries* s9->s8#6270-t1,previous=(t:1, i:85),leaderCommit=85,initializing? false,entries: size=1, first=(t:1, i:86), METADATAENTRY(c:85)
2024-10-09 04:29:56,588 DEBUG server.RaftServer$Division (RaftServerImpl.java:submitClientRequestAsync(916)) - s9@group-BDFE845AF3B0: receive client request(RaftClientRequest:client-B560D4AECF7B->s9@group-BDFE845AF3B0, cid=6271, seq=null, RW, Message:0101620240b260000000...(size=12))
2024-10-09 04:29:56,588 DEBUG server.RaftServer$Division (RaftServerImpl.java:logAppendEntries(1545)) - s8@group-BDFE845AF3B0: appendEntries* reply s9<-s8#6270:OK-t1,SUCCESS,nextIndex=87,followerCommit=85,matchIndex=86
2024-10-09 04:29:56,588 DEBUG server.RaftServer$Division (LeaderStateImpl.java:addPendingRequest(529)) - s9@group-BDFE845AF3B0-LeaderStateImpl: addPendingRequest at RaftClientRequest:client-B560D4AECF7B->s9@group-BDFE845AF3B0, cid=6271, seq=null, RW, Message:0101620240b260000000...(size=12), entry=(t:1, i:87), STATEMACHINELOGENTRY, WRITE: logData.size=12, stateMachineData.size=0, logEntryProtoSerializedSize=0
2024-10-09 04:29:56,588 DEBUG server.RaftServer$Division (RaftServerImpl.java:logAppendEntries(1545)) - s8@group-BDFE845AF3B0: appendEntries* s9->s8#6272-t1,previous=(t:1, i:86),leaderCommit=85,initializing? false,entries: size=1, first=(t:1, i:87), STATEMACHINELOGENTRY, StateMachineLogEntryProto:6271@client-B560D4AECF7B
2024-10-09 04:29:56,588 DEBUG server.RaftServer$Division (RaftServerImpl.java:logAppendEntries(1545)) - s7@group-BDFE845AF3B0: appendEntries* reply s9<-s7#6269:OK-t1,SUCCESS,nextIndex=87,followerCommit=85,matchIndex=86
2024-10-09 04:29:56,589 DEBUG server.RaftServer$Division (RaftServerImpl.java:logAppendEntries(1545)) - s7@group-BDFE845AF3B0: appendEntries* s9->s7#6273-t1,previous=(t:1, i:86),leaderCommit=86,initializing? false,entries: size=1, first=(t:1, i:87), STATEMACHINELOGENTRY, StateMachineLogEntryProto:6271@client-B560D4AECF7B
2024-10-09 04:29:56,589 DEBUG server.RaftServer$Division (RaftServerImpl.java:logAppendEntries(1545)) - s8@group-BDFE845AF3B0: appendEntries* reply s9<-s8#6272:OK-t1,SUCCESS,nextIndex=88,followerCommit=85,matchIndex=87
2024-10-09 04:29:56,590 INFO  statemachine.StateMachine (ArithmeticStateMachine.java:applyTransaction(181)) - LEADER:s9-87: b = 4704 = 4704
2024-10-09 04:29:56,590 DEBUG server.RaftServer$Division (RaftServerImpl.java:logAppendEntries(1545)) - s7@group-BDFE845AF3B0: appendEntries* reply s9<-s7#6273:OK-t1,SUCCESS,nextIndex=88,followerCommit=86,matchIndex=87
2024-10-09 04:29:56,590 DEBUG server.RaftServer$Division (RaftServerImpl.java:logAppendEntries(1545)) - s7@group-BDFE845AF3B0: appendEntries* s9->s7#6275-t1,previous=(t:1, i:87),leaderCommit=87,initializing? false,entries: size=1, first=(t:1, i:88), METADATAENTRY(c:87)
2024-10-09 04:29:56,590 DEBUG server.RaftServer$Division (RaftServerImpl.java:logAppendEntries(1545)) - s8@group-BDFE845AF3B0: appendEntries* s9->s8#6274-t1,previous=(t:1, i:87),leaderCommit=87,initializing? false,entries: size=1, first=(t:1, i:88), METADATAENTRY(c:87)
2024-10-09 04:29:56,591 DEBUG server.RaftServer$Division (RaftServerImpl.java:submitClientRequestAsync(916)) - s9@group-BDFE845AF3B0: receive client request(RaftClientRequest:client-B560D4AECF7B->s9@group-BDFE845AF3B0, cid=6276, seq=null, RW, Message:01016304010300040201...(size=17))
2024-10-09 04:29:56,591 DEBUG server.RaftServer$Division (LeaderStateImpl.java:addPendingRequest(529)) - s9@group-BDFE845AF3B0-LeaderStateImpl: addPendingRequest at RaftClientRequest:client-B560D4AECF7B->s9@group-BDFE845AF3B0, cid=6276, seq=null, RW, Message:01016304010300040201...(size=17), entry=(t:1, i:89), STATEMACHINELOGENTRY, WRITE: logData.size=17, stateMachineData.size=0, logEntryProtoSerializedSize=0
2024-10-09 04:29:56,591 DEBUG server.RaftServer$Division (RaftServerImpl.java:logAppendEntries(1545)) - s7@group-BDFE845AF3B0: appendEntries* reply s9<-s7#6275:OK-t1,SUCCESS,nextIndex=89,followerCommit=87,matchIndex=88
2024-10-09 04:29:56,591 DEBUG server.RaftServer$Division (RaftServerImpl.java:logAppendEntries(1545)) - s8@group-BDFE845AF3B0: appendEntries* reply s9<-s8#6274:OK-t1,SUCCESS,nextIndex=89,followerCommit=87,matchIndex=88
2024-10-09 04:29:56,592 DEBUG server.RaftServer$Division (RaftServerImpl.java:logAppendEntries(1545)) - s7@group-BDFE845AF3B0: appendEntries* s9->s7#6279-t1,previous=(t:1, i:88),leaderCommit=88,initializing? false,entries: size=1, first=(t:1, i:89), STATEMACHINELOGENTRY, StateMachineLogEntryProto:6276@client-B560D4AECF7B
2024-10-09 04:29:56,592 DEBUG server.RaftServer$Division (RaftServerImpl.java:logAppendEntries(1545)) - s7@group-BDFE845AF3B0: appendEntries* reply s9<-s7#6279:OK-t1,SUCCESS,nextIndex=90,followerCommit=88,matchIndex=89
2024-10-09 04:29:56,592 DEBUG server.RaftServer$Division (RaftServerImpl.java:logAppendEntries(1545)) - s8@group-BDFE845AF3B0: appendEntries* s9->s8#6280-t1,previous=(t:1, i:88),leaderCommit=88,initializing? false,entries: size=1, first=(t:1, i:89), STATEMACHINELOGENTRY, StateMachineLogEntryProto:6276@client-B560D4AECF7B
2024-10-09 04:29:56,593 INFO  statemachine.StateMachine (ArithmeticStateMachine.java:applyTransaction(181)) - LEADER:s9-89: c = √(a^2 + b^2) = 4705
2024-10-09 04:29:56,593 DEBUG server.RaftServer$Division (RaftServerImpl.java:logAppendEntries(1545)) - s8@group-BDFE845AF3B0: appendEntries* reply s9<-s8#6280:OK-t1,SUCCESS,nextIndex=90,followerCommit=88,matchIndex=89
2024-10-09 04:29:56,593 DEBUG server.RaftServer$Division (RaftServerImpl.java:logAppendEntries(1545)) - s7@group-BDFE845AF3B0: appendEntries* s9->s7#6281-t1,previous=(t:1, i:89),leaderCommit=89,initializing? false,entries: size=1, first=(t:1, i:90), METADATAENTRY(c:89)
2024-10-09 04:29:56,593 DEBUG server.RaftServer$Division (RaftServerImpl.java:submitClientRequestAsync(916)) - s9@group-BDFE845AF3B0: receive client request(RaftClientRequest:client-B560D4AECF7B->s9@group-BDFE845AF3B0, cid=6282, seq=null, RW, Message:01016100)
2024-10-09 04:29:56,593 DEBUG server.RaftServer$Division (RaftServerImpl.java:logAppendEntries(1545)) - s8@group-BDFE845AF3B0: appendEntries* s9->s8#6283-t1,previous=(t:1, i:89),leaderCommit=89,initializing? false,entries: size=1, first=(t:1, i:90), METADATAENTRY(c:89)
2024-10-09 04:29:56,593 DEBUG server.RaftServer$Division (RaftServerImpl.java:logAppendEntries(1545)) - s7@group-BDFE845AF3B0: appendEntries* reply s9<-s7#6281:OK-t1,SUCCESS,nextIndex=91,followerCommit=89,matchIndex=90
2024-10-09 04:29:56,594 DEBUG server.RaftServer$Division (LeaderStateImpl.java:addPendingRequest(529)) - s9@group-BDFE845AF3B0-LeaderStateImpl: addPendingRequest at RaftClientRequest:client-B560D4AECF7B->s9@group-BDFE845AF3B0, cid=6282, seq=null, RW, Message:01016100, entry=(t:1, i:91), STATEMACHINELOGENTRY, WRITE: logData.size=4, stateMachineData.size=0, logEntryProtoSerializedSize=0
2024-10-09 04:29:56,594 DEBUG server.RaftServer$Division (RaftServerImpl.java:logAppendEntries(1545)) - s7@group-BDFE845AF3B0: appendEntries* s9->s7#6284-t1,previous=(t:1, i:90),leaderCommit=89,initializing? false,entries: size=1, first=(t:1, i:91), STATEMACHINELOGENTRY, StateMachineLogEntryProto:6282@client-B560D4AECF7B
2024-10-09 04:29:56,594 DEBUG server.RaftServer$Division (RaftServerImpl.java:logAppendEntries(1545)) - s7@group-BDFE845AF3B0: appendEntries* reply s9<-s7#6284:OK-t1,SUCCESS,nextIndex=92,followerCommit=89,matchIndex=91
2024-10-09 04:29:56,594 DEBUG server.RaftServer$Division (RaftServerImpl.java:logAppendEntries(1545)) - s8@group-BDFE845AF3B0: appendEntries* reply s9<-s8#6283:OK-t1,SUCCESS,nextIndex=91,followerCommit=89,matchIndex=90
2024-10-09 04:29:56,595 INFO  statemachine.StateMachine (ArithmeticStateMachine.java:applyTransaction(181)) - LEADER:s9-91: a = null = null
2024-10-09 04:29:56,595 DEBUG server.RaftServer$Division (RaftServerImpl.java:logAppendEntries(1545)) - s7@group-BDFE845AF3B0: appendEntries* s9->s7#6286-t1,previous=(t:1, i:91),leaderCommit=91,initializing? false,entries: size=1, first=(t:1, i:92), METADATAENTRY(c:91)
2024-10-09 04:29:56,595 DEBUG server.RaftServer$Division (RaftServerImpl.java:logAppendEntries(1545)) - s8@group-BDFE845AF3B0: appendEntries* s9->s8#6285-t1,previous=(t:1, i:90),leaderCommit=91,initializing? false,entries: size=2, first=(t:1, i:91), STATEMACHINELOGENTRY, StateMachineLogEntryProto:6282@client-B560D4AECF7B
2024-10-09 04:29:56,595 DEBUG server.RaftServer$Division (RaftServerImpl.java:submitClientRequestAsync(916)) - s9@group-BDFE845AF3B0: receive client request(RaftClientRequest:client-B560D4AECF7B->s9@group-BDFE845AF3B0, cid=6287, seq=null, RW, Message:01016200)
2024-10-09 04:29:56,595 DEBUG server.RaftServer$Division (LeaderStateImpl.java:addPendingRequest(529)) - s9@group-BDFE845AF3B0-LeaderStateImpl: addPendingRequest at RaftClientRequest:client-B560D4AECF7B->s9@group-BDFE845AF3B0, cid=6287, seq=null, RW, Message:01016200, entry=(t:1, i:93), STATEMACHINELOGENTRY, WRITE: logData.size=4, stateMachineData.size=0, logEntryProtoSerializedSize=0
2024-10-09 04:29:56,596 DEBUG server.RaftServer$Division (RaftServerImpl.java:logAppendEntries(1545)) - s7@group-BDFE845AF3B0: appendEntries* reply s9<-s7#6286:OK-t1,SUCCESS,nextIndex=93,followerCommit=91,matchIndex=92
2024-10-09 04:29:56,596 DEBUG server.RaftServer$Division (RaftServerImpl.java:logAppendEntries(1545)) - s8@group-BDFE845AF3B0: appendEntries* reply s9<-s8#6285:OK-t1,SUCCESS,nextIndex=93,followerCommit=91,matchIndex=92
2024-10-09 04:29:56,596 DEBUG server.RaftServer$Division (RaftServerImpl.java:logAppendEntries(1545)) - s7@group-BDFE845AF3B0: appendEntries* s9->s7#6290-t1,previous=(t:1, i:92),leaderCommit=92,initializing? false,entries: size=1, first=(t:1, i:93), STATEMACHINELOGENTRY, StateMachineLogEntryProto:6287@client-B560D4AECF7B
2024-10-09 04:29:56,597 DEBUG server.RaftServer$Division (RaftServerImpl.java:logAppendEntries(1545)) - s8@group-BDFE845AF3B0: appendEntries* s9->s8#6291-t1,previous=(t:1, i:92),leaderCommit=92,initializing? false,entries: size=1, first=(t:1, i:93), STATEMACHINELOGENTRY, StateMachineLogEntryProto:6287@client-B560D4AECF7B
2024-10-09 04:29:56,597 DEBUG server.RaftServer$Division (RaftServerImpl.java:logAppendEntries(1545)) - s7@group-BDFE845AF3B0: appendEntries* reply s9<-s7#6290:OK-t1,SUCCESS,nextIndex=94,followerCommit=92,matchIndex=93
2024-10-09 04:29:56,597 DEBUG server.RaftServer$Division (RaftServerImpl.java:logAppendEntries(1545)) - s8@group-BDFE845AF3B0: appendEntries* reply s9<-s8#6291:OK-t1,SUCCESS,nextIndex=94,followerCommit=92,matchIndex=93
2024-10-09 04:29:56,597 INFO  statemachine.StateMachine (ArithmeticStateMachine.java:applyTransaction(181)) - LEADER:s9-93: b = null = null
2024-10-09 04:29:56,598 DEBUG server.RaftServer$Division (RaftServerImpl.java:logAppendEntries(1545)) - s7@group-BDFE845AF3B0: appendEntries* s9->s7#6292-t1,previous=(t:1, i:93),leaderCommit=93,initializing? false,entries: size=1, first=(t:1, i:94), METADATAENTRY(c:93)
2024-10-09 04:29:56,598 DEBUG server.RaftServer$Division (RaftServerImpl.java:submitClientRequestAsync(916)) - s9@group-BDFE845AF3B0: receive client request(RaftClientRequest:client-B560D4AECF7B->s9@group-BDFE845AF3B0, cid=6294, seq=null, RW, Message:01016300)
2024-10-09 04:29:56,598 DEBUG server.RaftServer$Division (RaftServerImpl.java:logAppendEntries(1545)) - s8@group-BDFE845AF3B0: appendEntries* s9->s8#6293-t1,previous=(t:1, i:93),leaderCommit=93,initializing? false,entries: size=1, first=(t:1, i:94), METADATAENTRY(c:93)
2024-10-09 04:29:56,598 DEBUG server.RaftServer$Division (LeaderStateImpl.java:addPendingRequest(529)) - s9@group-BDFE845AF3B0-LeaderStateImpl: addPendingRequest at RaftClientRequest:client-B560D4AECF7B->s9@group-BDFE845AF3B0, cid=6294, seq=null, RW, Message:01016300, entry=(t:1, i:95), STATEMACHINELOGENTRY, WRITE: logData.size=4, stateMachineData.size=0, logEntryProtoSerializedSize=0
2024-10-09 04:29:56,598 DEBUG server.RaftServer$Division (RaftServerImpl.java:logAppendEntries(1545)) - s7@group-BDFE845AF3B0: appendEntries* reply s9<-s7#6292:OK-t1,SUCCESS,nextIndex=95,followerCommit=93,matchIndex=94
2024-10-09 04:29:56,599 DEBUG server.RaftServer$Division (RaftServerImpl.java:logAppendEntries(1545)) - s8@group-BDFE845AF3B0: appendEntries* reply s9<-s8#6293:OK-t1,SUCCESS,nextIndex=95,followerCommit=93,matchIndex=94
2024-10-09 04:29:56,599 DEBUG server.RaftServer$Division (RaftServerImpl.java:logAppendEntries(1545)) - s7@group-BDFE845AF3B0: appendEntries* s9->s7#6295-t1,previous=(t:1, i:94),leaderCommit=93,initializing? false,entries: size=1, first=(t:1, i:95), STATEMACHINELOGENTRY, StateMachineLogEntryProto:6294@client-B560D4AECF7B
2024-10-09 04:29:56,599 DEBUG server.RaftServer$Division (RaftServerImpl.java:logAppendEntries(1545)) - s8@group-BDFE845AF3B0: appendEntries* s9->s8#6296-t1,previous=(t:1, i:94),leaderCommit=94,initializing? false,entries: size=1, first=(t:1, i:95), STATEMACHINELOGENTRY, StateMachineLogEntryProto:6294@client-B560D4AECF7B
2024-10-09 04:29:56,600 DEBUG server.RaftServer$Division (RaftServerImpl.java:logAppendEntries(1545)) - s7@group-BDFE845AF3B0: appendEntries* reply s9<-s7#6295:OK-t1,SUCCESS,nextIndex=96,followerCommit=93,matchIndex=95
2024-10-09 04:29:56,600 DEBUG server.RaftServer$Division (RaftServerImpl.java:logAppendEntries(1545)) - s8@group-BDFE845AF3B0: appendEntries* reply s9<-s8#6296:OK-t1,SUCCESS,nextIndex=96,followerCommit=94,matchIndex=95
2024-10-09 04:29:56,600 INFO  statemachine.StateMachine (ArithmeticStateMachine.java:applyTransaction(181)) - LEADER:s9-95: c = null = null
2024-10-09 04:29:56,600 DEBUG server.RaftServer$Division (RaftServerImpl.java:logAppendEntries(1545)) - s7@group-BDFE845AF3B0: appendEntries* s9->s7#6297-t1,previous=(t:1, i:95),leaderCommit=95,initializing? false,entries: size=1, first=(t:1, i:96), METADATAENTRY(c:95)
2024-10-09 04:29:56,600 DEBUG server.RaftServer$Division (RaftServerImpl.java:logAppendEntries(1545)) - s8@group-BDFE845AF3B0: appendEntries* s9->s8#6298-t1,previous=(t:1, i:95),leaderCommit=95,initializing? false,entries: size=1, first=(t:1, i:96), METADATAENTRY(c:95)
2024-10-09 04:29:56,600 DEBUG server.RaftServer$Division (RaftServerImpl.java:submitClientRequestAsync(916)) - s9@group-BDFE845AF3B0: receive client request(RaftClientRequest:client-B560D4AECF7B->s9@group-BDFE845AF3B0, cid=6299, seq=null, RW, Message:010161024058c0000000...(size=12))
2024-10-09 04:29:56,601 DEBUG server.RaftServer$Division (LeaderStateImpl.java:addPendingRequest(529)) - s9@group-BDFE845AF3B0-LeaderStateImpl: addPendingRequest at RaftClientRequest:client-B560D4AECF7B->s9@group-BDFE845AF3B0, cid=6299, seq=null, RW, Message:010161024058c0000000...(size=12), entry=(t:1, i:97), STATEMACHINELOGENTRY, WRITE: logData.size=12, stateMachineData.size=0, logEntryProtoSerializedSize=0
2024-10-09 04:29:56,601 DEBUG server.RaftServer$Division (RaftServerImpl.java:logAppendEntries(1545)) - s7@group-BDFE845AF3B0: appendEntries* reply s9<-s7#6297:OK-t1,SUCCESS,nextIndex=97,followerCommit=95,matchIndex=96
2024-10-09 04:29:56,601 DEBUG server.RaftServer$Division (RaftServerImpl.java:logAppendEntries(1545)) - s8@group-BDFE845AF3B0: appendEntries* reply s9<-s8#6298:OK-t1,SUCCESS,nextIndex=97,followerCommit=95,matchIndex=96
2024-10-09 04:29:56,602 DEBUG server.RaftServer$Division (RaftServerImpl.java:logAppendEntries(1545)) - s7@group-BDFE845AF3B0: appendEntries* s9->s7#6300-t1,previous=(t:1, i:96),leaderCommit=96,initializing? false,entries: size=1, first=(t:1, i:97), STATEMACHINELOGENTRY, StateMachineLogEntryProto:6299@client-B560D4AECF7B
2024-10-09 04:29:56,602 DEBUG server.RaftServer$Division (RaftServerImpl.java:logAppendEntries(1545)) - s8@group-BDFE845AF3B0: appendEntries* s9->s8#6301-t1,previous=(t:1, i:96),leaderCommit=96,initializing? false,entries: size=1, first=(t:1, i:97), STATEMACHINELOGENTRY, StateMachineLogEntryProto:6299@client-B560D4AECF7B
2024-10-09 04:29:56,602 DEBUG server.RaftServer$Division (RaftServerImpl.java:logAppendEntries(1545)) - s7@group-BDFE845AF3B0: appendEntries* reply s9<-s7#6300:OK-t1,SUCCESS,nextIndex=98,followerCommit=96,matchIndex=97
2024-10-09 04:29:56,602 DEBUG server.RaftServer$Division (RaftServerImpl.java:logAppendEntries(1545)) - s8@group-BDFE845AF3B0: appendEntries* reply s9<-s8#6301:OK-t1,SUCCESS,nextIndex=98,followerCommit=96,matchIndex=97
2024-10-09 04:29:56,602 INFO  statemachine.StateMachine (ArithmeticStateMachine.java:applyTransaction(181)) - LEADER:s9-97: a = 99 = 99
2024-10-09 04:29:56,603 DEBUG server.RaftServer$Division (RaftServerImpl.java:logAppendEntries(1545)) - s7@group-BDFE845AF3B0: appendEntries* s9->s7#6302-t1,previous=(t:1, i:97),leaderCommit=97,initializing? false,entries: size=1, first=(t:1, i:98), METADATAENTRY(c:97)
2024-10-09 04:29:56,603 DEBUG server.RaftServer$Division (RaftServerImpl.java:submitClientRequestAsync(916)) - s9@group-BDFE845AF3B0: receive client request(RaftClientRequest:client-B560D4AECF7B->s9@group-BDFE845AF3B0, cid=6304, seq=null, RW, Message:0101620240b324000000...(size=12))
2024-10-09 04:29:56,603 DEBUG server.RaftServer$Division (RaftServerImpl.java:logAppendEntries(1545)) - s8@group-BDFE845AF3B0: appendEntries* s9->s8#6303-t1,previous=(t:1, i:97),leaderCommit=97,initializing? false,entries: size=1, first=(t:1, i:98), METADATAENTRY(c:97)
2024-10-09 04:29:56,603 DEBUG server.RaftServer$Division (LeaderStateImpl.java:addPendingRequest(529)) - s9@group-BDFE845AF3B0-LeaderStateImpl: addPendingRequest at RaftClientRequest:client-B560D4AECF7B->s9@group-BDFE845AF3B0, cid=6304, seq=null, RW, Message:0101620240b324000000...(size=12), entry=(t:1, i:99), STATEMACHINELOGENTRY, WRITE: logData.size=12, stateMachineData.size=0, logEntryProtoSerializedSize=0
2024-10-09 04:29:56,604 DEBUG server.RaftServer$Division (RaftServerImpl.java:logAppendEntries(1545)) - s7@group-BDFE845AF3B0: appendEntries* reply s9<-s7#6302:OK-t1,SUCCESS,nextIndex=99,followerCommit=97,matchIndex=98
2024-10-09 04:29:56,604 DEBUG server.RaftServer$Division (RaftServerImpl.java:logAppendEntries(1545)) - s8@group-BDFE845AF3B0: appendEntries* reply s9<-s8#6303:OK-t1,SUCCESS,nextIndex=99,followerCommit=97,matchIndex=98
2024-10-09 04:29:56,604 DEBUG server.RaftServer$Division (RaftServerImpl.java:logAppendEntries(1545)) - s7@group-BDFE845AF3B0: appendEntries* s9->s7#6305-t1,previous=(t:1, i:98),leaderCommit=97,initializing? false,entries: size=1, first=(t:1, i:99), STATEMACHINELOGENTRY, StateMachineLogEntryProto:6304@client-B560D4AECF7B
2024-10-09 04:29:56,604 DEBUG server.RaftServer$Division (RaftServerImpl.java:logAppendEntries(1545)) - s8@group-BDFE845AF3B0: appendEntries* s9->s8#6306-t1,previous=(t:1, i:98),leaderCommit=98,initializing? false,entries: size=1, first=(t:1, i:99), STATEMACHINELOGENTRY, StateMachineLogEntryProto:6304@client-B560D4AECF7B
2024-10-09 04:29:56,605 DEBUG server.RaftServer$Division (RaftServerImpl.java:logAppendEntries(1545)) - s7@group-BDFE845AF3B0: appendEntries* reply s9<-s7#6305:OK-t1,SUCCESS,nextIndex=100,followerCommit=97,matchIndex=99
2024-10-09 04:29:56,605 DEBUG server.RaftServer$Division (RaftServerImpl.java:logAppendEntries(1545)) - s8@group-BDFE845AF3B0: appendEntries* reply s9<-s8#6306:OK-t1,SUCCESS,nextIndex=100,followerCommit=98,matchIndex=99
2024-10-09 04:29:56,605 INFO  statemachine.StateMachine (ArithmeticStateMachine.java:applyTransaction(181)) - LEADER:s9-99: b = 4900 = 4900
2024-10-09 04:29:56,605 DEBUG server.RaftServer$Division (RaftServerImpl.java:logAppendEntries(1545)) - s7@group-BDFE845AF3B0: appendEntries* s9->s7#6307-t1,previous=(t:1, i:99),leaderCommit=99,initializing? false,entries: size=1, first=(t:1, i:100), METADATAENTRY(c:99)
2024-10-09 04:29:56,606 DEBUG server.RaftServer$Division (RaftServerImpl.java:submitClientRequestAsync(916)) - s9@group-BDFE845AF3B0: receive client request(RaftClientRequest:client-B560D4AECF7B->s9@group-BDFE845AF3B0, cid=6309, seq=null, RW, Message:01016304010300040201...(size=17))
2024-10-09 04:29:56,606 DEBUG server.RaftServer$Division (RaftServerImpl.java:logAppendEntries(1545)) - s7@group-BDFE845AF3B0: appendEntries* reply s9<-s7#6307:OK-t1,SUCCESS,nextIndex=101,followerCommit=99,matchIndex=100
2024-10-09 04:29:56,606 DEBUG server.RaftServer$Division (RaftServerImpl.java:logAppendEntries(1545)) - s8@group-BDFE845AF3B0: appendEntries* s9->s8#6308-t1,previous=(t:1, i:99),leaderCommit=99,initializing? false,entries: size=1, first=(t:1, i:100), METADATAENTRY(c:99)
2024-10-09 04:29:56,606 DEBUG server.RaftServer$Division (LeaderStateImpl.java:addPendingRequest(529)) - s9@group-BDFE845AF3B0-LeaderStateImpl: addPendingRequest at RaftClientRequest:client-B560D4AECF7B->s9@group-BDFE845AF3B0, cid=6309, seq=null, RW, Message:01016304010300040201...(size=17), entry=(t:1, i:101), STATEMACHINELOGENTRY, WRITE: logData.size=17, stateMachineData.size=0, logEntryProtoSerializedSize=0
2024-10-09 04:29:56,606 DEBUG server.RaftServer$Division (RaftServerImpl.java:logAppendEntries(1545)) - s7@group-BDFE845AF3B0: appendEntries* s9->s7#6310-t1,previous=(t:1, i:100),leaderCommit=99,initializing? false,entries: size=1, first=(t:1, i:101), STATEMACHINELOGENTRY, StateMachineLogEntryProto:6309@client-B560D4AECF7B
2024-10-09 04:29:56,606 DEBUG server.RaftServer$Division (RaftServerImpl.java:logAppendEntries(1545)) - s8@group-BDFE845AF3B0: appendEntries* reply s9<-s8#6308:OK-t1,SUCCESS,nextIndex=101,followerCommit=99,matchIndex=100
2024-10-09 04:29:56,607 DEBUG server.RaftServer$Division (RaftServerImpl.java:logAppendEntries(1545)) - s8@group-BDFE845AF3B0: appendEntries* s9->s8#6311-t1,previous=(t:1, i:100),leaderCommit=100,initializing? false,entries: size=1, first=(t:1, i:101), STATEMACHINELOGENTRY, StateMachineLogEntryProto:6309@client-B560D4AECF7B
2024-10-09 04:29:56,608 DEBUG server.RaftServer$Division (RaftServerImpl.java:logAppendEntries(1545)) - s7@group-BDFE845AF3B0: appendEntries* reply s9<-s7#6310:OK-t1,SUCCESS,nextIndex=102,followerCommit=99,matchIndex=101
2024-10-09 04:29:56,608 DEBUG server.RaftServer$Division (RaftServerImpl.java:logAppendEntries(1545)) - s8@group-BDFE845AF3B0: appendEntries* reply s9<-s8#6311:OK-t1,SUCCESS,nextIndex=102,followerCommit=100,matchIndex=101
2024-10-09 04:29:56,608 INFO  statemachine.StateMachine (ArithmeticStateMachine.java:applyTransaction(181)) - LEADER:s9-101: c = √(a^2 + b^2) = 4901
2024-10-09 04:29:56,609 DEBUG server.RaftServer$Division (RaftServerImpl.java:logAppendEntries(1545)) - s8@group-BDFE845AF3B0: appendEntries* s9->s8#6313-t1,previous=(t:1, i:101),leaderCommit=101,initializing? false,entries: size=1, first=(t:1, i:102), METADATAENTRY(c:101)
2024-10-09 04:29:56,609 DEBUG server.RaftServer$Division (RaftServerImpl.java:logAppendEntries(1545)) - s7@group-BDFE845AF3B0: appendEntries* s9->s7#6312-t1,previous=(t:1, i:101),leaderCommit=101,initializing? false,entries: size=1, first=(t:1, i:102), METADATAENTRY(c:101)
2024-10-09 04:29:56,609 DEBUG server.RaftServer$Division (RaftServerImpl.java:logAppendEntries(1545)) - s8@group-BDFE845AF3B0: appendEntries* reply s9<-s8#6313:OK-t1,SUCCESS,nextIndex=103,followerCommit=101,matchIndex=102
2024-10-09 04:29:56,609 DEBUG server.RaftServer$Division (RaftServerImpl.java:submitClientRequestAsync(916)) - s9@group-BDFE845AF3B0: receive client request(RaftClientRequest:client-B560D4AECF7B->s9@group-BDFE845AF3B0, cid=6314, seq=null, RW, Message:01016100)
2024-10-09 04:29:56,609 DEBUG server.RaftServer$Division (LeaderStateImpl.java:addPendingRequest(529)) - s9@group-BDFE845AF3B0-LeaderStateImpl: addPendingRequest at RaftClientRequest:client-B560D4AECF7B->s9@group-BDFE845AF3B0, cid=6314, seq=null, RW, Message:01016100, entry=(t:1, i:103), STATEMACHINELOGENTRY, WRITE: logData.size=4, stateMachineData.size=0, logEntryProtoSerializedSize=0
2024-10-09 04:29:56,610 DEBUG server.RaftServer$Division (RaftServerImpl.java:logAppendEntries(1545)) - s7@group-BDFE845AF3B0: appendEntries* reply s9<-s7#6312:OK-t1,SUCCESS,nextIndex=103,followerCommit=101,matchIndex=102
2024-10-09 04:29:56,610 DEBUG server.RaftServer$Division (RaftServerImpl.java:logAppendEntries(1545)) - s8@group-BDFE845AF3B0: appendEntries* s9->s8#6315-t1,previous=(t:1, i:102),leaderCommit=102,initializing? false,entries: size=1, first=(t:1, i:103), STATEMACHINELOGENTRY, StateMachineLogEntryProto:6314@client-B560D4AECF7B
2024-10-09 04:29:56,610 DEBUG server.RaftServer$Division (RaftServerImpl.java:logAppendEntries(1545)) - s7@group-BDFE845AF3B0: appendEntries* s9->s7#6316-t1,previous=(t:1, i:102),leaderCommit=102,initializing? false,entries: size=1, first=(t:1, i:103), STATEMACHINELOGENTRY, StateMachineLogEntryProto:6314@client-B560D4AECF7B
2024-10-09 04:29:56,610 DEBUG server.RaftServer$Division (RaftServerImpl.java:logAppendEntries(1545)) - s8@group-BDFE845AF3B0: appendEntries* reply s9<-s8#6315:OK-t1,SUCCESS,nextIndex=104,followerCommit=102,matchIndex=103
2024-10-09 04:29:56,611 DEBUG server.RaftServer$Division (RaftServerImpl.java:logAppendEntries(1545)) - s7@group-BDFE845AF3B0: appendEntries* reply s9<-s7#6316:OK-t1,SUCCESS,nextIndex=104,followerCommit=102,matchIndex=103
2024-10-09 04:29:56,611 INFO  statemachine.StateMachine (ArithmeticStateMachine.java:applyTransaction(181)) - LEADER:s9-103: a = null = null
2024-10-09 04:29:56,611 DEBUG server.RaftServer$Division (RaftServerImpl.java:submitClientRequestAsync(916)) - s9@group-BDFE845AF3B0: receive client request(RaftClientRequest:client-B560D4AECF7B->s9@group-BDFE845AF3B0, cid=6318, seq=null, RW, Message:01016200)
2024-10-09 04:29:56,611 DEBUG server.RaftServer$Division (RaftServerImpl.java:logAppendEntries(1545)) - s7@group-BDFE845AF3B0: appendEntries* s9->s7#6319-t1,previous=(t:1, i:103),leaderCommit=103,initializing? false,entries: size=1, first=(t:1, i:104), METADATAENTRY(c:103)
2024-10-09 04:29:56,611 DEBUG server.RaftServer$Division (RaftServerImpl.java:logAppendEntries(1545)) - s8@group-BDFE845AF3B0: appendEntries* s9->s8#6317-t1,previous=(t:1, i:103),leaderCommit=103,initializing? false,entries: size=1, first=(t:1, i:104), METADATAENTRY(c:103)
2024-10-09 04:29:56,611 DEBUG server.RaftServer$Division (LeaderStateImpl.java:addPendingRequest(529)) - s9@group-BDFE845AF3B0-LeaderStateImpl: addPendingRequest at RaftClientRequest:client-B560D4AECF7B->s9@group-BDFE845AF3B0, cid=6318, seq=null, RW, Message:01016200, entry=(t:1, i:105), STATEMACHINELOGENTRY, WRITE: logData.size=4, stateMachineData.size=0, logEntryProtoSerializedSize=0
2024-10-09 04:29:56,612 DEBUG server.RaftServer$Division (RaftServerImpl.java:logAppendEntries(1545)) - s7@group-BDFE845AF3B0: appendEntries* reply s9<-s7#6319:OK-t1,SUCCESS,nextIndex=105,followerCommit=103,matchIndex=104
2024-10-09 04:29:56,612 DEBUG server.RaftServer$Division (RaftServerImpl.java:logAppendEntries(1545)) - s8@group-BDFE845AF3B0: appendEntries* reply s9<-s8#6317:OK-t1,SUCCESS,nextIndex=105,followerCommit=103,matchIndex=104
2024-10-09 04:29:56,612 DEBUG server.RaftServer$Division (RaftServerImpl.java:logAppendEntries(1545)) - s7@group-BDFE845AF3B0: appendEntries* s9->s7#6320-t1,previous=(t:1, i:104),leaderCommit=103,initializing? false,entries: size=1, first=(t:1, i:105), STATEMACHINELOGENTRY, StateMachineLogEntryProto:6318@client-B560D4AECF7B
2024-10-09 04:29:56,612 DEBUG server.RaftServer$Division (RaftServerImpl.java:logAppendEntries(1545)) - s8@group-BDFE845AF3B0: appendEntries* s9->s8#6321-t1,previous=(t:1, i:104),leaderCommit=103,initializing? false,entries: size=1, first=(t:1, i:105), STATEMACHINELOGENTRY, StateMachineLogEntryProto:6318@client-B560D4AECF7B
2024-10-09 04:29:56,613 DEBUG server.RaftServer$Division (RaftServerImpl.java:logAppendEntries(1545)) - s7@group-BDFE845AF3B0: appendEntries* reply s9<-s7#6320:OK-t1,SUCCESS,nextIndex=106,followerCommit=103,matchIndex=105
2024-10-09 04:29:56,613 DEBUG server.RaftServer$Division (RaftServerImpl.java:logAppendEntries(1545)) - s8@group-BDFE845AF3B0: appendEntries* reply s9<-s8#6321:OK-t1,SUCCESS,nextIndex=106,followerCommit=103,matchIndex=105
2024-10-09 04:29:56,613 INFO  statemachine.StateMachine (ArithmeticStateMachine.java:applyTransaction(181)) - LEADER:s9-105: b = null = null
2024-10-09 04:29:56,613 DEBUG server.RaftServer$Division (RaftServerImpl.java:logAppendEntries(1545)) - s8@group-BDFE845AF3B0: appendEntries* s9->s8#6323-t1,previous=(t:1, i:105),leaderCommit=105,initializing? false,entries: size=1, first=(t:1, i:106), METADATAENTRY(c:105)
2024-10-09 04:29:56,614 DEBUG server.RaftServer$Division (RaftServerImpl.java:logAppendEntries(1545)) - s7@group-BDFE845AF3B0: appendEntries* s9->s7#6322-t1,previous=(t:1, i:105),leaderCommit=105,initializing? false,entries: size=1, first=(t:1, i:106), METADATAENTRY(c:105)
2024-10-09 04:29:56,614 DEBUG server.RaftServer$Division (RaftServerImpl.java:logAppendEntries(1545)) - s8@group-BDFE845AF3B0: appendEntries* reply s9<-s8#6323:OK-t1,SUCCESS,nextIndex=107,followerCommit=105,matchIndex=106
2024-10-09 04:29:56,614 DEBUG server.RaftServer$Division (RaftServerImpl.java:submitClientRequestAsync(916)) - s9@group-BDFE845AF3B0: receive client request(RaftClientRequest:client-B560D4AECF7B->s9@group-BDFE845AF3B0, cid=6324, seq=null, RW, Message:01016300)
2024-10-09 04:29:56,614 DEBUG server.RaftServer$Division (LeaderStateImpl.java:addPendingRequest(529)) - s9@group-BDFE845AF3B0-LeaderStateImpl: addPendingRequest at RaftClientRequest:client-B560D4AECF7B->s9@group-BDFE845AF3B0, cid=6324, seq=null, RW, Message:01016300, entry=(t:1, i:107), STATEMACHINELOGENTRY, WRITE: logData.size=4, stateMachineData.size=0, logEntryProtoSerializedSize=0
2024-10-09 04:29:56,614 DEBUG server.RaftServer$Division (RaftServerImpl.java:logAppendEntries(1545)) - s7@group-BDFE845AF3B0: appendEntries* reply s9<-s7#6322:OK-t1,SUCCESS,nextIndex=107,followerCommit=105,matchIndex=106
2024-10-09 04:29:56,615 DEBUG server.RaftServer$Division (RaftServerImpl.java:logAppendEntries(1545)) - s7@group-BDFE845AF3B0: appendEntries* s9->s7#6325-t1,previous=(t:1, i:106),leaderCommit=105,initializing? false,entries: size=1, first=(t:1, i:107), STATEMACHINELOGENTRY, StateMachineLogEntryProto:6324@client-B560D4AECF7B
2024-10-09 04:29:56,615 DEBUG server.RaftServer$Division (RaftServerImpl.java:logAppendEntries(1545)) - s8@group-BDFE845AF3B0: appendEntries* s9->s8#6326-t1,previous=(t:1, i:106),leaderCommit=105,initializing? false,entries: size=1, first=(t:1, i:107), STATEMACHINELOGENTRY, StateMachineLogEntryProto:6324@client-B560D4AECF7B
2024-10-09 04:29:56,615 DEBUG server.RaftServer$Division (RaftServerImpl.java:logAppendEntries(1545)) - s7@group-BDFE845AF3B0: appendEntries* reply s9<-s7#6325:OK-t1,SUCCESS,nextIndex=108,followerCommit=105,matchIndex=107
2024-10-09 04:29:56,615 DEBUG server.RaftServer$Division (RaftServerImpl.java:logAppendEntries(1545)) - s8@group-BDFE845AF3B0: appendEntries* reply s9<-s8#6326:OK-t1,SUCCESS,nextIndex=108,followerCommit=105,matchIndex=107
2024-10-09 04:29:56,616 INFO  statemachine.StateMachine (ArithmeticStateMachine.java:applyTransaction(181)) - LEADER:s9-107: c = null = null
2024-10-09 04:29:56,616 DEBUG server.RaftServer$Division (RaftServerImpl.java:logAppendEntries(1545)) - s7@group-BDFE845AF3B0: appendEntries* s9->s7#6327-t1,previous=(t:1, i:107),leaderCommit=107,initializing? false,entries: size=1, first=(t:1, i:108), METADATAENTRY(c:107)
2024-10-09 04:29:56,616 DEBUG server.RaftServer$Division (RaftServerImpl.java:logAppendEntries(1545)) - s8@group-BDFE845AF3B0: appendEntries* s9->s8#6328-t1,previous=(t:1, i:107),leaderCommit=107,initializing? false,entries: size=1, first=(t:1, i:108), METADATAENTRY(c:107)
2024-10-09 04:29:56,616 DEBUG server.RaftServer$Division (RaftServerImpl.java:submitClientRequestAsync(916)) - s9@group-BDFE845AF3B0: receive client request(RaftClientRequest:client-B560D4AECF7B->s9@group-BDFE845AF3B0, cid=6329, seq=null, RW, Message:01016102405940000000...(size=12))
2024-10-09 04:29:56,617 DEBUG server.RaftServer$Division (LeaderStateImpl.java:addPendingRequest(529)) - s9@group-BDFE845AF3B0-LeaderStateImpl: addPendingRequest at RaftClientRequest:client-B560D4AECF7B->s9@group-BDFE845AF3B0, cid=6329, seq=null, RW, Message:01016102405940000000...(size=12), entry=(t:1, i:109), STATEMACHINELOGENTRY, WRITE: logData.size=12, stateMachineData.size=0, logEntryProtoSerializedSize=0
2024-10-09 04:29:56,617 DEBUG server.RaftServer$Division (RaftServerImpl.java:logAppendEntries(1545)) - s7@group-BDFE845AF3B0: appendEntries* reply s9<-s7#6327:OK-t1,SUCCESS,nextIndex=109,followerCommit=107,matchIndex=108
2024-10-09 04:29:56,617 DEBUG server.RaftServer$Division (RaftServerImpl.java:logAppendEntries(1545)) - s8@group-BDFE845AF3B0: appendEntries* reply s9<-s8#6328:OK-t1,SUCCESS,nextIndex=109,followerCommit=107,matchIndex=108
2024-10-09 04:29:56,617 DEBUG server.RaftServer$Division (RaftServerImpl.java:logAppendEntries(1545)) - s8@group-BDFE845AF3B0: appendEntries* s9->s8#6331-t1,previous=(t:1, i:108),leaderCommit=108,initializing? false,entries: size=1, first=(t:1, i:109), STATEMACHINELOGENTRY, StateMachineLogEntryProto:6329@client-B560D4AECF7B
2024-10-09 04:29:56,617 DEBUG server.RaftServer$Division (RaftServerImpl.java:logAppendEntries(1545)) - s7@group-BDFE845AF3B0: appendEntries* s9->s7#6330-t1,previous=(t:1, i:108),leaderCommit=108,initializing? false,entries: size=1, first=(t:1, i:109), STATEMACHINELOGENTRY, StateMachineLogEntryProto:6329@client-B560D4AECF7B
2024-10-09 04:29:56,618 DEBUG server.RaftServer$Division (RaftServerImpl.java:logAppendEntries(1545)) - s8@group-BDFE845AF3B0: appendEntries* reply s9<-s8#6331:OK-t1,SUCCESS,nextIndex=110,followerCommit=108,matchIndex=109
2024-10-09 04:29:56,618 DEBUG server.RaftServer$Division (RaftServerImpl.java:logAppendEntries(1545)) - s7@group-BDFE845AF3B0: appendEntries* reply s9<-s7#6330:OK-t1,SUCCESS,nextIndex=110,followerCommit=108,matchIndex=109
2024-10-09 04:29:56,618 INFO  statemachine.StateMachine (ArithmeticStateMachine.java:applyTransaction(181)) - LEADER:s9-109: a = 101 = 101
2024-10-09 04:29:56,619 DEBUG server.RaftServer$Division (RaftServerImpl.java:logAppendEntries(1545)) - s7@group-BDFE845AF3B0: appendEntries* s9->s7#6333-t1,previous=(t:1, i:109),leaderCommit=109,initializing? false,entries: size=1, first=(t:1, i:110), METADATAENTRY(c:109)
2024-10-09 04:29:56,619 DEBUG server.RaftServer$Division (RaftServerImpl.java:logAppendEntries(1545)) - s8@group-BDFE845AF3B0: appendEntries* s9->s8#6332-t1,previous=(t:1, i:109),leaderCommit=109,initializing? false,entries: size=1, first=(t:1, i:110), METADATAENTRY(c:109)
2024-10-09 04:29:56,619 DEBUG server.RaftServer$Division (RaftServerImpl.java:submitClientRequestAsync(916)) - s9@group-BDFE845AF3B0: receive client request(RaftClientRequest:client-B560D4AECF7B->s9@group-BDFE845AF3B0, cid=6334, seq=null, RW, Message:0101620240b3ec000000...(size=12))
2024-10-09 04:29:56,619 DEBUG server.RaftServer$Division (RaftServerImpl.java:logAppendEntries(1545)) - s8@group-BDFE845AF3B0: appendEntries* reply s9<-s8#6332:OK-t1,SUCCESS,nextIndex=111,followerCommit=109,matchIndex=110
2024-10-09 04:29:56,619 DEBUG server.RaftServer$Division (RaftServerImpl.java:logAppendEntries(1545)) - s7@group-BDFE845AF3B0: appendEntries* reply s9<-s7#6333:OK-t1,SUCCESS,nextIndex=111,followerCommit=109,matchIndex=110
2024-10-09 04:29:56,619 DEBUG server.RaftServer$Division (LeaderStateImpl.java:addPendingRequest(529)) - s9@group-BDFE845AF3B0-LeaderStateImpl: addPendingRequest at RaftClientRequest:client-B560D4AECF7B->s9@group-BDFE845AF3B0, cid=6334, seq=null, RW, Message:0101620240b3ec000000...(size=12), entry=(t:1, i:111), STATEMACHINELOGENTRY, WRITE: logData.size=12, stateMachineData.size=0, logEntryProtoSerializedSize=0
2024-10-09 04:29:56,620 DEBUG server.RaftServer$Division (RaftServerImpl.java:logAppendEntries(1545)) - s7@group-BDFE845AF3B0: appendEntries* s9->s7#6335-t1,previous=(t:1, i:110),leaderCommit=110,initializing? false,entries: size=1, first=(t:1, i:111), STATEMACHINELOGENTRY, StateMachineLogEntryProto:6334@client-B560D4AECF7B
2024-10-09 04:29:56,620 DEBUG server.RaftServer$Division (RaftServerImpl.java:logAppendEntries(1545)) - s8@group-BDFE845AF3B0: appendEntries* s9->s8#6336-t1,previous=(t:1, i:110),leaderCommit=110,initializing? false,entries: size=1, first=(t:1, i:111), STATEMACHINELOGENTRY, StateMachineLogEntryProto:6334@client-B560D4AECF7B
2024-10-09 04:29:56,620 DEBUG server.RaftServer$Division (RaftServerImpl.java:logAppendEntries(1545)) - s7@group-BDFE845AF3B0: appendEntries* reply s9<-s7#6335:OK-t1,SUCCESS,nextIndex=112,followerCommit=110,matchIndex=111
2024-10-09 04:29:56,620 DEBUG server.RaftServer$Division (RaftServerImpl.java:logAppendEntries(1545)) - s8@group-BDFE845AF3B0: appendEntries* reply s9<-s8#6336:OK-t1,SUCCESS,nextIndex=112,followerCommit=110,matchIndex=111
2024-10-09 04:29:56,621 INFO  statemachine.StateMachine (ArithmeticStateMachine.java:applyTransaction(181)) - LEADER:s9-111: b = 5100 = 5100
2024-10-09 04:29:56,621 DEBUG server.RaftServer$Division (RaftServerImpl.java:logAppendEntries(1545)) - s7@group-BDFE845AF3B0: appendEntries* s9->s7#6337-t1,previous=(t:1, i:111),leaderCommit=111,initializing? false,entries: size=1, first=(t:1, i:112), METADATAENTRY(c:111)
2024-10-09 04:29:56,621 DEBUG server.RaftServer$Division (RaftServerImpl.java:logAppendEntries(1545)) - s8@group-BDFE845AF3B0: appendEntries* s9->s8#6338-t1,previous=(t:1, i:111),leaderCommit=111,initializing? false,entries: size=1, first=(t:1, i:112), METADATAENTRY(c:111)
2024-10-09 04:29:56,621 DEBUG server.RaftServer$Division (RaftServerImpl.java:submitClientRequestAsync(916)) - s9@group-BDFE845AF3B0: receive client request(RaftClientRequest:client-B560D4AECF7B->s9@group-BDFE845AF3B0, cid=6339, seq=null, RW, Message:01016304010300040201...(size=17))
2024-10-09 04:29:56,621 DEBUG server.RaftServer$Division (RaftServerImpl.java:logAppendEntries(1545)) - s8@group-BDFE845AF3B0: appendEntries* reply s9<-s8#6338:OK-t1,SUCCESS,nextIndex=113,followerCommit=111,matchIndex=112
2024-10-09 04:29:56,621 DEBUG server.RaftServer$Division (RaftServerImpl.java:logAppendEntries(1545)) - s7@group-BDFE845AF3B0: appendEntries* reply s9<-s7#6337:OK-t1,SUCCESS,nextIndex=113,followerCommit=111,matchIndex=112
2024-10-09 04:29:56,622 DEBUG server.RaftServer$Division (LeaderStateImpl.java:addPendingRequest(529)) - s9@group-BDFE845AF3B0-LeaderStateImpl: addPendingRequest at RaftClientRequest:client-B560D4AECF7B->s9@group-BDFE845AF3B0, cid=6339, seq=null, RW, Message:01016304010300040201...(size=17), entry=(t:1, i:113), STATEMACHINELOGENTRY, WRITE: logData.size=17, stateMachineData.size=0, logEntryProtoSerializedSize=0
2024-10-09 04:29:56,622 DEBUG server.RaftServer$Division (RaftServerImpl.java:logAppendEntries(1545)) - s8@group-BDFE845AF3B0: appendEntries* s9->s8#6341-t1,previous=(t:1, i:112),leaderCommit=112,initializing? false,entries: size=1, first=(t:1, i:113), STATEMACHINELOGENTRY, StateMachineLogEntryProto:6339@client-B560D4AECF7B
2024-10-09 04:29:56,622 DEBUG server.RaftServer$Division (RaftServerImpl.java:logAppendEntries(1545)) - s7@group-BDFE845AF3B0: appendEntries* s9->s7#6340-t1,previous=(t:1, i:112),leaderCommit=111,initializing? false,entries: size=1, first=(t:1, i:113), STATEMACHINELOGENTRY, StateMachineLogEntryProto:6339@client-B560D4AECF7B
2024-10-09 04:29:56,622 DEBUG server.RaftServer$Division (RaftServerImpl.java:logAppendEntries(1545)) - s8@group-BDFE845AF3B0: appendEntries* reply s9<-s8#6341:OK-t1,SUCCESS,nextIndex=114,followerCommit=112,matchIndex=113
2024-10-09 04:29:56,623 DEBUG server.RaftServer$Division (RaftServerImpl.java:logAppendEntries(1545)) - s7@group-BDFE845AF3B0: appendEntries* reply s9<-s7#6340:OK-t1,SUCCESS,nextIndex=114,followerCommit=111,matchIndex=113
2024-10-09 04:29:56,623 INFO  statemachine.StateMachine (ArithmeticStateMachine.java:applyTransaction(181)) - LEADER:s9-113: c = √(a^2 + b^2) = 5101
2024-10-09 04:29:56,623 DEBUG server.RaftServer$Division (RaftServerImpl.java:logAppendEntries(1545)) - s7@group-BDFE845AF3B0: appendEntries* s9->s7#6343-t1,previous=(t:1, i:113),leaderCommit=113,initializing? false,entries: size=1, first=(t:1, i:114), METADATAENTRY(c:113)
2024-10-09 04:29:56,623 DEBUG server.RaftServer$Division (RaftServerImpl.java:logAppendEntries(1545)) - s8@group-BDFE845AF3B0: appendEntries* s9->s8#6342-t1,previous=(t:1, i:113),leaderCommit=113,initializing? false,entries: size=1, first=(t:1, i:114), METADATAENTRY(c:113)
2024-10-09 04:29:56,623 DEBUG server.RaftServer$Division (RaftServerImpl.java:submitClientRequestAsync(916)) - s9@group-BDFE845AF3B0: receive client request(RaftClientRequest:client-B560D4AECF7B->s9@group-BDFE845AF3B0, cid=6344, seq=null, RW, Message:01016100)
2024-10-09 04:29:56,624 DEBUG server.RaftServer$Division (LeaderStateImpl.java:addPendingRequest(529)) - s9@group-BDFE845AF3B0-LeaderStateImpl: addPendingRequest at RaftClientRequest:client-B560D4AECF7B->s9@group-BDFE845AF3B0, cid=6344, seq=null, RW, Message:01016100, entry=(t:1, i:115), STATEMACHINELOGENTRY, WRITE: logData.size=4, stateMachineData.size=0, logEntryProtoSerializedSize=0
2024-10-09 04:29:56,624 DEBUG server.RaftServer$Division (RaftServerImpl.java:logAppendEntries(1545)) - s7@group-BDFE845AF3B0: appendEntries* reply s9<-s7#6343:OK-t1,SUCCESS,nextIndex=115,followerCommit=113,matchIndex=114
2024-10-09 04:29:56,624 DEBUG server.RaftServer$Division (RaftServerImpl.java:logAppendEntries(1545)) - s8@group-BDFE845AF3B0: appendEntries* reply s9<-s8#6342:OK-t1,SUCCESS,nextIndex=115,followerCommit=113,matchIndex=114
2024-10-09 04:29:56,624 DEBUG server.RaftServer$Division (RaftServerImpl.java:logAppendEntries(1545)) - s7@group-BDFE845AF3B0: appendEntries* s9->s7#6345-t1,previous=(t:1, i:114),leaderCommit=113,initializing? false,entries: size=1, first=(t:1, i:115), STATEMACHINELOGENTRY, StateMachineLogEntryProto:6344@client-B560D4AECF7B
2024-10-09 04:29:56,624 DEBUG server.RaftServer$Division (RaftServerImpl.java:logAppendEntries(1545)) - s8@group-BDFE845AF3B0: appendEntries* s9->s8#6346-t1,previous=(t:1, i:114),leaderCommit=114,initializing? false,entries: size=1, first=(t:1, i:115), STATEMACHINELOGENTRY, StateMachineLogEntryProto:6344@client-B560D4AECF7B
2024-10-09 04:29:56,625 DEBUG server.RaftServer$Division (RaftServerImpl.java:logAppendEntries(1545)) - s7@group-BDFE845AF3B0: appendEntries* reply s9<-s7#6345:OK-t1,SUCCESS,nextIndex=116,followerCommit=113,matchIndex=115
2024-10-09 04:29:56,625 DEBUG server.RaftServer$Division (RaftServerImpl.java:logAppendEntries(1545)) - s8@group-BDFE845AF3B0: appendEntries* reply s9<-s8#6346:OK-t1,SUCCESS,nextIndex=116,followerCommit=114,matchIndex=115
2024-10-09 04:29:56,625 INFO  statemachine.StateMachine (ArithmeticStateMachine.java:applyTransaction(181)) - LEADER:s9-115: a = null = null
2024-10-09 04:29:56,625 DEBUG server.RaftServer$Division (RaftServerImpl.java:logAppendEntries(1545)) - s7@group-BDFE845AF3B0: appendEntries* s9->s7#6348-t1,previous=(t:1, i:115),leaderCommit=115,initializing? false,entries: size=1, first=(t:1, i:116), METADATAENTRY(c:115)
2024-10-09 04:29:56,626 DEBUG server.RaftServer$Division (RaftServerImpl.java:logAppendEntries(1545)) - s8@group-BDFE845AF3B0: appendEntries* s9->s8#6347-t1,previous=(t:1, i:115),leaderCommit=115,initializing? false,entries: size=1, first=(t:1, i:116), METADATAENTRY(c:115)
2024-10-09 04:29:56,625 DEBUG server.RaftServer$Division (RaftServerImpl.java:submitClientRequestAsync(916)) - s9@group-BDFE845AF3B0: receive client request(RaftClientRequest:client-B560D4AECF7B->s9@group-BDFE845AF3B0, cid=6349, seq=null, RW, Message:01016200)
2024-10-09 04:29:56,626 DEBUG server.RaftServer$Division (RaftServerImpl.java:logAppendEntries(1545)) - s7@group-BDFE845AF3B0: appendEntries* reply s9<-s7#6348:OK-t1,SUCCESS,nextIndex=117,followerCommit=115,matchIndex=116
2024-10-09 04:29:56,626 DEBUG server.RaftServer$Division (RaftServerImpl.java:logAppendEntries(1545)) - s8@group-BDFE845AF3B0: appendEntries* reply s9<-s8#6347:OK-t1,SUCCESS,nextIndex=117,followerCommit=115,matchIndex=116
2024-10-09 04:29:56,626 DEBUG server.RaftServer$Division (LeaderStateImpl.java:addPendingRequest(529)) - s9@group-BDFE845AF3B0-LeaderStateImpl: addPendingRequest at RaftClientRequest:client-B560D4AECF7B->s9@group-BDFE845AF3B0, cid=6349, seq=null, RW, Message:01016200, entry=(t:1, i:117), STATEMACHINELOGENTRY, WRITE: logData.size=4, stateMachineData.size=0, logEntryProtoSerializedSize=0
2024-10-09 04:29:56,626 DEBUG server.RaftServer$Division (RaftServerImpl.java:logAppendEntries(1545)) - s7@group-BDFE845AF3B0: appendEntries* s9->s7#6350-t1,previous=(t:1, i:116),leaderCommit=115,initializing? false,entries: size=1, first=(t:1, i:117), STATEMACHINELOGENTRY, StateMachineLogEntryProto:6349@client-B560D4AECF7B
2024-10-09 04:29:56,627 DEBUG server.RaftServer$Division (RaftServerImpl.java:logAppendEntries(1545)) - s8@group-BDFE845AF3B0: appendEntries* s9->s8#6351-t1,previous=(t:1, i:116),leaderCommit=116,initializing? false,entries: size=1, first=(t:1, i:117), STATEMACHINELOGENTRY, StateMachineLogEntryProto:6349@client-B560D4AECF7B
2024-10-09 04:29:56,627 DEBUG server.RaftServer$Division (RaftServerImpl.java:logAppendEntries(1545)) - s7@group-BDFE845AF3B0: appendEntries* reply s9<-s7#6350:OK-t1,SUCCESS,nextIndex=118,followerCommit=115,matchIndex=117
2024-10-09 04:29:56,627 DEBUG server.RaftServer$Division (RaftServerImpl.java:logAppendEntries(1545)) - s8@group-BDFE845AF3B0: appendEntries* reply s9<-s8#6351:OK-t1,SUCCESS,nextIndex=118,followerCommit=116,matchIndex=117
2024-10-09 04:29:56,627 INFO  statemachine.StateMachine (ArithmeticStateMachine.java:applyTransaction(181)) - LEADER:s9-117: b = null = null
2024-10-09 04:29:56,628 DEBUG server.RaftServer$Division (RaftServerImpl.java:submitClientRequestAsync(916)) - s9@group-BDFE845AF3B0: receive client request(RaftClientRequest:client-B560D4AECF7B->s9@group-BDFE845AF3B0, cid=6354, seq=null, RW, Message:01016300)
2024-10-09 04:29:56,628 DEBUG server.RaftServer$Division (RaftServerImpl.java:logAppendEntries(1545)) - s7@group-BDFE845AF3B0: appendEntries* s9->s7#6353-t1,previous=(t:1, i:117),leaderCommit=117,initializing? false,entries: size=1, first=(t:1, i:118), METADATAENTRY(c:117)
2024-10-09 04:29:56,628 DEBUG server.RaftServer$Division (RaftServerImpl.java:logAppendEntries(1545)) - s8@group-BDFE845AF3B0: appendEntries* s9->s8#6352-t1,previous=(t:1, i:117),leaderCommit=117,initializing? false,entries: size=1, first=(t:1, i:118), METADATAENTRY(c:117)
2024-10-09 04:29:56,628 DEBUG server.RaftServer$Division (LeaderStateImpl.java:addPendingRequest(529)) - s9@group-BDFE845AF3B0-LeaderStateImpl: addPendingRequest at RaftClientRequest:client-B560D4AECF7B->s9@group-BDFE845AF3B0, cid=6354, seq=null, RW, Message:01016300, entry=(t:1, i:119), STATEMACHINELOGENTRY, WRITE: logData.size=4, stateMachineData.size=0, logEntryProtoSerializedSize=0
2024-10-09 04:29:56,628 DEBUG server.RaftServer$Division (RaftServerImpl.java:logAppendEntries(1545)) - s7@group-BDFE845AF3B0: appendEntries* reply s9<-s7#6353:OK-t1,SUCCESS,nextIndex=119,followerCommit=117,matchIndex=118
2024-10-09 04:29:56,628 DEBUG server.RaftServer$Division (RaftServerImpl.java:logAppendEntries(1545)) - s8@group-BDFE845AF3B0: appendEntries* reply s9<-s8#6352:OK-t1,SUCCESS,nextIndex=119,followerCommit=117,matchIndex=118
2024-10-09 04:29:56,629 DEBUG server.RaftServer$Division (RaftServerImpl.java:logAppendEntries(1545)) - s8@group-BDFE845AF3B0: appendEntries* s9->s8#6356-t1,previous=(t:1, i:118),leaderCommit=118,initializing? false,entries: size=1, first=(t:1, i:119), STATEMACHINELOGENTRY, StateMachineLogEntryProto:6354@client-B560D4AECF7B
2024-10-09 04:29:56,629 DEBUG server.RaftServer$Division (RaftServerImpl.java:logAppendEntries(1545)) - s7@group-BDFE845AF3B0: appendEntries* s9->s7#6355-t1,previous=(t:1, i:118),leaderCommit=118,initializing? false,entries: size=1, first=(t:1, i:119), STATEMACHINELOGENTRY, StateMachineLogEntryProto:6354@client-B560D4AECF7B
2024-10-09 04:29:56,629 DEBUG server.RaftServer$Division (RaftServerImpl.java:logAppendEntries(1545)) - s8@group-BDFE845AF3B0: appendEntries* reply s9<-s8#6356:OK-t1,SUCCESS,nextIndex=120,followerCommit=118,matchIndex=119
2024-10-09 04:29:56,629 INFO  statemachine.StateMachine (ArithmeticStateMachine.java:applyTransaction(181)) - LEADER:s9-119: c = null = null
2024-10-09 04:29:56,629 DEBUG server.RaftServer$Division (RaftServerImpl.java:logAppendEntries(1545)) - s7@group-BDFE845AF3B0: appendEntries* reply s9<-s7#6355:OK-t1,SUCCESS,nextIndex=120,followerCommit=118,matchIndex=119
2024-10-09 04:29:56,630 DEBUG server.RaftServer$Division (RaftServerImpl.java:logAppendEntries(1545)) - s7@group-BDFE845AF3B0: appendEntries* s9->s7#6358-t1,previous=(t:1, i:119),leaderCommit=119,initializing? false,entries: size=1, first=(t:1, i:120), METADATAENTRY(c:119)
2024-10-09 04:29:56,630 DEBUG server.RaftServer$Division (RaftServerImpl.java:logAppendEntries(1545)) - s8@group-BDFE845AF3B0: appendEntries* s9->s8#6357-t1,previous=(t:1, i:119),leaderCommit=119,initializing? false,entries: size=1, first=(t:1, i:120), METADATAENTRY(c:119)
2024-10-09 04:29:56,630 DEBUG server.RaftServer$Division (RaftServerImpl.java:logAppendEntries(1545)) - s7@group-BDFE845AF3B0: appendEntries* reply s9<-s7#6358:OK-t1,SUCCESS,nextIndex=121,followerCommit=119,matchIndex=120
2024-10-09 04:29:56,630 DEBUG server.RaftServer$Division (RaftServerImpl.java:logAppendEntries(1545)) - s8@group-BDFE845AF3B0: appendEntries* reply s9<-s8#6357:OK-t1,SUCCESS,nextIndex=121,followerCommit=119,matchIndex=120
| MiniRaftClusterWithNetty[3, 6, 9, 12, 15]chosen=4 | start groups | 288 |
2024-10-09 04:29:56,637 INFO  impl.GroupManagementBaseTest (GroupManagementBaseTest.java:runMultiGroupTest(291)) - start groups: printing ALL groups
  s3:  RUNNING [
   FOLLOWER s3@group-DA40570646C7:t0, leader=null, voted=, raftlog=Memoized:s3@group-DA40570646C7-SegmentedRaftLog:OPENED:c-1:lastnull, conf=conf: {index: -1, cur=peers:[]|listeners:[], old=null} STARTING
   FOLLOWER s3@group-9A0367B0C765:t1, leader=s14, voted=s14, raftlog=Memoized:s3@group-9A0367B0C765-SegmentedRaftLog:OPENED:c120:last(t:1, i:120), conf=conf: {index: 0, cur=peers:[s3|0.0.0.0:15018, s14|0.0.0.0:15029, s2|0.0.0.0:15017]|listeners:[], old=null} RUNNING] size=2
  s4:  RUNNING [
   FOLLOWER s4@group-DA40570646C7:t0, leader=null, voted=, raftlog=Memoized:s4@group-DA40570646C7-SegmentedRaftLog:OPENED:c-1:lastnull, conf=conf: {index: -1, cur=peers:[]|listeners:[], old=null} STARTING
   FOLLOWER s4@group-DE92A9858D7E:t1, leader=s6, voted=s6, raftlog=Memoized:s4@group-DE92A9858D7E-SegmentedRaftLog:OPENED:c120:last(t:1, i:120), conf=conf: {index: 0, cur=peers:[s4|0.0.0.0:15019, s5|0.0.0.0:15020, s6|0.0.0.0:15021]|listeners:[], old=null} RUNNING] size=2
  s5:  RUNNING [
   FOLLOWER s5@group-DA40570646C7:t0, leader=null, voted=, raftlog=Memoized:s5@group-DA40570646C7-SegmentedRaftLog:OPENED:c-1:lastnull, conf=conf: {index: -1, cur=peers:[]|listeners:[], old=null} STARTING
   FOLLOWER s5@group-DE92A9858D7E:t1, leader=s6, voted=s6, raftlog=Memoized:s5@group-DE92A9858D7E-SegmentedRaftLog:OPENED:c120:last(t:1, i:120), conf=conf: {index: 0, cur=peers:[s4|0.0.0.0:15019, s5|0.0.0.0:15020, s6|0.0.0.0:15021]|listeners:[], old=null} RUNNING] size=2
  s6:  RUNNING [
   FOLLOWER s6@group-DA40570646C7:t0, leader=null, voted=, raftlog=Memoized:s6@group-DA40570646C7-SegmentedRaftLog:OPENED:c-1:lastnull, conf=conf: {index: -1, cur=peers:[]|listeners:[], old=null} STARTING
     LEADER s6@group-DE92A9858D7E:t1, leader=s6, voted=s6, raftlog=Memoized:s6@group-DE92A9858D7E-SegmentedRaftLog:OPENED:c120:last(t:1, i:120), conf=conf: {index: 0, cur=peers:[s4|0.0.0.0:15019, s5|0.0.0.0:15020, s6|0.0.0.0:15021]|listeners:[], old=null} RUNNING] size=2
  s7:  RUNNING [
   FOLLOWER s7@group-DA40570646C7:t0, leader=null, voted=, raftlog=Memoized:s7@group-DA40570646C7-SegmentedRaftLog:OPENED:c-1:lastnull, conf=conf: {index: -1, cur=peers:[]|listeners:[], old=null} STARTING
   FOLLOWER s7@group-BDFE845AF3B0:t1, leader=s9, voted=s9, raftlog=Memoized:s7@group-BDFE845AF3B0-SegmentedRaftLog:OPENED:c119:last(t:1, i:120), conf=conf: {index: 0, cur=peers:[s7|0.0.0.0:15022, s8|0.0.0.0:15023, s9|0.0.0.0:15024]|listeners:[], old=null} RUNNING] size=2
  s8:  RUNNING [
   FOLLOWER s8@group-DA40570646C7:t0, leader=null, voted=, raftlog=Memoized:s8@group-DA40570646C7-SegmentedRaftLog:OPENED:c-1:lastnull, conf=conf: {index: -1, cur=peers:[]|listeners:[], old=null} STARTING
   FOLLOWER s8@group-BDFE845AF3B0:t1, leader=s9, voted=s9, raftlog=Memoized:s8@group-BDFE845AF3B0-SegmentedRaftLog:OPENED:c119:last(t:1, i:120), conf=conf: {index: 0, cur=peers:[s7|0.0.0.0:15022, s8|0.0.0.0:15023, s9|0.0.0.0:15024]|listeners:[], old=null} RUNNING] size=2
  s9:  RUNNING [
   FOLLOWER s9@group-DA40570646C7:t0, leader=null, voted=, raftlog=Memoized:s9@group-DA40570646C7-SegmentedRaftLog:OPENED:c-1:lastnull, conf=conf: {index: -1, cur=peers:[]|listeners:[], old=null} STARTING
     LEADER s9@group-BDFE845AF3B0:t1, leader=s9, voted=s9, raftlog=Memoized:s9@group-BDFE845AF3B0-SegmentedRaftLog:OPENED:c120:last(t:1, i:120), conf=conf: {index: 0, cur=peers:[s7|0.0.0.0:15022, s8|0.0.0.0:15023, s9|0.0.0.0:15024]|listeners:[], old=null} RUNNING] size=2
  s11:  RUNNING [
   FOLLOWER s11@group-F62FDFAA15CF:t1, leader=s12, voted=s12, raftlog=Memoized:s11@group-F62FDFAA15CF-SegmentedRaftLog:OPENED:c120:last(t:1, i:120), conf=conf: {index: 0, cur=peers:[s11|0.0.0.0:15026, s13|0.0.0.0:15028, s12|0.0.0.0:15027]|listeners:[], old=null} RUNNING
   FOLLOWER s11@group-DA40570646C7:t0, leader=null, voted=, raftlog=Memoized:s11@group-DA40570646C7-SegmentedRaftLog:OPENED:c-1:lastnull, conf=conf: {index: -1, cur=peers:[]|listeners:[], old=null} STARTING] size=2
  s10:  RUNNING [
   FOLLOWER s10@group-DA40570646C7:t0, leader=null, voted=, raftlog=Memoized:s10@group-DA40570646C7-SegmentedRaftLog:OPENED:c-1:lastnull, conf=conf: {index: -1, cur=peers:[]|listeners:[], old=null} STARTING
   FOLLOWER s10@group-C596DBC0762E:t1, leader=s0, voted=s0, raftlog=Memoized:s10@group-C596DBC0762E-SegmentedRaftLog:OPENED:c120:last(t:1, i:120), conf=conf: {index: 0, cur=peers:[s10|0.0.0.0:15025, s0|0.0.0.0:15015, s1|0.0.0.0:15016]|listeners:[], old=null} RUNNING] size=2
  s13:  RUNNING [
   FOLLOWER s13@group-F62FDFAA15CF:t1, leader=s12, voted=s12, raftlog=Memoized:s13@group-F62FDFAA15CF-SegmentedRaftLog:OPENED:c120:last(t:1, i:120), conf=conf: {index: 0, cur=peers:[s11|0.0.0.0:15026, s13|0.0.0.0:15028, s12|0.0.0.0:15027]|listeners:[], old=null} RUNNING
   FOLLOWER s13@group-DA40570646C7:t0, leader=null, voted=, raftlog=Memoized:s13@group-DA40570646C7-SegmentedRaftLog:OPENED:c-1:lastnull, conf=conf: {index: -1, cur=peers:[]|listeners:[], old=null} STARTING] size=2
  s12:  RUNNING [
     LEADER s12@group-F62FDFAA15CF:t1, leader=s12, voted=s12, raftlog=Memoized:s12@group-F62FDFAA15CF-SegmentedRaftLog:OPENED:c120:last(t:1, i:120), conf=conf: {index: 0, cur=peers:[s11|0.0.0.0:15026, s13|0.0.0.0:15028, s12|0.0.0.0:15027]|listeners:[], old=null} RUNNING
   FOLLOWER s12@group-DA40570646C7:t0, leader=null, voted=, raftlog=Memoized:s12@group-DA40570646C7-SegmentedRaftLog:OPENED:c-1:lastnull, conf=conf: {index: -1, cur=peers:[]|listeners:[], old=null} STARTING] size=2
  s14:  RUNNING [
   FOLLOWER s14@group-DA40570646C7:t0, leader=null, voted=, raftlog=Memoized:s14@group-DA40570646C7-SegmentedRaftLog:OPENED:c-1:lastnull, conf=conf: {index: -1, cur=peers:[]|listeners:[], old=null} STARTING
     LEADER s14@group-9A0367B0C765:t1, leader=s14, voted=s14, raftlog=Memoized:s14@group-9A0367B0C765-SegmentedRaftLog:OPENED:c120:last(t:1, i:120), conf=conf: {index: 0, cur=peers:[s3|0.0.0.0:15018, s14|0.0.0.0:15029, s2|0.0.0.0:15017]|listeners:[], old=null} RUNNING] size=2
  s0:  RUNNING [
   FOLLOWER s0@group-DA40570646C7:t0, leader=null, voted=, raftlog=Memoized:s0@group-DA40570646C7-SegmentedRaftLog:OPENED:c-1:lastnull, conf=conf: {index: -1, cur=peers:[]|listeners:[], old=null} STARTING
     LEADER s0@group-C596DBC0762E:t1, leader=s0, voted=s0, raftlog=Memoized:s0@group-C596DBC0762E-SegmentedRaftLog:OPENED:c120:last(t:1, i:120), conf=conf: {index: 0, cur=peers:[s10|0.0.0.0:15025, s0|0.0.0.0:15015, s1|0.0.0.0:15016]|listeners:[], old=null} RUNNING] size=2
  s1:  RUNNING [
   FOLLOWER s1@group-DA40570646C7:t0, leader=null, voted=, raftlog=Memoized:s1@group-DA40570646C7-SegmentedRaftLog:OPENED:c-1:lastnull, conf=conf: {index: -1, cur=peers:[]|listeners:[], old=null} STARTING
   FOLLOWER s1@group-C596DBC0762E:t1, leader=s0, voted=s0, raftlog=Memoized:s1@group-C596DBC0762E-SegmentedRaftLog:OPENED:c120:last(t:1, i:120), conf=conf: {index: 0, cur=peers:[s10|0.0.0.0:15025, s0|0.0.0.0:15015, s1|0.0.0.0:15016]|listeners:[], old=null} RUNNING] size=2
  s2:  RUNNING [
   FOLLOWER s2@group-DA40570646C7:t0, leader=null, voted=, raftlog=Memoized:s2@group-DA40570646C7-SegmentedRaftLog:OPENED:c-1:lastnull, conf=conf: {index: -1, cur=peers:[]|listeners:[], old=null} STARTING
   FOLLOWER s2@group-9A0367B0C765:t1, leader=s14, voted=s14, raftlog=Memoized:s2@group-9A0367B0C765-SegmentedRaftLog:OPENED:c120:last(t:1, i:120), conf=conf: {index: 0, cur=peers:[s3|0.0.0.0:15018, s14|0.0.0.0:15029, s2|0.0.0.0:15017]|listeners:[], old=null} RUNNING] size=2
2024-10-09 04:29:56,637 INFO  impl.GroupManagementBaseTest (GroupManagementBaseTest.java:runMultiGroupTest(294)) - chosen = 4, group-BDFE845AF3B0:[s7|0.0.0.0:15022, s8|0.0.0.0:15023, s9|0.0.0.0:15024]
2024-10-09 04:29:56,638 INFO  impl.GroupManagementBaseTest (GroupManagementBaseTest.java:runMultiGroupTest(299)) - 0) close printing group-C596DBC0762E
  s10:  RUNNING [
   FOLLOWER s10@group-DA40570646C7:t0, leader=null, voted=, raftlog=Memoized:s10@group-DA40570646C7-SegmentedRaftLog:OPENED:c-1:lastnull, conf=conf: {index: -1, cur=peers:[]|listeners:[], old=null} STARTING
   FOLLOWER s10@group-C596DBC0762E:t1, leader=s0, voted=s0, raftlog=Memoized:s10@group-C596DBC0762E-SegmentedRaftLog:OPENED:c120:last(t:1, i:120), conf=conf: {index: 0, cur=peers:[s10|0.0.0.0:15025, s0|0.0.0.0:15015, s1|0.0.0.0:15016]|listeners:[], old=null} RUNNING] size=2
  s0:  RUNNING [
   FOLLOWER s0@group-DA40570646C7:t0, leader=null, voted=, raftlog=Memoized:s0@group-DA40570646C7-SegmentedRaftLog:OPENED:c-1:lastnull, conf=conf: {index: -1, cur=peers:[]|listeners:[], old=null} STARTING
     LEADER s0@group-C596DBC0762E:t1, leader=s0, voted=s0, raftlog=Memoized:s0@group-C596DBC0762E-SegmentedRaftLog:OPENED:c120:last(t:1, i:120), conf=conf: {index: 0, cur=peers:[s10|0.0.0.0:15025, s0|0.0.0.0:15015, s1|0.0.0.0:15016]|listeners:[], old=null} RUNNING] size=2
  s1:  RUNNING [
   FOLLOWER s1@group-DA40570646C7:t0, leader=null, voted=, raftlog=Memoized:s1@group-DA40570646C7-SegmentedRaftLog:OPENED:c-1:lastnull, conf=conf: {index: -1, cur=peers:[]|listeners:[], old=null} STARTING
   FOLLOWER s1@group-C596DBC0762E:t1, leader=s0, voted=s0, raftlog=Memoized:s1@group-C596DBC0762E-SegmentedRaftLog:OPENED:c120:last(t:1, i:120), conf=conf: {index: 0, cur=peers:[s10|0.0.0.0:15025, s0|0.0.0.0:15015, s1|0.0.0.0:15016]|listeners:[], old=null} RUNNING] size=2
2024-10-09 04:29:56,638 INFO  netty.NettyUtils (NettyUtils.java:newEventLoopGroup(74)) - Create EpollEventLoopGroup for client-58DD0BD948DC; Thread size is 0.
2024-10-09 04:29:56,639 INFO  logging.LoggingHandler (AbstractInternalLogger.java:log(148)) - [id: 0x8c4b54da, L:/0.0.0.0:15025] READ: [id: 0x7171dc4b, L:/127.0.0.1:15025 - R:/127.0.0.1:41906]
2024-10-09 04:29:56,640 INFO  logging.LoggingHandler (AbstractInternalLogger.java:log(148)) - [id: 0x8c4b54da, L:/0.0.0.0:15025] READ COMPLETE
2024-10-09 04:29:56,641 INFO  server.RaftServer (RaftServerProxy.java:remove(112)) - s10: remove  FOLLOWER s10@group-C596DBC0762E:t1, leader=s0, voted=s0, raftlog=Memoized:s10@group-C596DBC0762E-SegmentedRaftLog:OPENED:c120:last(t:1, i:120), conf=conf: {index: 0, cur=peers:[s10|0.0.0.0:15025, s0|0.0.0.0:15015, s1|0.0.0.0:15016]|listeners:[], old=null} RUNNING
2024-10-09 04:29:56,641 INFO  server.RaftServer$Division (RaftServerImpl.java:lambda$close$1(511)) - s10@group-C596DBC0762E: shutdown
2024-10-09 04:29:56,641 INFO  util.JmxRegister (JmxRegister.java:unregister(74)) - Successfully un-registered JMX Bean with object name Ratis:service=RaftServer,group=group-C596DBC0762E,id=s10
2024-10-09 04:29:56,641 INFO  impl.RoleInfo (RoleInfo.java:shutdownFollowerState(121)) - s10: shutdown s10@group-C596DBC0762E-FollowerState
2024-10-09 04:29:56,641 INFO  impl.StateMachineUpdater (StateMachineUpdater.java:stopAndJoin(164)) - s10@group-C596DBC0762E-StateMachineUpdater: set stopIndex = 120
2024-10-09 04:29:56,641 INFO  impl.StateMachineUpdater (StateMachineUpdater.java:stop(141)) - s10@group-C596DBC0762E-StateMachineUpdater: closing ArithmeticStateMachine, lastApplied=(t:1, i:120)
2024-10-09 04:29:56,641 INFO  impl.FollowerState (FollowerState.java:runImpl(165)) - s10@group-C596DBC0762E-FollowerState was interrupted
2024-10-09 04:29:56,642 INFO  util.AwaitToRun (AwaitToRun.java:run(49)) - s10@group-C596DBC0762E-cacheEviction-AwaitToRun-AwaitForSignal is interrupted
2024-10-09 04:29:56,740 WARN  leader.LogAppender (LogAppenderDefault.java:sendAppendEntriesWithRetries(94)) - s0@group-C596DBC0762E->s10-LogAppenderDefault: Failed to appendEntries (retry=1)
org.apache.ratis.protocol.exceptions.GroupMismatchException: s10: group-C596DBC0762E not found.
	at org.apache.ratis.server.impl.RaftServerProxy$ImplMap.get(RaftServerProxy.java:156)
	at org.apache.ratis.server.impl.RaftServerProxy.getImplFuture(RaftServerProxy.java:366)
	at org.apache.ratis.server.impl.RaftServerProxy.getImpl(RaftServerProxy.java:375)
	at org.apache.ratis.server.impl.RaftServerProxy.getImpl(RaftServerProxy.java:370)
	at org.apache.ratis.server.impl.RaftServerProxy.appendEntries(RaftServerProxy.java:670)
	at org.apache.ratis.netty.server.NettyRpcService.handle(NettyRpcService.java:234)
	at org.apache.ratis.netty.server.NettyRpcService$InboundHandler.channelRead0(NettyRpcService.java:94)
	at org.apache.ratis.netty.server.NettyRpcService$InboundHandler.channelRead0(NettyRpcService.java:90)
	at org.apache.ratis.thirdparty.io.netty.channel.SimpleChannelInboundHandler.channelRead(SimpleChannelInboundHandler.java:99)
	at org.apache.ratis.thirdparty.io.netty.channel.AbstractChannelHandlerContext.invokeChannelRead(AbstractChannelHandlerContext.java:444)
	at org.apache.ratis.thirdparty.io.netty.channel.AbstractChannelHandlerContext.invokeChannelRead(AbstractChannelHandlerContext.java:420)
	at org.apache.ratis.thirdparty.io.netty.channel.AbstractChannelHandlerContext.fireChannelRead(AbstractChannelHandlerContext.java:412)
	at org.apache.ratis.thirdparty.io.netty.handler.codec.MessageToMessageDecoder.channelRead(MessageToMessageDecoder.java:103)
	at org.apache.ratis.thirdparty.io.netty.channel.AbstractChannelHandlerContext.invokeChannelRead(AbstractChannelHandlerContext.java:444)
	at org.apache.ratis.thirdparty.io.netty.channel.AbstractChannelHandlerContext.invokeChannelRead(AbstractChannelHandlerContext.java:420)
	at org.apache.ratis.thirdparty.io.netty.channel.AbstractChannelHandlerContext.fireChannelRead(AbstractChannelHandlerContext.java:412)
	at org.apache.ratis.thirdparty.io.netty.handler.codec.ByteToMessageDecoder.fireChannelRead(ByteToMessageDecoder.java:346)
	at org.apache.ratis.thirdparty.io.netty.handler.codec.ByteToMessageDecoder.channelRead(ByteToMessageDecoder.java:318)
	at org.apache.ratis.thirdparty.io.netty.channel.AbstractChannelHandlerContext.invokeChannelRead(AbstractChannelHandlerContext.java:444)
	at org.apache.ratis.thirdparty.io.netty.channel.AbstractChannelHandlerContext.invokeChannelRead(AbstractChannelHandlerContext.java:420)
	at org.apache.ratis.thirdparty.io.netty.channel.AbstractChannelHandlerContext.fireChannelRead(AbstractChannelHandlerContext.java:412)
	at org.apache.ratis.thirdparty.io.netty.channel.DefaultChannelPipeline$HeadContext.channelRead(DefaultChannelPipeline.java:1410)
	at org.apache.ratis.thirdparty.io.netty.channel.AbstractChannelHandlerContext.invokeChannelRead(AbstractChannelHandlerContext.java:440)
	at org.apache.ratis.thirdparty.io.netty.channel.AbstractChannelHandlerContext.invokeChannelRead(AbstractChannelHandlerContext.java:420)
	at org.apache.ratis.thirdparty.io.netty.channel.DefaultChannelPipeline.fireChannelRead(DefaultChannelPipeline.java:919)
	at org.apache.ratis.thirdparty.io.netty.channel.epoll.AbstractEpollStreamChannel$EpollStreamUnsafe.epollInReady(AbstractEpollStreamChannel.java:801)
	at org.apache.ratis.thirdparty.io.netty.channel.epoll.EpollEventLoop.processReady(EpollEventLoop.java:501)
	at org.apache.ratis.thirdparty.io.netty.channel.epoll.EpollEventLoop.run(EpollEventLoop.java:399)
	at org.apache.ratis.thirdparty.io.netty.util.concurrent.SingleThreadEventExecutor$4.run(SingleThreadEventExecutor.java:997)
	at org.apache.ratis.thirdparty.io.netty.util.internal.ThreadExecutorMap$2.run(ThreadExecutorMap.java:74)
	at java.lang.Thread.run(Thread.java:750)
2024-10-09 04:29:56,812 WARN  leader.LogAppender (LogAppenderDefault.java:sendAppendEntriesWithRetries(94)) - s0@group-C596DBC0762E->s10-LogAppenderDefault: Failed to appendEntries (retry=1)
org.apache.ratis.protocol.exceptions.GroupMismatchException: s10: group-C596DBC0762E not found.
	at org.apache.ratis.server.impl.RaftServerProxy$ImplMap.get(RaftServerProxy.java:156)
	at org.apache.ratis.server.impl.RaftServerProxy.getImplFuture(RaftServerProxy.java:366)
	at org.apache.ratis.server.impl.RaftServerProxy.getImpl(RaftServerProxy.java:375)
	at org.apache.ratis.server.impl.RaftServerProxy.getImpl(RaftServerProxy.java:370)
	at org.apache.ratis.server.impl.RaftServerProxy.appendEntries(RaftServerProxy.java:670)
	at org.apache.ratis.netty.server.NettyRpcService.handle(NettyRpcService.java:234)
	at org.apache.ratis.netty.server.NettyRpcService$InboundHandler.channelRead0(NettyRpcService.java:94)
	at org.apache.ratis.netty.server.NettyRpcService$InboundHandler.channelRead0(NettyRpcService.java:90)
	at org.apache.ratis.thirdparty.io.netty.channel.SimpleChannelInboundHandler.channelRead(SimpleChannelInboundHandler.java:99)
	at org.apache.ratis.thirdparty.io.netty.channel.AbstractChannelHandlerContext.invokeChannelRead(AbstractChannelHandlerContext.java:444)
	at org.apache.ratis.thirdparty.io.netty.channel.AbstractChannelHandlerContext.invokeChannelRead(AbstractChannelHandlerContext.java:420)
	at org.apache.ratis.thirdparty.io.netty.channel.AbstractChannelHandlerContext.fireChannelRead(AbstractChannelHandlerContext.java:412)
	at org.apache.ratis.thirdparty.io.netty.handler.codec.MessageToMessageDecoder.channelRead(MessageToMessageDecoder.java:103)
	at org.apache.ratis.thirdparty.io.netty.channel.AbstractChannelHandlerContext.invokeChannelRead(AbstractChannelHandlerContext.java:444)
	at org.apache.ratis.thirdparty.io.netty.channel.AbstractChannelHandlerContext.invokeChannelRead(AbstractChannelHandlerContext.java:420)
	at org.apache.ratis.thirdparty.io.netty.channel.AbstractChannelHandlerContext.fireChannelRead(AbstractChannelHandlerContext.java:412)
	at org.apache.ratis.thirdparty.io.netty.handler.codec.ByteToMessageDecoder.fireChannelRead(ByteToMessageDecoder.java:346)
	at org.apache.ratis.thirdparty.io.netty.handler.codec.ByteToMessageDecoder.channelRead(ByteToMessageDecoder.java:318)
	at org.apache.ratis.thirdparty.io.netty.channel.AbstractChannelHandlerContext.invokeChannelRead(AbstractChannelHandlerContext.java:444)
	at org.apache.ratis.thirdparty.io.netty.channel.AbstractChannelHandlerContext.invokeChannelRead(AbstractChannelHandlerContext.java:420)
	at org.apache.ratis.thirdparty.io.netty.channel.AbstractChannelHandlerContext.fireChannelRead(AbstractChannelHandlerContext.java:412)
	at org.apache.ratis.thirdparty.io.netty.channel.DefaultChannelPipeline$HeadContext.channelRead(DefaultChannelPipeline.java:1410)
	at org.apache.ratis.thirdparty.io.netty.channel.AbstractChannelHandlerContext.invokeChannelRead(AbstractChannelHandlerContext.java:440)
	at org.apache.ratis.thirdparty.io.netty.channel.AbstractChannelHandlerContext.invokeChannelRead(AbstractChannelHandlerContext.java:420)
	at org.apache.ratis.thirdparty.io.netty.channel.DefaultChannelPipeline.fireChannelRead(DefaultChannelPipeline.java:919)
	at org.apache.ratis.thirdparty.io.netty.channel.epoll.AbstractEpollStreamChannel$EpollStreamUnsafe.epollInReady(AbstractEpollStreamChannel.java:801)
	at org.apache.ratis.thirdparty.io.netty.channel.epoll.EpollEventLoop.processReady(EpollEventLoop.java:501)
	at org.apache.ratis.thirdparty.io.netty.channel.epoll.EpollEventLoop.run(EpollEventLoop.java:399)
	at org.apache.ratis.thirdparty.io.netty.util.concurrent.SingleThreadEventExecutor$4.run(SingleThreadEventExecutor.java:997)
	at org.apache.ratis.thirdparty.io.netty.util.internal.ThreadExecutorMap$2.run(ThreadExecutorMap.java:74)
	at java.lang.Thread.run(Thread.java:750)
2024-10-09 04:29:56,887 WARN  leader.LogAppender (LogAppenderDefault.java:sendAppendEntriesWithRetries(94)) - s0@group-C596DBC0762E->s10-LogAppenderDefault: Failed to appendEntries (retry=1)
org.apache.ratis.protocol.exceptions.GroupMismatchException: s10: group-C596DBC0762E not found.
	at org.apache.ratis.server.impl.RaftServerProxy$ImplMap.get(RaftServerProxy.java:156)
	at org.apache.ratis.server.impl.RaftServerProxy.getImplFuture(RaftServerProxy.java:366)
	at org.apache.ratis.server.impl.RaftServerProxy.getImpl(RaftServerProxy.java:375)
	at org.apache.ratis.server.impl.RaftServerProxy.getImpl(RaftServerProxy.java:370)
	at org.apache.ratis.server.impl.RaftServerProxy.appendEntries(RaftServerProxy.java:670)
	at org.apache.ratis.netty.server.NettyRpcService.handle(NettyRpcService.java:234)
	at org.apache.ratis.netty.server.NettyRpcService$InboundHandler.channelRead0(NettyRpcService.java:94)
	at org.apache.ratis.netty.server.NettyRpcService$InboundHandler.channelRead0(NettyRpcService.java:90)
	at org.apache.ratis.thirdparty.io.netty.channel.SimpleChannelInboundHandler.channelRead(SimpleChannelInboundHandler.java:99)
	at org.apache.ratis.thirdparty.io.netty.channel.AbstractChannelHandlerContext.invokeChannelRead(AbstractChannelHandlerContext.java:444)
	at org.apache.ratis.thirdparty.io.netty.channel.AbstractChannelHandlerContext.invokeChannelRead(AbstractChannelHandlerContext.java:420)
	at org.apache.ratis.thirdparty.io.netty.channel.AbstractChannelHandlerContext.fireChannelRead(AbstractChannelHandlerContext.java:412)
	at org.apache.ratis.thirdparty.io.netty.handler.codec.MessageToMessageDecoder.channelRead(MessageToMessageDecoder.java:103)
	at org.apache.ratis.thirdparty.io.netty.channel.AbstractChannelHandlerContext.invokeChannelRead(AbstractChannelHandlerContext.java:444)
	at org.apache.ratis.thirdparty.io.netty.channel.AbstractChannelHandlerContext.invokeChannelRead(AbstractChannelHandlerContext.java:420)
	at org.apache.ratis.thirdparty.io.netty.channel.AbstractChannelHandlerContext.fireChannelRead(AbstractChannelHandlerContext.java:412)
	at org.apache.ratis.thirdparty.io.netty.handler.codec.ByteToMessageDecoder.fireChannelRead(ByteToMessageDecoder.java:346)
	at org.apache.ratis.thirdparty.io.netty.handler.codec.ByteToMessageDecoder.channelRead(ByteToMessageDecoder.java:318)
	at org.apache.ratis.thirdparty.io.netty.channel.AbstractChannelHandlerContext.invokeChannelRead(AbstractChannelHandlerContext.java:444)
	at org.apache.ratis.thirdparty.io.netty.channel.AbstractChannelHandlerContext.invokeChannelRead(AbstractChannelHandlerContext.java:420)
	at org.apache.ratis.thirdparty.io.netty.channel.AbstractChannelHandlerContext.fireChannelRead(AbstractChannelHandlerContext.java:412)
	at org.apache.ratis.thirdparty.io.netty.channel.DefaultChannelPipeline$HeadContext.channelRead(DefaultChannelPipeline.java:1410)
	at org.apache.ratis.thirdparty.io.netty.channel.AbstractChannelHandlerContext.invokeChannelRead(AbstractChannelHandlerContext.java:440)
	at org.apache.ratis.thirdparty.io.netty.channel.AbstractChannelHandlerContext.invokeChannelRead(AbstractChannelHandlerContext.java:420)
	at org.apache.ratis.thirdparty.io.netty.channel.DefaultChannelPipeline.fireChannelRead(DefaultChannelPipeline.java:919)
	at org.apache.ratis.thirdparty.io.netty.channel.epoll.AbstractEpollStreamChannel$EpollStreamUnsafe.epollInReady(AbstractEpollStreamChannel.java:801)
	at org.apache.ratis.thirdparty.io.netty.channel.epoll.EpollEventLoop.processReady(EpollEventLoop.java:501)
	at org.apache.ratis.thirdparty.io.netty.channel.epoll.EpollEventLoop.run(EpollEventLoop.java:399)
	at org.apache.ratis.thirdparty.io.netty.util.concurrent.SingleThreadEventExecutor$4.run(SingleThreadEventExecutor.java:997)
	at org.apache.ratis.thirdparty.io.netty.util.internal.ThreadExecutorMap$2.run(ThreadExecutorMap.java:74)
	at java.lang.Thread.run(Thread.java:750)
2024-10-09 04:29:56,963 WARN  leader.LogAppender (LogAppenderDefault.java:sendAppendEntriesWithRetries(94)) - s0@group-C596DBC0762E->s10-LogAppenderDefault: Failed to appendEntries (retry=1)
org.apache.ratis.protocol.exceptions.GroupMismatchException: s10: group-C596DBC0762E not found.
	at org.apache.ratis.server.impl.RaftServerProxy$ImplMap.get(RaftServerProxy.java:156)
	at org.apache.ratis.server.impl.RaftServerProxy.getImplFuture(RaftServerProxy.java:366)
	at org.apache.ratis.server.impl.RaftServerProxy.getImpl(RaftServerProxy.java:375)
	at org.apache.ratis.server.impl.RaftServerProxy.getImpl(RaftServerProxy.java:370)
	at org.apache.ratis.server.impl.RaftServerProxy.appendEntries(RaftServerProxy.java:670)
	at org.apache.ratis.netty.server.NettyRpcService.handle(NettyRpcService.java:234)
	at org.apache.ratis.netty.server.NettyRpcService$InboundHandler.channelRead0(NettyRpcService.java:94)
	at org.apache.ratis.netty.server.NettyRpcService$InboundHandler.channelRead0(NettyRpcService.java:90)
	at org.apache.ratis.thirdparty.io.netty.channel.SimpleChannelInboundHandler.channelRead(SimpleChannelInboundHandler.java:99)
	at org.apache.ratis.thirdparty.io.netty.channel.AbstractChannelHandlerContext.invokeChannelRead(AbstractChannelHandlerContext.java:444)
	at org.apache.ratis.thirdparty.io.netty.channel.AbstractChannelHandlerContext.invokeChannelRead(AbstractChannelHandlerContext.java:420)
	at org.apache.ratis.thirdparty.io.netty.channel.AbstractChannelHandlerContext.fireChannelRead(AbstractChannelHandlerContext.java:412)
	at org.apache.ratis.thirdparty.io.netty.handler.codec.MessageToMessageDecoder.channelRead(MessageToMessageDecoder.java:103)
	at org.apache.ratis.thirdparty.io.netty.channel.AbstractChannelHandlerContext.invokeChannelRead(AbstractChannelHandlerContext.java:444)
	at org.apache.ratis.thirdparty.io.netty.channel.AbstractChannelHandlerContext.invokeChannelRead(AbstractChannelHandlerContext.java:420)
	at org.apache.ratis.thirdparty.io.netty.channel.AbstractChannelHandlerContext.fireChannelRead(AbstractChannelHandlerContext.java:412)
	at org.apache.ratis.thirdparty.io.netty.handler.codec.ByteToMessageDecoder.fireChannelRead(ByteToMessageDecoder.java:346)
	at org.apache.ratis.thirdparty.io.netty.handler.codec.ByteToMessageDecoder.channelRead(ByteToMessageDecoder.java:318)
	at org.apache.ratis.thirdparty.io.netty.channel.AbstractChannelHandlerContext.invokeChannelRead(AbstractChannelHandlerContext.java:444)
	at org.apache.ratis.thirdparty.io.netty.channel.AbstractChannelHandlerContext.invokeChannelRead(AbstractChannelHandlerContext.java:420)
	at org.apache.ratis.thirdparty.io.netty.channel.AbstractChannelHandlerContext.fireChannelRead(AbstractChannelHandlerContext.java:412)
	at org.apache.ratis.thirdparty.io.netty.channel.DefaultChannelPipeline$HeadContext.channelRead(DefaultChannelPipeline.java:1410)
	at org.apache.ratis.thirdparty.io.netty.channel.AbstractChannelHandlerContext.invokeChannelRead(AbstractChannelHandlerContext.java:440)
	at org.apache.ratis.thirdparty.io.netty.channel.AbstractChannelHandlerContext.invokeChannelRead(AbstractChannelHandlerContext.java:420)
	at org.apache.ratis.thirdparty.io.netty.channel.DefaultChannelPipeline.fireChannelRead(DefaultChannelPipeline.java:919)
	at org.apache.ratis.thirdparty.io.netty.channel.epoll.AbstractEpollStreamChannel$EpollStreamUnsafe.epollInReady(AbstractEpollStreamChannel.java:801)
	at org.apache.ratis.thirdparty.io.netty.channel.epoll.EpollEventLoop.processReady(EpollEventLoop.java:501)
	at org.apache.ratis.thirdparty.io.netty.channel.epoll.EpollEventLoop.run(EpollEventLoop.java:399)
	at org.apache.ratis.thirdparty.io.netty.util.concurrent.SingleThreadEventExecutor$4.run(SingleThreadEventExecutor.java:997)
	at org.apache.ratis.thirdparty.io.netty.util.internal.ThreadExecutorMap$2.run(ThreadExecutorMap.java:74)
	at java.lang.Thread.run(Thread.java:750)
2024-10-09 04:29:57,039 WARN  leader.LogAppender (LogAppenderDefault.java:sendAppendEntriesWithRetries(94)) - s0@group-C596DBC0762E->s10-LogAppenderDefault: Failed to appendEntries (retry=1)
org.apache.ratis.protocol.exceptions.GroupMismatchException: s10: group-C596DBC0762E not found.
	at org.apache.ratis.server.impl.RaftServerProxy$ImplMap.get(RaftServerProxy.java:156)
	at org.apache.ratis.server.impl.RaftServerProxy.getImplFuture(RaftServerProxy.java:366)
	at org.apache.ratis.server.impl.RaftServerProxy.getImpl(RaftServerProxy.java:375)
	at org.apache.ratis.server.impl.RaftServerProxy.getImpl(RaftServerProxy.java:370)
	at org.apache.ratis.server.impl.RaftServerProxy.appendEntries(RaftServerProxy.java:670)
	at org.apache.ratis.netty.server.NettyRpcService.handle(NettyRpcService.java:234)
	at org.apache.ratis.netty.server.NettyRpcService$InboundHandler.channelRead0(NettyRpcService.java:94)
	at org.apache.ratis.netty.server.NettyRpcService$InboundHandler.channelRead0(NettyRpcService.java:90)
	at org.apache.ratis.thirdparty.io.netty.channel.SimpleChannelInboundHandler.channelRead(SimpleChannelInboundHandler.java:99)
	at org.apache.ratis.thirdparty.io.netty.channel.AbstractChannelHandlerContext.invokeChannelRead(AbstractChannelHandlerContext.java:444)
	at org.apache.ratis.thirdparty.io.netty.channel.AbstractChannelHandlerContext.invokeChannelRead(AbstractChannelHandlerContext.java:420)
	at org.apache.ratis.thirdparty.io.netty.channel.AbstractChannelHandlerContext.fireChannelRead(AbstractChannelHandlerContext.java:412)
	at org.apache.ratis.thirdparty.io.netty.handler.codec.MessageToMessageDecoder.channelRead(MessageToMessageDecoder.java:103)
	at org.apache.ratis.thirdparty.io.netty.channel.AbstractChannelHandlerContext.invokeChannelRead(AbstractChannelHandlerContext.java:444)
	at org.apache.ratis.thirdparty.io.netty.channel.AbstractChannelHandlerContext.invokeChannelRead(AbstractChannelHandlerContext.java:420)
	at org.apache.ratis.thirdparty.io.netty.channel.AbstractChannelHandlerContext.fireChannelRead(AbstractChannelHandlerContext.java:412)
	at org.apache.ratis.thirdparty.io.netty.handler.codec.ByteToMessageDecoder.fireChannelRead(ByteToMessageDecoder.java:346)
	at org.apache.ratis.thirdparty.io.netty.handler.codec.ByteToMessageDecoder.channelRead(ByteToMessageDecoder.java:318)
	at org.apache.ratis.thirdparty.io.netty.channel.AbstractChannelHandlerContext.invokeChannelRead(AbstractChannelHandlerContext.java:444)
	at org.apache.ratis.thirdparty.io.netty.channel.AbstractChannelHandlerContext.invokeChannelRead(AbstractChannelHandlerContext.java:420)
	at org.apache.ratis.thirdparty.io.netty.channel.AbstractChannelHandlerContext.fireChannelRead(AbstractChannelHandlerContext.java:412)
	at org.apache.ratis.thirdparty.io.netty.channel.DefaultChannelPipeline$HeadContext.channelRead(DefaultChannelPipeline.java:1410)
	at org.apache.ratis.thirdparty.io.netty.channel.AbstractChannelHandlerContext.invokeChannelRead(AbstractChannelHandlerContext.java:440)
	at org.apache.ratis.thirdparty.io.netty.channel.AbstractChannelHandlerContext.invokeChannelRead(AbstractChannelHandlerContext.java:420)
	at org.apache.ratis.thirdparty.io.netty.channel.DefaultChannelPipeline.fireChannelRead(DefaultChannelPipeline.java:919)
	at org.apache.ratis.thirdparty.io.netty.channel.epoll.AbstractEpollStreamChannel$EpollStreamUnsafe.epollInReady(AbstractEpollStreamChannel.java:801)
	at org.apache.ratis.thirdparty.io.netty.channel.epoll.EpollEventLoop.processReady(EpollEventLoop.java:501)
	at org.apache.ratis.thirdparty.io.netty.channel.epoll.EpollEventLoop.run(EpollEventLoop.java:399)
	at org.apache.ratis.thirdparty.io.netty.util.concurrent.SingleThreadEventExecutor$4.run(SingleThreadEventExecutor.java:997)
	at org.apache.ratis.thirdparty.io.netty.util.internal.ThreadExecutorMap$2.run(ThreadExecutorMap.java:74)
	at java.lang.Thread.run(Thread.java:750)
2024-10-09 04:29:57,114 WARN  leader.LogAppender (LogAppenderDefault.java:sendAppendEntriesWithRetries(94)) - s0@group-C596DBC0762E->s10-LogAppenderDefault: Failed to appendEntries (retry=1)
org.apache.ratis.protocol.exceptions.GroupMismatchException: s10: group-C596DBC0762E not found.
	at org.apache.ratis.server.impl.RaftServerProxy$ImplMap.get(RaftServerProxy.java:156)
	at org.apache.ratis.server.impl.RaftServerProxy.getImplFuture(RaftServerProxy.java:366)
	at org.apache.ratis.server.impl.RaftServerProxy.getImpl(RaftServerProxy.java:375)
	at org.apache.ratis.server.impl.RaftServerProxy.getImpl(RaftServerProxy.java:370)
	at org.apache.ratis.server.impl.RaftServerProxy.appendEntries(RaftServerProxy.java:670)
	at org.apache.ratis.netty.server.NettyRpcService.handle(NettyRpcService.java:234)
	at org.apache.ratis.netty.server.NettyRpcService$InboundHandler.channelRead0(NettyRpcService.java:94)
	at org.apache.ratis.netty.server.NettyRpcService$InboundHandler.channelRead0(NettyRpcService.java:90)
	at org.apache.ratis.thirdparty.io.netty.channel.SimpleChannelInboundHandler.channelRead(SimpleChannelInboundHandler.java:99)
	at org.apache.ratis.thirdparty.io.netty.channel.AbstractChannelHandlerContext.invokeChannelRead(AbstractChannelHandlerContext.java:444)
	at org.apache.ratis.thirdparty.io.netty.channel.AbstractChannelHandlerContext.invokeChannelRead(AbstractChannelHandlerContext.java:420)
	at org.apache.ratis.thirdparty.io.netty.channel.AbstractChannelHandlerContext.fireChannelRead(AbstractChannelHandlerContext.java:412)
	at org.apache.ratis.thirdparty.io.netty.handler.codec.MessageToMessageDecoder.channelRead(MessageToMessageDecoder.java:103)
	at org.apache.ratis.thirdparty.io.netty.channel.AbstractChannelHandlerContext.invokeChannelRead(AbstractChannelHandlerContext.java:444)
	at org.apache.ratis.thirdparty.io.netty.channel.AbstractChannelHandlerContext.invokeChannelRead(AbstractChannelHandlerContext.java:420)
	at org.apache.ratis.thirdparty.io.netty.channel.AbstractChannelHandlerContext.fireChannelRead(AbstractChannelHandlerContext.java:412)
	at org.apache.ratis.thirdparty.io.netty.handler.codec.ByteToMessageDecoder.fireChannelRead(ByteToMessageDecoder.java:346)
	at org.apache.ratis.thirdparty.io.netty.handler.codec.ByteToMessageDecoder.channelRead(ByteToMessageDecoder.java:318)
	at org.apache.ratis.thirdparty.io.netty.channel.AbstractChannelHandlerContext.invokeChannelRead(AbstractChannelHandlerContext.java:444)
	at org.apache.ratis.thirdparty.io.netty.channel.AbstractChannelHandlerContext.invokeChannelRead(AbstractChannelHandlerContext.java:420)
	at org.apache.ratis.thirdparty.io.netty.channel.AbstractChannelHandlerContext.fireChannelRead(AbstractChannelHandlerContext.java:412)
	at org.apache.ratis.thirdparty.io.netty.channel.DefaultChannelPipeline$HeadContext.channelRead(DefaultChannelPipeline.java:1410)
	at org.apache.ratis.thirdparty.io.netty.channel.AbstractChannelHandlerContext.invokeChannelRead(AbstractChannelHandlerContext.java:440)
	at org.apache.ratis.thirdparty.io.netty.channel.AbstractChannelHandlerContext.invokeChannelRead(AbstractChannelHandlerContext.java:420)
	at org.apache.ratis.thirdparty.io.netty.channel.DefaultChannelPipeline.fireChannelRead(DefaultChannelPipeline.java:919)
	at org.apache.ratis.thirdparty.io.netty.channel.epoll.AbstractEpollStreamChannel$EpollStreamUnsafe.epollInReady(AbstractEpollStreamChannel.java:801)
	at org.apache.ratis.thirdparty.io.netty.channel.epoll.EpollEventLoop.processReady(EpollEventLoop.java:501)
	at org.apache.ratis.thirdparty.io.netty.channel.epoll.EpollEventLoop.run(EpollEventLoop.java:399)
	at org.apache.ratis.thirdparty.io.netty.util.concurrent.SingleThreadEventExecutor$4.run(SingleThreadEventExecutor.java:997)
	at org.apache.ratis.thirdparty.io.netty.util.internal.ThreadExecutorMap$2.run(ThreadExecutorMap.java:74)
	at java.lang.Thread.run(Thread.java:750)
2024-10-09 04:29:57,190 WARN  leader.LogAppender (LogAppenderDefault.java:sendAppendEntriesWithRetries(94)) - s0@group-C596DBC0762E->s10-LogAppenderDefault: Failed to appendEntries (retry=1)
org.apache.ratis.protocol.exceptions.GroupMismatchException: s10: group-C596DBC0762E not found.
	at org.apache.ratis.server.impl.RaftServerProxy$ImplMap.get(RaftServerProxy.java:156)
	at org.apache.ratis.server.impl.RaftServerProxy.getImplFuture(RaftServerProxy.java:366)
	at org.apache.ratis.server.impl.RaftServerProxy.getImpl(RaftServerProxy.java:375)
	at org.apache.ratis.server.impl.RaftServerProxy.getImpl(RaftServerProxy.java:370)
	at org.apache.ratis.server.impl.RaftServerProxy.appendEntries(RaftServerProxy.java:670)
	at org.apache.ratis.netty.server.NettyRpcService.handle(NettyRpcService.java:234)
	at org.apache.ratis.netty.server.NettyRpcService$InboundHandler.channelRead0(NettyRpcService.java:94)
	at org.apache.ratis.netty.server.NettyRpcService$InboundHandler.channelRead0(NettyRpcService.java:90)
	at org.apache.ratis.thirdparty.io.netty.channel.SimpleChannelInboundHandler.channelRead(SimpleChannelInboundHandler.java:99)
	at org.apache.ratis.thirdparty.io.netty.channel.AbstractChannelHandlerContext.invokeChannelRead(AbstractChannelHandlerContext.java:444)
	at org.apache.ratis.thirdparty.io.netty.channel.AbstractChannelHandlerContext.invokeChannelRead(AbstractChannelHandlerContext.java:420)
	at org.apache.ratis.thirdparty.io.netty.channel.AbstractChannelHandlerContext.fireChannelRead(AbstractChannelHandlerContext.java:412)
	at org.apache.ratis.thirdparty.io.netty.handler.codec.MessageToMessageDecoder.channelRead(MessageToMessageDecoder.java:103)
	at org.apache.ratis.thirdparty.io.netty.channel.AbstractChannelHandlerContext.invokeChannelRead(AbstractChannelHandlerContext.java:444)
	at org.apache.ratis.thirdparty.io.netty.channel.AbstractChannelHandlerContext.invokeChannelRead(AbstractChannelHandlerContext.java:420)
	at org.apache.ratis.thirdparty.io.netty.channel.AbstractChannelHandlerContext.fireChannelRead(AbstractChannelHandlerContext.java:412)
	at org.apache.ratis.thirdparty.io.netty.handler.codec.ByteToMessageDecoder.fireChannelRead(ByteToMessageDecoder.java:346)
	at org.apache.ratis.thirdparty.io.netty.handler.codec.ByteToMessageDecoder.channelRead(ByteToMessageDecoder.java:318)
	at org.apache.ratis.thirdparty.io.netty.channel.AbstractChannelHandlerContext.invokeChannelRead(AbstractChannelHandlerContext.java:444)
	at org.apache.ratis.thirdparty.io.netty.channel.AbstractChannelHandlerContext.invokeChannelRead(AbstractChannelHandlerContext.java:420)
	at org.apache.ratis.thirdparty.io.netty.channel.AbstractChannelHandlerContext.fireChannelRead(AbstractChannelHandlerContext.java:412)
	at org.apache.ratis.thirdparty.io.netty.channel.DefaultChannelPipeline$HeadContext.channelRead(DefaultChannelPipeline.java:1410)
	at org.apache.ratis.thirdparty.io.netty.channel.AbstractChannelHandlerContext.invokeChannelRead(AbstractChannelHandlerContext.java:440)
	at org.apache.ratis.thirdparty.io.netty.channel.AbstractChannelHandlerContext.invokeChannelRead(AbstractChannelHandlerContext.java:420)
	at org.apache.ratis.thirdparty.io.netty.channel.DefaultChannelPipeline.fireChannelRead(DefaultChannelPipeline.java:919)
	at org.apache.ratis.thirdparty.io.netty.channel.epoll.AbstractEpollStreamChannel$EpollStreamUnsafe.epollInReady(AbstractEpollStreamChannel.java:801)
	at org.apache.ratis.thirdparty.io.netty.channel.epoll.EpollEventLoop.processReady(EpollEventLoop.java:501)
	at org.apache.ratis.thirdparty.io.netty.channel.epoll.EpollEventLoop.run(EpollEventLoop.java:399)
	at org.apache.ratis.thirdparty.io.netty.util.concurrent.SingleThreadEventExecutor$4.run(SingleThreadEventExecutor.java:997)
	at org.apache.ratis.thirdparty.io.netty.util.internal.ThreadExecutorMap$2.run(ThreadExecutorMap.java:74)
	at java.lang.Thread.run(Thread.java:750)
2024-10-09 04:29:57,265 WARN  leader.LogAppender (LogAppenderDefault.java:sendAppendEntriesWithRetries(94)) - s0@group-C596DBC0762E->s10-LogAppenderDefault: Failed to appendEntries (retry=1)
org.apache.ratis.protocol.exceptions.GroupMismatchException: s10: group-C596DBC0762E not found.
	at org.apache.ratis.server.impl.RaftServerProxy$ImplMap.get(RaftServerProxy.java:156)
	at org.apache.ratis.server.impl.RaftServerProxy.getImplFuture(RaftServerProxy.java:366)
	at org.apache.ratis.server.impl.RaftServerProxy.getImpl(RaftServerProxy.java:375)
	at org.apache.ratis.server.impl.RaftServerProxy.getImpl(RaftServerProxy.java:370)
	at org.apache.ratis.server.impl.RaftServerProxy.appendEntries(RaftServerProxy.java:670)
	at org.apache.ratis.netty.server.NettyRpcService.handle(NettyRpcService.java:234)
	at org.apache.ratis.netty.server.NettyRpcService$InboundHandler.channelRead0(NettyRpcService.java:94)
	at org.apache.ratis.netty.server.NettyRpcService$InboundHandler.channelRead0(NettyRpcService.java:90)
	at org.apache.ratis.thirdparty.io.netty.channel.SimpleChannelInboundHandler.channelRead(SimpleChannelInboundHandler.java:99)
	at org.apache.ratis.thirdparty.io.netty.channel.AbstractChannelHandlerContext.invokeChannelRead(AbstractChannelHandlerContext.java:444)
	at org.apache.ratis.thirdparty.io.netty.channel.AbstractChannelHandlerContext.invokeChannelRead(AbstractChannelHandlerContext.java:420)
	at org.apache.ratis.thirdparty.io.netty.channel.AbstractChannelHandlerContext.fireChannelRead(AbstractChannelHandlerContext.java:412)
	at org.apache.ratis.thirdparty.io.netty.handler.codec.MessageToMessageDecoder.channelRead(MessageToMessageDecoder.java:103)
	at org.apache.ratis.thirdparty.io.netty.channel.AbstractChannelHandlerContext.invokeChannelRead(AbstractChannelHandlerContext.java:444)
	at org.apache.ratis.thirdparty.io.netty.channel.AbstractChannelHandlerContext.invokeChannelRead(AbstractChannelHandlerContext.java:420)
	at org.apache.ratis.thirdparty.io.netty.channel.AbstractChannelHandlerContext.fireChannelRead(AbstractChannelHandlerContext.java:412)
	at org.apache.ratis.thirdparty.io.netty.handler.codec.ByteToMessageDecoder.fireChannelRead(ByteToMessageDecoder.java:346)
	at org.apache.ratis.thirdparty.io.netty.handler.codec.ByteToMessageDecoder.channelRead(ByteToMessageDecoder.java:318)
	at org.apache.ratis.thirdparty.io.netty.channel.AbstractChannelHandlerContext.invokeChannelRead(AbstractChannelHandlerContext.java:444)
	at org.apache.ratis.thirdparty.io.netty.channel.AbstractChannelHandlerContext.invokeChannelRead(AbstractChannelHandlerContext.java:420)
	at org.apache.ratis.thirdparty.io.netty.channel.AbstractChannelHandlerContext.fireChannelRead(AbstractChannelHandlerContext.java:412)
	at org.apache.ratis.thirdparty.io.netty.channel.DefaultChannelPipeline$HeadContext.channelRead(DefaultChannelPipeline.java:1410)
	at org.apache.ratis.thirdparty.io.netty.channel.AbstractChannelHandlerContext.invokeChannelRead(AbstractChannelHandlerContext.java:440)
	at org.apache.ratis.thirdparty.io.netty.channel.AbstractChannelHandlerContext.invokeChannelRead(AbstractChannelHandlerContext.java:420)
	at org.apache.ratis.thirdparty.io.netty.channel.DefaultChannelPipeline.fireChannelRead(DefaultChannelPipeline.java:919)
	at org.apache.ratis.thirdparty.io.netty.channel.epoll.AbstractEpollStreamChannel$EpollStreamUnsafe.epollInReady(AbstractEpollStreamChannel.java:801)
	at org.apache.ratis.thirdparty.io.netty.channel.epoll.EpollEventLoop.processReady(EpollEventLoop.java:501)
	at org.apache.ratis.thirdparty.io.netty.channel.epoll.EpollEventLoop.run(EpollEventLoop.java:399)
	at org.apache.ratis.thirdparty.io.netty.util.concurrent.SingleThreadEventExecutor$4.run(SingleThreadEventExecutor.java:997)
	at org.apache.ratis.thirdparty.io.netty.util.internal.ThreadExecutorMap$2.run(ThreadExecutorMap.java:74)
	at java.lang.Thread.run(Thread.java:750)
2024-10-09 04:29:57,341 WARN  leader.LogAppender (LogAppenderDefault.java:sendAppendEntriesWithRetries(94)) - s0@group-C596DBC0762E->s10-LogAppenderDefault: Failed to appendEntries (retry=1)
org.apache.ratis.protocol.exceptions.GroupMismatchException: s10: group-C596DBC0762E not found.
	at org.apache.ratis.server.impl.RaftServerProxy$ImplMap.get(RaftServerProxy.java:156)
	at org.apache.ratis.server.impl.RaftServerProxy.getImplFuture(RaftServerProxy.java:366)
	at org.apache.ratis.server.impl.RaftServerProxy.getImpl(RaftServerProxy.java:375)
	at org.apache.ratis.server.impl.RaftServerProxy.getImpl(RaftServerProxy.java:370)
	at org.apache.ratis.server.impl.RaftServerProxy.appendEntries(RaftServerProxy.java:670)
	at org.apache.ratis.netty.server.NettyRpcService.handle(NettyRpcService.java:234)
	at org.apache.ratis.netty.server.NettyRpcService$InboundHandler.channelRead0(NettyRpcService.java:94)
	at org.apache.ratis.netty.server.NettyRpcService$InboundHandler.channelRead0(NettyRpcService.java:90)
	at org.apache.ratis.thirdparty.io.netty.channel.SimpleChannelInboundHandler.channelRead(SimpleChannelInboundHandler.java:99)
	at org.apache.ratis.thirdparty.io.netty.channel.AbstractChannelHandlerContext.invokeChannelRead(AbstractChannelHandlerContext.java:444)
	at org.apache.ratis.thirdparty.io.netty.channel.AbstractChannelHandlerContext.invokeChannelRead(AbstractChannelHandlerContext.java:420)
	at org.apache.ratis.thirdparty.io.netty.channel.AbstractChannelHandlerContext.fireChannelRead(AbstractChannelHandlerContext.java:412)
	at org.apache.ratis.thirdparty.io.netty.handler.codec.MessageToMessageDecoder.channelRead(MessageToMessageDecoder.java:103)
	at org.apache.ratis.thirdparty.io.netty.channel.AbstractChannelHandlerContext.invokeChannelRead(AbstractChannelHandlerContext.java:444)
	at org.apache.ratis.thirdparty.io.netty.channel.AbstractChannelHandlerContext.invokeChannelRead(AbstractChannelHandlerContext.java:420)
	at org.apache.ratis.thirdparty.io.netty.channel.AbstractChannelHandlerContext.fireChannelRead(AbstractChannelHandlerContext.java:412)
	at org.apache.ratis.thirdparty.io.netty.handler.codec.ByteToMessageDecoder.fireChannelRead(ByteToMessageDecoder.java:346)
	at org.apache.ratis.thirdparty.io.netty.handler.codec.ByteToMessageDecoder.channelRead(ByteToMessageDecoder.java:318)
	at org.apache.ratis.thirdparty.io.netty.channel.AbstractChannelHandlerContext.invokeChannelRead(AbstractChannelHandlerContext.java:444)
	at org.apache.ratis.thirdparty.io.netty.channel.AbstractChannelHandlerContext.invokeChannelRead(AbstractChannelHandlerContext.java:420)
	at org.apache.ratis.thirdparty.io.netty.channel.AbstractChannelHandlerContext.fireChannelRead(AbstractChannelHandlerContext.java:412)
	at org.apache.ratis.thirdparty.io.netty.channel.DefaultChannelPipeline$HeadContext.channelRead(DefaultChannelPipeline.java:1410)
	at org.apache.ratis.thirdparty.io.netty.channel.AbstractChannelHandlerContext.invokeChannelRead(AbstractChannelHandlerContext.java:440)
	at org.apache.ratis.thirdparty.io.netty.channel.AbstractChannelHandlerContext.invokeChannelRead(AbstractChannelHandlerContext.java:420)
	at org.apache.ratis.thirdparty.io.netty.channel.DefaultChannelPipeline.fireChannelRead(DefaultChannelPipeline.java:919)
	at org.apache.ratis.thirdparty.io.netty.channel.epoll.AbstractEpollStreamChannel$EpollStreamUnsafe.epollInReady(AbstractEpollStreamChannel.java:801)
	at org.apache.ratis.thirdparty.io.netty.channel.epoll.EpollEventLoop.processReady(EpollEventLoop.java:501)
	at org.apache.ratis.thirdparty.io.netty.channel.epoll.EpollEventLoop.run(EpollEventLoop.java:399)
	at org.apache.ratis.thirdparty.io.netty.util.concurrent.SingleThreadEventExecutor$4.run(SingleThreadEventExecutor.java:997)
	at org.apache.ratis.thirdparty.io.netty.util.internal.ThreadExecutorMap$2.run(ThreadExecutorMap.java:74)
	at java.lang.Thread.run(Thread.java:750)
2024-10-09 04:29:57,416 WARN  leader.LogAppender (LogAppenderDefault.java:sendAppendEntriesWithRetries(94)) - s0@group-C596DBC0762E->s10-LogAppenderDefault: Failed to appendEntries (retry=1)
org.apache.ratis.protocol.exceptions.GroupMismatchException: s10: group-C596DBC0762E not found.
	at org.apache.ratis.server.impl.RaftServerProxy$ImplMap.get(RaftServerProxy.java:156)
	at org.apache.ratis.server.impl.RaftServerProxy.getImplFuture(RaftServerProxy.java:366)
	at org.apache.ratis.server.impl.RaftServerProxy.getImpl(RaftServerProxy.java:375)
	at org.apache.ratis.server.impl.RaftServerProxy.getImpl(RaftServerProxy.java:370)
	at org.apache.ratis.server.impl.RaftServerProxy.appendEntries(RaftServerProxy.java:670)
	at org.apache.ratis.netty.server.NettyRpcService.handle(NettyRpcService.java:234)
	at org.apache.ratis.netty.server.NettyRpcService$InboundHandler.channelRead0(NettyRpcService.java:94)
	at org.apache.ratis.netty.server.NettyRpcService$InboundHandler.channelRead0(NettyRpcService.java:90)
	at org.apache.ratis.thirdparty.io.netty.channel.SimpleChannelInboundHandler.channelRead(SimpleChannelInboundHandler.java:99)
	at org.apache.ratis.thirdparty.io.netty.channel.AbstractChannelHandlerContext.invokeChannelRead(AbstractChannelHandlerContext.java:444)
	at org.apache.ratis.thirdparty.io.netty.channel.AbstractChannelHandlerContext.invokeChannelRead(AbstractChannelHandlerContext.java:420)
	at org.apache.ratis.thirdparty.io.netty.channel.AbstractChannelHandlerContext.fireChannelRead(AbstractChannelHandlerContext.java:412)
	at org.apache.ratis.thirdparty.io.netty.handler.codec.MessageToMessageDecoder.channelRead(MessageToMessageDecoder.java:103)
	at org.apache.ratis.thirdparty.io.netty.channel.AbstractChannelHandlerContext.invokeChannelRead(AbstractChannelHandlerContext.java:444)
	at org.apache.ratis.thirdparty.io.netty.channel.AbstractChannelHandlerContext.invokeChannelRead(AbstractChannelHandlerContext.java:420)
	at org.apache.ratis.thirdparty.io.netty.channel.AbstractChannelHandlerContext.fireChannelRead(AbstractChannelHandlerContext.java:412)
	at org.apache.ratis.thirdparty.io.netty.handler.codec.ByteToMessageDecoder.fireChannelRead(ByteToMessageDecoder.java:346)
	at org.apache.ratis.thirdparty.io.netty.handler.codec.ByteToMessageDecoder.channelRead(ByteToMessageDecoder.java:318)
	at org.apache.ratis.thirdparty.io.netty.channel.AbstractChannelHandlerContext.invokeChannelRead(AbstractChannelHandlerContext.java:444)
	at org.apache.ratis.thirdparty.io.netty.channel.AbstractChannelHandlerContext.invokeChannelRead(AbstractChannelHandlerContext.java:420)
	at org.apache.ratis.thirdparty.io.netty.channel.AbstractChannelHandlerContext.fireChannelRead(AbstractChannelHandlerContext.java:412)
	at org.apache.ratis.thirdparty.io.netty.channel.DefaultChannelPipeline$HeadContext.channelRead(DefaultChannelPipeline.java:1410)
	at org.apache.ratis.thirdparty.io.netty.channel.AbstractChannelHandlerContext.invokeChannelRead(AbstractChannelHandlerContext.java:440)
	at org.apache.ratis.thirdparty.io.netty.channel.AbstractChannelHandlerContext.invokeChannelRead(AbstractChannelHandlerContext.java:420)
	at org.apache.ratis.thirdparty.io.netty.channel.DefaultChannelPipeline.fireChannelRead(DefaultChannelPipeline.java:919)
	at org.apache.ratis.thirdparty.io.netty.channel.epoll.AbstractEpollStreamChannel$EpollStreamUnsafe.epollInReady(AbstractEpollStreamChannel.java:801)
	at org.apache.ratis.thirdparty.io.netty.channel.epoll.EpollEventLoop.processReady(EpollEventLoop.java:501)
	at org.apache.ratis.thirdparty.io.netty.channel.epoll.EpollEventLoop.run(EpollEventLoop.java:399)
	at org.apache.ratis.thirdparty.io.netty.util.concurrent.SingleThreadEventExecutor$4.run(SingleThreadEventExecutor.java:997)
	at org.apache.ratis.thirdparty.io.netty.util.internal.ThreadExecutorMap$2.run(ThreadExecutorMap.java:74)
	at java.lang.Thread.run(Thread.java:750)
2024-10-09 04:29:57,491 WARN  leader.LogAppender (LogAppenderDefault.java:sendAppendEntriesWithRetries(94)) - s0@group-C596DBC0762E->s10-LogAppenderDefault: Failed to appendEntries (retry=1)
org.apache.ratis.protocol.exceptions.GroupMismatchException: s10: group-C596DBC0762E not found.
	at org.apache.ratis.server.impl.RaftServerProxy$ImplMap.get(RaftServerProxy.java:156)
	at org.apache.ratis.server.impl.RaftServerProxy.getImplFuture(RaftServerProxy.java:366)
	at org.apache.ratis.server.impl.RaftServerProxy.getImpl(RaftServerProxy.java:375)
	at org.apache.ratis.server.impl.RaftServerProxy.getImpl(RaftServerProxy.java:370)
	at org.apache.ratis.server.impl.RaftServerProxy.appendEntries(RaftServerProxy.java:670)
	at org.apache.ratis.netty.server.NettyRpcService.handle(NettyRpcService.java:234)
	at org.apache.ratis.netty.server.NettyRpcService$InboundHandler.channelRead0(NettyRpcService.java:94)
	at org.apache.ratis.netty.server.NettyRpcService$InboundHandler.channelRead0(NettyRpcService.java:90)
	at org.apache.ratis.thirdparty.io.netty.channel.SimpleChannelInboundHandler.channelRead(SimpleChannelInboundHandler.java:99)
	at org.apache.ratis.thirdparty.io.netty.channel.AbstractChannelHandlerContext.invokeChannelRead(AbstractChannelHandlerContext.java:444)
	at org.apache.ratis.thirdparty.io.netty.channel.AbstractChannelHandlerContext.invokeChannelRead(AbstractChannelHandlerContext.java:420)
	at org.apache.ratis.thirdparty.io.netty.channel.AbstractChannelHandlerContext.fireChannelRead(AbstractChannelHandlerContext.java:412)
	at org.apache.ratis.thirdparty.io.netty.handler.codec.MessageToMessageDecoder.channelRead(MessageToMessageDecoder.java:103)
	at org.apache.ratis.thirdparty.io.netty.channel.AbstractChannelHandlerContext.invokeChannelRead(AbstractChannelHandlerContext.java:444)
	at org.apache.ratis.thirdparty.io.netty.channel.AbstractChannelHandlerContext.invokeChannelRead(AbstractChannelHandlerContext.java:420)
	at org.apache.ratis.thirdparty.io.netty.channel.AbstractChannelHandlerContext.fireChannelRead(AbstractChannelHandlerContext.java:412)
	at org.apache.ratis.thirdparty.io.netty.handler.codec.ByteToMessageDecoder.fireChannelRead(ByteToMessageDecoder.java:346)
	at org.apache.ratis.thirdparty.io.netty.handler.codec.ByteToMessageDecoder.channelRead(ByteToMessageDecoder.java:318)
	at org.apache.ratis.thirdparty.io.netty.channel.AbstractChannelHandlerContext.invokeChannelRead(AbstractChannelHandlerContext.java:444)
	at org.apache.ratis.thirdparty.io.netty.channel.AbstractChannelHandlerContext.invokeChannelRead(AbstractChannelHandlerContext.java:420)
	at org.apache.ratis.thirdparty.io.netty.channel.AbstractChannelHandlerContext.fireChannelRead(AbstractChannelHandlerContext.java:412)
	at org.apache.ratis.thirdparty.io.netty.channel.DefaultChannelPipeline$HeadContext.channelRead(DefaultChannelPipeline.java:1410)
	at org.apache.ratis.thirdparty.io.netty.channel.AbstractChannelHandlerContext.invokeChannelRead(AbstractChannelHandlerContext.java:440)
	at org.apache.ratis.thirdparty.io.netty.channel.AbstractChannelHandlerContext.invokeChannelRead(AbstractChannelHandlerContext.java:420)
	at org.apache.ratis.thirdparty.io.netty.channel.DefaultChannelPipeline.fireChannelRead(DefaultChannelPipeline.java:919)
	at org.apache.ratis.thirdparty.io.netty.channel.epoll.AbstractEpollStreamChannel$EpollStreamUnsafe.epollInReady(AbstractEpollStreamChannel.java:801)
	at org.apache.ratis.thirdparty.io.netty.channel.epoll.EpollEventLoop.processReady(EpollEventLoop.java:501)
	at org.apache.ratis.thirdparty.io.netty.channel.epoll.EpollEventLoop.run(EpollEventLoop.java:399)
	at org.apache.ratis.thirdparty.io.netty.util.concurrent.SingleThreadEventExecutor$4.run(SingleThreadEventExecutor.java:997)
	at org.apache.ratis.thirdparty.io.netty.util.internal.ThreadExecutorMap$2.run(ThreadExecutorMap.java:74)
	at java.lang.Thread.run(Thread.java:750)
2024-10-09 04:29:57,567 WARN  leader.LogAppender (LogAppenderDefault.java:sendAppendEntriesWithRetries(94)) - s0@group-C596DBC0762E->s10-LogAppenderDefault: Failed to appendEntries (retry=1)
org.apache.ratis.protocol.exceptions.GroupMismatchException: s10: group-C596DBC0762E not found.
	at org.apache.ratis.server.impl.RaftServerProxy$ImplMap.get(RaftServerProxy.java:156)
	at org.apache.ratis.server.impl.RaftServerProxy.getImplFuture(RaftServerProxy.java:366)
	at org.apache.ratis.server.impl.RaftServerProxy.getImpl(RaftServerProxy.java:375)
	at org.apache.ratis.server.impl.RaftServerProxy.getImpl(RaftServerProxy.java:370)
	at org.apache.ratis.server.impl.RaftServerProxy.appendEntries(RaftServerProxy.java:670)
	at org.apache.ratis.netty.server.NettyRpcService.handle(NettyRpcService.java:234)
	at org.apache.ratis.netty.server.NettyRpcService$InboundHandler.channelRead0(NettyRpcService.java:94)
	at org.apache.ratis.netty.server.NettyRpcService$InboundHandler.channelRead0(NettyRpcService.java:90)
	at org.apache.ratis.thirdparty.io.netty.channel.SimpleChannelInboundHandler.channelRead(SimpleChannelInboundHandler.java:99)
	at org.apache.ratis.thirdparty.io.netty.channel.AbstractChannelHandlerContext.invokeChannelRead(AbstractChannelHandlerContext.java:444)
	at org.apache.ratis.thirdparty.io.netty.channel.AbstractChannelHandlerContext.invokeChannelRead(AbstractChannelHandlerContext.java:420)
	at org.apache.ratis.thirdparty.io.netty.channel.AbstractChannelHandlerContext.fireChannelRead(AbstractChannelHandlerContext.java:412)
	at org.apache.ratis.thirdparty.io.netty.handler.codec.MessageToMessageDecoder.channelRead(MessageToMessageDecoder.java:103)
	at org.apache.ratis.thirdparty.io.netty.channel.AbstractChannelHandlerContext.invokeChannelRead(AbstractChannelHandlerContext.java:444)
	at org.apache.ratis.thirdparty.io.netty.channel.AbstractChannelHandlerContext.invokeChannelRead(AbstractChannelHandlerContext.java:420)
	at org.apache.ratis.thirdparty.io.netty.channel.AbstractChannelHandlerContext.fireChannelRead(AbstractChannelHandlerContext.java:412)
	at org.apache.ratis.thirdparty.io.netty.handler.codec.ByteToMessageDecoder.fireChannelRead(ByteToMessageDecoder.java:346)
	at org.apache.ratis.thirdparty.io.netty.handler.codec.ByteToMessageDecoder.channelRead(ByteToMessageDecoder.java:318)
	at org.apache.ratis.thirdparty.io.netty.channel.AbstractChannelHandlerContext.invokeChannelRead(AbstractChannelHandlerContext.java:444)
	at org.apache.ratis.thirdparty.io.netty.channel.AbstractChannelHandlerContext.invokeChannelRead(AbstractChannelHandlerContext.java:420)
	at org.apache.ratis.thirdparty.io.netty.channel.AbstractChannelHandlerContext.fireChannelRead(AbstractChannelHandlerContext.java:412)
	at org.apache.ratis.thirdparty.io.netty.channel.DefaultChannelPipeline$HeadContext.channelRead(DefaultChannelPipeline.java:1410)
	at org.apache.ratis.thirdparty.io.netty.channel.AbstractChannelHandlerContext.invokeChannelRead(AbstractChannelHandlerContext.java:440)
	at org.apache.ratis.thirdparty.io.netty.channel.AbstractChannelHandlerContext.invokeChannelRead(AbstractChannelHandlerContext.java:420)
	at org.apache.ratis.thirdparty.io.netty.channel.DefaultChannelPipeline.fireChannelRead(DefaultChannelPipeline.java:919)
	at org.apache.ratis.thirdparty.io.netty.channel.epoll.AbstractEpollStreamChannel$EpollStreamUnsafe.epollInReady(AbstractEpollStreamChannel.java:801)
	at org.apache.ratis.thirdparty.io.netty.channel.epoll.EpollEventLoop.processReady(EpollEventLoop.java:501)
	at org.apache.ratis.thirdparty.io.netty.channel.epoll.EpollEventLoop.run(EpollEventLoop.java:399)
	at org.apache.ratis.thirdparty.io.netty.util.concurrent.SingleThreadEventExecutor$4.run(SingleThreadEventExecutor.java:997)
	at org.apache.ratis.thirdparty.io.netty.util.internal.ThreadExecutorMap$2.run(ThreadExecutorMap.java:74)
	at java.lang.Thread.run(Thread.java:750)
2024-10-09 04:29:57,611 INFO  segmented.SegmentedRaftLogWorker (SegmentedRaftLogWorker.java:close(251)) - s10@group-C596DBC0762E-SegmentedRaftLogWorker close()
2024-10-09 04:29:57,611 TRACE util.FileUtils (FileUtils.java:deleteFully(305)) - deleteFully /home/runner/work/ratis/ratis/ratis-examples/target/test/data/6e6e5023/MiniRaftClusterWithNettya4857fb2/s10/1d4ddb65-0c33-4cad-9800-c596dbc0762e
2024-10-09 04:29:57,612 TRACE util.FileUtils (LogUtils.java:runAndLog(49)) - Successfully ran Files.delete /home/runner/work/ratis/ratis/ratis-examples/target/test/data/6e6e5023/MiniRaftClusterWithNettya4857fb2/s10/1d4ddb65-0c33-4cad-9800-c596dbc0762e/sm
2024-10-09 04:29:57,612 TRACE util.FileUtils (LogUtils.java:runAndLog(49)) - Successfully ran Files.delete /home/runner/work/ratis/ratis/ratis-examples/target/test/data/6e6e5023/MiniRaftClusterWithNettya4857fb2/s10/1d4ddb65-0c33-4cad-9800-c596dbc0762e/in_use.lock
2024-10-09 04:29:57,612 TRACE util.FileUtils (LogUtils.java:runAndLog(49)) - Successfully ran Files.delete /home/runner/work/ratis/ratis/ratis-examples/target/test/data/6e6e5023/MiniRaftClusterWithNettya4857fb2/s10/1d4ddb65-0c33-4cad-9800-c596dbc0762e/current/raft-meta.conf
2024-10-09 04:29:57,612 TRACE util.FileUtils (LogUtils.java:runAndLog(49)) - Successfully ran Files.delete /home/runner/work/ratis/ratis/ratis-examples/target/test/data/6e6e5023/MiniRaftClusterWithNettya4857fb2/s10/1d4ddb65-0c33-4cad-9800-c596dbc0762e/current/raft-meta
2024-10-09 04:29:57,612 TRACE util.FileUtils (LogUtils.java:runAndLog(49)) - Successfully ran Files.delete /home/runner/work/ratis/ratis/ratis-examples/target/test/data/6e6e5023/MiniRaftClusterWithNettya4857fb2/s10/1d4ddb65-0c33-4cad-9800-c596dbc0762e/current/log_inprogress_0
2024-10-09 04:29:57,612 TRACE util.FileUtils (LogUtils.java:runAndLog(49)) - Successfully ran Files.delete /home/runner/work/ratis/ratis/ratis-examples/target/test/data/6e6e5023/MiniRaftClusterWithNettya4857fb2/s10/1d4ddb65-0c33-4cad-9800-c596dbc0762e/current
2024-10-09 04:29:57,612 TRACE util.FileUtils (LogUtils.java:runAndLog(49)) - Successfully ran Files.delete /home/runner/work/ratis/ratis/ratis-examples/target/test/data/6e6e5023/MiniRaftClusterWithNettya4857fb2/s10/1d4ddb65-0c33-4cad-9800-c596dbc0762e
2024-10-09 04:29:57,613 INFO  server.RaftServer$Division (RaftServerImpl.java:groupRemove(481)) - s10@group-C596DBC0762E: Succeed to remove RaftStorageDirectory Storage Directory /home/runner/work/ratis/ratis/ratis-examples/target/test/data/6e6e5023/MiniRaftClusterWithNettya4857fb2/s10/1d4ddb65-0c33-4cad-9800-c596dbc0762e
2024-10-09 04:29:57,615 INFO  netty.NettyUtils (NettyUtils.java:newEventLoopGroup(74)) - Create EpollEventLoopGroup for client-4FE77E823276; Thread size is 0.
2024-10-09 04:29:57,616 INFO  logging.LoggingHandler (AbstractInternalLogger.java:log(148)) - [id: 0xadcfcd76, L:/0.0.0.0:15015] READ: [id: 0x40e8b574, L:/127.0.0.1:15015 - R:/127.0.0.1:41650]
2024-10-09 04:29:57,616 INFO  logging.LoggingHandler (AbstractInternalLogger.java:log(148)) - [id: 0xadcfcd76, L:/0.0.0.0:15015] READ COMPLETE
2024-10-09 04:29:57,616 INFO  server.RaftServer (RaftServerProxy.java:remove(112)) - s0: remove    LEADER s0@group-C596DBC0762E:t1, leader=s0, voted=s0, raftlog=Memoized:s0@group-C596DBC0762E-SegmentedRaftLog:OPENED:c120:last(t:1, i:120), conf=conf: {index: 0, cur=peers:[s10|0.0.0.0:15025, s0|0.0.0.0:15015, s1|0.0.0.0:15016]|listeners:[], old=null} RUNNING
2024-10-09 04:29:57,617 INFO  server.RaftServer$Division (RaftServerImpl.java:lambda$close$1(511)) - s0@group-C596DBC0762E: shutdown
2024-10-09 04:29:57,617 INFO  util.JmxRegister (JmxRegister.java:unregister(74)) - Successfully un-registered JMX Bean with object name Ratis:service=RaftServer,group=group-C596DBC0762E,id=s0
2024-10-09 04:29:57,617 INFO  impl.RoleInfo (RoleInfo.java:shutdownLeaderState(103)) - s0: shutdown s0@group-C596DBC0762E-LeaderStateImpl
2024-10-09 04:29:57,617 INFO  leader.LogAppenderDaemon (LogAppenderDaemon.java:run(85)) - s0@group-C596DBC0762E->s1-LogAppenderDefault-LogAppenderDaemon was interrupted: java.lang.InterruptedException
2024-10-09 04:29:57,617 INFO  impl.PendingRequests (PendingRequests.java:sendNotLeaderResponses(287)) - s0@group-C596DBC0762E-PendingRequests: sendNotLeaderResponses
2024-10-09 04:29:57,618 INFO  leader.LogAppenderDaemon (LogAppenderDaemon.java:run(85)) - s0@group-C596DBC0762E->s10-LogAppenderDefault-LogAppenderDaemon was interrupted: java.lang.InterruptedException
2024-10-09 04:29:57,618 INFO  impl.StateMachineUpdater (StateMachineUpdater.java:stopAndJoin(164)) - s0@group-C596DBC0762E-StateMachineUpdater: set stopIndex = 120
2024-10-09 04:29:57,618 INFO  impl.StateMachineUpdater (StateMachineUpdater.java:stop(141)) - s0@group-C596DBC0762E-StateMachineUpdater: closing ArithmeticStateMachine, lastApplied=(t:1, i:120)
2024-10-09 04:29:57,618 INFO  util.AwaitToRun (AwaitToRun.java:run(49)) - s0@group-C596DBC0762E-cacheEviction-AwaitToRun-AwaitForSignal is interrupted
2024-10-09 04:29:57,804 INFO  impl.FollowerState (FollowerState.java:runImpl(156)) - s1@group-C596DBC0762E-FollowerState: change to CANDIDATE, lastRpcElapsedTime:317038011ns, electionTimeout:308ms
2024-10-09 04:29:57,804 INFO  impl.RoleInfo (RoleInfo.java:shutdownFollowerState(121)) - s1: shutdown s1@group-C596DBC0762E-FollowerState
2024-10-09 04:29:57,804 INFO  server.RaftServer$Division (RaftServerImpl.java:setRole(379)) - s1@group-C596DBC0762E: changes role from  FOLLOWER to CANDIDATE at term 1 for changeToCandidate
2024-10-09 04:29:57,804 INFO  server.RaftServerConfigKeys (ConfUtils.java:logGet(46)) - raft.server.leaderelection.pre-vote = true (default)
2024-10-09 04:29:57,804 INFO  impl.RoleInfo (RoleInfo.java:updateAndGet(148)) - s1: start s1@group-C596DBC0762E-LeaderElection28
2024-10-09 04:29:57,804 INFO  server.RaftServer$Division (ServerState.java:setLeader(272)) - s1@group-C596DBC0762E: change Leader from s0 to null at term 1 for PRE_VOTE
2024-10-09 04:29:57,804 INFO  impl.LeaderElection (LeaderElection.java:askForVotes(337)) - s1@group-C596DBC0762E-LeaderElection28 PRE_VOTE round 0: submit vote requests at term 1 for conf: {index: 0, cur=peers:[s10|0.0.0.0:15025, s0|0.0.0.0:15015, s1|0.0.0.0:15016]|listeners:[], old=null}
2024-10-09 04:29:57,805 INFO  logging.LoggingHandler (AbstractInternalLogger.java:log(148)) - [id: 0x8c4b54da, L:/0.0.0.0:15025] READ: [id: 0xb6634c2f, L:/127.0.0.1:15025 - R:/127.0.0.1:41916]
2024-10-09 04:29:57,805 INFO  logging.LoggingHandler (AbstractInternalLogger.java:log(148)) - [id: 0xadcfcd76, L:/0.0.0.0:15015] READ: [id: 0x721c8c12, L:/127.0.0.1:15015 - R:/127.0.0.1:41652]
2024-10-09 04:29:57,805 INFO  logging.LoggingHandler (AbstractInternalLogger.java:log(148)) - [id: 0x8c4b54da, L:/0.0.0.0:15025] READ COMPLETE
2024-10-09 04:29:57,805 INFO  logging.LoggingHandler (AbstractInternalLogger.java:log(148)) - [id: 0xadcfcd76, L:/0.0.0.0:15015] READ COMPLETE
2024-10-09 04:29:57,808 INFO  impl.LeaderElection (LogUtils.java:infoOrTrace(136)) - s1@group-C596DBC0762E-LeaderElection28 got exception when requesting votes: java.util.concurrent.ExecutionException: org.apache.ratis.protocol.exceptions.GroupMismatchException: s0: group-C596DBC0762E not found.
2024-10-09 04:29:57,811 INFO  impl.LeaderElection (LogUtils.java:infoOrTrace(136)) - s1@group-C596DBC0762E-LeaderElection28 got exception when requesting votes: java.util.concurrent.ExecutionException: org.apache.ratis.protocol.exceptions.GroupMismatchException: s10: group-C596DBC0762E not found.
2024-10-09 04:29:57,811 INFO  impl.LeaderElection (LeaderElection.java:logAndReturn(90)) - s1@group-C596DBC0762E-LeaderElection28: PRE_VOTE REJECTED received 0 response(s) and 2 exception(s):
2024-10-09 04:29:57,811 INFO  impl.LeaderElection (LogUtils.java:infoOrTrace(136)) -   Exception 0: java.util.concurrent.ExecutionException: org.apache.ratis.protocol.exceptions.GroupMismatchException: s0: group-C596DBC0762E not found.
2024-10-09 04:29:57,811 INFO  impl.LeaderElection (LogUtils.java:infoOrTrace(136)) -   Exception 1: java.util.concurrent.ExecutionException: org.apache.ratis.protocol.exceptions.GroupMismatchException: s10: group-C596DBC0762E not found.
2024-10-09 04:29:57,811 INFO  impl.LeaderElection (LeaderElection.java:askForVotes(339)) - s1@group-C596DBC0762E-LeaderElection28 PRE_VOTE round 0: result REJECTED
2024-10-09 04:29:57,811 INFO  server.RaftServer$Division (RaftServerImpl.java:setRole(379)) - s1@group-C596DBC0762E: changes role from CANDIDATE to FOLLOWER at term 1 for REJECTED
2024-10-09 04:29:57,811 INFO  impl.RoleInfo (RoleInfo.java:shutdownLeaderElection(141)) - s1: shutdown s1@group-C596DBC0762E-LeaderElection28
2024-10-09 04:29:57,812 INFO  impl.RoleInfo (RoleInfo.java:updateAndGet(148)) - s1: start s1@group-C596DBC0762E-FollowerState
2024-10-09 04:29:58,224 INFO  impl.FollowerState (FollowerState.java:runImpl(156)) - s1@group-C596DBC0762E-FollowerState: change to CANDIDATE, lastRpcElapsedTime:412436825ns, electionTimeout:412ms
2024-10-09 04:29:58,224 INFO  impl.RoleInfo (RoleInfo.java:shutdownFollowerState(121)) - s1: shutdown s1@group-C596DBC0762E-FollowerState
2024-10-09 04:29:58,224 INFO  server.RaftServer$Division (RaftServerImpl.java:setRole(379)) - s1@group-C596DBC0762E: changes role from  FOLLOWER to CANDIDATE at term 1 for changeToCandidate
2024-10-09 04:29:58,224 INFO  server.RaftServerConfigKeys (ConfUtils.java:logGet(46)) - raft.server.leaderelection.pre-vote = true (default)
2024-10-09 04:29:58,224 INFO  impl.RoleInfo (RoleInfo.java:updateAndGet(148)) - s1: start s1@group-C596DBC0762E-LeaderElection29
2024-10-09 04:29:58,224 INFO  impl.LeaderElection (LeaderElection.java:askForVotes(337)) - s1@group-C596DBC0762E-LeaderElection29 PRE_VOTE round 0: submit vote requests at term 1 for conf: {index: 0, cur=peers:[s10|0.0.0.0:15025, s0|0.0.0.0:15015, s1|0.0.0.0:15016]|listeners:[], old=null}
2024-10-09 04:29:58,226 INFO  impl.LeaderElection (LogUtils.java:infoOrTrace(136)) - s1@group-C596DBC0762E-LeaderElection29 got exception when requesting votes: java.util.concurrent.ExecutionException: org.apache.ratis.protocol.exceptions.GroupMismatchException: s0: group-C596DBC0762E not found.
2024-10-09 04:29:58,226 INFO  impl.LeaderElection (LogUtils.java:infoOrTrace(136)) - s1@group-C596DBC0762E-LeaderElection29 got exception when requesting votes: java.util.concurrent.ExecutionException: org.apache.ratis.protocol.exceptions.GroupMismatchException: s10: group-C596DBC0762E not found.
2024-10-09 04:29:58,226 INFO  impl.LeaderElection (LeaderElection.java:logAndReturn(90)) - s1@group-C596DBC0762E-LeaderElection29: PRE_VOTE REJECTED received 0 response(s) and 2 exception(s):
2024-10-09 04:29:58,226 INFO  impl.LeaderElection (LogUtils.java:infoOrTrace(136)) -   Exception 0: java.util.concurrent.ExecutionException: org.apache.ratis.protocol.exceptions.GroupMismatchException: s0: group-C596DBC0762E not found.
2024-10-09 04:29:58,226 INFO  impl.LeaderElection (LogUtils.java:infoOrTrace(136)) -   Exception 1: java.util.concurrent.ExecutionException: org.apache.ratis.protocol.exceptions.GroupMismatchException: s10: group-C596DBC0762E not found.
2024-10-09 04:29:58,227 INFO  impl.LeaderElection (LeaderElection.java:askForVotes(339)) - s1@group-C596DBC0762E-LeaderElection29 PRE_VOTE round 0: result REJECTED
2024-10-09 04:29:58,227 INFO  server.RaftServer$Division (RaftServerImpl.java:setRole(379)) - s1@group-C596DBC0762E: changes role from CANDIDATE to FOLLOWER at term 1 for REJECTED
2024-10-09 04:29:58,227 INFO  impl.RoleInfo (RoleInfo.java:shutdownLeaderElection(141)) - s1: shutdown s1@group-C596DBC0762E-LeaderElection29
2024-10-09 04:29:58,227 INFO  impl.RoleInfo (RoleInfo.java:updateAndGet(148)) - s1: start s1@group-C596DBC0762E-FollowerState
2024-10-09 04:29:58,580 INFO  impl.FollowerState (FollowerState.java:runImpl(156)) - s1@group-C596DBC0762E-FollowerState: change to CANDIDATE, lastRpcElapsedTime:353268991ns, electionTimeout:353ms
2024-10-09 04:29:58,580 INFO  impl.RoleInfo (RoleInfo.java:shutdownFollowerState(121)) - s1: shutdown s1@group-C596DBC0762E-FollowerState
2024-10-09 04:29:58,580 INFO  server.RaftServer$Division (RaftServerImpl.java:setRole(379)) - s1@group-C596DBC0762E: changes role from  FOLLOWER to CANDIDATE at term 1 for changeToCandidate
2024-10-09 04:29:58,580 INFO  server.RaftServerConfigKeys (ConfUtils.java:logGet(46)) - raft.server.leaderelection.pre-vote = true (default)
2024-10-09 04:29:58,580 INFO  impl.RoleInfo (RoleInfo.java:updateAndGet(148)) - s1: start s1@group-C596DBC0762E-LeaderElection30
2024-10-09 04:29:58,581 INFO  impl.LeaderElection (LeaderElection.java:askForVotes(337)) - s1@group-C596DBC0762E-LeaderElection30 PRE_VOTE round 0: submit vote requests at term 1 for conf: {index: 0, cur=peers:[s10|0.0.0.0:15025, s0|0.0.0.0:15015, s1|0.0.0.0:15016]|listeners:[], old=null}
2024-10-09 04:29:58,582 INFO  impl.LeaderElection (LogUtils.java:infoOrTrace(136)) - s1@group-C596DBC0762E-LeaderElection30 got exception when requesting votes: java.util.concurrent.ExecutionException: org.apache.ratis.protocol.exceptions.GroupMismatchException: s0: group-C596DBC0762E not found.
2024-10-09 04:29:58,582 INFO  impl.LeaderElection (LogUtils.java:infoOrTrace(136)) - s1@group-C596DBC0762E-LeaderElection30 got exception when requesting votes: java.util.concurrent.ExecutionException: org.apache.ratis.protocol.exceptions.GroupMismatchException: s10: group-C596DBC0762E not found.
2024-10-09 04:29:58,582 INFO  impl.LeaderElection (LeaderElection.java:logAndReturn(90)) - s1@group-C596DBC0762E-LeaderElection30: PRE_VOTE REJECTED received 0 response(s) and 2 exception(s):
2024-10-09 04:29:58,582 INFO  impl.LeaderElection (LogUtils.java:infoOrTrace(136)) -   Exception 0: java.util.concurrent.ExecutionException: org.apache.ratis.protocol.exceptions.GroupMismatchException: s0: group-C596DBC0762E not found.
2024-10-09 04:29:58,582 INFO  impl.LeaderElection (LogUtils.java:infoOrTrace(136)) -   Exception 1: java.util.concurrent.ExecutionException: org.apache.ratis.protocol.exceptions.GroupMismatchException: s10: group-C596DBC0762E not found.
2024-10-09 04:29:58,582 INFO  impl.LeaderElection (LeaderElection.java:askForVotes(339)) - s1@group-C596DBC0762E-LeaderElection30 PRE_VOTE round 0: result REJECTED
2024-10-09 04:29:58,582 INFO  server.RaftServer$Division (RaftServerImpl.java:setRole(379)) - s1@group-C596DBC0762E: changes role from CANDIDATE to FOLLOWER at term 1 for REJECTED
2024-10-09 04:29:58,582 INFO  impl.RoleInfo (RoleInfo.java:shutdownLeaderElection(141)) - s1: shutdown s1@group-C596DBC0762E-LeaderElection30
2024-10-09 04:29:58,582 INFO  impl.RoleInfo (RoleInfo.java:updateAndGet(148)) - s1: start s1@group-C596DBC0762E-FollowerState
2024-10-09 04:29:58,611 INFO  segmented.SegmentedRaftLogWorker (SegmentedRaftLogWorker.java:close(251)) - s0@group-C596DBC0762E-SegmentedRaftLogWorker close()
2024-10-09 04:29:58,611 TRACE util.FileUtils (FileUtils.java:deleteFully(305)) - deleteFully /home/runner/work/ratis/ratis/ratis-examples/target/test/data/6e6e5023/MiniRaftClusterWithNettya4857fb2/s0/1d4ddb65-0c33-4cad-9800-c596dbc0762e
2024-10-09 04:29:58,611 TRACE util.FileUtils (LogUtils.java:runAndLog(49)) - Successfully ran Files.delete /home/runner/work/ratis/ratis/ratis-examples/target/test/data/6e6e5023/MiniRaftClusterWithNettya4857fb2/s0/1d4ddb65-0c33-4cad-9800-c596dbc0762e/sm
2024-10-09 04:29:58,611 TRACE util.FileUtils (LogUtils.java:runAndLog(49)) - Successfully ran Files.delete /home/runner/work/ratis/ratis/ratis-examples/target/test/data/6e6e5023/MiniRaftClusterWithNettya4857fb2/s0/1d4ddb65-0c33-4cad-9800-c596dbc0762e/in_use.lock
2024-10-09 04:29:58,611 TRACE util.FileUtils (LogUtils.java:runAndLog(49)) - Successfully ran Files.delete /home/runner/work/ratis/ratis/ratis-examples/target/test/data/6e6e5023/MiniRaftClusterWithNettya4857fb2/s0/1d4ddb65-0c33-4cad-9800-c596dbc0762e/current/raft-meta.conf
2024-10-09 04:29:58,612 TRACE util.FileUtils (LogUtils.java:runAndLog(49)) - Successfully ran Files.delete /home/runner/work/ratis/ratis/ratis-examples/target/test/data/6e6e5023/MiniRaftClusterWithNettya4857fb2/s0/1d4ddb65-0c33-4cad-9800-c596dbc0762e/current/raft-meta
2024-10-09 04:29:58,612 TRACE util.FileUtils (LogUtils.java:runAndLog(49)) - Successfully ran Files.delete /home/runner/work/ratis/ratis/ratis-examples/target/test/data/6e6e5023/MiniRaftClusterWithNettya4857fb2/s0/1d4ddb65-0c33-4cad-9800-c596dbc0762e/current/log_inprogress_0
2024-10-09 04:29:58,612 TRACE util.FileUtils (LogUtils.java:runAndLog(49)) - Successfully ran Files.delete /home/runner/work/ratis/ratis/ratis-examples/target/test/data/6e6e5023/MiniRaftClusterWithNettya4857fb2/s0/1d4ddb65-0c33-4cad-9800-c596dbc0762e/current
2024-10-09 04:29:58,612 TRACE util.FileUtils (LogUtils.java:runAndLog(49)) - Successfully ran Files.delete /home/runner/work/ratis/ratis/ratis-examples/target/test/data/6e6e5023/MiniRaftClusterWithNettya4857fb2/s0/1d4ddb65-0c33-4cad-9800-c596dbc0762e
2024-10-09 04:29:58,612 INFO  server.RaftServer$Division (RaftServerImpl.java:groupRemove(481)) - s0@group-C596DBC0762E: Succeed to remove RaftStorageDirectory Storage Directory /home/runner/work/ratis/ratis/ratis-examples/target/test/data/6e6e5023/MiniRaftClusterWithNettya4857fb2/s0/1d4ddb65-0c33-4cad-9800-c596dbc0762e
2024-10-09 04:29:58,614 INFO  netty.NettyUtils (NettyUtils.java:newEventLoopGroup(74)) - Create EpollEventLoopGroup for client-08CFFC4BA2B6; Thread size is 0.
2024-10-09 04:29:58,615 INFO  logging.LoggingHandler (AbstractInternalLogger.java:log(148)) - [id: 0x6adfe881, L:/0.0.0.0:15016] READ: [id: 0x0f09f274, L:/127.0.0.1:15016 - R:/127.0.0.1:52832]
2024-10-09 04:29:58,615 INFO  logging.LoggingHandler (AbstractInternalLogger.java:log(148)) - [id: 0x6adfe881, L:/0.0.0.0:15016] READ COMPLETE
2024-10-09 04:29:58,616 INFO  server.RaftServer (RaftServerProxy.java:remove(112)) - s1: remove  FOLLOWER s1@group-C596DBC0762E:t1, leader=null, voted=s0, raftlog=Memoized:s1@group-C596DBC0762E-SegmentedRaftLog:OPENED:c120:last(t:1, i:120), conf=conf: {index: 0, cur=peers:[s10|0.0.0.0:15025, s0|0.0.0.0:15015, s1|0.0.0.0:15016]|listeners:[], old=null} RUNNING
2024-10-09 04:29:58,616 INFO  server.RaftServer$Division (RaftServerImpl.java:lambda$close$1(511)) - s1@group-C596DBC0762E: shutdown
2024-10-09 04:29:58,616 INFO  util.JmxRegister (JmxRegister.java:unregister(74)) - Successfully un-registered JMX Bean with object name Ratis:service=RaftServer,group=group-C596DBC0762E,id=s1
2024-10-09 04:29:58,616 INFO  impl.RoleInfo (RoleInfo.java:shutdownFollowerState(121)) - s1: shutdown s1@group-C596DBC0762E-FollowerState
2024-10-09 04:29:58,616 INFO  impl.StateMachineUpdater (StateMachineUpdater.java:stopAndJoin(164)) - s1@group-C596DBC0762E-StateMachineUpdater: set stopIndex = 120
2024-10-09 04:29:58,617 INFO  impl.FollowerState (FollowerState.java:runImpl(165)) - s1@group-C596DBC0762E-FollowerState was interrupted
2024-10-09 04:29:58,616 INFO  impl.StateMachineUpdater (StateMachineUpdater.java:stop(141)) - s1@group-C596DBC0762E-StateMachineUpdater: closing ArithmeticStateMachine, lastApplied=(t:1, i:120)
2024-10-09 04:29:58,617 INFO  util.AwaitToRun (AwaitToRun.java:run(49)) - s1@group-C596DBC0762E-cacheEviction-AwaitToRun-AwaitForSignal is interrupted
2024-10-09 04:29:59,294 INFO  impl.MiniRaftCluster (MiniRaftCluster.java:lambda$null$7(352)) - TIMED-PRINT: printing ALL groups
  s3:  RUNNING [
   FOLLOWER s3@group-DA40570646C7:t0, leader=null, voted=, raftlog=Memoized:s3@group-DA40570646C7-SegmentedRaftLog:OPENED:c-1:lastnull, conf=conf: {index: -1, cur=peers:[]|listeners:[], old=null} STARTING
   FOLLOWER s3@group-9A0367B0C765:t1, leader=s14, voted=s14, raftlog=Memoized:s3@group-9A0367B0C765-SegmentedRaftLog:OPENED:c120:last(t:1, i:120), conf=conf: {index: 0, cur=peers:[s3|0.0.0.0:15018, s14|0.0.0.0:15029, s2|0.0.0.0:15017]|listeners:[], old=null} RUNNING] size=2
  s4:  RUNNING [
   FOLLOWER s4@group-DA40570646C7:t0, leader=null, voted=, raftlog=Memoized:s4@group-DA40570646C7-SegmentedRaftLog:OPENED:c-1:lastnull, conf=conf: {index: -1, cur=peers:[]|listeners:[], old=null} STARTING
   FOLLOWER s4@group-DE92A9858D7E:t1, leader=s6, voted=s6, raftlog=Memoized:s4@group-DE92A9858D7E-SegmentedRaftLog:OPENED:c120:last(t:1, i:120), conf=conf: {index: 0, cur=peers:[s4|0.0.0.0:15019, s5|0.0.0.0:15020, s6|0.0.0.0:15021]|listeners:[], old=null} RUNNING] size=2
  s5:  RUNNING [
   FOLLOWER s5@group-DA40570646C7:t0, leader=null, voted=, raftlog=Memoized:s5@group-DA40570646C7-SegmentedRaftLog:OPENED:c-1:lastnull, conf=conf: {index: -1, cur=peers:[]|listeners:[], old=null} STARTING
   FOLLOWER s5@group-DE92A9858D7E:t1, leader=s6, voted=s6, raftlog=Memoized:s5@group-DE92A9858D7E-SegmentedRaftLog:OPENED:c120:last(t:1, i:120), conf=conf: {index: 0, cur=peers:[s4|0.0.0.0:15019, s5|0.0.0.0:15020, s6|0.0.0.0:15021]|listeners:[], old=null} RUNNING] size=2
  s6:  RUNNING [
   FOLLOWER s6@group-DA40570646C7:t0, leader=null, voted=, raftlog=Memoized:s6@group-DA40570646C7-SegmentedRaftLog:OPENED:c-1:lastnull, conf=conf: {index: -1, cur=peers:[]|listeners:[], old=null} STARTING
     LEADER s6@group-DE92A9858D7E:t1, leader=s6, voted=s6, raftlog=Memoized:s6@group-DE92A9858D7E-SegmentedRaftLog:OPENED:c120:last(t:1, i:120), conf=conf: {index: 0, cur=peers:[s4|0.0.0.0:15019, s5|0.0.0.0:15020, s6|0.0.0.0:15021]|listeners:[], old=null} RUNNING] size=2
  s7:  RUNNING [
   FOLLOWER s7@group-DA40570646C7:t0, leader=null, voted=, raftlog=Memoized:s7@group-DA40570646C7-SegmentedRaftLog:OPENED:c-1:lastnull, conf=conf: {index: -1, cur=peers:[]|listeners:[], old=null} STARTING
   FOLLOWER s7@group-BDFE845AF3B0:t1, leader=s9, voted=s9, raftlog=Memoized:s7@group-BDFE845AF3B0-SegmentedRaftLog:OPENED:c120:last(t:1, i:120), conf=conf: {index: 0, cur=peers:[s7|0.0.0.0:15022, s8|0.0.0.0:15023, s9|0.0.0.0:15024]|listeners:[], old=null} RUNNING] size=2
  s8:  RUNNING [
   FOLLOWER s8@group-DA40570646C7:t0, leader=null, voted=, raftlog=Memoized:s8@group-DA40570646C7-SegmentedRaftLog:OPENED:c-1:lastnull, conf=conf: {index: -1, cur=peers:[]|listeners:[], old=null} STARTING
   FOLLOWER s8@group-BDFE845AF3B0:t1, leader=s9, voted=s9, raftlog=Memoized:s8@group-BDFE845AF3B0-SegmentedRaftLog:OPENED:c120:last(t:1, i:120), conf=conf: {index: 0, cur=peers:[s7|0.0.0.0:15022, s8|0.0.0.0:15023, s9|0.0.0.0:15024]|listeners:[], old=null} RUNNING] size=2
  s9:  RUNNING [
   FOLLOWER s9@group-DA40570646C7:t0, leader=null, voted=, raftlog=Memoized:s9@group-DA40570646C7-SegmentedRaftLog:OPENED:c-1:lastnull, conf=conf: {index: -1, cur=peers:[]|listeners:[], old=null} STARTING
     LEADER s9@group-BDFE845AF3B0:t1, leader=s9, voted=s9, raftlog=Memoized:s9@group-BDFE845AF3B0-SegmentedRaftLog:OPENED:c120:last(t:1, i:120), conf=conf: {index: 0, cur=peers:[s7|0.0.0.0:15022, s8|0.0.0.0:15023, s9|0.0.0.0:15024]|listeners:[], old=null} RUNNING] size=2
  s11:  RUNNING [
   FOLLOWER s11@group-F62FDFAA15CF:t1, leader=s12, voted=s12, raftlog=Memoized:s11@group-F62FDFAA15CF-SegmentedRaftLog:OPENED:c120:last(t:1, i:120), conf=conf: {index: 0, cur=peers:[s11|0.0.0.0:15026, s13|0.0.0.0:15028, s12|0.0.0.0:15027]|listeners:[], old=null} RUNNING
   FOLLOWER s11@group-DA40570646C7:t0, leader=null, voted=, raftlog=Memoized:s11@group-DA40570646C7-SegmentedRaftLog:OPENED:c-1:lastnull, conf=conf: {index: -1, cur=peers:[]|listeners:[], old=null} STARTING] size=2
  s10:  RUNNING  FOLLOWER s10@group-DA40570646C7:t0, leader=null, voted=, raftlog=Memoized:s10@group-DA40570646C7-SegmentedRaftLog:OPENED:c-1:lastnull, conf=conf: {index: -1, cur=peers:[]|listeners:[], old=null} STARTING
  s13:  RUNNING [
   FOLLOWER s13@group-F62FDFAA15CF:t1, leader=s12, voted=s12, raftlog=Memoized:s13@group-F62FDFAA15CF-SegmentedRaftLog:OPENED:c120:last(t:1, i:120), conf=conf: {index: 0, cur=peers:[s11|0.0.0.0:15026, s13|0.0.0.0:15028, s12|0.0.0.0:15027]|listeners:[], old=null} RUNNING
   FOLLOWER s13@group-DA40570646C7:t0, leader=null, voted=, raftlog=Memoized:s13@group-DA40570646C7-SegmentedRaftLog:OPENED:c-1:lastnull, conf=conf: {index: -1, cur=peers:[]|listeners:[], old=null} STARTING] size=2
  s12:  RUNNING [
     LEADER s12@group-F62FDFAA15CF:t1, leader=s12, voted=s12, raftlog=Memoized:s12@group-F62FDFAA15CF-SegmentedRaftLog:OPENED:c120:last(t:1, i:120), conf=conf: {index: 0, cur=peers:[s11|0.0.0.0:15026, s13|0.0.0.0:15028, s12|0.0.0.0:15027]|listeners:[], old=null} RUNNING
   FOLLOWER s12@group-DA40570646C7:t0, leader=null, voted=, raftlog=Memoized:s12@group-DA40570646C7-SegmentedRaftLog:OPENED:c-1:lastnull, conf=conf: {index: -1, cur=peers:[]|listeners:[], old=null} STARTING] size=2
  s14:  RUNNING [
   FOLLOWER s14@group-DA40570646C7:t0, leader=null, voted=, raftlog=Memoized:s14@group-DA40570646C7-SegmentedRaftLog:OPENED:c-1:lastnull, conf=conf: {index: -1, cur=peers:[]|listeners:[], old=null} STARTING
     LEADER s14@group-9A0367B0C765:t1, leader=s14, voted=s14, raftlog=Memoized:s14@group-9A0367B0C765-SegmentedRaftLog:OPENED:c120:last(t:1, i:120), conf=conf: {index: 0, cur=peers:[s3|0.0.0.0:15018, s14|0.0.0.0:15029, s2|0.0.0.0:15017]|listeners:[], old=null} RUNNING] size=2
  s0:  RUNNING  FOLLOWER s0@group-DA40570646C7:t0, leader=null, voted=, raftlog=Memoized:s0@group-DA40570646C7-SegmentedRaftLog:OPENED:c-1:lastnull, conf=conf: {index: -1, cur=peers:[]|listeners:[], old=null} STARTING
  s1:  RUNNING  FOLLOWER s1@group-DA40570646C7:t0, leader=null, voted=, raftlog=Memoized:s1@group-DA40570646C7-SegmentedRaftLog:OPENED:c-1:lastnull, conf=conf: {index: -1, cur=peers:[]|listeners:[], old=null} STARTING
  s2:  RUNNING [
   FOLLOWER s2@group-DA40570646C7:t0, leader=null, voted=, raftlog=Memoized:s2@group-DA40570646C7-SegmentedRaftLog:OPENED:c-1:lastnull, conf=conf: {index: -1, cur=peers:[]|listeners:[], old=null} STARTING
   FOLLOWER s2@group-9A0367B0C765:t1, leader=s14, voted=s14, raftlog=Memoized:s2@group-9A0367B0C765-SegmentedRaftLog:OPENED:c120:last(t:1, i:120), conf=conf: {index: 0, cur=peers:[s3|0.0.0.0:15018, s14|0.0.0.0:15029, s2|0.0.0.0:15017]|listeners:[], old=null} RUNNING] size=2
2024-10-09 04:29:59,611 INFO  segmented.SegmentedRaftLogWorker (SegmentedRaftLogWorker.java:close(251)) - s1@group-C596DBC0762E-SegmentedRaftLogWorker close()
2024-10-09 04:29:59,612 TRACE util.FileUtils (FileUtils.java:deleteFully(305)) - deleteFully /home/runner/work/ratis/ratis/ratis-examples/target/test/data/6e6e5023/MiniRaftClusterWithNettya4857fb2/s1/1d4ddb65-0c33-4cad-9800-c596dbc0762e
2024-10-09 04:29:59,612 TRACE util.FileUtils (LogUtils.java:runAndLog(49)) - Successfully ran Files.delete /home/runner/work/ratis/ratis/ratis-examples/target/test/data/6e6e5023/MiniRaftClusterWithNettya4857fb2/s1/1d4ddb65-0c33-4cad-9800-c596dbc0762e/sm
2024-10-09 04:29:59,612 TRACE util.FileUtils (LogUtils.java:runAndLog(49)) - Successfully ran Files.delete /home/runner/work/ratis/ratis/ratis-examples/target/test/data/6e6e5023/MiniRaftClusterWithNettya4857fb2/s1/1d4ddb65-0c33-4cad-9800-c596dbc0762e/in_use.lock
2024-10-09 04:29:59,612 TRACE util.FileUtils (LogUtils.java:runAndLog(49)) - Successfully ran Files.delete /home/runner/work/ratis/ratis/ratis-examples/target/test/data/6e6e5023/MiniRaftClusterWithNettya4857fb2/s1/1d4ddb65-0c33-4cad-9800-c596dbc0762e/current/raft-meta.conf
2024-10-09 04:29:59,613 TRACE util.FileUtils (LogUtils.java:runAndLog(49)) - Successfully ran Files.delete /home/runner/work/ratis/ratis/ratis-examples/target/test/data/6e6e5023/MiniRaftClusterWithNettya4857fb2/s1/1d4ddb65-0c33-4cad-9800-c596dbc0762e/current/raft-meta
2024-10-09 04:29:59,613 TRACE util.FileUtils (LogUtils.java:runAndLog(49)) - Successfully ran Files.delete /home/runner/work/ratis/ratis/ratis-examples/target/test/data/6e6e5023/MiniRaftClusterWithNettya4857fb2/s1/1d4ddb65-0c33-4cad-9800-c596dbc0762e/current/log_inprogress_0
2024-10-09 04:29:59,613 TRACE util.FileUtils (LogUtils.java:runAndLog(49)) - Successfully ran Files.delete /home/runner/work/ratis/ratis/ratis-examples/target/test/data/6e6e5023/MiniRaftClusterWithNettya4857fb2/s1/1d4ddb65-0c33-4cad-9800-c596dbc0762e/current
2024-10-09 04:29:59,613 TRACE util.FileUtils (LogUtils.java:runAndLog(49)) - Successfully ran Files.delete /home/runner/work/ratis/ratis/ratis-examples/target/test/data/6e6e5023/MiniRaftClusterWithNettya4857fb2/s1/1d4ddb65-0c33-4cad-9800-c596dbc0762e
2024-10-09 04:29:59,613 INFO  server.RaftServer$Division (RaftServerImpl.java:groupRemove(481)) - s1@group-C596DBC0762E: Succeed to remove RaftStorageDirectory Storage Directory /home/runner/work/ratis/ratis/ratis-examples/target/test/data/6e6e5023/MiniRaftClusterWithNettya4857fb2/s1/1d4ddb65-0c33-4cad-9800-c596dbc0762e
2024-10-09 04:29:59,615 INFO  impl.GroupManagementBaseTest (GroupManagementBaseTest.java:runMultiGroupTest(299)) - 1) close printing group-F62FDFAA15CF
  s11:  RUNNING [
   FOLLOWER s11@group-F62FDFAA15CF:t1, leader=s12, voted=s12, raftlog=Memoized:s11@group-F62FDFAA15CF-SegmentedRaftLog:OPENED:c120:last(t:1, i:120), conf=conf: {index: 0, cur=peers:[s11|0.0.0.0:15026, s13|0.0.0.0:15028, s12|0.0.0.0:15027]|listeners:[], old=null} RUNNING
   FOLLOWER s11@group-DA40570646C7:t0, leader=null, voted=, raftlog=Memoized:s11@group-DA40570646C7-SegmentedRaftLog:OPENED:c-1:lastnull, conf=conf: {index: -1, cur=peers:[]|listeners:[], old=null} STARTING] size=2
  s13:  RUNNING [
   FOLLOWER s13@group-F62FDFAA15CF:t1, leader=s12, voted=s12, raftlog=Memoized:s13@group-F62FDFAA15CF-SegmentedRaftLog:OPENED:c120:last(t:1, i:120), conf=conf: {index: 0, cur=peers:[s11|0.0.0.0:15026, s13|0.0.0.0:15028, s12|0.0.0.0:15027]|listeners:[], old=null} RUNNING
   FOLLOWER s13@group-DA40570646C7:t0, leader=null, voted=, raftlog=Memoized:s13@group-DA40570646C7-SegmentedRaftLog:OPENED:c-1:lastnull, conf=conf: {index: -1, cur=peers:[]|listeners:[], old=null} STARTING] size=2
  s12:  RUNNING [
     LEADER s12@group-F62FDFAA15CF:t1, leader=s12, voted=s12, raftlog=Memoized:s12@group-F62FDFAA15CF-SegmentedRaftLog:OPENED:c120:last(t:1, i:120), conf=conf: {index: 0, cur=peers:[s11|0.0.0.0:15026, s13|0.0.0.0:15028, s12|0.0.0.0:15027]|listeners:[], old=null} RUNNING
   FOLLOWER s12@group-DA40570646C7:t0, leader=null, voted=, raftlog=Memoized:s12@group-DA40570646C7-SegmentedRaftLog:OPENED:c-1:lastnull, conf=conf: {index: -1, cur=peers:[]|listeners:[], old=null} STARTING] size=2
2024-10-09 04:29:59,615 INFO  netty.NettyUtils (NettyUtils.java:newEventLoopGroup(74)) - Create EpollEventLoopGroup for client-59B2918AD87A; Thread size is 0.
2024-10-09 04:29:59,617 INFO  logging.LoggingHandler (AbstractInternalLogger.java:log(148)) - [id: 0x1ca74bed, L:/0.0.0.0:15026] READ: [id: 0x2ddb06cb, L:/127.0.0.1:15026 - R:/127.0.0.1:46052]
2024-10-09 04:29:59,617 INFO  logging.LoggingHandler (AbstractInternalLogger.java:log(148)) - [id: 0x1ca74bed, L:/0.0.0.0:15026] READ COMPLETE
2024-10-09 04:29:59,618 INFO  server.RaftServer (RaftServerProxy.java:remove(112)) - s11: remove  FOLLOWER s11@group-F62FDFAA15CF:t1, leader=s12, voted=s12, raftlog=Memoized:s11@group-F62FDFAA15CF-SegmentedRaftLog:OPENED:c120:last(t:1, i:120), conf=conf: {index: 0, cur=peers:[s11|0.0.0.0:15026, s13|0.0.0.0:15028, s12|0.0.0.0:15027]|listeners:[], old=null} RUNNING
2024-10-09 04:29:59,618 INFO  server.RaftServer$Division (RaftServerImpl.java:lambda$close$1(511)) - s11@group-F62FDFAA15CF: shutdown
2024-10-09 04:29:59,618 INFO  util.JmxRegister (JmxRegister.java:unregister(74)) - Successfully un-registered JMX Bean with object name Ratis:service=RaftServer,group=group-F62FDFAA15CF,id=s11
2024-10-09 04:29:59,618 INFO  impl.RoleInfo (RoleInfo.java:shutdownFollowerState(121)) - s11: shutdown s11@group-F62FDFAA15CF-FollowerState
2024-10-09 04:29:59,619 INFO  impl.FollowerState (FollowerState.java:runImpl(165)) - s11@group-F62FDFAA15CF-FollowerState was interrupted
2024-10-09 04:29:59,619 INFO  impl.StateMachineUpdater (StateMachineUpdater.java:stopAndJoin(164)) - s11@group-F62FDFAA15CF-StateMachineUpdater: set stopIndex = 120
2024-10-09 04:29:59,619 INFO  impl.StateMachineUpdater (StateMachineUpdater.java:stop(141)) - s11@group-F62FDFAA15CF-StateMachineUpdater: closing ArithmeticStateMachine, lastApplied=(t:1, i:120)
2024-10-09 04:29:59,619 INFO  util.AwaitToRun (AwaitToRun.java:run(49)) - s11@group-F62FDFAA15CF-cacheEviction-AwaitToRun-AwaitForSignal is interrupted
2024-10-09 04:29:59,652 WARN  leader.LogAppender (LogAppenderDefault.java:sendAppendEntriesWithRetries(94)) - s12@group-F62FDFAA15CF->s11-LogAppenderDefault: Failed to appendEntries (retry=1)
org.apache.ratis.protocol.exceptions.GroupMismatchException: s11: group-F62FDFAA15CF not found.
	at org.apache.ratis.server.impl.RaftServerProxy$ImplMap.get(RaftServerProxy.java:156)
	at org.apache.ratis.server.impl.RaftServerProxy.getImplFuture(RaftServerProxy.java:366)
	at org.apache.ratis.server.impl.RaftServerProxy.getImpl(RaftServerProxy.java:375)
	at org.apache.ratis.server.impl.RaftServerProxy.getImpl(RaftServerProxy.java:370)
	at org.apache.ratis.server.impl.RaftServerProxy.appendEntries(RaftServerProxy.java:670)
	at org.apache.ratis.netty.server.NettyRpcService.handle(NettyRpcService.java:234)
	at org.apache.ratis.netty.server.NettyRpcService$InboundHandler.channelRead0(NettyRpcService.java:94)
	at org.apache.ratis.netty.server.NettyRpcService$InboundHandler.channelRead0(NettyRpcService.java:90)
	at org.apache.ratis.thirdparty.io.netty.channel.SimpleChannelInboundHandler.channelRead(SimpleChannelInboundHandler.java:99)
	at org.apache.ratis.thirdparty.io.netty.channel.AbstractChannelHandlerContext.invokeChannelRead(AbstractChannelHandlerContext.java:444)
	at org.apache.ratis.thirdparty.io.netty.channel.AbstractChannelHandlerContext.invokeChannelRead(AbstractChannelHandlerContext.java:420)
	at org.apache.ratis.thirdparty.io.netty.channel.AbstractChannelHandlerContext.fireChannelRead(AbstractChannelHandlerContext.java:412)
	at org.apache.ratis.thirdparty.io.netty.handler.codec.MessageToMessageDecoder.channelRead(MessageToMessageDecoder.java:103)
	at org.apache.ratis.thirdparty.io.netty.channel.AbstractChannelHandlerContext.invokeChannelRead(AbstractChannelHandlerContext.java:444)
	at org.apache.ratis.thirdparty.io.netty.channel.AbstractChannelHandlerContext.invokeChannelRead(AbstractChannelHandlerContext.java:420)
	at org.apache.ratis.thirdparty.io.netty.channel.AbstractChannelHandlerContext.fireChannelRead(AbstractChannelHandlerContext.java:412)
	at org.apache.ratis.thirdparty.io.netty.handler.codec.ByteToMessageDecoder.fireChannelRead(ByteToMessageDecoder.java:346)
	at org.apache.ratis.thirdparty.io.netty.handler.codec.ByteToMessageDecoder.channelRead(ByteToMessageDecoder.java:318)
	at org.apache.ratis.thirdparty.io.netty.channel.AbstractChannelHandlerContext.invokeChannelRead(AbstractChannelHandlerContext.java:444)
	at org.apache.ratis.thirdparty.io.netty.channel.AbstractChannelHandlerContext.invokeChannelRead(AbstractChannelHandlerContext.java:420)
	at org.apache.ratis.thirdparty.io.netty.channel.AbstractChannelHandlerContext.fireChannelRead(AbstractChannelHandlerContext.java:412)
	at org.apache.ratis.thirdparty.io.netty.channel.DefaultChannelPipeline$HeadContext.channelRead(DefaultChannelPipeline.java:1410)
	at org.apache.ratis.thirdparty.io.netty.channel.AbstractChannelHandlerContext.invokeChannelRead(AbstractChannelHandlerContext.java:440)
	at org.apache.ratis.thirdparty.io.netty.channel.AbstractChannelHandlerContext.invokeChannelRead(AbstractChannelHandlerContext.java:420)
	at org.apache.ratis.thirdparty.io.netty.channel.DefaultChannelPipeline.fireChannelRead(DefaultChannelPipeline.java:919)
	at org.apache.ratis.thirdparty.io.netty.channel.epoll.AbstractEpollStreamChannel$EpollStreamUnsafe.epollInReady(AbstractEpollStreamChannel.java:801)
	at org.apache.ratis.thirdparty.io.netty.channel.epoll.EpollEventLoop.processReady(EpollEventLoop.java:501)
	at org.apache.ratis.thirdparty.io.netty.channel.epoll.EpollEventLoop.run(EpollEventLoop.java:399)
	at org.apache.ratis.thirdparty.io.netty.util.concurrent.SingleThreadEventExecutor$4.run(SingleThreadEventExecutor.java:997)
	at org.apache.ratis.thirdparty.io.netty.util.internal.ThreadExecutorMap$2.run(ThreadExecutorMap.java:74)
	at java.lang.Thread.run(Thread.java:750)
2024-10-09 04:29:59,728 WARN  leader.LogAppender (LogAppenderDefault.java:sendAppendEntriesWithRetries(94)) - s12@group-F62FDFAA15CF->s11-LogAppenderDefault: Failed to appendEntries (retry=1)
org.apache.ratis.protocol.exceptions.GroupMismatchException: s11: group-F62FDFAA15CF not found.
	at org.apache.ratis.server.impl.RaftServerProxy$ImplMap.get(RaftServerProxy.java:156)
	at org.apache.ratis.server.impl.RaftServerProxy.getImplFuture(RaftServerProxy.java:366)
	at org.apache.ratis.server.impl.RaftServerProxy.getImpl(RaftServerProxy.java:375)
	at org.apache.ratis.server.impl.RaftServerProxy.getImpl(RaftServerProxy.java:370)
	at org.apache.ratis.server.impl.RaftServerProxy.appendEntries(RaftServerProxy.java:670)
	at org.apache.ratis.netty.server.NettyRpcService.handle(NettyRpcService.java:234)
	at org.apache.ratis.netty.server.NettyRpcService$InboundHandler.channelRead0(NettyRpcService.java:94)
	at org.apache.ratis.netty.server.NettyRpcService$InboundHandler.channelRead0(NettyRpcService.java:90)
	at org.apache.ratis.thirdparty.io.netty.channel.SimpleChannelInboundHandler.channelRead(SimpleChannelInboundHandler.java:99)
	at org.apache.ratis.thirdparty.io.netty.channel.AbstractChannelHandlerContext.invokeChannelRead(AbstractChannelHandlerContext.java:444)
	at org.apache.ratis.thirdparty.io.netty.channel.AbstractChannelHandlerContext.invokeChannelRead(AbstractChannelHandlerContext.java:420)
	at org.apache.ratis.thirdparty.io.netty.channel.AbstractChannelHandlerContext.fireChannelRead(AbstractChannelHandlerContext.java:412)
	at org.apache.ratis.thirdparty.io.netty.handler.codec.MessageToMessageDecoder.channelRead(MessageToMessageDecoder.java:103)
	at org.apache.ratis.thirdparty.io.netty.channel.AbstractChannelHandlerContext.invokeChannelRead(AbstractChannelHandlerContext.java:444)
	at org.apache.ratis.thirdparty.io.netty.channel.AbstractChannelHandlerContext.invokeChannelRead(AbstractChannelHandlerContext.java:420)
	at org.apache.ratis.thirdparty.io.netty.channel.AbstractChannelHandlerContext.fireChannelRead(AbstractChannelHandlerContext.java:412)
	at org.apache.ratis.thirdparty.io.netty.handler.codec.ByteToMessageDecoder.fireChannelRead(ByteToMessageDecoder.java:346)
	at org.apache.ratis.thirdparty.io.netty.handler.codec.ByteToMessageDecoder.channelRead(ByteToMessageDecoder.java:318)
	at org.apache.ratis.thirdparty.io.netty.channel.AbstractChannelHandlerContext.invokeChannelRead(AbstractChannelHandlerContext.java:444)
	at org.apache.ratis.thirdparty.io.netty.channel.AbstractChannelHandlerContext.invokeChannelRead(AbstractChannelHandlerContext.java:420)
	at org.apache.ratis.thirdparty.io.netty.channel.AbstractChannelHandlerContext.fireChannelRead(AbstractChannelHandlerContext.java:412)
	at org.apache.ratis.thirdparty.io.netty.channel.DefaultChannelPipeline$HeadContext.channelRead(DefaultChannelPipeline.java:1410)
	at org.apache.ratis.thirdparty.io.netty.channel.AbstractChannelHandlerContext.invokeChannelRead(AbstractChannelHandlerContext.java:440)
	at org.apache.ratis.thirdparty.io.netty.channel.AbstractChannelHandlerContext.invokeChannelRead(AbstractChannelHandlerContext.java:420)
	at org.apache.ratis.thirdparty.io.netty.channel.DefaultChannelPipeline.fireChannelRead(DefaultChannelPipeline.java:919)
	at org.apache.ratis.thirdparty.io.netty.channel.epoll.AbstractEpollStreamChannel$EpollStreamUnsafe.epollInReady(AbstractEpollStreamChannel.java:801)
	at org.apache.ratis.thirdparty.io.netty.channel.epoll.EpollEventLoop.processReady(EpollEventLoop.java:501)
	at org.apache.ratis.thirdparty.io.netty.channel.epoll.EpollEventLoop.run(EpollEventLoop.java:399)
	at org.apache.ratis.thirdparty.io.netty.util.concurrent.SingleThreadEventExecutor$4.run(SingleThreadEventExecutor.java:997)
	at org.apache.ratis.thirdparty.io.netty.util.internal.ThreadExecutorMap$2.run(ThreadExecutorMap.java:74)
	at java.lang.Thread.run(Thread.java:750)
2024-10-09 04:29:59,803 WARN  leader.LogAppender (LogAppenderDefault.java:sendAppendEntriesWithRetries(94)) - s12@group-F62FDFAA15CF->s11-LogAppenderDefault: Failed to appendEntries (retry=1)
org.apache.ratis.protocol.exceptions.GroupMismatchException: s11: group-F62FDFAA15CF not found.
	at org.apache.ratis.server.impl.RaftServerProxy$ImplMap.get(RaftServerProxy.java:156)
	at org.apache.ratis.server.impl.RaftServerProxy.getImplFuture(RaftServerProxy.java:366)
	at org.apache.ratis.server.impl.RaftServerProxy.getImpl(RaftServerProxy.java:375)
	at org.apache.ratis.server.impl.RaftServerProxy.getImpl(RaftServerProxy.java:370)
	at org.apache.ratis.server.impl.RaftServerProxy.appendEntries(RaftServerProxy.java:670)
	at org.apache.ratis.netty.server.NettyRpcService.handle(NettyRpcService.java:234)
	at org.apache.ratis.netty.server.NettyRpcService$InboundHandler.channelRead0(NettyRpcService.java:94)
	at org.apache.ratis.netty.server.NettyRpcService$InboundHandler.channelRead0(NettyRpcService.java:90)
	at org.apache.ratis.thirdparty.io.netty.channel.SimpleChannelInboundHandler.channelRead(SimpleChannelInboundHandler.java:99)
	at org.apache.ratis.thirdparty.io.netty.channel.AbstractChannelHandlerContext.invokeChannelRead(AbstractChannelHandlerContext.java:444)
	at org.apache.ratis.thirdparty.io.netty.channel.AbstractChannelHandlerContext.invokeChannelRead(AbstractChannelHandlerContext.java:420)
	at org.apache.ratis.thirdparty.io.netty.channel.AbstractChannelHandlerContext.fireChannelRead(AbstractChannelHandlerContext.java:412)
	at org.apache.ratis.thirdparty.io.netty.handler.codec.MessageToMessageDecoder.channelRead(MessageToMessageDecoder.java:103)
	at org.apache.ratis.thirdparty.io.netty.channel.AbstractChannelHandlerContext.invokeChannelRead(AbstractChannelHandlerContext.java:444)
	at org.apache.ratis.thirdparty.io.netty.channel.AbstractChannelHandlerContext.invokeChannelRead(AbstractChannelHandlerContext.java:420)
	at org.apache.ratis.thirdparty.io.netty.channel.AbstractChannelHandlerContext.fireChannelRead(AbstractChannelHandlerContext.java:412)
	at org.apache.ratis.thirdparty.io.netty.handler.codec.ByteToMessageDecoder.fireChannelRead(ByteToMessageDecoder.java:346)
	at org.apache.ratis.thirdparty.io.netty.handler.codec.ByteToMessageDecoder.channelRead(ByteToMessageDecoder.java:318)
	at org.apache.ratis.thirdparty.io.netty.channel.AbstractChannelHandlerContext.invokeChannelRead(AbstractChannelHandlerContext.java:444)
	at org.apache.ratis.thirdparty.io.netty.channel.AbstractChannelHandlerContext.invokeChannelRead(AbstractChannelHandlerContext.java:420)
	at org.apache.ratis.thirdparty.io.netty.channel.AbstractChannelHandlerContext.fireChannelRead(AbstractChannelHandlerContext.java:412)
	at org.apache.ratis.thirdparty.io.netty.channel.DefaultChannelPipeline$HeadContext.channelRead(DefaultChannelPipeline.java:1410)
	at org.apache.ratis.thirdparty.io.netty.channel.AbstractChannelHandlerContext.invokeChannelRead(AbstractChannelHandlerContext.java:440)
	at org.apache.ratis.thirdparty.io.netty.channel.AbstractChannelHandlerContext.invokeChannelRead(AbstractChannelHandlerContext.java:420)
	at org.apache.ratis.thirdparty.io.netty.channel.DefaultChannelPipeline.fireChannelRead(DefaultChannelPipeline.java:919)
	at org.apache.ratis.thirdparty.io.netty.channel.epoll.AbstractEpollStreamChannel$EpollStreamUnsafe.epollInReady(AbstractEpollStreamChannel.java:801)
	at org.apache.ratis.thirdparty.io.netty.channel.epoll.EpollEventLoop.processReady(EpollEventLoop.java:501)
	at org.apache.ratis.thirdparty.io.netty.channel.epoll.EpollEventLoop.run(EpollEventLoop.java:399)
	at org.apache.ratis.thirdparty.io.netty.util.concurrent.SingleThreadEventExecutor$4.run(SingleThreadEventExecutor.java:997)
	at org.apache.ratis.thirdparty.io.netty.util.internal.ThreadExecutorMap$2.run(ThreadExecutorMap.java:74)
	at java.lang.Thread.run(Thread.java:750)
2024-10-09 04:29:59,879 WARN  leader.LogAppender (LogAppenderDefault.java:sendAppendEntriesWithRetries(94)) - s12@group-F62FDFAA15CF->s11-LogAppenderDefault: Failed to appendEntries (retry=1)
org.apache.ratis.protocol.exceptions.GroupMismatchException: s11: group-F62FDFAA15CF not found.
	at org.apache.ratis.server.impl.RaftServerProxy$ImplMap.get(RaftServerProxy.java:156)
	at org.apache.ratis.server.impl.RaftServerProxy.getImplFuture(RaftServerProxy.java:366)
	at org.apache.ratis.server.impl.RaftServerProxy.getImpl(RaftServerProxy.java:375)
	at org.apache.ratis.server.impl.RaftServerProxy.getImpl(RaftServerProxy.java:370)
	at org.apache.ratis.server.impl.RaftServerProxy.appendEntries(RaftServerProxy.java:670)
	at org.apache.ratis.netty.server.NettyRpcService.handle(NettyRpcService.java:234)
	at org.apache.ratis.netty.server.NettyRpcService$InboundHandler.channelRead0(NettyRpcService.java:94)
	at org.apache.ratis.netty.server.NettyRpcService$InboundHandler.channelRead0(NettyRpcService.java:90)
	at org.apache.ratis.thirdparty.io.netty.channel.SimpleChannelInboundHandler.channelRead(SimpleChannelInboundHandler.java:99)
	at org.apache.ratis.thirdparty.io.netty.channel.AbstractChannelHandlerContext.invokeChannelRead(AbstractChannelHandlerContext.java:444)
	at org.apache.ratis.thirdparty.io.netty.channel.AbstractChannelHandlerContext.invokeChannelRead(AbstractChannelHandlerContext.java:420)
	at org.apache.ratis.thirdparty.io.netty.channel.AbstractChannelHandlerContext.fireChannelRead(AbstractChannelHandlerContext.java:412)
	at org.apache.ratis.thirdparty.io.netty.handler.codec.MessageToMessageDecoder.channelRead(MessageToMessageDecoder.java:103)
	at org.apache.ratis.thirdparty.io.netty.channel.AbstractChannelHandlerContext.invokeChannelRead(AbstractChannelHandlerContext.java:444)
	at org.apache.ratis.thirdparty.io.netty.channel.AbstractChannelHandlerContext.invokeChannelRead(AbstractChannelHandlerContext.java:420)
	at org.apache.ratis.thirdparty.io.netty.channel.AbstractChannelHandlerContext.fireChannelRead(AbstractChannelHandlerContext.java:412)
	at org.apache.ratis.thirdparty.io.netty.handler.codec.ByteToMessageDecoder.fireChannelRead(ByteToMessageDecoder.java:346)
	at org.apache.ratis.thirdparty.io.netty.handler.codec.ByteToMessageDecoder.channelRead(ByteToMessageDecoder.java:318)
	at org.apache.ratis.thirdparty.io.netty.channel.AbstractChannelHandlerContext.invokeChannelRead(AbstractChannelHandlerContext.java:444)
	at org.apache.ratis.thirdparty.io.netty.channel.AbstractChannelHandlerContext.invokeChannelRead(AbstractChannelHandlerContext.java:420)
	at org.apache.ratis.thirdparty.io.netty.channel.AbstractChannelHandlerContext.fireChannelRead(AbstractChannelHandlerContext.java:412)
	at org.apache.ratis.thirdparty.io.netty.channel.DefaultChannelPipeline$HeadContext.channelRead(DefaultChannelPipeline.java:1410)
	at org.apache.ratis.thirdparty.io.netty.channel.AbstractChannelHandlerContext.invokeChannelRead(AbstractChannelHandlerContext.java:440)
	at org.apache.ratis.thirdparty.io.netty.channel.AbstractChannelHandlerContext.invokeChannelRead(AbstractChannelHandlerContext.java:420)
	at org.apache.ratis.thirdparty.io.netty.channel.DefaultChannelPipeline.fireChannelRead(DefaultChannelPipeline.java:919)
	at org.apache.ratis.thirdparty.io.netty.channel.epoll.AbstractEpollStreamChannel$EpollStreamUnsafe.epollInReady(AbstractEpollStreamChannel.java:801)
	at org.apache.ratis.thirdparty.io.netty.channel.epoll.EpollEventLoop.processReady(EpollEventLoop.java:501)
	at org.apache.ratis.thirdparty.io.netty.channel.epoll.EpollEventLoop.run(EpollEventLoop.java:399)
	at org.apache.ratis.thirdparty.io.netty.util.concurrent.SingleThreadEventExecutor$4.run(SingleThreadEventExecutor.java:997)
	at org.apache.ratis.thirdparty.io.netty.util.internal.ThreadExecutorMap$2.run(ThreadExecutorMap.java:74)
	at java.lang.Thread.run(Thread.java:750)
2024-10-09 04:29:59,880 INFO  segmented.SegmentedRaftLogWorker (SegmentedRaftLogWorker.java:close(251)) - s11@group-F62FDFAA15CF-SegmentedRaftLogWorker close()
2024-10-09 04:29:59,880 TRACE util.FileUtils (FileUtils.java:deleteFully(305)) - deleteFully /home/runner/work/ratis/ratis/ratis-examples/target/test/data/6e6e5023/MiniRaftClusterWithNettya4857fb2/s11/0ae95374-4bed-4063-9be9-f62fdfaa15cf
2024-10-09 04:29:59,880 TRACE util.FileUtils (LogUtils.java:runAndLog(49)) - Successfully ran Files.delete /home/runner/work/ratis/ratis/ratis-examples/target/test/data/6e6e5023/MiniRaftClusterWithNettya4857fb2/s11/0ae95374-4bed-4063-9be9-f62fdfaa15cf/sm
2024-10-09 04:29:59,881 TRACE util.FileUtils (LogUtils.java:runAndLog(49)) - Successfully ran Files.delete /home/runner/work/ratis/ratis/ratis-examples/target/test/data/6e6e5023/MiniRaftClusterWithNettya4857fb2/s11/0ae95374-4bed-4063-9be9-f62fdfaa15cf/in_use.lock
2024-10-09 04:29:59,881 TRACE util.FileUtils (LogUtils.java:runAndLog(49)) - Successfully ran Files.delete /home/runner/work/ratis/ratis/ratis-examples/target/test/data/6e6e5023/MiniRaftClusterWithNettya4857fb2/s11/0ae95374-4bed-4063-9be9-f62fdfaa15cf/current/raft-meta.conf
2024-10-09 04:29:59,881 TRACE util.FileUtils (LogUtils.java:runAndLog(49)) - Successfully ran Files.delete /home/runner/work/ratis/ratis/ratis-examples/target/test/data/6e6e5023/MiniRaftClusterWithNettya4857fb2/s11/0ae95374-4bed-4063-9be9-f62fdfaa15cf/current/raft-meta
2024-10-09 04:29:59,881 TRACE util.FileUtils (LogUtils.java:runAndLog(49)) - Successfully ran Files.delete /home/runner/work/ratis/ratis/ratis-examples/target/test/data/6e6e5023/MiniRaftClusterWithNettya4857fb2/s11/0ae95374-4bed-4063-9be9-f62fdfaa15cf/current/log_inprogress_0
2024-10-09 04:29:59,881 TRACE util.FileUtils (LogUtils.java:runAndLog(49)) - Successfully ran Files.delete /home/runner/work/ratis/ratis/ratis-examples/target/test/data/6e6e5023/MiniRaftClusterWithNettya4857fb2/s11/0ae95374-4bed-4063-9be9-f62fdfaa15cf/current
2024-10-09 04:29:59,881 TRACE util.FileUtils (LogUtils.java:runAndLog(49)) - Successfully ran Files.delete /home/runner/work/ratis/ratis/ratis-examples/target/test/data/6e6e5023/MiniRaftClusterWithNettya4857fb2/s11/0ae95374-4bed-4063-9be9-f62fdfaa15cf
2024-10-09 04:29:59,881 INFO  server.RaftServer$Division (RaftServerImpl.java:groupRemove(481)) - s11@group-F62FDFAA15CF: Succeed to remove RaftStorageDirectory Storage Directory /home/runner/work/ratis/ratis/ratis-examples/target/test/data/6e6e5023/MiniRaftClusterWithNettya4857fb2/s11/0ae95374-4bed-4063-9be9-f62fdfaa15cf
2024-10-09 04:29:59,883 INFO  netty.NettyUtils (NettyUtils.java:newEventLoopGroup(74)) - Create EpollEventLoopGroup for client-FF2E7E1D3DB1; Thread size is 0.
2024-10-09 04:29:59,884 INFO  logging.LoggingHandler (AbstractInternalLogger.java:log(148)) - [id: 0xfb6ec67a, L:/0.0.0.0:15028] READ: [id: 0x7016d56d, L:/127.0.0.1:15028 - R:/127.0.0.1:37192]
2024-10-09 04:29:59,885 INFO  logging.LoggingHandler (AbstractInternalLogger.java:log(148)) - [id: 0xfb6ec67a, L:/0.0.0.0:15028] READ COMPLETE
2024-10-09 04:29:59,885 INFO  server.RaftServer (RaftServerProxy.java:remove(112)) - s13: remove  FOLLOWER s13@group-F62FDFAA15CF:t1, leader=s12, voted=s12, raftlog=Memoized:s13@group-F62FDFAA15CF-SegmentedRaftLog:OPENED:c120:last(t:1, i:120), conf=conf: {index: 0, cur=peers:[s11|0.0.0.0:15026, s13|0.0.0.0:15028, s12|0.0.0.0:15027]|listeners:[], old=null} RUNNING
2024-10-09 04:29:59,885 INFO  server.RaftServer$Division (RaftServerImpl.java:lambda$close$1(511)) - s13@group-F62FDFAA15CF: shutdown
2024-10-09 04:29:59,885 INFO  util.JmxRegister (JmxRegister.java:unregister(74)) - Successfully un-registered JMX Bean with object name Ratis:service=RaftServer,group=group-F62FDFAA15CF,id=s13
2024-10-09 04:29:59,885 INFO  impl.RoleInfo (RoleInfo.java:shutdownFollowerState(121)) - s13: shutdown s13@group-F62FDFAA15CF-FollowerState
2024-10-09 04:29:59,885 INFO  impl.StateMachineUpdater (StateMachineUpdater.java:stopAndJoin(164)) - s13@group-F62FDFAA15CF-StateMachineUpdater: set stopIndex = 120
2024-10-09 04:29:59,885 INFO  impl.FollowerState (FollowerState.java:runImpl(165)) - s13@group-F62FDFAA15CF-FollowerState was interrupted
2024-10-09 04:29:59,885 INFO  impl.StateMachineUpdater (StateMachineUpdater.java:stop(141)) - s13@group-F62FDFAA15CF-StateMachineUpdater: closing ArithmeticStateMachine, lastApplied=(t:1, i:120)
2024-10-09 04:29:59,886 INFO  util.AwaitToRun (AwaitToRun.java:run(49)) - s13@group-F62FDFAA15CF-cacheEviction-AwaitToRun-AwaitForSignal is interrupted
2024-10-09 04:29:59,953 WARN  leader.LogAppender (LogAppenderDefault.java:sendAppendEntriesWithRetries(94)) - s12@group-F62FDFAA15CF->s13-LogAppenderDefault: Failed to appendEntries (retry=1)
org.apache.ratis.protocol.exceptions.GroupMismatchException: s13: group-F62FDFAA15CF not found.
	at org.apache.ratis.server.impl.RaftServerProxy$ImplMap.get(RaftServerProxy.java:156)
	at org.apache.ratis.server.impl.RaftServerProxy.getImplFuture(RaftServerProxy.java:366)
	at org.apache.ratis.server.impl.RaftServerProxy.getImpl(RaftServerProxy.java:375)
	at org.apache.ratis.server.impl.RaftServerProxy.getImpl(RaftServerProxy.java:370)
	at org.apache.ratis.server.impl.RaftServerProxy.appendEntries(RaftServerProxy.java:670)
	at org.apache.ratis.netty.server.NettyRpcService.handle(NettyRpcService.java:234)
	at org.apache.ratis.netty.server.NettyRpcService$InboundHandler.channelRead0(NettyRpcService.java:94)
	at org.apache.ratis.netty.server.NettyRpcService$InboundHandler.channelRead0(NettyRpcService.java:90)
	at org.apache.ratis.thirdparty.io.netty.channel.SimpleChannelInboundHandler.channelRead(SimpleChannelInboundHandler.java:99)
	at org.apache.ratis.thirdparty.io.netty.channel.AbstractChannelHandlerContext.invokeChannelRead(AbstractChannelHandlerContext.java:444)
	at org.apache.ratis.thirdparty.io.netty.channel.AbstractChannelHandlerContext.invokeChannelRead(AbstractChannelHandlerContext.java:420)
	at org.apache.ratis.thirdparty.io.netty.channel.AbstractChannelHandlerContext.fireChannelRead(AbstractChannelHandlerContext.java:412)
	at org.apache.ratis.thirdparty.io.netty.handler.codec.MessageToMessageDecoder.channelRead(MessageToMessageDecoder.java:103)
	at org.apache.ratis.thirdparty.io.netty.channel.AbstractChannelHandlerContext.invokeChannelRead(AbstractChannelHandlerContext.java:444)
	at org.apache.ratis.thirdparty.io.netty.channel.AbstractChannelHandlerContext.invokeChannelRead(AbstractChannelHandlerContext.java:420)
	at org.apache.ratis.thirdparty.io.netty.channel.AbstractChannelHandlerContext.fireChannelRead(AbstractChannelHandlerContext.java:412)
	at org.apache.ratis.thirdparty.io.netty.handler.codec.ByteToMessageDecoder.fireChannelRead(ByteToMessageDecoder.java:346)
	at org.apache.ratis.thirdparty.io.netty.handler.codec.ByteToMessageDecoder.channelRead(ByteToMessageDecoder.java:318)
	at org.apache.ratis.thirdparty.io.netty.channel.AbstractChannelHandlerContext.invokeChannelRead(AbstractChannelHandlerContext.java:444)
	at org.apache.ratis.thirdparty.io.netty.channel.AbstractChannelHandlerContext.invokeChannelRead(AbstractChannelHandlerContext.java:420)
	at org.apache.ratis.thirdparty.io.netty.channel.AbstractChannelHandlerContext.fireChannelRead(AbstractChannelHandlerContext.java:412)
	at org.apache.ratis.thirdparty.io.netty.channel.DefaultChannelPipeline$HeadContext.channelRead(DefaultChannelPipeline.java:1410)
	at org.apache.ratis.thirdparty.io.netty.channel.AbstractChannelHandlerContext.invokeChannelRead(AbstractChannelHandlerContext.java:440)
	at org.apache.ratis.thirdparty.io.netty.channel.AbstractChannelHandlerContext.invokeChannelRead(AbstractChannelHandlerContext.java:420)
	at org.apache.ratis.thirdparty.io.netty.channel.DefaultChannelPipeline.fireChannelRead(DefaultChannelPipeline.java:919)
	at org.apache.ratis.thirdparty.io.netty.channel.epoll.AbstractEpollStreamChannel$EpollStreamUnsafe.epollInReady(AbstractEpollStreamChannel.java:801)
	at org.apache.ratis.thirdparty.io.netty.channel.epoll.EpollEventLoop.processReady(EpollEventLoop.java:501)
	at org.apache.ratis.thirdparty.io.netty.channel.epoll.EpollEventLoop.run(EpollEventLoop.java:399)
	at org.apache.ratis.thirdparty.io.netty.util.concurrent.SingleThreadEventExecutor$4.run(SingleThreadEventExecutor.java:997)
	at org.apache.ratis.thirdparty.io.netty.util.internal.ThreadExecutorMap$2.run(ThreadExecutorMap.java:74)
	at java.lang.Thread.run(Thread.java:750)
2024-10-09 04:29:59,954 WARN  leader.LogAppender (LogAppenderDefault.java:sendAppendEntriesWithRetries(94)) - s12@group-F62FDFAA15CF->s11-LogAppenderDefault: Failed to appendEntries (retry=1)
org.apache.ratis.protocol.exceptions.GroupMismatchException: s11: group-F62FDFAA15CF not found.
	at org.apache.ratis.server.impl.RaftServerProxy$ImplMap.get(RaftServerProxy.java:156)
	at org.apache.ratis.server.impl.RaftServerProxy.getImplFuture(RaftServerProxy.java:366)
	at org.apache.ratis.server.impl.RaftServerProxy.getImpl(RaftServerProxy.java:375)
	at org.apache.ratis.server.impl.RaftServerProxy.getImpl(RaftServerProxy.java:370)
	at org.apache.ratis.server.impl.RaftServerProxy.appendEntries(RaftServerProxy.java:670)
	at org.apache.ratis.netty.server.NettyRpcService.handle(NettyRpcService.java:234)
	at org.apache.ratis.netty.server.NettyRpcService$InboundHandler.channelRead0(NettyRpcService.java:94)
	at org.apache.ratis.netty.server.NettyRpcService$InboundHandler.channelRead0(NettyRpcService.java:90)
	at org.apache.ratis.thirdparty.io.netty.channel.SimpleChannelInboundHandler.channelRead(SimpleChannelInboundHandler.java:99)
	at org.apache.ratis.thirdparty.io.netty.channel.AbstractChannelHandlerContext.invokeChannelRead(AbstractChannelHandlerContext.java:444)
	at org.apache.ratis.thirdparty.io.netty.channel.AbstractChannelHandlerContext.invokeChannelRead(AbstractChannelHandlerContext.java:420)
	at org.apache.ratis.thirdparty.io.netty.channel.AbstractChannelHandlerContext.fireChannelRead(AbstractChannelHandlerContext.java:412)
	at org.apache.ratis.thirdparty.io.netty.handler.codec.MessageToMessageDecoder.channelRead(MessageToMessageDecoder.java:103)
	at org.apache.ratis.thirdparty.io.netty.channel.AbstractChannelHandlerContext.invokeChannelRead(AbstractChannelHandlerContext.java:444)
	at org.apache.ratis.thirdparty.io.netty.channel.AbstractChannelHandlerContext.invokeChannelRead(AbstractChannelHandlerContext.java:420)
	at org.apache.ratis.thirdparty.io.netty.channel.AbstractChannelHandlerContext.fireChannelRead(AbstractChannelHandlerContext.java:412)
	at org.apache.ratis.thirdparty.io.netty.handler.codec.ByteToMessageDecoder.fireChannelRead(ByteToMessageDecoder.java:346)
	at org.apache.ratis.thirdparty.io.netty.handler.codec.ByteToMessageDecoder.channelRead(ByteToMessageDecoder.java:318)
	at org.apache.ratis.thirdparty.io.netty.channel.AbstractChannelHandlerContext.invokeChannelRead(AbstractChannelHandlerContext.java:444)
	at org.apache.ratis.thirdparty.io.netty.channel.AbstractChannelHandlerContext.invokeChannelRead(AbstractChannelHandlerContext.java:420)
	at org.apache.ratis.thirdparty.io.netty.channel.AbstractChannelHandlerContext.fireChannelRead(AbstractChannelHandlerContext.java:412)
	at org.apache.ratis.thirdparty.io.netty.channel.DefaultChannelPipeline$HeadContext.channelRead(DefaultChannelPipeline.java:1410)
	at org.apache.ratis.thirdparty.io.netty.channel.AbstractChannelHandlerContext.invokeChannelRead(AbstractChannelHandlerContext.java:440)
	at org.apache.ratis.thirdparty.io.netty.channel.AbstractChannelHandlerContext.invokeChannelRead(AbstractChannelHandlerContext.java:420)
	at org.apache.ratis.thirdparty.io.netty.channel.DefaultChannelPipeline.fireChannelRead(DefaultChannelPipeline.java:919)
	at org.apache.ratis.thirdparty.io.netty.channel.epoll.AbstractEpollStreamChannel$EpollStreamUnsafe.epollInReady(AbstractEpollStreamChannel.java:801)
	at org.apache.ratis.thirdparty.io.netty.channel.epoll.EpollEventLoop.processReady(EpollEventLoop.java:501)
	at org.apache.ratis.thirdparty.io.netty.channel.epoll.EpollEventLoop.run(EpollEventLoop.java:399)
	at org.apache.ratis.thirdparty.io.netty.util.concurrent.SingleThreadEventExecutor$4.run(SingleThreadEventExecutor.java:997)
	at org.apache.ratis.thirdparty.io.netty.util.internal.ThreadExecutorMap$2.run(ThreadExecutorMap.java:74)
	at java.lang.Thread.run(Thread.java:750)
2024-10-09 04:30:00,028 WARN  leader.LogAppender (LogAppenderDefault.java:sendAppendEntriesWithRetries(94)) - s12@group-F62FDFAA15CF->s13-LogAppenderDefault: Failed to appendEntries (retry=1)
org.apache.ratis.protocol.exceptions.GroupMismatchException: s13: group-F62FDFAA15CF not found.
	at org.apache.ratis.server.impl.RaftServerProxy$ImplMap.get(RaftServerProxy.java:156)
	at org.apache.ratis.server.impl.RaftServerProxy.getImplFuture(RaftServerProxy.java:366)
	at org.apache.ratis.server.impl.RaftServerProxy.getImpl(RaftServerProxy.java:375)
	at org.apache.ratis.server.impl.RaftServerProxy.getImpl(RaftServerProxy.java:370)
	at org.apache.ratis.server.impl.RaftServerProxy.appendEntries(RaftServerProxy.java:670)
	at org.apache.ratis.netty.server.NettyRpcService.handle(NettyRpcService.java:234)
	at org.apache.ratis.netty.server.NettyRpcService$InboundHandler.channelRead0(NettyRpcService.java:94)
	at org.apache.ratis.netty.server.NettyRpcService$InboundHandler.channelRead0(NettyRpcService.java:90)
	at org.apache.ratis.thirdparty.io.netty.channel.SimpleChannelInboundHandler.channelRead(SimpleChannelInboundHandler.java:99)
	at org.apache.ratis.thirdparty.io.netty.channel.AbstractChannelHandlerContext.invokeChannelRead(AbstractChannelHandlerContext.java:444)
	at org.apache.ratis.thirdparty.io.netty.channel.AbstractChannelHandlerContext.invokeChannelRead(AbstractChannelHandlerContext.java:420)
	at org.apache.ratis.thirdparty.io.netty.channel.AbstractChannelHandlerContext.fireChannelRead(AbstractChannelHandlerContext.java:412)
	at org.apache.ratis.thirdparty.io.netty.handler.codec.MessageToMessageDecoder.channelRead(MessageToMessageDecoder.java:103)
	at org.apache.ratis.thirdparty.io.netty.channel.AbstractChannelHandlerContext.invokeChannelRead(AbstractChannelHandlerContext.java:444)
	at org.apache.ratis.thirdparty.io.netty.channel.AbstractChannelHandlerContext.invokeChannelRead(AbstractChannelHandlerContext.java:420)
	at org.apache.ratis.thirdparty.io.netty.channel.AbstractChannelHandlerContext.fireChannelRead(AbstractChannelHandlerContext.java:412)
	at org.apache.ratis.thirdparty.io.netty.handler.codec.ByteToMessageDecoder.fireChannelRead(ByteToMessageDecoder.java:346)
	at org.apache.ratis.thirdparty.io.netty.handler.codec.ByteToMessageDecoder.channelRead(ByteToMessageDecoder.java:318)
	at org.apache.ratis.thirdparty.io.netty.channel.AbstractChannelHandlerContext.invokeChannelRead(AbstractChannelHandlerContext.java:444)
	at org.apache.ratis.thirdparty.io.netty.channel.AbstractChannelHandlerContext.invokeChannelRead(AbstractChannelHandlerContext.java:420)
	at org.apache.ratis.thirdparty.io.netty.channel.AbstractChannelHandlerContext.fireChannelRead(AbstractChannelHandlerContext.java:412)
	at org.apache.ratis.thirdparty.io.netty.channel.DefaultChannelPipeline$HeadContext.channelRead(DefaultChannelPipeline.java:1410)
	at org.apache.ratis.thirdparty.io.netty.channel.AbstractChannelHandlerContext.invokeChannelRead(AbstractChannelHandlerContext.java:440)
	at org.apache.ratis.thirdparty.io.netty.channel.AbstractChannelHandlerContext.invokeChannelRead(AbstractChannelHandlerContext.java:420)
	at org.apache.ratis.thirdparty.io.netty.channel.DefaultChannelPipeline.fireChannelRead(DefaultChannelPipeline.java:919)
	at org.apache.ratis.thirdparty.io.netty.channel.epoll.AbstractEpollStreamChannel$EpollStreamUnsafe.epollInReady(AbstractEpollStreamChannel.java:801)
	at org.apache.ratis.thirdparty.io.netty.channel.epoll.EpollEventLoop.processReady(EpollEventLoop.java:501)
	at org.apache.ratis.thirdparty.io.netty.channel.epoll.EpollEventLoop.run(EpollEventLoop.java:399)
	at org.apache.ratis.thirdparty.io.netty.util.concurrent.SingleThreadEventExecutor$4.run(SingleThreadEventExecutor.java:997)
	at org.apache.ratis.thirdparty.io.netty.util.internal.ThreadExecutorMap$2.run(ThreadExecutorMap.java:74)
	at java.lang.Thread.run(Thread.java:750)
2024-10-09 04:30:00,030 WARN  leader.LogAppender (LogAppenderDefault.java:sendAppendEntriesWithRetries(94)) - s12@group-F62FDFAA15CF->s11-LogAppenderDefault: Failed to appendEntries (retry=1)
org.apache.ratis.protocol.exceptions.GroupMismatchException: s11: group-F62FDFAA15CF not found.
	at org.apache.ratis.server.impl.RaftServerProxy$ImplMap.get(RaftServerProxy.java:156)
	at org.apache.ratis.server.impl.RaftServerProxy.getImplFuture(RaftServerProxy.java:366)
	at org.apache.ratis.server.impl.RaftServerProxy.getImpl(RaftServerProxy.java:375)
	at org.apache.ratis.server.impl.RaftServerProxy.getImpl(RaftServerProxy.java:370)
	at org.apache.ratis.server.impl.RaftServerProxy.appendEntries(RaftServerProxy.java:670)
	at org.apache.ratis.netty.server.NettyRpcService.handle(NettyRpcService.java:234)
	at org.apache.ratis.netty.server.NettyRpcService$InboundHandler.channelRead0(NettyRpcService.java:94)
	at org.apache.ratis.netty.server.NettyRpcService$InboundHandler.channelRead0(NettyRpcService.java:90)
	at org.apache.ratis.thirdparty.io.netty.channel.SimpleChannelInboundHandler.channelRead(SimpleChannelInboundHandler.java:99)
	at org.apache.ratis.thirdparty.io.netty.channel.AbstractChannelHandlerContext.invokeChannelRead(AbstractChannelHandlerContext.java:444)
	at org.apache.ratis.thirdparty.io.netty.channel.AbstractChannelHandlerContext.invokeChannelRead(AbstractChannelHandlerContext.java:420)
	at org.apache.ratis.thirdparty.io.netty.channel.AbstractChannelHandlerContext.fireChannelRead(AbstractChannelHandlerContext.java:412)
	at org.apache.ratis.thirdparty.io.netty.handler.codec.MessageToMessageDecoder.channelRead(MessageToMessageDecoder.java:103)
	at org.apache.ratis.thirdparty.io.netty.channel.AbstractChannelHandlerContext.invokeChannelRead(AbstractChannelHandlerContext.java:444)
	at org.apache.ratis.thirdparty.io.netty.channel.AbstractChannelHandlerContext.invokeChannelRead(AbstractChannelHandlerContext.java:420)
	at org.apache.ratis.thirdparty.io.netty.channel.AbstractChannelHandlerContext.fireChannelRead(AbstractChannelHandlerContext.java:412)
	at org.apache.ratis.thirdparty.io.netty.handler.codec.ByteToMessageDecoder.fireChannelRead(ByteToMessageDecoder.java:346)
	at org.apache.ratis.thirdparty.io.netty.handler.codec.ByteToMessageDecoder.channelRead(ByteToMessageDecoder.java:318)
	at org.apache.ratis.thirdparty.io.netty.channel.AbstractChannelHandlerContext.invokeChannelRead(AbstractChannelHandlerContext.java:444)
	at org.apache.ratis.thirdparty.io.netty.channel.AbstractChannelHandlerContext.invokeChannelRead(AbstractChannelHandlerContext.java:420)
	at org.apache.ratis.thirdparty.io.netty.channel.AbstractChannelHandlerContext.fireChannelRead(AbstractChannelHandlerContext.java:412)
	at org.apache.ratis.thirdparty.io.netty.channel.DefaultChannelPipeline$HeadContext.channelRead(DefaultChannelPipeline.java:1410)
	at org.apache.ratis.thirdparty.io.netty.channel.AbstractChannelHandlerContext.invokeChannelRead(AbstractChannelHandlerContext.java:440)
	at org.apache.ratis.thirdparty.io.netty.channel.AbstractChannelHandlerContext.invokeChannelRead(AbstractChannelHandlerContext.java:420)
	at org.apache.ratis.thirdparty.io.netty.channel.DefaultChannelPipeline.fireChannelRead(DefaultChannelPipeline.java:919)
	at org.apache.ratis.thirdparty.io.netty.channel.epoll.AbstractEpollStreamChannel$EpollStreamUnsafe.epollInReady(AbstractEpollStreamChannel.java:801)
	at org.apache.ratis.thirdparty.io.netty.channel.epoll.EpollEventLoop.processReady(EpollEventLoop.java:501)
	at org.apache.ratis.thirdparty.io.netty.channel.epoll.EpollEventLoop.run(EpollEventLoop.java:399)
	at org.apache.ratis.thirdparty.io.netty.util.concurrent.SingleThreadEventExecutor$4.run(SingleThreadEventExecutor.java:997)
	at org.apache.ratis.thirdparty.io.netty.util.internal.ThreadExecutorMap$2.run(ThreadExecutorMap.java:74)
	at java.lang.Thread.run(Thread.java:750)
2024-10-09 04:30:00,103 WARN  leader.LogAppender (LogAppenderDefault.java:sendAppendEntriesWithRetries(94)) - s12@group-F62FDFAA15CF->s13-LogAppenderDefault: Failed to appendEntries (retry=1)
org.apache.ratis.protocol.exceptions.GroupMismatchException: s13: group-F62FDFAA15CF not found.
	at org.apache.ratis.server.impl.RaftServerProxy$ImplMap.get(RaftServerProxy.java:156)
	at org.apache.ratis.server.impl.RaftServerProxy.getImplFuture(RaftServerProxy.java:366)
	at org.apache.ratis.server.impl.RaftServerProxy.getImpl(RaftServerProxy.java:375)
	at org.apache.ratis.server.impl.RaftServerProxy.getImpl(RaftServerProxy.java:370)
	at org.apache.ratis.server.impl.RaftServerProxy.appendEntries(RaftServerProxy.java:670)
	at org.apache.ratis.netty.server.NettyRpcService.handle(NettyRpcService.java:234)
	at org.apache.ratis.netty.server.NettyRpcService$InboundHandler.channelRead0(NettyRpcService.java:94)
	at org.apache.ratis.netty.server.NettyRpcService$InboundHandler.channelRead0(NettyRpcService.java:90)
	at org.apache.ratis.thirdparty.io.netty.channel.SimpleChannelInboundHandler.channelRead(SimpleChannelInboundHandler.java:99)
	at org.apache.ratis.thirdparty.io.netty.channel.AbstractChannelHandlerContext.invokeChannelRead(AbstractChannelHandlerContext.java:444)
	at org.apache.ratis.thirdparty.io.netty.channel.AbstractChannelHandlerContext.invokeChannelRead(AbstractChannelHandlerContext.java:420)
	at org.apache.ratis.thirdparty.io.netty.channel.AbstractChannelHandlerContext.fireChannelRead(AbstractChannelHandlerContext.java:412)
	at org.apache.ratis.thirdparty.io.netty.handler.codec.MessageToMessageDecoder.channelRead(MessageToMessageDecoder.java:103)
	at org.apache.ratis.thirdparty.io.netty.channel.AbstractChannelHandlerContext.invokeChannelRead(AbstractChannelHandlerContext.java:444)
	at org.apache.ratis.thirdparty.io.netty.channel.AbstractChannelHandlerContext.invokeChannelRead(AbstractChannelHandlerContext.java:420)
	at org.apache.ratis.thirdparty.io.netty.channel.AbstractChannelHandlerContext.fireChannelRead(AbstractChannelHandlerContext.java:412)
	at org.apache.ratis.thirdparty.io.netty.handler.codec.ByteToMessageDecoder.fireChannelRead(ByteToMessageDecoder.java:346)
	at org.apache.ratis.thirdparty.io.netty.handler.codec.ByteToMessageDecoder.channelRead(ByteToMessageDecoder.java:318)
	at org.apache.ratis.thirdparty.io.netty.channel.AbstractChannelHandlerContext.invokeChannelRead(AbstractChannelHandlerContext.java:444)
	at org.apache.ratis.thirdparty.io.netty.channel.AbstractChannelHandlerContext.invokeChannelRead(AbstractChannelHandlerContext.java:420)
	at org.apache.ratis.thirdparty.io.netty.channel.AbstractChannelHandlerContext.fireChannelRead(AbstractChannelHandlerContext.java:412)
	at org.apache.ratis.thirdparty.io.netty.channel.DefaultChannelPipeline$HeadContext.channelRead(DefaultChannelPipeline.java:1410)
	at org.apache.ratis.thirdparty.io.netty.channel.AbstractChannelHandlerContext.invokeChannelRead(AbstractChannelHandlerContext.java:440)
	at org.apache.ratis.thirdparty.io.netty.channel.AbstractChannelHandlerContext.invokeChannelRead(AbstractChannelHandlerContext.java:420)
	at org.apache.ratis.thirdparty.io.netty.channel.DefaultChannelPipeline.fireChannelRead(DefaultChannelPipeline.java:919)
	at org.apache.ratis.thirdparty.io.netty.channel.epoll.AbstractEpollStreamChannel$EpollStreamUnsafe.epollInReady(AbstractEpollStreamChannel.java:801)
	at org.apache.ratis.thirdparty.io.netty.channel.epoll.EpollEventLoop.processReady(EpollEventLoop.java:501)
	at org.apache.ratis.thirdparty.io.netty.channel.epoll.EpollEventLoop.run(EpollEventLoop.java:399)
	at org.apache.ratis.thirdparty.io.netty.util.concurrent.SingleThreadEventExecutor$4.run(SingleThreadEventExecutor.java:997)
	at org.apache.ratis.thirdparty.io.netty.util.internal.ThreadExecutorMap$2.run(ThreadExecutorMap.java:74)
	at java.lang.Thread.run(Thread.java:750)
2024-10-09 04:30:00,105 WARN  leader.LogAppender (LogAppenderDefault.java:sendAppendEntriesWithRetries(94)) - s12@group-F62FDFAA15CF->s11-LogAppenderDefault: Failed to appendEntries (retry=1)
org.apache.ratis.protocol.exceptions.GroupMismatchException: s11: group-F62FDFAA15CF not found.
	at org.apache.ratis.server.impl.RaftServerProxy$ImplMap.get(RaftServerProxy.java:156)
	at org.apache.ratis.server.impl.RaftServerProxy.getImplFuture(RaftServerProxy.java:366)
	at org.apache.ratis.server.impl.RaftServerProxy.getImpl(RaftServerProxy.java:375)
	at org.apache.ratis.server.impl.RaftServerProxy.getImpl(RaftServerProxy.java:370)
	at org.apache.ratis.server.impl.RaftServerProxy.appendEntries(RaftServerProxy.java:670)
	at org.apache.ratis.netty.server.NettyRpcService.handle(NettyRpcService.java:234)
	at org.apache.ratis.netty.server.NettyRpcService$InboundHandler.channelRead0(NettyRpcService.java:94)
	at org.apache.ratis.netty.server.NettyRpcService$InboundHandler.channelRead0(NettyRpcService.java:90)
	at org.apache.ratis.thirdparty.io.netty.channel.SimpleChannelInboundHandler.channelRead(SimpleChannelInboundHandler.java:99)
	at org.apache.ratis.thirdparty.io.netty.channel.AbstractChannelHandlerContext.invokeChannelRead(AbstractChannelHandlerContext.java:444)
	at org.apache.ratis.thirdparty.io.netty.channel.AbstractChannelHandlerContext.invokeChannelRead(AbstractChannelHandlerContext.java:420)
	at org.apache.ratis.thirdparty.io.netty.channel.AbstractChannelHandlerContext.fireChannelRead(AbstractChannelHandlerContext.java:412)
	at org.apache.ratis.thirdparty.io.netty.handler.codec.MessageToMessageDecoder.channelRead(MessageToMessageDecoder.java:103)
	at org.apache.ratis.thirdparty.io.netty.channel.AbstractChannelHandlerContext.invokeChannelRead(AbstractChannelHandlerContext.java:444)
	at org.apache.ratis.thirdparty.io.netty.channel.AbstractChannelHandlerContext.invokeChannelRead(AbstractChannelHandlerContext.java:420)
	at org.apache.ratis.thirdparty.io.netty.channel.AbstractChannelHandlerContext.fireChannelRead(AbstractChannelHandlerContext.java:412)
	at org.apache.ratis.thirdparty.io.netty.handler.codec.ByteToMessageDecoder.fireChannelRead(ByteToMessageDecoder.java:346)
	at org.apache.ratis.thirdparty.io.netty.handler.codec.ByteToMessageDecoder.channelRead(ByteToMessageDecoder.java:318)
	at org.apache.ratis.thirdparty.io.netty.channel.AbstractChannelHandlerContext.invokeChannelRead(AbstractChannelHandlerContext.java:444)
	at org.apache.ratis.thirdparty.io.netty.channel.AbstractChannelHandlerContext.invokeChannelRead(AbstractChannelHandlerContext.java:420)
	at org.apache.ratis.thirdparty.io.netty.channel.AbstractChannelHandlerContext.fireChannelRead(AbstractChannelHandlerContext.java:412)
	at org.apache.ratis.thirdparty.io.netty.channel.DefaultChannelPipeline$HeadContext.channelRead(DefaultChannelPipeline.java:1410)
	at org.apache.ratis.thirdparty.io.netty.channel.AbstractChannelHandlerContext.invokeChannelRead(AbstractChannelHandlerContext.java:440)
	at org.apache.ratis.thirdparty.io.netty.channel.AbstractChannelHandlerContext.invokeChannelRead(AbstractChannelHandlerContext.java:420)
	at org.apache.ratis.thirdparty.io.netty.channel.DefaultChannelPipeline.fireChannelRead(DefaultChannelPipeline.java:919)
	at org.apache.ratis.thirdparty.io.netty.channel.epoll.AbstractEpollStreamChannel$EpollStreamUnsafe.epollInReady(AbstractEpollStreamChannel.java:801)
	at org.apache.ratis.thirdparty.io.netty.channel.epoll.EpollEventLoop.processReady(EpollEventLoop.java:501)
	at org.apache.ratis.thirdparty.io.netty.channel.epoll.EpollEventLoop.run(EpollEventLoop.java:399)
	at org.apache.ratis.thirdparty.io.netty.util.concurrent.SingleThreadEventExecutor$4.run(SingleThreadEventExecutor.java:997)
	at org.apache.ratis.thirdparty.io.netty.util.internal.ThreadExecutorMap$2.run(ThreadExecutorMap.java:74)
	at java.lang.Thread.run(Thread.java:750)
2024-10-09 04:30:00,178 WARN  leader.LogAppender (LogAppenderDefault.java:sendAppendEntriesWithRetries(94)) - s12@group-F62FDFAA15CF->s13-LogAppenderDefault: Failed to appendEntries (retry=1)
org.apache.ratis.protocol.exceptions.GroupMismatchException: s13: group-F62FDFAA15CF not found.
	at org.apache.ratis.server.impl.RaftServerProxy$ImplMap.get(RaftServerProxy.java:156)
	at org.apache.ratis.server.impl.RaftServerProxy.getImplFuture(RaftServerProxy.java:366)
	at org.apache.ratis.server.impl.RaftServerProxy.getImpl(RaftServerProxy.java:375)
	at org.apache.ratis.server.impl.RaftServerProxy.getImpl(RaftServerProxy.java:370)
	at org.apache.ratis.server.impl.RaftServerProxy.appendEntries(RaftServerProxy.java:670)
	at org.apache.ratis.netty.server.NettyRpcService.handle(NettyRpcService.java:234)
	at org.apache.ratis.netty.server.NettyRpcService$InboundHandler.channelRead0(NettyRpcService.java:94)
	at org.apache.ratis.netty.server.NettyRpcService$InboundHandler.channelRead0(NettyRpcService.java:90)
	at org.apache.ratis.thirdparty.io.netty.channel.SimpleChannelInboundHandler.channelRead(SimpleChannelInboundHandler.java:99)
	at org.apache.ratis.thirdparty.io.netty.channel.AbstractChannelHandlerContext.invokeChannelRead(AbstractChannelHandlerContext.java:444)
	at org.apache.ratis.thirdparty.io.netty.channel.AbstractChannelHandlerContext.invokeChannelRead(AbstractChannelHandlerContext.java:420)
	at org.apache.ratis.thirdparty.io.netty.channel.AbstractChannelHandlerContext.fireChannelRead(AbstractChannelHandlerContext.java:412)
	at org.apache.ratis.thirdparty.io.netty.handler.codec.MessageToMessageDecoder.channelRead(MessageToMessageDecoder.java:103)
	at org.apache.ratis.thirdparty.io.netty.channel.AbstractChannelHandlerContext.invokeChannelRead(AbstractChannelHandlerContext.java:444)
	at org.apache.ratis.thirdparty.io.netty.channel.AbstractChannelHandlerContext.invokeChannelRead(AbstractChannelHandlerContext.java:420)
	at org.apache.ratis.thirdparty.io.netty.channel.AbstractChannelHandlerContext.fireChannelRead(AbstractChannelHandlerContext.java:412)
	at org.apache.ratis.thirdparty.io.netty.handler.codec.ByteToMessageDecoder.fireChannelRead(ByteToMessageDecoder.java:346)
	at org.apache.ratis.thirdparty.io.netty.handler.codec.ByteToMessageDecoder.channelRead(ByteToMessageDecoder.java:318)
	at org.apache.ratis.thirdparty.io.netty.channel.AbstractChannelHandlerContext.invokeChannelRead(AbstractChannelHandlerContext.java:444)
	at org.apache.ratis.thirdparty.io.netty.channel.AbstractChannelHandlerContext.invokeChannelRead(AbstractChannelHandlerContext.java:420)
	at org.apache.ratis.thirdparty.io.netty.channel.AbstractChannelHandlerContext.fireChannelRead(AbstractChannelHandlerContext.java:412)
	at org.apache.ratis.thirdparty.io.netty.channel.DefaultChannelPipeline$HeadContext.channelRead(DefaultChannelPipeline.java:1410)
	at org.apache.ratis.thirdparty.io.netty.channel.AbstractChannelHandlerContext.invokeChannelRead(AbstractChannelHandlerContext.java:440)
	at org.apache.ratis.thirdparty.io.netty.channel.AbstractChannelHandlerContext.invokeChannelRead(AbstractChannelHandlerContext.java:420)
	at org.apache.ratis.thirdparty.io.netty.channel.DefaultChannelPipeline.fireChannelRead(DefaultChannelPipeline.java:919)
	at org.apache.ratis.thirdparty.io.netty.channel.epoll.AbstractEpollStreamChannel$EpollStreamUnsafe.epollInReady(AbstractEpollStreamChannel.java:801)
	at org.apache.ratis.thirdparty.io.netty.channel.epoll.EpollEventLoop.processReady(EpollEventLoop.java:501)
	at org.apache.ratis.thirdparty.io.netty.channel.epoll.EpollEventLoop.run(EpollEventLoop.java:399)
	at org.apache.ratis.thirdparty.io.netty.util.concurrent.SingleThreadEventExecutor$4.run(SingleThreadEventExecutor.java:997)
	at org.apache.ratis.thirdparty.io.netty.util.internal.ThreadExecutorMap$2.run(ThreadExecutorMap.java:74)
	at java.lang.Thread.run(Thread.java:750)
2024-10-09 04:30:00,181 WARN  leader.LogAppender (LogAppenderDefault.java:sendAppendEntriesWithRetries(94)) - s12@group-F62FDFAA15CF->s11-LogAppenderDefault: Failed to appendEntries (retry=1)
org.apache.ratis.protocol.exceptions.GroupMismatchException: s11: group-F62FDFAA15CF not found.
	at org.apache.ratis.server.impl.RaftServerProxy$ImplMap.get(RaftServerProxy.java:156)
	at org.apache.ratis.server.impl.RaftServerProxy.getImplFuture(RaftServerProxy.java:366)
	at org.apache.ratis.server.impl.RaftServerProxy.getImpl(RaftServerProxy.java:375)
	at org.apache.ratis.server.impl.RaftServerProxy.getImpl(RaftServerProxy.java:370)
	at org.apache.ratis.server.impl.RaftServerProxy.appendEntries(RaftServerProxy.java:670)
	at org.apache.ratis.netty.server.NettyRpcService.handle(NettyRpcService.java:234)
	at org.apache.ratis.netty.server.NettyRpcService$InboundHandler.channelRead0(NettyRpcService.java:94)
	at org.apache.ratis.netty.server.NettyRpcService$InboundHandler.channelRead0(NettyRpcService.java:90)
	at org.apache.ratis.thirdparty.io.netty.channel.SimpleChannelInboundHandler.channelRead(SimpleChannelInboundHandler.java:99)
	at org.apache.ratis.thirdparty.io.netty.channel.AbstractChannelHandlerContext.invokeChannelRead(AbstractChannelHandlerContext.java:444)
	at org.apache.ratis.thirdparty.io.netty.channel.AbstractChannelHandlerContext.invokeChannelRead(AbstractChannelHandlerContext.java:420)
	at org.apache.ratis.thirdparty.io.netty.channel.AbstractChannelHandlerContext.fireChannelRead(AbstractChannelHandlerContext.java:412)
	at org.apache.ratis.thirdparty.io.netty.handler.codec.MessageToMessageDecoder.channelRead(MessageToMessageDecoder.java:103)
	at org.apache.ratis.thirdparty.io.netty.channel.AbstractChannelHandlerContext.invokeChannelRead(AbstractChannelHandlerContext.java:444)
	at org.apache.ratis.thirdparty.io.netty.channel.AbstractChannelHandlerContext.invokeChannelRead(AbstractChannelHandlerContext.java:420)
	at org.apache.ratis.thirdparty.io.netty.channel.AbstractChannelHandlerContext.fireChannelRead(AbstractChannelHandlerContext.java:412)
	at org.apache.ratis.thirdparty.io.netty.handler.codec.ByteToMessageDecoder.fireChannelRead(ByteToMessageDecoder.java:346)
	at org.apache.ratis.thirdparty.io.netty.handler.codec.ByteToMessageDecoder.channelRead(ByteToMessageDecoder.java:318)
	at org.apache.ratis.thirdparty.io.netty.channel.AbstractChannelHandlerContext.invokeChannelRead(AbstractChannelHandlerContext.java:444)
	at org.apache.ratis.thirdparty.io.netty.channel.AbstractChannelHandlerContext.invokeChannelRead(AbstractChannelHandlerContext.java:420)
	at org.apache.ratis.thirdparty.io.netty.channel.AbstractChannelHandlerContext.fireChannelRead(AbstractChannelHandlerContext.java:412)
	at org.apache.ratis.thirdparty.io.netty.channel.DefaultChannelPipeline$HeadContext.channelRead(DefaultChannelPipeline.java:1410)
	at org.apache.ratis.thirdparty.io.netty.channel.AbstractChannelHandlerContext.invokeChannelRead(AbstractChannelHandlerContext.java:440)
	at org.apache.ratis.thirdparty.io.netty.channel.AbstractChannelHandlerContext.invokeChannelRead(AbstractChannelHandlerContext.java:420)
	at org.apache.ratis.thirdparty.io.netty.channel.DefaultChannelPipeline.fireChannelRead(DefaultChannelPipeline.java:919)
	at org.apache.ratis.thirdparty.io.netty.channel.epoll.AbstractEpollStreamChannel$EpollStreamUnsafe.epollInReady(AbstractEpollStreamChannel.java:801)
	at org.apache.ratis.thirdparty.io.netty.channel.epoll.EpollEventLoop.processReady(EpollEventLoop.java:501)
	at org.apache.ratis.thirdparty.io.netty.channel.epoll.EpollEventLoop.run(EpollEventLoop.java:399)
	at org.apache.ratis.thirdparty.io.netty.util.concurrent.SingleThreadEventExecutor$4.run(SingleThreadEventExecutor.java:997)
	at org.apache.ratis.thirdparty.io.netty.util.internal.ThreadExecutorMap$2.run(ThreadExecutorMap.java:74)
	at java.lang.Thread.run(Thread.java:750)
2024-10-09 04:30:00,254 WARN  leader.LogAppender (LogAppenderDefault.java:sendAppendEntriesWithRetries(94)) - s12@group-F62FDFAA15CF->s13-LogAppenderDefault: Failed to appendEntries (retry=1)
org.apache.ratis.protocol.exceptions.GroupMismatchException: s13: group-F62FDFAA15CF not found.
	at org.apache.ratis.server.impl.RaftServerProxy$ImplMap.get(RaftServerProxy.java:156)
	at org.apache.ratis.server.impl.RaftServerProxy.getImplFuture(RaftServerProxy.java:366)
	at org.apache.ratis.server.impl.RaftServerProxy.getImpl(RaftServerProxy.java:375)
	at org.apache.ratis.server.impl.RaftServerProxy.getImpl(RaftServerProxy.java:370)
	at org.apache.ratis.server.impl.RaftServerProxy.appendEntries(RaftServerProxy.java:670)
	at org.apache.ratis.netty.server.NettyRpcService.handle(NettyRpcService.java:234)
	at org.apache.ratis.netty.server.NettyRpcService$InboundHandler.channelRead0(NettyRpcService.java:94)
	at org.apache.ratis.netty.server.NettyRpcService$InboundHandler.channelRead0(NettyRpcService.java:90)
	at org.apache.ratis.thirdparty.io.netty.channel.SimpleChannelInboundHandler.channelRead(SimpleChannelInboundHandler.java:99)
	at org.apache.ratis.thirdparty.io.netty.channel.AbstractChannelHandlerContext.invokeChannelRead(AbstractChannelHandlerContext.java:444)
	at org.apache.ratis.thirdparty.io.netty.channel.AbstractChannelHandlerContext.invokeChannelRead(AbstractChannelHandlerContext.java:420)
	at org.apache.ratis.thirdparty.io.netty.channel.AbstractChannelHandlerContext.fireChannelRead(AbstractChannelHandlerContext.java:412)
	at org.apache.ratis.thirdparty.io.netty.handler.codec.MessageToMessageDecoder.channelRead(MessageToMessageDecoder.java:103)
	at org.apache.ratis.thirdparty.io.netty.channel.AbstractChannelHandlerContext.invokeChannelRead(AbstractChannelHandlerContext.java:444)
	at org.apache.ratis.thirdparty.io.netty.channel.AbstractChannelHandlerContext.invokeChannelRead(AbstractChannelHandlerContext.java:420)
	at org.apache.ratis.thirdparty.io.netty.channel.AbstractChannelHandlerContext.fireChannelRead(AbstractChannelHandlerContext.java:412)
	at org.apache.ratis.thirdparty.io.netty.handler.codec.ByteToMessageDecoder.fireChannelRead(ByteToMessageDecoder.java:346)
	at org.apache.ratis.thirdparty.io.netty.handler.codec.ByteToMessageDecoder.channelRead(ByteToMessageDecoder.java:318)
	at org.apache.ratis.thirdparty.io.netty.channel.AbstractChannelHandlerContext.invokeChannelRead(AbstractChannelHandlerContext.java:444)
	at org.apache.ratis.thirdparty.io.netty.channel.AbstractChannelHandlerContext.invokeChannelRead(AbstractChannelHandlerContext.java:420)
	at org.apache.ratis.thirdparty.io.netty.channel.AbstractChannelHandlerContext.fireChannelRead(AbstractChannelHandlerContext.java:412)
	at org.apache.ratis.thirdparty.io.netty.channel.DefaultChannelPipeline$HeadContext.channelRead(DefaultChannelPipeline.java:1410)
	at org.apache.ratis.thirdparty.io.netty.channel.AbstractChannelHandlerContext.invokeChannelRead(AbstractChannelHandlerContext.java:440)
	at org.apache.ratis.thirdparty.io.netty.channel.AbstractChannelHandlerContext.invokeChannelRead(AbstractChannelHandlerContext.java:420)
	at org.apache.ratis.thirdparty.io.netty.channel.DefaultChannelPipeline.fireChannelRead(DefaultChannelPipeline.java:919)
	at org.apache.ratis.thirdparty.io.netty.channel.epoll.AbstractEpollStreamChannel$EpollStreamUnsafe.epollInReady(AbstractEpollStreamChannel.java:801)
	at org.apache.ratis.thirdparty.io.netty.channel.epoll.EpollEventLoop.processReady(EpollEventLoop.java:501)
	at org.apache.ratis.thirdparty.io.netty.channel.epoll.EpollEventLoop.run(EpollEventLoop.java:399)
	at org.apache.ratis.thirdparty.io.netty.util.concurrent.SingleThreadEventExecutor$4.run(SingleThreadEventExecutor.java:997)
	at org.apache.ratis.thirdparty.io.netty.util.internal.ThreadExecutorMap$2.run(ThreadExecutorMap.java:74)
	at java.lang.Thread.run(Thread.java:750)
2024-10-09 04:30:00,257 WARN  leader.LogAppender (LogAppenderDefault.java:sendAppendEntriesWithRetries(94)) - s12@group-F62FDFAA15CF->s11-LogAppenderDefault: Failed to appendEntries (retry=1)
org.apache.ratis.protocol.exceptions.GroupMismatchException: s11: group-F62FDFAA15CF not found.
	at org.apache.ratis.server.impl.RaftServerProxy$ImplMap.get(RaftServerProxy.java:156)
	at org.apache.ratis.server.impl.RaftServerProxy.getImplFuture(RaftServerProxy.java:366)
	at org.apache.ratis.server.impl.RaftServerProxy.getImpl(RaftServerProxy.java:375)
	at org.apache.ratis.server.impl.RaftServerProxy.getImpl(RaftServerProxy.java:370)
	at org.apache.ratis.server.impl.RaftServerProxy.appendEntries(RaftServerProxy.java:670)
	at org.apache.ratis.netty.server.NettyRpcService.handle(NettyRpcService.java:234)
	at org.apache.ratis.netty.server.NettyRpcService$InboundHandler.channelRead0(NettyRpcService.java:94)
	at org.apache.ratis.netty.server.NettyRpcService$InboundHandler.channelRead0(NettyRpcService.java:90)
	at org.apache.ratis.thirdparty.io.netty.channel.SimpleChannelInboundHandler.channelRead(SimpleChannelInboundHandler.java:99)
	at org.apache.ratis.thirdparty.io.netty.channel.AbstractChannelHandlerContext.invokeChannelRead(AbstractChannelHandlerContext.java:444)
	at org.apache.ratis.thirdparty.io.netty.channel.AbstractChannelHandlerContext.invokeChannelRead(AbstractChannelHandlerContext.java:420)
	at org.apache.ratis.thirdparty.io.netty.channel.AbstractChannelHandlerContext.fireChannelRead(AbstractChannelHandlerContext.java:412)
	at org.apache.ratis.thirdparty.io.netty.handler.codec.MessageToMessageDecoder.channelRead(MessageToMessageDecoder.java:103)
	at org.apache.ratis.thirdparty.io.netty.channel.AbstractChannelHandlerContext.invokeChannelRead(AbstractChannelHandlerContext.java:444)
	at org.apache.ratis.thirdparty.io.netty.channel.AbstractChannelHandlerContext.invokeChannelRead(AbstractChannelHandlerContext.java:420)
	at org.apache.ratis.thirdparty.io.netty.channel.AbstractChannelHandlerContext.fireChannelRead(AbstractChannelHandlerContext.java:412)
	at org.apache.ratis.thirdparty.io.netty.handler.codec.ByteToMessageDecoder.fireChannelRead(ByteToMessageDecoder.java:346)
	at org.apache.ratis.thirdparty.io.netty.handler.codec.ByteToMessageDecoder.channelRead(ByteToMessageDecoder.java:318)
	at org.apache.ratis.thirdparty.io.netty.channel.AbstractChannelHandlerContext.invokeChannelRead(AbstractChannelHandlerContext.java:444)
	at org.apache.ratis.thirdparty.io.netty.channel.AbstractChannelHandlerContext.invokeChannelRead(AbstractChannelHandlerContext.java:420)
	at org.apache.ratis.thirdparty.io.netty.channel.AbstractChannelHandlerContext.fireChannelRead(AbstractChannelHandlerContext.java:412)
	at org.apache.ratis.thirdparty.io.netty.channel.DefaultChannelPipeline$HeadContext.channelRead(DefaultChannelPipeline.java:1410)
	at org.apache.ratis.thirdparty.io.netty.channel.AbstractChannelHandlerContext.invokeChannelRead(AbstractChannelHandlerContext.java:440)
	at org.apache.ratis.thirdparty.io.netty.channel.AbstractChannelHandlerContext.invokeChannelRead(AbstractChannelHandlerContext.java:420)
	at org.apache.ratis.thirdparty.io.netty.channel.DefaultChannelPipeline.fireChannelRead(DefaultChannelPipeline.java:919)
	at org.apache.ratis.thirdparty.io.netty.channel.epoll.AbstractEpollStreamChannel$EpollStreamUnsafe.epollInReady(AbstractEpollStreamChannel.java:801)
	at org.apache.ratis.thirdparty.io.netty.channel.epoll.EpollEventLoop.processReady(EpollEventLoop.java:501)
	at org.apache.ratis.thirdparty.io.netty.channel.epoll.EpollEventLoop.run(EpollEventLoop.java:399)
	at org.apache.ratis.thirdparty.io.netty.util.concurrent.SingleThreadEventExecutor$4.run(SingleThreadEventExecutor.java:997)
	at org.apache.ratis.thirdparty.io.netty.util.internal.ThreadExecutorMap$2.run(ThreadExecutorMap.java:74)
	at java.lang.Thread.run(Thread.java:750)
2024-10-09 04:30:00,330 WARN  leader.LogAppender (LogAppenderDefault.java:sendAppendEntriesWithRetries(94)) - s12@group-F62FDFAA15CF->s13-LogAppenderDefault: Failed to appendEntries (retry=1)
org.apache.ratis.protocol.exceptions.GroupMismatchException: s13: group-F62FDFAA15CF not found.
	at org.apache.ratis.server.impl.RaftServerProxy$ImplMap.get(RaftServerProxy.java:156)
	at org.apache.ratis.server.impl.RaftServerProxy.getImplFuture(RaftServerProxy.java:366)
	at org.apache.ratis.server.impl.RaftServerProxy.getImpl(RaftServerProxy.java:375)
	at org.apache.ratis.server.impl.RaftServerProxy.getImpl(RaftServerProxy.java:370)
	at org.apache.ratis.server.impl.RaftServerProxy.appendEntries(RaftServerProxy.java:670)
	at org.apache.ratis.netty.server.NettyRpcService.handle(NettyRpcService.java:234)
	at org.apache.ratis.netty.server.NettyRpcService$InboundHandler.channelRead0(NettyRpcService.java:94)
	at org.apache.ratis.netty.server.NettyRpcService$InboundHandler.channelRead0(NettyRpcService.java:90)
	at org.apache.ratis.thirdparty.io.netty.channel.SimpleChannelInboundHandler.channelRead(SimpleChannelInboundHandler.java:99)
	at org.apache.ratis.thirdparty.io.netty.channel.AbstractChannelHandlerContext.invokeChannelRead(AbstractChannelHandlerContext.java:444)
	at org.apache.ratis.thirdparty.io.netty.channel.AbstractChannelHandlerContext.invokeChannelRead(AbstractChannelHandlerContext.java:420)
	at org.apache.ratis.thirdparty.io.netty.channel.AbstractChannelHandlerContext.fireChannelRead(AbstractChannelHandlerContext.java:412)
	at org.apache.ratis.thirdparty.io.netty.handler.codec.MessageToMessageDecoder.channelRead(MessageToMessageDecoder.java:103)
	at org.apache.ratis.thirdparty.io.netty.channel.AbstractChannelHandlerContext.invokeChannelRead(AbstractChannelHandlerContext.java:444)
	at org.apache.ratis.thirdparty.io.netty.channel.AbstractChannelHandlerContext.invokeChannelRead(AbstractChannelHandlerContext.java:420)
	at org.apache.ratis.thirdparty.io.netty.channel.AbstractChannelHandlerContext.fireChannelRead(AbstractChannelHandlerContext.java:412)
	at org.apache.ratis.thirdparty.io.netty.handler.codec.ByteToMessageDecoder.fireChannelRead(ByteToMessageDecoder.java:346)
	at org.apache.ratis.thirdparty.io.netty.handler.codec.ByteToMessageDecoder.channelRead(ByteToMessageDecoder.java:318)
	at org.apache.ratis.thirdparty.io.netty.channel.AbstractChannelHandlerContext.invokeChannelRead(AbstractChannelHandlerContext.java:444)
	at org.apache.ratis.thirdparty.io.netty.channel.AbstractChannelHandlerContext.invokeChannelRead(AbstractChannelHandlerContext.java:420)
	at org.apache.ratis.thirdparty.io.netty.channel.AbstractChannelHandlerContext.fireChannelRead(AbstractChannelHandlerContext.java:412)
	at org.apache.ratis.thirdparty.io.netty.channel.DefaultChannelPipeline$HeadContext.channelRead(DefaultChannelPipeline.java:1410)
	at org.apache.ratis.thirdparty.io.netty.channel.AbstractChannelHandlerContext.invokeChannelRead(AbstractChannelHandlerContext.java:440)
	at org.apache.ratis.thirdparty.io.netty.channel.AbstractChannelHandlerContext.invokeChannelRead(AbstractChannelHandlerContext.java:420)
	at org.apache.ratis.thirdparty.io.netty.channel.DefaultChannelPipeline.fireChannelRead(DefaultChannelPipeline.java:919)
	at org.apache.ratis.thirdparty.io.netty.channel.epoll.AbstractEpollStreamChannel$EpollStreamUnsafe.epollInReady(AbstractEpollStreamChannel.java:801)
	at org.apache.ratis.thirdparty.io.netty.channel.epoll.EpollEventLoop.processReady(EpollEventLoop.java:501)
	at org.apache.ratis.thirdparty.io.netty.channel.epoll.EpollEventLoop.run(EpollEventLoop.java:399)
	at org.apache.ratis.thirdparty.io.netty.util.concurrent.SingleThreadEventExecutor$4.run(SingleThreadEventExecutor.java:997)
	at org.apache.ratis.thirdparty.io.netty.util.internal.ThreadExecutorMap$2.run(ThreadExecutorMap.java:74)
	at java.lang.Thread.run(Thread.java:750)
2024-10-09 04:30:00,333 WARN  leader.LogAppender (LogAppenderDefault.java:sendAppendEntriesWithRetries(94)) - s12@group-F62FDFAA15CF->s11-LogAppenderDefault: Failed to appendEntries (retry=1)
org.apache.ratis.protocol.exceptions.GroupMismatchException: s11: group-F62FDFAA15CF not found.
	at org.apache.ratis.server.impl.RaftServerProxy$ImplMap.get(RaftServerProxy.java:156)
	at org.apache.ratis.server.impl.RaftServerProxy.getImplFuture(RaftServerProxy.java:366)
	at org.apache.ratis.server.impl.RaftServerProxy.getImpl(RaftServerProxy.java:375)
	at org.apache.ratis.server.impl.RaftServerProxy.getImpl(RaftServerProxy.java:370)
	at org.apache.ratis.server.impl.RaftServerProxy.appendEntries(RaftServerProxy.java:670)
	at org.apache.ratis.netty.server.NettyRpcService.handle(NettyRpcService.java:234)
	at org.apache.ratis.netty.server.NettyRpcService$InboundHandler.channelRead0(NettyRpcService.java:94)
	at org.apache.ratis.netty.server.NettyRpcService$InboundHandler.channelRead0(NettyRpcService.java:90)
	at org.apache.ratis.thirdparty.io.netty.channel.SimpleChannelInboundHandler.channelRead(SimpleChannelInboundHandler.java:99)
	at org.apache.ratis.thirdparty.io.netty.channel.AbstractChannelHandlerContext.invokeChannelRead(AbstractChannelHandlerContext.java:444)
	at org.apache.ratis.thirdparty.io.netty.channel.AbstractChannelHandlerContext.invokeChannelRead(AbstractChannelHandlerContext.java:420)
	at org.apache.ratis.thirdparty.io.netty.channel.AbstractChannelHandlerContext.fireChannelRead(AbstractChannelHandlerContext.java:412)
	at org.apache.ratis.thirdparty.io.netty.handler.codec.MessageToMessageDecoder.channelRead(MessageToMessageDecoder.java:103)
	at org.apache.ratis.thirdparty.io.netty.channel.AbstractChannelHandlerContext.invokeChannelRead(AbstractChannelHandlerContext.java:444)
	at org.apache.ratis.thirdparty.io.netty.channel.AbstractChannelHandlerContext.invokeChannelRead(AbstractChannelHandlerContext.java:420)
	at org.apache.ratis.thirdparty.io.netty.channel.AbstractChannelHandlerContext.fireChannelRead(AbstractChannelHandlerContext.java:412)
	at org.apache.ratis.thirdparty.io.netty.handler.codec.ByteToMessageDecoder.fireChannelRead(ByteToMessageDecoder.java:346)
	at org.apache.ratis.thirdparty.io.netty.handler.codec.ByteToMessageDecoder.channelRead(ByteToMessageDecoder.java:318)
	at org.apache.ratis.thirdparty.io.netty.channel.AbstractChannelHandlerContext.invokeChannelRead(AbstractChannelHandlerContext.java:444)
	at org.apache.ratis.thirdparty.io.netty.channel.AbstractChannelHandlerContext.invokeChannelRead(AbstractChannelHandlerContext.java:420)
	at org.apache.ratis.thirdparty.io.netty.channel.AbstractChannelHandlerContext.fireChannelRead(AbstractChannelHandlerContext.java:412)
	at org.apache.ratis.thirdparty.io.netty.channel.DefaultChannelPipeline$HeadContext.channelRead(DefaultChannelPipeline.java:1410)
	at org.apache.ratis.thirdparty.io.netty.channel.AbstractChannelHandlerContext.invokeChannelRead(AbstractChannelHandlerContext.java:440)
	at org.apache.ratis.thirdparty.io.netty.channel.AbstractChannelHandlerContext.invokeChannelRead(AbstractChannelHandlerContext.java:420)
	at org.apache.ratis.thirdparty.io.netty.channel.DefaultChannelPipeline.fireChannelRead(DefaultChannelPipeline.java:919)
	at org.apache.ratis.thirdparty.io.netty.channel.epoll.AbstractEpollStreamChannel$EpollStreamUnsafe.epollInReady(AbstractEpollStreamChannel.java:801)
	at org.apache.ratis.thirdparty.io.netty.channel.epoll.EpollEventLoop.processReady(EpollEventLoop.java:501)
	at org.apache.ratis.thirdparty.io.netty.channel.epoll.EpollEventLoop.run(EpollEventLoop.java:399)
	at org.apache.ratis.thirdparty.io.netty.util.concurrent.SingleThreadEventExecutor$4.run(SingleThreadEventExecutor.java:997)
	at org.apache.ratis.thirdparty.io.netty.util.internal.ThreadExecutorMap$2.run(ThreadExecutorMap.java:74)
	at java.lang.Thread.run(Thread.java:750)
2024-10-09 04:30:00,405 WARN  leader.LogAppender (LogAppenderDefault.java:sendAppendEntriesWithRetries(94)) - s12@group-F62FDFAA15CF->s13-LogAppenderDefault: Failed to appendEntries (retry=1)
org.apache.ratis.protocol.exceptions.GroupMismatchException: s13: group-F62FDFAA15CF not found.
	at org.apache.ratis.server.impl.RaftServerProxy$ImplMap.get(RaftServerProxy.java:156)
	at org.apache.ratis.server.impl.RaftServerProxy.getImplFuture(RaftServerProxy.java:366)
	at org.apache.ratis.server.impl.RaftServerProxy.getImpl(RaftServerProxy.java:375)
	at org.apache.ratis.server.impl.RaftServerProxy.getImpl(RaftServerProxy.java:370)
	at org.apache.ratis.server.impl.RaftServerProxy.appendEntries(RaftServerProxy.java:670)
	at org.apache.ratis.netty.server.NettyRpcService.handle(NettyRpcService.java:234)
	at org.apache.ratis.netty.server.NettyRpcService$InboundHandler.channelRead0(NettyRpcService.java:94)
	at org.apache.ratis.netty.server.NettyRpcService$InboundHandler.channelRead0(NettyRpcService.java:90)
	at org.apache.ratis.thirdparty.io.netty.channel.SimpleChannelInboundHandler.channelRead(SimpleChannelInboundHandler.java:99)
	at org.apache.ratis.thirdparty.io.netty.channel.AbstractChannelHandlerContext.invokeChannelRead(AbstractChannelHandlerContext.java:444)
	at org.apache.ratis.thirdparty.io.netty.channel.AbstractChannelHandlerContext.invokeChannelRead(AbstractChannelHandlerContext.java:420)
	at org.apache.ratis.thirdparty.io.netty.channel.AbstractChannelHandlerContext.fireChannelRead(AbstractChannelHandlerContext.java:412)
	at org.apache.ratis.thirdparty.io.netty.handler.codec.MessageToMessageDecoder.channelRead(MessageToMessageDecoder.java:103)
	at org.apache.ratis.thirdparty.io.netty.channel.AbstractChannelHandlerContext.invokeChannelRead(AbstractChannelHandlerContext.java:444)
	at org.apache.ratis.thirdparty.io.netty.channel.AbstractChannelHandlerContext.invokeChannelRead(AbstractChannelHandlerContext.java:420)
	at org.apache.ratis.thirdparty.io.netty.channel.AbstractChannelHandlerContext.fireChannelRead(AbstractChannelHandlerContext.java:412)
	at org.apache.ratis.thirdparty.io.netty.handler.codec.ByteToMessageDecoder.fireChannelRead(ByteToMessageDecoder.java:346)
	at org.apache.ratis.thirdparty.io.netty.handler.codec.ByteToMessageDecoder.channelRead(ByteToMessageDecoder.java:318)
	at org.apache.ratis.thirdparty.io.netty.channel.AbstractChannelHandlerContext.invokeChannelRead(AbstractChannelHandlerContext.java:444)
	at org.apache.ratis.thirdparty.io.netty.channel.AbstractChannelHandlerContext.invokeChannelRead(AbstractChannelHandlerContext.java:420)
	at org.apache.ratis.thirdparty.io.netty.channel.AbstractChannelHandlerContext.fireChannelRead(AbstractChannelHandlerContext.java:412)
	at org.apache.ratis.thirdparty.io.netty.channel.DefaultChannelPipeline$HeadContext.channelRead(DefaultChannelPipeline.java:1410)
	at org.apache.ratis.thirdparty.io.netty.channel.AbstractChannelHandlerContext.invokeChannelRead(AbstractChannelHandlerContext.java:440)
	at org.apache.ratis.thirdparty.io.netty.channel.AbstractChannelHandlerContext.invokeChannelRead(AbstractChannelHandlerContext.java:420)
	at org.apache.ratis.thirdparty.io.netty.channel.DefaultChannelPipeline.fireChannelRead(DefaultChannelPipeline.java:919)
	at org.apache.ratis.thirdparty.io.netty.channel.epoll.AbstractEpollStreamChannel$EpollStreamUnsafe.epollInReady(AbstractEpollStreamChannel.java:801)
	at org.apache.ratis.thirdparty.io.netty.channel.epoll.EpollEventLoop.processReady(EpollEventLoop.java:501)
	at org.apache.ratis.thirdparty.io.netty.channel.epoll.EpollEventLoop.run(EpollEventLoop.java:399)
	at org.apache.ratis.thirdparty.io.netty.util.concurrent.SingleThreadEventExecutor$4.run(SingleThreadEventExecutor.java:997)
	at org.apache.ratis.thirdparty.io.netty.util.internal.ThreadExecutorMap$2.run(ThreadExecutorMap.java:74)
	at java.lang.Thread.run(Thread.java:750)
2024-10-09 04:30:00,408 WARN  leader.LogAppender (LogAppenderDefault.java:sendAppendEntriesWithRetries(94)) - s12@group-F62FDFAA15CF->s11-LogAppenderDefault: Failed to appendEntries (retry=1)
org.apache.ratis.protocol.exceptions.GroupMismatchException: s11: group-F62FDFAA15CF not found.
	at org.apache.ratis.server.impl.RaftServerProxy$ImplMap.get(RaftServerProxy.java:156)
	at org.apache.ratis.server.impl.RaftServerProxy.getImplFuture(RaftServerProxy.java:366)
	at org.apache.ratis.server.impl.RaftServerProxy.getImpl(RaftServerProxy.java:375)
	at org.apache.ratis.server.impl.RaftServerProxy.getImpl(RaftServerProxy.java:370)
	at org.apache.ratis.server.impl.RaftServerProxy.appendEntries(RaftServerProxy.java:670)
	at org.apache.ratis.netty.server.NettyRpcService.handle(NettyRpcService.java:234)
	at org.apache.ratis.netty.server.NettyRpcService$InboundHandler.channelRead0(NettyRpcService.java:94)
	at org.apache.ratis.netty.server.NettyRpcService$InboundHandler.channelRead0(NettyRpcService.java:90)
	at org.apache.ratis.thirdparty.io.netty.channel.SimpleChannelInboundHandler.channelRead(SimpleChannelInboundHandler.java:99)
	at org.apache.ratis.thirdparty.io.netty.channel.AbstractChannelHandlerContext.invokeChannelRead(AbstractChannelHandlerContext.java:444)
	at org.apache.ratis.thirdparty.io.netty.channel.AbstractChannelHandlerContext.invokeChannelRead(AbstractChannelHandlerContext.java:420)
	at org.apache.ratis.thirdparty.io.netty.channel.AbstractChannelHandlerContext.fireChannelRead(AbstractChannelHandlerContext.java:412)
	at org.apache.ratis.thirdparty.io.netty.handler.codec.MessageToMessageDecoder.channelRead(MessageToMessageDecoder.java:103)
	at org.apache.ratis.thirdparty.io.netty.channel.AbstractChannelHandlerContext.invokeChannelRead(AbstractChannelHandlerContext.java:444)
	at org.apache.ratis.thirdparty.io.netty.channel.AbstractChannelHandlerContext.invokeChannelRead(AbstractChannelHandlerContext.java:420)
	at org.apache.ratis.thirdparty.io.netty.channel.AbstractChannelHandlerContext.fireChannelRead(AbstractChannelHandlerContext.java:412)
	at org.apache.ratis.thirdparty.io.netty.handler.codec.ByteToMessageDecoder.fireChannelRead(ByteToMessageDecoder.java:346)
	at org.apache.ratis.thirdparty.io.netty.handler.codec.ByteToMessageDecoder.channelRead(ByteToMessageDecoder.java:318)
	at org.apache.ratis.thirdparty.io.netty.channel.AbstractChannelHandlerContext.invokeChannelRead(AbstractChannelHandlerContext.java:444)
	at org.apache.ratis.thirdparty.io.netty.channel.AbstractChannelHandlerContext.invokeChannelRead(AbstractChannelHandlerContext.java:420)
	at org.apache.ratis.thirdparty.io.netty.channel.AbstractChannelHandlerContext.fireChannelRead(AbstractChannelHandlerContext.java:412)
	at org.apache.ratis.thirdparty.io.netty.channel.DefaultChannelPipeline$HeadContext.channelRead(DefaultChannelPipeline.java:1410)
	at org.apache.ratis.thirdparty.io.netty.channel.AbstractChannelHandlerContext.invokeChannelRead(AbstractChannelHandlerContext.java:440)
	at org.apache.ratis.thirdparty.io.netty.channel.AbstractChannelHandlerContext.invokeChannelRead(AbstractChannelHandlerContext.java:420)
	at org.apache.ratis.thirdparty.io.netty.channel.DefaultChannelPipeline.fireChannelRead(DefaultChannelPipeline.java:919)
	at org.apache.ratis.thirdparty.io.netty.channel.epoll.AbstractEpollStreamChannel$EpollStreamUnsafe.epollInReady(AbstractEpollStreamChannel.java:801)
	at org.apache.ratis.thirdparty.io.netty.channel.epoll.EpollEventLoop.processReady(EpollEventLoop.java:501)
	at org.apache.ratis.thirdparty.io.netty.channel.epoll.EpollEventLoop.run(EpollEventLoop.java:399)
	at org.apache.ratis.thirdparty.io.netty.util.concurrent.SingleThreadEventExecutor$4.run(SingleThreadEventExecutor.java:997)
	at org.apache.ratis.thirdparty.io.netty.util.internal.ThreadExecutorMap$2.run(ThreadExecutorMap.java:74)
	at java.lang.Thread.run(Thread.java:750)
2024-10-09 04:30:00,480 WARN  leader.LogAppender (LogAppenderDefault.java:sendAppendEntriesWithRetries(94)) - s12@group-F62FDFAA15CF->s13-LogAppenderDefault: Failed to appendEntries (retry=1)
org.apache.ratis.protocol.exceptions.GroupMismatchException: s13: group-F62FDFAA15CF not found.
	at org.apache.ratis.server.impl.RaftServerProxy$ImplMap.get(RaftServerProxy.java:156)
	at org.apache.ratis.server.impl.RaftServerProxy.getImplFuture(RaftServerProxy.java:366)
	at org.apache.ratis.server.impl.RaftServerProxy.getImpl(RaftServerProxy.java:375)
	at org.apache.ratis.server.impl.RaftServerProxy.getImpl(RaftServerProxy.java:370)
	at org.apache.ratis.server.impl.RaftServerProxy.appendEntries(RaftServerProxy.java:670)
	at org.apache.ratis.netty.server.NettyRpcService.handle(NettyRpcService.java:234)
	at org.apache.ratis.netty.server.NettyRpcService$InboundHandler.channelRead0(NettyRpcService.java:94)
	at org.apache.ratis.netty.server.NettyRpcService$InboundHandler.channelRead0(NettyRpcService.java:90)
	at org.apache.ratis.thirdparty.io.netty.channel.SimpleChannelInboundHandler.channelRead(SimpleChannelInboundHandler.java:99)
	at org.apache.ratis.thirdparty.io.netty.channel.AbstractChannelHandlerContext.invokeChannelRead(AbstractChannelHandlerContext.java:444)
	at org.apache.ratis.thirdparty.io.netty.channel.AbstractChannelHandlerContext.invokeChannelRead(AbstractChannelHandlerContext.java:420)
	at org.apache.ratis.thirdparty.io.netty.channel.AbstractChannelHandlerContext.fireChannelRead(AbstractChannelHandlerContext.java:412)
	at org.apache.ratis.thirdparty.io.netty.handler.codec.MessageToMessageDecoder.channelRead(MessageToMessageDecoder.java:103)
	at org.apache.ratis.thirdparty.io.netty.channel.AbstractChannelHandlerContext.invokeChannelRead(AbstractChannelHandlerContext.java:444)
	at org.apache.ratis.thirdparty.io.netty.channel.AbstractChannelHandlerContext.invokeChannelRead(AbstractChannelHandlerContext.java:420)
	at org.apache.ratis.thirdparty.io.netty.channel.AbstractChannelHandlerContext.fireChannelRead(AbstractChannelHandlerContext.java:412)
	at org.apache.ratis.thirdparty.io.netty.handler.codec.ByteToMessageDecoder.fireChannelRead(ByteToMessageDecoder.java:346)
	at org.apache.ratis.thirdparty.io.netty.handler.codec.ByteToMessageDecoder.channelRead(ByteToMessageDecoder.java:318)
	at org.apache.ratis.thirdparty.io.netty.channel.AbstractChannelHandlerContext.invokeChannelRead(AbstractChannelHandlerContext.java:444)
	at org.apache.ratis.thirdparty.io.netty.channel.AbstractChannelHandlerContext.invokeChannelRead(AbstractChannelHandlerContext.java:420)
	at org.apache.ratis.thirdparty.io.netty.channel.AbstractChannelHandlerContext.fireChannelRead(AbstractChannelHandlerContext.java:412)
	at org.apache.ratis.thirdparty.io.netty.channel.DefaultChannelPipeline$HeadContext.channelRead(DefaultChannelPipeline.java:1410)
	at org.apache.ratis.thirdparty.io.netty.channel.AbstractChannelHandlerContext.invokeChannelRead(AbstractChannelHandlerContext.java:440)
	at org.apache.ratis.thirdparty.io.netty.channel.AbstractChannelHandlerContext.invokeChannelRead(AbstractChannelHandlerContext.java:420)
	at org.apache.ratis.thirdparty.io.netty.channel.DefaultChannelPipeline.fireChannelRead(DefaultChannelPipeline.java:919)
	at org.apache.ratis.thirdparty.io.netty.channel.epoll.AbstractEpollStreamChannel$EpollStreamUnsafe.epollInReady(AbstractEpollStreamChannel.java:801)
	at org.apache.ratis.thirdparty.io.netty.channel.epoll.EpollEventLoop.processReady(EpollEventLoop.java:501)
	at org.apache.ratis.thirdparty.io.netty.channel.epoll.EpollEventLoop.run(EpollEventLoop.java:399)
	at org.apache.ratis.thirdparty.io.netty.util.concurrent.SingleThreadEventExecutor$4.run(SingleThreadEventExecutor.java:997)
	at org.apache.ratis.thirdparty.io.netty.util.internal.ThreadExecutorMap$2.run(ThreadExecutorMap.java:74)
	at java.lang.Thread.run(Thread.java:750)
2024-10-09 04:30:00,484 WARN  leader.LogAppender (LogAppenderDefault.java:sendAppendEntriesWithRetries(94)) - s12@group-F62FDFAA15CF->s11-LogAppenderDefault: Failed to appendEntries (retry=1)
org.apache.ratis.protocol.exceptions.GroupMismatchException: s11: group-F62FDFAA15CF not found.
	at org.apache.ratis.server.impl.RaftServerProxy$ImplMap.get(RaftServerProxy.java:156)
	at org.apache.ratis.server.impl.RaftServerProxy.getImplFuture(RaftServerProxy.java:366)
	at org.apache.ratis.server.impl.RaftServerProxy.getImpl(RaftServerProxy.java:375)
	at org.apache.ratis.server.impl.RaftServerProxy.getImpl(RaftServerProxy.java:370)
	at org.apache.ratis.server.impl.RaftServerProxy.appendEntries(RaftServerProxy.java:670)
	at org.apache.ratis.netty.server.NettyRpcService.handle(NettyRpcService.java:234)
	at org.apache.ratis.netty.server.NettyRpcService$InboundHandler.channelRead0(NettyRpcService.java:94)
	at org.apache.ratis.netty.server.NettyRpcService$InboundHandler.channelRead0(NettyRpcService.java:90)
	at org.apache.ratis.thirdparty.io.netty.channel.SimpleChannelInboundHandler.channelRead(SimpleChannelInboundHandler.java:99)
	at org.apache.ratis.thirdparty.io.netty.channel.AbstractChannelHandlerContext.invokeChannelRead(AbstractChannelHandlerContext.java:444)
	at org.apache.ratis.thirdparty.io.netty.channel.AbstractChannelHandlerContext.invokeChannelRead(AbstractChannelHandlerContext.java:420)
	at org.apache.ratis.thirdparty.io.netty.channel.AbstractChannelHandlerContext.fireChannelRead(AbstractChannelHandlerContext.java:412)
	at org.apache.ratis.thirdparty.io.netty.handler.codec.MessageToMessageDecoder.channelRead(MessageToMessageDecoder.java:103)
	at org.apache.ratis.thirdparty.io.netty.channel.AbstractChannelHandlerContext.invokeChannelRead(AbstractChannelHandlerContext.java:444)
	at org.apache.ratis.thirdparty.io.netty.channel.AbstractChannelHandlerContext.invokeChannelRead(AbstractChannelHandlerContext.java:420)
	at org.apache.ratis.thirdparty.io.netty.channel.AbstractChannelHandlerContext.fireChannelRead(AbstractChannelHandlerContext.java:412)
	at org.apache.ratis.thirdparty.io.netty.handler.codec.ByteToMessageDecoder.fireChannelRead(ByteToMessageDecoder.java:346)
	at org.apache.ratis.thirdparty.io.netty.handler.codec.ByteToMessageDecoder.channelRead(ByteToMessageDecoder.java:318)
	at org.apache.ratis.thirdparty.io.netty.channel.AbstractChannelHandlerContext.invokeChannelRead(AbstractChannelHandlerContext.java:444)
	at org.apache.ratis.thirdparty.io.netty.channel.AbstractChannelHandlerContext.invokeChannelRead(AbstractChannelHandlerContext.java:420)
	at org.apache.ratis.thirdparty.io.netty.channel.AbstractChannelHandlerContext.fireChannelRead(AbstractChannelHandlerContext.java:412)
	at org.apache.ratis.thirdparty.io.netty.channel.DefaultChannelPipeline$HeadContext.channelRead(DefaultChannelPipeline.java:1410)
	at org.apache.ratis.thirdparty.io.netty.channel.AbstractChannelHandlerContext.invokeChannelRead(AbstractChannelHandlerContext.java:440)
	at org.apache.ratis.thirdparty.io.netty.channel.AbstractChannelHandlerContext.invokeChannelRead(AbstractChannelHandlerContext.java:420)
	at org.apache.ratis.thirdparty.io.netty.channel.DefaultChannelPipeline.fireChannelRead(DefaultChannelPipeline.java:919)
	at org.apache.ratis.thirdparty.io.netty.channel.epoll.AbstractEpollStreamChannel$EpollStreamUnsafe.epollInReady(AbstractEpollStreamChannel.java:801)
	at org.apache.ratis.thirdparty.io.netty.channel.epoll.EpollEventLoop.processReady(EpollEventLoop.java:501)
	at org.apache.ratis.thirdparty.io.netty.channel.epoll.EpollEventLoop.run(EpollEventLoop.java:399)
	at org.apache.ratis.thirdparty.io.netty.util.concurrent.SingleThreadEventExecutor$4.run(SingleThreadEventExecutor.java:997)
	at org.apache.ratis.thirdparty.io.netty.util.internal.ThreadExecutorMap$2.run(ThreadExecutorMap.java:74)
	at java.lang.Thread.run(Thread.java:750)
2024-10-09 04:30:00,556 WARN  leader.LogAppender (LogAppenderDefault.java:sendAppendEntriesWithRetries(94)) - s12@group-F62FDFAA15CF->s13-LogAppenderDefault: Failed to appendEntries (retry=1)
org.apache.ratis.protocol.exceptions.GroupMismatchException: s13: group-F62FDFAA15CF not found.
	at org.apache.ratis.server.impl.RaftServerProxy$ImplMap.get(RaftServerProxy.java:156)
	at org.apache.ratis.server.impl.RaftServerProxy.getImplFuture(RaftServerProxy.java:366)
	at org.apache.ratis.server.impl.RaftServerProxy.getImpl(RaftServerProxy.java:375)
	at org.apache.ratis.server.impl.RaftServerProxy.getImpl(RaftServerProxy.java:370)
	at org.apache.ratis.server.impl.RaftServerProxy.appendEntries(RaftServerProxy.java:670)
	at org.apache.ratis.netty.server.NettyRpcService.handle(NettyRpcService.java:234)
	at org.apache.ratis.netty.server.NettyRpcService$InboundHandler.channelRead0(NettyRpcService.java:94)
	at org.apache.ratis.netty.server.NettyRpcService$InboundHandler.channelRead0(NettyRpcService.java:90)
	at org.apache.ratis.thirdparty.io.netty.channel.SimpleChannelInboundHandler.channelRead(SimpleChannelInboundHandler.java:99)
	at org.apache.ratis.thirdparty.io.netty.channel.AbstractChannelHandlerContext.invokeChannelRead(AbstractChannelHandlerContext.java:444)
	at org.apache.ratis.thirdparty.io.netty.channel.AbstractChannelHandlerContext.invokeChannelRead(AbstractChannelHandlerContext.java:420)
	at org.apache.ratis.thirdparty.io.netty.channel.AbstractChannelHandlerContext.fireChannelRead(AbstractChannelHandlerContext.java:412)
	at org.apache.ratis.thirdparty.io.netty.handler.codec.MessageToMessageDecoder.channelRead(MessageToMessageDecoder.java:103)
	at org.apache.ratis.thirdparty.io.netty.channel.AbstractChannelHandlerContext.invokeChannelRead(AbstractChannelHandlerContext.java:444)
	at org.apache.ratis.thirdparty.io.netty.channel.AbstractChannelHandlerContext.invokeChannelRead(AbstractChannelHandlerContext.java:420)
	at org.apache.ratis.thirdparty.io.netty.channel.AbstractChannelHandlerContext.fireChannelRead(AbstractChannelHandlerContext.java:412)
	at org.apache.ratis.thirdparty.io.netty.handler.codec.ByteToMessageDecoder.fireChannelRead(ByteToMessageDecoder.java:346)
	at org.apache.ratis.thirdparty.io.netty.handler.codec.ByteToMessageDecoder.channelRead(ByteToMessageDecoder.java:318)
	at org.apache.ratis.thirdparty.io.netty.channel.AbstractChannelHandlerContext.invokeChannelRead(AbstractChannelHandlerContext.java:444)
	at org.apache.ratis.thirdparty.io.netty.channel.AbstractChannelHandlerContext.invokeChannelRead(AbstractChannelHandlerContext.java:420)
	at org.apache.ratis.thirdparty.io.netty.channel.AbstractChannelHandlerContext.fireChannelRead(AbstractChannelHandlerContext.java:412)
	at org.apache.ratis.thirdparty.io.netty.channel.DefaultChannelPipeline$HeadContext.channelRead(DefaultChannelPipeline.java:1410)
	at org.apache.ratis.thirdparty.io.netty.channel.AbstractChannelHandlerContext.invokeChannelRead(AbstractChannelHandlerContext.java:440)
	at org.apache.ratis.thirdparty.io.netty.channel.AbstractChannelHandlerContext.invokeChannelRead(AbstractChannelHandlerContext.java:420)
	at org.apache.ratis.thirdparty.io.netty.channel.DefaultChannelPipeline.fireChannelRead(DefaultChannelPipeline.java:919)
	at org.apache.ratis.thirdparty.io.netty.channel.epoll.AbstractEpollStreamChannel$EpollStreamUnsafe.epollInReady(AbstractEpollStreamChannel.java:801)
	at org.apache.ratis.thirdparty.io.netty.channel.epoll.EpollEventLoop.processReady(EpollEventLoop.java:501)
	at org.apache.ratis.thirdparty.io.netty.channel.epoll.EpollEventLoop.run(EpollEventLoop.java:399)
	at org.apache.ratis.thirdparty.io.netty.util.concurrent.SingleThreadEventExecutor$4.run(SingleThreadEventExecutor.java:997)
	at org.apache.ratis.thirdparty.io.netty.util.internal.ThreadExecutorMap$2.run(ThreadExecutorMap.java:74)
	at java.lang.Thread.run(Thread.java:750)
2024-10-09 04:30:00,559 WARN  leader.LogAppender (LogAppenderDefault.java:sendAppendEntriesWithRetries(94)) - s12@group-F62FDFAA15CF->s11-LogAppenderDefault: Failed to appendEntries (retry=1)
org.apache.ratis.protocol.exceptions.GroupMismatchException: s11: group-F62FDFAA15CF not found.
	at org.apache.ratis.server.impl.RaftServerProxy$ImplMap.get(RaftServerProxy.java:156)
	at org.apache.ratis.server.impl.RaftServerProxy.getImplFuture(RaftServerProxy.java:366)
	at org.apache.ratis.server.impl.RaftServerProxy.getImpl(RaftServerProxy.java:375)
	at org.apache.ratis.server.impl.RaftServerProxy.getImpl(RaftServerProxy.java:370)
	at org.apache.ratis.server.impl.RaftServerProxy.appendEntries(RaftServerProxy.java:670)
	at org.apache.ratis.netty.server.NettyRpcService.handle(NettyRpcService.java:234)
	at org.apache.ratis.netty.server.NettyRpcService$InboundHandler.channelRead0(NettyRpcService.java:94)
	at org.apache.ratis.netty.server.NettyRpcService$InboundHandler.channelRead0(NettyRpcService.java:90)
	at org.apache.ratis.thirdparty.io.netty.channel.SimpleChannelInboundHandler.channelRead(SimpleChannelInboundHandler.java:99)
	at org.apache.ratis.thirdparty.io.netty.channel.AbstractChannelHandlerContext.invokeChannelRead(AbstractChannelHandlerContext.java:444)
	at org.apache.ratis.thirdparty.io.netty.channel.AbstractChannelHandlerContext.invokeChannelRead(AbstractChannelHandlerContext.java:420)
	at org.apache.ratis.thirdparty.io.netty.channel.AbstractChannelHandlerContext.fireChannelRead(AbstractChannelHandlerContext.java:412)
	at org.apache.ratis.thirdparty.io.netty.handler.codec.MessageToMessageDecoder.channelRead(MessageToMessageDecoder.java:103)
	at org.apache.ratis.thirdparty.io.netty.channel.AbstractChannelHandlerContext.invokeChannelRead(AbstractChannelHandlerContext.java:444)
	at org.apache.ratis.thirdparty.io.netty.channel.AbstractChannelHandlerContext.invokeChannelRead(AbstractChannelHandlerContext.java:420)
	at org.apache.ratis.thirdparty.io.netty.channel.AbstractChannelHandlerContext.fireChannelRead(AbstractChannelHandlerContext.java:412)
	at org.apache.ratis.thirdparty.io.netty.handler.codec.ByteToMessageDecoder.fireChannelRead(ByteToMessageDecoder.java:346)
	at org.apache.ratis.thirdparty.io.netty.handler.codec.ByteToMessageDecoder.channelRead(ByteToMessageDecoder.java:318)
	at org.apache.ratis.thirdparty.io.netty.channel.AbstractChannelHandlerContext.invokeChannelRead(AbstractChannelHandlerContext.java:444)
	at org.apache.ratis.thirdparty.io.netty.channel.AbstractChannelHandlerContext.invokeChannelRead(AbstractChannelHandlerContext.java:420)
	at org.apache.ratis.thirdparty.io.netty.channel.AbstractChannelHandlerContext.fireChannelRead(AbstractChannelHandlerContext.java:412)
	at org.apache.ratis.thirdparty.io.netty.channel.DefaultChannelPipeline$HeadContext.channelRead(DefaultChannelPipeline.java:1410)
	at org.apache.ratis.thirdparty.io.netty.channel.AbstractChannelHandlerContext.invokeChannelRead(AbstractChannelHandlerContext.java:440)
	at org.apache.ratis.thirdparty.io.netty.channel.AbstractChannelHandlerContext.invokeChannelRead(AbstractChannelHandlerContext.java:420)
	at org.apache.ratis.thirdparty.io.netty.channel.DefaultChannelPipeline.fireChannelRead(DefaultChannelPipeline.java:919)
	at org.apache.ratis.thirdparty.io.netty.channel.epoll.AbstractEpollStreamChannel$EpollStreamUnsafe.epollInReady(AbstractEpollStreamChannel.java:801)
	at org.apache.ratis.thirdparty.io.netty.channel.epoll.EpollEventLoop.processReady(EpollEventLoop.java:501)
	at org.apache.ratis.thirdparty.io.netty.channel.epoll.EpollEventLoop.run(EpollEventLoop.java:399)
	at org.apache.ratis.thirdparty.io.netty.util.concurrent.SingleThreadEventExecutor$4.run(SingleThreadEventExecutor.java:997)
	at org.apache.ratis.thirdparty.io.netty.util.internal.ThreadExecutorMap$2.run(ThreadExecutorMap.java:74)
	at java.lang.Thread.run(Thread.java:750)
2024-10-09 04:30:00,631 WARN  leader.LogAppender (LogAppenderDefault.java:sendAppendEntriesWithRetries(94)) - s12@group-F62FDFAA15CF->s13-LogAppenderDefault: Failed to appendEntries (retry=1)
org.apache.ratis.protocol.exceptions.GroupMismatchException: s13: group-F62FDFAA15CF not found.
	at org.apache.ratis.server.impl.RaftServerProxy$ImplMap.get(RaftServerProxy.java:156)
	at org.apache.ratis.server.impl.RaftServerProxy.getImplFuture(RaftServerProxy.java:366)
	at org.apache.ratis.server.impl.RaftServerProxy.getImpl(RaftServerProxy.java:375)
	at org.apache.ratis.server.impl.RaftServerProxy.getImpl(RaftServerProxy.java:370)
	at org.apache.ratis.server.impl.RaftServerProxy.appendEntries(RaftServerProxy.java:670)
	at org.apache.ratis.netty.server.NettyRpcService.handle(NettyRpcService.java:234)
	at org.apache.ratis.netty.server.NettyRpcService$InboundHandler.channelRead0(NettyRpcService.java:94)
	at org.apache.ratis.netty.server.NettyRpcService$InboundHandler.channelRead0(NettyRpcService.java:90)
	at org.apache.ratis.thirdparty.io.netty.channel.SimpleChannelInboundHandler.channelRead(SimpleChannelInboundHandler.java:99)
	at org.apache.ratis.thirdparty.io.netty.channel.AbstractChannelHandlerContext.invokeChannelRead(AbstractChannelHandlerContext.java:444)
	at org.apache.ratis.thirdparty.io.netty.channel.AbstractChannelHandlerContext.invokeChannelRead(AbstractChannelHandlerContext.java:420)
	at org.apache.ratis.thirdparty.io.netty.channel.AbstractChannelHandlerContext.fireChannelRead(AbstractChannelHandlerContext.java:412)
	at org.apache.ratis.thirdparty.io.netty.handler.codec.MessageToMessageDecoder.channelRead(MessageToMessageDecoder.java:103)
	at org.apache.ratis.thirdparty.io.netty.channel.AbstractChannelHandlerContext.invokeChannelRead(AbstractChannelHandlerContext.java:444)
	at org.apache.ratis.thirdparty.io.netty.channel.AbstractChannelHandlerContext.invokeChannelRead(AbstractChannelHandlerContext.java:420)
	at org.apache.ratis.thirdparty.io.netty.channel.AbstractChannelHandlerContext.fireChannelRead(AbstractChannelHandlerContext.java:412)
	at org.apache.ratis.thirdparty.io.netty.handler.codec.ByteToMessageDecoder.fireChannelRead(ByteToMessageDecoder.java:346)
	at org.apache.ratis.thirdparty.io.netty.handler.codec.ByteToMessageDecoder.channelRead(ByteToMessageDecoder.java:318)
	at org.apache.ratis.thirdparty.io.netty.channel.AbstractChannelHandlerContext.invokeChannelRead(AbstractChannelHandlerContext.java:444)
	at org.apache.ratis.thirdparty.io.netty.channel.AbstractChannelHandlerContext.invokeChannelRead(AbstractChannelHandlerContext.java:420)
	at org.apache.ratis.thirdparty.io.netty.channel.AbstractChannelHandlerContext.fireChannelRead(AbstractChannelHandlerContext.java:412)
	at org.apache.ratis.thirdparty.io.netty.channel.DefaultChannelPipeline$HeadContext.channelRead(DefaultChannelPipeline.java:1410)
	at org.apache.ratis.thirdparty.io.netty.channel.AbstractChannelHandlerContext.invokeChannelRead(AbstractChannelHandlerContext.java:440)
	at org.apache.ratis.thirdparty.io.netty.channel.AbstractChannelHandlerContext.invokeChannelRead(AbstractChannelHandlerContext.java:420)
	at org.apache.ratis.thirdparty.io.netty.channel.DefaultChannelPipeline.fireChannelRead(DefaultChannelPipeline.java:919)
	at org.apache.ratis.thirdparty.io.netty.channel.epoll.AbstractEpollStreamChannel$EpollStreamUnsafe.epollInReady(AbstractEpollStreamChannel.java:801)
	at org.apache.ratis.thirdparty.io.netty.channel.epoll.EpollEventLoop.processReady(EpollEventLoop.java:501)
	at org.apache.ratis.thirdparty.io.netty.channel.epoll.EpollEventLoop.run(EpollEventLoop.java:399)
	at org.apache.ratis.thirdparty.io.netty.util.concurrent.SingleThreadEventExecutor$4.run(SingleThreadEventExecutor.java:997)
	at org.apache.ratis.thirdparty.io.netty.util.internal.ThreadExecutorMap$2.run(ThreadExecutorMap.java:74)
	at java.lang.Thread.run(Thread.java:750)
2024-10-09 04:30:00,635 WARN  leader.LogAppender (LogAppenderDefault.java:sendAppendEntriesWithRetries(94)) - s12@group-F62FDFAA15CF->s11-LogAppenderDefault: Failed to appendEntries (retry=1)
org.apache.ratis.protocol.exceptions.GroupMismatchException: s11: group-F62FDFAA15CF not found.
	at org.apache.ratis.server.impl.RaftServerProxy$ImplMap.get(RaftServerProxy.java:156)
	at org.apache.ratis.server.impl.RaftServerProxy.getImplFuture(RaftServerProxy.java:366)
	at org.apache.ratis.server.impl.RaftServerProxy.getImpl(RaftServerProxy.java:375)
	at org.apache.ratis.server.impl.RaftServerProxy.getImpl(RaftServerProxy.java:370)
	at org.apache.ratis.server.impl.RaftServerProxy.appendEntries(RaftServerProxy.java:670)
	at org.apache.ratis.netty.server.NettyRpcService.handle(NettyRpcService.java:234)
	at org.apache.ratis.netty.server.NettyRpcService$InboundHandler.channelRead0(NettyRpcService.java:94)
	at org.apache.ratis.netty.server.NettyRpcService$InboundHandler.channelRead0(NettyRpcService.java:90)
	at org.apache.ratis.thirdparty.io.netty.channel.SimpleChannelInboundHandler.channelRead(SimpleChannelInboundHandler.java:99)
	at org.apache.ratis.thirdparty.io.netty.channel.AbstractChannelHandlerContext.invokeChannelRead(AbstractChannelHandlerContext.java:444)
	at org.apache.ratis.thirdparty.io.netty.channel.AbstractChannelHandlerContext.invokeChannelRead(AbstractChannelHandlerContext.java:420)
	at org.apache.ratis.thirdparty.io.netty.channel.AbstractChannelHandlerContext.fireChannelRead(AbstractChannelHandlerContext.java:412)
	at org.apache.ratis.thirdparty.io.netty.handler.codec.MessageToMessageDecoder.channelRead(MessageToMessageDecoder.java:103)
	at org.apache.ratis.thirdparty.io.netty.channel.AbstractChannelHandlerContext.invokeChannelRead(AbstractChannelHandlerContext.java:444)
	at org.apache.ratis.thirdparty.io.netty.channel.AbstractChannelHandlerContext.invokeChannelRead(AbstractChannelHandlerContext.java:420)
	at org.apache.ratis.thirdparty.io.netty.channel.AbstractChannelHandlerContext.fireChannelRead(AbstractChannelHandlerContext.java:412)
	at org.apache.ratis.thirdparty.io.netty.handler.codec.ByteToMessageDecoder.fireChannelRead(ByteToMessageDecoder.java:346)
	at org.apache.ratis.thirdparty.io.netty.handler.codec.ByteToMessageDecoder.channelRead(ByteToMessageDecoder.java:318)
	at org.apache.ratis.thirdparty.io.netty.channel.AbstractChannelHandlerContext.invokeChannelRead(AbstractChannelHandlerContext.java:444)
	at org.apache.ratis.thirdparty.io.netty.channel.AbstractChannelHandlerContext.invokeChannelRead(AbstractChannelHandlerContext.java:420)
	at org.apache.ratis.thirdparty.io.netty.channel.AbstractChannelHandlerContext.fireChannelRead(AbstractChannelHandlerContext.java:412)
	at org.apache.ratis.thirdparty.io.netty.channel.DefaultChannelPipeline$HeadContext.channelRead(DefaultChannelPipeline.java:1410)
	at org.apache.ratis.thirdparty.io.netty.channel.AbstractChannelHandlerContext.invokeChannelRead(AbstractChannelHandlerContext.java:440)
	at org.apache.ratis.thirdparty.io.netty.channel.AbstractChannelHandlerContext.invokeChannelRead(AbstractChannelHandlerContext.java:420)
	at org.apache.ratis.thirdparty.io.netty.channel.DefaultChannelPipeline.fireChannelRead(DefaultChannelPipeline.java:919)
	at org.apache.ratis.thirdparty.io.netty.channel.epoll.AbstractEpollStreamChannel$EpollStreamUnsafe.epollInReady(AbstractEpollStreamChannel.java:801)
	at org.apache.ratis.thirdparty.io.netty.channel.epoll.EpollEventLoop.processReady(EpollEventLoop.java:501)
	at org.apache.ratis.thirdparty.io.netty.channel.epoll.EpollEventLoop.run(EpollEventLoop.java:399)
	at org.apache.ratis.thirdparty.io.netty.util.concurrent.SingleThreadEventExecutor$4.run(SingleThreadEventExecutor.java:997)
	at org.apache.ratis.thirdparty.io.netty.util.internal.ThreadExecutorMap$2.run(ThreadExecutorMap.java:74)
	at java.lang.Thread.run(Thread.java:750)
2024-10-09 04:30:00,680 WARN  server.RaftServer$Division (LeaderStateImpl.java:checkLeadership(1117)) - s12@group-F62FDFAA15CF-LeaderStateImpl: Lost leadership on term: 1. Election timeout: 600ms. In charge for: 8613ms. Conf: conf: {index: 0, cur=peers:[s11|0.0.0.0:15026, s13|0.0.0.0:15028, s12|0.0.0.0:15027]|listeners:[], old=null}
2024-10-09 04:30:00,680 WARN  server.RaftServer$Division (LeaderStateImpl.java:lambda$checkLeadership$20(1121)) - Follower s12@group-F62FDFAA15CF->s11(c120,m120,n121, caughtUp=true, lastRpcSendTime=46, lastRpcResponseTime=1179)
2024-10-09 04:30:00,680 WARN  server.RaftServer$Division (LeaderStateImpl.java:lambda$checkLeadership$20(1121)) - Follower s12@group-F62FDFAA15CF->s13(c120,m120,n121, caughtUp=true, lastRpcSendTime=50, lastRpcResponseTime=878)
2024-10-09 04:30:00,680 INFO  server.RaftServer$Division (RaftServerImpl.java:setRole(379)) - s12@group-F62FDFAA15CF: changes role from    LEADER to FOLLOWER at term 1 for StepDownReason:LOST_MAJORITY_HEARTBEATS
2024-10-09 04:30:00,681 INFO  impl.RoleInfo (RoleInfo.java:shutdownLeaderState(103)) - s12: shutdown s12@group-F62FDFAA15CF-LeaderStateImpl
2024-10-09 04:30:00,681 INFO  leader.LogAppenderDaemon (LogAppenderDaemon.java:run(85)) - s12@group-F62FDFAA15CF->s13-LogAppenderDefault-LogAppenderDaemon was interrupted: java.lang.InterruptedException
2024-10-09 04:30:00,681 INFO  leader.LogAppenderDaemon (LogAppenderDaemon.java:run(85)) - s12@group-F62FDFAA15CF->s11-LogAppenderDefault-LogAppenderDaemon was interrupted: java.lang.InterruptedException
2024-10-09 04:30:00,681 INFO  impl.PendingRequests (PendingRequests.java:sendNotLeaderResponses(287)) - s12@group-F62FDFAA15CF-PendingRequests: sendNotLeaderResponses
2024-10-09 04:30:00,682 INFO  server.RaftServer$Division (ServerState.java:setLeader(272)) - s12@group-F62FDFAA15CF: change Leader from s12 to null at term 1 for StepDownReason:LOST_MAJORITY_HEARTBEATS
2024-10-09 04:30:00,682 INFO  impl.RoleInfo (RoleInfo.java:updateAndGet(148)) - s12: start s12@group-F62FDFAA15CF-FollowerState
2024-10-09 04:30:00,879 INFO  segmented.SegmentedRaftLogWorker (SegmentedRaftLogWorker.java:close(251)) - s13@group-F62FDFAA15CF-SegmentedRaftLogWorker close()
2024-10-09 04:30:00,880 TRACE util.FileUtils (FileUtils.java:deleteFully(305)) - deleteFully /home/runner/work/ratis/ratis/ratis-examples/target/test/data/6e6e5023/MiniRaftClusterWithNettya4857fb2/s13/0ae95374-4bed-4063-9be9-f62fdfaa15cf
2024-10-09 04:30:00,880 TRACE util.FileUtils (LogUtils.java:runAndLog(49)) - Successfully ran Files.delete /home/runner/work/ratis/ratis/ratis-examples/target/test/data/6e6e5023/MiniRaftClusterWithNettya4857fb2/s13/0ae95374-4bed-4063-9be9-f62fdfaa15cf/sm
2024-10-09 04:30:00,880 TRACE util.FileUtils (LogUtils.java:runAndLog(49)) - Successfully ran Files.delete /home/runner/work/ratis/ratis/ratis-examples/target/test/data/6e6e5023/MiniRaftClusterWithNettya4857fb2/s13/0ae95374-4bed-4063-9be9-f62fdfaa15cf/in_use.lock
2024-10-09 04:30:00,880 TRACE util.FileUtils (LogUtils.java:runAndLog(49)) - Successfully ran Files.delete /home/runner/work/ratis/ratis/ratis-examples/target/test/data/6e6e5023/MiniRaftClusterWithNettya4857fb2/s13/0ae95374-4bed-4063-9be9-f62fdfaa15cf/current/raft-meta.conf
2024-10-09 04:30:00,881 TRACE util.FileUtils (LogUtils.java:runAndLog(49)) - Successfully ran Files.delete /home/runner/work/ratis/ratis/ratis-examples/target/test/data/6e6e5023/MiniRaftClusterWithNettya4857fb2/s13/0ae95374-4bed-4063-9be9-f62fdfaa15cf/current/raft-meta
2024-10-09 04:30:00,881 TRACE util.FileUtils (LogUtils.java:runAndLog(49)) - Successfully ran Files.delete /home/runner/work/ratis/ratis/ratis-examples/target/test/data/6e6e5023/MiniRaftClusterWithNettya4857fb2/s13/0ae95374-4bed-4063-9be9-f62fdfaa15cf/current/log_inprogress_0
2024-10-09 04:30:00,881 TRACE util.FileUtils (LogUtils.java:runAndLog(49)) - Successfully ran Files.delete /home/runner/work/ratis/ratis/ratis-examples/target/test/data/6e6e5023/MiniRaftClusterWithNettya4857fb2/s13/0ae95374-4bed-4063-9be9-f62fdfaa15cf/current
2024-10-09 04:30:00,881 TRACE util.FileUtils (LogUtils.java:runAndLog(49)) - Successfully ran Files.delete /home/runner/work/ratis/ratis/ratis-examples/target/test/data/6e6e5023/MiniRaftClusterWithNettya4857fb2/s13/0ae95374-4bed-4063-9be9-f62fdfaa15cf
2024-10-09 04:30:00,881 INFO  server.RaftServer$Division (RaftServerImpl.java:groupRemove(481)) - s13@group-F62FDFAA15CF: Succeed to remove RaftStorageDirectory Storage Directory /home/runner/work/ratis/ratis/ratis-examples/target/test/data/6e6e5023/MiniRaftClusterWithNettya4857fb2/s13/0ae95374-4bed-4063-9be9-f62fdfaa15cf
2024-10-09 04:30:00,883 INFO  netty.NettyUtils (NettyUtils.java:newEventLoopGroup(74)) - Create EpollEventLoopGroup for client-8182F31FDE7C; Thread size is 0.
2024-10-09 04:30:00,884 INFO  logging.LoggingHandler (AbstractInternalLogger.java:log(148)) - [id: 0x9a9c3ada, L:/0.0.0.0:15027] READ: [id: 0x2f6bf0d5, L:/127.0.0.1:15027 - R:/127.0.0.1:51028]
2024-10-09 04:30:00,884 INFO  logging.LoggingHandler (AbstractInternalLogger.java:log(148)) - [id: 0x9a9c3ada, L:/0.0.0.0:15027] READ COMPLETE
2024-10-09 04:30:00,884 INFO  server.RaftServer (RaftServerProxy.java:remove(112)) - s12: remove  FOLLOWER s12@group-F62FDFAA15CF:t1, leader=null, voted=s12, raftlog=Memoized:s12@group-F62FDFAA15CF-SegmentedRaftLog:OPENED:c120:last(t:1, i:120), conf=conf: {index: 0, cur=peers:[s11|0.0.0.0:15026, s13|0.0.0.0:15028, s12|0.0.0.0:15027]|listeners:[], old=null} RUNNING
2024-10-09 04:30:00,885 INFO  server.RaftServer$Division (RaftServerImpl.java:lambda$close$1(511)) - s12@group-F62FDFAA15CF: shutdown
2024-10-09 04:30:00,885 INFO  util.JmxRegister (JmxRegister.java:unregister(74)) - Successfully un-registered JMX Bean with object name Ratis:service=RaftServer,group=group-F62FDFAA15CF,id=s12
2024-10-09 04:30:00,885 INFO  impl.RoleInfo (RoleInfo.java:shutdownFollowerState(121)) - s12: shutdown s12@group-F62FDFAA15CF-FollowerState
2024-10-09 04:30:00,885 INFO  impl.StateMachineUpdater (StateMachineUpdater.java:stop(141)) - s12@group-F62FDFAA15CF-StateMachineUpdater: closing ArithmeticStateMachine, lastApplied=(t:1, i:120)
2024-10-09 04:30:00,885 INFO  impl.FollowerState (FollowerState.java:runImpl(165)) - s12@group-F62FDFAA15CF-FollowerState was interrupted
2024-10-09 04:30:00,885 INFO  impl.StateMachineUpdater (StateMachineUpdater.java:stopAndJoin(164)) - s12@group-F62FDFAA15CF-StateMachineUpdater: set stopIndex = 120
2024-10-09 04:30:00,885 INFO  util.AwaitToRun (AwaitToRun.java:run(49)) - s12@group-F62FDFAA15CF-cacheEviction-AwaitToRun-AwaitForSignal is interrupted
2024-10-09 04:30:01,879 INFO  segmented.SegmentedRaftLogWorker (SegmentedRaftLogWorker.java:close(251)) - s12@group-F62FDFAA15CF-SegmentedRaftLogWorker close()
2024-10-09 04:30:01,880 TRACE util.FileUtils (FileUtils.java:deleteFully(305)) - deleteFully /home/runner/work/ratis/ratis/ratis-examples/target/test/data/6e6e5023/MiniRaftClusterWithNettya4857fb2/s12/0ae95374-4bed-4063-9be9-f62fdfaa15cf
2024-10-09 04:30:01,880 TRACE util.FileUtils (LogUtils.java:runAndLog(49)) - Successfully ran Files.delete /home/runner/work/ratis/ratis/ratis-examples/target/test/data/6e6e5023/MiniRaftClusterWithNettya4857fb2/s12/0ae95374-4bed-4063-9be9-f62fdfaa15cf/sm
2024-10-09 04:30:01,880 TRACE util.FileUtils (LogUtils.java:runAndLog(49)) - Successfully ran Files.delete /home/runner/work/ratis/ratis/ratis-examples/target/test/data/6e6e5023/MiniRaftClusterWithNettya4857fb2/s12/0ae95374-4bed-4063-9be9-f62fdfaa15cf/in_use.lock
2024-10-09 04:30:01,880 TRACE util.FileUtils (LogUtils.java:runAndLog(49)) - Successfully ran Files.delete /home/runner/work/ratis/ratis/ratis-examples/target/test/data/6e6e5023/MiniRaftClusterWithNettya4857fb2/s12/0ae95374-4bed-4063-9be9-f62fdfaa15cf/current/raft-meta.conf
2024-10-09 04:30:01,880 TRACE util.FileUtils (LogUtils.java:runAndLog(49)) - Successfully ran Files.delete /home/runner/work/ratis/ratis/ratis-examples/target/test/data/6e6e5023/MiniRaftClusterWithNettya4857fb2/s12/0ae95374-4bed-4063-9be9-f62fdfaa15cf/current/raft-meta
2024-10-09 04:30:01,880 TRACE util.FileUtils (LogUtils.java:runAndLog(49)) - Successfully ran Files.delete /home/runner/work/ratis/ratis/ratis-examples/target/test/data/6e6e5023/MiniRaftClusterWithNettya4857fb2/s12/0ae95374-4bed-4063-9be9-f62fdfaa15cf/current/log_inprogress_0
2024-10-09 04:30:01,880 TRACE util.FileUtils (LogUtils.java:runAndLog(49)) - Successfully ran Files.delete /home/runner/work/ratis/ratis/ratis-examples/target/test/data/6e6e5023/MiniRaftClusterWithNettya4857fb2/s12/0ae95374-4bed-4063-9be9-f62fdfaa15cf/current
2024-10-09 04:30:01,880 TRACE util.FileUtils (LogUtils.java:runAndLog(49)) - Successfully ran Files.delete /home/runner/work/ratis/ratis/ratis-examples/target/test/data/6e6e5023/MiniRaftClusterWithNettya4857fb2/s12/0ae95374-4bed-4063-9be9-f62fdfaa15cf
2024-10-09 04:30:01,881 INFO  server.RaftServer$Division (RaftServerImpl.java:groupRemove(481)) - s12@group-F62FDFAA15CF: Succeed to remove RaftStorageDirectory Storage Directory /home/runner/work/ratis/ratis/ratis-examples/target/test/data/6e6e5023/MiniRaftClusterWithNettya4857fb2/s12/0ae95374-4bed-4063-9be9-f62fdfaa15cf
2024-10-09 04:30:01,883 INFO  impl.GroupManagementBaseTest (GroupManagementBaseTest.java:runMultiGroupTest(299)) - 2) close printing group-9A0367B0C765
  s3:  RUNNING [
   FOLLOWER s3@group-DA40570646C7:t0, leader=null, voted=, raftlog=Memoized:s3@group-DA40570646C7-SegmentedRaftLog:OPENED:c-1:lastnull, conf=conf: {index: -1, cur=peers:[]|listeners:[], old=null} STARTING
   FOLLOWER s3@group-9A0367B0C765:t1, leader=s14, voted=s14, raftlog=Memoized:s3@group-9A0367B0C765-SegmentedRaftLog:OPENED:c120:last(t:1, i:120), conf=conf: {index: 0, cur=peers:[s3|0.0.0.0:15018, s14|0.0.0.0:15029, s2|0.0.0.0:15017]|listeners:[], old=null} RUNNING] size=2
  s14:  RUNNING [
   FOLLOWER s14@group-DA40570646C7:t0, leader=null, voted=, raftlog=Memoized:s14@group-DA40570646C7-SegmentedRaftLog:OPENED:c-1:lastnull, conf=conf: {index: -1, cur=peers:[]|listeners:[], old=null} STARTING
     LEADER s14@group-9A0367B0C765:t1, leader=s14, voted=s14, raftlog=Memoized:s14@group-9A0367B0C765-SegmentedRaftLog:OPENED:c120:last(t:1, i:120), conf=conf: {index: 0, cur=peers:[s3|0.0.0.0:15018, s14|0.0.0.0:15029, s2|0.0.0.0:15017]|listeners:[], old=null} RUNNING] size=2
  s2:  RUNNING [
   FOLLOWER s2@group-DA40570646C7:t0, leader=null, voted=, raftlog=Memoized:s2@group-DA40570646C7-SegmentedRaftLog:OPENED:c-1:lastnull, conf=conf: {index: -1, cur=peers:[]|listeners:[], old=null} STARTING
   FOLLOWER s2@group-9A0367B0C765:t1, leader=s14, voted=s14, raftlog=Memoized:s2@group-9A0367B0C765-SegmentedRaftLog:OPENED:c120:last(t:1, i:120), conf=conf: {index: 0, cur=peers:[s3|0.0.0.0:15018, s14|0.0.0.0:15029, s2|0.0.0.0:15017]|listeners:[], old=null} RUNNING] size=2
2024-10-09 04:30:01,883 INFO  netty.NettyUtils (NettyUtils.java:newEventLoopGroup(74)) - Create EpollEventLoopGroup for client-119ADECB2F5D; Thread size is 0.
2024-10-09 04:30:01,885 INFO  logging.LoggingHandler (AbstractInternalLogger.java:log(148)) - [id: 0x5c3f3926, L:/0.0.0.0:15018] READ: [id: 0x78fcedde, L:/127.0.0.1:15018 - R:/127.0.0.1:55586]
2024-10-09 04:30:01,885 INFO  logging.LoggingHandler (AbstractInternalLogger.java:log(148)) - [id: 0x5c3f3926, L:/0.0.0.0:15018] READ COMPLETE
2024-10-09 04:30:01,885 INFO  server.RaftServer (RaftServerProxy.java:remove(112)) - s3: remove  FOLLOWER s3@group-9A0367B0C765:t1, leader=s14, voted=s14, raftlog=Memoized:s3@group-9A0367B0C765-SegmentedRaftLog:OPENED:c120:last(t:1, i:120), conf=conf: {index: 0, cur=peers:[s3|0.0.0.0:15018, s14|0.0.0.0:15029, s2|0.0.0.0:15017]|listeners:[], old=null} RUNNING
2024-10-09 04:30:01,885 INFO  server.RaftServer$Division (RaftServerImpl.java:lambda$close$1(511)) - s3@group-9A0367B0C765: shutdown
2024-10-09 04:30:01,885 INFO  util.JmxRegister (JmxRegister.java:unregister(74)) - Successfully un-registered JMX Bean with object name Ratis:service=RaftServer,group=group-9A0367B0C765,id=s3
2024-10-09 04:30:01,885 INFO  impl.RoleInfo (RoleInfo.java:shutdownFollowerState(121)) - s3: shutdown s3@group-9A0367B0C765-FollowerState
2024-10-09 04:30:01,886 INFO  impl.StateMachineUpdater (StateMachineUpdater.java:stopAndJoin(164)) - s3@group-9A0367B0C765-StateMachineUpdater: set stopIndex = 120
2024-10-09 04:30:01,886 INFO  impl.StateMachineUpdater (StateMachineUpdater.java:stop(141)) - s3@group-9A0367B0C765-StateMachineUpdater: closing ArithmeticStateMachine, lastApplied=(t:1, i:120)
2024-10-09 04:30:01,886 INFO  impl.FollowerState (FollowerState.java:runImpl(165)) - s3@group-9A0367B0C765-FollowerState was interrupted
2024-10-09 04:30:01,886 INFO  util.AwaitToRun (AwaitToRun.java:run(49)) - s3@group-9A0367B0C765-cacheEviction-AwaitToRun-AwaitForSignal is interrupted
2024-10-09 04:30:01,953 WARN  leader.LogAppender (LogAppenderDefault.java:sendAppendEntriesWithRetries(94)) - s14@group-9A0367B0C765->s3-LogAppenderDefault: Failed to appendEntries (retry=1)
org.apache.ratis.protocol.exceptions.GroupMismatchException: s3: group-9A0367B0C765 not found.
	at org.apache.ratis.server.impl.RaftServerProxy$ImplMap.get(RaftServerProxy.java:156)
	at org.apache.ratis.server.impl.RaftServerProxy.getImplFuture(RaftServerProxy.java:366)
	at org.apache.ratis.server.impl.RaftServerProxy.getImpl(RaftServerProxy.java:375)
	at org.apache.ratis.server.impl.RaftServerProxy.getImpl(RaftServerProxy.java:370)
	at org.apache.ratis.server.impl.RaftServerProxy.appendEntries(RaftServerProxy.java:670)
	at org.apache.ratis.netty.server.NettyRpcService.handle(NettyRpcService.java:234)
	at org.apache.ratis.netty.server.NettyRpcService$InboundHandler.channelRead0(NettyRpcService.java:94)
	at org.apache.ratis.netty.server.NettyRpcService$InboundHandler.channelRead0(NettyRpcService.java:90)
	at org.apache.ratis.thirdparty.io.netty.channel.SimpleChannelInboundHandler.channelRead(SimpleChannelInboundHandler.java:99)
	at org.apache.ratis.thirdparty.io.netty.channel.AbstractChannelHandlerContext.invokeChannelRead(AbstractChannelHandlerContext.java:444)
	at org.apache.ratis.thirdparty.io.netty.channel.AbstractChannelHandlerContext.invokeChannelRead(AbstractChannelHandlerContext.java:420)
	at org.apache.ratis.thirdparty.io.netty.channel.AbstractChannelHandlerContext.fireChannelRead(AbstractChannelHandlerContext.java:412)
	at org.apache.ratis.thirdparty.io.netty.handler.codec.MessageToMessageDecoder.channelRead(MessageToMessageDecoder.java:103)
	at org.apache.ratis.thirdparty.io.netty.channel.AbstractChannelHandlerContext.invokeChannelRead(AbstractChannelHandlerContext.java:444)
	at org.apache.ratis.thirdparty.io.netty.channel.AbstractChannelHandlerContext.invokeChannelRead(AbstractChannelHandlerContext.java:420)
	at org.apache.ratis.thirdparty.io.netty.channel.AbstractChannelHandlerContext.fireChannelRead(AbstractChannelHandlerContext.java:412)
	at org.apache.ratis.thirdparty.io.netty.handler.codec.ByteToMessageDecoder.fireChannelRead(ByteToMessageDecoder.java:346)
	at org.apache.ratis.thirdparty.io.netty.handler.codec.ByteToMessageDecoder.channelRead(ByteToMessageDecoder.java:318)
	at org.apache.ratis.thirdparty.io.netty.channel.AbstractChannelHandlerContext.invokeChannelRead(AbstractChannelHandlerContext.java:444)
	at org.apache.ratis.thirdparty.io.netty.channel.AbstractChannelHandlerContext.invokeChannelRead(AbstractChannelHandlerContext.java:420)
	at org.apache.ratis.thirdparty.io.netty.channel.AbstractChannelHandlerContext.fireChannelRead(AbstractChannelHandlerContext.java:412)
	at org.apache.ratis.thirdparty.io.netty.channel.DefaultChannelPipeline$HeadContext.channelRead(DefaultChannelPipeline.java:1410)
	at org.apache.ratis.thirdparty.io.netty.channel.AbstractChannelHandlerContext.invokeChannelRead(AbstractChannelHandlerContext.java:440)
	at org.apache.ratis.thirdparty.io.netty.channel.AbstractChannelHandlerContext.invokeChannelRead(AbstractChannelHandlerContext.java:420)
	at org.apache.ratis.thirdparty.io.netty.channel.DefaultChannelPipeline.fireChannelRead(DefaultChannelPipeline.java:919)
	at org.apache.ratis.thirdparty.io.netty.channel.epoll.AbstractEpollStreamChannel$EpollStreamUnsafe.epollInReady(AbstractEpollStreamChannel.java:801)
	at org.apache.ratis.thirdparty.io.netty.channel.epoll.EpollEventLoop.processReady(EpollEventLoop.java:501)
	at org.apache.ratis.thirdparty.io.netty.channel.epoll.EpollEventLoop.run(EpollEventLoop.java:399)
	at org.apache.ratis.thirdparty.io.netty.util.concurrent.SingleThreadEventExecutor$4.run(SingleThreadEventExecutor.java:997)
	at org.apache.ratis.thirdparty.io.netty.util.internal.ThreadExecutorMap$2.run(ThreadExecutorMap.java:74)
	at java.lang.Thread.run(Thread.java:750)
2024-10-09 04:30:02,028 WARN  leader.LogAppender (LogAppenderDefault.java:sendAppendEntriesWithRetries(94)) - s14@group-9A0367B0C765->s3-LogAppenderDefault: Failed to appendEntries (retry=1)
org.apache.ratis.protocol.exceptions.GroupMismatchException: s3: group-9A0367B0C765 not found.
	at org.apache.ratis.server.impl.RaftServerProxy$ImplMap.get(RaftServerProxy.java:156)
	at org.apache.ratis.server.impl.RaftServerProxy.getImplFuture(RaftServerProxy.java:366)
	at org.apache.ratis.server.impl.RaftServerProxy.getImpl(RaftServerProxy.java:375)
	at org.apache.ratis.server.impl.RaftServerProxy.getImpl(RaftServerProxy.java:370)
	at org.apache.ratis.server.impl.RaftServerProxy.appendEntries(RaftServerProxy.java:670)
	at org.apache.ratis.netty.server.NettyRpcService.handle(NettyRpcService.java:234)
	at org.apache.ratis.netty.server.NettyRpcService$InboundHandler.channelRead0(NettyRpcService.java:94)
	at org.apache.ratis.netty.server.NettyRpcService$InboundHandler.channelRead0(NettyRpcService.java:90)
	at org.apache.ratis.thirdparty.io.netty.channel.SimpleChannelInboundHandler.channelRead(SimpleChannelInboundHandler.java:99)
	at org.apache.ratis.thirdparty.io.netty.channel.AbstractChannelHandlerContext.invokeChannelRead(AbstractChannelHandlerContext.java:444)
	at org.apache.ratis.thirdparty.io.netty.channel.AbstractChannelHandlerContext.invokeChannelRead(AbstractChannelHandlerContext.java:420)
	at org.apache.ratis.thirdparty.io.netty.channel.AbstractChannelHandlerContext.fireChannelRead(AbstractChannelHandlerContext.java:412)
	at org.apache.ratis.thirdparty.io.netty.handler.codec.MessageToMessageDecoder.channelRead(MessageToMessageDecoder.java:103)
	at org.apache.ratis.thirdparty.io.netty.channel.AbstractChannelHandlerContext.invokeChannelRead(AbstractChannelHandlerContext.java:444)
	at org.apache.ratis.thirdparty.io.netty.channel.AbstractChannelHandlerContext.invokeChannelRead(AbstractChannelHandlerContext.java:420)
	at org.apache.ratis.thirdparty.io.netty.channel.AbstractChannelHandlerContext.fireChannelRead(AbstractChannelHandlerContext.java:412)
	at org.apache.ratis.thirdparty.io.netty.handler.codec.ByteToMessageDecoder.fireChannelRead(ByteToMessageDecoder.java:346)
	at org.apache.ratis.thirdparty.io.netty.handler.codec.ByteToMessageDecoder.channelRead(ByteToMessageDecoder.java:318)
	at org.apache.ratis.thirdparty.io.netty.channel.AbstractChannelHandlerContext.invokeChannelRead(AbstractChannelHandlerContext.java:444)
	at org.apache.ratis.thirdparty.io.netty.channel.AbstractChannelHandlerContext.invokeChannelRead(AbstractChannelHandlerContext.java:420)
	at org.apache.ratis.thirdparty.io.netty.channel.AbstractChannelHandlerContext.fireChannelRead(AbstractChannelHandlerContext.java:412)
	at org.apache.ratis.thirdparty.io.netty.channel.DefaultChannelPipeline$HeadContext.channelRead(DefaultChannelPipeline.java:1410)
	at org.apache.ratis.thirdparty.io.netty.channel.AbstractChannelHandlerContext.invokeChannelRead(AbstractChannelHandlerContext.java:440)
	at org.apache.ratis.thirdparty.io.netty.channel.AbstractChannelHandlerContext.invokeChannelRead(AbstractChannelHandlerContext.java:420)
	at org.apache.ratis.thirdparty.io.netty.channel.DefaultChannelPipeline.fireChannelRead(DefaultChannelPipeline.java:919)
	at org.apache.ratis.thirdparty.io.netty.channel.epoll.AbstractEpollStreamChannel$EpollStreamUnsafe.epollInReady(AbstractEpollStreamChannel.java:801)
	at org.apache.ratis.thirdparty.io.netty.channel.epoll.EpollEventLoop.processReady(EpollEventLoop.java:501)
	at org.apache.ratis.thirdparty.io.netty.channel.epoll.EpollEventLoop.run(EpollEventLoop.java:399)
	at org.apache.ratis.thirdparty.io.netty.util.concurrent.SingleThreadEventExecutor$4.run(SingleThreadEventExecutor.java:997)
	at org.apache.ratis.thirdparty.io.netty.util.internal.ThreadExecutorMap$2.run(ThreadExecutorMap.java:74)
	at java.lang.Thread.run(Thread.java:750)
2024-10-09 04:30:02,103 WARN  leader.LogAppender (LogAppenderDefault.java:sendAppendEntriesWithRetries(94)) - s14@group-9A0367B0C765->s3-LogAppenderDefault: Failed to appendEntries (retry=1)
org.apache.ratis.protocol.exceptions.GroupMismatchException: s3: group-9A0367B0C765 not found.
	at org.apache.ratis.server.impl.RaftServerProxy$ImplMap.get(RaftServerProxy.java:156)
	at org.apache.ratis.server.impl.RaftServerProxy.getImplFuture(RaftServerProxy.java:366)
	at org.apache.ratis.server.impl.RaftServerProxy.getImpl(RaftServerProxy.java:375)
	at org.apache.ratis.server.impl.RaftServerProxy.getImpl(RaftServerProxy.java:370)
	at org.apache.ratis.server.impl.RaftServerProxy.appendEntries(RaftServerProxy.java:670)
	at org.apache.ratis.netty.server.NettyRpcService.handle(NettyRpcService.java:234)
	at org.apache.ratis.netty.server.NettyRpcService$InboundHandler.channelRead0(NettyRpcService.java:94)
	at org.apache.ratis.netty.server.NettyRpcService$InboundHandler.channelRead0(NettyRpcService.java:90)
	at org.apache.ratis.thirdparty.io.netty.channel.SimpleChannelInboundHandler.channelRead(SimpleChannelInboundHandler.java:99)
	at org.apache.ratis.thirdparty.io.netty.channel.AbstractChannelHandlerContext.invokeChannelRead(AbstractChannelHandlerContext.java:444)
	at org.apache.ratis.thirdparty.io.netty.channel.AbstractChannelHandlerContext.invokeChannelRead(AbstractChannelHandlerContext.java:420)
	at org.apache.ratis.thirdparty.io.netty.channel.AbstractChannelHandlerContext.fireChannelRead(AbstractChannelHandlerContext.java:412)
	at org.apache.ratis.thirdparty.io.netty.handler.codec.MessageToMessageDecoder.channelRead(MessageToMessageDecoder.java:103)
	at org.apache.ratis.thirdparty.io.netty.channel.AbstractChannelHandlerContext.invokeChannelRead(AbstractChannelHandlerContext.java:444)
	at org.apache.ratis.thirdparty.io.netty.channel.AbstractChannelHandlerContext.invokeChannelRead(AbstractChannelHandlerContext.java:420)
	at org.apache.ratis.thirdparty.io.netty.channel.AbstractChannelHandlerContext.fireChannelRead(AbstractChannelHandlerContext.java:412)
	at org.apache.ratis.thirdparty.io.netty.handler.codec.ByteToMessageDecoder.fireChannelRead(ByteToMessageDecoder.java:346)
	at org.apache.ratis.thirdparty.io.netty.handler.codec.ByteToMessageDecoder.channelRead(ByteToMessageDecoder.java:318)
	at org.apache.ratis.thirdparty.io.netty.channel.AbstractChannelHandlerContext.invokeChannelRead(AbstractChannelHandlerContext.java:444)
	at org.apache.ratis.thirdparty.io.netty.channel.AbstractChannelHandlerContext.invokeChannelRead(AbstractChannelHandlerContext.java:420)
	at org.apache.ratis.thirdparty.io.netty.channel.AbstractChannelHandlerContext.fireChannelRead(AbstractChannelHandlerContext.java:412)
	at org.apache.ratis.thirdparty.io.netty.channel.DefaultChannelPipeline$HeadContext.channelRead(DefaultChannelPipeline.java:1410)
	at org.apache.ratis.thirdparty.io.netty.channel.AbstractChannelHandlerContext.invokeChannelRead(AbstractChannelHandlerContext.java:440)
	at org.apache.ratis.thirdparty.io.netty.channel.AbstractChannelHandlerContext.invokeChannelRead(AbstractChannelHandlerContext.java:420)
	at org.apache.ratis.thirdparty.io.netty.channel.DefaultChannelPipeline.fireChannelRead(DefaultChannelPipeline.java:919)
	at org.apache.ratis.thirdparty.io.netty.channel.epoll.AbstractEpollStreamChannel$EpollStreamUnsafe.epollInReady(AbstractEpollStreamChannel.java:801)
	at org.apache.ratis.thirdparty.io.netty.channel.epoll.EpollEventLoop.processReady(EpollEventLoop.java:501)
	at org.apache.ratis.thirdparty.io.netty.channel.epoll.EpollEventLoop.run(EpollEventLoop.java:399)
	at org.apache.ratis.thirdparty.io.netty.util.concurrent.SingleThreadEventExecutor$4.run(SingleThreadEventExecutor.java:997)
	at org.apache.ratis.thirdparty.io.netty.util.internal.ThreadExecutorMap$2.run(ThreadExecutorMap.java:74)
	at java.lang.Thread.run(Thread.java:750)
2024-10-09 04:30:02,127 INFO  segmented.SegmentedRaftLogWorker (SegmentedRaftLogWorker.java:close(251)) - s3@group-9A0367B0C765-SegmentedRaftLogWorker close()
2024-10-09 04:30:02,128 TRACE util.FileUtils (FileUtils.java:deleteFully(305)) - deleteFully /home/runner/work/ratis/ratis/ratis-examples/target/test/data/6e6e5023/MiniRaftClusterWithNettya4857fb2/s3/6b0e6136-3a12-4d52-9d41-9a0367b0c765
2024-10-09 04:30:02,128 TRACE util.FileUtils (LogUtils.java:runAndLog(49)) - Successfully ran Files.delete /home/runner/work/ratis/ratis/ratis-examples/target/test/data/6e6e5023/MiniRaftClusterWithNettya4857fb2/s3/6b0e6136-3a12-4d52-9d41-9a0367b0c765/sm
2024-10-09 04:30:02,128 TRACE util.FileUtils (LogUtils.java:runAndLog(49)) - Successfully ran Files.delete /home/runner/work/ratis/ratis/ratis-examples/target/test/data/6e6e5023/MiniRaftClusterWithNettya4857fb2/s3/6b0e6136-3a12-4d52-9d41-9a0367b0c765/in_use.lock
2024-10-09 04:30:02,128 TRACE util.FileUtils (LogUtils.java:runAndLog(49)) - Successfully ran Files.delete /home/runner/work/ratis/ratis/ratis-examples/target/test/data/6e6e5023/MiniRaftClusterWithNettya4857fb2/s3/6b0e6136-3a12-4d52-9d41-9a0367b0c765/current/raft-meta.conf
2024-10-09 04:30:02,128 TRACE util.FileUtils (LogUtils.java:runAndLog(49)) - Successfully ran Files.delete /home/runner/work/ratis/ratis/ratis-examples/target/test/data/6e6e5023/MiniRaftClusterWithNettya4857fb2/s3/6b0e6136-3a12-4d52-9d41-9a0367b0c765/current/raft-meta
2024-10-09 04:30:02,129 TRACE util.FileUtils (LogUtils.java:runAndLog(49)) - Successfully ran Files.delete /home/runner/work/ratis/ratis/ratis-examples/target/test/data/6e6e5023/MiniRaftClusterWithNettya4857fb2/s3/6b0e6136-3a12-4d52-9d41-9a0367b0c765/current/log_inprogress_0
2024-10-09 04:30:02,129 TRACE util.FileUtils (LogUtils.java:runAndLog(49)) - Successfully ran Files.delete /home/runner/work/ratis/ratis/ratis-examples/target/test/data/6e6e5023/MiniRaftClusterWithNettya4857fb2/s3/6b0e6136-3a12-4d52-9d41-9a0367b0c765/current
2024-10-09 04:30:02,129 TRACE util.FileUtils (LogUtils.java:runAndLog(49)) - Successfully ran Files.delete /home/runner/work/ratis/ratis/ratis-examples/target/test/data/6e6e5023/MiniRaftClusterWithNettya4857fb2/s3/6b0e6136-3a12-4d52-9d41-9a0367b0c765
2024-10-09 04:30:02,129 INFO  server.RaftServer$Division (RaftServerImpl.java:groupRemove(481)) - s3@group-9A0367B0C765: Succeed to remove RaftStorageDirectory Storage Directory /home/runner/work/ratis/ratis/ratis-examples/target/test/data/6e6e5023/MiniRaftClusterWithNettya4857fb2/s3/6b0e6136-3a12-4d52-9d41-9a0367b0c765
2024-10-09 04:30:02,130 INFO  netty.NettyUtils (NettyUtils.java:newEventLoopGroup(74)) - Create EpollEventLoopGroup for client-701FB7EA8158; Thread size is 0.
2024-10-09 04:30:02,131 INFO  logging.LoggingHandler (AbstractInternalLogger.java:log(148)) - [id: 0xbcbaa10e, L:/0.0.0.0:15029] READ: [id: 0xb20396d1, L:/127.0.0.1:15029 - R:/127.0.0.1:56946]
2024-10-09 04:30:02,132 INFO  logging.LoggingHandler (AbstractInternalLogger.java:log(148)) - [id: 0xbcbaa10e, L:/0.0.0.0:15029] READ COMPLETE
2024-10-09 04:30:02,132 INFO  server.RaftServer (RaftServerProxy.java:remove(112)) - s14: remove    LEADER s14@group-9A0367B0C765:t1, leader=s14, voted=s14, raftlog=Memoized:s14@group-9A0367B0C765-SegmentedRaftLog:OPENED:c120:last(t:1, i:120), conf=conf: {index: 0, cur=peers:[s3|0.0.0.0:15018, s14|0.0.0.0:15029, s2|0.0.0.0:15017]|listeners:[], old=null} RUNNING
2024-10-09 04:30:02,132 INFO  server.RaftServer$Division (RaftServerImpl.java:lambda$close$1(511)) - s14@group-9A0367B0C765: shutdown
2024-10-09 04:30:02,132 INFO  util.JmxRegister (JmxRegister.java:unregister(74)) - Successfully un-registered JMX Bean with object name Ratis:service=RaftServer,group=group-9A0367B0C765,id=s14
2024-10-09 04:30:02,132 INFO  impl.RoleInfo (RoleInfo.java:shutdownLeaderState(103)) - s14: shutdown s14@group-9A0367B0C765-LeaderStateImpl
2024-10-09 04:30:02,132 INFO  leader.LogAppenderDaemon (LogAppenderDaemon.java:run(85)) - s14@group-9A0367B0C765->s3-LogAppenderDefault-LogAppenderDaemon was interrupted: java.lang.InterruptedException
2024-10-09 04:30:02,132 INFO  leader.LogAppenderDaemon (LogAppenderDaemon.java:run(85)) - s14@group-9A0367B0C765->s2-LogAppenderDefault-LogAppenderDaemon was interrupted: java.lang.InterruptedException
2024-10-09 04:30:02,132 INFO  impl.PendingRequests (PendingRequests.java:sendNotLeaderResponses(287)) - s14@group-9A0367B0C765-PendingRequests: sendNotLeaderResponses
2024-10-09 04:30:02,133 INFO  impl.StateMachineUpdater (StateMachineUpdater.java:stopAndJoin(164)) - s14@group-9A0367B0C765-StateMachineUpdater: set stopIndex = 120
2024-10-09 04:30:02,133 INFO  impl.StateMachineUpdater (StateMachineUpdater.java:stop(141)) - s14@group-9A0367B0C765-StateMachineUpdater: closing ArithmeticStateMachine, lastApplied=(t:1, i:120)
2024-10-09 04:30:02,133 INFO  util.AwaitToRun (AwaitToRun.java:run(49)) - s14@group-9A0367B0C765-cacheEviction-AwaitToRun-AwaitForSignal is interrupted
2024-10-09 04:30:02,695 INFO  impl.FollowerState (FollowerState.java:runImpl(156)) - s2@group-9A0367B0C765-FollowerState: change to CANDIDATE, lastRpcElapsedTime:592532871ns, electionTimeout:414ms
2024-10-09 04:30:02,695 INFO  impl.RoleInfo (RoleInfo.java:shutdownFollowerState(121)) - s2: shutdown s2@group-9A0367B0C765-FollowerState
2024-10-09 04:30:02,695 INFO  server.RaftServer$Division (RaftServerImpl.java:setRole(379)) - s2@group-9A0367B0C765: changes role from  FOLLOWER to CANDIDATE at term 1 for changeToCandidate
2024-10-09 04:30:02,696 INFO  server.RaftServerConfigKeys (ConfUtils.java:logGet(46)) - raft.server.leaderelection.pre-vote = true (default)
2024-10-09 04:30:02,696 INFO  impl.RoleInfo (RoleInfo.java:updateAndGet(148)) - s2: start s2@group-9A0367B0C765-LeaderElection31
2024-10-09 04:30:02,696 INFO  server.RaftServer$Division (ServerState.java:setLeader(272)) - s2@group-9A0367B0C765: change Leader from s14 to null at term 1 for PRE_VOTE
2024-10-09 04:30:02,696 INFO  impl.LeaderElection (LeaderElection.java:askForVotes(337)) - s2@group-9A0367B0C765-LeaderElection31 PRE_VOTE round 0: submit vote requests at term 1 for conf: {index: 0, cur=peers:[s3|0.0.0.0:15018, s14|0.0.0.0:15029, s2|0.0.0.0:15017]|listeners:[], old=null}
2024-10-09 04:30:02,697 INFO  logging.LoggingHandler (AbstractInternalLogger.java:log(148)) - [id: 0xbcbaa10e, L:/0.0.0.0:15029] READ: [id: 0xd5e98ed9, L:/127.0.0.1:15029 - R:/127.0.0.1:56958]
2024-10-09 04:30:02,697 INFO  logging.LoggingHandler (AbstractInternalLogger.java:log(148)) - [id: 0xbcbaa10e, L:/0.0.0.0:15029] READ COMPLETE
2024-10-09 04:30:02,697 INFO  logging.LoggingHandler (AbstractInternalLogger.java:log(148)) - [id: 0x5c3f3926, L:/0.0.0.0:15018] READ: [id: 0xf75bffe5, L:/127.0.0.1:15018 - R:/127.0.0.1:55594]
2024-10-09 04:30:02,697 INFO  logging.LoggingHandler (AbstractInternalLogger.java:log(148)) - [id: 0x5c3f3926, L:/0.0.0.0:15018] READ COMPLETE
2024-10-09 04:30:02,698 INFO  impl.LeaderElection (LogUtils.java:infoOrTrace(136)) - s2@group-9A0367B0C765-LeaderElection31 got exception when requesting votes: java.util.concurrent.ExecutionException: org.apache.ratis.protocol.exceptions.GroupMismatchException: s14: group-9A0367B0C765 not found.
2024-10-09 04:30:02,698 INFO  impl.LeaderElection (LogUtils.java:infoOrTrace(136)) - s2@group-9A0367B0C765-LeaderElection31 got exception when requesting votes: java.util.concurrent.ExecutionException: org.apache.ratis.protocol.exceptions.GroupMismatchException: s3: group-9A0367B0C765 not found.
2024-10-09 04:30:02,698 INFO  impl.LeaderElection (LeaderElection.java:logAndReturn(90)) - s2@group-9A0367B0C765-LeaderElection31: PRE_VOTE REJECTED received 0 response(s) and 2 exception(s):
2024-10-09 04:30:02,698 INFO  impl.LeaderElection (LogUtils.java:infoOrTrace(136)) -   Exception 0: java.util.concurrent.ExecutionException: org.apache.ratis.protocol.exceptions.GroupMismatchException: s14: group-9A0367B0C765 not found.
2024-10-09 04:30:02,699 INFO  impl.LeaderElection (LogUtils.java:infoOrTrace(136)) -   Exception 1: java.util.concurrent.ExecutionException: org.apache.ratis.protocol.exceptions.GroupMismatchException: s3: group-9A0367B0C765 not found.
2024-10-09 04:30:02,699 INFO  impl.LeaderElection (LeaderElection.java:askForVotes(339)) - s2@group-9A0367B0C765-LeaderElection31 PRE_VOTE round 0: result REJECTED
2024-10-09 04:30:02,699 INFO  server.RaftServer$Division (RaftServerImpl.java:setRole(379)) - s2@group-9A0367B0C765: changes role from CANDIDATE to FOLLOWER at term 1 for REJECTED
2024-10-09 04:30:02,699 INFO  impl.RoleInfo (RoleInfo.java:shutdownLeaderElection(141)) - s2: shutdown s2@group-9A0367B0C765-LeaderElection31
2024-10-09 04:30:02,699 INFO  impl.RoleInfo (RoleInfo.java:updateAndGet(148)) - s2: start s2@group-9A0367B0C765-FollowerState
2024-10-09 04:30:03,127 INFO  segmented.SegmentedRaftLogWorker (SegmentedRaftLogWorker.java:close(251)) - s14@group-9A0367B0C765-SegmentedRaftLogWorker close()
2024-10-09 04:30:03,127 TRACE util.FileUtils (FileUtils.java:deleteFully(305)) - deleteFully /home/runner/work/ratis/ratis/ratis-examples/target/test/data/6e6e5023/MiniRaftClusterWithNettya4857fb2/s14/6b0e6136-3a12-4d52-9d41-9a0367b0c765
2024-10-09 04:30:03,127 TRACE util.FileUtils (LogUtils.java:runAndLog(49)) - Successfully ran Files.delete /home/runner/work/ratis/ratis/ratis-examples/target/test/data/6e6e5023/MiniRaftClusterWithNettya4857fb2/s14/6b0e6136-3a12-4d52-9d41-9a0367b0c765/sm
2024-10-09 04:30:03,128 TRACE util.FileUtils (LogUtils.java:runAndLog(49)) - Successfully ran Files.delete /home/runner/work/ratis/ratis/ratis-examples/target/test/data/6e6e5023/MiniRaftClusterWithNettya4857fb2/s14/6b0e6136-3a12-4d52-9d41-9a0367b0c765/in_use.lock
2024-10-09 04:30:03,128 TRACE util.FileUtils (LogUtils.java:runAndLog(49)) - Successfully ran Files.delete /home/runner/work/ratis/ratis/ratis-examples/target/test/data/6e6e5023/MiniRaftClusterWithNettya4857fb2/s14/6b0e6136-3a12-4d52-9d41-9a0367b0c765/current/raft-meta.conf
2024-10-09 04:30:03,128 TRACE util.FileUtils (LogUtils.java:runAndLog(49)) - Successfully ran Files.delete /home/runner/work/ratis/ratis/ratis-examples/target/test/data/6e6e5023/MiniRaftClusterWithNettya4857fb2/s14/6b0e6136-3a12-4d52-9d41-9a0367b0c765/current/raft-meta
2024-10-09 04:30:03,128 TRACE util.FileUtils (LogUtils.java:runAndLog(49)) - Successfully ran Files.delete /home/runner/work/ratis/ratis/ratis-examples/target/test/data/6e6e5023/MiniRaftClusterWithNettya4857fb2/s14/6b0e6136-3a12-4d52-9d41-9a0367b0c765/current/log_inprogress_0
2024-10-09 04:30:03,128 TRACE util.FileUtils (LogUtils.java:runAndLog(49)) - Successfully ran Files.delete /home/runner/work/ratis/ratis/ratis-examples/target/test/data/6e6e5023/MiniRaftClusterWithNettya4857fb2/s14/6b0e6136-3a12-4d52-9d41-9a0367b0c765/current
2024-10-09 04:30:03,128 TRACE util.FileUtils (LogUtils.java:runAndLog(49)) - Successfully ran Files.delete /home/runner/work/ratis/ratis/ratis-examples/target/test/data/6e6e5023/MiniRaftClusterWithNettya4857fb2/s14/6b0e6136-3a12-4d52-9d41-9a0367b0c765
2024-10-09 04:30:03,128 INFO  server.RaftServer$Division (RaftServerImpl.java:groupRemove(481)) - s14@group-9A0367B0C765: Succeed to remove RaftStorageDirectory Storage Directory /home/runner/work/ratis/ratis/ratis-examples/target/test/data/6e6e5023/MiniRaftClusterWithNettya4857fb2/s14/6b0e6136-3a12-4d52-9d41-9a0367b0c765
2024-10-09 04:30:03,130 INFO  netty.NettyUtils (NettyUtils.java:newEventLoopGroup(74)) - Create EpollEventLoopGroup for client-3CFD745D3764; Thread size is 0.
2024-10-09 04:30:03,131 INFO  logging.LoggingHandler (AbstractInternalLogger.java:log(148)) - [id: 0x3e38b2f8, L:/0.0.0.0:15017] READ: [id: 0x21f01f7c, L:/127.0.0.1:15017 - R:/127.0.0.1:57684]
2024-10-09 04:30:03,131 INFO  logging.LoggingHandler (AbstractInternalLogger.java:log(148)) - [id: 0x3e38b2f8, L:/0.0.0.0:15017] READ COMPLETE
2024-10-09 04:30:03,132 INFO  server.RaftServer (RaftServerProxy.java:remove(112)) - s2: remove  FOLLOWER s2@group-9A0367B0C765:t1, leader=null, voted=s14, raftlog=Memoized:s2@group-9A0367B0C765-SegmentedRaftLog:OPENED:c120:last(t:1, i:120), conf=conf: {index: 0, cur=peers:[s3|0.0.0.0:15018, s14|0.0.0.0:15029, s2|0.0.0.0:15017]|listeners:[], old=null} RUNNING
2024-10-09 04:30:03,132 INFO  server.RaftServer$Division (RaftServerImpl.java:lambda$close$1(511)) - s2@group-9A0367B0C765: shutdown
2024-10-09 04:30:03,132 INFO  util.JmxRegister (JmxRegister.java:unregister(74)) - Successfully un-registered JMX Bean with object name Ratis:service=RaftServer,group=group-9A0367B0C765,id=s2
2024-10-09 04:30:03,132 INFO  impl.RoleInfo (RoleInfo.java:shutdownFollowerState(121)) - s2: shutdown s2@group-9A0367B0C765-FollowerState
2024-10-09 04:30:03,132 INFO  impl.StateMachineUpdater (StateMachineUpdater.java:stopAndJoin(164)) - s2@group-9A0367B0C765-StateMachineUpdater: set stopIndex = 120
2024-10-09 04:30:03,132 INFO  impl.FollowerState (FollowerState.java:runImpl(165)) - s2@group-9A0367B0C765-FollowerState was interrupted
2024-10-09 04:30:03,136 INFO  impl.StateMachineUpdater (StateMachineUpdater.java:stop(141)) - s2@group-9A0367B0C765-StateMachineUpdater: closing ArithmeticStateMachine, lastApplied=(t:1, i:120)
2024-10-09 04:30:03,136 INFO  util.AwaitToRun (AwaitToRun.java:run(49)) - s2@group-9A0367B0C765-cacheEviction-AwaitToRun-AwaitForSignal is interrupted
2024-10-09 04:30:04,128 INFO  segmented.SegmentedRaftLogWorker (SegmentedRaftLogWorker.java:close(251)) - s2@group-9A0367B0C765-SegmentedRaftLogWorker close()
2024-10-09 04:30:04,129 TRACE util.FileUtils (FileUtils.java:deleteFully(305)) - deleteFully /home/runner/work/ratis/ratis/ratis-examples/target/test/data/6e6e5023/MiniRaftClusterWithNettya4857fb2/s2/6b0e6136-3a12-4d52-9d41-9a0367b0c765
2024-10-09 04:30:04,129 TRACE util.FileUtils (LogUtils.java:runAndLog(49)) - Successfully ran Files.delete /home/runner/work/ratis/ratis/ratis-examples/target/test/data/6e6e5023/MiniRaftClusterWithNettya4857fb2/s2/6b0e6136-3a12-4d52-9d41-9a0367b0c765/sm
2024-10-09 04:30:04,129 TRACE util.FileUtils (LogUtils.java:runAndLog(49)) - Successfully ran Files.delete /home/runner/work/ratis/ratis/ratis-examples/target/test/data/6e6e5023/MiniRaftClusterWithNettya4857fb2/s2/6b0e6136-3a12-4d52-9d41-9a0367b0c765/in_use.lock
2024-10-09 04:30:04,129 TRACE util.FileUtils (LogUtils.java:runAndLog(49)) - Successfully ran Files.delete /home/runner/work/ratis/ratis/ratis-examples/target/test/data/6e6e5023/MiniRaftClusterWithNettya4857fb2/s2/6b0e6136-3a12-4d52-9d41-9a0367b0c765/current/raft-meta.conf
2024-10-09 04:30:04,129 TRACE util.FileUtils (LogUtils.java:runAndLog(49)) - Successfully ran Files.delete /home/runner/work/ratis/ratis/ratis-examples/target/test/data/6e6e5023/MiniRaftClusterWithNettya4857fb2/s2/6b0e6136-3a12-4d52-9d41-9a0367b0c765/current/raft-meta
2024-10-09 04:30:04,129 TRACE util.FileUtils (LogUtils.java:runAndLog(49)) - Successfully ran Files.delete /home/runner/work/ratis/ratis/ratis-examples/target/test/data/6e6e5023/MiniRaftClusterWithNettya4857fb2/s2/6b0e6136-3a12-4d52-9d41-9a0367b0c765/current/log_inprogress_0
2024-10-09 04:30:04,130 TRACE util.FileUtils (LogUtils.java:runAndLog(49)) - Successfully ran Files.delete /home/runner/work/ratis/ratis/ratis-examples/target/test/data/6e6e5023/MiniRaftClusterWithNettya4857fb2/s2/6b0e6136-3a12-4d52-9d41-9a0367b0c765/current
2024-10-09 04:30:04,130 TRACE util.FileUtils (LogUtils.java:runAndLog(49)) - Successfully ran Files.delete /home/runner/work/ratis/ratis/ratis-examples/target/test/data/6e6e5023/MiniRaftClusterWithNettya4857fb2/s2/6b0e6136-3a12-4d52-9d41-9a0367b0c765
2024-10-09 04:30:04,130 INFO  server.RaftServer$Division (RaftServerImpl.java:groupRemove(481)) - s2@group-9A0367B0C765: Succeed to remove RaftStorageDirectory Storage Directory /home/runner/work/ratis/ratis/ratis-examples/target/test/data/6e6e5023/MiniRaftClusterWithNettya4857fb2/s2/6b0e6136-3a12-4d52-9d41-9a0367b0c765
2024-10-09 04:30:04,131 INFO  impl.GroupManagementBaseTest (GroupManagementBaseTest.java:runMultiGroupTest(299)) - 3) close printing group-DE92A9858D7E
  s4:  RUNNING [
   FOLLOWER s4@group-DA40570646C7:t0, leader=null, voted=, raftlog=Memoized:s4@group-DA40570646C7-SegmentedRaftLog:OPENED:c-1:lastnull, conf=conf: {index: -1, cur=peers:[]|listeners:[], old=null} STARTING
   FOLLOWER s4@group-DE92A9858D7E:t1, leader=s6, voted=s6, raftlog=Memoized:s4@group-DE92A9858D7E-SegmentedRaftLog:OPENED:c120:last(t:1, i:120), conf=conf: {index: 0, cur=peers:[s4|0.0.0.0:15019, s5|0.0.0.0:15020, s6|0.0.0.0:15021]|listeners:[], old=null} RUNNING] size=2
  s5:  RUNNING [
   FOLLOWER s5@group-DA40570646C7:t0, leader=null, voted=, raftlog=Memoized:s5@group-DA40570646C7-SegmentedRaftLog:OPENED:c-1:lastnull, conf=conf: {index: -1, cur=peers:[]|listeners:[], old=null} STARTING
   FOLLOWER s5@group-DE92A9858D7E:t1, leader=s6, voted=s6, raftlog=Memoized:s5@group-DE92A9858D7E-SegmentedRaftLog:OPENED:c120:last(t:1, i:120), conf=conf: {index: 0, cur=peers:[s4|0.0.0.0:15019, s5|0.0.0.0:15020, s6|0.0.0.0:15021]|listeners:[], old=null} RUNNING] size=2
  s6:  RUNNING [
   FOLLOWER s6@group-DA40570646C7:t0, leader=null, voted=, raftlog=Memoized:s6@group-DA40570646C7-SegmentedRaftLog:OPENED:c-1:lastnull, conf=conf: {index: -1, cur=peers:[]|listeners:[], old=null} STARTING
     LEADER s6@group-DE92A9858D7E:t1, leader=s6, voted=s6, raftlog=Memoized:s6@group-DE92A9858D7E-SegmentedRaftLog:OPENED:c120:last(t:1, i:120), conf=conf: {index: 0, cur=peers:[s4|0.0.0.0:15019, s5|0.0.0.0:15020, s6|0.0.0.0:15021]|listeners:[], old=null} RUNNING] size=2
2024-10-09 04:30:04,132 INFO  netty.NettyUtils (NettyUtils.java:newEventLoopGroup(74)) - Create EpollEventLoopGroup for client-668228FCC85D; Thread size is 0.
2024-10-09 04:30:04,133 INFO  logging.LoggingHandler (AbstractInternalLogger.java:log(148)) - [id: 0xb86f85a1, L:/0.0.0.0:15019] READ: [id: 0xe03b6fa9, L:/127.0.0.1:15019 - R:/127.0.0.1:58414]
2024-10-09 04:30:04,133 INFO  logging.LoggingHandler (AbstractInternalLogger.java:log(148)) - [id: 0xb86f85a1, L:/0.0.0.0:15019] READ COMPLETE
2024-10-09 04:30:04,134 INFO  server.RaftServer (RaftServerProxy.java:remove(112)) - s4: remove  FOLLOWER s4@group-DE92A9858D7E:t1, leader=s6, voted=s6, raftlog=Memoized:s4@group-DE92A9858D7E-SegmentedRaftLog:OPENED:c120:last(t:1, i:120), conf=conf: {index: 0, cur=peers:[s4|0.0.0.0:15019, s5|0.0.0.0:15020, s6|0.0.0.0:15021]|listeners:[], old=null} RUNNING
2024-10-09 04:30:04,134 INFO  server.RaftServer$Division (RaftServerImpl.java:lambda$close$1(511)) - s4@group-DE92A9858D7E: shutdown
2024-10-09 04:30:04,134 INFO  util.JmxRegister (JmxRegister.java:unregister(74)) - Successfully un-registered JMX Bean with object name Ratis:service=RaftServer,group=group-DE92A9858D7E,id=s4
2024-10-09 04:30:04,134 INFO  impl.RoleInfo (RoleInfo.java:shutdownFollowerState(121)) - s4: shutdown s4@group-DE92A9858D7E-FollowerState
2024-10-09 04:30:04,134 INFO  impl.StateMachineUpdater (StateMachineUpdater.java:stopAndJoin(164)) - s4@group-DE92A9858D7E-StateMachineUpdater: set stopIndex = 120
2024-10-09 04:30:04,134 INFO  impl.StateMachineUpdater (StateMachineUpdater.java:stop(141)) - s4@group-DE92A9858D7E-StateMachineUpdater: closing ArithmeticStateMachine, lastApplied=(t:1, i:120)
2024-10-09 04:30:04,134 INFO  impl.FollowerState (FollowerState.java:runImpl(165)) - s4@group-DE92A9858D7E-FollowerState was interrupted
2024-10-09 04:30:04,134 INFO  util.AwaitToRun (AwaitToRun.java:run(49)) - s4@group-DE92A9858D7E-cacheEviction-AwaitToRun-AwaitForSignal is interrupted
2024-10-09 04:30:04,267 WARN  leader.LogAppender (LogAppenderDefault.java:sendAppendEntriesWithRetries(94)) - s6@group-DE92A9858D7E->s4-LogAppenderDefault: Failed to appendEntries (retry=1)
org.apache.ratis.protocol.exceptions.GroupMismatchException: s4: group-DE92A9858D7E not found.
	at org.apache.ratis.server.impl.RaftServerProxy$ImplMap.get(RaftServerProxy.java:156)
	at org.apache.ratis.server.impl.RaftServerProxy.getImplFuture(RaftServerProxy.java:366)
	at org.apache.ratis.server.impl.RaftServerProxy.getImpl(RaftServerProxy.java:375)
	at org.apache.ratis.server.impl.RaftServerProxy.getImpl(RaftServerProxy.java:370)
	at org.apache.ratis.server.impl.RaftServerProxy.appendEntries(RaftServerProxy.java:670)
	at org.apache.ratis.netty.server.NettyRpcService.handle(NettyRpcService.java:234)
	at org.apache.ratis.netty.server.NettyRpcService$InboundHandler.channelRead0(NettyRpcService.java:94)
	at org.apache.ratis.netty.server.NettyRpcService$InboundHandler.channelRead0(NettyRpcService.java:90)
	at org.apache.ratis.thirdparty.io.netty.channel.SimpleChannelInboundHandler.channelRead(SimpleChannelInboundHandler.java:99)
	at org.apache.ratis.thirdparty.io.netty.channel.AbstractChannelHandlerContext.invokeChannelRead(AbstractChannelHandlerContext.java:444)
	at org.apache.ratis.thirdparty.io.netty.channel.AbstractChannelHandlerContext.invokeChannelRead(AbstractChannelHandlerContext.java:420)
	at org.apache.ratis.thirdparty.io.netty.channel.AbstractChannelHandlerContext.fireChannelRead(AbstractChannelHandlerContext.java:412)
	at org.apache.ratis.thirdparty.io.netty.handler.codec.MessageToMessageDecoder.channelRead(MessageToMessageDecoder.java:103)
	at org.apache.ratis.thirdparty.io.netty.channel.AbstractChannelHandlerContext.invokeChannelRead(AbstractChannelHandlerContext.java:444)
	at org.apache.ratis.thirdparty.io.netty.channel.AbstractChannelHandlerContext.invokeChannelRead(AbstractChannelHandlerContext.java:420)
	at org.apache.ratis.thirdparty.io.netty.channel.AbstractChannelHandlerContext.fireChannelRead(AbstractChannelHandlerContext.java:412)
	at org.apache.ratis.thirdparty.io.netty.handler.codec.ByteToMessageDecoder.fireChannelRead(ByteToMessageDecoder.java:346)
	at org.apache.ratis.thirdparty.io.netty.handler.codec.ByteToMessageDecoder.channelRead(ByteToMessageDecoder.java:318)
	at org.apache.ratis.thirdparty.io.netty.channel.AbstractChannelHandlerContext.invokeChannelRead(AbstractChannelHandlerContext.java:444)
	at org.apache.ratis.thirdparty.io.netty.channel.AbstractChannelHandlerContext.invokeChannelRead(AbstractChannelHandlerContext.java:420)
	at org.apache.ratis.thirdparty.io.netty.channel.AbstractChannelHandlerContext.fireChannelRead(AbstractChannelHandlerContext.java:412)
	at org.apache.ratis.thirdparty.io.netty.channel.DefaultChannelPipeline$HeadContext.channelRead(DefaultChannelPipeline.java:1410)
	at org.apache.ratis.thirdparty.io.netty.channel.AbstractChannelHandlerContext.invokeChannelRead(AbstractChannelHandlerContext.java:440)
	at org.apache.ratis.thirdparty.io.netty.channel.AbstractChannelHandlerContext.invokeChannelRead(AbstractChannelHandlerContext.java:420)
	at org.apache.ratis.thirdparty.io.netty.channel.DefaultChannelPipeline.fireChannelRead(DefaultChannelPipeline.java:919)
	at org.apache.ratis.thirdparty.io.netty.channel.epoll.AbstractEpollStreamChannel$EpollStreamUnsafe.epollInReady(AbstractEpollStreamChannel.java:801)
	at org.apache.ratis.thirdparty.io.netty.channel.epoll.EpollEventLoop.processReady(EpollEventLoop.java:501)
	at org.apache.ratis.thirdparty.io.netty.channel.epoll.EpollEventLoop.run(EpollEventLoop.java:399)
	at org.apache.ratis.thirdparty.io.netty.util.concurrent.SingleThreadEventExecutor$4.run(SingleThreadEventExecutor.java:997)
	at org.apache.ratis.thirdparty.io.netty.util.internal.ThreadExecutorMap$2.run(ThreadExecutorMap.java:74)
	at java.lang.Thread.run(Thread.java:750)
2024-10-09 04:30:04,343 WARN  leader.LogAppender (LogAppenderDefault.java:sendAppendEntriesWithRetries(94)) - s6@group-DE92A9858D7E->s4-LogAppenderDefault: Failed to appendEntries (retry=1)
org.apache.ratis.protocol.exceptions.GroupMismatchException: s4: group-DE92A9858D7E not found.
	at org.apache.ratis.server.impl.RaftServerProxy$ImplMap.get(RaftServerProxy.java:156)
	at org.apache.ratis.server.impl.RaftServerProxy.getImplFuture(RaftServerProxy.java:366)
	at org.apache.ratis.server.impl.RaftServerProxy.getImpl(RaftServerProxy.java:375)
	at org.apache.ratis.server.impl.RaftServerProxy.getImpl(RaftServerProxy.java:370)
	at org.apache.ratis.server.impl.RaftServerProxy.appendEntries(RaftServerProxy.java:670)
	at org.apache.ratis.netty.server.NettyRpcService.handle(NettyRpcService.java:234)
	at org.apache.ratis.netty.server.NettyRpcService$InboundHandler.channelRead0(NettyRpcService.java:94)
	at org.apache.ratis.netty.server.NettyRpcService$InboundHandler.channelRead0(NettyRpcService.java:90)
	at org.apache.ratis.thirdparty.io.netty.channel.SimpleChannelInboundHandler.channelRead(SimpleChannelInboundHandler.java:99)
	at org.apache.ratis.thirdparty.io.netty.channel.AbstractChannelHandlerContext.invokeChannelRead(AbstractChannelHandlerContext.java:444)
	at org.apache.ratis.thirdparty.io.netty.channel.AbstractChannelHandlerContext.invokeChannelRead(AbstractChannelHandlerContext.java:420)
	at org.apache.ratis.thirdparty.io.netty.channel.AbstractChannelHandlerContext.fireChannelRead(AbstractChannelHandlerContext.java:412)
	at org.apache.ratis.thirdparty.io.netty.handler.codec.MessageToMessageDecoder.channelRead(MessageToMessageDecoder.java:103)
	at org.apache.ratis.thirdparty.io.netty.channel.AbstractChannelHandlerContext.invokeChannelRead(AbstractChannelHandlerContext.java:444)
	at org.apache.ratis.thirdparty.io.netty.channel.AbstractChannelHandlerContext.invokeChannelRead(AbstractChannelHandlerContext.java:420)
	at org.apache.ratis.thirdparty.io.netty.channel.AbstractChannelHandlerContext.fireChannelRead(AbstractChannelHandlerContext.java:412)
	at org.apache.ratis.thirdparty.io.netty.handler.codec.ByteToMessageDecoder.fireChannelRead(ByteToMessageDecoder.java:346)
	at org.apache.ratis.thirdparty.io.netty.handler.codec.ByteToMessageDecoder.channelRead(ByteToMessageDecoder.java:318)
	at org.apache.ratis.thirdparty.io.netty.channel.AbstractChannelHandlerContext.invokeChannelRead(AbstractChannelHandlerContext.java:444)
	at org.apache.ratis.thirdparty.io.netty.channel.AbstractChannelHandlerContext.invokeChannelRead(AbstractChannelHandlerContext.java:420)
	at org.apache.ratis.thirdparty.io.netty.channel.AbstractChannelHandlerContext.fireChannelRead(AbstractChannelHandlerContext.java:412)
	at org.apache.ratis.thirdparty.io.netty.channel.DefaultChannelPipeline$HeadContext.channelRead(DefaultChannelPipeline.java:1410)
	at org.apache.ratis.thirdparty.io.netty.channel.AbstractChannelHandlerContext.invokeChannelRead(AbstractChannelHandlerContext.java:440)
	at org.apache.ratis.thirdparty.io.netty.channel.AbstractChannelHandlerContext.invokeChannelRead(AbstractChannelHandlerContext.java:420)
	at org.apache.ratis.thirdparty.io.netty.channel.DefaultChannelPipeline.fireChannelRead(DefaultChannelPipeline.java:919)
	at org.apache.ratis.thirdparty.io.netty.channel.epoll.AbstractEpollStreamChannel$EpollStreamUnsafe.epollInReady(AbstractEpollStreamChannel.java:801)
	at org.apache.ratis.thirdparty.io.netty.channel.epoll.EpollEventLoop.processReady(EpollEventLoop.java:501)
	at org.apache.ratis.thirdparty.io.netty.channel.epoll.EpollEventLoop.run(EpollEventLoop.java:399)
	at org.apache.ratis.thirdparty.io.netty.util.concurrent.SingleThreadEventExecutor$4.run(SingleThreadEventExecutor.java:997)
	at org.apache.ratis.thirdparty.io.netty.util.internal.ThreadExecutorMap$2.run(ThreadExecutorMap.java:74)
	at java.lang.Thread.run(Thread.java:750)
2024-10-09 04:30:04,389 INFO  segmented.SegmentedRaftLogWorker (SegmentedRaftLogWorker.java:close(251)) - s4@group-DE92A9858D7E-SegmentedRaftLogWorker close()
2024-10-09 04:30:04,389 TRACE util.FileUtils (FileUtils.java:deleteFully(305)) - deleteFully /home/runner/work/ratis/ratis/ratis-examples/target/test/data/6e6e5023/MiniRaftClusterWithNettya4857fb2/s4/23c8dd0d-429b-40c2-9cad-de92a9858d7e
2024-10-09 04:30:04,389 TRACE util.FileUtils (LogUtils.java:runAndLog(49)) - Successfully ran Files.delete /home/runner/work/ratis/ratis/ratis-examples/target/test/data/6e6e5023/MiniRaftClusterWithNettya4857fb2/s4/23c8dd0d-429b-40c2-9cad-de92a9858d7e/sm
2024-10-09 04:30:04,389 TRACE util.FileUtils (LogUtils.java:runAndLog(49)) - Successfully ran Files.delete /home/runner/work/ratis/ratis/ratis-examples/target/test/data/6e6e5023/MiniRaftClusterWithNettya4857fb2/s4/23c8dd0d-429b-40c2-9cad-de92a9858d7e/in_use.lock
2024-10-09 04:30:04,390 TRACE util.FileUtils (LogUtils.java:runAndLog(49)) - Successfully ran Files.delete /home/runner/work/ratis/ratis/ratis-examples/target/test/data/6e6e5023/MiniRaftClusterWithNettya4857fb2/s4/23c8dd0d-429b-40c2-9cad-de92a9858d7e/current/raft-meta.conf
2024-10-09 04:30:04,390 TRACE util.FileUtils (LogUtils.java:runAndLog(49)) - Successfully ran Files.delete /home/runner/work/ratis/ratis/ratis-examples/target/test/data/6e6e5023/MiniRaftClusterWithNettya4857fb2/s4/23c8dd0d-429b-40c2-9cad-de92a9858d7e/current/raft-meta
2024-10-09 04:30:04,390 TRACE util.FileUtils (LogUtils.java:runAndLog(49)) - Successfully ran Files.delete /home/runner/work/ratis/ratis/ratis-examples/target/test/data/6e6e5023/MiniRaftClusterWithNettya4857fb2/s4/23c8dd0d-429b-40c2-9cad-de92a9858d7e/current/log_inprogress_0
2024-10-09 04:30:04,390 TRACE util.FileUtils (LogUtils.java:runAndLog(49)) - Successfully ran Files.delete /home/runner/work/ratis/ratis/ratis-examples/target/test/data/6e6e5023/MiniRaftClusterWithNettya4857fb2/s4/23c8dd0d-429b-40c2-9cad-de92a9858d7e/current
2024-10-09 04:30:04,390 TRACE util.FileUtils (LogUtils.java:runAndLog(49)) - Successfully ran Files.delete /home/runner/work/ratis/ratis/ratis-examples/target/test/data/6e6e5023/MiniRaftClusterWithNettya4857fb2/s4/23c8dd0d-429b-40c2-9cad-de92a9858d7e
2024-10-09 04:30:04,390 INFO  server.RaftServer$Division (RaftServerImpl.java:groupRemove(481)) - s4@group-DE92A9858D7E: Succeed to remove RaftStorageDirectory Storage Directory /home/runner/work/ratis/ratis/ratis-examples/target/test/data/6e6e5023/MiniRaftClusterWithNettya4857fb2/s4/23c8dd0d-429b-40c2-9cad-de92a9858d7e
2024-10-09 04:30:04,392 INFO  netty.NettyUtils (NettyUtils.java:newEventLoopGroup(74)) - Create EpollEventLoopGroup for client-DF1713F030C4; Thread size is 0.
2024-10-09 04:30:04,393 INFO  logging.LoggingHandler (AbstractInternalLogger.java:log(148)) - [id: 0xb4864f75, L:/0.0.0.0:15020] READ: [id: 0x8da1f83a, L:/127.0.0.1:15020 - R:/127.0.0.1:46144]
2024-10-09 04:30:04,393 INFO  logging.LoggingHandler (AbstractInternalLogger.java:log(148)) - [id: 0xb4864f75, L:/0.0.0.0:15020] READ COMPLETE
2024-10-09 04:30:04,393 INFO  server.RaftServer (RaftServerProxy.java:remove(112)) - s5: remove  FOLLOWER s5@group-DE92A9858D7E:t1, leader=s6, voted=s6, raftlog=Memoized:s5@group-DE92A9858D7E-SegmentedRaftLog:OPENED:c120:last(t:1, i:120), conf=conf: {index: 0, cur=peers:[s4|0.0.0.0:15019, s5|0.0.0.0:15020, s6|0.0.0.0:15021]|listeners:[], old=null} RUNNING
2024-10-09 04:30:04,393 INFO  server.RaftServer$Division (RaftServerImpl.java:lambda$close$1(511)) - s5@group-DE92A9858D7E: shutdown
2024-10-09 04:30:04,393 INFO  util.JmxRegister (JmxRegister.java:unregister(74)) - Successfully un-registered JMX Bean with object name Ratis:service=RaftServer,group=group-DE92A9858D7E,id=s5
2024-10-09 04:30:04,394 INFO  impl.RoleInfo (RoleInfo.java:shutdownFollowerState(121)) - s5: shutdown s5@group-DE92A9858D7E-FollowerState
2024-10-09 04:30:04,394 INFO  impl.FollowerState (FollowerState.java:runImpl(165)) - s5@group-DE92A9858D7E-FollowerState was interrupted
2024-10-09 04:30:04,394 INFO  impl.StateMachineUpdater (StateMachineUpdater.java:stop(141)) - s5@group-DE92A9858D7E-StateMachineUpdater: closing ArithmeticStateMachine, lastApplied=(t:1, i:120)
2024-10-09 04:30:04,394 INFO  impl.StateMachineUpdater (StateMachineUpdater.java:stopAndJoin(164)) - s5@group-DE92A9858D7E-StateMachineUpdater: set stopIndex = 120
2024-10-09 04:30:04,394 INFO  util.AwaitToRun (AwaitToRun.java:run(49)) - s5@group-DE92A9858D7E-cacheEviction-AwaitToRun-AwaitForSignal is interrupted
2024-10-09 04:30:04,418 WARN  leader.LogAppender (LogAppenderDefault.java:sendAppendEntriesWithRetries(94)) - s6@group-DE92A9858D7E->s5-LogAppenderDefault: Failed to appendEntries (retry=1)
org.apache.ratis.protocol.exceptions.GroupMismatchException: s5: group-DE92A9858D7E not found.
	at org.apache.ratis.server.impl.RaftServerProxy$ImplMap.get(RaftServerProxy.java:156)
	at org.apache.ratis.server.impl.RaftServerProxy.getImplFuture(RaftServerProxy.java:366)
	at org.apache.ratis.server.impl.RaftServerProxy.getImpl(RaftServerProxy.java:375)
	at org.apache.ratis.server.impl.RaftServerProxy.getImpl(RaftServerProxy.java:370)
	at org.apache.ratis.server.impl.RaftServerProxy.appendEntries(RaftServerProxy.java:670)
	at org.apache.ratis.netty.server.NettyRpcService.handle(NettyRpcService.java:234)
	at org.apache.ratis.netty.server.NettyRpcService$InboundHandler.channelRead0(NettyRpcService.java:94)
	at org.apache.ratis.netty.server.NettyRpcService$InboundHandler.channelRead0(NettyRpcService.java:90)
	at org.apache.ratis.thirdparty.io.netty.channel.SimpleChannelInboundHandler.channelRead(SimpleChannelInboundHandler.java:99)
	at org.apache.ratis.thirdparty.io.netty.channel.AbstractChannelHandlerContext.invokeChannelRead(AbstractChannelHandlerContext.java:444)
	at org.apache.ratis.thirdparty.io.netty.channel.AbstractChannelHandlerContext.invokeChannelRead(AbstractChannelHandlerContext.java:420)
	at org.apache.ratis.thirdparty.io.netty.channel.AbstractChannelHandlerContext.fireChannelRead(AbstractChannelHandlerContext.java:412)
	at org.apache.ratis.thirdparty.io.netty.handler.codec.MessageToMessageDecoder.channelRead(MessageToMessageDecoder.java:103)
	at org.apache.ratis.thirdparty.io.netty.channel.AbstractChannelHandlerContext.invokeChannelRead(AbstractChannelHandlerContext.java:444)
	at org.apache.ratis.thirdparty.io.netty.channel.AbstractChannelHandlerContext.invokeChannelRead(AbstractChannelHandlerContext.java:420)
	at org.apache.ratis.thirdparty.io.netty.channel.AbstractChannelHandlerContext.fireChannelRead(AbstractChannelHandlerContext.java:412)
	at org.apache.ratis.thirdparty.io.netty.handler.codec.ByteToMessageDecoder.fireChannelRead(ByteToMessageDecoder.java:346)
	at org.apache.ratis.thirdparty.io.netty.handler.codec.ByteToMessageDecoder.channelRead(ByteToMessageDecoder.java:318)
	at org.apache.ratis.thirdparty.io.netty.channel.AbstractChannelHandlerContext.invokeChannelRead(AbstractChannelHandlerContext.java:444)
	at org.apache.ratis.thirdparty.io.netty.channel.AbstractChannelHandlerContext.invokeChannelRead(AbstractChannelHandlerContext.java:420)
	at org.apache.ratis.thirdparty.io.netty.channel.AbstractChannelHandlerContext.fireChannelRead(AbstractChannelHandlerContext.java:412)
	at org.apache.ratis.thirdparty.io.netty.channel.DefaultChannelPipeline$HeadContext.channelRead(DefaultChannelPipeline.java:1410)
	at org.apache.ratis.thirdparty.io.netty.channel.AbstractChannelHandlerContext.invokeChannelRead(AbstractChannelHandlerContext.java:440)
	at org.apache.ratis.thirdparty.io.netty.channel.AbstractChannelHandlerContext.invokeChannelRead(AbstractChannelHandlerContext.java:420)
	at org.apache.ratis.thirdparty.io.netty.channel.DefaultChannelPipeline.fireChannelRead(DefaultChannelPipeline.java:919)
	at org.apache.ratis.thirdparty.io.netty.channel.epoll.AbstractEpollStreamChannel$EpollStreamUnsafe.epollInReady(AbstractEpollStreamChannel.java:801)
	at org.apache.ratis.thirdparty.io.netty.channel.epoll.EpollEventLoop.processReady(EpollEventLoop.java:501)
	at org.apache.ratis.thirdparty.io.netty.channel.epoll.EpollEventLoop.run(EpollEventLoop.java:399)
	at org.apache.ratis.thirdparty.io.netty.util.concurrent.SingleThreadEventExecutor$4.run(SingleThreadEventExecutor.java:997)
	at org.apache.ratis.thirdparty.io.netty.util.internal.ThreadExecutorMap$2.run(ThreadExecutorMap.java:74)
	at java.lang.Thread.run(Thread.java:750)
2024-10-09 04:30:04,418 WARN  leader.LogAppender (LogAppenderDefault.java:sendAppendEntriesWithRetries(94)) - s6@group-DE92A9858D7E->s4-LogAppenderDefault: Failed to appendEntries (retry=1)
org.apache.ratis.protocol.exceptions.GroupMismatchException: s4: group-DE92A9858D7E not found.
	at org.apache.ratis.server.impl.RaftServerProxy$ImplMap.get(RaftServerProxy.java:156)
	at org.apache.ratis.server.impl.RaftServerProxy.getImplFuture(RaftServerProxy.java:366)
	at org.apache.ratis.server.impl.RaftServerProxy.getImpl(RaftServerProxy.java:375)
	at org.apache.ratis.server.impl.RaftServerProxy.getImpl(RaftServerProxy.java:370)
	at org.apache.ratis.server.impl.RaftServerProxy.appendEntries(RaftServerProxy.java:670)
	at org.apache.ratis.netty.server.NettyRpcService.handle(NettyRpcService.java:234)
	at org.apache.ratis.netty.server.NettyRpcService$InboundHandler.channelRead0(NettyRpcService.java:94)
	at org.apache.ratis.netty.server.NettyRpcService$InboundHandler.channelRead0(NettyRpcService.java:90)
	at org.apache.ratis.thirdparty.io.netty.channel.SimpleChannelInboundHandler.channelRead(SimpleChannelInboundHandler.java:99)
	at org.apache.ratis.thirdparty.io.netty.channel.AbstractChannelHandlerContext.invokeChannelRead(AbstractChannelHandlerContext.java:444)
	at org.apache.ratis.thirdparty.io.netty.channel.AbstractChannelHandlerContext.invokeChannelRead(AbstractChannelHandlerContext.java:420)
	at org.apache.ratis.thirdparty.io.netty.channel.AbstractChannelHandlerContext.fireChannelRead(AbstractChannelHandlerContext.java:412)
	at org.apache.ratis.thirdparty.io.netty.handler.codec.MessageToMessageDecoder.channelRead(MessageToMessageDecoder.java:103)
	at org.apache.ratis.thirdparty.io.netty.channel.AbstractChannelHandlerContext.invokeChannelRead(AbstractChannelHandlerContext.java:444)
	at org.apache.ratis.thirdparty.io.netty.channel.AbstractChannelHandlerContext.invokeChannelRead(AbstractChannelHandlerContext.java:420)
	at org.apache.ratis.thirdparty.io.netty.channel.AbstractChannelHandlerContext.fireChannelRead(AbstractChannelHandlerContext.java:412)
	at org.apache.ratis.thirdparty.io.netty.handler.codec.ByteToMessageDecoder.fireChannelRead(ByteToMessageDecoder.java:346)
	at org.apache.ratis.thirdparty.io.netty.handler.codec.ByteToMessageDecoder.channelRead(ByteToMessageDecoder.java:318)
	at org.apache.ratis.thirdparty.io.netty.channel.AbstractChannelHandlerContext.invokeChannelRead(AbstractChannelHandlerContext.java:444)
	at org.apache.ratis.thirdparty.io.netty.channel.AbstractChannelHandlerContext.invokeChannelRead(AbstractChannelHandlerContext.java:420)
	at org.apache.ratis.thirdparty.io.netty.channel.AbstractChannelHandlerContext.fireChannelRead(AbstractChannelHandlerContext.java:412)
	at org.apache.ratis.thirdparty.io.netty.channel.DefaultChannelPipeline$HeadContext.channelRead(DefaultChannelPipeline.java:1410)
	at org.apache.ratis.thirdparty.io.netty.channel.AbstractChannelHandlerContext.invokeChannelRead(AbstractChannelHandlerContext.java:440)
	at org.apache.ratis.thirdparty.io.netty.channel.AbstractChannelHandlerContext.invokeChannelRead(AbstractChannelHandlerContext.java:420)
	at org.apache.ratis.thirdparty.io.netty.channel.DefaultChannelPipeline.fireChannelRead(DefaultChannelPipeline.java:919)
	at org.apache.ratis.thirdparty.io.netty.channel.epoll.AbstractEpollStreamChannel$EpollStreamUnsafe.epollInReady(AbstractEpollStreamChannel.java:801)
	at org.apache.ratis.thirdparty.io.netty.channel.epoll.EpollEventLoop.processReady(EpollEventLoop.java:501)
	at org.apache.ratis.thirdparty.io.netty.channel.epoll.EpollEventLoop.run(EpollEventLoop.java:399)
	at org.apache.ratis.thirdparty.io.netty.util.concurrent.SingleThreadEventExecutor$4.run(SingleThreadEventExecutor.java:997)
	at org.apache.ratis.thirdparty.io.netty.util.internal.ThreadExecutorMap$2.run(ThreadExecutorMap.java:74)
	at java.lang.Thread.run(Thread.java:750)
2024-10-09 04:30:04,493 WARN  leader.LogAppender (LogAppenderDefault.java:sendAppendEntriesWithRetries(94)) - s6@group-DE92A9858D7E->s5-LogAppenderDefault: Failed to appendEntries (retry=1)
org.apache.ratis.protocol.exceptions.GroupMismatchException: s5: group-DE92A9858D7E not found.
	at org.apache.ratis.server.impl.RaftServerProxy$ImplMap.get(RaftServerProxy.java:156)
	at org.apache.ratis.server.impl.RaftServerProxy.getImplFuture(RaftServerProxy.java:366)
	at org.apache.ratis.server.impl.RaftServerProxy.getImpl(RaftServerProxy.java:375)
	at org.apache.ratis.server.impl.RaftServerProxy.getImpl(RaftServerProxy.java:370)
	at org.apache.ratis.server.impl.RaftServerProxy.appendEntries(RaftServerProxy.java:670)
	at org.apache.ratis.netty.server.NettyRpcService.handle(NettyRpcService.java:234)
	at org.apache.ratis.netty.server.NettyRpcService$InboundHandler.channelRead0(NettyRpcService.java:94)
	at org.apache.ratis.netty.server.NettyRpcService$InboundHandler.channelRead0(NettyRpcService.java:90)
	at org.apache.ratis.thirdparty.io.netty.channel.SimpleChannelInboundHandler.channelRead(SimpleChannelInboundHandler.java:99)
	at org.apache.ratis.thirdparty.io.netty.channel.AbstractChannelHandlerContext.invokeChannelRead(AbstractChannelHandlerContext.java:444)
	at org.apache.ratis.thirdparty.io.netty.channel.AbstractChannelHandlerContext.invokeChannelRead(AbstractChannelHandlerContext.java:420)
	at org.apache.ratis.thirdparty.io.netty.channel.AbstractChannelHandlerContext.fireChannelRead(AbstractChannelHandlerContext.java:412)
	at org.apache.ratis.thirdparty.io.netty.handler.codec.MessageToMessageDecoder.channelRead(MessageToMessageDecoder.java:103)
	at org.apache.ratis.thirdparty.io.netty.channel.AbstractChannelHandlerContext.invokeChannelRead(AbstractChannelHandlerContext.java:444)
	at org.apache.ratis.thirdparty.io.netty.channel.AbstractChannelHandlerContext.invokeChannelRead(AbstractChannelHandlerContext.java:420)
	at org.apache.ratis.thirdparty.io.netty.channel.AbstractChannelHandlerContext.fireChannelRead(AbstractChannelHandlerContext.java:412)
	at org.apache.ratis.thirdparty.io.netty.handler.codec.ByteToMessageDecoder.fireChannelRead(ByteToMessageDecoder.java:346)
	at org.apache.ratis.thirdparty.io.netty.handler.codec.ByteToMessageDecoder.channelRead(ByteToMessageDecoder.java:318)
	at org.apache.ratis.thirdparty.io.netty.channel.AbstractChannelHandlerContext.invokeChannelRead(AbstractChannelHandlerContext.java:444)
	at org.apache.ratis.thirdparty.io.netty.channel.AbstractChannelHandlerContext.invokeChannelRead(AbstractChannelHandlerContext.java:420)
	at org.apache.ratis.thirdparty.io.netty.channel.AbstractChannelHandlerContext.fireChannelRead(AbstractChannelHandlerContext.java:412)
	at org.apache.ratis.thirdparty.io.netty.channel.DefaultChannelPipeline$HeadContext.channelRead(DefaultChannelPipeline.java:1410)
	at org.apache.ratis.thirdparty.io.netty.channel.AbstractChannelHandlerContext.invokeChannelRead(AbstractChannelHandlerContext.java:440)
	at org.apache.ratis.thirdparty.io.netty.channel.AbstractChannelHandlerContext.invokeChannelRead(AbstractChannelHandlerContext.java:420)
	at org.apache.ratis.thirdparty.io.netty.channel.DefaultChannelPipeline.fireChannelRead(DefaultChannelPipeline.java:919)
	at org.apache.ratis.thirdparty.io.netty.channel.epoll.AbstractEpollStreamChannel$EpollStreamUnsafe.epollInReady(AbstractEpollStreamChannel.java:801)
	at org.apache.ratis.thirdparty.io.netty.channel.epoll.EpollEventLoop.processReady(EpollEventLoop.java:501)
	at org.apache.ratis.thirdparty.io.netty.channel.epoll.EpollEventLoop.run(EpollEventLoop.java:399)
	at org.apache.ratis.thirdparty.io.netty.util.concurrent.SingleThreadEventExecutor$4.run(SingleThreadEventExecutor.java:997)
	at org.apache.ratis.thirdparty.io.netty.util.internal.ThreadExecutorMap$2.run(ThreadExecutorMap.java:74)
	at java.lang.Thread.run(Thread.java:750)
2024-10-09 04:30:04,494 WARN  leader.LogAppender (LogAppenderDefault.java:sendAppendEntriesWithRetries(94)) - s6@group-DE92A9858D7E->s4-LogAppenderDefault: Failed to appendEntries (retry=1)
org.apache.ratis.protocol.exceptions.GroupMismatchException: s4: group-DE92A9858D7E not found.
	at org.apache.ratis.server.impl.RaftServerProxy$ImplMap.get(RaftServerProxy.java:156)
	at org.apache.ratis.server.impl.RaftServerProxy.getImplFuture(RaftServerProxy.java:366)
	at org.apache.ratis.server.impl.RaftServerProxy.getImpl(RaftServerProxy.java:375)
	at org.apache.ratis.server.impl.RaftServerProxy.getImpl(RaftServerProxy.java:370)
	at org.apache.ratis.server.impl.RaftServerProxy.appendEntries(RaftServerProxy.java:670)
	at org.apache.ratis.netty.server.NettyRpcService.handle(NettyRpcService.java:234)
	at org.apache.ratis.netty.server.NettyRpcService$InboundHandler.channelRead0(NettyRpcService.java:94)
	at org.apache.ratis.netty.server.NettyRpcService$InboundHandler.channelRead0(NettyRpcService.java:90)
	at org.apache.ratis.thirdparty.io.netty.channel.SimpleChannelInboundHandler.channelRead(SimpleChannelInboundHandler.java:99)
	at org.apache.ratis.thirdparty.io.netty.channel.AbstractChannelHandlerContext.invokeChannelRead(AbstractChannelHandlerContext.java:444)
	at org.apache.ratis.thirdparty.io.netty.channel.AbstractChannelHandlerContext.invokeChannelRead(AbstractChannelHandlerContext.java:420)
	at org.apache.ratis.thirdparty.io.netty.channel.AbstractChannelHandlerContext.fireChannelRead(AbstractChannelHandlerContext.java:412)
	at org.apache.ratis.thirdparty.io.netty.handler.codec.MessageToMessageDecoder.channelRead(MessageToMessageDecoder.java:103)
	at org.apache.ratis.thirdparty.io.netty.channel.AbstractChannelHandlerContext.invokeChannelRead(AbstractChannelHandlerContext.java:444)
	at org.apache.ratis.thirdparty.io.netty.channel.AbstractChannelHandlerContext.invokeChannelRead(AbstractChannelHandlerContext.java:420)
	at org.apache.ratis.thirdparty.io.netty.channel.AbstractChannelHandlerContext.fireChannelRead(AbstractChannelHandlerContext.java:412)
	at org.apache.ratis.thirdparty.io.netty.handler.codec.ByteToMessageDecoder.fireChannelRead(ByteToMessageDecoder.java:346)
	at org.apache.ratis.thirdparty.io.netty.handler.codec.ByteToMessageDecoder.channelRead(ByteToMessageDecoder.java:318)
	at org.apache.ratis.thirdparty.io.netty.channel.AbstractChannelHandlerContext.invokeChannelRead(AbstractChannelHandlerContext.java:444)
	at org.apache.ratis.thirdparty.io.netty.channel.AbstractChannelHandlerContext.invokeChannelRead(AbstractChannelHandlerContext.java:420)
	at org.apache.ratis.thirdparty.io.netty.channel.AbstractChannelHandlerContext.fireChannelRead(AbstractChannelHandlerContext.java:412)
	at org.apache.ratis.thirdparty.io.netty.channel.DefaultChannelPipeline$HeadContext.channelRead(DefaultChannelPipeline.java:1410)
	at org.apache.ratis.thirdparty.io.netty.channel.AbstractChannelHandlerContext.invokeChannelRead(AbstractChannelHandlerContext.java:440)
	at org.apache.ratis.thirdparty.io.netty.channel.AbstractChannelHandlerContext.invokeChannelRead(AbstractChannelHandlerContext.java:420)
	at org.apache.ratis.thirdparty.io.netty.channel.DefaultChannelPipeline.fireChannelRead(DefaultChannelPipeline.java:919)
	at org.apache.ratis.thirdparty.io.netty.channel.epoll.AbstractEpollStreamChannel$EpollStreamUnsafe.epollInReady(AbstractEpollStreamChannel.java:801)
	at org.apache.ratis.thirdparty.io.netty.channel.epoll.EpollEventLoop.processReady(EpollEventLoop.java:501)
	at org.apache.ratis.thirdparty.io.netty.channel.epoll.EpollEventLoop.run(EpollEventLoop.java:399)
	at org.apache.ratis.thirdparty.io.netty.util.concurrent.SingleThreadEventExecutor$4.run(SingleThreadEventExecutor.java:997)
	at org.apache.ratis.thirdparty.io.netty.util.internal.ThreadExecutorMap$2.run(ThreadExecutorMap.java:74)
	at java.lang.Thread.run(Thread.java:750)
2024-10-09 04:30:04,569 WARN  leader.LogAppender (LogAppenderDefault.java:sendAppendEntriesWithRetries(94)) - s6@group-DE92A9858D7E->s4-LogAppenderDefault: Failed to appendEntries (retry=1)
org.apache.ratis.protocol.exceptions.GroupMismatchException: s4: group-DE92A9858D7E not found.
	at org.apache.ratis.server.impl.RaftServerProxy$ImplMap.get(RaftServerProxy.java:156)
	at org.apache.ratis.server.impl.RaftServerProxy.getImplFuture(RaftServerProxy.java:366)
	at org.apache.ratis.server.impl.RaftServerProxy.getImpl(RaftServerProxy.java:375)
	at org.apache.ratis.server.impl.RaftServerProxy.getImpl(RaftServerProxy.java:370)
	at org.apache.ratis.server.impl.RaftServerProxy.appendEntries(RaftServerProxy.java:670)
	at org.apache.ratis.netty.server.NettyRpcService.handle(NettyRpcService.java:234)
	at org.apache.ratis.netty.server.NettyRpcService$InboundHandler.channelRead0(NettyRpcService.java:94)
	at org.apache.ratis.netty.server.NettyRpcService$InboundHandler.channelRead0(NettyRpcService.java:90)
	at org.apache.ratis.thirdparty.io.netty.channel.SimpleChannelInboundHandler.channelRead(SimpleChannelInboundHandler.java:99)
	at org.apache.ratis.thirdparty.io.netty.channel.AbstractChannelHandlerContext.invokeChannelRead(AbstractChannelHandlerContext.java:444)
	at org.apache.ratis.thirdparty.io.netty.channel.AbstractChannelHandlerContext.invokeChannelRead(AbstractChannelHandlerContext.java:420)
	at org.apache.ratis.thirdparty.io.netty.channel.AbstractChannelHandlerContext.fireChannelRead(AbstractChannelHandlerContext.java:412)
	at org.apache.ratis.thirdparty.io.netty.handler.codec.MessageToMessageDecoder.channelRead(MessageToMessageDecoder.java:103)
	at org.apache.ratis.thirdparty.io.netty.channel.AbstractChannelHandlerContext.invokeChannelRead(AbstractChannelHandlerContext.java:444)
	at org.apache.ratis.thirdparty.io.netty.channel.AbstractChannelHandlerContext.invokeChannelRead(AbstractChannelHandlerContext.java:420)
	at org.apache.ratis.thirdparty.io.netty.channel.AbstractChannelHandlerContext.fireChannelRead(AbstractChannelHandlerContext.java:412)
	at org.apache.ratis.thirdparty.io.netty.handler.codec.ByteToMessageDecoder.fireChannelRead(ByteToMessageDecoder.java:346)
	at org.apache.ratis.thirdparty.io.netty.handler.codec.ByteToMessageDecoder.channelRead(ByteToMessageDecoder.java:318)
	at org.apache.ratis.thirdparty.io.netty.channel.AbstractChannelHandlerContext.invokeChannelRead(AbstractChannelHandlerContext.java:444)
	at org.apache.ratis.thirdparty.io.netty.channel.AbstractChannelHandlerContext.invokeChannelRead(AbstractChannelHandlerContext.java:420)
	at org.apache.ratis.thirdparty.io.netty.channel.AbstractChannelHandlerContext.fireChannelRead(AbstractChannelHandlerContext.java:412)
	at org.apache.ratis.thirdparty.io.netty.channel.DefaultChannelPipeline$HeadContext.channelRead(DefaultChannelPipeline.java:1410)
	at org.apache.ratis.thirdparty.io.netty.channel.AbstractChannelHandlerContext.invokeChannelRead(AbstractChannelHandlerContext.java:440)
	at org.apache.ratis.thirdparty.io.netty.channel.AbstractChannelHandlerContext.invokeChannelRead(AbstractChannelHandlerContext.java:420)
	at org.apache.ratis.thirdparty.io.netty.channel.DefaultChannelPipeline.fireChannelRead(DefaultChannelPipeline.java:919)
	at org.apache.ratis.thirdparty.io.netty.channel.epoll.AbstractEpollStreamChannel$EpollStreamUnsafe.epollInReady(AbstractEpollStreamChannel.java:801)
	at org.apache.ratis.thirdparty.io.netty.channel.epoll.EpollEventLoop.processReady(EpollEventLoop.java:501)
	at org.apache.ratis.thirdparty.io.netty.channel.epoll.EpollEventLoop.run(EpollEventLoop.java:399)
	at org.apache.ratis.thirdparty.io.netty.util.concurrent.SingleThreadEventExecutor$4.run(SingleThreadEventExecutor.java:997)
	at org.apache.ratis.thirdparty.io.netty.util.internal.ThreadExecutorMap$2.run(ThreadExecutorMap.java:74)
	at java.lang.Thread.run(Thread.java:750)
2024-10-09 04:30:04,569 WARN  leader.LogAppender (LogAppenderDefault.java:sendAppendEntriesWithRetries(94)) - s6@group-DE92A9858D7E->s5-LogAppenderDefault: Failed to appendEntries (retry=1)
org.apache.ratis.protocol.exceptions.GroupMismatchException: s5: group-DE92A9858D7E not found.
	at org.apache.ratis.server.impl.RaftServerProxy$ImplMap.get(RaftServerProxy.java:156)
	at org.apache.ratis.server.impl.RaftServerProxy.getImplFuture(RaftServerProxy.java:366)
	at org.apache.ratis.server.impl.RaftServerProxy.getImpl(RaftServerProxy.java:375)
	at org.apache.ratis.server.impl.RaftServerProxy.getImpl(RaftServerProxy.java:370)
	at org.apache.ratis.server.impl.RaftServerProxy.appendEntries(RaftServerProxy.java:670)
	at org.apache.ratis.netty.server.NettyRpcService.handle(NettyRpcService.java:234)
	at org.apache.ratis.netty.server.NettyRpcService$InboundHandler.channelRead0(NettyRpcService.java:94)
	at org.apache.ratis.netty.server.NettyRpcService$InboundHandler.channelRead0(NettyRpcService.java:90)
	at org.apache.ratis.thirdparty.io.netty.channel.SimpleChannelInboundHandler.channelRead(SimpleChannelInboundHandler.java:99)
	at org.apache.ratis.thirdparty.io.netty.channel.AbstractChannelHandlerContext.invokeChannelRead(AbstractChannelHandlerContext.java:444)
	at org.apache.ratis.thirdparty.io.netty.channel.AbstractChannelHandlerContext.invokeChannelRead(AbstractChannelHandlerContext.java:420)
	at org.apache.ratis.thirdparty.io.netty.channel.AbstractChannelHandlerContext.fireChannelRead(AbstractChannelHandlerContext.java:412)
	at org.apache.ratis.thirdparty.io.netty.handler.codec.MessageToMessageDecoder.channelRead(MessageToMessageDecoder.java:103)
	at org.apache.ratis.thirdparty.io.netty.channel.AbstractChannelHandlerContext.invokeChannelRead(AbstractChannelHandlerContext.java:444)
	at org.apache.ratis.thirdparty.io.netty.channel.AbstractChannelHandlerContext.invokeChannelRead(AbstractChannelHandlerContext.java:420)
	at org.apache.ratis.thirdparty.io.netty.channel.AbstractChannelHandlerContext.fireChannelRead(AbstractChannelHandlerContext.java:412)
	at org.apache.ratis.thirdparty.io.netty.handler.codec.ByteToMessageDecoder.fireChannelRead(ByteToMessageDecoder.java:346)
	at org.apache.ratis.thirdparty.io.netty.handler.codec.ByteToMessageDecoder.channelRead(ByteToMessageDecoder.java:318)
	at org.apache.ratis.thirdparty.io.netty.channel.AbstractChannelHandlerContext.invokeChannelRead(AbstractChannelHandlerContext.java:444)
	at org.apache.ratis.thirdparty.io.netty.channel.AbstractChannelHandlerContext.invokeChannelRead(AbstractChannelHandlerContext.java:420)
	at org.apache.ratis.thirdparty.io.netty.channel.AbstractChannelHandlerContext.fireChannelRead(AbstractChannelHandlerContext.java:412)
	at org.apache.ratis.thirdparty.io.netty.channel.DefaultChannelPipeline$HeadContext.channelRead(DefaultChannelPipeline.java:1410)
	at org.apache.ratis.thirdparty.io.netty.channel.AbstractChannelHandlerContext.invokeChannelRead(AbstractChannelHandlerContext.java:440)
	at org.apache.ratis.thirdparty.io.netty.channel.AbstractChannelHandlerContext.invokeChannelRead(AbstractChannelHandlerContext.java:420)
	at org.apache.ratis.thirdparty.io.netty.channel.DefaultChannelPipeline.fireChannelRead(DefaultChannelPipeline.java:919)
	at org.apache.ratis.thirdparty.io.netty.channel.epoll.AbstractEpollStreamChannel$EpollStreamUnsafe.epollInReady(AbstractEpollStreamChannel.java:801)
	at org.apache.ratis.thirdparty.io.netty.channel.epoll.EpollEventLoop.processReady(EpollEventLoop.java:501)
	at org.apache.ratis.thirdparty.io.netty.channel.epoll.EpollEventLoop.run(EpollEventLoop.java:399)
	at org.apache.ratis.thirdparty.io.netty.util.concurrent.SingleThreadEventExecutor$4.run(SingleThreadEventExecutor.java:997)
	at org.apache.ratis.thirdparty.io.netty.util.internal.ThreadExecutorMap$2.run(ThreadExecutorMap.java:74)
	at java.lang.Thread.run(Thread.java:750)
2024-10-09 04:30:04,644 WARN  leader.LogAppender (LogAppenderDefault.java:sendAppendEntriesWithRetries(94)) - s6@group-DE92A9858D7E->s4-LogAppenderDefault: Failed to appendEntries (retry=1)
org.apache.ratis.protocol.exceptions.GroupMismatchException: s4: group-DE92A9858D7E not found.
	at org.apache.ratis.server.impl.RaftServerProxy$ImplMap.get(RaftServerProxy.java:156)
	at org.apache.ratis.server.impl.RaftServerProxy.getImplFuture(RaftServerProxy.java:366)
	at org.apache.ratis.server.impl.RaftServerProxy.getImpl(RaftServerProxy.java:375)
	at org.apache.ratis.server.impl.RaftServerProxy.getImpl(RaftServerProxy.java:370)
	at org.apache.ratis.server.impl.RaftServerProxy.appendEntries(RaftServerProxy.java:670)
	at org.apache.ratis.netty.server.NettyRpcService.handle(NettyRpcService.java:234)
	at org.apache.ratis.netty.server.NettyRpcService$InboundHandler.channelRead0(NettyRpcService.java:94)
	at org.apache.ratis.netty.server.NettyRpcService$InboundHandler.channelRead0(NettyRpcService.java:90)
	at org.apache.ratis.thirdparty.io.netty.channel.SimpleChannelInboundHandler.channelRead(SimpleChannelInboundHandler.java:99)
	at org.apache.ratis.thirdparty.io.netty.channel.AbstractChannelHandlerContext.invokeChannelRead(AbstractChannelHandlerContext.java:444)
	at org.apache.ratis.thirdparty.io.netty.channel.AbstractChannelHandlerContext.invokeChannelRead(AbstractChannelHandlerContext.java:420)
	at org.apache.ratis.thirdparty.io.netty.channel.AbstractChannelHandlerContext.fireChannelRead(AbstractChannelHandlerContext.java:412)
	at org.apache.ratis.thirdparty.io.netty.handler.codec.MessageToMessageDecoder.channelRead(MessageToMessageDecoder.java:103)
	at org.apache.ratis.thirdparty.io.netty.channel.AbstractChannelHandlerContext.invokeChannelRead(AbstractChannelHandlerContext.java:444)
	at org.apache.ratis.thirdparty.io.netty.channel.AbstractChannelHandlerContext.invokeChannelRead(AbstractChannelHandlerContext.java:420)
	at org.apache.ratis.thirdparty.io.netty.channel.AbstractChannelHandlerContext.fireChannelRead(AbstractChannelHandlerContext.java:412)
	at org.apache.ratis.thirdparty.io.netty.handler.codec.ByteToMessageDecoder.fireChannelRead(ByteToMessageDecoder.java:346)
	at org.apache.ratis.thirdparty.io.netty.handler.codec.ByteToMessageDecoder.channelRead(ByteToMessageDecoder.java:318)
	at org.apache.ratis.thirdparty.io.netty.channel.AbstractChannelHandlerContext.invokeChannelRead(AbstractChannelHandlerContext.java:444)
	at org.apache.ratis.thirdparty.io.netty.channel.AbstractChannelHandlerContext.invokeChannelRead(AbstractChannelHandlerContext.java:420)
	at org.apache.ratis.thirdparty.io.netty.channel.AbstractChannelHandlerContext.fireChannelRead(AbstractChannelHandlerContext.java:412)
	at org.apache.ratis.thirdparty.io.netty.channel.DefaultChannelPipeline$HeadContext.channelRead(DefaultChannelPipeline.java:1410)
	at org.apache.ratis.thirdparty.io.netty.channel.AbstractChannelHandlerContext.invokeChannelRead(AbstractChannelHandlerContext.java:440)
	at org.apache.ratis.thirdparty.io.netty.channel.AbstractChannelHandlerContext.invokeChannelRead(AbstractChannelHandlerContext.java:420)
	at org.apache.ratis.thirdparty.io.netty.channel.DefaultChannelPipeline.fireChannelRead(DefaultChannelPipeline.java:919)
	at org.apache.ratis.thirdparty.io.netty.channel.epoll.AbstractEpollStreamChannel$EpollStreamUnsafe.epollInReady(AbstractEpollStreamChannel.java:801)
	at org.apache.ratis.thirdparty.io.netty.channel.epoll.EpollEventLoop.processReady(EpollEventLoop.java:501)
	at org.apache.ratis.thirdparty.io.netty.channel.epoll.EpollEventLoop.run(EpollEventLoop.java:399)
	at org.apache.ratis.thirdparty.io.netty.util.concurrent.SingleThreadEventExecutor$4.run(SingleThreadEventExecutor.java:997)
	at org.apache.ratis.thirdparty.io.netty.util.internal.ThreadExecutorMap$2.run(ThreadExecutorMap.java:74)
	at java.lang.Thread.run(Thread.java:750)
2024-10-09 04:30:04,644 WARN  leader.LogAppender (LogAppenderDefault.java:sendAppendEntriesWithRetries(94)) - s6@group-DE92A9858D7E->s5-LogAppenderDefault: Failed to appendEntries (retry=1)
org.apache.ratis.protocol.exceptions.GroupMismatchException: s5: group-DE92A9858D7E not found.
	at org.apache.ratis.server.impl.RaftServerProxy$ImplMap.get(RaftServerProxy.java:156)
	at org.apache.ratis.server.impl.RaftServerProxy.getImplFuture(RaftServerProxy.java:366)
	at org.apache.ratis.server.impl.RaftServerProxy.getImpl(RaftServerProxy.java:375)
	at org.apache.ratis.server.impl.RaftServerProxy.getImpl(RaftServerProxy.java:370)
	at org.apache.ratis.server.impl.RaftServerProxy.appendEntries(RaftServerProxy.java:670)
	at org.apache.ratis.netty.server.NettyRpcService.handle(NettyRpcService.java:234)
	at org.apache.ratis.netty.server.NettyRpcService$InboundHandler.channelRead0(NettyRpcService.java:94)
	at org.apache.ratis.netty.server.NettyRpcService$InboundHandler.channelRead0(NettyRpcService.java:90)
	at org.apache.ratis.thirdparty.io.netty.channel.SimpleChannelInboundHandler.channelRead(SimpleChannelInboundHandler.java:99)
	at org.apache.ratis.thirdparty.io.netty.channel.AbstractChannelHandlerContext.invokeChannelRead(AbstractChannelHandlerContext.java:444)
	at org.apache.ratis.thirdparty.io.netty.channel.AbstractChannelHandlerContext.invokeChannelRead(AbstractChannelHandlerContext.java:420)
	at org.apache.ratis.thirdparty.io.netty.channel.AbstractChannelHandlerContext.fireChannelRead(AbstractChannelHandlerContext.java:412)
	at org.apache.ratis.thirdparty.io.netty.handler.codec.MessageToMessageDecoder.channelRead(MessageToMessageDecoder.java:103)
	at org.apache.ratis.thirdparty.io.netty.channel.AbstractChannelHandlerContext.invokeChannelRead(AbstractChannelHandlerContext.java:444)
	at org.apache.ratis.thirdparty.io.netty.channel.AbstractChannelHandlerContext.invokeChannelRead(AbstractChannelHandlerContext.java:420)
	at org.apache.ratis.thirdparty.io.netty.channel.AbstractChannelHandlerContext.fireChannelRead(AbstractChannelHandlerContext.java:412)
	at org.apache.ratis.thirdparty.io.netty.handler.codec.ByteToMessageDecoder.fireChannelRead(ByteToMessageDecoder.java:346)
	at org.apache.ratis.thirdparty.io.netty.handler.codec.ByteToMessageDecoder.channelRead(ByteToMessageDecoder.java:318)
	at org.apache.ratis.thirdparty.io.netty.channel.AbstractChannelHandlerContext.invokeChannelRead(AbstractChannelHandlerContext.java:444)
	at org.apache.ratis.thirdparty.io.netty.channel.AbstractChannelHandlerContext.invokeChannelRead(AbstractChannelHandlerContext.java:420)
	at org.apache.ratis.thirdparty.io.netty.channel.AbstractChannelHandlerContext.fireChannelRead(AbstractChannelHandlerContext.java:412)
	at org.apache.ratis.thirdparty.io.netty.channel.DefaultChannelPipeline$HeadContext.channelRead(DefaultChannelPipeline.java:1410)
	at org.apache.ratis.thirdparty.io.netty.channel.AbstractChannelHandlerContext.invokeChannelRead(AbstractChannelHandlerContext.java:440)
	at org.apache.ratis.thirdparty.io.netty.channel.AbstractChannelHandlerContext.invokeChannelRead(AbstractChannelHandlerContext.java:420)
	at org.apache.ratis.thirdparty.io.netty.channel.DefaultChannelPipeline.fireChannelRead(DefaultChannelPipeline.java:919)
	at org.apache.ratis.thirdparty.io.netty.channel.epoll.AbstractEpollStreamChannel$EpollStreamUnsafe.epollInReady(AbstractEpollStreamChannel.java:801)
	at org.apache.ratis.thirdparty.io.netty.channel.epoll.EpollEventLoop.processReady(EpollEventLoop.java:501)
	at org.apache.ratis.thirdparty.io.netty.channel.epoll.EpollEventLoop.run(EpollEventLoop.java:399)
	at org.apache.ratis.thirdparty.io.netty.util.concurrent.SingleThreadEventExecutor$4.run(SingleThreadEventExecutor.java:997)
	at org.apache.ratis.thirdparty.io.netty.util.internal.ThreadExecutorMap$2.run(ThreadExecutorMap.java:74)
	at java.lang.Thread.run(Thread.java:750)
2024-10-09 04:30:04,720 WARN  leader.LogAppender (LogAppenderDefault.java:sendAppendEntriesWithRetries(94)) - s6@group-DE92A9858D7E->s4-LogAppenderDefault: Failed to appendEntries (retry=1)
org.apache.ratis.protocol.exceptions.GroupMismatchException: s4: group-DE92A9858D7E not found.
	at org.apache.ratis.server.impl.RaftServerProxy$ImplMap.get(RaftServerProxy.java:156)
	at org.apache.ratis.server.impl.RaftServerProxy.getImplFuture(RaftServerProxy.java:366)
	at org.apache.ratis.server.impl.RaftServerProxy.getImpl(RaftServerProxy.java:375)
	at org.apache.ratis.server.impl.RaftServerProxy.getImpl(RaftServerProxy.java:370)
	at org.apache.ratis.server.impl.RaftServerProxy.appendEntries(RaftServerProxy.java:670)
	at org.apache.ratis.netty.server.NettyRpcService.handle(NettyRpcService.java:234)
	at org.apache.ratis.netty.server.NettyRpcService$InboundHandler.channelRead0(NettyRpcService.java:94)
	at org.apache.ratis.netty.server.NettyRpcService$InboundHandler.channelRead0(NettyRpcService.java:90)
	at org.apache.ratis.thirdparty.io.netty.channel.SimpleChannelInboundHandler.channelRead(SimpleChannelInboundHandler.java:99)
	at org.apache.ratis.thirdparty.io.netty.channel.AbstractChannelHandlerContext.invokeChannelRead(AbstractChannelHandlerContext.java:444)
	at org.apache.ratis.thirdparty.io.netty.channel.AbstractChannelHandlerContext.invokeChannelRead(AbstractChannelHandlerContext.java:420)
	at org.apache.ratis.thirdparty.io.netty.channel.AbstractChannelHandlerContext.fireChannelRead(AbstractChannelHandlerContext.java:412)
	at org.apache.ratis.thirdparty.io.netty.handler.codec.MessageToMessageDecoder.channelRead(MessageToMessageDecoder.java:103)
	at org.apache.ratis.thirdparty.io.netty.channel.AbstractChannelHandlerContext.invokeChannelRead(AbstractChannelHandlerContext.java:444)
	at org.apache.ratis.thirdparty.io.netty.channel.AbstractChannelHandlerContext.invokeChannelRead(AbstractChannelHandlerContext.java:420)
	at org.apache.ratis.thirdparty.io.netty.channel.AbstractChannelHandlerContext.fireChannelRead(AbstractChannelHandlerContext.java:412)
	at org.apache.ratis.thirdparty.io.netty.handler.codec.ByteToMessageDecoder.fireChannelRead(ByteToMessageDecoder.java:346)
	at org.apache.ratis.thirdparty.io.netty.handler.codec.ByteToMessageDecoder.channelRead(ByteToMessageDecoder.java:318)
	at org.apache.ratis.thirdparty.io.netty.channel.AbstractChannelHandlerContext.invokeChannelRead(AbstractChannelHandlerContext.java:444)
	at org.apache.ratis.thirdparty.io.netty.channel.AbstractChannelHandlerContext.invokeChannelRead(AbstractChannelHandlerContext.java:420)
	at org.apache.ratis.thirdparty.io.netty.channel.AbstractChannelHandlerContext.fireChannelRead(AbstractChannelHandlerContext.java:412)
	at org.apache.ratis.thirdparty.io.netty.channel.DefaultChannelPipeline$HeadContext.channelRead(DefaultChannelPipeline.java:1410)
	at org.apache.ratis.thirdparty.io.netty.channel.AbstractChannelHandlerContext.invokeChannelRead(AbstractChannelHandlerContext.java:440)
	at org.apache.ratis.thirdparty.io.netty.channel.AbstractChannelHandlerContext.invokeChannelRead(AbstractChannelHandlerContext.java:420)
	at org.apache.ratis.thirdparty.io.netty.channel.DefaultChannelPipeline.fireChannelRead(DefaultChannelPipeline.java:919)
	at org.apache.ratis.thirdparty.io.netty.channel.epoll.AbstractEpollStreamChannel$EpollStreamUnsafe.epollInReady(AbstractEpollStreamChannel.java:801)
	at org.apache.ratis.thirdparty.io.netty.channel.epoll.EpollEventLoop.processReady(EpollEventLoop.java:501)
	at org.apache.ratis.thirdparty.io.netty.channel.epoll.EpollEventLoop.run(EpollEventLoop.java:399)
	at org.apache.ratis.thirdparty.io.netty.util.concurrent.SingleThreadEventExecutor$4.run(SingleThreadEventExecutor.java:997)
	at org.apache.ratis.thirdparty.io.netty.util.internal.ThreadExecutorMap$2.run(ThreadExecutorMap.java:74)
	at java.lang.Thread.run(Thread.java:750)
2024-10-09 04:30:04,721 WARN  leader.LogAppender (LogAppenderDefault.java:sendAppendEntriesWithRetries(94)) - s6@group-DE92A9858D7E->s5-LogAppenderDefault: Failed to appendEntries (retry=1)
org.apache.ratis.protocol.exceptions.GroupMismatchException: s5: group-DE92A9858D7E not found.
	at org.apache.ratis.server.impl.RaftServerProxy$ImplMap.get(RaftServerProxy.java:156)
	at org.apache.ratis.server.impl.RaftServerProxy.getImplFuture(RaftServerProxy.java:366)
	at org.apache.ratis.server.impl.RaftServerProxy.getImpl(RaftServerProxy.java:375)
	at org.apache.ratis.server.impl.RaftServerProxy.getImpl(RaftServerProxy.java:370)
	at org.apache.ratis.server.impl.RaftServerProxy.appendEntries(RaftServerProxy.java:670)
	at org.apache.ratis.netty.server.NettyRpcService.handle(NettyRpcService.java:234)
	at org.apache.ratis.netty.server.NettyRpcService$InboundHandler.channelRead0(NettyRpcService.java:94)
	at org.apache.ratis.netty.server.NettyRpcService$InboundHandler.channelRead0(NettyRpcService.java:90)
	at org.apache.ratis.thirdparty.io.netty.channel.SimpleChannelInboundHandler.channelRead(SimpleChannelInboundHandler.java:99)
	at org.apache.ratis.thirdparty.io.netty.channel.AbstractChannelHandlerContext.invokeChannelRead(AbstractChannelHandlerContext.java:444)
	at org.apache.ratis.thirdparty.io.netty.channel.AbstractChannelHandlerContext.invokeChannelRead(AbstractChannelHandlerContext.java:420)
	at org.apache.ratis.thirdparty.io.netty.channel.AbstractChannelHandlerContext.fireChannelRead(AbstractChannelHandlerContext.java:412)
	at org.apache.ratis.thirdparty.io.netty.handler.codec.MessageToMessageDecoder.channelRead(MessageToMessageDecoder.java:103)
	at org.apache.ratis.thirdparty.io.netty.channel.AbstractChannelHandlerContext.invokeChannelRead(AbstractChannelHandlerContext.java:444)
	at org.apache.ratis.thirdparty.io.netty.channel.AbstractChannelHandlerContext.invokeChannelRead(AbstractChannelHandlerContext.java:420)
	at org.apache.ratis.thirdparty.io.netty.channel.AbstractChannelHandlerContext.fireChannelRead(AbstractChannelHandlerContext.java:412)
	at org.apache.ratis.thirdparty.io.netty.handler.codec.ByteToMessageDecoder.fireChannelRead(ByteToMessageDecoder.java:346)
	at org.apache.ratis.thirdparty.io.netty.handler.codec.ByteToMessageDecoder.channelRead(ByteToMessageDecoder.java:318)
	at org.apache.ratis.thirdparty.io.netty.channel.AbstractChannelHandlerContext.invokeChannelRead(AbstractChannelHandlerContext.java:444)
	at org.apache.ratis.thirdparty.io.netty.channel.AbstractChannelHandlerContext.invokeChannelRead(AbstractChannelHandlerContext.java:420)
	at org.apache.ratis.thirdparty.io.netty.channel.AbstractChannelHandlerContext.fireChannelRead(AbstractChannelHandlerContext.java:412)
	at org.apache.ratis.thirdparty.io.netty.channel.DefaultChannelPipeline$HeadContext.channelRead(DefaultChannelPipeline.java:1410)
	at org.apache.ratis.thirdparty.io.netty.channel.AbstractChannelHandlerContext.invokeChannelRead(AbstractChannelHandlerContext.java:440)
	at org.apache.ratis.thirdparty.io.netty.channel.AbstractChannelHandlerContext.invokeChannelRead(AbstractChannelHandlerContext.java:420)
	at org.apache.ratis.thirdparty.io.netty.channel.DefaultChannelPipeline.fireChannelRead(DefaultChannelPipeline.java:919)
	at org.apache.ratis.thirdparty.io.netty.channel.epoll.AbstractEpollStreamChannel$EpollStreamUnsafe.epollInReady(AbstractEpollStreamChannel.java:801)
	at org.apache.ratis.thirdparty.io.netty.channel.epoll.EpollEventLoop.processReady(EpollEventLoop.java:501)
	at org.apache.ratis.thirdparty.io.netty.channel.epoll.EpollEventLoop.run(EpollEventLoop.java:399)
	at org.apache.ratis.thirdparty.io.netty.util.concurrent.SingleThreadEventExecutor$4.run(SingleThreadEventExecutor.java:997)
	at org.apache.ratis.thirdparty.io.netty.util.internal.ThreadExecutorMap$2.run(ThreadExecutorMap.java:74)
	at java.lang.Thread.run(Thread.java:750)
2024-10-09 04:30:04,795 WARN  leader.LogAppender (LogAppenderDefault.java:sendAppendEntriesWithRetries(94)) - s6@group-DE92A9858D7E->s4-LogAppenderDefault: Failed to appendEntries (retry=1)
org.apache.ratis.protocol.exceptions.GroupMismatchException: s4: group-DE92A9858D7E not found.
	at org.apache.ratis.server.impl.RaftServerProxy$ImplMap.get(RaftServerProxy.java:156)
	at org.apache.ratis.server.impl.RaftServerProxy.getImplFuture(RaftServerProxy.java:366)
	at org.apache.ratis.server.impl.RaftServerProxy.getImpl(RaftServerProxy.java:375)
	at org.apache.ratis.server.impl.RaftServerProxy.getImpl(RaftServerProxy.java:370)
	at org.apache.ratis.server.impl.RaftServerProxy.appendEntries(RaftServerProxy.java:670)
	at org.apache.ratis.netty.server.NettyRpcService.handle(NettyRpcService.java:234)
	at org.apache.ratis.netty.server.NettyRpcService$InboundHandler.channelRead0(NettyRpcService.java:94)
	at org.apache.ratis.netty.server.NettyRpcService$InboundHandler.channelRead0(NettyRpcService.java:90)
	at org.apache.ratis.thirdparty.io.netty.channel.SimpleChannelInboundHandler.channelRead(SimpleChannelInboundHandler.java:99)
	at org.apache.ratis.thirdparty.io.netty.channel.AbstractChannelHandlerContext.invokeChannelRead(AbstractChannelHandlerContext.java:444)
	at org.apache.ratis.thirdparty.io.netty.channel.AbstractChannelHandlerContext.invokeChannelRead(AbstractChannelHandlerContext.java:420)
	at org.apache.ratis.thirdparty.io.netty.channel.AbstractChannelHandlerContext.fireChannelRead(AbstractChannelHandlerContext.java:412)
	at org.apache.ratis.thirdparty.io.netty.handler.codec.MessageToMessageDecoder.channelRead(MessageToMessageDecoder.java:103)
	at org.apache.ratis.thirdparty.io.netty.channel.AbstractChannelHandlerContext.invokeChannelRead(AbstractChannelHandlerContext.java:444)
	at org.apache.ratis.thirdparty.io.netty.channel.AbstractChannelHandlerContext.invokeChannelRead(AbstractChannelHandlerContext.java:420)
	at org.apache.ratis.thirdparty.io.netty.channel.AbstractChannelHandlerContext.fireChannelRead(AbstractChannelHandlerContext.java:412)
	at org.apache.ratis.thirdparty.io.netty.handler.codec.ByteToMessageDecoder.fireChannelRead(ByteToMessageDecoder.java:346)
	at org.apache.ratis.thirdparty.io.netty.handler.codec.ByteToMessageDecoder.channelRead(ByteToMessageDecoder.java:318)
	at org.apache.ratis.thirdparty.io.netty.channel.AbstractChannelHandlerContext.invokeChannelRead(AbstractChannelHandlerContext.java:444)
	at org.apache.ratis.thirdparty.io.netty.channel.AbstractChannelHandlerContext.invokeChannelRead(AbstractChannelHandlerContext.java:420)
	at org.apache.ratis.thirdparty.io.netty.channel.AbstractChannelHandlerContext.fireChannelRead(AbstractChannelHandlerContext.java:412)
	at org.apache.ratis.thirdparty.io.netty.channel.DefaultChannelPipeline$HeadContext.channelRead(DefaultChannelPipeline.java:1410)
	at org.apache.ratis.thirdparty.io.netty.channel.AbstractChannelHandlerContext.invokeChannelRead(AbstractChannelHandlerContext.java:440)
	at org.apache.ratis.thirdparty.io.netty.channel.AbstractChannelHandlerContext.invokeChannelRead(AbstractChannelHandlerContext.java:420)
	at org.apache.ratis.thirdparty.io.netty.channel.DefaultChannelPipeline.fireChannelRead(DefaultChannelPipeline.java:919)
	at org.apache.ratis.thirdparty.io.netty.channel.epoll.AbstractEpollStreamChannel$EpollStreamUnsafe.epollInReady(AbstractEpollStreamChannel.java:801)
	at org.apache.ratis.thirdparty.io.netty.channel.epoll.EpollEventLoop.processReady(EpollEventLoop.java:501)
	at org.apache.ratis.thirdparty.io.netty.channel.epoll.EpollEventLoop.run(EpollEventLoop.java:399)
	at org.apache.ratis.thirdparty.io.netty.util.concurrent.SingleThreadEventExecutor$4.run(SingleThreadEventExecutor.java:997)
	at org.apache.ratis.thirdparty.io.netty.util.internal.ThreadExecutorMap$2.run(ThreadExecutorMap.java:74)
	at java.lang.Thread.run(Thread.java:750)
2024-10-09 04:30:04,796 WARN  leader.LogAppender (LogAppenderDefault.java:sendAppendEntriesWithRetries(94)) - s6@group-DE92A9858D7E->s5-LogAppenderDefault: Failed to appendEntries (retry=1)
org.apache.ratis.protocol.exceptions.GroupMismatchException: s5: group-DE92A9858D7E not found.
	at org.apache.ratis.server.impl.RaftServerProxy$ImplMap.get(RaftServerProxy.java:156)
	at org.apache.ratis.server.impl.RaftServerProxy.getImplFuture(RaftServerProxy.java:366)
	at org.apache.ratis.server.impl.RaftServerProxy.getImpl(RaftServerProxy.java:375)
	at org.apache.ratis.server.impl.RaftServerProxy.getImpl(RaftServerProxy.java:370)
	at org.apache.ratis.server.impl.RaftServerProxy.appendEntries(RaftServerProxy.java:670)
	at org.apache.ratis.netty.server.NettyRpcService.handle(NettyRpcService.java:234)
	at org.apache.ratis.netty.server.NettyRpcService$InboundHandler.channelRead0(NettyRpcService.java:94)
	at org.apache.ratis.netty.server.NettyRpcService$InboundHandler.channelRead0(NettyRpcService.java:90)
	at org.apache.ratis.thirdparty.io.netty.channel.SimpleChannelInboundHandler.channelRead(SimpleChannelInboundHandler.java:99)
	at org.apache.ratis.thirdparty.io.netty.channel.AbstractChannelHandlerContext.invokeChannelRead(AbstractChannelHandlerContext.java:444)
	at org.apache.ratis.thirdparty.io.netty.channel.AbstractChannelHandlerContext.invokeChannelRead(AbstractChannelHandlerContext.java:420)
	at org.apache.ratis.thirdparty.io.netty.channel.AbstractChannelHandlerContext.fireChannelRead(AbstractChannelHandlerContext.java:412)
	at org.apache.ratis.thirdparty.io.netty.handler.codec.MessageToMessageDecoder.channelRead(MessageToMessageDecoder.java:103)
	at org.apache.ratis.thirdparty.io.netty.channel.AbstractChannelHandlerContext.invokeChannelRead(AbstractChannelHandlerContext.java:444)
	at org.apache.ratis.thirdparty.io.netty.channel.AbstractChannelHandlerContext.invokeChannelRead(AbstractChannelHandlerContext.java:420)
	at org.apache.ratis.thirdparty.io.netty.channel.AbstractChannelHandlerContext.fireChannelRead(AbstractChannelHandlerContext.java:412)
	at org.apache.ratis.thirdparty.io.netty.handler.codec.ByteToMessageDecoder.fireChannelRead(ByteToMessageDecoder.java:346)
	at org.apache.ratis.thirdparty.io.netty.handler.codec.ByteToMessageDecoder.channelRead(ByteToMessageDecoder.java:318)
	at org.apache.ratis.thirdparty.io.netty.channel.AbstractChannelHandlerContext.invokeChannelRead(AbstractChannelHandlerContext.java:444)
	at org.apache.ratis.thirdparty.io.netty.channel.AbstractChannelHandlerContext.invokeChannelRead(AbstractChannelHandlerContext.java:420)
	at org.apache.ratis.thirdparty.io.netty.channel.AbstractChannelHandlerContext.fireChannelRead(AbstractChannelHandlerContext.java:412)
	at org.apache.ratis.thirdparty.io.netty.channel.DefaultChannelPipeline$HeadContext.channelRead(DefaultChannelPipeline.java:1410)
	at org.apache.ratis.thirdparty.io.netty.channel.AbstractChannelHandlerContext.invokeChannelRead(AbstractChannelHandlerContext.java:440)
	at org.apache.ratis.thirdparty.io.netty.channel.AbstractChannelHandlerContext.invokeChannelRead(AbstractChannelHandlerContext.java:420)
	at org.apache.ratis.thirdparty.io.netty.channel.DefaultChannelPipeline.fireChannelRead(DefaultChannelPipeline.java:919)
	at org.apache.ratis.thirdparty.io.netty.channel.epoll.AbstractEpollStreamChannel$EpollStreamUnsafe.epollInReady(AbstractEpollStreamChannel.java:801)
	at org.apache.ratis.thirdparty.io.netty.channel.epoll.EpollEventLoop.processReady(EpollEventLoop.java:501)
	at org.apache.ratis.thirdparty.io.netty.channel.epoll.EpollEventLoop.run(EpollEventLoop.java:399)
	at org.apache.ratis.thirdparty.io.netty.util.concurrent.SingleThreadEventExecutor$4.run(SingleThreadEventExecutor.java:997)
	at org.apache.ratis.thirdparty.io.netty.util.internal.ThreadExecutorMap$2.run(ThreadExecutorMap.java:74)
	at java.lang.Thread.run(Thread.java:750)
2024-10-09 04:30:04,872 WARN  leader.LogAppender (LogAppenderDefault.java:sendAppendEntriesWithRetries(94)) - s6@group-DE92A9858D7E->s4-LogAppenderDefault: Failed to appendEntries (retry=1)
org.apache.ratis.protocol.exceptions.GroupMismatchException: s4: group-DE92A9858D7E not found.
	at org.apache.ratis.server.impl.RaftServerProxy$ImplMap.get(RaftServerProxy.java:156)
	at org.apache.ratis.server.impl.RaftServerProxy.getImplFuture(RaftServerProxy.java:366)
	at org.apache.ratis.server.impl.RaftServerProxy.getImpl(RaftServerProxy.java:375)
	at org.apache.ratis.server.impl.RaftServerProxy.getImpl(RaftServerProxy.java:370)
	at org.apache.ratis.server.impl.RaftServerProxy.appendEntries(RaftServerProxy.java:670)
	at org.apache.ratis.netty.server.NettyRpcService.handle(NettyRpcService.java:234)
	at org.apache.ratis.netty.server.NettyRpcService$InboundHandler.channelRead0(NettyRpcService.java:94)
	at org.apache.ratis.netty.server.NettyRpcService$InboundHandler.channelRead0(NettyRpcService.java:90)
	at org.apache.ratis.thirdparty.io.netty.channel.SimpleChannelInboundHandler.channelRead(SimpleChannelInboundHandler.java:99)
	at org.apache.ratis.thirdparty.io.netty.channel.AbstractChannelHandlerContext.invokeChannelRead(AbstractChannelHandlerContext.java:444)
	at org.apache.ratis.thirdparty.io.netty.channel.AbstractChannelHandlerContext.invokeChannelRead(AbstractChannelHandlerContext.java:420)
	at org.apache.ratis.thirdparty.io.netty.channel.AbstractChannelHandlerContext.fireChannelRead(AbstractChannelHandlerContext.java:412)
	at org.apache.ratis.thirdparty.io.netty.handler.codec.MessageToMessageDecoder.channelRead(MessageToMessageDecoder.java:103)
	at org.apache.ratis.thirdparty.io.netty.channel.AbstractChannelHandlerContext.invokeChannelRead(AbstractChannelHandlerContext.java:444)
	at org.apache.ratis.thirdparty.io.netty.channel.AbstractChannelHandlerContext.invokeChannelRead(AbstractChannelHandlerContext.java:420)
	at org.apache.ratis.thirdparty.io.netty.channel.AbstractChannelHandlerContext.fireChannelRead(AbstractChannelHandlerContext.java:412)
	at org.apache.ratis.thirdparty.io.netty.handler.codec.ByteToMessageDecoder.fireChannelRead(ByteToMessageDecoder.java:346)
	at org.apache.ratis.thirdparty.io.netty.handler.codec.ByteToMessageDecoder.channelRead(ByteToMessageDecoder.java:318)
	at org.apache.ratis.thirdparty.io.netty.channel.AbstractChannelHandlerContext.invokeChannelRead(AbstractChannelHandlerContext.java:444)
	at org.apache.ratis.thirdparty.io.netty.channel.AbstractChannelHandlerContext.invokeChannelRead(AbstractChannelHandlerContext.java:420)
	at org.apache.ratis.thirdparty.io.netty.channel.AbstractChannelHandlerContext.fireChannelRead(AbstractChannelHandlerContext.java:412)
	at org.apache.ratis.thirdparty.io.netty.channel.DefaultChannelPipeline$HeadContext.channelRead(DefaultChannelPipeline.java:1410)
	at org.apache.ratis.thirdparty.io.netty.channel.AbstractChannelHandlerContext.invokeChannelRead(AbstractChannelHandlerContext.java:440)
	at org.apache.ratis.thirdparty.io.netty.channel.AbstractChannelHandlerContext.invokeChannelRead(AbstractChannelHandlerContext.java:420)
	at org.apache.ratis.thirdparty.io.netty.channel.DefaultChannelPipeline.fireChannelRead(DefaultChannelPipeline.java:919)
	at org.apache.ratis.thirdparty.io.netty.channel.epoll.AbstractEpollStreamChannel$EpollStreamUnsafe.epollInReady(AbstractEpollStreamChannel.java:801)
	at org.apache.ratis.thirdparty.io.netty.channel.epoll.EpollEventLoop.processReady(EpollEventLoop.java:501)
	at org.apache.ratis.thirdparty.io.netty.channel.epoll.EpollEventLoop.run(EpollEventLoop.java:399)
	at org.apache.ratis.thirdparty.io.netty.util.concurrent.SingleThreadEventExecutor$4.run(SingleThreadEventExecutor.java:997)
	at org.apache.ratis.thirdparty.io.netty.util.internal.ThreadExecutorMap$2.run(ThreadExecutorMap.java:74)
	at java.lang.Thread.run(Thread.java:750)
2024-10-09 04:30:04,872 WARN  leader.LogAppender (LogAppenderDefault.java:sendAppendEntriesWithRetries(94)) - s6@group-DE92A9858D7E->s5-LogAppenderDefault: Failed to appendEntries (retry=1)
org.apache.ratis.protocol.exceptions.GroupMismatchException: s5: group-DE92A9858D7E not found.
	at org.apache.ratis.server.impl.RaftServerProxy$ImplMap.get(RaftServerProxy.java:156)
	at org.apache.ratis.server.impl.RaftServerProxy.getImplFuture(RaftServerProxy.java:366)
	at org.apache.ratis.server.impl.RaftServerProxy.getImpl(RaftServerProxy.java:375)
	at org.apache.ratis.server.impl.RaftServerProxy.getImpl(RaftServerProxy.java:370)
	at org.apache.ratis.server.impl.RaftServerProxy.appendEntries(RaftServerProxy.java:670)
	at org.apache.ratis.netty.server.NettyRpcService.handle(NettyRpcService.java:234)
	at org.apache.ratis.netty.server.NettyRpcService$InboundHandler.channelRead0(NettyRpcService.java:94)
	at org.apache.ratis.netty.server.NettyRpcService$InboundHandler.channelRead0(NettyRpcService.java:90)
	at org.apache.ratis.thirdparty.io.netty.channel.SimpleChannelInboundHandler.channelRead(SimpleChannelInboundHandler.java:99)
	at org.apache.ratis.thirdparty.io.netty.channel.AbstractChannelHandlerContext.invokeChannelRead(AbstractChannelHandlerContext.java:444)
	at org.apache.ratis.thirdparty.io.netty.channel.AbstractChannelHandlerContext.invokeChannelRead(AbstractChannelHandlerContext.java:420)
	at org.apache.ratis.thirdparty.io.netty.channel.AbstractChannelHandlerContext.fireChannelRead(AbstractChannelHandlerContext.java:412)
	at org.apache.ratis.thirdparty.io.netty.handler.codec.MessageToMessageDecoder.channelRead(MessageToMessageDecoder.java:103)
	at org.apache.ratis.thirdparty.io.netty.channel.AbstractChannelHandlerContext.invokeChannelRead(AbstractChannelHandlerContext.java:444)
	at org.apache.ratis.thirdparty.io.netty.channel.AbstractChannelHandlerContext.invokeChannelRead(AbstractChannelHandlerContext.java:420)
	at org.apache.ratis.thirdparty.io.netty.channel.AbstractChannelHandlerContext.fireChannelRead(AbstractChannelHandlerContext.java:412)
	at org.apache.ratis.thirdparty.io.netty.handler.codec.ByteToMessageDecoder.fireChannelRead(ByteToMessageDecoder.java:346)
	at org.apache.ratis.thirdparty.io.netty.handler.codec.ByteToMessageDecoder.channelRead(ByteToMessageDecoder.java:318)
	at org.apache.ratis.thirdparty.io.netty.channel.AbstractChannelHandlerContext.invokeChannelRead(AbstractChannelHandlerContext.java:444)
	at org.apache.ratis.thirdparty.io.netty.channel.AbstractChannelHandlerContext.invokeChannelRead(AbstractChannelHandlerContext.java:420)
	at org.apache.ratis.thirdparty.io.netty.channel.AbstractChannelHandlerContext.fireChannelRead(AbstractChannelHandlerContext.java:412)
	at org.apache.ratis.thirdparty.io.netty.channel.DefaultChannelPipeline$HeadContext.channelRead(DefaultChannelPipeline.java:1410)
	at org.apache.ratis.thirdparty.io.netty.channel.AbstractChannelHandlerContext.invokeChannelRead(AbstractChannelHandlerContext.java:440)
	at org.apache.ratis.thirdparty.io.netty.channel.AbstractChannelHandlerContext.invokeChannelRead(AbstractChannelHandlerContext.java:420)
	at org.apache.ratis.thirdparty.io.netty.channel.DefaultChannelPipeline.fireChannelRead(DefaultChannelPipeline.java:919)
	at org.apache.ratis.thirdparty.io.netty.channel.epoll.AbstractEpollStreamChannel$EpollStreamUnsafe.epollInReady(AbstractEpollStreamChannel.java:801)
	at org.apache.ratis.thirdparty.io.netty.channel.epoll.EpollEventLoop.processReady(EpollEventLoop.java:501)
	at org.apache.ratis.thirdparty.io.netty.channel.epoll.EpollEventLoop.run(EpollEventLoop.java:399)
	at org.apache.ratis.thirdparty.io.netty.util.concurrent.SingleThreadEventExecutor$4.run(SingleThreadEventExecutor.java:997)
	at org.apache.ratis.thirdparty.io.netty.util.internal.ThreadExecutorMap$2.run(ThreadExecutorMap.java:74)
	at java.lang.Thread.run(Thread.java:750)
2024-10-09 04:30:04,947 WARN  leader.LogAppender (LogAppenderDefault.java:sendAppendEntriesWithRetries(94)) - s6@group-DE92A9858D7E->s4-LogAppenderDefault: Failed to appendEntries (retry=1)
org.apache.ratis.protocol.exceptions.GroupMismatchException: s4: group-DE92A9858D7E not found.
	at org.apache.ratis.server.impl.RaftServerProxy$ImplMap.get(RaftServerProxy.java:156)
	at org.apache.ratis.server.impl.RaftServerProxy.getImplFuture(RaftServerProxy.java:366)
	at org.apache.ratis.server.impl.RaftServerProxy.getImpl(RaftServerProxy.java:375)
	at org.apache.ratis.server.impl.RaftServerProxy.getImpl(RaftServerProxy.java:370)
	at org.apache.ratis.server.impl.RaftServerProxy.appendEntries(RaftServerProxy.java:670)
	at org.apache.ratis.netty.server.NettyRpcService.handle(NettyRpcService.java:234)
	at org.apache.ratis.netty.server.NettyRpcService$InboundHandler.channelRead0(NettyRpcService.java:94)
	at org.apache.ratis.netty.server.NettyRpcService$InboundHandler.channelRead0(NettyRpcService.java:90)
	at org.apache.ratis.thirdparty.io.netty.channel.SimpleChannelInboundHandler.channelRead(SimpleChannelInboundHandler.java:99)
	at org.apache.ratis.thirdparty.io.netty.channel.AbstractChannelHandlerContext.invokeChannelRead(AbstractChannelHandlerContext.java:444)
	at org.apache.ratis.thirdparty.io.netty.channel.AbstractChannelHandlerContext.invokeChannelRead(AbstractChannelHandlerContext.java:420)
	at org.apache.ratis.thirdparty.io.netty.channel.AbstractChannelHandlerContext.fireChannelRead(AbstractChannelHandlerContext.java:412)
	at org.apache.ratis.thirdparty.io.netty.handler.codec.MessageToMessageDecoder.channelRead(MessageToMessageDecoder.java:103)
	at org.apache.ratis.thirdparty.io.netty.channel.AbstractChannelHandlerContext.invokeChannelRead(AbstractChannelHandlerContext.java:444)
	at org.apache.ratis.thirdparty.io.netty.channel.AbstractChannelHandlerContext.invokeChannelRead(AbstractChannelHandlerContext.java:420)
	at org.apache.ratis.thirdparty.io.netty.channel.AbstractChannelHandlerContext.fireChannelRead(AbstractChannelHandlerContext.java:412)
	at org.apache.ratis.thirdparty.io.netty.handler.codec.ByteToMessageDecoder.fireChannelRead(ByteToMessageDecoder.java:346)
	at org.apache.ratis.thirdparty.io.netty.handler.codec.ByteToMessageDecoder.channelRead(ByteToMessageDecoder.java:318)
	at org.apache.ratis.thirdparty.io.netty.channel.AbstractChannelHandlerContext.invokeChannelRead(AbstractChannelHandlerContext.java:444)
	at org.apache.ratis.thirdparty.io.netty.channel.AbstractChannelHandlerContext.invokeChannelRead(AbstractChannelHandlerContext.java:420)
	at org.apache.ratis.thirdparty.io.netty.channel.AbstractChannelHandlerContext.fireChannelRead(AbstractChannelHandlerContext.java:412)
	at org.apache.ratis.thirdparty.io.netty.channel.DefaultChannelPipeline$HeadContext.channelRead(DefaultChannelPipeline.java:1410)
	at org.apache.ratis.thirdparty.io.netty.channel.AbstractChannelHandlerContext.invokeChannelRead(AbstractChannelHandlerContext.java:440)
	at org.apache.ratis.thirdparty.io.netty.channel.AbstractChannelHandlerContext.invokeChannelRead(AbstractChannelHandlerContext.java:420)
	at org.apache.ratis.thirdparty.io.netty.channel.DefaultChannelPipeline.fireChannelRead(DefaultChannelPipeline.java:919)
	at org.apache.ratis.thirdparty.io.netty.channel.epoll.AbstractEpollStreamChannel$EpollStreamUnsafe.epollInReady(AbstractEpollStreamChannel.java:801)
	at org.apache.ratis.thirdparty.io.netty.channel.epoll.EpollEventLoop.processReady(EpollEventLoop.java:501)
	at org.apache.ratis.thirdparty.io.netty.channel.epoll.EpollEventLoop.run(EpollEventLoop.java:399)
	at org.apache.ratis.thirdparty.io.netty.util.concurrent.SingleThreadEventExecutor$4.run(SingleThreadEventExecutor.java:997)
	at org.apache.ratis.thirdparty.io.netty.util.internal.ThreadExecutorMap$2.run(ThreadExecutorMap.java:74)
	at java.lang.Thread.run(Thread.java:750)
2024-10-09 04:30:04,947 WARN  leader.LogAppender (LogAppenderDefault.java:sendAppendEntriesWithRetries(94)) - s6@group-DE92A9858D7E->s5-LogAppenderDefault: Failed to appendEntries (retry=1)
org.apache.ratis.protocol.exceptions.GroupMismatchException: s5: group-DE92A9858D7E not found.
	at org.apache.ratis.server.impl.RaftServerProxy$ImplMap.get(RaftServerProxy.java:156)
	at org.apache.ratis.server.impl.RaftServerProxy.getImplFuture(RaftServerProxy.java:366)
	at org.apache.ratis.server.impl.RaftServerProxy.getImpl(RaftServerProxy.java:375)
	at org.apache.ratis.server.impl.RaftServerProxy.getImpl(RaftServerProxy.java:370)
	at org.apache.ratis.server.impl.RaftServerProxy.appendEntries(RaftServerProxy.java:670)
	at org.apache.ratis.netty.server.NettyRpcService.handle(NettyRpcService.java:234)
	at org.apache.ratis.netty.server.NettyRpcService$InboundHandler.channelRead0(NettyRpcService.java:94)
	at org.apache.ratis.netty.server.NettyRpcService$InboundHandler.channelRead0(NettyRpcService.java:90)
	at org.apache.ratis.thirdparty.io.netty.channel.SimpleChannelInboundHandler.channelRead(SimpleChannelInboundHandler.java:99)
	at org.apache.ratis.thirdparty.io.netty.channel.AbstractChannelHandlerContext.invokeChannelRead(AbstractChannelHandlerContext.java:444)
	at org.apache.ratis.thirdparty.io.netty.channel.AbstractChannelHandlerContext.invokeChannelRead(AbstractChannelHandlerContext.java:420)
	at org.apache.ratis.thirdparty.io.netty.channel.AbstractChannelHandlerContext.fireChannelRead(AbstractChannelHandlerContext.java:412)
	at org.apache.ratis.thirdparty.io.netty.handler.codec.MessageToMessageDecoder.channelRead(MessageToMessageDecoder.java:103)
	at org.apache.ratis.thirdparty.io.netty.channel.AbstractChannelHandlerContext.invokeChannelRead(AbstractChannelHandlerContext.java:444)
	at org.apache.ratis.thirdparty.io.netty.channel.AbstractChannelHandlerContext.invokeChannelRead(AbstractChannelHandlerContext.java:420)
	at org.apache.ratis.thirdparty.io.netty.channel.AbstractChannelHandlerContext.fireChannelRead(AbstractChannelHandlerContext.java:412)
	at org.apache.ratis.thirdparty.io.netty.handler.codec.ByteToMessageDecoder.fireChannelRead(ByteToMessageDecoder.java:346)
	at org.apache.ratis.thirdparty.io.netty.handler.codec.ByteToMessageDecoder.channelRead(ByteToMessageDecoder.java:318)
	at org.apache.ratis.thirdparty.io.netty.channel.AbstractChannelHandlerContext.invokeChannelRead(AbstractChannelHandlerContext.java:444)
	at org.apache.ratis.thirdparty.io.netty.channel.AbstractChannelHandlerContext.invokeChannelRead(AbstractChannelHandlerContext.java:420)
	at org.apache.ratis.thirdparty.io.netty.channel.AbstractChannelHandlerContext.fireChannelRead(AbstractChannelHandlerContext.java:412)
	at org.apache.ratis.thirdparty.io.netty.channel.DefaultChannelPipeline$HeadContext.channelRead(DefaultChannelPipeline.java:1410)
	at org.apache.ratis.thirdparty.io.netty.channel.AbstractChannelHandlerContext.invokeChannelRead(AbstractChannelHandlerContext.java:440)
	at org.apache.ratis.thirdparty.io.netty.channel.AbstractChannelHandlerContext.invokeChannelRead(AbstractChannelHandlerContext.java:420)
	at org.apache.ratis.thirdparty.io.netty.channel.DefaultChannelPipeline.fireChannelRead(DefaultChannelPipeline.java:919)
	at org.apache.ratis.thirdparty.io.netty.channel.epoll.AbstractEpollStreamChannel$EpollStreamUnsafe.epollInReady(AbstractEpollStreamChannel.java:801)
	at org.apache.ratis.thirdparty.io.netty.channel.epoll.EpollEventLoop.processReady(EpollEventLoop.java:501)
	at org.apache.ratis.thirdparty.io.netty.channel.epoll.EpollEventLoop.run(EpollEventLoop.java:399)
	at org.apache.ratis.thirdparty.io.netty.util.concurrent.SingleThreadEventExecutor$4.run(SingleThreadEventExecutor.java:997)
	at org.apache.ratis.thirdparty.io.netty.util.internal.ThreadExecutorMap$2.run(ThreadExecutorMap.java:74)
	at java.lang.Thread.run(Thread.java:750)
2024-10-09 04:30:04,990 WARN  server.RaftServer$Division (LeaderStateImpl.java:checkLeadership(1117)) - s6@group-DE92A9858D7E-LeaderStateImpl: Lost leadership on term: 1. Election timeout: 600ms. In charge for: 10472ms. Conf: conf: {index: 0, cur=peers:[s4|0.0.0.0:15019, s5|0.0.0.0:15020, s6|0.0.0.0:15021]|listeners:[], old=null}
2024-10-09 04:30:04,990 WARN  server.RaftServer$Division (LeaderStateImpl.java:lambda$checkLeadership$20(1121)) - Follower s6@group-DE92A9858D7E->s4(c120,m120,n121, caughtUp=true, lastRpcSendTime=44, lastRpcResponseTime=874)
2024-10-09 04:30:04,990 WARN  server.RaftServer$Division (LeaderStateImpl.java:lambda$checkLeadership$20(1121)) - Follower s6@group-DE92A9858D7E->s5(c120,m120,n121, caughtUp=true, lastRpcSendTime=43, lastRpcResponseTime=723)
2024-10-09 04:30:04,990 INFO  server.RaftServer$Division (RaftServerImpl.java:setRole(379)) - s6@group-DE92A9858D7E: changes role from    LEADER to FOLLOWER at term 1 for StepDownReason:LOST_MAJORITY_HEARTBEATS
2024-10-09 04:30:04,990 INFO  impl.RoleInfo (RoleInfo.java:shutdownLeaderState(103)) - s6: shutdown s6@group-DE92A9858D7E-LeaderStateImpl
2024-10-09 04:30:04,990 INFO  leader.LogAppenderDaemon (LogAppenderDaemon.java:run(85)) - s6@group-DE92A9858D7E->s4-LogAppenderDefault-LogAppenderDaemon was interrupted: java.lang.InterruptedException
2024-10-09 04:30:04,990 INFO  impl.PendingRequests (PendingRequests.java:sendNotLeaderResponses(287)) - s6@group-DE92A9858D7E-PendingRequests: sendNotLeaderResponses
2024-10-09 04:30:04,990 INFO  leader.LogAppenderDaemon (LogAppenderDaemon.java:run(85)) - s6@group-DE92A9858D7E->s5-LogAppenderDefault-LogAppenderDaemon was interrupted: java.lang.InterruptedException
2024-10-09 04:30:04,991 INFO  server.RaftServer$Division (ServerState.java:setLeader(272)) - s6@group-DE92A9858D7E: change Leader from s6 to null at term 1 for StepDownReason:LOST_MAJORITY_HEARTBEATS
2024-10-09 04:30:04,991 INFO  impl.RoleInfo (RoleInfo.java:updateAndGet(148)) - s6: start s6@group-DE92A9858D7E-FollowerState
2024-10-09 04:30:05,389 INFO  segmented.SegmentedRaftLogWorker (SegmentedRaftLogWorker.java:close(251)) - s5@group-DE92A9858D7E-SegmentedRaftLogWorker close()
2024-10-09 04:30:05,390 TRACE util.FileUtils (FileUtils.java:deleteFully(305)) - deleteFully /home/runner/work/ratis/ratis/ratis-examples/target/test/data/6e6e5023/MiniRaftClusterWithNettya4857fb2/s5/23c8dd0d-429b-40c2-9cad-de92a9858d7e
2024-10-09 04:30:05,390 TRACE util.FileUtils (LogUtils.java:runAndLog(49)) - Successfully ran Files.delete /home/runner/work/ratis/ratis/ratis-examples/target/test/data/6e6e5023/MiniRaftClusterWithNettya4857fb2/s5/23c8dd0d-429b-40c2-9cad-de92a9858d7e/sm
2024-10-09 04:30:05,390 TRACE util.FileUtils (LogUtils.java:runAndLog(49)) - Successfully ran Files.delete /home/runner/work/ratis/ratis/ratis-examples/target/test/data/6e6e5023/MiniRaftClusterWithNettya4857fb2/s5/23c8dd0d-429b-40c2-9cad-de92a9858d7e/in_use.lock
2024-10-09 04:30:05,390 TRACE util.FileUtils (LogUtils.java:runAndLog(49)) - Successfully ran Files.delete /home/runner/work/ratis/ratis/ratis-examples/target/test/data/6e6e5023/MiniRaftClusterWithNettya4857fb2/s5/23c8dd0d-429b-40c2-9cad-de92a9858d7e/current/raft-meta.conf
2024-10-09 04:30:05,390 TRACE util.FileUtils (LogUtils.java:runAndLog(49)) - Successfully ran Files.delete /home/runner/work/ratis/ratis/ratis-examples/target/test/data/6e6e5023/MiniRaftClusterWithNettya4857fb2/s5/23c8dd0d-429b-40c2-9cad-de92a9858d7e/current/raft-meta
2024-10-09 04:30:05,390 TRACE util.FileUtils (LogUtils.java:runAndLog(49)) - Successfully ran Files.delete /home/runner/work/ratis/ratis/ratis-examples/target/test/data/6e6e5023/MiniRaftClusterWithNettya4857fb2/s5/23c8dd0d-429b-40c2-9cad-de92a9858d7e/current/log_inprogress_0
2024-10-09 04:30:05,391 TRACE util.FileUtils (LogUtils.java:runAndLog(49)) - Successfully ran Files.delete /home/runner/work/ratis/ratis/ratis-examples/target/test/data/6e6e5023/MiniRaftClusterWithNettya4857fb2/s5/23c8dd0d-429b-40c2-9cad-de92a9858d7e/current
2024-10-09 04:30:05,391 TRACE util.FileUtils (LogUtils.java:runAndLog(49)) - Successfully ran Files.delete /home/runner/work/ratis/ratis/ratis-examples/target/test/data/6e6e5023/MiniRaftClusterWithNettya4857fb2/s5/23c8dd0d-429b-40c2-9cad-de92a9858d7e
2024-10-09 04:30:05,391 INFO  server.RaftServer$Division (RaftServerImpl.java:groupRemove(481)) - s5@group-DE92A9858D7E: Succeed to remove RaftStorageDirectory Storage Directory /home/runner/work/ratis/ratis/ratis-examples/target/test/data/6e6e5023/MiniRaftClusterWithNettya4857fb2/s5/23c8dd0d-429b-40c2-9cad-de92a9858d7e
2024-10-09 04:30:05,392 INFO  netty.NettyUtils (NettyUtils.java:newEventLoopGroup(74)) - Create EpollEventLoopGroup for client-877C8D328722; Thread size is 0.
2024-10-09 04:30:05,394 INFO  logging.LoggingHandler (AbstractInternalLogger.java:log(148)) - [id: 0x7c05a430, L:/0.0.0.0:15021] READ: [id: 0x0c5a6786, L:/127.0.0.1:15021 - R:/127.0.0.1:39562]
2024-10-09 04:30:05,394 INFO  logging.LoggingHandler (AbstractInternalLogger.java:log(148)) - [id: 0x7c05a430, L:/0.0.0.0:15021] READ COMPLETE
2024-10-09 04:30:05,395 INFO  server.RaftServer (RaftServerProxy.java:remove(112)) - s6: remove  FOLLOWER s6@group-DE92A9858D7E:t1, leader=null, voted=s6, raftlog=Memoized:s6@group-DE92A9858D7E-SegmentedRaftLog:OPENED:c120:last(t:1, i:120), conf=conf: {index: 0, cur=peers:[s4|0.0.0.0:15019, s5|0.0.0.0:15020, s6|0.0.0.0:15021]|listeners:[], old=null} RUNNING
2024-10-09 04:30:05,395 INFO  server.RaftServer$Division (RaftServerImpl.java:lambda$close$1(511)) - s6@group-DE92A9858D7E: shutdown
2024-10-09 04:30:05,395 INFO  util.JmxRegister (JmxRegister.java:unregister(74)) - Successfully un-registered JMX Bean with object name Ratis:service=RaftServer,group=group-DE92A9858D7E,id=s6
2024-10-09 04:30:05,395 INFO  impl.RoleInfo (RoleInfo.java:shutdownFollowerState(121)) - s6: shutdown s6@group-DE92A9858D7E-FollowerState
2024-10-09 04:30:05,396 INFO  impl.StateMachineUpdater (StateMachineUpdater.java:stopAndJoin(164)) - s6@group-DE92A9858D7E-StateMachineUpdater: set stopIndex = 120
2024-10-09 04:30:05,396 INFO  impl.StateMachineUpdater (StateMachineUpdater.java:stop(141)) - s6@group-DE92A9858D7E-StateMachineUpdater: closing ArithmeticStateMachine, lastApplied=(t:1, i:120)
2024-10-09 04:30:05,396 INFO  impl.FollowerState (FollowerState.java:runImpl(165)) - s6@group-DE92A9858D7E-FollowerState was interrupted
2024-10-09 04:30:05,396 INFO  util.AwaitToRun (AwaitToRun.java:run(49)) - s6@group-DE92A9858D7E-cacheEviction-AwaitToRun-AwaitForSignal is interrupted
2024-10-09 04:30:05,396 WARN  server.RaftServer$Division (ServerState.java:close(437)) - s6@group-DE92A9858D7E: Failed to close raft log s6@group-DE92A9858D7E-SegmentedRaftLog:CLOSED:c120
java.lang.IllegalStateException: Failed to release: object has already been completely released.
	at org.apache.ratis.util.ReferenceCountedLeakDetector$Impl.release(ReferenceCountedLeakDetector.java:130)
	at org.apache.ratis.util.ReferenceCountedLeakDetector$SimpleTracing.release(ReferenceCountedLeakDetector.java:152)
	at java.util.concurrent.ConcurrentHashMap$ValuesView.forEach(ConcurrentHashMap.java:4705)
	at org.apache.ratis.server.raftlog.segmented.LogSegment$EntryCache.clear(LogSegment.java:309)
	at org.apache.ratis.server.raftlog.segmented.LogSegment.evictCache(LogSegment.java:517)
	at org.apache.ratis.server.raftlog.segmented.LogSegment.clear(LogSegment.java:508)
	at org.apache.ratis.server.raftlog.segmented.SegmentedRaftLogCache.close(SegmentedRaftLogCache.java:742)
	at org.apache.ratis.server.raftlog.segmented.SegmentedRaftLog.close(SegmentedRaftLog.java:563)
	at org.apache.ratis.server.impl.ServerState.close(ServerState.java:434)
	at org.apache.ratis.server.impl.RaftServerImpl.lambda$close$1(RaftServerImpl.java:533)
	at org.apache.ratis.util.LifeCycle.lambda$checkStateAndClose$7(LifeCycle.java:306)
	at org.apache.ratis.util.LifeCycle.checkStateAndClose(LifeCycle.java:326)
	at org.apache.ratis.util.LifeCycle.checkStateAndClose(LifeCycle.java:304)
	at org.apache.ratis.server.impl.RaftServerImpl.close(RaftServerImpl.java:510)
	at org.apache.ratis.server.impl.RaftServerImpl.groupRemove(RaftServerImpl.java:468)
	at org.apache.ratis.server.impl.RaftServerProxy.lambda$groupRemoveAsync$15(RaftServerProxy.java:552)
	at java.util.concurrent.CompletableFuture.uniApply(CompletableFuture.java:616)
	at java.util.concurrent.CompletableFuture.uniApplyStage(CompletableFuture.java:628)
	at java.util.concurrent.CompletableFuture.thenApply(CompletableFuture.java:1996)
	at org.apache.ratis.server.impl.RaftServerProxy.groupRemoveAsync(RaftServerProxy.java:551)
	at org.apache.ratis.server.impl.RaftServerProxy.groupManagementAsync(RaftServerProxy.java:500)
	at org.apache.ratis.server.impl.RaftServerProxy.groupManagement(RaftServerProxy.java:480)
	at org.apache.ratis.netty.server.NettyRpcService.handle(NettyRpcService.java:268)
	at org.apache.ratis.netty.server.NettyRpcService$InboundHandler.channelRead0(NettyRpcService.java:94)
	at org.apache.ratis.netty.server.NettyRpcService$InboundHandler.channelRead0(NettyRpcService.java:90)
	at org.apache.ratis.thirdparty.io.netty.channel.SimpleChannelInboundHandler.channelRead(SimpleChannelInboundHandler.java:99)
	at org.apache.ratis.thirdparty.io.netty.channel.AbstractChannelHandlerContext.invokeChannelRead(AbstractChannelHandlerContext.java:444)
	at org.apache.ratis.thirdparty.io.netty.channel.AbstractChannelHandlerContext.invokeChannelRead(AbstractChannelHandlerContext.java:420)
	at org.apache.ratis.thirdparty.io.netty.channel.AbstractChannelHandlerContext.fireChannelRead(AbstractChannelHandlerContext.java:412)
	at org.apache.ratis.thirdparty.io.netty.handler.codec.MessageToMessageDecoder.channelRead(MessageToMessageDecoder.java:103)
	at org.apache.ratis.thirdparty.io.netty.channel.AbstractChannelHandlerContext.invokeChannelRead(AbstractChannelHandlerContext.java:444)
	at org.apache.ratis.thirdparty.io.netty.channel.AbstractChannelHandlerContext.invokeChannelRead(AbstractChannelHandlerContext.java:420)
	at org.apache.ratis.thirdparty.io.netty.channel.AbstractChannelHandlerContext.fireChannelRead(AbstractChannelHandlerContext.java:412)
	at org.apache.ratis.thirdparty.io.netty.handler.codec.ByteToMessageDecoder.fireChannelRead(ByteToMessageDecoder.java:346)
	at org.apache.ratis.thirdparty.io.netty.handler.codec.ByteToMessageDecoder.channelRead(ByteToMessageDecoder.java:318)
	at org.apache.ratis.thirdparty.io.netty.channel.AbstractChannelHandlerContext.invokeChannelRead(AbstractChannelHandlerContext.java:444)
	at org.apache.ratis.thirdparty.io.netty.channel.AbstractChannelHandlerContext.invokeChannelRead(AbstractChannelHandlerContext.java:420)
	at org.apache.ratis.thirdparty.io.netty.channel.AbstractChannelHandlerContext.fireChannelRead(AbstractChannelHandlerContext.java:412)
	at org.apache.ratis.thirdparty.io.netty.channel.DefaultChannelPipeline$HeadContext.channelRead(DefaultChannelPipeline.java:1410)
	at org.apache.ratis.thirdparty.io.netty.channel.AbstractChannelHandlerContext.invokeChannelRead(AbstractChannelHandlerContext.java:440)
	at org.apache.ratis.thirdparty.io.netty.channel.AbstractChannelHandlerContext.invokeChannelRead(AbstractChannelHandlerContext.java:420)
	at org.apache.ratis.thirdparty.io.netty.channel.DefaultChannelPipeline.fireChannelRead(DefaultChannelPipeline.java:919)
	at org.apache.ratis.thirdparty.io.netty.channel.epoll.AbstractEpollStreamChannel$EpollStreamUnsafe.epollInReady(AbstractEpollStreamChannel.java:801)
	at org.apache.ratis.thirdparty.io.netty.channel.epoll.EpollEventLoop.processReady(EpollEventLoop.java:501)
	at org.apache.ratis.thirdparty.io.netty.channel.epoll.EpollEventLoop.run(EpollEventLoop.java:399)
	at org.apache.ratis.thirdparty.io.netty.util.concurrent.SingleThreadEventExecutor$4.run(SingleThreadEventExecutor.java:997)
	at org.apache.ratis.thirdparty.io.netty.util.internal.ThreadExecutorMap$2.run(ThreadExecutorMap.java:74)
	at java.lang.Thread.run(Thread.java:750)
2024-10-09 04:30:05,396 TRACE util.FileUtils (FileUtils.java:deleteFully(305)) - deleteFully /home/runner/work/ratis/ratis/ratis-examples/target/test/data/6e6e5023/MiniRaftClusterWithNettya4857fb2/s6/23c8dd0d-429b-40c2-9cad-de92a9858d7e
2024-10-09 04:30:05,397 TRACE util.FileUtils (LogUtils.java:runAndLog(49)) - Successfully ran Files.delete /home/runner/work/ratis/ratis/ratis-examples/target/test/data/6e6e5023/MiniRaftClusterWithNettya4857fb2/s6/23c8dd0d-429b-40c2-9cad-de92a9858d7e/sm
2024-10-09 04:30:05,397 TRACE util.FileUtils (LogUtils.java:runAndLog(49)) - Successfully ran Files.delete /home/runner/work/ratis/ratis/ratis-examples/target/test/data/6e6e5023/MiniRaftClusterWithNettya4857fb2/s6/23c8dd0d-429b-40c2-9cad-de92a9858d7e/in_use.lock
2024-10-09 04:30:05,397 TRACE util.FileUtils (LogUtils.java:runAndLog(49)) - Successfully ran Files.delete /home/runner/work/ratis/ratis/ratis-examples/target/test/data/6e6e5023/MiniRaftClusterWithNettya4857fb2/s6/23c8dd0d-429b-40c2-9cad-de92a9858d7e/current/raft-meta.conf
2024-10-09 04:30:05,397 TRACE util.FileUtils (LogUtils.java:runAndLog(49)) - Successfully ran Files.delete /home/runner/work/ratis/ratis/ratis-examples/target/test/data/6e6e5023/MiniRaftClusterWithNettya4857fb2/s6/23c8dd0d-429b-40c2-9cad-de92a9858d7e/current/raft-meta
2024-10-09 04:30:05,397 TRACE util.FileUtils (LogUtils.java:runAndLog(49)) - Successfully ran Files.delete /home/runner/work/ratis/ratis/ratis-examples/target/test/data/6e6e5023/MiniRaftClusterWithNettya4857fb2/s6/23c8dd0d-429b-40c2-9cad-de92a9858d7e/current/log_inprogress_0
2024-10-09 04:30:05,397 TRACE util.FileUtils (LogUtils.java:runAndLog(49)) - Successfully ran Files.delete /home/runner/work/ratis/ratis/ratis-examples/target/test/data/6e6e5023/MiniRaftClusterWithNettya4857fb2/s6/23c8dd0d-429b-40c2-9cad-de92a9858d7e/current
2024-10-09 04:30:05,397 TRACE util.FileUtils (LogUtils.java:runAndLog(49)) - Successfully ran Files.delete /home/runner/work/ratis/ratis/ratis-examples/target/test/data/6e6e5023/MiniRaftClusterWithNettya4857fb2/s6/23c8dd0d-429b-40c2-9cad-de92a9858d7e
2024-10-09 04:30:05,397 INFO  server.RaftServer$Division (RaftServerImpl.java:groupRemove(481)) - s6@group-DE92A9858D7E: Succeed to remove RaftStorageDirectory Storage Directory /home/runner/work/ratis/ratis/ratis-examples/target/test/data/6e6e5023/MiniRaftClusterWithNettya4857fb2/s6/23c8dd0d-429b-40c2-9cad-de92a9858d7e
| MiniRaftClusterWithNetty[3, 6, 9, 12, 15]chosen=4 | close groups | 237 |
2024-10-09 04:30:05,399 INFO  impl.GroupManagementBaseTest (GroupManagementBaseTest.java:runMultiGroupTest(316)) - close groups: printing ALL groups
  s3:  RUNNING  FOLLOWER s3@group-DA40570646C7:t0, leader=null, voted=, raftlog=Memoized:s3@group-DA40570646C7-SegmentedRaftLog:OPENED:c-1:lastnull, conf=conf: {index: -1, cur=peers:[]|listeners:[], old=null} STARTING
  s4:  RUNNING  FOLLOWER s4@group-DA40570646C7:t0, leader=null, voted=, raftlog=Memoized:s4@group-DA40570646C7-SegmentedRaftLog:OPENED:c-1:lastnull, conf=conf: {index: -1, cur=peers:[]|listeners:[], old=null} STARTING
  s5:  RUNNING  FOLLOWER s5@group-DA40570646C7:t0, leader=null, voted=, raftlog=Memoized:s5@group-DA40570646C7-SegmentedRaftLog:OPENED:c-1:lastnull, conf=conf: {index: -1, cur=peers:[]|listeners:[], old=null} STARTING
  s6:  RUNNING  FOLLOWER s6@group-DA40570646C7:t0, leader=null, voted=, raftlog=Memoized:s6@group-DA40570646C7-SegmentedRaftLog:OPENED:c-1:lastnull, conf=conf: {index: -1, cur=peers:[]|listeners:[], old=null} STARTING
  s7:  RUNNING [
   FOLLOWER s7@group-DA40570646C7:t0, leader=null, voted=, raftlog=Memoized:s7@group-DA40570646C7-SegmentedRaftLog:OPENED:c-1:lastnull, conf=conf: {index: -1, cur=peers:[]|listeners:[], old=null} STARTING
   FOLLOWER s7@group-BDFE845AF3B0:t1, leader=s9, voted=s9, raftlog=Memoized:s7@group-BDFE845AF3B0-SegmentedRaftLog:OPENED:c120:last(t:1, i:120), conf=conf: {index: 0, cur=peers:[s7|0.0.0.0:15022, s8|0.0.0.0:15023, s9|0.0.0.0:15024]|listeners:[], old=null} RUNNING] size=2
  s8:  RUNNING [
   FOLLOWER s8@group-DA40570646C7:t0, leader=null, voted=, raftlog=Memoized:s8@group-DA40570646C7-SegmentedRaftLog:OPENED:c-1:lastnull, conf=conf: {index: -1, cur=peers:[]|listeners:[], old=null} STARTING
   FOLLOWER s8@group-BDFE845AF3B0:t1, leader=s9, voted=s9, raftlog=Memoized:s8@group-BDFE845AF3B0-SegmentedRaftLog:OPENED:c120:last(t:1, i:120), conf=conf: {index: 0, cur=peers:[s7|0.0.0.0:15022, s8|0.0.0.0:15023, s9|0.0.0.0:15024]|listeners:[], old=null} RUNNING] size=2
  s9:  RUNNING [
   FOLLOWER s9@group-DA40570646C7:t0, leader=null, voted=, raftlog=Memoized:s9@group-DA40570646C7-SegmentedRaftLog:OPENED:c-1:lastnull, conf=conf: {index: -1, cur=peers:[]|listeners:[], old=null} STARTING
     LEADER s9@group-BDFE845AF3B0:t1, leader=s9, voted=s9, raftlog=Memoized:s9@group-BDFE845AF3B0-SegmentedRaftLog:OPENED:c120:last(t:1, i:120), conf=conf: {index: 0, cur=peers:[s7|0.0.0.0:15022, s8|0.0.0.0:15023, s9|0.0.0.0:15024]|listeners:[], old=null} RUNNING] size=2
  s11:  RUNNING  FOLLOWER s11@group-DA40570646C7:t0, leader=null, voted=, raftlog=Memoized:s11@group-DA40570646C7-SegmentedRaftLog:OPENED:c-1:lastnull, conf=conf: {index: -1, cur=peers:[]|listeners:[], old=null} STARTING
  s10:  RUNNING  FOLLOWER s10@group-DA40570646C7:t0, leader=null, voted=, raftlog=Memoized:s10@group-DA40570646C7-SegmentedRaftLog:OPENED:c-1:lastnull, conf=conf: {index: -1, cur=peers:[]|listeners:[], old=null} STARTING
  s13:  RUNNING  FOLLOWER s13@group-DA40570646C7:t0, leader=null, voted=, raftlog=Memoized:s13@group-DA40570646C7-SegmentedRaftLog:OPENED:c-1:lastnull, conf=conf: {index: -1, cur=peers:[]|listeners:[], old=null} STARTING
  s12:  RUNNING  FOLLOWER s12@group-DA40570646C7:t0, leader=null, voted=, raftlog=Memoized:s12@group-DA40570646C7-SegmentedRaftLog:OPENED:c-1:lastnull, conf=conf: {index: -1, cur=peers:[]|listeners:[], old=null} STARTING
  s14:  RUNNING  FOLLOWER s14@group-DA40570646C7:t0, leader=null, voted=, raftlog=Memoized:s14@group-DA40570646C7-SegmentedRaftLog:OPENED:c-1:lastnull, conf=conf: {index: -1, cur=peers:[]|listeners:[], old=null} STARTING
  s0:  RUNNING  FOLLOWER s0@group-DA40570646C7:t0, leader=null, voted=, raftlog=Memoized:s0@group-DA40570646C7-SegmentedRaftLog:OPENED:c-1:lastnull, conf=conf: {index: -1, cur=peers:[]|listeners:[], old=null} STARTING
  s1:  RUNNING  FOLLOWER s1@group-DA40570646C7:t0, leader=null, voted=, raftlog=Memoized:s1@group-DA40570646C7-SegmentedRaftLog:OPENED:c-1:lastnull, conf=conf: {index: -1, cur=peers:[]|listeners:[], old=null} STARTING
  s2:  RUNNING  FOLLOWER s2@group-DA40570646C7:t0, leader=null, voted=, raftlog=Memoized:s2@group-DA40570646C7-SegmentedRaftLog:OPENED:c-1:lastnull, conf=conf: {index: -1, cur=peers:[]|listeners:[], old=null} STARTING
2024-10-09 04:30:05,399 INFO  impl.GroupManagementBaseTest (GroupManagementBaseTest.java:runMultiGroupTest(322)) - 0) groupAdd: printing group-C596DBC0762E
2024-10-09 04:30:05,399 INFO  netty.NettyUtils (NettyUtils.java:newEventLoopGroup(74)) - Create EpollEventLoopGroup for client-C24F42B3716F; Thread size is 0.
2024-10-09 04:30:05,401 INFO  logging.LoggingHandler (AbstractInternalLogger.java:log(148)) - [id: 0x8c4b54da, L:/0.0.0.0:15025] READ: [id: 0x893269fc, L:/127.0.0.1:15025 - R:/127.0.0.1:35838]
2024-10-09 04:30:05,401 INFO  logging.LoggingHandler (AbstractInternalLogger.java:log(148)) - [id: 0x8c4b54da, L:/0.0.0.0:15025] READ COMPLETE
2024-10-09 04:30:05,402 INFO  server.RaftServer (RaftServerProxy.java:addNew(101)) - s10: addNew group-BDFE845AF3B0:[] returns group-BDFE845AF3B0:java.util.concurrent.CompletableFuture@3612ad6c[Not completed]
2024-10-09 04:30:05,402 INFO  server.RaftServer$Division (RaftServerImpl.java:<init>(256)) - s10: new RaftServerImpl for group-BDFE845AF3B0:[] with ArithmeticStateMachine:uninitialized
2024-10-09 04:30:05,402 INFO  server.RaftServerConfigKeys (ConfUtils.java:logGet(46)) - raft.server.rpc.timeout.min = 300ms (custom)
2024-10-09 04:30:05,402 INFO  server.RaftServerConfigKeys (ConfUtils.java:logGet(46)) - raft.server.rpc.timeout.max = 600ms (custom)
2024-10-09 04:30:05,402 INFO  server.RaftServerConfigKeys (ConfUtils.java:logGet(46)) - raft.server.rpc.sleep.time = 25ms (default)
2024-10-09 04:30:05,402 INFO  server.RaftServerConfigKeys (ConfUtils.java:logGet(46)) - raft.server.rpc.slowness.timeout = 60s (default)
2024-10-09 04:30:05,402 INFO  server.RaftServerConfigKeys (ConfUtils.java:logGet(46)) - raft.server.leaderelection.leader.step-down.wait-time = 10s (default)
2024-10-09 04:30:05,402 INFO  server.RaftServerConfigKeys (ConfUtils.java:logGet(46)) - raft.server.leaderelection.member.majority-add = false (default)
2024-10-09 04:30:05,402 INFO  server.RaftServerConfigKeys (ConfUtils.java:logGet(46)) - raft.server.sleep.deviation.threshold = 300ms (default)
2024-10-09 04:30:05,402 INFO  server.RaftServer$Division (ServerState.java:<init>(114)) - s10@group-BDFE845AF3B0: ConfigurationManager, init=conf: {index: -1, cur=peers:[]|listeners:[], old=null}, confs=<EMPTY_MAP>
2024-10-09 04:30:05,402 INFO  server.RaftServerConfigKeys (ConfUtils.java:logGet(46)) - raft.server.notification.no-leader.timeout = 60s (default)
2024-10-09 04:30:05,402 INFO  server.RaftServerConfigKeys (ConfUtils.java:logGet(46)) - raft.server.read.timeout = 10s (default)
2024-10-09 04:30:05,402 INFO  server.RaftServerConfigKeys (ConfUtils.java:logGet(46)) - raft.server.retrycache.expirytime = 60s (default)
2024-10-09 04:30:05,402 INFO  server.RaftServerConfigKeys (ConfUtils.java:logGet(46)) - raft.server.retrycache.statistics.expirytime = 100ms (default)
2024-10-09 04:30:05,403 INFO  server.RaftServerConfigKeys (ConfUtils.java:logGet(46)) - raft.server.read.option = DEFAULT (default)
2024-10-09 04:30:05,403 INFO  server.RaftServerConfigKeys (ConfUtils.java:logGet(46)) - raft.server.read.read-after-write-consistent.write-index-cache.expiry-time = 60s (default)
2024-10-09 04:30:05,403 INFO  server.RaftServerConfigKeys (ConfUtils.java:logGet(46)) - raft.server.rpc.request.timeout = 3000ms (default)
2024-10-09 04:30:05,403 INFO  server.RaftServerConfigKeys (ConfUtils.java:logGet(46)) - raft.server.log.appender.install.snapshot.enabled = true (default)
2024-10-09 04:30:05,403 INFO  server.RaftServerConfigKeys (ConfUtils.java:logGet(46)) - raft.server.threadpool.server.cached = true (default)
2024-10-09 04:30:05,403 INFO  server.RaftServerConfigKeys (ConfUtils.java:logGet(46)) - raft.server.threadpool.server.size = 0 (default)
2024-10-09 04:30:05,403 INFO  server.RaftServerConfigKeys (ConfUtils.java:logGet(46)) - raft.server.threadpool.client.cached = true (default)
2024-10-09 04:30:05,403 INFO  server.RaftServerConfigKeys (ConfUtils.java:logGet(46)) - raft.server.threadpool.client.size = 0 (default)
2024-10-09 04:30:05,403 INFO  server.RaftServerConfigKeys (ConfUtils.java:logGet(46)) - raft.server.storage.free-space.min = 0MB (=0) (default)
2024-10-09 04:30:05,403 INFO  server.RaftServerConfigKeys (ConfUtils.java:logGet(46)) - raft.server.log.corruption.policy = EXCEPTION (default)
2024-10-09 04:30:05,403 INFO  server.RaftServerConfigKeys (ConfUtils.java:logGet(46)) - raft.server.storage.dir = [/home/runner/work/ratis/ratis/ratis-examples/target/test/data/6e6e5023/MiniRaftClusterWithNettya4857fb2/s10] (custom)
2024-10-09 04:30:05,403 INFO  storage.RaftStorageDirectory (RaftStorageDirectoryImpl.java:analyzeStorage(138)) - The storage directory /home/runner/work/ratis/ratis/ratis-examples/target/test/data/6e6e5023/MiniRaftClusterWithNettya4857fb2/s10/c491dcd8-cfe1-48dd-9178-bdfe845af3b0 does not exist. Creating ...
2024-10-09 04:30:05,404 TRACE util.FileUtils (LogUtils.java:runAndLog(49)) - Successfully ran Files.createDirectories /home/runner/work/ratis/ratis/ratis-examples/target/test/data/6e6e5023/MiniRaftClusterWithNettya4857fb2/s10/c491dcd8-cfe1-48dd-9178-bdfe845af3b0
2024-10-09 04:30:05,405 INFO  storage.RaftStorageDirectory (RaftStorageDirectoryImpl.java:tryLock(229)) - Lock on /home/runner/work/ratis/ratis/ratis-examples/target/test/data/6e6e5023/MiniRaftClusterWithNettya4857fb2/s10/c491dcd8-cfe1-48dd-9178-bdfe845af3b0/in_use.lock acquired by nodename 14484@fv-az565-744
2024-10-09 04:30:05,405 TRACE util.FileUtils (LogUtils.java:runAndLog(49)) - Successfully ran Files.createDirectories /home/runner/work/ratis/ratis/ratis-examples/target/test/data/6e6e5023/MiniRaftClusterWithNettya4857fb2/s10/c491dcd8-cfe1-48dd-9178-bdfe845af3b0/current
2024-10-09 04:30:05,405 TRACE util.FileUtils (LogUtils.java:runAndLog(49)) - Successfully ran Files.createDirectories /home/runner/work/ratis/ratis/ratis-examples/target/test/data/6e6e5023/MiniRaftClusterWithNettya4857fb2/s10/c491dcd8-cfe1-48dd-9178-bdfe845af3b0/sm
2024-10-09 04:30:05,405 TRACE util.FileUtils (LogUtils.java:supplyAndLog(69)) - Successfully supplied FileChannel.open /home/runner/work/ratis/ratis/ratis-examples/target/test/data/6e6e5023/MiniRaftClusterWithNettya4857fb2/s10/c491dcd8-cfe1-48dd-9178-bdfe845af3b0/current/raft-meta.tmp with options [CREATE, WRITE]: sun.nio.ch.FileChannelImpl@6fe7c967
2024-10-09 04:30:05,406 TRACE util.FileUtils (LogUtils.java:runAndLog(49)) - Successfully ran Atomic Files.move /home/runner/work/ratis/ratis/ratis-examples/target/test/data/6e6e5023/MiniRaftClusterWithNettya4857fb2/s10/c491dcd8-cfe1-48dd-9178-bdfe845af3b0/current/raft-meta.tmp to /home/runner/work/ratis/ratis/ratis-examples/target/test/data/6e6e5023/MiniRaftClusterWithNettya4857fb2/s10/c491dcd8-cfe1-48dd-9178-bdfe845af3b0/current/raft-meta with options [REPLACE_EXISTING]
2024-10-09 04:30:05,406 INFO  storage.RaftStorage (RaftStorageImpl.java:format(98)) - Storage directory /home/runner/work/ratis/ratis/ratis-examples/target/test/data/6e6e5023/MiniRaftClusterWithNettya4857fb2/s10/c491dcd8-cfe1-48dd-9178-bdfe845af3b0 has been successfully formatted.
2024-10-09 04:30:05,406 WARN  statemachine.StateMachine (ArithmeticStateMachine.java:loadSnapshot(115)) - The snapshot info is null.
2024-10-09 04:30:05,406 INFO  server.RaftServerConfigKeys (ConfUtils.java:logGet(46)) - raft.server.log.use.memory = false (default)
2024-10-09 04:30:05,406 INFO  server.RaftServerConfigKeys (ConfUtils.java:logGet(46)) - raft.server.log.purge.gap = 1024 (default)
2024-10-09 04:30:05,407 INFO  server.RaftServerConfigKeys (ConfUtils.java:logGet(46)) - raft.server.log.appender.buffer.byte-limit = 4MB (=4194304) (default)
2024-10-09 04:30:05,407 INFO  server.RaftServerConfigKeys (ConfUtils.java:logGet(46)) - raft.server.log.statemachine.data.read.timeout = 1000ms (default)
2024-10-09 04:30:05,407 INFO  server.RaftServerConfigKeys (ConfUtils.java:logGet(46)) - raft.server.log.purge.preservation.log.num = 0 (default)
2024-10-09 04:30:05,407 INFO  server.RaftServerConfigKeys (ConfUtils.java:logGet(46)) - raft.server.log.segment.size.max = 32MB (=33554432) (default)
2024-10-09 04:30:05,407 INFO  server.RaftServerConfigKeys (ConfUtils.java:logGet(46)) - raft.server.log.segment.cache.num.max = 6 (default)
2024-10-09 04:30:05,407 INFO  server.RaftServerConfigKeys (ConfUtils.java:logGet(46)) - raft.server.log.segment.cache.size.max = 200MB (=209715200) (default)
2024-10-09 04:30:05,407 INFO  server.RaftServerConfigKeys (ConfUtils.java:logGet(46)) - raft.server.log.appender.buffer.byte-limit = 4MB (=4194304) (default)
2024-10-09 04:30:05,407 INFO  util.AwaitToRun (AwaitToRun.java:start(81)) - Thread[s10@group-BDFE845AF3B0-cacheEviction-AwaitToRun,5,main] started
2024-10-09 04:30:05,407 INFO  segmented.SegmentedRaftLogWorker (SegmentedRaftLogWorker.java:<init>(187)) - new s10@group-BDFE845AF3B0-SegmentedRaftLogWorker for RaftStorageImpl:Storage Directory /home/runner/work/ratis/ratis/ratis-examples/target/test/data/6e6e5023/MiniRaftClusterWithNettya4857fb2/s10/c491dcd8-cfe1-48dd-9178-bdfe845af3b0
2024-10-09 04:30:05,407 INFO  server.RaftServerConfigKeys (ConfUtils.java:logGet(46)) - raft.server.log.queue.byte-limit = 64MB (=67108864) (default)
2024-10-09 04:30:05,407 INFO  server.RaftServerConfigKeys (ConfUtils.java:logGet(46)) - raft.server.log.queue.element-limit = 4096 (default)
2024-10-09 04:30:05,407 INFO  server.RaftServerConfigKeys (ConfUtils.java:logGet(46)) - raft.server.log.segment.size.max = 32MB (=33554432) (default)
2024-10-09 04:30:05,407 INFO  server.RaftServerConfigKeys (ConfUtils.java:logGet(46)) - raft.server.log.preallocated.size = 4MB (=4194304) (default)
2024-10-09 04:30:05,407 INFO  server.RaftServerConfigKeys (ConfUtils.java:logGet(46)) - raft.server.log.force.sync.num = 128 (default)
2024-10-09 04:30:05,407 INFO  server.RaftServerConfigKeys (ConfUtils.java:logGet(46)) - raft.server.log.statemachine.data.sync = true (default)
2024-10-09 04:30:05,408 INFO  server.RaftServerConfigKeys (ConfUtils.java:logGet(46)) - raft.server.log.statemachine.data.sync.timeout = 10s (default)
2024-10-09 04:30:05,408 INFO  server.RaftServerConfigKeys (ConfUtils.java:logGet(46)) - raft.server.log.statemachine.data.sync.timeout.retry = -1 (default)
2024-10-09 04:30:05,408 INFO  server.RaftServerConfigKeys (ConfUtils.java:logGet(46)) - raft.server.log.write.buffer.size = 8MB (=8388608) (default)
2024-10-09 04:30:05,408 INFO  server.RaftServerConfigKeys (ConfUtils.java:logGet(46)) - raft.server.log.appender.buffer.byte-limit = 4MB (=4194304) (default)
2024-10-09 04:30:05,408 INFO  server.RaftServerConfigKeys (ConfUtils.java:logGet(46)) - raft.server.log.unsafe-flush.enabled = false (default)
2024-10-09 04:30:05,408 INFO  server.RaftServerConfigKeys (ConfUtils.java:logGet(46)) - raft.server.log.async-flush.enabled = false (default)
2024-10-09 04:30:05,408 INFO  server.RaftServerConfigKeys (ConfUtils.java:logGet(46)) - raft.server.log.statemachine.data.caching.enabled = false (default)
2024-10-09 04:30:05,408 INFO  segmented.SegmentedRaftLogWorker (SegmentedRaftLogWorker.java:lambda$new$0(138)) - s10@group-BDFE845AF3B0-SegmentedRaftLogWorker: flushIndex: setUnconditionally 0 -> -1
2024-10-09 04:30:05,408 INFO  segmented.SegmentedRaftLogWorker (SegmentedRaftLogWorker.java:lambda$new$0(138)) - s10@group-BDFE845AF3B0-SegmentedRaftLogWorker: safeCacheEvictIndex: setUnconditionally 0 -> -1
2024-10-09 04:30:05,408 INFO  server.RaftServer$Division (RaftServerImpl.java:start(398)) - s10@group-BDFE845AF3B0: start with initializing state, conf=conf: {index: -1, cur=peers:[]|listeners:[], old=null}
2024-10-09 04:30:05,408 INFO  server.RaftServer$Division (RaftServerImpl.java:setRole(379)) - s10@group-BDFE845AF3B0: changes role from      null to FOLLOWER at term 0 for start
2024-10-09 04:30:05,409 INFO  util.JmxRegister (JmxRegister.java:tryRegister(44)) - Successfully registered JMX Bean with object name Ratis:service=RaftServer,group=group-BDFE845AF3B0,id=s10
2024-10-09 04:30:05,409 INFO  util.JmxRegister (JmxRegister.java:register(58)) - register mxBean class org.apache.ratis.server.impl.RaftServerJmxAdapter as Ratis:service=RaftServer,group=group-BDFE845AF3B0,id=s10
2024-10-09 04:30:05,409 INFO  server.RaftServerConfigKeys (ConfUtils.java:logGet(46)) - raft.server.snapshot.trigger-when-stop.enabled = true (default)
2024-10-09 04:30:05,409 INFO  server.RaftServerConfigKeys (ConfUtils.java:logGet(46)) - raft.server.snapshot.trigger-when-remove.enabled = true (default)
2024-10-09 04:30:05,409 INFO  server.RaftServerConfigKeys (ConfUtils.java:logGet(46)) - raft.server.snapshot.auto.trigger.enabled = false (default)
2024-10-09 04:30:05,409 INFO  server.RaftServerConfigKeys (ConfUtils.java:logGet(46)) - raft.server.snapshot.retention.file.num = -1 (default)
2024-10-09 04:30:05,409 INFO  server.RaftServerConfigKeys (ConfUtils.java:logGet(46)) - raft.server.log.purge.upto.snapshot.index = false (default)
2024-10-09 04:30:05,410 INFO  netty.NettyUtils (NettyUtils.java:newEventLoopGroup(74)) - Create EpollEventLoopGroup for client-E96F614E71CB; Thread size is 0.
2024-10-09 04:30:05,424 INFO  logging.LoggingHandler (AbstractInternalLogger.java:log(148)) - [id: 0xadcfcd76, L:/0.0.0.0:15015] READ: [id: 0xc6e83300, L:/127.0.0.1:15015 - R:/127.0.0.1:40274]
2024-10-09 04:30:05,424 INFO  logging.LoggingHandler (AbstractInternalLogger.java:log(148)) - [id: 0xadcfcd76, L:/0.0.0.0:15015] READ COMPLETE
2024-10-09 04:30:05,425 INFO  server.RaftServer (RaftServerProxy.java:addNew(101)) - s0: addNew group-BDFE845AF3B0:[] returns group-BDFE845AF3B0:java.util.concurrent.CompletableFuture@4283dfc6[Not completed]
2024-10-09 04:30:05,425 INFO  server.RaftServer$Division (RaftServerImpl.java:<init>(256)) - s0: new RaftServerImpl for group-BDFE845AF3B0:[] with ArithmeticStateMachine:uninitialized
2024-10-09 04:30:05,425 INFO  server.RaftServerConfigKeys (ConfUtils.java:logGet(46)) - raft.server.rpc.timeout.min = 300ms (custom)
2024-10-09 04:30:05,425 INFO  server.RaftServerConfigKeys (ConfUtils.java:logGet(46)) - raft.server.rpc.timeout.max = 600ms (custom)
2024-10-09 04:30:05,425 INFO  server.RaftServerConfigKeys (ConfUtils.java:logGet(46)) - raft.server.rpc.sleep.time = 25ms (default)
2024-10-09 04:30:05,425 INFO  server.RaftServerConfigKeys (ConfUtils.java:logGet(46)) - raft.server.rpc.slowness.timeout = 60s (default)
2024-10-09 04:30:05,425 INFO  server.RaftServerConfigKeys (ConfUtils.java:logGet(46)) - raft.server.leaderelection.leader.step-down.wait-time = 10s (default)
2024-10-09 04:30:05,425 INFO  server.RaftServerConfigKeys (ConfUtils.java:logGet(46)) - raft.server.leaderelection.member.majority-add = false (default)
2024-10-09 04:30:05,425 INFO  server.RaftServerConfigKeys (ConfUtils.java:logGet(46)) - raft.server.sleep.deviation.threshold = 300ms (default)
2024-10-09 04:30:05,425 INFO  server.RaftServer$Division (ServerState.java:<init>(114)) - s0@group-BDFE845AF3B0: ConfigurationManager, init=conf: {index: -1, cur=peers:[]|listeners:[], old=null}, confs=<EMPTY_MAP>
2024-10-09 04:30:05,425 INFO  server.RaftServerConfigKeys (ConfUtils.java:logGet(46)) - raft.server.notification.no-leader.timeout = 60s (default)
2024-10-09 04:30:05,425 INFO  server.RaftServerConfigKeys (ConfUtils.java:logGet(46)) - raft.server.read.timeout = 10s (default)
2024-10-09 04:30:05,425 INFO  server.RaftServerConfigKeys (ConfUtils.java:logGet(46)) - raft.server.retrycache.expirytime = 60s (default)
2024-10-09 04:30:05,425 INFO  server.RaftServerConfigKeys (ConfUtils.java:logGet(46)) - raft.server.retrycache.statistics.expirytime = 100ms (default)
2024-10-09 04:30:05,426 INFO  server.RaftServerConfigKeys (ConfUtils.java:logGet(46)) - raft.server.read.option = DEFAULT (default)
2024-10-09 04:30:05,426 INFO  server.RaftServerConfigKeys (ConfUtils.java:logGet(46)) - raft.server.read.read-after-write-consistent.write-index-cache.expiry-time = 60s (default)
2024-10-09 04:30:05,426 INFO  server.RaftServerConfigKeys (ConfUtils.java:logGet(46)) - raft.server.rpc.request.timeout = 3000ms (default)
2024-10-09 04:30:05,426 INFO  server.RaftServerConfigKeys (ConfUtils.java:logGet(46)) - raft.server.log.appender.install.snapshot.enabled = true (default)
2024-10-09 04:30:05,426 INFO  server.RaftServerConfigKeys (ConfUtils.java:logGet(46)) - raft.server.threadpool.server.cached = true (default)
2024-10-09 04:30:05,426 INFO  server.RaftServerConfigKeys (ConfUtils.java:logGet(46)) - raft.server.threadpool.server.size = 0 (default)
2024-10-09 04:30:05,426 INFO  server.RaftServerConfigKeys (ConfUtils.java:logGet(46)) - raft.server.threadpool.client.cached = true (default)
2024-10-09 04:30:05,426 INFO  server.RaftServerConfigKeys (ConfUtils.java:logGet(46)) - raft.server.threadpool.client.size = 0 (default)
2024-10-09 04:30:05,426 INFO  server.RaftServerConfigKeys (ConfUtils.java:logGet(46)) - raft.server.storage.free-space.min = 0MB (=0) (default)
2024-10-09 04:30:05,426 INFO  server.RaftServerConfigKeys (ConfUtils.java:logGet(46)) - raft.server.log.corruption.policy = EXCEPTION (default)
2024-10-09 04:30:05,427 INFO  server.RaftServerConfigKeys (ConfUtils.java:logGet(46)) - raft.server.storage.dir = [/home/runner/work/ratis/ratis/ratis-examples/target/test/data/6e6e5023/MiniRaftClusterWithNettya4857fb2/s0] (custom)
2024-10-09 04:30:05,427 INFO  storage.RaftStorageDirectory (RaftStorageDirectoryImpl.java:analyzeStorage(138)) - The storage directory /home/runner/work/ratis/ratis/ratis-examples/target/test/data/6e6e5023/MiniRaftClusterWithNettya4857fb2/s0/c491dcd8-cfe1-48dd-9178-bdfe845af3b0 does not exist. Creating ...
2024-10-09 04:30:05,427 TRACE util.FileUtils (LogUtils.java:runAndLog(49)) - Successfully ran Files.createDirectories /home/runner/work/ratis/ratis/ratis-examples/target/test/data/6e6e5023/MiniRaftClusterWithNettya4857fb2/s0/c491dcd8-cfe1-48dd-9178-bdfe845af3b0
2024-10-09 04:30:05,428 INFO  storage.RaftStorageDirectory (RaftStorageDirectoryImpl.java:tryLock(229)) - Lock on /home/runner/work/ratis/ratis/ratis-examples/target/test/data/6e6e5023/MiniRaftClusterWithNettya4857fb2/s0/c491dcd8-cfe1-48dd-9178-bdfe845af3b0/in_use.lock acquired by nodename 14484@fv-az565-744
2024-10-09 04:30:05,429 TRACE util.FileUtils (LogUtils.java:runAndLog(49)) - Successfully ran Files.createDirectories /home/runner/work/ratis/ratis/ratis-examples/target/test/data/6e6e5023/MiniRaftClusterWithNettya4857fb2/s0/c491dcd8-cfe1-48dd-9178-bdfe845af3b0/current
2024-10-09 04:30:05,429 TRACE util.FileUtils (LogUtils.java:runAndLog(49)) - Successfully ran Files.createDirectories /home/runner/work/ratis/ratis/ratis-examples/target/test/data/6e6e5023/MiniRaftClusterWithNettya4857fb2/s0/c491dcd8-cfe1-48dd-9178-bdfe845af3b0/sm
2024-10-09 04:30:05,429 TRACE util.FileUtils (LogUtils.java:supplyAndLog(69)) - Successfully supplied FileChannel.open /home/runner/work/ratis/ratis/ratis-examples/target/test/data/6e6e5023/MiniRaftClusterWithNettya4857fb2/s0/c491dcd8-cfe1-48dd-9178-bdfe845af3b0/current/raft-meta.tmp with options [CREATE, WRITE]: sun.nio.ch.FileChannelImpl@6fb20e81
2024-10-09 04:30:05,430 TRACE util.FileUtils (LogUtils.java:runAndLog(49)) - Successfully ran Atomic Files.move /home/runner/work/ratis/ratis/ratis-examples/target/test/data/6e6e5023/MiniRaftClusterWithNettya4857fb2/s0/c491dcd8-cfe1-48dd-9178-bdfe845af3b0/current/raft-meta.tmp to /home/runner/work/ratis/ratis/ratis-examples/target/test/data/6e6e5023/MiniRaftClusterWithNettya4857fb2/s0/c491dcd8-cfe1-48dd-9178-bdfe845af3b0/current/raft-meta with options [REPLACE_EXISTING]
2024-10-09 04:30:05,430 INFO  storage.RaftStorage (RaftStorageImpl.java:format(98)) - Storage directory /home/runner/work/ratis/ratis/ratis-examples/target/test/data/6e6e5023/MiniRaftClusterWithNettya4857fb2/s0/c491dcd8-cfe1-48dd-9178-bdfe845af3b0 has been successfully formatted.
2024-10-09 04:30:05,431 WARN  statemachine.StateMachine (ArithmeticStateMachine.java:loadSnapshot(115)) - The snapshot info is null.
2024-10-09 04:30:05,431 INFO  server.RaftServerConfigKeys (ConfUtils.java:logGet(46)) - raft.server.log.use.memory = false (default)
2024-10-09 04:30:05,431 INFO  server.RaftServerConfigKeys (ConfUtils.java:logGet(46)) - raft.server.log.purge.gap = 1024 (default)
2024-10-09 04:30:05,431 INFO  server.RaftServerConfigKeys (ConfUtils.java:logGet(46)) - raft.server.log.appender.buffer.byte-limit = 4MB (=4194304) (default)
2024-10-09 04:30:05,431 INFO  server.RaftServerConfigKeys (ConfUtils.java:logGet(46)) - raft.server.log.statemachine.data.read.timeout = 1000ms (default)
2024-10-09 04:30:05,431 INFO  server.RaftServerConfigKeys (ConfUtils.java:logGet(46)) - raft.server.log.purge.preservation.log.num = 0 (default)
2024-10-09 04:30:05,431 INFO  server.RaftServerConfigKeys (ConfUtils.java:logGet(46)) - raft.server.log.segment.size.max = 32MB (=33554432) (default)
2024-10-09 04:30:05,431 INFO  server.RaftServerConfigKeys (ConfUtils.java:logGet(46)) - raft.server.log.segment.cache.num.max = 6 (default)
2024-10-09 04:30:05,431 INFO  server.RaftServerConfigKeys (ConfUtils.java:logGet(46)) - raft.server.log.segment.cache.size.max = 200MB (=209715200) (default)
2024-10-09 04:30:05,431 INFO  server.RaftServerConfigKeys (ConfUtils.java:logGet(46)) - raft.server.log.appender.buffer.byte-limit = 4MB (=4194304) (default)
2024-10-09 04:30:05,431 INFO  util.AwaitToRun (AwaitToRun.java:start(81)) - Thread[s0@group-BDFE845AF3B0-cacheEviction-AwaitToRun,5,main] started
2024-10-09 04:30:05,431 INFO  segmented.SegmentedRaftLogWorker (SegmentedRaftLogWorker.java:<init>(187)) - new s0@group-BDFE845AF3B0-SegmentedRaftLogWorker for RaftStorageImpl:Storage Directory /home/runner/work/ratis/ratis/ratis-examples/target/test/data/6e6e5023/MiniRaftClusterWithNettya4857fb2/s0/c491dcd8-cfe1-48dd-9178-bdfe845af3b0
2024-10-09 04:30:05,431 INFO  server.RaftServerConfigKeys (ConfUtils.java:logGet(46)) - raft.server.log.queue.byte-limit = 64MB (=67108864) (default)
2024-10-09 04:30:05,431 INFO  server.RaftServerConfigKeys (ConfUtils.java:logGet(46)) - raft.server.log.queue.element-limit = 4096 (default)
2024-10-09 04:30:05,431 INFO  server.RaftServerConfigKeys (ConfUtils.java:logGet(46)) - raft.server.log.segment.size.max = 32MB (=33554432) (default)
2024-10-09 04:30:05,431 INFO  server.RaftServerConfigKeys (ConfUtils.java:logGet(46)) - raft.server.log.preallocated.size = 4MB (=4194304) (default)
2024-10-09 04:30:05,432 INFO  server.RaftServerConfigKeys (ConfUtils.java:logGet(46)) - raft.server.log.force.sync.num = 128 (default)
2024-10-09 04:30:05,432 INFO  server.RaftServerConfigKeys (ConfUtils.java:logGet(46)) - raft.server.log.statemachine.data.sync = true (default)
2024-10-09 04:30:05,432 INFO  server.RaftServerConfigKeys (ConfUtils.java:logGet(46)) - raft.server.log.statemachine.data.sync.timeout = 10s (default)
2024-10-09 04:30:05,432 INFO  server.RaftServerConfigKeys (ConfUtils.java:logGet(46)) - raft.server.log.statemachine.data.sync.timeout.retry = -1 (default)
2024-10-09 04:30:05,432 INFO  server.RaftServerConfigKeys (ConfUtils.java:logGet(46)) - raft.server.log.write.buffer.size = 8MB (=8388608) (default)
2024-10-09 04:30:05,432 INFO  server.RaftServerConfigKeys (ConfUtils.java:logGet(46)) - raft.server.log.appender.buffer.byte-limit = 4MB (=4194304) (default)
2024-10-09 04:30:05,432 INFO  server.RaftServerConfigKeys (ConfUtils.java:logGet(46)) - raft.server.log.unsafe-flush.enabled = false (default)
2024-10-09 04:30:05,432 INFO  server.RaftServerConfigKeys (ConfUtils.java:logGet(46)) - raft.server.log.async-flush.enabled = false (default)
2024-10-09 04:30:05,432 INFO  server.RaftServerConfigKeys (ConfUtils.java:logGet(46)) - raft.server.log.statemachine.data.caching.enabled = false (default)
2024-10-09 04:30:05,433 INFO  segmented.SegmentedRaftLogWorker (SegmentedRaftLogWorker.java:lambda$new$0(138)) - s0@group-BDFE845AF3B0-SegmentedRaftLogWorker: flushIndex: setUnconditionally 0 -> -1
2024-10-09 04:30:05,433 INFO  segmented.SegmentedRaftLogWorker (SegmentedRaftLogWorker.java:lambda$new$0(138)) - s0@group-BDFE845AF3B0-SegmentedRaftLogWorker: safeCacheEvictIndex: setUnconditionally 0 -> -1
2024-10-09 04:30:05,433 INFO  server.RaftServer$Division (RaftServerImpl.java:start(398)) - s0@group-BDFE845AF3B0: start with initializing state, conf=conf: {index: -1, cur=peers:[]|listeners:[], old=null}
2024-10-09 04:30:05,433 INFO  server.RaftServer$Division (RaftServerImpl.java:setRole(379)) - s0@group-BDFE845AF3B0: changes role from      null to FOLLOWER at term 0 for start
2024-10-09 04:30:05,433 INFO  util.JmxRegister (JmxRegister.java:tryRegister(44)) - Successfully registered JMX Bean with object name Ratis:service=RaftServer,group=group-BDFE845AF3B0,id=s0
2024-10-09 04:30:05,433 INFO  util.JmxRegister (JmxRegister.java:register(58)) - register mxBean class org.apache.ratis.server.impl.RaftServerJmxAdapter as Ratis:service=RaftServer,group=group-BDFE845AF3B0,id=s0
2024-10-09 04:30:05,433 INFO  server.RaftServerConfigKeys (ConfUtils.java:logGet(46)) - raft.server.snapshot.trigger-when-stop.enabled = true (default)
2024-10-09 04:30:05,433 INFO  server.RaftServerConfigKeys (ConfUtils.java:logGet(46)) - raft.server.snapshot.trigger-when-remove.enabled = true (default)
2024-10-09 04:30:05,433 INFO  server.RaftServerConfigKeys (ConfUtils.java:logGet(46)) - raft.server.snapshot.auto.trigger.enabled = false (default)
2024-10-09 04:30:05,433 INFO  server.RaftServerConfigKeys (ConfUtils.java:logGet(46)) - raft.server.snapshot.retention.file.num = -1 (default)
2024-10-09 04:30:05,433 INFO  server.RaftServerConfigKeys (ConfUtils.java:logGet(46)) - raft.server.log.purge.upto.snapshot.index = false (default)
2024-10-09 04:30:05,439 INFO  netty.NettyUtils (NettyUtils.java:newEventLoopGroup(74)) - Create EpollEventLoopGroup for client-502F43B10B24; Thread size is 0.
2024-10-09 04:30:05,443 INFO  logging.LoggingHandler (AbstractInternalLogger.java:log(148)) - [id: 0x6adfe881, L:/0.0.0.0:15016] READ: [id: 0x5f043353, L:/127.0.0.1:15016 - R:/127.0.0.1:57976]
2024-10-09 04:30:05,443 INFO  logging.LoggingHandler (AbstractInternalLogger.java:log(148)) - [id: 0x6adfe881, L:/0.0.0.0:15016] READ COMPLETE
2024-10-09 04:30:05,444 INFO  server.RaftServer (RaftServerProxy.java:addNew(101)) - s1: addNew group-BDFE845AF3B0:[] returns group-BDFE845AF3B0:java.util.concurrent.CompletableFuture@2e6a3ba6[Not completed]
2024-10-09 04:30:05,444 INFO  server.RaftServer$Division (RaftServerImpl.java:<init>(256)) - s1: new RaftServerImpl for group-BDFE845AF3B0:[] with ArithmeticStateMachine:uninitialized
2024-10-09 04:30:05,444 INFO  server.RaftServerConfigKeys (ConfUtils.java:logGet(46)) - raft.server.rpc.timeout.min = 300ms (custom)
2024-10-09 04:30:05,444 INFO  server.RaftServerConfigKeys (ConfUtils.java:logGet(46)) - raft.server.rpc.timeout.max = 600ms (custom)
2024-10-09 04:30:05,444 INFO  server.RaftServerConfigKeys (ConfUtils.java:logGet(46)) - raft.server.rpc.sleep.time = 25ms (default)
2024-10-09 04:30:05,444 INFO  server.RaftServerConfigKeys (ConfUtils.java:logGet(46)) - raft.server.rpc.slowness.timeout = 60s (default)
2024-10-09 04:30:05,444 INFO  server.RaftServerConfigKeys (ConfUtils.java:logGet(46)) - raft.server.leaderelection.leader.step-down.wait-time = 10s (default)
2024-10-09 04:30:05,444 INFO  server.RaftServerConfigKeys (ConfUtils.java:logGet(46)) - raft.server.leaderelection.member.majority-add = false (default)
2024-10-09 04:30:05,444 INFO  server.RaftServerConfigKeys (ConfUtils.java:logGet(46)) - raft.server.sleep.deviation.threshold = 300ms (default)
2024-10-09 04:30:05,444 INFO  server.RaftServer$Division (ServerState.java:<init>(114)) - s1@group-BDFE845AF3B0: ConfigurationManager, init=conf: {index: -1, cur=peers:[]|listeners:[], old=null}, confs=<EMPTY_MAP>
2024-10-09 04:30:05,444 INFO  server.RaftServerConfigKeys (ConfUtils.java:logGet(46)) - raft.server.notification.no-leader.timeout = 60s (default)
2024-10-09 04:30:05,444 INFO  server.RaftServerConfigKeys (ConfUtils.java:logGet(46)) - raft.server.read.timeout = 10s (default)
2024-10-09 04:30:05,444 INFO  server.RaftServerConfigKeys (ConfUtils.java:logGet(46)) - raft.server.retrycache.expirytime = 60s (default)
2024-10-09 04:30:05,445 INFO  server.RaftServerConfigKeys (ConfUtils.java:logGet(46)) - raft.server.retrycache.statistics.expirytime = 100ms (default)
2024-10-09 04:30:05,445 INFO  server.RaftServerConfigKeys (ConfUtils.java:logGet(46)) - raft.server.read.option = DEFAULT (default)
2024-10-09 04:30:05,445 INFO  server.RaftServerConfigKeys (ConfUtils.java:logGet(46)) - raft.server.read.read-after-write-consistent.write-index-cache.expiry-time = 60s (default)
2024-10-09 04:30:05,445 INFO  server.RaftServerConfigKeys (ConfUtils.java:logGet(46)) - raft.server.rpc.request.timeout = 3000ms (default)
2024-10-09 04:30:05,445 INFO  server.RaftServerConfigKeys (ConfUtils.java:logGet(46)) - raft.server.log.appender.install.snapshot.enabled = true (default)
2024-10-09 04:30:05,445 INFO  server.RaftServerConfigKeys (ConfUtils.java:logGet(46)) - raft.server.threadpool.server.cached = true (default)
2024-10-09 04:30:05,445 INFO  server.RaftServerConfigKeys (ConfUtils.java:logGet(46)) - raft.server.threadpool.server.size = 0 (default)
2024-10-09 04:30:05,445 INFO  server.RaftServerConfigKeys (ConfUtils.java:logGet(46)) - raft.server.threadpool.client.cached = true (default)
2024-10-09 04:30:05,445 INFO  server.RaftServerConfigKeys (ConfUtils.java:logGet(46)) - raft.server.threadpool.client.size = 0 (default)
2024-10-09 04:30:05,445 INFO  server.RaftServerConfigKeys (ConfUtils.java:logGet(46)) - raft.server.storage.free-space.min = 0MB (=0) (default)
2024-10-09 04:30:05,445 INFO  server.RaftServerConfigKeys (ConfUtils.java:logGet(46)) - raft.server.log.corruption.policy = EXCEPTION (default)
2024-10-09 04:30:05,445 INFO  server.RaftServerConfigKeys (ConfUtils.java:logGet(46)) - raft.server.storage.dir = [/home/runner/work/ratis/ratis/ratis-examples/target/test/data/6e6e5023/MiniRaftClusterWithNettya4857fb2/s1] (custom)
2024-10-09 04:30:05,445 INFO  storage.RaftStorageDirectory (RaftStorageDirectoryImpl.java:analyzeStorage(138)) - The storage directory /home/runner/work/ratis/ratis/ratis-examples/target/test/data/6e6e5023/MiniRaftClusterWithNettya4857fb2/s1/c491dcd8-cfe1-48dd-9178-bdfe845af3b0 does not exist. Creating ...
2024-10-09 04:30:05,446 TRACE util.FileUtils (LogUtils.java:runAndLog(49)) - Successfully ran Files.createDirectories /home/runner/work/ratis/ratis/ratis-examples/target/test/data/6e6e5023/MiniRaftClusterWithNettya4857fb2/s1/c491dcd8-cfe1-48dd-9178-bdfe845af3b0
2024-10-09 04:30:05,447 INFO  storage.RaftStorageDirectory (RaftStorageDirectoryImpl.java:tryLock(229)) - Lock on /home/runner/work/ratis/ratis/ratis-examples/target/test/data/6e6e5023/MiniRaftClusterWithNettya4857fb2/s1/c491dcd8-cfe1-48dd-9178-bdfe845af3b0/in_use.lock acquired by nodename 14484@fv-az565-744
2024-10-09 04:30:05,447 TRACE util.FileUtils (LogUtils.java:runAndLog(49)) - Successfully ran Files.createDirectories /home/runner/work/ratis/ratis/ratis-examples/target/test/data/6e6e5023/MiniRaftClusterWithNettya4857fb2/s1/c491dcd8-cfe1-48dd-9178-bdfe845af3b0/current
2024-10-09 04:30:05,447 TRACE util.FileUtils (LogUtils.java:runAndLog(49)) - Successfully ran Files.createDirectories /home/runner/work/ratis/ratis/ratis-examples/target/test/data/6e6e5023/MiniRaftClusterWithNettya4857fb2/s1/c491dcd8-cfe1-48dd-9178-bdfe845af3b0/sm
2024-10-09 04:30:05,447 TRACE util.FileUtils (LogUtils.java:supplyAndLog(69)) - Successfully supplied FileChannel.open /home/runner/work/ratis/ratis/ratis-examples/target/test/data/6e6e5023/MiniRaftClusterWithNettya4857fb2/s1/c491dcd8-cfe1-48dd-9178-bdfe845af3b0/current/raft-meta.tmp with options [CREATE, WRITE]: sun.nio.ch.FileChannelImpl@6236b35c
2024-10-09 04:30:05,448 TRACE util.FileUtils (LogUtils.java:runAndLog(49)) - Successfully ran Atomic Files.move /home/runner/work/ratis/ratis/ratis-examples/target/test/data/6e6e5023/MiniRaftClusterWithNettya4857fb2/s1/c491dcd8-cfe1-48dd-9178-bdfe845af3b0/current/raft-meta.tmp to /home/runner/work/ratis/ratis/ratis-examples/target/test/data/6e6e5023/MiniRaftClusterWithNettya4857fb2/s1/c491dcd8-cfe1-48dd-9178-bdfe845af3b0/current/raft-meta with options [REPLACE_EXISTING]
2024-10-09 04:30:05,448 INFO  storage.RaftStorage (RaftStorageImpl.java:format(98)) - Storage directory /home/runner/work/ratis/ratis/ratis-examples/target/test/data/6e6e5023/MiniRaftClusterWithNettya4857fb2/s1/c491dcd8-cfe1-48dd-9178-bdfe845af3b0 has been successfully formatted.
2024-10-09 04:30:05,449 WARN  statemachine.StateMachine (ArithmeticStateMachine.java:loadSnapshot(115)) - The snapshot info is null.
2024-10-09 04:30:05,449 INFO  server.RaftServerConfigKeys (ConfUtils.java:logGet(46)) - raft.server.log.use.memory = false (default)
2024-10-09 04:30:05,449 INFO  server.RaftServerConfigKeys (ConfUtils.java:logGet(46)) - raft.server.log.purge.gap = 1024 (default)
2024-10-09 04:30:05,449 INFO  server.RaftServerConfigKeys (ConfUtils.java:logGet(46)) - raft.server.log.appender.buffer.byte-limit = 4MB (=4194304) (default)
2024-10-09 04:30:05,449 INFO  server.RaftServerConfigKeys (ConfUtils.java:logGet(46)) - raft.server.log.statemachine.data.read.timeout = 1000ms (default)
2024-10-09 04:30:05,449 INFO  server.RaftServerConfigKeys (ConfUtils.java:logGet(46)) - raft.server.log.purge.preservation.log.num = 0 (default)
2024-10-09 04:30:05,449 INFO  server.RaftServerConfigKeys (ConfUtils.java:logGet(46)) - raft.server.log.segment.size.max = 32MB (=33554432) (default)
2024-10-09 04:30:05,449 INFO  server.RaftServerConfigKeys (ConfUtils.java:logGet(46)) - raft.server.log.segment.cache.num.max = 6 (default)
2024-10-09 04:30:05,449 INFO  server.RaftServerConfigKeys (ConfUtils.java:logGet(46)) - raft.server.log.segment.cache.size.max = 200MB (=209715200) (default)
2024-10-09 04:30:05,449 INFO  server.RaftServerConfigKeys (ConfUtils.java:logGet(46)) - raft.server.log.appender.buffer.byte-limit = 4MB (=4194304) (default)
2024-10-09 04:30:05,449 INFO  util.AwaitToRun (AwaitToRun.java:start(81)) - Thread[s1@group-BDFE845AF3B0-cacheEviction-AwaitToRun,5,main] started
2024-10-09 04:30:05,450 INFO  segmented.SegmentedRaftLogWorker (SegmentedRaftLogWorker.java:<init>(187)) - new s1@group-BDFE845AF3B0-SegmentedRaftLogWorker for RaftStorageImpl:Storage Directory /home/runner/work/ratis/ratis/ratis-examples/target/test/data/6e6e5023/MiniRaftClusterWithNettya4857fb2/s1/c491dcd8-cfe1-48dd-9178-bdfe845af3b0
2024-10-09 04:30:05,450 INFO  server.RaftServerConfigKeys (ConfUtils.java:logGet(46)) - raft.server.log.queue.byte-limit = 64MB (=67108864) (default)
2024-10-09 04:30:05,450 INFO  server.RaftServerConfigKeys (ConfUtils.java:logGet(46)) - raft.server.log.queue.element-limit = 4096 (default)
2024-10-09 04:30:05,450 INFO  server.RaftServerConfigKeys (ConfUtils.java:logGet(46)) - raft.server.log.segment.size.max = 32MB (=33554432) (default)
2024-10-09 04:30:05,450 INFO  server.RaftServerConfigKeys (ConfUtils.java:logGet(46)) - raft.server.log.preallocated.size = 4MB (=4194304) (default)
2024-10-09 04:30:05,450 INFO  server.RaftServerConfigKeys (ConfUtils.java:logGet(46)) - raft.server.log.force.sync.num = 128 (default)
2024-10-09 04:30:05,450 INFO  server.RaftServerConfigKeys (ConfUtils.java:logGet(46)) - raft.server.log.statemachine.data.sync = true (default)
2024-10-09 04:30:05,450 INFO  server.RaftServerConfigKeys (ConfUtils.java:logGet(46)) - raft.server.log.statemachine.data.sync.timeout = 10s (default)
2024-10-09 04:30:05,450 INFO  server.RaftServerConfigKeys (ConfUtils.java:logGet(46)) - raft.server.log.statemachine.data.sync.timeout.retry = -1 (default)
2024-10-09 04:30:05,450 INFO  server.RaftServerConfigKeys (ConfUtils.java:logGet(46)) - raft.server.log.write.buffer.size = 8MB (=8388608) (default)
2024-10-09 04:30:05,450 INFO  server.RaftServerConfigKeys (ConfUtils.java:logGet(46)) - raft.server.log.appender.buffer.byte-limit = 4MB (=4194304) (default)
2024-10-09 04:30:05,451 INFO  server.RaftServerConfigKeys (ConfUtils.java:logGet(46)) - raft.server.log.unsafe-flush.enabled = false (default)
2024-10-09 04:30:05,451 INFO  server.RaftServerConfigKeys (ConfUtils.java:logGet(46)) - raft.server.log.async-flush.enabled = false (default)
2024-10-09 04:30:05,451 INFO  server.RaftServerConfigKeys (ConfUtils.java:logGet(46)) - raft.server.log.statemachine.data.caching.enabled = false (default)
2024-10-09 04:30:05,451 INFO  segmented.SegmentedRaftLogWorker (SegmentedRaftLogWorker.java:lambda$new$0(138)) - s1@group-BDFE845AF3B0-SegmentedRaftLogWorker: flushIndex: setUnconditionally 0 -> -1
2024-10-09 04:30:05,451 INFO  segmented.SegmentedRaftLogWorker (SegmentedRaftLogWorker.java:lambda$new$0(138)) - s1@group-BDFE845AF3B0-SegmentedRaftLogWorker: safeCacheEvictIndex: setUnconditionally 0 -> -1
2024-10-09 04:30:05,451 INFO  server.RaftServer$Division (RaftServerImpl.java:start(398)) - s1@group-BDFE845AF3B0: start with initializing state, conf=conf: {index: -1, cur=peers:[]|listeners:[], old=null}
2024-10-09 04:30:05,451 INFO  server.RaftServer$Division (RaftServerImpl.java:setRole(379)) - s1@group-BDFE845AF3B0: changes role from      null to FOLLOWER at term 0 for start
2024-10-09 04:30:05,451 INFO  util.JmxRegister (JmxRegister.java:tryRegister(44)) - Successfully registered JMX Bean with object name Ratis:service=RaftServer,group=group-BDFE845AF3B0,id=s1
2024-10-09 04:30:05,451 INFO  util.JmxRegister (JmxRegister.java:register(58)) - register mxBean class org.apache.ratis.server.impl.RaftServerJmxAdapter as Ratis:service=RaftServer,group=group-BDFE845AF3B0,id=s1
2024-10-09 04:30:05,451 INFO  server.RaftServerConfigKeys (ConfUtils.java:logGet(46)) - raft.server.snapshot.trigger-when-stop.enabled = true (default)
2024-10-09 04:30:05,451 INFO  server.RaftServerConfigKeys (ConfUtils.java:logGet(46)) - raft.server.snapshot.trigger-when-remove.enabled = true (default)
2024-10-09 04:30:05,451 INFO  server.RaftServerConfigKeys (ConfUtils.java:logGet(46)) - raft.server.snapshot.auto.trigger.enabled = false (default)
2024-10-09 04:30:05,451 INFO  server.RaftServerConfigKeys (ConfUtils.java:logGet(46)) - raft.server.snapshot.retention.file.num = -1 (default)
2024-10-09 04:30:05,452 INFO  server.RaftServerConfigKeys (ConfUtils.java:logGet(46)) - raft.server.log.purge.upto.snapshot.index = false (default)
2024-10-09 04:30:05,453 INFO  impl.GroupManagementBaseTest (GroupManagementBaseTest.java:runMultiGroupTest(322)) - 1) groupAdd: printing group-F62FDFAA15CF
2024-10-09 04:30:05,453 INFO  netty.NettyUtils (NettyUtils.java:newEventLoopGroup(74)) - Create EpollEventLoopGroup for client-DC78608784FD; Thread size is 0.
2024-10-09 04:30:05,454 INFO  logging.LoggingHandler (AbstractInternalLogger.java:log(148)) - [id: 0x1ca74bed, L:/0.0.0.0:15026] READ: [id: 0xef2210aa, L:/127.0.0.1:15026 - R:/127.0.0.1:60498]
2024-10-09 04:30:05,455 INFO  logging.LoggingHandler (AbstractInternalLogger.java:log(148)) - [id: 0x1ca74bed, L:/0.0.0.0:15026] READ COMPLETE
2024-10-09 04:30:05,455 INFO  server.RaftServer (RaftServerProxy.java:addNew(101)) - s11: addNew group-BDFE845AF3B0:[] returns group-BDFE845AF3B0:java.util.concurrent.CompletableFuture@5da958ac[Not completed]
2024-10-09 04:30:05,458 INFO  server.RaftServer$Division (RaftServerImpl.java:<init>(256)) - s11: new RaftServerImpl for group-BDFE845AF3B0:[] with ArithmeticStateMachine:uninitialized
2024-10-09 04:30:05,458 INFO  server.RaftServerConfigKeys (ConfUtils.java:logGet(46)) - raft.server.rpc.timeout.min = 300ms (custom)
2024-10-09 04:30:05,458 INFO  server.RaftServerConfigKeys (ConfUtils.java:logGet(46)) - raft.server.rpc.timeout.max = 600ms (custom)
2024-10-09 04:30:05,458 INFO  server.RaftServerConfigKeys (ConfUtils.java:logGet(46)) - raft.server.rpc.sleep.time = 25ms (default)
2024-10-09 04:30:05,458 INFO  server.RaftServerConfigKeys (ConfUtils.java:logGet(46)) - raft.server.rpc.slowness.timeout = 60s (default)
2024-10-09 04:30:05,458 INFO  server.RaftServerConfigKeys (ConfUtils.java:logGet(46)) - raft.server.leaderelection.leader.step-down.wait-time = 10s (default)
2024-10-09 04:30:05,458 INFO  server.RaftServerConfigKeys (ConfUtils.java:logGet(46)) - raft.server.leaderelection.member.majority-add = false (default)
2024-10-09 04:30:05,458 INFO  server.RaftServerConfigKeys (ConfUtils.java:logGet(46)) - raft.server.sleep.deviation.threshold = 300ms (default)
2024-10-09 04:30:05,458 INFO  server.RaftServer$Division (ServerState.java:<init>(114)) - s11@group-BDFE845AF3B0: ConfigurationManager, init=conf: {index: -1, cur=peers:[]|listeners:[], old=null}, confs=<EMPTY_MAP>
2024-10-09 04:30:05,458 INFO  server.RaftServerConfigKeys (ConfUtils.java:logGet(46)) - raft.server.notification.no-leader.timeout = 60s (default)
2024-10-09 04:30:05,458 INFO  server.RaftServerConfigKeys (ConfUtils.java:logGet(46)) - raft.server.read.timeout = 10s (default)
2024-10-09 04:30:05,458 INFO  server.RaftServerConfigKeys (ConfUtils.java:logGet(46)) - raft.server.retrycache.expirytime = 60s (default)
2024-10-09 04:30:05,458 INFO  server.RaftServerConfigKeys (ConfUtils.java:logGet(46)) - raft.server.retrycache.statistics.expirytime = 100ms (default)
2024-10-09 04:30:05,458 INFO  server.RaftServerConfigKeys (ConfUtils.java:logGet(46)) - raft.server.read.option = DEFAULT (default)
2024-10-09 04:30:05,458 INFO  server.RaftServerConfigKeys (ConfUtils.java:logGet(46)) - raft.server.read.read-after-write-consistent.write-index-cache.expiry-time = 60s (default)
2024-10-09 04:30:05,459 INFO  server.RaftServerConfigKeys (ConfUtils.java:logGet(46)) - raft.server.rpc.request.timeout = 3000ms (default)
2024-10-09 04:30:05,459 INFO  server.RaftServerConfigKeys (ConfUtils.java:logGet(46)) - raft.server.log.appender.install.snapshot.enabled = true (default)
2024-10-09 04:30:05,459 INFO  server.RaftServerConfigKeys (ConfUtils.java:logGet(46)) - raft.server.threadpool.server.cached = true (default)
2024-10-09 04:30:05,459 INFO  server.RaftServerConfigKeys (ConfUtils.java:logGet(46)) - raft.server.threadpool.server.size = 0 (default)
2024-10-09 04:30:05,459 INFO  server.RaftServerConfigKeys (ConfUtils.java:logGet(46)) - raft.server.threadpool.client.cached = true (default)
2024-10-09 04:30:05,459 INFO  server.RaftServerConfigKeys (ConfUtils.java:logGet(46)) - raft.server.threadpool.client.size = 0 (default)
2024-10-09 04:30:05,459 INFO  server.RaftServerConfigKeys (ConfUtils.java:logGet(46)) - raft.server.storage.free-space.min = 0MB (=0) (default)
2024-10-09 04:30:05,459 INFO  server.RaftServerConfigKeys (ConfUtils.java:logGet(46)) - raft.server.log.corruption.policy = EXCEPTION (default)
2024-10-09 04:30:05,459 INFO  server.RaftServerConfigKeys (ConfUtils.java:logGet(46)) - raft.server.storage.dir = [/home/runner/work/ratis/ratis/ratis-examples/target/test/data/6e6e5023/MiniRaftClusterWithNettya4857fb2/s11] (custom)
2024-10-09 04:30:05,459 INFO  storage.RaftStorageDirectory (RaftStorageDirectoryImpl.java:analyzeStorage(138)) - The storage directory /home/runner/work/ratis/ratis/ratis-examples/target/test/data/6e6e5023/MiniRaftClusterWithNettya4857fb2/s11/c491dcd8-cfe1-48dd-9178-bdfe845af3b0 does not exist. Creating ...
2024-10-09 04:30:05,459 TRACE util.FileUtils (LogUtils.java:runAndLog(49)) - Successfully ran Files.createDirectories /home/runner/work/ratis/ratis/ratis-examples/target/test/data/6e6e5023/MiniRaftClusterWithNettya4857fb2/s11/c491dcd8-cfe1-48dd-9178-bdfe845af3b0
2024-10-09 04:30:05,460 INFO  storage.RaftStorageDirectory (RaftStorageDirectoryImpl.java:tryLock(229)) - Lock on /home/runner/work/ratis/ratis/ratis-examples/target/test/data/6e6e5023/MiniRaftClusterWithNettya4857fb2/s11/c491dcd8-cfe1-48dd-9178-bdfe845af3b0/in_use.lock acquired by nodename 14484@fv-az565-744
2024-10-09 04:30:05,460 TRACE util.FileUtils (LogUtils.java:runAndLog(49)) - Successfully ran Files.createDirectories /home/runner/work/ratis/ratis/ratis-examples/target/test/data/6e6e5023/MiniRaftClusterWithNettya4857fb2/s11/c491dcd8-cfe1-48dd-9178-bdfe845af3b0/current
2024-10-09 04:30:05,460 TRACE util.FileUtils (LogUtils.java:runAndLog(49)) - Successfully ran Files.createDirectories /home/runner/work/ratis/ratis/ratis-examples/target/test/data/6e6e5023/MiniRaftClusterWithNettya4857fb2/s11/c491dcd8-cfe1-48dd-9178-bdfe845af3b0/sm
2024-10-09 04:30:05,460 TRACE util.FileUtils (LogUtils.java:supplyAndLog(69)) - Successfully supplied FileChannel.open /home/runner/work/ratis/ratis/ratis-examples/target/test/data/6e6e5023/MiniRaftClusterWithNettya4857fb2/s11/c491dcd8-cfe1-48dd-9178-bdfe845af3b0/current/raft-meta.tmp with options [CREATE, WRITE]: sun.nio.ch.FileChannelImpl@7e828732
2024-10-09 04:30:05,461 TRACE util.FileUtils (LogUtils.java:runAndLog(49)) - Successfully ran Atomic Files.move /home/runner/work/ratis/ratis/ratis-examples/target/test/data/6e6e5023/MiniRaftClusterWithNettya4857fb2/s11/c491dcd8-cfe1-48dd-9178-bdfe845af3b0/current/raft-meta.tmp to /home/runner/work/ratis/ratis/ratis-examples/target/test/data/6e6e5023/MiniRaftClusterWithNettya4857fb2/s11/c491dcd8-cfe1-48dd-9178-bdfe845af3b0/current/raft-meta with options [REPLACE_EXISTING]
2024-10-09 04:30:05,461 INFO  storage.RaftStorage (RaftStorageImpl.java:format(98)) - Storage directory /home/runner/work/ratis/ratis/ratis-examples/target/test/data/6e6e5023/MiniRaftClusterWithNettya4857fb2/s11/c491dcd8-cfe1-48dd-9178-bdfe845af3b0 has been successfully formatted.
2024-10-09 04:30:05,461 WARN  statemachine.StateMachine (ArithmeticStateMachine.java:loadSnapshot(115)) - The snapshot info is null.
2024-10-09 04:30:05,461 INFO  server.RaftServerConfigKeys (ConfUtils.java:logGet(46)) - raft.server.log.use.memory = false (default)
2024-10-09 04:30:05,461 INFO  server.RaftServerConfigKeys (ConfUtils.java:logGet(46)) - raft.server.log.purge.gap = 1024 (default)
2024-10-09 04:30:05,461 INFO  server.RaftServerConfigKeys (ConfUtils.java:logGet(46)) - raft.server.log.appender.buffer.byte-limit = 4MB (=4194304) (default)
2024-10-09 04:30:05,462 INFO  server.RaftServerConfigKeys (ConfUtils.java:logGet(46)) - raft.server.log.statemachine.data.read.timeout = 1000ms (default)
2024-10-09 04:30:05,462 INFO  server.RaftServerConfigKeys (ConfUtils.java:logGet(46)) - raft.server.log.purge.preservation.log.num = 0 (default)
2024-10-09 04:30:05,462 INFO  server.RaftServerConfigKeys (ConfUtils.java:logGet(46)) - raft.server.log.segment.size.max = 32MB (=33554432) (default)
2024-10-09 04:30:05,462 INFO  server.RaftServerConfigKeys (ConfUtils.java:logGet(46)) - raft.server.log.segment.cache.num.max = 6 (default)
2024-10-09 04:30:05,462 INFO  server.RaftServerConfigKeys (ConfUtils.java:logGet(46)) - raft.server.log.segment.cache.size.max = 200MB (=209715200) (default)
2024-10-09 04:30:05,462 INFO  server.RaftServerConfigKeys (ConfUtils.java:logGet(46)) - raft.server.log.appender.buffer.byte-limit = 4MB (=4194304) (default)
2024-10-09 04:30:05,462 INFO  util.AwaitToRun (AwaitToRun.java:start(81)) - Thread[s11@group-BDFE845AF3B0-cacheEviction-AwaitToRun,5,main] started
2024-10-09 04:30:05,462 INFO  segmented.SegmentedRaftLogWorker (SegmentedRaftLogWorker.java:<init>(187)) - new s11@group-BDFE845AF3B0-SegmentedRaftLogWorker for RaftStorageImpl:Storage Directory /home/runner/work/ratis/ratis/ratis-examples/target/test/data/6e6e5023/MiniRaftClusterWithNettya4857fb2/s11/c491dcd8-cfe1-48dd-9178-bdfe845af3b0
2024-10-09 04:30:05,462 INFO  server.RaftServerConfigKeys (ConfUtils.java:logGet(46)) - raft.server.log.queue.byte-limit = 64MB (=67108864) (default)
2024-10-09 04:30:05,462 INFO  server.RaftServerConfigKeys (ConfUtils.java:logGet(46)) - raft.server.log.queue.element-limit = 4096 (default)
2024-10-09 04:30:05,462 INFO  server.RaftServerConfigKeys (ConfUtils.java:logGet(46)) - raft.server.log.segment.size.max = 32MB (=33554432) (default)
2024-10-09 04:30:05,462 INFO  server.RaftServerConfigKeys (ConfUtils.java:logGet(46)) - raft.server.log.preallocated.size = 4MB (=4194304) (default)
2024-10-09 04:30:05,462 INFO  server.RaftServerConfigKeys (ConfUtils.java:logGet(46)) - raft.server.log.force.sync.num = 128 (default)
2024-10-09 04:30:05,462 INFO  server.RaftServerConfigKeys (ConfUtils.java:logGet(46)) - raft.server.log.statemachine.data.sync = true (default)
2024-10-09 04:30:05,463 INFO  server.RaftServerConfigKeys (ConfUtils.java:logGet(46)) - raft.server.log.statemachine.data.sync.timeout = 10s (default)
2024-10-09 04:30:05,463 INFO  server.RaftServerConfigKeys (ConfUtils.java:logGet(46)) - raft.server.log.statemachine.data.sync.timeout.retry = -1 (default)
2024-10-09 04:30:05,463 INFO  server.RaftServerConfigKeys (ConfUtils.java:logGet(46)) - raft.server.log.write.buffer.size = 8MB (=8388608) (default)
2024-10-09 04:30:05,463 INFO  server.RaftServerConfigKeys (ConfUtils.java:logGet(46)) - raft.server.log.appender.buffer.byte-limit = 4MB (=4194304) (default)
2024-10-09 04:30:05,463 INFO  server.RaftServerConfigKeys (ConfUtils.java:logGet(46)) - raft.server.log.unsafe-flush.enabled = false (default)
2024-10-09 04:30:05,463 INFO  server.RaftServerConfigKeys (ConfUtils.java:logGet(46)) - raft.server.log.async-flush.enabled = false (default)
2024-10-09 04:30:05,463 INFO  server.RaftServerConfigKeys (ConfUtils.java:logGet(46)) - raft.server.log.statemachine.data.caching.enabled = false (default)
2024-10-09 04:30:05,463 INFO  segmented.SegmentedRaftLogWorker (SegmentedRaftLogWorker.java:lambda$new$0(138)) - s11@group-BDFE845AF3B0-SegmentedRaftLogWorker: flushIndex: setUnconditionally 0 -> -1
2024-10-09 04:30:05,463 INFO  segmented.SegmentedRaftLogWorker (SegmentedRaftLogWorker.java:lambda$new$0(138)) - s11@group-BDFE845AF3B0-SegmentedRaftLogWorker: safeCacheEvictIndex: setUnconditionally 0 -> -1
2024-10-09 04:30:05,464 INFO  server.RaftServer$Division (RaftServerImpl.java:start(398)) - s11@group-BDFE845AF3B0: start with initializing state, conf=conf: {index: -1, cur=peers:[]|listeners:[], old=null}
2024-10-09 04:30:05,464 INFO  server.RaftServer$Division (RaftServerImpl.java:setRole(379)) - s11@group-BDFE845AF3B0: changes role from      null to FOLLOWER at term 0 for start
2024-10-09 04:30:05,464 INFO  util.JmxRegister (JmxRegister.java:tryRegister(44)) - Successfully registered JMX Bean with object name Ratis:service=RaftServer,group=group-BDFE845AF3B0,id=s11
2024-10-09 04:30:05,464 INFO  util.JmxRegister (JmxRegister.java:register(58)) - register mxBean class org.apache.ratis.server.impl.RaftServerJmxAdapter as Ratis:service=RaftServer,group=group-BDFE845AF3B0,id=s11
2024-10-09 04:30:05,464 INFO  server.RaftServerConfigKeys (ConfUtils.java:logGet(46)) - raft.server.snapshot.trigger-when-stop.enabled = true (default)
2024-10-09 04:30:05,464 INFO  server.RaftServerConfigKeys (ConfUtils.java:logGet(46)) - raft.server.snapshot.trigger-when-remove.enabled = true (default)
2024-10-09 04:30:05,464 INFO  server.RaftServerConfigKeys (ConfUtils.java:logGet(46)) - raft.server.snapshot.auto.trigger.enabled = false (default)
2024-10-09 04:30:05,464 INFO  server.RaftServerConfigKeys (ConfUtils.java:logGet(46)) - raft.server.snapshot.retention.file.num = -1 (default)
2024-10-09 04:30:05,464 INFO  server.RaftServerConfigKeys (ConfUtils.java:logGet(46)) - raft.server.log.purge.upto.snapshot.index = false (default)
2024-10-09 04:30:05,466 INFO  netty.NettyUtils (NettyUtils.java:newEventLoopGroup(74)) - Create EpollEventLoopGroup for client-4C4D6923D2BD; Thread size is 0.
2024-10-09 04:30:05,467 INFO  logging.LoggingHandler (AbstractInternalLogger.java:log(148)) - [id: 0xfb6ec67a, L:/0.0.0.0:15028] READ: [id: 0x411667fd, L:/127.0.0.1:15028 - R:/127.0.0.1:38172]
2024-10-09 04:30:05,467 INFO  logging.LoggingHandler (AbstractInternalLogger.java:log(148)) - [id: 0xfb6ec67a, L:/0.0.0.0:15028] READ COMPLETE
2024-10-09 04:30:05,468 INFO  server.RaftServer (RaftServerProxy.java:addNew(101)) - s13: addNew group-BDFE845AF3B0:[] returns group-BDFE845AF3B0:java.util.concurrent.CompletableFuture@1538ce3[Not completed]
2024-10-09 04:30:05,468 INFO  server.RaftServer$Division (RaftServerImpl.java:<init>(256)) - s13: new RaftServerImpl for group-BDFE845AF3B0:[] with ArithmeticStateMachine:uninitialized
2024-10-09 04:30:05,468 INFO  server.RaftServerConfigKeys (ConfUtils.java:logGet(46)) - raft.server.rpc.timeout.min = 300ms (custom)
2024-10-09 04:30:05,468 INFO  server.RaftServerConfigKeys (ConfUtils.java:logGet(46)) - raft.server.rpc.timeout.max = 600ms (custom)
2024-10-09 04:30:05,468 INFO  server.RaftServerConfigKeys (ConfUtils.java:logGet(46)) - raft.server.rpc.sleep.time = 25ms (default)
2024-10-09 04:30:05,468 INFO  server.RaftServerConfigKeys (ConfUtils.java:logGet(46)) - raft.server.rpc.slowness.timeout = 60s (default)
2024-10-09 04:30:05,468 INFO  server.RaftServerConfigKeys (ConfUtils.java:logGet(46)) - raft.server.leaderelection.leader.step-down.wait-time = 10s (default)
2024-10-09 04:30:05,468 INFO  server.RaftServerConfigKeys (ConfUtils.java:logGet(46)) - raft.server.leaderelection.member.majority-add = false (default)
2024-10-09 04:30:05,468 INFO  server.RaftServerConfigKeys (ConfUtils.java:logGet(46)) - raft.server.sleep.deviation.threshold = 300ms (default)
2024-10-09 04:30:05,468 INFO  server.RaftServer$Division (ServerState.java:<init>(114)) - s13@group-BDFE845AF3B0: ConfigurationManager, init=conf: {index: -1, cur=peers:[]|listeners:[], old=null}, confs=<EMPTY_MAP>
2024-10-09 04:30:05,468 INFO  server.RaftServerConfigKeys (ConfUtils.java:logGet(46)) - raft.server.notification.no-leader.timeout = 60s (default)
2024-10-09 04:30:05,468 INFO  server.RaftServerConfigKeys (ConfUtils.java:logGet(46)) - raft.server.read.timeout = 10s (default)
2024-10-09 04:30:05,468 INFO  server.RaftServerConfigKeys (ConfUtils.java:logGet(46)) - raft.server.retrycache.expirytime = 60s (default)
2024-10-09 04:30:05,468 INFO  server.RaftServerConfigKeys (ConfUtils.java:logGet(46)) - raft.server.retrycache.statistics.expirytime = 100ms (default)
2024-10-09 04:30:05,469 INFO  server.RaftServerConfigKeys (ConfUtils.java:logGet(46)) - raft.server.read.option = DEFAULT (default)
2024-10-09 04:30:05,469 INFO  server.RaftServerConfigKeys (ConfUtils.java:logGet(46)) - raft.server.read.read-after-write-consistent.write-index-cache.expiry-time = 60s (default)
2024-10-09 04:30:05,469 INFO  server.RaftServerConfigKeys (ConfUtils.java:logGet(46)) - raft.server.rpc.request.timeout = 3000ms (default)
2024-10-09 04:30:05,469 INFO  server.RaftServerConfigKeys (ConfUtils.java:logGet(46)) - raft.server.log.appender.install.snapshot.enabled = true (default)
2024-10-09 04:30:05,469 INFO  server.RaftServerConfigKeys (ConfUtils.java:logGet(46)) - raft.server.threadpool.server.cached = true (default)
2024-10-09 04:30:05,469 INFO  server.RaftServerConfigKeys (ConfUtils.java:logGet(46)) - raft.server.threadpool.server.size = 0 (default)
2024-10-09 04:30:05,469 INFO  server.RaftServerConfigKeys (ConfUtils.java:logGet(46)) - raft.server.threadpool.client.cached = true (default)
2024-10-09 04:30:05,469 INFO  server.RaftServerConfigKeys (ConfUtils.java:logGet(46)) - raft.server.threadpool.client.size = 0 (default)
2024-10-09 04:30:05,469 INFO  server.RaftServerConfigKeys (ConfUtils.java:logGet(46)) - raft.server.storage.free-space.min = 0MB (=0) (default)
2024-10-09 04:30:05,470 INFO  server.RaftServerConfigKeys (ConfUtils.java:logGet(46)) - raft.server.log.corruption.policy = EXCEPTION (default)
2024-10-09 04:30:05,470 INFO  server.RaftServerConfigKeys (ConfUtils.java:logGet(46)) - raft.server.storage.dir = [/home/runner/work/ratis/ratis/ratis-examples/target/test/data/6e6e5023/MiniRaftClusterWithNettya4857fb2/s13] (custom)
2024-10-09 04:30:05,470 INFO  storage.RaftStorageDirectory (RaftStorageDirectoryImpl.java:analyzeStorage(138)) - The storage directory /home/runner/work/ratis/ratis/ratis-examples/target/test/data/6e6e5023/MiniRaftClusterWithNettya4857fb2/s13/c491dcd8-cfe1-48dd-9178-bdfe845af3b0 does not exist. Creating ...
2024-10-09 04:30:05,470 TRACE util.FileUtils (LogUtils.java:runAndLog(49)) - Successfully ran Files.createDirectories /home/runner/work/ratis/ratis/ratis-examples/target/test/data/6e6e5023/MiniRaftClusterWithNettya4857fb2/s13/c491dcd8-cfe1-48dd-9178-bdfe845af3b0
2024-10-09 04:30:05,471 INFO  storage.RaftStorageDirectory (RaftStorageDirectoryImpl.java:tryLock(229)) - Lock on /home/runner/work/ratis/ratis/ratis-examples/target/test/data/6e6e5023/MiniRaftClusterWithNettya4857fb2/s13/c491dcd8-cfe1-48dd-9178-bdfe845af3b0/in_use.lock acquired by nodename 14484@fv-az565-744
2024-10-09 04:30:05,471 TRACE util.FileUtils (LogUtils.java:runAndLog(49)) - Successfully ran Files.createDirectories /home/runner/work/ratis/ratis/ratis-examples/target/test/data/6e6e5023/MiniRaftClusterWithNettya4857fb2/s13/c491dcd8-cfe1-48dd-9178-bdfe845af3b0/current
2024-10-09 04:30:05,471 TRACE util.FileUtils (LogUtils.java:runAndLog(49)) - Successfully ran Files.createDirectories /home/runner/work/ratis/ratis/ratis-examples/target/test/data/6e6e5023/MiniRaftClusterWithNettya4857fb2/s13/c491dcd8-cfe1-48dd-9178-bdfe845af3b0/sm
2024-10-09 04:30:05,471 TRACE util.FileUtils (LogUtils.java:supplyAndLog(69)) - Successfully supplied FileChannel.open /home/runner/work/ratis/ratis/ratis-examples/target/test/data/6e6e5023/MiniRaftClusterWithNettya4857fb2/s13/c491dcd8-cfe1-48dd-9178-bdfe845af3b0/current/raft-meta.tmp with options [CREATE, WRITE]: sun.nio.ch.FileChannelImpl@1f01745a
2024-10-09 04:30:05,473 TRACE util.FileUtils (LogUtils.java:runAndLog(49)) - Successfully ran Atomic Files.move /home/runner/work/ratis/ratis/ratis-examples/target/test/data/6e6e5023/MiniRaftClusterWithNettya4857fb2/s13/c491dcd8-cfe1-48dd-9178-bdfe845af3b0/current/raft-meta.tmp to /home/runner/work/ratis/ratis/ratis-examples/target/test/data/6e6e5023/MiniRaftClusterWithNettya4857fb2/s13/c491dcd8-cfe1-48dd-9178-bdfe845af3b0/current/raft-meta with options [REPLACE_EXISTING]
2024-10-09 04:30:05,473 INFO  storage.RaftStorage (RaftStorageImpl.java:format(98)) - Storage directory /home/runner/work/ratis/ratis/ratis-examples/target/test/data/6e6e5023/MiniRaftClusterWithNettya4857fb2/s13/c491dcd8-cfe1-48dd-9178-bdfe845af3b0 has been successfully formatted.
2024-10-09 04:30:05,473 WARN  statemachine.StateMachine (ArithmeticStateMachine.java:loadSnapshot(115)) - The snapshot info is null.
2024-10-09 04:30:05,473 INFO  server.RaftServerConfigKeys (ConfUtils.java:logGet(46)) - raft.server.log.use.memory = false (default)
2024-10-09 04:30:05,473 INFO  server.RaftServerConfigKeys (ConfUtils.java:logGet(46)) - raft.server.log.purge.gap = 1024 (default)
2024-10-09 04:30:05,473 INFO  server.RaftServerConfigKeys (ConfUtils.java:logGet(46)) - raft.server.log.appender.buffer.byte-limit = 4MB (=4194304) (default)
2024-10-09 04:30:05,473 INFO  server.RaftServerConfigKeys (ConfUtils.java:logGet(46)) - raft.server.log.statemachine.data.read.timeout = 1000ms (default)
2024-10-09 04:30:05,473 INFO  server.RaftServerConfigKeys (ConfUtils.java:logGet(46)) - raft.server.log.purge.preservation.log.num = 0 (default)
2024-10-09 04:30:05,474 INFO  server.RaftServerConfigKeys (ConfUtils.java:logGet(46)) - raft.server.log.segment.size.max = 32MB (=33554432) (default)
2024-10-09 04:30:05,474 INFO  server.RaftServerConfigKeys (ConfUtils.java:logGet(46)) - raft.server.log.segment.cache.num.max = 6 (default)
2024-10-09 04:30:05,474 INFO  server.RaftServerConfigKeys (ConfUtils.java:logGet(46)) - raft.server.log.segment.cache.size.max = 200MB (=209715200) (default)
2024-10-09 04:30:05,474 INFO  server.RaftServerConfigKeys (ConfUtils.java:logGet(46)) - raft.server.log.appender.buffer.byte-limit = 4MB (=4194304) (default)
2024-10-09 04:30:05,474 INFO  util.AwaitToRun (AwaitToRun.java:start(81)) - Thread[s13@group-BDFE845AF3B0-cacheEviction-AwaitToRun,5,main] started
2024-10-09 04:30:05,474 INFO  segmented.SegmentedRaftLogWorker (SegmentedRaftLogWorker.java:<init>(187)) - new s13@group-BDFE845AF3B0-SegmentedRaftLogWorker for RaftStorageImpl:Storage Directory /home/runner/work/ratis/ratis/ratis-examples/target/test/data/6e6e5023/MiniRaftClusterWithNettya4857fb2/s13/c491dcd8-cfe1-48dd-9178-bdfe845af3b0
2024-10-09 04:30:05,474 INFO  server.RaftServerConfigKeys (ConfUtils.java:logGet(46)) - raft.server.log.queue.byte-limit = 64MB (=67108864) (default)
2024-10-09 04:30:05,474 INFO  server.RaftServerConfigKeys (ConfUtils.java:logGet(46)) - raft.server.log.queue.element-limit = 4096 (default)
2024-10-09 04:30:05,474 INFO  server.RaftServerConfigKeys (ConfUtils.java:logGet(46)) - raft.server.log.segment.size.max = 32MB (=33554432) (default)
2024-10-09 04:30:05,475 INFO  server.RaftServerConfigKeys (ConfUtils.java:logGet(46)) - raft.server.log.preallocated.size = 4MB (=4194304) (default)
2024-10-09 04:30:05,475 INFO  server.RaftServerConfigKeys (ConfUtils.java:logGet(46)) - raft.server.log.force.sync.num = 128 (default)
2024-10-09 04:30:05,475 INFO  server.RaftServerConfigKeys (ConfUtils.java:logGet(46)) - raft.server.log.statemachine.data.sync = true (default)
2024-10-09 04:30:05,475 INFO  server.RaftServerConfigKeys (ConfUtils.java:logGet(46)) - raft.server.log.statemachine.data.sync.timeout = 10s (default)
2024-10-09 04:30:05,475 INFO  server.RaftServerConfigKeys (ConfUtils.java:logGet(46)) - raft.server.log.statemachine.data.sync.timeout.retry = -1 (default)
2024-10-09 04:30:05,475 INFO  server.RaftServerConfigKeys (ConfUtils.java:logGet(46)) - raft.server.log.write.buffer.size = 8MB (=8388608) (default)
2024-10-09 04:30:05,476 INFO  server.RaftServerConfigKeys (ConfUtils.java:logGet(46)) - raft.server.log.appender.buffer.byte-limit = 4MB (=4194304) (default)
2024-10-09 04:30:05,476 INFO  server.RaftServerConfigKeys (ConfUtils.java:logGet(46)) - raft.server.log.unsafe-flush.enabled = false (default)
2024-10-09 04:30:05,476 INFO  server.RaftServerConfigKeys (ConfUtils.java:logGet(46)) - raft.server.log.async-flush.enabled = false (default)
2024-10-09 04:30:05,476 INFO  server.RaftServerConfigKeys (ConfUtils.java:logGet(46)) - raft.server.log.statemachine.data.caching.enabled = false (default)
2024-10-09 04:30:05,476 INFO  segmented.SegmentedRaftLogWorker (SegmentedRaftLogWorker.java:lambda$new$0(138)) - s13@group-BDFE845AF3B0-SegmentedRaftLogWorker: flushIndex: setUnconditionally 0 -> -1
2024-10-09 04:30:05,476 INFO  segmented.SegmentedRaftLogWorker (SegmentedRaftLogWorker.java:lambda$new$0(138)) - s13@group-BDFE845AF3B0-SegmentedRaftLogWorker: safeCacheEvictIndex: setUnconditionally 0 -> -1
2024-10-09 04:30:05,483 INFO  server.RaftServer$Division (RaftServerImpl.java:start(398)) - s13@group-BDFE845AF3B0: start with initializing state, conf=conf: {index: -1, cur=peers:[]|listeners:[], old=null}
2024-10-09 04:30:05,483 INFO  server.RaftServer$Division (RaftServerImpl.java:setRole(379)) - s13@group-BDFE845AF3B0: changes role from      null to FOLLOWER at term 0 for start
2024-10-09 04:30:05,483 INFO  util.JmxRegister (JmxRegister.java:tryRegister(44)) - Successfully registered JMX Bean with object name Ratis:service=RaftServer,group=group-BDFE845AF3B0,id=s13
2024-10-09 04:30:05,483 INFO  util.JmxRegister (JmxRegister.java:register(58)) - register mxBean class org.apache.ratis.server.impl.RaftServerJmxAdapter as Ratis:service=RaftServer,group=group-BDFE845AF3B0,id=s13
2024-10-09 04:30:05,483 INFO  server.RaftServerConfigKeys (ConfUtils.java:logGet(46)) - raft.server.snapshot.trigger-when-stop.enabled = true (default)
2024-10-09 04:30:05,483 INFO  server.RaftServerConfigKeys (ConfUtils.java:logGet(46)) - raft.server.snapshot.trigger-when-remove.enabled = true (default)
2024-10-09 04:30:05,483 INFO  server.RaftServerConfigKeys (ConfUtils.java:logGet(46)) - raft.server.snapshot.auto.trigger.enabled = false (default)
2024-10-09 04:30:05,483 INFO  server.RaftServerConfigKeys (ConfUtils.java:logGet(46)) - raft.server.snapshot.retention.file.num = -1 (default)
2024-10-09 04:30:05,483 INFO  server.RaftServerConfigKeys (ConfUtils.java:logGet(46)) - raft.server.log.purge.upto.snapshot.index = false (default)
2024-10-09 04:30:05,489 INFO  netty.NettyUtils (NettyUtils.java:newEventLoopGroup(74)) - Create EpollEventLoopGroup for client-314AD2D3F4DF; Thread size is 0.
2024-10-09 04:30:05,491 INFO  logging.LoggingHandler (AbstractInternalLogger.java:log(148)) - [id: 0x9a9c3ada, L:/0.0.0.0:15027] READ: [id: 0xdbc14bf2, L:/127.0.0.1:15027 - R:/127.0.0.1:33276]
2024-10-09 04:30:05,491 INFO  logging.LoggingHandler (AbstractInternalLogger.java:log(148)) - [id: 0x9a9c3ada, L:/0.0.0.0:15027] READ COMPLETE
2024-10-09 04:30:05,492 INFO  server.RaftServer (RaftServerProxy.java:addNew(101)) - s12: addNew group-BDFE845AF3B0:[] returns group-BDFE845AF3B0:java.util.concurrent.CompletableFuture@5ec15310[Not completed]
2024-10-09 04:30:05,492 INFO  server.RaftServer$Division (RaftServerImpl.java:<init>(256)) - s12: new RaftServerImpl for group-BDFE845AF3B0:[] with ArithmeticStateMachine:uninitialized
2024-10-09 04:30:05,492 INFO  server.RaftServerConfigKeys (ConfUtils.java:logGet(46)) - raft.server.rpc.timeout.min = 300ms (custom)
2024-10-09 04:30:05,492 INFO  server.RaftServerConfigKeys (ConfUtils.java:logGet(46)) - raft.server.rpc.timeout.max = 600ms (custom)
2024-10-09 04:30:05,492 INFO  server.RaftServerConfigKeys (ConfUtils.java:logGet(46)) - raft.server.rpc.sleep.time = 25ms (default)
2024-10-09 04:30:05,492 INFO  server.RaftServerConfigKeys (ConfUtils.java:logGet(46)) - raft.server.rpc.slowness.timeout = 60s (default)
2024-10-09 04:30:05,493 INFO  server.RaftServerConfigKeys (ConfUtils.java:logGet(46)) - raft.server.leaderelection.leader.step-down.wait-time = 10s (default)
2024-10-09 04:30:05,493 INFO  server.RaftServerConfigKeys (ConfUtils.java:logGet(46)) - raft.server.leaderelection.member.majority-add = false (default)
2024-10-09 04:30:05,493 INFO  server.RaftServerConfigKeys (ConfUtils.java:logGet(46)) - raft.server.sleep.deviation.threshold = 300ms (default)
2024-10-09 04:30:05,493 INFO  server.RaftServer$Division (ServerState.java:<init>(114)) - s12@group-BDFE845AF3B0: ConfigurationManager, init=conf: {index: -1, cur=peers:[]|listeners:[], old=null}, confs=<EMPTY_MAP>
2024-10-09 04:30:05,493 INFO  server.RaftServerConfigKeys (ConfUtils.java:logGet(46)) - raft.server.notification.no-leader.timeout = 60s (default)
2024-10-09 04:30:05,493 INFO  server.RaftServerConfigKeys (ConfUtils.java:logGet(46)) - raft.server.read.timeout = 10s (default)
2024-10-09 04:30:05,493 INFO  server.RaftServerConfigKeys (ConfUtils.java:logGet(46)) - raft.server.retrycache.expirytime = 60s (default)
2024-10-09 04:30:05,493 INFO  server.RaftServerConfigKeys (ConfUtils.java:logGet(46)) - raft.server.retrycache.statistics.expirytime = 100ms (default)
2024-10-09 04:30:05,493 INFO  server.RaftServerConfigKeys (ConfUtils.java:logGet(46)) - raft.server.read.option = DEFAULT (default)
2024-10-09 04:30:05,493 INFO  server.RaftServerConfigKeys (ConfUtils.java:logGet(46)) - raft.server.read.read-after-write-consistent.write-index-cache.expiry-time = 60s (default)
2024-10-09 04:30:05,493 INFO  server.RaftServerConfigKeys (ConfUtils.java:logGet(46)) - raft.server.rpc.request.timeout = 3000ms (default)
2024-10-09 04:30:05,493 INFO  server.RaftServerConfigKeys (ConfUtils.java:logGet(46)) - raft.server.log.appender.install.snapshot.enabled = true (default)
2024-10-09 04:30:05,493 INFO  server.RaftServerConfigKeys (ConfUtils.java:logGet(46)) - raft.server.threadpool.server.cached = true (default)
2024-10-09 04:30:05,493 INFO  server.RaftServerConfigKeys (ConfUtils.java:logGet(46)) - raft.server.threadpool.server.size = 0 (default)
2024-10-09 04:30:05,493 INFO  server.RaftServerConfigKeys (ConfUtils.java:logGet(46)) - raft.server.threadpool.client.cached = true (default)
2024-10-09 04:30:05,493 INFO  server.RaftServerConfigKeys (ConfUtils.java:logGet(46)) - raft.server.threadpool.client.size = 0 (default)
2024-10-09 04:30:05,494 INFO  server.RaftServerConfigKeys (ConfUtils.java:logGet(46)) - raft.server.storage.free-space.min = 0MB (=0) (default)
2024-10-09 04:30:05,494 INFO  server.RaftServerConfigKeys (ConfUtils.java:logGet(46)) - raft.server.log.corruption.policy = EXCEPTION (default)
2024-10-09 04:30:05,494 INFO  server.RaftServerConfigKeys (ConfUtils.java:logGet(46)) - raft.server.storage.dir = [/home/runner/work/ratis/ratis/ratis-examples/target/test/data/6e6e5023/MiniRaftClusterWithNettya4857fb2/s12] (custom)
2024-10-09 04:30:05,494 INFO  storage.RaftStorageDirectory (RaftStorageDirectoryImpl.java:analyzeStorage(138)) - The storage directory /home/runner/work/ratis/ratis/ratis-examples/target/test/data/6e6e5023/MiniRaftClusterWithNettya4857fb2/s12/c491dcd8-cfe1-48dd-9178-bdfe845af3b0 does not exist. Creating ...
2024-10-09 04:30:05,494 TRACE util.FileUtils (LogUtils.java:runAndLog(49)) - Successfully ran Files.createDirectories /home/runner/work/ratis/ratis/ratis-examples/target/test/data/6e6e5023/MiniRaftClusterWithNettya4857fb2/s12/c491dcd8-cfe1-48dd-9178-bdfe845af3b0
2024-10-09 04:30:05,495 INFO  storage.RaftStorageDirectory (RaftStorageDirectoryImpl.java:tryLock(229)) - Lock on /home/runner/work/ratis/ratis/ratis-examples/target/test/data/6e6e5023/MiniRaftClusterWithNettya4857fb2/s12/c491dcd8-cfe1-48dd-9178-bdfe845af3b0/in_use.lock acquired by nodename 14484@fv-az565-744
2024-10-09 04:30:05,495 TRACE util.FileUtils (LogUtils.java:runAndLog(49)) - Successfully ran Files.createDirectories /home/runner/work/ratis/ratis/ratis-examples/target/test/data/6e6e5023/MiniRaftClusterWithNettya4857fb2/s12/c491dcd8-cfe1-48dd-9178-bdfe845af3b0/current
2024-10-09 04:30:05,495 TRACE util.FileUtils (LogUtils.java:runAndLog(49)) - Successfully ran Files.createDirectories /home/runner/work/ratis/ratis/ratis-examples/target/test/data/6e6e5023/MiniRaftClusterWithNettya4857fb2/s12/c491dcd8-cfe1-48dd-9178-bdfe845af3b0/sm
2024-10-09 04:30:05,495 TRACE util.FileUtils (LogUtils.java:supplyAndLog(69)) - Successfully supplied FileChannel.open /home/runner/work/ratis/ratis/ratis-examples/target/test/data/6e6e5023/MiniRaftClusterWithNettya4857fb2/s12/c491dcd8-cfe1-48dd-9178-bdfe845af3b0/current/raft-meta.tmp with options [CREATE, WRITE]: sun.nio.ch.FileChannelImpl@6561013
2024-10-09 04:30:05,497 TRACE util.FileUtils (LogUtils.java:runAndLog(49)) - Successfully ran Atomic Files.move /home/runner/work/ratis/ratis/ratis-examples/target/test/data/6e6e5023/MiniRaftClusterWithNettya4857fb2/s12/c491dcd8-cfe1-48dd-9178-bdfe845af3b0/current/raft-meta.tmp to /home/runner/work/ratis/ratis/ratis-examples/target/test/data/6e6e5023/MiniRaftClusterWithNettya4857fb2/s12/c491dcd8-cfe1-48dd-9178-bdfe845af3b0/current/raft-meta with options [REPLACE_EXISTING]
2024-10-09 04:30:05,497 INFO  storage.RaftStorage (RaftStorageImpl.java:format(98)) - Storage directory /home/runner/work/ratis/ratis/ratis-examples/target/test/data/6e6e5023/MiniRaftClusterWithNettya4857fb2/s12/c491dcd8-cfe1-48dd-9178-bdfe845af3b0 has been successfully formatted.
2024-10-09 04:30:05,497 WARN  statemachine.StateMachine (ArithmeticStateMachine.java:loadSnapshot(115)) - The snapshot info is null.
2024-10-09 04:30:05,497 INFO  server.RaftServerConfigKeys (ConfUtils.java:logGet(46)) - raft.server.log.use.memory = false (default)
2024-10-09 04:30:05,497 INFO  server.RaftServerConfigKeys (ConfUtils.java:logGet(46)) - raft.server.log.purge.gap = 1024 (default)
2024-10-09 04:30:05,497 INFO  server.RaftServerConfigKeys (ConfUtils.java:logGet(46)) - raft.server.log.appender.buffer.byte-limit = 4MB (=4194304) (default)
2024-10-09 04:30:05,497 INFO  server.RaftServerConfigKeys (ConfUtils.java:logGet(46)) - raft.server.log.statemachine.data.read.timeout = 1000ms (default)
2024-10-09 04:30:05,497 INFO  server.RaftServerConfigKeys (ConfUtils.java:logGet(46)) - raft.server.log.purge.preservation.log.num = 0 (default)
2024-10-09 04:30:05,497 INFO  server.RaftServerConfigKeys (ConfUtils.java:logGet(46)) - raft.server.log.segment.size.max = 32MB (=33554432) (default)
2024-10-09 04:30:05,497 INFO  server.RaftServerConfigKeys (ConfUtils.java:logGet(46)) - raft.server.log.segment.cache.num.max = 6 (default)
2024-10-09 04:30:05,498 INFO  server.RaftServerConfigKeys (ConfUtils.java:logGet(46)) - raft.server.log.segment.cache.size.max = 200MB (=209715200) (default)
2024-10-09 04:30:05,498 INFO  server.RaftServerConfigKeys (ConfUtils.java:logGet(46)) - raft.server.log.appender.buffer.byte-limit = 4MB (=4194304) (default)
2024-10-09 04:30:05,498 INFO  util.AwaitToRun (AwaitToRun.java:start(81)) - Thread[s12@group-BDFE845AF3B0-cacheEviction-AwaitToRun,5,main] started
2024-10-09 04:30:05,498 INFO  segmented.SegmentedRaftLogWorker (SegmentedRaftLogWorker.java:<init>(187)) - new s12@group-BDFE845AF3B0-SegmentedRaftLogWorker for RaftStorageImpl:Storage Directory /home/runner/work/ratis/ratis/ratis-examples/target/test/data/6e6e5023/MiniRaftClusterWithNettya4857fb2/s12/c491dcd8-cfe1-48dd-9178-bdfe845af3b0
2024-10-09 04:30:05,498 INFO  server.RaftServerConfigKeys (ConfUtils.java:logGet(46)) - raft.server.log.queue.byte-limit = 64MB (=67108864) (default)
2024-10-09 04:30:05,498 INFO  server.RaftServerConfigKeys (ConfUtils.java:logGet(46)) - raft.server.log.queue.element-limit = 4096 (default)
2024-10-09 04:30:05,498 INFO  server.RaftServerConfigKeys (ConfUtils.java:logGet(46)) - raft.server.log.segment.size.max = 32MB (=33554432) (default)
2024-10-09 04:30:05,498 INFO  server.RaftServerConfigKeys (ConfUtils.java:logGet(46)) - raft.server.log.preallocated.size = 4MB (=4194304) (default)
2024-10-09 04:30:05,498 INFO  server.RaftServerConfigKeys (ConfUtils.java:logGet(46)) - raft.server.log.force.sync.num = 128 (default)
2024-10-09 04:30:05,498 INFO  server.RaftServerConfigKeys (ConfUtils.java:logGet(46)) - raft.server.log.statemachine.data.sync = true (default)
2024-10-09 04:30:05,498 INFO  server.RaftServerConfigKeys (ConfUtils.java:logGet(46)) - raft.server.log.statemachine.data.sync.timeout = 10s (default)
2024-10-09 04:30:05,498 INFO  server.RaftServerConfigKeys (ConfUtils.java:logGet(46)) - raft.server.log.statemachine.data.sync.timeout.retry = -1 (default)
2024-10-09 04:30:05,499 INFO  server.RaftServerConfigKeys (ConfUtils.java:logGet(46)) - raft.server.log.write.buffer.size = 8MB (=8388608) (default)
2024-10-09 04:30:05,499 INFO  server.RaftServerConfigKeys (ConfUtils.java:logGet(46)) - raft.server.log.appender.buffer.byte-limit = 4MB (=4194304) (default)
2024-10-09 04:30:05,499 INFO  server.RaftServerConfigKeys (ConfUtils.java:logGet(46)) - raft.server.log.unsafe-flush.enabled = false (default)
2024-10-09 04:30:05,499 INFO  server.RaftServerConfigKeys (ConfUtils.java:logGet(46)) - raft.server.log.async-flush.enabled = false (default)
2024-10-09 04:30:05,499 INFO  server.RaftServerConfigKeys (ConfUtils.java:logGet(46)) - raft.server.log.statemachine.data.caching.enabled = false (default)
2024-10-09 04:30:05,499 INFO  segmented.SegmentedRaftLogWorker (SegmentedRaftLogWorker.java:lambda$new$0(138)) - s12@group-BDFE845AF3B0-SegmentedRaftLogWorker: flushIndex: setUnconditionally 0 -> -1
2024-10-09 04:30:05,499 INFO  segmented.SegmentedRaftLogWorker (SegmentedRaftLogWorker.java:lambda$new$0(138)) - s12@group-BDFE845AF3B0-SegmentedRaftLogWorker: safeCacheEvictIndex: setUnconditionally 0 -> -1
2024-10-09 04:30:05,500 INFO  server.RaftServer$Division (RaftServerImpl.java:start(398)) - s12@group-BDFE845AF3B0: start with initializing state, conf=conf: {index: -1, cur=peers:[]|listeners:[], old=null}
2024-10-09 04:30:05,500 INFO  server.RaftServer$Division (RaftServerImpl.java:setRole(379)) - s12@group-BDFE845AF3B0: changes role from      null to FOLLOWER at term 0 for start
2024-10-09 04:30:05,500 INFO  util.JmxRegister (JmxRegister.java:tryRegister(44)) - Successfully registered JMX Bean with object name Ratis:service=RaftServer,group=group-BDFE845AF3B0,id=s12
2024-10-09 04:30:05,500 INFO  util.JmxRegister (JmxRegister.java:register(58)) - register mxBean class org.apache.ratis.server.impl.RaftServerJmxAdapter as Ratis:service=RaftServer,group=group-BDFE845AF3B0,id=s12
2024-10-09 04:30:05,500 INFO  server.RaftServerConfigKeys (ConfUtils.java:logGet(46)) - raft.server.snapshot.trigger-when-stop.enabled = true (default)
2024-10-09 04:30:05,500 INFO  server.RaftServerConfigKeys (ConfUtils.java:logGet(46)) - raft.server.snapshot.trigger-when-remove.enabled = true (default)
2024-10-09 04:30:05,500 INFO  server.RaftServerConfigKeys (ConfUtils.java:logGet(46)) - raft.server.snapshot.auto.trigger.enabled = false (default)
2024-10-09 04:30:05,500 INFO  server.RaftServerConfigKeys (ConfUtils.java:logGet(46)) - raft.server.snapshot.retention.file.num = -1 (default)
2024-10-09 04:30:05,500 INFO  server.RaftServerConfigKeys (ConfUtils.java:logGet(46)) - raft.server.log.purge.upto.snapshot.index = false (default)
2024-10-09 04:30:05,502 INFO  impl.GroupManagementBaseTest (GroupManagementBaseTest.java:runMultiGroupTest(322)) - 2) groupAdd: printing group-9A0367B0C765
2024-10-09 04:30:05,502 INFO  netty.NettyUtils (NettyUtils.java:newEventLoopGroup(74)) - Create EpollEventLoopGroup for client-45BED9AFEEBD; Thread size is 0.
2024-10-09 04:30:05,504 INFO  logging.LoggingHandler (AbstractInternalLogger.java:log(148)) - [id: 0x5c3f3926, L:/0.0.0.0:15018] READ: [id: 0x6eb00d7b, L:/127.0.0.1:15018 - R:/127.0.0.1:55510]
2024-10-09 04:30:05,507 INFO  logging.LoggingHandler (AbstractInternalLogger.java:log(148)) - [id: 0x5c3f3926, L:/0.0.0.0:15018] READ COMPLETE
2024-10-09 04:30:05,507 INFO  server.RaftServer (RaftServerProxy.java:addNew(101)) - s3: addNew group-BDFE845AF3B0:[] returns group-BDFE845AF3B0:java.util.concurrent.CompletableFuture@177c24f6[Not completed]
2024-10-09 04:30:05,507 INFO  server.RaftServer$Division (RaftServerImpl.java:<init>(256)) - s3: new RaftServerImpl for group-BDFE845AF3B0:[] with ArithmeticStateMachine:uninitialized
2024-10-09 04:30:05,507 INFO  server.RaftServerConfigKeys (ConfUtils.java:logGet(46)) - raft.server.rpc.timeout.min = 300ms (custom)
2024-10-09 04:30:05,507 INFO  server.RaftServerConfigKeys (ConfUtils.java:logGet(46)) - raft.server.rpc.timeout.max = 600ms (custom)
2024-10-09 04:30:05,507 INFO  server.RaftServerConfigKeys (ConfUtils.java:logGet(46)) - raft.server.rpc.sleep.time = 25ms (default)
2024-10-09 04:30:05,507 INFO  server.RaftServerConfigKeys (ConfUtils.java:logGet(46)) - raft.server.rpc.slowness.timeout = 60s (default)
2024-10-09 04:30:05,507 INFO  server.RaftServerConfigKeys (ConfUtils.java:logGet(46)) - raft.server.leaderelection.leader.step-down.wait-time = 10s (default)
2024-10-09 04:30:05,507 INFO  server.RaftServerConfigKeys (ConfUtils.java:logGet(46)) - raft.server.leaderelection.member.majority-add = false (default)
2024-10-09 04:30:05,507 INFO  server.RaftServerConfigKeys (ConfUtils.java:logGet(46)) - raft.server.sleep.deviation.threshold = 300ms (default)
2024-10-09 04:30:05,508 INFO  server.RaftServer$Division (ServerState.java:<init>(114)) - s3@group-BDFE845AF3B0: ConfigurationManager, init=conf: {index: -1, cur=peers:[]|listeners:[], old=null}, confs=<EMPTY_MAP>
2024-10-09 04:30:05,508 INFO  server.RaftServerConfigKeys (ConfUtils.java:logGet(46)) - raft.server.notification.no-leader.timeout = 60s (default)
2024-10-09 04:30:05,508 INFO  server.RaftServerConfigKeys (ConfUtils.java:logGet(46)) - raft.server.read.timeout = 10s (default)
2024-10-09 04:30:05,508 INFO  server.RaftServerConfigKeys (ConfUtils.java:logGet(46)) - raft.server.retrycache.expirytime = 60s (default)
2024-10-09 04:30:05,508 INFO  server.RaftServerConfigKeys (ConfUtils.java:logGet(46)) - raft.server.retrycache.statistics.expirytime = 100ms (default)
2024-10-09 04:30:05,508 INFO  server.RaftServerConfigKeys (ConfUtils.java:logGet(46)) - raft.server.read.option = DEFAULT (default)
2024-10-09 04:30:05,508 INFO  server.RaftServerConfigKeys (ConfUtils.java:logGet(46)) - raft.server.read.read-after-write-consistent.write-index-cache.expiry-time = 60s (default)
2024-10-09 04:30:05,508 INFO  server.RaftServerConfigKeys (ConfUtils.java:logGet(46)) - raft.server.rpc.request.timeout = 3000ms (default)
2024-10-09 04:30:05,508 INFO  server.RaftServerConfigKeys (ConfUtils.java:logGet(46)) - raft.server.log.appender.install.snapshot.enabled = true (default)
2024-10-09 04:30:05,508 INFO  server.RaftServerConfigKeys (ConfUtils.java:logGet(46)) - raft.server.threadpool.server.cached = true (default)
2024-10-09 04:30:05,508 INFO  server.RaftServerConfigKeys (ConfUtils.java:logGet(46)) - raft.server.threadpool.server.size = 0 (default)
2024-10-09 04:30:05,508 INFO  server.RaftServerConfigKeys (ConfUtils.java:logGet(46)) - raft.server.threadpool.client.cached = true (default)
2024-10-09 04:30:05,508 INFO  server.RaftServerConfigKeys (ConfUtils.java:logGet(46)) - raft.server.threadpool.client.size = 0 (default)
2024-10-09 04:30:05,508 INFO  server.RaftServerConfigKeys (ConfUtils.java:logGet(46)) - raft.server.storage.free-space.min = 0MB (=0) (default)
2024-10-09 04:30:05,509 INFO  server.RaftServerConfigKeys (ConfUtils.java:logGet(46)) - raft.server.log.corruption.policy = EXCEPTION (default)
2024-10-09 04:30:05,509 INFO  server.RaftServerConfigKeys (ConfUtils.java:logGet(46)) - raft.server.storage.dir = [/home/runner/work/ratis/ratis/ratis-examples/target/test/data/6e6e5023/MiniRaftClusterWithNettya4857fb2/s3] (custom)
2024-10-09 04:30:05,509 INFO  storage.RaftStorageDirectory (RaftStorageDirectoryImpl.java:analyzeStorage(138)) - The storage directory /home/runner/work/ratis/ratis/ratis-examples/target/test/data/6e6e5023/MiniRaftClusterWithNettya4857fb2/s3/c491dcd8-cfe1-48dd-9178-bdfe845af3b0 does not exist. Creating ...
2024-10-09 04:30:05,509 TRACE util.FileUtils (LogUtils.java:runAndLog(49)) - Successfully ran Files.createDirectories /home/runner/work/ratis/ratis/ratis-examples/target/test/data/6e6e5023/MiniRaftClusterWithNettya4857fb2/s3/c491dcd8-cfe1-48dd-9178-bdfe845af3b0
2024-10-09 04:30:05,510 INFO  storage.RaftStorageDirectory (RaftStorageDirectoryImpl.java:tryLock(229)) - Lock on /home/runner/work/ratis/ratis/ratis-examples/target/test/data/6e6e5023/MiniRaftClusterWithNettya4857fb2/s3/c491dcd8-cfe1-48dd-9178-bdfe845af3b0/in_use.lock acquired by nodename 14484@fv-az565-744
2024-10-09 04:30:05,510 TRACE util.FileUtils (LogUtils.java:runAndLog(49)) - Successfully ran Files.createDirectories /home/runner/work/ratis/ratis/ratis-examples/target/test/data/6e6e5023/MiniRaftClusterWithNettya4857fb2/s3/c491dcd8-cfe1-48dd-9178-bdfe845af3b0/current
2024-10-09 04:30:05,510 TRACE util.FileUtils (LogUtils.java:runAndLog(49)) - Successfully ran Files.createDirectories /home/runner/work/ratis/ratis/ratis-examples/target/test/data/6e6e5023/MiniRaftClusterWithNettya4857fb2/s3/c491dcd8-cfe1-48dd-9178-bdfe845af3b0/sm
2024-10-09 04:30:05,510 TRACE util.FileUtils (LogUtils.java:supplyAndLog(69)) - Successfully supplied FileChannel.open /home/runner/work/ratis/ratis/ratis-examples/target/test/data/6e6e5023/MiniRaftClusterWithNettya4857fb2/s3/c491dcd8-cfe1-48dd-9178-bdfe845af3b0/current/raft-meta.tmp with options [CREATE, WRITE]: sun.nio.ch.FileChannelImpl@10ce51cb
2024-10-09 04:30:05,511 TRACE util.FileUtils (LogUtils.java:runAndLog(49)) - Successfully ran Atomic Files.move /home/runner/work/ratis/ratis/ratis-examples/target/test/data/6e6e5023/MiniRaftClusterWithNettya4857fb2/s3/c491dcd8-cfe1-48dd-9178-bdfe845af3b0/current/raft-meta.tmp to /home/runner/work/ratis/ratis/ratis-examples/target/test/data/6e6e5023/MiniRaftClusterWithNettya4857fb2/s3/c491dcd8-cfe1-48dd-9178-bdfe845af3b0/current/raft-meta with options [REPLACE_EXISTING]
2024-10-09 04:30:05,511 INFO  storage.RaftStorage (RaftStorageImpl.java:format(98)) - Storage directory /home/runner/work/ratis/ratis/ratis-examples/target/test/data/6e6e5023/MiniRaftClusterWithNettya4857fb2/s3/c491dcd8-cfe1-48dd-9178-bdfe845af3b0 has been successfully formatted.
2024-10-09 04:30:05,511 WARN  statemachine.StateMachine (ArithmeticStateMachine.java:loadSnapshot(115)) - The snapshot info is null.
2024-10-09 04:30:05,511 INFO  server.RaftServerConfigKeys (ConfUtils.java:logGet(46)) - raft.server.log.use.memory = false (default)
2024-10-09 04:30:05,511 INFO  server.RaftServerConfigKeys (ConfUtils.java:logGet(46)) - raft.server.log.purge.gap = 1024 (default)
2024-10-09 04:30:05,511 INFO  server.RaftServerConfigKeys (ConfUtils.java:logGet(46)) - raft.server.log.appender.buffer.byte-limit = 4MB (=4194304) (default)
2024-10-09 04:30:05,511 INFO  server.RaftServerConfigKeys (ConfUtils.java:logGet(46)) - raft.server.log.statemachine.data.read.timeout = 1000ms (default)
2024-10-09 04:30:05,511 INFO  server.RaftServerConfigKeys (ConfUtils.java:logGet(46)) - raft.server.log.purge.preservation.log.num = 0 (default)
2024-10-09 04:30:05,512 INFO  server.RaftServerConfigKeys (ConfUtils.java:logGet(46)) - raft.server.log.segment.size.max = 32MB (=33554432) (default)
2024-10-09 04:30:05,512 INFO  server.RaftServerConfigKeys (ConfUtils.java:logGet(46)) - raft.server.log.segment.cache.num.max = 6 (default)
2024-10-09 04:30:05,512 INFO  server.RaftServerConfigKeys (ConfUtils.java:logGet(46)) - raft.server.log.segment.cache.size.max = 200MB (=209715200) (default)
2024-10-09 04:30:05,512 INFO  server.RaftServerConfigKeys (ConfUtils.java:logGet(46)) - raft.server.log.appender.buffer.byte-limit = 4MB (=4194304) (default)
2024-10-09 04:30:05,512 INFO  util.AwaitToRun (AwaitToRun.java:start(81)) - Thread[s3@group-BDFE845AF3B0-cacheEviction-AwaitToRun,5,main] started
2024-10-09 04:30:05,512 INFO  segmented.SegmentedRaftLogWorker (SegmentedRaftLogWorker.java:<init>(187)) - new s3@group-BDFE845AF3B0-SegmentedRaftLogWorker for RaftStorageImpl:Storage Directory /home/runner/work/ratis/ratis/ratis-examples/target/test/data/6e6e5023/MiniRaftClusterWithNettya4857fb2/s3/c491dcd8-cfe1-48dd-9178-bdfe845af3b0
2024-10-09 04:30:05,512 INFO  server.RaftServerConfigKeys (ConfUtils.java:logGet(46)) - raft.server.log.queue.byte-limit = 64MB (=67108864) (default)
2024-10-09 04:30:05,512 INFO  server.RaftServerConfigKeys (ConfUtils.java:logGet(46)) - raft.server.log.queue.element-limit = 4096 (default)
2024-10-09 04:30:05,512 INFO  server.RaftServerConfigKeys (ConfUtils.java:logGet(46)) - raft.server.log.segment.size.max = 32MB (=33554432) (default)
2024-10-09 04:30:05,512 INFO  server.RaftServerConfigKeys (ConfUtils.java:logGet(46)) - raft.server.log.preallocated.size = 4MB (=4194304) (default)
2024-10-09 04:30:05,512 INFO  server.RaftServerConfigKeys (ConfUtils.java:logGet(46)) - raft.server.log.force.sync.num = 128 (default)
2024-10-09 04:30:05,512 INFO  server.RaftServerConfigKeys (ConfUtils.java:logGet(46)) - raft.server.log.statemachine.data.sync = true (default)
2024-10-09 04:30:05,512 INFO  server.RaftServerConfigKeys (ConfUtils.java:logGet(46)) - raft.server.log.statemachine.data.sync.timeout = 10s (default)
2024-10-09 04:30:05,512 INFO  server.RaftServerConfigKeys (ConfUtils.java:logGet(46)) - raft.server.log.statemachine.data.sync.timeout.retry = -1 (default)
2024-10-09 04:30:05,513 INFO  server.RaftServerConfigKeys (ConfUtils.java:logGet(46)) - raft.server.log.write.buffer.size = 8MB (=8388608) (default)
2024-10-09 04:30:05,513 INFO  server.RaftServerConfigKeys (ConfUtils.java:logGet(46)) - raft.server.log.appender.buffer.byte-limit = 4MB (=4194304) (default)
2024-10-09 04:30:05,513 INFO  server.RaftServerConfigKeys (ConfUtils.java:logGet(46)) - raft.server.log.unsafe-flush.enabled = false (default)
2024-10-09 04:30:05,513 INFO  server.RaftServerConfigKeys (ConfUtils.java:logGet(46)) - raft.server.log.async-flush.enabled = false (default)
2024-10-09 04:30:05,513 INFO  server.RaftServerConfigKeys (ConfUtils.java:logGet(46)) - raft.server.log.statemachine.data.caching.enabled = false (default)
2024-10-09 04:30:05,513 INFO  segmented.SegmentedRaftLogWorker (SegmentedRaftLogWorker.java:lambda$new$0(138)) - s3@group-BDFE845AF3B0-SegmentedRaftLogWorker: flushIndex: setUnconditionally 0 -> -1
2024-10-09 04:30:05,513 INFO  segmented.SegmentedRaftLogWorker (SegmentedRaftLogWorker.java:lambda$new$0(138)) - s3@group-BDFE845AF3B0-SegmentedRaftLogWorker: safeCacheEvictIndex: setUnconditionally 0 -> -1
2024-10-09 04:30:05,514 INFO  server.RaftServer$Division (RaftServerImpl.java:start(398)) - s3@group-BDFE845AF3B0: start with initializing state, conf=conf: {index: -1, cur=peers:[]|listeners:[], old=null}
2024-10-09 04:30:05,514 INFO  server.RaftServer$Division (RaftServerImpl.java:setRole(379)) - s3@group-BDFE845AF3B0: changes role from      null to FOLLOWER at term 0 for start
2024-10-09 04:30:05,514 INFO  util.JmxRegister (JmxRegister.java:tryRegister(44)) - Successfully registered JMX Bean with object name Ratis:service=RaftServer,group=group-BDFE845AF3B0,id=s3
2024-10-09 04:30:05,514 INFO  util.JmxRegister (JmxRegister.java:register(58)) - register mxBean class org.apache.ratis.server.impl.RaftServerJmxAdapter as Ratis:service=RaftServer,group=group-BDFE845AF3B0,id=s3
2024-10-09 04:30:05,514 INFO  server.RaftServerConfigKeys (ConfUtils.java:logGet(46)) - raft.server.snapshot.trigger-when-stop.enabled = true (default)
2024-10-09 04:30:05,514 INFO  server.RaftServerConfigKeys (ConfUtils.java:logGet(46)) - raft.server.snapshot.trigger-when-remove.enabled = true (default)
2024-10-09 04:30:05,514 INFO  server.RaftServerConfigKeys (ConfUtils.java:logGet(46)) - raft.server.snapshot.auto.trigger.enabled = false (default)
2024-10-09 04:30:05,514 INFO  server.RaftServerConfigKeys (ConfUtils.java:logGet(46)) - raft.server.snapshot.retention.file.num = -1 (default)
2024-10-09 04:30:05,514 INFO  server.RaftServerConfigKeys (ConfUtils.java:logGet(46)) - raft.server.log.purge.upto.snapshot.index = false (default)
2024-10-09 04:30:05,523 INFO  netty.NettyUtils (NettyUtils.java:newEventLoopGroup(74)) - Create EpollEventLoopGroup for client-20810584883B; Thread size is 0.
2024-10-09 04:30:05,524 INFO  logging.LoggingHandler (AbstractInternalLogger.java:log(148)) - [id: 0xbcbaa10e, L:/0.0.0.0:15029] READ: [id: 0x95afee9a, L:/127.0.0.1:15029 - R:/127.0.0.1:37888]
2024-10-09 04:30:05,525 INFO  logging.LoggingHandler (AbstractInternalLogger.java:log(148)) - [id: 0xbcbaa10e, L:/0.0.0.0:15029] READ COMPLETE
2024-10-09 04:30:05,525 INFO  server.RaftServer (RaftServerProxy.java:addNew(101)) - s14: addNew group-BDFE845AF3B0:[] returns group-BDFE845AF3B0:java.util.concurrent.CompletableFuture@41abdac0[Not completed]
2024-10-09 04:30:05,525 INFO  server.RaftServer$Division (RaftServerImpl.java:<init>(256)) - s14: new RaftServerImpl for group-BDFE845AF3B0:[] with ArithmeticStateMachine:uninitialized
2024-10-09 04:30:05,525 INFO  server.RaftServerConfigKeys (ConfUtils.java:logGet(46)) - raft.server.rpc.timeout.min = 300ms (custom)
2024-10-09 04:30:05,525 INFO  server.RaftServerConfigKeys (ConfUtils.java:logGet(46)) - raft.server.rpc.timeout.max = 600ms (custom)
2024-10-09 04:30:05,525 INFO  server.RaftServerConfigKeys (ConfUtils.java:logGet(46)) - raft.server.rpc.sleep.time = 25ms (default)
2024-10-09 04:30:05,525 INFO  server.RaftServerConfigKeys (ConfUtils.java:logGet(46)) - raft.server.rpc.slowness.timeout = 60s (default)
2024-10-09 04:30:05,525 INFO  server.RaftServerConfigKeys (ConfUtils.java:logGet(46)) - raft.server.leaderelection.leader.step-down.wait-time = 10s (default)
2024-10-09 04:30:05,525 INFO  server.RaftServerConfigKeys (ConfUtils.java:logGet(46)) - raft.server.leaderelection.member.majority-add = false (default)
2024-10-09 04:30:05,526 INFO  server.RaftServerConfigKeys (ConfUtils.java:logGet(46)) - raft.server.sleep.deviation.threshold = 300ms (default)
2024-10-09 04:30:05,526 INFO  server.RaftServer$Division (ServerState.java:<init>(114)) - s14@group-BDFE845AF3B0: ConfigurationManager, init=conf: {index: -1, cur=peers:[]|listeners:[], old=null}, confs=<EMPTY_MAP>
2024-10-09 04:30:05,526 INFO  server.RaftServerConfigKeys (ConfUtils.java:logGet(46)) - raft.server.notification.no-leader.timeout = 60s (default)
2024-10-09 04:30:05,526 INFO  server.RaftServerConfigKeys (ConfUtils.java:logGet(46)) - raft.server.read.timeout = 10s (default)
2024-10-09 04:30:05,526 INFO  server.RaftServerConfigKeys (ConfUtils.java:logGet(46)) - raft.server.retrycache.expirytime = 60s (default)
2024-10-09 04:30:05,526 INFO  server.RaftServerConfigKeys (ConfUtils.java:logGet(46)) - raft.server.retrycache.statistics.expirytime = 100ms (default)
2024-10-09 04:30:05,526 INFO  server.RaftServerConfigKeys (ConfUtils.java:logGet(46)) - raft.server.read.option = DEFAULT (default)
2024-10-09 04:30:05,526 INFO  server.RaftServerConfigKeys (ConfUtils.java:logGet(46)) - raft.server.read.read-after-write-consistent.write-index-cache.expiry-time = 60s (default)
2024-10-09 04:30:05,526 INFO  server.RaftServerConfigKeys (ConfUtils.java:logGet(46)) - raft.server.rpc.request.timeout = 3000ms (default)
2024-10-09 04:30:05,526 INFO  server.RaftServerConfigKeys (ConfUtils.java:logGet(46)) - raft.server.log.appender.install.snapshot.enabled = true (default)
2024-10-09 04:30:05,526 INFO  server.RaftServerConfigKeys (ConfUtils.java:logGet(46)) - raft.server.threadpool.server.cached = true (default)
2024-10-09 04:30:05,526 INFO  server.RaftServerConfigKeys (ConfUtils.java:logGet(46)) - raft.server.threadpool.server.size = 0 (default)
2024-10-09 04:30:05,526 INFO  server.RaftServerConfigKeys (ConfUtils.java:logGet(46)) - raft.server.threadpool.client.cached = true (default)
2024-10-09 04:30:05,527 INFO  server.RaftServerConfigKeys (ConfUtils.java:logGet(46)) - raft.server.threadpool.client.size = 0 (default)
2024-10-09 04:30:05,527 INFO  server.RaftServerConfigKeys (ConfUtils.java:logGet(46)) - raft.server.storage.free-space.min = 0MB (=0) (default)
2024-10-09 04:30:05,527 INFO  server.RaftServerConfigKeys (ConfUtils.java:logGet(46)) - raft.server.log.corruption.policy = EXCEPTION (default)
2024-10-09 04:30:05,527 INFO  server.RaftServerConfigKeys (ConfUtils.java:logGet(46)) - raft.server.storage.dir = [/home/runner/work/ratis/ratis/ratis-examples/target/test/data/6e6e5023/MiniRaftClusterWithNettya4857fb2/s14] (custom)
2024-10-09 04:30:05,527 INFO  storage.RaftStorageDirectory (RaftStorageDirectoryImpl.java:analyzeStorage(138)) - The storage directory /home/runner/work/ratis/ratis/ratis-examples/target/test/data/6e6e5023/MiniRaftClusterWithNettya4857fb2/s14/c491dcd8-cfe1-48dd-9178-bdfe845af3b0 does not exist. Creating ...
2024-10-09 04:30:05,527 TRACE util.FileUtils (LogUtils.java:runAndLog(49)) - Successfully ran Files.createDirectories /home/runner/work/ratis/ratis/ratis-examples/target/test/data/6e6e5023/MiniRaftClusterWithNettya4857fb2/s14/c491dcd8-cfe1-48dd-9178-bdfe845af3b0
2024-10-09 04:30:05,528 INFO  storage.RaftStorageDirectory (RaftStorageDirectoryImpl.java:tryLock(229)) - Lock on /home/runner/work/ratis/ratis/ratis-examples/target/test/data/6e6e5023/MiniRaftClusterWithNettya4857fb2/s14/c491dcd8-cfe1-48dd-9178-bdfe845af3b0/in_use.lock acquired by nodename 14484@fv-az565-744
2024-10-09 04:30:05,528 TRACE util.FileUtils (LogUtils.java:runAndLog(49)) - Successfully ran Files.createDirectories /home/runner/work/ratis/ratis/ratis-examples/target/test/data/6e6e5023/MiniRaftClusterWithNettya4857fb2/s14/c491dcd8-cfe1-48dd-9178-bdfe845af3b0/current
2024-10-09 04:30:05,528 TRACE util.FileUtils (LogUtils.java:runAndLog(49)) - Successfully ran Files.createDirectories /home/runner/work/ratis/ratis/ratis-examples/target/test/data/6e6e5023/MiniRaftClusterWithNettya4857fb2/s14/c491dcd8-cfe1-48dd-9178-bdfe845af3b0/sm
2024-10-09 04:30:05,528 TRACE util.FileUtils (LogUtils.java:supplyAndLog(69)) - Successfully supplied FileChannel.open /home/runner/work/ratis/ratis/ratis-examples/target/test/data/6e6e5023/MiniRaftClusterWithNettya4857fb2/s14/c491dcd8-cfe1-48dd-9178-bdfe845af3b0/current/raft-meta.tmp with options [CREATE, WRITE]: sun.nio.ch.FileChannelImpl@214d4f4b
2024-10-09 04:30:05,530 TRACE util.FileUtils (LogUtils.java:runAndLog(49)) - Successfully ran Atomic Files.move /home/runner/work/ratis/ratis/ratis-examples/target/test/data/6e6e5023/MiniRaftClusterWithNettya4857fb2/s14/c491dcd8-cfe1-48dd-9178-bdfe845af3b0/current/raft-meta.tmp to /home/runner/work/ratis/ratis/ratis-examples/target/test/data/6e6e5023/MiniRaftClusterWithNettya4857fb2/s14/c491dcd8-cfe1-48dd-9178-bdfe845af3b0/current/raft-meta with options [REPLACE_EXISTING]
2024-10-09 04:30:05,530 INFO  storage.RaftStorage (RaftStorageImpl.java:format(98)) - Storage directory /home/runner/work/ratis/ratis/ratis-examples/target/test/data/6e6e5023/MiniRaftClusterWithNettya4857fb2/s14/c491dcd8-cfe1-48dd-9178-bdfe845af3b0 has been successfully formatted.
2024-10-09 04:30:05,530 WARN  statemachine.StateMachine (ArithmeticStateMachine.java:loadSnapshot(115)) - The snapshot info is null.
2024-10-09 04:30:05,530 INFO  server.RaftServerConfigKeys (ConfUtils.java:logGet(46)) - raft.server.log.use.memory = false (default)
2024-10-09 04:30:05,530 INFO  server.RaftServerConfigKeys (ConfUtils.java:logGet(46)) - raft.server.log.purge.gap = 1024 (default)
2024-10-09 04:30:05,530 INFO  server.RaftServerConfigKeys (ConfUtils.java:logGet(46)) - raft.server.log.appender.buffer.byte-limit = 4MB (=4194304) (default)
2024-10-09 04:30:05,530 INFO  server.RaftServerConfigKeys (ConfUtils.java:logGet(46)) - raft.server.log.statemachine.data.read.timeout = 1000ms (default)
2024-10-09 04:30:05,530 INFO  server.RaftServerConfigKeys (ConfUtils.java:logGet(46)) - raft.server.log.purge.preservation.log.num = 0 (default)
2024-10-09 04:30:05,530 INFO  server.RaftServerConfigKeys (ConfUtils.java:logGet(46)) - raft.server.log.segment.size.max = 32MB (=33554432) (default)
2024-10-09 04:30:05,530 INFO  server.RaftServerConfigKeys (ConfUtils.java:logGet(46)) - raft.server.log.segment.cache.num.max = 6 (default)
2024-10-09 04:30:05,530 INFO  server.RaftServerConfigKeys (ConfUtils.java:logGet(46)) - raft.server.log.segment.cache.size.max = 200MB (=209715200) (default)
2024-10-09 04:30:05,530 INFO  server.RaftServerConfigKeys (ConfUtils.java:logGet(46)) - raft.server.log.appender.buffer.byte-limit = 4MB (=4194304) (default)
2024-10-09 04:30:05,531 INFO  util.AwaitToRun (AwaitToRun.java:start(81)) - Thread[s14@group-BDFE845AF3B0-cacheEviction-AwaitToRun,5,main] started
2024-10-09 04:30:05,531 INFO  segmented.SegmentedRaftLogWorker (SegmentedRaftLogWorker.java:<init>(187)) - new s14@group-BDFE845AF3B0-SegmentedRaftLogWorker for RaftStorageImpl:Storage Directory /home/runner/work/ratis/ratis/ratis-examples/target/test/data/6e6e5023/MiniRaftClusterWithNettya4857fb2/s14/c491dcd8-cfe1-48dd-9178-bdfe845af3b0
2024-10-09 04:30:05,531 INFO  server.RaftServerConfigKeys (ConfUtils.java:logGet(46)) - raft.server.log.queue.byte-limit = 64MB (=67108864) (default)
2024-10-09 04:30:05,531 INFO  server.RaftServerConfigKeys (ConfUtils.java:logGet(46)) - raft.server.log.queue.element-limit = 4096 (default)
2024-10-09 04:30:05,531 INFO  server.RaftServerConfigKeys (ConfUtils.java:logGet(46)) - raft.server.log.segment.size.max = 32MB (=33554432) (default)
2024-10-09 04:30:05,531 INFO  server.RaftServerConfigKeys (ConfUtils.java:logGet(46)) - raft.server.log.preallocated.size = 4MB (=4194304) (default)
2024-10-09 04:30:05,531 INFO  server.RaftServerConfigKeys (ConfUtils.java:logGet(46)) - raft.server.log.force.sync.num = 128 (default)
2024-10-09 04:30:05,531 INFO  server.RaftServerConfigKeys (ConfUtils.java:logGet(46)) - raft.server.log.statemachine.data.sync = true (default)
2024-10-09 04:30:05,531 INFO  server.RaftServerConfigKeys (ConfUtils.java:logGet(46)) - raft.server.log.statemachine.data.sync.timeout = 10s (default)
2024-10-09 04:30:05,531 INFO  server.RaftServerConfigKeys (ConfUtils.java:logGet(46)) - raft.server.log.statemachine.data.sync.timeout.retry = -1 (default)
2024-10-09 04:30:05,531 INFO  server.RaftServerConfigKeys (ConfUtils.java:logGet(46)) - raft.server.log.write.buffer.size = 8MB (=8388608) (default)
2024-10-09 04:30:05,532 INFO  server.RaftServerConfigKeys (ConfUtils.java:logGet(46)) - raft.server.log.appender.buffer.byte-limit = 4MB (=4194304) (default)
2024-10-09 04:30:05,532 INFO  server.RaftServerConfigKeys (ConfUtils.java:logGet(46)) - raft.server.log.unsafe-flush.enabled = false (default)
2024-10-09 04:30:05,532 INFO  server.RaftServerConfigKeys (ConfUtils.java:logGet(46)) - raft.server.log.async-flush.enabled = false (default)
2024-10-09 04:30:05,532 INFO  server.RaftServerConfigKeys (ConfUtils.java:logGet(46)) - raft.server.log.statemachine.data.caching.enabled = false (default)
2024-10-09 04:30:05,532 INFO  segmented.SegmentedRaftLogWorker (SegmentedRaftLogWorker.java:lambda$new$0(138)) - s14@group-BDFE845AF3B0-SegmentedRaftLogWorker: flushIndex: setUnconditionally 0 -> -1
2024-10-09 04:30:05,532 INFO  segmented.SegmentedRaftLogWorker (SegmentedRaftLogWorker.java:lambda$new$0(138)) - s14@group-BDFE845AF3B0-SegmentedRaftLogWorker: safeCacheEvictIndex: setUnconditionally 0 -> -1
2024-10-09 04:30:05,533 INFO  server.RaftServer$Division (RaftServerImpl.java:start(398)) - s14@group-BDFE845AF3B0: start with initializing state, conf=conf: {index: -1, cur=peers:[]|listeners:[], old=null}
2024-10-09 04:30:05,533 INFO  server.RaftServer$Division (RaftServerImpl.java:setRole(379)) - s14@group-BDFE845AF3B0: changes role from      null to FOLLOWER at term 0 for start
2024-10-09 04:30:05,533 INFO  util.JmxRegister (JmxRegister.java:tryRegister(44)) - Successfully registered JMX Bean with object name Ratis:service=RaftServer,group=group-BDFE845AF3B0,id=s14
2024-10-09 04:30:05,533 INFO  util.JmxRegister (JmxRegister.java:register(58)) - register mxBean class org.apache.ratis.server.impl.RaftServerJmxAdapter as Ratis:service=RaftServer,group=group-BDFE845AF3B0,id=s14
2024-10-09 04:30:05,533 INFO  server.RaftServerConfigKeys (ConfUtils.java:logGet(46)) - raft.server.snapshot.trigger-when-stop.enabled = true (default)
2024-10-09 04:30:05,533 INFO  server.RaftServerConfigKeys (ConfUtils.java:logGet(46)) - raft.server.snapshot.trigger-when-remove.enabled = true (default)
2024-10-09 04:30:05,533 INFO  server.RaftServerConfigKeys (ConfUtils.java:logGet(46)) - raft.server.snapshot.auto.trigger.enabled = false (default)
2024-10-09 04:30:05,533 INFO  server.RaftServerConfigKeys (ConfUtils.java:logGet(46)) - raft.server.snapshot.retention.file.num = -1 (default)
2024-10-09 04:30:05,533 INFO  server.RaftServerConfigKeys (ConfUtils.java:logGet(46)) - raft.server.log.purge.upto.snapshot.index = false (default)
2024-10-09 04:30:05,551 INFO  netty.NettyUtils (NettyUtils.java:newEventLoopGroup(74)) - Create EpollEventLoopGroup for client-5B2BED2F8446; Thread size is 0.
2024-10-09 04:30:05,552 INFO  logging.LoggingHandler (AbstractInternalLogger.java:log(148)) - [id: 0x3e38b2f8, L:/0.0.0.0:15017] READ: [id: 0xa92bb208, L:/127.0.0.1:15017 - R:/127.0.0.1:45702]
2024-10-09 04:30:05,552 INFO  logging.LoggingHandler (AbstractInternalLogger.java:log(148)) - [id: 0x3e38b2f8, L:/0.0.0.0:15017] READ COMPLETE
2024-10-09 04:30:05,553 INFO  server.RaftServer$Division (RaftServerImpl.java:<init>(256)) - s2: new RaftServerImpl for group-BDFE845AF3B0:[] with ArithmeticStateMachine:uninitialized
2024-10-09 04:30:05,553 INFO  server.RaftServerConfigKeys (ConfUtils.java:logGet(46)) - raft.server.rpc.timeout.min = 300ms (custom)
2024-10-09 04:30:05,553 INFO  server.RaftServerConfigKeys (ConfUtils.java:logGet(46)) - raft.server.rpc.timeout.max = 600ms (custom)
2024-10-09 04:30:05,553 INFO  server.RaftServerConfigKeys (ConfUtils.java:logGet(46)) - raft.server.rpc.sleep.time = 25ms (default)
2024-10-09 04:30:05,553 INFO  server.RaftServerConfigKeys (ConfUtils.java:logGet(46)) - raft.server.rpc.slowness.timeout = 60s (default)
2024-10-09 04:30:05,553 INFO  server.RaftServerConfigKeys (ConfUtils.java:logGet(46)) - raft.server.leaderelection.leader.step-down.wait-time = 10s (default)
2024-10-09 04:30:05,553 INFO  server.RaftServerConfigKeys (ConfUtils.java:logGet(46)) - raft.server.leaderelection.member.majority-add = false (default)
2024-10-09 04:30:05,553 INFO  server.RaftServerConfigKeys (ConfUtils.java:logGet(46)) - raft.server.sleep.deviation.threshold = 300ms (default)
2024-10-09 04:30:05,553 INFO  server.RaftServer$Division (ServerState.java:<init>(114)) - s2@group-BDFE845AF3B0: ConfigurationManager, init=conf: {index: -1, cur=peers:[]|listeners:[], old=null}, confs=<EMPTY_MAP>
2024-10-09 04:30:05,553 INFO  server.RaftServerConfigKeys (ConfUtils.java:logGet(46)) - raft.server.notification.no-leader.timeout = 60s (default)
2024-10-09 04:30:05,553 INFO  server.RaftServerConfigKeys (ConfUtils.java:logGet(46)) - raft.server.read.timeout = 10s (default)
2024-10-09 04:30:05,553 INFO  server.RaftServerConfigKeys (ConfUtils.java:logGet(46)) - raft.server.retrycache.expirytime = 60s (default)
2024-10-09 04:30:05,553 INFO  server.RaftServerConfigKeys (ConfUtils.java:logGet(46)) - raft.server.retrycache.statistics.expirytime = 100ms (default)
2024-10-09 04:30:05,553 INFO  server.RaftServerConfigKeys (ConfUtils.java:logGet(46)) - raft.server.read.option = DEFAULT (default)
2024-10-09 04:30:05,554 INFO  server.RaftServerConfigKeys (ConfUtils.java:logGet(46)) - raft.server.read.read-after-write-consistent.write-index-cache.expiry-time = 60s (default)
2024-10-09 04:30:05,554 INFO  server.RaftServerConfigKeys (ConfUtils.java:logGet(46)) - raft.server.rpc.request.timeout = 3000ms (default)
2024-10-09 04:30:05,554 INFO  server.RaftServerConfigKeys (ConfUtils.java:logGet(46)) - raft.server.log.appender.install.snapshot.enabled = true (default)
2024-10-09 04:30:05,554 INFO  server.RaftServerConfigKeys (ConfUtils.java:logGet(46)) - raft.server.threadpool.server.cached = true (default)
2024-10-09 04:30:05,554 INFO  server.RaftServerConfigKeys (ConfUtils.java:logGet(46)) - raft.server.threadpool.server.size = 0 (default)
2024-10-09 04:30:05,554 INFO  server.RaftServerConfigKeys (ConfUtils.java:logGet(46)) - raft.server.threadpool.client.cached = true (default)
2024-10-09 04:30:05,554 INFO  server.RaftServerConfigKeys (ConfUtils.java:logGet(46)) - raft.server.threadpool.client.size = 0 (default)
2024-10-09 04:30:05,554 INFO  server.RaftServer (RaftServerProxy.java:addNew(101)) - s2: addNew group-BDFE845AF3B0:[] returns      null s2@group-BDFE845AF3B0:t0, leader=null, voted=null, raftlog=UNINITIALIZED, conf=conf: {index: -1, cur=peers:[]|listeners:[], old=null} NEW
2024-10-09 04:30:05,554 INFO  server.RaftServerConfigKeys (ConfUtils.java:logGet(46)) - raft.server.storage.free-space.min = 0MB (=0) (default)
2024-10-09 04:30:05,554 INFO  server.RaftServerConfigKeys (ConfUtils.java:logGet(46)) - raft.server.log.corruption.policy = EXCEPTION (default)
2024-10-09 04:30:05,554 INFO  server.RaftServerConfigKeys (ConfUtils.java:logGet(46)) - raft.server.storage.dir = [/home/runner/work/ratis/ratis/ratis-examples/target/test/data/6e6e5023/MiniRaftClusterWithNettya4857fb2/s2] (custom)
2024-10-09 04:30:05,555 INFO  storage.RaftStorageDirectory (RaftStorageDirectoryImpl.java:analyzeStorage(138)) - The storage directory /home/runner/work/ratis/ratis/ratis-examples/target/test/data/6e6e5023/MiniRaftClusterWithNettya4857fb2/s2/c491dcd8-cfe1-48dd-9178-bdfe845af3b0 does not exist. Creating ...
2024-10-09 04:30:05,555 TRACE util.FileUtils (LogUtils.java:runAndLog(49)) - Successfully ran Files.createDirectories /home/runner/work/ratis/ratis/ratis-examples/target/test/data/6e6e5023/MiniRaftClusterWithNettya4857fb2/s2/c491dcd8-cfe1-48dd-9178-bdfe845af3b0
2024-10-09 04:30:05,556 INFO  storage.RaftStorageDirectory (RaftStorageDirectoryImpl.java:tryLock(229)) - Lock on /home/runner/work/ratis/ratis/ratis-examples/target/test/data/6e6e5023/MiniRaftClusterWithNettya4857fb2/s2/c491dcd8-cfe1-48dd-9178-bdfe845af3b0/in_use.lock acquired by nodename 14484@fv-az565-744
2024-10-09 04:30:05,556 TRACE util.FileUtils (LogUtils.java:runAndLog(49)) - Successfully ran Files.createDirectories /home/runner/work/ratis/ratis/ratis-examples/target/test/data/6e6e5023/MiniRaftClusterWithNettya4857fb2/s2/c491dcd8-cfe1-48dd-9178-bdfe845af3b0/current
2024-10-09 04:30:05,556 TRACE util.FileUtils (LogUtils.java:runAndLog(49)) - Successfully ran Files.createDirectories /home/runner/work/ratis/ratis/ratis-examples/target/test/data/6e6e5023/MiniRaftClusterWithNettya4857fb2/s2/c491dcd8-cfe1-48dd-9178-bdfe845af3b0/sm
2024-10-09 04:30:05,556 TRACE util.FileUtils (LogUtils.java:supplyAndLog(69)) - Successfully supplied FileChannel.open /home/runner/work/ratis/ratis/ratis-examples/target/test/data/6e6e5023/MiniRaftClusterWithNettya4857fb2/s2/c491dcd8-cfe1-48dd-9178-bdfe845af3b0/current/raft-meta.tmp with options [CREATE, WRITE]: sun.nio.ch.FileChannelImpl@2347085e
2024-10-09 04:30:05,557 TRACE util.FileUtils (LogUtils.java:runAndLog(49)) - Successfully ran Atomic Files.move /home/runner/work/ratis/ratis/ratis-examples/target/test/data/6e6e5023/MiniRaftClusterWithNettya4857fb2/s2/c491dcd8-cfe1-48dd-9178-bdfe845af3b0/current/raft-meta.tmp to /home/runner/work/ratis/ratis/ratis-examples/target/test/data/6e6e5023/MiniRaftClusterWithNettya4857fb2/s2/c491dcd8-cfe1-48dd-9178-bdfe845af3b0/current/raft-meta with options [REPLACE_EXISTING]
2024-10-09 04:30:05,558 INFO  storage.RaftStorage (RaftStorageImpl.java:format(98)) - Storage directory /home/runner/work/ratis/ratis/ratis-examples/target/test/data/6e6e5023/MiniRaftClusterWithNettya4857fb2/s2/c491dcd8-cfe1-48dd-9178-bdfe845af3b0 has been successfully formatted.
2024-10-09 04:30:05,558 WARN  statemachine.StateMachine (ArithmeticStateMachine.java:loadSnapshot(115)) - The snapshot info is null.
2024-10-09 04:30:05,558 INFO  server.RaftServerConfigKeys (ConfUtils.java:logGet(46)) - raft.server.log.use.memory = false (default)
2024-10-09 04:30:05,558 INFO  server.RaftServerConfigKeys (ConfUtils.java:logGet(46)) - raft.server.log.purge.gap = 1024 (default)
2024-10-09 04:30:05,558 INFO  server.RaftServerConfigKeys (ConfUtils.java:logGet(46)) - raft.server.log.appender.buffer.byte-limit = 4MB (=4194304) (default)
2024-10-09 04:30:05,558 INFO  server.RaftServerConfigKeys (ConfUtils.java:logGet(46)) - raft.server.log.statemachine.data.read.timeout = 1000ms (default)
2024-10-09 04:30:05,558 INFO  server.RaftServerConfigKeys (ConfUtils.java:logGet(46)) - raft.server.log.purge.preservation.log.num = 0 (default)
2024-10-09 04:30:05,558 INFO  server.RaftServerConfigKeys (ConfUtils.java:logGet(46)) - raft.server.log.segment.size.max = 32MB (=33554432) (default)
2024-10-09 04:30:05,558 INFO  server.RaftServerConfigKeys (ConfUtils.java:logGet(46)) - raft.server.log.segment.cache.num.max = 6 (default)
2024-10-09 04:30:05,558 INFO  server.RaftServerConfigKeys (ConfUtils.java:logGet(46)) - raft.server.log.segment.cache.size.max = 200MB (=209715200) (default)
2024-10-09 04:30:05,558 INFO  server.RaftServerConfigKeys (ConfUtils.java:logGet(46)) - raft.server.log.appender.buffer.byte-limit = 4MB (=4194304) (default)
2024-10-09 04:30:05,558 INFO  util.AwaitToRun (AwaitToRun.java:start(81)) - Thread[s2@group-BDFE845AF3B0-cacheEviction-AwaitToRun,5,main] started
2024-10-09 04:30:05,559 INFO  segmented.SegmentedRaftLogWorker (SegmentedRaftLogWorker.java:<init>(187)) - new s2@group-BDFE845AF3B0-SegmentedRaftLogWorker for RaftStorageImpl:Storage Directory /home/runner/work/ratis/ratis/ratis-examples/target/test/data/6e6e5023/MiniRaftClusterWithNettya4857fb2/s2/c491dcd8-cfe1-48dd-9178-bdfe845af3b0
2024-10-09 04:30:05,559 INFO  server.RaftServerConfigKeys (ConfUtils.java:logGet(46)) - raft.server.log.queue.byte-limit = 64MB (=67108864) (default)
2024-10-09 04:30:05,559 INFO  server.RaftServerConfigKeys (ConfUtils.java:logGet(46)) - raft.server.log.queue.element-limit = 4096 (default)
2024-10-09 04:30:05,559 INFO  server.RaftServerConfigKeys (ConfUtils.java:logGet(46)) - raft.server.log.segment.size.max = 32MB (=33554432) (default)
2024-10-09 04:30:05,559 INFO  server.RaftServerConfigKeys (ConfUtils.java:logGet(46)) - raft.server.log.preallocated.size = 4MB (=4194304) (default)
2024-10-09 04:30:05,559 INFO  server.RaftServerConfigKeys (ConfUtils.java:logGet(46)) - raft.server.log.force.sync.num = 128 (default)
2024-10-09 04:30:05,559 INFO  server.RaftServerConfigKeys (ConfUtils.java:logGet(46)) - raft.server.log.statemachine.data.sync = true (default)
2024-10-09 04:30:05,559 INFO  server.RaftServerConfigKeys (ConfUtils.java:logGet(46)) - raft.server.log.statemachine.data.sync.timeout = 10s (default)
2024-10-09 04:30:05,559 INFO  server.RaftServerConfigKeys (ConfUtils.java:logGet(46)) - raft.server.log.statemachine.data.sync.timeout.retry = -1 (default)
2024-10-09 04:30:05,559 INFO  server.RaftServerConfigKeys (ConfUtils.java:logGet(46)) - raft.server.log.write.buffer.size = 8MB (=8388608) (default)
2024-10-09 04:30:05,559 INFO  server.RaftServerConfigKeys (ConfUtils.java:logGet(46)) - raft.server.log.appender.buffer.byte-limit = 4MB (=4194304) (default)
2024-10-09 04:30:05,559 INFO  server.RaftServerConfigKeys (ConfUtils.java:logGet(46)) - raft.server.log.unsafe-flush.enabled = false (default)
2024-10-09 04:30:05,560 INFO  server.RaftServerConfigKeys (ConfUtils.java:logGet(46)) - raft.server.log.async-flush.enabled = false (default)
2024-10-09 04:30:05,560 INFO  server.RaftServerConfigKeys (ConfUtils.java:logGet(46)) - raft.server.log.statemachine.data.caching.enabled = false (default)
2024-10-09 04:30:05,560 INFO  segmented.SegmentedRaftLogWorker (SegmentedRaftLogWorker.java:lambda$new$0(138)) - s2@group-BDFE845AF3B0-SegmentedRaftLogWorker: flushIndex: setUnconditionally 0 -> -1
2024-10-09 04:30:05,560 INFO  segmented.SegmentedRaftLogWorker (SegmentedRaftLogWorker.java:lambda$new$0(138)) - s2@group-BDFE845AF3B0-SegmentedRaftLogWorker: safeCacheEvictIndex: setUnconditionally 0 -> -1
2024-10-09 04:30:05,560 INFO  server.RaftServer$Division (RaftServerImpl.java:start(398)) - s2@group-BDFE845AF3B0: start with initializing state, conf=conf: {index: -1, cur=peers:[]|listeners:[], old=null}
2024-10-09 04:30:05,560 INFO  server.RaftServer$Division (RaftServerImpl.java:setRole(379)) - s2@group-BDFE845AF3B0: changes role from      null to FOLLOWER at term 0 for start
2024-10-09 04:30:05,560 INFO  util.JmxRegister (JmxRegister.java:tryRegister(44)) - Successfully registered JMX Bean with object name Ratis:service=RaftServer,group=group-BDFE845AF3B0,id=s2
2024-10-09 04:30:05,560 INFO  util.JmxRegister (JmxRegister.java:register(58)) - register mxBean class org.apache.ratis.server.impl.RaftServerJmxAdapter as Ratis:service=RaftServer,group=group-BDFE845AF3B0,id=s2
2024-10-09 04:30:05,560 INFO  server.RaftServerConfigKeys (ConfUtils.java:logGet(46)) - raft.server.snapshot.trigger-when-stop.enabled = true (default)
2024-10-09 04:30:05,560 INFO  server.RaftServerConfigKeys (ConfUtils.java:logGet(46)) - raft.server.snapshot.trigger-when-remove.enabled = true (default)
2024-10-09 04:30:05,560 INFO  server.RaftServerConfigKeys (ConfUtils.java:logGet(46)) - raft.server.snapshot.auto.trigger.enabled = false (default)
2024-10-09 04:30:05,560 INFO  server.RaftServerConfigKeys (ConfUtils.java:logGet(46)) - raft.server.snapshot.retention.file.num = -1 (default)
2024-10-09 04:30:05,560 INFO  server.RaftServerConfigKeys (ConfUtils.java:logGet(46)) - raft.server.log.purge.upto.snapshot.index = false (default)
2024-10-09 04:30:05,567 INFO  impl.GroupManagementBaseTest (GroupManagementBaseTest.java:runMultiGroupTest(322)) - 3) groupAdd: printing group-DE92A9858D7E
2024-10-09 04:30:05,567 INFO  netty.NettyUtils (NettyUtils.java:newEventLoopGroup(74)) - Create EpollEventLoopGroup for client-2C7E2B2B6E18; Thread size is 0.
2024-10-09 04:30:05,568 INFO  logging.LoggingHandler (AbstractInternalLogger.java:log(148)) - [id: 0xb86f85a1, L:/0.0.0.0:15019] READ: [id: 0x4b1eaaad, L:/127.0.0.1:15019 - R:/127.0.0.1:42802]
2024-10-09 04:30:05,569 INFO  logging.LoggingHandler (AbstractInternalLogger.java:log(148)) - [id: 0xb86f85a1, L:/0.0.0.0:15019] READ COMPLETE
2024-10-09 04:30:05,570 INFO  server.RaftServer (RaftServerProxy.java:addNew(101)) - s4: addNew group-BDFE845AF3B0:[] returns group-BDFE845AF3B0:java.util.concurrent.CompletableFuture@6c2e05d4[Not completed]
2024-10-09 04:30:05,570 INFO  server.RaftServer$Division (RaftServerImpl.java:<init>(256)) - s4: new RaftServerImpl for group-BDFE845AF3B0:[] with ArithmeticStateMachine:uninitialized
2024-10-09 04:30:05,570 INFO  server.RaftServerConfigKeys (ConfUtils.java:logGet(46)) - raft.server.rpc.timeout.min = 300ms (custom)
2024-10-09 04:30:05,570 INFO  server.RaftServerConfigKeys (ConfUtils.java:logGet(46)) - raft.server.rpc.timeout.max = 600ms (custom)
2024-10-09 04:30:05,570 INFO  server.RaftServerConfigKeys (ConfUtils.java:logGet(46)) - raft.server.rpc.sleep.time = 25ms (default)
2024-10-09 04:30:05,570 INFO  server.RaftServerConfigKeys (ConfUtils.java:logGet(46)) - raft.server.rpc.slowness.timeout = 60s (default)
2024-10-09 04:30:05,570 INFO  server.RaftServerConfigKeys (ConfUtils.java:logGet(46)) - raft.server.leaderelection.leader.step-down.wait-time = 10s (default)
2024-10-09 04:30:05,570 INFO  server.RaftServerConfigKeys (ConfUtils.java:logGet(46)) - raft.server.leaderelection.member.majority-add = false (default)
2024-10-09 04:30:05,570 INFO  server.RaftServerConfigKeys (ConfUtils.java:logGet(46)) - raft.server.sleep.deviation.threshold = 300ms (default)
2024-10-09 04:30:05,570 INFO  server.RaftServer$Division (ServerState.java:<init>(114)) - s4@group-BDFE845AF3B0: ConfigurationManager, init=conf: {index: -1, cur=peers:[]|listeners:[], old=null}, confs=<EMPTY_MAP>
2024-10-09 04:30:05,570 INFO  server.RaftServerConfigKeys (ConfUtils.java:logGet(46)) - raft.server.notification.no-leader.timeout = 60s (default)
2024-10-09 04:30:05,570 INFO  server.RaftServerConfigKeys (ConfUtils.java:logGet(46)) - raft.server.read.timeout = 10s (default)
2024-10-09 04:30:05,571 INFO  server.RaftServerConfigKeys (ConfUtils.java:logGet(46)) - raft.server.retrycache.expirytime = 60s (default)
2024-10-09 04:30:05,571 INFO  server.RaftServerConfigKeys (ConfUtils.java:logGet(46)) - raft.server.retrycache.statistics.expirytime = 100ms (default)
2024-10-09 04:30:05,571 INFO  server.RaftServerConfigKeys (ConfUtils.java:logGet(46)) - raft.server.read.option = DEFAULT (default)
2024-10-09 04:30:05,571 INFO  server.RaftServerConfigKeys (ConfUtils.java:logGet(46)) - raft.server.read.read-after-write-consistent.write-index-cache.expiry-time = 60s (default)
2024-10-09 04:30:05,571 INFO  server.RaftServerConfigKeys (ConfUtils.java:logGet(46)) - raft.server.rpc.request.timeout = 3000ms (default)
2024-10-09 04:30:05,571 INFO  server.RaftServerConfigKeys (ConfUtils.java:logGet(46)) - raft.server.log.appender.install.snapshot.enabled = true (default)
2024-10-09 04:30:05,571 INFO  server.RaftServerConfigKeys (ConfUtils.java:logGet(46)) - raft.server.threadpool.server.cached = true (default)
2024-10-09 04:30:05,571 INFO  server.RaftServerConfigKeys (ConfUtils.java:logGet(46)) - raft.server.threadpool.server.size = 0 (default)
2024-10-09 04:30:05,571 INFO  server.RaftServerConfigKeys (ConfUtils.java:logGet(46)) - raft.server.threadpool.client.cached = true (default)
2024-10-09 04:30:05,571 INFO  server.RaftServerConfigKeys (ConfUtils.java:logGet(46)) - raft.server.threadpool.client.size = 0 (default)
2024-10-09 04:30:05,571 INFO  server.RaftServerConfigKeys (ConfUtils.java:logGet(46)) - raft.server.storage.free-space.min = 0MB (=0) (default)
2024-10-09 04:30:05,572 INFO  server.RaftServerConfigKeys (ConfUtils.java:logGet(46)) - raft.server.log.corruption.policy = EXCEPTION (default)
2024-10-09 04:30:05,572 INFO  server.RaftServerConfigKeys (ConfUtils.java:logGet(46)) - raft.server.storage.dir = [/home/runner/work/ratis/ratis/ratis-examples/target/test/data/6e6e5023/MiniRaftClusterWithNettya4857fb2/s4] (custom)
2024-10-09 04:30:05,572 INFO  storage.RaftStorageDirectory (RaftStorageDirectoryImpl.java:analyzeStorage(138)) - The storage directory /home/runner/work/ratis/ratis/ratis-examples/target/test/data/6e6e5023/MiniRaftClusterWithNettya4857fb2/s4/c491dcd8-cfe1-48dd-9178-bdfe845af3b0 does not exist. Creating ...
2024-10-09 04:30:05,572 TRACE util.FileUtils (LogUtils.java:runAndLog(49)) - Successfully ran Files.createDirectories /home/runner/work/ratis/ratis/ratis-examples/target/test/data/6e6e5023/MiniRaftClusterWithNettya4857fb2/s4/c491dcd8-cfe1-48dd-9178-bdfe845af3b0
2024-10-09 04:30:05,573 INFO  storage.RaftStorageDirectory (RaftStorageDirectoryImpl.java:tryLock(229)) - Lock on /home/runner/work/ratis/ratis/ratis-examples/target/test/data/6e6e5023/MiniRaftClusterWithNettya4857fb2/s4/c491dcd8-cfe1-48dd-9178-bdfe845af3b0/in_use.lock acquired by nodename 14484@fv-az565-744
2024-10-09 04:30:05,573 TRACE util.FileUtils (LogUtils.java:runAndLog(49)) - Successfully ran Files.createDirectories /home/runner/work/ratis/ratis/ratis-examples/target/test/data/6e6e5023/MiniRaftClusterWithNettya4857fb2/s4/c491dcd8-cfe1-48dd-9178-bdfe845af3b0/current
2024-10-09 04:30:05,573 TRACE util.FileUtils (LogUtils.java:runAndLog(49)) - Successfully ran Files.createDirectories /home/runner/work/ratis/ratis/ratis-examples/target/test/data/6e6e5023/MiniRaftClusterWithNettya4857fb2/s4/c491dcd8-cfe1-48dd-9178-bdfe845af3b0/sm
2024-10-09 04:30:05,573 TRACE util.FileUtils (LogUtils.java:supplyAndLog(69)) - Successfully supplied FileChannel.open /home/runner/work/ratis/ratis/ratis-examples/target/test/data/6e6e5023/MiniRaftClusterWithNettya4857fb2/s4/c491dcd8-cfe1-48dd-9178-bdfe845af3b0/current/raft-meta.tmp with options [CREATE, WRITE]: sun.nio.ch.FileChannelImpl@56385dfc
2024-10-09 04:30:05,575 TRACE util.FileUtils (LogUtils.java:runAndLog(49)) - Successfully ran Atomic Files.move /home/runner/work/ratis/ratis/ratis-examples/target/test/data/6e6e5023/MiniRaftClusterWithNettya4857fb2/s4/c491dcd8-cfe1-48dd-9178-bdfe845af3b0/current/raft-meta.tmp to /home/runner/work/ratis/ratis/ratis-examples/target/test/data/6e6e5023/MiniRaftClusterWithNettya4857fb2/s4/c491dcd8-cfe1-48dd-9178-bdfe845af3b0/current/raft-meta with options [REPLACE_EXISTING]
2024-10-09 04:30:05,575 INFO  storage.RaftStorage (RaftStorageImpl.java:format(98)) - Storage directory /home/runner/work/ratis/ratis/ratis-examples/target/test/data/6e6e5023/MiniRaftClusterWithNettya4857fb2/s4/c491dcd8-cfe1-48dd-9178-bdfe845af3b0 has been successfully formatted.
2024-10-09 04:30:05,575 WARN  statemachine.StateMachine (ArithmeticStateMachine.java:loadSnapshot(115)) - The snapshot info is null.
2024-10-09 04:30:05,575 INFO  server.RaftServerConfigKeys (ConfUtils.java:logGet(46)) - raft.server.log.use.memory = false (default)
2024-10-09 04:30:05,575 INFO  server.RaftServerConfigKeys (ConfUtils.java:logGet(46)) - raft.server.log.purge.gap = 1024 (default)
2024-10-09 04:30:05,575 INFO  server.RaftServerConfigKeys (ConfUtils.java:logGet(46)) - raft.server.log.appender.buffer.byte-limit = 4MB (=4194304) (default)
2024-10-09 04:30:05,575 INFO  server.RaftServerConfigKeys (ConfUtils.java:logGet(46)) - raft.server.log.statemachine.data.read.timeout = 1000ms (default)
2024-10-09 04:30:05,575 INFO  server.RaftServerConfigKeys (ConfUtils.java:logGet(46)) - raft.server.log.purge.preservation.log.num = 0 (default)
2024-10-09 04:30:05,575 INFO  server.RaftServerConfigKeys (ConfUtils.java:logGet(46)) - raft.server.log.segment.size.max = 32MB (=33554432) (default)
2024-10-09 04:30:05,576 INFO  server.RaftServerConfigKeys (ConfUtils.java:logGet(46)) - raft.server.log.segment.cache.num.max = 6 (default)
2024-10-09 04:30:05,576 INFO  server.RaftServerConfigKeys (ConfUtils.java:logGet(46)) - raft.server.log.segment.cache.size.max = 200MB (=209715200) (default)
2024-10-09 04:30:05,576 INFO  server.RaftServerConfigKeys (ConfUtils.java:logGet(46)) - raft.server.log.appender.buffer.byte-limit = 4MB (=4194304) (default)
2024-10-09 04:30:05,576 INFO  util.AwaitToRun (AwaitToRun.java:start(81)) - Thread[s4@group-BDFE845AF3B0-cacheEviction-AwaitToRun,5,main] started
2024-10-09 04:30:05,576 INFO  segmented.SegmentedRaftLogWorker (SegmentedRaftLogWorker.java:<init>(187)) - new s4@group-BDFE845AF3B0-SegmentedRaftLogWorker for RaftStorageImpl:Storage Directory /home/runner/work/ratis/ratis/ratis-examples/target/test/data/6e6e5023/MiniRaftClusterWithNettya4857fb2/s4/c491dcd8-cfe1-48dd-9178-bdfe845af3b0
2024-10-09 04:30:05,576 INFO  server.RaftServerConfigKeys (ConfUtils.java:logGet(46)) - raft.server.log.queue.byte-limit = 64MB (=67108864) (default)
2024-10-09 04:30:05,576 INFO  server.RaftServerConfigKeys (ConfUtils.java:logGet(46)) - raft.server.log.queue.element-limit = 4096 (default)
2024-10-09 04:30:05,576 INFO  server.RaftServerConfigKeys (ConfUtils.java:logGet(46)) - raft.server.log.segment.size.max = 32MB (=33554432) (default)
2024-10-09 04:30:05,576 INFO  server.RaftServerConfigKeys (ConfUtils.java:logGet(46)) - raft.server.log.preallocated.size = 4MB (=4194304) (default)
2024-10-09 04:30:05,576 INFO  server.RaftServerConfigKeys (ConfUtils.java:logGet(46)) - raft.server.log.force.sync.num = 128 (default)
2024-10-09 04:30:05,577 INFO  server.RaftServerConfigKeys (ConfUtils.java:logGet(46)) - raft.server.log.statemachine.data.sync = true (default)
2024-10-09 04:30:05,577 INFO  server.RaftServerConfigKeys (ConfUtils.java:logGet(46)) - raft.server.log.statemachine.data.sync.timeout = 10s (default)
2024-10-09 04:30:05,577 INFO  server.RaftServerConfigKeys (ConfUtils.java:logGet(46)) - raft.server.log.statemachine.data.sync.timeout.retry = -1 (default)
2024-10-09 04:30:05,577 INFO  server.RaftServerConfigKeys (ConfUtils.java:logGet(46)) - raft.server.log.write.buffer.size = 8MB (=8388608) (default)
2024-10-09 04:30:05,577 INFO  server.RaftServerConfigKeys (ConfUtils.java:logGet(46)) - raft.server.log.appender.buffer.byte-limit = 4MB (=4194304) (default)
2024-10-09 04:30:05,577 INFO  server.RaftServerConfigKeys (ConfUtils.java:logGet(46)) - raft.server.log.unsafe-flush.enabled = false (default)
2024-10-09 04:30:05,578 INFO  server.RaftServerConfigKeys (ConfUtils.java:logGet(46)) - raft.server.log.async-flush.enabled = false (default)
2024-10-09 04:30:05,578 INFO  server.RaftServerConfigKeys (ConfUtils.java:logGet(46)) - raft.server.log.statemachine.data.caching.enabled = false (default)
2024-10-09 04:30:05,578 INFO  segmented.SegmentedRaftLogWorker (SegmentedRaftLogWorker.java:lambda$new$0(138)) - s4@group-BDFE845AF3B0-SegmentedRaftLogWorker: flushIndex: setUnconditionally 0 -> -1
2024-10-09 04:30:05,578 INFO  segmented.SegmentedRaftLogWorker (SegmentedRaftLogWorker.java:lambda$new$0(138)) - s4@group-BDFE845AF3B0-SegmentedRaftLogWorker: safeCacheEvictIndex: setUnconditionally 0 -> -1
2024-10-09 04:30:05,578 INFO  server.RaftServer$Division (RaftServerImpl.java:start(398)) - s4@group-BDFE845AF3B0: start with initializing state, conf=conf: {index: -1, cur=peers:[]|listeners:[], old=null}
2024-10-09 04:30:05,578 INFO  server.RaftServer$Division (RaftServerImpl.java:setRole(379)) - s4@group-BDFE845AF3B0: changes role from      null to FOLLOWER at term 0 for start
2024-10-09 04:30:05,578 INFO  util.JmxRegister (JmxRegister.java:tryRegister(44)) - Successfully registered JMX Bean with object name Ratis:service=RaftServer,group=group-BDFE845AF3B0,id=s4
2024-10-09 04:30:05,578 INFO  util.JmxRegister (JmxRegister.java:register(58)) - register mxBean class org.apache.ratis.server.impl.RaftServerJmxAdapter as Ratis:service=RaftServer,group=group-BDFE845AF3B0,id=s4
2024-10-09 04:30:05,579 INFO  server.RaftServerConfigKeys (ConfUtils.java:logGet(46)) - raft.server.snapshot.trigger-when-stop.enabled = true (default)
2024-10-09 04:30:05,579 INFO  server.RaftServerConfigKeys (ConfUtils.java:logGet(46)) - raft.server.snapshot.trigger-when-remove.enabled = true (default)
2024-10-09 04:30:05,579 INFO  server.RaftServerConfigKeys (ConfUtils.java:logGet(46)) - raft.server.snapshot.auto.trigger.enabled = false (default)
2024-10-09 04:30:05,579 INFO  server.RaftServerConfigKeys (ConfUtils.java:logGet(46)) - raft.server.snapshot.retention.file.num = -1 (default)
2024-10-09 04:30:05,579 INFO  server.RaftServerConfigKeys (ConfUtils.java:logGet(46)) - raft.server.log.purge.upto.snapshot.index = false (default)
2024-10-09 04:30:05,581 INFO  netty.NettyUtils (NettyUtils.java:newEventLoopGroup(74)) - Create EpollEventLoopGroup for client-AA2B1DE4209A; Thread size is 0.
2024-10-09 04:30:05,583 INFO  logging.LoggingHandler (AbstractInternalLogger.java:log(148)) - [id: 0xb4864f75, L:/0.0.0.0:15020] READ: [id: 0x760497d0, L:/127.0.0.1:15020 - R:/127.0.0.1:46146]
2024-10-09 04:30:05,583 INFO  logging.LoggingHandler (AbstractInternalLogger.java:log(148)) - [id: 0xb4864f75, L:/0.0.0.0:15020] READ COMPLETE
2024-10-09 04:30:05,588 INFO  server.RaftServer (RaftServerProxy.java:addNew(101)) - s5: addNew group-BDFE845AF3B0:[] returns group-BDFE845AF3B0:java.util.concurrent.CompletableFuture@28d1fa0a[Not completed]
2024-10-09 04:30:05,588 INFO  server.RaftServer$Division (RaftServerImpl.java:<init>(256)) - s5: new RaftServerImpl for group-BDFE845AF3B0:[] with ArithmeticStateMachine:uninitialized
2024-10-09 04:30:05,588 INFO  server.RaftServerConfigKeys (ConfUtils.java:logGet(46)) - raft.server.rpc.timeout.min = 300ms (custom)
2024-10-09 04:30:05,588 INFO  server.RaftServerConfigKeys (ConfUtils.java:logGet(46)) - raft.server.rpc.timeout.max = 600ms (custom)
2024-10-09 04:30:05,588 INFO  server.RaftServerConfigKeys (ConfUtils.java:logGet(46)) - raft.server.rpc.sleep.time = 25ms (default)
2024-10-09 04:30:05,588 INFO  server.RaftServerConfigKeys (ConfUtils.java:logGet(46)) - raft.server.rpc.slowness.timeout = 60s (default)
2024-10-09 04:30:05,588 INFO  server.RaftServerConfigKeys (ConfUtils.java:logGet(46)) - raft.server.leaderelection.leader.step-down.wait-time = 10s (default)
2024-10-09 04:30:05,588 INFO  server.RaftServerConfigKeys (ConfUtils.java:logGet(46)) - raft.server.leaderelection.member.majority-add = false (default)
2024-10-09 04:30:05,588 INFO  server.RaftServerConfigKeys (ConfUtils.java:logGet(46)) - raft.server.sleep.deviation.threshold = 300ms (default)
2024-10-09 04:30:05,588 INFO  server.RaftServer$Division (ServerState.java:<init>(114)) - s5@group-BDFE845AF3B0: ConfigurationManager, init=conf: {index: -1, cur=peers:[]|listeners:[], old=null}, confs=<EMPTY_MAP>
2024-10-09 04:30:05,588 INFO  server.RaftServerConfigKeys (ConfUtils.java:logGet(46)) - raft.server.notification.no-leader.timeout = 60s (default)
2024-10-09 04:30:05,588 INFO  server.RaftServerConfigKeys (ConfUtils.java:logGet(46)) - raft.server.read.timeout = 10s (default)
2024-10-09 04:30:05,589 INFO  server.RaftServerConfigKeys (ConfUtils.java:logGet(46)) - raft.server.retrycache.expirytime = 60s (default)
2024-10-09 04:30:05,589 INFO  server.RaftServerConfigKeys (ConfUtils.java:logGet(46)) - raft.server.retrycache.statistics.expirytime = 100ms (default)
2024-10-09 04:30:05,589 INFO  server.RaftServerConfigKeys (ConfUtils.java:logGet(46)) - raft.server.read.option = DEFAULT (default)
2024-10-09 04:30:05,589 INFO  server.RaftServerConfigKeys (ConfUtils.java:logGet(46)) - raft.server.read.read-after-write-consistent.write-index-cache.expiry-time = 60s (default)
2024-10-09 04:30:05,589 INFO  server.RaftServerConfigKeys (ConfUtils.java:logGet(46)) - raft.server.rpc.request.timeout = 3000ms (default)
2024-10-09 04:30:05,589 INFO  server.RaftServerConfigKeys (ConfUtils.java:logGet(46)) - raft.server.log.appender.install.snapshot.enabled = true (default)
2024-10-09 04:30:05,589 INFO  server.RaftServerConfigKeys (ConfUtils.java:logGet(46)) - raft.server.threadpool.server.cached = true (default)
2024-10-09 04:30:05,589 INFO  server.RaftServerConfigKeys (ConfUtils.java:logGet(46)) - raft.server.threadpool.server.size = 0 (default)
2024-10-09 04:30:05,589 INFO  server.RaftServerConfigKeys (ConfUtils.java:logGet(46)) - raft.server.threadpool.client.cached = true (default)
2024-10-09 04:30:05,589 INFO  server.RaftServerConfigKeys (ConfUtils.java:logGet(46)) - raft.server.threadpool.client.size = 0 (default)
2024-10-09 04:30:05,590 INFO  server.RaftServerConfigKeys (ConfUtils.java:logGet(46)) - raft.server.storage.free-space.min = 0MB (=0) (default)
2024-10-09 04:30:05,590 INFO  server.RaftServerConfigKeys (ConfUtils.java:logGet(46)) - raft.server.log.corruption.policy = EXCEPTION (default)
2024-10-09 04:30:05,590 INFO  server.RaftServerConfigKeys (ConfUtils.java:logGet(46)) - raft.server.storage.dir = [/home/runner/work/ratis/ratis/ratis-examples/target/test/data/6e6e5023/MiniRaftClusterWithNettya4857fb2/s5] (custom)
2024-10-09 04:30:05,590 INFO  storage.RaftStorageDirectory (RaftStorageDirectoryImpl.java:analyzeStorage(138)) - The storage directory /home/runner/work/ratis/ratis/ratis-examples/target/test/data/6e6e5023/MiniRaftClusterWithNettya4857fb2/s5/c491dcd8-cfe1-48dd-9178-bdfe845af3b0 does not exist. Creating ...
2024-10-09 04:30:05,590 TRACE util.FileUtils (LogUtils.java:runAndLog(49)) - Successfully ran Files.createDirectories /home/runner/work/ratis/ratis/ratis-examples/target/test/data/6e6e5023/MiniRaftClusterWithNettya4857fb2/s5/c491dcd8-cfe1-48dd-9178-bdfe845af3b0
2024-10-09 04:30:05,591 INFO  storage.RaftStorageDirectory (RaftStorageDirectoryImpl.java:tryLock(229)) - Lock on /home/runner/work/ratis/ratis/ratis-examples/target/test/data/6e6e5023/MiniRaftClusterWithNettya4857fb2/s5/c491dcd8-cfe1-48dd-9178-bdfe845af3b0/in_use.lock acquired by nodename 14484@fv-az565-744
2024-10-09 04:30:05,592 TRACE util.FileUtils (LogUtils.java:runAndLog(49)) - Successfully ran Files.createDirectories /home/runner/work/ratis/ratis/ratis-examples/target/test/data/6e6e5023/MiniRaftClusterWithNettya4857fb2/s5/c491dcd8-cfe1-48dd-9178-bdfe845af3b0/current
2024-10-09 04:30:05,592 TRACE util.FileUtils (LogUtils.java:runAndLog(49)) - Successfully ran Files.createDirectories /home/runner/work/ratis/ratis/ratis-examples/target/test/data/6e6e5023/MiniRaftClusterWithNettya4857fb2/s5/c491dcd8-cfe1-48dd-9178-bdfe845af3b0/sm
2024-10-09 04:30:05,592 TRACE util.FileUtils (LogUtils.java:supplyAndLog(69)) - Successfully supplied FileChannel.open /home/runner/work/ratis/ratis/ratis-examples/target/test/data/6e6e5023/MiniRaftClusterWithNettya4857fb2/s5/c491dcd8-cfe1-48dd-9178-bdfe845af3b0/current/raft-meta.tmp with options [CREATE, WRITE]: sun.nio.ch.FileChannelImpl@65cecc05
2024-10-09 04:30:05,595 TRACE util.FileUtils (LogUtils.java:runAndLog(49)) - Successfully ran Atomic Files.move /home/runner/work/ratis/ratis/ratis-examples/target/test/data/6e6e5023/MiniRaftClusterWithNettya4857fb2/s5/c491dcd8-cfe1-48dd-9178-bdfe845af3b0/current/raft-meta.tmp to /home/runner/work/ratis/ratis/ratis-examples/target/test/data/6e6e5023/MiniRaftClusterWithNettya4857fb2/s5/c491dcd8-cfe1-48dd-9178-bdfe845af3b0/current/raft-meta with options [REPLACE_EXISTING]
2024-10-09 04:30:05,595 INFO  storage.RaftStorage (RaftStorageImpl.java:format(98)) - Storage directory /home/runner/work/ratis/ratis/ratis-examples/target/test/data/6e6e5023/MiniRaftClusterWithNettya4857fb2/s5/c491dcd8-cfe1-48dd-9178-bdfe845af3b0 has been successfully formatted.
2024-10-09 04:30:05,595 WARN  statemachine.StateMachine (ArithmeticStateMachine.java:loadSnapshot(115)) - The snapshot info is null.
2024-10-09 04:30:05,596 INFO  server.RaftServerConfigKeys (ConfUtils.java:logGet(46)) - raft.server.log.use.memory = false (default)
2024-10-09 04:30:05,596 INFO  server.RaftServerConfigKeys (ConfUtils.java:logGet(46)) - raft.server.log.purge.gap = 1024 (default)
2024-10-09 04:30:05,596 INFO  server.RaftServerConfigKeys (ConfUtils.java:logGet(46)) - raft.server.log.appender.buffer.byte-limit = 4MB (=4194304) (default)
2024-10-09 04:30:05,596 INFO  server.RaftServerConfigKeys (ConfUtils.java:logGet(46)) - raft.server.log.statemachine.data.read.timeout = 1000ms (default)
2024-10-09 04:30:05,596 INFO  server.RaftServerConfigKeys (ConfUtils.java:logGet(46)) - raft.server.log.purge.preservation.log.num = 0 (default)
2024-10-09 04:30:05,596 INFO  server.RaftServerConfigKeys (ConfUtils.java:logGet(46)) - raft.server.log.segment.size.max = 32MB (=33554432) (default)
2024-10-09 04:30:05,596 INFO  server.RaftServerConfigKeys (ConfUtils.java:logGet(46)) - raft.server.log.segment.cache.num.max = 6 (default)
2024-10-09 04:30:05,597 INFO  server.RaftServerConfigKeys (ConfUtils.java:logGet(46)) - raft.server.log.segment.cache.size.max = 200MB (=209715200) (default)
2024-10-09 04:30:05,597 INFO  server.RaftServerConfigKeys (ConfUtils.java:logGet(46)) - raft.server.log.appender.buffer.byte-limit = 4MB (=4194304) (default)
2024-10-09 04:30:05,597 INFO  util.AwaitToRun (AwaitToRun.java:start(81)) - Thread[s5@group-BDFE845AF3B0-cacheEviction-AwaitToRun,5,main] started
2024-10-09 04:30:05,597 INFO  segmented.SegmentedRaftLogWorker (SegmentedRaftLogWorker.java:<init>(187)) - new s5@group-BDFE845AF3B0-SegmentedRaftLogWorker for RaftStorageImpl:Storage Directory /home/runner/work/ratis/ratis/ratis-examples/target/test/data/6e6e5023/MiniRaftClusterWithNettya4857fb2/s5/c491dcd8-cfe1-48dd-9178-bdfe845af3b0
2024-10-09 04:30:05,597 INFO  server.RaftServerConfigKeys (ConfUtils.java:logGet(46)) - raft.server.log.queue.byte-limit = 64MB (=67108864) (default)
2024-10-09 04:30:05,597 INFO  server.RaftServerConfigKeys (ConfUtils.java:logGet(46)) - raft.server.log.queue.element-limit = 4096 (default)
2024-10-09 04:30:05,597 INFO  server.RaftServerConfigKeys (ConfUtils.java:logGet(46)) - raft.server.log.segment.size.max = 32MB (=33554432) (default)
2024-10-09 04:30:05,597 INFO  server.RaftServerConfigKeys (ConfUtils.java:logGet(46)) - raft.server.log.preallocated.size = 4MB (=4194304) (default)
2024-10-09 04:30:05,597 INFO  server.RaftServerConfigKeys (ConfUtils.java:logGet(46)) - raft.server.log.force.sync.num = 128 (default)
2024-10-09 04:30:05,598 INFO  server.RaftServerConfigKeys (ConfUtils.java:logGet(46)) - raft.server.log.statemachine.data.sync = true (default)
2024-10-09 04:30:05,598 INFO  server.RaftServerConfigKeys (ConfUtils.java:logGet(46)) - raft.server.log.statemachine.data.sync.timeout = 10s (default)
2024-10-09 04:30:05,598 INFO  server.RaftServerConfigKeys (ConfUtils.java:logGet(46)) - raft.server.log.statemachine.data.sync.timeout.retry = -1 (default)
2024-10-09 04:30:05,598 INFO  server.RaftServerConfigKeys (ConfUtils.java:logGet(46)) - raft.server.log.write.buffer.size = 8MB (=8388608) (default)
2024-10-09 04:30:05,598 INFO  server.RaftServerConfigKeys (ConfUtils.java:logGet(46)) - raft.server.log.appender.buffer.byte-limit = 4MB (=4194304) (default)
2024-10-09 04:30:05,598 INFO  server.RaftServerConfigKeys (ConfUtils.java:logGet(46)) - raft.server.log.unsafe-flush.enabled = false (default)
2024-10-09 04:30:05,599 INFO  server.RaftServerConfigKeys (ConfUtils.java:logGet(46)) - raft.server.log.async-flush.enabled = false (default)
2024-10-09 04:30:05,599 INFO  server.RaftServerConfigKeys (ConfUtils.java:logGet(46)) - raft.server.log.statemachine.data.caching.enabled = false (default)
2024-10-09 04:30:05,599 INFO  segmented.SegmentedRaftLogWorker (SegmentedRaftLogWorker.java:lambda$new$0(138)) - s5@group-BDFE845AF3B0-SegmentedRaftLogWorker: flushIndex: setUnconditionally 0 -> -1
2024-10-09 04:30:05,599 INFO  segmented.SegmentedRaftLogWorker (SegmentedRaftLogWorker.java:lambda$new$0(138)) - s5@group-BDFE845AF3B0-SegmentedRaftLogWorker: safeCacheEvictIndex: setUnconditionally 0 -> -1
2024-10-09 04:30:05,599 INFO  server.RaftServer$Division (RaftServerImpl.java:start(398)) - s5@group-BDFE845AF3B0: start with initializing state, conf=conf: {index: -1, cur=peers:[]|listeners:[], old=null}
2024-10-09 04:30:05,599 INFO  server.RaftServer$Division (RaftServerImpl.java:setRole(379)) - s5@group-BDFE845AF3B0: changes role from      null to FOLLOWER at term 0 for start
2024-10-09 04:30:05,599 INFO  util.JmxRegister (JmxRegister.java:tryRegister(44)) - Successfully registered JMX Bean with object name Ratis:service=RaftServer,group=group-BDFE845AF3B0,id=s5
2024-10-09 04:30:05,600 INFO  util.JmxRegister (JmxRegister.java:register(58)) - register mxBean class org.apache.ratis.server.impl.RaftServerJmxAdapter as Ratis:service=RaftServer,group=group-BDFE845AF3B0,id=s5
2024-10-09 04:30:05,600 INFO  server.RaftServerConfigKeys (ConfUtils.java:logGet(46)) - raft.server.snapshot.trigger-when-stop.enabled = true (default)
2024-10-09 04:30:05,600 INFO  server.RaftServerConfigKeys (ConfUtils.java:logGet(46)) - raft.server.snapshot.trigger-when-remove.enabled = true (default)
2024-10-09 04:30:05,600 INFO  server.RaftServerConfigKeys (ConfUtils.java:logGet(46)) - raft.server.snapshot.auto.trigger.enabled = false (default)
2024-10-09 04:30:05,600 INFO  server.RaftServerConfigKeys (ConfUtils.java:logGet(46)) - raft.server.snapshot.retention.file.num = -1 (default)
2024-10-09 04:30:05,600 INFO  server.RaftServerConfigKeys (ConfUtils.java:logGet(46)) - raft.server.log.purge.upto.snapshot.index = false (default)
2024-10-09 04:30:05,604 INFO  netty.NettyUtils (NettyUtils.java:newEventLoopGroup(74)) - Create EpollEventLoopGroup for client-1118763A3D15; Thread size is 0.
2024-10-09 04:30:05,607 INFO  logging.LoggingHandler (AbstractInternalLogger.java:log(148)) - [id: 0x7c05a430, L:/0.0.0.0:15021] READ: [id: 0x13045596, L:/127.0.0.1:15021 - R:/127.0.0.1:39572]
2024-10-09 04:30:05,607 INFO  logging.LoggingHandler (AbstractInternalLogger.java:log(148)) - [id: 0x7c05a430, L:/0.0.0.0:15021] READ COMPLETE
2024-10-09 04:30:05,608 INFO  server.RaftServer$Division (RaftServerImpl.java:<init>(256)) - s6: new RaftServerImpl for group-BDFE845AF3B0:[] with ArithmeticStateMachine:uninitialized
2024-10-09 04:30:05,608 INFO  server.RaftServerConfigKeys (ConfUtils.java:logGet(46)) - raft.server.rpc.timeout.min = 300ms (custom)
2024-10-09 04:30:05,608 INFO  server.RaftServerConfigKeys (ConfUtils.java:logGet(46)) - raft.server.rpc.timeout.max = 600ms (custom)
2024-10-09 04:30:05,608 INFO  server.RaftServerConfigKeys (ConfUtils.java:logGet(46)) - raft.server.rpc.sleep.time = 25ms (default)
2024-10-09 04:30:05,608 INFO  server.RaftServerConfigKeys (ConfUtils.java:logGet(46)) - raft.server.rpc.slowness.timeout = 60s (default)
2024-10-09 04:30:05,609 INFO  server.RaftServerConfigKeys (ConfUtils.java:logGet(46)) - raft.server.leaderelection.leader.step-down.wait-time = 10s (default)
2024-10-09 04:30:05,609 INFO  server.RaftServerConfigKeys (ConfUtils.java:logGet(46)) - raft.server.leaderelection.member.majority-add = false (default)
2024-10-09 04:30:05,609 INFO  server.RaftServerConfigKeys (ConfUtils.java:logGet(46)) - raft.server.sleep.deviation.threshold = 300ms (default)
2024-10-09 04:30:05,609 INFO  server.RaftServer$Division (ServerState.java:<init>(114)) - s6@group-BDFE845AF3B0: ConfigurationManager, init=conf: {index: -1, cur=peers:[]|listeners:[], old=null}, confs=<EMPTY_MAP>
2024-10-09 04:30:05,609 INFO  server.RaftServerConfigKeys (ConfUtils.java:logGet(46)) - raft.server.notification.no-leader.timeout = 60s (default)
2024-10-09 04:30:05,609 INFO  server.RaftServerConfigKeys (ConfUtils.java:logGet(46)) - raft.server.read.timeout = 10s (default)
2024-10-09 04:30:05,609 INFO  server.RaftServerConfigKeys (ConfUtils.java:logGet(46)) - raft.server.retrycache.expirytime = 60s (default)
2024-10-09 04:30:05,609 INFO  server.RaftServerConfigKeys (ConfUtils.java:logGet(46)) - raft.server.retrycache.statistics.expirytime = 100ms (default)
2024-10-09 04:30:05,609 INFO  server.RaftServerConfigKeys (ConfUtils.java:logGet(46)) - raft.server.read.option = DEFAULT (default)
2024-10-09 04:30:05,609 INFO  server.RaftServerConfigKeys (ConfUtils.java:logGet(46)) - raft.server.read.read-after-write-consistent.write-index-cache.expiry-time = 60s (default)
2024-10-09 04:30:05,609 INFO  server.RaftServerConfigKeys (ConfUtils.java:logGet(46)) - raft.server.rpc.request.timeout = 3000ms (default)
2024-10-09 04:30:05,609 INFO  server.RaftServerConfigKeys (ConfUtils.java:logGet(46)) - raft.server.log.appender.install.snapshot.enabled = true (default)
2024-10-09 04:30:05,609 INFO  server.RaftServerConfigKeys (ConfUtils.java:logGet(46)) - raft.server.threadpool.server.cached = true (default)
2024-10-09 04:30:05,609 INFO  server.RaftServerConfigKeys (ConfUtils.java:logGet(46)) - raft.server.threadpool.server.size = 0 (default)
2024-10-09 04:30:05,609 INFO  server.RaftServerConfigKeys (ConfUtils.java:logGet(46)) - raft.server.threadpool.client.cached = true (default)
2024-10-09 04:30:05,609 INFO  server.RaftServerConfigKeys (ConfUtils.java:logGet(46)) - raft.server.threadpool.client.size = 0 (default)
2024-10-09 04:30:05,609 INFO  server.RaftServer (RaftServerProxy.java:addNew(101)) - s6: addNew group-BDFE845AF3B0:[] returns      null s6@group-BDFE845AF3B0:t0, leader=null, voted=null, raftlog=UNINITIALIZED, conf=conf: {index: -1, cur=peers:[]|listeners:[], old=null} NEW
2024-10-09 04:30:05,610 INFO  server.RaftServerConfigKeys (ConfUtils.java:logGet(46)) - raft.server.storage.free-space.min = 0MB (=0) (default)
2024-10-09 04:30:05,610 INFO  server.RaftServerConfigKeys (ConfUtils.java:logGet(46)) - raft.server.log.corruption.policy = EXCEPTION (default)
2024-10-09 04:30:05,610 INFO  server.RaftServerConfigKeys (ConfUtils.java:logGet(46)) - raft.server.storage.dir = [/home/runner/work/ratis/ratis/ratis-examples/target/test/data/6e6e5023/MiniRaftClusterWithNettya4857fb2/s6] (custom)
2024-10-09 04:30:05,610 INFO  storage.RaftStorageDirectory (RaftStorageDirectoryImpl.java:analyzeStorage(138)) - The storage directory /home/runner/work/ratis/ratis/ratis-examples/target/test/data/6e6e5023/MiniRaftClusterWithNettya4857fb2/s6/c491dcd8-cfe1-48dd-9178-bdfe845af3b0 does not exist. Creating ...
2024-10-09 04:30:05,610 TRACE util.FileUtils (LogUtils.java:runAndLog(49)) - Successfully ran Files.createDirectories /home/runner/work/ratis/ratis/ratis-examples/target/test/data/6e6e5023/MiniRaftClusterWithNettya4857fb2/s6/c491dcd8-cfe1-48dd-9178-bdfe845af3b0
2024-10-09 04:30:05,611 INFO  storage.RaftStorageDirectory (RaftStorageDirectoryImpl.java:tryLock(229)) - Lock on /home/runner/work/ratis/ratis/ratis-examples/target/test/data/6e6e5023/MiniRaftClusterWithNettya4857fb2/s6/c491dcd8-cfe1-48dd-9178-bdfe845af3b0/in_use.lock acquired by nodename 14484@fv-az565-744
2024-10-09 04:30:05,611 TRACE util.FileUtils (LogUtils.java:runAndLog(49)) - Successfully ran Files.createDirectories /home/runner/work/ratis/ratis/ratis-examples/target/test/data/6e6e5023/MiniRaftClusterWithNettya4857fb2/s6/c491dcd8-cfe1-48dd-9178-bdfe845af3b0/current
2024-10-09 04:30:05,611 TRACE util.FileUtils (LogUtils.java:runAndLog(49)) - Successfully ran Files.createDirectories /home/runner/work/ratis/ratis/ratis-examples/target/test/data/6e6e5023/MiniRaftClusterWithNettya4857fb2/s6/c491dcd8-cfe1-48dd-9178-bdfe845af3b0/sm
2024-10-09 04:30:05,611 TRACE util.FileUtils (LogUtils.java:supplyAndLog(69)) - Successfully supplied FileChannel.open /home/runner/work/ratis/ratis/ratis-examples/target/test/data/6e6e5023/MiniRaftClusterWithNettya4857fb2/s6/c491dcd8-cfe1-48dd-9178-bdfe845af3b0/current/raft-meta.tmp with options [CREATE, WRITE]: sun.nio.ch.FileChannelImpl@64a20ce4
2024-10-09 04:30:05,612 TRACE util.FileUtils (LogUtils.java:runAndLog(49)) - Successfully ran Atomic Files.move /home/runner/work/ratis/ratis/ratis-examples/target/test/data/6e6e5023/MiniRaftClusterWithNettya4857fb2/s6/c491dcd8-cfe1-48dd-9178-bdfe845af3b0/current/raft-meta.tmp to /home/runner/work/ratis/ratis/ratis-examples/target/test/data/6e6e5023/MiniRaftClusterWithNettya4857fb2/s6/c491dcd8-cfe1-48dd-9178-bdfe845af3b0/current/raft-meta with options [REPLACE_EXISTING]
2024-10-09 04:30:05,612 INFO  storage.RaftStorage (RaftStorageImpl.java:format(98)) - Storage directory /home/runner/work/ratis/ratis/ratis-examples/target/test/data/6e6e5023/MiniRaftClusterWithNettya4857fb2/s6/c491dcd8-cfe1-48dd-9178-bdfe845af3b0 has been successfully formatted.
2024-10-09 04:30:05,612 WARN  statemachine.StateMachine (ArithmeticStateMachine.java:loadSnapshot(115)) - The snapshot info is null.
2024-10-09 04:30:05,612 INFO  server.RaftServerConfigKeys (ConfUtils.java:logGet(46)) - raft.server.log.use.memory = false (default)
2024-10-09 04:30:05,612 INFO  server.RaftServerConfigKeys (ConfUtils.java:logGet(46)) - raft.server.log.purge.gap = 1024 (default)
2024-10-09 04:30:05,612 INFO  server.RaftServerConfigKeys (ConfUtils.java:logGet(46)) - raft.server.log.appender.buffer.byte-limit = 4MB (=4194304) (default)
2024-10-09 04:30:05,612 INFO  server.RaftServerConfigKeys (ConfUtils.java:logGet(46)) - raft.server.log.statemachine.data.read.timeout = 1000ms (default)
2024-10-09 04:30:05,612 INFO  server.RaftServerConfigKeys (ConfUtils.java:logGet(46)) - raft.server.log.purge.preservation.log.num = 0 (default)
2024-10-09 04:30:05,613 INFO  server.RaftServerConfigKeys (ConfUtils.java:logGet(46)) - raft.server.log.segment.size.max = 32MB (=33554432) (default)
2024-10-09 04:30:05,613 INFO  server.RaftServerConfigKeys (ConfUtils.java:logGet(46)) - raft.server.log.segment.cache.num.max = 6 (default)
2024-10-09 04:30:05,613 INFO  server.RaftServerConfigKeys (ConfUtils.java:logGet(46)) - raft.server.log.segment.cache.size.max = 200MB (=209715200) (default)
2024-10-09 04:30:05,613 INFO  server.RaftServerConfigKeys (ConfUtils.java:logGet(46)) - raft.server.log.appender.buffer.byte-limit = 4MB (=4194304) (default)
2024-10-09 04:30:05,613 INFO  util.AwaitToRun (AwaitToRun.java:start(81)) - Thread[s6@group-BDFE845AF3B0-cacheEviction-AwaitToRun,5,main] started
2024-10-09 04:30:05,613 INFO  segmented.SegmentedRaftLogWorker (SegmentedRaftLogWorker.java:<init>(187)) - new s6@group-BDFE845AF3B0-SegmentedRaftLogWorker for RaftStorageImpl:Storage Directory /home/runner/work/ratis/ratis/ratis-examples/target/test/data/6e6e5023/MiniRaftClusterWithNettya4857fb2/s6/c491dcd8-cfe1-48dd-9178-bdfe845af3b0
2024-10-09 04:30:05,613 INFO  server.RaftServerConfigKeys (ConfUtils.java:logGet(46)) - raft.server.log.queue.byte-limit = 64MB (=67108864) (default)
2024-10-09 04:30:05,613 INFO  server.RaftServerConfigKeys (ConfUtils.java:logGet(46)) - raft.server.log.queue.element-limit = 4096 (default)
2024-10-09 04:30:05,613 INFO  server.RaftServerConfigKeys (ConfUtils.java:logGet(46)) - raft.server.log.segment.size.max = 32MB (=33554432) (default)
2024-10-09 04:30:05,613 INFO  server.RaftServerConfigKeys (ConfUtils.java:logGet(46)) - raft.server.log.preallocated.size = 4MB (=4194304) (default)
2024-10-09 04:30:05,613 INFO  server.RaftServerConfigKeys (ConfUtils.java:logGet(46)) - raft.server.log.force.sync.num = 128 (default)
2024-10-09 04:30:05,613 INFO  server.RaftServerConfigKeys (ConfUtils.java:logGet(46)) - raft.server.log.statemachine.data.sync = true (default)
2024-10-09 04:30:05,613 INFO  server.RaftServerConfigKeys (ConfUtils.java:logGet(46)) - raft.server.log.statemachine.data.sync.timeout = 10s (default)
2024-10-09 04:30:05,613 INFO  server.RaftServerConfigKeys (ConfUtils.java:logGet(46)) - raft.server.log.statemachine.data.sync.timeout.retry = -1 (default)
2024-10-09 04:30:05,613 INFO  server.RaftServerConfigKeys (ConfUtils.java:logGet(46)) - raft.server.log.write.buffer.size = 8MB (=8388608) (default)
2024-10-09 04:30:05,615 INFO  server.RaftServerConfigKeys (ConfUtils.java:logGet(46)) - raft.server.log.appender.buffer.byte-limit = 4MB (=4194304) (default)
2024-10-09 04:30:05,615 INFO  server.RaftServerConfigKeys (ConfUtils.java:logGet(46)) - raft.server.log.unsafe-flush.enabled = false (default)
2024-10-09 04:30:05,615 INFO  server.RaftServerConfigKeys (ConfUtils.java:logGet(46)) - raft.server.log.async-flush.enabled = false (default)
2024-10-09 04:30:05,615 INFO  server.RaftServerConfigKeys (ConfUtils.java:logGet(46)) - raft.server.log.statemachine.data.caching.enabled = false (default)
2024-10-09 04:30:05,615 INFO  segmented.SegmentedRaftLogWorker (SegmentedRaftLogWorker.java:lambda$new$0(138)) - s6@group-BDFE845AF3B0-SegmentedRaftLogWorker: flushIndex: setUnconditionally 0 -> -1
2024-10-09 04:30:05,615 INFO  segmented.SegmentedRaftLogWorker (SegmentedRaftLogWorker.java:lambda$new$0(138)) - s6@group-BDFE845AF3B0-SegmentedRaftLogWorker: safeCacheEvictIndex: setUnconditionally 0 -> -1
2024-10-09 04:30:05,615 INFO  server.RaftServer$Division (RaftServerImpl.java:start(398)) - s6@group-BDFE845AF3B0: start with initializing state, conf=conf: {index: -1, cur=peers:[]|listeners:[], old=null}
2024-10-09 04:30:05,615 INFO  server.RaftServer$Division (RaftServerImpl.java:setRole(379)) - s6@group-BDFE845AF3B0: changes role from      null to FOLLOWER at term 0 for start
2024-10-09 04:30:05,615 INFO  util.JmxRegister (JmxRegister.java:tryRegister(44)) - Successfully registered JMX Bean with object name Ratis:service=RaftServer,group=group-BDFE845AF3B0,id=s6
2024-10-09 04:30:05,615 INFO  util.JmxRegister (JmxRegister.java:register(58)) - register mxBean class org.apache.ratis.server.impl.RaftServerJmxAdapter as Ratis:service=RaftServer,group=group-BDFE845AF3B0,id=s6
2024-10-09 04:30:05,616 INFO  server.RaftServerConfigKeys (ConfUtils.java:logGet(46)) - raft.server.snapshot.trigger-when-stop.enabled = true (default)
2024-10-09 04:30:05,616 INFO  server.RaftServerConfigKeys (ConfUtils.java:logGet(46)) - raft.server.snapshot.trigger-when-remove.enabled = true (default)
2024-10-09 04:30:05,616 INFO  server.RaftServerConfigKeys (ConfUtils.java:logGet(46)) - raft.server.snapshot.auto.trigger.enabled = false (default)
2024-10-09 04:30:05,616 INFO  server.RaftServerConfigKeys (ConfUtils.java:logGet(46)) - raft.server.snapshot.retention.file.num = -1 (default)
2024-10-09 04:30:05,616 INFO  server.RaftServerConfigKeys (ConfUtils.java:logGet(46)) - raft.server.log.purge.upto.snapshot.index = false (default)
2024-10-09 04:30:05,618 INFO  impl.GroupManagementBaseTest (GroupManagementBaseTest.java:runMultiGroupTest(330)) - 4) setConfiguration: printing group-BDFE845AF3B0
  s3:  RUNNING [
   FOLLOWER s3@group-DA40570646C7:t0, leader=null, voted=, raftlog=Memoized:s3@group-DA40570646C7-SegmentedRaftLog:OPENED:c-1:lastnull, conf=conf: {index: -1, cur=peers:[]|listeners:[], old=null} STARTING
   FOLLOWER s3@group-BDFE845AF3B0:t0, leader=null, voted=, raftlog=Memoized:s3@group-BDFE845AF3B0-SegmentedRaftLog:OPENED:c-1:lastnull, conf=conf: {index: -1, cur=peers:[]|listeners:[], old=null} STARTING] size=2
  s4:  RUNNING [
   FOLLOWER s4@group-DA40570646C7:t0, leader=null, voted=, raftlog=Memoized:s4@group-DA40570646C7-SegmentedRaftLog:OPENED:c-1:lastnull, conf=conf: {index: -1, cur=peers:[]|listeners:[], old=null} STARTING
   FOLLOWER s4@group-BDFE845AF3B0:t0, leader=null, voted=, raftlog=Memoized:s4@group-BDFE845AF3B0-SegmentedRaftLog:OPENED:c-1:lastnull, conf=conf: {index: -1, cur=peers:[]|listeners:[], old=null} STARTING] size=2
  s5:  RUNNING [
   FOLLOWER s5@group-DA40570646C7:t0, leader=null, voted=, raftlog=Memoized:s5@group-DA40570646C7-SegmentedRaftLog:OPENED:c-1:lastnull, conf=conf: {index: -1, cur=peers:[]|listeners:[], old=null} STARTING
   FOLLOWER s5@group-BDFE845AF3B0:t0, leader=null, voted=, raftlog=Memoized:s5@group-BDFE845AF3B0-SegmentedRaftLog:OPENED:c-1:lastnull, conf=conf: {index: -1, cur=peers:[]|listeners:[], old=null} STARTING] size=2
  s6:  RUNNING [
   FOLLOWER s6@group-DA40570646C7:t0, leader=null, voted=, raftlog=Memoized:s6@group-DA40570646C7-SegmentedRaftLog:OPENED:c-1:lastnull, conf=conf: {index: -1, cur=peers:[]|listeners:[], old=null} STARTING
   FOLLOWER s6@group-BDFE845AF3B0:t0, leader=null, voted=, raftlog=Memoized:s6@group-BDFE845AF3B0-SegmentedRaftLog:OPENED:c-1:lastnull, conf=conf: {index: -1, cur=peers:[]|listeners:[], old=null} STARTING] size=2
  s7:  RUNNING [
   FOLLOWER s7@group-DA40570646C7:t0, leader=null, voted=, raftlog=Memoized:s7@group-DA40570646C7-SegmentedRaftLog:OPENED:c-1:lastnull, conf=conf: {index: -1, cur=peers:[]|listeners:[], old=null} STARTING
   FOLLOWER s7@group-BDFE845AF3B0:t1, leader=s9, voted=s9, raftlog=Memoized:s7@group-BDFE845AF3B0-SegmentedRaftLog:OPENED:c120:last(t:1, i:120), conf=conf: {index: 0, cur=peers:[s7|0.0.0.0:15022, s8|0.0.0.0:15023, s9|0.0.0.0:15024]|listeners:[], old=null} RUNNING] size=2
  s8:  RUNNING [
   FOLLOWER s8@group-DA40570646C7:t0, leader=null, voted=, raftlog=Memoized:s8@group-DA40570646C7-SegmentedRaftLog:OPENED:c-1:lastnull, conf=conf: {index: -1, cur=peers:[]|listeners:[], old=null} STARTING
   FOLLOWER s8@group-BDFE845AF3B0:t1, leader=s9, voted=s9, raftlog=Memoized:s8@group-BDFE845AF3B0-SegmentedRaftLog:OPENED:c120:last(t:1, i:120), conf=conf: {index: 0, cur=peers:[s7|0.0.0.0:15022, s8|0.0.0.0:15023, s9|0.0.0.0:15024]|listeners:[], old=null} RUNNING] size=2
  s9:  RUNNING [
   FOLLOWER s9@group-DA40570646C7:t0, leader=null, voted=, raftlog=Memoized:s9@group-DA40570646C7-SegmentedRaftLog:OPENED:c-1:lastnull, conf=conf: {index: -1, cur=peers:[]|listeners:[], old=null} STARTING
     LEADER s9@group-BDFE845AF3B0:t1, leader=s9, voted=s9, raftlog=Memoized:s9@group-BDFE845AF3B0-SegmentedRaftLog:OPENED:c120:last(t:1, i:120), conf=conf: {index: 0, cur=peers:[s7|0.0.0.0:15022, s8|0.0.0.0:15023, s9|0.0.0.0:15024]|listeners:[], old=null} RUNNING] size=2
  s11:  RUNNING [
   FOLLOWER s11@group-DA40570646C7:t0, leader=null, voted=, raftlog=Memoized:s11@group-DA40570646C7-SegmentedRaftLog:OPENED:c-1:lastnull, conf=conf: {index: -1, cur=peers:[]|listeners:[], old=null} STARTING
   FOLLOWER s11@group-BDFE845AF3B0:t0, leader=null, voted=, raftlog=Memoized:s11@group-BDFE845AF3B0-SegmentedRaftLog:OPENED:c-1:lastnull, conf=conf: {index: -1, cur=peers:[]|listeners:[], old=null} STARTING] size=2
  s10:  RUNNING [
   FOLLOWER s10@group-DA40570646C7:t0, leader=null, voted=, raftlog=Memoized:s10@group-DA40570646C7-SegmentedRaftLog:OPENED:c-1:lastnull, conf=conf: {index: -1, cur=peers:[]|listeners:[], old=null} STARTING
   FOLLOWER s10@group-BDFE845AF3B0:t0, leader=null, voted=, raftlog=Memoized:s10@group-BDFE845AF3B0-SegmentedRaftLog:OPENED:c-1:lastnull, conf=conf: {index: -1, cur=peers:[]|listeners:[], old=null} STARTING] size=2
  s13:  RUNNING [
   FOLLOWER s13@group-DA40570646C7:t0, leader=null, voted=, raftlog=Memoized:s13@group-DA40570646C7-SegmentedRaftLog:OPENED:c-1:lastnull, conf=conf: {index: -1, cur=peers:[]|listeners:[], old=null} STARTING
   FOLLOWER s13@group-BDFE845AF3B0:t0, leader=null, voted=, raftlog=Memoized:s13@group-BDFE845AF3B0-SegmentedRaftLog:OPENED:c-1:lastnull, conf=conf: {index: -1, cur=peers:[]|listeners:[], old=null} STARTING] size=2
  s12:  RUNNING [
   FOLLOWER s12@group-DA40570646C7:t0, leader=null, voted=, raftlog=Memoized:s12@group-DA40570646C7-SegmentedRaftLog:OPENED:c-1:lastnull, conf=conf: {index: -1, cur=peers:[]|listeners:[], old=null} STARTING
   FOLLOWER s12@group-BDFE845AF3B0:t0, leader=null, voted=, raftlog=Memoized:s12@group-BDFE845AF3B0-SegmentedRaftLog:OPENED:c-1:lastnull, conf=conf: {index: -1, cur=peers:[]|listeners:[], old=null} STARTING] size=2
  s14:  RUNNING [
   FOLLOWER s14@group-DA40570646C7:t0, leader=null, voted=, raftlog=Memoized:s14@group-DA40570646C7-SegmentedRaftLog:OPENED:c-1:lastnull, conf=conf: {index: -1, cur=peers:[]|listeners:[], old=null} STARTING
   FOLLOWER s14@group-BDFE845AF3B0:t0, leader=null, voted=, raftlog=Memoized:s14@group-BDFE845AF3B0-SegmentedRaftLog:OPENED:c-1:lastnull, conf=conf: {index: -1, cur=peers:[]|listeners:[], old=null} STARTING] size=2
  s0:  RUNNING [
   FOLLOWER s0@group-DA40570646C7:t0, leader=null, voted=, raftlog=Memoized:s0@group-DA40570646C7-SegmentedRaftLog:OPENED:c-1:lastnull, conf=conf: {index: -1, cur=peers:[]|listeners:[], old=null} STARTING
   FOLLOWER s0@group-BDFE845AF3B0:t0, leader=null, voted=, raftlog=Memoized:s0@group-BDFE845AF3B0-SegmentedRaftLog:OPENED:c-1:lastnull, conf=conf: {index: -1, cur=peers:[]|listeners:[], old=null} STARTING] size=2
  s1:  RUNNING [
   FOLLOWER s1@group-DA40570646C7:t0, leader=null, voted=, raftlog=Memoized:s1@group-DA40570646C7-SegmentedRaftLog:OPENED:c-1:lastnull, conf=conf: {index: -1, cur=peers:[]|listeners:[], old=null} STARTING
   FOLLOWER s1@group-BDFE845AF3B0:t0, leader=null, voted=, raftlog=Memoized:s1@group-BDFE845AF3B0-SegmentedRaftLog:OPENED:c-1:lastnull, conf=conf: {index: -1, cur=peers:[]|listeners:[], old=null} STARTING] size=2
  s2:  RUNNING [
   FOLLOWER s2@group-DA40570646C7:t0, leader=null, voted=, raftlog=Memoized:s2@group-DA40570646C7-SegmentedRaftLog:OPENED:c-1:lastnull, conf=conf: {index: -1, cur=peers:[]|listeners:[], old=null} STARTING
   FOLLOWER s2@group-BDFE845AF3B0:t0, leader=null, voted=, raftlog=Memoized:s2@group-BDFE845AF3B0-SegmentedRaftLog:OPENED:c-1:lastnull, conf=conf: {index: -1, cur=peers:[]|listeners:[], old=null} STARTING] size=2
2024-10-09 04:30:05,618 INFO  netty.NettyUtils (NettyUtils.java:newEventLoopGroup(74)) - Create EpollEventLoopGroup for client-2C6E76C87937; Thread size is 0.
2024-10-09 04:30:05,620 INFO  logging.LoggingHandler (AbstractInternalLogger.java:log(148)) - [id: 0xdcaa3c53, L:/0.0.0.0:15024] READ: [id: 0x9754f41b, L:/127.0.0.1:15024 - R:/127.0.0.1:54642]
2024-10-09 04:30:05,620 INFO  logging.LoggingHandler (AbstractInternalLogger.java:log(148)) - [id: 0xdcaa3c53, L:/0.0.0.0:15024] READ COMPLETE
2024-10-09 04:30:05,621 INFO  server.RaftServer$Division (RaftServerImpl.java:setConfigurationAsync(1332)) - s9@group-BDFE845AF3B0: receive setConfiguration SetConfigurationRequest:client-2C6E76C87937->s9@group-BDFE845AF3B0, cid=7232, seq=null, RW, null, SET_UNCONDITIONALLY, servers:[s7|0.0.0.0:15022, s8|0.0.0.0:15023, s9|0.0.0.0:15024, s0|0.0.0.0:15015, s1|0.0.0.0:15016], listeners:[]
2024-10-09 04:30:05,621 INFO  server.RaftServer$Division (LeaderStateImpl.java:startSetConfiguration(486)) - s9@group-BDFE845AF3B0-LeaderStateImpl: startSetConfiguration SetConfigurationRequest:client-2C6E76C87937->s9@group-BDFE845AF3B0, cid=7232, seq=null, RW, null, SET_UNCONDITIONALLY, servers:[s7|0.0.0.0:15022, s8|0.0.0.0:15023, s9|0.0.0.0:15024, s0|0.0.0.0:15015, s1|0.0.0.0:15016], listeners:[]
2024-10-09 04:30:05,622 INFO  server.RaftServerConfigKeys (ConfUtils.java:logGet(46)) - raft.server.log.appender.snapshot.chunk.size.max = 16MB (=16777216) (default)
2024-10-09 04:30:05,622 INFO  server.RaftServerConfigKeys (ConfUtils.java:logGet(46)) - raft.server.log.appender.buffer.byte-limit = 4MB (=4194304) (default)
2024-10-09 04:30:05,622 INFO  server.RaftServerConfigKeys (ConfUtils.java:logGet(46)) - raft.server.log.appender.buffer.element-limit = 0 (default)
2024-10-09 04:30:05,622 INFO  server.RaftServerConfigKeys (ConfUtils.java:logGet(46)) - raft.server.log.appender.wait-time.min = 1ms (default)
2024-10-09 04:30:05,622 INFO  server.RaftServerConfigKeys (ConfUtils.java:logGet(46)) - raft.server.log.appender.snapshot.chunk.size.max = 16MB (=16777216) (default)
2024-10-09 04:30:05,623 INFO  server.RaftServerConfigKeys (ConfUtils.java:logGet(46)) - raft.server.log.appender.buffer.byte-limit = 4MB (=4194304) (default)
2024-10-09 04:30:05,623 INFO  server.RaftServerConfigKeys (ConfUtils.java:logGet(46)) - raft.server.log.appender.buffer.element-limit = 0 (default)
2024-10-09 04:30:05,623 INFO  server.RaftServerConfigKeys (ConfUtils.java:logGet(46)) - raft.server.log.appender.wait-time.min = 1ms (default)
2024-10-09 04:30:05,623 INFO  leader.FollowerInfo (FollowerInfoImpl.java:setAttemptedToInstallSnapshot(154)) - Follower s9@group-BDFE845AF3B0->s0 acknowledged installing snapshot
2024-10-09 04:30:05,624 INFO  leader.FollowerInfo (FollowerInfoImpl.java:setAttemptedToInstallSnapshot(154)) - Follower s9@group-BDFE845AF3B0->s1 acknowledged installing snapshot
2024-10-09 04:30:05,624 INFO  logging.LoggingHandler (AbstractInternalLogger.java:log(148)) - [id: 0xadcfcd76, L:/0.0.0.0:15015] READ: [id: 0x78a453d8, L:/127.0.0.1:15015 - R:/127.0.0.1:40280]
2024-10-09 04:30:05,624 INFO  logging.LoggingHandler (AbstractInternalLogger.java:log(148)) - [id: 0xadcfcd76, L:/0.0.0.0:15015] READ COMPLETE
2024-10-09 04:30:05,625 TRACE util.FileUtils (LogUtils.java:supplyAndLog(69)) - Successfully supplied FileChannel.open /home/runner/work/ratis/ratis/ratis-examples/target/test/data/6e6e5023/MiniRaftClusterWithNettya4857fb2/s0/c491dcd8-cfe1-48dd-9178-bdfe845af3b0/current/raft-meta.tmp with options [CREATE, WRITE]: sun.nio.ch.FileChannelImpl@16b9b360
2024-10-09 04:30:05,625 INFO  logging.LoggingHandler (AbstractInternalLogger.java:log(148)) - [id: 0x6adfe881, L:/0.0.0.0:15016] READ: [id: 0xc6291623, L:/127.0.0.1:15016 - R:/127.0.0.1:57982]
2024-10-09 04:30:05,625 INFO  logging.LoggingHandler (AbstractInternalLogger.java:log(148)) - [id: 0x6adfe881, L:/0.0.0.0:15016] READ COMPLETE
2024-10-09 04:30:05,626 TRACE util.FileUtils (LogUtils.java:supplyAndLog(69)) - Successfully supplied FileChannel.open /home/runner/work/ratis/ratis/ratis-examples/target/test/data/6e6e5023/MiniRaftClusterWithNettya4857fb2/s1/c491dcd8-cfe1-48dd-9178-bdfe845af3b0/current/raft-meta.tmp with options [CREATE, WRITE]: sun.nio.ch.FileChannelImpl@56028b4c
2024-10-09 04:30:05,626 TRACE util.FileUtils (LogUtils.java:runAndLog(49)) - Successfully ran Atomic Files.move /home/runner/work/ratis/ratis/ratis-examples/target/test/data/6e6e5023/MiniRaftClusterWithNettya4857fb2/s0/c491dcd8-cfe1-48dd-9178-bdfe845af3b0/current/raft-meta.tmp to /home/runner/work/ratis/ratis/ratis-examples/target/test/data/6e6e5023/MiniRaftClusterWithNettya4857fb2/s0/c491dcd8-cfe1-48dd-9178-bdfe845af3b0/current/raft-meta with options [REPLACE_EXISTING]
2024-10-09 04:30:05,626 INFO  server.RaftServer$Division (RaftServerImpl.java:setFirstElection(560)) - s0@group-BDFE845AF3B0: set firstElectionSinceStartup to false for appendEntries
2024-10-09 04:30:05,626 INFO  server.RaftServer$Division (ServerState.java:setLeader(272)) - s0@group-BDFE845AF3B0: change Leader from null to s9 at term 1 for appendEntries, leader elected after 200ms
2024-10-09 04:30:05,627 TRACE util.FileUtils (LogUtils.java:runAndLog(49)) - Successfully ran Atomic Files.move /home/runner/work/ratis/ratis/ratis-examples/target/test/data/6e6e5023/MiniRaftClusterWithNettya4857fb2/s1/c491dcd8-cfe1-48dd-9178-bdfe845af3b0/current/raft-meta.tmp to /home/runner/work/ratis/ratis/ratis-examples/target/test/data/6e6e5023/MiniRaftClusterWithNettya4857fb2/s1/c491dcd8-cfe1-48dd-9178-bdfe845af3b0/current/raft-meta with options [REPLACE_EXISTING]
2024-10-09 04:30:05,627 INFO  server.RaftServer$Division (RaftServerImpl.java:setFirstElection(560)) - s1@group-BDFE845AF3B0: set firstElectionSinceStartup to false for appendEntries
2024-10-09 04:30:05,627 INFO  server.RaftServer$Division (ServerState.java:setLeader(272)) - s1@group-BDFE845AF3B0: change Leader from null to s9 at term 1 for appendEntries, leader elected after 182ms
2024-10-09 04:30:05,628 DEBUG server.RaftServer$Division (RaftServerImpl.java:logAppendEntries(1545)) - s0@group-BDFE845AF3B0: appendEntries* s9->s0#7237-t1,previous=(t:0, i:0),leaderCommit=120,initializing? true,entries: size=121, first=(t:1, i:0), CONFIGURATIONENTRY(current:id:"s7"address:"0.0.0.0:15022"clientAddress:"0.0.0.0:15022"adminAddress:"0.0.0.0:15022"startupRole:FOLLOWER, id:"s8"address:"0.0.0.0:15023"clientAddress:"0.0.0.0:15023"adminAddress:"0.0.0.0:15023"startupRole:FOLLOWER, id:"s9"address:"0.0.0.0:15024"clientAddress:"0.0.0.0:15024"adminAddress:"0.0.0.0:15024"startupRole:FOLLOWER, old:)
2024-10-09 04:30:05,628 DEBUG server.RaftServer$Division (RaftServerImpl.java:logAppendEntries(1545)) - s1@group-BDFE845AF3B0: appendEntries* s9->s1#7238-t1,previous=(t:0, i:0),leaderCommit=120,initializing? true,entries: size=121, first=(t:1, i:0), CONFIGURATIONENTRY(current:id:"s7"address:"0.0.0.0:15022"clientAddress:"0.0.0.0:15022"adminAddress:"0.0.0.0:15022"startupRole:FOLLOWER, id:"s8"address:"0.0.0.0:15023"clientAddress:"0.0.0.0:15023"adminAddress:"0.0.0.0:15023"startupRole:FOLLOWER, id:"s9"address:"0.0.0.0:15024"clientAddress:"0.0.0.0:15024"adminAddress:"0.0.0.0:15024"startupRole:FOLLOWER, old:)
2024-10-09 04:30:05,628 INFO  server.RaftServer$Division (ServerState.java:setRaftConf(386)) - s1@group-BDFE845AF3B0: set configuration conf: {index: 0, cur=peers:[s7|0.0.0.0:15022, s8|0.0.0.0:15023, s9|0.0.0.0:15024]|listeners:[], old=null}
2024-10-09 04:30:05,628 INFO  segmented.SegmentedRaftLogWorker (SegmentedRaftLogWorker.java:startLogSegment(438)) - s1@group-BDFE845AF3B0-SegmentedRaftLogWorker: Starting segment from index:0
2024-10-09 04:30:05,629 INFO  segmented.BufferedWriteChannel (BufferedWriteChannel.java:open(61)) - open log_inprogress_0 at position 0
2024-10-09 04:30:05,632 INFO  server.RaftServer$Division (ServerState.java:setRaftConf(386)) - s9@group-BDFE845AF3B0: set configuration conf: {index: 121, cur=peers:[s7|0.0.0.0:15022, s8|0.0.0.0:15023, s9|0.0.0.0:15024, s0|0.0.0.0:15015, s1|0.0.0.0:15016]|listeners:[], old=peers:[s7|0.0.0.0:15022, s8|0.0.0.0:15023, s9|0.0.0.0:15024]|listeners:[]}
2024-10-09 04:30:05,633 DEBUG server.RaftServer$Division (RaftServerImpl.java:logAppendEntries(1545)) - s8@group-BDFE845AF3B0: appendEntries* s9->s8#7240-t1,previous=(t:1, i:120),leaderCommit=120,initializing? false,entries: size=1, first=(t:1, i:121), CONFIGURATIONENTRY(current:id:"s7"address:"0.0.0.0:15022"clientAddress:"0.0.0.0:15022"adminAddress:"0.0.0.0:15022"startupRole:FOLLOWER, id:"s8"address:"0.0.0.0:15023"clientAddress:"0.0.0.0:15023"adminAddress:"0.0.0.0:15023"startupRole:FOLLOWER, id:"s9"address:"0.0.0.0:15024"clientAddress:"0.0.0.0:15024"adminAddress:"0.0.0.0:15024"startupRole:FOLLOWER, id:"s0"address:"0.0.0.0:15015"clientAddress:"0.0.0.0:15015"adminAddress:"0.0.0.0:15015"startupRole:FOLLOWER, id:"s1"address:"0.0.0.0:15016"clientAddress:"0.0.0.0:15016"adminAddress:"0.0.0.0:15016"startupRole:FOLLOWER, old:id:"s7"address:"0.0.0.0:15022"clientAddress:"0.0.0.0:15022"adminAddress:"0.0.0.0:15022"startupRole:FOLLOWER, id:"s8"address:"0.0.0.0:15023"clientAddress:"0.0.0.0:15023"adminAddress:"0.0.0.0:15023"startupRole:FOLLOWER, id:"s9"address:"0.0.0.0:15024"clientAddress:"0.0.0.0:15024"adminAddress:"0.0.0.0:15024"startupRole:FOLLOWER)
2024-10-09 04:30:05,633 INFO  server.RaftServer$Division (ServerState.java:setRaftConf(386)) - s8@group-BDFE845AF3B0: set configuration conf: {index: 121, cur=peers:[s7|0.0.0.0:15022, s8|0.0.0.0:15023, s9|0.0.0.0:15024, s0|0.0.0.0:15015, s1|0.0.0.0:15016]|listeners:[], old=peers:[s7|0.0.0.0:15022, s8|0.0.0.0:15023, s9|0.0.0.0:15024]|listeners:[]}
2024-10-09 04:30:05,634 DEBUG server.RaftServer$Division (RaftServerImpl.java:logAppendEntries(1545)) - s8@group-BDFE845AF3B0: appendEntries* reply s9<-s8#7240:OK-t1,SUCCESS,nextIndex=122,followerCommit=120,matchIndex=121
2024-10-09 04:30:05,628 INFO  server.RaftServer$Division (ServerState.java:setRaftConf(386)) - s0@group-BDFE845AF3B0: set configuration conf: {index: 0, cur=peers:[s7|0.0.0.0:15022, s8|0.0.0.0:15023, s9|0.0.0.0:15024]|listeners:[], old=null}
2024-10-09 04:30:05,633 DEBUG server.RaftServer$Division (RaftServerImpl.java:logAppendEntries(1545)) - s7@group-BDFE845AF3B0: appendEntries* s9->s7#7239-t1,previous=(t:1, i:120),leaderCommit=120,initializing? false,entries: size=1, first=(t:1, i:121), CONFIGURATIONENTRY(current:id:"s7"address:"0.0.0.0:15022"clientAddress:"0.0.0.0:15022"adminAddress:"0.0.0.0:15022"startupRole:FOLLOWER, id:"s8"address:"0.0.0.0:15023"clientAddress:"0.0.0.0:15023"adminAddress:"0.0.0.0:15023"startupRole:FOLLOWER, id:"s9"address:"0.0.0.0:15024"clientAddress:"0.0.0.0:15024"adminAddress:"0.0.0.0:15024"startupRole:FOLLOWER, id:"s0"address:"0.0.0.0:15015"clientAddress:"0.0.0.0:15015"adminAddress:"0.0.0.0:15015"startupRole:FOLLOWER, id:"s1"address:"0.0.0.0:15016"clientAddress:"0.0.0.0:15016"adminAddress:"0.0.0.0:15016"startupRole:FOLLOWER, old:id:"s7"address:"0.0.0.0:15022"clientAddress:"0.0.0.0:15022"adminAddress:"0.0.0.0:15022"startupRole:FOLLOWER, id:"s8"address:"0.0.0.0:15023"clientAddress:"0.0.0.0:15023"adminAddress:"0.0.0.0:15023"startupRole:FOLLOWER, id:"s9"address:"0.0.0.0:15024"clientAddress:"0.0.0.0:15024"adminAddress:"0.0.0.0:15024"startupRole:FOLLOWER)
2024-10-09 04:30:05,635 INFO  segmented.SegmentedRaftLogWorker (SegmentedRaftLogWorker.java:startLogSegment(438)) - s0@group-BDFE845AF3B0-SegmentedRaftLogWorker: Starting segment from index:0
2024-10-09 04:30:05,636 INFO  segmented.BufferedWriteChannel (BufferedWriteChannel.java:open(61)) - open log_inprogress_0 at position 0
2024-10-09 04:30:05,635 INFO  server.RaftServer$Division (ServerState.java:setRaftConf(386)) - s7@group-BDFE845AF3B0: set configuration conf: {index: 121, cur=peers:[s7|0.0.0.0:15022, s8|0.0.0.0:15023, s9|0.0.0.0:15024, s0|0.0.0.0:15015, s1|0.0.0.0:15016]|listeners:[], old=peers:[s7|0.0.0.0:15022, s8|0.0.0.0:15023, s9|0.0.0.0:15024]|listeners:[]}
2024-10-09 04:30:05,638 DEBUG server.RaftServer$Division (RaftServerImpl.java:logAppendEntries(1545)) - s7@group-BDFE845AF3B0: appendEntries* reply s9<-s7#7239:OK-t1,SUCCESS,nextIndex=122,followerCommit=120,matchIndex=121
2024-10-09 04:30:05,638 INFO  segmented.SegmentedRaftLogWorker (SegmentedRaftLogWorker.java:execute(660)) - s1@group-BDFE845AF3B0-SegmentedRaftLogWorker: created new log segment /home/runner/work/ratis/ratis/ratis-examples/target/test/data/6e6e5023/MiniRaftClusterWithNettya4857fb2/s1/c491dcd8-cfe1-48dd-9178-bdfe845af3b0/current/log_inprogress_0
2024-10-09 04:30:05,639 DEBUG server.RaftServer$Division (RaftServerImpl.java:logAppendEntries(1545)) - s1@group-BDFE845AF3B0: appendEntries* reply s9<-s1#7238:OK-t1,SUCCESS,nextIndex=121,followerCommit=120,matchIndex=120
2024-10-09 04:30:05,640 TRACE util.FileUtils (LogUtils.java:supplyAndLog(69)) - Successfully supplied FileChannel.open /home/runner/work/ratis/ratis/ratis-examples/target/test/data/6e6e5023/MiniRaftClusterWithNettya4857fb2/s1/c491dcd8-cfe1-48dd-9178-bdfe845af3b0/current/raft-meta.conf.tmp with options [CREATE, WRITE]: sun.nio.ch.FileChannelImpl@512fd118
2024-10-09 04:30:05,641 INFO  server.RaftServer$Division (ServerState.java:setRaftConf(386)) - s9@group-BDFE845AF3B0: set configuration conf: {index: 123, cur=peers:[s7|0.0.0.0:15022, s8|0.0.0.0:15023, s9|0.0.0.0:15024, s0|0.0.0.0:15015, s1|0.0.0.0:15016]|listeners:[], old=null}
2024-10-09 04:30:05,641 TRACE util.FileUtils (LogUtils.java:runAndLog(49)) - Successfully ran Atomic Files.move /home/runner/work/ratis/ratis/ratis-examples/target/test/data/6e6e5023/MiniRaftClusterWithNettya4857fb2/s1/c491dcd8-cfe1-48dd-9178-bdfe845af3b0/current/raft-meta.conf.tmp to /home/runner/work/ratis/ratis/ratis-examples/target/test/data/6e6e5023/MiniRaftClusterWithNettya4857fb2/s1/c491dcd8-cfe1-48dd-9178-bdfe845af3b0/current/raft-meta.conf with options [REPLACE_EXISTING]
2024-10-09 04:30:05,641 TRACE util.FileUtils (LogUtils.java:supplyAndLog(69)) - Successfully supplied FileChannel.open /home/runner/work/ratis/ratis/ratis-examples/target/test/data/6e6e5023/MiniRaftClusterWithNettya4857fb2/s9/c491dcd8-cfe1-48dd-9178-bdfe845af3b0/current/raft-meta.conf.tmp with options [CREATE, WRITE]: sun.nio.ch.FileChannelImpl@be13688
2024-10-09 04:30:05,641 DEBUG server.RaftServer$Division (RaftServerImpl.java:logAppendEntries(1545)) - s8@group-BDFE845AF3B0: appendEntries* s9->s8#7242-t1,previous=(t:1, i:121),leaderCommit=121,initializing? false,entries: size=1, first=(t:1, i:122), METADATAENTRY(c:121)
2024-10-09 04:30:05,642 DEBUG server.RaftServer$Division (RaftServerImpl.java:logAppendEntries(1545)) - s8@group-BDFE845AF3B0: appendEntries* reply s9<-s8#7242:OK-t1,SUCCESS,nextIndex=123,followerCommit=121,matchIndex=122
2024-10-09 04:30:05,642 DEBUG server.RaftServer$Division (RaftServerImpl.java:logAppendEntries(1545)) - s1@group-BDFE845AF3B0: appendEntries* s9->s1#7241-t1,previous=(t:1, i:120),leaderCommit=120,initializing? false,entries: size=1, first=(t:1, i:121), CONFIGURATIONENTRY(current:id:"s7"address:"0.0.0.0:15022"clientAddress:"0.0.0.0:15022"adminAddress:"0.0.0.0:15022"startupRole:FOLLOWER, id:"s8"address:"0.0.0.0:15023"clientAddress:"0.0.0.0:15023"adminAddress:"0.0.0.0:15023"startupRole:FOLLOWER, id:"s9"address:"0.0.0.0:15024"clientAddress:"0.0.0.0:15024"adminAddress:"0.0.0.0:15024"startupRole:FOLLOWER, id:"s0"address:"0.0.0.0:15015"clientAddress:"0.0.0.0:15015"adminAddress:"0.0.0.0:15015"startupRole:FOLLOWER, id:"s1"address:"0.0.0.0:15016"clientAddress:"0.0.0.0:15016"adminAddress:"0.0.0.0:15016"startupRole:FOLLOWER, old:id:"s7"address:"0.0.0.0:15022"clientAddress:"0.0.0.0:15022"adminAddress:"0.0.0.0:15022"startupRole:FOLLOWER, id:"s8"address:"0.0.0.0:15023"clientAddress:"0.0.0.0:15023"adminAddress:"0.0.0.0:15023"startupRole:FOLLOWER, id:"s9"address:"0.0.0.0:15024"clientAddress:"0.0.0.0:15024"adminAddress:"0.0.0.0:15024"startupRole:FOLLOWER)
2024-10-09 04:30:05,642 INFO  impl.RoleInfo (RoleInfo.java:updateAndGet(148)) - s1: start s1@group-BDFE845AF3B0-FollowerState
2024-10-09 04:30:05,642 TRACE util.FileUtils (LogUtils.java:supplyAndLog(69)) - Successfully supplied FileChannel.open /home/runner/work/ratis/ratis/ratis-examples/target/test/data/6e6e5023/MiniRaftClusterWithNettya4857fb2/s8/c491dcd8-cfe1-48dd-9178-bdfe845af3b0/current/raft-meta.conf.tmp with options [CREATE, WRITE]: sun.nio.ch.FileChannelImpl@312f6e69
2024-10-09 04:30:05,643 DEBUG server.RaftServer$Division (RaftServerImpl.java:logAppendEntries(1545)) - s8@group-BDFE845AF3B0: appendEntries* s9->s8#7243-t1,previous=(t:1, i:122),leaderCommit=121,initializing? false,entries: size=1, first=(t:1, i:123), CONFIGURATIONENTRY(current:id:"s7"address:"0.0.0.0:15022"clientAddress:"0.0.0.0:15022"adminAddress:"0.0.0.0:15022"startupRole:FOLLOWER, id:"s8"address:"0.0.0.0:15023"clientAddress:"0.0.0.0:15023"adminAddress:"0.0.0.0:15023"startupRole:FOLLOWER, id:"s9"address:"0.0.0.0:15024"clientAddress:"0.0.0.0:15024"adminAddress:"0.0.0.0:15024"startupRole:FOLLOWER, id:"s0"address:"0.0.0.0:15015"clientAddress:"0.0.0.0:15015"adminAddress:"0.0.0.0:15015"startupRole:FOLLOWER, id:"s1"address:"0.0.0.0:15016"clientAddress:"0.0.0.0:15016"adminAddress:"0.0.0.0:15016"startupRole:FOLLOWER, old:)
2024-10-09 04:30:05,643 INFO  server.RaftServer$Division (ServerState.java:setRaftConf(386)) - s8@group-BDFE845AF3B0: set configuration conf: {index: 123, cur=peers:[s7|0.0.0.0:15022, s8|0.0.0.0:15023, s9|0.0.0.0:15024, s0|0.0.0.0:15015, s1|0.0.0.0:15016]|listeners:[], old=null}
2024-10-09 04:30:05,643 DEBUG server.RaftServer$Division (RaftServerImpl.java:logAppendEntries(1545)) - s7@group-BDFE845AF3B0: appendEntries* s9->s7#7244-t1,previous=(t:1, i:121),leaderCommit=121,initializing? false,entries: size=2, first=(t:1, i:122), METADATAENTRY(c:121)
2024-10-09 04:30:05,643 INFO  server.RaftServer$Division (ServerState.java:setRaftConf(386)) - s7@group-BDFE845AF3B0: set configuration conf: {index: 123, cur=peers:[s7|0.0.0.0:15022, s8|0.0.0.0:15023, s9|0.0.0.0:15024, s0|0.0.0.0:15015, s1|0.0.0.0:15016]|listeners:[], old=null}
2024-10-09 04:30:05,644 DEBUG server.RaftServer$Division (RaftServerImpl.java:logAppendEntries(1545)) - s7@group-BDFE845AF3B0: appendEntries* reply s9<-s7#7244:OK-t1,SUCCESS,nextIndex=124,followerCommit=121,matchIndex=123
2024-10-09 04:30:05,644 TRACE util.FileUtils (LogUtils.java:supplyAndLog(69)) - Successfully supplied FileChannel.open /home/runner/work/ratis/ratis/ratis-examples/target/test/data/6e6e5023/MiniRaftClusterWithNettya4857fb2/s7/c491dcd8-cfe1-48dd-9178-bdfe845af3b0/current/raft-meta.conf.tmp with options [CREATE, WRITE]: sun.nio.ch.FileChannelImpl@5de3bcef
2024-10-09 04:30:05,645 DEBUG server.RaftServer$Division (RaftServerImpl.java:logAppendEntries(1545)) - s8@group-BDFE845AF3B0: appendEntries* reply s9<-s8#7243:OK-t1,SUCCESS,nextIndex=124,followerCommit=121,matchIndex=123
2024-10-09 04:30:05,645 DEBUG server.RaftServer$Division (RaftServerImpl.java:logAppendEntries(1545)) - s8@group-BDFE845AF3B0: appendEntries* s9->s8#7245-t1,previous=(t:1, i:123),leaderCommit=123,initializing? false,entries: size=1, first=(t:1, i:124), METADATAENTRY(c:123)
2024-10-09 04:30:05,645 DEBUG server.RaftServer$Division (RaftServerImpl.java:logAppendEntries(1545)) - s7@group-BDFE845AF3B0: appendEntries* s9->s7#7246-t1,previous=(t:1, i:123),leaderCommit=123,initializing? false,entries: size=1, first=(t:1, i:124), METADATAENTRY(c:123)
2024-10-09 04:30:05,646 TRACE util.FileUtils (LogUtils.java:runAndLog(49)) - Successfully ran Atomic Files.move /home/runner/work/ratis/ratis/ratis-examples/target/test/data/6e6e5023/MiniRaftClusterWithNettya4857fb2/s8/c491dcd8-cfe1-48dd-9178-bdfe845af3b0/current/raft-meta.conf.tmp to /home/runner/work/ratis/ratis/ratis-examples/target/test/data/6e6e5023/MiniRaftClusterWithNettya4857fb2/s8/c491dcd8-cfe1-48dd-9178-bdfe845af3b0/current/raft-meta.conf with options [REPLACE_EXISTING]
2024-10-09 04:30:05,646 DEBUG server.RaftServer$Division (RaftServerImpl.java:logAppendEntries(1545)) - s7@group-BDFE845AF3B0: appendEntries* reply s9<-s7#7246:OK-t1,SUCCESS,nextIndex=125,followerCommit=123,matchIndex=124
2024-10-09 04:30:05,646 DEBUG server.RaftServer$Division (RaftServerImpl.java:logAppendEntries(1545)) - s8@group-BDFE845AF3B0: appendEntries* reply s9<-s8#7245:OK-t1,SUCCESS,nextIndex=125,followerCommit=123,matchIndex=124
2024-10-09 04:30:05,646 TRACE util.FileUtils (LogUtils.java:runAndLog(49)) - Successfully ran Atomic Files.move /home/runner/work/ratis/ratis/ratis-examples/target/test/data/6e6e5023/MiniRaftClusterWithNettya4857fb2/s9/c491dcd8-cfe1-48dd-9178-bdfe845af3b0/current/raft-meta.conf.tmp to /home/runner/work/ratis/ratis/ratis-examples/target/test/data/6e6e5023/MiniRaftClusterWithNettya4857fb2/s9/c491dcd8-cfe1-48dd-9178-bdfe845af3b0/current/raft-meta.conf with options [REPLACE_EXISTING]
2024-10-09 04:30:05,647 TRACE util.FileUtils (LogUtils.java:supplyAndLog(69)) - Successfully supplied FileChannel.open /home/runner/work/ratis/ratis/ratis-examples/target/test/data/6e6e5023/MiniRaftClusterWithNettya4857fb2/s9/c491dcd8-cfe1-48dd-9178-bdfe845af3b0/current/raft-meta.conf.tmp with options [CREATE, WRITE]: sun.nio.ch.FileChannelImpl@fdea32c
2024-10-09 04:30:05,647 TRACE util.FileUtils (LogUtils.java:runAndLog(49)) - Successfully ran Atomic Files.move /home/runner/work/ratis/ratis/ratis-examples/target/test/data/6e6e5023/MiniRaftClusterWithNettya4857fb2/s7/c491dcd8-cfe1-48dd-9178-bdfe845af3b0/current/raft-meta.conf.tmp to /home/runner/work/ratis/ratis/ratis-examples/target/test/data/6e6e5023/MiniRaftClusterWithNettya4857fb2/s7/c491dcd8-cfe1-48dd-9178-bdfe845af3b0/current/raft-meta.conf with options [REPLACE_EXISTING]
2024-10-09 04:30:05,647 TRACE util.FileUtils (LogUtils.java:supplyAndLog(69)) - Successfully supplied FileChannel.open /home/runner/work/ratis/ratis/ratis-examples/target/test/data/6e6e5023/MiniRaftClusterWithNettya4857fb2/s7/c491dcd8-cfe1-48dd-9178-bdfe845af3b0/current/raft-meta.conf.tmp with options [CREATE, WRITE]: sun.nio.ch.FileChannelImpl@59dc338b
2024-10-09 04:30:05,648 TRACE util.FileUtils (LogUtils.java:supplyAndLog(69)) - Successfully supplied FileChannel.open /home/runner/work/ratis/ratis/ratis-examples/target/test/data/6e6e5023/MiniRaftClusterWithNettya4857fb2/s8/c491dcd8-cfe1-48dd-9178-bdfe845af3b0/current/raft-meta.conf.tmp with options [CREATE, WRITE]: sun.nio.ch.FileChannelImpl@3510fc94
2024-10-09 04:30:05,650 TRACE util.FileUtils (LogUtils.java:runAndLog(49)) - Successfully ran Atomic Files.move /home/runner/work/ratis/ratis/ratis-examples/target/test/data/6e6e5023/MiniRaftClusterWithNettya4857fb2/s9/c491dcd8-cfe1-48dd-9178-bdfe845af3b0/current/raft-meta.conf.tmp to /home/runner/work/ratis/ratis/ratis-examples/target/test/data/6e6e5023/MiniRaftClusterWithNettya4857fb2/s9/c491dcd8-cfe1-48dd-9178-bdfe845af3b0/current/raft-meta.conf with options [REPLACE_EXISTING]
2024-10-09 04:30:05,651 INFO  server.RaftServer$Division (ServerState.java:setRaftConf(386)) - s1@group-BDFE845AF3B0: set configuration conf: {index: 121, cur=peers:[s7|0.0.0.0:15022, s8|0.0.0.0:15023, s9|0.0.0.0:15024, s0|0.0.0.0:15015, s1|0.0.0.0:15016]|listeners:[], old=peers:[s7|0.0.0.0:15022, s8|0.0.0.0:15023, s9|0.0.0.0:15024]|listeners:[]}
2024-10-09 04:30:05,652 TRACE util.FileUtils (LogUtils.java:runAndLog(49)) - Successfully ran Atomic Files.move /home/runner/work/ratis/ratis/ratis-examples/target/test/data/6e6e5023/MiniRaftClusterWithNettya4857fb2/s8/c491dcd8-cfe1-48dd-9178-bdfe845af3b0/current/raft-meta.conf.tmp to /home/runner/work/ratis/ratis/ratis-examples/target/test/data/6e6e5023/MiniRaftClusterWithNettya4857fb2/s8/c491dcd8-cfe1-48dd-9178-bdfe845af3b0/current/raft-meta.conf with options [REPLACE_EXISTING]
2024-10-09 04:30:05,652 TRACE util.FileUtils (LogUtils.java:runAndLog(49)) - Successfully ran Atomic Files.move /home/runner/work/ratis/ratis/ratis-examples/target/test/data/6e6e5023/MiniRaftClusterWithNettya4857fb2/s7/c491dcd8-cfe1-48dd-9178-bdfe845af3b0/current/raft-meta.conf.tmp to /home/runner/work/ratis/ratis/ratis-examples/target/test/data/6e6e5023/MiniRaftClusterWithNettya4857fb2/s7/c491dcd8-cfe1-48dd-9178-bdfe845af3b0/current/raft-meta.conf with options [REPLACE_EXISTING]
2024-10-09 04:30:05,653 INFO  server.RaftServer$Division (RaftServerImpl.java:setConfigurationAsync(1332)) - s9@group-BDFE845AF3B0: receive setConfiguration SetConfigurationRequest:client-2C6E76C87937->s9@group-BDFE845AF3B0, cid=7247, seq=null, RW, null, SET_UNCONDITIONALLY, servers:[s11|0.0.0.0:15026, s10|0.0.0.0:15025, s7|0.0.0.0:15022, s13|0.0.0.0:15028, s8|0.0.0.0:15023, s12|0.0.0.0:15027, s9|0.0.0.0:15024, s0|0.0.0.0:15015, s1|0.0.0.0:15016], listeners:[]
2024-10-09 04:30:05,653 DEBUG server.RaftServer$Division (RaftServerImpl.java:logAppendEntries(1545)) - s1@group-BDFE845AF3B0: appendEntries* reply s9<-s1#7241:OK-t1,SUCCESS,nextIndex=122,followerCommit=120,matchIndex=121
2024-10-09 04:30:05,653 INFO  server.RaftServer$Division (LeaderStateImpl.java:startSetConfiguration(486)) - s9@group-BDFE845AF3B0-LeaderStateImpl: startSetConfiguration SetConfigurationRequest:client-2C6E76C87937->s9@group-BDFE845AF3B0, cid=7247, seq=null, RW, null, SET_UNCONDITIONALLY, servers:[s11|0.0.0.0:15026, s10|0.0.0.0:15025, s7|0.0.0.0:15022, s13|0.0.0.0:15028, s8|0.0.0.0:15023, s12|0.0.0.0:15027, s9|0.0.0.0:15024, s0|0.0.0.0:15015, s1|0.0.0.0:15016], listeners:[]
2024-10-09 04:30:05,653 INFO  server.RaftServerConfigKeys (ConfUtils.java:logGet(46)) - raft.server.log.appender.snapshot.chunk.size.max = 16MB (=16777216) (default)
2024-10-09 04:30:05,654 INFO  server.RaftServerConfigKeys (ConfUtils.java:logGet(46)) - raft.server.log.appender.buffer.byte-limit = 4MB (=4194304) (default)
2024-10-09 04:30:05,654 INFO  segmented.SegmentedRaftLogWorker (SegmentedRaftLogWorker.java:execute(660)) - s0@group-BDFE845AF3B0-SegmentedRaftLogWorker: created new log segment /home/runner/work/ratis/ratis/ratis-examples/target/test/data/6e6e5023/MiniRaftClusterWithNettya4857fb2/s0/c491dcd8-cfe1-48dd-9178-bdfe845af3b0/current/log_inprogress_0
2024-10-09 04:30:05,654 DEBUG server.RaftServer$Division (RaftServerImpl.java:logAppendEntries(1545)) - s1@group-BDFE845AF3B0: appendEntries* s9->s1#7248-t1,previous=(t:1, i:121),leaderCommit=124,initializing? false,entries: size=3, first=(t:1, i:122), METADATAENTRY(c:121)
2024-10-09 04:30:05,654 INFO  server.RaftServer$Division (ServerState.java:setRaftConf(386)) - s1@group-BDFE845AF3B0: set configuration conf: {index: 123, cur=peers:[s7|0.0.0.0:15022, s8|0.0.0.0:15023, s9|0.0.0.0:15024, s0|0.0.0.0:15015, s1|0.0.0.0:15016]|listeners:[], old=null}
2024-10-09 04:30:05,654 INFO  server.RaftServerConfigKeys (ConfUtils.java:logGet(46)) - raft.server.log.appender.buffer.element-limit = 0 (default)
2024-10-09 04:30:05,655 TRACE util.FileUtils (LogUtils.java:supplyAndLog(69)) - Successfully supplied FileChannel.open /home/runner/work/ratis/ratis/ratis-examples/target/test/data/6e6e5023/MiniRaftClusterWithNettya4857fb2/s1/c491dcd8-cfe1-48dd-9178-bdfe845af3b0/current/raft-meta.conf.tmp with options [CREATE, WRITE]: sun.nio.ch.FileChannelImpl@5fe8354d
2024-10-09 04:30:05,655 INFO  server.RaftServerConfigKeys (ConfUtils.java:logGet(46)) - raft.server.log.appender.wait-time.min = 1ms (default)
2024-10-09 04:30:05,655 INFO  server.RaftServerConfigKeys (ConfUtils.java:logGet(46)) - raft.server.log.appender.snapshot.chunk.size.max = 16MB (=16777216) (default)
2024-10-09 04:30:05,655 INFO  server.RaftServerConfigKeys (ConfUtils.java:logGet(46)) - raft.server.log.appender.buffer.byte-limit = 4MB (=4194304) (default)
2024-10-09 04:30:05,655 INFO  server.RaftServerConfigKeys (ConfUtils.java:logGet(46)) - raft.server.log.appender.buffer.element-limit = 0 (default)
2024-10-09 04:30:05,655 TRACE util.FileUtils (LogUtils.java:supplyAndLog(69)) - Successfully supplied FileChannel.open /home/runner/work/ratis/ratis/ratis-examples/target/test/data/6e6e5023/MiniRaftClusterWithNettya4857fb2/s0/c491dcd8-cfe1-48dd-9178-bdfe845af3b0/current/raft-meta.conf.tmp with options [CREATE, WRITE]: sun.nio.ch.FileChannelImpl@208ac70d
2024-10-09 04:30:05,655 DEBUG server.RaftServer$Division (RaftServerImpl.java:logAppendEntries(1545)) - s0@group-BDFE845AF3B0: appendEntries* reply s9<-s0#7237:OK-t1,SUCCESS,nextIndex=121,followerCommit=120,matchIndex=120
2024-10-09 04:30:05,656 DEBUG server.RaftServer$Division (RaftServerImpl.java:logAppendEntries(1545)) - s1@group-BDFE845AF3B0: appendEntries* reply s9<-s1#7248:OK-t1,SUCCESS,nextIndex=125,followerCommit=124,matchIndex=124
2024-10-09 04:30:05,657 TRACE util.FileUtils (LogUtils.java:runAndLog(49)) - Successfully ran Atomic Files.move /home/runner/work/ratis/ratis/ratis-examples/target/test/data/6e6e5023/MiniRaftClusterWithNettya4857fb2/s0/c491dcd8-cfe1-48dd-9178-bdfe845af3b0/current/raft-meta.conf.tmp to /home/runner/work/ratis/ratis/ratis-examples/target/test/data/6e6e5023/MiniRaftClusterWithNettya4857fb2/s0/c491dcd8-cfe1-48dd-9178-bdfe845af3b0/current/raft-meta.conf with options [REPLACE_EXISTING]
2024-10-09 04:30:05,658 DEBUG server.RaftServer$Division (RaftServerImpl.java:logAppendEntries(1545)) - s0@group-BDFE845AF3B0: appendEntries* s9->s0#7249-t1,previous=(t:1, i:120),leaderCommit=124,initializing? false,entries: size=4, first=(t:1, i:121), CONFIGURATIONENTRY(current:id:"s7"address:"0.0.0.0:15022"clientAddress:"0.0.0.0:15022"adminAddress:"0.0.0.0:15022"startupRole:FOLLOWER, id:"s8"address:"0.0.0.0:15023"clientAddress:"0.0.0.0:15023"adminAddress:"0.0.0.0:15023"startupRole:FOLLOWER, id:"s9"address:"0.0.0.0:15024"clientAddress:"0.0.0.0:15024"adminAddress:"0.0.0.0:15024"startupRole:FOLLOWER, id:"s0"address:"0.0.0.0:15015"clientAddress:"0.0.0.0:15015"adminAddress:"0.0.0.0:15015"startupRole:FOLLOWER, id:"s1"address:"0.0.0.0:15016"clientAddress:"0.0.0.0:15016"adminAddress:"0.0.0.0:15016"startupRole:FOLLOWER, old:id:"s7"address:"0.0.0.0:15022"clientAddress:"0.0.0.0:15022"adminAddress:"0.0.0.0:15022"startupRole:FOLLOWER, id:"s8"address:"0.0.0.0:15023"clientAddress:"0.0.0.0:15023"adminAddress:"0.0.0.0:15023"startupRole:FOLLOWER, id:"s9"address:"0.0.0.0:15024"clientAddress:"0.0.0.0:15024"adminAddress:"0.0.0.0:15024"startupRole:FOLLOWER)
2024-10-09 04:30:05,658 INFO  impl.RoleInfo (RoleInfo.java:updateAndGet(148)) - s0: start s0@group-BDFE845AF3B0-FollowerState
2024-10-09 04:30:05,659 TRACE util.FileUtils (LogUtils.java:runAndLog(49)) - Successfully ran Atomic Files.move /home/runner/work/ratis/ratis/ratis-examples/target/test/data/6e6e5023/MiniRaftClusterWithNettya4857fb2/s1/c491dcd8-cfe1-48dd-9178-bdfe845af3b0/current/raft-meta.conf.tmp to /home/runner/work/ratis/ratis/ratis-examples/target/test/data/6e6e5023/MiniRaftClusterWithNettya4857fb2/s1/c491dcd8-cfe1-48dd-9178-bdfe845af3b0/current/raft-meta.conf with options [REPLACE_EXISTING]
2024-10-09 04:30:05,659 TRACE util.FileUtils (LogUtils.java:supplyAndLog(69)) - Successfully supplied FileChannel.open /home/runner/work/ratis/ratis/ratis-examples/target/test/data/6e6e5023/MiniRaftClusterWithNettya4857fb2/s1/c491dcd8-cfe1-48dd-9178-bdfe845af3b0/current/raft-meta.conf.tmp with options [CREATE, WRITE]: sun.nio.ch.FileChannelImpl@5bd7ba68
2024-10-09 04:30:05,655 INFO  server.RaftServerConfigKeys (ConfUtils.java:logGet(46)) - raft.server.log.appender.wait-time.min = 1ms (default)
2024-10-09 04:30:05,660 INFO  server.RaftServerConfigKeys (ConfUtils.java:logGet(46)) - raft.server.log.appender.snapshot.chunk.size.max = 16MB (=16777216) (default)
2024-10-09 04:30:05,660 INFO  server.RaftServerConfigKeys (ConfUtils.java:logGet(46)) - raft.server.log.appender.buffer.byte-limit = 4MB (=4194304) (default)
2024-10-09 04:30:05,660 INFO  server.RaftServerConfigKeys (ConfUtils.java:logGet(46)) - raft.server.log.appender.buffer.element-limit = 0 (default)
2024-10-09 04:30:05,661 INFO  server.RaftServerConfigKeys (ConfUtils.java:logGet(46)) - raft.server.log.appender.wait-time.min = 1ms (default)
2024-10-09 04:30:05,660 INFO  server.RaftServer$Division (ServerState.java:setRaftConf(386)) - s0@group-BDFE845AF3B0: set configuration conf: {index: 121, cur=peers:[s7|0.0.0.0:15022, s8|0.0.0.0:15023, s9|0.0.0.0:15024, s0|0.0.0.0:15015, s1|0.0.0.0:15016]|listeners:[], old=peers:[s7|0.0.0.0:15022, s8|0.0.0.0:15023, s9|0.0.0.0:15024]|listeners:[]}
2024-10-09 04:30:05,661 INFO  server.RaftServer$Division (ServerState.java:setRaftConf(386)) - s0@group-BDFE845AF3B0: set configuration conf: {index: 123, cur=peers:[s7|0.0.0.0:15022, s8|0.0.0.0:15023, s9|0.0.0.0:15024, s0|0.0.0.0:15015, s1|0.0.0.0:15016]|listeners:[], old=null}
2024-10-09 04:30:05,661 INFO  server.RaftServerConfigKeys (ConfUtils.java:logGet(46)) - raft.server.log.appender.snapshot.chunk.size.max = 16MB (=16777216) (default)
2024-10-09 04:30:05,661 TRACE util.FileUtils (LogUtils.java:runAndLog(49)) - Successfully ran Atomic Files.move /home/runner/work/ratis/ratis/ratis-examples/target/test/data/6e6e5023/MiniRaftClusterWithNettya4857fb2/s1/c491dcd8-cfe1-48dd-9178-bdfe845af3b0/current/raft-meta.conf.tmp to /home/runner/work/ratis/ratis/ratis-examples/target/test/data/6e6e5023/MiniRaftClusterWithNettya4857fb2/s1/c491dcd8-cfe1-48dd-9178-bdfe845af3b0/current/raft-meta.conf with options [REPLACE_EXISTING]
2024-10-09 04:30:05,661 INFO  server.RaftServerConfigKeys (ConfUtils.java:logGet(46)) - raft.server.log.appender.buffer.byte-limit = 4MB (=4194304) (default)
2024-10-09 04:30:05,661 INFO  server.RaftServerConfigKeys (ConfUtils.java:logGet(46)) - raft.server.log.appender.buffer.element-limit = 0 (default)
2024-10-09 04:30:05,661 TRACE util.FileUtils (LogUtils.java:supplyAndLog(69)) - Successfully supplied FileChannel.open /home/runner/work/ratis/ratis/ratis-examples/target/test/data/6e6e5023/MiniRaftClusterWithNettya4857fb2/s0/c491dcd8-cfe1-48dd-9178-bdfe845af3b0/current/raft-meta.conf.tmp with options [CREATE, WRITE]: sun.nio.ch.FileChannelImpl@2e4d2d6c
2024-10-09 04:30:05,661 DEBUG server.RaftServer$Division (RaftServerImpl.java:logAppendEntries(1545)) - s0@group-BDFE845AF3B0: appendEntries* reply s9<-s0#7249:OK-t1,SUCCESS,nextIndex=125,followerCommit=124,matchIndex=124
2024-10-09 04:30:05,661 INFO  server.RaftServerConfigKeys (ConfUtils.java:logGet(46)) - raft.server.log.appender.wait-time.min = 1ms (default)
2024-10-09 04:30:05,664 INFO  leader.FollowerInfo (FollowerInfoImpl.java:setAttemptedToInstallSnapshot(154)) - Follower s9@group-BDFE845AF3B0->s11 acknowledged installing snapshot
2024-10-09 04:30:05,664 TRACE util.FileUtils (LogUtils.java:runAndLog(49)) - Successfully ran Atomic Files.move /home/runner/work/ratis/ratis/ratis-examples/target/test/data/6e6e5023/MiniRaftClusterWithNettya4857fb2/s0/c491dcd8-cfe1-48dd-9178-bdfe845af3b0/current/raft-meta.conf.tmp to /home/runner/work/ratis/ratis/ratis-examples/target/test/data/6e6e5023/MiniRaftClusterWithNettya4857fb2/s0/c491dcd8-cfe1-48dd-9178-bdfe845af3b0/current/raft-meta.conf with options [REPLACE_EXISTING]
2024-10-09 04:30:05,665 TRACE util.FileUtils (LogUtils.java:supplyAndLog(69)) - Successfully supplied FileChannel.open /home/runner/work/ratis/ratis/ratis-examples/target/test/data/6e6e5023/MiniRaftClusterWithNettya4857fb2/s0/c491dcd8-cfe1-48dd-9178-bdfe845af3b0/current/raft-meta.conf.tmp with options [CREATE, WRITE]: sun.nio.ch.FileChannelImpl@2a72ac7d
2024-10-09 04:30:05,666 INFO  leader.FollowerInfo (FollowerInfoImpl.java:setAttemptedToInstallSnapshot(154)) - Follower s9@group-BDFE845AF3B0->s10 acknowledged installing snapshot
2024-10-09 04:30:05,667 TRACE util.FileUtils (LogUtils.java:runAndLog(49)) - Successfully ran Atomic Files.move /home/runner/work/ratis/ratis/ratis-examples/target/test/data/6e6e5023/MiniRaftClusterWithNettya4857fb2/s0/c491dcd8-cfe1-48dd-9178-bdfe845af3b0/current/raft-meta.conf.tmp to /home/runner/work/ratis/ratis/ratis-examples/target/test/data/6e6e5023/MiniRaftClusterWithNettya4857fb2/s0/c491dcd8-cfe1-48dd-9178-bdfe845af3b0/current/raft-meta.conf with options [REPLACE_EXISTING]
2024-10-09 04:30:05,667 INFO  leader.FollowerInfo (FollowerInfoImpl.java:setAttemptedToInstallSnapshot(154)) - Follower s9@group-BDFE845AF3B0->s13 acknowledged installing snapshot
2024-10-09 04:30:05,667 INFO  leader.FollowerInfo (FollowerInfoImpl.java:setAttemptedToInstallSnapshot(154)) - Follower s9@group-BDFE845AF3B0->s12 acknowledged installing snapshot
2024-10-09 04:30:05,669 INFO  logging.LoggingHandler (AbstractInternalLogger.java:log(148)) - [id: 0x1ca74bed, L:/0.0.0.0:15026] READ: [id: 0x963f62fd, L:/127.0.0.1:15026 - R:/127.0.0.1:60514]
2024-10-09 04:30:05,671 INFO  logging.LoggingHandler (AbstractInternalLogger.java:log(148)) - [id: 0x8c4b54da, L:/0.0.0.0:15025] READ: [id: 0x543659ca, L:/127.0.0.1:15025 - R:/127.0.0.1:35846]
2024-10-09 04:30:05,671 INFO  logging.LoggingHandler (AbstractInternalLogger.java:log(148)) - [id: 0x1ca74bed, L:/0.0.0.0:15026] READ COMPLETE
2024-10-09 04:30:05,672 INFO  logging.LoggingHandler (AbstractInternalLogger.java:log(148)) - [id: 0xfb6ec67a, L:/0.0.0.0:15028] READ: [id: 0xc4421922, L:/127.0.0.1:15028 - R:/127.0.0.1:38188]
2024-10-09 04:30:05,672 TRACE util.FileUtils (LogUtils.java:supplyAndLog(69)) - Successfully supplied FileChannel.open /home/runner/work/ratis/ratis/ratis-examples/target/test/data/6e6e5023/MiniRaftClusterWithNettya4857fb2/s11/c491dcd8-cfe1-48dd-9178-bdfe845af3b0/current/raft-meta.tmp with options [CREATE, WRITE]: sun.nio.ch.FileChannelImpl@4a408253
2024-10-09 04:30:05,673 INFO  logging.LoggingHandler (AbstractInternalLogger.java:log(148)) - [id: 0x9a9c3ada, L:/0.0.0.0:15027] READ: [id: 0x38946b96, L:/127.0.0.1:15027 - R:/127.0.0.1:33282]
2024-10-09 04:30:05,672 INFO  logging.LoggingHandler (AbstractInternalLogger.java:log(148)) - [id: 0x8c4b54da, L:/0.0.0.0:15025] READ COMPLETE
2024-10-09 04:30:05,673 TRACE util.FileUtils (LogUtils.java:supplyAndLog(69)) - Successfully supplied FileChannel.open /home/runner/work/ratis/ratis/ratis-examples/target/test/data/6e6e5023/MiniRaftClusterWithNettya4857fb2/s10/c491dcd8-cfe1-48dd-9178-bdfe845af3b0/current/raft-meta.tmp with options [CREATE, WRITE]: sun.nio.ch.FileChannelImpl@733948e6
2024-10-09 04:30:05,674 TRACE util.FileUtils (LogUtils.java:runAndLog(49)) - Successfully ran Atomic Files.move /home/runner/work/ratis/ratis/ratis-examples/target/test/data/6e6e5023/MiniRaftClusterWithNettya4857fb2/s10/c491dcd8-cfe1-48dd-9178-bdfe845af3b0/current/raft-meta.tmp to /home/runner/work/ratis/ratis/ratis-examples/target/test/data/6e6e5023/MiniRaftClusterWithNettya4857fb2/s10/c491dcd8-cfe1-48dd-9178-bdfe845af3b0/current/raft-meta with options [REPLACE_EXISTING]
2024-10-09 04:30:05,675 INFO  server.RaftServer$Division (RaftServerImpl.java:setFirstElection(560)) - s10@group-BDFE845AF3B0: set firstElectionSinceStartup to false for appendEntries
2024-10-09 04:30:05,675 INFO  server.RaftServer$Division (ServerState.java:setLeader(272)) - s10@group-BDFE845AF3B0: change Leader from null to s9 at term 1 for appendEntries, leader elected after 272ms
2024-10-09 04:30:05,674 TRACE util.FileUtils (LogUtils.java:runAndLog(49)) - Successfully ran Atomic Files.move /home/runner/work/ratis/ratis/ratis-examples/target/test/data/6e6e5023/MiniRaftClusterWithNettya4857fb2/s11/c491dcd8-cfe1-48dd-9178-bdfe845af3b0/current/raft-meta.tmp to /home/runner/work/ratis/ratis/ratis-examples/target/test/data/6e6e5023/MiniRaftClusterWithNettya4857fb2/s11/c491dcd8-cfe1-48dd-9178-bdfe845af3b0/current/raft-meta with options [REPLACE_EXISTING]
2024-10-09 04:30:05,675 INFO  server.RaftServer$Division (RaftServerImpl.java:setFirstElection(560)) - s11@group-BDFE845AF3B0: set firstElectionSinceStartup to false for appendEntries
2024-10-09 04:30:05,675 INFO  server.RaftServer$Division (ServerState.java:setLeader(272)) - s11@group-BDFE845AF3B0: change Leader from null to s9 at term 1 for appendEntries, leader elected after 216ms
2024-10-09 04:30:05,676 INFO  logging.LoggingHandler (AbstractInternalLogger.java:log(148)) - [id: 0xfb6ec67a, L:/0.0.0.0:15028] READ COMPLETE
2024-10-09 04:30:05,676 TRACE util.FileUtils (LogUtils.java:supplyAndLog(69)) - Successfully supplied FileChannel.open /home/runner/work/ratis/ratis/ratis-examples/target/test/data/6e6e5023/MiniRaftClusterWithNettya4857fb2/s13/c491dcd8-cfe1-48dd-9178-bdfe845af3b0/current/raft-meta.tmp with options [CREATE, WRITE]: sun.nio.ch.FileChannelImpl@1eeaff5f
2024-10-09 04:30:05,677 INFO  logging.LoggingHandler (AbstractInternalLogger.java:log(148)) - [id: 0x9a9c3ada, L:/0.0.0.0:15027] READ COMPLETE
2024-10-09 04:30:05,677 TRACE util.FileUtils (LogUtils.java:runAndLog(49)) - Successfully ran Atomic Files.move /home/runner/work/ratis/ratis/ratis-examples/target/test/data/6e6e5023/MiniRaftClusterWithNettya4857fb2/s13/c491dcd8-cfe1-48dd-9178-bdfe845af3b0/current/raft-meta.tmp to /home/runner/work/ratis/ratis/ratis-examples/target/test/data/6e6e5023/MiniRaftClusterWithNettya4857fb2/s13/c491dcd8-cfe1-48dd-9178-bdfe845af3b0/current/raft-meta with options [REPLACE_EXISTING]
2024-10-09 04:30:05,677 INFO  server.RaftServer$Division (RaftServerImpl.java:setFirstElection(560)) - s13@group-BDFE845AF3B0: set firstElectionSinceStartup to false for appendEntries
2024-10-09 04:30:05,679 INFO  server.RaftServer$Division (ServerState.java:setLeader(272)) - s13@group-BDFE845AF3B0: change Leader from null to s9 at term 1 for appendEntries, leader elected after 209ms
2024-10-09 04:30:05,678 TRACE util.FileUtils (LogUtils.java:supplyAndLog(69)) - Successfully supplied FileChannel.open /home/runner/work/ratis/ratis/ratis-examples/target/test/data/6e6e5023/MiniRaftClusterWithNettya4857fb2/s12/c491dcd8-cfe1-48dd-9178-bdfe845af3b0/current/raft-meta.tmp with options [CREATE, WRITE]: sun.nio.ch.FileChannelImpl@33f66a5f
2024-10-09 04:30:05,678 DEBUG server.RaftServer$Division (RaftServerImpl.java:logAppendEntries(1545)) - s10@group-BDFE845AF3B0: appendEntries* s9->s10#7258-t1,previous=(t:0, i:0),leaderCommit=124,initializing? true,entries: size=125, first=(t:1, i:0), CONFIGURATIONENTRY(current:id:"s7"address:"0.0.0.0:15022"clientAddress:"0.0.0.0:15022"adminAddress:"0.0.0.0:15022"startupRole:FOLLOWER, id:"s8"address:"0.0.0.0:15023"clientAddress:"0.0.0.0:15023"adminAddress:"0.0.0.0:15023"startupRole:FOLLOWER, id:"s9"address:"0.0.0.0:15024"clientAddress:"0.0.0.0:15024"adminAddress:"0.0.0.0:15024"startupRole:FOLLOWER, old:)
2024-10-09 04:30:05,678 DEBUG server.RaftServer$Division (RaftServerImpl.java:logAppendEntries(1545)) - s11@group-BDFE845AF3B0: appendEntries* s9->s11#7259-t1,previous=(t:0, i:0),leaderCommit=124,initializing? true,entries: size=125, first=(t:1, i:0), CONFIGURATIONENTRY(current:id:"s7"address:"0.0.0.0:15022"clientAddress:"0.0.0.0:15022"adminAddress:"0.0.0.0:15022"startupRole:FOLLOWER, id:"s8"address:"0.0.0.0:15023"clientAddress:"0.0.0.0:15023"adminAddress:"0.0.0.0:15023"startupRole:FOLLOWER, id:"s9"address:"0.0.0.0:15024"clientAddress:"0.0.0.0:15024"adminAddress:"0.0.0.0:15024"startupRole:FOLLOWER, old:)
2024-10-09 04:30:05,679 INFO  server.RaftServer$Division (ServerState.java:setRaftConf(386)) - s10@group-BDFE845AF3B0: set configuration conf: {index: 0, cur=peers:[s7|0.0.0.0:15022, s8|0.0.0.0:15023, s9|0.0.0.0:15024]|listeners:[], old=null}
2024-10-09 04:30:05,679 INFO  server.RaftServer$Division (ServerState.java:setRaftConf(386)) - s11@group-BDFE845AF3B0: set configuration conf: {index: 0, cur=peers:[s7|0.0.0.0:15022, s8|0.0.0.0:15023, s9|0.0.0.0:15024]|listeners:[], old=null}
2024-10-09 04:30:05,679 INFO  server.RaftServer$Division (ServerState.java:setRaftConf(386)) - s11@group-BDFE845AF3B0: set configuration conf: {index: 121, cur=peers:[s7|0.0.0.0:15022, s8|0.0.0.0:15023, s9|0.0.0.0:15024, s0|0.0.0.0:15015, s1|0.0.0.0:15016]|listeners:[], old=peers:[s7|0.0.0.0:15022, s8|0.0.0.0:15023, s9|0.0.0.0:15024]|listeners:[]}
2024-10-09 04:30:05,680 INFO  server.RaftServer$Division (ServerState.java:setRaftConf(386)) - s11@group-BDFE845AF3B0: set configuration conf: {index: 123, cur=peers:[s7|0.0.0.0:15022, s8|0.0.0.0:15023, s9|0.0.0.0:15024, s0|0.0.0.0:15015, s1|0.0.0.0:15016]|listeners:[], old=null}
2024-10-09 04:30:05,680 INFO  segmented.SegmentedRaftLogWorker (SegmentedRaftLogWorker.java:startLogSegment(438)) - s11@group-BDFE845AF3B0-SegmentedRaftLogWorker: Starting segment from index:0
2024-10-09 04:30:05,679 INFO  server.RaftServer$Division (ServerState.java:setRaftConf(386)) - s10@group-BDFE845AF3B0: set configuration conf: {index: 121, cur=peers:[s7|0.0.0.0:15022, s8|0.0.0.0:15023, s9|0.0.0.0:15024, s0|0.0.0.0:15015, s1|0.0.0.0:15016]|listeners:[], old=peers:[s7|0.0.0.0:15022, s8|0.0.0.0:15023, s9|0.0.0.0:15024]|listeners:[]}
2024-10-09 04:30:05,680 INFO  server.RaftServer$Division (ServerState.java:setRaftConf(386)) - s10@group-BDFE845AF3B0: set configuration conf: {index: 123, cur=peers:[s7|0.0.0.0:15022, s8|0.0.0.0:15023, s9|0.0.0.0:15024, s0|0.0.0.0:15015, s1|0.0.0.0:15016]|listeners:[], old=null}
2024-10-09 04:30:05,680 INFO  segmented.SegmentedRaftLogWorker (SegmentedRaftLogWorker.java:startLogSegment(438)) - s10@group-BDFE845AF3B0-SegmentedRaftLogWorker: Starting segment from index:0
2024-10-09 04:30:05,683 INFO  segmented.BufferedWriteChannel (BufferedWriteChannel.java:open(61)) - open log_inprogress_0 at position 0
2024-10-09 04:30:05,683 TRACE util.FileUtils (LogUtils.java:runAndLog(49)) - Successfully ran Atomic Files.move /home/runner/work/ratis/ratis/ratis-examples/target/test/data/6e6e5023/MiniRaftClusterWithNettya4857fb2/s12/c491dcd8-cfe1-48dd-9178-bdfe845af3b0/current/raft-meta.tmp to /home/runner/work/ratis/ratis/ratis-examples/target/test/data/6e6e5023/MiniRaftClusterWithNettya4857fb2/s12/c491dcd8-cfe1-48dd-9178-bdfe845af3b0/current/raft-meta with options [REPLACE_EXISTING]
2024-10-09 04:30:05,683 INFO  server.RaftServer$Division (RaftServerImpl.java:setFirstElection(560)) - s12@group-BDFE845AF3B0: set firstElectionSinceStartup to false for appendEntries
2024-10-09 04:30:05,683 INFO  server.RaftServer$Division (ServerState.java:setLeader(272)) - s12@group-BDFE845AF3B0: change Leader from null to s9 at term 1 for appendEntries, leader elected after 190ms
2024-10-09 04:30:05,684 INFO  segmented.BufferedWriteChannel (BufferedWriteChannel.java:open(61)) - open log_inprogress_0 at position 0
2024-10-09 04:30:05,685 DEBUG server.RaftServer$Division (RaftServerImpl.java:logAppendEntries(1545)) - s13@group-BDFE845AF3B0: appendEntries* s9->s13#7261-t1,previous=(t:0, i:0),leaderCommit=124,initializing? true,entries: size=125, first=(t:1, i:0), CONFIGURATIONENTRY(current:id:"s7"address:"0.0.0.0:15022"clientAddress:"0.0.0.0:15022"adminAddress:"0.0.0.0:15022"startupRole:FOLLOWER, id:"s8"address:"0.0.0.0:15023"clientAddress:"0.0.0.0:15023"adminAddress:"0.0.0.0:15023"startupRole:FOLLOWER, id:"s9"address:"0.0.0.0:15024"clientAddress:"0.0.0.0:15024"adminAddress:"0.0.0.0:15024"startupRole:FOLLOWER, old:)
2024-10-09 04:30:05,686 INFO  server.RaftServer$Division (ServerState.java:setRaftConf(386)) - s13@group-BDFE845AF3B0: set configuration conf: {index: 0, cur=peers:[s7|0.0.0.0:15022, s8|0.0.0.0:15023, s9|0.0.0.0:15024]|listeners:[], old=null}
2024-10-09 04:30:05,686 INFO  server.RaftServer$Division (ServerState.java:setRaftConf(386)) - s13@group-BDFE845AF3B0: set configuration conf: {index: 121, cur=peers:[s7|0.0.0.0:15022, s8|0.0.0.0:15023, s9|0.0.0.0:15024, s0|0.0.0.0:15015, s1|0.0.0.0:15016]|listeners:[], old=peers:[s7|0.0.0.0:15022, s8|0.0.0.0:15023, s9|0.0.0.0:15024]|listeners:[]}
2024-10-09 04:30:05,686 INFO  server.RaftServer$Division (ServerState.java:setRaftConf(386)) - s13@group-BDFE845AF3B0: set configuration conf: {index: 123, cur=peers:[s7|0.0.0.0:15022, s8|0.0.0.0:15023, s9|0.0.0.0:15024, s0|0.0.0.0:15015, s1|0.0.0.0:15016]|listeners:[], old=null}
2024-10-09 04:30:05,686 INFO  segmented.SegmentedRaftLogWorker (SegmentedRaftLogWorker.java:startLogSegment(438)) - s13@group-BDFE845AF3B0-SegmentedRaftLogWorker: Starting segment from index:0
2024-10-09 04:30:05,686 INFO  segmented.BufferedWriteChannel (BufferedWriteChannel.java:open(61)) - open log_inprogress_0 at position 0
2024-10-09 04:30:05,687 DEBUG server.RaftServer$Division (RaftServerImpl.java:logAppendEntries(1545)) - s12@group-BDFE845AF3B0: appendEntries* s9->s12#7260-t1,previous=(t:0, i:0),leaderCommit=124,initializing? true,entries: size=125, first=(t:1, i:0), CONFIGURATIONENTRY(current:id:"s7"address:"0.0.0.0:15022"clientAddress:"0.0.0.0:15022"adminAddress:"0.0.0.0:15022"startupRole:FOLLOWER, id:"s8"address:"0.0.0.0:15023"clientAddress:"0.0.0.0:15023"adminAddress:"0.0.0.0:15023"startupRole:FOLLOWER, id:"s9"address:"0.0.0.0:15024"clientAddress:"0.0.0.0:15024"adminAddress:"0.0.0.0:15024"startupRole:FOLLOWER, old:)
2024-10-09 04:30:05,687 INFO  server.RaftServer$Division (ServerState.java:setRaftConf(386)) - s12@group-BDFE845AF3B0: set configuration conf: {index: 0, cur=peers:[s7|0.0.0.0:15022, s8|0.0.0.0:15023, s9|0.0.0.0:15024]|listeners:[], old=null}
2024-10-09 04:30:05,687 INFO  server.RaftServer$Division (ServerState.java:setRaftConf(386)) - s12@group-BDFE845AF3B0: set configuration conf: {index: 121, cur=peers:[s7|0.0.0.0:15022, s8|0.0.0.0:15023, s9|0.0.0.0:15024, s0|0.0.0.0:15015, s1|0.0.0.0:15016]|listeners:[], old=peers:[s7|0.0.0.0:15022, s8|0.0.0.0:15023, s9|0.0.0.0:15024]|listeners:[]}
2024-10-09 04:30:05,687 INFO  server.RaftServer$Division (ServerState.java:setRaftConf(386)) - s12@group-BDFE845AF3B0: set configuration conf: {index: 123, cur=peers:[s7|0.0.0.0:15022, s8|0.0.0.0:15023, s9|0.0.0.0:15024, s0|0.0.0.0:15015, s1|0.0.0.0:15016]|listeners:[], old=null}
2024-10-09 04:30:05,688 INFO  segmented.SegmentedRaftLogWorker (SegmentedRaftLogWorker.java:startLogSegment(438)) - s12@group-BDFE845AF3B0-SegmentedRaftLogWorker: Starting segment from index:0
2024-10-09 04:30:05,688 INFO  segmented.BufferedWriteChannel (BufferedWriteChannel.java:open(61)) - open log_inprogress_0 at position 0
2024-10-09 04:30:05,704 INFO  segmented.SegmentedRaftLogWorker (SegmentedRaftLogWorker.java:execute(660)) - s10@group-BDFE845AF3B0-SegmentedRaftLogWorker: created new log segment /home/runner/work/ratis/ratis/ratis-examples/target/test/data/6e6e5023/MiniRaftClusterWithNettya4857fb2/s10/c491dcd8-cfe1-48dd-9178-bdfe845af3b0/current/log_inprogress_0
2024-10-09 04:30:05,704 INFO  segmented.SegmentedRaftLogWorker (SegmentedRaftLogWorker.java:execute(660)) - s13@group-BDFE845AF3B0-SegmentedRaftLogWorker: created new log segment /home/runner/work/ratis/ratis/ratis-examples/target/test/data/6e6e5023/MiniRaftClusterWithNettya4857fb2/s13/c491dcd8-cfe1-48dd-9178-bdfe845af3b0/current/log_inprogress_0
2024-10-09 04:30:05,704 INFO  segmented.SegmentedRaftLogWorker (SegmentedRaftLogWorker.java:execute(660)) - s11@group-BDFE845AF3B0-SegmentedRaftLogWorker: created new log segment /home/runner/work/ratis/ratis/ratis-examples/target/test/data/6e6e5023/MiniRaftClusterWithNettya4857fb2/s11/c491dcd8-cfe1-48dd-9178-bdfe845af3b0/current/log_inprogress_0
2024-10-09 04:30:05,705 INFO  segmented.SegmentedRaftLogWorker (SegmentedRaftLogWorker.java:execute(660)) - s12@group-BDFE845AF3B0-SegmentedRaftLogWorker: created new log segment /home/runner/work/ratis/ratis/ratis-examples/target/test/data/6e6e5023/MiniRaftClusterWithNettya4857fb2/s12/c491dcd8-cfe1-48dd-9178-bdfe845af3b0/current/log_inprogress_0
2024-10-09 04:30:05,705 TRACE util.FileUtils (LogUtils.java:supplyAndLog(69)) - Successfully supplied FileChannel.open /home/runner/work/ratis/ratis/ratis-examples/target/test/data/6e6e5023/MiniRaftClusterWithNettya4857fb2/s10/c491dcd8-cfe1-48dd-9178-bdfe845af3b0/current/raft-meta.conf.tmp with options [CREATE, WRITE]: sun.nio.ch.FileChannelImpl@52a89642
2024-10-09 04:30:05,706 DEBUG server.RaftServer$Division (RaftServerImpl.java:logAppendEntries(1545)) - s13@group-BDFE845AF3B0: appendEntries* reply s9<-s13#7261:OK-t1,SUCCESS,nextIndex=125,followerCommit=124,matchIndex=124
2024-10-09 04:30:05,706 DEBUG server.RaftServer$Division (RaftServerImpl.java:logAppendEntries(1545)) - s10@group-BDFE845AF3B0: appendEntries* reply s9<-s10#7258:OK-t1,SUCCESS,nextIndex=125,followerCommit=124,matchIndex=124
2024-10-09 04:30:05,706 TRACE util.FileUtils (LogUtils.java:runAndLog(49)) - Successfully ran Atomic Files.move /home/runner/work/ratis/ratis/ratis-examples/target/test/data/6e6e5023/MiniRaftClusterWithNettya4857fb2/s10/c491dcd8-cfe1-48dd-9178-bdfe845af3b0/current/raft-meta.conf.tmp to /home/runner/work/ratis/ratis/ratis-examples/target/test/data/6e6e5023/MiniRaftClusterWithNettya4857fb2/s10/c491dcd8-cfe1-48dd-9178-bdfe845af3b0/current/raft-meta.conf with options [REPLACE_EXISTING]
2024-10-09 04:30:05,707 INFO  server.RaftServer$Division (ServerState.java:setRaftConf(386)) - s9@group-BDFE845AF3B0: set configuration conf: {index: 125, cur=peers:[s11|0.0.0.0:15026, s10|0.0.0.0:15025, s7|0.0.0.0:15022, s13|0.0.0.0:15028, s8|0.0.0.0:15023, s12|0.0.0.0:15027, s9|0.0.0.0:15024, s0|0.0.0.0:15015, s1|0.0.0.0:15016]|listeners:[], old=peers:[s7|0.0.0.0:15022, s8|0.0.0.0:15023, s9|0.0.0.0:15024, s0|0.0.0.0:15015, s1|0.0.0.0:15016]|listeners:[]}
2024-10-09 04:30:05,708 TRACE util.FileUtils (LogUtils.java:supplyAndLog(69)) - Successfully supplied FileChannel.open /home/runner/work/ratis/ratis/ratis-examples/target/test/data/6e6e5023/MiniRaftClusterWithNettya4857fb2/s10/c491dcd8-cfe1-48dd-9178-bdfe845af3b0/current/raft-meta.conf.tmp with options [CREATE, WRITE]: sun.nio.ch.FileChannelImpl@5c6f6267
2024-10-09 04:30:05,708 DEBUG server.RaftServer$Division (RaftServerImpl.java:logAppendEntries(1545)) - s8@group-BDFE845AF3B0: appendEntries* s9->s8#7263-t1,previous=(t:1, i:124),leaderCommit=124,initializing? false,entries: size=1, first=(t:1, i:125), CONFIGURATIONENTRY(current:id:"s11"address:"0.0.0.0:15026"clientAddress:"0.0.0.0:15026"adminAddress:"0.0.0.0:15026"startupRole:FOLLOWER, id:"s10"address:"0.0.0.0:15025"clientAddress:"0.0.0.0:15025"adminAddress:"0.0.0.0:15025"startupRole:FOLLOWER, id:"s7"address:"0.0.0.0:15022"clientAddress:"0.0.0.0:15022"adminAddress:"0.0.0.0:15022"startupRole:FOLLOWER, id:"s13"address:"0.0.0.0:15028"clientAddress:"0.0.0.0:15028"adminAddress:"0.0.0.0:15028"startupRole:FOLLOWER, id:"s8"address:"0.0.0.0:15023"clientAddress:"0.0.0.0:15023"adminAddress:"0.0.0.0:15023"startupRole:FOLLOWER, id:"s12"address:"0.0.0.0:15027"clientAddress:"0.0.0.0:15027"adminAddress:"0.0.0.0:15027"startupRole:FOLLOWER, id:"s9"address:"0.0.0.0:15024"clientAddress:"0.0.0.0:15024"adminAddress:"0.0.0.0:15024"startupRole:FOLLOWER, id:"s0"address:"0.0.0.0:15015"clientAddress:"0.0.0.0:15015"adminAddress:"0.0.0.0:15015"startupRole:FOLLOWER, id:"s1"address:"0.0.0.0:15016"clientAddress:"0.0.0.0:15016"adminAddress:"0.0.0.0:15016"startupRole:FOLLOWER, old:id:"s7"address:"0.0.0.0:15022"clientAddress:"0.0.0.0:15022"adminAddress:"0.0.0.0:15022"startupRole:FOLLOWER, id:"s8"address:"0.0.0.0:15023"clientAddress:"0.0.0.0:15023"adminAddress:"0.0.0.0:15023"startupRole:FOLLOWER, id:"s9"address:"0.0.0.0:15024"clientAddress:"0.0.0.0:15024"adminAddress:"0.0.0.0:15024"startupRole:FOLLOWER, id:"s0"address:"0.0.0.0:15015"clientAddress:"0.0.0.0:15015"adminAddress:"0.0.0.0:15015"startupRole:FOLLOWER, id:"s1"address:"0.0.0.0:15016"clientAddress:"0.0.0.0:15016"adminAddress:"0.0.0.0:15016"startupRole:FOLLOWER)
2024-10-09 04:30:05,708 INFO  server.RaftServer$Division (ServerState.java:setRaftConf(386)) - s8@group-BDFE845AF3B0: set configuration conf: {index: 125, cur=peers:[s11|0.0.0.0:15026, s10|0.0.0.0:15025, s7|0.0.0.0:15022, s13|0.0.0.0:15028, s8|0.0.0.0:15023, s12|0.0.0.0:15027, s9|0.0.0.0:15024, s0|0.0.0.0:15015, s1|0.0.0.0:15016]|listeners:[], old=peers:[s7|0.0.0.0:15022, s8|0.0.0.0:15023, s9|0.0.0.0:15024, s0|0.0.0.0:15015, s1|0.0.0.0:15016]|listeners:[]}
2024-10-09 04:30:05,709 DEBUG server.RaftServer$Division (RaftServerImpl.java:logAppendEntries(1545)) - s0@group-BDFE845AF3B0: appendEntries* s9->s0#7265-t1,previous=(t:1, i:124),leaderCommit=124,initializing? false,entries: size=1, first=(t:1, i:125), CONFIGURATIONENTRY(current:id:"s11"address:"0.0.0.0:15026"clientAddress:"0.0.0.0:15026"adminAddress:"0.0.0.0:15026"startupRole:FOLLOWER, id:"s10"address:"0.0.0.0:15025"clientAddress:"0.0.0.0:15025"adminAddress:"0.0.0.0:15025"startupRole:FOLLOWER, id:"s7"address:"0.0.0.0:15022"clientAddress:"0.0.0.0:15022"adminAddress:"0.0.0.0:15022"startupRole:FOLLOWER, id:"s13"address:"0.0.0.0:15028"clientAddress:"0.0.0.0:15028"adminAddress:"0.0.0.0:15028"startupRole:FOLLOWER, id:"s8"address:"0.0.0.0:15023"clientAddress:"0.0.0.0:15023"adminAddress:"0.0.0.0:15023"startupRole:FOLLOWER, id:"s12"address:"0.0.0.0:15027"clientAddress:"0.0.0.0:15027"adminAddress:"0.0.0.0:15027"startupRole:FOLLOWER, id:"s9"address:"0.0.0.0:15024"clientAddress:"0.0.0.0:15024"adminAddress:"0.0.0.0:15024"startupRole:FOLLOWER, id:"s0"address:"0.0.0.0:15015"clientAddress:"0.0.0.0:15015"adminAddress:"0.0.0.0:15015"startupRole:FOLLOWER, id:"s1"address:"0.0.0.0:15016"clientAddress:"0.0.0.0:15016"adminAddress:"0.0.0.0:15016"startupRole:FOLLOWER, old:id:"s7"address:"0.0.0.0:15022"clientAddress:"0.0.0.0:15022"adminAddress:"0.0.0.0:15022"startupRole:FOLLOWER, id:"s8"address:"0.0.0.0:15023"clientAddress:"0.0.0.0:15023"adminAddress:"0.0.0.0:15023"startupRole:FOLLOWER, id:"s9"address:"0.0.0.0:15024"clientAddress:"0.0.0.0:15024"adminAddress:"0.0.0.0:15024"startupRole:FOLLOWER, id:"s0"address:"0.0.0.0:15015"clientAddress:"0.0.0.0:15015"adminAddress:"0.0.0.0:15015"startupRole:FOLLOWER, id:"s1"address:"0.0.0.0:15016"clientAddress:"0.0.0.0:15016"adminAddress:"0.0.0.0:15016"startupRole:FOLLOWER)
2024-10-09 04:30:05,709 INFO  server.RaftServer$Division (ServerState.java:setRaftConf(386)) - s0@group-BDFE845AF3B0: set configuration conf: {index: 125, cur=peers:[s11|0.0.0.0:15026, s10|0.0.0.0:15025, s7|0.0.0.0:15022, s13|0.0.0.0:15028, s8|0.0.0.0:15023, s12|0.0.0.0:15027, s9|0.0.0.0:15024, s0|0.0.0.0:15015, s1|0.0.0.0:15016]|listeners:[], old=peers:[s7|0.0.0.0:15022, s8|0.0.0.0:15023, s9|0.0.0.0:15024, s0|0.0.0.0:15015, s1|0.0.0.0:15016]|listeners:[]}
2024-10-09 04:30:05,710 DEBUG server.RaftServer$Division (RaftServerImpl.java:logAppendEntries(1545)) - s7@group-BDFE845AF3B0: appendEntries* s9->s7#7262-t1,previous=(t:1, i:124),leaderCommit=124,initializing? false,entries: size=1, first=(t:1, i:125), CONFIGURATIONENTRY(current:id:"s11"address:"0.0.0.0:15026"clientAddress:"0.0.0.0:15026"adminAddress:"0.0.0.0:15026"startupRole:FOLLOWER, id:"s10"address:"0.0.0.0:15025"clientAddress:"0.0.0.0:15025"adminAddress:"0.0.0.0:15025"startupRole:FOLLOWER, id:"s7"address:"0.0.0.0:15022"clientAddress:"0.0.0.0:15022"adminAddress:"0.0.0.0:15022"startupRole:FOLLOWER, id:"s13"address:"0.0.0.0:15028"clientAddress:"0.0.0.0:15028"adminAddress:"0.0.0.0:15028"startupRole:FOLLOWER, id:"s8"address:"0.0.0.0:15023"clientAddress:"0.0.0.0:15023"adminAddress:"0.0.0.0:15023"startupRole:FOLLOWER, id:"s12"address:"0.0.0.0:15027"clientAddress:"0.0.0.0:15027"adminAddress:"0.0.0.0:15027"startupRole:FOLLOWER, id:"s9"address:"0.0.0.0:15024"clientAddress:"0.0.0.0:15024"adminAddress:"0.0.0.0:15024"startupRole:FOLLOWER, id:"s0"address:"0.0.0.0:15015"clientAddress:"0.0.0.0:15015"adminAddress:"0.0.0.0:15015"startupRole:FOLLOWER, id:"s1"address:"0.0.0.0:15016"clientAddress:"0.0.0.0:15016"adminAddress:"0.0.0.0:15016"startupRole:FOLLOWER, old:id:"s7"address:"0.0.0.0:15022"clientAddress:"0.0.0.0:15022"adminAddress:"0.0.0.0:15022"startupRole:FOLLOWER, id:"s8"address:"0.0.0.0:15023"clientAddress:"0.0.0.0:15023"adminAddress:"0.0.0.0:15023"startupRole:FOLLOWER, id:"s9"address:"0.0.0.0:15024"clientAddress:"0.0.0.0:15024"adminAddress:"0.0.0.0:15024"startupRole:FOLLOWER, id:"s0"address:"0.0.0.0:15015"clientAddress:"0.0.0.0:15015"adminAddress:"0.0.0.0:15015"startupRole:FOLLOWER, id:"s1"address:"0.0.0.0:15016"clientAddress:"0.0.0.0:15016"adminAddress:"0.0.0.0:15016"startupRole:FOLLOWER)
2024-10-09 04:30:05,710 INFO  server.RaftServer$Division (ServerState.java:setRaftConf(386)) - s7@group-BDFE845AF3B0: set configuration conf: {index: 125, cur=peers:[s11|0.0.0.0:15026, s10|0.0.0.0:15025, s7|0.0.0.0:15022, s13|0.0.0.0:15028, s8|0.0.0.0:15023, s12|0.0.0.0:15027, s9|0.0.0.0:15024, s0|0.0.0.0:15015, s1|0.0.0.0:15016]|listeners:[], old=peers:[s7|0.0.0.0:15022, s8|0.0.0.0:15023, s9|0.0.0.0:15024, s0|0.0.0.0:15015, s1|0.0.0.0:15016]|listeners:[]}
2024-10-09 04:30:05,711 DEBUG server.RaftServer$Division (RaftServerImpl.java:logAppendEntries(1545)) - s0@group-BDFE845AF3B0: appendEntries* reply s9<-s0#7265:OK-t1,SUCCESS,nextIndex=126,followerCommit=124,matchIndex=125
2024-10-09 04:30:05,711 DEBUG server.RaftServer$Division (RaftServerImpl.java:logAppendEntries(1545)) - s7@group-BDFE845AF3B0: appendEntries* reply s9<-s7#7262:OK-t1,SUCCESS,nextIndex=126,followerCommit=124,matchIndex=125
2024-10-09 04:30:05,711 TRACE util.FileUtils (LogUtils.java:runAndLog(49)) - Successfully ran Atomic Files.move /home/runner/work/ratis/ratis/ratis-examples/target/test/data/6e6e5023/MiniRaftClusterWithNettya4857fb2/s10/c491dcd8-cfe1-48dd-9178-bdfe845af3b0/current/raft-meta.conf.tmp to /home/runner/work/ratis/ratis/ratis-examples/target/test/data/6e6e5023/MiniRaftClusterWithNettya4857fb2/s10/c491dcd8-cfe1-48dd-9178-bdfe845af3b0/current/raft-meta.conf with options [REPLACE_EXISTING]
2024-10-09 04:30:05,711 TRACE util.FileUtils (LogUtils.java:supplyAndLog(69)) - Successfully supplied FileChannel.open /home/runner/work/ratis/ratis/ratis-examples/target/test/data/6e6e5023/MiniRaftClusterWithNettya4857fb2/s10/c491dcd8-cfe1-48dd-9178-bdfe845af3b0/current/raft-meta.conf.tmp with options [CREATE, WRITE]: sun.nio.ch.FileChannelImpl@5850fd32
2024-10-09 04:30:05,711 DEBUG server.RaftServer$Division (RaftServerImpl.java:logAppendEntries(1545)) - s8@group-BDFE845AF3B0: appendEntries* reply s9<-s8#7263:OK-t1,SUCCESS,nextIndex=126,followerCommit=124,matchIndex=125
2024-10-09 04:30:05,711 DEBUG server.RaftServer$Division (RaftServerImpl.java:logAppendEntries(1545)) - s13@group-BDFE845AF3B0: appendEntries* s9->s13#7267-t1,previous=(t:1, i:124),leaderCommit=124,initializing? false,entries: size=1, first=(t:1, i:125), CONFIGURATIONENTRY(current:id:"s11"address:"0.0.0.0:15026"clientAddress:"0.0.0.0:15026"adminAddress:"0.0.0.0:15026"startupRole:FOLLOWER, id:"s10"address:"0.0.0.0:15025"clientAddress:"0.0.0.0:15025"adminAddress:"0.0.0.0:15025"startupRole:FOLLOWER, id:"s7"address:"0.0.0.0:15022"clientAddress:"0.0.0.0:15022"adminAddress:"0.0.0.0:15022"startupRole:FOLLOWER, id:"s13"address:"0.0.0.0:15028"clientAddress:"0.0.0.0:15028"adminAddress:"0.0.0.0:15028"startupRole:FOLLOWER, id:"s8"address:"0.0.0.0:15023"clientAddress:"0.0.0.0:15023"adminAddress:"0.0.0.0:15023"startupRole:FOLLOWER, id:"s12"address:"0.0.0.0:15027"clientAddress:"0.0.0.0:15027"adminAddress:"0.0.0.0:15027"startupRole:FOLLOWER, id:"s9"address:"0.0.0.0:15024"clientAddress:"0.0.0.0:15024"adminAddress:"0.0.0.0:15024"startupRole:FOLLOWER, id:"s0"address:"0.0.0.0:15015"clientAddress:"0.0.0.0:15015"adminAddress:"0.0.0.0:15015"startupRole:FOLLOWER, id:"s1"address:"0.0.0.0:15016"clientAddress:"0.0.0.0:15016"adminAddress:"0.0.0.0:15016"startupRole:FOLLOWER, old:id:"s7"address:"0.0.0.0:15022"clientAddress:"0.0.0.0:15022"adminAddress:"0.0.0.0:15022"startupRole:FOLLOWER, id:"s8"address:"0.0.0.0:15023"clientAddress:"0.0.0.0:15023"adminAddress:"0.0.0.0:15023"startupRole:FOLLOWER, id:"s9"address:"0.0.0.0:15024"clientAddress:"0.0.0.0:15024"adminAddress:"0.0.0.0:15024"startupRole:FOLLOWER, id:"s0"address:"0.0.0.0:15015"clientAddress:"0.0.0.0:15015"adminAddress:"0.0.0.0:15015"startupRole:FOLLOWER, id:"s1"address:"0.0.0.0:15016"clientAddress:"0.0.0.0:15016"adminAddress:"0.0.0.0:15016"startupRole:FOLLOWER)
2024-10-09 04:30:05,711 INFO  impl.RoleInfo (RoleInfo.java:updateAndGet(148)) - s13: start s13@group-BDFE845AF3B0-FollowerState
2024-10-09 04:30:05,706 TRACE util.FileUtils (LogUtils.java:supplyAndLog(69)) - Successfully supplied FileChannel.open /home/runner/work/ratis/ratis/ratis-examples/target/test/data/6e6e5023/MiniRaftClusterWithNettya4857fb2/s13/c491dcd8-cfe1-48dd-9178-bdfe845af3b0/current/raft-meta.conf.tmp with options [CREATE, WRITE]: sun.nio.ch.FileChannelImpl@3110744d
2024-10-09 04:30:05,711 DEBUG server.RaftServer$Division (RaftServerImpl.java:logAppendEntries(1545)) - s10@group-BDFE845AF3B0: appendEntries* s9->s10#7266-t1,previous=(t:1, i:124),leaderCommit=124,initializing? false,entries: size=1, first=(t:1, i:125), CONFIGURATIONENTRY(current:id:"s11"address:"0.0.0.0:15026"clientAddress:"0.0.0.0:15026"adminAddress:"0.0.0.0:15026"startupRole:FOLLOWER, id:"s10"address:"0.0.0.0:15025"clientAddress:"0.0.0.0:15025"adminAddress:"0.0.0.0:15025"startupRole:FOLLOWER, id:"s7"address:"0.0.0.0:15022"clientAddress:"0.0.0.0:15022"adminAddress:"0.0.0.0:15022"startupRole:FOLLOWER, id:"s13"address:"0.0.0.0:15028"clientAddress:"0.0.0.0:15028"adminAddress:"0.0.0.0:15028"startupRole:FOLLOWER, id:"s8"address:"0.0.0.0:15023"clientAddress:"0.0.0.0:15023"adminAddress:"0.0.0.0:15023"startupRole:FOLLOWER, id:"s12"address:"0.0.0.0:15027"clientAddress:"0.0.0.0:15027"adminAddress:"0.0.0.0:15027"startupRole:FOLLOWER, id:"s9"address:"0.0.0.0:15024"clientAddress:"0.0.0.0:15024"adminAddress:"0.0.0.0:15024"startupRole:FOLLOWER, id:"s0"address:"0.0.0.0:15015"clientAddress:"0.0.0.0:15015"adminAddress:"0.0.0.0:15015"startupRole:FOLLOWER, id:"s1"address:"0.0.0.0:15016"clientAddress:"0.0.0.0:15016"adminAddress:"0.0.0.0:15016"startupRole:FOLLOWER, old:id:"s7"address:"0.0.0.0:15022"clientAddress:"0.0.0.0:15022"adminAddress:"0.0.0.0:15022"startupRole:FOLLOWER, id:"s8"address:"0.0.0.0:15023"clientAddress:"0.0.0.0:15023"adminAddress:"0.0.0.0:15023"startupRole:FOLLOWER, id:"s9"address:"0.0.0.0:15024"clientAddress:"0.0.0.0:15024"adminAddress:"0.0.0.0:15024"startupRole:FOLLOWER, id:"s0"address:"0.0.0.0:15015"clientAddress:"0.0.0.0:15015"adminAddress:"0.0.0.0:15015"startupRole:FOLLOWER, id:"s1"address:"0.0.0.0:15016"clientAddress:"0.0.0.0:15016"adminAddress:"0.0.0.0:15016"startupRole:FOLLOWER)
2024-10-09 04:30:05,708 DEBUG server.RaftServer$Division (RaftServerImpl.java:logAppendEntries(1545)) - s1@group-BDFE845AF3B0: appendEntries* s9->s1#7264-t1,previous=(t:1, i:124),leaderCommit=124,initializing? false,entries: size=1, first=(t:1, i:125), CONFIGURATIONENTRY(current:id:"s11"address:"0.0.0.0:15026"clientAddress:"0.0.0.0:15026"adminAddress:"0.0.0.0:15026"startupRole:FOLLOWER, id:"s10"address:"0.0.0.0:15025"clientAddress:"0.0.0.0:15025"adminAddress:"0.0.0.0:15025"startupRole:FOLLOWER, id:"s7"address:"0.0.0.0:15022"clientAddress:"0.0.0.0:15022"adminAddress:"0.0.0.0:15022"startupRole:FOLLOWER, id:"s13"address:"0.0.0.0:15028"clientAddress:"0.0.0.0:15028"adminAddress:"0.0.0.0:15028"startupRole:FOLLOWER, id:"s8"address:"0.0.0.0:15023"clientAddress:"0.0.0.0:15023"adminAddress:"0.0.0.0:15023"startupRole:FOLLOWER, id:"s12"address:"0.0.0.0:15027"clientAddress:"0.0.0.0:15027"adminAddress:"0.0.0.0:15027"startupRole:FOLLOWER, id:"s9"address:"0.0.0.0:15024"clientAddress:"0.0.0.0:15024"adminAddress:"0.0.0.0:15024"startupRole:FOLLOWER, id:"s0"address:"0.0.0.0:15015"clientAddress:"0.0.0.0:15015"adminAddress:"0.0.0.0:15015"startupRole:FOLLOWER, id:"s1"address:"0.0.0.0:15016"clientAddress:"0.0.0.0:15016"adminAddress:"0.0.0.0:15016"startupRole:FOLLOWER, old:id:"s7"address:"0.0.0.0:15022"clientAddress:"0.0.0.0:15022"adminAddress:"0.0.0.0:15022"startupRole:FOLLOWER, id:"s8"address:"0.0.0.0:15023"clientAddress:"0.0.0.0:15023"adminAddress:"0.0.0.0:15023"startupRole:FOLLOWER, id:"s9"address:"0.0.0.0:15024"clientAddress:"0.0.0.0:15024"adminAddress:"0.0.0.0:15024"startupRole:FOLLOWER, id:"s0"address:"0.0.0.0:15015"clientAddress:"0.0.0.0:15015"adminAddress:"0.0.0.0:15015"startupRole:FOLLOWER, id:"s1"address:"0.0.0.0:15016"clientAddress:"0.0.0.0:15016"adminAddress:"0.0.0.0:15016"startupRole:FOLLOWER)
2024-10-09 04:30:05,713 INFO  server.RaftServer$Division (ServerState.java:setRaftConf(386)) - s1@group-BDFE845AF3B0: set configuration conf: {index: 125, cur=peers:[s11|0.0.0.0:15026, s10|0.0.0.0:15025, s7|0.0.0.0:15022, s13|0.0.0.0:15028, s8|0.0.0.0:15023, s12|0.0.0.0:15027, s9|0.0.0.0:15024, s0|0.0.0.0:15015, s1|0.0.0.0:15016]|listeners:[], old=peers:[s7|0.0.0.0:15022, s8|0.0.0.0:15023, s9|0.0.0.0:15024, s0|0.0.0.0:15015, s1|0.0.0.0:15016]|listeners:[]}
2024-10-09 04:30:05,713 TRACE util.FileUtils (LogUtils.java:runAndLog(49)) - Successfully ran Atomic Files.move /home/runner/work/ratis/ratis/ratis-examples/target/test/data/6e6e5023/MiniRaftClusterWithNettya4857fb2/s10/c491dcd8-cfe1-48dd-9178-bdfe845af3b0/current/raft-meta.conf.tmp to /home/runner/work/ratis/ratis/ratis-examples/target/test/data/6e6e5023/MiniRaftClusterWithNettya4857fb2/s10/c491dcd8-cfe1-48dd-9178-bdfe845af3b0/current/raft-meta.conf with options [REPLACE_EXISTING]
2024-10-09 04:30:05,713 DEBUG server.RaftServer$Division (RaftServerImpl.java:logAppendEntries(1545)) - s1@group-BDFE845AF3B0: appendEntries* reply s9<-s1#7264:OK-t1,SUCCESS,nextIndex=126,followerCommit=124,matchIndex=125
2024-10-09 04:30:05,713 INFO  impl.RoleInfo (RoleInfo.java:updateAndGet(148)) - s10: start s10@group-BDFE845AF3B0-FollowerState
2024-10-09 04:30:05,713 INFO  server.RaftServer$Division (ServerState.java:setRaftConf(386)) - s13@group-BDFE845AF3B0: set configuration conf: {index: 125, cur=peers:[s11|0.0.0.0:15026, s10|0.0.0.0:15025, s7|0.0.0.0:15022, s13|0.0.0.0:15028, s8|0.0.0.0:15023, s12|0.0.0.0:15027, s9|0.0.0.0:15024, s0|0.0.0.0:15015, s1|0.0.0.0:15016]|listeners:[], old=peers:[s7|0.0.0.0:15022, s8|0.0.0.0:15023, s9|0.0.0.0:15024, s0|0.0.0.0:15015, s1|0.0.0.0:15016]|listeners:[]}
2024-10-09 04:30:05,714 INFO  server.RaftServer$Division (ServerState.java:setRaftConf(386)) - s9@group-BDFE845AF3B0: set configuration conf: {index: 127, cur=peers:[s11|0.0.0.0:15026, s10|0.0.0.0:15025, s7|0.0.0.0:15022, s13|0.0.0.0:15028, s8|0.0.0.0:15023, s12|0.0.0.0:15027, s9|0.0.0.0:15024, s0|0.0.0.0:15015, s1|0.0.0.0:15016]|listeners:[], old=null}
2024-10-09 04:30:05,714 DEBUG server.RaftServer$Division (RaftServerImpl.java:logAppendEntries(1545)) - s8@group-BDFE845AF3B0: appendEntries* s9->s8#7269-t1,previous=(t:1, i:125),leaderCommit=125,initializing? false,entries: size=1, first=(t:1, i:126), METADATAENTRY(c:125)
2024-10-09 04:30:05,714 DEBUG server.RaftServer$Division (RaftServerImpl.java:logAppendEntries(1545)) - s7@group-BDFE845AF3B0: appendEntries* s9->s7#7268-t1,previous=(t:1, i:125),leaderCommit=125,initializing? false,entries: size=1, first=(t:1, i:126), METADATAENTRY(c:125)
2024-10-09 04:30:05,714 TRACE util.FileUtils (LogUtils.java:supplyAndLog(69)) - Successfully supplied FileChannel.open /home/runner/work/ratis/ratis/ratis-examples/target/test/data/6e6e5023/MiniRaftClusterWithNettya4857fb2/s9/c491dcd8-cfe1-48dd-9178-bdfe845af3b0/current/raft-meta.conf.tmp with options [CREATE, WRITE]: sun.nio.ch.FileChannelImpl@4adc3cb3
2024-10-09 04:30:05,714 DEBUG server.RaftServer$Division (RaftServerImpl.java:logAppendEntries(1545)) - s0@group-BDFE845AF3B0: appendEntries* s9->s0#7271-t1,previous=(t:1, i:125),leaderCommit=125,initializing? false,entries: size=2, first=(t:1, i:126), METADATAENTRY(c:125)
2024-10-09 04:30:05,714 INFO  server.RaftServer$Division (ServerState.java:setRaftConf(386)) - s0@group-BDFE845AF3B0: set configuration conf: {index: 127, cur=peers:[s11|0.0.0.0:15026, s10|0.0.0.0:15025, s7|0.0.0.0:15022, s13|0.0.0.0:15028, s8|0.0.0.0:15023, s12|0.0.0.0:15027, s9|0.0.0.0:15024, s0|0.0.0.0:15015, s1|0.0.0.0:15016]|listeners:[], old=null}
2024-10-09 04:30:05,715 TRACE util.FileUtils (LogUtils.java:supplyAndLog(69)) - Successfully supplied FileChannel.open /home/runner/work/ratis/ratis/ratis-examples/target/test/data/6e6e5023/MiniRaftClusterWithNettya4857fb2/s7/c491dcd8-cfe1-48dd-9178-bdfe845af3b0/current/raft-meta.conf.tmp with options [CREATE, WRITE]: sun.nio.ch.FileChannelImpl@1cdeb6d4
2024-10-09 04:30:05,715 DEBUG server.RaftServer$Division (RaftServerImpl.java:logAppendEntries(1545)) - s1@group-BDFE845AF3B0: appendEntries* s9->s1#7270-t1,previous=(t:1, i:125),leaderCommit=125,initializing? false,entries: size=2, first=(t:1, i:126), METADATAENTRY(c:125)
2024-10-09 04:30:05,715 INFO  server.RaftServer$Division (ServerState.java:setRaftConf(386)) - s1@group-BDFE845AF3B0: set configuration conf: {index: 127, cur=peers:[s11|0.0.0.0:15026, s10|0.0.0.0:15025, s7|0.0.0.0:15022, s13|0.0.0.0:15028, s8|0.0.0.0:15023, s12|0.0.0.0:15027, s9|0.0.0.0:15024, s0|0.0.0.0:15015, s1|0.0.0.0:15016]|listeners:[], old=null}
2024-10-09 04:30:05,715 DEBUG server.RaftServer$Division (RaftServerImpl.java:logAppendEntries(1545)) - s0@group-BDFE845AF3B0: appendEntries* reply s9<-s0#7271:OK-t1,SUCCESS,nextIndex=128,followerCommit=125,matchIndex=127
2024-10-09 04:30:05,715 TRACE util.FileUtils (LogUtils.java:supplyAndLog(69)) - Successfully supplied FileChannel.open /home/runner/work/ratis/ratis/ratis-examples/target/test/data/6e6e5023/MiniRaftClusterWithNettya4857fb2/s0/c491dcd8-cfe1-48dd-9178-bdfe845af3b0/current/raft-meta.conf.tmp with options [CREATE, WRITE]: sun.nio.ch.FileChannelImpl@6f702757
2024-10-09 04:30:05,715 DEBUG server.RaftServer$Division (RaftServerImpl.java:logAppendEntries(1545)) - s7@group-BDFE845AF3B0: appendEntries* reply s9<-s7#7268:OK-t1,SUCCESS,nextIndex=127,followerCommit=125,matchIndex=126
2024-10-09 04:30:05,717 DEBUG server.RaftServer$Division (RaftServerImpl.java:logAppendEntries(1545)) - s7@group-BDFE845AF3B0: appendEntries* s9->s7#7272-t1,previous=(t:1, i:126),leaderCommit=125,initializing? false,entries: size=1, first=(t:1, i:127), CONFIGURATIONENTRY(current:id:"s11"address:"0.0.0.0:15026"clientAddress:"0.0.0.0:15026"adminAddress:"0.0.0.0:15026"startupRole:FOLLOWER, id:"s10"address:"0.0.0.0:15025"clientAddress:"0.0.0.0:15025"adminAddress:"0.0.0.0:15025"startupRole:FOLLOWER, id:"s7"address:"0.0.0.0:15022"clientAddress:"0.0.0.0:15022"adminAddress:"0.0.0.0:15022"startupRole:FOLLOWER, id:"s13"address:"0.0.0.0:15028"clientAddress:"0.0.0.0:15028"adminAddress:"0.0.0.0:15028"startupRole:FOLLOWER, id:"s8"address:"0.0.0.0:15023"clientAddress:"0.0.0.0:15023"adminAddress:"0.0.0.0:15023"startupRole:FOLLOWER, id:"s12"address:"0.0.0.0:15027"clientAddress:"0.0.0.0:15027"adminAddress:"0.0.0.0:15027"startupRole:FOLLOWER, id:"s9"address:"0.0.0.0:15024"clientAddress:"0.0.0.0:15024"adminAddress:"0.0.0.0:15024"startupRole:FOLLOWER, id:"s0"address:"0.0.0.0:15015"clientAddress:"0.0.0.0:15015"adminAddress:"0.0.0.0:15015"startupRole:FOLLOWER, id:"s1"address:"0.0.0.0:15016"clientAddress:"0.0.0.0:15016"adminAddress:"0.0.0.0:15016"startupRole:FOLLOWER, old:)
2024-10-09 04:30:05,718 INFO  server.RaftServer$Division (ServerState.java:setRaftConf(386)) - s7@group-BDFE845AF3B0: set configuration conf: {index: 127, cur=peers:[s11|0.0.0.0:15026, s10|0.0.0.0:15025, s7|0.0.0.0:15022, s13|0.0.0.0:15028, s8|0.0.0.0:15023, s12|0.0.0.0:15027, s9|0.0.0.0:15024, s0|0.0.0.0:15015, s1|0.0.0.0:15016]|listeners:[], old=null}
2024-10-09 04:30:05,718 TRACE util.FileUtils (LogUtils.java:runAndLog(49)) - Successfully ran Atomic Files.move /home/runner/work/ratis/ratis/ratis-examples/target/test/data/6e6e5023/MiniRaftClusterWithNettya4857fb2/s13/c491dcd8-cfe1-48dd-9178-bdfe845af3b0/current/raft-meta.conf.tmp to /home/runner/work/ratis/ratis/ratis-examples/target/test/data/6e6e5023/MiniRaftClusterWithNettya4857fb2/s13/c491dcd8-cfe1-48dd-9178-bdfe845af3b0/current/raft-meta.conf with options [REPLACE_EXISTING]
2024-10-09 04:30:05,718 DEBUG server.RaftServer$Division (RaftServerImpl.java:logAppendEntries(1545)) - s8@group-BDFE845AF3B0: appendEntries* reply s9<-s8#7269:OK-t1,SUCCESS,nextIndex=127,followerCommit=125,matchIndex=126
2024-10-09 04:30:05,718 DEBUG server.RaftServer$Division (RaftServerImpl.java:logAppendEntries(1545)) - s1@group-BDFE845AF3B0: appendEntries* reply s9<-s1#7270:OK-t1,SUCCESS,nextIndex=128,followerCommit=125,matchIndex=127
2024-10-09 04:30:05,718 TRACE util.FileUtils (LogUtils.java:supplyAndLog(69)) - Successfully supplied FileChannel.open /home/runner/work/ratis/ratis/ratis-examples/target/test/data/6e6e5023/MiniRaftClusterWithNettya4857fb2/s8/c491dcd8-cfe1-48dd-9178-bdfe845af3b0/current/raft-meta.conf.tmp with options [CREATE, WRITE]: sun.nio.ch.FileChannelImpl@70126452
2024-10-09 04:30:05,719 TRACE util.FileUtils (LogUtils.java:supplyAndLog(69)) - Successfully supplied FileChannel.open /home/runner/work/ratis/ratis/ratis-examples/target/test/data/6e6e5023/MiniRaftClusterWithNettya4857fb2/s13/c491dcd8-cfe1-48dd-9178-bdfe845af3b0/current/raft-meta.conf.tmp with options [CREATE, WRITE]: sun.nio.ch.FileChannelImpl@3fd79c1f
2024-10-09 04:30:05,721 TRACE util.FileUtils (LogUtils.java:supplyAndLog(69)) - Successfully supplied FileChannel.open /home/runner/work/ratis/ratis/ratis-examples/target/test/data/6e6e5023/MiniRaftClusterWithNettya4857fb2/s1/c491dcd8-cfe1-48dd-9178-bdfe845af3b0/current/raft-meta.conf.tmp with options [CREATE, WRITE]: sun.nio.ch.FileChannelImpl@1ed53f76
2024-10-09 04:30:05,718 DEBUG server.RaftServer$Division (RaftServerImpl.java:logAppendEntries(1545)) - s7@group-BDFE845AF3B0: appendEntries* reply s9<-s7#7272:OK-t1,SUCCESS,nextIndex=128,followerCommit=125,matchIndex=127
2024-10-09 04:30:05,721 DEBUG server.RaftServer$Division (RaftServerImpl.java:logAppendEntries(1545)) - s13@group-BDFE845AF3B0: appendEntries* reply s9<-s13#7267:OK-t1,SUCCESS,nextIndex=126,followerCommit=124,matchIndex=125
2024-10-09 04:30:05,722 DEBUG server.RaftServer$Division (RaftServerImpl.java:logAppendEntries(1545)) - s8@group-BDFE845AF3B0: appendEntries* s9->s8#7273-t1,previous=(t:1, i:126),leaderCommit=125,initializing? false,entries: size=1, first=(t:1, i:127), CONFIGURATIONENTRY(current:id:"s11"address:"0.0.0.0:15026"clientAddress:"0.0.0.0:15026"adminAddress:"0.0.0.0:15026"startupRole:FOLLOWER, id:"s10"address:"0.0.0.0:15025"clientAddress:"0.0.0.0:15025"adminAddress:"0.0.0.0:15025"startupRole:FOLLOWER, id:"s7"address:"0.0.0.0:15022"clientAddress:"0.0.0.0:15022"adminAddress:"0.0.0.0:15022"startupRole:FOLLOWER, id:"s13"address:"0.0.0.0:15028"clientAddress:"0.0.0.0:15028"adminAddress:"0.0.0.0:15028"startupRole:FOLLOWER, id:"s8"address:"0.0.0.0:15023"clientAddress:"0.0.0.0:15023"adminAddress:"0.0.0.0:15023"startupRole:FOLLOWER, id:"s12"address:"0.0.0.0:15027"clientAddress:"0.0.0.0:15027"adminAddress:"0.0.0.0:15027"startupRole:FOLLOWER, id:"s9"address:"0.0.0.0:15024"clientAddress:"0.0.0.0:15024"adminAddress:"0.0.0.0:15024"startupRole:FOLLOWER, id:"s0"address:"0.0.0.0:15015"clientAddress:"0.0.0.0:15015"adminAddress:"0.0.0.0:15015"startupRole:FOLLOWER, id:"s1"address:"0.0.0.0:15016"clientAddress:"0.0.0.0:15016"adminAddress:"0.0.0.0:15016"startupRole:FOLLOWER, old:)
2024-10-09 04:30:05,722 INFO  server.RaftServer$Division (ServerState.java:setRaftConf(386)) - s8@group-BDFE845AF3B0: set configuration conf: {index: 127, cur=peers:[s11|0.0.0.0:15026, s10|0.0.0.0:15025, s7|0.0.0.0:15022, s13|0.0.0.0:15028, s8|0.0.0.0:15023, s12|0.0.0.0:15027, s9|0.0.0.0:15024, s0|0.0.0.0:15015, s1|0.0.0.0:15016]|listeners:[], old=null}
2024-10-09 04:30:05,722 DEBUG server.RaftServer$Division (RaftServerImpl.java:logAppendEntries(1545)) - s8@group-BDFE845AF3B0: appendEntries* reply s9<-s8#7273:OK-t1,SUCCESS,nextIndex=128,followerCommit=125,matchIndex=127
2024-10-09 04:30:05,723 DEBUG server.RaftServer$Division (RaftServerImpl.java:logAppendEntries(1545)) - s7@group-BDFE845AF3B0: appendEntries* s9->s7#7274-t1,previous=(t:1, i:127),leaderCommit=127,initializing? false,entries: size=1, first=(t:1, i:128), METADATAENTRY(c:127)
2024-10-09 04:30:05,724 INFO  server.RaftServer$Division (RaftServerImpl.java:setConfigurationAsync(1332)) - s9@group-BDFE845AF3B0: receive setConfiguration SetConfigurationRequest:client-2C6E76C87937->s9@group-BDFE845AF3B0, cid=7275, seq=null, RW, null, SET_UNCONDITIONALLY, servers:[s3|0.0.0.0:15018, s4|0.0.0.0:15019, s5|0.0.0.0:15020, s6|0.0.0.0:15021, s7|0.0.0.0:15022, s8|0.0.0.0:15023, s9|0.0.0.0:15024, s11|0.0.0.0:15026, s10|0.0.0.0:15025, s13|0.0.0.0:15028, s12|0.0.0.0:15027, s14|0.0.0.0:15029, s0|0.0.0.0:15015, s1|0.0.0.0:15016, s2|0.0.0.0:15017], listeners:[]
2024-10-09 04:30:05,724 INFO  server.RaftServer$Division (LeaderStateImpl.java:startSetConfiguration(486)) - s9@group-BDFE845AF3B0-LeaderStateImpl: startSetConfiguration SetConfigurationRequest:client-2C6E76C87937->s9@group-BDFE845AF3B0, cid=7275, seq=null, RW, null, SET_UNCONDITIONALLY, servers:[s3|0.0.0.0:15018, s4|0.0.0.0:15019, s5|0.0.0.0:15020, s6|0.0.0.0:15021, s7|0.0.0.0:15022, s8|0.0.0.0:15023, s9|0.0.0.0:15024, s11|0.0.0.0:15026, s10|0.0.0.0:15025, s13|0.0.0.0:15028, s12|0.0.0.0:15027, s14|0.0.0.0:15029, s0|0.0.0.0:15015, s1|0.0.0.0:15016, s2|0.0.0.0:15017], listeners:[]
2024-10-09 04:30:05,725 INFO  server.RaftServerConfigKeys (ConfUtils.java:logGet(46)) - raft.server.log.appender.snapshot.chunk.size.max = 16MB (=16777216) (default)
2024-10-09 04:30:05,725 INFO  server.RaftServerConfigKeys (ConfUtils.java:logGet(46)) - raft.server.log.appender.buffer.byte-limit = 4MB (=4194304) (default)
2024-10-09 04:30:05,725 INFO  server.RaftServerConfigKeys (ConfUtils.java:logGet(46)) - raft.server.log.appender.buffer.element-limit = 0 (default)
2024-10-09 04:30:05,725 DEBUG server.RaftServer$Division (RaftServerImpl.java:logAppendEntries(1545)) - s7@group-BDFE845AF3B0: appendEntries* reply s9<-s7#7274:OK-t1,SUCCESS,nextIndex=129,followerCommit=127,matchIndex=128
2024-10-09 04:30:05,725 DEBUG server.RaftServer$Division (RaftServerImpl.java:logAppendEntries(1545)) - s13@group-BDFE845AF3B0: appendEntries* s9->s13#7276-t1,previous=(t:1, i:125),leaderCommit=127,initializing? false,entries: size=3, first=(t:1, i:126), METADATAENTRY(c:125)
2024-10-09 04:30:05,725 INFO  server.RaftServer$Division (ServerState.java:setRaftConf(386)) - s13@group-BDFE845AF3B0: set configuration conf: {index: 127, cur=peers:[s11|0.0.0.0:15026, s10|0.0.0.0:15025, s7|0.0.0.0:15022, s13|0.0.0.0:15028, s8|0.0.0.0:15023, s12|0.0.0.0:15027, s9|0.0.0.0:15024, s0|0.0.0.0:15015, s1|0.0.0.0:15016]|listeners:[], old=null}
2024-10-09 04:30:05,726 TRACE util.FileUtils (LogUtils.java:runAndLog(49)) - Successfully ran Atomic Files.move /home/runner/work/ratis/ratis/ratis-examples/target/test/data/6e6e5023/MiniRaftClusterWithNettya4857fb2/s1/c491dcd8-cfe1-48dd-9178-bdfe845af3b0/current/raft-meta.conf.tmp to /home/runner/work/ratis/ratis/ratis-examples/target/test/data/6e6e5023/MiniRaftClusterWithNettya4857fb2/s1/c491dcd8-cfe1-48dd-9178-bdfe845af3b0/current/raft-meta.conf with options [REPLACE_EXISTING]
2024-10-09 04:30:05,725 TRACE util.FileUtils (LogUtils.java:runAndLog(49)) - Successfully ran Atomic Files.move /home/runner/work/ratis/ratis/ratis-examples/target/test/data/6e6e5023/MiniRaftClusterWithNettya4857fb2/s0/c491dcd8-cfe1-48dd-9178-bdfe845af3b0/current/raft-meta.conf.tmp to /home/runner/work/ratis/ratis/ratis-examples/target/test/data/6e6e5023/MiniRaftClusterWithNettya4857fb2/s0/c491dcd8-cfe1-48dd-9178-bdfe845af3b0/current/raft-meta.conf with options [REPLACE_EXISTING]
2024-10-09 04:30:05,725 TRACE util.FileUtils (LogUtils.java:runAndLog(49)) - Successfully ran Atomic Files.move /home/runner/work/ratis/ratis/ratis-examples/target/test/data/6e6e5023/MiniRaftClusterWithNettya4857fb2/s9/c491dcd8-cfe1-48dd-9178-bdfe845af3b0/current/raft-meta.conf.tmp to /home/runner/work/ratis/ratis/ratis-examples/target/test/data/6e6e5023/MiniRaftClusterWithNettya4857fb2/s9/c491dcd8-cfe1-48dd-9178-bdfe845af3b0/current/raft-meta.conf with options [REPLACE_EXISTING]
2024-10-09 04:30:05,726 TRACE util.FileUtils (LogUtils.java:supplyAndLog(69)) - Successfully supplied FileChannel.open /home/runner/work/ratis/ratis/ratis-examples/target/test/data/6e6e5023/MiniRaftClusterWithNettya4857fb2/s9/c491dcd8-cfe1-48dd-9178-bdfe845af3b0/current/raft-meta.conf.tmp with options [CREATE, WRITE]: sun.nio.ch.FileChannelImpl@798b699c
2024-10-09 04:30:05,727 DEBUG server.RaftServer$Division (RaftServerImpl.java:logAppendEntries(1545)) - s8@group-BDFE845AF3B0: appendEntries* s9->s8#7278-t1,previous=(t:1, i:127),leaderCommit=127,initializing? false,entries: size=1, first=(t:1, i:128), METADATAENTRY(c:127)
2024-10-09 04:30:05,727 DEBUG server.RaftServer$Division (RaftServerImpl.java:logAppendEntries(1545)) - s0@group-BDFE845AF3B0: appendEntries* s9->s0#7277-t1,previous=(t:1, i:127),leaderCommit=127,initializing? false,entries: size=1, first=(t:1, i:128), METADATAENTRY(c:127)
2024-10-09 04:30:05,727 DEBUG server.RaftServer$Division (RaftServerImpl.java:logAppendEntries(1545)) - s8@group-BDFE845AF3B0: appendEntries* reply s9<-s8#7278:OK-t1,SUCCESS,nextIndex=129,followerCommit=127,matchIndex=128
2024-10-09 04:30:05,727 TRACE util.FileUtils (LogUtils.java:runAndLog(49)) - Successfully ran Atomic Files.move /home/runner/work/ratis/ratis/ratis-examples/target/test/data/6e6e5023/MiniRaftClusterWithNettya4857fb2/s8/c491dcd8-cfe1-48dd-9178-bdfe845af3b0/current/raft-meta.conf.tmp to /home/runner/work/ratis/ratis/ratis-examples/target/test/data/6e6e5023/MiniRaftClusterWithNettya4857fb2/s8/c491dcd8-cfe1-48dd-9178-bdfe845af3b0/current/raft-meta.conf with options [REPLACE_EXISTING]
2024-10-09 04:30:05,728 DEBUG server.RaftServer$Division (RaftServerImpl.java:logAppendEntries(1545)) - s0@group-BDFE845AF3B0: appendEntries* reply s9<-s0#7277:OK-t1,SUCCESS,nextIndex=129,followerCommit=127,matchIndex=128
2024-10-09 04:30:05,726 INFO  server.RaftServerConfigKeys (ConfUtils.java:logGet(46)) - raft.server.log.appender.wait-time.min = 1ms (default)
2024-10-09 04:30:05,728 INFO  server.RaftServerConfigKeys (ConfUtils.java:logGet(46)) - raft.server.log.appender.snapshot.chunk.size.max = 16MB (=16777216) (default)
2024-10-09 04:30:05,728 INFO  server.RaftServerConfigKeys (ConfUtils.java:logGet(46)) - raft.server.log.appender.buffer.byte-limit = 4MB (=4194304) (default)
2024-10-09 04:30:05,728 INFO  server.RaftServerConfigKeys (ConfUtils.java:logGet(46)) - raft.server.log.appender.buffer.element-limit = 0 (default)
2024-10-09 04:30:05,729 INFO  server.RaftServerConfigKeys (ConfUtils.java:logGet(46)) - raft.server.log.appender.wait-time.min = 1ms (default)
2024-10-09 04:30:05,729 INFO  server.RaftServerConfigKeys (ConfUtils.java:logGet(46)) - raft.server.log.appender.snapshot.chunk.size.max = 16MB (=16777216) (default)
2024-10-09 04:30:05,729 INFO  server.RaftServerConfigKeys (ConfUtils.java:logGet(46)) - raft.server.log.appender.buffer.byte-limit = 4MB (=4194304) (default)
2024-10-09 04:30:05,729 INFO  server.RaftServerConfigKeys (ConfUtils.java:logGet(46)) - raft.server.log.appender.buffer.element-limit = 0 (default)
2024-10-09 04:30:05,729 INFO  server.RaftServerConfigKeys (ConfUtils.java:logGet(46)) - raft.server.log.appender.wait-time.min = 1ms (default)
2024-10-09 04:30:05,729 INFO  server.RaftServerConfigKeys (ConfUtils.java:logGet(46)) - raft.server.log.appender.snapshot.chunk.size.max = 16MB (=16777216) (default)
2024-10-09 04:30:05,729 INFO  server.RaftServerConfigKeys (ConfUtils.java:logGet(46)) - raft.server.log.appender.buffer.byte-limit = 4MB (=4194304) (default)
2024-10-09 04:30:05,729 INFO  server.RaftServerConfigKeys (ConfUtils.java:logGet(46)) - raft.server.log.appender.buffer.element-limit = 0 (default)
2024-10-09 04:30:05,730 INFO  server.RaftServerConfigKeys (ConfUtils.java:logGet(46)) - raft.server.log.appender.wait-time.min = 1ms (default)
2024-10-09 04:30:05,730 INFO  server.RaftServerConfigKeys (ConfUtils.java:logGet(46)) - raft.server.log.appender.snapshot.chunk.size.max = 16MB (=16777216) (default)
2024-10-09 04:30:05,730 INFO  server.RaftServerConfigKeys (ConfUtils.java:logGet(46)) - raft.server.log.appender.buffer.byte-limit = 4MB (=4194304) (default)
2024-10-09 04:30:05,730 INFO  server.RaftServerConfigKeys (ConfUtils.java:logGet(46)) - raft.server.log.appender.buffer.element-limit = 0 (default)
2024-10-09 04:30:05,730 INFO  server.RaftServerConfigKeys (ConfUtils.java:logGet(46)) - raft.server.log.appender.wait-time.min = 1ms (default)
2024-10-09 04:30:05,730 INFO  server.RaftServerConfigKeys (ConfUtils.java:logGet(46)) - raft.server.log.appender.snapshot.chunk.size.max = 16MB (=16777216) (default)
2024-10-09 04:30:05,730 INFO  server.RaftServerConfigKeys (ConfUtils.java:logGet(46)) - raft.server.log.appender.buffer.byte-limit = 4MB (=4194304) (default)
2024-10-09 04:30:05,730 INFO  server.RaftServerConfigKeys (ConfUtils.java:logGet(46)) - raft.server.log.appender.buffer.element-limit = 0 (default)
2024-10-09 04:30:05,726 INFO  server.RaftServer$Division (ServerState.java:setRaftConf(386)) - s10@group-BDFE845AF3B0: set configuration conf: {index: 125, cur=peers:[s11|0.0.0.0:15026, s10|0.0.0.0:15025, s7|0.0.0.0:15022, s13|0.0.0.0:15028, s8|0.0.0.0:15023, s12|0.0.0.0:15027, s9|0.0.0.0:15024, s0|0.0.0.0:15015, s1|0.0.0.0:15016]|listeners:[], old=peers:[s7|0.0.0.0:15022, s8|0.0.0.0:15023, s9|0.0.0.0:15024, s0|0.0.0.0:15015, s1|0.0.0.0:15016]|listeners:[]}
2024-10-09 04:30:05,725 DEBUG server.RaftServer$Division (RaftServerImpl.java:logAppendEntries(1545)) - s1@group-BDFE845AF3B0: appendEntries* s9->s1#7279-t1,previous=(t:1, i:127),leaderCommit=127,initializing? false,entries: size=1, first=(t:1, i:128), METADATAENTRY(c:127)
2024-10-09 04:30:05,731 DEBUG server.RaftServer$Division (RaftServerImpl.java:logAppendEntries(1545)) - s12@group-BDFE845AF3B0: appendEntries* reply s9<-s12#7260:OK-t1,SUCCESS,nextIndex=125,followerCommit=124,matchIndex=124
2024-10-09 04:30:05,731 DEBUG server.RaftServer$Division (RaftServerImpl.java:logAppendEntries(1545)) - s11@group-BDFE845AF3B0: appendEntries* reply s9<-s11#7259:OK-t1,SUCCESS,nextIndex=125,followerCommit=124,matchIndex=124
2024-10-09 04:30:05,731 TRACE util.FileUtils (LogUtils.java:runAndLog(49)) - Successfully ran Atomic Files.move /home/runner/work/ratis/ratis/ratis-examples/target/test/data/6e6e5023/MiniRaftClusterWithNettya4857fb2/s13/c491dcd8-cfe1-48dd-9178-bdfe845af3b0/current/raft-meta.conf.tmp to /home/runner/work/ratis/ratis/ratis-examples/target/test/data/6e6e5023/MiniRaftClusterWithNettya4857fb2/s13/c491dcd8-cfe1-48dd-9178-bdfe845af3b0/current/raft-meta.conf with options [REPLACE_EXISTING]
2024-10-09 04:30:05,728 TRACE util.FileUtils (LogUtils.java:runAndLog(49)) - Successfully ran Atomic Files.move /home/runner/work/ratis/ratis/ratis-examples/target/test/data/6e6e5023/MiniRaftClusterWithNettya4857fb2/s7/c491dcd8-cfe1-48dd-9178-bdfe845af3b0/current/raft-meta.conf.tmp to /home/runner/work/ratis/ratis/ratis-examples/target/test/data/6e6e5023/MiniRaftClusterWithNettya4857fb2/s7/c491dcd8-cfe1-48dd-9178-bdfe845af3b0/current/raft-meta.conf with options [REPLACE_EXISTING]
2024-10-09 04:30:05,732 DEBUG server.RaftServer$Division (RaftServerImpl.java:logAppendEntries(1545)) - s1@group-BDFE845AF3B0: appendEntries* reply s9<-s1#7279:OK-t1,SUCCESS,nextIndex=129,followerCommit=127,matchIndex=128
2024-10-09 04:30:05,732 TRACE util.FileUtils (LogUtils.java:supplyAndLog(69)) - Successfully supplied FileChannel.open /home/runner/work/ratis/ratis/ratis-examples/target/test/data/6e6e5023/MiniRaftClusterWithNettya4857fb2/s7/c491dcd8-cfe1-48dd-9178-bdfe845af3b0/current/raft-meta.conf.tmp with options [CREATE, WRITE]: sun.nio.ch.FileChannelImpl@6dccd634
2024-10-09 04:30:05,732 TRACE util.FileUtils (LogUtils.java:supplyAndLog(69)) - Successfully supplied FileChannel.open /home/runner/work/ratis/ratis/ratis-examples/target/test/data/6e6e5023/MiniRaftClusterWithNettya4857fb2/s1/c491dcd8-cfe1-48dd-9178-bdfe845af3b0/current/raft-meta.conf.tmp with options [CREATE, WRITE]: sun.nio.ch.FileChannelImpl@31dd8aa5
2024-10-09 04:30:05,732 DEBUG server.RaftServer$Division (RaftServerImpl.java:logAppendEntries(1545)) - s11@group-BDFE845AF3B0: appendEntries* s9->s11#7281-t1,previous=(t:1, i:124),leaderCommit=127,initializing? false,entries: size=4, first=(t:1, i:125), CONFIGURATIONENTRY(current:id:"s11"address:"0.0.0.0:15026"clientAddress:"0.0.0.0:15026"adminAddress:"0.0.0.0:15026"startupRole:FOLLOWER, id:"s10"address:"0.0.0.0:15025"clientAddress:"0.0.0.0:15025"adminAddress:"0.0.0.0:15025"startupRole:FOLLOWER, id:"s7"address:"0.0.0.0:15022"clientAddress:"0.0.0.0:15022"adminAddress:"0.0.0.0:15022"startupRole:FOLLOWER, id:"s13"address:"0.0.0.0:15028"clientAddress:"0.0.0.0:15028"adminAddress:"0.0.0.0:15028"startupRole:FOLLOWER, id:"s8"address:"0.0.0.0:15023"clientAddress:"0.0.0.0:15023"adminAddress:"0.0.0.0:15023"startupRole:FOLLOWER, id:"s12"address:"0.0.0.0:15027"clientAddress:"0.0.0.0:15027"adminAddress:"0.0.0.0:15027"startupRole:FOLLOWER, id:"s9"address:"0.0.0.0:15024"clientAddress:"0.0.0.0:15024"adminAddress:"0.0.0.0:15024"startupRole:FOLLOWER, id:"s0"address:"0.0.0.0:15015"clientAddress:"0.0.0.0:15015"adminAddress:"0.0.0.0:15015"startupRole:FOLLOWER, id:"s1"address:"0.0.0.0:15016"clientAddress:"0.0.0.0:15016"adminAddress:"0.0.0.0:15016"startupRole:FOLLOWER, old:id:"s7"address:"0.0.0.0:15022"clientAddress:"0.0.0.0:15022"adminAddress:"0.0.0.0:15022"startupRole:FOLLOWER, id:"s8"address:"0.0.0.0:15023"clientAddress:"0.0.0.0:15023"adminAddress:"0.0.0.0:15023"startupRole:FOLLOWER, id:"s9"address:"0.0.0.0:15024"clientAddress:"0.0.0.0:15024"adminAddress:"0.0.0.0:15024"startupRole:FOLLOWER, id:"s0"address:"0.0.0.0:15015"clientAddress:"0.0.0.0:15015"adminAddress:"0.0.0.0:15015"startupRole:FOLLOWER, id:"s1"address:"0.0.0.0:15016"clientAddress:"0.0.0.0:15016"adminAddress:"0.0.0.0:15016"startupRole:FOLLOWER)
2024-10-09 04:30:05,732 INFO  impl.RoleInfo (RoleInfo.java:updateAndGet(148)) - s11: start s11@group-BDFE845AF3B0-FollowerState
2024-10-09 04:30:05,733 DEBUG server.RaftServer$Division (RaftServerImpl.java:logAppendEntries(1545)) - s12@group-BDFE845AF3B0: appendEntries* s9->s12#7280-t1,previous=(t:1, i:124),leaderCommit=127,initializing? false,entries: size=4, first=(t:1, i:125), CONFIGURATIONENTRY(current:id:"s11"address:"0.0.0.0:15026"clientAddress:"0.0.0.0:15026"adminAddress:"0.0.0.0:15026"startupRole:FOLLOWER, id:"s10"address:"0.0.0.0:15025"clientAddress:"0.0.0.0:15025"adminAddress:"0.0.0.0:15025"startupRole:FOLLOWER, id:"s7"address:"0.0.0.0:15022"clientAddress:"0.0.0.0:15022"adminAddress:"0.0.0.0:15022"startupRole:FOLLOWER, id:"s13"address:"0.0.0.0:15028"clientAddress:"0.0.0.0:15028"adminAddress:"0.0.0.0:15028"startupRole:FOLLOWER, id:"s8"address:"0.0.0.0:15023"clientAddress:"0.0.0.0:15023"adminAddress:"0.0.0.0:15023"startupRole:FOLLOWER, id:"s12"address:"0.0.0.0:15027"clientAddress:"0.0.0.0:15027"adminAddress:"0.0.0.0:15027"startupRole:FOLLOWER, id:"s9"address:"0.0.0.0:15024"clientAddress:"0.0.0.0:15024"adminAddress:"0.0.0.0:15024"startupRole:FOLLOWER, id:"s0"address:"0.0.0.0:15015"clientAddress:"0.0.0.0:15015"adminAddress:"0.0.0.0:15015"startupRole:FOLLOWER, id:"s1"address:"0.0.0.0:15016"clientAddress:"0.0.0.0:15016"adminAddress:"0.0.0.0:15016"startupRole:FOLLOWER, old:id:"s7"address:"0.0.0.0:15022"clientAddress:"0.0.0.0:15022"adminAddress:"0.0.0.0:15022"startupRole:FOLLOWER, id:"s8"address:"0.0.0.0:15023"clientAddress:"0.0.0.0:15023"adminAddress:"0.0.0.0:15023"startupRole:FOLLOWER, id:"s9"address:"0.0.0.0:15024"clientAddress:"0.0.0.0:15024"adminAddress:"0.0.0.0:15024"startupRole:FOLLOWER, id:"s0"address:"0.0.0.0:15015"clientAddress:"0.0.0.0:15015"adminAddress:"0.0.0.0:15015"startupRole:FOLLOWER, id:"s1"address:"0.0.0.0:15016"clientAddress:"0.0.0.0:15016"adminAddress:"0.0.0.0:15016"startupRole:FOLLOWER)
2024-10-09 04:30:05,733 TRACE util.FileUtils (LogUtils.java:supplyAndLog(69)) - Successfully supplied FileChannel.open /home/runner/work/ratis/ratis/ratis-examples/target/test/data/6e6e5023/MiniRaftClusterWithNettya4857fb2/s11/c491dcd8-cfe1-48dd-9178-bdfe845af3b0/current/raft-meta.conf.tmp with options [CREATE, WRITE]: sun.nio.ch.FileChannelImpl@6bbbf1d0
2024-10-09 04:30:05,734 TRACE util.FileUtils (LogUtils.java:runAndLog(49)) - Successfully ran Atomic Files.move /home/runner/work/ratis/ratis/ratis-examples/target/test/data/6e6e5023/MiniRaftClusterWithNettya4857fb2/s9/c491dcd8-cfe1-48dd-9178-bdfe845af3b0/current/raft-meta.conf.tmp to /home/runner/work/ratis/ratis/ratis-examples/target/test/data/6e6e5023/MiniRaftClusterWithNettya4857fb2/s9/c491dcd8-cfe1-48dd-9178-bdfe845af3b0/current/raft-meta.conf with options [REPLACE_EXISTING]
2024-10-09 04:30:05,728 TRACE util.FileUtils (LogUtils.java:supplyAndLog(69)) - Successfully supplied FileChannel.open /home/runner/work/ratis/ratis/ratis-examples/target/test/data/6e6e5023/MiniRaftClusterWithNettya4857fb2/s8/c491dcd8-cfe1-48dd-9178-bdfe845af3b0/current/raft-meta.conf.tmp with options [CREATE, WRITE]: sun.nio.ch.FileChannelImpl@b3e9a03
2024-10-09 04:30:05,728 TRACE util.FileUtils (LogUtils.java:supplyAndLog(69)) - Successfully supplied FileChannel.open /home/runner/work/ratis/ratis/ratis-examples/target/test/data/6e6e5023/MiniRaftClusterWithNettya4857fb2/s0/c491dcd8-cfe1-48dd-9178-bdfe845af3b0/current/raft-meta.conf.tmp with options [CREATE, WRITE]: sun.nio.ch.FileChannelImpl@1934371b
2024-10-09 04:30:05,726 DEBUG server.RaftServer$Division (RaftServerImpl.java:logAppendEntries(1545)) - s13@group-BDFE845AF3B0: appendEntries* reply s9<-s13#7276:OK-t1,SUCCESS,nextIndex=129,followerCommit=127,matchIndex=128
2024-10-09 04:30:05,735 TRACE util.FileUtils (LogUtils.java:runAndLog(49)) - Successfully ran Atomic Files.move /home/runner/work/ratis/ratis/ratis-examples/target/test/data/6e6e5023/MiniRaftClusterWithNettya4857fb2/s11/c491dcd8-cfe1-48dd-9178-bdfe845af3b0/current/raft-meta.conf.tmp to /home/runner/work/ratis/ratis/ratis-examples/target/test/data/6e6e5023/MiniRaftClusterWithNettya4857fb2/s11/c491dcd8-cfe1-48dd-9178-bdfe845af3b0/current/raft-meta.conf with options [REPLACE_EXISTING]
2024-10-09 04:30:05,736 TRACE util.FileUtils (LogUtils.java:supplyAndLog(69)) - Successfully supplied FileChannel.open /home/runner/work/ratis/ratis/ratis-examples/target/test/data/6e6e5023/MiniRaftClusterWithNettya4857fb2/s11/c491dcd8-cfe1-48dd-9178-bdfe845af3b0/current/raft-meta.conf.tmp with options [CREATE, WRITE]: sun.nio.ch.FileChannelImpl@657c02d7
2024-10-09 04:30:05,734 DEBUG server.RaftServer$Division (RaftServerImpl.java:logAppendEntries(1545)) - s10@group-BDFE845AF3B0: appendEntries* reply s9<-s10#7266:OK-t1,SUCCESS,nextIndex=126,followerCommit=124,matchIndex=125
2024-10-09 04:30:05,734 TRACE util.FileUtils (LogUtils.java:supplyAndLog(69)) - Successfully supplied FileChannel.open /home/runner/work/ratis/ratis/ratis-examples/target/test/data/6e6e5023/MiniRaftClusterWithNettya4857fb2/s13/c491dcd8-cfe1-48dd-9178-bdfe845af3b0/current/raft-meta.conf.tmp with options [CREATE, WRITE]: sun.nio.ch.FileChannelImpl@3be81f3d
2024-10-09 04:30:05,731 TRACE util.FileUtils (LogUtils.java:supplyAndLog(69)) - Successfully supplied FileChannel.open /home/runner/work/ratis/ratis/ratis-examples/target/test/data/6e6e5023/MiniRaftClusterWithNettya4857fb2/s12/c491dcd8-cfe1-48dd-9178-bdfe845af3b0/current/raft-meta.conf.tmp with options [CREATE, WRITE]: sun.nio.ch.FileChannelImpl@5bedb6ae
2024-10-09 04:30:05,736 TRACE util.FileUtils (LogUtils.java:runAndLog(49)) - Successfully ran Atomic Files.move /home/runner/work/ratis/ratis/ratis-examples/target/test/data/6e6e5023/MiniRaftClusterWithNettya4857fb2/s7/c491dcd8-cfe1-48dd-9178-bdfe845af3b0/current/raft-meta.conf.tmp to /home/runner/work/ratis/ratis/ratis-examples/target/test/data/6e6e5023/MiniRaftClusterWithNettya4857fb2/s7/c491dcd8-cfe1-48dd-9178-bdfe845af3b0/current/raft-meta.conf with options [REPLACE_EXISTING]
2024-10-09 04:30:05,737 DEBUG server.RaftServer$Division (RaftServerImpl.java:logAppendEntries(1545)) - s10@group-BDFE845AF3B0: appendEntries* s9->s10#7282-t1,previous=(t:1, i:125),leaderCommit=127,initializing? false,entries: size=3, first=(t:1, i:126), METADATAENTRY(c:125)
2024-10-09 04:30:05,737 INFO  server.RaftServer$Division (ServerState.java:setRaftConf(386)) - s10@group-BDFE845AF3B0: set configuration conf: {index: 127, cur=peers:[s11|0.0.0.0:15026, s10|0.0.0.0:15025, s7|0.0.0.0:15022, s13|0.0.0.0:15028, s8|0.0.0.0:15023, s12|0.0.0.0:15027, s9|0.0.0.0:15024, s0|0.0.0.0:15015, s1|0.0.0.0:15016]|listeners:[], old=null}
2024-10-09 04:30:05,737 TRACE util.FileUtils (LogUtils.java:runAndLog(49)) - Successfully ran Atomic Files.move /home/runner/work/ratis/ratis/ratis-examples/target/test/data/6e6e5023/MiniRaftClusterWithNettya4857fb2/s0/c491dcd8-cfe1-48dd-9178-bdfe845af3b0/current/raft-meta.conf.tmp to /home/runner/work/ratis/ratis/ratis-examples/target/test/data/6e6e5023/MiniRaftClusterWithNettya4857fb2/s0/c491dcd8-cfe1-48dd-9178-bdfe845af3b0/current/raft-meta.conf with options [REPLACE_EXISTING]
2024-10-09 04:30:05,738 TRACE util.FileUtils (LogUtils.java:runAndLog(49)) - Successfully ran Atomic Files.move /home/runner/work/ratis/ratis/ratis-examples/target/test/data/6e6e5023/MiniRaftClusterWithNettya4857fb2/s12/c491dcd8-cfe1-48dd-9178-bdfe845af3b0/current/raft-meta.conf.tmp to /home/runner/work/ratis/ratis/ratis-examples/target/test/data/6e6e5023/MiniRaftClusterWithNettya4857fb2/s12/c491dcd8-cfe1-48dd-9178-bdfe845af3b0/current/raft-meta.conf with options [REPLACE_EXISTING]
2024-10-09 04:30:05,738 TRACE util.FileUtils (LogUtils.java:runAndLog(49)) - Successfully ran Atomic Files.move /home/runner/work/ratis/ratis/ratis-examples/target/test/data/6e6e5023/MiniRaftClusterWithNettya4857fb2/s8/c491dcd8-cfe1-48dd-9178-bdfe845af3b0/current/raft-meta.conf.tmp to /home/runner/work/ratis/ratis/ratis-examples/target/test/data/6e6e5023/MiniRaftClusterWithNettya4857fb2/s8/c491dcd8-cfe1-48dd-9178-bdfe845af3b0/current/raft-meta.conf with options [REPLACE_EXISTING]
2024-10-09 04:30:05,739 TRACE util.FileUtils (LogUtils.java:supplyAndLog(69)) - Successfully supplied FileChannel.open /home/runner/work/ratis/ratis/ratis-examples/target/test/data/6e6e5023/MiniRaftClusterWithNettya4857fb2/s10/c491dcd8-cfe1-48dd-9178-bdfe845af3b0/current/raft-meta.conf.tmp with options [CREATE, WRITE]: sun.nio.ch.FileChannelImpl@1d52685c
2024-10-09 04:30:05,739 TRACE util.FileUtils (LogUtils.java:supplyAndLog(69)) - Successfully supplied FileChannel.open /home/runner/work/ratis/ratis/ratis-examples/target/test/data/6e6e5023/MiniRaftClusterWithNettya4857fb2/s12/c491dcd8-cfe1-48dd-9178-bdfe845af3b0/current/raft-meta.conf.tmp with options [CREATE, WRITE]: sun.nio.ch.FileChannelImpl@552a43a3
2024-10-09 04:30:05,739 TRACE util.FileUtils (LogUtils.java:runAndLog(49)) - Successfully ran Atomic Files.move /home/runner/work/ratis/ratis/ratis-examples/target/test/data/6e6e5023/MiniRaftClusterWithNettya4857fb2/s11/c491dcd8-cfe1-48dd-9178-bdfe845af3b0/current/raft-meta.conf.tmp to /home/runner/work/ratis/ratis/ratis-examples/target/test/data/6e6e5023/MiniRaftClusterWithNettya4857fb2/s11/c491dcd8-cfe1-48dd-9178-bdfe845af3b0/current/raft-meta.conf with options [REPLACE_EXISTING]
2024-10-09 04:30:05,739 TRACE util.FileUtils (LogUtils.java:supplyAndLog(69)) - Successfully supplied FileChannel.open /home/runner/work/ratis/ratis/ratis-examples/target/test/data/6e6e5023/MiniRaftClusterWithNettya4857fb2/s11/c491dcd8-cfe1-48dd-9178-bdfe845af3b0/current/raft-meta.conf.tmp with options [CREATE, WRITE]: sun.nio.ch.FileChannelImpl@61439aa0
2024-10-09 04:30:05,741 DEBUG server.RaftServer$Division (RaftServerImpl.java:logAppendEntries(1545)) - s10@group-BDFE845AF3B0: appendEntries* reply s9<-s10#7282:OK-t1,SUCCESS,nextIndex=129,followerCommit=127,matchIndex=128
2024-10-09 04:30:05,741 TRACE util.FileUtils (LogUtils.java:runAndLog(49)) - Successfully ran Atomic Files.move /home/runner/work/ratis/ratis/ratis-examples/target/test/data/6e6e5023/MiniRaftClusterWithNettya4857fb2/s1/c491dcd8-cfe1-48dd-9178-bdfe845af3b0/current/raft-meta.conf.tmp to /home/runner/work/ratis/ratis/ratis-examples/target/test/data/6e6e5023/MiniRaftClusterWithNettya4857fb2/s1/c491dcd8-cfe1-48dd-9178-bdfe845af3b0/current/raft-meta.conf with options [REPLACE_EXISTING]
2024-10-09 04:30:05,742 TRACE util.FileUtils (LogUtils.java:runAndLog(49)) - Successfully ran Atomic Files.move /home/runner/work/ratis/ratis/ratis-examples/target/test/data/6e6e5023/MiniRaftClusterWithNettya4857fb2/s13/c491dcd8-cfe1-48dd-9178-bdfe845af3b0/current/raft-meta.conf.tmp to /home/runner/work/ratis/ratis/ratis-examples/target/test/data/6e6e5023/MiniRaftClusterWithNettya4857fb2/s13/c491dcd8-cfe1-48dd-9178-bdfe845af3b0/current/raft-meta.conf with options [REPLACE_EXISTING]
2024-10-09 04:30:05,742 TRACE util.FileUtils (LogUtils.java:supplyAndLog(69)) - Successfully supplied FileChannel.open /home/runner/work/ratis/ratis/ratis-examples/target/test/data/6e6e5023/MiniRaftClusterWithNettya4857fb2/s13/c491dcd8-cfe1-48dd-9178-bdfe845af3b0/current/raft-meta.conf.tmp with options [CREATE, WRITE]: sun.nio.ch.FileChannelImpl@7eea9624
2024-10-09 04:30:05,742 TRACE util.FileUtils (LogUtils.java:runAndLog(49)) - Successfully ran Atomic Files.move /home/runner/work/ratis/ratis/ratis-examples/target/test/data/6e6e5023/MiniRaftClusterWithNettya4857fb2/s12/c491dcd8-cfe1-48dd-9178-bdfe845af3b0/current/raft-meta.conf.tmp to /home/runner/work/ratis/ratis/ratis-examples/target/test/data/6e6e5023/MiniRaftClusterWithNettya4857fb2/s12/c491dcd8-cfe1-48dd-9178-bdfe845af3b0/current/raft-meta.conf with options [REPLACE_EXISTING]
2024-10-09 04:30:05,742 INFO  server.RaftServerConfigKeys (ConfUtils.java:logGet(46)) - raft.server.log.appender.wait-time.min = 1ms (default)
2024-10-09 04:30:05,742 INFO  impl.RoleInfo (RoleInfo.java:updateAndGet(148)) - s12: start s12@group-BDFE845AF3B0-FollowerState
2024-10-09 04:30:05,742 INFO  server.RaftServer$Division (ServerState.java:setRaftConf(386)) - s11@group-BDFE845AF3B0: set configuration conf: {index: 125, cur=peers:[s11|0.0.0.0:15026, s10|0.0.0.0:15025, s7|0.0.0.0:15022, s13|0.0.0.0:15028, s8|0.0.0.0:15023, s12|0.0.0.0:15027, s9|0.0.0.0:15024, s0|0.0.0.0:15015, s1|0.0.0.0:15016]|listeners:[], old=peers:[s7|0.0.0.0:15022, s8|0.0.0.0:15023, s9|0.0.0.0:15024, s0|0.0.0.0:15015, s1|0.0.0.0:15016]|listeners:[]}
2024-10-09 04:30:05,742 TRACE util.FileUtils (LogUtils.java:runAndLog(49)) - Successfully ran Atomic Files.move /home/runner/work/ratis/ratis/ratis-examples/target/test/data/6e6e5023/MiniRaftClusterWithNettya4857fb2/s11/c491dcd8-cfe1-48dd-9178-bdfe845af3b0/current/raft-meta.conf.tmp to /home/runner/work/ratis/ratis/ratis-examples/target/test/data/6e6e5023/MiniRaftClusterWithNettya4857fb2/s11/c491dcd8-cfe1-48dd-9178-bdfe845af3b0/current/raft-meta.conf with options [REPLACE_EXISTING]
2024-10-09 04:30:05,743 INFO  server.RaftServer$Division (ServerState.java:setRaftConf(386)) - s11@group-BDFE845AF3B0: set configuration conf: {index: 127, cur=peers:[s11|0.0.0.0:15026, s10|0.0.0.0:15025, s7|0.0.0.0:15022, s13|0.0.0.0:15028, s8|0.0.0.0:15023, s12|0.0.0.0:15027, s9|0.0.0.0:15024, s0|0.0.0.0:15015, s1|0.0.0.0:15016]|listeners:[], old=null}
2024-10-09 04:30:05,742 TRACE util.FileUtils (LogUtils.java:supplyAndLog(69)) - Successfully supplied FileChannel.open /home/runner/work/ratis/ratis/ratis-examples/target/test/data/6e6e5023/MiniRaftClusterWithNettya4857fb2/s12/c491dcd8-cfe1-48dd-9178-bdfe845af3b0/current/raft-meta.conf.tmp with options [CREATE, WRITE]: sun.nio.ch.FileChannelImpl@5115ddde
2024-10-09 04:30:05,743 INFO  server.RaftServer$Division (ServerState.java:setRaftConf(386)) - s12@group-BDFE845AF3B0: set configuration conf: {index: 125, cur=peers:[s11|0.0.0.0:15026, s10|0.0.0.0:15025, s7|0.0.0.0:15022, s13|0.0.0.0:15028, s8|0.0.0.0:15023, s12|0.0.0.0:15027, s9|0.0.0.0:15024, s0|0.0.0.0:15015, s1|0.0.0.0:15016]|listeners:[], old=peers:[s7|0.0.0.0:15022, s8|0.0.0.0:15023, s9|0.0.0.0:15024, s0|0.0.0.0:15015, s1|0.0.0.0:15016]|listeners:[]}
2024-10-09 04:30:05,743 INFO  server.RaftServer$Division (ServerState.java:setRaftConf(386)) - s12@group-BDFE845AF3B0: set configuration conf: {index: 127, cur=peers:[s11|0.0.0.0:15026, s10|0.0.0.0:15025, s7|0.0.0.0:15022, s13|0.0.0.0:15028, s8|0.0.0.0:15023, s12|0.0.0.0:15027, s9|0.0.0.0:15024, s0|0.0.0.0:15015, s1|0.0.0.0:15016]|listeners:[], old=null}
2024-10-09 04:30:05,744 TRACE util.FileUtils (LogUtils.java:runAndLog(49)) - Successfully ran Atomic Files.move /home/runner/work/ratis/ratis/ratis-examples/target/test/data/6e6e5023/MiniRaftClusterWithNettya4857fb2/s10/c491dcd8-cfe1-48dd-9178-bdfe845af3b0/current/raft-meta.conf.tmp to /home/runner/work/ratis/ratis/ratis-examples/target/test/data/6e6e5023/MiniRaftClusterWithNettya4857fb2/s10/c491dcd8-cfe1-48dd-9178-bdfe845af3b0/current/raft-meta.conf with options [REPLACE_EXISTING]
2024-10-09 04:30:05,744 TRACE util.FileUtils (LogUtils.java:supplyAndLog(69)) - Successfully supplied FileChannel.open /home/runner/work/ratis/ratis/ratis-examples/target/test/data/6e6e5023/MiniRaftClusterWithNettya4857fb2/s10/c491dcd8-cfe1-48dd-9178-bdfe845af3b0/current/raft-meta.conf.tmp with options [CREATE, WRITE]: sun.nio.ch.FileChannelImpl@b5ee732
2024-10-09 04:30:05,744 DEBUG server.RaftServer$Division (RaftServerImpl.java:logAppendEntries(1545)) - s11@group-BDFE845AF3B0: appendEntries* reply s9<-s11#7281:OK-t1,SUCCESS,nextIndex=129,followerCommit=127,matchIndex=128
2024-10-09 04:30:05,745 TRACE util.FileUtils (LogUtils.java:supplyAndLog(69)) - Successfully supplied FileChannel.open /home/runner/work/ratis/ratis/ratis-examples/target/test/data/6e6e5023/MiniRaftClusterWithNettya4857fb2/s11/c491dcd8-cfe1-48dd-9178-bdfe845af3b0/current/raft-meta.conf.tmp with options [CREATE, WRITE]: sun.nio.ch.FileChannelImpl@244108ec
2024-10-09 04:30:05,745 DEBUG server.RaftServer$Division (RaftServerImpl.java:logAppendEntries(1545)) - s12@group-BDFE845AF3B0: appendEntries* reply s9<-s12#7280:OK-t1,SUCCESS,nextIndex=129,followerCommit=127,matchIndex=128
2024-10-09 04:30:05,746 TRACE util.FileUtils (LogUtils.java:runAndLog(49)) - Successfully ran Atomic Files.move /home/runner/work/ratis/ratis/ratis-examples/target/test/data/6e6e5023/MiniRaftClusterWithNettya4857fb2/s12/c491dcd8-cfe1-48dd-9178-bdfe845af3b0/current/raft-meta.conf.tmp to /home/runner/work/ratis/ratis/ratis-examples/target/test/data/6e6e5023/MiniRaftClusterWithNettya4857fb2/s12/c491dcd8-cfe1-48dd-9178-bdfe845af3b0/current/raft-meta.conf with options [REPLACE_EXISTING]
2024-10-09 04:30:05,746 TRACE util.FileUtils (LogUtils.java:supplyAndLog(69)) - Successfully supplied FileChannel.open /home/runner/work/ratis/ratis/ratis-examples/target/test/data/6e6e5023/MiniRaftClusterWithNettya4857fb2/s12/c491dcd8-cfe1-48dd-9178-bdfe845af3b0/current/raft-meta.conf.tmp with options [CREATE, WRITE]: sun.nio.ch.FileChannelImpl@14174998
2024-10-09 04:30:05,747 INFO  leader.FollowerInfo (FollowerInfoImpl.java:setAttemptedToInstallSnapshot(154)) - Follower s9@group-BDFE845AF3B0->s3 acknowledged installing snapshot
2024-10-09 04:30:05,748 INFO  logging.LoggingHandler (AbstractInternalLogger.java:log(148)) - [id: 0x5c3f3926, L:/0.0.0.0:15018] READ: [id: 0xd7b8a637, L:/127.0.0.1:15018 - R:/127.0.0.1:55522]
2024-10-09 04:30:05,748 TRACE util.FileUtils (LogUtils.java:runAndLog(49)) - Successfully ran Atomic Files.move /home/runner/work/ratis/ratis/ratis-examples/target/test/data/6e6e5023/MiniRaftClusterWithNettya4857fb2/s11/c491dcd8-cfe1-48dd-9178-bdfe845af3b0/current/raft-meta.conf.tmp to /home/runner/work/ratis/ratis/ratis-examples/target/test/data/6e6e5023/MiniRaftClusterWithNettya4857fb2/s11/c491dcd8-cfe1-48dd-9178-bdfe845af3b0/current/raft-meta.conf with options [REPLACE_EXISTING]
2024-10-09 04:30:05,748 TRACE util.FileUtils (LogUtils.java:supplyAndLog(69)) - Successfully supplied FileChannel.open /home/runner/work/ratis/ratis/ratis-examples/target/test/data/6e6e5023/MiniRaftClusterWithNettya4857fb2/s11/c491dcd8-cfe1-48dd-9178-bdfe845af3b0/current/raft-meta.conf.tmp with options [CREATE, WRITE]: sun.nio.ch.FileChannelImpl@10c058c5
2024-10-09 04:30:05,749 TRACE util.FileUtils (LogUtils.java:runAndLog(49)) - Successfully ran Atomic Files.move /home/runner/work/ratis/ratis/ratis-examples/target/test/data/6e6e5023/MiniRaftClusterWithNettya4857fb2/s13/c491dcd8-cfe1-48dd-9178-bdfe845af3b0/current/raft-meta.conf.tmp to /home/runner/work/ratis/ratis/ratis-examples/target/test/data/6e6e5023/MiniRaftClusterWithNettya4857fb2/s13/c491dcd8-cfe1-48dd-9178-bdfe845af3b0/current/raft-meta.conf with options [REPLACE_EXISTING]
2024-10-09 04:30:05,750 TRACE util.FileUtils (LogUtils.java:supplyAndLog(69)) - Successfully supplied FileChannel.open /home/runner/work/ratis/ratis/ratis-examples/target/test/data/6e6e5023/MiniRaftClusterWithNettya4857fb2/s13/c491dcd8-cfe1-48dd-9178-bdfe845af3b0/current/raft-meta.conf.tmp with options [CREATE, WRITE]: sun.nio.ch.FileChannelImpl@4c6a37a8
2024-10-09 04:30:05,750 TRACE util.FileUtils (LogUtils.java:runAndLog(49)) - Successfully ran Atomic Files.move /home/runner/work/ratis/ratis/ratis-examples/target/test/data/6e6e5023/MiniRaftClusterWithNettya4857fb2/s10/c491dcd8-cfe1-48dd-9178-bdfe845af3b0/current/raft-meta.conf.tmp to /home/runner/work/ratis/ratis/ratis-examples/target/test/data/6e6e5023/MiniRaftClusterWithNettya4857fb2/s10/c491dcd8-cfe1-48dd-9178-bdfe845af3b0/current/raft-meta.conf with options [REPLACE_EXISTING]
2024-10-09 04:30:05,750 TRACE util.FileUtils (LogUtils.java:runAndLog(49)) - Successfully ran Atomic Files.move /home/runner/work/ratis/ratis/ratis-examples/target/test/data/6e6e5023/MiniRaftClusterWithNettya4857fb2/s12/c491dcd8-cfe1-48dd-9178-bdfe845af3b0/current/raft-meta.conf.tmp to /home/runner/work/ratis/ratis/ratis-examples/target/test/data/6e6e5023/MiniRaftClusterWithNettya4857fb2/s12/c491dcd8-cfe1-48dd-9178-bdfe845af3b0/current/raft-meta.conf with options [REPLACE_EXISTING]
2024-10-09 04:30:05,751 INFO  leader.FollowerInfo (FollowerInfoImpl.java:setAttemptedToInstallSnapshot(154)) - Follower s9@group-BDFE845AF3B0->s4 acknowledged installing snapshot
2024-10-09 04:30:05,751 TRACE util.FileUtils (LogUtils.java:supplyAndLog(69)) - Successfully supplied FileChannel.open /home/runner/work/ratis/ratis/ratis-examples/target/test/data/6e6e5023/MiniRaftClusterWithNettya4857fb2/s12/c491dcd8-cfe1-48dd-9178-bdfe845af3b0/current/raft-meta.conf.tmp with options [CREATE, WRITE]: sun.nio.ch.FileChannelImpl@2279c572
2024-10-09 04:30:05,751 TRACE util.FileUtils (LogUtils.java:runAndLog(49)) - Successfully ran Atomic Files.move /home/runner/work/ratis/ratis/ratis-examples/target/test/data/6e6e5023/MiniRaftClusterWithNettya4857fb2/s11/c491dcd8-cfe1-48dd-9178-bdfe845af3b0/current/raft-meta.conf.tmp to /home/runner/work/ratis/ratis/ratis-examples/target/test/data/6e6e5023/MiniRaftClusterWithNettya4857fb2/s11/c491dcd8-cfe1-48dd-9178-bdfe845af3b0/current/raft-meta.conf with options [REPLACE_EXISTING]
2024-10-09 04:30:05,754 INFO  logging.LoggingHandler (AbstractInternalLogger.java:log(148)) - [id: 0xb86f85a1, L:/0.0.0.0:15019] READ: [id: 0x450af5ff, L:/127.0.0.1:15019 - R:/127.0.0.1:42816]
2024-10-09 04:30:05,755 TRACE util.FileUtils (LogUtils.java:runAndLog(49)) - Successfully ran Atomic Files.move /home/runner/work/ratis/ratis/ratis-examples/target/test/data/6e6e5023/MiniRaftClusterWithNettya4857fb2/s12/c491dcd8-cfe1-48dd-9178-bdfe845af3b0/current/raft-meta.conf.tmp to /home/runner/work/ratis/ratis/ratis-examples/target/test/data/6e6e5023/MiniRaftClusterWithNettya4857fb2/s12/c491dcd8-cfe1-48dd-9178-bdfe845af3b0/current/raft-meta.conf with options [REPLACE_EXISTING]
2024-10-09 04:30:05,755 INFO  leader.FollowerInfo (FollowerInfoImpl.java:setAttemptedToInstallSnapshot(154)) - Follower s9@group-BDFE845AF3B0->s5 acknowledged installing snapshot
2024-10-09 04:30:05,756 TRACE util.FileUtils (LogUtils.java:runAndLog(49)) - Successfully ran Atomic Files.move /home/runner/work/ratis/ratis/ratis-examples/target/test/data/6e6e5023/MiniRaftClusterWithNettya4857fb2/s13/c491dcd8-cfe1-48dd-9178-bdfe845af3b0/current/raft-meta.conf.tmp to /home/runner/work/ratis/ratis/ratis-examples/target/test/data/6e6e5023/MiniRaftClusterWithNettya4857fb2/s13/c491dcd8-cfe1-48dd-9178-bdfe845af3b0/current/raft-meta.conf with options [REPLACE_EXISTING]
2024-10-09 04:30:05,756 INFO  leader.FollowerInfo (FollowerInfoImpl.java:setAttemptedToInstallSnapshot(154)) - Follower s9@group-BDFE845AF3B0->s6 acknowledged installing snapshot
2024-10-09 04:30:05,756 INFO  logging.LoggingHandler (AbstractInternalLogger.java:log(148)) - [id: 0xb4864f75, L:/0.0.0.0:15020] READ: [id: 0x5ddf9415, L:/127.0.0.1:15020 - R:/127.0.0.1:46162]
2024-10-09 04:30:05,757 INFO  logging.LoggingHandler (AbstractInternalLogger.java:log(148)) - [id: 0x7c05a430, L:/0.0.0.0:15021] READ: [id: 0xe5a102e4, L:/127.0.0.1:15021 - R:/127.0.0.1:39580]
2024-10-09 04:30:05,759 INFO  leader.FollowerInfo (FollowerInfoImpl.java:setAttemptedToInstallSnapshot(154)) - Follower s9@group-BDFE845AF3B0->s14 acknowledged installing snapshot
2024-10-09 04:30:05,759 INFO  logging.LoggingHandler (AbstractInternalLogger.java:log(148)) - [id: 0xbcbaa10e, L:/0.0.0.0:15029] READ: [id: 0x11e29467, L:/127.0.0.1:15029 - R:/127.0.0.1:37898]
2024-10-09 04:30:05,759 INFO  leader.FollowerInfo (FollowerInfoImpl.java:setAttemptedToInstallSnapshot(154)) - Follower s9@group-BDFE845AF3B0->s2 acknowledged installing snapshot
2024-10-09 04:30:05,760 INFO  logging.LoggingHandler (AbstractInternalLogger.java:log(148)) - [id: 0x3e38b2f8, L:/0.0.0.0:15017] READ: [id: 0xd7bfc070, L:/127.0.0.1:15017 - R:/127.0.0.1:45714]
2024-10-09 04:30:05,761 INFO  logging.LoggingHandler (AbstractInternalLogger.java:log(148)) - [id: 0x5c3f3926, L:/0.0.0.0:15018] READ COMPLETE
2024-10-09 04:30:05,762 INFO  logging.LoggingHandler (AbstractInternalLogger.java:log(148)) - [id: 0x7c05a430, L:/0.0.0.0:15021] READ COMPLETE
2024-10-09 04:30:05,762 TRACE util.FileUtils (LogUtils.java:supplyAndLog(69)) - Successfully supplied FileChannel.open /home/runner/work/ratis/ratis/ratis-examples/target/test/data/6e6e5023/MiniRaftClusterWithNettya4857fb2/s3/c491dcd8-cfe1-48dd-9178-bdfe845af3b0/current/raft-meta.tmp with options [CREATE, WRITE]: sun.nio.ch.FileChannelImpl@42f0cf84
2024-10-09 04:30:05,762 TRACE util.FileUtils (LogUtils.java:supplyAndLog(69)) - Successfully supplied FileChannel.open /home/runner/work/ratis/ratis/ratis-examples/target/test/data/6e6e5023/MiniRaftClusterWithNettya4857fb2/s6/c491dcd8-cfe1-48dd-9178-bdfe845af3b0/current/raft-meta.tmp with options [CREATE, WRITE]: sun.nio.ch.FileChannelImpl@5ab06443
2024-10-09 04:30:05,762 INFO  logging.LoggingHandler (AbstractInternalLogger.java:log(148)) - [id: 0xb4864f75, L:/0.0.0.0:15020] READ COMPLETE
2024-10-09 04:30:05,763 INFO  logging.LoggingHandler (AbstractInternalLogger.java:log(148)) - [id: 0xb86f85a1, L:/0.0.0.0:15019] READ COMPLETE
2024-10-09 04:30:05,763 TRACE util.FileUtils (LogUtils.java:supplyAndLog(69)) - Successfully supplied FileChannel.open /home/runner/work/ratis/ratis/ratis-examples/target/test/data/6e6e5023/MiniRaftClusterWithNettya4857fb2/s5/c491dcd8-cfe1-48dd-9178-bdfe845af3b0/current/raft-meta.tmp with options [CREATE, WRITE]: sun.nio.ch.FileChannelImpl@2ac976f4
2024-10-09 04:30:05,763 TRACE util.FileUtils (LogUtils.java:runAndLog(49)) - Successfully ran Atomic Files.move /home/runner/work/ratis/ratis/ratis-examples/target/test/data/6e6e5023/MiniRaftClusterWithNettya4857fb2/s3/c491dcd8-cfe1-48dd-9178-bdfe845af3b0/current/raft-meta.tmp to /home/runner/work/ratis/ratis/ratis-examples/target/test/data/6e6e5023/MiniRaftClusterWithNettya4857fb2/s3/c491dcd8-cfe1-48dd-9178-bdfe845af3b0/current/raft-meta with options [REPLACE_EXISTING]
2024-10-09 04:30:05,763 INFO  server.RaftServer$Division (RaftServerImpl.java:setFirstElection(560)) - s3@group-BDFE845AF3B0: set firstElectionSinceStartup to false for appendEntries
2024-10-09 04:30:05,764 INFO  server.RaftServer$Division (ServerState.java:setLeader(272)) - s3@group-BDFE845AF3B0: change Leader from null to s9 at term 1 for appendEntries, leader elected after 255ms
2024-10-09 04:30:05,764 TRACE util.FileUtils (LogUtils.java:runAndLog(49)) - Successfully ran Atomic Files.move /home/runner/work/ratis/ratis/ratis-examples/target/test/data/6e6e5023/MiniRaftClusterWithNettya4857fb2/s6/c491dcd8-cfe1-48dd-9178-bdfe845af3b0/current/raft-meta.tmp to /home/runner/work/ratis/ratis/ratis-examples/target/test/data/6e6e5023/MiniRaftClusterWithNettya4857fb2/s6/c491dcd8-cfe1-48dd-9178-bdfe845af3b0/current/raft-meta with options [REPLACE_EXISTING]
2024-10-09 04:30:05,764 INFO  server.RaftServer$Division (RaftServerImpl.java:setFirstElection(560)) - s6@group-BDFE845AF3B0: set firstElectionSinceStartup to false for appendEntries
2024-10-09 04:30:05,764 INFO  server.RaftServer$Division (ServerState.java:setLeader(272)) - s6@group-BDFE845AF3B0: change Leader from null to s9 at term 1 for appendEntries, leader elected after 155ms
2024-10-09 04:30:05,765 TRACE util.FileUtils (LogUtils.java:runAndLog(49)) - Successfully ran Atomic Files.move /home/runner/work/ratis/ratis/ratis-examples/target/test/data/6e6e5023/MiniRaftClusterWithNettya4857fb2/s5/c491dcd8-cfe1-48dd-9178-bdfe845af3b0/current/raft-meta.tmp to /home/runner/work/ratis/ratis/ratis-examples/target/test/data/6e6e5023/MiniRaftClusterWithNettya4857fb2/s5/c491dcd8-cfe1-48dd-9178-bdfe845af3b0/current/raft-meta with options [REPLACE_EXISTING]
2024-10-09 04:30:05,765 INFO  server.RaftServer$Division (RaftServerImpl.java:setFirstElection(560)) - s5@group-BDFE845AF3B0: set firstElectionSinceStartup to false for appendEntries
2024-10-09 04:30:05,765 INFO  server.RaftServer$Division (ServerState.java:setLeader(272)) - s5@group-BDFE845AF3B0: change Leader from null to s9 at term 1 for appendEntries, leader elected after 176ms
2024-10-09 04:30:05,766 TRACE util.FileUtils (LogUtils.java:supplyAndLog(69)) - Successfully supplied FileChannel.open /home/runner/work/ratis/ratis/ratis-examples/target/test/data/6e6e5023/MiniRaftClusterWithNettya4857fb2/s4/c491dcd8-cfe1-48dd-9178-bdfe845af3b0/current/raft-meta.tmp with options [CREATE, WRITE]: sun.nio.ch.FileChannelImpl@5e010ff9
2024-10-09 04:30:05,767 INFO  logging.LoggingHandler (AbstractInternalLogger.java:log(148)) - [id: 0x3e38b2f8, L:/0.0.0.0:15017] READ COMPLETE
2024-10-09 04:30:05,767 INFO  logging.LoggingHandler (AbstractInternalLogger.java:log(148)) - [id: 0xbcbaa10e, L:/0.0.0.0:15029] READ COMPLETE
2024-10-09 04:30:05,767 TRACE util.FileUtils (LogUtils.java:runAndLog(49)) - Successfully ran Atomic Files.move /home/runner/work/ratis/ratis/ratis-examples/target/test/data/6e6e5023/MiniRaftClusterWithNettya4857fb2/s4/c491dcd8-cfe1-48dd-9178-bdfe845af3b0/current/raft-meta.tmp to /home/runner/work/ratis/ratis/ratis-examples/target/test/data/6e6e5023/MiniRaftClusterWithNettya4857fb2/s4/c491dcd8-cfe1-48dd-9178-bdfe845af3b0/current/raft-meta with options [REPLACE_EXISTING]
2024-10-09 04:30:05,767 INFO  server.RaftServer$Division (RaftServerImpl.java:setFirstElection(560)) - s4@group-BDFE845AF3B0: set firstElectionSinceStartup to false for appendEntries
2024-10-09 04:30:05,768 INFO  server.RaftServer$Division (ServerState.java:setLeader(272)) - s4@group-BDFE845AF3B0: change Leader from null to s9 at term 1 for appendEntries, leader elected after 196ms
2024-10-09 04:30:05,767 TRACE util.FileUtils (LogUtils.java:supplyAndLog(69)) - Successfully supplied FileChannel.open /home/runner/work/ratis/ratis/ratis-examples/target/test/data/6e6e5023/MiniRaftClusterWithNettya4857fb2/s14/c491dcd8-cfe1-48dd-9178-bdfe845af3b0/current/raft-meta.tmp with options [CREATE, WRITE]: sun.nio.ch.FileChannelImpl@18963956
2024-10-09 04:30:05,767 TRACE util.FileUtils (LogUtils.java:supplyAndLog(69)) - Successfully supplied FileChannel.open /home/runner/work/ratis/ratis/ratis-examples/target/test/data/6e6e5023/MiniRaftClusterWithNettya4857fb2/s2/c491dcd8-cfe1-48dd-9178-bdfe845af3b0/current/raft-meta.tmp with options [CREATE, WRITE]: sun.nio.ch.FileChannelImpl@3cb55a1a
2024-10-09 04:30:05,769 TRACE util.FileUtils (LogUtils.java:runAndLog(49)) - Successfully ran Atomic Files.move /home/runner/work/ratis/ratis/ratis-examples/target/test/data/6e6e5023/MiniRaftClusterWithNettya4857fb2/s2/c491dcd8-cfe1-48dd-9178-bdfe845af3b0/current/raft-meta.tmp to /home/runner/work/ratis/ratis/ratis-examples/target/test/data/6e6e5023/MiniRaftClusterWithNettya4857fb2/s2/c491dcd8-cfe1-48dd-9178-bdfe845af3b0/current/raft-meta with options [REPLACE_EXISTING]
2024-10-09 04:30:05,769 INFO  server.RaftServer$Division (RaftServerImpl.java:setFirstElection(560)) - s2@group-BDFE845AF3B0: set firstElectionSinceStartup to false for appendEntries
2024-10-09 04:30:05,770 INFO  server.RaftServer$Division (ServerState.java:setLeader(272)) - s2@group-BDFE845AF3B0: change Leader from null to s9 at term 1 for appendEntries, leader elected after 216ms
2024-10-09 04:30:05,771 TRACE util.FileUtils (LogUtils.java:runAndLog(49)) - Successfully ran Atomic Files.move /home/runner/work/ratis/ratis/ratis-examples/target/test/data/6e6e5023/MiniRaftClusterWithNettya4857fb2/s14/c491dcd8-cfe1-48dd-9178-bdfe845af3b0/current/raft-meta.tmp to /home/runner/work/ratis/ratis/ratis-examples/target/test/data/6e6e5023/MiniRaftClusterWithNettya4857fb2/s14/c491dcd8-cfe1-48dd-9178-bdfe845af3b0/current/raft-meta with options [REPLACE_EXISTING]
2024-10-09 04:30:05,771 INFO  server.RaftServer$Division (RaftServerImpl.java:setFirstElection(560)) - s14@group-BDFE845AF3B0: set firstElectionSinceStartup to false for appendEntries
2024-10-09 04:30:05,771 INFO  server.RaftServer$Division (ServerState.java:setLeader(272)) - s14@group-BDFE845AF3B0: change Leader from null to s9 at term 1 for appendEntries, leader elected after 245ms
2024-10-09 04:30:05,776 DEBUG server.RaftServer$Division (RaftServerImpl.java:logAppendEntries(1545)) - s4@group-BDFE845AF3B0: appendEntries* s9->s4#7296-t1,previous=(t:0, i:0),leaderCommit=128,initializing? true,entries: size=129, first=(t:1, i:0), CONFIGURATIONENTRY(current:id:"s7"address:"0.0.0.0:15022"clientAddress:"0.0.0.0:15022"adminAddress:"0.0.0.0:15022"startupRole:FOLLOWER, id:"s8"address:"0.0.0.0:15023"clientAddress:"0.0.0.0:15023"adminAddress:"0.0.0.0:15023"startupRole:FOLLOWER, id:"s9"address:"0.0.0.0:15024"clientAddress:"0.0.0.0:15024"adminAddress:"0.0.0.0:15024"startupRole:FOLLOWER, old:)
2024-10-09 04:30:05,777 INFO  server.RaftServer$Division (ServerState.java:setRaftConf(386)) - s4@group-BDFE845AF3B0: set configuration conf: {index: 0, cur=peers:[s7|0.0.0.0:15022, s8|0.0.0.0:15023, s9|0.0.0.0:15024]|listeners:[], old=null}
2024-10-09 04:30:05,777 INFO  server.RaftServer$Division (ServerState.java:setRaftConf(386)) - s4@group-BDFE845AF3B0: set configuration conf: {index: 121, cur=peers:[s7|0.0.0.0:15022, s8|0.0.0.0:15023, s9|0.0.0.0:15024, s0|0.0.0.0:15015, s1|0.0.0.0:15016]|listeners:[], old=peers:[s7|0.0.0.0:15022, s8|0.0.0.0:15023, s9|0.0.0.0:15024]|listeners:[]}
2024-10-09 04:30:05,777 DEBUG server.RaftServer$Division (RaftServerImpl.java:logAppendEntries(1545)) - s5@group-BDFE845AF3B0: appendEntries* s9->s5#7298-t1,previous=(t:0, i:0),leaderCommit=128,initializing? true,entries: size=129, first=(t:1, i:0), CONFIGURATIONENTRY(current:id:"s7"address:"0.0.0.0:15022"clientAddress:"0.0.0.0:15022"adminAddress:"0.0.0.0:15022"startupRole:FOLLOWER, id:"s8"address:"0.0.0.0:15023"clientAddress:"0.0.0.0:15023"adminAddress:"0.0.0.0:15023"startupRole:FOLLOWER, id:"s9"address:"0.0.0.0:15024"clientAddress:"0.0.0.0:15024"adminAddress:"0.0.0.0:15024"startupRole:FOLLOWER, old:)
2024-10-09 04:30:05,777 INFO  server.RaftServer$Division (ServerState.java:setRaftConf(386)) - s5@group-BDFE845AF3B0: set configuration conf: {index: 0, cur=peers:[s7|0.0.0.0:15022, s8|0.0.0.0:15023, s9|0.0.0.0:15024]|listeners:[], old=null}
2024-10-09 04:30:05,778 DEBUG server.RaftServer$Division (RaftServerImpl.java:logAppendEntries(1545)) - s6@group-BDFE845AF3B0: appendEntries* s9->s6#7297-t1,previous=(t:0, i:0),leaderCommit=128,initializing? true,entries: size=129, first=(t:1, i:0), CONFIGURATIONENTRY(current:id:"s7"address:"0.0.0.0:15022"clientAddress:"0.0.0.0:15022"adminAddress:"0.0.0.0:15022"startupRole:FOLLOWER, id:"s8"address:"0.0.0.0:15023"clientAddress:"0.0.0.0:15023"adminAddress:"0.0.0.0:15023"startupRole:FOLLOWER, id:"s9"address:"0.0.0.0:15024"clientAddress:"0.0.0.0:15024"adminAddress:"0.0.0.0:15024"startupRole:FOLLOWER, old:)
2024-10-09 04:30:05,778 INFO  server.RaftServer$Division (ServerState.java:setRaftConf(386)) - s6@group-BDFE845AF3B0: set configuration conf: {index: 0, cur=peers:[s7|0.0.0.0:15022, s8|0.0.0.0:15023, s9|0.0.0.0:15024]|listeners:[], old=null}
2024-10-09 04:30:05,778 INFO  server.RaftServer$Division (ServerState.java:setRaftConf(386)) - s6@group-BDFE845AF3B0: set configuration conf: {index: 121, cur=peers:[s7|0.0.0.0:15022, s8|0.0.0.0:15023, s9|0.0.0.0:15024, s0|0.0.0.0:15015, s1|0.0.0.0:15016]|listeners:[], old=peers:[s7|0.0.0.0:15022, s8|0.0.0.0:15023, s9|0.0.0.0:15024]|listeners:[]}
2024-10-09 04:30:05,778 INFO  server.RaftServer$Division (ServerState.java:setRaftConf(386)) - s6@group-BDFE845AF3B0: set configuration conf: {index: 123, cur=peers:[s7|0.0.0.0:15022, s8|0.0.0.0:15023, s9|0.0.0.0:15024, s0|0.0.0.0:15015, s1|0.0.0.0:15016]|listeners:[], old=null}
2024-10-09 04:30:05,778 INFO  server.RaftServer$Division (ServerState.java:setRaftConf(386)) - s6@group-BDFE845AF3B0: set configuration conf: {index: 125, cur=peers:[s11|0.0.0.0:15026, s10|0.0.0.0:15025, s7|0.0.0.0:15022, s13|0.0.0.0:15028, s8|0.0.0.0:15023, s12|0.0.0.0:15027, s9|0.0.0.0:15024, s0|0.0.0.0:15015, s1|0.0.0.0:15016]|listeners:[], old=peers:[s7|0.0.0.0:15022, s8|0.0.0.0:15023, s9|0.0.0.0:15024, s0|0.0.0.0:15015, s1|0.0.0.0:15016]|listeners:[]}
2024-10-09 04:30:05,778 INFO  server.RaftServer$Division (ServerState.java:setRaftConf(386)) - s6@group-BDFE845AF3B0: set configuration conf: {index: 127, cur=peers:[s11|0.0.0.0:15026, s10|0.0.0.0:15025, s7|0.0.0.0:15022, s13|0.0.0.0:15028, s8|0.0.0.0:15023, s12|0.0.0.0:15027, s9|0.0.0.0:15024, s0|0.0.0.0:15015, s1|0.0.0.0:15016]|listeners:[], old=null}
2024-10-09 04:30:05,778 INFO  segmented.SegmentedRaftLogWorker (SegmentedRaftLogWorker.java:startLogSegment(438)) - s6@group-BDFE845AF3B0-SegmentedRaftLogWorker: Starting segment from index:0
2024-10-09 04:30:05,779 INFO  segmented.BufferedWriteChannel (BufferedWriteChannel.java:open(61)) - open log_inprogress_0 at position 0
2024-10-09 04:30:05,779 INFO  server.RaftServer$Division (ServerState.java:setRaftConf(386)) - s4@group-BDFE845AF3B0: set configuration conf: {index: 123, cur=peers:[s7|0.0.0.0:15022, s8|0.0.0.0:15023, s9|0.0.0.0:15024, s0|0.0.0.0:15015, s1|0.0.0.0:15016]|listeners:[], old=null}
2024-10-09 04:30:05,779 INFO  server.RaftServer$Division (ServerState.java:setRaftConf(386)) - s4@group-BDFE845AF3B0: set configuration conf: {index: 125, cur=peers:[s11|0.0.0.0:15026, s10|0.0.0.0:15025, s7|0.0.0.0:15022, s13|0.0.0.0:15028, s8|0.0.0.0:15023, s12|0.0.0.0:15027, s9|0.0.0.0:15024, s0|0.0.0.0:15015, s1|0.0.0.0:15016]|listeners:[], old=peers:[s7|0.0.0.0:15022, s8|0.0.0.0:15023, s9|0.0.0.0:15024, s0|0.0.0.0:15015, s1|0.0.0.0:15016]|listeners:[]}
2024-10-09 04:30:05,779 INFO  server.RaftServer$Division (ServerState.java:setRaftConf(386)) - s4@group-BDFE845AF3B0: set configuration conf: {index: 127, cur=peers:[s11|0.0.0.0:15026, s10|0.0.0.0:15025, s7|0.0.0.0:15022, s13|0.0.0.0:15028, s8|0.0.0.0:15023, s12|0.0.0.0:15027, s9|0.0.0.0:15024, s0|0.0.0.0:15015, s1|0.0.0.0:15016]|listeners:[], old=null}
2024-10-09 04:30:05,780 INFO  segmented.SegmentedRaftLogWorker (SegmentedRaftLogWorker.java:startLogSegment(438)) - s4@group-BDFE845AF3B0-SegmentedRaftLogWorker: Starting segment from index:0
2024-10-09 04:30:05,780 DEBUG server.RaftServer$Division (RaftServerImpl.java:logAppendEntries(1545)) - s3@group-BDFE845AF3B0: appendEntries* s9->s3#7295-t1,previous=(t:0, i:0),leaderCommit=128,initializing? true,entries: size=129, first=(t:1, i:0), CONFIGURATIONENTRY(current:id:"s7"address:"0.0.0.0:15022"clientAddress:"0.0.0.0:15022"adminAddress:"0.0.0.0:15022"startupRole:FOLLOWER, id:"s8"address:"0.0.0.0:15023"clientAddress:"0.0.0.0:15023"adminAddress:"0.0.0.0:15023"startupRole:FOLLOWER, id:"s9"address:"0.0.0.0:15024"clientAddress:"0.0.0.0:15024"adminAddress:"0.0.0.0:15024"startupRole:FOLLOWER, old:)
2024-10-09 04:30:05,780 DEBUG server.RaftServer$Division (RaftServerImpl.java:logAppendEntries(1545)) - s2@group-BDFE845AF3B0: appendEntries* s9->s2#7300-t1,previous=(t:0, i:0),leaderCommit=128,initializing? true,entries: size=129, first=(t:1, i:0), CONFIGURATIONENTRY(current:id:"s7"address:"0.0.0.0:15022"clientAddress:"0.0.0.0:15022"adminAddress:"0.0.0.0:15022"startupRole:FOLLOWER, id:"s8"address:"0.0.0.0:15023"clientAddress:"0.0.0.0:15023"adminAddress:"0.0.0.0:15023"startupRole:FOLLOWER, id:"s9"address:"0.0.0.0:15024"clientAddress:"0.0.0.0:15024"adminAddress:"0.0.0.0:15024"startupRole:FOLLOWER, old:)
2024-10-09 04:30:05,780 INFO  server.RaftServer$Division (ServerState.java:setRaftConf(386)) - s2@group-BDFE845AF3B0: set configuration conf: {index: 0, cur=peers:[s7|0.0.0.0:15022, s8|0.0.0.0:15023, s9|0.0.0.0:15024]|listeners:[], old=null}
2024-10-09 04:30:05,780 INFO  server.RaftServer$Division (ServerState.java:setRaftConf(386)) - s2@group-BDFE845AF3B0: set configuration conf: {index: 121, cur=peers:[s7|0.0.0.0:15022, s8|0.0.0.0:15023, s9|0.0.0.0:15024, s0|0.0.0.0:15015, s1|0.0.0.0:15016]|listeners:[], old=peers:[s7|0.0.0.0:15022, s8|0.0.0.0:15023, s9|0.0.0.0:15024]|listeners:[]}
2024-10-09 04:30:05,780 INFO  server.RaftServer$Division (ServerState.java:setRaftConf(386)) - s2@group-BDFE845AF3B0: set configuration conf: {index: 123, cur=peers:[s7|0.0.0.0:15022, s8|0.0.0.0:15023, s9|0.0.0.0:15024, s0|0.0.0.0:15015, s1|0.0.0.0:15016]|listeners:[], old=null}
2024-10-09 04:30:05,780 INFO  server.RaftServer$Division (ServerState.java:setRaftConf(386)) - s2@group-BDFE845AF3B0: set configuration conf: {index: 125, cur=peers:[s11|0.0.0.0:15026, s10|0.0.0.0:15025, s7|0.0.0.0:15022, s13|0.0.0.0:15028, s8|0.0.0.0:15023, s12|0.0.0.0:15027, s9|0.0.0.0:15024, s0|0.0.0.0:15015, s1|0.0.0.0:15016]|listeners:[], old=peers:[s7|0.0.0.0:15022, s8|0.0.0.0:15023, s9|0.0.0.0:15024, s0|0.0.0.0:15015, s1|0.0.0.0:15016]|listeners:[]}
2024-10-09 04:30:05,780 INFO  server.RaftServer$Division (ServerState.java:setRaftConf(386)) - s2@group-BDFE845AF3B0: set configuration conf: {index: 127, cur=peers:[s11|0.0.0.0:15026, s10|0.0.0.0:15025, s7|0.0.0.0:15022, s13|0.0.0.0:15028, s8|0.0.0.0:15023, s12|0.0.0.0:15027, s9|0.0.0.0:15024, s0|0.0.0.0:15015, s1|0.0.0.0:15016]|listeners:[], old=null}
2024-10-09 04:30:05,781 INFO  segmented.SegmentedRaftLogWorker (SegmentedRaftLogWorker.java:startLogSegment(438)) - s2@group-BDFE845AF3B0-SegmentedRaftLogWorker: Starting segment from index:0
2024-10-09 04:30:05,782 INFO  segmented.BufferedWriteChannel (BufferedWriteChannel.java:open(61)) - open log_inprogress_0 at position 0
2024-10-09 04:30:05,779 INFO  server.RaftServer$Division (ServerState.java:setRaftConf(386)) - s5@group-BDFE845AF3B0: set configuration conf: {index: 121, cur=peers:[s7|0.0.0.0:15022, s8|0.0.0.0:15023, s9|0.0.0.0:15024, s0|0.0.0.0:15015, s1|0.0.0.0:15016]|listeners:[], old=peers:[s7|0.0.0.0:15022, s8|0.0.0.0:15023, s9|0.0.0.0:15024]|listeners:[]}
2024-10-09 04:30:05,779 DEBUG server.RaftServer$Division (RaftServerImpl.java:logAppendEntries(1545)) - s14@group-BDFE845AF3B0: appendEntries* s9->s14#7299-t1,previous=(t:0, i:0),leaderCommit=128,initializing? true,entries: size=129, first=(t:1, i:0), CONFIGURATIONENTRY(current:id:"s7"address:"0.0.0.0:15022"clientAddress:"0.0.0.0:15022"adminAddress:"0.0.0.0:15022"startupRole:FOLLOWER, id:"s8"address:"0.0.0.0:15023"clientAddress:"0.0.0.0:15023"adminAddress:"0.0.0.0:15023"startupRole:FOLLOWER, id:"s9"address:"0.0.0.0:15024"clientAddress:"0.0.0.0:15024"adminAddress:"0.0.0.0:15024"startupRole:FOLLOWER, old:)
2024-10-09 04:30:05,783 INFO  server.RaftServer$Division (ServerState.java:setRaftConf(386)) - s14@group-BDFE845AF3B0: set configuration conf: {index: 0, cur=peers:[s7|0.0.0.0:15022, s8|0.0.0.0:15023, s9|0.0.0.0:15024]|listeners:[], old=null}
2024-10-09 04:30:05,783 INFO  server.RaftServer$Division (ServerState.java:setRaftConf(386)) - s14@group-BDFE845AF3B0: set configuration conf: {index: 121, cur=peers:[s7|0.0.0.0:15022, s8|0.0.0.0:15023, s9|0.0.0.0:15024, s0|0.0.0.0:15015, s1|0.0.0.0:15016]|listeners:[], old=peers:[s7|0.0.0.0:15022, s8|0.0.0.0:15023, s9|0.0.0.0:15024]|listeners:[]}
2024-10-09 04:30:05,783 INFO  server.RaftServer$Division (ServerState.java:setRaftConf(386)) - s14@group-BDFE845AF3B0: set configuration conf: {index: 123, cur=peers:[s7|0.0.0.0:15022, s8|0.0.0.0:15023, s9|0.0.0.0:15024, s0|0.0.0.0:15015, s1|0.0.0.0:15016]|listeners:[], old=null}
2024-10-09 04:30:05,783 INFO  server.RaftServer$Division (ServerState.java:setRaftConf(386)) - s14@group-BDFE845AF3B0: set configuration conf: {index: 125, cur=peers:[s11|0.0.0.0:15026, s10|0.0.0.0:15025, s7|0.0.0.0:15022, s13|0.0.0.0:15028, s8|0.0.0.0:15023, s12|0.0.0.0:15027, s9|0.0.0.0:15024, s0|0.0.0.0:15015, s1|0.0.0.0:15016]|listeners:[], old=peers:[s7|0.0.0.0:15022, s8|0.0.0.0:15023, s9|0.0.0.0:15024, s0|0.0.0.0:15015, s1|0.0.0.0:15016]|listeners:[]}
2024-10-09 04:30:05,783 INFO  server.RaftServer$Division (ServerState.java:setRaftConf(386)) - s14@group-BDFE845AF3B0: set configuration conf: {index: 127, cur=peers:[s11|0.0.0.0:15026, s10|0.0.0.0:15025, s7|0.0.0.0:15022, s13|0.0.0.0:15028, s8|0.0.0.0:15023, s12|0.0.0.0:15027, s9|0.0.0.0:15024, s0|0.0.0.0:15015, s1|0.0.0.0:15016]|listeners:[], old=null}
2024-10-09 04:30:05,783 INFO  segmented.SegmentedRaftLogWorker (SegmentedRaftLogWorker.java:startLogSegment(438)) - s14@group-BDFE845AF3B0-SegmentedRaftLogWorker: Starting segment from index:0
2024-10-09 04:30:05,784 INFO  segmented.BufferedWriteChannel (BufferedWriteChannel.java:open(61)) - open log_inprogress_0 at position 0
2024-10-09 04:30:05,783 INFO  server.RaftServer$Division (ServerState.java:setRaftConf(386)) - s5@group-BDFE845AF3B0: set configuration conf: {index: 123, cur=peers:[s7|0.0.0.0:15022, s8|0.0.0.0:15023, s9|0.0.0.0:15024, s0|0.0.0.0:15015, s1|0.0.0.0:15016]|listeners:[], old=null}
2024-10-09 04:30:05,780 INFO  segmented.BufferedWriteChannel (BufferedWriteChannel.java:open(61)) - open log_inprogress_0 at position 0
2024-10-09 04:30:05,787 INFO  server.RaftServer$Division (ServerState.java:setRaftConf(386)) - s5@group-BDFE845AF3B0: set configuration conf: {index: 125, cur=peers:[s11|0.0.0.0:15026, s10|0.0.0.0:15025, s7|0.0.0.0:15022, s13|0.0.0.0:15028, s8|0.0.0.0:15023, s12|0.0.0.0:15027, s9|0.0.0.0:15024, s0|0.0.0.0:15015, s1|0.0.0.0:15016]|listeners:[], old=peers:[s7|0.0.0.0:15022, s8|0.0.0.0:15023, s9|0.0.0.0:15024, s0|0.0.0.0:15015, s1|0.0.0.0:15016]|listeners:[]}
2024-10-09 04:30:05,787 INFO  server.RaftServer$Division (ServerState.java:setRaftConf(386)) - s5@group-BDFE845AF3B0: set configuration conf: {index: 127, cur=peers:[s11|0.0.0.0:15026, s10|0.0.0.0:15025, s7|0.0.0.0:15022, s13|0.0.0.0:15028, s8|0.0.0.0:15023, s12|0.0.0.0:15027, s9|0.0.0.0:15024, s0|0.0.0.0:15015, s1|0.0.0.0:15016]|listeners:[], old=null}
2024-10-09 04:30:05,787 INFO  segmented.SegmentedRaftLogWorker (SegmentedRaftLogWorker.java:startLogSegment(438)) - s5@group-BDFE845AF3B0-SegmentedRaftLogWorker: Starting segment from index:0
2024-10-09 04:30:05,788 INFO  segmented.BufferedWriteChannel (BufferedWriteChannel.java:open(61)) - open log_inprogress_0 at position 0
2024-10-09 04:30:05,780 INFO  server.RaftServer$Division (ServerState.java:setRaftConf(386)) - s3@group-BDFE845AF3B0: set configuration conf: {index: 0, cur=peers:[s7|0.0.0.0:15022, s8|0.0.0.0:15023, s9|0.0.0.0:15024]|listeners:[], old=null}
2024-10-09 04:30:05,789 INFO  server.RaftServer$Division (ServerState.java:setRaftConf(386)) - s3@group-BDFE845AF3B0: set configuration conf: {index: 121, cur=peers:[s7|0.0.0.0:15022, s8|0.0.0.0:15023, s9|0.0.0.0:15024, s0|0.0.0.0:15015, s1|0.0.0.0:15016]|listeners:[], old=peers:[s7|0.0.0.0:15022, s8|0.0.0.0:15023, s9|0.0.0.0:15024]|listeners:[]}
2024-10-09 04:30:05,789 INFO  server.RaftServer$Division (ServerState.java:setRaftConf(386)) - s3@group-BDFE845AF3B0: set configuration conf: {index: 123, cur=peers:[s7|0.0.0.0:15022, s8|0.0.0.0:15023, s9|0.0.0.0:15024, s0|0.0.0.0:15015, s1|0.0.0.0:15016]|listeners:[], old=null}
2024-10-09 04:30:05,790 INFO  server.RaftServer$Division (ServerState.java:setRaftConf(386)) - s3@group-BDFE845AF3B0: set configuration conf: {index: 125, cur=peers:[s11|0.0.0.0:15026, s10|0.0.0.0:15025, s7|0.0.0.0:15022, s13|0.0.0.0:15028, s8|0.0.0.0:15023, s12|0.0.0.0:15027, s9|0.0.0.0:15024, s0|0.0.0.0:15015, s1|0.0.0.0:15016]|listeners:[], old=peers:[s7|0.0.0.0:15022, s8|0.0.0.0:15023, s9|0.0.0.0:15024, s0|0.0.0.0:15015, s1|0.0.0.0:15016]|listeners:[]}
2024-10-09 04:30:05,790 INFO  server.RaftServer$Division (ServerState.java:setRaftConf(386)) - s3@group-BDFE845AF3B0: set configuration conf: {index: 127, cur=peers:[s11|0.0.0.0:15026, s10|0.0.0.0:15025, s7|0.0.0.0:15022, s13|0.0.0.0:15028, s8|0.0.0.0:15023, s12|0.0.0.0:15027, s9|0.0.0.0:15024, s0|0.0.0.0:15015, s1|0.0.0.0:15016]|listeners:[], old=null}
2024-10-09 04:30:05,790 INFO  segmented.SegmentedRaftLogWorker (SegmentedRaftLogWorker.java:startLogSegment(438)) - s3@group-BDFE845AF3B0-SegmentedRaftLogWorker: Starting segment from index:0
2024-10-09 04:30:05,792 INFO  segmented.BufferedWriteChannel (BufferedWriteChannel.java:open(61)) - open log_inprogress_0 at position 0
2024-10-09 04:30:05,794 INFO  segmented.SegmentedRaftLogWorker (SegmentedRaftLogWorker.java:execute(660)) - s6@group-BDFE845AF3B0-SegmentedRaftLogWorker: created new log segment /home/runner/work/ratis/ratis/ratis-examples/target/test/data/6e6e5023/MiniRaftClusterWithNettya4857fb2/s6/c491dcd8-cfe1-48dd-9178-bdfe845af3b0/current/log_inprogress_0
2024-10-09 04:30:05,804 DEBUG server.RaftServer$Division (RaftServerImpl.java:logAppendEntries(1545)) - s6@group-BDFE845AF3B0: appendEntries* reply s9<-s6#7297:OK-t1,SUCCESS,nextIndex=129,followerCommit=128,matchIndex=128
2024-10-09 04:30:05,804 INFO  segmented.SegmentedRaftLogWorker (SegmentedRaftLogWorker.java:execute(660)) - s2@group-BDFE845AF3B0-SegmentedRaftLogWorker: created new log segment /home/runner/work/ratis/ratis/ratis-examples/target/test/data/6e6e5023/MiniRaftClusterWithNettya4857fb2/s2/c491dcd8-cfe1-48dd-9178-bdfe845af3b0/current/log_inprogress_0
2024-10-09 04:30:05,804 TRACE util.FileUtils (LogUtils.java:supplyAndLog(69)) - Successfully supplied FileChannel.open /home/runner/work/ratis/ratis/ratis-examples/target/test/data/6e6e5023/MiniRaftClusterWithNettya4857fb2/s6/c491dcd8-cfe1-48dd-9178-bdfe845af3b0/current/raft-meta.conf.tmp with options [CREATE, WRITE]: sun.nio.ch.FileChannelImpl@3ac60526
2024-10-09 04:30:05,804 INFO  segmented.SegmentedRaftLogWorker (SegmentedRaftLogWorker.java:execute(660)) - s5@group-BDFE845AF3B0-SegmentedRaftLogWorker: created new log segment /home/runner/work/ratis/ratis/ratis-examples/target/test/data/6e6e5023/MiniRaftClusterWithNettya4857fb2/s5/c491dcd8-cfe1-48dd-9178-bdfe845af3b0/current/log_inprogress_0
2024-10-09 04:30:05,805 INFO  server.RaftServer$Division (ServerState.java:setRaftConf(386)) - s9@group-BDFE845AF3B0: set configuration conf: {index: 129, cur=peers:[s3|0.0.0.0:15018, s4|0.0.0.0:15019, s5|0.0.0.0:15020, s6|0.0.0.0:15021, s7|0.0.0.0:15022, s8|0.0.0.0:15023, s9|0.0.0.0:15024, s11|0.0.0.0:15026, s10|0.0.0.0:15025, s13|0.0.0.0:15028, s12|0.0.0.0:15027, s14|0.0.0.0:15029, s0|0.0.0.0:15015, s1|0.0.0.0:15016, s2|0.0.0.0:15017]|listeners:[], old=peers:[s11|0.0.0.0:15026, s10|0.0.0.0:15025, s7|0.0.0.0:15022, s13|0.0.0.0:15028, s8|0.0.0.0:15023, s12|0.0.0.0:15027, s9|0.0.0.0:15024, s0|0.0.0.0:15015, s1|0.0.0.0:15016]|listeners:[]}
2024-10-09 04:30:05,806 DEBUG server.RaftServer$Division (RaftServerImpl.java:logAppendEntries(1545)) - s7@group-BDFE845AF3B0: appendEntries* s9->s7#7305-t1,previous=(t:1, i:128),leaderCommit=128,initializing? false,entries: size=1, first=(t:1, i:129), CONFIGURATIONENTRY(current:id:"s3"address:"0.0.0.0:15018"clientAddress:"0.0.0.0:15018"adminAddress:"0.0.0.0:15018"startupRole:FOLLOWER, id:"s4"address:"0.0.0.0:15019"clientAddress:"0.0.0.0:15019"adminAddress:"0.0.0.0:15019"startupRole:FOLLOWER, id:"s5"address:"0.0.0.0:15020"clientAddress:"0.0.0.0:15020"adminAddress:"0.0.0.0:15020"startupRole:FOLLOWER, id:"s6"address:"0.0.0.0:15021"clientAddress:"0.0.0.0:15021"adminAddress:"0.0.0.0:15021"startupRole:FOLLOWER, id:"s7"address:"0.0.0.0:15022"clientAddress:"0.0.0.0:15022"adminAddress:"0.0.0.0:15022"startupRole:FOLLOWER, id:"s8"address:"0.0.0.0:15023"clientAddress:"0.0.0.0:15023"adminAddress:"0.0.0.0:15023"startupRole:FOLLOWER, id:"s9"address:"0.0.0.0:15024"clientAddress:"0.0.0.0:15024"adminAddress:"0.0.0.0:15024"startupRole:FOLLOWER, id:"s11"address:"0.0.0.0:15026"clientAddress:"0.0.0.0:15026"adminAddress:"0.0.0.0:15026"startupRole:FOLLOWER, id:"s10"address:"0.0.0.0:15025"clientAddress:"0.0.0.0:15025"adminAddress:"0.0.0.0:15025"startupRole:FOLLOWER, id:"s13"address:"0.0.0.0:15028"clientAddress:"0.0.0.0:15028"adminAddress:"0.0.0.0:15028"startupRole:FOLLOWER, id:"s12"address:"0.0.0.0:15027"clientAddress:"0.0.0.0:15027"adminAddress:"0.0.0.0:15027"startupRole:FOLLOWER, id:"s14"address:"0.0.0.0:15029"clientAddress:"0.0.0.0:15029"adminAddress:"0.0.0.0:15029"startupRole:FOLLOWER, id:"s0"address:"0.0.0.0:15015"clientAddress:"0.0.0.0:15015"adminAddress:"0.0.0.0:15015"startupRole:FOLLOWER, id:"s1"address:"0.0.0.0:15016"clientAddress:"0.0.0.0:15016"adminAddress:"0.0.0.0:15016"startupRole:FOLLOWER, id:"s2"address:"0.0.0.0:15017"clientAddress:"0.0.0.0:15017"adminAddress:"0.0.0.0:15017"startupRole:FOLLOWER, old:id:"s11"address:"0.0.0.0:15026"clientAddress:"0.0.0.0:15026"adminAddress:"0.0.0.0:15026"startupRole:FOLLOWER, id:"s10"address:"0.0.0.0:15025"clientAddress:"0.0.0.0:15025"adminAddress:"0.0.0.0:15025"startupRole:FOLLOWER, id:"s7"address:"0.0.0.0:15022"clientAddress:"0.0.0.0:15022"adminAddress:"0.0.0.0:15022"startupRole:FOLLOWER, id:"s13"address:"0.0.0.0:15028"clientAddress:"0.0.0.0:15028"adminAddress:"0.0.0.0:15028"startupRole:FOLLOWER, id:"s8"address:"0.0.0.0:15023"clientAddress:"0.0.0.0:15023"adminAddress:"0.0.0.0:15023"startupRole:FOLLOWER, id:"s12"address:"0.0.0.0:15027"clientAddress:"0.0.0.0:15027"adminAddress:"0.0.0.0:15027"startupRole:FOLLOWER, id:"s9"address:"0.0.0.0:15024"clientAddress:"0.0.0.0:15024"adminAddress:"0.0.0.0:15024"startupRole:FOLLOWER, id:"s0"address:"0.0.0.0:15015"clientAddress:"0.0.0.0:15015"adminAddress:"0.0.0.0:15015"startupRole:FOLLOWER, id:"s1"address:"0.0.0.0:15016"clientAddress:"0.0.0.0:15016"adminAddress:"0.0.0.0:15016"startupRole:FOLLOWER)
2024-10-09 04:30:05,806 DEBUG server.RaftServer$Division (RaftServerImpl.java:logAppendEntries(1545)) - s0@group-BDFE845AF3B0: appendEntries* s9->s0#7301-t1,previous=(t:1, i:128),leaderCommit=128,initializing? false,entries: size=1, first=(t:1, i:129), CONFIGURATIONENTRY(current:id:"s3"address:"0.0.0.0:15018"clientAddress:"0.0.0.0:15018"adminAddress:"0.0.0.0:15018"startupRole:FOLLOWER, id:"s4"address:"0.0.0.0:15019"clientAddress:"0.0.0.0:15019"adminAddress:"0.0.0.0:15019"startupRole:FOLLOWER, id:"s5"address:"0.0.0.0:15020"clientAddress:"0.0.0.0:15020"adminAddress:"0.0.0.0:15020"startupRole:FOLLOWER, id:"s6"address:"0.0.0.0:15021"clientAddress:"0.0.0.0:15021"adminAddress:"0.0.0.0:15021"startupRole:FOLLOWER, id:"s7"address:"0.0.0.0:15022"clientAddress:"0.0.0.0:15022"adminAddress:"0.0.0.0:15022"startupRole:FOLLOWER, id:"s8"address:"0.0.0.0:15023"clientAddress:"0.0.0.0:15023"adminAddress:"0.0.0.0:15023"startupRole:FOLLOWER, id:"s9"address:"0.0.0.0:15024"clientAddress:"0.0.0.0:15024"adminAddress:"0.0.0.0:15024"startupRole:FOLLOWER, id:"s11"address:"0.0.0.0:15026"clientAddress:"0.0.0.0:15026"adminAddress:"0.0.0.0:15026"startupRole:FOLLOWER, id:"s10"address:"0.0.0.0:15025"clientAddress:"0.0.0.0:15025"adminAddress:"0.0.0.0:15025"startupRole:FOLLOWER, id:"s13"address:"0.0.0.0:15028"clientAddress:"0.0.0.0:15028"adminAddress:"0.0.0.0:15028"startupRole:FOLLOWER, id:"s12"address:"0.0.0.0:15027"clientAddress:"0.0.0.0:15027"adminAddress:"0.0.0.0:15027"startupRole:FOLLOWER, id:"s14"address:"0.0.0.0:15029"clientAddress:"0.0.0.0:15029"adminAddress:"0.0.0.0:15029"startupRole:FOLLOWER, id:"s0"address:"0.0.0.0:15015"clientAddress:"0.0.0.0:15015"adminAddress:"0.0.0.0:15015"startupRole:FOLLOWER, id:"s1"address:"0.0.0.0:15016"clientAddress:"0.0.0.0:15016"adminAddress:"0.0.0.0:15016"startupRole:FOLLOWER, id:"s2"address:"0.0.0.0:15017"clientAddress:"0.0.0.0:15017"adminAddress:"0.0.0.0:15017"startupRole:FOLLOWER, old:id:"s11"address:"0.0.0.0:15026"clientAddress:"0.0.0.0:15026"adminAddress:"0.0.0.0:15026"startupRole:FOLLOWER, id:"s10"address:"0.0.0.0:15025"clientAddress:"0.0.0.0:15025"adminAddress:"0.0.0.0:15025"startupRole:FOLLOWER, id:"s7"address:"0.0.0.0:15022"clientAddress:"0.0.0.0:15022"adminAddress:"0.0.0.0:15022"startupRole:FOLLOWER, id:"s13"address:"0.0.0.0:15028"clientAddress:"0.0.0.0:15028"adminAddress:"0.0.0.0:15028"startupRole:FOLLOWER, id:"s8"address:"0.0.0.0:15023"clientAddress:"0.0.0.0:15023"adminAddress:"0.0.0.0:15023"startupRole:FOLLOWER, id:"s12"address:"0.0.0.0:15027"clientAddress:"0.0.0.0:15027"adminAddress:"0.0.0.0:15027"startupRole:FOLLOWER, id:"s9"address:"0.0.0.0:15024"clientAddress:"0.0.0.0:15024"adminAddress:"0.0.0.0:15024"startupRole:FOLLOWER, id:"s0"address:"0.0.0.0:15015"clientAddress:"0.0.0.0:15015"adminAddress:"0.0.0.0:15015"startupRole:FOLLOWER, id:"s1"address:"0.0.0.0:15016"clientAddress:"0.0.0.0:15016"adminAddress:"0.0.0.0:15016"startupRole:FOLLOWER)
2024-10-09 04:30:05,807 DEBUG server.RaftServer$Division (RaftServerImpl.java:logAppendEntries(1545)) - s2@group-BDFE845AF3B0: appendEntries* reply s9<-s2#7300:OK-t1,SUCCESS,nextIndex=129,followerCommit=128,matchIndex=128
2024-10-09 04:30:05,807 INFO  server.RaftServer$Division (ServerState.java:setRaftConf(386)) - s0@group-BDFE845AF3B0: set configuration conf: {index: 129, cur=peers:[s3|0.0.0.0:15018, s4|0.0.0.0:15019, s5|0.0.0.0:15020, s6|0.0.0.0:15021, s7|0.0.0.0:15022, s8|0.0.0.0:15023, s9|0.0.0.0:15024, s11|0.0.0.0:15026, s10|0.0.0.0:15025, s13|0.0.0.0:15028, s12|0.0.0.0:15027, s14|0.0.0.0:15029, s0|0.0.0.0:15015, s1|0.0.0.0:15016, s2|0.0.0.0:15017]|listeners:[], old=peers:[s11|0.0.0.0:15026, s10|0.0.0.0:15025, s7|0.0.0.0:15022, s13|0.0.0.0:15028, s8|0.0.0.0:15023, s12|0.0.0.0:15027, s9|0.0.0.0:15024, s0|0.0.0.0:15015, s1|0.0.0.0:15016]|listeners:[]}
2024-10-09 04:30:05,807 DEBUG server.RaftServer$Division (RaftServerImpl.java:logAppendEntries(1545)) - s0@group-BDFE845AF3B0: appendEntries* reply s9<-s0#7301:OK-t1,SUCCESS,nextIndex=130,followerCommit=128,matchIndex=129
2024-10-09 04:30:05,808 DEBUG server.RaftServer$Division (RaftServerImpl.java:logAppendEntries(1545)) - s12@group-BDFE845AF3B0: appendEntries* s9->s12#7303-t1,previous=(t:1, i:128),leaderCommit=128,initializing? false,entries: size=1, first=(t:1, i:129), CONFIGURATIONENTRY(current:id:"s3"address:"0.0.0.0:15018"clientAddress:"0.0.0.0:15018"adminAddress:"0.0.0.0:15018"startupRole:FOLLOWER, id:"s4"address:"0.0.0.0:15019"clientAddress:"0.0.0.0:15019"adminAddress:"0.0.0.0:15019"startupRole:FOLLOWER, id:"s5"address:"0.0.0.0:15020"clientAddress:"0.0.0.0:15020"adminAddress:"0.0.0.0:15020"startupRole:FOLLOWER, id:"s6"address:"0.0.0.0:15021"clientAddress:"0.0.0.0:15021"adminAddress:"0.0.0.0:15021"startupRole:FOLLOWER, id:"s7"address:"0.0.0.0:15022"clientAddress:"0.0.0.0:15022"adminAddress:"0.0.0.0:15022"startupRole:FOLLOWER, id:"s8"address:"0.0.0.0:15023"clientAddress:"0.0.0.0:15023"adminAddress:"0.0.0.0:15023"startupRole:FOLLOWER, id:"s9"address:"0.0.0.0:15024"clientAddress:"0.0.0.0:15024"adminAddress:"0.0.0.0:15024"startupRole:FOLLOWER, id:"s11"address:"0.0.0.0:15026"clientAddress:"0.0.0.0:15026"adminAddress:"0.0.0.0:15026"startupRole:FOLLOWER, id:"s10"address:"0.0.0.0:15025"clientAddress:"0.0.0.0:15025"adminAddress:"0.0.0.0:15025"startupRole:FOLLOWER, id:"s13"address:"0.0.0.0:15028"clientAddress:"0.0.0.0:15028"adminAddress:"0.0.0.0:15028"startupRole:FOLLOWER, id:"s12"address:"0.0.0.0:15027"clientAddress:"0.0.0.0:15027"adminAddress:"0.0.0.0:15027"startupRole:FOLLOWER, id:"s14"address:"0.0.0.0:15029"clientAddress:"0.0.0.0:15029"adminAddress:"0.0.0.0:15029"startupRole:FOLLOWER, id:"s0"address:"0.0.0.0:15015"clientAddress:"0.0.0.0:15015"adminAddress:"0.0.0.0:15015"startupRole:FOLLOWER, id:"s1"address:"0.0.0.0:15016"clientAddress:"0.0.0.0:15016"adminAddress:"0.0.0.0:15016"startupRole:FOLLOWER, id:"s2"address:"0.0.0.0:15017"clientAddress:"0.0.0.0:15017"adminAddress:"0.0.0.0:15017"startupRole:FOLLOWER, old:id:"s11"address:"0.0.0.0:15026"clientAddress:"0.0.0.0:15026"adminAddress:"0.0.0.0:15026"startupRole:FOLLOWER, id:"s10"address:"0.0.0.0:15025"clientAddress:"0.0.0.0:15025"adminAddress:"0.0.0.0:15025"startupRole:FOLLOWER, id:"s7"address:"0.0.0.0:15022"clientAddress:"0.0.0.0:15022"adminAddress:"0.0.0.0:15022"startupRole:FOLLOWER, id:"s13"address:"0.0.0.0:15028"clientAddress:"0.0.0.0:15028"adminAddress:"0.0.0.0:15028"startupRole:FOLLOWER, id:"s8"address:"0.0.0.0:15023"clientAddress:"0.0.0.0:15023"adminAddress:"0.0.0.0:15023"startupRole:FOLLOWER, id:"s12"address:"0.0.0.0:15027"clientAddress:"0.0.0.0:15027"adminAddress:"0.0.0.0:15027"startupRole:FOLLOWER, id:"s9"address:"0.0.0.0:15024"clientAddress:"0.0.0.0:15024"adminAddress:"0.0.0.0:15024"startupRole:FOLLOWER, id:"s0"address:"0.0.0.0:15015"clientAddress:"0.0.0.0:15015"adminAddress:"0.0.0.0:15015"startupRole:FOLLOWER, id:"s1"address:"0.0.0.0:15016"clientAddress:"0.0.0.0:15016"adminAddress:"0.0.0.0:15016"startupRole:FOLLOWER)
2024-10-09 04:30:05,808 INFO  server.RaftServer$Division (ServerState.java:setRaftConf(386)) - s12@group-BDFE845AF3B0: set configuration conf: {index: 129, cur=peers:[s3|0.0.0.0:15018, s4|0.0.0.0:15019, s5|0.0.0.0:15020, s6|0.0.0.0:15021, s7|0.0.0.0:15022, s8|0.0.0.0:15023, s9|0.0.0.0:15024, s11|0.0.0.0:15026, s10|0.0.0.0:15025, s13|0.0.0.0:15028, s12|0.0.0.0:15027, s14|0.0.0.0:15029, s0|0.0.0.0:15015, s1|0.0.0.0:15016, s2|0.0.0.0:15017]|listeners:[], old=peers:[s11|0.0.0.0:15026, s10|0.0.0.0:15025, s7|0.0.0.0:15022, s13|0.0.0.0:15028, s8|0.0.0.0:15023, s12|0.0.0.0:15027, s9|0.0.0.0:15024, s0|0.0.0.0:15015, s1|0.0.0.0:15016]|listeners:[]}
2024-10-09 04:30:05,808 DEBUG server.RaftServer$Division (RaftServerImpl.java:logAppendEntries(1545)) - s10@group-BDFE845AF3B0: appendEntries* s9->s10#7306-t1,previous=(t:1, i:128),leaderCommit=128,initializing? false,entries: size=1, first=(t:1, i:129), CONFIGURATIONENTRY(current:id:"s3"address:"0.0.0.0:15018"clientAddress:"0.0.0.0:15018"adminAddress:"0.0.0.0:15018"startupRole:FOLLOWER, id:"s4"address:"0.0.0.0:15019"clientAddress:"0.0.0.0:15019"adminAddress:"0.0.0.0:15019"startupRole:FOLLOWER, id:"s5"address:"0.0.0.0:15020"clientAddress:"0.0.0.0:15020"adminAddress:"0.0.0.0:15020"startupRole:FOLLOWER, id:"s6"address:"0.0.0.0:15021"clientAddress:"0.0.0.0:15021"adminAddress:"0.0.0.0:15021"startupRole:FOLLOWER, id:"s7"address:"0.0.0.0:15022"clientAddress:"0.0.0.0:15022"adminAddress:"0.0.0.0:15022"startupRole:FOLLOWER, id:"s8"address:"0.0.0.0:15023"clientAddress:"0.0.0.0:15023"adminAddress:"0.0.0.0:15023"startupRole:FOLLOWER, id:"s9"address:"0.0.0.0:15024"clientAddress:"0.0.0.0:15024"adminAddress:"0.0.0.0:15024"startupRole:FOLLOWER, id:"s11"address:"0.0.0.0:15026"clientAddress:"0.0.0.0:15026"adminAddress:"0.0.0.0:15026"startupRole:FOLLOWER, id:"s10"address:"0.0.0.0:15025"clientAddress:"0.0.0.0:15025"adminAddress:"0.0.0.0:15025"startupRole:FOLLOWER, id:"s13"address:"0.0.0.0:15028"clientAddress:"0.0.0.0:15028"adminAddress:"0.0.0.0:15028"startupRole:FOLLOWER, id:"s12"address:"0.0.0.0:15027"clientAddress:"0.0.0.0:15027"adminAddress:"0.0.0.0:15027"startupRole:FOLLOWER, id:"s14"address:"0.0.0.0:15029"clientAddress:"0.0.0.0:15029"adminAddress:"0.0.0.0:15029"startupRole:FOLLOWER, id:"s0"address:"0.0.0.0:15015"clientAddress:"0.0.0.0:15015"adminAddress:"0.0.0.0:15015"startupRole:FOLLOWER, id:"s1"address:"0.0.0.0:15016"clientAddress:"0.0.0.0:15016"adminAddress:"0.0.0.0:15016"startupRole:FOLLOWER, id:"s2"address:"0.0.0.0:15017"clientAddress:"0.0.0.0:15017"adminAddress:"0.0.0.0:15017"startupRole:FOLLOWER, old:id:"s11"address:"0.0.0.0:15026"clientAddress:"0.0.0.0:15026"adminAddress:"0.0.0.0:15026"startupRole:FOLLOWER, id:"s10"address:"0.0.0.0:15025"clientAddress:"0.0.0.0:15025"adminAddress:"0.0.0.0:15025"startupRole:FOLLOWER, id:"s7"address:"0.0.0.0:15022"clientAddress:"0.0.0.0:15022"adminAddress:"0.0.0.0:15022"startupRole:FOLLOWER, id:"s13"address:"0.0.0.0:15028"clientAddress:"0.0.0.0:15028"adminAddress:"0.0.0.0:15028"startupRole:FOLLOWER, id:"s8"address:"0.0.0.0:15023"clientAddress:"0.0.0.0:15023"adminAddress:"0.0.0.0:15023"startupRole:FOLLOWER, id:"s12"address:"0.0.0.0:15027"clientAddress:"0.0.0.0:15027"adminAddress:"0.0.0.0:15027"startupRole:FOLLOWER, id:"s9"address:"0.0.0.0:15024"clientAddress:"0.0.0.0:15024"adminAddress:"0.0.0.0:15024"startupRole:FOLLOWER, id:"s0"address:"0.0.0.0:15015"clientAddress:"0.0.0.0:15015"adminAddress:"0.0.0.0:15015"startupRole:FOLLOWER, id:"s1"address:"0.0.0.0:15016"clientAddress:"0.0.0.0:15016"adminAddress:"0.0.0.0:15016"startupRole:FOLLOWER)
2024-10-09 04:30:05,808 INFO  server.RaftServer$Division (ServerState.java:setRaftConf(386)) - s10@group-BDFE845AF3B0: set configuration conf: {index: 129, cur=peers:[s3|0.0.0.0:15018, s4|0.0.0.0:15019, s5|0.0.0.0:15020, s6|0.0.0.0:15021, s7|0.0.0.0:15022, s8|0.0.0.0:15023, s9|0.0.0.0:15024, s11|0.0.0.0:15026, s10|0.0.0.0:15025, s13|0.0.0.0:15028, s12|0.0.0.0:15027, s14|0.0.0.0:15029, s0|0.0.0.0:15015, s1|0.0.0.0:15016, s2|0.0.0.0:15017]|listeners:[], old=peers:[s11|0.0.0.0:15026, s10|0.0.0.0:15025, s7|0.0.0.0:15022, s13|0.0.0.0:15028, s8|0.0.0.0:15023, s12|0.0.0.0:15027, s9|0.0.0.0:15024, s0|0.0.0.0:15015, s1|0.0.0.0:15016]|listeners:[]}
2024-10-09 04:30:05,809 DEBUG server.RaftServer$Division (RaftServerImpl.java:logAppendEntries(1545)) - s13@group-BDFE845AF3B0: appendEntries* s9->s13#7308-t1,previous=(t:1, i:128),leaderCommit=128,initializing? false,entries: size=1, first=(t:1, i:129), CONFIGURATIONENTRY(current:id:"s3"address:"0.0.0.0:15018"clientAddress:"0.0.0.0:15018"adminAddress:"0.0.0.0:15018"startupRole:FOLLOWER, id:"s4"address:"0.0.0.0:15019"clientAddress:"0.0.0.0:15019"adminAddress:"0.0.0.0:15019"startupRole:FOLLOWER, id:"s5"address:"0.0.0.0:15020"clientAddress:"0.0.0.0:15020"adminAddress:"0.0.0.0:15020"startupRole:FOLLOWER, id:"s6"address:"0.0.0.0:15021"clientAddress:"0.0.0.0:15021"adminAddress:"0.0.0.0:15021"startupRole:FOLLOWER, id:"s7"address:"0.0.0.0:15022"clientAddress:"0.0.0.0:15022"adminAddress:"0.0.0.0:15022"startupRole:FOLLOWER, id:"s8"address:"0.0.0.0:15023"clientAddress:"0.0.0.0:15023"adminAddress:"0.0.0.0:15023"startupRole:FOLLOWER, id:"s9"address:"0.0.0.0:15024"clientAddress:"0.0.0.0:15024"adminAddress:"0.0.0.0:15024"startupRole:FOLLOWER, id:"s11"address:"0.0.0.0:15026"clientAddress:"0.0.0.0:15026"adminAddress:"0.0.0.0:15026"startupRole:FOLLOWER, id:"s10"address:"0.0.0.0:15025"clientAddress:"0.0.0.0:15025"adminAddress:"0.0.0.0:15025"startupRole:FOLLOWER, id:"s13"address:"0.0.0.0:15028"clientAddress:"0.0.0.0:15028"adminAddress:"0.0.0.0:15028"startupRole:FOLLOWER, id:"s12"address:"0.0.0.0:15027"clientAddress:"0.0.0.0:15027"adminAddress:"0.0.0.0:15027"startupRole:FOLLOWER, id:"s14"address:"0.0.0.0:15029"clientAddress:"0.0.0.0:15029"adminAddress:"0.0.0.0:15029"startupRole:FOLLOWER, id:"s0"address:"0.0.0.0:15015"clientAddress:"0.0.0.0:15015"adminAddress:"0.0.0.0:15015"startupRole:FOLLOWER, id:"s1"address:"0.0.0.0:15016"clientAddress:"0.0.0.0:15016"adminAddress:"0.0.0.0:15016"startupRole:FOLLOWER, id:"s2"address:"0.0.0.0:15017"clientAddress:"0.0.0.0:15017"adminAddress:"0.0.0.0:15017"startupRole:FOLLOWER, old:id:"s11"address:"0.0.0.0:15026"clientAddress:"0.0.0.0:15026"adminAddress:"0.0.0.0:15026"startupRole:FOLLOWER, id:"s10"address:"0.0.0.0:15025"clientAddress:"0.0.0.0:15025"adminAddress:"0.0.0.0:15025"startupRole:FOLLOWER, id:"s7"address:"0.0.0.0:15022"clientAddress:"0.0.0.0:15022"adminAddress:"0.0.0.0:15022"startupRole:FOLLOWER, id:"s13"address:"0.0.0.0:15028"clientAddress:"0.0.0.0:15028"adminAddress:"0.0.0.0:15028"startupRole:FOLLOWER, id:"s8"address:"0.0.0.0:15023"clientAddress:"0.0.0.0:15023"adminAddress:"0.0.0.0:15023"startupRole:FOLLOWER, id:"s12"address:"0.0.0.0:15027"clientAddress:"0.0.0.0:15027"adminAddress:"0.0.0.0:15027"startupRole:FOLLOWER, id:"s9"address:"0.0.0.0:15024"clientAddress:"0.0.0.0:15024"adminAddress:"0.0.0.0:15024"startupRole:FOLLOWER, id:"s0"address:"0.0.0.0:15015"clientAddress:"0.0.0.0:15015"adminAddress:"0.0.0.0:15015"startupRole:FOLLOWER, id:"s1"address:"0.0.0.0:15016"clientAddress:"0.0.0.0:15016"adminAddress:"0.0.0.0:15016"startupRole:FOLLOWER)
2024-10-09 04:30:05,809 INFO  server.RaftServer$Division (ServerState.java:setRaftConf(386)) - s13@group-BDFE845AF3B0: set configuration conf: {index: 129, cur=peers:[s3|0.0.0.0:15018, s4|0.0.0.0:15019, s5|0.0.0.0:15020, s6|0.0.0.0:15021, s7|0.0.0.0:15022, s8|0.0.0.0:15023, s9|0.0.0.0:15024, s11|0.0.0.0:15026, s10|0.0.0.0:15025, s13|0.0.0.0:15028, s12|0.0.0.0:15027, s14|0.0.0.0:15029, s0|0.0.0.0:15015, s1|0.0.0.0:15016, s2|0.0.0.0:15017]|listeners:[], old=peers:[s11|0.0.0.0:15026, s10|0.0.0.0:15025, s7|0.0.0.0:15022, s13|0.0.0.0:15028, s8|0.0.0.0:15023, s12|0.0.0.0:15027, s9|0.0.0.0:15024, s0|0.0.0.0:15015, s1|0.0.0.0:15016]|listeners:[]}
2024-10-09 04:30:05,810 DEBUG server.RaftServer$Division (RaftServerImpl.java:logAppendEntries(1545)) - s13@group-BDFE845AF3B0: appendEntries* reply s9<-s13#7308:OK-t1,SUCCESS,nextIndex=130,followerCommit=128,matchIndex=129
2024-10-09 04:30:05,811 DEBUG server.RaftServer$Division (RaftServerImpl.java:logAppendEntries(1545)) - s12@group-BDFE845AF3B0: appendEntries* reply s9<-s12#7303:OK-t1,SUCCESS,nextIndex=130,followerCommit=128,matchIndex=129
2024-10-09 04:30:05,811 INFO  segmented.SegmentedRaftLogWorker (SegmentedRaftLogWorker.java:execute(660)) - s14@group-BDFE845AF3B0-SegmentedRaftLogWorker: created new log segment /home/runner/work/ratis/ratis/ratis-examples/target/test/data/6e6e5023/MiniRaftClusterWithNettya4857fb2/s14/c491dcd8-cfe1-48dd-9178-bdfe845af3b0/current/log_inprogress_0
2024-10-09 04:30:05,811 DEBUG server.RaftServer$Division (RaftServerImpl.java:logAppendEntries(1545)) - s8@group-BDFE845AF3B0: appendEntries* s9->s8#7310-t1,previous=(t:1, i:128),leaderCommit=128,initializing? false,entries: size=1, first=(t:1, i:129), CONFIGURATIONENTRY(current:id:"s3"address:"0.0.0.0:15018"clientAddress:"0.0.0.0:15018"adminAddress:"0.0.0.0:15018"startupRole:FOLLOWER, id:"s4"address:"0.0.0.0:15019"clientAddress:"0.0.0.0:15019"adminAddress:"0.0.0.0:15019"startupRole:FOLLOWER, id:"s5"address:"0.0.0.0:15020"clientAddress:"0.0.0.0:15020"adminAddress:"0.0.0.0:15020"startupRole:FOLLOWER, id:"s6"address:"0.0.0.0:15021"clientAddress:"0.0.0.0:15021"adminAddress:"0.0.0.0:15021"startupRole:FOLLOWER, id:"s7"address:"0.0.0.0:15022"clientAddress:"0.0.0.0:15022"adminAddress:"0.0.0.0:15022"startupRole:FOLLOWER, id:"s8"address:"0.0.0.0:15023"clientAddress:"0.0.0.0:15023"adminAddress:"0.0.0.0:15023"startupRole:FOLLOWER, id:"s9"address:"0.0.0.0:15024"clientAddress:"0.0.0.0:15024"adminAddress:"0.0.0.0:15024"startupRole:FOLLOWER, id:"s11"address:"0.0.0.0:15026"clientAddress:"0.0.0.0:15026"adminAddress:"0.0.0.0:15026"startupRole:FOLLOWER, id:"s10"address:"0.0.0.0:15025"clientAddress:"0.0.0.0:15025"adminAddress:"0.0.0.0:15025"startupRole:FOLLOWER, id:"s13"address:"0.0.0.0:15028"clientAddress:"0.0.0.0:15028"adminAddress:"0.0.0.0:15028"startupRole:FOLLOWER, id:"s12"address:"0.0.0.0:15027"clientAddress:"0.0.0.0:15027"adminAddress:"0.0.0.0:15027"startupRole:FOLLOWER, id:"s14"address:"0.0.0.0:15029"clientAddress:"0.0.0.0:15029"adminAddress:"0.0.0.0:15029"startupRole:FOLLOWER, id:"s0"address:"0.0.0.0:15015"clientAddress:"0.0.0.0:15015"adminAddress:"0.0.0.0:15015"startupRole:FOLLOWER, id:"s1"address:"0.0.0.0:15016"clientAddress:"0.0.0.0:15016"adminAddress:"0.0.0.0:15016"startupRole:FOLLOWER, id:"s2"address:"0.0.0.0:15017"clientAddress:"0.0.0.0:15017"adminAddress:"0.0.0.0:15017"startupRole:FOLLOWER, old:id:"s11"address:"0.0.0.0:15026"clientAddress:"0.0.0.0:15026"adminAddress:"0.0.0.0:15026"startupRole:FOLLOWER, id:"s10"address:"0.0.0.0:15025"clientAddress:"0.0.0.0:15025"adminAddress:"0.0.0.0:15025"startupRole:FOLLOWER, id:"s7"address:"0.0.0.0:15022"clientAddress:"0.0.0.0:15022"adminAddress:"0.0.0.0:15022"startupRole:FOLLOWER, id:"s13"address:"0.0.0.0:15028"clientAddress:"0.0.0.0:15028"adminAddress:"0.0.0.0:15028"startupRole:FOLLOWER, id:"s8"address:"0.0.0.0:15023"clientAddress:"0.0.0.0:15023"adminAddress:"0.0.0.0:15023"startupRole:FOLLOWER, id:"s12"address:"0.0.0.0:15027"clientAddress:"0.0.0.0:15027"adminAddress:"0.0.0.0:15027"startupRole:FOLLOWER, id:"s9"address:"0.0.0.0:15024"clientAddress:"0.0.0.0:15024"adminAddress:"0.0.0.0:15024"startupRole:FOLLOWER, id:"s0"address:"0.0.0.0:15015"clientAddress:"0.0.0.0:15015"adminAddress:"0.0.0.0:15015"startupRole:FOLLOWER, id:"s1"address:"0.0.0.0:15016"clientAddress:"0.0.0.0:15016"adminAddress:"0.0.0.0:15016"startupRole:FOLLOWER)
2024-10-09 04:30:05,811 INFO  server.RaftServer$Division (ServerState.java:setRaftConf(386)) - s8@group-BDFE845AF3B0: set configuration conf: {index: 129, cur=peers:[s3|0.0.0.0:15018, s4|0.0.0.0:15019, s5|0.0.0.0:15020, s6|0.0.0.0:15021, s7|0.0.0.0:15022, s8|0.0.0.0:15023, s9|0.0.0.0:15024, s11|0.0.0.0:15026, s10|0.0.0.0:15025, s13|0.0.0.0:15028, s12|0.0.0.0:15027, s14|0.0.0.0:15029, s0|0.0.0.0:15015, s1|0.0.0.0:15016, s2|0.0.0.0:15017]|listeners:[], old=peers:[s11|0.0.0.0:15026, s10|0.0.0.0:15025, s7|0.0.0.0:15022, s13|0.0.0.0:15028, s8|0.0.0.0:15023, s12|0.0.0.0:15027, s9|0.0.0.0:15024, s0|0.0.0.0:15015, s1|0.0.0.0:15016]|listeners:[]}
2024-10-09 04:30:05,812 DEBUG server.RaftServer$Division (RaftServerImpl.java:logAppendEntries(1545)) - s10@group-BDFE845AF3B0: appendEntries* reply s9<-s10#7306:OK-t1,SUCCESS,nextIndex=130,followerCommit=128,matchIndex=129
2024-10-09 04:30:05,806 INFO  server.RaftServer$Division (ServerState.java:setRaftConf(386)) - s7@group-BDFE845AF3B0: set configuration conf: {index: 129, cur=peers:[s3|0.0.0.0:15018, s4|0.0.0.0:15019, s5|0.0.0.0:15020, s6|0.0.0.0:15021, s7|0.0.0.0:15022, s8|0.0.0.0:15023, s9|0.0.0.0:15024, s11|0.0.0.0:15026, s10|0.0.0.0:15025, s13|0.0.0.0:15028, s12|0.0.0.0:15027, s14|0.0.0.0:15029, s0|0.0.0.0:15015, s1|0.0.0.0:15016, s2|0.0.0.0:15017]|listeners:[], old=peers:[s11|0.0.0.0:15026, s10|0.0.0.0:15025, s7|0.0.0.0:15022, s13|0.0.0.0:15028, s8|0.0.0.0:15023, s12|0.0.0.0:15027, s9|0.0.0.0:15024, s0|0.0.0.0:15015, s1|0.0.0.0:15016]|listeners:[]}
2024-10-09 04:30:05,811 DEBUG server.RaftServer$Division (RaftServerImpl.java:logAppendEntries(1545)) - s1@group-BDFE845AF3B0: appendEntries* s9->s1#7302-t1,previous=(t:1, i:128),leaderCommit=128,initializing? false,entries: size=1, first=(t:1, i:129), CONFIGURATIONENTRY(current:id:"s3"address:"0.0.0.0:15018"clientAddress:"0.0.0.0:15018"adminAddress:"0.0.0.0:15018"startupRole:FOLLOWER, id:"s4"address:"0.0.0.0:15019"clientAddress:"0.0.0.0:15019"adminAddress:"0.0.0.0:15019"startupRole:FOLLOWER, id:"s5"address:"0.0.0.0:15020"clientAddress:"0.0.0.0:15020"adminAddress:"0.0.0.0:15020"startupRole:FOLLOWER, id:"s6"address:"0.0.0.0:15021"clientAddress:"0.0.0.0:15021"adminAddress:"0.0.0.0:15021"startupRole:FOLLOWER, id:"s7"address:"0.0.0.0:15022"clientAddress:"0.0.0.0:15022"adminAddress:"0.0.0.0:15022"startupRole:FOLLOWER, id:"s8"address:"0.0.0.0:15023"clientAddress:"0.0.0.0:15023"adminAddress:"0.0.0.0:15023"startupRole:FOLLOWER, id:"s9"address:"0.0.0.0:15024"clientAddress:"0.0.0.0:15024"adminAddress:"0.0.0.0:15024"startupRole:FOLLOWER, id:"s11"address:"0.0.0.0:15026"clientAddress:"0.0.0.0:15026"adminAddress:"0.0.0.0:15026"startupRole:FOLLOWER, id:"s10"address:"0.0.0.0:15025"clientAddress:"0.0.0.0:15025"adminAddress:"0.0.0.0:15025"startupRole:FOLLOWER, id:"s13"address:"0.0.0.0:15028"clientAddress:"0.0.0.0:15028"adminAddress:"0.0.0.0:15028"startupRole:FOLLOWER, id:"s12"address:"0.0.0.0:15027"clientAddress:"0.0.0.0:15027"adminAddress:"0.0.0.0:15027"startupRole:FOLLOWER, id:"s14"address:"0.0.0.0:15029"clientAddress:"0.0.0.0:15029"adminAddress:"0.0.0.0:15029"startupRole:FOLLOWER, id:"s0"address:"0.0.0.0:15015"clientAddress:"0.0.0.0:15015"adminAddress:"0.0.0.0:15015"startupRole:FOLLOWER, id:"s1"address:"0.0.0.0:15016"clientAddress:"0.0.0.0:15016"adminAddress:"0.0.0.0:15016"startupRole:FOLLOWER, id:"s2"address:"0.0.0.0:15017"clientAddress:"0.0.0.0:15017"adminAddress:"0.0.0.0:15017"startupRole:FOLLOWER, old:id:"s11"address:"0.0.0.0:15026"clientAddress:"0.0.0.0:15026"adminAddress:"0.0.0.0:15026"startupRole:FOLLOWER, id:"s10"address:"0.0.0.0:15025"clientAddress:"0.0.0.0:15025"adminAddress:"0.0.0.0:15025"startupRole:FOLLOWER, id:"s7"address:"0.0.0.0:15022"clientAddress:"0.0.0.0:15022"adminAddress:"0.0.0.0:15022"startupRole:FOLLOWER, id:"s13"address:"0.0.0.0:15028"clientAddress:"0.0.0.0:15028"adminAddress:"0.0.0.0:15028"startupRole:FOLLOWER, id:"s8"address:"0.0.0.0:15023"clientAddress:"0.0.0.0:15023"adminAddress:"0.0.0.0:15023"startupRole:FOLLOWER, id:"s12"address:"0.0.0.0:15027"clientAddress:"0.0.0.0:15027"adminAddress:"0.0.0.0:15027"startupRole:FOLLOWER, id:"s9"address:"0.0.0.0:15024"clientAddress:"0.0.0.0:15024"adminAddress:"0.0.0.0:15024"startupRole:FOLLOWER, id:"s0"address:"0.0.0.0:15015"clientAddress:"0.0.0.0:15015"adminAddress:"0.0.0.0:15015"startupRole:FOLLOWER, id:"s1"address:"0.0.0.0:15016"clientAddress:"0.0.0.0:15016"adminAddress:"0.0.0.0:15016"startupRole:FOLLOWER)
2024-10-09 04:30:05,809 DEBUG server.RaftServer$Division (RaftServerImpl.java:logAppendEntries(1545)) - s6@group-BDFE845AF3B0: appendEntries* s9->s6#7307-t1,previous=(t:1, i:128),leaderCommit=128,initializing? false,entries: size=1, first=(t:1, i:129), CONFIGURATIONENTRY(current:id:"s3"address:"0.0.0.0:15018"clientAddress:"0.0.0.0:15018"adminAddress:"0.0.0.0:15018"startupRole:FOLLOWER, id:"s4"address:"0.0.0.0:15019"clientAddress:"0.0.0.0:15019"adminAddress:"0.0.0.0:15019"startupRole:FOLLOWER, id:"s5"address:"0.0.0.0:15020"clientAddress:"0.0.0.0:15020"adminAddress:"0.0.0.0:15020"startupRole:FOLLOWER, id:"s6"address:"0.0.0.0:15021"clientAddress:"0.0.0.0:15021"adminAddress:"0.0.0.0:15021"startupRole:FOLLOWER, id:"s7"address:"0.0.0.0:15022"clientAddress:"0.0.0.0:15022"adminAddress:"0.0.0.0:15022"startupRole:FOLLOWER, id:"s8"address:"0.0.0.0:15023"clientAddress:"0.0.0.0:15023"adminAddress:"0.0.0.0:15023"startupRole:FOLLOWER, id:"s9"address:"0.0.0.0:15024"clientAddress:"0.0.0.0:15024"adminAddress:"0.0.0.0:15024"startupRole:FOLLOWER, id:"s11"address:"0.0.0.0:15026"clientAddress:"0.0.0.0:15026"adminAddress:"0.0.0.0:15026"startupRole:FOLLOWER, id:"s10"address:"0.0.0.0:15025"clientAddress:"0.0.0.0:15025"adminAddress:"0.0.0.0:15025"startupRole:FOLLOWER, id:"s13"address:"0.0.0.0:15028"clientAddress:"0.0.0.0:15028"adminAddress:"0.0.0.0:15028"startupRole:FOLLOWER, id:"s12"address:"0.0.0.0:15027"clientAddress:"0.0.0.0:15027"adminAddress:"0.0.0.0:15027"startupRole:FOLLOWER, id:"s14"address:"0.0.0.0:15029"clientAddress:"0.0.0.0:15029"adminAddress:"0.0.0.0:15029"startupRole:FOLLOWER, id:"s0"address:"0.0.0.0:15015"clientAddress:"0.0.0.0:15015"adminAddress:"0.0.0.0:15015"startupRole:FOLLOWER, id:"s1"address:"0.0.0.0:15016"clientAddress:"0.0.0.0:15016"adminAddress:"0.0.0.0:15016"startupRole:FOLLOWER, id:"s2"address:"0.0.0.0:15017"clientAddress:"0.0.0.0:15017"adminAddress:"0.0.0.0:15017"startupRole:FOLLOWER, old:id:"s11"address:"0.0.0.0:15026"clientAddress:"0.0.0.0:15026"adminAddress:"0.0.0.0:15026"startupRole:FOLLOWER, id:"s10"address:"0.0.0.0:15025"clientAddress:"0.0.0.0:15025"adminAddress:"0.0.0.0:15025"startupRole:FOLLOWER, id:"s7"address:"0.0.0.0:15022"clientAddress:"0.0.0.0:15022"adminAddress:"0.0.0.0:15022"startupRole:FOLLOWER, id:"s13"address:"0.0.0.0:15028"clientAddress:"0.0.0.0:15028"adminAddress:"0.0.0.0:15028"startupRole:FOLLOWER, id:"s8"address:"0.0.0.0:15023"clientAddress:"0.0.0.0:15023"adminAddress:"0.0.0.0:15023"startupRole:FOLLOWER, id:"s12"address:"0.0.0.0:15027"clientAddress:"0.0.0.0:15027"adminAddress:"0.0.0.0:15027"startupRole:FOLLOWER, id:"s9"address:"0.0.0.0:15024"clientAddress:"0.0.0.0:15024"adminAddress:"0.0.0.0:15024"startupRole:FOLLOWER, id:"s0"address:"0.0.0.0:15015"clientAddress:"0.0.0.0:15015"adminAddress:"0.0.0.0:15015"startupRole:FOLLOWER, id:"s1"address:"0.0.0.0:15016"clientAddress:"0.0.0.0:15016"adminAddress:"0.0.0.0:15016"startupRole:FOLLOWER)
2024-10-09 04:30:05,808 DEBUG server.RaftServer$Division (RaftServerImpl.java:logAppendEntries(1545)) - s2@group-BDFE845AF3B0: appendEntries* s9->s2#7309-t1,previous=(t:1, i:128),leaderCommit=128,initializing? false,entries: size=1, first=(t:1, i:129), CONFIGURATIONENTRY(current:id:"s3"address:"0.0.0.0:15018"clientAddress:"0.0.0.0:15018"adminAddress:"0.0.0.0:15018"startupRole:FOLLOWER, id:"s4"address:"0.0.0.0:15019"clientAddress:"0.0.0.0:15019"adminAddress:"0.0.0.0:15019"startupRole:FOLLOWER, id:"s5"address:"0.0.0.0:15020"clientAddress:"0.0.0.0:15020"adminAddress:"0.0.0.0:15020"startupRole:FOLLOWER, id:"s6"address:"0.0.0.0:15021"clientAddress:"0.0.0.0:15021"adminAddress:"0.0.0.0:15021"startupRole:FOLLOWER, id:"s7"address:"0.0.0.0:15022"clientAddress:"0.0.0.0:15022"adminAddress:"0.0.0.0:15022"startupRole:FOLLOWER, id:"s8"address:"0.0.0.0:15023"clientAddress:"0.0.0.0:15023"adminAddress:"0.0.0.0:15023"startupRole:FOLLOWER, id:"s9"address:"0.0.0.0:15024"clientAddress:"0.0.0.0:15024"adminAddress:"0.0.0.0:15024"startupRole:FOLLOWER, id:"s11"address:"0.0.0.0:15026"clientAddress:"0.0.0.0:15026"adminAddress:"0.0.0.0:15026"startupRole:FOLLOWER, id:"s10"address:"0.0.0.0:15025"clientAddress:"0.0.0.0:15025"adminAddress:"0.0.0.0:15025"startupRole:FOLLOWER, id:"s13"address:"0.0.0.0:15028"clientAddress:"0.0.0.0:15028"adminAddress:"0.0.0.0:15028"startupRole:FOLLOWER, id:"s12"address:"0.0.0.0:15027"clientAddress:"0.0.0.0:15027"adminAddress:"0.0.0.0:15027"startupRole:FOLLOWER, id:"s14"address:"0.0.0.0:15029"clientAddress:"0.0.0.0:15029"adminAddress:"0.0.0.0:15029"startupRole:FOLLOWER, id:"s0"address:"0.0.0.0:15015"clientAddress:"0.0.0.0:15015"adminAddress:"0.0.0.0:15015"startupRole:FOLLOWER, id:"s1"address:"0.0.0.0:15016"clientAddress:"0.0.0.0:15016"adminAddress:"0.0.0.0:15016"startupRole:FOLLOWER, id:"s2"address:"0.0.0.0:15017"clientAddress:"0.0.0.0:15017"adminAddress:"0.0.0.0:15017"startupRole:FOLLOWER, old:id:"s11"address:"0.0.0.0:15026"clientAddress:"0.0.0.0:15026"adminAddress:"0.0.0.0:15026"startupRole:FOLLOWER, id:"s10"address:"0.0.0.0:15025"clientAddress:"0.0.0.0:15025"adminAddress:"0.0.0.0:15025"startupRole:FOLLOWER, id:"s7"address:"0.0.0.0:15022"clientAddress:"0.0.0.0:15022"adminAddress:"0.0.0.0:15022"startupRole:FOLLOWER, id:"s13"address:"0.0.0.0:15028"clientAddress:"0.0.0.0:15028"adminAddress:"0.0.0.0:15028"startupRole:FOLLOWER, id:"s8"address:"0.0.0.0:15023"clientAddress:"0.0.0.0:15023"adminAddress:"0.0.0.0:15023"startupRole:FOLLOWER, id:"s12"address:"0.0.0.0:15027"clientAddress:"0.0.0.0:15027"adminAddress:"0.0.0.0:15027"startupRole:FOLLOWER, id:"s9"address:"0.0.0.0:15024"clientAddress:"0.0.0.0:15024"adminAddress:"0.0.0.0:15024"startupRole:FOLLOWER, id:"s0"address:"0.0.0.0:15015"clientAddress:"0.0.0.0:15015"adminAddress:"0.0.0.0:15015"startupRole:FOLLOWER, id:"s1"address:"0.0.0.0:15016"clientAddress:"0.0.0.0:15016"adminAddress:"0.0.0.0:15016"startupRole:FOLLOWER)
2024-10-09 04:30:05,807 DEBUG server.RaftServer$Division (RaftServerImpl.java:logAppendEntries(1545)) - s11@group-BDFE845AF3B0: appendEntries* s9->s11#7304-t1,previous=(t:1, i:128),leaderCommit=128,initializing? false,entries: size=1, first=(t:1, i:129), CONFIGURATIONENTRY(current:id:"s3"address:"0.0.0.0:15018"clientAddress:"0.0.0.0:15018"adminAddress:"0.0.0.0:15018"startupRole:FOLLOWER, id:"s4"address:"0.0.0.0:15019"clientAddress:"0.0.0.0:15019"adminAddress:"0.0.0.0:15019"startupRole:FOLLOWER, id:"s5"address:"0.0.0.0:15020"clientAddress:"0.0.0.0:15020"adminAddress:"0.0.0.0:15020"startupRole:FOLLOWER, id:"s6"address:"0.0.0.0:15021"clientAddress:"0.0.0.0:15021"adminAddress:"0.0.0.0:15021"startupRole:FOLLOWER, id:"s7"address:"0.0.0.0:15022"clientAddress:"0.0.0.0:15022"adminAddress:"0.0.0.0:15022"startupRole:FOLLOWER, id:"s8"address:"0.0.0.0:15023"clientAddress:"0.0.0.0:15023"adminAddress:"0.0.0.0:15023"startupRole:FOLLOWER, id:"s9"address:"0.0.0.0:15024"clientAddress:"0.0.0.0:15024"adminAddress:"0.0.0.0:15024"startupRole:FOLLOWER, id:"s11"address:"0.0.0.0:15026"clientAddress:"0.0.0.0:15026"adminAddress:"0.0.0.0:15026"startupRole:FOLLOWER, id:"s10"address:"0.0.0.0:15025"clientAddress:"0.0.0.0:15025"adminAddress:"0.0.0.0:15025"startupRole:FOLLOWER, id:"s13"address:"0.0.0.0:15028"clientAddress:"0.0.0.0:15028"adminAddress:"0.0.0.0:15028"startupRole:FOLLOWER, id:"s12"address:"0.0.0.0:15027"clientAddress:"0.0.0.0:15027"adminAddress:"0.0.0.0:15027"startupRole:FOLLOWER, id:"s14"address:"0.0.0.0:15029"clientAddress:"0.0.0.0:15029"adminAddress:"0.0.0.0:15029"startupRole:FOLLOWER, id:"s0"address:"0.0.0.0:15015"clientAddress:"0.0.0.0:15015"adminAddress:"0.0.0.0:15015"startupRole:FOLLOWER, id:"s1"address:"0.0.0.0:15016"clientAddress:"0.0.0.0:15016"adminAddress:"0.0.0.0:15016"startupRole:FOLLOWER, id:"s2"address:"0.0.0.0:15017"clientAddress:"0.0.0.0:15017"adminAddress:"0.0.0.0:15017"startupRole:FOLLOWER, old:id:"s11"address:"0.0.0.0:15026"clientAddress:"0.0.0.0:15026"adminAddress:"0.0.0.0:15026"startupRole:FOLLOWER, id:"s10"address:"0.0.0.0:15025"clientAddress:"0.0.0.0:15025"adminAddress:"0.0.0.0:15025"startupRole:FOLLOWER, id:"s7"address:"0.0.0.0:15022"clientAddress:"0.0.0.0:15022"adminAddress:"0.0.0.0:15022"startupRole:FOLLOWER, id:"s13"address:"0.0.0.0:15028"clientAddress:"0.0.0.0:15028"adminAddress:"0.0.0.0:15028"startupRole:FOLLOWER, id:"s8"address:"0.0.0.0:15023"clientAddress:"0.0.0.0:15023"adminAddress:"0.0.0.0:15023"startupRole:FOLLOWER, id:"s12"address:"0.0.0.0:15027"clientAddress:"0.0.0.0:15027"adminAddress:"0.0.0.0:15027"startupRole:FOLLOWER, id:"s9"address:"0.0.0.0:15024"clientAddress:"0.0.0.0:15024"adminAddress:"0.0.0.0:15024"startupRole:FOLLOWER, id:"s0"address:"0.0.0.0:15015"clientAddress:"0.0.0.0:15015"adminAddress:"0.0.0.0:15015"startupRole:FOLLOWER, id:"s1"address:"0.0.0.0:15016"clientAddress:"0.0.0.0:15016"adminAddress:"0.0.0.0:15016"startupRole:FOLLOWER)
2024-10-09 04:30:05,807 TRACE util.FileUtils (LogUtils.java:supplyAndLog(69)) - Successfully supplied FileChannel.open /home/runner/work/ratis/ratis/ratis-examples/target/test/data/6e6e5023/MiniRaftClusterWithNettya4857fb2/s2/c491dcd8-cfe1-48dd-9178-bdfe845af3b0/current/raft-meta.conf.tmp with options [CREATE, WRITE]: sun.nio.ch.FileChannelImpl@909f06f
2024-10-09 04:30:05,813 INFO  server.RaftServer$Division (ServerState.java:setRaftConf(386)) - s11@group-BDFE845AF3B0: set configuration conf: {index: 129, cur=peers:[s3|0.0.0.0:15018, s4|0.0.0.0:15019, s5|0.0.0.0:15020, s6|0.0.0.0:15021, s7|0.0.0.0:15022, s8|0.0.0.0:15023, s9|0.0.0.0:15024, s11|0.0.0.0:15026, s10|0.0.0.0:15025, s13|0.0.0.0:15028, s12|0.0.0.0:15027, s14|0.0.0.0:15029, s0|0.0.0.0:15015, s1|0.0.0.0:15016, s2|0.0.0.0:15017]|listeners:[], old=peers:[s11|0.0.0.0:15026, s10|0.0.0.0:15025, s7|0.0.0.0:15022, s13|0.0.0.0:15028, s8|0.0.0.0:15023, s12|0.0.0.0:15027, s9|0.0.0.0:15024, s0|0.0.0.0:15015, s1|0.0.0.0:15016]|listeners:[]}
2024-10-09 04:30:05,812 INFO  impl.RoleInfo (RoleInfo.java:updateAndGet(148)) - s2: start s2@group-BDFE845AF3B0-FollowerState
2024-10-09 04:30:05,812 INFO  impl.RoleInfo (RoleInfo.java:updateAndGet(148)) - s6: start s6@group-BDFE845AF3B0-FollowerState
2024-10-09 04:30:05,812 INFO  server.RaftServer$Division (ServerState.java:setRaftConf(386)) - s1@group-BDFE845AF3B0: set configuration conf: {index: 129, cur=peers:[s3|0.0.0.0:15018, s4|0.0.0.0:15019, s5|0.0.0.0:15020, s6|0.0.0.0:15021, s7|0.0.0.0:15022, s8|0.0.0.0:15023, s9|0.0.0.0:15024, s11|0.0.0.0:15026, s10|0.0.0.0:15025, s13|0.0.0.0:15028, s12|0.0.0.0:15027, s14|0.0.0.0:15029, s0|0.0.0.0:15015, s1|0.0.0.0:15016, s2|0.0.0.0:15017]|listeners:[], old=peers:[s11|0.0.0.0:15026, s10|0.0.0.0:15025, s7|0.0.0.0:15022, s13|0.0.0.0:15028, s8|0.0.0.0:15023, s12|0.0.0.0:15027, s9|0.0.0.0:15024, s0|0.0.0.0:15015, s1|0.0.0.0:15016]|listeners:[]}
2024-10-09 04:30:05,814 INFO  server.RaftServer$Division (ServerState.java:setRaftConf(386)) - s2@group-BDFE845AF3B0: set configuration conf: {index: 129, cur=peers:[s3|0.0.0.0:15018, s4|0.0.0.0:15019, s5|0.0.0.0:15020, s6|0.0.0.0:15021, s7|0.0.0.0:15022, s8|0.0.0.0:15023, s9|0.0.0.0:15024, s11|0.0.0.0:15026, s10|0.0.0.0:15025, s13|0.0.0.0:15028, s12|0.0.0.0:15027, s14|0.0.0.0:15029, s0|0.0.0.0:15015, s1|0.0.0.0:15016, s2|0.0.0.0:15017]|listeners:[], old=peers:[s11|0.0.0.0:15026, s10|0.0.0.0:15025, s7|0.0.0.0:15022, s13|0.0.0.0:15028, s8|0.0.0.0:15023, s12|0.0.0.0:15027, s9|0.0.0.0:15024, s0|0.0.0.0:15015, s1|0.0.0.0:15016]|listeners:[]}
2024-10-09 04:30:05,814 DEBUG server.RaftServer$Division (RaftServerImpl.java:logAppendEntries(1545)) - s7@group-BDFE845AF3B0: appendEntries* reply s9<-s7#7305:OK-t1,SUCCESS,nextIndex=130,followerCommit=128,matchIndex=129
2024-10-09 04:30:05,814 DEBUG server.RaftServer$Division (RaftServerImpl.java:logAppendEntries(1545)) - s8@group-BDFE845AF3B0: appendEntries* reply s9<-s8#7310:OK-t1,SUCCESS,nextIndex=130,followerCommit=128,matchIndex=129
2024-10-09 04:30:05,814 DEBUG server.RaftServer$Division (RaftServerImpl.java:logAppendEntries(1545)) - s1@group-BDFE845AF3B0: appendEntries* reply s9<-s1#7302:OK-t1,SUCCESS,nextIndex=130,followerCommit=128,matchIndex=129
2024-10-09 04:30:05,814 TRACE util.FileUtils (LogUtils.java:runAndLog(49)) - Successfully ran Atomic Files.move /home/runner/work/ratis/ratis/ratis-examples/target/test/data/6e6e5023/MiniRaftClusterWithNettya4857fb2/s6/c491dcd8-cfe1-48dd-9178-bdfe845af3b0/current/raft-meta.conf.tmp to /home/runner/work/ratis/ratis/ratis-examples/target/test/data/6e6e5023/MiniRaftClusterWithNettya4857fb2/s6/c491dcd8-cfe1-48dd-9178-bdfe845af3b0/current/raft-meta.conf with options [REPLACE_EXISTING]
2024-10-09 04:30:05,814 DEBUG server.RaftServer$Division (RaftServerImpl.java:logAppendEntries(1545)) - s11@group-BDFE845AF3B0: appendEntries* reply s9<-s11#7304:OK-t1,SUCCESS,nextIndex=130,followerCommit=128,matchIndex=129
2024-10-09 04:30:05,815 INFO  server.RaftServer$Division (ServerState.java:setRaftConf(386)) - s9@group-BDFE845AF3B0: set configuration conf: {index: 131, cur=peers:[s3|0.0.0.0:15018, s4|0.0.0.0:15019, s5|0.0.0.0:15020, s6|0.0.0.0:15021, s7|0.0.0.0:15022, s8|0.0.0.0:15023, s9|0.0.0.0:15024, s11|0.0.0.0:15026, s10|0.0.0.0:15025, s13|0.0.0.0:15028, s12|0.0.0.0:15027, s14|0.0.0.0:15029, s0|0.0.0.0:15015, s1|0.0.0.0:15016, s2|0.0.0.0:15017]|listeners:[], old=null}
2024-10-09 04:30:05,815 TRACE util.FileUtils (LogUtils.java:supplyAndLog(69)) - Successfully supplied FileChannel.open /home/runner/work/ratis/ratis/ratis-examples/target/test/data/6e6e5023/MiniRaftClusterWithNettya4857fb2/s9/c491dcd8-cfe1-48dd-9178-bdfe845af3b0/current/raft-meta.conf.tmp with options [CREATE, WRITE]: sun.nio.ch.FileChannelImpl@7b5c5553
2024-10-09 04:30:05,816 TRACE util.FileUtils (LogUtils.java:supplyAndLog(69)) - Successfully supplied FileChannel.open /home/runner/work/ratis/ratis/ratis-examples/target/test/data/6e6e5023/MiniRaftClusterWithNettya4857fb2/s6/c491dcd8-cfe1-48dd-9178-bdfe845af3b0/current/raft-meta.conf.tmp with options [CREATE, WRITE]: sun.nio.ch.FileChannelImpl@3401fc0e
2024-10-09 04:30:05,818 DEBUG server.RaftServer$Division (RaftServerImpl.java:logAppendEntries(1545)) - s10@group-BDFE845AF3B0: appendEntries* s9->s10#7311-t1,previous=(t:1, i:129),leaderCommit=129,initializing? false,entries: size=2, first=(t:1, i:130), METADATAENTRY(c:129)
2024-10-09 04:30:05,818 INFO  server.RaftServer$Division (ServerState.java:setRaftConf(386)) - s10@group-BDFE845AF3B0: set configuration conf: {index: 131, cur=peers:[s3|0.0.0.0:15018, s4|0.0.0.0:15019, s5|0.0.0.0:15020, s6|0.0.0.0:15021, s7|0.0.0.0:15022, s8|0.0.0.0:15023, s9|0.0.0.0:15024, s11|0.0.0.0:15026, s10|0.0.0.0:15025, s13|0.0.0.0:15028, s12|0.0.0.0:15027, s14|0.0.0.0:15029, s0|0.0.0.0:15015, s1|0.0.0.0:15016, s2|0.0.0.0:15017]|listeners:[], old=null}
2024-10-09 04:30:05,819 DEBUG server.RaftServer$Division (RaftServerImpl.java:logAppendEntries(1545)) - s12@group-BDFE845AF3B0: appendEntries* s9->s12#7312-t1,previous=(t:1, i:129),leaderCommit=129,initializing? false,entries: size=2, first=(t:1, i:130), METADATAENTRY(c:129)
2024-10-09 04:30:05,819 INFO  server.RaftServer$Division (ServerState.java:setRaftConf(386)) - s12@group-BDFE845AF3B0: set configuration conf: {index: 131, cur=peers:[s3|0.0.0.0:15018, s4|0.0.0.0:15019, s5|0.0.0.0:15020, s6|0.0.0.0:15021, s7|0.0.0.0:15022, s8|0.0.0.0:15023, s9|0.0.0.0:15024, s11|0.0.0.0:15026, s10|0.0.0.0:15025, s13|0.0.0.0:15028, s12|0.0.0.0:15027, s14|0.0.0.0:15029, s0|0.0.0.0:15015, s1|0.0.0.0:15016, s2|0.0.0.0:15017]|listeners:[], old=null}
2024-10-09 04:30:05,819 DEBUG server.RaftServer$Division (RaftServerImpl.java:logAppendEntries(1545)) - s1@group-BDFE845AF3B0: appendEntries* s9->s1#7316-t1,previous=(t:1, i:129),leaderCommit=129,initializing? false,entries: size=2, first=(t:1, i:130), METADATAENTRY(c:129)
2024-10-09 04:30:05,819 INFO  server.RaftServer$Division (ServerState.java:setRaftConf(386)) - s1@group-BDFE845AF3B0: set configuration conf: {index: 131, cur=peers:[s3|0.0.0.0:15018, s4|0.0.0.0:15019, s5|0.0.0.0:15020, s6|0.0.0.0:15021, s7|0.0.0.0:15022, s8|0.0.0.0:15023, s9|0.0.0.0:15024, s11|0.0.0.0:15026, s10|0.0.0.0:15025, s13|0.0.0.0:15028, s12|0.0.0.0:15027, s14|0.0.0.0:15029, s0|0.0.0.0:15015, s1|0.0.0.0:15016, s2|0.0.0.0:15017]|listeners:[], old=null}
2024-10-09 04:30:05,820 DEBUG server.RaftServer$Division (RaftServerImpl.java:logAppendEntries(1545)) - s11@group-BDFE845AF3B0: appendEntries* s9->s11#7317-t1,previous=(t:1, i:129),leaderCommit=129,initializing? false,entries: size=2, first=(t:1, i:130), METADATAENTRY(c:129)
2024-10-09 04:30:05,820 INFO  server.RaftServer$Division (ServerState.java:setRaftConf(386)) - s11@group-BDFE845AF3B0: set configuration conf: {index: 131, cur=peers:[s3|0.0.0.0:15018, s4|0.0.0.0:15019, s5|0.0.0.0:15020, s6|0.0.0.0:15021, s7|0.0.0.0:15022, s8|0.0.0.0:15023, s9|0.0.0.0:15024, s11|0.0.0.0:15026, s10|0.0.0.0:15025, s13|0.0.0.0:15028, s12|0.0.0.0:15027, s14|0.0.0.0:15029, s0|0.0.0.0:15015, s1|0.0.0.0:15016, s2|0.0.0.0:15017]|listeners:[], old=null}
2024-10-09 04:30:05,819 DEBUG server.RaftServer$Division (RaftServerImpl.java:logAppendEntries(1545)) - s8@group-BDFE845AF3B0: appendEntries* s9->s8#7313-t1,previous=(t:1, i:129),leaderCommit=129,initializing? false,entries: size=2, first=(t:1, i:130), METADATAENTRY(c:129)
2024-10-09 04:30:05,820 INFO  server.RaftServer$Division (ServerState.java:setRaftConf(386)) - s8@group-BDFE845AF3B0: set configuration conf: {index: 131, cur=peers:[s3|0.0.0.0:15018, s4|0.0.0.0:15019, s5|0.0.0.0:15020, s6|0.0.0.0:15021, s7|0.0.0.0:15022, s8|0.0.0.0:15023, s9|0.0.0.0:15024, s11|0.0.0.0:15026, s10|0.0.0.0:15025, s13|0.0.0.0:15028, s12|0.0.0.0:15027, s14|0.0.0.0:15029, s0|0.0.0.0:15015, s1|0.0.0.0:15016, s2|0.0.0.0:15017]|listeners:[], old=null}
2024-10-09 04:30:05,820 DEBUG server.RaftServer$Division (RaftServerImpl.java:logAppendEntries(1545)) - s11@group-BDFE845AF3B0: appendEntries* reply s9<-s11#7317:OK-t1,SUCCESS,nextIndex=132,followerCommit=129,matchIndex=131
2024-10-09 04:30:05,820 DEBUG server.RaftServer$Division (RaftServerImpl.java:logAppendEntries(1545)) - s0@group-BDFE845AF3B0: appendEntries* s9->s0#7318-t1,previous=(t:1, i:129),leaderCommit=129,initializing? false,entries: size=2, first=(t:1, i:130), METADATAENTRY(c:129)
2024-10-09 04:30:05,821 TRACE util.FileUtils (LogUtils.java:supplyAndLog(69)) - Successfully supplied FileChannel.open /home/runner/work/ratis/ratis/ratis-examples/target/test/data/6e6e5023/MiniRaftClusterWithNettya4857fb2/s12/c491dcd8-cfe1-48dd-9178-bdfe845af3b0/current/raft-meta.conf.tmp with options [CREATE, WRITE]: sun.nio.ch.FileChannelImpl@25c9bdc5
2024-10-09 04:30:05,821 INFO  server.RaftServer$Division (ServerState.java:setRaftConf(386)) - s0@group-BDFE845AF3B0: set configuration conf: {index: 131, cur=peers:[s3|0.0.0.0:15018, s4|0.0.0.0:15019, s5|0.0.0.0:15020, s6|0.0.0.0:15021, s7|0.0.0.0:15022, s8|0.0.0.0:15023, s9|0.0.0.0:15024, s11|0.0.0.0:15026, s10|0.0.0.0:15025, s13|0.0.0.0:15028, s12|0.0.0.0:15027, s14|0.0.0.0:15029, s0|0.0.0.0:15015, s1|0.0.0.0:15016, s2|0.0.0.0:15017]|listeners:[], old=null}
2024-10-09 04:30:05,821 DEBUG server.RaftServer$Division (RaftServerImpl.java:logAppendEntries(1545)) - s10@group-BDFE845AF3B0: appendEntries* reply s9<-s10#7311:OK-t1,SUCCESS,nextIndex=132,followerCommit=129,matchIndex=131
2024-10-09 04:30:05,821 DEBUG server.RaftServer$Division (RaftServerImpl.java:logAppendEntries(1545)) - s1@group-BDFE845AF3B0: appendEntries* reply s9<-s1#7316:OK-t1,SUCCESS,nextIndex=132,followerCommit=129,matchIndex=131
2024-10-09 04:30:05,821 TRACE util.FileUtils (LogUtils.java:supplyAndLog(69)) - Successfully supplied FileChannel.open /home/runner/work/ratis/ratis/ratis-examples/target/test/data/6e6e5023/MiniRaftClusterWithNettya4857fb2/s1/c491dcd8-cfe1-48dd-9178-bdfe845af3b0/current/raft-meta.conf.tmp with options [CREATE, WRITE]: sun.nio.ch.FileChannelImpl@2f81838e
2024-10-09 04:30:05,821 TRACE util.FileUtils (LogUtils.java:supplyAndLog(69)) - Successfully supplied FileChannel.open /home/runner/work/ratis/ratis/ratis-examples/target/test/data/6e6e5023/MiniRaftClusterWithNettya4857fb2/s10/c491dcd8-cfe1-48dd-9178-bdfe845af3b0/current/raft-meta.conf.tmp with options [CREATE, WRITE]: sun.nio.ch.FileChannelImpl@2c85d064
2024-10-09 04:30:05,824 INFO  segmented.SegmentedRaftLogWorker (SegmentedRaftLogWorker.java:execute(660)) - s3@group-BDFE845AF3B0-SegmentedRaftLogWorker: created new log segment /home/runner/work/ratis/ratis/ratis-examples/target/test/data/6e6e5023/MiniRaftClusterWithNettya4857fb2/s3/c491dcd8-cfe1-48dd-9178-bdfe845af3b0/current/log_inprogress_0
2024-10-09 04:30:05,825 DEBUG server.RaftServer$Division (RaftServerImpl.java:logAppendEntries(1545)) - s8@group-BDFE845AF3B0: appendEntries* reply s9<-s8#7313:OK-t1,SUCCESS,nextIndex=132,followerCommit=129,matchIndex=131
2024-10-09 04:30:05,825 TRACE util.FileUtils (LogUtils.java:supplyAndLog(69)) - Successfully supplied FileChannel.open /home/runner/work/ratis/ratis/ratis-examples/target/test/data/6e6e5023/MiniRaftClusterWithNettya4857fb2/s8/c491dcd8-cfe1-48dd-9178-bdfe845af3b0/current/raft-meta.conf.tmp with options [CREATE, WRITE]: sun.nio.ch.FileChannelImpl@41a8f12b
2024-10-09 04:30:05,826 DEBUG server.RaftServer$Division (RaftServerImpl.java:logAppendEntries(1545)) - s0@group-BDFE845AF3B0: appendEntries* reply s9<-s0#7318:OK-t1,SUCCESS,nextIndex=132,followerCommit=129,matchIndex=131
2024-10-09 04:30:05,819 DEBUG server.RaftServer$Division (RaftServerImpl.java:logAppendEntries(1545)) - s13@group-BDFE845AF3B0: appendEntries* s9->s13#7315-t1,previous=(t:1, i:129),leaderCommit=129,initializing? false,entries: size=2, first=(t:1, i:130), METADATAENTRY(c:129)
2024-10-09 04:30:05,826 INFO  server.RaftServer$Division (ServerState.java:setRaftConf(386)) - s13@group-BDFE845AF3B0: set configuration conf: {index: 131, cur=peers:[s3|0.0.0.0:15018, s4|0.0.0.0:15019, s5|0.0.0.0:15020, s6|0.0.0.0:15021, s7|0.0.0.0:15022, s8|0.0.0.0:15023, s9|0.0.0.0:15024, s11|0.0.0.0:15026, s10|0.0.0.0:15025, s13|0.0.0.0:15028, s12|0.0.0.0:15027, s14|0.0.0.0:15029, s0|0.0.0.0:15015, s1|0.0.0.0:15016, s2|0.0.0.0:15017]|listeners:[], old=null}
2024-10-09 04:30:05,819 DEBUG server.RaftServer$Division (RaftServerImpl.java:logAppendEntries(1545)) - s14@group-BDFE845AF3B0: appendEntries* reply s9<-s14#7299:OK-t1,SUCCESS,nextIndex=129,followerCommit=128,matchIndex=128
2024-10-09 04:30:05,826 TRACE util.FileUtils (LogUtils.java:runAndLog(49)) - Successfully ran Atomic Files.move /home/runner/work/ratis/ratis/ratis-examples/target/test/data/6e6e5023/MiniRaftClusterWithNettya4857fb2/s12/c491dcd8-cfe1-48dd-9178-bdfe845af3b0/current/raft-meta.conf.tmp to /home/runner/work/ratis/ratis/ratis-examples/target/test/data/6e6e5023/MiniRaftClusterWithNettya4857fb2/s12/c491dcd8-cfe1-48dd-9178-bdfe845af3b0/current/raft-meta.conf with options [REPLACE_EXISTING]
2024-10-09 04:30:05,819 DEBUG server.RaftServer$Division (RaftServerImpl.java:logAppendEntries(1545)) - s5@group-BDFE845AF3B0: appendEntries* reply s9<-s5#7298:OK-t1,SUCCESS,nextIndex=129,followerCommit=128,matchIndex=128
2024-10-09 04:30:05,827 TRACE util.FileUtils (LogUtils.java:supplyAndLog(69)) - Successfully supplied FileChannel.open /home/runner/work/ratis/ratis/ratis-examples/target/test/data/6e6e5023/MiniRaftClusterWithNettya4857fb2/s0/c491dcd8-cfe1-48dd-9178-bdfe845af3b0/current/raft-meta.conf.tmp with options [CREATE, WRITE]: sun.nio.ch.FileChannelImpl@5e554f1c
2024-10-09 04:30:05,819 DEBUG server.RaftServer$Division (RaftServerImpl.java:logAppendEntries(1545)) - s7@group-BDFE845AF3B0: appendEntries* s9->s7#7314-t1,previous=(t:1, i:129),leaderCommit=129,initializing? false,entries: size=2, first=(t:1, i:130), METADATAENTRY(c:129)
2024-10-09 04:30:05,830 INFO  server.RaftServer$Division (ServerState.java:setRaftConf(386)) - s7@group-BDFE845AF3B0: set configuration conf: {index: 131, cur=peers:[s3|0.0.0.0:15018, s4|0.0.0.0:15019, s5|0.0.0.0:15020, s6|0.0.0.0:15021, s7|0.0.0.0:15022, s8|0.0.0.0:15023, s9|0.0.0.0:15024, s11|0.0.0.0:15026, s10|0.0.0.0:15025, s13|0.0.0.0:15028, s12|0.0.0.0:15027, s14|0.0.0.0:15029, s0|0.0.0.0:15015, s1|0.0.0.0:15016, s2|0.0.0.0:15017]|listeners:[], old=null}
2024-10-09 04:30:05,819 INFO  server.RaftServer$Division (ServerState.java:setRaftConf(386)) - s6@group-BDFE845AF3B0: set configuration conf: {index: 129, cur=peers:[s3|0.0.0.0:15018, s4|0.0.0.0:15019, s5|0.0.0.0:15020, s6|0.0.0.0:15021, s7|0.0.0.0:15022, s8|0.0.0.0:15023, s9|0.0.0.0:15024, s11|0.0.0.0:15026, s10|0.0.0.0:15025, s13|0.0.0.0:15028, s12|0.0.0.0:15027, s14|0.0.0.0:15029, s0|0.0.0.0:15015, s1|0.0.0.0:15016, s2|0.0.0.0:15017]|listeners:[], old=peers:[s11|0.0.0.0:15026, s10|0.0.0.0:15025, s7|0.0.0.0:15022, s13|0.0.0.0:15028, s8|0.0.0.0:15023, s12|0.0.0.0:15027, s9|0.0.0.0:15024, s0|0.0.0.0:15015, s1|0.0.0.0:15016]|listeners:[]}
2024-10-09 04:30:05,826 TRACE util.FileUtils (LogUtils.java:supplyAndLog(69)) - Successfully supplied FileChannel.open /home/runner/work/ratis/ratis/ratis-examples/target/test/data/6e6e5023/MiniRaftClusterWithNettya4857fb2/s3/c491dcd8-cfe1-48dd-9178-bdfe845af3b0/current/raft-meta.conf.tmp with options [CREATE, WRITE]: sun.nio.ch.FileChannelImpl@53a50a79
2024-10-09 04:30:05,826 DEBUG server.RaftServer$Division (RaftServerImpl.java:logAppendEntries(1545)) - s3@group-BDFE845AF3B0: appendEntries* reply s9<-s3#7295:OK-t1,SUCCESS,nextIndex=129,followerCommit=128,matchIndex=128
2024-10-09 04:30:05,821 TRACE util.FileUtils (LogUtils.java:supplyAndLog(69)) - Successfully supplied FileChannel.open /home/runner/work/ratis/ratis/ratis-examples/target/test/data/6e6e5023/MiniRaftClusterWithNettya4857fb2/s11/c491dcd8-cfe1-48dd-9178-bdfe845af3b0/current/raft-meta.conf.tmp with options [CREATE, WRITE]: sun.nio.ch.FileChannelImpl@15af8ab0
2024-10-09 04:30:05,831 DEBUG server.RaftServer$Division (RaftServerImpl.java:logAppendEntries(1545)) - s14@group-BDFE845AF3B0: appendEntries* s9->s14#7319-t1,previous=(t:1, i:128),leaderCommit=129,initializing? false,entries: size=3, first=(t:1, i:129), CONFIGURATIONENTRY(current:id:"s3"address:"0.0.0.0:15018"clientAddress:"0.0.0.0:15018"adminAddress:"0.0.0.0:15018"startupRole:FOLLOWER, id:"s4"address:"0.0.0.0:15019"clientAddress:"0.0.0.0:15019"adminAddress:"0.0.0.0:15019"startupRole:FOLLOWER, id:"s5"address:"0.0.0.0:15020"clientAddress:"0.0.0.0:15020"adminAddress:"0.0.0.0:15020"startupRole:FOLLOWER, id:"s6"address:"0.0.0.0:15021"clientAddress:"0.0.0.0:15021"adminAddress:"0.0.0.0:15021"startupRole:FOLLOWER, id:"s7"address:"0.0.0.0:15022"clientAddress:"0.0.0.0:15022"adminAddress:"0.0.0.0:15022"startupRole:FOLLOWER, id:"s8"address:"0.0.0.0:15023"clientAddress:"0.0.0.0:15023"adminAddress:"0.0.0.0:15023"startupRole:FOLLOWER, id:"s9"address:"0.0.0.0:15024"clientAddress:"0.0.0.0:15024"adminAddress:"0.0.0.0:15024"startupRole:FOLLOWER, id:"s11"address:"0.0.0.0:15026"clientAddress:"0.0.0.0:15026"adminAddress:"0.0.0.0:15026"startupRole:FOLLOWER, id:"s10"address:"0.0.0.0:15025"clientAddress:"0.0.0.0:15025"adminAddress:"0.0.0.0:15025"startupRole:FOLLOWER, id:"s13"address:"0.0.0.0:15028"clientAddress:"0.0.0.0:15028"adminAddress:"0.0.0.0:15028"startupRole:FOLLOWER, id:"s12"address:"0.0.0.0:15027"clientAddress:"0.0.0.0:15027"adminAddress:"0.0.0.0:15027"startupRole:FOLLOWER, id:"s14"address:"0.0.0.0:15029"clientAddress:"0.0.0.0:15029"adminAddress:"0.0.0.0:15029"startupRole:FOLLOWER, id:"s0"address:"0.0.0.0:15015"clientAddress:"0.0.0.0:15015"adminAddress:"0.0.0.0:15015"startupRole:FOLLOWER, id:"s1"address:"0.0.0.0:15016"clientAddress:"0.0.0.0:15016"adminAddress:"0.0.0.0:15016"startupRole:FOLLOWER, id:"s2"address:"0.0.0.0:15017"clientAddress:"0.0.0.0:15017"adminAddress:"0.0.0.0:15017"startupRole:FOLLOWER, old:id:"s11"address:"0.0.0.0:15026"clientAddress:"0.0.0.0:15026"adminAddress:"0.0.0.0:15026"startupRole:FOLLOWER, id:"s10"address:"0.0.0.0:15025"clientAddress:"0.0.0.0:15025"adminAddress:"0.0.0.0:15025"startupRole:FOLLOWER, id:"s7"address:"0.0.0.0:15022"clientAddress:"0.0.0.0:15022"adminAddress:"0.0.0.0:15022"startupRole:FOLLOWER, id:"s13"address:"0.0.0.0:15028"clientAddress:"0.0.0.0:15028"adminAddress:"0.0.0.0:15028"startupRole:FOLLOWER, id:"s8"address:"0.0.0.0:15023"clientAddress:"0.0.0.0:15023"adminAddress:"0.0.0.0:15023"startupRole:FOLLOWER, id:"s12"address:"0.0.0.0:15027"clientAddress:"0.0.0.0:15027"adminAddress:"0.0.0.0:15027"startupRole:FOLLOWER, id:"s9"address:"0.0.0.0:15024"clientAddress:"0.0.0.0:15024"adminAddress:"0.0.0.0:15024"startupRole:FOLLOWER, id:"s0"address:"0.0.0.0:15015"clientAddress:"0.0.0.0:15015"adminAddress:"0.0.0.0:15015"startupRole:FOLLOWER, id:"s1"address:"0.0.0.0:15016"clientAddress:"0.0.0.0:15016"adminAddress:"0.0.0.0:15016"startupRole:FOLLOWER)
2024-10-09 04:30:05,820 DEBUG server.RaftServer$Division (RaftServerImpl.java:logAppendEntries(1545)) - s12@group-BDFE845AF3B0: appendEntries* reply s9<-s12#7312:OK-t1,SUCCESS,nextIndex=132,followerCommit=129,matchIndex=131
2024-10-09 04:30:05,820 TRACE util.FileUtils (LogUtils.java:runAndLog(49)) - Successfully ran Atomic Files.move /home/runner/work/ratis/ratis/ratis-examples/target/test/data/6e6e5023/MiniRaftClusterWithNettya4857fb2/s2/c491dcd8-cfe1-48dd-9178-bdfe845af3b0/current/raft-meta.conf.tmp to /home/runner/work/ratis/ratis/ratis-examples/target/test/data/6e6e5023/MiniRaftClusterWithNettya4857fb2/s2/c491dcd8-cfe1-48dd-9178-bdfe845af3b0/current/raft-meta.conf with options [REPLACE_EXISTING]
2024-10-09 04:30:05,832 DEBUG server.RaftServer$Division (RaftServerImpl.java:logAppendEntries(1545)) - s6@group-BDFE845AF3B0: appendEntries* reply s9<-s6#7307:OK-t1,SUCCESS,nextIndex=130,followerCommit=128,matchIndex=129
2024-10-09 04:30:05,832 DEBUG server.RaftServer$Division (RaftServerImpl.java:logAppendEntries(1545)) - s5@group-BDFE845AF3B0: appendEntries* s9->s5#7321-t1,previous=(t:1, i:128),leaderCommit=129,initializing? false,entries: size=3, first=(t:1, i:129), CONFIGURATIONENTRY(current:id:"s3"address:"0.0.0.0:15018"clientAddress:"0.0.0.0:15018"adminAddress:"0.0.0.0:15018"startupRole:FOLLOWER, id:"s4"address:"0.0.0.0:15019"clientAddress:"0.0.0.0:15019"adminAddress:"0.0.0.0:15019"startupRole:FOLLOWER, id:"s5"address:"0.0.0.0:15020"clientAddress:"0.0.0.0:15020"adminAddress:"0.0.0.0:15020"startupRole:FOLLOWER, id:"s6"address:"0.0.0.0:15021"clientAddress:"0.0.0.0:15021"adminAddress:"0.0.0.0:15021"startupRole:FOLLOWER, id:"s7"address:"0.0.0.0:15022"clientAddress:"0.0.0.0:15022"adminAddress:"0.0.0.0:15022"startupRole:FOLLOWER, id:"s8"address:"0.0.0.0:15023"clientAddress:"0.0.0.0:15023"adminAddress:"0.0.0.0:15023"startupRole:FOLLOWER, id:"s9"address:"0.0.0.0:15024"clientAddress:"0.0.0.0:15024"adminAddress:"0.0.0.0:15024"startupRole:FOLLOWER, id:"s11"address:"0.0.0.0:15026"clientAddress:"0.0.0.0:15026"adminAddress:"0.0.0.0:15026"startupRole:FOLLOWER, id:"s10"address:"0.0.0.0:15025"clientAddress:"0.0.0.0:15025"adminAddress:"0.0.0.0:15025"startupRole:FOLLOWER, id:"s13"address:"0.0.0.0:15028"clientAddress:"0.0.0.0:15028"adminAddress:"0.0.0.0:15028"startupRole:FOLLOWER, id:"s12"address:"0.0.0.0:15027"clientAddress:"0.0.0.0:15027"adminAddress:"0.0.0.0:15027"startupRole:FOLLOWER, id:"s14"address:"0.0.0.0:15029"clientAddress:"0.0.0.0:15029"adminAddress:"0.0.0.0:15029"startupRole:FOLLOWER, id:"s0"address:"0.0.0.0:15015"clientAddress:"0.0.0.0:15015"adminAddress:"0.0.0.0:15015"startupRole:FOLLOWER, id:"s1"address:"0.0.0.0:15016"clientAddress:"0.0.0.0:15016"adminAddress:"0.0.0.0:15016"startupRole:FOLLOWER, id:"s2"address:"0.0.0.0:15017"clientAddress:"0.0.0.0:15017"adminAddress:"0.0.0.0:15017"startupRole:FOLLOWER, old:id:"s11"address:"0.0.0.0:15026"clientAddress:"0.0.0.0:15026"adminAddress:"0.0.0.0:15026"startupRole:FOLLOWER, id:"s10"address:"0.0.0.0:15025"clientAddress:"0.0.0.0:15025"adminAddress:"0.0.0.0:15025"startupRole:FOLLOWER, id:"s7"address:"0.0.0.0:15022"clientAddress:"0.0.0.0:15022"adminAddress:"0.0.0.0:15022"startupRole:FOLLOWER, id:"s13"address:"0.0.0.0:15028"clientAddress:"0.0.0.0:15028"adminAddress:"0.0.0.0:15028"startupRole:FOLLOWER, id:"s8"address:"0.0.0.0:15023"clientAddress:"0.0.0.0:15023"adminAddress:"0.0.0.0:15023"startupRole:FOLLOWER, id:"s12"address:"0.0.0.0:15027"clientAddress:"0.0.0.0:15027"adminAddress:"0.0.0.0:15027"startupRole:FOLLOWER, id:"s9"address:"0.0.0.0:15024"clientAddress:"0.0.0.0:15024"adminAddress:"0.0.0.0:15024"startupRole:FOLLOWER, id:"s0"address:"0.0.0.0:15015"clientAddress:"0.0.0.0:15015"adminAddress:"0.0.0.0:15015"startupRole:FOLLOWER, id:"s1"address:"0.0.0.0:15016"clientAddress:"0.0.0.0:15016"adminAddress:"0.0.0.0:15016"startupRole:FOLLOWER)
2024-10-09 04:30:05,832 INFO  impl.RoleInfo (RoleInfo.java:updateAndGet(148)) - s5: start s5@group-BDFE845AF3B0-FollowerState
2024-10-09 04:30:05,833 TRACE util.FileUtils (LogUtils.java:supplyAndLog(69)) - Successfully supplied FileChannel.open /home/runner/work/ratis/ratis/ratis-examples/target/test/data/6e6e5023/MiniRaftClusterWithNettya4857fb2/s2/c491dcd8-cfe1-48dd-9178-bdfe845af3b0/current/raft-meta.conf.tmp with options [CREATE, WRITE]: sun.nio.ch.FileChannelImpl@7ce1f3e
2024-10-09 04:30:05,834 DEBUG server.RaftServer$Division (RaftServerImpl.java:logAppendEntries(1545)) - s13@group-BDFE845AF3B0: appendEntries* reply s9<-s13#7315:OK-t1,SUCCESS,nextIndex=132,followerCommit=129,matchIndex=131
2024-10-09 04:30:05,820 DEBUG server.RaftServer$Division (RaftServerImpl.java:logAppendEntries(1545)) - s2@group-BDFE845AF3B0: appendEntries* reply s9<-s2#7309:OK-t1,SUCCESS,nextIndex=130,followerCommit=128,matchIndex=129
2024-10-09 04:30:05,820 TRACE util.FileUtils (LogUtils.java:supplyAndLog(69)) - Successfully supplied FileChannel.open /home/runner/work/ratis/ratis/ratis-examples/target/test/data/6e6e5023/MiniRaftClusterWithNettya4857fb2/s5/c491dcd8-cfe1-48dd-9178-bdfe845af3b0/current/raft-meta.conf.tmp with options [CREATE, WRITE]: sun.nio.ch.FileChannelImpl@1bd42b6a
2024-10-09 04:30:05,835 TRACE util.FileUtils (LogUtils.java:supplyAndLog(69)) - Successfully supplied FileChannel.open /home/runner/work/ratis/ratis/ratis-examples/target/test/data/6e6e5023/MiniRaftClusterWithNettya4857fb2/s13/c491dcd8-cfe1-48dd-9178-bdfe845af3b0/current/raft-meta.conf.tmp with options [CREATE, WRITE]: sun.nio.ch.FileChannelImpl@4fde6d5e
2024-10-09 04:30:05,835 DEBUG server.RaftServer$Division (RaftServerImpl.java:logAppendEntries(1545)) - s2@group-BDFE845AF3B0: appendEntries* s9->s2#7323-t1,previous=(t:1, i:129),leaderCommit=129,initializing? false,entries: size=2, first=(t:1, i:130), METADATAENTRY(c:129)
2024-10-09 04:30:05,835 INFO  server.RaftServer$Division (ServerState.java:setRaftConf(386)) - s2@group-BDFE845AF3B0: set configuration conf: {index: 131, cur=peers:[s3|0.0.0.0:15018, s4|0.0.0.0:15019, s5|0.0.0.0:15020, s6|0.0.0.0:15021, s7|0.0.0.0:15022, s8|0.0.0.0:15023, s9|0.0.0.0:15024, s11|0.0.0.0:15026, s10|0.0.0.0:15025, s13|0.0.0.0:15028, s12|0.0.0.0:15027, s14|0.0.0.0:15029, s0|0.0.0.0:15015, s1|0.0.0.0:15016, s2|0.0.0.0:15017]|listeners:[], old=null}
2024-10-09 04:30:05,820 TRACE util.FileUtils (LogUtils.java:supplyAndLog(69)) - Successfully supplied FileChannel.open /home/runner/work/ratis/ratis/ratis-examples/target/test/data/6e6e5023/MiniRaftClusterWithNettya4857fb2/s14/c491dcd8-cfe1-48dd-9178-bdfe845af3b0/current/raft-meta.conf.tmp with options [CREATE, WRITE]: sun.nio.ch.FileChannelImpl@2fc43a49
2024-10-09 04:30:05,832 TRACE util.FileUtils (LogUtils.java:supplyAndLog(69)) - Successfully supplied FileChannel.open /home/runner/work/ratis/ratis/ratis-examples/target/test/data/6e6e5023/MiniRaftClusterWithNettya4857fb2/s7/c491dcd8-cfe1-48dd-9178-bdfe845af3b0/current/raft-meta.conf.tmp with options [CREATE, WRITE]: sun.nio.ch.FileChannelImpl@2d880ba6
2024-10-09 04:30:05,831 DEBUG server.RaftServer$Division (RaftServerImpl.java:logAppendEntries(1545)) - s7@group-BDFE845AF3B0: appendEntries* reply s9<-s7#7314:OK-t1,SUCCESS,nextIndex=132,followerCommit=129,matchIndex=131
2024-10-09 04:30:05,836 DEBUG server.RaftServer$Division (RaftServerImpl.java:logAppendEntries(1545)) - s2@group-BDFE845AF3B0: appendEntries* reply s9<-s2#7323:OK-t1,SUCCESS,nextIndex=132,followerCommit=129,matchIndex=131
2024-10-09 04:30:05,836 DEBUG server.RaftServer$Division (RaftServerImpl.java:logAppendEntries(1545)) - s6@group-BDFE845AF3B0: appendEntries* s9->s6#7322-t1,previous=(t:1, i:129),leaderCommit=129,initializing? false,entries: size=2, first=(t:1, i:130), METADATAENTRY(c:129)
2024-10-09 04:30:05,836 INFO  server.RaftServer$Division (ServerState.java:setRaftConf(386)) - s6@group-BDFE845AF3B0: set configuration conf: {index: 131, cur=peers:[s3|0.0.0.0:15018, s4|0.0.0.0:15019, s5|0.0.0.0:15020, s6|0.0.0.0:15021, s7|0.0.0.0:15022, s8|0.0.0.0:15023, s9|0.0.0.0:15024, s11|0.0.0.0:15026, s10|0.0.0.0:15025, s13|0.0.0.0:15028, s12|0.0.0.0:15027, s14|0.0.0.0:15029, s0|0.0.0.0:15015, s1|0.0.0.0:15016, s2|0.0.0.0:15017]|listeners:[], old=null}
2024-10-09 04:30:05,837 DEBUG server.RaftServer$Division (RaftServerImpl.java:logAppendEntries(1545)) - s12@group-BDFE845AF3B0: appendEntries* s9->s12#7325-t1,previous=(t:1, i:131),leaderCommit=131,initializing? false,entries: size=1, first=(t:1, i:132), METADATAENTRY(c:131)
2024-10-09 04:30:05,837 TRACE util.FileUtils (LogUtils.java:runAndLog(49)) - Successfully ran Atomic Files.move /home/runner/work/ratis/ratis/ratis-examples/target/test/data/6e6e5023/MiniRaftClusterWithNettya4857fb2/s3/c491dcd8-cfe1-48dd-9178-bdfe845af3b0/current/raft-meta.conf.tmp to /home/runner/work/ratis/ratis/ratis-examples/target/test/data/6e6e5023/MiniRaftClusterWithNettya4857fb2/s3/c491dcd8-cfe1-48dd-9178-bdfe845af3b0/current/raft-meta.conf with options [REPLACE_EXISTING]
2024-10-09 04:30:05,837 DEBUG server.RaftServer$Division (RaftServerImpl.java:logAppendEntries(1545)) - s2@group-BDFE845AF3B0: appendEntries* s9->s2#7326-t1,previous=(t:1, i:131),leaderCommit=131,initializing? false,entries: size=1, first=(t:1, i:132), METADATAENTRY(c:131)
2024-10-09 04:30:05,838 DEBUG server.RaftServer$Division (RaftServerImpl.java:logAppendEntries(1545)) - s8@group-BDFE845AF3B0: appendEntries* s9->s8#7328-t1,previous=(t:1, i:131),leaderCommit=131,initializing? false,entries: size=1, first=(t:1, i:132), METADATAENTRY(c:131)
2024-10-09 04:30:05,838 DEBUG server.RaftServer$Division (RaftServerImpl.java:logAppendEntries(1545)) - s2@group-BDFE845AF3B0: appendEntries* reply s9<-s2#7326:OK-t1,SUCCESS,nextIndex=133,followerCommit=131,matchIndex=132
2024-10-09 04:30:05,838 DEBUG server.RaftServer$Division (RaftServerImpl.java:logAppendEntries(1545)) - s6@group-BDFE845AF3B0: appendEntries* reply s9<-s6#7322:OK-t1,SUCCESS,nextIndex=132,followerCommit=129,matchIndex=131
2024-10-09 04:30:05,839 DEBUG server.RaftServer$Division (RaftServerImpl.java:logAppendEntries(1545)) - s8@group-BDFE845AF3B0: appendEntries* reply s9<-s8#7328:OK-t1,SUCCESS,nextIndex=133,followerCommit=131,matchIndex=132
2024-10-09 04:30:05,839 TRACE util.FileUtils (LogUtils.java:runAndLog(49)) - Successfully ran Atomic Files.move /home/runner/work/ratis/ratis/ratis-examples/target/test/data/6e6e5023/MiniRaftClusterWithNettya4857fb2/s2/c491dcd8-cfe1-48dd-9178-bdfe845af3b0/current/raft-meta.conf.tmp to /home/runner/work/ratis/ratis/ratis-examples/target/test/data/6e6e5023/MiniRaftClusterWithNettya4857fb2/s2/c491dcd8-cfe1-48dd-9178-bdfe845af3b0/current/raft-meta.conf with options [REPLACE_EXISTING]
2024-10-09 04:30:05,839 TRACE util.FileUtils (LogUtils.java:supplyAndLog(69)) - Successfully supplied FileChannel.open /home/runner/work/ratis/ratis/ratis-examples/target/test/data/6e6e5023/MiniRaftClusterWithNettya4857fb2/s2/c491dcd8-cfe1-48dd-9178-bdfe845af3b0/current/raft-meta.conf.tmp with options [CREATE, WRITE]: sun.nio.ch.FileChannelImpl@3f19b1f
2024-10-09 04:30:05,839 DEBUG server.RaftServer$Division (RaftServerImpl.java:logAppendEntries(1545)) - s11@group-BDFE845AF3B0: appendEntries* s9->s11#7331-t1,previous=(t:1, i:131),leaderCommit=131,initializing? false,entries: size=1, first=(t:1, i:132), METADATAENTRY(c:131)
2024-10-09 04:30:05,839 DEBUG server.RaftServer$Division (RaftServerImpl.java:logAppendEntries(1545)) - s0@group-BDFE845AF3B0: appendEntries* s9->s0#7330-t1,previous=(t:1, i:131),leaderCommit=131,initializing? false,entries: size=1, first=(t:1, i:132), METADATAENTRY(c:131)
2024-10-09 04:30:05,840 DEBUG server.RaftServer$Division (RaftServerImpl.java:logAppendEntries(1545)) - s11@group-BDFE845AF3B0: appendEntries* reply s9<-s11#7331:OK-t1,SUCCESS,nextIndex=133,followerCommit=131,matchIndex=132
2024-10-09 04:30:05,840 DEBUG server.RaftServer$Division (RaftServerImpl.java:logAppendEntries(1545)) - s0@group-BDFE845AF3B0: appendEntries* reply s9<-s0#7330:OK-t1,SUCCESS,nextIndex=133,followerCommit=131,matchIndex=132
2024-10-09 04:30:05,840 DEBUG server.RaftServer$Division (RaftServerImpl.java:logAppendEntries(1545)) - s10@group-BDFE845AF3B0: appendEntries* s9->s10#7332-t1,previous=(t:1, i:131),leaderCommit=131,initializing? false,entries: size=1, first=(t:1, i:132), METADATAENTRY(c:131)
2024-10-09 04:30:05,840 DEBUG server.RaftServer$Division (RaftServerImpl.java:logAppendEntries(1545)) - s6@group-BDFE845AF3B0: appendEntries* s9->s6#7333-t1,previous=(t:1, i:131),leaderCommit=131,initializing? false,entries: size=1, first=(t:1, i:132), METADATAENTRY(c:131)
2024-10-09 04:30:05,841 DEBUG server.RaftServer$Division (RaftServerImpl.java:logAppendEntries(1545)) - s6@group-BDFE845AF3B0: appendEntries* reply s9<-s6#7333:OK-t1,SUCCESS,nextIndex=133,followerCommit=131,matchIndex=132
2024-10-09 04:30:05,841 TRACE util.FileUtils (LogUtils.java:runAndLog(49)) - Successfully ran Atomic Files.move /home/runner/work/ratis/ratis/ratis-examples/target/test/data/6e6e5023/MiniRaftClusterWithNettya4857fb2/s5/c491dcd8-cfe1-48dd-9178-bdfe845af3b0/current/raft-meta.conf.tmp to /home/runner/work/ratis/ratis/ratis-examples/target/test/data/6e6e5023/MiniRaftClusterWithNettya4857fb2/s5/c491dcd8-cfe1-48dd-9178-bdfe845af3b0/current/raft-meta.conf with options [REPLACE_EXISTING]
2024-10-09 04:30:05,842 TRACE util.FileUtils (LogUtils.java:supplyAndLog(69)) - Successfully supplied FileChannel.open /home/runner/work/ratis/ratis/ratis-examples/target/test/data/6e6e5023/MiniRaftClusterWithNettya4857fb2/s5/c491dcd8-cfe1-48dd-9178-bdfe845af3b0/current/raft-meta.conf.tmp with options [CREATE, WRITE]: sun.nio.ch.FileChannelImpl@1513c660
2024-10-09 04:30:05,843 DEBUG server.RaftServer$Division (RaftServerImpl.java:logAppendEntries(1545)) - s10@group-BDFE845AF3B0: appendEntries* reply s9<-s10#7332:OK-t1,SUCCESS,nextIndex=133,followerCommit=131,matchIndex=132
2024-10-09 04:30:05,843 DEBUG server.RaftServer$Division (RaftServerImpl.java:logAppendEntries(1545)) - s7@group-BDFE845AF3B0: appendEntries* s9->s7#7324-t1,previous=(t:1, i:131),leaderCommit=131,initializing? false,entries: size=1, first=(t:1, i:132), METADATAENTRY(c:131)
2024-10-09 04:30:05,843 DEBUG server.RaftServer$Division (RaftServerImpl.java:logAppendEntries(1545)) - s3@group-BDFE845AF3B0: appendEntries* s9->s3#7320-t1,previous=(t:1, i:128),leaderCommit=129,initializing? false,entries: size=3, first=(t:1, i:129), CONFIGURATIONENTRY(current:id:"s3"address:"0.0.0.0:15018"clientAddress:"0.0.0.0:15018"adminAddress:"0.0.0.0:15018"startupRole:FOLLOWER, id:"s4"address:"0.0.0.0:15019"clientAddress:"0.0.0.0:15019"adminAddress:"0.0.0.0:15019"startupRole:FOLLOWER, id:"s5"address:"0.0.0.0:15020"clientAddress:"0.0.0.0:15020"adminAddress:"0.0.0.0:15020"startupRole:FOLLOWER, id:"s6"address:"0.0.0.0:15021"clientAddress:"0.0.0.0:15021"adminAddress:"0.0.0.0:15021"startupRole:FOLLOWER, id:"s7"address:"0.0.0.0:15022"clientAddress:"0.0.0.0:15022"adminAddress:"0.0.0.0:15022"startupRole:FOLLOWER, id:"s8"address:"0.0.0.0:15023"clientAddress:"0.0.0.0:15023"adminAddress:"0.0.0.0:15023"startupRole:FOLLOWER, id:"s9"address:"0.0.0.0:15024"clientAddress:"0.0.0.0:15024"adminAddress:"0.0.0.0:15024"startupRole:FOLLOWER, id:"s11"address:"0.0.0.0:15026"clientAddress:"0.0.0.0:15026"adminAddress:"0.0.0.0:15026"startupRole:FOLLOWER, id:"s10"address:"0.0.0.0:15025"clientAddress:"0.0.0.0:15025"adminAddress:"0.0.0.0:15025"startupRole:FOLLOWER, id:"s13"address:"0.0.0.0:15028"clientAddress:"0.0.0.0:15028"adminAddress:"0.0.0.0:15028"startupRole:FOLLOWER, id:"s12"address:"0.0.0.0:15027"clientAddress:"0.0.0.0:15027"adminAddress:"0.0.0.0:15027"startupRole:FOLLOWER, id:"s14"address:"0.0.0.0:15029"clientAddress:"0.0.0.0:15029"adminAddress:"0.0.0.0:15029"startupRole:FOLLOWER, id:"s0"address:"0.0.0.0:15015"clientAddress:"0.0.0.0:15015"adminAddress:"0.0.0.0:15015"startupRole:FOLLOWER, id:"s1"address:"0.0.0.0:15016"clientAddress:"0.0.0.0:15016"adminAddress:"0.0.0.0:15016"startupRole:FOLLOWER, id:"s2"address:"0.0.0.0:15017"clientAddress:"0.0.0.0:15017"adminAddress:"0.0.0.0:15017"startupRole:FOLLOWER, old:id:"s11"address:"0.0.0.0:15026"clientAddress:"0.0.0.0:15026"adminAddress:"0.0.0.0:15026"startupRole:FOLLOWER, id:"s10"address:"0.0.0.0:15025"clientAddress:"0.0.0.0:15025"adminAddress:"0.0.0.0:15025"startupRole:FOLLOWER, id:"s7"address:"0.0.0.0:15022"clientAddress:"0.0.0.0:15022"adminAddress:"0.0.0.0:15022"startupRole:FOLLOWER, id:"s13"address:"0.0.0.0:15028"clientAddress:"0.0.0.0:15028"adminAddress:"0.0.0.0:15028"startupRole:FOLLOWER, id:"s8"address:"0.0.0.0:15023"clientAddress:"0.0.0.0:15023"adminAddress:"0.0.0.0:15023"startupRole:FOLLOWER, id:"s12"address:"0.0.0.0:15027"clientAddress:"0.0.0.0:15027"adminAddress:"0.0.0.0:15027"startupRole:FOLLOWER, id:"s9"address:"0.0.0.0:15024"clientAddress:"0.0.0.0:15024"adminAddress:"0.0.0.0:15024"startupRole:FOLLOWER, id:"s0"address:"0.0.0.0:15015"clientAddress:"0.0.0.0:15015"adminAddress:"0.0.0.0:15015"startupRole:FOLLOWER, id:"s1"address:"0.0.0.0:15016"clientAddress:"0.0.0.0:15016"adminAddress:"0.0.0.0:15016"startupRole:FOLLOWER)
2024-10-09 04:30:05,843 DEBUG server.RaftServer$Division (RaftServerImpl.java:logAppendEntries(1545)) - s12@group-BDFE845AF3B0: appendEntries* reply s9<-s12#7325:OK-t1,SUCCESS,nextIndex=133,followerCommit=131,matchIndex=132
2024-10-09 04:30:05,844 TRACE util.FileUtils (LogUtils.java:supplyAndLog(69)) - Successfully supplied FileChannel.open /home/runner/work/ratis/ratis/ratis-examples/target/test/data/6e6e5023/MiniRaftClusterWithNettya4857fb2/s12/c491dcd8-cfe1-48dd-9178-bdfe845af3b0/current/raft-meta.conf.tmp with options [CREATE, WRITE]: sun.nio.ch.FileChannelImpl@5a4d6f8f
2024-10-09 04:30:05,831 INFO  impl.RoleInfo (RoleInfo.java:updateAndGet(148)) - s14: start s14@group-BDFE845AF3B0-FollowerState
2024-10-09 04:30:05,844 TRACE util.FileUtils (LogUtils.java:runAndLog(49)) - Successfully ran Atomic Files.move /home/runner/work/ratis/ratis/ratis-examples/target/test/data/6e6e5023/MiniRaftClusterWithNettya4857fb2/s5/c491dcd8-cfe1-48dd-9178-bdfe845af3b0/current/raft-meta.conf.tmp to /home/runner/work/ratis/ratis/ratis-examples/target/test/data/6e6e5023/MiniRaftClusterWithNettya4857fb2/s5/c491dcd8-cfe1-48dd-9178-bdfe845af3b0/current/raft-meta.conf with options [REPLACE_EXISTING]
2024-10-09 04:30:05,844 TRACE util.FileUtils (LogUtils.java:supplyAndLog(69)) - Successfully supplied FileChannel.open /home/runner/work/ratis/ratis/ratis-examples/target/test/data/6e6e5023/MiniRaftClusterWithNettya4857fb2/s5/c491dcd8-cfe1-48dd-9178-bdfe845af3b0/current/raft-meta.conf.tmp with options [CREATE, WRITE]: sun.nio.ch.FileChannelImpl@112c401a
2024-10-09 04:30:05,844 INFO  impl.RoleInfo (RoleInfo.java:updateAndGet(148)) - s3: start s3@group-BDFE845AF3B0-FollowerState
2024-10-09 04:30:05,844 INFO  server.RaftServer$Division (ServerState.java:setRaftConf(386)) - s5@group-BDFE845AF3B0: set configuration conf: {index: 129, cur=peers:[s3|0.0.0.0:15018, s4|0.0.0.0:15019, s5|0.0.0.0:15020, s6|0.0.0.0:15021, s7|0.0.0.0:15022, s8|0.0.0.0:15023, s9|0.0.0.0:15024, s11|0.0.0.0:15026, s10|0.0.0.0:15025, s13|0.0.0.0:15028, s12|0.0.0.0:15027, s14|0.0.0.0:15029, s0|0.0.0.0:15015, s1|0.0.0.0:15016, s2|0.0.0.0:15017]|listeners:[], old=peers:[s11|0.0.0.0:15026, s10|0.0.0.0:15025, s7|0.0.0.0:15022, s13|0.0.0.0:15028, s8|0.0.0.0:15023, s12|0.0.0.0:15027, s9|0.0.0.0:15024, s0|0.0.0.0:15015, s1|0.0.0.0:15016]|listeners:[]}
2024-10-09 04:30:05,846 INFO  server.RaftServer$Division (ServerState.java:setRaftConf(386)) - s5@group-BDFE845AF3B0: set configuration conf: {index: 131, cur=peers:[s3|0.0.0.0:15018, s4|0.0.0.0:15019, s5|0.0.0.0:15020, s6|0.0.0.0:15021, s7|0.0.0.0:15022, s8|0.0.0.0:15023, s9|0.0.0.0:15024, s11|0.0.0.0:15026, s10|0.0.0.0:15025, s13|0.0.0.0:15028, s12|0.0.0.0:15027, s14|0.0.0.0:15029, s0|0.0.0.0:15015, s1|0.0.0.0:15016, s2|0.0.0.0:15017]|listeners:[], old=null}
2024-10-09 04:30:05,843 DEBUG server.RaftServer$Division (RaftServerImpl.java:logAppendEntries(1545)) - s7@group-BDFE845AF3B0: appendEntries* reply s9<-s7#7324:OK-t1,SUCCESS,nextIndex=133,followerCommit=131,matchIndex=132
2024-10-09 04:30:05,843 TRACE util.FileUtils (LogUtils.java:runAndLog(49)) - Successfully ran Atomic Files.move /home/runner/work/ratis/ratis/ratis-examples/target/test/data/6e6e5023/MiniRaftClusterWithNettya4857fb2/s6/c491dcd8-cfe1-48dd-9178-bdfe845af3b0/current/raft-meta.conf.tmp to /home/runner/work/ratis/ratis/ratis-examples/target/test/data/6e6e5023/MiniRaftClusterWithNettya4857fb2/s6/c491dcd8-cfe1-48dd-9178-bdfe845af3b0/current/raft-meta.conf with options [REPLACE_EXISTING]
2024-10-09 04:30:05,840 DEBUG server.RaftServer$Division (RaftServerImpl.java:logAppendEntries(1545)) - s13@group-BDFE845AF3B0: appendEntries* s9->s13#7327-t1,previous=(t:1, i:131),leaderCommit=131,initializing? false,entries: size=1, first=(t:1, i:132), METADATAENTRY(c:131)
2024-10-09 04:30:05,840 DEBUG server.RaftServer$Division (RaftServerImpl.java:logAppendEntries(1545)) - s1@group-BDFE845AF3B0: appendEntries* s9->s1#7329-t1,previous=(t:1, i:131),leaderCommit=131,initializing? false,entries: size=1, first=(t:1, i:132), METADATAENTRY(c:131)
2024-10-09 04:30:05,838 TRACE util.FileUtils (LogUtils.java:supplyAndLog(69)) - Successfully supplied FileChannel.open /home/runner/work/ratis/ratis/ratis-examples/target/test/data/6e6e5023/MiniRaftClusterWithNettya4857fb2/s3/c491dcd8-cfe1-48dd-9178-bdfe845af3b0/current/raft-meta.conf.tmp with options [CREATE, WRITE]: sun.nio.ch.FileChannelImpl@5d62fe7d
2024-10-09 04:30:05,837 TRACE util.FileUtils (LogUtils.java:runAndLog(49)) - Successfully ran Atomic Files.move /home/runner/work/ratis/ratis/ratis-examples/target/test/data/6e6e5023/MiniRaftClusterWithNettya4857fb2/s8/c491dcd8-cfe1-48dd-9178-bdfe845af3b0/current/raft-meta.conf.tmp to /home/runner/work/ratis/ratis/ratis-examples/target/test/data/6e6e5023/MiniRaftClusterWithNettya4857fb2/s8/c491dcd8-cfe1-48dd-9178-bdfe845af3b0/current/raft-meta.conf with options [REPLACE_EXISTING]
2024-10-09 04:30:05,836 INFO  segmented.SegmentedRaftLogWorker (SegmentedRaftLogWorker.java:execute(660)) - s4@group-BDFE845AF3B0-SegmentedRaftLogWorker: created new log segment /home/runner/work/ratis/ratis/ratis-examples/target/test/data/6e6e5023/MiniRaftClusterWithNettya4857fb2/s4/c491dcd8-cfe1-48dd-9178-bdfe845af3b0/current/log_inprogress_0
2024-10-09 04:30:05,848 TRACE util.FileUtils (LogUtils.java:supplyAndLog(69)) - Successfully supplied FileChannel.open /home/runner/work/ratis/ratis/ratis-examples/target/test/data/6e6e5023/MiniRaftClusterWithNettya4857fb2/s8/c491dcd8-cfe1-48dd-9178-bdfe845af3b0/current/raft-meta.conf.tmp with options [CREATE, WRITE]: sun.nio.ch.FileChannelImpl@736e51d6
2024-10-09 04:30:05,848 DEBUG server.RaftServer$Division (RaftServerImpl.java:logAppendEntries(1545)) - s13@group-BDFE845AF3B0: appendEntries* reply s9<-s13#7327:OK-t1,SUCCESS,nextIndex=133,followerCommit=131,matchIndex=132
2024-10-09 04:30:05,848 DEBUG server.RaftServer$Division (RaftServerImpl.java:logAppendEntries(1545)) - s1@group-BDFE845AF3B0: appendEntries* reply s9<-s1#7329:OK-t1,SUCCESS,nextIndex=133,followerCommit=131,matchIndex=132
2024-10-09 04:30:05,848 TRACE util.FileUtils (LogUtils.java:runAndLog(49)) - Successfully ran Atomic Files.move /home/runner/work/ratis/ratis/ratis-examples/target/test/data/6e6e5023/MiniRaftClusterWithNettya4857fb2/s0/c491dcd8-cfe1-48dd-9178-bdfe845af3b0/current/raft-meta.conf.tmp to /home/runner/work/ratis/ratis/ratis-examples/target/test/data/6e6e5023/MiniRaftClusterWithNettya4857fb2/s0/c491dcd8-cfe1-48dd-9178-bdfe845af3b0/current/raft-meta.conf with options [REPLACE_EXISTING]
2024-10-09 04:30:05,848 TRACE util.FileUtils (LogUtils.java:supplyAndLog(69)) - Successfully supplied FileChannel.open /home/runner/work/ratis/ratis/ratis-examples/target/test/data/6e6e5023/MiniRaftClusterWithNettya4857fb2/s0/c491dcd8-cfe1-48dd-9178-bdfe845af3b0/current/raft-meta.conf.tmp with options [CREATE, WRITE]: sun.nio.ch.FileChannelImpl@61fb01ef
2024-10-09 04:30:05,848 TRACE util.FileUtils (LogUtils.java:runAndLog(49)) - Successfully ran Atomic Files.move /home/runner/work/ratis/ratis/ratis-examples/target/test/data/6e6e5023/MiniRaftClusterWithNettya4857fb2/s1/c491dcd8-cfe1-48dd-9178-bdfe845af3b0/current/raft-meta.conf.tmp to /home/runner/work/ratis/ratis/ratis-examples/target/test/data/6e6e5023/MiniRaftClusterWithNettya4857fb2/s1/c491dcd8-cfe1-48dd-9178-bdfe845af3b0/current/raft-meta.conf with options [REPLACE_EXISTING]
2024-10-09 04:30:05,849 TRACE util.FileUtils (LogUtils.java:supplyAndLog(69)) - Successfully supplied FileChannel.open /home/runner/work/ratis/ratis/ratis-examples/target/test/data/6e6e5023/MiniRaftClusterWithNettya4857fb2/s1/c491dcd8-cfe1-48dd-9178-bdfe845af3b0/current/raft-meta.conf.tmp with options [CREATE, WRITE]: sun.nio.ch.FileChannelImpl@496368ec
2024-10-09 04:30:05,848 TRACE util.FileUtils (LogUtils.java:runAndLog(49)) - Successfully ran Atomic Files.move /home/runner/work/ratis/ratis/ratis-examples/target/test/data/6e6e5023/MiniRaftClusterWithNettya4857fb2/s5/c491dcd8-cfe1-48dd-9178-bdfe845af3b0/current/raft-meta.conf.tmp to /home/runner/work/ratis/ratis/ratis-examples/target/test/data/6e6e5023/MiniRaftClusterWithNettya4857fb2/s5/c491dcd8-cfe1-48dd-9178-bdfe845af3b0/current/raft-meta.conf with options [REPLACE_EXISTING]
2024-10-09 04:30:05,850 TRACE util.FileUtils (LogUtils.java:supplyAndLog(69)) - Successfully supplied FileChannel.open /home/runner/work/ratis/ratis/ratis-examples/target/test/data/6e6e5023/MiniRaftClusterWithNettya4857fb2/s5/c491dcd8-cfe1-48dd-9178-bdfe845af3b0/current/raft-meta.conf.tmp with options [CREATE, WRITE]: sun.nio.ch.FileChannelImpl@542ecc5b
2024-10-09 04:30:05,851 DEBUG server.RaftServer$Division (RaftServerImpl.java:logAppendEntries(1545)) - s5@group-BDFE845AF3B0: appendEntries* reply s9<-s5#7321:OK-t1,SUCCESS,nextIndex=132,followerCommit=129,matchIndex=131
2024-10-09 04:30:05,848 INFO  server.RaftServer$Division (ServerState.java:setRaftConf(386)) - s14@group-BDFE845AF3B0: set configuration conf: {index: 129, cur=peers:[s3|0.0.0.0:15018, s4|0.0.0.0:15019, s5|0.0.0.0:15020, s6|0.0.0.0:15021, s7|0.0.0.0:15022, s8|0.0.0.0:15023, s9|0.0.0.0:15024, s11|0.0.0.0:15026, s10|0.0.0.0:15025, s13|0.0.0.0:15028, s12|0.0.0.0:15027, s14|0.0.0.0:15029, s0|0.0.0.0:15015, s1|0.0.0.0:15016, s2|0.0.0.0:15017]|listeners:[], old=peers:[s11|0.0.0.0:15026, s10|0.0.0.0:15025, s7|0.0.0.0:15022, s13|0.0.0.0:15028, s8|0.0.0.0:15023, s12|0.0.0.0:15027, s9|0.0.0.0:15024, s0|0.0.0.0:15015, s1|0.0.0.0:15016]|listeners:[]}
2024-10-09 04:30:05,851 INFO  server.RaftServer$Division (ServerState.java:setRaftConf(386)) - s14@group-BDFE845AF3B0: set configuration conf: {index: 131, cur=peers:[s3|0.0.0.0:15018, s4|0.0.0.0:15019, s5|0.0.0.0:15020, s6|0.0.0.0:15021, s7|0.0.0.0:15022, s8|0.0.0.0:15023, s9|0.0.0.0:15024, s11|0.0.0.0:15026, s10|0.0.0.0:15025, s13|0.0.0.0:15028, s12|0.0.0.0:15027, s14|0.0.0.0:15029, s0|0.0.0.0:15015, s1|0.0.0.0:15016, s2|0.0.0.0:15017]|listeners:[], old=null}
2024-10-09 04:30:05,851 TRACE util.FileUtils (LogUtils.java:supplyAndLog(69)) - Successfully supplied FileChannel.open /home/runner/work/ratis/ratis/ratis-examples/target/test/data/6e6e5023/MiniRaftClusterWithNettya4857fb2/s6/c491dcd8-cfe1-48dd-9178-bdfe845af3b0/current/raft-meta.conf.tmp with options [CREATE, WRITE]: sun.nio.ch.FileChannelImpl@303e6e56
2024-10-09 04:30:05,848 TRACE util.FileUtils (LogUtils.java:runAndLog(49)) - Successfully ran Atomic Files.move /home/runner/work/ratis/ratis/ratis-examples/target/test/data/6e6e5023/MiniRaftClusterWithNettya4857fb2/s9/c491dcd8-cfe1-48dd-9178-bdfe845af3b0/current/raft-meta.conf.tmp to /home/runner/work/ratis/ratis/ratis-examples/target/test/data/6e6e5023/MiniRaftClusterWithNettya4857fb2/s9/c491dcd8-cfe1-48dd-9178-bdfe845af3b0/current/raft-meta.conf with options [REPLACE_EXISTING]
2024-10-09 04:30:05,852 TRACE util.FileUtils (LogUtils.java:supplyAndLog(69)) - Successfully supplied FileChannel.open /home/runner/work/ratis/ratis/ratis-examples/target/test/data/6e6e5023/MiniRaftClusterWithNettya4857fb2/s9/c491dcd8-cfe1-48dd-9178-bdfe845af3b0/current/raft-meta.conf.tmp with options [CREATE, WRITE]: sun.nio.ch.FileChannelImpl@1e15ed7
2024-10-09 04:30:05,853 DEBUG server.RaftServer$Division (RaftServerImpl.java:logAppendEntries(1545)) - s14@group-BDFE845AF3B0: appendEntries* reply s9<-s14#7319:OK-t1,SUCCESS,nextIndex=132,followerCommit=129,matchIndex=131
2024-10-09 04:30:05,853 DEBUG server.RaftServer$Division (RaftServerImpl.java:logAppendEntries(1545)) - s5@group-BDFE845AF3B0: appendEntries* s9->s5#7334-t1,previous=(t:1, i:131),leaderCommit=132,initializing? false,entries: size=1, first=(t:1, i:132), METADATAENTRY(c:131)
2024-10-09 04:30:05,854 DEBUG server.RaftServer$Division (RaftServerImpl.java:logAppendEntries(1545)) - s14@group-BDFE845AF3B0: appendEntries* s9->s14#7335-t1,previous=(t:1, i:131),leaderCommit=132,initializing? false,entries: size=1, first=(t:1, i:132), METADATAENTRY(c:131)
2024-10-09 04:30:05,854 TRACE util.FileUtils (LogUtils.java:runAndLog(49)) - Successfully ran Atomic Files.move /home/runner/work/ratis/ratis/ratis-examples/target/test/data/6e6e5023/MiniRaftClusterWithNettya4857fb2/s14/c491dcd8-cfe1-48dd-9178-bdfe845af3b0/current/raft-meta.conf.tmp to /home/runner/work/ratis/ratis/ratis-examples/target/test/data/6e6e5023/MiniRaftClusterWithNettya4857fb2/s14/c491dcd8-cfe1-48dd-9178-bdfe845af3b0/current/raft-meta.conf with options [REPLACE_EXISTING]
2024-10-09 04:30:05,855 TRACE util.FileUtils (LogUtils.java:runAndLog(49)) - Successfully ran Atomic Files.move /home/runner/work/ratis/ratis/ratis-examples/target/test/data/6e6e5023/MiniRaftClusterWithNettya4857fb2/s7/c491dcd8-cfe1-48dd-9178-bdfe845af3b0/current/raft-meta.conf.tmp to /home/runner/work/ratis/ratis/ratis-examples/target/test/data/6e6e5023/MiniRaftClusterWithNettya4857fb2/s7/c491dcd8-cfe1-48dd-9178-bdfe845af3b0/current/raft-meta.conf with options [REPLACE_EXISTING]
2024-10-09 04:30:05,855 DEBUG server.RaftServer$Division (RaftServerImpl.java:logAppendEntries(1545)) - s14@group-BDFE845AF3B0: appendEntries* reply s9<-s14#7335:OK-t1,SUCCESS,nextIndex=133,followerCommit=132,matchIndex=132
2024-10-09 04:30:05,855 TRACE util.FileUtils (LogUtils.java:runAndLog(49)) - Successfully ran Atomic Files.move /home/runner/work/ratis/ratis/ratis-examples/target/test/data/6e6e5023/MiniRaftClusterWithNettya4857fb2/s8/c491dcd8-cfe1-48dd-9178-bdfe845af3b0/current/raft-meta.conf.tmp to /home/runner/work/ratis/ratis/ratis-examples/target/test/data/6e6e5023/MiniRaftClusterWithNettya4857fb2/s8/c491dcd8-cfe1-48dd-9178-bdfe845af3b0/current/raft-meta.conf with options [REPLACE_EXISTING]
2024-10-09 04:30:05,855 TRACE util.FileUtils (LogUtils.java:runAndLog(49)) - Successfully ran Atomic Files.move /home/runner/work/ratis/ratis/ratis-examples/target/test/data/6e6e5023/MiniRaftClusterWithNettya4857fb2/s6/c491dcd8-cfe1-48dd-9178-bdfe845af3b0/current/raft-meta.conf.tmp to /home/runner/work/ratis/ratis/ratis-examples/target/test/data/6e6e5023/MiniRaftClusterWithNettya4857fb2/s6/c491dcd8-cfe1-48dd-9178-bdfe845af3b0/current/raft-meta.conf with options [REPLACE_EXISTING]
2024-10-09 04:30:05,856 TRACE util.FileUtils (LogUtils.java:runAndLog(49)) - Successfully ran Atomic Files.move /home/runner/work/ratis/ratis/ratis-examples/target/test/data/6e6e5023/MiniRaftClusterWithNettya4857fb2/s10/c491dcd8-cfe1-48dd-9178-bdfe845af3b0/current/raft-meta.conf.tmp to /home/runner/work/ratis/ratis/ratis-examples/target/test/data/6e6e5023/MiniRaftClusterWithNettya4857fb2/s10/c491dcd8-cfe1-48dd-9178-bdfe845af3b0/current/raft-meta.conf with options [REPLACE_EXISTING]
2024-10-09 04:30:05,856 DEBUG server.RaftServer$Division (RaftServerImpl.java:logAppendEntries(1545)) - s5@group-BDFE845AF3B0: appendEntries* reply s9<-s5#7334:OK-t1,SUCCESS,nextIndex=133,followerCommit=132,matchIndex=132
2024-10-09 04:30:05,857 TRACE util.FileUtils (LogUtils.java:runAndLog(49)) - Successfully ran Atomic Files.move /home/runner/work/ratis/ratis/ratis-examples/target/test/data/6e6e5023/MiniRaftClusterWithNettya4857fb2/s2/c491dcd8-cfe1-48dd-9178-bdfe845af3b0/current/raft-meta.conf.tmp to /home/runner/work/ratis/ratis/ratis-examples/target/test/data/6e6e5023/MiniRaftClusterWithNettya4857fb2/s2/c491dcd8-cfe1-48dd-9178-bdfe845af3b0/current/raft-meta.conf with options [REPLACE_EXISTING]
2024-10-09 04:30:05,855 TRACE util.FileUtils (LogUtils.java:supplyAndLog(69)) - Successfully supplied FileChannel.open /home/runner/work/ratis/ratis/ratis-examples/target/test/data/6e6e5023/MiniRaftClusterWithNettya4857fb2/s14/c491dcd8-cfe1-48dd-9178-bdfe845af3b0/current/raft-meta.conf.tmp with options [CREATE, WRITE]: sun.nio.ch.FileChannelImpl@2103d1c1
2024-10-09 04:30:05,856 TRACE util.FileUtils (LogUtils.java:supplyAndLog(69)) - Successfully supplied FileChannel.open /home/runner/work/ratis/ratis/ratis-examples/target/test/data/6e6e5023/MiniRaftClusterWithNettya4857fb2/s10/c491dcd8-cfe1-48dd-9178-bdfe845af3b0/current/raft-meta.conf.tmp with options [CREATE, WRITE]: sun.nio.ch.FileChannelImpl@736301ab
2024-10-09 04:30:05,856 TRACE util.FileUtils (LogUtils.java:supplyAndLog(69)) - Successfully supplied FileChannel.open /home/runner/work/ratis/ratis/ratis-examples/target/test/data/6e6e5023/MiniRaftClusterWithNettya4857fb2/s7/c491dcd8-cfe1-48dd-9178-bdfe845af3b0/current/raft-meta.conf.tmp with options [CREATE, WRITE]: sun.nio.ch.FileChannelImpl@157035f7
2024-10-09 04:30:05,856 TRACE util.FileUtils (LogUtils.java:supplyAndLog(69)) - Successfully supplied FileChannel.open /home/runner/work/ratis/ratis/ratis-examples/target/test/data/6e6e5023/MiniRaftClusterWithNettya4857fb2/s6/c491dcd8-cfe1-48dd-9178-bdfe845af3b0/current/raft-meta.conf.tmp with options [CREATE, WRITE]: sun.nio.ch.FileChannelImpl@753cf635
2024-10-09 04:30:05,857 TRACE util.FileUtils (LogUtils.java:supplyAndLog(69)) - Successfully supplied FileChannel.open /home/runner/work/ratis/ratis/ratis-examples/target/test/data/6e6e5023/MiniRaftClusterWithNettya4857fb2/s2/c491dcd8-cfe1-48dd-9178-bdfe845af3b0/current/raft-meta.conf.tmp with options [CREATE, WRITE]: sun.nio.ch.FileChannelImpl@46f31505
2024-10-09 04:30:05,855 TRACE util.FileUtils (LogUtils.java:runAndLog(49)) - Successfully ran Atomic Files.move /home/runner/work/ratis/ratis/ratis-examples/target/test/data/6e6e5023/MiniRaftClusterWithNettya4857fb2/s11/c491dcd8-cfe1-48dd-9178-bdfe845af3b0/current/raft-meta.conf.tmp to /home/runner/work/ratis/ratis/ratis-examples/target/test/data/6e6e5023/MiniRaftClusterWithNettya4857fb2/s11/c491dcd8-cfe1-48dd-9178-bdfe845af3b0/current/raft-meta.conf with options [REPLACE_EXISTING]
2024-10-09 04:30:05,858 TRACE util.FileUtils (LogUtils.java:runAndLog(49)) - Successfully ran Atomic Files.move /home/runner/work/ratis/ratis/ratis-examples/target/test/data/6e6e5023/MiniRaftClusterWithNettya4857fb2/s3/c491dcd8-cfe1-48dd-9178-bdfe845af3b0/current/raft-meta.conf.tmp to /home/runner/work/ratis/ratis/ratis-examples/target/test/data/6e6e5023/MiniRaftClusterWithNettya4857fb2/s3/c491dcd8-cfe1-48dd-9178-bdfe845af3b0/current/raft-meta.conf with options [REPLACE_EXISTING]
2024-10-09 04:30:05,858 TRACE util.FileUtils (LogUtils.java:supplyAndLog(69)) - Successfully supplied FileChannel.open /home/runner/work/ratis/ratis/ratis-examples/target/test/data/6e6e5023/MiniRaftClusterWithNettya4857fb2/s3/c491dcd8-cfe1-48dd-9178-bdfe845af3b0/current/raft-meta.conf.tmp with options [CREATE, WRITE]: sun.nio.ch.FileChannelImpl@595d6109
2024-10-09 04:30:05,859 TRACE util.FileUtils (LogUtils.java:supplyAndLog(69)) - Successfully supplied FileChannel.open /home/runner/work/ratis/ratis/ratis-examples/target/test/data/6e6e5023/MiniRaftClusterWithNettya4857fb2/s11/c491dcd8-cfe1-48dd-9178-bdfe845af3b0/current/raft-meta.conf.tmp with options [CREATE, WRITE]: sun.nio.ch.FileChannelImpl@68c4843f
2024-10-09 04:30:05,859 TRACE util.FileUtils (LogUtils.java:runAndLog(49)) - Successfully ran Atomic Files.move /home/runner/work/ratis/ratis/ratis-examples/target/test/data/6e6e5023/MiniRaftClusterWithNettya4857fb2/s5/c491dcd8-cfe1-48dd-9178-bdfe845af3b0/current/raft-meta.conf.tmp to /home/runner/work/ratis/ratis/ratis-examples/target/test/data/6e6e5023/MiniRaftClusterWithNettya4857fb2/s5/c491dcd8-cfe1-48dd-9178-bdfe845af3b0/current/raft-meta.conf with options [REPLACE_EXISTING]
2024-10-09 04:30:05,859 TRACE util.FileUtils (LogUtils.java:runAndLog(49)) - Successfully ran Atomic Files.move /home/runner/work/ratis/ratis/ratis-examples/target/test/data/6e6e5023/MiniRaftClusterWithNettya4857fb2/s13/c491dcd8-cfe1-48dd-9178-bdfe845af3b0/current/raft-meta.conf.tmp to /home/runner/work/ratis/ratis/ratis-examples/target/test/data/6e6e5023/MiniRaftClusterWithNettya4857fb2/s13/c491dcd8-cfe1-48dd-9178-bdfe845af3b0/current/raft-meta.conf with options [REPLACE_EXISTING]
2024-10-09 04:30:05,860 TRACE util.FileUtils (LogUtils.java:supplyAndLog(69)) - Successfully supplied FileChannel.open /home/runner/work/ratis/ratis/ratis-examples/target/test/data/6e6e5023/MiniRaftClusterWithNettya4857fb2/s13/c491dcd8-cfe1-48dd-9178-bdfe845af3b0/current/raft-meta.conf.tmp with options [CREATE, WRITE]: sun.nio.ch.FileChannelImpl@34b4926f
2024-10-09 04:30:05,862 TRACE util.FileUtils (LogUtils.java:supplyAndLog(69)) - Successfully supplied FileChannel.open /home/runner/work/ratis/ratis/ratis-examples/target/test/data/6e6e5023/MiniRaftClusterWithNettya4857fb2/s5/c491dcd8-cfe1-48dd-9178-bdfe845af3b0/current/raft-meta.conf.tmp with options [CREATE, WRITE]: sun.nio.ch.FileChannelImpl@6e9b32cf
2024-10-09 04:30:05,863 TRACE util.FileUtils (LogUtils.java:runAndLog(49)) - Successfully ran Atomic Files.move /home/runner/work/ratis/ratis/ratis-examples/target/test/data/6e6e5023/MiniRaftClusterWithNettya4857fb2/s12/c491dcd8-cfe1-48dd-9178-bdfe845af3b0/current/raft-meta.conf.tmp to /home/runner/work/ratis/ratis/ratis-examples/target/test/data/6e6e5023/MiniRaftClusterWithNettya4857fb2/s12/c491dcd8-cfe1-48dd-9178-bdfe845af3b0/current/raft-meta.conf with options [REPLACE_EXISTING]
2024-10-09 04:30:05,866 TRACE util.FileUtils (LogUtils.java:runAndLog(49)) - Successfully ran Atomic Files.move /home/runner/work/ratis/ratis/ratis-examples/target/test/data/6e6e5023/MiniRaftClusterWithNettya4857fb2/s10/c491dcd8-cfe1-48dd-9178-bdfe845af3b0/current/raft-meta.conf.tmp to /home/runner/work/ratis/ratis/ratis-examples/target/test/data/6e6e5023/MiniRaftClusterWithNettya4857fb2/s10/c491dcd8-cfe1-48dd-9178-bdfe845af3b0/current/raft-meta.conf with options [REPLACE_EXISTING]
2024-10-09 04:30:05,866 TRACE util.FileUtils (LogUtils.java:runAndLog(49)) - Successfully ran Atomic Files.move /home/runner/work/ratis/ratis/ratis-examples/target/test/data/6e6e5023/MiniRaftClusterWithNettya4857fb2/s1/c491dcd8-cfe1-48dd-9178-bdfe845af3b0/current/raft-meta.conf.tmp to /home/runner/work/ratis/ratis/ratis-examples/target/test/data/6e6e5023/MiniRaftClusterWithNettya4857fb2/s1/c491dcd8-cfe1-48dd-9178-bdfe845af3b0/current/raft-meta.conf with options [REPLACE_EXISTING]
2024-10-09 04:30:05,866 TRACE util.FileUtils (LogUtils.java:runAndLog(49)) - Successfully ran Atomic Files.move /home/runner/work/ratis/ratis/ratis-examples/target/test/data/6e6e5023/MiniRaftClusterWithNettya4857fb2/s7/c491dcd8-cfe1-48dd-9178-bdfe845af3b0/current/raft-meta.conf.tmp to /home/runner/work/ratis/ratis/ratis-examples/target/test/data/6e6e5023/MiniRaftClusterWithNettya4857fb2/s7/c491dcd8-cfe1-48dd-9178-bdfe845af3b0/current/raft-meta.conf with options [REPLACE_EXISTING]
2024-10-09 04:30:05,867 INFO  server.RaftServer$Division (ServerState.java:setRaftConf(386)) - s3@group-BDFE845AF3B0: set configuration conf: {index: 129, cur=peers:[s3|0.0.0.0:15018, s4|0.0.0.0:15019, s5|0.0.0.0:15020, s6|0.0.0.0:15021, s7|0.0.0.0:15022, s8|0.0.0.0:15023, s9|0.0.0.0:15024, s11|0.0.0.0:15026, s10|0.0.0.0:15025, s13|0.0.0.0:15028, s12|0.0.0.0:15027, s14|0.0.0.0:15029, s0|0.0.0.0:15015, s1|0.0.0.0:15016, s2|0.0.0.0:15017]|listeners:[], old=peers:[s11|0.0.0.0:15026, s10|0.0.0.0:15025, s7|0.0.0.0:15022, s13|0.0.0.0:15028, s8|0.0.0.0:15023, s12|0.0.0.0:15027, s9|0.0.0.0:15024, s0|0.0.0.0:15015, s1|0.0.0.0:15016]|listeners:[]}
2024-10-09 04:30:05,867 TRACE util.FileUtils (LogUtils.java:runAndLog(49)) - Successfully ran Atomic Files.move /home/runner/work/ratis/ratis/ratis-examples/target/test/data/6e6e5023/MiniRaftClusterWithNettya4857fb2/s5/c491dcd8-cfe1-48dd-9178-bdfe845af3b0/current/raft-meta.conf.tmp to /home/runner/work/ratis/ratis/ratis-examples/target/test/data/6e6e5023/MiniRaftClusterWithNettya4857fb2/s5/c491dcd8-cfe1-48dd-9178-bdfe845af3b0/current/raft-meta.conf with options [REPLACE_EXISTING]
2024-10-09 04:30:05,867 TRACE util.FileUtils (LogUtils.java:supplyAndLog(69)) - Successfully supplied FileChannel.open /home/runner/work/ratis/ratis/ratis-examples/target/test/data/6e6e5023/MiniRaftClusterWithNettya4857fb2/s5/c491dcd8-cfe1-48dd-9178-bdfe845af3b0/current/raft-meta.conf.tmp with options [CREATE, WRITE]: sun.nio.ch.FileChannelImpl@6530d9ba
2024-10-09 04:30:05,868 INFO  server.RaftServer$Division (ServerState.java:setRaftConf(386)) - s3@group-BDFE845AF3B0: set configuration conf: {index: 131, cur=peers:[s3|0.0.0.0:15018, s4|0.0.0.0:15019, s5|0.0.0.0:15020, s6|0.0.0.0:15021, s7|0.0.0.0:15022, s8|0.0.0.0:15023, s9|0.0.0.0:15024, s11|0.0.0.0:15026, s10|0.0.0.0:15025, s13|0.0.0.0:15028, s12|0.0.0.0:15027, s14|0.0.0.0:15029, s0|0.0.0.0:15015, s1|0.0.0.0:15016, s2|0.0.0.0:15017]|listeners:[], old=null}
2024-10-09 04:30:05,869 TRACE util.FileUtils (LogUtils.java:runAndLog(49)) - Successfully ran Atomic Files.move /home/runner/work/ratis/ratis/ratis-examples/target/test/data/6e6e5023/MiniRaftClusterWithNettya4857fb2/s0/c491dcd8-cfe1-48dd-9178-bdfe845af3b0/current/raft-meta.conf.tmp to /home/runner/work/ratis/ratis/ratis-examples/target/test/data/6e6e5023/MiniRaftClusterWithNettya4857fb2/s0/c491dcd8-cfe1-48dd-9178-bdfe845af3b0/current/raft-meta.conf with options [REPLACE_EXISTING]
2024-10-09 04:30:05,869 DEBUG server.RaftServer$Division (RaftServerImpl.java:logAppendEntries(1545)) - s3@group-BDFE845AF3B0: appendEntries* reply s9<-s3#7320:OK-t1,SUCCESS,nextIndex=132,followerCommit=129,matchIndex=131
2024-10-09 04:30:05,869 TRACE util.FileUtils (LogUtils.java:runAndLog(49)) - Successfully ran Atomic Files.move /home/runner/work/ratis/ratis/ratis-examples/target/test/data/6e6e5023/MiniRaftClusterWithNettya4857fb2/s9/c491dcd8-cfe1-48dd-9178-bdfe845af3b0/current/raft-meta.conf.tmp to /home/runner/work/ratis/ratis/ratis-examples/target/test/data/6e6e5023/MiniRaftClusterWithNettya4857fb2/s9/c491dcd8-cfe1-48dd-9178-bdfe845af3b0/current/raft-meta.conf with options [REPLACE_EXISTING]
2024-10-09 04:30:05,870 DEBUG server.RaftServer$Division (RaftServerImpl.java:logAppendEntries(1545)) - s3@group-BDFE845AF3B0: appendEntries* s9->s3#7336-t1,previous=(t:1, i:131),leaderCommit=132,initializing? false,entries: size=1, first=(t:1, i:132), METADATAENTRY(c:131)
2024-10-09 04:30:05,871 DEBUG server.RaftServer$Division (RaftServerImpl.java:logAppendEntries(1545)) - s3@group-BDFE845AF3B0: appendEntries* reply s9<-s3#7336:OK-t1,SUCCESS,nextIndex=133,followerCommit=132,matchIndex=132
2024-10-09 04:30:05,870 TRACE util.FileUtils (LogUtils.java:runAndLog(49)) - Successfully ran Atomic Files.move /home/runner/work/ratis/ratis/ratis-examples/target/test/data/6e6e5023/MiniRaftClusterWithNettya4857fb2/s3/c491dcd8-cfe1-48dd-9178-bdfe845af3b0/current/raft-meta.conf.tmp to /home/runner/work/ratis/ratis/ratis-examples/target/test/data/6e6e5023/MiniRaftClusterWithNettya4857fb2/s3/c491dcd8-cfe1-48dd-9178-bdfe845af3b0/current/raft-meta.conf with options [REPLACE_EXISTING]
2024-10-09 04:30:05,871 TRACE util.FileUtils (LogUtils.java:supplyAndLog(69)) - Successfully supplied FileChannel.open /home/runner/work/ratis/ratis/ratis-examples/target/test/data/6e6e5023/MiniRaftClusterWithNettya4857fb2/s3/c491dcd8-cfe1-48dd-9178-bdfe845af3b0/current/raft-meta.conf.tmp with options [CREATE, WRITE]: sun.nio.ch.FileChannelImpl@1c5ff446
2024-10-09 04:30:05,874 TRACE util.FileUtils (LogUtils.java:runAndLog(49)) - Successfully ran Atomic Files.move /home/runner/work/ratis/ratis/ratis-examples/target/test/data/6e6e5023/MiniRaftClusterWithNettya4857fb2/s14/c491dcd8-cfe1-48dd-9178-bdfe845af3b0/current/raft-meta.conf.tmp to /home/runner/work/ratis/ratis/ratis-examples/target/test/data/6e6e5023/MiniRaftClusterWithNettya4857fb2/s14/c491dcd8-cfe1-48dd-9178-bdfe845af3b0/current/raft-meta.conf with options [REPLACE_EXISTING]
2024-10-09 04:30:05,874 TRACE util.FileUtils (LogUtils.java:supplyAndLog(69)) - Successfully supplied FileChannel.open /home/runner/work/ratis/ratis/ratis-examples/target/test/data/6e6e5023/MiniRaftClusterWithNettya4857fb2/s14/c491dcd8-cfe1-48dd-9178-bdfe845af3b0/current/raft-meta.conf.tmp with options [CREATE, WRITE]: sun.nio.ch.FileChannelImpl@253c5139
2024-10-09 04:30:05,876 TRACE util.FileUtils (LogUtils.java:runAndLog(49)) - Successfully ran Atomic Files.move /home/runner/work/ratis/ratis/ratis-examples/target/test/data/6e6e5023/MiniRaftClusterWithNettya4857fb2/s13/c491dcd8-cfe1-48dd-9178-bdfe845af3b0/current/raft-meta.conf.tmp to /home/runner/work/ratis/ratis/ratis-examples/target/test/data/6e6e5023/MiniRaftClusterWithNettya4857fb2/s13/c491dcd8-cfe1-48dd-9178-bdfe845af3b0/current/raft-meta.conf with options [REPLACE_EXISTING]
2024-10-09 04:30:05,876 TRACE util.FileUtils (LogUtils.java:runAndLog(49)) - Successfully ran Atomic Files.move /home/runner/work/ratis/ratis/ratis-examples/target/test/data/6e6e5023/MiniRaftClusterWithNettya4857fb2/s11/c491dcd8-cfe1-48dd-9178-bdfe845af3b0/current/raft-meta.conf.tmp to /home/runner/work/ratis/ratis/ratis-examples/target/test/data/6e6e5023/MiniRaftClusterWithNettya4857fb2/s11/c491dcd8-cfe1-48dd-9178-bdfe845af3b0/current/raft-meta.conf with options [REPLACE_EXISTING]
2024-10-09 04:30:05,876 TRACE util.FileUtils (LogUtils.java:runAndLog(49)) - Successfully ran Atomic Files.move /home/runner/work/ratis/ratis/ratis-examples/target/test/data/6e6e5023/MiniRaftClusterWithNettya4857fb2/s2/c491dcd8-cfe1-48dd-9178-bdfe845af3b0/current/raft-meta.conf.tmp to /home/runner/work/ratis/ratis/ratis-examples/target/test/data/6e6e5023/MiniRaftClusterWithNettya4857fb2/s2/c491dcd8-cfe1-48dd-9178-bdfe845af3b0/current/raft-meta.conf with options [REPLACE_EXISTING]
2024-10-09 04:30:05,876 TRACE util.FileUtils (LogUtils.java:runAndLog(49)) - Successfully ran Atomic Files.move /home/runner/work/ratis/ratis/ratis-examples/target/test/data/6e6e5023/MiniRaftClusterWithNettya4857fb2/s6/c491dcd8-cfe1-48dd-9178-bdfe845af3b0/current/raft-meta.conf.tmp to /home/runner/work/ratis/ratis/ratis-examples/target/test/data/6e6e5023/MiniRaftClusterWithNettya4857fb2/s6/c491dcd8-cfe1-48dd-9178-bdfe845af3b0/current/raft-meta.conf with options [REPLACE_EXISTING]
2024-10-09 04:30:05,876 TRACE util.FileUtils (LogUtils.java:supplyAndLog(69)) - Successfully supplied FileChannel.open /home/runner/work/ratis/ratis/ratis-examples/target/test/data/6e6e5023/MiniRaftClusterWithNettya4857fb2/s6/c491dcd8-cfe1-48dd-9178-bdfe845af3b0/current/raft-meta.conf.tmp with options [CREATE, WRITE]: sun.nio.ch.FileChannelImpl@7fd93281
2024-10-09 04:30:05,876 TRACE util.FileUtils (LogUtils.java:supplyAndLog(69)) - Successfully supplied FileChannel.open /home/runner/work/ratis/ratis/ratis-examples/target/test/data/6e6e5023/MiniRaftClusterWithNettya4857fb2/s2/c491dcd8-cfe1-48dd-9178-bdfe845af3b0/current/raft-meta.conf.tmp with options [CREATE, WRITE]: sun.nio.ch.FileChannelImpl@bf1f3c
2024-10-09 04:30:05,876 TRACE util.FileUtils (LogUtils.java:runAndLog(49)) - Successfully ran Atomic Files.move /home/runner/work/ratis/ratis/ratis-examples/target/test/data/6e6e5023/MiniRaftClusterWithNettya4857fb2/s3/c491dcd8-cfe1-48dd-9178-bdfe845af3b0/current/raft-meta.conf.tmp to /home/runner/work/ratis/ratis/ratis-examples/target/test/data/6e6e5023/MiniRaftClusterWithNettya4857fb2/s3/c491dcd8-cfe1-48dd-9178-bdfe845af3b0/current/raft-meta.conf with options [REPLACE_EXISTING]
2024-10-09 04:30:05,880 TRACE util.FileUtils (LogUtils.java:supplyAndLog(69)) - Successfully supplied FileChannel.open /home/runner/work/ratis/ratis/ratis-examples/target/test/data/6e6e5023/MiniRaftClusterWithNettya4857fb2/s3/c491dcd8-cfe1-48dd-9178-bdfe845af3b0/current/raft-meta.conf.tmp with options [CREATE, WRITE]: sun.nio.ch.FileChannelImpl@67d2d376
2024-10-09 04:30:05,876 TRACE util.FileUtils (LogUtils.java:runAndLog(49)) - Successfully ran Atomic Files.move /home/runner/work/ratis/ratis/ratis-examples/target/test/data/6e6e5023/MiniRaftClusterWithNettya4857fb2/s14/c491dcd8-cfe1-48dd-9178-bdfe845af3b0/current/raft-meta.conf.tmp to /home/runner/work/ratis/ratis/ratis-examples/target/test/data/6e6e5023/MiniRaftClusterWithNettya4857fb2/s14/c491dcd8-cfe1-48dd-9178-bdfe845af3b0/current/raft-meta.conf with options [REPLACE_EXISTING]
2024-10-09 04:30:05,881 DEBUG server.RaftServer$Division (RaftServerImpl.java:logAppendEntries(1545)) - s4@group-BDFE845AF3B0: appendEntries* reply s9<-s4#7296:OK-t1,SUCCESS,nextIndex=129,followerCommit=128,matchIndex=128
2024-10-09 04:30:05,881 TRACE util.FileUtils (LogUtils.java:supplyAndLog(69)) - Successfully supplied FileChannel.open /home/runner/work/ratis/ratis/ratis-examples/target/test/data/6e6e5023/MiniRaftClusterWithNettya4857fb2/s4/c491dcd8-cfe1-48dd-9178-bdfe845af3b0/current/raft-meta.conf.tmp with options [CREATE, WRITE]: sun.nio.ch.FileChannelImpl@85110bd
2024-10-09 04:30:05,882 DEBUG server.RaftServer$Division (RaftServerImpl.java:logAppendEntries(1545)) - s4@group-BDFE845AF3B0: appendEntries* s9->s4#7337-t1,previous=(t:1, i:128),leaderCommit=132,initializing? false,entries: size=4, first=(t:1, i:129), CONFIGURATIONENTRY(current:id:"s3"address:"0.0.0.0:15018"clientAddress:"0.0.0.0:15018"adminAddress:"0.0.0.0:15018"startupRole:FOLLOWER, id:"s4"address:"0.0.0.0:15019"clientAddress:"0.0.0.0:15019"adminAddress:"0.0.0.0:15019"startupRole:FOLLOWER, id:"s5"address:"0.0.0.0:15020"clientAddress:"0.0.0.0:15020"adminAddress:"0.0.0.0:15020"startupRole:FOLLOWER, id:"s6"address:"0.0.0.0:15021"clientAddress:"0.0.0.0:15021"adminAddress:"0.0.0.0:15021"startupRole:FOLLOWER, id:"s7"address:"0.0.0.0:15022"clientAddress:"0.0.0.0:15022"adminAddress:"0.0.0.0:15022"startupRole:FOLLOWER, id:"s8"address:"0.0.0.0:15023"clientAddress:"0.0.0.0:15023"adminAddress:"0.0.0.0:15023"startupRole:FOLLOWER, id:"s9"address:"0.0.0.0:15024"clientAddress:"0.0.0.0:15024"adminAddress:"0.0.0.0:15024"startupRole:FOLLOWER, id:"s11"address:"0.0.0.0:15026"clientAddress:"0.0.0.0:15026"adminAddress:"0.0.0.0:15026"startupRole:FOLLOWER, id:"s10"address:"0.0.0.0:15025"clientAddress:"0.0.0.0:15025"adminAddress:"0.0.0.0:15025"startupRole:FOLLOWER, id:"s13"address:"0.0.0.0:15028"clientAddress:"0.0.0.0:15028"adminAddress:"0.0.0.0:15028"startupRole:FOLLOWER, id:"s12"address:"0.0.0.0:15027"clientAddress:"0.0.0.0:15027"adminAddress:"0.0.0.0:15027"startupRole:FOLLOWER, id:"s14"address:"0.0.0.0:15029"clientAddress:"0.0.0.0:15029"adminAddress:"0.0.0.0:15029"startupRole:FOLLOWER, id:"s0"address:"0.0.0.0:15015"clientAddress:"0.0.0.0:15015"adminAddress:"0.0.0.0:15015"startupRole:FOLLOWER, id:"s1"address:"0.0.0.0:15016"clientAddress:"0.0.0.0:15016"adminAddress:"0.0.0.0:15016"startupRole:FOLLOWER, id:"s2"address:"0.0.0.0:15017"clientAddress:"0.0.0.0:15017"adminAddress:"0.0.0.0:15017"startupRole:FOLLOWER, old:id:"s11"address:"0.0.0.0:15026"clientAddress:"0.0.0.0:15026"adminAddress:"0.0.0.0:15026"startupRole:FOLLOWER, id:"s10"address:"0.0.0.0:15025"clientAddress:"0.0.0.0:15025"adminAddress:"0.0.0.0:15025"startupRole:FOLLOWER, id:"s7"address:"0.0.0.0:15022"clientAddress:"0.0.0.0:15022"adminAddress:"0.0.0.0:15022"startupRole:FOLLOWER, id:"s13"address:"0.0.0.0:15028"clientAddress:"0.0.0.0:15028"adminAddress:"0.0.0.0:15028"startupRole:FOLLOWER, id:"s8"address:"0.0.0.0:15023"clientAddress:"0.0.0.0:15023"adminAddress:"0.0.0.0:15023"startupRole:FOLLOWER, id:"s12"address:"0.0.0.0:15027"clientAddress:"0.0.0.0:15027"adminAddress:"0.0.0.0:15027"startupRole:FOLLOWER, id:"s9"address:"0.0.0.0:15024"clientAddress:"0.0.0.0:15024"adminAddress:"0.0.0.0:15024"startupRole:FOLLOWER, id:"s0"address:"0.0.0.0:15015"clientAddress:"0.0.0.0:15015"adminAddress:"0.0.0.0:15015"startupRole:FOLLOWER, id:"s1"address:"0.0.0.0:15016"clientAddress:"0.0.0.0:15016"adminAddress:"0.0.0.0:15016"startupRole:FOLLOWER)
2024-10-09 04:30:05,882 TRACE util.FileUtils (LogUtils.java:supplyAndLog(69)) - Successfully supplied FileChannel.open /home/runner/work/ratis/ratis/ratis-examples/target/test/data/6e6e5023/MiniRaftClusterWithNettya4857fb2/s14/c491dcd8-cfe1-48dd-9178-bdfe845af3b0/current/raft-meta.conf.tmp with options [CREATE, WRITE]: sun.nio.ch.FileChannelImpl@603edbfa
2024-10-09 04:30:05,883 TRACE util.FileUtils (LogUtils.java:runAndLog(49)) - Successfully ran Atomic Files.move /home/runner/work/ratis/ratis/ratis-examples/target/test/data/6e6e5023/MiniRaftClusterWithNettya4857fb2/s5/c491dcd8-cfe1-48dd-9178-bdfe845af3b0/current/raft-meta.conf.tmp to /home/runner/work/ratis/ratis/ratis-examples/target/test/data/6e6e5023/MiniRaftClusterWithNettya4857fb2/s5/c491dcd8-cfe1-48dd-9178-bdfe845af3b0/current/raft-meta.conf with options [REPLACE_EXISTING]
2024-10-09 04:30:05,883 TRACE util.FileUtils (LogUtils.java:supplyAndLog(69)) - Successfully supplied FileChannel.open /home/runner/work/ratis/ratis/ratis-examples/target/test/data/6e6e5023/MiniRaftClusterWithNettya4857fb2/s5/c491dcd8-cfe1-48dd-9178-bdfe845af3b0/current/raft-meta.conf.tmp with options [CREATE, WRITE]: sun.nio.ch.FileChannelImpl@166f7996
2024-10-09 04:30:05,882 TRACE util.FileUtils (LogUtils.java:runAndLog(49)) - Successfully ran Atomic Files.move /home/runner/work/ratis/ratis/ratis-examples/target/test/data/6e6e5023/MiniRaftClusterWithNettya4857fb2/s6/c491dcd8-cfe1-48dd-9178-bdfe845af3b0/current/raft-meta.conf.tmp to /home/runner/work/ratis/ratis/ratis-examples/target/test/data/6e6e5023/MiniRaftClusterWithNettya4857fb2/s6/c491dcd8-cfe1-48dd-9178-bdfe845af3b0/current/raft-meta.conf with options [REPLACE_EXISTING]
2024-10-09 04:30:05,885 TRACE util.FileUtils (LogUtils.java:supplyAndLog(69)) - Successfully supplied FileChannel.open /home/runner/work/ratis/ratis/ratis-examples/target/test/data/6e6e5023/MiniRaftClusterWithNettya4857fb2/s6/c491dcd8-cfe1-48dd-9178-bdfe845af3b0/current/raft-meta.conf.tmp with options [CREATE, WRITE]: sun.nio.ch.FileChannelImpl@448340f8
2024-10-09 04:30:05,886 TRACE util.FileUtils (LogUtils.java:runAndLog(49)) - Successfully ran Atomic Files.move /home/runner/work/ratis/ratis/ratis-examples/target/test/data/6e6e5023/MiniRaftClusterWithNettya4857fb2/s3/c491dcd8-cfe1-48dd-9178-bdfe845af3b0/current/raft-meta.conf.tmp to /home/runner/work/ratis/ratis/ratis-examples/target/test/data/6e6e5023/MiniRaftClusterWithNettya4857fb2/s3/c491dcd8-cfe1-48dd-9178-bdfe845af3b0/current/raft-meta.conf with options [REPLACE_EXISTING]
2024-10-09 04:30:05,886 TRACE util.FileUtils (LogUtils.java:supplyAndLog(69)) - Successfully supplied FileChannel.open /home/runner/work/ratis/ratis/ratis-examples/target/test/data/6e6e5023/MiniRaftClusterWithNettya4857fb2/s3/c491dcd8-cfe1-48dd-9178-bdfe845af3b0/current/raft-meta.conf.tmp with options [CREATE, WRITE]: sun.nio.ch.FileChannelImpl@2d8948e7
2024-10-09 04:30:05,883 TRACE util.FileUtils (LogUtils.java:runAndLog(49)) - Successfully ran Atomic Files.move /home/runner/work/ratis/ratis/ratis-examples/target/test/data/6e6e5023/MiniRaftClusterWithNettya4857fb2/s2/c491dcd8-cfe1-48dd-9178-bdfe845af3b0/current/raft-meta.conf.tmp to /home/runner/work/ratis/ratis/ratis-examples/target/test/data/6e6e5023/MiniRaftClusterWithNettya4857fb2/s2/c491dcd8-cfe1-48dd-9178-bdfe845af3b0/current/raft-meta.conf with options [REPLACE_EXISTING]
2024-10-09 04:30:05,887 TRACE util.FileUtils (LogUtils.java:supplyAndLog(69)) - Successfully supplied FileChannel.open /home/runner/work/ratis/ratis/ratis-examples/target/test/data/6e6e5023/MiniRaftClusterWithNettya4857fb2/s2/c491dcd8-cfe1-48dd-9178-bdfe845af3b0/current/raft-meta.conf.tmp with options [CREATE, WRITE]: sun.nio.ch.FileChannelImpl@77ffd7fa
2024-10-09 04:30:05,883 TRACE util.FileUtils (LogUtils.java:runAndLog(49)) - Successfully ran Atomic Files.move /home/runner/work/ratis/ratis/ratis-examples/target/test/data/6e6e5023/MiniRaftClusterWithNettya4857fb2/s4/c491dcd8-cfe1-48dd-9178-bdfe845af3b0/current/raft-meta.conf.tmp to /home/runner/work/ratis/ratis/ratis-examples/target/test/data/6e6e5023/MiniRaftClusterWithNettya4857fb2/s4/c491dcd8-cfe1-48dd-9178-bdfe845af3b0/current/raft-meta.conf with options [REPLACE_EXISTING]
2024-10-09 04:30:05,891 TRACE util.FileUtils (LogUtils.java:runAndLog(49)) - Successfully ran Atomic Files.move /home/runner/work/ratis/ratis/ratis-examples/target/test/data/6e6e5023/MiniRaftClusterWithNettya4857fb2/s3/c491dcd8-cfe1-48dd-9178-bdfe845af3b0/current/raft-meta.conf.tmp to /home/runner/work/ratis/ratis/ratis-examples/target/test/data/6e6e5023/MiniRaftClusterWithNettya4857fb2/s3/c491dcd8-cfe1-48dd-9178-bdfe845af3b0/current/raft-meta.conf with options [REPLACE_EXISTING]
2024-10-09 04:30:05,892 TRACE util.FileUtils (LogUtils.java:supplyAndLog(69)) - Successfully supplied FileChannel.open /home/runner/work/ratis/ratis/ratis-examples/target/test/data/6e6e5023/MiniRaftClusterWithNettya4857fb2/s4/c491dcd8-cfe1-48dd-9178-bdfe845af3b0/current/raft-meta.conf.tmp with options [CREATE, WRITE]: sun.nio.ch.FileChannelImpl@696efc7
2024-10-09 04:30:05,894 TRACE util.FileUtils (LogUtils.java:runAndLog(49)) - Successfully ran Atomic Files.move /home/runner/work/ratis/ratis/ratis-examples/target/test/data/6e6e5023/MiniRaftClusterWithNettya4857fb2/s5/c491dcd8-cfe1-48dd-9178-bdfe845af3b0/current/raft-meta.conf.tmp to /home/runner/work/ratis/ratis/ratis-examples/target/test/data/6e6e5023/MiniRaftClusterWithNettya4857fb2/s5/c491dcd8-cfe1-48dd-9178-bdfe845af3b0/current/raft-meta.conf with options [REPLACE_EXISTING]
2024-10-09 04:30:05,894 TRACE util.FileUtils (LogUtils.java:supplyAndLog(69)) - Successfully supplied FileChannel.open /home/runner/work/ratis/ratis/ratis-examples/target/test/data/6e6e5023/MiniRaftClusterWithNettya4857fb2/s3/c491dcd8-cfe1-48dd-9178-bdfe845af3b0/current/raft-meta.conf.tmp with options [CREATE, WRITE]: sun.nio.ch.FileChannelImpl@1fee3176
2024-10-09 04:30:05,894 TRACE util.FileUtils (LogUtils.java:runAndLog(49)) - Successfully ran Atomic Files.move /home/runner/work/ratis/ratis/ratis-examples/target/test/data/6e6e5023/MiniRaftClusterWithNettya4857fb2/s4/c491dcd8-cfe1-48dd-9178-bdfe845af3b0/current/raft-meta.conf.tmp to /home/runner/work/ratis/ratis/ratis-examples/target/test/data/6e6e5023/MiniRaftClusterWithNettya4857fb2/s4/c491dcd8-cfe1-48dd-9178-bdfe845af3b0/current/raft-meta.conf with options [REPLACE_EXISTING]
2024-10-09 04:30:05,894 TRACE util.FileUtils (LogUtils.java:supplyAndLog(69)) - Successfully supplied FileChannel.open /home/runner/work/ratis/ratis/ratis-examples/target/test/data/6e6e5023/MiniRaftClusterWithNettya4857fb2/s4/c491dcd8-cfe1-48dd-9178-bdfe845af3b0/current/raft-meta.conf.tmp with options [CREATE, WRITE]: sun.nio.ch.FileChannelImpl@2a97bcd
2024-10-09 04:30:05,894 TRACE util.FileUtils (LogUtils.java:runAndLog(49)) - Successfully ran Atomic Files.move /home/runner/work/ratis/ratis/ratis-examples/target/test/data/6e6e5023/MiniRaftClusterWithNettya4857fb2/s14/c491dcd8-cfe1-48dd-9178-bdfe845af3b0/current/raft-meta.conf.tmp to /home/runner/work/ratis/ratis/ratis-examples/target/test/data/6e6e5023/MiniRaftClusterWithNettya4857fb2/s14/c491dcd8-cfe1-48dd-9178-bdfe845af3b0/current/raft-meta.conf with options [REPLACE_EXISTING]
2024-10-09 04:30:05,895 TRACE util.FileUtils (LogUtils.java:supplyAndLog(69)) - Successfully supplied FileChannel.open /home/runner/work/ratis/ratis/ratis-examples/target/test/data/6e6e5023/MiniRaftClusterWithNettya4857fb2/s14/c491dcd8-cfe1-48dd-9178-bdfe845af3b0/current/raft-meta.conf.tmp with options [CREATE, WRITE]: sun.nio.ch.FileChannelImpl@6ea6b3c6
2024-10-09 04:30:05,896 INFO  impl.RoleInfo (RoleInfo.java:updateAndGet(148)) - s4: start s4@group-BDFE845AF3B0-FollowerState
2024-10-09 04:30:05,897 TRACE util.FileUtils (LogUtils.java:runAndLog(49)) - Successfully ran Atomic Files.move /home/runner/work/ratis/ratis/ratis-examples/target/test/data/6e6e5023/MiniRaftClusterWithNettya4857fb2/s4/c491dcd8-cfe1-48dd-9178-bdfe845af3b0/current/raft-meta.conf.tmp to /home/runner/work/ratis/ratis/ratis-examples/target/test/data/6e6e5023/MiniRaftClusterWithNettya4857fb2/s4/c491dcd8-cfe1-48dd-9178-bdfe845af3b0/current/raft-meta.conf with options [REPLACE_EXISTING]
2024-10-09 04:30:05,897 TRACE util.FileUtils (LogUtils.java:supplyAndLog(69)) - Successfully supplied FileChannel.open /home/runner/work/ratis/ratis/ratis-examples/target/test/data/6e6e5023/MiniRaftClusterWithNettya4857fb2/s4/c491dcd8-cfe1-48dd-9178-bdfe845af3b0/current/raft-meta.conf.tmp with options [CREATE, WRITE]: sun.nio.ch.FileChannelImpl@47abe5fc
2024-10-09 04:30:05,897 TRACE util.FileUtils (LogUtils.java:runAndLog(49)) - Successfully ran Atomic Files.move /home/runner/work/ratis/ratis/ratis-examples/target/test/data/6e6e5023/MiniRaftClusterWithNettya4857fb2/s6/c491dcd8-cfe1-48dd-9178-bdfe845af3b0/current/raft-meta.conf.tmp to /home/runner/work/ratis/ratis/ratis-examples/target/test/data/6e6e5023/MiniRaftClusterWithNettya4857fb2/s6/c491dcd8-cfe1-48dd-9178-bdfe845af3b0/current/raft-meta.conf with options [REPLACE_EXISTING]
2024-10-09 04:30:05,897 TRACE util.FileUtils (LogUtils.java:supplyAndLog(69)) - Successfully supplied FileChannel.open /home/runner/work/ratis/ratis/ratis-examples/target/test/data/6e6e5023/MiniRaftClusterWithNettya4857fb2/s6/c491dcd8-cfe1-48dd-9178-bdfe845af3b0/current/raft-meta.conf.tmp with options [CREATE, WRITE]: sun.nio.ch.FileChannelImpl@78cdae0
2024-10-09 04:30:05,898 INFO  server.RaftServer$Division (ServerState.java:setRaftConf(386)) - s4@group-BDFE845AF3B0: set configuration conf: {index: 129, cur=peers:[s3|0.0.0.0:15018, s4|0.0.0.0:15019, s5|0.0.0.0:15020, s6|0.0.0.0:15021, s7|0.0.0.0:15022, s8|0.0.0.0:15023, s9|0.0.0.0:15024, s11|0.0.0.0:15026, s10|0.0.0.0:15025, s13|0.0.0.0:15028, s12|0.0.0.0:15027, s14|0.0.0.0:15029, s0|0.0.0.0:15015, s1|0.0.0.0:15016, s2|0.0.0.0:15017]|listeners:[], old=peers:[s11|0.0.0.0:15026, s10|0.0.0.0:15025, s7|0.0.0.0:15022, s13|0.0.0.0:15028, s8|0.0.0.0:15023, s12|0.0.0.0:15027, s9|0.0.0.0:15024, s0|0.0.0.0:15015, s1|0.0.0.0:15016]|listeners:[]}
2024-10-09 04:30:05,898 INFO  server.RaftServer$Division (ServerState.java:setRaftConf(386)) - s4@group-BDFE845AF3B0: set configuration conf: {index: 131, cur=peers:[s3|0.0.0.0:15018, s4|0.0.0.0:15019, s5|0.0.0.0:15020, s6|0.0.0.0:15021, s7|0.0.0.0:15022, s8|0.0.0.0:15023, s9|0.0.0.0:15024, s11|0.0.0.0:15026, s10|0.0.0.0:15025, s13|0.0.0.0:15028, s12|0.0.0.0:15027, s14|0.0.0.0:15029, s0|0.0.0.0:15015, s1|0.0.0.0:15016, s2|0.0.0.0:15017]|listeners:[], old=null}
2024-10-09 04:30:05,898 TRACE util.FileUtils (LogUtils.java:runAndLog(49)) - Successfully ran Atomic Files.move /home/runner/work/ratis/ratis/ratis-examples/target/test/data/6e6e5023/MiniRaftClusterWithNettya4857fb2/s2/c491dcd8-cfe1-48dd-9178-bdfe845af3b0/current/raft-meta.conf.tmp to /home/runner/work/ratis/ratis/ratis-examples/target/test/data/6e6e5023/MiniRaftClusterWithNettya4857fb2/s2/c491dcd8-cfe1-48dd-9178-bdfe845af3b0/current/raft-meta.conf with options [REPLACE_EXISTING]
2024-10-09 04:30:05,898 TRACE util.FileUtils (LogUtils.java:supplyAndLog(69)) - Successfully supplied FileChannel.open /home/runner/work/ratis/ratis/ratis-examples/target/test/data/6e6e5023/MiniRaftClusterWithNettya4857fb2/s2/c491dcd8-cfe1-48dd-9178-bdfe845af3b0/current/raft-meta.conf.tmp with options [CREATE, WRITE]: sun.nio.ch.FileChannelImpl@78598379
2024-10-09 04:30:05,899 TRACE util.FileUtils (LogUtils.java:runAndLog(49)) - Successfully ran Atomic Files.move /home/runner/work/ratis/ratis/ratis-examples/target/test/data/6e6e5023/MiniRaftClusterWithNettya4857fb2/s14/c491dcd8-cfe1-48dd-9178-bdfe845af3b0/current/raft-meta.conf.tmp to /home/runner/work/ratis/ratis/ratis-examples/target/test/data/6e6e5023/MiniRaftClusterWithNettya4857fb2/s14/c491dcd8-cfe1-48dd-9178-bdfe845af3b0/current/raft-meta.conf with options [REPLACE_EXISTING]
2024-10-09 04:30:05,899 TRACE util.FileUtils (LogUtils.java:supplyAndLog(69)) - Successfully supplied FileChannel.open /home/runner/work/ratis/ratis/ratis-examples/target/test/data/6e6e5023/MiniRaftClusterWithNettya4857fb2/s14/c491dcd8-cfe1-48dd-9178-bdfe845af3b0/current/raft-meta.conf.tmp with options [CREATE, WRITE]: sun.nio.ch.FileChannelImpl@5114fa0a
2024-10-09 04:30:05,901 DEBUG server.RaftServer$Division (RaftServerImpl.java:logAppendEntries(1545)) - s4@group-BDFE845AF3B0: appendEntries* reply s9<-s4#7337:OK-t1,SUCCESS,nextIndex=133,followerCommit=132,matchIndex=132
2024-10-09 04:30:05,902 TRACE util.FileUtils (LogUtils.java:runAndLog(49)) - Successfully ran Atomic Files.move /home/runner/work/ratis/ratis/ratis-examples/target/test/data/6e6e5023/MiniRaftClusterWithNettya4857fb2/s2/c491dcd8-cfe1-48dd-9178-bdfe845af3b0/current/raft-meta.conf.tmp to /home/runner/work/ratis/ratis/ratis-examples/target/test/data/6e6e5023/MiniRaftClusterWithNettya4857fb2/s2/c491dcd8-cfe1-48dd-9178-bdfe845af3b0/current/raft-meta.conf with options [REPLACE_EXISTING]
2024-10-09 04:30:05,903 INFO  server.RaftServerConfigKeys (ConfUtils.java:logGet(46)) - raft.server.rpc.timeout.max = 600ms (custom)
2024-10-09 04:30:05,903 INFO  ratis.RaftTestUtil (RaftTestUtil.java:waitForLeader(107)) - printing ALL groups
  s3:  RUNNING [
   FOLLOWER s3@group-DA40570646C7:t0, leader=null, voted=, raftlog=Memoized:s3@group-DA40570646C7-SegmentedRaftLog:OPENED:c-1:lastnull, conf=conf: {index: -1, cur=peers:[]|listeners:[], old=null} STARTING
   FOLLOWER s3@group-BDFE845AF3B0:t1, leader=s9, voted=null, raftlog=Memoized:s3@group-BDFE845AF3B0-SegmentedRaftLog:OPENED:c132:last(t:1, i:132), conf=conf: {index: 131, cur=peers:[s3|0.0.0.0:15018, s4|0.0.0.0:15019, s5|0.0.0.0:15020, s6|0.0.0.0:15021, s7|0.0.0.0:15022, s8|0.0.0.0:15023, s9|0.0.0.0:15024, s11|0.0.0.0:15026, s10|0.0.0.0:15025, s13|0.0.0.0:15028, s12|0.0.0.0:15027, s14|0.0.0.0:15029, s0|0.0.0.0:15015, s1|0.0.0.0:15016, s2|0.0.0.0:15017]|listeners:[], old=null} RUNNING] size=2
  s4:  RUNNING [
   FOLLOWER s4@group-DA40570646C7:t0, leader=null, voted=, raftlog=Memoized:s4@group-DA40570646C7-SegmentedRaftLog:OPENED:c-1:lastnull, conf=conf: {index: -1, cur=peers:[]|listeners:[], old=null} STARTING
   FOLLOWER s4@group-BDFE845AF3B0:t1, leader=s9, voted=null, raftlog=Memoized:s4@group-BDFE845AF3B0-SegmentedRaftLog:OPENED:c132:last(t:1, i:132), conf=conf: {index: 131, cur=peers:[s3|0.0.0.0:15018, s4|0.0.0.0:15019, s5|0.0.0.0:15020, s6|0.0.0.0:15021, s7|0.0.0.0:15022, s8|0.0.0.0:15023, s9|0.0.0.0:15024, s11|0.0.0.0:15026, s10|0.0.0.0:15025, s13|0.0.0.0:15028, s12|0.0.0.0:15027, s14|0.0.0.0:15029, s0|0.0.0.0:15015, s1|0.0.0.0:15016, s2|0.0.0.0:15017]|listeners:[], old=null} RUNNING] size=2
  s5:  RUNNING [
   FOLLOWER s5@group-DA40570646C7:t0, leader=null, voted=, raftlog=Memoized:s5@group-DA40570646C7-SegmentedRaftLog:OPENED:c-1:lastnull, conf=conf: {index: -1, cur=peers:[]|listeners:[], old=null} STARTING
   FOLLOWER s5@group-BDFE845AF3B0:t1, leader=s9, voted=null, raftlog=Memoized:s5@group-BDFE845AF3B0-SegmentedRaftLog:OPENED:c132:last(t:1, i:132), conf=conf: {index: 131, cur=peers:[s3|0.0.0.0:15018, s4|0.0.0.0:15019, s5|0.0.0.0:15020, s6|0.0.0.0:15021, s7|0.0.0.0:15022, s8|0.0.0.0:15023, s9|0.0.0.0:15024, s11|0.0.0.0:15026, s10|0.0.0.0:15025, s13|0.0.0.0:15028, s12|0.0.0.0:15027, s14|0.0.0.0:15029, s0|0.0.0.0:15015, s1|0.0.0.0:15016, s2|0.0.0.0:15017]|listeners:[], old=null} RUNNING] size=2
  s6:  RUNNING [
   FOLLOWER s6@group-DA40570646C7:t0, leader=null, voted=, raftlog=Memoized:s6@group-DA40570646C7-SegmentedRaftLog:OPENED:c-1:lastnull, conf=conf: {index: -1, cur=peers:[]|listeners:[], old=null} STARTING
   FOLLOWER s6@group-BDFE845AF3B0:t1, leader=s9, voted=null, raftlog=Memoized:s6@group-BDFE845AF3B0-SegmentedRaftLog:OPENED:c131:last(t:1, i:132), conf=conf: {index: 131, cur=peers:[s3|0.0.0.0:15018, s4|0.0.0.0:15019, s5|0.0.0.0:15020, s6|0.0.0.0:15021, s7|0.0.0.0:15022, s8|0.0.0.0:15023, s9|0.0.0.0:15024, s11|0.0.0.0:15026, s10|0.0.0.0:15025, s13|0.0.0.0:15028, s12|0.0.0.0:15027, s14|0.0.0.0:15029, s0|0.0.0.0:15015, s1|0.0.0.0:15016, s2|0.0.0.0:15017]|listeners:[], old=null} RUNNING] size=2
  s7:  RUNNING [
   FOLLOWER s7@group-DA40570646C7:t0, leader=null, voted=, raftlog=Memoized:s7@group-DA40570646C7-SegmentedRaftLog:OPENED:c-1:lastnull, conf=conf: {index: -1, cur=peers:[]|listeners:[], old=null} STARTING
   FOLLOWER s7@group-BDFE845AF3B0:t1, leader=s9, voted=s9, raftlog=Memoized:s7@group-BDFE845AF3B0-SegmentedRaftLog:OPENED:c131:last(t:1, i:132), conf=conf: {index: 131, cur=peers:[s3|0.0.0.0:15018, s4|0.0.0.0:15019, s5|0.0.0.0:15020, s6|0.0.0.0:15021, s7|0.0.0.0:15022, s8|0.0.0.0:15023, s9|0.0.0.0:15024, s11|0.0.0.0:15026, s10|0.0.0.0:15025, s13|0.0.0.0:15028, s12|0.0.0.0:15027, s14|0.0.0.0:15029, s0|0.0.0.0:15015, s1|0.0.0.0:15016, s2|0.0.0.0:15017]|listeners:[], old=null} RUNNING] size=2
  s8:  RUNNING [
   FOLLOWER s8@group-DA40570646C7:t0, leader=null, voted=, raftlog=Memoized:s8@group-DA40570646C7-SegmentedRaftLog:OPENED:c-1:lastnull, conf=conf: {index: -1, cur=peers:[]|listeners:[], old=null} STARTING
   FOLLOWER s8@group-BDFE845AF3B0:t1, leader=s9, voted=s9, raftlog=Memoized:s8@group-BDFE845AF3B0-SegmentedRaftLog:OPENED:c131:last(t:1, i:132), conf=conf: {index: 131, cur=peers:[s3|0.0.0.0:15018, s4|0.0.0.0:15019, s5|0.0.0.0:15020, s6|0.0.0.0:15021, s7|0.0.0.0:15022, s8|0.0.0.0:15023, s9|0.0.0.0:15024, s11|0.0.0.0:15026, s10|0.0.0.0:15025, s13|0.0.0.0:15028, s12|0.0.0.0:15027, s14|0.0.0.0:15029, s0|0.0.0.0:15015, s1|0.0.0.0:15016, s2|0.0.0.0:15017]|listeners:[], old=null} RUNNING] size=2
  s9:  RUNNING [
   FOLLOWER s9@group-DA40570646C7:t0, leader=null, voted=, raftlog=Memoized:s9@group-DA40570646C7-SegmentedRaftLog:OPENED:c-1:lastnull, conf=conf: {index: -1, cur=peers:[]|listeners:[], old=null} STARTING
     LEADER s9@group-BDFE845AF3B0:t1, leader=s9, voted=s9, raftlog=Memoized:s9@group-BDFE845AF3B0-SegmentedRaftLog:OPENED:c132:last(t:1, i:132), conf=conf: {index: 131, cur=peers:[s3|0.0.0.0:15018, s4|0.0.0.0:15019, s5|0.0.0.0:15020, s6|0.0.0.0:15021, s7|0.0.0.0:15022, s8|0.0.0.0:15023, s9|0.0.0.0:15024, s11|0.0.0.0:15026, s10|0.0.0.0:15025, s13|0.0.0.0:15028, s12|0.0.0.0:15027, s14|0.0.0.0:15029, s0|0.0.0.0:15015, s1|0.0.0.0:15016, s2|0.0.0.0:15017]|listeners:[], old=null} RUNNING] size=2
  s11:  RUNNING [
   FOLLOWER s11@group-DA40570646C7:t0, leader=null, voted=, raftlog=Memoized:s11@group-DA40570646C7-SegmentedRaftLog:OPENED:c-1:lastnull, conf=conf: {index: -1, cur=peers:[]|listeners:[], old=null} STARTING
   FOLLOWER s11@group-BDFE845AF3B0:t1, leader=s9, voted=null, raftlog=Memoized:s11@group-BDFE845AF3B0-SegmentedRaftLog:OPENED:c131:last(t:1, i:132), conf=conf: {index: 131, cur=peers:[s3|0.0.0.0:15018, s4|0.0.0.0:15019, s5|0.0.0.0:15020, s6|0.0.0.0:15021, s7|0.0.0.0:15022, s8|0.0.0.0:15023, s9|0.0.0.0:15024, s11|0.0.0.0:15026, s10|0.0.0.0:15025, s13|0.0.0.0:15028, s12|0.0.0.0:15027, s14|0.0.0.0:15029, s0|0.0.0.0:15015, s1|0.0.0.0:15016, s2|0.0.0.0:15017]|listeners:[], old=null} RUNNING] size=2
  s10:  RUNNING [
   FOLLOWER s10@group-DA40570646C7:t0, leader=null, voted=, raftlog=Memoized:s10@group-DA40570646C7-SegmentedRaftLog:OPENED:c-1:lastnull, conf=conf: {index: -1, cur=peers:[]|listeners:[], old=null} STARTING
   FOLLOWER s10@group-BDFE845AF3B0:t1, leader=s9, voted=null, raftlog=Memoized:s10@group-BDFE845AF3B0-SegmentedRaftLog:OPENED:c131:last(t:1, i:132), conf=conf: {index: 131, cur=peers:[s3|0.0.0.0:15018, s4|0.0.0.0:15019, s5|0.0.0.0:15020, s6|0.0.0.0:15021, s7|0.0.0.0:15022, s8|0.0.0.0:15023, s9|0.0.0.0:15024, s11|0.0.0.0:15026, s10|0.0.0.0:15025, s13|0.0.0.0:15028, s12|0.0.0.0:15027, s14|0.0.0.0:15029, s0|0.0.0.0:15015, s1|0.0.0.0:15016, s2|0.0.0.0:15017]|listeners:[], old=null} RUNNING] size=2
  s13:  RUNNING [
   FOLLOWER s13@group-DA40570646C7:t0, leader=null, voted=, raftlog=Memoized:s13@group-DA40570646C7-SegmentedRaftLog:OPENED:c-1:lastnull, conf=conf: {index: -1, cur=peers:[]|listeners:[], old=null} STARTING
   FOLLOWER s13@group-BDFE845AF3B0:t1, leader=s9, voted=null, raftlog=Memoized:s13@group-BDFE845AF3B0-SegmentedRaftLog:OPENED:c131:last(t:1, i:132), conf=conf: {index: 131, cur=peers:[s3|0.0.0.0:15018, s4|0.0.0.0:15019, s5|0.0.0.0:15020, s6|0.0.0.0:15021, s7|0.0.0.0:15022, s8|0.0.0.0:15023, s9|0.0.0.0:15024, s11|0.0.0.0:15026, s10|0.0.0.0:15025, s13|0.0.0.0:15028, s12|0.0.0.0:15027, s14|0.0.0.0:15029, s0|0.0.0.0:15015, s1|0.0.0.0:15016, s2|0.0.0.0:15017]|listeners:[], old=null} RUNNING] size=2
  s12:  RUNNING [
   FOLLOWER s12@group-DA40570646C7:t0, leader=null, voted=, raftlog=Memoized:s12@group-DA40570646C7-SegmentedRaftLog:OPENED:c-1:lastnull, conf=conf: {index: -1, cur=peers:[]|listeners:[], old=null} STARTING
   FOLLOWER s12@group-BDFE845AF3B0:t1, leader=s9, voted=null, raftlog=Memoized:s12@group-BDFE845AF3B0-SegmentedRaftLog:OPENED:c131:last(t:1, i:132), conf=conf: {index: 131, cur=peers:[s3|0.0.0.0:15018, s4|0.0.0.0:15019, s5|0.0.0.0:15020, s6|0.0.0.0:15021, s7|0.0.0.0:15022, s8|0.0.0.0:15023, s9|0.0.0.0:15024, s11|0.0.0.0:15026, s10|0.0.0.0:15025, s13|0.0.0.0:15028, s12|0.0.0.0:15027, s14|0.0.0.0:15029, s0|0.0.0.0:15015, s1|0.0.0.0:15016, s2|0.0.0.0:15017]|listeners:[], old=null} RUNNING] size=2
  s14:  RUNNING [
   FOLLOWER s14@group-DA40570646C7:t0, leader=null, voted=, raftlog=Memoized:s14@group-DA40570646C7-SegmentedRaftLog:OPENED:c-1:lastnull, conf=conf: {index: -1, cur=peers:[]|listeners:[], old=null} STARTING
   FOLLOWER s14@group-BDFE845AF3B0:t1, leader=s9, voted=null, raftlog=Memoized:s14@group-BDFE845AF3B0-SegmentedRaftLog:OPENED:c132:last(t:1, i:132), conf=conf: {index: 131, cur=peers:[s3|0.0.0.0:15018, s4|0.0.0.0:15019, s5|0.0.0.0:15020, s6|0.0.0.0:15021, s7|0.0.0.0:15022, s8|0.0.0.0:15023, s9|0.0.0.0:15024, s11|0.0.0.0:15026, s10|0.0.0.0:15025, s13|0.0.0.0:15028, s12|0.0.0.0:15027, s14|0.0.0.0:15029, s0|0.0.0.0:15015, s1|0.0.0.0:15016, s2|0.0.0.0:15017]|listeners:[], old=null} RUNNING] size=2
  s0:  RUNNING [
   FOLLOWER s0@group-DA40570646C7:t0, leader=null, voted=, raftlog=Memoized:s0@group-DA40570646C7-SegmentedRaftLog:OPENED:c-1:lastnull, conf=conf: {index: -1, cur=peers:[]|listeners:[], old=null} STARTING
   FOLLOWER s0@group-BDFE845AF3B0:t1, leader=s9, voted=null, raftlog=Memoized:s0@group-BDFE845AF3B0-SegmentedRaftLog:OPENED:c131:last(t:1, i:132), conf=conf: {index: 131, cur=peers:[s3|0.0.0.0:15018, s4|0.0.0.0:15019, s5|0.0.0.0:15020, s6|0.0.0.0:15021, s7|0.0.0.0:15022, s8|0.0.0.0:15023, s9|0.0.0.0:15024, s11|0.0.0.0:15026, s10|0.0.0.0:15025, s13|0.0.0.0:15028, s12|0.0.0.0:15027, s14|0.0.0.0:15029, s0|0.0.0.0:15015, s1|0.0.0.0:15016, s2|0.0.0.0:15017]|listeners:[], old=null} RUNNING] size=2
  s1:  RUNNING [
   FOLLOWER s1@group-DA40570646C7:t0, leader=null, voted=, raftlog=Memoized:s1@group-DA40570646C7-SegmentedRaftLog:OPENED:c-1:lastnull, conf=conf: {index: -1, cur=peers:[]|listeners:[], old=null} STARTING
   FOLLOWER s1@group-BDFE845AF3B0:t1, leader=s9, voted=null, raftlog=Memoized:s1@group-BDFE845AF3B0-SegmentedRaftLog:OPENED:c131:last(t:1, i:132), conf=conf: {index: 131, cur=peers:[s3|0.0.0.0:15018, s4|0.0.0.0:15019, s5|0.0.0.0:15020, s6|0.0.0.0:15021, s7|0.0.0.0:15022, s8|0.0.0.0:15023, s9|0.0.0.0:15024, s11|0.0.0.0:15026, s10|0.0.0.0:15025, s13|0.0.0.0:15028, s12|0.0.0.0:15027, s14|0.0.0.0:15029, s0|0.0.0.0:15015, s1|0.0.0.0:15016, s2|0.0.0.0:15017]|listeners:[], old=null} RUNNING] size=2
  s2:  RUNNING [
   FOLLOWER s2@group-DA40570646C7:t0, leader=null, voted=, raftlog=Memoized:s2@group-DA40570646C7-SegmentedRaftLog:OPENED:c-1:lastnull, conf=conf: {index: -1, cur=peers:[]|listeners:[], old=null} STARTING
   FOLLOWER s2@group-BDFE845AF3B0:t1, leader=s9, voted=null, raftlog=Memoized:s2@group-BDFE845AF3B0-SegmentedRaftLog:OPENED:c131:last(t:1, i:132), conf=conf: {index: 131, cur=peers:[s3|0.0.0.0:15018, s4|0.0.0.0:15019, s5|0.0.0.0:15020, s6|0.0.0.0:15021, s7|0.0.0.0:15022, s8|0.0.0.0:15023, s9|0.0.0.0:15024, s11|0.0.0.0:15026, s10|0.0.0.0:15025, s13|0.0.0.0:15028, s12|0.0.0.0:15027, s14|0.0.0.0:15029, s0|0.0.0.0:15015, s1|0.0.0.0:15016, s2|0.0.0.0:15017]|listeners:[], old=null} RUNNING] size=2
2024-10-09 04:30:05,904 INFO  ratis.RaftTestUtil (RaftTestUtil.java:waitForLeader(131)) - printing ALL groups
  s3:  RUNNING [
   FOLLOWER s3@group-DA40570646C7:t0, leader=null, voted=, raftlog=Memoized:s3@group-DA40570646C7-SegmentedRaftLog:OPENED:c-1:lastnull, conf=conf: {index: -1, cur=peers:[]|listeners:[], old=null} STARTING
   FOLLOWER s3@group-BDFE845AF3B0:t1, leader=s9, voted=null, raftlog=Memoized:s3@group-BDFE845AF3B0-SegmentedRaftLog:OPENED:c132:last(t:1, i:132), conf=conf: {index: 131, cur=peers:[s3|0.0.0.0:15018, s4|0.0.0.0:15019, s5|0.0.0.0:15020, s6|0.0.0.0:15021, s7|0.0.0.0:15022, s8|0.0.0.0:15023, s9|0.0.0.0:15024, s11|0.0.0.0:15026, s10|0.0.0.0:15025, s13|0.0.0.0:15028, s12|0.0.0.0:15027, s14|0.0.0.0:15029, s0|0.0.0.0:15015, s1|0.0.0.0:15016, s2|0.0.0.0:15017]|listeners:[], old=null} RUNNING] size=2
  s4:  RUNNING [
   FOLLOWER s4@group-DA40570646C7:t0, leader=null, voted=, raftlog=Memoized:s4@group-DA40570646C7-SegmentedRaftLog:OPENED:c-1:lastnull, conf=conf: {index: -1, cur=peers:[]|listeners:[], old=null} STARTING
   FOLLOWER s4@group-BDFE845AF3B0:t1, leader=s9, voted=null, raftlog=Memoized:s4@group-BDFE845AF3B0-SegmentedRaftLog:OPENED:c132:last(t:1, i:132), conf=conf: {index: 131, cur=peers:[s3|0.0.0.0:15018, s4|0.0.0.0:15019, s5|0.0.0.0:15020, s6|0.0.0.0:15021, s7|0.0.0.0:15022, s8|0.0.0.0:15023, s9|0.0.0.0:15024, s11|0.0.0.0:15026, s10|0.0.0.0:15025, s13|0.0.0.0:15028, s12|0.0.0.0:15027, s14|0.0.0.0:15029, s0|0.0.0.0:15015, s1|0.0.0.0:15016, s2|0.0.0.0:15017]|listeners:[], old=null} RUNNING] size=2
  s5:  RUNNING [
   FOLLOWER s5@group-DA40570646C7:t0, leader=null, voted=, raftlog=Memoized:s5@group-DA40570646C7-SegmentedRaftLog:OPENED:c-1:lastnull, conf=conf: {index: -1, cur=peers:[]|listeners:[], old=null} STARTING
   FOLLOWER s5@group-BDFE845AF3B0:t1, leader=s9, voted=null, raftlog=Memoized:s5@group-BDFE845AF3B0-SegmentedRaftLog:OPENED:c132:last(t:1, i:132), conf=conf: {index: 131, cur=peers:[s3|0.0.0.0:15018, s4|0.0.0.0:15019, s5|0.0.0.0:15020, s6|0.0.0.0:15021, s7|0.0.0.0:15022, s8|0.0.0.0:15023, s9|0.0.0.0:15024, s11|0.0.0.0:15026, s10|0.0.0.0:15025, s13|0.0.0.0:15028, s12|0.0.0.0:15027, s14|0.0.0.0:15029, s0|0.0.0.0:15015, s1|0.0.0.0:15016, s2|0.0.0.0:15017]|listeners:[], old=null} RUNNING] size=2
  s6:  RUNNING [
   FOLLOWER s6@group-DA40570646C7:t0, leader=null, voted=, raftlog=Memoized:s6@group-DA40570646C7-SegmentedRaftLog:OPENED:c-1:lastnull, conf=conf: {index: -1, cur=peers:[]|listeners:[], old=null} STARTING
   FOLLOWER s6@group-BDFE845AF3B0:t1, leader=s9, voted=null, raftlog=Memoized:s6@group-BDFE845AF3B0-SegmentedRaftLog:OPENED:c131:last(t:1, i:132), conf=conf: {index: 131, cur=peers:[s3|0.0.0.0:15018, s4|0.0.0.0:15019, s5|0.0.0.0:15020, s6|0.0.0.0:15021, s7|0.0.0.0:15022, s8|0.0.0.0:15023, s9|0.0.0.0:15024, s11|0.0.0.0:15026, s10|0.0.0.0:15025, s13|0.0.0.0:15028, s12|0.0.0.0:15027, s14|0.0.0.0:15029, s0|0.0.0.0:15015, s1|0.0.0.0:15016, s2|0.0.0.0:15017]|listeners:[], old=null} RUNNING] size=2
  s7:  RUNNING [
   FOLLOWER s7@group-DA40570646C7:t0, leader=null, voted=, raftlog=Memoized:s7@group-DA40570646C7-SegmentedRaftLog:OPENED:c-1:lastnull, conf=conf: {index: -1, cur=peers:[]|listeners:[], old=null} STARTING
   FOLLOWER s7@group-BDFE845AF3B0:t1, leader=s9, voted=s9, raftlog=Memoized:s7@group-BDFE845AF3B0-SegmentedRaftLog:OPENED:c131:last(t:1, i:132), conf=conf: {index: 131, cur=peers:[s3|0.0.0.0:15018, s4|0.0.0.0:15019, s5|0.0.0.0:15020, s6|0.0.0.0:15021, s7|0.0.0.0:15022, s8|0.0.0.0:15023, s9|0.0.0.0:15024, s11|0.0.0.0:15026, s10|0.0.0.0:15025, s13|0.0.0.0:15028, s12|0.0.0.0:15027, s14|0.0.0.0:15029, s0|0.0.0.0:15015, s1|0.0.0.0:15016, s2|0.0.0.0:15017]|listeners:[], old=null} RUNNING] size=2
  s8:  RUNNING [
   FOLLOWER s8@group-DA40570646C7:t0, leader=null, voted=, raftlog=Memoized:s8@group-DA40570646C7-SegmentedRaftLog:OPENED:c-1:lastnull, conf=conf: {index: -1, cur=peers:[]|listeners:[], old=null} STARTING
   FOLLOWER s8@group-BDFE845AF3B0:t1, leader=s9, voted=s9, raftlog=Memoized:s8@group-BDFE845AF3B0-SegmentedRaftLog:OPENED:c131:last(t:1, i:132), conf=conf: {index: 131, cur=peers:[s3|0.0.0.0:15018, s4|0.0.0.0:15019, s5|0.0.0.0:15020, s6|0.0.0.0:15021, s7|0.0.0.0:15022, s8|0.0.0.0:15023, s9|0.0.0.0:15024, s11|0.0.0.0:15026, s10|0.0.0.0:15025, s13|0.0.0.0:15028, s12|0.0.0.0:15027, s14|0.0.0.0:15029, s0|0.0.0.0:15015, s1|0.0.0.0:15016, s2|0.0.0.0:15017]|listeners:[], old=null} RUNNING] size=2
  s9:  RUNNING [
   FOLLOWER s9@group-DA40570646C7:t0, leader=null, voted=, raftlog=Memoized:s9@group-DA40570646C7-SegmentedRaftLog:OPENED:c-1:lastnull, conf=conf: {index: -1, cur=peers:[]|listeners:[], old=null} STARTING
     LEADER s9@group-BDFE845AF3B0:t1, leader=s9, voted=s9, raftlog=Memoized:s9@group-BDFE845AF3B0-SegmentedRaftLog:OPENED:c132:last(t:1, i:132), conf=conf: {index: 131, cur=peers:[s3|0.0.0.0:15018, s4|0.0.0.0:15019, s5|0.0.0.0:15020, s6|0.0.0.0:15021, s7|0.0.0.0:15022, s8|0.0.0.0:15023, s9|0.0.0.0:15024, s11|0.0.0.0:15026, s10|0.0.0.0:15025, s13|0.0.0.0:15028, s12|0.0.0.0:15027, s14|0.0.0.0:15029, s0|0.0.0.0:15015, s1|0.0.0.0:15016, s2|0.0.0.0:15017]|listeners:[], old=null} RUNNING] size=2
  s11:  RUNNING [
   FOLLOWER s11@group-DA40570646C7:t0, leader=null, voted=, raftlog=Memoized:s11@group-DA40570646C7-SegmentedRaftLog:OPENED:c-1:lastnull, conf=conf: {index: -1, cur=peers:[]|listeners:[], old=null} STARTING
   FOLLOWER s11@group-BDFE845AF3B0:t1, leader=s9, voted=null, raftlog=Memoized:s11@group-BDFE845AF3B0-SegmentedRaftLog:OPENED:c131:last(t:1, i:132), conf=conf: {index: 131, cur=peers:[s3|0.0.0.0:15018, s4|0.0.0.0:15019, s5|0.0.0.0:15020, s6|0.0.0.0:15021, s7|0.0.0.0:15022, s8|0.0.0.0:15023, s9|0.0.0.0:15024, s11|0.0.0.0:15026, s10|0.0.0.0:15025, s13|0.0.0.0:15028, s12|0.0.0.0:15027, s14|0.0.0.0:15029, s0|0.0.0.0:15015, s1|0.0.0.0:15016, s2|0.0.0.0:15017]|listeners:[], old=null} RUNNING] size=2
  s10:  RUNNING [
   FOLLOWER s10@group-DA40570646C7:t0, leader=null, voted=, raftlog=Memoized:s10@group-DA40570646C7-SegmentedRaftLog:OPENED:c-1:lastnull, conf=conf: {index: -1, cur=peers:[]|listeners:[], old=null} STARTING
   FOLLOWER s10@group-BDFE845AF3B0:t1, leader=s9, voted=null, raftlog=Memoized:s10@group-BDFE845AF3B0-SegmentedRaftLog:OPENED:c131:last(t:1, i:132), conf=conf: {index: 131, cur=peers:[s3|0.0.0.0:15018, s4|0.0.0.0:15019, s5|0.0.0.0:15020, s6|0.0.0.0:15021, s7|0.0.0.0:15022, s8|0.0.0.0:15023, s9|0.0.0.0:15024, s11|0.0.0.0:15026, s10|0.0.0.0:15025, s13|0.0.0.0:15028, s12|0.0.0.0:15027, s14|0.0.0.0:15029, s0|0.0.0.0:15015, s1|0.0.0.0:15016, s2|0.0.0.0:15017]|listeners:[], old=null} RUNNING] size=2
  s13:  RUNNING [
   FOLLOWER s13@group-DA40570646C7:t0, leader=null, voted=, raftlog=Memoized:s13@group-DA40570646C7-SegmentedRaftLog:OPENED:c-1:lastnull, conf=conf: {index: -1, cur=peers:[]|listeners:[], old=null} STARTING
   FOLLOWER s13@group-BDFE845AF3B0:t1, leader=s9, voted=null, raftlog=Memoized:s13@group-BDFE845AF3B0-SegmentedRaftLog:OPENED:c131:last(t:1, i:132), conf=conf: {index: 131, cur=peers:[s3|0.0.0.0:15018, s4|0.0.0.0:15019, s5|0.0.0.0:15020, s6|0.0.0.0:15021, s7|0.0.0.0:15022, s8|0.0.0.0:15023, s9|0.0.0.0:15024, s11|0.0.0.0:15026, s10|0.0.0.0:15025, s13|0.0.0.0:15028, s12|0.0.0.0:15027, s14|0.0.0.0:15029, s0|0.0.0.0:15015, s1|0.0.0.0:15016, s2|0.0.0.0:15017]|listeners:[], old=null} RUNNING] size=2
  s12:  RUNNING [
   FOLLOWER s12@group-DA40570646C7:t0, leader=null, voted=, raftlog=Memoized:s12@group-DA40570646C7-SegmentedRaftLog:OPENED:c-1:lastnull, conf=conf: {index: -1, cur=peers:[]|listeners:[], old=null} STARTING
   FOLLOWER s12@group-BDFE845AF3B0:t1, leader=s9, voted=null, raftlog=Memoized:s12@group-BDFE845AF3B0-SegmentedRaftLog:OPENED:c131:last(t:1, i:132), conf=conf: {index: 131, cur=peers:[s3|0.0.0.0:15018, s4|0.0.0.0:15019, s5|0.0.0.0:15020, s6|0.0.0.0:15021, s7|0.0.0.0:15022, s8|0.0.0.0:15023, s9|0.0.0.0:15024, s11|0.0.0.0:15026, s10|0.0.0.0:15025, s13|0.0.0.0:15028, s12|0.0.0.0:15027, s14|0.0.0.0:15029, s0|0.0.0.0:15015, s1|0.0.0.0:15016, s2|0.0.0.0:15017]|listeners:[], old=null} RUNNING] size=2
  s14:  RUNNING [
   FOLLOWER s14@group-DA40570646C7:t0, leader=null, voted=, raftlog=Memoized:s14@group-DA40570646C7-SegmentedRaftLog:OPENED:c-1:lastnull, conf=conf: {index: -1, cur=peers:[]|listeners:[], old=null} STARTING
   FOLLOWER s14@group-BDFE845AF3B0:t1, leader=s9, voted=null, raftlog=Memoized:s14@group-BDFE845AF3B0-SegmentedRaftLog:OPENED:c132:last(t:1, i:132), conf=conf: {index: 131, cur=peers:[s3|0.0.0.0:15018, s4|0.0.0.0:15019, s5|0.0.0.0:15020, s6|0.0.0.0:15021, s7|0.0.0.0:15022, s8|0.0.0.0:15023, s9|0.0.0.0:15024, s11|0.0.0.0:15026, s10|0.0.0.0:15025, s13|0.0.0.0:15028, s12|0.0.0.0:15027, s14|0.0.0.0:15029, s0|0.0.0.0:15015, s1|0.0.0.0:15016, s2|0.0.0.0:15017]|listeners:[], old=null} RUNNING] size=2
  s0:  RUNNING [
   FOLLOWER s0@group-DA40570646C7:t0, leader=null, voted=, raftlog=Memoized:s0@group-DA40570646C7-SegmentedRaftLog:OPENED:c-1:lastnull, conf=conf: {index: -1, cur=peers:[]|listeners:[], old=null} STARTING
   FOLLOWER s0@group-BDFE845AF3B0:t1, leader=s9, voted=null, raftlog=Memoized:s0@group-BDFE845AF3B0-SegmentedRaftLog:OPENED:c131:last(t:1, i:132), conf=conf: {index: 131, cur=peers:[s3|0.0.0.0:15018, s4|0.0.0.0:15019, s5|0.0.0.0:15020, s6|0.0.0.0:15021, s7|0.0.0.0:15022, s8|0.0.0.0:15023, s9|0.0.0.0:15024, s11|0.0.0.0:15026, s10|0.0.0.0:15025, s13|0.0.0.0:15028, s12|0.0.0.0:15027, s14|0.0.0.0:15029, s0|0.0.0.0:15015, s1|0.0.0.0:15016, s2|0.0.0.0:15017]|listeners:[], old=null} RUNNING] size=2
  s1:  RUNNING [
   FOLLOWER s1@group-DA40570646C7:t0, leader=null, voted=, raftlog=Memoized:s1@group-DA40570646C7-SegmentedRaftLog:OPENED:c-1:lastnull, conf=conf: {index: -1, cur=peers:[]|listeners:[], old=null} STARTING
   FOLLOWER s1@group-BDFE845AF3B0:t1, leader=s9, voted=null, raftlog=Memoized:s1@group-BDFE845AF3B0-SegmentedRaftLog:OPENED:c131:last(t:1, i:132), conf=conf: {index: 131, cur=peers:[s3|0.0.0.0:15018, s4|0.0.0.0:15019, s5|0.0.0.0:15020, s6|0.0.0.0:15021, s7|0.0.0.0:15022, s8|0.0.0.0:15023, s9|0.0.0.0:15024, s11|0.0.0.0:15026, s10|0.0.0.0:15025, s13|0.0.0.0:15028, s12|0.0.0.0:15027, s14|0.0.0.0:15029, s0|0.0.0.0:15015, s1|0.0.0.0:15016, s2|0.0.0.0:15017]|listeners:[], old=null} RUNNING] size=2
  s2:  RUNNING [
   FOLLOWER s2@group-DA40570646C7:t0, leader=null, voted=, raftlog=Memoized:s2@group-DA40570646C7-SegmentedRaftLog:OPENED:c-1:lastnull, conf=conf: {index: -1, cur=peers:[]|listeners:[], old=null} STARTING
   FOLLOWER s2@group-BDFE845AF3B0:t1, leader=s9, voted=null, raftlog=Memoized:s2@group-BDFE845AF3B0-SegmentedRaftLog:OPENED:c131:last(t:1, i:132), conf=conf: {index: 131, cur=peers:[s3|0.0.0.0:15018, s4|0.0.0.0:15019, s5|0.0.0.0:15020, s6|0.0.0.0:15021, s7|0.0.0.0:15022, s8|0.0.0.0:15023, s9|0.0.0.0:15024, s11|0.0.0.0:15026, s10|0.0.0.0:15025, s13|0.0.0.0:15028, s12|0.0.0.0:15027, s14|0.0.0.0:15029, s0|0.0.0.0:15015, s1|0.0.0.0:15016, s2|0.0.0.0:15017]|listeners:[], old=null} RUNNING] size=2
2024-10-09 04:30:05,905 INFO  netty.NettyUtils (NettyUtils.java:newEventLoopGroup(74)) - Create EpollEventLoopGroup for client-CAAA969A923D; Thread size is 0.
2024-10-09 04:30:05,907 INFO  logging.LoggingHandler (AbstractInternalLogger.java:log(148)) - [id: 0xdcaa3c53, L:/0.0.0.0:15024] READ: [id: 0x89653b13, L:/127.0.0.1:15024 - R:/127.0.0.1:54646]
2024-10-09 04:30:05,907 INFO  logging.LoggingHandler (AbstractInternalLogger.java:log(148)) - [id: 0xdcaa3c53, L:/0.0.0.0:15024] READ COMPLETE
2024-10-09 04:30:05,908 DEBUG server.RaftServer$Division (RaftServerImpl.java:submitClientRequestAsync(916)) - s9@group-BDFE845AF3B0: receive client request(RaftClientRequest:client-CAAA969A923D->s9@group-BDFE845AF3B0, cid=7338, seq=null, RW, Message:010161024059c0000000...(size=12))
2024-10-09 04:30:05,910 DEBUG server.RaftServer$Division (LeaderStateImpl.java:addPendingRequest(529)) - s9@group-BDFE845AF3B0-LeaderStateImpl: addPendingRequest at RaftClientRequest:client-CAAA969A923D->s9@group-BDFE845AF3B0, cid=7338, seq=null, RW, Message:010161024059c0000000...(size=12), entry=(t:1, i:133), STATEMACHINELOGENTRY, WRITE: logData.size=12, stateMachineData.size=0, logEntryProtoSerializedSize=0
2024-10-09 04:30:05,911 DEBUG server.RaftServer$Division (RaftServerImpl.java:logAppendEntries(1545)) - s7@group-BDFE845AF3B0: appendEntries* s9->s7#7339-t1,previous=(t:1, i:132),leaderCommit=132,initializing? false,entries: size=1, first=(t:1, i:133), STATEMACHINELOGENTRY, StateMachineLogEntryProto:7338@client-CAAA969A923D
2024-10-09 04:30:05,911 DEBUG server.RaftServer$Division (RaftServerImpl.java:logAppendEntries(1545)) - s8@group-BDFE845AF3B0: appendEntries* s9->s8#7340-t1,previous=(t:1, i:132),leaderCommit=132,initializing? false,entries: size=1, first=(t:1, i:133), STATEMACHINELOGENTRY, StateMachineLogEntryProto:7338@client-CAAA969A923D
2024-10-09 04:30:05,911 TRACE util.FileUtils (LogUtils.java:runAndLog(49)) - Successfully ran Atomic Files.move /home/runner/work/ratis/ratis/ratis-examples/target/test/data/6e6e5023/MiniRaftClusterWithNettya4857fb2/s3/c491dcd8-cfe1-48dd-9178-bdfe845af3b0/current/raft-meta.conf.tmp to /home/runner/work/ratis/ratis/ratis-examples/target/test/data/6e6e5023/MiniRaftClusterWithNettya4857fb2/s3/c491dcd8-cfe1-48dd-9178-bdfe845af3b0/current/raft-meta.conf with options [REPLACE_EXISTING]
2024-10-09 04:30:05,911 DEBUG server.RaftServer$Division (RaftServerImpl.java:logAppendEntries(1545)) - s1@group-BDFE845AF3B0: appendEntries* s9->s1#7342-t1,previous=(t:1, i:132),leaderCommit=132,initializing? false,entries: size=1, first=(t:1, i:133), STATEMACHINELOGENTRY, StateMachineLogEntryProto:7338@client-CAAA969A923D
2024-10-09 04:30:05,911 DEBUG server.RaftServer$Division (RaftServerImpl.java:logAppendEntries(1545)) - s7@group-BDFE845AF3B0: appendEntries* reply s9<-s7#7339:OK-t1,SUCCESS,nextIndex=134,followerCommit=132,matchIndex=133
2024-10-09 04:30:05,911 DEBUG server.RaftServer$Division (RaftServerImpl.java:logAppendEntries(1545)) - s0@group-BDFE845AF3B0: appendEntries* s9->s0#7341-t1,previous=(t:1, i:132),leaderCommit=132,initializing? false,entries: size=1, first=(t:1, i:133), STATEMACHINELOGENTRY, StateMachineLogEntryProto:7338@client-CAAA969A923D
2024-10-09 04:30:05,911 DEBUG server.RaftServer$Division (RaftServerImpl.java:logAppendEntries(1545)) - s1@group-BDFE845AF3B0: appendEntries* reply s9<-s1#7342:OK-t1,SUCCESS,nextIndex=134,followerCommit=132,matchIndex=133
2024-10-09 04:30:05,911 DEBUG server.RaftServer$Division (RaftServerImpl.java:logAppendEntries(1545)) - s8@group-BDFE845AF3B0: appendEntries* reply s9<-s8#7340:OK-t1,SUCCESS,nextIndex=134,followerCommit=132,matchIndex=133
2024-10-09 04:30:05,912 DEBUG server.RaftServer$Division (RaftServerImpl.java:logAppendEntries(1545)) - s10@group-BDFE845AF3B0: appendEntries* s9->s10#7344-t1,previous=(t:1, i:132),leaderCommit=132,initializing? false,entries: size=1, first=(t:1, i:133), STATEMACHINELOGENTRY, StateMachineLogEntryProto:7338@client-CAAA969A923D
2024-10-09 04:30:05,912 DEBUG server.RaftServer$Division (RaftServerImpl.java:logAppendEntries(1545)) - s3@group-BDFE845AF3B0: appendEntries* s9->s3#7347-t1,previous=(t:1, i:132),leaderCommit=132,initializing? false,entries: size=1, first=(t:1, i:133), STATEMACHINELOGENTRY, StateMachineLogEntryProto:7338@client-CAAA969A923D
2024-10-09 04:30:05,912 DEBUG server.RaftServer$Division (RaftServerImpl.java:logAppendEntries(1545)) - s6@group-BDFE845AF3B0: appendEntries* s9->s6#7350-t1,previous=(t:1, i:132),leaderCommit=132,initializing? false,entries: size=1, first=(t:1, i:133), STATEMACHINELOGENTRY, StateMachineLogEntryProto:7338@client-CAAA969A923D
2024-10-09 04:30:05,912 DEBUG server.RaftServer$Division (RaftServerImpl.java:logAppendEntries(1545)) - s13@group-BDFE845AF3B0: appendEntries* s9->s13#7345-t1,previous=(t:1, i:132),leaderCommit=132,initializing? false,entries: size=1, first=(t:1, i:133), STATEMACHINELOGENTRY, StateMachineLogEntryProto:7338@client-CAAA969A923D
2024-10-09 04:30:05,912 DEBUG server.RaftServer$Division (RaftServerImpl.java:logAppendEntries(1545)) - s2@group-BDFE845AF3B0: appendEntries* s9->s2#7352-t1,previous=(t:1, i:132),leaderCommit=132,initializing? false,entries: size=1, first=(t:1, i:133), STATEMACHINELOGENTRY, StateMachineLogEntryProto:7338@client-CAAA969A923D
2024-10-09 04:30:05,912 DEBUG server.RaftServer$Division (RaftServerImpl.java:logAppendEntries(1545)) - s12@group-BDFE845AF3B0: appendEntries* s9->s12#7346-t1,previous=(t:1, i:132),leaderCommit=132,initializing? false,entries: size=1, first=(t:1, i:133), STATEMACHINELOGENTRY, StateMachineLogEntryProto:7338@client-CAAA969A923D
2024-10-09 04:30:05,913 DEBUG server.RaftServer$Division (RaftServerImpl.java:logAppendEntries(1545)) - s13@group-BDFE845AF3B0: appendEntries* reply s9<-s13#7345:OK-t1,SUCCESS,nextIndex=134,followerCommit=132,matchIndex=133
2024-10-09 04:30:05,913 DEBUG server.RaftServer$Division (RaftServerImpl.java:logAppendEntries(1545)) - s5@group-BDFE845AF3B0: appendEntries* s9->s5#7349-t1,previous=(t:1, i:132),leaderCommit=132,initializing? false,entries: size=1, first=(t:1, i:133), STATEMACHINELOGENTRY, StateMachineLogEntryProto:7338@client-CAAA969A923D
2024-10-09 04:30:05,913 DEBUG server.RaftServer$Division (RaftServerImpl.java:logAppendEntries(1545)) - s12@group-BDFE845AF3B0: appendEntries* reply s9<-s12#7346:OK-t1,SUCCESS,nextIndex=134,followerCommit=132,matchIndex=133
2024-10-09 04:30:05,913 DEBUG server.RaftServer$Division (RaftServerImpl.java:logAppendEntries(1545)) - s14@group-BDFE845AF3B0: appendEntries* s9->s14#7351-t1,previous=(t:1, i:132),leaderCommit=132,initializing? false,entries: size=1, first=(t:1, i:133), STATEMACHINELOGENTRY, StateMachineLogEntryProto:7338@client-CAAA969A923D
2024-10-09 04:30:05,913 TRACE util.FileUtils (LogUtils.java:runAndLog(49)) - Successfully ran Atomic Files.move /home/runner/work/ratis/ratis/ratis-examples/target/test/data/6e6e5023/MiniRaftClusterWithNettya4857fb2/s6/c491dcd8-cfe1-48dd-9178-bdfe845af3b0/current/raft-meta.conf.tmp to /home/runner/work/ratis/ratis/ratis-examples/target/test/data/6e6e5023/MiniRaftClusterWithNettya4857fb2/s6/c491dcd8-cfe1-48dd-9178-bdfe845af3b0/current/raft-meta.conf with options [REPLACE_EXISTING]
2024-10-09 04:30:05,911 DEBUG server.RaftServer$Division (RaftServerImpl.java:logAppendEntries(1545)) - s11@group-BDFE845AF3B0: appendEntries* s9->s11#7343-t1,previous=(t:1, i:132),leaderCommit=132,initializing? false,entries: size=1, first=(t:1, i:133), STATEMACHINELOGENTRY, StateMachineLogEntryProto:7338@client-CAAA969A923D
2024-10-09 04:30:05,913 DEBUG server.RaftServer$Division (RaftServerImpl.java:logAppendEntries(1545)) - s2@group-BDFE845AF3B0: appendEntries* reply s9<-s2#7352:OK-t1,SUCCESS,nextIndex=134,followerCommit=132,matchIndex=133
2024-10-09 04:30:05,913 DEBUG server.RaftServer$Division (RaftServerImpl.java:logAppendEntries(1545)) - s6@group-BDFE845AF3B0: appendEntries* reply s9<-s6#7350:OK-t1,SUCCESS,nextIndex=134,followerCommit=132,matchIndex=133
2024-10-09 04:30:05,913 DEBUG server.RaftServer$Division (RaftServerImpl.java:logAppendEntries(1545)) - s3@group-BDFE845AF3B0: appendEntries* reply s9<-s3#7347:OK-t1,SUCCESS,nextIndex=134,followerCommit=132,matchIndex=133
2024-10-09 04:30:05,912 DEBUG server.RaftServer$Division (RaftServerImpl.java:logAppendEntries(1545)) - s0@group-BDFE845AF3B0: appendEntries* reply s9<-s0#7341:OK-t1,SUCCESS,nextIndex=134,followerCommit=132,matchIndex=133
2024-10-09 04:30:05,912 DEBUG server.RaftServer$Division (RaftServerImpl.java:logAppendEntries(1545)) - s10@group-BDFE845AF3B0: appendEntries* reply s9<-s10#7344:OK-t1,SUCCESS,nextIndex=134,followerCommit=132,matchIndex=133
2024-10-09 04:30:05,912 DEBUG server.RaftServer$Division (RaftServerImpl.java:logAppendEntries(1545)) - s4@group-BDFE845AF3B0: appendEntries* s9->s4#7348-t1,previous=(t:1, i:132),leaderCommit=132,initializing? false,entries: size=1, first=(t:1, i:133), STATEMACHINELOGENTRY, StateMachineLogEntryProto:7338@client-CAAA969A923D
2024-10-09 04:30:05,914 DEBUG server.RaftServer$Division (RaftServerImpl.java:logAppendEntries(1545)) - s5@group-BDFE845AF3B0: appendEntries* reply s9<-s5#7349:OK-t1,SUCCESS,nextIndex=134,followerCommit=132,matchIndex=133
2024-10-09 04:30:05,914 DEBUG server.RaftServer$Division (RaftServerImpl.java:logAppendEntries(1545)) - s14@group-BDFE845AF3B0: appendEntries* reply s9<-s14#7351:OK-t1,SUCCESS,nextIndex=134,followerCommit=132,matchIndex=133
2024-10-09 04:30:05,914 DEBUG server.RaftServer$Division (RaftServerImpl.java:logAppendEntries(1545)) - s11@group-BDFE845AF3B0: appendEntries* reply s9<-s11#7343:OK-t1,SUCCESS,nextIndex=134,followerCommit=132,matchIndex=133
2024-10-09 04:30:05,915 DEBUG server.RaftServer$Division (RaftServerImpl.java:logAppendEntries(1545)) - s8@group-BDFE845AF3B0: appendEntries* s9->s8#7353-t1,previous=(t:1, i:133),leaderCommit=133,initializing? false,entries: size=1, first=(t:1, i:134), METADATAENTRY(c:133)
2024-10-09 04:30:05,915 DEBUG server.RaftServer$Division (RaftServerImpl.java:logAppendEntries(1545)) - s1@group-BDFE845AF3B0: appendEntries* s9->s1#7356-t1,previous=(t:1, i:133),leaderCommit=133,initializing? false,entries: size=1, first=(t:1, i:134), METADATAENTRY(c:133)
2024-10-09 04:30:05,915 DEBUG server.RaftServer$Division (RaftServerImpl.java:logAppendEntries(1545)) - s4@group-BDFE845AF3B0: appendEntries* reply s9<-s4#7348:OK-t1,SUCCESS,nextIndex=134,followerCommit=132,matchIndex=133
2024-10-09 04:30:05,914 INFO  statemachine.StateMachine (ArithmeticStateMachine.java:applyTransaction(181)) - LEADER:s9-133: a = 103 = 103
2024-10-09 04:30:05,915 DEBUG server.RaftServer$Division (RaftServerImpl.java:logAppendEntries(1545)) - s8@group-BDFE845AF3B0: appendEntries* reply s9<-s8#7353:OK-t1,SUCCESS,nextIndex=135,followerCommit=133,matchIndex=134
2024-10-09 04:30:05,915 DEBUG server.RaftServer$Division (RaftServerImpl.java:logAppendEntries(1545)) - s1@group-BDFE845AF3B0: appendEntries* reply s9<-s1#7356:OK-t1,SUCCESS,nextIndex=135,followerCommit=133,matchIndex=134
2024-10-09 04:30:05,915 DEBUG server.RaftServer$Division (RaftServerImpl.java:logAppendEntries(1545)) - s14@group-BDFE845AF3B0: appendEntries* s9->s14#7355-t1,previous=(t:1, i:133),leaderCommit=133,initializing? false,entries: size=1, first=(t:1, i:134), METADATAENTRY(c:133)
2024-10-09 04:30:05,915 TRACE util.FileUtils (LogUtils.java:runAndLog(49)) - Successfully ran Atomic Files.move /home/runner/work/ratis/ratis/ratis-examples/target/test/data/6e6e5023/MiniRaftClusterWithNettya4857fb2/s4/c491dcd8-cfe1-48dd-9178-bdfe845af3b0/current/raft-meta.conf.tmp to /home/runner/work/ratis/ratis/ratis-examples/target/test/data/6e6e5023/MiniRaftClusterWithNettya4857fb2/s4/c491dcd8-cfe1-48dd-9178-bdfe845af3b0/current/raft-meta.conf with options [REPLACE_EXISTING]
2024-10-09 04:30:05,916 TRACE util.FileUtils (LogUtils.java:supplyAndLog(69)) - Successfully supplied FileChannel.open /home/runner/work/ratis/ratis/ratis-examples/target/test/data/6e6e5023/MiniRaftClusterWithNettya4857fb2/s4/c491dcd8-cfe1-48dd-9178-bdfe845af3b0/current/raft-meta.conf.tmp with options [CREATE, WRITE]: sun.nio.ch.FileChannelImpl@47ffd14c
2024-10-09 04:30:05,916 DEBUG server.RaftServer$Division (RaftServerImpl.java:logAppendEntries(1545)) - s5@group-BDFE845AF3B0: appendEntries* s9->s5#7357-t1,previous=(t:1, i:133),leaderCommit=133,initializing? false,entries: size=1, first=(t:1, i:134), METADATAENTRY(c:133)
2024-10-09 04:30:05,916 DEBUG server.RaftServer$Division (RaftServerImpl.java:logAppendEntries(1545)) - s11@group-BDFE845AF3B0: appendEntries* s9->s11#7358-t1,previous=(t:1, i:133),leaderCommit=133,initializing? false,entries: size=1, first=(t:1, i:134), METADATAENTRY(c:133)
2024-10-09 04:30:05,916 DEBUG server.RaftServer$Division (RaftServerImpl.java:logAppendEntries(1545)) - s14@group-BDFE845AF3B0: appendEntries* reply s9<-s14#7355:OK-t1,SUCCESS,nextIndex=135,followerCommit=133,matchIndex=134
2024-10-09 04:30:05,916 DEBUG server.RaftServer$Division (RaftServerImpl.java:logAppendEntries(1545)) - s5@group-BDFE845AF3B0: appendEntries* reply s9<-s5#7357:OK-t1,SUCCESS,nextIndex=135,followerCommit=133,matchIndex=134
2024-10-09 04:30:05,915 DEBUG server.RaftServer$Division (RaftServerImpl.java:logAppendEntries(1545)) - s13@group-BDFE845AF3B0: appendEntries* s9->s13#7354-t1,previous=(t:1, i:133),leaderCommit=133,initializing? false,entries: size=1, first=(t:1, i:134), METADATAENTRY(c:133)
2024-10-09 04:30:05,917 DEBUG server.RaftServer$Division (RaftServerImpl.java:logAppendEntries(1545)) - s4@group-BDFE845AF3B0: appendEntries* s9->s4#7363-t1,previous=(t:1, i:133),leaderCommit=133,initializing? false,entries: size=1, first=(t:1, i:134), METADATAENTRY(c:133)
2024-10-09 04:30:05,917 DEBUG server.RaftServer$Division (RaftServerImpl.java:logAppendEntries(1545)) - s6@group-BDFE845AF3B0: appendEntries* s9->s6#7359-t1,previous=(t:1, i:133),leaderCommit=133,initializing? false,entries: size=1, first=(t:1, i:134), METADATAENTRY(c:133)
2024-10-09 04:30:05,917 DEBUG server.RaftServer$Division (RaftServerImpl.java:logAppendEntries(1545)) - s11@group-BDFE845AF3B0: appendEntries* reply s9<-s11#7358:OK-t1,SUCCESS,nextIndex=135,followerCommit=133,matchIndex=134
2024-10-09 04:30:05,916 DEBUG server.RaftServer$Division (RaftServerImpl.java:logAppendEntries(1545)) - s12@group-BDFE845AF3B0: appendEntries* s9->s12#7360-t1,previous=(t:1, i:133),leaderCommit=133,initializing? false,entries: size=1, first=(t:1, i:134), METADATAENTRY(c:133)
2024-10-09 04:30:05,917 DEBUG server.RaftServer$Division (RaftServerImpl.java:logAppendEntries(1545)) - s3@group-BDFE845AF3B0: appendEntries* s9->s3#7364-t1,previous=(t:1, i:133),leaderCommit=133,initializing? false,entries: size=1, first=(t:1, i:134), METADATAENTRY(c:133)
2024-10-09 04:30:05,918 DEBUG server.RaftServer$Division (RaftServerImpl.java:logAppendEntries(1545)) - s13@group-BDFE845AF3B0: appendEntries* reply s9<-s13#7354:OK-t1,SUCCESS,nextIndex=135,followerCommit=133,matchIndex=134
2024-10-09 04:30:05,918 DEBUG server.RaftServer$Division (RaftServerImpl.java:logAppendEntries(1545)) - s4@group-BDFE845AF3B0: appendEntries* reply s9<-s4#7363:OK-t1,SUCCESS,nextIndex=135,followerCommit=133,matchIndex=134
2024-10-09 04:30:05,918 DEBUG server.RaftServer$Division (RaftServerImpl.java:logAppendEntries(1545)) - s12@group-BDFE845AF3B0: appendEntries* reply s9<-s12#7360:OK-t1,SUCCESS,nextIndex=135,followerCommit=133,matchIndex=134
2024-10-09 04:30:05,918 DEBUG server.RaftServer$Division (RaftServerImpl.java:logAppendEntries(1545)) - s3@group-BDFE845AF3B0: appendEntries* reply s9<-s3#7364:OK-t1,SUCCESS,nextIndex=135,followerCommit=133,matchIndex=134
2024-10-09 04:30:05,918 DEBUG server.RaftServer$Division (RaftServerImpl.java:logAppendEntries(1545)) - s6@group-BDFE845AF3B0: appendEntries* reply s9<-s6#7359:OK-t1,SUCCESS,nextIndex=135,followerCommit=133,matchIndex=134
2024-10-09 04:30:05,919 DEBUG server.RaftServer$Division (RaftServerImpl.java:logAppendEntries(1545)) - s2@group-BDFE845AF3B0: appendEntries* s9->s2#7361-t1,previous=(t:1, i:133),leaderCommit=133,initializing? false,entries: size=1, first=(t:1, i:134), METADATAENTRY(c:133)
2024-10-09 04:30:05,919 DEBUG server.RaftServer$Division (RaftServerImpl.java:logAppendEntries(1545)) - s2@group-BDFE845AF3B0: appendEntries* reply s9<-s2#7361:OK-t1,SUCCESS,nextIndex=135,followerCommit=133,matchIndex=134
2024-10-09 04:30:05,919 DEBUG server.RaftServer$Division (RaftServerImpl.java:logAppendEntries(1545)) - s0@group-BDFE845AF3B0: appendEntries* s9->s0#7366-t1,previous=(t:1, i:133),leaderCommit=134,initializing? false,entries: size=1, first=(t:1, i:134), METADATAENTRY(c:133)
2024-10-09 04:30:05,919 DEBUG server.RaftServer$Division (RaftServerImpl.java:logAppendEntries(1545)) - s10@group-BDFE845AF3B0: appendEntries* s9->s10#7365-t1,previous=(t:1, i:133),leaderCommit=133,initializing? false,entries: size=1, first=(t:1, i:134), METADATAENTRY(c:133)
2024-10-09 04:30:05,920 TRACE util.FileUtils (LogUtils.java:runAndLog(49)) - Successfully ran Atomic Files.move /home/runner/work/ratis/ratis/ratis-examples/target/test/data/6e6e5023/MiniRaftClusterWithNettya4857fb2/s4/c491dcd8-cfe1-48dd-9178-bdfe845af3b0/current/raft-meta.conf.tmp to /home/runner/work/ratis/ratis/ratis-examples/target/test/data/6e6e5023/MiniRaftClusterWithNettya4857fb2/s4/c491dcd8-cfe1-48dd-9178-bdfe845af3b0/current/raft-meta.conf with options [REPLACE_EXISTING]
2024-10-09 04:30:05,920 TRACE util.FileUtils (LogUtils.java:supplyAndLog(69)) - Successfully supplied FileChannel.open /home/runner/work/ratis/ratis/ratis-examples/target/test/data/6e6e5023/MiniRaftClusterWithNettya4857fb2/s4/c491dcd8-cfe1-48dd-9178-bdfe845af3b0/current/raft-meta.conf.tmp with options [CREATE, WRITE]: sun.nio.ch.FileChannelImpl@7626e6a3
2024-10-09 04:30:05,920 DEBUG server.RaftServer$Division (RaftServerImpl.java:logAppendEntries(1545)) - s0@group-BDFE845AF3B0: appendEntries* reply s9<-s0#7366:OK-t1,SUCCESS,nextIndex=135,followerCommit=134,matchIndex=134
2024-10-09 04:30:05,920 DEBUG server.RaftServer$Division (RaftServerImpl.java:logAppendEntries(1545)) - s7@group-BDFE845AF3B0: appendEntries* s9->s7#7362-t1,previous=(t:1, i:133),leaderCommit=133,initializing? false,entries: size=1, first=(t:1, i:134), METADATAENTRY(c:133)
2024-10-09 04:30:05,920 DEBUG server.RaftServer$Division (RaftServerImpl.java:logAppendEntries(1545)) - s10@group-BDFE845AF3B0: appendEntries* reply s9<-s10#7365:OK-t1,SUCCESS,nextIndex=135,followerCommit=133,matchIndex=134
2024-10-09 04:30:05,922 DEBUG server.RaftServer$Division (RaftServerImpl.java:submitClientRequestAsync(916)) - s9@group-BDFE845AF3B0: receive client request(RaftClientRequest:client-CAAA969A923D->s9@group-BDFE845AF3B0, cid=7367, seq=null, RW, Message:0101620240b4b8000000...(size=12))
2024-10-09 04:30:05,922 DEBUG server.RaftServer$Division (LeaderStateImpl.java:addPendingRequest(529)) - s9@group-BDFE845AF3B0-LeaderStateImpl: addPendingRequest at RaftClientRequest:client-CAAA969A923D->s9@group-BDFE845AF3B0, cid=7367, seq=null, RW, Message:0101620240b4b8000000...(size=12), entry=(t:1, i:135), STATEMACHINELOGENTRY, WRITE: logData.size=12, stateMachineData.size=0, logEntryProtoSerializedSize=0
2024-10-09 04:30:05,923 DEBUG server.RaftServer$Division (RaftServerImpl.java:logAppendEntries(1545)) - s8@group-BDFE845AF3B0: appendEntries* s9->s8#7368-t1,previous=(t:1, i:134),leaderCommit=134,initializing? false,entries: size=1, first=(t:1, i:135), STATEMACHINELOGENTRY, StateMachineLogEntryProto:7367@client-CAAA969A923D
2024-10-09 04:30:05,923 DEBUG server.RaftServer$Division (RaftServerImpl.java:logAppendEntries(1545)) - s0@group-BDFE845AF3B0: appendEntries* s9->s0#7369-t1,previous=(t:1, i:134),leaderCommit=134,initializing? false,entries: size=1, first=(t:1, i:135), STATEMACHINELOGENTRY, StateMachineLogEntryProto:7367@client-CAAA969A923D
2024-10-09 04:30:05,924 DEBUG server.RaftServer$Division (RaftServerImpl.java:logAppendEntries(1545)) - s1@group-BDFE845AF3B0: appendEntries* s9->s1#7370-t1,previous=(t:1, i:134),leaderCommit=134,initializing? false,entries: size=1, first=(t:1, i:135), STATEMACHINELOGENTRY, StateMachineLogEntryProto:7367@client-CAAA969A923D
2024-10-09 04:30:05,924 DEBUG server.RaftServer$Division (RaftServerImpl.java:logAppendEntries(1545)) - s11@group-BDFE845AF3B0: appendEntries* s9->s11#7371-t1,previous=(t:1, i:134),leaderCommit=134,initializing? false,entries: size=1, first=(t:1, i:135), STATEMACHINELOGENTRY, StateMachineLogEntryProto:7367@client-CAAA969A923D
2024-10-09 04:30:05,925 DEBUG server.RaftServer$Division (RaftServerImpl.java:logAppendEntries(1545)) - s10@group-BDFE845AF3B0: appendEntries* s9->s10#7372-t1,previous=(t:1, i:134),leaderCommit=134,initializing? false,entries: size=1, first=(t:1, i:135), STATEMACHINELOGENTRY, StateMachineLogEntryProto:7367@client-CAAA969A923D
2024-10-09 04:30:05,925 DEBUG server.RaftServer$Division (RaftServerImpl.java:logAppendEntries(1545)) - s11@group-BDFE845AF3B0: appendEntries* reply s9<-s11#7371:OK-t1,SUCCESS,nextIndex=136,followerCommit=134,matchIndex=135
2024-10-09 04:30:05,925 DEBUG server.RaftServer$Division (RaftServerImpl.java:logAppendEntries(1545)) - s1@group-BDFE845AF3B0: appendEntries* reply s9<-s1#7370:OK-t1,SUCCESS,nextIndex=136,followerCommit=134,matchIndex=135
2024-10-09 04:30:05,925 DEBUG server.RaftServer$Division (RaftServerImpl.java:logAppendEntries(1545)) - s7@group-BDFE845AF3B0: appendEntries* reply s9<-s7#7362:OK-t1,SUCCESS,nextIndex=135,followerCommit=133,matchIndex=134
2024-10-09 04:30:05,925 DEBUG server.RaftServer$Division (RaftServerImpl.java:logAppendEntries(1545)) - s0@group-BDFE845AF3B0: appendEntries* reply s9<-s0#7369:OK-t1,SUCCESS,nextIndex=136,followerCommit=134,matchIndex=135
2024-10-09 04:30:05,925 DEBUG server.RaftServer$Division (RaftServerImpl.java:logAppendEntries(1545)) - s8@group-BDFE845AF3B0: appendEntries* reply s9<-s8#7368:OK-t1,SUCCESS,nextIndex=136,followerCommit=134,matchIndex=135
2024-10-09 04:30:05,925 DEBUG server.RaftServer$Division (RaftServerImpl.java:logAppendEntries(1545)) - s14@group-BDFE845AF3B0: appendEntries* s9->s14#7373-t1,previous=(t:1, i:134),leaderCommit=134,initializing? false,entries: size=1, first=(t:1, i:135), STATEMACHINELOGENTRY, StateMachineLogEntryProto:7367@client-CAAA969A923D
2024-10-09 04:30:05,925 DEBUG server.RaftServer$Division (RaftServerImpl.java:logAppendEntries(1545)) - s5@group-BDFE845AF3B0: appendEntries* s9->s5#7375-t1,previous=(t:1, i:134),leaderCommit=134,initializing? false,entries: size=1, first=(t:1, i:135), STATEMACHINELOGENTRY, StateMachineLogEntryProto:7367@client-CAAA969A923D
2024-10-09 04:30:05,926 DEBUG server.RaftServer$Division (RaftServerImpl.java:logAppendEntries(1545)) - s10@group-BDFE845AF3B0: appendEntries* reply s9<-s10#7372:OK-t1,SUCCESS,nextIndex=136,followerCommit=134,matchIndex=135
2024-10-09 04:30:05,926 DEBUG server.RaftServer$Division (RaftServerImpl.java:logAppendEntries(1545)) - s6@group-BDFE845AF3B0: appendEntries* s9->s6#7376-t1,previous=(t:1, i:134),leaderCommit=134,initializing? false,entries: size=1, first=(t:1, i:135), STATEMACHINELOGENTRY, StateMachineLogEntryProto:7367@client-CAAA969A923D
2024-10-09 04:30:05,926 DEBUG server.RaftServer$Division (RaftServerImpl.java:logAppendEntries(1545)) - s12@group-BDFE845AF3B0: appendEntries* s9->s12#7380-t1,previous=(t:1, i:134),leaderCommit=134,initializing? false,entries: size=1, first=(t:1, i:135), STATEMACHINELOGENTRY, StateMachineLogEntryProto:7367@client-CAAA969A923D
2024-10-09 04:30:05,926 DEBUG server.RaftServer$Division (RaftServerImpl.java:logAppendEntries(1545)) - s13@group-BDFE845AF3B0: appendEntries* s9->s13#7378-t1,previous=(t:1, i:134),leaderCommit=134,initializing? false,entries: size=1, first=(t:1, i:135), STATEMACHINELOGENTRY, StateMachineLogEntryProto:7367@client-CAAA969A923D
2024-10-09 04:30:05,926 DEBUG server.RaftServer$Division (RaftServerImpl.java:logAppendEntries(1545)) - s14@group-BDFE845AF3B0: appendEntries* reply s9<-s14#7373:OK-t1,SUCCESS,nextIndex=136,followerCommit=134,matchIndex=135
2024-10-09 04:30:05,927 DEBUG server.RaftServer$Division (RaftServerImpl.java:logAppendEntries(1545)) - s5@group-BDFE845AF3B0: appendEntries* reply s9<-s5#7375:OK-t1,SUCCESS,nextIndex=136,followerCommit=134,matchIndex=135
2024-10-09 04:30:05,927 DEBUG server.RaftServer$Division (RaftServerImpl.java:logAppendEntries(1545)) - s12@group-BDFE845AF3B0: appendEntries* reply s9<-s12#7380:OK-t1,SUCCESS,nextIndex=136,followerCommit=134,matchIndex=135
2024-10-09 04:30:05,927 TRACE util.FileUtils (LogUtils.java:runAndLog(49)) - Successfully ran Atomic Files.move /home/runner/work/ratis/ratis/ratis-examples/target/test/data/6e6e5023/MiniRaftClusterWithNettya4857fb2/s4/c491dcd8-cfe1-48dd-9178-bdfe845af3b0/current/raft-meta.conf.tmp to /home/runner/work/ratis/ratis/ratis-examples/target/test/data/6e6e5023/MiniRaftClusterWithNettya4857fb2/s4/c491dcd8-cfe1-48dd-9178-bdfe845af3b0/current/raft-meta.conf with options [REPLACE_EXISTING]
2024-10-09 04:30:05,927 TRACE util.FileUtils (LogUtils.java:supplyAndLog(69)) - Successfully supplied FileChannel.open /home/runner/work/ratis/ratis/ratis-examples/target/test/data/6e6e5023/MiniRaftClusterWithNettya4857fb2/s4/c491dcd8-cfe1-48dd-9178-bdfe845af3b0/current/raft-meta.conf.tmp with options [CREATE, WRITE]: sun.nio.ch.FileChannelImpl@3f988cb9
2024-10-09 04:30:05,927 DEBUG server.RaftServer$Division (RaftServerImpl.java:logAppendEntries(1545)) - s13@group-BDFE845AF3B0: appendEntries* reply s9<-s13#7378:OK-t1,SUCCESS,nextIndex=136,followerCommit=134,matchIndex=135
2024-10-09 04:30:05,927 DEBUG server.RaftServer$Division (RaftServerImpl.java:logAppendEntries(1545)) - s3@group-BDFE845AF3B0: appendEntries* s9->s3#7377-t1,previous=(t:1, i:134),leaderCommit=134,initializing? false,entries: size=1, first=(t:1, i:135), STATEMACHINELOGENTRY, StateMachineLogEntryProto:7367@client-CAAA969A923D
2024-10-09 04:30:05,928 DEBUG server.RaftServer$Division (RaftServerImpl.java:logAppendEntries(1545)) - s7@group-BDFE845AF3B0: appendEntries* s9->s7#7381-t1,previous=(t:1, i:134),leaderCommit=134,initializing? false,entries: size=1, first=(t:1, i:135), STATEMACHINELOGENTRY, StateMachineLogEntryProto:7367@client-CAAA969A923D
2024-10-09 04:30:05,927 DEBUG server.RaftServer$Division (RaftServerImpl.java:logAppendEntries(1545)) - s4@group-BDFE845AF3B0: appendEntries* s9->s4#7374-t1,previous=(t:1, i:134),leaderCommit=134,initializing? false,entries: size=1, first=(t:1, i:135), STATEMACHINELOGENTRY, StateMachineLogEntryProto:7367@client-CAAA969A923D
2024-10-09 04:30:05,928 DEBUG server.RaftServer$Division (RaftServerImpl.java:logAppendEntries(1545)) - s3@group-BDFE845AF3B0: appendEntries* reply s9<-s3#7377:OK-t1,SUCCESS,nextIndex=136,followerCommit=134,matchIndex=135
2024-10-09 04:30:05,929 DEBUG server.RaftServer$Division (RaftServerImpl.java:logAppendEntries(1545)) - s7@group-BDFE845AF3B0: appendEntries* reply s9<-s7#7381:OK-t1,SUCCESS,nextIndex=136,followerCommit=134,matchIndex=135
2024-10-09 04:30:05,929 DEBUG server.RaftServer$Division (RaftServerImpl.java:logAppendEntries(1545)) - s4@group-BDFE845AF3B0: appendEntries* reply s9<-s4#7374:OK-t1,SUCCESS,nextIndex=136,followerCommit=134,matchIndex=135
2024-10-09 04:30:05,927 DEBUG server.RaftServer$Division (RaftServerImpl.java:logAppendEntries(1545)) - s2@group-BDFE845AF3B0: appendEntries* s9->s2#7379-t1,previous=(t:1, i:134),leaderCommit=134,initializing? false,entries: size=1, first=(t:1, i:135), STATEMACHINELOGENTRY, StateMachineLogEntryProto:7367@client-CAAA969A923D
2024-10-09 04:30:05,927 DEBUG server.RaftServer$Division (RaftServerImpl.java:logAppendEntries(1545)) - s6@group-BDFE845AF3B0: appendEntries* reply s9<-s6#7376:OK-t1,SUCCESS,nextIndex=136,followerCommit=134,matchIndex=135
2024-10-09 04:30:05,930 DEBUG server.RaftServer$Division (RaftServerImpl.java:logAppendEntries(1545)) - s2@group-BDFE845AF3B0: appendEntries* reply s9<-s2#7379:OK-t1,SUCCESS,nextIndex=136,followerCommit=134,matchIndex=135
2024-10-09 04:30:05,930 TRACE util.FileUtils (LogUtils.java:runAndLog(49)) - Successfully ran Atomic Files.move /home/runner/work/ratis/ratis/ratis-examples/target/test/data/6e6e5023/MiniRaftClusterWithNettya4857fb2/s14/c491dcd8-cfe1-48dd-9178-bdfe845af3b0/current/raft-meta.conf.tmp to /home/runner/work/ratis/ratis/ratis-examples/target/test/data/6e6e5023/MiniRaftClusterWithNettya4857fb2/s14/c491dcd8-cfe1-48dd-9178-bdfe845af3b0/current/raft-meta.conf with options [REPLACE_EXISTING]
2024-10-09 04:30:05,931 TRACE util.FileUtils (LogUtils.java:supplyAndLog(69)) - Successfully supplied FileChannel.open /home/runner/work/ratis/ratis/ratis-examples/target/test/data/6e6e5023/MiniRaftClusterWithNettya4857fb2/s14/c491dcd8-cfe1-48dd-9178-bdfe845af3b0/current/raft-meta.conf.tmp with options [CREATE, WRITE]: sun.nio.ch.FileChannelImpl@1666cc88
2024-10-09 04:30:05,932 TRACE util.FileUtils (LogUtils.java:runAndLog(49)) - Successfully ran Atomic Files.move /home/runner/work/ratis/ratis/ratis-examples/target/test/data/6e6e5023/MiniRaftClusterWithNettya4857fb2/s4/c491dcd8-cfe1-48dd-9178-bdfe845af3b0/current/raft-meta.conf.tmp to /home/runner/work/ratis/ratis/ratis-examples/target/test/data/6e6e5023/MiniRaftClusterWithNettya4857fb2/s4/c491dcd8-cfe1-48dd-9178-bdfe845af3b0/current/raft-meta.conf with options [REPLACE_EXISTING]
2024-10-09 04:30:05,933 INFO  statemachine.StateMachine (ArithmeticStateMachine.java:applyTransaction(181)) - LEADER:s9-135: b = 5304 = 5304
2024-10-09 04:30:05,934 DEBUG server.RaftServer$Division (RaftServerImpl.java:logAppendEntries(1545)) - s11@group-BDFE845AF3B0: appendEntries* s9->s11#7385-t1,previous=(t:1, i:135),leaderCommit=135,initializing? false,entries: size=1, first=(t:1, i:136), METADATAENTRY(c:135)
2024-10-09 04:30:05,934 DEBUG server.RaftServer$Division (RaftServerImpl.java:logAppendEntries(1545)) - s14@group-BDFE845AF3B0: appendEntries* s9->s14#7387-t1,previous=(t:1, i:135),leaderCommit=135,initializing? false,entries: size=1, first=(t:1, i:136), METADATAENTRY(c:135)
2024-10-09 04:30:05,934 DEBUG server.RaftServer$Division (RaftServerImpl.java:logAppendEntries(1545)) - s6@group-BDFE845AF3B0: appendEntries* s9->s6#7390-t1,previous=(t:1, i:135),leaderCommit=135,initializing? false,entries: size=1, first=(t:1, i:136), METADATAENTRY(c:135)
2024-10-09 04:30:05,934 DEBUG server.RaftServer$Division (RaftServerImpl.java:logAppendEntries(1545)) - s11@group-BDFE845AF3B0: appendEntries* reply s9<-s11#7385:OK-t1,SUCCESS,nextIndex=137,followerCommit=135,matchIndex=136
2024-10-09 04:30:05,933 DEBUG server.RaftServer$Division (RaftServerImpl.java:logAppendEntries(1545)) - s13@group-BDFE845AF3B0: appendEntries* s9->s13#7382-t1,previous=(t:1, i:135),leaderCommit=135,initializing? false,entries: size=1, first=(t:1, i:136), METADATAENTRY(c:135)
2024-10-09 04:30:05,934 DEBUG server.RaftServer$Division (RaftServerImpl.java:submitClientRequestAsync(916)) - s9@group-BDFE845AF3B0: receive client request(RaftClientRequest:client-CAAA969A923D->s9@group-BDFE845AF3B0, cid=7391, seq=null, RW, Message:01016304010300040201...(size=17))
2024-10-09 04:30:05,934 DEBUG server.RaftServer$Division (RaftServerImpl.java:logAppendEntries(1545)) - s14@group-BDFE845AF3B0: appendEntries* reply s9<-s14#7387:OK-t1,SUCCESS,nextIndex=137,followerCommit=135,matchIndex=136
2024-10-09 04:30:05,934 DEBUG server.RaftServer$Division (RaftServerImpl.java:logAppendEntries(1545)) - s0@group-BDFE845AF3B0: appendEntries* s9->s0#7383-t1,previous=(t:1, i:135),leaderCommit=135,initializing? false,entries: size=1, first=(t:1, i:136), METADATAENTRY(c:135)
2024-10-09 04:30:05,935 DEBUG server.RaftServer$Division (LeaderStateImpl.java:addPendingRequest(529)) - s9@group-BDFE845AF3B0-LeaderStateImpl: addPendingRequest at RaftClientRequest:client-CAAA969A923D->s9@group-BDFE845AF3B0, cid=7391, seq=null, RW, Message:01016304010300040201...(size=17), entry=(t:1, i:137), STATEMACHINELOGENTRY, WRITE: logData.size=17, stateMachineData.size=0, logEntryProtoSerializedSize=0
2024-10-09 04:30:05,935 DEBUG server.RaftServer$Division (RaftServerImpl.java:logAppendEntries(1545)) - s12@group-BDFE845AF3B0: appendEntries* s9->s12#7395-t1,previous=(t:1, i:135),leaderCommit=135,initializing? false,entries: size=1, first=(t:1, i:136), METADATAENTRY(c:135)
2024-10-09 04:30:05,935 DEBUG server.RaftServer$Division (RaftServerImpl.java:logAppendEntries(1545)) - s13@group-BDFE845AF3B0: appendEntries* reply s9<-s13#7382:OK-t1,SUCCESS,nextIndex=137,followerCommit=135,matchIndex=136
2024-10-09 04:30:05,934 DEBUG server.RaftServer$Division (RaftServerImpl.java:logAppendEntries(1545)) - s6@group-BDFE845AF3B0: appendEntries* reply s9<-s6#7390:OK-t1,SUCCESS,nextIndex=137,followerCommit=135,matchIndex=136
2024-10-09 04:30:05,935 DEBUG server.RaftServer$Division (RaftServerImpl.java:logAppendEntries(1545)) - s11@group-BDFE845AF3B0: appendEntries* s9->s11#7397-t1,previous=(t:1, i:136),leaderCommit=135,initializing? false,entries: size=1, first=(t:1, i:137), STATEMACHINELOGENTRY, StateMachineLogEntryProto:7391@client-CAAA969A923D
2024-10-09 04:30:05,935 DEBUG server.RaftServer$Division (RaftServerImpl.java:logAppendEntries(1545)) - s12@group-BDFE845AF3B0: appendEntries* reply s9<-s12#7395:OK-t1,SUCCESS,nextIndex=137,followerCommit=135,matchIndex=136
2024-10-09 04:30:05,935 DEBUG server.RaftServer$Division (RaftServerImpl.java:logAppendEntries(1545)) - s6@group-BDFE845AF3B0: appendEntries* s9->s6#7398-t1,previous=(t:1, i:136),leaderCommit=135,initializing? false,entries: size=1, first=(t:1, i:137), STATEMACHINELOGENTRY, StateMachineLogEntryProto:7391@client-CAAA969A923D
2024-10-09 04:30:05,936 DEBUG server.RaftServer$Division (RaftServerImpl.java:logAppendEntries(1545)) - s0@group-BDFE845AF3B0: appendEntries* reply s9<-s0#7383:OK-t1,SUCCESS,nextIndex=137,followerCommit=135,matchIndex=136
2024-10-09 04:30:05,936 DEBUG server.RaftServer$Division (RaftServerImpl.java:logAppendEntries(1545)) - s11@group-BDFE845AF3B0: appendEntries* reply s9<-s11#7397:OK-t1,SUCCESS,nextIndex=138,followerCommit=135,matchIndex=137
2024-10-09 04:30:05,936 DEBUG server.RaftServer$Division (RaftServerImpl.java:logAppendEntries(1545)) - s6@group-BDFE845AF3B0: appendEntries* reply s9<-s6#7398:OK-t1,SUCCESS,nextIndex=138,followerCommit=135,matchIndex=137
2024-10-09 04:30:05,936 DEBUG server.RaftServer$Division (RaftServerImpl.java:logAppendEntries(1545)) - s12@group-BDFE845AF3B0: appendEntries* s9->s12#7399-t1,previous=(t:1, i:136),leaderCommit=135,initializing? false,entries: size=1, first=(t:1, i:137), STATEMACHINELOGENTRY, StateMachineLogEntryProto:7391@client-CAAA969A923D
2024-10-09 04:30:05,937 DEBUG server.RaftServer$Division (RaftServerImpl.java:logAppendEntries(1545)) - s3@group-BDFE845AF3B0: appendEntries* s9->s3#7389-t1,previous=(t:1, i:135),leaderCommit=135,initializing? false,entries: size=1, first=(t:1, i:136), METADATAENTRY(c:135)
2024-10-09 04:30:05,937 DEBUG server.RaftServer$Division (RaftServerImpl.java:logAppendEntries(1545)) - s12@group-BDFE845AF3B0: appendEntries* reply s9<-s12#7399:OK-t1,SUCCESS,nextIndex=138,followerCommit=135,matchIndex=137
2024-10-09 04:30:05,937 DEBUG server.RaftServer$Division (RaftServerImpl.java:logAppendEntries(1545)) - s5@group-BDFE845AF3B0: appendEntries* s9->s5#7388-t1,previous=(t:1, i:135),leaderCommit=135,initializing? false,entries: size=1, first=(t:1, i:136), METADATAENTRY(c:135)
2024-10-09 04:30:05,937 DEBUG server.RaftServer$Division (RaftServerImpl.java:logAppendEntries(1545)) - s2@group-BDFE845AF3B0: appendEntries* s9->s2#7392-t1,previous=(t:1, i:135),leaderCommit=135,initializing? false,entries: size=1, first=(t:1, i:136), METADATAENTRY(c:135)
2024-10-09 04:30:05,937 DEBUG server.RaftServer$Division (RaftServerImpl.java:logAppendEntries(1545)) - s13@group-BDFE845AF3B0: appendEntries* s9->s13#7401-t1,previous=(t:1, i:136),leaderCommit=135,initializing? false,entries: size=1, first=(t:1, i:137), STATEMACHINELOGENTRY, StateMachineLogEntryProto:7391@client-CAAA969A923D
2024-10-09 04:30:05,937 DEBUG server.RaftServer$Division (RaftServerImpl.java:logAppendEntries(1545)) - s3@group-BDFE845AF3B0: appendEntries* reply s9<-s3#7389:OK-t1,SUCCESS,nextIndex=137,followerCommit=135,matchIndex=136
2024-10-09 04:30:05,937 DEBUG server.RaftServer$Division (RaftServerImpl.java:logAppendEntries(1545)) - s14@group-BDFE845AF3B0: appendEntries* s9->s14#7400-t1,previous=(t:1, i:136),leaderCommit=135,initializing? false,entries: size=1, first=(t:1, i:137), STATEMACHINELOGENTRY, StateMachineLogEntryProto:7391@client-CAAA969A923D
2024-10-09 04:30:05,937 DEBUG server.RaftServer$Division (RaftServerImpl.java:logAppendEntries(1545)) - s2@group-BDFE845AF3B0: appendEntries* reply s9<-s2#7392:OK-t1,SUCCESS,nextIndex=137,followerCommit=135,matchIndex=136
2024-10-09 04:30:05,937 DEBUG server.RaftServer$Division (RaftServerImpl.java:logAppendEntries(1545)) - s5@group-BDFE845AF3B0: appendEntries* reply s9<-s5#7388:OK-t1,SUCCESS,nextIndex=137,followerCommit=135,matchIndex=136
2024-10-09 04:30:05,938 DEBUG server.RaftServer$Division (RaftServerImpl.java:logAppendEntries(1545)) - s13@group-BDFE845AF3B0: appendEntries* reply s9<-s13#7401:OK-t1,SUCCESS,nextIndex=138,followerCommit=135,matchIndex=137
2024-10-09 04:30:05,938 DEBUG server.RaftServer$Division (RaftServerImpl.java:logAppendEntries(1545)) - s4@group-BDFE845AF3B0: appendEntries* s9->s4#7386-t1,previous=(t:1, i:135),leaderCommit=135,initializing? false,entries: size=1, first=(t:1, i:136), METADATAENTRY(c:135)
2024-10-09 04:30:05,938 DEBUG server.RaftServer$Division (RaftServerImpl.java:logAppendEntries(1545)) - s8@group-BDFE845AF3B0: appendEntries* s9->s8#7396-t1,previous=(t:1, i:135),leaderCommit=135,initializing? false,entries: size=1, first=(t:1, i:136), METADATAENTRY(c:135)
2024-10-09 04:30:05,938 DEBUG server.RaftServer$Division (RaftServerImpl.java:logAppendEntries(1545)) - s1@group-BDFE845AF3B0: appendEntries* s9->s1#7384-t1,previous=(t:1, i:135),leaderCommit=135,initializing? false,entries: size=1, first=(t:1, i:136), METADATAENTRY(c:135)
2024-10-09 04:30:05,938 DEBUG server.RaftServer$Division (RaftServerImpl.java:logAppendEntries(1545)) - s2@group-BDFE845AF3B0: appendEntries* s9->s2#7402-t1,previous=(t:1, i:136),leaderCommit=135,initializing? false,entries: size=1, first=(t:1, i:137), STATEMACHINELOGENTRY, StateMachineLogEntryProto:7391@client-CAAA969A923D
2024-10-09 04:30:05,939 DEBUG server.RaftServer$Division (RaftServerImpl.java:logAppendEntries(1545)) - s4@group-BDFE845AF3B0: appendEntries* reply s9<-s4#7386:OK-t1,SUCCESS,nextIndex=137,followerCommit=135,matchIndex=136
2024-10-09 04:30:05,939 DEBUG server.RaftServer$Division (RaftServerImpl.java:logAppendEntries(1545)) - s5@group-BDFE845AF3B0: appendEntries* s9->s5#7404-t1,previous=(t:1, i:136),leaderCommit=135,initializing? false,entries: size=1, first=(t:1, i:137), STATEMACHINELOGENTRY, StateMachineLogEntryProto:7391@client-CAAA969A923D
2024-10-09 04:30:05,939 DEBUG server.RaftServer$Division (RaftServerImpl.java:logAppendEntries(1545)) - s8@group-BDFE845AF3B0: appendEntries* reply s9<-s8#7396:OK-t1,SUCCESS,nextIndex=137,followerCommit=135,matchIndex=136
2024-10-09 04:30:05,937 DEBUG server.RaftServer$Division (RaftServerImpl.java:logAppendEntries(1545)) - s10@group-BDFE845AF3B0: appendEntries* s9->s10#7393-t1,previous=(t:1, i:135),leaderCommit=135,initializing? false,entries: size=1, first=(t:1, i:136), METADATAENTRY(c:135)
2024-10-09 04:30:05,939 DEBUG server.RaftServer$Division (RaftServerImpl.java:logAppendEntries(1545)) - s5@group-BDFE845AF3B0: appendEntries* reply s9<-s5#7404:OK-t1,SUCCESS,nextIndex=138,followerCommit=135,matchIndex=137
2024-10-09 04:30:05,939 DEBUG server.RaftServer$Division (RaftServerImpl.java:logAppendEntries(1545)) - s1@group-BDFE845AF3B0: appendEntries* reply s9<-s1#7384:OK-t1,SUCCESS,nextIndex=137,followerCommit=135,matchIndex=136
2024-10-09 04:30:05,938 DEBUG server.RaftServer$Division (RaftServerImpl.java:logAppendEntries(1545)) - s7@group-BDFE845AF3B0: appendEntries* s9->s7#7394-t1,previous=(t:1, i:135),leaderCommit=135,initializing? false,entries: size=1, first=(t:1, i:136), METADATAENTRY(c:135)
2024-10-09 04:30:05,938 DEBUG server.RaftServer$Division (RaftServerImpl.java:logAppendEntries(1545)) - s0@group-BDFE845AF3B0: appendEntries* s9->s0#7403-t1,previous=(t:1, i:136),leaderCommit=135,initializing? false,entries: size=1, first=(t:1, i:137), STATEMACHINELOGENTRY, StateMachineLogEntryProto:7391@client-CAAA969A923D
2024-10-09 04:30:05,940 DEBUG server.RaftServer$Division (RaftServerImpl.java:logAppendEntries(1545)) - s7@group-BDFE845AF3B0: appendEntries* reply s9<-s7#7394:OK-t1,SUCCESS,nextIndex=137,followerCommit=135,matchIndex=136
2024-10-09 04:30:05,938 DEBUG server.RaftServer$Division (RaftServerImpl.java:logAppendEntries(1545)) - s14@group-BDFE845AF3B0: appendEntries* reply s9<-s14#7400:OK-t1,SUCCESS,nextIndex=138,followerCommit=135,matchIndex=137
2024-10-09 04:30:05,939 DEBUG server.RaftServer$Division (RaftServerImpl.java:logAppendEntries(1545)) - s10@group-BDFE845AF3B0: appendEntries* reply s9<-s10#7393:OK-t1,SUCCESS,nextIndex=137,followerCommit=135,matchIndex=136
2024-10-09 04:30:05,940 DEBUG server.RaftServer$Division (RaftServerImpl.java:logAppendEntries(1545)) - s0@group-BDFE845AF3B0: appendEntries* reply s9<-s0#7403:OK-t1,SUCCESS,nextIndex=138,followerCommit=135,matchIndex=137
2024-10-09 04:30:05,940 INFO  statemachine.StateMachine (ArithmeticStateMachine.java:applyTransaction(181)) - LEADER:s9-137: c = √(a^2 + b^2) = 5305
2024-10-09 04:30:05,941 DEBUG server.RaftServer$Division (RaftServerImpl.java:logAppendEntries(1545)) - s11@group-BDFE845AF3B0: appendEntries* s9->s11#7412-t1,previous=(t:1, i:137),leaderCommit=137,initializing? false,entries: size=1, first=(t:1, i:138), METADATAENTRY(c:137)
2024-10-09 04:30:05,940 DEBUG server.RaftServer$Division (RaftServerImpl.java:logAppendEntries(1545)) - s14@group-BDFE845AF3B0: appendEntries* s9->s14#7409-t1,previous=(t:1, i:137),leaderCommit=137,initializing? false,entries: size=1, first=(t:1, i:138), METADATAENTRY(c:137)
2024-10-09 04:30:05,945 DEBUG server.RaftServer$Division (RaftServerImpl.java:logAppendEntries(1545)) - s6@group-BDFE845AF3B0: appendEntries* s9->s6#7415-t1,previous=(t:1, i:137),leaderCommit=137,initializing? false,entries: size=1, first=(t:1, i:138), METADATAENTRY(c:137)
2024-10-09 04:30:05,946 DEBUG server.RaftServer$Division (RaftServerImpl.java:logAppendEntries(1545)) - s6@group-BDFE845AF3B0: appendEntries* reply s9<-s6#7415:OK-t1,SUCCESS,nextIndex=139,followerCommit=137,matchIndex=138
2024-10-09 04:30:05,946 DEBUG server.RaftServer$Division (RaftServerImpl.java:logAppendEntries(1545)) - s8@group-BDFE845AF3B0: appendEntries* s9->s8#7418-t1,previous=(t:1, i:136),leaderCommit=137,initializing? false,entries: size=2, first=(t:1, i:137), STATEMACHINELOGENTRY, StateMachineLogEntryProto:7391@client-CAAA969A923D
2024-10-09 04:30:05,945 DEBUG server.RaftServer$Division (RaftServerImpl.java:logAppendEntries(1545)) - s3@group-BDFE845AF3B0: appendEntries* s9->s3#7406-t1,previous=(t:1, i:136),leaderCommit=136,initializing? false,entries: size=1, first=(t:1, i:137), STATEMACHINELOGENTRY, StateMachineLogEntryProto:7391@client-CAAA969A923D
2024-10-09 04:30:05,946 DEBUG server.RaftServer$Division (RaftServerImpl.java:logAppendEntries(1545)) - s8@group-BDFE845AF3B0: appendEntries* reply s9<-s8#7418:OK-t1,SUCCESS,nextIndex=139,followerCommit=137,matchIndex=138
2024-10-09 04:30:05,946 DEBUG server.RaftServer$Division (RaftServerImpl.java:logAppendEntries(1545)) - s7@group-BDFE845AF3B0: appendEntries* s9->s7#7417-t1,previous=(t:1, i:136),leaderCommit=137,initializing? false,entries: size=2, first=(t:1, i:137), STATEMACHINELOGENTRY, StateMachineLogEntryProto:7391@client-CAAA969A923D
2024-10-09 04:30:05,945 DEBUG server.RaftServer$Division (RaftServerImpl.java:logAppendEntries(1545)) - s10@group-BDFE845AF3B0: appendEntries* s9->s10#7407-t1,previous=(t:1, i:136),leaderCommit=136,initializing? false,entries: size=1, first=(t:1, i:137), STATEMACHINELOGENTRY, StateMachineLogEntryProto:7391@client-CAAA969A923D
2024-10-09 04:30:05,947 DEBUG server.RaftServer$Division (RaftServerImpl.java:logAppendEntries(1545)) - s3@group-BDFE845AF3B0: appendEntries* reply s9<-s3#7406:OK-t1,SUCCESS,nextIndex=138,followerCommit=136,matchIndex=137
2024-10-09 04:30:05,945 DEBUG server.RaftServer$Division (RaftServerImpl.java:logAppendEntries(1545)) - s4@group-BDFE845AF3B0: appendEntries* s9->s4#7413-t1,previous=(t:1, i:136),leaderCommit=137,initializing? false,entries: size=2, first=(t:1, i:137), STATEMACHINELOGENTRY, StateMachineLogEntryProto:7391@client-CAAA969A923D
2024-10-09 04:30:05,944 DEBUG server.RaftServer$Division (RaftServerImpl.java:logAppendEntries(1545)) - s2@group-BDFE845AF3B0: appendEntries* reply s9<-s2#7402:OK-t1,SUCCESS,nextIndex=138,followerCommit=135,matchIndex=137
2024-10-09 04:30:05,947 DEBUG server.RaftServer$Division (RaftServerImpl.java:logAppendEntries(1545)) - s7@group-BDFE845AF3B0: appendEntries* reply s9<-s7#7417:OK-t1,SUCCESS,nextIndex=139,followerCommit=137,matchIndex=138
2024-10-09 04:30:05,944 DEBUG server.RaftServer$Division (RaftServerImpl.java:logAppendEntries(1545)) - s0@group-BDFE845AF3B0: appendEntries* s9->s0#7411-t1,previous=(t:1, i:137),leaderCommit=137,initializing? false,entries: size=1, first=(t:1, i:138), METADATAENTRY(c:137)
2024-10-09 04:30:05,944 DEBUG server.RaftServer$Division (RaftServerImpl.java:logAppendEntries(1545)) - s11@group-BDFE845AF3B0: appendEntries* reply s9<-s11#7412:OK-t1,SUCCESS,nextIndex=139,followerCommit=137,matchIndex=138
2024-10-09 04:30:05,944 DEBUG server.RaftServer$Division (RaftServerImpl.java:logAppendEntries(1545)) - s5@group-BDFE845AF3B0: appendEntries* s9->s5#7410-t1,previous=(t:1, i:137),leaderCommit=137,initializing? false,entries: size=1, first=(t:1, i:138), METADATAENTRY(c:137)
2024-10-09 04:30:05,948 DEBUG server.RaftServer$Division (RaftServerImpl.java:logAppendEntries(1545)) - s0@group-BDFE845AF3B0: appendEntries* reply s9<-s0#7411:OK-t1,SUCCESS,nextIndex=139,followerCommit=137,matchIndex=138
2024-10-09 04:30:05,944 DEBUG server.RaftServer$Division (RaftServerImpl.java:logAppendEntries(1545)) - s12@group-BDFE845AF3B0: appendEntries* s9->s12#7416-t1,previous=(t:1, i:137),leaderCommit=137,initializing? false,entries: size=1, first=(t:1, i:138), METADATAENTRY(c:137)
2024-10-09 04:30:05,944 DEBUG server.RaftServer$Division (RaftServerImpl.java:logAppendEntries(1545)) - s1@group-BDFE845AF3B0: appendEntries* s9->s1#7405-t1,previous=(t:1, i:136),leaderCommit=136,initializing? false,entries: size=1, first=(t:1, i:137), STATEMACHINELOGENTRY, StateMachineLogEntryProto:7391@client-CAAA969A923D
2024-10-09 04:30:05,941 DEBUG server.RaftServer$Division (RaftServerImpl.java:logAppendEntries(1545)) - s13@group-BDFE845AF3B0: appendEntries* s9->s13#7408-t1,previous=(t:1, i:137),leaderCommit=137,initializing? false,entries: size=1, first=(t:1, i:138), METADATAENTRY(c:137)
2024-10-09 04:30:05,948 TRACE util.FileUtils (LogUtils.java:runAndLog(49)) - Successfully ran Atomic Files.move /home/runner/work/ratis/ratis/ratis-examples/target/test/data/6e6e5023/MiniRaftClusterWithNettya4857fb2/s14/c491dcd8-cfe1-48dd-9178-bdfe845af3b0/current/raft-meta.conf.tmp to /home/runner/work/ratis/ratis/ratis-examples/target/test/data/6e6e5023/MiniRaftClusterWithNettya4857fb2/s14/c491dcd8-cfe1-48dd-9178-bdfe845af3b0/current/raft-meta.conf with options [REPLACE_EXISTING]
2024-10-09 04:30:05,941 DEBUG server.RaftServer$Division (RaftServerImpl.java:submitClientRequestAsync(916)) - s9@group-BDFE845AF3B0: receive client request(RaftClientRequest:client-CAAA969A923D->s9@group-BDFE845AF3B0, cid=7414, seq=null, RW, Message:01016100)
2024-10-09 04:30:05,949 DEBUG server.RaftServer$Division (LeaderStateImpl.java:addPendingRequest(529)) - s9@group-BDFE845AF3B0-LeaderStateImpl: addPendingRequest at RaftClientRequest:client-CAAA969A923D->s9@group-BDFE845AF3B0, cid=7414, seq=null, RW, Message:01016100, entry=(t:1, i:139), STATEMACHINELOGENTRY, WRITE: logData.size=4, stateMachineData.size=0, logEntryProtoSerializedSize=0
2024-10-09 04:30:05,948 DEBUG server.RaftServer$Division (RaftServerImpl.java:logAppendEntries(1545)) - s12@group-BDFE845AF3B0: appendEntries* reply s9<-s12#7416:OK-t1,SUCCESS,nextIndex=139,followerCommit=137,matchIndex=138
2024-10-09 04:30:05,949 DEBUG server.RaftServer$Division (RaftServerImpl.java:logAppendEntries(1545)) - s1@group-BDFE845AF3B0: appendEntries* reply s9<-s1#7405:OK-t1,SUCCESS,nextIndex=138,followerCommit=136,matchIndex=137
2024-10-09 04:30:05,949 DEBUG server.RaftServer$Division (RaftServerImpl.java:logAppendEntries(1545)) - s0@group-BDFE845AF3B0: appendEntries* s9->s0#7420-t1,previous=(t:1, i:138),leaderCommit=137,initializing? false,entries: size=1, first=(t:1, i:139), STATEMACHINELOGENTRY, StateMachineLogEntryProto:7414@client-CAAA969A923D
2024-10-09 04:30:05,949 DEBUG server.RaftServer$Division (RaftServerImpl.java:logAppendEntries(1545)) - s0@group-BDFE845AF3B0: appendEntries* reply s9<-s0#7420:OK-t1,SUCCESS,nextIndex=140,followerCommit=137,matchIndex=139
2024-10-09 04:30:05,950 DEBUG server.RaftServer$Division (RaftServerImpl.java:logAppendEntries(1545)) - s1@group-BDFE845AF3B0: appendEntries* s9->s1#7421-t1,previous=(t:1, i:137),leaderCommit=137,initializing? false,entries: size=2, first=(t:1, i:138), METADATAENTRY(c:137)
2024-10-09 04:30:05,950 DEBUG server.RaftServer$Division (RaftServerImpl.java:logAppendEntries(1545)) - s2@group-BDFE845AF3B0: appendEntries* s9->s2#7419-t1,previous=(t:1, i:137),leaderCommit=137,initializing? false,entries: size=2, first=(t:1, i:138), METADATAENTRY(c:137)
2024-10-09 04:30:05,950 DEBUG server.RaftServer$Division (RaftServerImpl.java:logAppendEntries(1545)) - s1@group-BDFE845AF3B0: appendEntries* reply s9<-s1#7421:OK-t1,SUCCESS,nextIndex=140,followerCommit=137,matchIndex=139
2024-10-09 04:30:05,951 DEBUG server.RaftServer$Division (RaftServerImpl.java:logAppendEntries(1545)) - s2@group-BDFE845AF3B0: appendEntries* reply s9<-s2#7419:OK-t1,SUCCESS,nextIndex=140,followerCommit=137,matchIndex=139
2024-10-09 04:30:05,951 DEBUG server.RaftServer$Division (RaftServerImpl.java:logAppendEntries(1545)) - s3@group-BDFE845AF3B0: appendEntries* s9->s3#7423-t1,previous=(t:1, i:137),leaderCommit=137,initializing? false,entries: size=2, first=(t:1, i:138), METADATAENTRY(c:137)
2024-10-09 04:30:05,952 DEBUG server.RaftServer$Division (RaftServerImpl.java:logAppendEntries(1545)) - s8@group-BDFE845AF3B0: appendEntries* s9->s8#7422-t1,previous=(t:1, i:138),leaderCommit=137,initializing? false,entries: size=1, first=(t:1, i:139), STATEMACHINELOGENTRY, StateMachineLogEntryProto:7414@client-CAAA969A923D
2024-10-09 04:30:05,952 DEBUG server.RaftServer$Division (RaftServerImpl.java:logAppendEntries(1545)) - s3@group-BDFE845AF3B0: appendEntries* reply s9<-s3#7423:OK-t1,SUCCESS,nextIndex=140,followerCommit=137,matchIndex=139
2024-10-09 04:30:05,952 DEBUG server.RaftServer$Division (RaftServerImpl.java:logAppendEntries(1545)) - s8@group-BDFE845AF3B0: appendEntries* reply s9<-s8#7422:OK-t1,SUCCESS,nextIndex=140,followerCommit=137,matchIndex=139
2024-10-09 04:30:05,953 DEBUG server.RaftServer$Division (RaftServerImpl.java:logAppendEntries(1545)) - s7@group-BDFE845AF3B0: appendEntries* s9->s7#7424-t1,previous=(t:1, i:138),leaderCommit=137,initializing? false,entries: size=1, first=(t:1, i:139), STATEMACHINELOGENTRY, StateMachineLogEntryProto:7414@client-CAAA969A923D
2024-10-09 04:30:05,953 DEBUG server.RaftServer$Division (RaftServerImpl.java:logAppendEntries(1545)) - s7@group-BDFE845AF3B0: appendEntries* reply s9<-s7#7424:OK-t1,SUCCESS,nextIndex=140,followerCommit=137,matchIndex=139
2024-10-09 04:30:05,948 DEBUG server.RaftServer$Division (RaftServerImpl.java:logAppendEntries(1545)) - s5@group-BDFE845AF3B0: appendEntries* reply s9<-s5#7410:OK-t1,SUCCESS,nextIndex=139,followerCommit=137,matchIndex=138
2024-10-09 04:30:05,947 DEBUG server.RaftServer$Division (RaftServerImpl.java:logAppendEntries(1545)) - s4@group-BDFE845AF3B0: appendEntries* reply s9<-s4#7413:OK-t1,SUCCESS,nextIndex=139,followerCommit=137,matchIndex=138
2024-10-09 04:30:05,947 DEBUG server.RaftServer$Division (RaftServerImpl.java:logAppendEntries(1545)) - s10@group-BDFE845AF3B0: appendEntries* reply s9<-s10#7407:OK-t1,SUCCESS,nextIndex=138,followerCommit=136,matchIndex=137
2024-10-09 04:30:05,945 DEBUG server.RaftServer$Division (RaftServerImpl.java:logAppendEntries(1545)) - s14@group-BDFE845AF3B0: appendEntries* reply s9<-s14#7409:OK-t1,SUCCESS,nextIndex=139,followerCommit=137,matchIndex=138
2024-10-09 04:30:05,949 DEBUG server.RaftServer$Division (RaftServerImpl.java:logAppendEntries(1545)) - s13@group-BDFE845AF3B0: appendEntries* reply s9<-s13#7408:OK-t1,SUCCESS,nextIndex=139,followerCommit=137,matchIndex=138
2024-10-09 04:30:05,954 DEBUG server.RaftServer$Division (RaftServerImpl.java:logAppendEntries(1545)) - s5@group-BDFE845AF3B0: appendEntries* s9->s5#7429-t1,previous=(t:1, i:138),leaderCommit=138,initializing? false,entries: size=1, first=(t:1, i:139), STATEMACHINELOGENTRY, StateMachineLogEntryProto:7414@client-CAAA969A923D
2024-10-09 04:30:05,955 DEBUG server.RaftServer$Division (RaftServerImpl.java:logAppendEntries(1545)) - s11@group-BDFE845AF3B0: appendEntries* s9->s11#7426-t1,previous=(t:1, i:138),leaderCommit=138,initializing? false,entries: size=1, first=(t:1, i:139), STATEMACHINELOGENTRY, StateMachineLogEntryProto:7414@client-CAAA969A923D
2024-10-09 04:30:05,955 DEBUG server.RaftServer$Division (RaftServerImpl.java:logAppendEntries(1545)) - s14@group-BDFE845AF3B0: appendEntries* s9->s14#7430-t1,previous=(t:1, i:138),leaderCommit=138,initializing? false,entries: size=1, first=(t:1, i:139), STATEMACHINELOGENTRY, StateMachineLogEntryProto:7414@client-CAAA969A923D
2024-10-09 04:30:05,955 DEBUG server.RaftServer$Division (RaftServerImpl.java:logAppendEntries(1545)) - s6@group-BDFE845AF3B0: appendEntries* s9->s6#7427-t1,previous=(t:1, i:138),leaderCommit=138,initializing? false,entries: size=1, first=(t:1, i:139), STATEMACHINELOGENTRY, StateMachineLogEntryProto:7414@client-CAAA969A923D
2024-10-09 04:30:05,955 DEBUG server.RaftServer$Division (RaftServerImpl.java:logAppendEntries(1545)) - s5@group-BDFE845AF3B0: appendEntries* reply s9<-s5#7429:OK-t1,SUCCESS,nextIndex=140,followerCommit=138,matchIndex=139
2024-10-09 04:30:05,955 DEBUG server.RaftServer$Division (RaftServerImpl.java:logAppendEntries(1545)) - s13@group-BDFE845AF3B0: appendEntries* s9->s13#7428-t1,previous=(t:1, i:138),leaderCommit=138,initializing? false,entries: size=1, first=(t:1, i:139), STATEMACHINELOGENTRY, StateMachineLogEntryProto:7414@client-CAAA969A923D
2024-10-09 04:30:05,955 DEBUG server.RaftServer$Division (RaftServerImpl.java:logAppendEntries(1545)) - s11@group-BDFE845AF3B0: appendEntries* reply s9<-s11#7426:OK-t1,SUCCESS,nextIndex=140,followerCommit=138,matchIndex=139
2024-10-09 04:30:05,955 DEBUG server.RaftServer$Division (RaftServerImpl.java:logAppendEntries(1545)) - s14@group-BDFE845AF3B0: appendEntries* reply s9<-s14#7430:OK-t1,SUCCESS,nextIndex=140,followerCommit=138,matchIndex=139
2024-10-09 04:30:05,956 DEBUG server.RaftServer$Division (RaftServerImpl.java:logAppendEntries(1545)) - s12@group-BDFE845AF3B0: appendEntries* s9->s12#7431-t1,previous=(t:1, i:138),leaderCommit=138,initializing? false,entries: size=1, first=(t:1, i:139), STATEMACHINELOGENTRY, StateMachineLogEntryProto:7414@client-CAAA969A923D
2024-10-09 04:30:05,956 DEBUG server.RaftServer$Division (RaftServerImpl.java:logAppendEntries(1545)) - s6@group-BDFE845AF3B0: appendEntries* reply s9<-s6#7427:OK-t1,SUCCESS,nextIndex=140,followerCommit=138,matchIndex=139
2024-10-09 04:30:05,956 DEBUG server.RaftServer$Division (RaftServerImpl.java:logAppendEntries(1545)) - s13@group-BDFE845AF3B0: appendEntries* reply s9<-s13#7428:OK-t1,SUCCESS,nextIndex=140,followerCommit=138,matchIndex=139
2024-10-09 04:30:05,956 INFO  statemachine.StateMachine (ArithmeticStateMachine.java:applyTransaction(181)) - LEADER:s9-139: a = null = null
2024-10-09 04:30:05,956 DEBUG server.RaftServer$Division (RaftServerImpl.java:logAppendEntries(1545)) - s13@group-BDFE845AF3B0: appendEntries* s9->s13#7440-t1,previous=(t:1, i:139),leaderCommit=139,initializing? false,entries: size=1, first=(t:1, i:140), METADATAENTRY(c:139)
2024-10-09 04:30:05,957 DEBUG server.RaftServer$Division (RaftServerImpl.java:logAppendEntries(1545)) - s12@group-BDFE845AF3B0: appendEntries* reply s9<-s12#7431:OK-t1,SUCCESS,nextIndex=140,followerCommit=138,matchIndex=139
2024-10-09 04:30:05,957 DEBUG server.RaftServer$Division (RaftServerImpl.java:submitClientRequestAsync(916)) - s9@group-BDFE845AF3B0: receive client request(RaftClientRequest:client-CAAA969A923D->s9@group-BDFE845AF3B0, cid=7438, seq=null, RW, Message:01016200)
2024-10-09 04:30:05,957 DEBUG server.RaftServer$Division (RaftServerImpl.java:logAppendEntries(1545)) - s6@group-BDFE845AF3B0: appendEntries* s9->s6#7443-t1,previous=(t:1, i:139),leaderCommit=139,initializing? false,entries: size=1, first=(t:1, i:140), METADATAENTRY(c:139)
2024-10-09 04:30:05,957 DEBUG server.RaftServer$Division (RaftServerImpl.java:logAppendEntries(1545)) - s13@group-BDFE845AF3B0: appendEntries* reply s9<-s13#7440:OK-t1,SUCCESS,nextIndex=141,followerCommit=139,matchIndex=140
2024-10-09 04:30:05,957 DEBUG server.RaftServer$Division (RaftServerImpl.java:logAppendEntries(1545)) - s11@group-BDFE845AF3B0: appendEntries* s9->s11#7434-t1,previous=(t:1, i:139),leaderCommit=139,initializing? false,entries: size=1, first=(t:1, i:140), METADATAENTRY(c:139)
2024-10-09 04:30:05,957 DEBUG server.RaftServer$Division (RaftServerImpl.java:logAppendEntries(1545)) - s6@group-BDFE845AF3B0: appendEntries* reply s9<-s6#7443:OK-t1,SUCCESS,nextIndex=141,followerCommit=139,matchIndex=140
2024-10-09 04:30:05,957 DEBUG server.RaftServer$Division (RaftServerImpl.java:logAppendEntries(1545)) - s0@group-BDFE845AF3B0: appendEntries* s9->s0#7436-t1,previous=(t:1, i:139),leaderCommit=139,initializing? false,entries: size=1, first=(t:1, i:140), METADATAENTRY(c:139)
2024-10-09 04:30:05,958 DEBUG server.RaftServer$Division (RaftServerImpl.java:logAppendEntries(1545)) - s11@group-BDFE845AF3B0: appendEntries* reply s9<-s11#7434:OK-t1,SUCCESS,nextIndex=141,followerCommit=139,matchIndex=140
2024-10-09 04:30:05,957 DEBUG server.RaftServer$Division (RaftServerImpl.java:logAppendEntries(1545)) - s10@group-BDFE845AF3B0: appendEntries* s9->s10#7432-t1,previous=(t:1, i:137),leaderCommit=138,initializing? false,entries: size=2, first=(t:1, i:138), METADATAENTRY(c:137)
2024-10-09 04:30:05,958 DEBUG server.RaftServer$Division (RaftServerImpl.java:logAppendEntries(1545)) - s5@group-BDFE845AF3B0: appendEntries* s9->s5#7445-t1,previous=(t:1, i:139),leaderCommit=139,initializing? false,entries: size=1, first=(t:1, i:140), METADATAENTRY(c:139)
2024-10-09 04:30:05,957 DEBUG server.RaftServer$Division (RaftServerImpl.java:logAppendEntries(1545)) - s14@group-BDFE845AF3B0: appendEntries* s9->s14#7435-t1,previous=(t:1, i:139),leaderCommit=139,initializing? false,entries: size=1, first=(t:1, i:140), METADATAENTRY(c:139)
2024-10-09 04:30:05,958 DEBUG server.RaftServer$Division (RaftServerImpl.java:logAppendEntries(1545)) - s12@group-BDFE845AF3B0: appendEntries* s9->s12#7444-t1,previous=(t:1, i:139),leaderCommit=139,initializing? false,entries: size=1, first=(t:1, i:140), METADATAENTRY(c:139)
2024-10-09 04:30:05,959 DEBUG server.RaftServer$Division (RaftServerImpl.java:logAppendEntries(1545)) - s0@group-BDFE845AF3B0: appendEntries* reply s9<-s0#7436:OK-t1,SUCCESS,nextIndex=141,followerCommit=139,matchIndex=140
2024-10-09 04:30:05,959 DEBUG server.RaftServer$Division (RaftServerImpl.java:logAppendEntries(1545)) - s1@group-BDFE845AF3B0: appendEntries* s9->s1#7433-t1,previous=(t:1, i:139),leaderCommit=139,initializing? false,entries: size=1, first=(t:1, i:140), METADATAENTRY(c:139)
2024-10-09 04:30:05,959 DEBUG server.RaftServer$Division (RaftServerImpl.java:logAppendEntries(1545)) - s12@group-BDFE845AF3B0: appendEntries* reply s9<-s12#7444:OK-t1,SUCCESS,nextIndex=141,followerCommit=139,matchIndex=140
2024-10-09 04:30:05,959 DEBUG server.RaftServer$Division (RaftServerImpl.java:logAppendEntries(1545)) - s1@group-BDFE845AF3B0: appendEntries* reply s9<-s1#7433:OK-t1,SUCCESS,nextIndex=141,followerCommit=139,matchIndex=140
2024-10-09 04:30:05,959 DEBUG server.RaftServer$Division (LeaderStateImpl.java:addPendingRequest(529)) - s9@group-BDFE845AF3B0-LeaderStateImpl: addPendingRequest at RaftClientRequest:client-CAAA969A923D->s9@group-BDFE845AF3B0, cid=7438, seq=null, RW, Message:01016200, entry=(t:1, i:141), STATEMACHINELOGENTRY, WRITE: logData.size=4, stateMachineData.size=0, logEntryProtoSerializedSize=0
2024-10-09 04:30:05,959 DEBUG server.RaftServer$Division (RaftServerImpl.java:logAppendEntries(1545)) - s2@group-BDFE845AF3B0: appendEntries* s9->s2#7441-t1,previous=(t:1, i:139),leaderCommit=139,initializing? false,entries: size=1, first=(t:1, i:140), METADATAENTRY(c:139)
2024-10-09 04:30:05,959 DEBUG server.RaftServer$Division (RaftServerImpl.java:logAppendEntries(1545)) - s4@group-BDFE845AF3B0: appendEntries* s9->s4#7425-t1,previous=(t:1, i:138),leaderCommit=138,initializing? false,entries: size=1, first=(t:1, i:139), STATEMACHINELOGENTRY, StateMachineLogEntryProto:7414@client-CAAA969A923D
2024-10-09 04:30:05,960 DEBUG server.RaftServer$Division (RaftServerImpl.java:logAppendEntries(1545)) - s6@group-BDFE845AF3B0: appendEntries* s9->s6#7449-t1,previous=(t:1, i:140),leaderCommit=139,initializing? false,entries: size=1, first=(t:1, i:141), STATEMACHINELOGENTRY, StateMachineLogEntryProto:7438@client-CAAA969A923D
2024-10-09 04:30:05,959 DEBUG server.RaftServer$Division (RaftServerImpl.java:logAppendEntries(1545)) - s5@group-BDFE845AF3B0: appendEntries* reply s9<-s5#7445:OK-t1,SUCCESS,nextIndex=141,followerCommit=139,matchIndex=140
2024-10-09 04:30:05,960 DEBUG server.RaftServer$Division (RaftServerImpl.java:logAppendEntries(1545)) - s11@group-BDFE845AF3B0: appendEntries* s9->s11#7448-t1,previous=(t:1, i:140),leaderCommit=139,initializing? false,entries: size=1, first=(t:1, i:141), STATEMACHINELOGENTRY, StateMachineLogEntryProto:7438@client-CAAA969A923D
2024-10-09 04:30:05,960 DEBUG server.RaftServer$Division (RaftServerImpl.java:logAppendEntries(1545)) - s0@group-BDFE845AF3B0: appendEntries* s9->s0#7450-t1,previous=(t:1, i:140),leaderCommit=139,initializing? false,entries: size=1, first=(t:1, i:141), STATEMACHINELOGENTRY, StateMachineLogEntryProto:7438@client-CAAA969A923D
2024-10-09 04:30:05,960 DEBUG server.RaftServer$Division (RaftServerImpl.java:logAppendEntries(1545)) - s4@group-BDFE845AF3B0: appendEntries* reply s9<-s4#7425:OK-t1,SUCCESS,nextIndex=140,followerCommit=138,matchIndex=139
2024-10-09 04:30:05,959 DEBUG server.RaftServer$Division (RaftServerImpl.java:logAppendEntries(1545)) - s14@group-BDFE845AF3B0: appendEntries* reply s9<-s14#7435:OK-t1,SUCCESS,nextIndex=141,followerCommit=139,matchIndex=140
2024-10-09 04:30:05,960 DEBUG server.RaftServer$Division (RaftServerImpl.java:logAppendEntries(1545)) - s11@group-BDFE845AF3B0: appendEntries* reply s9<-s11#7448:OK-t1,SUCCESS,nextIndex=142,followerCommit=139,matchIndex=141
2024-10-09 04:30:05,959 DEBUG server.RaftServer$Division (RaftServerImpl.java:logAppendEntries(1545)) - s10@group-BDFE845AF3B0: appendEntries* reply s9<-s10#7432:OK-t1,SUCCESS,nextIndex=140,followerCommit=138,matchIndex=139
2024-10-09 04:30:05,960 DEBUG server.RaftServer$Division (RaftServerImpl.java:logAppendEntries(1545)) - s6@group-BDFE845AF3B0: appendEntries* reply s9<-s6#7449:OK-t1,SUCCESS,nextIndex=142,followerCommit=139,matchIndex=141
2024-10-09 04:30:05,960 DEBUG server.RaftServer$Division (RaftServerImpl.java:logAppendEntries(1545)) - s13@group-BDFE845AF3B0: appendEntries* s9->s13#7447-t1,previous=(t:1, i:140),leaderCommit=139,initializing? false,entries: size=1, first=(t:1, i:141), STATEMACHINELOGENTRY, StateMachineLogEntryProto:7438@client-CAAA969A923D
2024-10-09 04:30:05,961 DEBUG server.RaftServer$Division (RaftServerImpl.java:logAppendEntries(1545)) - s0@group-BDFE845AF3B0: appendEntries* reply s9<-s0#7450:OK-t1,SUCCESS,nextIndex=142,followerCommit=139,matchIndex=141
2024-10-09 04:30:05,960 DEBUG server.RaftServer$Division (RaftServerImpl.java:logAppendEntries(1545)) - s2@group-BDFE845AF3B0: appendEntries* reply s9<-s2#7441:OK-t1,SUCCESS,nextIndex=141,followerCommit=139,matchIndex=140
2024-10-09 04:30:05,961 DEBUG server.RaftServer$Division (RaftServerImpl.java:logAppendEntries(1545)) - s14@group-BDFE845AF3B0: appendEntries* s9->s14#7452-t1,previous=(t:1, i:140),leaderCommit=139,initializing? false,entries: size=1, first=(t:1, i:141), STATEMACHINELOGENTRY, StateMachineLogEntryProto:7438@client-CAAA969A923D
2024-10-09 04:30:05,961 DEBUG server.RaftServer$Division (RaftServerImpl.java:logAppendEntries(1545)) - s13@group-BDFE845AF3B0: appendEntries* reply s9<-s13#7447:OK-t1,SUCCESS,nextIndex=142,followerCommit=139,matchIndex=141
2024-10-09 04:30:05,961 DEBUG server.RaftServer$Division (RaftServerImpl.java:logAppendEntries(1545)) - s5@group-BDFE845AF3B0: appendEntries* s9->s5#7451-t1,previous=(t:1, i:140),leaderCommit=139,initializing? false,entries: size=1, first=(t:1, i:141), STATEMACHINELOGENTRY, StateMachineLogEntryProto:7438@client-CAAA969A923D
2024-10-09 04:30:05,961 DEBUG server.RaftServer$Division (RaftServerImpl.java:logAppendEntries(1545)) - s12@group-BDFE845AF3B0: appendEntries* s9->s12#7446-t1,previous=(t:1, i:140),leaderCommit=139,initializing? false,entries: size=1, first=(t:1, i:141), STATEMACHINELOGENTRY, StateMachineLogEntryProto:7438@client-CAAA969A923D
2024-10-09 04:30:05,961 DEBUG server.RaftServer$Division (RaftServerImpl.java:logAppendEntries(1545)) - s14@group-BDFE845AF3B0: appendEntries* reply s9<-s14#7452:OK-t1,SUCCESS,nextIndex=142,followerCommit=139,matchIndex=141
2024-10-09 04:30:05,962 DEBUG server.RaftServer$Division (RaftServerImpl.java:logAppendEntries(1545)) - s5@group-BDFE845AF3B0: appendEntries* reply s9<-s5#7451:OK-t1,SUCCESS,nextIndex=142,followerCommit=139,matchIndex=141
2024-10-09 04:30:05,962 DEBUG server.RaftServer$Division (RaftServerImpl.java:logAppendEntries(1545)) - s12@group-BDFE845AF3B0: appendEntries* reply s9<-s12#7446:OK-t1,SUCCESS,nextIndex=142,followerCommit=139,matchIndex=141
2024-10-09 04:30:05,961 DEBUG server.RaftServer$Division (RaftServerImpl.java:logAppendEntries(1545)) - s10@group-BDFE845AF3B0: appendEntries* s9->s10#7453-t1,previous=(t:1, i:139),leaderCommit=140,initializing? false,entries: size=2, first=(t:1, i:140), METADATAENTRY(c:139)
2024-10-09 04:30:05,962 DEBUG server.RaftServer$Division (RaftServerImpl.java:logAppendEntries(1545)) - s8@group-BDFE845AF3B0: appendEntries* s9->s8#7442-t1,previous=(t:1, i:139),leaderCommit=139,initializing? false,entries: size=1, first=(t:1, i:140), METADATAENTRY(c:139)
2024-10-09 04:30:05,962 DEBUG server.RaftServer$Division (RaftServerImpl.java:logAppendEntries(1545)) - s1@group-BDFE845AF3B0: appendEntries* s9->s1#7454-t1,previous=(t:1, i:140),leaderCommit=140,initializing? false,entries: size=1, first=(t:1, i:141), STATEMACHINELOGENTRY, StateMachineLogEntryProto:7438@client-CAAA969A923D
2024-10-09 04:30:05,963 DEBUG server.RaftServer$Division (RaftServerImpl.java:logAppendEntries(1545)) - s0@group-BDFE845AF3B0: appendEntries* s9->s0#7455-t1,previous=(t:1, i:141),leaderCommit=141,initializing? false,entries: size=1, first=(t:1, i:142), METADATAENTRY(c:141)
2024-10-09 04:30:05,963 DEBUG server.RaftServer$Division (RaftServerImpl.java:logAppendEntries(1545)) - s14@group-BDFE845AF3B0: appendEntries* s9->s14#7460-t1,previous=(t:1, i:141),leaderCommit=141,initializing? false,entries: size=1, first=(t:1, i:142), METADATAENTRY(c:141)
2024-10-09 04:30:05,963 DEBUG server.RaftServer$Division (RaftServerImpl.java:logAppendEntries(1545)) - s12@group-BDFE845AF3B0: appendEntries* s9->s12#7458-t1,previous=(t:1, i:141),leaderCommit=141,initializing? false,entries: size=1, first=(t:1, i:142), METADATAENTRY(c:141)
2024-10-09 04:30:05,963 DEBUG server.RaftServer$Division (RaftServerImpl.java:logAppendEntries(1545)) - s14@group-BDFE845AF3B0: appendEntries* reply s9<-s14#7460:OK-t1,SUCCESS,nextIndex=143,followerCommit=141,matchIndex=142
2024-10-09 04:30:05,963 DEBUG server.RaftServer$Division (RaftServerImpl.java:logAppendEntries(1545)) - s0@group-BDFE845AF3B0: appendEntries* reply s9<-s0#7455:OK-t1,SUCCESS,nextIndex=143,followerCommit=141,matchIndex=142
2024-10-09 04:30:05,963 DEBUG server.RaftServer$Division (RaftServerImpl.java:logAppendEntries(1545)) - s6@group-BDFE845AF3B0: appendEntries* s9->s6#7456-t1,previous=(t:1, i:141),leaderCommit=141,initializing? false,entries: size=1, first=(t:1, i:142), METADATAENTRY(c:141)
2024-10-09 04:30:05,964 DEBUG server.RaftServer$Division (RaftServerImpl.java:logAppendEntries(1545)) - s12@group-BDFE845AF3B0: appendEntries* reply s9<-s12#7458:OK-t1,SUCCESS,nextIndex=143,followerCommit=141,matchIndex=142
2024-10-09 04:30:05,964 DEBUG server.RaftServer$Division (RaftServerImpl.java:logAppendEntries(1545)) - s4@group-BDFE845AF3B0: appendEntries* s9->s4#7462-t1,previous=(t:1, i:139),leaderCommit=141,initializing? false,entries: size=3, first=(t:1, i:140), METADATAENTRY(c:139)
2024-10-09 04:30:05,964 DEBUG server.RaftServer$Division (RaftServerImpl.java:logAppendEntries(1545)) - s5@group-BDFE845AF3B0: appendEntries* s9->s5#7461-t1,previous=(t:1, i:141),leaderCommit=141,initializing? false,entries: size=1, first=(t:1, i:142), METADATAENTRY(c:141)
2024-10-09 04:30:05,962 DEBUG server.RaftServer$Division (RaftServerImpl.java:logAppendEntries(1545)) - s3@group-BDFE845AF3B0: appendEntries* s9->s3#7437-t1,previous=(t:1, i:139),leaderCommit=139,initializing? false,entries: size=1, first=(t:1, i:140), METADATAENTRY(c:139)
2024-10-09 04:30:05,964 DEBUG server.RaftServer$Division (RaftServerImpl.java:logAppendEntries(1545)) - s6@group-BDFE845AF3B0: appendEntries* reply s9<-s6#7456:OK-t1,SUCCESS,nextIndex=143,followerCommit=141,matchIndex=142
2024-10-09 04:30:05,964 DEBUG server.RaftServer$Division (RaftServerImpl.java:logAppendEntries(1545)) - s5@group-BDFE845AF3B0: appendEntries* reply s9<-s5#7461:OK-t1,SUCCESS,nextIndex=143,followerCommit=141,matchIndex=142
2024-10-09 04:30:05,965 DEBUG server.RaftServer$Division (RaftServerImpl.java:logAppendEntries(1545)) - s4@group-BDFE845AF3B0: appendEntries* reply s9<-s4#7462:OK-t1,SUCCESS,nextIndex=143,followerCommit=141,matchIndex=142
2024-10-09 04:30:05,965 DEBUG server.RaftServer$Division (RaftServerImpl.java:logAppendEntries(1545)) - s3@group-BDFE845AF3B0: appendEntries* reply s9<-s3#7437:OK-t1,SUCCESS,nextIndex=141,followerCommit=139,matchIndex=140
2024-10-09 04:30:05,963 DEBUG server.RaftServer$Division (RaftServerImpl.java:logAppendEntries(1545)) - s13@group-BDFE845AF3B0: appendEntries* s9->s13#7459-t1,previous=(t:1, i:141),leaderCommit=141,initializing? false,entries: size=1, first=(t:1, i:142), METADATAENTRY(c:141)
2024-10-09 04:30:05,963 INFO  statemachine.StateMachine (ArithmeticStateMachine.java:applyTransaction(181)) - LEADER:s9-141: b = null = null
2024-10-09 04:30:05,963 DEBUG server.RaftServer$Division (RaftServerImpl.java:logAppendEntries(1545)) - s10@group-BDFE845AF3B0: appendEntries* reply s9<-s10#7453:OK-t1,SUCCESS,nextIndex=142,followerCommit=140,matchIndex=141
2024-10-09 04:30:05,963 DEBUG server.RaftServer$Division (RaftServerImpl.java:logAppendEntries(1545)) - s11@group-BDFE845AF3B0: appendEntries* s9->s11#7457-t1,previous=(t:1, i:141),leaderCommit=141,initializing? false,entries: size=1, first=(t:1, i:142), METADATAENTRY(c:141)
2024-10-09 04:30:05,963 DEBUG server.RaftServer$Division (RaftServerImpl.java:logAppendEntries(1545)) - s1@group-BDFE845AF3B0: appendEntries* reply s9<-s1#7454:OK-t1,SUCCESS,nextIndex=142,followerCommit=140,matchIndex=141
2024-10-09 04:30:05,963 DEBUG server.RaftServer$Division (RaftServerImpl.java:logAppendEntries(1545)) - s8@group-BDFE845AF3B0: appendEntries* reply s9<-s8#7442:OK-t1,SUCCESS,nextIndex=141,followerCommit=139,matchIndex=140
2024-10-09 04:30:05,965 DEBUG server.RaftServer$Division (RaftServerImpl.java:logAppendEntries(1545)) - s11@group-BDFE845AF3B0: appendEntries* reply s9<-s11#7457:OK-t1,SUCCESS,nextIndex=143,followerCommit=141,matchIndex=142
2024-10-09 04:30:05,965 DEBUG server.RaftServer$Division (RaftServerImpl.java:logAppendEntries(1545)) - s7@group-BDFE845AF3B0: appendEntries* s9->s7#7439-t1,previous=(t:1, i:139),leaderCommit=139,initializing? false,entries: size=1, first=(t:1, i:140), METADATAENTRY(c:139)
2024-10-09 04:30:05,965 DEBUG server.RaftServer$Division (RaftServerImpl.java:submitClientRequestAsync(916)) - s9@group-BDFE845AF3B0: receive client request(RaftClientRequest:client-CAAA969A923D->s9@group-BDFE845AF3B0, cid=7463, seq=null, RW, Message:01016300)
2024-10-09 04:30:05,966 DEBUG server.RaftServer$Division (LeaderStateImpl.java:addPendingRequest(529)) - s9@group-BDFE845AF3B0-LeaderStateImpl: addPendingRequest at RaftClientRequest:client-CAAA969A923D->s9@group-BDFE845AF3B0, cid=7463, seq=null, RW, Message:01016300, entry=(t:1, i:143), STATEMACHINELOGENTRY, WRITE: logData.size=4, stateMachineData.size=0, logEntryProtoSerializedSize=0
2024-10-09 04:30:05,966 DEBUG server.RaftServer$Division (RaftServerImpl.java:logAppendEntries(1545)) - s14@group-BDFE845AF3B0: appendEntries* s9->s14#7466-t1,previous=(t:1, i:142),leaderCommit=141,initializing? false,entries: size=1, first=(t:1, i:143), STATEMACHINELOGENTRY, StateMachineLogEntryProto:7463@client-CAAA969A923D
2024-10-09 04:30:05,966 DEBUG server.RaftServer$Division (RaftServerImpl.java:logAppendEntries(1545)) - s6@group-BDFE845AF3B0: appendEntries* s9->s6#7468-t1,previous=(t:1, i:142),leaderCommit=141,initializing? false,entries: size=1, first=(t:1, i:143), STATEMACHINELOGENTRY, StateMachineLogEntryProto:7463@client-CAAA969A923D
2024-10-09 04:30:05,966 DEBUG server.RaftServer$Division (RaftServerImpl.java:logAppendEntries(1545)) - s2@group-BDFE845AF3B0: appendEntries* s9->s2#7465-t1,previous=(t:1, i:140),leaderCommit=141,initializing? false,entries: size=3, first=(t:1, i:141), STATEMACHINELOGENTRY, StateMachineLogEntryProto:7438@client-CAAA969A923D
2024-10-09 04:30:05,967 DEBUG server.RaftServer$Division (RaftServerImpl.java:logAppendEntries(1545)) - s0@group-BDFE845AF3B0: appendEntries* s9->s0#7467-t1,previous=(t:1, i:142),leaderCommit=141,initializing? false,entries: size=1, first=(t:1, i:143), STATEMACHINELOGENTRY, StateMachineLogEntryProto:7463@client-CAAA969A923D
2024-10-09 04:30:05,965 DEBUG server.RaftServer$Division (RaftServerImpl.java:logAppendEntries(1545)) - s10@group-BDFE845AF3B0: appendEntries* s9->s10#7464-t1,previous=(t:1, i:141),leaderCommit=141,initializing? false,entries: size=1, first=(t:1, i:142), METADATAENTRY(c:141)
2024-10-09 04:30:05,967 DEBUG server.RaftServer$Division (RaftServerImpl.java:logAppendEntries(1545)) - s2@group-BDFE845AF3B0: appendEntries* reply s9<-s2#7465:OK-t1,SUCCESS,nextIndex=144,followerCommit=141,matchIndex=143
2024-10-09 04:30:05,967 DEBUG server.RaftServer$Division (RaftServerImpl.java:logAppendEntries(1545)) - s6@group-BDFE845AF3B0: appendEntries* reply s9<-s6#7468:OK-t1,SUCCESS,nextIndex=144,followerCommit=141,matchIndex=143
2024-10-09 04:30:05,966 DEBUG server.RaftServer$Division (RaftServerImpl.java:logAppendEntries(1545)) - s13@group-BDFE845AF3B0: appendEntries* reply s9<-s13#7459:OK-t1,SUCCESS,nextIndex=143,followerCommit=141,matchIndex=142
2024-10-09 04:30:05,966 DEBUG server.RaftServer$Division (RaftServerImpl.java:logAppendEntries(1545)) - s14@group-BDFE845AF3B0: appendEntries* reply s9<-s14#7466:OK-t1,SUCCESS,nextIndex=144,followerCommit=141,matchIndex=143
2024-10-09 04:30:05,966 DEBUG server.RaftServer$Division (RaftServerImpl.java:logAppendEntries(1545)) - s11@group-BDFE845AF3B0: appendEntries* s9->s11#7470-t1,previous=(t:1, i:142),leaderCommit=141,initializing? false,entries: size=1, first=(t:1, i:143), STATEMACHINELOGENTRY, StateMachineLogEntryProto:7463@client-CAAA969A923D
2024-10-09 04:30:05,967 DEBUG server.RaftServer$Division (RaftServerImpl.java:logAppendEntries(1545)) - s10@group-BDFE845AF3B0: appendEntries* reply s9<-s10#7464:OK-t1,SUCCESS,nextIndex=143,followerCommit=141,matchIndex=142
2024-10-09 04:30:05,968 DEBUG server.RaftServer$Division (RaftServerImpl.java:logAppendEntries(1545)) - s8@group-BDFE845AF3B0: appendEntries* s9->s8#7471-t1,previous=(t:1, i:140),leaderCommit=141,initializing? false,entries: size=3, first=(t:1, i:141), STATEMACHINELOGENTRY, StateMachineLogEntryProto:7438@client-CAAA969A923D
2024-10-09 04:30:05,966 DEBUG server.RaftServer$Division (RaftServerImpl.java:logAppendEntries(1545)) - s7@group-BDFE845AF3B0: appendEntries* reply s9<-s7#7439:OK-t1,SUCCESS,nextIndex=141,followerCommit=139,matchIndex=140
2024-10-09 04:30:05,968 DEBUG server.RaftServer$Division (RaftServerImpl.java:logAppendEntries(1545)) - s0@group-BDFE845AF3B0: appendEntries* reply s9<-s0#7467:OK-t1,SUCCESS,nextIndex=144,followerCommit=141,matchIndex=143
2024-10-09 04:30:05,968 DEBUG server.RaftServer$Division (RaftServerImpl.java:logAppendEntries(1545)) - s1@group-BDFE845AF3B0: appendEntries* s9->s1#7472-t1,previous=(t:1, i:141),leaderCommit=141,initializing? false,entries: size=2, first=(t:1, i:142), METADATAENTRY(c:141)
2024-10-09 04:30:05,967 DEBUG server.RaftServer$Division (RaftServerImpl.java:logAppendEntries(1545)) - s12@group-BDFE845AF3B0: appendEntries* s9->s12#7469-t1,previous=(t:1, i:142),leaderCommit=141,initializing? false,entries: size=1, first=(t:1, i:143), STATEMACHINELOGENTRY, StateMachineLogEntryProto:7463@client-CAAA969A923D
2024-10-09 04:30:05,968 DEBUG server.RaftServer$Division (RaftServerImpl.java:logAppendEntries(1545)) - s3@group-BDFE845AF3B0: appendEntries* s9->s3#7473-t1,previous=(t:1, i:140),leaderCommit=141,initializing? false,entries: size=3, first=(t:1, i:141), STATEMACHINELOGENTRY, StateMachineLogEntryProto:7438@client-CAAA969A923D
2024-10-09 04:30:05,968 DEBUG server.RaftServer$Division (RaftServerImpl.java:logAppendEntries(1545)) - s10@group-BDFE845AF3B0: appendEntries* s9->s10#7475-t1,previous=(t:1, i:142),leaderCommit=141,initializing? false,entries: size=1, first=(t:1, i:143), STATEMACHINELOGENTRY, StateMachineLogEntryProto:7463@client-CAAA969A923D
2024-10-09 04:30:05,968 DEBUG server.RaftServer$Division (RaftServerImpl.java:logAppendEntries(1545)) - s11@group-BDFE845AF3B0: appendEntries* reply s9<-s11#7470:OK-t1,SUCCESS,nextIndex=144,followerCommit=141,matchIndex=143
2024-10-09 04:30:05,969 DEBUG server.RaftServer$Division (RaftServerImpl.java:logAppendEntries(1545)) - s8@group-BDFE845AF3B0: appendEntries* reply s9<-s8#7471:OK-t1,SUCCESS,nextIndex=144,followerCommit=141,matchIndex=143
2024-10-09 04:30:05,968 DEBUG server.RaftServer$Division (RaftServerImpl.java:logAppendEntries(1545)) - s13@group-BDFE845AF3B0: appendEntries* s9->s13#7474-t1,previous=(t:1, i:142),leaderCommit=141,initializing? false,entries: size=1, first=(t:1, i:143), STATEMACHINELOGENTRY, StateMachineLogEntryProto:7463@client-CAAA969A923D
2024-10-09 04:30:05,969 DEBUG server.RaftServer$Division (RaftServerImpl.java:logAppendEntries(1545)) - s12@group-BDFE845AF3B0: appendEntries* reply s9<-s12#7469:OK-t1,SUCCESS,nextIndex=144,followerCommit=141,matchIndex=143
2024-10-09 04:30:05,968 DEBUG server.RaftServer$Division (RaftServerImpl.java:logAppendEntries(1545)) - s1@group-BDFE845AF3B0: appendEntries* reply s9<-s1#7472:OK-t1,SUCCESS,nextIndex=144,followerCommit=141,matchIndex=143
2024-10-09 04:30:05,969 DEBUG server.RaftServer$Division (RaftServerImpl.java:logAppendEntries(1545)) - s13@group-BDFE845AF3B0: appendEntries* reply s9<-s13#7474:OK-t1,SUCCESS,nextIndex=144,followerCommit=141,matchIndex=143
2024-10-09 04:30:05,969 DEBUG server.RaftServer$Division (RaftServerImpl.java:logAppendEntries(1545)) - s3@group-BDFE845AF3B0: appendEntries* reply s9<-s3#7473:OK-t1,SUCCESS,nextIndex=144,followerCommit=141,matchIndex=143
2024-10-09 04:30:05,969 DEBUG server.RaftServer$Division (RaftServerImpl.java:logAppendEntries(1545)) - s10@group-BDFE845AF3B0: appendEntries* reply s9<-s10#7475:OK-t1,SUCCESS,nextIndex=144,followerCommit=141,matchIndex=143
2024-10-09 04:30:05,969 INFO  statemachine.StateMachine (ArithmeticStateMachine.java:applyTransaction(181)) - LEADER:s9-143: c = null = null
2024-10-09 04:30:05,969 DEBUG server.RaftServer$Division (RaftServerImpl.java:logAppendEntries(1545)) - s11@group-BDFE845AF3B0: appendEntries* s9->s11#7476-t1,previous=(t:1, i:143),leaderCommit=143,initializing? false,entries: size=1, first=(t:1, i:144), METADATAENTRY(c:143)
2024-10-09 04:30:05,970 DEBUG server.RaftServer$Division (RaftServerImpl.java:logAppendEntries(1545)) - s4@group-BDFE845AF3B0: appendEntries* s9->s4#7477-t1,previous=(t:1, i:142),leaderCommit=143,initializing? false,entries: size=2, first=(t:1, i:143), STATEMACHINELOGENTRY, StateMachineLogEntryProto:7463@client-CAAA969A923D
2024-10-09 04:30:05,970 DEBUG server.RaftServer$Division (RaftServerImpl.java:logAppendEntries(1545)) - s11@group-BDFE845AF3B0: appendEntries* reply s9<-s11#7476:OK-t1,SUCCESS,nextIndex=145,followerCommit=143,matchIndex=144
2024-10-09 04:30:05,970 DEBUG server.RaftServer$Division (RaftServerImpl.java:logAppendEntries(1545)) - s4@group-BDFE845AF3B0: appendEntries* reply s9<-s4#7477:OK-t1,SUCCESS,nextIndex=145,followerCommit=143,matchIndex=144
2024-10-09 04:30:05,970 DEBUG server.RaftServer$Division (RaftServerImpl.java:logAppendEntries(1545)) - s0@group-BDFE845AF3B0: appendEntries* s9->s0#7480-t1,previous=(t:1, i:143),leaderCommit=143,initializing? false,entries: size=1, first=(t:1, i:144), METADATAENTRY(c:143)
2024-10-09 04:30:05,970 DEBUG server.RaftServer$Division (RaftServerImpl.java:logAppendEntries(1545)) - s5@group-BDFE845AF3B0: appendEntries* s9->s5#7486-t1,previous=(t:1, i:142),leaderCommit=143,initializing? false,entries: size=2, first=(t:1, i:143), STATEMACHINELOGENTRY, StateMachineLogEntryProto:7463@client-CAAA969A923D
2024-10-09 04:30:05,971 DEBUG server.RaftServer$Division (RaftServerImpl.java:logAppendEntries(1545)) - s13@group-BDFE845AF3B0: appendEntries* s9->s13#7478-t1,previous=(t:1, i:143),leaderCommit=143,initializing? false,entries: size=1, first=(t:1, i:144), METADATAENTRY(c:143)
2024-10-09 04:30:05,970 DEBUG server.RaftServer$Division (RaftServerImpl.java:logAppendEntries(1545)) - s7@group-BDFE845AF3B0: appendEntries* s9->s7#7481-t1,previous=(t:1, i:140),leaderCommit=143,initializing? false,entries: size=4, first=(t:1, i:141), STATEMACHINELOGENTRY, StateMachineLogEntryProto:7438@client-CAAA969A923D
2024-10-09 04:30:05,971 DEBUG server.RaftServer$Division (RaftServerImpl.java:logAppendEntries(1545)) - s7@group-BDFE845AF3B0: appendEntries* reply s9<-s7#7481:OK-t1,SUCCESS,nextIndex=145,followerCommit=143,matchIndex=144
2024-10-09 04:30:05,972 DEBUG server.RaftServer$Division (RaftServerImpl.java:logAppendEntries(1545)) - s8@group-BDFE845AF3B0: appendEntries* s9->s8#7487-t1,previous=(t:1, i:143),leaderCommit=143,initializing? false,entries: size=1, first=(t:1, i:144), METADATAENTRY(c:143)
2024-10-09 04:30:05,970 DEBUG server.RaftServer$Division (RaftServerImpl.java:logAppendEntries(1545)) - s6@group-BDFE845AF3B0: appendEntries* s9->s6#7483-t1,previous=(t:1, i:143),leaderCommit=143,initializing? false,entries: size=1, first=(t:1, i:144), METADATAENTRY(c:143)
2024-10-09 04:30:05,971 DEBUG server.RaftServer$Division (RaftServerImpl.java:logAppendEntries(1545)) - s13@group-BDFE845AF3B0: appendEntries* reply s9<-s13#7478:OK-t1,SUCCESS,nextIndex=145,followerCommit=143,matchIndex=144
2024-10-09 04:30:05,971 DEBUG server.RaftServer$Division (RaftServerImpl.java:logAppendEntries(1545)) - s0@group-BDFE845AF3B0: appendEntries* reply s9<-s0#7480:OK-t1,SUCCESS,nextIndex=145,followerCommit=143,matchIndex=144
2024-10-09 04:30:05,972 DEBUG server.RaftServer$Division (RaftServerImpl.java:logAppendEntries(1545)) - s3@group-BDFE845AF3B0: appendEntries* s9->s3#7489-t1,previous=(t:1, i:143),leaderCommit=143,initializing? false,entries: size=1, first=(t:1, i:144), METADATAENTRY(c:143)
2024-10-09 04:30:05,970 DEBUG server.RaftServer$Division (RaftServerImpl.java:logAppendEntries(1545)) - s12@group-BDFE845AF3B0: appendEntries* s9->s12#7484-t1,previous=(t:1, i:143),leaderCommit=143,initializing? false,entries: size=1, first=(t:1, i:144), METADATAENTRY(c:143)
2024-10-09 04:30:05,970 DEBUG server.RaftServer$Division (RaftServerImpl.java:logAppendEntries(1545)) - s14@group-BDFE845AF3B0: appendEntries* s9->s14#7479-t1,previous=(t:1, i:143),leaderCommit=143,initializing? false,entries: size=1, first=(t:1, i:144), METADATAENTRY(c:143)
2024-10-09 04:30:05,970 DEBUG server.RaftServer$Division (RaftServerImpl.java:submitClientRequestAsync(916)) - s9@group-BDFE845AF3B0: receive client request(RaftClientRequest:client-CAAA969A923D->s9@group-BDFE845AF3B0, cid=7485, seq=null, RW, Message:01016102405a40000000...(size=12))
2024-10-09 04:30:05,970 DEBUG server.RaftServer$Division (RaftServerImpl.java:logAppendEntries(1545)) - s1@group-BDFE845AF3B0: appendEntries* s9->s1#7482-t1,previous=(t:1, i:143),leaderCommit=143,initializing? false,entries: size=1, first=(t:1, i:144), METADATAENTRY(c:143)
2024-10-09 04:30:05,973 DEBUG server.RaftServer$Division (RaftServerImpl.java:logAppendEntries(1545)) - s3@group-BDFE845AF3B0: appendEntries* reply s9<-s3#7489:OK-t1,SUCCESS,nextIndex=145,followerCommit=143,matchIndex=144
2024-10-09 04:30:05,973 DEBUG server.RaftServer$Division (RaftServerImpl.java:logAppendEntries(1545)) - s12@group-BDFE845AF3B0: appendEntries* reply s9<-s12#7484:OK-t1,SUCCESS,nextIndex=145,followerCommit=143,matchIndex=144
2024-10-09 04:30:05,973 DEBUG server.RaftServer$Division (RaftServerImpl.java:logAppendEntries(1545)) - s6@group-BDFE845AF3B0: appendEntries* reply s9<-s6#7483:OK-t1,SUCCESS,nextIndex=145,followerCommit=143,matchIndex=144
2024-10-09 04:30:05,973 DEBUG server.RaftServer$Division (RaftServerImpl.java:logAppendEntries(1545)) - s14@group-BDFE845AF3B0: appendEntries* reply s9<-s14#7479:OK-t1,SUCCESS,nextIndex=145,followerCommit=143,matchIndex=144
2024-10-09 04:30:05,973 DEBUG server.RaftServer$Division (RaftServerImpl.java:logAppendEntries(1545)) - s4@group-BDFE845AF3B0: appendEntries* s9->s4#7490-t1,previous=(t:1, i:144),leaderCommit=143,initializing? false,entries: size=1, first=(t:1, i:145), STATEMACHINELOGENTRY, StateMachineLogEntryProto:7485@client-CAAA969A923D
2024-10-09 04:30:05,974 DEBUG server.RaftServer$Division (RaftServerImpl.java:logAppendEntries(1545)) - s1@group-BDFE845AF3B0: appendEntries* reply s9<-s1#7482:OK-t1,SUCCESS,nextIndex=145,followerCommit=143,matchIndex=144
2024-10-09 04:30:05,972 DEBUG server.RaftServer$Division (RaftServerImpl.java:logAppendEntries(1545)) - s2@group-BDFE845AF3B0: appendEntries* s9->s2#7488-t1,previous=(t:1, i:143),leaderCommit=143,initializing? false,entries: size=1, first=(t:1, i:144), METADATAENTRY(c:143)
2024-10-09 04:30:05,974 DEBUG server.RaftServer$Division (RaftServerImpl.java:logAppendEntries(1545)) - s13@group-BDFE845AF3B0: appendEntries* s9->s13#7492-t1,previous=(t:1, i:144),leaderCommit=143,initializing? false,entries: size=1, first=(t:1, i:145), STATEMACHINELOGENTRY, StateMachineLogEntryProto:7485@client-CAAA969A923D
2024-10-09 04:30:05,974 DEBUG server.RaftServer$Division (RaftServerImpl.java:logAppendEntries(1545)) - s4@group-BDFE845AF3B0: appendEntries* reply s9<-s4#7490:OK-t1,SUCCESS,nextIndex=146,followerCommit=143,matchIndex=145
2024-10-09 04:30:05,972 DEBUG server.RaftServer$Division (RaftServerImpl.java:logAppendEntries(1545)) - s8@group-BDFE845AF3B0: appendEntries* reply s9<-s8#7487:OK-t1,SUCCESS,nextIndex=145,followerCommit=143,matchIndex=144
2024-10-09 04:30:05,974 DEBUG server.RaftServer$Division (RaftServerImpl.java:logAppendEntries(1545)) - s1@group-BDFE845AF3B0: appendEntries* s9->s1#7496-t1,previous=(t:1, i:144),leaderCommit=143,initializing? false,entries: size=1, first=(t:1, i:145), STATEMACHINELOGENTRY, StateMachineLogEntryProto:7485@client-CAAA969A923D
2024-10-09 04:30:05,973 DEBUG server.RaftServer$Division (RaftServerImpl.java:logAppendEntries(1545)) - s0@group-BDFE845AF3B0: appendEntries* s9->s0#7493-t1,previous=(t:1, i:144),leaderCommit=143,initializing? false,entries: size=1, first=(t:1, i:145), STATEMACHINELOGENTRY, StateMachineLogEntryProto:7485@client-CAAA969A923D
2024-10-09 04:30:05,974 DEBUG server.RaftServer$Division (RaftServerImpl.java:logAppendEntries(1545)) - s7@group-BDFE845AF3B0: appendEntries* s9->s7#7497-t1,previous=(t:1, i:144),leaderCommit=143,initializing? false,entries: size=1, first=(t:1, i:145), STATEMACHINELOGENTRY, StateMachineLogEntryProto:7485@client-CAAA969A923D
2024-10-09 04:30:05,973 DEBUG server.RaftServer$Division (RaftServerImpl.java:logAppendEntries(1545)) - s11@group-BDFE845AF3B0: appendEntries* s9->s11#7491-t1,previous=(t:1, i:144),leaderCommit=143,initializing? false,entries: size=1, first=(t:1, i:145), STATEMACHINELOGENTRY, StateMachineLogEntryProto:7485@client-CAAA969A923D
2024-10-09 04:30:05,973 DEBUG server.RaftServer$Division (LeaderStateImpl.java:addPendingRequest(529)) - s9@group-BDFE845AF3B0-LeaderStateImpl: addPendingRequest at RaftClientRequest:client-CAAA969A923D->s9@group-BDFE845AF3B0, cid=7485, seq=null, RW, Message:01016102405a40000000...(size=12), entry=(t:1, i:145), STATEMACHINELOGENTRY, WRITE: logData.size=12, stateMachineData.size=0, logEntryProtoSerializedSize=0
2024-10-09 04:30:05,974 DEBUG server.RaftServer$Division (RaftServerImpl.java:logAppendEntries(1545)) - s13@group-BDFE845AF3B0: appendEntries* reply s9<-s13#7492:OK-t1,SUCCESS,nextIndex=146,followerCommit=143,matchIndex=145
2024-10-09 04:30:05,975 DEBUG server.RaftServer$Division (RaftServerImpl.java:logAppendEntries(1545)) - s0@group-BDFE845AF3B0: appendEntries* reply s9<-s0#7493:OK-t1,SUCCESS,nextIndex=146,followerCommit=143,matchIndex=145
2024-10-09 04:30:05,974 DEBUG server.RaftServer$Division (RaftServerImpl.java:logAppendEntries(1545)) - s14@group-BDFE845AF3B0: appendEntries* s9->s14#7494-t1,previous=(t:1, i:144),leaderCommit=143,initializing? false,entries: size=1, first=(t:1, i:145), STATEMACHINELOGENTRY, StateMachineLogEntryProto:7485@client-CAAA969A923D
2024-10-09 04:30:05,974 DEBUG server.RaftServer$Division (RaftServerImpl.java:logAppendEntries(1545)) - s2@group-BDFE845AF3B0: appendEntries* reply s9<-s2#7488:OK-t1,SUCCESS,nextIndex=145,followerCommit=143,matchIndex=144
2024-10-09 04:30:05,975 DEBUG server.RaftServer$Division (RaftServerImpl.java:logAppendEntries(1545)) - s12@group-BDFE845AF3B0: appendEntries* s9->s12#7495-t1,previous=(t:1, i:144),leaderCommit=143,initializing? false,entries: size=1, first=(t:1, i:145), STATEMACHINELOGENTRY, StateMachineLogEntryProto:7485@client-CAAA969A923D
2024-10-09 04:30:05,975 DEBUG server.RaftServer$Division (RaftServerImpl.java:logAppendEntries(1545)) - s11@group-BDFE845AF3B0: appendEntries* reply s9<-s11#7491:OK-t1,SUCCESS,nextIndex=146,followerCommit=143,matchIndex=145
2024-10-09 04:30:05,975 DEBUG server.RaftServer$Division (RaftServerImpl.java:logAppendEntries(1545)) - s6@group-BDFE845AF3B0: appendEntries* s9->s6#7498-t1,previous=(t:1, i:144),leaderCommit=143,initializing? false,entries: size=1, first=(t:1, i:145), STATEMACHINELOGENTRY, StateMachineLogEntryProto:7485@client-CAAA969A923D
2024-10-09 04:30:05,975 DEBUG server.RaftServer$Division (RaftServerImpl.java:logAppendEntries(1545)) - s5@group-BDFE845AF3B0: appendEntries* reply s9<-s5#7486:OK-t1,SUCCESS,nextIndex=145,followerCommit=143,matchIndex=144
2024-10-09 04:30:05,975 DEBUG server.RaftServer$Division (RaftServerImpl.java:logAppendEntries(1545)) - s7@group-BDFE845AF3B0: appendEntries* reply s9<-s7#7497:OK-t1,SUCCESS,nextIndex=146,followerCommit=143,matchIndex=145
2024-10-09 04:30:05,976 DEBUG server.RaftServer$Division (RaftServerImpl.java:logAppendEntries(1545)) - s14@group-BDFE845AF3B0: appendEntries* reply s9<-s14#7494:OK-t1,SUCCESS,nextIndex=146,followerCommit=143,matchIndex=145
2024-10-09 04:30:05,975 DEBUG server.RaftServer$Division (RaftServerImpl.java:logAppendEntries(1545)) - s1@group-BDFE845AF3B0: appendEntries* reply s9<-s1#7496:OK-t1,SUCCESS,nextIndex=146,followerCommit=143,matchIndex=145
2024-10-09 04:30:05,976 DEBUG server.RaftServer$Division (RaftServerImpl.java:logAppendEntries(1545)) - s6@group-BDFE845AF3B0: appendEntries* reply s9<-s6#7498:OK-t1,SUCCESS,nextIndex=146,followerCommit=143,matchIndex=145
2024-10-09 04:30:05,976 DEBUG server.RaftServer$Division (RaftServerImpl.java:logAppendEntries(1545)) - s12@group-BDFE845AF3B0: appendEntries* reply s9<-s12#7495:OK-t1,SUCCESS,nextIndex=146,followerCommit=143,matchIndex=145
2024-10-09 04:30:05,976 DEBUG server.RaftServer$Division (RaftServerImpl.java:logAppendEntries(1545)) - s5@group-BDFE845AF3B0: appendEntries* s9->s5#7500-t1,previous=(t:1, i:144),leaderCommit=144,initializing? false,entries: size=1, first=(t:1, i:145), STATEMACHINELOGENTRY, StateMachineLogEntryProto:7485@client-CAAA969A923D
2024-10-09 04:30:05,976 DEBUG server.RaftServer$Division (RaftServerImpl.java:logAppendEntries(1545)) - s11@group-BDFE845AF3B0: appendEntries* s9->s11#7502-t1,previous=(t:1, i:145),leaderCommit=145,initializing? false,entries: size=1, first=(t:1, i:146), METADATAENTRY(c:145)
2024-10-09 04:30:05,977 DEBUG server.RaftServer$Division (RaftServerImpl.java:logAppendEntries(1545)) - s13@group-BDFE845AF3B0: appendEntries* s9->s13#7503-t1,previous=(t:1, i:145),leaderCommit=145,initializing? false,entries: size=1, first=(t:1, i:146), METADATAENTRY(c:145)
2024-10-09 04:30:05,977 DEBUG server.RaftServer$Division (RaftServerImpl.java:logAppendEntries(1545)) - s5@group-BDFE845AF3B0: appendEntries* reply s9<-s5#7500:OK-t1,SUCCESS,nextIndex=146,followerCommit=144,matchIndex=145
2024-10-09 04:30:05,977 DEBUG server.RaftServer$Division (RaftServerImpl.java:logAppendEntries(1545)) - s2@group-BDFE845AF3B0: appendEntries* s9->s2#7505-t1,previous=(t:1, i:144),leaderCommit=145,initializing? false,entries: size=2, first=(t:1, i:145), STATEMACHINELOGENTRY, StateMachineLogEntryProto:7485@client-CAAA969A923D
2024-10-09 04:30:05,977 DEBUG server.RaftServer$Division (RaftServerImpl.java:logAppendEntries(1545)) - s11@group-BDFE845AF3B0: appendEntries* reply s9<-s11#7502:OK-t1,SUCCESS,nextIndex=147,followerCommit=145,matchIndex=146
2024-10-09 04:30:05,977 DEBUG server.RaftServer$Division (RaftServerImpl.java:logAppendEntries(1545)) - s6@group-BDFE845AF3B0: appendEntries* s9->s6#7504-t1,previous=(t:1, i:145),leaderCommit=145,initializing? false,entries: size=1, first=(t:1, i:146), METADATAENTRY(c:145)
2024-10-09 04:30:05,977 DEBUG server.RaftServer$Division (RaftServerImpl.java:logAppendEntries(1545)) - s3@group-BDFE845AF3B0: appendEntries* s9->s3#7501-t1,previous=(t:1, i:144),leaderCommit=144,initializing? false,entries: size=1, first=(t:1, i:145), STATEMACHINELOGENTRY, StateMachineLogEntryProto:7485@client-CAAA969A923D
2024-10-09 04:30:05,977 DEBUG server.RaftServer$Division (RaftServerImpl.java:logAppendEntries(1545)) - s12@group-BDFE845AF3B0: appendEntries* s9->s12#7509-t1,previous=(t:1, i:145),leaderCommit=145,initializing? false,entries: size=1, first=(t:1, i:146), METADATAENTRY(c:145)
2024-10-09 04:30:05,978 DEBUG server.RaftServer$Division (RaftServerImpl.java:logAppendEntries(1545)) - s2@group-BDFE845AF3B0: appendEntries* reply s9<-s2#7505:OK-t1,SUCCESS,nextIndex=147,followerCommit=145,matchIndex=146
2024-10-09 04:30:05,978 DEBUG server.RaftServer$Division (RaftServerImpl.java:logAppendEntries(1545)) - s6@group-BDFE845AF3B0: appendEntries* reply s9<-s6#7504:OK-t1,SUCCESS,nextIndex=147,followerCommit=145,matchIndex=146
2024-10-09 04:30:05,978 DEBUG server.RaftServer$Division (RaftServerImpl.java:logAppendEntries(1545)) - s3@group-BDFE845AF3B0: appendEntries* reply s9<-s3#7501:OK-t1,SUCCESS,nextIndex=146,followerCommit=144,matchIndex=145
2024-10-09 04:30:05,978 DEBUG server.RaftServer$Division (RaftServerImpl.java:logAppendEntries(1545)) - s10@group-BDFE845AF3B0: appendEntries* s9->s10#7510-t1,previous=(t:1, i:143),leaderCommit=145,initializing? false,entries: size=3, first=(t:1, i:144), METADATAENTRY(c:143)
2024-10-09 04:30:05,976 DEBUG server.RaftServer$Division (RaftServerImpl.java:logAppendEntries(1545)) - s8@group-BDFE845AF3B0: appendEntries* s9->s8#7499-t1,previous=(t:1, i:144),leaderCommit=144,initializing? false,entries: size=1, first=(t:1, i:145), STATEMACHINELOGENTRY, StateMachineLogEntryProto:7485@client-CAAA969A923D
2024-10-09 04:30:05,978 DEBUG server.RaftServer$Division (RaftServerImpl.java:logAppendEntries(1545)) - s12@group-BDFE845AF3B0: appendEntries* reply s9<-s12#7509:OK-t1,SUCCESS,nextIndex=147,followerCommit=145,matchIndex=146
2024-10-09 04:30:05,977 DEBUG server.RaftServer$Division (RaftServerImpl.java:logAppendEntries(1545)) - s0@group-BDFE845AF3B0: appendEntries* s9->s0#7507-t1,previous=(t:1, i:145),leaderCommit=145,initializing? false,entries: size=1, first=(t:1, i:146), METADATAENTRY(c:145)
2024-10-09 04:30:05,979 DEBUG server.RaftServer$Division (RaftServerImpl.java:logAppendEntries(1545)) - s4@group-BDFE845AF3B0: appendEntries* s9->s4#7511-t1,previous=(t:1, i:145),leaderCommit=145,initializing? false,entries: size=1, first=(t:1, i:146), METADATAENTRY(c:145)
2024-10-09 04:30:05,979 DEBUG server.RaftServer$Division (RaftServerImpl.java:logAppendEntries(1545)) - s0@group-BDFE845AF3B0: appendEntries* reply s9<-s0#7507:OK-t1,SUCCESS,nextIndex=147,followerCommit=145,matchIndex=146
2024-10-09 04:30:05,977 DEBUG server.RaftServer$Division (RaftServerImpl.java:logAppendEntries(1545)) - s1@group-BDFE845AF3B0: appendEntries* s9->s1#7508-t1,previous=(t:1, i:145),leaderCommit=145,initializing? false,entries: size=1, first=(t:1, i:146), METADATAENTRY(c:145)
2024-10-09 04:30:05,977 DEBUG server.RaftServer$Division (RaftServerImpl.java:logAppendEntries(1545)) - s13@group-BDFE845AF3B0: appendEntries* reply s9<-s13#7503:OK-t1,SUCCESS,nextIndex=147,followerCommit=145,matchIndex=146
2024-10-09 04:30:05,977 DEBUG server.RaftServer$Division (RaftServerImpl.java:logAppendEntries(1545)) - s14@group-BDFE845AF3B0: appendEntries* s9->s14#7506-t1,previous=(t:1, i:145),leaderCommit=145,initializing? false,entries: size=1, first=(t:1, i:146), METADATAENTRY(c:145)
2024-10-09 04:30:05,976 INFO  statemachine.StateMachine (ArithmeticStateMachine.java:applyTransaction(181)) - LEADER:s9-145: a = 105 = 105
2024-10-09 04:30:05,979 DEBUG server.RaftServer$Division (RaftServerImpl.java:logAppendEntries(1545)) - s8@group-BDFE845AF3B0: appendEntries* reply s9<-s8#7499:OK-t1,SUCCESS,nextIndex=146,followerCommit=144,matchIndex=145
2024-10-09 04:30:05,979 DEBUG server.RaftServer$Division (RaftServerImpl.java:logAppendEntries(1545)) - s10@group-BDFE845AF3B0: appendEntries* reply s9<-s10#7510:OK-t1,SUCCESS,nextIndex=147,followerCommit=145,matchIndex=146
2024-10-09 04:30:05,980 DEBUG server.RaftServer$Division (RaftServerImpl.java:logAppendEntries(1545)) - s14@group-BDFE845AF3B0: appendEntries* reply s9<-s14#7506:OK-t1,SUCCESS,nextIndex=147,followerCommit=145,matchIndex=146
2024-10-09 04:30:05,980 DEBUG server.RaftServer$Division (RaftServerImpl.java:logAppendEntries(1545)) - s7@group-BDFE845AF3B0: appendEntries* s9->s7#7512-t1,previous=(t:1, i:145),leaderCommit=145,initializing? false,entries: size=1, first=(t:1, i:146), METADATAENTRY(c:145)
2024-10-09 04:30:05,980 DEBUG server.RaftServer$Division (RaftServerImpl.java:logAppendEntries(1545)) - s4@group-BDFE845AF3B0: appendEntries* reply s9<-s4#7511:OK-t1,SUCCESS,nextIndex=147,followerCommit=145,matchIndex=146
2024-10-09 04:30:05,980 DEBUG server.RaftServer$Division (RaftServerImpl.java:submitClientRequestAsync(916)) - s9@group-BDFE845AF3B0: receive client request(RaftClientRequest:client-CAAA969A923D->s9@group-BDFE845AF3B0, cid=7513, seq=null, RW, Message:0101620240b588000000...(size=12))
2024-10-09 04:30:05,981 DEBUG server.RaftServer$Division (LeaderStateImpl.java:addPendingRequest(529)) - s9@group-BDFE845AF3B0-LeaderStateImpl: addPendingRequest at RaftClientRequest:client-CAAA969A923D->s9@group-BDFE845AF3B0, cid=7513, seq=null, RW, Message:0101620240b588000000...(size=12), entry=(t:1, i:147), STATEMACHINELOGENTRY, WRITE: logData.size=12, stateMachineData.size=0, logEntryProtoSerializedSize=0
2024-10-09 04:30:05,981 DEBUG server.RaftServer$Division (RaftServerImpl.java:logAppendEntries(1545)) - s7@group-BDFE845AF3B0: appendEntries* reply s9<-s7#7512:OK-t1,SUCCESS,nextIndex=147,followerCommit=145,matchIndex=146
2024-10-09 04:30:05,980 DEBUG server.RaftServer$Division (RaftServerImpl.java:logAppendEntries(1545)) - s1@group-BDFE845AF3B0: appendEntries* reply s9<-s1#7508:OK-t1,SUCCESS,nextIndex=147,followerCommit=145,matchIndex=146
2024-10-09 04:30:05,981 DEBUG server.RaftServer$Division (RaftServerImpl.java:logAppendEntries(1545)) - s13@group-BDFE845AF3B0: appendEntries* s9->s13#7516-t1,previous=(t:1, i:146),leaderCommit=145,initializing? false,entries: size=1, first=(t:1, i:147), STATEMACHINELOGENTRY, StateMachineLogEntryProto:7513@client-CAAA969A923D
2024-10-09 04:30:05,981 DEBUG server.RaftServer$Division (RaftServerImpl.java:logAppendEntries(1545)) - s6@group-BDFE845AF3B0: appendEntries* s9->s6#7518-t1,previous=(t:1, i:146),leaderCommit=145,initializing? false,entries: size=1, first=(t:1, i:147), STATEMACHINELOGENTRY, StateMachineLogEntryProto:7513@client-CAAA969A923D
2024-10-09 04:30:05,981 DEBUG server.RaftServer$Division (RaftServerImpl.java:logAppendEntries(1545)) - s5@group-BDFE845AF3B0: appendEntries* s9->s5#7514-t1,previous=(t:1, i:145),leaderCommit=145,initializing? false,entries: size=1, first=(t:1, i:146), METADATAENTRY(c:145)
2024-10-09 04:30:05,981 DEBUG server.RaftServer$Division (RaftServerImpl.java:logAppendEntries(1545)) - s11@group-BDFE845AF3B0: appendEntries* s9->s11#7520-t1,previous=(t:1, i:146),leaderCommit=145,initializing? false,entries: size=1, first=(t:1, i:147), STATEMACHINELOGENTRY, StateMachineLogEntryProto:7513@client-CAAA969A923D
2024-10-09 04:30:05,981 DEBUG server.RaftServer$Division (RaftServerImpl.java:logAppendEntries(1545)) - s13@group-BDFE845AF3B0: appendEntries* reply s9<-s13#7516:OK-t1,SUCCESS,nextIndex=148,followerCommit=145,matchIndex=147
2024-10-09 04:30:05,981 DEBUG server.RaftServer$Division (RaftServerImpl.java:logAppendEntries(1545)) - s14@group-BDFE845AF3B0: appendEntries* s9->s14#7521-t1,previous=(t:1, i:146),leaderCommit=145,initializing? false,entries: size=1, first=(t:1, i:147), STATEMACHINELOGENTRY, StateMachineLogEntryProto:7513@client-CAAA969A923D
2024-10-09 04:30:05,982 DEBUG server.RaftServer$Division (RaftServerImpl.java:logAppendEntries(1545)) - s11@group-BDFE845AF3B0: appendEntries* reply s9<-s11#7520:OK-t1,SUCCESS,nextIndex=148,followerCommit=145,matchIndex=147
2024-10-09 04:30:05,982 DEBUG server.RaftServer$Division (RaftServerImpl.java:logAppendEntries(1545)) - s6@group-BDFE845AF3B0: appendEntries* reply s9<-s6#7518:OK-t1,SUCCESS,nextIndex=148,followerCommit=145,matchIndex=147
2024-10-09 04:30:05,982 DEBUG server.RaftServer$Division (RaftServerImpl.java:logAppendEntries(1545)) - s8@group-BDFE845AF3B0: appendEntries* s9->s8#7515-t1,previous=(t:1, i:145),leaderCommit=145,initializing? false,entries: size=2, first=(t:1, i:146), METADATAENTRY(c:145)
2024-10-09 04:30:05,982 DEBUG server.RaftServer$Division (RaftServerImpl.java:logAppendEntries(1545)) - s5@group-BDFE845AF3B0: appendEntries* reply s9<-s5#7514:OK-t1,SUCCESS,nextIndex=147,followerCommit=145,matchIndex=146
2024-10-09 04:30:05,982 DEBUG server.RaftServer$Division (RaftServerImpl.java:logAppendEntries(1545)) - s0@group-BDFE845AF3B0: appendEntries* s9->s0#7517-t1,previous=(t:1, i:146),leaderCommit=145,initializing? false,entries: size=1, first=(t:1, i:147), STATEMACHINELOGENTRY, StateMachineLogEntryProto:7513@client-CAAA969A923D
2024-10-09 04:30:05,983 DEBUG server.RaftServer$Division (RaftServerImpl.java:logAppendEntries(1545)) - s2@group-BDFE845AF3B0: appendEntries* s9->s2#7524-t1,previous=(t:1, i:146),leaderCommit=145,initializing? false,entries: size=1, first=(t:1, i:147), STATEMACHINELOGENTRY, StateMachineLogEntryProto:7513@client-CAAA969A923D
2024-10-09 04:30:05,982 DEBUG server.RaftServer$Division (RaftServerImpl.java:logAppendEntries(1545)) - s1@group-BDFE845AF3B0: appendEntries* s9->s1#7523-t1,previous=(t:1, i:146),leaderCommit=145,initializing? false,entries: size=1, first=(t:1, i:147), STATEMACHINELOGENTRY, StateMachineLogEntryProto:7513@client-CAAA969A923D
2024-10-09 04:30:05,983 DEBUG server.RaftServer$Division (RaftServerImpl.java:logAppendEntries(1545)) - s8@group-BDFE845AF3B0: appendEntries* reply s9<-s8#7515:OK-t1,SUCCESS,nextIndex=148,followerCommit=145,matchIndex=147
2024-10-09 04:30:05,982 DEBUG server.RaftServer$Division (RaftServerImpl.java:logAppendEntries(1545)) - s14@group-BDFE845AF3B0: appendEntries* reply s9<-s14#7521:OK-t1,SUCCESS,nextIndex=148,followerCommit=145,matchIndex=147
2024-10-09 04:30:05,983 DEBUG server.RaftServer$Division (RaftServerImpl.java:logAppendEntries(1545)) - s5@group-BDFE845AF3B0: appendEntries* s9->s5#7525-t1,previous=(t:1, i:146),leaderCommit=146,initializing? false,entries: size=1, first=(t:1, i:147), STATEMACHINELOGENTRY, StateMachineLogEntryProto:7513@client-CAAA969A923D
2024-10-09 04:30:05,983 DEBUG server.RaftServer$Division (RaftServerImpl.java:logAppendEntries(1545)) - s3@group-BDFE845AF3B0: appendEntries* s9->s3#7522-t1,previous=(t:1, i:145),leaderCommit=145,initializing? false,entries: size=2, first=(t:1, i:146), METADATAENTRY(c:145)
2024-10-09 04:30:05,983 DEBUG server.RaftServer$Division (RaftServerImpl.java:logAppendEntries(1545)) - s2@group-BDFE845AF3B0: appendEntries* reply s9<-s2#7524:OK-t1,SUCCESS,nextIndex=148,followerCommit=145,matchIndex=147
2024-10-09 04:30:05,983 DEBUG server.RaftServer$Division (RaftServerImpl.java:logAppendEntries(1545)) - s5@group-BDFE845AF3B0: appendEntries* reply s9<-s5#7525:OK-t1,SUCCESS,nextIndex=148,followerCommit=146,matchIndex=147
2024-10-09 04:30:05,983 DEBUG server.RaftServer$Division (RaftServerImpl.java:logAppendEntries(1545)) - s0@group-BDFE845AF3B0: appendEntries* reply s9<-s0#7517:OK-t1,SUCCESS,nextIndex=148,followerCommit=145,matchIndex=147
2024-10-09 04:30:05,983 DEBUG server.RaftServer$Division (RaftServerImpl.java:logAppendEntries(1545)) - s1@group-BDFE845AF3B0: appendEntries* reply s9<-s1#7523:OK-t1,SUCCESS,nextIndex=148,followerCommit=145,matchIndex=147
2024-10-09 04:30:05,983 DEBUG server.RaftServer$Division (RaftServerImpl.java:logAppendEntries(1545)) - s3@group-BDFE845AF3B0: appendEntries* reply s9<-s3#7522:OK-t1,SUCCESS,nextIndex=148,followerCommit=145,matchIndex=147
2024-10-09 04:30:05,984 INFO  statemachine.StateMachine (ArithmeticStateMachine.java:applyTransaction(181)) - LEADER:s9-147: b = 5512 = 5512
2024-10-09 04:30:05,984 DEBUG server.RaftServer$Division (RaftServerImpl.java:logAppendEntries(1545)) - s13@group-BDFE845AF3B0: appendEntries* s9->s13#7528-t1,previous=(t:1, i:147),leaderCommit=147,initializing? false,entries: size=1, first=(t:1, i:148), METADATAENTRY(c:147)
2024-10-09 04:30:05,984 DEBUG server.RaftServer$Division (RaftServerImpl.java:logAppendEntries(1545)) - s4@group-BDFE845AF3B0: appendEntries* s9->s4#7527-t1,previous=(t:1, i:146),leaderCommit=147,initializing? false,entries: size=1, first=(t:1, i:147), STATEMACHINELOGENTRY, StateMachineLogEntryProto:7513@client-CAAA969A923D
2024-10-09 04:30:05,985 DEBUG server.RaftServer$Division (RaftServerImpl.java:logAppendEntries(1545)) - s6@group-BDFE845AF3B0: appendEntries* s9->s6#7529-t1,previous=(t:1, i:147),leaderCommit=147,initializing? false,entries: size=1, first=(t:1, i:148), METADATAENTRY(c:147)
2024-10-09 04:30:05,985 DEBUG server.RaftServer$Division (RaftServerImpl.java:logAppendEntries(1545)) - s11@group-BDFE845AF3B0: appendEntries* s9->s11#7530-t1,previous=(t:1, i:147),leaderCommit=147,initializing? false,entries: size=1, first=(t:1, i:148), METADATAENTRY(c:147)
2024-10-09 04:30:05,985 DEBUG server.RaftServer$Division (RaftServerImpl.java:logAppendEntries(1545)) - s4@group-BDFE845AF3B0: appendEntries* reply s9<-s4#7527:OK-t1,SUCCESS,nextIndex=148,followerCommit=147,matchIndex=147
2024-10-09 04:30:05,985 DEBUG server.RaftServer$Division (RaftServerImpl.java:logAppendEntries(1545)) - s13@group-BDFE845AF3B0: appendEntries* reply s9<-s13#7528:OK-t1,SUCCESS,nextIndex=149,followerCommit=147,matchIndex=148
2024-10-09 04:30:05,985 DEBUG server.RaftServer$Division (RaftServerImpl.java:logAppendEntries(1545)) - s6@group-BDFE845AF3B0: appendEntries* reply s9<-s6#7529:OK-t1,SUCCESS,nextIndex=149,followerCommit=147,matchIndex=148
2024-10-09 04:30:05,984 DEBUG server.RaftServer$Division (RaftServerImpl.java:logAppendEntries(1545)) - s10@group-BDFE845AF3B0: appendEntries* s9->s10#7526-t1,previous=(t:1, i:146),leaderCommit=146,initializing? false,entries: size=1, first=(t:1, i:147), STATEMACHINELOGENTRY, StateMachineLogEntryProto:7513@client-CAAA969A923D
2024-10-09 04:30:05,985 DEBUG server.RaftServer$Division (RaftServerImpl.java:logAppendEntries(1545)) - s5@group-BDFE845AF3B0: appendEntries* s9->s5#7535-t1,previous=(t:1, i:147),leaderCommit=147,initializing? false,entries: size=1, first=(t:1, i:148), METADATAENTRY(c:147)
2024-10-09 04:30:05,985 DEBUG server.RaftServer$Division (RaftServerImpl.java:logAppendEntries(1545)) - s7@group-BDFE845AF3B0: appendEntries* s9->s7#7534-t1,previous=(t:1, i:146),leaderCommit=147,initializing? false,entries: size=2, first=(t:1, i:147), STATEMACHINELOGENTRY, StateMachineLogEntryProto:7513@client-CAAA969A923D
2024-10-09 04:30:05,985 DEBUG server.RaftServer$Division (RaftServerImpl.java:logAppendEntries(1545)) - s14@group-BDFE845AF3B0: appendEntries* s9->s14#7531-t1,previous=(t:1, i:147),leaderCommit=147,initializing? false,entries: size=1, first=(t:1, i:148), METADATAENTRY(c:147)
2024-10-09 04:30:05,984 DEBUG server.RaftServer$Division (RaftServerImpl.java:submitClientRequestAsync(916)) - s9@group-BDFE845AF3B0: receive client request(RaftClientRequest:client-CAAA969A923D->s9@group-BDFE845AF3B0, cid=7533, seq=null, RW, Message:01016304010300040201...(size=17))
2024-10-09 04:30:05,985 DEBUG server.RaftServer$Division (RaftServerImpl.java:logAppendEntries(1545)) - s1@group-BDFE845AF3B0: appendEntries* s9->s1#7536-t1,previous=(t:1, i:147),leaderCommit=147,initializing? false,entries: size=1, first=(t:1, i:148), METADATAENTRY(c:147)
2024-10-09 04:30:05,985 DEBUG server.RaftServer$Division (RaftServerImpl.java:logAppendEntries(1545)) - s0@group-BDFE845AF3B0: appendEntries* s9->s0#7532-t1,previous=(t:1, i:147),leaderCommit=147,initializing? false,entries: size=1, first=(t:1, i:148), METADATAENTRY(c:147)
2024-10-09 04:30:05,986 DEBUG server.RaftServer$Division (RaftServerImpl.java:logAppendEntries(1545)) - s14@group-BDFE845AF3B0: appendEntries* reply s9<-s14#7531:OK-t1,SUCCESS,nextIndex=149,followerCommit=147,matchIndex=148
2024-10-09 04:30:05,986 DEBUG server.RaftServer$Division (RaftServerImpl.java:logAppendEntries(1545)) - s5@group-BDFE845AF3B0: appendEntries* reply s9<-s5#7535:OK-t1,SUCCESS,nextIndex=149,followerCommit=147,matchIndex=148
2024-10-09 04:30:05,986 DEBUG server.RaftServer$Division (RaftServerImpl.java:logAppendEntries(1545)) - s7@group-BDFE845AF3B0: appendEntries* reply s9<-s7#7534:OK-t1,SUCCESS,nextIndex=149,followerCommit=147,matchIndex=148
2024-10-09 04:30:05,986 DEBUG server.RaftServer$Division (RaftServerImpl.java:logAppendEntries(1545)) - s11@group-BDFE845AF3B0: appendEntries* reply s9<-s11#7530:OK-t1,SUCCESS,nextIndex=149,followerCommit=147,matchIndex=148
2024-10-09 04:30:05,986 DEBUG server.RaftServer$Division (RaftServerImpl.java:logAppendEntries(1545)) - s10@group-BDFE845AF3B0: appendEntries* reply s9<-s10#7526:OK-t1,SUCCESS,nextIndex=148,followerCommit=146,matchIndex=147
2024-10-09 04:30:05,986 DEBUG server.RaftServer$Division (RaftServerImpl.java:logAppendEntries(1545)) - s13@group-BDFE845AF3B0: appendEntries* s9->s13#7541-t1,previous=(t:1, i:148),leaderCommit=147,initializing? false,entries: size=1, first=(t:1, i:149), STATEMACHINELOGENTRY, StateMachineLogEntryProto:7533@client-CAAA969A923D
2024-10-09 04:30:05,986 DEBUG server.RaftServer$Division (LeaderStateImpl.java:addPendingRequest(529)) - s9@group-BDFE845AF3B0-LeaderStateImpl: addPendingRequest at RaftClientRequest:client-CAAA969A923D->s9@group-BDFE845AF3B0, cid=7533, seq=null, RW, Message:01016304010300040201...(size=17), entry=(t:1, i:149), STATEMACHINELOGENTRY, WRITE: logData.size=17, stateMachineData.size=0, logEntryProtoSerializedSize=0
2024-10-09 04:30:05,987 DEBUG server.RaftServer$Division (RaftServerImpl.java:logAppendEntries(1545)) - s13@group-BDFE845AF3B0: appendEntries* reply s9<-s13#7541:OK-t1,SUCCESS,nextIndex=150,followerCommit=147,matchIndex=149
2024-10-09 04:30:05,987 DEBUG server.RaftServer$Division (RaftServerImpl.java:logAppendEntries(1545)) - s6@group-BDFE845AF3B0: appendEntries* s9->s6#7540-t1,previous=(t:1, i:148),leaderCommit=147,initializing? false,entries: size=1, first=(t:1, i:149), STATEMACHINELOGENTRY, StateMachineLogEntryProto:7533@client-CAAA969A923D
2024-10-09 04:30:05,987 DEBUG server.RaftServer$Division (RaftServerImpl.java:logAppendEntries(1545)) - s11@group-BDFE845AF3B0: appendEntries* s9->s11#7543-t1,previous=(t:1, i:148),leaderCommit=147,initializing? false,entries: size=1, first=(t:1, i:149), STATEMACHINELOGENTRY, StateMachineLogEntryProto:7533@client-CAAA969A923D
2024-10-09 04:30:05,987 DEBUG server.RaftServer$Division (RaftServerImpl.java:logAppendEntries(1545)) - s14@group-BDFE845AF3B0: appendEntries* s9->s14#7542-t1,previous=(t:1, i:148),leaderCommit=147,initializing? false,entries: size=1, first=(t:1, i:149), STATEMACHINELOGENTRY, StateMachineLogEntryProto:7533@client-CAAA969A923D
2024-10-09 04:30:05,987 DEBUG server.RaftServer$Division (RaftServerImpl.java:logAppendEntries(1545)) - s6@group-BDFE845AF3B0: appendEntries* reply s9<-s6#7540:OK-t1,SUCCESS,nextIndex=150,followerCommit=147,matchIndex=149
2024-10-09 04:30:05,988 DEBUG server.RaftServer$Division (RaftServerImpl.java:logAppendEntries(1545)) - s14@group-BDFE845AF3B0: appendEntries* reply s9<-s14#7542:OK-t1,SUCCESS,nextIndex=150,followerCommit=147,matchIndex=149
2024-10-09 04:30:05,988 DEBUG server.RaftServer$Division (RaftServerImpl.java:logAppendEntries(1545)) - s1@group-BDFE845AF3B0: appendEntries* reply s9<-s1#7536:OK-t1,SUCCESS,nextIndex=149,followerCommit=147,matchIndex=148
2024-10-09 04:30:05,988 DEBUG server.RaftServer$Division (RaftServerImpl.java:logAppendEntries(1545)) - s4@group-BDFE845AF3B0: appendEntries* s9->s4#7544-t1,previous=(t:1, i:147),leaderCommit=147,initializing? false,entries: size=2, first=(t:1, i:148), METADATAENTRY(c:147)
2024-10-09 04:30:05,986 DEBUG server.RaftServer$Division (RaftServerImpl.java:logAppendEntries(1545)) - s3@group-BDFE845AF3B0: appendEntries* s9->s3#7537-t1,previous=(t:1, i:147),leaderCommit=147,initializing? false,entries: size=1, first=(t:1, i:148), METADATAENTRY(c:147)
2024-10-09 04:30:05,988 DEBUG server.RaftServer$Division (RaftServerImpl.java:logAppendEntries(1545)) - s10@group-BDFE845AF3B0: appendEntries* s9->s10#7545-t1,previous=(t:1, i:147),leaderCommit=147,initializing? false,entries: size=2, first=(t:1, i:148), METADATAENTRY(c:147)
2024-10-09 04:30:05,988 DEBUG server.RaftServer$Division (RaftServerImpl.java:logAppendEntries(1545)) - s0@group-BDFE845AF3B0: appendEntries* reply s9<-s0#7532:OK-t1,SUCCESS,nextIndex=149,followerCommit=147,matchIndex=148
2024-10-09 04:30:05,987 DEBUG server.RaftServer$Division (RaftServerImpl.java:logAppendEntries(1545)) - s11@group-BDFE845AF3B0: appendEntries* reply s9<-s11#7543:OK-t1,SUCCESS,nextIndex=150,followerCommit=147,matchIndex=149
2024-10-09 04:30:05,989 DEBUG server.RaftServer$Division (RaftServerImpl.java:logAppendEntries(1545)) - s3@group-BDFE845AF3B0: appendEntries* reply s9<-s3#7537:OK-t1,SUCCESS,nextIndex=149,followerCommit=147,matchIndex=148
2024-10-09 04:30:05,987 DEBUG server.RaftServer$Division (RaftServerImpl.java:logAppendEntries(1545)) - s8@group-BDFE845AF3B0: appendEntries* s9->s8#7539-t1,previous=(t:1, i:147),leaderCommit=147,initializing? false,entries: size=2, first=(t:1, i:148), METADATAENTRY(c:147)
2024-10-09 04:30:05,987 DEBUG server.RaftServer$Division (RaftServerImpl.java:logAppendEntries(1545)) - s2@group-BDFE845AF3B0: appendEntries* s9->s2#7538-t1,previous=(t:1, i:147),leaderCommit=147,initializing? false,entries: size=1, first=(t:1, i:148), METADATAENTRY(c:147)
2024-10-09 04:30:05,989 DEBUG server.RaftServer$Division (RaftServerImpl.java:logAppendEntries(1545)) - s0@group-BDFE845AF3B0: appendEntries* s9->s0#7549-t1,previous=(t:1, i:148),leaderCommit=148,initializing? false,entries: size=1, first=(t:1, i:149), STATEMACHINELOGENTRY, StateMachineLogEntryProto:7533@client-CAAA969A923D
2024-10-09 04:30:05,989 DEBUG server.RaftServer$Division (RaftServerImpl.java:logAppendEntries(1545)) - s7@group-BDFE845AF3B0: appendEntries* s9->s7#7548-t1,previous=(t:1, i:148),leaderCommit=148,initializing? false,entries: size=1, first=(t:1, i:149), STATEMACHINELOGENTRY, StateMachineLogEntryProto:7533@client-CAAA969A923D
2024-10-09 04:30:05,988 DEBUG server.RaftServer$Division (RaftServerImpl.java:logAppendEntries(1545)) - s1@group-BDFE845AF3B0: appendEntries* s9->s1#7547-t1,previous=(t:1, i:148),leaderCommit=147,initializing? false,entries: size=1, first=(t:1, i:149), STATEMACHINELOGENTRY, StateMachineLogEntryProto:7533@client-CAAA969A923D
2024-10-09 04:30:05,988 DEBUG server.RaftServer$Division (RaftServerImpl.java:logAppendEntries(1545)) - s4@group-BDFE845AF3B0: appendEntries* reply s9<-s4#7544:OK-t1,SUCCESS,nextIndex=150,followerCommit=147,matchIndex=149
2024-10-09 04:30:05,988 DEBUG server.RaftServer$Division (RaftServerImpl.java:logAppendEntries(1545)) - s5@group-BDFE845AF3B0: appendEntries* s9->s5#7546-t1,previous=(t:1, i:148),leaderCommit=147,initializing? false,entries: size=1, first=(t:1, i:149), STATEMACHINELOGENTRY, StateMachineLogEntryProto:7533@client-CAAA969A923D
2024-10-09 04:30:05,990 DEBUG server.RaftServer$Division (RaftServerImpl.java:logAppendEntries(1545)) - s3@group-BDFE845AF3B0: appendEntries* s9->s3#7550-t1,previous=(t:1, i:148),leaderCommit=148,initializing? false,entries: size=1, first=(t:1, i:149), STATEMACHINELOGENTRY, StateMachineLogEntryProto:7533@client-CAAA969A923D
2024-10-09 04:30:05,991 DEBUG server.RaftServer$Division (RaftServerImpl.java:logAppendEntries(1545)) - s8@group-BDFE845AF3B0: appendEntries* reply s9<-s8#7539:OK-t1,SUCCESS,nextIndex=150,followerCommit=147,matchIndex=149
2024-10-09 04:30:05,991 DEBUG server.RaftServer$Division (RaftServerImpl.java:logAppendEntries(1545)) - s0@group-BDFE845AF3B0: appendEntries* reply s9<-s0#7549:OK-t1,SUCCESS,nextIndex=150,followerCommit=148,matchIndex=149
2024-10-09 04:30:05,991 DEBUG server.RaftServer$Division (RaftServerImpl.java:logAppendEntries(1545)) - s1@group-BDFE845AF3B0: appendEntries* reply s9<-s1#7547:OK-t1,SUCCESS,nextIndex=150,followerCommit=147,matchIndex=149
2024-10-09 04:30:05,991 DEBUG server.RaftServer$Division (RaftServerImpl.java:logAppendEntries(1545)) - s7@group-BDFE845AF3B0: appendEntries* reply s9<-s7#7548:OK-t1,SUCCESS,nextIndex=150,followerCommit=148,matchIndex=149
2024-10-09 04:30:05,991 DEBUG server.RaftServer$Division (RaftServerImpl.java:logAppendEntries(1545)) - s5@group-BDFE845AF3B0: appendEntries* reply s9<-s5#7546:OK-t1,SUCCESS,nextIndex=150,followerCommit=147,matchIndex=149
2024-10-09 04:30:05,991 DEBUG server.RaftServer$Division (RaftServerImpl.java:logAppendEntries(1545)) - s3@group-BDFE845AF3B0: appendEntries* reply s9<-s3#7550:OK-t1,SUCCESS,nextIndex=150,followerCommit=148,matchIndex=149
2024-10-09 04:30:05,991 DEBUG server.RaftServer$Division (RaftServerImpl.java:logAppendEntries(1545)) - s2@group-BDFE845AF3B0: appendEntries* reply s9<-s2#7538:OK-t1,SUCCESS,nextIndex=149,followerCommit=147,matchIndex=148
2024-10-09 04:30:05,991 DEBUG server.RaftServer$Division (RaftServerImpl.java:logAppendEntries(1545)) - s10@group-BDFE845AF3B0: appendEntries* reply s9<-s10#7545:OK-t1,SUCCESS,nextIndex=150,followerCommit=147,matchIndex=149
2024-10-09 04:30:05,991 INFO  statemachine.StateMachine (ArithmeticStateMachine.java:applyTransaction(181)) - LEADER:s9-149: c = √(a^2 + b^2) = 5513
2024-10-09 04:30:05,992 DEBUG server.RaftServer$Division (RaftServerImpl.java:logAppendEntries(1545)) - s11@group-BDFE845AF3B0: appendEntries* s9->s11#7554-t1,previous=(t:1, i:149),leaderCommit=149,initializing? false,entries: size=1, first=(t:1, i:150), METADATAENTRY(c:149)
2024-10-09 04:30:05,992 DEBUG server.RaftServer$Division (RaftServerImpl.java:logAppendEntries(1545)) - s5@group-BDFE845AF3B0: appendEntries* s9->s5#7552-t1,previous=(t:1, i:149),leaderCommit=149,initializing? false,entries: size=1, first=(t:1, i:150), METADATAENTRY(c:149)
2024-10-09 04:30:05,992 DEBUG server.RaftServer$Division (RaftServerImpl.java:logAppendEntries(1545)) - s13@group-BDFE845AF3B0: appendEntries* s9->s13#7556-t1,previous=(t:1, i:149),leaderCommit=149,initializing? false,entries: size=1, first=(t:1, i:150), METADATAENTRY(c:149)
2024-10-09 04:30:05,992 DEBUG server.RaftServer$Division (RaftServerImpl.java:submitClientRequestAsync(916)) - s9@group-BDFE845AF3B0: receive client request(RaftClientRequest:client-CAAA969A923D->s9@group-BDFE845AF3B0, cid=7557, seq=null, RW, Message:01016100)
2024-10-09 04:30:05,992 DEBUG server.RaftServer$Division (RaftServerImpl.java:logAppendEntries(1545)) - s14@group-BDFE845AF3B0: appendEntries* s9->s14#7558-t1,previous=(t:1, i:149),leaderCommit=149,initializing? false,entries: size=1, first=(t:1, i:150), METADATAENTRY(c:149)
2024-10-09 04:30:05,992 DEBUG server.RaftServer$Division (RaftServerImpl.java:logAppendEntries(1545)) - s6@group-BDFE845AF3B0: appendEntries* s9->s6#7555-t1,previous=(t:1, i:149),leaderCommit=149,initializing? false,entries: size=1, first=(t:1, i:150), METADATAENTRY(c:149)
2024-10-09 04:30:05,993 DEBUG server.RaftServer$Division (RaftServerImpl.java:logAppendEntries(1545)) - s14@group-BDFE845AF3B0: appendEntries* reply s9<-s14#7558:OK-t1,SUCCESS,nextIndex=151,followerCommit=149,matchIndex=150
2024-10-09 04:30:05,993 DEBUG server.RaftServer$Division (RaftServerImpl.java:logAppendEntries(1545)) - s13@group-BDFE845AF3B0: appendEntries* reply s9<-s13#7556:OK-t1,SUCCESS,nextIndex=151,followerCommit=149,matchIndex=150
2024-10-09 04:30:05,993 DEBUG server.RaftServer$Division (RaftServerImpl.java:logAppendEntries(1545)) - s5@group-BDFE845AF3B0: appendEntries* reply s9<-s5#7552:OK-t1,SUCCESS,nextIndex=151,followerCommit=149,matchIndex=150
2024-10-09 04:30:05,993 DEBUG server.RaftServer$Division (RaftServerImpl.java:logAppendEntries(1545)) - s14@group-BDFE845AF3B0: appendEntries* s9->s14#7563-t1,previous=(t:1, i:150),leaderCommit=149,initializing? false,entries: size=1, first=(t:1, i:151), STATEMACHINELOGENTRY, StateMachineLogEntryProto:7557@client-CAAA969A923D
2024-10-09 04:30:05,993 DEBUG server.RaftServer$Division (RaftServerImpl.java:logAppendEntries(1545)) - s2@group-BDFE845AF3B0: appendEntries* s9->s2#7561-t1,previous=(t:1, i:148),leaderCommit=149,initializing? false,entries: size=3, first=(t:1, i:149), STATEMACHINELOGENTRY, StateMachineLogEntryProto:7533@client-CAAA969A923D
2024-10-09 04:30:05,992 DEBUG server.RaftServer$Division (LeaderStateImpl.java:addPendingRequest(529)) - s9@group-BDFE845AF3B0-LeaderStateImpl: addPendingRequest at RaftClientRequest:client-CAAA969A923D->s9@group-BDFE845AF3B0, cid=7557, seq=null, RW, Message:01016100, entry=(t:1, i:151), STATEMACHINELOGENTRY, WRITE: logData.size=4, stateMachineData.size=0, logEntryProtoSerializedSize=0
2024-10-09 04:30:05,992 DEBUG server.RaftServer$Division (RaftServerImpl.java:logAppendEntries(1545)) - s11@group-BDFE845AF3B0: appendEntries* reply s9<-s11#7554:OK-t1,SUCCESS,nextIndex=151,followerCommit=149,matchIndex=150
2024-10-09 04:30:05,993 DEBUG server.RaftServer$Division (RaftServerImpl.java:logAppendEntries(1545)) - s13@group-BDFE845AF3B0: appendEntries* s9->s13#7564-t1,previous=(t:1, i:150),leaderCommit=149,initializing? false,entries: size=1, first=(t:1, i:151), STATEMACHINELOGENTRY, StateMachineLogEntryProto:7557@client-CAAA969A923D
2024-10-09 04:30:05,994 DEBUG server.RaftServer$Division (RaftServerImpl.java:logAppendEntries(1545)) - s1@group-BDFE845AF3B0: appendEntries* s9->s1#7559-t1,previous=(t:1, i:149),leaderCommit=149,initializing? false,entries: size=1, first=(t:1, i:150), METADATAENTRY(c:149)
2024-10-09 04:30:05,993 DEBUG server.RaftServer$Division (RaftServerImpl.java:logAppendEntries(1545)) - s6@group-BDFE845AF3B0: appendEntries* reply s9<-s6#7555:OK-t1,SUCCESS,nextIndex=151,followerCommit=149,matchIndex=150
2024-10-09 04:30:05,994 DEBUG server.RaftServer$Division (RaftServerImpl.java:logAppendEntries(1545)) - s13@group-BDFE845AF3B0: appendEntries* reply s9<-s13#7564:OK-t1,SUCCESS,nextIndex=152,followerCommit=149,matchIndex=151
2024-10-09 04:30:05,994 DEBUG server.RaftServer$Division (RaftServerImpl.java:logAppendEntries(1545)) - s5@group-BDFE845AF3B0: appendEntries* s9->s5#7566-t1,previous=(t:1, i:150),leaderCommit=149,initializing? false,entries: size=1, first=(t:1, i:151), STATEMACHINELOGENTRY, StateMachineLogEntryProto:7557@client-CAAA969A923D
2024-10-09 04:30:05,994 DEBUG server.RaftServer$Division (RaftServerImpl.java:logAppendEntries(1545)) - s11@group-BDFE845AF3B0: appendEntries* s9->s11#7565-t1,previous=(t:1, i:150),leaderCommit=149,initializing? false,entries: size=1, first=(t:1, i:151), STATEMACHINELOGENTRY, StateMachineLogEntryProto:7557@client-CAAA969A923D
2024-10-09 04:30:05,994 DEBUG server.RaftServer$Division (RaftServerImpl.java:logAppendEntries(1545)) - s6@group-BDFE845AF3B0: appendEntries* s9->s6#7568-t1,previous=(t:1, i:150),leaderCommit=149,initializing? false,entries: size=1, first=(t:1, i:151), STATEMACHINELOGENTRY, StateMachineLogEntryProto:7557@client-CAAA969A923D
2024-10-09 04:30:05,994 DEBUG server.RaftServer$Division (RaftServerImpl.java:logAppendEntries(1545)) - s0@group-BDFE845AF3B0: appendEntries* s9->s0#7553-t1,previous=(t:1, i:149),leaderCommit=149,initializing? false,entries: size=1, first=(t:1, i:150), METADATAENTRY(c:149)
2024-10-09 04:30:05,994 DEBUG server.RaftServer$Division (RaftServerImpl.java:logAppendEntries(1545)) - s2@group-BDFE845AF3B0: appendEntries* reply s9<-s2#7561:OK-t1,SUCCESS,nextIndex=152,followerCommit=149,matchIndex=151
2024-10-09 04:30:05,994 DEBUG server.RaftServer$Division (RaftServerImpl.java:logAppendEntries(1545)) - s4@group-BDFE845AF3B0: appendEntries* s9->s4#7560-t1,previous=(t:1, i:149),leaderCommit=149,initializing? false,entries: size=1, first=(t:1, i:150), METADATAENTRY(c:149)
2024-10-09 04:30:05,995 DEBUG server.RaftServer$Division (RaftServerImpl.java:logAppendEntries(1545)) - s6@group-BDFE845AF3B0: appendEntries* reply s9<-s6#7568:OK-t1,SUCCESS,nextIndex=152,followerCommit=149,matchIndex=151
2024-10-09 04:30:05,994 DEBUG server.RaftServer$Division (RaftServerImpl.java:logAppendEntries(1545)) - s8@group-BDFE845AF3B0: appendEntries* s9->s8#7562-t1,previous=(t:1, i:149),leaderCommit=149,initializing? false,entries: size=2, first=(t:1, i:150), METADATAENTRY(c:149)
2024-10-09 04:30:05,994 DEBUG server.RaftServer$Division (RaftServerImpl.java:logAppendEntries(1545)) - s14@group-BDFE845AF3B0: appendEntries* reply s9<-s14#7563:OK-t1,SUCCESS,nextIndex=152,followerCommit=149,matchIndex=151
2024-10-09 04:30:05,993 DEBUG server.RaftServer$Division (RaftServerImpl.java:logAppendEntries(1545)) - s7@group-BDFE845AF3B0: appendEntries* s9->s7#7551-t1,previous=(t:1, i:149),leaderCommit=149,initializing? false,entries: size=1, first=(t:1, i:150), METADATAENTRY(c:149)
2024-10-09 04:30:05,995 DEBUG server.RaftServer$Division (RaftServerImpl.java:logAppendEntries(1545)) - s0@group-BDFE845AF3B0: appendEntries* reply s9<-s0#7553:OK-t1,SUCCESS,nextIndex=151,followerCommit=149,matchIndex=150
2024-10-09 04:30:05,995 DEBUG server.RaftServer$Division (RaftServerImpl.java:logAppendEntries(1545)) - s1@group-BDFE845AF3B0: appendEntries* reply s9<-s1#7559:OK-t1,SUCCESS,nextIndex=151,followerCommit=149,matchIndex=150
2024-10-09 04:30:05,995 DEBUG server.RaftServer$Division (RaftServerImpl.java:logAppendEntries(1545)) - s12@group-BDFE845AF3B0: appendEntries* s9->s12#7519-t1,previous=(t:1, i:146),leaderCommit=145,initializing? false,entries: size=1, first=(t:1, i:147), STATEMACHINELOGENTRY, StateMachineLogEntryProto:7513@client-CAAA969A923D
2024-10-09 04:30:05,995 DEBUG server.RaftServer$Division (RaftServerImpl.java:logAppendEntries(1545)) - s11@group-BDFE845AF3B0: appendEntries* reply s9<-s11#7565:OK-t1,SUCCESS,nextIndex=152,followerCommit=149,matchIndex=151
2024-10-09 04:30:05,995 DEBUG server.RaftServer$Division (RaftServerImpl.java:logAppendEntries(1545)) - s5@group-BDFE845AF3B0: appendEntries* reply s9<-s5#7566:OK-t1,SUCCESS,nextIndex=152,followerCommit=149,matchIndex=151
2024-10-09 04:30:05,996 DEBUG server.RaftServer$Division (RaftServerImpl.java:logAppendEntries(1545)) - s7@group-BDFE845AF3B0: appendEntries* reply s9<-s7#7551:OK-t1,SUCCESS,nextIndex=151,followerCommit=149,matchIndex=150
2024-10-09 04:30:05,996 DEBUG server.RaftServer$Division (RaftServerImpl.java:logAppendEntries(1545)) - s0@group-BDFE845AF3B0: appendEntries* s9->s0#7571-t1,previous=(t:1, i:150),leaderCommit=149,initializing? false,entries: size=1, first=(t:1, i:151), STATEMACHINELOGENTRY, StateMachineLogEntryProto:7557@client-CAAA969A923D
2024-10-09 04:30:05,994 DEBUG server.RaftServer$Division (RaftServerImpl.java:logAppendEntries(1545)) - s10@group-BDFE845AF3B0: appendEntries* s9->s10#7567-t1,previous=(t:1, i:149),leaderCommit=149,initializing? false,entries: size=2, first=(t:1, i:150), METADATAENTRY(c:149)
2024-10-09 04:30:05,997 DEBUG server.RaftServer$Division (RaftServerImpl.java:logAppendEntries(1545)) - s8@group-BDFE845AF3B0: appendEntries* reply s9<-s8#7562:OK-t1,SUCCESS,nextIndex=152,followerCommit=149,matchIndex=151
2024-10-09 04:30:05,998 INFO  statemachine.StateMachine (ArithmeticStateMachine.java:applyTransaction(181)) - LEADER:s9-151: a = null = null
2024-10-09 04:30:05,998 DEBUG server.RaftServer$Division (RaftServerImpl.java:logAppendEntries(1545)) - s5@group-BDFE845AF3B0: appendEntries* s9->s5#7573-t1,previous=(t:1, i:151),leaderCommit=151,initializing? false,entries: size=1, first=(t:1, i:152), METADATAENTRY(c:151)
2024-10-09 04:30:05,998 DEBUG server.RaftServer$Division (RaftServerImpl.java:logAppendEntries(1545)) - s13@group-BDFE845AF3B0: appendEntries* s9->s13#7576-t1,previous=(t:1, i:151),leaderCommit=151,initializing? false,entries: size=1, first=(t:1, i:152), METADATAENTRY(c:151)
2024-10-09 04:30:05,998 DEBUG server.RaftServer$Division (RaftServerImpl.java:logAppendEntries(1545)) - s11@group-BDFE845AF3B0: appendEntries* s9->s11#7577-t1,previous=(t:1, i:151),leaderCommit=151,initializing? false,entries: size=1, first=(t:1, i:152), METADATAENTRY(c:151)
2024-10-09 04:30:05,998 DEBUG server.RaftServer$Division (RaftServerImpl.java:logAppendEntries(1545)) - s13@group-BDFE845AF3B0: appendEntries* reply s9<-s13#7576:OK-t1,SUCCESS,nextIndex=153,followerCommit=151,matchIndex=152
2024-10-09 04:30:05,998 DEBUG server.RaftServer$Division (RaftServerImpl.java:logAppendEntries(1545)) - s2@group-BDFE845AF3B0: appendEntries* s9->s2#7578-t1,previous=(t:1, i:151),leaderCommit=151,initializing? false,entries: size=1, first=(t:1, i:152), METADATAENTRY(c:151)
2024-10-09 04:30:05,999 DEBUG server.RaftServer$Division (RaftServerImpl.java:logAppendEntries(1545)) - s5@group-BDFE845AF3B0: appendEntries* reply s9<-s5#7573:OK-t1,SUCCESS,nextIndex=153,followerCommit=151,matchIndex=152
2024-10-09 04:30:05,999 DEBUG server.RaftServer$Division (RaftServerImpl.java:submitClientRequestAsync(916)) - s9@group-BDFE845AF3B0: receive client request(RaftClientRequest:client-CAAA969A923D->s9@group-BDFE845AF3B0, cid=7580, seq=null, RW, Message:01016200)
2024-10-09 04:30:05,999 DEBUG server.RaftServer$Division (RaftServerImpl.java:logAppendEntries(1545)) - s8@group-BDFE845AF3B0: appendEntries* s9->s8#7579-t1,previous=(t:1, i:151),leaderCommit=151,initializing? false,entries: size=1, first=(t:1, i:152), METADATAENTRY(c:151)
2024-10-09 04:30:05,997 DEBUG server.RaftServer$Division (RaftServerImpl.java:logAppendEntries(1545)) - s3@group-BDFE845AF3B0: appendEntries* s9->s3#7569-t1,previous=(t:1, i:149),leaderCommit=149,initializing? false,entries: size=2, first=(t:1, i:150), METADATAENTRY(c:149)
2024-10-09 04:30:05,997 DEBUG server.RaftServer$Division (RaftServerImpl.java:logAppendEntries(1545)) - s4@group-BDFE845AF3B0: appendEntries* reply s9<-s4#7560:OK-t1,SUCCESS,nextIndex=151,followerCommit=149,matchIndex=150
2024-10-09 04:30:05,997 DEBUG server.RaftServer$Division (RaftServerImpl.java:logAppendEntries(1545)) - s1@group-BDFE845AF3B0: appendEntries* s9->s1#7570-t1,previous=(t:1, i:150),leaderCommit=149,initializing? false,entries: size=1, first=(t:1, i:151), STATEMACHINELOGENTRY, StateMachineLogEntryProto:7557@client-CAAA969A923D
2024-10-09 04:30:05,997 DEBUG server.RaftServer$Division (RaftServerImpl.java:logAppendEntries(1545)) - s7@group-BDFE845AF3B0: appendEntries* s9->s7#7572-t1,previous=(t:1, i:150),leaderCommit=150,initializing? false,entries: size=1, first=(t:1, i:151), STATEMACHINELOGENTRY, StateMachineLogEntryProto:7557@client-CAAA969A923D
2024-10-09 04:30:05,996 DEBUG server.RaftServer$Division (RaftServerImpl.java:logAppendEntries(1545)) - s12@group-BDFE845AF3B0: appendEntries* reply s9<-s12#7519:OK-t1,SUCCESS,nextIndex=148,followerCommit=145,matchIndex=147
2024-10-09 04:30:06,000 DEBUG server.RaftServer$Division (RaftServerImpl.java:logAppendEntries(1545)) - s5@group-BDFE845AF3B0: appendEntries* s9->s5#7581-t1,previous=(t:1, i:152),leaderCommit=151,initializing? false,entries: size=1, first=(t:1, i:153), STATEMACHINELOGENTRY, StateMachineLogEntryProto:7580@client-CAAA969A923D
2024-10-09 04:30:06,000 DEBUG server.RaftServer$Division (RaftServerImpl.java:logAppendEntries(1545)) - s1@group-BDFE845AF3B0: appendEntries* reply s9<-s1#7570:OK-t1,SUCCESS,nextIndex=152,followerCommit=149,matchIndex=151
2024-10-09 04:30:06,000 DEBUG server.RaftServer$Division (RaftServerImpl.java:logAppendEntries(1545)) - s7@group-BDFE845AF3B0: appendEntries* reply s9<-s7#7572:OK-t1,SUCCESS,nextIndex=152,followerCommit=150,matchIndex=151
2024-10-09 04:30:06,000 DEBUG server.RaftServer$Division (RaftServerImpl.java:logAppendEntries(1545)) - s4@group-BDFE845AF3B0: appendEntries* s9->s4#7583-t1,previous=(t:1, i:150),leaderCommit=151,initializing? false,entries: size=3, first=(t:1, i:151), STATEMACHINELOGENTRY, StateMachineLogEntryProto:7557@client-CAAA969A923D
2024-10-09 04:30:06,000 DEBUG server.RaftServer$Division (RaftServerImpl.java:logAppendEntries(1545)) - s13@group-BDFE845AF3B0: appendEntries* s9->s13#7582-t1,previous=(t:1, i:152),leaderCommit=151,initializing? false,entries: size=1, first=(t:1, i:153), STATEMACHINELOGENTRY, StateMachineLogEntryProto:7580@client-CAAA969A923D
2024-10-09 04:30:05,999 DEBUG server.RaftServer$Division (RaftServerImpl.java:logAppendEntries(1545)) - s10@group-BDFE845AF3B0: appendEntries* reply s9<-s10#7567:OK-t1,SUCCESS,nextIndex=152,followerCommit=149,matchIndex=151
2024-10-09 04:30:05,999 DEBUG server.RaftServer$Division (RaftServerImpl.java:logAppendEntries(1545)) - s0@group-BDFE845AF3B0: appendEntries* reply s9<-s0#7571:OK-t1,SUCCESS,nextIndex=152,followerCommit=149,matchIndex=151
2024-10-09 04:30:05,999 DEBUG server.RaftServer$Division (RaftServerImpl.java:logAppendEntries(1545)) - s11@group-BDFE845AF3B0: appendEntries* reply s9<-s11#7577:OK-t1,SUCCESS,nextIndex=153,followerCommit=151,matchIndex=152
2024-10-09 04:30:05,999 DEBUG server.RaftServer$Division (LeaderStateImpl.java:addPendingRequest(529)) - s9@group-BDFE845AF3B0-LeaderStateImpl: addPendingRequest at RaftClientRequest:client-CAAA969A923D->s9@group-BDFE845AF3B0, cid=7580, seq=null, RW, Message:01016200, entry=(t:1, i:153), STATEMACHINELOGENTRY, WRITE: logData.size=4, stateMachineData.size=0, logEntryProtoSerializedSize=0
2024-10-09 04:30:05,998 DEBUG server.RaftServer$Division (RaftServerImpl.java:logAppendEntries(1545)) - s6@group-BDFE845AF3B0: appendEntries* s9->s6#7575-t1,previous=(t:1, i:151),leaderCommit=151,initializing? false,entries: size=1, first=(t:1, i:152), METADATAENTRY(c:151)
2024-10-09 04:30:06,001 DEBUG server.RaftServer$Division (RaftServerImpl.java:logAppendEntries(1545)) - s2@group-BDFE845AF3B0: appendEntries* reply s9<-s2#7578:OK-t1,SUCCESS,nextIndex=153,followerCommit=151,matchIndex=152
2024-10-09 04:30:05,998 DEBUG server.RaftServer$Division (RaftServerImpl.java:logAppendEntries(1545)) - s14@group-BDFE845AF3B0: appendEntries* s9->s14#7574-t1,previous=(t:1, i:151),leaderCommit=151,initializing? false,entries: size=1, first=(t:1, i:152), METADATAENTRY(c:151)
2024-10-09 04:30:06,001 DEBUG server.RaftServer$Division (RaftServerImpl.java:logAppendEntries(1545)) - s13@group-BDFE845AF3B0: appendEntries* reply s9<-s13#7582:OK-t1,SUCCESS,nextIndex=154,followerCommit=151,matchIndex=153
2024-10-09 04:30:06,002 DEBUG server.RaftServer$Division (RaftServerImpl.java:logAppendEntries(1545)) - s6@group-BDFE845AF3B0: appendEntries* reply s9<-s6#7575:OK-t1,SUCCESS,nextIndex=153,followerCommit=151,matchIndex=152
2024-10-09 04:30:06,002 DEBUG server.RaftServer$Division (RaftServerImpl.java:logAppendEntries(1545)) - s14@group-BDFE845AF3B0: appendEntries* reply s9<-s14#7574:OK-t1,SUCCESS,nextIndex=153,followerCommit=151,matchIndex=152
2024-10-09 04:30:06,001 DEBUG server.RaftServer$Division (RaftServerImpl.java:logAppendEntries(1545)) - s11@group-BDFE845AF3B0: appendEntries* s9->s11#7587-t1,previous=(t:1, i:152),leaderCommit=151,initializing? false,entries: size=1, first=(t:1, i:153), STATEMACHINELOGENTRY, StateMachineLogEntryProto:7580@client-CAAA969A923D
2024-10-09 04:30:06,002 DEBUG server.RaftServer$Division (RaftServerImpl.java:logAppendEntries(1545)) - s10@group-BDFE845AF3B0: appendEntries* s9->s10#7588-t1,previous=(t:1, i:151),leaderCommit=151,initializing? false,entries: size=2, first=(t:1, i:152), METADATAENTRY(c:151)
2024-10-09 04:30:06,001 DEBUG server.RaftServer$Division (RaftServerImpl.java:logAppendEntries(1545)) - s7@group-BDFE845AF3B0: appendEntries* s9->s7#7586-t1,previous=(t:1, i:151),leaderCommit=151,initializing? false,entries: size=2, first=(t:1, i:152), METADATAENTRY(c:151)
2024-10-09 04:30:06,001 DEBUG server.RaftServer$Division (RaftServerImpl.java:logAppendEntries(1545)) - s1@group-BDFE845AF3B0: appendEntries* s9->s1#7585-t1,previous=(t:1, i:151),leaderCommit=151,initializing? false,entries: size=2, first=(t:1, i:152), METADATAENTRY(c:151)
2024-10-09 04:30:06,003 DEBUG server.RaftServer$Division (RaftServerImpl.java:logAppendEntries(1545)) - s11@group-BDFE845AF3B0: appendEntries* reply s9<-s11#7587:OK-t1,SUCCESS,nextIndex=154,followerCommit=151,matchIndex=153
2024-10-09 04:30:06,001 DEBUG server.RaftServer$Division (RaftServerImpl.java:logAppendEntries(1545)) - s5@group-BDFE845AF3B0: appendEntries* reply s9<-s5#7581:OK-t1,SUCCESS,nextIndex=154,followerCommit=151,matchIndex=153
2024-10-09 04:30:06,000 DEBUG server.RaftServer$Division (RaftServerImpl.java:logAppendEntries(1545)) - s12@group-BDFE845AF3B0: appendEntries* s9->s12#7584-t1,previous=(t:1, i:147),leaderCommit=151,initializing? false,entries: size=6, first=(t:1, i:148), METADATAENTRY(c:147)
2024-10-09 04:30:06,003 DEBUG server.RaftServer$Division (RaftServerImpl.java:logAppendEntries(1545)) - s7@group-BDFE845AF3B0: appendEntries* reply s9<-s7#7586:OK-t1,SUCCESS,nextIndex=154,followerCommit=151,matchIndex=153
2024-10-09 04:30:06,003 DEBUG server.RaftServer$Division (RaftServerImpl.java:logAppendEntries(1545)) - s10@group-BDFE845AF3B0: appendEntries* reply s9<-s10#7588:OK-t1,SUCCESS,nextIndex=154,followerCommit=151,matchIndex=153
2024-10-09 04:30:06,002 DEBUG server.RaftServer$Division (RaftServerImpl.java:logAppendEntries(1545)) - s14@group-BDFE845AF3B0: appendEntries* s9->s14#7590-t1,previous=(t:1, i:152),leaderCommit=151,initializing? false,entries: size=1, first=(t:1, i:153), STATEMACHINELOGENTRY, StateMachineLogEntryProto:7580@client-CAAA969A923D
2024-10-09 04:30:06,003 DEBUG server.RaftServer$Division (RaftServerImpl.java:logAppendEntries(1545)) - s1@group-BDFE845AF3B0: appendEntries* reply s9<-s1#7585:OK-t1,SUCCESS,nextIndex=154,followerCommit=151,matchIndex=153
2024-10-09 04:30:06,002 DEBUG server.RaftServer$Division (RaftServerImpl.java:logAppendEntries(1545)) - s6@group-BDFE845AF3B0: appendEntries* s9->s6#7589-t1,previous=(t:1, i:152),leaderCommit=151,initializing? false,entries: size=1, first=(t:1, i:153), STATEMACHINELOGENTRY, StateMachineLogEntryProto:7580@client-CAAA969A923D
2024-10-09 04:30:06,004 DEBUG server.RaftServer$Division (RaftServerImpl.java:logAppendEntries(1545)) - s2@group-BDFE845AF3B0: appendEntries* s9->s2#7592-t1,previous=(t:1, i:152),leaderCommit=151,initializing? false,entries: size=1, first=(t:1, i:153), STATEMACHINELOGENTRY, StateMachineLogEntryProto:7580@client-CAAA969A923D
2024-10-09 04:30:06,003 DEBUG server.RaftServer$Division (RaftServerImpl.java:logAppendEntries(1545)) - s0@group-BDFE845AF3B0: appendEntries* s9->s0#7591-t1,previous=(t:1, i:151),leaderCommit=151,initializing? false,entries: size=2, first=(t:1, i:152), METADATAENTRY(c:151)
2024-10-09 04:30:06,003 DEBUG server.RaftServer$Division (RaftServerImpl.java:logAppendEntries(1545)) - s3@group-BDFE845AF3B0: appendEntries* reply s9<-s3#7569:OK-t1,SUCCESS,nextIndex=152,followerCommit=149,matchIndex=151
2024-10-09 04:30:06,004 DEBUG server.RaftServer$Division (RaftServerImpl.java:logAppendEntries(1545)) - s4@group-BDFE845AF3B0: appendEntries* reply s9<-s4#7583:OK-t1,SUCCESS,nextIndex=154,followerCommit=151,matchIndex=153
2024-10-09 04:30:06,004 DEBUG server.RaftServer$Division (RaftServerImpl.java:logAppendEntries(1545)) - s8@group-BDFE845AF3B0: appendEntries* reply s9<-s8#7579:OK-t1,SUCCESS,nextIndex=153,followerCommit=151,matchIndex=152
2024-10-09 04:30:06,004 DEBUG server.RaftServer$Division (RaftServerImpl.java:logAppendEntries(1545)) - s14@group-BDFE845AF3B0: appendEntries* reply s9<-s14#7590:OK-t1,SUCCESS,nextIndex=154,followerCommit=151,matchIndex=153
2024-10-09 04:30:06,004 DEBUG server.RaftServer$Division (RaftServerImpl.java:logAppendEntries(1545)) - s6@group-BDFE845AF3B0: appendEntries* reply s9<-s6#7589:OK-t1,SUCCESS,nextIndex=154,followerCommit=151,matchIndex=153
2024-10-09 04:30:06,004 DEBUG server.RaftServer$Division (RaftServerImpl.java:logAppendEntries(1545)) - s12@group-BDFE845AF3B0: appendEntries* reply s9<-s12#7584:OK-t1,SUCCESS,nextIndex=154,followerCommit=151,matchIndex=153
2024-10-09 04:30:06,005 INFO  statemachine.StateMachine (ArithmeticStateMachine.java:applyTransaction(181)) - LEADER:s9-153: b = null = null
2024-10-09 04:30:06,005 DEBUG server.RaftServer$Division (RaftServerImpl.java:logAppendEntries(1545)) - s7@group-BDFE845AF3B0: appendEntries* s9->s7#7597-t1,previous=(t:1, i:153),leaderCommit=153,initializing? false,entries: size=1, first=(t:1, i:154), METADATAENTRY(c:153)
2024-10-09 04:30:06,005 DEBUG server.RaftServer$Division (RaftServerImpl.java:logAppendEntries(1545)) - s13@group-BDFE845AF3B0: appendEntries* s9->s13#7602-t1,previous=(t:1, i:153),leaderCommit=153,initializing? false,entries: size=1, first=(t:1, i:154), METADATAENTRY(c:153)
2024-10-09 04:30:06,005 DEBUG server.RaftServer$Division (RaftServerImpl.java:logAppendEntries(1545)) - s12@group-BDFE845AF3B0: appendEntries* s9->s12#7596-t1,previous=(t:1, i:153),leaderCommit=153,initializing? false,entries: size=1, first=(t:1, i:154), METADATAENTRY(c:153)
2024-10-09 04:30:06,006 DEBUG server.RaftServer$Division (RaftServerImpl.java:submitClientRequestAsync(916)) - s9@group-BDFE845AF3B0: receive client request(RaftClientRequest:client-CAAA969A923D->s9@group-BDFE845AF3B0, cid=7603, seq=null, RW, Message:01016300)
2024-10-09 04:30:06,006 DEBUG server.RaftServer$Division (RaftServerImpl.java:logAppendEntries(1545)) - s1@group-BDFE845AF3B0: appendEntries* s9->s1#7595-t1,previous=(t:1, i:153),leaderCommit=153,initializing? false,entries: size=1, first=(t:1, i:154), METADATAENTRY(c:153)
2024-10-09 04:30:06,005 DEBUG server.RaftServer$Division (RaftServerImpl.java:logAppendEntries(1545)) - s14@group-BDFE845AF3B0: appendEntries* s9->s14#7599-t1,previous=(t:1, i:153),leaderCommit=153,initializing? false,entries: size=1, first=(t:1, i:154), METADATAENTRY(c:153)
2024-10-09 04:30:06,006 DEBUG server.RaftServer$Division (RaftServerImpl.java:logAppendEntries(1545)) - s7@group-BDFE845AF3B0: appendEntries* reply s9<-s7#7597:OK-t1,SUCCESS,nextIndex=155,followerCommit=153,matchIndex=154
2024-10-09 04:30:06,006 DEBUG server.RaftServer$Division (RaftServerImpl.java:logAppendEntries(1545)) - s6@group-BDFE845AF3B0: appendEntries* s9->s6#7601-t1,previous=(t:1, i:153),leaderCommit=153,initializing? false,entries: size=1, first=(t:1, i:154), METADATAENTRY(c:153)
2024-10-09 04:30:06,006 DEBUG server.RaftServer$Division (RaftServerImpl.java:logAppendEntries(1545)) - s11@group-BDFE845AF3B0: appendEntries* s9->s11#7600-t1,previous=(t:1, i:153),leaderCommit=153,initializing? false,entries: size=1, first=(t:1, i:154), METADATAENTRY(c:153)
2024-10-09 04:30:06,006 DEBUG server.RaftServer$Division (RaftServerImpl.java:logAppendEntries(1545)) - s4@group-BDFE845AF3B0: appendEntries* s9->s4#7604-t1,previous=(t:1, i:153),leaderCommit=153,initializing? false,entries: size=2, first=(t:1, i:154), METADATAENTRY(c:153)
2024-10-09 04:30:06,005 DEBUG server.RaftServer$Division (RaftServerImpl.java:logAppendEntries(1545)) - s5@group-BDFE845AF3B0: appendEntries* s9->s5#7598-t1,previous=(t:1, i:153),leaderCommit=153,initializing? false,entries: size=1, first=(t:1, i:154), METADATAENTRY(c:153)
2024-10-09 04:30:06,007 DEBUG server.RaftServer$Division (RaftServerImpl.java:logAppendEntries(1545)) - s7@group-BDFE845AF3B0: appendEntries* s9->s7#7605-t1,previous=(t:1, i:154),leaderCommit=153,initializing? false,entries: size=1, first=(t:1, i:155), STATEMACHINELOGENTRY, StateMachineLogEntryProto:7603@client-CAAA969A923D
2024-10-09 04:30:06,006 DEBUG server.RaftServer$Division (RaftServerImpl.java:logAppendEntries(1545)) - s8@group-BDFE845AF3B0: appendEntries* s9->s8#7594-t1,previous=(t:1, i:152),leaderCommit=152,initializing? false,entries: size=1, first=(t:1, i:153), STATEMACHINELOGENTRY, StateMachineLogEntryProto:7580@client-CAAA969A923D
2024-10-09 04:30:06,007 DEBUG server.RaftServer$Division (RaftServerImpl.java:logAppendEntries(1545)) - s10@group-BDFE845AF3B0: appendEntries* s9->s10#7606-t1,previous=(t:1, i:153),leaderCommit=153,initializing? false,entries: size=2, first=(t:1, i:154), METADATAENTRY(c:153)
2024-10-09 04:30:06,006 DEBUG server.RaftServer$Division (RaftServerImpl.java:logAppendEntries(1545)) - s13@group-BDFE845AF3B0: appendEntries* reply s9<-s13#7602:OK-t1,SUCCESS,nextIndex=155,followerCommit=153,matchIndex=154
2024-10-09 04:30:06,008 DEBUG server.RaftServer$Division (RaftServerImpl.java:logAppendEntries(1545)) - s5@group-BDFE845AF3B0: appendEntries* reply s9<-s5#7598:OK-t1,SUCCESS,nextIndex=155,followerCommit=153,matchIndex=154
2024-10-09 04:30:06,008 DEBUG server.RaftServer$Division (RaftServerImpl.java:logAppendEntries(1545)) - s7@group-BDFE845AF3B0: appendEntries* reply s9<-s7#7605:OK-t1,SUCCESS,nextIndex=156,followerCommit=153,matchIndex=155
2024-10-09 04:30:06,008 DEBUG server.RaftServer$Division (RaftServerImpl.java:logAppendEntries(1545)) - s0@group-BDFE845AF3B0: appendEntries* reply s9<-s0#7591:OK-t1,SUCCESS,nextIndex=154,followerCommit=151,matchIndex=153
2024-10-09 04:30:06,007 DEBUG server.RaftServer$Division (LeaderStateImpl.java:addPendingRequest(529)) - s9@group-BDFE845AF3B0-LeaderStateImpl: addPendingRequest at RaftClientRequest:client-CAAA969A923D->s9@group-BDFE845AF3B0, cid=7603, seq=null, RW, Message:01016300, entry=(t:1, i:155), STATEMACHINELOGENTRY, WRITE: logData.size=4, stateMachineData.size=0, logEntryProtoSerializedSize=0
2024-10-09 04:30:06,007 DEBUG server.RaftServer$Division (RaftServerImpl.java:logAppendEntries(1545)) - s11@group-BDFE845AF3B0: appendEntries* reply s9<-s11#7600:OK-t1,SUCCESS,nextIndex=155,followerCommit=153,matchIndex=154
2024-10-09 04:30:06,007 DEBUG server.RaftServer$Division (RaftServerImpl.java:logAppendEntries(1545)) - s3@group-BDFE845AF3B0: appendEntries* s9->s3#7593-t1,previous=(t:1, i:151),leaderCommit=152,initializing? false,entries: size=2, first=(t:1, i:152), METADATAENTRY(c:151)
2024-10-09 04:30:06,007 DEBUG server.RaftServer$Division (RaftServerImpl.java:logAppendEntries(1545)) - s14@group-BDFE845AF3B0: appendEntries* reply s9<-s14#7599:OK-t1,SUCCESS,nextIndex=155,followerCommit=153,matchIndex=154
2024-10-09 04:30:06,007 DEBUG server.RaftServer$Division (RaftServerImpl.java:logAppendEntries(1545)) - s1@group-BDFE845AF3B0: appendEntries* reply s9<-s1#7595:OK-t1,SUCCESS,nextIndex=155,followerCommit=153,matchIndex=154
2024-10-09 04:30:06,007 DEBUG server.RaftServer$Division (RaftServerImpl.java:logAppendEntries(1545)) - s6@group-BDFE845AF3B0: appendEntries* reply s9<-s6#7601:OK-t1,SUCCESS,nextIndex=155,followerCommit=153,matchIndex=154
2024-10-09 04:30:06,007 DEBUG server.RaftServer$Division (RaftServerImpl.java:logAppendEntries(1545)) - s12@group-BDFE845AF3B0: appendEntries* reply s9<-s12#7596:OK-t1,SUCCESS,nextIndex=155,followerCommit=153,matchIndex=154
2024-10-09 04:30:06,009 DEBUG server.RaftServer$Division (RaftServerImpl.java:logAppendEntries(1545)) - s11@group-BDFE845AF3B0: appendEntries* s9->s11#7610-t1,previous=(t:1, i:154),leaderCommit=153,initializing? false,entries: size=1, first=(t:1, i:155), STATEMACHINELOGENTRY, StateMachineLogEntryProto:7603@client-CAAA969A923D
2024-10-09 04:30:06,009 DEBUG server.RaftServer$Division (RaftServerImpl.java:logAppendEntries(1545)) - s2@group-BDFE845AF3B0: appendEntries* reply s9<-s2#7592:OK-t1,SUCCESS,nextIndex=154,followerCommit=151,matchIndex=153
2024-10-09 04:30:06,009 DEBUG server.RaftServer$Division (RaftServerImpl.java:logAppendEntries(1545)) - s14@group-BDFE845AF3B0: appendEntries* s9->s14#7611-t1,previous=(t:1, i:154),leaderCommit=153,initializing? false,entries: size=1, first=(t:1, i:155), STATEMACHINELOGENTRY, StateMachineLogEntryProto:7603@client-CAAA969A923D
2024-10-09 04:30:06,009 DEBUG server.RaftServer$Division (RaftServerImpl.java:logAppendEntries(1545)) - s12@group-BDFE845AF3B0: appendEntries* s9->s12#7613-t1,previous=(t:1, i:154),leaderCommit=153,initializing? false,entries: size=1, first=(t:1, i:155), STATEMACHINELOGENTRY, StateMachineLogEntryProto:7603@client-CAAA969A923D
2024-10-09 04:30:06,009 DEBUG server.RaftServer$Division (RaftServerImpl.java:logAppendEntries(1545)) - s6@group-BDFE845AF3B0: appendEntries* s9->s6#7612-t1,previous=(t:1, i:154),leaderCommit=153,initializing? false,entries: size=1, first=(t:1, i:155), STATEMACHINELOGENTRY, StateMachineLogEntryProto:7603@client-CAAA969A923D
2024-10-09 04:30:06,009 DEBUG server.RaftServer$Division (RaftServerImpl.java:logAppendEntries(1545)) - s11@group-BDFE845AF3B0: appendEntries* reply s9<-s11#7610:OK-t1,SUCCESS,nextIndex=156,followerCommit=153,matchIndex=155
2024-10-09 04:30:06,010 DEBUG server.RaftServer$Division (RaftServerImpl.java:logAppendEntries(1545)) - s2@group-BDFE845AF3B0: appendEntries* s9->s2#7615-t1,previous=(t:1, i:153),leaderCommit=154,initializing? false,entries: size=2, first=(t:1, i:154), METADATAENTRY(c:153)
2024-10-09 04:30:06,009 DEBUG server.RaftServer$Division (RaftServerImpl.java:logAppendEntries(1545)) - s0@group-BDFE845AF3B0: appendEntries* s9->s0#7609-t1,previous=(t:1, i:153),leaderCommit=153,initializing? false,entries: size=2, first=(t:1, i:154), METADATAENTRY(c:153)
2024-10-09 04:30:06,010 DEBUG server.RaftServer$Division (RaftServerImpl.java:logAppendEntries(1545)) - s1@group-BDFE845AF3B0: appendEntries* s9->s1#7614-t1,previous=(t:1, i:154),leaderCommit=153,initializing? false,entries: size=1, first=(t:1, i:155), STATEMACHINELOGENTRY, StateMachineLogEntryProto:7603@client-CAAA969A923D
2024-10-09 04:30:06,010 DEBUG server.RaftServer$Division (RaftServerImpl.java:logAppendEntries(1545)) - s12@group-BDFE845AF3B0: appendEntries* reply s9<-s12#7613:OK-t1,SUCCESS,nextIndex=156,followerCommit=153,matchIndex=155
2024-10-09 04:30:06,008 DEBUG server.RaftServer$Division (RaftServerImpl.java:logAppendEntries(1545)) - s5@group-BDFE845AF3B0: appendEntries* s9->s5#7608-t1,previous=(t:1, i:154),leaderCommit=153,initializing? false,entries: size=1, first=(t:1, i:155), STATEMACHINELOGENTRY, StateMachineLogEntryProto:7603@client-CAAA969A923D
2024-10-09 04:30:06,008 DEBUG server.RaftServer$Division (RaftServerImpl.java:logAppendEntries(1545)) - s13@group-BDFE845AF3B0: appendEntries* s9->s13#7607-t1,previous=(t:1, i:154),leaderCommit=153,initializing? false,entries: size=1, first=(t:1, i:155), STATEMACHINELOGENTRY, StateMachineLogEntryProto:7603@client-CAAA969A923D
2024-10-09 04:30:06,010 DEBUG server.RaftServer$Division (RaftServerImpl.java:logAppendEntries(1545)) - s6@group-BDFE845AF3B0: appendEntries* reply s9<-s6#7612:OK-t1,SUCCESS,nextIndex=156,followerCommit=153,matchIndex=155
2024-10-09 04:30:06,010 DEBUG server.RaftServer$Division (RaftServerImpl.java:logAppendEntries(1545)) - s14@group-BDFE845AF3B0: appendEntries* reply s9<-s14#7611:OK-t1,SUCCESS,nextIndex=156,followerCommit=153,matchIndex=155
2024-10-09 04:30:06,010 DEBUG server.RaftServer$Division (RaftServerImpl.java:logAppendEntries(1545)) - s4@group-BDFE845AF3B0: appendEntries* reply s9<-s4#7604:OK-t1,SUCCESS,nextIndex=156,followerCommit=153,matchIndex=155
2024-10-09 04:30:06,011 DEBUG server.RaftServer$Division (RaftServerImpl.java:logAppendEntries(1545)) - s13@group-BDFE845AF3B0: appendEntries* reply s9<-s13#7607:OK-t1,SUCCESS,nextIndex=156,followerCommit=153,matchIndex=155
2024-10-09 04:30:06,009 DEBUG server.RaftServer$Division (RaftServerImpl.java:logAppendEntries(1545)) - s8@group-BDFE845AF3B0: appendEntries* reply s9<-s8#7594:OK-t1,SUCCESS,nextIndex=154,followerCommit=152,matchIndex=153
2024-10-09 04:30:06,011 DEBUG server.RaftServer$Division (RaftServerImpl.java:logAppendEntries(1545)) - s1@group-BDFE845AF3B0: appendEntries* reply s9<-s1#7614:OK-t1,SUCCESS,nextIndex=156,followerCommit=153,matchIndex=155
2024-10-09 04:30:06,011 DEBUG server.RaftServer$Division (RaftServerImpl.java:logAppendEntries(1545)) - s5@group-BDFE845AF3B0: appendEntries* reply s9<-s5#7608:OK-t1,SUCCESS,nextIndex=156,followerCommit=153,matchIndex=155
2024-10-09 04:30:06,011 DEBUG server.RaftServer$Division (RaftServerImpl.java:logAppendEntries(1545)) - s12@group-BDFE845AF3B0: appendEntries* s9->s12#7617-t1,previous=(t:1, i:155),leaderCommit=155,initializing? false,entries: size=1, first=(t:1, i:156), METADATAENTRY(c:155)
2024-10-09 04:30:06,011 DEBUG server.RaftServer$Division (RaftServerImpl.java:logAppendEntries(1545)) - s13@group-BDFE845AF3B0: appendEntries* s9->s13#7623-t1,previous=(t:1, i:155),leaderCommit=155,initializing? false,entries: size=1, first=(t:1, i:156), METADATAENTRY(c:155)
2024-10-09 04:30:06,011 DEBUG server.RaftServer$Division (RaftServerImpl.java:logAppendEntries(1545)) - s14@group-BDFE845AF3B0: appendEntries* s9->s14#7622-t1,previous=(t:1, i:155),leaderCommit=155,initializing? false,entries: size=1, first=(t:1, i:156), METADATAENTRY(c:155)
2024-10-09 04:30:06,012 INFO  statemachine.StateMachine (ArithmeticStateMachine.java:applyTransaction(181)) - LEADER:s9-155: c = null = null
2024-10-09 04:30:06,012 DEBUG server.RaftServer$Division (RaftServerImpl.java:logAppendEntries(1545)) - s3@group-BDFE845AF3B0: appendEntries* reply s9<-s3#7593:OK-t1,SUCCESS,nextIndex=154,followerCommit=152,matchIndex=153
2024-10-09 04:30:06,012 DEBUG server.RaftServer$Division (RaftServerImpl.java:logAppendEntries(1545)) - s6@group-BDFE845AF3B0: appendEntries* s9->s6#7621-t1,previous=(t:1, i:155),leaderCommit=155,initializing? false,entries: size=1, first=(t:1, i:156), METADATAENTRY(c:155)
2024-10-09 04:30:06,012 DEBUG server.RaftServer$Division (RaftServerImpl.java:logAppendEntries(1545)) - s8@group-BDFE845AF3B0: appendEntries* s9->s8#7616-t1,previous=(t:1, i:153),leaderCommit=155,initializing? false,entries: size=2, first=(t:1, i:154), METADATAENTRY(c:153)
2024-10-09 04:30:06,011 DEBUG server.RaftServer$Division (RaftServerImpl.java:logAppendEntries(1545)) - s1@group-BDFE845AF3B0: appendEntries* s9->s1#7619-t1,previous=(t:1, i:155),leaderCommit=155,initializing? false,entries: size=1, first=(t:1, i:156), METADATAENTRY(c:155)
2024-10-09 04:30:06,011 DEBUG server.RaftServer$Division (RaftServerImpl.java:logAppendEntries(1545)) - s11@group-BDFE845AF3B0: appendEntries* s9->s11#7620-t1,previous=(t:1, i:155),leaderCommit=155,initializing? false,entries: size=1, first=(t:1, i:156), METADATAENTRY(c:155)
2024-10-09 04:30:06,012 DEBUG server.RaftServer$Division (RaftServerImpl.java:logAppendEntries(1545)) - s3@group-BDFE845AF3B0: appendEntries* s9->s3#7627-t1,previous=(t:1, i:153),leaderCommit=155,initializing? false,entries: size=3, first=(t:1, i:154), METADATAENTRY(c:153)
2024-10-09 04:30:06,012 DEBUG server.RaftServer$Division (RaftServerImpl.java:logAppendEntries(1545)) - s6@group-BDFE845AF3B0: appendEntries* reply s9<-s6#7621:OK-t1,SUCCESS,nextIndex=157,followerCommit=155,matchIndex=156
2024-10-09 04:30:06,012 DEBUG server.RaftServer$Division (RaftServerImpl.java:submitClientRequestAsync(916)) - s9@group-BDFE845AF3B0: receive client request(RaftClientRequest:client-CAAA969A923D->s9@group-BDFE845AF3B0, cid=7626, seq=null, RW, Message:01016102405ac0000000...(size=12))
2024-10-09 04:30:06,013 DEBUG server.RaftServer$Division (RaftServerImpl.java:logAppendEntries(1545)) - s11@group-BDFE845AF3B0: appendEntries* reply s9<-s11#7620:OK-t1,SUCCESS,nextIndex=157,followerCommit=155,matchIndex=156
2024-10-09 04:30:06,012 DEBUG server.RaftServer$Division (RaftServerImpl.java:logAppendEntries(1545)) - s14@group-BDFE845AF3B0: appendEntries* reply s9<-s14#7622:OK-t1,SUCCESS,nextIndex=157,followerCommit=155,matchIndex=156
2024-10-09 04:30:06,012 DEBUG server.RaftServer$Division (RaftServerImpl.java:logAppendEntries(1545)) - s13@group-BDFE845AF3B0: appendEntries* reply s9<-s13#7623:OK-t1,SUCCESS,nextIndex=157,followerCommit=155,matchIndex=156
2024-10-09 04:30:06,012 DEBUG server.RaftServer$Division (RaftServerImpl.java:logAppendEntries(1545)) - s12@group-BDFE845AF3B0: appendEntries* reply s9<-s12#7617:OK-t1,SUCCESS,nextIndex=157,followerCommit=155,matchIndex=156
2024-10-09 04:30:06,013 DEBUG server.RaftServer$Division (RaftServerImpl.java:logAppendEntries(1545)) - s6@group-BDFE845AF3B0: appendEntries* s9->s6#7629-t1,previous=(t:1, i:156),leaderCommit=155,initializing? false,entries: size=1, first=(t:1, i:157), STATEMACHINELOGENTRY, StateMachineLogEntryProto:7626@client-CAAA969A923D
2024-10-09 04:30:06,014 DEBUG server.RaftServer$Division (RaftServerImpl.java:logAppendEntries(1545)) - s13@group-BDFE845AF3B0: appendEntries* s9->s13#7631-t1,previous=(t:1, i:156),leaderCommit=155,initializing? false,entries: size=1, first=(t:1, i:157), STATEMACHINELOGENTRY, StateMachineLogEntryProto:7626@client-CAAA969A923D
2024-10-09 04:30:06,014 DEBUG server.RaftServer$Division (RaftServerImpl.java:logAppendEntries(1545)) - s6@group-BDFE845AF3B0: appendEntries* reply s9<-s6#7629:OK-t1,SUCCESS,nextIndex=158,followerCommit=155,matchIndex=157
2024-10-09 04:30:06,014 DEBUG server.RaftServer$Division (LeaderStateImpl.java:addPendingRequest(529)) - s9@group-BDFE845AF3B0-LeaderStateImpl: addPendingRequest at RaftClientRequest:client-CAAA969A923D->s9@group-BDFE845AF3B0, cid=7626, seq=null, RW, Message:01016102405ac0000000...(size=12), entry=(t:1, i:157), STATEMACHINELOGENTRY, WRITE: logData.size=12, stateMachineData.size=0, logEntryProtoSerializedSize=0
2024-10-09 04:30:06,012 DEBUG server.RaftServer$Division (RaftServerImpl.java:logAppendEntries(1545)) - s4@group-BDFE845AF3B0: appendEntries* s9->s4#7624-t1,previous=(t:1, i:155),leaderCommit=155,initializing? false,entries: size=1, first=(t:1, i:156), METADATAENTRY(c:155)
2024-10-09 04:30:06,012 DEBUG server.RaftServer$Division (RaftServerImpl.java:logAppendEntries(1545)) - s5@group-BDFE845AF3B0: appendEntries* s9->s5#7625-t1,previous=(t:1, i:155),leaderCommit=155,initializing? false,entries: size=1, first=(t:1, i:156), METADATAENTRY(c:155)
2024-10-09 04:30:06,011 DEBUG server.RaftServer$Division (RaftServerImpl.java:logAppendEntries(1545)) - s7@group-BDFE845AF3B0: appendEntries* s9->s7#7618-t1,previous=(t:1, i:155),leaderCommit=155,initializing? false,entries: size=1, first=(t:1, i:156), METADATAENTRY(c:155)
2024-10-09 04:30:06,014 DEBUG server.RaftServer$Division (RaftServerImpl.java:logAppendEntries(1545)) - s13@group-BDFE845AF3B0: appendEntries* reply s9<-s13#7631:OK-t1,SUCCESS,nextIndex=158,followerCommit=155,matchIndex=157
2024-10-09 04:30:06,014 DEBUG server.RaftServer$Division (RaftServerImpl.java:logAppendEntries(1545)) - s4@group-BDFE845AF3B0: appendEntries* reply s9<-s4#7624:OK-t1,SUCCESS,nextIndex=157,followerCommit=155,matchIndex=156
2024-10-09 04:30:06,014 DEBUG server.RaftServer$Division (RaftServerImpl.java:logAppendEntries(1545)) - s8@group-BDFE845AF3B0: appendEntries* reply s9<-s8#7616:OK-t1,SUCCESS,nextIndex=156,followerCommit=155,matchIndex=155
2024-10-09 04:30:06,014 DEBUG server.RaftServer$Division (RaftServerImpl.java:logAppendEntries(1545)) - s3@group-BDFE845AF3B0: appendEntries* reply s9<-s3#7627:OK-t1,SUCCESS,nextIndex=157,followerCommit=155,matchIndex=156
2024-10-09 04:30:06,014 DEBUG server.RaftServer$Division (RaftServerImpl.java:logAppendEntries(1545)) - s12@group-BDFE845AF3B0: appendEntries* s9->s12#7632-t1,previous=(t:1, i:156),leaderCommit=155,initializing? false,entries: size=1, first=(t:1, i:157), STATEMACHINELOGENTRY, StateMachineLogEntryProto:7626@client-CAAA969A923D
2024-10-09 04:30:06,014 DEBUG server.RaftServer$Division (RaftServerImpl.java:logAppendEntries(1545)) - s14@group-BDFE845AF3B0: appendEntries* s9->s14#7630-t1,previous=(t:1, i:156),leaderCommit=155,initializing? false,entries: size=1, first=(t:1, i:157), STATEMACHINELOGENTRY, StateMachineLogEntryProto:7626@client-CAAA969A923D
2024-10-09 04:30:06,013 DEBUG server.RaftServer$Division (RaftServerImpl.java:logAppendEntries(1545)) - s11@group-BDFE845AF3B0: appendEntries* s9->s11#7628-t1,previous=(t:1, i:156),leaderCommit=155,initializing? false,entries: size=1, first=(t:1, i:157), STATEMACHINELOGENTRY, StateMachineLogEntryProto:7626@client-CAAA969A923D
2024-10-09 04:30:06,013 DEBUG server.RaftServer$Division (RaftServerImpl.java:logAppendEntries(1545)) - s0@group-BDFE845AF3B0: appendEntries* reply s9<-s0#7609:OK-t1,SUCCESS,nextIndex=156,followerCommit=153,matchIndex=155
2024-10-09 04:30:06,013 DEBUG server.RaftServer$Division (RaftServerImpl.java:logAppendEntries(1545)) - s1@group-BDFE845AF3B0: appendEntries* reply s9<-s1#7619:OK-t1,SUCCESS,nextIndex=157,followerCommit=155,matchIndex=156
2024-10-09 04:30:06,013 DEBUG server.RaftServer$Division (RaftServerImpl.java:logAppendEntries(1545)) - s10@group-BDFE845AF3B0: appendEntries* reply s9<-s10#7606:OK-t1,SUCCESS,nextIndex=156,followerCommit=153,matchIndex=155
2024-10-09 04:30:06,015 DEBUG server.RaftServer$Division (RaftServerImpl.java:logAppendEntries(1545)) - s12@group-BDFE845AF3B0: appendEntries* reply s9<-s12#7632:OK-t1,SUCCESS,nextIndex=158,followerCommit=155,matchIndex=157
2024-10-09 04:30:06,015 DEBUG server.RaftServer$Division (RaftServerImpl.java:logAppendEntries(1545)) - s5@group-BDFE845AF3B0: appendEntries* reply s9<-s5#7625:OK-t1,SUCCESS,nextIndex=157,followerCommit=155,matchIndex=156
2024-10-09 04:30:06,016 DEBUG server.RaftServer$Division (RaftServerImpl.java:logAppendEntries(1545)) - s1@group-BDFE845AF3B0: appendEntries* s9->s1#7636-t1,previous=(t:1, i:156),leaderCommit=156,initializing? false,entries: size=1, first=(t:1, i:157), STATEMACHINELOGENTRY, StateMachineLogEntryProto:7626@client-CAAA969A923D
2024-10-09 04:30:06,016 DEBUG server.RaftServer$Division (RaftServerImpl.java:logAppendEntries(1545)) - s10@group-BDFE845AF3B0: appendEntries* s9->s10#7638-t1,previous=(t:1, i:155),leaderCommit=156,initializing? false,entries: size=2, first=(t:1, i:156), METADATAENTRY(c:155)
2024-10-09 04:30:06,016 DEBUG server.RaftServer$Division (RaftServerImpl.java:logAppendEntries(1545)) - s1@group-BDFE845AF3B0: appendEntries* reply s9<-s1#7636:OK-t1,SUCCESS,nextIndex=158,followerCommit=156,matchIndex=157
2024-10-09 04:30:06,016 DEBUG server.RaftServer$Division (RaftServerImpl.java:logAppendEntries(1545)) - s2@group-BDFE845AF3B0: appendEntries* reply s9<-s2#7615:OK-t1,SUCCESS,nextIndex=156,followerCommit=154,matchIndex=155
2024-10-09 04:30:06,014 DEBUG server.RaftServer$Division (RaftServerImpl.java:logAppendEntries(1545)) - s7@group-BDFE845AF3B0: appendEntries* reply s9<-s7#7618:OK-t1,SUCCESS,nextIndex=157,followerCommit=155,matchIndex=156
2024-10-09 04:30:06,016 DEBUG server.RaftServer$Division (RaftServerImpl.java:logAppendEntries(1545)) - s8@group-BDFE845AF3B0: appendEntries* s9->s8#7635-t1,previous=(t:1, i:155),leaderCommit=156,initializing? false,entries: size=2, first=(t:1, i:156), METADATAENTRY(c:155)
2024-10-09 04:30:06,016 DEBUG server.RaftServer$Division (RaftServerImpl.java:logAppendEntries(1545)) - s4@group-BDFE845AF3B0: appendEntries* s9->s4#7634-t1,previous=(t:1, i:156),leaderCommit=156,initializing? false,entries: size=1, first=(t:1, i:157), STATEMACHINELOGENTRY, StateMachineLogEntryProto:7626@client-CAAA969A923D
2024-10-09 04:30:06,017 DEBUG server.RaftServer$Division (RaftServerImpl.java:logAppendEntries(1545)) - s7@group-BDFE845AF3B0: appendEntries* s9->s7#7640-t1,previous=(t:1, i:156),leaderCommit=156,initializing? false,entries: size=1, first=(t:1, i:157), STATEMACHINELOGENTRY, StateMachineLogEntryProto:7626@client-CAAA969A923D
2024-10-09 04:30:06,017 DEBUG server.RaftServer$Division (RaftServerImpl.java:logAppendEntries(1545)) - s10@group-BDFE845AF3B0: appendEntries* reply s9<-s10#7638:OK-t1,SUCCESS,nextIndex=158,followerCommit=156,matchIndex=157
2024-10-09 04:30:06,018 DEBUG server.RaftServer$Division (RaftServerImpl.java:logAppendEntries(1545)) - s7@group-BDFE845AF3B0: appendEntries* reply s9<-s7#7640:OK-t1,SUCCESS,nextIndex=158,followerCommit=156,matchIndex=157
2024-10-09 04:30:06,016 DEBUG server.RaftServer$Division (RaftServerImpl.java:logAppendEntries(1545)) - s5@group-BDFE845AF3B0: appendEntries* s9->s5#7639-t1,previous=(t:1, i:156),leaderCommit=156,initializing? false,entries: size=1, first=(t:1, i:157), STATEMACHINELOGENTRY, StateMachineLogEntryProto:7626@client-CAAA969A923D
2024-10-09 04:30:06,016 DEBUG server.RaftServer$Division (RaftServerImpl.java:logAppendEntries(1545)) - s11@group-BDFE845AF3B0: appendEntries* reply s9<-s11#7628:OK-t1,SUCCESS,nextIndex=158,followerCommit=155,matchIndex=157
2024-10-09 04:30:06,016 DEBUG server.RaftServer$Division (RaftServerImpl.java:logAppendEntries(1545)) - s0@group-BDFE845AF3B0: appendEntries* s9->s0#7637-t1,previous=(t:1, i:155),leaderCommit=156,initializing? false,entries: size=2, first=(t:1, i:156), METADATAENTRY(c:155)
2024-10-09 04:30:06,016 DEBUG server.RaftServer$Division (RaftServerImpl.java:logAppendEntries(1545)) - s14@group-BDFE845AF3B0: appendEntries* reply s9<-s14#7630:OK-t1,SUCCESS,nextIndex=158,followerCommit=155,matchIndex=157
2024-10-09 04:30:06,018 DEBUG server.RaftServer$Division (RaftServerImpl.java:logAppendEntries(1545)) - s11@group-BDFE845AF3B0: appendEntries* s9->s11#7642-t1,previous=(t:1, i:157),leaderCommit=157,initializing? false,entries: size=1, first=(t:1, i:158), METADATAENTRY(c:157)
2024-10-09 04:30:06,018 DEBUG server.RaftServer$Division (RaftServerImpl.java:logAppendEntries(1545)) - s1@group-BDFE845AF3B0: appendEntries* s9->s1#7643-t1,previous=(t:1, i:157),leaderCommit=157,initializing? false,entries: size=1, first=(t:1, i:158), METADATAENTRY(c:157)
2024-10-09 04:30:06,019 DEBUG server.RaftServer$Division (RaftServerImpl.java:logAppendEntries(1545)) - s2@group-BDFE845AF3B0: appendEntries* s9->s2#7641-t1,previous=(t:1, i:155),leaderCommit=156,initializing? false,entries: size=2, first=(t:1, i:156), METADATAENTRY(c:155)
2024-10-09 04:30:06,019 DEBUG server.RaftServer$Division (RaftServerImpl.java:logAppendEntries(1545)) - s7@group-BDFE845AF3B0: appendEntries* s9->s7#7644-t1,previous=(t:1, i:157),leaderCommit=157,initializing? false,entries: size=1, first=(t:1, i:158), METADATAENTRY(c:157)
2024-10-09 04:30:06,016 DEBUG server.RaftServer$Division (RaftServerImpl.java:logAppendEntries(1545)) - s3@group-BDFE845AF3B0: appendEntries* s9->s3#7633-t1,previous=(t:1, i:156),leaderCommit=155,initializing? false,entries: size=1, first=(t:1, i:157), STATEMACHINELOGENTRY, StateMachineLogEntryProto:7626@client-CAAA969A923D
2024-10-09 04:30:06,019 DEBUG server.RaftServer$Division (RaftServerImpl.java:logAppendEntries(1545)) - s14@group-BDFE845AF3B0: appendEntries* s9->s14#7648-t1,previous=(t:1, i:157),leaderCommit=157,initializing? false,entries: size=1, first=(t:1, i:158), METADATAENTRY(c:157)
2024-10-09 04:30:06,019 DEBUG server.RaftServer$Division (RaftServerImpl.java:logAppendEntries(1545)) - s6@group-BDFE845AF3B0: appendEntries* s9->s6#7647-t1,previous=(t:1, i:157),leaderCommit=157,initializing? false,entries: size=1, first=(t:1, i:158), METADATAENTRY(c:157)
2024-10-09 04:30:06,019 DEBUG server.RaftServer$Division (RaftServerImpl.java:logAppendEntries(1545)) - s10@group-BDFE845AF3B0: appendEntries* s9->s10#7649-t1,previous=(t:1, i:157),leaderCommit=157,initializing? false,entries: size=1, first=(t:1, i:158), METADATAENTRY(c:157)
2024-10-09 04:30:06,019 DEBUG server.RaftServer$Division (RaftServerImpl.java:logAppendEntries(1545)) - s13@group-BDFE845AF3B0: appendEntries* s9->s13#7646-t1,previous=(t:1, i:157),leaderCommit=157,initializing? false,entries: size=1, first=(t:1, i:158), METADATAENTRY(c:157)
2024-10-09 04:30:06,018 DEBUG server.RaftServer$Division (RaftServerImpl.java:logAppendEntries(1545)) - s12@group-BDFE845AF3B0: appendEntries* s9->s12#7645-t1,previous=(t:1, i:157),leaderCommit=157,initializing? false,entries: size=1, first=(t:1, i:158), METADATAENTRY(c:157)
2024-10-09 04:30:06,018 INFO  statemachine.StateMachine (ArithmeticStateMachine.java:applyTransaction(181)) - LEADER:s9-157: a = 107 = 107
2024-10-09 04:30:06,020 DEBUG server.RaftServer$Division (RaftServerImpl.java:logAppendEntries(1545)) - s3@group-BDFE845AF3B0: appendEntries* reply s9<-s3#7633:OK-t1,SUCCESS,nextIndex=158,followerCommit=155,matchIndex=157
2024-10-09 04:30:06,020 DEBUG server.RaftServer$Division (RaftServerImpl.java:logAppendEntries(1545)) - s14@group-BDFE845AF3B0: appendEntries* reply s9<-s14#7648:OK-t1,SUCCESS,nextIndex=159,followerCommit=157,matchIndex=158
2024-10-09 04:30:06,020 DEBUG server.RaftServer$Division (RaftServerImpl.java:logAppendEntries(1545)) - s8@group-BDFE845AF3B0: appendEntries* reply s9<-s8#7635:OK-t1,SUCCESS,nextIndex=158,followerCommit=156,matchIndex=157
2024-10-09 04:30:06,020 DEBUG server.RaftServer$Division (RaftServerImpl.java:logAppendEntries(1545)) - s5@group-BDFE845AF3B0: appendEntries* reply s9<-s5#7639:OK-t1,SUCCESS,nextIndex=158,followerCommit=156,matchIndex=157
2024-10-09 04:30:06,020 DEBUG server.RaftServer$Division (RaftServerImpl.java:logAppendEntries(1545)) - s4@group-BDFE845AF3B0: appendEntries* reply s9<-s4#7634:OK-t1,SUCCESS,nextIndex=158,followerCommit=156,matchIndex=157
2024-10-09 04:30:06,020 DEBUG server.RaftServer$Division (RaftServerImpl.java:logAppendEntries(1545)) - s7@group-BDFE845AF3B0: appendEntries* reply s9<-s7#7644:OK-t1,SUCCESS,nextIndex=159,followerCommit=157,matchIndex=158
2024-10-09 04:30:06,020 DEBUG server.RaftServer$Division (RaftServerImpl.java:logAppendEntries(1545)) - s0@group-BDFE845AF3B0: appendEntries* reply s9<-s0#7637:OK-t1,SUCCESS,nextIndex=158,followerCommit=156,matchIndex=157
2024-10-09 04:30:06,020 DEBUG server.RaftServer$Division (RaftServerImpl.java:submitClientRequestAsync(916)) - s9@group-BDFE845AF3B0: receive client request(RaftClientRequest:client-CAAA969A923D->s9@group-BDFE845AF3B0, cid=7650, seq=null, RW, Message:0101620240b65c000000...(size=12))
2024-10-09 04:30:06,020 DEBUG server.RaftServer$Division (RaftServerImpl.java:logAppendEntries(1545)) - s6@group-BDFE845AF3B0: appendEntries* reply s9<-s6#7647:OK-t1,SUCCESS,nextIndex=159,followerCommit=157,matchIndex=158
2024-10-09 04:30:06,020 DEBUG server.RaftServer$Division (RaftServerImpl.java:logAppendEntries(1545)) - s1@group-BDFE845AF3B0: appendEntries* reply s9<-s1#7643:OK-t1,SUCCESS,nextIndex=159,followerCommit=157,matchIndex=158
2024-10-09 04:30:06,021 DEBUG server.RaftServer$Division (LeaderStateImpl.java:addPendingRequest(529)) - s9@group-BDFE845AF3B0-LeaderStateImpl: addPendingRequest at RaftClientRequest:client-CAAA969A923D->s9@group-BDFE845AF3B0, cid=7650, seq=null, RW, Message:0101620240b65c000000...(size=12), entry=(t:1, i:159), STATEMACHINELOGENTRY, WRITE: logData.size=12, stateMachineData.size=0, logEntryProtoSerializedSize=0
2024-10-09 04:30:06,020 DEBUG server.RaftServer$Division (RaftServerImpl.java:logAppendEntries(1545)) - s11@group-BDFE845AF3B0: appendEntries* reply s9<-s11#7642:OK-t1,SUCCESS,nextIndex=159,followerCommit=157,matchIndex=158
2024-10-09 04:30:06,020 DEBUG server.RaftServer$Division (RaftServerImpl.java:logAppendEntries(1545)) - s13@group-BDFE845AF3B0: appendEntries* reply s9<-s13#7646:OK-t1,SUCCESS,nextIndex=159,followerCommit=157,matchIndex=158
2024-10-09 04:30:06,021 DEBUG server.RaftServer$Division (RaftServerImpl.java:logAppendEntries(1545)) - s14@group-BDFE845AF3B0: appendEntries* s9->s14#7653-t1,previous=(t:1, i:158),leaderCommit=157,initializing? false,entries: size=1, first=(t:1, i:159), STATEMACHINELOGENTRY, StateMachineLogEntryProto:7650@client-CAAA969A923D
2024-10-09 04:30:06,021 DEBUG server.RaftServer$Division (RaftServerImpl.java:logAppendEntries(1545)) - s0@group-BDFE845AF3B0: appendEntries* s9->s0#7656-t1,previous=(t:1, i:157),leaderCommit=157,initializing? false,entries: size=2, first=(t:1, i:158), METADATAENTRY(c:157)
2024-10-09 04:30:06,021 DEBUG server.RaftServer$Division (RaftServerImpl.java:logAppendEntries(1545)) - s13@group-BDFE845AF3B0: appendEntries* s9->s13#7658-t1,previous=(t:1, i:158),leaderCommit=157,initializing? false,entries: size=1, first=(t:1, i:159), STATEMACHINELOGENTRY, StateMachineLogEntryProto:7650@client-CAAA969A923D
2024-10-09 04:30:06,022 DEBUG server.RaftServer$Division (RaftServerImpl.java:logAppendEntries(1545)) - s11@group-BDFE845AF3B0: appendEntries* s9->s11#7659-t1,previous=(t:1, i:158),leaderCommit=157,initializing? false,entries: size=1, first=(t:1, i:159), STATEMACHINELOGENTRY, StateMachineLogEntryProto:7650@client-CAAA969A923D
2024-10-09 04:30:06,022 DEBUG server.RaftServer$Division (RaftServerImpl.java:logAppendEntries(1545)) - s14@group-BDFE845AF3B0: appendEntries* reply s9<-s14#7653:OK-t1,SUCCESS,nextIndex=160,followerCommit=157,matchIndex=159
2024-10-09 04:30:06,022 DEBUG server.RaftServer$Division (RaftServerImpl.java:logAppendEntries(1545)) - s4@group-BDFE845AF3B0: appendEntries* s9->s4#7652-t1,previous=(t:1, i:157),leaderCommit=157,initializing? false,entries: size=1, first=(t:1, i:158), METADATAENTRY(c:157)
2024-10-09 04:30:06,022 DEBUG server.RaftServer$Division (RaftServerImpl.java:logAppendEntries(1545)) - s13@group-BDFE845AF3B0: appendEntries* reply s9<-s13#7658:OK-t1,SUCCESS,nextIndex=160,followerCommit=157,matchIndex=159
2024-10-09 04:30:06,021 DEBUG server.RaftServer$Division (RaftServerImpl.java:logAppendEntries(1545)) - s5@group-BDFE845AF3B0: appendEntries* s9->s5#7651-t1,previous=(t:1, i:157),leaderCommit=157,initializing? false,entries: size=1, first=(t:1, i:158), METADATAENTRY(c:157)
2024-10-09 04:30:06,021 DEBUG server.RaftServer$Division (RaftServerImpl.java:logAppendEntries(1545)) - s1@group-BDFE845AF3B0: appendEntries* s9->s1#7655-t1,previous=(t:1, i:158),leaderCommit=157,initializing? false,entries: size=1, first=(t:1, i:159), STATEMACHINELOGENTRY, StateMachineLogEntryProto:7650@client-CAAA969A923D
2024-10-09 04:30:06,021 DEBUG server.RaftServer$Division (RaftServerImpl.java:logAppendEntries(1545)) - s7@group-BDFE845AF3B0: appendEntries* s9->s7#7657-t1,previous=(t:1, i:158),leaderCommit=157,initializing? false,entries: size=1, first=(t:1, i:159), STATEMACHINELOGENTRY, StateMachineLogEntryProto:7650@client-CAAA969A923D
2024-10-09 04:30:06,021 DEBUG server.RaftServer$Division (RaftServerImpl.java:logAppendEntries(1545)) - s6@group-BDFE845AF3B0: appendEntries* s9->s6#7654-t1,previous=(t:1, i:158),leaderCommit=157,initializing? false,entries: size=1, first=(t:1, i:159), STATEMACHINELOGENTRY, StateMachineLogEntryProto:7650@client-CAAA969A923D
2024-10-09 04:30:06,021 DEBUG server.RaftServer$Division (RaftServerImpl.java:logAppendEntries(1545)) - s12@group-BDFE845AF3B0: appendEntries* reply s9<-s12#7645:OK-t1,SUCCESS,nextIndex=159,followerCommit=157,matchIndex=158
2024-10-09 04:30:06,023 DEBUG server.RaftServer$Division (RaftServerImpl.java:logAppendEntries(1545)) - s5@group-BDFE845AF3B0: appendEntries* reply s9<-s5#7651:OK-t1,SUCCESS,nextIndex=159,followerCommit=157,matchIndex=158
2024-10-09 04:30:06,023 DEBUG server.RaftServer$Division (RaftServerImpl.java:logAppendEntries(1545)) - s0@group-BDFE845AF3B0: appendEntries* reply s9<-s0#7656:OK-t1,SUCCESS,nextIndex=160,followerCommit=157,matchIndex=159
2024-10-09 04:30:06,023 DEBUG server.RaftServer$Division (RaftServerImpl.java:logAppendEntries(1545)) - s4@group-BDFE845AF3B0: appendEntries* reply s9<-s4#7652:OK-t1,SUCCESS,nextIndex=159,followerCommit=157,matchIndex=158
2024-10-09 04:30:06,023 DEBUG server.RaftServer$Division (RaftServerImpl.java:logAppendEntries(1545)) - s1@group-BDFE845AF3B0: appendEntries* reply s9<-s1#7655:OK-t1,SUCCESS,nextIndex=160,followerCommit=157,matchIndex=159
2024-10-09 04:30:06,023 DEBUG server.RaftServer$Division (RaftServerImpl.java:logAppendEntries(1545)) - s2@group-BDFE845AF3B0: appendEntries* reply s9<-s2#7641:OK-t1,SUCCESS,nextIndex=158,followerCommit=156,matchIndex=157
2024-10-09 04:30:06,023 DEBUG server.RaftServer$Division (RaftServerImpl.java:logAppendEntries(1545)) - s7@group-BDFE845AF3B0: appendEntries* reply s9<-s7#7657:OK-t1,SUCCESS,nextIndex=160,followerCommit=157,matchIndex=159
2024-10-09 04:30:06,023 DEBUG server.RaftServer$Division (RaftServerImpl.java:logAppendEntries(1545)) - s5@group-BDFE845AF3B0: appendEntries* s9->s5#7663-t1,previous=(t:1, i:158),leaderCommit=158,initializing? false,entries: size=1, first=(t:1, i:159), STATEMACHINELOGENTRY, StateMachineLogEntryProto:7650@client-CAAA969A923D
2024-10-09 04:30:06,022 DEBUG server.RaftServer$Division (RaftServerImpl.java:logAppendEntries(1545)) - s10@group-BDFE845AF3B0: appendEntries* reply s9<-s10#7649:OK-t1,SUCCESS,nextIndex=159,followerCommit=157,matchIndex=158
2024-10-09 04:30:06,022 DEBUG server.RaftServer$Division (RaftServerImpl.java:logAppendEntries(1545)) - s3@group-BDFE845AF3B0: appendEntries* s9->s3#7661-t1,previous=(t:1, i:157),leaderCommit=157,initializing? false,entries: size=2, first=(t:1, i:158), METADATAENTRY(c:157)
2024-10-09 04:30:06,024 DEBUG server.RaftServer$Division (RaftServerImpl.java:logAppendEntries(1545)) - s5@group-BDFE845AF3B0: appendEntries* reply s9<-s5#7663:OK-t1,SUCCESS,nextIndex=160,followerCommit=158,matchIndex=159
2024-10-09 04:30:06,024 DEBUG server.RaftServer$Division (RaftServerImpl.java:logAppendEntries(1545)) - s2@group-BDFE845AF3B0: appendEntries* s9->s2#7664-t1,previous=(t:1, i:157),leaderCommit=158,initializing? false,entries: size=2, first=(t:1, i:158), METADATAENTRY(c:157)
2024-10-09 04:30:06,022 DEBUG server.RaftServer$Division (RaftServerImpl.java:logAppendEntries(1545)) - s8@group-BDFE845AF3B0: appendEntries* s9->s8#7660-t1,previous=(t:1, i:157),leaderCommit=157,initializing? false,entries: size=2, first=(t:1, i:158), METADATAENTRY(c:157)
2024-10-09 04:30:06,024 DEBUG server.RaftServer$Division (RaftServerImpl.java:logAppendEntries(1545)) - s3@group-BDFE845AF3B0: appendEntries* reply s9<-s3#7661:OK-t1,SUCCESS,nextIndex=160,followerCommit=157,matchIndex=159
2024-10-09 04:30:06,023 DEBUG server.RaftServer$Division (RaftServerImpl.java:logAppendEntries(1545)) - s12@group-BDFE845AF3B0: appendEntries* s9->s12#7662-t1,previous=(t:1, i:158),leaderCommit=157,initializing? false,entries: size=1, first=(t:1, i:159), STATEMACHINELOGENTRY, StateMachineLogEntryProto:7650@client-CAAA969A923D
2024-10-09 04:30:06,023 DEBUG server.RaftServer$Division (RaftServerImpl.java:logAppendEntries(1545)) - s6@group-BDFE845AF3B0: appendEntries* reply s9<-s6#7654:OK-t1,SUCCESS,nextIndex=160,followerCommit=157,matchIndex=159
2024-10-09 04:30:06,023 DEBUG server.RaftServer$Division (RaftServerImpl.java:logAppendEntries(1545)) - s11@group-BDFE845AF3B0: appendEntries* reply s9<-s11#7659:OK-t1,SUCCESS,nextIndex=160,followerCommit=157,matchIndex=159
2024-10-09 04:30:06,025 INFO  statemachine.StateMachine (ArithmeticStateMachine.java:applyTransaction(181)) - LEADER:s9-159: b = 5724 = 5724
2024-10-09 04:30:06,025 DEBUG server.RaftServer$Division (RaftServerImpl.java:logAppendEntries(1545)) - s1@group-BDFE845AF3B0: appendEntries* s9->s1#7669-t1,previous=(t:1, i:159),leaderCommit=159,initializing? false,entries: size=1, first=(t:1, i:160), METADATAENTRY(c:159)
2024-10-09 04:30:06,025 DEBUG server.RaftServer$Division (RaftServerImpl.java:submitClientRequestAsync(916)) - s9@group-BDFE845AF3B0: receive client request(RaftClientRequest:client-CAAA969A923D->s9@group-BDFE845AF3B0, cid=7673, seq=null, RW, Message:01016304010300040201...(size=17))
2024-10-09 04:30:06,025 DEBUG server.RaftServer$Division (RaftServerImpl.java:logAppendEntries(1545)) - s7@group-BDFE845AF3B0: appendEntries* s9->s7#7670-t1,previous=(t:1, i:159),leaderCommit=159,initializing? false,entries: size=1, first=(t:1, i:160), METADATAENTRY(c:159)
2024-10-09 04:30:06,025 DEBUG server.RaftServer$Division (RaftServerImpl.java:logAppendEntries(1545)) - s0@group-BDFE845AF3B0: appendEntries* s9->s0#7671-t1,previous=(t:1, i:159),leaderCommit=159,initializing? false,entries: size=1, first=(t:1, i:160), METADATAENTRY(c:159)
2024-10-09 04:30:06,025 DEBUG server.RaftServer$Division (RaftServerImpl.java:logAppendEntries(1545)) - s12@group-BDFE845AF3B0: appendEntries* reply s9<-s12#7662:OK-t1,SUCCESS,nextIndex=160,followerCommit=157,matchIndex=159
2024-10-09 04:30:06,025 DEBUG server.RaftServer$Division (RaftServerImpl.java:logAppendEntries(1545)) - s11@group-BDFE845AF3B0: appendEntries* s9->s11#7675-t1,previous=(t:1, i:159),leaderCommit=159,initializing? false,entries: size=1, first=(t:1, i:160), METADATAENTRY(c:159)
2024-10-09 04:30:06,026 DEBUG server.RaftServer$Division (RaftServerImpl.java:logAppendEntries(1545)) - s1@group-BDFE845AF3B0: appendEntries* reply s9<-s1#7669:OK-t1,SUCCESS,nextIndex=161,followerCommit=159,matchIndex=160
2024-10-09 04:30:06,026 DEBUG server.RaftServer$Division (RaftServerImpl.java:logAppendEntries(1545)) - s8@group-BDFE845AF3B0: appendEntries* reply s9<-s8#7660:OK-t1,SUCCESS,nextIndex=160,followerCommit=157,matchIndex=159
2024-10-09 04:30:06,026 DEBUG server.RaftServer$Division (RaftServerImpl.java:logAppendEntries(1545)) - s3@group-BDFE845AF3B0: appendEntries* s9->s3#7672-t1,previous=(t:1, i:159),leaderCommit=159,initializing? false,entries: size=1, first=(t:1, i:160), METADATAENTRY(c:159)
2024-10-09 04:30:06,026 DEBUG server.RaftServer$Division (RaftServerImpl.java:logAppendEntries(1545)) - s12@group-BDFE845AF3B0: appendEntries* s9->s12#7677-t1,previous=(t:1, i:159),leaderCommit=159,initializing? false,entries: size=2, first=(t:1, i:160), METADATAENTRY(c:159)
2024-10-09 04:30:06,026 DEBUG server.RaftServer$Division (RaftServerImpl.java:logAppendEntries(1545)) - s5@group-BDFE845AF3B0: appendEntries* s9->s5#7676-t1,previous=(t:1, i:159),leaderCommit=159,initializing? false,entries: size=1, first=(t:1, i:160), METADATAENTRY(c:159)
2024-10-09 04:30:06,025 DEBUG server.RaftServer$Division (RaftServerImpl.java:logAppendEntries(1545)) - s6@group-BDFE845AF3B0: appendEntries* s9->s6#7667-t1,previous=(t:1, i:159),leaderCommit=159,initializing? false,entries: size=1, first=(t:1, i:160), METADATAENTRY(c:159)
2024-10-09 04:30:06,026 DEBUG server.RaftServer$Division (RaftServerImpl.java:logAppendEntries(1545)) - s1@group-BDFE845AF3B0: appendEntries* s9->s1#7678-t1,previous=(t:1, i:160),leaderCommit=159,initializing? false,entries: size=1, first=(t:1, i:161), STATEMACHINELOGENTRY, StateMachineLogEntryProto:7673@client-CAAA969A923D
2024-10-09 04:30:06,026 DEBUG server.RaftServer$Division (RaftServerImpl.java:logAppendEntries(1545)) - s13@group-BDFE845AF3B0: appendEntries* s9->s13#7668-t1,previous=(t:1, i:159),leaderCommit=159,initializing? false,entries: size=1, first=(t:1, i:160), METADATAENTRY(c:159)
2024-10-09 04:30:06,026 DEBUG server.RaftServer$Division (RaftServerImpl.java:logAppendEntries(1545)) - s7@group-BDFE845AF3B0: appendEntries* reply s9<-s7#7670:OK-t1,SUCCESS,nextIndex=161,followerCommit=159,matchIndex=160
2024-10-09 04:30:06,026 DEBUG server.RaftServer$Division (RaftServerImpl.java:logAppendEntries(1545)) - s0@group-BDFE845AF3B0: appendEntries* reply s9<-s0#7671:OK-t1,SUCCESS,nextIndex=161,followerCommit=159,matchIndex=160
2024-10-09 04:30:06,025 DEBUG server.RaftServer$Division (RaftServerImpl.java:logAppendEntries(1545)) - s14@group-BDFE845AF3B0: appendEntries* s9->s14#7666-t1,previous=(t:1, i:159),leaderCommit=159,initializing? false,entries: size=1, first=(t:1, i:160), METADATAENTRY(c:159)
2024-10-09 04:30:06,027 DEBUG server.RaftServer$Division (RaftServerImpl.java:logAppendEntries(1545)) - s12@group-BDFE845AF3B0: appendEntries* reply s9<-s12#7677:OK-t1,SUCCESS,nextIndex=162,followerCommit=159,matchIndex=161
2024-10-09 04:30:06,027 DEBUG server.RaftServer$Division (RaftServerImpl.java:logAppendEntries(1545)) - s0@group-BDFE845AF3B0: appendEntries* s9->s0#7679-t1,previous=(t:1, i:160),leaderCommit=159,initializing? false,entries: size=1, first=(t:1, i:161), STATEMACHINELOGENTRY, StateMachineLogEntryProto:7673@client-CAAA969A923D
2024-10-09 04:30:06,025 DEBUG server.RaftServer$Division (RaftServerImpl.java:logAppendEntries(1545)) - s10@group-BDFE845AF3B0: appendEntries* s9->s10#7665-t1,previous=(t:1, i:158),leaderCommit=158,initializing? false,entries: size=1, first=(t:1, i:159), STATEMACHINELOGENTRY, StateMachineLogEntryProto:7650@client-CAAA969A923D
2024-10-09 04:30:06,025 DEBUG server.RaftServer$Division (RaftServerImpl.java:logAppendEntries(1545)) - s4@group-BDFE845AF3B0: appendEntries* s9->s4#7674-t1,previous=(t:1, i:158),leaderCommit=159,initializing? false,entries: size=2, first=(t:1, i:159), STATEMACHINELOGENTRY, StateMachineLogEntryProto:7650@client-CAAA969A923D
2024-10-09 04:30:06,025 DEBUG server.RaftServer$Division (LeaderStateImpl.java:addPendingRequest(529)) - s9@group-BDFE845AF3B0-LeaderStateImpl: addPendingRequest at RaftClientRequest:client-CAAA969A923D->s9@group-BDFE845AF3B0, cid=7673, seq=null, RW, Message:01016304010300040201...(size=17), entry=(t:1, i:161), STATEMACHINELOGENTRY, WRITE: logData.size=17, stateMachineData.size=0, logEntryProtoSerializedSize=0
2024-10-09 04:30:06,028 DEBUG server.RaftServer$Division (RaftServerImpl.java:logAppendEntries(1545)) - s0@group-BDFE845AF3B0: appendEntries* reply s9<-s0#7679:OK-t1,SUCCESS,nextIndex=162,followerCommit=159,matchIndex=161
2024-10-09 04:30:06,028 DEBUG server.RaftServer$Division (RaftServerImpl.java:logAppendEntries(1545)) - s10@group-BDFE845AF3B0: appendEntries* reply s9<-s10#7665:OK-t1,SUCCESS,nextIndex=160,followerCommit=158,matchIndex=159
2024-10-09 04:30:06,027 DEBUG server.RaftServer$Division (RaftServerImpl.java:logAppendEntries(1545)) - s2@group-BDFE845AF3B0: appendEntries* reply s9<-s2#7664:OK-t1,SUCCESS,nextIndex=160,followerCommit=158,matchIndex=159
2024-10-09 04:30:06,027 DEBUG server.RaftServer$Division (RaftServerImpl.java:logAppendEntries(1545)) - s5@group-BDFE845AF3B0: appendEntries* reply s9<-s5#7676:OK-t1,SUCCESS,nextIndex=161,followerCommit=159,matchIndex=160
2024-10-09 04:30:06,027 DEBUG server.RaftServer$Division (RaftServerImpl.java:logAppendEntries(1545)) - s3@group-BDFE845AF3B0: appendEntries* reply s9<-s3#7672:OK-t1,SUCCESS,nextIndex=161,followerCommit=159,matchIndex=160
2024-10-09 04:30:06,027 DEBUG server.RaftServer$Division (RaftServerImpl.java:logAppendEntries(1545)) - s14@group-BDFE845AF3B0: appendEntries* reply s9<-s14#7666:OK-t1,SUCCESS,nextIndex=161,followerCommit=159,matchIndex=160
2024-10-09 04:30:06,029 DEBUG server.RaftServer$Division (RaftServerImpl.java:logAppendEntries(1545)) - s14@group-BDFE845AF3B0: appendEntries* s9->s14#7683-t1,previous=(t:1, i:160),leaderCommit=159,initializing? false,entries: size=1, first=(t:1, i:161), STATEMACHINELOGENTRY, StateMachineLogEntryProto:7673@client-CAAA969A923D
2024-10-09 04:30:06,029 DEBUG server.RaftServer$Division (RaftServerImpl.java:logAppendEntries(1545)) - s3@group-BDFE845AF3B0: appendEntries* s9->s3#7684-t1,previous=(t:1, i:160),leaderCommit=159,initializing? false,entries: size=1, first=(t:1, i:161), STATEMACHINELOGENTRY, StateMachineLogEntryProto:7673@client-CAAA969A923D
2024-10-09 04:30:06,029 DEBUG server.RaftServer$Division (RaftServerImpl.java:logAppendEntries(1545)) - s4@group-BDFE845AF3B0: appendEntries* reply s9<-s4#7674:OK-t1,SUCCESS,nextIndex=161,followerCommit=159,matchIndex=160
2024-10-09 04:30:06,027 DEBUG server.RaftServer$Division (RaftServerImpl.java:logAppendEntries(1545)) - s8@group-BDFE845AF3B0: appendEntries* s9->s8#7681-t1,previous=(t:1, i:159),leaderCommit=159,initializing? false,entries: size=2, first=(t:1, i:160), METADATAENTRY(c:159)
2024-10-09 04:30:06,029 DEBUG server.RaftServer$Division (RaftServerImpl.java:logAppendEntries(1545)) - s3@group-BDFE845AF3B0: appendEntries* reply s9<-s3#7684:OK-t1,SUCCESS,nextIndex=162,followerCommit=159,matchIndex=161
2024-10-09 04:30:06,027 DEBUG server.RaftServer$Division (RaftServerImpl.java:logAppendEntries(1545)) - s7@group-BDFE845AF3B0: appendEntries* s9->s7#7680-t1,previous=(t:1, i:160),leaderCommit=159,initializing? false,entries: size=1, first=(t:1, i:161), STATEMACHINELOGENTRY, StateMachineLogEntryProto:7673@client-CAAA969A923D
2024-10-09 04:30:06,027 DEBUG server.RaftServer$Division (RaftServerImpl.java:logAppendEntries(1545)) - s6@group-BDFE845AF3B0: appendEntries* reply s9<-s6#7667:OK-t1,SUCCESS,nextIndex=161,followerCommit=159,matchIndex=160
2024-10-09 04:30:06,027 DEBUG server.RaftServer$Division (RaftServerImpl.java:logAppendEntries(1545)) - s13@group-BDFE845AF3B0: appendEntries* reply s9<-s13#7668:OK-t1,SUCCESS,nextIndex=161,followerCommit=159,matchIndex=160
2024-10-09 04:30:06,027 DEBUG server.RaftServer$Division (RaftServerImpl.java:logAppendEntries(1545)) - s1@group-BDFE845AF3B0: appendEntries* reply s9<-s1#7678:OK-t1,SUCCESS,nextIndex=162,followerCommit=159,matchIndex=161
2024-10-09 04:30:06,027 DEBUG server.RaftServer$Division (RaftServerImpl.java:logAppendEntries(1545)) - s11@group-BDFE845AF3B0: appendEntries* reply s9<-s11#7675:OK-t1,SUCCESS,nextIndex=161,followerCommit=159,matchIndex=160
2024-10-09 04:30:06,030 DEBUG server.RaftServer$Division (RaftServerImpl.java:logAppendEntries(1545)) - s7@group-BDFE845AF3B0: appendEntries* reply s9<-s7#7680:OK-t1,SUCCESS,nextIndex=162,followerCommit=159,matchIndex=161
2024-10-09 04:30:06,030 DEBUG server.RaftServer$Division (RaftServerImpl.java:logAppendEntries(1545)) - s6@group-BDFE845AF3B0: appendEntries* s9->s6#7687-t1,previous=(t:1, i:160),leaderCommit=160,initializing? false,entries: size=1, first=(t:1, i:161), STATEMACHINELOGENTRY, StateMachineLogEntryProto:7673@client-CAAA969A923D
2024-10-09 04:30:06,030 DEBUG server.RaftServer$Division (RaftServerImpl.java:logAppendEntries(1545)) - s2@group-BDFE845AF3B0: appendEntries* s9->s2#7685-t1,previous=(t:1, i:159),leaderCommit=160,initializing? false,entries: size=2, first=(t:1, i:160), METADATAENTRY(c:159)
2024-10-09 04:30:06,030 DEBUG server.RaftServer$Division (RaftServerImpl.java:logAppendEntries(1545)) - s11@group-BDFE845AF3B0: appendEntries* s9->s11#7688-t1,previous=(t:1, i:160),leaderCommit=160,initializing? false,entries: size=1, first=(t:1, i:161), STATEMACHINELOGENTRY, StateMachineLogEntryProto:7673@client-CAAA969A923D
2024-10-09 04:30:06,029 DEBUG server.RaftServer$Division (RaftServerImpl.java:logAppendEntries(1545)) - s5@group-BDFE845AF3B0: appendEntries* s9->s5#7682-t1,previous=(t:1, i:160),leaderCommit=159,initializing? false,entries: size=1, first=(t:1, i:161), STATEMACHINELOGENTRY, StateMachineLogEntryProto:7673@client-CAAA969A923D
2024-10-09 04:30:06,031 DEBUG server.RaftServer$Division (RaftServerImpl.java:logAppendEntries(1545)) - s13@group-BDFE845AF3B0: appendEntries* s9->s13#7689-t1,previous=(t:1, i:160),leaderCommit=160,initializing? false,entries: size=1, first=(t:1, i:161), STATEMACHINELOGENTRY, StateMachineLogEntryProto:7673@client-CAAA969A923D
2024-10-09 04:30:06,029 DEBUG server.RaftServer$Division (RaftServerImpl.java:logAppendEntries(1545)) - s14@group-BDFE845AF3B0: appendEntries* reply s9<-s14#7683:OK-t1,SUCCESS,nextIndex=162,followerCommit=159,matchIndex=161
2024-10-09 04:30:06,030 DEBUG server.RaftServer$Division (RaftServerImpl.java:logAppendEntries(1545)) - s8@group-BDFE845AF3B0: appendEntries* reply s9<-s8#7681:OK-t1,SUCCESS,nextIndex=162,followerCommit=159,matchIndex=161
2024-10-09 04:30:06,031 DEBUG server.RaftServer$Division (RaftServerImpl.java:logAppendEntries(1545)) - s5@group-BDFE845AF3B0: appendEntries* reply s9<-s5#7682:OK-t1,SUCCESS,nextIndex=162,followerCommit=159,matchIndex=161
2024-10-09 04:30:06,031 DEBUG server.RaftServer$Division (RaftServerImpl.java:logAppendEntries(1545)) - s11@group-BDFE845AF3B0: appendEntries* reply s9<-s11#7688:OK-t1,SUCCESS,nextIndex=162,followerCommit=160,matchIndex=161
2024-10-09 04:30:06,031 DEBUG server.RaftServer$Division (RaftServerImpl.java:logAppendEntries(1545)) - s6@group-BDFE845AF3B0: appendEntries* reply s9<-s6#7687:OK-t1,SUCCESS,nextIndex=162,followerCommit=160,matchIndex=161
2024-10-09 04:30:06,031 DEBUG server.RaftServer$Division (RaftServerImpl.java:logAppendEntries(1545)) - s13@group-BDFE845AF3B0: appendEntries* reply s9<-s13#7689:OK-t1,SUCCESS,nextIndex=162,followerCommit=160,matchIndex=161
2024-10-09 04:30:06,031 INFO  statemachine.StateMachine (ArithmeticStateMachine.java:applyTransaction(181)) - LEADER:s9-161: c = √(a^2 + b^2) = 5725
2024-10-09 04:30:06,031 DEBUG server.RaftServer$Division (RaftServerImpl.java:logAppendEntries(1545)) - s12@group-BDFE845AF3B0: appendEntries* s9->s12#7691-t1,previous=(t:1, i:161),leaderCommit=161,initializing? false,entries: size=1, first=(t:1, i:162), METADATAENTRY(c:161)
2024-10-09 04:30:06,032 DEBUG server.RaftServer$Division (RaftServerImpl.java:logAppendEntries(1545)) - s6@group-BDFE845AF3B0: appendEntries* s9->s6#7690-t1,previous=(t:1, i:161),leaderCommit=161,initializing? false,entries: size=1, first=(t:1, i:162), METADATAENTRY(c:161)
2024-10-09 04:30:06,031 DEBUG server.RaftServer$Division (RaftServerImpl.java:logAppendEntries(1545)) - s7@group-BDFE845AF3B0: appendEntries* s9->s7#7692-t1,previous=(t:1, i:161),leaderCommit=161,initializing? false,entries: size=1, first=(t:1, i:162), METADATAENTRY(c:161)
2024-10-09 04:30:06,032 DEBUG server.RaftServer$Division (RaftServerImpl.java:logAppendEntries(1545)) - s1@group-BDFE845AF3B0: appendEntries* s9->s1#7694-t1,previous=(t:1, i:161),leaderCommit=161,initializing? false,entries: size=1, first=(t:1, i:162), METADATAENTRY(c:161)
2024-10-09 04:30:06,031 DEBUG server.RaftServer$Division (RaftServerImpl.java:logAppendEntries(1545)) - s2@group-BDFE845AF3B0: appendEntries* reply s9<-s2#7685:OK-t1,SUCCESS,nextIndex=162,followerCommit=160,matchIndex=161
2024-10-09 04:30:06,032 DEBUG server.RaftServer$Division (RaftServerImpl.java:submitClientRequestAsync(916)) - s9@group-BDFE845AF3B0: receive client request(RaftClientRequest:client-CAAA969A923D->s9@group-BDFE845AF3B0, cid=7699, seq=null, RW, Message:01016100)
2024-10-09 04:30:06,032 DEBUG server.RaftServer$Division (LeaderStateImpl.java:addPendingRequest(529)) - s9@group-BDFE845AF3B0-LeaderStateImpl: addPendingRequest at RaftClientRequest:client-CAAA969A923D->s9@group-BDFE845AF3B0, cid=7699, seq=null, RW, Message:01016100, entry=(t:1, i:163), STATEMACHINELOGENTRY, WRITE: logData.size=4, stateMachineData.size=0, logEntryProtoSerializedSize=0
2024-10-09 04:30:06,032 DEBUG server.RaftServer$Division (RaftServerImpl.java:logAppendEntries(1545)) - s13@group-BDFE845AF3B0: appendEntries* s9->s13#7698-t1,previous=(t:1, i:161),leaderCommit=161,initializing? false,entries: size=1, first=(t:1, i:162), METADATAENTRY(c:161)
2024-10-09 04:30:06,033 DEBUG server.RaftServer$Division (RaftServerImpl.java:logAppendEntries(1545)) - s6@group-BDFE845AF3B0: appendEntries* reply s9<-s6#7690:OK-t1,SUCCESS,nextIndex=163,followerCommit=161,matchIndex=162
2024-10-09 04:30:06,033 DEBUG server.RaftServer$Division (RaftServerImpl.java:logAppendEntries(1545)) - s3@group-BDFE845AF3B0: appendEntries* s9->s3#7696-t1,previous=(t:1, i:161),leaderCommit=161,initializing? false,entries: size=1, first=(t:1, i:162), METADATAENTRY(c:161)
2024-10-09 04:30:06,032 DEBUG server.RaftServer$Division (RaftServerImpl.java:logAppendEntries(1545)) - s11@group-BDFE845AF3B0: appendEntries* s9->s11#7700-t1,previous=(t:1, i:161),leaderCommit=161,initializing? false,entries: size=1, first=(t:1, i:162), METADATAENTRY(c:161)
2024-10-09 04:30:06,033 DEBUG server.RaftServer$Division (RaftServerImpl.java:logAppendEntries(1545)) - s12@group-BDFE845AF3B0: appendEntries* reply s9<-s12#7691:OK-t1,SUCCESS,nextIndex=163,followerCommit=161,matchIndex=162
2024-10-09 04:30:06,033 DEBUG server.RaftServer$Division (RaftServerImpl.java:logAppendEntries(1545)) - s6@group-BDFE845AF3B0: appendEntries* s9->s6#7703-t1,previous=(t:1, i:162),leaderCommit=161,initializing? false,entries: size=1, first=(t:1, i:163), STATEMACHINELOGENTRY, StateMachineLogEntryProto:7699@client-CAAA969A923D
2024-10-09 04:30:06,032 DEBUG server.RaftServer$Division (RaftServerImpl.java:logAppendEntries(1545)) - s14@group-BDFE845AF3B0: appendEntries* s9->s14#7695-t1,previous=(t:1, i:161),leaderCommit=161,initializing? false,entries: size=1, first=(t:1, i:162), METADATAENTRY(c:161)
2024-10-09 04:30:06,033 DEBUG server.RaftServer$Division (RaftServerImpl.java:logAppendEntries(1545)) - s3@group-BDFE845AF3B0: appendEntries* reply s9<-s3#7696:OK-t1,SUCCESS,nextIndex=163,followerCommit=161,matchIndex=162
2024-10-09 04:30:06,033 DEBUG server.RaftServer$Division (RaftServerImpl.java:logAppendEntries(1545)) - s12@group-BDFE845AF3B0: appendEntries* s9->s12#7704-t1,previous=(t:1, i:162),leaderCommit=161,initializing? false,entries: size=1, first=(t:1, i:163), STATEMACHINELOGENTRY, StateMachineLogEntryProto:7699@client-CAAA969A923D
2024-10-09 04:30:06,032 DEBUG server.RaftServer$Division (RaftServerImpl.java:logAppendEntries(1545)) - s0@group-BDFE845AF3B0: appendEntries* s9->s0#7693-t1,previous=(t:1, i:161),leaderCommit=161,initializing? false,entries: size=1, first=(t:1, i:162), METADATAENTRY(c:161)
2024-10-09 04:30:06,034 DEBUG server.RaftServer$Division (RaftServerImpl.java:logAppendEntries(1545)) - s3@group-BDFE845AF3B0: appendEntries* s9->s3#7705-t1,previous=(t:1, i:162),leaderCommit=161,initializing? false,entries: size=1, first=(t:1, i:163), STATEMACHINELOGENTRY, StateMachineLogEntryProto:7699@client-CAAA969A923D
2024-10-09 04:30:06,034 DEBUG server.RaftServer$Division (RaftServerImpl.java:logAppendEntries(1545)) - s11@group-BDFE845AF3B0: appendEntries* reply s9<-s11#7700:OK-t1,SUCCESS,nextIndex=163,followerCommit=161,matchIndex=162
2024-10-09 04:30:06,033 DEBUG server.RaftServer$Division (RaftServerImpl.java:logAppendEntries(1545)) - s13@group-BDFE845AF3B0: appendEntries* reply s9<-s13#7698:OK-t1,SUCCESS,nextIndex=163,followerCommit=161,matchIndex=162
2024-10-09 04:30:06,034 DEBUG server.RaftServer$Division (RaftServerImpl.java:logAppendEntries(1545)) - s0@group-BDFE845AF3B0: appendEntries* reply s9<-s0#7693:OK-t1,SUCCESS,nextIndex=163,followerCommit=161,matchIndex=162
2024-10-09 04:30:06,034 DEBUG server.RaftServer$Division (RaftServerImpl.java:logAppendEntries(1545)) - s6@group-BDFE845AF3B0: appendEntries* reply s9<-s6#7703:OK-t1,SUCCESS,nextIndex=164,followerCommit=161,matchIndex=163
2024-10-09 04:30:06,034 DEBUG server.RaftServer$Division (RaftServerImpl.java:logAppendEntries(1545)) - s13@group-BDFE845AF3B0: appendEntries* s9->s13#7707-t1,previous=(t:1, i:162),leaderCommit=161,initializing? false,entries: size=1, first=(t:1, i:163), STATEMACHINELOGENTRY, StateMachineLogEntryProto:7699@client-CAAA969A923D
2024-10-09 04:30:06,034 DEBUG server.RaftServer$Division (RaftServerImpl.java:logAppendEntries(1545)) - s10@group-BDFE845AF3B0: appendEntries* s9->s10#7701-t1,previous=(t:1, i:159),leaderCommit=161,initializing? false,entries: size=3, first=(t:1, i:160), METADATAENTRY(c:159)
2024-10-09 04:30:06,034 DEBUG server.RaftServer$Division (RaftServerImpl.java:logAppendEntries(1545)) - s11@group-BDFE845AF3B0: appendEntries* s9->s11#7708-t1,previous=(t:1, i:162),leaderCommit=161,initializing? false,entries: size=1, first=(t:1, i:163), STATEMACHINELOGENTRY, StateMachineLogEntryProto:7699@client-CAAA969A923D
2024-10-09 04:30:06,035 DEBUG server.RaftServer$Division (RaftServerImpl.java:logAppendEntries(1545)) - s4@group-BDFE845AF3B0: appendEntries* s9->s4#7686-t1,previous=(t:1, i:160),leaderCommit=160,initializing? false,entries: size=1, first=(t:1, i:161), STATEMACHINELOGENTRY, StateMachineLogEntryProto:7673@client-CAAA969A923D
2024-10-09 04:30:06,033 DEBUG server.RaftServer$Division (RaftServerImpl.java:logAppendEntries(1545)) - s5@group-BDFE845AF3B0: appendEntries* s9->s5#7697-t1,previous=(t:1, i:161),leaderCommit=161,initializing? false,entries: size=1, first=(t:1, i:162), METADATAENTRY(c:161)
2024-10-09 04:30:06,035 DEBUG server.RaftServer$Division (RaftServerImpl.java:logAppendEntries(1545)) - s11@group-BDFE845AF3B0: appendEntries* reply s9<-s11#7708:OK-t1,SUCCESS,nextIndex=164,followerCommit=161,matchIndex=163
2024-10-09 04:30:06,033 DEBUG server.RaftServer$Division (RaftServerImpl.java:logAppendEntries(1545)) - s1@group-BDFE845AF3B0: appendEntries* reply s9<-s1#7694:OK-t1,SUCCESS,nextIndex=163,followerCommit=161,matchIndex=162
2024-10-09 04:30:06,033 DEBUG server.RaftServer$Division (RaftServerImpl.java:logAppendEntries(1545)) - s7@group-BDFE845AF3B0: appendEntries* reply s9<-s7#7692:OK-t1,SUCCESS,nextIndex=163,followerCommit=161,matchIndex=162
2024-10-09 04:30:06,035 DEBUG server.RaftServer$Division (RaftServerImpl.java:logAppendEntries(1545)) - s13@group-BDFE845AF3B0: appendEntries* reply s9<-s13#7707:OK-t1,SUCCESS,nextIndex=164,followerCommit=161,matchIndex=163
2024-10-09 04:30:06,035 DEBUG server.RaftServer$Division (RaftServerImpl.java:logAppendEntries(1545)) - s5@group-BDFE845AF3B0: appendEntries* reply s9<-s5#7697:OK-t1,SUCCESS,nextIndex=163,followerCommit=161,matchIndex=162
2024-10-09 04:30:06,035 DEBUG server.RaftServer$Division (RaftServerImpl.java:logAppendEntries(1545)) - s7@group-BDFE845AF3B0: appendEntries* s9->s7#7711-t1,previous=(t:1, i:162),leaderCommit=161,initializing? false,entries: size=1, first=(t:1, i:163), STATEMACHINELOGENTRY, StateMachineLogEntryProto:7699@client-CAAA969A923D
2024-10-09 04:30:06,035 DEBUG server.RaftServer$Division (RaftServerImpl.java:logAppendEntries(1545)) - s1@group-BDFE845AF3B0: appendEntries* s9->s1#7710-t1,previous=(t:1, i:162),leaderCommit=161,initializing? false,entries: size=1, first=(t:1, i:163), STATEMACHINELOGENTRY, StateMachineLogEntryProto:7699@client-CAAA969A923D
2024-10-09 04:30:06,036 DEBUG server.RaftServer$Division (RaftServerImpl.java:logAppendEntries(1545)) - s5@group-BDFE845AF3B0: appendEntries* s9->s5#7712-t1,previous=(t:1, i:162),leaderCommit=161,initializing? false,entries: size=1, first=(t:1, i:163), STATEMACHINELOGENTRY, StateMachineLogEntryProto:7699@client-CAAA969A923D
2024-10-09 04:30:06,034 DEBUG server.RaftServer$Division (RaftServerImpl.java:logAppendEntries(1545)) - s8@group-BDFE845AF3B0: appendEntries* s9->s8#7706-t1,previous=(t:1, i:161),leaderCommit=161,initializing? false,entries: size=2, first=(t:1, i:162), METADATAENTRY(c:161)
2024-10-09 04:30:06,034 DEBUG server.RaftServer$Division (RaftServerImpl.java:logAppendEntries(1545)) - s0@group-BDFE845AF3B0: appendEntries* s9->s0#7709-t1,previous=(t:1, i:162),leaderCommit=161,initializing? false,entries: size=1, first=(t:1, i:163), STATEMACHINELOGENTRY, StateMachineLogEntryProto:7699@client-CAAA969A923D
2024-10-09 04:30:06,034 DEBUG server.RaftServer$Division (RaftServerImpl.java:logAppendEntries(1545)) - s2@group-BDFE845AF3B0: appendEntries* s9->s2#7702-t1,previous=(t:1, i:161),leaderCommit=161,initializing? false,entries: size=2, first=(t:1, i:162), METADATAENTRY(c:161)
2024-10-09 04:30:06,034 DEBUG server.RaftServer$Division (RaftServerImpl.java:logAppendEntries(1545)) - s3@group-BDFE845AF3B0: appendEntries* reply s9<-s3#7705:OK-t1,SUCCESS,nextIndex=164,followerCommit=161,matchIndex=163
2024-10-09 04:30:06,034 DEBUG server.RaftServer$Division (RaftServerImpl.java:logAppendEntries(1545)) - s12@group-BDFE845AF3B0: appendEntries* reply s9<-s12#7704:OK-t1,SUCCESS,nextIndex=164,followerCommit=161,matchIndex=163
2024-10-09 04:30:06,034 DEBUG server.RaftServer$Division (RaftServerImpl.java:logAppendEntries(1545)) - s14@group-BDFE845AF3B0: appendEntries* reply s9<-s14#7695:OK-t1,SUCCESS,nextIndex=163,followerCommit=161,matchIndex=162
2024-10-09 04:30:06,036 DEBUG server.RaftServer$Division (RaftServerImpl.java:logAppendEntries(1545)) - s5@group-BDFE845AF3B0: appendEntries* reply s9<-s5#7712:OK-t1,SUCCESS,nextIndex=164,followerCommit=161,matchIndex=163
2024-10-09 04:30:06,036 DEBUG server.RaftServer$Division (RaftServerImpl.java:logAppendEntries(1545)) - s1@group-BDFE845AF3B0: appendEntries* reply s9<-s1#7710:OK-t1,SUCCESS,nextIndex=164,followerCommit=161,matchIndex=163
2024-10-09 04:30:06,036 DEBUG server.RaftServer$Division (RaftServerImpl.java:logAppendEntries(1545)) - s7@group-BDFE845AF3B0: appendEntries* reply s9<-s7#7711:OK-t1,SUCCESS,nextIndex=164,followerCommit=161,matchIndex=163
2024-10-09 04:30:06,037 DEBUG server.RaftServer$Division (RaftServerImpl.java:logAppendEntries(1545)) - s0@group-BDFE845AF3B0: appendEntries* reply s9<-s0#7709:OK-t1,SUCCESS,nextIndex=164,followerCommit=161,matchIndex=163
2024-10-09 04:30:06,037 DEBUG server.RaftServer$Division (RaftServerImpl.java:logAppendEntries(1545)) - s2@group-BDFE845AF3B0: appendEntries* reply s9<-s2#7702:OK-t1,SUCCESS,nextIndex=164,followerCommit=161,matchIndex=163
2024-10-09 04:30:06,037 INFO  statemachine.StateMachine (ArithmeticStateMachine.java:applyTransaction(181)) - LEADER:s9-163: a = null = null
2024-10-09 04:30:06,037 DEBUG server.RaftServer$Division (RaftServerImpl.java:logAppendEntries(1545)) - s13@group-BDFE845AF3B0: appendEntries* s9->s13#7714-t1,previous=(t:1, i:163),leaderCommit=163,initializing? false,entries: size=1, first=(t:1, i:164), METADATAENTRY(c:163)
2024-10-09 04:30:06,037 DEBUG server.RaftServer$Division (RaftServerImpl.java:logAppendEntries(1545)) - s7@group-BDFE845AF3B0: appendEntries* s9->s7#7716-t1,previous=(t:1, i:163),leaderCommit=163,initializing? false,entries: size=1, first=(t:1, i:164), METADATAENTRY(c:163)
2024-10-09 04:30:06,037 DEBUG server.RaftServer$Division (RaftServerImpl.java:logAppendEntries(1545)) - s11@group-BDFE845AF3B0: appendEntries* s9->s11#7717-t1,previous=(t:1, i:163),leaderCommit=163,initializing? false,entries: size=1, first=(t:1, i:164), METADATAENTRY(c:163)
2024-10-09 04:30:06,037 DEBUG server.RaftServer$Division (RaftServerImpl.java:logAppendEntries(1545)) - s10@group-BDFE845AF3B0: appendEntries* reply s9<-s10#7701:OK-t1,SUCCESS,nextIndex=163,followerCommit=161,matchIndex=162
2024-10-09 04:30:06,038 DEBUG server.RaftServer$Division (RaftServerImpl.java:logAppendEntries(1545)) - s1@group-BDFE845AF3B0: appendEntries* s9->s1#7721-t1,previous=(t:1, i:163),leaderCommit=163,initializing? false,entries: size=1, first=(t:1, i:164), METADATAENTRY(c:163)
2024-10-09 04:30:06,038 DEBUG server.RaftServer$Division (RaftServerImpl.java:logAppendEntries(1545)) - s3@group-BDFE845AF3B0: appendEntries* s9->s3#7720-t1,previous=(t:1, i:163),leaderCommit=163,initializing? false,entries: size=1, first=(t:1, i:164), METADATAENTRY(c:163)
2024-10-09 04:30:06,038 DEBUG server.RaftServer$Division (RaftServerImpl.java:logAppendEntries(1545)) - s7@group-BDFE845AF3B0: appendEntries* reply s9<-s7#7716:OK-t1,SUCCESS,nextIndex=165,followerCommit=163,matchIndex=164
2024-10-09 04:30:06,038 DEBUG server.RaftServer$Division (RaftServerImpl.java:logAppendEntries(1545)) - s5@group-BDFE845AF3B0: appendEntries* s9->s5#7718-t1,previous=(t:1, i:163),leaderCommit=163,initializing? false,entries: size=1, first=(t:1, i:164), METADATAENTRY(c:163)
2024-10-09 04:30:06,038 DEBUG server.RaftServer$Division (RaftServerImpl.java:logAppendEntries(1545)) - s0@group-BDFE845AF3B0: appendEntries* s9->s0#7723-t1,previous=(t:1, i:163),leaderCommit=163,initializing? false,entries: size=1, first=(t:1, i:164), METADATAENTRY(c:163)
2024-10-09 04:30:06,038 DEBUG server.RaftServer$Division (RaftServerImpl.java:logAppendEntries(1545)) - s2@group-BDFE845AF3B0: appendEntries* s9->s2#7724-t1,previous=(t:1, i:163),leaderCommit=163,initializing? false,entries: size=1, first=(t:1, i:164), METADATAENTRY(c:163)
2024-10-09 04:30:06,037 DEBUG server.RaftServer$Division (RaftServerImpl.java:logAppendEntries(1545)) - s6@group-BDFE845AF3B0: appendEntries* s9->s6#7719-t1,previous=(t:1, i:163),leaderCommit=163,initializing? false,entries: size=1, first=(t:1, i:164), METADATAENTRY(c:163)
2024-10-09 04:30:06,039 DEBUG server.RaftServer$Division (RaftServerImpl.java:logAppendEntries(1545)) - s3@group-BDFE845AF3B0: appendEntries* reply s9<-s3#7720:OK-t1,SUCCESS,nextIndex=165,followerCommit=163,matchIndex=164
2024-10-09 04:30:06,037 DEBUG server.RaftServer$Division (RaftServerImpl.java:logAppendEntries(1545)) - s12@group-BDFE845AF3B0: appendEntries* s9->s12#7715-t1,previous=(t:1, i:163),leaderCommit=163,initializing? false,entries: size=1, first=(t:1, i:164), METADATAENTRY(c:163)
2024-10-09 04:30:06,039 DEBUG server.RaftServer$Division (RaftServerImpl.java:logAppendEntries(1545)) - s1@group-BDFE845AF3B0: appendEntries* reply s9<-s1#7721:OK-t1,SUCCESS,nextIndex=165,followerCommit=163,matchIndex=164
2024-10-09 04:30:06,039 DEBUG server.RaftServer$Division (RaftServerImpl.java:logAppendEntries(1545)) - s6@group-BDFE845AF3B0: appendEntries* reply s9<-s6#7719:OK-t1,SUCCESS,nextIndex=165,followerCommit=163,matchIndex=164
2024-10-09 04:30:06,039 DEBUG server.RaftServer$Division (RaftServerImpl.java:logAppendEntries(1545)) - s0@group-BDFE845AF3B0: appendEntries* reply s9<-s0#7723:OK-t1,SUCCESS,nextIndex=165,followerCommit=163,matchIndex=164
2024-10-09 04:30:06,039 DEBUG server.RaftServer$Division (RaftServerImpl.java:logAppendEntries(1545)) - s5@group-BDFE845AF3B0: appendEntries* reply s9<-s5#7718:OK-t1,SUCCESS,nextIndex=165,followerCommit=163,matchIndex=164
2024-10-09 04:30:06,038 DEBUG server.RaftServer$Division (RaftServerImpl.java:submitClientRequestAsync(916)) - s9@group-BDFE845AF3B0: receive client request(RaftClientRequest:client-CAAA969A923D->s9@group-BDFE845AF3B0, cid=7722, seq=null, RW, Message:01016200)
2024-10-09 04:30:06,039 DEBUG server.RaftServer$Division (RaftServerImpl.java:logAppendEntries(1545)) - s12@group-BDFE845AF3B0: appendEntries* reply s9<-s12#7715:OK-t1,SUCCESS,nextIndex=165,followerCommit=163,matchIndex=164
2024-10-09 04:30:06,039 DEBUG server.RaftServer$Division (LeaderStateImpl.java:addPendingRequest(529)) - s9@group-BDFE845AF3B0-LeaderStateImpl: addPendingRequest at RaftClientRequest:client-CAAA969A923D->s9@group-BDFE845AF3B0, cid=7722, seq=null, RW, Message:01016200, entry=(t:1, i:165), STATEMACHINELOGENTRY, WRITE: logData.size=4, stateMachineData.size=0, logEntryProtoSerializedSize=0
2024-10-09 04:30:06,038 DEBUG server.RaftServer$Division (RaftServerImpl.java:logAppendEntries(1545)) - s11@group-BDFE845AF3B0: appendEntries* reply s9<-s11#7717:OK-t1,SUCCESS,nextIndex=165,followerCommit=163,matchIndex=164
2024-10-09 04:30:06,040 DEBUG server.RaftServer$Division (RaftServerImpl.java:logAppendEntries(1545)) - s6@group-BDFE845AF3B0: appendEntries* s9->s6#7728-t1,previous=(t:1, i:164),leaderCommit=163,initializing? false,entries: size=1, first=(t:1, i:165), STATEMACHINELOGENTRY, StateMachineLogEntryProto:7722@client-CAAA969A923D
2024-10-09 04:30:06,040 DEBUG server.RaftServer$Division (RaftServerImpl.java:logAppendEntries(1545)) - s11@group-BDFE845AF3B0: appendEntries* s9->s11#7731-t1,previous=(t:1, i:164),leaderCommit=163,initializing? false,entries: size=1, first=(t:1, i:165), STATEMACHINELOGENTRY, StateMachineLogEntryProto:7722@client-CAAA969A923D
2024-10-09 04:30:06,040 DEBUG server.RaftServer$Division (RaftServerImpl.java:logAppendEntries(1545)) - s1@group-BDFE845AF3B0: appendEntries* s9->s1#7727-t1,previous=(t:1, i:164),leaderCommit=163,initializing? false,entries: size=1, first=(t:1, i:165), STATEMACHINELOGENTRY, StateMachineLogEntryProto:7722@client-CAAA969A923D
2024-10-09 04:30:06,040 DEBUG server.RaftServer$Division (RaftServerImpl.java:logAppendEntries(1545)) - s3@group-BDFE845AF3B0: appendEntries* s9->s3#7732-t1,previous=(t:1, i:164),leaderCommit=163,initializing? false,entries: size=1, first=(t:1, i:165), STATEMACHINELOGENTRY, StateMachineLogEntryProto:7722@client-CAAA969A923D
2024-10-09 04:30:06,040 DEBUG server.RaftServer$Division (RaftServerImpl.java:logAppendEntries(1545)) - s0@group-BDFE845AF3B0: appendEntries* s9->s0#7726-t1,previous=(t:1, i:164),leaderCommit=163,initializing? false,entries: size=1, first=(t:1, i:165), STATEMACHINELOGENTRY, StateMachineLogEntryProto:7722@client-CAAA969A923D
2024-10-09 04:30:06,040 DEBUG server.RaftServer$Division (RaftServerImpl.java:logAppendEntries(1545)) - s11@group-BDFE845AF3B0: appendEntries* reply s9<-s11#7731:OK-t1,SUCCESS,nextIndex=166,followerCommit=163,matchIndex=165
2024-10-09 04:30:06,040 DEBUG server.RaftServer$Division (RaftServerImpl.java:logAppendEntries(1545)) - s1@group-BDFE845AF3B0: appendEntries* reply s9<-s1#7727:OK-t1,SUCCESS,nextIndex=166,followerCommit=163,matchIndex=165
2024-10-09 04:30:06,041 DEBUG server.RaftServer$Division (RaftServerImpl.java:logAppendEntries(1545)) - s5@group-BDFE845AF3B0: appendEntries* s9->s5#7725-t1,previous=(t:1, i:164),leaderCommit=163,initializing? false,entries: size=1, first=(t:1, i:165), STATEMACHINELOGENTRY, StateMachineLogEntryProto:7722@client-CAAA969A923D
2024-10-09 04:30:06,041 DEBUG server.RaftServer$Division (RaftServerImpl.java:logAppendEntries(1545)) - s3@group-BDFE845AF3B0: appendEntries* reply s9<-s3#7732:OK-t1,SUCCESS,nextIndex=166,followerCommit=163,matchIndex=165
2024-10-09 04:30:06,038 DEBUG server.RaftServer$Division (RaftServerImpl.java:logAppendEntries(1545)) - s14@group-BDFE845AF3B0: appendEntries* s9->s14#7713-t1,previous=(t:1, i:162),leaderCommit=162,initializing? false,entries: size=1, first=(t:1, i:163), STATEMACHINELOGENTRY, StateMachineLogEntryProto:7699@client-CAAA969A923D
2024-10-09 04:30:06,038 DEBUG server.RaftServer$Division (RaftServerImpl.java:logAppendEntries(1545)) - s13@group-BDFE845AF3B0: appendEntries* reply s9<-s13#7714:OK-t1,SUCCESS,nextIndex=165,followerCommit=163,matchIndex=164
2024-10-09 04:30:06,041 DEBUG server.RaftServer$Division (RaftServerImpl.java:logAppendEntries(1545)) - s0@group-BDFE845AF3B0: appendEntries* reply s9<-s0#7726:OK-t1,SUCCESS,nextIndex=166,followerCommit=163,matchIndex=165
2024-10-09 04:30:06,041 DEBUG server.RaftServer$Division (RaftServerImpl.java:logAppendEntries(1545)) - s5@group-BDFE845AF3B0: appendEntries* reply s9<-s5#7725:OK-t1,SUCCESS,nextIndex=166,followerCommit=163,matchIndex=165
2024-10-09 04:30:06,040 DEBUG server.RaftServer$Division (RaftServerImpl.java:logAppendEntries(1545)) - s6@group-BDFE845AF3B0: appendEntries* reply s9<-s6#7728:OK-t1,SUCCESS,nextIndex=166,followerCommit=163,matchIndex=165
2024-10-09 04:30:06,040 DEBUG server.RaftServer$Division (RaftServerImpl.java:logAppendEntries(1545)) - s7@group-BDFE845AF3B0: appendEntries* s9->s7#7729-t1,previous=(t:1, i:164),leaderCommit=163,initializing? false,entries: size=1, first=(t:1, i:165), STATEMACHINELOGENTRY, StateMachineLogEntryProto:7722@client-CAAA969A923D
2024-10-09 04:30:06,041 DEBUG server.RaftServer$Division (RaftServerImpl.java:logAppendEntries(1545)) - s4@group-BDFE845AF3B0: appendEntries* reply s9<-s4#7686:OK-t1,SUCCESS,nextIndex=162,followerCommit=160,matchIndex=161
2024-10-09 04:30:06,040 DEBUG server.RaftServer$Division (RaftServerImpl.java:logAppendEntries(1545)) - s12@group-BDFE845AF3B0: appendEntries* s9->s12#7730-t1,previous=(t:1, i:164),leaderCommit=163,initializing? false,entries: size=1, first=(t:1, i:165), STATEMACHINELOGENTRY, StateMachineLogEntryProto:7722@client-CAAA969A923D
2024-10-09 04:30:06,042 DEBUG server.RaftServer$Division (RaftServerImpl.java:logAppendEntries(1545)) - s7@group-BDFE845AF3B0: appendEntries* reply s9<-s7#7729:OK-t1,SUCCESS,nextIndex=166,followerCommit=163,matchIndex=165
2024-10-09 04:30:06,039 DEBUG server.RaftServer$Division (RaftServerImpl.java:logAppendEntries(1545)) - s2@group-BDFE845AF3B0: appendEntries* reply s9<-s2#7724:OK-t1,SUCCESS,nextIndex=165,followerCommit=163,matchIndex=164
2024-10-09 04:30:06,042 DEBUG server.RaftServer$Division (RaftServerImpl.java:logAppendEntries(1545)) - s14@group-BDFE845AF3B0: appendEntries* reply s9<-s14#7713:OK-t1,SUCCESS,nextIndex=164,followerCommit=162,matchIndex=163
2024-10-09 04:30:06,042 DEBUG server.RaftServer$Division (RaftServerImpl.java:logAppendEntries(1545)) - s12@group-BDFE845AF3B0: appendEntries* reply s9<-s12#7730:OK-t1,SUCCESS,nextIndex=166,followerCommit=163,matchIndex=165
2024-10-09 04:30:06,042 DEBUG server.RaftServer$Division (RaftServerImpl.java:logAppendEntries(1545)) - s13@group-BDFE845AF3B0: appendEntries* s9->s13#7734-t1,previous=(t:1, i:164),leaderCommit=164,initializing? false,entries: size=1, first=(t:1, i:165), STATEMACHINELOGENTRY, StateMachineLogEntryProto:7722@client-CAAA969A923D
2024-10-09 04:30:06,042 DEBUG server.RaftServer$Division (RaftServerImpl.java:logAppendEntries(1545)) - s11@group-BDFE845AF3B0: appendEntries* s9->s11#7740-t1,previous=(t:1, i:165),leaderCommit=165,initializing? false,entries: size=1, first=(t:1, i:166), METADATAENTRY(c:165)
2024-10-09 04:30:06,042 INFO  statemachine.StateMachine (ArithmeticStateMachine.java:applyTransaction(181)) - LEADER:s9-165: b = null = null
2024-10-09 04:30:06,042 DEBUG server.RaftServer$Division (RaftServerImpl.java:logAppendEntries(1545)) - s4@group-BDFE845AF3B0: appendEntries* s9->s4#7735-t1,previous=(t:1, i:161),leaderCommit=164,initializing? false,entries: size=4, first=(t:1, i:162), METADATAENTRY(c:161)
2024-10-09 04:30:06,043 DEBUG server.RaftServer$Division (RaftServerImpl.java:logAppendEntries(1545)) - s11@group-BDFE845AF3B0: appendEntries* reply s9<-s11#7740:OK-t1,SUCCESS,nextIndex=167,followerCommit=165,matchIndex=166
2024-10-09 04:30:06,043 DEBUG server.RaftServer$Division (RaftServerImpl.java:submitClientRequestAsync(916)) - s9@group-BDFE845AF3B0: receive client request(RaftClientRequest:client-CAAA969A923D->s9@group-BDFE845AF3B0, cid=7744, seq=null, RW, Message:01016300)
2024-10-09 04:30:06,043 DEBUG server.RaftServer$Division (LeaderStateImpl.java:addPendingRequest(529)) - s9@group-BDFE845AF3B0-LeaderStateImpl: addPendingRequest at RaftClientRequest:client-CAAA969A923D->s9@group-BDFE845AF3B0, cid=7744, seq=null, RW, Message:01016300, entry=(t:1, i:167), STATEMACHINELOGENTRY, WRITE: logData.size=4, stateMachineData.size=0, logEntryProtoSerializedSize=0
2024-10-09 04:30:06,041 DEBUG server.RaftServer$Division (RaftServerImpl.java:logAppendEntries(1545)) - s8@group-BDFE845AF3B0: appendEntries* reply s9<-s8#7706:OK-t1,SUCCESS,nextIndex=164,followerCommit=161,matchIndex=163
2024-10-09 04:30:06,043 DEBUG server.RaftServer$Division (RaftServerImpl.java:logAppendEntries(1545)) - s2@group-BDFE845AF3B0: appendEntries* s9->s2#7746-t1,previous=(t:1, i:164),leaderCommit=165,initializing? false,entries: size=3, first=(t:1, i:165), STATEMACHINELOGENTRY, StateMachineLogEntryProto:7722@client-CAAA969A923D
2024-10-09 04:30:06,043 DEBUG server.RaftServer$Division (RaftServerImpl.java:logAppendEntries(1545)) - s6@group-BDFE845AF3B0: appendEntries* s9->s6#7742-t1,previous=(t:1, i:165),leaderCommit=165,initializing? false,entries: size=1, first=(t:1, i:166), METADATAENTRY(c:165)
2024-10-09 04:30:06,043 DEBUG server.RaftServer$Division (RaftServerImpl.java:logAppendEntries(1545)) - s14@group-BDFE845AF3B0: appendEntries* s9->s14#7745-t1,previous=(t:1, i:163),leaderCommit=165,initializing? false,entries: size=3, first=(t:1, i:164), METADATAENTRY(c:163)
2024-10-09 04:30:06,044 DEBUG server.RaftServer$Division (RaftServerImpl.java:logAppendEntries(1545)) - s8@group-BDFE845AF3B0: appendEntries* s9->s8#7748-t1,previous=(t:1, i:163),leaderCommit=165,initializing? false,entries: size=4, first=(t:1, i:164), METADATAENTRY(c:163)
2024-10-09 04:30:06,043 DEBUG server.RaftServer$Division (RaftServerImpl.java:logAppendEntries(1545)) - s12@group-BDFE845AF3B0: appendEntries* s9->s12#7743-t1,previous=(t:1, i:165),leaderCommit=165,initializing? false,entries: size=1, first=(t:1, i:166), METADATAENTRY(c:165)
2024-10-09 04:30:06,043 DEBUG server.RaftServer$Division (RaftServerImpl.java:logAppendEntries(1545)) - s13@group-BDFE845AF3B0: appendEntries* reply s9<-s13#7734:OK-t1,SUCCESS,nextIndex=166,followerCommit=164,matchIndex=165
2024-10-09 04:30:06,043 DEBUG server.RaftServer$Division (RaftServerImpl.java:logAppendEntries(1545)) - s0@group-BDFE845AF3B0: appendEntries* s9->s0#7736-t1,previous=(t:1, i:165),leaderCommit=165,initializing? false,entries: size=1, first=(t:1, i:166), METADATAENTRY(c:165)
2024-10-09 04:30:06,044 DEBUG server.RaftServer$Division (RaftServerImpl.java:logAppendEntries(1545)) - s12@group-BDFE845AF3B0: appendEntries* reply s9<-s12#7743:OK-t1,SUCCESS,nextIndex=167,followerCommit=165,matchIndex=166
2024-10-09 04:30:06,044 DEBUG server.RaftServer$Division (RaftServerImpl.java:logAppendEntries(1545)) - s8@group-BDFE845AF3B0: appendEntries* reply s9<-s8#7748:OK-t1,SUCCESS,nextIndex=168,followerCommit=165,matchIndex=167
2024-10-09 04:30:06,044 DEBUG server.RaftServer$Division (RaftServerImpl.java:logAppendEntries(1545)) - s0@group-BDFE845AF3B0: appendEntries* reply s9<-s0#7736:OK-t1,SUCCESS,nextIndex=167,followerCommit=165,matchIndex=166
2024-10-09 04:30:06,045 DEBUG server.RaftServer$Division (RaftServerImpl.java:logAppendEntries(1545)) - s13@group-BDFE845AF3B0: appendEntries* s9->s13#7749-t1,previous=(t:1, i:165),leaderCommit=165,initializing? false,entries: size=2, first=(t:1, i:166), METADATAENTRY(c:165)
2024-10-09 04:30:06,042 DEBUG server.RaftServer$Division (RaftServerImpl.java:logAppendEntries(1545)) - s10@group-BDFE845AF3B0: appendEntries* s9->s10#7733-t1,previous=(t:1, i:162),leaderCommit=164,initializing? false,entries: size=3, first=(t:1, i:163), STATEMACHINELOGENTRY, StateMachineLogEntryProto:7699@client-CAAA969A923D
2024-10-09 04:30:06,042 DEBUG server.RaftServer$Division (RaftServerImpl.java:logAppendEntries(1545)) - s1@group-BDFE845AF3B0: appendEntries* s9->s1#7737-t1,previous=(t:1, i:165),leaderCommit=165,initializing? false,entries: size=1, first=(t:1, i:166), METADATAENTRY(c:165)
2024-10-09 04:30:06,042 DEBUG server.RaftServer$Division (RaftServerImpl.java:logAppendEntries(1545)) - s7@group-BDFE845AF3B0: appendEntries* s9->s7#7738-t1,previous=(t:1, i:165),leaderCommit=165,initializing? false,entries: size=1, first=(t:1, i:166), METADATAENTRY(c:165)
2024-10-09 04:30:06,045 DEBUG server.RaftServer$Division (RaftServerImpl.java:logAppendEntries(1545)) - s14@group-BDFE845AF3B0: appendEntries* reply s9<-s14#7745:OK-t1,SUCCESS,nextIndex=167,followerCommit=165,matchIndex=166
2024-10-09 04:30:06,045 DEBUG server.RaftServer$Division (RaftServerImpl.java:logAppendEntries(1545)) - s0@group-BDFE845AF3B0: appendEntries* s9->s0#7750-t1,previous=(t:1, i:166),leaderCommit=165,initializing? false,entries: size=1, first=(t:1, i:167), STATEMACHINELOGENTRY, StateMachineLogEntryProto:7744@client-CAAA969A923D
2024-10-09 04:30:06,045 DEBUG server.RaftServer$Division (RaftServerImpl.java:logAppendEntries(1545)) - s12@group-BDFE845AF3B0: appendEntries* s9->s12#7751-t1,previous=(t:1, i:166),leaderCommit=165,initializing? false,entries: size=1, first=(t:1, i:167), STATEMACHINELOGENTRY, StateMachineLogEntryProto:7744@client-CAAA969A923D
2024-10-09 04:30:06,044 DEBUG server.RaftServer$Division (RaftServerImpl.java:logAppendEntries(1545)) - s2@group-BDFE845AF3B0: appendEntries* reply s9<-s2#7746:OK-t1,SUCCESS,nextIndex=168,followerCommit=165,matchIndex=167
2024-10-09 04:30:06,045 DEBUG server.RaftServer$Division (RaftServerImpl.java:logAppendEntries(1545)) - s1@group-BDFE845AF3B0: appendEntries* reply s9<-s1#7737:OK-t1,SUCCESS,nextIndex=167,followerCommit=165,matchIndex=166
2024-10-09 04:30:06,044 DEBUG server.RaftServer$Division (RaftServerImpl.java:logAppendEntries(1545)) - s6@group-BDFE845AF3B0: appendEntries* reply s9<-s6#7742:OK-t1,SUCCESS,nextIndex=167,followerCommit=165,matchIndex=166
2024-10-09 04:30:06,046 DEBUG server.RaftServer$Division (RaftServerImpl.java:logAppendEntries(1545)) - s12@group-BDFE845AF3B0: appendEntries* reply s9<-s12#7751:OK-t1,SUCCESS,nextIndex=168,followerCommit=165,matchIndex=167
2024-10-09 04:30:06,043 DEBUG server.RaftServer$Division (RaftServerImpl.java:logAppendEntries(1545)) - s4@group-BDFE845AF3B0: appendEntries* reply s9<-s4#7735:OK-t1,SUCCESS,nextIndex=166,followerCommit=164,matchIndex=165
2024-10-09 04:30:06,043 DEBUG server.RaftServer$Division (RaftServerImpl.java:logAppendEntries(1545)) - s5@group-BDFE845AF3B0: appendEntries* s9->s5#7741-t1,previous=(t:1, i:165),leaderCommit=165,initializing? false,entries: size=1, first=(t:1, i:166), METADATAENTRY(c:165)
2024-10-09 04:30:06,043 DEBUG server.RaftServer$Division (RaftServerImpl.java:logAppendEntries(1545)) - s11@group-BDFE845AF3B0: appendEntries* s9->s11#7747-t1,previous=(t:1, i:166),leaderCommit=165,initializing? false,entries: size=1, first=(t:1, i:167), STATEMACHINELOGENTRY, StateMachineLogEntryProto:7744@client-CAAA969A923D
2024-10-09 04:30:06,043 DEBUG server.RaftServer$Division (RaftServerImpl.java:logAppendEntries(1545)) - s3@group-BDFE845AF3B0: appendEntries* s9->s3#7739-t1,previous=(t:1, i:165),leaderCommit=165,initializing? false,entries: size=1, first=(t:1, i:166), METADATAENTRY(c:165)
2024-10-09 04:30:06,046 DEBUG server.RaftServer$Division (RaftServerImpl.java:logAppendEntries(1545)) - s1@group-BDFE845AF3B0: appendEntries* s9->s1#7753-t1,previous=(t:1, i:166),leaderCommit=165,initializing? false,entries: size=1, first=(t:1, i:167), STATEMACHINELOGENTRY, StateMachineLogEntryProto:7744@client-CAAA969A923D
2024-10-09 04:30:06,046 DEBUG server.RaftServer$Division (RaftServerImpl.java:logAppendEntries(1545)) - s14@group-BDFE845AF3B0: appendEntries* s9->s14#7752-t1,previous=(t:1, i:166),leaderCommit=165,initializing? false,entries: size=1, first=(t:1, i:167), STATEMACHINELOGENTRY, StateMachineLogEntryProto:7744@client-CAAA969A923D
2024-10-09 04:30:06,046 DEBUG server.RaftServer$Division (RaftServerImpl.java:logAppendEntries(1545)) - s0@group-BDFE845AF3B0: appendEntries* reply s9<-s0#7750:OK-t1,SUCCESS,nextIndex=168,followerCommit=165,matchIndex=167
2024-10-09 04:30:06,045 DEBUG server.RaftServer$Division (RaftServerImpl.java:logAppendEntries(1545)) - s13@group-BDFE845AF3B0: appendEntries* reply s9<-s13#7749:OK-t1,SUCCESS,nextIndex=168,followerCommit=165,matchIndex=167
2024-10-09 04:30:06,047 DEBUG server.RaftServer$Division (RaftServerImpl.java:logAppendEntries(1545)) - s11@group-BDFE845AF3B0: appendEntries* reply s9<-s11#7747:OK-t1,SUCCESS,nextIndex=168,followerCommit=165,matchIndex=167
2024-10-09 04:30:06,045 DEBUG server.RaftServer$Division (RaftServerImpl.java:logAppendEntries(1545)) - s7@group-BDFE845AF3B0: appendEntries* reply s9<-s7#7738:OK-t1,SUCCESS,nextIndex=167,followerCommit=165,matchIndex=166
2024-10-09 04:30:06,047 DEBUG server.RaftServer$Division (RaftServerImpl.java:logAppendEntries(1545)) - s1@group-BDFE845AF3B0: appendEntries* reply s9<-s1#7753:OK-t1,SUCCESS,nextIndex=168,followerCommit=165,matchIndex=167
2024-10-09 04:30:06,045 DEBUG server.RaftServer$Division (RaftServerImpl.java:logAppendEntries(1545)) - s10@group-BDFE845AF3B0: appendEntries* reply s9<-s10#7733:OK-t1,SUCCESS,nextIndex=166,followerCommit=164,matchIndex=165
2024-10-09 04:30:06,047 DEBUG server.RaftServer$Division (RaftServerImpl.java:logAppendEntries(1545)) - s14@group-BDFE845AF3B0: appendEntries* reply s9<-s14#7752:OK-t1,SUCCESS,nextIndex=168,followerCommit=165,matchIndex=167
2024-10-09 04:30:06,047 DEBUG server.RaftServer$Division (RaftServerImpl.java:logAppendEntries(1545)) - s3@group-BDFE845AF3B0: appendEntries* reply s9<-s3#7739:OK-t1,SUCCESS,nextIndex=167,followerCommit=165,matchIndex=166
2024-10-09 04:30:06,046 DEBUG server.RaftServer$Division (RaftServerImpl.java:logAppendEntries(1545)) - s6@group-BDFE845AF3B0: appendEntries* s9->s6#7754-t1,previous=(t:1, i:166),leaderCommit=166,initializing? false,entries: size=1, first=(t:1, i:167), STATEMACHINELOGENTRY, StateMachineLogEntryProto:7744@client-CAAA969A923D
2024-10-09 04:30:06,047 INFO  statemachine.StateMachine (ArithmeticStateMachine.java:applyTransaction(181)) - LEADER:s9-167: c = null = null
2024-10-09 04:30:06,047 DEBUG server.RaftServer$Division (RaftServerImpl.java:logAppendEntries(1545)) - s12@group-BDFE845AF3B0: appendEntries* s9->s12#7759-t1,previous=(t:1, i:167),leaderCommit=167,initializing? false,entries: size=1, first=(t:1, i:168), METADATAENTRY(c:167)
2024-10-09 04:30:06,048 DEBUG server.RaftServer$Division (RaftServerImpl.java:logAppendEntries(1545)) - s1@group-BDFE845AF3B0: appendEntries* s9->s1#7758-t1,previous=(t:1, i:167),leaderCommit=167,initializing? false,entries: size=1, first=(t:1, i:168), METADATAENTRY(c:167)
2024-10-09 04:30:06,048 DEBUG server.RaftServer$Division (RaftServerImpl.java:logAppendEntries(1545)) - s13@group-BDFE845AF3B0: appendEntries* s9->s13#7762-t1,previous=(t:1, i:167),leaderCommit=167,initializing? false,entries: size=1, first=(t:1, i:168), METADATAENTRY(c:167)
2024-10-09 04:30:06,048 DEBUG server.RaftServer$Division (RaftServerImpl.java:logAppendEntries(1545)) - s11@group-BDFE845AF3B0: appendEntries* s9->s11#7757-t1,previous=(t:1, i:167),leaderCommit=167,initializing? false,entries: size=1, first=(t:1, i:168), METADATAENTRY(c:167)
2024-10-09 04:30:06,046 DEBUG server.RaftServer$Division (RaftServerImpl.java:logAppendEntries(1545)) - s5@group-BDFE845AF3B0: appendEntries* reply s9<-s5#7741:OK-t1,SUCCESS,nextIndex=167,followerCommit=165,matchIndex=166
2024-10-09 04:30:06,048 DEBUG server.RaftServer$Division (RaftServerImpl.java:logAppendEntries(1545)) - s0@group-BDFE845AF3B0: appendEntries* s9->s0#7756-t1,previous=(t:1, i:167),leaderCommit=167,initializing? false,entries: size=1, first=(t:1, i:168), METADATAENTRY(c:167)
2024-10-09 04:30:06,048 DEBUG server.RaftServer$Division (RaftServerImpl.java:submitClientRequestAsync(916)) - s9@group-BDFE845AF3B0: receive client request(RaftClientRequest:client-CAAA969A923D->s9@group-BDFE845AF3B0, cid=7763, seq=null, RW, Message:01016102405b40000000...(size=12))
2024-10-09 04:30:06,048 DEBUG server.RaftServer$Division (RaftServerImpl.java:logAppendEntries(1545)) - s1@group-BDFE845AF3B0: appendEntries* reply s9<-s1#7758:OK-t1,SUCCESS,nextIndex=169,followerCommit=167,matchIndex=168
2024-10-09 04:30:06,048 DEBUG server.RaftServer$Division (RaftServerImpl.java:logAppendEntries(1545)) - s7@group-BDFE845AF3B0: appendEntries* s9->s7#7755-t1,previous=(t:1, i:166),leaderCommit=166,initializing? false,entries: size=1, first=(t:1, i:167), STATEMACHINELOGENTRY, StateMachineLogEntryProto:7744@client-CAAA969A923D
2024-10-09 04:30:06,048 DEBUG server.RaftServer$Division (RaftServerImpl.java:logAppendEntries(1545)) - s6@group-BDFE845AF3B0: appendEntries* reply s9<-s6#7754:OK-t1,SUCCESS,nextIndex=168,followerCommit=166,matchIndex=167
2024-10-09 04:30:06,049 DEBUG server.RaftServer$Division (RaftServerImpl.java:logAppendEntries(1545)) - s14@group-BDFE845AF3B0: appendEntries* s9->s14#7766-t1,previous=(t:1, i:167),leaderCommit=167,initializing? false,entries: size=2, first=(t:1, i:168), METADATAENTRY(c:167)
2024-10-09 04:30:06,049 DEBUG server.RaftServer$Division (RaftServerImpl.java:logAppendEntries(1545)) - s1@group-BDFE845AF3B0: appendEntries* s9->s1#7767-t1,previous=(t:1, i:168),leaderCommit=167,initializing? false,entries: size=1, first=(t:1, i:169), STATEMACHINELOGENTRY, StateMachineLogEntryProto:7763@client-CAAA969A923D
2024-10-09 04:30:06,049 DEBUG server.RaftServer$Division (RaftServerImpl.java:logAppendEntries(1545)) - s0@group-BDFE845AF3B0: appendEntries* reply s9<-s0#7756:OK-t1,SUCCESS,nextIndex=169,followerCommit=167,matchIndex=168
2024-10-09 04:30:06,048 DEBUG server.RaftServer$Division (LeaderStateImpl.java:addPendingRequest(529)) - s9@group-BDFE845AF3B0-LeaderStateImpl: addPendingRequest at RaftClientRequest:client-CAAA969A923D->s9@group-BDFE845AF3B0, cid=7763, seq=null, RW, Message:01016102405b40000000...(size=12), entry=(t:1, i:169), STATEMACHINELOGENTRY, WRITE: logData.size=12, stateMachineData.size=0, logEntryProtoSerializedSize=0
2024-10-09 04:30:06,049 DEBUG server.RaftServer$Division (RaftServerImpl.java:logAppendEntries(1545)) - s1@group-BDFE845AF3B0: appendEntries* reply s9<-s1#7767:OK-t1,SUCCESS,nextIndex=170,followerCommit=167,matchIndex=169
2024-10-09 04:30:06,048 DEBUG server.RaftServer$Division (RaftServerImpl.java:logAppendEntries(1545)) - s13@group-BDFE845AF3B0: appendEntries* reply s9<-s13#7762:OK-t1,SUCCESS,nextIndex=169,followerCommit=167,matchIndex=168
2024-10-09 04:30:06,048 DEBUG server.RaftServer$Division (RaftServerImpl.java:logAppendEntries(1545)) - s11@group-BDFE845AF3B0: appendEntries* reply s9<-s11#7757:OK-t1,SUCCESS,nextIndex=169,followerCommit=167,matchIndex=168
2024-10-09 04:30:06,048 DEBUG server.RaftServer$Division (RaftServerImpl.java:logAppendEntries(1545)) - s12@group-BDFE845AF3B0: appendEntries* reply s9<-s12#7759:OK-t1,SUCCESS,nextIndex=169,followerCommit=167,matchIndex=168
2024-10-09 04:30:06,048 DEBUG server.RaftServer$Division (RaftServerImpl.java:logAppendEntries(1545)) - s2@group-BDFE845AF3B0: appendEntries* s9->s2#7761-t1,previous=(t:1, i:167),leaderCommit=167,initializing? false,entries: size=1, first=(t:1, i:168), METADATAENTRY(c:167)
2024-10-09 04:30:06,049 DEBUG server.RaftServer$Division (RaftServerImpl.java:logAppendEntries(1545)) - s10@group-BDFE845AF3B0: appendEntries* s9->s10#7765-t1,previous=(t:1, i:165),leaderCommit=167,initializing? false,entries: size=3, first=(t:1, i:166), METADATAENTRY(c:165)
2024-10-09 04:30:06,049 DEBUG server.RaftServer$Division (RaftServerImpl.java:logAppendEntries(1545)) - s14@group-BDFE845AF3B0: appendEntries* reply s9<-s14#7766:OK-t1,SUCCESS,nextIndex=170,followerCommit=167,matchIndex=169
2024-10-09 04:30:06,050 DEBUG server.RaftServer$Division (RaftServerImpl.java:logAppendEntries(1545)) - s6@group-BDFE845AF3B0: appendEntries* s9->s6#7771-t1,previous=(t:1, i:167),leaderCommit=167,initializing? false,entries: size=2, first=(t:1, i:168), METADATAENTRY(c:167)
2024-10-09 04:30:06,050 DEBUG server.RaftServer$Division (RaftServerImpl.java:logAppendEntries(1545)) - s0@group-BDFE845AF3B0: appendEntries* s9->s0#7772-t1,previous=(t:1, i:168),leaderCommit=167,initializing? false,entries: size=1, first=(t:1, i:169), STATEMACHINELOGENTRY, StateMachineLogEntryProto:7763@client-CAAA969A923D
2024-10-09 04:30:06,050 DEBUG server.RaftServer$Division (RaftServerImpl.java:logAppendEntries(1545)) - s5@group-BDFE845AF3B0: appendEntries* s9->s5#7769-t1,previous=(t:1, i:166),leaderCommit=167,initializing? false,entries: size=3, first=(t:1, i:167), STATEMACHINELOGENTRY, StateMachineLogEntryProto:7744@client-CAAA969A923D
2024-10-09 04:30:06,050 DEBUG server.RaftServer$Division (RaftServerImpl.java:logAppendEntries(1545)) - s6@group-BDFE845AF3B0: appendEntries* reply s9<-s6#7771:OK-t1,SUCCESS,nextIndex=170,followerCommit=167,matchIndex=169
2024-10-09 04:30:06,050 DEBUG server.RaftServer$Division (RaftServerImpl.java:logAppendEntries(1545)) - s4@group-BDFE845AF3B0: appendEntries* s9->s4#7760-t1,previous=(t:1, i:165),leaderCommit=167,initializing? false,entries: size=3, first=(t:1, i:166), METADATAENTRY(c:165)
2024-10-09 04:30:06,051 DEBUG server.RaftServer$Division (RaftServerImpl.java:logAppendEntries(1545)) - s0@group-BDFE845AF3B0: appendEntries* reply s9<-s0#7772:OK-t1,SUCCESS,nextIndex=170,followerCommit=167,matchIndex=169
2024-10-09 04:30:06,051 DEBUG server.RaftServer$Division (RaftServerImpl.java:logAppendEntries(1545)) - s5@group-BDFE845AF3B0: appendEntries* reply s9<-s5#7769:OK-t1,SUCCESS,nextIndex=170,followerCommit=167,matchIndex=169
2024-10-09 04:30:06,049 DEBUG server.RaftServer$Division (RaftServerImpl.java:logAppendEntries(1545)) - s3@group-BDFE845AF3B0: appendEntries* s9->s3#7768-t1,previous=(t:1, i:166),leaderCommit=167,initializing? false,entries: size=3, first=(t:1, i:167), STATEMACHINELOGENTRY, StateMachineLogEntryProto:7744@client-CAAA969A923D
2024-10-09 04:30:06,049 DEBUG server.RaftServer$Division (RaftServerImpl.java:logAppendEntries(1545)) - s7@group-BDFE845AF3B0: appendEntries* reply s9<-s7#7755:OK-t1,SUCCESS,nextIndex=168,followerCommit=166,matchIndex=167
2024-10-09 04:30:06,051 DEBUG server.RaftServer$Division (RaftServerImpl.java:logAppendEntries(1545)) - s11@group-BDFE845AF3B0: appendEntries* s9->s11#7774-t1,previous=(t:1, i:168),leaderCommit=167,initializing? false,entries: size=1, first=(t:1, i:169), STATEMACHINELOGENTRY, StateMachineLogEntryProto:7763@client-CAAA969A923D
2024-10-09 04:30:06,050 DEBUG server.RaftServer$Division (RaftServerImpl.java:logAppendEntries(1545)) - s8@group-BDFE845AF3B0: appendEntries* s9->s8#7764-t1,previous=(t:1, i:167),leaderCommit=167,initializing? false,entries: size=1, first=(t:1, i:168), METADATAENTRY(c:167)
2024-10-09 04:30:06,050 DEBUG server.RaftServer$Division (RaftServerImpl.java:logAppendEntries(1545)) - s10@group-BDFE845AF3B0: appendEntries* reply s9<-s10#7765:OK-t1,SUCCESS,nextIndex=169,followerCommit=167,matchIndex=168
2024-10-09 04:30:06,050 DEBUG server.RaftServer$Division (RaftServerImpl.java:logAppendEntries(1545)) - s12@group-BDFE845AF3B0: appendEntries* s9->s12#7773-t1,previous=(t:1, i:168),leaderCommit=167,initializing? false,entries: size=1, first=(t:1, i:169), STATEMACHINELOGENTRY, StateMachineLogEntryProto:7763@client-CAAA969A923D
2024-10-09 04:30:06,050 DEBUG server.RaftServer$Division (RaftServerImpl.java:logAppendEntries(1545)) - s2@group-BDFE845AF3B0: appendEntries* reply s9<-s2#7761:OK-t1,SUCCESS,nextIndex=169,followerCommit=167,matchIndex=168
2024-10-09 04:30:06,050 DEBUG server.RaftServer$Division (RaftServerImpl.java:logAppendEntries(1545)) - s13@group-BDFE845AF3B0: appendEntries* s9->s13#7770-t1,previous=(t:1, i:168),leaderCommit=167,initializing? false,entries: size=1, first=(t:1, i:169), STATEMACHINELOGENTRY, StateMachineLogEntryProto:7763@client-CAAA969A923D
2024-10-09 04:30:06,052 DEBUG server.RaftServer$Division (RaftServerImpl.java:logAppendEntries(1545)) - s10@group-BDFE845AF3B0: appendEntries* s9->s10#7776-t1,previous=(t:1, i:168),leaderCommit=168,initializing? false,entries: size=1, first=(t:1, i:169), STATEMACHINELOGENTRY, StateMachineLogEntryProto:7763@client-CAAA969A923D
2024-10-09 04:30:06,052 DEBUG server.RaftServer$Division (RaftServerImpl.java:logAppendEntries(1545)) - s4@group-BDFE845AF3B0: appendEntries* reply s9<-s4#7760:OK-t1,SUCCESS,nextIndex=169,followerCommit=167,matchIndex=168
2024-10-09 04:30:06,052 DEBUG server.RaftServer$Division (RaftServerImpl.java:logAppendEntries(1545)) - s11@group-BDFE845AF3B0: appendEntries* reply s9<-s11#7774:OK-t1,SUCCESS,nextIndex=170,followerCommit=167,matchIndex=169
2024-10-09 04:30:06,052 DEBUG server.RaftServer$Division (RaftServerImpl.java:logAppendEntries(1545)) - s3@group-BDFE845AF3B0: appendEntries* reply s9<-s3#7768:OK-t1,SUCCESS,nextIndex=170,followerCommit=167,matchIndex=169
2024-10-09 04:30:06,051 DEBUG server.RaftServer$Division (RaftServerImpl.java:logAppendEntries(1545)) - s7@group-BDFE845AF3B0: appendEntries* s9->s7#7775-t1,previous=(t:1, i:167),leaderCommit=168,initializing? false,entries: size=2, first=(t:1, i:168), METADATAENTRY(c:167)
2024-10-09 04:30:06,053 DEBUG server.RaftServer$Division (RaftServerImpl.java:logAppendEntries(1545)) - s13@group-BDFE845AF3B0: appendEntries* reply s9<-s13#7770:OK-t1,SUCCESS,nextIndex=170,followerCommit=167,matchIndex=169
2024-10-09 04:30:06,052 DEBUG server.RaftServer$Division (RaftServerImpl.java:logAppendEntries(1545)) - s12@group-BDFE845AF3B0: appendEntries* reply s9<-s12#7773:OK-t1,SUCCESS,nextIndex=170,followerCommit=167,matchIndex=169
2024-10-09 04:30:06,052 DEBUG server.RaftServer$Division (RaftServerImpl.java:logAppendEntries(1545)) - s2@group-BDFE845AF3B0: appendEntries* s9->s2#7777-t1,previous=(t:1, i:168),leaderCommit=168,initializing? false,entries: size=1, first=(t:1, i:169), STATEMACHINELOGENTRY, StateMachineLogEntryProto:7763@client-CAAA969A923D
2024-10-09 04:30:06,053 INFO  statemachine.StateMachine (ArithmeticStateMachine.java:applyTransaction(181)) - LEADER:s9-169: a = 109 = 109
2024-10-09 04:30:06,053 DEBUG server.RaftServer$Division (RaftServerImpl.java:logAppendEntries(1545)) - s6@group-BDFE845AF3B0: appendEntries* s9->s6#7781-t1,previous=(t:1, i:169),leaderCommit=169,initializing? false,entries: size=1, first=(t:1, i:170), METADATAENTRY(c:169)
2024-10-09 04:30:06,053 DEBUG server.RaftServer$Division (RaftServerImpl.java:logAppendEntries(1545)) - s10@group-BDFE845AF3B0: appendEntries* reply s9<-s10#7776:OK-t1,SUCCESS,nextIndex=170,followerCommit=168,matchIndex=169
2024-10-09 04:30:06,053 DEBUG server.RaftServer$Division (RaftServerImpl.java:logAppendEntries(1545)) - s14@group-BDFE845AF3B0: appendEntries* s9->s14#7782-t1,previous=(t:1, i:169),leaderCommit=169,initializing? false,entries: size=1, first=(t:1, i:170), METADATAENTRY(c:169)
2024-10-09 04:30:06,054 DEBUG server.RaftServer$Division (RaftServerImpl.java:logAppendEntries(1545)) - s6@group-BDFE845AF3B0: appendEntries* reply s9<-s6#7781:OK-t1,SUCCESS,nextIndex=171,followerCommit=169,matchIndex=170
2024-10-09 04:30:06,053 DEBUG server.RaftServer$Division (RaftServerImpl.java:submitClientRequestAsync(916)) - s9@group-BDFE845AF3B0: receive client request(RaftClientRequest:client-CAAA969A923D->s9@group-BDFE845AF3B0, cid=7787, seq=null, RW, Message:0101620240b734000000...(size=12))
2024-10-09 04:30:06,053 DEBUG server.RaftServer$Division (RaftServerImpl.java:logAppendEntries(1545)) - s7@group-BDFE845AF3B0: appendEntries* reply s9<-s7#7775:OK-t1,SUCCESS,nextIndex=170,followerCommit=168,matchIndex=169
2024-10-09 04:30:06,054 DEBUG server.RaftServer$Division (RaftServerImpl.java:logAppendEntries(1545)) - s8@group-BDFE845AF3B0: appendEntries* reply s9<-s8#7764:OK-t1,SUCCESS,nextIndex=169,followerCommit=167,matchIndex=168
2024-10-09 04:30:06,054 DEBUG server.RaftServer$Division (RaftServerImpl.java:logAppendEntries(1545)) - s12@group-BDFE845AF3B0: appendEntries* s9->s12#7785-t1,previous=(t:1, i:169),leaderCommit=169,initializing? false,entries: size=1, first=(t:1, i:170), METADATAENTRY(c:169)
2024-10-09 04:30:06,054 DEBUG server.RaftServer$Division (RaftServerImpl.java:logAppendEntries(1545)) - s13@group-BDFE845AF3B0: appendEntries* s9->s13#7788-t1,previous=(t:1, i:169),leaderCommit=169,initializing? false,entries: size=1, first=(t:1, i:170), METADATAENTRY(c:169)
2024-10-09 04:30:06,053 DEBUG server.RaftServer$Division (RaftServerImpl.java:logAppendEntries(1545)) - s2@group-BDFE845AF3B0: appendEntries* reply s9<-s2#7777:OK-t1,SUCCESS,nextIndex=170,followerCommit=168,matchIndex=169
2024-10-09 04:30:06,053 DEBUG server.RaftServer$Division (RaftServerImpl.java:logAppendEntries(1545)) - s11@group-BDFE845AF3B0: appendEntries* s9->s11#7780-t1,previous=(t:1, i:169),leaderCommit=169,initializing? false,entries: size=1, first=(t:1, i:170), METADATAENTRY(c:169)
2024-10-09 04:30:06,054 DEBUG server.RaftServer$Division (RaftServerImpl.java:logAppendEntries(1545)) - s0@group-BDFE845AF3B0: appendEntries* s9->s0#7783-t1,previous=(t:1, i:169),leaderCommit=169,initializing? false,entries: size=1, first=(t:1, i:170), METADATAENTRY(c:169)
2024-10-09 04:30:06,054 DEBUG server.RaftServer$Division (RaftServerImpl.java:logAppendEntries(1545)) - s1@group-BDFE845AF3B0: appendEntries* s9->s1#7784-t1,previous=(t:1, i:169),leaderCommit=169,initializing? false,entries: size=1, first=(t:1, i:170), METADATAENTRY(c:169)
2024-10-09 04:30:06,054 DEBUG server.RaftServer$Division (RaftServerImpl.java:logAppendEntries(1545)) - s12@group-BDFE845AF3B0: appendEntries* reply s9<-s12#7785:OK-t1,SUCCESS,nextIndex=171,followerCommit=169,matchIndex=170
2024-10-09 04:30:06,054 DEBUG server.RaftServer$Division (RaftServerImpl.java:logAppendEntries(1545)) - s6@group-BDFE845AF3B0: appendEntries* s9->s6#7790-t1,previous=(t:1, i:170),leaderCommit=169,initializing? false,entries: size=1, first=(t:1, i:171), STATEMACHINELOGENTRY, StateMachineLogEntryProto:7787@client-CAAA969A923D
2024-10-09 04:30:06,054 DEBUG server.RaftServer$Division (RaftServerImpl.java:logAppendEntries(1545)) - s3@group-BDFE845AF3B0: appendEntries* s9->s3#7779-t1,previous=(t:1, i:169),leaderCommit=169,initializing? false,entries: size=1, first=(t:1, i:170), METADATAENTRY(c:169)
2024-10-09 04:30:06,055 DEBUG server.RaftServer$Division (RaftServerImpl.java:logAppendEntries(1545)) - s5@group-BDFE845AF3B0: appendEntries* s9->s5#7786-t1,previous=(t:1, i:169),leaderCommit=169,initializing? false,entries: size=1, first=(t:1, i:170), METADATAENTRY(c:169)
2024-10-09 04:30:06,054 DEBUG server.RaftServer$Division (RaftServerImpl.java:logAppendEntries(1545)) - s7@group-BDFE845AF3B0: appendEntries* s9->s7#7789-t1,previous=(t:1, i:169),leaderCommit=169,initializing? false,entries: size=2, first=(t:1, i:170), METADATAENTRY(c:169)
2024-10-09 04:30:06,055 DEBUG server.RaftServer$Division (RaftServerImpl.java:logAppendEntries(1545)) - s2@group-BDFE845AF3B0: appendEntries* s9->s2#7791-t1,previous=(t:1, i:169),leaderCommit=169,initializing? false,entries: size=2, first=(t:1, i:170), METADATAENTRY(c:169)
2024-10-09 04:30:06,054 DEBUG server.RaftServer$Division (LeaderStateImpl.java:addPendingRequest(529)) - s9@group-BDFE845AF3B0-LeaderStateImpl: addPendingRequest at RaftClientRequest:client-CAAA969A923D->s9@group-BDFE845AF3B0, cid=7787, seq=null, RW, Message:0101620240b734000000...(size=12), entry=(t:1, i:171), STATEMACHINELOGENTRY, WRITE: logData.size=12, stateMachineData.size=0, logEntryProtoSerializedSize=0
2024-10-09 04:30:06,055 DEBUG server.RaftServer$Division (RaftServerImpl.java:logAppendEntries(1545)) - s6@group-BDFE845AF3B0: appendEntries* reply s9<-s6#7790:OK-t1,SUCCESS,nextIndex=172,followerCommit=169,matchIndex=171
2024-10-09 04:30:06,055 DEBUG server.RaftServer$Division (RaftServerImpl.java:logAppendEntries(1545)) - s1@group-BDFE845AF3B0: appendEntries* reply s9<-s1#7784:OK-t1,SUCCESS,nextIndex=171,followerCommit=169,matchIndex=170
2024-10-09 04:30:06,055 DEBUG server.RaftServer$Division (RaftServerImpl.java:logAppendEntries(1545)) - s12@group-BDFE845AF3B0: appendEntries* s9->s12#7793-t1,previous=(t:1, i:170),leaderCommit=169,initializing? false,entries: size=1, first=(t:1, i:171), STATEMACHINELOGENTRY, StateMachineLogEntryProto:7787@client-CAAA969A923D
2024-10-09 04:30:06,055 DEBUG server.RaftServer$Division (RaftServerImpl.java:logAppendEntries(1545)) - s10@group-BDFE845AF3B0: appendEntries* s9->s10#7792-t1,previous=(t:1, i:169),leaderCommit=169,initializing? false,entries: size=2, first=(t:1, i:170), METADATAENTRY(c:169)
2024-10-09 04:30:06,056 DEBUG server.RaftServer$Division (RaftServerImpl.java:logAppendEntries(1545)) - s7@group-BDFE845AF3B0: appendEntries* reply s9<-s7#7789:OK-t1,SUCCESS,nextIndex=172,followerCommit=169,matchIndex=171
2024-10-09 04:30:06,055 DEBUG server.RaftServer$Division (RaftServerImpl.java:logAppendEntries(1545)) - s14@group-BDFE845AF3B0: appendEntries* reply s9<-s14#7782:OK-t1,SUCCESS,nextIndex=171,followerCommit=169,matchIndex=170
2024-10-09 04:30:06,056 DEBUG server.RaftServer$Division (RaftServerImpl.java:logAppendEntries(1545)) - s2@group-BDFE845AF3B0: appendEntries* reply s9<-s2#7791:OK-t1,SUCCESS,nextIndex=172,followerCommit=169,matchIndex=171
2024-10-09 04:30:06,056 DEBUG server.RaftServer$Division (RaftServerImpl.java:logAppendEntries(1545)) - s8@group-BDFE845AF3B0: appendEntries* s9->s8#7794-t1,previous=(t:1, i:168),leaderCommit=169,initializing? false,entries: size=3, first=(t:1, i:169), STATEMACHINELOGENTRY, StateMachineLogEntryProto:7763@client-CAAA969A923D
2024-10-09 04:30:06,055 DEBUG server.RaftServer$Division (RaftServerImpl.java:logAppendEntries(1545)) - s13@group-BDFE845AF3B0: appendEntries* reply s9<-s13#7788:OK-t1,SUCCESS,nextIndex=171,followerCommit=169,matchIndex=170
2024-10-09 04:30:06,055 DEBUG server.RaftServer$Division (RaftServerImpl.java:logAppendEntries(1545)) - s11@group-BDFE845AF3B0: appendEntries* reply s9<-s11#7780:OK-t1,SUCCESS,nextIndex=171,followerCommit=169,matchIndex=170
2024-10-09 04:30:06,056 DEBUG server.RaftServer$Division (RaftServerImpl.java:logAppendEntries(1545)) - s14@group-BDFE845AF3B0: appendEntries* s9->s14#7796-t1,previous=(t:1, i:170),leaderCommit=169,initializing? false,entries: size=1, first=(t:1, i:171), STATEMACHINELOGENTRY, StateMachineLogEntryProto:7787@client-CAAA969A923D
2024-10-09 04:30:06,056 DEBUG server.RaftServer$Division (RaftServerImpl.java:logAppendEntries(1545)) - s10@group-BDFE845AF3B0: appendEntries* reply s9<-s10#7792:OK-t1,SUCCESS,nextIndex=172,followerCommit=169,matchIndex=171
2024-10-09 04:30:06,057 DEBUG server.RaftServer$Division (RaftServerImpl.java:logAppendEntries(1545)) - s13@group-BDFE845AF3B0: appendEntries* s9->s13#7797-t1,previous=(t:1, i:170),leaderCommit=170,initializing? false,entries: size=1, first=(t:1, i:171), STATEMACHINELOGENTRY, StateMachineLogEntryProto:7787@client-CAAA969A923D
2024-10-09 04:30:06,057 DEBUG server.RaftServer$Division (RaftServerImpl.java:logAppendEntries(1545)) - s11@group-BDFE845AF3B0: appendEntries* s9->s11#7798-t1,previous=(t:1, i:170),leaderCommit=170,initializing? false,entries: size=1, first=(t:1, i:171), STATEMACHINELOGENTRY, StateMachineLogEntryProto:7787@client-CAAA969A923D
2024-10-09 04:30:06,056 DEBUG server.RaftServer$Division (RaftServerImpl.java:logAppendEntries(1545)) - s4@group-BDFE845AF3B0: appendEntries* s9->s4#7778-t1,previous=(t:1, i:168),leaderCommit=168,initializing? false,entries: size=1, first=(t:1, i:169), STATEMACHINELOGENTRY, StateMachineLogEntryProto:7763@client-CAAA969A923D
2024-10-09 04:30:06,056 DEBUG server.RaftServer$Division (RaftServerImpl.java:logAppendEntries(1545)) - s12@group-BDFE845AF3B0: appendEntries* reply s9<-s12#7793:OK-t1,SUCCESS,nextIndex=172,followerCommit=169,matchIndex=171
2024-10-09 04:30:06,057 DEBUG server.RaftServer$Division (RaftServerImpl.java:logAppendEntries(1545)) - s14@group-BDFE845AF3B0: appendEntries* reply s9<-s14#7796:OK-t1,SUCCESS,nextIndex=172,followerCommit=169,matchIndex=171
2024-10-09 04:30:06,057 DEBUG server.RaftServer$Division (RaftServerImpl.java:logAppendEntries(1545)) - s8@group-BDFE845AF3B0: appendEntries* reply s9<-s8#7794:OK-t1,SUCCESS,nextIndex=172,followerCommit=169,matchIndex=171
2024-10-09 04:30:06,056 DEBUG server.RaftServer$Division (RaftServerImpl.java:logAppendEntries(1545)) - s1@group-BDFE845AF3B0: appendEntries* s9->s1#7795-t1,previous=(t:1, i:170),leaderCommit=169,initializing? false,entries: size=1, first=(t:1, i:171), STATEMACHINELOGENTRY, StateMachineLogEntryProto:7787@client-CAAA969A923D
2024-10-09 04:30:06,058 INFO  statemachine.StateMachine (ArithmeticStateMachine.java:applyTransaction(181)) - LEADER:s9-171: b = 5940 = 5940
2024-10-09 04:30:06,056 DEBUG server.RaftServer$Division (RaftServerImpl.java:logAppendEntries(1545)) - s5@group-BDFE845AF3B0: appendEntries* reply s9<-s5#7786:OK-t1,SUCCESS,nextIndex=171,followerCommit=169,matchIndex=170
2024-10-09 04:30:06,055 DEBUG server.RaftServer$Division (RaftServerImpl.java:logAppendEntries(1545)) - s0@group-BDFE845AF3B0: appendEntries* reply s9<-s0#7783:OK-t1,SUCCESS,nextIndex=171,followerCommit=169,matchIndex=170
2024-10-09 04:30:06,055 DEBUG server.RaftServer$Division (RaftServerImpl.java:logAppendEntries(1545)) - s3@group-BDFE845AF3B0: appendEntries* reply s9<-s3#7779:OK-t1,SUCCESS,nextIndex=171,followerCommit=169,matchIndex=170
2024-10-09 04:30:06,057 DEBUG server.RaftServer$Division (RaftServerImpl.java:logAppendEntries(1545)) - s13@group-BDFE845AF3B0: appendEntries* reply s9<-s13#7797:OK-t1,SUCCESS,nextIndex=172,followerCommit=170,matchIndex=171
2024-10-09 04:30:06,058 DEBUG server.RaftServer$Division (RaftServerImpl.java:logAppendEntries(1545)) - s12@group-BDFE845AF3B0: appendEntries* s9->s12#7802-t1,previous=(t:1, i:171),leaderCommit=171,initializing? false,entries: size=1, first=(t:1, i:172), METADATAENTRY(c:171)
2024-10-09 04:30:06,058 DEBUG server.RaftServer$Division (RaftServerImpl.java:submitClientRequestAsync(916)) - s9@group-BDFE845AF3B0: receive client request(RaftClientRequest:client-CAAA969A923D->s9@group-BDFE845AF3B0, cid=7805, seq=null, RW, Message:01016304010300040201...(size=17))
2024-10-09 04:30:06,058 DEBUG server.RaftServer$Division (LeaderStateImpl.java:addPendingRequest(529)) - s9@group-BDFE845AF3B0-LeaderStateImpl: addPendingRequest at RaftClientRequest:client-CAAA969A923D->s9@group-BDFE845AF3B0, cid=7805, seq=null, RW, Message:01016304010300040201...(size=17), entry=(t:1, i:173), STATEMACHINELOGENTRY, WRITE: logData.size=17, stateMachineData.size=0, logEntryProtoSerializedSize=0
2024-10-09 04:30:06,057 DEBUG server.RaftServer$Division (RaftServerImpl.java:logAppendEntries(1545)) - s11@group-BDFE845AF3B0: appendEntries* reply s9<-s11#7798:OK-t1,SUCCESS,nextIndex=172,followerCommit=170,matchIndex=171
2024-10-09 04:30:06,058 DEBUG server.RaftServer$Division (RaftServerImpl.java:logAppendEntries(1545)) - s10@group-BDFE845AF3B0: appendEntries* s9->s10#7804-t1,previous=(t:1, i:171),leaderCommit=171,initializing? false,entries: size=1, first=(t:1, i:172), METADATAENTRY(c:171)
2024-10-09 04:30:06,058 DEBUG server.RaftServer$Division (RaftServerImpl.java:logAppendEntries(1545)) - s2@group-BDFE845AF3B0: appendEntries* s9->s2#7800-t1,previous=(t:1, i:171),leaderCommit=171,initializing? false,entries: size=1, first=(t:1, i:172), METADATAENTRY(c:171)
2024-10-09 04:30:06,059 DEBUG server.RaftServer$Division (RaftServerImpl.java:logAppendEntries(1545)) - s14@group-BDFE845AF3B0: appendEntries* s9->s14#7803-t1,previous=(t:1, i:171),leaderCommit=171,initializing? false,entries: size=1, first=(t:1, i:172), METADATAENTRY(c:171)
2024-10-09 04:30:06,058 DEBUG server.RaftServer$Division (RaftServerImpl.java:logAppendEntries(1545)) - s7@group-BDFE845AF3B0: appendEntries* s9->s7#7799-t1,previous=(t:1, i:171),leaderCommit=171,initializing? false,entries: size=1, first=(t:1, i:172), METADATAENTRY(c:171)
2024-10-09 04:30:06,059 DEBUG server.RaftServer$Division (RaftServerImpl.java:logAppendEntries(1545)) - s0@group-BDFE845AF3B0: appendEntries* s9->s0#7810-t1,previous=(t:1, i:170),leaderCommit=171,initializing? false,entries: size=3, first=(t:1, i:171), STATEMACHINELOGENTRY, StateMachineLogEntryProto:7787@client-CAAA969A923D
2024-10-09 04:30:06,059 DEBUG server.RaftServer$Division (RaftServerImpl.java:logAppendEntries(1545)) - s3@group-BDFE845AF3B0: appendEntries* s9->s3#7806-t1,previous=(t:1, i:170),leaderCommit=171,initializing? false,entries: size=3, first=(t:1, i:171), STATEMACHINELOGENTRY, StateMachineLogEntryProto:7787@client-CAAA969A923D
2024-10-09 04:30:06,059 DEBUG server.RaftServer$Division (RaftServerImpl.java:logAppendEntries(1545)) - s2@group-BDFE845AF3B0: appendEntries* reply s9<-s2#7800:OK-t1,SUCCESS,nextIndex=173,followerCommit=171,matchIndex=172
2024-10-09 04:30:06,059 DEBUG server.RaftServer$Division (RaftServerImpl.java:logAppendEntries(1545)) - s14@group-BDFE845AF3B0: appendEntries* reply s9<-s14#7803:OK-t1,SUCCESS,nextIndex=173,followerCommit=171,matchIndex=172
2024-10-09 04:30:06,059 DEBUG server.RaftServer$Division (RaftServerImpl.java:logAppendEntries(1545)) - s10@group-BDFE845AF3B0: appendEntries* reply s9<-s10#7804:OK-t1,SUCCESS,nextIndex=173,followerCommit=171,matchIndex=172
2024-10-09 04:30:06,059 DEBUG server.RaftServer$Division (RaftServerImpl.java:logAppendEntries(1545)) - s8@group-BDFE845AF3B0: appendEntries* s9->s8#7801-t1,previous=(t:1, i:171),leaderCommit=171,initializing? false,entries: size=1, first=(t:1, i:172), METADATAENTRY(c:171)
2024-10-09 04:30:06,058 DEBUG server.RaftServer$Division (RaftServerImpl.java:logAppendEntries(1545)) - s12@group-BDFE845AF3B0: appendEntries* reply s9<-s12#7802:OK-t1,SUCCESS,nextIndex=173,followerCommit=171,matchIndex=172
2024-10-09 04:30:06,058 DEBUG server.RaftServer$Division (RaftServerImpl.java:logAppendEntries(1545)) - s1@group-BDFE845AF3B0: appendEntries* reply s9<-s1#7795:OK-t1,SUCCESS,nextIndex=172,followerCommit=169,matchIndex=171
2024-10-09 04:30:06,060 DEBUG server.RaftServer$Division (RaftServerImpl.java:logAppendEntries(1545)) - s0@group-BDFE845AF3B0: appendEntries* reply s9<-s0#7810:OK-t1,SUCCESS,nextIndex=174,followerCommit=171,matchIndex=173
2024-10-09 04:30:06,060 DEBUG server.RaftServer$Division (RaftServerImpl.java:logAppendEntries(1545)) - s14@group-BDFE845AF3B0: appendEntries* s9->s14#7813-t1,previous=(t:1, i:172),leaderCommit=171,initializing? false,entries: size=1, first=(t:1, i:173), STATEMACHINELOGENTRY, StateMachineLogEntryProto:7805@client-CAAA969A923D
2024-10-09 04:30:06,060 DEBUG server.RaftServer$Division (RaftServerImpl.java:logAppendEntries(1545)) - s2@group-BDFE845AF3B0: appendEntries* s9->s2#7812-t1,previous=(t:1, i:172),leaderCommit=171,initializing? false,entries: size=1, first=(t:1, i:173), STATEMACHINELOGENTRY, StateMachineLogEntryProto:7805@client-CAAA969A923D
2024-10-09 04:30:06,060 DEBUG server.RaftServer$Division (RaftServerImpl.java:logAppendEntries(1545)) - s12@group-BDFE845AF3B0: appendEntries* s9->s12#7815-t1,previous=(t:1, i:172),leaderCommit=171,initializing? false,entries: size=1, first=(t:1, i:173), STATEMACHINELOGENTRY, StateMachineLogEntryProto:7805@client-CAAA969A923D
2024-10-09 04:30:06,058 DEBUG server.RaftServer$Division (RaftServerImpl.java:logAppendEntries(1545)) - s13@group-BDFE845AF3B0: appendEntries* s9->s13#7807-t1,previous=(t:1, i:171),leaderCommit=171,initializing? false,entries: size=2, first=(t:1, i:172), METADATAENTRY(c:171)
2024-10-09 04:30:06,061 DEBUG server.RaftServer$Division (RaftServerImpl.java:logAppendEntries(1545)) - s1@group-BDFE845AF3B0: appendEntries* s9->s1#7816-t1,previous=(t:1, i:171),leaderCommit=171,initializing? false,entries: size=2, first=(t:1, i:172), METADATAENTRY(c:171)
2024-10-09 04:30:06,061 DEBUG server.RaftServer$Division (RaftServerImpl.java:logAppendEntries(1545)) - s12@group-BDFE845AF3B0: appendEntries* reply s9<-s12#7815:OK-t1,SUCCESS,nextIndex=174,followerCommit=171,matchIndex=173
2024-10-09 04:30:06,061 DEBUG server.RaftServer$Division (RaftServerImpl.java:logAppendEntries(1545)) - s2@group-BDFE845AF3B0: appendEntries* reply s9<-s2#7812:OK-t1,SUCCESS,nextIndex=174,followerCommit=171,matchIndex=173
2024-10-09 04:30:06,060 DEBUG server.RaftServer$Division (RaftServerImpl.java:logAppendEntries(1545)) - s14@group-BDFE845AF3B0: appendEntries* reply s9<-s14#7813:OK-t1,SUCCESS,nextIndex=174,followerCommit=171,matchIndex=173
2024-10-09 04:30:06,061 DEBUG server.RaftServer$Division (RaftServerImpl.java:logAppendEntries(1545)) - s1@group-BDFE845AF3B0: appendEntries* reply s9<-s1#7816:OK-t1,SUCCESS,nextIndex=174,followerCommit=171,matchIndex=173
2024-10-09 04:30:06,060 DEBUG server.RaftServer$Division (RaftServerImpl.java:logAppendEntries(1545)) - s10@group-BDFE845AF3B0: appendEntries* s9->s10#7814-t1,previous=(t:1, i:172),leaderCommit=171,initializing? false,entries: size=1, first=(t:1, i:173), STATEMACHINELOGENTRY, StateMachineLogEntryProto:7805@client-CAAA969A923D
2024-10-09 04:30:06,060 DEBUG server.RaftServer$Division (RaftServerImpl.java:logAppendEntries(1545)) - s3@group-BDFE845AF3B0: appendEntries* reply s9<-s3#7806:OK-t1,SUCCESS,nextIndex=174,followerCommit=171,matchIndex=173
2024-10-09 04:30:06,060 DEBUG server.RaftServer$Division (RaftServerImpl.java:logAppendEntries(1545)) - s5@group-BDFE845AF3B0: appendEntries* s9->s5#7811-t1,previous=(t:1, i:170),leaderCommit=171,initializing? false,entries: size=3, first=(t:1, i:171), STATEMACHINELOGENTRY, StateMachineLogEntryProto:7787@client-CAAA969A923D
2024-10-09 04:30:06,059 DEBUG server.RaftServer$Division (RaftServerImpl.java:logAppendEntries(1545)) - s7@group-BDFE845AF3B0: appendEntries* reply s9<-s7#7799:OK-t1,SUCCESS,nextIndex=173,followerCommit=171,matchIndex=172
2024-10-09 04:30:06,059 DEBUG server.RaftServer$Division (RaftServerImpl.java:logAppendEntries(1545)) - s4@group-BDFE845AF3B0: appendEntries* reply s9<-s4#7778:OK-t1,SUCCESS,nextIndex=170,followerCommit=168,matchIndex=169
2024-10-09 04:30:06,059 DEBUG server.RaftServer$Division (RaftServerImpl.java:logAppendEntries(1545)) - s6@group-BDFE845AF3B0: appendEntries* s9->s6#7808-t1,previous=(t:1, i:171),leaderCommit=171,initializing? false,entries: size=2, first=(t:1, i:172), METADATAENTRY(c:171)
2024-10-09 04:30:06,062 DEBUG server.RaftServer$Division (RaftServerImpl.java:logAppendEntries(1545)) - s7@group-BDFE845AF3B0: appendEntries* s9->s7#7817-t1,previous=(t:1, i:172),leaderCommit=172,initializing? false,entries: size=1, first=(t:1, i:173), STATEMACHINELOGENTRY, StateMachineLogEntryProto:7805@client-CAAA969A923D
2024-10-09 04:30:06,059 DEBUG server.RaftServer$Division (RaftServerImpl.java:logAppendEntries(1545)) - s11@group-BDFE845AF3B0: appendEntries* s9->s11#7809-t1,previous=(t:1, i:171),leaderCommit=171,initializing? false,entries: size=2, first=(t:1, i:172), METADATAENTRY(c:171)
2024-10-09 04:30:06,062 DEBUG server.RaftServer$Division (RaftServerImpl.java:logAppendEntries(1545)) - s4@group-BDFE845AF3B0: appendEntries* s9->s4#7818-t1,previous=(t:1, i:169),leaderCommit=172,initializing? false,entries: size=4, first=(t:1, i:170), METADATAENTRY(c:169)
2024-10-09 04:30:06,062 DEBUG server.RaftServer$Division (RaftServerImpl.java:logAppendEntries(1545)) - s10@group-BDFE845AF3B0: appendEntries* reply s9<-s10#7814:OK-t1,SUCCESS,nextIndex=174,followerCommit=171,matchIndex=173
2024-10-09 04:30:06,062 DEBUG server.RaftServer$Division (RaftServerImpl.java:logAppendEntries(1545)) - s8@group-BDFE845AF3B0: appendEntries* reply s9<-s8#7801:OK-t1,SUCCESS,nextIndex=173,followerCommit=171,matchIndex=172
2024-10-09 04:30:06,061 DEBUG server.RaftServer$Division (RaftServerImpl.java:logAppendEntries(1545)) - s13@group-BDFE845AF3B0: appendEntries* reply s9<-s13#7807:OK-t1,SUCCESS,nextIndex=174,followerCommit=171,matchIndex=173
2024-10-09 04:30:06,063 INFO  statemachine.StateMachine (ArithmeticStateMachine.java:applyTransaction(181)) - LEADER:s9-173: c = √(a^2 + b^2) = 5941
2024-10-09 04:30:06,063 DEBUG server.RaftServer$Division (RaftServerImpl.java:logAppendEntries(1545)) - s7@group-BDFE845AF3B0: appendEntries* reply s9<-s7#7817:OK-t1,SUCCESS,nextIndex=174,followerCommit=172,matchIndex=173
2024-10-09 04:30:06,063 DEBUG server.RaftServer$Division (RaftServerImpl.java:logAppendEntries(1545)) - s3@group-BDFE845AF3B0: appendEntries* s9->s3#7824-t1,previous=(t:1, i:173),leaderCommit=173,initializing? false,entries: size=1, first=(t:1, i:174), METADATAENTRY(c:173)
2024-10-09 04:30:06,063 DEBUG server.RaftServer$Division (RaftServerImpl.java:logAppendEntries(1545)) - s13@group-BDFE845AF3B0: appendEntries* s9->s13#7820-t1,previous=(t:1, i:173),leaderCommit=173,initializing? false,entries: size=1, first=(t:1, i:174), METADATAENTRY(c:173)
2024-10-09 04:30:06,063 DEBUG server.RaftServer$Division (RaftServerImpl.java:submitClientRequestAsync(916)) - s9@group-BDFE845AF3B0: receive client request(RaftClientRequest:client-CAAA969A923D->s9@group-BDFE845AF3B0, cid=7825, seq=null, RW, Message:01016100)
2024-10-09 04:30:06,063 DEBUG server.RaftServer$Division (LeaderStateImpl.java:addPendingRequest(529)) - s9@group-BDFE845AF3B0-LeaderStateImpl: addPendingRequest at RaftClientRequest:client-CAAA969A923D->s9@group-BDFE845AF3B0, cid=7825, seq=null, RW, Message:01016100, entry=(t:1, i:175), STATEMACHINELOGENTRY, WRITE: logData.size=4, stateMachineData.size=0, logEntryProtoSerializedSize=0
2024-10-09 04:30:06,064 DEBUG server.RaftServer$Division (RaftServerImpl.java:logAppendEntries(1545)) - s7@group-BDFE845AF3B0: appendEntries* s9->s7#7827-t1,previous=(t:1, i:173),leaderCommit=173,initializing? false,entries: size=1, first=(t:1, i:174), METADATAENTRY(c:173)
2024-10-09 04:30:06,063 DEBUG server.RaftServer$Division (RaftServerImpl.java:logAppendEntries(1545)) - s12@group-BDFE845AF3B0: appendEntries* s9->s12#7823-t1,previous=(t:1, i:173),leaderCommit=173,initializing? false,entries: size=1, first=(t:1, i:174), METADATAENTRY(c:173)
2024-10-09 04:30:06,064 DEBUG server.RaftServer$Division (RaftServerImpl.java:logAppendEntries(1545)) - s14@group-BDFE845AF3B0: appendEntries* s9->s14#7828-t1,previous=(t:1, i:173),leaderCommit=173,initializing? false,entries: size=2, first=(t:1, i:174), METADATAENTRY(c:173)
2024-10-09 04:30:06,063 DEBUG server.RaftServer$Division (RaftServerImpl.java:logAppendEntries(1545)) - s2@group-BDFE845AF3B0: appendEntries* s9->s2#7822-t1,previous=(t:1, i:173),leaderCommit=173,initializing? false,entries: size=1, first=(t:1, i:174), METADATAENTRY(c:173)
2024-10-09 04:30:06,064 DEBUG server.RaftServer$Division (RaftServerImpl.java:logAppendEntries(1545)) - s6@group-BDFE845AF3B0: appendEntries* reply s9<-s6#7808:OK-t1,SUCCESS,nextIndex=174,followerCommit=171,matchIndex=173
2024-10-09 04:30:06,064 DEBUG server.RaftServer$Division (RaftServerImpl.java:logAppendEntries(1545)) - s3@group-BDFE845AF3B0: appendEntries* reply s9<-s3#7824:OK-t1,SUCCESS,nextIndex=175,followerCommit=173,matchIndex=174
2024-10-09 04:30:06,064 DEBUG server.RaftServer$Division (RaftServerImpl.java:logAppendEntries(1545)) - s13@group-BDFE845AF3B0: appendEntries* reply s9<-s13#7820:OK-t1,SUCCESS,nextIndex=175,followerCommit=173,matchIndex=174
2024-10-09 04:30:06,064 DEBUG server.RaftServer$Division (RaftServerImpl.java:logAppendEntries(1545)) - s1@group-BDFE845AF3B0: appendEntries* s9->s1#7826-t1,previous=(t:1, i:173),leaderCommit=173,initializing? false,entries: size=1, first=(t:1, i:174), METADATAENTRY(c:173)
2024-10-09 04:30:06,065 DEBUG server.RaftServer$Division (RaftServerImpl.java:logAppendEntries(1545)) - s2@group-BDFE845AF3B0: appendEntries* reply s9<-s2#7822:OK-t1,SUCCESS,nextIndex=175,followerCommit=173,matchIndex=174
2024-10-09 04:30:06,065 DEBUG server.RaftServer$Division (RaftServerImpl.java:logAppendEntries(1545)) - s6@group-BDFE845AF3B0: appendEntries* s9->s6#7830-t1,previous=(t:1, i:173),leaderCommit=173,initializing? false,entries: size=2, first=(t:1, i:174), METADATAENTRY(c:173)
2024-10-09 04:30:06,065 DEBUG server.RaftServer$Division (RaftServerImpl.java:logAppendEntries(1545)) - s14@group-BDFE845AF3B0: appendEntries* reply s9<-s14#7828:OK-t1,SUCCESS,nextIndex=176,followerCommit=173,matchIndex=175
2024-10-09 04:30:06,064 DEBUG server.RaftServer$Division (RaftServerImpl.java:logAppendEntries(1545)) - s4@group-BDFE845AF3B0: appendEntries* reply s9<-s4#7818:OK-t1,SUCCESS,nextIndex=174,followerCommit=172,matchIndex=173
2024-10-09 04:30:06,065 DEBUG server.RaftServer$Division (RaftServerImpl.java:logAppendEntries(1545)) - s8@group-BDFE845AF3B0: appendEntries* s9->s8#7829-t1,previous=(t:1, i:172),leaderCommit=173,initializing? false,entries: size=3, first=(t:1, i:173), STATEMACHINELOGENTRY, StateMachineLogEntryProto:7805@client-CAAA969A923D
2024-10-09 04:30:06,064 DEBUG server.RaftServer$Division (RaftServerImpl.java:logAppendEntries(1545)) - s0@group-BDFE845AF3B0: appendEntries* s9->s0#7819-t1,previous=(t:1, i:173),leaderCommit=173,initializing? false,entries: size=1, first=(t:1, i:174), METADATAENTRY(c:173)
2024-10-09 04:30:06,063 DEBUG server.RaftServer$Division (RaftServerImpl.java:logAppendEntries(1545)) - s5@group-BDFE845AF3B0: appendEntries* reply s9<-s5#7811:OK-t1,SUCCESS,nextIndex=174,followerCommit=171,matchIndex=173
2024-10-09 04:30:06,065 DEBUG server.RaftServer$Division (RaftServerImpl.java:logAppendEntries(1545)) - s2@group-BDFE845AF3B0: appendEntries* s9->s2#7833-t1,previous=(t:1, i:174),leaderCommit=173,initializing? false,entries: size=1, first=(t:1, i:175), STATEMACHINELOGENTRY, StateMachineLogEntryProto:7825@client-CAAA969A923D
2024-10-09 04:30:06,063 DEBUG server.RaftServer$Division (RaftServerImpl.java:logAppendEntries(1545)) - s10@group-BDFE845AF3B0: appendEntries* s9->s10#7821-t1,previous=(t:1, i:173),leaderCommit=173,initializing? false,entries: size=1, first=(t:1, i:174), METADATAENTRY(c:173)
2024-10-09 04:30:06,066 DEBUG server.RaftServer$Division (RaftServerImpl.java:logAppendEntries(1545)) - s5@group-BDFE845AF3B0: appendEntries* s9->s5#7835-t1,previous=(t:1, i:173),leaderCommit=173,initializing? false,entries: size=2, first=(t:1, i:174), METADATAENTRY(c:173)
2024-10-09 04:30:06,063 DEBUG server.RaftServer$Division (RaftServerImpl.java:logAppendEntries(1545)) - s11@group-BDFE845AF3B0: appendEntries* reply s9<-s11#7809:OK-t1,SUCCESS,nextIndex=174,followerCommit=171,matchIndex=173
2024-10-09 04:30:06,066 DEBUG server.RaftServer$Division (RaftServerImpl.java:logAppendEntries(1545)) - s10@group-BDFE845AF3B0: appendEntries* reply s9<-s10#7821:OK-t1,SUCCESS,nextIndex=175,followerCommit=173,matchIndex=174
2024-10-09 04:30:06,066 DEBUG server.RaftServer$Division (RaftServerImpl.java:logAppendEntries(1545)) - s4@group-BDFE845AF3B0: appendEntries* s9->s4#7834-t1,previous=(t:1, i:173),leaderCommit=173,initializing? false,entries: size=2, first=(t:1, i:174), METADATAENTRY(c:173)
2024-10-09 04:30:06,066 DEBUG server.RaftServer$Division (RaftServerImpl.java:logAppendEntries(1545)) - s2@group-BDFE845AF3B0: appendEntries* reply s9<-s2#7833:OK-t1,SUCCESS,nextIndex=176,followerCommit=173,matchIndex=175
2024-10-09 04:30:06,066 DEBUG server.RaftServer$Division (RaftServerImpl.java:logAppendEntries(1545)) - s8@group-BDFE845AF3B0: appendEntries* reply s9<-s8#7829:OK-t1,SUCCESS,nextIndex=176,followerCommit=173,matchIndex=175
2024-10-09 04:30:06,066 DEBUG server.RaftServer$Division (RaftServerImpl.java:logAppendEntries(1545)) - s0@group-BDFE845AF3B0: appendEntries* reply s9<-s0#7819:OK-t1,SUCCESS,nextIndex=175,followerCommit=173,matchIndex=174
2024-10-09 04:30:06,065 DEBUG server.RaftServer$Division (RaftServerImpl.java:logAppendEntries(1545)) - s6@group-BDFE845AF3B0: appendEntries* reply s9<-s6#7830:OK-t1,SUCCESS,nextIndex=176,followerCommit=173,matchIndex=175
2024-10-09 04:30:06,065 DEBUG server.RaftServer$Division (RaftServerImpl.java:logAppendEntries(1545)) - s13@group-BDFE845AF3B0: appendEntries* s9->s13#7832-t1,previous=(t:1, i:174),leaderCommit=173,initializing? false,entries: size=1, first=(t:1, i:175), STATEMACHINELOGENTRY, StateMachineLogEntryProto:7825@client-CAAA969A923D
2024-10-09 04:30:06,065 DEBUG server.RaftServer$Division (RaftServerImpl.java:logAppendEntries(1545)) - s1@group-BDFE845AF3B0: appendEntries* reply s9<-s1#7826:OK-t1,SUCCESS,nextIndex=175,followerCommit=173,matchIndex=174
2024-10-09 04:30:06,065 DEBUG server.RaftServer$Division (RaftServerImpl.java:logAppendEntries(1545)) - s3@group-BDFE845AF3B0: appendEntries* s9->s3#7831-t1,previous=(t:1, i:174),leaderCommit=173,initializing? false,entries: size=1, first=(t:1, i:175), STATEMACHINELOGENTRY, StateMachineLogEntryProto:7825@client-CAAA969A923D
2024-10-09 04:30:06,064 DEBUG server.RaftServer$Division (RaftServerImpl.java:logAppendEntries(1545)) - s7@group-BDFE845AF3B0: appendEntries* reply s9<-s7#7827:OK-t1,SUCCESS,nextIndex=175,followerCommit=173,matchIndex=174
2024-10-09 04:30:06,064 DEBUG server.RaftServer$Division (RaftServerImpl.java:logAppendEntries(1545)) - s12@group-BDFE845AF3B0: appendEntries* reply s9<-s12#7823:OK-t1,SUCCESS,nextIndex=175,followerCommit=173,matchIndex=174
2024-10-09 04:30:06,067 DEBUG server.RaftServer$Division (RaftServerImpl.java:logAppendEntries(1545)) - s11@group-BDFE845AF3B0: appendEntries* s9->s11#7836-t1,previous=(t:1, i:173),leaderCommit=173,initializing? false,entries: size=2, first=(t:1, i:174), METADATAENTRY(c:173)
2024-10-09 04:30:06,066 DEBUG server.RaftServer$Division (RaftServerImpl.java:logAppendEntries(1545)) - s10@group-BDFE845AF3B0: appendEntries* s9->s10#7837-t1,previous=(t:1, i:174),leaderCommit=173,initializing? false,entries: size=1, first=(t:1, i:175), STATEMACHINELOGENTRY, StateMachineLogEntryProto:7825@client-CAAA969A923D
2024-10-09 04:30:06,067 DEBUG server.RaftServer$Division (RaftServerImpl.java:logAppendEntries(1545)) - s5@group-BDFE845AF3B0: appendEntries* reply s9<-s5#7835:OK-t1,SUCCESS,nextIndex=176,followerCommit=173,matchIndex=175
2024-10-09 04:30:06,067 DEBUG server.RaftServer$Division (RaftServerImpl.java:logAppendEntries(1545)) - s7@group-BDFE845AF3B0: appendEntries* s9->s7#7839-t1,previous=(t:1, i:174),leaderCommit=174,initializing? false,entries: size=1, first=(t:1, i:175), STATEMACHINELOGENTRY, StateMachineLogEntryProto:7825@client-CAAA969A923D
2024-10-09 04:30:06,067 DEBUG server.RaftServer$Division (RaftServerImpl.java:logAppendEntries(1545)) - s10@group-BDFE845AF3B0: appendEntries* reply s9<-s10#7837:OK-t1,SUCCESS,nextIndex=176,followerCommit=173,matchIndex=175
2024-10-09 04:30:06,067 DEBUG server.RaftServer$Division (RaftServerImpl.java:logAppendEntries(1545)) - s13@group-BDFE845AF3B0: appendEntries* reply s9<-s13#7832:OK-t1,SUCCESS,nextIndex=176,followerCommit=173,matchIndex=175
2024-10-09 04:30:06,068 DEBUG server.RaftServer$Division (RaftServerImpl.java:logAppendEntries(1545)) - s1@group-BDFE845AF3B0: appendEntries* s9->s1#7840-t1,previous=(t:1, i:174),leaderCommit=174,initializing? false,entries: size=1, first=(t:1, i:175), STATEMACHINELOGENTRY, StateMachineLogEntryProto:7825@client-CAAA969A923D
2024-10-09 04:30:06,067 DEBUG server.RaftServer$Division (RaftServerImpl.java:logAppendEntries(1545)) - s11@group-BDFE845AF3B0: appendEntries* reply s9<-s11#7836:OK-t1,SUCCESS,nextIndex=176,followerCommit=173,matchIndex=175
2024-10-09 04:30:06,067 DEBUG server.RaftServer$Division (RaftServerImpl.java:logAppendEntries(1545)) - s3@group-BDFE845AF3B0: appendEntries* reply s9<-s3#7831:OK-t1,SUCCESS,nextIndex=176,followerCommit=173,matchIndex=175
2024-10-09 04:30:06,068 DEBUG server.RaftServer$Division (RaftServerImpl.java:logAppendEntries(1545)) - s7@group-BDFE845AF3B0: appendEntries* reply s9<-s7#7839:OK-t1,SUCCESS,nextIndex=176,followerCommit=174,matchIndex=175
2024-10-09 04:30:06,068 INFO  statemachine.StateMachine (ArithmeticStateMachine.java:applyTransaction(181)) - LEADER:s9-175: a = null = null
2024-10-09 04:30:06,068 DEBUG server.RaftServer$Division (RaftServerImpl.java:logAppendEntries(1545)) - s1@group-BDFE845AF3B0: appendEntries* reply s9<-s1#7840:OK-t1,SUCCESS,nextIndex=176,followerCommit=174,matchIndex=175
2024-10-09 04:30:06,069 DEBUG server.RaftServer$Division (RaftServerImpl.java:logAppendEntries(1545)) - s3@group-BDFE845AF3B0: appendEntries* s9->s3#7844-t1,previous=(t:1, i:175),leaderCommit=175,initializing? false,entries: size=1, first=(t:1, i:176), METADATAENTRY(c:175)
2024-10-09 04:30:06,069 DEBUG server.RaftServer$Division (RaftServerImpl.java:submitClientRequestAsync(916)) - s9@group-BDFE845AF3B0: receive client request(RaftClientRequest:client-CAAA969A923D->s9@group-BDFE845AF3B0, cid=7848, seq=null, RW, Message:01016200)
2024-10-09 04:30:06,069 DEBUG server.RaftServer$Division (RaftServerImpl.java:logAppendEntries(1545)) - s11@group-BDFE845AF3B0: appendEntries* s9->s11#7846-t1,previous=(t:1, i:175),leaderCommit=175,initializing? false,entries: size=1, first=(t:1, i:176), METADATAENTRY(c:175)
2024-10-09 04:30:06,068 DEBUG server.RaftServer$Division (RaftServerImpl.java:logAppendEntries(1545)) - s0@group-BDFE845AF3B0: appendEntries* s9->s0#7838-t1,previous=(t:1, i:174),leaderCommit=173,initializing? false,entries: size=1, first=(t:1, i:175), STATEMACHINELOGENTRY, StateMachineLogEntryProto:7825@client-CAAA969A923D
2024-10-09 04:30:06,068 DEBUG server.RaftServer$Division (RaftServerImpl.java:logAppendEntries(1545)) - s12@group-BDFE845AF3B0: appendEntries* s9->s12#7841-t1,previous=(t:1, i:174),leaderCommit=174,initializing? false,entries: size=1, first=(t:1, i:175), STATEMACHINELOGENTRY, StateMachineLogEntryProto:7825@client-CAAA969A923D
2024-10-09 04:30:06,069 DEBUG server.RaftServer$Division (RaftServerImpl.java:logAppendEntries(1545)) - s14@group-BDFE845AF3B0: appendEntries* s9->s14#7851-t1,previous=(t:1, i:175),leaderCommit=175,initializing? false,entries: size=2, first=(t:1, i:176), METADATAENTRY(c:175)
2024-10-09 04:30:06,069 DEBUG server.RaftServer$Division (RaftServerImpl.java:logAppendEntries(1545)) - s11@group-BDFE845AF3B0: appendEntries* reply s9<-s11#7846:OK-t1,SUCCESS,nextIndex=177,followerCommit=175,matchIndex=176
2024-10-09 04:30:06,069 DEBUG server.RaftServer$Division (RaftServerImpl.java:logAppendEntries(1545)) - s1@group-BDFE845AF3B0: appendEntries* s9->s1#7853-t1,previous=(t:1, i:175),leaderCommit=175,initializing? false,entries: size=2, first=(t:1, i:176), METADATAENTRY(c:175)
2024-10-09 04:30:06,069 DEBUG server.RaftServer$Division (RaftServerImpl.java:logAppendEntries(1545)) - s3@group-BDFE845AF3B0: appendEntries* reply s9<-s3#7844:OK-t1,SUCCESS,nextIndex=177,followerCommit=175,matchIndex=176
2024-10-09 04:30:06,069 DEBUG server.RaftServer$Division (RaftServerImpl.java:logAppendEntries(1545)) - s5@group-BDFE845AF3B0: appendEntries* s9->s5#7847-t1,previous=(t:1, i:175),leaderCommit=175,initializing? false,entries: size=1, first=(t:1, i:176), METADATAENTRY(c:175)
2024-10-09 04:30:06,070 DEBUG server.RaftServer$Division (RaftServerImpl.java:logAppendEntries(1545)) - s12@group-BDFE845AF3B0: appendEntries* reply s9<-s12#7841:OK-t1,SUCCESS,nextIndex=176,followerCommit=174,matchIndex=175
2024-10-09 04:30:06,069 DEBUG server.RaftServer$Division (LeaderStateImpl.java:addPendingRequest(529)) - s9@group-BDFE845AF3B0-LeaderStateImpl: addPendingRequest at RaftClientRequest:client-CAAA969A923D->s9@group-BDFE845AF3B0, cid=7848, seq=null, RW, Message:01016200, entry=(t:1, i:177), STATEMACHINELOGENTRY, WRITE: logData.size=4, stateMachineData.size=0, logEntryProtoSerializedSize=0
2024-10-09 04:30:06,070 DEBUG server.RaftServer$Division (RaftServerImpl.java:logAppendEntries(1545)) - s3@group-BDFE845AF3B0: appendEntries* s9->s3#7855-t1,previous=(t:1, i:176),leaderCommit=175,initializing? false,entries: size=1, first=(t:1, i:177), STATEMACHINELOGENTRY, StateMachineLogEntryProto:7848@client-CAAA969A923D
2024-10-09 04:30:06,070 DEBUG server.RaftServer$Division (RaftServerImpl.java:logAppendEntries(1545)) - s8@group-BDFE845AF3B0: appendEntries* s9->s8#7845-t1,previous=(t:1, i:175),leaderCommit=175,initializing? false,entries: size=1, first=(t:1, i:176), METADATAENTRY(c:175)
2024-10-09 04:30:06,069 DEBUG server.RaftServer$Division (RaftServerImpl.java:logAppendEntries(1545)) - s7@group-BDFE845AF3B0: appendEntries* s9->s7#7850-t1,previous=(t:1, i:175),leaderCommit=175,initializing? false,entries: size=1, first=(t:1, i:176), METADATAENTRY(c:175)
2024-10-09 04:30:06,069 DEBUG server.RaftServer$Division (RaftServerImpl.java:logAppendEntries(1545)) - s13@group-BDFE845AF3B0: appendEntries* s9->s13#7849-t1,previous=(t:1, i:175),leaderCommit=175,initializing? false,entries: size=1, first=(t:1, i:176), METADATAENTRY(c:175)
2024-10-09 04:30:06,069 DEBUG server.RaftServer$Division (RaftServerImpl.java:logAppendEntries(1545)) - s10@group-BDFE845AF3B0: appendEntries* s9->s10#7843-t1,previous=(t:1, i:175),leaderCommit=175,initializing? false,entries: size=1, first=(t:1, i:176), METADATAENTRY(c:175)
2024-10-09 04:30:06,071 DEBUG server.RaftServer$Division (RaftServerImpl.java:logAppendEntries(1545)) - s3@group-BDFE845AF3B0: appendEntries* reply s9<-s3#7855:OK-t1,SUCCESS,nextIndex=178,followerCommit=175,matchIndex=177
2024-10-09 04:30:06,069 DEBUG server.RaftServer$Division (RaftServerImpl.java:logAppendEntries(1545)) - s2@group-BDFE845AF3B0: appendEntries* s9->s2#7842-t1,previous=(t:1, i:175),leaderCommit=175,initializing? false,entries: size=1, first=(t:1, i:176), METADATAENTRY(c:175)
2024-10-09 04:30:06,071 DEBUG server.RaftServer$Division (RaftServerImpl.java:logAppendEntries(1545)) - s7@group-BDFE845AF3B0: appendEntries* reply s9<-s7#7850:OK-t1,SUCCESS,nextIndex=177,followerCommit=175,matchIndex=176
2024-10-09 04:30:06,071 DEBUG server.RaftServer$Division (RaftServerImpl.java:logAppendEntries(1545)) - s4@group-BDFE845AF3B0: appendEntries* reply s9<-s4#7834:OK-t1,SUCCESS,nextIndex=176,followerCommit=173,matchIndex=175
2024-10-09 04:30:06,071 DEBUG server.RaftServer$Division (RaftServerImpl.java:logAppendEntries(1545)) - s8@group-BDFE845AF3B0: appendEntries* reply s9<-s8#7845:OK-t1,SUCCESS,nextIndex=177,followerCommit=175,matchIndex=176
2024-10-09 04:30:06,071 DEBUG server.RaftServer$Division (RaftServerImpl.java:logAppendEntries(1545)) - s10@group-BDFE845AF3B0: appendEntries* reply s9<-s10#7843:OK-t1,SUCCESS,nextIndex=177,followerCommit=175,matchIndex=176
2024-10-09 04:30:06,070 DEBUG server.RaftServer$Division (RaftServerImpl.java:logAppendEntries(1545)) - s0@group-BDFE845AF3B0: appendEntries* reply s9<-s0#7838:OK-t1,SUCCESS,nextIndex=176,followerCommit=173,matchIndex=175
2024-10-09 04:30:06,070 DEBUG server.RaftServer$Division (RaftServerImpl.java:logAppendEntries(1545)) - s12@group-BDFE845AF3B0: appendEntries* s9->s12#7856-t1,previous=(t:1, i:175),leaderCommit=175,initializing? false,entries: size=2, first=(t:1, i:176), METADATAENTRY(c:175)
2024-10-09 04:30:06,072 DEBUG server.RaftServer$Division (RaftServerImpl.java:logAppendEntries(1545)) - s2@group-BDFE845AF3B0: appendEntries* reply s9<-s2#7842:OK-t1,SUCCESS,nextIndex=177,followerCommit=175,matchIndex=176
2024-10-09 04:30:06,070 DEBUG server.RaftServer$Division (RaftServerImpl.java:logAppendEntries(1545)) - s1@group-BDFE845AF3B0: appendEntries* reply s9<-s1#7853:OK-t1,SUCCESS,nextIndex=178,followerCommit=175,matchIndex=177
2024-10-09 04:30:06,070 DEBUG server.RaftServer$Division (RaftServerImpl.java:logAppendEntries(1545)) - s5@group-BDFE845AF3B0: appendEntries* reply s9<-s5#7847:OK-t1,SUCCESS,nextIndex=177,followerCommit=175,matchIndex=176
2024-10-09 04:30:06,070 DEBUG server.RaftServer$Division (RaftServerImpl.java:logAppendEntries(1545)) - s14@group-BDFE845AF3B0: appendEntries* reply s9<-s14#7851:OK-t1,SUCCESS,nextIndex=178,followerCommit=175,matchIndex=177
2024-10-09 04:30:06,072 DEBUG server.RaftServer$Division (RaftServerImpl.java:logAppendEntries(1545)) - s0@group-BDFE845AF3B0: appendEntries* s9->s0#7859-t1,previous=(t:1, i:175),leaderCommit=175,initializing? false,entries: size=2, first=(t:1, i:176), METADATAENTRY(c:175)
2024-10-09 04:30:06,072 DEBUG server.RaftServer$Division (RaftServerImpl.java:logAppendEntries(1545)) - s12@group-BDFE845AF3B0: appendEntries* reply s9<-s12#7856:OK-t1,SUCCESS,nextIndex=178,followerCommit=175,matchIndex=177
2024-10-09 04:30:06,070 DEBUG server.RaftServer$Division (RaftServerImpl.java:logAppendEntries(1545)) - s11@group-BDFE845AF3B0: appendEntries* s9->s11#7854-t1,previous=(t:1, i:176),leaderCommit=175,initializing? false,entries: size=1, first=(t:1, i:177), STATEMACHINELOGENTRY, StateMachineLogEntryProto:7848@client-CAAA969A923D
2024-10-09 04:30:06,069 DEBUG server.RaftServer$Division (RaftServerImpl.java:logAppendEntries(1545)) - s6@group-BDFE845AF3B0: appendEntries* s9->s6#7852-t1,previous=(t:1, i:175),leaderCommit=175,initializing? false,entries: size=2, first=(t:1, i:176), METADATAENTRY(c:175)
2024-10-09 04:30:06,072 DEBUG server.RaftServer$Division (RaftServerImpl.java:logAppendEntries(1545)) - s10@group-BDFE845AF3B0: appendEntries* s9->s10#7858-t1,previous=(t:1, i:176),leaderCommit=175,initializing? false,entries: size=1, first=(t:1, i:177), STATEMACHINELOGENTRY, StateMachineLogEntryProto:7848@client-CAAA969A923D
2024-10-09 04:30:06,073 DEBUG server.RaftServer$Division (RaftServerImpl.java:logAppendEntries(1545)) - s5@group-BDFE845AF3B0: appendEntries* s9->s5#7861-t1,previous=(t:1, i:176),leaderCommit=175,initializing? false,entries: size=1, first=(t:1, i:177), STATEMACHINELOGENTRY, StateMachineLogEntryProto:7848@client-CAAA969A923D
2024-10-09 04:30:06,072 DEBUG server.RaftServer$Division (RaftServerImpl.java:logAppendEntries(1545)) - s2@group-BDFE845AF3B0: appendEntries* s9->s2#7860-t1,previous=(t:1, i:176),leaderCommit=175,initializing? false,entries: size=1, first=(t:1, i:177), STATEMACHINELOGENTRY, StateMachineLogEntryProto:7848@client-CAAA969A923D
2024-10-09 04:30:06,071 DEBUG server.RaftServer$Division (RaftServerImpl.java:logAppendEntries(1545)) - s13@group-BDFE845AF3B0: appendEntries* reply s9<-s13#7849:OK-t1,SUCCESS,nextIndex=177,followerCommit=175,matchIndex=176
2024-10-09 04:30:06,071 DEBUG server.RaftServer$Division (RaftServerImpl.java:logAppendEntries(1545)) - s7@group-BDFE845AF3B0: appendEntries* s9->s7#7857-t1,previous=(t:1, i:176),leaderCommit=175,initializing? false,entries: size=1, first=(t:1, i:177), STATEMACHINELOGENTRY, StateMachineLogEntryProto:7848@client-CAAA969A923D
2024-10-09 04:30:06,073 DEBUG server.RaftServer$Division (RaftServerImpl.java:logAppendEntries(1545)) - s6@group-BDFE845AF3B0: appendEntries* reply s9<-s6#7852:OK-t1,SUCCESS,nextIndex=178,followerCommit=175,matchIndex=177
2024-10-09 04:30:06,073 DEBUG server.RaftServer$Division (RaftServerImpl.java:logAppendEntries(1545)) - s11@group-BDFE845AF3B0: appendEntries* reply s9<-s11#7854:OK-t1,SUCCESS,nextIndex=178,followerCommit=175,matchIndex=177
2024-10-09 04:30:06,073 DEBUG server.RaftServer$Division (RaftServerImpl.java:logAppendEntries(1545)) - s5@group-BDFE845AF3B0: appendEntries* reply s9<-s5#7861:OK-t1,SUCCESS,nextIndex=178,followerCommit=175,matchIndex=177
2024-10-09 04:30:06,073 DEBUG server.RaftServer$Division (RaftServerImpl.java:logAppendEntries(1545)) - s7@group-BDFE845AF3B0: appendEntries* reply s9<-s7#7857:OK-t1,SUCCESS,nextIndex=178,followerCommit=175,matchIndex=177
2024-10-09 04:30:06,074 DEBUG server.RaftServer$Division (RaftServerImpl.java:logAppendEntries(1545)) - s2@group-BDFE845AF3B0: appendEntries* reply s9<-s2#7860:OK-t1,SUCCESS,nextIndex=178,followerCommit=175,matchIndex=177
2024-10-09 04:30:06,073 DEBUG server.RaftServer$Division (RaftServerImpl.java:logAppendEntries(1545)) - s10@group-BDFE845AF3B0: appendEntries* reply s9<-s10#7858:OK-t1,SUCCESS,nextIndex=178,followerCommit=175,matchIndex=177
2024-10-09 04:30:06,074 DEBUG server.RaftServer$Division (RaftServerImpl.java:logAppendEntries(1545)) - s13@group-BDFE845AF3B0: appendEntries* s9->s13#7864-t1,previous=(t:1, i:176),leaderCommit=176,initializing? false,entries: size=1, first=(t:1, i:177), STATEMACHINELOGENTRY, StateMachineLogEntryProto:7848@client-CAAA969A923D
2024-10-09 04:30:06,074 DEBUG server.RaftServer$Division (RaftServerImpl.java:logAppendEntries(1545)) - s0@group-BDFE845AF3B0: appendEntries* reply s9<-s0#7859:OK-t1,SUCCESS,nextIndex=178,followerCommit=175,matchIndex=177
2024-10-09 04:30:06,074 DEBUG server.RaftServer$Division (RaftServerImpl.java:logAppendEntries(1545)) - s8@group-BDFE845AF3B0: appendEntries* s9->s8#7862-t1,previous=(t:1, i:176),leaderCommit=176,initializing? false,entries: size=1, first=(t:1, i:177), STATEMACHINELOGENTRY, StateMachineLogEntryProto:7848@client-CAAA969A923D
2024-10-09 04:30:06,074 INFO  statemachine.StateMachine (ArithmeticStateMachine.java:applyTransaction(181)) - LEADER:s9-177: b = null = null
2024-10-09 04:30:06,074 DEBUG server.RaftServer$Division (RaftServerImpl.java:logAppendEntries(1545)) - s5@group-BDFE845AF3B0: appendEntries* s9->s5#7871-t1,previous=(t:1, i:177),leaderCommit=177,initializing? false,entries: size=1, first=(t:1, i:178), METADATAENTRY(c:177)
2024-10-09 04:30:06,075 DEBUG server.RaftServer$Division (RaftServerImpl.java:logAppendEntries(1545)) - s4@group-BDFE845AF3B0: appendEntries* s9->s4#7863-t1,previous=(t:1, i:175),leaderCommit=176,initializing? false,entries: size=2, first=(t:1, i:176), METADATAENTRY(c:175)
2024-10-09 04:30:06,074 DEBUG server.RaftServer$Division (RaftServerImpl.java:logAppendEntries(1545)) - s7@group-BDFE845AF3B0: appendEntries* s9->s7#7873-t1,previous=(t:1, i:177),leaderCommit=177,initializing? false,entries: size=1, first=(t:1, i:178), METADATAENTRY(c:177)
2024-10-09 04:30:06,074 DEBUG server.RaftServer$Division (RaftServerImpl.java:logAppendEntries(1545)) - s1@group-BDFE845AF3B0: appendEntries* s9->s1#7872-t1,previous=(t:1, i:177),leaderCommit=177,initializing? false,entries: size=1, first=(t:1, i:178), METADATAENTRY(c:177)
2024-10-09 04:30:06,074 DEBUG server.RaftServer$Division (RaftServerImpl.java:logAppendEntries(1545)) - s3@group-BDFE845AF3B0: appendEntries* s9->s3#7865-t1,previous=(t:1, i:177),leaderCommit=177,initializing? false,entries: size=1, first=(t:1, i:178), METADATAENTRY(c:177)
2024-10-09 04:30:06,074 DEBUG server.RaftServer$Division (RaftServerImpl.java:logAppendEntries(1545)) - s10@group-BDFE845AF3B0: appendEntries* s9->s10#7870-t1,previous=(t:1, i:177),leaderCommit=177,initializing? false,entries: size=1, first=(t:1, i:178), METADATAENTRY(c:177)
2024-10-09 04:30:06,074 DEBUG server.RaftServer$Division (RaftServerImpl.java:logAppendEntries(1545)) - s11@group-BDFE845AF3B0: appendEntries* s9->s11#7869-t1,previous=(t:1, i:177),leaderCommit=177,initializing? false,entries: size=1, first=(t:1, i:178), METADATAENTRY(c:177)
2024-10-09 04:30:06,074 DEBUG server.RaftServer$Division (RaftServerImpl.java:logAppendEntries(1545)) - s14@group-BDFE845AF3B0: appendEntries* s9->s14#7868-t1,previous=(t:1, i:177),leaderCommit=177,initializing? false,entries: size=1, first=(t:1, i:178), METADATAENTRY(c:177)
2024-10-09 04:30:06,076 DEBUG server.RaftServer$Division (RaftServerImpl.java:logAppendEntries(1545)) - s3@group-BDFE845AF3B0: appendEntries* reply s9<-s3#7865:OK-t1,SUCCESS,nextIndex=179,followerCommit=177,matchIndex=178
2024-10-09 04:30:06,076 DEBUG server.RaftServer$Division (RaftServerImpl.java:logAppendEntries(1545)) - s5@group-BDFE845AF3B0: appendEntries* reply s9<-s5#7871:OK-t1,SUCCESS,nextIndex=179,followerCommit=177,matchIndex=178
2024-10-09 04:30:06,076 DEBUG server.RaftServer$Division (RaftServerImpl.java:logAppendEntries(1545)) - s10@group-BDFE845AF3B0: appendEntries* reply s9<-s10#7870:OK-t1,SUCCESS,nextIndex=179,followerCommit=177,matchIndex=178
2024-10-09 04:30:06,076 DEBUG server.RaftServer$Division (RaftServerImpl.java:logAppendEntries(1545)) - s1@group-BDFE845AF3B0: appendEntries* reply s9<-s1#7872:OK-t1,SUCCESS,nextIndex=179,followerCommit=177,matchIndex=178
2024-10-09 04:30:06,074 DEBUG server.RaftServer$Division (RaftServerImpl.java:logAppendEntries(1545)) - s2@group-BDFE845AF3B0: appendEntries* s9->s2#7866-t1,previous=(t:1, i:177),leaderCommit=177,initializing? false,entries: size=1, first=(t:1, i:178), METADATAENTRY(c:177)
2024-10-09 04:30:06,074 DEBUG server.RaftServer$Division (RaftServerImpl.java:logAppendEntries(1545)) - s6@group-BDFE845AF3B0: appendEntries* s9->s6#7867-t1,previous=(t:1, i:177),leaderCommit=177,initializing? false,entries: size=1, first=(t:1, i:178), METADATAENTRY(c:177)
2024-10-09 04:30:06,074 DEBUG server.RaftServer$Division (RaftServerImpl.java:logAppendEntries(1545)) - s13@group-BDFE845AF3B0: appendEntries* reply s9<-s13#7864:OK-t1,SUCCESS,nextIndex=178,followerCommit=176,matchIndex=177
2024-10-09 04:30:06,076 DEBUG server.RaftServer$Division (RaftServerImpl.java:logAppendEntries(1545)) - s11@group-BDFE845AF3B0: appendEntries* reply s9<-s11#7869:OK-t1,SUCCESS,nextIndex=179,followerCommit=177,matchIndex=178
2024-10-09 04:30:06,076 DEBUG server.RaftServer$Division (RaftServerImpl.java:logAppendEntries(1545)) - s14@group-BDFE845AF3B0: appendEntries* reply s9<-s14#7868:OK-t1,SUCCESS,nextIndex=179,followerCommit=177,matchIndex=178
2024-10-09 04:30:06,076 DEBUG server.RaftServer$Division (RaftServerImpl.java:logAppendEntries(1545)) - s8@group-BDFE845AF3B0: appendEntries* reply s9<-s8#7862:OK-t1,SUCCESS,nextIndex=178,followerCommit=176,matchIndex=177
2024-10-09 04:30:06,076 DEBUG server.RaftServer$Division (RaftServerImpl.java:logAppendEntries(1545)) - s4@group-BDFE845AF3B0: appendEntries* reply s9<-s4#7863:OK-t1,SUCCESS,nextIndex=178,followerCommit=176,matchIndex=177
2024-10-09 04:30:06,076 DEBUG server.RaftServer$Division (RaftServerImpl.java:logAppendEntries(1545)) - s7@group-BDFE845AF3B0: appendEntries* reply s9<-s7#7873:OK-t1,SUCCESS,nextIndex=179,followerCommit=177,matchIndex=178
2024-10-09 04:30:06,075 DEBUG server.RaftServer$Division (RaftServerImpl.java:submitClientRequestAsync(916)) - s9@group-BDFE845AF3B0: receive client request(RaftClientRequest:client-CAAA969A923D->s9@group-BDFE845AF3B0, cid=7876, seq=null, RW, Message:01016300)
2024-10-09 04:30:06,077 DEBUG server.RaftServer$Division (LeaderStateImpl.java:addPendingRequest(529)) - s9@group-BDFE845AF3B0-LeaderStateImpl: addPendingRequest at RaftClientRequest:client-CAAA969A923D->s9@group-BDFE845AF3B0, cid=7876, seq=null, RW, Message:01016300, entry=(t:1, i:179), STATEMACHINELOGENTRY, WRITE: logData.size=4, stateMachineData.size=0, logEntryProtoSerializedSize=0
2024-10-09 04:30:06,077 DEBUG server.RaftServer$Division (RaftServerImpl.java:logAppendEntries(1545)) - s10@group-BDFE845AF3B0: appendEntries* s9->s10#7880-t1,previous=(t:1, i:178),leaderCommit=177,initializing? false,entries: size=1, first=(t:1, i:179), STATEMACHINELOGENTRY, StateMachineLogEntryProto:7876@client-CAAA969A923D
2024-10-09 04:30:06,078 DEBUG server.RaftServer$Division (RaftServerImpl.java:logAppendEntries(1545)) - s11@group-BDFE845AF3B0: appendEntries* s9->s11#7884-t1,previous=(t:1, i:178),leaderCommit=177,initializing? false,entries: size=1, first=(t:1, i:179), STATEMACHINELOGENTRY, StateMachineLogEntryProto:7876@client-CAAA969A923D
2024-10-09 04:30:06,078 DEBUG server.RaftServer$Division (RaftServerImpl.java:logAppendEntries(1545)) - s5@group-BDFE845AF3B0: appendEntries* s9->s5#7879-t1,previous=(t:1, i:178),leaderCommit=177,initializing? false,entries: size=1, first=(t:1, i:179), STATEMACHINELOGENTRY, StateMachineLogEntryProto:7876@client-CAAA969A923D
2024-10-09 04:30:06,078 DEBUG server.RaftServer$Division (RaftServerImpl.java:logAppendEntries(1545)) - s7@group-BDFE845AF3B0: appendEntries* s9->s7#7881-t1,previous=(t:1, i:178),leaderCommit=177,initializing? false,entries: size=1, first=(t:1, i:179), STATEMACHINELOGENTRY, StateMachineLogEntryProto:7876@client-CAAA969A923D
2024-10-09 04:30:06,078 DEBUG server.RaftServer$Division (RaftServerImpl.java:logAppendEntries(1545)) - s3@group-BDFE845AF3B0: appendEntries* s9->s3#7883-t1,previous=(t:1, i:178),leaderCommit=177,initializing? false,entries: size=1, first=(t:1, i:179), STATEMACHINELOGENTRY, StateMachineLogEntryProto:7876@client-CAAA969A923D
2024-10-09 04:30:06,078 DEBUG server.RaftServer$Division (RaftServerImpl.java:logAppendEntries(1545)) - s10@group-BDFE845AF3B0: appendEntries* reply s9<-s10#7880:OK-t1,SUCCESS,nextIndex=180,followerCommit=177,matchIndex=179
2024-10-09 04:30:06,075 DEBUG server.RaftServer$Division (RaftServerImpl.java:logAppendEntries(1545)) - s0@group-BDFE845AF3B0: appendEntries* s9->s0#7875-t1,previous=(t:1, i:177),leaderCommit=177,initializing? false,entries: size=1, first=(t:1, i:178), METADATAENTRY(c:177)
2024-10-09 04:30:06,075 DEBUG server.RaftServer$Division (RaftServerImpl.java:logAppendEntries(1545)) - s12@group-BDFE845AF3B0: appendEntries* s9->s12#7874-t1,previous=(t:1, i:177),leaderCommit=177,initializing? false,entries: size=1, first=(t:1, i:178), METADATAENTRY(c:177)
2024-10-09 04:30:06,079 DEBUG server.RaftServer$Division (RaftServerImpl.java:logAppendEntries(1545)) - s3@group-BDFE845AF3B0: appendEntries* reply s9<-s3#7883:OK-t1,SUCCESS,nextIndex=180,followerCommit=177,matchIndex=179
2024-10-09 04:30:06,079 DEBUG server.RaftServer$Division (RaftServerImpl.java:logAppendEntries(1545)) - s0@group-BDFE845AF3B0: appendEntries* reply s9<-s0#7875:OK-t1,SUCCESS,nextIndex=179,followerCommit=177,matchIndex=178
2024-10-09 04:30:06,079 DEBUG server.RaftServer$Division (RaftServerImpl.java:logAppendEntries(1545)) - s4@group-BDFE845AF3B0: appendEntries* s9->s4#7886-t1,previous=(t:1, i:177),leaderCommit=178,initializing? false,entries: size=2, first=(t:1, i:178), METADATAENTRY(c:177)
2024-10-09 04:30:06,078 DEBUG server.RaftServer$Division (RaftServerImpl.java:logAppendEntries(1545)) - s5@group-BDFE845AF3B0: appendEntries* reply s9<-s5#7879:OK-t1,SUCCESS,nextIndex=180,followerCommit=177,matchIndex=179
2024-10-09 04:30:06,078 DEBUG server.RaftServer$Division (RaftServerImpl.java:logAppendEntries(1545)) - s7@group-BDFE845AF3B0: appendEntries* reply s9<-s7#7881:OK-t1,SUCCESS,nextIndex=180,followerCommit=177,matchIndex=179
2024-10-09 04:30:06,080 DEBUG server.RaftServer$Division (RaftServerImpl.java:logAppendEntries(1545)) - s0@group-BDFE845AF3B0: appendEntries* s9->s0#7887-t1,previous=(t:1, i:178),leaderCommit=178,initializing? false,entries: size=1, first=(t:1, i:179), STATEMACHINELOGENTRY, StateMachineLogEntryProto:7876@client-CAAA969A923D
2024-10-09 04:30:06,078 DEBUG server.RaftServer$Division (RaftServerImpl.java:logAppendEntries(1545)) - s8@group-BDFE845AF3B0: appendEntries* s9->s8#7878-t1,previous=(t:1, i:177),leaderCommit=177,initializing? false,entries: size=2, first=(t:1, i:178), METADATAENTRY(c:177)
2024-10-09 04:30:06,078 DEBUG server.RaftServer$Division (RaftServerImpl.java:logAppendEntries(1545)) - s11@group-BDFE845AF3B0: appendEntries* reply s9<-s11#7884:OK-t1,SUCCESS,nextIndex=180,followerCommit=177,matchIndex=179
2024-10-09 04:30:06,078 DEBUG server.RaftServer$Division (RaftServerImpl.java:logAppendEntries(1545)) - s1@group-BDFE845AF3B0: appendEntries* s9->s1#7885-t1,previous=(t:1, i:178),leaderCommit=177,initializing? false,entries: size=1, first=(t:1, i:179), STATEMACHINELOGENTRY, StateMachineLogEntryProto:7876@client-CAAA969A923D
2024-10-09 04:30:06,078 DEBUG server.RaftServer$Division (RaftServerImpl.java:logAppendEntries(1545)) - s14@group-BDFE845AF3B0: appendEntries* s9->s14#7882-t1,previous=(t:1, i:178),leaderCommit=177,initializing? false,entries: size=1, first=(t:1, i:179), STATEMACHINELOGENTRY, StateMachineLogEntryProto:7876@client-CAAA969A923D
2024-10-09 04:30:06,080 DEBUG server.RaftServer$Division (RaftServerImpl.java:logAppendEntries(1545)) - s0@group-BDFE845AF3B0: appendEntries* reply s9<-s0#7887:OK-t1,SUCCESS,nextIndex=180,followerCommit=178,matchIndex=179
2024-10-09 04:30:06,077 DEBUG server.RaftServer$Division (RaftServerImpl.java:logAppendEntries(1545)) - s13@group-BDFE845AF3B0: appendEntries* s9->s13#7877-t1,previous=(t:1, i:177),leaderCommit=177,initializing? false,entries: size=1, first=(t:1, i:178), METADATAENTRY(c:177)
2024-10-09 04:30:06,080 DEBUG server.RaftServer$Division (RaftServerImpl.java:logAppendEntries(1545)) - s1@group-BDFE845AF3B0: appendEntries* reply s9<-s1#7885:OK-t1,SUCCESS,nextIndex=180,followerCommit=177,matchIndex=179
2024-10-09 04:30:06,077 DEBUG server.RaftServer$Division (RaftServerImpl.java:logAppendEntries(1545)) - s6@group-BDFE845AF3B0: appendEntries* reply s9<-s6#7867:OK-t1,SUCCESS,nextIndex=179,followerCommit=177,matchIndex=178
2024-10-09 04:30:06,077 DEBUG server.RaftServer$Division (RaftServerImpl.java:logAppendEntries(1545)) - s2@group-BDFE845AF3B0: appendEntries* reply s9<-s2#7866:OK-t1,SUCCESS,nextIndex=179,followerCommit=177,matchIndex=178
2024-10-09 04:30:06,080 DEBUG server.RaftServer$Division (RaftServerImpl.java:logAppendEntries(1545)) - s4@group-BDFE845AF3B0: appendEntries* reply s9<-s4#7886:OK-t1,SUCCESS,nextIndex=180,followerCommit=178,matchIndex=179
2024-10-09 04:30:06,081 DEBUG server.RaftServer$Division (RaftServerImpl.java:logAppendEntries(1545)) - s8@group-BDFE845AF3B0: appendEntries* reply s9<-s8#7878:OK-t1,SUCCESS,nextIndex=180,followerCommit=177,matchIndex=179
2024-10-09 04:30:06,081 DEBUG server.RaftServer$Division (RaftServerImpl.java:logAppendEntries(1545)) - s14@group-BDFE845AF3B0: appendEntries* reply s9<-s14#7882:OK-t1,SUCCESS,nextIndex=180,followerCommit=177,matchIndex=179
2024-10-09 04:30:06,079 DEBUG server.RaftServer$Division (RaftServerImpl.java:logAppendEntries(1545)) - s12@group-BDFE845AF3B0: appendEntries* reply s9<-s12#7874:OK-t1,SUCCESS,nextIndex=179,followerCommit=177,matchIndex=178
2024-10-09 04:30:06,081 DEBUG server.RaftServer$Division (RaftServerImpl.java:logAppendEntries(1545)) - s13@group-BDFE845AF3B0: appendEntries* reply s9<-s13#7877:OK-t1,SUCCESS,nextIndex=179,followerCommit=177,matchIndex=178
2024-10-09 04:30:06,081 DEBUG server.RaftServer$Division (RaftServerImpl.java:logAppendEntries(1545)) - s6@group-BDFE845AF3B0: appendEntries* s9->s6#7888-t1,previous=(t:1, i:178),leaderCommit=178,initializing? false,entries: size=1, first=(t:1, i:179), STATEMACHINELOGENTRY, StateMachineLogEntryProto:7876@client-CAAA969A923D
2024-10-09 04:30:06,081 DEBUG server.RaftServer$Division (RaftServerImpl.java:logAppendEntries(1545)) - s2@group-BDFE845AF3B0: appendEntries* s9->s2#7889-t1,previous=(t:1, i:178),leaderCommit=178,initializing? false,entries: size=1, first=(t:1, i:179), STATEMACHINELOGENTRY, StateMachineLogEntryProto:7876@client-CAAA969A923D
2024-10-09 04:30:06,081 DEBUG server.RaftServer$Division (RaftServerImpl.java:logAppendEntries(1545)) - s12@group-BDFE845AF3B0: appendEntries* s9->s12#7890-t1,previous=(t:1, i:178),leaderCommit=178,initializing? false,entries: size=1, first=(t:1, i:179), STATEMACHINELOGENTRY, StateMachineLogEntryProto:7876@client-CAAA969A923D
2024-10-09 04:30:06,082 DEBUG server.RaftServer$Division (RaftServerImpl.java:logAppendEntries(1545)) - s6@group-BDFE845AF3B0: appendEntries* reply s9<-s6#7888:OK-t1,SUCCESS,nextIndex=180,followerCommit=178,matchIndex=179
2024-10-09 04:30:06,082 DEBUG server.RaftServer$Division (RaftServerImpl.java:logAppendEntries(1545)) - s2@group-BDFE845AF3B0: appendEntries* reply s9<-s2#7889:OK-t1,SUCCESS,nextIndex=180,followerCommit=178,matchIndex=179
2024-10-09 04:30:06,082 DEBUG server.RaftServer$Division (RaftServerImpl.java:logAppendEntries(1545)) - s13@group-BDFE845AF3B0: appendEntries* s9->s13#7891-t1,previous=(t:1, i:178),leaderCommit=178,initializing? false,entries: size=1, first=(t:1, i:179), STATEMACHINELOGENTRY, StateMachineLogEntryProto:7876@client-CAAA969A923D
2024-10-09 04:30:06,082 INFO  statemachine.StateMachine (ArithmeticStateMachine.java:applyTransaction(181)) - LEADER:s9-179: c = null = null
2024-10-09 04:30:06,082 DEBUG server.RaftServer$Division (RaftServerImpl.java:logAppendEntries(1545)) - s1@group-BDFE845AF3B0: appendEntries* s9->s1#7896-t1,previous=(t:1, i:179),leaderCommit=179,initializing? false,entries: size=1, first=(t:1, i:180), METADATAENTRY(c:179)
2024-10-09 04:30:06,082 DEBUG server.RaftServer$Division (RaftServerImpl.java:logAppendEntries(1545)) - s3@group-BDFE845AF3B0: appendEntries* s9->s3#7894-t1,previous=(t:1, i:179),leaderCommit=179,initializing? false,entries: size=1, first=(t:1, i:180), METADATAENTRY(c:179)
2024-10-09 04:30:06,082 DEBUG server.RaftServer$Division (RaftServerImpl.java:logAppendEntries(1545)) - s12@group-BDFE845AF3B0: appendEntries* reply s9<-s12#7890:OK-t1,SUCCESS,nextIndex=180,followerCommit=178,matchIndex=179
2024-10-09 04:30:06,082 DEBUG server.RaftServer$Division (RaftServerImpl.java:logAppendEntries(1545)) - s10@group-BDFE845AF3B0: appendEntries* s9->s10#7892-t1,previous=(t:1, i:179),leaderCommit=179,initializing? false,entries: size=1, first=(t:1, i:180), METADATAENTRY(c:179)
2024-10-09 04:30:06,082 DEBUG server.RaftServer$Division (RaftServerImpl.java:logAppendEntries(1545)) - s13@group-BDFE845AF3B0: appendEntries* reply s9<-s13#7891:OK-t1,SUCCESS,nextIndex=180,followerCommit=178,matchIndex=179
2024-10-09 04:30:06,082 DEBUG server.RaftServer$Division (RaftServerImpl.java:logAppendEntries(1545)) - s7@group-BDFE845AF3B0: appendEntries* s9->s7#7893-t1,previous=(t:1, i:179),leaderCommit=179,initializing? false,entries: size=1, first=(t:1, i:180), METADATAENTRY(c:179)
2024-10-09 04:30:06,083 DEBUG server.RaftServer$Division (RaftServerImpl.java:logAppendEntries(1545)) - s1@group-BDFE845AF3B0: appendEntries* reply s9<-s1#7896:OK-t1,SUCCESS,nextIndex=181,followerCommit=179,matchIndex=180
2024-10-09 04:30:06,083 DEBUG server.RaftServer$Division (RaftServerImpl.java:logAppendEntries(1545)) - s3@group-BDFE845AF3B0: appendEntries* reply s9<-s3#7894:OK-t1,SUCCESS,nextIndex=181,followerCommit=179,matchIndex=180
2024-10-09 04:30:06,083 DEBUG server.RaftServer$Division (RaftServerImpl.java:logAppendEntries(1545)) - s12@group-BDFE845AF3B0: appendEntries* s9->s12#7903-t1,previous=(t:1, i:179),leaderCommit=179,initializing? false,entries: size=1, first=(t:1, i:180), METADATAENTRY(c:179)
2024-10-09 04:30:06,083 DEBUG server.RaftServer$Division (RaftServerImpl.java:logAppendEntries(1545)) - s2@group-BDFE845AF3B0: appendEntries* s9->s2#7901-t1,previous=(t:1, i:179),leaderCommit=179,initializing? false,entries: size=1, first=(t:1, i:180), METADATAENTRY(c:179)
2024-10-09 04:30:06,083 DEBUG server.RaftServer$Division (RaftServerImpl.java:logAppendEntries(1545)) - s7@group-BDFE845AF3B0: appendEntries* reply s9<-s7#7893:OK-t1,SUCCESS,nextIndex=181,followerCommit=179,matchIndex=180
2024-10-09 04:30:06,083 DEBUG server.RaftServer$Division (RaftServerImpl.java:logAppendEntries(1545)) - s10@group-BDFE845AF3B0: appendEntries* reply s9<-s10#7892:OK-t1,SUCCESS,nextIndex=181,followerCommit=179,matchIndex=180
2024-10-09 04:30:06,083 DEBUG server.RaftServer$Division (RaftServerImpl.java:logAppendEntries(1545)) - s13@group-BDFE845AF3B0: appendEntries* s9->s13#7905-t1,previous=(t:1, i:179),leaderCommit=179,initializing? false,entries: size=1, first=(t:1, i:180), METADATAENTRY(c:179)
2024-10-09 04:30:06,083 DEBUG server.RaftServer$Division (RaftServerImpl.java:logAppendEntries(1545)) - s2@group-BDFE845AF3B0: appendEntries* reply s9<-s2#7901:OK-t1,SUCCESS,nextIndex=181,followerCommit=179,matchIndex=180
2024-10-09 04:30:06,084 DEBUG server.RaftServer$Division (RaftServerImpl.java:logAppendEntries(1545)) - s0@group-BDFE845AF3B0: appendEntries* s9->s0#7898-t1,previous=(t:1, i:179),leaderCommit=179,initializing? false,entries: size=1, first=(t:1, i:180), METADATAENTRY(c:179)
2024-10-09 04:30:06,083 DEBUG server.RaftServer$Division (RaftServerImpl.java:logAppendEntries(1545)) - s5@group-BDFE845AF3B0: appendEntries* s9->s5#7900-t1,previous=(t:1, i:179),leaderCommit=179,initializing? false,entries: size=1, first=(t:1, i:180), METADATAENTRY(c:179)
2024-10-09 04:30:06,083 DEBUG server.RaftServer$Division (RaftServerImpl.java:submitClientRequestAsync(916)) - s9@group-BDFE845AF3B0: receive client request(RaftClientRequest:client-CAAA969A923D->s9@group-BDFE845AF3B0, cid=7902, seq=null, RW, Message:01016102405bc0000000...(size=12))
2024-10-09 04:30:06,084 DEBUG server.RaftServer$Division (LeaderStateImpl.java:addPendingRequest(529)) - s9@group-BDFE845AF3B0-LeaderStateImpl: addPendingRequest at RaftClientRequest:client-CAAA969A923D->s9@group-BDFE845AF3B0, cid=7902, seq=null, RW, Message:01016102405bc0000000...(size=12), entry=(t:1, i:181), STATEMACHINELOGENTRY, WRITE: logData.size=12, stateMachineData.size=0, logEntryProtoSerializedSize=0
2024-10-09 04:30:06,084 DEBUG server.RaftServer$Division (RaftServerImpl.java:logAppendEntries(1545)) - s5@group-BDFE845AF3B0: appendEntries* reply s9<-s5#7900:OK-t1,SUCCESS,nextIndex=181,followerCommit=179,matchIndex=180
2024-10-09 04:30:06,085 DEBUG server.RaftServer$Division (RaftServerImpl.java:logAppendEntries(1545)) - s3@group-BDFE845AF3B0: appendEntries* s9->s3#7907-t1,previous=(t:1, i:180),leaderCommit=179,initializing? false,entries: size=1, first=(t:1, i:181), STATEMACHINELOGENTRY, StateMachineLogEntryProto:7902@client-CAAA969A923D
2024-10-09 04:30:06,085 DEBUG server.RaftServer$Division (RaftServerImpl.java:logAppendEntries(1545)) - s1@group-BDFE845AF3B0: appendEntries* s9->s1#7910-t1,previous=(t:1, i:180),leaderCommit=179,initializing? false,entries: size=1, first=(t:1, i:181), STATEMACHINELOGENTRY, StateMachineLogEntryProto:7902@client-CAAA969A923D
2024-10-09 04:30:06,083 DEBUG server.RaftServer$Division (RaftServerImpl.java:logAppendEntries(1545)) - s6@group-BDFE845AF3B0: appendEntries* s9->s6#7904-t1,previous=(t:1, i:179),leaderCommit=179,initializing? false,entries: size=1, first=(t:1, i:180), METADATAENTRY(c:179)
2024-10-09 04:30:06,083 DEBUG server.RaftServer$Division (RaftServerImpl.java:logAppendEntries(1545)) - s14@group-BDFE845AF3B0: appendEntries* s9->s14#7897-t1,previous=(t:1, i:179),leaderCommit=179,initializing? false,entries: size=1, first=(t:1, i:180), METADATAENTRY(c:179)
2024-10-09 04:30:06,085 DEBUG server.RaftServer$Division (RaftServerImpl.java:logAppendEntries(1545)) - s10@group-BDFE845AF3B0: appendEntries* s9->s10#7911-t1,previous=(t:1, i:180),leaderCommit=179,initializing? false,entries: size=1, first=(t:1, i:181), STATEMACHINELOGENTRY, StateMachineLogEntryProto:7902@client-CAAA969A923D
2024-10-09 04:30:06,085 DEBUG server.RaftServer$Division (RaftServerImpl.java:logAppendEntries(1545)) - s6@group-BDFE845AF3B0: appendEntries* reply s9<-s6#7904:OK-t1,SUCCESS,nextIndex=181,followerCommit=179,matchIndex=180
2024-10-09 04:30:06,085 DEBUG server.RaftServer$Division (RaftServerImpl.java:logAppendEntries(1545)) - s1@group-BDFE845AF3B0: appendEntries* reply s9<-s1#7910:OK-t1,SUCCESS,nextIndex=182,followerCommit=179,matchIndex=181
2024-10-09 04:30:06,085 DEBUG server.RaftServer$Division (RaftServerImpl.java:logAppendEntries(1545)) - s3@group-BDFE845AF3B0: appendEntries* reply s9<-s3#7907:OK-t1,SUCCESS,nextIndex=182,followerCommit=179,matchIndex=181
2024-10-09 04:30:06,086 DEBUG server.RaftServer$Division (RaftServerImpl.java:logAppendEntries(1545)) - s10@group-BDFE845AF3B0: appendEntries* reply s9<-s10#7911:OK-t1,SUCCESS,nextIndex=182,followerCommit=179,matchIndex=181
2024-10-09 04:30:06,085 DEBUG server.RaftServer$Division (RaftServerImpl.java:logAppendEntries(1545)) - s2@group-BDFE845AF3B0: appendEntries* s9->s2#7909-t1,previous=(t:1, i:180),leaderCommit=179,initializing? false,entries: size=1, first=(t:1, i:181), STATEMACHINELOGENTRY, StateMachineLogEntryProto:7902@client-CAAA969A923D
2024-10-09 04:30:06,085 DEBUG server.RaftServer$Division (RaftServerImpl.java:logAppendEntries(1545)) - s7@group-BDFE845AF3B0: appendEntries* s9->s7#7908-t1,previous=(t:1, i:180),leaderCommit=179,initializing? false,entries: size=1, first=(t:1, i:181), STATEMACHINELOGENTRY, StateMachineLogEntryProto:7902@client-CAAA969A923D
2024-10-09 04:30:06,084 DEBUG server.RaftServer$Division (RaftServerImpl.java:logAppendEntries(1545)) - s0@group-BDFE845AF3B0: appendEntries* reply s9<-s0#7898:OK-t1,SUCCESS,nextIndex=181,followerCommit=179,matchIndex=180
2024-10-09 04:30:06,084 DEBUG server.RaftServer$Division (RaftServerImpl.java:logAppendEntries(1545)) - s13@group-BDFE845AF3B0: appendEntries* reply s9<-s13#7905:OK-t1,SUCCESS,nextIndex=181,followerCommit=179,matchIndex=180
2024-10-09 04:30:06,086 DEBUG server.RaftServer$Division (RaftServerImpl.java:logAppendEntries(1545)) - s13@group-BDFE845AF3B0: appendEntries* s9->s13#7915-t1,previous=(t:1, i:180),leaderCommit=180,initializing? false,entries: size=1, first=(t:1, i:181), STATEMACHINELOGENTRY, StateMachineLogEntryProto:7902@client-CAAA969A923D
2024-10-09 04:30:06,087 DEBUG server.RaftServer$Division (RaftServerImpl.java:logAppendEntries(1545)) - s2@group-BDFE845AF3B0: appendEntries* reply s9<-s2#7909:OK-t1,SUCCESS,nextIndex=182,followerCommit=179,matchIndex=181
2024-10-09 04:30:06,084 DEBUG server.RaftServer$Division (RaftServerImpl.java:logAppendEntries(1545)) - s4@group-BDFE845AF3B0: appendEntries* s9->s4#7906-t1,previous=(t:1, i:179),leaderCommit=179,initializing? false,entries: size=1, first=(t:1, i:180), METADATAENTRY(c:179)
2024-10-09 04:30:06,084 DEBUG server.RaftServer$Division (RaftServerImpl.java:logAppendEntries(1545)) - s11@group-BDFE845AF3B0: appendEntries* s9->s11#7899-t1,previous=(t:1, i:179),leaderCommit=179,initializing? false,entries: size=1, first=(t:1, i:180), METADATAENTRY(c:179)
2024-10-09 04:30:06,084 DEBUG server.RaftServer$Division (RaftServerImpl.java:logAppendEntries(1545)) - s8@group-BDFE845AF3B0: appendEntries* s9->s8#7895-t1,previous=(t:1, i:179),leaderCommit=179,initializing? false,entries: size=1, first=(t:1, i:180), METADATAENTRY(c:179)
2024-10-09 04:30:06,083 DEBUG server.RaftServer$Division (RaftServerImpl.java:logAppendEntries(1545)) - s12@group-BDFE845AF3B0: appendEntries* reply s9<-s12#7903:OK-t1,SUCCESS,nextIndex=181,followerCommit=179,matchIndex=180
2024-10-09 04:30:06,087 DEBUG server.RaftServer$Division (RaftServerImpl.java:logAppendEntries(1545)) - s11@group-BDFE845AF3B0: appendEntries* reply s9<-s11#7899:OK-t1,SUCCESS,nextIndex=181,followerCommit=179,matchIndex=180
2024-10-09 04:30:06,088 DEBUG server.RaftServer$Division (RaftServerImpl.java:logAppendEntries(1545)) - s12@group-BDFE845AF3B0: appendEntries* s9->s12#7916-t1,previous=(t:1, i:180),leaderCommit=180,initializing? false,entries: size=1, first=(t:1, i:181), STATEMACHINELOGENTRY, StateMachineLogEntryProto:7902@client-CAAA969A923D
2024-10-09 04:30:06,088 DEBUG server.RaftServer$Division (RaftServerImpl.java:logAppendEntries(1545)) - s8@group-BDFE845AF3B0: appendEntries* reply s9<-s8#7895:OK-t1,SUCCESS,nextIndex=181,followerCommit=179,matchIndex=180
2024-10-09 04:30:06,087 DEBUG server.RaftServer$Division (RaftServerImpl.java:logAppendEntries(1545)) - s13@group-BDFE845AF3B0: appendEntries* reply s9<-s13#7915:OK-t1,SUCCESS,nextIndex=182,followerCommit=180,matchIndex=181
2024-10-09 04:30:06,087 DEBUG server.RaftServer$Division (RaftServerImpl.java:logAppendEntries(1545)) - s7@group-BDFE845AF3B0: appendEntries* reply s9<-s7#7908:OK-t1,SUCCESS,nextIndex=182,followerCommit=179,matchIndex=181
2024-10-09 04:30:06,086 DEBUG server.RaftServer$Division (RaftServerImpl.java:logAppendEntries(1545)) - s0@group-BDFE845AF3B0: appendEntries* s9->s0#7914-t1,previous=(t:1, i:180),leaderCommit=180,initializing? false,entries: size=1, first=(t:1, i:181), STATEMACHINELOGENTRY, StateMachineLogEntryProto:7902@client-CAAA969A923D
2024-10-09 04:30:06,086 DEBUG server.RaftServer$Division (RaftServerImpl.java:logAppendEntries(1545)) - s6@group-BDFE845AF3B0: appendEntries* s9->s6#7913-t1,previous=(t:1, i:180),leaderCommit=179,initializing? false,entries: size=1, first=(t:1, i:181), STATEMACHINELOGENTRY, StateMachineLogEntryProto:7902@client-CAAA969A923D
2024-10-09 04:30:06,086 DEBUG server.RaftServer$Division (RaftServerImpl.java:logAppendEntries(1545)) - s14@group-BDFE845AF3B0: appendEntries* reply s9<-s14#7897:OK-t1,SUCCESS,nextIndex=181,followerCommit=179,matchIndex=180
2024-10-09 04:30:06,085 DEBUG server.RaftServer$Division (RaftServerImpl.java:logAppendEntries(1545)) - s5@group-BDFE845AF3B0: appendEntries* s9->s5#7912-t1,previous=(t:1, i:180),leaderCommit=179,initializing? false,entries: size=1, first=(t:1, i:181), STATEMACHINELOGENTRY, StateMachineLogEntryProto:7902@client-CAAA969A923D
2024-10-09 04:30:06,088 DEBUG server.RaftServer$Division (RaftServerImpl.java:logAppendEntries(1545)) - s11@group-BDFE845AF3B0: appendEntries* s9->s11#7918-t1,previous=(t:1, i:180),leaderCommit=180,initializing? false,entries: size=1, first=(t:1, i:181), STATEMACHINELOGENTRY, StateMachineLogEntryProto:7902@client-CAAA969A923D
2024-10-09 04:30:06,089 DEBUG server.RaftServer$Division (RaftServerImpl.java:logAppendEntries(1545)) - s8@group-BDFE845AF3B0: appendEntries* s9->s8#7917-t1,previous=(t:1, i:180),leaderCommit=180,initializing? false,entries: size=1, first=(t:1, i:181), STATEMACHINELOGENTRY, StateMachineLogEntryProto:7902@client-CAAA969A923D
2024-10-09 04:30:06,088 DEBUG server.RaftServer$Division (RaftServerImpl.java:logAppendEntries(1545)) - s12@group-BDFE845AF3B0: appendEntries* reply s9<-s12#7916:OK-t1,SUCCESS,nextIndex=182,followerCommit=180,matchIndex=181
2024-10-09 04:30:06,089 DEBUG server.RaftServer$Division (RaftServerImpl.java:logAppendEntries(1545)) - s0@group-BDFE845AF3B0: appendEntries* reply s9<-s0#7914:OK-t1,SUCCESS,nextIndex=182,followerCommit=180,matchIndex=181
2024-10-09 04:30:06,089 DEBUG server.RaftServer$Division (RaftServerImpl.java:logAppendEntries(1545)) - s5@group-BDFE845AF3B0: appendEntries* reply s9<-s5#7912:OK-t1,SUCCESS,nextIndex=182,followerCommit=179,matchIndex=181
2024-10-09 04:30:06,089 DEBUG server.RaftServer$Division (RaftServerImpl.java:logAppendEntries(1545)) - s11@group-BDFE845AF3B0: appendEntries* reply s9<-s11#7918:OK-t1,SUCCESS,nextIndex=182,followerCommit=180,matchIndex=181
2024-10-09 04:30:06,089 DEBUG server.RaftServer$Division (RaftServerImpl.java:logAppendEntries(1545)) - s14@group-BDFE845AF3B0: appendEntries* s9->s14#7919-t1,previous=(t:1, i:180),leaderCommit=180,initializing? false,entries: size=1, first=(t:1, i:181), STATEMACHINELOGENTRY, StateMachineLogEntryProto:7902@client-CAAA969A923D
2024-10-09 04:30:06,089 DEBUG server.RaftServer$Division (RaftServerImpl.java:logAppendEntries(1545)) - s8@group-BDFE845AF3B0: appendEntries* reply s9<-s8#7917:OK-t1,SUCCESS,nextIndex=182,followerCommit=180,matchIndex=181
2024-10-09 04:30:06,089 INFO  statemachine.StateMachine (ArithmeticStateMachine.java:applyTransaction(181)) - LEADER:s9-181: a = 111 = 111
2024-10-09 04:30:06,089 DEBUG server.RaftServer$Division (RaftServerImpl.java:logAppendEntries(1545)) - s6@group-BDFE845AF3B0: appendEntries* reply s9<-s6#7913:OK-t1,SUCCESS,nextIndex=182,followerCommit=179,matchIndex=181
2024-10-09 04:30:06,089 DEBUG server.RaftServer$Division (RaftServerImpl.java:logAppendEntries(1545)) - s1@group-BDFE845AF3B0: appendEntries* s9->s1#7920-t1,previous=(t:1, i:181),leaderCommit=181,initializing? false,entries: size=1, first=(t:1, i:182), METADATAENTRY(c:181)
2024-10-09 04:30:06,090 DEBUG server.RaftServer$Division (RaftServerImpl.java:logAppendEntries(1545)) - s7@group-BDFE845AF3B0: appendEntries* s9->s7#7924-t1,previous=(t:1, i:181),leaderCommit=181,initializing? false,entries: size=1, first=(t:1, i:182), METADATAENTRY(c:181)
2024-10-09 04:30:06,090 DEBUG server.RaftServer$Division (RaftServerImpl.java:logAppendEntries(1545)) - s10@group-BDFE845AF3B0: appendEntries* s9->s10#7921-t1,previous=(t:1, i:181),leaderCommit=181,initializing? false,entries: size=1, first=(t:1, i:182), METADATAENTRY(c:181)
2024-10-09 04:30:06,090 DEBUG server.RaftServer$Division (RaftServerImpl.java:logAppendEntries(1545)) - s13@group-BDFE845AF3B0: appendEntries* s9->s13#7926-t1,previous=(t:1, i:181),leaderCommit=181,initializing? false,entries: size=1, first=(t:1, i:182), METADATAENTRY(c:181)
2024-10-09 04:30:06,090 DEBUG server.RaftServer$Division (RaftServerImpl.java:logAppendEntries(1545)) - s3@group-BDFE845AF3B0: appendEntries* s9->s3#7922-t1,previous=(t:1, i:181),leaderCommit=181,initializing? false,entries: size=1, first=(t:1, i:182), METADATAENTRY(c:181)
2024-10-09 04:30:06,090 DEBUG server.RaftServer$Division (RaftServerImpl.java:submitClientRequestAsync(916)) - s9@group-BDFE845AF3B0: receive client request(RaftClientRequest:client-CAAA969A923D->s9@group-BDFE845AF3B0, cid=7928, seq=null, RW, Message:0101620240b810000000...(size=12))
2024-10-09 04:30:06,090 DEBUG server.RaftServer$Division (LeaderStateImpl.java:addPendingRequest(529)) - s9@group-BDFE845AF3B0-LeaderStateImpl: addPendingRequest at RaftClientRequest:client-CAAA969A923D->s9@group-BDFE845AF3B0, cid=7928, seq=null, RW, Message:0101620240b810000000...(size=12), entry=(t:1, i:183), STATEMACHINELOGENTRY, WRITE: logData.size=12, stateMachineData.size=0, logEntryProtoSerializedSize=0
2024-10-09 04:30:06,090 DEBUG server.RaftServer$Division (RaftServerImpl.java:logAppendEntries(1545)) - s1@group-BDFE845AF3B0: appendEntries* reply s9<-s1#7920:OK-t1,SUCCESS,nextIndex=183,followerCommit=181,matchIndex=182
2024-10-09 04:30:06,091 DEBUG server.RaftServer$Division (RaftServerImpl.java:logAppendEntries(1545)) - s7@group-BDFE845AF3B0: appendEntries* reply s9<-s7#7924:OK-t1,SUCCESS,nextIndex=183,followerCommit=181,matchIndex=182
2024-10-09 04:30:06,091 DEBUG server.RaftServer$Division (RaftServerImpl.java:logAppendEntries(1545)) - s3@group-BDFE845AF3B0: appendEntries* reply s9<-s3#7922:OK-t1,SUCCESS,nextIndex=183,followerCommit=181,matchIndex=182
2024-10-09 04:30:06,090 DEBUG server.RaftServer$Division (RaftServerImpl.java:logAppendEntries(1545)) - s2@group-BDFE845AF3B0: appendEntries* s9->s2#7923-t1,previous=(t:1, i:181),leaderCommit=181,initializing? false,entries: size=1, first=(t:1, i:182), METADATAENTRY(c:181)
2024-10-09 04:30:06,091 DEBUG server.RaftServer$Division (RaftServerImpl.java:logAppendEntries(1545)) - s11@group-BDFE845AF3B0: appendEntries* s9->s11#7929-t1,previous=(t:1, i:181),leaderCommit=181,initializing? false,entries: size=2, first=(t:1, i:182), METADATAENTRY(c:181)
2024-10-09 04:30:06,091 DEBUG server.RaftServer$Division (RaftServerImpl.java:logAppendEntries(1545)) - s10@group-BDFE845AF3B0: appendEntries* reply s9<-s10#7921:OK-t1,SUCCESS,nextIndex=183,followerCommit=181,matchIndex=182
2024-10-09 04:30:06,091 DEBUG server.RaftServer$Division (RaftServerImpl.java:logAppendEntries(1545)) - s5@group-BDFE845AF3B0: appendEntries* s9->s5#7930-t1,previous=(t:1, i:181),leaderCommit=181,initializing? false,entries: size=2, first=(t:1, i:182), METADATAENTRY(c:181)
2024-10-09 04:30:06,091 DEBUG server.RaftServer$Division (RaftServerImpl.java:logAppendEntries(1545)) - s7@group-BDFE845AF3B0: appendEntries* s9->s7#7931-t1,previous=(t:1, i:182),leaderCommit=181,initializing? false,entries: size=1, first=(t:1, i:183), STATEMACHINELOGENTRY, StateMachineLogEntryProto:7928@client-CAAA969A923D
2024-10-09 04:30:06,091 DEBUG server.RaftServer$Division (RaftServerImpl.java:logAppendEntries(1545)) - s2@group-BDFE845AF3B0: appendEntries* reply s9<-s2#7923:OK-t1,SUCCESS,nextIndex=183,followerCommit=181,matchIndex=182
2024-10-09 04:30:06,092 DEBUG server.RaftServer$Division (RaftServerImpl.java:logAppendEntries(1545)) - s3@group-BDFE845AF3B0: appendEntries* s9->s3#7933-t1,previous=(t:1, i:182),leaderCommit=181,initializing? false,entries: size=1, first=(t:1, i:183), STATEMACHINELOGENTRY, StateMachineLogEntryProto:7928@client-CAAA969A923D
2024-10-09 04:30:06,092 DEBUG server.RaftServer$Division (RaftServerImpl.java:logAppendEntries(1545)) - s5@group-BDFE845AF3B0: appendEntries* reply s9<-s5#7930:OK-t1,SUCCESS,nextIndex=184,followerCommit=181,matchIndex=183
2024-10-09 04:30:06,092 DEBUG server.RaftServer$Division (RaftServerImpl.java:logAppendEntries(1545)) - s11@group-BDFE845AF3B0: appendEntries* reply s9<-s11#7929:OK-t1,SUCCESS,nextIndex=184,followerCommit=181,matchIndex=183
2024-10-09 04:30:06,092 DEBUG server.RaftServer$Division (RaftServerImpl.java:logAppendEntries(1545)) - s6@group-BDFE845AF3B0: appendEntries* s9->s6#7934-t1,previous=(t:1, i:181),leaderCommit=181,initializing? false,entries: size=2, first=(t:1, i:182), METADATAENTRY(c:181)
2024-10-09 04:30:06,090 DEBUG server.RaftServer$Division (RaftServerImpl.java:logAppendEntries(1545)) - s0@group-BDFE845AF3B0: appendEntries* s9->s0#7927-t1,previous=(t:1, i:181),leaderCommit=181,initializing? false,entries: size=1, first=(t:1, i:182), METADATAENTRY(c:181)
2024-10-09 04:30:06,090 DEBUG server.RaftServer$Division (RaftServerImpl.java:logAppendEntries(1545)) - s14@group-BDFE845AF3B0: appendEntries* reply s9<-s14#7919:OK-t1,SUCCESS,nextIndex=182,followerCommit=180,matchIndex=181
2024-10-09 04:30:06,092 DEBUG server.RaftServer$Division (RaftServerImpl.java:logAppendEntries(1545)) - s7@group-BDFE845AF3B0: appendEntries* reply s9<-s7#7931:OK-t1,SUCCESS,nextIndex=184,followerCommit=181,matchIndex=183
2024-10-09 04:30:06,092 DEBUG server.RaftServer$Division (RaftServerImpl.java:logAppendEntries(1545)) - s3@group-BDFE845AF3B0: appendEntries* reply s9<-s3#7933:OK-t1,SUCCESS,nextIndex=184,followerCommit=181,matchIndex=183
2024-10-09 04:30:06,090 DEBUG server.RaftServer$Division (RaftServerImpl.java:logAppendEntries(1545)) - s12@group-BDFE845AF3B0: appendEntries* s9->s12#7925-t1,previous=(t:1, i:181),leaderCommit=181,initializing? false,entries: size=1, first=(t:1, i:182), METADATAENTRY(c:181)
2024-10-09 04:30:06,092 DEBUG server.RaftServer$Division (RaftServerImpl.java:logAppendEntries(1545)) - s8@group-BDFE845AF3B0: appendEntries* s9->s8#7936-t1,previous=(t:1, i:181),leaderCommit=181,initializing? false,entries: size=2, first=(t:1, i:182), METADATAENTRY(c:181)
2024-10-09 04:30:06,093 DEBUG server.RaftServer$Division (RaftServerImpl.java:logAppendEntries(1545)) - s14@group-BDFE845AF3B0: appendEntries* s9->s14#7938-t1,previous=(t:1, i:181),leaderCommit=182,initializing? false,entries: size=2, first=(t:1, i:182), METADATAENTRY(c:181)
2024-10-09 04:30:06,092 DEBUG server.RaftServer$Division (RaftServerImpl.java:logAppendEntries(1545)) - s2@group-BDFE845AF3B0: appendEntries* s9->s2#7937-t1,previous=(t:1, i:182),leaderCommit=181,initializing? false,entries: size=1, first=(t:1, i:183), STATEMACHINELOGENTRY, StateMachineLogEntryProto:7928@client-CAAA969A923D
2024-10-09 04:30:06,092 DEBUG server.RaftServer$Division (RaftServerImpl.java:logAppendEntries(1545)) - s10@group-BDFE845AF3B0: appendEntries* s9->s10#7935-t1,previous=(t:1, i:182),leaderCommit=181,initializing? false,entries: size=1, first=(t:1, i:183), STATEMACHINELOGENTRY, StateMachineLogEntryProto:7928@client-CAAA969A923D
2024-10-09 04:30:06,093 DEBUG server.RaftServer$Division (RaftServerImpl.java:logAppendEntries(1545)) - s2@group-BDFE845AF3B0: appendEntries* reply s9<-s2#7937:OK-t1,SUCCESS,nextIndex=184,followerCommit=181,matchIndex=183
2024-10-09 04:30:06,091 DEBUG server.RaftServer$Division (RaftServerImpl.java:logAppendEntries(1545)) - s13@group-BDFE845AF3B0: appendEntries* reply s9<-s13#7926:OK-t1,SUCCESS,nextIndex=183,followerCommit=181,matchIndex=182
2024-10-09 04:30:06,091 DEBUG server.RaftServer$Division (RaftServerImpl.java:logAppendEntries(1545)) - s1@group-BDFE845AF3B0: appendEntries* s9->s1#7932-t1,previous=(t:1, i:182),leaderCommit=181,initializing? false,entries: size=1, first=(t:1, i:183), STATEMACHINELOGENTRY, StateMachineLogEntryProto:7928@client-CAAA969A923D
2024-10-09 04:30:06,093 DEBUG server.RaftServer$Division (RaftServerImpl.java:logAppendEntries(1545)) - s10@group-BDFE845AF3B0: appendEntries* reply s9<-s10#7935:OK-t1,SUCCESS,nextIndex=184,followerCommit=181,matchIndex=183
2024-10-09 04:30:06,093 DEBUG server.RaftServer$Division (RaftServerImpl.java:logAppendEntries(1545)) - s0@group-BDFE845AF3B0: appendEntries* reply s9<-s0#7927:OK-t1,SUCCESS,nextIndex=183,followerCommit=181,matchIndex=182
2024-10-09 04:30:06,093 DEBUG server.RaftServer$Division (RaftServerImpl.java:logAppendEntries(1545)) - s1@group-BDFE845AF3B0: appendEntries* reply s9<-s1#7932:OK-t1,SUCCESS,nextIndex=184,followerCommit=181,matchIndex=183
2024-10-09 04:30:06,093 DEBUG server.RaftServer$Division (RaftServerImpl.java:logAppendEntries(1545)) - s12@group-BDFE845AF3B0: appendEntries* reply s9<-s12#7925:OK-t1,SUCCESS,nextIndex=183,followerCommit=181,matchIndex=182
2024-10-09 04:30:06,093 DEBUG server.RaftServer$Division (RaftServerImpl.java:logAppendEntries(1545)) - s6@group-BDFE845AF3B0: appendEntries* reply s9<-s6#7934:OK-t1,SUCCESS,nextIndex=184,followerCommit=181,matchIndex=183
2024-10-09 04:30:06,094 INFO  statemachine.StateMachine (ArithmeticStateMachine.java:applyTransaction(181)) - LEADER:s9-183: b = 6160 = 6160
2024-10-09 04:30:06,093 DEBUG server.RaftServer$Division (RaftServerImpl.java:logAppendEntries(1545)) - s8@group-BDFE845AF3B0: appendEntries* reply s9<-s8#7936:OK-t1,SUCCESS,nextIndex=184,followerCommit=181,matchIndex=183
2024-10-09 04:30:06,093 DEBUG server.RaftServer$Division (RaftServerImpl.java:logAppendEntries(1545)) - s14@group-BDFE845AF3B0: appendEntries* reply s9<-s14#7938:OK-t1,SUCCESS,nextIndex=184,followerCommit=182,matchIndex=183
2024-10-09 04:30:06,094 DEBUG server.RaftServer$Division (RaftServerImpl.java:logAppendEntries(1545)) - s1@group-BDFE845AF3B0: appendEntries* s9->s1#7939-t1,previous=(t:1, i:183),leaderCommit=183,initializing? false,entries: size=1, first=(t:1, i:184), METADATAENTRY(c:183)
2024-10-09 04:30:06,094 DEBUG server.RaftServer$Division (RaftServerImpl.java:logAppendEntries(1545)) - s14@group-BDFE845AF3B0: appendEntries* s9->s14#7946-t1,previous=(t:1, i:183),leaderCommit=183,initializing? false,entries: size=1, first=(t:1, i:184), METADATAENTRY(c:183)
2024-10-09 04:30:06,095 DEBUG server.RaftServer$Division (RaftServerImpl.java:logAppendEntries(1545)) - s7@group-BDFE845AF3B0: appendEntries* s9->s7#7941-t1,previous=(t:1, i:183),leaderCommit=183,initializing? false,entries: size=1, first=(t:1, i:184), METADATAENTRY(c:183)
2024-10-09 04:30:06,095 DEBUG server.RaftServer$Division (RaftServerImpl.java:logAppendEntries(1545)) - s0@group-BDFE845AF3B0: appendEntries* s9->s0#7949-t1,previous=(t:1, i:182),leaderCommit=183,initializing? false,entries: size=2, first=(t:1, i:183), STATEMACHINELOGENTRY, StateMachineLogEntryProto:7928@client-CAAA969A923D
2024-10-09 04:30:06,095 DEBUG server.RaftServer$Division (RaftServerImpl.java:logAppendEntries(1545)) - s3@group-BDFE845AF3B0: appendEntries* s9->s3#7942-t1,previous=(t:1, i:183),leaderCommit=183,initializing? false,entries: size=1, first=(t:1, i:184), METADATAENTRY(c:183)
2024-10-09 04:30:06,095 DEBUG server.RaftServer$Division (RaftServerImpl.java:submitClientRequestAsync(916)) - s9@group-BDFE845AF3B0: receive client request(RaftClientRequest:client-CAAA969A923D->s9@group-BDFE845AF3B0, cid=7944, seq=null, RW, Message:01016304010300040201...(size=17))
2024-10-09 04:30:06,095 DEBUG server.RaftServer$Division (RaftServerImpl.java:logAppendEntries(1545)) - s12@group-BDFE845AF3B0: appendEntries* s9->s12#7947-t1,previous=(t:1, i:182),leaderCommit=183,initializing? false,entries: size=2, first=(t:1, i:183), STATEMACHINELOGENTRY, StateMachineLogEntryProto:7928@client-CAAA969A923D
2024-10-09 04:30:06,095 DEBUG server.RaftServer$Division (RaftServerImpl.java:logAppendEntries(1545)) - s7@group-BDFE845AF3B0: appendEntries* reply s9<-s7#7941:OK-t1,SUCCESS,nextIndex=185,followerCommit=183,matchIndex=184
2024-10-09 04:30:06,095 DEBUG server.RaftServer$Division (RaftServerImpl.java:logAppendEntries(1545)) - s2@group-BDFE845AF3B0: appendEntries* s9->s2#7945-t1,previous=(t:1, i:183),leaderCommit=183,initializing? false,entries: size=1, first=(t:1, i:184), METADATAENTRY(c:183)
2024-10-09 04:30:06,095 DEBUG server.RaftServer$Division (RaftServerImpl.java:logAppendEntries(1545)) - s3@group-BDFE845AF3B0: appendEntries* reply s9<-s3#7942:OK-t1,SUCCESS,nextIndex=185,followerCommit=183,matchIndex=184
2024-10-09 04:30:06,096 DEBUG server.RaftServer$Division (RaftServerImpl.java:logAppendEntries(1545)) - s12@group-BDFE845AF3B0: appendEntries* reply s9<-s12#7947:OK-t1,SUCCESS,nextIndex=185,followerCommit=183,matchIndex=184
2024-10-09 04:30:06,095 DEBUG server.RaftServer$Division (RaftServerImpl.java:logAppendEntries(1545)) - s0@group-BDFE845AF3B0: appendEntries* reply s9<-s0#7949:OK-t1,SUCCESS,nextIndex=185,followerCommit=183,matchIndex=184
2024-10-09 04:30:06,095 DEBUG server.RaftServer$Division (RaftServerImpl.java:logAppendEntries(1545)) - s13@group-BDFE845AF3B0: appendEntries* s9->s13#7940-t1,previous=(t:1, i:182),leaderCommit=183,initializing? false,entries: size=2, first=(t:1, i:183), STATEMACHINELOGENTRY, StateMachineLogEntryProto:7928@client-CAAA969A923D
2024-10-09 04:30:06,095 DEBUG server.RaftServer$Division (RaftServerImpl.java:logAppendEntries(1545)) - s14@group-BDFE845AF3B0: appendEntries* reply s9<-s14#7946:OK-t1,SUCCESS,nextIndex=185,followerCommit=183,matchIndex=184
2024-10-09 04:30:06,095 DEBUG server.RaftServer$Division (LeaderStateImpl.java:addPendingRequest(529)) - s9@group-BDFE845AF3B0-LeaderStateImpl: addPendingRequest at RaftClientRequest:client-CAAA969A923D->s9@group-BDFE845AF3B0, cid=7944, seq=null, RW, Message:01016304010300040201...(size=17), entry=(t:1, i:185), STATEMACHINELOGENTRY, WRITE: logData.size=17, stateMachineData.size=0, logEntryProtoSerializedSize=0
2024-10-09 04:30:06,095 DEBUG server.RaftServer$Division (RaftServerImpl.java:logAppendEntries(1545)) - s1@group-BDFE845AF3B0: appendEntries* reply s9<-s1#7939:OK-t1,SUCCESS,nextIndex=185,followerCommit=183,matchIndex=184
2024-10-09 04:30:06,095 DEBUG server.RaftServer$Division (RaftServerImpl.java:logAppendEntries(1545)) - s10@group-BDFE845AF3B0: appendEntries* s9->s10#7950-t1,previous=(t:1, i:183),leaderCommit=183,initializing? false,entries: size=1, first=(t:1, i:184), METADATAENTRY(c:183)
2024-10-09 04:30:06,096 DEBUG server.RaftServer$Division (RaftServerImpl.java:logAppendEntries(1545)) - s0@group-BDFE845AF3B0: appendEntries* s9->s0#7954-t1,previous=(t:1, i:184),leaderCommit=183,initializing? false,entries: size=1, first=(t:1, i:185), STATEMACHINELOGENTRY, StateMachineLogEntryProto:7944@client-CAAA969A923D
2024-10-09 04:30:06,097 DEBUG server.RaftServer$Division (RaftServerImpl.java:logAppendEntries(1545)) - s3@group-BDFE845AF3B0: appendEntries* s9->s3#7953-t1,previous=(t:1, i:184),leaderCommit=183,initializing? false,entries: size=1, first=(t:1, i:185), STATEMACHINELOGENTRY, StateMachineLogEntryProto:7944@client-CAAA969A923D
2024-10-09 04:30:06,096 DEBUG server.RaftServer$Division (RaftServerImpl.java:logAppendEntries(1545)) - s7@group-BDFE845AF3B0: appendEntries* s9->s7#7951-t1,previous=(t:1, i:184),leaderCommit=183,initializing? false,entries: size=1, first=(t:1, i:185), STATEMACHINELOGENTRY, StateMachineLogEntryProto:7944@client-CAAA969A923D
2024-10-09 04:30:06,097 DEBUG server.RaftServer$Division (RaftServerImpl.java:logAppendEntries(1545)) - s3@group-BDFE845AF3B0: appendEntries* reply s9<-s3#7953:OK-t1,SUCCESS,nextIndex=186,followerCommit=183,matchIndex=185
2024-10-09 04:30:06,097 DEBUG server.RaftServer$Division (RaftServerImpl.java:logAppendEntries(1545)) - s12@group-BDFE845AF3B0: appendEntries* s9->s12#7957-t1,previous=(t:1, i:184),leaderCommit=183,initializing? false,entries: size=1, first=(t:1, i:185), STATEMACHINELOGENTRY, StateMachineLogEntryProto:7944@client-CAAA969A923D
2024-10-09 04:30:06,097 DEBUG server.RaftServer$Division (RaftServerImpl.java:logAppendEntries(1545)) - s7@group-BDFE845AF3B0: appendEntries* reply s9<-s7#7951:OK-t1,SUCCESS,nextIndex=186,followerCommit=183,matchIndex=185
2024-10-09 04:30:06,096 DEBUG server.RaftServer$Division (RaftServerImpl.java:logAppendEntries(1545)) - s11@group-BDFE845AF3B0: appendEntries* s9->s11#7948-t1,previous=(t:1, i:183),leaderCommit=183,initializing? false,entries: size=1, first=(t:1, i:184), METADATAENTRY(c:183)
2024-10-09 04:30:06,096 DEBUG server.RaftServer$Division (RaftServerImpl.java:logAppendEntries(1545)) - s13@group-BDFE845AF3B0: appendEntries* reply s9<-s13#7940:OK-t1,SUCCESS,nextIndex=185,followerCommit=183,matchIndex=184
2024-10-09 04:30:06,096 DEBUG server.RaftServer$Division (RaftServerImpl.java:logAppendEntries(1545)) - s2@group-BDFE845AF3B0: appendEntries* reply s9<-s2#7945:OK-t1,SUCCESS,nextIndex=185,followerCommit=183,matchIndex=184
2024-10-09 04:30:06,098 DEBUG server.RaftServer$Division (RaftServerImpl.java:logAppendEntries(1545)) - s2@group-BDFE845AF3B0: appendEntries* s9->s2#7958-t1,previous=(t:1, i:184),leaderCommit=184,initializing? false,entries: size=1, first=(t:1, i:185), STATEMACHINELOGENTRY, StateMachineLogEntryProto:7944@client-CAAA969A923D
2024-10-09 04:30:06,096 DEBUG server.RaftServer$Division (RaftServerImpl.java:logAppendEntries(1545)) - s5@group-BDFE845AF3B0: appendEntries* s9->s5#7943-t1,previous=(t:1, i:183),leaderCommit=183,initializing? false,entries: size=1, first=(t:1, i:184), METADATAENTRY(c:183)
2024-10-09 04:30:06,098 DEBUG server.RaftServer$Division (RaftServerImpl.java:logAppendEntries(1545)) - s2@group-BDFE845AF3B0: appendEntries* reply s9<-s2#7958:OK-t1,SUCCESS,nextIndex=186,followerCommit=184,matchIndex=185
2024-10-09 04:30:06,098 DEBUG server.RaftServer$Division (RaftServerImpl.java:logAppendEntries(1545)) - s13@group-BDFE845AF3B0: appendEntries* s9->s13#7959-t1,previous=(t:1, i:184),leaderCommit=184,initializing? false,entries: size=1, first=(t:1, i:185), STATEMACHINELOGENTRY, StateMachineLogEntryProto:7944@client-CAAA969A923D
2024-10-09 04:30:06,098 DEBUG server.RaftServer$Division (RaftServerImpl.java:logAppendEntries(1545)) - s11@group-BDFE845AF3B0: appendEntries* reply s9<-s11#7948:OK-t1,SUCCESS,nextIndex=185,followerCommit=183,matchIndex=184
2024-10-09 04:30:06,098 DEBUG server.RaftServer$Division (RaftServerImpl.java:logAppendEntries(1545)) - s12@group-BDFE845AF3B0: appendEntries* reply s9<-s12#7957:OK-t1,SUCCESS,nextIndex=186,followerCommit=183,matchIndex=185
2024-10-09 04:30:06,097 DEBUG server.RaftServer$Division (RaftServerImpl.java:logAppendEntries(1545)) - s0@group-BDFE845AF3B0: appendEntries* reply s9<-s0#7954:OK-t1,SUCCESS,nextIndex=186,followerCommit=183,matchIndex=185
2024-10-09 04:30:06,097 DEBUG server.RaftServer$Division (RaftServerImpl.java:logAppendEntries(1545)) - s10@group-BDFE845AF3B0: appendEntries* reply s9<-s10#7950:OK-t1,SUCCESS,nextIndex=185,followerCommit=183,matchIndex=184
2024-10-09 04:30:06,097 DEBUG server.RaftServer$Division (RaftServerImpl.java:logAppendEntries(1545)) - s1@group-BDFE845AF3B0: appendEntries* s9->s1#7956-t1,previous=(t:1, i:184),leaderCommit=183,initializing? false,entries: size=1, first=(t:1, i:185), STATEMACHINELOGENTRY, StateMachineLogEntryProto:7944@client-CAAA969A923D
2024-10-09 04:30:06,097 DEBUG server.RaftServer$Division (RaftServerImpl.java:logAppendEntries(1545)) - s8@group-BDFE845AF3B0: appendEntries* s9->s8#7952-t1,previous=(t:1, i:183),leaderCommit=183,initializing? false,entries: size=2, first=(t:1, i:184), METADATAENTRY(c:183)
2024-10-09 04:30:06,099 DEBUG server.RaftServer$Division (RaftServerImpl.java:logAppendEntries(1545)) - s11@group-BDFE845AF3B0: appendEntries* s9->s11#7961-t1,previous=(t:1, i:184),leaderCommit=184,initializing? false,entries: size=1, first=(t:1, i:185), STATEMACHINELOGENTRY, StateMachineLogEntryProto:7944@client-CAAA969A923D
2024-10-09 04:30:06,096 DEBUG server.RaftServer$Division (RaftServerImpl.java:logAppendEntries(1545)) - s14@group-BDFE845AF3B0: appendEntries* s9->s14#7955-t1,previous=(t:1, i:184),leaderCommit=183,initializing? false,entries: size=1, first=(t:1, i:185), STATEMACHINELOGENTRY, StateMachineLogEntryProto:7944@client-CAAA969A923D
2024-10-09 04:30:06,099 DEBUG server.RaftServer$Division (RaftServerImpl.java:logAppendEntries(1545)) - s1@group-BDFE845AF3B0: appendEntries* reply s9<-s1#7956:OK-t1,SUCCESS,nextIndex=186,followerCommit=183,matchIndex=185
2024-10-09 04:30:06,099 DEBUG server.RaftServer$Division (RaftServerImpl.java:logAppendEntries(1545)) - s10@group-BDFE845AF3B0: appendEntries* s9->s10#7962-t1,previous=(t:1, i:184),leaderCommit=184,initializing? false,entries: size=1, first=(t:1, i:185), STATEMACHINELOGENTRY, StateMachineLogEntryProto:7944@client-CAAA969A923D
2024-10-09 04:30:06,100 DEBUG server.RaftServer$Division (RaftServerImpl.java:logAppendEntries(1545)) - s8@group-BDFE845AF3B0: appendEntries* reply s9<-s8#7952:OK-t1,SUCCESS,nextIndex=186,followerCommit=183,matchIndex=185
2024-10-09 04:30:06,099 DEBUG server.RaftServer$Division (RaftServerImpl.java:logAppendEntries(1545)) - s13@group-BDFE845AF3B0: appendEntries* reply s9<-s13#7959:OK-t1,SUCCESS,nextIndex=186,followerCommit=184,matchIndex=185
2024-10-09 04:30:06,099 DEBUG server.RaftServer$Division (RaftServerImpl.java:logAppendEntries(1545)) - s5@group-BDFE845AF3B0: appendEntries* reply s9<-s5#7943:OK-t1,SUCCESS,nextIndex=185,followerCommit=183,matchIndex=184
2024-10-09 04:30:06,100 DEBUG server.RaftServer$Division (RaftServerImpl.java:logAppendEntries(1545)) - s11@group-BDFE845AF3B0: appendEntries* reply s9<-s11#7961:OK-t1,SUCCESS,nextIndex=186,followerCommit=184,matchIndex=185
2024-10-09 04:30:06,100 INFO  statemachine.StateMachine (ArithmeticStateMachine.java:applyTransaction(181)) - LEADER:s9-185: c = √(a^2 + b^2) = 6161
2024-10-09 04:30:06,100 DEBUG server.RaftServer$Division (RaftServerImpl.java:logAppendEntries(1545)) - s14@group-BDFE845AF3B0: appendEntries* reply s9<-s14#7955:OK-t1,SUCCESS,nextIndex=186,followerCommit=183,matchIndex=185
2024-10-09 04:30:06,101 DEBUG server.RaftServer$Division (RaftServerImpl.java:logAppendEntries(1545)) - s1@group-BDFE845AF3B0: appendEntries* s9->s1#7963-t1,previous=(t:1, i:185),leaderCommit=185,initializing? false,entries: size=1, first=(t:1, i:186), METADATAENTRY(c:185)
2024-10-09 04:30:06,101 DEBUG server.RaftServer$Division (RaftServerImpl.java:logAppendEntries(1545)) - s14@group-BDFE845AF3B0: appendEntries* s9->s14#7968-t1,previous=(t:1, i:185),leaderCommit=185,initializing? false,entries: size=1, first=(t:1, i:186), METADATAENTRY(c:185)
2024-10-09 04:30:06,101 DEBUG server.RaftServer$Division (RaftServerImpl.java:logAppendEntries(1545)) - s13@group-BDFE845AF3B0: appendEntries* s9->s13#7969-t1,previous=(t:1, i:185),leaderCommit=185,initializing? false,entries: size=1, first=(t:1, i:186), METADATAENTRY(c:185)
2024-10-09 04:30:06,101 DEBUG server.RaftServer$Division (RaftServerImpl.java:submitClientRequestAsync(916)) - s9@group-BDFE845AF3B0: receive client request(RaftClientRequest:client-CAAA969A923D->s9@group-BDFE845AF3B0, cid=7970, seq=null, RW, Message:01016100)
2024-10-09 04:30:06,101 DEBUG server.RaftServer$Division (RaftServerImpl.java:logAppendEntries(1545)) - s13@group-BDFE845AF3B0: appendEntries* reply s9<-s13#7969:OK-t1,SUCCESS,nextIndex=187,followerCommit=185,matchIndex=186
2024-10-09 04:30:06,101 DEBUG server.RaftServer$Division (RaftServerImpl.java:logAppendEntries(1545)) - s1@group-BDFE845AF3B0: appendEntries* reply s9<-s1#7963:OK-t1,SUCCESS,nextIndex=187,followerCommit=185,matchIndex=186
2024-10-09 04:30:06,102 DEBUG server.RaftServer$Division (RaftServerImpl.java:logAppendEntries(1545)) - s5@group-BDFE845AF3B0: appendEntries* s9->s5#7967-t1,previous=(t:1, i:184),leaderCommit=185,initializing? false,entries: size=2, first=(t:1, i:185), STATEMACHINELOGENTRY, StateMachineLogEntryProto:7944@client-CAAA969A923D
2024-10-09 04:30:06,102 DEBUG server.RaftServer$Division (RaftServerImpl.java:logAppendEntries(1545)) - s11@group-BDFE845AF3B0: appendEntries* s9->s11#7971-t1,previous=(t:1, i:185),leaderCommit=185,initializing? false,entries: size=2, first=(t:1, i:186), METADATAENTRY(c:185)
2024-10-09 04:30:06,102 DEBUG server.RaftServer$Division (RaftServerImpl.java:logAppendEntries(1545)) - s0@group-BDFE845AF3B0: appendEntries* s9->s0#7975-t1,previous=(t:1, i:185),leaderCommit=185,initializing? false,entries: size=2, first=(t:1, i:186), METADATAENTRY(c:185)
2024-10-09 04:30:06,102 DEBUG server.RaftServer$Division (RaftServerImpl.java:logAppendEntries(1545)) - s2@group-BDFE845AF3B0: appendEntries* s9->s2#7973-t1,previous=(t:1, i:185),leaderCommit=185,initializing? false,entries: size=2, first=(t:1, i:186), METADATAENTRY(c:185)
2024-10-09 04:30:06,102 DEBUG server.RaftServer$Division (RaftServerImpl.java:logAppendEntries(1545)) - s5@group-BDFE845AF3B0: appendEntries* reply s9<-s5#7967:OK-t1,SUCCESS,nextIndex=187,followerCommit=185,matchIndex=186
2024-10-09 04:30:06,103 DEBUG server.RaftServer$Division (RaftServerImpl.java:logAppendEntries(1545)) - s0@group-BDFE845AF3B0: appendEntries* reply s9<-s0#7975:OK-t1,SUCCESS,nextIndex=188,followerCommit=185,matchIndex=187
2024-10-09 04:30:06,103 DEBUG server.RaftServer$Division (RaftServerImpl.java:logAppendEntries(1545)) - s1@group-BDFE845AF3B0: appendEntries* s9->s1#7976-t1,previous=(t:1, i:186),leaderCommit=185,initializing? false,entries: size=1, first=(t:1, i:187), STATEMACHINELOGENTRY, StateMachineLogEntryProto:7970@client-CAAA969A923D
2024-10-09 04:30:06,100 DEBUG server.RaftServer$Division (RaftServerImpl.java:logAppendEntries(1545)) - s6@group-BDFE845AF3B0: appendEntries* s9->s6#7960-t1,previous=(t:1, i:183),leaderCommit=184,initializing? false,entries: size=2, first=(t:1, i:184), METADATAENTRY(c:183)
2024-10-09 04:30:06,103 DEBUG server.RaftServer$Division (RaftServerImpl.java:logAppendEntries(1545)) - s2@group-BDFE845AF3B0: appendEntries* reply s9<-s2#7973:OK-t1,SUCCESS,nextIndex=188,followerCommit=185,matchIndex=187
2024-10-09 04:30:06,102 DEBUG server.RaftServer$Division (RaftServerImpl.java:logAppendEntries(1545)) - s11@group-BDFE845AF3B0: appendEntries* reply s9<-s11#7971:OK-t1,SUCCESS,nextIndex=188,followerCommit=185,matchIndex=187
2024-10-09 04:30:06,102 DEBUG server.RaftServer$Division (RaftServerImpl.java:logAppendEntries(1545)) - s13@group-BDFE845AF3B0: appendEntries* s9->s13#7972-t1,previous=(t:1, i:186),leaderCommit=185,initializing? false,entries: size=1, first=(t:1, i:187), STATEMACHINELOGENTRY, StateMachineLogEntryProto:7970@client-CAAA969A923D
2024-10-09 04:30:06,103 DEBUG server.RaftServer$Division (RaftServerImpl.java:logAppendEntries(1545)) - s8@group-BDFE845AF3B0: appendEntries* s9->s8#7964-t1,previous=(t:1, i:185),leaderCommit=185,initializing? false,entries: size=1, first=(t:1, i:186), METADATAENTRY(c:185)
2024-10-09 04:30:06,102 DEBUG server.RaftServer$Division (RaftServerImpl.java:logAppendEntries(1545)) - s12@group-BDFE845AF3B0: appendEntries* s9->s12#7974-t1,previous=(t:1, i:185),leaderCommit=185,initializing? false,entries: size=2, first=(t:1, i:186), METADATAENTRY(c:185)
2024-10-09 04:30:06,101 DEBUG server.RaftServer$Division (LeaderStateImpl.java:addPendingRequest(529)) - s9@group-BDFE845AF3B0-LeaderStateImpl: addPendingRequest at RaftClientRequest:client-CAAA969A923D->s9@group-BDFE845AF3B0, cid=7970, seq=null, RW, Message:01016100, entry=(t:1, i:187), STATEMACHINELOGENTRY, WRITE: logData.size=4, stateMachineData.size=0, logEntryProtoSerializedSize=0
2024-10-09 04:30:06,101 DEBUG server.RaftServer$Division (RaftServerImpl.java:logAppendEntries(1545)) - s7@group-BDFE845AF3B0: appendEntries* s9->s7#7966-t1,previous=(t:1, i:185),leaderCommit=185,initializing? false,entries: size=1, first=(t:1, i:186), METADATAENTRY(c:185)
2024-10-09 04:30:06,104 DEBUG server.RaftServer$Division (RaftServerImpl.java:logAppendEntries(1545)) - s12@group-BDFE845AF3B0: appendEntries* reply s9<-s12#7974:OK-t1,SUCCESS,nextIndex=188,followerCommit=185,matchIndex=187
2024-10-09 04:30:06,101 DEBUG server.RaftServer$Division (RaftServerImpl.java:logAppendEntries(1545)) - s14@group-BDFE845AF3B0: appendEntries* reply s9<-s14#7968:OK-t1,SUCCESS,nextIndex=187,followerCommit=185,matchIndex=186
2024-10-09 04:30:06,101 DEBUG server.RaftServer$Division (RaftServerImpl.java:logAppendEntries(1545)) - s3@group-BDFE845AF3B0: appendEntries* s9->s3#7965-t1,previous=(t:1, i:185),leaderCommit=185,initializing? false,entries: size=1, first=(t:1, i:186), METADATAENTRY(c:185)
2024-10-09 04:30:06,101 DEBUG server.RaftServer$Division (RaftServerImpl.java:logAppendEntries(1545)) - s10@group-BDFE845AF3B0: appendEntries* reply s9<-s10#7962:OK-t1,SUCCESS,nextIndex=186,followerCommit=184,matchIndex=185
2024-10-09 04:30:06,100 DEBUG server.RaftServer$Division (RaftServerImpl.java:logAppendEntries(1545)) - s4@group-BDFE845AF3B0: appendEntries* reply s9<-s4#7906:OK-t1,SUCCESS,nextIndex=181,followerCommit=179,matchIndex=180
2024-10-09 04:30:06,104 DEBUG server.RaftServer$Division (RaftServerImpl.java:logAppendEntries(1545)) - s7@group-BDFE845AF3B0: appendEntries* reply s9<-s7#7966:OK-t1,SUCCESS,nextIndex=187,followerCommit=185,matchIndex=186
2024-10-09 04:30:06,104 DEBUG server.RaftServer$Division (RaftServerImpl.java:logAppendEntries(1545)) - s8@group-BDFE845AF3B0: appendEntries* reply s9<-s8#7964:OK-t1,SUCCESS,nextIndex=187,followerCommit=185,matchIndex=186
2024-10-09 04:30:06,104 DEBUG server.RaftServer$Division (RaftServerImpl.java:logAppendEntries(1545)) - s13@group-BDFE845AF3B0: appendEntries* reply s9<-s13#7972:OK-t1,SUCCESS,nextIndex=188,followerCommit=185,matchIndex=187
2024-10-09 04:30:06,103 DEBUG server.RaftServer$Division (RaftServerImpl.java:logAppendEntries(1545)) - s6@group-BDFE845AF3B0: appendEntries* reply s9<-s6#7960:OK-t1,SUCCESS,nextIndex=186,followerCommit=184,matchIndex=185
2024-10-09 04:30:06,103 DEBUG server.RaftServer$Division (RaftServerImpl.java:logAppendEntries(1545)) - s1@group-BDFE845AF3B0: appendEntries* reply s9<-s1#7976:OK-t1,SUCCESS,nextIndex=188,followerCommit=185,matchIndex=187
2024-10-09 04:30:06,103 DEBUG server.RaftServer$Division (RaftServerImpl.java:logAppendEntries(1545)) - s5@group-BDFE845AF3B0: appendEntries* s9->s5#7977-t1,previous=(t:1, i:186),leaderCommit=185,initializing? false,entries: size=1, first=(t:1, i:187), STATEMACHINELOGENTRY, StateMachineLogEntryProto:7970@client-CAAA969A923D
2024-10-09 04:30:06,105 DEBUG server.RaftServer$Division (RaftServerImpl.java:logAppendEntries(1545)) - s4@group-BDFE845AF3B0: appendEntries* s9->s4#7978-t1,previous=(t:1, i:180),leaderCommit=185,initializing? false,entries: size=7, first=(t:1, i:181), STATEMACHINELOGENTRY, StateMachineLogEntryProto:7902@client-CAAA969A923D
2024-10-09 04:30:06,105 DEBUG server.RaftServer$Division (RaftServerImpl.java:logAppendEntries(1545)) - s10@group-BDFE845AF3B0: appendEntries* s9->s10#7980-t1,previous=(t:1, i:185),leaderCommit=186,initializing? false,entries: size=2, first=(t:1, i:186), METADATAENTRY(c:185)
2024-10-09 04:30:06,105 DEBUG server.RaftServer$Division (RaftServerImpl.java:logAppendEntries(1545)) - s7@group-BDFE845AF3B0: appendEntries* s9->s7#7981-t1,previous=(t:1, i:186),leaderCommit=186,initializing? false,entries: size=1, first=(t:1, i:187), STATEMACHINELOGENTRY, StateMachineLogEntryProto:7970@client-CAAA969A923D
2024-10-09 04:30:06,105 DEBUG server.RaftServer$Division (RaftServerImpl.java:logAppendEntries(1545)) - s4@group-BDFE845AF3B0: appendEntries* reply s9<-s4#7978:OK-t1,SUCCESS,nextIndex=188,followerCommit=185,matchIndex=187
2024-10-09 04:30:06,106 DEBUG server.RaftServer$Division (RaftServerImpl.java:logAppendEntries(1545)) - s5@group-BDFE845AF3B0: appendEntries* reply s9<-s5#7977:OK-t1,SUCCESS,nextIndex=188,followerCommit=185,matchIndex=187
2024-10-09 04:30:06,105 DEBUG server.RaftServer$Division (RaftServerImpl.java:logAppendEntries(1545)) - s14@group-BDFE845AF3B0: appendEntries* s9->s14#7979-t1,previous=(t:1, i:186),leaderCommit=185,initializing? false,entries: size=1, first=(t:1, i:187), STATEMACHINELOGENTRY, StateMachineLogEntryProto:7970@client-CAAA969A923D
2024-10-09 04:30:06,104 DEBUG server.RaftServer$Division (RaftServerImpl.java:logAppendEntries(1545)) - s3@group-BDFE845AF3B0: appendEntries* reply s9<-s3#7965:OK-t1,SUCCESS,nextIndex=187,followerCommit=185,matchIndex=186
2024-10-09 04:30:06,106 INFO  statemachine.StateMachine (ArithmeticStateMachine.java:applyTransaction(181)) - LEADER:s9-187: a = null = null
2024-10-09 04:30:06,106 DEBUG server.RaftServer$Division (RaftServerImpl.java:logAppendEntries(1545)) - s7@group-BDFE845AF3B0: appendEntries* reply s9<-s7#7981:OK-t1,SUCCESS,nextIndex=188,followerCommit=186,matchIndex=187
2024-10-09 04:30:06,106 DEBUG server.RaftServer$Division (RaftServerImpl.java:logAppendEntries(1545)) - s10@group-BDFE845AF3B0: appendEntries* reply s9<-s10#7980:OK-t1,SUCCESS,nextIndex=188,followerCommit=186,matchIndex=187
2024-10-09 04:30:06,106 DEBUG server.RaftServer$Division (RaftServerImpl.java:logAppendEntries(1545)) - s5@group-BDFE845AF3B0: appendEntries* s9->s5#7984-t1,previous=(t:1, i:187),leaderCommit=187,initializing? false,entries: size=1, first=(t:1, i:188), METADATAENTRY(c:187)
2024-10-09 04:30:06,106 DEBUG server.RaftServer$Division (RaftServerImpl.java:logAppendEntries(1545)) - s10@group-BDFE845AF3B0: appendEntries* s9->s10#7986-t1,previous=(t:1, i:187),leaderCommit=187,initializing? false,entries: size=1, first=(t:1, i:188), METADATAENTRY(c:187)
2024-10-09 04:30:06,107 DEBUG server.RaftServer$Division (RaftServerImpl.java:logAppendEntries(1545)) - s5@group-BDFE845AF3B0: appendEntries* reply s9<-s5#7984:OK-t1,SUCCESS,nextIndex=189,followerCommit=187,matchIndex=188
2024-10-09 04:30:06,107 DEBUG server.RaftServer$Division (RaftServerImpl.java:logAppendEntries(1545)) - s11@group-BDFE845AF3B0: appendEntries* s9->s11#7988-t1,previous=(t:1, i:187),leaderCommit=187,initializing? false,entries: size=1, first=(t:1, i:188), METADATAENTRY(c:187)
2024-10-09 04:30:06,107 DEBUG server.RaftServer$Division (RaftServerImpl.java:logAppendEntries(1545)) - s2@group-BDFE845AF3B0: appendEntries* s9->s2#7990-t1,previous=(t:1, i:187),leaderCommit=187,initializing? false,entries: size=1, first=(t:1, i:188), METADATAENTRY(c:187)
2024-10-09 04:30:06,107 DEBUG server.RaftServer$Division (RaftServerImpl.java:logAppendEntries(1545)) - s10@group-BDFE845AF3B0: appendEntries* reply s9<-s10#7986:OK-t1,SUCCESS,nextIndex=189,followerCommit=187,matchIndex=188
2024-10-09 04:30:06,107 DEBUG server.RaftServer$Division (RaftServerImpl.java:logAppendEntries(1545)) - s0@group-BDFE845AF3B0: appendEntries* s9->s0#7991-t1,previous=(t:1, i:187),leaderCommit=187,initializing? false,entries: size=1, first=(t:1, i:188), METADATAENTRY(c:187)
2024-10-09 04:30:06,107 DEBUG server.RaftServer$Division (RaftServerImpl.java:logAppendEntries(1545)) - s11@group-BDFE845AF3B0: appendEntries* reply s9<-s11#7988:OK-t1,SUCCESS,nextIndex=189,followerCommit=187,matchIndex=188
2024-10-09 04:30:06,108 DEBUG server.RaftServer$Division (RaftServerImpl.java:logAppendEntries(1545)) - s6@group-BDFE845AF3B0: appendEntries* s9->s6#7983-t1,previous=(t:1, i:185),leaderCommit=187,initializing? false,entries: size=3, first=(t:1, i:186), METADATAENTRY(c:185)
2024-10-09 04:30:06,108 DEBUG server.RaftServer$Division (RaftServerImpl.java:logAppendEntries(1545)) - s0@group-BDFE845AF3B0: appendEntries* reply s9<-s0#7991:OK-t1,SUCCESS,nextIndex=189,followerCommit=187,matchIndex=188
2024-10-09 04:30:06,108 DEBUG server.RaftServer$Division (RaftServerImpl.java:logAppendEntries(1545)) - s3@group-BDFE845AF3B0: appendEntries* s9->s3#7989-t1,previous=(t:1, i:186),leaderCommit=187,initializing? false,entries: size=2, first=(t:1, i:187), STATEMACHINELOGENTRY, StateMachineLogEntryProto:7970@client-CAAA969A923D
2024-10-09 04:30:06,107 DEBUG server.RaftServer$Division (RaftServerImpl.java:logAppendEntries(1545)) - s1@group-BDFE845AF3B0: appendEntries* s9->s1#7982-t1,previous=(t:1, i:187),leaderCommit=187,initializing? false,entries: size=1, first=(t:1, i:188), METADATAENTRY(c:187)
2024-10-09 04:30:06,108 DEBUG server.RaftServer$Division (RaftServerImpl.java:logAppendEntries(1545)) - s6@group-BDFE845AF3B0: appendEntries* reply s9<-s6#7983:OK-t1,SUCCESS,nextIndex=189,followerCommit=187,matchIndex=188
2024-10-09 04:30:06,108 DEBUG server.RaftServer$Division (RaftServerImpl.java:submitClientRequestAsync(916)) - s9@group-BDFE845AF3B0: receive client request(RaftClientRequest:client-CAAA969A923D->s9@group-BDFE845AF3B0, cid=7994, seq=null, RW, Message:01016200)
2024-10-09 04:30:06,107 DEBUG server.RaftServer$Division (RaftServerImpl.java:logAppendEntries(1545)) - s13@group-BDFE845AF3B0: appendEntries* s9->s13#7987-t1,previous=(t:1, i:187),leaderCommit=187,initializing? false,entries: size=1, first=(t:1, i:188), METADATAENTRY(c:187)
2024-10-09 04:30:06,108 DEBUG server.RaftServer$Division (RaftServerImpl.java:logAppendEntries(1545)) - s3@group-BDFE845AF3B0: appendEntries* reply s9<-s3#7989:OK-t1,SUCCESS,nextIndex=189,followerCommit=187,matchIndex=188
2024-10-09 04:30:06,109 DEBUG server.RaftServer$Division (RaftServerImpl.java:logAppendEntries(1545)) - s1@group-BDFE845AF3B0: appendEntries* reply s9<-s1#7982:OK-t1,SUCCESS,nextIndex=189,followerCommit=187,matchIndex=188
2024-10-09 04:30:06,109 DEBUG server.RaftServer$Division (RaftServerImpl.java:logAppendEntries(1545)) - s10@group-BDFE845AF3B0: appendEntries* s9->s10#7998-t1,previous=(t:1, i:188),leaderCommit=187,initializing? false,entries: size=1, first=(t:1, i:189), STATEMACHINELOGENTRY, StateMachineLogEntryProto:7994@client-CAAA969A923D
2024-10-09 04:30:06,109 DEBUG server.RaftServer$Division (RaftServerImpl.java:logAppendEntries(1545)) - s0@group-BDFE845AF3B0: appendEntries* s9->s0#7997-t1,previous=(t:1, i:188),leaderCommit=187,initializing? false,entries: size=1, first=(t:1, i:189), STATEMACHINELOGENTRY, StateMachineLogEntryProto:7994@client-CAAA969A923D
2024-10-09 04:30:06,109 DEBUG server.RaftServer$Division (RaftServerImpl.java:logAppendEntries(1545)) - s3@group-BDFE845AF3B0: appendEntries* s9->s3#8001-t1,previous=(t:1, i:188),leaderCommit=187,initializing? false,entries: size=1, first=(t:1, i:189), STATEMACHINELOGENTRY, StateMachineLogEntryProto:7994@client-CAAA969A923D
2024-10-09 04:30:06,108 DEBUG server.RaftServer$Division (RaftServerImpl.java:logAppendEntries(1545)) - s8@group-BDFE845AF3B0: appendEntries* s9->s8#7995-t1,previous=(t:1, i:186),leaderCommit=187,initializing? false,entries: size=2, first=(t:1, i:187), STATEMACHINELOGENTRY, StateMachineLogEntryProto:7970@client-CAAA969A923D
2024-10-09 04:30:06,108 DEBUG server.RaftServer$Division (LeaderStateImpl.java:addPendingRequest(529)) - s9@group-BDFE845AF3B0-LeaderStateImpl: addPendingRequest at RaftClientRequest:client-CAAA969A923D->s9@group-BDFE845AF3B0, cid=7994, seq=null, RW, Message:01016200, entry=(t:1, i:189), STATEMACHINELOGENTRY, WRITE: logData.size=4, stateMachineData.size=0, logEntryProtoSerializedSize=0
2024-10-09 04:30:06,108 DEBUG server.RaftServer$Division (RaftServerImpl.java:logAppendEntries(1545)) - s2@group-BDFE845AF3B0: appendEntries* reply s9<-s2#7990:OK-t1,SUCCESS,nextIndex=189,followerCommit=187,matchIndex=188
2024-10-09 04:30:06,110 DEBUG server.RaftServer$Division (RaftServerImpl.java:logAppendEntries(1545)) - s3@group-BDFE845AF3B0: appendEntries* reply s9<-s3#8001:OK-t1,SUCCESS,nextIndex=190,followerCommit=187,matchIndex=189
2024-10-09 04:30:06,107 DEBUG server.RaftServer$Division (RaftServerImpl.java:logAppendEntries(1545)) - s7@group-BDFE845AF3B0: appendEntries* s9->s7#7993-t1,previous=(t:1, i:187),leaderCommit=187,initializing? false,entries: size=1, first=(t:1, i:188), METADATAENTRY(c:187)
2024-10-09 04:30:06,110 DEBUG server.RaftServer$Division (RaftServerImpl.java:logAppendEntries(1545)) - s8@group-BDFE845AF3B0: appendEntries* reply s9<-s8#7995:OK-t1,SUCCESS,nextIndex=189,followerCommit=187,matchIndex=188
2024-10-09 04:30:06,107 DEBUG server.RaftServer$Division (RaftServerImpl.java:logAppendEntries(1545)) - s12@group-BDFE845AF3B0: appendEntries* s9->s12#7992-t1,previous=(t:1, i:187),leaderCommit=187,initializing? false,entries: size=1, first=(t:1, i:188), METADATAENTRY(c:187)
2024-10-09 04:30:06,107 DEBUG server.RaftServer$Division (RaftServerImpl.java:logAppendEntries(1545)) - s4@group-BDFE845AF3B0: appendEntries* s9->s4#7985-t1,previous=(t:1, i:187),leaderCommit=187,initializing? false,entries: size=1, first=(t:1, i:188), METADATAENTRY(c:187)
2024-10-09 04:30:06,107 DEBUG server.RaftServer$Division (RaftServerImpl.java:logAppendEntries(1545)) - s14@group-BDFE845AF3B0: appendEntries* reply s9<-s14#7979:OK-t1,SUCCESS,nextIndex=188,followerCommit=185,matchIndex=187
2024-10-09 04:30:06,109 DEBUG server.RaftServer$Division (RaftServerImpl.java:logAppendEntries(1545)) - s10@group-BDFE845AF3B0: appendEntries* reply s9<-s10#7998:OK-t1,SUCCESS,nextIndex=190,followerCommit=187,matchIndex=189
2024-10-09 04:30:06,109 DEBUG server.RaftServer$Division (RaftServerImpl.java:logAppendEntries(1545)) - s0@group-BDFE845AF3B0: appendEntries* reply s9<-s0#7997:OK-t1,SUCCESS,nextIndex=190,followerCommit=187,matchIndex=189
2024-10-09 04:30:06,109 DEBUG server.RaftServer$Division (RaftServerImpl.java:logAppendEntries(1545)) - s6@group-BDFE845AF3B0: appendEntries* s9->s6#8000-t1,previous=(t:1, i:188),leaderCommit=187,initializing? false,entries: size=1, first=(t:1, i:189), STATEMACHINELOGENTRY, StateMachineLogEntryProto:7994@client-CAAA969A923D
2024-10-09 04:30:06,110 DEBUG server.RaftServer$Division (RaftServerImpl.java:logAppendEntries(1545)) - s12@group-BDFE845AF3B0: appendEntries* reply s9<-s12#7992:OK-t1,SUCCESS,nextIndex=189,followerCommit=187,matchIndex=188
2024-10-09 04:30:06,111 DEBUG server.RaftServer$Division (RaftServerImpl.java:logAppendEntries(1545)) - s4@group-BDFE845AF3B0: appendEntries* reply s9<-s4#7985:OK-t1,SUCCESS,nextIndex=189,followerCommit=187,matchIndex=188
2024-10-09 04:30:06,111 DEBUG server.RaftServer$Division (RaftServerImpl.java:logAppendEntries(1545)) - s7@group-BDFE845AF3B0: appendEntries* reply s9<-s7#7993:OK-t1,SUCCESS,nextIndex=189,followerCommit=187,matchIndex=188
2024-10-09 04:30:06,109 DEBUG server.RaftServer$Division (RaftServerImpl.java:logAppendEntries(1545)) - s1@group-BDFE845AF3B0: appendEntries* s9->s1#8002-t1,previous=(t:1, i:188),leaderCommit=187,initializing? false,entries: size=1, first=(t:1, i:189), STATEMACHINELOGENTRY, StateMachineLogEntryProto:7994@client-CAAA969A923D
2024-10-09 04:30:06,109 DEBUG server.RaftServer$Division (RaftServerImpl.java:logAppendEntries(1545)) - s11@group-BDFE845AF3B0: appendEntries* s9->s11#7996-t1,previous=(t:1, i:188),leaderCommit=187,initializing? false,entries: size=1, first=(t:1, i:189), STATEMACHINELOGENTRY, StateMachineLogEntryProto:7994@client-CAAA969A923D
2024-10-09 04:30:06,109 DEBUG server.RaftServer$Division (RaftServerImpl.java:logAppendEntries(1545)) - s5@group-BDFE845AF3B0: appendEntries* s9->s5#7999-t1,previous=(t:1, i:188),leaderCommit=187,initializing? false,entries: size=1, first=(t:1, i:189), STATEMACHINELOGENTRY, StateMachineLogEntryProto:7994@client-CAAA969A923D
2024-10-09 04:30:06,109 DEBUG server.RaftServer$Division (RaftServerImpl.java:logAppendEntries(1545)) - s13@group-BDFE845AF3B0: appendEntries* reply s9<-s13#7987:OK-t1,SUCCESS,nextIndex=189,followerCommit=187,matchIndex=188
2024-10-09 04:30:06,111 DEBUG server.RaftServer$Division (RaftServerImpl.java:logAppendEntries(1545)) - s6@group-BDFE845AF3B0: appendEntries* reply s9<-s6#8000:OK-t1,SUCCESS,nextIndex=190,followerCommit=187,matchIndex=189
2024-10-09 04:30:06,111 DEBUG server.RaftServer$Division (RaftServerImpl.java:logAppendEntries(1545)) - s12@group-BDFE845AF3B0: appendEntries* s9->s12#8006-t1,previous=(t:1, i:188),leaderCommit=188,initializing? false,entries: size=1, first=(t:1, i:189), STATEMACHINELOGENTRY, StateMachineLogEntryProto:7994@client-CAAA969A923D
2024-10-09 04:30:06,111 DEBUG server.RaftServer$Division (RaftServerImpl.java:logAppendEntries(1545)) - s5@group-BDFE845AF3B0: appendEntries* reply s9<-s5#7999:OK-t1,SUCCESS,nextIndex=190,followerCommit=187,matchIndex=189
2024-10-09 04:30:06,111 DEBUG server.RaftServer$Division (RaftServerImpl.java:logAppendEntries(1545)) - s1@group-BDFE845AF3B0: appendEntries* reply s9<-s1#8002:OK-t1,SUCCESS,nextIndex=190,followerCommit=187,matchIndex=189
2024-10-09 04:30:06,111 DEBUG server.RaftServer$Division (RaftServerImpl.java:logAppendEntries(1545)) - s14@group-BDFE845AF3B0: appendEntries* s9->s14#8005-t1,previous=(t:1, i:187),leaderCommit=188,initializing? false,entries: size=2, first=(t:1, i:188), METADATAENTRY(c:187)
2024-10-09 04:30:06,112 DEBUG server.RaftServer$Division (RaftServerImpl.java:logAppendEntries(1545)) - s13@group-BDFE845AF3B0: appendEntries* s9->s13#8009-t1,previous=(t:1, i:188),leaderCommit=188,initializing? false,entries: size=1, first=(t:1, i:189), STATEMACHINELOGENTRY, StateMachineLogEntryProto:7994@client-CAAA969A923D
2024-10-09 04:30:06,112 DEBUG server.RaftServer$Division (RaftServerImpl.java:logAppendEntries(1545)) - s2@group-BDFE845AF3B0: appendEntries* s9->s2#8004-t1,previous=(t:1, i:188),leaderCommit=188,initializing? false,entries: size=1, first=(t:1, i:189), STATEMACHINELOGENTRY, StateMachineLogEntryProto:7994@client-CAAA969A923D
2024-10-09 04:30:06,110 DEBUG server.RaftServer$Division (RaftServerImpl.java:logAppendEntries(1545)) - s8@group-BDFE845AF3B0: appendEntries* s9->s8#8003-t1,previous=(t:1, i:188),leaderCommit=188,initializing? false,entries: size=1, first=(t:1, i:189), STATEMACHINELOGENTRY, StateMachineLogEntryProto:7994@client-CAAA969A923D
2024-10-09 04:30:06,112 DEBUG server.RaftServer$Division (RaftServerImpl.java:logAppendEntries(1545)) - s14@group-BDFE845AF3B0: appendEntries* reply s9<-s14#8005:OK-t1,SUCCESS,nextIndex=190,followerCommit=188,matchIndex=189
2024-10-09 04:30:06,112 DEBUG server.RaftServer$Division (RaftServerImpl.java:logAppendEntries(1545)) - s12@group-BDFE845AF3B0: appendEntries* reply s9<-s12#8006:OK-t1,SUCCESS,nextIndex=190,followerCommit=188,matchIndex=189
2024-10-09 04:30:06,112 DEBUG server.RaftServer$Division (RaftServerImpl.java:logAppendEntries(1545)) - s2@group-BDFE845AF3B0: appendEntries* reply s9<-s2#8004:OK-t1,SUCCESS,nextIndex=190,followerCommit=188,matchIndex=189
2024-10-09 04:30:06,112 DEBUG server.RaftServer$Division (RaftServerImpl.java:logAppendEntries(1545)) - s8@group-BDFE845AF3B0: appendEntries* reply s9<-s8#8003:OK-t1,SUCCESS,nextIndex=190,followerCommit=188,matchIndex=189
2024-10-09 04:30:06,113 DEBUG server.RaftServer$Division (RaftServerImpl.java:logAppendEntries(1545)) - s5@group-BDFE845AF3B0: appendEntries* s9->s5#8014-t1,previous=(t:1, i:189),leaderCommit=189,initializing? false,entries: size=1, first=(t:1, i:190), METADATAENTRY(c:189)
2024-10-09 04:30:06,113 DEBUG server.RaftServer$Division (RaftServerImpl.java:logAppendEntries(1545)) - s10@group-BDFE845AF3B0: appendEntries* s9->s10#8015-t1,previous=(t:1, i:189),leaderCommit=189,initializing? false,entries: size=1, first=(t:1, i:190), METADATAENTRY(c:189)
2024-10-09 04:30:06,113 DEBUG server.RaftServer$Division (RaftServerImpl.java:logAppendEntries(1545)) - s6@group-BDFE845AF3B0: appendEntries* s9->s6#8013-t1,previous=(t:1, i:189),leaderCommit=189,initializing? false,entries: size=1, first=(t:1, i:190), METADATAENTRY(c:189)
2024-10-09 04:30:06,113 DEBUG server.RaftServer$Division (RaftServerImpl.java:logAppendEntries(1545)) - s3@group-BDFE845AF3B0: appendEntries* s9->s3#8010-t1,previous=(t:1, i:189),leaderCommit=189,initializing? false,entries: size=1, first=(t:1, i:190), METADATAENTRY(c:189)
2024-10-09 04:30:06,113 DEBUG server.RaftServer$Division (RaftServerImpl.java:logAppendEntries(1545)) - s10@group-BDFE845AF3B0: appendEntries* reply s9<-s10#8015:OK-t1,SUCCESS,nextIndex=191,followerCommit=189,matchIndex=190
2024-10-09 04:30:06,112 DEBUG server.RaftServer$Division (RaftServerImpl.java:logAppendEntries(1545)) - s7@group-BDFE845AF3B0: appendEntries* s9->s7#8008-t1,previous=(t:1, i:188),leaderCommit=188,initializing? false,entries: size=1, first=(t:1, i:189), STATEMACHINELOGENTRY, StateMachineLogEntryProto:7994@client-CAAA969A923D
2024-10-09 04:30:06,114 DEBUG server.RaftServer$Division (RaftServerImpl.java:logAppendEntries(1545)) - s3@group-BDFE845AF3B0: appendEntries* reply s9<-s3#8010:OK-t1,SUCCESS,nextIndex=191,followerCommit=189,matchIndex=190
2024-10-09 04:30:06,111 DEBUG server.RaftServer$Division (RaftServerImpl.java:logAppendEntries(1545)) - s11@group-BDFE845AF3B0: appendEntries* reply s9<-s11#7996:OK-t1,SUCCESS,nextIndex=190,followerCommit=187,matchIndex=189
2024-10-09 04:30:06,111 DEBUG server.RaftServer$Division (RaftServerImpl.java:logAppendEntries(1545)) - s4@group-BDFE845AF3B0: appendEntries* s9->s4#8007-t1,previous=(t:1, i:188),leaderCommit=188,initializing? false,entries: size=1, first=(t:1, i:189), STATEMACHINELOGENTRY, StateMachineLogEntryProto:7994@client-CAAA969A923D
2024-10-09 04:30:06,114 DEBUG server.RaftServer$Division (RaftServerImpl.java:logAppendEntries(1545)) - s7@group-BDFE845AF3B0: appendEntries* reply s9<-s7#8008:OK-t1,SUCCESS,nextIndex=190,followerCommit=188,matchIndex=189
2024-10-09 04:30:06,114 DEBUG server.RaftServer$Division (RaftServerImpl.java:logAppendEntries(1545)) - s6@group-BDFE845AF3B0: appendEntries* reply s9<-s6#8013:OK-t1,SUCCESS,nextIndex=191,followerCommit=189,matchIndex=190
2024-10-09 04:30:06,114 DEBUG server.RaftServer$Division (RaftServerImpl.java:logAppendEntries(1545)) - s8@group-BDFE845AF3B0: appendEntries* s9->s8#8019-t1,previous=(t:1, i:189),leaderCommit=189,initializing? false,entries: size=1, first=(t:1, i:190), METADATAENTRY(c:189)
2024-10-09 04:30:06,114 DEBUG server.RaftServer$Division (RaftServerImpl.java:logAppendEntries(1545)) - s11@group-BDFE845AF3B0: appendEntries* s9->s11#8020-t1,previous=(t:1, i:189),leaderCommit=189,initializing? false,entries: size=1, first=(t:1, i:190), METADATAENTRY(c:189)
2024-10-09 04:30:06,114 DEBUG server.RaftServer$Division (RaftServerImpl.java:logAppendEntries(1545)) - s4@group-BDFE845AF3B0: appendEntries* reply s9<-s4#8007:OK-t1,SUCCESS,nextIndex=190,followerCommit=188,matchIndex=189
2024-10-09 04:30:06,113 DEBUG server.RaftServer$Division (RaftServerImpl.java:logAppendEntries(1545)) - s2@group-BDFE845AF3B0: appendEntries* s9->s2#8018-t1,previous=(t:1, i:189),leaderCommit=189,initializing? false,entries: size=1, first=(t:1, i:190), METADATAENTRY(c:189)
2024-10-09 04:30:06,113 DEBUG server.RaftServer$Division (RaftServerImpl.java:logAppendEntries(1545)) - s5@group-BDFE845AF3B0: appendEntries* reply s9<-s5#8014:OK-t1,SUCCESS,nextIndex=191,followerCommit=189,matchIndex=190
2024-10-09 04:30:06,113 DEBUG server.RaftServer$Division (RaftServerImpl.java:logAppendEntries(1545)) - s14@group-BDFE845AF3B0: appendEntries* s9->s14#8016-t1,previous=(t:1, i:189),leaderCommit=189,initializing? false,entries: size=1, first=(t:1, i:190), METADATAENTRY(c:189)
2024-10-09 04:30:06,113 DEBUG server.RaftServer$Division (RaftServerImpl.java:logAppendEntries(1545)) - s12@group-BDFE845AF3B0: appendEntries* s9->s12#8012-t1,previous=(t:1, i:189),leaderCommit=189,initializing? false,entries: size=1, first=(t:1, i:190), METADATAENTRY(c:189)
2024-10-09 04:30:06,113 DEBUG server.RaftServer$Division (RaftServerImpl.java:logAppendEntries(1545)) - s0@group-BDFE845AF3B0: appendEntries* s9->s0#8011-t1,previous=(t:1, i:189),leaderCommit=189,initializing? false,entries: size=1, first=(t:1, i:190), METADATAENTRY(c:189)
2024-10-09 04:30:06,113 DEBUG server.RaftServer$Division (RaftServerImpl.java:logAppendEntries(1545)) - s1@group-BDFE845AF3B0: appendEntries* s9->s1#8017-t1,previous=(t:1, i:189),leaderCommit=189,initializing? false,entries: size=1, first=(t:1, i:190), METADATAENTRY(c:189)
2024-10-09 04:30:06,113 INFO  statemachine.StateMachine (ArithmeticStateMachine.java:applyTransaction(181)) - LEADER:s9-189: b = null = null
2024-10-09 04:30:06,112 DEBUG server.RaftServer$Division (RaftServerImpl.java:logAppendEntries(1545)) - s13@group-BDFE845AF3B0: appendEntries* reply s9<-s13#8009:OK-t1,SUCCESS,nextIndex=190,followerCommit=188,matchIndex=189
2024-10-09 04:30:06,115 DEBUG server.RaftServer$Division (RaftServerImpl.java:logAppendEntries(1545)) - s4@group-BDFE845AF3B0: appendEntries* s9->s4#8022-t1,previous=(t:1, i:189),leaderCommit=189,initializing? false,entries: size=1, first=(t:1, i:190), METADATAENTRY(c:189)
2024-10-09 04:30:06,114 DEBUG server.RaftServer$Division (RaftServerImpl.java:logAppendEntries(1545)) - s7@group-BDFE845AF3B0: appendEntries* s9->s7#8021-t1,previous=(t:1, i:189),leaderCommit=189,initializing? false,entries: size=1, first=(t:1, i:190), METADATAENTRY(c:189)
2024-10-09 04:30:06,116 DEBUG server.RaftServer$Division (RaftServerImpl.java:submitClientRequestAsync(916)) - s9@group-BDFE845AF3B0: receive client request(RaftClientRequest:client-CAAA969A923D->s9@group-BDFE845AF3B0, cid=8023, seq=null, RW, Message:01016300)
2024-10-09 04:30:06,116 DEBUG server.RaftServer$Division (RaftServerImpl.java:logAppendEntries(1545)) - s13@group-BDFE845AF3B0: appendEntries* s9->s13#8024-t1,previous=(t:1, i:189),leaderCommit=189,initializing? false,entries: size=1, first=(t:1, i:190), METADATAENTRY(c:189)
2024-10-09 04:30:06,116 DEBUG server.RaftServer$Division (LeaderStateImpl.java:addPendingRequest(529)) - s9@group-BDFE845AF3B0-LeaderStateImpl: addPendingRequest at RaftClientRequest:client-CAAA969A923D->s9@group-BDFE845AF3B0, cid=8023, seq=null, RW, Message:01016300, entry=(t:1, i:191), STATEMACHINELOGENTRY, WRITE: logData.size=4, stateMachineData.size=0, logEntryProtoSerializedSize=0
2024-10-09 04:30:06,116 DEBUG server.RaftServer$Division (RaftServerImpl.java:logAppendEntries(1545)) - s6@group-BDFE845AF3B0: appendEntries* s9->s6#8028-t1,previous=(t:1, i:190),leaderCommit=189,initializing? false,entries: size=1, first=(t:1, i:191), STATEMACHINELOGENTRY, StateMachineLogEntryProto:8023@client-CAAA969A923D
2024-10-09 04:30:06,116 DEBUG server.RaftServer$Division (RaftServerImpl.java:logAppendEntries(1545)) - s3@group-BDFE845AF3B0: appendEntries* s9->s3#8027-t1,previous=(t:1, i:190),leaderCommit=189,initializing? false,entries: size=1, first=(t:1, i:191), STATEMACHINELOGENTRY, StateMachineLogEntryProto:8023@client-CAAA969A923D
2024-10-09 04:30:06,116 DEBUG server.RaftServer$Division (RaftServerImpl.java:logAppendEntries(1545)) - s10@group-BDFE845AF3B0: appendEntries* s9->s10#8025-t1,previous=(t:1, i:190),leaderCommit=189,initializing? false,entries: size=1, first=(t:1, i:191), STATEMACHINELOGENTRY, StateMachineLogEntryProto:8023@client-CAAA969A923D
2024-10-09 04:30:06,117 DEBUG server.RaftServer$Division (RaftServerImpl.java:logAppendEntries(1545)) - s1@group-BDFE845AF3B0: appendEntries* reply s9<-s1#8017:OK-t1,SUCCESS,nextIndex=191,followerCommit=189,matchIndex=190
2024-10-09 04:30:06,117 DEBUG server.RaftServer$Division (RaftServerImpl.java:logAppendEntries(1545)) - s7@group-BDFE845AF3B0: appendEntries* reply s9<-s7#8021:OK-t1,SUCCESS,nextIndex=191,followerCommit=189,matchIndex=190
2024-10-09 04:30:06,116 DEBUG server.RaftServer$Division (RaftServerImpl.java:logAppendEntries(1545)) - s5@group-BDFE845AF3B0: appendEntries* s9->s5#8026-t1,previous=(t:1, i:190),leaderCommit=189,initializing? false,entries: size=1, first=(t:1, i:191), STATEMACHINELOGENTRY, StateMachineLogEntryProto:8023@client-CAAA969A923D
2024-10-09 04:30:06,117 DEBUG server.RaftServer$Division (RaftServerImpl.java:logAppendEntries(1545)) - s6@group-BDFE845AF3B0: appendEntries* reply s9<-s6#8028:OK-t1,SUCCESS,nextIndex=192,followerCommit=189,matchIndex=191
2024-10-09 04:30:06,117 DEBUG server.RaftServer$Division (RaftServerImpl.java:logAppendEntries(1545)) - s8@group-BDFE845AF3B0: appendEntries* reply s9<-s8#8019:OK-t1,SUCCESS,nextIndex=191,followerCommit=189,matchIndex=190
2024-10-09 04:30:06,117 DEBUG server.RaftServer$Division (RaftServerImpl.java:logAppendEntries(1545)) - s13@group-BDFE845AF3B0: appendEntries* reply s9<-s13#8024:OK-t1,SUCCESS,nextIndex=191,followerCommit=189,matchIndex=190
2024-10-09 04:30:06,117 DEBUG server.RaftServer$Division (RaftServerImpl.java:logAppendEntries(1545)) - s0@group-BDFE845AF3B0: appendEntries* reply s9<-s0#8011:OK-t1,SUCCESS,nextIndex=191,followerCommit=189,matchIndex=190
2024-10-09 04:30:06,117 DEBUG server.RaftServer$Division (RaftServerImpl.java:logAppendEntries(1545)) - s12@group-BDFE845AF3B0: appendEntries* reply s9<-s12#8012:OK-t1,SUCCESS,nextIndex=191,followerCommit=189,matchIndex=190
2024-10-09 04:30:06,117 DEBUG server.RaftServer$Division (RaftServerImpl.java:logAppendEntries(1545)) - s4@group-BDFE845AF3B0: appendEntries* reply s9<-s4#8022:OK-t1,SUCCESS,nextIndex=191,followerCommit=189,matchIndex=190
2024-10-09 04:30:06,117 DEBUG server.RaftServer$Division (RaftServerImpl.java:logAppendEntries(1545)) - s14@group-BDFE845AF3B0: appendEntries* reply s9<-s14#8016:OK-t1,SUCCESS,nextIndex=191,followerCommit=189,matchIndex=190
2024-10-09 04:30:06,118 DEBUG server.RaftServer$Division (RaftServerImpl.java:logAppendEntries(1545)) - s5@group-BDFE845AF3B0: appendEntries* reply s9<-s5#8026:OK-t1,SUCCESS,nextIndex=192,followerCommit=189,matchIndex=191
2024-10-09 04:30:06,118 DEBUG server.RaftServer$Division (RaftServerImpl.java:logAppendEntries(1545)) - s7@group-BDFE845AF3B0: appendEntries* s9->s7#8030-t1,previous=(t:1, i:190),leaderCommit=189,initializing? false,entries: size=1, first=(t:1, i:191), STATEMACHINELOGENTRY, StateMachineLogEntryProto:8023@client-CAAA969A923D
2024-10-09 04:30:06,117 DEBUG server.RaftServer$Division (RaftServerImpl.java:logAppendEntries(1545)) - s11@group-BDFE845AF3B0: appendEntries* reply s9<-s11#8020:OK-t1,SUCCESS,nextIndex=191,followerCommit=189,matchIndex=190
2024-10-09 04:30:06,117 DEBUG server.RaftServer$Division (RaftServerImpl.java:logAppendEntries(1545)) - s2@group-BDFE845AF3B0: appendEntries* reply s9<-s2#8018:OK-t1,SUCCESS,nextIndex=191,followerCommit=189,matchIndex=190
2024-10-09 04:30:06,118 DEBUG server.RaftServer$Division (RaftServerImpl.java:logAppendEntries(1545)) - s3@group-BDFE845AF3B0: appendEntries* reply s9<-s3#8027:OK-t1,SUCCESS,nextIndex=192,followerCommit=189,matchIndex=191
2024-10-09 04:30:06,118 DEBUG server.RaftServer$Division (RaftServerImpl.java:logAppendEntries(1545)) - s13@group-BDFE845AF3B0: appendEntries* s9->s13#8035-t1,previous=(t:1, i:190),leaderCommit=190,initializing? false,entries: size=1, first=(t:1, i:191), STATEMACHINELOGENTRY, StateMachineLogEntryProto:8023@client-CAAA969A923D
2024-10-09 04:30:06,119 DEBUG server.RaftServer$Division (RaftServerImpl.java:logAppendEntries(1545)) - s11@group-BDFE845AF3B0: appendEntries* s9->s11#8036-t1,previous=(t:1, i:190),leaderCommit=190,initializing? false,entries: size=1, first=(t:1, i:191), STATEMACHINELOGENTRY, StateMachineLogEntryProto:8023@client-CAAA969A923D
2024-10-09 04:30:06,117 DEBUG server.RaftServer$Division (RaftServerImpl.java:logAppendEntries(1545)) - s1@group-BDFE845AF3B0: appendEntries* s9->s1#8029-t1,previous=(t:1, i:190),leaderCommit=189,initializing? false,entries: size=1, first=(t:1, i:191), STATEMACHINELOGENTRY, StateMachineLogEntryProto:8023@client-CAAA969A923D
2024-10-09 04:30:06,119 DEBUG server.RaftServer$Division (RaftServerImpl.java:logAppendEntries(1545)) - s13@group-BDFE845AF3B0: appendEntries* reply s9<-s13#8035:OK-t1,SUCCESS,nextIndex=192,followerCommit=190,matchIndex=191
2024-10-09 04:30:06,117 DEBUG server.RaftServer$Division (RaftServerImpl.java:logAppendEntries(1545)) - s10@group-BDFE845AF3B0: appendEntries* reply s9<-s10#8025:OK-t1,SUCCESS,nextIndex=192,followerCommit=189,matchIndex=191
2024-10-09 04:30:06,118 DEBUG server.RaftServer$Division (RaftServerImpl.java:logAppendEntries(1545)) - s7@group-BDFE845AF3B0: appendEntries* reply s9<-s7#8030:OK-t1,SUCCESS,nextIndex=192,followerCommit=189,matchIndex=191
2024-10-09 04:30:06,118 DEBUG server.RaftServer$Division (RaftServerImpl.java:logAppendEntries(1545)) - s4@group-BDFE845AF3B0: appendEntries* s9->s4#8034-t1,previous=(t:1, i:190),leaderCommit=189,initializing? false,entries: size=1, first=(t:1, i:191), STATEMACHINELOGENTRY, StateMachineLogEntryProto:8023@client-CAAA969A923D
2024-10-09 04:30:06,118 DEBUG server.RaftServer$Division (RaftServerImpl.java:logAppendEntries(1545)) - s8@group-BDFE845AF3B0: appendEntries* s9->s8#8032-t1,previous=(t:1, i:190),leaderCommit=189,initializing? false,entries: size=1, first=(t:1, i:191), STATEMACHINELOGENTRY, StateMachineLogEntryProto:8023@client-CAAA969A923D
2024-10-09 04:30:06,118 DEBUG server.RaftServer$Division (RaftServerImpl.java:logAppendEntries(1545)) - s12@group-BDFE845AF3B0: appendEntries* s9->s12#8033-t1,previous=(t:1, i:190),leaderCommit=189,initializing? false,entries: size=1, first=(t:1, i:191), STATEMACHINELOGENTRY, StateMachineLogEntryProto:8023@client-CAAA969A923D
2024-10-09 04:30:06,118 DEBUG server.RaftServer$Division (RaftServerImpl.java:logAppendEntries(1545)) - s0@group-BDFE845AF3B0: appendEntries* s9->s0#8031-t1,previous=(t:1, i:190),leaderCommit=189,initializing? false,entries: size=1, first=(t:1, i:191), STATEMACHINELOGENTRY, StateMachineLogEntryProto:8023@client-CAAA969A923D
2024-10-09 04:30:06,119 DEBUG server.RaftServer$Division (RaftServerImpl.java:logAppendEntries(1545)) - s14@group-BDFE845AF3B0: appendEntries* s9->s14#8037-t1,previous=(t:1, i:190),leaderCommit=190,initializing? false,entries: size=1, first=(t:1, i:191), STATEMACHINELOGENTRY, StateMachineLogEntryProto:8023@client-CAAA969A923D
2024-10-09 04:30:06,120 DEBUG server.RaftServer$Division (RaftServerImpl.java:logAppendEntries(1545)) - s2@group-BDFE845AF3B0: appendEntries* s9->s2#8038-t1,previous=(t:1, i:190),leaderCommit=190,initializing? false,entries: size=1, first=(t:1, i:191), STATEMACHINELOGENTRY, StateMachineLogEntryProto:8023@client-CAAA969A923D
2024-10-09 04:30:06,120 DEBUG server.RaftServer$Division (RaftServerImpl.java:logAppendEntries(1545)) - s8@group-BDFE845AF3B0: appendEntries* reply s9<-s8#8032:OK-t1,SUCCESS,nextIndex=192,followerCommit=189,matchIndex=191
2024-10-09 04:30:06,120 DEBUG server.RaftServer$Division (RaftServerImpl.java:logAppendEntries(1545)) - s0@group-BDFE845AF3B0: appendEntries* reply s9<-s0#8031:OK-t1,SUCCESS,nextIndex=192,followerCommit=189,matchIndex=191
2024-10-09 04:30:06,120 DEBUG server.RaftServer$Division (RaftServerImpl.java:logAppendEntries(1545)) - s11@group-BDFE845AF3B0: appendEntries* reply s9<-s11#8036:OK-t1,SUCCESS,nextIndex=192,followerCommit=190,matchIndex=191
2024-10-09 04:30:06,120 DEBUG server.RaftServer$Division (RaftServerImpl.java:logAppendEntries(1545)) - s1@group-BDFE845AF3B0: appendEntries* reply s9<-s1#8029:OK-t1,SUCCESS,nextIndex=192,followerCommit=189,matchIndex=191
2024-10-09 04:30:06,121 INFO  statemachine.StateMachine (ArithmeticStateMachine.java:applyTransaction(181)) - LEADER:s9-191: c = null = null
2024-10-09 04:30:06,121 DEBUG server.RaftServer$Division (RaftServerImpl.java:logAppendEntries(1545)) - s14@group-BDFE845AF3B0: appendEntries* reply s9<-s14#8037:OK-t1,SUCCESS,nextIndex=192,followerCommit=190,matchIndex=191
2024-10-09 04:30:06,121 DEBUG server.RaftServer$Division (RaftServerImpl.java:logAppendEntries(1545)) - s0@group-BDFE845AF3B0: appendEntries* s9->s0#8040-t1,previous=(t:1, i:191),leaderCommit=191,initializing? false,entries: size=1, first=(t:1, i:192), METADATAENTRY(c:191)
2024-10-09 04:30:06,121 DEBUG server.RaftServer$Division (RaftServerImpl.java:logAppendEntries(1545)) - s3@group-BDFE845AF3B0: appendEntries* s9->s3#8043-t1,previous=(t:1, i:191),leaderCommit=191,initializing? false,entries: size=1, first=(t:1, i:192), METADATAENTRY(c:191)
2024-10-09 04:30:06,121 DEBUG server.RaftServer$Division (RaftServerImpl.java:logAppendEntries(1545)) - s6@group-BDFE845AF3B0: appendEntries* s9->s6#8045-t1,previous=(t:1, i:191),leaderCommit=191,initializing? false,entries: size=1, first=(t:1, i:192), METADATAENTRY(c:191)
2024-10-09 04:30:06,121 DEBUG server.RaftServer$Division (RaftServerImpl.java:logAppendEntries(1545)) - s2@group-BDFE845AF3B0: appendEntries* reply s9<-s2#8038:OK-t1,SUCCESS,nextIndex=192,followerCommit=190,matchIndex=191
2024-10-09 04:30:06,121 DEBUG server.RaftServer$Division (RaftServerImpl.java:logAppendEntries(1545)) - s3@group-BDFE845AF3B0: appendEntries* reply s9<-s3#8043:OK-t1,SUCCESS,nextIndex=193,followerCommit=191,matchIndex=192
2024-10-09 04:30:06,120 DEBUG server.RaftServer$Division (RaftServerImpl.java:logAppendEntries(1545)) - s12@group-BDFE845AF3B0: appendEntries* reply s9<-s12#8033:OK-t1,SUCCESS,nextIndex=192,followerCommit=189,matchIndex=191
2024-10-09 04:30:06,122 DEBUG server.RaftServer$Division (RaftServerImpl.java:logAppendEntries(1545)) - s6@group-BDFE845AF3B0: appendEntries* reply s9<-s6#8045:OK-t1,SUCCESS,nextIndex=193,followerCommit=191,matchIndex=192
2024-10-09 04:30:06,120 DEBUG server.RaftServer$Division (RaftServerImpl.java:logAppendEntries(1545)) - s4@group-BDFE845AF3B0: appendEntries* reply s9<-s4#8034:OK-t1,SUCCESS,nextIndex=192,followerCommit=189,matchIndex=191
2024-10-09 04:30:06,122 DEBUG server.RaftServer$Division (RaftServerImpl.java:logAppendEntries(1545)) - s1@group-BDFE845AF3B0: appendEntries* s9->s1#8048-t1,previous=(t:1, i:191),leaderCommit=191,initializing? false,entries: size=1, first=(t:1, i:192), METADATAENTRY(c:191)
2024-10-09 04:30:06,122 DEBUG server.RaftServer$Division (RaftServerImpl.java:logAppendEntries(1545)) - s14@group-BDFE845AF3B0: appendEntries* s9->s14#8049-t1,previous=(t:1, i:191),leaderCommit=191,initializing? false,entries: size=1, first=(t:1, i:192), METADATAENTRY(c:191)
2024-10-09 04:30:06,122 DEBUG server.RaftServer$Division (RaftServerImpl.java:logAppendEntries(1545)) - s5@group-BDFE845AF3B0: appendEntries* s9->s5#8044-t1,previous=(t:1, i:191),leaderCommit=191,initializing? false,entries: size=1, first=(t:1, i:192), METADATAENTRY(c:191)
2024-10-09 04:30:06,122 DEBUG server.RaftServer$Division (RaftServerImpl.java:logAppendEntries(1545)) - s0@group-BDFE845AF3B0: appendEntries* reply s9<-s0#8040:OK-t1,SUCCESS,nextIndex=193,followerCommit=191,matchIndex=192
2024-10-09 04:30:06,122 DEBUG server.RaftServer$Division (RaftServerImpl.java:logAppendEntries(1545)) - s5@group-BDFE845AF3B0: appendEntries* reply s9<-s5#8044:OK-t1,SUCCESS,nextIndex=193,followerCommit=191,matchIndex=192
2024-10-09 04:30:06,123 DEBUG server.RaftServer$Division (RaftServerImpl.java:logAppendEntries(1545)) - s14@group-BDFE845AF3B0: appendEntries* reply s9<-s14#8049:OK-t1,SUCCESS,nextIndex=193,followerCommit=191,matchIndex=192
2024-10-09 04:30:06,121 DEBUG server.RaftServer$Division (RaftServerImpl.java:logAppendEntries(1545)) - s11@group-BDFE845AF3B0: appendEntries* s9->s11#8047-t1,previous=(t:1, i:191),leaderCommit=191,initializing? false,entries: size=1, first=(t:1, i:192), METADATAENTRY(c:191)
2024-10-09 04:30:06,121 DEBUG server.RaftServer$Division (RaftServerImpl.java:logAppendEntries(1545)) - s7@group-BDFE845AF3B0: appendEntries* s9->s7#8046-t1,previous=(t:1, i:191),leaderCommit=191,initializing? false,entries: size=1, first=(t:1, i:192), METADATAENTRY(c:191)
2024-10-09 04:30:06,121 DEBUG server.RaftServer$Division (RaftServerImpl.java:logAppendEntries(1545)) - s13@group-BDFE845AF3B0: appendEntries* s9->s13#8041-t1,previous=(t:1, i:191),leaderCommit=191,initializing? false,entries: size=1, first=(t:1, i:192), METADATAENTRY(c:191)
2024-10-09 04:30:06,121 DEBUG server.RaftServer$Division (RaftServerImpl.java:logAppendEntries(1545)) - s8@group-BDFE845AF3B0: appendEntries* s9->s8#8039-t1,previous=(t:1, i:191),leaderCommit=191,initializing? false,entries: size=1, first=(t:1, i:192), METADATAENTRY(c:191)
2024-10-09 04:30:06,121 DEBUG server.RaftServer$Division (RaftServerImpl.java:logAppendEntries(1545)) - s10@group-BDFE845AF3B0: appendEntries* s9->s10#8042-t1,previous=(t:1, i:191),leaderCommit=191,initializing? false,entries: size=1, first=(t:1, i:192), METADATAENTRY(c:191)
2024-10-09 04:30:06,122 DEBUG server.RaftServer$Division (RaftServerImpl.java:logAppendEntries(1545)) - s1@group-BDFE845AF3B0: appendEntries* reply s9<-s1#8048:OK-t1,SUCCESS,nextIndex=193,followerCommit=191,matchIndex=192
2024-10-09 04:30:06,122 DEBUG server.RaftServer$Division (RaftServerImpl.java:logAppendEntries(1545)) - s4@group-BDFE845AF3B0: appendEntries* s9->s4#8051-t1,previous=(t:1, i:191),leaderCommit=191,initializing? false,entries: size=1, first=(t:1, i:192), METADATAENTRY(c:191)
2024-10-09 04:30:06,124 DEBUG server.RaftServer$Division (RaftServerImpl.java:logAppendEntries(1545)) - s2@group-BDFE845AF3B0: appendEntries* s9->s2#8053-t1,previous=(t:1, i:191),leaderCommit=191,initializing? false,entries: size=1, first=(t:1, i:192), METADATAENTRY(c:191)
2024-10-09 04:30:06,124 DEBUG server.RaftServer$Division (RaftServerImpl.java:logAppendEntries(1545)) - s8@group-BDFE845AF3B0: appendEntries* reply s9<-s8#8039:OK-t1,SUCCESS,nextIndex=193,followerCommit=191,matchIndex=192
2024-10-09 04:30:06,122 DEBUG server.RaftServer$Division (RaftServerImpl.java:logAppendEntries(1545)) - s12@group-BDFE845AF3B0: appendEntries* s9->s12#8050-t1,previous=(t:1, i:191),leaderCommit=191,initializing? false,entries: size=1, first=(t:1, i:192), METADATAENTRY(c:191)
2024-10-09 04:30:06,124 DEBUG server.RaftServer$Division (RaftServerImpl.java:logAppendEntries(1545)) - s11@group-BDFE845AF3B0: appendEntries* reply s9<-s11#8047:OK-t1,SUCCESS,nextIndex=193,followerCommit=191,matchIndex=192
2024-10-09 04:30:06,124 DEBUG server.RaftServer$Division (RaftServerImpl.java:logAppendEntries(1545)) - s4@group-BDFE845AF3B0: appendEntries* reply s9<-s4#8051:OK-t1,SUCCESS,nextIndex=193,followerCommit=191,matchIndex=192
2024-10-09 04:30:06,124 DEBUG server.RaftServer$Division (RaftServerImpl.java:logAppendEntries(1545)) - s10@group-BDFE845AF3B0: appendEntries* reply s9<-s10#8042:OK-t1,SUCCESS,nextIndex=193,followerCommit=191,matchIndex=192
2024-10-09 04:30:06,124 DEBUG server.RaftServer$Division (RaftServerImpl.java:logAppendEntries(1545)) - s13@group-BDFE845AF3B0: appendEntries* reply s9<-s13#8041:OK-t1,SUCCESS,nextIndex=193,followerCommit=191,matchIndex=192
2024-10-09 04:30:06,123 DEBUG server.RaftServer$Division (RaftServerImpl.java:submitClientRequestAsync(916)) - s9@group-BDFE845AF3B0: receive client request(RaftClientRequest:client-CAAA969A923D->s9@group-BDFE845AF3B0, cid=8052, seq=null, RW, Message:01016102405c40000000...(size=12))
2024-10-09 04:30:06,124 DEBUG server.RaftServer$Division (LeaderStateImpl.java:addPendingRequest(529)) - s9@group-BDFE845AF3B0-LeaderStateImpl: addPendingRequest at RaftClientRequest:client-CAAA969A923D->s9@group-BDFE845AF3B0, cid=8052, seq=null, RW, Message:01016102405c40000000...(size=12), entry=(t:1, i:193), STATEMACHINELOGENTRY, WRITE: logData.size=12, stateMachineData.size=0, logEntryProtoSerializedSize=0
2024-10-09 04:30:06,124 DEBUG server.RaftServer$Division (RaftServerImpl.java:logAppendEntries(1545)) - s7@group-BDFE845AF3B0: appendEntries* reply s9<-s7#8046:OK-t1,SUCCESS,nextIndex=193,followerCommit=191,matchIndex=192
2024-10-09 04:30:06,124 DEBUG server.RaftServer$Division (RaftServerImpl.java:logAppendEntries(1545)) - s2@group-BDFE845AF3B0: appendEntries* reply s9<-s2#8053:OK-t1,SUCCESS,nextIndex=193,followerCommit=191,matchIndex=192
2024-10-09 04:30:06,125 DEBUG server.RaftServer$Division (RaftServerImpl.java:logAppendEntries(1545)) - s1@group-BDFE845AF3B0: appendEntries* s9->s1#8055-t1,previous=(t:1, i:192),leaderCommit=192,initializing? false,entries: size=1, first=(t:1, i:193), STATEMACHINELOGENTRY, StateMachineLogEntryProto:8052@client-CAAA969A923D
2024-10-09 04:30:06,125 DEBUG server.RaftServer$Division (RaftServerImpl.java:logAppendEntries(1545)) - s4@group-BDFE845AF3B0: appendEntries* s9->s4#8057-t1,previous=(t:1, i:192),leaderCommit=192,initializing? false,entries: size=1, first=(t:1, i:193), STATEMACHINELOGENTRY, StateMachineLogEntryProto:8052@client-CAAA969A923D
2024-10-09 04:30:06,125 DEBUG server.RaftServer$Division (RaftServerImpl.java:logAppendEntries(1545)) - s12@group-BDFE845AF3B0: appendEntries* reply s9<-s12#8050:OK-t1,SUCCESS,nextIndex=193,followerCommit=191,matchIndex=192
2024-10-09 04:30:06,125 DEBUG server.RaftServer$Division (RaftServerImpl.java:logAppendEntries(1545)) - s8@group-BDFE845AF3B0: appendEntries* s9->s8#8054-t1,previous=(t:1, i:192),leaderCommit=192,initializing? false,entries: size=1, first=(t:1, i:193), STATEMACHINELOGENTRY, StateMachineLogEntryProto:8052@client-CAAA969A923D
2024-10-09 04:30:06,125 DEBUG server.RaftServer$Division (RaftServerImpl.java:logAppendEntries(1545)) - s0@group-BDFE845AF3B0: appendEntries* s9->s0#8056-t1,previous=(t:1, i:192),leaderCommit=192,initializing? false,entries: size=1, first=(t:1, i:193), STATEMACHINELOGENTRY, StateMachineLogEntryProto:8052@client-CAAA969A923D
2024-10-09 04:30:06,125 DEBUG server.RaftServer$Division (RaftServerImpl.java:logAppendEntries(1545)) - s13@group-BDFE845AF3B0: appendEntries* s9->s13#8060-t1,previous=(t:1, i:192),leaderCommit=192,initializing? false,entries: size=1, first=(t:1, i:193), STATEMACHINELOGENTRY, StateMachineLogEntryProto:8052@client-CAAA969A923D
2024-10-09 04:30:06,125 DEBUG server.RaftServer$Division (RaftServerImpl.java:logAppendEntries(1545)) - s10@group-BDFE845AF3B0: appendEntries* s9->s10#8063-t1,previous=(t:1, i:192),leaderCommit=192,initializing? false,entries: size=1, first=(t:1, i:193), STATEMACHINELOGENTRY, StateMachineLogEntryProto:8052@client-CAAA969A923D
2024-10-09 04:30:06,126 DEBUG server.RaftServer$Division (RaftServerImpl.java:logAppendEntries(1545)) - s3@group-BDFE845AF3B0: appendEntries* s9->s3#8061-t1,previous=(t:1, i:192),leaderCommit=192,initializing? false,entries: size=1, first=(t:1, i:193), STATEMACHINELOGENTRY, StateMachineLogEntryProto:8052@client-CAAA969A923D
2024-10-09 04:30:06,126 DEBUG server.RaftServer$Division (RaftServerImpl.java:logAppendEntries(1545)) - s8@group-BDFE845AF3B0: appendEntries* reply s9<-s8#8054:OK-t1,SUCCESS,nextIndex=194,followerCommit=192,matchIndex=193
2024-10-09 04:30:06,126 DEBUG server.RaftServer$Division (RaftServerImpl.java:logAppendEntries(1545)) - s1@group-BDFE845AF3B0: appendEntries* reply s9<-s1#8055:OK-t1,SUCCESS,nextIndex=194,followerCommit=192,matchIndex=193
2024-10-09 04:30:06,126 DEBUG server.RaftServer$Division (RaftServerImpl.java:logAppendEntries(1545)) - s11@group-BDFE845AF3B0: appendEntries* s9->s11#8058-t1,previous=(t:1, i:192),leaderCommit=192,initializing? false,entries: size=1, first=(t:1, i:193), STATEMACHINELOGENTRY, StateMachineLogEntryProto:8052@client-CAAA969A923D
2024-10-09 04:30:06,126 DEBUG server.RaftServer$Division (RaftServerImpl.java:logAppendEntries(1545)) - s6@group-BDFE845AF3B0: appendEntries* s9->s6#8064-t1,previous=(t:1, i:192),leaderCommit=192,initializing? false,entries: size=1, first=(t:1, i:193), STATEMACHINELOGENTRY, StateMachineLogEntryProto:8052@client-CAAA969A923D
2024-10-09 04:30:06,126 DEBUG server.RaftServer$Division (RaftServerImpl.java:logAppendEntries(1545)) - s10@group-BDFE845AF3B0: appendEntries* reply s9<-s10#8063:OK-t1,SUCCESS,nextIndex=194,followerCommit=192,matchIndex=193
2024-10-09 04:30:06,126 DEBUG server.RaftServer$Division (RaftServerImpl.java:logAppendEntries(1545)) - s13@group-BDFE845AF3B0: appendEntries* reply s9<-s13#8060:OK-t1,SUCCESS,nextIndex=194,followerCommit=192,matchIndex=193
2024-10-09 04:30:06,126 DEBUG server.RaftServer$Division (RaftServerImpl.java:logAppendEntries(1545)) - s4@group-BDFE845AF3B0: appendEntries* reply s9<-s4#8057:OK-t1,SUCCESS,nextIndex=194,followerCommit=192,matchIndex=193
2024-10-09 04:30:06,126 DEBUG server.RaftServer$Division (RaftServerImpl.java:logAppendEntries(1545)) - s12@group-BDFE845AF3B0: appendEntries* s9->s12#8066-t1,previous=(t:1, i:192),leaderCommit=192,initializing? false,entries: size=1, first=(t:1, i:193), STATEMACHINELOGENTRY, StateMachineLogEntryProto:8052@client-CAAA969A923D
2024-10-09 04:30:06,126 DEBUG server.RaftServer$Division (RaftServerImpl.java:logAppendEntries(1545)) - s7@group-BDFE845AF3B0: appendEntries* s9->s7#8059-t1,previous=(t:1, i:192),leaderCommit=192,initializing? false,entries: size=1, first=(t:1, i:193), STATEMACHINELOGENTRY, StateMachineLogEntryProto:8052@client-CAAA969A923D
2024-10-09 04:30:06,126 DEBUG server.RaftServer$Division (RaftServerImpl.java:logAppendEntries(1545)) - s5@group-BDFE845AF3B0: appendEntries* s9->s5#8062-t1,previous=(t:1, i:192),leaderCommit=192,initializing? false,entries: size=1, first=(t:1, i:193), STATEMACHINELOGENTRY, StateMachineLogEntryProto:8052@client-CAAA969A923D
2024-10-09 04:30:06,126 DEBUG server.RaftServer$Division (RaftServerImpl.java:logAppendEntries(1545)) - s0@group-BDFE845AF3B0: appendEntries* reply s9<-s0#8056:OK-t1,SUCCESS,nextIndex=194,followerCommit=192,matchIndex=193
2024-10-09 04:30:06,127 DEBUG server.RaftServer$Division (RaftServerImpl.java:logAppendEntries(1545)) - s14@group-BDFE845AF3B0: appendEntries* s9->s14#8065-t1,previous=(t:1, i:192),leaderCommit=192,initializing? false,entries: size=1, first=(t:1, i:193), STATEMACHINELOGENTRY, StateMachineLogEntryProto:8052@client-CAAA969A923D
2024-10-09 04:30:06,127 DEBUG server.RaftServer$Division (RaftServerImpl.java:logAppendEntries(1545)) - s11@group-BDFE845AF3B0: appendEntries* reply s9<-s11#8058:OK-t1,SUCCESS,nextIndex=194,followerCommit=192,matchIndex=193
2024-10-09 04:30:06,126 DEBUG server.RaftServer$Division (RaftServerImpl.java:logAppendEntries(1545)) - s6@group-BDFE845AF3B0: appendEntries* reply s9<-s6#8064:OK-t1,SUCCESS,nextIndex=194,followerCommit=192,matchIndex=193
2024-10-09 04:30:06,126 DEBUG server.RaftServer$Division (RaftServerImpl.java:logAppendEntries(1545)) - s3@group-BDFE845AF3B0: appendEntries* reply s9<-s3#8061:OK-t1,SUCCESS,nextIndex=194,followerCommit=192,matchIndex=193
2024-10-09 04:30:06,128 INFO  statemachine.StateMachine (ArithmeticStateMachine.java:applyTransaction(181)) - LEADER:s9-193: a = 113 = 113
2024-10-09 04:30:06,128 DEBUG server.RaftServer$Division (RaftServerImpl.java:logAppendEntries(1545)) - s3@group-BDFE845AF3B0: appendEntries* s9->s3#8071-t1,previous=(t:1, i:193),leaderCommit=193,initializing? false,entries: size=1, first=(t:1, i:194), METADATAENTRY(c:193)
2024-10-09 04:30:06,128 DEBUG server.RaftServer$Division (RaftServerImpl.java:logAppendEntries(1545)) - s8@group-BDFE845AF3B0: appendEntries* s9->s8#8074-t1,previous=(t:1, i:193),leaderCommit=193,initializing? false,entries: size=1, first=(t:1, i:194), METADATAENTRY(c:193)
2024-10-09 04:30:06,128 DEBUG server.RaftServer$Division (RaftServerImpl.java:logAppendEntries(1545)) - s0@group-BDFE845AF3B0: appendEntries* s9->s0#8073-t1,previous=(t:1, i:193),leaderCommit=193,initializing? false,entries: size=1, first=(t:1, i:194), METADATAENTRY(c:193)
2024-10-09 04:30:06,128 DEBUG server.RaftServer$Division (RaftServerImpl.java:logAppendEntries(1545)) - s1@group-BDFE845AF3B0: appendEntries* s9->s1#8068-t1,previous=(t:1, i:193),leaderCommit=193,initializing? false,entries: size=1, first=(t:1, i:194), METADATAENTRY(c:193)
2024-10-09 04:30:06,127 DEBUG server.RaftServer$Division (RaftServerImpl.java:logAppendEntries(1545)) - s7@group-BDFE845AF3B0: appendEntries* reply s9<-s7#8059:OK-t1,SUCCESS,nextIndex=194,followerCommit=192,matchIndex=193
2024-10-09 04:30:06,128 DEBUG server.RaftServer$Division (RaftServerImpl.java:logAppendEntries(1545)) - s13@group-BDFE845AF3B0: appendEntries* s9->s13#8075-t1,previous=(t:1, i:193),leaderCommit=193,initializing? false,entries: size=1, first=(t:1, i:194), METADATAENTRY(c:193)
2024-10-09 04:30:06,128 DEBUG server.RaftServer$Division (RaftServerImpl.java:logAppendEntries(1545)) - s10@group-BDFE845AF3B0: appendEntries* s9->s10#8070-t1,previous=(t:1, i:193),leaderCommit=193,initializing? false,entries: size=1, first=(t:1, i:194), METADATAENTRY(c:193)
2024-10-09 04:30:06,129 DEBUG server.RaftServer$Division (RaftServerImpl.java:logAppendEntries(1545)) - s8@group-BDFE845AF3B0: appendEntries* reply s9<-s8#8074:OK-t1,SUCCESS,nextIndex=195,followerCommit=193,matchIndex=194
2024-10-09 04:30:06,127 DEBUG server.RaftServer$Division (RaftServerImpl.java:logAppendEntries(1545)) - s5@group-BDFE845AF3B0: appendEntries* reply s9<-s5#8062:OK-t1,SUCCESS,nextIndex=194,followerCommit=192,matchIndex=193
2024-10-09 04:30:06,127 DEBUG server.RaftServer$Division (RaftServerImpl.java:logAppendEntries(1545)) - s12@group-BDFE845AF3B0: appendEntries* reply s9<-s12#8066:OK-t1,SUCCESS,nextIndex=194,followerCommit=192,matchIndex=193
2024-10-09 04:30:06,129 DEBUG server.RaftServer$Division (RaftServerImpl.java:logAppendEntries(1545)) - s11@group-BDFE845AF3B0: appendEntries* s9->s11#8076-t1,previous=(t:1, i:193),leaderCommit=193,initializing? false,entries: size=1, first=(t:1, i:194), METADATAENTRY(c:193)
2024-10-09 04:30:06,129 DEBUG server.RaftServer$Division (RaftServerImpl.java:logAppendEntries(1545)) - s10@group-BDFE845AF3B0: appendEntries* reply s9<-s10#8070:OK-t1,SUCCESS,nextIndex=195,followerCommit=193,matchIndex=194
2024-10-09 04:30:06,129 DEBUG server.RaftServer$Division (RaftServerImpl.java:logAppendEntries(1545)) - s7@group-BDFE845AF3B0: appendEntries* s9->s7#8077-t1,previous=(t:1, i:193),leaderCommit=193,initializing? false,entries: size=1, first=(t:1, i:194), METADATAENTRY(c:193)
2024-10-09 04:30:06,129 DEBUG server.RaftServer$Division (RaftServerImpl.java:logAppendEntries(1545)) - s11@group-BDFE845AF3B0: appendEntries* reply s9<-s11#8076:OK-t1,SUCCESS,nextIndex=195,followerCommit=193,matchIndex=194
2024-10-09 04:30:06,130 DEBUG server.RaftServer$Division (RaftServerImpl.java:logAppendEntries(1545)) - s7@group-BDFE845AF3B0: appendEntries* reply s9<-s7#8077:OK-t1,SUCCESS,nextIndex=195,followerCommit=193,matchIndex=194
2024-10-09 04:30:06,127 DEBUG server.RaftServer$Division (RaftServerImpl.java:logAppendEntries(1545)) - s2@group-BDFE845AF3B0: appendEntries* s9->s2#8067-t1,previous=(t:1, i:192),leaderCommit=192,initializing? false,entries: size=1, first=(t:1, i:193), STATEMACHINELOGENTRY, StateMachineLogEntryProto:8052@client-CAAA969A923D
2024-10-09 04:30:06,130 DEBUG server.RaftServer$Division (RaftServerImpl.java:logAppendEntries(1545)) - s5@group-BDFE845AF3B0: appendEntries* s9->s5#8078-t1,previous=(t:1, i:193),leaderCommit=193,initializing? false,entries: size=1, first=(t:1, i:194), METADATAENTRY(c:193)
2024-10-09 04:30:06,129 DEBUG server.RaftServer$Division (RaftServerImpl.java:logAppendEntries(1545)) - s12@group-BDFE845AF3B0: appendEntries* s9->s12#8079-t1,previous=(t:1, i:193),leaderCommit=193,initializing? false,entries: size=1, first=(t:1, i:194), METADATAENTRY(c:193)
2024-10-09 04:30:06,129 DEBUG server.RaftServer$Division (RaftServerImpl.java:logAppendEntries(1545)) - s13@group-BDFE845AF3B0: appendEntries* reply s9<-s13#8075:OK-t1,SUCCESS,nextIndex=195,followerCommit=193,matchIndex=194
2024-10-09 04:30:06,129 DEBUG server.RaftServer$Division (RaftServerImpl.java:logAppendEntries(1545)) - s3@group-BDFE845AF3B0: appendEntries* reply s9<-s3#8071:OK-t1,SUCCESS,nextIndex=195,followerCommit=193,matchIndex=194
2024-10-09 04:30:06,130 DEBUG server.RaftServer$Division (RaftServerImpl.java:logAppendEntries(1545)) - s5@group-BDFE845AF3B0: appendEntries* reply s9<-s5#8078:OK-t1,SUCCESS,nextIndex=195,followerCommit=193,matchIndex=194
2024-10-09 04:30:06,129 DEBUG server.RaftServer$Division (RaftServerImpl.java:logAppendEntries(1545)) - s0@group-BDFE845AF3B0: appendEntries* reply s9<-s0#8073:OK-t1,SUCCESS,nextIndex=195,followerCommit=193,matchIndex=194
2024-10-09 04:30:06,129 DEBUG server.RaftServer$Division (RaftServerImpl.java:logAppendEntries(1545)) - s1@group-BDFE845AF3B0: appendEntries* reply s9<-s1#8068:OK-t1,SUCCESS,nextIndex=195,followerCommit=193,matchIndex=194
2024-10-09 04:30:06,128 DEBUG server.RaftServer$Division (RaftServerImpl.java:logAppendEntries(1545)) - s14@group-BDFE845AF3B0: appendEntries* reply s9<-s14#8065:OK-t1,SUCCESS,nextIndex=194,followerCommit=192,matchIndex=193
2024-10-09 04:30:06,128 DEBUG server.RaftServer$Division (RaftServerImpl.java:logAppendEntries(1545)) - s6@group-BDFE845AF3B0: appendEntries* s9->s6#8069-t1,previous=(t:1, i:193),leaderCommit=193,initializing? false,entries: size=1, first=(t:1, i:194), METADATAENTRY(c:193)
2024-10-09 04:30:06,128 DEBUG server.RaftServer$Division (RaftServerImpl.java:logAppendEntries(1545)) - s4@group-BDFE845AF3B0: appendEntries* s9->s4#8072-t1,previous=(t:1, i:193),leaderCommit=193,initializing? false,entries: size=1, first=(t:1, i:194), METADATAENTRY(c:193)
2024-10-09 04:30:06,131 DEBUG server.RaftServer$Division (RaftServerImpl.java:submitClientRequestAsync(916)) - s9@group-BDFE845AF3B0: receive client request(RaftClientRequest:client-CAAA969A923D->s9@group-BDFE845AF3B0, cid=8080, seq=null, RW, Message:0101620240b8f0000000...(size=12))
2024-10-09 04:30:06,131 DEBUG server.RaftServer$Division (LeaderStateImpl.java:addPendingRequest(529)) - s9@group-BDFE845AF3B0-LeaderStateImpl: addPendingRequest at RaftClientRequest:client-CAAA969A923D->s9@group-BDFE845AF3B0, cid=8080, seq=null, RW, Message:0101620240b8f0000000...(size=12), entry=(t:1, i:195), STATEMACHINELOGENTRY, WRITE: logData.size=12, stateMachineData.size=0, logEntryProtoSerializedSize=0
2024-10-09 04:30:06,131 DEBUG server.RaftServer$Division (RaftServerImpl.java:logAppendEntries(1545)) - s0@group-BDFE845AF3B0: appendEntries* s9->s0#8082-t1,previous=(t:1, i:194),leaderCommit=194,initializing? false,entries: size=1, first=(t:1, i:195), STATEMACHINELOGENTRY, StateMachineLogEntryProto:8080@client-CAAA969A923D
2024-10-09 04:30:06,132 DEBUG server.RaftServer$Division (RaftServerImpl.java:logAppendEntries(1545)) - s7@group-BDFE845AF3B0: appendEntries* s9->s7#8083-t1,previous=(t:1, i:194),leaderCommit=194,initializing? false,entries: size=1, first=(t:1, i:195), STATEMACHINELOGENTRY, StateMachineLogEntryProto:8080@client-CAAA969A923D
2024-10-09 04:30:06,132 DEBUG server.RaftServer$Division (RaftServerImpl.java:logAppendEntries(1545)) - s8@group-BDFE845AF3B0: appendEntries* s9->s8#8084-t1,previous=(t:1, i:194),leaderCommit=194,initializing? false,entries: size=1, first=(t:1, i:195), STATEMACHINELOGENTRY, StateMachineLogEntryProto:8080@client-CAAA969A923D
2024-10-09 04:30:06,132 DEBUG server.RaftServer$Division (RaftServerImpl.java:logAppendEntries(1545)) - s14@group-BDFE845AF3B0: appendEntries* s9->s14#8081-t1,previous=(t:1, i:193),leaderCommit=194,initializing? false,entries: size=1, first=(t:1, i:194), METADATAENTRY(c:193)
2024-10-09 04:30:06,132 DEBUG server.RaftServer$Division (RaftServerImpl.java:logAppendEntries(1545)) - s10@group-BDFE845AF3B0: appendEntries* s9->s10#8087-t1,previous=(t:1, i:194),leaderCommit=194,initializing? false,entries: size=1, first=(t:1, i:195), STATEMACHINELOGENTRY, StateMachineLogEntryProto:8080@client-CAAA969A923D
2024-10-09 04:30:06,132 DEBUG server.RaftServer$Division (RaftServerImpl.java:logAppendEntries(1545)) - s0@group-BDFE845AF3B0: appendEntries* reply s9<-s0#8082:OK-t1,SUCCESS,nextIndex=196,followerCommit=194,matchIndex=195
2024-10-09 04:30:06,132 DEBUG server.RaftServer$Division (RaftServerImpl.java:logAppendEntries(1545)) - s4@group-BDFE845AF3B0: appendEntries* reply s9<-s4#8072:OK-t1,SUCCESS,nextIndex=195,followerCommit=193,matchIndex=194
2024-10-09 04:30:06,133 DEBUG server.RaftServer$Division (RaftServerImpl.java:logAppendEntries(1545)) - s13@group-BDFE845AF3B0: appendEntries* s9->s13#8088-t1,previous=(t:1, i:194),leaderCommit=194,initializing? false,entries: size=1, first=(t:1, i:195), STATEMACHINELOGENTRY, StateMachineLogEntryProto:8080@client-CAAA969A923D
2024-10-09 04:30:06,133 DEBUG server.RaftServer$Division (RaftServerImpl.java:logAppendEntries(1545)) - s8@group-BDFE845AF3B0: appendEntries* reply s9<-s8#8084:OK-t1,SUCCESS,nextIndex=196,followerCommit=194,matchIndex=195
2024-10-09 04:30:06,133 DEBUG server.RaftServer$Division (RaftServerImpl.java:logAppendEntries(1545)) - s2@group-BDFE845AF3B0: appendEntries* reply s9<-s2#8067:OK-t1,SUCCESS,nextIndex=194,followerCommit=192,matchIndex=193
2024-10-09 04:30:06,133 DEBUG server.RaftServer$Division (RaftServerImpl.java:logAppendEntries(1545)) - s4@group-BDFE845AF3B0: appendEntries* s9->s4#8091-t1,previous=(t:1, i:194),leaderCommit=194,initializing? false,entries: size=1, first=(t:1, i:195), STATEMACHINELOGENTRY, StateMachineLogEntryProto:8080@client-CAAA969A923D
2024-10-09 04:30:06,132 DEBUG server.RaftServer$Division (RaftServerImpl.java:logAppendEntries(1545)) - s11@group-BDFE845AF3B0: appendEntries* s9->s11#8086-t1,previous=(t:1, i:194),leaderCommit=194,initializing? false,entries: size=1, first=(t:1, i:195), STATEMACHINELOGENTRY, StateMachineLogEntryProto:8080@client-CAAA969A923D
2024-10-09 04:30:06,133 DEBUG server.RaftServer$Division (RaftServerImpl.java:logAppendEntries(1545)) - s2@group-BDFE845AF3B0: appendEntries* s9->s2#8092-t1,previous=(t:1, i:193),leaderCommit=194,initializing? false,entries: size=2, first=(t:1, i:194), METADATAENTRY(c:193)
2024-10-09 04:30:06,133 DEBUG server.RaftServer$Division (RaftServerImpl.java:logAppendEntries(1545)) - s3@group-BDFE845AF3B0: appendEntries* s9->s3#8089-t1,previous=(t:1, i:194),leaderCommit=194,initializing? false,entries: size=1, first=(t:1, i:195), STATEMACHINELOGENTRY, StateMachineLogEntryProto:8080@client-CAAA969A923D
2024-10-09 04:30:06,134 DEBUG server.RaftServer$Division (RaftServerImpl.java:logAppendEntries(1545)) - s14@group-BDFE845AF3B0: appendEntries* reply s9<-s14#8081:OK-t1,SUCCESS,nextIndex=195,followerCommit=194,matchIndex=194
2024-10-09 04:30:06,133 DEBUG server.RaftServer$Division (RaftServerImpl.java:logAppendEntries(1545)) - s5@group-BDFE845AF3B0: appendEntries* s9->s5#8090-t1,previous=(t:1, i:194),leaderCommit=194,initializing? false,entries: size=1, first=(t:1, i:195), STATEMACHINELOGENTRY, StateMachineLogEntryProto:8080@client-CAAA969A923D
2024-10-09 04:30:06,133 DEBUG server.RaftServer$Division (RaftServerImpl.java:logAppendEntries(1545)) - s10@group-BDFE845AF3B0: appendEntries* reply s9<-s10#8087:OK-t1,SUCCESS,nextIndex=196,followerCommit=194,matchIndex=195
2024-10-09 04:30:06,133 DEBUG server.RaftServer$Division (RaftServerImpl.java:logAppendEntries(1545)) - s7@group-BDFE845AF3B0: appendEntries* reply s9<-s7#8083:OK-t1,SUCCESS,nextIndex=196,followerCommit=194,matchIndex=195
2024-10-09 04:30:06,132 DEBUG server.RaftServer$Division (RaftServerImpl.java:logAppendEntries(1545)) - s1@group-BDFE845AF3B0: appendEntries* s9->s1#8085-t1,previous=(t:1, i:194),leaderCommit=194,initializing? false,entries: size=1, first=(t:1, i:195), STATEMACHINELOGENTRY, StateMachineLogEntryProto:8080@client-CAAA969A923D
2024-10-09 04:30:06,132 DEBUG server.RaftServer$Division (RaftServerImpl.java:logAppendEntries(1545)) - s6@group-BDFE845AF3B0: appendEntries* reply s9<-s6#8069:OK-t1,SUCCESS,nextIndex=195,followerCommit=193,matchIndex=194
2024-10-09 04:30:06,134 DEBUG server.RaftServer$Division (RaftServerImpl.java:logAppendEntries(1545)) - s5@group-BDFE845AF3B0: appendEntries* reply s9<-s5#8090:OK-t1,SUCCESS,nextIndex=196,followerCommit=194,matchIndex=195
2024-10-09 04:30:06,134 DEBUG server.RaftServer$Division (RaftServerImpl.java:logAppendEntries(1545)) - s11@group-BDFE845AF3B0: appendEntries* reply s9<-s11#8086:OK-t1,SUCCESS,nextIndex=196,followerCommit=194,matchIndex=195
2024-10-09 04:30:06,132 DEBUG server.RaftServer$Division (RaftServerImpl.java:logAppendEntries(1545)) - s12@group-BDFE845AF3B0: appendEntries* reply s9<-s12#8079:OK-t1,SUCCESS,nextIndex=195,followerCommit=193,matchIndex=194
2024-10-09 04:30:06,134 DEBUG server.RaftServer$Division (RaftServerImpl.java:logAppendEntries(1545)) - s1@group-BDFE845AF3B0: appendEntries* reply s9<-s1#8085:OK-t1,SUCCESS,nextIndex=196,followerCommit=194,matchIndex=195
2024-10-09 04:30:06,134 DEBUG server.RaftServer$Division (RaftServerImpl.java:logAppendEntries(1545)) - s3@group-BDFE845AF3B0: appendEntries* reply s9<-s3#8089:OK-t1,SUCCESS,nextIndex=196,followerCommit=194,matchIndex=195
2024-10-09 04:30:06,133 DEBUG server.RaftServer$Division (RaftServerImpl.java:logAppendEntries(1545)) - s4@group-BDFE845AF3B0: appendEntries* reply s9<-s4#8091:OK-t1,SUCCESS,nextIndex=196,followerCommit=194,matchIndex=195
2024-10-09 04:30:06,133 DEBUG server.RaftServer$Division (RaftServerImpl.java:logAppendEntries(1545)) - s13@group-BDFE845AF3B0: appendEntries* reply s9<-s13#8088:OK-t1,SUCCESS,nextIndex=196,followerCommit=194,matchIndex=195
2024-10-09 04:30:06,135 DEBUG server.RaftServer$Division (RaftServerImpl.java:logAppendEntries(1545)) - s2@group-BDFE845AF3B0: appendEntries* reply s9<-s2#8092:OK-t1,SUCCESS,nextIndex=196,followerCommit=194,matchIndex=195
2024-10-09 04:30:06,135 DEBUG server.RaftServer$Division (RaftServerImpl.java:logAppendEntries(1545)) - s6@group-BDFE845AF3B0: appendEntries* s9->s6#8093-t1,previous=(t:1, i:194),leaderCommit=194,initializing? false,entries: size=1, first=(t:1, i:195), STATEMACHINELOGENTRY, StateMachineLogEntryProto:8080@client-CAAA969A923D
2024-10-09 04:30:06,135 INFO  statemachine.StateMachine (ArithmeticStateMachine.java:applyTransaction(181)) - LEADER:s9-195: b = 6384 = 6384
2024-10-09 04:30:06,135 DEBUG server.RaftServer$Division (RaftServerImpl.java:logAppendEntries(1545)) - s3@group-BDFE845AF3B0: appendEntries* s9->s3#8096-t1,previous=(t:1, i:195),leaderCommit=195,initializing? false,entries: size=1, first=(t:1, i:196), METADATAENTRY(c:195)
2024-10-09 04:30:06,136 DEBUG server.RaftServer$Division (RaftServerImpl.java:logAppendEntries(1545)) - s8@group-BDFE845AF3B0: appendEntries* s9->s8#8100-t1,previous=(t:1, i:195),leaderCommit=195,initializing? false,entries: size=1, first=(t:1, i:196), METADATAENTRY(c:195)
2024-10-09 04:30:06,135 DEBUG server.RaftServer$Division (RaftServerImpl.java:logAppendEntries(1545)) - s14@group-BDFE845AF3B0: appendEntries* s9->s14#8097-t1,previous=(t:1, i:194),leaderCommit=195,initializing? false,entries: size=2, first=(t:1, i:195), STATEMACHINELOGENTRY, StateMachineLogEntryProto:8080@client-CAAA969A923D
2024-10-09 04:30:06,136 DEBUG server.RaftServer$Division (RaftServerImpl.java:logAppendEntries(1545)) - s6@group-BDFE845AF3B0: appendEntries* reply s9<-s6#8093:OK-t1,SUCCESS,nextIndex=196,followerCommit=194,matchIndex=195
2024-10-09 04:30:06,136 DEBUG server.RaftServer$Division (RaftServerImpl.java:logAppendEntries(1545)) - s4@group-BDFE845AF3B0: appendEntries* s9->s4#8102-t1,previous=(t:1, i:195),leaderCommit=195,initializing? false,entries: size=1, first=(t:1, i:196), METADATAENTRY(c:195)
2024-10-09 04:30:06,136 DEBUG server.RaftServer$Division (RaftServerImpl.java:logAppendEntries(1545)) - s7@group-BDFE845AF3B0: appendEntries* s9->s7#8101-t1,previous=(t:1, i:195),leaderCommit=195,initializing? false,entries: size=1, first=(t:1, i:196), METADATAENTRY(c:195)
2024-10-09 04:30:06,136 DEBUG server.RaftServer$Division (RaftServerImpl.java:logAppendEntries(1545)) - s13@group-BDFE845AF3B0: appendEntries* s9->s13#8103-t1,previous=(t:1, i:195),leaderCommit=195,initializing? false,entries: size=1, first=(t:1, i:196), METADATAENTRY(c:195)
2024-10-09 04:30:06,136 DEBUG server.RaftServer$Division (RaftServerImpl.java:logAppendEntries(1545)) - s4@group-BDFE845AF3B0: appendEntries* reply s9<-s4#8102:OK-t1,SUCCESS,nextIndex=197,followerCommit=195,matchIndex=196
2024-10-09 04:30:06,137 DEBUG server.RaftServer$Division (RaftServerImpl.java:logAppendEntries(1545)) - s10@group-BDFE845AF3B0: appendEntries* s9->s10#8105-t1,previous=(t:1, i:195),leaderCommit=195,initializing? false,entries: size=1, first=(t:1, i:196), METADATAENTRY(c:195)
2024-10-09 04:30:06,137 DEBUG server.RaftServer$Division (RaftServerImpl.java:logAppendEntries(1545)) - s7@group-BDFE845AF3B0: appendEntries* reply s9<-s7#8101:OK-t1,SUCCESS,nextIndex=197,followerCommit=195,matchIndex=196
2024-10-09 04:30:06,137 DEBUG server.RaftServer$Division (RaftServerImpl.java:logAppendEntries(1545)) - s13@group-BDFE845AF3B0: appendEntries* reply s9<-s13#8103:OK-t1,SUCCESS,nextIndex=197,followerCommit=195,matchIndex=196
2024-10-09 04:30:06,137 DEBUG server.RaftServer$Division (RaftServerImpl.java:logAppendEntries(1545)) - s14@group-BDFE845AF3B0: appendEntries* reply s9<-s14#8097:OK-t1,SUCCESS,nextIndex=197,followerCommit=195,matchIndex=196
2024-10-09 04:30:06,137 DEBUG server.RaftServer$Division (RaftServerImpl.java:logAppendEntries(1545)) - s10@group-BDFE845AF3B0: appendEntries* reply s9<-s10#8105:OK-t1,SUCCESS,nextIndex=197,followerCommit=195,matchIndex=196
2024-10-09 04:30:06,136 DEBUG server.RaftServer$Division (RaftServerImpl.java:logAppendEntries(1545)) - s0@group-BDFE845AF3B0: appendEntries* s9->s0#8099-t1,previous=(t:1, i:195),leaderCommit=195,initializing? false,entries: size=1, first=(t:1, i:196), METADATAENTRY(c:195)
2024-10-09 04:30:06,136 DEBUG server.RaftServer$Division (RaftServerImpl.java:logAppendEntries(1545)) - s12@group-BDFE845AF3B0: appendEntries* s9->s12#8094-t1,previous=(t:1, i:194),leaderCommit=194,initializing? false,entries: size=1, first=(t:1, i:195), STATEMACHINELOGENTRY, StateMachineLogEntryProto:8080@client-CAAA969A923D
2024-10-09 04:30:06,138 DEBUG server.RaftServer$Division (RaftServerImpl.java:submitClientRequestAsync(916)) - s9@group-BDFE845AF3B0: receive client request(RaftClientRequest:client-CAAA969A923D->s9@group-BDFE845AF3B0, cid=8108, seq=null, RW, Message:01016304010300040201...(size=17))
2024-10-09 04:30:06,138 DEBUG server.RaftServer$Division (RaftServerImpl.java:logAppendEntries(1545)) - s12@group-BDFE845AF3B0: appendEntries* reply s9<-s12#8094:OK-t1,SUCCESS,nextIndex=196,followerCommit=194,matchIndex=195
2024-10-09 04:30:06,138 DEBUG server.RaftServer$Division (RaftServerImpl.java:logAppendEntries(1545)) - s2@group-BDFE845AF3B0: appendEntries* s9->s2#8104-t1,previous=(t:1, i:195),leaderCommit=195,initializing? false,entries: size=1, first=(t:1, i:196), METADATAENTRY(c:195)
2024-10-09 04:30:06,138 DEBUG server.RaftServer$Division (RaftServerImpl.java:logAppendEntries(1545)) - s0@group-BDFE845AF3B0: appendEntries* reply s9<-s0#8099:OK-t1,SUCCESS,nextIndex=197,followerCommit=195,matchIndex=196
2024-10-09 04:30:06,137 DEBUG server.RaftServer$Division (RaftServerImpl.java:logAppendEntries(1545)) - s6@group-BDFE845AF3B0: appendEntries* s9->s6#8107-t1,previous=(t:1, i:195),leaderCommit=195,initializing? false,entries: size=1, first=(t:1, i:196), METADATAENTRY(c:195)
2024-10-09 04:30:06,137 DEBUG server.RaftServer$Division (RaftServerImpl.java:logAppendEntries(1545)) - s1@group-BDFE845AF3B0: appendEntries* s9->s1#8095-t1,previous=(t:1, i:195),leaderCommit=195,initializing? false,entries: size=1, first=(t:1, i:196), METADATAENTRY(c:195)
2024-10-09 04:30:06,136 DEBUG server.RaftServer$Division (RaftServerImpl.java:logAppendEntries(1545)) - s11@group-BDFE845AF3B0: appendEntries* s9->s11#8106-t1,previous=(t:1, i:195),leaderCommit=195,initializing? false,entries: size=1, first=(t:1, i:196), METADATAENTRY(c:195)
2024-10-09 04:30:06,136 DEBUG server.RaftServer$Division (RaftServerImpl.java:logAppendEntries(1545)) - s8@group-BDFE845AF3B0: appendEntries* reply s9<-s8#8100:OK-t1,SUCCESS,nextIndex=197,followerCommit=195,matchIndex=196
2024-10-09 04:30:06,136 DEBUG server.RaftServer$Division (RaftServerImpl.java:logAppendEntries(1545)) - s3@group-BDFE845AF3B0: appendEntries* reply s9<-s3#8096:OK-t1,SUCCESS,nextIndex=197,followerCommit=195,matchIndex=196
2024-10-09 04:30:06,136 DEBUG server.RaftServer$Division (RaftServerImpl.java:logAppendEntries(1545)) - s5@group-BDFE845AF3B0: appendEntries* s9->s5#8098-t1,previous=(t:1, i:195),leaderCommit=195,initializing? false,entries: size=1, first=(t:1, i:196), METADATAENTRY(c:195)
2024-10-09 04:30:06,139 DEBUG server.RaftServer$Division (RaftServerImpl.java:logAppendEntries(1545)) - s11@group-BDFE845AF3B0: appendEntries* reply s9<-s11#8106:OK-t1,SUCCESS,nextIndex=197,followerCommit=195,matchIndex=196
2024-10-09 04:30:06,139 DEBUG server.RaftServer$Division (RaftServerImpl.java:logAppendEntries(1545)) - s1@group-BDFE845AF3B0: appendEntries* reply s9<-s1#8095:OK-t1,SUCCESS,nextIndex=197,followerCommit=195,matchIndex=196
2024-10-09 04:30:06,139 DEBUG server.RaftServer$Division (RaftServerImpl.java:logAppendEntries(1545)) - s6@group-BDFE845AF3B0: appendEntries* reply s9<-s6#8107:OK-t1,SUCCESS,nextIndex=197,followerCommit=195,matchIndex=196
2024-10-09 04:30:06,140 DEBUG server.RaftServer$Division (RaftServerImpl.java:logAppendEntries(1545)) - s3@group-BDFE845AF3B0: appendEntries* s9->s3#8111-t1,previous=(t:1, i:196),leaderCommit=195,initializing? false,entries: size=1, first=(t:1, i:197), STATEMACHINELOGENTRY, StateMachineLogEntryProto:8108@client-CAAA969A923D
2024-10-09 04:30:06,139 DEBUG server.RaftServer$Division (LeaderStateImpl.java:addPendingRequest(529)) - s9@group-BDFE845AF3B0-LeaderStateImpl: addPendingRequest at RaftClientRequest:client-CAAA969A923D->s9@group-BDFE845AF3B0, cid=8108, seq=null, RW, Message:01016304010300040201...(size=17), entry=(t:1, i:197), STATEMACHINELOGENTRY, WRITE: logData.size=17, stateMachineData.size=0, logEntryProtoSerializedSize=0
2024-10-09 04:30:06,140 DEBUG server.RaftServer$Division (RaftServerImpl.java:logAppendEntries(1545)) - s8@group-BDFE845AF3B0: appendEntries* s9->s8#8110-t1,previous=(t:1, i:196),leaderCommit=195,initializing? false,entries: size=1, first=(t:1, i:197), STATEMACHINELOGENTRY, StateMachineLogEntryProto:8108@client-CAAA969A923D
2024-10-09 04:30:06,140 DEBUG server.RaftServer$Division (RaftServerImpl.java:logAppendEntries(1545)) - s1@group-BDFE845AF3B0: appendEntries* s9->s1#8117-t1,previous=(t:1, i:196),leaderCommit=195,initializing? false,entries: size=1, first=(t:1, i:197), STATEMACHINELOGENTRY, StateMachineLogEntryProto:8108@client-CAAA969A923D
2024-10-09 04:30:06,139 DEBUG server.RaftServer$Division (RaftServerImpl.java:logAppendEntries(1545)) - s2@group-BDFE845AF3B0: appendEntries* reply s9<-s2#8104:OK-t1,SUCCESS,nextIndex=197,followerCommit=195,matchIndex=196
2024-10-09 04:30:06,140 DEBUG server.RaftServer$Division (RaftServerImpl.java:logAppendEntries(1545)) - s13@group-BDFE845AF3B0: appendEntries* s9->s13#8112-t1,previous=(t:1, i:196),leaderCommit=195,initializing? false,entries: size=1, first=(t:1, i:197), STATEMACHINELOGENTRY, StateMachineLogEntryProto:8108@client-CAAA969A923D
2024-10-09 04:30:06,140 DEBUG server.RaftServer$Division (RaftServerImpl.java:logAppendEntries(1545)) - s7@group-BDFE845AF3B0: appendEntries* s9->s7#8118-t1,previous=(t:1, i:196),leaderCommit=195,initializing? false,entries: size=1, first=(t:1, i:197), STATEMACHINELOGENTRY, StateMachineLogEntryProto:8108@client-CAAA969A923D
2024-10-09 04:30:06,140 DEBUG server.RaftServer$Division (RaftServerImpl.java:logAppendEntries(1545)) - s3@group-BDFE845AF3B0: appendEntries* reply s9<-s3#8111:OK-t1,SUCCESS,nextIndex=198,followerCommit=195,matchIndex=197
2024-10-09 04:30:06,140 DEBUG server.RaftServer$Division (RaftServerImpl.java:logAppendEntries(1545)) - s14@group-BDFE845AF3B0: appendEntries* s9->s14#8114-t1,previous=(t:1, i:196),leaderCommit=195,initializing? false,entries: size=1, first=(t:1, i:197), STATEMACHINELOGENTRY, StateMachineLogEntryProto:8108@client-CAAA969A923D
2024-10-09 04:30:06,141 DEBUG server.RaftServer$Division (RaftServerImpl.java:logAppendEntries(1545)) - s6@group-BDFE845AF3B0: appendEntries* s9->s6#8120-t1,previous=(t:1, i:196),leaderCommit=196,initializing? false,entries: size=1, first=(t:1, i:197), STATEMACHINELOGENTRY, StateMachineLogEntryProto:8108@client-CAAA969A923D
2024-10-09 04:30:06,138 DEBUG server.RaftServer$Division (RaftServerImpl.java:logAppendEntries(1545)) - s12@group-BDFE845AF3B0: appendEntries* s9->s12#8109-t1,previous=(t:1, i:195),leaderCommit=195,initializing? false,entries: size=1, first=(t:1, i:196), METADATAENTRY(c:195)
2024-10-09 04:30:06,141 DEBUG server.RaftServer$Division (RaftServerImpl.java:logAppendEntries(1545)) - s14@group-BDFE845AF3B0: appendEntries* reply s9<-s14#8114:OK-t1,SUCCESS,nextIndex=198,followerCommit=195,matchIndex=197
2024-10-09 04:30:06,141 DEBUG server.RaftServer$Division (RaftServerImpl.java:logAppendEntries(1545)) - s7@group-BDFE845AF3B0: appendEntries* reply s9<-s7#8118:OK-t1,SUCCESS,nextIndex=198,followerCommit=195,matchIndex=197
2024-10-09 04:30:06,141 DEBUG server.RaftServer$Division (RaftServerImpl.java:logAppendEntries(1545)) - s6@group-BDFE845AF3B0: appendEntries* reply s9<-s6#8120:OK-t1,SUCCESS,nextIndex=198,followerCommit=196,matchIndex=197
2024-10-09 04:30:06,141 DEBUG server.RaftServer$Division (RaftServerImpl.java:logAppendEntries(1545)) - s13@group-BDFE845AF3B0: appendEntries* reply s9<-s13#8112:OK-t1,SUCCESS,nextIndex=198,followerCommit=195,matchIndex=197
2024-10-09 04:30:06,140 DEBUG server.RaftServer$Division (RaftServerImpl.java:logAppendEntries(1545)) - s5@group-BDFE845AF3B0: appendEntries* reply s9<-s5#8098:OK-t1,SUCCESS,nextIndex=197,followerCommit=195,matchIndex=196
2024-10-09 04:30:06,140 DEBUG server.RaftServer$Division (RaftServerImpl.java:logAppendEntries(1545)) - s8@group-BDFE845AF3B0: appendEntries* reply s9<-s8#8110:OK-t1,SUCCESS,nextIndex=198,followerCommit=195,matchIndex=197
2024-10-09 04:30:06,140 DEBUG server.RaftServer$Division (RaftServerImpl.java:logAppendEntries(1545)) - s1@group-BDFE845AF3B0: appendEntries* reply s9<-s1#8117:OK-t1,SUCCESS,nextIndex=198,followerCommit=195,matchIndex=197
2024-10-09 04:30:06,140 DEBUG server.RaftServer$Division (RaftServerImpl.java:logAppendEntries(1545)) - s11@group-BDFE845AF3B0: appendEntries* s9->s11#8119-t1,previous=(t:1, i:196),leaderCommit=196,initializing? false,entries: size=1, first=(t:1, i:197), STATEMACHINELOGENTRY, StateMachineLogEntryProto:8108@client-CAAA969A923D
2024-10-09 04:30:06,142 DEBUG server.RaftServer$Division (RaftServerImpl.java:logAppendEntries(1545)) - s2@group-BDFE845AF3B0: appendEntries* s9->s2#8121-t1,previous=(t:1, i:196),leaderCommit=196,initializing? false,entries: size=1, first=(t:1, i:197), STATEMACHINELOGENTRY, StateMachineLogEntryProto:8108@client-CAAA969A923D
2024-10-09 04:30:06,140 DEBUG server.RaftServer$Division (RaftServerImpl.java:logAppendEntries(1545)) - s4@group-BDFE845AF3B0: appendEntries* s9->s4#8115-t1,previous=(t:1, i:196),leaderCommit=195,initializing? false,entries: size=1, first=(t:1, i:197), STATEMACHINELOGENTRY, StateMachineLogEntryProto:8108@client-CAAA969A923D
2024-10-09 04:30:06,140 DEBUG server.RaftServer$Division (RaftServerImpl.java:logAppendEntries(1545)) - s0@group-BDFE845AF3B0: appendEntries* s9->s0#8113-t1,previous=(t:1, i:196),leaderCommit=195,initializing? false,entries: size=1, first=(t:1, i:197), STATEMACHINELOGENTRY, StateMachineLogEntryProto:8108@client-CAAA969A923D
2024-10-09 04:30:06,142 DEBUG server.RaftServer$Division (RaftServerImpl.java:logAppendEntries(1545)) - s11@group-BDFE845AF3B0: appendEntries* reply s9<-s11#8119:OK-t1,SUCCESS,nextIndex=198,followerCommit=196,matchIndex=197
2024-10-09 04:30:06,140 DEBUG server.RaftServer$Division (RaftServerImpl.java:logAppendEntries(1545)) - s10@group-BDFE845AF3B0: appendEntries* s9->s10#8116-t1,previous=(t:1, i:196),leaderCommit=195,initializing? false,entries: size=1, first=(t:1, i:197), STATEMACHINELOGENTRY, StateMachineLogEntryProto:8108@client-CAAA969A923D
2024-10-09 04:30:06,142 DEBUG server.RaftServer$Division (RaftServerImpl.java:logAppendEntries(1545)) - s4@group-BDFE845AF3B0: appendEntries* reply s9<-s4#8115:OK-t1,SUCCESS,nextIndex=198,followerCommit=195,matchIndex=197
2024-10-09 04:30:06,143 DEBUG server.RaftServer$Division (RaftServerImpl.java:logAppendEntries(1545)) - s8@group-BDFE845AF3B0: appendEntries* s9->s8#8128-t1,previous=(t:1, i:197),leaderCommit=197,initializing? false,entries: size=1, first=(t:1, i:198), METADATAENTRY(c:197)
2024-10-09 04:30:06,143 DEBUG server.RaftServer$Division (RaftServerImpl.java:logAppendEntries(1545)) - s7@group-BDFE845AF3B0: appendEntries* s9->s7#8124-t1,previous=(t:1, i:197),leaderCommit=197,initializing? false,entries: size=1, first=(t:1, i:198), METADATAENTRY(c:197)
2024-10-09 04:30:06,142 DEBUG server.RaftServer$Division (RaftServerImpl.java:logAppendEntries(1545)) - s5@group-BDFE845AF3B0: appendEntries* s9->s5#8122-t1,previous=(t:1, i:196),leaderCommit=196,initializing? false,entries: size=1, first=(t:1, i:197), STATEMACHINELOGENTRY, StateMachineLogEntryProto:8108@client-CAAA969A923D
2024-10-09 04:30:06,143 DEBUG server.RaftServer$Division (RaftServerImpl.java:logAppendEntries(1545)) - s3@group-BDFE845AF3B0: appendEntries* s9->s3#8126-t1,previous=(t:1, i:197),leaderCommit=197,initializing? false,entries: size=1, first=(t:1, i:198), METADATAENTRY(c:197)
2024-10-09 04:30:06,142 DEBUG server.RaftServer$Division (RaftServerImpl.java:logAppendEntries(1545)) - s12@group-BDFE845AF3B0: appendEntries* reply s9<-s12#8109:OK-t1,SUCCESS,nextIndex=197,followerCommit=195,matchIndex=196
2024-10-09 04:30:06,143 DEBUG server.RaftServer$Division (RaftServerImpl.java:logAppendEntries(1545)) - s7@group-BDFE845AF3B0: appendEntries* reply s9<-s7#8124:OK-t1,SUCCESS,nextIndex=199,followerCommit=197,matchIndex=198
2024-10-09 04:30:06,143 DEBUG server.RaftServer$Division (RaftServerImpl.java:logAppendEntries(1545)) - s5@group-BDFE845AF3B0: appendEntries* reply s9<-s5#8122:OK-t1,SUCCESS,nextIndex=198,followerCommit=196,matchIndex=197
2024-10-09 04:30:06,143 DEBUG server.RaftServer$Division (RaftServerImpl.java:logAppendEntries(1545)) - s3@group-BDFE845AF3B0: appendEntries* reply s9<-s3#8126:OK-t1,SUCCESS,nextIndex=199,followerCommit=197,matchIndex=198
2024-10-09 04:30:06,143 DEBUG server.RaftServer$Division (RaftServerImpl.java:logAppendEntries(1545)) - s8@group-BDFE845AF3B0: appendEntries* reply s9<-s8#8128:OK-t1,SUCCESS,nextIndex=199,followerCommit=197,matchIndex=198
2024-10-09 04:30:06,143 DEBUG server.RaftServer$Division (RaftServerImpl.java:logAppendEntries(1545)) - s1@group-BDFE845AF3B0: appendEntries* s9->s1#8123-t1,previous=(t:1, i:197),leaderCommit=197,initializing? false,entries: size=1, first=(t:1, i:198), METADATAENTRY(c:197)
2024-10-09 04:30:06,143 DEBUG server.RaftServer$Division (RaftServerImpl.java:logAppendEntries(1545)) - s14@group-BDFE845AF3B0: appendEntries* s9->s14#8127-t1,previous=(t:1, i:197),leaderCommit=197,initializing? false,entries: size=1, first=(t:1, i:198), METADATAENTRY(c:197)
2024-10-09 04:30:06,144 DEBUG server.RaftServer$Division (RaftServerImpl.java:logAppendEntries(1545)) - s12@group-BDFE845AF3B0: appendEntries* s9->s12#8133-t1,previous=(t:1, i:196),leaderCommit=197,initializing? false,entries: size=2, first=(t:1, i:197), STATEMACHINELOGENTRY, StateMachineLogEntryProto:8108@client-CAAA969A923D
2024-10-09 04:30:06,143 DEBUG server.RaftServer$Division (RaftServerImpl.java:logAppendEntries(1545)) - s2@group-BDFE845AF3B0: appendEntries* reply s9<-s2#8121:OK-t1,SUCCESS,nextIndex=198,followerCommit=196,matchIndex=197
2024-10-09 04:30:06,143 DEBUG server.RaftServer$Division (RaftServerImpl.java:logAppendEntries(1545)) - s11@group-BDFE845AF3B0: appendEntries* s9->s11#8129-t1,previous=(t:1, i:197),leaderCommit=197,initializing? false,entries: size=1, first=(t:1, i:198), METADATAENTRY(c:197)
2024-10-09 04:30:06,144 DEBUG server.RaftServer$Division (RaftServerImpl.java:logAppendEntries(1545)) - s14@group-BDFE845AF3B0: appendEntries* reply s9<-s14#8127:OK-t1,SUCCESS,nextIndex=199,followerCommit=197,matchIndex=198
2024-10-09 04:30:06,143 DEBUG server.RaftServer$Division (RaftServerImpl.java:logAppendEntries(1545)) - s13@group-BDFE845AF3B0: appendEntries* s9->s13#8130-t1,previous=(t:1, i:197),leaderCommit=197,initializing? false,entries: size=1, first=(t:1, i:198), METADATAENTRY(c:197)
2024-10-09 04:30:06,143 DEBUG server.RaftServer$Division (RaftServerImpl.java:logAppendEntries(1545)) - s10@group-BDFE845AF3B0: appendEntries* reply s9<-s10#8116:OK-t1,SUCCESS,nextIndex=198,followerCommit=195,matchIndex=197
2024-10-09 04:30:06,145 DEBUG server.RaftServer$Division (RaftServerImpl.java:logAppendEntries(1545)) - s11@group-BDFE845AF3B0: appendEntries* reply s9<-s11#8129:OK-t1,SUCCESS,nextIndex=199,followerCommit=197,matchIndex=198
2024-10-09 04:30:06,143 DEBUG server.RaftServer$Division (RaftServerImpl.java:logAppendEntries(1545)) - s0@group-BDFE845AF3B0: appendEntries* reply s9<-s0#8113:OK-t1,SUCCESS,nextIndex=198,followerCommit=195,matchIndex=197
2024-10-09 04:30:06,145 DEBUG server.RaftServer$Division (RaftServerImpl.java:logAppendEntries(1545)) - s12@group-BDFE845AF3B0: appendEntries* reply s9<-s12#8133:OK-t1,SUCCESS,nextIndex=199,followerCommit=197,matchIndex=198
2024-10-09 04:30:06,143 INFO  statemachine.StateMachine (ArithmeticStateMachine.java:applyTransaction(181)) - LEADER:s9-197: c = √(a^2 + b^2) = 6385
2024-10-09 04:30:06,145 DEBUG server.RaftServer$Division (RaftServerImpl.java:logAppendEntries(1545)) - s13@group-BDFE845AF3B0: appendEntries* reply s9<-s13#8130:OK-t1,SUCCESS,nextIndex=199,followerCommit=197,matchIndex=198
2024-10-09 04:30:06,145 DEBUG server.RaftServer$Division (RaftServerImpl.java:logAppendEntries(1545)) - s0@group-BDFE845AF3B0: appendEntries* s9->s0#8135-t1,previous=(t:1, i:197),leaderCommit=197,initializing? false,entries: size=1, first=(t:1, i:198), METADATAENTRY(c:197)
2024-10-09 04:30:06,144 DEBUG server.RaftServer$Division (RaftServerImpl.java:logAppendEntries(1545)) - s1@group-BDFE845AF3B0: appendEntries* reply s9<-s1#8123:OK-t1,SUCCESS,nextIndex=199,followerCommit=197,matchIndex=198
2024-10-09 04:30:06,144 DEBUG server.RaftServer$Division (RaftServerImpl.java:logAppendEntries(1545)) - s5@group-BDFE845AF3B0: appendEntries* s9->s5#8132-t1,previous=(t:1, i:197),leaderCommit=197,initializing? false,entries: size=1, first=(t:1, i:198), METADATAENTRY(c:197)
2024-10-09 04:30:06,143 DEBUG server.RaftServer$Division (RaftServerImpl.java:logAppendEntries(1545)) - s4@group-BDFE845AF3B0: appendEntries* s9->s4#8131-t1,previous=(t:1, i:197),leaderCommit=197,initializing? false,entries: size=1, first=(t:1, i:198), METADATAENTRY(c:197)
2024-10-09 04:30:06,146 DEBUG server.RaftServer$Division (RaftServerImpl.java:logAppendEntries(1545)) - s0@group-BDFE845AF3B0: appendEntries* reply s9<-s0#8135:OK-t1,SUCCESS,nextIndex=199,followerCommit=197,matchIndex=198
2024-10-09 04:30:06,146 DEBUG server.RaftServer$Division (RaftServerImpl.java:logAppendEntries(1545)) - s4@group-BDFE845AF3B0: appendEntries* reply s9<-s4#8131:OK-t1,SUCCESS,nextIndex=199,followerCommit=197,matchIndex=198
2024-10-09 04:30:06,146 DEBUG server.RaftServer$Division (RaftServerImpl.java:submitClientRequestAsync(916)) - s9@group-BDFE845AF3B0: receive client request(RaftClientRequest:client-CAAA969A923D->s9@group-BDFE845AF3B0, cid=8137, seq=null, RW, Message:01016100)
2024-10-09 04:30:06,146 DEBUG server.RaftServer$Division (RaftServerImpl.java:logAppendEntries(1545)) - s2@group-BDFE845AF3B0: appendEntries* s9->s2#8134-t1,previous=(t:1, i:197),leaderCommit=197,initializing? false,entries: size=1, first=(t:1, i:198), METADATAENTRY(c:197)
2024-10-09 04:30:06,147 DEBUG server.RaftServer$Division (LeaderStateImpl.java:addPendingRequest(529)) - s9@group-BDFE845AF3B0-LeaderStateImpl: addPendingRequest at RaftClientRequest:client-CAAA969A923D->s9@group-BDFE845AF3B0, cid=8137, seq=null, RW, Message:01016100, entry=(t:1, i:199), STATEMACHINELOGENTRY, WRITE: logData.size=4, stateMachineData.size=0, logEntryProtoSerializedSize=0
2024-10-09 04:30:06,147 DEBUG server.RaftServer$Division (RaftServerImpl.java:logAppendEntries(1545)) - s2@group-BDFE845AF3B0: appendEntries* reply s9<-s2#8134:OK-t1,SUCCESS,nextIndex=199,followerCommit=197,matchIndex=198
2024-10-09 04:30:06,143 DEBUG server.RaftServer$Division (RaftServerImpl.java:logAppendEntries(1545)) - s6@group-BDFE845AF3B0: appendEntries* s9->s6#8125-t1,previous=(t:1, i:197),leaderCommit=197,initializing? false,entries: size=1, first=(t:1, i:198), METADATAENTRY(c:197)
2024-10-09 04:30:06,147 DEBUG server.RaftServer$Division (RaftServerImpl.java:logAppendEntries(1545)) - s3@group-BDFE845AF3B0: appendEntries* s9->s3#8142-t1,previous=(t:1, i:198),leaderCommit=198,initializing? false,entries: size=1, first=(t:1, i:199), STATEMACHINELOGENTRY, StateMachineLogEntryProto:8137@client-CAAA969A923D
2024-10-09 04:30:06,148 DEBUG server.RaftServer$Division (RaftServerImpl.java:logAppendEntries(1545)) - s0@group-BDFE845AF3B0: appendEntries* s9->s0#8139-t1,previous=(t:1, i:198),leaderCommit=198,initializing? false,entries: size=1, first=(t:1, i:199), STATEMACHINELOGENTRY, StateMachineLogEntryProto:8137@client-CAAA969A923D
2024-10-09 04:30:06,148 DEBUG server.RaftServer$Division (RaftServerImpl.java:logAppendEntries(1545)) - s4@group-BDFE845AF3B0: appendEntries* s9->s4#8147-t1,previous=(t:1, i:198),leaderCommit=198,initializing? false,entries: size=1, first=(t:1, i:199), STATEMACHINELOGENTRY, StateMachineLogEntryProto:8137@client-CAAA969A923D
2024-10-09 04:30:06,148 DEBUG server.RaftServer$Division (RaftServerImpl.java:logAppendEntries(1545)) - s8@group-BDFE845AF3B0: appendEntries* s9->s8#8143-t1,previous=(t:1, i:198),leaderCommit=198,initializing? false,entries: size=1, first=(t:1, i:199), STATEMACHINELOGENTRY, StateMachineLogEntryProto:8137@client-CAAA969A923D
2024-10-09 04:30:06,146 DEBUG server.RaftServer$Division (RaftServerImpl.java:logAppendEntries(1545)) - s5@group-BDFE845AF3B0: appendEntries* reply s9<-s5#8132:OK-t1,SUCCESS,nextIndex=199,followerCommit=197,matchIndex=198
2024-10-09 04:30:06,145 DEBUG server.RaftServer$Division (RaftServerImpl.java:logAppendEntries(1545)) - s10@group-BDFE845AF3B0: appendEntries* s9->s10#8136-t1,previous=(t:1, i:197),leaderCommit=197,initializing? false,entries: size=1, first=(t:1, i:198), METADATAENTRY(c:197)
2024-10-09 04:30:06,148 DEBUG server.RaftServer$Division (RaftServerImpl.java:logAppendEntries(1545)) - s12@group-BDFE845AF3B0: appendEntries* s9->s12#8148-t1,previous=(t:1, i:198),leaderCommit=198,initializing? false,entries: size=1, first=(t:1, i:199), STATEMACHINELOGENTRY, StateMachineLogEntryProto:8137@client-CAAA969A923D
2024-10-09 04:30:06,148 DEBUG server.RaftServer$Division (RaftServerImpl.java:logAppendEntries(1545)) - s4@group-BDFE845AF3B0: appendEntries* reply s9<-s4#8147:OK-t1,SUCCESS,nextIndex=200,followerCommit=198,matchIndex=199
2024-10-09 04:30:06,148 DEBUG server.RaftServer$Division (RaftServerImpl.java:logAppendEntries(1545)) - s8@group-BDFE845AF3B0: appendEntries* reply s9<-s8#8143:OK-t1,SUCCESS,nextIndex=200,followerCommit=198,matchIndex=199
2024-10-09 04:30:06,149 DEBUG server.RaftServer$Division (RaftServerImpl.java:logAppendEntries(1545)) - s10@group-BDFE845AF3B0: appendEntries* reply s9<-s10#8136:OK-t1,SUCCESS,nextIndex=199,followerCommit=197,matchIndex=198
2024-10-09 04:30:06,149 DEBUG server.RaftServer$Division (RaftServerImpl.java:logAppendEntries(1545)) - s12@group-BDFE845AF3B0: appendEntries* reply s9<-s12#8148:OK-t1,SUCCESS,nextIndex=200,followerCommit=198,matchIndex=199
2024-10-09 04:30:06,149 DEBUG server.RaftServer$Division (RaftServerImpl.java:logAppendEntries(1545)) - s10@group-BDFE845AF3B0: appendEntries* s9->s10#8150-t1,previous=(t:1, i:198),leaderCommit=198,initializing? false,entries: size=1, first=(t:1, i:199), STATEMACHINELOGENTRY, StateMachineLogEntryProto:8137@client-CAAA969A923D
2024-10-09 04:30:06,148 DEBUG server.RaftServer$Division (RaftServerImpl.java:logAppendEntries(1545)) - s13@group-BDFE845AF3B0: appendEntries* s9->s13#8145-t1,previous=(t:1, i:198),leaderCommit=198,initializing? false,entries: size=1, first=(t:1, i:199), STATEMACHINELOGENTRY, StateMachineLogEntryProto:8137@client-CAAA969A923D
2024-10-09 04:30:06,148 DEBUG server.RaftServer$Division (RaftServerImpl.java:logAppendEntries(1545)) - s3@group-BDFE845AF3B0: appendEntries* reply s9<-s3#8142:OK-t1,SUCCESS,nextIndex=200,followerCommit=198,matchIndex=199
2024-10-09 04:30:06,148 DEBUG server.RaftServer$Division (RaftServerImpl.java:logAppendEntries(1545)) - s14@group-BDFE845AF3B0: appendEntries* s9->s14#8144-t1,previous=(t:1, i:198),leaderCommit=198,initializing? false,entries: size=1, first=(t:1, i:199), STATEMACHINELOGENTRY, StateMachineLogEntryProto:8137@client-CAAA969A923D
2024-10-09 04:30:06,149 DEBUG server.RaftServer$Division (RaftServerImpl.java:logAppendEntries(1545)) - s13@group-BDFE845AF3B0: appendEntries* reply s9<-s13#8145:OK-t1,SUCCESS,nextIndex=200,followerCommit=198,matchIndex=199
2024-10-09 04:30:06,150 DEBUG server.RaftServer$Division (RaftServerImpl.java:logAppendEntries(1545)) - s14@group-BDFE845AF3B0: appendEntries* reply s9<-s14#8144:OK-t1,SUCCESS,nextIndex=200,followerCommit=198,matchIndex=199
2024-10-09 04:30:06,148 DEBUG server.RaftServer$Division (RaftServerImpl.java:logAppendEntries(1545)) - s1@group-BDFE845AF3B0: appendEntries* s9->s1#8146-t1,previous=(t:1, i:198),leaderCommit=198,initializing? false,entries: size=1, first=(t:1, i:199), STATEMACHINELOGENTRY, StateMachineLogEntryProto:8137@client-CAAA969A923D
2024-10-09 04:30:06,148 DEBUG server.RaftServer$Division (RaftServerImpl.java:logAppendEntries(1545)) - s6@group-BDFE845AF3B0: appendEntries* reply s9<-s6#8125:OK-t1,SUCCESS,nextIndex=199,followerCommit=197,matchIndex=198
2024-10-09 04:30:06,148 DEBUG server.RaftServer$Division (RaftServerImpl.java:logAppendEntries(1545)) - s7@group-BDFE845AF3B0: appendEntries* s9->s7#8138-t1,previous=(t:1, i:198),leaderCommit=198,initializing? false,entries: size=1, first=(t:1, i:199), STATEMACHINELOGENTRY, StateMachineLogEntryProto:8137@client-CAAA969A923D
2024-10-09 04:30:06,149 DEBUG server.RaftServer$Division (RaftServerImpl.java:logAppendEntries(1545)) - s10@group-BDFE845AF3B0: appendEntries* reply s9<-s10#8150:OK-t1,SUCCESS,nextIndex=200,followerCommit=198,matchIndex=199
2024-10-09 04:30:06,149 DEBUG server.RaftServer$Division (RaftServerImpl.java:logAppendEntries(1545)) - s2@group-BDFE845AF3B0: appendEntries* s9->s2#8140-t1,previous=(t:1, i:198),leaderCommit=198,initializing? false,entries: size=1, first=(t:1, i:199), STATEMACHINELOGENTRY, StateMachineLogEntryProto:8137@client-CAAA969A923D
2024-10-09 04:30:06,148 DEBUG server.RaftServer$Division (RaftServerImpl.java:logAppendEntries(1545)) - s0@group-BDFE845AF3B0: appendEntries* reply s9<-s0#8139:OK-t1,SUCCESS,nextIndex=200,followerCommit=198,matchIndex=199
2024-10-09 04:30:06,150 DEBUG server.RaftServer$Division (RaftServerImpl.java:logAppendEntries(1545)) - s7@group-BDFE845AF3B0: appendEntries* reply s9<-s7#8138:OK-t1,SUCCESS,nextIndex=200,followerCommit=198,matchIndex=199
2024-10-09 04:30:06,150 DEBUG server.RaftServer$Division (RaftServerImpl.java:logAppendEntries(1545)) - s6@group-BDFE845AF3B0: appendEntries* s9->s6#8151-t1,previous=(t:1, i:198),leaderCommit=198,initializing? false,entries: size=1, first=(t:1, i:199), STATEMACHINELOGENTRY, StateMachineLogEntryProto:8137@client-CAAA969A923D
2024-10-09 04:30:06,151 DEBUG server.RaftServer$Division (RaftServerImpl.java:logAppendEntries(1545)) - s3@group-BDFE845AF3B0: appendEntries* s9->s3#8153-t1,previous=(t:1, i:199),leaderCommit=199,initializing? false,entries: size=1, first=(t:1, i:200), METADATAENTRY(c:199)
2024-10-09 04:30:06,151 DEBUG server.RaftServer$Division (RaftServerImpl.java:logAppendEntries(1545)) - s0@group-BDFE845AF3B0: appendEntries* s9->s0#8152-t1,previous=(t:1, i:199),leaderCommit=199,initializing? false,entries: size=1, first=(t:1, i:200), METADATAENTRY(c:199)
2024-10-09 04:30:06,151 DEBUG server.RaftServer$Division (RaftServerImpl.java:logAppendEntries(1545)) - s6@group-BDFE845AF3B0: appendEntries* reply s9<-s6#8151:OK-t1,SUCCESS,nextIndex=200,followerCommit=198,matchIndex=199
2024-10-09 04:30:06,151 DEBUG server.RaftServer$Division (RaftServerImpl.java:logAppendEntries(1545)) - s4@group-BDFE845AF3B0: appendEntries* s9->s4#8158-t1,previous=(t:1, i:199),leaderCommit=199,initializing? false,entries: size=1, first=(t:1, i:200), METADATAENTRY(c:199)
2024-10-09 04:30:06,151 DEBUG server.RaftServer$Division (RaftServerImpl.java:logAppendEntries(1545)) - s3@group-BDFE845AF3B0: appendEntries* reply s9<-s3#8153:OK-t1,SUCCESS,nextIndex=201,followerCommit=199,matchIndex=200
2024-10-09 04:30:06,151 DEBUG server.RaftServer$Division (RaftServerImpl.java:logAppendEntries(1545)) - s0@group-BDFE845AF3B0: appendEntries* reply s9<-s0#8152:OK-t1,SUCCESS,nextIndex=201,followerCommit=199,matchIndex=200
2024-10-09 04:30:06,152 DEBUG server.RaftServer$Division (RaftServerImpl.java:logAppendEntries(1545)) - s4@group-BDFE845AF3B0: appendEntries* reply s9<-s4#8158:OK-t1,SUCCESS,nextIndex=201,followerCommit=199,matchIndex=200
2024-10-09 04:30:06,152 DEBUG server.RaftServer$Division (RaftServerImpl.java:logAppendEntries(1545)) - s13@group-BDFE845AF3B0: appendEntries* s9->s13#8156-t1,previous=(t:1, i:199),leaderCommit=199,initializing? false,entries: size=1, first=(t:1, i:200), METADATAENTRY(c:199)
2024-10-09 04:30:06,148 DEBUG server.RaftServer$Division (RaftServerImpl.java:logAppendEntries(1545)) - s5@group-BDFE845AF3B0: appendEntries* s9->s5#8149-t1,previous=(t:1, i:198),leaderCommit=198,initializing? false,entries: size=1, first=(t:1, i:199), STATEMACHINELOGENTRY, StateMachineLogEntryProto:8137@client-CAAA969A923D
2024-10-09 04:30:06,148 DEBUG server.RaftServer$Division (RaftServerImpl.java:logAppendEntries(1545)) - s11@group-BDFE845AF3B0: appendEntries* s9->s11#8141-t1,previous=(t:1, i:198),leaderCommit=198,initializing? false,entries: size=1, first=(t:1, i:199), STATEMACHINELOGENTRY, StateMachineLogEntryProto:8137@client-CAAA969A923D
2024-10-09 04:30:06,152 DEBUG server.RaftServer$Division (RaftServerImpl.java:logAppendEntries(1545)) - s12@group-BDFE845AF3B0: appendEntries* s9->s12#8161-t1,previous=(t:1, i:199),leaderCommit=199,initializing? false,entries: size=1, first=(t:1, i:200), METADATAENTRY(c:199)
2024-10-09 04:30:06,152 DEBUG server.RaftServer$Division (RaftServerImpl.java:logAppendEntries(1545)) - s14@group-BDFE845AF3B0: appendEntries* s9->s14#8160-t1,previous=(t:1, i:199),leaderCommit=199,initializing? false,entries: size=1, first=(t:1, i:200), METADATAENTRY(c:199)
2024-10-09 04:30:06,152 DEBUG server.RaftServer$Division (RaftServerImpl.java:logAppendEntries(1545)) - s6@group-BDFE845AF3B0: appendEntries* s9->s6#8159-t1,previous=(t:1, i:199),leaderCommit=199,initializing? false,entries: size=1, first=(t:1, i:200), METADATAENTRY(c:199)
2024-10-09 04:30:06,151 DEBUG server.RaftServer$Division (RaftServerImpl.java:logAppendEntries(1545)) - s10@group-BDFE845AF3B0: appendEntries* s9->s10#8155-t1,previous=(t:1, i:199),leaderCommit=199,initializing? false,entries: size=1, first=(t:1, i:200), METADATAENTRY(c:199)
2024-10-09 04:30:06,151 DEBUG server.RaftServer$Division (RaftServerImpl.java:logAppendEntries(1545)) - s7@group-BDFE845AF3B0: appendEntries* s9->s7#8157-t1,previous=(t:1, i:199),leaderCommit=199,initializing? false,entries: size=1, first=(t:1, i:200), METADATAENTRY(c:199)
2024-10-09 04:30:06,151 DEBUG server.RaftServer$Division (RaftServerImpl.java:logAppendEntries(1545)) - s8@group-BDFE845AF3B0: appendEntries* s9->s8#8154-t1,previous=(t:1, i:199),leaderCommit=199,initializing? false,entries: size=1, first=(t:1, i:200), METADATAENTRY(c:199)
2024-10-09 04:30:06,151 INFO  statemachine.StateMachine (ArithmeticStateMachine.java:applyTransaction(181)) - LEADER:s9-199: a = null = null
2024-10-09 04:30:06,150 DEBUG server.RaftServer$Division (RaftServerImpl.java:logAppendEntries(1545)) - s1@group-BDFE845AF3B0: appendEntries* reply s9<-s1#8146:OK-t1,SUCCESS,nextIndex=200,followerCommit=198,matchIndex=199
2024-10-09 04:30:06,152 DEBUG server.RaftServer$Division (RaftServerImpl.java:logAppendEntries(1545)) - s5@group-BDFE845AF3B0: appendEntries* reply s9<-s5#8149:OK-t1,SUCCESS,nextIndex=200,followerCommit=198,matchIndex=199
2024-10-09 04:30:06,152 DEBUG server.RaftServer$Division (RaftServerImpl.java:logAppendEntries(1545)) - s13@group-BDFE845AF3B0: appendEntries* reply s9<-s13#8156:OK-t1,SUCCESS,nextIndex=201,followerCommit=199,matchIndex=200
2024-10-09 04:30:06,153 DEBUG server.RaftServer$Division (RaftServerImpl.java:logAppendEntries(1545)) - s11@group-BDFE845AF3B0: appendEntries* reply s9<-s11#8141:OK-t1,SUCCESS,nextIndex=200,followerCommit=198,matchIndex=199
2024-10-09 04:30:06,153 DEBUG server.RaftServer$Division (RaftServerImpl.java:logAppendEntries(1545)) - s7@group-BDFE845AF3B0: appendEntries* reply s9<-s7#8157:OK-t1,SUCCESS,nextIndex=201,followerCommit=199,matchIndex=200
2024-10-09 04:30:06,153 DEBUG server.RaftServer$Division (RaftServerImpl.java:logAppendEntries(1545)) - s6@group-BDFE845AF3B0: appendEntries* reply s9<-s6#8159:OK-t1,SUCCESS,nextIndex=201,followerCommit=199,matchIndex=200
2024-10-09 04:30:06,153 DEBUG server.RaftServer$Division (RaftServerImpl.java:logAppendEntries(1545)) - s8@group-BDFE845AF3B0: appendEntries* reply s9<-s8#8154:OK-t1,SUCCESS,nextIndex=201,followerCommit=199,matchIndex=200
2024-10-09 04:30:06,153 DEBUG server.RaftServer$Division (RaftServerImpl.java:logAppendEntries(1545)) - s1@group-BDFE845AF3B0: appendEntries* s9->s1#8162-t1,previous=(t:1, i:199),leaderCommit=199,initializing? false,entries: size=1, first=(t:1, i:200), METADATAENTRY(c:199)
2024-10-09 04:30:06,153 DEBUG server.RaftServer$Division (RaftServerImpl.java:logAppendEntries(1545)) - s11@group-BDFE845AF3B0: appendEntries* s9->s11#8163-t1,previous=(t:1, i:199),leaderCommit=199,initializing? false,entries: size=1, first=(t:1, i:200), METADATAENTRY(c:199)
2024-10-09 04:30:06,154 DEBUG server.RaftServer$Division (RaftServerImpl.java:logAppendEntries(1545)) - s5@group-BDFE845AF3B0: appendEntries* s9->s5#8164-t1,previous=(t:1, i:199),leaderCommit=199,initializing? false,entries: size=1, first=(t:1, i:200), METADATAENTRY(c:199)
2024-10-09 04:30:06,154 DEBUG server.RaftServer$Division (RaftServerImpl.java:logAppendEntries(1545)) - s2@group-BDFE845AF3B0: appendEntries* reply s9<-s2#8140:OK-t1,SUCCESS,nextIndex=200,followerCommit=198,matchIndex=199
2024-10-09 04:30:06,153 DEBUG server.RaftServer$Division (RaftServerImpl.java:logAppendEntries(1545)) - s14@group-BDFE845AF3B0: appendEntries* reply s9<-s14#8160:OK-t1,SUCCESS,nextIndex=201,followerCommit=199,matchIndex=200
2024-10-09 04:30:06,153 DEBUG server.RaftServer$Division (RaftServerImpl.java:logAppendEntries(1545)) - s10@group-BDFE845AF3B0: appendEntries* reply s9<-s10#8155:OK-t1,SUCCESS,nextIndex=201,followerCommit=199,matchIndex=200
2024-10-09 04:30:06,154 DEBUG server.RaftServer$Division (RaftServerImpl.java:logAppendEntries(1545)) - s1@group-BDFE845AF3B0: appendEntries* reply s9<-s1#8162:OK-t1,SUCCESS,nextIndex=201,followerCommit=199,matchIndex=200
2024-10-09 04:30:06,154 DEBUG server.RaftServer$Division (RaftServerImpl.java:logAppendEntries(1545)) - s5@group-BDFE845AF3B0: appendEntries* reply s9<-s5#8164:OK-t1,SUCCESS,nextIndex=201,followerCommit=199,matchIndex=200
2024-10-09 04:30:06,154 DEBUG server.RaftServer$Division (RaftServerImpl.java:logAppendEntries(1545)) - s11@group-BDFE845AF3B0: appendEntries* reply s9<-s11#8163:OK-t1,SUCCESS,nextIndex=201,followerCommit=199,matchIndex=200
2024-10-09 04:30:06,153 DEBUG server.RaftServer$Division (RaftServerImpl.java:logAppendEntries(1545)) - s12@group-BDFE845AF3B0: appendEntries* reply s9<-s12#8161:OK-t1,SUCCESS,nextIndex=201,followerCommit=199,matchIndex=200
2024-10-09 04:30:06,154 DEBUG server.RaftServer$Division (RaftServerImpl.java:submitClientRequestAsync(916)) - s9@group-BDFE845AF3B0: receive client request(RaftClientRequest:client-CAAA969A923D->s9@group-BDFE845AF3B0, cid=8165, seq=null, RW, Message:01016200)
2024-10-09 04:30:06,155 DEBUG server.RaftServer$Division (RaftServerImpl.java:logAppendEntries(1545)) - s2@group-BDFE845AF3B0: appendEntries* s9->s2#8166-t1,previous=(t:1, i:199),leaderCommit=200,initializing? false,entries: size=1, first=(t:1, i:200), METADATAENTRY(c:199)
2024-10-09 04:30:06,155 DEBUG server.RaftServer$Division (LeaderStateImpl.java:addPendingRequest(529)) - s9@group-BDFE845AF3B0-LeaderStateImpl: addPendingRequest at RaftClientRequest:client-CAAA969A923D->s9@group-BDFE845AF3B0, cid=8165, seq=null, RW, Message:01016200, entry=(t:1, i:201), STATEMACHINELOGENTRY, WRITE: logData.size=4, stateMachineData.size=0, logEntryProtoSerializedSize=0
2024-10-09 04:30:06,155 DEBUG server.RaftServer$Division (RaftServerImpl.java:logAppendEntries(1545)) - s7@group-BDFE845AF3B0: appendEntries* s9->s7#8167-t1,previous=(t:1, i:200),leaderCommit=200,initializing? false,entries: size=1, first=(t:1, i:201), STATEMACHINELOGENTRY, StateMachineLogEntryProto:8165@client-CAAA969A923D
2024-10-09 04:30:06,156 DEBUG server.RaftServer$Division (RaftServerImpl.java:logAppendEntries(1545)) - s0@group-BDFE845AF3B0: appendEntries* s9->s0#8169-t1,previous=(t:1, i:200),leaderCommit=200,initializing? false,entries: size=1, first=(t:1, i:201), STATEMACHINELOGENTRY, StateMachineLogEntryProto:8165@client-CAAA969A923D
2024-10-09 04:30:06,156 DEBUG server.RaftServer$Division (RaftServerImpl.java:logAppendEntries(1545)) - s8@group-BDFE845AF3B0: appendEntries* s9->s8#8168-t1,previous=(t:1, i:200),leaderCommit=200,initializing? false,entries: size=1, first=(t:1, i:201), STATEMACHINELOGENTRY, StateMachineLogEntryProto:8165@client-CAAA969A923D
2024-10-09 04:30:06,156 DEBUG server.RaftServer$Division (RaftServerImpl.java:logAppendEntries(1545)) - s1@group-BDFE845AF3B0: appendEntries* s9->s1#8170-t1,previous=(t:1, i:200),leaderCommit=200,initializing? false,entries: size=1, first=(t:1, i:201), STATEMACHINELOGENTRY, StateMachineLogEntryProto:8165@client-CAAA969A923D
2024-10-09 04:30:06,156 DEBUG server.RaftServer$Division (RaftServerImpl.java:logAppendEntries(1545)) - s7@group-BDFE845AF3B0: appendEntries* reply s9<-s7#8167:OK-t1,SUCCESS,nextIndex=202,followerCommit=200,matchIndex=201
2024-10-09 04:30:06,156 DEBUG server.RaftServer$Division (RaftServerImpl.java:logAppendEntries(1545)) - s11@group-BDFE845AF3B0: appendEntries* s9->s11#8171-t1,previous=(t:1, i:200),leaderCommit=200,initializing? false,entries: size=1, first=(t:1, i:201), STATEMACHINELOGENTRY, StateMachineLogEntryProto:8165@client-CAAA969A923D
2024-10-09 04:30:06,156 DEBUG server.RaftServer$Division (RaftServerImpl.java:logAppendEntries(1545)) - s8@group-BDFE845AF3B0: appendEntries* reply s9<-s8#8168:OK-t1,SUCCESS,nextIndex=202,followerCommit=200,matchIndex=201
2024-10-09 04:30:06,156 DEBUG server.RaftServer$Division (RaftServerImpl.java:logAppendEntries(1545)) - s10@group-BDFE845AF3B0: appendEntries* s9->s10#8172-t1,previous=(t:1, i:200),leaderCommit=200,initializing? false,entries: size=1, first=(t:1, i:201), STATEMACHINELOGENTRY, StateMachineLogEntryProto:8165@client-CAAA969A923D
2024-10-09 04:30:06,157 DEBUG server.RaftServer$Division (RaftServerImpl.java:logAppendEntries(1545)) - s14@group-BDFE845AF3B0: appendEntries* s9->s14#8176-t1,previous=(t:1, i:200),leaderCommit=200,initializing? false,entries: size=1, first=(t:1, i:201), STATEMACHINELOGENTRY, StateMachineLogEntryProto:8165@client-CAAA969A923D
2024-10-09 04:30:06,157 DEBUG server.RaftServer$Division (RaftServerImpl.java:logAppendEntries(1545)) - s2@group-BDFE845AF3B0: appendEntries* reply s9<-s2#8166:OK-t1,SUCCESS,nextIndex=201,followerCommit=200,matchIndex=200
2024-10-09 04:30:06,157 DEBUG server.RaftServer$Division (RaftServerImpl.java:logAppendEntries(1545)) - s11@group-BDFE845AF3B0: appendEntries* reply s9<-s11#8171:OK-t1,SUCCESS,nextIndex=202,followerCommit=200,matchIndex=201
2024-10-09 04:30:06,157 DEBUG server.RaftServer$Division (RaftServerImpl.java:logAppendEntries(1545)) - s14@group-BDFE845AF3B0: appendEntries* reply s9<-s14#8176:OK-t1,SUCCESS,nextIndex=202,followerCommit=200,matchIndex=201
2024-10-09 04:30:06,157 DEBUG server.RaftServer$Division (RaftServerImpl.java:logAppendEntries(1545)) - s6@group-BDFE845AF3B0: appendEntries* s9->s6#8177-t1,previous=(t:1, i:200),leaderCommit=200,initializing? false,entries: size=1, first=(t:1, i:201), STATEMACHINELOGENTRY, StateMachineLogEntryProto:8165@client-CAAA969A923D
2024-10-09 04:30:06,157 DEBUG server.RaftServer$Division (RaftServerImpl.java:logAppendEntries(1545)) - s13@group-BDFE845AF3B0: appendEntries* s9->s13#8173-t1,previous=(t:1, i:200),leaderCommit=200,initializing? false,entries: size=1, first=(t:1, i:201), STATEMACHINELOGENTRY, StateMachineLogEntryProto:8165@client-CAAA969A923D
2024-10-09 04:30:06,157 DEBUG server.RaftServer$Division (RaftServerImpl.java:logAppendEntries(1545)) - s2@group-BDFE845AF3B0: appendEntries* s9->s2#8180-t1,previous=(t:1, i:200),leaderCommit=200,initializing? false,entries: size=1, first=(t:1, i:201), STATEMACHINELOGENTRY, StateMachineLogEntryProto:8165@client-CAAA969A923D
2024-10-09 04:30:06,157 DEBUG server.RaftServer$Division (RaftServerImpl.java:logAppendEntries(1545)) - s12@group-BDFE845AF3B0: appendEntries* s9->s12#8175-t1,previous=(t:1, i:200),leaderCommit=200,initializing? false,entries: size=1, first=(t:1, i:201), STATEMACHINELOGENTRY, StateMachineLogEntryProto:8165@client-CAAA969A923D
2024-10-09 04:30:06,157 DEBUG server.RaftServer$Division (RaftServerImpl.java:logAppendEntries(1545)) - s6@group-BDFE845AF3B0: appendEntries* reply s9<-s6#8177:OK-t1,SUCCESS,nextIndex=202,followerCommit=200,matchIndex=201
2024-10-09 04:30:06,157 DEBUG server.RaftServer$Division (RaftServerImpl.java:logAppendEntries(1545)) - s10@group-BDFE845AF3B0: appendEntries* reply s9<-s10#8172:OK-t1,SUCCESS,nextIndex=202,followerCommit=200,matchIndex=201
2024-10-09 04:30:06,157 DEBUG server.RaftServer$Division (RaftServerImpl.java:logAppendEntries(1545)) - s4@group-BDFE845AF3B0: appendEntries* s9->s4#8179-t1,previous=(t:1, i:200),leaderCommit=200,initializing? false,entries: size=1, first=(t:1, i:201), STATEMACHINELOGENTRY, StateMachineLogEntryProto:8165@client-CAAA969A923D
2024-10-09 04:30:06,157 DEBUG server.RaftServer$Division (RaftServerImpl.java:logAppendEntries(1545)) - s0@group-BDFE845AF3B0: appendEntries* reply s9<-s0#8169:OK-t1,SUCCESS,nextIndex=202,followerCommit=200,matchIndex=201
2024-10-09 04:30:06,157 DEBUG server.RaftServer$Division (RaftServerImpl.java:logAppendEntries(1545)) - s1@group-BDFE845AF3B0: appendEntries* reply s9<-s1#8170:OK-t1,SUCCESS,nextIndex=202,followerCommit=200,matchIndex=201
2024-10-09 04:30:06,157 DEBUG server.RaftServer$Division (RaftServerImpl.java:logAppendEntries(1545)) - s3@group-BDFE845AF3B0: appendEntries* s9->s3#8174-t1,previous=(t:1, i:200),leaderCommit=200,initializing? false,entries: size=1, first=(t:1, i:201), STATEMACHINELOGENTRY, StateMachineLogEntryProto:8165@client-CAAA969A923D
2024-10-09 04:30:06,158 DEBUG server.RaftServer$Division (RaftServerImpl.java:logAppendEntries(1545)) - s4@group-BDFE845AF3B0: appendEntries* reply s9<-s4#8179:OK-t1,SUCCESS,nextIndex=202,followerCommit=200,matchIndex=201
2024-10-09 04:30:06,157 DEBUG server.RaftServer$Division (RaftServerImpl.java:logAppendEntries(1545)) - s5@group-BDFE845AF3B0: appendEntries* s9->s5#8178-t1,previous=(t:1, i:200),leaderCommit=200,initializing? false,entries: size=1, first=(t:1, i:201), STATEMACHINELOGENTRY, StateMachineLogEntryProto:8165@client-CAAA969A923D
2024-10-09 04:30:06,158 INFO  statemachine.StateMachine (ArithmeticStateMachine.java:applyTransaction(181)) - LEADER:s9-201: b = null = null
2024-10-09 04:30:06,158 DEBUG server.RaftServer$Division (RaftServerImpl.java:logAppendEntries(1545)) - s12@group-BDFE845AF3B0: appendEntries* reply s9<-s12#8175:OK-t1,SUCCESS,nextIndex=202,followerCommit=200,matchIndex=201
2024-10-09 04:30:06,158 DEBUG server.RaftServer$Division (RaftServerImpl.java:logAppendEntries(1545)) - s13@group-BDFE845AF3B0: appendEntries* reply s9<-s13#8173:OK-t1,SUCCESS,nextIndex=202,followerCommit=200,matchIndex=201
2024-10-09 04:30:06,158 DEBUG server.RaftServer$Division (RaftServerImpl.java:logAppendEntries(1545)) - s2@group-BDFE845AF3B0: appendEntries* reply s9<-s2#8180:OK-t1,SUCCESS,nextIndex=202,followerCommit=200,matchIndex=201
2024-10-09 04:30:06,158 DEBUG server.RaftServer$Division (RaftServerImpl.java:logAppendEntries(1545)) - s3@group-BDFE845AF3B0: appendEntries* reply s9<-s3#8174:OK-t1,SUCCESS,nextIndex=202,followerCommit=200,matchIndex=201
2024-10-09 04:30:06,158 DEBUG server.RaftServer$Division (RaftServerImpl.java:logAppendEntries(1545)) - s14@group-BDFE845AF3B0: appendEntries* s9->s14#8184-t1,previous=(t:1, i:201),leaderCommit=201,initializing? false,entries: size=1, first=(t:1, i:202), METADATAENTRY(c:201)
2024-10-09 04:30:06,159 DEBUG server.RaftServer$Division (RaftServerImpl.java:logAppendEntries(1545)) - s0@group-BDFE845AF3B0: appendEntries* s9->s0#8183-t1,previous=(t:1, i:201),leaderCommit=201,initializing? false,entries: size=1, first=(t:1, i:202), METADATAENTRY(c:201)
2024-10-09 04:30:06,159 DEBUG server.RaftServer$Division (RaftServerImpl.java:logAppendEntries(1545)) - s13@group-BDFE845AF3B0: appendEntries* s9->s13#8188-t1,previous=(t:1, i:201),leaderCommit=201,initializing? false,entries: size=1, first=(t:1, i:202), METADATAENTRY(c:201)
2024-10-09 04:30:06,159 DEBUG server.RaftServer$Division (RaftServerImpl.java:logAppendEntries(1545)) - s8@group-BDFE845AF3B0: appendEntries* s9->s8#8181-t1,previous=(t:1, i:201),leaderCommit=201,initializing? false,entries: size=1, first=(t:1, i:202), METADATAENTRY(c:201)
2024-10-09 04:30:06,159 DEBUG server.RaftServer$Division (RaftServerImpl.java:logAppendEntries(1545)) - s14@group-BDFE845AF3B0: appendEntries* reply s9<-s14#8184:OK-t1,SUCCESS,nextIndex=203,followerCommit=201,matchIndex=202
2024-10-09 04:30:06,159 DEBUG server.RaftServer$Division (RaftServerImpl.java:logAppendEntries(1545)) - s4@group-BDFE845AF3B0: appendEntries* s9->s4#8187-t1,previous=(t:1, i:201),leaderCommit=201,initializing? false,entries: size=1, first=(t:1, i:202), METADATAENTRY(c:201)
2024-10-09 04:30:06,159 DEBUG server.RaftServer$Division (RaftServerImpl.java:logAppendEntries(1545)) - s6@group-BDFE845AF3B0: appendEntries* s9->s6#8191-t1,previous=(t:1, i:201),leaderCommit=201,initializing? false,entries: size=1, first=(t:1, i:202), METADATAENTRY(c:201)
2024-10-09 04:30:06,159 DEBUG server.RaftServer$Division (RaftServerImpl.java:logAppendEntries(1545)) - s10@group-BDFE845AF3B0: appendEntries* s9->s10#8182-t1,previous=(t:1, i:201),leaderCommit=201,initializing? false,entries: size=1, first=(t:1, i:202), METADATAENTRY(c:201)
2024-10-09 04:30:06,160 DEBUG server.RaftServer$Division (RaftServerImpl.java:logAppendEntries(1545)) - s13@group-BDFE845AF3B0: appendEntries* reply s9<-s13#8188:OK-t1,SUCCESS,nextIndex=203,followerCommit=201,matchIndex=202
2024-10-09 04:30:06,160 DEBUG server.RaftServer$Division (RaftServerImpl.java:logAppendEntries(1545)) - s6@group-BDFE845AF3B0: appendEntries* reply s9<-s6#8191:OK-t1,SUCCESS,nextIndex=203,followerCommit=201,matchIndex=202
2024-10-09 04:30:06,159 DEBUG server.RaftServer$Division (RaftServerImpl.java:logAppendEntries(1545)) - s5@group-BDFE845AF3B0: appendEntries* reply s9<-s5#8178:OK-t1,SUCCESS,nextIndex=202,followerCommit=200,matchIndex=201
2024-10-09 04:30:06,159 DEBUG server.RaftServer$Division (RaftServerImpl.java:logAppendEntries(1545)) - s7@group-BDFE845AF3B0: appendEntries* s9->s7#8186-t1,previous=(t:1, i:201),leaderCommit=201,initializing? false,entries: size=1, first=(t:1, i:202), METADATAENTRY(c:201)
2024-10-09 04:30:06,160 DEBUG server.RaftServer$Division (RaftServerImpl.java:submitClientRequestAsync(916)) - s9@group-BDFE845AF3B0: receive client request(RaftClientRequest:client-CAAA969A923D->s9@group-BDFE845AF3B0, cid=8193, seq=null, RW, Message:01016300)
2024-10-09 04:30:06,159 DEBUG server.RaftServer$Division (RaftServerImpl.java:logAppendEntries(1545)) - s0@group-BDFE845AF3B0: appendEntries* reply s9<-s0#8183:OK-t1,SUCCESS,nextIndex=203,followerCommit=201,matchIndex=202
2024-10-09 04:30:06,159 DEBUG server.RaftServer$Division (RaftServerImpl.java:logAppendEntries(1545)) - s3@group-BDFE845AF3B0: appendEntries* s9->s3#8189-t1,previous=(t:1, i:201),leaderCommit=201,initializing? false,entries: size=1, first=(t:1, i:202), METADATAENTRY(c:201)
2024-10-09 04:30:06,159 DEBUG server.RaftServer$Division (RaftServerImpl.java:logAppendEntries(1545)) - s11@group-BDFE845AF3B0: appendEntries* s9->s11#8185-t1,previous=(t:1, i:201),leaderCommit=201,initializing? false,entries: size=1, first=(t:1, i:202), METADATAENTRY(c:201)
2024-10-09 04:30:06,161 DEBUG server.RaftServer$Division (LeaderStateImpl.java:addPendingRequest(529)) - s9@group-BDFE845AF3B0-LeaderStateImpl: addPendingRequest at RaftClientRequest:client-CAAA969A923D->s9@group-BDFE845AF3B0, cid=8193, seq=null, RW, Message:01016300, entry=(t:1, i:203), STATEMACHINELOGENTRY, WRITE: logData.size=4, stateMachineData.size=0, logEntryProtoSerializedSize=0
2024-10-09 04:30:06,160 DEBUG server.RaftServer$Division (RaftServerImpl.java:logAppendEntries(1545)) - s5@group-BDFE845AF3B0: appendEntries* s9->s5#8194-t1,previous=(t:1, i:201),leaderCommit=201,initializing? false,entries: size=1, first=(t:1, i:202), METADATAENTRY(c:201)
2024-10-09 04:30:06,161 DEBUG server.RaftServer$Division (RaftServerImpl.java:logAppendEntries(1545)) - s3@group-BDFE845AF3B0: appendEntries* reply s9<-s3#8189:OK-t1,SUCCESS,nextIndex=203,followerCommit=201,matchIndex=202
2024-10-09 04:30:06,160 DEBUG server.RaftServer$Division (RaftServerImpl.java:logAppendEntries(1545)) - s8@group-BDFE845AF3B0: appendEntries* reply s9<-s8#8181:OK-t1,SUCCESS,nextIndex=203,followerCommit=201,matchIndex=202
2024-10-09 04:30:06,161 DEBUG server.RaftServer$Division (RaftServerImpl.java:logAppendEntries(1545)) - s0@group-BDFE845AF3B0: appendEntries* s9->s0#8195-t1,previous=(t:1, i:202),leaderCommit=201,initializing? false,entries: size=1, first=(t:1, i:203), STATEMACHINELOGENTRY, StateMachineLogEntryProto:8193@client-CAAA969A923D
2024-10-09 04:30:06,160 DEBUG server.RaftServer$Division (RaftServerImpl.java:logAppendEntries(1545)) - s4@group-BDFE845AF3B0: appendEntries* reply s9<-s4#8187:OK-t1,SUCCESS,nextIndex=203,followerCommit=201,matchIndex=202
2024-10-09 04:30:06,161 DEBUG server.RaftServer$Division (RaftServerImpl.java:logAppendEntries(1545)) - s5@group-BDFE845AF3B0: appendEntries* reply s9<-s5#8194:OK-t1,SUCCESS,nextIndex=203,followerCommit=201,matchIndex=202
2024-10-09 04:30:06,160 DEBUG server.RaftServer$Division (RaftServerImpl.java:logAppendEntries(1545)) - s12@group-BDFE845AF3B0: appendEntries* s9->s12#8192-t1,previous=(t:1, i:201),leaderCommit=201,initializing? false,entries: size=1, first=(t:1, i:202), METADATAENTRY(c:201)
2024-10-09 04:30:06,162 DEBUG server.RaftServer$Division (RaftServerImpl.java:logAppendEntries(1545)) - s3@group-BDFE845AF3B0: appendEntries* s9->s3#8200-t1,previous=(t:1, i:202),leaderCommit=201,initializing? false,entries: size=1, first=(t:1, i:203), STATEMACHINELOGENTRY, StateMachineLogEntryProto:8193@client-CAAA969A923D
2024-10-09 04:30:06,160 DEBUG server.RaftServer$Division (RaftServerImpl.java:logAppendEntries(1545)) - s1@group-BDFE845AF3B0: appendEntries* s9->s1#8190-t1,previous=(t:1, i:201),leaderCommit=201,initializing? false,entries: size=1, first=(t:1, i:202), METADATAENTRY(c:201)
2024-10-09 04:30:06,162 DEBUG server.RaftServer$Division (RaftServerImpl.java:logAppendEntries(1545)) - s8@group-BDFE845AF3B0: appendEntries* s9->s8#8201-t1,previous=(t:1, i:202),leaderCommit=201,initializing? false,entries: size=1, first=(t:1, i:203), STATEMACHINELOGENTRY, StateMachineLogEntryProto:8193@client-CAAA969A923D
2024-10-09 04:30:06,162 DEBUG server.RaftServer$Division (RaftServerImpl.java:logAppendEntries(1545)) - s1@group-BDFE845AF3B0: appendEntries* reply s9<-s1#8190:OK-t1,SUCCESS,nextIndex=203,followerCommit=201,matchIndex=202
2024-10-09 04:30:06,162 DEBUG server.RaftServer$Division (RaftServerImpl.java:logAppendEntries(1545)) - s4@group-BDFE845AF3B0: appendEntries* s9->s4#8202-t1,previous=(t:1, i:202),leaderCommit=201,initializing? false,entries: size=1, first=(t:1, i:203), STATEMACHINELOGENTRY, StateMachineLogEntryProto:8193@client-CAAA969A923D
2024-10-09 04:30:06,162 DEBUG server.RaftServer$Division (RaftServerImpl.java:logAppendEntries(1545)) - s0@group-BDFE845AF3B0: appendEntries* reply s9<-s0#8195:OK-t1,SUCCESS,nextIndex=204,followerCommit=201,matchIndex=203
2024-10-09 04:30:06,161 DEBUG server.RaftServer$Division (RaftServerImpl.java:logAppendEntries(1545)) - s2@group-BDFE845AF3B0: appendEntries* s9->s2#8199-t1,previous=(t:1, i:201),leaderCommit=201,initializing? false,entries: size=2, first=(t:1, i:202), METADATAENTRY(c:201)
2024-10-09 04:30:06,161 DEBUG server.RaftServer$Division (RaftServerImpl.java:logAppendEntries(1545)) - s13@group-BDFE845AF3B0: appendEntries* s9->s13#8197-t1,previous=(t:1, i:202),leaderCommit=201,initializing? false,entries: size=1, first=(t:1, i:203), STATEMACHINELOGENTRY, StateMachineLogEntryProto:8193@client-CAAA969A923D
2024-10-09 04:30:06,163 DEBUG server.RaftServer$Division (RaftServerImpl.java:logAppendEntries(1545)) - s4@group-BDFE845AF3B0: appendEntries* reply s9<-s4#8202:OK-t1,SUCCESS,nextIndex=204,followerCommit=201,matchIndex=203
2024-10-09 04:30:06,161 DEBUG server.RaftServer$Division (RaftServerImpl.java:logAppendEntries(1545)) - s14@group-BDFE845AF3B0: appendEntries* s9->s14#8198-t1,previous=(t:1, i:202),leaderCommit=201,initializing? false,entries: size=1, first=(t:1, i:203), STATEMACHINELOGENTRY, StateMachineLogEntryProto:8193@client-CAAA969A923D
2024-10-09 04:30:06,161 DEBUG server.RaftServer$Division (RaftServerImpl.java:logAppendEntries(1545)) - s11@group-BDFE845AF3B0: appendEntries* reply s9<-s11#8185:OK-t1,SUCCESS,nextIndex=203,followerCommit=201,matchIndex=202
2024-10-09 04:30:06,161 DEBUG server.RaftServer$Division (RaftServerImpl.java:logAppendEntries(1545)) - s7@group-BDFE845AF3B0: appendEntries* reply s9<-s7#8186:OK-t1,SUCCESS,nextIndex=203,followerCommit=201,matchIndex=202
2024-10-09 04:30:06,161 DEBUG server.RaftServer$Division (RaftServerImpl.java:logAppendEntries(1545)) - s10@group-BDFE845AF3B0: appendEntries* reply s9<-s10#8182:OK-t1,SUCCESS,nextIndex=203,followerCommit=201,matchIndex=202
2024-10-09 04:30:06,163 DEBUG server.RaftServer$Division (RaftServerImpl.java:logAppendEntries(1545)) - s13@group-BDFE845AF3B0: appendEntries* reply s9<-s13#8197:OK-t1,SUCCESS,nextIndex=204,followerCommit=201,matchIndex=203
2024-10-09 04:30:06,163 DEBUG server.RaftServer$Division (RaftServerImpl.java:logAppendEntries(1545)) - s1@group-BDFE845AF3B0: appendEntries* s9->s1#8203-t1,previous=(t:1, i:202),leaderCommit=202,initializing? false,entries: size=1, first=(t:1, i:203), STATEMACHINELOGENTRY, StateMachineLogEntryProto:8193@client-CAAA969A923D
2024-10-09 04:30:06,164 DEBUG server.RaftServer$Division (RaftServerImpl.java:logAppendEntries(1545)) - s10@group-BDFE845AF3B0: appendEntries* s9->s10#8204-t1,previous=(t:1, i:202),leaderCommit=202,initializing? false,entries: size=1, first=(t:1, i:203), STATEMACHINELOGENTRY, StateMachineLogEntryProto:8193@client-CAAA969A923D
2024-10-09 04:30:06,162 DEBUG server.RaftServer$Division (RaftServerImpl.java:logAppendEntries(1545)) - s8@group-BDFE845AF3B0: appendEntries* reply s9<-s8#8201:OK-t1,SUCCESS,nextIndex=204,followerCommit=201,matchIndex=203
2024-10-09 04:30:06,162 DEBUG server.RaftServer$Division (RaftServerImpl.java:logAppendEntries(1545)) - s3@group-BDFE845AF3B0: appendEntries* reply s9<-s3#8200:OK-t1,SUCCESS,nextIndex=204,followerCommit=201,matchIndex=203
2024-10-09 04:30:06,162 DEBUG server.RaftServer$Division (RaftServerImpl.java:logAppendEntries(1545)) - s12@group-BDFE845AF3B0: appendEntries* reply s9<-s12#8192:OK-t1,SUCCESS,nextIndex=203,followerCommit=201,matchIndex=202
2024-10-09 04:30:06,164 DEBUG server.RaftServer$Division (RaftServerImpl.java:logAppendEntries(1545)) - s14@group-BDFE845AF3B0: appendEntries* reply s9<-s14#8198:OK-t1,SUCCESS,nextIndex=204,followerCommit=201,matchIndex=203
2024-10-09 04:30:06,164 DEBUG server.RaftServer$Division (RaftServerImpl.java:logAppendEntries(1545)) - s1@group-BDFE845AF3B0: appendEntries* reply s9<-s1#8203:OK-t1,SUCCESS,nextIndex=204,followerCommit=202,matchIndex=203
2024-10-09 04:30:06,164 DEBUG server.RaftServer$Division (RaftServerImpl.java:logAppendEntries(1545)) - s6@group-BDFE845AF3B0: appendEntries* s9->s6#8196-t1,previous=(t:1, i:202),leaderCommit=201,initializing? false,entries: size=1, first=(t:1, i:203), STATEMACHINELOGENTRY, StateMachineLogEntryProto:8193@client-CAAA969A923D
2024-10-09 04:30:06,164 DEBUG server.RaftServer$Division (RaftServerImpl.java:logAppendEntries(1545)) - s10@group-BDFE845AF3B0: appendEntries* reply s9<-s10#8204:OK-t1,SUCCESS,nextIndex=204,followerCommit=202,matchIndex=203
2024-10-09 04:30:06,164 DEBUG server.RaftServer$Division (RaftServerImpl.java:logAppendEntries(1545)) - s11@group-BDFE845AF3B0: appendEntries* s9->s11#8205-t1,previous=(t:1, i:202),leaderCommit=202,initializing? false,entries: size=1, first=(t:1, i:203), STATEMACHINELOGENTRY, StateMachineLogEntryProto:8193@client-CAAA969A923D
2024-10-09 04:30:06,165 INFO  statemachine.StateMachine (ArithmeticStateMachine.java:applyTransaction(181)) - LEADER:s9-203: c = null = null
2024-10-09 04:30:06,165 DEBUG server.RaftServer$Division (RaftServerImpl.java:logAppendEntries(1545)) - s11@group-BDFE845AF3B0: appendEntries* reply s9<-s11#8205:OK-t1,SUCCESS,nextIndex=204,followerCommit=202,matchIndex=203
2024-10-09 04:30:06,165 DEBUG server.RaftServer$Division (RaftServerImpl.java:logAppendEntries(1545)) - s13@group-BDFE845AF3B0: appendEntries* s9->s13#8212-t1,previous=(t:1, i:203),leaderCommit=203,initializing? false,entries: size=1, first=(t:1, i:204), METADATAENTRY(c:203)
2024-10-09 04:30:06,165 DEBUG server.RaftServer$Division (RaftServerImpl.java:logAppendEntries(1545)) - s6@group-BDFE845AF3B0: appendEntries* reply s9<-s6#8196:OK-t1,SUCCESS,nextIndex=204,followerCommit=201,matchIndex=203
2024-10-09 04:30:06,165 DEBUG server.RaftServer$Division (RaftServerImpl.java:logAppendEntries(1545)) - s7@group-BDFE845AF3B0: appendEntries* s9->s7#8206-t1,previous=(t:1, i:202),leaderCommit=202,initializing? false,entries: size=1, first=(t:1, i:203), STATEMACHINELOGENTRY, StateMachineLogEntryProto:8193@client-CAAA969A923D
2024-10-09 04:30:06,165 DEBUG server.RaftServer$Division (RaftServerImpl.java:logAppendEntries(1545)) - s0@group-BDFE845AF3B0: appendEntries* s9->s0#8209-t1,previous=(t:1, i:203),leaderCommit=203,initializing? false,entries: size=1, first=(t:1, i:204), METADATAENTRY(c:203)
2024-10-09 04:30:06,165 DEBUG server.RaftServer$Division (RaftServerImpl.java:logAppendEntries(1545)) - s4@group-BDFE845AF3B0: appendEntries* s9->s4#8215-t1,previous=(t:1, i:203),leaderCommit=203,initializing? false,entries: size=1, first=(t:1, i:204), METADATAENTRY(c:203)
2024-10-09 04:30:06,166 DEBUG server.RaftServer$Division (RaftServerImpl.java:logAppendEntries(1545)) - s13@group-BDFE845AF3B0: appendEntries* reply s9<-s13#8212:OK-t1,SUCCESS,nextIndex=205,followerCommit=203,matchIndex=204
2024-10-09 04:30:06,165 DEBUG server.RaftServer$Division (RaftServerImpl.java:logAppendEntries(1545)) - s10@group-BDFE845AF3B0: appendEntries* s9->s10#8214-t1,previous=(t:1, i:203),leaderCommit=203,initializing? false,entries: size=1, first=(t:1, i:204), METADATAENTRY(c:203)
2024-10-09 04:30:06,166 DEBUG server.RaftServer$Division (RaftServerImpl.java:logAppendEntries(1545)) - s0@group-BDFE845AF3B0: appendEntries* reply s9<-s0#8209:OK-t1,SUCCESS,nextIndex=205,followerCommit=203,matchIndex=204
2024-10-09 04:30:06,165 DEBUG server.RaftServer$Division (RaftServerImpl.java:logAppendEntries(1545)) - s14@group-BDFE845AF3B0: appendEntries* s9->s14#8210-t1,previous=(t:1, i:203),leaderCommit=203,initializing? false,entries: size=1, first=(t:1, i:204), METADATAENTRY(c:203)
2024-10-09 04:30:06,165 DEBUG server.RaftServer$Division (RaftServerImpl.java:logAppendEntries(1545)) - s3@group-BDFE845AF3B0: appendEntries* s9->s3#8211-t1,previous=(t:1, i:203),leaderCommit=203,initializing? false,entries: size=1, first=(t:1, i:204), METADATAENTRY(c:203)
2024-10-09 04:30:06,166 DEBUG server.RaftServer$Division (RaftServerImpl.java:logAppendEntries(1545)) - s5@group-BDFE845AF3B0: appendEntries* s9->s5#8208-t1,previous=(t:1, i:202),leaderCommit=203,initializing? false,entries: size=1, first=(t:1, i:203), STATEMACHINELOGENTRY, StateMachineLogEntryProto:8193@client-CAAA969A923D
2024-10-09 04:30:06,166 DEBUG server.RaftServer$Division (RaftServerImpl.java:logAppendEntries(1545)) - s14@group-BDFE845AF3B0: appendEntries* reply s9<-s14#8210:OK-t1,SUCCESS,nextIndex=205,followerCommit=203,matchIndex=204
2024-10-09 04:30:06,166 DEBUG server.RaftServer$Division (RaftServerImpl.java:logAppendEntries(1545)) - s11@group-BDFE845AF3B0: appendEntries* s9->s11#8216-t1,previous=(t:1, i:203),leaderCommit=203,initializing? false,entries: size=1, first=(t:1, i:204), METADATAENTRY(c:203)
2024-10-09 04:30:06,167 DEBUG server.RaftServer$Division (RaftServerImpl.java:logAppendEntries(1545)) - s5@group-BDFE845AF3B0: appendEntries* reply s9<-s5#8208:OK-t1,SUCCESS,nextIndex=204,followerCommit=203,matchIndex=203
2024-10-09 04:30:06,166 DEBUG server.RaftServer$Division (RaftServerImpl.java:logAppendEntries(1545)) - s6@group-BDFE845AF3B0: appendEntries* s9->s6#8217-t1,previous=(t:1, i:203),leaderCommit=203,initializing? false,entries: size=1, first=(t:1, i:204), METADATAENTRY(c:203)
2024-10-09 04:30:06,167 DEBUG server.RaftServer$Division (RaftServerImpl.java:submitClientRequestAsync(916)) - s9@group-BDFE845AF3B0: receive client request(RaftClientRequest:client-CAAA969A923D->s9@group-BDFE845AF3B0, cid=8218, seq=null, RW, Message:01016102405cc0000000...(size=12))
2024-10-09 04:30:06,167 DEBUG server.RaftServer$Division (LeaderStateImpl.java:addPendingRequest(529)) - s9@group-BDFE845AF3B0-LeaderStateImpl: addPendingRequest at RaftClientRequest:client-CAAA969A923D->s9@group-BDFE845AF3B0, cid=8218, seq=null, RW, Message:01016102405cc0000000...(size=12), entry=(t:1, i:205), STATEMACHINELOGENTRY, WRITE: logData.size=12, stateMachineData.size=0, logEntryProtoSerializedSize=0
2024-10-09 04:30:06,168 DEBUG server.RaftServer$Division (RaftServerImpl.java:logAppendEntries(1545)) - s2@group-BDFE845AF3B0: appendEntries* reply s9<-s2#8199:OK-t1,SUCCESS,nextIndex=204,followerCommit=201,matchIndex=203
2024-10-09 04:30:06,168 DEBUG server.RaftServer$Division (RaftServerImpl.java:logAppendEntries(1545)) - s0@group-BDFE845AF3B0: appendEntries* s9->s0#8219-t1,previous=(t:1, i:204),leaderCommit=203,initializing? false,entries: size=1, first=(t:1, i:205), STATEMACHINELOGENTRY, StateMachineLogEntryProto:8218@client-CAAA969A923D
2024-10-09 04:30:06,168 DEBUG server.RaftServer$Division (RaftServerImpl.java:logAppendEntries(1545)) - s1@group-BDFE845AF3B0: appendEntries* s9->s1#8220-t1,previous=(t:1, i:203),leaderCommit=203,initializing? false,entries: size=2, first=(t:1, i:204), METADATAENTRY(c:203)
2024-10-09 04:30:06,169 DEBUG server.RaftServer$Division (RaftServerImpl.java:logAppendEntries(1545)) - s11@group-BDFE845AF3B0: appendEntries* reply s9<-s11#8216:OK-t1,SUCCESS,nextIndex=205,followerCommit=203,matchIndex=204
2024-10-09 04:30:06,169 DEBUG server.RaftServer$Division (RaftServerImpl.java:logAppendEntries(1545)) - s8@group-BDFE845AF3B0: appendEntries* s9->s8#8213-t1,previous=(t:1, i:203),leaderCommit=203,initializing? false,entries: size=1, first=(t:1, i:204), METADATAENTRY(c:203)
2024-10-09 04:30:06,166 DEBUG server.RaftServer$Division (RaftServerImpl.java:logAppendEntries(1545)) - s7@group-BDFE845AF3B0: appendEntries* reply s9<-s7#8206:OK-t1,SUCCESS,nextIndex=204,followerCommit=202,matchIndex=203
2024-10-09 04:30:06,167 DEBUG server.RaftServer$Division (RaftServerImpl.java:logAppendEntries(1545)) - s3@group-BDFE845AF3B0: appendEntries* reply s9<-s3#8211:OK-t1,SUCCESS,nextIndex=205,followerCommit=203,matchIndex=204
2024-10-09 04:30:06,169 DEBUG server.RaftServer$Division (RaftServerImpl.java:logAppendEntries(1545)) - s14@group-BDFE845AF3B0: appendEntries* s9->s14#8223-t1,previous=(t:1, i:204),leaderCommit=203,initializing? false,entries: size=1, first=(t:1, i:205), STATEMACHINELOGENTRY, StateMachineLogEntryProto:8218@client-CAAA969A923D
2024-10-09 04:30:06,169 DEBUG server.RaftServer$Division (RaftServerImpl.java:logAppendEntries(1545)) - s0@group-BDFE845AF3B0: appendEntries* reply s9<-s0#8219:OK-t1,SUCCESS,nextIndex=206,followerCommit=203,matchIndex=205
2024-10-09 04:30:06,169 DEBUG server.RaftServer$Division (RaftServerImpl.java:logAppendEntries(1545)) - s13@group-BDFE845AF3B0: appendEntries* s9->s13#8222-t1,previous=(t:1, i:204),leaderCommit=203,initializing? false,entries: size=1, first=(t:1, i:205), STATEMACHINELOGENTRY, StateMachineLogEntryProto:8218@client-CAAA969A923D
2024-10-09 04:30:06,169 DEBUG server.RaftServer$Division (RaftServerImpl.java:logAppendEntries(1545)) - s8@group-BDFE845AF3B0: appendEntries* reply s9<-s8#8213:OK-t1,SUCCESS,nextIndex=205,followerCommit=203,matchIndex=204
2024-10-09 04:30:06,167 DEBUG server.RaftServer$Division (RaftServerImpl.java:logAppendEntries(1545)) - s4@group-BDFE845AF3B0: appendEntries* reply s9<-s4#8215:OK-t1,SUCCESS,nextIndex=205,followerCommit=203,matchIndex=204
2024-10-09 04:30:06,166 DEBUG server.RaftServer$Division (RaftServerImpl.java:logAppendEntries(1545)) - s10@group-BDFE845AF3B0: appendEntries* reply s9<-s10#8214:OK-t1,SUCCESS,nextIndex=205,followerCommit=203,matchIndex=204
2024-10-09 04:30:06,169 DEBUG server.RaftServer$Division (RaftServerImpl.java:logAppendEntries(1545)) - s3@group-BDFE845AF3B0: appendEntries* s9->s3#8225-t1,previous=(t:1, i:204),leaderCommit=203,initializing? false,entries: size=1, first=(t:1, i:205), STATEMACHINELOGENTRY, StateMachineLogEntryProto:8218@client-CAAA969A923D
2024-10-09 04:30:06,170 DEBUG server.RaftServer$Division (RaftServerImpl.java:logAppendEntries(1545)) - s13@group-BDFE845AF3B0: appendEntries* reply s9<-s13#8222:OK-t1,SUCCESS,nextIndex=206,followerCommit=203,matchIndex=205
2024-10-09 04:30:06,170 DEBUG server.RaftServer$Division (RaftServerImpl.java:logAppendEntries(1545)) - s8@group-BDFE845AF3B0: appendEntries* s9->s8#8226-t1,previous=(t:1, i:204),leaderCommit=203,initializing? false,entries: size=1, first=(t:1, i:205), STATEMACHINELOGENTRY, StateMachineLogEntryProto:8218@client-CAAA969A923D
2024-10-09 04:30:06,170 DEBUG server.RaftServer$Division (RaftServerImpl.java:logAppendEntries(1545)) - s2@group-BDFE845AF3B0: appendEntries* s9->s2#8221-t1,previous=(t:1, i:203),leaderCommit=203,initializing? false,entries: size=2, first=(t:1, i:204), METADATAENTRY(c:203)
2024-10-09 04:30:06,169 DEBUG server.RaftServer$Division (RaftServerImpl.java:logAppendEntries(1545)) - s14@group-BDFE845AF3B0: appendEntries* reply s9<-s14#8223:OK-t1,SUCCESS,nextIndex=206,followerCommit=203,matchIndex=205
2024-10-09 04:30:06,169 DEBUG server.RaftServer$Division (RaftServerImpl.java:logAppendEntries(1545)) - s7@group-BDFE845AF3B0: appendEntries* s9->s7#8224-t1,previous=(t:1, i:203),leaderCommit=203,initializing? false,entries: size=2, first=(t:1, i:204), METADATAENTRY(c:203)
2024-10-09 04:30:06,169 DEBUG server.RaftServer$Division (RaftServerImpl.java:logAppendEntries(1545)) - s12@group-BDFE845AF3B0: appendEntries* s9->s12#8207-t1,previous=(t:1, i:202),leaderCommit=202,initializing? false,entries: size=1, first=(t:1, i:203), STATEMACHINELOGENTRY, StateMachineLogEntryProto:8193@client-CAAA969A923D
2024-10-09 04:30:06,169 DEBUG server.RaftServer$Division (RaftServerImpl.java:logAppendEntries(1545)) - s1@group-BDFE845AF3B0: appendEntries* reply s9<-s1#8220:OK-t1,SUCCESS,nextIndex=206,followerCommit=203,matchIndex=205
2024-10-09 04:30:06,171 DEBUG server.RaftServer$Division (RaftServerImpl.java:logAppendEntries(1545)) - s3@group-BDFE845AF3B0: appendEntries* reply s9<-s3#8225:OK-t1,SUCCESS,nextIndex=206,followerCommit=203,matchIndex=205
2024-10-09 04:30:06,171 DEBUG server.RaftServer$Division (RaftServerImpl.java:logAppendEntries(1545)) - s8@group-BDFE845AF3B0: appendEntries* reply s9<-s8#8226:OK-t1,SUCCESS,nextIndex=206,followerCommit=203,matchIndex=205
2024-10-09 04:30:06,171 DEBUG server.RaftServer$Division (RaftServerImpl.java:logAppendEntries(1545)) - s7@group-BDFE845AF3B0: appendEntries* reply s9<-s7#8224:OK-t1,SUCCESS,nextIndex=206,followerCommit=203,matchIndex=205
2024-10-09 04:30:06,171 INFO  statemachine.StateMachine (ArithmeticStateMachine.java:applyTransaction(181)) - LEADER:s9-205: a = 115 = 115
2024-10-09 04:30:06,171 DEBUG server.RaftServer$Division (RaftServerImpl.java:logAppendEntries(1545)) - s4@group-BDFE845AF3B0: appendEntries* s9->s4#8230-t1,previous=(t:1, i:204),leaderCommit=204,initializing? false,entries: size=1, first=(t:1, i:205), STATEMACHINELOGENTRY, StateMachineLogEntryProto:8218@client-CAAA969A923D
2024-10-09 04:30:06,171 DEBUG server.RaftServer$Division (RaftServerImpl.java:logAppendEntries(1545)) - s1@group-BDFE845AF3B0: appendEntries* s9->s1#8231-t1,previous=(t:1, i:205),leaderCommit=205,initializing? false,entries: size=1, first=(t:1, i:206), METADATAENTRY(c:205)
2024-10-09 04:30:06,172 DEBUG server.RaftServer$Division (RaftServerImpl.java:logAppendEntries(1545)) - s14@group-BDFE845AF3B0: appendEntries* s9->s14#8233-t1,previous=(t:1, i:205),leaderCommit=205,initializing? false,entries: size=1, first=(t:1, i:206), METADATAENTRY(c:205)
2024-10-09 04:30:06,172 DEBUG server.RaftServer$Division (RaftServerImpl.java:logAppendEntries(1545)) - s8@group-BDFE845AF3B0: appendEntries* s9->s8#8232-t1,previous=(t:1, i:205),leaderCommit=205,initializing? false,entries: size=1, first=(t:1, i:206), METADATAENTRY(c:205)
2024-10-09 04:30:06,170 DEBUG server.RaftServer$Division (RaftServerImpl.java:logAppendEntries(1545)) - s11@group-BDFE845AF3B0: appendEntries* s9->s11#8227-t1,previous=(t:1, i:204),leaderCommit=203,initializing? false,entries: size=1, first=(t:1, i:205), STATEMACHINELOGENTRY, StateMachineLogEntryProto:8218@client-CAAA969A923D
2024-10-09 04:30:06,172 DEBUG server.RaftServer$Division (RaftServerImpl.java:logAppendEntries(1545)) - s13@group-BDFE845AF3B0: appendEntries* s9->s13#8237-t1,previous=(t:1, i:205),leaderCommit=205,initializing? false,entries: size=1, first=(t:1, i:206), METADATAENTRY(c:205)
2024-10-09 04:30:06,172 DEBUG server.RaftServer$Division (RaftServerImpl.java:logAppendEntries(1545)) - s1@group-BDFE845AF3B0: appendEntries* reply s9<-s1#8231:OK-t1,SUCCESS,nextIndex=207,followerCommit=205,matchIndex=206
2024-10-09 04:30:06,170 DEBUG server.RaftServer$Division (RaftServerImpl.java:logAppendEntries(1545)) - s6@group-BDFE845AF3B0: appendEntries* reply s9<-s6#8217:OK-t1,SUCCESS,nextIndex=205,followerCommit=203,matchIndex=204
2024-10-09 04:30:06,172 DEBUG server.RaftServer$Division (RaftServerImpl.java:logAppendEntries(1545)) - s8@group-BDFE845AF3B0: appendEntries* reply s9<-s8#8232:OK-t1,SUCCESS,nextIndex=207,followerCommit=205,matchIndex=206
2024-10-09 04:30:06,172 DEBUG server.RaftServer$Division (RaftServerImpl.java:logAppendEntries(1545)) - s11@group-BDFE845AF3B0: appendEntries* reply s9<-s11#8227:OK-t1,SUCCESS,nextIndex=206,followerCommit=203,matchIndex=205
2024-10-09 04:30:06,172 DEBUG server.RaftServer$Division (RaftServerImpl.java:logAppendEntries(1545)) - s3@group-BDFE845AF3B0: appendEntries* s9->s3#8234-t1,previous=(t:1, i:205),leaderCommit=205,initializing? false,entries: size=1, first=(t:1, i:206), METADATAENTRY(c:205)
2024-10-09 04:30:06,172 DEBUG server.RaftServer$Division (RaftServerImpl.java:logAppendEntries(1545)) - s14@group-BDFE845AF3B0: appendEntries* reply s9<-s14#8233:OK-t1,SUCCESS,nextIndex=207,followerCommit=205,matchIndex=206
2024-10-09 04:30:06,172 DEBUG server.RaftServer$Division (RaftServerImpl.java:logAppendEntries(1545)) - s2@group-BDFE845AF3B0: appendEntries* reply s9<-s2#8221:OK-t1,SUCCESS,nextIndex=206,followerCommit=203,matchIndex=205
2024-10-09 04:30:06,172 DEBUG server.RaftServer$Division (RaftServerImpl.java:logAppendEntries(1545)) - s0@group-BDFE845AF3B0: appendEntries* s9->s0#8235-t1,previous=(t:1, i:205),leaderCommit=205,initializing? false,entries: size=1, first=(t:1, i:206), METADATAENTRY(c:205)
2024-10-09 04:30:06,173 DEBUG server.RaftServer$Division (RaftServerImpl.java:logAppendEntries(1545)) - s3@group-BDFE845AF3B0: appendEntries* reply s9<-s3#8234:OK-t1,SUCCESS,nextIndex=207,followerCommit=205,matchIndex=206
2024-10-09 04:30:06,172 DEBUG server.RaftServer$Division (RaftServerImpl.java:logAppendEntries(1545)) - s4@group-BDFE845AF3B0: appendEntries* reply s9<-s4#8230:OK-t1,SUCCESS,nextIndex=206,followerCommit=204,matchIndex=205
2024-10-09 04:30:06,172 DEBUG server.RaftServer$Division (RaftServerImpl.java:logAppendEntries(1545)) - s7@group-BDFE845AF3B0: appendEntries* s9->s7#8236-t1,previous=(t:1, i:205),leaderCommit=205,initializing? false,entries: size=1, first=(t:1, i:206), METADATAENTRY(c:205)
2024-10-09 04:30:06,171 DEBUG server.RaftServer$Division (RaftServerImpl.java:logAppendEntries(1545)) - s12@group-BDFE845AF3B0: appendEntries* reply s9<-s12#8207:OK-t1,SUCCESS,nextIndex=204,followerCommit=202,matchIndex=203
2024-10-09 04:30:06,173 DEBUG server.RaftServer$Division (RaftServerImpl.java:logAppendEntries(1545)) - s11@group-BDFE845AF3B0: appendEntries* s9->s11#8239-t1,previous=(t:1, i:205),leaderCommit=205,initializing? false,entries: size=1, first=(t:1, i:206), METADATAENTRY(c:205)
2024-10-09 04:30:06,173 DEBUG server.RaftServer$Division (RaftServerImpl.java:logAppendEntries(1545)) - s12@group-BDFE845AF3B0: appendEntries* s9->s12#8240-t1,previous=(t:1, i:203),leaderCommit=205,initializing? false,entries: size=3, first=(t:1, i:204), METADATAENTRY(c:203)
2024-10-09 04:30:06,174 DEBUG server.RaftServer$Division (RaftServerImpl.java:logAppendEntries(1545)) - s7@group-BDFE845AF3B0: appendEntries* reply s9<-s7#8236:OK-t1,SUCCESS,nextIndex=207,followerCommit=205,matchIndex=206
2024-10-09 04:30:06,174 DEBUG server.RaftServer$Division (RaftServerImpl.java:logAppendEntries(1545)) - s11@group-BDFE845AF3B0: appendEntries* reply s9<-s11#8239:OK-t1,SUCCESS,nextIndex=207,followerCommit=205,matchIndex=206
2024-10-09 04:30:06,174 DEBUG server.RaftServer$Division (RaftServerImpl.java:logAppendEntries(1545)) - s4@group-BDFE845AF3B0: appendEntries* s9->s4#8241-t1,previous=(t:1, i:205),leaderCommit=205,initializing? false,entries: size=1, first=(t:1, i:206), METADATAENTRY(c:205)
2024-10-09 04:30:06,174 DEBUG server.RaftServer$Division (RaftServerImpl.java:logAppendEntries(1545)) - s4@group-BDFE845AF3B0: appendEntries* reply s9<-s4#8241:OK-t1,SUCCESS,nextIndex=207,followerCommit=205,matchIndex=206
2024-10-09 04:30:06,171 DEBUG server.RaftServer$Division (RaftServerImpl.java:logAppendEntries(1545)) - s10@group-BDFE845AF3B0: appendEntries* s9->s10#8228-t1,previous=(t:1, i:204),leaderCommit=203,initializing? false,entries: size=1, first=(t:1, i:205), STATEMACHINELOGENTRY, StateMachineLogEntryProto:8218@client-CAAA969A923D
2024-10-09 04:30:06,175 DEBUG server.RaftServer$Division (RaftServerImpl.java:logAppendEntries(1545)) - s5@group-BDFE845AF3B0: appendEntries* s9->s5#8229-t1,previous=(t:1, i:203),leaderCommit=204,initializing? false,entries: size=2, first=(t:1, i:204), METADATAENTRY(c:203)
2024-10-09 04:30:06,174 DEBUG server.RaftServer$Division (RaftServerImpl.java:logAppendEntries(1545)) - s12@group-BDFE845AF3B0: appendEntries* reply s9<-s12#8240:OK-t1,SUCCESS,nextIndex=207,followerCommit=205,matchIndex=206
2024-10-09 04:30:06,173 DEBUG server.RaftServer$Division (RaftServerImpl.java:logAppendEntries(1545)) - s0@group-BDFE845AF3B0: appendEntries* reply s9<-s0#8235:OK-t1,SUCCESS,nextIndex=207,followerCommit=205,matchIndex=206
2024-10-09 04:30:06,173 DEBUG server.RaftServer$Division (RaftServerImpl.java:logAppendEntries(1545)) - s13@group-BDFE845AF3B0: appendEntries* reply s9<-s13#8237:OK-t1,SUCCESS,nextIndex=207,followerCommit=205,matchIndex=206
2024-10-09 04:30:06,175 DEBUG server.RaftServer$Division (RaftServerImpl.java:logAppendEntries(1545)) - s10@group-BDFE845AF3B0: appendEntries* reply s9<-s10#8228:OK-t1,SUCCESS,nextIndex=206,followerCommit=203,matchIndex=205
2024-10-09 04:30:06,175 DEBUG server.RaftServer$Division (RaftServerImpl.java:logAppendEntries(1545)) - s6@group-BDFE845AF3B0: appendEntries* s9->s6#8242-t1,previous=(t:1, i:204),leaderCommit=206,initializing? false,entries: size=2, first=(t:1, i:205), STATEMACHINELOGENTRY, StateMachineLogEntryProto:8218@client-CAAA969A923D
2024-10-09 04:30:06,176 DEBUG server.RaftServer$Division (RaftServerImpl.java:logAppendEntries(1545)) - s10@group-BDFE845AF3B0: appendEntries* s9->s10#8243-t1,previous=(t:1, i:205),leaderCommit=206,initializing? false,entries: size=1, first=(t:1, i:206), METADATAENTRY(c:205)
2024-10-09 04:30:06,176 DEBUG server.RaftServer$Division (RaftServerImpl.java:logAppendEntries(1545)) - s5@group-BDFE845AF3B0: appendEntries* reply s9<-s5#8229:OK-t1,SUCCESS,nextIndex=206,followerCommit=204,matchIndex=205
2024-10-09 04:30:06,176 DEBUG server.RaftServer$Division (RaftServerImpl.java:logAppendEntries(1545)) - s6@group-BDFE845AF3B0: appendEntries* reply s9<-s6#8242:OK-t1,SUCCESS,nextIndex=207,followerCommit=206,matchIndex=206
2024-10-09 04:30:06,176 DEBUG server.RaftServer$Division (RaftServerImpl.java:submitClientRequestAsync(916)) - s9@group-BDFE845AF3B0: receive client request(RaftClientRequest:client-CAAA969A923D->s9@group-BDFE845AF3B0, cid=8238, seq=null, RW, Message:0101620240b9d4000000...(size=12))
2024-10-09 04:30:06,176 DEBUG server.RaftServer$Division (LeaderStateImpl.java:addPendingRequest(529)) - s9@group-BDFE845AF3B0-LeaderStateImpl: addPendingRequest at RaftClientRequest:client-CAAA969A923D->s9@group-BDFE845AF3B0, cid=8238, seq=null, RW, Message:0101620240b9d4000000...(size=12), entry=(t:1, i:207), STATEMACHINELOGENTRY, WRITE: logData.size=12, stateMachineData.size=0, logEntryProtoSerializedSize=0
2024-10-09 04:30:06,177 DEBUG server.RaftServer$Division (RaftServerImpl.java:logAppendEntries(1545)) - s7@group-BDFE845AF3B0: appendEntries* s9->s7#8251-t1,previous=(t:1, i:206),leaderCommit=206,initializing? false,entries: size=1, first=(t:1, i:207), STATEMACHINELOGENTRY, StateMachineLogEntryProto:8238@client-CAAA969A923D
2024-10-09 04:30:06,177 DEBUG server.RaftServer$Division (RaftServerImpl.java:logAppendEntries(1545)) - s8@group-BDFE845AF3B0: appendEntries* s9->s8#8253-t1,previous=(t:1, i:206),leaderCommit=206,initializing? false,entries: size=1, first=(t:1, i:207), STATEMACHINELOGENTRY, StateMachineLogEntryProto:8238@client-CAAA969A923D
2024-10-09 04:30:06,176 DEBUG server.RaftServer$Division (RaftServerImpl.java:logAppendEntries(1545)) - s10@group-BDFE845AF3B0: appendEntries* reply s9<-s10#8243:OK-t1,SUCCESS,nextIndex=207,followerCommit=206,matchIndex=206
2024-10-09 04:30:06,177 DEBUG server.RaftServer$Division (RaftServerImpl.java:logAppendEntries(1545)) - s1@group-BDFE845AF3B0: appendEntries* s9->s1#8245-t1,previous=(t:1, i:206),leaderCommit=206,initializing? false,entries: size=1, first=(t:1, i:207), STATEMACHINELOGENTRY, StateMachineLogEntryProto:8238@client-CAAA969A923D
2024-10-09 04:30:06,177 DEBUG server.RaftServer$Division (RaftServerImpl.java:logAppendEntries(1545)) - s7@group-BDFE845AF3B0: appendEntries* reply s9<-s7#8251:OK-t1,SUCCESS,nextIndex=208,followerCommit=206,matchIndex=207
2024-10-09 04:30:06,177 DEBUG server.RaftServer$Division (RaftServerImpl.java:logAppendEntries(1545)) - s8@group-BDFE845AF3B0: appendEntries* reply s9<-s8#8253:OK-t1,SUCCESS,nextIndex=208,followerCommit=206,matchIndex=207
2024-10-09 04:30:06,177 DEBUG server.RaftServer$Division (RaftServerImpl.java:logAppendEntries(1545)) - s11@group-BDFE845AF3B0: appendEntries* s9->s11#8248-t1,previous=(t:1, i:206),leaderCommit=206,initializing? false,entries: size=1, first=(t:1, i:207), STATEMACHINELOGENTRY, StateMachineLogEntryProto:8238@client-CAAA969A923D
2024-10-09 04:30:06,178 DEBUG server.RaftServer$Division (RaftServerImpl.java:logAppendEntries(1545)) - s1@group-BDFE845AF3B0: appendEntries* reply s9<-s1#8245:OK-t1,SUCCESS,nextIndex=208,followerCommit=206,matchIndex=207
2024-10-09 04:30:06,177 DEBUG server.RaftServer$Division (RaftServerImpl.java:logAppendEntries(1545)) - s2@group-BDFE845AF3B0: appendEntries* s9->s2#8246-t1,previous=(t:1, i:205),leaderCommit=206,initializing? false,entries: size=2, first=(t:1, i:206), METADATAENTRY(c:205)
2024-10-09 04:30:06,177 DEBUG server.RaftServer$Division (RaftServerImpl.java:logAppendEntries(1545)) - s3@group-BDFE845AF3B0: appendEntries* s9->s3#8247-t1,previous=(t:1, i:206),leaderCommit=206,initializing? false,entries: size=1, first=(t:1, i:207), STATEMACHINELOGENTRY, StateMachineLogEntryProto:8238@client-CAAA969A923D
2024-10-09 04:30:06,178 DEBUG server.RaftServer$Division (RaftServerImpl.java:logAppendEntries(1545)) - s10@group-BDFE845AF3B0: appendEntries* s9->s10#8256-t1,previous=(t:1, i:206),leaderCommit=206,initializing? false,entries: size=1, first=(t:1, i:207), STATEMACHINELOGENTRY, StateMachineLogEntryProto:8238@client-CAAA969A923D
2024-10-09 04:30:06,178 DEBUG server.RaftServer$Division (RaftServerImpl.java:logAppendEntries(1545)) - s11@group-BDFE845AF3B0: appendEntries* reply s9<-s11#8248:OK-t1,SUCCESS,nextIndex=208,followerCommit=206,matchIndex=207
2024-10-09 04:30:06,178 DEBUG server.RaftServer$Division (RaftServerImpl.java:logAppendEntries(1545)) - s3@group-BDFE845AF3B0: appendEntries* reply s9<-s3#8247:OK-t1,SUCCESS,nextIndex=208,followerCommit=206,matchIndex=207
2024-10-09 04:30:06,177 DEBUG server.RaftServer$Division (RaftServerImpl.java:logAppendEntries(1545)) - s4@group-BDFE845AF3B0: appendEntries* s9->s4#8252-t1,previous=(t:1, i:206),leaderCommit=206,initializing? false,entries: size=1, first=(t:1, i:207), STATEMACHINELOGENTRY, StateMachineLogEntryProto:8238@client-CAAA969A923D
2024-10-09 04:30:06,179 DEBUG server.RaftServer$Division (RaftServerImpl.java:logAppendEntries(1545)) - s10@group-BDFE845AF3B0: appendEntries* reply s9<-s10#8256:OK-t1,SUCCESS,nextIndex=208,followerCommit=206,matchIndex=207
2024-10-09 04:30:06,179 DEBUG server.RaftServer$Division (RaftServerImpl.java:logAppendEntries(1545)) - s6@group-BDFE845AF3B0: appendEntries* s9->s6#8257-t1,previous=(t:1, i:206),leaderCommit=206,initializing? false,entries: size=1, first=(t:1, i:207), STATEMACHINELOGENTRY, StateMachineLogEntryProto:8238@client-CAAA969A923D
2024-10-09 04:30:06,179 DEBUG server.RaftServer$Division (RaftServerImpl.java:logAppendEntries(1545)) - s4@group-BDFE845AF3B0: appendEntries* reply s9<-s4#8252:OK-t1,SUCCESS,nextIndex=208,followerCommit=206,matchIndex=207
2024-10-09 04:30:06,180 DEBUG server.RaftServer$Division (RaftServerImpl.java:logAppendEntries(1545)) - s10@group-BDFE845AF3B0: appendEntries* s9->s10#8258-t1,previous=(t:1, i:207),leaderCommit=207,initializing? false,entries: size=1, first=(t:1, i:208), METADATAENTRY(c:207)
2024-10-09 04:30:06,180 DEBUG server.RaftServer$Division (RaftServerImpl.java:logAppendEntries(1545)) - s6@group-BDFE845AF3B0: appendEntries* reply s9<-s6#8257:OK-t1,SUCCESS,nextIndex=208,followerCommit=206,matchIndex=207
2024-10-09 04:30:06,180 DEBUG server.RaftServer$Division (RaftServerImpl.java:logAppendEntries(1545)) - s11@group-BDFE845AF3B0: appendEntries* s9->s11#8260-t1,previous=(t:1, i:207),leaderCommit=207,initializing? false,entries: size=1, first=(t:1, i:208), METADATAENTRY(c:207)
2024-10-09 04:30:06,180 DEBUG server.RaftServer$Division (RaftServerImpl.java:logAppendEntries(1545)) - s1@group-BDFE845AF3B0: appendEntries* s9->s1#8262-t1,previous=(t:1, i:207),leaderCommit=207,initializing? false,entries: size=1, first=(t:1, i:208), METADATAENTRY(c:207)
2024-10-09 04:30:06,180 DEBUG server.RaftServer$Division (RaftServerImpl.java:logAppendEntries(1545)) - s10@group-BDFE845AF3B0: appendEntries* reply s9<-s10#8258:OK-t1,SUCCESS,nextIndex=209,followerCommit=207,matchIndex=208
2024-10-09 04:30:06,180 DEBUG server.RaftServer$Division (RaftServerImpl.java:logAppendEntries(1545)) - s11@group-BDFE845AF3B0: appendEntries* reply s9<-s11#8260:OK-t1,SUCCESS,nextIndex=209,followerCommit=207,matchIndex=208
2024-10-09 04:30:06,181 DEBUG server.RaftServer$Division (RaftServerImpl.java:logAppendEntries(1545)) - s1@group-BDFE845AF3B0: appendEntries* reply s9<-s1#8262:OK-t1,SUCCESS,nextIndex=209,followerCommit=207,matchIndex=208
2024-10-09 04:30:06,181 DEBUG server.RaftServer$Division (RaftServerImpl.java:logAppendEntries(1545)) - s7@group-BDFE845AF3B0: appendEntries* s9->s7#8263-t1,previous=(t:1, i:207),leaderCommit=207,initializing? false,entries: size=1, first=(t:1, i:208), METADATAENTRY(c:207)
2024-10-09 04:30:06,182 DEBUG server.RaftServer$Division (RaftServerImpl.java:logAppendEntries(1545)) - s6@group-BDFE845AF3B0: appendEntries* s9->s6#8264-t1,previous=(t:1, i:207),leaderCommit=207,initializing? false,entries: size=1, first=(t:1, i:208), METADATAENTRY(c:207)
2024-10-09 04:30:06,182 DEBUG server.RaftServer$Division (RaftServerImpl.java:logAppendEntries(1545)) - s6@group-BDFE845AF3B0: appendEntries* reply s9<-s6#8264:OK-t1,SUCCESS,nextIndex=209,followerCommit=207,matchIndex=208
2024-10-09 04:30:06,177 DEBUG server.RaftServer$Division (RaftServerImpl.java:logAppendEntries(1545)) - s12@group-BDFE845AF3B0: appendEntries* s9->s12#8249-t1,previous=(t:1, i:206),leaderCommit=206,initializing? false,entries: size=1, first=(t:1, i:207), STATEMACHINELOGENTRY, StateMachineLogEntryProto:8238@client-CAAA969A923D
2024-10-09 04:30:06,177 DEBUG server.RaftServer$Division (RaftServerImpl.java:logAppendEntries(1545)) - s13@group-BDFE845AF3B0: appendEntries* s9->s13#8255-t1,previous=(t:1, i:206),leaderCommit=206,initializing? false,entries: size=1, first=(t:1, i:207), STATEMACHINELOGENTRY, StateMachineLogEntryProto:8238@client-CAAA969A923D
2024-10-09 04:30:06,177 DEBUG server.RaftServer$Division (RaftServerImpl.java:logAppendEntries(1545)) - s14@group-BDFE845AF3B0: appendEntries* s9->s14#8250-t1,previous=(t:1, i:206),leaderCommit=206,initializing? false,entries: size=1, first=(t:1, i:207), STATEMACHINELOGENTRY, StateMachineLogEntryProto:8238@client-CAAA969A923D
2024-10-09 04:30:06,177 DEBUG server.RaftServer$Division (RaftServerImpl.java:logAppendEntries(1545)) - s0@group-BDFE845AF3B0: appendEntries* s9->s0#8254-t1,previous=(t:1, i:206),leaderCommit=206,initializing? false,entries: size=1, first=(t:1, i:207), STATEMACHINELOGENTRY, StateMachineLogEntryProto:8238@client-CAAA969A923D
2024-10-09 04:30:06,184 DEBUG server.RaftServer$Division (RaftServerImpl.java:logAppendEntries(1545)) - s12@group-BDFE845AF3B0: appendEntries* reply s9<-s12#8249:OK-t1,SUCCESS,nextIndex=208,followerCommit=206,matchIndex=207
2024-10-09 04:30:06,182 DEBUG server.RaftServer$Division (RaftServerImpl.java:logAppendEntries(1545)) - s7@group-BDFE845AF3B0: appendEntries* reply s9<-s7#8263:OK-t1,SUCCESS,nextIndex=209,followerCommit=207,matchIndex=208
2024-10-09 04:30:06,185 DEBUG server.RaftServer$Division (RaftServerImpl.java:logAppendEntries(1545)) - s14@group-BDFE845AF3B0: appendEntries* reply s9<-s14#8250:OK-t1,SUCCESS,nextIndex=208,followerCommit=206,matchIndex=207
2024-10-09 04:30:06,185 DEBUG server.RaftServer$Division (RaftServerImpl.java:logAppendEntries(1545)) - s0@group-BDFE845AF3B0: appendEntries* reply s9<-s0#8254:OK-t1,SUCCESS,nextIndex=208,followerCommit=206,matchIndex=207
2024-10-09 04:30:06,182 DEBUG server.RaftServer$Division (RaftServerImpl.java:logAppendEntries(1545)) - s8@group-BDFE845AF3B0: appendEntries* s9->s8#8265-t1,previous=(t:1, i:207),leaderCommit=207,initializing? false,entries: size=1, first=(t:1, i:208), METADATAENTRY(c:207)
2024-10-09 04:30:06,180 DEBUG server.RaftServer$Division (RaftServerImpl.java:logAppendEntries(1545)) - s4@group-BDFE845AF3B0: appendEntries* s9->s4#8261-t1,previous=(t:1, i:207),leaderCommit=207,initializing? false,entries: size=1, first=(t:1, i:208), METADATAENTRY(c:207)
2024-10-09 04:30:06,186 DEBUG server.RaftServer$Division (RaftServerImpl.java:logAppendEntries(1545)) - s14@group-BDFE845AF3B0: appendEntries* s9->s14#8266-t1,previous=(t:1, i:207),leaderCommit=207,initializing? false,entries: size=1, first=(t:1, i:208), METADATAENTRY(c:207)
2024-10-09 04:30:06,186 DEBUG server.RaftServer$Division (RaftServerImpl.java:logAppendEntries(1545)) - s12@group-BDFE845AF3B0: appendEntries* s9->s12#8267-t1,previous=(t:1, i:207),leaderCommit=207,initializing? false,entries: size=1, first=(t:1, i:208), METADATAENTRY(c:207)
2024-10-09 04:30:06,180 INFO  statemachine.StateMachine (ArithmeticStateMachine.java:applyTransaction(181)) - LEADER:s9-207: b = 6612 = 6612
2024-10-09 04:30:06,186 DEBUG server.RaftServer$Division (RaftServerImpl.java:logAppendEntries(1545)) - s8@group-BDFE845AF3B0: appendEntries* reply s9<-s8#8265:OK-t1,SUCCESS,nextIndex=209,followerCommit=207,matchIndex=208
2024-10-09 04:30:06,180 DEBUG server.RaftServer$Division (RaftServerImpl.java:logAppendEntries(1545)) - s3@group-BDFE845AF3B0: appendEntries* s9->s3#8259-t1,previous=(t:1, i:207),leaderCommit=207,initializing? false,entries: size=1, first=(t:1, i:208), METADATAENTRY(c:207)
2024-10-09 04:30:06,179 DEBUG server.RaftServer$Division (RaftServerImpl.java:logAppendEntries(1545)) - s5@group-BDFE845AF3B0: appendEntries* s9->s5#8244-t1,previous=(t:1, i:205),leaderCommit=206,initializing? false,entries: size=1, first=(t:1, i:206), METADATAENTRY(c:205)
2024-10-09 04:30:06,178 DEBUG server.RaftServer$Division (RaftServerImpl.java:logAppendEntries(1545)) - s2@group-BDFE845AF3B0: appendEntries* reply s9<-s2#8246:OK-t1,SUCCESS,nextIndex=208,followerCommit=206,matchIndex=207
2024-10-09 04:30:06,186 DEBUG server.RaftServer$Division (RaftServerImpl.java:logAppendEntries(1545)) - s14@group-BDFE845AF3B0: appendEntries* reply s9<-s14#8266:OK-t1,SUCCESS,nextIndex=209,followerCommit=207,matchIndex=208
2024-10-09 04:30:06,186 DEBUG server.RaftServer$Division (RaftServerImpl.java:logAppendEntries(1545)) - s4@group-BDFE845AF3B0: appendEntries* reply s9<-s4#8261:OK-t1,SUCCESS,nextIndex=209,followerCommit=207,matchIndex=208
2024-10-09 04:30:06,185 DEBUG server.RaftServer$Division (RaftServerImpl.java:logAppendEntries(1545)) - s0@group-BDFE845AF3B0: appendEntries* s9->s0#8268-t1,previous=(t:1, i:207),leaderCommit=207,initializing? false,entries: size=1, first=(t:1, i:208), METADATAENTRY(c:207)
2024-10-09 04:30:06,187 DEBUG server.RaftServer$Division (RaftServerImpl.java:logAppendEntries(1545)) - s12@group-BDFE845AF3B0: appendEntries* reply s9<-s12#8267:OK-t1,SUCCESS,nextIndex=209,followerCommit=207,matchIndex=208
2024-10-09 04:30:06,185 DEBUG server.RaftServer$Division (RaftServerImpl.java:logAppendEntries(1545)) - s13@group-BDFE845AF3B0: appendEntries* reply s9<-s13#8255:OK-t1,SUCCESS,nextIndex=208,followerCommit=206,matchIndex=207
2024-10-09 04:30:06,187 DEBUG server.RaftServer$Division (RaftServerImpl.java:logAppendEntries(1545)) - s5@group-BDFE845AF3B0: appendEntries* reply s9<-s5#8244:OK-t1,SUCCESS,nextIndex=207,followerCommit=206,matchIndex=206
2024-10-09 04:30:06,187 DEBUG server.RaftServer$Division (RaftServerImpl.java:logAppendEntries(1545)) - s3@group-BDFE845AF3B0: appendEntries* reply s9<-s3#8259:OK-t1,SUCCESS,nextIndex=209,followerCommit=207,matchIndex=208
2024-10-09 04:30:06,187 DEBUG server.RaftServer$Division (RaftServerImpl.java:logAppendEntries(1545)) - s0@group-BDFE845AF3B0: appendEntries* reply s9<-s0#8268:OK-t1,SUCCESS,nextIndex=209,followerCommit=207,matchIndex=208
2024-10-09 04:30:06,188 DEBUG server.RaftServer$Division (RaftServerImpl.java:logAppendEntries(1545)) - s2@group-BDFE845AF3B0: appendEntries* s9->s2#8272-t1,previous=(t:1, i:207),leaderCommit=208,initializing? false,entries: size=1, first=(t:1, i:208), METADATAENTRY(c:207)
2024-10-09 04:30:06,188 DEBUG server.RaftServer$Division (RaftServerImpl.java:logAppendEntries(1545)) - s5@group-BDFE845AF3B0: appendEntries* s9->s5#8271-t1,previous=(t:1, i:206),leaderCommit=208,initializing? false,entries: size=2, first=(t:1, i:207), STATEMACHINELOGENTRY, StateMachineLogEntryProto:8238@client-CAAA969A923D
2024-10-09 04:30:06,188 DEBUG server.RaftServer$Division (RaftServerImpl.java:logAppendEntries(1545)) - s2@group-BDFE845AF3B0: appendEntries* reply s9<-s2#8272:OK-t1,SUCCESS,nextIndex=209,followerCommit=208,matchIndex=208
2024-10-09 04:30:06,188 DEBUG server.RaftServer$Division (RaftServerImpl.java:logAppendEntries(1545)) - s5@group-BDFE845AF3B0: appendEntries* reply s9<-s5#8271:OK-t1,SUCCESS,nextIndex=209,followerCommit=208,matchIndex=208
2024-10-09 04:30:06,188 DEBUG server.RaftServer$Division (RaftServerImpl.java:logAppendEntries(1545)) - s13@group-BDFE845AF3B0: appendEntries* s9->s13#8270-t1,previous=(t:1, i:207),leaderCommit=208,initializing? false,entries: size=1, first=(t:1, i:208), METADATAENTRY(c:207)
2024-10-09 04:30:06,188 DEBUG server.RaftServer$Division (RaftServerImpl.java:submitClientRequestAsync(916)) - s9@group-BDFE845AF3B0: receive client request(RaftClientRequest:client-CAAA969A923D->s9@group-BDFE845AF3B0, cid=8269, seq=null, RW, Message:01016304010300040201...(size=17))
2024-10-09 04:30:06,189 DEBUG server.RaftServer$Division (RaftServerImpl.java:logAppendEntries(1545)) - s13@group-BDFE845AF3B0: appendEntries* reply s9<-s13#8270:OK-t1,SUCCESS,nextIndex=209,followerCommit=208,matchIndex=208
2024-10-09 04:30:06,189 DEBUG server.RaftServer$Division (LeaderStateImpl.java:addPendingRequest(529)) - s9@group-BDFE845AF3B0-LeaderStateImpl: addPendingRequest at RaftClientRequest:client-CAAA969A923D->s9@group-BDFE845AF3B0, cid=8269, seq=null, RW, Message:01016304010300040201...(size=17), entry=(t:1, i:209), STATEMACHINELOGENTRY, WRITE: logData.size=17, stateMachineData.size=0, logEntryProtoSerializedSize=0
2024-10-09 04:30:06,190 DEBUG server.RaftServer$Division (RaftServerImpl.java:logAppendEntries(1545)) - s8@group-BDFE845AF3B0: appendEntries* s9->s8#8274-t1,previous=(t:1, i:208),leaderCommit=208,initializing? false,entries: size=1, first=(t:1, i:209), STATEMACHINELOGENTRY, StateMachineLogEntryProto:8269@client-CAAA969A923D
2024-10-09 04:30:06,190 DEBUG server.RaftServer$Division (RaftServerImpl.java:logAppendEntries(1545)) - s0@group-BDFE845AF3B0: appendEntries* s9->s0#8275-t1,previous=(t:1, i:208),leaderCommit=208,initializing? false,entries: size=1, first=(t:1, i:209), STATEMACHINELOGENTRY, StateMachineLogEntryProto:8269@client-CAAA969A923D
2024-10-09 04:30:06,190 DEBUG server.RaftServer$Division (RaftServerImpl.java:logAppendEntries(1545)) - s11@group-BDFE845AF3B0: appendEntries* s9->s11#8276-t1,previous=(t:1, i:208),leaderCommit=208,initializing? false,entries: size=1, first=(t:1, i:209), STATEMACHINELOGENTRY, StateMachineLogEntryProto:8269@client-CAAA969A923D
2024-10-09 04:30:06,190 DEBUG server.RaftServer$Division (RaftServerImpl.java:logAppendEntries(1545)) - s7@group-BDFE845AF3B0: appendEntries* s9->s7#8273-t1,previous=(t:1, i:208),leaderCommit=208,initializing? false,entries: size=1, first=(t:1, i:209), STATEMACHINELOGENTRY, StateMachineLogEntryProto:8269@client-CAAA969A923D
2024-10-09 04:30:06,190 DEBUG server.RaftServer$Division (RaftServerImpl.java:logAppendEntries(1545)) - s8@group-BDFE845AF3B0: appendEntries* reply s9<-s8#8274:OK-t1,SUCCESS,nextIndex=210,followerCommit=208,matchIndex=209
2024-10-09 04:30:06,190 DEBUG server.RaftServer$Division (RaftServerImpl.java:logAppendEntries(1545)) - s0@group-BDFE845AF3B0: appendEntries* reply s9<-s0#8275:OK-t1,SUCCESS,nextIndex=210,followerCommit=208,matchIndex=209
2024-10-09 04:30:06,191 DEBUG server.RaftServer$Division (RaftServerImpl.java:logAppendEntries(1545)) - s10@group-BDFE845AF3B0: appendEntries* s9->s10#8278-t1,previous=(t:1, i:208),leaderCommit=208,initializing? false,entries: size=1, first=(t:1, i:209), STATEMACHINELOGENTRY, StateMachineLogEntryProto:8269@client-CAAA969A923D
2024-10-09 04:30:06,191 DEBUG server.RaftServer$Division (RaftServerImpl.java:logAppendEntries(1545)) - s14@group-BDFE845AF3B0: appendEntries* s9->s14#8280-t1,previous=(t:1, i:208),leaderCommit=208,initializing? false,entries: size=1, first=(t:1, i:209), STATEMACHINELOGENTRY, StateMachineLogEntryProto:8269@client-CAAA969A923D
2024-10-09 04:30:06,191 DEBUG server.RaftServer$Division (RaftServerImpl.java:logAppendEntries(1545)) - s10@group-BDFE845AF3B0: appendEntries* reply s9<-s10#8278:OK-t1,SUCCESS,nextIndex=210,followerCommit=208,matchIndex=209
2024-10-09 04:30:06,191 DEBUG server.RaftServer$Division (RaftServerImpl.java:logAppendEntries(1545)) - s4@group-BDFE845AF3B0: appendEntries* s9->s4#8279-t1,previous=(t:1, i:208),leaderCommit=208,initializing? false,entries: size=1, first=(t:1, i:209), STATEMACHINELOGENTRY, StateMachineLogEntryProto:8269@client-CAAA969A923D
2024-10-09 04:30:06,191 DEBUG server.RaftServer$Division (RaftServerImpl.java:logAppendEntries(1545)) - s3@group-BDFE845AF3B0: appendEntries* s9->s3#8284-t1,previous=(t:1, i:208),leaderCommit=208,initializing? false,entries: size=1, first=(t:1, i:209), STATEMACHINELOGENTRY, StateMachineLogEntryProto:8269@client-CAAA969A923D
2024-10-09 04:30:06,191 DEBUG server.RaftServer$Division (RaftServerImpl.java:logAppendEntries(1545)) - s7@group-BDFE845AF3B0: appendEntries* reply s9<-s7#8273:OK-t1,SUCCESS,nextIndex=210,followerCommit=208,matchIndex=209
2024-10-09 04:30:06,191 DEBUG server.RaftServer$Division (RaftServerImpl.java:logAppendEntries(1545)) - s11@group-BDFE845AF3B0: appendEntries* reply s9<-s11#8276:OK-t1,SUCCESS,nextIndex=210,followerCommit=208,matchIndex=209
2024-10-09 04:30:06,191 DEBUG server.RaftServer$Division (RaftServerImpl.java:logAppendEntries(1545)) - s14@group-BDFE845AF3B0: appendEntries* reply s9<-s14#8280:OK-t1,SUCCESS,nextIndex=210,followerCommit=208,matchIndex=209
2024-10-09 04:30:06,192 DEBUG server.RaftServer$Division (RaftServerImpl.java:logAppendEntries(1545)) - s12@group-BDFE845AF3B0: appendEntries* s9->s12#8285-t1,previous=(t:1, i:208),leaderCommit=208,initializing? false,entries: size=1, first=(t:1, i:209), STATEMACHINELOGENTRY, StateMachineLogEntryProto:8269@client-CAAA969A923D
2024-10-09 04:30:06,191 DEBUG server.RaftServer$Division (RaftServerImpl.java:logAppendEntries(1545)) - s1@group-BDFE845AF3B0: appendEntries* s9->s1#8277-t1,previous=(t:1, i:208),leaderCommit=208,initializing? false,entries: size=1, first=(t:1, i:209), STATEMACHINELOGENTRY, StateMachineLogEntryProto:8269@client-CAAA969A923D
2024-10-09 04:30:06,192 DEBUG server.RaftServer$Division (RaftServerImpl.java:logAppendEntries(1545)) - s5@group-BDFE845AF3B0: appendEntries* s9->s5#8286-t1,previous=(t:1, i:208),leaderCommit=208,initializing? false,entries: size=1, first=(t:1, i:209), STATEMACHINELOGENTRY, StateMachineLogEntryProto:8269@client-CAAA969A923D
2024-10-09 04:30:06,192 DEBUG server.RaftServer$Division (RaftServerImpl.java:logAppendEntries(1545)) - s3@group-BDFE845AF3B0: appendEntries* reply s9<-s3#8284:OK-t1,SUCCESS,nextIndex=210,followerCommit=208,matchIndex=209
2024-10-09 04:30:06,192 DEBUG server.RaftServer$Division (RaftServerImpl.java:logAppendEntries(1545)) - s4@group-BDFE845AF3B0: appendEntries* reply s9<-s4#8279:OK-t1,SUCCESS,nextIndex=210,followerCommit=208,matchIndex=209
2024-10-09 04:30:06,192 DEBUG server.RaftServer$Division (RaftServerImpl.java:logAppendEntries(1545)) - s1@group-BDFE845AF3B0: appendEntries* reply s9<-s1#8277:OK-t1,SUCCESS,nextIndex=210,followerCommit=208,matchIndex=209
2024-10-09 04:30:06,193 DEBUG server.RaftServer$Division (RaftServerImpl.java:logAppendEntries(1545)) - s6@group-BDFE845AF3B0: appendEntries* s9->s6#8281-t1,previous=(t:1, i:208),leaderCommit=208,initializing? false,entries: size=1, first=(t:1, i:209), STATEMACHINELOGENTRY, StateMachineLogEntryProto:8269@client-CAAA969A923D
2024-10-09 04:30:06,192 DEBUG server.RaftServer$Division (RaftServerImpl.java:logAppendEntries(1545)) - s13@group-BDFE845AF3B0: appendEntries* s9->s13#8283-t1,previous=(t:1, i:208),leaderCommit=208,initializing? false,entries: size=1, first=(t:1, i:209), STATEMACHINELOGENTRY, StateMachineLogEntryProto:8269@client-CAAA969A923D
2024-10-09 04:30:06,193 DEBUG server.RaftServer$Division (RaftServerImpl.java:logAppendEntries(1545)) - s5@group-BDFE845AF3B0: appendEntries* reply s9<-s5#8286:OK-t1,SUCCESS,nextIndex=210,followerCommit=208,matchIndex=209
2024-10-09 04:30:06,192 DEBUG server.RaftServer$Division (RaftServerImpl.java:logAppendEntries(1545)) - s12@group-BDFE845AF3B0: appendEntries* reply s9<-s12#8285:OK-t1,SUCCESS,nextIndex=210,followerCommit=208,matchIndex=209
2024-10-09 04:30:06,192 DEBUG server.RaftServer$Division (RaftServerImpl.java:logAppendEntries(1545)) - s2@group-BDFE845AF3B0: appendEntries* s9->s2#8282-t1,previous=(t:1, i:208),leaderCommit=208,initializing? false,entries: size=1, first=(t:1, i:209), STATEMACHINELOGENTRY, StateMachineLogEntryProto:8269@client-CAAA969A923D
2024-10-09 04:30:06,193 DEBUG server.RaftServer$Division (RaftServerImpl.java:logAppendEntries(1545)) - s13@group-BDFE845AF3B0: appendEntries* reply s9<-s13#8283:OK-t1,SUCCESS,nextIndex=210,followerCommit=208,matchIndex=209
2024-10-09 04:30:06,194 DEBUG server.RaftServer$Division (RaftServerImpl.java:logAppendEntries(1545)) - s6@group-BDFE845AF3B0: appendEntries* reply s9<-s6#8281:OK-t1,SUCCESS,nextIndex=210,followerCommit=208,matchIndex=209
2024-10-09 04:30:06,194 DEBUG server.RaftServer$Division (RaftServerImpl.java:logAppendEntries(1545)) - s11@group-BDFE845AF3B0: appendEntries* s9->s11#8289-t1,previous=(t:1, i:209),leaderCommit=209,initializing? false,entries: size=1, first=(t:1, i:210), METADATAENTRY(c:209)
2024-10-09 04:30:06,194 DEBUG server.RaftServer$Division (RaftServerImpl.java:logAppendEntries(1545)) - s2@group-BDFE845AF3B0: appendEntries* reply s9<-s2#8282:OK-t1,SUCCESS,nextIndex=210,followerCommit=208,matchIndex=209
2024-10-09 04:30:06,194 INFO  statemachine.StateMachine (ArithmeticStateMachine.java:applyTransaction(181)) - LEADER:s9-209: c = √(a^2 + b^2) = 6613
2024-10-09 04:30:06,194 DEBUG server.RaftServer$Division (RaftServerImpl.java:logAppendEntries(1545)) - s1@group-BDFE845AF3B0: appendEntries* s9->s1#8290-t1,previous=(t:1, i:209),leaderCommit=209,initializing? false,entries: size=1, first=(t:1, i:210), METADATAENTRY(c:209)
2024-10-09 04:30:06,194 DEBUG server.RaftServer$Division (RaftServerImpl.java:logAppendEntries(1545)) - s0@group-BDFE845AF3B0: appendEntries* s9->s0#8292-t1,previous=(t:1, i:209),leaderCommit=209,initializing? false,entries: size=1, first=(t:1, i:210), METADATAENTRY(c:209)
2024-10-09 04:30:06,195 DEBUG server.RaftServer$Division (RaftServerImpl.java:logAppendEntries(1545)) - s11@group-BDFE845AF3B0: appendEntries* reply s9<-s11#8289:OK-t1,SUCCESS,nextIndex=211,followerCommit=209,matchIndex=210
2024-10-09 04:30:06,194 DEBUG server.RaftServer$Division (RaftServerImpl.java:logAppendEntries(1545)) - s3@group-BDFE845AF3B0: appendEntries* s9->s3#8291-t1,previous=(t:1, i:209),leaderCommit=209,initializing? false,entries: size=1, first=(t:1, i:210), METADATAENTRY(c:209)
2024-10-09 04:30:06,195 DEBUG server.RaftServer$Division (RaftServerImpl.java:logAppendEntries(1545)) - s1@group-BDFE845AF3B0: appendEntries* reply s9<-s1#8290:OK-t1,SUCCESS,nextIndex=211,followerCommit=209,matchIndex=210
2024-10-09 04:30:06,195 DEBUG server.RaftServer$Division (RaftServerImpl.java:logAppendEntries(1545)) - s0@group-BDFE845AF3B0: appendEntries* reply s9<-s0#8292:OK-t1,SUCCESS,nextIndex=211,followerCommit=209,matchIndex=210
2024-10-09 04:30:06,194 DEBUG server.RaftServer$Division (RaftServerImpl.java:logAppendEntries(1545)) - s14@group-BDFE845AF3B0: appendEntries* s9->s14#8293-t1,previous=(t:1, i:209),leaderCommit=209,initializing? false,entries: size=1, first=(t:1, i:210), METADATAENTRY(c:209)
2024-10-09 04:30:06,194 DEBUG server.RaftServer$Division (RaftServerImpl.java:logAppendEntries(1545)) - s7@group-BDFE845AF3B0: appendEntries* s9->s7#8287-t1,previous=(t:1, i:209),leaderCommit=209,initializing? false,entries: size=1, first=(t:1, i:210), METADATAENTRY(c:209)
2024-10-09 04:30:06,194 DEBUG server.RaftServer$Division (RaftServerImpl.java:logAppendEntries(1545)) - s10@group-BDFE845AF3B0: appendEntries* s9->s10#8288-t1,previous=(t:1, i:209),leaderCommit=209,initializing? false,entries: size=1, first=(t:1, i:210), METADATAENTRY(c:209)
2024-10-09 04:30:06,195 DEBUG server.RaftServer$Division (RaftServerImpl.java:logAppendEntries(1545)) - s3@group-BDFE845AF3B0: appendEntries* reply s9<-s3#8291:OK-t1,SUCCESS,nextIndex=211,followerCommit=209,matchIndex=210
2024-10-09 04:30:06,195 DEBUG server.RaftServer$Division (RaftServerImpl.java:logAppendEntries(1545)) - s2@group-BDFE845AF3B0: appendEntries* s9->s2#8300-t1,previous=(t:1, i:209),leaderCommit=209,initializing? false,entries: size=1, first=(t:1, i:210), METADATAENTRY(c:209)
2024-10-09 04:30:06,195 DEBUG server.RaftServer$Division (RaftServerImpl.java:logAppendEntries(1545)) - s12@group-BDFE845AF3B0: appendEntries* s9->s12#8298-t1,previous=(t:1, i:209),leaderCommit=209,initializing? false,entries: size=1, first=(t:1, i:210), METADATAENTRY(c:209)
2024-10-09 04:30:06,196 DEBUG server.RaftServer$Division (RaftServerImpl.java:logAppendEntries(1545)) - s10@group-BDFE845AF3B0: appendEntries* reply s9<-s10#8288:OK-t1,SUCCESS,nextIndex=211,followerCommit=209,matchIndex=210
2024-10-09 04:30:06,195 DEBUG server.RaftServer$Division (RaftServerImpl.java:logAppendEntries(1545)) - s8@group-BDFE845AF3B0: appendEntries* s9->s8#8296-t1,previous=(t:1, i:209),leaderCommit=209,initializing? false,entries: size=1, first=(t:1, i:210), METADATAENTRY(c:209)
2024-10-09 04:30:06,196 DEBUG server.RaftServer$Division (RaftServerImpl.java:submitClientRequestAsync(916)) - s9@group-BDFE845AF3B0: receive client request(RaftClientRequest:client-CAAA969A923D->s9@group-BDFE845AF3B0, cid=8301, seq=null, RW, Message:01016100)
2024-10-09 04:30:06,196 DEBUG server.RaftServer$Division (RaftServerImpl.java:logAppendEntries(1545)) - s8@group-BDFE845AF3B0: appendEntries* reply s9<-s8#8296:OK-t1,SUCCESS,nextIndex=211,followerCommit=209,matchIndex=210
2024-10-09 04:30:06,195 DEBUG server.RaftServer$Division (RaftServerImpl.java:logAppendEntries(1545)) - s5@group-BDFE845AF3B0: appendEntries* s9->s5#8294-t1,previous=(t:1, i:209),leaderCommit=209,initializing? false,entries: size=1, first=(t:1, i:210), METADATAENTRY(c:209)
2024-10-09 04:30:06,197 DEBUG server.RaftServer$Division (RaftServerImpl.java:logAppendEntries(1545)) - s1@group-BDFE845AF3B0: appendEntries* s9->s1#8302-t1,previous=(t:1, i:210),leaderCommit=209,initializing? false,entries: size=1, first=(t:1, i:211), STATEMACHINELOGENTRY, StateMachineLogEntryProto:8301@client-CAAA969A923D
2024-10-09 04:30:06,197 DEBUG server.RaftServer$Division (LeaderStateImpl.java:addPendingRequest(529)) - s9@group-BDFE845AF3B0-LeaderStateImpl: addPendingRequest at RaftClientRequest:client-CAAA969A923D->s9@group-BDFE845AF3B0, cid=8301, seq=null, RW, Message:01016100, entry=(t:1, i:211), STATEMACHINELOGENTRY, WRITE: logData.size=4, stateMachineData.size=0, logEntryProtoSerializedSize=0
2024-10-09 04:30:06,195 DEBUG server.RaftServer$Division (RaftServerImpl.java:logAppendEntries(1545)) - s4@group-BDFE845AF3B0: appendEntries* s9->s4#8295-t1,previous=(t:1, i:209),leaderCommit=209,initializing? false,entries: size=1, first=(t:1, i:210), METADATAENTRY(c:209)
2024-10-09 04:30:06,197 DEBUG server.RaftServer$Division (RaftServerImpl.java:logAppendEntries(1545)) - s5@group-BDFE845AF3B0: appendEntries* reply s9<-s5#8294:OK-t1,SUCCESS,nextIndex=211,followerCommit=209,matchIndex=210
2024-10-09 04:30:06,195 DEBUG server.RaftServer$Division (RaftServerImpl.java:logAppendEntries(1545)) - s13@group-BDFE845AF3B0: appendEntries* s9->s13#8297-t1,previous=(t:1, i:209),leaderCommit=209,initializing? false,entries: size=1, first=(t:1, i:210), METADATAENTRY(c:209)
2024-10-09 04:30:06,197 DEBUG server.RaftServer$Division (RaftServerImpl.java:logAppendEntries(1545)) - s3@group-BDFE845AF3B0: appendEntries* s9->s3#8306-t1,previous=(t:1, i:210),leaderCommit=209,initializing? false,entries: size=1, first=(t:1, i:211), STATEMACHINELOGENTRY, StateMachineLogEntryProto:8301@client-CAAA969A923D
2024-10-09 04:30:06,198 DEBUG server.RaftServer$Division (RaftServerImpl.java:logAppendEntries(1545)) - s4@group-BDFE845AF3B0: appendEntries* reply s9<-s4#8295:OK-t1,SUCCESS,nextIndex=211,followerCommit=209,matchIndex=210
2024-10-09 04:30:06,197 DEBUG server.RaftServer$Division (RaftServerImpl.java:logAppendEntries(1545)) - s1@group-BDFE845AF3B0: appendEntries* reply s9<-s1#8302:OK-t1,SUCCESS,nextIndex=212,followerCommit=209,matchIndex=211
2024-10-09 04:30:06,197 DEBUG server.RaftServer$Division (RaftServerImpl.java:logAppendEntries(1545)) - s10@group-BDFE845AF3B0: appendEntries* s9->s10#8304-t1,previous=(t:1, i:210),leaderCommit=209,initializing? false,entries: size=1, first=(t:1, i:211), STATEMACHINELOGENTRY, StateMachineLogEntryProto:8301@client-CAAA969A923D
2024-10-09 04:30:06,198 DEBUG server.RaftServer$Division (RaftServerImpl.java:logAppendEntries(1545)) - s5@group-BDFE845AF3B0: appendEntries* s9->s5#8308-t1,previous=(t:1, i:210),leaderCommit=209,initializing? false,entries: size=1, first=(t:1, i:211), STATEMACHINELOGENTRY, StateMachineLogEntryProto:8301@client-CAAA969A923D
2024-10-09 04:30:06,198 DEBUG server.RaftServer$Division (RaftServerImpl.java:logAppendEntries(1545)) - s13@group-BDFE845AF3B0: appendEntries* reply s9<-s13#8297:OK-t1,SUCCESS,nextIndex=211,followerCommit=209,matchIndex=210
2024-10-09 04:30:06,198 DEBUG server.RaftServer$Division (RaftServerImpl.java:logAppendEntries(1545)) - s3@group-BDFE845AF3B0: appendEntries* reply s9<-s3#8306:OK-t1,SUCCESS,nextIndex=212,followerCommit=209,matchIndex=211
2024-10-09 04:30:06,198 DEBUG server.RaftServer$Division (RaftServerImpl.java:logAppendEntries(1545)) - s4@group-BDFE845AF3B0: appendEntries* s9->s4#8309-t1,previous=(t:1, i:210),leaderCommit=210,initializing? false,entries: size=1, first=(t:1, i:211), STATEMACHINELOGENTRY, StateMachineLogEntryProto:8301@client-CAAA969A923D
2024-10-09 04:30:06,197 DEBUG server.RaftServer$Division (RaftServerImpl.java:logAppendEntries(1545)) - s8@group-BDFE845AF3B0: appendEntries* s9->s8#8303-t1,previous=(t:1, i:210),leaderCommit=209,initializing? false,entries: size=1, first=(t:1, i:211), STATEMACHINELOGENTRY, StateMachineLogEntryProto:8301@client-CAAA969A923D
2024-10-09 04:30:06,197 DEBUG server.RaftServer$Division (RaftServerImpl.java:logAppendEntries(1545)) - s0@group-BDFE845AF3B0: appendEntries* s9->s0#8305-t1,previous=(t:1, i:210),leaderCommit=209,initializing? false,entries: size=1, first=(t:1, i:211), STATEMACHINELOGENTRY, StateMachineLogEntryProto:8301@client-CAAA969A923D
2024-10-09 04:30:06,199 DEBUG server.RaftServer$Division (RaftServerImpl.java:logAppendEntries(1545)) - s4@group-BDFE845AF3B0: appendEntries* reply s9<-s4#8309:OK-t1,SUCCESS,nextIndex=212,followerCommit=210,matchIndex=211
2024-10-09 04:30:06,197 DEBUG server.RaftServer$Division (RaftServerImpl.java:logAppendEntries(1545)) - s11@group-BDFE845AF3B0: appendEntries* s9->s11#8307-t1,previous=(t:1, i:210),leaderCommit=209,initializing? false,entries: size=1, first=(t:1, i:211), STATEMACHINELOGENTRY, StateMachineLogEntryProto:8301@client-CAAA969A923D
2024-10-09 04:30:06,196 DEBUG server.RaftServer$Division (RaftServerImpl.java:logAppendEntries(1545)) - s12@group-BDFE845AF3B0: appendEntries* reply s9<-s12#8298:OK-t1,SUCCESS,nextIndex=211,followerCommit=209,matchIndex=210
2024-10-09 04:30:06,196 DEBUG server.RaftServer$Division (RaftServerImpl.java:logAppendEntries(1545)) - s2@group-BDFE845AF3B0: appendEntries* reply s9<-s2#8300:OK-t1,SUCCESS,nextIndex=211,followerCommit=209,matchIndex=210
2024-10-09 04:30:06,196 DEBUG server.RaftServer$Division (RaftServerImpl.java:logAppendEntries(1545)) - s6@group-BDFE845AF3B0: appendEntries* s9->s6#8299-t1,previous=(t:1, i:209),leaderCommit=209,initializing? false,entries: size=1, first=(t:1, i:210), METADATAENTRY(c:209)
2024-10-09 04:30:06,196 DEBUG server.RaftServer$Division (RaftServerImpl.java:logAppendEntries(1545)) - s7@group-BDFE845AF3B0: appendEntries* reply s9<-s7#8287:OK-t1,SUCCESS,nextIndex=211,followerCommit=209,matchIndex=210
2024-10-09 04:30:06,195 DEBUG server.RaftServer$Division (RaftServerImpl.java:logAppendEntries(1545)) - s14@group-BDFE845AF3B0: appendEntries* reply s9<-s14#8293:OK-t1,SUCCESS,nextIndex=211,followerCommit=209,matchIndex=210
2024-10-09 04:30:06,200 DEBUG server.RaftServer$Division (RaftServerImpl.java:logAppendEntries(1545)) - s11@group-BDFE845AF3B0: appendEntries* reply s9<-s11#8307:OK-t1,SUCCESS,nextIndex=212,followerCommit=209,matchIndex=211
2024-10-09 04:30:06,199 DEBUG server.RaftServer$Division (RaftServerImpl.java:logAppendEntries(1545)) - s8@group-BDFE845AF3B0: appendEntries* reply s9<-s8#8303:OK-t1,SUCCESS,nextIndex=212,followerCommit=209,matchIndex=211
2024-10-09 04:30:06,199 DEBUG server.RaftServer$Division (RaftServerImpl.java:logAppendEntries(1545)) - s0@group-BDFE845AF3B0: appendEntries* reply s9<-s0#8305:OK-t1,SUCCESS,nextIndex=212,followerCommit=209,matchIndex=211
2024-10-09 04:30:06,199 DEBUG server.RaftServer$Division (RaftServerImpl.java:logAppendEntries(1545)) - s5@group-BDFE845AF3B0: appendEntries* reply s9<-s5#8308:OK-t1,SUCCESS,nextIndex=212,followerCommit=209,matchIndex=211
2024-10-09 04:30:06,200 DEBUG server.RaftServer$Division (RaftServerImpl.java:logAppendEntries(1545)) - s7@group-BDFE845AF3B0: appendEntries* s9->s7#8312-t1,previous=(t:1, i:210),leaderCommit=210,initializing? false,entries: size=1, first=(t:1, i:211), STATEMACHINELOGENTRY, StateMachineLogEntryProto:8301@client-CAAA969A923D
2024-10-09 04:30:06,200 DEBUG server.RaftServer$Division (RaftServerImpl.java:logAppendEntries(1545)) - s14@group-BDFE845AF3B0: appendEntries* s9->s14#8313-t1,previous=(t:1, i:210),leaderCommit=210,initializing? false,entries: size=1, first=(t:1, i:211), STATEMACHINELOGENTRY, StateMachineLogEntryProto:8301@client-CAAA969A923D
2024-10-09 04:30:06,199 DEBUG server.RaftServer$Division (RaftServerImpl.java:logAppendEntries(1545)) - s13@group-BDFE845AF3B0: appendEntries* s9->s13#8310-t1,previous=(t:1, i:210),leaderCommit=210,initializing? false,entries: size=1, first=(t:1, i:211), STATEMACHINELOGENTRY, StateMachineLogEntryProto:8301@client-CAAA969A923D
2024-10-09 04:30:06,199 DEBUG server.RaftServer$Division (RaftServerImpl.java:logAppendEntries(1545)) - s10@group-BDFE845AF3B0: appendEntries* reply s9<-s10#8304:OK-t1,SUCCESS,nextIndex=212,followerCommit=209,matchIndex=211
2024-10-09 04:30:06,201 DEBUG server.RaftServer$Division (RaftServerImpl.java:logAppendEntries(1545)) - s7@group-BDFE845AF3B0: appendEntries* reply s9<-s7#8312:OK-t1,SUCCESS,nextIndex=212,followerCommit=210,matchIndex=211
2024-10-09 04:30:06,201 DEBUG server.RaftServer$Division (RaftServerImpl.java:logAppendEntries(1545)) - s14@group-BDFE845AF3B0: appendEntries* reply s9<-s14#8313:OK-t1,SUCCESS,nextIndex=212,followerCommit=210,matchIndex=211
2024-10-09 04:30:06,201 DEBUG server.RaftServer$Division (RaftServerImpl.java:logAppendEntries(1545)) - s1@group-BDFE845AF3B0: appendEntries* s9->s1#8316-t1,previous=(t:1, i:211),leaderCommit=211,initializing? false,entries: size=1, first=(t:1, i:212), METADATAENTRY(c:211)
2024-10-09 04:30:06,201 DEBUG server.RaftServer$Division (RaftServerImpl.java:logAppendEntries(1545)) - s10@group-BDFE845AF3B0: appendEntries* s9->s10#8320-t1,previous=(t:1, i:211),leaderCommit=211,initializing? false,entries: size=1, first=(t:1, i:212), METADATAENTRY(c:211)
2024-10-09 04:30:06,201 DEBUG server.RaftServer$Division (RaftServerImpl.java:logAppendEntries(1545)) - s7@group-BDFE845AF3B0: appendEntries* s9->s7#8321-t1,previous=(t:1, i:211),leaderCommit=211,initializing? false,entries: size=1, first=(t:1, i:212), METADATAENTRY(c:211)
2024-10-09 04:30:06,201 DEBUG server.RaftServer$Division (RaftServerImpl.java:logAppendEntries(1545)) - s11@group-BDFE845AF3B0: appendEntries* s9->s11#8322-t1,previous=(t:1, i:211),leaderCommit=211,initializing? false,entries: size=1, first=(t:1, i:212), METADATAENTRY(c:211)
2024-10-09 04:30:06,201 DEBUG server.RaftServer$Division (RaftServerImpl.java:logAppendEntries(1545)) - s10@group-BDFE845AF3B0: appendEntries* reply s9<-s10#8320:OK-t1,SUCCESS,nextIndex=213,followerCommit=211,matchIndex=212
2024-10-09 04:30:06,202 DEBUG server.RaftServer$Division (RaftServerImpl.java:logAppendEntries(1545)) - s0@group-BDFE845AF3B0: appendEntries* s9->s0#8315-t1,previous=(t:1, i:211),leaderCommit=211,initializing? false,entries: size=1, first=(t:1, i:212), METADATAENTRY(c:211)
2024-10-09 04:30:06,200 DEBUG server.RaftServer$Division (RaftServerImpl.java:logAppendEntries(1545)) - s2@group-BDFE845AF3B0: appendEntries* s9->s2#8314-t1,previous=(t:1, i:210),leaderCommit=210,initializing? false,entries: size=1, first=(t:1, i:211), STATEMACHINELOGENTRY, StateMachineLogEntryProto:8301@client-CAAA969A923D
2024-10-09 04:30:06,200 DEBUG server.RaftServer$Division (RaftServerImpl.java:logAppendEntries(1545)) - s12@group-BDFE845AF3B0: appendEntries* s9->s12#8311-t1,previous=(t:1, i:210),leaderCommit=210,initializing? false,entries: size=1, first=(t:1, i:211), STATEMACHINELOGENTRY, StateMachineLogEntryProto:8301@client-CAAA969A923D
2024-10-09 04:30:06,202 DEBUG server.RaftServer$Division (RaftServerImpl.java:logAppendEntries(1545)) - s11@group-BDFE845AF3B0: appendEntries* reply s9<-s11#8322:OK-t1,SUCCESS,nextIndex=213,followerCommit=211,matchIndex=212
2024-10-09 04:30:06,202 DEBUG server.RaftServer$Division (RaftServerImpl.java:logAppendEntries(1545)) - s6@group-BDFE845AF3B0: appendEntries* reply s9<-s6#8299:OK-t1,SUCCESS,nextIndex=211,followerCommit=209,matchIndex=210
2024-10-09 04:30:06,202 DEBUG server.RaftServer$Division (RaftServerImpl.java:logAppendEntries(1545)) - s7@group-BDFE845AF3B0: appendEntries* reply s9<-s7#8321:OK-t1,SUCCESS,nextIndex=213,followerCommit=211,matchIndex=212
2024-10-09 04:30:06,202 DEBUG server.RaftServer$Division (RaftServerImpl.java:logAppendEntries(1545)) - s8@group-BDFE845AF3B0: appendEntries* s9->s8#8324-t1,previous=(t:1, i:211),leaderCommit=211,initializing? false,entries: size=1, first=(t:1, i:212), METADATAENTRY(c:211)
2024-10-09 04:30:06,202 DEBUG server.RaftServer$Division (RaftServerImpl.java:logAppendEntries(1545)) - s5@group-BDFE845AF3B0: appendEntries* s9->s5#8319-t1,previous=(t:1, i:211),leaderCommit=211,initializing? false,entries: size=1, first=(t:1, i:212), METADATAENTRY(c:211)
2024-10-09 04:30:06,202 DEBUG server.RaftServer$Division (RaftServerImpl.java:logAppendEntries(1545)) - s4@group-BDFE845AF3B0: appendEntries* s9->s4#8317-t1,previous=(t:1, i:211),leaderCommit=211,initializing? false,entries: size=1, first=(t:1, i:212), METADATAENTRY(c:211)
2024-10-09 04:30:06,201 DEBUG server.RaftServer$Division (RaftServerImpl.java:logAppendEntries(1545)) - s1@group-BDFE845AF3B0: appendEntries* reply s9<-s1#8316:OK-t1,SUCCESS,nextIndex=213,followerCommit=211,matchIndex=212
2024-10-09 04:30:06,201 DEBUG server.RaftServer$Division (RaftServerImpl.java:logAppendEntries(1545)) - s14@group-BDFE845AF3B0: appendEntries* s9->s14#8323-t1,previous=(t:1, i:211),leaderCommit=211,initializing? false,entries: size=1, first=(t:1, i:212), METADATAENTRY(c:211)
2024-10-09 04:30:06,201 INFO  statemachine.StateMachine (ArithmeticStateMachine.java:applyTransaction(181)) - LEADER:s9-211: a = null = null
2024-10-09 04:30:06,201 DEBUG server.RaftServer$Division (RaftServerImpl.java:logAppendEntries(1545)) - s13@group-BDFE845AF3B0: appendEntries* reply s9<-s13#8310:OK-t1,SUCCESS,nextIndex=212,followerCommit=210,matchIndex=211
2024-10-09 04:30:06,201 DEBUG server.RaftServer$Division (RaftServerImpl.java:logAppendEntries(1545)) - s3@group-BDFE845AF3B0: appendEntries* s9->s3#8318-t1,previous=(t:1, i:211),leaderCommit=211,initializing? false,entries: size=1, first=(t:1, i:212), METADATAENTRY(c:211)
2024-10-09 04:30:06,203 DEBUG server.RaftServer$Division (RaftServerImpl.java:logAppendEntries(1545)) - s14@group-BDFE845AF3B0: appendEntries* reply s9<-s14#8323:OK-t1,SUCCESS,nextIndex=213,followerCommit=211,matchIndex=212
2024-10-09 04:30:06,204 DEBUG server.RaftServer$Division (RaftServerImpl.java:logAppendEntries(1545)) - s3@group-BDFE845AF3B0: appendEntries* reply s9<-s3#8318:OK-t1,SUCCESS,nextIndex=213,followerCommit=211,matchIndex=212
2024-10-09 04:30:06,204 DEBUG server.RaftServer$Division (RaftServerImpl.java:logAppendEntries(1545)) - s4@group-BDFE845AF3B0: appendEntries* reply s9<-s4#8317:OK-t1,SUCCESS,nextIndex=213,followerCommit=211,matchIndex=212
2024-10-09 04:30:06,204 DEBUG server.RaftServer$Division (RaftServerImpl.java:logAppendEntries(1545)) - s13@group-BDFE845AF3B0: appendEntries* s9->s13#8327-t1,previous=(t:1, i:211),leaderCommit=211,initializing? false,entries: size=1, first=(t:1, i:212), METADATAENTRY(c:211)
2024-10-09 04:30:06,203 DEBUG server.RaftServer$Division (RaftServerImpl.java:logAppendEntries(1545)) - s6@group-BDFE845AF3B0: appendEntries* s9->s6#8325-t1,previous=(t:1, i:210),leaderCommit=211,initializing? false,entries: size=2, first=(t:1, i:211), STATEMACHINELOGENTRY, StateMachineLogEntryProto:8301@client-CAAA969A923D
2024-10-09 04:30:06,203 DEBUG server.RaftServer$Division (RaftServerImpl.java:logAppendEntries(1545)) - s12@group-BDFE845AF3B0: appendEntries* reply s9<-s12#8311:OK-t1,SUCCESS,nextIndex=212,followerCommit=210,matchIndex=211
2024-10-09 04:30:06,203 DEBUG server.RaftServer$Division (RaftServerImpl.java:logAppendEntries(1545)) - s2@group-BDFE845AF3B0: appendEntries* reply s9<-s2#8314:OK-t1,SUCCESS,nextIndex=212,followerCommit=210,matchIndex=211
2024-10-09 04:30:06,202 DEBUG server.RaftServer$Division (RaftServerImpl.java:logAppendEntries(1545)) - s0@group-BDFE845AF3B0: appendEntries* reply s9<-s0#8315:OK-t1,SUCCESS,nextIndex=213,followerCommit=211,matchIndex=212
2024-10-09 04:30:06,205 DEBUG server.RaftServer$Division (RaftServerImpl.java:logAppendEntries(1545)) - s13@group-BDFE845AF3B0: appendEntries* reply s9<-s13#8327:OK-t1,SUCCESS,nextIndex=213,followerCommit=211,matchIndex=212
2024-10-09 04:30:06,204 DEBUG server.RaftServer$Division (RaftServerImpl.java:logAppendEntries(1545)) - s8@group-BDFE845AF3B0: appendEntries* reply s9<-s8#8324:OK-t1,SUCCESS,nextIndex=213,followerCommit=211,matchIndex=212
2024-10-09 04:30:06,204 DEBUG server.RaftServer$Division (RaftServerImpl.java:logAppendEntries(1545)) - s5@group-BDFE845AF3B0: appendEntries* reply s9<-s5#8319:OK-t1,SUCCESS,nextIndex=213,followerCommit=211,matchIndex=212
2024-10-09 04:30:06,205 DEBUG server.RaftServer$Division (RaftServerImpl.java:logAppendEntries(1545)) - s6@group-BDFE845AF3B0: appendEntries* reply s9<-s6#8325:OK-t1,SUCCESS,nextIndex=213,followerCommit=211,matchIndex=212
2024-10-09 04:30:06,205 DEBUG server.RaftServer$Division (RaftServerImpl.java:logAppendEntries(1545)) - s12@group-BDFE845AF3B0: appendEntries* s9->s12#8329-t1,previous=(t:1, i:211),leaderCommit=212,initializing? false,entries: size=1, first=(t:1, i:212), METADATAENTRY(c:211)
2024-10-09 04:30:06,206 DEBUG server.RaftServer$Division (RaftServerImpl.java:logAppendEntries(1545)) - s2@group-BDFE845AF3B0: appendEntries* s9->s2#8328-t1,previous=(t:1, i:211),leaderCommit=212,initializing? false,entries: size=1, first=(t:1, i:212), METADATAENTRY(c:211)
2024-10-09 04:30:06,206 DEBUG server.RaftServer$Division (RaftServerImpl.java:submitClientRequestAsync(916)) - s9@group-BDFE845AF3B0: receive client request(RaftClientRequest:client-CAAA969A923D->s9@group-BDFE845AF3B0, cid=8326, seq=null, RW, Message:01016200)
2024-10-09 04:30:06,206 DEBUG server.RaftServer$Division (RaftServerImpl.java:logAppendEntries(1545)) - s12@group-BDFE845AF3B0: appendEntries* reply s9<-s12#8329:OK-t1,SUCCESS,nextIndex=213,followerCommit=212,matchIndex=212
2024-10-09 04:30:06,206 DEBUG server.RaftServer$Division (LeaderStateImpl.java:addPendingRequest(529)) - s9@group-BDFE845AF3B0-LeaderStateImpl: addPendingRequest at RaftClientRequest:client-CAAA969A923D->s9@group-BDFE845AF3B0, cid=8326, seq=null, RW, Message:01016200, entry=(t:1, i:213), STATEMACHINELOGENTRY, WRITE: logData.size=4, stateMachineData.size=0, logEntryProtoSerializedSize=0
2024-10-09 04:30:06,207 DEBUG server.RaftServer$Division (RaftServerImpl.java:logAppendEntries(1545)) - s11@group-BDFE845AF3B0: appendEntries* s9->s11#8331-t1,previous=(t:1, i:212),leaderCommit=212,initializing? false,entries: size=1, first=(t:1, i:213), STATEMACHINELOGENTRY, StateMachineLogEntryProto:8326@client-CAAA969A923D
2024-10-09 04:30:06,207 DEBUG server.RaftServer$Division (RaftServerImpl.java:logAppendEntries(1545)) - s2@group-BDFE845AF3B0: appendEntries* reply s9<-s2#8328:OK-t1,SUCCESS,nextIndex=213,followerCommit=212,matchIndex=212
2024-10-09 04:30:06,207 DEBUG server.RaftServer$Division (RaftServerImpl.java:logAppendEntries(1545)) - s14@group-BDFE845AF3B0: appendEntries* s9->s14#8337-t1,previous=(t:1, i:212),leaderCommit=212,initializing? false,entries: size=1, first=(t:1, i:213), STATEMACHINELOGENTRY, StateMachineLogEntryProto:8326@client-CAAA969A923D
2024-10-09 04:30:06,207 DEBUG server.RaftServer$Division (RaftServerImpl.java:logAppendEntries(1545)) - s3@group-BDFE845AF3B0: appendEntries* s9->s3#8334-t1,previous=(t:1, i:212),leaderCommit=212,initializing? false,entries: size=1, first=(t:1, i:213), STATEMACHINELOGENTRY, StateMachineLogEntryProto:8326@client-CAAA969A923D
2024-10-09 04:30:06,207 DEBUG server.RaftServer$Division (RaftServerImpl.java:logAppendEntries(1545)) - s1@group-BDFE845AF3B0: appendEntries* s9->s1#8333-t1,previous=(t:1, i:212),leaderCommit=212,initializing? false,entries: size=1, first=(t:1, i:213), STATEMACHINELOGENTRY, StateMachineLogEntryProto:8326@client-CAAA969A923D
2024-10-09 04:30:06,207 DEBUG server.RaftServer$Division (RaftServerImpl.java:logAppendEntries(1545)) - s4@group-BDFE845AF3B0: appendEntries* s9->s4#8339-t1,previous=(t:1, i:212),leaderCommit=212,initializing? false,entries: size=1, first=(t:1, i:213), STATEMACHINELOGENTRY, StateMachineLogEntryProto:8326@client-CAAA969A923D
2024-10-09 04:30:06,208 DEBUG server.RaftServer$Division (RaftServerImpl.java:logAppendEntries(1545)) - s7@group-BDFE845AF3B0: appendEntries* s9->s7#8330-t1,previous=(t:1, i:212),leaderCommit=212,initializing? false,entries: size=1, first=(t:1, i:213), STATEMACHINELOGENTRY, StateMachineLogEntryProto:8326@client-CAAA969A923D
2024-10-09 04:30:06,208 DEBUG server.RaftServer$Division (RaftServerImpl.java:logAppendEntries(1545)) - s5@group-BDFE845AF3B0: appendEntries* s9->s5#8342-t1,previous=(t:1, i:212),leaderCommit=212,initializing? false,entries: size=1, first=(t:1, i:213), STATEMACHINELOGENTRY, StateMachineLogEntryProto:8326@client-CAAA969A923D
2024-10-09 04:30:06,208 DEBUG server.RaftServer$Division (RaftServerImpl.java:logAppendEntries(1545)) - s13@group-BDFE845AF3B0: appendEntries* s9->s13#8341-t1,previous=(t:1, i:212),leaderCommit=212,initializing? false,entries: size=1, first=(t:1, i:213), STATEMACHINELOGENTRY, StateMachineLogEntryProto:8326@client-CAAA969A923D
2024-10-09 04:30:06,208 DEBUG server.RaftServer$Division (RaftServerImpl.java:logAppendEntries(1545)) - s8@group-BDFE845AF3B0: appendEntries* s9->s8#8335-t1,previous=(t:1, i:212),leaderCommit=212,initializing? false,entries: size=1, first=(t:1, i:213), STATEMACHINELOGENTRY, StateMachineLogEntryProto:8326@client-CAAA969A923D
2024-10-09 04:30:06,207 DEBUG server.RaftServer$Division (RaftServerImpl.java:logAppendEntries(1545)) - s10@group-BDFE845AF3B0: appendEntries* s9->s10#8336-t1,previous=(t:1, i:212),leaderCommit=212,initializing? false,entries: size=1, first=(t:1, i:213), STATEMACHINELOGENTRY, StateMachineLogEntryProto:8326@client-CAAA969A923D
2024-10-09 04:30:06,208 DEBUG server.RaftServer$Division (RaftServerImpl.java:logAppendEntries(1545)) - s11@group-BDFE845AF3B0: appendEntries* reply s9<-s11#8331:OK-t1,SUCCESS,nextIndex=214,followerCommit=212,matchIndex=213
2024-10-09 04:30:06,207 DEBUG server.RaftServer$Division (RaftServerImpl.java:logAppendEntries(1545)) - s0@group-BDFE845AF3B0: appendEntries* s9->s0#8338-t1,previous=(t:1, i:212),leaderCommit=212,initializing? false,entries: size=1, first=(t:1, i:213), STATEMACHINELOGENTRY, StateMachineLogEntryProto:8326@client-CAAA969A923D
2024-10-09 04:30:06,208 DEBUG server.RaftServer$Division (RaftServerImpl.java:logAppendEntries(1545)) - s4@group-BDFE845AF3B0: appendEntries* reply s9<-s4#8339:OK-t1,SUCCESS,nextIndex=214,followerCommit=212,matchIndex=213
2024-10-09 04:30:06,208 DEBUG server.RaftServer$Division (RaftServerImpl.java:logAppendEntries(1545)) - s6@group-BDFE845AF3B0: appendEntries* s9->s6#8340-t1,previous=(t:1, i:212),leaderCommit=212,initializing? false,entries: size=1, first=(t:1, i:213), STATEMACHINELOGENTRY, StateMachineLogEntryProto:8326@client-CAAA969A923D
2024-10-09 04:30:06,208 DEBUG server.RaftServer$Division (RaftServerImpl.java:logAppendEntries(1545)) - s3@group-BDFE845AF3B0: appendEntries* reply s9<-s3#8334:OK-t1,SUCCESS,nextIndex=214,followerCommit=212,matchIndex=213
2024-10-09 04:30:06,209 DEBUG server.RaftServer$Division (RaftServerImpl.java:logAppendEntries(1545)) - s10@group-BDFE845AF3B0: appendEntries* reply s9<-s10#8336:OK-t1,SUCCESS,nextIndex=214,followerCommit=212,matchIndex=213
2024-10-09 04:30:06,209 DEBUG server.RaftServer$Division (RaftServerImpl.java:logAppendEntries(1545)) - s0@group-BDFE845AF3B0: appendEntries* reply s9<-s0#8338:OK-t1,SUCCESS,nextIndex=214,followerCommit=212,matchIndex=213
2024-10-09 04:30:06,208 DEBUG server.RaftServer$Division (RaftServerImpl.java:logAppendEntries(1545)) - s7@group-BDFE845AF3B0: appendEntries* reply s9<-s7#8330:OK-t1,SUCCESS,nextIndex=214,followerCommit=212,matchIndex=213
2024-10-09 04:30:06,208 DEBUG server.RaftServer$Division (RaftServerImpl.java:logAppendEntries(1545)) - s14@group-BDFE845AF3B0: appendEntries* reply s9<-s14#8337:OK-t1,SUCCESS,nextIndex=214,followerCommit=212,matchIndex=213
2024-10-09 04:30:06,208 DEBUG server.RaftServer$Division (RaftServerImpl.java:logAppendEntries(1545)) - s1@group-BDFE845AF3B0: appendEntries* reply s9<-s1#8333:OK-t1,SUCCESS,nextIndex=214,followerCommit=212,matchIndex=213
2024-10-09 04:30:06,208 DEBUG server.RaftServer$Division (RaftServerImpl.java:logAppendEntries(1545)) - s13@group-BDFE845AF3B0: appendEntries* reply s9<-s13#8341:OK-t1,SUCCESS,nextIndex=214,followerCommit=212,matchIndex=213
2024-10-09 04:30:06,209 DEBUG server.RaftServer$Division (RaftServerImpl.java:logAppendEntries(1545)) - s6@group-BDFE845AF3B0: appendEntries* reply s9<-s6#8340:OK-t1,SUCCESS,nextIndex=214,followerCommit=212,matchIndex=213
2024-10-09 04:30:06,209 DEBUG server.RaftServer$Division (RaftServerImpl.java:logAppendEntries(1545)) - s12@group-BDFE845AF3B0: appendEntries* s9->s12#8332-t1,previous=(t:1, i:212),leaderCommit=212,initializing? false,entries: size=1, first=(t:1, i:213), STATEMACHINELOGENTRY, StateMachineLogEntryProto:8326@client-CAAA969A923D
2024-10-09 04:30:06,209 DEBUG server.RaftServer$Division (RaftServerImpl.java:logAppendEntries(1545)) - s2@group-BDFE845AF3B0: appendEntries* s9->s2#8343-t1,previous=(t:1, i:212),leaderCommit=212,initializing? false,entries: size=1, first=(t:1, i:213), STATEMACHINELOGENTRY, StateMachineLogEntryProto:8326@client-CAAA969A923D
2024-10-09 04:30:06,209 DEBUG server.RaftServer$Division (RaftServerImpl.java:logAppendEntries(1545)) - s8@group-BDFE845AF3B0: appendEntries* reply s9<-s8#8335:OK-t1,SUCCESS,nextIndex=214,followerCommit=212,matchIndex=213
2024-10-09 04:30:06,208 DEBUG server.RaftServer$Division (RaftServerImpl.java:logAppendEntries(1545)) - s5@group-BDFE845AF3B0: appendEntries* reply s9<-s5#8342:OK-t1,SUCCESS,nextIndex=214,followerCommit=212,matchIndex=213
2024-10-09 04:30:06,210 DEBUG server.RaftServer$Division (RaftServerImpl.java:logAppendEntries(1545)) - s14@group-BDFE845AF3B0: appendEntries* s9->s14#8348-t1,previous=(t:1, i:213),leaderCommit=213,initializing? false,entries: size=1, first=(t:1, i:214), METADATAENTRY(c:213)
2024-10-09 04:30:06,210 DEBUG server.RaftServer$Division (RaftServerImpl.java:logAppendEntries(1545)) - s11@group-BDFE845AF3B0: appendEntries* s9->s11#8349-t1,previous=(t:1, i:213),leaderCommit=213,initializing? false,entries: size=1, first=(t:1, i:214), METADATAENTRY(c:213)
2024-10-09 04:30:06,211 INFO  statemachine.StateMachine (ArithmeticStateMachine.java:applyTransaction(181)) - LEADER:s9-213: b = null = null
2024-10-09 04:30:06,211 DEBUG server.RaftServer$Division (RaftServerImpl.java:logAppendEntries(1545)) - s14@group-BDFE845AF3B0: appendEntries* reply s9<-s14#8348:OK-t1,SUCCESS,nextIndex=215,followerCommit=213,matchIndex=214
2024-10-09 04:30:06,211 DEBUG server.RaftServer$Division (RaftServerImpl.java:logAppendEntries(1545)) - s3@group-BDFE845AF3B0: appendEntries* s9->s3#8352-t1,previous=(t:1, i:213),leaderCommit=213,initializing? false,entries: size=1, first=(t:1, i:214), METADATAENTRY(c:213)
2024-10-09 04:30:06,211 DEBUG server.RaftServer$Division (RaftServerImpl.java:logAppendEntries(1545)) - s4@group-BDFE845AF3B0: appendEntries* s9->s4#8347-t1,previous=(t:1, i:213),leaderCommit=213,initializing? false,entries: size=1, first=(t:1, i:214), METADATAENTRY(c:213)
2024-10-09 04:30:06,211 DEBUG server.RaftServer$Division (RaftServerImpl.java:logAppendEntries(1545)) - s10@group-BDFE845AF3B0: appendEntries* s9->s10#8346-t1,previous=(t:1, i:213),leaderCommit=213,initializing? false,entries: size=1, first=(t:1, i:214), METADATAENTRY(c:213)
2024-10-09 04:30:06,211 DEBUG server.RaftServer$Division (RaftServerImpl.java:logAppendEntries(1545)) - s0@group-BDFE845AF3B0: appendEntries* s9->s0#8350-t1,previous=(t:1, i:213),leaderCommit=213,initializing? false,entries: size=1, first=(t:1, i:214), METADATAENTRY(c:213)
2024-10-09 04:30:06,211 DEBUG server.RaftServer$Division (RaftServerImpl.java:logAppendEntries(1545)) - s3@group-BDFE845AF3B0: appendEntries* reply s9<-s3#8352:OK-t1,SUCCESS,nextIndex=215,followerCommit=213,matchIndex=214
2024-10-09 04:30:06,211 DEBUG server.RaftServer$Division (RaftServerImpl.java:logAppendEntries(1545)) - s5@group-BDFE845AF3B0: appendEntries* s9->s5#8355-t1,previous=(t:1, i:213),leaderCommit=213,initializing? false,entries: size=1, first=(t:1, i:214), METADATAENTRY(c:213)
2024-10-09 04:30:06,212 DEBUG server.RaftServer$Division (RaftServerImpl.java:logAppendEntries(1545)) - s7@group-BDFE845AF3B0: appendEntries* s9->s7#8354-t1,previous=(t:1, i:213),leaderCommit=213,initializing? false,entries: size=1, first=(t:1, i:214), METADATAENTRY(c:213)
2024-10-09 04:30:06,212 DEBUG server.RaftServer$Division (RaftServerImpl.java:logAppendEntries(1545)) - s0@group-BDFE845AF3B0: appendEntries* reply s9<-s0#8350:OK-t1,SUCCESS,nextIndex=215,followerCommit=213,matchIndex=214
2024-10-09 04:30:06,211 DEBUG server.RaftServer$Division (RaftServerImpl.java:logAppendEntries(1545)) - s2@group-BDFE845AF3B0: appendEntries* reply s9<-s2#8343:OK-t1,SUCCESS,nextIndex=214,followerCommit=212,matchIndex=213
2024-10-09 04:30:06,212 DEBUG server.RaftServer$Division (RaftServerImpl.java:logAppendEntries(1545)) - s10@group-BDFE845AF3B0: appendEntries* reply s9<-s10#8346:OK-t1,SUCCESS,nextIndex=215,followerCommit=213,matchIndex=214
2024-10-09 04:30:06,212 DEBUG server.RaftServer$Division (RaftServerImpl.java:logAppendEntries(1545)) - s5@group-BDFE845AF3B0: appendEntries* reply s9<-s5#8355:OK-t1,SUCCESS,nextIndex=215,followerCommit=213,matchIndex=214
2024-10-09 04:30:06,212 DEBUG server.RaftServer$Division (RaftServerImpl.java:logAppendEntries(1545)) - s7@group-BDFE845AF3B0: appendEntries* reply s9<-s7#8354:OK-t1,SUCCESS,nextIndex=215,followerCommit=213,matchIndex=214
2024-10-09 04:30:06,211 DEBUG server.RaftServer$Division (RaftServerImpl.java:logAppendEntries(1545)) - s4@group-BDFE845AF3B0: appendEntries* reply s9<-s4#8347:OK-t1,SUCCESS,nextIndex=215,followerCommit=213,matchIndex=214
2024-10-09 04:30:06,211 DEBUG server.RaftServer$Division (RaftServerImpl.java:logAppendEntries(1545)) - s12@group-BDFE845AF3B0: appendEntries* reply s9<-s12#8332:OK-t1,SUCCESS,nextIndex=214,followerCommit=212,matchIndex=213
2024-10-09 04:30:06,211 DEBUG server.RaftServer$Division (RaftServerImpl.java:logAppendEntries(1545)) - s11@group-BDFE845AF3B0: appendEntries* reply s9<-s11#8349:OK-t1,SUCCESS,nextIndex=215,followerCommit=213,matchIndex=214
2024-10-09 04:30:06,211 DEBUG server.RaftServer$Division (RaftServerImpl.java:logAppendEntries(1545)) - s1@group-BDFE845AF3B0: appendEntries* s9->s1#8353-t1,previous=(t:1, i:213),leaderCommit=213,initializing? false,entries: size=1, first=(t:1, i:214), METADATAENTRY(c:213)
2024-10-09 04:30:06,212 DEBUG server.RaftServer$Division (RaftServerImpl.java:logAppendEntries(1545)) - s13@group-BDFE845AF3B0: appendEntries* s9->s13#8344-t1,previous=(t:1, i:213),leaderCommit=213,initializing? false,entries: size=1, first=(t:1, i:214), METADATAENTRY(c:213)
2024-10-09 04:30:06,211 DEBUG server.RaftServer$Division (RaftServerImpl.java:logAppendEntries(1545)) - s8@group-BDFE845AF3B0: appendEntries* s9->s8#8351-t1,previous=(t:1, i:213),leaderCommit=213,initializing? false,entries: size=1, first=(t:1, i:214), METADATAENTRY(c:213)
2024-10-09 04:30:06,213 DEBUG server.RaftServer$Division (RaftServerImpl.java:logAppendEntries(1545)) - s12@group-BDFE845AF3B0: appendEntries* s9->s12#8357-t1,previous=(t:1, i:213),leaderCommit=213,initializing? false,entries: size=1, first=(t:1, i:214), METADATAENTRY(c:213)
2024-10-09 04:30:06,212 DEBUG server.RaftServer$Division (RaftServerImpl.java:logAppendEntries(1545)) - s2@group-BDFE845AF3B0: appendEntries* s9->s2#8356-t1,previous=(t:1, i:213),leaderCommit=213,initializing? false,entries: size=1, first=(t:1, i:214), METADATAENTRY(c:213)
2024-10-09 04:30:06,213 DEBUG server.RaftServer$Division (RaftServerImpl.java:logAppendEntries(1545)) - s6@group-BDFE845AF3B0: appendEntries* s9->s6#8345-t1,previous=(t:1, i:213),leaderCommit=213,initializing? false,entries: size=1, first=(t:1, i:214), METADATAENTRY(c:213)
2024-10-09 04:30:06,213 DEBUG server.RaftServer$Division (RaftServerImpl.java:logAppendEntries(1545)) - s1@group-BDFE845AF3B0: appendEntries* reply s9<-s1#8353:OK-t1,SUCCESS,nextIndex=215,followerCommit=213,matchIndex=214
2024-10-09 04:30:06,213 DEBUG server.RaftServer$Division (RaftServerImpl.java:submitClientRequestAsync(916)) - s9@group-BDFE845AF3B0: receive client request(RaftClientRequest:client-CAAA969A923D->s9@group-BDFE845AF3B0, cid=8358, seq=null, RW, Message:01016300)
2024-10-09 04:30:06,213 DEBUG server.RaftServer$Division (RaftServerImpl.java:logAppendEntries(1545)) - s6@group-BDFE845AF3B0: appendEntries* reply s9<-s6#8345:OK-t1,SUCCESS,nextIndex=215,followerCommit=213,matchIndex=214
2024-10-09 04:30:06,213 DEBUG server.RaftServer$Division (RaftServerImpl.java:logAppendEntries(1545)) - s2@group-BDFE845AF3B0: appendEntries* reply s9<-s2#8356:OK-t1,SUCCESS,nextIndex=215,followerCommit=213,matchIndex=214
2024-10-09 04:30:06,213 DEBUG server.RaftServer$Division (RaftServerImpl.java:logAppendEntries(1545)) - s8@group-BDFE845AF3B0: appendEntries* reply s9<-s8#8351:OK-t1,SUCCESS,nextIndex=215,followerCommit=213,matchIndex=214
2024-10-09 04:30:06,213 DEBUG server.RaftServer$Division (RaftServerImpl.java:logAppendEntries(1545)) - s12@group-BDFE845AF3B0: appendEntries* reply s9<-s12#8357:OK-t1,SUCCESS,nextIndex=215,followerCommit=213,matchIndex=214
2024-10-09 04:30:06,213 DEBUG server.RaftServer$Division (RaftServerImpl.java:logAppendEntries(1545)) - s13@group-BDFE845AF3B0: appendEntries* reply s9<-s13#8344:OK-t1,SUCCESS,nextIndex=215,followerCommit=213,matchIndex=214
2024-10-09 04:30:06,214 DEBUG server.RaftServer$Division (LeaderStateImpl.java:addPendingRequest(529)) - s9@group-BDFE845AF3B0-LeaderStateImpl: addPendingRequest at RaftClientRequest:client-CAAA969A923D->s9@group-BDFE845AF3B0, cid=8358, seq=null, RW, Message:01016300, entry=(t:1, i:215), STATEMACHINELOGENTRY, WRITE: logData.size=4, stateMachineData.size=0, logEntryProtoSerializedSize=0
2024-10-09 04:30:06,215 DEBUG server.RaftServer$Division (RaftServerImpl.java:logAppendEntries(1545)) - s7@group-BDFE845AF3B0: appendEntries* s9->s7#8359-t1,previous=(t:1, i:214),leaderCommit=214,initializing? false,entries: size=1, first=(t:1, i:215), STATEMACHINELOGENTRY, StateMachineLogEntryProto:8358@client-CAAA969A923D
2024-10-09 04:30:06,215 DEBUG server.RaftServer$Division (RaftServerImpl.java:logAppendEntries(1545)) - s1@group-BDFE845AF3B0: appendEntries* s9->s1#8363-t1,previous=(t:1, i:214),leaderCommit=214,initializing? false,entries: size=1, first=(t:1, i:215), STATEMACHINELOGENTRY, StateMachineLogEntryProto:8358@client-CAAA969A923D
2024-10-09 04:30:06,216 DEBUG server.RaftServer$Division (RaftServerImpl.java:logAppendEntries(1545)) - s0@group-BDFE845AF3B0: appendEntries* s9->s0#8362-t1,previous=(t:1, i:214),leaderCommit=214,initializing? false,entries: size=1, first=(t:1, i:215), STATEMACHINELOGENTRY, StateMachineLogEntryProto:8358@client-CAAA969A923D
2024-10-09 04:30:06,216 DEBUG server.RaftServer$Division (RaftServerImpl.java:logAppendEntries(1545)) - s3@group-BDFE845AF3B0: appendEntries* s9->s3#8366-t1,previous=(t:1, i:214),leaderCommit=214,initializing? false,entries: size=1, first=(t:1, i:215), STATEMACHINELOGENTRY, StateMachineLogEntryProto:8358@client-CAAA969A923D
2024-10-09 04:30:06,216 DEBUG server.RaftServer$Division (RaftServerImpl.java:logAppendEntries(1545)) - s11@group-BDFE845AF3B0: appendEntries* s9->s11#8364-t1,previous=(t:1, i:214),leaderCommit=214,initializing? false,entries: size=1, first=(t:1, i:215), STATEMACHINELOGENTRY, StateMachineLogEntryProto:8358@client-CAAA969A923D
2024-10-09 04:30:06,216 DEBUG server.RaftServer$Division (RaftServerImpl.java:logAppendEntries(1545)) - s3@group-BDFE845AF3B0: appendEntries* reply s9<-s3#8366:OK-t1,SUCCESS,nextIndex=216,followerCommit=214,matchIndex=215
2024-10-09 04:30:06,216 DEBUG server.RaftServer$Division (RaftServerImpl.java:logAppendEntries(1545)) - s7@group-BDFE845AF3B0: appendEntries* reply s9<-s7#8359:OK-t1,SUCCESS,nextIndex=216,followerCommit=214,matchIndex=215
2024-10-09 04:30:06,216 DEBUG server.RaftServer$Division (RaftServerImpl.java:logAppendEntries(1545)) - s2@group-BDFE845AF3B0: appendEntries* s9->s2#8370-t1,previous=(t:1, i:214),leaderCommit=214,initializing? false,entries: size=1, first=(t:1, i:215), STATEMACHINELOGENTRY, StateMachineLogEntryProto:8358@client-CAAA969A923D
2024-10-09 04:30:06,216 DEBUG server.RaftServer$Division (RaftServerImpl.java:logAppendEntries(1545)) - s0@group-BDFE845AF3B0: appendEntries* reply s9<-s0#8362:OK-t1,SUCCESS,nextIndex=216,followerCommit=214,matchIndex=215
2024-10-09 04:30:06,216 DEBUG server.RaftServer$Division (RaftServerImpl.java:logAppendEntries(1545)) - s13@group-BDFE845AF3B0: appendEntries* s9->s13#8365-t1,previous=(t:1, i:214),leaderCommit=214,initializing? false,entries: size=1, first=(t:1, i:215), STATEMACHINELOGENTRY, StateMachineLogEntryProto:8358@client-CAAA969A923D
2024-10-09 04:30:06,215 DEBUG server.RaftServer$Division (RaftServerImpl.java:logAppendEntries(1545)) - s8@group-BDFE845AF3B0: appendEntries* s9->s8#8360-t1,previous=(t:1, i:214),leaderCommit=214,initializing? false,entries: size=1, first=(t:1, i:215), STATEMACHINELOGENTRY, StateMachineLogEntryProto:8358@client-CAAA969A923D
2024-10-09 04:30:06,217 DEBUG server.RaftServer$Division (RaftServerImpl.java:logAppendEntries(1545)) - s6@group-BDFE845AF3B0: appendEntries* s9->s6#8369-t1,previous=(t:1, i:214),leaderCommit=214,initializing? false,entries: size=1, first=(t:1, i:215), STATEMACHINELOGENTRY, StateMachineLogEntryProto:8358@client-CAAA969A923D
2024-10-09 04:30:06,215 DEBUG server.RaftServer$Division (RaftServerImpl.java:logAppendEntries(1545)) - s10@group-BDFE845AF3B0: appendEntries* s9->s10#8361-t1,previous=(t:1, i:214),leaderCommit=214,initializing? false,entries: size=1, first=(t:1, i:215), STATEMACHINELOGENTRY, StateMachineLogEntryProto:8358@client-CAAA969A923D
2024-10-09 04:30:06,217 DEBUG server.RaftServer$Division (RaftServerImpl.java:logAppendEntries(1545)) - s2@group-BDFE845AF3B0: appendEntries* reply s9<-s2#8370:OK-t1,SUCCESS,nextIndex=216,followerCommit=214,matchIndex=215
2024-10-09 04:30:06,217 DEBUG server.RaftServer$Division (RaftServerImpl.java:logAppendEntries(1545)) - s8@group-BDFE845AF3B0: appendEntries* reply s9<-s8#8360:OK-t1,SUCCESS,nextIndex=216,followerCommit=214,matchIndex=215
2024-10-09 04:30:06,217 DEBUG server.RaftServer$Division (RaftServerImpl.java:logAppendEntries(1545)) - s6@group-BDFE845AF3B0: appendEntries* reply s9<-s6#8369:OK-t1,SUCCESS,nextIndex=216,followerCommit=214,matchIndex=215
2024-10-09 04:30:06,217 DEBUG server.RaftServer$Division (RaftServerImpl.java:logAppendEntries(1545)) - s13@group-BDFE845AF3B0: appendEntries* reply s9<-s13#8365:OK-t1,SUCCESS,nextIndex=216,followerCommit=214,matchIndex=215
2024-10-09 04:30:06,217 DEBUG server.RaftServer$Division (RaftServerImpl.java:logAppendEntries(1545)) - s12@group-BDFE845AF3B0: appendEntries* s9->s12#8372-t1,previous=(t:1, i:214),leaderCommit=214,initializing? false,entries: size=1, first=(t:1, i:215), STATEMACHINELOGENTRY, StateMachineLogEntryProto:8358@client-CAAA969A923D
2024-10-09 04:30:06,216 DEBUG server.RaftServer$Division (RaftServerImpl.java:logAppendEntries(1545)) - s14@group-BDFE845AF3B0: appendEntries* s9->s14#8371-t1,previous=(t:1, i:214),leaderCommit=214,initializing? false,entries: size=1, first=(t:1, i:215), STATEMACHINELOGENTRY, StateMachineLogEntryProto:8358@client-CAAA969A923D
2024-10-09 04:30:06,216 DEBUG server.RaftServer$Division (RaftServerImpl.java:logAppendEntries(1545)) - s11@group-BDFE845AF3B0: appendEntries* reply s9<-s11#8364:OK-t1,SUCCESS,nextIndex=216,followerCommit=214,matchIndex=215
2024-10-09 04:30:06,216 DEBUG server.RaftServer$Division (RaftServerImpl.java:logAppendEntries(1545)) - s5@group-BDFE845AF3B0: appendEntries* s9->s5#8368-t1,previous=(t:1, i:214),leaderCommit=214,initializing? false,entries: size=1, first=(t:1, i:215), STATEMACHINELOGENTRY, StateMachineLogEntryProto:8358@client-CAAA969A923D
2024-10-09 04:30:06,216 DEBUG server.RaftServer$Division (RaftServerImpl.java:logAppendEntries(1545)) - s1@group-BDFE845AF3B0: appendEntries* reply s9<-s1#8363:OK-t1,SUCCESS,nextIndex=216,followerCommit=214,matchIndex=215
2024-10-09 04:30:06,216 DEBUG server.RaftServer$Division (RaftServerImpl.java:logAppendEntries(1545)) - s4@group-BDFE845AF3B0: appendEntries* s9->s4#8367-t1,previous=(t:1, i:214),leaderCommit=214,initializing? false,entries: size=1, first=(t:1, i:215), STATEMACHINELOGENTRY, StateMachineLogEntryProto:8358@client-CAAA969A923D
2024-10-09 04:30:06,218 DEBUG server.RaftServer$Division (RaftServerImpl.java:logAppendEntries(1545)) - s0@group-BDFE845AF3B0: appendEntries* s9->s0#8375-t1,previous=(t:1, i:215),leaderCommit=215,initializing? false,entries: size=1, first=(t:1, i:216), METADATAENTRY(c:215)
2024-10-09 04:30:06,218 INFO  statemachine.StateMachine (ArithmeticStateMachine.java:applyTransaction(181)) - LEADER:s9-215: c = null = null
2024-10-09 04:30:06,218 DEBUG server.RaftServer$Division (RaftServerImpl.java:logAppendEntries(1545)) - s12@group-BDFE845AF3B0: appendEntries* reply s9<-s12#8372:OK-t1,SUCCESS,nextIndex=216,followerCommit=214,matchIndex=215
2024-10-09 04:30:06,219 DEBUG server.RaftServer$Division (RaftServerImpl.java:logAppendEntries(1545)) - s11@group-BDFE845AF3B0: appendEntries* s9->s11#8379-t1,previous=(t:1, i:215),leaderCommit=215,initializing? false,entries: size=1, first=(t:1, i:216), METADATAENTRY(c:215)
2024-10-09 04:30:06,219 DEBUG server.RaftServer$Division (RaftServerImpl.java:logAppendEntries(1545)) - s14@group-BDFE845AF3B0: appendEntries* reply s9<-s14#8371:OK-t1,SUCCESS,nextIndex=216,followerCommit=214,matchIndex=215
2024-10-09 04:30:06,218 DEBUG server.RaftServer$Division (RaftServerImpl.java:logAppendEntries(1545)) - s10@group-BDFE845AF3B0: appendEntries* reply s9<-s10#8361:OK-t1,SUCCESS,nextIndex=216,followerCommit=214,matchIndex=215
2024-10-09 04:30:06,219 DEBUG server.RaftServer$Division (RaftServerImpl.java:logAppendEntries(1545)) - s0@group-BDFE845AF3B0: appendEntries* reply s9<-s0#8375:OK-t1,SUCCESS,nextIndex=217,followerCommit=215,matchIndex=216
2024-10-09 04:30:06,219 DEBUG server.RaftServer$Division (RaftServerImpl.java:logAppendEntries(1545)) - s4@group-BDFE845AF3B0: appendEntries* reply s9<-s4#8367:OK-t1,SUCCESS,nextIndex=216,followerCommit=214,matchIndex=215
2024-10-09 04:30:06,219 DEBUG server.RaftServer$Division (RaftServerImpl.java:logAppendEntries(1545)) - s1@group-BDFE845AF3B0: appendEntries* s9->s1#8380-t1,previous=(t:1, i:215),leaderCommit=215,initializing? false,entries: size=1, first=(t:1, i:216), METADATAENTRY(c:215)
2024-10-09 04:30:06,219 DEBUG server.RaftServer$Division (RaftServerImpl.java:logAppendEntries(1545)) - s14@group-BDFE845AF3B0: appendEntries* s9->s14#8384-t1,previous=(t:1, i:215),leaderCommit=215,initializing? false,entries: size=1, first=(t:1, i:216), METADATAENTRY(c:215)
2024-10-09 04:30:06,219 DEBUG server.RaftServer$Division (RaftServerImpl.java:logAppendEntries(1545)) - s7@group-BDFE845AF3B0: appendEntries* s9->s7#8378-t1,previous=(t:1, i:215),leaderCommit=215,initializing? false,entries: size=1, first=(t:1, i:216), METADATAENTRY(c:215)
2024-10-09 04:30:06,220 DEBUG server.RaftServer$Division (RaftServerImpl.java:logAppendEntries(1545)) - s4@group-BDFE845AF3B0: appendEntries* s9->s4#8385-t1,previous=(t:1, i:215),leaderCommit=215,initializing? false,entries: size=1, first=(t:1, i:216), METADATAENTRY(c:215)
2024-10-09 04:30:06,218 DEBUG server.RaftServer$Division (RaftServerImpl.java:logAppendEntries(1545)) - s8@group-BDFE845AF3B0: appendEntries* s9->s8#8374-t1,previous=(t:1, i:215),leaderCommit=215,initializing? false,entries: size=1, first=(t:1, i:216), METADATAENTRY(c:215)
2024-10-09 04:30:06,220 DEBUG server.RaftServer$Division (RaftServerImpl.java:logAppendEntries(1545)) - s6@group-BDFE845AF3B0: appendEntries* s9->s6#8376-t1,previous=(t:1, i:215),leaderCommit=215,initializing? false,entries: size=1, first=(t:1, i:216), METADATAENTRY(c:215)
2024-10-09 04:30:06,220 DEBUG server.RaftServer$Division (RaftServerImpl.java:logAppendEntries(1545)) - s13@group-BDFE845AF3B0: appendEntries* s9->s13#8377-t1,previous=(t:1, i:215),leaderCommit=215,initializing? false,entries: size=1, first=(t:1, i:216), METADATAENTRY(c:215)
2024-10-09 04:30:06,220 DEBUG server.RaftServer$Division (RaftServerImpl.java:logAppendEntries(1545)) - s2@group-BDFE845AF3B0: appendEntries* s9->s2#8381-t1,previous=(t:1, i:215),leaderCommit=215,initializing? false,entries: size=1, first=(t:1, i:216), METADATAENTRY(c:215)
2024-10-09 04:30:06,220 DEBUG server.RaftServer$Division (RaftServerImpl.java:submitClientRequestAsync(916)) - s9@group-BDFE845AF3B0: receive client request(RaftClientRequest:client-CAAA969A923D->s9@group-BDFE845AF3B0, cid=8382, seq=null, RW, Message:01016102405d40000000...(size=12))
2024-10-09 04:30:06,220 DEBUG server.RaftServer$Division (RaftServerImpl.java:logAppendEntries(1545)) - s6@group-BDFE845AF3B0: appendEntries* reply s9<-s6#8376:OK-t1,SUCCESS,nextIndex=217,followerCommit=215,matchIndex=216
2024-10-09 04:30:06,220 DEBUG server.RaftServer$Division (LeaderStateImpl.java:addPendingRequest(529)) - s9@group-BDFE845AF3B0-LeaderStateImpl: addPendingRequest at RaftClientRequest:client-CAAA969A923D->s9@group-BDFE845AF3B0, cid=8382, seq=null, RW, Message:01016102405d40000000...(size=12), entry=(t:1, i:217), STATEMACHINELOGENTRY, WRITE: logData.size=12, stateMachineData.size=0, logEntryProtoSerializedSize=0
2024-10-09 04:30:06,220 DEBUG server.RaftServer$Division (RaftServerImpl.java:logAppendEntries(1545)) - s7@group-BDFE845AF3B0: appendEntries* reply s9<-s7#8378:OK-t1,SUCCESS,nextIndex=217,followerCommit=215,matchIndex=216
2024-10-09 04:30:06,220 DEBUG server.RaftServer$Division (RaftServerImpl.java:logAppendEntries(1545)) - s12@group-BDFE845AF3B0: appendEntries* s9->s12#8383-t1,previous=(t:1, i:215),leaderCommit=215,initializing? false,entries: size=1, first=(t:1, i:216), METADATAENTRY(c:215)
2024-10-09 04:30:06,221 DEBUG server.RaftServer$Division (RaftServerImpl.java:logAppendEntries(1545)) - s13@group-BDFE845AF3B0: appendEntries* reply s9<-s13#8377:OK-t1,SUCCESS,nextIndex=217,followerCommit=215,matchIndex=216
2024-10-09 04:30:06,219 DEBUG server.RaftServer$Division (RaftServerImpl.java:logAppendEntries(1545)) - s3@group-BDFE845AF3B0: appendEntries* s9->s3#8373-t1,previous=(t:1, i:215),leaderCommit=215,initializing? false,entries: size=1, first=(t:1, i:216), METADATAENTRY(c:215)
2024-10-09 04:30:06,219 DEBUG server.RaftServer$Division (RaftServerImpl.java:logAppendEntries(1545)) - s11@group-BDFE845AF3B0: appendEntries* reply s9<-s11#8379:OK-t1,SUCCESS,nextIndex=217,followerCommit=215,matchIndex=216
2024-10-09 04:30:06,219 DEBUG server.RaftServer$Division (RaftServerImpl.java:logAppendEntries(1545)) - s5@group-BDFE845AF3B0: appendEntries* reply s9<-s5#8368:OK-t1,SUCCESS,nextIndex=216,followerCommit=214,matchIndex=215
2024-10-09 04:30:06,221 DEBUG server.RaftServer$Division (RaftServerImpl.java:logAppendEntries(1545)) - s12@group-BDFE845AF3B0: appendEntries* reply s9<-s12#8383:OK-t1,SUCCESS,nextIndex=217,followerCommit=215,matchIndex=216
2024-10-09 04:30:06,221 DEBUG server.RaftServer$Division (RaftServerImpl.java:logAppendEntries(1545)) - s12@group-BDFE845AF3B0: appendEntries* s9->s12#8391-t1,previous=(t:1, i:216),leaderCommit=215,initializing? false,entries: size=1, first=(t:1, i:217), STATEMACHINELOGENTRY, StateMachineLogEntryProto:8382@client-CAAA969A923D
2024-10-09 04:30:06,222 DEBUG server.RaftServer$Division (RaftServerImpl.java:logAppendEntries(1545)) - s5@group-BDFE845AF3B0: appendEntries* s9->s5#8392-t1,previous=(t:1, i:215),leaderCommit=215,initializing? false,entries: size=2, first=(t:1, i:216), METADATAENTRY(c:215)
2024-10-09 04:30:06,221 DEBUG server.RaftServer$Division (RaftServerImpl.java:logAppendEntries(1545)) - s13@group-BDFE845AF3B0: appendEntries* s9->s13#8388-t1,previous=(t:1, i:216),leaderCommit=215,initializing? false,entries: size=1, first=(t:1, i:217), STATEMACHINELOGENTRY, StateMachineLogEntryProto:8382@client-CAAA969A923D
2024-10-09 04:30:06,221 DEBUG server.RaftServer$Division (RaftServerImpl.java:logAppendEntries(1545)) - s2@group-BDFE845AF3B0: appendEntries* reply s9<-s2#8381:OK-t1,SUCCESS,nextIndex=217,followerCommit=215,matchIndex=216
2024-10-09 04:30:06,222 DEBUG server.RaftServer$Division (RaftServerImpl.java:logAppendEntries(1545)) - s12@group-BDFE845AF3B0: appendEntries* reply s9<-s12#8391:OK-t1,SUCCESS,nextIndex=218,followerCommit=215,matchIndex=217
2024-10-09 04:30:06,220 DEBUG server.RaftServer$Division (RaftServerImpl.java:logAppendEntries(1545)) - s8@group-BDFE845AF3B0: appendEntries* reply s9<-s8#8374:OK-t1,SUCCESS,nextIndex=217,followerCommit=215,matchIndex=216
2024-10-09 04:30:06,220 DEBUG server.RaftServer$Division (RaftServerImpl.java:logAppendEntries(1545)) - s4@group-BDFE845AF3B0: appendEntries* reply s9<-s4#8385:OK-t1,SUCCESS,nextIndex=217,followerCommit=215,matchIndex=216
2024-10-09 04:30:06,220 DEBUG server.RaftServer$Division (RaftServerImpl.java:logAppendEntries(1545)) - s14@group-BDFE845AF3B0: appendEntries* reply s9<-s14#8384:OK-t1,SUCCESS,nextIndex=217,followerCommit=215,matchIndex=216
2024-10-09 04:30:06,220 DEBUG server.RaftServer$Division (RaftServerImpl.java:logAppendEntries(1545)) - s1@group-BDFE845AF3B0: appendEntries* reply s9<-s1#8380:OK-t1,SUCCESS,nextIndex=217,followerCommit=215,matchIndex=216
2024-10-09 04:30:06,220 DEBUG server.RaftServer$Division (RaftServerImpl.java:logAppendEntries(1545)) - s10@group-BDFE845AF3B0: appendEntries* s9->s10#8386-t1,previous=(t:1, i:215),leaderCommit=215,initializing? false,entries: size=1, first=(t:1, i:216), METADATAENTRY(c:215)
2024-10-09 04:30:06,222 DEBUG server.RaftServer$Division (RaftServerImpl.java:logAppendEntries(1545)) - s2@group-BDFE845AF3B0: appendEntries* s9->s2#8394-t1,previous=(t:1, i:216),leaderCommit=215,initializing? false,entries: size=1, first=(t:1, i:217), STATEMACHINELOGENTRY, StateMachineLogEntryProto:8382@client-CAAA969A923D
2024-10-09 04:30:06,223 DEBUG server.RaftServer$Division (RaftServerImpl.java:logAppendEntries(1545)) - s4@group-BDFE845AF3B0: appendEntries* s9->s4#8397-t1,previous=(t:1, i:216),leaderCommit=216,initializing? false,entries: size=1, first=(t:1, i:217), STATEMACHINELOGENTRY, StateMachineLogEntryProto:8382@client-CAAA969A923D
2024-10-09 04:30:06,223 DEBUG server.RaftServer$Division (RaftServerImpl.java:logAppendEntries(1545)) - s1@group-BDFE845AF3B0: appendEntries* s9->s1#8398-t1,previous=(t:1, i:216),leaderCommit=216,initializing? false,entries: size=1, first=(t:1, i:217), STATEMACHINELOGENTRY, StateMachineLogEntryProto:8382@client-CAAA969A923D
2024-10-09 04:30:06,222 DEBUG server.RaftServer$Division (RaftServerImpl.java:logAppendEntries(1545)) - s5@group-BDFE845AF3B0: appendEntries* reply s9<-s5#8392:OK-t1,SUCCESS,nextIndex=218,followerCommit=215,matchIndex=217
2024-10-09 04:30:06,223 DEBUG server.RaftServer$Division (RaftServerImpl.java:logAppendEntries(1545)) - s2@group-BDFE845AF3B0: appendEntries* reply s9<-s2#8394:OK-t1,SUCCESS,nextIndex=218,followerCommit=215,matchIndex=217
2024-10-09 04:30:06,223 DEBUG server.RaftServer$Division (RaftServerImpl.java:logAppendEntries(1545)) - s13@group-BDFE845AF3B0: appendEntries* reply s9<-s13#8388:OK-t1,SUCCESS,nextIndex=218,followerCommit=215,matchIndex=217
2024-10-09 04:30:06,222 DEBUG server.RaftServer$Division (RaftServerImpl.java:logAppendEntries(1545)) - s7@group-BDFE845AF3B0: appendEntries* s9->s7#8393-t1,previous=(t:1, i:216),leaderCommit=215,initializing? false,entries: size=1, first=(t:1, i:217), STATEMACHINELOGENTRY, StateMachineLogEntryProto:8382@client-CAAA969A923D
2024-10-09 04:30:06,222 DEBUG server.RaftServer$Division (RaftServerImpl.java:logAppendEntries(1545)) - s11@group-BDFE845AF3B0: appendEntries* s9->s11#8390-t1,previous=(t:1, i:216),leaderCommit=215,initializing? false,entries: size=1, first=(t:1, i:217), STATEMACHINELOGENTRY, StateMachineLogEntryProto:8382@client-CAAA969A923D
2024-10-09 04:30:06,221 DEBUG server.RaftServer$Division (RaftServerImpl.java:logAppendEntries(1545)) - s0@group-BDFE845AF3B0: appendEntries* s9->s0#8389-t1,previous=(t:1, i:216),leaderCommit=215,initializing? false,entries: size=1, first=(t:1, i:217), STATEMACHINELOGENTRY, StateMachineLogEntryProto:8382@client-CAAA969A923D
2024-10-09 04:30:06,221 DEBUG server.RaftServer$Division (RaftServerImpl.java:logAppendEntries(1545)) - s3@group-BDFE845AF3B0: appendEntries* reply s9<-s3#8373:OK-t1,SUCCESS,nextIndex=217,followerCommit=215,matchIndex=216
2024-10-09 04:30:06,224 DEBUG server.RaftServer$Division (RaftServerImpl.java:logAppendEntries(1545)) - s7@group-BDFE845AF3B0: appendEntries* reply s9<-s7#8393:OK-t1,SUCCESS,nextIndex=218,followerCommit=215,matchIndex=217
2024-10-09 04:30:06,224 DEBUG server.RaftServer$Division (RaftServerImpl.java:logAppendEntries(1545)) - s1@group-BDFE845AF3B0: appendEntries* reply s9<-s1#8398:OK-t1,SUCCESS,nextIndex=218,followerCommit=216,matchIndex=217
2024-10-09 04:30:06,223 DEBUG server.RaftServer$Division (RaftServerImpl.java:logAppendEntries(1545)) - s6@group-BDFE845AF3B0: appendEntries* s9->s6#8387-t1,previous=(t:1, i:216),leaderCommit=215,initializing? false,entries: size=1, first=(t:1, i:217), STATEMACHINELOGENTRY, StateMachineLogEntryProto:8382@client-CAAA969A923D
2024-10-09 04:30:06,223 DEBUG server.RaftServer$Division (RaftServerImpl.java:logAppendEntries(1545)) - s10@group-BDFE845AF3B0: appendEntries* reply s9<-s10#8386:OK-t1,SUCCESS,nextIndex=217,followerCommit=215,matchIndex=216
2024-10-09 04:30:06,223 DEBUG server.RaftServer$Division (RaftServerImpl.java:logAppendEntries(1545)) - s4@group-BDFE845AF3B0: appendEntries* reply s9<-s4#8397:OK-t1,SUCCESS,nextIndex=218,followerCommit=216,matchIndex=217
2024-10-09 04:30:06,223 DEBUG server.RaftServer$Division (RaftServerImpl.java:logAppendEntries(1545)) - s8@group-BDFE845AF3B0: appendEntries* s9->s8#8395-t1,previous=(t:1, i:216),leaderCommit=216,initializing? false,entries: size=1, first=(t:1, i:217), STATEMACHINELOGENTRY, StateMachineLogEntryProto:8382@client-CAAA969A923D
2024-10-09 04:30:06,223 DEBUG server.RaftServer$Division (RaftServerImpl.java:logAppendEntries(1545)) - s14@group-BDFE845AF3B0: appendEntries* s9->s14#8396-t1,previous=(t:1, i:216),leaderCommit=216,initializing? false,entries: size=1, first=(t:1, i:217), STATEMACHINELOGENTRY, StateMachineLogEntryProto:8382@client-CAAA969A923D
2024-10-09 04:30:06,225 DEBUG server.RaftServer$Division (RaftServerImpl.java:logAppendEntries(1545)) - s10@group-BDFE845AF3B0: appendEntries* s9->s10#8400-t1,previous=(t:1, i:216),leaderCommit=216,initializing? false,entries: size=1, first=(t:1, i:217), STATEMACHINELOGENTRY, StateMachineLogEntryProto:8382@client-CAAA969A923D
2024-10-09 04:30:06,225 DEBUG server.RaftServer$Division (RaftServerImpl.java:logAppendEntries(1545)) - s14@group-BDFE845AF3B0: appendEntries* reply s9<-s14#8396:OK-t1,SUCCESS,nextIndex=218,followerCommit=216,matchIndex=217
2024-10-09 04:30:06,225 DEBUG server.RaftServer$Division (RaftServerImpl.java:logAppendEntries(1545)) - s8@group-BDFE845AF3B0: appendEntries* reply s9<-s8#8395:OK-t1,SUCCESS,nextIndex=218,followerCommit=216,matchIndex=217
2024-10-09 04:30:06,225 DEBUG server.RaftServer$Division (RaftServerImpl.java:logAppendEntries(1545)) - s12@group-BDFE845AF3B0: appendEntries* s9->s12#8401-t1,previous=(t:1, i:217),leaderCommit=217,initializing? false,entries: size=1, first=(t:1, i:218), METADATAENTRY(c:217)
2024-10-09 04:30:06,226 DEBUG server.RaftServer$Division (RaftServerImpl.java:logAppendEntries(1545)) - s5@group-BDFE845AF3B0: appendEntries* s9->s5#8403-t1,previous=(t:1, i:217),leaderCommit=217,initializing? false,entries: size=1, first=(t:1, i:218), METADATAENTRY(c:217)
2024-10-09 04:30:06,226 DEBUG server.RaftServer$Division (RaftServerImpl.java:logAppendEntries(1545)) - s1@group-BDFE845AF3B0: appendEntries* s9->s1#8405-t1,previous=(t:1, i:217),leaderCommit=217,initializing? false,entries: size=1, first=(t:1, i:218), METADATAENTRY(c:217)
2024-10-09 04:30:06,226 DEBUG server.RaftServer$Division (RaftServerImpl.java:logAppendEntries(1545)) - s14@group-BDFE845AF3B0: appendEntries* s9->s14#8408-t1,previous=(t:1, i:217),leaderCommit=217,initializing? false,entries: size=1, first=(t:1, i:218), METADATAENTRY(c:217)
2024-10-09 04:30:06,224 DEBUG server.RaftServer$Division (RaftServerImpl.java:logAppendEntries(1545)) - s3@group-BDFE845AF3B0: appendEntries* s9->s3#8399-t1,previous=(t:1, i:216),leaderCommit=216,initializing? false,entries: size=1, first=(t:1, i:217), STATEMACHINELOGENTRY, StateMachineLogEntryProto:8382@client-CAAA969A923D
2024-10-09 04:30:06,226 DEBUG server.RaftServer$Division (RaftServerImpl.java:logAppendEntries(1545)) - s2@group-BDFE845AF3B0: appendEntries* s9->s2#8404-t1,previous=(t:1, i:217),leaderCommit=217,initializing? false,entries: size=1, first=(t:1, i:218), METADATAENTRY(c:217)
2024-10-09 04:30:06,226 DEBUG server.RaftServer$Division (RaftServerImpl.java:logAppendEntries(1545)) - s1@group-BDFE845AF3B0: appendEntries* reply s9<-s1#8405:OK-t1,SUCCESS,nextIndex=219,followerCommit=217,matchIndex=218
2024-10-09 04:30:06,224 DEBUG server.RaftServer$Division (RaftServerImpl.java:logAppendEntries(1545)) - s0@group-BDFE845AF3B0: appendEntries* reply s9<-s0#8389:OK-t1,SUCCESS,nextIndex=218,followerCommit=215,matchIndex=217
2024-10-09 04:30:06,224 DEBUG server.RaftServer$Division (RaftServerImpl.java:logAppendEntries(1545)) - s11@group-BDFE845AF3B0: appendEntries* reply s9<-s11#8390:OK-t1,SUCCESS,nextIndex=218,followerCommit=215,matchIndex=217
2024-10-09 04:30:06,226 DEBUG server.RaftServer$Division (RaftServerImpl.java:logAppendEntries(1545)) - s12@group-BDFE845AF3B0: appendEntries* reply s9<-s12#8401:OK-t1,SUCCESS,nextIndex=219,followerCommit=217,matchIndex=218
2024-10-09 04:30:06,227 DEBUG server.RaftServer$Division (RaftServerImpl.java:logAppendEntries(1545)) - s3@group-BDFE845AF3B0: appendEntries* reply s9<-s3#8399:OK-t1,SUCCESS,nextIndex=218,followerCommit=216,matchIndex=217
2024-10-09 04:30:06,226 DEBUG server.RaftServer$Division (RaftServerImpl.java:logAppendEntries(1545)) - s14@group-BDFE845AF3B0: appendEntries* reply s9<-s14#8408:OK-t1,SUCCESS,nextIndex=219,followerCommit=217,matchIndex=218
2024-10-09 04:30:06,226 DEBUG server.RaftServer$Division (RaftServerImpl.java:logAppendEntries(1545)) - s8@group-BDFE845AF3B0: appendEntries* s9->s8#8409-t1,previous=(t:1, i:217),leaderCommit=217,initializing? false,entries: size=1, first=(t:1, i:218), METADATAENTRY(c:217)
2024-10-09 04:30:06,226 DEBUG server.RaftServer$Division (RaftServerImpl.java:logAppendEntries(1545)) - s5@group-BDFE845AF3B0: appendEntries* reply s9<-s5#8403:OK-t1,SUCCESS,nextIndex=219,followerCommit=217,matchIndex=218
2024-10-09 04:30:06,227 DEBUG server.RaftServer$Division (RaftServerImpl.java:logAppendEntries(1545)) - s13@group-BDFE845AF3B0: appendEntries* s9->s13#8402-t1,previous=(t:1, i:217),leaderCommit=217,initializing? false,entries: size=1, first=(t:1, i:218), METADATAENTRY(c:217)
2024-10-09 04:30:06,227 DEBUG server.RaftServer$Division (RaftServerImpl.java:logAppendEntries(1545)) - s0@group-BDFE845AF3B0: appendEntries* s9->s0#8411-t1,previous=(t:1, i:217),leaderCommit=217,initializing? false,entries: size=1, first=(t:1, i:218), METADATAENTRY(c:217)
2024-10-09 04:30:06,227 DEBUG server.RaftServer$Division (RaftServerImpl.java:logAppendEntries(1545)) - s8@group-BDFE845AF3B0: appendEntries* reply s9<-s8#8409:OK-t1,SUCCESS,nextIndex=219,followerCommit=217,matchIndex=218
2024-10-09 04:30:06,226 DEBUG server.RaftServer$Division (RaftServerImpl.java:logAppendEntries(1545)) - s10@group-BDFE845AF3B0: appendEntries* reply s9<-s10#8400:OK-t1,SUCCESS,nextIndex=218,followerCommit=216,matchIndex=217
2024-10-09 04:30:06,226 DEBUG server.RaftServer$Division (RaftServerImpl.java:logAppendEntries(1545)) - s4@group-BDFE845AF3B0: appendEntries* s9->s4#8407-t1,previous=(t:1, i:217),leaderCommit=217,initializing? false,entries: size=1, first=(t:1, i:218), METADATAENTRY(c:217)
2024-10-09 04:30:06,226 DEBUG server.RaftServer$Division (RaftServerImpl.java:logAppendEntries(1545)) - s7@group-BDFE845AF3B0: appendEntries* s9->s7#8406-t1,previous=(t:1, i:217),leaderCommit=217,initializing? false,entries: size=1, first=(t:1, i:218), METADATAENTRY(c:217)
2024-10-09 04:30:06,225 INFO  statemachine.StateMachine (ArithmeticStateMachine.java:applyTransaction(181)) - LEADER:s9-217: a = 117 = 117
2024-10-09 04:30:06,227 DEBUG server.RaftServer$Division (RaftServerImpl.java:logAppendEntries(1545)) - s13@group-BDFE845AF3B0: appendEntries* reply s9<-s13#8402:OK-t1,SUCCESS,nextIndex=219,followerCommit=217,matchIndex=218
2024-10-09 04:30:06,227 DEBUG server.RaftServer$Division (RaftServerImpl.java:logAppendEntries(1545)) - s11@group-BDFE845AF3B0: appendEntries* s9->s11#8410-t1,previous=(t:1, i:217),leaderCommit=217,initializing? false,entries: size=1, first=(t:1, i:218), METADATAENTRY(c:217)
2024-10-09 04:30:06,227 DEBUG server.RaftServer$Division (RaftServerImpl.java:logAppendEntries(1545)) - s2@group-BDFE845AF3B0: appendEntries* reply s9<-s2#8404:OK-t1,SUCCESS,nextIndex=219,followerCommit=217,matchIndex=218
2024-10-09 04:30:06,228 DEBUG server.RaftServer$Division (RaftServerImpl.java:logAppendEntries(1545)) - s7@group-BDFE845AF3B0: appendEntries* reply s9<-s7#8406:OK-t1,SUCCESS,nextIndex=219,followerCommit=217,matchIndex=218
2024-10-09 04:30:06,228 DEBUG server.RaftServer$Division (RaftServerImpl.java:logAppendEntries(1545)) - s0@group-BDFE845AF3B0: appendEntries* reply s9<-s0#8411:OK-t1,SUCCESS,nextIndex=219,followerCommit=217,matchIndex=218
2024-10-09 04:30:06,228 DEBUG server.RaftServer$Division (RaftServerImpl.java:logAppendEntries(1545)) - s4@group-BDFE845AF3B0: appendEntries* reply s9<-s4#8407:OK-t1,SUCCESS,nextIndex=219,followerCommit=217,matchIndex=218
2024-10-09 04:30:06,228 DEBUG server.RaftServer$Division (RaftServerImpl.java:logAppendEntries(1545)) - s3@group-BDFE845AF3B0: appendEntries* s9->s3#8412-t1,previous=(t:1, i:217),leaderCommit=217,initializing? false,entries: size=1, first=(t:1, i:218), METADATAENTRY(c:217)
2024-10-09 04:30:06,229 DEBUG server.RaftServer$Division (RaftServerImpl.java:logAppendEntries(1545)) - s11@group-BDFE845AF3B0: appendEntries* reply s9<-s11#8410:OK-t1,SUCCESS,nextIndex=219,followerCommit=217,matchIndex=218
2024-10-09 04:30:06,229 DEBUG server.RaftServer$Division (RaftServerImpl.java:submitClientRequestAsync(916)) - s9@group-BDFE845AF3B0: receive client request(RaftClientRequest:client-CAAA969A923D->s9@group-BDFE845AF3B0, cid=8414, seq=null, RW, Message:0101620240babc000000...(size=12))
2024-10-09 04:30:06,229 DEBUG server.RaftServer$Division (RaftServerImpl.java:logAppendEntries(1545)) - s3@group-BDFE845AF3B0: appendEntries* reply s9<-s3#8412:OK-t1,SUCCESS,nextIndex=219,followerCommit=217,matchIndex=218
2024-10-09 04:30:06,229 DEBUG server.RaftServer$Division (LeaderStateImpl.java:addPendingRequest(529)) - s9@group-BDFE845AF3B0-LeaderStateImpl: addPendingRequest at RaftClientRequest:client-CAAA969A923D->s9@group-BDFE845AF3B0, cid=8414, seq=null, RW, Message:0101620240babc000000...(size=12), entry=(t:1, i:219), STATEMACHINELOGENTRY, WRITE: logData.size=12, stateMachineData.size=0, logEntryProtoSerializedSize=0
2024-10-09 04:30:06,230 DEBUG server.RaftServer$Division (RaftServerImpl.java:logAppendEntries(1545)) - s1@group-BDFE845AF3B0: appendEntries* s9->s1#8415-t1,previous=(t:1, i:218),leaderCommit=218,initializing? false,entries: size=1, first=(t:1, i:219), STATEMACHINELOGENTRY, StateMachineLogEntryProto:8414@client-CAAA969A923D
2024-10-09 04:30:06,230 DEBUG server.RaftServer$Division (RaftServerImpl.java:logAppendEntries(1545)) - s13@group-BDFE845AF3B0: appendEntries* s9->s13#8425-t1,previous=(t:1, i:218),leaderCommit=218,initializing? false,entries: size=1, first=(t:1, i:219), STATEMACHINELOGENTRY, StateMachineLogEntryProto:8414@client-CAAA969A923D
2024-10-09 04:30:06,230 DEBUG server.RaftServer$Division (RaftServerImpl.java:logAppendEntries(1545)) - s12@group-BDFE845AF3B0: appendEntries* s9->s12#8420-t1,previous=(t:1, i:218),leaderCommit=218,initializing? false,entries: size=1, first=(t:1, i:219), STATEMACHINELOGENTRY, StateMachineLogEntryProto:8414@client-CAAA969A923D
2024-10-09 04:30:06,230 DEBUG server.RaftServer$Division (RaftServerImpl.java:logAppendEntries(1545)) - s10@group-BDFE845AF3B0: appendEntries* s9->s10#8413-t1,previous=(t:1, i:217),leaderCommit=217,initializing? false,entries: size=1, first=(t:1, i:218), METADATAENTRY(c:217)
2024-10-09 04:30:06,230 DEBUG server.RaftServer$Division (RaftServerImpl.java:logAppendEntries(1545)) - s8@group-BDFE845AF3B0: appendEntries* s9->s8#8421-t1,previous=(t:1, i:218),leaderCommit=218,initializing? false,entries: size=1, first=(t:1, i:219), STATEMACHINELOGENTRY, StateMachineLogEntryProto:8414@client-CAAA969A923D
2024-10-09 04:30:06,231 DEBUG server.RaftServer$Division (RaftServerImpl.java:logAppendEntries(1545)) - s3@group-BDFE845AF3B0: appendEntries* s9->s3#8426-t1,previous=(t:1, i:218),leaderCommit=218,initializing? false,entries: size=1, first=(t:1, i:219), STATEMACHINELOGENTRY, StateMachineLogEntryProto:8414@client-CAAA969A923D
2024-10-09 04:30:06,230 DEBUG server.RaftServer$Division (RaftServerImpl.java:logAppendEntries(1545)) - s7@group-BDFE845AF3B0: appendEntries* s9->s7#8424-t1,previous=(t:1, i:218),leaderCommit=218,initializing? false,entries: size=1, first=(t:1, i:219), STATEMACHINELOGENTRY, StateMachineLogEntryProto:8414@client-CAAA969A923D
2024-10-09 04:30:06,231 DEBUG server.RaftServer$Division (RaftServerImpl.java:logAppendEntries(1545)) - s10@group-BDFE845AF3B0: appendEntries* reply s9<-s10#8413:OK-t1,SUCCESS,nextIndex=219,followerCommit=217,matchIndex=218
2024-10-09 04:30:06,231 DEBUG server.RaftServer$Division (RaftServerImpl.java:logAppendEntries(1545)) - s13@group-BDFE845AF3B0: appendEntries* reply s9<-s13#8425:OK-t1,SUCCESS,nextIndex=220,followerCommit=218,matchIndex=219
2024-10-09 04:30:06,230 DEBUG server.RaftServer$Division (RaftServerImpl.java:logAppendEntries(1545)) - s0@group-BDFE845AF3B0: appendEntries* s9->s0#8423-t1,previous=(t:1, i:218),leaderCommit=218,initializing? false,entries: size=1, first=(t:1, i:219), STATEMACHINELOGENTRY, StateMachineLogEntryProto:8414@client-CAAA969A923D
2024-10-09 04:30:06,230 DEBUG server.RaftServer$Division (RaftServerImpl.java:logAppendEntries(1545)) - s11@group-BDFE845AF3B0: appendEntries* s9->s11#8419-t1,previous=(t:1, i:218),leaderCommit=218,initializing? false,entries: size=1, first=(t:1, i:219), STATEMACHINELOGENTRY, StateMachineLogEntryProto:8414@client-CAAA969A923D
2024-10-09 04:30:06,230 DEBUG server.RaftServer$Division (RaftServerImpl.java:logAppendEntries(1545)) - s14@group-BDFE845AF3B0: appendEntries* s9->s14#8422-t1,previous=(t:1, i:218),leaderCommit=218,initializing? false,entries: size=1, first=(t:1, i:219), STATEMACHINELOGENTRY, StateMachineLogEntryProto:8414@client-CAAA969A923D
2024-10-09 04:30:06,230 DEBUG server.RaftServer$Division (RaftServerImpl.java:logAppendEntries(1545)) - s5@group-BDFE845AF3B0: appendEntries* s9->s5#8416-t1,previous=(t:1, i:218),leaderCommit=218,initializing? false,entries: size=1, first=(t:1, i:219), STATEMACHINELOGENTRY, StateMachineLogEntryProto:8414@client-CAAA969A923D
2024-10-09 04:30:06,232 DEBUG server.RaftServer$Division (RaftServerImpl.java:logAppendEntries(1545)) - s11@group-BDFE845AF3B0: appendEntries* reply s9<-s11#8419:OK-t1,SUCCESS,nextIndex=220,followerCommit=218,matchIndex=219
2024-10-09 04:30:06,229 DEBUG server.RaftServer$Division (RaftServerImpl.java:logAppendEntries(1545)) - s4@group-BDFE845AF3B0: appendEntries* s9->s4#8418-t1,previous=(t:1, i:218),leaderCommit=218,initializing? false,entries: size=1, first=(t:1, i:219), STATEMACHINELOGENTRY, StateMachineLogEntryProto:8414@client-CAAA969A923D
2024-10-09 04:30:06,232 DEBUG server.RaftServer$Division (RaftServerImpl.java:logAppendEntries(1545)) - s2@group-BDFE845AF3B0: appendEntries* s9->s2#8417-t1,previous=(t:1, i:218),leaderCommit=218,initializing? false,entries: size=1, first=(t:1, i:219), STATEMACHINELOGENTRY, StateMachineLogEntryProto:8414@client-CAAA969A923D
2024-10-09 04:30:06,232 DEBUG server.RaftServer$Division (RaftServerImpl.java:logAppendEntries(1545)) - s0@group-BDFE845AF3B0: appendEntries* reply s9<-s0#8423:OK-t1,SUCCESS,nextIndex=220,followerCommit=218,matchIndex=219
2024-10-09 04:30:06,232 DEBUG server.RaftServer$Division (RaftServerImpl.java:logAppendEntries(1545)) - s14@group-BDFE845AF3B0: appendEntries* reply s9<-s14#8422:OK-t1,SUCCESS,nextIndex=220,followerCommit=218,matchIndex=219
2024-10-09 04:30:06,232 DEBUG server.RaftServer$Division (RaftServerImpl.java:logAppendEntries(1545)) - s7@group-BDFE845AF3B0: appendEntries* reply s9<-s7#8424:OK-t1,SUCCESS,nextIndex=220,followerCommit=218,matchIndex=219
2024-10-09 04:30:06,232 DEBUG server.RaftServer$Division (RaftServerImpl.java:logAppendEntries(1545)) - s2@group-BDFE845AF3B0: appendEntries* reply s9<-s2#8417:OK-t1,SUCCESS,nextIndex=220,followerCommit=218,matchIndex=219
2024-10-09 04:30:06,232 DEBUG server.RaftServer$Division (RaftServerImpl.java:logAppendEntries(1545)) - s10@group-BDFE845AF3B0: appendEntries* s9->s10#8427-t1,previous=(t:1, i:218),leaderCommit=218,initializing? false,entries: size=1, first=(t:1, i:219), STATEMACHINELOGENTRY, StateMachineLogEntryProto:8414@client-CAAA969A923D
2024-10-09 04:30:06,231 DEBUG server.RaftServer$Division (RaftServerImpl.java:logAppendEntries(1545)) - s3@group-BDFE845AF3B0: appendEntries* reply s9<-s3#8426:OK-t1,SUCCESS,nextIndex=220,followerCommit=218,matchIndex=219
2024-10-09 04:30:06,231 DEBUG server.RaftServer$Division (RaftServerImpl.java:logAppendEntries(1545)) - s8@group-BDFE845AF3B0: appendEntries* reply s9<-s8#8421:OK-t1,SUCCESS,nextIndex=220,followerCommit=218,matchIndex=219
2024-10-09 04:30:06,231 DEBUG server.RaftServer$Division (RaftServerImpl.java:logAppendEntries(1545)) - s12@group-BDFE845AF3B0: appendEntries* reply s9<-s12#8420:OK-t1,SUCCESS,nextIndex=220,followerCommit=218,matchIndex=219
2024-10-09 04:30:06,230 DEBUG server.RaftServer$Division (RaftServerImpl.java:logAppendEntries(1545)) - s1@group-BDFE845AF3B0: appendEntries* reply s9<-s1#8415:OK-t1,SUCCESS,nextIndex=220,followerCommit=218,matchIndex=219
2024-10-09 04:30:06,233 DEBUG server.RaftServer$Division (RaftServerImpl.java:logAppendEntries(1545)) - s10@group-BDFE845AF3B0: appendEntries* reply s9<-s10#8427:OK-t1,SUCCESS,nextIndex=220,followerCommit=218,matchIndex=219
2024-10-09 04:30:06,233 INFO  statemachine.StateMachine (ArithmeticStateMachine.java:applyTransaction(181)) - LEADER:s9-219: b = 6844 = 6844
2024-10-09 04:30:06,233 DEBUG server.RaftServer$Division (RaftServerImpl.java:logAppendEntries(1545)) - s14@group-BDFE845AF3B0: appendEntries* s9->s14#8428-t1,previous=(t:1, i:219),leaderCommit=219,initializing? false,entries: size=1, first=(t:1, i:220), METADATAENTRY(c:219)
2024-10-09 04:30:06,234 DEBUG server.RaftServer$Division (RaftServerImpl.java:logAppendEntries(1545)) - s11@group-BDFE845AF3B0: appendEntries* s9->s11#8430-t1,previous=(t:1, i:219),leaderCommit=219,initializing? false,entries: size=1, first=(t:1, i:220), METADATAENTRY(c:219)
2024-10-09 04:30:06,234 DEBUG server.RaftServer$Division (RaftServerImpl.java:logAppendEntries(1545)) - s8@group-BDFE845AF3B0: appendEntries* s9->s8#8434-t1,previous=(t:1, i:219),leaderCommit=219,initializing? false,entries: size=1, first=(t:1, i:220), METADATAENTRY(c:219)
2024-10-09 04:30:06,234 DEBUG server.RaftServer$Division (RaftServerImpl.java:logAppendEntries(1545)) - s1@group-BDFE845AF3B0: appendEntries* s9->s1#8437-t1,previous=(t:1, i:219),leaderCommit=219,initializing? false,entries: size=1, first=(t:1, i:220), METADATAENTRY(c:219)
2024-10-09 04:30:06,234 DEBUG server.RaftServer$Division (RaftServerImpl.java:logAppendEntries(1545)) - s12@group-BDFE845AF3B0: appendEntries* s9->s12#8432-t1,previous=(t:1, i:219),leaderCommit=219,initializing? false,entries: size=1, first=(t:1, i:220), METADATAENTRY(c:219)
2024-10-09 04:30:06,234 DEBUG server.RaftServer$Division (RaftServerImpl.java:logAppendEntries(1545)) - s3@group-BDFE845AF3B0: appendEntries* s9->s3#8433-t1,previous=(t:1, i:219),leaderCommit=219,initializing? false,entries: size=1, first=(t:1, i:220), METADATAENTRY(c:219)
2024-10-09 04:30:06,234 DEBUG server.RaftServer$Division (RaftServerImpl.java:logAppendEntries(1545)) - s8@group-BDFE845AF3B0: appendEntries* reply s9<-s8#8434:OK-t1,SUCCESS,nextIndex=221,followerCommit=219,matchIndex=220
2024-10-09 04:30:06,234 DEBUG server.RaftServer$Division (RaftServerImpl.java:logAppendEntries(1545)) - s13@group-BDFE845AF3B0: appendEntries* s9->s13#8429-t1,previous=(t:1, i:219),leaderCommit=219,initializing? false,entries: size=1, first=(t:1, i:220), METADATAENTRY(c:219)
2024-10-09 04:30:06,235 DEBUG server.RaftServer$Division (RaftServerImpl.java:submitClientRequestAsync(916)) - s9@group-BDFE845AF3B0: receive client request(RaftClientRequest:client-CAAA969A923D->s9@group-BDFE845AF3B0, cid=8431, seq=null, RW, Message:01016304010300040201...(size=17))
2024-10-09 04:30:06,235 DEBUG server.RaftServer$Division (LeaderStateImpl.java:addPendingRequest(529)) - s9@group-BDFE845AF3B0-LeaderStateImpl: addPendingRequest at RaftClientRequest:client-CAAA969A923D->s9@group-BDFE845AF3B0, cid=8431, seq=null, RW, Message:01016304010300040201...(size=17), entry=(t:1, i:221), STATEMACHINELOGENTRY, WRITE: logData.size=17, stateMachineData.size=0, logEntryProtoSerializedSize=0
2024-10-09 04:30:06,235 DEBUG server.RaftServer$Division (RaftServerImpl.java:logAppendEntries(1545)) - s3@group-BDFE845AF3B0: appendEntries* reply s9<-s3#8433:OK-t1,SUCCESS,nextIndex=221,followerCommit=219,matchIndex=220
2024-10-09 04:30:06,235 DEBUG server.RaftServer$Division (RaftServerImpl.java:logAppendEntries(1545)) - s13@group-BDFE845AF3B0: appendEntries* reply s9<-s13#8429:OK-t1,SUCCESS,nextIndex=221,followerCommit=219,matchIndex=220
2024-10-09 04:30:06,236 DEBUG server.RaftServer$Division (RaftServerImpl.java:logAppendEntries(1545)) - s3@group-BDFE845AF3B0: appendEntries* s9->s3#8441-t1,previous=(t:1, i:220),leaderCommit=219,initializing? false,entries: size=1, first=(t:1, i:221), STATEMACHINELOGENTRY, StateMachineLogEntryProto:8431@client-CAAA969A923D
2024-10-09 04:30:06,236 DEBUG server.RaftServer$Division (RaftServerImpl.java:logAppendEntries(1545)) - s3@group-BDFE845AF3B0: appendEntries* reply s9<-s3#8441:OK-t1,SUCCESS,nextIndex=222,followerCommit=219,matchIndex=221
2024-10-09 04:30:06,236 DEBUG server.RaftServer$Division (RaftServerImpl.java:logAppendEntries(1545)) - s2@group-BDFE845AF3B0: appendEntries* s9->s2#8439-t1,previous=(t:1, i:219),leaderCommit=219,initializing? false,entries: size=2, first=(t:1, i:220), METADATAENTRY(c:219)
2024-10-09 04:30:06,232 DEBUG server.RaftServer$Division (RaftServerImpl.java:logAppendEntries(1545)) - s6@group-BDFE845AF3B0: appendEntries* reply s9<-s6#8387:OK-t1,SUCCESS,nextIndex=218,followerCommit=215,matchIndex=217
2024-10-09 04:30:06,232 DEBUG server.RaftServer$Division (RaftServerImpl.java:logAppendEntries(1545)) - s5@group-BDFE845AF3B0: appendEntries* reply s9<-s5#8416:OK-t1,SUCCESS,nextIndex=220,followerCommit=218,matchIndex=219
2024-10-09 04:30:06,232 DEBUG server.RaftServer$Division (RaftServerImpl.java:logAppendEntries(1545)) - s4@group-BDFE845AF3B0: appendEntries* reply s9<-s4#8418:OK-t1,SUCCESS,nextIndex=220,followerCommit=218,matchIndex=219
2024-10-09 04:30:06,237 DEBUG server.RaftServer$Division (RaftServerImpl.java:logAppendEntries(1545)) - s6@group-BDFE845AF3B0: appendEntries* s9->s6#8443-t1,previous=(t:1, i:217),leaderCommit=219,initializing? false,entries: size=4, first=(t:1, i:218), METADATAENTRY(c:217)
2024-10-09 04:30:06,237 DEBUG server.RaftServer$Division (RaftServerImpl.java:logAppendEntries(1545)) - s4@group-BDFE845AF3B0: appendEntries* s9->s4#8444-t1,previous=(t:1, i:219),leaderCommit=219,initializing? false,entries: size=2, first=(t:1, i:220), METADATAENTRY(c:219)
2024-10-09 04:30:06,237 DEBUG server.RaftServer$Division (RaftServerImpl.java:logAppendEntries(1545)) - s2@group-BDFE845AF3B0: appendEntries* reply s9<-s2#8439:OK-t1,SUCCESS,nextIndex=222,followerCommit=219,matchIndex=221
2024-10-09 04:30:06,236 DEBUG server.RaftServer$Division (RaftServerImpl.java:logAppendEntries(1545)) - s13@group-BDFE845AF3B0: appendEntries* s9->s13#8442-t1,previous=(t:1, i:220),leaderCommit=219,initializing? false,entries: size=1, first=(t:1, i:221), STATEMACHINELOGENTRY, StateMachineLogEntryProto:8431@client-CAAA969A923D
2024-10-09 04:30:06,235 DEBUG server.RaftServer$Division (RaftServerImpl.java:logAppendEntries(1545)) - s8@group-BDFE845AF3B0: appendEntries* s9->s8#8440-t1,previous=(t:1, i:220),leaderCommit=219,initializing? false,entries: size=1, first=(t:1, i:221), STATEMACHINELOGENTRY, StateMachineLogEntryProto:8431@client-CAAA969A923D
2024-10-09 04:30:06,235 DEBUG server.RaftServer$Division (RaftServerImpl.java:logAppendEntries(1545)) - s12@group-BDFE845AF3B0: appendEntries* reply s9<-s12#8432:OK-t1,SUCCESS,nextIndex=221,followerCommit=219,matchIndex=220
2024-10-09 04:30:06,235 DEBUG server.RaftServer$Division (RaftServerImpl.java:logAppendEntries(1545)) - s10@group-BDFE845AF3B0: appendEntries* s9->s10#8438-t1,previous=(t:1, i:219),leaderCommit=219,initializing? false,entries: size=1, first=(t:1, i:220), METADATAENTRY(c:219)
2024-10-09 04:30:06,235 DEBUG server.RaftServer$Division (RaftServerImpl.java:logAppendEntries(1545)) - s1@group-BDFE845AF3B0: appendEntries* reply s9<-s1#8437:OK-t1,SUCCESS,nextIndex=221,followerCommit=219,matchIndex=220
2024-10-09 04:30:06,234 DEBUG server.RaftServer$Division (RaftServerImpl.java:logAppendEntries(1545)) - s11@group-BDFE845AF3B0: appendEntries* reply s9<-s11#8430:OK-t1,SUCCESS,nextIndex=221,followerCommit=219,matchIndex=220
2024-10-09 04:30:06,234 DEBUG server.RaftServer$Division (RaftServerImpl.java:logAppendEntries(1545)) - s7@group-BDFE845AF3B0: appendEntries* s9->s7#8436-t1,previous=(t:1, i:219),leaderCommit=219,initializing? false,entries: size=1, first=(t:1, i:220), METADATAENTRY(c:219)
2024-10-09 04:30:06,238 DEBUG server.RaftServer$Division (RaftServerImpl.java:logAppendEntries(1545)) - s1@group-BDFE845AF3B0: appendEntries* s9->s1#8447-t1,previous=(t:1, i:220),leaderCommit=219,initializing? false,entries: size=1, first=(t:1, i:221), STATEMACHINELOGENTRY, StateMachineLogEntryProto:8431@client-CAAA969A923D
2024-10-09 04:30:06,234 DEBUG server.RaftServer$Division (RaftServerImpl.java:logAppendEntries(1545)) - s14@group-BDFE845AF3B0: appendEntries* reply s9<-s14#8428:OK-t1,SUCCESS,nextIndex=221,followerCommit=219,matchIndex=220
2024-10-09 04:30:06,239 DEBUG server.RaftServer$Division (RaftServerImpl.java:logAppendEntries(1545)) - s7@group-BDFE845AF3B0: appendEntries* reply s9<-s7#8436:OK-t1,SUCCESS,nextIndex=221,followerCommit=219,matchIndex=220
2024-10-09 04:30:06,234 DEBUG server.RaftServer$Division (RaftServerImpl.java:logAppendEntries(1545)) - s0@group-BDFE845AF3B0: appendEntries* s9->s0#8435-t1,previous=(t:1, i:219),leaderCommit=219,initializing? false,entries: size=1, first=(t:1, i:220), METADATAENTRY(c:219)
2024-10-09 04:30:06,239 DEBUG server.RaftServer$Division (RaftServerImpl.java:logAppendEntries(1545)) - s11@group-BDFE845AF3B0: appendEntries* s9->s11#8448-t1,previous=(t:1, i:220),leaderCommit=219,initializing? false,entries: size=1, first=(t:1, i:221), STATEMACHINELOGENTRY, StateMachineLogEntryProto:8431@client-CAAA969A923D
2024-10-09 04:30:06,239 DEBUG server.RaftServer$Division (RaftServerImpl.java:logAppendEntries(1545)) - s14@group-BDFE845AF3B0: appendEntries* s9->s14#8449-t1,previous=(t:1, i:220),leaderCommit=220,initializing? false,entries: size=1, first=(t:1, i:221), STATEMACHINELOGENTRY, StateMachineLogEntryProto:8431@client-CAAA969A923D
2024-10-09 04:30:06,239 DEBUG server.RaftServer$Division (RaftServerImpl.java:logAppendEntries(1545)) - s6@group-BDFE845AF3B0: appendEntries* reply s9<-s6#8443:OK-t1,SUCCESS,nextIndex=222,followerCommit=219,matchIndex=221
2024-10-09 04:30:06,239 DEBUG server.RaftServer$Division (RaftServerImpl.java:logAppendEntries(1545)) - s1@group-BDFE845AF3B0: appendEntries* reply s9<-s1#8447:OK-t1,SUCCESS,nextIndex=222,followerCommit=219,matchIndex=221
2024-10-09 04:30:06,238 DEBUG server.RaftServer$Division (RaftServerImpl.java:logAppendEntries(1545)) - s8@group-BDFE845AF3B0: appendEntries* reply s9<-s8#8440:OK-t1,SUCCESS,nextIndex=222,followerCommit=219,matchIndex=221
2024-10-09 04:30:06,238 DEBUG server.RaftServer$Division (RaftServerImpl.java:logAppendEntries(1545)) - s13@group-BDFE845AF3B0: appendEntries* reply s9<-s13#8442:OK-t1,SUCCESS,nextIndex=222,followerCommit=219,matchIndex=221
2024-10-09 04:30:06,239 DEBUG server.RaftServer$Division (RaftServerImpl.java:logAppendEntries(1545)) - s7@group-BDFE845AF3B0: appendEntries* s9->s7#8450-t1,previous=(t:1, i:220),leaderCommit=220,initializing? false,entries: size=1, first=(t:1, i:221), STATEMACHINELOGENTRY, StateMachineLogEntryProto:8431@client-CAAA969A923D
2024-10-09 04:30:06,240 DEBUG server.RaftServer$Division (RaftServerImpl.java:logAppendEntries(1545)) - s0@group-BDFE845AF3B0: appendEntries* reply s9<-s0#8435:OK-t1,SUCCESS,nextIndex=221,followerCommit=219,matchIndex=220
2024-10-09 04:30:06,240 DEBUG server.RaftServer$Division (RaftServerImpl.java:logAppendEntries(1545)) - s14@group-BDFE845AF3B0: appendEntries* reply s9<-s14#8449:OK-t1,SUCCESS,nextIndex=222,followerCommit=220,matchIndex=221
2024-10-09 04:30:06,240 DEBUG server.RaftServer$Division (RaftServerImpl.java:logAppendEntries(1545)) - s11@group-BDFE845AF3B0: appendEntries* reply s9<-s11#8448:OK-t1,SUCCESS,nextIndex=222,followerCommit=219,matchIndex=221
2024-10-09 04:30:06,240 DEBUG server.RaftServer$Division (RaftServerImpl.java:logAppendEntries(1545)) - s0@group-BDFE845AF3B0: appendEntries* s9->s0#8451-t1,previous=(t:1, i:220),leaderCommit=220,initializing? false,entries: size=1, first=(t:1, i:221), STATEMACHINELOGENTRY, StateMachineLogEntryProto:8431@client-CAAA969A923D
2024-10-09 04:30:06,240 INFO  statemachine.StateMachine (ArithmeticStateMachine.java:applyTransaction(181)) - LEADER:s9-221: c = √(a^2 + b^2) = 6845
2024-10-09 04:30:06,240 DEBUG server.RaftServer$Division (RaftServerImpl.java:logAppendEntries(1545)) - s7@group-BDFE845AF3B0: appendEntries* reply s9<-s7#8450:OK-t1,SUCCESS,nextIndex=222,followerCommit=220,matchIndex=221
2024-10-09 04:30:06,240 DEBUG server.RaftServer$Division (RaftServerImpl.java:logAppendEntries(1545)) - s1@group-BDFE845AF3B0: appendEntries* s9->s1#8452-t1,previous=(t:1, i:221),leaderCommit=221,initializing? false,entries: size=1, first=(t:1, i:222), METADATAENTRY(c:221)
2024-10-09 04:30:06,241 DEBUG server.RaftServer$Division (RaftServerImpl.java:logAppendEntries(1545)) - s8@group-BDFE845AF3B0: appendEntries* s9->s8#8456-t1,previous=(t:1, i:221),leaderCommit=221,initializing? false,entries: size=1, first=(t:1, i:222), METADATAENTRY(c:221)
2024-10-09 04:30:06,238 DEBUG server.RaftServer$Division (RaftServerImpl.java:logAppendEntries(1545)) - s12@group-BDFE845AF3B0: appendEntries* s9->s12#8446-t1,previous=(t:1, i:220),leaderCommit=219,initializing? false,entries: size=1, first=(t:1, i:221), STATEMACHINELOGENTRY, StateMachineLogEntryProto:8431@client-CAAA969A923D
2024-10-09 04:30:06,241 DEBUG server.RaftServer$Division (RaftServerImpl.java:logAppendEntries(1545)) - s3@group-BDFE845AF3B0: appendEntries* s9->s3#8458-t1,previous=(t:1, i:221),leaderCommit=221,initializing? false,entries: size=1, first=(t:1, i:222), METADATAENTRY(c:221)
2024-10-09 04:30:06,237 DEBUG server.RaftServer$Division (RaftServerImpl.java:logAppendEntries(1545)) - s4@group-BDFE845AF3B0: appendEntries* reply s9<-s4#8444:OK-t1,SUCCESS,nextIndex=222,followerCommit=219,matchIndex=221
2024-10-09 04:30:06,237 DEBUG server.RaftServer$Division (RaftServerImpl.java:logAppendEntries(1545)) - s5@group-BDFE845AF3B0: appendEntries* s9->s5#8445-t1,previous=(t:1, i:219),leaderCommit=219,initializing? false,entries: size=2, first=(t:1, i:220), METADATAENTRY(c:219)
2024-10-09 04:30:06,242 DEBUG server.RaftServer$Division (RaftServerImpl.java:logAppendEntries(1545)) - s3@group-BDFE845AF3B0: appendEntries* reply s9<-s3#8458:OK-t1,SUCCESS,nextIndex=223,followerCommit=221,matchIndex=222
2024-10-09 04:30:06,242 DEBUG server.RaftServer$Division (RaftServerImpl.java:logAppendEntries(1545)) - s12@group-BDFE845AF3B0: appendEntries* reply s9<-s12#8446:OK-t1,SUCCESS,nextIndex=222,followerCommit=219,matchIndex=221
2024-10-09 04:30:06,242 DEBUG server.RaftServer$Division (RaftServerImpl.java:logAppendEntries(1545)) - s13@group-BDFE845AF3B0: appendEntries* s9->s13#8457-t1,previous=(t:1, i:221),leaderCommit=221,initializing? false,entries: size=1, first=(t:1, i:222), METADATAENTRY(c:221)
2024-10-09 04:30:06,241 DEBUG server.RaftServer$Division (RaftServerImpl.java:logAppendEntries(1545)) - s7@group-BDFE845AF3B0: appendEntries* s9->s7#8460-t1,previous=(t:1, i:221),leaderCommit=221,initializing? false,entries: size=1, first=(t:1, i:222), METADATAENTRY(c:221)
2024-10-09 04:30:06,242 DEBUG server.RaftServer$Division (RaftServerImpl.java:logAppendEntries(1545)) - s6@group-BDFE845AF3B0: appendEntries* s9->s6#8454-t1,previous=(t:1, i:221),leaderCommit=221,initializing? false,entries: size=1, first=(t:1, i:222), METADATAENTRY(c:221)
2024-10-09 04:30:06,241 DEBUG server.RaftServer$Division (RaftServerImpl.java:logAppendEntries(1545)) - s11@group-BDFE845AF3B0: appendEntries* s9->s11#8455-t1,previous=(t:1, i:221),leaderCommit=221,initializing? false,entries: size=1, first=(t:1, i:222), METADATAENTRY(c:221)
2024-10-09 04:30:06,241 DEBUG server.RaftServer$Division (RaftServerImpl.java:logAppendEntries(1545)) - s0@group-BDFE845AF3B0: appendEntries* reply s9<-s0#8451:OK-t1,SUCCESS,nextIndex=222,followerCommit=220,matchIndex=221
2024-10-09 04:30:06,241 DEBUG server.RaftServer$Division (RaftServerImpl.java:logAppendEntries(1545)) - s1@group-BDFE845AF3B0: appendEntries* reply s9<-s1#8452:OK-t1,SUCCESS,nextIndex=223,followerCommit=221,matchIndex=222
2024-10-09 04:30:06,240 DEBUG server.RaftServer$Division (RaftServerImpl.java:logAppendEntries(1545)) - s14@group-BDFE845AF3B0: appendEntries* s9->s14#8453-t1,previous=(t:1, i:221),leaderCommit=221,initializing? false,entries: size=1, first=(t:1, i:222), METADATAENTRY(c:221)
2024-10-09 04:30:06,243 DEBUG server.RaftServer$Division (RaftServerImpl.java:logAppendEntries(1545)) - s13@group-BDFE845AF3B0: appendEntries* reply s9<-s13#8457:OK-t1,SUCCESS,nextIndex=223,followerCommit=221,matchIndex=222
2024-10-09 04:30:06,239 DEBUG server.RaftServer$Division (RaftServerImpl.java:logAppendEntries(1545)) - s10@group-BDFE845AF3B0: appendEntries* reply s9<-s10#8438:OK-t1,SUCCESS,nextIndex=221,followerCommit=219,matchIndex=220
2024-10-09 04:30:06,243 DEBUG server.RaftServer$Division (RaftServerImpl.java:submitClientRequestAsync(916)) - s9@group-BDFE845AF3B0: receive client request(RaftClientRequest:client-CAAA969A923D->s9@group-BDFE845AF3B0, cid=8463, seq=null, RW, Message:01016100)
2024-10-09 04:30:06,243 DEBUG server.RaftServer$Division (LeaderStateImpl.java:addPendingRequest(529)) - s9@group-BDFE845AF3B0-LeaderStateImpl: addPendingRequest at RaftClientRequest:client-CAAA969A923D->s9@group-BDFE845AF3B0, cid=8463, seq=null, RW, Message:01016100, entry=(t:1, i:223), STATEMACHINELOGENTRY, WRITE: logData.size=4, stateMachineData.size=0, logEntryProtoSerializedSize=0
2024-10-09 04:30:06,243 DEBUG server.RaftServer$Division (RaftServerImpl.java:logAppendEntries(1545)) - s0@group-BDFE845AF3B0: appendEntries* s9->s0#8464-t1,previous=(t:1, i:221),leaderCommit=221,initializing? false,entries: size=1, first=(t:1, i:222), METADATAENTRY(c:221)
2024-10-09 04:30:06,243 DEBUG server.RaftServer$Division (RaftServerImpl.java:logAppendEntries(1545)) - s7@group-BDFE845AF3B0: appendEntries* reply s9<-s7#8460:OK-t1,SUCCESS,nextIndex=223,followerCommit=221,matchIndex=222
2024-10-09 04:30:06,244 DEBUG server.RaftServer$Division (RaftServerImpl.java:logAppendEntries(1545)) - s13@group-BDFE845AF3B0: appendEntries* s9->s13#8466-t1,previous=(t:1, i:222),leaderCommit=221,initializing? false,entries: size=1, first=(t:1, i:223), STATEMACHINELOGENTRY, StateMachineLogEntryProto:8463@client-CAAA969A923D
2024-10-09 04:30:06,242 DEBUG server.RaftServer$Division (RaftServerImpl.java:logAppendEntries(1545)) - s12@group-BDFE845AF3B0: appendEntries* s9->s12#8462-t1,previous=(t:1, i:221),leaderCommit=221,initializing? false,entries: size=1, first=(t:1, i:222), METADATAENTRY(c:221)
2024-10-09 04:30:06,242 DEBUG server.RaftServer$Division (RaftServerImpl.java:logAppendEntries(1545)) - s4@group-BDFE845AF3B0: appendEntries* s9->s4#8461-t1,previous=(t:1, i:221),leaderCommit=221,initializing? false,entries: size=1, first=(t:1, i:222), METADATAENTRY(c:221)
2024-10-09 04:30:06,242 DEBUG server.RaftServer$Division (RaftServerImpl.java:logAppendEntries(1545)) - s2@group-BDFE845AF3B0: appendEntries* s9->s2#8459-t1,previous=(t:1, i:221),leaderCommit=221,initializing? false,entries: size=1, first=(t:1, i:222), METADATAENTRY(c:221)
2024-10-09 04:30:06,242 DEBUG server.RaftServer$Division (RaftServerImpl.java:logAppendEntries(1545)) - s5@group-BDFE845AF3B0: appendEntries* reply s9<-s5#8445:OK-t1,SUCCESS,nextIndex=222,followerCommit=219,matchIndex=221
2024-10-09 04:30:06,242 DEBUG server.RaftServer$Division (RaftServerImpl.java:logAppendEntries(1545)) - s8@group-BDFE845AF3B0: appendEntries* reply s9<-s8#8456:OK-t1,SUCCESS,nextIndex=223,followerCommit=221,matchIndex=222
2024-10-09 04:30:06,244 DEBUG server.RaftServer$Division (RaftServerImpl.java:logAppendEntries(1545)) - s1@group-BDFE845AF3B0: appendEntries* s9->s1#8467-t1,previous=(t:1, i:222),leaderCommit=221,initializing? false,entries: size=1, first=(t:1, i:223), STATEMACHINELOGENTRY, StateMachineLogEntryProto:8463@client-CAAA969A923D
2024-10-09 04:30:06,243 DEBUG server.RaftServer$Division (RaftServerImpl.java:logAppendEntries(1545)) - s10@group-BDFE845AF3B0: appendEntries* s9->s10#8465-t1,previous=(t:1, i:220),leaderCommit=221,initializing? false,entries: size=2, first=(t:1, i:221), STATEMACHINELOGENTRY, StateMachineLogEntryProto:8431@client-CAAA969A923D
2024-10-09 04:30:06,245 DEBUG server.RaftServer$Division (RaftServerImpl.java:logAppendEntries(1545)) - s4@group-BDFE845AF3B0: appendEntries* reply s9<-s4#8461:OK-t1,SUCCESS,nextIndex=223,followerCommit=221,matchIndex=222
2024-10-09 04:30:06,245 DEBUG server.RaftServer$Division (RaftServerImpl.java:logAppendEntries(1545)) - s12@group-BDFE845AF3B0: appendEntries* reply s9<-s12#8462:OK-t1,SUCCESS,nextIndex=223,followerCommit=221,matchIndex=222
2024-10-09 04:30:06,245 DEBUG server.RaftServer$Division (RaftServerImpl.java:logAppendEntries(1545)) - s1@group-BDFE845AF3B0: appendEntries* reply s9<-s1#8467:OK-t1,SUCCESS,nextIndex=224,followerCommit=221,matchIndex=223
2024-10-09 04:30:06,245 DEBUG server.RaftServer$Division (RaftServerImpl.java:logAppendEntries(1545)) - s6@group-BDFE845AF3B0: appendEntries* reply s9<-s6#8454:OK-t1,SUCCESS,nextIndex=223,followerCommit=221,matchIndex=222
2024-10-09 04:30:06,245 DEBUG server.RaftServer$Division (RaftServerImpl.java:logAppendEntries(1545)) - s7@group-BDFE845AF3B0: appendEntries* s9->s7#8469-t1,previous=(t:1, i:222),leaderCommit=221,initializing? false,entries: size=1, first=(t:1, i:223), STATEMACHINELOGENTRY, StateMachineLogEntryProto:8463@client-CAAA969A923D
2024-10-09 04:30:06,245 DEBUG server.RaftServer$Division (RaftServerImpl.java:logAppendEntries(1545)) - s4@group-BDFE845AF3B0: appendEntries* s9->s4#8471-t1,previous=(t:1, i:222),leaderCommit=221,initializing? false,entries: size=1, first=(t:1, i:223), STATEMACHINELOGENTRY, StateMachineLogEntryProto:8463@client-CAAA969A923D
2024-10-09 04:30:06,245 DEBUG server.RaftServer$Division (RaftServerImpl.java:logAppendEntries(1545)) - s13@group-BDFE845AF3B0: appendEntries* reply s9<-s13#8466:OK-t1,SUCCESS,nextIndex=224,followerCommit=221,matchIndex=223
2024-10-09 04:30:06,245 DEBUG server.RaftServer$Division (RaftServerImpl.java:logAppendEntries(1545)) - s0@group-BDFE845AF3B0: appendEntries* reply s9<-s0#8464:OK-t1,SUCCESS,nextIndex=223,followerCommit=221,matchIndex=222
2024-10-09 04:30:06,245 DEBUG server.RaftServer$Division (RaftServerImpl.java:logAppendEntries(1545)) - s14@group-BDFE845AF3B0: appendEntries* reply s9<-s14#8453:OK-t1,SUCCESS,nextIndex=223,followerCommit=221,matchIndex=222
2024-10-09 04:30:06,245 DEBUG server.RaftServer$Division (RaftServerImpl.java:logAppendEntries(1545)) - s2@group-BDFE845AF3B0: appendEntries* reply s9<-s2#8459:OK-t1,SUCCESS,nextIndex=223,followerCommit=221,matchIndex=222
2024-10-09 04:30:06,246 DEBUG server.RaftServer$Division (RaftServerImpl.java:logAppendEntries(1545)) - s4@group-BDFE845AF3B0: appendEntries* reply s9<-s4#8471:OK-t1,SUCCESS,nextIndex=224,followerCommit=221,matchIndex=223
2024-10-09 04:30:06,246 DEBUG server.RaftServer$Division (RaftServerImpl.java:logAppendEntries(1545)) - s7@group-BDFE845AF3B0: appendEntries* reply s9<-s7#8469:OK-t1,SUCCESS,nextIndex=224,followerCommit=221,matchIndex=223
2024-10-09 04:30:06,245 DEBUG server.RaftServer$Division (RaftServerImpl.java:logAppendEntries(1545)) - s11@group-BDFE845AF3B0: appendEntries* reply s9<-s11#8455:OK-t1,SUCCESS,nextIndex=223,followerCommit=221,matchIndex=222
2024-10-09 04:30:06,246 DEBUG server.RaftServer$Division (RaftServerImpl.java:logAppendEntries(1545)) - s10@group-BDFE845AF3B0: appendEntries* reply s9<-s10#8465:OK-t1,SUCCESS,nextIndex=223,followerCommit=221,matchIndex=222
2024-10-09 04:30:06,246 DEBUG server.RaftServer$Division (RaftServerImpl.java:logAppendEntries(1545)) - s14@group-BDFE845AF3B0: appendEntries* s9->s14#8474-t1,previous=(t:1, i:222),leaderCommit=221,initializing? false,entries: size=1, first=(t:1, i:223), STATEMACHINELOGENTRY, StateMachineLogEntryProto:8463@client-CAAA969A923D
2024-10-09 04:30:06,246 DEBUG server.RaftServer$Division (RaftServerImpl.java:logAppendEntries(1545)) - s8@group-BDFE845AF3B0: appendEntries* s9->s8#8472-t1,previous=(t:1, i:222),leaderCommit=221,initializing? false,entries: size=1, first=(t:1, i:223), STATEMACHINELOGENTRY, StateMachineLogEntryProto:8463@client-CAAA969A923D
2024-10-09 04:30:06,245 DEBUG server.RaftServer$Division (RaftServerImpl.java:logAppendEntries(1545)) - s5@group-BDFE845AF3B0: appendEntries* s9->s5#8470-t1,previous=(t:1, i:221),leaderCommit=221,initializing? false,entries: size=2, first=(t:1, i:222), METADATAENTRY(c:221)
2024-10-09 04:30:06,245 DEBUG server.RaftServer$Division (RaftServerImpl.java:logAppendEntries(1545)) - s3@group-BDFE845AF3B0: appendEntries* s9->s3#8468-t1,previous=(t:1, i:222),leaderCommit=221,initializing? false,entries: size=1, first=(t:1, i:223), STATEMACHINELOGENTRY, StateMachineLogEntryProto:8463@client-CAAA969A923D
2024-10-09 04:30:06,247 DEBUG server.RaftServer$Division (RaftServerImpl.java:logAppendEntries(1545)) - s11@group-BDFE845AF3B0: appendEntries* s9->s11#8478-t1,previous=(t:1, i:222),leaderCommit=222,initializing? false,entries: size=1, first=(t:1, i:223), STATEMACHINELOGENTRY, StateMachineLogEntryProto:8463@client-CAAA969A923D
2024-10-09 04:30:06,247 DEBUG server.RaftServer$Division (RaftServerImpl.java:logAppendEntries(1545)) - s12@group-BDFE845AF3B0: appendEntries* s9->s12#8475-t1,previous=(t:1, i:222),leaderCommit=222,initializing? false,entries: size=1, first=(t:1, i:223), STATEMACHINELOGENTRY, StateMachineLogEntryProto:8463@client-CAAA969A923D
2024-10-09 04:30:06,247 DEBUG server.RaftServer$Division (RaftServerImpl.java:logAppendEntries(1545)) - s2@group-BDFE845AF3B0: appendEntries* s9->s2#8479-t1,previous=(t:1, i:222),leaderCommit=222,initializing? false,entries: size=1, first=(t:1, i:223), STATEMACHINELOGENTRY, StateMachineLogEntryProto:8463@client-CAAA969A923D
2024-10-09 04:30:06,247 DEBUG server.RaftServer$Division (RaftServerImpl.java:logAppendEntries(1545)) - s5@group-BDFE845AF3B0: appendEntries* reply s9<-s5#8470:OK-t1,SUCCESS,nextIndex=224,followerCommit=221,matchIndex=223
2024-10-09 04:30:06,247 DEBUG server.RaftServer$Division (RaftServerImpl.java:logAppendEntries(1545)) - s14@group-BDFE845AF3B0: appendEntries* reply s9<-s14#8474:OK-t1,SUCCESS,nextIndex=224,followerCommit=221,matchIndex=223
2024-10-09 04:30:06,248 DEBUG server.RaftServer$Division (RaftServerImpl.java:logAppendEntries(1545)) - s12@group-BDFE845AF3B0: appendEntries* reply s9<-s12#8475:OK-t1,SUCCESS,nextIndex=224,followerCommit=222,matchIndex=223
2024-10-09 04:30:06,247 DEBUG server.RaftServer$Division (RaftServerImpl.java:logAppendEntries(1545)) - s0@group-BDFE845AF3B0: appendEntries* s9->s0#8476-t1,previous=(t:1, i:222),leaderCommit=222,initializing? false,entries: size=1, first=(t:1, i:223), STATEMACHINELOGENTRY, StateMachineLogEntryProto:8463@client-CAAA969A923D
2024-10-09 04:30:06,248 DEBUG server.RaftServer$Division (RaftServerImpl.java:logAppendEntries(1545)) - s2@group-BDFE845AF3B0: appendEntries* reply s9<-s2#8479:OK-t1,SUCCESS,nextIndex=224,followerCommit=222,matchIndex=223
2024-10-09 04:30:06,248 DEBUG server.RaftServer$Division (RaftServerImpl.java:logAppendEntries(1545)) - s3@group-BDFE845AF3B0: appendEntries* reply s9<-s3#8468:OK-t1,SUCCESS,nextIndex=224,followerCommit=221,matchIndex=223
2024-10-09 04:30:06,248 DEBUG server.RaftServer$Division (RaftServerImpl.java:logAppendEntries(1545)) - s0@group-BDFE845AF3B0: appendEntries* reply s9<-s0#8476:OK-t1,SUCCESS,nextIndex=224,followerCommit=222,matchIndex=223
2024-10-09 04:30:06,248 DEBUG server.RaftServer$Division (RaftServerImpl.java:logAppendEntries(1545)) - s11@group-BDFE845AF3B0: appendEntries* reply s9<-s11#8478:OK-t1,SUCCESS,nextIndex=224,followerCommit=222,matchIndex=223
2024-10-09 04:30:06,249 INFO  statemachine.StateMachine (ArithmeticStateMachine.java:applyTransaction(181)) - LEADER:s9-223: a = null = null
2024-10-09 04:30:06,249 DEBUG server.RaftServer$Division (RaftServerImpl.java:logAppendEntries(1545)) - s14@group-BDFE845AF3B0: appendEntries* s9->s14#8486-t1,previous=(t:1, i:223),leaderCommit=223,initializing? false,entries: size=1, first=(t:1, i:224), METADATAENTRY(c:223)
2024-10-09 04:30:06,249 DEBUG server.RaftServer$Division (RaftServerImpl.java:logAppendEntries(1545)) - s5@group-BDFE845AF3B0: appendEntries* s9->s5#8483-t1,previous=(t:1, i:223),leaderCommit=223,initializing? false,entries: size=1, first=(t:1, i:224), METADATAENTRY(c:223)
2024-10-09 04:30:06,249 DEBUG server.RaftServer$Division (RaftServerImpl.java:logAppendEntries(1545)) - s2@group-BDFE845AF3B0: appendEntries* s9->s2#8488-t1,previous=(t:1, i:223),leaderCommit=223,initializing? false,entries: size=1, first=(t:1, i:224), METADATAENTRY(c:223)
2024-10-09 04:30:06,249 DEBUG server.RaftServer$Division (RaftServerImpl.java:logAppendEntries(1545)) - s5@group-BDFE845AF3B0: appendEntries* reply s9<-s5#8483:OK-t1,SUCCESS,nextIndex=225,followerCommit=223,matchIndex=224
2024-10-09 04:30:06,250 DEBUG server.RaftServer$Division (RaftServerImpl.java:logAppendEntries(1545)) - s7@group-BDFE845AF3B0: appendEntries* s9->s7#8480-t1,previous=(t:1, i:223),leaderCommit=223,initializing? false,entries: size=1, first=(t:1, i:224), METADATAENTRY(c:223)
2024-10-09 04:30:06,250 DEBUG server.RaftServer$Division (RaftServerImpl.java:logAppendEntries(1545)) - s3@group-BDFE845AF3B0: appendEntries* s9->s3#8481-t1,previous=(t:1, i:223),leaderCommit=223,initializing? false,entries: size=1, first=(t:1, i:224), METADATAENTRY(c:223)
2024-10-09 04:30:06,250 DEBUG server.RaftServer$Division (RaftServerImpl.java:logAppendEntries(1545)) - s12@group-BDFE845AF3B0: appendEntries* s9->s12#8487-t1,previous=(t:1, i:223),leaderCommit=223,initializing? false,entries: size=1, first=(t:1, i:224), METADATAENTRY(c:223)
2024-10-09 04:30:06,247 DEBUG server.RaftServer$Division (RaftServerImpl.java:logAppendEntries(1545)) - s10@group-BDFE845AF3B0: appendEntries* s9->s10#8477-t1,previous=(t:1, i:222),leaderCommit=222,initializing? false,entries: size=1, first=(t:1, i:223), STATEMACHINELOGENTRY, StateMachineLogEntryProto:8463@client-CAAA969A923D
2024-10-09 04:30:06,247 DEBUG server.RaftServer$Division (RaftServerImpl.java:logAppendEntries(1545)) - s8@group-BDFE845AF3B0: appendEntries* reply s9<-s8#8472:OK-t1,SUCCESS,nextIndex=224,followerCommit=221,matchIndex=223
2024-10-09 04:30:06,250 DEBUG server.RaftServer$Division (RaftServerImpl.java:logAppendEntries(1545)) - s3@group-BDFE845AF3B0: appendEntries* reply s9<-s3#8481:OK-t1,SUCCESS,nextIndex=225,followerCommit=223,matchIndex=224
2024-10-09 04:30:06,251 DEBUG server.RaftServer$Division (RaftServerImpl.java:logAppendEntries(1545)) - s8@group-BDFE845AF3B0: appendEntries* s9->s8#8492-t1,previous=(t:1, i:223),leaderCommit=223,initializing? false,entries: size=1, first=(t:1, i:224), METADATAENTRY(c:223)
2024-10-09 04:30:06,250 DEBUG server.RaftServer$Division (RaftServerImpl.java:logAppendEntries(1545)) - s13@group-BDFE845AF3B0: appendEntries* s9->s13#8485-t1,previous=(t:1, i:223),leaderCommit=223,initializing? false,entries: size=1, first=(t:1, i:224), METADATAENTRY(c:223)
2024-10-09 04:30:06,250 DEBUG server.RaftServer$Division (RaftServerImpl.java:logAppendEntries(1545)) - s7@group-BDFE845AF3B0: appendEntries* reply s9<-s7#8480:OK-t1,SUCCESS,nextIndex=225,followerCommit=223,matchIndex=224
2024-10-09 04:30:06,250 DEBUG server.RaftServer$Division (RaftServerImpl.java:logAppendEntries(1545)) - s2@group-BDFE845AF3B0: appendEntries* reply s9<-s2#8488:OK-t1,SUCCESS,nextIndex=225,followerCommit=223,matchIndex=224
2024-10-09 04:30:06,250 DEBUG server.RaftServer$Division (RaftServerImpl.java:logAppendEntries(1545)) - s6@group-BDFE845AF3B0: appendEntries* s9->s6#8473-t1,previous=(t:1, i:222),leaderCommit=221,initializing? false,entries: size=1, first=(t:1, i:223), STATEMACHINELOGENTRY, StateMachineLogEntryProto:8463@client-CAAA969A923D
2024-10-09 04:30:06,250 DEBUG server.RaftServer$Division (RaftServerImpl.java:logAppendEntries(1545)) - s0@group-BDFE845AF3B0: appendEntries* s9->s0#8490-t1,previous=(t:1, i:223),leaderCommit=223,initializing? false,entries: size=1, first=(t:1, i:224), METADATAENTRY(c:223)
2024-10-09 04:30:06,249 DEBUG server.RaftServer$Division (RaftServerImpl.java:logAppendEntries(1545)) - s14@group-BDFE845AF3B0: appendEntries* reply s9<-s14#8486:OK-t1,SUCCESS,nextIndex=225,followerCommit=223,matchIndex=224
2024-10-09 04:30:06,249 DEBUG server.RaftServer$Division (RaftServerImpl.java:logAppendEntries(1545)) - s11@group-BDFE845AF3B0: appendEntries* s9->s11#8489-t1,previous=(t:1, i:223),leaderCommit=223,initializing? false,entries: size=1, first=(t:1, i:224), METADATAENTRY(c:223)
2024-10-09 04:30:06,249 DEBUG server.RaftServer$Division (RaftServerImpl.java:logAppendEntries(1545)) - s4@group-BDFE845AF3B0: appendEntries* s9->s4#8484-t1,previous=(t:1, i:223),leaderCommit=223,initializing? false,entries: size=1, first=(t:1, i:224), METADATAENTRY(c:223)
2024-10-09 04:30:06,249 DEBUG server.RaftServer$Division (RaftServerImpl.java:logAppendEntries(1545)) - s1@group-BDFE845AF3B0: appendEntries* s9->s1#8482-t1,previous=(t:1, i:223),leaderCommit=223,initializing? false,entries: size=1, first=(t:1, i:224), METADATAENTRY(c:223)
2024-10-09 04:30:06,252 DEBUG server.RaftServer$Division (RaftServerImpl.java:logAppendEntries(1545)) - s0@group-BDFE845AF3B0: appendEntries* reply s9<-s0#8490:OK-t1,SUCCESS,nextIndex=225,followerCommit=223,matchIndex=224
2024-10-09 04:30:06,251 DEBUG server.RaftServer$Division (RaftServerImpl.java:logAppendEntries(1545)) - s8@group-BDFE845AF3B0: appendEntries* reply s9<-s8#8492:OK-t1,SUCCESS,nextIndex=225,followerCommit=223,matchIndex=224
2024-10-09 04:30:06,251 DEBUG server.RaftServer$Division (RaftServerImpl.java:submitClientRequestAsync(916)) - s9@group-BDFE845AF3B0: receive client request(RaftClientRequest:client-CAAA969A923D->s9@group-BDFE845AF3B0, cid=8491, seq=null, RW, Message:01016200)
2024-10-09 04:30:06,251 DEBUG server.RaftServer$Division (RaftServerImpl.java:logAppendEntries(1545)) - s10@group-BDFE845AF3B0: appendEntries* reply s9<-s10#8477:OK-t1,SUCCESS,nextIndex=224,followerCommit=222,matchIndex=223
2024-10-09 04:30:06,252 DEBUG server.RaftServer$Division (RaftServerImpl.java:logAppendEntries(1545)) - s6@group-BDFE845AF3B0: appendEntries* reply s9<-s6#8473:OK-t1,SUCCESS,nextIndex=224,followerCommit=221,matchIndex=223
2024-10-09 04:30:06,250 DEBUG server.RaftServer$Division (RaftServerImpl.java:logAppendEntries(1545)) - s12@group-BDFE845AF3B0: appendEntries* reply s9<-s12#8487:OK-t1,SUCCESS,nextIndex=225,followerCommit=223,matchIndex=224
2024-10-09 04:30:06,253 DEBUG server.RaftServer$Division (RaftServerImpl.java:logAppendEntries(1545)) - s5@group-BDFE845AF3B0: appendEntries* s9->s5#8494-t1,previous=(t:1, i:224),leaderCommit=223,initializing? false,entries: size=1, first=(t:1, i:225), STATEMACHINELOGENTRY, StateMachineLogEntryProto:8491@client-CAAA969A923D
2024-10-09 04:30:06,253 DEBUG server.RaftServer$Division (RaftServerImpl.java:logAppendEntries(1545)) - s1@group-BDFE845AF3B0: appendEntries* reply s9<-s1#8482:OK-t1,SUCCESS,nextIndex=225,followerCommit=223,matchIndex=224
2024-10-09 04:30:06,253 DEBUG server.RaftServer$Division (RaftServerImpl.java:logAppendEntries(1545)) - s14@group-BDFE845AF3B0: appendEntries* s9->s14#8496-t1,previous=(t:1, i:224),leaderCommit=223,initializing? false,entries: size=1, first=(t:1, i:225), STATEMACHINELOGENTRY, StateMachineLogEntryProto:8491@client-CAAA969A923D
2024-10-09 04:30:06,253 DEBUG server.RaftServer$Division (RaftServerImpl.java:logAppendEntries(1545)) - s0@group-BDFE845AF3B0: appendEntries* s9->s0#8499-t1,previous=(t:1, i:224),leaderCommit=223,initializing? false,entries: size=1, first=(t:1, i:225), STATEMACHINELOGENTRY, StateMachineLogEntryProto:8491@client-CAAA969A923D
2024-10-09 04:30:06,253 DEBUG server.RaftServer$Division (RaftServerImpl.java:logAppendEntries(1545)) - s5@group-BDFE845AF3B0: appendEntries* reply s9<-s5#8494:OK-t1,SUCCESS,nextIndex=226,followerCommit=223,matchIndex=225
2024-10-09 04:30:06,253 DEBUG server.RaftServer$Division (RaftServerImpl.java:logAppendEntries(1545)) - s2@group-BDFE845AF3B0: appendEntries* s9->s2#8498-t1,previous=(t:1, i:224),leaderCommit=223,initializing? false,entries: size=1, first=(t:1, i:225), STATEMACHINELOGENTRY, StateMachineLogEntryProto:8491@client-CAAA969A923D
2024-10-09 04:30:06,253 DEBUG server.RaftServer$Division (RaftServerImpl.java:logAppendEntries(1545)) - s14@group-BDFE845AF3B0: appendEntries* reply s9<-s14#8496:OK-t1,SUCCESS,nextIndex=226,followerCommit=223,matchIndex=225
2024-10-09 04:30:06,252 DEBUG server.RaftServer$Division (RaftServerImpl.java:logAppendEntries(1545)) - s11@group-BDFE845AF3B0: appendEntries* reply s9<-s11#8489:OK-t1,SUCCESS,nextIndex=225,followerCommit=223,matchIndex=224
2024-10-09 04:30:06,252 DEBUG server.RaftServer$Division (RaftServerImpl.java:logAppendEntries(1545)) - s4@group-BDFE845AF3B0: appendEntries* reply s9<-s4#8484:OK-t1,SUCCESS,nextIndex=225,followerCommit=223,matchIndex=224
2024-10-09 04:30:06,254 DEBUG server.RaftServer$Division (RaftServerImpl.java:logAppendEntries(1545)) - s2@group-BDFE845AF3B0: appendEntries* reply s9<-s2#8498:OK-t1,SUCCESS,nextIndex=226,followerCommit=223,matchIndex=225
2024-10-09 04:30:06,254 DEBUG server.RaftServer$Division (RaftServerImpl.java:logAppendEntries(1545)) - s7@group-BDFE845AF3B0: appendEntries* s9->s7#8497-t1,previous=(t:1, i:224),leaderCommit=223,initializing? false,entries: size=1, first=(t:1, i:225), STATEMACHINELOGENTRY, StateMachineLogEntryProto:8491@client-CAAA969A923D
2024-10-09 04:30:06,253 DEBUG server.RaftServer$Division (RaftServerImpl.java:logAppendEntries(1545)) - s8@group-BDFE845AF3B0: appendEntries* s9->s8#8495-t1,previous=(t:1, i:224),leaderCommit=223,initializing? false,entries: size=1, first=(t:1, i:225), STATEMACHINELOGENTRY, StateMachineLogEntryProto:8491@client-CAAA969A923D
2024-10-09 04:30:06,253 DEBUG server.RaftServer$Division (RaftServerImpl.java:logAppendEntries(1545)) - s0@group-BDFE845AF3B0: appendEntries* reply s9<-s0#8499:OK-t1,SUCCESS,nextIndex=226,followerCommit=223,matchIndex=225
2024-10-09 04:30:06,253 DEBUG server.RaftServer$Division (RaftServerImpl.java:logAppendEntries(1545)) - s10@group-BDFE845AF3B0: appendEntries* s9->s10#8500-t1,previous=(t:1, i:223),leaderCommit=223,initializing? false,entries: size=2, first=(t:1, i:224), METADATAENTRY(c:223)
2024-10-09 04:30:06,253 DEBUG server.RaftServer$Division (RaftServerImpl.java:logAppendEntries(1545)) - s1@group-BDFE845AF3B0: appendEntries* s9->s1#8501-t1,previous=(t:1, i:224),leaderCommit=223,initializing? false,entries: size=1, first=(t:1, i:225), STATEMACHINELOGENTRY, StateMachineLogEntryProto:8491@client-CAAA969A923D
2024-10-09 04:30:06,253 DEBUG server.RaftServer$Division (RaftServerImpl.java:logAppendEntries(1545)) - s3@group-BDFE845AF3B0: appendEntries* s9->s3#8493-t1,previous=(t:1, i:224),leaderCommit=223,initializing? false,entries: size=1, first=(t:1, i:225), STATEMACHINELOGENTRY, StateMachineLogEntryProto:8491@client-CAAA969A923D
2024-10-09 04:30:06,255 DEBUG server.RaftServer$Division (RaftServerImpl.java:logAppendEntries(1545)) - s7@group-BDFE845AF3B0: appendEntries* reply s9<-s7#8497:OK-t1,SUCCESS,nextIndex=226,followerCommit=223,matchIndex=225
2024-10-09 04:30:06,255 DEBUG server.RaftServer$Division (RaftServerImpl.java:logAppendEntries(1545)) - s11@group-BDFE845AF3B0: appendEntries* s9->s11#8505-t1,previous=(t:1, i:224),leaderCommit=223,initializing? false,entries: size=1, first=(t:1, i:225), STATEMACHINELOGENTRY, StateMachineLogEntryProto:8491@client-CAAA969A923D
2024-10-09 04:30:06,255 DEBUG server.RaftServer$Division (RaftServerImpl.java:logAppendEntries(1545)) - s3@group-BDFE845AF3B0: appendEntries* reply s9<-s3#8493:OK-t1,SUCCESS,nextIndex=226,followerCommit=223,matchIndex=225
2024-10-09 04:30:06,255 DEBUG server.RaftServer$Division (RaftServerImpl.java:logAppendEntries(1545)) - s10@group-BDFE845AF3B0: appendEntries* reply s9<-s10#8500:OK-t1,SUCCESS,nextIndex=226,followerCommit=223,matchIndex=225
2024-10-09 04:30:06,254 DEBUG server.RaftServer$Division (LeaderStateImpl.java:addPendingRequest(529)) - s9@group-BDFE845AF3B0-LeaderStateImpl: addPendingRequest at RaftClientRequest:client-CAAA969A923D->s9@group-BDFE845AF3B0, cid=8491, seq=null, RW, Message:01016200, entry=(t:1, i:225), STATEMACHINELOGENTRY, WRITE: logData.size=4, stateMachineData.size=0, logEntryProtoSerializedSize=0
2024-10-09 04:30:06,254 DEBUG server.RaftServer$Division (RaftServerImpl.java:logAppendEntries(1545)) - s12@group-BDFE845AF3B0: appendEntries* s9->s12#8503-t1,previous=(t:1, i:224),leaderCommit=223,initializing? false,entries: size=1, first=(t:1, i:225), STATEMACHINELOGENTRY, StateMachineLogEntryProto:8491@client-CAAA969A923D
2024-10-09 04:30:06,254 DEBUG server.RaftServer$Division (RaftServerImpl.java:logAppendEntries(1545)) - s4@group-BDFE845AF3B0: appendEntries* s9->s4#8504-t1,previous=(t:1, i:224),leaderCommit=223,initializing? false,entries: size=1, first=(t:1, i:225), STATEMACHINELOGENTRY, StateMachineLogEntryProto:8491@client-CAAA969A923D
2024-10-09 04:30:06,255 DEBUG server.RaftServer$Division (RaftServerImpl.java:logAppendEntries(1545)) - s6@group-BDFE845AF3B0: appendEntries* s9->s6#8502-t1,previous=(t:1, i:223),leaderCommit=223,initializing? false,entries: size=2, first=(t:1, i:224), METADATAENTRY(c:223)
2024-10-09 04:30:06,256 DEBUG server.RaftServer$Division (RaftServerImpl.java:logAppendEntries(1545)) - s12@group-BDFE845AF3B0: appendEntries* reply s9<-s12#8503:OK-t1,SUCCESS,nextIndex=226,followerCommit=223,matchIndex=225
2024-10-09 04:30:06,256 INFO  statemachine.StateMachine (ArithmeticStateMachine.java:applyTransaction(181)) - LEADER:s9-225: b = null = null
2024-10-09 04:30:06,255 DEBUG server.RaftServer$Division (RaftServerImpl.java:logAppendEntries(1545)) - s11@group-BDFE845AF3B0: appendEntries* reply s9<-s11#8505:OK-t1,SUCCESS,nextIndex=226,followerCommit=223,matchIndex=225
2024-10-09 04:30:06,255 DEBUG server.RaftServer$Division (RaftServerImpl.java:logAppendEntries(1545)) - s13@group-BDFE845AF3B0: appendEntries* reply s9<-s13#8485:OK-t1,SUCCESS,nextIndex=225,followerCommit=223,matchIndex=224
2024-10-09 04:30:06,256 DEBUG server.RaftServer$Division (RaftServerImpl.java:logAppendEntries(1545)) - s14@group-BDFE845AF3B0: appendEntries* s9->s14#8506-t1,previous=(t:1, i:225),leaderCommit=225,initializing? false,entries: size=1, first=(t:1, i:226), METADATAENTRY(c:225)
2024-10-09 04:30:06,256 DEBUG server.RaftServer$Division (RaftServerImpl.java:logAppendEntries(1545)) - s5@group-BDFE845AF3B0: appendEntries* s9->s5#8508-t1,previous=(t:1, i:225),leaderCommit=225,initializing? false,entries: size=1, first=(t:1, i:226), METADATAENTRY(c:225)
2024-10-09 04:30:06,256 DEBUG server.RaftServer$Division (RaftServerImpl.java:logAppendEntries(1545)) - s4@group-BDFE845AF3B0: appendEntries* reply s9<-s4#8504:OK-t1,SUCCESS,nextIndex=226,followerCommit=223,matchIndex=225
2024-10-09 04:30:06,256 DEBUG server.RaftServer$Division (RaftServerImpl.java:logAppendEntries(1545)) - s3@group-BDFE845AF3B0: appendEntries* s9->s3#8509-t1,previous=(t:1, i:225),leaderCommit=225,initializing? false,entries: size=1, first=(t:1, i:226), METADATAENTRY(c:225)
2024-10-09 04:30:06,256 DEBUG server.RaftServer$Division (RaftServerImpl.java:logAppendEntries(1545)) - s10@group-BDFE845AF3B0: appendEntries* s9->s10#8510-t1,previous=(t:1, i:225),leaderCommit=225,initializing? false,entries: size=1, first=(t:1, i:226), METADATAENTRY(c:225)
2024-10-09 04:30:06,255 DEBUG server.RaftServer$Division (RaftServerImpl.java:logAppendEntries(1545)) - s8@group-BDFE845AF3B0: appendEntries* reply s9<-s8#8495:OK-t1,SUCCESS,nextIndex=226,followerCommit=223,matchIndex=225
2024-10-09 04:30:06,255 DEBUG server.RaftServer$Division (RaftServerImpl.java:logAppendEntries(1545)) - s1@group-BDFE845AF3B0: appendEntries* reply s9<-s1#8501:OK-t1,SUCCESS,nextIndex=226,followerCommit=223,matchIndex=225
2024-10-09 04:30:06,257 DEBUG server.RaftServer$Division (RaftServerImpl.java:logAppendEntries(1545)) - s2@group-BDFE845AF3B0: appendEntries* s9->s2#8512-t1,previous=(t:1, i:225),leaderCommit=225,initializing? false,entries: size=1, first=(t:1, i:226), METADATAENTRY(c:225)
2024-10-09 04:30:06,257 DEBUG server.RaftServer$Division (RaftServerImpl.java:logAppendEntries(1545)) - s4@group-BDFE845AF3B0: appendEntries* s9->s4#8513-t1,previous=(t:1, i:225),leaderCommit=225,initializing? false,entries: size=1, first=(t:1, i:226), METADATAENTRY(c:225)
2024-10-09 04:30:06,257 DEBUG server.RaftServer$Division (RaftServerImpl.java:logAppendEntries(1545)) - s7@group-BDFE845AF3B0: appendEntries* s9->s7#8507-t1,previous=(t:1, i:225),leaderCommit=225,initializing? false,entries: size=1, first=(t:1, i:226), METADATAENTRY(c:225)
2024-10-09 04:30:06,257 DEBUG server.RaftServer$Division (RaftServerImpl.java:logAppendEntries(1545)) - s3@group-BDFE845AF3B0: appendEntries* reply s9<-s3#8509:OK-t1,SUCCESS,nextIndex=227,followerCommit=225,matchIndex=226
2024-10-09 04:30:06,257 DEBUG server.RaftServer$Division (RaftServerImpl.java:logAppendEntries(1545)) - s0@group-BDFE845AF3B0: appendEntries* s9->s0#8511-t1,previous=(t:1, i:225),leaderCommit=225,initializing? false,entries: size=1, first=(t:1, i:226), METADATAENTRY(c:225)
2024-10-09 04:30:06,257 DEBUG server.RaftServer$Division (RaftServerImpl.java:logAppendEntries(1545)) - s5@group-BDFE845AF3B0: appendEntries* reply s9<-s5#8508:OK-t1,SUCCESS,nextIndex=227,followerCommit=225,matchIndex=226
2024-10-09 04:30:06,257 DEBUG server.RaftServer$Division (RaftServerImpl.java:logAppendEntries(1545)) - s2@group-BDFE845AF3B0: appendEntries* reply s9<-s2#8512:OK-t1,SUCCESS,nextIndex=227,followerCommit=225,matchIndex=226
2024-10-09 04:30:06,257 DEBUG server.RaftServer$Division (RaftServerImpl.java:logAppendEntries(1545)) - s10@group-BDFE845AF3B0: appendEntries* reply s9<-s10#8510:OK-t1,SUCCESS,nextIndex=227,followerCommit=225,matchIndex=226
2024-10-09 04:30:06,258 DEBUG server.RaftServer$Division (RaftServerImpl.java:logAppendEntries(1545)) - s4@group-BDFE845AF3B0: appendEntries* reply s9<-s4#8513:OK-t1,SUCCESS,nextIndex=227,followerCommit=225,matchIndex=226
2024-10-09 04:30:06,258 DEBUG server.RaftServer$Division (RaftServerImpl.java:logAppendEntries(1545)) - s8@group-BDFE845AF3B0: appendEntries* s9->s8#8515-t1,previous=(t:1, i:225),leaderCommit=225,initializing? false,entries: size=1, first=(t:1, i:226), METADATAENTRY(c:225)
2024-10-09 04:30:06,257 DEBUG server.RaftServer$Division (RaftServerImpl.java:logAppendEntries(1545)) - s14@group-BDFE845AF3B0: appendEntries* reply s9<-s14#8506:OK-t1,SUCCESS,nextIndex=227,followerCommit=225,matchIndex=226
2024-10-09 04:30:06,258 DEBUG server.RaftServer$Division (RaftServerImpl.java:logAppendEntries(1545)) - s12@group-BDFE845AF3B0: appendEntries* s9->s12#8517-t1,previous=(t:1, i:225),leaderCommit=225,initializing? false,entries: size=1, first=(t:1, i:226), METADATAENTRY(c:225)
2024-10-09 04:30:06,257 DEBUG server.RaftServer$Division (RaftServerImpl.java:logAppendEntries(1545)) - s1@group-BDFE845AF3B0: appendEntries* s9->s1#8514-t1,previous=(t:1, i:225),leaderCommit=225,initializing? false,entries: size=1, first=(t:1, i:226), METADATAENTRY(c:225)
2024-10-09 04:30:06,258 DEBUG server.RaftServer$Division (RaftServerImpl.java:logAppendEntries(1545)) - s11@group-BDFE845AF3B0: appendEntries* s9->s11#8516-t1,previous=(t:1, i:225),leaderCommit=225,initializing? false,entries: size=1, first=(t:1, i:226), METADATAENTRY(c:225)
2024-10-09 04:30:06,258 DEBUG server.RaftServer$Division (RaftServerImpl.java:logAppendEntries(1545)) - s7@group-BDFE845AF3B0: appendEntries* reply s9<-s7#8507:OK-t1,SUCCESS,nextIndex=227,followerCommit=225,matchIndex=226
2024-10-09 04:30:06,258 DEBUG server.RaftServer$Division (RaftServerImpl.java:logAppendEntries(1545)) - s0@group-BDFE845AF3B0: appendEntries* reply s9<-s0#8511:OK-t1,SUCCESS,nextIndex=227,followerCommit=225,matchIndex=226
2024-10-09 04:30:06,259 DEBUG server.RaftServer$Division (RaftServerImpl.java:logAppendEntries(1545)) - s8@group-BDFE845AF3B0: appendEntries* reply s9<-s8#8515:OK-t1,SUCCESS,nextIndex=227,followerCommit=225,matchIndex=226
2024-10-09 04:30:06,259 DEBUG server.RaftServer$Division (RaftServerImpl.java:logAppendEntries(1545)) - s1@group-BDFE845AF3B0: appendEntries* reply s9<-s1#8514:OK-t1,SUCCESS,nextIndex=227,followerCommit=225,matchIndex=226
2024-10-09 04:30:06,259 DEBUG server.RaftServer$Division (RaftServerImpl.java:logAppendEntries(1545)) - s12@group-BDFE845AF3B0: appendEntries* reply s9<-s12#8517:OK-t1,SUCCESS,nextIndex=227,followerCommit=225,matchIndex=226
2024-10-09 04:30:06,259 DEBUG server.RaftServer$Division (RaftServerImpl.java:logAppendEntries(1545)) - s11@group-BDFE845AF3B0: appendEntries* reply s9<-s11#8516:OK-t1,SUCCESS,nextIndex=227,followerCommit=225,matchIndex=226
2024-10-09 04:30:06,259 DEBUG server.RaftServer$Division (RaftServerImpl.java:logAppendEntries(1545)) - s13@group-BDFE845AF3B0: appendEntries* s9->s13#8518-t1,previous=(t:1, i:224),leaderCommit=225,initializing? false,entries: size=2, first=(t:1, i:225), STATEMACHINELOGENTRY, StateMachineLogEntryProto:8491@client-CAAA969A923D
2024-10-09 04:30:06,260 DEBUG server.RaftServer$Division (RaftServerImpl.java:submitClientRequestAsync(916)) - s9@group-BDFE845AF3B0: receive client request(RaftClientRequest:client-CAAA969A923D->s9@group-BDFE845AF3B0, cid=8519, seq=null, RW, Message:01016300)
2024-10-09 04:30:06,260 DEBUG server.RaftServer$Division (LeaderStateImpl.java:addPendingRequest(529)) - s9@group-BDFE845AF3B0-LeaderStateImpl: addPendingRequest at RaftClientRequest:client-CAAA969A923D->s9@group-BDFE845AF3B0, cid=8519, seq=null, RW, Message:01016300, entry=(t:1, i:227), STATEMACHINELOGENTRY, WRITE: logData.size=4, stateMachineData.size=0, logEntryProtoSerializedSize=0
2024-10-09 04:30:06,260 DEBUG server.RaftServer$Division (RaftServerImpl.java:logAppendEntries(1545)) - s1@group-BDFE845AF3B0: appendEntries* s9->s1#8521-t1,previous=(t:1, i:226),leaderCommit=226,initializing? false,entries: size=1, first=(t:1, i:227), STATEMACHINELOGENTRY, StateMachineLogEntryProto:8519@client-CAAA969A923D
2024-10-09 04:30:06,260 DEBUG server.RaftServer$Division (RaftServerImpl.java:logAppendEntries(1545)) - s11@group-BDFE845AF3B0: appendEntries* s9->s11#8523-t1,previous=(t:1, i:226),leaderCommit=226,initializing? false,entries: size=1, first=(t:1, i:227), STATEMACHINELOGENTRY, StateMachineLogEntryProto:8519@client-CAAA969A923D
2024-10-09 04:30:06,260 DEBUG server.RaftServer$Division (RaftServerImpl.java:logAppendEntries(1545)) - s7@group-BDFE845AF3B0: appendEntries* s9->s7#8520-t1,previous=(t:1, i:226),leaderCommit=226,initializing? false,entries: size=1, first=(t:1, i:227), STATEMACHINELOGENTRY, StateMachineLogEntryProto:8519@client-CAAA969A923D
2024-10-09 04:30:06,261 DEBUG server.RaftServer$Division (RaftServerImpl.java:logAppendEntries(1545)) - s10@group-BDFE845AF3B0: appendEntries* s9->s10#8522-t1,previous=(t:1, i:226),leaderCommit=226,initializing? false,entries: size=1, first=(t:1, i:227), STATEMACHINELOGENTRY, StateMachineLogEntryProto:8519@client-CAAA969A923D
2024-10-09 04:30:06,261 DEBUG server.RaftServer$Division (RaftServerImpl.java:logAppendEntries(1545)) - s4@group-BDFE845AF3B0: appendEntries* s9->s4#8529-t1,previous=(t:1, i:226),leaderCommit=226,initializing? false,entries: size=1, first=(t:1, i:227), STATEMACHINELOGENTRY, StateMachineLogEntryProto:8519@client-CAAA969A923D
2024-10-09 04:30:06,260 DEBUG server.RaftServer$Division (RaftServerImpl.java:logAppendEntries(1545)) - s0@group-BDFE845AF3B0: appendEntries* s9->s0#8524-t1,previous=(t:1, i:226),leaderCommit=226,initializing? false,entries: size=1, first=(t:1, i:227), STATEMACHINELOGENTRY, StateMachineLogEntryProto:8519@client-CAAA969A923D
2024-10-09 04:30:06,261 DEBUG server.RaftServer$Division (RaftServerImpl.java:logAppendEntries(1545)) - s2@group-BDFE845AF3B0: appendEntries* s9->s2#8530-t1,previous=(t:1, i:226),leaderCommit=226,initializing? false,entries: size=1, first=(t:1, i:227), STATEMACHINELOGENTRY, StateMachineLogEntryProto:8519@client-CAAA969A923D
2024-10-09 04:30:06,261 DEBUG server.RaftServer$Division (RaftServerImpl.java:logAppendEntries(1545)) - s8@group-BDFE845AF3B0: appendEntries* s9->s8#8526-t1,previous=(t:1, i:226),leaderCommit=226,initializing? false,entries: size=1, first=(t:1, i:227), STATEMACHINELOGENTRY, StateMachineLogEntryProto:8519@client-CAAA969A923D
2024-10-09 04:30:06,261 DEBUG server.RaftServer$Division (RaftServerImpl.java:logAppendEntries(1545)) - s3@group-BDFE845AF3B0: appendEntries* s9->s3#8527-t1,previous=(t:1, i:226),leaderCommit=226,initializing? false,entries: size=1, first=(t:1, i:227), STATEMACHINELOGENTRY, StateMachineLogEntryProto:8519@client-CAAA969A923D
2024-10-09 04:30:06,261 DEBUG server.RaftServer$Division (RaftServerImpl.java:logAppendEntries(1545)) - s5@group-BDFE845AF3B0: appendEntries* s9->s5#8528-t1,previous=(t:1, i:226),leaderCommit=226,initializing? false,entries: size=1, first=(t:1, i:227), STATEMACHINELOGENTRY, StateMachineLogEntryProto:8519@client-CAAA969A923D
2024-10-09 04:30:06,262 DEBUG server.RaftServer$Division (RaftServerImpl.java:logAppendEntries(1545)) - s14@group-BDFE845AF3B0: appendEntries* s9->s14#8531-t1,previous=(t:1, i:226),leaderCommit=226,initializing? false,entries: size=1, first=(t:1, i:227), STATEMACHINELOGENTRY, StateMachineLogEntryProto:8519@client-CAAA969A923D
2024-10-09 04:30:06,262 DEBUG server.RaftServer$Division (RaftServerImpl.java:logAppendEntries(1545)) - s8@group-BDFE845AF3B0: appendEntries* reply s9<-s8#8526:OK-t1,SUCCESS,nextIndex=228,followerCommit=226,matchIndex=227
2024-10-09 04:30:06,261 DEBUG server.RaftServer$Division (RaftServerImpl.java:logAppendEntries(1545)) - s11@group-BDFE845AF3B0: appendEntries* reply s9<-s11#8523:OK-t1,SUCCESS,nextIndex=228,followerCommit=226,matchIndex=227
2024-10-09 04:30:06,261 DEBUG server.RaftServer$Division (RaftServerImpl.java:logAppendEntries(1545)) - s1@group-BDFE845AF3B0: appendEntries* reply s9<-s1#8521:OK-t1,SUCCESS,nextIndex=228,followerCommit=226,matchIndex=227
2024-10-09 04:30:06,261 DEBUG server.RaftServer$Division (RaftServerImpl.java:logAppendEntries(1545)) - s12@group-BDFE845AF3B0: appendEntries* s9->s12#8525-t1,previous=(t:1, i:226),leaderCommit=226,initializing? false,entries: size=1, first=(t:1, i:227), STATEMACHINELOGENTRY, StateMachineLogEntryProto:8519@client-CAAA969A923D
2024-10-09 04:30:06,261 DEBUG server.RaftServer$Division (RaftServerImpl.java:logAppendEntries(1545)) - s6@group-BDFE845AF3B0: appendEntries* reply s9<-s6#8502:OK-t1,SUCCESS,nextIndex=226,followerCommit=223,matchIndex=225
2024-10-09 04:30:06,261 DEBUG server.RaftServer$Division (RaftServerImpl.java:logAppendEntries(1545)) - s13@group-BDFE845AF3B0: appendEntries* reply s9<-s13#8518:OK-t1,SUCCESS,nextIndex=227,followerCommit=225,matchIndex=226
2024-10-09 04:30:06,262 DEBUG server.RaftServer$Division (RaftServerImpl.java:logAppendEntries(1545)) - s5@group-BDFE845AF3B0: appendEntries* reply s9<-s5#8528:OK-t1,SUCCESS,nextIndex=228,followerCommit=226,matchIndex=227
2024-10-09 04:30:06,262 DEBUG server.RaftServer$Division (RaftServerImpl.java:logAppendEntries(1545)) - s2@group-BDFE845AF3B0: appendEntries* reply s9<-s2#8530:OK-t1,SUCCESS,nextIndex=228,followerCommit=226,matchIndex=227
2024-10-09 04:30:06,262 DEBUG server.RaftServer$Division (RaftServerImpl.java:logAppendEntries(1545)) - s10@group-BDFE845AF3B0: appendEntries* reply s9<-s10#8522:OK-t1,SUCCESS,nextIndex=228,followerCommit=226,matchIndex=227
2024-10-09 04:30:06,261 DEBUG server.RaftServer$Division (RaftServerImpl.java:logAppendEntries(1545)) - s4@group-BDFE845AF3B0: appendEntries* reply s9<-s4#8529:OK-t1,SUCCESS,nextIndex=228,followerCommit=226,matchIndex=227
2024-10-09 04:30:06,261 DEBUG server.RaftServer$Division (RaftServerImpl.java:logAppendEntries(1545)) - s0@group-BDFE845AF3B0: appendEntries* reply s9<-s0#8524:OK-t1,SUCCESS,nextIndex=228,followerCommit=226,matchIndex=227
2024-10-09 04:30:06,261 DEBUG server.RaftServer$Division (RaftServerImpl.java:logAppendEntries(1545)) - s7@group-BDFE845AF3B0: appendEntries* reply s9<-s7#8520:OK-t1,SUCCESS,nextIndex=228,followerCommit=226,matchIndex=227
2024-10-09 04:30:06,262 DEBUG server.RaftServer$Division (RaftServerImpl.java:logAppendEntries(1545)) - s3@group-BDFE845AF3B0: appendEntries* reply s9<-s3#8527:OK-t1,SUCCESS,nextIndex=228,followerCommit=226,matchIndex=227
2024-10-09 04:30:06,262 DEBUG server.RaftServer$Division (RaftServerImpl.java:logAppendEntries(1545)) - s14@group-BDFE845AF3B0: appendEntries* reply s9<-s14#8531:OK-t1,SUCCESS,nextIndex=228,followerCommit=226,matchIndex=227
2024-10-09 04:30:06,263 INFO  statemachine.StateMachine (ArithmeticStateMachine.java:applyTransaction(181)) - LEADER:s9-227: c = null = null
2024-10-09 04:30:06,263 DEBUG server.RaftServer$Division (RaftServerImpl.java:logAppendEntries(1545)) - s14@group-BDFE845AF3B0: appendEntries* s9->s14#8535-t1,previous=(t:1, i:227),leaderCommit=227,initializing? false,entries: size=1, first=(t:1, i:228), METADATAENTRY(c:227)
2024-10-09 04:30:06,264 DEBUG server.RaftServer$Division (RaftServerImpl.java:logAppendEntries(1545)) - s1@group-BDFE845AF3B0: appendEntries* s9->s1#8540-t1,previous=(t:1, i:227),leaderCommit=227,initializing? false,entries: size=1, first=(t:1, i:228), METADATAENTRY(c:227)
2024-10-09 04:30:06,264 DEBUG server.RaftServer$Division (RaftServerImpl.java:logAppendEntries(1545)) - s4@group-BDFE845AF3B0: appendEntries* s9->s4#8541-t1,previous=(t:1, i:227),leaderCommit=227,initializing? false,entries: size=1, first=(t:1, i:228), METADATAENTRY(c:227)
2024-10-09 04:30:06,264 DEBUG server.RaftServer$Division (RaftServerImpl.java:logAppendEntries(1545)) - s5@group-BDFE845AF3B0: appendEntries* s9->s5#8537-t1,previous=(t:1, i:227),leaderCommit=227,initializing? false,entries: size=1, first=(t:1, i:228), METADATAENTRY(c:227)
2024-10-09 04:30:06,264 DEBUG server.RaftServer$Division (RaftServerImpl.java:logAppendEntries(1545)) - s14@group-BDFE845AF3B0: appendEntries* reply s9<-s14#8535:OK-t1,SUCCESS,nextIndex=229,followerCommit=227,matchIndex=228
2024-10-09 04:30:06,264 DEBUG server.RaftServer$Division (RaftServerImpl.java:logAppendEntries(1545)) - s10@group-BDFE845AF3B0: appendEntries* s9->s10#8538-t1,previous=(t:1, i:227),leaderCommit=227,initializing? false,entries: size=1, first=(t:1, i:228), METADATAENTRY(c:227)
2024-10-09 04:30:06,264 DEBUG server.RaftServer$Division (RaftServerImpl.java:logAppendEntries(1545)) - s4@group-BDFE845AF3B0: appendEntries* reply s9<-s4#8541:OK-t1,SUCCESS,nextIndex=229,followerCommit=227,matchIndex=228
2024-10-09 04:30:06,264 DEBUG server.RaftServer$Division (RaftServerImpl.java:logAppendEntries(1545)) - s5@group-BDFE845AF3B0: appendEntries* reply s9<-s5#8537:OK-t1,SUCCESS,nextIndex=229,followerCommit=227,matchIndex=228
2024-10-09 04:30:06,265 DEBUG server.RaftServer$Division (RaftServerImpl.java:logAppendEntries(1545)) - s10@group-BDFE845AF3B0: appendEntries* reply s9<-s10#8538:OK-t1,SUCCESS,nextIndex=229,followerCommit=227,matchIndex=228
2024-10-09 04:30:06,263 DEBUG server.RaftServer$Division (RaftServerImpl.java:logAppendEntries(1545)) - s2@group-BDFE845AF3B0: appendEntries* s9->s2#8533-t1,previous=(t:1, i:227),leaderCommit=227,initializing? false,entries: size=1, first=(t:1, i:228), METADATAENTRY(c:227)
2024-10-09 04:30:06,265 DEBUG server.RaftServer$Division (RaftServerImpl.java:logAppendEntries(1545)) - s1@group-BDFE845AF3B0: appendEntries* reply s9<-s1#8540:OK-t1,SUCCESS,nextIndex=229,followerCommit=227,matchIndex=228
2024-10-09 04:30:06,265 DEBUG server.RaftServer$Division (RaftServerImpl.java:logAppendEntries(1545)) - s11@group-BDFE845AF3B0: appendEntries* s9->s11#8536-t1,previous=(t:1, i:227),leaderCommit=227,initializing? false,entries: size=1, first=(t:1, i:228), METADATAENTRY(c:227)
2024-10-09 04:30:06,265 DEBUG server.RaftServer$Division (RaftServerImpl.java:logAppendEntries(1545)) - s7@group-BDFE845AF3B0: appendEntries* s9->s7#8543-t1,previous=(t:1, i:227),leaderCommit=227,initializing? false,entries: size=1, first=(t:1, i:228), METADATAENTRY(c:227)
2024-10-09 04:30:06,264 DEBUG server.RaftServer$Division (RaftServerImpl.java:logAppendEntries(1545)) - s3@group-BDFE845AF3B0: appendEntries* s9->s3#8534-t1,previous=(t:1, i:227),leaderCommit=227,initializing? false,entries: size=1, first=(t:1, i:228), METADATAENTRY(c:227)
2024-10-09 04:30:06,264 DEBUG server.RaftServer$Division (RaftServerImpl.java:logAppendEntries(1545)) - s0@group-BDFE845AF3B0: appendEntries* s9->s0#8539-t1,previous=(t:1, i:227),leaderCommit=227,initializing? false,entries: size=1, first=(t:1, i:228), METADATAENTRY(c:227)
2024-10-09 04:30:06,265 DEBUG server.RaftServer$Division (RaftServerImpl.java:logAppendEntries(1545)) - s2@group-BDFE845AF3B0: appendEntries* reply s9<-s2#8533:OK-t1,SUCCESS,nextIndex=229,followerCommit=227,matchIndex=228
2024-10-09 04:30:06,265 DEBUG server.RaftServer$Division (RaftServerImpl.java:logAppendEntries(1545)) - s11@group-BDFE845AF3B0: appendEntries* reply s9<-s11#8536:OK-t1,SUCCESS,nextIndex=229,followerCommit=227,matchIndex=228
2024-10-09 04:30:06,264 DEBUG server.RaftServer$Division (RaftServerImpl.java:logAppendEntries(1545)) - s12@group-BDFE845AF3B0: appendEntries* reply s9<-s12#8525:OK-t1,SUCCESS,nextIndex=228,followerCommit=226,matchIndex=227
2024-10-09 04:30:06,266 DEBUG server.RaftServer$Division (RaftServerImpl.java:logAppendEntries(1545)) - s0@group-BDFE845AF3B0: appendEntries* reply s9<-s0#8539:OK-t1,SUCCESS,nextIndex=229,followerCommit=227,matchIndex=228
2024-10-09 04:30:06,266 DEBUG server.RaftServer$Division (RaftServerImpl.java:logAppendEntries(1545)) - s3@group-BDFE845AF3B0: appendEntries* reply s9<-s3#8534:OK-t1,SUCCESS,nextIndex=229,followerCommit=227,matchIndex=228
2024-10-09 04:30:06,266 DEBUG server.RaftServer$Division (RaftServerImpl.java:logAppendEntries(1545)) - s12@group-BDFE845AF3B0: appendEntries* s9->s12#8546-t1,previous=(t:1, i:227),leaderCommit=228,initializing? false,entries: size=1, first=(t:1, i:228), METADATAENTRY(c:227)
2024-10-09 04:30:06,266 DEBUG server.RaftServer$Division (RaftServerImpl.java:logAppendEntries(1545)) - s13@group-BDFE845AF3B0: appendEntries* s9->s13#8545-t1,previous=(t:1, i:226),leaderCommit=227,initializing? false,entries: size=2, first=(t:1, i:227), STATEMACHINELOGENTRY, StateMachineLogEntryProto:8519@client-CAAA969A923D
2024-10-09 04:30:06,265 DEBUG server.RaftServer$Division (RaftServerImpl.java:submitClientRequestAsync(916)) - s9@group-BDFE845AF3B0: receive client request(RaftClientRequest:client-CAAA969A923D->s9@group-BDFE845AF3B0, cid=8542, seq=null, RW, Message:01016102405dc0000000...(size=12))
2024-10-09 04:30:06,265 DEBUG server.RaftServer$Division (RaftServerImpl.java:logAppendEntries(1545)) - s7@group-BDFE845AF3B0: appendEntries* reply s9<-s7#8543:OK-t1,SUCCESS,nextIndex=229,followerCommit=227,matchIndex=228
2024-10-09 04:30:06,267 DEBUG server.RaftServer$Division (RaftServerImpl.java:logAppendEntries(1545)) - s13@group-BDFE845AF3B0: appendEntries* reply s9<-s13#8545:OK-t1,SUCCESS,nextIndex=229,followerCommit=227,matchIndex=228
2024-10-09 04:30:06,265 DEBUG server.RaftServer$Division (RaftServerImpl.java:logAppendEntries(1545)) - s6@group-BDFE845AF3B0: appendEntries* s9->s6#8532-t1,previous=(t:1, i:225),leaderCommit=226,initializing? false,entries: size=2, first=(t:1, i:226), METADATAENTRY(c:225)
2024-10-09 04:30:06,265 DEBUG server.RaftServer$Division (RaftServerImpl.java:logAppendEntries(1545)) - s8@group-BDFE845AF3B0: appendEntries* s9->s8#8544-t1,previous=(t:1, i:227),leaderCommit=227,initializing? false,entries: size=1, first=(t:1, i:228), METADATAENTRY(c:227)
2024-10-09 04:30:06,267 DEBUG server.RaftServer$Division (RaftServerImpl.java:logAppendEntries(1545)) - s14@group-BDFE845AF3B0: appendEntries* s9->s14#8547-t1,previous=(t:1, i:228),leaderCommit=228,initializing? false,entries: size=1, first=(t:1, i:229), STATEMACHINELOGENTRY, StateMachineLogEntryProto:8542@client-CAAA969A923D
2024-10-09 04:30:06,268 DEBUG server.RaftServer$Division (RaftServerImpl.java:logAppendEntries(1545)) - s4@group-BDFE845AF3B0: appendEntries* s9->s4#8550-t1,previous=(t:1, i:228),leaderCommit=228,initializing? false,entries: size=1, first=(t:1, i:229), STATEMACHINELOGENTRY, StateMachineLogEntryProto:8542@client-CAAA969A923D
2024-10-09 04:30:06,268 DEBUG server.RaftServer$Division (RaftServerImpl.java:logAppendEntries(1545)) - s5@group-BDFE845AF3B0: appendEntries* s9->s5#8554-t1,previous=(t:1, i:228),leaderCommit=228,initializing? false,entries: size=1, first=(t:1, i:229), STATEMACHINELOGENTRY, StateMachineLogEntryProto:8542@client-CAAA969A923D
2024-10-09 04:30:06,268 DEBUG server.RaftServer$Division (RaftServerImpl.java:logAppendEntries(1545)) - s13@group-BDFE845AF3B0: appendEntries* s9->s13#8557-t1,previous=(t:1, i:228),leaderCommit=228,initializing? false,entries: size=1, first=(t:1, i:229), STATEMACHINELOGENTRY, StateMachineLogEntryProto:8542@client-CAAA969A923D
2024-10-09 04:30:06,268 DEBUG server.RaftServer$Division (RaftServerImpl.java:logAppendEntries(1545)) - s0@group-BDFE845AF3B0: appendEntries* s9->s0#8553-t1,previous=(t:1, i:228),leaderCommit=228,initializing? false,entries: size=1, first=(t:1, i:229), STATEMACHINELOGENTRY, StateMachineLogEntryProto:8542@client-CAAA969A923D
2024-10-09 04:30:06,267 DEBUG server.RaftServer$Division (LeaderStateImpl.java:addPendingRequest(529)) - s9@group-BDFE845AF3B0-LeaderStateImpl: addPendingRequest at RaftClientRequest:client-CAAA969A923D->s9@group-BDFE845AF3B0, cid=8542, seq=null, RW, Message:01016102405dc0000000...(size=12), entry=(t:1, i:229), STATEMACHINELOGENTRY, WRITE: logData.size=12, stateMachineData.size=0, logEntryProtoSerializedSize=0
2024-10-09 04:30:06,266 DEBUG server.RaftServer$Division (RaftServerImpl.java:logAppendEntries(1545)) - s12@group-BDFE845AF3B0: appendEntries* reply s9<-s12#8546:OK-t1,SUCCESS,nextIndex=229,followerCommit=228,matchIndex=228
2024-10-09 04:30:06,269 DEBUG server.RaftServer$Division (RaftServerImpl.java:logAppendEntries(1545)) - s7@group-BDFE845AF3B0: appendEntries* s9->s7#8548-t1,previous=(t:1, i:228),leaderCommit=228,initializing? false,entries: size=1, first=(t:1, i:229), STATEMACHINELOGENTRY, StateMachineLogEntryProto:8542@client-CAAA969A923D
2024-10-09 04:30:06,268 DEBUG server.RaftServer$Division (RaftServerImpl.java:logAppendEntries(1545)) - s2@group-BDFE845AF3B0: appendEntries* s9->s2#8556-t1,previous=(t:1, i:228),leaderCommit=228,initializing? false,entries: size=1, first=(t:1, i:229), STATEMACHINELOGENTRY, StateMachineLogEntryProto:8542@client-CAAA969A923D
2024-10-09 04:30:06,268 DEBUG server.RaftServer$Division (RaftServerImpl.java:logAppendEntries(1545)) - s3@group-BDFE845AF3B0: appendEntries* s9->s3#8552-t1,previous=(t:1, i:228),leaderCommit=228,initializing? false,entries: size=1, first=(t:1, i:229), STATEMACHINELOGENTRY, StateMachineLogEntryProto:8542@client-CAAA969A923D
2024-10-09 04:30:06,268 DEBUG server.RaftServer$Division (RaftServerImpl.java:logAppendEntries(1545)) - s4@group-BDFE845AF3B0: appendEntries* reply s9<-s4#8550:OK-t1,SUCCESS,nextIndex=230,followerCommit=228,matchIndex=229
2024-10-09 04:30:06,268 DEBUG server.RaftServer$Division (RaftServerImpl.java:logAppendEntries(1545)) - s14@group-BDFE845AF3B0: appendEntries* reply s9<-s14#8547:OK-t1,SUCCESS,nextIndex=230,followerCommit=228,matchIndex=229
2024-10-09 04:30:06,268 DEBUG server.RaftServer$Division (RaftServerImpl.java:logAppendEntries(1545)) - s11@group-BDFE845AF3B0: appendEntries* s9->s11#8549-t1,previous=(t:1, i:228),leaderCommit=228,initializing? false,entries: size=1, first=(t:1, i:229), STATEMACHINELOGENTRY, StateMachineLogEntryProto:8542@client-CAAA969A923D
2024-10-09 04:30:06,268 DEBUG server.RaftServer$Division (RaftServerImpl.java:logAppendEntries(1545)) - s8@group-BDFE845AF3B0: appendEntries* reply s9<-s8#8544:OK-t1,SUCCESS,nextIndex=229,followerCommit=227,matchIndex=228
2024-10-09 04:30:06,268 DEBUG server.RaftServer$Division (RaftServerImpl.java:logAppendEntries(1545)) - s10@group-BDFE845AF3B0: appendEntries* s9->s10#8555-t1,previous=(t:1, i:228),leaderCommit=228,initializing? false,entries: size=1, first=(t:1, i:229), STATEMACHINELOGENTRY, StateMachineLogEntryProto:8542@client-CAAA969A923D
2024-10-09 04:30:06,270 DEBUG server.RaftServer$Division (RaftServerImpl.java:logAppendEntries(1545)) - s3@group-BDFE845AF3B0: appendEntries* reply s9<-s3#8552:OK-t1,SUCCESS,nextIndex=230,followerCommit=228,matchIndex=229
2024-10-09 04:30:06,267 DEBUG server.RaftServer$Division (RaftServerImpl.java:logAppendEntries(1545)) - s1@group-BDFE845AF3B0: appendEntries* s9->s1#8551-t1,previous=(t:1, i:228),leaderCommit=228,initializing? false,entries: size=1, first=(t:1, i:229), STATEMACHINELOGENTRY, StateMachineLogEntryProto:8542@client-CAAA969A923D
2024-10-09 04:30:06,270 DEBUG server.RaftServer$Division (RaftServerImpl.java:logAppendEntries(1545)) - s2@group-BDFE845AF3B0: appendEntries* reply s9<-s2#8556:OK-t1,SUCCESS,nextIndex=230,followerCommit=228,matchIndex=229
2024-10-09 04:30:06,269 DEBUG server.RaftServer$Division (RaftServerImpl.java:logAppendEntries(1545)) - s7@group-BDFE845AF3B0: appendEntries* reply s9<-s7#8548:OK-t1,SUCCESS,nextIndex=230,followerCommit=228,matchIndex=229
2024-10-09 04:30:06,269 DEBUG server.RaftServer$Division (RaftServerImpl.java:logAppendEntries(1545)) - s0@group-BDFE845AF3B0: appendEntries* reply s9<-s0#8553:OK-t1,SUCCESS,nextIndex=230,followerCommit=228,matchIndex=229
2024-10-09 04:30:06,269 DEBUG server.RaftServer$Division (RaftServerImpl.java:logAppendEntries(1545)) - s6@group-BDFE845AF3B0: appendEntries* reply s9<-s6#8532:OK-t1,SUCCESS,nextIndex=228,followerCommit=226,matchIndex=227
2024-10-09 04:30:06,269 DEBUG server.RaftServer$Division (RaftServerImpl.java:logAppendEntries(1545)) - s13@group-BDFE845AF3B0: appendEntries* reply s9<-s13#8557:OK-t1,SUCCESS,nextIndex=230,followerCommit=228,matchIndex=229
2024-10-09 04:30:06,269 DEBUG server.RaftServer$Division (RaftServerImpl.java:logAppendEntries(1545)) - s5@group-BDFE845AF3B0: appendEntries* reply s9<-s5#8554:OK-t1,SUCCESS,nextIndex=230,followerCommit=228,matchIndex=229
2024-10-09 04:30:06,270 DEBUG server.RaftServer$Division (RaftServerImpl.java:logAppendEntries(1545)) - s8@group-BDFE845AF3B0: appendEntries* s9->s8#8559-t1,previous=(t:1, i:228),leaderCommit=228,initializing? false,entries: size=1, first=(t:1, i:229), STATEMACHINELOGENTRY, StateMachineLogEntryProto:8542@client-CAAA969A923D
2024-10-09 04:30:06,269 DEBUG server.RaftServer$Division (RaftServerImpl.java:logAppendEntries(1545)) - s12@group-BDFE845AF3B0: appendEntries* s9->s12#8558-t1,previous=(t:1, i:228),leaderCommit=228,initializing? false,entries: size=1, first=(t:1, i:229), STATEMACHINELOGENTRY, StateMachineLogEntryProto:8542@client-CAAA969A923D
2024-10-09 04:30:06,271 DEBUG server.RaftServer$Division (RaftServerImpl.java:logAppendEntries(1545)) - s10@group-BDFE845AF3B0: appendEntries* reply s9<-s10#8555:OK-t1,SUCCESS,nextIndex=230,followerCommit=228,matchIndex=229
2024-10-09 04:30:06,271 DEBUG server.RaftServer$Division (RaftServerImpl.java:logAppendEntries(1545)) - s1@group-BDFE845AF3B0: appendEntries* reply s9<-s1#8551:OK-t1,SUCCESS,nextIndex=230,followerCommit=228,matchIndex=229
2024-10-09 04:30:06,270 DEBUG server.RaftServer$Division (RaftServerImpl.java:logAppendEntries(1545)) - s11@group-BDFE845AF3B0: appendEntries* reply s9<-s11#8549:OK-t1,SUCCESS,nextIndex=230,followerCommit=228,matchIndex=229
2024-10-09 04:30:06,271 DEBUG server.RaftServer$Division (RaftServerImpl.java:logAppendEntries(1545)) - s8@group-BDFE845AF3B0: appendEntries* reply s9<-s8#8559:OK-t1,SUCCESS,nextIndex=230,followerCommit=228,matchIndex=229
2024-10-09 04:30:06,271 INFO  statemachine.StateMachine (ArithmeticStateMachine.java:applyTransaction(181)) - LEADER:s9-229: a = 119 = 119
2024-10-09 04:30:06,271 DEBUG server.RaftServer$Division (RaftServerImpl.java:logAppendEntries(1545)) - s14@group-BDFE845AF3B0: appendEntries* s9->s14#8561-t1,previous=(t:1, i:229),leaderCommit=229,initializing? false,entries: size=1, first=(t:1, i:230), METADATAENTRY(c:229)
2024-10-09 04:30:06,272 DEBUG server.RaftServer$Division (RaftServerImpl.java:logAppendEntries(1545)) - s10@group-BDFE845AF3B0: appendEntries* s9->s10#8565-t1,previous=(t:1, i:229),leaderCommit=229,initializing? false,entries: size=1, first=(t:1, i:230), METADATAENTRY(c:229)
2024-10-09 04:30:06,272 DEBUG server.RaftServer$Division (RaftServerImpl.java:logAppendEntries(1545)) - s4@group-BDFE845AF3B0: appendEntries* s9->s4#8562-t1,previous=(t:1, i:229),leaderCommit=229,initializing? false,entries: size=1, first=(t:1, i:230), METADATAENTRY(c:229)
2024-10-09 04:30:06,272 DEBUG server.RaftServer$Division (RaftServerImpl.java:logAppendEntries(1545)) - s3@group-BDFE845AF3B0: appendEntries* s9->s3#8564-t1,previous=(t:1, i:229),leaderCommit=229,initializing? false,entries: size=1, first=(t:1, i:230), METADATAENTRY(c:229)
2024-10-09 04:30:06,272 DEBUG server.RaftServer$Division (RaftServerImpl.java:logAppendEntries(1545)) - s5@group-BDFE845AF3B0: appendEntries* s9->s5#8566-t1,previous=(t:1, i:229),leaderCommit=229,initializing? false,entries: size=1, first=(t:1, i:230), METADATAENTRY(c:229)
2024-10-09 04:30:06,272 DEBUG server.RaftServer$Division (RaftServerImpl.java:logAppendEntries(1545)) - s11@group-BDFE845AF3B0: appendEntries* s9->s11#8563-t1,previous=(t:1, i:229),leaderCommit=229,initializing? false,entries: size=1, first=(t:1, i:230), METADATAENTRY(c:229)
2024-10-09 04:30:06,272 DEBUG server.RaftServer$Division (RaftServerImpl.java:logAppendEntries(1545)) - s14@group-BDFE845AF3B0: appendEntries* reply s9<-s14#8561:OK-t1,SUCCESS,nextIndex=231,followerCommit=229,matchIndex=230
2024-10-09 04:30:06,272 DEBUG server.RaftServer$Division (RaftServerImpl.java:logAppendEntries(1545)) - s4@group-BDFE845AF3B0: appendEntries* reply s9<-s4#8562:OK-t1,SUCCESS,nextIndex=231,followerCommit=229,matchIndex=230
2024-10-09 04:30:06,272 DEBUG server.RaftServer$Division (RaftServerImpl.java:logAppendEntries(1545)) - s10@group-BDFE845AF3B0: appendEntries* reply s9<-s10#8565:OK-t1,SUCCESS,nextIndex=231,followerCommit=229,matchIndex=230
2024-10-09 04:30:06,273 DEBUG server.RaftServer$Division (RaftServerImpl.java:logAppendEntries(1545)) - s5@group-BDFE845AF3B0: appendEntries* reply s9<-s5#8566:OK-t1,SUCCESS,nextIndex=231,followerCommit=229,matchIndex=230
2024-10-09 04:30:06,273 DEBUG server.RaftServer$Division (RaftServerImpl.java:logAppendEntries(1545)) - s8@group-BDFE845AF3B0: appendEntries* s9->s8#8568-t1,previous=(t:1, i:229),leaderCommit=229,initializing? false,entries: size=1, first=(t:1, i:230), METADATAENTRY(c:229)
2024-10-09 04:30:06,273 DEBUG server.RaftServer$Division (RaftServerImpl.java:logAppendEntries(1545)) - s0@group-BDFE845AF3B0: appendEntries* s9->s0#8560-t1,previous=(t:1, i:229),leaderCommit=229,initializing? false,entries: size=1, first=(t:1, i:230), METADATAENTRY(c:229)
2024-10-09 04:30:06,273 DEBUG server.RaftServer$Division (RaftServerImpl.java:logAppendEntries(1545)) - s3@group-BDFE845AF3B0: appendEntries* reply s9<-s3#8564:OK-t1,SUCCESS,nextIndex=231,followerCommit=229,matchIndex=230
2024-10-09 04:30:06,273 DEBUG server.RaftServer$Division (RaftServerImpl.java:logAppendEntries(1545)) - s6@group-BDFE845AF3B0: appendEntries* s9->s6#8569-t1,previous=(t:1, i:227),leaderCommit=229,initializing? false,entries: size=3, first=(t:1, i:228), METADATAENTRY(c:227)
2024-10-09 04:30:06,273 DEBUG server.RaftServer$Division (RaftServerImpl.java:logAppendEntries(1545)) - s11@group-BDFE845AF3B0: appendEntries* reply s9<-s11#8563:OK-t1,SUCCESS,nextIndex=231,followerCommit=229,matchIndex=230
2024-10-09 04:30:06,273 DEBUG server.RaftServer$Division (RaftServerImpl.java:logAppendEntries(1545)) - s8@group-BDFE845AF3B0: appendEntries* reply s9<-s8#8568:OK-t1,SUCCESS,nextIndex=231,followerCommit=229,matchIndex=230
2024-10-09 04:30:06,273 DEBUG server.RaftServer$Division (RaftServerImpl.java:logAppendEntries(1545)) - s2@group-BDFE845AF3B0: appendEntries* s9->s2#8567-t1,previous=(t:1, i:229),leaderCommit=229,initializing? false,entries: size=1, first=(t:1, i:230), METADATAENTRY(c:229)
2024-10-09 04:30:06,274 DEBUG server.RaftServer$Division (RaftServerImpl.java:logAppendEntries(1545)) - s6@group-BDFE845AF3B0: appendEntries* reply s9<-s6#8569:OK-t1,SUCCESS,nextIndex=231,followerCommit=229,matchIndex=230
2024-10-09 04:30:06,273 DEBUG server.RaftServer$Division (RaftServerImpl.java:logAppendEntries(1545)) - s12@group-BDFE845AF3B0: appendEntries* reply s9<-s12#8558:OK-t1,SUCCESS,nextIndex=230,followerCommit=228,matchIndex=229
2024-10-09 04:30:06,273 DEBUG server.RaftServer$Division (RaftServerImpl.java:logAppendEntries(1545)) - s1@group-BDFE845AF3B0: appendEntries* s9->s1#8570-t1,previous=(t:1, i:229),leaderCommit=229,initializing? false,entries: size=1, first=(t:1, i:230), METADATAENTRY(c:229)
2024-10-09 04:30:06,274 DEBUG server.RaftServer$Division (RaftServerImpl.java:logAppendEntries(1545)) - s13@group-BDFE845AF3B0: appendEntries* s9->s13#8571-t1,previous=(t:1, i:229),leaderCommit=229,initializing? false,entries: size=1, first=(t:1, i:230), METADATAENTRY(c:229)
2024-10-09 04:30:06,274 DEBUG server.RaftServer$Division (RaftServerImpl.java:logAppendEntries(1545)) - s2@group-BDFE845AF3B0: appendEntries* reply s9<-s2#8567:OK-t1,SUCCESS,nextIndex=231,followerCommit=229,matchIndex=230
2024-10-09 04:30:06,273 DEBUG server.RaftServer$Division (RaftServerImpl.java:logAppendEntries(1545)) - s0@group-BDFE845AF3B0: appendEntries* reply s9<-s0#8560:OK-t1,SUCCESS,nextIndex=231,followerCommit=229,matchIndex=230
2024-10-09 04:30:06,275 DEBUG server.RaftServer$Division (RaftServerImpl.java:logAppendEntries(1545)) - s1@group-BDFE845AF3B0: appendEntries* reply s9<-s1#8570:OK-t1,SUCCESS,nextIndex=231,followerCommit=229,matchIndex=230
2024-10-09 04:30:06,274 DEBUG server.RaftServer$Division (RaftServerImpl.java:logAppendEntries(1545)) - s12@group-BDFE845AF3B0: appendEntries* s9->s12#8574-t1,previous=(t:1, i:229),leaderCommit=230,initializing? false,entries: size=1, first=(t:1, i:230), METADATAENTRY(c:229)
2024-10-09 04:30:06,274 DEBUG server.RaftServer$Division (RaftServerImpl.java:logAppendEntries(1545)) - s7@group-BDFE845AF3B0: appendEntries* s9->s7#8572-t1,previous=(t:1, i:229),leaderCommit=229,initializing? false,entries: size=1, first=(t:1, i:230), METADATAENTRY(c:229)
2024-10-09 04:30:06,275 DEBUG server.RaftServer$Division (RaftServerImpl.java:submitClientRequestAsync(916)) - s9@group-BDFE845AF3B0: receive client request(RaftClientRequest:client-CAAA969A923D->s9@group-BDFE845AF3B0, cid=8573, seq=null, RW, Message:0101620240bba8000000...(size=12))
2024-10-09 04:30:06,275 DEBUG server.RaftServer$Division (LeaderStateImpl.java:addPendingRequest(529)) - s9@group-BDFE845AF3B0-LeaderStateImpl: addPendingRequest at RaftClientRequest:client-CAAA969A923D->s9@group-BDFE845AF3B0, cid=8573, seq=null, RW, Message:0101620240bba8000000...(size=12), entry=(t:1, i:231), STATEMACHINELOGENTRY, WRITE: logData.size=12, stateMachineData.size=0, logEntryProtoSerializedSize=0
2024-10-09 04:30:06,275 DEBUG server.RaftServer$Division (RaftServerImpl.java:logAppendEntries(1545)) - s13@group-BDFE845AF3B0: appendEntries* reply s9<-s13#8571:OK-t1,SUCCESS,nextIndex=231,followerCommit=229,matchIndex=230
2024-10-09 04:30:06,275 DEBUG server.RaftServer$Division (RaftServerImpl.java:logAppendEntries(1545)) - s7@group-BDFE845AF3B0: appendEntries* reply s9<-s7#8572:OK-t1,SUCCESS,nextIndex=231,followerCommit=229,matchIndex=230
2024-10-09 04:30:06,275 DEBUG server.RaftServer$Division (RaftServerImpl.java:logAppendEntries(1545)) - s12@group-BDFE845AF3B0: appendEntries* reply s9<-s12#8574:OK-t1,SUCCESS,nextIndex=231,followerCommit=230,matchIndex=230
2024-10-09 04:30:06,276 DEBUG server.RaftServer$Division (RaftServerImpl.java:logAppendEntries(1545)) - s11@group-BDFE845AF3B0: appendEntries* s9->s11#8579-t1,previous=(t:1, i:230),leaderCommit=230,initializing? false,entries: size=1, first=(t:1, i:231), STATEMACHINELOGENTRY, StateMachineLogEntryProto:8573@client-CAAA969A923D
2024-10-09 04:30:06,276 DEBUG server.RaftServer$Division (RaftServerImpl.java:logAppendEntries(1545)) - s14@group-BDFE845AF3B0: appendEntries* s9->s14#8581-t1,previous=(t:1, i:230),leaderCommit=230,initializing? false,entries: size=1, first=(t:1, i:231), STATEMACHINELOGENTRY, StateMachineLogEntryProto:8573@client-CAAA969A923D
2024-10-09 04:30:06,276 DEBUG server.RaftServer$Division (RaftServerImpl.java:logAppendEntries(1545)) - s5@group-BDFE845AF3B0: appendEntries* s9->s5#8577-t1,previous=(t:1, i:230),leaderCommit=230,initializing? false,entries: size=1, first=(t:1, i:231), STATEMACHINELOGENTRY, StateMachineLogEntryProto:8573@client-CAAA969A923D
2024-10-09 04:30:06,276 DEBUG server.RaftServer$Division (RaftServerImpl.java:logAppendEntries(1545)) - s3@group-BDFE845AF3B0: appendEntries* s9->s3#8582-t1,previous=(t:1, i:230),leaderCommit=230,initializing? false,entries: size=1, first=(t:1, i:231), STATEMACHINELOGENTRY, StateMachineLogEntryProto:8573@client-CAAA969A923D
2024-10-09 04:30:06,276 DEBUG server.RaftServer$Division (RaftServerImpl.java:logAppendEntries(1545)) - s1@group-BDFE845AF3B0: appendEntries* s9->s1#8584-t1,previous=(t:1, i:230),leaderCommit=230,initializing? false,entries: size=1, first=(t:1, i:231), STATEMACHINELOGENTRY, StateMachineLogEntryProto:8573@client-CAAA969A923D
2024-10-09 04:30:06,277 DEBUG server.RaftServer$Division (RaftServerImpl.java:logAppendEntries(1545)) - s11@group-BDFE845AF3B0: appendEntries* reply s9<-s11#8579:OK-t1,SUCCESS,nextIndex=232,followerCommit=230,matchIndex=231
2024-10-09 04:30:06,277 DEBUG server.RaftServer$Division (RaftServerImpl.java:logAppendEntries(1545)) - s14@group-BDFE845AF3B0: appendEntries* reply s9<-s14#8581:OK-t1,SUCCESS,nextIndex=232,followerCommit=230,matchIndex=231
2024-10-09 04:30:06,277 DEBUG server.RaftServer$Division (RaftServerImpl.java:logAppendEntries(1545)) - s0@group-BDFE845AF3B0: appendEntries* s9->s0#8575-t1,previous=(t:1, i:230),leaderCommit=230,initializing? false,entries: size=1, first=(t:1, i:231), STATEMACHINELOGENTRY, StateMachineLogEntryProto:8573@client-CAAA969A923D
2024-10-09 04:30:06,277 DEBUG server.RaftServer$Division (RaftServerImpl.java:logAppendEntries(1545)) - s6@group-BDFE845AF3B0: appendEntries* s9->s6#8583-t1,previous=(t:1, i:230),leaderCommit=230,initializing? false,entries: size=1, first=(t:1, i:231), STATEMACHINELOGENTRY, StateMachineLogEntryProto:8573@client-CAAA969A923D
2024-10-09 04:30:06,276 DEBUG server.RaftServer$Division (RaftServerImpl.java:logAppendEntries(1545)) - s4@group-BDFE845AF3B0: appendEntries* s9->s4#8580-t1,previous=(t:1, i:230),leaderCommit=230,initializing? false,entries: size=1, first=(t:1, i:231), STATEMACHINELOGENTRY, StateMachineLogEntryProto:8573@client-CAAA969A923D
2024-10-09 04:30:06,277 DEBUG server.RaftServer$Division (RaftServerImpl.java:logAppendEntries(1545)) - s2@group-BDFE845AF3B0: appendEntries* s9->s2#8585-t1,previous=(t:1, i:230),leaderCommit=230,initializing? false,entries: size=1, first=(t:1, i:231), STATEMACHINELOGENTRY, StateMachineLogEntryProto:8573@client-CAAA969A923D
2024-10-09 04:30:06,277 DEBUG server.RaftServer$Division (RaftServerImpl.java:logAppendEntries(1545)) - s1@group-BDFE845AF3B0: appendEntries* reply s9<-s1#8584:OK-t1,SUCCESS,nextIndex=232,followerCommit=230,matchIndex=231
2024-10-09 04:30:06,277 DEBUG server.RaftServer$Division (RaftServerImpl.java:logAppendEntries(1545)) - s3@group-BDFE845AF3B0: appendEntries* reply s9<-s3#8582:OK-t1,SUCCESS,nextIndex=232,followerCommit=230,matchIndex=231
2024-10-09 04:30:06,278 DEBUG server.RaftServer$Division (RaftServerImpl.java:logAppendEntries(1545)) - s0@group-BDFE845AF3B0: appendEntries* reply s9<-s0#8575:OK-t1,SUCCESS,nextIndex=232,followerCommit=230,matchIndex=231
2024-10-09 04:30:06,278 DEBUG server.RaftServer$Division (RaftServerImpl.java:logAppendEntries(1545)) - s4@group-BDFE845AF3B0: appendEntries* reply s9<-s4#8580:OK-t1,SUCCESS,nextIndex=232,followerCommit=230,matchIndex=231
2024-10-09 04:30:06,278 DEBUG server.RaftServer$Division (RaftServerImpl.java:logAppendEntries(1545)) - s6@group-BDFE845AF3B0: appendEntries* reply s9<-s6#8583:OK-t1,SUCCESS,nextIndex=232,followerCommit=230,matchIndex=231
2024-10-09 04:30:06,278 DEBUG server.RaftServer$Division (RaftServerImpl.java:logAppendEntries(1545)) - s2@group-BDFE845AF3B0: appendEntries* reply s9<-s2#8585:OK-t1,SUCCESS,nextIndex=232,followerCommit=230,matchIndex=231
2024-10-09 04:30:06,277 DEBUG server.RaftServer$Division (RaftServerImpl.java:logAppendEntries(1545)) - s10@group-BDFE845AF3B0: appendEntries* s9->s10#8578-t1,previous=(t:1, i:230),leaderCommit=230,initializing? false,entries: size=1, first=(t:1, i:231), STATEMACHINELOGENTRY, StateMachineLogEntryProto:8573@client-CAAA969A923D
2024-10-09 04:30:06,277 DEBUG server.RaftServer$Division (RaftServerImpl.java:logAppendEntries(1545)) - s5@group-BDFE845AF3B0: appendEntries* reply s9<-s5#8577:OK-t1,SUCCESS,nextIndex=232,followerCommit=230,matchIndex=231
2024-10-09 04:30:06,278 DEBUG server.RaftServer$Division (RaftServerImpl.java:logAppendEntries(1545)) - s8@group-BDFE845AF3B0: appendEntries* s9->s8#8587-t1,previous=(t:1, i:230),leaderCommit=230,initializing? false,entries: size=1, first=(t:1, i:231), STATEMACHINELOGENTRY, StateMachineLogEntryProto:8573@client-CAAA969A923D
2024-10-09 04:30:06,279 DEBUG server.RaftServer$Division (RaftServerImpl.java:logAppendEntries(1545)) - s5@group-BDFE845AF3B0: appendEntries* s9->s5#8589-t1,previous=(t:1, i:231),leaderCommit=231,initializing? false,entries: size=1, first=(t:1, i:232), METADATAENTRY(c:231)
2024-10-09 04:30:06,279 DEBUG server.RaftServer$Division (RaftServerImpl.java:logAppendEntries(1545)) - s8@group-BDFE845AF3B0: appendEntries* reply s9<-s8#8587:OK-t1,SUCCESS,nextIndex=232,followerCommit=230,matchIndex=231
2024-10-09 04:30:06,279 DEBUG server.RaftServer$Division (RaftServerImpl.java:logAppendEntries(1545)) - s0@group-BDFE845AF3B0: appendEntries* s9->s0#8595-t1,previous=(t:1, i:231),leaderCommit=231,initializing? false,entries: size=1, first=(t:1, i:232), METADATAENTRY(c:231)
2024-10-09 04:30:06,280 DEBUG server.RaftServer$Division (RaftServerImpl.java:logAppendEntries(1545)) - s5@group-BDFE845AF3B0: appendEntries* reply s9<-s5#8589:OK-t1,SUCCESS,nextIndex=233,followerCommit=231,matchIndex=232
2024-10-09 04:30:06,280 DEBUG server.RaftServer$Division (RaftServerImpl.java:logAppendEntries(1545)) - s12@group-BDFE845AF3B0: appendEntries* s9->s12#8588-t1,previous=(t:1, i:230),leaderCommit=230,initializing? false,entries: size=1, first=(t:1, i:231), STATEMACHINELOGENTRY, StateMachineLogEntryProto:8573@client-CAAA969A923D
2024-10-09 04:30:06,278 DEBUG server.RaftServer$Division (RaftServerImpl.java:logAppendEntries(1545)) - s7@group-BDFE845AF3B0: appendEntries* s9->s7#8586-t1,previous=(t:1, i:230),leaderCommit=230,initializing? false,entries: size=1, first=(t:1, i:231), STATEMACHINELOGENTRY, StateMachineLogEntryProto:8573@client-CAAA969A923D
2024-10-09 04:30:06,277 DEBUG server.RaftServer$Division (RaftServerImpl.java:logAppendEntries(1545)) - s13@group-BDFE845AF3B0: appendEntries* s9->s13#8576-t1,previous=(t:1, i:230),leaderCommit=230,initializing? false,entries: size=1, first=(t:1, i:231), STATEMACHINELOGENTRY, StateMachineLogEntryProto:8573@client-CAAA969A923D
2024-10-09 04:30:06,280 DEBUG server.RaftServer$Division (RaftServerImpl.java:logAppendEntries(1545)) - s8@group-BDFE845AF3B0: appendEntries* s9->s8#8598-t1,previous=(t:1, i:231),leaderCommit=231,initializing? false,entries: size=1, first=(t:1, i:232), METADATAENTRY(c:231)
2024-10-09 04:30:06,280 DEBUG server.RaftServer$Division (RaftServerImpl.java:logAppendEntries(1545)) - s2@group-BDFE845AF3B0: appendEntries* s9->s2#8590-t1,previous=(t:1, i:231),leaderCommit=231,initializing? false,entries: size=1, first=(t:1, i:232), METADATAENTRY(c:231)
2024-10-09 04:30:06,279 DEBUG server.RaftServer$Division (RaftServerImpl.java:logAppendEntries(1545)) - s6@group-BDFE845AF3B0: appendEntries* s9->s6#8597-t1,previous=(t:1, i:231),leaderCommit=231,initializing? false,entries: size=1, first=(t:1, i:232), METADATAENTRY(c:231)
2024-10-09 04:30:06,279 DEBUG server.RaftServer$Division (RaftServerImpl.java:logAppendEntries(1545)) - s3@group-BDFE845AF3B0: appendEntries* s9->s3#8596-t1,previous=(t:1, i:231),leaderCommit=231,initializing? false,entries: size=1, first=(t:1, i:232), METADATAENTRY(c:231)
2024-10-09 04:30:06,279 DEBUG server.RaftServer$Division (RaftServerImpl.java:logAppendEntries(1545)) - s11@group-BDFE845AF3B0: appendEntries* s9->s11#8594-t1,previous=(t:1, i:231),leaderCommit=231,initializing? false,entries: size=1, first=(t:1, i:232), METADATAENTRY(c:231)
2024-10-09 04:30:06,279 DEBUG server.RaftServer$Division (RaftServerImpl.java:logAppendEntries(1545)) - s1@group-BDFE845AF3B0: appendEntries* s9->s1#8593-t1,previous=(t:1, i:231),leaderCommit=231,initializing? false,entries: size=1, first=(t:1, i:232), METADATAENTRY(c:231)
2024-10-09 04:30:06,279 DEBUG server.RaftServer$Division (RaftServerImpl.java:logAppendEntries(1545)) - s4@group-BDFE845AF3B0: appendEntries* s9->s4#8591-t1,previous=(t:1, i:231),leaderCommit=231,initializing? false,entries: size=1, first=(t:1, i:232), METADATAENTRY(c:231)
2024-10-09 04:30:06,281 DEBUG server.RaftServer$Division (RaftServerImpl.java:logAppendEntries(1545)) - s2@group-BDFE845AF3B0: appendEntries* reply s9<-s2#8590:OK-t1,SUCCESS,nextIndex=233,followerCommit=231,matchIndex=232
2024-10-09 04:30:06,279 DEBUG server.RaftServer$Division (RaftServerImpl.java:logAppendEntries(1545)) - s14@group-BDFE845AF3B0: appendEntries* s9->s14#8592-t1,previous=(t:1, i:231),leaderCommit=231,initializing? false,entries: size=1, first=(t:1, i:232), METADATAENTRY(c:231)
2024-10-09 04:30:06,279 DEBUG server.RaftServer$Division (RaftServerImpl.java:logAppendEntries(1545)) - s10@group-BDFE845AF3B0: appendEntries* reply s9<-s10#8578:OK-t1,SUCCESS,nextIndex=232,followerCommit=230,matchIndex=231
2024-10-09 04:30:06,279 INFO  statemachine.StateMachine (ArithmeticStateMachine.java:applyTransaction(181)) - LEADER:s9-231: b = 7080 = 7080
2024-10-09 04:30:06,281 DEBUG server.RaftServer$Division (RaftServerImpl.java:logAppendEntries(1545)) - s11@group-BDFE845AF3B0: appendEntries* reply s9<-s11#8594:OK-t1,SUCCESS,nextIndex=233,followerCommit=231,matchIndex=232
2024-10-09 04:30:06,281 DEBUG server.RaftServer$Division (RaftServerImpl.java:logAppendEntries(1545)) - s4@group-BDFE845AF3B0: appendEntries* reply s9<-s4#8591:OK-t1,SUCCESS,nextIndex=233,followerCommit=231,matchIndex=232
2024-10-09 04:30:06,282 DEBUG server.RaftServer$Division (RaftServerImpl.java:logAppendEntries(1545)) - s1@group-BDFE845AF3B0: appendEntries* reply s9<-s1#8593:OK-t1,SUCCESS,nextIndex=233,followerCommit=231,matchIndex=232
2024-10-09 04:30:06,281 DEBUG server.RaftServer$Division (RaftServerImpl.java:logAppendEntries(1545)) - s6@group-BDFE845AF3B0: appendEntries* reply s9<-s6#8597:OK-t1,SUCCESS,nextIndex=233,followerCommit=231,matchIndex=232
2024-10-09 04:30:06,281 DEBUG server.RaftServer$Division (RaftServerImpl.java:logAppendEntries(1545)) - s3@group-BDFE845AF3B0: appendEntries* reply s9<-s3#8596:OK-t1,SUCCESS,nextIndex=233,followerCommit=231,matchIndex=232
2024-10-09 04:30:06,280 DEBUG server.RaftServer$Division (RaftServerImpl.java:logAppendEntries(1545)) - s13@group-BDFE845AF3B0: appendEntries* reply s9<-s13#8576:OK-t1,SUCCESS,nextIndex=232,followerCommit=230,matchIndex=231
2024-10-09 04:30:06,280 DEBUG server.RaftServer$Division (RaftServerImpl.java:logAppendEntries(1545)) - s8@group-BDFE845AF3B0: appendEntries* reply s9<-s8#8598:OK-t1,SUCCESS,nextIndex=233,followerCommit=231,matchIndex=232
2024-10-09 04:30:06,282 DEBUG server.RaftServer$Division (RaftServerImpl.java:logAppendEntries(1545)) - s14@group-BDFE845AF3B0: appendEntries* reply s9<-s14#8592:OK-t1,SUCCESS,nextIndex=233,followerCommit=231,matchIndex=232
2024-10-09 04:30:06,280 DEBUG server.RaftServer$Division (RaftServerImpl.java:logAppendEntries(1545)) - s7@group-BDFE845AF3B0: appendEntries* reply s9<-s7#8586:OK-t1,SUCCESS,nextIndex=232,followerCommit=230,matchIndex=231
2024-10-09 04:30:06,280 DEBUG server.RaftServer$Division (RaftServerImpl.java:logAppendEntries(1545)) - s12@group-BDFE845AF3B0: appendEntries* reply s9<-s12#8588:OK-t1,SUCCESS,nextIndex=232,followerCommit=230,matchIndex=231
2024-10-09 04:30:06,280 DEBUG server.RaftServer$Division (RaftServerImpl.java:logAppendEntries(1545)) - s0@group-BDFE845AF3B0: appendEntries* reply s9<-s0#8595:OK-t1,SUCCESS,nextIndex=233,followerCommit=231,matchIndex=232
2024-10-09 04:30:06,282 DEBUG server.RaftServer$Division (RaftServerImpl.java:logAppendEntries(1545)) - s10@group-BDFE845AF3B0: appendEntries* s9->s10#8599-t1,previous=(t:1, i:231),leaderCommit=231,initializing? false,entries: size=1, first=(t:1, i:232), METADATAENTRY(c:231)
2024-10-09 04:30:06,283 DEBUG server.RaftServer$Division (RaftServerImpl.java:logAppendEntries(1545)) - s10@group-BDFE845AF3B0: appendEntries* reply s9<-s10#8599:OK-t1,SUCCESS,nextIndex=233,followerCommit=231,matchIndex=232
2024-10-09 04:30:06,283 DEBUG server.RaftServer$Division (RaftServerImpl.java:logAppendEntries(1545)) - s12@group-BDFE845AF3B0: appendEntries* s9->s12#8601-t1,previous=(t:1, i:231),leaderCommit=232,initializing? false,entries: size=1, first=(t:1, i:232), METADATAENTRY(c:231)
2024-10-09 04:30:06,283 DEBUG server.RaftServer$Division (RaftServerImpl.java:submitClientRequestAsync(916)) - s9@group-BDFE845AF3B0: receive client request(RaftClientRequest:client-CAAA969A923D->s9@group-BDFE845AF3B0, cid=8600, seq=null, RW, Message:01016304010300040201...(size=17))
2024-10-09 04:30:06,283 DEBUG server.RaftServer$Division (RaftServerImpl.java:logAppendEntries(1545)) - s7@group-BDFE845AF3B0: appendEntries* s9->s7#8602-t1,previous=(t:1, i:231),leaderCommit=232,initializing? false,entries: size=1, first=(t:1, i:232), METADATAENTRY(c:231)
2024-10-09 04:30:06,284 DEBUG server.RaftServer$Division (RaftServerImpl.java:logAppendEntries(1545)) - s12@group-BDFE845AF3B0: appendEntries* reply s9<-s12#8601:OK-t1,SUCCESS,nextIndex=233,followerCommit=232,matchIndex=232
2024-10-09 04:30:06,284 DEBUG server.RaftServer$Division (LeaderStateImpl.java:addPendingRequest(529)) - s9@group-BDFE845AF3B0-LeaderStateImpl: addPendingRequest at RaftClientRequest:client-CAAA969A923D->s9@group-BDFE845AF3B0, cid=8600, seq=null, RW, Message:01016304010300040201...(size=17), entry=(t:1, i:233), STATEMACHINELOGENTRY, WRITE: logData.size=17, stateMachineData.size=0, logEntryProtoSerializedSize=0
2024-10-09 04:30:06,284 DEBUG server.RaftServer$Division (RaftServerImpl.java:logAppendEntries(1545)) - s13@group-BDFE845AF3B0: appendEntries* s9->s13#8603-t1,previous=(t:1, i:231),leaderCommit=232,initializing? false,entries: size=1, first=(t:1, i:232), METADATAENTRY(c:231)
2024-10-09 04:30:06,285 DEBUG server.RaftServer$Division (RaftServerImpl.java:logAppendEntries(1545)) - s6@group-BDFE845AF3B0: appendEntries* s9->s6#8613-t1,previous=(t:1, i:232),leaderCommit=232,initializing? false,entries: size=1, first=(t:1, i:233), STATEMACHINELOGENTRY, StateMachineLogEntryProto:8600@client-CAAA969A923D
2024-10-09 04:30:06,285 DEBUG server.RaftServer$Division (RaftServerImpl.java:logAppendEntries(1545)) - s12@group-BDFE845AF3B0: appendEntries* s9->s12#8605-t1,previous=(t:1, i:232),leaderCommit=232,initializing? false,entries: size=1, first=(t:1, i:233), STATEMACHINELOGENTRY, StateMachineLogEntryProto:8600@client-CAAA969A923D
2024-10-09 04:30:06,285 DEBUG server.RaftServer$Division (RaftServerImpl.java:logAppendEntries(1545)) - s3@group-BDFE845AF3B0: appendEntries* s9->s3#8614-t1,previous=(t:1, i:232),leaderCommit=232,initializing? false,entries: size=1, first=(t:1, i:233), STATEMACHINELOGENTRY, StateMachineLogEntryProto:8600@client-CAAA969A923D
2024-10-09 04:30:06,285 DEBUG server.RaftServer$Division (RaftServerImpl.java:logAppendEntries(1545)) - s8@group-BDFE845AF3B0: appendEntries* s9->s8#8615-t1,previous=(t:1, i:232),leaderCommit=232,initializing? false,entries: size=1, first=(t:1, i:233), STATEMACHINELOGENTRY, StateMachineLogEntryProto:8600@client-CAAA969A923D
2024-10-09 04:30:06,286 DEBUG server.RaftServer$Division (RaftServerImpl.java:logAppendEntries(1545)) - s6@group-BDFE845AF3B0: appendEntries* reply s9<-s6#8613:OK-t1,SUCCESS,nextIndex=234,followerCommit=232,matchIndex=233
2024-10-09 04:30:06,285 DEBUG server.RaftServer$Division (RaftServerImpl.java:logAppendEntries(1545)) - s2@group-BDFE845AF3B0: appendEntries* s9->s2#8610-t1,previous=(t:1, i:232),leaderCommit=232,initializing? false,entries: size=1, first=(t:1, i:233), STATEMACHINELOGENTRY, StateMachineLogEntryProto:8600@client-CAAA969A923D
2024-10-09 04:30:06,285 DEBUG server.RaftServer$Division (RaftServerImpl.java:logAppendEntries(1545)) - s0@group-BDFE845AF3B0: appendEntries* s9->s0#8611-t1,previous=(t:1, i:232),leaderCommit=232,initializing? false,entries: size=1, first=(t:1, i:233), STATEMACHINELOGENTRY, StateMachineLogEntryProto:8600@client-CAAA969A923D
2024-10-09 04:30:06,285 DEBUG server.RaftServer$Division (RaftServerImpl.java:logAppendEntries(1545)) - s5@group-BDFE845AF3B0: appendEntries* s9->s5#8609-t1,previous=(t:1, i:232),leaderCommit=232,initializing? false,entries: size=1, first=(t:1, i:233), STATEMACHINELOGENTRY, StateMachineLogEntryProto:8600@client-CAAA969A923D
2024-10-09 04:30:06,285 DEBUG server.RaftServer$Division (RaftServerImpl.java:logAppendEntries(1545)) - s1@group-BDFE845AF3B0: appendEntries* s9->s1#8606-t1,previous=(t:1, i:232),leaderCommit=232,initializing? false,entries: size=1, first=(t:1, i:233), STATEMACHINELOGENTRY, StateMachineLogEntryProto:8600@client-CAAA969A923D
2024-10-09 04:30:06,285 DEBUG server.RaftServer$Division (RaftServerImpl.java:logAppendEntries(1545)) - s10@group-BDFE845AF3B0: appendEntries* s9->s10#8608-t1,previous=(t:1, i:232),leaderCommit=232,initializing? false,entries: size=1, first=(t:1, i:233), STATEMACHINELOGENTRY, StateMachineLogEntryProto:8600@client-CAAA969A923D
2024-10-09 04:30:06,284 DEBUG server.RaftServer$Division (RaftServerImpl.java:logAppendEntries(1545)) - s14@group-BDFE845AF3B0: appendEntries* s9->s14#8612-t1,previous=(t:1, i:232),leaderCommit=232,initializing? false,entries: size=1, first=(t:1, i:233), STATEMACHINELOGENTRY, StateMachineLogEntryProto:8600@client-CAAA969A923D
2024-10-09 04:30:06,284 DEBUG server.RaftServer$Division (RaftServerImpl.java:logAppendEntries(1545)) - s4@group-BDFE845AF3B0: appendEntries* s9->s4#8607-t1,previous=(t:1, i:232),leaderCommit=232,initializing? false,entries: size=1, first=(t:1, i:233), STATEMACHINELOGENTRY, StateMachineLogEntryProto:8600@client-CAAA969A923D
2024-10-09 04:30:06,286 DEBUG server.RaftServer$Division (RaftServerImpl.java:logAppendEntries(1545)) - s12@group-BDFE845AF3B0: appendEntries* reply s9<-s12#8605:OK-t1,SUCCESS,nextIndex=234,followerCommit=232,matchIndex=233
2024-10-09 04:30:06,287 DEBUG server.RaftServer$Division (RaftServerImpl.java:logAppendEntries(1545)) - s2@group-BDFE845AF3B0: appendEntries* reply s9<-s2#8610:OK-t1,SUCCESS,nextIndex=234,followerCommit=232,matchIndex=233
2024-10-09 04:30:06,284 DEBUG server.RaftServer$Division (RaftServerImpl.java:logAppendEntries(1545)) - s11@group-BDFE845AF3B0: appendEntries* s9->s11#8604-t1,previous=(t:1, i:232),leaderCommit=232,initializing? false,entries: size=1, first=(t:1, i:233), STATEMACHINELOGENTRY, StateMachineLogEntryProto:8600@client-CAAA969A923D
2024-10-09 04:30:06,284 DEBUG server.RaftServer$Division (RaftServerImpl.java:logAppendEntries(1545)) - s7@group-BDFE845AF3B0: appendEntries* reply s9<-s7#8602:OK-t1,SUCCESS,nextIndex=233,followerCommit=232,matchIndex=232
2024-10-09 04:30:06,287 DEBUG server.RaftServer$Division (RaftServerImpl.java:logAppendEntries(1545)) - s4@group-BDFE845AF3B0: appendEntries* reply s9<-s4#8607:OK-t1,SUCCESS,nextIndex=234,followerCommit=232,matchIndex=233
2024-10-09 04:30:06,287 DEBUG server.RaftServer$Division (RaftServerImpl.java:logAppendEntries(1545)) - s10@group-BDFE845AF3B0: appendEntries* reply s9<-s10#8608:OK-t1,SUCCESS,nextIndex=234,followerCommit=232,matchIndex=233
2024-10-09 04:30:06,287 DEBUG server.RaftServer$Division (RaftServerImpl.java:logAppendEntries(1545)) - s1@group-BDFE845AF3B0: appendEntries* reply s9<-s1#8606:OK-t1,SUCCESS,nextIndex=234,followerCommit=232,matchIndex=233
2024-10-09 04:30:06,286 DEBUG server.RaftServer$Division (RaftServerImpl.java:logAppendEntries(1545)) - s5@group-BDFE845AF3B0: appendEntries* reply s9<-s5#8609:OK-t1,SUCCESS,nextIndex=234,followerCommit=232,matchIndex=233
2024-10-09 04:30:06,286 DEBUG server.RaftServer$Division (RaftServerImpl.java:logAppendEntries(1545)) - s8@group-BDFE845AF3B0: appendEntries* reply s9<-s8#8615:OK-t1,SUCCESS,nextIndex=234,followerCommit=232,matchIndex=233
2024-10-09 04:30:06,286 DEBUG server.RaftServer$Division (RaftServerImpl.java:logAppendEntries(1545)) - s3@group-BDFE845AF3B0: appendEntries* reply s9<-s3#8614:OK-t1,SUCCESS,nextIndex=234,followerCommit=232,matchIndex=233
2024-10-09 04:30:06,286 DEBUG server.RaftServer$Division (RaftServerImpl.java:logAppendEntries(1545)) - s13@group-BDFE845AF3B0: appendEntries* reply s9<-s13#8603:OK-t1,SUCCESS,nextIndex=233,followerCommit=232,matchIndex=232
2024-10-09 04:30:06,287 DEBUG server.RaftServer$Division (RaftServerImpl.java:logAppendEntries(1545)) - s14@group-BDFE845AF3B0: appendEntries* reply s9<-s14#8612:OK-t1,SUCCESS,nextIndex=234,followerCommit=232,matchIndex=233
2024-10-09 04:30:06,287 DEBUG server.RaftServer$Division (RaftServerImpl.java:logAppendEntries(1545)) - s11@group-BDFE845AF3B0: appendEntries* reply s9<-s11#8604:OK-t1,SUCCESS,nextIndex=234,followerCommit=232,matchIndex=233
2024-10-09 04:30:06,288 INFO  statemachine.StateMachine (ArithmeticStateMachine.java:applyTransaction(181)) - LEADER:s9-233: c = √(a^2 + b^2) = 7081
2024-10-09 04:30:06,288 DEBUG server.RaftServer$Division (RaftServerImpl.java:logAppendEntries(1545)) - s14@group-BDFE845AF3B0: appendEntries* s9->s14#8616-t1,previous=(t:1, i:233),leaderCommit=233,initializing? false,entries: size=1, first=(t:1, i:234), METADATAENTRY(c:233)
2024-10-09 04:30:06,288 DEBUG server.RaftServer$Division (RaftServerImpl.java:logAppendEntries(1545)) - s0@group-BDFE845AF3B0: appendEntries* reply s9<-s0#8611:OK-t1,SUCCESS,nextIndex=234,followerCommit=232,matchIndex=233
2024-10-09 04:30:06,288 DEBUG server.RaftServer$Division (RaftServerImpl.java:logAppendEntries(1545)) - s1@group-BDFE845AF3B0: appendEntries* s9->s1#8618-t1,previous=(t:1, i:233),leaderCommit=233,initializing? false,entries: size=1, first=(t:1, i:234), METADATAENTRY(c:233)
2024-10-09 04:30:06,288 DEBUG server.RaftServer$Division (RaftServerImpl.java:logAppendEntries(1545)) - s5@group-BDFE845AF3B0: appendEntries* s9->s5#8621-t1,previous=(t:1, i:233),leaderCommit=233,initializing? false,entries: size=1, first=(t:1, i:234), METADATAENTRY(c:233)
2024-10-09 04:30:06,288 DEBUG server.RaftServer$Division (RaftServerImpl.java:logAppendEntries(1545)) - s4@group-BDFE845AF3B0: appendEntries* s9->s4#8619-t1,previous=(t:1, i:233),leaderCommit=233,initializing? false,entries: size=1, first=(t:1, i:234), METADATAENTRY(c:233)
2024-10-09 04:30:06,289 DEBUG server.RaftServer$Division (RaftServerImpl.java:logAppendEntries(1545)) - s11@group-BDFE845AF3B0: appendEntries* s9->s11#8624-t1,previous=(t:1, i:233),leaderCommit=233,initializing? false,entries: size=1, first=(t:1, i:234), METADATAENTRY(c:233)
2024-10-09 04:30:06,289 DEBUG server.RaftServer$Division (RaftServerImpl.java:logAppendEntries(1545)) - s5@group-BDFE845AF3B0: appendEntries* reply s9<-s5#8621:OK-t1,SUCCESS,nextIndex=235,followerCommit=233,matchIndex=234
2024-10-09 04:30:06,289 DEBUG server.RaftServer$Division (RaftServerImpl.java:logAppendEntries(1545)) - s14@group-BDFE845AF3B0: appendEntries* reply s9<-s14#8616:OK-t1,SUCCESS,nextIndex=235,followerCommit=233,matchIndex=234
2024-10-09 04:30:06,289 DEBUG server.RaftServer$Division (RaftServerImpl.java:logAppendEntries(1545)) - s8@group-BDFE845AF3B0: appendEntries* s9->s8#8617-t1,previous=(t:1, i:233),leaderCommit=233,initializing? false,entries: size=1, first=(t:1, i:234), METADATAENTRY(c:233)
2024-10-09 04:30:06,289 DEBUG server.RaftServer$Division (RaftServerImpl.java:logAppendEntries(1545)) - s3@group-BDFE845AF3B0: appendEntries* s9->s3#8623-t1,previous=(t:1, i:233),leaderCommit=233,initializing? false,entries: size=1, first=(t:1, i:234), METADATAENTRY(c:233)
2024-10-09 04:30:06,289 DEBUG server.RaftServer$Division (RaftServerImpl.java:logAppendEntries(1545)) - s11@group-BDFE845AF3B0: appendEntries* reply s9<-s11#8624:OK-t1,SUCCESS,nextIndex=235,followerCommit=233,matchIndex=234
2024-10-09 04:30:06,289 DEBUG server.RaftServer$Division (RaftServerImpl.java:logAppendEntries(1545)) - s6@group-BDFE845AF3B0: appendEntries* s9->s6#8626-t1,previous=(t:1, i:233),leaderCommit=233,initializing? false,entries: size=1, first=(t:1, i:234), METADATAENTRY(c:233)
2024-10-09 04:30:06,289 DEBUG server.RaftServer$Division (RaftServerImpl.java:logAppendEntries(1545)) - s8@group-BDFE845AF3B0: appendEntries* reply s9<-s8#8617:OK-t1,SUCCESS,nextIndex=235,followerCommit=233,matchIndex=234
2024-10-09 04:30:06,290 DEBUG server.RaftServer$Division (RaftServerImpl.java:logAppendEntries(1545)) - s2@group-BDFE845AF3B0: appendEntries* s9->s2#8622-t1,previous=(t:1, i:233),leaderCommit=233,initializing? false,entries: size=1, first=(t:1, i:234), METADATAENTRY(c:233)
2024-10-09 04:30:06,289 DEBUG server.RaftServer$Division (RaftServerImpl.java:logAppendEntries(1545)) - s0@group-BDFE845AF3B0: appendEntries* s9->s0#8625-t1,previous=(t:1, i:233),leaderCommit=233,initializing? false,entries: size=1, first=(t:1, i:234), METADATAENTRY(c:233)
2024-10-09 04:30:06,289 DEBUG server.RaftServer$Division (RaftServerImpl.java:logAppendEntries(1545)) - s1@group-BDFE845AF3B0: appendEntries* reply s9<-s1#8618:OK-t1,SUCCESS,nextIndex=235,followerCommit=233,matchIndex=234
2024-10-09 04:30:06,289 DEBUG server.RaftServer$Division (RaftServerImpl.java:logAppendEntries(1545)) - s4@group-BDFE845AF3B0: appendEntries* reply s9<-s4#8619:OK-t1,SUCCESS,nextIndex=235,followerCommit=233,matchIndex=234
2024-10-09 04:30:06,290 DEBUG server.RaftServer$Division (RaftServerImpl.java:logAppendEntries(1545)) - s3@group-BDFE845AF3B0: appendEntries* reply s9<-s3#8623:OK-t1,SUCCESS,nextIndex=235,followerCommit=233,matchIndex=234
2024-10-09 04:30:06,290 DEBUG server.RaftServer$Division (RaftServerImpl.java:logAppendEntries(1545)) - s7@group-BDFE845AF3B0: appendEntries* s9->s7#8627-t1,previous=(t:1, i:232),leaderCommit=233,initializing? false,entries: size=2, first=(t:1, i:233), STATEMACHINELOGENTRY, StateMachineLogEntryProto:8600@client-CAAA969A923D
2024-10-09 04:30:06,290 DEBUG server.RaftServer$Division (RaftServerImpl.java:logAppendEntries(1545)) - s10@group-BDFE845AF3B0: appendEntries* s9->s10#8620-t1,previous=(t:1, i:233),leaderCommit=233,initializing? false,entries: size=1, first=(t:1, i:234), METADATAENTRY(c:233)
2024-10-09 04:30:06,291 DEBUG server.RaftServer$Division (RaftServerImpl.java:logAppendEntries(1545)) - s0@group-BDFE845AF3B0: appendEntries* reply s9<-s0#8625:OK-t1,SUCCESS,nextIndex=235,followerCommit=233,matchIndex=234
2024-10-09 04:30:06,291 DEBUG server.RaftServer$Division (RaftServerImpl.java:logAppendEntries(1545)) - s12@group-BDFE845AF3B0: appendEntries* s9->s12#8628-t1,previous=(t:1, i:233),leaderCommit=233,initializing? false,entries: size=1, first=(t:1, i:234), METADATAENTRY(c:233)
2024-10-09 04:30:06,291 DEBUG server.RaftServer$Division (RaftServerImpl.java:logAppendEntries(1545)) - s2@group-BDFE845AF3B0: appendEntries* reply s9<-s2#8622:OK-t1,SUCCESS,nextIndex=235,followerCommit=233,matchIndex=234
2024-10-09 04:30:06,290 DEBUG server.RaftServer$Division (RaftServerImpl.java:logAppendEntries(1545)) - s6@group-BDFE845AF3B0: appendEntries* reply s9<-s6#8626:OK-t1,SUCCESS,nextIndex=235,followerCommit=233,matchIndex=234
2024-10-09 04:30:06,291 DEBUG server.RaftServer$Division (RaftServerImpl.java:logAppendEntries(1545)) - s10@group-BDFE845AF3B0: appendEntries* reply s9<-s10#8620:OK-t1,SUCCESS,nextIndex=235,followerCommit=233,matchIndex=234
2024-10-09 04:30:06,292 DEBUG server.RaftServer$Division (RaftServerImpl.java:submitClientRequestAsync(916)) - s9@group-BDFE845AF3B0: receive client request(RaftClientRequest:client-CAAA969A923D->s9@group-BDFE845AF3B0, cid=8630, seq=null, RW, Message:01016100)
2024-10-09 04:30:06,292 DEBUG server.RaftServer$Division (LeaderStateImpl.java:addPendingRequest(529)) - s9@group-BDFE845AF3B0-LeaderStateImpl: addPendingRequest at RaftClientRequest:client-CAAA969A923D->s9@group-BDFE845AF3B0, cid=8630, seq=null, RW, Message:01016100, entry=(t:1, i:235), STATEMACHINELOGENTRY, WRITE: logData.size=4, stateMachineData.size=0, logEntryProtoSerializedSize=0
2024-10-09 04:30:06,291 DEBUG server.RaftServer$Division (RaftServerImpl.java:logAppendEntries(1545)) - s13@group-BDFE845AF3B0: appendEntries* s9->s13#8629-t1,previous=(t:1, i:232),leaderCommit=234,initializing? false,entries: size=2, first=(t:1, i:233), STATEMACHINELOGENTRY, StateMachineLogEntryProto:8600@client-CAAA969A923D
2024-10-09 04:30:06,291 DEBUG server.RaftServer$Division (RaftServerImpl.java:logAppendEntries(1545)) - s7@group-BDFE845AF3B0: appendEntries* reply s9<-s7#8627:OK-t1,SUCCESS,nextIndex=235,followerCommit=233,matchIndex=234
2024-10-09 04:30:06,293 DEBUG server.RaftServer$Division (RaftServerImpl.java:logAppendEntries(1545)) - s2@group-BDFE845AF3B0: appendEntries* s9->s2#8639-t1,previous=(t:1, i:234),leaderCommit=234,initializing? false,entries: size=1, first=(t:1, i:235), STATEMACHINELOGENTRY, StateMachineLogEntryProto:8630@client-CAAA969A923D
2024-10-09 04:30:06,293 DEBUG server.RaftServer$Division (RaftServerImpl.java:logAppendEntries(1545)) - s10@group-BDFE845AF3B0: appendEntries* s9->s10#8632-t1,previous=(t:1, i:234),leaderCommit=234,initializing? false,entries: size=1, first=(t:1, i:235), STATEMACHINELOGENTRY, StateMachineLogEntryProto:8630@client-CAAA969A923D
2024-10-09 04:30:06,293 DEBUG server.RaftServer$Division (RaftServerImpl.java:logAppendEntries(1545)) - s6@group-BDFE845AF3B0: appendEntries* s9->s6#8641-t1,previous=(t:1, i:234),leaderCommit=234,initializing? false,entries: size=1, first=(t:1, i:235), STATEMACHINELOGENTRY, StateMachineLogEntryProto:8630@client-CAAA969A923D
2024-10-09 04:30:06,293 DEBUG server.RaftServer$Division (RaftServerImpl.java:logAppendEntries(1545)) - s7@group-BDFE845AF3B0: appendEntries* s9->s7#8642-t1,previous=(t:1, i:234),leaderCommit=234,initializing? false,entries: size=1, first=(t:1, i:235), STATEMACHINELOGENTRY, StateMachineLogEntryProto:8630@client-CAAA969A923D
2024-10-09 04:30:06,293 DEBUG server.RaftServer$Division (RaftServerImpl.java:logAppendEntries(1545)) - s8@group-BDFE845AF3B0: appendEntries* s9->s8#8636-t1,previous=(t:1, i:234),leaderCommit=234,initializing? false,entries: size=1, first=(t:1, i:235), STATEMACHINELOGENTRY, StateMachineLogEntryProto:8630@client-CAAA969A923D
2024-10-09 04:30:06,292 DEBUG server.RaftServer$Division (RaftServerImpl.java:logAppendEntries(1545)) - s3@group-BDFE845AF3B0: appendEntries* s9->s3#8633-t1,previous=(t:1, i:234),leaderCommit=234,initializing? false,entries: size=1, first=(t:1, i:235), STATEMACHINELOGENTRY, StateMachineLogEntryProto:8630@client-CAAA969A923D
2024-10-09 04:30:06,292 DEBUG server.RaftServer$Division (RaftServerImpl.java:logAppendEntries(1545)) - s11@group-BDFE845AF3B0: appendEntries* s9->s11#8638-t1,previous=(t:1, i:234),leaderCommit=234,initializing? false,entries: size=1, first=(t:1, i:235), STATEMACHINELOGENTRY, StateMachineLogEntryProto:8630@client-CAAA969A923D
2024-10-09 04:30:06,292 DEBUG server.RaftServer$Division (RaftServerImpl.java:logAppendEntries(1545)) - s1@group-BDFE845AF3B0: appendEntries* s9->s1#8635-t1,previous=(t:1, i:234),leaderCommit=234,initializing? false,entries: size=1, first=(t:1, i:235), STATEMACHINELOGENTRY, StateMachineLogEntryProto:8630@client-CAAA969A923D
2024-10-09 04:30:06,292 DEBUG server.RaftServer$Division (RaftServerImpl.java:logAppendEntries(1545)) - s14@group-BDFE845AF3B0: appendEntries* s9->s14#8640-t1,previous=(t:1, i:234),leaderCommit=234,initializing? false,entries: size=1, first=(t:1, i:235), STATEMACHINELOGENTRY, StateMachineLogEntryProto:8630@client-CAAA969A923D
2024-10-09 04:30:06,292 DEBUG server.RaftServer$Division (RaftServerImpl.java:logAppendEntries(1545)) - s0@group-BDFE845AF3B0: appendEntries* s9->s0#8637-t1,previous=(t:1, i:234),leaderCommit=234,initializing? false,entries: size=1, first=(t:1, i:235), STATEMACHINELOGENTRY, StateMachineLogEntryProto:8630@client-CAAA969A923D
2024-10-09 04:30:06,292 DEBUG server.RaftServer$Division (RaftServerImpl.java:logAppendEntries(1545)) - s4@group-BDFE845AF3B0: appendEntries* s9->s4#8631-t1,previous=(t:1, i:234),leaderCommit=234,initializing? false,entries: size=1, first=(t:1, i:235), STATEMACHINELOGENTRY, StateMachineLogEntryProto:8630@client-CAAA969A923D
2024-10-09 04:30:06,295 DEBUG server.RaftServer$Division (RaftServerImpl.java:logAppendEntries(1545)) - s3@group-BDFE845AF3B0: appendEntries* reply s9<-s3#8633:OK-t1,SUCCESS,nextIndex=236,followerCommit=234,matchIndex=235
2024-10-09 04:30:06,292 DEBUG server.RaftServer$Division (RaftServerImpl.java:logAppendEntries(1545)) - s5@group-BDFE845AF3B0: appendEntries* s9->s5#8634-t1,previous=(t:1, i:234),leaderCommit=234,initializing? false,entries: size=1, first=(t:1, i:235), STATEMACHINELOGENTRY, StateMachineLogEntryProto:8630@client-CAAA969A923D
2024-10-09 04:30:06,295 DEBUG server.RaftServer$Division (RaftServerImpl.java:logAppendEntries(1545)) - s8@group-BDFE845AF3B0: appendEntries* reply s9<-s8#8636:OK-t1,SUCCESS,nextIndex=236,followerCommit=234,matchIndex=235
2024-10-09 04:30:06,292 DEBUG server.RaftServer$Division (RaftServerImpl.java:logAppendEntries(1545)) - s12@group-BDFE845AF3B0: appendEntries* reply s9<-s12#8628:OK-t1,SUCCESS,nextIndex=235,followerCommit=233,matchIndex=234
2024-10-09 04:30:06,295 DEBUG server.RaftServer$Division (RaftServerImpl.java:logAppendEntries(1545)) - s1@group-BDFE845AF3B0: appendEntries* reply s9<-s1#8635:OK-t1,SUCCESS,nextIndex=236,followerCommit=234,matchIndex=235
2024-10-09 04:30:06,295 DEBUG server.RaftServer$Division (RaftServerImpl.java:logAppendEntries(1545)) - s11@group-BDFE845AF3B0: appendEntries* reply s9<-s11#8638:OK-t1,SUCCESS,nextIndex=236,followerCommit=234,matchIndex=235
2024-10-09 04:30:06,294 DEBUG server.RaftServer$Division (RaftServerImpl.java:logAppendEntries(1545)) - s7@group-BDFE845AF3B0: appendEntries* reply s9<-s7#8642:OK-t1,SUCCESS,nextIndex=236,followerCommit=234,matchIndex=235
2024-10-09 04:30:06,294 DEBUG server.RaftServer$Division (RaftServerImpl.java:logAppendEntries(1545)) - s2@group-BDFE845AF3B0: appendEntries* reply s9<-s2#8639:OK-t1,SUCCESS,nextIndex=236,followerCommit=234,matchIndex=235
2024-10-09 04:30:06,295 DEBUG server.RaftServer$Division (RaftServerImpl.java:logAppendEntries(1545)) - s14@group-BDFE845AF3B0: appendEntries* reply s9<-s14#8640:OK-t1,SUCCESS,nextIndex=236,followerCommit=234,matchIndex=235
2024-10-09 04:30:06,295 DEBUG server.RaftServer$Division (RaftServerImpl.java:logAppendEntries(1545)) - s5@group-BDFE845AF3B0: appendEntries* reply s9<-s5#8634:OK-t1,SUCCESS,nextIndex=236,followerCommit=234,matchIndex=235
2024-10-09 04:30:06,294 DEBUG server.RaftServer$Division (RaftServerImpl.java:logAppendEntries(1545)) - s6@group-BDFE845AF3B0: appendEntries* reply s9<-s6#8641:OK-t1,SUCCESS,nextIndex=236,followerCommit=234,matchIndex=235
2024-10-09 04:30:06,294 DEBUG server.RaftServer$Division (RaftServerImpl.java:logAppendEntries(1545)) - s13@group-BDFE845AF3B0: appendEntries* reply s9<-s13#8629:OK-t1,SUCCESS,nextIndex=235,followerCommit=234,matchIndex=234
2024-10-09 04:30:06,293 DEBUG server.RaftServer$Division (RaftServerImpl.java:logAppendEntries(1545)) - s10@group-BDFE845AF3B0: appendEntries* reply s9<-s10#8632:OK-t1,SUCCESS,nextIndex=236,followerCommit=234,matchIndex=235
2024-10-09 04:30:06,295 DEBUG server.RaftServer$Division (RaftServerImpl.java:logAppendEntries(1545)) - s4@group-BDFE845AF3B0: appendEntries* reply s9<-s4#8631:OK-t1,SUCCESS,nextIndex=236,followerCommit=234,matchIndex=235
2024-10-09 04:30:06,295 DEBUG server.RaftServer$Division (RaftServerImpl.java:logAppendEntries(1545)) - s0@group-BDFE845AF3B0: appendEntries* reply s9<-s0#8637:OK-t1,SUCCESS,nextIndex=236,followerCommit=234,matchIndex=235
2024-10-09 04:30:06,296 DEBUG server.RaftServer$Division (RaftServerImpl.java:logAppendEntries(1545)) - s11@group-BDFE845AF3B0: appendEntries* s9->s11#8643-t1,previous=(t:1, i:235),leaderCommit=235,initializing? false,entries: size=1, first=(t:1, i:236), METADATAENTRY(c:235)
2024-10-09 04:30:06,297 INFO  statemachine.StateMachine (ArithmeticStateMachine.java:applyTransaction(181)) - LEADER:s9-235: a = null = null
2024-10-09 04:30:06,297 DEBUG server.RaftServer$Division (RaftServerImpl.java:logAppendEntries(1545)) - s11@group-BDFE845AF3B0: appendEntries* reply s9<-s11#8643:OK-t1,SUCCESS,nextIndex=237,followerCommit=235,matchIndex=236
2024-10-09 04:30:06,297 DEBUG server.RaftServer$Division (RaftServerImpl.java:logAppendEntries(1545)) - s0@group-BDFE845AF3B0: appendEntries* s9->s0#8648-t1,previous=(t:1, i:235),leaderCommit=235,initializing? false,entries: size=1, first=(t:1, i:236), METADATAENTRY(c:235)
2024-10-09 04:30:06,297 DEBUG server.RaftServer$Division (RaftServerImpl.java:logAppendEntries(1545)) - s5@group-BDFE845AF3B0: appendEntries* s9->s5#8645-t1,previous=(t:1, i:235),leaderCommit=235,initializing? false,entries: size=1, first=(t:1, i:236), METADATAENTRY(c:235)
2024-10-09 04:30:06,297 DEBUG server.RaftServer$Division (RaftServerImpl.java:logAppendEntries(1545)) - s14@group-BDFE845AF3B0: appendEntries* s9->s14#8651-t1,previous=(t:1, i:235),leaderCommit=235,initializing? false,entries: size=1, first=(t:1, i:236), METADATAENTRY(c:235)
2024-10-09 04:30:06,297 DEBUG server.RaftServer$Division (RaftServerImpl.java:logAppendEntries(1545)) - s4@group-BDFE845AF3B0: appendEntries* s9->s4#8644-t1,previous=(t:1, i:235),leaderCommit=235,initializing? false,entries: size=1, first=(t:1, i:236), METADATAENTRY(c:235)
2024-10-09 04:30:06,297 DEBUG server.RaftServer$Division (RaftServerImpl.java:logAppendEntries(1545)) - s8@group-BDFE845AF3B0: appendEntries* s9->s8#8646-t1,previous=(t:1, i:235),leaderCommit=235,initializing? false,entries: size=1, first=(t:1, i:236), METADATAENTRY(c:235)
2024-10-09 04:30:06,297 DEBUG server.RaftServer$Division (RaftServerImpl.java:logAppendEntries(1545)) - s0@group-BDFE845AF3B0: appendEntries* reply s9<-s0#8648:OK-t1,SUCCESS,nextIndex=237,followerCommit=235,matchIndex=236
2024-10-09 04:30:06,297 DEBUG server.RaftServer$Division (RaftServerImpl.java:logAppendEntries(1545)) - s1@group-BDFE845AF3B0: appendEntries* s9->s1#8647-t1,previous=(t:1, i:235),leaderCommit=235,initializing? false,entries: size=1, first=(t:1, i:236), METADATAENTRY(c:235)
2024-10-09 04:30:06,298 DEBUG server.RaftServer$Division (RaftServerImpl.java:logAppendEntries(1545)) - s14@group-BDFE845AF3B0: appendEntries* reply s9<-s14#8651:OK-t1,SUCCESS,nextIndex=237,followerCommit=235,matchIndex=236
2024-10-09 04:30:06,298 DEBUG server.RaftServer$Division (RaftServerImpl.java:logAppendEntries(1545)) - s1@group-BDFE845AF3B0: appendEntries* reply s9<-s1#8647:OK-t1,SUCCESS,nextIndex=237,followerCommit=235,matchIndex=236
2024-10-09 04:30:06,298 DEBUG server.RaftServer$Division (RaftServerImpl.java:logAppendEntries(1545)) - s13@group-BDFE845AF3B0: appendEntries* s9->s13#8653-t1,previous=(t:1, i:234),leaderCommit=235,initializing? false,entries: size=2, first=(t:1, i:235), STATEMACHINELOGENTRY, StateMachineLogEntryProto:8630@client-CAAA969A923D
2024-10-09 04:30:06,298 DEBUG server.RaftServer$Division (RaftServerImpl.java:logAppendEntries(1545)) - s6@group-BDFE845AF3B0: appendEntries* s9->s6#8652-t1,previous=(t:1, i:235),leaderCommit=235,initializing? false,entries: size=1, first=(t:1, i:236), METADATAENTRY(c:235)
2024-10-09 04:30:06,298 DEBUG server.RaftServer$Division (RaftServerImpl.java:logAppendEntries(1545)) - s4@group-BDFE845AF3B0: appendEntries* reply s9<-s4#8644:OK-t1,SUCCESS,nextIndex=237,followerCommit=235,matchIndex=236
2024-10-09 04:30:06,297 DEBUG server.RaftServer$Division (RaftServerImpl.java:logAppendEntries(1545)) - s5@group-BDFE845AF3B0: appendEntries* reply s9<-s5#8645:OK-t1,SUCCESS,nextIndex=237,followerCommit=235,matchIndex=236
2024-10-09 04:30:06,297 DEBUG server.RaftServer$Division (RaftServerImpl.java:logAppendEntries(1545)) - s10@group-BDFE845AF3B0: appendEntries* s9->s10#8649-t1,previous=(t:1, i:235),leaderCommit=235,initializing? false,entries: size=1, first=(t:1, i:236), METADATAENTRY(c:235)
2024-10-09 04:30:06,299 DEBUG server.RaftServer$Division (RaftServerImpl.java:logAppendEntries(1545)) - s7@group-BDFE845AF3B0: appendEntries* s9->s7#8655-t1,previous=(t:1, i:235),leaderCommit=235,initializing? false,entries: size=1, first=(t:1, i:236), METADATAENTRY(c:235)
2024-10-09 04:30:06,298 DEBUG server.RaftServer$Division (RaftServerImpl.java:logAppendEntries(1545)) - s2@group-BDFE845AF3B0: appendEntries* s9->s2#8654-t1,previous=(t:1, i:235),leaderCommit=235,initializing? false,entries: size=1, first=(t:1, i:236), METADATAENTRY(c:235)
2024-10-09 04:30:06,298 DEBUG server.RaftServer$Division (RaftServerImpl.java:logAppendEntries(1545)) - s3@group-BDFE845AF3B0: appendEntries* s9->s3#8650-t1,previous=(t:1, i:235),leaderCommit=235,initializing? false,entries: size=1, first=(t:1, i:236), METADATAENTRY(c:235)
2024-10-09 04:30:06,298 DEBUG server.RaftServer$Division (RaftServerImpl.java:logAppendEntries(1545)) - s8@group-BDFE845AF3B0: appendEntries* reply s9<-s8#8646:OK-t1,SUCCESS,nextIndex=237,followerCommit=235,matchIndex=236
2024-10-09 04:30:06,299 DEBUG server.RaftServer$Division (RaftServerImpl.java:logAppendEntries(1545)) - s7@group-BDFE845AF3B0: appendEntries* reply s9<-s7#8655:OK-t1,SUCCESS,nextIndex=237,followerCommit=235,matchIndex=236
2024-10-09 04:30:06,299 DEBUG server.RaftServer$Division (RaftServerImpl.java:logAppendEntries(1545)) - s10@group-BDFE845AF3B0: appendEntries* reply s9<-s10#8649:OK-t1,SUCCESS,nextIndex=237,followerCommit=235,matchIndex=236
2024-10-09 04:30:06,300 DEBUG server.RaftServer$Division (RaftServerImpl.java:logAppendEntries(1545)) - s6@group-BDFE845AF3B0: appendEntries* reply s9<-s6#8652:OK-t1,SUCCESS,nextIndex=237,followerCommit=235,matchIndex=236
2024-10-09 04:30:06,300 DEBUG server.RaftServer$Division (RaftServerImpl.java:logAppendEntries(1545)) - s12@group-BDFE845AF3B0: appendEntries* s9->s12#8656-t1,previous=(t:1, i:234),leaderCommit=235,initializing? false,entries: size=2, first=(t:1, i:235), STATEMACHINELOGENTRY, StateMachineLogEntryProto:8630@client-CAAA969A923D
2024-10-09 04:30:06,300 DEBUG server.RaftServer$Division (RaftServerImpl.java:logAppendEntries(1545)) - s13@group-BDFE845AF3B0: appendEntries* reply s9<-s13#8653:OK-t1,SUCCESS,nextIndex=237,followerCommit=235,matchIndex=236
2024-10-09 04:30:06,300 DEBUG server.RaftServer$Division (RaftServerImpl.java:logAppendEntries(1545)) - s3@group-BDFE845AF3B0: appendEntries* reply s9<-s3#8650:OK-t1,SUCCESS,nextIndex=237,followerCommit=235,matchIndex=236
2024-10-09 04:30:06,300 DEBUG server.RaftServer$Division (RaftServerImpl.java:logAppendEntries(1545)) - s2@group-BDFE845AF3B0: appendEntries* reply s9<-s2#8654:OK-t1,SUCCESS,nextIndex=237,followerCommit=235,matchIndex=236
2024-10-09 04:30:06,301 DEBUG server.RaftServer$Division (RaftServerImpl.java:logAppendEntries(1545)) - s12@group-BDFE845AF3B0: appendEntries* reply s9<-s12#8656:OK-t1,SUCCESS,nextIndex=237,followerCommit=235,matchIndex=236
2024-10-09 04:30:06,301 DEBUG server.RaftServer$Division (RaftServerImpl.java:submitClientRequestAsync(916)) - s9@group-BDFE845AF3B0: receive client request(RaftClientRequest:client-CAAA969A923D->s9@group-BDFE845AF3B0, cid=8657, seq=null, RW, Message:01016200)
2024-10-09 04:30:06,301 DEBUG server.RaftServer$Division (LeaderStateImpl.java:addPendingRequest(529)) - s9@group-BDFE845AF3B0-LeaderStateImpl: addPendingRequest at RaftClientRequest:client-CAAA969A923D->s9@group-BDFE845AF3B0, cid=8657, seq=null, RW, Message:01016200, entry=(t:1, i:237), STATEMACHINELOGENTRY, WRITE: logData.size=4, stateMachineData.size=0, logEntryProtoSerializedSize=0
2024-10-09 04:30:06,301 DEBUG server.RaftServer$Division (RaftServerImpl.java:logAppendEntries(1545)) - s7@group-BDFE845AF3B0: appendEntries* s9->s7#8658-t1,previous=(t:1, i:236),leaderCommit=236,initializing? false,entries: size=1, first=(t:1, i:237), STATEMACHINELOGENTRY, StateMachineLogEntryProto:8657@client-CAAA969A923D
2024-10-09 04:30:06,302 DEBUG server.RaftServer$Division (RaftServerImpl.java:logAppendEntries(1545)) - s8@group-BDFE845AF3B0: appendEntries* s9->s8#8659-t1,previous=(t:1, i:236),leaderCommit=236,initializing? false,entries: size=1, first=(t:1, i:237), STATEMACHINELOGENTRY, StateMachineLogEntryProto:8657@client-CAAA969A923D
2024-10-09 04:30:06,302 DEBUG server.RaftServer$Division (RaftServerImpl.java:logAppendEntries(1545)) - s7@group-BDFE845AF3B0: appendEntries* reply s9<-s7#8658:OK-t1,SUCCESS,nextIndex=238,followerCommit=236,matchIndex=237
2024-10-09 04:30:06,302 DEBUG server.RaftServer$Division (RaftServerImpl.java:logAppendEntries(1545)) - s4@group-BDFE845AF3B0: appendEntries* s9->s4#8662-t1,previous=(t:1, i:236),leaderCommit=236,initializing? false,entries: size=1, first=(t:1, i:237), STATEMACHINELOGENTRY, StateMachineLogEntryProto:8657@client-CAAA969A923D
2024-10-09 04:30:06,303 DEBUG server.RaftServer$Division (RaftServerImpl.java:logAppendEntries(1545)) - s14@group-BDFE845AF3B0: appendEntries* s9->s14#8665-t1,previous=(t:1, i:236),leaderCommit=236,initializing? false,entries: size=1, first=(t:1, i:237), STATEMACHINELOGENTRY, StateMachineLogEntryProto:8657@client-CAAA969A923D
2024-10-09 04:30:06,303 DEBUG server.RaftServer$Division (RaftServerImpl.java:logAppendEntries(1545)) - s8@group-BDFE845AF3B0: appendEntries* reply s9<-s8#8659:OK-t1,SUCCESS,nextIndex=238,followerCommit=236,matchIndex=237
2024-10-09 04:30:06,303 DEBUG server.RaftServer$Division (RaftServerImpl.java:logAppendEntries(1545)) - s5@group-BDFE845AF3B0: appendEntries* s9->s5#8664-t1,previous=(t:1, i:236),leaderCommit=236,initializing? false,entries: size=1, first=(t:1, i:237), STATEMACHINELOGENTRY, StateMachineLogEntryProto:8657@client-CAAA969A923D
2024-10-09 04:30:06,303 DEBUG server.RaftServer$Division (RaftServerImpl.java:logAppendEntries(1545)) - s1@group-BDFE845AF3B0: appendEntries* s9->s1#8668-t1,previous=(t:1, i:236),leaderCommit=236,initializing? false,entries: size=1, first=(t:1, i:237), STATEMACHINELOGENTRY, StateMachineLogEntryProto:8657@client-CAAA969A923D
2024-10-09 04:30:06,303 DEBUG server.RaftServer$Division (RaftServerImpl.java:logAppendEntries(1545)) - s4@group-BDFE845AF3B0: appendEntries* reply s9<-s4#8662:OK-t1,SUCCESS,nextIndex=238,followerCommit=236,matchIndex=237
2024-10-09 04:30:06,303 DEBUG server.RaftServer$Division (RaftServerImpl.java:logAppendEntries(1545)) - s14@group-BDFE845AF3B0: appendEntries* reply s9<-s14#8665:OK-t1,SUCCESS,nextIndex=238,followerCommit=236,matchIndex=237
2024-10-09 04:30:06,303 DEBUG server.RaftServer$Division (RaftServerImpl.java:logAppendEntries(1545)) - s2@group-BDFE845AF3B0: appendEntries* s9->s2#8666-t1,previous=(t:1, i:236),leaderCommit=236,initializing? false,entries: size=1, first=(t:1, i:237), STATEMACHINELOGENTRY, StateMachineLogEntryProto:8657@client-CAAA969A923D
2024-10-09 04:30:06,303 DEBUG server.RaftServer$Division (RaftServerImpl.java:logAppendEntries(1545)) - s0@group-BDFE845AF3B0: appendEntries* s9->s0#8660-t1,previous=(t:1, i:236),leaderCommit=236,initializing? false,entries: size=1, first=(t:1, i:237), STATEMACHINELOGENTRY, StateMachineLogEntryProto:8657@client-CAAA969A923D
2024-10-09 04:30:06,304 DEBUG server.RaftServer$Division (RaftServerImpl.java:logAppendEntries(1545)) - s13@group-BDFE845AF3B0: appendEntries* s9->s13#8661-t1,previous=(t:1, i:236),leaderCommit=236,initializing? false,entries: size=1, first=(t:1, i:237), STATEMACHINELOGENTRY, StateMachineLogEntryProto:8657@client-CAAA969A923D
2024-10-09 04:30:06,303 DEBUG server.RaftServer$Division (RaftServerImpl.java:logAppendEntries(1545)) - s10@group-BDFE845AF3B0: appendEntries* s9->s10#8667-t1,previous=(t:1, i:236),leaderCommit=236,initializing? false,entries: size=1, first=(t:1, i:237), STATEMACHINELOGENTRY, StateMachineLogEntryProto:8657@client-CAAA969A923D
2024-10-09 04:30:06,303 DEBUG server.RaftServer$Division (RaftServerImpl.java:logAppendEntries(1545)) - s6@group-BDFE845AF3B0: appendEntries* s9->s6#8671-t1,previous=(t:1, i:236),leaderCommit=236,initializing? false,entries: size=1, first=(t:1, i:237), STATEMACHINELOGENTRY, StateMachineLogEntryProto:8657@client-CAAA969A923D
2024-10-09 04:30:06,304 DEBUG server.RaftServer$Division (RaftServerImpl.java:logAppendEntries(1545)) - s10@group-BDFE845AF3B0: appendEntries* reply s9<-s10#8667:OK-t1,SUCCESS,nextIndex=238,followerCommit=236,matchIndex=237
2024-10-09 04:30:06,303 DEBUG server.RaftServer$Division (RaftServerImpl.java:logAppendEntries(1545)) - s11@group-BDFE845AF3B0: appendEntries* s9->s11#8670-t1,previous=(t:1, i:236),leaderCommit=236,initializing? false,entries: size=1, first=(t:1, i:237), STATEMACHINELOGENTRY, StateMachineLogEntryProto:8657@client-CAAA969A923D
2024-10-09 04:30:06,303 DEBUG server.RaftServer$Division (RaftServerImpl.java:logAppendEntries(1545)) - s3@group-BDFE845AF3B0: appendEntries* s9->s3#8663-t1,previous=(t:1, i:236),leaderCommit=236,initializing? false,entries: size=1, first=(t:1, i:237), STATEMACHINELOGENTRY, StateMachineLogEntryProto:8657@client-CAAA969A923D
2024-10-09 04:30:06,304 DEBUG server.RaftServer$Division (RaftServerImpl.java:logAppendEntries(1545)) - s2@group-BDFE845AF3B0: appendEntries* reply s9<-s2#8666:OK-t1,SUCCESS,nextIndex=238,followerCommit=236,matchIndex=237
2024-10-09 04:30:06,304 DEBUG server.RaftServer$Division (RaftServerImpl.java:logAppendEntries(1545)) - s0@group-BDFE845AF3B0: appendEntries* reply s9<-s0#8660:OK-t1,SUCCESS,nextIndex=238,followerCommit=236,matchIndex=237
2024-10-09 04:30:06,304 DEBUG server.RaftServer$Division (RaftServerImpl.java:logAppendEntries(1545)) - s1@group-BDFE845AF3B0: appendEntries* reply s9<-s1#8668:OK-t1,SUCCESS,nextIndex=238,followerCommit=236,matchIndex=237
2024-10-09 04:30:06,304 DEBUG server.RaftServer$Division (RaftServerImpl.java:logAppendEntries(1545)) - s11@group-BDFE845AF3B0: appendEntries* reply s9<-s11#8670:OK-t1,SUCCESS,nextIndex=238,followerCommit=236,matchIndex=237
2024-10-09 04:30:06,303 DEBUG server.RaftServer$Division (RaftServerImpl.java:logAppendEntries(1545)) - s5@group-BDFE845AF3B0: appendEntries* reply s9<-s5#8664:OK-t1,SUCCESS,nextIndex=238,followerCommit=236,matchIndex=237
2024-10-09 04:30:06,305 INFO  statemachine.StateMachine (ArithmeticStateMachine.java:applyTransaction(181)) - LEADER:s9-237: b = null = null
2024-10-09 04:30:06,305 DEBUG server.RaftServer$Division (RaftServerImpl.java:logAppendEntries(1545)) - s3@group-BDFE845AF3B0: appendEntries* reply s9<-s3#8663:OK-t1,SUCCESS,nextIndex=238,followerCommit=236,matchIndex=237
2024-10-09 04:30:06,305 DEBUG server.RaftServer$Division (RaftServerImpl.java:logAppendEntries(1545)) - s4@group-BDFE845AF3B0: appendEntries* s9->s4#8674-t1,previous=(t:1, i:237),leaderCommit=237,initializing? false,entries: size=1, first=(t:1, i:238), METADATAENTRY(c:237)
2024-10-09 04:30:06,306 DEBUG server.RaftServer$Division (RaftServerImpl.java:logAppendEntries(1545)) - s10@group-BDFE845AF3B0: appendEntries* s9->s10#8672-t1,previous=(t:1, i:237),leaderCommit=237,initializing? false,entries: size=1, first=(t:1, i:238), METADATAENTRY(c:237)
2024-10-09 04:30:06,305 DEBUG server.RaftServer$Division (RaftServerImpl.java:logAppendEntries(1545)) - s14@group-BDFE845AF3B0: appendEntries* s9->s14#8675-t1,previous=(t:1, i:237),leaderCommit=237,initializing? false,entries: size=1, first=(t:1, i:238), METADATAENTRY(c:237)
2024-10-09 04:30:06,305 DEBUG server.RaftServer$Division (RaftServerImpl.java:submitClientRequestAsync(916)) - s9@group-BDFE845AF3B0: receive client request(RaftClientRequest:client-CAAA969A923D->s9@group-BDFE845AF3B0, cid=8679, seq=null, RW, Message:01016300)
2024-10-09 04:30:06,306 DEBUG server.RaftServer$Division (RaftServerImpl.java:logAppendEntries(1545)) - s7@group-BDFE845AF3B0: appendEntries* s9->s7#8680-t1,previous=(t:1, i:237),leaderCommit=237,initializing? false,entries: size=1, first=(t:1, i:238), METADATAENTRY(c:237)
2024-10-09 04:30:06,306 DEBUG server.RaftServer$Division (RaftServerImpl.java:logAppendEntries(1545)) - s13@group-BDFE845AF3B0: appendEntries* reply s9<-s13#8661:OK-t1,SUCCESS,nextIndex=238,followerCommit=236,matchIndex=237
2024-10-09 04:30:06,305 DEBUG server.RaftServer$Division (RaftServerImpl.java:logAppendEntries(1545)) - s8@group-BDFE845AF3B0: appendEntries* s9->s8#8678-t1,previous=(t:1, i:237),leaderCommit=237,initializing? false,entries: size=1, first=(t:1, i:238), METADATAENTRY(c:237)
2024-10-09 04:30:06,307 DEBUG server.RaftServer$Division (RaftServerImpl.java:logAppendEntries(1545)) - s12@group-BDFE845AF3B0: appendEntries* s9->s12#8669-t1,previous=(t:1, i:236),leaderCommit=236,initializing? false,entries: size=1, first=(t:1, i:237), STATEMACHINELOGENTRY, StateMachineLogEntryProto:8657@client-CAAA969A923D
2024-10-09 04:30:06,306 DEBUG server.RaftServer$Division (RaftServerImpl.java:logAppendEntries(1545)) - s3@group-BDFE845AF3B0: appendEntries* s9->s3#8683-t1,previous=(t:1, i:237),leaderCommit=237,initializing? false,entries: size=2, first=(t:1, i:238), METADATAENTRY(c:237)
2024-10-09 04:30:06,306 DEBUG server.RaftServer$Division (RaftServerImpl.java:logAppendEntries(1545)) - s2@group-BDFE845AF3B0: appendEntries* s9->s2#8673-t1,previous=(t:1, i:237),leaderCommit=237,initializing? false,entries: size=1, first=(t:1, i:238), METADATAENTRY(c:237)
2024-10-09 04:30:06,306 DEBUG server.RaftServer$Division (RaftServerImpl.java:logAppendEntries(1545)) - s4@group-BDFE845AF3B0: appendEntries* reply s9<-s4#8674:OK-t1,SUCCESS,nextIndex=239,followerCommit=237,matchIndex=238
2024-10-09 04:30:06,306 DEBUG server.RaftServer$Division (RaftServerImpl.java:logAppendEntries(1545)) - s6@group-BDFE845AF3B0: appendEntries* reply s9<-s6#8671:OK-t1,SUCCESS,nextIndex=238,followerCommit=236,matchIndex=237
2024-10-09 04:30:06,306 DEBUG server.RaftServer$Division (LeaderStateImpl.java:addPendingRequest(529)) - s9@group-BDFE845AF3B0-LeaderStateImpl: addPendingRequest at RaftClientRequest:client-CAAA969A923D->s9@group-BDFE845AF3B0, cid=8679, seq=null, RW, Message:01016300, entry=(t:1, i:239), STATEMACHINELOGENTRY, WRITE: logData.size=4, stateMachineData.size=0, logEntryProtoSerializedSize=0
2024-10-09 04:30:06,308 DEBUG server.RaftServer$Division (RaftServerImpl.java:logAppendEntries(1545)) - s4@group-BDFE845AF3B0: appendEntries* s9->s4#8685-t1,previous=(t:1, i:238),leaderCommit=237,initializing? false,entries: size=1, first=(t:1, i:239), STATEMACHINELOGENTRY, StateMachineLogEntryProto:8679@client-CAAA969A923D
2024-10-09 04:30:06,306 DEBUG server.RaftServer$Division (RaftServerImpl.java:logAppendEntries(1545)) - s11@group-BDFE845AF3B0: appendEntries* s9->s11#8682-t1,previous=(t:1, i:237),leaderCommit=237,initializing? false,entries: size=1, first=(t:1, i:238), METADATAENTRY(c:237)
2024-10-09 04:30:06,306 DEBUG server.RaftServer$Division (RaftServerImpl.java:logAppendEntries(1545)) - s1@group-BDFE845AF3B0: appendEntries* s9->s1#8677-t1,previous=(t:1, i:237),leaderCommit=237,initializing? false,entries: size=1, first=(t:1, i:238), METADATAENTRY(c:237)
2024-10-09 04:30:06,308 DEBUG server.RaftServer$Division (RaftServerImpl.java:logAppendEntries(1545)) - s4@group-BDFE845AF3B0: appendEntries* reply s9<-s4#8685:OK-t1,SUCCESS,nextIndex=240,followerCommit=237,matchIndex=239
2024-10-09 04:30:06,306 DEBUG server.RaftServer$Division (RaftServerImpl.java:logAppendEntries(1545)) - s5@group-BDFE845AF3B0: appendEntries* s9->s5#8676-t1,previous=(t:1, i:237),leaderCommit=237,initializing? false,entries: size=1, first=(t:1, i:238), METADATAENTRY(c:237)
2024-10-09 04:30:06,308 DEBUG server.RaftServer$Division (RaftServerImpl.java:logAppendEntries(1545)) - s11@group-BDFE845AF3B0: appendEntries* reply s9<-s11#8682:OK-t1,SUCCESS,nextIndex=239,followerCommit=237,matchIndex=238
2024-10-09 04:30:06,306 DEBUG server.RaftServer$Division (RaftServerImpl.java:logAppendEntries(1545)) - s0@group-BDFE845AF3B0: appendEntries* s9->s0#8681-t1,previous=(t:1, i:237),leaderCommit=237,initializing? false,entries: size=1, first=(t:1, i:238), METADATAENTRY(c:237)
2024-10-09 04:30:06,309 DEBUG server.RaftServer$Division (RaftServerImpl.java:logAppendEntries(1545)) - s5@group-BDFE845AF3B0: appendEntries* reply s9<-s5#8676:OK-t1,SUCCESS,nextIndex=239,followerCommit=237,matchIndex=238
2024-10-09 04:30:06,309 DEBUG server.RaftServer$Division (RaftServerImpl.java:logAppendEntries(1545)) - s1@group-BDFE845AF3B0: appendEntries* reply s9<-s1#8677:OK-t1,SUCCESS,nextIndex=239,followerCommit=237,matchIndex=238
2024-10-09 04:30:06,309 DEBUG server.RaftServer$Division (RaftServerImpl.java:logAppendEntries(1545)) - s0@group-BDFE845AF3B0: appendEntries* reply s9<-s0#8681:OK-t1,SUCCESS,nextIndex=239,followerCommit=237,matchIndex=238
2024-10-09 04:30:06,309 DEBUG server.RaftServer$Division (RaftServerImpl.java:logAppendEntries(1545)) - s11@group-BDFE845AF3B0: appendEntries* s9->s11#8687-t1,previous=(t:1, i:238),leaderCommit=237,initializing? false,entries: size=1, first=(t:1, i:239), STATEMACHINELOGENTRY, StateMachineLogEntryProto:8679@client-CAAA969A923D
2024-10-09 04:30:06,309 DEBUG server.RaftServer$Division (RaftServerImpl.java:logAppendEntries(1545)) - s5@group-BDFE845AF3B0: appendEntries* s9->s5#8688-t1,previous=(t:1, i:238),leaderCommit=237,initializing? false,entries: size=1, first=(t:1, i:239), STATEMACHINELOGENTRY, StateMachineLogEntryProto:8679@client-CAAA969A923D
2024-10-09 04:30:06,310 DEBUG server.RaftServer$Division (RaftServerImpl.java:logAppendEntries(1545)) - s11@group-BDFE845AF3B0: appendEntries* reply s9<-s11#8687:OK-t1,SUCCESS,nextIndex=240,followerCommit=237,matchIndex=239
2024-10-09 04:30:06,310 DEBUG server.RaftServer$Division (RaftServerImpl.java:logAppendEntries(1545)) - s5@group-BDFE845AF3B0: appendEntries* reply s9<-s5#8688:OK-t1,SUCCESS,nextIndex=240,followerCommit=237,matchIndex=239
2024-10-09 04:30:06,310 DEBUG server.RaftServer$Division (RaftServerImpl.java:logAppendEntries(1545)) - s1@group-BDFE845AF3B0: appendEntries* s9->s1#8690-t1,previous=(t:1, i:238),leaderCommit=237,initializing? false,entries: size=1, first=(t:1, i:239), STATEMACHINELOGENTRY, StateMachineLogEntryProto:8679@client-CAAA969A923D
2024-10-09 04:30:06,308 DEBUG server.RaftServer$Division (RaftServerImpl.java:logAppendEntries(1545)) - s6@group-BDFE845AF3B0: appendEntries* s9->s6#8686-t1,previous=(t:1, i:237),leaderCommit=237,initializing? false,entries: size=2, first=(t:1, i:238), METADATAENTRY(c:237)
2024-10-09 04:30:06,307 DEBUG server.RaftServer$Division (RaftServerImpl.java:logAppendEntries(1545)) - s2@group-BDFE845AF3B0: appendEntries* reply s9<-s2#8673:OK-t1,SUCCESS,nextIndex=239,followerCommit=237,matchIndex=238
2024-10-09 04:30:06,307 DEBUG server.RaftServer$Division (RaftServerImpl.java:logAppendEntries(1545)) - s13@group-BDFE845AF3B0: appendEntries* s9->s13#8684-t1,previous=(t:1, i:237),leaderCommit=237,initializing? false,entries: size=2, first=(t:1, i:238), METADATAENTRY(c:237)
2024-10-09 04:30:06,307 DEBUG server.RaftServer$Division (RaftServerImpl.java:logAppendEntries(1545)) - s3@group-BDFE845AF3B0: appendEntries* reply s9<-s3#8683:OK-t1,SUCCESS,nextIndex=240,followerCommit=237,matchIndex=239
2024-10-09 04:30:06,307 DEBUG server.RaftServer$Division (RaftServerImpl.java:logAppendEntries(1545)) - s12@group-BDFE845AF3B0: appendEntries* reply s9<-s12#8669:OK-t1,SUCCESS,nextIndex=238,followerCommit=236,matchIndex=237
2024-10-09 04:30:06,307 DEBUG server.RaftServer$Division (RaftServerImpl.java:logAppendEntries(1545)) - s8@group-BDFE845AF3B0: appendEntries* reply s9<-s8#8678:OK-t1,SUCCESS,nextIndex=239,followerCommit=237,matchIndex=238
2024-10-09 04:30:06,307 DEBUG server.RaftServer$Division (RaftServerImpl.java:logAppendEntries(1545)) - s10@group-BDFE845AF3B0: appendEntries* reply s9<-s10#8672:OK-t1,SUCCESS,nextIndex=239,followerCommit=237,matchIndex=238
2024-10-09 04:30:06,307 DEBUG server.RaftServer$Division (RaftServerImpl.java:logAppendEntries(1545)) - s7@group-BDFE845AF3B0: appendEntries* reply s9<-s7#8680:OK-t1,SUCCESS,nextIndex=239,followerCommit=237,matchIndex=238
2024-10-09 04:30:06,307 DEBUG server.RaftServer$Division (RaftServerImpl.java:logAppendEntries(1545)) - s14@group-BDFE845AF3B0: appendEntries* reply s9<-s14#8675:OK-t1,SUCCESS,nextIndex=239,followerCommit=237,matchIndex=238
2024-10-09 04:30:06,311 DEBUG server.RaftServer$Division (RaftServerImpl.java:logAppendEntries(1545)) - s6@group-BDFE845AF3B0: appendEntries* reply s9<-s6#8686:OK-t1,SUCCESS,nextIndex=240,followerCommit=237,matchIndex=239
2024-10-09 04:30:06,311 DEBUG server.RaftServer$Division (RaftServerImpl.java:logAppendEntries(1545)) - s2@group-BDFE845AF3B0: appendEntries* s9->s2#8691-t1,previous=(t:1, i:238),leaderCommit=237,initializing? false,entries: size=1, first=(t:1, i:239), STATEMACHINELOGENTRY, StateMachineLogEntryProto:8679@client-CAAA969A923D
2024-10-09 04:30:06,311 DEBUG server.RaftServer$Division (RaftServerImpl.java:logAppendEntries(1545)) - s1@group-BDFE845AF3B0: appendEntries* reply s9<-s1#8690:OK-t1,SUCCESS,nextIndex=240,followerCommit=237,matchIndex=239
2024-10-09 04:30:06,309 DEBUG server.RaftServer$Division (RaftServerImpl.java:logAppendEntries(1545)) - s0@group-BDFE845AF3B0: appendEntries* s9->s0#8689-t1,previous=(t:1, i:238),leaderCommit=237,initializing? false,entries: size=1, first=(t:1, i:239), STATEMACHINELOGENTRY, StateMachineLogEntryProto:8679@client-CAAA969A923D
2024-10-09 04:30:06,312 DEBUG server.RaftServer$Division (RaftServerImpl.java:logAppendEntries(1545)) - s14@group-BDFE845AF3B0: appendEntries* s9->s14#8694-t1,previous=(t:1, i:238),leaderCommit=238,initializing? false,entries: size=1, first=(t:1, i:239), STATEMACHINELOGENTRY, StateMachineLogEntryProto:8679@client-CAAA969A923D
2024-10-09 04:30:06,312 DEBUG server.RaftServer$Division (RaftServerImpl.java:logAppendEntries(1545)) - s13@group-BDFE845AF3B0: appendEntries* reply s9<-s13#8684:OK-t1,SUCCESS,nextIndex=240,followerCommit=237,matchIndex=239
2024-10-09 04:30:06,312 DEBUG server.RaftServer$Division (RaftServerImpl.java:logAppendEntries(1545)) - s8@group-BDFE845AF3B0: appendEntries* s9->s8#8693-t1,previous=(t:1, i:238),leaderCommit=238,initializing? false,entries: size=1, first=(t:1, i:239), STATEMACHINELOGENTRY, StateMachineLogEntryProto:8679@client-CAAA969A923D
2024-10-09 04:30:06,312 DEBUG server.RaftServer$Division (RaftServerImpl.java:logAppendEntries(1545)) - s0@group-BDFE845AF3B0: appendEntries* reply s9<-s0#8689:OK-t1,SUCCESS,nextIndex=240,followerCommit=237,matchIndex=239
2024-10-09 04:30:06,313 INFO  statemachine.StateMachine (ArithmeticStateMachine.java:applyTransaction(181)) - LEADER:s9-239: c = null = null
2024-10-09 04:30:06,313 DEBUG server.RaftServer$Division (RaftServerImpl.java:logAppendEntries(1545)) - s0@group-BDFE845AF3B0: appendEntries* s9->s0#8699-t1,previous=(t:1, i:239),leaderCommit=239,initializing? false,entries: size=1, first=(t:1, i:240), METADATAENTRY(c:239)
2024-10-09 04:30:06,313 DEBUG server.RaftServer$Division (RaftServerImpl.java:submitClientRequestAsync(916)) - s9@group-BDFE845AF3B0: receive client request(RaftClientRequest:client-CAAA969A923D->s9@group-BDFE845AF3B0, cid=8705, seq=null, RW, Message:01016102405e40000000...(size=12))
2024-10-09 04:30:06,313 DEBUG server.RaftServer$Division (RaftServerImpl.java:logAppendEntries(1545)) - s3@group-BDFE845AF3B0: appendEntries* s9->s3#8698-t1,previous=(t:1, i:239),leaderCommit=239,initializing? false,entries: size=1, first=(t:1, i:240), METADATAENTRY(c:239)
2024-10-09 04:30:06,312 DEBUG server.RaftServer$Division (RaftServerImpl.java:logAppendEntries(1545)) - s10@group-BDFE845AF3B0: appendEntries* s9->s10#8695-t1,previous=(t:1, i:238),leaderCommit=238,initializing? false,entries: size=1, first=(t:1, i:239), STATEMACHINELOGENTRY, StateMachineLogEntryProto:8679@client-CAAA969A923D
2024-10-09 04:30:06,313 DEBUG server.RaftServer$Division (RaftServerImpl.java:logAppendEntries(1545)) - s0@group-BDFE845AF3B0: appendEntries* reply s9<-s0#8699:OK-t1,SUCCESS,nextIndex=241,followerCommit=239,matchIndex=240
2024-10-09 04:30:06,313 DEBUG server.RaftServer$Division (RaftServerImpl.java:logAppendEntries(1545)) - s6@group-BDFE845AF3B0: appendEntries* s9->s6#8704-t1,previous=(t:1, i:239),leaderCommit=239,initializing? false,entries: size=1, first=(t:1, i:240), METADATAENTRY(c:239)
2024-10-09 04:30:06,313 DEBUG server.RaftServer$Division (LeaderStateImpl.java:addPendingRequest(529)) - s9@group-BDFE845AF3B0-LeaderStateImpl: addPendingRequest at RaftClientRequest:client-CAAA969A923D->s9@group-BDFE845AF3B0, cid=8705, seq=null, RW, Message:01016102405e40000000...(size=12), entry=(t:1, i:241), STATEMACHINELOGENTRY, WRITE: logData.size=12, stateMachineData.size=0, logEntryProtoSerializedSize=0
2024-10-09 04:30:06,313 DEBUG server.RaftServer$Division (RaftServerImpl.java:logAppendEntries(1545)) - s1@group-BDFE845AF3B0: appendEntries* s9->s1#8703-t1,previous=(t:1, i:239),leaderCommit=239,initializing? false,entries: size=1, first=(t:1, i:240), METADATAENTRY(c:239)
2024-10-09 04:30:06,313 DEBUG server.RaftServer$Division (RaftServerImpl.java:logAppendEntries(1545)) - s2@group-BDFE845AF3B0: appendEntries* reply s9<-s2#8691:OK-t1,SUCCESS,nextIndex=240,followerCommit=237,matchIndex=239
2024-10-09 04:30:06,313 DEBUG server.RaftServer$Division (RaftServerImpl.java:logAppendEntries(1545)) - s12@group-BDFE845AF3B0: appendEntries* s9->s12#8692-t1,previous=(t:1, i:237),leaderCommit=238,initializing? false,entries: size=2, first=(t:1, i:238), METADATAENTRY(c:237)
2024-10-09 04:30:06,314 DEBUG server.RaftServer$Division (RaftServerImpl.java:logAppendEntries(1545)) - s1@group-BDFE845AF3B0: appendEntries* reply s9<-s1#8703:OK-t1,SUCCESS,nextIndex=241,followerCommit=239,matchIndex=240
2024-10-09 04:30:06,313 DEBUG server.RaftServer$Division (RaftServerImpl.java:logAppendEntries(1545)) - s7@group-BDFE845AF3B0: appendEntries* s9->s7#8696-t1,previous=(t:1, i:238),leaderCommit=238,initializing? false,entries: size=1, first=(t:1, i:239), STATEMACHINELOGENTRY, StateMachineLogEntryProto:8679@client-CAAA969A923D
2024-10-09 04:30:06,313 DEBUG server.RaftServer$Division (RaftServerImpl.java:logAppendEntries(1545)) - s5@group-BDFE845AF3B0: appendEntries* s9->s5#8700-t1,previous=(t:1, i:239),leaderCommit=239,initializing? false,entries: size=1, first=(t:1, i:240), METADATAENTRY(c:239)
2024-10-09 04:30:06,313 DEBUG server.RaftServer$Division (RaftServerImpl.java:logAppendEntries(1545)) - s8@group-BDFE845AF3B0: appendEntries* reply s9<-s8#8693:OK-t1,SUCCESS,nextIndex=240,followerCommit=238,matchIndex=239
2024-10-09 04:30:06,313 DEBUG server.RaftServer$Division (RaftServerImpl.java:logAppendEntries(1545)) - s11@group-BDFE845AF3B0: appendEntries* s9->s11#8697-t1,previous=(t:1, i:239),leaderCommit=239,initializing? false,entries: size=1, first=(t:1, i:240), METADATAENTRY(c:239)
2024-10-09 04:30:06,315 DEBUG server.RaftServer$Division (RaftServerImpl.java:logAppendEntries(1545)) - s1@group-BDFE845AF3B0: appendEntries* s9->s1#8708-t1,previous=(t:1, i:240),leaderCommit=239,initializing? false,entries: size=1, first=(t:1, i:241), STATEMACHINELOGENTRY, StateMachineLogEntryProto:8705@client-CAAA969A923D
2024-10-09 04:30:06,315 DEBUG server.RaftServer$Division (RaftServerImpl.java:logAppendEntries(1545)) - s8@group-BDFE845AF3B0: appendEntries* s9->s8#8709-t1,previous=(t:1, i:239),leaderCommit=239,initializing? false,entries: size=2, first=(t:1, i:240), METADATAENTRY(c:239)
2024-10-09 04:30:06,313 DEBUG server.RaftServer$Division (RaftServerImpl.java:logAppendEntries(1545)) - s4@group-BDFE845AF3B0: appendEntries* s9->s4#8701-t1,previous=(t:1, i:239),leaderCommit=239,initializing? false,entries: size=1, first=(t:1, i:240), METADATAENTRY(c:239)
2024-10-09 04:30:06,313 DEBUG server.RaftServer$Division (RaftServerImpl.java:logAppendEntries(1545)) - s14@group-BDFE845AF3B0: appendEntries* reply s9<-s14#8694:OK-t1,SUCCESS,nextIndex=240,followerCommit=238,matchIndex=239
2024-10-09 04:30:06,315 DEBUG server.RaftServer$Division (RaftServerImpl.java:logAppendEntries(1545)) - s5@group-BDFE845AF3B0: appendEntries* reply s9<-s5#8700:OK-t1,SUCCESS,nextIndex=241,followerCommit=239,matchIndex=240
2024-10-09 04:30:06,314 DEBUG server.RaftServer$Division (RaftServerImpl.java:logAppendEntries(1545)) - s6@group-BDFE845AF3B0: appendEntries* reply s9<-s6#8704:OK-t1,SUCCESS,nextIndex=241,followerCommit=239,matchIndex=240
2024-10-09 04:30:06,316 DEBUG server.RaftServer$Division (RaftServerImpl.java:logAppendEntries(1545)) - s12@group-BDFE845AF3B0: appendEntries* reply s9<-s12#8692:OK-t1,SUCCESS,nextIndex=240,followerCommit=238,matchIndex=239
2024-10-09 04:30:06,316 DEBUG server.RaftServer$Division (RaftServerImpl.java:logAppendEntries(1545)) - s6@group-BDFE845AF3B0: appendEntries* s9->s6#8710-t1,previous=(t:1, i:240),leaderCommit=239,initializing? false,entries: size=1, first=(t:1, i:241), STATEMACHINELOGENTRY, StateMachineLogEntryProto:8705@client-CAAA969A923D
2024-10-09 04:30:06,316 DEBUG server.RaftServer$Division (RaftServerImpl.java:logAppendEntries(1545)) - s14@group-BDFE845AF3B0: appendEntries* s9->s14#8711-t1,previous=(t:1, i:239),leaderCommit=239,initializing? false,entries: size=2, first=(t:1, i:240), METADATAENTRY(c:239)
2024-10-09 04:30:06,316 DEBUG server.RaftServer$Division (RaftServerImpl.java:logAppendEntries(1545)) - s8@group-BDFE845AF3B0: appendEntries* reply s9<-s8#8709:OK-t1,SUCCESS,nextIndex=242,followerCommit=239,matchIndex=241
2024-10-09 04:30:06,314 DEBUG server.RaftServer$Division (RaftServerImpl.java:logAppendEntries(1545)) - s0@group-BDFE845AF3B0: appendEntries* s9->s0#8706-t1,previous=(t:1, i:240),leaderCommit=239,initializing? false,entries: size=1, first=(t:1, i:241), STATEMACHINELOGENTRY, StateMachineLogEntryProto:8705@client-CAAA969A923D
2024-10-09 04:30:06,314 DEBUG server.RaftServer$Division (RaftServerImpl.java:logAppendEntries(1545)) - s13@group-BDFE845AF3B0: appendEntries* s9->s13#8702-t1,previous=(t:1, i:239),leaderCommit=239,initializing? false,entries: size=1, first=(t:1, i:240), METADATAENTRY(c:239)
2024-10-09 04:30:06,317 DEBUG server.RaftServer$Division (RaftServerImpl.java:logAppendEntries(1545)) - s14@group-BDFE845AF3B0: appendEntries* reply s9<-s14#8711:OK-t1,SUCCESS,nextIndex=242,followerCommit=239,matchIndex=241
2024-10-09 04:30:06,314 DEBUG server.RaftServer$Division (RaftServerImpl.java:logAppendEntries(1545)) - s3@group-BDFE845AF3B0: appendEntries* reply s9<-s3#8698:OK-t1,SUCCESS,nextIndex=241,followerCommit=239,matchIndex=240
2024-10-09 04:30:06,314 DEBUG server.RaftServer$Division (RaftServerImpl.java:logAppendEntries(1545)) - s10@group-BDFE845AF3B0: appendEntries* reply s9<-s10#8695:OK-t1,SUCCESS,nextIndex=240,followerCommit=238,matchIndex=239
2024-10-09 04:30:06,317 DEBUG server.RaftServer$Division (RaftServerImpl.java:logAppendEntries(1545)) - s0@group-BDFE845AF3B0: appendEntries* reply s9<-s0#8706:OK-t1,SUCCESS,nextIndex=242,followerCommit=239,matchIndex=241
2024-10-09 04:30:06,317 DEBUG server.RaftServer$Division (RaftServerImpl.java:logAppendEntries(1545)) - s5@group-BDFE845AF3B0: appendEntries* s9->s5#8712-t1,previous=(t:1, i:240),leaderCommit=239,initializing? false,entries: size=1, first=(t:1, i:241), STATEMACHINELOGENTRY, StateMachineLogEntryProto:8705@client-CAAA969A923D
2024-10-09 04:30:06,317 DEBUG server.RaftServer$Division (RaftServerImpl.java:logAppendEntries(1545)) - s6@group-BDFE845AF3B0: appendEntries* reply s9<-s6#8710:OK-t1,SUCCESS,nextIndex=242,followerCommit=239,matchIndex=241
2024-10-09 04:30:06,316 DEBUG server.RaftServer$Division (RaftServerImpl.java:logAppendEntries(1545)) - s1@group-BDFE845AF3B0: appendEntries* reply s9<-s1#8708:OK-t1,SUCCESS,nextIndex=242,followerCommit=239,matchIndex=241
2024-10-09 04:30:06,316 DEBUG server.RaftServer$Division (RaftServerImpl.java:logAppendEntries(1545)) - s11@group-BDFE845AF3B0: appendEntries* reply s9<-s11#8697:OK-t1,SUCCESS,nextIndex=241,followerCommit=239,matchIndex=240
2024-10-09 04:30:06,316 DEBUG server.RaftServer$Division (RaftServerImpl.java:logAppendEntries(1545)) - s4@group-BDFE845AF3B0: appendEntries* reply s9<-s4#8701:OK-t1,SUCCESS,nextIndex=241,followerCommit=239,matchIndex=240
2024-10-09 04:30:06,316 DEBUG server.RaftServer$Division (RaftServerImpl.java:logAppendEntries(1545)) - s7@group-BDFE845AF3B0: appendEntries* reply s9<-s7#8696:OK-t1,SUCCESS,nextIndex=240,followerCommit=238,matchIndex=239
2024-10-09 04:30:06,318 DEBUG server.RaftServer$Division (RaftServerImpl.java:logAppendEntries(1545)) - s11@group-BDFE845AF3B0: appendEntries* s9->s11#8715-t1,previous=(t:1, i:240),leaderCommit=240,initializing? false,entries: size=1, first=(t:1, i:241), STATEMACHINELOGENTRY, StateMachineLogEntryProto:8705@client-CAAA969A923D
2024-10-09 04:30:06,318 DEBUG server.RaftServer$Division (RaftServerImpl.java:logAppendEntries(1545)) - s13@group-BDFE845AF3B0: appendEntries* reply s9<-s13#8702:OK-t1,SUCCESS,nextIndex=241,followerCommit=239,matchIndex=240
2024-10-09 04:30:06,318 DEBUG server.RaftServer$Division (RaftServerImpl.java:logAppendEntries(1545)) - s12@group-BDFE845AF3B0: appendEntries* s9->s12#8714-t1,previous=(t:1, i:239),leaderCommit=240,initializing? false,entries: size=2, first=(t:1, i:240), METADATAENTRY(c:239)
2024-10-09 04:30:06,319 DEBUG server.RaftServer$Division (RaftServerImpl.java:logAppendEntries(1545)) - s13@group-BDFE845AF3B0: appendEntries* s9->s13#8719-t1,previous=(t:1, i:240),leaderCommit=240,initializing? false,entries: size=1, first=(t:1, i:241), STATEMACHINELOGENTRY, StateMachineLogEntryProto:8705@client-CAAA969A923D
2024-10-09 04:30:06,316 DEBUG server.RaftServer$Division (RaftServerImpl.java:logAppendEntries(1545)) - s2@group-BDFE845AF3B0: appendEntries* s9->s2#8707-t1,previous=(t:1, i:239),leaderCommit=239,initializing? false,entries: size=2, first=(t:1, i:240), METADATAENTRY(c:239)
2024-10-09 04:30:06,319 DEBUG server.RaftServer$Division (RaftServerImpl.java:logAppendEntries(1545)) - s12@group-BDFE845AF3B0: appendEntries* reply s9<-s12#8714:OK-t1,SUCCESS,nextIndex=242,followerCommit=240,matchIndex=241
2024-10-09 04:30:06,318 DEBUG server.RaftServer$Division (RaftServerImpl.java:logAppendEntries(1545)) - s7@group-BDFE845AF3B0: appendEntries* s9->s7#8718-t1,previous=(t:1, i:239),leaderCommit=240,initializing? false,entries: size=2, first=(t:1, i:240), METADATAENTRY(c:239)
2024-10-09 04:30:06,318 DEBUG server.RaftServer$Division (RaftServerImpl.java:logAppendEntries(1545)) - s11@group-BDFE845AF3B0: appendEntries* reply s9<-s11#8715:OK-t1,SUCCESS,nextIndex=242,followerCommit=240,matchIndex=241
2024-10-09 04:30:06,319 DEBUG server.RaftServer$Division (RaftServerImpl.java:logAppendEntries(1545)) - s13@group-BDFE845AF3B0: appendEntries* reply s9<-s13#8719:OK-t1,SUCCESS,nextIndex=242,followerCommit=240,matchIndex=241
2024-10-09 04:30:06,318 DEBUG server.RaftServer$Division (RaftServerImpl.java:logAppendEntries(1545)) - s10@group-BDFE845AF3B0: appendEntries* s9->s10#8716-t1,previous=(t:1, i:239),leaderCommit=240,initializing? false,entries: size=2, first=(t:1, i:240), METADATAENTRY(c:239)
2024-10-09 04:30:06,318 DEBUG server.RaftServer$Division (RaftServerImpl.java:logAppendEntries(1545)) - s4@group-BDFE845AF3B0: appendEntries* s9->s4#8717-t1,previous=(t:1, i:240),leaderCommit=240,initializing? false,entries: size=1, first=(t:1, i:241), STATEMACHINELOGENTRY, StateMachineLogEntryProto:8705@client-CAAA969A923D
2024-10-09 04:30:06,318 DEBUG server.RaftServer$Division (RaftServerImpl.java:logAppendEntries(1545)) - s5@group-BDFE845AF3B0: appendEntries* reply s9<-s5#8712:OK-t1,SUCCESS,nextIndex=242,followerCommit=239,matchIndex=241
2024-10-09 04:30:06,320 DEBUG server.RaftServer$Division (RaftServerImpl.java:logAppendEntries(1545)) - s8@group-BDFE845AF3B0: appendEntries* s9->s8#8721-t1,previous=(t:1, i:241),leaderCommit=241,initializing? false,entries: size=1, first=(t:1, i:242), METADATAENTRY(c:241)
2024-10-09 04:30:06,320 DEBUG server.RaftServer$Division (RaftServerImpl.java:logAppendEntries(1545)) - s11@group-BDFE845AF3B0: appendEntries* s9->s11#8724-t1,previous=(t:1, i:241),leaderCommit=241,initializing? false,entries: size=1, first=(t:1, i:242), METADATAENTRY(c:241)
2024-10-09 04:30:06,317 DEBUG server.RaftServer$Division (RaftServerImpl.java:logAppendEntries(1545)) - s3@group-BDFE845AF3B0: appendEntries* s9->s3#8713-t1,previous=(t:1, i:240),leaderCommit=240,initializing? false,entries: size=1, first=(t:1, i:241), STATEMACHINELOGENTRY, StateMachineLogEntryProto:8705@client-CAAA969A923D
2024-10-09 04:30:06,320 DEBUG server.RaftServer$Division (RaftServerImpl.java:logAppendEntries(1545)) - s5@group-BDFE845AF3B0: appendEntries* s9->s5#8726-t1,previous=(t:1, i:241),leaderCommit=241,initializing? false,entries: size=1, first=(t:1, i:242), METADATAENTRY(c:241)
2024-10-09 04:30:06,320 DEBUG server.RaftServer$Division (RaftServerImpl.java:logAppendEntries(1545)) - s4@group-BDFE845AF3B0: appendEntries* reply s9<-s4#8717:OK-t1,SUCCESS,nextIndex=242,followerCommit=240,matchIndex=241
2024-10-09 04:30:06,321 DEBUG server.RaftServer$Division (RaftServerImpl.java:logAppendEntries(1545)) - s7@group-BDFE845AF3B0: appendEntries* reply s9<-s7#8718:OK-t1,SUCCESS,nextIndex=242,followerCommit=240,matchIndex=241
2024-10-09 04:30:06,320 DEBUG server.RaftServer$Division (RaftServerImpl.java:logAppendEntries(1545)) - s14@group-BDFE845AF3B0: appendEntries* s9->s14#8722-t1,previous=(t:1, i:241),leaderCommit=241,initializing? false,entries: size=1, first=(t:1, i:242), METADATAENTRY(c:241)
2024-10-09 04:30:06,321 DEBUG server.RaftServer$Division (RaftServerImpl.java:logAppendEntries(1545)) - s8@group-BDFE845AF3B0: appendEntries* reply s9<-s8#8721:OK-t1,SUCCESS,nextIndex=243,followerCommit=241,matchIndex=242
2024-10-09 04:30:06,320 INFO  statemachine.StateMachine (ArithmeticStateMachine.java:applyTransaction(181)) - LEADER:s9-241: a = 121 = 121
2024-10-09 04:30:06,319 DEBUG server.RaftServer$Division (RaftServerImpl.java:logAppendEntries(1545)) - s2@group-BDFE845AF3B0: appendEntries* reply s9<-s2#8707:OK-t1,SUCCESS,nextIndex=242,followerCommit=239,matchIndex=241
2024-10-09 04:30:06,321 DEBUG server.RaftServer$Division (RaftServerImpl.java:logAppendEntries(1545)) - s10@group-BDFE845AF3B0: appendEntries* reply s9<-s10#8716:OK-t1,SUCCESS,nextIndex=242,followerCommit=240,matchIndex=241
2024-10-09 04:30:06,321 DEBUG server.RaftServer$Division (RaftServerImpl.java:logAppendEntries(1545)) - s5@group-BDFE845AF3B0: appendEntries* reply s9<-s5#8726:OK-t1,SUCCESS,nextIndex=243,followerCommit=241,matchIndex=242
2024-10-09 04:30:06,321 DEBUG server.RaftServer$Division (RaftServerImpl.java:logAppendEntries(1545)) - s3@group-BDFE845AF3B0: appendEntries* reply s9<-s3#8713:OK-t1,SUCCESS,nextIndex=242,followerCommit=240,matchIndex=241
2024-10-09 04:30:06,321 DEBUG server.RaftServer$Division (RaftServerImpl.java:logAppendEntries(1545)) - s11@group-BDFE845AF3B0: appendEntries* reply s9<-s11#8724:OK-t1,SUCCESS,nextIndex=243,followerCommit=241,matchIndex=242
2024-10-09 04:30:06,321 DEBUG server.RaftServer$Division (RaftServerImpl.java:logAppendEntries(1545)) - s4@group-BDFE845AF3B0: appendEntries* s9->s4#8728-t1,previous=(t:1, i:241),leaderCommit=241,initializing? false,entries: size=1, first=(t:1, i:242), METADATAENTRY(c:241)
2024-10-09 04:30:06,321 DEBUG server.RaftServer$Division (RaftServerImpl.java:logAppendEntries(1545)) - s1@group-BDFE845AF3B0: appendEntries* s9->s1#8727-t1,previous=(t:1, i:241),leaderCommit=241,initializing? false,entries: size=1, first=(t:1, i:242), METADATAENTRY(c:241)
2024-10-09 04:30:06,322 DEBUG server.RaftServer$Division (RaftServerImpl.java:logAppendEntries(1545)) - s10@group-BDFE845AF3B0: appendEntries* s9->s10#8731-t1,previous=(t:1, i:241),leaderCommit=241,initializing? false,entries: size=1, first=(t:1, i:242), METADATAENTRY(c:241)
2024-10-09 04:30:06,322 DEBUG server.RaftServer$Division (RaftServerImpl.java:logAppendEntries(1545)) - s7@group-BDFE845AF3B0: appendEntries* s9->s7#8729-t1,previous=(t:1, i:241),leaderCommit=241,initializing? false,entries: size=1, first=(t:1, i:242), METADATAENTRY(c:241)
2024-10-09 04:30:06,322 DEBUG server.RaftServer$Division (RaftServerImpl.java:logAppendEntries(1545)) - s10@group-BDFE845AF3B0: appendEntries* reply s9<-s10#8731:OK-t1,SUCCESS,nextIndex=243,followerCommit=241,matchIndex=242
2024-10-09 04:30:06,322 DEBUG server.RaftServer$Division (RaftServerImpl.java:logAppendEntries(1545)) - s12@group-BDFE845AF3B0: appendEntries* s9->s12#8723-t1,previous=(t:1, i:241),leaderCommit=241,initializing? false,entries: size=1, first=(t:1, i:242), METADATAENTRY(c:241)
2024-10-09 04:30:06,321 DEBUG server.RaftServer$Division (RaftServerImpl.java:logAppendEntries(1545)) - s0@group-BDFE845AF3B0: appendEntries* s9->s0#8725-t1,previous=(t:1, i:241),leaderCommit=241,initializing? false,entries: size=1, first=(t:1, i:242), METADATAENTRY(c:241)
2024-10-09 04:30:06,323 DEBUG server.RaftServer$Division (RaftServerImpl.java:logAppendEntries(1545)) - s7@group-BDFE845AF3B0: appendEntries* reply s9<-s7#8729:OK-t1,SUCCESS,nextIndex=243,followerCommit=241,matchIndex=242
2024-10-09 04:30:06,322 DEBUG server.RaftServer$Division (RaftServerImpl.java:logAppendEntries(1545)) - s6@group-BDFE845AF3B0: appendEntries* s9->s6#8720-t1,previous=(t:1, i:241),leaderCommit=241,initializing? false,entries: size=1, first=(t:1, i:242), METADATAENTRY(c:241)
2024-10-09 04:30:06,322 DEBUG server.RaftServer$Division (RaftServerImpl.java:logAppendEntries(1545)) - s3@group-BDFE845AF3B0: appendEntries* s9->s3#8732-t1,previous=(t:1, i:241),leaderCommit=241,initializing? false,entries: size=1, first=(t:1, i:242), METADATAENTRY(c:241)
2024-10-09 04:30:06,323 DEBUG server.RaftServer$Division (RaftServerImpl.java:logAppendEntries(1545)) - s13@group-BDFE845AF3B0: appendEntries* s9->s13#8733-t1,previous=(t:1, i:241),leaderCommit=241,initializing? false,entries: size=1, first=(t:1, i:242), METADATAENTRY(c:241)
2024-10-09 04:30:06,322 DEBUG server.RaftServer$Division (RaftServerImpl.java:logAppendEntries(1545)) - s4@group-BDFE845AF3B0: appendEntries* reply s9<-s4#8728:OK-t1,SUCCESS,nextIndex=243,followerCommit=241,matchIndex=242
2024-10-09 04:30:06,322 DEBUG server.RaftServer$Division (RaftServerImpl.java:logAppendEntries(1545)) - s1@group-BDFE845AF3B0: appendEntries* reply s9<-s1#8727:OK-t1,SUCCESS,nextIndex=243,followerCommit=241,matchIndex=242
2024-10-09 04:30:06,321 DEBUG server.RaftServer$Division (RaftServerImpl.java:submitClientRequestAsync(916)) - s9@group-BDFE845AF3B0: receive client request(RaftClientRequest:client-CAAA969A923D->s9@group-BDFE845AF3B0, cid=8730, seq=null, RW, Message:0101620240bc98000000...(size=12))
2024-10-09 04:30:06,321 DEBUG server.RaftServer$Division (RaftServerImpl.java:logAppendEntries(1545)) - s14@group-BDFE845AF3B0: appendEntries* reply s9<-s14#8722:OK-t1,SUCCESS,nextIndex=243,followerCommit=241,matchIndex=242
2024-10-09 04:30:06,324 DEBUG server.RaftServer$Division (RaftServerImpl.java:logAppendEntries(1545)) - s13@group-BDFE845AF3B0: appendEntries* reply s9<-s13#8733:OK-t1,SUCCESS,nextIndex=243,followerCommit=241,matchIndex=242
2024-10-09 04:30:06,324 DEBUG server.RaftServer$Division (LeaderStateImpl.java:addPendingRequest(529)) - s9@group-BDFE845AF3B0-LeaderStateImpl: addPendingRequest at RaftClientRequest:client-CAAA969A923D->s9@group-BDFE845AF3B0, cid=8730, seq=null, RW, Message:0101620240bc98000000...(size=12), entry=(t:1, i:243), STATEMACHINELOGENTRY, WRITE: logData.size=12, stateMachineData.size=0, logEntryProtoSerializedSize=0
2024-10-09 04:30:06,324 DEBUG server.RaftServer$Division (RaftServerImpl.java:logAppendEntries(1545)) - s14@group-BDFE845AF3B0: appendEntries* s9->s14#8739-t1,previous=(t:1, i:242),leaderCommit=241,initializing? false,entries: size=1, first=(t:1, i:243), STATEMACHINELOGENTRY, StateMachineLogEntryProto:8730@client-CAAA969A923D
2024-10-09 04:30:06,325 DEBUG server.RaftServer$Division (RaftServerImpl.java:logAppendEntries(1545)) - s4@group-BDFE845AF3B0: appendEntries* s9->s4#8741-t1,previous=(t:1, i:242),leaderCommit=242,initializing? false,entries: size=1, first=(t:1, i:243), STATEMACHINELOGENTRY, StateMachineLogEntryProto:8730@client-CAAA969A923D
2024-10-09 04:30:06,325 DEBUG server.RaftServer$Division (RaftServerImpl.java:logAppendEntries(1545)) - s5@group-BDFE845AF3B0: appendEntries* s9->s5#8736-t1,previous=(t:1, i:242),leaderCommit=241,initializing? false,entries: size=1, first=(t:1, i:243), STATEMACHINELOGENTRY, StateMachineLogEntryProto:8730@client-CAAA969A923D
2024-10-09 04:30:06,325 DEBUG server.RaftServer$Division (RaftServerImpl.java:logAppendEntries(1545)) - s11@group-BDFE845AF3B0: appendEntries* s9->s11#8735-t1,previous=(t:1, i:242),leaderCommit=241,initializing? false,entries: size=1, first=(t:1, i:243), STATEMACHINELOGENTRY, StateMachineLogEntryProto:8730@client-CAAA969A923D
2024-10-09 04:30:06,325 DEBUG server.RaftServer$Division (RaftServerImpl.java:logAppendEntries(1545)) - s10@group-BDFE845AF3B0: appendEntries* s9->s10#8742-t1,previous=(t:1, i:242),leaderCommit=242,initializing? false,entries: size=1, first=(t:1, i:243), STATEMACHINELOGENTRY, StateMachineLogEntryProto:8730@client-CAAA969A923D
2024-10-09 04:30:06,325 DEBUG server.RaftServer$Division (RaftServerImpl.java:logAppendEntries(1545)) - s11@group-BDFE845AF3B0: appendEntries* reply s9<-s11#8735:OK-t1,SUCCESS,nextIndex=244,followerCommit=241,matchIndex=243
2024-10-09 04:30:06,324 DEBUG server.RaftServer$Division (RaftServerImpl.java:logAppendEntries(1545)) - s2@group-BDFE845AF3B0: appendEntries* s9->s2#8734-t1,previous=(t:1, i:241),leaderCommit=241,initializing? false,entries: size=1, first=(t:1, i:242), METADATAENTRY(c:241)
2024-10-09 04:30:06,326 DEBUG server.RaftServer$Division (RaftServerImpl.java:logAppendEntries(1545)) - s1@group-BDFE845AF3B0: appendEntries* s9->s1#8743-t1,previous=(t:1, i:242),leaderCommit=242,initializing? false,entries: size=1, first=(t:1, i:243), STATEMACHINELOGENTRY, StateMachineLogEntryProto:8730@client-CAAA969A923D
2024-10-09 04:30:06,326 DEBUG server.RaftServer$Division (RaftServerImpl.java:logAppendEntries(1545)) - s13@group-BDFE845AF3B0: appendEntries* s9->s13#8740-t1,previous=(t:1, i:242),leaderCommit=241,initializing? false,entries: size=1, first=(t:1, i:243), STATEMACHINELOGENTRY, StateMachineLogEntryProto:8730@client-CAAA969A923D
2024-10-09 04:30:06,323 DEBUG server.RaftServer$Division (RaftServerImpl.java:logAppendEntries(1545)) - s6@group-BDFE845AF3B0: appendEntries* reply s9<-s6#8720:OK-t1,SUCCESS,nextIndex=243,followerCommit=241,matchIndex=242
2024-10-09 04:30:06,323 DEBUG server.RaftServer$Division (RaftServerImpl.java:logAppendEntries(1545)) - s3@group-BDFE845AF3B0: appendEntries* reply s9<-s3#8732:OK-t1,SUCCESS,nextIndex=243,followerCommit=241,matchIndex=242
2024-10-09 04:30:06,323 DEBUG server.RaftServer$Division (RaftServerImpl.java:logAppendEntries(1545)) - s0@group-BDFE845AF3B0: appendEntries* reply s9<-s0#8725:OK-t1,SUCCESS,nextIndex=243,followerCommit=241,matchIndex=242
2024-10-09 04:30:06,323 DEBUG server.RaftServer$Division (RaftServerImpl.java:logAppendEntries(1545)) - s12@group-BDFE845AF3B0: appendEntries* reply s9<-s12#8723:OK-t1,SUCCESS,nextIndex=243,followerCommit=241,matchIndex=242
2024-10-09 04:30:06,326 DEBUG server.RaftServer$Division (RaftServerImpl.java:logAppendEntries(1545)) - s1@group-BDFE845AF3B0: appendEntries* reply s9<-s1#8743:OK-t1,SUCCESS,nextIndex=244,followerCommit=242,matchIndex=243
2024-10-09 04:30:06,326 DEBUG server.RaftServer$Division (RaftServerImpl.java:logAppendEntries(1545)) - s0@group-BDFE845AF3B0: appendEntries* s9->s0#8745-t1,previous=(t:1, i:242),leaderCommit=242,initializing? false,entries: size=1, first=(t:1, i:243), STATEMACHINELOGENTRY, StateMachineLogEntryProto:8730@client-CAAA969A923D
2024-10-09 04:30:06,327 DEBUG server.RaftServer$Division (RaftServerImpl.java:logAppendEntries(1545)) - s6@group-BDFE845AF3B0: appendEntries* s9->s6#8744-t1,previous=(t:1, i:242),leaderCommit=242,initializing? false,entries: size=1, first=(t:1, i:243), STATEMACHINELOGENTRY, StateMachineLogEntryProto:8730@client-CAAA969A923D
2024-10-09 04:30:06,326 DEBUG server.RaftServer$Division (RaftServerImpl.java:logAppendEntries(1545)) - s7@group-BDFE845AF3B0: appendEntries* s9->s7#8737-t1,previous=(t:1, i:242),leaderCommit=241,initializing? false,entries: size=1, first=(t:1, i:243), STATEMACHINELOGENTRY, StateMachineLogEntryProto:8730@client-CAAA969A923D
2024-10-09 04:30:06,326 DEBUG server.RaftServer$Division (RaftServerImpl.java:logAppendEntries(1545)) - s10@group-BDFE845AF3B0: appendEntries* reply s9<-s10#8742:OK-t1,SUCCESS,nextIndex=244,followerCommit=242,matchIndex=243
2024-10-09 04:30:06,327 DEBUG server.RaftServer$Division (RaftServerImpl.java:logAppendEntries(1545)) - s2@group-BDFE845AF3B0: appendEntries* reply s9<-s2#8734:OK-t1,SUCCESS,nextIndex=243,followerCommit=241,matchIndex=242
2024-10-09 04:30:06,327 DEBUG server.RaftServer$Division (RaftServerImpl.java:logAppendEntries(1545)) - s0@group-BDFE845AF3B0: appendEntries* reply s9<-s0#8745:OK-t1,SUCCESS,nextIndex=244,followerCommit=242,matchIndex=243
2024-10-09 04:30:06,325 DEBUG server.RaftServer$Division (RaftServerImpl.java:logAppendEntries(1545)) - s5@group-BDFE845AF3B0: appendEntries* reply s9<-s5#8736:OK-t1,SUCCESS,nextIndex=244,followerCommit=241,matchIndex=243
2024-10-09 04:30:06,325 DEBUG server.RaftServer$Division (RaftServerImpl.java:logAppendEntries(1545)) - s14@group-BDFE845AF3B0: appendEntries* reply s9<-s14#8739:OK-t1,SUCCESS,nextIndex=244,followerCommit=241,matchIndex=243
2024-10-09 04:30:06,325 DEBUG server.RaftServer$Division (RaftServerImpl.java:logAppendEntries(1545)) - s4@group-BDFE845AF3B0: appendEntries* reply s9<-s4#8741:OK-t1,SUCCESS,nextIndex=244,followerCommit=242,matchIndex=243
2024-10-09 04:30:06,325 DEBUG server.RaftServer$Division (RaftServerImpl.java:logAppendEntries(1545)) - s8@group-BDFE845AF3B0: appendEntries* s9->s8#8738-t1,previous=(t:1, i:242),leaderCommit=241,initializing? false,entries: size=1, first=(t:1, i:243), STATEMACHINELOGENTRY, StateMachineLogEntryProto:8730@client-CAAA969A923D
2024-10-09 04:30:06,327 DEBUG server.RaftServer$Division (RaftServerImpl.java:logAppendEntries(1545)) - s6@group-BDFE845AF3B0: appendEntries* reply s9<-s6#8744:OK-t1,SUCCESS,nextIndex=244,followerCommit=242,matchIndex=243
2024-10-09 04:30:06,328 DEBUG server.RaftServer$Division (RaftServerImpl.java:logAppendEntries(1545)) - s7@group-BDFE845AF3B0: appendEntries* reply s9<-s7#8737:OK-t1,SUCCESS,nextIndex=244,followerCommit=241,matchIndex=243
2024-10-09 04:30:06,327 DEBUG server.RaftServer$Division (RaftServerImpl.java:logAppendEntries(1545)) - s12@group-BDFE845AF3B0: appendEntries* s9->s12#8747-t1,previous=(t:1, i:242),leaderCommit=242,initializing? false,entries: size=1, first=(t:1, i:243), STATEMACHINELOGENTRY, StateMachineLogEntryProto:8730@client-CAAA969A923D
2024-10-09 04:30:06,328 DEBUG server.RaftServer$Division (RaftServerImpl.java:logAppendEntries(1545)) - s1@group-BDFE845AF3B0: appendEntries* s9->s1#8753-t1,previous=(t:1, i:243),leaderCommit=243,initializing? false,entries: size=1, first=(t:1, i:244), METADATAENTRY(c:243)
2024-10-09 04:30:06,327 DEBUG server.RaftServer$Division (RaftServerImpl.java:logAppendEntries(1545)) - s3@group-BDFE845AF3B0: appendEntries* s9->s3#8746-t1,previous=(t:1, i:242),leaderCommit=242,initializing? false,entries: size=1, first=(t:1, i:243), STATEMACHINELOGENTRY, StateMachineLogEntryProto:8730@client-CAAA969A923D
2024-10-09 04:30:06,329 DEBUG server.RaftServer$Division (RaftServerImpl.java:logAppendEntries(1545)) - s10@group-BDFE845AF3B0: appendEntries* s9->s10#8756-t1,previous=(t:1, i:243),leaderCommit=243,initializing? false,entries: size=1, first=(t:1, i:244), METADATAENTRY(c:243)
2024-10-09 04:30:06,329 DEBUG server.RaftServer$Division (RaftServerImpl.java:logAppendEntries(1545)) - s12@group-BDFE845AF3B0: appendEntries* reply s9<-s12#8747:OK-t1,SUCCESS,nextIndex=244,followerCommit=242,matchIndex=243
2024-10-09 04:30:06,329 DEBUG server.RaftServer$Division (RaftServerImpl.java:logAppendEntries(1545)) - s1@group-BDFE845AF3B0: appendEntries* reply s9<-s1#8753:OK-t1,SUCCESS,nextIndex=245,followerCommit=243,matchIndex=244
2024-10-09 04:30:06,329 DEBUG server.RaftServer$Division (RaftServerImpl.java:logAppendEntries(1545)) - s3@group-BDFE845AF3B0: appendEntries* reply s9<-s3#8746:OK-t1,SUCCESS,nextIndex=244,followerCommit=242,matchIndex=243
2024-10-09 04:30:06,329 DEBUG server.RaftServer$Division (RaftServerImpl.java:logAppendEntries(1545)) - s10@group-BDFE845AF3B0: appendEntries* reply s9<-s10#8756:OK-t1,SUCCESS,nextIndex=245,followerCommit=243,matchIndex=244
2024-10-09 04:30:06,329 DEBUG server.RaftServer$Division (RaftServerImpl.java:logAppendEntries(1545)) - s11@group-BDFE845AF3B0: appendEntries* s9->s11#8749-t1,previous=(t:1, i:243),leaderCommit=243,initializing? false,entries: size=1, first=(t:1, i:244), METADATAENTRY(c:243)
2024-10-09 04:30:06,330 DEBUG server.RaftServer$Division (RaftServerImpl.java:logAppendEntries(1545)) - s6@group-BDFE845AF3B0: appendEntries* s9->s6#8755-t1,previous=(t:1, i:243),leaderCommit=243,initializing? false,entries: size=1, first=(t:1, i:244), METADATAENTRY(c:243)
2024-10-09 04:30:06,328 DEBUG server.RaftServer$Division (RaftServerImpl.java:logAppendEntries(1545)) - s4@group-BDFE845AF3B0: appendEntries* s9->s4#8754-t1,previous=(t:1, i:243),leaderCommit=243,initializing? false,entries: size=1, first=(t:1, i:244), METADATAENTRY(c:243)
2024-10-09 04:30:06,328 DEBUG server.RaftServer$Division (RaftServerImpl.java:logAppendEntries(1545)) - s0@group-BDFE845AF3B0: appendEntries* s9->s0#8750-t1,previous=(t:1, i:243),leaderCommit=243,initializing? false,entries: size=1, first=(t:1, i:244), METADATAENTRY(c:243)
2024-10-09 04:30:06,330 DEBUG server.RaftServer$Division (RaftServerImpl.java:logAppendEntries(1545)) - s13@group-BDFE845AF3B0: appendEntries* reply s9<-s13#8740:OK-t1,SUCCESS,nextIndex=244,followerCommit=241,matchIndex=243
2024-10-09 04:30:06,328 DEBUG server.RaftServer$Division (RaftServerImpl.java:logAppendEntries(1545)) - s14@group-BDFE845AF3B0: appendEntries* s9->s14#8751-t1,previous=(t:1, i:243),leaderCommit=243,initializing? false,entries: size=1, first=(t:1, i:244), METADATAENTRY(c:243)
2024-10-09 04:30:06,328 DEBUG server.RaftServer$Division (RaftServerImpl.java:logAppendEntries(1545)) - s5@group-BDFE845AF3B0: appendEntries* s9->s5#8752-t1,previous=(t:1, i:243),leaderCommit=243,initializing? false,entries: size=1, first=(t:1, i:244), METADATAENTRY(c:243)
2024-10-09 04:30:06,328 DEBUG server.RaftServer$Division (RaftServerImpl.java:logAppendEntries(1545)) - s8@group-BDFE845AF3B0: appendEntries* reply s9<-s8#8738:OK-t1,SUCCESS,nextIndex=244,followerCommit=241,matchIndex=243
2024-10-09 04:30:06,328 INFO  statemachine.StateMachine (ArithmeticStateMachine.java:applyTransaction(181)) - LEADER:s9-243: b = 7320 = 7320
2024-10-09 04:30:06,330 DEBUG server.RaftServer$Division (RaftServerImpl.java:logAppendEntries(1545)) - s6@group-BDFE845AF3B0: appendEntries* reply s9<-s6#8755:OK-t1,SUCCESS,nextIndex=245,followerCommit=243,matchIndex=244
2024-10-09 04:30:06,331 DEBUG server.RaftServer$Division (RaftServerImpl.java:logAppendEntries(1545)) - s5@group-BDFE845AF3B0: appendEntries* reply s9<-s5#8752:OK-t1,SUCCESS,nextIndex=245,followerCommit=243,matchIndex=244
2024-10-09 04:30:06,331 DEBUG server.RaftServer$Division (RaftServerImpl.java:logAppendEntries(1545)) - s4@group-BDFE845AF3B0: appendEntries* reply s9<-s4#8754:OK-t1,SUCCESS,nextIndex=245,followerCommit=243,matchIndex=244
2024-10-09 04:30:06,331 DEBUG server.RaftServer$Division (RaftServerImpl.java:logAppendEntries(1545)) - s14@group-BDFE845AF3B0: appendEntries* reply s9<-s14#8751:OK-t1,SUCCESS,nextIndex=245,followerCommit=243,matchIndex=244
2024-10-09 04:30:06,331 DEBUG server.RaftServer$Division (RaftServerImpl.java:logAppendEntries(1545)) - s8@group-BDFE845AF3B0: appendEntries* s9->s8#8762-t1,previous=(t:1, i:243),leaderCommit=243,initializing? false,entries: size=1, first=(t:1, i:244), METADATAENTRY(c:243)
2024-10-09 04:30:06,331 DEBUG server.RaftServer$Division (RaftServerImpl.java:logAppendEntries(1545)) - s13@group-BDFE845AF3B0: appendEntries* s9->s13#8760-t1,previous=(t:1, i:243),leaderCommit=243,initializing? false,entries: size=1, first=(t:1, i:244), METADATAENTRY(c:243)
2024-10-09 04:30:06,331 DEBUG server.RaftServer$Division (RaftServerImpl.java:logAppendEntries(1545)) - s8@group-BDFE845AF3B0: appendEntries* reply s9<-s8#8762:OK-t1,SUCCESS,nextIndex=245,followerCommit=243,matchIndex=244
2024-10-09 04:30:06,330 DEBUG server.RaftServer$Division (RaftServerImpl.java:logAppendEntries(1545)) - s7@group-BDFE845AF3B0: appendEntries* s9->s7#8758-t1,previous=(t:1, i:243),leaderCommit=243,initializing? false,entries: size=1, first=(t:1, i:244), METADATAENTRY(c:243)
2024-10-09 04:30:06,330 DEBUG server.RaftServer$Division (RaftServerImpl.java:logAppendEntries(1545)) - s11@group-BDFE845AF3B0: appendEntries* reply s9<-s11#8749:OK-t1,SUCCESS,nextIndex=245,followerCommit=243,matchIndex=244
2024-10-09 04:30:06,330 DEBUG server.RaftServer$Division (RaftServerImpl.java:logAppendEntries(1545)) - s3@group-BDFE845AF3B0: appendEntries* s9->s3#8757-t1,previous=(t:1, i:243),leaderCommit=243,initializing? false,entries: size=1, first=(t:1, i:244), METADATAENTRY(c:243)
2024-10-09 04:30:06,330 DEBUG server.RaftServer$Division (RaftServerImpl.java:logAppendEntries(1545)) - s2@group-BDFE845AF3B0: appendEntries* s9->s2#8748-t1,previous=(t:1, i:242),leaderCommit=242,initializing? false,entries: size=1, first=(t:1, i:243), STATEMACHINELOGENTRY, StateMachineLogEntryProto:8730@client-CAAA969A923D
2024-10-09 04:30:06,332 DEBUG server.RaftServer$Division (RaftServerImpl.java:logAppendEntries(1545)) - s13@group-BDFE845AF3B0: appendEntries* reply s9<-s13#8760:OK-t1,SUCCESS,nextIndex=245,followerCommit=243,matchIndex=244
2024-10-09 04:30:06,331 DEBUG server.RaftServer$Division (RaftServerImpl.java:submitClientRequestAsync(916)) - s9@group-BDFE845AF3B0: receive client request(RaftClientRequest:client-CAAA969A923D->s9@group-BDFE845AF3B0, cid=8761, seq=null, RW, Message:01016304010300040201...(size=17))
2024-10-09 04:30:06,331 DEBUG server.RaftServer$Division (RaftServerImpl.java:logAppendEntries(1545)) - s0@group-BDFE845AF3B0: appendEntries* reply s9<-s0#8750:OK-t1,SUCCESS,nextIndex=245,followerCommit=243,matchIndex=244
2024-10-09 04:30:06,332 DEBUG server.RaftServer$Division (LeaderStateImpl.java:addPendingRequest(529)) - s9@group-BDFE845AF3B0-LeaderStateImpl: addPendingRequest at RaftClientRequest:client-CAAA969A923D->s9@group-BDFE845AF3B0, cid=8761, seq=null, RW, Message:01016304010300040201...(size=17), entry=(t:1, i:245), STATEMACHINELOGENTRY, WRITE: logData.size=17, stateMachineData.size=0, logEntryProtoSerializedSize=0
2024-10-09 04:30:06,333 DEBUG server.RaftServer$Division (RaftServerImpl.java:logAppendEntries(1545)) - s2@group-BDFE845AF3B0: appendEntries* reply s9<-s2#8748:OK-t1,SUCCESS,nextIndex=244,followerCommit=242,matchIndex=243
2024-10-09 04:30:06,333 DEBUG server.RaftServer$Division (RaftServerImpl.java:logAppendEntries(1545)) - s5@group-BDFE845AF3B0: appendEntries* s9->s5#8765-t1,previous=(t:1, i:244),leaderCommit=244,initializing? false,entries: size=1, first=(t:1, i:245), STATEMACHINELOGENTRY, StateMachineLogEntryProto:8761@client-CAAA969A923D
2024-10-09 04:30:06,333 DEBUG server.RaftServer$Division (RaftServerImpl.java:logAppendEntries(1545)) - s3@group-BDFE845AF3B0: appendEntries* reply s9<-s3#8757:OK-t1,SUCCESS,nextIndex=245,followerCommit=243,matchIndex=244
2024-10-09 04:30:06,333 DEBUG server.RaftServer$Division (RaftServerImpl.java:logAppendEntries(1545)) - s0@group-BDFE845AF3B0: appendEntries* s9->s0#8767-t1,previous=(t:1, i:244),leaderCommit=244,initializing? false,entries: size=1, first=(t:1, i:245), STATEMACHINELOGENTRY, StateMachineLogEntryProto:8761@client-CAAA969A923D
2024-10-09 04:30:06,333 DEBUG server.RaftServer$Division (RaftServerImpl.java:logAppendEntries(1545)) - s1@group-BDFE845AF3B0: appendEntries* s9->s1#8770-t1,previous=(t:1, i:244),leaderCommit=244,initializing? false,entries: size=1, first=(t:1, i:245), STATEMACHINELOGENTRY, StateMachineLogEntryProto:8761@client-CAAA969A923D
2024-10-09 04:30:06,330 DEBUG server.RaftServer$Division (RaftServerImpl.java:logAppendEntries(1545)) - s12@group-BDFE845AF3B0: appendEntries* s9->s12#8759-t1,previous=(t:1, i:243),leaderCommit=243,initializing? false,entries: size=1, first=(t:1, i:244), METADATAENTRY(c:243)
2024-10-09 04:30:06,334 DEBUG server.RaftServer$Division (RaftServerImpl.java:logAppendEntries(1545)) - s10@group-BDFE845AF3B0: appendEntries* s9->s10#8769-t1,previous=(t:1, i:244),leaderCommit=244,initializing? false,entries: size=1, first=(t:1, i:245), STATEMACHINELOGENTRY, StateMachineLogEntryProto:8761@client-CAAA969A923D
2024-10-09 04:30:06,334 DEBUG server.RaftServer$Division (RaftServerImpl.java:logAppendEntries(1545)) - s8@group-BDFE845AF3B0: appendEntries* s9->s8#8771-t1,previous=(t:1, i:244),leaderCommit=244,initializing? false,entries: size=1, first=(t:1, i:245), STATEMACHINELOGENTRY, StateMachineLogEntryProto:8761@client-CAAA969A923D
2024-10-09 04:30:06,333 DEBUG server.RaftServer$Division (RaftServerImpl.java:logAppendEntries(1545)) - s5@group-BDFE845AF3B0: appendEntries* reply s9<-s5#8765:OK-t1,SUCCESS,nextIndex=246,followerCommit=244,matchIndex=245
2024-10-09 04:30:06,334 DEBUG server.RaftServer$Division (RaftServerImpl.java:logAppendEntries(1545)) - s10@group-BDFE845AF3B0: appendEntries* reply s9<-s10#8769:OK-t1,SUCCESS,nextIndex=246,followerCommit=244,matchIndex=245
2024-10-09 04:30:06,334 DEBUG server.RaftServer$Division (RaftServerImpl.java:logAppendEntries(1545)) - s11@group-BDFE845AF3B0: appendEntries* s9->s11#8768-t1,previous=(t:1, i:244),leaderCommit=244,initializing? false,entries: size=1, first=(t:1, i:245), STATEMACHINELOGENTRY, StateMachineLogEntryProto:8761@client-CAAA969A923D
2024-10-09 04:30:06,334 DEBUG server.RaftServer$Division (RaftServerImpl.java:logAppendEntries(1545)) - s8@group-BDFE845AF3B0: appendEntries* reply s9<-s8#8771:OK-t1,SUCCESS,nextIndex=246,followerCommit=244,matchIndex=245
2024-10-09 04:30:06,333 DEBUG server.RaftServer$Division (RaftServerImpl.java:logAppendEntries(1545)) - s7@group-BDFE845AF3B0: appendEntries* reply s9<-s7#8758:OK-t1,SUCCESS,nextIndex=245,followerCommit=243,matchIndex=244
2024-10-09 04:30:06,333 DEBUG server.RaftServer$Division (RaftServerImpl.java:logAppendEntries(1545)) - s14@group-BDFE845AF3B0: appendEntries* s9->s14#8764-t1,previous=(t:1, i:244),leaderCommit=244,initializing? false,entries: size=1, first=(t:1, i:245), STATEMACHINELOGENTRY, StateMachineLogEntryProto:8761@client-CAAA969A923D
2024-10-09 04:30:06,335 DEBUG server.RaftServer$Division (RaftServerImpl.java:logAppendEntries(1545)) - s11@group-BDFE845AF3B0: appendEntries* reply s9<-s11#8768:OK-t1,SUCCESS,nextIndex=246,followerCommit=244,matchIndex=245
2024-10-09 04:30:06,334 DEBUG server.RaftServer$Division (RaftServerImpl.java:logAppendEntries(1545)) - s6@group-BDFE845AF3B0: appendEntries* s9->s6#8766-t1,previous=(t:1, i:244),leaderCommit=244,initializing? false,entries: size=1, first=(t:1, i:245), STATEMACHINELOGENTRY, StateMachineLogEntryProto:8761@client-CAAA969A923D
2024-10-09 04:30:06,335 DEBUG server.RaftServer$Division (RaftServerImpl.java:logAppendEntries(1545)) - s2@group-BDFE845AF3B0: appendEntries* s9->s2#8773-t1,previous=(t:1, i:243),leaderCommit=244,initializing? false,entries: size=2, first=(t:1, i:244), METADATAENTRY(c:243)
2024-10-09 04:30:06,334 DEBUG server.RaftServer$Division (RaftServerImpl.java:logAppendEntries(1545)) - s12@group-BDFE845AF3B0: appendEntries* reply s9<-s12#8759:OK-t1,SUCCESS,nextIndex=245,followerCommit=243,matchIndex=244
2024-10-09 04:30:06,335 DEBUG server.RaftServer$Division (RaftServerImpl.java:logAppendEntries(1545)) - s2@group-BDFE845AF3B0: appendEntries* reply s9<-s2#8773:OK-t1,SUCCESS,nextIndex=246,followerCommit=244,matchIndex=245
2024-10-09 04:30:06,334 DEBUG server.RaftServer$Division (RaftServerImpl.java:logAppendEntries(1545)) - s0@group-BDFE845AF3B0: appendEntries* reply s9<-s0#8767:OK-t1,SUCCESS,nextIndex=246,followerCommit=244,matchIndex=245
2024-10-09 04:30:06,336 DEBUG server.RaftServer$Division (RaftServerImpl.java:logAppendEntries(1545)) - s12@group-BDFE845AF3B0: appendEntries* s9->s12#8776-t1,previous=(t:1, i:244),leaderCommit=244,initializing? false,entries: size=1, first=(t:1, i:245), STATEMACHINELOGENTRY, StateMachineLogEntryProto:8761@client-CAAA969A923D
2024-10-09 04:30:06,336 DEBUG server.RaftServer$Division (RaftServerImpl.java:logAppendEntries(1545)) - s6@group-BDFE845AF3B0: appendEntries* reply s9<-s6#8766:OK-t1,SUCCESS,nextIndex=246,followerCommit=244,matchIndex=245
2024-10-09 04:30:06,334 DEBUG server.RaftServer$Division (RaftServerImpl.java:logAppendEntries(1545)) - s1@group-BDFE845AF3B0: appendEntries* reply s9<-s1#8770:OK-t1,SUCCESS,nextIndex=246,followerCommit=244,matchIndex=245
2024-10-09 04:30:06,334 DEBUG server.RaftServer$Division (RaftServerImpl.java:logAppendEntries(1545)) - s4@group-BDFE845AF3B0: appendEntries* s9->s4#8772-t1,previous=(t:1, i:244),leaderCommit=244,initializing? false,entries: size=1, first=(t:1, i:245), STATEMACHINELOGENTRY, StateMachineLogEntryProto:8761@client-CAAA969A923D
2024-10-09 04:30:06,336 INFO  statemachine.StateMachine (ArithmeticStateMachine.java:applyTransaction(181)) - LEADER:s9-245: c = √(a^2 + b^2) = 7321
2024-10-09 04:30:06,336 DEBUG server.RaftServer$Division (RaftServerImpl.java:logAppendEntries(1545)) - s12@group-BDFE845AF3B0: appendEntries* reply s9<-s12#8776:OK-t1,SUCCESS,nextIndex=246,followerCommit=244,matchIndex=245
2024-10-09 04:30:06,336 DEBUG server.RaftServer$Division (RaftServerImpl.java:logAppendEntries(1545)) - s5@group-BDFE845AF3B0: appendEntries* s9->s5#8778-t1,previous=(t:1, i:245),leaderCommit=245,initializing? false,entries: size=1, first=(t:1, i:246), METADATAENTRY(c:245)
2024-10-09 04:30:06,337 DEBUG server.RaftServer$Division (RaftServerImpl.java:logAppendEntries(1545)) - s0@group-BDFE845AF3B0: appendEntries* s9->s0#8780-t1,previous=(t:1, i:245),leaderCommit=245,initializing? false,entries: size=1, first=(t:1, i:246), METADATAENTRY(c:245)
2024-10-09 04:30:06,337 DEBUG server.RaftServer$Division (RaftServerImpl.java:logAppendEntries(1545)) - s5@group-BDFE845AF3B0: appendEntries* reply s9<-s5#8778:OK-t1,SUCCESS,nextIndex=247,followerCommit=245,matchIndex=246
2024-10-09 04:30:06,337 DEBUG server.RaftServer$Division (RaftServerImpl.java:logAppendEntries(1545)) - s2@group-BDFE845AF3B0: appendEntries* s9->s2#8779-t1,previous=(t:1, i:245),leaderCommit=245,initializing? false,entries: size=1, first=(t:1, i:246), METADATAENTRY(c:245)
2024-10-09 04:30:06,336 DEBUG server.RaftServer$Division (RaftServerImpl.java:logAppendEntries(1545)) - s7@group-BDFE845AF3B0: appendEntries* s9->s7#8775-t1,previous=(t:1, i:244),leaderCommit=244,initializing? false,entries: size=1, first=(t:1, i:245), STATEMACHINELOGENTRY, StateMachineLogEntryProto:8761@client-CAAA969A923D
2024-10-09 04:30:06,336 DEBUG server.RaftServer$Division (RaftServerImpl.java:logAppendEntries(1545)) - s13@group-BDFE845AF3B0: appendEntries* s9->s13#8763-t1,previous=(t:1, i:244),leaderCommit=244,initializing? false,entries: size=1, first=(t:1, i:245), STATEMACHINELOGENTRY, StateMachineLogEntryProto:8761@client-CAAA969A923D
2024-10-09 04:30:06,337 DEBUG server.RaftServer$Division (RaftServerImpl.java:logAppendEntries(1545)) - s0@group-BDFE845AF3B0: appendEntries* reply s9<-s0#8780:OK-t1,SUCCESS,nextIndex=247,followerCommit=245,matchIndex=246
2024-10-09 04:30:06,335 DEBUG server.RaftServer$Division (RaftServerImpl.java:logAppendEntries(1545)) - s3@group-BDFE845AF3B0: appendEntries* s9->s3#8774-t1,previous=(t:1, i:244),leaderCommit=244,initializing? false,entries: size=1, first=(t:1, i:245), STATEMACHINELOGENTRY, StateMachineLogEntryProto:8761@client-CAAA969A923D
2024-10-09 04:30:06,335 DEBUG server.RaftServer$Division (RaftServerImpl.java:logAppendEntries(1545)) - s14@group-BDFE845AF3B0: appendEntries* reply s9<-s14#8764:OK-t1,SUCCESS,nextIndex=246,followerCommit=244,matchIndex=245
2024-10-09 04:30:06,337 DEBUG server.RaftServer$Division (RaftServerImpl.java:logAppendEntries(1545)) - s12@group-BDFE845AF3B0: appendEntries* s9->s12#8786-t1,previous=(t:1, i:245),leaderCommit=245,initializing? false,entries: size=1, first=(t:1, i:246), METADATAENTRY(c:245)
2024-10-09 04:30:06,338 DEBUG server.RaftServer$Division (RaftServerImpl.java:logAppendEntries(1545)) - s13@group-BDFE845AF3B0: appendEntries* reply s9<-s13#8763:OK-t1,SUCCESS,nextIndex=246,followerCommit=244,matchIndex=245
2024-10-09 04:30:06,337 DEBUG server.RaftServer$Division (RaftServerImpl.java:logAppendEntries(1545)) - s8@group-BDFE845AF3B0: appendEntries* s9->s8#8785-t1,previous=(t:1, i:245),leaderCommit=245,initializing? false,entries: size=1, first=(t:1, i:246), METADATAENTRY(c:245)
2024-10-09 04:30:06,338 DEBUG server.RaftServer$Division (RaftServerImpl.java:logAppendEntries(1545)) - s12@group-BDFE845AF3B0: appendEntries* reply s9<-s12#8786:OK-t1,SUCCESS,nextIndex=247,followerCommit=245,matchIndex=246
2024-10-09 04:30:06,337 DEBUG server.RaftServer$Division (RaftServerImpl.java:submitClientRequestAsync(916)) - s9@group-BDFE845AF3B0: receive client request(RaftClientRequest:client-CAAA969A923D->s9@group-BDFE845AF3B0, cid=8784, seq=null, RW, Message:01016100)
2024-10-09 04:30:06,338 DEBUG server.RaftServer$Division (RaftServerImpl.java:logAppendEntries(1545)) - s8@group-BDFE845AF3B0: appendEntries* reply s9<-s8#8785:OK-t1,SUCCESS,nextIndex=247,followerCommit=245,matchIndex=246
2024-10-09 04:30:06,339 DEBUG server.RaftServer$Division (RaftServerImpl.java:logAppendEntries(1545)) - s13@group-BDFE845AF3B0: appendEntries* s9->s13#8788-t1,previous=(t:1, i:245),leaderCommit=245,initializing? false,entries: size=1, first=(t:1, i:246), METADATAENTRY(c:245)
2024-10-09 04:30:06,339 DEBUG server.RaftServer$Division (RaftServerImpl.java:logAppendEntries(1545)) - s5@group-BDFE845AF3B0: appendEntries* s9->s5#8789-t1,previous=(t:1, i:246),leaderCommit=245,initializing? false,entries: size=1, first=(t:1, i:247), STATEMACHINELOGENTRY, StateMachineLogEntryProto:8784@client-CAAA969A923D
2024-10-09 04:30:06,339 DEBUG server.RaftServer$Division (RaftServerImpl.java:logAppendEntries(1545)) - s7@group-BDFE845AF3B0: appendEntries* reply s9<-s7#8775:OK-t1,SUCCESS,nextIndex=246,followerCommit=244,matchIndex=245
2024-10-09 04:30:06,337 DEBUG server.RaftServer$Division (RaftServerImpl.java:logAppendEntries(1545)) - s1@group-BDFE845AF3B0: appendEntries* s9->s1#8782-t1,previous=(t:1, i:245),leaderCommit=245,initializing? false,entries: size=1, first=(t:1, i:246), METADATAENTRY(c:245)
2024-10-09 04:30:06,337 DEBUG server.RaftServer$Division (RaftServerImpl.java:logAppendEntries(1545)) - s6@group-BDFE845AF3B0: appendEntries* s9->s6#8777-t1,previous=(t:1, i:245),leaderCommit=245,initializing? false,entries: size=1, first=(t:1, i:246), METADATAENTRY(c:245)
2024-10-09 04:30:06,337 DEBUG server.RaftServer$Division (RaftServerImpl.java:logAppendEntries(1545)) - s4@group-BDFE845AF3B0: appendEntries* reply s9<-s4#8772:OK-t1,SUCCESS,nextIndex=246,followerCommit=244,matchIndex=245
2024-10-09 04:30:06,337 DEBUG server.RaftServer$Division (RaftServerImpl.java:logAppendEntries(1545)) - s10@group-BDFE845AF3B0: appendEntries* s9->s10#8781-t1,previous=(t:1, i:245),leaderCommit=245,initializing? false,entries: size=1, first=(t:1, i:246), METADATAENTRY(c:245)
2024-10-09 04:30:06,340 DEBUG server.RaftServer$Division (RaftServerImpl.java:logAppendEntries(1545)) - s1@group-BDFE845AF3B0: appendEntries* reply s9<-s1#8782:OK-t1,SUCCESS,nextIndex=247,followerCommit=245,matchIndex=246
2024-10-09 04:30:06,337 DEBUG server.RaftServer$Division (RaftServerImpl.java:logAppendEntries(1545)) - s11@group-BDFE845AF3B0: appendEntries* s9->s11#8783-t1,previous=(t:1, i:245),leaderCommit=245,initializing? false,entries: size=1, first=(t:1, i:246), METADATAENTRY(c:245)
2024-10-09 04:30:06,340 DEBUG server.RaftServer$Division (RaftServerImpl.java:logAppendEntries(1545)) - s1@group-BDFE845AF3B0: appendEntries* s9->s1#8795-t1,previous=(t:1, i:246),leaderCommit=245,initializing? false,entries: size=1, first=(t:1, i:247), STATEMACHINELOGENTRY, StateMachineLogEntryProto:8784@client-CAAA969A923D
2024-10-09 04:30:06,340 DEBUG server.RaftServer$Division (RaftServerImpl.java:logAppendEntries(1545)) - s10@group-BDFE845AF3B0: appendEntries* reply s9<-s10#8781:OK-t1,SUCCESS,nextIndex=247,followerCommit=245,matchIndex=246
2024-10-09 04:30:06,339 DEBUG server.RaftServer$Division (RaftServerImpl.java:logAppendEntries(1545)) - s8@group-BDFE845AF3B0: appendEntries* s9->s8#8792-t1,previous=(t:1, i:246),leaderCommit=245,initializing? false,entries: size=1, first=(t:1, i:247), STATEMACHINELOGENTRY, StateMachineLogEntryProto:8784@client-CAAA969A923D
2024-10-09 04:30:06,340 DEBUG server.RaftServer$Division (RaftServerImpl.java:logAppendEntries(1545)) - s11@group-BDFE845AF3B0: appendEntries* reply s9<-s11#8783:OK-t1,SUCCESS,nextIndex=247,followerCommit=245,matchIndex=246
2024-10-09 04:30:06,339 DEBUG server.RaftServer$Division (RaftServerImpl.java:logAppendEntries(1545)) - s13@group-BDFE845AF3B0: appendEntries* reply s9<-s13#8788:OK-t1,SUCCESS,nextIndex=247,followerCommit=245,matchIndex=246
2024-10-09 04:30:06,339 DEBUG server.RaftServer$Division (RaftServerImpl.java:logAppendEntries(1545)) - s12@group-BDFE845AF3B0: appendEntries* s9->s12#8791-t1,previous=(t:1, i:246),leaderCommit=245,initializing? false,entries: size=1, first=(t:1, i:247), STATEMACHINELOGENTRY, StateMachineLogEntryProto:8784@client-CAAA969A923D
2024-10-09 04:30:06,341 DEBUG server.RaftServer$Division (RaftServerImpl.java:logAppendEntries(1545)) - s7@group-BDFE845AF3B0: appendEntries* s9->s7#8793-t1,previous=(t:1, i:245),leaderCommit=245,initializing? false,entries: size=2, first=(t:1, i:246), METADATAENTRY(c:245)
2024-10-09 04:30:06,341 DEBUG server.RaftServer$Division (RaftServerImpl.java:logAppendEntries(1545)) - s11@group-BDFE845AF3B0: appendEntries* s9->s11#8796-t1,previous=(t:1, i:246),leaderCommit=245,initializing? false,entries: size=1, first=(t:1, i:247), STATEMACHINELOGENTRY, StateMachineLogEntryProto:8784@client-CAAA969A923D
2024-10-09 04:30:06,339 DEBUG server.RaftServer$Division (RaftServerImpl.java:logAppendEntries(1545)) - s5@group-BDFE845AF3B0: appendEntries* reply s9<-s5#8789:OK-t1,SUCCESS,nextIndex=248,followerCommit=245,matchIndex=247
2024-10-09 04:30:06,339 DEBUG server.RaftServer$Division (RaftServerImpl.java:logAppendEntries(1545)) - s0@group-BDFE845AF3B0: appendEntries* s9->s0#8790-t1,previous=(t:1, i:246),leaderCommit=245,initializing? false,entries: size=1, first=(t:1, i:247), STATEMACHINELOGENTRY, StateMachineLogEntryProto:8784@client-CAAA969A923D
2024-10-09 04:30:06,341 DEBUG server.RaftServer$Division (RaftServerImpl.java:logAppendEntries(1545)) - s6@group-BDFE845AF3B0: appendEntries* reply s9<-s6#8777:OK-t1,SUCCESS,nextIndex=247,followerCommit=245,matchIndex=246
2024-10-09 04:30:06,338 DEBUG server.RaftServer$Division (LeaderStateImpl.java:addPendingRequest(529)) - s9@group-BDFE845AF3B0-LeaderStateImpl: addPendingRequest at RaftClientRequest:client-CAAA969A923D->s9@group-BDFE845AF3B0, cid=8784, seq=null, RW, Message:01016100, entry=(t:1, i:247), STATEMACHINELOGENTRY, WRITE: logData.size=4, stateMachineData.size=0, logEntryProtoSerializedSize=0
2024-10-09 04:30:06,338 DEBUG server.RaftServer$Division (RaftServerImpl.java:logAppendEntries(1545)) - s14@group-BDFE845AF3B0: appendEntries* s9->s14#8787-t1,previous=(t:1, i:245),leaderCommit=245,initializing? false,entries: size=1, first=(t:1, i:246), METADATAENTRY(c:245)
2024-10-09 04:30:06,341 DEBUG server.RaftServer$Division (RaftServerImpl.java:logAppendEntries(1545)) - s10@group-BDFE845AF3B0: appendEntries* s9->s10#8797-t1,previous=(t:1, i:246),leaderCommit=245,initializing? false,entries: size=1, first=(t:1, i:247), STATEMACHINELOGENTRY, StateMachineLogEntryProto:8784@client-CAAA969A923D
2024-10-09 04:30:06,342 DEBUG server.RaftServer$Division (RaftServerImpl.java:logAppendEntries(1545)) - s7@group-BDFE845AF3B0: appendEntries* reply s9<-s7#8793:OK-t1,SUCCESS,nextIndex=248,followerCommit=245,matchIndex=247
2024-10-09 04:30:06,338 DEBUG server.RaftServer$Division (RaftServerImpl.java:logAppendEntries(1545)) - s3@group-BDFE845AF3B0: appendEntries* reply s9<-s3#8774:OK-t1,SUCCESS,nextIndex=246,followerCommit=244,matchIndex=245
2024-10-09 04:30:06,338 DEBUG server.RaftServer$Division (RaftServerImpl.java:logAppendEntries(1545)) - s2@group-BDFE845AF3B0: appendEntries* reply s9<-s2#8779:OK-t1,SUCCESS,nextIndex=247,followerCommit=245,matchIndex=246
2024-10-09 04:30:06,341 DEBUG server.RaftServer$Division (RaftServerImpl.java:logAppendEntries(1545)) - s0@group-BDFE845AF3B0: appendEntries* reply s9<-s0#8790:OK-t1,SUCCESS,nextIndex=248,followerCommit=245,matchIndex=247
2024-10-09 04:30:06,342 DEBUG server.RaftServer$Division (RaftServerImpl.java:logAppendEntries(1545)) - s14@group-BDFE845AF3B0: appendEntries* reply s9<-s14#8787:OK-t1,SUCCESS,nextIndex=247,followerCommit=245,matchIndex=246
2024-10-09 04:30:06,341 DEBUG server.RaftServer$Division (RaftServerImpl.java:logAppendEntries(1545)) - s11@group-BDFE845AF3B0: appendEntries* reply s9<-s11#8796:OK-t1,SUCCESS,nextIndex=248,followerCommit=245,matchIndex=247
2024-10-09 04:30:06,341 DEBUG server.RaftServer$Division (RaftServerImpl.java:logAppendEntries(1545)) - s12@group-BDFE845AF3B0: appendEntries* reply s9<-s12#8791:OK-t1,SUCCESS,nextIndex=248,followerCommit=245,matchIndex=247
2024-10-09 04:30:06,341 DEBUG server.RaftServer$Division (RaftServerImpl.java:logAppendEntries(1545)) - s8@group-BDFE845AF3B0: appendEntries* reply s9<-s8#8792:OK-t1,SUCCESS,nextIndex=248,followerCommit=245,matchIndex=247
2024-10-09 04:30:06,341 DEBUG server.RaftServer$Division (RaftServerImpl.java:logAppendEntries(1545)) - s1@group-BDFE845AF3B0: appendEntries* reply s9<-s1#8795:OK-t1,SUCCESS,nextIndex=248,followerCommit=245,matchIndex=247
2024-10-09 04:30:06,342 DEBUG server.RaftServer$Division (RaftServerImpl.java:logAppendEntries(1545)) - s10@group-BDFE845AF3B0: appendEntries* reply s9<-s10#8797:OK-t1,SUCCESS,nextIndex=248,followerCommit=245,matchIndex=247
2024-10-09 04:30:06,343 DEBUG server.RaftServer$Division (RaftServerImpl.java:logAppendEntries(1545)) - s14@group-BDFE845AF3B0: appendEntries* s9->s14#8801-t1,previous=(t:1, i:246),leaderCommit=246,initializing? false,entries: size=1, first=(t:1, i:247), STATEMACHINELOGENTRY, StateMachineLogEntryProto:8784@client-CAAA969A923D
2024-10-09 04:30:06,343 INFO  statemachine.StateMachine (ArithmeticStateMachine.java:applyTransaction(181)) - LEADER:s9-247: a = null = null
2024-10-09 04:30:06,343 DEBUG server.RaftServer$Division (RaftServerImpl.java:logAppendEntries(1545)) - s11@group-BDFE845AF3B0: appendEntries* s9->s11#8809-t1,previous=(t:1, i:247),leaderCommit=247,initializing? false,entries: size=1, first=(t:1, i:248), METADATAENTRY(c:247)
2024-10-09 04:30:06,343 DEBUG server.RaftServer$Division (RaftServerImpl.java:logAppendEntries(1545)) - s1@group-BDFE845AF3B0: appendEntries* s9->s1#8805-t1,previous=(t:1, i:247),leaderCommit=247,initializing? false,entries: size=1, first=(t:1, i:248), METADATAENTRY(c:247)
2024-10-09 04:30:06,343 DEBUG server.RaftServer$Division (RaftServerImpl.java:logAppendEntries(1545)) - s14@group-BDFE845AF3B0: appendEntries* reply s9<-s14#8801:OK-t1,SUCCESS,nextIndex=248,followerCommit=246,matchIndex=247
2024-10-09 04:30:06,343 DEBUG server.RaftServer$Division (RaftServerImpl.java:logAppendEntries(1545)) - s8@group-BDFE845AF3B0: appendEntries* s9->s8#8808-t1,previous=(t:1, i:247),leaderCommit=247,initializing? false,entries: size=1, first=(t:1, i:248), METADATAENTRY(c:247)
2024-10-09 04:30:06,340 DEBUG server.RaftServer$Division (RaftServerImpl.java:logAppendEntries(1545)) - s4@group-BDFE845AF3B0: appendEntries* s9->s4#8794-t1,previous=(t:1, i:245),leaderCommit=245,initializing? false,entries: size=2, first=(t:1, i:246), METADATAENTRY(c:245)
2024-10-09 04:30:06,344 DEBUG server.RaftServer$Division (RaftServerImpl.java:logAppendEntries(1545)) - s14@group-BDFE845AF3B0: appendEntries* s9->s14#8811-t1,previous=(t:1, i:247),leaderCommit=247,initializing? false,entries: size=1, first=(t:1, i:248), METADATAENTRY(c:247)
2024-10-09 04:30:06,344 DEBUG server.RaftServer$Division (RaftServerImpl.java:logAppendEntries(1545)) - s1@group-BDFE845AF3B0: appendEntries* reply s9<-s1#8805:OK-t1,SUCCESS,nextIndex=249,followerCommit=247,matchIndex=248
2024-10-09 04:30:06,344 DEBUG server.RaftServer$Division (RaftServerImpl.java:logAppendEntries(1545)) - s8@group-BDFE845AF3B0: appendEntries* reply s9<-s8#8808:OK-t1,SUCCESS,nextIndex=249,followerCommit=247,matchIndex=248
2024-10-09 04:30:06,343 DEBUG server.RaftServer$Division (RaftServerImpl.java:logAppendEntries(1545)) - s0@group-BDFE845AF3B0: appendEntries* s9->s0#8804-t1,previous=(t:1, i:247),leaderCommit=247,initializing? false,entries: size=1, first=(t:1, i:248), METADATAENTRY(c:247)
2024-10-09 04:30:06,343 DEBUG server.RaftServer$Division (RaftServerImpl.java:logAppendEntries(1545)) - s10@group-BDFE845AF3B0: appendEntries* s9->s10#8803-t1,previous=(t:1, i:247),leaderCommit=247,initializing? false,entries: size=1, first=(t:1, i:248), METADATAENTRY(c:247)
2024-10-09 04:30:06,343 DEBUG server.RaftServer$Division (RaftServerImpl.java:logAppendEntries(1545)) - s5@group-BDFE845AF3B0: appendEntries* s9->s5#8807-t1,previous=(t:1, i:247),leaderCommit=247,initializing? false,entries: size=1, first=(t:1, i:248), METADATAENTRY(c:247)
2024-10-09 04:30:06,344 DEBUG server.RaftServer$Division (RaftServerImpl.java:logAppendEntries(1545)) - s11@group-BDFE845AF3B0: appendEntries* reply s9<-s11#8809:OK-t1,SUCCESS,nextIndex=249,followerCommit=247,matchIndex=248
2024-10-09 04:30:06,345 DEBUG server.RaftServer$Division (RaftServerImpl.java:logAppendEntries(1545)) - s13@group-BDFE845AF3B0: appendEntries* s9->s13#8799-t1,previous=(t:1, i:246),leaderCommit=246,initializing? false,entries: size=1, first=(t:1, i:247), STATEMACHINELOGENTRY, StateMachineLogEntryProto:8784@client-CAAA969A923D
2024-10-09 04:30:06,343 DEBUG server.RaftServer$Division (RaftServerImpl.java:submitClientRequestAsync(916)) - s9@group-BDFE845AF3B0: receive client request(RaftClientRequest:client-CAAA969A923D->s9@group-BDFE845AF3B0, cid=8810, seq=null, RW, Message:01016200)
2024-10-09 04:30:06,345 DEBUG server.RaftServer$Division (RaftServerImpl.java:logAppendEntries(1545)) - s7@group-BDFE845AF3B0: appendEntries* s9->s7#8802-t1,previous=(t:1, i:247),leaderCommit=247,initializing? false,entries: size=1, first=(t:1, i:248), METADATAENTRY(c:247)
2024-10-09 04:30:06,343 DEBUG server.RaftServer$Division (RaftServerImpl.java:logAppendEntries(1545)) - s12@group-BDFE845AF3B0: appendEntries* s9->s12#8806-t1,previous=(t:1, i:247),leaderCommit=247,initializing? false,entries: size=1, first=(t:1, i:248), METADATAENTRY(c:247)
2024-10-09 04:30:06,345 DEBUG server.RaftServer$Division (RaftServerImpl.java:logAppendEntries(1545)) - s13@group-BDFE845AF3B0: appendEntries* reply s9<-s13#8799:OK-t1,SUCCESS,nextIndex=248,followerCommit=246,matchIndex=247
2024-10-09 04:30:06,342 DEBUG server.RaftServer$Division (RaftServerImpl.java:logAppendEntries(1545)) - s3@group-BDFE845AF3B0: appendEntries* s9->s3#8800-t1,previous=(t:1, i:245),leaderCommit=246,initializing? false,entries: size=2, first=(t:1, i:246), METADATAENTRY(c:245)
2024-10-09 04:30:06,345 DEBUG server.RaftServer$Division (RaftServerImpl.java:logAppendEntries(1545)) - s10@group-BDFE845AF3B0: appendEntries* reply s9<-s10#8803:OK-t1,SUCCESS,nextIndex=249,followerCommit=247,matchIndex=248
2024-10-09 04:30:06,345 DEBUG server.RaftServer$Division (LeaderStateImpl.java:addPendingRequest(529)) - s9@group-BDFE845AF3B0-LeaderStateImpl: addPendingRequest at RaftClientRequest:client-CAAA969A923D->s9@group-BDFE845AF3B0, cid=8810, seq=null, RW, Message:01016200, entry=(t:1, i:249), STATEMACHINELOGENTRY, WRITE: logData.size=4, stateMachineData.size=0, logEntryProtoSerializedSize=0
2024-10-09 04:30:06,345 DEBUG server.RaftServer$Division (RaftServerImpl.java:logAppendEntries(1545)) - s0@group-BDFE845AF3B0: appendEntries* reply s9<-s0#8804:OK-t1,SUCCESS,nextIndex=249,followerCommit=247,matchIndex=248
2024-10-09 04:30:06,345 DEBUG server.RaftServer$Division (RaftServerImpl.java:logAppendEntries(1545)) - s5@group-BDFE845AF3B0: appendEntries* reply s9<-s5#8807:OK-t1,SUCCESS,nextIndex=249,followerCommit=247,matchIndex=248
2024-10-09 04:30:06,346 DEBUG server.RaftServer$Division (RaftServerImpl.java:logAppendEntries(1545)) - s7@group-BDFE845AF3B0: appendEntries* reply s9<-s7#8802:OK-t1,SUCCESS,nextIndex=249,followerCommit=247,matchIndex=248
2024-10-09 04:30:06,346 DEBUG server.RaftServer$Division (RaftServerImpl.java:logAppendEntries(1545)) - s11@group-BDFE845AF3B0: appendEntries* s9->s11#8817-t1,previous=(t:1, i:248),leaderCommit=247,initializing? false,entries: size=1, first=(t:1, i:249), STATEMACHINELOGENTRY, StateMachineLogEntryProto:8810@client-CAAA969A923D
2024-10-09 04:30:06,347 DEBUG server.RaftServer$Division (RaftServerImpl.java:logAppendEntries(1545)) - s5@group-BDFE845AF3B0: appendEntries* s9->s5#8818-t1,previous=(t:1, i:248),leaderCommit=247,initializing? false,entries: size=1, first=(t:1, i:249), STATEMACHINELOGENTRY, StateMachineLogEntryProto:8810@client-CAAA969A923D
2024-10-09 04:30:06,347 DEBUG server.RaftServer$Division (RaftServerImpl.java:logAppendEntries(1545)) - s3@group-BDFE845AF3B0: appendEntries* reply s9<-s3#8800:OK-t1,SUCCESS,nextIndex=248,followerCommit=246,matchIndex=247
2024-10-09 04:30:06,347 DEBUG server.RaftServer$Division (RaftServerImpl.java:logAppendEntries(1545)) - s11@group-BDFE845AF3B0: appendEntries* reply s9<-s11#8817:OK-t1,SUCCESS,nextIndex=250,followerCommit=247,matchIndex=249
2024-10-09 04:30:06,347 DEBUG server.RaftServer$Division (RaftServerImpl.java:logAppendEntries(1545)) - s5@group-BDFE845AF3B0: appendEntries* reply s9<-s5#8818:OK-t1,SUCCESS,nextIndex=250,followerCommit=247,matchIndex=249
2024-10-09 04:30:06,347 DEBUG server.RaftServer$Division (RaftServerImpl.java:logAppendEntries(1545)) - s3@group-BDFE845AF3B0: appendEntries* s9->s3#8820-t1,previous=(t:1, i:247),leaderCommit=247,initializing? false,entries: size=2, first=(t:1, i:248), METADATAENTRY(c:247)
2024-10-09 04:30:06,344 DEBUG server.RaftServer$Division (RaftServerImpl.java:logAppendEntries(1545)) - s6@group-BDFE845AF3B0: appendEntries* s9->s6#8798-t1,previous=(t:1, i:246),leaderCommit=246,initializing? false,entries: size=1, first=(t:1, i:247), STATEMACHINELOGENTRY, StateMachineLogEntryProto:8784@client-CAAA969A923D
2024-10-09 04:30:06,344 DEBUG server.RaftServer$Division (RaftServerImpl.java:logAppendEntries(1545)) - s2@group-BDFE845AF3B0: appendEntries* s9->s2#8812-t1,previous=(t:1, i:246),leaderCommit=247,initializing? false,entries: size=2, first=(t:1, i:247), STATEMACHINELOGENTRY, StateMachineLogEntryProto:8784@client-CAAA969A923D
2024-10-09 04:30:06,344 DEBUG server.RaftServer$Division (RaftServerImpl.java:logAppendEntries(1545)) - s4@group-BDFE845AF3B0: appendEntries* reply s9<-s4#8794:OK-t1,SUCCESS,nextIndex=248,followerCommit=245,matchIndex=247
2024-10-09 04:30:06,348 DEBUG server.RaftServer$Division (RaftServerImpl.java:logAppendEntries(1545)) - s6@group-BDFE845AF3B0: appendEntries* reply s9<-s6#8798:OK-t1,SUCCESS,nextIndex=248,followerCommit=246,matchIndex=247
2024-10-09 04:30:06,344 DEBUG server.RaftServer$Division (RaftServerImpl.java:logAppendEntries(1545)) - s14@group-BDFE845AF3B0: appendEntries* reply s9<-s14#8811:OK-t1,SUCCESS,nextIndex=249,followerCommit=247,matchIndex=248
2024-10-09 04:30:06,348 DEBUG server.RaftServer$Division (RaftServerImpl.java:logAppendEntries(1545)) - s3@group-BDFE845AF3B0: appendEntries* reply s9<-s3#8820:OK-t1,SUCCESS,nextIndex=250,followerCommit=247,matchIndex=249
2024-10-09 04:30:06,347 DEBUG server.RaftServer$Division (RaftServerImpl.java:logAppendEntries(1545)) - s7@group-BDFE845AF3B0: appendEntries* s9->s7#8821-t1,previous=(t:1, i:248),leaderCommit=247,initializing? false,entries: size=1, first=(t:1, i:249), STATEMACHINELOGENTRY, StateMachineLogEntryProto:8810@client-CAAA969A923D
2024-10-09 04:30:06,347 DEBUG server.RaftServer$Division (RaftServerImpl.java:logAppendEntries(1545)) - s8@group-BDFE845AF3B0: appendEntries* s9->s8#8813-t1,previous=(t:1, i:248),leaderCommit=247,initializing? false,entries: size=1, first=(t:1, i:249), STATEMACHINELOGENTRY, StateMachineLogEntryProto:8810@client-CAAA969A923D
2024-10-09 04:30:06,347 DEBUG server.RaftServer$Division (RaftServerImpl.java:logAppendEntries(1545)) - s0@group-BDFE845AF3B0: appendEntries* s9->s0#8819-t1,previous=(t:1, i:248),leaderCommit=247,initializing? false,entries: size=1, first=(t:1, i:249), STATEMACHINELOGENTRY, StateMachineLogEntryProto:8810@client-CAAA969A923D
2024-10-09 04:30:06,346 DEBUG server.RaftServer$Division (RaftServerImpl.java:logAppendEntries(1545)) - s10@group-BDFE845AF3B0: appendEntries* s9->s10#8816-t1,previous=(t:1, i:248),leaderCommit=247,initializing? false,entries: size=1, first=(t:1, i:249), STATEMACHINELOGENTRY, StateMachineLogEntryProto:8810@client-CAAA969A923D
2024-10-09 04:30:06,346 DEBUG server.RaftServer$Division (RaftServerImpl.java:logAppendEntries(1545)) - s1@group-BDFE845AF3B0: appendEntries* s9->s1#8815-t1,previous=(t:1, i:248),leaderCommit=247,initializing? false,entries: size=1, first=(t:1, i:249), STATEMACHINELOGENTRY, StateMachineLogEntryProto:8810@client-CAAA969A923D
2024-10-09 04:30:06,346 DEBUG server.RaftServer$Division (RaftServerImpl.java:logAppendEntries(1545)) - s12@group-BDFE845AF3B0: appendEntries* reply s9<-s12#8806:OK-t1,SUCCESS,nextIndex=249,followerCommit=247,matchIndex=248
2024-10-09 04:30:06,349 DEBUG server.RaftServer$Division (RaftServerImpl.java:logAppendEntries(1545)) - s13@group-BDFE845AF3B0: appendEntries* s9->s13#8814-t1,previous=(t:1, i:247),leaderCommit=247,initializing? false,entries: size=2, first=(t:1, i:248), METADATAENTRY(c:247)
2024-10-09 04:30:06,349 DEBUG server.RaftServer$Division (RaftServerImpl.java:logAppendEntries(1545)) - s6@group-BDFE845AF3B0: appendEntries* s9->s6#8824-t1,previous=(t:1, i:247),leaderCommit=248,initializing? false,entries: size=2, first=(t:1, i:248), METADATAENTRY(c:247)
2024-10-09 04:30:06,348 DEBUG server.RaftServer$Division (RaftServerImpl.java:logAppendEntries(1545)) - s14@group-BDFE845AF3B0: appendEntries* s9->s14#8823-t1,previous=(t:1, i:248),leaderCommit=248,initializing? false,entries: size=1, first=(t:1, i:249), STATEMACHINELOGENTRY, StateMachineLogEntryProto:8810@client-CAAA969A923D
2024-10-09 04:30:06,349 DEBUG server.RaftServer$Division (RaftServerImpl.java:logAppendEntries(1545)) - s12@group-BDFE845AF3B0: appendEntries* s9->s12#8825-t1,previous=(t:1, i:248),leaderCommit=248,initializing? false,entries: size=1, first=(t:1, i:249), STATEMACHINELOGENTRY, StateMachineLogEntryProto:8810@client-CAAA969A923D
2024-10-09 04:30:06,348 DEBUG server.RaftServer$Division (RaftServerImpl.java:logAppendEntries(1545)) - s4@group-BDFE845AF3B0: appendEntries* s9->s4#8822-t1,previous=(t:1, i:247),leaderCommit=248,initializing? false,entries: size=2, first=(t:1, i:248), METADATAENTRY(c:247)
2024-10-09 04:30:06,350 DEBUG server.RaftServer$Division (RaftServerImpl.java:logAppendEntries(1545)) - s14@group-BDFE845AF3B0: appendEntries* reply s9<-s14#8823:OK-t1,SUCCESS,nextIndex=250,followerCommit=248,matchIndex=249
2024-10-09 04:30:06,350 DEBUG server.RaftServer$Division (RaftServerImpl.java:logAppendEntries(1545)) - s12@group-BDFE845AF3B0: appendEntries* reply s9<-s12#8825:OK-t1,SUCCESS,nextIndex=250,followerCommit=248,matchIndex=249
2024-10-09 04:30:06,349 DEBUG server.RaftServer$Division (RaftServerImpl.java:logAppendEntries(1545)) - s10@group-BDFE845AF3B0: appendEntries* reply s9<-s10#8816:OK-t1,SUCCESS,nextIndex=250,followerCommit=247,matchIndex=249
2024-10-09 04:30:06,349 DEBUG server.RaftServer$Division (RaftServerImpl.java:logAppendEntries(1545)) - s7@group-BDFE845AF3B0: appendEntries* reply s9<-s7#8821:OK-t1,SUCCESS,nextIndex=250,followerCommit=247,matchIndex=249
2024-10-09 04:30:06,349 DEBUG server.RaftServer$Division (RaftServerImpl.java:logAppendEntries(1545)) - s1@group-BDFE845AF3B0: appendEntries* reply s9<-s1#8815:OK-t1,SUCCESS,nextIndex=250,followerCommit=247,matchIndex=249
2024-10-09 04:30:06,349 DEBUG server.RaftServer$Division (RaftServerImpl.java:logAppendEntries(1545)) - s0@group-BDFE845AF3B0: appendEntries* reply s9<-s0#8819:OK-t1,SUCCESS,nextIndex=250,followerCommit=247,matchIndex=249
2024-10-09 04:30:06,349 DEBUG server.RaftServer$Division (RaftServerImpl.java:logAppendEntries(1545)) - s2@group-BDFE845AF3B0: appendEntries* reply s9<-s2#8812:OK-t1,SUCCESS,nextIndex=249,followerCommit=247,matchIndex=248
2024-10-09 04:30:06,349 DEBUG server.RaftServer$Division (RaftServerImpl.java:logAppendEntries(1545)) - s8@group-BDFE845AF3B0: appendEntries* reply s9<-s8#8813:OK-t1,SUCCESS,nextIndex=250,followerCommit=247,matchIndex=249
2024-10-09 04:30:06,350 INFO  statemachine.StateMachine (ArithmeticStateMachine.java:applyTransaction(181)) - LEADER:s9-249: b = null = null
2024-10-09 04:30:06,350 DEBUG server.RaftServer$Division (RaftServerImpl.java:logAppendEntries(1545)) - s4@group-BDFE845AF3B0: appendEntries* reply s9<-s4#8822:OK-t1,SUCCESS,nextIndex=250,followerCommit=248,matchIndex=249
2024-10-09 04:30:06,351 DEBUG server.RaftServer$Division (RaftServerImpl.java:logAppendEntries(1545)) - s5@group-BDFE845AF3B0: appendEntries* s9->s5#8829-t1,previous=(t:1, i:249),leaderCommit=249,initializing? false,entries: size=1, first=(t:1, i:250), METADATAENTRY(c:249)
2024-10-09 04:30:06,351 DEBUG server.RaftServer$Division (RaftServerImpl.java:logAppendEntries(1545)) - s0@group-BDFE845AF3B0: appendEntries* s9->s0#8831-t1,previous=(t:1, i:249),leaderCommit=249,initializing? false,entries: size=1, first=(t:1, i:250), METADATAENTRY(c:249)
2024-10-09 04:30:06,351 DEBUG server.RaftServer$Division (RaftServerImpl.java:logAppendEntries(1545)) - s1@group-BDFE845AF3B0: appendEntries* s9->s1#8830-t1,previous=(t:1, i:249),leaderCommit=249,initializing? false,entries: size=1, first=(t:1, i:250), METADATAENTRY(c:249)
2024-10-09 04:30:06,351 DEBUG server.RaftServer$Division (RaftServerImpl.java:logAppendEntries(1545)) - s3@group-BDFE845AF3B0: appendEntries* s9->s3#8827-t1,previous=(t:1, i:249),leaderCommit=249,initializing? false,entries: size=1, first=(t:1, i:250), METADATAENTRY(c:249)
2024-10-09 04:30:06,351 DEBUG server.RaftServer$Division (RaftServerImpl.java:logAppendEntries(1545)) - s12@group-BDFE845AF3B0: appendEntries* s9->s12#8834-t1,previous=(t:1, i:249),leaderCommit=249,initializing? false,entries: size=1, first=(t:1, i:250), METADATAENTRY(c:249)
2024-10-09 04:30:06,351 DEBUG server.RaftServer$Division (RaftServerImpl.java:logAppendEntries(1545)) - s0@group-BDFE845AF3B0: appendEntries* reply s9<-s0#8831:OK-t1,SUCCESS,nextIndex=251,followerCommit=249,matchIndex=250
2024-10-09 04:30:06,351 DEBUG server.RaftServer$Division (RaftServerImpl.java:logAppendEntries(1545)) - s10@group-BDFE845AF3B0: appendEntries* s9->s10#8828-t1,previous=(t:1, i:249),leaderCommit=249,initializing? false,entries: size=1, first=(t:1, i:250), METADATAENTRY(c:249)
2024-10-09 04:30:06,352 DEBUG server.RaftServer$Division (RaftServerImpl.java:logAppendEntries(1545)) - s3@group-BDFE845AF3B0: appendEntries* reply s9<-s3#8827:OK-t1,SUCCESS,nextIndex=251,followerCommit=249,matchIndex=250
2024-10-09 04:30:06,359 DEBUG server.RaftServer$Division (RaftServerImpl.java:logAppendEntries(1545)) - s8@group-BDFE845AF3B0: appendEntries* s9->s8#8836-t1,previous=(t:1, i:249),leaderCommit=249,initializing? false,entries: size=1, first=(t:1, i:250), METADATAENTRY(c:249)
2024-10-09 04:30:06,351 DEBUG server.RaftServer$Division (RaftServerImpl.java:logAppendEntries(1545)) - s14@group-BDFE845AF3B0: appendEntries* s9->s14#8832-t1,previous=(t:1, i:249),leaderCommit=249,initializing? false,entries: size=1, first=(t:1, i:250), METADATAENTRY(c:249)
2024-10-09 04:30:06,360 DEBUG server.RaftServer$Division (RaftServerImpl.java:logAppendEntries(1545)) - s8@group-BDFE845AF3B0: appendEntries* reply s9<-s8#8836:OK-t1,SUCCESS,nextIndex=251,followerCommit=249,matchIndex=250
2024-10-09 04:30:06,351 DEBUG server.RaftServer$Division (RaftServerImpl.java:logAppendEntries(1545)) - s1@group-BDFE845AF3B0: appendEntries* reply s9<-s1#8830:OK-t1,SUCCESS,nextIndex=251,followerCommit=249,matchIndex=250
2024-10-09 04:30:06,351 DEBUG server.RaftServer$Division (RaftServerImpl.java:logAppendEntries(1545)) - s5@group-BDFE845AF3B0: appendEntries* reply s9<-s5#8829:OK-t1,SUCCESS,nextIndex=251,followerCommit=249,matchIndex=250
2024-10-09 04:30:06,351 DEBUG server.RaftServer$Division (RaftServerImpl.java:submitClientRequestAsync(916)) - s9@group-BDFE845AF3B0: receive client request(RaftClientRequest:client-CAAA969A923D->s9@group-BDFE845AF3B0, cid=8833, seq=null, RW, Message:01016300)
2024-10-09 04:30:06,360 DEBUG server.RaftServer$Division (RaftServerImpl.java:logAppendEntries(1545)) - s14@group-BDFE845AF3B0: appendEntries* reply s9<-s14#8832:OK-t1,SUCCESS,nextIndex=251,followerCommit=249,matchIndex=250
2024-10-09 04:30:06,360 DEBUG server.RaftServer$Division (LeaderStateImpl.java:addPendingRequest(529)) - s9@group-BDFE845AF3B0-LeaderStateImpl: addPendingRequest at RaftClientRequest:client-CAAA969A923D->s9@group-BDFE845AF3B0, cid=8833, seq=null, RW, Message:01016300, entry=(t:1, i:251), STATEMACHINELOGENTRY, WRITE: logData.size=4, stateMachineData.size=0, logEntryProtoSerializedSize=0
2024-10-09 04:30:06,360 DEBUG server.RaftServer$Division (RaftServerImpl.java:logAppendEntries(1545)) - s10@group-BDFE845AF3B0: appendEntries* reply s9<-s10#8828:OK-t1,SUCCESS,nextIndex=251,followerCommit=249,matchIndex=250
2024-10-09 04:30:06,361 DEBUG server.RaftServer$Division (RaftServerImpl.java:logAppendEntries(1545)) - s3@group-BDFE845AF3B0: appendEntries* s9->s3#8838-t1,previous=(t:1, i:250),leaderCommit=249,initializing? false,entries: size=1, first=(t:1, i:251), STATEMACHINELOGENTRY, StateMachineLogEntryProto:8833@client-CAAA969A923D
2024-10-09 04:30:06,361 DEBUG server.RaftServer$Division (RaftServerImpl.java:logAppendEntries(1545)) - s6@group-BDFE845AF3B0: appendEntries* reply s9<-s6#8824:OK-t1,SUCCESS,nextIndex=250,followerCommit=248,matchIndex=249
2024-10-09 04:30:06,361 DEBUG server.RaftServer$Division (RaftServerImpl.java:logAppendEntries(1545)) - s3@group-BDFE845AF3B0: appendEntries* reply s9<-s3#8838:OK-t1,SUCCESS,nextIndex=252,followerCommit=249,matchIndex=251
2024-10-09 04:30:06,361 DEBUG server.RaftServer$Division (RaftServerImpl.java:logAppendEntries(1545)) - s14@group-BDFE845AF3B0: appendEntries* s9->s14#8840-t1,previous=(t:1, i:250),leaderCommit=249,initializing? false,entries: size=1, first=(t:1, i:251), STATEMACHINELOGENTRY, StateMachineLogEntryProto:8833@client-CAAA969A923D
2024-10-09 04:30:06,361 DEBUG server.RaftServer$Division (RaftServerImpl.java:logAppendEntries(1545)) - s1@group-BDFE845AF3B0: appendEntries* s9->s1#8842-t1,previous=(t:1, i:250),leaderCommit=249,initializing? false,entries: size=1, first=(t:1, i:251), STATEMACHINELOGENTRY, StateMachineLogEntryProto:8833@client-CAAA969A923D
2024-10-09 04:30:06,351 DEBUG server.RaftServer$Division (RaftServerImpl.java:logAppendEntries(1545)) - s4@group-BDFE845AF3B0: appendEntries* s9->s4#8835-t1,previous=(t:1, i:249),leaderCommit=249,initializing? false,entries: size=1, first=(t:1, i:250), METADATAENTRY(c:249)
2024-10-09 04:30:06,362 DEBUG server.RaftServer$Division (RaftServerImpl.java:logAppendEntries(1545)) - s6@group-BDFE845AF3B0: appendEntries* s9->s6#8843-t1,previous=(t:1, i:249),leaderCommit=249,initializing? false,entries: size=2, first=(t:1, i:250), METADATAENTRY(c:249)
2024-10-09 04:30:06,362 DEBUG server.RaftServer$Division (RaftServerImpl.java:logAppendEntries(1545)) - s8@group-BDFE845AF3B0: appendEntries* s9->s8#8839-t1,previous=(t:1, i:250),leaderCommit=249,initializing? false,entries: size=1, first=(t:1, i:251), STATEMACHINELOGENTRY, StateMachineLogEntryProto:8833@client-CAAA969A923D
2024-10-09 04:30:06,362 DEBUG server.RaftServer$Division (RaftServerImpl.java:logAppendEntries(1545)) - s2@group-BDFE845AF3B0: appendEntries* s9->s2#8837-t1,previous=(t:1, i:248),leaderCommit=249,initializing? false,entries: size=2, first=(t:1, i:249), STATEMACHINELOGENTRY, StateMachineLogEntryProto:8810@client-CAAA969A923D
2024-10-09 04:30:06,361 DEBUG server.RaftServer$Division (RaftServerImpl.java:logAppendEntries(1545)) - s10@group-BDFE845AF3B0: appendEntries* s9->s10#8841-t1,previous=(t:1, i:250),leaderCommit=249,initializing? false,entries: size=1, first=(t:1, i:251), STATEMACHINELOGENTRY, StateMachineLogEntryProto:8833@client-CAAA969A923D
2024-10-09 04:30:06,360 DEBUG server.RaftServer$Division (RaftServerImpl.java:logAppendEntries(1545)) - s11@group-BDFE845AF3B0: appendEntries* s9->s11#8826-t1,previous=(t:1, i:249),leaderCommit=249,initializing? false,entries: size=1, first=(t:1, i:250), METADATAENTRY(c:249)
2024-10-09 04:30:06,362 DEBUG server.RaftServer$Division (RaftServerImpl.java:logAppendEntries(1545)) - s8@group-BDFE845AF3B0: appendEntries* reply s9<-s8#8839:OK-t1,SUCCESS,nextIndex=252,followerCommit=249,matchIndex=251
2024-10-09 04:30:06,362 DEBUG server.RaftServer$Division (RaftServerImpl.java:logAppendEntries(1545)) - s4@group-BDFE845AF3B0: appendEntries* reply s9<-s4#8835:OK-t1,SUCCESS,nextIndex=251,followerCommit=249,matchIndex=250
2024-10-09 04:30:06,362 DEBUG server.RaftServer$Division (RaftServerImpl.java:logAppendEntries(1545)) - s1@group-BDFE845AF3B0: appendEntries* reply s9<-s1#8842:OK-t1,SUCCESS,nextIndex=252,followerCommit=249,matchIndex=251
2024-10-09 04:30:06,362 DEBUG server.RaftServer$Division (RaftServerImpl.java:logAppendEntries(1545)) - s14@group-BDFE845AF3B0: appendEntries* reply s9<-s14#8840:OK-t1,SUCCESS,nextIndex=252,followerCommit=249,matchIndex=251
2024-10-09 04:30:06,363 DEBUG server.RaftServer$Division (RaftServerImpl.java:logAppendEntries(1545)) - s6@group-BDFE845AF3B0: appendEntries* reply s9<-s6#8843:OK-t1,SUCCESS,nextIndex=252,followerCommit=249,matchIndex=251
2024-10-09 04:30:06,363 DEBUG server.RaftServer$Division (RaftServerImpl.java:logAppendEntries(1545)) - s13@group-BDFE845AF3B0: appendEntries* reply s9<-s13#8814:OK-t1,SUCCESS,nextIndex=250,followerCommit=247,matchIndex=249
2024-10-09 04:30:06,363 DEBUG server.RaftServer$Division (RaftServerImpl.java:logAppendEntries(1545)) - s2@group-BDFE845AF3B0: appendEntries* reply s9<-s2#8837:OK-t1,SUCCESS,nextIndex=251,followerCommit=249,matchIndex=250
2024-10-09 04:30:06,363 DEBUG server.RaftServer$Division (RaftServerImpl.java:logAppendEntries(1545)) - s10@group-BDFE845AF3B0: appendEntries* reply s9<-s10#8841:OK-t1,SUCCESS,nextIndex=252,followerCommit=249,matchIndex=251
2024-10-09 04:30:06,363 DEBUG server.RaftServer$Division (RaftServerImpl.java:logAppendEntries(1545)) - s11@group-BDFE845AF3B0: appendEntries* reply s9<-s11#8826:OK-t1,SUCCESS,nextIndex=251,followerCommit=249,matchIndex=250
2024-10-09 04:30:06,363 DEBUG server.RaftServer$Division (RaftServerImpl.java:logAppendEntries(1545)) - s4@group-BDFE845AF3B0: appendEntries* s9->s4#8844-t1,previous=(t:1, i:250),leaderCommit=249,initializing? false,entries: size=1, first=(t:1, i:251), STATEMACHINELOGENTRY, StateMachineLogEntryProto:8833@client-CAAA969A923D
2024-10-09 04:30:06,363 DEBUG server.RaftServer$Division (RaftServerImpl.java:logAppendEntries(1545)) - s13@group-BDFE845AF3B0: appendEntries* s9->s13#8845-t1,previous=(t:1, i:249),leaderCommit=249,initializing? false,entries: size=2, first=(t:1, i:250), METADATAENTRY(c:249)
2024-10-09 04:30:06,364 DEBUG server.RaftServer$Division (RaftServerImpl.java:logAppendEntries(1545)) - s11@group-BDFE845AF3B0: appendEntries* s9->s11#8846-t1,previous=(t:1, i:250),leaderCommit=249,initializing? false,entries: size=1, first=(t:1, i:251), STATEMACHINELOGENTRY, StateMachineLogEntryProto:8833@client-CAAA969A923D
2024-10-09 04:30:06,364 DEBUG server.RaftServer$Division (RaftServerImpl.java:logAppendEntries(1545)) - s4@group-BDFE845AF3B0: appendEntries* reply s9<-s4#8844:OK-t1,SUCCESS,nextIndex=252,followerCommit=249,matchIndex=251
2024-10-09 04:30:06,364 DEBUG server.RaftServer$Division (RaftServerImpl.java:logAppendEntries(1545)) - s2@group-BDFE845AF3B0: appendEntries* s9->s2#8847-t1,previous=(t:1, i:250),leaderCommit=249,initializing? false,entries: size=1, first=(t:1, i:251), STATEMACHINELOGENTRY, StateMachineLogEntryProto:8833@client-CAAA969A923D
2024-10-09 04:30:06,364 DEBUG server.RaftServer$Division (RaftServerImpl.java:logAppendEntries(1545)) - s11@group-BDFE845AF3B0: appendEntries* reply s9<-s11#8846:OK-t1,SUCCESS,nextIndex=252,followerCommit=249,matchIndex=251
2024-10-09 04:30:06,364 DEBUG server.RaftServer$Division (RaftServerImpl.java:logAppendEntries(1545)) - s13@group-BDFE845AF3B0: appendEntries* reply s9<-s13#8845:OK-t1,SUCCESS,nextIndex=252,followerCommit=249,matchIndex=251
2024-10-09 04:30:06,366 DEBUG server.RaftServer$Division (RaftServerImpl.java:logAppendEntries(1545)) - s2@group-BDFE845AF3B0: appendEntries* reply s9<-s2#8847:OK-t1,SUCCESS,nextIndex=252,followerCommit=249,matchIndex=251
2024-10-09 04:30:06,366 DEBUG server.RaftServer$Division (RaftServerImpl.java:logAppendEntries(1545)) - s14@group-BDFE845AF3B0: appendEntries* s9->s14#8852-t1,previous=(t:1, i:251),leaderCommit=251,initializing? false,entries: size=1, first=(t:1, i:252), METADATAENTRY(c:251)
2024-10-09 04:30:06,366 DEBUG server.RaftServer$Division (RaftServerImpl.java:logAppendEntries(1545)) - s4@group-BDFE845AF3B0: appendEntries* s9->s4#8851-t1,previous=(t:1, i:251),leaderCommit=251,initializing? false,entries: size=1, first=(t:1, i:252), METADATAENTRY(c:251)
2024-10-09 04:30:06,366 DEBUG server.RaftServer$Division (RaftServerImpl.java:logAppendEntries(1545)) - s7@group-BDFE845AF3B0: appendEntries* s9->s7#8853-t1,previous=(t:1, i:249),leaderCommit=251,initializing? false,entries: size=3, first=(t:1, i:250), METADATAENTRY(c:249)
2024-10-09 04:30:06,367 DEBUG server.RaftServer$Division (RaftServerImpl.java:logAppendEntries(1545)) - s10@group-BDFE845AF3B0: appendEntries* s9->s10#8848-t1,previous=(t:1, i:251),leaderCommit=251,initializing? false,entries: size=1, first=(t:1, i:252), METADATAENTRY(c:251)
2024-10-09 04:30:06,367 DEBUG server.RaftServer$Division (RaftServerImpl.java:logAppendEntries(1545)) - s4@group-BDFE845AF3B0: appendEntries* reply s9<-s4#8851:OK-t1,SUCCESS,nextIndex=253,followerCommit=251,matchIndex=252
2024-10-09 04:30:06,367 DEBUG server.RaftServer$Division (RaftServerImpl.java:logAppendEntries(1545)) - s12@group-BDFE845AF3B0: appendEntries* reply s9<-s12#8834:OK-t1,SUCCESS,nextIndex=251,followerCommit=249,matchIndex=250
2024-10-09 04:30:06,367 DEBUG server.RaftServer$Division (RaftServerImpl.java:logAppendEntries(1545)) - s0@group-BDFE845AF3B0: appendEntries* s9->s0#8858-t1,previous=(t:1, i:250),leaderCommit=251,initializing? false,entries: size=2, first=(t:1, i:251), STATEMACHINELOGENTRY, StateMachineLogEntryProto:8833@client-CAAA969A923D
2024-10-09 04:30:06,367 DEBUG server.RaftServer$Division (RaftServerImpl.java:logAppendEntries(1545)) - s5@group-BDFE845AF3B0: appendEntries* s9->s5#8859-t1,previous=(t:1, i:250),leaderCommit=251,initializing? false,entries: size=2, first=(t:1, i:251), STATEMACHINELOGENTRY, StateMachineLogEntryProto:8833@client-CAAA969A923D
2024-10-09 04:30:06,368 DEBUG server.RaftServer$Division (RaftServerImpl.java:logAppendEntries(1545)) - s1@group-BDFE845AF3B0: appendEntries* s9->s1#8856-t1,previous=(t:1, i:251),leaderCommit=251,initializing? false,entries: size=1, first=(t:1, i:252), METADATAENTRY(c:251)
2024-10-09 04:30:06,366 INFO  statemachine.StateMachine (ArithmeticStateMachine.java:applyTransaction(181)) - LEADER:s9-251: c = null = null
2024-10-09 04:30:06,368 DEBUG server.RaftServer$Division (RaftServerImpl.java:logAppendEntries(1545)) - s6@group-BDFE845AF3B0: appendEntries* s9->s6#8850-t1,previous=(t:1, i:251),leaderCommit=251,initializing? false,entries: size=1, first=(t:1, i:252), METADATAENTRY(c:251)
2024-10-09 04:30:06,368 DEBUG server.RaftServer$Division (RaftServerImpl.java:logAppendEntries(1545)) - s5@group-BDFE845AF3B0: appendEntries* reply s9<-s5#8859:OK-t1,SUCCESS,nextIndex=253,followerCommit=251,matchIndex=252
2024-10-09 04:30:06,368 DEBUG server.RaftServer$Division (RaftServerImpl.java:logAppendEntries(1545)) - s13@group-BDFE845AF3B0: appendEntries* s9->s13#8849-t1,previous=(t:1, i:251),leaderCommit=251,initializing? false,entries: size=1, first=(t:1, i:252), METADATAENTRY(c:251)
2024-10-09 04:30:06,367 DEBUG server.RaftServer$Division (RaftServerImpl.java:logAppendEntries(1545)) - s8@group-BDFE845AF3B0: appendEntries* s9->s8#8855-t1,previous=(t:1, i:251),leaderCommit=251,initializing? false,entries: size=1, first=(t:1, i:252), METADATAENTRY(c:251)
2024-10-09 04:30:06,369 DEBUG server.RaftServer$Division (RaftServerImpl.java:logAppendEntries(1545)) - s6@group-BDFE845AF3B0: appendEntries* reply s9<-s6#8850:OK-t1,SUCCESS,nextIndex=253,followerCommit=251,matchIndex=252
2024-10-09 04:30:06,368 DEBUG server.RaftServer$Division (RaftServerImpl.java:logAppendEntries(1545)) - s2@group-BDFE845AF3B0: appendEntries* s9->s2#8854-t1,previous=(t:1, i:251),leaderCommit=251,initializing? false,entries: size=1, first=(t:1, i:252), METADATAENTRY(c:251)
2024-10-09 04:30:06,368 DEBUG server.RaftServer$Division (RaftServerImpl.java:logAppendEntries(1545)) - s1@group-BDFE845AF3B0: appendEntries* reply s9<-s1#8856:OK-t1,SUCCESS,nextIndex=253,followerCommit=251,matchIndex=252
2024-10-09 04:30:06,368 DEBUG server.RaftServer$Division (RaftServerImpl.java:logAppendEntries(1545)) - s7@group-BDFE845AF3B0: appendEntries* reply s9<-s7#8853:OK-t1,SUCCESS,nextIndex=253,followerCommit=251,matchIndex=252
2024-10-09 04:30:06,368 DEBUG server.RaftServer$Division (RaftServerImpl.java:logAppendEntries(1545)) - s0@group-BDFE845AF3B0: appendEntries* reply s9<-s0#8858:OK-t1,SUCCESS,nextIndex=253,followerCommit=251,matchIndex=252
2024-10-09 04:30:06,369 DEBUG server.RaftServer$Division (RaftServerImpl.java:logAppendEntries(1545)) - s13@group-BDFE845AF3B0: appendEntries* reply s9<-s13#8849:OK-t1,SUCCESS,nextIndex=253,followerCommit=251,matchIndex=252
2024-10-09 04:30:06,368 DEBUG server.RaftServer$Division (RaftServerImpl.java:logAppendEntries(1545)) - s3@group-BDFE845AF3B0: appendEntries* s9->s3#8860-t1,previous=(t:1, i:251),leaderCommit=251,initializing? false,entries: size=1, first=(t:1, i:252), METADATAENTRY(c:251)
2024-10-09 04:30:06,369 DEBUG server.RaftServer$Division (RaftServerImpl.java:logAppendEntries(1545)) - s8@group-BDFE845AF3B0: appendEntries* reply s9<-s8#8855:OK-t1,SUCCESS,nextIndex=253,followerCommit=251,matchIndex=252
2024-10-09 04:30:06,368 DEBUG server.RaftServer$Division (RaftServerImpl.java:logAppendEntries(1545)) - s10@group-BDFE845AF3B0: appendEntries* reply s9<-s10#8848:OK-t1,SUCCESS,nextIndex=253,followerCommit=251,matchIndex=252
2024-10-09 04:30:06,367 DEBUG server.RaftServer$Division (RaftServerImpl.java:logAppendEntries(1545)) - s12@group-BDFE845AF3B0: appendEntries* s9->s12#8861-t1,previous=(t:1, i:250),leaderCommit=251,initializing? false,entries: size=2, first=(t:1, i:251), STATEMACHINELOGENTRY, StateMachineLogEntryProto:8833@client-CAAA969A923D
2024-10-09 04:30:06,370 DEBUG server.RaftServer$Division (RaftServerImpl.java:logAppendEntries(1545)) - s3@group-BDFE845AF3B0: appendEntries* reply s9<-s3#8860:OK-t1,SUCCESS,nextIndex=253,followerCommit=251,matchIndex=252
2024-10-09 04:30:06,367 DEBUG server.RaftServer$Division (RaftServerImpl.java:logAppendEntries(1545)) - s11@group-BDFE845AF3B0: appendEntries* s9->s11#8857-t1,previous=(t:1, i:251),leaderCommit=251,initializing? false,entries: size=1, first=(t:1, i:252), METADATAENTRY(c:251)
2024-10-09 04:30:06,367 DEBUG server.RaftServer$Division (RaftServerImpl.java:logAppendEntries(1545)) - s14@group-BDFE845AF3B0: appendEntries* reply s9<-s14#8852:OK-t1,SUCCESS,nextIndex=253,followerCommit=251,matchIndex=252
2024-10-09 04:30:06,370 DEBUG server.RaftServer$Division (RaftServerImpl.java:logAppendEntries(1545)) - s2@group-BDFE845AF3B0: appendEntries* reply s9<-s2#8854:OK-t1,SUCCESS,nextIndex=253,followerCommit=251,matchIndex=252
2024-10-09 04:30:06,370 DEBUG server.RaftServer$Division (RaftServerImpl.java:logAppendEntries(1545)) - s12@group-BDFE845AF3B0: appendEntries* reply s9<-s12#8861:OK-t1,SUCCESS,nextIndex=253,followerCommit=251,matchIndex=252
2024-10-09 04:30:06,370 DEBUG server.RaftServer$Division (RaftServerImpl.java:logAppendEntries(1545)) - s11@group-BDFE845AF3B0: appendEntries* reply s9<-s11#8857:OK-t1,SUCCESS,nextIndex=253,followerCommit=251,matchIndex=252
2024-10-09 04:30:06,375 INFO  impl.GroupManagementBaseTest (GroupManagementBaseTest.java:runMultiGroupTest(338)) - update groups: printing ALL groups
  s3:  RUNNING [
   FOLLOWER s3@group-DA40570646C7:t0, leader=null, voted=, raftlog=Memoized:s3@group-DA40570646C7-SegmentedRaftLog:OPENED:c-1:lastnull, conf=conf: {index: -1, cur=peers:[]|listeners:[], old=null} STARTING
   FOLLOWER s3@group-BDFE845AF3B0:t1, leader=s9, voted=null, raftlog=Memoized:s3@group-BDFE845AF3B0-SegmentedRaftLog:OPENED:c251:last(t:1, i:252), conf=conf: {index: 131, cur=peers:[s3|0.0.0.0:15018, s4|0.0.0.0:15019, s5|0.0.0.0:15020, s6|0.0.0.0:15021, s7|0.0.0.0:15022, s8|0.0.0.0:15023, s9|0.0.0.0:15024, s11|0.0.0.0:15026, s10|0.0.0.0:15025, s13|0.0.0.0:15028, s12|0.0.0.0:15027, s14|0.0.0.0:15029, s0|0.0.0.0:15015, s1|0.0.0.0:15016, s2|0.0.0.0:15017]|listeners:[], old=null} RUNNING] size=2
  s4:  RUNNING [
   FOLLOWER s4@group-DA40570646C7:t0, leader=null, voted=, raftlog=Memoized:s4@group-DA40570646C7-SegmentedRaftLog:OPENED:c-1:lastnull, conf=conf: {index: -1, cur=peers:[]|listeners:[], old=null} STARTING
   FOLLOWER s4@group-BDFE845AF3B0:t1, leader=s9, voted=null, raftlog=Memoized:s4@group-BDFE845AF3B0-SegmentedRaftLog:OPENED:c251:last(t:1, i:252), conf=conf: {index: 131, cur=peers:[s3|0.0.0.0:15018, s4|0.0.0.0:15019, s5|0.0.0.0:15020, s6|0.0.0.0:15021, s7|0.0.0.0:15022, s8|0.0.0.0:15023, s9|0.0.0.0:15024, s11|0.0.0.0:15026, s10|0.0.0.0:15025, s13|0.0.0.0:15028, s12|0.0.0.0:15027, s14|0.0.0.0:15029, s0|0.0.0.0:15015, s1|0.0.0.0:15016, s2|0.0.0.0:15017]|listeners:[], old=null} RUNNING] size=2
  s5:  RUNNING [
   FOLLOWER s5@group-DA40570646C7:t0, leader=null, voted=, raftlog=Memoized:s5@group-DA40570646C7-SegmentedRaftLog:OPENED:c-1:lastnull, conf=conf: {index: -1, cur=peers:[]|listeners:[], old=null} STARTING
   FOLLOWER s5@group-BDFE845AF3B0:t1, leader=s9, voted=null, raftlog=Memoized:s5@group-BDFE845AF3B0-SegmentedRaftLog:OPENED:c251:last(t:1, i:252), conf=conf: {index: 131, cur=peers:[s3|0.0.0.0:15018, s4|0.0.0.0:15019, s5|0.0.0.0:15020, s6|0.0.0.0:15021, s7|0.0.0.0:15022, s8|0.0.0.0:15023, s9|0.0.0.0:15024, s11|0.0.0.0:15026, s10|0.0.0.0:15025, s13|0.0.0.0:15028, s12|0.0.0.0:15027, s14|0.0.0.0:15029, s0|0.0.0.0:15015, s1|0.0.0.0:15016, s2|0.0.0.0:15017]|listeners:[], old=null} RUNNING] size=2
  s6:  RUNNING [
   FOLLOWER s6@group-DA40570646C7:t0, leader=null, voted=, raftlog=Memoized:s6@group-DA40570646C7-SegmentedRaftLog:OPENED:c-1:lastnull, conf=conf: {index: -1, cur=peers:[]|listeners:[], old=null} STARTING
   FOLLOWER s6@group-BDFE845AF3B0:t1, leader=s9, voted=null, raftlog=Memoized:s6@group-BDFE845AF3B0-SegmentedRaftLog:OPENED:c251:last(t:1, i:252), conf=conf: {index: 131, cur=peers:[s3|0.0.0.0:15018, s4|0.0.0.0:15019, s5|0.0.0.0:15020, s6|0.0.0.0:15021, s7|0.0.0.0:15022, s8|0.0.0.0:15023, s9|0.0.0.0:15024, s11|0.0.0.0:15026, s10|0.0.0.0:15025, s13|0.0.0.0:15028, s12|0.0.0.0:15027, s14|0.0.0.0:15029, s0|0.0.0.0:15015, s1|0.0.0.0:15016, s2|0.0.0.0:15017]|listeners:[], old=null} RUNNING] size=2
  s7:  RUNNING [
   FOLLOWER s7@group-DA40570646C7:t0, leader=null, voted=, raftlog=Memoized:s7@group-DA40570646C7-SegmentedRaftLog:OPENED:c-1:lastnull, conf=conf: {index: -1, cur=peers:[]|listeners:[], old=null} STARTING
   FOLLOWER s7@group-BDFE845AF3B0:t1, leader=s9, voted=s9, raftlog=Memoized:s7@group-BDFE845AF3B0-SegmentedRaftLog:OPENED:c251:last(t:1, i:252), conf=conf: {index: 131, cur=peers:[s3|0.0.0.0:15018, s4|0.0.0.0:15019, s5|0.0.0.0:15020, s6|0.0.0.0:15021, s7|0.0.0.0:15022, s8|0.0.0.0:15023, s9|0.0.0.0:15024, s11|0.0.0.0:15026, s10|0.0.0.0:15025, s13|0.0.0.0:15028, s12|0.0.0.0:15027, s14|0.0.0.0:15029, s0|0.0.0.0:15015, s1|0.0.0.0:15016, s2|0.0.0.0:15017]|listeners:[], old=null} RUNNING] size=2
  s8:  RUNNING [
   FOLLOWER s8@group-DA40570646C7:t0, leader=null, voted=, raftlog=Memoized:s8@group-DA40570646C7-SegmentedRaftLog:OPENED:c-1:lastnull, conf=conf: {index: -1, cur=peers:[]|listeners:[], old=null} STARTING
   FOLLOWER s8@group-BDFE845AF3B0:t1, leader=s9, voted=s9, raftlog=Memoized:s8@group-BDFE845AF3B0-SegmentedRaftLog:OPENED:c251:last(t:1, i:252), conf=conf: {index: 131, cur=peers:[s3|0.0.0.0:15018, s4|0.0.0.0:15019, s5|0.0.0.0:15020, s6|0.0.0.0:15021, s7|0.0.0.0:15022, s8|0.0.0.0:15023, s9|0.0.0.0:15024, s11|0.0.0.0:15026, s10|0.0.0.0:15025, s13|0.0.0.0:15028, s12|0.0.0.0:15027, s14|0.0.0.0:15029, s0|0.0.0.0:15015, s1|0.0.0.0:15016, s2|0.0.0.0:15017]|listeners:[], old=null} RUNNING] size=2
  s9:  RUNNING [
   FOLLOWER s9@group-DA40570646C7:t0, leader=null, voted=, raftlog=Memoized:s9@group-DA40570646C7-SegmentedRaftLog:OPENED:c-1:lastnull, conf=conf: {index: -1, cur=peers:[]|listeners:[], old=null} STARTING
     LEADER s9@group-BDFE845AF3B0:t1, leader=s9, voted=s9, raftlog=Memoized:s9@group-BDFE845AF3B0-SegmentedRaftLog:OPENED:c252:last(t:1, i:252), conf=conf: {index: 131, cur=peers:[s3|0.0.0.0:15018, s4|0.0.0.0:15019, s5|0.0.0.0:15020, s6|0.0.0.0:15021, s7|0.0.0.0:15022, s8|0.0.0.0:15023, s9|0.0.0.0:15024, s11|0.0.0.0:15026, s10|0.0.0.0:15025, s13|0.0.0.0:15028, s12|0.0.0.0:15027, s14|0.0.0.0:15029, s0|0.0.0.0:15015, s1|0.0.0.0:15016, s2|0.0.0.0:15017]|listeners:[], old=null} RUNNING] size=2
  s11:  RUNNING [
   FOLLOWER s11@group-DA40570646C7:t0, leader=null, voted=, raftlog=Memoized:s11@group-DA40570646C7-SegmentedRaftLog:OPENED:c-1:lastnull, conf=conf: {index: -1, cur=peers:[]|listeners:[], old=null} STARTING
   FOLLOWER s11@group-BDFE845AF3B0:t1, leader=s9, voted=null, raftlog=Memoized:s11@group-BDFE845AF3B0-SegmentedRaftLog:OPENED:c251:last(t:1, i:252), conf=conf: {index: 131, cur=peers:[s3|0.0.0.0:15018, s4|0.0.0.0:15019, s5|0.0.0.0:15020, s6|0.0.0.0:15021, s7|0.0.0.0:15022, s8|0.0.0.0:15023, s9|0.0.0.0:15024, s11|0.0.0.0:15026, s10|0.0.0.0:15025, s13|0.0.0.0:15028, s12|0.0.0.0:15027, s14|0.0.0.0:15029, s0|0.0.0.0:15015, s1|0.0.0.0:15016, s2|0.0.0.0:15017]|listeners:[], old=null} RUNNING] size=2
  s10:  RUNNING [
   FOLLOWER s10@group-DA40570646C7:t0, leader=null, voted=, raftlog=Memoized:s10@group-DA40570646C7-SegmentedRaftLog:OPENED:c-1:lastnull, conf=conf: {index: -1, cur=peers:[]|listeners:[], old=null} STARTING
   FOLLOWER s10@group-BDFE845AF3B0:t1, leader=s9, voted=null, raftlog=Memoized:s10@group-BDFE845AF3B0-SegmentedRaftLog:OPENED:c251:last(t:1, i:252), conf=conf: {index: 131, cur=peers:[s3|0.0.0.0:15018, s4|0.0.0.0:15019, s5|0.0.0.0:15020, s6|0.0.0.0:15021, s7|0.0.0.0:15022, s8|0.0.0.0:15023, s9|0.0.0.0:15024, s11|0.0.0.0:15026, s10|0.0.0.0:15025, s13|0.0.0.0:15028, s12|0.0.0.0:15027, s14|0.0.0.0:15029, s0|0.0.0.0:15015, s1|0.0.0.0:15016, s2|0.0.0.0:15017]|listeners:[], old=null} RUNNING] size=2
  s13:  RUNNING [
   FOLLOWER s13@group-DA40570646C7:t0, leader=null, voted=, raftlog=Memoized:s13@group-DA40570646C7-SegmentedRaftLog:OPENED:c-1:lastnull, conf=conf: {index: -1, cur=peers:[]|listeners:[], old=null} STARTING
   FOLLOWER s13@group-BDFE845AF3B0:t1, leader=s9, voted=null, raftlog=Memoized:s13@group-BDFE845AF3B0-SegmentedRaftLog:OPENED:c251:last(t:1, i:252), conf=conf: {index: 131, cur=peers:[s3|0.0.0.0:15018, s4|0.0.0.0:15019, s5|0.0.0.0:15020, s6|0.0.0.0:15021, s7|0.0.0.0:15022, s8|0.0.0.0:15023, s9|0.0.0.0:15024, s11|0.0.0.0:15026, s10|0.0.0.0:15025, s13|0.0.0.0:15028, s12|0.0.0.0:15027, s14|0.0.0.0:15029, s0|0.0.0.0:15015, s1|0.0.0.0:15016, s2|0.0.0.0:15017]|listeners:[], old=null} RUNNING] size=2
  s12:  RUNNING [
   FOLLOWER s12@group-DA40570646C7:t0, leader=null, voted=, raftlog=Memoized:s12@group-DA40570646C7-SegmentedRaftLog:OPENED:c-1:lastnull, conf=conf: {index: -1, cur=peers:[]|listeners:[], old=null} STARTING
   FOLLOWER s12@group-BDFE845AF3B0:t1, leader=s9, voted=null, raftlog=Memoized:s12@group-BDFE845AF3B0-SegmentedRaftLog:OPENED:c251:last(t:1, i:252), conf=conf: {index: 131, cur=peers:[s3|0.0.0.0:15018, s4|0.0.0.0:15019, s5|0.0.0.0:15020, s6|0.0.0.0:15021, s7|0.0.0.0:15022, s8|0.0.0.0:15023, s9|0.0.0.0:15024, s11|0.0.0.0:15026, s10|0.0.0.0:15025, s13|0.0.0.0:15028, s12|0.0.0.0:15027, s14|0.0.0.0:15029, s0|0.0.0.0:15015, s1|0.0.0.0:15016, s2|0.0.0.0:15017]|listeners:[], old=null} RUNNING] size=2
  s14:  RUNNING [
   FOLLOWER s14@group-DA40570646C7:t0, leader=null, voted=, raftlog=Memoized:s14@group-DA40570646C7-SegmentedRaftLog:OPENED:c-1:lastnull, conf=conf: {index: -1, cur=peers:[]|listeners:[], old=null} STARTING
   FOLLOWER s14@group-BDFE845AF3B0:t1, leader=s9, voted=null, raftlog=Memoized:s14@group-BDFE845AF3B0-SegmentedRaftLog:OPENED:c251:last(t:1, i:252), conf=conf: {index: 131, cur=peers:[s3|0.0.0.0:15018, s4|0.0.0.0:15019, s5|0.0.0.0:15020, s6|0.0.0.0:15021, s7|0.0.0.0:15022, s8|0.0.0.0:15023, s9|0.0.0.0:15024, s11|0.0.0.0:15026, s10|0.0.0.0:15025, s13|0.0.0.0:15028, s12|0.0.0.0:15027, s14|0.0.0.0:15029, s0|0.0.0.0:15015, s1|0.0.0.0:15016, s2|0.0.0.0:15017]|listeners:[], old=null} RUNNING] size=2
  s0:  RUNNING [
   FOLLOWER s0@group-DA40570646C7:t0, leader=null, voted=, raftlog=Memoized:s0@group-DA40570646C7-SegmentedRaftLog:OPENED:c-1:lastnull, conf=conf: {index: -1, cur=peers:[]|listeners:[], old=null} STARTING
   FOLLOWER s0@group-BDFE845AF3B0:t1, leader=s9, voted=null, raftlog=Memoized:s0@group-BDFE845AF3B0-SegmentedRaftLog:OPENED:c251:last(t:1, i:252), conf=conf: {index: 131, cur=peers:[s3|0.0.0.0:15018, s4|0.0.0.0:15019, s5|0.0.0.0:15020, s6|0.0.0.0:15021, s7|0.0.0.0:15022, s8|0.0.0.0:15023, s9|0.0.0.0:15024, s11|0.0.0.0:15026, s10|0.0.0.0:15025, s13|0.0.0.0:15028, s12|0.0.0.0:15027, s14|0.0.0.0:15029, s0|0.0.0.0:15015, s1|0.0.0.0:15016, s2|0.0.0.0:15017]|listeners:[], old=null} RUNNING] size=2
  s1:  RUNNING [
   FOLLOWER s1@group-DA40570646C7:t0, leader=null, voted=, raftlog=Memoized:s1@group-DA40570646C7-SegmentedRaftLog:OPENED:c-1:lastnull, conf=conf: {index: -1, cur=peers:[]|listeners:[], old=null} STARTING
   FOLLOWER s1@group-BDFE845AF3B0:t1, leader=s9, voted=null, raftlog=Memoized:s1@group-BDFE845AF3B0-SegmentedRaftLog:OPENED:c251:last(t:1, i:252), conf=conf: {index: 131, cur=peers:[s3|0.0.0.0:15018, s4|0.0.0.0:15019, s5|0.0.0.0:15020, s6|0.0.0.0:15021, s7|0.0.0.0:15022, s8|0.0.0.0:15023, s9|0.0.0.0:15024, s11|0.0.0.0:15026, s10|0.0.0.0:15025, s13|0.0.0.0:15028, s12|0.0.0.0:15027, s14|0.0.0.0:15029, s0|0.0.0.0:15015, s1|0.0.0.0:15016, s2|0.0.0.0:15017]|listeners:[], old=null} RUNNING] size=2
  s2:  RUNNING [
   FOLLOWER s2@group-DA40570646C7:t0, leader=null, voted=, raftlog=Memoized:s2@group-DA40570646C7-SegmentedRaftLog:OPENED:c-1:lastnull, conf=conf: {index: -1, cur=peers:[]|listeners:[], old=null} STARTING
   FOLLOWER s2@group-BDFE845AF3B0:t1, leader=s9, voted=null, raftlog=Memoized:s2@group-BDFE845AF3B0-SegmentedRaftLog:OPENED:c251:last(t:1, i:252), conf=conf: {index: 131, cur=peers:[s3|0.0.0.0:15018, s4|0.0.0.0:15019, s5|0.0.0.0:15020, s6|0.0.0.0:15021, s7|0.0.0.0:15022, s8|0.0.0.0:15023, s9|0.0.0.0:15024, s11|0.0.0.0:15026, s10|0.0.0.0:15025, s13|0.0.0.0:15028, s12|0.0.0.0:15027, s14|0.0.0.0:15029, s0|0.0.0.0:15015, s1|0.0.0.0:15016, s2|0.0.0.0:15017]|listeners:[], old=null} RUNNING] size=2
| MiniRaftClusterWithNetty[3, 6, 9, 12, 15]chosen=4 | update groups | 445 |
2024-10-09 04:30:06,376 INFO  impl.MiniRaftCluster (MiniRaftCluster.java:shutdown(837)) - ************************************************************** 
2024-10-09 04:30:06,376 INFO  impl.MiniRaftCluster (MiniRaftCluster.java:shutdown(838)) - *** 
2024-10-09 04:30:06,376 INFO  impl.MiniRaftCluster (MiniRaftCluster.java:shutdown(839)) - ***     Stopping MiniRaftClusterWithNetty
2024-10-09 04:30:06,376 INFO  impl.MiniRaftCluster (MiniRaftCluster.java:shutdown(840)) - *** 
2024-10-09 04:30:06,376 INFO  impl.MiniRaftCluster (MiniRaftCluster.java:shutdown(841)) - ************************************************************** 
2024-10-09 04:30:06,377 INFO  impl.MiniRaftCluster (MiniRaftCluster.java:shutdown(842)) - printing ALL groups
  s3:  RUNNING [
   FOLLOWER s3@group-DA40570646C7:t0, leader=null, voted=, raftlog=Memoized:s3@group-DA40570646C7-SegmentedRaftLog:OPENED:c-1:lastnull, conf=conf: {index: -1, cur=peers:[]|listeners:[], old=null} STARTING
   FOLLOWER s3@group-BDFE845AF3B0:t1, leader=s9, voted=null, raftlog=Memoized:s3@group-BDFE845AF3B0-SegmentedRaftLog:OPENED:c251:last(t:1, i:252), conf=conf: {index: 131, cur=peers:[s3|0.0.0.0:15018, s4|0.0.0.0:15019, s5|0.0.0.0:15020, s6|0.0.0.0:15021, s7|0.0.0.0:15022, s8|0.0.0.0:15023, s9|0.0.0.0:15024, s11|0.0.0.0:15026, s10|0.0.0.0:15025, s13|0.0.0.0:15028, s12|0.0.0.0:15027, s14|0.0.0.0:15029, s0|0.0.0.0:15015, s1|0.0.0.0:15016, s2|0.0.0.0:15017]|listeners:[], old=null} RUNNING] size=2
  s4:  RUNNING [
   FOLLOWER s4@group-DA40570646C7:t0, leader=null, voted=, raftlog=Memoized:s4@group-DA40570646C7-SegmentedRaftLog:OPENED:c-1:lastnull, conf=conf: {index: -1, cur=peers:[]|listeners:[], old=null} STARTING
   FOLLOWER s4@group-BDFE845AF3B0:t1, leader=s9, voted=null, raftlog=Memoized:s4@group-BDFE845AF3B0-SegmentedRaftLog:OPENED:c251:last(t:1, i:252), conf=conf: {index: 131, cur=peers:[s3|0.0.0.0:15018, s4|0.0.0.0:15019, s5|0.0.0.0:15020, s6|0.0.0.0:15021, s7|0.0.0.0:15022, s8|0.0.0.0:15023, s9|0.0.0.0:15024, s11|0.0.0.0:15026, s10|0.0.0.0:15025, s13|0.0.0.0:15028, s12|0.0.0.0:15027, s14|0.0.0.0:15029, s0|0.0.0.0:15015, s1|0.0.0.0:15016, s2|0.0.0.0:15017]|listeners:[], old=null} RUNNING] size=2
  s5:  RUNNING [
   FOLLOWER s5@group-DA40570646C7:t0, leader=null, voted=, raftlog=Memoized:s5@group-DA40570646C7-SegmentedRaftLog:OPENED:c-1:lastnull, conf=conf: {index: -1, cur=peers:[]|listeners:[], old=null} STARTING
   FOLLOWER s5@group-BDFE845AF3B0:t1, leader=s9, voted=null, raftlog=Memoized:s5@group-BDFE845AF3B0-SegmentedRaftLog:OPENED:c251:last(t:1, i:252), conf=conf: {index: 131, cur=peers:[s3|0.0.0.0:15018, s4|0.0.0.0:15019, s5|0.0.0.0:15020, s6|0.0.0.0:15021, s7|0.0.0.0:15022, s8|0.0.0.0:15023, s9|0.0.0.0:15024, s11|0.0.0.0:15026, s10|0.0.0.0:15025, s13|0.0.0.0:15028, s12|0.0.0.0:15027, s14|0.0.0.0:15029, s0|0.0.0.0:15015, s1|0.0.0.0:15016, s2|0.0.0.0:15017]|listeners:[], old=null} RUNNING] size=2
  s6:  RUNNING [
   FOLLOWER s6@group-DA40570646C7:t0, leader=null, voted=, raftlog=Memoized:s6@group-DA40570646C7-SegmentedRaftLog:OPENED:c-1:lastnull, conf=conf: {index: -1, cur=peers:[]|listeners:[], old=null} STARTING
   FOLLOWER s6@group-BDFE845AF3B0:t1, leader=s9, voted=null, raftlog=Memoized:s6@group-BDFE845AF3B0-SegmentedRaftLog:OPENED:c251:last(t:1, i:252), conf=conf: {index: 131, cur=peers:[s3|0.0.0.0:15018, s4|0.0.0.0:15019, s5|0.0.0.0:15020, s6|0.0.0.0:15021, s7|0.0.0.0:15022, s8|0.0.0.0:15023, s9|0.0.0.0:15024, s11|0.0.0.0:15026, s10|0.0.0.0:15025, s13|0.0.0.0:15028, s12|0.0.0.0:15027, s14|0.0.0.0:15029, s0|0.0.0.0:15015, s1|0.0.0.0:15016, s2|0.0.0.0:15017]|listeners:[], old=null} RUNNING] size=2
  s7:  RUNNING [
   FOLLOWER s7@group-DA40570646C7:t0, leader=null, voted=, raftlog=Memoized:s7@group-DA40570646C7-SegmentedRaftLog:OPENED:c-1:lastnull, conf=conf: {index: -1, cur=peers:[]|listeners:[], old=null} STARTING
   FOLLOWER s7@group-BDFE845AF3B0:t1, leader=s9, voted=s9, raftlog=Memoized:s7@group-BDFE845AF3B0-SegmentedRaftLog:OPENED:c251:last(t:1, i:252), conf=conf: {index: 131, cur=peers:[s3|0.0.0.0:15018, s4|0.0.0.0:15019, s5|0.0.0.0:15020, s6|0.0.0.0:15021, s7|0.0.0.0:15022, s8|0.0.0.0:15023, s9|0.0.0.0:15024, s11|0.0.0.0:15026, s10|0.0.0.0:15025, s13|0.0.0.0:15028, s12|0.0.0.0:15027, s14|0.0.0.0:15029, s0|0.0.0.0:15015, s1|0.0.0.0:15016, s2|0.0.0.0:15017]|listeners:[], old=null} RUNNING] size=2
  s8:  RUNNING [
   FOLLOWER s8@group-DA40570646C7:t0, leader=null, voted=, raftlog=Memoized:s8@group-DA40570646C7-SegmentedRaftLog:OPENED:c-1:lastnull, conf=conf: {index: -1, cur=peers:[]|listeners:[], old=null} STARTING
   FOLLOWER s8@group-BDFE845AF3B0:t1, leader=s9, voted=s9, raftlog=Memoized:s8@group-BDFE845AF3B0-SegmentedRaftLog:OPENED:c251:last(t:1, i:252), conf=conf: {index: 131, cur=peers:[s3|0.0.0.0:15018, s4|0.0.0.0:15019, s5|0.0.0.0:15020, s6|0.0.0.0:15021, s7|0.0.0.0:15022, s8|0.0.0.0:15023, s9|0.0.0.0:15024, s11|0.0.0.0:15026, s10|0.0.0.0:15025, s13|0.0.0.0:15028, s12|0.0.0.0:15027, s14|0.0.0.0:15029, s0|0.0.0.0:15015, s1|0.0.0.0:15016, s2|0.0.0.0:15017]|listeners:[], old=null} RUNNING] size=2
  s9:  RUNNING [
   FOLLOWER s9@group-DA40570646C7:t0, leader=null, voted=, raftlog=Memoized:s9@group-DA40570646C7-SegmentedRaftLog:OPENED:c-1:lastnull, conf=conf: {index: -1, cur=peers:[]|listeners:[], old=null} STARTING
     LEADER s9@group-BDFE845AF3B0:t1, leader=s9, voted=s9, raftlog=Memoized:s9@group-BDFE845AF3B0-SegmentedRaftLog:OPENED:c252:last(t:1, i:252), conf=conf: {index: 131, cur=peers:[s3|0.0.0.0:15018, s4|0.0.0.0:15019, s5|0.0.0.0:15020, s6|0.0.0.0:15021, s7|0.0.0.0:15022, s8|0.0.0.0:15023, s9|0.0.0.0:15024, s11|0.0.0.0:15026, s10|0.0.0.0:15025, s13|0.0.0.0:15028, s12|0.0.0.0:15027, s14|0.0.0.0:15029, s0|0.0.0.0:15015, s1|0.0.0.0:15016, s2|0.0.0.0:15017]|listeners:[], old=null} RUNNING] size=2
  s11:  RUNNING [
   FOLLOWER s11@group-DA40570646C7:t0, leader=null, voted=, raftlog=Memoized:s11@group-DA40570646C7-SegmentedRaftLog:OPENED:c-1:lastnull, conf=conf: {index: -1, cur=peers:[]|listeners:[], old=null} STARTING
   FOLLOWER s11@group-BDFE845AF3B0:t1, leader=s9, voted=null, raftlog=Memoized:s11@group-BDFE845AF3B0-SegmentedRaftLog:OPENED:c251:last(t:1, i:252), conf=conf: {index: 131, cur=peers:[s3|0.0.0.0:15018, s4|0.0.0.0:15019, s5|0.0.0.0:15020, s6|0.0.0.0:15021, s7|0.0.0.0:15022, s8|0.0.0.0:15023, s9|0.0.0.0:15024, s11|0.0.0.0:15026, s10|0.0.0.0:15025, s13|0.0.0.0:15028, s12|0.0.0.0:15027, s14|0.0.0.0:15029, s0|0.0.0.0:15015, s1|0.0.0.0:15016, s2|0.0.0.0:15017]|listeners:[], old=null} RUNNING] size=2
  s10:  RUNNING [
   FOLLOWER s10@group-DA40570646C7:t0, leader=null, voted=, raftlog=Memoized:s10@group-DA40570646C7-SegmentedRaftLog:OPENED:c-1:lastnull, conf=conf: {index: -1, cur=peers:[]|listeners:[], old=null} STARTING
   FOLLOWER s10@group-BDFE845AF3B0:t1, leader=s9, voted=null, raftlog=Memoized:s10@group-BDFE845AF3B0-SegmentedRaftLog:OPENED:c251:last(t:1, i:252), conf=conf: {index: 131, cur=peers:[s3|0.0.0.0:15018, s4|0.0.0.0:15019, s5|0.0.0.0:15020, s6|0.0.0.0:15021, s7|0.0.0.0:15022, s8|0.0.0.0:15023, s9|0.0.0.0:15024, s11|0.0.0.0:15026, s10|0.0.0.0:15025, s13|0.0.0.0:15028, s12|0.0.0.0:15027, s14|0.0.0.0:15029, s0|0.0.0.0:15015, s1|0.0.0.0:15016, s2|0.0.0.0:15017]|listeners:[], old=null} RUNNING] size=2
  s13:  RUNNING [
   FOLLOWER s13@group-DA40570646C7:t0, leader=null, voted=, raftlog=Memoized:s13@group-DA40570646C7-SegmentedRaftLog:OPENED:c-1:lastnull, conf=conf: {index: -1, cur=peers:[]|listeners:[], old=null} STARTING
   FOLLOWER s13@group-BDFE845AF3B0:t1, leader=s9, voted=null, raftlog=Memoized:s13@group-BDFE845AF3B0-SegmentedRaftLog:OPENED:c251:last(t:1, i:252), conf=conf: {index: 131, cur=peers:[s3|0.0.0.0:15018, s4|0.0.0.0:15019, s5|0.0.0.0:15020, s6|0.0.0.0:15021, s7|0.0.0.0:15022, s8|0.0.0.0:15023, s9|0.0.0.0:15024, s11|0.0.0.0:15026, s10|0.0.0.0:15025, s13|0.0.0.0:15028, s12|0.0.0.0:15027, s14|0.0.0.0:15029, s0|0.0.0.0:15015, s1|0.0.0.0:15016, s2|0.0.0.0:15017]|listeners:[], old=null} RUNNING] size=2
  s12:  RUNNING [
   FOLLOWER s12@group-DA40570646C7:t0, leader=null, voted=, raftlog=Memoized:s12@group-DA40570646C7-SegmentedRaftLog:OPENED:c-1:lastnull, conf=conf: {index: -1, cur=peers:[]|listeners:[], old=null} STARTING
   FOLLOWER s12@group-BDFE845AF3B0:t1, leader=s9, voted=null, raftlog=Memoized:s12@group-BDFE845AF3B0-SegmentedRaftLog:OPENED:c251:last(t:1, i:252), conf=conf: {index: 131, cur=peers:[s3|0.0.0.0:15018, s4|0.0.0.0:15019, s5|0.0.0.0:15020, s6|0.0.0.0:15021, s7|0.0.0.0:15022, s8|0.0.0.0:15023, s9|0.0.0.0:15024, s11|0.0.0.0:15026, s10|0.0.0.0:15025, s13|0.0.0.0:15028, s12|0.0.0.0:15027, s14|0.0.0.0:15029, s0|0.0.0.0:15015, s1|0.0.0.0:15016, s2|0.0.0.0:15017]|listeners:[], old=null} RUNNING] size=2
  s14:  RUNNING [
   FOLLOWER s14@group-DA40570646C7:t0, leader=null, voted=, raftlog=Memoized:s14@group-DA40570646C7-SegmentedRaftLog:OPENED:c-1:lastnull, conf=conf: {index: -1, cur=peers:[]|listeners:[], old=null} STARTING
   FOLLOWER s14@group-BDFE845AF3B0:t1, leader=s9, voted=null, raftlog=Memoized:s14@group-BDFE845AF3B0-SegmentedRaftLog:OPENED:c251:last(t:1, i:252), conf=conf: {index: 131, cur=peers:[s3|0.0.0.0:15018, s4|0.0.0.0:15019, s5|0.0.0.0:15020, s6|0.0.0.0:15021, s7|0.0.0.0:15022, s8|0.0.0.0:15023, s9|0.0.0.0:15024, s11|0.0.0.0:15026, s10|0.0.0.0:15025, s13|0.0.0.0:15028, s12|0.0.0.0:15027, s14|0.0.0.0:15029, s0|0.0.0.0:15015, s1|0.0.0.0:15016, s2|0.0.0.0:15017]|listeners:[], old=null} RUNNING] size=2
  s0:  RUNNING [
   FOLLOWER s0@group-DA40570646C7:t0, leader=null, voted=, raftlog=Memoized:s0@group-DA40570646C7-SegmentedRaftLog:OPENED:c-1:lastnull, conf=conf: {index: -1, cur=peers:[]|listeners:[], old=null} STARTING
   FOLLOWER s0@group-BDFE845AF3B0:t1, leader=s9, voted=null, raftlog=Memoized:s0@group-BDFE845AF3B0-SegmentedRaftLog:OPENED:c251:last(t:1, i:252), conf=conf: {index: 131, cur=peers:[s3|0.0.0.0:15018, s4|0.0.0.0:15019, s5|0.0.0.0:15020, s6|0.0.0.0:15021, s7|0.0.0.0:15022, s8|0.0.0.0:15023, s9|0.0.0.0:15024, s11|0.0.0.0:15026, s10|0.0.0.0:15025, s13|0.0.0.0:15028, s12|0.0.0.0:15027, s14|0.0.0.0:15029, s0|0.0.0.0:15015, s1|0.0.0.0:15016, s2|0.0.0.0:15017]|listeners:[], old=null} RUNNING] size=2
  s1:  RUNNING [
   FOLLOWER s1@group-DA40570646C7:t0, leader=null, voted=, raftlog=Memoized:s1@group-DA40570646C7-SegmentedRaftLog:OPENED:c-1:lastnull, conf=conf: {index: -1, cur=peers:[]|listeners:[], old=null} STARTING
   FOLLOWER s1@group-BDFE845AF3B0:t1, leader=s9, voted=null, raftlog=Memoized:s1@group-BDFE845AF3B0-SegmentedRaftLog:OPENED:c251:last(t:1, i:252), conf=conf: {index: 131, cur=peers:[s3|0.0.0.0:15018, s4|0.0.0.0:15019, s5|0.0.0.0:15020, s6|0.0.0.0:15021, s7|0.0.0.0:15022, s8|0.0.0.0:15023, s9|0.0.0.0:15024, s11|0.0.0.0:15026, s10|0.0.0.0:15025, s13|0.0.0.0:15028, s12|0.0.0.0:15027, s14|0.0.0.0:15029, s0|0.0.0.0:15015, s1|0.0.0.0:15016, s2|0.0.0.0:15017]|listeners:[], old=null} RUNNING] size=2
  s2:  RUNNING [
   FOLLOWER s2@group-DA40570646C7:t0, leader=null, voted=, raftlog=Memoized:s2@group-DA40570646C7-SegmentedRaftLog:OPENED:c-1:lastnull, conf=conf: {index: -1, cur=peers:[]|listeners:[], old=null} STARTING
   FOLLOWER s2@group-BDFE845AF3B0:t1, leader=s9, voted=null, raftlog=Memoized:s2@group-BDFE845AF3B0-SegmentedRaftLog:OPENED:c251:last(t:1, i:252), conf=conf: {index: 131, cur=peers:[s3|0.0.0.0:15018, s4|0.0.0.0:15019, s5|0.0.0.0:15020, s6|0.0.0.0:15021, s7|0.0.0.0:15022, s8|0.0.0.0:15023, s9|0.0.0.0:15024, s11|0.0.0.0:15026, s10|0.0.0.0:15025, s13|0.0.0.0:15028, s12|0.0.0.0:15027, s14|0.0.0.0:15029, s0|0.0.0.0:15015, s1|0.0.0.0:15016, s2|0.0.0.0:15017]|listeners:[], old=null} RUNNING] size=2
2024-10-09 04:30:06,378 INFO  server.RaftServer (RaftServerProxy.java:lambda$close$9(418)) - s3: close
2024-10-09 04:30:06,378 INFO  server.RaftServer$Division (RaftServerImpl.java:lambda$close$1(511)) - s3@group-DA40570646C7: shutdown
2024-10-09 04:30:06,378 INFO  util.JmxRegister (JmxRegister.java:unregister(74)) - Successfully un-registered JMX Bean with object name Ratis:service=RaftServer,group=group-DA40570646C7,id=s3
2024-10-09 04:30:06,378 INFO  server.RaftServer (RaftServerProxy.java:lambda$close$9(418)) - s4: close
2024-10-09 04:30:06,378 INFO  server.RaftServer$Division (RaftServerImpl.java:lambda$close$1(511)) - s4@group-DA40570646C7: shutdown
2024-10-09 04:30:06,378 INFO  util.JmxRegister (JmxRegister.java:unregister(74)) - Successfully un-registered JMX Bean with object name Ratis:service=RaftServer,group=group-DA40570646C7,id=s4
2024-10-09 04:30:06,378 INFO  impl.StateMachineUpdater (StateMachineUpdater.java:stopAndJoin(164)) - s4@group-DA40570646C7-StateMachineUpdater: set stopIndex = -1
2024-10-09 04:30:06,378 INFO  impl.StateMachineUpdater (StateMachineUpdater.java:stop(141)) - s4@group-DA40570646C7-StateMachineUpdater: closing ArithmeticStateMachine, lastApplied=(t:0, i:~)
2024-10-09 04:30:06,378 INFO  server.RaftServer (RaftServerProxy.java:lambda$close$9(418)) - s6: close
2024-10-09 04:30:06,378 INFO  util.AwaitToRun (AwaitToRun.java:run(49)) - s4@group-DA40570646C7-cacheEviction-AwaitToRun-AwaitForSignal is interrupted
2024-10-09 04:30:06,378 INFO  server.RaftServer (RaftServerProxy.java:lambda$close$9(418)) - s5: close
2024-10-09 04:30:06,378 INFO  server.RaftServer$Division (RaftServerImpl.java:lambda$close$1(511)) - s6@group-DA40570646C7: shutdown
2024-10-09 04:30:06,378 INFO  logging.LoggingHandler (AbstractInternalLogger.java:log(148)) - [id: 0x7c05a430, L:/0.0.0.0:15021] CLOSE
2024-10-09 04:30:06,379 INFO  server.RaftServer$Division (RaftServerImpl.java:lambda$close$1(511)) - s5@group-DA40570646C7: shutdown
2024-10-09 04:30:06,379 INFO  server.RaftServer (RaftServerProxy.java:lambda$close$9(418)) - s7: close
2024-10-09 04:30:06,378 INFO  util.JmxRegister (JmxRegister.java:unregister(74)) - Successfully un-registered JMX Bean with object name Ratis:service=RaftServer,group=group-DA40570646C7,id=s6
2024-10-09 04:30:06,379 INFO  server.RaftServer$Division (RaftServerImpl.java:lambda$close$1(511)) - s7@group-DA40570646C7: shutdown
2024-10-09 04:30:06,379 INFO  util.JmxRegister (JmxRegister.java:unregister(74)) - Successfully un-registered JMX Bean with object name Ratis:service=RaftServer,group=group-DA40570646C7,id=s5
2024-10-09 04:30:06,379 INFO  logging.LoggingHandler (AbstractInternalLogger.java:log(148)) - [id: 0x7c05a430, L:/0.0.0.0:15021] INACTIVE
2024-10-09 04:30:06,379 INFO  logging.LoggingHandler (AbstractInternalLogger.java:log(148)) - [id: 0x7c05a430, L:/0.0.0.0:15021] UNREGISTERED
2024-10-09 04:30:06,379 INFO  util.JmxRegister (JmxRegister.java:unregister(74)) - Successfully un-registered JMX Bean with object name Ratis:service=RaftServer,group=group-DA40570646C7,id=s7
2024-10-09 04:30:06,379 INFO  server.RaftServer$Division (RaftServerImpl.java:lambda$close$1(511)) - s6@group-BDFE845AF3B0: shutdown
2024-10-09 04:30:06,380 INFO  util.JmxRegister (JmxRegister.java:unregister(74)) - Successfully un-registered JMX Bean with object name Ratis:service=RaftServer,group=group-BDFE845AF3B0,id=s6
2024-10-09 04:30:06,380 INFO  impl.RoleInfo (RoleInfo.java:shutdownFollowerState(121)) - s6: shutdown s6@group-BDFE845AF3B0-FollowerState
2024-10-09 04:30:06,380 INFO  logging.LoggingHandler (AbstractInternalLogger.java:log(148)) - [id: 0x5c3f3926, L:/0.0.0.0:15018] CLOSE
2024-10-09 04:30:06,380 INFO  logging.LoggingHandler (AbstractInternalLogger.java:log(148)) - [id: 0x5c3f3926, L:/0.0.0.0:15018] INACTIVE
2024-10-09 04:30:06,380 INFO  logging.LoggingHandler (AbstractInternalLogger.java:log(148)) - [id: 0x5c3f3926, L:/0.0.0.0:15018] UNREGISTERED
2024-10-09 04:30:06,381 INFO  server.RaftServer$Division (RaftServerImpl.java:lambda$close$1(511)) - s3@group-BDFE845AF3B0: shutdown
2024-10-09 04:30:06,381 INFO  util.JmxRegister (JmxRegister.java:unregister(74)) - Successfully un-registered JMX Bean with object name Ratis:service=RaftServer,group=group-BDFE845AF3B0,id=s3
2024-10-09 04:30:06,381 INFO  impl.RoleInfo (RoleInfo.java:shutdownFollowerState(121)) - s3: shutdown s3@group-BDFE845AF3B0-FollowerState
2024-10-09 04:30:06,381 INFO  server.RaftServer (RaftServerProxy.java:lambda$close$9(418)) - s8: close
2024-10-09 04:30:06,381 INFO  logging.LoggingHandler (AbstractInternalLogger.java:log(148)) - [id: 0xb86f85a1, L:/0.0.0.0:15019] CLOSE
2024-10-09 04:30:06,381 INFO  logging.LoggingHandler (AbstractInternalLogger.java:log(148)) - [id: 0xb86f85a1, L:/0.0.0.0:15019] INACTIVE
2024-10-09 04:30:06,381 INFO  logging.LoggingHandler (AbstractInternalLogger.java:log(148)) - [id: 0xb86f85a1, L:/0.0.0.0:15019] UNREGISTERED
2024-10-09 04:30:06,381 INFO  impl.StateMachineUpdater (StateMachineUpdater.java:stop(141)) - s3@group-DA40570646C7-StateMachineUpdater: closing ArithmeticStateMachine, lastApplied=(t:0, i:~)
2024-10-09 04:30:06,382 INFO  server.RaftServer (RaftServerProxy.java:lambda$close$9(418)) - s9: close
2024-10-09 04:30:06,381 INFO  impl.StateMachineUpdater (StateMachineUpdater.java:stopAndJoin(164)) - s3@group-DA40570646C7-StateMachineUpdater: set stopIndex = -1
2024-10-09 04:30:06,382 INFO  server.RaftServer$Division (RaftServerImpl.java:lambda$close$1(511)) - s9@group-DA40570646C7: shutdown
2024-10-09 04:30:06,382 INFO  util.JmxRegister (JmxRegister.java:unregister(74)) - Successfully un-registered JMX Bean with object name Ratis:service=RaftServer,group=group-DA40570646C7,id=s9
2024-10-09 04:30:06,381 INFO  server.RaftServer$Division (RaftServerImpl.java:lambda$close$1(511)) - s8@group-DA40570646C7: shutdown
2024-10-09 04:30:06,382 INFO  server.RaftServer (RaftServerProxy.java:lambda$close$9(418)) - s11: close
2024-10-09 04:30:06,382 INFO  server.RaftServer$Division (RaftServerImpl.java:lambda$close$1(511)) - s11@group-DA40570646C7: shutdown
2024-10-09 04:30:06,381 INFO  server.RaftServer$Division (RaftServerImpl.java:lambda$close$1(511)) - s4@group-BDFE845AF3B0: shutdown
2024-10-09 04:30:06,382 INFO  util.JmxRegister (JmxRegister.java:unregister(74)) - Successfully un-registered JMX Bean with object name Ratis:service=RaftServer,group=group-BDFE845AF3B0,id=s4
2024-10-09 04:30:06,382 INFO  impl.RoleInfo (RoleInfo.java:shutdownFollowerState(121)) - s4: shutdown s4@group-BDFE845AF3B0-FollowerState
2024-10-09 04:30:06,382 INFO  util.JmxRegister (JmxRegister.java:unregister(74)) - Successfully un-registered JMX Bean with object name Ratis:service=RaftServer,group=group-DA40570646C7,id=s11
2024-10-09 04:30:06,382 INFO  impl.StateMachineUpdater (StateMachineUpdater.java:stopAndJoin(164)) - s11@group-DA40570646C7-StateMachineUpdater: set stopIndex = -1
2024-10-09 04:30:06,382 INFO  util.JmxRegister (JmxRegister.java:unregister(74)) - Successfully un-registered JMX Bean with object name Ratis:service=RaftServer,group=group-DA40570646C7,id=s8
2024-10-09 04:30:06,382 INFO  server.RaftServer (RaftServerProxy.java:lambda$close$9(418)) - s13: close
2024-10-09 04:30:06,382 INFO  server.RaftServer$Division (RaftServerImpl.java:lambda$close$1(511)) - s13@group-DA40570646C7: shutdown
2024-10-09 04:30:06,382 INFO  server.RaftServer (RaftServerProxy.java:lambda$close$9(418)) - s10: close
2024-10-09 04:30:06,383 INFO  util.JmxRegister (JmxRegister.java:unregister(74)) - Successfully un-registered JMX Bean with object name Ratis:service=RaftServer,group=group-DA40570646C7,id=s13
2024-10-09 04:30:06,382 INFO  impl.StateMachineUpdater (StateMachineUpdater.java:stop(141)) - s11@group-DA40570646C7-StateMachineUpdater: closing ArithmeticStateMachine, lastApplied=(t:0, i:~)
2024-10-09 04:30:06,383 INFO  server.RaftServer$Division (RaftServerImpl.java:lambda$close$1(511)) - s10@group-DA40570646C7: shutdown
2024-10-09 04:30:06,383 INFO  util.JmxRegister (JmxRegister.java:unregister(74)) - Successfully un-registered JMX Bean with object name Ratis:service=RaftServer,group=group-DA40570646C7,id=s10
2024-10-09 04:30:06,383 INFO  server.RaftServer (RaftServerProxy.java:lambda$close$9(418)) - s12: close
2024-10-09 04:30:06,383 INFO  server.RaftServer$Division (RaftServerImpl.java:lambda$close$1(511)) - s12@group-DA40570646C7: shutdown
2024-10-09 04:30:06,383 INFO  util.JmxRegister (JmxRegister.java:unregister(74)) - Successfully un-registered JMX Bean with object name Ratis:service=RaftServer,group=group-DA40570646C7,id=s12
2024-10-09 04:30:06,383 INFO  impl.StateMachineUpdater (StateMachineUpdater.java:stopAndJoin(164)) - s12@group-DA40570646C7-StateMachineUpdater: set stopIndex = -1
2024-10-09 04:30:06,383 INFO  impl.StateMachineUpdater (StateMachineUpdater.java:stop(141)) - s12@group-DA40570646C7-StateMachineUpdater: closing ArithmeticStateMachine, lastApplied=(t:0, i:~)
2024-10-09 04:30:06,383 INFO  server.RaftServer (RaftServerProxy.java:lambda$close$9(418)) - s14: close
2024-10-09 04:30:06,383 INFO  server.RaftServer (RaftServerProxy.java:lambda$close$9(418)) - s0: close
2024-10-09 04:30:06,383 INFO  server.RaftServer$Division (RaftServerImpl.java:lambda$close$1(511)) - s14@group-DA40570646C7: shutdown
2024-10-09 04:30:06,384 INFO  util.JmxRegister (JmxRegister.java:unregister(74)) - Successfully un-registered JMX Bean with object name Ratis:service=RaftServer,group=group-DA40570646C7,id=s14
2024-10-09 04:30:06,383 INFO  server.RaftServer$Division (RaftServerImpl.java:lambda$close$1(511)) - s0@group-DA40570646C7: shutdown
2024-10-09 04:30:06,384 INFO  util.JmxRegister (JmxRegister.java:unregister(74)) - Successfully un-registered JMX Bean with object name Ratis:service=RaftServer,group=group-DA40570646C7,id=s0
2024-10-09 04:30:06,389 INFO  impl.StateMachineUpdater (StateMachineUpdater.java:stopAndJoin(164)) - s6@group-BDFE845AF3B0-StateMachineUpdater: set stopIndex = 251
2024-10-09 04:30:06,389 INFO  impl.StateMachineUpdater (StateMachineUpdater.java:stopAndJoin(164)) - s7@group-DA40570646C7-StateMachineUpdater: set stopIndex = -1
2024-10-09 04:30:06,389 INFO  impl.FollowerState (FollowerState.java:runImpl(165)) - s6@group-BDFE845AF3B0-FollowerState was interrupted
2024-10-09 04:30:06,389 INFO  impl.StateMachineUpdater (StateMachineUpdater.java:stop(141)) - s6@group-BDFE845AF3B0-StateMachineUpdater: closing ArithmeticStateMachine, lastApplied=(t:1, i:251)
2024-10-09 04:30:06,390 INFO  impl.StateMachineUpdater (StateMachineUpdater.java:stop(141)) - s7@group-DA40570646C7-StateMachineUpdater: closing ArithmeticStateMachine, lastApplied=(t:0, i:~)
2024-10-09 04:30:06,390 INFO  impl.StateMachineUpdater (StateMachineUpdater.java:stop(141)) - s0@group-DA40570646C7-StateMachineUpdater: closing ArithmeticStateMachine, lastApplied=(t:0, i:~)
2024-10-09 04:30:06,391 INFO  impl.StateMachineUpdater (StateMachineUpdater.java:stopAndJoin(164)) - s5@group-DA40570646C7-StateMachineUpdater: set stopIndex = -1
2024-10-09 04:30:06,391 INFO  impl.StateMachineUpdater (StateMachineUpdater.java:stopAndJoin(164)) - s6@group-DA40570646C7-StateMachineUpdater: set stopIndex = -1
2024-10-09 04:30:06,391 INFO  impl.StateMachineUpdater (StateMachineUpdater.java:stop(141)) - s5@group-DA40570646C7-StateMachineUpdater: closing ArithmeticStateMachine, lastApplied=(t:0, i:~)
2024-10-09 04:30:06,391 INFO  impl.StateMachineUpdater (StateMachineUpdater.java:stop(141)) - s6@group-DA40570646C7-StateMachineUpdater: closing ArithmeticStateMachine, lastApplied=(t:0, i:~)
2024-10-09 04:30:06,392 INFO  impl.StateMachineUpdater (StateMachineUpdater.java:stop(141)) - s14@group-DA40570646C7-StateMachineUpdater: closing ArithmeticStateMachine, lastApplied=(t:0, i:~)
2024-10-09 04:30:06,403 INFO  logging.LoggingHandler (AbstractInternalLogger.java:log(148)) - [id: 0xd08e94f7, L:/0.0.0.0:15022] CLOSE
2024-10-09 04:30:06,403 INFO  logging.LoggingHandler (AbstractInternalLogger.java:log(148)) - [id: 0xd08e94f7, L:/0.0.0.0:15022] INACTIVE
2024-10-09 04:30:06,403 INFO  logging.LoggingHandler (AbstractInternalLogger.java:log(148)) - [id: 0xd08e94f7, L:/0.0.0.0:15022] UNREGISTERED
2024-10-09 04:30:06,403 INFO  server.RaftServer$Division (RaftServerImpl.java:lambda$close$1(511)) - s7@group-BDFE845AF3B0: shutdown
2024-10-09 04:30:06,403 INFO  util.JmxRegister (JmxRegister.java:unregister(74)) - Successfully un-registered JMX Bean with object name Ratis:service=RaftServer,group=group-BDFE845AF3B0,id=s7
2024-10-09 04:30:06,403 INFO  impl.RoleInfo (RoleInfo.java:shutdownFollowerState(121)) - s7: shutdown s7@group-BDFE845AF3B0-FollowerState
2024-10-09 04:30:06,404 INFO  logging.LoggingHandler (AbstractInternalLogger.java:log(148)) - [id: 0xb4864f75, L:/0.0.0.0:15020] CLOSE
2024-10-09 04:30:06,404 INFO  server.RaftServer$Division (RaftServerImpl.java:lambda$close$1(511)) - s5@group-BDFE845AF3B0: shutdown
2024-10-09 04:30:06,404 INFO  logging.LoggingHandler (AbstractInternalLogger.java:log(148)) - [id: 0xb4864f75, L:/0.0.0.0:15020] INACTIVE
2024-10-09 04:30:06,404 INFO  logging.LoggingHandler (AbstractInternalLogger.java:log(148)) - [id: 0xb4864f75, L:/0.0.0.0:15020] UNREGISTERED
2024-10-09 04:30:06,405 INFO  util.JmxRegister (JmxRegister.java:unregister(74)) - Successfully un-registered JMX Bean with object name Ratis:service=RaftServer,group=group-BDFE845AF3B0,id=s5
2024-10-09 04:30:06,405 INFO  impl.RoleInfo (RoleInfo.java:shutdownFollowerState(121)) - s5: shutdown s5@group-BDFE845AF3B0-FollowerState
2024-10-09 04:30:06,410 INFO  impl.StateMachineUpdater (StateMachineUpdater.java:stopAndJoin(164)) - s7@group-BDFE845AF3B0-StateMachineUpdater: set stopIndex = 251
2024-10-09 04:30:06,410 INFO  impl.FollowerState (FollowerState.java:runImpl(165)) - s7@group-BDFE845AF3B0-FollowerState was interrupted
2024-10-09 04:30:06,410 INFO  impl.StateMachineUpdater (StateMachineUpdater.java:stop(141)) - s7@group-BDFE845AF3B0-StateMachineUpdater: closing ArithmeticStateMachine, lastApplied=(t:1, i:251)
2024-10-09 04:30:06,418 INFO  util.AwaitToRun (AwaitToRun.java:run(49)) - s6@group-DA40570646C7-cacheEviction-AwaitToRun-AwaitForSignal is interrupted
2024-10-09 04:30:06,419 INFO  util.AwaitToRun (AwaitToRun.java:run(49)) - s5@group-DA40570646C7-cacheEviction-AwaitToRun-AwaitForSignal is interrupted
2024-10-09 04:30:06,419 INFO  util.AwaitToRun (AwaitToRun.java:run(49)) - s6@group-BDFE845AF3B0-cacheEviction-AwaitToRun-AwaitForSignal is interrupted
2024-10-09 04:30:06,419 INFO  util.AwaitToRun (AwaitToRun.java:run(49)) - s7@group-DA40570646C7-cacheEviction-AwaitToRun-AwaitForSignal is interrupted
2024-10-09 04:30:06,420 INFO  impl.FollowerState (FollowerState.java:shouldRun(122)) - s4@group-BDFE845AF3B0-FollowerState: Stopping now (isRunning? false, role = FOLLOWER)
2024-10-09 04:30:06,424 INFO  util.AwaitToRun (AwaitToRun.java:run(49)) - s12@group-DA40570646C7-cacheEviction-AwaitToRun-AwaitForSignal is interrupted
2024-10-09 04:30:06,424 INFO  impl.StateMachineUpdater (StateMachineUpdater.java:stopAndJoin(164)) - s0@group-DA40570646C7-StateMachineUpdater: set stopIndex = -1
2024-10-09 04:30:06,424 INFO  impl.StateMachineUpdater (StateMachineUpdater.java:stopAndJoin(164)) - s14@group-DA40570646C7-StateMachineUpdater: set stopIndex = -1
2024-10-09 04:30:06,424 INFO  util.AwaitToRun (AwaitToRun.java:run(49)) - s14@group-DA40570646C7-cacheEviction-AwaitToRun-AwaitForSignal is interrupted
2024-10-09 04:30:06,424 INFO  logging.LoggingHandler (AbstractInternalLogger.java:log(148)) - [id: 0xadcfcd76, L:/0.0.0.0:15015] CLOSE
2024-10-09 04:30:06,425 INFO  server.RaftServer$Division (RaftServerImpl.java:lambda$close$1(511)) - s0@group-BDFE845AF3B0: shutdown
2024-10-09 04:30:06,425 INFO  logging.LoggingHandler (AbstractInternalLogger.java:log(148)) - [id: 0xadcfcd76, L:/0.0.0.0:15015] INACTIVE
2024-10-09 04:30:06,425 INFO  util.JmxRegister (JmxRegister.java:unregister(74)) - Successfully un-registered JMX Bean with object name Ratis:service=RaftServer,group=group-BDFE845AF3B0,id=s0
2024-10-09 04:30:06,425 INFO  impl.RoleInfo (RoleInfo.java:shutdownFollowerState(121)) - s0: shutdown s0@group-BDFE845AF3B0-FollowerState
2024-10-09 04:30:06,425 INFO  logging.LoggingHandler (AbstractInternalLogger.java:log(148)) - [id: 0xadcfcd76, L:/0.0.0.0:15015] UNREGISTERED
2024-10-09 04:30:06,429 INFO  logging.LoggingHandler (AbstractInternalLogger.java:log(148)) - [id: 0xbcbaa10e, L:/0.0.0.0:15029] CLOSE
2024-10-09 04:30:06,429 INFO  server.RaftServer$Division (RaftServerImpl.java:lambda$close$1(511)) - s14@group-BDFE845AF3B0: shutdown
2024-10-09 04:30:06,429 INFO  logging.LoggingHandler (AbstractInternalLogger.java:log(148)) - [id: 0xbcbaa10e, L:/0.0.0.0:15029] INACTIVE
2024-10-09 04:30:06,430 INFO  logging.LoggingHandler (AbstractInternalLogger.java:log(148)) - [id: 0xbcbaa10e, L:/0.0.0.0:15029] UNREGISTERED
2024-10-09 04:30:06,429 INFO  util.JmxRegister (JmxRegister.java:unregister(74)) - Successfully un-registered JMX Bean with object name Ratis:service=RaftServer,group=group-BDFE845AF3B0,id=s14
2024-10-09 04:30:06,430 INFO  impl.RoleInfo (RoleInfo.java:shutdownFollowerState(121)) - s14: shutdown s14@group-BDFE845AF3B0-FollowerState
2024-10-09 04:30:06,430 INFO  server.RaftServer (RaftServerProxy.java:lambda$close$9(418)) - s1: close
2024-10-09 04:30:06,430 INFO  server.RaftServer$Division (RaftServerImpl.java:lambda$close$1(511)) - s1@group-DA40570646C7: shutdown
2024-10-09 04:30:06,430 INFO  util.JmxRegister (JmxRegister.java:unregister(74)) - Successfully un-registered JMX Bean with object name Ratis:service=RaftServer,group=group-DA40570646C7,id=s1
2024-10-09 04:30:06,430 INFO  impl.StateMachineUpdater (StateMachineUpdater.java:stopAndJoin(164)) - s1@group-DA40570646C7-StateMachineUpdater: set stopIndex = -1
2024-10-09 04:30:06,430 INFO  impl.StateMachineUpdater (StateMachineUpdater.java:stopAndJoin(164)) - s10@group-DA40570646C7-StateMachineUpdater: set stopIndex = -1
2024-10-09 04:30:06,430 INFO  logging.LoggingHandler (AbstractInternalLogger.java:log(148)) - [id: 0x9a9c3ada, L:/0.0.0.0:15027] CLOSE
2024-10-09 04:30:06,430 INFO  util.AwaitToRun (AwaitToRun.java:run(49)) - s11@group-DA40570646C7-cacheEviction-AwaitToRun-AwaitForSignal is interrupted
2024-10-09 04:30:06,430 INFO  logging.LoggingHandler (AbstractInternalLogger.java:log(148)) - [id: 0x9a9c3ada, L:/0.0.0.0:15027] INACTIVE
2024-10-09 04:30:06,430 INFO  impl.StateMachineUpdater (StateMachineUpdater.java:stop(141)) - s10@group-DA40570646C7-StateMachineUpdater: closing ArithmeticStateMachine, lastApplied=(t:0, i:~)
2024-10-09 04:30:06,430 INFO  impl.StateMachineUpdater (StateMachineUpdater.java:stop(141)) - s1@group-DA40570646C7-StateMachineUpdater: closing ArithmeticStateMachine, lastApplied=(t:0, i:~)
2024-10-09 04:30:06,430 INFO  logging.LoggingHandler (AbstractInternalLogger.java:log(148)) - [id: 0x8c4b54da, L:/0.0.0.0:15025] CLOSE
2024-10-09 04:30:06,431 INFO  logging.LoggingHandler (AbstractInternalLogger.java:log(148)) - [id: 0x8c4b54da, L:/0.0.0.0:15025] INACTIVE
2024-10-09 04:30:06,431 INFO  logging.LoggingHandler (AbstractInternalLogger.java:log(148)) - [id: 0x8c4b54da, L:/0.0.0.0:15025] UNREGISTERED
2024-10-09 04:30:06,430 INFO  server.RaftServer$Division (RaftServerImpl.java:lambda$close$1(511)) - s12@group-BDFE845AF3B0: shutdown
2024-10-09 04:30:06,430 INFO  util.AwaitToRun (AwaitToRun.java:run(49)) - s10@group-DA40570646C7-cacheEviction-AwaitToRun-AwaitForSignal is interrupted
2024-10-09 04:30:06,430 INFO  impl.StateMachineUpdater (StateMachineUpdater.java:stop(141)) - s13@group-DA40570646C7-StateMachineUpdater: closing ArithmeticStateMachine, lastApplied=(t:0, i:~)
2024-10-09 04:30:06,430 INFO  logging.LoggingHandler (AbstractInternalLogger.java:log(148)) - [id: 0x9a9c3ada, L:/0.0.0.0:15027] UNREGISTERED
2024-10-09 04:30:06,430 INFO  impl.StateMachineUpdater (StateMachineUpdater.java:stopAndJoin(164)) - s13@group-DA40570646C7-StateMachineUpdater: set stopIndex = -1
2024-10-09 04:30:06,431 INFO  util.JmxRegister (JmxRegister.java:unregister(74)) - Successfully un-registered JMX Bean with object name Ratis:service=RaftServer,group=group-BDFE845AF3B0,id=s12
2024-10-09 04:30:06,431 INFO  impl.RoleInfo (RoleInfo.java:shutdownFollowerState(121)) - s12: shutdown s12@group-BDFE845AF3B0-FollowerState
2024-10-09 04:30:06,431 INFO  server.RaftServer$Division (RaftServerImpl.java:lambda$close$1(511)) - s10@group-BDFE845AF3B0: shutdown
2024-10-09 04:30:06,432 INFO  util.JmxRegister (JmxRegister.java:unregister(74)) - Successfully un-registered JMX Bean with object name Ratis:service=RaftServer,group=group-BDFE845AF3B0,id=s10
2024-10-09 04:30:06,432 INFO  impl.RoleInfo (RoleInfo.java:shutdownFollowerState(121)) - s10: shutdown s10@group-BDFE845AF3B0-FollowerState
2024-10-09 04:30:06,432 INFO  impl.StateMachineUpdater (StateMachineUpdater.java:stopAndJoin(164)) - s8@group-DA40570646C7-StateMachineUpdater: set stopIndex = -1
2024-10-09 04:30:06,432 INFO  server.RaftServer$Division (RaftServerImpl.java:lambda$close$1(511)) - s13@group-BDFE845AF3B0: shutdown
2024-10-09 04:30:06,432 INFO  util.JmxRegister (JmxRegister.java:unregister(74)) - Successfully un-registered JMX Bean with object name Ratis:service=RaftServer,group=group-BDFE845AF3B0,id=s13
2024-10-09 04:30:06,432 INFO  impl.RoleInfo (RoleInfo.java:shutdownFollowerState(121)) - s13: shutdown s13@group-BDFE845AF3B0-FollowerState
2024-10-09 04:30:06,432 INFO  logging.LoggingHandler (AbstractInternalLogger.java:log(148)) - [id: 0xfb6ec67a, L:/0.0.0.0:15028] CLOSE
2024-10-09 04:30:06,432 INFO  logging.LoggingHandler (AbstractInternalLogger.java:log(148)) - [id: 0x1ca74bed, L:/0.0.0.0:15026] CLOSE
2024-10-09 04:30:06,432 INFO  logging.LoggingHandler (AbstractInternalLogger.java:log(148)) - [id: 0x1ca74bed, L:/0.0.0.0:15026] INACTIVE
2024-10-09 04:30:06,432 INFO  impl.StateMachineUpdater (StateMachineUpdater.java:stop(141)) - s4@group-BDFE845AF3B0-StateMachineUpdater: closing ArithmeticStateMachine, lastApplied=(t:1, i:251)
2024-10-09 04:30:06,432 INFO  impl.StateMachineUpdater (StateMachineUpdater.java:stop(141)) - s8@group-DA40570646C7-StateMachineUpdater: closing ArithmeticStateMachine, lastApplied=(t:0, i:~)
2024-10-09 04:30:06,432 INFO  impl.StateMachineUpdater (StateMachineUpdater.java:stopAndJoin(164)) - s4@group-BDFE845AF3B0-StateMachineUpdater: set stopIndex = 251
2024-10-09 04:30:06,432 INFO  server.RaftServer$Division (RaftServerImpl.java:lambda$close$1(511)) - s11@group-BDFE845AF3B0: shutdown
2024-10-09 04:30:06,432 INFO  logging.LoggingHandler (AbstractInternalLogger.java:log(148)) - [id: 0x1ca74bed, L:/0.0.0.0:15026] UNREGISTERED
2024-10-09 04:30:06,432 INFO  logging.LoggingHandler (AbstractInternalLogger.java:log(148)) - [id: 0xfb6ec67a, L:/0.0.0.0:15028] INACTIVE
2024-10-09 04:30:06,433 INFO  logging.LoggingHandler (AbstractInternalLogger.java:log(148)) - [id: 0xfb6ec67a, L:/0.0.0.0:15028] UNREGISTERED
2024-10-09 04:30:06,432 INFO  util.AwaitToRun (AwaitToRun.java:run(49)) - s4@group-BDFE845AF3B0-cacheEviction-AwaitToRun-AwaitForSignal is interrupted
2024-10-09 04:30:06,433 INFO  util.JmxRegister (JmxRegister.java:unregister(74)) - Successfully un-registered JMX Bean with object name Ratis:service=RaftServer,group=group-BDFE845AF3B0,id=s11
2024-10-09 04:30:06,434 INFO  impl.RoleInfo (RoleInfo.java:shutdownFollowerState(121)) - s11: shutdown s11@group-BDFE845AF3B0-FollowerState
2024-10-09 04:30:06,443 INFO  impl.StateMachineUpdater (StateMachineUpdater.java:stopAndJoin(164)) - s9@group-DA40570646C7-StateMachineUpdater: set stopIndex = -1
2024-10-09 04:30:06,443 INFO  impl.StateMachineUpdater (StateMachineUpdater.java:stop(141)) - s9@group-DA40570646C7-StateMachineUpdater: closing ArithmeticStateMachine, lastApplied=(t:0, i:~)
2024-10-09 04:30:06,443 INFO  util.AwaitToRun (AwaitToRun.java:run(49)) - s3@group-DA40570646C7-cacheEviction-AwaitToRun-AwaitForSignal is interrupted
2024-10-09 04:30:06,443 INFO  logging.LoggingHandler (AbstractInternalLogger.java:log(148)) - [id: 0xdcaa3c53, L:/0.0.0.0:15024] CLOSE
2024-10-09 04:30:06,443 INFO  logging.LoggingHandler (AbstractInternalLogger.java:log(148)) - [id: 0xdcaa3c53, L:/0.0.0.0:15024] INACTIVE
2024-10-09 04:30:06,443 INFO  logging.LoggingHandler (AbstractInternalLogger.java:log(148)) - [id: 0xdcaa3c53, L:/0.0.0.0:15024] UNREGISTERED
2024-10-09 04:30:06,443 INFO  server.RaftServer$Division (RaftServerImpl.java:lambda$close$1(511)) - s9@group-BDFE845AF3B0: shutdown
2024-10-09 04:30:06,444 INFO  util.JmxRegister (JmxRegister.java:unregister(74)) - Successfully un-registered JMX Bean with object name Ratis:service=RaftServer,group=group-BDFE845AF3B0,id=s9
2024-10-09 04:30:06,444 INFO  impl.RoleInfo (RoleInfo.java:shutdownLeaderState(103)) - s9: shutdown s9@group-BDFE845AF3B0-LeaderStateImpl
2024-10-09 04:30:06,447 INFO  logging.LoggingHandler (AbstractInternalLogger.java:log(148)) - [id: 0x234b1ce4, L:/0.0.0.0:15023] CLOSE
2024-10-09 04:30:06,447 INFO  impl.StateMachineUpdater (StateMachineUpdater.java:stop(141)) - s3@group-BDFE845AF3B0-StateMachineUpdater: closing ArithmeticStateMachine, lastApplied=(t:1, i:251)
2024-10-09 04:30:06,447 INFO  impl.FollowerState (FollowerState.java:runImpl(165)) - s3@group-BDFE845AF3B0-FollowerState was interrupted
2024-10-09 04:30:06,447 INFO  impl.StateMachineUpdater (StateMachineUpdater.java:stopAndJoin(164)) - s3@group-BDFE845AF3B0-StateMachineUpdater: set stopIndex = 251
2024-10-09 04:30:06,448 INFO  server.RaftServer$Division (RaftServerImpl.java:lambda$close$1(511)) - s8@group-BDFE845AF3B0: shutdown
2024-10-09 04:30:06,447 INFO  logging.LoggingHandler (AbstractInternalLogger.java:log(148)) - [id: 0x234b1ce4, L:/0.0.0.0:15023] INACTIVE
2024-10-09 04:30:06,448 INFO  logging.LoggingHandler (AbstractInternalLogger.java:log(148)) - [id: 0x234b1ce4, L:/0.0.0.0:15023] UNREGISTERED
2024-10-09 04:30:06,448 INFO  util.JmxRegister (JmxRegister.java:unregister(74)) - Successfully un-registered JMX Bean with object name Ratis:service=RaftServer,group=group-BDFE845AF3B0,id=s8
2024-10-09 04:30:06,448 INFO  impl.RoleInfo (RoleInfo.java:shutdownFollowerState(121)) - s8: shutdown s8@group-BDFE845AF3B0-FollowerState
2024-10-09 04:30:06,456 INFO  leader.LogAppenderDaemon (LogAppenderDaemon.java:run(85)) - s9@group-BDFE845AF3B0->s7-LogAppenderDefault-LogAppenderDaemon was interrupted: java.lang.InterruptedException
2024-10-09 04:30:06,458 INFO  util.AwaitToRun (AwaitToRun.java:run(49)) - s9@group-DA40570646C7-cacheEviction-AwaitToRun-AwaitForSignal is interrupted
2024-10-09 04:30:06,459 INFO  impl.StateMachineUpdater (StateMachineUpdater.java:stopAndJoin(164)) - s11@group-BDFE845AF3B0-StateMachineUpdater: set stopIndex = 251
2024-10-09 04:30:06,459 INFO  impl.FollowerState (FollowerState.java:runImpl(165)) - s11@group-BDFE845AF3B0-FollowerState was interrupted
2024-10-09 04:30:06,459 INFO  impl.StateMachineUpdater (StateMachineUpdater.java:stop(141)) - s11@group-BDFE845AF3B0-StateMachineUpdater: closing ArithmeticStateMachine, lastApplied=(t:1, i:251)
2024-10-09 04:30:06,460 INFO  util.AwaitToRun (AwaitToRun.java:run(49)) - s8@group-DA40570646C7-cacheEviction-AwaitToRun-AwaitForSignal is interrupted
2024-10-09 04:30:06,460 INFO  util.AwaitToRun (AwaitToRun.java:run(49)) - s11@group-BDFE845AF3B0-cacheEviction-AwaitToRun-AwaitForSignal is interrupted
2024-10-09 04:30:06,463 INFO  impl.StateMachineUpdater (StateMachineUpdater.java:stopAndJoin(164)) - s13@group-BDFE845AF3B0-StateMachineUpdater: set stopIndex = 251
2024-10-09 04:30:06,463 INFO  impl.FollowerState (FollowerState.java:runImpl(165)) - s13@group-BDFE845AF3B0-FollowerState was interrupted
2024-10-09 04:30:06,463 INFO  impl.FollowerState (FollowerState.java:runImpl(165)) - s10@group-BDFE845AF3B0-FollowerState was interrupted
2024-10-09 04:30:06,463 INFO  impl.StateMachineUpdater (StateMachineUpdater.java:stop(141)) - s13@group-BDFE845AF3B0-StateMachineUpdater: closing ArithmeticStateMachine, lastApplied=(t:1, i:251)
2024-10-09 04:30:06,464 INFO  impl.StateMachineUpdater (StateMachineUpdater.java:stop(141)) - s10@group-BDFE845AF3B0-StateMachineUpdater: closing ArithmeticStateMachine, lastApplied=(t:1, i:251)
2024-10-09 04:30:06,464 INFO  impl.FollowerState (FollowerState.java:runImpl(165)) - s12@group-BDFE845AF3B0-FollowerState was interrupted
2024-10-09 04:30:06,463 INFO  impl.StateMachineUpdater (StateMachineUpdater.java:stopAndJoin(164)) - s10@group-BDFE845AF3B0-StateMachineUpdater: set stopIndex = 251
2024-10-09 04:30:06,464 INFO  util.AwaitToRun (AwaitToRun.java:run(49)) - s13@group-DA40570646C7-cacheEviction-AwaitToRun-AwaitForSignal is interrupted
2024-10-09 04:30:06,464 INFO  impl.StateMachineUpdater (StateMachineUpdater.java:stop(141)) - s12@group-BDFE845AF3B0-StateMachineUpdater: closing ArithmeticStateMachine, lastApplied=(t:1, i:251)
2024-10-09 04:30:06,464 INFO  impl.StateMachineUpdater (StateMachineUpdater.java:stopAndJoin(164)) - s12@group-BDFE845AF3B0-StateMachineUpdater: set stopIndex = 251
2024-10-09 04:30:06,468 INFO  util.AwaitToRun (AwaitToRun.java:run(49)) - s1@group-DA40570646C7-cacheEviction-AwaitToRun-AwaitForSignal is interrupted
2024-10-09 04:30:06,471 INFO  logging.LoggingHandler (AbstractInternalLogger.java:log(148)) - [id: 0x6adfe881, L:/0.0.0.0:15016] CLOSE
2024-10-09 04:30:06,471 INFO  logging.LoggingHandler (AbstractInternalLogger.java:log(148)) - [id: 0x6adfe881, L:/0.0.0.0:15016] INACTIVE
2024-10-09 04:30:06,471 INFO  logging.LoggingHandler (AbstractInternalLogger.java:log(148)) - [id: 0x6adfe881, L:/0.0.0.0:15016] UNREGISTERED
2024-10-09 04:30:06,477 INFO  impl.StateMachineUpdater (StateMachineUpdater.java:stopAndJoin(164)) - s14@group-BDFE845AF3B0-StateMachineUpdater: set stopIndex = 251
2024-10-09 04:30:06,477 INFO  impl.FollowerState (FollowerState.java:runImpl(165)) - s14@group-BDFE845AF3B0-FollowerState was interrupted
2024-10-09 04:30:06,477 INFO  impl.StateMachineUpdater (StateMachineUpdater.java:stop(141)) - s14@group-BDFE845AF3B0-StateMachineUpdater: closing ArithmeticStateMachine, lastApplied=(t:1, i:251)
2024-10-09 04:30:06,477 INFO  server.RaftServer (RaftServerProxy.java:lambda$close$9(418)) - s2: close
2024-10-09 04:30:06,478 INFO  server.RaftServer$Division (RaftServerImpl.java:lambda$close$1(511)) - s2@group-DA40570646C7: shutdown
2024-10-09 04:30:06,478 INFO  util.JmxRegister (JmxRegister.java:unregister(74)) - Successfully un-registered JMX Bean with object name Ratis:service=RaftServer,group=group-DA40570646C7,id=s2
2024-10-09 04:30:06,482 INFO  server.RaftServer$Division (RaftServerImpl.java:lambda$close$1(511)) - s1@group-BDFE845AF3B0: shutdown
2024-10-09 04:30:06,482 INFO  util.JmxRegister (JmxRegister.java:unregister(74)) - Successfully un-registered JMX Bean with object name Ratis:service=RaftServer,group=group-BDFE845AF3B0,id=s1
2024-10-09 04:30:06,482 INFO  impl.RoleInfo (RoleInfo.java:shutdownFollowerState(121)) - s1: shutdown s1@group-BDFE845AF3B0-FollowerState
2024-10-09 04:30:06,487 INFO  impl.StateMachineUpdater (StateMachineUpdater.java:stopAndJoin(164)) - s0@group-BDFE845AF3B0-StateMachineUpdater: set stopIndex = 251
2024-10-09 04:30:06,487 INFO  impl.StateMachineUpdater (StateMachineUpdater.java:stop(141)) - s0@group-BDFE845AF3B0-StateMachineUpdater: closing ArithmeticStateMachine, lastApplied=(t:1, i:251)
2024-10-09 04:30:06,487 INFO  impl.FollowerState (FollowerState.java:runImpl(165)) - s0@group-BDFE845AF3B0-FollowerState was interrupted
2024-10-09 04:30:06,488 INFO  util.AwaitToRun (AwaitToRun.java:run(49)) - s0@group-DA40570646C7-cacheEviction-AwaitToRun-AwaitForSignal is interrupted
2024-10-09 04:30:06,498 INFO  util.AwaitToRun (AwaitToRun.java:run(49)) - s7@group-BDFE845AF3B0-cacheEviction-AwaitToRun-AwaitForSignal is interrupted
2024-10-09 04:30:06,503 INFO  impl.StateMachineUpdater (StateMachineUpdater.java:stopAndJoin(164)) - s5@group-BDFE845AF3B0-StateMachineUpdater: set stopIndex = 251
2024-10-09 04:30:06,503 INFO  impl.FollowerState (FollowerState.java:runImpl(165)) - s5@group-BDFE845AF3B0-FollowerState was interrupted
2024-10-09 04:30:06,503 INFO  impl.StateMachineUpdater (StateMachineUpdater.java:stop(141)) - s5@group-BDFE845AF3B0-StateMachineUpdater: closing ArithmeticStateMachine, lastApplied=(t:1, i:251)
2024-10-09 04:30:06,503 INFO  util.AwaitToRun (AwaitToRun.java:run(49)) - s5@group-BDFE845AF3B0-cacheEviction-AwaitToRun-AwaitForSignal is interrupted
2024-10-09 04:30:06,511 INFO  impl.StateMachineUpdater (StateMachineUpdater.java:stop(141)) - s2@group-DA40570646C7-StateMachineUpdater: closing ArithmeticStateMachine, lastApplied=(t:0, i:~)
2024-10-09 04:30:06,514 INFO  util.AwaitToRun (AwaitToRun.java:run(49)) - s0@group-BDFE845AF3B0-cacheEviction-AwaitToRun-AwaitForSignal is interrupted
2024-10-09 04:30:06,519 INFO  impl.StateMachineUpdater (StateMachineUpdater.java:stopAndJoin(164)) - s1@group-BDFE845AF3B0-StateMachineUpdater: set stopIndex = 251
2024-10-09 04:30:06,519 INFO  impl.FollowerState (FollowerState.java:runImpl(165)) - s1@group-BDFE845AF3B0-FollowerState was interrupted
2024-10-09 04:30:06,520 WARN  leader.LogAppender (LogAppenderDefault.java:sendAppendEntriesWithRetries(94)) - s9@group-BDFE845AF3B0->s4-LogAppenderDefault: Failed to appendEntries (retry=1)
org.apache.ratis.thirdparty.io.netty.channel.StacklessClosedChannelException
	at org.apache.ratis.thirdparty.io.netty.channel.AbstractChannel$AbstractUnsafe.write(Object, ChannelPromise)(Unknown Source)
2024-10-09 04:30:06,547 INFO  leader.LogAppenderDaemon (LogAppenderDaemon.java:run(85)) - s9@group-BDFE845AF3B0->s2-LogAppenderDefault-LogAppenderDaemon was interrupted: java.lang.InterruptedException
2024-10-09 04:30:06,547 INFO  impl.PendingRequests (PendingRequests.java:sendNotLeaderResponses(287)) - s9@group-BDFE845AF3B0-PendingRequests: sendNotLeaderResponses
2024-10-09 04:30:06,540 INFO  impl.StateMachineUpdater (StateMachineUpdater.java:stop(141)) - s8@group-BDFE845AF3B0-StateMachineUpdater: closing ArithmeticStateMachine, lastApplied=(t:1, i:251)
2024-10-09 04:30:06,540 INFO  util.AwaitToRun (AwaitToRun.java:run(49)) - s3@group-BDFE845AF3B0-cacheEviction-AwaitToRun-AwaitForSignal is interrupted
2024-10-09 04:30:06,540 INFO  impl.FollowerState (FollowerState.java:runImpl(165)) - s8@group-BDFE845AF3B0-FollowerState was interrupted
2024-10-09 04:30:06,540 INFO  impl.StateMachineUpdater (StateMachineUpdater.java:stopAndJoin(164)) - s8@group-BDFE845AF3B0-StateMachineUpdater: set stopIndex = 251
2024-10-09 04:30:06,533 WARN  leader.LogAppender (LogAppenderDefault.java:sendAppendEntriesWithRetries(94)) - s9@group-BDFE845AF3B0->s11-LogAppenderDefault: Failed to appendEntries (retry=1)
java.io.IOException: Connection to s11|0.0.0.0:15026 is closed.
	at org.apache.ratis.netty.NettyRpcProxy$Connection.close(NettyRpcProxy.java:157)
	at org.apache.ratis.netty.NettyRpcProxy.close(NettyRpcProxy.java:176)
	at org.apache.ratis.util.PeerProxyMap.closeProxy(PeerProxyMap.java:198)
	at org.apache.ratis.util.PeerProxyMap.lambda$null$4(PeerProxyMap.java:180)
	at java.util.Optional.map(Optional.java:215)
	at org.apache.ratis.util.PeerProxyMap.lambda$close$5(PeerProxyMap.java:180)
	at org.apache.ratis.util.ConcurrentUtils.accept(ConcurrentUtils.java:203)
	at org.apache.ratis.util.ConcurrentUtils.lambda$null$4(ConcurrentUtils.java:182)
	at java.lang.Thread.run(Thread.java:750)
2024-10-09 04:30:06,533 WARN  leader.LogAppender (LogAppenderDefault.java:sendAppendEntriesWithRetries(94)) - s9@group-BDFE845AF3B0->s14-LogAppenderDefault: Failed to appendEntries (retry=1)
java.io.IOException: Connection to s14|0.0.0.0:15029 is closed.
	at org.apache.ratis.netty.NettyRpcProxy$Connection.close(NettyRpcProxy.java:157)
	at org.apache.ratis.netty.NettyRpcProxy.close(NettyRpcProxy.java:176)
	at org.apache.ratis.util.PeerProxyMap.closeProxy(PeerProxyMap.java:198)
	at org.apache.ratis.util.PeerProxyMap.lambda$null$4(PeerProxyMap.java:180)
	at java.util.Optional.map(Optional.java:215)
	at org.apache.ratis.util.PeerProxyMap.lambda$close$5(PeerProxyMap.java:180)
	at org.apache.ratis.util.ConcurrentUtils.accept(ConcurrentUtils.java:203)
	at org.apache.ratis.util.ConcurrentUtils.lambda$null$4(ConcurrentUtils.java:182)
	at java.lang.Thread.run(Thread.java:750)
2024-10-09 04:30:06,527 INFO  util.AwaitToRun (AwaitToRun.java:run(49)) - s10@group-BDFE845AF3B0-cacheEviction-AwaitToRun-AwaitForSignal is interrupted
2024-10-09 04:30:06,527 INFO  util.AwaitToRun (AwaitToRun.java:run(49)) - s13@group-BDFE845AF3B0-cacheEviction-AwaitToRun-AwaitForSignal is interrupted
2024-10-09 04:30:06,527 INFO  util.AwaitToRun (AwaitToRun.java:run(49)) - s12@group-BDFE845AF3B0-cacheEviction-AwaitToRun-AwaitForSignal is interrupted
2024-10-09 04:30:06,523 INFO  server.RaftServer$Division (RaftServerImpl.java:lambda$close$1(511)) - s2@group-BDFE845AF3B0: shutdown
2024-10-09 04:30:06,522 INFO  util.AwaitToRun (AwaitToRun.java:run(49)) - s14@group-BDFE845AF3B0-cacheEviction-AwaitToRun-AwaitForSignal is interrupted
2024-10-09 04:30:06,522 INFO  logging.LoggingHandler (AbstractInternalLogger.java:log(148)) - [id: 0x3e38b2f8, L:/0.0.0.0:15017] CLOSE
2024-10-09 04:30:06,522 INFO  impl.StateMachineUpdater (StateMachineUpdater.java:stopAndJoin(164)) - s2@group-DA40570646C7-StateMachineUpdater: set stopIndex = -1
2024-10-09 04:30:06,577 INFO  logging.LoggingHandler (AbstractInternalLogger.java:log(148)) - [id: 0x3e38b2f8, L:/0.0.0.0:15017] INACTIVE
2024-10-09 04:30:06,577 INFO  logging.LoggingHandler (AbstractInternalLogger.java:log(148)) - [id: 0x3e38b2f8, L:/0.0.0.0:15017] UNREGISTERED
2024-10-09 04:30:06,521 WARN  leader.LogAppender (LogAppenderDefault.java:sendAppendEntriesWithRetries(94)) - s9@group-BDFE845AF3B0->s3-LogAppenderDefault: Failed to appendEntries (retry=1)
org.apache.ratis.thirdparty.io.netty.channel.StacklessClosedChannelException
	at org.apache.ratis.thirdparty.io.netty.channel.AbstractChannel$AbstractUnsafe.write(Object, ChannelPromise)(Unknown Source)
2024-10-09 04:30:06,521 WARN  leader.LogAppender (LogAppenderDefault.java:sendAppendEntriesWithRetries(94)) - s9@group-BDFE845AF3B0->s12-LogAppenderDefault: Failed to appendEntries (retry=1)
org.apache.ratis.thirdparty.io.netty.channel.StacklessClosedChannelException
	at org.apache.ratis.thirdparty.io.netty.channel.AbstractChannel$AbstractUnsafe.write(Object, ChannelPromise)(Unknown Source)
2024-10-09 04:30:06,521 ERROR server.RaftServer$Division (RaftServerImpl.java:appendEntriesAsync(1514)) - s11@group-BDFE845AF3B0: Failed appendEntries* s9->s11#8877-t1,previous=(t:1, i:252),leaderCommit=252,initializing? false,HEARTBEAT
org.apache.ratis.protocol.exceptions.ServerNotReadyException: s11@group-BDFE845AF3B0 is not in [STARTING, RUNNING]: current state is CLOSING
	at org.apache.ratis.server.impl.RaftServerImpl.lambda$assertLifeCycleState$7(RaftServerImpl.java:787)
	at org.apache.ratis.util.LifeCycle.assertCurrentState(LifeCycle.java:260)
	at org.apache.ratis.server.impl.RaftServerImpl.assertLifeCycleState(RaftServerImpl.java:786)
	at org.apache.ratis.server.impl.RaftServerImpl.appendEntriesAsync(RaftServerImpl.java:1505)
	at org.apache.ratis.server.impl.RaftServerImpl.appendEntries(RaftServerImpl.java:1487)
	at org.apache.ratis.server.impl.RaftServerProxy.appendEntries(RaftServerProxy.java:670)
	at org.apache.ratis.netty.server.NettyRpcService.handle(NettyRpcService.java:234)
	at org.apache.ratis.netty.server.NettyRpcService$InboundHandler.channelRead0(NettyRpcService.java:94)
	at org.apache.ratis.netty.server.NettyRpcService$InboundHandler.channelRead0(NettyRpcService.java:90)
	at org.apache.ratis.thirdparty.io.netty.channel.SimpleChannelInboundHandler.channelRead(SimpleChannelInboundHandler.java:99)
	at org.apache.ratis.thirdparty.io.netty.channel.AbstractChannelHandlerContext.invokeChannelRead(AbstractChannelHandlerContext.java:444)
	at org.apache.ratis.thirdparty.io.netty.channel.AbstractChannelHandlerContext.invokeChannelRead(AbstractChannelHandlerContext.java:420)
	at org.apache.ratis.thirdparty.io.netty.channel.AbstractChannelHandlerContext.fireChannelRead(AbstractChannelHandlerContext.java:412)
	at org.apache.ratis.thirdparty.io.netty.handler.codec.MessageToMessageDecoder.channelRead(MessageToMessageDecoder.java:103)
	at org.apache.ratis.thirdparty.io.netty.channel.AbstractChannelHandlerContext.invokeChannelRead(AbstractChannelHandlerContext.java:444)
	at org.apache.ratis.thirdparty.io.netty.channel.AbstractChannelHandlerContext.invokeChannelRead(AbstractChannelHandlerContext.java:420)
	at org.apache.ratis.thirdparty.io.netty.channel.AbstractChannelHandlerContext.fireChannelRead(AbstractChannelHandlerContext.java:412)
	at org.apache.ratis.thirdparty.io.netty.handler.codec.ByteToMessageDecoder.fireChannelRead(ByteToMessageDecoder.java:346)
	at org.apache.ratis.thirdparty.io.netty.handler.codec.ByteToMessageDecoder.channelRead(ByteToMessageDecoder.java:318)
	at org.apache.ratis.thirdparty.io.netty.channel.AbstractChannelHandlerContext.invokeChannelRead(AbstractChannelHandlerContext.java:444)
	at org.apache.ratis.thirdparty.io.netty.channel.AbstractChannelHandlerContext.invokeChannelRead(AbstractChannelHandlerContext.java:420)
	at org.apache.ratis.thirdparty.io.netty.channel.AbstractChannelHandlerContext.fireChannelRead(AbstractChannelHandlerContext.java:412)
	at org.apache.ratis.thirdparty.io.netty.channel.DefaultChannelPipeline$HeadContext.channelRead(DefaultChannelPipeline.java:1410)
	at org.apache.ratis.thirdparty.io.netty.channel.AbstractChannelHandlerContext.invokeChannelRead(AbstractChannelHandlerContext.java:440)
	at org.apache.ratis.thirdparty.io.netty.channel.AbstractChannelHandlerContext.invokeChannelRead(AbstractChannelHandlerContext.java:420)
	at org.apache.ratis.thirdparty.io.netty.channel.DefaultChannelPipeline.fireChannelRead(DefaultChannelPipeline.java:919)
	at org.apache.ratis.thirdparty.io.netty.channel.epoll.AbstractEpollStreamChannel$EpollStreamUnsafe.epollInReady(AbstractEpollStreamChannel.java:801)
	at org.apache.ratis.thirdparty.io.netty.channel.epoll.EpollEventLoop.processReady(EpollEventLoop.java:501)
	at org.apache.ratis.thirdparty.io.netty.channel.epoll.EpollEventLoop.run(EpollEventLoop.java:399)
	at org.apache.ratis.thirdparty.io.netty.util.concurrent.SingleThreadEventExecutor$4.run(SingleThreadEventExecutor.java:997)
	at org.apache.ratis.thirdparty.io.netty.util.internal.ThreadExecutorMap$2.run(ThreadExecutorMap.java:74)
	at java.lang.Thread.run(Thread.java:750)
2024-10-09 04:30:06,521 ERROR server.RaftServer$Division (RaftServerImpl.java:appendEntriesAsync(1514)) - s14@group-BDFE845AF3B0: Failed appendEntries* s9->s14#8885-t1,previous=(t:1, i:252),leaderCommit=252,initializing? false,HEARTBEAT
org.apache.ratis.protocol.exceptions.ServerNotReadyException: s14@group-BDFE845AF3B0 is not in [STARTING, RUNNING]: current state is CLOSING
	at org.apache.ratis.server.impl.RaftServerImpl.lambda$assertLifeCycleState$7(RaftServerImpl.java:787)
	at org.apache.ratis.util.LifeCycle.assertCurrentState(LifeCycle.java:260)
	at org.apache.ratis.server.impl.RaftServerImpl.assertLifeCycleState(RaftServerImpl.java:786)
	at org.apache.ratis.server.impl.RaftServerImpl.appendEntriesAsync(RaftServerImpl.java:1505)
	at org.apache.ratis.server.impl.RaftServerImpl.appendEntries(RaftServerImpl.java:1487)
	at org.apache.ratis.server.impl.RaftServerProxy.appendEntries(RaftServerProxy.java:670)
	at org.apache.ratis.netty.server.NettyRpcService.handle(NettyRpcService.java:234)
	at org.apache.ratis.netty.server.NettyRpcService$InboundHandler.channelRead0(NettyRpcService.java:94)
	at org.apache.ratis.netty.server.NettyRpcService$InboundHandler.channelRead0(NettyRpcService.java:90)
	at org.apache.ratis.thirdparty.io.netty.channel.SimpleChannelInboundHandler.channelRead(SimpleChannelInboundHandler.java:99)
	at org.apache.ratis.thirdparty.io.netty.channel.AbstractChannelHandlerContext.invokeChannelRead(AbstractChannelHandlerContext.java:444)
	at org.apache.ratis.thirdparty.io.netty.channel.AbstractChannelHandlerContext.invokeChannelRead(AbstractChannelHandlerContext.java:420)
	at org.apache.ratis.thirdparty.io.netty.channel.AbstractChannelHandlerContext.fireChannelRead(AbstractChannelHandlerContext.java:412)
	at org.apache.ratis.thirdparty.io.netty.handler.codec.MessageToMessageDecoder.channelRead(MessageToMessageDecoder.java:103)
	at org.apache.ratis.thirdparty.io.netty.channel.AbstractChannelHandlerContext.invokeChannelRead(AbstractChannelHandlerContext.java:444)
	at org.apache.ratis.thirdparty.io.netty.channel.AbstractChannelHandlerContext.invokeChannelRead(AbstractChannelHandlerContext.java:420)
	at org.apache.ratis.thirdparty.io.netty.channel.AbstractChannelHandlerContext.fireChannelRead(AbstractChannelHandlerContext.java:412)
	at org.apache.ratis.thirdparty.io.netty.handler.codec.ByteToMessageDecoder.fireChannelRead(ByteToMessageDecoder.java:346)
	at org.apache.ratis.thirdparty.io.netty.handler.codec.ByteToMessageDecoder.channelRead(ByteToMessageDecoder.java:318)
	at org.apache.ratis.thirdparty.io.netty.channel.AbstractChannelHandlerContext.invokeChannelRead(AbstractChannelHandlerContext.java:444)
	at org.apache.ratis.thirdparty.io.netty.channel.AbstractChannelHandlerContext.invokeChannelRead(AbstractChannelHandlerContext.java:420)
	at org.apache.ratis.thirdparty.io.netty.channel.AbstractChannelHandlerContext.fireChannelRead(AbstractChannelHandlerContext.java:412)
	at org.apache.ratis.thirdparty.io.netty.channel.DefaultChannelPipeline$HeadContext.channelRead(DefaultChannelPipeline.java:1410)
	at org.apache.ratis.thirdparty.io.netty.channel.AbstractChannelHandlerContext.invokeChannelRead(AbstractChannelHandlerContext.java:440)
	at org.apache.ratis.thirdparty.io.netty.channel.AbstractChannelHandlerContext.invokeChannelRead(AbstractChannelHandlerContext.java:420)
	at org.apache.ratis.thirdparty.io.netty.channel.DefaultChannelPipeline.fireChannelRead(DefaultChannelPipeline.java:919)
	at org.apache.ratis.thirdparty.io.netty.channel.epoll.AbstractEpollStreamChannel$EpollStreamUnsafe.epollInReady(AbstractEpollStreamChannel.java:801)
	at org.apache.ratis.thirdparty.io.netty.channel.epoll.EpollEventLoop.processReady(EpollEventLoop.java:501)
	at org.apache.ratis.thirdparty.io.netty.channel.epoll.EpollEventLoop.run(EpollEventLoop.java:399)
	at org.apache.ratis.thirdparty.io.netty.util.concurrent.SingleThreadEventExecutor$4.run(SingleThreadEventExecutor.java:997)
	at org.apache.ratis.thirdparty.io.netty.util.internal.ThreadExecutorMap$2.run(ThreadExecutorMap.java:74)
	at java.lang.Thread.run(Thread.java:750)
2024-10-09 04:30:06,521 WARN  leader.LogAppender (LogAppenderDefault.java:sendAppendEntriesWithRetries(94)) - s9@group-BDFE845AF3B0->s10-LogAppenderDefault: Failed to appendEntries (retry=1)
org.apache.ratis.thirdparty.io.netty.channel.StacklessClosedChannelException
	at org.apache.ratis.thirdparty.io.netty.channel.AbstractChannel$AbstractUnsafe.write(Object, ChannelPromise)(Unknown Source)
2024-10-09 04:30:06,520 WARN  leader.LogAppender (LogAppenderDefault.java:sendAppendEntriesWithRetries(94)) - s9@group-BDFE845AF3B0->s6-LogAppenderDefault: Failed to appendEntries (retry=1)
org.apache.ratis.thirdparty.io.netty.channel.StacklessClosedChannelException
	at org.apache.ratis.thirdparty.io.netty.channel.AbstractChannel$AbstractUnsafe.write(Object, ChannelPromise)(Unknown Source)
2024-10-09 04:30:06,520 WARN  leader.LogAppender (LogAppenderDefault.java:sendAppendEntriesWithRetries(94)) - s9@group-BDFE845AF3B0->s1-LogAppenderDefault: Failed to appendEntries (retry=1)
org.apache.ratis.thirdparty.io.netty.channel.StacklessClosedChannelException
	at org.apache.ratis.thirdparty.io.netty.channel.AbstractChannel$AbstractUnsafe.write(Object, ChannelPromise)(Unknown Source)
2024-10-09 04:30:06,520 WARN  leader.LogAppender (LogAppenderDefault.java:sendAppendEntriesWithRetries(94)) - s9@group-BDFE845AF3B0->s13-LogAppenderDefault: Failed to appendEntries (retry=1)
org.apache.ratis.thirdparty.io.netty.channel.StacklessClosedChannelException
	at org.apache.ratis.thirdparty.io.netty.channel.AbstractChannel$AbstractUnsafe.write(Object, ChannelPromise)(Unknown Source)
2024-10-09 04:30:06,520 WARN  leader.LogAppender (LogAppenderDefault.java:sendAppendEntriesWithRetries(94)) - s9@group-BDFE845AF3B0->s0-LogAppenderDefault: Failed to appendEntries (retry=1)
org.apache.ratis.thirdparty.io.netty.channel.StacklessClosedChannelException
	at org.apache.ratis.thirdparty.io.netty.channel.AbstractChannel$AbstractUnsafe.write(Object, ChannelPromise)(Unknown Source)
2024-10-09 04:30:06,520 INFO  impl.StateMachineUpdater (StateMachineUpdater.java:stop(141)) - s1@group-BDFE845AF3B0-StateMachineUpdater: closing ArithmeticStateMachine, lastApplied=(t:1, i:251)
2024-10-09 04:30:06,520 WARN  leader.LogAppender (LogAppenderDefault.java:sendAppendEntriesWithRetries(94)) - s9@group-BDFE845AF3B0->s5-LogAppenderDefault: Failed to appendEntries (retry=1)
org.apache.ratis.thirdparty.io.netty.channel.StacklessClosedChannelException
	at org.apache.ratis.thirdparty.io.netty.channel.AbstractChannel$AbstractUnsafe.write(Object, ChannelPromise)(Unknown Source)
2024-10-09 04:30:06,583 INFO  util.AwaitToRun (AwaitToRun.java:run(49)) - s2@group-DA40570646C7-cacheEviction-AwaitToRun-AwaitForSignal is interrupted
2024-10-09 04:30:06,624 INFO  impl.StateMachineUpdater (StateMachineUpdater.java:stopAndJoin(164)) - s9@group-BDFE845AF3B0-StateMachineUpdater: set stopIndex = 252
2024-10-09 04:30:06,624 INFO  impl.StateMachineUpdater (StateMachineUpdater.java:stop(141)) - s9@group-BDFE845AF3B0-StateMachineUpdater: closing ArithmeticStateMachine, lastApplied=(t:1, i:252)
2024-10-09 04:30:06,577 INFO  util.JmxRegister (JmxRegister.java:unregister(74)) - Successfully un-registered JMX Bean with object name Ratis:service=RaftServer,group=group-BDFE845AF3B0,id=s2
2024-10-09 04:30:06,575 INFO  util.AwaitToRun (AwaitToRun.java:run(49)) - s8@group-BDFE845AF3B0-cacheEviction-AwaitToRun-AwaitForSignal is interrupted
2024-10-09 04:30:06,625 INFO  util.AwaitToRun (AwaitToRun.java:run(49)) - s9@group-BDFE845AF3B0-cacheEviction-AwaitToRun-AwaitForSignal is interrupted
2024-10-09 04:30:06,625 INFO  util.AwaitToRun (AwaitToRun.java:run(49)) - s1@group-BDFE845AF3B0-cacheEviction-AwaitToRun-AwaitForSignal is interrupted
2024-10-09 04:30:06,624 INFO  impl.RoleInfo (RoleInfo.java:shutdownFollowerState(121)) - s2: shutdown s2@group-BDFE845AF3B0-FollowerState
2024-10-09 04:30:06,625 INFO  impl.StateMachineUpdater (StateMachineUpdater.java:stopAndJoin(164)) - s2@group-BDFE845AF3B0-StateMachineUpdater: set stopIndex = 252
2024-10-09 04:30:06,625 INFO  impl.FollowerState (FollowerState.java:runImpl(165)) - s2@group-BDFE845AF3B0-FollowerState was interrupted
2024-10-09 04:30:06,625 INFO  impl.StateMachineUpdater (StateMachineUpdater.java:stop(141)) - s2@group-BDFE845AF3B0-StateMachineUpdater: closing ArithmeticStateMachine, lastApplied=(t:1, i:252)
2024-10-09 04:30:06,625 INFO  util.AwaitToRun (AwaitToRun.java:run(49)) - s2@group-BDFE845AF3B0-cacheEviction-AwaitToRun-AwaitForSignal is interrupted
2024-10-09 04:30:07,162 INFO  segmented.SegmentedRaftLogWorker (SegmentedRaftLogWorker.java:close(251)) - s3@group-DA40570646C7-SegmentedRaftLogWorker close()
2024-10-09 04:30:07,182 INFO  segmented.SegmentedRaftLogWorker (SegmentedRaftLogWorker.java:close(251)) - s4@group-DA40570646C7-SegmentedRaftLogWorker close()
2024-10-09 04:30:07,190 INFO  segmented.SegmentedRaftLogWorker (SegmentedRaftLogWorker.java:close(251)) - s5@group-DA40570646C7-SegmentedRaftLogWorker close()
2024-10-09 04:30:07,202 INFO  segmented.SegmentedRaftLogWorker (SegmentedRaftLogWorker.java:close(251)) - s6@group-DA40570646C7-SegmentedRaftLogWorker close()
2024-10-09 04:30:07,216 INFO  segmented.SegmentedRaftLogWorker (SegmentedRaftLogWorker.java:close(251)) - s7@group-DA40570646C7-SegmentedRaftLogWorker close()
2024-10-09 04:30:07,225 INFO  segmented.SegmentedRaftLogWorker (SegmentedRaftLogWorker.java:close(251)) - s8@group-DA40570646C7-SegmentedRaftLogWorker close()
2024-10-09 04:30:07,236 INFO  segmented.SegmentedRaftLogWorker (SegmentedRaftLogWorker.java:close(251)) - s9@group-DA40570646C7-SegmentedRaftLogWorker close()
2024-10-09 04:30:07,242 INFO  segmented.SegmentedRaftLogWorker (SegmentedRaftLogWorker.java:close(251)) - s11@group-DA40570646C7-SegmentedRaftLogWorker close()
2024-10-09 04:30:07,249 INFO  segmented.SegmentedRaftLogWorker (SegmentedRaftLogWorker.java:close(251)) - s10@group-DA40570646C7-SegmentedRaftLogWorker close()
2024-10-09 04:30:07,257 INFO  segmented.SegmentedRaftLogWorker (SegmentedRaftLogWorker.java:close(251)) - s13@group-DA40570646C7-SegmentedRaftLogWorker close()
2024-10-09 04:30:07,265 INFO  segmented.SegmentedRaftLogWorker (SegmentedRaftLogWorker.java:close(251)) - s12@group-DA40570646C7-SegmentedRaftLogWorker close()
2024-10-09 04:30:07,272 INFO  segmented.SegmentedRaftLogWorker (SegmentedRaftLogWorker.java:close(251)) - s14@group-DA40570646C7-SegmentedRaftLogWorker close()
2024-10-09 04:30:07,279 INFO  segmented.SegmentedRaftLogWorker (SegmentedRaftLogWorker.java:close(251)) - s0@group-DA40570646C7-SegmentedRaftLogWorker close()
2024-10-09 04:30:07,285 INFO  segmented.SegmentedRaftLogWorker (SegmentedRaftLogWorker.java:close(251)) - s1@group-DA40570646C7-SegmentedRaftLogWorker close()
2024-10-09 04:30:07,293 INFO  segmented.SegmentedRaftLogWorker (SegmentedRaftLogWorker.java:close(251)) - s2@group-DA40570646C7-SegmentedRaftLogWorker close()
2024-10-09 04:30:07,368 INFO  segmented.SegmentedRaftLogWorker (SegmentedRaftLogWorker.java:close(251)) - s4@group-BDFE845AF3B0-SegmentedRaftLogWorker close()
2024-10-09 04:30:07,368 INFO  segmented.SegmentedRaftLogWorker (SegmentedRaftLogWorker.java:close(251)) - s14@group-BDFE845AF3B0-SegmentedRaftLogWorker close()
2024-10-09 04:30:07,368 INFO  segmented.SegmentedRaftLogWorker (SegmentedRaftLogWorker.java:close(251)) - s9@group-BDFE845AF3B0-SegmentedRaftLogWorker close()
2024-10-09 04:30:07,369 INFO  segmented.SegmentedRaftLogWorker (SegmentedRaftLogWorker.java:close(251)) - s10@group-BDFE845AF3B0-SegmentedRaftLogWorker close()
2024-10-09 04:30:07,369 INFO  segmented.SegmentedRaftLogWorker (SegmentedRaftLogWorker.java:close(251)) - s7@group-BDFE845AF3B0-SegmentedRaftLogWorker close()
2024-10-09 04:30:07,370 INFO  segmented.SegmentedRaftLogWorker (SegmentedRaftLogWorker.java:close(251)) - s0@group-BDFE845AF3B0-SegmentedRaftLogWorker close()
2024-10-09 04:30:07,370 INFO  segmented.SegmentedRaftLogWorker (SegmentedRaftLogWorker.java:close(251)) - s1@group-BDFE845AF3B0-SegmentedRaftLogWorker close()
2024-10-09 04:30:07,371 INFO  segmented.SegmentedRaftLogWorker (SegmentedRaftLogWorker.java:close(251)) - s13@group-BDFE845AF3B0-SegmentedRaftLogWorker close()
2024-10-09 04:30:07,369 INFO  segmented.SegmentedRaftLogWorker (SegmentedRaftLogWorker.java:close(251)) - s5@group-BDFE845AF3B0-SegmentedRaftLogWorker close()
2024-10-09 04:30:07,371 INFO  segmented.SegmentedRaftLogWorker (SegmentedRaftLogWorker.java:close(251)) - s3@group-BDFE845AF3B0-SegmentedRaftLogWorker close()
2024-10-09 04:30:07,371 INFO  segmented.SegmentedRaftLogWorker (SegmentedRaftLogWorker.java:close(251)) - s6@group-BDFE845AF3B0-SegmentedRaftLogWorker close()
2024-10-09 04:30:07,372 INFO  segmented.SegmentedRaftLogWorker (SegmentedRaftLogWorker.java:close(251)) - s8@group-BDFE845AF3B0-SegmentedRaftLogWorker close()
2024-10-09 04:30:07,372 INFO  segmented.SegmentedRaftLogWorker (SegmentedRaftLogWorker.java:close(251)) - s2@group-BDFE845AF3B0-SegmentedRaftLogWorker close()
2024-10-09 04:30:07,372 INFO  segmented.SegmentedRaftLogWorker (SegmentedRaftLogWorker.java:close(251)) - s12@group-BDFE845AF3B0-SegmentedRaftLogWorker close()
2024-10-09 04:30:07,372 INFO  segmented.SegmentedRaftLogWorker (SegmentedRaftLogWorker.java:close(251)) - s11@group-BDFE845AF3B0-SegmentedRaftLogWorker close()
2024-10-09 04:30:07,381 INFO  util.JvmPauseMonitor (JvmPauseMonitor.java:run(152)) - JvmPauseMonitor-s9: Stopped
2024-10-09 04:30:07,382 INFO  util.JvmPauseMonitor (JvmPauseMonitor.java:run(152)) - JvmPauseMonitor-s4: Stopped
2024-10-09 04:30:07,391 INFO  util.JvmPauseMonitor (JvmPauseMonitor.java:run(152)) - JvmPauseMonitor-s14: Stopped
2024-10-09 04:30:07,392 INFO  util.JvmPauseMonitor (JvmPauseMonitor.java:run(152)) - JvmPauseMonitor-s10: Stopped
2024-10-09 04:30:07,392 INFO  util.JvmPauseMonitor (JvmPauseMonitor.java:run(152)) - JvmPauseMonitor-s7: Stopped
2024-10-09 04:30:07,392 INFO  util.JvmPauseMonitor (JvmPauseMonitor.java:run(152)) - JvmPauseMonitor-s0: Stopped
2024-10-09 04:30:07,393 INFO  util.JvmPauseMonitor (JvmPauseMonitor.java:run(152)) - JvmPauseMonitor-s1: Stopped
2024-10-09 04:30:07,394 INFO  util.JvmPauseMonitor (JvmPauseMonitor.java:run(152)) - JvmPauseMonitor-s3: Stopped
2024-10-09 04:30:07,394 INFO  util.JvmPauseMonitor (JvmPauseMonitor.java:run(152)) - JvmPauseMonitor-s8: Stopped
2024-10-09 04:30:07,394 INFO  util.JvmPauseMonitor (JvmPauseMonitor.java:run(152)) - JvmPauseMonitor-s5: Stopped
2024-10-09 04:30:07,394 INFO  util.JvmPauseMonitor (JvmPauseMonitor.java:run(152)) - JvmPauseMonitor-s12: Stopped
2024-10-09 04:30:07,394 INFO  util.JvmPauseMonitor (JvmPauseMonitor.java:run(152)) - JvmPauseMonitor-s2: Stopped
2024-10-09 04:30:07,394 INFO  util.JvmPauseMonitor (JvmPauseMonitor.java:run(152)) - JvmPauseMonitor-s13: Stopped
2024-10-09 04:30:07,395 INFO  util.JvmPauseMonitor (JvmPauseMonitor.java:run(152)) - JvmPauseMonitor-s6: Stopped
2024-10-09 04:30:07,396 INFO  util.JvmPauseMonitor (JvmPauseMonitor.java:run(152)) - JvmPauseMonitor-s11: Stopped
2024-10-09 04:30:07,396 INFO  impl.MiniRaftCluster (MiniRaftCluster.java:shutdown(861)) - MiniRaftClusterWithNetty shutdown completed
2024-10-09 04:30:07,397 INFO  ratis.RaftTestUtil (RaftTestUtil.java:gc(593)) - gc 0
2024-10-09 04:30:07,533 WARN  util.ReferenceCountedLeakDetector (ReferenceCountedLeakDetector.java:lambda$new$0(147)) - LEAK: A org.apache.ratis.proto.RaftProtos$AppendEntriesRequestProto is not released properly
2024-10-09 04:30:07,534 WARN  util.ReferenceCountedLeakDetector (ReferenceCountedLeakDetector.java:lambda$new$0(147)) - LEAK: A org.apache.ratis.proto.RaftProtos$AppendEntriesRequestProto is not released properly
2024-10-09 04:30:07,534 WARN  util.ReferenceCountedLeakDetector (ReferenceCountedLeakDetector.java:lambda$new$0(147)) - LEAK: A org.apache.ratis.proto.RaftProtos$AppendEntriesRequestProto is not released properly
2024-10-09 04:30:07,534 WARN  util.ReferenceCountedLeakDetector (ReferenceCountedLeakDetector.java:lambda$new$0(147)) - LEAK: A org.apache.ratis.proto.RaftProtos$AppendEntriesRequestProto is not released properly
2024-10-09 04:30:07,534 WARN  util.ReferenceCountedLeakDetector (ReferenceCountedLeakDetector.java:lambda$new$0(147)) - LEAK: A org.apache.ratis.proto.RaftProtos$AppendEntriesRequestProto is not released properly
2024-10-09 04:30:07,534 WARN  util.ReferenceCountedLeakDetector (ReferenceCountedLeakDetector.java:lambda$new$0(147)) - LEAK: A org.apache.ratis.proto.RaftProtos$AppendEntriesRequestProto is not released properly
2024-10-09 04:30:07,534 WARN  util.ReferenceCountedLeakDetector (ReferenceCountedLeakDetector.java:lambda$new$0(147)) - LEAK: A org.apache.ratis.proto.RaftProtos$AppendEntriesRequestProto is not released properly
2024-10-09 04:30:07,534 WARN  util.ReferenceCountedLeakDetector (ReferenceCountedLeakDetector.java:lambda$new$0(147)) - LEAK: A org.apache.ratis.proto.RaftProtos$AppendEntriesRequestProto is not released properly
2024-10-09 04:30:07,534 WARN  util.ReferenceCountedLeakDetector (ReferenceCountedLeakDetector.java:lambda$new$0(147)) - LEAK: A org.apache.ratis.proto.RaftProtos$AppendEntriesRequestProto is not released properly
2024-10-09 04:30:07,534 WARN  util.ReferenceCountedLeakDetector (ReferenceCountedLeakDetector.java:lambda$new$0(147)) - LEAK: A org.apache.ratis.proto.RaftProtos$AppendEntriesRequestProto is not released properly
2024-10-09 04:30:07,534 WARN  util.ReferenceCountedLeakDetector (ReferenceCountedLeakDetector.java:lambda$new$0(147)) - LEAK: A org.apache.ratis.proto.RaftProtos$AppendEntriesRequestProto is not released properly
2024-10-09 04:30:07,634 WARN  util.ReferenceCountedLeakDetector (ReferenceCountedLeakDetector.java:lambda$new$0(147)) - LEAK: A org.apache.ratis.protocol.RaftClientRequest is not released properly
2024-10-09 04:30:07,634 WARN  util.ReferenceCountedLeakDetector (ReferenceCountedLeakDetector.java:lambda$new$0(147)) - LEAK: A org.apache.ratis.protocol.RaftClientRequest is not released properly
2024-10-09 04:30:07,634 WARN  util.ReferenceCountedLeakDetector (ReferenceCountedLeakDetector.java:lambda$new$0(147)) - LEAK: A org.apache.ratis.protocol.RaftClientRequest is not released properly
2024-10-09 04:30:07,634 WARN  util.ReferenceCountedLeakDetector (ReferenceCountedLeakDetector.java:lambda$new$0(147)) - LEAK: A org.apache.ratis.protocol.RaftClientRequest is not released properly
2024-10-09 04:30:07,635 WARN  util.ReferenceCountedLeakDetector (ReferenceCountedLeakDetector.java:lambda$new$0(147)) - LEAK: A org.apache.ratis.protocol.RaftClientRequest is not released properly
2024-10-09 04:30:07,635 WARN  util.ReferenceCountedLeakDetector (ReferenceCountedLeakDetector.java:lambda$new$0(147)) - LEAK: A org.apache.ratis.proto.RaftProtos$LogEntryProto is not released properly
2024-10-09 04:30:07,635 WARN  util.ReferenceCountedLeakDetector (ReferenceCountedLeakDetector.java:lambda$new$0(147)) - LEAK: A org.apache.ratis.proto.RaftProtos$LogEntryProto is not released properly
2024-10-09 04:30:07,635 WARN  util.ReferenceCountedLeakDetector (ReferenceCountedLeakDetector.java:lambda$new$0(147)) - LEAK: A org.apache.ratis.protocol.RaftClientRequest is not released properly
2024-10-09 04:30:07,635 WARN  util.ReferenceCountedLeakDetector (ReferenceCountedLeakDetector.java:lambda$new$0(147)) - LEAK: A org.apache.ratis.protocol.RaftClientRequest is not released properly
2024-10-09 04:30:07,636 WARN  util.ReferenceCountedLeakDetector (ReferenceCountedLeakDetector.java:lambda$new$0(147)) - LEAK: A org.apache.ratis.proto.RaftProtos$LogEntryProto is not released properly
2024-10-09 04:30:07,636 WARN  util.ReferenceCountedLeakDetector (ReferenceCountedLeakDetector.java:lambda$new$0(147)) - LEAK: A org.apache.ratis.proto.RaftProtos$LogEntryProto is not released properly
2024-10-09 04:30:07,636 WARN  util.ReferenceCountedLeakDetector (ReferenceCountedLeakDetector.java:lambda$new$0(147)) - LEAK: A org.apache.ratis.proto.RaftProtos$LogEntryProto is not released properly
2024-10-09 04:30:07,636 WARN  util.ReferenceCountedLeakDetector (ReferenceCountedLeakDetector.java:lambda$new$0(147)) - LEAK: A org.apache.ratis.proto.RaftProtos$LogEntryProto is not released properly
2024-10-09 04:30:07,636 WARN  util.ReferenceCountedLeakDetector (ReferenceCountedLeakDetector.java:lambda$new$0(147)) - LEAK: A org.apache.ratis.proto.RaftProtos$LogEntryProto is not released properly
2024-10-09 04:30:07,636 WARN  util.ReferenceCountedLeakDetector (ReferenceCountedLeakDetector.java:lambda$new$0(147)) - LEAK: A org.apache.ratis.protocol.RaftClientRequest is not released properly
2024-10-09 04:30:07,637 WARN  util.ReferenceCountedLeakDetector (ReferenceCountedLeakDetector.java:lambda$new$0(147)) - LEAK: A org.apache.ratis.proto.RaftProtos$LogEntryProto is not released properly
2024-10-09 04:30:07,637 WARN  util.ReferenceCountedLeakDetector (ReferenceCountedLeakDetector.java:lambda$new$0(147)) - LEAK: A org.apache.ratis.protocol.RaftClientRequest is not released properly
2024-10-09 04:30:07,637 WARN  util.ReferenceCountedLeakDetector (ReferenceCountedLeakDetector.java:lambda$new$0(147)) - LEAK: A org.apache.ratis.protocol.RaftClientRequest is not released properly
2024-10-09 04:30:07,637 WARN  util.ReferenceCountedLeakDetector (ReferenceCountedLeakDetector.java:lambda$new$0(147)) - LEAK: A org.apache.ratis.proto.RaftProtos$LogEntryProto is not released properly
2024-10-09 04:30:07,638 WARN  util.ReferenceCountedLeakDetector (ReferenceCountedLeakDetector.java:lambda$new$0(147)) - LEAK: A org.apache.ratis.proto.RaftProtos$LogEntryProto is not released properly
2024-10-09 04:30:07,638 WARN  util.ReferenceCountedLeakDetector (ReferenceCountedLeakDetector.java:lambda$new$0(147)) - LEAK: A org.apache.ratis.proto.RaftProtos$LogEntryProto is not released properly
2024-10-09 04:30:07,638 WARN  util.ReferenceCountedLeakDetector (ReferenceCountedLeakDetector.java:lambda$new$0(147)) - LEAK: A org.apache.ratis.proto.RaftProtos$LogEntryProto is not released properly
2024-10-09 04:30:07,638 WARN  util.ReferenceCountedLeakDetector (ReferenceCountedLeakDetector.java:lambda$new$0(147)) - LEAK: A org.apache.ratis.protocol.RaftClientRequest is not released properly
2024-10-09 04:30:07,638 WARN  util.ReferenceCountedLeakDetector (ReferenceCountedLeakDetector.java:lambda$new$0(147)) - LEAK: A org.apache.ratis.proto.RaftProtos$LogEntryProto is not released properly
2024-10-09 04:30:07,644 INFO  impl.MiniRaftCluster (MiniRaftCluster.java:shutdown(837)) - ************************************************************** 
2024-10-09 04:30:07,644 INFO  impl.MiniRaftCluster (MiniRaftCluster.java:shutdown(838)) - *** 
2024-10-09 04:30:07,644 INFO  impl.MiniRaftCluster (MiniRaftCluster.java:shutdown(839)) - ***     Stopping MiniRaftClusterWithNetty
2024-10-09 04:30:07,644 INFO  impl.MiniRaftCluster (MiniRaftCluster.java:shutdown(840)) - *** 
2024-10-09 04:30:07,644 INFO  impl.MiniRaftCluster (MiniRaftCluster.java:shutdown(841)) - ************************************************************** 
2024-10-09 04:30:07,645 INFO  impl.MiniRaftCluster (MiniRaftCluster.java:shutdown(842)) - printing ALL groups
  s3:   CLOSED [
   FOLLOWER s3@group-DA40570646C7:t0, leader=null, voted=, raftlog=Memoized:s3@group-DA40570646C7-SegmentedRaftLog:CLOSED:c-1, conf=conf: {index: -1, cur=peers:[]|listeners:[], old=null} CLOSED
   FOLLOWER s3@group-BDFE845AF3B0:t1, leader=s9, voted=null, raftlog=Memoized:s3@group-BDFE845AF3B0-SegmentedRaftLog:CLOSED:c251, conf=conf: {index: 131, cur=peers:[s3|0.0.0.0:15018, s4|0.0.0.0:15019, s5|0.0.0.0:15020, s6|0.0.0.0:15021, s7|0.0.0.0:15022, s8|0.0.0.0:15023, s9|0.0.0.0:15024, s11|0.0.0.0:15026, s10|0.0.0.0:15025, s13|0.0.0.0:15028, s12|0.0.0.0:15027, s14|0.0.0.0:15029, s0|0.0.0.0:15015, s1|0.0.0.0:15016, s2|0.0.0.0:15017]|listeners:[], old=null} CLOSED] size=2
  s4:   CLOSED [
   FOLLOWER s4@group-DA40570646C7:t0, leader=null, voted=, raftlog=Memoized:s4@group-DA40570646C7-SegmentedRaftLog:CLOSED:c-1, conf=conf: {index: -1, cur=peers:[]|listeners:[], old=null} CLOSED
   FOLLOWER s4@group-BDFE845AF3B0:t1, leader=s9, voted=null, raftlog=Memoized:s4@group-BDFE845AF3B0-SegmentedRaftLog:CLOSED:c251, conf=conf: {index: 131, cur=peers:[s3|0.0.0.0:15018, s4|0.0.0.0:15019, s5|0.0.0.0:15020, s6|0.0.0.0:15021, s7|0.0.0.0:15022, s8|0.0.0.0:15023, s9|0.0.0.0:15024, s11|0.0.0.0:15026, s10|0.0.0.0:15025, s13|0.0.0.0:15028, s12|0.0.0.0:15027, s14|0.0.0.0:15029, s0|0.0.0.0:15015, s1|0.0.0.0:15016, s2|0.0.0.0:15017]|listeners:[], old=null} CLOSED] size=2
  s5:   CLOSED [
   FOLLOWER s5@group-DA40570646C7:t0, leader=null, voted=, raftlog=Memoized:s5@group-DA40570646C7-SegmentedRaftLog:CLOSED:c-1, conf=conf: {index: -1, cur=peers:[]|listeners:[], old=null} CLOSED
   FOLLOWER s5@group-BDFE845AF3B0:t1, leader=s9, voted=null, raftlog=Memoized:s5@group-BDFE845AF3B0-SegmentedRaftLog:CLOSED:c251, conf=conf: {index: 131, cur=peers:[s3|0.0.0.0:15018, s4|0.0.0.0:15019, s5|0.0.0.0:15020, s6|0.0.0.0:15021, s7|0.0.0.0:15022, s8|0.0.0.0:15023, s9|0.0.0.0:15024, s11|0.0.0.0:15026, s10|0.0.0.0:15025, s13|0.0.0.0:15028, s12|0.0.0.0:15027, s14|0.0.0.0:15029, s0|0.0.0.0:15015, s1|0.0.0.0:15016, s2|0.0.0.0:15017]|listeners:[], old=null} CLOSED] size=2
  s6:   CLOSED [
   FOLLOWER s6@group-DA40570646C7:t0, leader=null, voted=, raftlog=Memoized:s6@group-DA40570646C7-SegmentedRaftLog:CLOSED:c-1, conf=conf: {index: -1, cur=peers:[]|listeners:[], old=null} CLOSED
   FOLLOWER s6@group-BDFE845AF3B0:t1, leader=s9, voted=null, raftlog=Memoized:s6@group-BDFE845AF3B0-SegmentedRaftLog:CLOSED:c251, conf=conf: {index: 131, cur=peers:[s3|0.0.0.0:15018, s4|0.0.0.0:15019, s5|0.0.0.0:15020, s6|0.0.0.0:15021, s7|0.0.0.0:15022, s8|0.0.0.0:15023, s9|0.0.0.0:15024, s11|0.0.0.0:15026, s10|0.0.0.0:15025, s13|0.0.0.0:15028, s12|0.0.0.0:15027, s14|0.0.0.0:15029, s0|0.0.0.0:15015, s1|0.0.0.0:15016, s2|0.0.0.0:15017]|listeners:[], old=null} CLOSED] size=2
  s7:   CLOSED [
   FOLLOWER s7@group-DA40570646C7:t0, leader=null, voted=, raftlog=Memoized:s7@group-DA40570646C7-SegmentedRaftLog:CLOSED:c-1, conf=conf: {index: -1, cur=peers:[]|listeners:[], old=null} CLOSED
   FOLLOWER s7@group-BDFE845AF3B0:t1, leader=s9, voted=s9, raftlog=Memoized:s7@group-BDFE845AF3B0-SegmentedRaftLog:CLOSED:c251, conf=conf: {index: 131, cur=peers:[s3|0.0.0.0:15018, s4|0.0.0.0:15019, s5|0.0.0.0:15020, s6|0.0.0.0:15021, s7|0.0.0.0:15022, s8|0.0.0.0:15023, s9|0.0.0.0:15024, s11|0.0.0.0:15026, s10|0.0.0.0:15025, s13|0.0.0.0:15028, s12|0.0.0.0:15027, s14|0.0.0.0:15029, s0|0.0.0.0:15015, s1|0.0.0.0:15016, s2|0.0.0.0:15017]|listeners:[], old=null} CLOSED] size=2
  s8:   CLOSED [
   FOLLOWER s8@group-DA40570646C7:t0, leader=null, voted=, raftlog=Memoized:s8@group-DA40570646C7-SegmentedRaftLog:CLOSED:c-1, conf=conf: {index: -1, cur=peers:[]|listeners:[], old=null} CLOSED
   FOLLOWER s8@group-BDFE845AF3B0:t1, leader=s9, voted=s9, raftlog=Memoized:s8@group-BDFE845AF3B0-SegmentedRaftLog:CLOSED:c251, conf=conf: {index: 131, cur=peers:[s3|0.0.0.0:15018, s4|0.0.0.0:15019, s5|0.0.0.0:15020, s6|0.0.0.0:15021, s7|0.0.0.0:15022, s8|0.0.0.0:15023, s9|0.0.0.0:15024, s11|0.0.0.0:15026, s10|0.0.0.0:15025, s13|0.0.0.0:15028, s12|0.0.0.0:15027, s14|0.0.0.0:15029, s0|0.0.0.0:15015, s1|0.0.0.0:15016, s2|0.0.0.0:15017]|listeners:[], old=null} CLOSED] size=2
  s9:   CLOSED [
   FOLLOWER s9@group-DA40570646C7:t0, leader=null, voted=, raftlog=Memoized:s9@group-DA40570646C7-SegmentedRaftLog:CLOSED:c-1, conf=conf: {index: -1, cur=peers:[]|listeners:[], old=null} CLOSED
     LEADER s9@group-BDFE845AF3B0:t1, leader=s9, voted=s9, raftlog=Memoized:s9@group-BDFE845AF3B0-SegmentedRaftLog:CLOSED:c252, conf=conf: {index: 131, cur=peers:[s3|0.0.0.0:15018, s4|0.0.0.0:15019, s5|0.0.0.0:15020, s6|0.0.0.0:15021, s7|0.0.0.0:15022, s8|0.0.0.0:15023, s9|0.0.0.0:15024, s11|0.0.0.0:15026, s10|0.0.0.0:15025, s13|0.0.0.0:15028, s12|0.0.0.0:15027, s14|0.0.0.0:15029, s0|0.0.0.0:15015, s1|0.0.0.0:15016, s2|0.0.0.0:15017]|listeners:[], old=null} CLOSED] size=2
  s11:   CLOSED [
   FOLLOWER s11@group-DA40570646C7:t0, leader=null, voted=, raftlog=Memoized:s11@group-DA40570646C7-SegmentedRaftLog:CLOSED:c-1, conf=conf: {index: -1, cur=peers:[]|listeners:[], old=null} CLOSED
   FOLLOWER s11@group-BDFE845AF3B0:t1, leader=s9, voted=null, raftlog=Memoized:s11@group-BDFE845AF3B0-SegmentedRaftLog:CLOSED:c251, conf=conf: {index: 131, cur=peers:[s3|0.0.0.0:15018, s4|0.0.0.0:15019, s5|0.0.0.0:15020, s6|0.0.0.0:15021, s7|0.0.0.0:15022, s8|0.0.0.0:15023, s9|0.0.0.0:15024, s11|0.0.0.0:15026, s10|0.0.0.0:15025, s13|0.0.0.0:15028, s12|0.0.0.0:15027, s14|0.0.0.0:15029, s0|0.0.0.0:15015, s1|0.0.0.0:15016, s2|0.0.0.0:15017]|listeners:[], old=null} CLOSED] size=2
  s10:   CLOSED [
   FOLLOWER s10@group-DA40570646C7:t0, leader=null, voted=, raftlog=Memoized:s10@group-DA40570646C7-SegmentedRaftLog:CLOSED:c-1, conf=conf: {index: -1, cur=peers:[]|listeners:[], old=null} CLOSED
   FOLLOWER s10@group-BDFE845AF3B0:t1, leader=s9, voted=null, raftlog=Memoized:s10@group-BDFE845AF3B0-SegmentedRaftLog:CLOSED:c251, conf=conf: {index: 131, cur=peers:[s3|0.0.0.0:15018, s4|0.0.0.0:15019, s5|0.0.0.0:15020, s6|0.0.0.0:15021, s7|0.0.0.0:15022, s8|0.0.0.0:15023, s9|0.0.0.0:15024, s11|0.0.0.0:15026, s10|0.0.0.0:15025, s13|0.0.0.0:15028, s12|0.0.0.0:15027, s14|0.0.0.0:15029, s0|0.0.0.0:15015, s1|0.0.0.0:15016, s2|0.0.0.0:15017]|listeners:[], old=null} CLOSED] size=2
  s13:   CLOSED [
   FOLLOWER s13@group-DA40570646C7:t0, leader=null, voted=, raftlog=Memoized:s13@group-DA40570646C7-SegmentedRaftLog:CLOSED:c-1, conf=conf: {index: -1, cur=peers:[]|listeners:[], old=null} CLOSED
   FOLLOWER s13@group-BDFE845AF3B0:t1, leader=s9, voted=null, raftlog=Memoized:s13@group-BDFE845AF3B0-SegmentedRaftLog:CLOSED:c251, conf=conf: {index: 131, cur=peers:[s3|0.0.0.0:15018, s4|0.0.0.0:15019, s5|0.0.0.0:15020, s6|0.0.0.0:15021, s7|0.0.0.0:15022, s8|0.0.0.0:15023, s9|0.0.0.0:15024, s11|0.0.0.0:15026, s10|0.0.0.0:15025, s13|0.0.0.0:15028, s12|0.0.0.0:15027, s14|0.0.0.0:15029, s0|0.0.0.0:15015, s1|0.0.0.0:15016, s2|0.0.0.0:15017]|listeners:[], old=null} CLOSED] size=2
  s12:   CLOSED [
   FOLLOWER s12@group-DA40570646C7:t0, leader=null, voted=, raftlog=Memoized:s12@group-DA40570646C7-SegmentedRaftLog:CLOSED:c-1, conf=conf: {index: -1, cur=peers:[]|listeners:[], old=null} CLOSED
   FOLLOWER s12@group-BDFE845AF3B0:t1, leader=s9, voted=null, raftlog=Memoized:s12@group-BDFE845AF3B0-SegmentedRaftLog:CLOSED:c251, conf=conf: {index: 131, cur=peers:[s3|0.0.0.0:15018, s4|0.0.0.0:15019, s5|0.0.0.0:15020, s6|0.0.0.0:15021, s7|0.0.0.0:15022, s8|0.0.0.0:15023, s9|0.0.0.0:15024, s11|0.0.0.0:15026, s10|0.0.0.0:15025, s13|0.0.0.0:15028, s12|0.0.0.0:15027, s14|0.0.0.0:15029, s0|0.0.0.0:15015, s1|0.0.0.0:15016, s2|0.0.0.0:15017]|listeners:[], old=null} CLOSED] size=2
  s14:   CLOSED [
   FOLLOWER s14@group-DA40570646C7:t0, leader=null, voted=, raftlog=Memoized:s14@group-DA40570646C7-SegmentedRaftLog:CLOSED:c-1, conf=conf: {index: -1, cur=peers:[]|listeners:[], old=null} CLOSED
   FOLLOWER s14@group-BDFE845AF3B0:t1, leader=s9, voted=null, raftlog=Memoized:s14@group-BDFE845AF3B0-SegmentedRaftLog:CLOSED:c251, conf=conf: {index: 131, cur=peers:[s3|0.0.0.0:15018, s4|0.0.0.0:15019, s5|0.0.0.0:15020, s6|0.0.0.0:15021, s7|0.0.0.0:15022, s8|0.0.0.0:15023, s9|0.0.0.0:15024, s11|0.0.0.0:15026, s10|0.0.0.0:15025, s13|0.0.0.0:15028, s12|0.0.0.0:15027, s14|0.0.0.0:15029, s0|0.0.0.0:15015, s1|0.0.0.0:15016, s2|0.0.0.0:15017]|listeners:[], old=null} CLOSED] size=2
  s0:   CLOSED [
   FOLLOWER s0@group-DA40570646C7:t0, leader=null, voted=, raftlog=Memoized:s0@group-DA40570646C7-SegmentedRaftLog:CLOSED:c-1, conf=conf: {index: -1, cur=peers:[]|listeners:[], old=null} CLOSED
   FOLLOWER s0@group-BDFE845AF3B0:t1, leader=s9, voted=null, raftlog=Memoized:s0@group-BDFE845AF3B0-SegmentedRaftLog:CLOSED:c251, conf=conf: {index: 131, cur=peers:[s3|0.0.0.0:15018, s4|0.0.0.0:15019, s5|0.0.0.0:15020, s6|0.0.0.0:15021, s7|0.0.0.0:15022, s8|0.0.0.0:15023, s9|0.0.0.0:15024, s11|0.0.0.0:15026, s10|0.0.0.0:15025, s13|0.0.0.0:15028, s12|0.0.0.0:15027, s14|0.0.0.0:15029, s0|0.0.0.0:15015, s1|0.0.0.0:15016, s2|0.0.0.0:15017]|listeners:[], old=null} CLOSED] size=2
  s1:   CLOSED [
   FOLLOWER s1@group-DA40570646C7:t0, leader=null, voted=, raftlog=Memoized:s1@group-DA40570646C7-SegmentedRaftLog:CLOSED:c-1, conf=conf: {index: -1, cur=peers:[]|listeners:[], old=null} CLOSED
   FOLLOWER s1@group-BDFE845AF3B0:t1, leader=s9, voted=null, raftlog=Memoized:s1@group-BDFE845AF3B0-SegmentedRaftLog:CLOSED:c251, conf=conf: {index: 131, cur=peers:[s3|0.0.0.0:15018, s4|0.0.0.0:15019, s5|0.0.0.0:15020, s6|0.0.0.0:15021, s7|0.0.0.0:15022, s8|0.0.0.0:15023, s9|0.0.0.0:15024, s11|0.0.0.0:15026, s10|0.0.0.0:15025, s13|0.0.0.0:15028, s12|0.0.0.0:15027, s14|0.0.0.0:15029, s0|0.0.0.0:15015, s1|0.0.0.0:15016, s2|0.0.0.0:15017]|listeners:[], old=null} CLOSED] size=2
  s2:   CLOSED [
   FOLLOWER s2@group-DA40570646C7:t0, leader=null, voted=, raftlog=Memoized:s2@group-DA40570646C7-SegmentedRaftLog:CLOSED:c-1, conf=conf: {index: -1, cur=peers:[]|listeners:[], old=null} CLOSED
   FOLLOWER s2@group-BDFE845AF3B0:t1, leader=s9, voted=null, raftlog=Memoized:s2@group-BDFE845AF3B0-SegmentedRaftLog:CLOSED:c252, conf=conf: {index: 131, cur=peers:[s3|0.0.0.0:15018, s4|0.0.0.0:15019, s5|0.0.0.0:15020, s6|0.0.0.0:15021, s7|0.0.0.0:15022, s8|0.0.0.0:15023, s9|0.0.0.0:15024, s11|0.0.0.0:15026, s10|0.0.0.0:15025, s13|0.0.0.0:15028, s12|0.0.0.0:15027, s14|0.0.0.0:15029, s0|0.0.0.0:15015, s1|0.0.0.0:15016, s2|0.0.0.0:15017]|listeners:[], old=null} CLOSED] size=2
2024-10-09 04:30:07,652 INFO  impl.MiniRaftCluster (MiniRaftCluster.java:shutdown(861)) - MiniRaftClusterWithNetty shutdown completed
2024-10-09 04:30:07,652 INFO  ratis.RaftTestUtil (RaftTestUtil.java:gc(593)) - gc 0
2024-10-09 04:30:07,834 WARN  util.ReferenceCountedLeakDetector (ReferenceCountedLeakDetector.java:lambda$new$0(147)) - LEAK: A org.apache.ratis.protocol.RaftClientRequest is not released properly
2024-10-09 04:30:07,834 WARN  util.ReferenceCountedLeakDetector (ReferenceCountedLeakDetector.java:lambda$new$0(147)) - LEAK: A org.apache.ratis.protocol.RaftClientRequest is not released properly
2024-10-09 04:30:07,834 WARN  util.ReferenceCountedLeakDetector (ReferenceCountedLeakDetector.java:lambda$new$0(147)) - LEAK: A org.apache.ratis.protocol.RaftClientRequest is not released properly
2024-10-09 04:30:07,835 WARN  util.ReferenceCountedLeakDetector (ReferenceCountedLeakDetector.java:lambda$new$0(147)) - LEAK: A org.apache.ratis.protocol.RaftClientRequest is not released properly
2024-10-09 04:30:07,835 WARN  util.ReferenceCountedLeakDetector (ReferenceCountedLeakDetector.java:lambda$new$0(147)) - LEAK: A org.apache.ratis.protocol.RaftClientRequest is not released properly
2024-10-09 04:30:07,835 WARN  util.ReferenceCountedLeakDetector (ReferenceCountedLeakDetector.java:lambda$new$0(147)) - LEAK: A org.apache.ratis.proto.RaftProtos$LogEntryProto is not released properly
2024-10-09 04:30:07,835 WARN  util.ReferenceCountedLeakDetector (ReferenceCountedLeakDetector.java:lambda$new$0(147)) - LEAK: A org.apache.ratis.proto.RaftProtos$LogEntryProto is not released properly
2024-10-09 04:30:07,835 WARN  util.ReferenceCountedLeakDetector (ReferenceCountedLeakDetector.java:lambda$new$0(147)) - LEAK: A org.apache.ratis.protocol.RaftClientRequest is not released properly
2024-10-09 04:30:07,835 WARN  util.ReferenceCountedLeakDetector (ReferenceCountedLeakDetector.java:lambda$new$0(147)) - LEAK: A org.apache.ratis.protocol.RaftClientRequest is not released properly
2024-10-09 04:30:07,835 WARN  util.ReferenceCountedLeakDetector (ReferenceCountedLeakDetector.java:lambda$new$0(147)) - LEAK: A org.apache.ratis.proto.RaftProtos$LogEntryProto is not released properly
2024-10-09 04:30:07,836 WARN  util.ReferenceCountedLeakDetector (ReferenceCountedLeakDetector.java:lambda$new$0(147)) - LEAK: A org.apache.ratis.proto.RaftProtos$LogEntryProto is not released properly
2024-10-09 04:30:07,836 WARN  util.ReferenceCountedLeakDetector (ReferenceCountedLeakDetector.java:lambda$new$0(147)) - LEAK: A org.apache.ratis.proto.RaftProtos$LogEntryProto is not released properly
2024-10-09 04:30:07,836 WARN  util.ReferenceCountedLeakDetector (ReferenceCountedLeakDetector.java:lambda$new$0(147)) - LEAK: A org.apache.ratis.proto.RaftProtos$LogEntryProto is not released properly
2024-10-09 04:30:07,836 WARN  util.ReferenceCountedLeakDetector (ReferenceCountedLeakDetector.java:lambda$new$0(147)) - LEAK: A org.apache.ratis.proto.RaftProtos$LogEntryProto is not released properly
2024-10-09 04:30:07,837 WARN  util.ReferenceCountedLeakDetector (ReferenceCountedLeakDetector.java:lambda$new$0(147)) - LEAK: A org.apache.ratis.protocol.RaftClientRequest is not released properly
2024-10-09 04:30:07,838 WARN  util.ReferenceCountedLeakDetector (ReferenceCountedLeakDetector.java:lambda$new$0(147)) - LEAK: A org.apache.ratis.proto.RaftProtos$LogEntryProto is not released properly
2024-10-09 04:30:07,838 WARN  util.ReferenceCountedLeakDetector (ReferenceCountedLeakDetector.java:lambda$new$0(147)) - LEAK: A org.apache.ratis.protocol.RaftClientRequest is not released properly
2024-10-09 04:30:07,838 WARN  util.ReferenceCountedLeakDetector (ReferenceCountedLeakDetector.java:lambda$new$0(147)) - LEAK: A org.apache.ratis.protocol.RaftClientRequest is not released properly
2024-10-09 04:30:07,838 WARN  util.ReferenceCountedLeakDetector (ReferenceCountedLeakDetector.java:lambda$new$0(147)) - LEAK: A org.apache.ratis.proto.RaftProtos$LogEntryProto is not released properly
2024-10-09 04:30:07,838 WARN  util.ReferenceCountedLeakDetector (ReferenceCountedLeakDetector.java:lambda$new$0(147)) - LEAK: A org.apache.ratis.proto.RaftProtos$LogEntryProto is not released properly
2024-10-09 04:30:07,838 WARN  util.ReferenceCountedLeakDetector (ReferenceCountedLeakDetector.java:lambda$new$0(147)) - LEAK: A org.apache.ratis.proto.RaftProtos$LogEntryProto is not released properly
2024-10-09 04:30:07,838 WARN  util.ReferenceCountedLeakDetector (ReferenceCountedLeakDetector.java:lambda$new$0(147)) - LEAK: A org.apache.ratis.proto.RaftProtos$LogEntryProto is not released properly
2024-10-09 04:30:07,839 WARN  util.ReferenceCountedLeakDetector (ReferenceCountedLeakDetector.java:lambda$new$0(147)) - LEAK: A org.apache.ratis.protocol.RaftClientRequest is not released properly
2024-10-09 04:30:07,839 WARN  util.ReferenceCountedLeakDetector (ReferenceCountedLeakDetector.java:lambda$new$0(147)) - LEAK: A org.apache.ratis.proto.RaftProtos$LogEntryProto is not released properly
]]></system-out>
  </testcase>
</testsuite>