<?xml version="1.0" encoding="UTF-8"?>
<testsuite xmlns:xsi="http://www.w3.org/2001/XMLSchema-instance" xsi:noNamespaceSchemaLocation="https://maven.apache.org/surefire/maven-surefire-plugin/xsd/surefire-test-report-3.0.xsd" version="3.0" name="org.apache.ratis.grpc.util.TestStreamObserverWithTimeout" time="2.456" tests="3" errors="1" skipped="0" failures="0">
  <properties>
    <property name="awt.toolkit" value="sun.awt.X11.XToolkit"/>
    <property name="file.encoding.pkg" value="sun.io"/>
    <property name="java.specification.version" value="1.8"/>
    <property name="sun.cpu.isalist" value=""/>
    <property name="sun.jnu.encoding" value="UTF-8"/>
    <property name="java.class.path" value="/home/runner/work/ratis/ratis/ratis-test/target/test-classes:/home/runner/work/ratis/ratis/ratis-test/target/classes:/home/runner/work/ratis/ratis/ratis-common/target/classes:/home/runner/.m2/repository/org/apache/ratis/ratis-thirdparty-misc/1.0.5/ratis-thirdparty-misc-1.0.5.jar:/home/runner/work/ratis/ratis/ratis-proto/target/classes:/home/runner/work/ratis/ratis/ratis-common/target/test-classes:/home/runner/work/ratis/ratis/ratis-client/target/classes:/home/runner/work/ratis/ratis/ratis-server/target/classes:/home/runner/work/ratis/ratis/ratis-server-api/target/classes:/home/runner/work/ratis/ratis/ratis-metrics-api/target/classes:/home/runner/work/ratis/ratis/ratis-server/target/test-classes:/home/runner/work/ratis/ratis/ratis-metrics-default/target/classes:/home/runner/work/ratis/ratis/ratis-netty/target/classes:/home/runner/work/ratis/ratis/ratis-netty/target/test-classes:/home/runner/work/ratis/ratis/ratis-grpc/target/classes:/home/runner/work/ratis/ratis/ratis-grpc/target/test-classes:/home/runner/work/ratis/ratis/ratis-shell/target/classes:/home/runner/.m2/repository/commons-cli/commons-cli/1.5.0/commons-cli-1.5.0.jar:/home/runner/.m2/repository/org/reflections/reflections/0.10.2/reflections-0.10.2.jar:/home/runner/.m2/repository/org/javassist/javassist/3.28.0-GA/javassist-3.28.0-GA.jar:/home/runner/.m2/repository/com/google/code/findbugs/jsr305/3.0.2/jsr305-3.0.2.jar:/home/runner/.m2/repository/org/bouncycastle/bcprov-jdk18on/1.76/bcprov-jdk18on-1.76.jar:/home/runner/.m2/repository/org/bouncycastle/bcpkix-jdk18on/1.76/bcpkix-jdk18on-1.76.jar:/home/runner/.m2/repository/org/bouncycastle/bcutil-jdk18on/1.76/bcutil-jdk18on-1.76.jar:/home/runner/.m2/repository/org/slf4j/slf4j-api/2.0.7/slf4j-api-2.0.7.jar:/home/runner/.m2/repository/org/slf4j/slf4j-reload4j/2.0.7/slf4j-reload4j-2.0.7.jar:/home/runner/.m2/repository/ch/qos/reload4j/reload4j/1.2.22/reload4j-1.2.22.jar:/home/runner/.m2/repository/junit/junit/4.13.2/junit-4.13.2.jar:/home/runner/.m2/repository/org/hamcrest/hamcrest-core/1.3/hamcrest-core-1.3.jar:/home/runner/.m2/repository/org/mockito/mockito-core/4.3.1/mockito-core-4.3.1.jar:/home/runner/.m2/repository/net/bytebuddy/byte-buddy/1.12.7/byte-buddy-1.12.7.jar:/home/runner/.m2/repository/net/bytebuddy/byte-buddy-agent/1.12.7/byte-buddy-agent-1.12.7.jar:/home/runner/.m2/repository/org/objenesis/objenesis/3.2/objenesis-3.2.jar:"/>
    <property name="java.vm.vendor" value="Temurin"/>
    <property name="sun.arch.data.model" value="64"/>
    <property name="java.vendor.url" value="https://adoptium.net/"/>
    <property name="user.timezone" value=""/>
    <property name="java.vm.specification.version" value="1.8"/>
    <property name="os.name" value="Linux"/>
    <property name="sun.java.launcher" value="SUN_STANDARD"/>
    <property name="sun.boot.library.path" value="/usr/lib/jvm/temurin-8-jdk-amd64/jre/lib/amd64"/>
    <property name="sun.java.command" value="/home/runner/work/ratis/ratis/ratis-test/target/surefire/surefirebooter-20240109021918210_105.jar /home/runner/work/ratis/ratis/ratis-test/target/surefire 2024-01-09T02-18-51_269-jvmRun1 surefire-20240109021918210_103tmp surefire_14-20240109021918210_104tmp"/>
    <property name="surefire.test.class.path" value="/home/runner/work/ratis/ratis/ratis-test/target/test-classes:/home/runner/work/ratis/ratis/ratis-test/target/classes:/home/runner/work/ratis/ratis/ratis-common/target/classes:/home/runner/.m2/repository/org/apache/ratis/ratis-thirdparty-misc/1.0.5/ratis-thirdparty-misc-1.0.5.jar:/home/runner/work/ratis/ratis/ratis-proto/target/classes:/home/runner/work/ratis/ratis/ratis-common/target/test-classes:/home/runner/work/ratis/ratis/ratis-client/target/classes:/home/runner/work/ratis/ratis/ratis-server/target/classes:/home/runner/work/ratis/ratis/ratis-server-api/target/classes:/home/runner/work/ratis/ratis/ratis-metrics-api/target/classes:/home/runner/work/ratis/ratis/ratis-server/target/test-classes:/home/runner/work/ratis/ratis/ratis-metrics-default/target/classes:/home/runner/work/ratis/ratis/ratis-netty/target/classes:/home/runner/work/ratis/ratis/ratis-netty/target/test-classes:/home/runner/work/ratis/ratis/ratis-grpc/target/classes:/home/runner/work/ratis/ratis/ratis-grpc/target/test-classes:/home/runner/work/ratis/ratis/ratis-shell/target/classes:/home/runner/.m2/repository/commons-cli/commons-cli/1.5.0/commons-cli-1.5.0.jar:/home/runner/.m2/repository/org/reflections/reflections/0.10.2/reflections-0.10.2.jar:/home/runner/.m2/repository/org/javassist/javassist/3.28.0-GA/javassist-3.28.0-GA.jar:/home/runner/.m2/repository/com/google/code/findbugs/jsr305/3.0.2/jsr305-3.0.2.jar:/home/runner/.m2/repository/org/bouncycastle/bcprov-jdk18on/1.76/bcprov-jdk18on-1.76.jar:/home/runner/.m2/repository/org/bouncycastle/bcpkix-jdk18on/1.76/bcpkix-jdk18on-1.76.jar:/home/runner/.m2/repository/org/bouncycastle/bcutil-jdk18on/1.76/bcutil-jdk18on-1.76.jar:/home/runner/.m2/repository/org/slf4j/slf4j-api/2.0.7/slf4j-api-2.0.7.jar:/home/runner/.m2/repository/org/slf4j/slf4j-reload4j/2.0.7/slf4j-reload4j-2.0.7.jar:/home/runner/.m2/repository/ch/qos/reload4j/reload4j/1.2.22/reload4j-1.2.22.jar:/home/runner/.m2/repository/junit/junit/4.13.2/junit-4.13.2.jar:/home/runner/.m2/repository/org/hamcrest/hamcrest-core/1.3/hamcrest-core-1.3.jar:/home/runner/.m2/repository/org/mockito/mockito-core/4.3.1/mockito-core-4.3.1.jar:/home/runner/.m2/repository/net/bytebuddy/byte-buddy/1.12.7/byte-buddy-1.12.7.jar:/home/runner/.m2/repository/net/bytebuddy/byte-buddy-agent/1.12.7/byte-buddy-agent-1.12.7.jar:/home/runner/.m2/repository/org/objenesis/objenesis/3.2/objenesis-3.2.jar:"/>
    <property name="sun.cpu.endian" value="little"/>
    <property name="user.home" value="/home/runner"/>
    <property name="user.language" value="en"/>
    <property name="java.specification.vendor" value="Oracle Corporation"/>
    <property name="java.home" value="/usr/lib/jvm/temurin-8-jdk-amd64/jre"/>
    <property name="basedir" value="/home/runner/work/ratis/ratis/ratis-test"/>
    <property name="file.separator" value="/"/>
    <property name="line.separator" value="&#10;"/>
    <property name="java.vm.specification.vendor" value="Oracle Corporation"/>
    <property name="java.specification.name" value="Java Platform API Specification"/>
    <property name="java.awt.graphicsenv" value="sun.awt.X11GraphicsEnvironment"/>
    <property name="surefire.real.class.path" value="/home/runner/work/ratis/ratis/ratis-test/target/surefire/surefirebooter-20240109021918210_105.jar:/home/runner/.m2/repository/org/jacoco/org.jacoco.agent/0.8.11/org.jacoco.agent-0.8.11-runtime.jar"/>
    <property name="sun.boot.class.path" value="/usr/lib/jvm/temurin-8-jdk-amd64/jre/lib/resources.jar:/usr/lib/jvm/temurin-8-jdk-amd64/jre/lib/rt.jar:/usr/lib/jvm/temurin-8-jdk-amd64/jre/lib/sunrsasign.jar:/usr/lib/jvm/temurin-8-jdk-amd64/jre/lib/jsse.jar:/usr/lib/jvm/temurin-8-jdk-amd64/jre/lib/jce.jar:/usr/lib/jvm/temurin-8-jdk-amd64/jre/lib/charsets.jar:/usr/lib/jvm/temurin-8-jdk-amd64/jre/lib/jfr.jar:/usr/lib/jvm/temurin-8-jdk-amd64/jre/classes"/>
    <property name="sun.management.compiler" value="HotSpot 64-Bit Tiered Compilers"/>
    <property name="java.runtime.version" value="1.8.0_392-b08"/>
    <property name="java.net.preferIPv4Stack" value="true"/>
    <property name="user.name" value="runner"/>
    <property name="path.separator" value=":"/>
    <property name="os.version" value="5.15.0-1053-azure"/>
    <property name="java.endorsed.dirs" value="/usr/lib/jvm/temurin-8-jdk-amd64/jre/lib/endorsed"/>
    <property name="java.runtime.name" value="OpenJDK Runtime Environment"/>
    <property name="file.encoding" value="UTF-8"/>
    <property name="java.vm.name" value="OpenJDK 64-Bit Server VM"/>
    <property name="localRepository" value="/home/runner/.m2/repository"/>
    <property name="java.vendor.url.bug" value="https://github.com/adoptium/adoptium-support/issues"/>
    <property name="java.io.tmpdir" value="/tmp"/>
    <property name="java.version" value="1.8.0_392"/>
    <property name="user.dir" value="/home/runner/work/ratis/ratis/ratis-test"/>
    <property name="os.arch" value="amd64"/>
    <property name="ratis.tmp.dir" value="/home/runner/work/ratis/ratis/ratis-test/target/tmp"/>
    <property name="java.vm.specification.name" value="Java Virtual Machine Specification"/>
    <property name="java.awt.printerjob" value="sun.print.PSPrinterJob"/>
    <property name="ratis.log.dir" value="/home/runner/work/ratis/ratis/ratis-test/target/log"/>
    <property name="sun.os.patch.level" value="unknown"/>
    <property name="java.library.path" value="/usr/java/packages/lib/amd64:/usr/lib64:/lib64:/lib:/usr/lib"/>
    <property name="java.vm.info" value="mixed mode"/>
    <property name="java.vendor" value="Temurin"/>
    <property name="java.vm.version" value="25.392-b08"/>
    <property name="java.specification.maintenance.version" value="5"/>
    <property name="java.ext.dirs" value="/usr/lib/jvm/temurin-8-jdk-amd64/jre/lib/ext:/usr/java/packages/lib/ext"/>
    <property name="sun.io.unicode.encoding" value="UnicodeLittle"/>
    <property name="java.class.version" value="52.0"/>
  </properties>
  <testcase name="testWithTimeout" classname="org.apache.ratis.grpc.util.TestStreamObserverWithTimeout" time="1.349">
    <error message="org.apache.ratis.thirdparty.io.grpc.StatusRuntimeException: CANCELLED: Cancelled by client with StreamObserver.onError()" type="java.util.concurrent.ExecutionException"><![CDATA[java.util.concurrent.ExecutionException: org.apache.ratis.thirdparty.io.grpc.StatusRuntimeException: CANCELLED: Cancelled by client with StreamObserver.onError()
	at java.util.concurrent.CompletableFuture.reportGet(CompletableFuture.java:357)
	at java.util.concurrent.CompletableFuture.get(CompletableFuture.java:1908)
	at org.apache.ratis.grpc.util.TestStreamObserverWithTimeout.runTestTimeout(TestStreamObserverWithTimeout.java:99)
	at org.apache.ratis.grpc.util.TestStreamObserverWithTimeout.testWithTimeout(TestStreamObserverWithTimeout.java:75)
	at sun.reflect.NativeMethodAccessorImpl.invoke0(Native Method)
	at sun.reflect.NativeMethodAccessorImpl.invoke(NativeMethodAccessorImpl.java:62)
	at sun.reflect.DelegatingMethodAccessorImpl.invoke(DelegatingMethodAccessorImpl.java:43)
	at java.lang.reflect.Method.invoke(Method.java:498)
	at org.junit.runners.model.FrameworkMethod$1.runReflectiveCall(FrameworkMethod.java:59)
	at org.junit.internal.runners.model.ReflectiveCallable.run(ReflectiveCallable.java:12)
	at org.junit.runners.model.FrameworkMethod.invokeExplosively(FrameworkMethod.java:56)
	at org.junit.internal.runners.statements.InvokeMethod.evaluate(InvokeMethod.java:17)
	at org.junit.internal.runners.statements.RunAfters.evaluate(RunAfters.java:27)
	at org.junit.internal.runners.statements.FailOnTimeout$CallableStatement.call(FailOnTimeout.java:299)
	at org.junit.internal.runners.statements.FailOnTimeout$CallableStatement.call(FailOnTimeout.java:293)
	at java.util.concurrent.FutureTask.run(FutureTask.java:266)
	at java.lang.Thread.run(Thread.java:750)
Caused by: org.apache.ratis.thirdparty.io.grpc.StatusRuntimeException: CANCELLED: Cancelled by client with StreamObserver.onError()
	at org.apache.ratis.thirdparty.io.grpc.Status.asRuntimeException(Status.java:537)
	at org.apache.ratis.thirdparty.io.grpc.stub.ClientCalls$StreamObserverToCallListenerAdapter.onClose(ClientCalls.java:481)
	at org.apache.ratis.thirdparty.io.grpc.PartialForwardingClientCallListener.onClose(PartialForwardingClientCallListener.java:39)
	at org.apache.ratis.thirdparty.io.grpc.ForwardingClientCallListener.onClose(ForwardingClientCallListener.java:23)
	at org.apache.ratis.thirdparty.io.grpc.ForwardingClientCallListener$SimpleForwardingClientCallListener.onClose(ForwardingClientCallListener.java:40)
	at org.apache.ratis.thirdparty.io.grpc.internal.DelayedClientCall$DelayedListener$3.run(DelayedClientCall.java:489)
	at org.apache.ratis.thirdparty.io.grpc.internal.DelayedClientCall$DelayedListener.delayOrExecute(DelayedClientCall.java:453)
	at org.apache.ratis.thirdparty.io.grpc.internal.DelayedClientCall$DelayedListener.onClose(DelayedClientCall.java:486)
	at org.apache.ratis.thirdparty.io.grpc.internal.ClientCallImpl.closeObserver(ClientCallImpl.java:567)
	at org.apache.ratis.thirdparty.io.grpc.internal.ClientCallImpl.access$300(ClientCallImpl.java:71)
	at org.apache.ratis.thirdparty.io.grpc.internal.ClientCallImpl$ClientStreamListenerImpl$1StreamClosed.runInternal(ClientCallImpl.java:735)
	at org.apache.ratis.thirdparty.io.grpc.internal.ClientCallImpl$ClientStreamListenerImpl$1StreamClosed.runInContext(ClientCallImpl.java:716)
	at org.apache.ratis.thirdparty.io.grpc.internal.ContextRunnable.run(ContextRunnable.java:37)
	at org.apache.ratis.thirdparty.io.grpc.internal.SerializingExecutor.run(SerializingExecutor.java:133)
	at java.util.concurrent.ThreadPoolExecutor.runWorker(ThreadPoolExecutor.java:1149)
	at java.util.concurrent.ThreadPoolExecutor$Worker.run(ThreadPoolExecutor.java:624)
	... 1 more
Caused by: org.apache.ratis.protocol.exceptions.TimeoutIOException: StreamObserverWithTimeout-test: Timed out 500ms for sending request HelloRequest:m0
	at org.apache.ratis.grpc.util.StreamObserverWithTimeout.handleTimeout(StreamObserverWithTimeout.java:108)
	at org.apache.ratis.grpc.util.StreamObserverWithTimeout.lambda$onNext$2(StreamObserverWithTimeout.java:102)
	at org.apache.ratis.util.TimeoutTimer.lambda$onTimeout$2(TimeoutTimer.java:101)
	at org.apache.ratis.util.LogUtils.runAndLog(LogUtils.java:38)
	at org.apache.ratis.util.LogUtils$1.run(LogUtils.java:78)
	at org.apache.ratis.util.TimeoutTimer$Task.run(TimeoutTimer.java:55)
	at java.util.TimerThread.mainLoop(Timer.java:555)
	at java.util.TimerThread.run(Timer.java:505)
]]></error>
    <system-out><![CDATA[2024-01-09 02:24:53,357 [main] INFO  util.LogUtils (Slf4jUtils.java:setLogLevel(38)) - Successfully set org.apache.ratis.conf.ConfUtils log level to WARN
2024-01-09 02:24:53,363 [main] INFO  util.LogUtils (Slf4jUtils.java:setLogLevel(38)) - Successfully set org.apache.ratis.util.FileUtils log level to TRACE
2024-01-09 02:24:53,373 [main] INFO  util.LogUtils (Slf4jUtils.java:setLogLevel(38)) - Successfully set org.apache.ratis.grpc.util.ResponseNotifyClientInterceptor log level to TRACE
2024-01-09 02:24:53,378 [Time-limited test] INFO  util.TestStreamObserverWithTimeout (TestStreamObserverWithTimeout.java:runTestTimeout(79)) - slow = 12, WithTimeout
2024-01-09 02:24:54,050 [Time-limited test] DEBUG util.ResponseNotifyClientInterceptor (ResponseNotifyClientInterceptor.java:interceptCall(48)) - callOptions CallOptions{deadline=null, authority=null, callCredentials=null, executor=null, compressorName=null, customOptions=[[internal-stub-type, ASYNC]], waitForReady=false, maxInboundMessageSize=null, maxOutboundMessageSize=null, streamTracerFactories=[]}
2024-01-09 02:24:54,067 [Time-limited test] DEBUG util.ResponseNotifyClientInterceptor (ResponseNotifyClientInterceptor.java:start(61)) - start Metadata()
2024-01-09 02:24:54,071 [Time-limited test] INFO  util.GrpcTestClient (GrpcTestClient.java:send(114)) - send m0
2024-01-09 02:24:54,093 [Time-limited test] INFO  util.GrpcTestClient (GrpcTestClient.java:send(114)) - send m1
2024-01-09 02:24:54,094 [Time-limited test] INFO  util.GrpcTestClient (GrpcTestClient.java:send(114)) - send m2
2024-01-09 02:24:54,406 [grpc-default-executor-0] INFO  util.GrpcTestServer (GrpcTestServer.java:onNext(85)) - count = 0) Hello m0, slow = 12, sleep 50ms
2024-01-09 02:24:54,468 [grpc-default-executor-0] INFO  util.GrpcTestServer (GrpcTestServer.java:onNext(85)) - count = 1) Hello m1, slow = 12, sleep 50ms
2024-01-09 02:24:54,595 [Time-limited test] INFO  util.GrpcTestClient (GrpcTestClient.java:send(114)) - send m3
2024-01-09 02:24:54,596 [Time-limited test] INFO  util.GrpcTestClient (GrpcTestClient.java:send(114)) - send m4
2024-01-09 02:24:54,596 [Time-limited test] INFO  util.GrpcTestClient (GrpcTestClient.java:send(114)) - send m5
2024-01-09 02:24:54,596 [Time-limited test] INFO  util.GrpcTestClient (GrpcTestClient.java:send(114)) - send m6
2024-01-09 02:24:54,596 [Time-limited test] INFO  util.GrpcTestClient (GrpcTestClient.java:send(114)) - send m7
2024-01-09 02:24:54,596 [Time-limited test] INFO  util.GrpcTestClient (GrpcTestClient.java:send(114)) - send m8
2024-01-09 02:24:54,596 [Time-limited test] INFO  util.GrpcTestClient (GrpcTestClient.java:send(114)) - send m9
2024-01-09 02:24:54,596 [Time-limited test] INFO  util.GrpcTestClient (GrpcTestClient.java:send(114)) - send m10
2024-01-09 02:24:54,597 [Time-limited test] INFO  util.GrpcTestClient (GrpcTestClient.java:send(114)) - send m11
2024-01-09 02:24:54,597 [Time-limited test] INFO  util.GrpcTestClient (GrpcTestClient.java:send(114)) - send m12
2024-01-09 02:24:54,597 [Time-limited test] INFO  util.GrpcTestClient (GrpcTestClient.java:send(114)) - send m13
2024-01-09 02:24:54,597 [Time-limited test] INFO  util.GrpcTestClient (GrpcTestClient.java:send(114)) - send m14
2024-01-09 02:24:54,597 [Time-limited test] INFO  util.GrpcTestClient (GrpcTestClient.java:send(114)) - send m15
2024-01-09 02:24:54,597 [Time-limited test] INFO  util.GrpcTestClient (GrpcTestClient.java:send(114)) - send m16
2024-01-09 02:24:54,597 [Time-limited test] INFO  util.GrpcTestClient (GrpcTestClient.java:send(114)) - send m17
2024-01-09 02:24:54,598 [Time-limited test] INFO  util.GrpcTestClient (GrpcTestClient.java:send(114)) - send m18
2024-01-09 02:24:54,598 [Time-limited test] INFO  util.GrpcTestClient (GrpcTestClient.java:send(114)) - send m19
2024-01-09 02:24:54,598 [Time-limited test] INFO  util.GrpcTestClient (GrpcTestClient.java:send(114)) - send m20
2024-01-09 02:24:54,598 [Time-limited test] INFO  util.GrpcTestClient (GrpcTestClient.java:send(114)) - send m21
2024-01-09 02:24:54,598 [Time-limited test] INFO  util.GrpcTestClient (GrpcTestClient.java:send(114)) - send m22
2024-01-09 02:24:54,598 [Time-limited test] INFO  util.GrpcTestClient (GrpcTestClient.java:send(114)) - send m23
2024-01-09 02:24:54,599 [grpc-default-executor-2] DEBUG util.ResponseNotifyClientInterceptor (ResponseNotifyClientInterceptor.java:onMessage(65)) - onMessage message: "0) Hello m0"

2024-01-09 02:24:54,600 [Time-limited test] INFO  util.TestStreamObserverWithTimeout (TestStreamObserverWithTimeout.java:runTestTimeout(101)) - 0) passed
2024-01-09 02:24:54,601 [grpc-default-executor-2] INFO  util.GrpcTestClient (GrpcTestClient.java:onError(81)) - onError
org.apache.ratis.thirdparty.io.grpc.StatusRuntimeException: CANCELLED: Cancelled by client with StreamObserver.onError()
	at org.apache.ratis.thirdparty.io.grpc.Status.asRuntimeException(Status.java:537)
	at org.apache.ratis.thirdparty.io.grpc.stub.ClientCalls$StreamObserverToCallListenerAdapter.onClose(ClientCalls.java:481)
	at org.apache.ratis.thirdparty.io.grpc.PartialForwardingClientCallListener.onClose(PartialForwardingClientCallListener.java:39)
	at org.apache.ratis.thirdparty.io.grpc.ForwardingClientCallListener.onClose(ForwardingClientCallListener.java:23)
	at org.apache.ratis.thirdparty.io.grpc.ForwardingClientCallListener$SimpleForwardingClientCallListener.onClose(ForwardingClientCallListener.java:40)
	at org.apache.ratis.thirdparty.io.grpc.internal.DelayedClientCall$DelayedListener$3.run(DelayedClientCall.java:489)
	at org.apache.ratis.thirdparty.io.grpc.internal.DelayedClientCall$DelayedListener.delayOrExecute(DelayedClientCall.java:453)
	at org.apache.ratis.thirdparty.io.grpc.internal.DelayedClientCall$DelayedListener.onClose(DelayedClientCall.java:486)
	at org.apache.ratis.thirdparty.io.grpc.internal.ClientCallImpl.closeObserver(ClientCallImpl.java:567)
	at org.apache.ratis.thirdparty.io.grpc.internal.ClientCallImpl.access$300(ClientCallImpl.java:71)
	at org.apache.ratis.thirdparty.io.grpc.internal.ClientCallImpl$ClientStreamListenerImpl$1StreamClosed.runInternal(ClientCallImpl.java:735)
	at org.apache.ratis.thirdparty.io.grpc.internal.ClientCallImpl$ClientStreamListenerImpl$1StreamClosed.runInContext(ClientCallImpl.java:716)
	at org.apache.ratis.thirdparty.io.grpc.internal.ContextRunnable.run(ContextRunnable.java:37)
	at org.apache.ratis.thirdparty.io.grpc.internal.SerializingExecutor.run(SerializingExecutor.java:133)
	at java.util.concurrent.ThreadPoolExecutor.runWorker(ThreadPoolExecutor.java:1149)
	at java.util.concurrent.ThreadPoolExecutor$Worker.run(ThreadPoolExecutor.java:624)
	at java.lang.Thread.run(Thread.java:750)
Caused by: org.apache.ratis.protocol.exceptions.TimeoutIOException: StreamObserverWithTimeout-test: Timed out 500ms for sending request HelloRequest:m0
	at org.apache.ratis.grpc.util.StreamObserverWithTimeout.handleTimeout(StreamObserverWithTimeout.java:108)
	at org.apache.ratis.grpc.util.StreamObserverWithTimeout.lambda$onNext$2(StreamObserverWithTimeout.java:102)
	at org.apache.ratis.util.TimeoutTimer.lambda$onTimeout$2(TimeoutTimer.java:101)
	at org.apache.ratis.util.LogUtils.runAndLog(LogUtils.java:38)
	at org.apache.ratis.util.LogUtils$1.run(LogUtils.java:78)
	at org.apache.ratis.util.TimeoutTimer$Task.run(TimeoutTimer.java:55)
	at java.util.TimerThread.mainLoop(Timer.java:555)
	at java.util.TimerThread.run(Timer.java:505)
2024-01-09 02:24:54,611 [grpc-default-executor-2] ERROR util.GrpcTestServer (GrpcTestServer.java:onError(98)) - onError
org.apache.ratis.thirdparty.io.grpc.StatusRuntimeException: CANCELLED: client cancelled
	at org.apache.ratis.thirdparty.io.grpc.Status.asRuntimeException(Status.java:529)
	at org.apache.ratis.thirdparty.io.grpc.stub.ServerCalls$StreamingServerCallHandler$StreamingServerCallListener.onCancel(ServerCalls.java:291)
	at org.apache.ratis.thirdparty.io.grpc.internal.ServerCallImpl$ServerStreamListenerImpl.closedInternal(ServerCallImpl.java:370)
	at org.apache.ratis.thirdparty.io.grpc.internal.ServerCallImpl$ServerStreamListenerImpl.closed(ServerCallImpl.java:359)
	at org.apache.ratis.thirdparty.io.grpc.internal.ServerImpl$JumpToApplicationThreadServerStreamListener$1Closed.runInContext(ServerImpl.java:909)
	at org.apache.ratis.thirdparty.io.grpc.internal.ContextRunnable.run(ContextRunnable.java:37)
	at org.apache.ratis.thirdparty.io.grpc.internal.SerializingExecutor.run(SerializingExecutor.java:133)
	at java.util.concurrent.ThreadPoolExecutor.runWorker(ThreadPoolExecutor.java:1149)
	at java.util.concurrent.ThreadPoolExecutor$Worker.run(ThreadPoolExecutor.java:624)
	at java.lang.Thread.run(Thread.java:750)
]]></system-out>
  </testcase>
  <testcase name="testWithDeadline" classname="org.apache.ratis.grpc.util.TestStreamObserverWithTimeout" time="0.535">
    <system-out><![CDATA[2024-01-09 02:24:54,623 [main] INFO  util.LogUtils (Slf4jUtils.java:setLogLevel(38)) - Successfully set org.apache.ratis.conf.ConfUtils log level to WARN
2024-01-09 02:24:54,623 [main] INFO  util.LogUtils (Slf4jUtils.java:setLogLevel(38)) - Successfully set org.apache.ratis.util.FileUtils log level to TRACE
2024-01-09 02:24:54,623 [main] INFO  util.LogUtils (Slf4jUtils.java:setLogLevel(38)) - Successfully set org.apache.ratis.grpc.util.ResponseNotifyClientInterceptor log level to TRACE
2024-01-09 02:24:54,624 [Time-limited test] INFO  util.TestStreamObserverWithTimeout (TestStreamObserverWithTimeout.java:runTestTimeout(79)) - slow = 8, WithDeadline
2024-01-09 02:24:54,629 [Time-limited test] INFO  util.GrpcTestClient (GrpcTestClient.java:send(114)) - send m0
2024-01-09 02:24:54,629 [Time-limited test] INFO  util.GrpcTestClient (GrpcTestClient.java:send(114)) - send m1
2024-01-09 02:24:54,630 [Time-limited test] INFO  util.GrpcTestClient (GrpcTestClient.java:send(114)) - send m2
2024-01-09 02:24:54,630 [Time-limited test] INFO  util.GrpcTestClient (GrpcTestClient.java:send(114)) - send m3
2024-01-09 02:24:54,630 [Time-limited test] INFO  util.GrpcTestClient (GrpcTestClient.java:send(114)) - send m4
2024-01-09 02:24:54,630 [Time-limited test] INFO  util.GrpcTestClient (GrpcTestClient.java:send(114)) - send m5
2024-01-09 02:24:54,630 [Time-limited test] INFO  util.GrpcTestClient (GrpcTestClient.java:send(114)) - send m6
2024-01-09 02:24:54,630 [Time-limited test] INFO  util.GrpcTestClient (GrpcTestClient.java:send(114)) - send m7
2024-01-09 02:24:54,630 [Time-limited test] INFO  util.GrpcTestClient (GrpcTestClient.java:send(114)) - send m8
2024-01-09 02:24:54,631 [Time-limited test] INFO  util.GrpcTestClient (GrpcTestClient.java:send(114)) - send m9
2024-01-09 02:24:54,631 [Time-limited test] INFO  util.GrpcTestClient (GrpcTestClient.java:send(114)) - send m10
2024-01-09 02:24:54,631 [Time-limited test] INFO  util.GrpcTestClient (GrpcTestClient.java:send(114)) - send m11
2024-01-09 02:24:54,631 [Time-limited test] INFO  util.GrpcTestClient (GrpcTestClient.java:send(114)) - send m12
2024-01-09 02:24:54,631 [Time-limited test] INFO  util.GrpcTestClient (GrpcTestClient.java:send(114)) - send m13
2024-01-09 02:24:54,631 [Time-limited test] INFO  util.GrpcTestClient (GrpcTestClient.java:send(114)) - send m14
2024-01-09 02:24:54,631 [Time-limited test] INFO  util.GrpcTestClient (GrpcTestClient.java:send(114)) - send m15
2024-01-09 02:24:54,642 [grpc-default-executor-2] INFO  util.GrpcTestServer (GrpcTestServer.java:onNext(85)) - count = 0) Hello m0, slow = 8, sleep 50ms
2024-01-09 02:24:54,694 [grpc-default-executor-2] INFO  util.GrpcTestServer (GrpcTestServer.java:onNext(85)) - count = 1) Hello m1, slow = 8, sleep 50ms
2024-01-09 02:24:54,694 [Time-limited test] INFO  util.TestStreamObserverWithTimeout (TestStreamObserverWithTimeout.java:runTestTimeout(101)) - 0) passed
2024-01-09 02:24:54,745 [grpc-default-executor-2] INFO  util.GrpcTestServer (GrpcTestServer.java:onNext(85)) - count = 2) Hello m2, slow = 8, sleep 50ms
2024-01-09 02:24:54,746 [Time-limited test] INFO  util.TestStreamObserverWithTimeout (TestStreamObserverWithTimeout.java:runTestTimeout(101)) - 1) passed
2024-01-09 02:24:54,797 [Time-limited test] INFO  util.TestStreamObserverWithTimeout (TestStreamObserverWithTimeout.java:runTestTimeout(101)) - 2) passed
2024-01-09 02:24:54,797 [grpc-default-executor-1] INFO  util.GrpcTestServer (GrpcTestServer.java:onNext(85)) - count = 3) Hello m3, slow = 8, sleep 50ms
2024-01-09 02:24:54,848 [grpc-default-executor-1] INFO  util.GrpcTestServer (GrpcTestServer.java:onNext(85)) - count = 4) Hello m4, slow = 8, sleep 50ms
2024-01-09 02:24:54,848 [Time-limited test] INFO  util.TestStreamObserverWithTimeout (TestStreamObserverWithTimeout.java:runTestTimeout(101)) - 3) passed
2024-01-09 02:24:54,899 [grpc-default-executor-1] INFO  util.GrpcTestServer (GrpcTestServer.java:onNext(85)) - count = 5) Hello m5, slow = 8, sleep 50ms
2024-01-09 02:24:54,899 [Time-limited test] INFO  util.TestStreamObserverWithTimeout (TestStreamObserverWithTimeout.java:runTestTimeout(101)) - 4) passed
2024-01-09 02:24:54,951 [grpc-default-executor-1] INFO  util.GrpcTestServer (GrpcTestServer.java:onNext(85)) - count = 6) Hello m6, slow = 8, sleep 50ms
2024-01-09 02:24:54,951 [Time-limited test] INFO  util.TestStreamObserverWithTimeout (TestStreamObserverWithTimeout.java:runTestTimeout(101)) - 5) passed
2024-01-09 02:24:55,002 [grpc-default-executor-1] INFO  util.GrpcTestServer (GrpcTestServer.java:onNext(85)) - count = 7) Hello m7, slow = 8, sleep 50ms
2024-01-09 02:24:55,002 [Time-limited test] INFO  util.TestStreamObserverWithTimeout (TestStreamObserverWithTimeout.java:runTestTimeout(101)) - 6) passed
2024-01-09 02:24:55,053 [grpc-default-executor-1] INFO  util.GrpcTestServer (GrpcTestServer.java:onNext(85)) - count = 8) Hello m8, slow = 8, sleep 1000ms
2024-01-09 02:24:55,053 [Time-limited test] INFO  util.TestStreamObserverWithTimeout (TestStreamObserverWithTimeout.java:runTestTimeout(101)) - 7) passed
2024-01-09 02:24:55,125 [grpc-default-executor-2] INFO  util.GrpcTestClient (GrpcTestClient.java:onError(81)) - onError
org.apache.ratis.thirdparty.io.grpc.StatusRuntimeException: DEADLINE_EXCEEDED: deadline exceeded after 0.493434220s. [closed=[], committed=[buffered_nanos=2680047, remote_addr=localhost/127.0.0.1:15001]]
	at org.apache.ratis.thirdparty.io.grpc.Status.asRuntimeException(Status.java:537)
	at org.apache.ratis.thirdparty.io.grpc.stub.ClientCalls$StreamObserverToCallListenerAdapter.onClose(ClientCalls.java:481)
	at org.apache.ratis.thirdparty.io.grpc.internal.DelayedClientCall$DelayedListener$3.run(DelayedClientCall.java:489)
	at org.apache.ratis.thirdparty.io.grpc.internal.DelayedClientCall$DelayedListener.delayOrExecute(DelayedClientCall.java:453)
	at org.apache.ratis.thirdparty.io.grpc.internal.DelayedClientCall$DelayedListener.onClose(DelayedClientCall.java:486)
	at org.apache.ratis.thirdparty.io.grpc.internal.ClientCallImpl.closeObserver(ClientCallImpl.java:567)
	at org.apache.ratis.thirdparty.io.grpc.internal.ClientCallImpl.access$300(ClientCallImpl.java:71)
	at org.apache.ratis.thirdparty.io.grpc.internal.ClientCallImpl$ClientStreamListenerImpl$1StreamClosed.runInternal(ClientCallImpl.java:735)
	at org.apache.ratis.thirdparty.io.grpc.internal.ClientCallImpl$ClientStreamListenerImpl$1StreamClosed.runInContext(ClientCallImpl.java:716)
	at org.apache.ratis.thirdparty.io.grpc.internal.ContextRunnable.run(ContextRunnable.java:37)
	at org.apache.ratis.thirdparty.io.grpc.internal.SerializingExecutor.run(SerializingExecutor.java:133)
	at java.util.concurrent.ThreadPoolExecutor.runWorker(ThreadPoolExecutor.java:1149)
	at java.util.concurrent.ThreadPoolExecutor$Worker.run(ThreadPoolExecutor.java:624)
	at java.lang.Thread.run(Thread.java:750)
2024-01-09 02:24:55,148 [Time-limited test] INFO  util.TestStreamObserverWithTimeout (TestStreamObserverWithTimeout.java:runTestTimeout(111)) - GOOD! 8) java.util.concurrent.CompletionException: org.apache.ratis.thirdparty.io.grpc.StatusRuntimeException: DEADLINE_EXCEEDED: deadline exceeded after 0.493434220s. [closed=[], committed=[buffered_nanos=2680047, remote_addr=localhost/127.0.0.1:15001]], {}
java.util.concurrent.ExecutionException: org.apache.ratis.thirdparty.io.grpc.StatusRuntimeException: DEADLINE_EXCEEDED: deadline exceeded after 0.493434220s. [closed=[], committed=[buffered_nanos=2680047, remote_addr=localhost/127.0.0.1:15001]]
	at java.util.concurrent.CompletableFuture.reportGet(CompletableFuture.java:357)
	at java.util.concurrent.CompletableFuture.get(CompletableFuture.java:1908)
	at org.apache.ratis.grpc.util.TestStreamObserverWithTimeout.runTestTimeout(TestStreamObserverWithTimeout.java:107)
	at org.apache.ratis.grpc.util.TestStreamObserverWithTimeout.testWithDeadline(TestStreamObserverWithTimeout.java:60)
	at sun.reflect.NativeMethodAccessorImpl.invoke0(Native Method)
	at sun.reflect.NativeMethodAccessorImpl.invoke(NativeMethodAccessorImpl.java:62)
	at sun.reflect.DelegatingMethodAccessorImpl.invoke(DelegatingMethodAccessorImpl.java:43)
	at java.lang.reflect.Method.invoke(Method.java:498)
	at org.junit.runners.model.FrameworkMethod$1.runReflectiveCall(FrameworkMethod.java:59)
	at org.junit.internal.runners.model.ReflectiveCallable.run(ReflectiveCallable.java:12)
	at org.junit.runners.model.FrameworkMethod.invokeExplosively(FrameworkMethod.java:56)
	at org.junit.internal.runners.statements.InvokeMethod.evaluate(InvokeMethod.java:17)
	at org.junit.internal.runners.statements.RunAfters.evaluate(RunAfters.java:27)
	at org.junit.internal.runners.statements.FailOnTimeout$CallableStatement.call(FailOnTimeout.java:299)
	at org.junit.internal.runners.statements.FailOnTimeout$CallableStatement.call(FailOnTimeout.java:293)
	at java.util.concurrent.FutureTask.run(FutureTask.java:266)
	at java.lang.Thread.run(Thread.java:750)
Caused by: org.apache.ratis.thirdparty.io.grpc.StatusRuntimeException: DEADLINE_EXCEEDED: deadline exceeded after 0.493434220s. [closed=[], committed=[buffered_nanos=2680047, remote_addr=localhost/127.0.0.1:15001]]
	at org.apache.ratis.thirdparty.io.grpc.Status.asRuntimeException(Status.java:537)
	at org.apache.ratis.thirdparty.io.grpc.stub.ClientCalls$StreamObserverToCallListenerAdapter.onClose(ClientCalls.java:481)
	at org.apache.ratis.thirdparty.io.grpc.internal.DelayedClientCall$DelayedListener$3.run(DelayedClientCall.java:489)
	at org.apache.ratis.thirdparty.io.grpc.internal.DelayedClientCall$DelayedListener.delayOrExecute(DelayedClientCall.java:453)
	at org.apache.ratis.thirdparty.io.grpc.internal.DelayedClientCall$DelayedListener.onClose(DelayedClientCall.java:486)
	at org.apache.ratis.thirdparty.io.grpc.internal.ClientCallImpl.closeObserver(ClientCallImpl.java:567)
	at org.apache.ratis.thirdparty.io.grpc.internal.ClientCallImpl.access$300(ClientCallImpl.java:71)
	at org.apache.ratis.thirdparty.io.grpc.internal.ClientCallImpl$ClientStreamListenerImpl$1StreamClosed.runInternal(ClientCallImpl.java:735)
	at org.apache.ratis.thirdparty.io.grpc.internal.ClientCallImpl$ClientStreamListenerImpl$1StreamClosed.runInContext(ClientCallImpl.java:716)
	at org.apache.ratis.thirdparty.io.grpc.internal.ContextRunnable.run(ContextRunnable.java:37)
	at org.apache.ratis.thirdparty.io.grpc.internal.SerializingExecutor.run(SerializingExecutor.java:133)
	at java.util.concurrent.ThreadPoolExecutor.runWorker(ThreadPoolExecutor.java:1149)
	at java.util.concurrent.ThreadPoolExecutor$Worker.run(ThreadPoolExecutor.java:624)
	... 1 more
2024-01-09 02:24:55,149 [Time-limited test] INFO  util.TestStreamObserverWithTimeout (TestStreamObserverWithTimeout.java:runTestTimeout(111)) - GOOD! 9) java.util.concurrent.CompletionException: org.apache.ratis.thirdparty.io.grpc.StatusRuntimeException: DEADLINE_EXCEEDED: deadline exceeded after 0.493434220s. [closed=[], committed=[buffered_nanos=2680047, remote_addr=localhost/127.0.0.1:15001]], {}
java.util.concurrent.ExecutionException: org.apache.ratis.thirdparty.io.grpc.StatusRuntimeException: DEADLINE_EXCEEDED: deadline exceeded after 0.493434220s. [closed=[], committed=[buffered_nanos=2680047, remote_addr=localhost/127.0.0.1:15001]]
	at java.util.concurrent.CompletableFuture.reportGet(CompletableFuture.java:357)
	at java.util.concurrent.CompletableFuture.get(CompletableFuture.java:1908)
	at org.apache.ratis.grpc.util.TestStreamObserverWithTimeout.runTestTimeout(TestStreamObserverWithTimeout.java:107)
	at org.apache.ratis.grpc.util.TestStreamObserverWithTimeout.testWithDeadline(TestStreamObserverWithTimeout.java:60)
	at sun.reflect.NativeMethodAccessorImpl.invoke0(Native Method)
	at sun.reflect.NativeMethodAccessorImpl.invoke(NativeMethodAccessorImpl.java:62)
	at sun.reflect.DelegatingMethodAccessorImpl.invoke(DelegatingMethodAccessorImpl.java:43)
	at java.lang.reflect.Method.invoke(Method.java:498)
	at org.junit.runners.model.FrameworkMethod$1.runReflectiveCall(FrameworkMethod.java:59)
	at org.junit.internal.runners.model.ReflectiveCallable.run(ReflectiveCallable.java:12)
	at org.junit.runners.model.FrameworkMethod.invokeExplosively(FrameworkMethod.java:56)
	at org.junit.internal.runners.statements.InvokeMethod.evaluate(InvokeMethod.java:17)
	at org.junit.internal.runners.statements.RunAfters.evaluate(RunAfters.java:27)
	at org.junit.internal.runners.statements.FailOnTimeout$CallableStatement.call(FailOnTimeout.java:299)
	at org.junit.internal.runners.statements.FailOnTimeout$CallableStatement.call(FailOnTimeout.java:293)
	at java.util.concurrent.FutureTask.run(FutureTask.java:266)
	at java.lang.Thread.run(Thread.java:750)
Caused by: org.apache.ratis.thirdparty.io.grpc.StatusRuntimeException: DEADLINE_EXCEEDED: deadline exceeded after 0.493434220s. [closed=[], committed=[buffered_nanos=2680047, remote_addr=localhost/127.0.0.1:15001]]
	at org.apache.ratis.thirdparty.io.grpc.Status.asRuntimeException(Status.java:537)
	at org.apache.ratis.thirdparty.io.grpc.stub.ClientCalls$StreamObserverToCallListenerAdapter.onClose(ClientCalls.java:481)
	at org.apache.ratis.thirdparty.io.grpc.internal.DelayedClientCall$DelayedListener$3.run(DelayedClientCall.java:489)
	at org.apache.ratis.thirdparty.io.grpc.internal.DelayedClientCall$DelayedListener.delayOrExecute(DelayedClientCall.java:453)
	at org.apache.ratis.thirdparty.io.grpc.internal.DelayedClientCall$DelayedListener.onClose(DelayedClientCall.java:486)
	at org.apache.ratis.thirdparty.io.grpc.internal.ClientCallImpl.closeObserver(ClientCallImpl.java:567)
	at org.apache.ratis.thirdparty.io.grpc.internal.ClientCallImpl.access$300(ClientCallImpl.java:71)
	at org.apache.ratis.thirdparty.io.grpc.internal.ClientCallImpl$ClientStreamListenerImpl$1StreamClosed.runInternal(ClientCallImpl.java:735)
	at org.apache.ratis.thirdparty.io.grpc.internal.ClientCallImpl$ClientStreamListenerImpl$1StreamClosed.runInContext(ClientCallImpl.java:716)
	at org.apache.ratis.thirdparty.io.grpc.internal.ContextRunnable.run(ContextRunnable.java:37)
	at org.apache.ratis.thirdparty.io.grpc.internal.SerializingExecutor.run(SerializingExecutor.java:133)
	at java.util.concurrent.ThreadPoolExecutor.runWorker(ThreadPoolExecutor.java:1149)
	at java.util.concurrent.ThreadPoolExecutor$Worker.run(ThreadPoolExecutor.java:624)
	... 1 more
2024-01-09 02:24:55,150 [Time-limited test] INFO  util.TestStreamObserverWithTimeout (TestStreamObserverWithTimeout.java:runTestTimeout(111)) - GOOD! 10) java.util.concurrent.CompletionException: org.apache.ratis.thirdparty.io.grpc.StatusRuntimeException: DEADLINE_EXCEEDED: deadline exceeded after 0.493434220s. [closed=[], committed=[buffered_nanos=2680047, remote_addr=localhost/127.0.0.1:15001]], {}
java.util.concurrent.ExecutionException: org.apache.ratis.thirdparty.io.grpc.StatusRuntimeException: DEADLINE_EXCEEDED: deadline exceeded after 0.493434220s. [closed=[], committed=[buffered_nanos=2680047, remote_addr=localhost/127.0.0.1:15001]]
	at java.util.concurrent.CompletableFuture.reportGet(CompletableFuture.java:357)
	at java.util.concurrent.CompletableFuture.get(CompletableFuture.java:1908)
	at org.apache.ratis.grpc.util.TestStreamObserverWithTimeout.runTestTimeout(TestStreamObserverWithTimeout.java:107)
	at org.apache.ratis.grpc.util.TestStreamObserverWithTimeout.testWithDeadline(TestStreamObserverWithTimeout.java:60)
	at sun.reflect.NativeMethodAccessorImpl.invoke0(Native Method)
	at sun.reflect.NativeMethodAccessorImpl.invoke(NativeMethodAccessorImpl.java:62)
	at sun.reflect.DelegatingMethodAccessorImpl.invoke(DelegatingMethodAccessorImpl.java:43)
	at java.lang.reflect.Method.invoke(Method.java:498)
	at org.junit.runners.model.FrameworkMethod$1.runReflectiveCall(FrameworkMethod.java:59)
	at org.junit.internal.runners.model.ReflectiveCallable.run(ReflectiveCallable.java:12)
	at org.junit.runners.model.FrameworkMethod.invokeExplosively(FrameworkMethod.java:56)
	at org.junit.internal.runners.statements.InvokeMethod.evaluate(InvokeMethod.java:17)
	at org.junit.internal.runners.statements.RunAfters.evaluate(RunAfters.java:27)
	at org.junit.internal.runners.statements.FailOnTimeout$CallableStatement.call(FailOnTimeout.java:299)
	at org.junit.internal.runners.statements.FailOnTimeout$CallableStatement.call(FailOnTimeout.java:293)
	at java.util.concurrent.FutureTask.run(FutureTask.java:266)
	at java.lang.Thread.run(Thread.java:750)
Caused by: org.apache.ratis.thirdparty.io.grpc.StatusRuntimeException: DEADLINE_EXCEEDED: deadline exceeded after 0.493434220s. [closed=[], committed=[buffered_nanos=2680047, remote_addr=localhost/127.0.0.1:15001]]
	at org.apache.ratis.thirdparty.io.grpc.Status.asRuntimeException(Status.java:537)
	at org.apache.ratis.thirdparty.io.grpc.stub.ClientCalls$StreamObserverToCallListenerAdapter.onClose(ClientCalls.java:481)
	at org.apache.ratis.thirdparty.io.grpc.internal.DelayedClientCall$DelayedListener$3.run(DelayedClientCall.java:489)
	at org.apache.ratis.thirdparty.io.grpc.internal.DelayedClientCall$DelayedListener.delayOrExecute(DelayedClientCall.java:453)
	at org.apache.ratis.thirdparty.io.grpc.internal.DelayedClientCall$DelayedListener.onClose(DelayedClientCall.java:486)
	at org.apache.ratis.thirdparty.io.grpc.internal.ClientCallImpl.closeObserver(ClientCallImpl.java:567)
	at org.apache.ratis.thirdparty.io.grpc.internal.ClientCallImpl.access$300(ClientCallImpl.java:71)
	at org.apache.ratis.thirdparty.io.grpc.internal.ClientCallImpl$ClientStreamListenerImpl$1StreamClosed.runInternal(ClientCallImpl.java:735)
	at org.apache.ratis.thirdparty.io.grpc.internal.ClientCallImpl$ClientStreamListenerImpl$1StreamClosed.runInContext(ClientCallImpl.java:716)
	at org.apache.ratis.thirdparty.io.grpc.internal.ContextRunnable.run(ContextRunnable.java:37)
	at org.apache.ratis.thirdparty.io.grpc.internal.SerializingExecutor.run(SerializingExecutor.java:133)
	at java.util.concurrent.ThreadPoolExecutor.runWorker(ThreadPoolExecutor.java:1149)
	at java.util.concurrent.ThreadPoolExecutor$Worker.run(ThreadPoolExecutor.java:624)
	... 1 more
2024-01-09 02:24:55,150 [Time-limited test] INFO  util.TestStreamObserverWithTimeout (TestStreamObserverWithTimeout.java:runTestTimeout(111)) - GOOD! 11) java.util.concurrent.CompletionException: org.apache.ratis.thirdparty.io.grpc.StatusRuntimeException: DEADLINE_EXCEEDED: deadline exceeded after 0.493434220s. [closed=[], committed=[buffered_nanos=2680047, remote_addr=localhost/127.0.0.1:15001]], {}
java.util.concurrent.ExecutionException: org.apache.ratis.thirdparty.io.grpc.StatusRuntimeException: DEADLINE_EXCEEDED: deadline exceeded after 0.493434220s. [closed=[], committed=[buffered_nanos=2680047, remote_addr=localhost/127.0.0.1:15001]]
	at java.util.concurrent.CompletableFuture.reportGet(CompletableFuture.java:357)
	at java.util.concurrent.CompletableFuture.get(CompletableFuture.java:1908)
	at org.apache.ratis.grpc.util.TestStreamObserverWithTimeout.runTestTimeout(TestStreamObserverWithTimeout.java:107)
	at org.apache.ratis.grpc.util.TestStreamObserverWithTimeout.testWithDeadline(TestStreamObserverWithTimeout.java:60)
	at sun.reflect.NativeMethodAccessorImpl.invoke0(Native Method)
	at sun.reflect.NativeMethodAccessorImpl.invoke(NativeMethodAccessorImpl.java:62)
	at sun.reflect.DelegatingMethodAccessorImpl.invoke(DelegatingMethodAccessorImpl.java:43)
	at java.lang.reflect.Method.invoke(Method.java:498)
	at org.junit.runners.model.FrameworkMethod$1.runReflectiveCall(FrameworkMethod.java:59)
	at org.junit.internal.runners.model.ReflectiveCallable.run(ReflectiveCallable.java:12)
	at org.junit.runners.model.FrameworkMethod.invokeExplosively(FrameworkMethod.java:56)
	at org.junit.internal.runners.statements.InvokeMethod.evaluate(InvokeMethod.java:17)
	at org.junit.internal.runners.statements.RunAfters.evaluate(RunAfters.java:27)
	at org.junit.internal.runners.statements.FailOnTimeout$CallableStatement.call(FailOnTimeout.java:299)
	at org.junit.internal.runners.statements.FailOnTimeout$CallableStatement.call(FailOnTimeout.java:293)
	at java.util.concurrent.FutureTask.run(FutureTask.java:266)
	at java.lang.Thread.run(Thread.java:750)
Caused by: org.apache.ratis.thirdparty.io.grpc.StatusRuntimeException: DEADLINE_EXCEEDED: deadline exceeded after 0.493434220s. [closed=[], committed=[buffered_nanos=2680047, remote_addr=localhost/127.0.0.1:15001]]
	at org.apache.ratis.thirdparty.io.grpc.Status.asRuntimeException(Status.java:537)
	at org.apache.ratis.thirdparty.io.grpc.stub.ClientCalls$StreamObserverToCallListenerAdapter.onClose(ClientCalls.java:481)
	at org.apache.ratis.thirdparty.io.grpc.internal.DelayedClientCall$DelayedListener$3.run(DelayedClientCall.java:489)
	at org.apache.ratis.thirdparty.io.grpc.internal.DelayedClientCall$DelayedListener.delayOrExecute(DelayedClientCall.java:453)
	at org.apache.ratis.thirdparty.io.grpc.internal.DelayedClientCall$DelayedListener.onClose(DelayedClientCall.java:486)
	at org.apache.ratis.thirdparty.io.grpc.internal.ClientCallImpl.closeObserver(ClientCallImpl.java:567)
	at org.apache.ratis.thirdparty.io.grpc.internal.ClientCallImpl.access$300(ClientCallImpl.java:71)
	at org.apache.ratis.thirdparty.io.grpc.internal.ClientCallImpl$ClientStreamListenerImpl$1StreamClosed.runInternal(ClientCallImpl.java:735)
	at org.apache.ratis.thirdparty.io.grpc.internal.ClientCallImpl$ClientStreamListenerImpl$1StreamClosed.runInContext(ClientCallImpl.java:716)
	at org.apache.ratis.thirdparty.io.grpc.internal.ContextRunnable.run(ContextRunnable.java:37)
	at org.apache.ratis.thirdparty.io.grpc.internal.SerializingExecutor.run(SerializingExecutor.java:133)
	at java.util.concurrent.ThreadPoolExecutor.runWorker(ThreadPoolExecutor.java:1149)
	at java.util.concurrent.ThreadPoolExecutor$Worker.run(ThreadPoolExecutor.java:624)
	... 1 more
2024-01-09 02:24:55,151 [Time-limited test] INFO  util.TestStreamObserverWithTimeout (TestStreamObserverWithTimeout.java:runTestTimeout(111)) - GOOD! 12) java.util.concurrent.CompletionException: org.apache.ratis.thirdparty.io.grpc.StatusRuntimeException: DEADLINE_EXCEEDED: deadline exceeded after 0.493434220s. [closed=[], committed=[buffered_nanos=2680047, remote_addr=localhost/127.0.0.1:15001]], {}
java.util.concurrent.ExecutionException: org.apache.ratis.thirdparty.io.grpc.StatusRuntimeException: DEADLINE_EXCEEDED: deadline exceeded after 0.493434220s. [closed=[], committed=[buffered_nanos=2680047, remote_addr=localhost/127.0.0.1:15001]]
	at java.util.concurrent.CompletableFuture.reportGet(CompletableFuture.java:357)
	at java.util.concurrent.CompletableFuture.get(CompletableFuture.java:1908)
	at org.apache.ratis.grpc.util.TestStreamObserverWithTimeout.runTestTimeout(TestStreamObserverWithTimeout.java:107)
	at org.apache.ratis.grpc.util.TestStreamObserverWithTimeout.testWithDeadline(TestStreamObserverWithTimeout.java:60)
	at sun.reflect.NativeMethodAccessorImpl.invoke0(Native Method)
	at sun.reflect.NativeMethodAccessorImpl.invoke(NativeMethodAccessorImpl.java:62)
	at sun.reflect.DelegatingMethodAccessorImpl.invoke(DelegatingMethodAccessorImpl.java:43)
	at java.lang.reflect.Method.invoke(Method.java:498)
	at org.junit.runners.model.FrameworkMethod$1.runReflectiveCall(FrameworkMethod.java:59)
	at org.junit.internal.runners.model.ReflectiveCallable.run(ReflectiveCallable.java:12)
	at org.junit.runners.model.FrameworkMethod.invokeExplosively(FrameworkMethod.java:56)
	at org.junit.internal.runners.statements.InvokeMethod.evaluate(InvokeMethod.java:17)
	at org.junit.internal.runners.statements.RunAfters.evaluate(RunAfters.java:27)
	at org.junit.internal.runners.statements.FailOnTimeout$CallableStatement.call(FailOnTimeout.java:299)
	at org.junit.internal.runners.statements.FailOnTimeout$CallableStatement.call(FailOnTimeout.java:293)
	at java.util.concurrent.FutureTask.run(FutureTask.java:266)
	at java.lang.Thread.run(Thread.java:750)
Caused by: org.apache.ratis.thirdparty.io.grpc.StatusRuntimeException: DEADLINE_EXCEEDED: deadline exceeded after 0.493434220s. [closed=[], committed=[buffered_nanos=2680047, remote_addr=localhost/127.0.0.1:15001]]
	at org.apache.ratis.thirdparty.io.grpc.Status.asRuntimeException(Status.java:537)
	at org.apache.ratis.thirdparty.io.grpc.stub.ClientCalls$StreamObserverToCallListenerAdapter.onClose(ClientCalls.java:481)
	at org.apache.ratis.thirdparty.io.grpc.internal.DelayedClientCall$DelayedListener$3.run(DelayedClientCall.java:489)
	at org.apache.ratis.thirdparty.io.grpc.internal.DelayedClientCall$DelayedListener.delayOrExecute(DelayedClientCall.java:453)
	at org.apache.ratis.thirdparty.io.grpc.internal.DelayedClientCall$DelayedListener.onClose(DelayedClientCall.java:486)
	at org.apache.ratis.thirdparty.io.grpc.internal.ClientCallImpl.closeObserver(ClientCallImpl.java:567)
	at org.apache.ratis.thirdparty.io.grpc.internal.ClientCallImpl.access$300(ClientCallImpl.java:71)
	at org.apache.ratis.thirdparty.io.grpc.internal.ClientCallImpl$ClientStreamListenerImpl$1StreamClosed.runInternal(ClientCallImpl.java:735)
	at org.apache.ratis.thirdparty.io.grpc.internal.ClientCallImpl$ClientStreamListenerImpl$1StreamClosed.runInContext(ClientCallImpl.java:716)
	at org.apache.ratis.thirdparty.io.grpc.internal.ContextRunnable.run(ContextRunnable.java:37)
	at org.apache.ratis.thirdparty.io.grpc.internal.SerializingExecutor.run(SerializingExecutor.java:133)
	at java.util.concurrent.ThreadPoolExecutor.runWorker(ThreadPoolExecutor.java:1149)
	at java.util.concurrent.ThreadPoolExecutor$Worker.run(ThreadPoolExecutor.java:624)
	... 1 more
2024-01-09 02:24:55,152 [Time-limited test] INFO  util.TestStreamObserverWithTimeout (TestStreamObserverWithTimeout.java:runTestTimeout(111)) - GOOD! 13) java.util.concurrent.CompletionException: org.apache.ratis.thirdparty.io.grpc.StatusRuntimeException: DEADLINE_EXCEEDED: deadline exceeded after 0.493434220s. [closed=[], committed=[buffered_nanos=2680047, remote_addr=localhost/127.0.0.1:15001]], {}
java.util.concurrent.ExecutionException: org.apache.ratis.thirdparty.io.grpc.StatusRuntimeException: DEADLINE_EXCEEDED: deadline exceeded after 0.493434220s. [closed=[], committed=[buffered_nanos=2680047, remote_addr=localhost/127.0.0.1:15001]]
	at java.util.concurrent.CompletableFuture.reportGet(CompletableFuture.java:357)
	at java.util.concurrent.CompletableFuture.get(CompletableFuture.java:1908)
	at org.apache.ratis.grpc.util.TestStreamObserverWithTimeout.runTestTimeout(TestStreamObserverWithTimeout.java:107)
	at org.apache.ratis.grpc.util.TestStreamObserverWithTimeout.testWithDeadline(TestStreamObserverWithTimeout.java:60)
	at sun.reflect.NativeMethodAccessorImpl.invoke0(Native Method)
	at sun.reflect.NativeMethodAccessorImpl.invoke(NativeMethodAccessorImpl.java:62)
	at sun.reflect.DelegatingMethodAccessorImpl.invoke(DelegatingMethodAccessorImpl.java:43)
	at java.lang.reflect.Method.invoke(Method.java:498)
	at org.junit.runners.model.FrameworkMethod$1.runReflectiveCall(FrameworkMethod.java:59)
	at org.junit.internal.runners.model.ReflectiveCallable.run(ReflectiveCallable.java:12)
	at org.junit.runners.model.FrameworkMethod.invokeExplosively(FrameworkMethod.java:56)
	at org.junit.internal.runners.statements.InvokeMethod.evaluate(InvokeMethod.java:17)
	at org.junit.internal.runners.statements.RunAfters.evaluate(RunAfters.java:27)
	at org.junit.internal.runners.statements.FailOnTimeout$CallableStatement.call(FailOnTimeout.java:299)
	at org.junit.internal.runners.statements.FailOnTimeout$CallableStatement.call(FailOnTimeout.java:293)
	at java.util.concurrent.FutureTask.run(FutureTask.java:266)
	at java.lang.Thread.run(Thread.java:750)
Caused by: org.apache.ratis.thirdparty.io.grpc.StatusRuntimeException: DEADLINE_EXCEEDED: deadline exceeded after 0.493434220s. [closed=[], committed=[buffered_nanos=2680047, remote_addr=localhost/127.0.0.1:15001]]
	at org.apache.ratis.thirdparty.io.grpc.Status.asRuntimeException(Status.java:537)
	at org.apache.ratis.thirdparty.io.grpc.stub.ClientCalls$StreamObserverToCallListenerAdapter.onClose(ClientCalls.java:481)
	at org.apache.ratis.thirdparty.io.grpc.internal.DelayedClientCall$DelayedListener$3.run(DelayedClientCall.java:489)
	at org.apache.ratis.thirdparty.io.grpc.internal.DelayedClientCall$DelayedListener.delayOrExecute(DelayedClientCall.java:453)
	at org.apache.ratis.thirdparty.io.grpc.internal.DelayedClientCall$DelayedListener.onClose(DelayedClientCall.java:486)
	at org.apache.ratis.thirdparty.io.grpc.internal.ClientCallImpl.closeObserver(ClientCallImpl.java:567)
	at org.apache.ratis.thirdparty.io.grpc.internal.ClientCallImpl.access$300(ClientCallImpl.java:71)
	at org.apache.ratis.thirdparty.io.grpc.internal.ClientCallImpl$ClientStreamListenerImpl$1StreamClosed.runInternal(ClientCallImpl.java:735)
	at org.apache.ratis.thirdparty.io.grpc.internal.ClientCallImpl$ClientStreamListenerImpl$1StreamClosed.runInContext(ClientCallImpl.java:716)
	at org.apache.ratis.thirdparty.io.grpc.internal.ContextRunnable.run(ContextRunnable.java:37)
	at org.apache.ratis.thirdparty.io.grpc.internal.SerializingExecutor.run(SerializingExecutor.java:133)
	at java.util.concurrent.ThreadPoolExecutor.runWorker(ThreadPoolExecutor.java:1149)
	at java.util.concurrent.ThreadPoolExecutor$Worker.run(ThreadPoolExecutor.java:624)
	... 1 more
2024-01-09 02:24:55,153 [Time-limited test] INFO  util.TestStreamObserverWithTimeout (TestStreamObserverWithTimeout.java:runTestTimeout(111)) - GOOD! 14) java.util.concurrent.CompletionException: org.apache.ratis.thirdparty.io.grpc.StatusRuntimeException: DEADLINE_EXCEEDED: deadline exceeded after 0.493434220s. [closed=[], committed=[buffered_nanos=2680047, remote_addr=localhost/127.0.0.1:15001]], {}
java.util.concurrent.ExecutionException: org.apache.ratis.thirdparty.io.grpc.StatusRuntimeException: DEADLINE_EXCEEDED: deadline exceeded after 0.493434220s. [closed=[], committed=[buffered_nanos=2680047, remote_addr=localhost/127.0.0.1:15001]]
	at java.util.concurrent.CompletableFuture.reportGet(CompletableFuture.java:357)
	at java.util.concurrent.CompletableFuture.get(CompletableFuture.java:1908)
	at org.apache.ratis.grpc.util.TestStreamObserverWithTimeout.runTestTimeout(TestStreamObserverWithTimeout.java:107)
	at org.apache.ratis.grpc.util.TestStreamObserverWithTimeout.testWithDeadline(TestStreamObserverWithTimeout.java:60)
	at sun.reflect.NativeMethodAccessorImpl.invoke0(Native Method)
	at sun.reflect.NativeMethodAccessorImpl.invoke(NativeMethodAccessorImpl.java:62)
	at sun.reflect.DelegatingMethodAccessorImpl.invoke(DelegatingMethodAccessorImpl.java:43)
	at java.lang.reflect.Method.invoke(Method.java:498)
	at org.junit.runners.model.FrameworkMethod$1.runReflectiveCall(FrameworkMethod.java:59)
	at org.junit.internal.runners.model.ReflectiveCallable.run(ReflectiveCallable.java:12)
	at org.junit.runners.model.FrameworkMethod.invokeExplosively(FrameworkMethod.java:56)
	at org.junit.internal.runners.statements.InvokeMethod.evaluate(InvokeMethod.java:17)
	at org.junit.internal.runners.statements.RunAfters.evaluate(RunAfters.java:27)
	at org.junit.internal.runners.statements.FailOnTimeout$CallableStatement.call(FailOnTimeout.java:299)
	at org.junit.internal.runners.statements.FailOnTimeout$CallableStatement.call(FailOnTimeout.java:293)
	at java.util.concurrent.FutureTask.run(FutureTask.java:266)
	at java.lang.Thread.run(Thread.java:750)
Caused by: org.apache.ratis.thirdparty.io.grpc.StatusRuntimeException: DEADLINE_EXCEEDED: deadline exceeded after 0.493434220s. [closed=[], committed=[buffered_nanos=2680047, remote_addr=localhost/127.0.0.1:15001]]
	at org.apache.ratis.thirdparty.io.grpc.Status.asRuntimeException(Status.java:537)
	at org.apache.ratis.thirdparty.io.grpc.stub.ClientCalls$StreamObserverToCallListenerAdapter.onClose(ClientCalls.java:481)
	at org.apache.ratis.thirdparty.io.grpc.internal.DelayedClientCall$DelayedListener$3.run(DelayedClientCall.java:489)
	at org.apache.ratis.thirdparty.io.grpc.internal.DelayedClientCall$DelayedListener.delayOrExecute(DelayedClientCall.java:453)
	at org.apache.ratis.thirdparty.io.grpc.internal.DelayedClientCall$DelayedListener.onClose(DelayedClientCall.java:486)
	at org.apache.ratis.thirdparty.io.grpc.internal.ClientCallImpl.closeObserver(ClientCallImpl.java:567)
	at org.apache.ratis.thirdparty.io.grpc.internal.ClientCallImpl.access$300(ClientCallImpl.java:71)
	at org.apache.ratis.thirdparty.io.grpc.internal.ClientCallImpl$ClientStreamListenerImpl$1StreamClosed.runInternal(ClientCallImpl.java:735)
	at org.apache.ratis.thirdparty.io.grpc.internal.ClientCallImpl$ClientStreamListenerImpl$1StreamClosed.runInContext(ClientCallImpl.java:716)
	at org.apache.ratis.thirdparty.io.grpc.internal.ContextRunnable.run(ContextRunnable.java:37)
	at org.apache.ratis.thirdparty.io.grpc.internal.SerializingExecutor.run(SerializingExecutor.java:133)
	at java.util.concurrent.ThreadPoolExecutor.runWorker(ThreadPoolExecutor.java:1149)
	at java.util.concurrent.ThreadPoolExecutor$Worker.run(ThreadPoolExecutor.java:624)
	... 1 more
2024-01-09 02:24:55,154 [Time-limited test] INFO  util.TestStreamObserverWithTimeout (TestStreamObserverWithTimeout.java:runTestTimeout(111)) - GOOD! 15) java.util.concurrent.CompletionException: org.apache.ratis.thirdparty.io.grpc.StatusRuntimeException: DEADLINE_EXCEEDED: deadline exceeded after 0.493434220s. [closed=[], committed=[buffered_nanos=2680047, remote_addr=localhost/127.0.0.1:15001]], {}
java.util.concurrent.ExecutionException: org.apache.ratis.thirdparty.io.grpc.StatusRuntimeException: DEADLINE_EXCEEDED: deadline exceeded after 0.493434220s. [closed=[], committed=[buffered_nanos=2680047, remote_addr=localhost/127.0.0.1:15001]]
	at java.util.concurrent.CompletableFuture.reportGet(CompletableFuture.java:357)
	at java.util.concurrent.CompletableFuture.get(CompletableFuture.java:1908)
	at org.apache.ratis.grpc.util.TestStreamObserverWithTimeout.runTestTimeout(TestStreamObserverWithTimeout.java:107)
	at org.apache.ratis.grpc.util.TestStreamObserverWithTimeout.testWithDeadline(TestStreamObserverWithTimeout.java:60)
	at sun.reflect.NativeMethodAccessorImpl.invoke0(Native Method)
	at sun.reflect.NativeMethodAccessorImpl.invoke(NativeMethodAccessorImpl.java:62)
	at sun.reflect.DelegatingMethodAccessorImpl.invoke(DelegatingMethodAccessorImpl.java:43)
	at java.lang.reflect.Method.invoke(Method.java:498)
	at org.junit.runners.model.FrameworkMethod$1.runReflectiveCall(FrameworkMethod.java:59)
	at org.junit.internal.runners.model.ReflectiveCallable.run(ReflectiveCallable.java:12)
	at org.junit.runners.model.FrameworkMethod.invokeExplosively(FrameworkMethod.java:56)
	at org.junit.internal.runners.statements.InvokeMethod.evaluate(InvokeMethod.java:17)
	at org.junit.internal.runners.statements.RunAfters.evaluate(RunAfters.java:27)
	at org.junit.internal.runners.statements.FailOnTimeout$CallableStatement.call(FailOnTimeout.java:299)
	at org.junit.internal.runners.statements.FailOnTimeout$CallableStatement.call(FailOnTimeout.java:293)
	at java.util.concurrent.FutureTask.run(FutureTask.java:266)
	at java.lang.Thread.run(Thread.java:750)
Caused by: org.apache.ratis.thirdparty.io.grpc.StatusRuntimeException: DEADLINE_EXCEEDED: deadline exceeded after 0.493434220s. [closed=[], committed=[buffered_nanos=2680047, remote_addr=localhost/127.0.0.1:15001]]
	at org.apache.ratis.thirdparty.io.grpc.Status.asRuntimeException(Status.java:537)
	at org.apache.ratis.thirdparty.io.grpc.stub.ClientCalls$StreamObserverToCallListenerAdapter.onClose(ClientCalls.java:481)
	at org.apache.ratis.thirdparty.io.grpc.internal.DelayedClientCall$DelayedListener$3.run(DelayedClientCall.java:489)
	at org.apache.ratis.thirdparty.io.grpc.internal.DelayedClientCall$DelayedListener.delayOrExecute(DelayedClientCall.java:453)
	at org.apache.ratis.thirdparty.io.grpc.internal.DelayedClientCall$DelayedListener.onClose(DelayedClientCall.java:486)
	at org.apache.ratis.thirdparty.io.grpc.internal.ClientCallImpl.closeObserver(ClientCallImpl.java:567)
	at org.apache.ratis.thirdparty.io.grpc.internal.ClientCallImpl.access$300(ClientCallImpl.java:71)
	at org.apache.ratis.thirdparty.io.grpc.internal.ClientCallImpl$ClientStreamListenerImpl$1StreamClosed.runInternal(ClientCallImpl.java:735)
	at org.apache.ratis.thirdparty.io.grpc.internal.ClientCallImpl$ClientStreamListenerImpl$1StreamClosed.runInContext(ClientCallImpl.java:716)
	at org.apache.ratis.thirdparty.io.grpc.internal.ContextRunnable.run(ContextRunnable.java:37)
	at org.apache.ratis.thirdparty.io.grpc.internal.SerializingExecutor.run(SerializingExecutor.java:133)
	at java.util.concurrent.ThreadPoolExecutor.runWorker(ThreadPoolExecutor.java:1149)
	at java.util.concurrent.ThreadPoolExecutor$Worker.run(ThreadPoolExecutor.java:624)
	... 1 more
]]></system-out>
  </testcase>
  <testcase name="testWithDeadlineFailure" classname="org.apache.ratis.grpc.util.TestStreamObserverWithTimeout" time="0.511">
    <system-out><![CDATA[2024-01-09 02:24:55,157 [main] INFO  util.LogUtils (Slf4jUtils.java:setLogLevel(38)) - Successfully set org.apache.ratis.conf.ConfUtils log level to WARN
2024-01-09 02:24:55,157 [main] INFO  util.LogUtils (Slf4jUtils.java:setLogLevel(38)) - Successfully set org.apache.ratis.util.FileUtils log level to TRACE
2024-01-09 02:24:55,157 [main] INFO  util.LogUtils (Slf4jUtils.java:setLogLevel(38)) - Successfully set org.apache.ratis.grpc.util.ResponseNotifyClientInterceptor log level to TRACE
2024-01-09 02:24:55,159 [Time-limited test] INFO  util.TestStreamObserverWithTimeout (BaseTest.java:testFailureCase(154)) - run 'total sleep time is longer than the deadline'
2024-01-09 02:24:55,159 [Time-limited test] INFO  util.TestStreamObserverWithTimeout (TestStreamObserverWithTimeout.java:runTestTimeout(79)) - slow = 12, WithDeadline
2024-01-09 02:24:55,162 [Time-limited test] INFO  util.GrpcTestClient (GrpcTestClient.java:send(114)) - send m0
2024-01-09 02:24:55,166 [Time-limited test] INFO  util.GrpcTestClient (GrpcTestClient.java:send(114)) - send m1
2024-01-09 02:24:55,167 [Time-limited test] INFO  util.GrpcTestClient (GrpcTestClient.java:send(114)) - send m2
2024-01-09 02:24:55,167 [Time-limited test] INFO  util.GrpcTestClient (GrpcTestClient.java:send(114)) - send m3
2024-01-09 02:24:55,167 [Time-limited test] INFO  util.GrpcTestClient (GrpcTestClient.java:send(114)) - send m4
2024-01-09 02:24:55,167 [Time-limited test] INFO  util.GrpcTestClient (GrpcTestClient.java:send(114)) - send m5
2024-01-09 02:24:55,168 [Time-limited test] INFO  util.GrpcTestClient (GrpcTestClient.java:send(114)) - send m6
2024-01-09 02:24:55,168 [Time-limited test] INFO  util.GrpcTestClient (GrpcTestClient.java:send(114)) - send m7
2024-01-09 02:24:55,168 [Time-limited test] INFO  util.GrpcTestClient (GrpcTestClient.java:send(114)) - send m8
2024-01-09 02:24:55,168 [Time-limited test] INFO  util.GrpcTestClient (GrpcTestClient.java:send(114)) - send m9
2024-01-09 02:24:55,169 [Time-limited test] INFO  util.GrpcTestClient (GrpcTestClient.java:send(114)) - send m10
2024-01-09 02:24:55,169 [grpc-default-executor-2] INFO  util.GrpcTestServer (GrpcTestServer.java:onNext(85)) - count = 0) Hello m0, slow = 12, sleep 50ms
2024-01-09 02:24:55,169 [Time-limited test] INFO  util.GrpcTestClient (GrpcTestClient.java:send(114)) - send m11
2024-01-09 02:24:55,169 [Time-limited test] INFO  util.GrpcTestClient (GrpcTestClient.java:send(114)) - send m12
2024-01-09 02:24:55,169 [Time-limited test] INFO  util.GrpcTestClient (GrpcTestClient.java:send(114)) - send m13
2024-01-09 02:24:55,170 [Time-limited test] INFO  util.GrpcTestClient (GrpcTestClient.java:send(114)) - send m14
2024-01-09 02:24:55,170 [Time-limited test] INFO  util.GrpcTestClient (GrpcTestClient.java:send(114)) - send m15
2024-01-09 02:24:55,170 [Time-limited test] INFO  util.GrpcTestClient (GrpcTestClient.java:send(114)) - send m16
2024-01-09 02:24:55,170 [Time-limited test] INFO  util.GrpcTestClient (GrpcTestClient.java:send(114)) - send m17
2024-01-09 02:24:55,171 [Time-limited test] INFO  util.GrpcTestClient (GrpcTestClient.java:send(114)) - send m18
2024-01-09 02:24:55,171 [Time-limited test] INFO  util.GrpcTestClient (GrpcTestClient.java:send(114)) - send m19
2024-01-09 02:24:55,171 [Time-limited test] INFO  util.GrpcTestClient (GrpcTestClient.java:send(114)) - send m20
2024-01-09 02:24:55,171 [Time-limited test] INFO  util.GrpcTestClient (GrpcTestClient.java:send(114)) - send m21
2024-01-09 02:24:55,172 [Time-limited test] INFO  util.GrpcTestClient (GrpcTestClient.java:send(114)) - send m22
2024-01-09 02:24:55,172 [Time-limited test] INFO  util.GrpcTestClient (GrpcTestClient.java:send(114)) - send m23
2024-01-09 02:24:55,220 [grpc-default-executor-2] INFO  util.GrpcTestServer (GrpcTestServer.java:onNext(85)) - count = 1) Hello m1, slow = 12, sleep 50ms
2024-01-09 02:24:55,221 [Time-limited test] INFO  util.TestStreamObserverWithTimeout (TestStreamObserverWithTimeout.java:runTestTimeout(101)) - 0) passed
2024-01-09 02:24:55,271 [grpc-default-executor-2] INFO  util.GrpcTestServer (GrpcTestServer.java:onNext(85)) - count = 2) Hello m2, slow = 12, sleep 50ms
2024-01-09 02:24:55,272 [Time-limited test] INFO  util.TestStreamObserverWithTimeout (TestStreamObserverWithTimeout.java:runTestTimeout(101)) - 1) passed
2024-01-09 02:24:55,323 [grpc-default-executor-2] INFO  util.GrpcTestServer (GrpcTestServer.java:onNext(85)) - count = 3) Hello m3, slow = 12, sleep 50ms
2024-01-09 02:24:55,323 [Time-limited test] INFO  util.TestStreamObserverWithTimeout (TestStreamObserverWithTimeout.java:runTestTimeout(101)) - 2) passed
2024-01-09 02:24:55,374 [grpc-default-executor-2] INFO  util.GrpcTestServer (GrpcTestServer.java:onNext(85)) - count = 4) Hello m4, slow = 12, sleep 50ms
2024-01-09 02:24:55,374 [Time-limited test] INFO  util.TestStreamObserverWithTimeout (TestStreamObserverWithTimeout.java:runTestTimeout(101)) - 3) passed
2024-01-09 02:24:55,425 [grpc-default-executor-2] INFO  util.GrpcTestServer (GrpcTestServer.java:onNext(85)) - count = 5) Hello m5, slow = 12, sleep 50ms
2024-01-09 02:24:55,425 [Time-limited test] INFO  util.TestStreamObserverWithTimeout (TestStreamObserverWithTimeout.java:runTestTimeout(101)) - 4) passed
2024-01-09 02:24:55,476 [grpc-default-executor-2] INFO  util.GrpcTestServer (GrpcTestServer.java:onNext(85)) - count = 6) Hello m6, slow = 12, sleep 50ms
2024-01-09 02:24:55,476 [Time-limited test] INFO  util.TestStreamObserverWithTimeout (TestStreamObserverWithTimeout.java:runTestTimeout(101)) - 5) passed
2024-01-09 02:24:55,528 [Time-limited test] INFO  util.TestStreamObserverWithTimeout (TestStreamObserverWithTimeout.java:runTestTimeout(101)) - 6) passed
2024-01-09 02:24:55,528 [grpc-default-executor-2] INFO  util.GrpcTestServer (GrpcTestServer.java:onNext(85)) - count = 7) Hello m7, slow = 12, sleep 50ms
2024-01-09 02:24:55,579 [grpc-default-executor-2] INFO  util.GrpcTestServer (GrpcTestServer.java:onNext(85)) - count = 8) Hello m8, slow = 12, sleep 50ms
2024-01-09 02:24:55,579 [Time-limited test] INFO  util.TestStreamObserverWithTimeout (TestStreamObserverWithTimeout.java:runTestTimeout(101)) - 7) passed
2024-01-09 02:24:55,630 [grpc-default-executor-2] INFO  util.GrpcTestServer (GrpcTestServer.java:onNext(85)) - count = 9) Hello m9, slow = 12, sleep 50ms
2024-01-09 02:24:55,630 [Time-limited test] INFO  util.TestStreamObserverWithTimeout (TestStreamObserverWithTimeout.java:runTestTimeout(101)) - 8) passed
2024-01-09 02:24:55,662 [grpc-default-executor-0] INFO  util.GrpcTestClient (GrpcTestClient.java:onError(81)) - onError
org.apache.ratis.thirdparty.io.grpc.StatusRuntimeException: DEADLINE_EXCEEDED: deadline exceeded after 0.497310068s. [closed=[], committed=[buffered_nanos=2012685, remote_addr=localhost/127.0.0.1:15002]]
	at org.apache.ratis.thirdparty.io.grpc.Status.asRuntimeException(Status.java:537)
	at org.apache.ratis.thirdparty.io.grpc.stub.ClientCalls$StreamObserverToCallListenerAdapter.onClose(ClientCalls.java:481)
	at org.apache.ratis.thirdparty.io.grpc.internal.DelayedClientCall$DelayedListener$3.run(DelayedClientCall.java:489)
	at org.apache.ratis.thirdparty.io.grpc.internal.DelayedClientCall$DelayedListener.delayOrExecute(DelayedClientCall.java:453)
	at org.apache.ratis.thirdparty.io.grpc.internal.DelayedClientCall$DelayedListener.onClose(DelayedClientCall.java:486)
	at org.apache.ratis.thirdparty.io.grpc.internal.ClientCallImpl.closeObserver(ClientCallImpl.java:567)
	at org.apache.ratis.thirdparty.io.grpc.internal.ClientCallImpl.access$300(ClientCallImpl.java:71)
	at org.apache.ratis.thirdparty.io.grpc.internal.ClientCallImpl$ClientStreamListenerImpl$1StreamClosed.runInternal(ClientCallImpl.java:735)
	at org.apache.ratis.thirdparty.io.grpc.internal.ClientCallImpl$ClientStreamListenerImpl$1StreamClosed.runInContext(ClientCallImpl.java:716)
	at org.apache.ratis.thirdparty.io.grpc.internal.ContextRunnable.run(ContextRunnable.java:37)
	at org.apache.ratis.thirdparty.io.grpc.internal.SerializingExecutor.run(SerializingExecutor.java:133)
	at java.util.concurrent.ThreadPoolExecutor.runWorker(ThreadPoolExecutor.java:1149)
	at java.util.concurrent.ThreadPoolExecutor$Worker.run(ThreadPoolExecutor.java:624)
	at java.lang.Thread.run(Thread.java:750)
2024-01-09 02:24:55,668 [Time-limited test] INFO  util.TestStreamObserverWithTimeout (BaseTest.java:assertThrowable(134)) - Expected the test "total sleep time is longer than the deadline" to throw ExecutionException with cause(s) [StatusRuntimeException]
]]></system-out>
  </testcase>
</testsuite>