<?xml version="1.0" encoding="UTF-8"?>
<testsuite xmlns:xsi="http://www.w3.org/2001/XMLSchema-instance" xsi:noNamespaceSchemaLocation="https://maven.apache.org/surefire/maven-surefire-plugin/xsd/surefire-test-report-3.0.xsd" version="3.0" name="org.apache.ratis.grpc.TestLeaderInstallSnapshot" time="14.39" tests="4" errors="0" skipped="0" failures="1">
  <properties>
    <property name="awt.toolkit" value="sun.awt.X11.XToolkit"/>
    <property name="java.specification.version" value="11"/>
    <property name="sun.cpu.isalist" value=""/>
    <property name="sun.jnu.encoding" value="UTF-8"/>
    <property name="java.class.path" value="/home/runner/work/ratis/ratis/ratis-test/target/test-classes:/home/runner/work/ratis/ratis/ratis-test/target/classes:/home/runner/work/ratis/ratis/ratis-common/target/classes:/home/runner/.m2/repository/org/apache/ratis/ratis-thirdparty-misc/1.0.4/ratis-thirdparty-misc-1.0.4.jar:/home/runner/work/ratis/ratis/ratis-proto/target/ratis-proto-3.0.0-SNAPSHOT.jar:/home/runner/work/ratis/ratis/ratis-common/target/test-classes:/home/runner/work/ratis/ratis/ratis-client/target/classes:/home/runner/work/ratis/ratis/ratis-server/target/classes:/home/runner/work/ratis/ratis/ratis-server-api/target/classes:/home/runner/work/ratis/ratis/ratis-metrics-api/target/classes:/home/runner/work/ratis/ratis/ratis-server/target/test-classes:/home/runner/work/ratis/ratis/ratis-metrics-default/target/classes:/home/runner/work/ratis/ratis/ratis-netty/target/classes:/home/runner/work/ratis/ratis/ratis-netty/target/test-classes:/home/runner/work/ratis/ratis/ratis-grpc/target/classes:/home/runner/work/ratis/ratis/ratis-grpc/target/test-classes:/home/runner/work/ratis/ratis/ratis-shell/target/classes:/home/runner/.m2/repository/commons-cli/commons-cli/1.5.0/commons-cli-1.5.0.jar:/home/runner/.m2/repository/org/reflections/reflections/0.10.2/reflections-0.10.2.jar:/home/runner/.m2/repository/org/javassist/javassist/3.28.0-GA/javassist-3.28.0-GA.jar:/home/runner/.m2/repository/com/google/code/findbugs/jsr305/3.0.2/jsr305-3.0.2.jar:/home/runner/.m2/repository/org/bouncycastle/bcprov-jdk15on/1.70/bcprov-jdk15on-1.70.jar:/home/runner/.m2/repository/org/bouncycastle/bcpkix-jdk15on/1.70/bcpkix-jdk15on-1.70.jar:/home/runner/.m2/repository/org/bouncycastle/bcutil-jdk15on/1.70/bcutil-jdk15on-1.70.jar:/home/runner/.m2/repository/org/slf4j/slf4j-api/2.0.7/slf4j-api-2.0.7.jar:/home/runner/.m2/repository/org/slf4j/slf4j-reload4j/2.0.7/slf4j-reload4j-2.0.7.jar:/home/runner/.m2/repository/ch/qos/reload4j/reload4j/1.2.22/reload4j-1.2.22.jar:/home/runner/.m2/repository/junit/junit/4.13.2/junit-4.13.2.jar:/home/runner/.m2/repository/org/hamcrest/hamcrest-core/1.3/hamcrest-core-1.3.jar:/home/runner/.m2/repository/org/mockito/mockito-core/4.3.1/mockito-core-4.3.1.jar:/home/runner/.m2/repository/net/bytebuddy/byte-buddy/1.12.7/byte-buddy-1.12.7.jar:/home/runner/.m2/repository/net/bytebuddy/byte-buddy-agent/1.12.7/byte-buddy-agent-1.12.7.jar:/home/runner/.m2/repository/org/objenesis/objenesis/3.2/objenesis-3.2.jar:"/>
    <property name="java.vm.vendor" value="Eclipse Adoptium"/>
    <property name="sun.arch.data.model" value="64"/>
    <property name="java.vendor.url" value="https://adoptium.net/"/>
    <property name="user.timezone" value=""/>
    <property name="java.vm.specification.version" value="11"/>
    <property name="os.name" value="Linux"/>
    <property name="sun.java.launcher" value="SUN_STANDARD"/>
    <property name="sun.boot.library.path" value="/usr/lib/jvm/temurin-11-jdk-amd64/lib"/>
    <property name="sun.java.command" value="/home/runner/work/ratis/ratis/ratis-test/target/surefire/surefirebooter-20230328145853823_162.jar /home/runner/work/ratis/ratis/ratis-test/target/surefire 2023-03-28T14-58-13_595-jvmRun1 surefire-20230328145853823_160tmp surefire_20-20230328145853823_161tmp"/>
    <property name="jdk.debug" value="release"/>
    <property name="surefire.test.class.path" value="/home/runner/work/ratis/ratis/ratis-test/target/test-classes:/home/runner/work/ratis/ratis/ratis-test/target/classes:/home/runner/work/ratis/ratis/ratis-common/target/classes:/home/runner/.m2/repository/org/apache/ratis/ratis-thirdparty-misc/1.0.4/ratis-thirdparty-misc-1.0.4.jar:/home/runner/work/ratis/ratis/ratis-proto/target/ratis-proto-3.0.0-SNAPSHOT.jar:/home/runner/work/ratis/ratis/ratis-common/target/test-classes:/home/runner/work/ratis/ratis/ratis-client/target/classes:/home/runner/work/ratis/ratis/ratis-server/target/classes:/home/runner/work/ratis/ratis/ratis-server-api/target/classes:/home/runner/work/ratis/ratis/ratis-metrics-api/target/classes:/home/runner/work/ratis/ratis/ratis-server/target/test-classes:/home/runner/work/ratis/ratis/ratis-metrics-default/target/classes:/home/runner/work/ratis/ratis/ratis-netty/target/classes:/home/runner/work/ratis/ratis/ratis-netty/target/test-classes:/home/runner/work/ratis/ratis/ratis-grpc/target/classes:/home/runner/work/ratis/ratis/ratis-grpc/target/test-classes:/home/runner/work/ratis/ratis/ratis-shell/target/classes:/home/runner/.m2/repository/commons-cli/commons-cli/1.5.0/commons-cli-1.5.0.jar:/home/runner/.m2/repository/org/reflections/reflections/0.10.2/reflections-0.10.2.jar:/home/runner/.m2/repository/org/javassist/javassist/3.28.0-GA/javassist-3.28.0-GA.jar:/home/runner/.m2/repository/com/google/code/findbugs/jsr305/3.0.2/jsr305-3.0.2.jar:/home/runner/.m2/repository/org/bouncycastle/bcprov-jdk15on/1.70/bcprov-jdk15on-1.70.jar:/home/runner/.m2/repository/org/bouncycastle/bcpkix-jdk15on/1.70/bcpkix-jdk15on-1.70.jar:/home/runner/.m2/repository/org/bouncycastle/bcutil-jdk15on/1.70/bcutil-jdk15on-1.70.jar:/home/runner/.m2/repository/org/slf4j/slf4j-api/2.0.7/slf4j-api-2.0.7.jar:/home/runner/.m2/repository/org/slf4j/slf4j-reload4j/2.0.7/slf4j-reload4j-2.0.7.jar:/home/runner/.m2/repository/ch/qos/reload4j/reload4j/1.2.22/reload4j-1.2.22.jar:/home/runner/.m2/repository/junit/junit/4.13.2/junit-4.13.2.jar:/home/runner/.m2/repository/org/hamcrest/hamcrest-core/1.3/hamcrest-core-1.3.jar:/home/runner/.m2/repository/org/mockito/mockito-core/4.3.1/mockito-core-4.3.1.jar:/home/runner/.m2/repository/net/bytebuddy/byte-buddy/1.12.7/byte-buddy-1.12.7.jar:/home/runner/.m2/repository/net/bytebuddy/byte-buddy-agent/1.12.7/byte-buddy-agent-1.12.7.jar:/home/runner/.m2/repository/org/objenesis/objenesis/3.2/objenesis-3.2.jar:"/>
    <property name="sun.cpu.endian" value="little"/>
    <property name="user.home" value="/home/runner"/>
    <property name="user.language" value="en"/>
    <property name="java.specification.vendor" value="Oracle Corporation"/>
    <property name="java.version.date" value="2023-01-17"/>
    <property name="java.home" value="/usr/lib/jvm/temurin-11-jdk-amd64"/>
    <property name="file.separator" value="/"/>
    <property name="basedir" value="/home/runner/work/ratis/ratis/ratis-test"/>
    <property name="java.vm.compressedOopsMode" value="32-bit"/>
    <property name="line.separator" value="&#10;"/>
    <property name="java.specification.name" value="Java Platform API Specification"/>
    <property name="java.vm.specification.vendor" value="Oracle Corporation"/>
    <property name="java.awt.graphicsenv" value="sun.awt.X11GraphicsEnvironment"/>
    <property name="surefire.real.class.path" value="/home/runner/work/ratis/ratis/ratis-test/target/surefire/surefirebooter-20230328145853823_162.jar"/>
    <property name="sun.management.compiler" value="HotSpot 64-Bit Tiered Compilers"/>
    <property name="java.runtime.version" value="11.0.18+10"/>
    <property name="user.name" value="runner"/>
    <property name="java.net.preferIPv4Stack" value="true"/>
    <property name="path.separator" value=":"/>
    <property name="os.version" value="5.15.0-1034-azure"/>
    <property name="java.runtime.name" value="OpenJDK Runtime Environment"/>
    <property name="file.encoding" value="UTF-8"/>
    <property name="java.vm.name" value="OpenJDK 64-Bit Server VM"/>
    <property name="java.vendor.version" value="Temurin-11.0.18+10"/>
    <property name="localRepository" value="/home/runner/.m2/repository"/>
    <property name="java.vendor.url.bug" value="https://github.com/adoptium/adoptium-support/issues"/>
    <property name="java.io.tmpdir" value="/tmp"/>
    <property name="java.version" value="11.0.18"/>
    <property name="user.dir" value="/home/runner/work/ratis/ratis/ratis-test"/>
    <property name="os.arch" value="amd64"/>
    <property name="ratis.tmp.dir" value="/home/runner/work/ratis/ratis/ratis-test/target/tmp"/>
    <property name="java.vm.specification.name" value="Java Virtual Machine Specification"/>
    <property name="java.awt.printerjob" value="sun.print.PSPrinterJob"/>
    <property name="ratis.log.dir" value="/home/runner/work/ratis/ratis/ratis-test/target/log"/>
    <property name="sun.os.patch.level" value="unknown"/>
    <property name="java.library.path" value="/usr/java/packages/lib:/usr/lib64:/lib64:/lib:/usr/lib"/>
    <property name="java.vm.info" value="mixed mode"/>
    <property name="java.vendor" value="Eclipse Adoptium"/>
    <property name="java.vm.version" value="11.0.18+10"/>
    <property name="sun.io.unicode.encoding" value="UnicodeLittle"/>
    <property name="java.class.version" value="55.0"/>
  </properties>
  <testcase name="testMultiFileInstallSnapshot[0]" classname="org.apache.ratis.grpc.TestLeaderInstallSnapshot" time="3.719">
    <system-out><![CDATA[2023-03-28 15:08:13,456 [main] INFO  util.LogUtils (Slf4jUtils.java:setLogLevel(38)) - Successfully set org.apache.ratis.conf.ConfUtils log level to WARN
2023-03-28 15:08:13,458 [main] INFO  util.LogUtils (Slf4jUtils.java:setLogLevel(38)) - Successfully set org.apache.ratis.util.FileUtils log level to TRACE
2023-03-28 15:08:13,487 [Time-limited test] INFO  impl.MiniRaftCluster (MiniRaftCluster.java:runWithNewCluster(135)) - Running runWithNewCluster
2023-03-28 15:08:13,526 [Time-limited test] INFO  impl.MiniRaftCluster (MiniRaftCluster.java:<init>(306)) - new MiniRaftClusterWithGrpc with group-E1F6B44CDAE7:[s0|rpc:localhost:43615|admin:localhost:42905|client:localhost:45435|dataStream:localhost:40913|priority:0|startupRole:FOLLOWER]
2023-03-28 15:08:13,527 [Time-limited test] INFO  impl.MiniRaftCluster (MiniRaftCluster.java:start(339)) - .............................................................. 
2023-03-28 15:08:13,527 [Time-limited test] INFO  impl.MiniRaftCluster (MiniRaftCluster.java:start(340)) - ... 
2023-03-28 15:08:13,527 [Time-limited test] INFO  impl.MiniRaftCluster (MiniRaftCluster.java:start(341)) - ...     Starting MiniRaftClusterWithGrpc
2023-03-28 15:08:13,527 [Time-limited test] INFO  impl.MiniRaftCluster (MiniRaftCluster.java:start(342)) - ... 
2023-03-28 15:08:13,527 [Time-limited test] INFO  impl.MiniRaftCluster (MiniRaftCluster.java:start(343)) - .............................................................. 
2023-03-28 15:08:13,527 [Time-limited test] INFO  impl.MiniRaftCluster (MiniRaftCluster.java:initServers(318)) - servers = {}
2023-03-28 15:08:13,531 [Time-limited test] INFO  impl.MiniRaftCluster (MiniRaftCluster.java:newRaftServer(382)) - newRaftServer: s0, group-E1F6B44CDAE7:[s0|rpc:localhost:43615|admin:localhost:42905|client:localhost:45435|dataStream:localhost:40913|priority:0|startupRole:FOLLOWER], format? true
2023-03-28 15:08:13,533 [Time-limited test] TRACE util.FileUtils (FileUtils.java:deleteFully(201)) - deleteFully target/test/data/d2acef73/MiniRaftClusterWithGrpc890f7586/s0
2023-03-28 15:08:13,533 [Time-limited test] TRACE util.FileUtils (FileUtils.java:deleteFully(217)) - deleteFully: target/test/data/d2acef73/MiniRaftClusterWithGrpc890f7586/s0 does not exist.
2023-03-28 15:08:13,533 [Time-limited test] INFO  impl.MiniRaftCluster (MiniRaftCluster.java:newRaftServer(387)) - Formatted directory target/test/data/d2acef73/MiniRaftClusterWithGrpc890f7586/s0
2023-03-28 15:08:13,553 [Time-limited test] INFO  server.RaftServer (ConfUtils.java:logGet(46)) - raft.rpc.type = GRPC (default)
2023-03-28 15:08:13,602 [Time-limited test] INFO  grpc.GrpcConfigKeys (ConfUtils.java:logFallback(53)) - raft.grpc.admin.host = null (fallback to raft.grpc.server.host)
2023-03-28 15:08:13,603 [Time-limited test] INFO  grpc.GrpcConfigKeys (ConfUtils.java:logGet(46)) - raft.grpc.admin.port = 42905 (custom)
2023-03-28 15:08:13,604 [Time-limited test] INFO  grpc.GrpcConfigKeys (ConfUtils.java:logFallback(53)) - raft.grpc.client.host = null (fallback to raft.grpc.server.host)
2023-03-28 15:08:13,604 [Time-limited test] INFO  grpc.GrpcConfigKeys (ConfUtils.java:logGet(46)) - raft.grpc.client.port = 45435 (custom)
2023-03-28 15:08:13,604 [Time-limited test] INFO  grpc.GrpcConfigKeys (ConfUtils.java:logGet(46)) - raft.grpc.server.host = null (default)
2023-03-28 15:08:13,605 [Time-limited test] INFO  grpc.GrpcConfigKeys (ConfUtils.java:logGet(46)) - raft.grpc.server.port = 43615 (custom)
2023-03-28 15:08:13,605 [Time-limited test] INFO  server.GrpcService (ConfUtils.java:logGet(46)) - raft.grpc.message.size.max = 64MB (=67108864) (default)
2023-03-28 15:08:13,607 [Time-limited test] INFO  server.RaftServerConfigKeys (ConfUtils.java:logGet(46)) - raft.server.log.appender.buffer.byte-limit = 4MB (=4194304) (default)
2023-03-28 15:08:13,607 [Time-limited test] INFO  server.GrpcService (ConfUtils.java:logGet(46)) - raft.grpc.flow.control.window = 1MB (=1048576) (default)
2023-03-28 15:08:13,611 [Time-limited test] INFO  server.RaftServerConfigKeys (ConfUtils.java:logGet(46)) - raft.server.rpc.request.timeout = 3000ms (default)
2023-03-28 15:08:13,624 [Time-limited test] INFO  grpc.GrpcConfigKeys (ConfUtils.java:logGet(46)) - raft.grpc.server.heartbeat.channel = false (custom)
2023-03-28 15:08:13,627 [Time-limited test] INFO  grpc.GrpcConfigKeys (ConfUtils.java:logGet(46)) - raft.grpc.server.async.request.thread.pool.cached = true (default)
2023-03-28 15:08:13,628 [Time-limited test] INFO  grpc.GrpcConfigKeys (ConfUtils.java:logGet(46)) - raft.grpc.server.async.request.thread.pool.size = 32 (default)
2023-03-28 15:08:13,786 [Time-limited test] INFO  impl.DataStreamServerImpl (ConfUtils.java:logGet(46)) - raft.datastream.type = DISABLED (default)
2023-03-28 15:08:13,789 [Time-limited test] INFO  server.RaftServerConfigKeys (ConfUtils.java:logGet(46)) - raft.server.threadpool.proxy.cached = true (default)
2023-03-28 15:08:13,789 [Time-limited test] INFO  server.RaftServerConfigKeys (ConfUtils.java:logGet(46)) - raft.server.threadpool.proxy.size = 0 (default)
2023-03-28 15:08:13,791 [Time-limited test] INFO  server.RaftServerConfigKeys (ConfUtils.java:logGet(46)) - raft.server.rpc.slowness.timeout = 60s (default)
2023-03-28 15:08:13,793 [Time-limited test] INFO  server.RaftServerConfigKeys (ConfUtils.java:logGet(46)) - raft.server.leaderelection.leader.step-down.wait-time = 10s (default)
2023-03-28 15:08:13,797 [Time-limited test] INFO  server.RaftServerConfigKeys (ConfUtils.java:logGet(46)) - raft.server.storage.dir = [/home/runner/work/ratis/ratis/ratis-test/target/test/data/d2acef73/MiniRaftClusterWithGrpc890f7586/s0] (custom)
2023-03-28 15:08:13,812 [Time-limited test] INFO  server.RaftServer (RaftServerProxy.java:addNew(99)) - s0: addNew group-E1F6B44CDAE7:[s0|rpc:localhost:43615|admin:localhost:42905|client:localhost:45435|dataStream:localhost:40913|priority:0|startupRole:FOLLOWER] returns group-E1F6B44CDAE7:java.util.concurrent.CompletableFuture@4d8fb97[Not completed]
2023-03-28 15:08:13,823 [s0-groupManagement] INFO  server.RaftServerConfigKeys (ConfUtils.java:logGet(46)) - raft.server.log.segment.size.max = 8MB (=8388608) (default)
2023-03-28 15:08:13,823 [s0-groupManagement] INFO  server.RaftServerConfigKeys (ConfUtils.java:logGet(46)) - raft.server.log.preallocated.size = 4MB (=4194304) (default)
2023-03-28 15:08:13,824 [s0-groupManagement] INFO  server.RaftServerConfigKeys (ConfUtils.java:logGet(46)) - raft.server.log.write.buffer.size = 64KB (=65536) (default)
2023-03-28 15:08:13,826 [s0-groupManagement] INFO  server.RaftServer$Division (RaftServerImpl.java:<init>(198)) - s0: new RaftServerImpl for group-E1F6B44CDAE7:[s0|rpc:localhost:43615|admin:localhost:42905|client:localhost:45435|dataStream:localhost:40913|priority:0|startupRole:FOLLOWER] with StateMachineWithMultiNestedSnapshotFile:uninitialized
2023-03-28 15:08:13,828 [s0-groupManagement] INFO  server.RaftServerConfigKeys (ConfUtils.java:logGet(46)) - raft.server.rpc.timeout.min = 150ms (default)
2023-03-28 15:08:13,828 [s0-groupManagement] INFO  server.RaftServerConfigKeys (ConfUtils.java:logGet(46)) - raft.server.rpc.timeout.max = 300ms (default)
2023-03-28 15:08:13,828 [s0-groupManagement] INFO  server.RaftServerConfigKeys (ConfUtils.java:logGet(46)) - raft.server.rpc.sleep.time = 25ms (default)
2023-03-28 15:08:13,828 [s0-groupManagement] INFO  server.RaftServerConfigKeys (ConfUtils.java:logGet(46)) - raft.server.rpc.slowness.timeout = 60s (default)
2023-03-28 15:08:13,828 [s0-groupManagement] INFO  server.RaftServerConfigKeys (ConfUtils.java:logGet(46)) - raft.server.leaderelection.leader.step-down.wait-time = 10s (default)
2023-03-28 15:08:13,829 [s0-groupManagement] INFO  server.RaftServerConfigKeys (ConfUtils.java:logGet(46)) - raft.server.sleep.deviation.threshold = 300ms (default)
2023-03-28 15:08:13,851 [s0-groupManagement] INFO  server.RaftServer$Division (ServerState.java:<init>(113)) - s0@group-E1F6B44CDAE7: ConfigurationManager, init=-1: peers:[s0|rpc:localhost:43615|admin:localhost:42905|client:localhost:45435|dataStream:localhost:40913|priority:0|startupRole:FOLLOWER]|listeners:[], old=null, confs=<EMPTY_MAP>
2023-03-28 15:08:13,858 [s0-groupManagement] INFO  server.RaftServerConfigKeys (ConfUtils.java:logGet(46)) - raft.server.notification.no-leader.timeout = 60s (default)
2023-03-28 15:08:13,862 [s0-groupManagement] INFO  server.RaftServerConfigKeys (ConfUtils.java:logGet(46)) - raft.server.read.timeout = 10s (default)
2023-03-28 15:08:13,866 [s0-groupManagement] INFO  server.RaftServerConfigKeys (ConfUtils.java:logGet(46)) - raft.server.retrycache.expirytime = 60s (default)
2023-03-28 15:08:13,866 [s0-groupManagement] INFO  server.RaftServerConfigKeys (ConfUtils.java:logGet(46)) - raft.server.retrycache.statistics.expirytime = 100μs (default)
2023-03-28 15:08:13,881 [s0-groupManagement] INFO  server.RaftServerConfigKeys (ConfUtils.java:logGet(46)) - raft.server.read.option = DEFAULT (default)
2023-03-28 15:08:13,891 [s0-groupManagement] INFO  metrics.MetricRegistries (MetricRegistriesLoader.java:load(64)) - Loaded MetricRegistries class org.apache.ratis.metrics.impl.MetricRegistriesImpl
2023-03-28 15:08:14,001 [s0-groupManagement] INFO  server.RaftServerConfigKeys (ConfUtils.java:logGet(46)) - raft.server.rpc.request.timeout = 3000ms (default)
2023-03-28 15:08:14,003 [s0-groupManagement] INFO  server.RaftServerConfigKeys (ConfUtils.java:logGet(46)) - raft.server.log.appender.install.snapshot.enabled = true (default)
2023-03-28 15:08:14,004 [s0-groupManagement] INFO  server.RaftServerConfigKeys (ConfUtils.java:logGet(46)) - raft.server.threadpool.server.cached = true (default)
2023-03-28 15:08:14,004 [s0-groupManagement] INFO  server.RaftServerConfigKeys (ConfUtils.java:logGet(46)) - raft.server.threadpool.server.size = 0 (default)
2023-03-28 15:08:14,005 [s0-groupManagement] INFO  server.RaftServerConfigKeys (ConfUtils.java:logGet(46)) - raft.server.threadpool.client.cached = true (default)
2023-03-28 15:08:14,005 [s0-groupManagement] INFO  server.RaftServerConfigKeys (ConfUtils.java:logGet(46)) - raft.server.threadpool.client.size = 0 (default)
2023-03-28 15:08:14,006 [s0-impl-thread1] INFO  server.RaftServerConfigKeys (ConfUtils.java:logGet(46)) - raft.server.storage.free-space.min = 0MB (=0) (default)
2023-03-28 15:08:14,007 [s0-impl-thread1] INFO  server.RaftServerConfigKeys (ConfUtils.java:logGet(46)) - raft.server.log.corruption.policy = EXCEPTION (default)
2023-03-28 15:08:14,007 [s0-impl-thread1] INFO  server.RaftServerConfigKeys (ConfUtils.java:logGet(46)) - raft.server.storage.dir = [/home/runner/work/ratis/ratis/ratis-test/target/test/data/d2acef73/MiniRaftClusterWithGrpc890f7586/s0] (custom)
2023-03-28 15:08:14,021 [s0-impl-thread1] INFO  storage.RaftStorageDirectory (RaftStorageDirectoryImpl.java:analyzeStorage(138)) - The storage directory /home/runner/work/ratis/ratis/ratis-test/target/test/data/d2acef73/MiniRaftClusterWithGrpc890f7586/s0/bf1d157c-210b-4a9b-a3bf-e1f6b44cdae7 does not exist. Creating ...
2023-03-28 15:08:14,022 [s0-impl-thread1] TRACE util.FileUtils (LogUtils.java:runAndLog(49)) - Successfully ran Files.createDirectories /home/runner/work/ratis/ratis/ratis-test/target/test/data/d2acef73/MiniRaftClusterWithGrpc890f7586/s0/bf1d157c-210b-4a9b-a3bf-e1f6b44cdae7
2023-03-28 15:08:14,027 [s0-impl-thread1] INFO  storage.RaftStorageDirectory (RaftStorageDirectoryImpl.java:tryLock(232)) - Lock on /home/runner/work/ratis/ratis/ratis-test/target/test/data/d2acef73/MiniRaftClusterWithGrpc890f7586/s0/bf1d157c-210b-4a9b-a3bf-e1f6b44cdae7/in_use.lock acquired by nodename 18162@fv-az489-275
2023-03-28 15:08:14,028 [s0-impl-thread1] TRACE util.FileUtils (LogUtils.java:runAndLog(49)) - Successfully ran Files.createDirectories /home/runner/work/ratis/ratis/ratis-test/target/test/data/d2acef73/MiniRaftClusterWithGrpc890f7586/s0/bf1d157c-210b-4a9b-a3bf-e1f6b44cdae7/current
2023-03-28 15:08:14,028 [s0-impl-thread1] TRACE util.FileUtils (LogUtils.java:runAndLog(49)) - Successfully ran Files.createDirectories /home/runner/work/ratis/ratis/ratis-test/target/test/data/d2acef73/MiniRaftClusterWithGrpc890f7586/s0/bf1d157c-210b-4a9b-a3bf-e1f6b44cdae7/sm
2023-03-28 15:08:14,038 [s0-impl-thread1] INFO  storage.RaftStorage (RaftStorageImpl.java:format(96)) - Storage directory /home/runner/work/ratis/ratis/ratis-test/target/test/data/d2acef73/MiniRaftClusterWithGrpc890f7586/s0/bf1d157c-210b-4a9b-a3bf-e1f6b44cdae7 has been successfully formatted.
2023-03-28 15:08:14,039 [s0-impl-thread1] INFO  impl.SimpleStateMachine4Testing (SimpleStateMachine4Testing.java:initialize(213)) - Initializing StateMachineWithMultiNestedSnapshotFile:uninitialized
2023-03-28 15:08:14,043 [s0-impl-thread1] INFO  impl.SimpleStateMachine4Testing (SimpleStateMachine4Testing.java:loadSnapshot(293)) - Loading snapshot null
2023-03-28 15:08:14,045 [s0-impl-thread1] INFO  server.RaftServerConfigKeys (ConfUtils.java:logGet(46)) - raft.server.log.use.memory = false (default)
2023-03-28 15:08:14,050 [s0-impl-thread1] INFO  server.RaftServerConfigKeys (ConfUtils.java:logGet(46)) - raft.server.log.purge.gap = 8 (custom)
2023-03-28 15:08:14,051 [s0-impl-thread1] INFO  server.RaftServerConfigKeys (ConfUtils.java:logGet(46)) - raft.server.log.appender.buffer.byte-limit = 4MB (=4194304) (default)
2023-03-28 15:08:14,052 [s0-impl-thread1] INFO  server.RaftServerConfigKeys (ConfUtils.java:logGet(46)) - raft.server.log.statemachine.data.read.timeout = 1000ms (default)
2023-03-28 15:08:14,053 [s0-impl-thread1] INFO  server.RaftServerConfigKeys (ConfUtils.java:logGet(46)) - raft.server.log.purge.preservation.log.num = 0 (default)
2023-03-28 15:08:14,058 [s0-impl-thread1] INFO  server.RaftServerConfigKeys (ConfUtils.java:logGet(46)) - raft.server.log.segment.size.max = 8MB (=8388608) (default)
2023-03-28 15:08:14,062 [s0-impl-thread1] INFO  server.RaftServerConfigKeys (ConfUtils.java:logGet(46)) - raft.server.log.segment.cache.num.max = 6 (default)
2023-03-28 15:08:14,062 [s0-impl-thread1] INFO  server.RaftServerConfigKeys (ConfUtils.java:logGet(46)) - raft.server.log.segment.cache.size.max = 200MB (=209715200) (default)
2023-03-28 15:08:14,063 [s0-impl-thread1] INFO  server.RaftServerConfigKeys (ConfUtils.java:logGet(46)) - raft.server.log.appender.buffer.byte-limit = 4MB (=4194304) (default)
2023-03-28 15:08:14,066 [s0-impl-thread1] INFO  segmented.SegmentedRaftLogWorker (SegmentedRaftLogWorker.java:<init>(183)) - new s0@group-E1F6B44CDAE7-SegmentedRaftLogWorker for RaftStorageImpl:Storage Directory /home/runner/work/ratis/ratis/ratis-test/target/test/data/d2acef73/MiniRaftClusterWithGrpc890f7586/s0/bf1d157c-210b-4a9b-a3bf-e1f6b44cdae7
2023-03-28 15:08:14,067 [s0-impl-thread1] INFO  server.RaftServerConfigKeys (ConfUtils.java:logGet(46)) - raft.server.log.queue.byte-limit = 64MB (=67108864) (default)
2023-03-28 15:08:14,067 [s0-impl-thread1] INFO  server.RaftServerConfigKeys (ConfUtils.java:logGet(46)) - raft.server.log.queue.element-limit = 4096 (default)
2023-03-28 15:08:14,068 [s0-impl-thread1] INFO  server.RaftServerConfigKeys (ConfUtils.java:logGet(46)) - raft.server.log.segment.size.max = 8MB (=8388608) (default)
2023-03-28 15:08:14,069 [s0-impl-thread1] INFO  server.RaftServerConfigKeys (ConfUtils.java:logGet(46)) - raft.server.log.preallocated.size = 4MB (=4194304) (default)
2023-03-28 15:08:14,070 [s0-impl-thread1] INFO  server.RaftServerConfigKeys (ConfUtils.java:logGet(46)) - raft.server.log.force.sync.num = 128 (default)
2023-03-28 15:08:14,071 [s0-impl-thread1] INFO  server.RaftServerConfigKeys (ConfUtils.java:logGet(46)) - raft.server.log.statemachine.data.sync = true (default)
2023-03-28 15:08:14,073 [s0-impl-thread1] INFO  server.RaftServerConfigKeys (ConfUtils.java:logGet(46)) - raft.server.log.statemachine.data.sync.timeout = 10s (default)
2023-03-28 15:08:14,074 [s0-impl-thread1] INFO  server.RaftServerConfigKeys (ConfUtils.java:logGet(46)) - raft.server.log.statemachine.data.sync.timeout.retry = -1 (default)
2023-03-28 15:08:14,075 [s0-impl-thread1] INFO  server.RaftServerConfigKeys (ConfUtils.java:logGet(46)) - raft.server.log.write.buffer.size = 64KB (=65536) (default)
2023-03-28 15:08:14,076 [s0-impl-thread1] INFO  server.RaftServerConfigKeys (ConfUtils.java:logGet(46)) - raft.server.log.appender.buffer.byte-limit = 4MB (=4194304) (default)
2023-03-28 15:08:14,077 [s0-impl-thread1] INFO  server.RaftServerConfigKeys (ConfUtils.java:logGet(46)) - raft.server.log.unsafe-flush.enabled = false (default)
2023-03-28 15:08:14,078 [s0-impl-thread1] INFO  server.RaftServerConfigKeys (ConfUtils.java:logGet(46)) - raft.server.log.async-flush.enabled = false (default)
2023-03-28 15:08:14,078 [s0-impl-thread1] INFO  server.RaftServerConfigKeys (ConfUtils.java:logGet(46)) - raft.server.log.statemachine.data.caching.enabled = false (default)
2023-03-28 15:08:14,083 [s0-impl-thread1] INFO  segmented.SegmentedRaftLogWorker (SegmentedRaftLogWorker.java:lambda$new$0(134)) - s0@group-E1F6B44CDAE7-SegmentedRaftLogWorker: flushIndex: setUnconditionally 0 -> -1
2023-03-28 15:08:14,084 [s0-impl-thread1] INFO  segmented.SegmentedRaftLogWorker (SegmentedRaftLogWorker.java:lambda$new$0(134)) - s0@group-E1F6B44CDAE7-SegmentedRaftLogWorker: safeCacheEvictIndex: setUnconditionally 0 -> -1
2023-03-28 15:08:14,092 [s0-impl-thread1] INFO  server.RaftServer$Division (RaftServerImpl.java:start(342)) - s0@group-E1F6B44CDAE7: start as a follower, conf=-1: peers:[s0|rpc:localhost:43615|admin:localhost:42905|client:localhost:45435|dataStream:localhost:40913|priority:0|startupRole:FOLLOWER]|listeners:[], old=null
2023-03-28 15:08:14,093 [s0-impl-thread1] INFO  server.RaftServer$Division (RaftServerImpl.java:setRole(329)) - s0@group-E1F6B44CDAE7: changes role from      null to FOLLOWER at term 0 for startAsFollower
2023-03-28 15:08:14,094 [s0-impl-thread1] INFO  impl.RoleInfo (RoleInfo.java:updateAndGet(139)) - s0: start s0@group-E1F6B44CDAE7-FollowerState
2023-03-28 15:08:14,106 [s0-impl-thread1] INFO  util.JmxRegister (JmxRegister.java:tryRegister(44)) - Successfully registered JMX Bean with object name Ratis:service=RaftServer,group=group-E1F6B44CDAE7,id=s0
2023-03-28 15:08:14,108 [s0-impl-thread1] INFO  server.RaftServerConfigKeys (ConfUtils.java:logGet(46)) - raft.server.snapshot.auto.trigger.enabled = true (custom)
2023-03-28 15:08:14,110 [s0@group-E1F6B44CDAE7-FollowerState] INFO  server.RaftServerConfigKeys (ConfUtils.java:logFallback(53)) - raft.server.rpc.first-election.timeout.min = 150ms (fallback to raft.server.rpc.timeout.min)
2023-03-28 15:08:14,110 [s0@group-E1F6B44CDAE7-FollowerState] INFO  server.RaftServerConfigKeys (ConfUtils.java:logFallback(53)) - raft.server.rpc.first-election.timeout.max = 300ms (fallback to raft.server.rpc.timeout.max)
2023-03-28 15:08:14,111 [s0-impl-thread1] INFO  server.RaftServerConfigKeys (ConfUtils.java:logGet(46)) - raft.server.snapshot.auto.trigger.threshold = 64 (custom)
2023-03-28 15:08:14,111 [s0-impl-thread1] INFO  server.RaftServerConfigKeys (ConfUtils.java:logGet(46)) - raft.server.snapshot.retention.file.num = -1 (default)
2023-03-28 15:08:14,112 [s0-impl-thread1] INFO  server.RaftServerConfigKeys (ConfUtils.java:logGet(46)) - raft.server.log.purge.upto.snapshot.index = false (default)
2023-03-28 15:08:14,115 [Time-limited test] INFO  server.RaftServer (RaftServerProxy.java:startImpl(401)) - s0: start RPC server
2023-03-28 15:08:14,152 [Time-limited test] INFO  server.GrpcService (GrpcService.java:startImpl(302)) - s0: GrpcService started, listening on 45435
2023-03-28 15:08:14,154 [Time-limited test] INFO  server.GrpcService (GrpcService.java:startImpl(302)) - s0: GrpcService started, listening on 43615
2023-03-28 15:08:14,155 [Time-limited test] INFO  server.GrpcService (GrpcService.java:startImpl(302)) - s0: GrpcService started, listening on 42905
2023-03-28 15:08:14,165 [JvmPauseMonitor0] INFO  util.JvmPauseMonitor (JvmPauseMonitor.java:run(103)) - JvmPauseMonitor-s0: Started
2023-03-28 15:08:14,168 [Time-limited test] INFO  server.RaftServerConfigKeys (ConfUtils.java:logGet(46)) - raft.server.rpc.timeout.max = 300ms (default)
2023-03-28 15:08:14,169 [Time-limited test] INFO  ratis.RaftTestUtil (RaftTestUtil.java:waitForLeader(100)) - printing ALL groups
  s0:  RUNNING  FOLLOWER s0@group-E1F6B44CDAE7:t0, leader=null, voted=, raftlog=Memoized:s0@group-E1F6B44CDAE7-SegmentedRaftLog:OPENED:c-1, conf=-1: peers:[s0|rpc:localhost:43615|admin:localhost:42905|client:localhost:45435|dataStream:localhost:40913|priority:0|startupRole:FOLLOWER]|listeners:[], old=null RUNNING
2023-03-28 15:08:14,174 [Time-limited test] WARN  ratis.RaftTestUtil (JavaUtils.java:attempt(217)) - FAILED "waitForLeader-null-(expectLeader? true)", attempt #1/100: java.lang.IllegalStateException: No leader yet : printing ALL groups
  s0:  RUNNING  FOLLOWER s0@group-E1F6B44CDAE7:t0, leader=null, voted=, raftlog=Memoized:s0@group-E1F6B44CDAE7-SegmentedRaftLog:OPENED:c-1, conf=-1: peers:[s0|rpc:localhost:43615|admin:localhost:42905|client:localhost:45435|dataStream:localhost:40913|priority:0|startupRole:FOLLOWER]|listeners:[], old=null RUNNING, sleep 450ms and then retry.
java.lang.IllegalStateException: No leader yet : printing ALL groups
  s0:  RUNNING  FOLLOWER s0@group-E1F6B44CDAE7:t0, leader=null, voted=, raftlog=Memoized:s0@group-E1F6B44CDAE7-SegmentedRaftLog:OPENED:c-1, conf=-1: peers:[s0|rpc:localhost:43615|admin:localhost:42905|client:localhost:45435|dataStream:localhost:40913|priority:0|startupRole:FOLLOWER]|listeners:[], old=null RUNNING
	at org.apache.ratis.server.impl.MiniRaftCluster.newIllegalStateExceptionForNoLeaders(MiniRaftCluster.java:581)
	at org.apache.ratis.RaftTestUtil.lambda$waitForLeader$1(RaftTestUtil.java:104)
	at org.apache.ratis.server.impl.MiniRaftCluster.getLeader(MiniRaftCluster.java:615)
	at org.apache.ratis.server.impl.MiniRaftCluster.getLeader(MiniRaftCluster.java:608)
	at org.apache.ratis.RaftTestUtil.lambda$waitForLeader$3(RaftTestUtil.java:112)
	at org.apache.ratis.util.JavaUtils.attempt(JavaUtils.java:211)
	at org.apache.ratis.util.JavaUtils.attemptRepeatedly(JavaUtils.java:197)
	at org.apache.ratis.RaftTestUtil.waitForLeader(RaftTestUtil.java:111)
	at org.apache.ratis.RaftTestUtil.waitForLeader(RaftTestUtil.java:92)
	at org.apache.ratis.RaftTestUtil.waitForLeader(RaftTestUtil.java:87)
	at org.apache.ratis.InstallSnapshotFromLeaderTests.testMultiFileInstallSnapshot(InstallSnapshotFromLeaderTests.java:92)
	at org.apache.ratis.server.impl.MiniRaftCluster$Factory$Get.runWithNewCluster(MiniRaftCluster.java:141)
	at org.apache.ratis.server.impl.MiniRaftCluster$Factory$Get.runWithNewCluster(MiniRaftCluster.java:121)
	at org.apache.ratis.InstallSnapshotFromLeaderTests.testMultiFileInstallSnapshot(InstallSnapshotFromLeaderTests.java:79)
	at java.base/jdk.internal.reflect.NativeMethodAccessorImpl.invoke0(Native Method)
	at java.base/jdk.internal.reflect.NativeMethodAccessorImpl.invoke(NativeMethodAccessorImpl.java:62)
	at java.base/jdk.internal.reflect.DelegatingMethodAccessorImpl.invoke(DelegatingMethodAccessorImpl.java:43)
	at java.base/java.lang.reflect.Method.invoke(Method.java:566)
	at org.junit.runners.model.FrameworkMethod$1.runReflectiveCall(FrameworkMethod.java:59)
	at org.junit.internal.runners.model.ReflectiveCallable.run(ReflectiveCallable.java:12)
	at org.junit.runners.model.FrameworkMethod.invokeExplosively(FrameworkMethod.java:56)
	at org.junit.internal.runners.statements.InvokeMethod.evaluate(InvokeMethod.java:17)
	at org.junit.internal.runners.statements.RunAfters.evaluate(RunAfters.java:27)
	at org.junit.internal.runners.statements.FailOnTimeout$CallableStatement.call(FailOnTimeout.java:299)
	at org.junit.internal.runners.statements.FailOnTimeout$CallableStatement.call(FailOnTimeout.java:293)
	at java.base/java.util.concurrent.FutureTask.run(FutureTask.java:264)
	at java.base/java.lang.Thread.run(Thread.java:829)
2023-03-28 15:08:14,307 [s0@group-E1F6B44CDAE7-FollowerState] INFO  impl.FollowerState (FollowerState.java:run(143)) - s0@group-E1F6B44CDAE7-FollowerState: change to CANDIDATE, lastRpcElapsedTime:213030700ns, electionTimeout:196ms
2023-03-28 15:08:14,307 [s0@group-E1F6B44CDAE7-FollowerState] INFO  impl.RoleInfo (RoleInfo.java:shutdownFollowerState(110)) - s0: shutdown s0@group-E1F6B44CDAE7-FollowerState
2023-03-28 15:08:14,307 [s0@group-E1F6B44CDAE7-FollowerState] INFO  server.RaftServer$Division (RaftServerImpl.java:setRole(329)) - s0@group-E1F6B44CDAE7: changes role from  FOLLOWER to CANDIDATE at term 0 for changeToCandidate
2023-03-28 15:08:14,310 [s0@group-E1F6B44CDAE7-FollowerState] INFO  server.RaftServerConfigKeys (ConfUtils.java:logGet(46)) - raft.server.leaderelection.pre-vote = true (default)
2023-03-28 15:08:14,310 [s0@group-E1F6B44CDAE7-FollowerState] INFO  impl.RoleInfo (RoleInfo.java:updateAndGet(139)) - s0: start s0@group-E1F6B44CDAE7-LeaderElection1
2023-03-28 15:08:14,320 [s0@group-E1F6B44CDAE7-LeaderElection1] INFO  impl.LeaderElection (LeaderElection.java:askForVotes(320)) - s0@group-E1F6B44CDAE7-LeaderElection1 PRE_VOTE round 0: submit vote requests at term 0 for -1: peers:[s0|rpc:localhost:43615|admin:localhost:42905|client:localhost:45435|dataStream:localhost:40913|priority:0|startupRole:FOLLOWER]|listeners:[], old=null
2023-03-28 15:08:14,321 [s0@group-E1F6B44CDAE7-LeaderElection1] INFO  impl.LeaderElection (LeaderElection.java:askForVotes(322)) - s0@group-E1F6B44CDAE7-LeaderElection1 PRE_VOTE round 0: result PASSED (term=0)
2023-03-28 15:08:14,322 [s0@group-E1F6B44CDAE7-LeaderElection1] INFO  impl.LeaderElection (LeaderElection.java:askForVotes(320)) - s0@group-E1F6B44CDAE7-LeaderElection1 ELECTION round 0: submit vote requests at term 1 for -1: peers:[s0|rpc:localhost:43615|admin:localhost:42905|client:localhost:45435|dataStream:localhost:40913|priority:0|startupRole:FOLLOWER]|listeners:[], old=null
2023-03-28 15:08:14,322 [s0@group-E1F6B44CDAE7-LeaderElection1] INFO  impl.LeaderElection (LeaderElection.java:askForVotes(322)) - s0@group-E1F6B44CDAE7-LeaderElection1 ELECTION round 0: result PASSED (term=1)
2023-03-28 15:08:14,322 [s0@group-E1F6B44CDAE7-LeaderElection1] INFO  impl.RoleInfo (RoleInfo.java:shutdownLeaderElection(130)) - s0: shutdown s0@group-E1F6B44CDAE7-LeaderElection1
2023-03-28 15:08:14,323 [s0@group-E1F6B44CDAE7-LeaderElection1] INFO  server.RaftServer$Division (RaftServerImpl.java:setRole(329)) - s0@group-E1F6B44CDAE7: changes role from CANDIDATE to LEADER at term 1 for changeToLeader
2023-03-28 15:08:14,323 [s0@group-E1F6B44CDAE7-LeaderElection1] INFO  server.RaftServer$Division (ServerState.java:setLeader(260)) - s0@group-E1F6B44CDAE7: change Leader from null to s0 at term 1 for becomeLeader, leader elected after 466ms
2023-03-28 15:08:14,330 [s0@group-E1F6B44CDAE7-LeaderElection1] INFO  server.RaftServerConfigKeys (ConfUtils.java:logGet(46)) - raft.server.staging.catchup.gap = 1000 (default)
2023-03-28 15:08:14,332 [s0@group-E1F6B44CDAE7-LeaderElection1] INFO  server.RaftServerConfigKeys (ConfUtils.java:logGet(46)) - raft.server.write.element-limit = 4096 (default)
2023-03-28 15:08:14,333 [s0@group-E1F6B44CDAE7-LeaderElection1] INFO  server.RaftServerConfigKeys (ConfUtils.java:logGet(46)) - raft.server.write.byte-limit = 64MB (=67108864) (default)
2023-03-28 15:08:14,336 [s0@group-E1F6B44CDAE7-LeaderElection1] INFO  server.RaftServerConfigKeys (ConfUtils.java:logGet(46)) - raft.server.watch.timeout = 10s (default)
2023-03-28 15:08:14,336 [s0@group-E1F6B44CDAE7-LeaderElection1] INFO  server.RaftServerConfigKeys (ConfUtils.java:logGet(46)) - raft.server.watch.timeout.denomination = 1s (default)
2023-03-28 15:08:14,336 [s0@group-E1F6B44CDAE7-LeaderElection1] INFO  server.RaftServerConfigKeys (ConfUtils.java:logGet(46)) - raft.server.watch.element-limit = 65536 (default)
2023-03-28 15:08:14,343 [s0@group-E1F6B44CDAE7-LeaderElection1] INFO  server.RaftServerConfigKeys (ConfUtils.java:logGet(46)) - raft.server.write.element-limit = 4096 (default)
2023-03-28 15:08:14,344 [s0@group-E1F6B44CDAE7-LeaderElection1] INFO  server.RaftServerConfigKeys (ConfUtils.java:logGet(46)) - raft.server.write.follower.gap.ratio.max = -1.0 (default)
2023-03-28 15:08:14,346 [s0@group-E1F6B44CDAE7-LeaderElection1] INFO  impl.RoleInfo (RoleInfo.java:updateAndGet(139)) - s0: start s0@group-E1F6B44CDAE7-LeaderStateImpl
2023-03-28 15:08:14,362 [s0@group-E1F6B44CDAE7-LeaderElection1] INFO  segmented.SegmentedRaftLogWorker (SegmentedRaftLogWorker.java:startLogSegment(426)) - s0@group-E1F6B44CDAE7-SegmentedRaftLogWorker: Starting segment from index:0
2023-03-28 15:08:14,378 [s0@group-E1F6B44CDAE7-LeaderElection1] INFO  server.RaftServer$Division (ServerState.java:setRaftConf(377)) - s0@group-E1F6B44CDAE7: set configuration 0: peers:[s0|rpc:localhost:43615|admin:localhost:42905|client:localhost:45435|dataStream:localhost:40913|priority:0|startupRole:FOLLOWER]|listeners:[], old=null
2023-03-28 15:08:14,425 [s0@group-E1F6B44CDAE7-SegmentedRaftLogWorker] INFO  segmented.SegmentedRaftLogWorker (SegmentedRaftLogWorker.java:execute(630)) - s0@group-E1F6B44CDAE7-SegmentedRaftLogWorker: created new log segment /home/runner/work/ratis/ratis/ratis-test/target/test/data/d2acef73/MiniRaftClusterWithGrpc890f7586/s0/bf1d157c-210b-4a9b-a3bf-e1f6b44cdae7/current/log_inprogress_0
2023-03-28 15:08:14,628 [Time-limited test] INFO  ratis.RaftTestUtil (RaftTestUtil.java:waitForLeader(119)) - printing ALL groups
  s0:  RUNNING    LEADER s0@group-E1F6B44CDAE7:t1, leader=s0, voted=s0, raftlog=Memoized:s0@group-E1F6B44CDAE7-SegmentedRaftLog:OPENED:c0, conf=0: peers:[s0|rpc:localhost:43615|admin:localhost:42905|client:localhost:45435|dataStream:localhost:40913|priority:0|startupRole:FOLLOWER]|listeners:[], old=null RUNNING
2023-03-28 15:08:14,914 [s0@group-E1F6B44CDAE7-StateMachineUpdater] INFO  impl.SimpleStateMachine4Testing (SimpleStateMachine4Testing.java:put(205)) - s0: put 1, m0 -> (t:1, i:1), STATEMACHINELOGENTRY, 0@client-3DF12FA71C19
2023-03-28 15:08:14,951 [s0@group-E1F6B44CDAE7-StateMachineUpdater] INFO  impl.SimpleStateMachine4Testing (SimpleStateMachine4Testing.java:put(205)) - s0: put 3, m1 -> (t:1, i:3), STATEMACHINELOGENTRY, 1@client-3DF12FA71C19
2023-03-28 15:08:14,964 [s0@group-E1F6B44CDAE7-StateMachineUpdater] INFO  impl.SimpleStateMachine4Testing (SimpleStateMachine4Testing.java:put(205)) - s0: put 5, m2 -> (t:1, i:5), STATEMACHINELOGENTRY, 2@client-3DF12FA71C19
2023-03-28 15:08:14,970 [s0@group-E1F6B44CDAE7-StateMachineUpdater] INFO  impl.SimpleStateMachine4Testing (SimpleStateMachine4Testing.java:put(205)) - s0: put 7, m3 -> (t:1, i:7), STATEMACHINELOGENTRY, 3@client-3DF12FA71C19
2023-03-28 15:08:14,980 [s0@group-E1F6B44CDAE7-StateMachineUpdater] INFO  impl.SimpleStateMachine4Testing (SimpleStateMachine4Testing.java:put(205)) - s0: put 9, m4 -> (t:1, i:9), STATEMACHINELOGENTRY, 4@client-3DF12FA71C19
2023-03-28 15:08:14,994 [s0@group-E1F6B44CDAE7-StateMachineUpdater] INFO  impl.SimpleStateMachine4Testing (SimpleStateMachine4Testing.java:put(205)) - s0: put 11, m5 -> (t:1, i:11), STATEMACHINELOGENTRY, 5@client-3DF12FA71C19
2023-03-28 15:08:15,004 [s0@group-E1F6B44CDAE7-StateMachineUpdater] INFO  impl.SimpleStateMachine4Testing (SimpleStateMachine4Testing.java:put(205)) - s0: put 13, m6 -> (t:1, i:13), STATEMACHINELOGENTRY, 6@client-3DF12FA71C19
2023-03-28 15:08:15,015 [s0@group-E1F6B44CDAE7-StateMachineUpdater] INFO  impl.SimpleStateMachine4Testing (SimpleStateMachine4Testing.java:put(205)) - s0: put 15, m7 -> (t:1, i:15), STATEMACHINELOGENTRY, 7@client-3DF12FA71C19
2023-03-28 15:08:15,024 [s0@group-E1F6B44CDAE7-StateMachineUpdater] INFO  impl.SimpleStateMachine4Testing (SimpleStateMachine4Testing.java:put(205)) - s0: put 17, m8 -> (t:1, i:17), STATEMACHINELOGENTRY, 8@client-3DF12FA71C19
2023-03-28 15:08:15,033 [s0@group-E1F6B44CDAE7-StateMachineUpdater] INFO  impl.SimpleStateMachine4Testing (SimpleStateMachine4Testing.java:put(205)) - s0: put 19, m9 -> (t:1, i:19), STATEMACHINELOGENTRY, 9@client-3DF12FA71C19
2023-03-28 15:08:15,044 [s0@group-E1F6B44CDAE7-StateMachineUpdater] INFO  impl.SimpleStateMachine4Testing (SimpleStateMachine4Testing.java:put(205)) - s0: put 21, m10 -> (t:1, i:21), STATEMACHINELOGENTRY, 10@client-3DF12FA71C19
2023-03-28 15:08:15,050 [s0@group-E1F6B44CDAE7-StateMachineUpdater] INFO  impl.SimpleStateMachine4Testing (SimpleStateMachine4Testing.java:put(205)) - s0: put 23, m11 -> (t:1, i:23), STATEMACHINELOGENTRY, 11@client-3DF12FA71C19
2023-03-28 15:08:15,055 [s0@group-E1F6B44CDAE7-StateMachineUpdater] INFO  impl.SimpleStateMachine4Testing (SimpleStateMachine4Testing.java:put(205)) - s0: put 25, m12 -> (t:1, i:25), STATEMACHINELOGENTRY, 12@client-3DF12FA71C19
2023-03-28 15:08:15,065 [s0@group-E1F6B44CDAE7-StateMachineUpdater] INFO  impl.SimpleStateMachine4Testing (SimpleStateMachine4Testing.java:put(205)) - s0: put 27, m13 -> (t:1, i:27), STATEMACHINELOGENTRY, 13@client-3DF12FA71C19
2023-03-28 15:08:15,074 [s0@group-E1F6B44CDAE7-StateMachineUpdater] INFO  impl.SimpleStateMachine4Testing (SimpleStateMachine4Testing.java:put(205)) - s0: put 29, m14 -> (t:1, i:29), STATEMACHINELOGENTRY, 14@client-3DF12FA71C19
2023-03-28 15:08:15,081 [s0@group-E1F6B44CDAE7-StateMachineUpdater] INFO  impl.SimpleStateMachine4Testing (SimpleStateMachine4Testing.java:put(205)) - s0: put 31, m15 -> (t:1, i:31), STATEMACHINELOGENTRY, 15@client-3DF12FA71C19
2023-03-28 15:08:15,088 [s0@group-E1F6B44CDAE7-StateMachineUpdater] INFO  impl.SimpleStateMachine4Testing (SimpleStateMachine4Testing.java:put(205)) - s0: put 33, m16 -> (t:1, i:33), STATEMACHINELOGENTRY, 16@client-3DF12FA71C19
2023-03-28 15:08:15,095 [s0@group-E1F6B44CDAE7-StateMachineUpdater] INFO  impl.SimpleStateMachine4Testing (SimpleStateMachine4Testing.java:put(205)) - s0: put 35, m17 -> (t:1, i:35), STATEMACHINELOGENTRY, 17@client-3DF12FA71C19
2023-03-28 15:08:15,108 [s0@group-E1F6B44CDAE7-StateMachineUpdater] INFO  impl.SimpleStateMachine4Testing (SimpleStateMachine4Testing.java:put(205)) - s0: put 37, m18 -> (t:1, i:37), STATEMACHINELOGENTRY, 18@client-3DF12FA71C19
2023-03-28 15:08:15,116 [s0@group-E1F6B44CDAE7-StateMachineUpdater] INFO  impl.SimpleStateMachine4Testing (SimpleStateMachine4Testing.java:put(205)) - s0: put 39, m19 -> (t:1, i:39), STATEMACHINELOGENTRY, 19@client-3DF12FA71C19
2023-03-28 15:08:15,125 [s0@group-E1F6B44CDAE7-StateMachineUpdater] INFO  impl.SimpleStateMachine4Testing (SimpleStateMachine4Testing.java:put(205)) - s0: put 41, m20 -> (t:1, i:41), STATEMACHINELOGENTRY, 20@client-3DF12FA71C19
2023-03-28 15:08:15,131 [s0@group-E1F6B44CDAE7-StateMachineUpdater] INFO  impl.SimpleStateMachine4Testing (SimpleStateMachine4Testing.java:put(205)) - s0: put 43, m21 -> (t:1, i:43), STATEMACHINELOGENTRY, 21@client-3DF12FA71C19
2023-03-28 15:08:15,137 [s0@group-E1F6B44CDAE7-StateMachineUpdater] INFO  impl.SimpleStateMachine4Testing (SimpleStateMachine4Testing.java:put(205)) - s0: put 45, m22 -> (t:1, i:45), STATEMACHINELOGENTRY, 22@client-3DF12FA71C19
2023-03-28 15:08:15,143 [s0@group-E1F6B44CDAE7-StateMachineUpdater] INFO  impl.SimpleStateMachine4Testing (SimpleStateMachine4Testing.java:put(205)) - s0: put 47, m23 -> (t:1, i:47), STATEMACHINELOGENTRY, 23@client-3DF12FA71C19
2023-03-28 15:08:15,148 [s0@group-E1F6B44CDAE7-StateMachineUpdater] INFO  impl.SimpleStateMachine4Testing (SimpleStateMachine4Testing.java:put(205)) - s0: put 49, m24 -> (t:1, i:49), STATEMACHINELOGENTRY, 24@client-3DF12FA71C19
2023-03-28 15:08:15,156 [s0@group-E1F6B44CDAE7-StateMachineUpdater] INFO  impl.SimpleStateMachine4Testing (SimpleStateMachine4Testing.java:put(205)) - s0: put 51, m25 -> (t:1, i:51), STATEMACHINELOGENTRY, 25@client-3DF12FA71C19
2023-03-28 15:08:15,161 [s0@group-E1F6B44CDAE7-StateMachineUpdater] INFO  impl.SimpleStateMachine4Testing (SimpleStateMachine4Testing.java:put(205)) - s0: put 53, m26 -> (t:1, i:53), STATEMACHINELOGENTRY, 26@client-3DF12FA71C19
2023-03-28 15:08:15,167 [s0@group-E1F6B44CDAE7-StateMachineUpdater] INFO  impl.SimpleStateMachine4Testing (SimpleStateMachine4Testing.java:put(205)) - s0: put 55, m27 -> (t:1, i:55), STATEMACHINELOGENTRY, 27@client-3DF12FA71C19
2023-03-28 15:08:15,174 [s0@group-E1F6B44CDAE7-StateMachineUpdater] INFO  impl.SimpleStateMachine4Testing (SimpleStateMachine4Testing.java:put(205)) - s0: put 57, m28 -> (t:1, i:57), STATEMACHINELOGENTRY, 28@client-3DF12FA71C19
2023-03-28 15:08:15,178 [s0@group-E1F6B44CDAE7-StateMachineUpdater] INFO  impl.SimpleStateMachine4Testing (SimpleStateMachine4Testing.java:put(205)) - s0: put 59, m29 -> (t:1, i:59), STATEMACHINELOGENTRY, 29@client-3DF12FA71C19
2023-03-28 15:08:15,184 [s0@group-E1F6B44CDAE7-StateMachineUpdater] INFO  impl.SimpleStateMachine4Testing (SimpleStateMachine4Testing.java:put(205)) - s0: put 61, m30 -> (t:1, i:61), STATEMACHINELOGENTRY, 30@client-3DF12FA71C19
2023-03-28 15:08:15,188 [s0@group-E1F6B44CDAE7-StateMachineUpdater] INFO  impl.SimpleStateMachine4Testing (SimpleStateMachine4Testing.java:put(205)) - s0: put 63, m31 -> (t:1, i:63), STATEMACHINELOGENTRY, 31@client-3DF12FA71C19
2023-03-28 15:08:15,188 [s0@group-E1F6B44CDAE7-StateMachineUpdater] TRACE util.FileUtils (LogUtils.java:runAndLog(49)) - Successfully ran Files.createDirectories /home/runner/work/ratis/ratis/ratis-test/target/test/data/d2acef73/MiniRaftClusterWithGrpc890f7586/s0/bf1d157c-210b-4a9b-a3bf-e1f6b44cdae7/sm/snapshot
2023-03-28 15:08:15,188 [s0@group-E1F6B44CDAE7-StateMachineUpdater] TRACE util.FileUtils (LogUtils.java:runAndLog(49)) - Successfully ran Files.createDirectories /home/runner/work/ratis/ratis/ratis-test/target/test/data/d2acef73/MiniRaftClusterWithGrpc890f7586/s0/bf1d157c-210b-4a9b-a3bf-e1f6b44cdae7/sm/snapshot
2023-03-28 15:08:15,189 [s0@group-E1F6B44CDAE7-StateMachineUpdater] TRACE util.FileUtils (LogUtils.java:runAndLog(49)) - Successfully ran Files.createDirectories /home/runner/work/ratis/ratis/ratis-test/target/test/data/d2acef73/MiniRaftClusterWithGrpc890f7586/s0/bf1d157c-210b-4a9b-a3bf-e1f6b44cdae7/sm/snapshot/sub
2023-03-28 15:08:15,189 [s0@group-E1F6B44CDAE7-StateMachineUpdater] TRACE util.FileUtils (LogUtils.java:supplyAndLog(70)) - Successfully supplied Files.newOutputStream CREATE_NEW /home/runner/work/ratis/ratis/ratis-test/target/test/data/d2acef73/MiniRaftClusterWithGrpc890f7586/s0/bf1d157c-210b-4a9b-a3bf-e1f6b44cdae7/sm/snapshot/1.bin: java.nio.channels.Channels$1@676b292a
2023-03-28 15:08:15,189 [s0@group-E1F6B44CDAE7-StateMachineUpdater] TRACE util.FileUtils (LogUtils.java:supplyAndLog(70)) - Successfully supplied Files.newOutputStream CREATE_NEW /home/runner/work/ratis/ratis/ratis-test/target/test/data/d2acef73/MiniRaftClusterWithGrpc890f7586/s0/bf1d157c-210b-4a9b-a3bf-e1f6b44cdae7/sm/snapshot/sub/2.bin: java.nio.channels.Channels$1@79360504
2023-03-28 15:08:15,204 [s0@group-E1F6B44CDAE7-StateMachineUpdater] INFO  impl.StateMachineUpdater (StateMachineUpdater.java:takeSnapshot(290)) - s0@group-E1F6B44CDAE7-StateMachineUpdater: Took a snapshot at index 63
2023-03-28 15:08:15,204 [s0@group-E1F6B44CDAE7-StateMachineUpdater] INFO  impl.StateMachineUpdater (StateMachineUpdater.java:lambda$new$0(96)) - s0@group-E1F6B44CDAE7-StateMachineUpdater: snapshotIndex: updateIncreasingly -1 -> 63
2023-03-28 15:08:15,206 [s0@group-E1F6B44CDAE7-StateMachineUpdater] INFO  raftlog.RaftLog (RaftLogBase.java:purge(314)) - s0@group-E1F6B44CDAE7-SegmentedRaftLog: purge 63
2023-03-28 15:08:15,207 [s0@group-E1F6B44CDAE7-StateMachineUpdater] INFO  raftlog.RaftLog (RaftLogBase.java:lambda$new$0(53)) - s0@group-E1F6B44CDAE7-SegmentedRaftLog: snapshotIndex: updateIncreasingly -1 -> 63
2023-03-28 15:08:15,208 [s0@group-E1F6B44CDAE7-StateMachineUpdater] INFO  raftlog.RaftLog (RaftLogBase.java:lambda$new$0(53)) - s0@group-E1F6B44CDAE7-SegmentedRaftLog: purgeIndex: updateToMax old=-1, new=63, updated? true
2023-03-28 15:08:15,208 [s0@group-E1F6B44CDAE7-StateMachineUpdater] INFO  impl.SimpleStateMachine4Testing (SimpleStateMachine4Testing.java:put(205)) - s0: put 65, m32 -> (t:1, i:65), STATEMACHINELOGENTRY, 32@client-3DF12FA71C19
2023-03-28 15:08:15,221 [s0@group-E1F6B44CDAE7-StateMachineUpdater] INFO  impl.SimpleStateMachine4Testing (SimpleStateMachine4Testing.java:put(205)) - s0: put 67, m33 -> (t:1, i:67), STATEMACHINELOGENTRY, 33@client-3DF12FA71C19
2023-03-28 15:08:15,228 [s0@group-E1F6B44CDAE7-StateMachineUpdater] INFO  impl.SimpleStateMachine4Testing (SimpleStateMachine4Testing.java:put(205)) - s0: put 69, m34 -> (t:1, i:69), STATEMACHINELOGENTRY, 34@client-3DF12FA71C19
2023-03-28 15:08:15,232 [s0@group-E1F6B44CDAE7-StateMachineUpdater] INFO  impl.SimpleStateMachine4Testing (SimpleStateMachine4Testing.java:put(205)) - s0: put 71, m35 -> (t:1, i:71), STATEMACHINELOGENTRY, 35@client-3DF12FA71C19
2023-03-28 15:08:15,236 [s0@group-E1F6B44CDAE7-StateMachineUpdater] INFO  impl.SimpleStateMachine4Testing (SimpleStateMachine4Testing.java:put(205)) - s0: put 73, m36 -> (t:1, i:73), STATEMACHINELOGENTRY, 36@client-3DF12FA71C19
2023-03-28 15:08:15,240 [s0@group-E1F6B44CDAE7-StateMachineUpdater] INFO  impl.SimpleStateMachine4Testing (SimpleStateMachine4Testing.java:put(205)) - s0: put 75, m37 -> (t:1, i:75), STATEMACHINELOGENTRY, 37@client-3DF12FA71C19
2023-03-28 15:08:15,243 [s0@group-E1F6B44CDAE7-StateMachineUpdater] INFO  impl.SimpleStateMachine4Testing (SimpleStateMachine4Testing.java:put(205)) - s0: put 77, m38 -> (t:1, i:77), STATEMACHINELOGENTRY, 38@client-3DF12FA71C19
2023-03-28 15:08:15,248 [s0@group-E1F6B44CDAE7-StateMachineUpdater] INFO  impl.SimpleStateMachine4Testing (SimpleStateMachine4Testing.java:put(205)) - s0: put 79, m39 -> (t:1, i:79), STATEMACHINELOGENTRY, 39@client-3DF12FA71C19
2023-03-28 15:08:15,251 [s0@group-E1F6B44CDAE7-StateMachineUpdater] INFO  impl.SimpleStateMachine4Testing (SimpleStateMachine4Testing.java:put(205)) - s0: put 81, m40 -> (t:1, i:81), STATEMACHINELOGENTRY, 40@client-3DF12FA71C19
2023-03-28 15:08:15,255 [s0@group-E1F6B44CDAE7-StateMachineUpdater] INFO  impl.SimpleStateMachine4Testing (SimpleStateMachine4Testing.java:put(205)) - s0: put 83, m41 -> (t:1, i:83), STATEMACHINELOGENTRY, 41@client-3DF12FA71C19
2023-03-28 15:08:15,262 [s0@group-E1F6B44CDAE7-StateMachineUpdater] INFO  impl.SimpleStateMachine4Testing (SimpleStateMachine4Testing.java:put(205)) - s0: put 85, m42 -> (t:1, i:85), STATEMACHINELOGENTRY, 42@client-3DF12FA71C19
2023-03-28 15:08:15,265 [s0@group-E1F6B44CDAE7-StateMachineUpdater] INFO  impl.SimpleStateMachine4Testing (SimpleStateMachine4Testing.java:put(205)) - s0: put 87, m43 -> (t:1, i:87), STATEMACHINELOGENTRY, 43@client-3DF12FA71C19
2023-03-28 15:08:15,268 [s0@group-E1F6B44CDAE7-StateMachineUpdater] INFO  impl.SimpleStateMachine4Testing (SimpleStateMachine4Testing.java:put(205)) - s0: put 89, m44 -> (t:1, i:89), STATEMACHINELOGENTRY, 44@client-3DF12FA71C19
2023-03-28 15:08:15,271 [s0@group-E1F6B44CDAE7-StateMachineUpdater] INFO  impl.SimpleStateMachine4Testing (SimpleStateMachine4Testing.java:put(205)) - s0: put 91, m45 -> (t:1, i:91), STATEMACHINELOGENTRY, 45@client-3DF12FA71C19
2023-03-28 15:08:15,274 [s0@group-E1F6B44CDAE7-StateMachineUpdater] INFO  impl.SimpleStateMachine4Testing (SimpleStateMachine4Testing.java:put(205)) - s0: put 93, m46 -> (t:1, i:93), STATEMACHINELOGENTRY, 46@client-3DF12FA71C19
2023-03-28 15:08:15,279 [s0@group-E1F6B44CDAE7-StateMachineUpdater] INFO  impl.SimpleStateMachine4Testing (SimpleStateMachine4Testing.java:put(205)) - s0: put 95, m47 -> (t:1, i:95), STATEMACHINELOGENTRY, 47@client-3DF12FA71C19
2023-03-28 15:08:15,286 [s0@group-E1F6B44CDAE7-StateMachineUpdater] INFO  impl.SimpleStateMachine4Testing (SimpleStateMachine4Testing.java:put(205)) - s0: put 97, m48 -> (t:1, i:97), STATEMACHINELOGENTRY, 48@client-3DF12FA71C19
2023-03-28 15:08:15,289 [s0@group-E1F6B44CDAE7-StateMachineUpdater] INFO  impl.SimpleStateMachine4Testing (SimpleStateMachine4Testing.java:put(205)) - s0: put 99, m49 -> (t:1, i:99), STATEMACHINELOGENTRY, 49@client-3DF12FA71C19
2023-03-28 15:08:15,292 [s0@group-E1F6B44CDAE7-StateMachineUpdater] INFO  impl.SimpleStateMachine4Testing (SimpleStateMachine4Testing.java:put(205)) - s0: put 101, m50 -> (t:1, i:101), STATEMACHINELOGENTRY, 50@client-3DF12FA71C19
2023-03-28 15:08:15,301 [s0@group-E1F6B44CDAE7-StateMachineUpdater] INFO  impl.SimpleStateMachine4Testing (SimpleStateMachine4Testing.java:put(205)) - s0: put 103, m51 -> (t:1, i:103), STATEMACHINELOGENTRY, 51@client-3DF12FA71C19
2023-03-28 15:08:15,305 [s0@group-E1F6B44CDAE7-StateMachineUpdater] INFO  impl.SimpleStateMachine4Testing (SimpleStateMachine4Testing.java:put(205)) - s0: put 105, m52 -> (t:1, i:105), STATEMACHINELOGENTRY, 52@client-3DF12FA71C19
2023-03-28 15:08:15,308 [s0@group-E1F6B44CDAE7-StateMachineUpdater] INFO  impl.SimpleStateMachine4Testing (SimpleStateMachine4Testing.java:put(205)) - s0: put 107, m53 -> (t:1, i:107), STATEMACHINELOGENTRY, 53@client-3DF12FA71C19
2023-03-28 15:08:15,312 [s0@group-E1F6B44CDAE7-StateMachineUpdater] INFO  impl.SimpleStateMachine4Testing (SimpleStateMachine4Testing.java:put(205)) - s0: put 109, m54 -> (t:1, i:109), STATEMACHINELOGENTRY, 54@client-3DF12FA71C19
2023-03-28 15:08:15,316 [s0@group-E1F6B44CDAE7-StateMachineUpdater] INFO  impl.SimpleStateMachine4Testing (SimpleStateMachine4Testing.java:put(205)) - s0: put 111, m55 -> (t:1, i:111), STATEMACHINELOGENTRY, 55@client-3DF12FA71C19
2023-03-28 15:08:15,319 [s0@group-E1F6B44CDAE7-StateMachineUpdater] INFO  impl.SimpleStateMachine4Testing (SimpleStateMachine4Testing.java:put(205)) - s0: put 113, m56 -> (t:1, i:113), STATEMACHINELOGENTRY, 56@client-3DF12FA71C19
2023-03-28 15:08:15,323 [s0@group-E1F6B44CDAE7-StateMachineUpdater] INFO  impl.SimpleStateMachine4Testing (SimpleStateMachine4Testing.java:put(205)) - s0: put 115, m57 -> (t:1, i:115), STATEMACHINELOGENTRY, 57@client-3DF12FA71C19
2023-03-28 15:08:15,327 [s0@group-E1F6B44CDAE7-StateMachineUpdater] INFO  impl.SimpleStateMachine4Testing (SimpleStateMachine4Testing.java:put(205)) - s0: put 117, m58 -> (t:1, i:117), STATEMACHINELOGENTRY, 58@client-3DF12FA71C19
2023-03-28 15:08:15,331 [s0@group-E1F6B44CDAE7-StateMachineUpdater] INFO  impl.SimpleStateMachine4Testing (SimpleStateMachine4Testing.java:put(205)) - s0: put 119, m59 -> (t:1, i:119), STATEMACHINELOGENTRY, 59@client-3DF12FA71C19
2023-03-28 15:08:15,336 [s0@group-E1F6B44CDAE7-StateMachineUpdater] INFO  impl.SimpleStateMachine4Testing (SimpleStateMachine4Testing.java:put(205)) - s0: put 121, m60 -> (t:1, i:121), STATEMACHINELOGENTRY, 60@client-3DF12FA71C19
2023-03-28 15:08:15,339 [s0@group-E1F6B44CDAE7-StateMachineUpdater] INFO  impl.SimpleStateMachine4Testing (SimpleStateMachine4Testing.java:put(205)) - s0: put 123, m61 -> (t:1, i:123), STATEMACHINELOGENTRY, 61@client-3DF12FA71C19
2023-03-28 15:08:15,345 [s0@group-E1F6B44CDAE7-StateMachineUpdater] INFO  impl.SimpleStateMachine4Testing (SimpleStateMachine4Testing.java:put(205)) - s0: put 125, m62 -> (t:1, i:125), STATEMACHINELOGENTRY, 62@client-3DF12FA71C19
2023-03-28 15:08:15,349 [s0@group-E1F6B44CDAE7-StateMachineUpdater] INFO  impl.SimpleStateMachine4Testing (SimpleStateMachine4Testing.java:put(205)) - s0: put 127, m63 -> (t:1, i:127), STATEMACHINELOGENTRY, 63@client-3DF12FA71C19
2023-03-28 15:08:15,362 [s0@group-E1F6B44CDAE7-StateMachineUpdater] INFO  impl.StateMachineUpdater (StateMachineUpdater.java:takeSnapshot(290)) - s0@group-E1F6B44CDAE7-StateMachineUpdater: Took a snapshot at index 127
2023-03-28 15:08:15,362 [s0@group-E1F6B44CDAE7-StateMachineUpdater] INFO  impl.StateMachineUpdater (StateMachineUpdater.java:lambda$new$0(96)) - s0@group-E1F6B44CDAE7-StateMachineUpdater: snapshotIndex: updateIncreasingly 63 -> 127
2023-03-28 15:08:15,362 [s0@group-E1F6B44CDAE7-StateMachineUpdater] INFO  raftlog.RaftLog (RaftLogBase.java:purge(314)) - s0@group-E1F6B44CDAE7-SegmentedRaftLog: purge 127
2023-03-28 15:08:15,362 [s0@group-E1F6B44CDAE7-StateMachineUpdater] INFO  raftlog.RaftLog (RaftLogBase.java:lambda$new$0(53)) - s0@group-E1F6B44CDAE7-SegmentedRaftLog: snapshotIndex: updateIncreasingly 63 -> 127
2023-03-28 15:08:15,362 [s0@group-E1F6B44CDAE7-StateMachineUpdater] INFO  raftlog.RaftLog (RaftLogBase.java:lambda$new$0(53)) - s0@group-E1F6B44CDAE7-SegmentedRaftLog: purgeIndex: updateToMax old=63, new=127, updated? true
2023-03-28 15:08:15,363 [s0@group-E1F6B44CDAE7-StateMachineUpdater] INFO  impl.SimpleStateMachine4Testing (SimpleStateMachine4Testing.java:put(205)) - s0: put 129, m64 -> (t:1, i:129), STATEMACHINELOGENTRY, 64@client-3DF12FA71C19
2023-03-28 15:08:15,367 [s0@group-E1F6B44CDAE7-StateMachineUpdater] INFO  impl.SimpleStateMachine4Testing (SimpleStateMachine4Testing.java:put(205)) - s0: put 131, m65 -> (t:1, i:131), STATEMACHINELOGENTRY, 65@client-3DF12FA71C19
2023-03-28 15:08:15,371 [s0@group-E1F6B44CDAE7-StateMachineUpdater] INFO  impl.SimpleStateMachine4Testing (SimpleStateMachine4Testing.java:put(205)) - s0: put 133, m66 -> (t:1, i:133), STATEMACHINELOGENTRY, 66@client-3DF12FA71C19
2023-03-28 15:08:15,374 [s0@group-E1F6B44CDAE7-StateMachineUpdater] INFO  impl.SimpleStateMachine4Testing (SimpleStateMachine4Testing.java:put(205)) - s0: put 135, m67 -> (t:1, i:135), STATEMACHINELOGENTRY, 67@client-3DF12FA71C19
2023-03-28 15:08:15,381 [s0@group-E1F6B44CDAE7-StateMachineUpdater] INFO  impl.SimpleStateMachine4Testing (SimpleStateMachine4Testing.java:put(205)) - s0: put 137, m68 -> (t:1, i:137), STATEMACHINELOGENTRY, 68@client-3DF12FA71C19
2023-03-28 15:08:15,386 [s0@group-E1F6B44CDAE7-StateMachineUpdater] INFO  impl.SimpleStateMachine4Testing (SimpleStateMachine4Testing.java:put(205)) - s0: put 139, m69 -> (t:1, i:139), STATEMACHINELOGENTRY, 69@client-3DF12FA71C19
2023-03-28 15:08:15,389 [s0@group-E1F6B44CDAE7-StateMachineUpdater] INFO  impl.SimpleStateMachine4Testing (SimpleStateMachine4Testing.java:put(205)) - s0: put 141, m70 -> (t:1, i:141), STATEMACHINELOGENTRY, 70@client-3DF12FA71C19
2023-03-28 15:08:15,393 [s0@group-E1F6B44CDAE7-StateMachineUpdater] INFO  impl.SimpleStateMachine4Testing (SimpleStateMachine4Testing.java:put(205)) - s0: put 143, m71 -> (t:1, i:143), STATEMACHINELOGENTRY, 71@client-3DF12FA71C19
2023-03-28 15:08:15,398 [s0@group-E1F6B44CDAE7-StateMachineUpdater] INFO  impl.SimpleStateMachine4Testing (SimpleStateMachine4Testing.java:put(205)) - s0: put 145, m72 -> (t:1, i:145), STATEMACHINELOGENTRY, 72@client-3DF12FA71C19
2023-03-28 15:08:15,401 [s0@group-E1F6B44CDAE7-StateMachineUpdater] INFO  impl.SimpleStateMachine4Testing (SimpleStateMachine4Testing.java:put(205)) - s0: put 147, m73 -> (t:1, i:147), STATEMACHINELOGENTRY, 73@client-3DF12FA71C19
2023-03-28 15:08:15,409 [s0@group-E1F6B44CDAE7-StateMachineUpdater] INFO  impl.SimpleStateMachine4Testing (SimpleStateMachine4Testing.java:put(205)) - s0: put 149, m74 -> (t:1, i:149), STATEMACHINELOGENTRY, 74@client-3DF12FA71C19
2023-03-28 15:08:15,412 [s0@group-E1F6B44CDAE7-StateMachineUpdater] INFO  impl.SimpleStateMachine4Testing (SimpleStateMachine4Testing.java:put(205)) - s0: put 151, m75 -> (t:1, i:151), STATEMACHINELOGENTRY, 75@client-3DF12FA71C19
2023-03-28 15:08:15,419 [s0@group-E1F6B44CDAE7-StateMachineUpdater] INFO  impl.SimpleStateMachine4Testing (SimpleStateMachine4Testing.java:put(205)) - s0: put 153, m76 -> (t:1, i:153), STATEMACHINELOGENTRY, 76@client-3DF12FA71C19
2023-03-28 15:08:15,422 [s0@group-E1F6B44CDAE7-StateMachineUpdater] INFO  impl.SimpleStateMachine4Testing (SimpleStateMachine4Testing.java:put(205)) - s0: put 155, m77 -> (t:1, i:155), STATEMACHINELOGENTRY, 77@client-3DF12FA71C19
2023-03-28 15:08:15,426 [s0@group-E1F6B44CDAE7-StateMachineUpdater] INFO  impl.SimpleStateMachine4Testing (SimpleStateMachine4Testing.java:put(205)) - s0: put 157, m78 -> (t:1, i:157), STATEMACHINELOGENTRY, 78@client-3DF12FA71C19
2023-03-28 15:08:15,430 [s0@group-E1F6B44CDAE7-StateMachineUpdater] INFO  impl.SimpleStateMachine4Testing (SimpleStateMachine4Testing.java:put(205)) - s0: put 159, m79 -> (t:1, i:159), STATEMACHINELOGENTRY, 79@client-3DF12FA71C19
2023-03-28 15:08:15,437 [s0@group-E1F6B44CDAE7-StateMachineUpdater] INFO  impl.SimpleStateMachine4Testing (SimpleStateMachine4Testing.java:put(205)) - s0: put 161, m80 -> (t:1, i:161), STATEMACHINELOGENTRY, 80@client-3DF12FA71C19
2023-03-28 15:08:15,441 [s0@group-E1F6B44CDAE7-StateMachineUpdater] INFO  impl.SimpleStateMachine4Testing (SimpleStateMachine4Testing.java:put(205)) - s0: put 163, m81 -> (t:1, i:163), STATEMACHINELOGENTRY, 81@client-3DF12FA71C19
2023-03-28 15:08:15,445 [s0@group-E1F6B44CDAE7-StateMachineUpdater] INFO  impl.SimpleStateMachine4Testing (SimpleStateMachine4Testing.java:put(205)) - s0: put 165, m82 -> (t:1, i:165), STATEMACHINELOGENTRY, 82@client-3DF12FA71C19
2023-03-28 15:08:15,448 [s0@group-E1F6B44CDAE7-StateMachineUpdater] INFO  impl.SimpleStateMachine4Testing (SimpleStateMachine4Testing.java:put(205)) - s0: put 167, m83 -> (t:1, i:167), STATEMACHINELOGENTRY, 83@client-3DF12FA71C19
2023-03-28 15:08:15,453 [s0@group-E1F6B44CDAE7-StateMachineUpdater] INFO  impl.SimpleStateMachine4Testing (SimpleStateMachine4Testing.java:put(205)) - s0: put 169, m84 -> (t:1, i:169), STATEMACHINELOGENTRY, 84@client-3DF12FA71C19
2023-03-28 15:08:15,457 [s0@group-E1F6B44CDAE7-StateMachineUpdater] INFO  impl.SimpleStateMachine4Testing (SimpleStateMachine4Testing.java:put(205)) - s0: put 171, m85 -> (t:1, i:171), STATEMACHINELOGENTRY, 85@client-3DF12FA71C19
2023-03-28 15:08:15,461 [s0@group-E1F6B44CDAE7-StateMachineUpdater] INFO  impl.SimpleStateMachine4Testing (SimpleStateMachine4Testing.java:put(205)) - s0: put 173, m86 -> (t:1, i:173), STATEMACHINELOGENTRY, 86@client-3DF12FA71C19
2023-03-28 15:08:15,464 [s0@group-E1F6B44CDAE7-StateMachineUpdater] INFO  impl.SimpleStateMachine4Testing (SimpleStateMachine4Testing.java:put(205)) - s0: put 175, m87 -> (t:1, i:175), STATEMACHINELOGENTRY, 87@client-3DF12FA71C19
2023-03-28 15:08:15,474 [s0@group-E1F6B44CDAE7-StateMachineUpdater] INFO  impl.SimpleStateMachine4Testing (SimpleStateMachine4Testing.java:put(205)) - s0: put 177, m88 -> (t:1, i:177), STATEMACHINELOGENTRY, 88@client-3DF12FA71C19
2023-03-28 15:08:15,477 [s0@group-E1F6B44CDAE7-StateMachineUpdater] INFO  impl.SimpleStateMachine4Testing (SimpleStateMachine4Testing.java:put(205)) - s0: put 179, m89 -> (t:1, i:179), STATEMACHINELOGENTRY, 89@client-3DF12FA71C19
2023-03-28 15:08:15,482 [s0@group-E1F6B44CDAE7-StateMachineUpdater] INFO  impl.SimpleStateMachine4Testing (SimpleStateMachine4Testing.java:put(205)) - s0: put 181, m90 -> (t:1, i:181), STATEMACHINELOGENTRY, 90@client-3DF12FA71C19
2023-03-28 15:08:15,485 [s0@group-E1F6B44CDAE7-StateMachineUpdater] INFO  impl.SimpleStateMachine4Testing (SimpleStateMachine4Testing.java:put(205)) - s0: put 183, m91 -> (t:1, i:183), STATEMACHINELOGENTRY, 91@client-3DF12FA71C19
2023-03-28 15:08:15,488 [s0@group-E1F6B44CDAE7-StateMachineUpdater] INFO  impl.SimpleStateMachine4Testing (SimpleStateMachine4Testing.java:put(205)) - s0: put 185, m92 -> (t:1, i:185), STATEMACHINELOGENTRY, 92@client-3DF12FA71C19
2023-03-28 15:08:15,491 [s0@group-E1F6B44CDAE7-StateMachineUpdater] INFO  impl.SimpleStateMachine4Testing (SimpleStateMachine4Testing.java:put(205)) - s0: put 187, m93 -> (t:1, i:187), STATEMACHINELOGENTRY, 93@client-3DF12FA71C19
2023-03-28 15:08:15,494 [s0@group-E1F6B44CDAE7-StateMachineUpdater] INFO  impl.SimpleStateMachine4Testing (SimpleStateMachine4Testing.java:put(205)) - s0: put 189, m94 -> (t:1, i:189), STATEMACHINELOGENTRY, 94@client-3DF12FA71C19
2023-03-28 15:08:15,498 [s0@group-E1F6B44CDAE7-StateMachineUpdater] INFO  impl.SimpleStateMachine4Testing (SimpleStateMachine4Testing.java:put(205)) - s0: put 191, m95 -> (t:1, i:191), STATEMACHINELOGENTRY, 95@client-3DF12FA71C19
2023-03-28 15:08:15,512 [s0@group-E1F6B44CDAE7-StateMachineUpdater] INFO  impl.StateMachineUpdater (StateMachineUpdater.java:takeSnapshot(290)) - s0@group-E1F6B44CDAE7-StateMachineUpdater: Took a snapshot at index 191
2023-03-28 15:08:15,512 [s0@group-E1F6B44CDAE7-StateMachineUpdater] INFO  impl.StateMachineUpdater (StateMachineUpdater.java:lambda$new$0(96)) - s0@group-E1F6B44CDAE7-StateMachineUpdater: snapshotIndex: updateIncreasingly 127 -> 191
2023-03-28 15:08:15,512 [s0@group-E1F6B44CDAE7-StateMachineUpdater] INFO  raftlog.RaftLog (RaftLogBase.java:purge(314)) - s0@group-E1F6B44CDAE7-SegmentedRaftLog: purge 191
2023-03-28 15:08:15,512 [s0@group-E1F6B44CDAE7-StateMachineUpdater] INFO  raftlog.RaftLog (RaftLogBase.java:lambda$new$0(53)) - s0@group-E1F6B44CDAE7-SegmentedRaftLog: snapshotIndex: updateIncreasingly 127 -> 191
2023-03-28 15:08:15,512 [s0@group-E1F6B44CDAE7-StateMachineUpdater] INFO  raftlog.RaftLog (RaftLogBase.java:lambda$new$0(53)) - s0@group-E1F6B44CDAE7-SegmentedRaftLog: purgeIndex: updateToMax old=127, new=191, updated? true
2023-03-28 15:08:15,513 [s0@group-E1F6B44CDAE7-StateMachineUpdater] INFO  impl.SimpleStateMachine4Testing (SimpleStateMachine4Testing.java:put(205)) - s0: put 193, m96 -> (t:1, i:193), STATEMACHINELOGENTRY, 96@client-3DF12FA71C19
2023-03-28 15:08:15,520 [s0@group-E1F6B44CDAE7-StateMachineUpdater] INFO  impl.SimpleStateMachine4Testing (SimpleStateMachine4Testing.java:put(205)) - s0: put 195, m97 -> (t:1, i:195), STATEMACHINELOGENTRY, 97@client-3DF12FA71C19
2023-03-28 15:08:15,523 [s0@group-E1F6B44CDAE7-StateMachineUpdater] INFO  impl.SimpleStateMachine4Testing (SimpleStateMachine4Testing.java:put(205)) - s0: put 197, m98 -> (t:1, i:197), STATEMACHINELOGENTRY, 98@client-3DF12FA71C19
2023-03-28 15:08:15,526 [s0@group-E1F6B44CDAE7-StateMachineUpdater] INFO  impl.SimpleStateMachine4Testing (SimpleStateMachine4Testing.java:put(205)) - s0: put 199, m99 -> (t:1, i:199), STATEMACHINELOGENTRY, 99@client-3DF12FA71C19
2023-03-28 15:08:15,529 [s0@group-E1F6B44CDAE7-StateMachineUpdater] INFO  impl.SimpleStateMachine4Testing (SimpleStateMachine4Testing.java:put(205)) - s0: put 201, m100 -> (t:1, i:201), STATEMACHINELOGENTRY, 100@client-3DF12FA71C19
2023-03-28 15:08:15,533 [s0@group-E1F6B44CDAE7-StateMachineUpdater] INFO  impl.SimpleStateMachine4Testing (SimpleStateMachine4Testing.java:put(205)) - s0: put 203, m101 -> (t:1, i:203), STATEMACHINELOGENTRY, 101@client-3DF12FA71C19
2023-03-28 15:08:15,536 [s0@group-E1F6B44CDAE7-StateMachineUpdater] INFO  impl.SimpleStateMachine4Testing (SimpleStateMachine4Testing.java:put(205)) - s0: put 205, m102 -> (t:1, i:205), STATEMACHINELOGENTRY, 102@client-3DF12FA71C19
2023-03-28 15:08:15,539 [s0@group-E1F6B44CDAE7-StateMachineUpdater] INFO  impl.SimpleStateMachine4Testing (SimpleStateMachine4Testing.java:put(205)) - s0: put 207, m103 -> (t:1, i:207), STATEMACHINELOGENTRY, 103@client-3DF12FA71C19
2023-03-28 15:08:15,544 [s0@group-E1F6B44CDAE7-StateMachineUpdater] INFO  impl.SimpleStateMachine4Testing (SimpleStateMachine4Testing.java:put(205)) - s0: put 209, m104 -> (t:1, i:209), STATEMACHINELOGENTRY, 104@client-3DF12FA71C19
2023-03-28 15:08:15,547 [s0@group-E1F6B44CDAE7-StateMachineUpdater] INFO  impl.SimpleStateMachine4Testing (SimpleStateMachine4Testing.java:put(205)) - s0: put 211, m105 -> (t:1, i:211), STATEMACHINELOGENTRY, 105@client-3DF12FA71C19
2023-03-28 15:08:15,550 [s0@group-E1F6B44CDAE7-StateMachineUpdater] INFO  impl.SimpleStateMachine4Testing (SimpleStateMachine4Testing.java:put(205)) - s0: put 213, m106 -> (t:1, i:213), STATEMACHINELOGENTRY, 106@client-3DF12FA71C19
2023-03-28 15:08:15,553 [s0@group-E1F6B44CDAE7-StateMachineUpdater] INFO  impl.SimpleStateMachine4Testing (SimpleStateMachine4Testing.java:put(205)) - s0: put 215, m107 -> (t:1, i:215), STATEMACHINELOGENTRY, 107@client-3DF12FA71C19
2023-03-28 15:08:15,556 [s0@group-E1F6B44CDAE7-StateMachineUpdater] INFO  impl.SimpleStateMachine4Testing (SimpleStateMachine4Testing.java:put(205)) - s0: put 217, m108 -> (t:1, i:217), STATEMACHINELOGENTRY, 108@client-3DF12FA71C19
2023-03-28 15:08:15,559 [s0@group-E1F6B44CDAE7-StateMachineUpdater] INFO  impl.SimpleStateMachine4Testing (SimpleStateMachine4Testing.java:put(205)) - s0: put 219, m109 -> (t:1, i:219), STATEMACHINELOGENTRY, 109@client-3DF12FA71C19
2023-03-28 15:08:15,562 [s0@group-E1F6B44CDAE7-StateMachineUpdater] INFO  impl.SimpleStateMachine4Testing (SimpleStateMachine4Testing.java:put(205)) - s0: put 221, m110 -> (t:1, i:221), STATEMACHINELOGENTRY, 110@client-3DF12FA71C19
2023-03-28 15:08:15,565 [s0@group-E1F6B44CDAE7-StateMachineUpdater] INFO  impl.SimpleStateMachine4Testing (SimpleStateMachine4Testing.java:put(205)) - s0: put 223, m111 -> (t:1, i:223), STATEMACHINELOGENTRY, 111@client-3DF12FA71C19
2023-03-28 15:08:15,568 [s0@group-E1F6B44CDAE7-StateMachineUpdater] INFO  impl.SimpleStateMachine4Testing (SimpleStateMachine4Testing.java:put(205)) - s0: put 225, m112 -> (t:1, i:225), STATEMACHINELOGENTRY, 112@client-3DF12FA71C19
2023-03-28 15:08:15,571 [s0@group-E1F6B44CDAE7-StateMachineUpdater] INFO  impl.SimpleStateMachine4Testing (SimpleStateMachine4Testing.java:put(205)) - s0: put 227, m113 -> (t:1, i:227), STATEMACHINELOGENTRY, 113@client-3DF12FA71C19
2023-03-28 15:08:15,578 [s0@group-E1F6B44CDAE7-StateMachineUpdater] INFO  impl.SimpleStateMachine4Testing (SimpleStateMachine4Testing.java:put(205)) - s0: put 229, m114 -> (t:1, i:229), STATEMACHINELOGENTRY, 114@client-3DF12FA71C19
2023-03-28 15:08:15,582 [s0@group-E1F6B44CDAE7-StateMachineUpdater] INFO  impl.SimpleStateMachine4Testing (SimpleStateMachine4Testing.java:put(205)) - s0: put 231, m115 -> (t:1, i:231), STATEMACHINELOGENTRY, 115@client-3DF12FA71C19
2023-03-28 15:08:15,585 [s0@group-E1F6B44CDAE7-StateMachineUpdater] INFO  impl.SimpleStateMachine4Testing (SimpleStateMachine4Testing.java:put(205)) - s0: put 233, m116 -> (t:1, i:233), STATEMACHINELOGENTRY, 116@client-3DF12FA71C19
2023-03-28 15:08:15,591 [s0@group-E1F6B44CDAE7-StateMachineUpdater] INFO  impl.SimpleStateMachine4Testing (SimpleStateMachine4Testing.java:put(205)) - s0: put 235, m117 -> (t:1, i:235), STATEMACHINELOGENTRY, 117@client-3DF12FA71C19
2023-03-28 15:08:15,594 [s0@group-E1F6B44CDAE7-StateMachineUpdater] INFO  impl.SimpleStateMachine4Testing (SimpleStateMachine4Testing.java:put(205)) - s0: put 237, m118 -> (t:1, i:237), STATEMACHINELOGENTRY, 118@client-3DF12FA71C19
2023-03-28 15:08:15,598 [s0@group-E1F6B44CDAE7-StateMachineUpdater] INFO  impl.SimpleStateMachine4Testing (SimpleStateMachine4Testing.java:put(205)) - s0: put 239, m119 -> (t:1, i:239), STATEMACHINELOGENTRY, 119@client-3DF12FA71C19
2023-03-28 15:08:15,602 [s0@group-E1F6B44CDAE7-StateMachineUpdater] INFO  impl.SimpleStateMachine4Testing (SimpleStateMachine4Testing.java:put(205)) - s0: put 241, m120 -> (t:1, i:241), STATEMACHINELOGENTRY, 120@client-3DF12FA71C19
2023-03-28 15:08:15,605 [s0@group-E1F6B44CDAE7-StateMachineUpdater] INFO  impl.SimpleStateMachine4Testing (SimpleStateMachine4Testing.java:put(205)) - s0: put 243, m121 -> (t:1, i:243), STATEMACHINELOGENTRY, 121@client-3DF12FA71C19
2023-03-28 15:08:15,609 [s0@group-E1F6B44CDAE7-StateMachineUpdater] INFO  impl.SimpleStateMachine4Testing (SimpleStateMachine4Testing.java:put(205)) - s0: put 245, m122 -> (t:1, i:245), STATEMACHINELOGENTRY, 122@client-3DF12FA71C19
2023-03-28 15:08:15,612 [s0@group-E1F6B44CDAE7-StateMachineUpdater] INFO  impl.SimpleStateMachine4Testing (SimpleStateMachine4Testing.java:put(205)) - s0: put 247, m123 -> (t:1, i:247), STATEMACHINELOGENTRY, 123@client-3DF12FA71C19
2023-03-28 15:08:15,616 [s0@group-E1F6B44CDAE7-StateMachineUpdater] INFO  impl.SimpleStateMachine4Testing (SimpleStateMachine4Testing.java:put(205)) - s0: put 249, m124 -> (t:1, i:249), STATEMACHINELOGENTRY, 124@client-3DF12FA71C19
2023-03-28 15:08:15,619 [s0@group-E1F6B44CDAE7-StateMachineUpdater] INFO  impl.SimpleStateMachine4Testing (SimpleStateMachine4Testing.java:put(205)) - s0: put 251, m125 -> (t:1, i:251), STATEMACHINELOGENTRY, 125@client-3DF12FA71C19
2023-03-28 15:08:15,623 [s0@group-E1F6B44CDAE7-StateMachineUpdater] INFO  impl.SimpleStateMachine4Testing (SimpleStateMachine4Testing.java:put(205)) - s0: put 253, m126 -> (t:1, i:253), STATEMACHINELOGENTRY, 126@client-3DF12FA71C19
2023-03-28 15:08:15,637 [s0-server-thread1] INFO  server.RaftServer$Division (RaftServerImpl.java:takeSnapshotAsync(1126)) - s0@group-E1F6B44CDAE7: takeSnapshotAsync SnapshotManagementRequest:client-3DF12FA71C19->s0@group-E1F6B44CDAE7, cid=127, seq=0, RO, null, Create:
2023-03-28 15:08:15,637 [s0-server-thread1] INFO  server.RaftServerConfigKeys (ConfUtils.java:logGet(46)) - raft.server.snapshot.creation.gap = 1024 (default)
2023-03-28 15:08:15,657 [Time-limited test] INFO  impl.MiniRaftCluster (MiniRaftCluster.java:addNewPeers(464)) - Add new peers [s1, s2]
2023-03-28 15:08:15,657 [Time-limited test] INFO  impl.MiniRaftCluster (MiniRaftCluster.java:newRaftServer(382)) - newRaftServer: s1, group-E1F6B44CDAE7:[], format? true
2023-03-28 15:08:15,657 [Time-limited test] TRACE util.FileUtils (FileUtils.java:deleteFully(201)) - deleteFully target/test/data/d2acef73/MiniRaftClusterWithGrpc890f7586/s1
2023-03-28 15:08:15,658 [Time-limited test] TRACE util.FileUtils (FileUtils.java:deleteFully(217)) - deleteFully: target/test/data/d2acef73/MiniRaftClusterWithGrpc890f7586/s1 does not exist.
2023-03-28 15:08:15,658 [Time-limited test] INFO  impl.MiniRaftCluster (MiniRaftCluster.java:newRaftServer(387)) - Formatted directory target/test/data/d2acef73/MiniRaftClusterWithGrpc890f7586/s1
2023-03-28 15:08:15,658 [Time-limited test] INFO  server.RaftServer (ConfUtils.java:logGet(46)) - raft.rpc.type = GRPC (default)
2023-03-28 15:08:15,658 [Time-limited test] INFO  grpc.GrpcConfigKeys (ConfUtils.java:logFallback(53)) - raft.grpc.admin.host = null (fallback to raft.grpc.server.host)
2023-03-28 15:08:15,659 [Time-limited test] INFO  grpc.GrpcConfigKeys (ConfUtils.java:logFallback(53)) - raft.grpc.admin.port = 34479 (fallback to raft.grpc.server.port)
2023-03-28 15:08:15,659 [Time-limited test] INFO  grpc.GrpcConfigKeys (ConfUtils.java:logFallback(53)) - raft.grpc.client.host = null (fallback to raft.grpc.server.host)
2023-03-28 15:08:15,659 [Time-limited test] INFO  grpc.GrpcConfigKeys (ConfUtils.java:logFallback(53)) - raft.grpc.client.port = 34479 (fallback to raft.grpc.server.port)
2023-03-28 15:08:15,659 [Time-limited test] INFO  grpc.GrpcConfigKeys (ConfUtils.java:logGet(46)) - raft.grpc.server.host = null (default)
2023-03-28 15:08:15,659 [Time-limited test] INFO  grpc.GrpcConfigKeys (ConfUtils.java:logGet(46)) - raft.grpc.server.port = 34479 (custom)
2023-03-28 15:08:15,659 [Time-limited test] INFO  server.GrpcService (ConfUtils.java:logGet(46)) - raft.grpc.message.size.max = 64MB (=67108864) (default)
2023-03-28 15:08:15,659 [Time-limited test] INFO  server.RaftServerConfigKeys (ConfUtils.java:logGet(46)) - raft.server.log.appender.buffer.byte-limit = 4MB (=4194304) (default)
2023-03-28 15:08:15,659 [Time-limited test] INFO  server.GrpcService (ConfUtils.java:logGet(46)) - raft.grpc.flow.control.window = 1MB (=1048576) (default)
2023-03-28 15:08:15,659 [Time-limited test] INFO  server.RaftServerConfigKeys (ConfUtils.java:logGet(46)) - raft.server.rpc.request.timeout = 3000ms (default)
2023-03-28 15:08:15,664 [Time-limited test] INFO  grpc.GrpcConfigKeys (ConfUtils.java:logGet(46)) - raft.grpc.server.heartbeat.channel = false (custom)
2023-03-28 15:08:15,664 [Time-limited test] INFO  grpc.GrpcConfigKeys (ConfUtils.java:logGet(46)) - raft.grpc.server.async.request.thread.pool.cached = true (default)
2023-03-28 15:08:15,664 [Time-limited test] INFO  grpc.GrpcConfigKeys (ConfUtils.java:logGet(46)) - raft.grpc.server.async.request.thread.pool.size = 32 (default)
2023-03-28 15:08:15,665 [Time-limited test] INFO  impl.DataStreamServerImpl (ConfUtils.java:logGet(46)) - raft.datastream.type = DISABLED (default)
2023-03-28 15:08:15,665 [Time-limited test] INFO  server.RaftServerConfigKeys (ConfUtils.java:logGet(46)) - raft.server.threadpool.proxy.cached = true (default)
2023-03-28 15:08:15,665 [Time-limited test] INFO  server.RaftServerConfigKeys (ConfUtils.java:logGet(46)) - raft.server.threadpool.proxy.size = 0 (default)
2023-03-28 15:08:15,665 [Time-limited test] INFO  server.RaftServerConfigKeys (ConfUtils.java:logGet(46)) - raft.server.rpc.slowness.timeout = 60s (default)
2023-03-28 15:08:15,665 [Time-limited test] INFO  server.RaftServerConfigKeys (ConfUtils.java:logGet(46)) - raft.server.leaderelection.leader.step-down.wait-time = 10s (default)
2023-03-28 15:08:15,666 [Time-limited test] INFO  server.RaftServerConfigKeys (ConfUtils.java:logGet(46)) - raft.server.storage.dir = [/home/runner/work/ratis/ratis/ratis-test/target/test/data/d2acef73/MiniRaftClusterWithGrpc890f7586/s1] (custom)
2023-03-28 15:08:15,670 [Time-limited test] INFO  server.RaftServer (RaftServerProxy.java:addNew(99)) - s1: addNew group-E1F6B44CDAE7:[] returns group-E1F6B44CDAE7:java.util.concurrent.CompletableFuture@40b114cb[Not completed]
2023-03-28 15:08:15,670 [Time-limited test] INFO  impl.MiniRaftCluster (MiniRaftCluster.java:newRaftServer(382)) - newRaftServer: s2, group-E1F6B44CDAE7:[], format? true
2023-03-28 15:08:15,670 [s1-groupManagement] INFO  server.RaftServerConfigKeys (ConfUtils.java:logGet(46)) - raft.server.log.segment.size.max = 8MB (=8388608) (default)
2023-03-28 15:08:15,670 [Time-limited test] TRACE util.FileUtils (FileUtils.java:deleteFully(201)) - deleteFully target/test/data/d2acef73/MiniRaftClusterWithGrpc890f7586/s2
2023-03-28 15:08:15,670 [s1-groupManagement] INFO  server.RaftServerConfigKeys (ConfUtils.java:logGet(46)) - raft.server.log.preallocated.size = 4MB (=4194304) (default)
2023-03-28 15:08:15,670 [Time-limited test] TRACE util.FileUtils (FileUtils.java:deleteFully(217)) - deleteFully: target/test/data/d2acef73/MiniRaftClusterWithGrpc890f7586/s2 does not exist.
2023-03-28 15:08:15,670 [s1-groupManagement] INFO  server.RaftServerConfigKeys (ConfUtils.java:logGet(46)) - raft.server.log.write.buffer.size = 64KB (=65536) (default)
2023-03-28 15:08:15,670 [Time-limited test] INFO  impl.MiniRaftCluster (MiniRaftCluster.java:newRaftServer(387)) - Formatted directory target/test/data/d2acef73/MiniRaftClusterWithGrpc890f7586/s2
2023-03-28 15:08:15,670 [s1-groupManagement] INFO  server.RaftServer$Division (RaftServerImpl.java:<init>(198)) - s1: new RaftServerImpl for group-E1F6B44CDAE7:[] with StateMachineWithMultiNestedSnapshotFile:uninitialized
2023-03-28 15:08:15,671 [s1-groupManagement] INFO  server.RaftServerConfigKeys (ConfUtils.java:logGet(46)) - raft.server.rpc.timeout.min = 150ms (default)
2023-03-28 15:08:15,671 [s1-groupManagement] INFO  server.RaftServerConfigKeys (ConfUtils.java:logGet(46)) - raft.server.rpc.timeout.max = 300ms (default)
2023-03-28 15:08:15,671 [Time-limited test] INFO  server.RaftServer (ConfUtils.java:logGet(46)) - raft.rpc.type = GRPC (default)
2023-03-28 15:08:15,671 [s1-groupManagement] INFO  server.RaftServerConfigKeys (ConfUtils.java:logGet(46)) - raft.server.rpc.sleep.time = 25ms (default)
2023-03-28 15:08:15,671 [Time-limited test] INFO  grpc.GrpcConfigKeys (ConfUtils.java:logFallback(53)) - raft.grpc.admin.host = null (fallback to raft.grpc.server.host)
2023-03-28 15:08:15,671 [Time-limited test] INFO  grpc.GrpcConfigKeys (ConfUtils.java:logFallback(53)) - raft.grpc.admin.port = 33949 (fallback to raft.grpc.server.port)
2023-03-28 15:08:15,671 [Time-limited test] INFO  grpc.GrpcConfigKeys (ConfUtils.java:logFallback(53)) - raft.grpc.client.host = null (fallback to raft.grpc.server.host)
2023-03-28 15:08:15,671 [Time-limited test] INFO  grpc.GrpcConfigKeys (ConfUtils.java:logFallback(53)) - raft.grpc.client.port = 33949 (fallback to raft.grpc.server.port)
2023-03-28 15:08:15,671 [Time-limited test] INFO  grpc.GrpcConfigKeys (ConfUtils.java:logGet(46)) - raft.grpc.server.host = null (default)
2023-03-28 15:08:15,671 [Time-limited test] INFO  grpc.GrpcConfigKeys (ConfUtils.java:logGet(46)) - raft.grpc.server.port = 33949 (custom)
2023-03-28 15:08:15,671 [Time-limited test] INFO  server.GrpcService (ConfUtils.java:logGet(46)) - raft.grpc.message.size.max = 64MB (=67108864) (default)
2023-03-28 15:08:15,672 [s1-groupManagement] INFO  server.RaftServerConfigKeys (ConfUtils.java:logGet(46)) - raft.server.rpc.slowness.timeout = 60s (default)
2023-03-28 15:08:15,672 [Time-limited test] INFO  server.RaftServerConfigKeys (ConfUtils.java:logGet(46)) - raft.server.log.appender.buffer.byte-limit = 4MB (=4194304) (default)
2023-03-28 15:08:15,672 [s1-groupManagement] INFO  server.RaftServerConfigKeys (ConfUtils.java:logGet(46)) - raft.server.leaderelection.leader.step-down.wait-time = 10s (default)
2023-03-28 15:08:15,672 [Time-limited test] INFO  server.GrpcService (ConfUtils.java:logGet(46)) - raft.grpc.flow.control.window = 1MB (=1048576) (default)
2023-03-28 15:08:15,672 [s1-groupManagement] INFO  server.RaftServerConfigKeys (ConfUtils.java:logGet(46)) - raft.server.sleep.deviation.threshold = 300ms (default)
2023-03-28 15:08:15,672 [Time-limited test] INFO  server.RaftServerConfigKeys (ConfUtils.java:logGet(46)) - raft.server.rpc.request.timeout = 3000ms (default)
2023-03-28 15:08:15,677 [Time-limited test] INFO  grpc.GrpcConfigKeys (ConfUtils.java:logGet(46)) - raft.grpc.server.heartbeat.channel = false (custom)
2023-03-28 15:08:15,677 [Time-limited test] INFO  grpc.GrpcConfigKeys (ConfUtils.java:logGet(46)) - raft.grpc.server.async.request.thread.pool.cached = true (default)
2023-03-28 15:08:15,677 [Time-limited test] INFO  grpc.GrpcConfigKeys (ConfUtils.java:logGet(46)) - raft.grpc.server.async.request.thread.pool.size = 32 (default)
2023-03-28 15:08:15,678 [Time-limited test] INFO  impl.DataStreamServerImpl (ConfUtils.java:logGet(46)) - raft.datastream.type = DISABLED (default)
2023-03-28 15:08:15,678 [Time-limited test] INFO  server.RaftServerConfigKeys (ConfUtils.java:logGet(46)) - raft.server.threadpool.proxy.cached = true (default)
2023-03-28 15:08:15,678 [Time-limited test] INFO  server.RaftServerConfigKeys (ConfUtils.java:logGet(46)) - raft.server.threadpool.proxy.size = 0 (default)
2023-03-28 15:08:15,678 [Time-limited test] INFO  server.RaftServerConfigKeys (ConfUtils.java:logGet(46)) - raft.server.rpc.slowness.timeout = 60s (default)
2023-03-28 15:08:15,678 [Time-limited test] INFO  server.RaftServerConfigKeys (ConfUtils.java:logGet(46)) - raft.server.leaderelection.leader.step-down.wait-time = 10s (default)
2023-03-28 15:08:15,678 [Time-limited test] INFO  server.RaftServerConfigKeys (ConfUtils.java:logGet(46)) - raft.server.storage.dir = [/home/runner/work/ratis/ratis/ratis-test/target/test/data/d2acef73/MiniRaftClusterWithGrpc890f7586/s2] (custom)
2023-03-28 15:08:15,672 [s1-groupManagement] INFO  server.RaftServer$Division (ServerState.java:<init>(113)) - s1@group-E1F6B44CDAE7: ConfigurationManager, init=-1: peers:[]|listeners:[], old=null, confs=<EMPTY_MAP>
2023-03-28 15:08:15,679 [s1-groupManagement] INFO  server.RaftServerConfigKeys (ConfUtils.java:logGet(46)) - raft.server.notification.no-leader.timeout = 60s (default)
2023-03-28 15:08:15,679 [s1-groupManagement] INFO  server.RaftServerConfigKeys (ConfUtils.java:logGet(46)) - raft.server.read.timeout = 10s (default)
2023-03-28 15:08:15,679 [s1-groupManagement] INFO  server.RaftServerConfigKeys (ConfUtils.java:logGet(46)) - raft.server.retrycache.expirytime = 60s (default)
2023-03-28 15:08:15,679 [s1-groupManagement] INFO  server.RaftServerConfigKeys (ConfUtils.java:logGet(46)) - raft.server.retrycache.statistics.expirytime = 100μs (default)
2023-03-28 15:08:15,679 [s1-groupManagement] INFO  server.RaftServerConfigKeys (ConfUtils.java:logGet(46)) - raft.server.read.option = DEFAULT (default)
2023-03-28 15:08:15,682 [s1-groupManagement] INFO  server.RaftServerConfigKeys (ConfUtils.java:logGet(46)) - raft.server.rpc.request.timeout = 3000ms (default)
2023-03-28 15:08:15,682 [s1-groupManagement] INFO  server.RaftServerConfigKeys (ConfUtils.java:logGet(46)) - raft.server.log.appender.install.snapshot.enabled = true (default)
2023-03-28 15:08:15,683 [s1-groupManagement] INFO  server.RaftServerConfigKeys (ConfUtils.java:logGet(46)) - raft.server.threadpool.server.cached = true (default)
2023-03-28 15:08:15,683 [s1-groupManagement] INFO  server.RaftServerConfigKeys (ConfUtils.java:logGet(46)) - raft.server.threadpool.server.size = 0 (default)
2023-03-28 15:08:15,683 [s1-groupManagement] INFO  server.RaftServerConfigKeys (ConfUtils.java:logGet(46)) - raft.server.threadpool.client.cached = true (default)
2023-03-28 15:08:15,683 [s1-groupManagement] INFO  server.RaftServerConfigKeys (ConfUtils.java:logGet(46)) - raft.server.threadpool.client.size = 0 (default)
2023-03-28 15:08:15,686 [Time-limited test] INFO  server.RaftServer (RaftServerProxy.java:addNew(99)) - s2: addNew group-E1F6B44CDAE7:[] returns group-E1F6B44CDAE7:java.util.concurrent.CompletableFuture@f0b2b8b[Not completed]
2023-03-28 15:08:15,686 [s1-impl-thread1] INFO  server.RaftServerConfigKeys (ConfUtils.java:logGet(46)) - raft.server.storage.free-space.min = 0MB (=0) (default)
2023-03-28 15:08:15,686 [s1-impl-thread1] INFO  server.RaftServerConfigKeys (ConfUtils.java:logGet(46)) - raft.server.log.corruption.policy = EXCEPTION (default)
2023-03-28 15:08:15,687 [s1-impl-thread1] INFO  server.RaftServerConfigKeys (ConfUtils.java:logGet(46)) - raft.server.storage.dir = [/home/runner/work/ratis/ratis/ratis-test/target/test/data/d2acef73/MiniRaftClusterWithGrpc890f7586/s1] (custom)
2023-03-28 15:08:15,687 [s1-impl-thread1] INFO  storage.RaftStorageDirectory (RaftStorageDirectoryImpl.java:analyzeStorage(138)) - The storage directory /home/runner/work/ratis/ratis/ratis-test/target/test/data/d2acef73/MiniRaftClusterWithGrpc890f7586/s1/bf1d157c-210b-4a9b-a3bf-e1f6b44cdae7 does not exist. Creating ...
2023-03-28 15:08:15,688 [s1-impl-thread1] TRACE util.FileUtils (LogUtils.java:runAndLog(49)) - Successfully ran Files.createDirectories /home/runner/work/ratis/ratis/ratis-test/target/test/data/d2acef73/MiniRaftClusterWithGrpc890f7586/s1/bf1d157c-210b-4a9b-a3bf-e1f6b44cdae7
2023-03-28 15:08:15,688 [s2-groupManagement] INFO  server.RaftServerConfigKeys (ConfUtils.java:logGet(46)) - raft.server.log.segment.size.max = 8MB (=8388608) (default)
2023-03-28 15:08:15,689 [s2-groupManagement] INFO  server.RaftServerConfigKeys (ConfUtils.java:logGet(46)) - raft.server.log.preallocated.size = 4MB (=4194304) (default)
2023-03-28 15:08:15,689 [s2-groupManagement] INFO  server.RaftServerConfigKeys (ConfUtils.java:logGet(46)) - raft.server.log.write.buffer.size = 64KB (=65536) (default)
2023-03-28 15:08:15,689 [s2-groupManagement] INFO  server.RaftServer$Division (RaftServerImpl.java:<init>(198)) - s2: new RaftServerImpl for group-E1F6B44CDAE7:[] with StateMachineWithMultiNestedSnapshotFile:uninitialized
2023-03-28 15:08:15,689 [s1-impl-thread1] INFO  storage.RaftStorageDirectory (RaftStorageDirectoryImpl.java:tryLock(232)) - Lock on /home/runner/work/ratis/ratis/ratis-test/target/test/data/d2acef73/MiniRaftClusterWithGrpc890f7586/s1/bf1d157c-210b-4a9b-a3bf-e1f6b44cdae7/in_use.lock acquired by nodename 18162@fv-az489-275
2023-03-28 15:08:15,689 [s1-impl-thread1] TRACE util.FileUtils (LogUtils.java:runAndLog(49)) - Successfully ran Files.createDirectories /home/runner/work/ratis/ratis/ratis-test/target/test/data/d2acef73/MiniRaftClusterWithGrpc890f7586/s1/bf1d157c-210b-4a9b-a3bf-e1f6b44cdae7/current
2023-03-28 15:08:15,689 [s1-impl-thread1] TRACE util.FileUtils (LogUtils.java:runAndLog(49)) - Successfully ran Files.createDirectories /home/runner/work/ratis/ratis/ratis-test/target/test/data/d2acef73/MiniRaftClusterWithGrpc890f7586/s1/bf1d157c-210b-4a9b-a3bf-e1f6b44cdae7/sm
2023-03-28 15:08:15,690 [s2-groupManagement] INFO  server.RaftServerConfigKeys (ConfUtils.java:logGet(46)) - raft.server.rpc.timeout.min = 150ms (default)
2023-03-28 15:08:15,690 [s2-groupManagement] INFO  server.RaftServerConfigKeys (ConfUtils.java:logGet(46)) - raft.server.rpc.timeout.max = 300ms (default)
2023-03-28 15:08:15,690 [s2-groupManagement] INFO  server.RaftServerConfigKeys (ConfUtils.java:logGet(46)) - raft.server.rpc.sleep.time = 25ms (default)
2023-03-28 15:08:15,690 [s2-groupManagement] INFO  server.RaftServerConfigKeys (ConfUtils.java:logGet(46)) - raft.server.rpc.slowness.timeout = 60s (default)
2023-03-28 15:08:15,690 [s2-groupManagement] INFO  server.RaftServerConfigKeys (ConfUtils.java:logGet(46)) - raft.server.leaderelection.leader.step-down.wait-time = 10s (default)
2023-03-28 15:08:15,690 [s2-groupManagement] INFO  server.RaftServerConfigKeys (ConfUtils.java:logGet(46)) - raft.server.sleep.deviation.threshold = 300ms (default)
2023-03-28 15:08:15,690 [s1-impl-thread1] INFO  storage.RaftStorage (RaftStorageImpl.java:format(96)) - Storage directory /home/runner/work/ratis/ratis/ratis-test/target/test/data/d2acef73/MiniRaftClusterWithGrpc890f7586/s1/bf1d157c-210b-4a9b-a3bf-e1f6b44cdae7 has been successfully formatted.
2023-03-28 15:08:15,691 [s1-impl-thread1] INFO  impl.SimpleStateMachine4Testing (SimpleStateMachine4Testing.java:initialize(213)) - Initializing StateMachineWithMultiNestedSnapshotFile:uninitialized
2023-03-28 15:08:15,691 [s1-impl-thread1] INFO  impl.SimpleStateMachine4Testing (SimpleStateMachine4Testing.java:loadSnapshot(293)) - Loading snapshot null
2023-03-28 15:08:15,691 [s1-impl-thread1] INFO  server.RaftServerConfigKeys (ConfUtils.java:logGet(46)) - raft.server.log.use.memory = false (default)
2023-03-28 15:08:15,691 [s1-impl-thread1] INFO  server.RaftServerConfigKeys (ConfUtils.java:logGet(46)) - raft.server.log.purge.gap = 8 (custom)
2023-03-28 15:08:15,691 [s1-impl-thread1] INFO  server.RaftServerConfigKeys (ConfUtils.java:logGet(46)) - raft.server.log.appender.buffer.byte-limit = 4MB (=4194304) (default)
2023-03-28 15:08:15,691 [s1-impl-thread1] INFO  server.RaftServerConfigKeys (ConfUtils.java:logGet(46)) - raft.server.log.statemachine.data.read.timeout = 1000ms (default)
2023-03-28 15:08:15,691 [s1-impl-thread1] INFO  server.RaftServerConfigKeys (ConfUtils.java:logGet(46)) - raft.server.log.purge.preservation.log.num = 0 (default)
2023-03-28 15:08:15,692 [s1-impl-thread1] INFO  server.RaftServerConfigKeys (ConfUtils.java:logGet(46)) - raft.server.log.segment.size.max = 8MB (=8388608) (default)
2023-03-28 15:08:15,693 [s1-impl-thread1] INFO  server.RaftServerConfigKeys (ConfUtils.java:logGet(46)) - raft.server.log.segment.cache.num.max = 6 (default)
2023-03-28 15:08:15,693 [s1-impl-thread1] INFO  server.RaftServerConfigKeys (ConfUtils.java:logGet(46)) - raft.server.log.segment.cache.size.max = 200MB (=209715200) (default)
2023-03-28 15:08:15,693 [s1-impl-thread1] INFO  server.RaftServerConfigKeys (ConfUtils.java:logGet(46)) - raft.server.log.appender.buffer.byte-limit = 4MB (=4194304) (default)
2023-03-28 15:08:15,693 [s1-impl-thread1] INFO  segmented.SegmentedRaftLogWorker (SegmentedRaftLogWorker.java:<init>(183)) - new s1@group-E1F6B44CDAE7-SegmentedRaftLogWorker for RaftStorageImpl:Storage Directory /home/runner/work/ratis/ratis/ratis-test/target/test/data/d2acef73/MiniRaftClusterWithGrpc890f7586/s1/bf1d157c-210b-4a9b-a3bf-e1f6b44cdae7
2023-03-28 15:08:15,693 [s1-impl-thread1] INFO  server.RaftServerConfigKeys (ConfUtils.java:logGet(46)) - raft.server.log.queue.byte-limit = 64MB (=67108864) (default)
2023-03-28 15:08:15,693 [s1-impl-thread1] INFO  server.RaftServerConfigKeys (ConfUtils.java:logGet(46)) - raft.server.log.queue.element-limit = 4096 (default)
2023-03-28 15:08:15,693 [s1-impl-thread1] INFO  server.RaftServerConfigKeys (ConfUtils.java:logGet(46)) - raft.server.log.segment.size.max = 8MB (=8388608) (default)
2023-03-28 15:08:15,693 [s1-impl-thread1] INFO  server.RaftServerConfigKeys (ConfUtils.java:logGet(46)) - raft.server.log.preallocated.size = 4MB (=4194304) (default)
2023-03-28 15:08:15,693 [s1-impl-thread1] INFO  server.RaftServerConfigKeys (ConfUtils.java:logGet(46)) - raft.server.log.force.sync.num = 128 (default)
2023-03-28 15:08:15,693 [s1-impl-thread1] INFO  server.RaftServerConfigKeys (ConfUtils.java:logGet(46)) - raft.server.log.statemachine.data.sync = true (default)
2023-03-28 15:08:15,694 [s1-impl-thread1] INFO  server.RaftServerConfigKeys (ConfUtils.java:logGet(46)) - raft.server.log.statemachine.data.sync.timeout = 10s (default)
2023-03-28 15:08:15,694 [s1-impl-thread1] INFO  server.RaftServerConfigKeys (ConfUtils.java:logGet(46)) - raft.server.log.statemachine.data.sync.timeout.retry = -1 (default)
2023-03-28 15:08:15,694 [s1-impl-thread1] INFO  server.RaftServerConfigKeys (ConfUtils.java:logGet(46)) - raft.server.log.write.buffer.size = 64KB (=65536) (default)
2023-03-28 15:08:15,694 [s1-impl-thread1] INFO  server.RaftServerConfigKeys (ConfUtils.java:logGet(46)) - raft.server.log.appender.buffer.byte-limit = 4MB (=4194304) (default)
2023-03-28 15:08:15,694 [s2-groupManagement] INFO  server.RaftServer$Division (ServerState.java:<init>(113)) - s2@group-E1F6B44CDAE7: ConfigurationManager, init=-1: peers:[]|listeners:[], old=null, confs=<EMPTY_MAP>
2023-03-28 15:08:15,694 [s2-groupManagement] INFO  server.RaftServerConfigKeys (ConfUtils.java:logGet(46)) - raft.server.notification.no-leader.timeout = 60s (default)
2023-03-28 15:08:15,694 [s2-groupManagement] INFO  server.RaftServerConfigKeys (ConfUtils.java:logGet(46)) - raft.server.read.timeout = 10s (default)
2023-03-28 15:08:15,694 [s2-groupManagement] INFO  server.RaftServerConfigKeys (ConfUtils.java:logGet(46)) - raft.server.retrycache.expirytime = 60s (default)
2023-03-28 15:08:15,695 [s2-groupManagement] INFO  server.RaftServerConfigKeys (ConfUtils.java:logGet(46)) - raft.server.retrycache.statistics.expirytime = 100μs (default)
2023-03-28 15:08:15,695 [s2-groupManagement] INFO  server.RaftServerConfigKeys (ConfUtils.java:logGet(46)) - raft.server.read.option = DEFAULT (default)
2023-03-28 15:08:15,695 [s1-impl-thread1] INFO  server.RaftServerConfigKeys (ConfUtils.java:logGet(46)) - raft.server.log.unsafe-flush.enabled = false (default)
2023-03-28 15:08:15,695 [s1-impl-thread1] INFO  server.RaftServerConfigKeys (ConfUtils.java:logGet(46)) - raft.server.log.async-flush.enabled = false (default)
2023-03-28 15:08:15,695 [s1-impl-thread1] INFO  server.RaftServerConfigKeys (ConfUtils.java:logGet(46)) - raft.server.log.statemachine.data.caching.enabled = false (default)
2023-03-28 15:08:15,695 [s1-impl-thread1] INFO  segmented.SegmentedRaftLogWorker (SegmentedRaftLogWorker.java:lambda$new$0(134)) - s1@group-E1F6B44CDAE7-SegmentedRaftLogWorker: flushIndex: setUnconditionally 0 -> -1
2023-03-28 15:08:15,696 [s1-impl-thread1] INFO  segmented.SegmentedRaftLogWorker (SegmentedRaftLogWorker.java:lambda$new$0(134)) - s1@group-E1F6B44CDAE7-SegmentedRaftLogWorker: safeCacheEvictIndex: setUnconditionally 0 -> -1
2023-03-28 15:08:15,696 [s2-groupManagement] INFO  server.RaftServerConfigKeys (ConfUtils.java:logGet(46)) - raft.server.rpc.request.timeout = 3000ms (default)
2023-03-28 15:08:15,696 [s1-impl-thread1] INFO  server.RaftServer$Division (RaftServerImpl.java:start(348)) - s1@group-E1F6B44CDAE7: start with initializing state, conf=-1: peers:[]|listeners:[], old=null
2023-03-28 15:08:15,697 [s2-groupManagement] INFO  server.RaftServerConfigKeys (ConfUtils.java:logGet(46)) - raft.server.log.appender.install.snapshot.enabled = true (default)
2023-03-28 15:08:15,697 [s1-impl-thread1] INFO  server.RaftServer$Division (RaftServerImpl.java:setRole(329)) - s1@group-E1F6B44CDAE7: changes role from      null to FOLLOWER at term 0 for startInitializing
2023-03-28 15:08:15,697 [s2-groupManagement] INFO  server.RaftServerConfigKeys (ConfUtils.java:logGet(46)) - raft.server.threadpool.server.cached = true (default)
2023-03-28 15:08:15,697 [s2-groupManagement] INFO  server.RaftServerConfigKeys (ConfUtils.java:logGet(46)) - raft.server.threadpool.server.size = 0 (default)
2023-03-28 15:08:15,697 [s1-impl-thread1] INFO  util.JmxRegister (JmxRegister.java:tryRegister(44)) - Successfully registered JMX Bean with object name Ratis:service=RaftServer,group=group-E1F6B44CDAE7,id=s1
2023-03-28 15:08:15,700 [s1-impl-thread1] INFO  server.RaftServerConfigKeys (ConfUtils.java:logGet(46)) - raft.server.snapshot.auto.trigger.enabled = true (custom)
2023-03-28 15:08:15,700 [s1-impl-thread1] INFO  server.RaftServerConfigKeys (ConfUtils.java:logGet(46)) - raft.server.snapshot.auto.trigger.threshold = 64 (custom)
2023-03-28 15:08:15,700 [s1-impl-thread1] INFO  server.RaftServerConfigKeys (ConfUtils.java:logGet(46)) - raft.server.snapshot.retention.file.num = -1 (default)
2023-03-28 15:08:15,700 [s1-impl-thread1] INFO  server.RaftServerConfigKeys (ConfUtils.java:logGet(46)) - raft.server.log.purge.upto.snapshot.index = false (default)
2023-03-28 15:08:15,701 [s2-groupManagement] INFO  server.RaftServerConfigKeys (ConfUtils.java:logGet(46)) - raft.server.threadpool.client.cached = true (default)
2023-03-28 15:08:15,701 [s2-groupManagement] INFO  server.RaftServerConfigKeys (ConfUtils.java:logGet(46)) - raft.server.threadpool.client.size = 0 (default)
2023-03-28 15:08:15,702 [Time-limited test] INFO  server.RaftServer (RaftServerProxy.java:startImpl(401)) - s1: start RPC server
2023-03-28 15:08:15,703 [Time-limited test] INFO  server.GrpcService (GrpcService.java:startImpl(302)) - s1: GrpcService started, listening on 34479
2023-03-28 15:08:15,703 [JvmPauseMonitor1] INFO  util.JvmPauseMonitor (JvmPauseMonitor.java:run(103)) - JvmPauseMonitor-s1: Started
2023-03-28 15:08:15,703 [s2-impl-thread1] INFO  server.RaftServerConfigKeys (ConfUtils.java:logGet(46)) - raft.server.storage.free-space.min = 0MB (=0) (default)
2023-03-28 15:08:15,703 [s2-impl-thread1] INFO  server.RaftServerConfigKeys (ConfUtils.java:logGet(46)) - raft.server.log.corruption.policy = EXCEPTION (default)
2023-03-28 15:08:15,703 [s2-impl-thread1] INFO  server.RaftServerConfigKeys (ConfUtils.java:logGet(46)) - raft.server.storage.dir = [/home/runner/work/ratis/ratis/ratis-test/target/test/data/d2acef73/MiniRaftClusterWithGrpc890f7586/s2] (custom)
2023-03-28 15:08:15,704 [s2-impl-thread1] INFO  storage.RaftStorageDirectory (RaftStorageDirectoryImpl.java:analyzeStorage(138)) - The storage directory /home/runner/work/ratis/ratis/ratis-test/target/test/data/d2acef73/MiniRaftClusterWithGrpc890f7586/s2/bf1d157c-210b-4a9b-a3bf-e1f6b44cdae7 does not exist. Creating ...
2023-03-28 15:08:15,704 [s2-impl-thread1] TRACE util.FileUtils (LogUtils.java:runAndLog(49)) - Successfully ran Files.createDirectories /home/runner/work/ratis/ratis/ratis-test/target/test/data/d2acef73/MiniRaftClusterWithGrpc890f7586/s2/bf1d157c-210b-4a9b-a3bf-e1f6b44cdae7
2023-03-28 15:08:15,705 [s2-impl-thread1] INFO  storage.RaftStorageDirectory (RaftStorageDirectoryImpl.java:tryLock(232)) - Lock on /home/runner/work/ratis/ratis/ratis-test/target/test/data/d2acef73/MiniRaftClusterWithGrpc890f7586/s2/bf1d157c-210b-4a9b-a3bf-e1f6b44cdae7/in_use.lock acquired by nodename 18162@fv-az489-275
2023-03-28 15:08:15,705 [s2-impl-thread1] TRACE util.FileUtils (LogUtils.java:runAndLog(49)) - Successfully ran Files.createDirectories /home/runner/work/ratis/ratis/ratis-test/target/test/data/d2acef73/MiniRaftClusterWithGrpc890f7586/s2/bf1d157c-210b-4a9b-a3bf-e1f6b44cdae7/current
2023-03-28 15:08:15,705 [s2-impl-thread1] TRACE util.FileUtils (LogUtils.java:runAndLog(49)) - Successfully ran Files.createDirectories /home/runner/work/ratis/ratis/ratis-test/target/test/data/d2acef73/MiniRaftClusterWithGrpc890f7586/s2/bf1d157c-210b-4a9b-a3bf-e1f6b44cdae7/sm
2023-03-28 15:08:15,706 [s2-impl-thread1] INFO  storage.RaftStorage (RaftStorageImpl.java:format(96)) - Storage directory /home/runner/work/ratis/ratis/ratis-test/target/test/data/d2acef73/MiniRaftClusterWithGrpc890f7586/s2/bf1d157c-210b-4a9b-a3bf-e1f6b44cdae7 has been successfully formatted.
2023-03-28 15:08:15,706 [s2-impl-thread1] INFO  impl.SimpleStateMachine4Testing (SimpleStateMachine4Testing.java:initialize(213)) - Initializing StateMachineWithMultiNestedSnapshotFile:uninitialized
2023-03-28 15:08:15,706 [s2-impl-thread1] INFO  impl.SimpleStateMachine4Testing (SimpleStateMachine4Testing.java:loadSnapshot(293)) - Loading snapshot null
2023-03-28 15:08:15,706 [s2-impl-thread1] INFO  server.RaftServerConfigKeys (ConfUtils.java:logGet(46)) - raft.server.log.use.memory = false (default)
2023-03-28 15:08:15,706 [s2-impl-thread1] INFO  server.RaftServerConfigKeys (ConfUtils.java:logGet(46)) - raft.server.log.purge.gap = 8 (custom)
2023-03-28 15:08:15,706 [s2-impl-thread1] INFO  server.RaftServerConfigKeys (ConfUtils.java:logGet(46)) - raft.server.log.appender.buffer.byte-limit = 4MB (=4194304) (default)
2023-03-28 15:08:15,707 [s2-impl-thread1] INFO  server.RaftServerConfigKeys (ConfUtils.java:logGet(46)) - raft.server.log.statemachine.data.read.timeout = 1000ms (default)
2023-03-28 15:08:15,707 [s2-impl-thread1] INFO  server.RaftServerConfigKeys (ConfUtils.java:logGet(46)) - raft.server.log.purge.preservation.log.num = 0 (default)
2023-03-28 15:08:15,708 [s2-impl-thread1] INFO  server.RaftServerConfigKeys (ConfUtils.java:logGet(46)) - raft.server.log.segment.size.max = 8MB (=8388608) (default)
2023-03-28 15:08:15,708 [s2-impl-thread1] INFO  server.RaftServerConfigKeys (ConfUtils.java:logGet(46)) - raft.server.log.segment.cache.num.max = 6 (default)
2023-03-28 15:08:15,708 [s2-impl-thread1] INFO  server.RaftServerConfigKeys (ConfUtils.java:logGet(46)) - raft.server.log.segment.cache.size.max = 200MB (=209715200) (default)
2023-03-28 15:08:15,708 [s2-impl-thread1] INFO  server.RaftServerConfigKeys (ConfUtils.java:logGet(46)) - raft.server.log.appender.buffer.byte-limit = 4MB (=4194304) (default)
2023-03-28 15:08:15,708 [s2-impl-thread1] INFO  segmented.SegmentedRaftLogWorker (SegmentedRaftLogWorker.java:<init>(183)) - new s2@group-E1F6B44CDAE7-SegmentedRaftLogWorker for RaftStorageImpl:Storage Directory /home/runner/work/ratis/ratis/ratis-test/target/test/data/d2acef73/MiniRaftClusterWithGrpc890f7586/s2/bf1d157c-210b-4a9b-a3bf-e1f6b44cdae7
2023-03-28 15:08:15,708 [s2-impl-thread1] INFO  server.RaftServerConfigKeys (ConfUtils.java:logGet(46)) - raft.server.log.queue.byte-limit = 64MB (=67108864) (default)
2023-03-28 15:08:15,708 [s2-impl-thread1] INFO  server.RaftServerConfigKeys (ConfUtils.java:logGet(46)) - raft.server.log.queue.element-limit = 4096 (default)
2023-03-28 15:08:15,708 [s2-impl-thread1] INFO  server.RaftServerConfigKeys (ConfUtils.java:logGet(46)) - raft.server.log.segment.size.max = 8MB (=8388608) (default)
2023-03-28 15:08:15,708 [s2-impl-thread1] INFO  server.RaftServerConfigKeys (ConfUtils.java:logGet(46)) - raft.server.log.preallocated.size = 4MB (=4194304) (default)
2023-03-28 15:08:15,708 [s2-impl-thread1] INFO  server.RaftServerConfigKeys (ConfUtils.java:logGet(46)) - raft.server.log.force.sync.num = 128 (default)
2023-03-28 15:08:15,709 [s2-impl-thread1] INFO  server.RaftServerConfigKeys (ConfUtils.java:logGet(46)) - raft.server.log.statemachine.data.sync = true (default)
2023-03-28 15:08:15,709 [s2-impl-thread1] INFO  server.RaftServerConfigKeys (ConfUtils.java:logGet(46)) - raft.server.log.statemachine.data.sync.timeout = 10s (default)
2023-03-28 15:08:15,709 [s2-impl-thread1] INFO  server.RaftServerConfigKeys (ConfUtils.java:logGet(46)) - raft.server.log.statemachine.data.sync.timeout.retry = -1 (default)
2023-03-28 15:08:15,709 [s2-impl-thread1] INFO  server.RaftServerConfigKeys (ConfUtils.java:logGet(46)) - raft.server.log.write.buffer.size = 64KB (=65536) (default)
2023-03-28 15:08:15,709 [s2-impl-thread1] INFO  server.RaftServerConfigKeys (ConfUtils.java:logGet(46)) - raft.server.log.appender.buffer.byte-limit = 4MB (=4194304) (default)
2023-03-28 15:08:15,710 [s2-impl-thread1] INFO  server.RaftServerConfigKeys (ConfUtils.java:logGet(46)) - raft.server.log.unsafe-flush.enabled = false (default)
2023-03-28 15:08:15,711 [s2-impl-thread1] INFO  server.RaftServerConfigKeys (ConfUtils.java:logGet(46)) - raft.server.log.async-flush.enabled = false (default)
2023-03-28 15:08:15,711 [s2-impl-thread1] INFO  server.RaftServerConfigKeys (ConfUtils.java:logGet(46)) - raft.server.log.statemachine.data.caching.enabled = false (default)
2023-03-28 15:08:15,711 [s2-impl-thread1] INFO  segmented.SegmentedRaftLogWorker (SegmentedRaftLogWorker.java:lambda$new$0(134)) - s2@group-E1F6B44CDAE7-SegmentedRaftLogWorker: flushIndex: setUnconditionally 0 -> -1
2023-03-28 15:08:15,711 [s2-impl-thread1] INFO  segmented.SegmentedRaftLogWorker (SegmentedRaftLogWorker.java:lambda$new$0(134)) - s2@group-E1F6B44CDAE7-SegmentedRaftLogWorker: safeCacheEvictIndex: setUnconditionally 0 -> -1
2023-03-28 15:08:15,711 [s2-impl-thread1] INFO  server.RaftServer$Division (RaftServerImpl.java:start(348)) - s2@group-E1F6B44CDAE7: start with initializing state, conf=-1: peers:[]|listeners:[], old=null
2023-03-28 15:08:15,711 [s2-impl-thread1] INFO  server.RaftServer$Division (RaftServerImpl.java:setRole(329)) - s2@group-E1F6B44CDAE7: changes role from      null to FOLLOWER at term 0 for startInitializing
2023-03-28 15:08:15,711 [s2-impl-thread1] INFO  util.JmxRegister (JmxRegister.java:tryRegister(44)) - Successfully registered JMX Bean with object name Ratis:service=RaftServer,group=group-E1F6B44CDAE7,id=s2
2023-03-28 15:08:15,711 [s2-impl-thread1] INFO  server.RaftServerConfigKeys (ConfUtils.java:logGet(46)) - raft.server.snapshot.auto.trigger.enabled = true (custom)
2023-03-28 15:08:15,712 [s2-impl-thread1] INFO  server.RaftServerConfigKeys (ConfUtils.java:logGet(46)) - raft.server.snapshot.auto.trigger.threshold = 64 (custom)
2023-03-28 15:08:15,712 [s2-impl-thread1] INFO  server.RaftServerConfigKeys (ConfUtils.java:logGet(46)) - raft.server.snapshot.retention.file.num = -1 (default)
2023-03-28 15:08:15,712 [s2-impl-thread1] INFO  server.RaftServerConfigKeys (ConfUtils.java:logGet(46)) - raft.server.log.purge.upto.snapshot.index = false (default)
2023-03-28 15:08:15,718 [Time-limited test] INFO  server.RaftServer (RaftServerProxy.java:startImpl(401)) - s2: start RPC server
2023-03-28 15:08:15,719 [Time-limited test] INFO  server.GrpcService (GrpcService.java:startImpl(302)) - s2: GrpcService started, listening on 33949
2023-03-28 15:08:15,719 [JvmPauseMonitor2] INFO  util.JvmPauseMonitor (JvmPauseMonitor.java:run(103)) - JvmPauseMonitor-s2: Started
2023-03-28 15:08:15,720 [Time-limited test] INFO  impl.MiniRaftCluster (MiniRaftCluster.java:setConfiguration(819)) - Start changing the configuration: [s1|rpc:0.0.0.0:34479|priority:0|startupRole:FOLLOWER, s2|rpc:0.0.0.0:33949|priority:0|startupRole:FOLLOWER, s0|rpc:localhost:43615|admin:localhost:42905|client:localhost:45435|dataStream:localhost:40913|priority:0|startupRole:FOLLOWER]
2023-03-28 15:08:15,738 [s0-server-thread1] INFO  server.RaftServer$Division (RaftServerImpl.java:setConfigurationAsync(1194)) - s0@group-E1F6B44CDAE7: receive setConfiguration SetConfigurationRequest:client-019B3424A5EB->s0@group-E1F6B44CDAE7, cid=128, seq=0, RW, null, SET_UNCONDITIONALLY, servers:[s1|rpc:0.0.0.0:34479|dataStream:|priority:0|startupRole:FOLLOWER, s2|rpc:0.0.0.0:33949|dataStream:|priority:0|startupRole:FOLLOWER, s0|rpc:localhost:43615|admin:localhost:42905|client:localhost:45435|dataStream:localhost:40913|priority:0|startupRole:FOLLOWER], listeners:[]
2023-03-28 15:08:15,738 [s0-server-thread1] INFO  server.RaftServer$Division (LeaderStateImpl.java:startSetConfiguration(443)) - s0@group-E1F6B44CDAE7-LeaderStateImpl: startSetConfiguration SetConfigurationRequest:client-019B3424A5EB->s0@group-E1F6B44CDAE7, cid=128, seq=0, RW, null, SET_UNCONDITIONALLY, servers:[s1|rpc:0.0.0.0:34479|dataStream:|priority:0|startupRole:FOLLOWER, s2|rpc:0.0.0.0:33949|dataStream:|priority:0|startupRole:FOLLOWER, s0|rpc:localhost:43615|admin:localhost:42905|client:localhost:45435|dataStream:localhost:40913|priority:0|startupRole:FOLLOWER], listeners:[]
2023-03-28 15:08:15,744 [s0-server-thread1] INFO  server.RaftServerConfigKeys (ConfUtils.java:logGet(46)) - raft.server.log.appender.snapshot.chunk.size.max = 1k (=1024) (custom)
2023-03-28 15:08:15,744 [s0-server-thread1] INFO  server.RaftServerConfigKeys (ConfUtils.java:logGet(46)) - raft.server.log.appender.buffer.byte-limit = 4MB (=4194304) (default)
2023-03-28 15:08:15,745 [s0-server-thread1] INFO  server.RaftServerConfigKeys (ConfUtils.java:logGet(46)) - raft.server.log.appender.buffer.element-limit = 0 (default)
2023-03-28 15:08:15,746 [s0-server-thread1] INFO  server.RaftServerConfigKeys (ConfUtils.java:logGet(46)) - raft.server.log.appender.wait-time.min = 10ms (default)
2023-03-28 15:08:15,746 [s0-server-thread1] INFO  grpc.GrpcConfigKeys (ConfUtils.java:logGet(46)) - raft.grpc.server.leader.outstanding.appends.max = 128 (default)
2023-03-28 15:08:15,747 [s0-server-thread1] INFO  server.RaftServerConfigKeys (ConfUtils.java:logGet(46)) - raft.server.rpc.request.timeout = 3000ms (default)
2023-03-28 15:08:15,747 [s0-server-thread1] INFO  grpc.GrpcConfigKeys (ConfUtils.java:logGet(46)) - raft.grpc.server.install_snapshot.request.element-limit = 8 (default)
2023-03-28 15:08:15,747 [s0-server-thread1] INFO  grpc.GrpcConfigKeys (ConfUtils.java:logGet(46)) - raft.grpc.server.install_snapshot.request.timeout = 3000ms (default)
2023-03-28 15:08:15,747 [s0-server-thread1] INFO  server.RaftServerConfigKeys (ConfUtils.java:logGet(46)) - raft.server.log.appender.install.snapshot.enabled = true (default)
2023-03-28 15:08:15,747 [s0-server-thread1] INFO  grpc.GrpcConfigKeys (ConfUtils.java:logGet(46)) - raft.grpc.server.heartbeat.channel = false (custom)
2023-03-28 15:08:15,749 [s0-server-thread1] INFO  server.RaftServerConfigKeys (ConfUtils.java:logGet(46)) - raft.server.log.appender.snapshot.chunk.size.max = 1k (=1024) (custom)
2023-03-28 15:08:15,749 [s0-server-thread1] INFO  server.RaftServerConfigKeys (ConfUtils.java:logGet(46)) - raft.server.log.appender.buffer.byte-limit = 4MB (=4194304) (default)
2023-03-28 15:08:15,749 [s0-server-thread1] INFO  server.RaftServerConfigKeys (ConfUtils.java:logGet(46)) - raft.server.log.appender.buffer.element-limit = 0 (default)
2023-03-28 15:08:15,749 [s0-server-thread1] INFO  server.RaftServerConfigKeys (ConfUtils.java:logGet(46)) - raft.server.log.appender.wait-time.min = 10ms (default)
2023-03-28 15:08:15,749 [s0-server-thread1] INFO  grpc.GrpcConfigKeys (ConfUtils.java:logGet(46)) - raft.grpc.server.leader.outstanding.appends.max = 128 (default)
2023-03-28 15:08:15,749 [s0-server-thread1] INFO  server.RaftServerConfigKeys (ConfUtils.java:logGet(46)) - raft.server.rpc.request.timeout = 3000ms (default)
2023-03-28 15:08:15,749 [s0-server-thread1] INFO  grpc.GrpcConfigKeys (ConfUtils.java:logGet(46)) - raft.grpc.server.install_snapshot.request.element-limit = 8 (default)
2023-03-28 15:08:15,749 [s0-server-thread1] INFO  grpc.GrpcConfigKeys (ConfUtils.java:logGet(46)) - raft.grpc.server.install_snapshot.request.timeout = 3000ms (default)
2023-03-28 15:08:15,750 [s0-server-thread1] INFO  server.RaftServerConfigKeys (ConfUtils.java:logGet(46)) - raft.server.log.appender.install.snapshot.enabled = true (default)
2023-03-28 15:08:15,750 [s0-server-thread1] INFO  grpc.GrpcConfigKeys (ConfUtils.java:logGet(46)) - raft.grpc.server.heartbeat.channel = false (custom)
2023-03-28 15:08:15,751 [s0@group-E1F6B44CDAE7->s1-GrpcLogAppender-LogAppenderDaemon] INFO  server.GrpcLogAppender (GrpcLogAppender.java:installSnapshot(595)) - s0@group-E1F6B44CDAE7->s1-GrpcLogAppender: followerNextIndex = 0 but logStartIndex = 0, send snapshot FileListSnapshotInfo(t:1, i:191):[/home/runner/work/ratis/ratis/ratis-test/target/test/data/d2acef73/MiniRaftClusterWithGrpc890f7586/s0/bf1d157c-210b-4a9b-a3bf-e1f6b44cdae7/sm/snapshot/1.bin, /home/runner/work/ratis/ratis/ratis-test/target/test/data/d2acef73/MiniRaftClusterWithGrpc890f7586/s0/bf1d157c-210b-4a9b-a3bf-e1f6b44cdae7/sm/snapshot/sub/2.bin, /home/runner/work/ratis/ratis/ratis-test/target/test/data/d2acef73/MiniRaftClusterWithGrpc890f7586/s0/bf1d157c-210b-4a9b-a3bf-e1f6b44cdae7/sm/snapshot.1_191] to follower
2023-03-28 15:08:15,755 [s0@group-E1F6B44CDAE7->s1-GrpcLogAppender-LogAppenderDaemon] INFO  server.GrpcServerProtocolClient (GrpcServerProtocolClient.java:<init>(65)) - Build channel for s1
2023-03-28 15:08:15,760 [s0@group-E1F6B44CDAE7->s2-GrpcLogAppender-LogAppenderDaemon] INFO  server.GrpcLogAppender (GrpcLogAppender.java:installSnapshot(595)) - s0@group-E1F6B44CDAE7->s2-GrpcLogAppender: followerNextIndex = 0 but logStartIndex = 0, send snapshot FileListSnapshotInfo(t:1, i:191):[/home/runner/work/ratis/ratis/ratis-test/target/test/data/d2acef73/MiniRaftClusterWithGrpc890f7586/s0/bf1d157c-210b-4a9b-a3bf-e1f6b44cdae7/sm/snapshot/1.bin, /home/runner/work/ratis/ratis/ratis-test/target/test/data/d2acef73/MiniRaftClusterWithGrpc890f7586/s0/bf1d157c-210b-4a9b-a3bf-e1f6b44cdae7/sm/snapshot/sub/2.bin, /home/runner/work/ratis/ratis/ratis-test/target/test/data/d2acef73/MiniRaftClusterWithGrpc890f7586/s0/bf1d157c-210b-4a9b-a3bf-e1f6b44cdae7/sm/snapshot.1_191] to follower
2023-03-28 15:08:15,766 [s0@group-E1F6B44CDAE7->s2-GrpcLogAppender-LogAppenderDaemon] INFO  server.GrpcServerProtocolClient (GrpcServerProtocolClient.java:<init>(65)) - Build channel for s2
2023-03-28 15:08:15,796 [grpc-default-executor-0] INFO  impl.SnapshotInstallationHandler (SnapshotInstallationHandler.java:installSnapshot(89)) - s1@group-E1F6B44CDAE7: receive installSnapshot: s0->s1#0-t1,chunk:6b3aa864-8876-4be9-9466-2928bdfc5542,0
2023-03-28 15:08:15,800 [grpc-default-executor-1] INFO  impl.SnapshotInstallationHandler (SnapshotInstallationHandler.java:installSnapshot(89)) - s2@group-E1F6B44CDAE7: receive installSnapshot: s0->s2#0-t1,chunk:54c3d0fc-cf77-439f-997a-3900d1610178,0
2023-03-28 15:08:15,805 [grpc-default-executor-0] INFO  server.RaftServer$Division (ServerState.java:setLeader(260)) - s1@group-E1F6B44CDAE7: change Leader from null to s0 at term 1 for installSnapshot, leader elected after 126ms
2023-03-28 15:08:15,821 [grpc-default-executor-0] TRACE util.FileUtils (LogUtils.java:runAndLog(49)) - Successfully ran Files.createDirectories /home/runner/work/ratis/ratis/ratis-test/target/test/data/d2acef73/MiniRaftClusterWithGrpc890f7586/s1/bf1d157c-210b-4a9b-a3bf-e1f6b44cdae7/tmp/snapshot-6b3aa864-8876-4be9-9466-2928bdfc5542
2023-03-28 15:08:15,821 [grpc-default-executor-0] INFO  storage.SnapshotManager (SnapshotManager.java:installSnapshot(89)) - Installing snapshot:s0->s1#0-t1,chunk:6b3aa864-8876-4be9-9466-2928bdfc5542,0, to tmp dir:/home/runner/work/ratis/ratis/ratis-test/target/test/data/d2acef73/MiniRaftClusterWithGrpc890f7586/s1/bf1d157c-210b-4a9b-a3bf-e1f6b44cdae7/tmp/snapshot-6b3aa864-8876-4be9-9466-2928bdfc5542
2023-03-28 15:08:15,821 [grpc-default-executor-0] TRACE util.FileUtils (LogUtils.java:runAndLog(49)) - Successfully ran Files.createDirectories /home/runner/work/ratis/ratis/ratis-test/target/test/data/d2acef73/MiniRaftClusterWithGrpc890f7586/s1/bf1d157c-210b-4a9b-a3bf-e1f6b44cdae7/tmp/snapshot-6b3aa864-8876-4be9-9466-2928bdfc5542/snapshot
2023-03-28 15:08:15,823 [grpc-default-executor-1] INFO  server.RaftServer$Division (ServerState.java:setLeader(260)) - s2@group-E1F6B44CDAE7: change Leader from null to s0 at term 1 for installSnapshot, leader elected after 128ms
2023-03-28 15:08:15,824 [grpc-default-executor-1] TRACE util.FileUtils (LogUtils.java:runAndLog(49)) - Successfully ran Files.createDirectories /home/runner/work/ratis/ratis/ratis-test/target/test/data/d2acef73/MiniRaftClusterWithGrpc890f7586/s2/bf1d157c-210b-4a9b-a3bf-e1f6b44cdae7/tmp/snapshot-54c3d0fc-cf77-439f-997a-3900d1610178
2023-03-28 15:08:15,824 [grpc-default-executor-0] INFO  segmented.SegmentedRaftLogWorker (SegmentedRaftLogWorker.java:lambda$new$0(134)) - s1@group-E1F6B44CDAE7-SegmentedRaftLogWorker: flushIndex: setUnconditionally -1 -> 191
2023-03-28 15:08:15,824 [grpc-default-executor-1] INFO  storage.SnapshotManager (SnapshotManager.java:installSnapshot(89)) - Installing snapshot:s0->s2#0-t1,chunk:54c3d0fc-cf77-439f-997a-3900d1610178,0, to tmp dir:/home/runner/work/ratis/ratis/ratis-test/target/test/data/d2acef73/MiniRaftClusterWithGrpc890f7586/s2/bf1d157c-210b-4a9b-a3bf-e1f6b44cdae7/tmp/snapshot-54c3d0fc-cf77-439f-997a-3900d1610178
2023-03-28 15:08:15,825 [grpc-default-executor-0] INFO  segmented.SegmentedRaftLogWorker (SegmentedRaftLogWorker.java:lambda$new$0(134)) - s1@group-E1F6B44CDAE7-SegmentedRaftLogWorker: safeCacheEvictIndex: setUnconditionally -1 -> 191
2023-03-28 15:08:15,825 [grpc-default-executor-1] TRACE util.FileUtils (LogUtils.java:runAndLog(49)) - Successfully ran Files.createDirectories /home/runner/work/ratis/ratis/ratis-test/target/test/data/d2acef73/MiniRaftClusterWithGrpc890f7586/s2/bf1d157c-210b-4a9b-a3bf-e1f6b44cdae7/tmp/snapshot-54c3d0fc-cf77-439f-997a-3900d1610178/snapshot
2023-03-28 15:08:15,826 [grpc-default-executor-1] INFO  segmented.SegmentedRaftLogWorker (SegmentedRaftLogWorker.java:lambda$new$0(134)) - s2@group-E1F6B44CDAE7-SegmentedRaftLogWorker: flushIndex: setUnconditionally -1 -> 191
2023-03-28 15:08:15,826 [grpc-default-executor-1] INFO  segmented.SegmentedRaftLogWorker (SegmentedRaftLogWorker.java:lambda$new$0(134)) - s2@group-E1F6B44CDAE7-SegmentedRaftLogWorker: safeCacheEvictIndex: setUnconditionally -1 -> 191
2023-03-28 15:08:15,912 [grpc-default-executor-0] INFO  impl.SnapshotInstallationHandler (SnapshotInstallationHandler.java:installSnapshotImpl(134)) - s1@group-E1F6B44CDAE7: set new configuration configurationEntry {
  peers {
    id: "s0"
    address: "localhost:43615"
    dataStreamAddress: "localhost:40913"
    clientAddress: "localhost:45435"
    adminAddress: "localhost:42905"
    startupRole: FOLLOWER
  }
}
 from snapshot
2023-03-28 15:08:15,913 [grpc-default-executor-0] INFO  server.RaftServer$Division (ServerState.java:setRaftConf(377)) - s1@group-E1F6B44CDAE7: set configuration 0: peers:[s0|rpc:localhost:43615|admin:localhost:42905|client:localhost:45435|dataStream:localhost:40913|priority:0|startupRole:FOLLOWER]|listeners:[], old=null
2023-03-28 15:08:15,916 [grpc-default-executor-0] INFO  impl.SnapshotInstallationHandler (SnapshotInstallationHandler.java:installSnapshot(100)) - s1@group-E1F6B44CDAE7: reply installSnapshot: s0<-s1#0:OK-t0,SUCCESS,requestIndex=0
2023-03-28 15:08:15,917 [grpc-default-executor-0] INFO  impl.SnapshotInstallationHandler (SnapshotInstallationHandler.java:installSnapshot(89)) - s1@group-E1F6B44CDAE7: receive installSnapshot: s0->s1#0-t1,chunk:6b3aa864-8876-4be9-9466-2928bdfc5542,1
2023-03-28 15:08:15,918 [grpc-default-executor-0] TRACE util.FileUtils (LogUtils.java:runAndLog(49)) - Successfully ran Files.createDirectories /home/runner/work/ratis/ratis/ratis-test/target/test/data/d2acef73/MiniRaftClusterWithGrpc890f7586/s1/bf1d157c-210b-4a9b-a3bf-e1f6b44cdae7/tmp/snapshot-6b3aa864-8876-4be9-9466-2928bdfc5542
2023-03-28 15:08:15,918 [grpc-default-executor-2] INFO  server.GrpcLogAppender (GrpcLogAppender.java:onNext(501)) - s0@group-E1F6B44CDAE7->s1-InstallSnapshotResponseHandler: received the first reply s0<-s1#0:OK-t0,SUCCESS,requestIndex=0
2023-03-28 15:08:15,918 [grpc-default-executor-0] INFO  storage.SnapshotManager (SnapshotManager.java:installSnapshot(89)) - Installing snapshot:s0->s1#0-t1,chunk:6b3aa864-8876-4be9-9466-2928bdfc5542,1, to tmp dir:/home/runner/work/ratis/ratis/ratis-test/target/test/data/d2acef73/MiniRaftClusterWithGrpc890f7586/s1/bf1d157c-210b-4a9b-a3bf-e1f6b44cdae7/tmp/snapshot-6b3aa864-8876-4be9-9466-2928bdfc5542
2023-03-28 15:08:15,918 [grpc-default-executor-0] TRACE util.FileUtils (LogUtils.java:runAndLog(49)) - Successfully ran Files.createDirectories /home/runner/work/ratis/ratis/ratis-test/target/test/data/d2acef73/MiniRaftClusterWithGrpc890f7586/s1/bf1d157c-210b-4a9b-a3bf-e1f6b44cdae7/tmp/snapshot-6b3aa864-8876-4be9-9466-2928bdfc5542/snapshot/sub
2023-03-28 15:08:15,919 [grpc-default-executor-0] INFO  impl.SnapshotInstallationHandler (SnapshotInstallationHandler.java:installSnapshot(100)) - s1@group-E1F6B44CDAE7: reply installSnapshot: s0<-s1#0:OK-t1,SUCCESS,requestIndex=1
2023-03-28 15:08:15,919 [grpc-default-executor-1] INFO  impl.SnapshotInstallationHandler (SnapshotInstallationHandler.java:installSnapshotImpl(134)) - s2@group-E1F6B44CDAE7: set new configuration configurationEntry {
  peers {
    id: "s0"
    address: "localhost:43615"
    dataStreamAddress: "localhost:40913"
    clientAddress: "localhost:45435"
    adminAddress: "localhost:42905"
    startupRole: FOLLOWER
  }
}
 from snapshot
2023-03-28 15:08:15,919 [grpc-default-executor-2] INFO  server.GrpcLogAppender (GrpcLogAppender.java:onNext(514)) - s0@group-E1F6B44CDAE7->s1-InstallSnapshotResponseHandler: Completed InstallSnapshot. Reply: serverReply {
  requestorId: "s0"
  replyId: "s1"
  raftGroupId {
    id: "\277\035\025|!\vJ\233\243\277\341\366\264L\332\347"
  }
  success: true
}
requestIndex: 0

2023-03-28 15:08:15,920 [grpc-default-executor-1] INFO  server.RaftServer$Division (ServerState.java:setRaftConf(377)) - s2@group-E1F6B44CDAE7: set configuration 0: peers:[s0|rpc:localhost:43615|admin:localhost:42905|client:localhost:45435|dataStream:localhost:40913|priority:0|startupRole:FOLLOWER]|listeners:[], old=null
2023-03-28 15:08:15,923 [grpc-default-executor-2] INFO  leader.FollowerInfo (FollowerInfoImpl.java:setAttemptedToInstallSnapshot(126)) - Follower s0@group-E1F6B44CDAE7->s1 acknowledged installing snapshot
2023-03-28 15:08:15,923 [grpc-default-executor-0] INFO  impl.SnapshotInstallationHandler (SnapshotInstallationHandler.java:installSnapshot(89)) - s1@group-E1F6B44CDAE7: receive installSnapshot: s0->s1#0-t1,chunk:6b3aa864-8876-4be9-9466-2928bdfc5542,2
2023-03-28 15:08:15,924 [grpc-default-executor-0] TRACE util.FileUtils (LogUtils.java:runAndLog(49)) - Successfully ran Files.createDirectories /home/runner/work/ratis/ratis/ratis-test/target/test/data/d2acef73/MiniRaftClusterWithGrpc890f7586/s1/bf1d157c-210b-4a9b-a3bf-e1f6b44cdae7/tmp/snapshot-6b3aa864-8876-4be9-9466-2928bdfc5542
2023-03-28 15:08:15,924 [grpc-default-executor-0] INFO  storage.SnapshotManager (SnapshotManager.java:installSnapshot(89)) - Installing snapshot:s0->s1#0-t1,chunk:6b3aa864-8876-4be9-9466-2928bdfc5542,2, to tmp dir:/home/runner/work/ratis/ratis/ratis-test/target/test/data/d2acef73/MiniRaftClusterWithGrpc890f7586/s1/bf1d157c-210b-4a9b-a3bf-e1f6b44cdae7/tmp/snapshot-6b3aa864-8876-4be9-9466-2928bdfc5542
2023-03-28 15:08:15,924 [grpc-default-executor-2] INFO  server.GrpcLogAppender (GrpcLogAppender.java:onNext(501)) - s0@group-E1F6B44CDAE7->s1-InstallSnapshotResponseHandler: received a reply s0<-s1#0:OK-t1,SUCCESS,requestIndex=1
2023-03-28 15:08:15,924 [grpc-default-executor-2] INFO  server.GrpcLogAppender (GrpcLogAppender.java:onNext(514)) - s0@group-E1F6B44CDAE7->s1-InstallSnapshotResponseHandler: Completed InstallSnapshot. Reply: serverReply {
  requestorId: "s0"
  replyId: "s1"
  raftGroupId {
    id: "\277\035\025|!\vJ\233\243\277\341\366\264L\332\347"
  }
  success: true
}
term: 1
requestIndex: 1

2023-03-28 15:08:15,924 [grpc-default-executor-2] INFO  leader.FollowerInfo (FollowerInfoImpl.java:setAttemptedToInstallSnapshot(126)) - Follower s0@group-E1F6B44CDAE7->s1 acknowledged installing snapshot
2023-03-28 15:08:15,925 [grpc-default-executor-0] TRACE util.FileUtils (LogUtils.java:runAndLog(49)) - Successfully ran Files.createDirectories /home/runner/work/ratis/ratis/ratis-test/target/test/data/d2acef73/MiniRaftClusterWithGrpc890f7586/s1/bf1d157c-210b-4a9b-a3bf-e1f6b44cdae7/tmp/snapshot-6b3aa864-8876-4be9-9466-2928bdfc5542/snapshot/sub
2023-03-28 15:08:15,926 [grpc-default-executor-0] INFO  impl.SnapshotInstallationHandler (SnapshotInstallationHandler.java:installSnapshot(100)) - s1@group-E1F6B44CDAE7: reply installSnapshot: s0<-s1#0:OK-t1,SUCCESS,requestIndex=2
2023-03-28 15:08:15,926 [grpc-default-executor-1] INFO  impl.SnapshotInstallationHandler (SnapshotInstallationHandler.java:installSnapshot(100)) - s2@group-E1F6B44CDAE7: reply installSnapshot: s0<-s2#0:OK-t0,SUCCESS,requestIndex=0
2023-03-28 15:08:15,926 [grpc-default-executor-0] INFO  impl.SnapshotInstallationHandler (SnapshotInstallationHandler.java:installSnapshot(89)) - s1@group-E1F6B44CDAE7: receive installSnapshot: s0->s1#0-t1,chunk:6b3aa864-8876-4be9-9466-2928bdfc5542,3
2023-03-28 15:08:15,926 [grpc-default-executor-0] TRACE util.FileUtils (LogUtils.java:runAndLog(49)) - Successfully ran Files.createDirectories /home/runner/work/ratis/ratis/ratis-test/target/test/data/d2acef73/MiniRaftClusterWithGrpc890f7586/s1/bf1d157c-210b-4a9b-a3bf-e1f6b44cdae7/tmp/snapshot-6b3aa864-8876-4be9-9466-2928bdfc5542
2023-03-28 15:08:15,926 [grpc-default-executor-2] INFO  server.GrpcLogAppender (GrpcLogAppender.java:onNext(501)) - s0@group-E1F6B44CDAE7->s1-InstallSnapshotResponseHandler: received a reply s0<-s1#0:OK-t1,SUCCESS,requestIndex=2
2023-03-28 15:08:15,926 [grpc-default-executor-0] INFO  storage.SnapshotManager (SnapshotManager.java:installSnapshot(89)) - Installing snapshot:s0->s1#0-t1,chunk:6b3aa864-8876-4be9-9466-2928bdfc5542,3, to tmp dir:/home/runner/work/ratis/ratis/ratis-test/target/test/data/d2acef73/MiniRaftClusterWithGrpc890f7586/s1/bf1d157c-210b-4a9b-a3bf-e1f6b44cdae7/tmp/snapshot-6b3aa864-8876-4be9-9466-2928bdfc5542
2023-03-28 15:08:15,927 [grpc-default-executor-2] INFO  server.GrpcLogAppender (GrpcLogAppender.java:onNext(514)) - s0@group-E1F6B44CDAE7->s1-InstallSnapshotResponseHandler: Completed InstallSnapshot. Reply: serverReply {
  requestorId: "s0"
  replyId: "s1"
  raftGroupId {
    id: "\277\035\025|!\vJ\233\243\277\341\366\264L\332\347"
  }
  success: true
}
term: 1
requestIndex: 2

2023-03-28 15:08:15,927 [grpc-default-executor-0] TRACE util.FileUtils (LogUtils.java:runAndLog(49)) - Successfully ran Files.createDirectories /home/runner/work/ratis/ratis/ratis-test/target/test/data/d2acef73/MiniRaftClusterWithGrpc890f7586/s1/bf1d157c-210b-4a9b-a3bf-e1f6b44cdae7/tmp/snapshot-6b3aa864-8876-4be9-9466-2928bdfc5542/snapshot/sub
2023-03-28 15:08:15,927 [grpc-default-executor-2] INFO  leader.FollowerInfo (FollowerInfoImpl.java:setAttemptedToInstallSnapshot(126)) - Follower s0@group-E1F6B44CDAE7->s1 acknowledged installing snapshot
2023-03-28 15:08:15,927 [grpc-default-executor-0] INFO  impl.SnapshotInstallationHandler (SnapshotInstallationHandler.java:installSnapshot(100)) - s1@group-E1F6B44CDAE7: reply installSnapshot: s0<-s1#0:OK-t1,SUCCESS,requestIndex=3
2023-03-28 15:08:15,928 [grpc-default-executor-0] INFO  server.GrpcLogAppender (GrpcLogAppender.java:onNext(501)) - s0@group-E1F6B44CDAE7->s2-InstallSnapshotResponseHandler: received the first reply s0<-s2#0:OK-t0,SUCCESS,requestIndex=0
2023-03-28 15:08:15,928 [grpc-default-executor-0] INFO  server.GrpcLogAppender (GrpcLogAppender.java:onNext(514)) - s0@group-E1F6B44CDAE7->s2-InstallSnapshotResponseHandler: Completed InstallSnapshot. Reply: serverReply {
  requestorId: "s0"
  replyId: "s2"
  raftGroupId {
    id: "\277\035\025|!\vJ\233\243\277\341\366\264L\332\347"
  }
  success: true
}
requestIndex: 0

2023-03-28 15:08:15,928 [grpc-default-executor-1] INFO  impl.SnapshotInstallationHandler (SnapshotInstallationHandler.java:installSnapshot(89)) - s1@group-E1F6B44CDAE7: receive installSnapshot: s0->s1#0-t1,chunk:6b3aa864-8876-4be9-9466-2928bdfc5542,4
2023-03-28 15:08:15,929 [grpc-default-executor-2] INFO  impl.SnapshotInstallationHandler (SnapshotInstallationHandler.java:installSnapshot(89)) - s2@group-E1F6B44CDAE7: receive installSnapshot: s0->s2#0-t1,chunk:54c3d0fc-cf77-439f-997a-3900d1610178,1
2023-03-28 15:08:15,928 [grpc-default-executor-0] INFO  leader.FollowerInfo (FollowerInfoImpl.java:setAttemptedToInstallSnapshot(126)) - Follower s0@group-E1F6B44CDAE7->s2 acknowledged installing snapshot
2023-03-28 15:08:15,932 [grpc-default-executor-2] TRACE util.FileUtils (LogUtils.java:runAndLog(49)) - Successfully ran Files.createDirectories /home/runner/work/ratis/ratis/ratis-test/target/test/data/d2acef73/MiniRaftClusterWithGrpc890f7586/s2/bf1d157c-210b-4a9b-a3bf-e1f6b44cdae7/tmp/snapshot-54c3d0fc-cf77-439f-997a-3900d1610178
2023-03-28 15:08:15,932 [grpc-default-executor-2] INFO  storage.SnapshotManager (SnapshotManager.java:installSnapshot(89)) - Installing snapshot:s0->s2#0-t1,chunk:54c3d0fc-cf77-439f-997a-3900d1610178,1, to tmp dir:/home/runner/work/ratis/ratis/ratis-test/target/test/data/d2acef73/MiniRaftClusterWithGrpc890f7586/s2/bf1d157c-210b-4a9b-a3bf-e1f6b44cdae7/tmp/snapshot-54c3d0fc-cf77-439f-997a-3900d1610178
2023-03-28 15:08:15,932 [grpc-default-executor-2] TRACE util.FileUtils (LogUtils.java:runAndLog(49)) - Successfully ran Files.createDirectories /home/runner/work/ratis/ratis/ratis-test/target/test/data/d2acef73/MiniRaftClusterWithGrpc890f7586/s2/bf1d157c-210b-4a9b-a3bf-e1f6b44cdae7/tmp/snapshot-54c3d0fc-cf77-439f-997a-3900d1610178/snapshot/sub
2023-03-28 15:08:15,933 [grpc-default-executor-2] INFO  impl.SnapshotInstallationHandler (SnapshotInstallationHandler.java:installSnapshot(100)) - s2@group-E1F6B44CDAE7: reply installSnapshot: s0<-s2#0:OK-t1,SUCCESS,requestIndex=1
2023-03-28 15:08:15,932 [grpc-default-executor-3] INFO  server.GrpcLogAppender (GrpcLogAppender.java:onNext(501)) - s0@group-E1F6B44CDAE7->s1-InstallSnapshotResponseHandler: received a reply s0<-s1#0:OK-t1,SUCCESS,requestIndex=3
2023-03-28 15:08:15,937 [grpc-default-executor-3] INFO  server.GrpcLogAppender (GrpcLogAppender.java:onNext(514)) - s0@group-E1F6B44CDAE7->s1-InstallSnapshotResponseHandler: Completed InstallSnapshot. Reply: serverReply {
  requestorId: "s0"
  replyId: "s1"
  raftGroupId {
    id: "\277\035\025|!\vJ\233\243\277\341\366\264L\332\347"
  }
  success: true
}
term: 1
requestIndex: 3

2023-03-28 15:08:15,937 [grpc-default-executor-3] INFO  leader.FollowerInfo (FollowerInfoImpl.java:setAttemptedToInstallSnapshot(126)) - Follower s0@group-E1F6B44CDAE7->s1 acknowledged installing snapshot
2023-03-28 15:08:15,935 [grpc-default-executor-1] TRACE util.FileUtils (LogUtils.java:runAndLog(49)) - Successfully ran Files.createDirectories /home/runner/work/ratis/ratis/ratis-test/target/test/data/d2acef73/MiniRaftClusterWithGrpc890f7586/s1/bf1d157c-210b-4a9b-a3bf-e1f6b44cdae7/tmp/snapshot-6b3aa864-8876-4be9-9466-2928bdfc5542
2023-03-28 15:08:15,937 [grpc-default-executor-1] INFO  storage.SnapshotManager (SnapshotManager.java:installSnapshot(89)) - Installing snapshot:s0->s1#0-t1,chunk:6b3aa864-8876-4be9-9466-2928bdfc5542,4, to tmp dir:/home/runner/work/ratis/ratis/ratis-test/target/test/data/d2acef73/MiniRaftClusterWithGrpc890f7586/s1/bf1d157c-210b-4a9b-a3bf-e1f6b44cdae7/tmp/snapshot-6b3aa864-8876-4be9-9466-2928bdfc5542
2023-03-28 15:08:15,937 [grpc-default-executor-1] TRACE util.FileUtils (LogUtils.java:runAndLog(49)) - Successfully ran Files.createDirectories /home/runner/work/ratis/ratis/ratis-test/target/test/data/d2acef73/MiniRaftClusterWithGrpc890f7586/s1/bf1d157c-210b-4a9b-a3bf-e1f6b44cdae7/tmp/snapshot-6b3aa864-8876-4be9-9466-2928bdfc5542/snapshot/sub
2023-03-28 15:08:15,934 [grpc-default-executor-0] INFO  server.GrpcLogAppender (GrpcLogAppender.java:onNext(501)) - s0@group-E1F6B44CDAE7->s2-InstallSnapshotResponseHandler: received a reply s0<-s2#0:OK-t1,SUCCESS,requestIndex=1
2023-03-28 15:08:15,938 [grpc-default-executor-0] INFO  server.GrpcLogAppender (GrpcLogAppender.java:onNext(514)) - s0@group-E1F6B44CDAE7->s2-InstallSnapshotResponseHandler: Completed InstallSnapshot. Reply: serverReply {
  requestorId: "s0"
  replyId: "s2"
  raftGroupId {
    id: "\277\035\025|!\vJ\233\243\277\341\366\264L\332\347"
  }
  success: true
}
term: 1
requestIndex: 1

2023-03-28 15:08:15,938 [grpc-default-executor-0] INFO  leader.FollowerInfo (FollowerInfoImpl.java:setAttemptedToInstallSnapshot(126)) - Follower s0@group-E1F6B44CDAE7->s2 acknowledged installing snapshot
2023-03-28 15:08:15,934 [grpc-default-executor-2] INFO  impl.SnapshotInstallationHandler (SnapshotInstallationHandler.java:installSnapshot(89)) - s2@group-E1F6B44CDAE7: receive installSnapshot: s0->s2#0-t1,chunk:54c3d0fc-cf77-439f-997a-3900d1610178,2
2023-03-28 15:08:15,938 [grpc-default-executor-2] TRACE util.FileUtils (LogUtils.java:runAndLog(49)) - Successfully ran Files.createDirectories /home/runner/work/ratis/ratis/ratis-test/target/test/data/d2acef73/MiniRaftClusterWithGrpc890f7586/s2/bf1d157c-210b-4a9b-a3bf-e1f6b44cdae7/tmp/snapshot-54c3d0fc-cf77-439f-997a-3900d1610178
2023-03-28 15:08:15,938 [grpc-default-executor-2] INFO  storage.SnapshotManager (SnapshotManager.java:installSnapshot(89)) - Installing snapshot:s0->s2#0-t1,chunk:54c3d0fc-cf77-439f-997a-3900d1610178,2, to tmp dir:/home/runner/work/ratis/ratis/ratis-test/target/test/data/d2acef73/MiniRaftClusterWithGrpc890f7586/s2/bf1d157c-210b-4a9b-a3bf-e1f6b44cdae7/tmp/snapshot-54c3d0fc-cf77-439f-997a-3900d1610178
2023-03-28 15:08:15,939 [grpc-default-executor-2] TRACE util.FileUtils (LogUtils.java:runAndLog(49)) - Successfully ran Files.createDirectories /home/runner/work/ratis/ratis/ratis-test/target/test/data/d2acef73/MiniRaftClusterWithGrpc890f7586/s2/bf1d157c-210b-4a9b-a3bf-e1f6b44cdae7/tmp/snapshot-54c3d0fc-cf77-439f-997a-3900d1610178/snapshot/sub
2023-03-28 15:08:15,939 [grpc-default-executor-2] INFO  impl.SnapshotInstallationHandler (SnapshotInstallationHandler.java:installSnapshot(100)) - s2@group-E1F6B44CDAE7: reply installSnapshot: s0<-s2#0:OK-t1,SUCCESS,requestIndex=2
2023-03-28 15:08:15,940 [grpc-default-executor-2] INFO  impl.SnapshotInstallationHandler (SnapshotInstallationHandler.java:installSnapshot(89)) - s2@group-E1F6B44CDAE7: receive installSnapshot: s0->s2#0-t1,chunk:54c3d0fc-cf77-439f-997a-3900d1610178,3
2023-03-28 15:08:15,940 [grpc-default-executor-2] TRACE util.FileUtils (LogUtils.java:runAndLog(49)) - Successfully ran Files.createDirectories /home/runner/work/ratis/ratis/ratis-test/target/test/data/d2acef73/MiniRaftClusterWithGrpc890f7586/s2/bf1d157c-210b-4a9b-a3bf-e1f6b44cdae7/tmp/snapshot-54c3d0fc-cf77-439f-997a-3900d1610178
2023-03-28 15:08:15,940 [grpc-default-executor-2] INFO  storage.SnapshotManager (SnapshotManager.java:installSnapshot(89)) - Installing snapshot:s0->s2#0-t1,chunk:54c3d0fc-cf77-439f-997a-3900d1610178,3, to tmp dir:/home/runner/work/ratis/ratis/ratis-test/target/test/data/d2acef73/MiniRaftClusterWithGrpc890f7586/s2/bf1d157c-210b-4a9b-a3bf-e1f6b44cdae7/tmp/snapshot-54c3d0fc-cf77-439f-997a-3900d1610178
2023-03-28 15:08:15,940 [grpc-default-executor-2] TRACE util.FileUtils (LogUtils.java:runAndLog(49)) - Successfully ran Files.createDirectories /home/runner/work/ratis/ratis/ratis-test/target/test/data/d2acef73/MiniRaftClusterWithGrpc890f7586/s2/bf1d157c-210b-4a9b-a3bf-e1f6b44cdae7/tmp/snapshot-54c3d0fc-cf77-439f-997a-3900d1610178/snapshot/sub
2023-03-28 15:08:15,940 [grpc-default-executor-2] INFO  impl.SnapshotInstallationHandler (SnapshotInstallationHandler.java:installSnapshot(100)) - s2@group-E1F6B44CDAE7: reply installSnapshot: s0<-s2#0:OK-t1,SUCCESS,requestIndex=3
2023-03-28 15:08:15,941 [grpc-default-executor-0] INFO  server.GrpcLogAppender (GrpcLogAppender.java:onNext(501)) - s0@group-E1F6B44CDAE7->s2-InstallSnapshotResponseHandler: received a reply s0<-s2#0:OK-t1,SUCCESS,requestIndex=2
2023-03-28 15:08:15,941 [grpc-default-executor-0] INFO  server.GrpcLogAppender (GrpcLogAppender.java:onNext(514)) - s0@group-E1F6B44CDAE7->s2-InstallSnapshotResponseHandler: Completed InstallSnapshot. Reply: serverReply {
  requestorId: "s0"
  replyId: "s2"
  raftGroupId {
    id: "\277\035\025|!\vJ\233\243\277\341\366\264L\332\347"
  }
  success: true
}
term: 1
requestIndex: 2

2023-03-28 15:08:15,941 [grpc-default-executor-0] INFO  leader.FollowerInfo (FollowerInfoImpl.java:setAttemptedToInstallSnapshot(126)) - Follower s0@group-E1F6B44CDAE7->s2 acknowledged installing snapshot
2023-03-28 15:08:15,942 [grpc-default-executor-0] INFO  server.GrpcLogAppender (GrpcLogAppender.java:onNext(501)) - s0@group-E1F6B44CDAE7->s2-InstallSnapshotResponseHandler: received a reply s0<-s2#0:OK-t1,SUCCESS,requestIndex=3
2023-03-28 15:08:15,943 [grpc-default-executor-0] INFO  server.GrpcLogAppender (GrpcLogAppender.java:onNext(514)) - s0@group-E1F6B44CDAE7->s2-InstallSnapshotResponseHandler: Completed InstallSnapshot. Reply: serverReply {
  requestorId: "s0"
  replyId: "s2"
  raftGroupId {
    id: "\277\035\025|!\vJ\233\243\277\341\366\264L\332\347"
  }
  success: true
}
term: 1
requestIndex: 3

2023-03-28 15:08:15,943 [grpc-default-executor-0] INFO  leader.FollowerInfo (FollowerInfoImpl.java:setAttemptedToInstallSnapshot(126)) - Follower s0@group-E1F6B44CDAE7->s2 acknowledged installing snapshot
2023-03-28 15:08:15,943 [grpc-default-executor-2] INFO  impl.SnapshotInstallationHandler (SnapshotInstallationHandler.java:installSnapshot(89)) - s2@group-E1F6B44CDAE7: receive installSnapshot: s0->s2#0-t1,chunk:54c3d0fc-cf77-439f-997a-3900d1610178,4
2023-03-28 15:08:15,943 [grpc-default-executor-2] TRACE util.FileUtils (LogUtils.java:runAndLog(49)) - Successfully ran Files.createDirectories /home/runner/work/ratis/ratis/ratis-test/target/test/data/d2acef73/MiniRaftClusterWithGrpc890f7586/s2/bf1d157c-210b-4a9b-a3bf-e1f6b44cdae7/tmp/snapshot-54c3d0fc-cf77-439f-997a-3900d1610178
2023-03-28 15:08:15,943 [grpc-default-executor-2] INFO  storage.SnapshotManager (SnapshotManager.java:installSnapshot(89)) - Installing snapshot:s0->s2#0-t1,chunk:54c3d0fc-cf77-439f-997a-3900d1610178,4, to tmp dir:/home/runner/work/ratis/ratis/ratis-test/target/test/data/d2acef73/MiniRaftClusterWithGrpc890f7586/s2/bf1d157c-210b-4a9b-a3bf-e1f6b44cdae7/tmp/snapshot-54c3d0fc-cf77-439f-997a-3900d1610178
2023-03-28 15:08:15,944 [grpc-default-executor-2] TRACE util.FileUtils (LogUtils.java:runAndLog(49)) - Successfully ran Files.createDirectories /home/runner/work/ratis/ratis/ratis-test/target/test/data/d2acef73/MiniRaftClusterWithGrpc890f7586/s2/bf1d157c-210b-4a9b-a3bf-e1f6b44cdae7/tmp/snapshot-54c3d0fc-cf77-439f-997a-3900d1610178/snapshot/sub
2023-03-28 15:08:15,945 [grpc-default-executor-1] INFO  impl.SnapshotInstallationHandler (SnapshotInstallationHandler.java:installSnapshot(100)) - s1@group-E1F6B44CDAE7: reply installSnapshot: s0<-s1#0:OK-t1,SUCCESS,requestIndex=4
2023-03-28 15:08:15,946 [grpc-default-executor-1] INFO  impl.SnapshotInstallationHandler (SnapshotInstallationHandler.java:installSnapshot(89)) - s1@group-E1F6B44CDAE7: receive installSnapshot: s0->s1#0-t1,chunk:6b3aa864-8876-4be9-9466-2928bdfc5542,5
2023-03-28 15:08:15,946 [grpc-default-executor-1] TRACE util.FileUtils (LogUtils.java:runAndLog(49)) - Successfully ran Files.createDirectories /home/runner/work/ratis/ratis/ratis-test/target/test/data/d2acef73/MiniRaftClusterWithGrpc890f7586/s1/bf1d157c-210b-4a9b-a3bf-e1f6b44cdae7/tmp/snapshot-6b3aa864-8876-4be9-9466-2928bdfc5542
2023-03-28 15:08:15,946 [grpc-default-executor-1] INFO  storage.SnapshotManager (SnapshotManager.java:installSnapshot(89)) - Installing snapshot:s0->s1#0-t1,chunk:6b3aa864-8876-4be9-9466-2928bdfc5542,5, to tmp dir:/home/runner/work/ratis/ratis/ratis-test/target/test/data/d2acef73/MiniRaftClusterWithGrpc890f7586/s1/bf1d157c-210b-4a9b-a3bf-e1f6b44cdae7/tmp/snapshot-6b3aa864-8876-4be9-9466-2928bdfc5542
2023-03-28 15:08:15,946 [grpc-default-executor-1] TRACE util.FileUtils (LogUtils.java:runAndLog(49)) - Successfully ran Files.createDirectories /home/runner/work/ratis/ratis/ratis-test/target/test/data/d2acef73/MiniRaftClusterWithGrpc890f7586/s1/bf1d157c-210b-4a9b-a3bf-e1f6b44cdae7/tmp/snapshot-6b3aa864-8876-4be9-9466-2928bdfc5542
2023-03-28 15:08:15,947 [grpc-default-executor-1] INFO  impl.SnapshotInstallationHandler (SnapshotInstallationHandler.java:installSnapshot(100)) - s1@group-E1F6B44CDAE7: reply installSnapshot: s0<-s1#0:OK-t1,SUCCESS,requestIndex=5
2023-03-28 15:08:15,947 [grpc-default-executor-3] INFO  server.GrpcLogAppender (GrpcLogAppender.java:onNext(501)) - s0@group-E1F6B44CDAE7->s1-InstallSnapshotResponseHandler: received a reply s0<-s1#0:OK-t1,SUCCESS,requestIndex=4
2023-03-28 15:08:15,948 [grpc-default-executor-3] INFO  server.GrpcLogAppender (GrpcLogAppender.java:onNext(514)) - s0@group-E1F6B44CDAE7->s1-InstallSnapshotResponseHandler: Completed InstallSnapshot. Reply: serverReply {
  requestorId: "s0"
  replyId: "s1"
  raftGroupId {
    id: "\277\035\025|!\vJ\233\243\277\341\366\264L\332\347"
  }
  success: true
}
term: 1
requestIndex: 4

2023-03-28 15:08:15,948 [grpc-default-executor-3] INFO  leader.FollowerInfo (FollowerInfoImpl.java:setAttemptedToInstallSnapshot(126)) - Follower s0@group-E1F6B44CDAE7->s1 acknowledged installing snapshot
2023-03-28 15:08:15,948 [grpc-default-executor-1] INFO  impl.SnapshotInstallationHandler (SnapshotInstallationHandler.java:installSnapshot(89)) - s1@group-E1F6B44CDAE7: receive installSnapshot: s0->s1#0-t1,chunk:6b3aa864-8876-4be9-9466-2928bdfc5542,6
2023-03-28 15:08:15,949 [grpc-default-executor-1] TRACE util.FileUtils (LogUtils.java:runAndLog(49)) - Successfully ran Files.createDirectories /home/runner/work/ratis/ratis/ratis-test/target/test/data/d2acef73/MiniRaftClusterWithGrpc890f7586/s1/bf1d157c-210b-4a9b-a3bf-e1f6b44cdae7/tmp/snapshot-6b3aa864-8876-4be9-9466-2928bdfc5542
2023-03-28 15:08:15,949 [grpc-default-executor-1] INFO  storage.SnapshotManager (SnapshotManager.java:installSnapshot(89)) - Installing snapshot:s0->s1#0-t1,chunk:6b3aa864-8876-4be9-9466-2928bdfc5542,6, to tmp dir:/home/runner/work/ratis/ratis/ratis-test/target/test/data/d2acef73/MiniRaftClusterWithGrpc890f7586/s1/bf1d157c-210b-4a9b-a3bf-e1f6b44cdae7/tmp/snapshot-6b3aa864-8876-4be9-9466-2928bdfc5542
2023-03-28 15:08:15,949 [grpc-default-executor-1] TRACE util.FileUtils (LogUtils.java:runAndLog(49)) - Successfully ran Files.createDirectories /home/runner/work/ratis/ratis/ratis-test/target/test/data/d2acef73/MiniRaftClusterWithGrpc890f7586/s1/bf1d157c-210b-4a9b-a3bf-e1f6b44cdae7/tmp/snapshot-6b3aa864-8876-4be9-9466-2928bdfc5542
2023-03-28 15:08:15,949 [grpc-default-executor-1] INFO  impl.SnapshotInstallationHandler (SnapshotInstallationHandler.java:installSnapshot(100)) - s1@group-E1F6B44CDAE7: reply installSnapshot: s0<-s1#0:OK-t1,SUCCESS,requestIndex=6
2023-03-28 15:08:15,952 [grpc-default-executor-3] INFO  server.GrpcLogAppender (GrpcLogAppender.java:onNext(501)) - s0@group-E1F6B44CDAE7->s1-InstallSnapshotResponseHandler: received a reply s0<-s1#0:OK-t1,SUCCESS,requestIndex=5
2023-03-28 15:08:15,952 [grpc-default-executor-2] INFO  impl.SnapshotInstallationHandler (SnapshotInstallationHandler.java:installSnapshot(100)) - s2@group-E1F6B44CDAE7: reply installSnapshot: s0<-s2#0:OK-t1,SUCCESS,requestIndex=4
2023-03-28 15:08:15,952 [grpc-default-executor-3] INFO  server.GrpcLogAppender (GrpcLogAppender.java:onNext(514)) - s0@group-E1F6B44CDAE7->s1-InstallSnapshotResponseHandler: Completed InstallSnapshot. Reply: serverReply {
  requestorId: "s0"
  replyId: "s1"
  raftGroupId {
    id: "\277\035\025|!\vJ\233\243\277\341\366\264L\332\347"
  }
  success: true
}
term: 1
requestIndex: 5

2023-03-28 15:08:15,953 [grpc-default-executor-3] INFO  leader.FollowerInfo (FollowerInfoImpl.java:setAttemptedToInstallSnapshot(126)) - Follower s0@group-E1F6B44CDAE7->s1 acknowledged installing snapshot
2023-03-28 15:08:15,953 [grpc-default-executor-1] INFO  impl.SnapshotInstallationHandler (SnapshotInstallationHandler.java:installSnapshot(89)) - s1@group-E1F6B44CDAE7: receive installSnapshot: s0->s1#0-t1,chunk:6b3aa864-8876-4be9-9466-2928bdfc5542,7
2023-03-28 15:08:15,952 [grpc-default-executor-0] INFO  server.GrpcLogAppender (GrpcLogAppender.java:onNext(501)) - s0@group-E1F6B44CDAE7->s2-InstallSnapshotResponseHandler: received a reply s0<-s2#0:OK-t1,SUCCESS,requestIndex=4
2023-03-28 15:08:15,952 [grpc-default-executor-2] INFO  impl.SnapshotInstallationHandler (SnapshotInstallationHandler.java:installSnapshot(89)) - s2@group-E1F6B44CDAE7: receive installSnapshot: s0->s2#0-t1,chunk:54c3d0fc-cf77-439f-997a-3900d1610178,5
2023-03-28 15:08:15,954 [grpc-default-executor-0] INFO  server.GrpcLogAppender (GrpcLogAppender.java:onNext(514)) - s0@group-E1F6B44CDAE7->s2-InstallSnapshotResponseHandler: Completed InstallSnapshot. Reply: serverReply {
  requestorId: "s0"
  replyId: "s2"
  raftGroupId {
    id: "\277\035\025|!\vJ\233\243\277\341\366\264L\332\347"
  }
  success: true
}
term: 1
requestIndex: 4

2023-03-28 15:08:15,954 [grpc-default-executor-0] INFO  leader.FollowerInfo (FollowerInfoImpl.java:setAttemptedToInstallSnapshot(126)) - Follower s0@group-E1F6B44CDAE7->s2 acknowledged installing snapshot
2023-03-28 15:08:15,954 [grpc-default-executor-2] TRACE util.FileUtils (LogUtils.java:runAndLog(49)) - Successfully ran Files.createDirectories /home/runner/work/ratis/ratis/ratis-test/target/test/data/d2acef73/MiniRaftClusterWithGrpc890f7586/s2/bf1d157c-210b-4a9b-a3bf-e1f6b44cdae7/tmp/snapshot-54c3d0fc-cf77-439f-997a-3900d1610178
2023-03-28 15:08:15,954 [grpc-default-executor-2] INFO  storage.SnapshotManager (SnapshotManager.java:installSnapshot(89)) - Installing snapshot:s0->s2#0-t1,chunk:54c3d0fc-cf77-439f-997a-3900d1610178,5, to tmp dir:/home/runner/work/ratis/ratis/ratis-test/target/test/data/d2acef73/MiniRaftClusterWithGrpc890f7586/s2/bf1d157c-210b-4a9b-a3bf-e1f6b44cdae7/tmp/snapshot-54c3d0fc-cf77-439f-997a-3900d1610178
2023-03-28 15:08:15,954 [grpc-default-executor-3] INFO  server.GrpcLogAppender (GrpcLogAppender.java:onNext(501)) - s0@group-E1F6B44CDAE7->s1-InstallSnapshotResponseHandler: received a reply s0<-s1#0:OK-t1,SUCCESS,requestIndex=6
2023-03-28 15:08:15,954 [grpc-default-executor-2] TRACE util.FileUtils (LogUtils.java:runAndLog(49)) - Successfully ran Files.createDirectories /home/runner/work/ratis/ratis/ratis-test/target/test/data/d2acef73/MiniRaftClusterWithGrpc890f7586/s2/bf1d157c-210b-4a9b-a3bf-e1f6b44cdae7/tmp/snapshot-54c3d0fc-cf77-439f-997a-3900d1610178
2023-03-28 15:08:15,954 [grpc-default-executor-3] INFO  server.GrpcLogAppender (GrpcLogAppender.java:onNext(514)) - s0@group-E1F6B44CDAE7->s1-InstallSnapshotResponseHandler: Completed InstallSnapshot. Reply: serverReply {
  requestorId: "s0"
  replyId: "s1"
  raftGroupId {
    id: "\277\035\025|!\vJ\233\243\277\341\366\264L\332\347"
  }
  success: true
}
term: 1
requestIndex: 6

2023-03-28 15:08:15,954 [grpc-default-executor-3] INFO  leader.FollowerInfo (FollowerInfoImpl.java:setAttemptedToInstallSnapshot(126)) - Follower s0@group-E1F6B44CDAE7->s1 acknowledged installing snapshot
2023-03-28 15:08:15,954 [grpc-default-executor-1] TRACE util.FileUtils (LogUtils.java:runAndLog(49)) - Successfully ran Files.createDirectories /home/runner/work/ratis/ratis/ratis-test/target/test/data/d2acef73/MiniRaftClusterWithGrpc890f7586/s1/bf1d157c-210b-4a9b-a3bf-e1f6b44cdae7/tmp/snapshot-6b3aa864-8876-4be9-9466-2928bdfc5542
2023-03-28 15:08:15,954 [grpc-default-executor-2] INFO  impl.SnapshotInstallationHandler (SnapshotInstallationHandler.java:installSnapshot(100)) - s2@group-E1F6B44CDAE7: reply installSnapshot: s0<-s2#0:OK-t1,SUCCESS,requestIndex=5
2023-03-28 15:08:15,954 [grpc-default-executor-1] INFO  storage.SnapshotManager (SnapshotManager.java:installSnapshot(89)) - Installing snapshot:s0->s1#0-t1,chunk:6b3aa864-8876-4be9-9466-2928bdfc5542,7, to tmp dir:/home/runner/work/ratis/ratis/ratis-test/target/test/data/d2acef73/MiniRaftClusterWithGrpc890f7586/s1/bf1d157c-210b-4a9b-a3bf-e1f6b44cdae7/tmp/snapshot-6b3aa864-8876-4be9-9466-2928bdfc5542
2023-03-28 15:08:15,955 [grpc-default-executor-2] INFO  impl.SnapshotInstallationHandler (SnapshotInstallationHandler.java:installSnapshot(89)) - s2@group-E1F6B44CDAE7: receive installSnapshot: s0->s2#0-t1,chunk:54c3d0fc-cf77-439f-997a-3900d1610178,6
2023-03-28 15:08:15,955 [grpc-default-executor-0] INFO  server.GrpcLogAppender (GrpcLogAppender.java:onNext(501)) - s0@group-E1F6B44CDAE7->s2-InstallSnapshotResponseHandler: received a reply s0<-s2#0:OK-t1,SUCCESS,requestIndex=5
2023-03-28 15:08:15,955 [grpc-default-executor-2] TRACE util.FileUtils (LogUtils.java:runAndLog(49)) - Successfully ran Files.createDirectories /home/runner/work/ratis/ratis/ratis-test/target/test/data/d2acef73/MiniRaftClusterWithGrpc890f7586/s2/bf1d157c-210b-4a9b-a3bf-e1f6b44cdae7/tmp/snapshot-54c3d0fc-cf77-439f-997a-3900d1610178
2023-03-28 15:08:15,955 [grpc-default-executor-2] INFO  storage.SnapshotManager (SnapshotManager.java:installSnapshot(89)) - Installing snapshot:s0->s2#0-t1,chunk:54c3d0fc-cf77-439f-997a-3900d1610178,6, to tmp dir:/home/runner/work/ratis/ratis/ratis-test/target/test/data/d2acef73/MiniRaftClusterWithGrpc890f7586/s2/bf1d157c-210b-4a9b-a3bf-e1f6b44cdae7/tmp/snapshot-54c3d0fc-cf77-439f-997a-3900d1610178
2023-03-28 15:08:15,955 [grpc-default-executor-0] INFO  server.GrpcLogAppender (GrpcLogAppender.java:onNext(514)) - s0@group-E1F6B44CDAE7->s2-InstallSnapshotResponseHandler: Completed InstallSnapshot. Reply: serverReply {
  requestorId: "s0"
  replyId: "s2"
  raftGroupId {
    id: "\277\035\025|!\vJ\233\243\277\341\366\264L\332\347"
  }
  success: true
}
term: 1
requestIndex: 5

2023-03-28 15:08:15,955 [grpc-default-executor-0] INFO  leader.FollowerInfo (FollowerInfoImpl.java:setAttemptedToInstallSnapshot(126)) - Follower s0@group-E1F6B44CDAE7->s2 acknowledged installing snapshot
2023-03-28 15:08:15,955 [grpc-default-executor-2] TRACE util.FileUtils (LogUtils.java:runAndLog(49)) - Successfully ran Files.createDirectories /home/runner/work/ratis/ratis/ratis-test/target/test/data/d2acef73/MiniRaftClusterWithGrpc890f7586/s2/bf1d157c-210b-4a9b-a3bf-e1f6b44cdae7/tmp/snapshot-54c3d0fc-cf77-439f-997a-3900d1610178
2023-03-28 15:08:15,955 [grpc-default-executor-1] TRACE util.FileUtils (LogUtils.java:runAndLog(49)) - Successfully ran Files.createDirectories /home/runner/work/ratis/ratis/ratis-test/target/test/data/d2acef73/MiniRaftClusterWithGrpc890f7586/s1/bf1d157c-210b-4a9b-a3bf-e1f6b44cdae7/tmp/snapshot-6b3aa864-8876-4be9-9466-2928bdfc5542
2023-03-28 15:08:15,955 [grpc-default-executor-2] INFO  impl.SnapshotInstallationHandler (SnapshotInstallationHandler.java:installSnapshot(100)) - s2@group-E1F6B44CDAE7: reply installSnapshot: s0<-s2#0:OK-t1,SUCCESS,requestIndex=6
2023-03-28 15:08:15,956 [grpc-default-executor-2] INFO  impl.SnapshotInstallationHandler (SnapshotInstallationHandler.java:installSnapshot(89)) - s2@group-E1F6B44CDAE7: receive installSnapshot: s0->s2#0-t1,chunk:54c3d0fc-cf77-439f-997a-3900d1610178,7
2023-03-28 15:08:15,956 [grpc-default-executor-3] INFO  server.GrpcLogAppender (GrpcLogAppender.java:onNext(501)) - s0@group-E1F6B44CDAE7->s2-InstallSnapshotResponseHandler: received a reply s0<-s2#0:OK-t1,SUCCESS,requestIndex=6
2023-03-28 15:08:15,956 [grpc-default-executor-2] TRACE util.FileUtils (LogUtils.java:runAndLog(49)) - Successfully ran Files.createDirectories /home/runner/work/ratis/ratis/ratis-test/target/test/data/d2acef73/MiniRaftClusterWithGrpc890f7586/s2/bf1d157c-210b-4a9b-a3bf-e1f6b44cdae7/tmp/snapshot-54c3d0fc-cf77-439f-997a-3900d1610178
2023-03-28 15:08:15,956 [grpc-default-executor-2] INFO  storage.SnapshotManager (SnapshotManager.java:installSnapshot(89)) - Installing snapshot:s0->s2#0-t1,chunk:54c3d0fc-cf77-439f-997a-3900d1610178,7, to tmp dir:/home/runner/work/ratis/ratis/ratis-test/target/test/data/d2acef73/MiniRaftClusterWithGrpc890f7586/s2/bf1d157c-210b-4a9b-a3bf-e1f6b44cdae7/tmp/snapshot-54c3d0fc-cf77-439f-997a-3900d1610178
2023-03-28 15:08:15,956 [grpc-default-executor-3] INFO  server.GrpcLogAppender (GrpcLogAppender.java:onNext(514)) - s0@group-E1F6B44CDAE7->s2-InstallSnapshotResponseHandler: Completed InstallSnapshot. Reply: serverReply {
  requestorId: "s0"
  replyId: "s2"
  raftGroupId {
    id: "\277\035\025|!\vJ\233\243\277\341\366\264L\332\347"
  }
  success: true
}
term: 1
requestIndex: 6

2023-03-28 15:08:15,956 [grpc-default-executor-3] INFO  leader.FollowerInfo (FollowerInfoImpl.java:setAttemptedToInstallSnapshot(126)) - Follower s0@group-E1F6B44CDAE7->s2 acknowledged installing snapshot
2023-03-28 15:08:15,956 [grpc-default-executor-2] TRACE util.FileUtils (LogUtils.java:runAndLog(49)) - Successfully ran Files.createDirectories /home/runner/work/ratis/ratis/ratis-test/target/test/data/d2acef73/MiniRaftClusterWithGrpc890f7586/s2/bf1d157c-210b-4a9b-a3bf-e1f6b44cdae7/tmp/snapshot-54c3d0fc-cf77-439f-997a-3900d1610178
2023-03-28 15:08:15,956 [grpc-default-executor-1] INFO  impl.SnapshotInstallationHandler (SnapshotInstallationHandler.java:installSnapshot(100)) - s1@group-E1F6B44CDAE7: reply installSnapshot: s0<-s1#0:OK-t1,SUCCESS,requestIndex=7
2023-03-28 15:08:15,956 [grpc-default-executor-2] INFO  impl.SnapshotInstallationHandler (SnapshotInstallationHandler.java:installSnapshot(100)) - s2@group-E1F6B44CDAE7: reply installSnapshot: s0<-s2#0:OK-t1,SUCCESS,requestIndex=7
2023-03-28 15:08:15,957 [grpc-default-executor-2] INFO  server.GrpcLogAppender (GrpcLogAppender.java:onNext(501)) - s0@group-E1F6B44CDAE7->s1-InstallSnapshotResponseHandler: received a reply s0<-s1#0:OK-t1,SUCCESS,requestIndex=7
2023-03-28 15:08:15,957 [grpc-default-executor-2] INFO  server.GrpcLogAppender (GrpcLogAppender.java:onNext(514)) - s0@group-E1F6B44CDAE7->s1-InstallSnapshotResponseHandler: Completed InstallSnapshot. Reply: serverReply {
  requestorId: "s0"
  replyId: "s1"
  raftGroupId {
    id: "\277\035\025|!\vJ\233\243\277\341\366\264L\332\347"
  }
  success: true
}
term: 1
requestIndex: 7

2023-03-28 15:08:15,957 [grpc-default-executor-2] INFO  leader.FollowerInfo (FollowerInfoImpl.java:setAttemptedToInstallSnapshot(126)) - Follower s0@group-E1F6B44CDAE7->s1 acknowledged installing snapshot
2023-03-28 15:08:15,957 [grpc-default-executor-0] INFO  impl.SnapshotInstallationHandler (SnapshotInstallationHandler.java:installSnapshot(89)) - s2@group-E1F6B44CDAE7: receive installSnapshot: s0->s2#0-t1,chunk:54c3d0fc-cf77-439f-997a-3900d1610178,8
2023-03-28 15:08:15,957 [grpc-default-executor-0] TRACE util.FileUtils (LogUtils.java:runAndLog(49)) - Successfully ran Files.createDirectories /home/runner/work/ratis/ratis/ratis-test/target/test/data/d2acef73/MiniRaftClusterWithGrpc890f7586/s2/bf1d157c-210b-4a9b-a3bf-e1f6b44cdae7/tmp/snapshot-54c3d0fc-cf77-439f-997a-3900d1610178
2023-03-28 15:08:15,957 [grpc-default-executor-0] INFO  storage.SnapshotManager (SnapshotManager.java:installSnapshot(89)) - Installing snapshot:s0->s2#0-t1,chunk:54c3d0fc-cf77-439f-997a-3900d1610178,8, to tmp dir:/home/runner/work/ratis/ratis/ratis-test/target/test/data/d2acef73/MiniRaftClusterWithGrpc890f7586/s2/bf1d157c-210b-4a9b-a3bf-e1f6b44cdae7/tmp/snapshot-54c3d0fc-cf77-439f-997a-3900d1610178
2023-03-28 15:08:15,957 [grpc-default-executor-0] TRACE util.FileUtils (LogUtils.java:runAndLog(49)) - Successfully ran Files.createDirectories /home/runner/work/ratis/ratis/ratis-test/target/test/data/d2acef73/MiniRaftClusterWithGrpc890f7586/s2/bf1d157c-210b-4a9b-a3bf-e1f6b44cdae7/tmp/snapshot-54c3d0fc-cf77-439f-997a-3900d1610178
2023-03-28 15:08:15,958 [grpc-default-executor-0] INFO  impl.SnapshotInstallationHandler (SnapshotInstallationHandler.java:installSnapshot(100)) - s2@group-E1F6B44CDAE7: reply installSnapshot: s0<-s2#0:OK-t1,SUCCESS,requestIndex=8
2023-03-28 15:08:15,958 [grpc-default-executor-0] INFO  impl.SnapshotInstallationHandler (SnapshotInstallationHandler.java:installSnapshot(89)) - s2@group-E1F6B44CDAE7: receive installSnapshot: s0->s2#0-t1,chunk:54c3d0fc-cf77-439f-997a-3900d1610178,9
2023-03-28 15:08:15,958 [grpc-default-executor-0] TRACE util.FileUtils (LogUtils.java:runAndLog(49)) - Successfully ran Files.createDirectories /home/runner/work/ratis/ratis/ratis-test/target/test/data/d2acef73/MiniRaftClusterWithGrpc890f7586/s2/bf1d157c-210b-4a9b-a3bf-e1f6b44cdae7/tmp/snapshot-54c3d0fc-cf77-439f-997a-3900d1610178
2023-03-28 15:08:15,958 [grpc-default-executor-0] INFO  storage.SnapshotManager (SnapshotManager.java:installSnapshot(89)) - Installing snapshot:s0->s2#0-t1,chunk:54c3d0fc-cf77-439f-997a-3900d1610178,9, to tmp dir:/home/runner/work/ratis/ratis/ratis-test/target/test/data/d2acef73/MiniRaftClusterWithGrpc890f7586/s2/bf1d157c-210b-4a9b-a3bf-e1f6b44cdae7/tmp/snapshot-54c3d0fc-cf77-439f-997a-3900d1610178
2023-03-28 15:08:15,959 [grpc-default-executor-0] TRACE util.FileUtils (LogUtils.java:runAndLog(49)) - Successfully ran Files.createDirectories /home/runner/work/ratis/ratis/ratis-test/target/test/data/d2acef73/MiniRaftClusterWithGrpc890f7586/s2/bf1d157c-210b-4a9b-a3bf-e1f6b44cdae7/tmp/snapshot-54c3d0fc-cf77-439f-997a-3900d1610178
2023-03-28 15:08:15,959 [grpc-default-executor-0] INFO  impl.SnapshotInstallationHandler (SnapshotInstallationHandler.java:installSnapshot(100)) - s2@group-E1F6B44CDAE7: reply installSnapshot: s0<-s2#0:OK-t1,SUCCESS,requestIndex=9
2023-03-28 15:08:15,959 [grpc-default-executor-0] INFO  impl.SnapshotInstallationHandler (SnapshotInstallationHandler.java:installSnapshot(89)) - s2@group-E1F6B44CDAE7: receive installSnapshot: s0->s2#0-t1,chunk:54c3d0fc-cf77-439f-997a-3900d1610178,10
2023-03-28 15:08:15,959 [grpc-default-executor-0] TRACE util.FileUtils (LogUtils.java:runAndLog(49)) - Successfully ran Files.createDirectories /home/runner/work/ratis/ratis/ratis-test/target/test/data/d2acef73/MiniRaftClusterWithGrpc890f7586/s2/bf1d157c-210b-4a9b-a3bf-e1f6b44cdae7/tmp/snapshot-54c3d0fc-cf77-439f-997a-3900d1610178
2023-03-28 15:08:15,959 [grpc-default-executor-0] INFO  storage.SnapshotManager (SnapshotManager.java:installSnapshot(89)) - Installing snapshot:s0->s2#0-t1,chunk:54c3d0fc-cf77-439f-997a-3900d1610178,10, to tmp dir:/home/runner/work/ratis/ratis/ratis-test/target/test/data/d2acef73/MiniRaftClusterWithGrpc890f7586/s2/bf1d157c-210b-4a9b-a3bf-e1f6b44cdae7/tmp/snapshot-54c3d0fc-cf77-439f-997a-3900d1610178
2023-03-28 15:08:15,960 [grpc-default-executor-0] TRACE util.FileUtils (LogUtils.java:runAndLog(49)) - Successfully ran Files.createDirectories /home/runner/work/ratis/ratis/ratis-test/target/test/data/d2acef73/MiniRaftClusterWithGrpc890f7586/s2/bf1d157c-210b-4a9b-a3bf-e1f6b44cdae7/tmp/snapshot-54c3d0fc-cf77-439f-997a-3900d1610178
2023-03-28 15:08:15,960 [grpc-default-executor-3] INFO  server.GrpcLogAppender (GrpcLogAppender.java:onNext(501)) - s0@group-E1F6B44CDAE7->s2-InstallSnapshotResponseHandler: received a reply s0<-s2#0:OK-t1,SUCCESS,requestIndex=7
2023-03-28 15:08:15,961 [grpc-default-executor-1] INFO  impl.SnapshotInstallationHandler (SnapshotInstallationHandler.java:installSnapshot(89)) - s1@group-E1F6B44CDAE7: receive installSnapshot: s0->s1#0-t1,chunk:6b3aa864-8876-4be9-9466-2928bdfc5542,8
2023-03-28 15:08:15,962 [grpc-default-executor-1] TRACE util.FileUtils (LogUtils.java:runAndLog(49)) - Successfully ran Files.createDirectories /home/runner/work/ratis/ratis/ratis-test/target/test/data/d2acef73/MiniRaftClusterWithGrpc890f7586/s1/bf1d157c-210b-4a9b-a3bf-e1f6b44cdae7/tmp/snapshot-6b3aa864-8876-4be9-9466-2928bdfc5542
2023-03-28 15:08:15,962 [grpc-default-executor-1] INFO  storage.SnapshotManager (SnapshotManager.java:installSnapshot(89)) - Installing snapshot:s0->s1#0-t1,chunk:6b3aa864-8876-4be9-9466-2928bdfc5542,8, to tmp dir:/home/runner/work/ratis/ratis/ratis-test/target/test/data/d2acef73/MiniRaftClusterWithGrpc890f7586/s1/bf1d157c-210b-4a9b-a3bf-e1f6b44cdae7/tmp/snapshot-6b3aa864-8876-4be9-9466-2928bdfc5542
2023-03-28 15:08:15,962 [grpc-default-executor-1] TRACE util.FileUtils (LogUtils.java:runAndLog(49)) - Successfully ran Files.createDirectories /home/runner/work/ratis/ratis/ratis-test/target/test/data/d2acef73/MiniRaftClusterWithGrpc890f7586/s1/bf1d157c-210b-4a9b-a3bf-e1f6b44cdae7/tmp/snapshot-6b3aa864-8876-4be9-9466-2928bdfc5542
2023-03-28 15:08:15,962 [grpc-default-executor-1] INFO  impl.SnapshotInstallationHandler (SnapshotInstallationHandler.java:installSnapshot(100)) - s1@group-E1F6B44CDAE7: reply installSnapshot: s0<-s1#0:OK-t1,SUCCESS,requestIndex=8
2023-03-28 15:08:15,962 [grpc-default-executor-0] INFO  storage.SnapshotManager (SnapshotManager.java:rename(168)) - Installed snapshot, renaming temporary dir /home/runner/work/ratis/ratis/ratis-test/target/test/data/d2acef73/MiniRaftClusterWithGrpc890f7586/s2/bf1d157c-210b-4a9b-a3bf-e1f6b44cdae7/tmp/snapshot-54c3d0fc-cf77-439f-997a-3900d1610178 to /home/runner/work/ratis/ratis/ratis-test/target/test/data/d2acef73/MiniRaftClusterWithGrpc890f7586/s2/bf1d157c-210b-4a9b-a3bf-e1f6b44cdae7/sm
2023-03-28 15:08:15,963 [grpc-default-executor-2] INFO  server.GrpcLogAppender (GrpcLogAppender.java:onNext(501)) - s0@group-E1F6B44CDAE7->s1-InstallSnapshotResponseHandler: received a reply s0<-s1#0:OK-t1,SUCCESS,requestIndex=8
2023-03-28 15:08:15,964 [grpc-default-executor-2] INFO  server.GrpcLogAppender (GrpcLogAppender.java:onNext(514)) - s0@group-E1F6B44CDAE7->s1-InstallSnapshotResponseHandler: Completed InstallSnapshot. Reply: serverReply {
  requestorId: "s0"
  replyId: "s1"
  raftGroupId {
    id: "\277\035\025|!\vJ\233\243\277\341\366\264L\332\347"
  }
  success: true
}
term: 1
requestIndex: 8

2023-03-28 15:08:15,964 [grpc-default-executor-2] INFO  leader.FollowerInfo (FollowerInfoImpl.java:setAttemptedToInstallSnapshot(126)) - Follower s0@group-E1F6B44CDAE7->s1 acknowledged installing snapshot
2023-03-28 15:08:15,968 [grpc-default-executor-3] INFO  server.GrpcLogAppender (GrpcLogAppender.java:onNext(514)) - s0@group-E1F6B44CDAE7->s2-InstallSnapshotResponseHandler: Completed InstallSnapshot. Reply: serverReply {
  requestorId: "s0"
  replyId: "s2"
  raftGroupId {
    id: "\277\035\025|!\vJ\233\243\277\341\366\264L\332\347"
  }
  success: true
}
term: 1
requestIndex: 7

2023-03-28 15:08:15,968 [grpc-default-executor-3] INFO  leader.FollowerInfo (FollowerInfoImpl.java:setAttemptedToInstallSnapshot(126)) - Follower s0@group-E1F6B44CDAE7->s2 acknowledged installing snapshot
2023-03-28 15:08:15,968 [grpc-default-executor-1] INFO  impl.SnapshotInstallationHandler (SnapshotInstallationHandler.java:installSnapshot(89)) - s1@group-E1F6B44CDAE7: receive installSnapshot: s0->s1#0-t1,chunk:6b3aa864-8876-4be9-9466-2928bdfc5542,9
2023-03-28 15:08:15,968 [grpc-default-executor-1] TRACE util.FileUtils (LogUtils.java:runAndLog(49)) - Successfully ran Files.createDirectories /home/runner/work/ratis/ratis/ratis-test/target/test/data/d2acef73/MiniRaftClusterWithGrpc890f7586/s1/bf1d157c-210b-4a9b-a3bf-e1f6b44cdae7/tmp/snapshot-6b3aa864-8876-4be9-9466-2928bdfc5542
2023-03-28 15:08:15,968 [grpc-default-executor-1] INFO  storage.SnapshotManager (SnapshotManager.java:installSnapshot(89)) - Installing snapshot:s0->s1#0-t1,chunk:6b3aa864-8876-4be9-9466-2928bdfc5542,9, to tmp dir:/home/runner/work/ratis/ratis/ratis-test/target/test/data/d2acef73/MiniRaftClusterWithGrpc890f7586/s1/bf1d157c-210b-4a9b-a3bf-e1f6b44cdae7/tmp/snapshot-6b3aa864-8876-4be9-9466-2928bdfc5542
2023-03-28 15:08:15,969 [grpc-default-executor-3] INFO  server.GrpcLogAppender (GrpcLogAppender.java:onNext(501)) - s0@group-E1F6B44CDAE7->s2-InstallSnapshotResponseHandler: received a reply s0<-s2#0:OK-t1,SUCCESS,requestIndex=8
2023-03-28 15:08:15,969 [grpc-default-executor-3] INFO  server.GrpcLogAppender (GrpcLogAppender.java:onNext(514)) - s0@group-E1F6B44CDAE7->s2-InstallSnapshotResponseHandler: Completed InstallSnapshot. Reply: serverReply {
  requestorId: "s0"
  replyId: "s2"
  raftGroupId {
    id: "\277\035\025|!\vJ\233\243\277\341\366\264L\332\347"
  }
  success: true
}
term: 1
requestIndex: 8

2023-03-28 15:08:15,969 [grpc-default-executor-3] INFO  leader.FollowerInfo (FollowerInfoImpl.java:setAttemptedToInstallSnapshot(126)) - Follower s0@group-E1F6B44CDAE7->s2 acknowledged installing snapshot
2023-03-28 15:08:15,969 [grpc-default-executor-3] INFO  server.GrpcLogAppender (GrpcLogAppender.java:onNext(501)) - s0@group-E1F6B44CDAE7->s2-InstallSnapshotResponseHandler: received a reply s0<-s2#0:OK-t1,SUCCESS,requestIndex=9
2023-03-28 15:08:15,969 [grpc-default-executor-3] INFO  server.GrpcLogAppender (GrpcLogAppender.java:onNext(514)) - s0@group-E1F6B44CDAE7->s2-InstallSnapshotResponseHandler: Completed InstallSnapshot. Reply: serverReply {
  requestorId: "s0"
  replyId: "s2"
  raftGroupId {
    id: "\277\035\025|!\vJ\233\243\277\341\366\264L\332\347"
  }
  success: true
}
term: 1
requestIndex: 9

2023-03-28 15:08:15,969 [grpc-default-executor-3] INFO  leader.FollowerInfo (FollowerInfoImpl.java:setAttemptedToInstallSnapshot(126)) - Follower s0@group-E1F6B44CDAE7->s2 acknowledged installing snapshot
2023-03-28 15:08:15,969 [grpc-default-executor-1] TRACE util.FileUtils (LogUtils.java:runAndLog(49)) - Successfully ran Files.createDirectories /home/runner/work/ratis/ratis/ratis-test/target/test/data/d2acef73/MiniRaftClusterWithGrpc890f7586/s1/bf1d157c-210b-4a9b-a3bf-e1f6b44cdae7/tmp/snapshot-6b3aa864-8876-4be9-9466-2928bdfc5542
2023-03-28 15:08:15,970 [grpc-default-executor-1] INFO  impl.SnapshotInstallationHandler (SnapshotInstallationHandler.java:installSnapshot(100)) - s1@group-E1F6B44CDAE7: reply installSnapshot: s0<-s1#0:OK-t1,SUCCESS,requestIndex=9
2023-03-28 15:08:15,970 [grpc-default-executor-2] INFO  server.GrpcLogAppender (GrpcLogAppender.java:onNext(501)) - s0@group-E1F6B44CDAE7->s1-InstallSnapshotResponseHandler: received a reply s0<-s1#0:OK-t1,SUCCESS,requestIndex=9
2023-03-28 15:08:15,970 [grpc-default-executor-1] INFO  impl.SnapshotInstallationHandler (SnapshotInstallationHandler.java:installSnapshot(89)) - s1@group-E1F6B44CDAE7: receive installSnapshot: s0->s1#0-t1,chunk:6b3aa864-8876-4be9-9466-2928bdfc5542,10
2023-03-28 15:08:15,971 [grpc-default-executor-2] INFO  server.GrpcLogAppender (GrpcLogAppender.java:onNext(514)) - s0@group-E1F6B44CDAE7->s1-InstallSnapshotResponseHandler: Completed InstallSnapshot. Reply: serverReply {
  requestorId: "s0"
  replyId: "s1"
  raftGroupId {
    id: "\277\035\025|!\vJ\233\243\277\341\366\264L\332\347"
  }
  success: true
}
term: 1
requestIndex: 9

2023-03-28 15:08:15,971 [grpc-default-executor-2] INFO  leader.FollowerInfo (FollowerInfoImpl.java:setAttemptedToInstallSnapshot(126)) - Follower s0@group-E1F6B44CDAE7->s1 acknowledged installing snapshot
2023-03-28 15:08:15,971 [grpc-default-executor-1] TRACE util.FileUtils (LogUtils.java:runAndLog(49)) - Successfully ran Files.createDirectories /home/runner/work/ratis/ratis/ratis-test/target/test/data/d2acef73/MiniRaftClusterWithGrpc890f7586/s1/bf1d157c-210b-4a9b-a3bf-e1f6b44cdae7/tmp/snapshot-6b3aa864-8876-4be9-9466-2928bdfc5542
2023-03-28 15:08:15,971 [grpc-default-executor-1] INFO  storage.SnapshotManager (SnapshotManager.java:installSnapshot(89)) - Installing snapshot:s0->s1#0-t1,chunk:6b3aa864-8876-4be9-9466-2928bdfc5542,10, to tmp dir:/home/runner/work/ratis/ratis/ratis-test/target/test/data/d2acef73/MiniRaftClusterWithGrpc890f7586/s1/bf1d157c-210b-4a9b-a3bf-e1f6b44cdae7/tmp/snapshot-6b3aa864-8876-4be9-9466-2928bdfc5542
2023-03-28 15:08:15,971 [grpc-default-executor-1] TRACE util.FileUtils (LogUtils.java:runAndLog(49)) - Successfully ran Files.createDirectories /home/runner/work/ratis/ratis/ratis-test/target/test/data/d2acef73/MiniRaftClusterWithGrpc890f7586/s1/bf1d157c-210b-4a9b-a3bf-e1f6b44cdae7/tmp/snapshot-6b3aa864-8876-4be9-9466-2928bdfc5542
2023-03-28 15:08:15,972 [grpc-default-executor-1] INFO  storage.SnapshotManager (SnapshotManager.java:rename(168)) - Installed snapshot, renaming temporary dir /home/runner/work/ratis/ratis/ratis-test/target/test/data/d2acef73/MiniRaftClusterWithGrpc890f7586/s1/bf1d157c-210b-4a9b-a3bf-e1f6b44cdae7/tmp/snapshot-6b3aa864-8876-4be9-9466-2928bdfc5542 to /home/runner/work/ratis/ratis/ratis-test/target/test/data/d2acef73/MiniRaftClusterWithGrpc890f7586/s1/bf1d157c-210b-4a9b-a3bf-e1f6b44cdae7/sm
2023-03-28 15:08:15,974 [grpc-default-executor-1] TRACE util.FileUtils (LogUtils.java:runAndLog(49)) - Successfully ran Atomic Files.move /home/runner/work/ratis/ratis/ratis-test/target/test/data/d2acef73/MiniRaftClusterWithGrpc890f7586/s1/bf1d157c-210b-4a9b-a3bf-e1f6b44cdae7/sm to /home/runner/work/ratis/ratis/ratis-test/target/test/data/d2acef73/MiniRaftClusterWithGrpc890f7586/s1/bf1d157c-210b-4a9b-a3bf-e1f6b44cdae7/sm.tmp20230328-150815_972
2023-03-28 15:08:15,974 [grpc-default-executor-1] TRACE util.FileUtils (LogUtils.java:runAndLog(49)) - Successfully ran Atomic Files.move /home/runner/work/ratis/ratis/ratis-test/target/test/data/d2acef73/MiniRaftClusterWithGrpc890f7586/s1/bf1d157c-210b-4a9b-a3bf-e1f6b44cdae7/tmp/snapshot-6b3aa864-8876-4be9-9466-2928bdfc5542 to /home/runner/work/ratis/ratis/ratis-test/target/test/data/d2acef73/MiniRaftClusterWithGrpc890f7586/s1/bf1d157c-210b-4a9b-a3bf-e1f6b44cdae7/sm
2023-03-28 15:08:15,974 [grpc-default-executor-1] TRACE util.FileUtils (FileUtils.java:deleteFully(201)) - deleteFully /home/runner/work/ratis/ratis/ratis-test/target/test/data/d2acef73/MiniRaftClusterWithGrpc890f7586/s1/bf1d157c-210b-4a9b-a3bf-e1f6b44cdae7/sm.tmp20230328-150815_972
2023-03-28 15:08:15,975 [grpc-default-executor-1] TRACE util.FileUtils (LogUtils.java:runAndLog(49)) - Successfully ran Files.delete /home/runner/work/ratis/ratis/ratis-test/target/test/data/d2acef73/MiniRaftClusterWithGrpc890f7586/s1/bf1d157c-210b-4a9b-a3bf-e1f6b44cdae7/sm.tmp20230328-150815_972
2023-03-28 15:08:15,976 [grpc-default-executor-0] TRACE util.FileUtils (LogUtils.java:runAndLog(49)) - Successfully ran Atomic Files.move /home/runner/work/ratis/ratis/ratis-test/target/test/data/d2acef73/MiniRaftClusterWithGrpc890f7586/s2/bf1d157c-210b-4a9b-a3bf-e1f6b44cdae7/sm to /home/runner/work/ratis/ratis/ratis-test/target/test/data/d2acef73/MiniRaftClusterWithGrpc890f7586/s2/bf1d157c-210b-4a9b-a3bf-e1f6b44cdae7/sm.tmp20230328-150815_967
2023-03-28 15:08:15,976 [grpc-default-executor-0] TRACE util.FileUtils (LogUtils.java:runAndLog(49)) - Successfully ran Atomic Files.move /home/runner/work/ratis/ratis/ratis-test/target/test/data/d2acef73/MiniRaftClusterWithGrpc890f7586/s2/bf1d157c-210b-4a9b-a3bf-e1f6b44cdae7/tmp/snapshot-54c3d0fc-cf77-439f-997a-3900d1610178 to /home/runner/work/ratis/ratis/ratis-test/target/test/data/d2acef73/MiniRaftClusterWithGrpc890f7586/s2/bf1d157c-210b-4a9b-a3bf-e1f6b44cdae7/sm
2023-03-28 15:08:15,976 [grpc-default-executor-0] TRACE util.FileUtils (FileUtils.java:deleteFully(201)) - deleteFully /home/runner/work/ratis/ratis/ratis-test/target/test/data/d2acef73/MiniRaftClusterWithGrpc890f7586/s2/bf1d157c-210b-4a9b-a3bf-e1f6b44cdae7/sm.tmp20230328-150815_967
2023-03-28 15:08:15,976 [grpc-default-executor-0] TRACE util.FileUtils (LogUtils.java:runAndLog(49)) - Successfully ran Files.delete /home/runner/work/ratis/ratis/ratis-test/target/test/data/d2acef73/MiniRaftClusterWithGrpc890f7586/s2/bf1d157c-210b-4a9b-a3bf-e1f6b44cdae7/sm.tmp20230328-150815_967
2023-03-28 15:08:15,977 [grpc-default-executor-1] INFO  raftlog.RaftLog (RaftLogBase.java:lambda$new$0(53)) - s1@group-E1F6B44CDAE7-SegmentedRaftLog: snapshotIndex: updateIncreasingly -1 -> 191
2023-03-28 15:08:15,977 [grpc-default-executor-1] INFO  impl.SnapshotInstallationHandler (SnapshotInstallationHandler.java:checkAndInstallSnapshot(193)) - s1@group-E1F6B44CDAE7: successfully install the entire snapshot-191
2023-03-28 15:08:15,977 [s1@group-E1F6B44CDAE7-StateMachineUpdater] INFO  impl.SimpleStateMachine4Testing (SimpleStateMachine4Testing.java:reinitialize(236)) - Reinitializing StateMachineWithMultiNestedSnapshotFile:s1:group-E1F6B44CDAE7
2023-03-28 15:08:15,977 [grpc-default-executor-1] INFO  impl.SnapshotInstallationHandler (SnapshotInstallationHandler.java:installSnapshot(100)) - s1@group-E1F6B44CDAE7: reply installSnapshot: s0<-s1#0:OK-t1,SUCCESS,requestIndex=10
2023-03-28 15:08:15,977 [s1@group-E1F6B44CDAE7-StateMachineUpdater] INFO  impl.SimpleStateMachine4Testing (SimpleStateMachine4Testing.java:loadSnapshot(293)) - Loading snapshot SingleFileSnapshotInfo(t:1, i:191):[/home/runner/work/ratis/ratis/ratis-test/target/test/data/d2acef73/MiniRaftClusterWithGrpc890f7586/s1/bf1d157c-210b-4a9b-a3bf-e1f6b44cdae7/sm/snapshot.1_191]
2023-03-28 15:08:15,978 [grpc-default-executor-1] INFO  server.GrpcServerProtocolService (GrpcServerProtocolService.java:onCompleted(145)) - s1: Completed INSTALL_SNAPSHOT, lastRequest: s0->s1#0-t1,chunk:6b3aa864-8876-4be9-9466-2928bdfc5542,10
2023-03-28 15:08:15,976 [grpc-default-executor-0] INFO  raftlog.RaftLog (RaftLogBase.java:lambda$new$0(53)) - s2@group-E1F6B44CDAE7-SegmentedRaftLog: snapshotIndex: updateIncreasingly -1 -> 191
2023-03-28 15:08:15,978 [grpc-default-executor-0] INFO  impl.SnapshotInstallationHandler (SnapshotInstallationHandler.java:checkAndInstallSnapshot(193)) - s2@group-E1F6B44CDAE7: successfully install the entire snapshot-191
2023-03-28 15:08:15,978 [grpc-default-executor-0] INFO  impl.SnapshotInstallationHandler (SnapshotInstallationHandler.java:installSnapshot(100)) - s2@group-E1F6B44CDAE7: reply installSnapshot: s0<-s2#0:OK-t1,SUCCESS,requestIndex=10
2023-03-28 15:08:15,980 [s1@group-E1F6B44CDAE7-StateMachineUpdater] INFO  impl.SimpleStateMachine4Testing (SimpleStateMachine4Testing.java:put(205)) - s1: put 1, m0 -> (t:1, i:1), STATEMACHINELOGENTRY, 0@client-3DF12FA71C19
2023-03-28 15:08:15,980 [s1@group-E1F6B44CDAE7-StateMachineUpdater] INFO  impl.SimpleStateMachine4Testing (SimpleStateMachine4Testing.java:put(205)) - s1: put 3, m1 -> (t:1, i:3), STATEMACHINELOGENTRY, 1@client-3DF12FA71C19
2023-03-28 15:08:15,980 [s1@group-E1F6B44CDAE7-StateMachineUpdater] INFO  impl.SimpleStateMachine4Testing (SimpleStateMachine4Testing.java:put(205)) - s1: put 5, m2 -> (t:1, i:5), STATEMACHINELOGENTRY, 2@client-3DF12FA71C19
2023-03-28 15:08:15,980 [s1@group-E1F6B44CDAE7-StateMachineUpdater] INFO  impl.SimpleStateMachine4Testing (SimpleStateMachine4Testing.java:put(205)) - s1: put 7, m3 -> (t:1, i:7), STATEMACHINELOGENTRY, 3@client-3DF12FA71C19
2023-03-28 15:08:15,980 [s1@group-E1F6B44CDAE7-StateMachineUpdater] INFO  impl.SimpleStateMachine4Testing (SimpleStateMachine4Testing.java:put(205)) - s1: put 9, m4 -> (t:1, i:9), STATEMACHINELOGENTRY, 4@client-3DF12FA71C19
2023-03-28 15:08:15,980 [s1@group-E1F6B44CDAE7-StateMachineUpdater] INFO  impl.SimpleStateMachine4Testing (SimpleStateMachine4Testing.java:put(205)) - s1: put 11, m5 -> (t:1, i:11), STATEMACHINELOGENTRY, 5@client-3DF12FA71C19
2023-03-28 15:08:15,980 [s1@group-E1F6B44CDAE7-StateMachineUpdater] INFO  impl.SimpleStateMachine4Testing (SimpleStateMachine4Testing.java:put(205)) - s1: put 13, m6 -> (t:1, i:13), STATEMACHINELOGENTRY, 6@client-3DF12FA71C19
2023-03-28 15:08:15,980 [s1@group-E1F6B44CDAE7-StateMachineUpdater] INFO  impl.SimpleStateMachine4Testing (SimpleStateMachine4Testing.java:put(205)) - s1: put 15, m7 -> (t:1, i:15), STATEMACHINELOGENTRY, 7@client-3DF12FA71C19
2023-03-28 15:08:15,981 [s1@group-E1F6B44CDAE7-StateMachineUpdater] INFO  impl.SimpleStateMachine4Testing (SimpleStateMachine4Testing.java:put(205)) - s1: put 17, m8 -> (t:1, i:17), STATEMACHINELOGENTRY, 8@client-3DF12FA71C19
2023-03-28 15:08:15,981 [s1@group-E1F6B44CDAE7-StateMachineUpdater] INFO  impl.SimpleStateMachine4Testing (SimpleStateMachine4Testing.java:put(205)) - s1: put 19, m9 -> (t:1, i:19), STATEMACHINELOGENTRY, 9@client-3DF12FA71C19
2023-03-28 15:08:15,981 [s1@group-E1F6B44CDAE7-StateMachineUpdater] INFO  impl.SimpleStateMachine4Testing (SimpleStateMachine4Testing.java:put(205)) - s1: put 21, m10 -> (t:1, i:21), STATEMACHINELOGENTRY, 10@client-3DF12FA71C19
2023-03-28 15:08:15,981 [s1@group-E1F6B44CDAE7-StateMachineUpdater] INFO  impl.SimpleStateMachine4Testing (SimpleStateMachine4Testing.java:put(205)) - s1: put 23, m11 -> (t:1, i:23), STATEMACHINELOGENTRY, 11@client-3DF12FA71C19
2023-03-28 15:08:15,981 [s1@group-E1F6B44CDAE7-StateMachineUpdater] INFO  impl.SimpleStateMachine4Testing (SimpleStateMachine4Testing.java:put(205)) - s1: put 25, m12 -> (t:1, i:25), STATEMACHINELOGENTRY, 12@client-3DF12FA71C19
2023-03-28 15:08:15,981 [s1@group-E1F6B44CDAE7-StateMachineUpdater] INFO  impl.SimpleStateMachine4Testing (SimpleStateMachine4Testing.java:put(205)) - s1: put 27, m13 -> (t:1, i:27), STATEMACHINELOGENTRY, 13@client-3DF12FA71C19
2023-03-28 15:08:15,981 [s1@group-E1F6B44CDAE7-StateMachineUpdater] INFO  impl.SimpleStateMachine4Testing (SimpleStateMachine4Testing.java:put(205)) - s1: put 29, m14 -> (t:1, i:29), STATEMACHINELOGENTRY, 14@client-3DF12FA71C19
2023-03-28 15:08:15,981 [s1@group-E1F6B44CDAE7-StateMachineUpdater] INFO  impl.SimpleStateMachine4Testing (SimpleStateMachine4Testing.java:put(205)) - s1: put 31, m15 -> (t:1, i:31), STATEMACHINELOGENTRY, 15@client-3DF12FA71C19
2023-03-28 15:08:15,981 [s1@group-E1F6B44CDAE7-StateMachineUpdater] INFO  impl.SimpleStateMachine4Testing (SimpleStateMachine4Testing.java:put(205)) - s1: put 33, m16 -> (t:1, i:33), STATEMACHINELOGENTRY, 16@client-3DF12FA71C19
2023-03-28 15:08:15,981 [s1@group-E1F6B44CDAE7-StateMachineUpdater] INFO  impl.SimpleStateMachine4Testing (SimpleStateMachine4Testing.java:put(205)) - s1: put 35, m17 -> (t:1, i:35), STATEMACHINELOGENTRY, 17@client-3DF12FA71C19
2023-03-28 15:08:15,982 [s1@group-E1F6B44CDAE7-StateMachineUpdater] INFO  impl.SimpleStateMachine4Testing (SimpleStateMachine4Testing.java:put(205)) - s1: put 37, m18 -> (t:1, i:37), STATEMACHINELOGENTRY, 18@client-3DF12FA71C19
2023-03-28 15:08:15,982 [s1@group-E1F6B44CDAE7-StateMachineUpdater] INFO  impl.SimpleStateMachine4Testing (SimpleStateMachine4Testing.java:put(205)) - s1: put 39, m19 -> (t:1, i:39), STATEMACHINELOGENTRY, 19@client-3DF12FA71C19
2023-03-28 15:08:15,982 [s1@group-E1F6B44CDAE7-StateMachineUpdater] INFO  impl.SimpleStateMachine4Testing (SimpleStateMachine4Testing.java:put(205)) - s1: put 41, m20 -> (t:1, i:41), STATEMACHINELOGENTRY, 20@client-3DF12FA71C19
2023-03-28 15:08:15,982 [s1@group-E1F6B44CDAE7-StateMachineUpdater] INFO  impl.SimpleStateMachine4Testing (SimpleStateMachine4Testing.java:put(205)) - s1: put 43, m21 -> (t:1, i:43), STATEMACHINELOGENTRY, 21@client-3DF12FA71C19
2023-03-28 15:08:15,982 [s1@group-E1F6B44CDAE7-StateMachineUpdater] INFO  impl.SimpleStateMachine4Testing (SimpleStateMachine4Testing.java:put(205)) - s1: put 45, m22 -> (t:1, i:45), STATEMACHINELOGENTRY, 22@client-3DF12FA71C19
2023-03-28 15:08:15,982 [s1@group-E1F6B44CDAE7-StateMachineUpdater] INFO  impl.SimpleStateMachine4Testing (SimpleStateMachine4Testing.java:put(205)) - s1: put 47, m23 -> (t:1, i:47), STATEMACHINELOGENTRY, 23@client-3DF12FA71C19
2023-03-28 15:08:15,982 [s1@group-E1F6B44CDAE7-StateMachineUpdater] INFO  impl.SimpleStateMachine4Testing (SimpleStateMachine4Testing.java:put(205)) - s1: put 49, m24 -> (t:1, i:49), STATEMACHINELOGENTRY, 24@client-3DF12FA71C19
2023-03-28 15:08:15,982 [s1@group-E1F6B44CDAE7-StateMachineUpdater] INFO  impl.SimpleStateMachine4Testing (SimpleStateMachine4Testing.java:put(205)) - s1: put 51, m25 -> (t:1, i:51), STATEMACHINELOGENTRY, 25@client-3DF12FA71C19
2023-03-28 15:08:15,982 [s1@group-E1F6B44CDAE7-StateMachineUpdater] INFO  impl.SimpleStateMachine4Testing (SimpleStateMachine4Testing.java:put(205)) - s1: put 53, m26 -> (t:1, i:53), STATEMACHINELOGENTRY, 26@client-3DF12FA71C19
2023-03-28 15:08:15,983 [s1@group-E1F6B44CDAE7-StateMachineUpdater] INFO  impl.SimpleStateMachine4Testing (SimpleStateMachine4Testing.java:put(205)) - s1: put 55, m27 -> (t:1, i:55), STATEMACHINELOGENTRY, 27@client-3DF12FA71C19
2023-03-28 15:08:15,983 [s1@group-E1F6B44CDAE7-StateMachineUpdater] INFO  impl.SimpleStateMachine4Testing (SimpleStateMachine4Testing.java:put(205)) - s1: put 57, m28 -> (t:1, i:57), STATEMACHINELOGENTRY, 28@client-3DF12FA71C19
2023-03-28 15:08:15,983 [s1@group-E1F6B44CDAE7-StateMachineUpdater] INFO  impl.SimpleStateMachine4Testing (SimpleStateMachine4Testing.java:put(205)) - s1: put 59, m29 -> (t:1, i:59), STATEMACHINELOGENTRY, 29@client-3DF12FA71C19
2023-03-28 15:08:15,983 [s1@group-E1F6B44CDAE7-StateMachineUpdater] INFO  impl.SimpleStateMachine4Testing (SimpleStateMachine4Testing.java:put(205)) - s1: put 61, m30 -> (t:1, i:61), STATEMACHINELOGENTRY, 30@client-3DF12FA71C19
2023-03-28 15:08:15,983 [s1@group-E1F6B44CDAE7-StateMachineUpdater] INFO  impl.SimpleStateMachine4Testing (SimpleStateMachine4Testing.java:put(205)) - s1: put 63, m31 -> (t:1, i:63), STATEMACHINELOGENTRY, 31@client-3DF12FA71C19
2023-03-28 15:08:15,983 [s1@group-E1F6B44CDAE7-StateMachineUpdater] INFO  impl.SimpleStateMachine4Testing (SimpleStateMachine4Testing.java:put(205)) - s1: put 65, m32 -> (t:1, i:65), STATEMACHINELOGENTRY, 32@client-3DF12FA71C19
2023-03-28 15:08:15,983 [s1@group-E1F6B44CDAE7-StateMachineUpdater] INFO  impl.SimpleStateMachine4Testing (SimpleStateMachine4Testing.java:put(205)) - s1: put 67, m33 -> (t:1, i:67), STATEMACHINELOGENTRY, 33@client-3DF12FA71C19
2023-03-28 15:08:15,983 [s1@group-E1F6B44CDAE7-StateMachineUpdater] INFO  impl.SimpleStateMachine4Testing (SimpleStateMachine4Testing.java:put(205)) - s1: put 69, m34 -> (t:1, i:69), STATEMACHINELOGENTRY, 34@client-3DF12FA71C19
2023-03-28 15:08:15,983 [s1@group-E1F6B44CDAE7-StateMachineUpdater] INFO  impl.SimpleStateMachine4Testing (SimpleStateMachine4Testing.java:put(205)) - s1: put 71, m35 -> (t:1, i:71), STATEMACHINELOGENTRY, 35@client-3DF12FA71C19
2023-03-28 15:08:15,984 [s1@group-E1F6B44CDAE7-StateMachineUpdater] INFO  impl.SimpleStateMachine4Testing (SimpleStateMachine4Testing.java:put(205)) - s1: put 73, m36 -> (t:1, i:73), STATEMACHINELOGENTRY, 36@client-3DF12FA71C19
2023-03-28 15:08:15,985 [grpc-default-executor-3] INFO  server.GrpcLogAppender (GrpcLogAppender.java:onNext(501)) - s0@group-E1F6B44CDAE7->s1-InstallSnapshotResponseHandler: received a reply s0<-s1#0:OK-t1,SUCCESS,requestIndex=10
2023-03-28 15:08:15,985 [grpc-default-executor-3] INFO  server.GrpcLogAppender (GrpcLogAppender.java:onNext(514)) - s0@group-E1F6B44CDAE7->s1-InstallSnapshotResponseHandler: Completed InstallSnapshot. Reply: serverReply {
  requestorId: "s0"
  replyId: "s1"
  raftGroupId {
    id: "\277\035\025|!\vJ\233\243\277\341\366\264L\332\347"
  }
  success: true
}
term: 1
requestIndex: 10

2023-03-28 15:08:15,985 [grpc-default-executor-3] INFO  leader.FollowerInfo (FollowerInfoImpl.java:setAttemptedToInstallSnapshot(126)) - Follower s0@group-E1F6B44CDAE7->s1 acknowledged installing snapshot
2023-03-28 15:08:15,985 [grpc-default-executor-3] INFO  server.GrpcLogAppender (GrpcLogAppender.java:onCompleted(579)) - s0@group-E1F6B44CDAE7->s1-InstallSnapshotResponseHandler: follower responded installSnapshot COMPLETED
2023-03-28 15:08:15,986 [s1@group-E1F6B44CDAE7-StateMachineUpdater] INFO  impl.SimpleStateMachine4Testing (SimpleStateMachine4Testing.java:put(205)) - s1: put 75, m37 -> (t:1, i:75), STATEMACHINELOGENTRY, 37@client-3DF12FA71C19
2023-03-28 15:08:15,986 [s1@group-E1F6B44CDAE7-StateMachineUpdater] INFO  impl.SimpleStateMachine4Testing (SimpleStateMachine4Testing.java:put(205)) - s1: put 77, m38 -> (t:1, i:77), STATEMACHINELOGENTRY, 38@client-3DF12FA71C19
2023-03-28 15:08:15,986 [s1@group-E1F6B44CDAE7-StateMachineUpdater] INFO  impl.SimpleStateMachine4Testing (SimpleStateMachine4Testing.java:put(205)) - s1: put 79, m39 -> (t:1, i:79), STATEMACHINELOGENTRY, 39@client-3DF12FA71C19
2023-03-28 15:08:15,986 [s1@group-E1F6B44CDAE7-StateMachineUpdater] INFO  impl.SimpleStateMachine4Testing (SimpleStateMachine4Testing.java:put(205)) - s1: put 81, m40 -> (t:1, i:81), STATEMACHINELOGENTRY, 40@client-3DF12FA71C19
2023-03-28 15:08:15,986 [s0@group-E1F6B44CDAE7->s1-GrpcLogAppender-LogAppenderDaemon] INFO  leader.FollowerInfo (FollowerInfoImpl.java:lambda$new$0(52)) - s0@group-E1F6B44CDAE7->s1: snapshotIndex: setUnconditionally 0 -> 191
2023-03-28 15:08:15,986 [s1@group-E1F6B44CDAE7-StateMachineUpdater] INFO  impl.SimpleStateMachine4Testing (SimpleStateMachine4Testing.java:put(205)) - s1: put 83, m41 -> (t:1, i:83), STATEMACHINELOGENTRY, 41@client-3DF12FA71C19
2023-03-28 15:08:15,986 [s0@group-E1F6B44CDAE7->s1-GrpcLogAppender-LogAppenderDaemon] INFO  leader.FollowerInfo (FollowerInfoImpl.java:lambda$new$0(52)) - s0@group-E1F6B44CDAE7->s1: matchIndex: setUnconditionally -1 -> 191
2023-03-28 15:08:15,986 [s0@group-E1F6B44CDAE7->s1-GrpcLogAppender-LogAppenderDaemon] INFO  leader.FollowerInfo (FollowerInfoImpl.java:lambda$new$0(52)) - s0@group-E1F6B44CDAE7->s1: nextIndex: setUnconditionally 0 -> 192
2023-03-28 15:08:15,986 [s1@group-E1F6B44CDAE7-StateMachineUpdater] INFO  impl.SimpleStateMachine4Testing (SimpleStateMachine4Testing.java:put(205)) - s1: put 85, m42 -> (t:1, i:85), STATEMACHINELOGENTRY, 42@client-3DF12FA71C19
2023-03-28 15:08:15,986 [s0@group-E1F6B44CDAE7->s1-GrpcLogAppender-LogAppenderDaemon] INFO  server.GrpcLogAppender (GrpcLogAppender.java:installSnapshot(634)) - s0@group-E1F6B44CDAE7->s1-GrpcLogAppender: installed snapshot FileListSnapshotInfo(t:1, i:191):[/home/runner/work/ratis/ratis/ratis-test/target/test/data/d2acef73/MiniRaftClusterWithGrpc890f7586/s0/bf1d157c-210b-4a9b-a3bf-e1f6b44cdae7/sm/snapshot/1.bin, /home/runner/work/ratis/ratis/ratis-test/target/test/data/d2acef73/MiniRaftClusterWithGrpc890f7586/s0/bf1d157c-210b-4a9b-a3bf-e1f6b44cdae7/sm/snapshot/sub/2.bin, /home/runner/work/ratis/ratis/ratis-test/target/test/data/d2acef73/MiniRaftClusterWithGrpc890f7586/s0/bf1d157c-210b-4a9b-a3bf-e1f6b44cdae7/sm/snapshot.1_191] successfully
2023-03-28 15:08:15,986 [s1@group-E1F6B44CDAE7-StateMachineUpdater] INFO  impl.SimpleStateMachine4Testing (SimpleStateMachine4Testing.java:put(205)) - s1: put 87, m43 -> (t:1, i:87), STATEMACHINELOGENTRY, 43@client-3DF12FA71C19
2023-03-28 15:08:15,986 [s1@group-E1F6B44CDAE7-StateMachineUpdater] INFO  impl.SimpleStateMachine4Testing (SimpleStateMachine4Testing.java:put(205)) - s1: put 89, m44 -> (t:1, i:89), STATEMACHINELOGENTRY, 44@client-3DF12FA71C19
2023-03-28 15:08:15,987 [s1@group-E1F6B44CDAE7-StateMachineUpdater] INFO  impl.SimpleStateMachine4Testing (SimpleStateMachine4Testing.java:put(205)) - s1: put 91, m45 -> (t:1, i:91), STATEMACHINELOGENTRY, 45@client-3DF12FA71C19
2023-03-28 15:08:15,987 [s1@group-E1F6B44CDAE7-StateMachineUpdater] INFO  impl.SimpleStateMachine4Testing (SimpleStateMachine4Testing.java:put(205)) - s1: put 93, m46 -> (t:1, i:93), STATEMACHINELOGENTRY, 46@client-3DF12FA71C19
2023-03-28 15:08:15,987 [s1@group-E1F6B44CDAE7-StateMachineUpdater] INFO  impl.SimpleStateMachine4Testing (SimpleStateMachine4Testing.java:put(205)) - s1: put 95, m47 -> (t:1, i:95), STATEMACHINELOGENTRY, 47@client-3DF12FA71C19
2023-03-28 15:08:15,987 [s1@group-E1F6B44CDAE7-StateMachineUpdater] INFO  impl.SimpleStateMachine4Testing (SimpleStateMachine4Testing.java:put(205)) - s1: put 97, m48 -> (t:1, i:97), STATEMACHINELOGENTRY, 48@client-3DF12FA71C19
2023-03-28 15:08:15,987 [s1@group-E1F6B44CDAE7-StateMachineUpdater] INFO  impl.SimpleStateMachine4Testing (SimpleStateMachine4Testing.java:put(205)) - s1: put 99, m49 -> (t:1, i:99), STATEMACHINELOGENTRY, 49@client-3DF12FA71C19
2023-03-28 15:08:15,987 [s1@group-E1F6B44CDAE7-StateMachineUpdater] INFO  impl.SimpleStateMachine4Testing (SimpleStateMachine4Testing.java:put(205)) - s1: put 101, m50 -> (t:1, i:101), STATEMACHINELOGENTRY, 50@client-3DF12FA71C19
2023-03-28 15:08:15,987 [s1@group-E1F6B44CDAE7-StateMachineUpdater] INFO  impl.SimpleStateMachine4Testing (SimpleStateMachine4Testing.java:put(205)) - s1: put 103, m51 -> (t:1, i:103), STATEMACHINELOGENTRY, 51@client-3DF12FA71C19
2023-03-28 15:08:15,987 [s1@group-E1F6B44CDAE7-StateMachineUpdater] INFO  impl.SimpleStateMachine4Testing (SimpleStateMachine4Testing.java:put(205)) - s1: put 105, m52 -> (t:1, i:105), STATEMACHINELOGENTRY, 52@client-3DF12FA71C19
2023-03-28 15:08:15,987 [s1@group-E1F6B44CDAE7-StateMachineUpdater] INFO  impl.SimpleStateMachine4Testing (SimpleStateMachine4Testing.java:put(205)) - s1: put 107, m53 -> (t:1, i:107), STATEMACHINELOGENTRY, 53@client-3DF12FA71C19
2023-03-28 15:08:15,988 [s1@group-E1F6B44CDAE7-StateMachineUpdater] INFO  impl.SimpleStateMachine4Testing (SimpleStateMachine4Testing.java:put(205)) - s1: put 109, m54 -> (t:1, i:109), STATEMACHINELOGENTRY, 54@client-3DF12FA71C19
2023-03-28 15:08:15,988 [s1@group-E1F6B44CDAE7-StateMachineUpdater] INFO  impl.SimpleStateMachine4Testing (SimpleStateMachine4Testing.java:put(205)) - s1: put 111, m55 -> (t:1, i:111), STATEMACHINELOGENTRY, 55@client-3DF12FA71C19
2023-03-28 15:08:15,988 [s1@group-E1F6B44CDAE7-StateMachineUpdater] INFO  impl.SimpleStateMachine4Testing (SimpleStateMachine4Testing.java:put(205)) - s1: put 113, m56 -> (t:1, i:113), STATEMACHINELOGENTRY, 56@client-3DF12FA71C19
2023-03-28 15:08:15,988 [s1@group-E1F6B44CDAE7-StateMachineUpdater] INFO  impl.SimpleStateMachine4Testing (SimpleStateMachine4Testing.java:put(205)) - s1: put 115, m57 -> (t:1, i:115), STATEMACHINELOGENTRY, 57@client-3DF12FA71C19
2023-03-28 15:08:15,988 [s1@group-E1F6B44CDAE7-StateMachineUpdater] INFO  impl.SimpleStateMachine4Testing (SimpleStateMachine4Testing.java:put(205)) - s1: put 117, m58 -> (t:1, i:117), STATEMACHINELOGENTRY, 58@client-3DF12FA71C19
2023-03-28 15:08:15,988 [s1@group-E1F6B44CDAE7-StateMachineUpdater] INFO  impl.SimpleStateMachine4Testing (SimpleStateMachine4Testing.java:put(205)) - s1: put 119, m59 -> (t:1, i:119), STATEMACHINELOGENTRY, 59@client-3DF12FA71C19
2023-03-28 15:08:15,988 [s1@group-E1F6B44CDAE7-StateMachineUpdater] INFO  impl.SimpleStateMachine4Testing (SimpleStateMachine4Testing.java:put(205)) - s1: put 121, m60 -> (t:1, i:121), STATEMACHINELOGENTRY, 60@client-3DF12FA71C19
2023-03-28 15:08:15,988 [s1@group-E1F6B44CDAE7-StateMachineUpdater] INFO  impl.SimpleStateMachine4Testing (SimpleStateMachine4Testing.java:put(205)) - s1: put 123, m61 -> (t:1, i:123), STATEMACHINELOGENTRY, 61@client-3DF12FA71C19
2023-03-28 15:08:15,989 [s1@group-E1F6B44CDAE7-StateMachineUpdater] INFO  impl.SimpleStateMachine4Testing (SimpleStateMachine4Testing.java:put(205)) - s1: put 125, m62 -> (t:1, i:125), STATEMACHINELOGENTRY, 62@client-3DF12FA71C19
2023-03-28 15:08:15,989 [s1@group-E1F6B44CDAE7-StateMachineUpdater] INFO  impl.SimpleStateMachine4Testing (SimpleStateMachine4Testing.java:put(205)) - s1: put 127, m63 -> (t:1, i:127), STATEMACHINELOGENTRY, 63@client-3DF12FA71C19
2023-03-28 15:08:15,989 [s1@group-E1F6B44CDAE7-StateMachineUpdater] INFO  impl.SimpleStateMachine4Testing (SimpleStateMachine4Testing.java:put(205)) - s1: put 129, m64 -> (t:1, i:129), STATEMACHINELOGENTRY, 64@client-3DF12FA71C19
2023-03-28 15:08:15,989 [s1@group-E1F6B44CDAE7-StateMachineUpdater] INFO  impl.SimpleStateMachine4Testing (SimpleStateMachine4Testing.java:put(205)) - s1: put 131, m65 -> (t:1, i:131), STATEMACHINELOGENTRY, 65@client-3DF12FA71C19
2023-03-28 15:08:15,989 [s1@group-E1F6B44CDAE7-StateMachineUpdater] INFO  impl.SimpleStateMachine4Testing (SimpleStateMachine4Testing.java:put(205)) - s1: put 133, m66 -> (t:1, i:133), STATEMACHINELOGENTRY, 66@client-3DF12FA71C19
2023-03-28 15:08:15,989 [s1@group-E1F6B44CDAE7-StateMachineUpdater] INFO  impl.SimpleStateMachine4Testing (SimpleStateMachine4Testing.java:put(205)) - s1: put 135, m67 -> (t:1, i:135), STATEMACHINELOGENTRY, 67@client-3DF12FA71C19
2023-03-28 15:08:15,989 [s1@group-E1F6B44CDAE7-StateMachineUpdater] INFO  impl.SimpleStateMachine4Testing (SimpleStateMachine4Testing.java:put(205)) - s1: put 137, m68 -> (t:1, i:137), STATEMACHINELOGENTRY, 68@client-3DF12FA71C19
2023-03-28 15:08:15,989 [s1@group-E1F6B44CDAE7-StateMachineUpdater] INFO  impl.SimpleStateMachine4Testing (SimpleStateMachine4Testing.java:put(205)) - s1: put 139, m69 -> (t:1, i:139), STATEMACHINELOGENTRY, 69@client-3DF12FA71C19
2023-03-28 15:08:15,989 [s1@group-E1F6B44CDAE7-StateMachineUpdater] INFO  impl.SimpleStateMachine4Testing (SimpleStateMachine4Testing.java:put(205)) - s1: put 141, m70 -> (t:1, i:141), STATEMACHINELOGENTRY, 70@client-3DF12FA71C19
2023-03-28 15:08:15,990 [s1@group-E1F6B44CDAE7-StateMachineUpdater] INFO  impl.SimpleStateMachine4Testing (SimpleStateMachine4Testing.java:put(205)) - s1: put 143, m71 -> (t:1, i:143), STATEMACHINELOGENTRY, 71@client-3DF12FA71C19
2023-03-28 15:08:15,990 [s1@group-E1F6B44CDAE7-StateMachineUpdater] INFO  impl.SimpleStateMachine4Testing (SimpleStateMachine4Testing.java:put(205)) - s1: put 145, m72 -> (t:1, i:145), STATEMACHINELOGENTRY, 72@client-3DF12FA71C19
2023-03-28 15:08:15,990 [s1@group-E1F6B44CDAE7-StateMachineUpdater] INFO  impl.SimpleStateMachine4Testing (SimpleStateMachine4Testing.java:put(205)) - s1: put 147, m73 -> (t:1, i:147), STATEMACHINELOGENTRY, 73@client-3DF12FA71C19
2023-03-28 15:08:15,990 [s1@group-E1F6B44CDAE7-StateMachineUpdater] INFO  impl.SimpleStateMachine4Testing (SimpleStateMachine4Testing.java:put(205)) - s1: put 149, m74 -> (t:1, i:149), STATEMACHINELOGENTRY, 74@client-3DF12FA71C19
2023-03-28 15:08:15,990 [s1@group-E1F6B44CDAE7-StateMachineUpdater] INFO  impl.SimpleStateMachine4Testing (SimpleStateMachine4Testing.java:put(205)) - s1: put 151, m75 -> (t:1, i:151), STATEMACHINELOGENTRY, 75@client-3DF12FA71C19
2023-03-28 15:08:15,990 [s1@group-E1F6B44CDAE7-StateMachineUpdater] INFO  impl.SimpleStateMachine4Testing (SimpleStateMachine4Testing.java:put(205)) - s1: put 153, m76 -> (t:1, i:153), STATEMACHINELOGENTRY, 76@client-3DF12FA71C19
2023-03-28 15:08:15,990 [s1@group-E1F6B44CDAE7-StateMachineUpdater] INFO  impl.SimpleStateMachine4Testing (SimpleStateMachine4Testing.java:put(205)) - s1: put 155, m77 -> (t:1, i:155), STATEMACHINELOGENTRY, 77@client-3DF12FA71C19
2023-03-28 15:08:15,990 [s1@group-E1F6B44CDAE7-StateMachineUpdater] INFO  impl.SimpleStateMachine4Testing (SimpleStateMachine4Testing.java:put(205)) - s1: put 157, m78 -> (t:1, i:157), STATEMACHINELOGENTRY, 78@client-3DF12FA71C19
2023-03-28 15:08:15,990 [s1@group-E1F6B44CDAE7-StateMachineUpdater] INFO  impl.SimpleStateMachine4Testing (SimpleStateMachine4Testing.java:put(205)) - s1: put 159, m79 -> (t:1, i:159), STATEMACHINELOGENTRY, 79@client-3DF12FA71C19
2023-03-28 15:08:15,979 [grpc-default-executor-0] INFO  server.GrpcServerProtocolService (GrpcServerProtocolService.java:onCompleted(145)) - s2: Completed INSTALL_SNAPSHOT, lastRequest: s0->s2#0-t1,chunk:54c3d0fc-cf77-439f-997a-3900d1610178,10
2023-03-28 15:08:15,984 [s2@group-E1F6B44CDAE7-StateMachineUpdater] INFO  impl.SimpleStateMachine4Testing (SimpleStateMachine4Testing.java:reinitialize(236)) - Reinitializing StateMachineWithMultiNestedSnapshotFile:s2:group-E1F6B44CDAE7
2023-03-28 15:08:15,992 [grpc-default-executor-1] INFO  server.GrpcLogAppender (GrpcLogAppender.java:onNext(501)) - s0@group-E1F6B44CDAE7->s2-InstallSnapshotResponseHandler: received a reply s0<-s2#0:OK-t1,SUCCESS,requestIndex=10
2023-03-28 15:08:15,994 [s2@group-E1F6B44CDAE7-StateMachineUpdater] INFO  impl.SimpleStateMachine4Testing (SimpleStateMachine4Testing.java:loadSnapshot(293)) - Loading snapshot SingleFileSnapshotInfo(t:1, i:191):[/home/runner/work/ratis/ratis/ratis-test/target/test/data/d2acef73/MiniRaftClusterWithGrpc890f7586/s2/bf1d157c-210b-4a9b-a3bf-e1f6b44cdae7/sm/snapshot.1_191]
2023-03-28 15:08:15,994 [grpc-default-executor-1] INFO  server.GrpcLogAppender (GrpcLogAppender.java:onNext(514)) - s0@group-E1F6B44CDAE7->s2-InstallSnapshotResponseHandler: Completed InstallSnapshot. Reply: serverReply {
  requestorId: "s0"
  replyId: "s2"
  raftGroupId {
    id: "\277\035\025|!\vJ\233\243\277\341\366\264L\332\347"
  }
  success: true
}
term: 1
requestIndex: 10

2023-03-28 15:08:15,994 [s2@group-E1F6B44CDAE7-StateMachineUpdater] INFO  impl.SimpleStateMachine4Testing (SimpleStateMachine4Testing.java:put(205)) - s2: put 1, m0 -> (t:1, i:1), STATEMACHINELOGENTRY, 0@client-3DF12FA71C19
2023-03-28 15:08:15,994 [grpc-default-executor-1] INFO  leader.FollowerInfo (FollowerInfoImpl.java:setAttemptedToInstallSnapshot(126)) - Follower s0@group-E1F6B44CDAE7->s2 acknowledged installing snapshot
2023-03-28 15:08:15,995 [grpc-default-executor-1] INFO  server.GrpcLogAppender (GrpcLogAppender.java:onCompleted(579)) - s0@group-E1F6B44CDAE7->s2-InstallSnapshotResponseHandler: follower responded installSnapshot COMPLETED
2023-03-28 15:08:15,995 [s0@group-E1F6B44CDAE7->s2-GrpcLogAppender-LogAppenderDaemon] INFO  leader.FollowerInfo (FollowerInfoImpl.java:lambda$new$0(52)) - s0@group-E1F6B44CDAE7->s2: snapshotIndex: setUnconditionally 0 -> 191
2023-03-28 15:08:15,995 [s0@group-E1F6B44CDAE7->s2-GrpcLogAppender-LogAppenderDaemon] INFO  leader.FollowerInfo (FollowerInfoImpl.java:lambda$new$0(52)) - s0@group-E1F6B44CDAE7->s2: matchIndex: setUnconditionally -1 -> 191
2023-03-28 15:08:15,995 [s0@group-E1F6B44CDAE7->s2-GrpcLogAppender-LogAppenderDaemon] INFO  leader.FollowerInfo (FollowerInfoImpl.java:lambda$new$0(52)) - s0@group-E1F6B44CDAE7->s2: nextIndex: setUnconditionally 0 -> 192
2023-03-28 15:08:15,995 [s0@group-E1F6B44CDAE7->s2-GrpcLogAppender-LogAppenderDaemon] INFO  server.GrpcLogAppender (GrpcLogAppender.java:installSnapshot(634)) - s0@group-E1F6B44CDAE7->s2-GrpcLogAppender: installed snapshot FileListSnapshotInfo(t:1, i:191):[/home/runner/work/ratis/ratis/ratis-test/target/test/data/d2acef73/MiniRaftClusterWithGrpc890f7586/s0/bf1d157c-210b-4a9b-a3bf-e1f6b44cdae7/sm/snapshot/1.bin, /home/runner/work/ratis/ratis/ratis-test/target/test/data/d2acef73/MiniRaftClusterWithGrpc890f7586/s0/bf1d157c-210b-4a9b-a3bf-e1f6b44cdae7/sm/snapshot/sub/2.bin, /home/runner/work/ratis/ratis/ratis-test/target/test/data/d2acef73/MiniRaftClusterWithGrpc890f7586/s0/bf1d157c-210b-4a9b-a3bf-e1f6b44cdae7/sm/snapshot.1_191] successfully
2023-03-28 15:08:15,994 [s2@group-E1F6B44CDAE7-StateMachineUpdater] INFO  impl.SimpleStateMachine4Testing (SimpleStateMachine4Testing.java:put(205)) - s2: put 3, m1 -> (t:1, i:3), STATEMACHINELOGENTRY, 1@client-3DF12FA71C19
2023-03-28 15:08:15,996 [s2@group-E1F6B44CDAE7-StateMachineUpdater] INFO  impl.SimpleStateMachine4Testing (SimpleStateMachine4Testing.java:put(205)) - s2: put 5, m2 -> (t:1, i:5), STATEMACHINELOGENTRY, 2@client-3DF12FA71C19
2023-03-28 15:08:15,996 [s2@group-E1F6B44CDAE7-StateMachineUpdater] INFO  impl.SimpleStateMachine4Testing (SimpleStateMachine4Testing.java:put(205)) - s2: put 7, m3 -> (t:1, i:7), STATEMACHINELOGENTRY, 3@client-3DF12FA71C19
2023-03-28 15:08:15,996 [s2@group-E1F6B44CDAE7-StateMachineUpdater] INFO  impl.SimpleStateMachine4Testing (SimpleStateMachine4Testing.java:put(205)) - s2: put 9, m4 -> (t:1, i:9), STATEMACHINELOGENTRY, 4@client-3DF12FA71C19
2023-03-28 15:08:15,996 [s2@group-E1F6B44CDAE7-StateMachineUpdater] INFO  impl.SimpleStateMachine4Testing (SimpleStateMachine4Testing.java:put(205)) - s2: put 11, m5 -> (t:1, i:11), STATEMACHINELOGENTRY, 5@client-3DF12FA71C19
2023-03-28 15:08:15,996 [s2@group-E1F6B44CDAE7-StateMachineUpdater] INFO  impl.SimpleStateMachine4Testing (SimpleStateMachine4Testing.java:put(205)) - s2: put 13, m6 -> (t:1, i:13), STATEMACHINELOGENTRY, 6@client-3DF12FA71C19
2023-03-28 15:08:15,996 [s2@group-E1F6B44CDAE7-StateMachineUpdater] INFO  impl.SimpleStateMachine4Testing (SimpleStateMachine4Testing.java:put(205)) - s2: put 15, m7 -> (t:1, i:15), STATEMACHINELOGENTRY, 7@client-3DF12FA71C19
2023-03-28 15:08:15,996 [s2@group-E1F6B44CDAE7-StateMachineUpdater] INFO  impl.SimpleStateMachine4Testing (SimpleStateMachine4Testing.java:put(205)) - s2: put 17, m8 -> (t:1, i:17), STATEMACHINELOGENTRY, 8@client-3DF12FA71C19
2023-03-28 15:08:15,996 [s2@group-E1F6B44CDAE7-StateMachineUpdater] INFO  impl.SimpleStateMachine4Testing (SimpleStateMachine4Testing.java:put(205)) - s2: put 19, m9 -> (t:1, i:19), STATEMACHINELOGENTRY, 9@client-3DF12FA71C19
2023-03-28 15:08:15,996 [s2@group-E1F6B44CDAE7-StateMachineUpdater] INFO  impl.SimpleStateMachine4Testing (SimpleStateMachine4Testing.java:put(205)) - s2: put 21, m10 -> (t:1, i:21), STATEMACHINELOGENTRY, 10@client-3DF12FA71C19
2023-03-28 15:08:15,997 [s2@group-E1F6B44CDAE7-StateMachineUpdater] INFO  impl.SimpleStateMachine4Testing (SimpleStateMachine4Testing.java:put(205)) - s2: put 23, m11 -> (t:1, i:23), STATEMACHINELOGENTRY, 11@client-3DF12FA71C19
2023-03-28 15:08:15,997 [s2@group-E1F6B44CDAE7-StateMachineUpdater] INFO  impl.SimpleStateMachine4Testing (SimpleStateMachine4Testing.java:put(205)) - s2: put 25, m12 -> (t:1, i:25), STATEMACHINELOGENTRY, 12@client-3DF12FA71C19
2023-03-28 15:08:15,997 [s2@group-E1F6B44CDAE7-StateMachineUpdater] INFO  impl.SimpleStateMachine4Testing (SimpleStateMachine4Testing.java:put(205)) - s2: put 27, m13 -> (t:1, i:27), STATEMACHINELOGENTRY, 13@client-3DF12FA71C19
2023-03-28 15:08:15,997 [s2@group-E1F6B44CDAE7-StateMachineUpdater] INFO  impl.SimpleStateMachine4Testing (SimpleStateMachine4Testing.java:put(205)) - s2: put 29, m14 -> (t:1, i:29), STATEMACHINELOGENTRY, 14@client-3DF12FA71C19
2023-03-28 15:08:15,997 [s2@group-E1F6B44CDAE7-StateMachineUpdater] INFO  impl.SimpleStateMachine4Testing (SimpleStateMachine4Testing.java:put(205)) - s2: put 31, m15 -> (t:1, i:31), STATEMACHINELOGENTRY, 15@client-3DF12FA71C19
2023-03-28 15:08:15,997 [s2@group-E1F6B44CDAE7-StateMachineUpdater] INFO  impl.SimpleStateMachine4Testing (SimpleStateMachine4Testing.java:put(205)) - s2: put 33, m16 -> (t:1, i:33), STATEMACHINELOGENTRY, 16@client-3DF12FA71C19
2023-03-28 15:08:15,997 [s2@group-E1F6B44CDAE7-StateMachineUpdater] INFO  impl.SimpleStateMachine4Testing (SimpleStateMachine4Testing.java:put(205)) - s2: put 35, m17 -> (t:1, i:35), STATEMACHINELOGENTRY, 17@client-3DF12FA71C19
2023-03-28 15:08:15,997 [s2@group-E1F6B44CDAE7-StateMachineUpdater] INFO  impl.SimpleStateMachine4Testing (SimpleStateMachine4Testing.java:put(205)) - s2: put 37, m18 -> (t:1, i:37), STATEMACHINELOGENTRY, 18@client-3DF12FA71C19
2023-03-28 15:08:15,997 [s2@group-E1F6B44CDAE7-StateMachineUpdater] INFO  impl.SimpleStateMachine4Testing (SimpleStateMachine4Testing.java:put(205)) - s2: put 39, m19 -> (t:1, i:39), STATEMACHINELOGENTRY, 19@client-3DF12FA71C19
2023-03-28 15:08:15,998 [s2@group-E1F6B44CDAE7-StateMachineUpdater] INFO  impl.SimpleStateMachine4Testing (SimpleStateMachine4Testing.java:put(205)) - s2: put 41, m20 -> (t:1, i:41), STATEMACHINELOGENTRY, 20@client-3DF12FA71C19
2023-03-28 15:08:15,998 [s2@group-E1F6B44CDAE7-StateMachineUpdater] INFO  impl.SimpleStateMachine4Testing (SimpleStateMachine4Testing.java:put(205)) - s2: put 43, m21 -> (t:1, i:43), STATEMACHINELOGENTRY, 21@client-3DF12FA71C19
2023-03-28 15:08:15,998 [s2@group-E1F6B44CDAE7-StateMachineUpdater] INFO  impl.SimpleStateMachine4Testing (SimpleStateMachine4Testing.java:put(205)) - s2: put 45, m22 -> (t:1, i:45), STATEMACHINELOGENTRY, 22@client-3DF12FA71C19
2023-03-28 15:08:15,998 [s2@group-E1F6B44CDAE7-StateMachineUpdater] INFO  impl.SimpleStateMachine4Testing (SimpleStateMachine4Testing.java:put(205)) - s2: put 47, m23 -> (t:1, i:47), STATEMACHINELOGENTRY, 23@client-3DF12FA71C19
2023-03-28 15:08:15,998 [s2@group-E1F6B44CDAE7-StateMachineUpdater] INFO  impl.SimpleStateMachine4Testing (SimpleStateMachine4Testing.java:put(205)) - s2: put 49, m24 -> (t:1, i:49), STATEMACHINELOGENTRY, 24@client-3DF12FA71C19
2023-03-28 15:08:15,998 [s2@group-E1F6B44CDAE7-StateMachineUpdater] INFO  impl.SimpleStateMachine4Testing (SimpleStateMachine4Testing.java:put(205)) - s2: put 51, m25 -> (t:1, i:51), STATEMACHINELOGENTRY, 25@client-3DF12FA71C19
2023-03-28 15:08:15,998 [s2@group-E1F6B44CDAE7-StateMachineUpdater] INFO  impl.SimpleStateMachine4Testing (SimpleStateMachine4Testing.java:put(205)) - s2: put 53, m26 -> (t:1, i:53), STATEMACHINELOGENTRY, 26@client-3DF12FA71C19
2023-03-28 15:08:15,998 [s2@group-E1F6B44CDAE7-StateMachineUpdater] INFO  impl.SimpleStateMachine4Testing (SimpleStateMachine4Testing.java:put(205)) - s2: put 55, m27 -> (t:1, i:55), STATEMACHINELOGENTRY, 27@client-3DF12FA71C19
2023-03-28 15:08:15,998 [s2@group-E1F6B44CDAE7-StateMachineUpdater] INFO  impl.SimpleStateMachine4Testing (SimpleStateMachine4Testing.java:put(205)) - s2: put 57, m28 -> (t:1, i:57), STATEMACHINELOGENTRY, 28@client-3DF12FA71C19
2023-03-28 15:08:15,998 [s2@group-E1F6B44CDAE7-StateMachineUpdater] INFO  impl.SimpleStateMachine4Testing (SimpleStateMachine4Testing.java:put(205)) - s2: put 59, m29 -> (t:1, i:59), STATEMACHINELOGENTRY, 29@client-3DF12FA71C19
2023-03-28 15:08:15,999 [s2@group-E1F6B44CDAE7-StateMachineUpdater] INFO  impl.SimpleStateMachine4Testing (SimpleStateMachine4Testing.java:put(205)) - s2: put 61, m30 -> (t:1, i:61), STATEMACHINELOGENTRY, 30@client-3DF12FA71C19
2023-03-28 15:08:15,999 [s2@group-E1F6B44CDAE7-StateMachineUpdater] INFO  impl.SimpleStateMachine4Testing (SimpleStateMachine4Testing.java:put(205)) - s2: put 63, m31 -> (t:1, i:63), STATEMACHINELOGENTRY, 31@client-3DF12FA71C19
2023-03-28 15:08:15,999 [s2@group-E1F6B44CDAE7-StateMachineUpdater] INFO  impl.SimpleStateMachine4Testing (SimpleStateMachine4Testing.java:put(205)) - s2: put 65, m32 -> (t:1, i:65), STATEMACHINELOGENTRY, 32@client-3DF12FA71C19
2023-03-28 15:08:15,999 [s2@group-E1F6B44CDAE7-StateMachineUpdater] INFO  impl.SimpleStateMachine4Testing (SimpleStateMachine4Testing.java:put(205)) - s2: put 67, m33 -> (t:1, i:67), STATEMACHINELOGENTRY, 33@client-3DF12FA71C19
2023-03-28 15:08:15,999 [s2@group-E1F6B44CDAE7-StateMachineUpdater] INFO  impl.SimpleStateMachine4Testing (SimpleStateMachine4Testing.java:put(205)) - s2: put 69, m34 -> (t:1, i:69), STATEMACHINELOGENTRY, 34@client-3DF12FA71C19
2023-03-28 15:08:15,999 [s2@group-E1F6B44CDAE7-StateMachineUpdater] INFO  impl.SimpleStateMachine4Testing (SimpleStateMachine4Testing.java:put(205)) - s2: put 71, m35 -> (t:1, i:71), STATEMACHINELOGENTRY, 35@client-3DF12FA71C19
2023-03-28 15:08:15,999 [s2@group-E1F6B44CDAE7-StateMachineUpdater] INFO  impl.SimpleStateMachine4Testing (SimpleStateMachine4Testing.java:put(205)) - s2: put 73, m36 -> (t:1, i:73), STATEMACHINELOGENTRY, 36@client-3DF12FA71C19
2023-03-28 15:08:15,999 [s2@group-E1F6B44CDAE7-StateMachineUpdater] INFO  impl.SimpleStateMachine4Testing (SimpleStateMachine4Testing.java:put(205)) - s2: put 75, m37 -> (t:1, i:75), STATEMACHINELOGENTRY, 37@client-3DF12FA71C19
2023-03-28 15:08:15,999 [s2@group-E1F6B44CDAE7-StateMachineUpdater] INFO  impl.SimpleStateMachine4Testing (SimpleStateMachine4Testing.java:put(205)) - s2: put 77, m38 -> (t:1, i:77), STATEMACHINELOGENTRY, 38@client-3DF12FA71C19
2023-03-28 15:08:16,000 [s2@group-E1F6B44CDAE7-StateMachineUpdater] INFO  impl.SimpleStateMachine4Testing (SimpleStateMachine4Testing.java:put(205)) - s2: put 79, m39 -> (t:1, i:79), STATEMACHINELOGENTRY, 39@client-3DF12FA71C19
2023-03-28 15:08:16,000 [s2@group-E1F6B44CDAE7-StateMachineUpdater] INFO  impl.SimpleStateMachine4Testing (SimpleStateMachine4Testing.java:put(205)) - s2: put 81, m40 -> (t:1, i:81), STATEMACHINELOGENTRY, 40@client-3DF12FA71C19
2023-03-28 15:08:16,001 [s2@group-E1F6B44CDAE7-StateMachineUpdater] INFO  impl.SimpleStateMachine4Testing (SimpleStateMachine4Testing.java:put(205)) - s2: put 83, m41 -> (t:1, i:83), STATEMACHINELOGENTRY, 41@client-3DF12FA71C19
2023-03-28 15:08:16,001 [s2@group-E1F6B44CDAE7-StateMachineUpdater] INFO  impl.SimpleStateMachine4Testing (SimpleStateMachine4Testing.java:put(205)) - s2: put 85, m42 -> (t:1, i:85), STATEMACHINELOGENTRY, 42@client-3DF12FA71C19
2023-03-28 15:08:16,001 [s2@group-E1F6B44CDAE7-StateMachineUpdater] INFO  impl.SimpleStateMachine4Testing (SimpleStateMachine4Testing.java:put(205)) - s2: put 87, m43 -> (t:1, i:87), STATEMACHINELOGENTRY, 43@client-3DF12FA71C19
2023-03-28 15:08:16,001 [s2@group-E1F6B44CDAE7-StateMachineUpdater] INFO  impl.SimpleStateMachine4Testing (SimpleStateMachine4Testing.java:put(205)) - s2: put 89, m44 -> (t:1, i:89), STATEMACHINELOGENTRY, 44@client-3DF12FA71C19
2023-03-28 15:08:16,001 [s2@group-E1F6B44CDAE7-StateMachineUpdater] INFO  impl.SimpleStateMachine4Testing (SimpleStateMachine4Testing.java:put(205)) - s2: put 91, m45 -> (t:1, i:91), STATEMACHINELOGENTRY, 45@client-3DF12FA71C19
2023-03-28 15:08:16,001 [s2@group-E1F6B44CDAE7-StateMachineUpdater] INFO  impl.SimpleStateMachine4Testing (SimpleStateMachine4Testing.java:put(205)) - s2: put 93, m46 -> (t:1, i:93), STATEMACHINELOGENTRY, 46@client-3DF12FA71C19
2023-03-28 15:08:16,001 [s2@group-E1F6B44CDAE7-StateMachineUpdater] INFO  impl.SimpleStateMachine4Testing (SimpleStateMachine4Testing.java:put(205)) - s2: put 95, m47 -> (t:1, i:95), STATEMACHINELOGENTRY, 47@client-3DF12FA71C19
2023-03-28 15:08:16,001 [s2@group-E1F6B44CDAE7-StateMachineUpdater] INFO  impl.SimpleStateMachine4Testing (SimpleStateMachine4Testing.java:put(205)) - s2: put 97, m48 -> (t:1, i:97), STATEMACHINELOGENTRY, 48@client-3DF12FA71C19
2023-03-28 15:08:16,002 [s2@group-E1F6B44CDAE7-StateMachineUpdater] INFO  impl.SimpleStateMachine4Testing (SimpleStateMachine4Testing.java:put(205)) - s2: put 99, m49 -> (t:1, i:99), STATEMACHINELOGENTRY, 49@client-3DF12FA71C19
2023-03-28 15:08:16,002 [s2@group-E1F6B44CDAE7-StateMachineUpdater] INFO  impl.SimpleStateMachine4Testing (SimpleStateMachine4Testing.java:put(205)) - s2: put 101, m50 -> (t:1, i:101), STATEMACHINELOGENTRY, 50@client-3DF12FA71C19
2023-03-28 15:08:16,002 [s2@group-E1F6B44CDAE7-StateMachineUpdater] INFO  impl.SimpleStateMachine4Testing (SimpleStateMachine4Testing.java:put(205)) - s2: put 103, m51 -> (t:1, i:103), STATEMACHINELOGENTRY, 51@client-3DF12FA71C19
2023-03-28 15:08:16,002 [s2@group-E1F6B44CDAE7-StateMachineUpdater] INFO  impl.SimpleStateMachine4Testing (SimpleStateMachine4Testing.java:put(205)) - s2: put 105, m52 -> (t:1, i:105), STATEMACHINELOGENTRY, 52@client-3DF12FA71C19
2023-03-28 15:08:16,002 [s2@group-E1F6B44CDAE7-StateMachineUpdater] INFO  impl.SimpleStateMachine4Testing (SimpleStateMachine4Testing.java:put(205)) - s2: put 107, m53 -> (t:1, i:107), STATEMACHINELOGENTRY, 53@client-3DF12FA71C19
2023-03-28 15:08:16,002 [s2@group-E1F6B44CDAE7-StateMachineUpdater] INFO  impl.SimpleStateMachine4Testing (SimpleStateMachine4Testing.java:put(205)) - s2: put 109, m54 -> (t:1, i:109), STATEMACHINELOGENTRY, 54@client-3DF12FA71C19
2023-03-28 15:08:16,002 [s2@group-E1F6B44CDAE7-StateMachineUpdater] INFO  impl.SimpleStateMachine4Testing (SimpleStateMachine4Testing.java:put(205)) - s2: put 111, m55 -> (t:1, i:111), STATEMACHINELOGENTRY, 55@client-3DF12FA71C19
2023-03-28 15:08:16,002 [s2@group-E1F6B44CDAE7-StateMachineUpdater] INFO  impl.SimpleStateMachine4Testing (SimpleStateMachine4Testing.java:put(205)) - s2: put 113, m56 -> (t:1, i:113), STATEMACHINELOGENTRY, 56@client-3DF12FA71C19
2023-03-28 15:08:16,002 [s2@group-E1F6B44CDAE7-StateMachineUpdater] INFO  impl.SimpleStateMachine4Testing (SimpleStateMachine4Testing.java:put(205)) - s2: put 115, m57 -> (t:1, i:115), STATEMACHINELOGENTRY, 57@client-3DF12FA71C19
2023-03-28 15:08:16,003 [s2@group-E1F6B44CDAE7-StateMachineUpdater] INFO  impl.SimpleStateMachine4Testing (SimpleStateMachine4Testing.java:put(205)) - s2: put 117, m58 -> (t:1, i:117), STATEMACHINELOGENTRY, 58@client-3DF12FA71C19
2023-03-28 15:08:16,003 [s2@group-E1F6B44CDAE7-StateMachineUpdater] INFO  impl.SimpleStateMachine4Testing (SimpleStateMachine4Testing.java:put(205)) - s2: put 119, m59 -> (t:1, i:119), STATEMACHINELOGENTRY, 59@client-3DF12FA71C19
2023-03-28 15:08:16,003 [s2@group-E1F6B44CDAE7-StateMachineUpdater] INFO  impl.SimpleStateMachine4Testing (SimpleStateMachine4Testing.java:put(205)) - s2: put 121, m60 -> (t:1, i:121), STATEMACHINELOGENTRY, 60@client-3DF12FA71C19
2023-03-28 15:08:16,003 [s2@group-E1F6B44CDAE7-StateMachineUpdater] INFO  impl.SimpleStateMachine4Testing (SimpleStateMachine4Testing.java:put(205)) - s2: put 123, m61 -> (t:1, i:123), STATEMACHINELOGENTRY, 61@client-3DF12FA71C19
2023-03-28 15:08:16,003 [s2@group-E1F6B44CDAE7-StateMachineUpdater] INFO  impl.SimpleStateMachine4Testing (SimpleStateMachine4Testing.java:put(205)) - s2: put 125, m62 -> (t:1, i:125), STATEMACHINELOGENTRY, 62@client-3DF12FA71C19
2023-03-28 15:08:16,003 [s2@group-E1F6B44CDAE7-StateMachineUpdater] INFO  impl.SimpleStateMachine4Testing (SimpleStateMachine4Testing.java:put(205)) - s2: put 127, m63 -> (t:1, i:127), STATEMACHINELOGENTRY, 63@client-3DF12FA71C19
2023-03-28 15:08:16,003 [s2@group-E1F6B44CDAE7-StateMachineUpdater] INFO  impl.SimpleStateMachine4Testing (SimpleStateMachine4Testing.java:put(205)) - s2: put 129, m64 -> (t:1, i:129), STATEMACHINELOGENTRY, 64@client-3DF12FA71C19
2023-03-28 15:08:16,003 [s2@group-E1F6B44CDAE7-StateMachineUpdater] INFO  impl.SimpleStateMachine4Testing (SimpleStateMachine4Testing.java:put(205)) - s2: put 131, m65 -> (t:1, i:131), STATEMACHINELOGENTRY, 65@client-3DF12FA71C19
2023-03-28 15:08:16,003 [s2@group-E1F6B44CDAE7-StateMachineUpdater] INFO  impl.SimpleStateMachine4Testing (SimpleStateMachine4Testing.java:put(205)) - s2: put 133, m66 -> (t:1, i:133), STATEMACHINELOGENTRY, 66@client-3DF12FA71C19
2023-03-28 15:08:16,003 [s2@group-E1F6B44CDAE7-StateMachineUpdater] INFO  impl.SimpleStateMachine4Testing (SimpleStateMachine4Testing.java:put(205)) - s2: put 135, m67 -> (t:1, i:135), STATEMACHINELOGENTRY, 67@client-3DF12FA71C19
2023-03-28 15:08:16,004 [s2@group-E1F6B44CDAE7-StateMachineUpdater] INFO  impl.SimpleStateMachine4Testing (SimpleStateMachine4Testing.java:put(205)) - s2: put 137, m68 -> (t:1, i:137), STATEMACHINELOGENTRY, 68@client-3DF12FA71C19
2023-03-28 15:08:16,004 [s2@group-E1F6B44CDAE7-StateMachineUpdater] INFO  impl.SimpleStateMachine4Testing (SimpleStateMachine4Testing.java:put(205)) - s2: put 139, m69 -> (t:1, i:139), STATEMACHINELOGENTRY, 69@client-3DF12FA71C19
2023-03-28 15:08:16,004 [s2@group-E1F6B44CDAE7-StateMachineUpdater] INFO  impl.SimpleStateMachine4Testing (SimpleStateMachine4Testing.java:put(205)) - s2: put 141, m70 -> (t:1, i:141), STATEMACHINELOGENTRY, 70@client-3DF12FA71C19
2023-03-28 15:08:16,004 [s2@group-E1F6B44CDAE7-StateMachineUpdater] INFO  impl.SimpleStateMachine4Testing (SimpleStateMachine4Testing.java:put(205)) - s2: put 143, m71 -> (t:1, i:143), STATEMACHINELOGENTRY, 71@client-3DF12FA71C19
2023-03-28 15:08:16,004 [s2@group-E1F6B44CDAE7-StateMachineUpdater] INFO  impl.SimpleStateMachine4Testing (SimpleStateMachine4Testing.java:put(205)) - s2: put 145, m72 -> (t:1, i:145), STATEMACHINELOGENTRY, 72@client-3DF12FA71C19
2023-03-28 15:08:16,004 [s2@group-E1F6B44CDAE7-StateMachineUpdater] INFO  impl.SimpleStateMachine4Testing (SimpleStateMachine4Testing.java:put(205)) - s2: put 147, m73 -> (t:1, i:147), STATEMACHINELOGENTRY, 73@client-3DF12FA71C19
2023-03-28 15:08:16,004 [s2@group-E1F6B44CDAE7-StateMachineUpdater] INFO  impl.SimpleStateMachine4Testing (SimpleStateMachine4Testing.java:put(205)) - s2: put 149, m74 -> (t:1, i:149), STATEMACHINELOGENTRY, 74@client-3DF12FA71C19
2023-03-28 15:08:16,004 [s2@group-E1F6B44CDAE7-StateMachineUpdater] INFO  impl.SimpleStateMachine4Testing (SimpleStateMachine4Testing.java:put(205)) - s2: put 151, m75 -> (t:1, i:151), STATEMACHINELOGENTRY, 75@client-3DF12FA71C19
2023-03-28 15:08:16,004 [s2@group-E1F6B44CDAE7-StateMachineUpdater] INFO  impl.SimpleStateMachine4Testing (SimpleStateMachine4Testing.java:put(205)) - s2: put 153, m76 -> (t:1, i:153), STATEMACHINELOGENTRY, 76@client-3DF12FA71C19
2023-03-28 15:08:16,005 [s2@group-E1F6B44CDAE7-StateMachineUpdater] INFO  impl.SimpleStateMachine4Testing (SimpleStateMachine4Testing.java:put(205)) - s2: put 155, m77 -> (t:1, i:155), STATEMACHINELOGENTRY, 77@client-3DF12FA71C19
2023-03-28 15:08:16,005 [s1@group-E1F6B44CDAE7-StateMachineUpdater] INFO  impl.SimpleStateMachine4Testing (SimpleStateMachine4Testing.java:put(205)) - s1: put 161, m80 -> (t:1, i:161), STATEMACHINELOGENTRY, 80@client-3DF12FA71C19
2023-03-28 15:08:16,008 [s1@group-E1F6B44CDAE7-StateMachineUpdater] INFO  impl.SimpleStateMachine4Testing (SimpleStateMachine4Testing.java:put(205)) - s1: put 163, m81 -> (t:1, i:163), STATEMACHINELOGENTRY, 81@client-3DF12FA71C19
2023-03-28 15:08:16,008 [s1@group-E1F6B44CDAE7-StateMachineUpdater] INFO  impl.SimpleStateMachine4Testing (SimpleStateMachine4Testing.java:put(205)) - s1: put 165, m82 -> (t:1, i:165), STATEMACHINELOGENTRY, 82@client-3DF12FA71C19
2023-03-28 15:08:16,008 [s1@group-E1F6B44CDAE7-StateMachineUpdater] INFO  impl.SimpleStateMachine4Testing (SimpleStateMachine4Testing.java:put(205)) - s1: put 167, m83 -> (t:1, i:167), STATEMACHINELOGENTRY, 83@client-3DF12FA71C19
2023-03-28 15:08:16,008 [s1@group-E1F6B44CDAE7-StateMachineUpdater] INFO  impl.SimpleStateMachine4Testing (SimpleStateMachine4Testing.java:put(205)) - s1: put 169, m84 -> (t:1, i:169), STATEMACHINELOGENTRY, 84@client-3DF12FA71C19
2023-03-28 15:08:16,008 [s1@group-E1F6B44CDAE7-StateMachineUpdater] INFO  impl.SimpleStateMachine4Testing (SimpleStateMachine4Testing.java:put(205)) - s1: put 171, m85 -> (t:1, i:171), STATEMACHINELOGENTRY, 85@client-3DF12FA71C19
2023-03-28 15:08:16,008 [s1@group-E1F6B44CDAE7-StateMachineUpdater] INFO  impl.SimpleStateMachine4Testing (SimpleStateMachine4Testing.java:put(205)) - s1: put 173, m86 -> (t:1, i:173), STATEMACHINELOGENTRY, 86@client-3DF12FA71C19
2023-03-28 15:08:16,008 [s1@group-E1F6B44CDAE7-StateMachineUpdater] INFO  impl.SimpleStateMachine4Testing (SimpleStateMachine4Testing.java:put(205)) - s1: put 175, m87 -> (t:1, i:175), STATEMACHINELOGENTRY, 87@client-3DF12FA71C19
2023-03-28 15:08:16,009 [s1@group-E1F6B44CDAE7-StateMachineUpdater] INFO  impl.SimpleStateMachine4Testing (SimpleStateMachine4Testing.java:put(205)) - s1: put 177, m88 -> (t:1, i:177), STATEMACHINELOGENTRY, 88@client-3DF12FA71C19
2023-03-28 15:08:16,009 [s1@group-E1F6B44CDAE7-StateMachineUpdater] INFO  impl.SimpleStateMachine4Testing (SimpleStateMachine4Testing.java:put(205)) - s1: put 179, m89 -> (t:1, i:179), STATEMACHINELOGENTRY, 89@client-3DF12FA71C19
2023-03-28 15:08:16,009 [s1@group-E1F6B44CDAE7-StateMachineUpdater] INFO  impl.SimpleStateMachine4Testing (SimpleStateMachine4Testing.java:put(205)) - s1: put 181, m90 -> (t:1, i:181), STATEMACHINELOGENTRY, 90@client-3DF12FA71C19
2023-03-28 15:08:16,009 [s1@group-E1F6B44CDAE7-StateMachineUpdater] INFO  impl.SimpleStateMachine4Testing (SimpleStateMachine4Testing.java:put(205)) - s1: put 183, m91 -> (t:1, i:183), STATEMACHINELOGENTRY, 91@client-3DF12FA71C19
2023-03-28 15:08:16,009 [s1@group-E1F6B44CDAE7-StateMachineUpdater] INFO  impl.SimpleStateMachine4Testing (SimpleStateMachine4Testing.java:put(205)) - s1: put 185, m92 -> (t:1, i:185), STATEMACHINELOGENTRY, 92@client-3DF12FA71C19
2023-03-28 15:08:16,009 [s1@group-E1F6B44CDAE7-StateMachineUpdater] INFO  impl.SimpleStateMachine4Testing (SimpleStateMachine4Testing.java:put(205)) - s1: put 187, m93 -> (t:1, i:187), STATEMACHINELOGENTRY, 93@client-3DF12FA71C19
2023-03-28 15:08:16,009 [s1@group-E1F6B44CDAE7-StateMachineUpdater] INFO  impl.SimpleStateMachine4Testing (SimpleStateMachine4Testing.java:put(205)) - s1: put 189, m94 -> (t:1, i:189), STATEMACHINELOGENTRY, 94@client-3DF12FA71C19
2023-03-28 15:08:16,009 [s1@group-E1F6B44CDAE7-StateMachineUpdater] INFO  impl.SimpleStateMachine4Testing (SimpleStateMachine4Testing.java:put(205)) - s1: put 191, m95 -> (t:1, i:191), STATEMACHINELOGENTRY, 95@client-3DF12FA71C19
2023-03-28 15:08:16,010 [s1@group-E1F6B44CDAE7-StateMachineUpdater] INFO  impl.StateMachineUpdater (StateMachineUpdater.java:lambda$new$0(96)) - s1@group-E1F6B44CDAE7-StateMachineUpdater: snapshotIndex: setUnconditionally -1 -> 191
2023-03-28 15:08:16,010 [s1@group-E1F6B44CDAE7-StateMachineUpdater] INFO  impl.StateMachineUpdater (StateMachineUpdater.java:lambda$new$0(96)) - s1@group-E1F6B44CDAE7-StateMachineUpdater: appliedIndex: setUnconditionally -1 -> 191
2023-03-28 15:08:16,010 [s2@group-E1F6B44CDAE7-StateMachineUpdater] INFO  impl.SimpleStateMachine4Testing (SimpleStateMachine4Testing.java:put(205)) - s2: put 157, m78 -> (t:1, i:157), STATEMACHINELOGENTRY, 78@client-3DF12FA71C19
2023-03-28 15:08:16,011 [s2@group-E1F6B44CDAE7-StateMachineUpdater] INFO  impl.SimpleStateMachine4Testing (SimpleStateMachine4Testing.java:put(205)) - s2: put 159, m79 -> (t:1, i:159), STATEMACHINELOGENTRY, 79@client-3DF12FA71C19
2023-03-28 15:08:16,011 [s2@group-E1F6B44CDAE7-StateMachineUpdater] INFO  impl.SimpleStateMachine4Testing (SimpleStateMachine4Testing.java:put(205)) - s2: put 161, m80 -> (t:1, i:161), STATEMACHINELOGENTRY, 80@client-3DF12FA71C19
2023-03-28 15:08:16,011 [s2@group-E1F6B44CDAE7-StateMachineUpdater] INFO  impl.SimpleStateMachine4Testing (SimpleStateMachine4Testing.java:put(205)) - s2: put 163, m81 -> (t:1, i:163), STATEMACHINELOGENTRY, 81@client-3DF12FA71C19
2023-03-28 15:08:16,011 [s2@group-E1F6B44CDAE7-StateMachineUpdater] INFO  impl.SimpleStateMachine4Testing (SimpleStateMachine4Testing.java:put(205)) - s2: put 165, m82 -> (t:1, i:165), STATEMACHINELOGENTRY, 82@client-3DF12FA71C19
2023-03-28 15:08:16,011 [s2@group-E1F6B44CDAE7-StateMachineUpdater] INFO  impl.SimpleStateMachine4Testing (SimpleStateMachine4Testing.java:put(205)) - s2: put 167, m83 -> (t:1, i:167), STATEMACHINELOGENTRY, 83@client-3DF12FA71C19
2023-03-28 15:08:16,011 [s2@group-E1F6B44CDAE7-StateMachineUpdater] INFO  impl.SimpleStateMachine4Testing (SimpleStateMachine4Testing.java:put(205)) - s2: put 169, m84 -> (t:1, i:169), STATEMACHINELOGENTRY, 84@client-3DF12FA71C19
2023-03-28 15:08:16,011 [s2@group-E1F6B44CDAE7-StateMachineUpdater] INFO  impl.SimpleStateMachine4Testing (SimpleStateMachine4Testing.java:put(205)) - s2: put 171, m85 -> (t:1, i:171), STATEMACHINELOGENTRY, 85@client-3DF12FA71C19
2023-03-28 15:08:16,011 [s2@group-E1F6B44CDAE7-StateMachineUpdater] INFO  impl.SimpleStateMachine4Testing (SimpleStateMachine4Testing.java:put(205)) - s2: put 173, m86 -> (t:1, i:173), STATEMACHINELOGENTRY, 86@client-3DF12FA71C19
2023-03-28 15:08:16,011 [s2@group-E1F6B44CDAE7-StateMachineUpdater] INFO  impl.SimpleStateMachine4Testing (SimpleStateMachine4Testing.java:put(205)) - s2: put 175, m87 -> (t:1, i:175), STATEMACHINELOGENTRY, 87@client-3DF12FA71C19
2023-03-28 15:08:16,011 [s2@group-E1F6B44CDAE7-StateMachineUpdater] INFO  impl.SimpleStateMachine4Testing (SimpleStateMachine4Testing.java:put(205)) - s2: put 177, m88 -> (t:1, i:177), STATEMACHINELOGENTRY, 88@client-3DF12FA71C19
2023-03-28 15:08:16,012 [s2@group-E1F6B44CDAE7-StateMachineUpdater] INFO  impl.SimpleStateMachine4Testing (SimpleStateMachine4Testing.java:put(205)) - s2: put 179, m89 -> (t:1, i:179), STATEMACHINELOGENTRY, 89@client-3DF12FA71C19
2023-03-28 15:08:16,012 [s2@group-E1F6B44CDAE7-StateMachineUpdater] INFO  impl.SimpleStateMachine4Testing (SimpleStateMachine4Testing.java:put(205)) - s2: put 181, m90 -> (t:1, i:181), STATEMACHINELOGENTRY, 90@client-3DF12FA71C19
2023-03-28 15:08:16,012 [s2@group-E1F6B44CDAE7-StateMachineUpdater] INFO  impl.SimpleStateMachine4Testing (SimpleStateMachine4Testing.java:put(205)) - s2: put 183, m91 -> (t:1, i:183), STATEMACHINELOGENTRY, 91@client-3DF12FA71C19
2023-03-28 15:08:16,012 [s2@group-E1F6B44CDAE7-StateMachineUpdater] INFO  impl.SimpleStateMachine4Testing (SimpleStateMachine4Testing.java:put(205)) - s2: put 185, m92 -> (t:1, i:185), STATEMACHINELOGENTRY, 92@client-3DF12FA71C19
2023-03-28 15:08:16,012 [s2@group-E1F6B44CDAE7-StateMachineUpdater] INFO  impl.SimpleStateMachine4Testing (SimpleStateMachine4Testing.java:put(205)) - s2: put 187, m93 -> (t:1, i:187), STATEMACHINELOGENTRY, 93@client-3DF12FA71C19
2023-03-28 15:08:16,012 [s2@group-E1F6B44CDAE7-StateMachineUpdater] INFO  impl.SimpleStateMachine4Testing (SimpleStateMachine4Testing.java:put(205)) - s2: put 189, m94 -> (t:1, i:189), STATEMACHINELOGENTRY, 94@client-3DF12FA71C19
2023-03-28 15:08:16,012 [s2@group-E1F6B44CDAE7-StateMachineUpdater] INFO  impl.SimpleStateMachine4Testing (SimpleStateMachine4Testing.java:put(205)) - s2: put 191, m95 -> (t:1, i:191), STATEMACHINELOGENTRY, 95@client-3DF12FA71C19
2023-03-28 15:08:16,012 [s2@group-E1F6B44CDAE7-StateMachineUpdater] INFO  impl.StateMachineUpdater (StateMachineUpdater.java:lambda$new$0(96)) - s2@group-E1F6B44CDAE7-StateMachineUpdater: snapshotIndex: setUnconditionally -1 -> 191
2023-03-28 15:08:16,012 [s2@group-E1F6B44CDAE7-StateMachineUpdater] INFO  impl.StateMachineUpdater (StateMachineUpdater.java:lambda$new$0(96)) - s2@group-E1F6B44CDAE7-StateMachineUpdater: appliedIndex: setUnconditionally -1 -> 191
2023-03-28 15:08:16,029 [s1-server-thread1] INFO  impl.RoleInfo (RoleInfo.java:updateAndGet(139)) - s1: start s1@group-E1F6B44CDAE7-FollowerState
2023-03-28 15:08:16,041 [s1@group-E1F6B44CDAE7-FollowerState] INFO  server.RaftServerConfigKeys (ConfUtils.java:logFallback(53)) - raft.server.rpc.first-election.timeout.min = 150ms (fallback to raft.server.rpc.timeout.min)
2023-03-28 15:08:16,041 [s1@group-E1F6B44CDAE7-FollowerState] INFO  server.RaftServerConfigKeys (ConfUtils.java:logFallback(53)) - raft.server.rpc.first-election.timeout.max = 300ms (fallback to raft.server.rpc.timeout.max)
2023-03-28 15:08:16,047 [s2-server-thread1] INFO  impl.RoleInfo (RoleInfo.java:updateAndGet(139)) - s2: start s2@group-E1F6B44CDAE7-FollowerState
2023-03-28 15:08:16,049 [s1-server-thread1] INFO  segmented.SegmentedRaftLogWorker (SegmentedRaftLogWorker.java:startLogSegment(426)) - s1@group-E1F6B44CDAE7-SegmentedRaftLogWorker: Starting segment from index:192
2023-03-28 15:08:16,060 [s2@group-E1F6B44CDAE7-FollowerState] INFO  server.RaftServerConfigKeys (ConfUtils.java:logFallback(53)) - raft.server.rpc.first-election.timeout.min = 150ms (fallback to raft.server.rpc.timeout.min)
2023-03-28 15:08:16,060 [s2@group-E1F6B44CDAE7-FollowerState] INFO  server.RaftServerConfigKeys (ConfUtils.java:logFallback(53)) - raft.server.rpc.first-election.timeout.max = 300ms (fallback to raft.server.rpc.timeout.max)
2023-03-28 15:08:16,064 [s1@group-E1F6B44CDAE7-SegmentedRaftLogWorker] INFO  segmented.SegmentedRaftLogWorker (SegmentedRaftLogWorker.java:execute(630)) - s1@group-E1F6B44CDAE7-SegmentedRaftLogWorker: created new log segment /home/runner/work/ratis/ratis/ratis-test/target/test/data/d2acef73/MiniRaftClusterWithGrpc890f7586/s1/bf1d157c-210b-4a9b-a3bf-e1f6b44cdae7/current/log_inprogress_192
2023-03-28 15:08:16,070 [s1@group-E1F6B44CDAE7-StateMachineUpdater] INFO  impl.SimpleStateMachine4Testing (SimpleStateMachine4Testing.java:put(205)) - s1: put 193, m96 -> (t:1, i:193), STATEMACHINELOGENTRY, 96@client-3DF12FA71C19
2023-03-28 15:08:16,071 [s1@group-E1F6B44CDAE7-StateMachineUpdater] INFO  impl.SimpleStateMachine4Testing (SimpleStateMachine4Testing.java:put(205)) - s1: put 195, m97 -> (t:1, i:195), STATEMACHINELOGENTRY, 97@client-3DF12FA71C19
2023-03-28 15:08:16,071 [s1@group-E1F6B44CDAE7-StateMachineUpdater] INFO  impl.SimpleStateMachine4Testing (SimpleStateMachine4Testing.java:put(205)) - s1: put 197, m98 -> (t:1, i:197), STATEMACHINELOGENTRY, 98@client-3DF12FA71C19
2023-03-28 15:08:16,071 [s1@group-E1F6B44CDAE7-StateMachineUpdater] INFO  impl.SimpleStateMachine4Testing (SimpleStateMachine4Testing.java:put(205)) - s1: put 199, m99 -> (t:1, i:199), STATEMACHINELOGENTRY, 99@client-3DF12FA71C19
2023-03-28 15:08:16,072 [s1@group-E1F6B44CDAE7-StateMachineUpdater] INFO  impl.SimpleStateMachine4Testing (SimpleStateMachine4Testing.java:put(205)) - s1: put 201, m100 -> (t:1, i:201), STATEMACHINELOGENTRY, 100@client-3DF12FA71C19
2023-03-28 15:08:16,075 [s0@group-E1F6B44CDAE7-LeaderStateImpl] INFO  server.RaftServer$Division (ServerState.java:setRaftConf(377)) - s0@group-E1F6B44CDAE7: set configuration 255: peers:[s0|rpc:localhost:43615|admin:localhost:42905|client:localhost:45435|dataStream:localhost:40913|priority:0|startupRole:FOLLOWER, s1|rpc:0.0.0.0:34479|dataStream:|priority:0|startupRole:FOLLOWER, s2|rpc:0.0.0.0:33949|dataStream:|priority:0|startupRole:FOLLOWER]|listeners:[], old=peers:[s0|rpc:localhost:43615|admin:localhost:42905|client:localhost:45435|dataStream:localhost:40913|priority:0|startupRole:FOLLOWER]|listeners:[]
2023-03-28 15:08:16,077 [s1@group-E1F6B44CDAE7-StateMachineUpdater] INFO  impl.SimpleStateMachine4Testing (SimpleStateMachine4Testing.java:put(205)) - s1: put 203, m101 -> (t:1, i:203), STATEMACHINELOGENTRY, 101@client-3DF12FA71C19
2023-03-28 15:08:16,077 [s1@group-E1F6B44CDAE7-StateMachineUpdater] INFO  impl.SimpleStateMachine4Testing (SimpleStateMachine4Testing.java:put(205)) - s1: put 205, m102 -> (t:1, i:205), STATEMACHINELOGENTRY, 102@client-3DF12FA71C19
2023-03-28 15:08:16,077 [s1@group-E1F6B44CDAE7-StateMachineUpdater] INFO  impl.SimpleStateMachine4Testing (SimpleStateMachine4Testing.java:put(205)) - s1: put 207, m103 -> (t:1, i:207), STATEMACHINELOGENTRY, 103@client-3DF12FA71C19
2023-03-28 15:08:16,077 [s1@group-E1F6B44CDAE7-StateMachineUpdater] INFO  impl.SimpleStateMachine4Testing (SimpleStateMachine4Testing.java:put(205)) - s1: put 209, m104 -> (t:1, i:209), STATEMACHINELOGENTRY, 104@client-3DF12FA71C19
2023-03-28 15:08:16,078 [s1@group-E1F6B44CDAE7-StateMachineUpdater] INFO  impl.SimpleStateMachine4Testing (SimpleStateMachine4Testing.java:put(205)) - s1: put 211, m105 -> (t:1, i:211), STATEMACHINELOGENTRY, 105@client-3DF12FA71C19
2023-03-28 15:08:16,078 [s1@group-E1F6B44CDAE7-StateMachineUpdater] INFO  impl.SimpleStateMachine4Testing (SimpleStateMachine4Testing.java:put(205)) - s1: put 213, m106 -> (t:1, i:213), STATEMACHINELOGENTRY, 106@client-3DF12FA71C19
2023-03-28 15:08:16,078 [s1@group-E1F6B44CDAE7-StateMachineUpdater] INFO  impl.SimpleStateMachine4Testing (SimpleStateMachine4Testing.java:put(205)) - s1: put 215, m107 -> (t:1, i:215), STATEMACHINELOGENTRY, 107@client-3DF12FA71C19
2023-03-28 15:08:16,078 [s1@group-E1F6B44CDAE7-StateMachineUpdater] INFO  impl.SimpleStateMachine4Testing (SimpleStateMachine4Testing.java:put(205)) - s1: put 217, m108 -> (t:1, i:217), STATEMACHINELOGENTRY, 108@client-3DF12FA71C19
2023-03-28 15:08:16,079 [s1@group-E1F6B44CDAE7-StateMachineUpdater] INFO  impl.SimpleStateMachine4Testing (SimpleStateMachine4Testing.java:put(205)) - s1: put 219, m109 -> (t:1, i:219), STATEMACHINELOGENTRY, 109@client-3DF12FA71C19
2023-03-28 15:08:16,079 [s1-server-thread1] INFO  server.RaftServer$Division (ServerState.java:setRaftConf(377)) - s1@group-E1F6B44CDAE7: set configuration 255: peers:[s0|rpc:localhost:43615|admin:localhost:42905|client:localhost:45435|dataStream:localhost:40913|priority:0|startupRole:FOLLOWER, s1|rpc:0.0.0.0:34479|dataStream:|priority:0|startupRole:FOLLOWER, s2|rpc:0.0.0.0:33949|dataStream:|priority:0|startupRole:FOLLOWER]|listeners:[], old=peers:[s0|rpc:localhost:43615|admin:localhost:42905|client:localhost:45435|dataStream:localhost:40913|priority:0|startupRole:FOLLOWER]|listeners:[]
2023-03-28 15:08:16,079 [s2-server-thread2] INFO  segmented.SegmentedRaftLogWorker (SegmentedRaftLogWorker.java:startLogSegment(426)) - s2@group-E1F6B44CDAE7-SegmentedRaftLogWorker: Starting segment from index:192
2023-03-28 15:08:16,080 [s1@group-E1F6B44CDAE7-StateMachineUpdater] INFO  impl.SimpleStateMachine4Testing (SimpleStateMachine4Testing.java:put(205)) - s1: put 221, m110 -> (t:1, i:221), STATEMACHINELOGENTRY, 110@client-3DF12FA71C19
2023-03-28 15:08:16,084 [s1@group-E1F6B44CDAE7-StateMachineUpdater] INFO  impl.SimpleStateMachine4Testing (SimpleStateMachine4Testing.java:put(205)) - s1: put 223, m111 -> (t:1, i:223), STATEMACHINELOGENTRY, 111@client-3DF12FA71C19
2023-03-28 15:08:16,084 [s1@group-E1F6B44CDAE7-StateMachineUpdater] INFO  impl.SimpleStateMachine4Testing (SimpleStateMachine4Testing.java:put(205)) - s1: put 225, m112 -> (t:1, i:225), STATEMACHINELOGENTRY, 112@client-3DF12FA71C19
2023-03-28 15:08:16,085 [s1@group-E1F6B44CDAE7-StateMachineUpdater] INFO  impl.SimpleStateMachine4Testing (SimpleStateMachine4Testing.java:put(205)) - s1: put 227, m113 -> (t:1, i:227), STATEMACHINELOGENTRY, 113@client-3DF12FA71C19
2023-03-28 15:08:16,085 [s1@group-E1F6B44CDAE7-StateMachineUpdater] INFO  impl.SimpleStateMachine4Testing (SimpleStateMachine4Testing.java:put(205)) - s1: put 229, m114 -> (t:1, i:229), STATEMACHINELOGENTRY, 114@client-3DF12FA71C19
2023-03-28 15:08:16,085 [s1@group-E1F6B44CDAE7-StateMachineUpdater] INFO  impl.SimpleStateMachine4Testing (SimpleStateMachine4Testing.java:put(205)) - s1: put 231, m115 -> (t:1, i:231), STATEMACHINELOGENTRY, 115@client-3DF12FA71C19
2023-03-28 15:08:16,085 [s1@group-E1F6B44CDAE7-StateMachineUpdater] INFO  impl.SimpleStateMachine4Testing (SimpleStateMachine4Testing.java:put(205)) - s1: put 233, m116 -> (t:1, i:233), STATEMACHINELOGENTRY, 116@client-3DF12FA71C19
2023-03-28 15:08:16,086 [s1@group-E1F6B44CDAE7-StateMachineUpdater] INFO  impl.SimpleStateMachine4Testing (SimpleStateMachine4Testing.java:put(205)) - s1: put 235, m117 -> (t:1, i:235), STATEMACHINELOGENTRY, 117@client-3DF12FA71C19
2023-03-28 15:08:16,086 [s1@group-E1F6B44CDAE7-StateMachineUpdater] INFO  impl.SimpleStateMachine4Testing (SimpleStateMachine4Testing.java:put(205)) - s1: put 237, m118 -> (t:1, i:237), STATEMACHINELOGENTRY, 118@client-3DF12FA71C19
2023-03-28 15:08:16,086 [s1@group-E1F6B44CDAE7-StateMachineUpdater] INFO  impl.SimpleStateMachine4Testing (SimpleStateMachine4Testing.java:put(205)) - s1: put 239, m119 -> (t:1, i:239), STATEMACHINELOGENTRY, 119@client-3DF12FA71C19
2023-03-28 15:08:16,086 [s1@group-E1F6B44CDAE7-StateMachineUpdater] INFO  impl.SimpleStateMachine4Testing (SimpleStateMachine4Testing.java:put(205)) - s1: put 241, m120 -> (t:1, i:241), STATEMACHINELOGENTRY, 120@client-3DF12FA71C19
2023-03-28 15:08:16,087 [s1@group-E1F6B44CDAE7-StateMachineUpdater] INFO  impl.SimpleStateMachine4Testing (SimpleStateMachine4Testing.java:put(205)) - s1: put 243, m121 -> (t:1, i:243), STATEMACHINELOGENTRY, 121@client-3DF12FA71C19
2023-03-28 15:08:16,087 [s1@group-E1F6B44CDAE7-StateMachineUpdater] INFO  impl.SimpleStateMachine4Testing (SimpleStateMachine4Testing.java:put(205)) - s1: put 245, m122 -> (t:1, i:245), STATEMACHINELOGENTRY, 122@client-3DF12FA71C19
2023-03-28 15:08:16,087 [s1@group-E1F6B44CDAE7-StateMachineUpdater] INFO  impl.SimpleStateMachine4Testing (SimpleStateMachine4Testing.java:put(205)) - s1: put 247, m123 -> (t:1, i:247), STATEMACHINELOGENTRY, 123@client-3DF12FA71C19
2023-03-28 15:08:16,112 [s0@group-E1F6B44CDAE7-LeaderStateImpl] INFO  server.RaftServer$Division (ServerState.java:setRaftConf(377)) - s0@group-E1F6B44CDAE7: set configuration 257: peers:[s0|rpc:localhost:43615|admin:localhost:42905|client:localhost:45435|dataStream:localhost:40913|priority:0|startupRole:FOLLOWER, s1|rpc:0.0.0.0:34479|dataStream:|priority:0|startupRole:FOLLOWER, s2|rpc:0.0.0.0:33949|dataStream:|priority:0|startupRole:FOLLOWER]|listeners:[], old=null
2023-03-28 15:08:16,117 [s2-server-thread2] INFO  server.RaftServer$Division (ServerState.java:setRaftConf(377)) - s2@group-E1F6B44CDAE7: set configuration 255: peers:[s0|rpc:localhost:43615|admin:localhost:42905|client:localhost:45435|dataStream:localhost:40913|priority:0|startupRole:FOLLOWER, s1|rpc:0.0.0.0:34479|dataStream:|priority:0|startupRole:FOLLOWER, s2|rpc:0.0.0.0:33949|dataStream:|priority:0|startupRole:FOLLOWER]|listeners:[], old=peers:[s0|rpc:localhost:43615|admin:localhost:42905|client:localhost:45435|dataStream:localhost:40913|priority:0|startupRole:FOLLOWER]|listeners:[]
2023-03-28 15:08:16,118 [s2@group-E1F6B44CDAE7-SegmentedRaftLogWorker] INFO  segmented.SegmentedRaftLogWorker (SegmentedRaftLogWorker.java:execute(630)) - s2@group-E1F6B44CDAE7-SegmentedRaftLogWorker: created new log segment /home/runner/work/ratis/ratis/ratis-test/target/test/data/d2acef73/MiniRaftClusterWithGrpc890f7586/s2/bf1d157c-210b-4a9b-a3bf-e1f6b44cdae7/current/log_inprogress_192
2023-03-28 15:08:16,118 [s1@group-E1F6B44CDAE7-StateMachineUpdater] INFO  impl.SimpleStateMachine4Testing (SimpleStateMachine4Testing.java:put(205)) - s1: put 249, m124 -> (t:1, i:249), STATEMACHINELOGENTRY, 124@client-3DF12FA71C19
2023-03-28 15:08:16,122 [s1@group-E1F6B44CDAE7-StateMachineUpdater] INFO  impl.SimpleStateMachine4Testing (SimpleStateMachine4Testing.java:put(205)) - s1: put 251, m125 -> (t:1, i:251), STATEMACHINELOGENTRY, 125@client-3DF12FA71C19
2023-03-28 15:08:16,123 [s1@group-E1F6B44CDAE7-StateMachineUpdater] INFO  impl.SimpleStateMachine4Testing (SimpleStateMachine4Testing.java:put(205)) - s1: put 253, m126 -> (t:1, i:253), STATEMACHINELOGENTRY, 126@client-3DF12FA71C19
2023-03-28 15:08:16,123 [s1-server-thread1] INFO  server.RaftServer$Division (ServerState.java:setRaftConf(377)) - s1@group-E1F6B44CDAE7: set configuration 257: peers:[s0|rpc:localhost:43615|admin:localhost:42905|client:localhost:45435|dataStream:localhost:40913|priority:0|startupRole:FOLLOWER, s1|rpc:0.0.0.0:34479|dataStream:|priority:0|startupRole:FOLLOWER, s2|rpc:0.0.0.0:33949|dataStream:|priority:0|startupRole:FOLLOWER]|listeners:[], old=null
2023-03-28 15:08:16,128 [s2@group-E1F6B44CDAE7-StateMachineUpdater] INFO  impl.SimpleStateMachine4Testing (SimpleStateMachine4Testing.java:put(205)) - s2: put 193, m96 -> (t:1, i:193), STATEMACHINELOGENTRY, 96@client-3DF12FA71C19
2023-03-28 15:08:16,128 [s2@group-E1F6B44CDAE7-StateMachineUpdater] INFO  impl.SimpleStateMachine4Testing (SimpleStateMachine4Testing.java:put(205)) - s2: put 195, m97 -> (t:1, i:195), STATEMACHINELOGENTRY, 97@client-3DF12FA71C19
2023-03-28 15:08:16,128 [s2@group-E1F6B44CDAE7-StateMachineUpdater] INFO  impl.SimpleStateMachine4Testing (SimpleStateMachine4Testing.java:put(205)) - s2: put 197, m98 -> (t:1, i:197), STATEMACHINELOGENTRY, 98@client-3DF12FA71C19
2023-03-28 15:08:16,129 [s2@group-E1F6B44CDAE7-StateMachineUpdater] INFO  impl.SimpleStateMachine4Testing (SimpleStateMachine4Testing.java:put(205)) - s2: put 199, m99 -> (t:1, i:199), STATEMACHINELOGENTRY, 99@client-3DF12FA71C19
2023-03-28 15:08:16,129 [s2@group-E1F6B44CDAE7-StateMachineUpdater] INFO  impl.SimpleStateMachine4Testing (SimpleStateMachine4Testing.java:put(205)) - s2: put 201, m100 -> (t:1, i:201), STATEMACHINELOGENTRY, 100@client-3DF12FA71C19
2023-03-28 15:08:16,129 [s2@group-E1F6B44CDAE7-StateMachineUpdater] INFO  impl.SimpleStateMachine4Testing (SimpleStateMachine4Testing.java:put(205)) - s2: put 203, m101 -> (t:1, i:203), STATEMACHINELOGENTRY, 101@client-3DF12FA71C19
2023-03-28 15:08:16,129 [s2@group-E1F6B44CDAE7-StateMachineUpdater] INFO  impl.SimpleStateMachine4Testing (SimpleStateMachine4Testing.java:put(205)) - s2: put 205, m102 -> (t:1, i:205), STATEMACHINELOGENTRY, 102@client-3DF12FA71C19
2023-03-28 15:08:16,129 [s2@group-E1F6B44CDAE7-StateMachineUpdater] INFO  impl.SimpleStateMachine4Testing (SimpleStateMachine4Testing.java:put(205)) - s2: put 207, m103 -> (t:1, i:207), STATEMACHINELOGENTRY, 103@client-3DF12FA71C19
2023-03-28 15:08:16,130 [s2@group-E1F6B44CDAE7-StateMachineUpdater] INFO  impl.SimpleStateMachine4Testing (SimpleStateMachine4Testing.java:put(205)) - s2: put 209, m104 -> (t:1, i:209), STATEMACHINELOGENTRY, 104@client-3DF12FA71C19
2023-03-28 15:08:16,130 [s2@group-E1F6B44CDAE7-StateMachineUpdater] INFO  impl.SimpleStateMachine4Testing (SimpleStateMachine4Testing.java:put(205)) - s2: put 211, m105 -> (t:1, i:211), STATEMACHINELOGENTRY, 105@client-3DF12FA71C19
2023-03-28 15:08:16,130 [s2@group-E1F6B44CDAE7-StateMachineUpdater] INFO  impl.SimpleStateMachine4Testing (SimpleStateMachine4Testing.java:put(205)) - s2: put 213, m106 -> (t:1, i:213), STATEMACHINELOGENTRY, 106@client-3DF12FA71C19
2023-03-28 15:08:16,130 [s2@group-E1F6B44CDAE7-StateMachineUpdater] INFO  impl.SimpleStateMachine4Testing (SimpleStateMachine4Testing.java:put(205)) - s2: put 215, m107 -> (t:1, i:215), STATEMACHINELOGENTRY, 107@client-3DF12FA71C19
2023-03-28 15:08:16,131 [s2@group-E1F6B44CDAE7-StateMachineUpdater] INFO  impl.SimpleStateMachine4Testing (SimpleStateMachine4Testing.java:put(205)) - s2: put 217, m108 -> (t:1, i:217), STATEMACHINELOGENTRY, 108@client-3DF12FA71C19
2023-03-28 15:08:16,131 [s2@group-E1F6B44CDAE7-StateMachineUpdater] INFO  impl.SimpleStateMachine4Testing (SimpleStateMachine4Testing.java:put(205)) - s2: put 219, m109 -> (t:1, i:219), STATEMACHINELOGENTRY, 109@client-3DF12FA71C19
2023-03-28 15:08:16,131 [s2@group-E1F6B44CDAE7-StateMachineUpdater] INFO  impl.SimpleStateMachine4Testing (SimpleStateMachine4Testing.java:put(205)) - s2: put 221, m110 -> (t:1, i:221), STATEMACHINELOGENTRY, 110@client-3DF12FA71C19
2023-03-28 15:08:16,131 [s2@group-E1F6B44CDAE7-StateMachineUpdater] INFO  impl.SimpleStateMachine4Testing (SimpleStateMachine4Testing.java:put(205)) - s2: put 223, m111 -> (t:1, i:223), STATEMACHINELOGENTRY, 111@client-3DF12FA71C19
2023-03-28 15:08:16,131 [s2@group-E1F6B44CDAE7-StateMachineUpdater] INFO  impl.SimpleStateMachine4Testing (SimpleStateMachine4Testing.java:put(205)) - s2: put 225, m112 -> (t:1, i:225), STATEMACHINELOGENTRY, 112@client-3DF12FA71C19
2023-03-28 15:08:16,133 [s2@group-E1F6B44CDAE7-StateMachineUpdater] INFO  impl.SimpleStateMachine4Testing (SimpleStateMachine4Testing.java:put(205)) - s2: put 227, m113 -> (t:1, i:227), STATEMACHINELOGENTRY, 113@client-3DF12FA71C19
2023-03-28 15:08:16,133 [s0@group-E1F6B44CDAE7-StateMachineUpdater] INFO  impl.StateMachineUpdater (StateMachineUpdater.java:takeSnapshot(290)) - s0@group-E1F6B44CDAE7-StateMachineUpdater: Took a snapshot at index 255
2023-03-28 15:08:16,134 [s0@group-E1F6B44CDAE7-StateMachineUpdater] INFO  impl.StateMachineUpdater (StateMachineUpdater.java:lambda$new$0(96)) - s0@group-E1F6B44CDAE7-StateMachineUpdater: snapshotIndex: updateIncreasingly 191 -> 255
2023-03-28 15:08:16,134 [s0@group-E1F6B44CDAE7-StateMachineUpdater] INFO  raftlog.RaftLog (RaftLogBase.java:purge(314)) - s0@group-E1F6B44CDAE7-SegmentedRaftLog: purge 254
2023-03-28 15:08:16,134 [s0@group-E1F6B44CDAE7-StateMachineUpdater] INFO  raftlog.RaftLog (RaftLogBase.java:lambda$new$0(53)) - s0@group-E1F6B44CDAE7-SegmentedRaftLog: snapshotIndex: updateIncreasingly 191 -> 255
2023-03-28 15:08:16,134 [s0@group-E1F6B44CDAE7-StateMachineUpdater] INFO  raftlog.RaftLog (RaftLogBase.java:lambda$new$0(53)) - s0@group-E1F6B44CDAE7-SegmentedRaftLog: purgeIndex: updateToMax old=191, new=254, updated? true
2023-03-28 15:08:16,135 [s2@group-E1F6B44CDAE7-StateMachineUpdater] INFO  impl.SimpleStateMachine4Testing (SimpleStateMachine4Testing.java:put(205)) - s2: put 229, m114 -> (t:1, i:229), STATEMACHINELOGENTRY, 114@client-3DF12FA71C19
2023-03-28 15:08:16,135 [s2@group-E1F6B44CDAE7-StateMachineUpdater] INFO  impl.SimpleStateMachine4Testing (SimpleStateMachine4Testing.java:put(205)) - s2: put 231, m115 -> (t:1, i:231), STATEMACHINELOGENTRY, 115@client-3DF12FA71C19
2023-03-28 15:08:16,136 [s2@group-E1F6B44CDAE7-StateMachineUpdater] INFO  impl.SimpleStateMachine4Testing (SimpleStateMachine4Testing.java:put(205)) - s2: put 233, m116 -> (t:1, i:233), STATEMACHINELOGENTRY, 116@client-3DF12FA71C19
2023-03-28 15:08:16,136 [s2@group-E1F6B44CDAE7-StateMachineUpdater] INFO  impl.SimpleStateMachine4Testing (SimpleStateMachine4Testing.java:put(205)) - s2: put 235, m117 -> (t:1, i:235), STATEMACHINELOGENTRY, 117@client-3DF12FA71C19
2023-03-28 15:08:16,136 [s2@group-E1F6B44CDAE7-StateMachineUpdater] INFO  impl.SimpleStateMachine4Testing (SimpleStateMachine4Testing.java:put(205)) - s2: put 237, m118 -> (t:1, i:237), STATEMACHINELOGENTRY, 118@client-3DF12FA71C19
2023-03-28 15:08:16,137 [s2@group-E1F6B44CDAE7-StateMachineUpdater] INFO  impl.SimpleStateMachine4Testing (SimpleStateMachine4Testing.java:put(205)) - s2: put 239, m119 -> (t:1, i:239), STATEMACHINELOGENTRY, 119@client-3DF12FA71C19
2023-03-28 15:08:16,137 [s2@group-E1F6B44CDAE7-StateMachineUpdater] INFO  impl.SimpleStateMachine4Testing (SimpleStateMachine4Testing.java:put(205)) - s2: put 241, m120 -> (t:1, i:241), STATEMACHINELOGENTRY, 120@client-3DF12FA71C19
2023-03-28 15:08:16,137 [s2@group-E1F6B44CDAE7-StateMachineUpdater] INFO  impl.SimpleStateMachine4Testing (SimpleStateMachine4Testing.java:put(205)) - s2: put 243, m121 -> (t:1, i:243), STATEMACHINELOGENTRY, 121@client-3DF12FA71C19
2023-03-28 15:08:16,137 [s2@group-E1F6B44CDAE7-StateMachineUpdater] INFO  impl.SimpleStateMachine4Testing (SimpleStateMachine4Testing.java:put(205)) - s2: put 245, m122 -> (t:1, i:245), STATEMACHINELOGENTRY, 122@client-3DF12FA71C19
2023-03-28 15:08:16,138 [s2@group-E1F6B44CDAE7-StateMachineUpdater] INFO  impl.SimpleStateMachine4Testing (SimpleStateMachine4Testing.java:put(205)) - s2: put 247, m123 -> (t:1, i:247), STATEMACHINELOGENTRY, 123@client-3DF12FA71C19
2023-03-28 15:08:16,138 [s2@group-E1F6B44CDAE7-StateMachineUpdater] INFO  impl.SimpleStateMachine4Testing (SimpleStateMachine4Testing.java:put(205)) - s2: put 249, m124 -> (t:1, i:249), STATEMACHINELOGENTRY, 124@client-3DF12FA71C19
2023-03-28 15:08:16,140 [s2@group-E1F6B44CDAE7-StateMachineUpdater] INFO  impl.SimpleStateMachine4Testing (SimpleStateMachine4Testing.java:put(205)) - s2: put 251, m125 -> (t:1, i:251), STATEMACHINELOGENTRY, 125@client-3DF12FA71C19
2023-03-28 15:08:16,140 [s2@group-E1F6B44CDAE7-StateMachineUpdater] INFO  impl.SimpleStateMachine4Testing (SimpleStateMachine4Testing.java:put(205)) - s2: put 253, m126 -> (t:1, i:253), STATEMACHINELOGENTRY, 126@client-3DF12FA71C19
2023-03-28 15:08:16,142 [s2-server-thread2] INFO  server.RaftServer$Division (ServerState.java:setRaftConf(377)) - s2@group-E1F6B44CDAE7: set configuration 257: peers:[s0|rpc:localhost:43615|admin:localhost:42905|client:localhost:45435|dataStream:localhost:40913|priority:0|startupRole:FOLLOWER, s1|rpc:0.0.0.0:34479|dataStream:|priority:0|startupRole:FOLLOWER, s2|rpc:0.0.0.0:33949|dataStream:|priority:0|startupRole:FOLLOWER]|listeners:[], old=null
2023-03-28 15:08:16,160 [s1@group-E1F6B44CDAE7-StateMachineUpdater] INFO  impl.StateMachineUpdater (StateMachineUpdater.java:takeSnapshot(290)) - s1@group-E1F6B44CDAE7-StateMachineUpdater: Took a snapshot at index 255
2023-03-28 15:08:16,160 [s1@group-E1F6B44CDAE7-StateMachineUpdater] INFO  impl.StateMachineUpdater (StateMachineUpdater.java:lambda$new$0(96)) - s1@group-E1F6B44CDAE7-StateMachineUpdater: snapshotIndex: updateIncreasingly 191 -> 255
2023-03-28 15:08:16,160 [s1@group-E1F6B44CDAE7-StateMachineUpdater] INFO  raftlog.RaftLog (RaftLogBase.java:purge(314)) - s1@group-E1F6B44CDAE7-SegmentedRaftLog: purge 255
2023-03-28 15:08:16,160 [s1@group-E1F6B44CDAE7-StateMachineUpdater] INFO  raftlog.RaftLog (RaftLogBase.java:lambda$new$0(53)) - s1@group-E1F6B44CDAE7-SegmentedRaftLog: snapshotIndex: updateIncreasingly 191 -> 255
2023-03-28 15:08:16,160 [s1@group-E1F6B44CDAE7-StateMachineUpdater] INFO  raftlog.RaftLog (RaftLogBase.java:lambda$new$0(53)) - s1@group-E1F6B44CDAE7-SegmentedRaftLog: purgeIndex: updateToMax old=-1, new=255, updated? true
2023-03-28 15:08:16,198 [s1@group-E1F6B44CDAE7-FollowerState] INFO  server.RaftServerConfigKeys (ConfUtils.java:logFallback(53)) - raft.server.rpc.first-election.timeout.min = 150ms (fallback to raft.server.rpc.timeout.min)
2023-03-28 15:08:16,198 [s1@group-E1F6B44CDAE7-FollowerState] INFO  server.RaftServerConfigKeys (ConfUtils.java:logFallback(53)) - raft.server.rpc.first-election.timeout.max = 300ms (fallback to raft.server.rpc.timeout.max)
2023-03-28 15:08:16,199 [Time-limited test] INFO  server.RaftServerConfigKeys (ConfUtils.java:logGet(46)) - raft.server.rpc.timeout.max = 300ms (default)
2023-03-28 15:08:16,200 [Time-limited test] INFO  impl.RaftServerTestUtil (RaftServerTestUtil.java:waitAndCheckNewConf(87)) - waitAndCheckNewConf: peers=[s1|rpc:0.0.0.0:34479|priority:0|startupRole:FOLLOWER, s2|rpc:0.0.0.0:33949|priority:0|startupRole:FOLLOWER, s0|rpc:localhost:43615|admin:localhost:42905|client:localhost:45435|dataStream:localhost:40913|priority:0|startupRole:FOLLOWER], deadPeers=null, printing ALL groups
  s0:  RUNNING    LEADER s0@group-E1F6B44CDAE7:t1, leader=s0, voted=s0, raftlog=Memoized:s0@group-E1F6B44CDAE7-SegmentedRaftLog:OPENED:c258, conf=257: peers:[s0|rpc:localhost:43615|admin:localhost:42905|client:localhost:45435|dataStream:localhost:40913|priority:0|startupRole:FOLLOWER, s1|rpc:0.0.0.0:34479|dataStream:|priority:0|startupRole:FOLLOWER, s2|rpc:0.0.0.0:33949|dataStream:|priority:0|startupRole:FOLLOWER]|listeners:[], old=null RUNNING
  s1:  RUNNING  FOLLOWER s1@group-E1F6B44CDAE7:t1, leader=s0, voted=null, raftlog=Memoized:s1@group-E1F6B44CDAE7-SegmentedRaftLog:OPENED:c257, conf=257: peers:[s0|rpc:localhost:43615|admin:localhost:42905|client:localhost:45435|dataStream:localhost:40913|priority:0|startupRole:FOLLOWER, s1|rpc:0.0.0.0:34479|dataStream:|priority:0|startupRole:FOLLOWER, s2|rpc:0.0.0.0:33949|dataStream:|priority:0|startupRole:FOLLOWER]|listeners:[], old=null RUNNING
  s2:  RUNNING  FOLLOWER s2@group-E1F6B44CDAE7:t1, leader=s0, voted=null, raftlog=Memoized:s2@group-E1F6B44CDAE7-SegmentedRaftLog:OPENED:c257, conf=257: peers:[s0|rpc:localhost:43615|admin:localhost:42905|client:localhost:45435|dataStream:localhost:40913|priority:0|startupRole:FOLLOWER, s1|rpc:0.0.0.0:34479|dataStream:|priority:0|startupRole:FOLLOWER, s2|rpc:0.0.0.0:33949|dataStream:|priority:0|startupRole:FOLLOWER]|listeners:[], old=null RUNNING
2023-03-28 15:08:16,201 [Time-limited test] INFO  impl.RaftServerTestUtil (RaftServerTestUtil.java:waitAndCheckNewConf(96)) - checking    LEADER s0@group-E1F6B44CDAE7:t1, leader=s0, voted=s0, raftlog=Memoized:s0@group-E1F6B44CDAE7-SegmentedRaftLog:OPENED:c258, conf=257: peers:[s0|rpc:localhost:43615|admin:localhost:42905|client:localhost:45435|dataStream:localhost:40913|priority:0|startupRole:FOLLOWER, s1|rpc:0.0.0.0:34479|dataStream:|priority:0|startupRole:FOLLOWER, s2|rpc:0.0.0.0:33949|dataStream:|priority:0|startupRole:FOLLOWER]|listeners:[], old=null RUNNING
2023-03-28 15:08:16,201 [Time-limited test] INFO  impl.RaftServerTestUtil (RaftServerTestUtil.java:waitAndCheckNewConf(96)) - checking  FOLLOWER s1@group-E1F6B44CDAE7:t1, leader=s0, voted=null, raftlog=Memoized:s1@group-E1F6B44CDAE7-SegmentedRaftLog:OPENED:c257, conf=257: peers:[s0|rpc:localhost:43615|admin:localhost:42905|client:localhost:45435|dataStream:localhost:40913|priority:0|startupRole:FOLLOWER, s1|rpc:0.0.0.0:34479|dataStream:|priority:0|startupRole:FOLLOWER, s2|rpc:0.0.0.0:33949|dataStream:|priority:0|startupRole:FOLLOWER]|listeners:[], old=null RUNNING
2023-03-28 15:08:16,201 [Time-limited test] INFO  impl.RaftServerTestUtil (RaftServerTestUtil.java:waitAndCheckNewConf(96)) - checking  FOLLOWER s2@group-E1F6B44CDAE7:t1, leader=s0, voted=null, raftlog=Memoized:s2@group-E1F6B44CDAE7-SegmentedRaftLog:OPENED:c257, conf=257: peers:[s0|rpc:localhost:43615|admin:localhost:42905|client:localhost:45435|dataStream:localhost:40913|priority:0|startupRole:FOLLOWER, s1|rpc:0.0.0.0:34479|dataStream:|priority:0|startupRole:FOLLOWER, s2|rpc:0.0.0.0:33949|dataStream:|priority:0|startupRole:FOLLOWER]|listeners:[], old=null RUNNING
2023-03-28 15:08:16,202 [Time-limited test] INFO  impl.MiniRaftCluster (MiniRaftCluster.java:shutdown(831)) - ************************************************************** 
2023-03-28 15:08:16,202 [Time-limited test] INFO  impl.MiniRaftCluster (MiniRaftCluster.java:shutdown(832)) - *** 
2023-03-28 15:08:16,202 [Time-limited test] INFO  impl.MiniRaftCluster (MiniRaftCluster.java:shutdown(833)) - ***     Stopping MiniRaftClusterWithGrpc
2023-03-28 15:08:16,202 [Time-limited test] INFO  impl.MiniRaftCluster (MiniRaftCluster.java:shutdown(834)) - *** 
2023-03-28 15:08:16,202 [Time-limited test] INFO  impl.MiniRaftCluster (MiniRaftCluster.java:shutdown(835)) - ************************************************************** 
2023-03-28 15:08:16,202 [Time-limited test] INFO  impl.MiniRaftCluster (MiniRaftCluster.java:shutdown(836)) - printing ALL groups
  s0:  RUNNING    LEADER s0@group-E1F6B44CDAE7:t1, leader=s0, voted=s0, raftlog=Memoized:s0@group-E1F6B44CDAE7-SegmentedRaftLog:OPENED:c258, conf=257: peers:[s0|rpc:localhost:43615|admin:localhost:42905|client:localhost:45435|dataStream:localhost:40913|priority:0|startupRole:FOLLOWER, s1|rpc:0.0.0.0:34479|dataStream:|priority:0|startupRole:FOLLOWER, s2|rpc:0.0.0.0:33949|dataStream:|priority:0|startupRole:FOLLOWER]|listeners:[], old=null RUNNING
  s1:  RUNNING  FOLLOWER s1@group-E1F6B44CDAE7:t1, leader=s0, voted=null, raftlog=Memoized:s1@group-E1F6B44CDAE7-SegmentedRaftLog:OPENED:c257, conf=257: peers:[s0|rpc:localhost:43615|admin:localhost:42905|client:localhost:45435|dataStream:localhost:40913|priority:0|startupRole:FOLLOWER, s1|rpc:0.0.0.0:34479|dataStream:|priority:0|startupRole:FOLLOWER, s2|rpc:0.0.0.0:33949|dataStream:|priority:0|startupRole:FOLLOWER]|listeners:[], old=null RUNNING
  s2:  RUNNING  FOLLOWER s2@group-E1F6B44CDAE7:t1, leader=s0, voted=null, raftlog=Memoized:s2@group-E1F6B44CDAE7-SegmentedRaftLog:OPENED:c257, conf=257: peers:[s0|rpc:localhost:43615|admin:localhost:42905|client:localhost:45435|dataStream:localhost:40913|priority:0|startupRole:FOLLOWER, s1|rpc:0.0.0.0:34479|dataStream:|priority:0|startupRole:FOLLOWER, s2|rpc:0.0.0.0:33949|dataStream:|priority:0|startupRole:FOLLOWER]|listeners:[], old=null RUNNING
2023-03-28 15:08:16,203 [s2@group-E1F6B44CDAE7-StateMachineUpdater] INFO  impl.StateMachineUpdater (StateMachineUpdater.java:takeSnapshot(290)) - s2@group-E1F6B44CDAE7-StateMachineUpdater: Took a snapshot at index 257
2023-03-28 15:08:16,211 [s2@group-E1F6B44CDAE7-StateMachineUpdater] INFO  impl.StateMachineUpdater (StateMachineUpdater.java:lambda$new$0(96)) - s2@group-E1F6B44CDAE7-StateMachineUpdater: snapshotIndex: updateIncreasingly 191 -> 257
2023-03-28 15:08:16,211 [s2@group-E1F6B44CDAE7-StateMachineUpdater] INFO  raftlog.RaftLog (RaftLogBase.java:purge(314)) - s2@group-E1F6B44CDAE7-SegmentedRaftLog: purge 255
2023-03-28 15:08:16,212 [s2@group-E1F6B44CDAE7-StateMachineUpdater] INFO  raftlog.RaftLog (RaftLogBase.java:lambda$new$0(53)) - s2@group-E1F6B44CDAE7-SegmentedRaftLog: snapshotIndex: updateIncreasingly 191 -> 257
2023-03-28 15:08:16,212 [s2@group-E1F6B44CDAE7-StateMachineUpdater] INFO  raftlog.RaftLog (RaftLogBase.java:lambda$new$0(53)) - s2@group-E1F6B44CDAE7-SegmentedRaftLog: purgeIndex: updateToMax old=-1, new=255, updated? true
2023-03-28 15:08:16,228 [MiniRaftCluster-1] INFO  server.RaftServer (RaftServerProxy.java:lambda$close$7(417)) - s0: close
2023-03-28 15:08:16,232 [MiniRaftCluster-1] INFO  server.GrpcService (GrpcService.java:closeImpl(311)) - s0: shutdown server org.apache.ratis.grpc.server.GrpcClientProtocolService now
2023-03-28 15:08:16,234 [MiniRaftCluster-3] INFO  server.RaftServer (RaftServerProxy.java:lambda$close$7(417)) - s2: close
2023-03-28 15:08:16,234 [s0-impl-thread1] INFO  server.RaftServer$Division (RaftServerImpl.java:lambda$close$4(466)) - s0@group-E1F6B44CDAE7: shutdown
2023-03-28 15:08:16,234 [s0-impl-thread1] INFO  util.JmxRegister (JmxRegister.java:unregister(73)) - Successfully un-registered JMX Bean with object name Ratis:service=RaftServer,group=group-E1F6B44CDAE7,id=s0
2023-03-28 15:08:16,235 [s0-impl-thread1] INFO  impl.RoleInfo (RoleInfo.java:shutdownLeaderState(93)) - s0: shutdown s0@group-E1F6B44CDAE7-LeaderStateImpl
2023-03-28 15:08:16,235 [s0-impl-thread1] INFO  impl.PendingRequests (PendingRequests.java:sendNotLeaderResponses(289)) - s0@group-E1F6B44CDAE7-PendingRequests: sendNotLeaderResponses
2023-03-28 15:08:16,235 [s0@group-E1F6B44CDAE7->s1-GrpcLogAppender-LogAppenderDaemon] WARN  server.GrpcLogAppender (GrpcLogAppender.java:mayWait(195)) - s0@group-E1F6B44CDAE7->s1-GrpcLogAppender: Wait interrupted by java.lang.InterruptedException
2023-03-28 15:08:16,238 [s2-impl-thread1] INFO  server.RaftServer$Division (RaftServerImpl.java:lambda$close$4(466)) - s2@group-E1F6B44CDAE7: shutdown
2023-03-28 15:08:16,238 [s2-impl-thread1] INFO  util.JmxRegister (JmxRegister.java:unregister(73)) - Successfully un-registered JMX Bean with object name Ratis:service=RaftServer,group=group-E1F6B44CDAE7,id=s2
2023-03-28 15:08:16,238 [s2-impl-thread1] INFO  impl.RoleInfo (RoleInfo.java:shutdownFollowerState(110)) - s2: shutdown s2@group-E1F6B44CDAE7-FollowerState
2023-03-28 15:08:16,238 [s2-impl-thread1] INFO  impl.StateMachineUpdater (StateMachineUpdater.java:stopAndJoin(154)) - s2@group-E1F6B44CDAE7-StateMachineUpdater: set stopIndex = 257
2023-03-28 15:08:16,238 [s2@group-E1F6B44CDAE7-FollowerState] INFO  impl.FollowerState (FollowerState.java:run(152)) - s2@group-E1F6B44CDAE7-FollowerState was interrupted
2023-03-28 15:08:16,238 [grpc-default-executor-2] INFO  server.GrpcServerProtocolService (GrpcServerProtocolService.java:onCompleted(145)) - s1: Completed APPEND_ENTRIES, lastRequest: s0->s1#347-t1,previous=(t:1, i:257),leaderCommit=257,initializing? true,entries: size=1, first=(t:1, i:258), METADATAENTRY(c:257)
2023-03-28 15:08:16,238 [s2-impl-thread1] INFO  server.RaftServer$Division (ServerState.java:close(413)) - s2@group-E1F6B44CDAE7: applyIndex: 257
2023-03-28 15:08:16,240 [grpc-default-executor-2] INFO  server.GrpcLogAppender (GrpcLogAppender.java:onCompleted(422)) - s0@group-E1F6B44CDAE7->s1-AppendLogResponseHandler: follower responses appendEntries COMPLETED
2023-03-28 15:08:16,241 [grpc-default-executor-2] INFO  leader.FollowerInfo (FollowerInfoImpl.java:lambda$new$0(52)) - s0@group-E1F6B44CDAE7->s1: decreaseNextIndex nextIndex: updateUnconditionally 259 -> 258
2023-03-28 15:08:16,238 [MiniRaftCluster-3] INFO  server.GrpcService (GrpcService.java:closeImpl(311)) - s2: shutdown server GrpcServerProtocolService now
2023-03-28 15:08:16,228 [MiniRaftCluster-2] INFO  server.RaftServer (RaftServerProxy.java:lambda$close$7(417)) - s1: close
2023-03-28 15:08:16,244 [grpc-default-executor-3] INFO  server.GrpcServerProtocolService (GrpcServerProtocolService.java:onCompleted(145)) - s2: Completed APPEND_ENTRIES, lastRequest: s0->s2#406-t1,previous=(t:1, i:257),leaderCommit=257,initializing? true,entries: size=1, first=(t:1, i:258), METADATAENTRY(c:257)
2023-03-28 15:08:16,248 [s0-impl-thread1] INFO  impl.StateMachineUpdater (StateMachineUpdater.java:stopAndJoin(154)) - s0@group-E1F6B44CDAE7-StateMachineUpdater: set stopIndex = 258
2023-03-28 15:08:16,248 [grpc-default-executor-3] INFO  server.GrpcLogAppender (GrpcLogAppender.java:onCompleted(422)) - s0@group-E1F6B44CDAE7->s2-AppendLogResponseHandler: follower responses appendEntries COMPLETED
2023-03-28 15:08:16,248 [grpc-default-executor-3] INFO  leader.FollowerInfo (FollowerInfoImpl.java:lambda$new$0(52)) - s0@group-E1F6B44CDAE7->s2: decreaseNextIndex nextIndex: updateUnconditionally 259 -> 258
2023-03-28 15:08:16,257 [MiniRaftCluster-2] INFO  server.GrpcService (GrpcService.java:closeImpl(311)) - s1: shutdown server GrpcServerProtocolService now
2023-03-28 15:08:16,257 [s1-impl-thread1] INFO  server.RaftServer$Division (RaftServerImpl.java:lambda$close$4(466)) - s1@group-E1F6B44CDAE7: shutdown
2023-03-28 15:08:16,257 [s1-impl-thread1] INFO  util.JmxRegister (JmxRegister.java:unregister(73)) - Successfully un-registered JMX Bean with object name Ratis:service=RaftServer,group=group-E1F6B44CDAE7,id=s1
2023-03-28 15:08:16,257 [s1-impl-thread1] INFO  impl.RoleInfo (RoleInfo.java:shutdownFollowerState(110)) - s1: shutdown s1@group-E1F6B44CDAE7-FollowerState
2023-03-28 15:08:16,257 [s1-impl-thread1] INFO  impl.StateMachineUpdater (StateMachineUpdater.java:stopAndJoin(154)) - s1@group-E1F6B44CDAE7-StateMachineUpdater: set stopIndex = 258
2023-03-28 15:08:16,257 [s1@group-E1F6B44CDAE7-FollowerState] INFO  impl.FollowerState (FollowerState.java:run(152)) - s1@group-E1F6B44CDAE7-FollowerState was interrupted
2023-03-28 15:08:16,263 [MiniRaftCluster-3] INFO  server.GrpcService (GrpcService.java:closeImpl(320)) - s2: shutdown server GrpcServerProtocolService successfully
2023-03-28 15:08:16,269 [s0@group-E1F6B44CDAE7-StateMachineUpdater] INFO  impl.StateMachineUpdater (StateMachineUpdater.java:takeSnapshot(290)) - s0@group-E1F6B44CDAE7-StateMachineUpdater: Took a snapshot at index 258
2023-03-28 15:08:16,269 [s0@group-E1F6B44CDAE7-StateMachineUpdater] INFO  impl.StateMachineUpdater (StateMachineUpdater.java:lambda$new$0(96)) - s0@group-E1F6B44CDAE7-StateMachineUpdater: snapshotIndex: updateIncreasingly 255 -> 258
2023-03-28 15:08:16,269 [s0-impl-thread1] INFO  server.RaftServer$Division (ServerState.java:close(413)) - s0@group-E1F6B44CDAE7: applyIndex: 258
2023-03-28 15:08:16,269 [Thread-56] INFO  server.GrpcServerProtocolClient (GrpcServerProtocolClient.java:close(103)) - s1 Close channels
2023-03-28 15:08:16,278 [s1@group-E1F6B44CDAE7-StateMachineUpdater] INFO  impl.StateMachineUpdater (StateMachineUpdater.java:takeSnapshot(290)) - s1@group-E1F6B44CDAE7-StateMachineUpdater: Took a snapshot at index 258
2023-03-28 15:08:16,278 [s1@group-E1F6B44CDAE7-StateMachineUpdater] INFO  impl.StateMachineUpdater (StateMachineUpdater.java:lambda$new$0(96)) - s1@group-E1F6B44CDAE7-StateMachineUpdater: snapshotIndex: updateIncreasingly 255 -> 258
2023-03-28 15:08:16,279 [Thread-58] INFO  server.GrpcServerProtocolClient (GrpcServerProtocolClient.java:close(103)) - s2 Close channels
2023-03-28 15:08:16,279 [s1-impl-thread1] INFO  server.RaftServer$Division (ServerState.java:close(413)) - s1@group-E1F6B44CDAE7: applyIndex: 258
2023-03-28 15:08:16,279 [MiniRaftCluster-1] INFO  server.GrpcService (GrpcService.java:closeImpl(320)) - s0: shutdown server org.apache.ratis.grpc.server.GrpcClientProtocolService successfully
2023-03-28 15:08:16,279 [MiniRaftCluster-1] INFO  server.GrpcService (GrpcService.java:closeImpl(311)) - s0: shutdown server GrpcServerProtocolService now
2023-03-28 15:08:16,279 [MiniRaftCluster-2] INFO  server.GrpcService (GrpcService.java:closeImpl(320)) - s1: shutdown server GrpcServerProtocolService successfully
2023-03-28 15:08:16,281 [MiniRaftCluster-1] INFO  server.GrpcService (GrpcService.java:closeImpl(320)) - s0: shutdown server GrpcServerProtocolService successfully
2023-03-28 15:08:16,281 [MiniRaftCluster-1] INFO  server.GrpcService (GrpcService.java:closeImpl(311)) - s0: shutdown server org.apache.ratis.grpc.server.GrpcAdminProtocolService now
2023-03-28 15:08:16,292 [MiniRaftCluster-1] INFO  server.GrpcService (GrpcService.java:closeImpl(320)) - s0: shutdown server org.apache.ratis.grpc.server.GrpcAdminProtocolService successfully
2023-03-28 15:08:17,126 [s0-impl-thread1] INFO  segmented.SegmentedRaftLogWorker (SegmentedRaftLogWorker.java:close(242)) - s0@group-E1F6B44CDAE7-SegmentedRaftLogWorker close()
2023-03-28 15:08:17,128 [JvmPauseMonitor0] INFO  util.JvmPauseMonitor (JvmPauseMonitor.java:run(109)) - JvmPauseMonitor-s0: Stopped
2023-03-28 15:08:17,150 [s2-impl-thread1] INFO  segmented.SegmentedRaftLogWorker (SegmentedRaftLogWorker.java:close(242)) - s2@group-E1F6B44CDAE7-SegmentedRaftLogWorker close()
2023-03-28 15:08:17,151 [JvmPauseMonitor2] INFO  util.JvmPauseMonitor (JvmPauseMonitor.java:run(109)) - JvmPauseMonitor-s2: Stopped
2023-03-28 15:08:17,154 [s1-impl-thread1] INFO  segmented.SegmentedRaftLogWorker (SegmentedRaftLogWorker.java:close(242)) - s1@group-E1F6B44CDAE7-SegmentedRaftLogWorker close()
2023-03-28 15:08:17,155 [JvmPauseMonitor1] INFO  util.JvmPauseMonitor (JvmPauseMonitor.java:run(109)) - JvmPauseMonitor-s1: Stopped
2023-03-28 15:08:17,155 [Time-limited test] INFO  impl.MiniRaftCluster (MiniRaftCluster.java:shutdown(855)) - MiniRaftClusterWithGrpc shutdown completed
2023-03-28 15:08:17,156 [Time-limited test] INFO  impl.MiniRaftCluster (MiniRaftCluster.java:shutdown(831)) - ************************************************************** 
2023-03-28 15:08:17,156 [Time-limited test] INFO  impl.MiniRaftCluster (MiniRaftCluster.java:shutdown(832)) - *** 
2023-03-28 15:08:17,156 [Time-limited test] INFO  impl.MiniRaftCluster (MiniRaftCluster.java:shutdown(833)) - ***     Stopping MiniRaftClusterWithGrpc
2023-03-28 15:08:17,156 [Time-limited test] INFO  impl.MiniRaftCluster (MiniRaftCluster.java:shutdown(834)) - *** 
2023-03-28 15:08:17,156 [Time-limited test] INFO  impl.MiniRaftCluster (MiniRaftCluster.java:shutdown(835)) - ************************************************************** 
2023-03-28 15:08:17,156 [Time-limited test] INFO  impl.MiniRaftCluster (MiniRaftCluster.java:shutdown(836)) - printing ALL groups
  s0:   CLOSED    LEADER s0@group-E1F6B44CDAE7:t1, leader=s0, voted=s0, raftlog=Memoized:s0@group-E1F6B44CDAE7-SegmentedRaftLog:CLOSED:c258, conf=257: peers:[s0|rpc:localhost:43615|admin:localhost:42905|client:localhost:45435|dataStream:localhost:40913|priority:0|startupRole:FOLLOWER, s1|rpc:0.0.0.0:34479|dataStream:|priority:0|startupRole:FOLLOWER, s2|rpc:0.0.0.0:33949|dataStream:|priority:0|startupRole:FOLLOWER]|listeners:[], old=null CLOSED
  s1:   CLOSED  FOLLOWER s1@group-E1F6B44CDAE7:t1, leader=s0, voted=null, raftlog=Memoized:s1@group-E1F6B44CDAE7-SegmentedRaftLog:CLOSED:c258, conf=257: peers:[s0|rpc:localhost:43615|admin:localhost:42905|client:localhost:45435|dataStream:localhost:40913|priority:0|startupRole:FOLLOWER, s1|rpc:0.0.0.0:34479|dataStream:|priority:0|startupRole:FOLLOWER, s2|rpc:0.0.0.0:33949|dataStream:|priority:0|startupRole:FOLLOWER]|listeners:[], old=null CLOSED
  s2:   CLOSED  FOLLOWER s2@group-E1F6B44CDAE7:t1, leader=s0, voted=null, raftlog=Memoized:s2@group-E1F6B44CDAE7-SegmentedRaftLog:CLOSED:c257, conf=257: peers:[s0|rpc:localhost:43615|admin:localhost:42905|client:localhost:45435|dataStream:localhost:40913|priority:0|startupRole:FOLLOWER, s1|rpc:0.0.0.0:34479|dataStream:|priority:0|startupRole:FOLLOWER, s2|rpc:0.0.0.0:33949|dataStream:|priority:0|startupRole:FOLLOWER]|listeners:[], old=null CLOSED
2023-03-28 15:08:17,161 [Time-limited test] INFO  impl.MiniRaftCluster (MiniRaftCluster.java:shutdown(855)) - MiniRaftClusterWithGrpc shutdown completed
]]></system-out>
  </testcase>
  <testcase name="testSeparateSnapshotInstallPath[0]" classname="org.apache.ratis.grpc.TestLeaderInstallSnapshot" time="6.16">
    <failure type="java.lang.AssertionError"><![CDATA[java.lang.AssertionError
	at org.junit.Assert.fail(Assert.java:87)
	at org.junit.Assert.assertTrue(Assert.java:42)
	at org.junit.Assert.assertNotNull(Assert.java:713)
	at org.junit.Assert.assertNotNull(Assert.java:723)
	at org.apache.ratis.InstallSnapshotFromLeaderTests.testMultiFileInstallSnapshot(InstallSnapshotFromLeaderTests.java:121)
	at org.apache.ratis.server.impl.MiniRaftCluster$Factory$Get.runWithNewCluster(MiniRaftCluster.java:141)
	at org.apache.ratis.server.impl.MiniRaftCluster$Factory$Get.runWithNewCluster(MiniRaftCluster.java:121)
	at org.apache.ratis.InstallSnapshotFromLeaderTests.testSeparateSnapshotInstallPath(InstallSnapshotFromLeaderTests.java:86)
	at java.base/jdk.internal.reflect.NativeMethodAccessorImpl.invoke0(Native Method)
	at java.base/jdk.internal.reflect.NativeMethodAccessorImpl.invoke(NativeMethodAccessorImpl.java:62)
	at java.base/jdk.internal.reflect.DelegatingMethodAccessorImpl.invoke(DelegatingMethodAccessorImpl.java:43)
	at java.base/java.lang.reflect.Method.invoke(Method.java:566)
	at org.junit.runners.model.FrameworkMethod$1.runReflectiveCall(FrameworkMethod.java:59)
	at org.junit.internal.runners.model.ReflectiveCallable.run(ReflectiveCallable.java:12)
	at org.junit.runners.model.FrameworkMethod.invokeExplosively(FrameworkMethod.java:56)
	at org.junit.internal.runners.statements.InvokeMethod.evaluate(InvokeMethod.java:17)
	at org.junit.internal.runners.statements.RunAfters.evaluate(RunAfters.java:27)
	at org.junit.internal.runners.statements.FailOnTimeout$CallableStatement.call(FailOnTimeout.java:299)
	at org.junit.internal.runners.statements.FailOnTimeout$CallableStatement.call(FailOnTimeout.java:293)
	at java.base/java.util.concurrent.FutureTask.run(FutureTask.java:264)
	at java.base/java.lang.Thread.run(Thread.java:829)
]]></failure>
    <system-out><![CDATA[2023-03-28 15:08:17,163 [main] INFO  util.LogUtils (Slf4jUtils.java:setLogLevel(38)) - Successfully set org.apache.ratis.conf.ConfUtils log level to WARN
2023-03-28 15:08:17,163 [main] INFO  util.LogUtils (Slf4jUtils.java:setLogLevel(38)) - Successfully set org.apache.ratis.util.FileUtils log level to TRACE
2023-03-28 15:08:17,164 [Time-limited test] INFO  impl.MiniRaftCluster (MiniRaftCluster.java:runWithNewCluster(135)) - Running runWithNewCluster
2023-03-28 15:08:17,165 [Time-limited test] INFO  impl.MiniRaftCluster (MiniRaftCluster.java:<init>(306)) - new MiniRaftClusterWithGrpc with group-22128BF4D9AD:[s0|rpc:localhost:41151|admin:localhost:43491|client:localhost:38787|dataStream:localhost:36693|priority:0|startupRole:FOLLOWER]
2023-03-28 15:08:17,165 [Time-limited test] INFO  impl.MiniRaftCluster (MiniRaftCluster.java:start(339)) - .............................................................. 
2023-03-28 15:08:17,165 [Time-limited test] INFO  impl.MiniRaftCluster (MiniRaftCluster.java:start(340)) - ... 
2023-03-28 15:08:17,165 [Time-limited test] INFO  impl.MiniRaftCluster (MiniRaftCluster.java:start(341)) - ...     Starting MiniRaftClusterWithGrpc
2023-03-28 15:08:17,165 [Time-limited test] INFO  impl.MiniRaftCluster (MiniRaftCluster.java:start(342)) - ... 
2023-03-28 15:08:17,165 [Time-limited test] INFO  impl.MiniRaftCluster (MiniRaftCluster.java:start(343)) - .............................................................. 
2023-03-28 15:08:17,165 [Time-limited test] INFO  impl.MiniRaftCluster (MiniRaftCluster.java:initServers(318)) - servers = {}
2023-03-28 15:08:17,165 [Time-limited test] INFO  impl.MiniRaftCluster (MiniRaftCluster.java:newRaftServer(382)) - newRaftServer: s0, group-22128BF4D9AD:[s0|rpc:localhost:41151|admin:localhost:43491|client:localhost:38787|dataStream:localhost:36693|priority:0|startupRole:FOLLOWER], format? true
2023-03-28 15:08:17,165 [Time-limited test] TRACE util.FileUtils (FileUtils.java:deleteFully(201)) - deleteFully target/test/data/d2acef73/MiniRaftClusterWithGrpc5f030b81/s0
2023-03-28 15:08:17,165 [Time-limited test] TRACE util.FileUtils (FileUtils.java:deleteFully(217)) - deleteFully: target/test/data/d2acef73/MiniRaftClusterWithGrpc5f030b81/s0 does not exist.
2023-03-28 15:08:17,165 [Time-limited test] INFO  impl.MiniRaftCluster (MiniRaftCluster.java:newRaftServer(387)) - Formatted directory target/test/data/d2acef73/MiniRaftClusterWithGrpc5f030b81/s0
2023-03-28 15:08:17,166 [Time-limited test] INFO  server.RaftServer (ConfUtils.java:logGet(46)) - raft.rpc.type = GRPC (default)
2023-03-28 15:08:17,166 [Time-limited test] INFO  grpc.GrpcConfigKeys (ConfUtils.java:logFallback(53)) - raft.grpc.admin.host = null (fallback to raft.grpc.server.host)
2023-03-28 15:08:17,167 [Time-limited test] INFO  grpc.GrpcConfigKeys (ConfUtils.java:logGet(46)) - raft.grpc.admin.port = 43491 (custom)
2023-03-28 15:08:17,167 [Time-limited test] INFO  grpc.GrpcConfigKeys (ConfUtils.java:logFallback(53)) - raft.grpc.client.host = null (fallback to raft.grpc.server.host)
2023-03-28 15:08:17,167 [Time-limited test] INFO  grpc.GrpcConfigKeys (ConfUtils.java:logGet(46)) - raft.grpc.client.port = 38787 (custom)
2023-03-28 15:08:17,167 [Time-limited test] INFO  grpc.GrpcConfigKeys (ConfUtils.java:logGet(46)) - raft.grpc.server.host = null (default)
2023-03-28 15:08:17,167 [Time-limited test] INFO  grpc.GrpcConfigKeys (ConfUtils.java:logGet(46)) - raft.grpc.server.port = 41151 (custom)
2023-03-28 15:08:17,167 [Time-limited test] INFO  server.GrpcService (ConfUtils.java:logGet(46)) - raft.grpc.message.size.max = 64MB (=67108864) (default)
2023-03-28 15:08:17,167 [Time-limited test] INFO  server.RaftServerConfigKeys (ConfUtils.java:logGet(46)) - raft.server.log.appender.buffer.byte-limit = 4MB (=4194304) (default)
2023-03-28 15:08:17,167 [Time-limited test] INFO  server.GrpcService (ConfUtils.java:logGet(46)) - raft.grpc.flow.control.window = 1MB (=1048576) (default)
2023-03-28 15:08:17,167 [Time-limited test] INFO  server.RaftServerConfigKeys (ConfUtils.java:logGet(46)) - raft.server.rpc.request.timeout = 3000ms (default)
2023-03-28 15:08:17,167 [Time-limited test] INFO  grpc.GrpcConfigKeys (ConfUtils.java:logGet(46)) - raft.grpc.server.heartbeat.channel = false (custom)
2023-03-28 15:08:17,167 [Time-limited test] INFO  grpc.GrpcConfigKeys (ConfUtils.java:logGet(46)) - raft.grpc.server.async.request.thread.pool.cached = true (default)
2023-03-28 15:08:17,167 [Time-limited test] INFO  grpc.GrpcConfigKeys (ConfUtils.java:logGet(46)) - raft.grpc.server.async.request.thread.pool.size = 32 (default)
2023-03-28 15:08:17,168 [Time-limited test] INFO  impl.DataStreamServerImpl (ConfUtils.java:logGet(46)) - raft.datastream.type = DISABLED (default)
2023-03-28 15:08:17,169 [Time-limited test] INFO  server.RaftServerConfigKeys (ConfUtils.java:logGet(46)) - raft.server.threadpool.proxy.cached = true (default)
2023-03-28 15:08:17,169 [Time-limited test] INFO  server.RaftServerConfigKeys (ConfUtils.java:logGet(46)) - raft.server.threadpool.proxy.size = 0 (default)
2023-03-28 15:08:17,169 [Time-limited test] INFO  server.RaftServerConfigKeys (ConfUtils.java:logGet(46)) - raft.server.rpc.slowness.timeout = 60s (default)
2023-03-28 15:08:17,169 [Time-limited test] INFO  server.RaftServerConfigKeys (ConfUtils.java:logGet(46)) - raft.server.leaderelection.leader.step-down.wait-time = 10s (default)
2023-03-28 15:08:17,169 [Time-limited test] INFO  server.RaftServerConfigKeys (ConfUtils.java:logGet(46)) - raft.server.storage.dir = [/home/runner/work/ratis/ratis/ratis-test/target/test/data/d2acef73/MiniRaftClusterWithGrpc5f030b81/s0] (custom)
2023-03-28 15:08:17,169 [Time-limited test] INFO  server.RaftServer (RaftServerProxy.java:addNew(99)) - s0: addNew group-22128BF4D9AD:[s0|rpc:localhost:41151|admin:localhost:43491|client:localhost:38787|dataStream:localhost:36693|priority:0|startupRole:FOLLOWER] returns group-22128BF4D9AD:java.util.concurrent.CompletableFuture@4ce649ca[Not completed]
2023-03-28 15:08:17,170 [s0-groupManagement] INFO  server.RaftServerConfigKeys (ConfUtils.java:logGet(46)) - raft.server.log.segment.size.max = 8MB (=8388608) (default)
2023-03-28 15:08:17,170 [s0-groupManagement] INFO  server.RaftServerConfigKeys (ConfUtils.java:logGet(46)) - raft.server.log.preallocated.size = 4MB (=4194304) (default)
2023-03-28 15:08:17,170 [s0-groupManagement] INFO  server.RaftServerConfigKeys (ConfUtils.java:logGet(46)) - raft.server.log.write.buffer.size = 64KB (=65536) (default)
2023-03-28 15:08:17,170 [s0-groupManagement] INFO  server.RaftServer$Division (RaftServerImpl.java:<init>(198)) - s0: new RaftServerImpl for group-22128BF4D9AD:[s0|rpc:localhost:41151|admin:localhost:43491|client:localhost:38787|dataStream:localhost:36693|priority:0|startupRole:FOLLOWER] with StateMachineWithSeparatedSnapshotPath:uninitialized
2023-03-28 15:08:17,170 [s0-groupManagement] INFO  server.RaftServerConfigKeys (ConfUtils.java:logGet(46)) - raft.server.rpc.timeout.min = 150ms (default)
2023-03-28 15:08:17,170 [s0-groupManagement] INFO  server.RaftServerConfigKeys (ConfUtils.java:logGet(46)) - raft.server.rpc.timeout.max = 300ms (default)
2023-03-28 15:08:17,170 [s0-groupManagement] INFO  server.RaftServerConfigKeys (ConfUtils.java:logGet(46)) - raft.server.rpc.sleep.time = 25ms (default)
2023-03-28 15:08:17,170 [s0-groupManagement] INFO  server.RaftServerConfigKeys (ConfUtils.java:logGet(46)) - raft.server.rpc.slowness.timeout = 60s (default)
2023-03-28 15:08:17,170 [s0-groupManagement] INFO  server.RaftServerConfigKeys (ConfUtils.java:logGet(46)) - raft.server.leaderelection.leader.step-down.wait-time = 10s (default)
2023-03-28 15:08:17,170 [s0-groupManagement] INFO  server.RaftServerConfigKeys (ConfUtils.java:logGet(46)) - raft.server.sleep.deviation.threshold = 300ms (default)
2023-03-28 15:08:17,170 [s0-groupManagement] INFO  server.RaftServer$Division (ServerState.java:<init>(113)) - s0@group-22128BF4D9AD: ConfigurationManager, init=-1: peers:[s0|rpc:localhost:41151|admin:localhost:43491|client:localhost:38787|dataStream:localhost:36693|priority:0|startupRole:FOLLOWER]|listeners:[], old=null, confs=<EMPTY_MAP>
2023-03-28 15:08:17,170 [s0-groupManagement] INFO  server.RaftServerConfigKeys (ConfUtils.java:logGet(46)) - raft.server.notification.no-leader.timeout = 60s (default)
2023-03-28 15:08:17,170 [s0-groupManagement] INFO  server.RaftServerConfigKeys (ConfUtils.java:logGet(46)) - raft.server.read.timeout = 10s (default)
2023-03-28 15:08:17,170 [s0-groupManagement] INFO  server.RaftServerConfigKeys (ConfUtils.java:logGet(46)) - raft.server.retrycache.expirytime = 60s (default)
2023-03-28 15:08:17,170 [s0-groupManagement] INFO  server.RaftServerConfigKeys (ConfUtils.java:logGet(46)) - raft.server.retrycache.statistics.expirytime = 100μs (default)
2023-03-28 15:08:17,171 [s0-groupManagement] INFO  server.RaftServerConfigKeys (ConfUtils.java:logGet(46)) - raft.server.read.option = DEFAULT (default)
2023-03-28 15:08:17,173 [s0-groupManagement] INFO  server.RaftServerConfigKeys (ConfUtils.java:logGet(46)) - raft.server.rpc.request.timeout = 3000ms (default)
2023-03-28 15:08:17,174 [s0-groupManagement] INFO  server.RaftServerConfigKeys (ConfUtils.java:logGet(46)) - raft.server.log.appender.install.snapshot.enabled = true (default)
2023-03-28 15:08:17,174 [s0-groupManagement] INFO  server.RaftServerConfigKeys (ConfUtils.java:logGet(46)) - raft.server.threadpool.server.cached = true (default)
2023-03-28 15:08:17,174 [s0-groupManagement] INFO  server.RaftServerConfigKeys (ConfUtils.java:logGet(46)) - raft.server.threadpool.server.size = 0 (default)
2023-03-28 15:08:17,174 [s0-groupManagement] INFO  server.RaftServerConfigKeys (ConfUtils.java:logGet(46)) - raft.server.threadpool.client.cached = true (default)
2023-03-28 15:08:17,174 [s0-groupManagement] INFO  server.RaftServerConfigKeys (ConfUtils.java:logGet(46)) - raft.server.threadpool.client.size = 0 (default)
2023-03-28 15:08:17,174 [s0-impl-thread1] INFO  server.RaftServerConfigKeys (ConfUtils.java:logGet(46)) - raft.server.storage.free-space.min = 0MB (=0) (default)
2023-03-28 15:08:17,174 [s0-impl-thread1] INFO  server.RaftServerConfigKeys (ConfUtils.java:logGet(46)) - raft.server.log.corruption.policy = EXCEPTION (default)
2023-03-28 15:08:17,174 [s0-impl-thread1] INFO  server.RaftServerConfigKeys (ConfUtils.java:logGet(46)) - raft.server.storage.dir = [/home/runner/work/ratis/ratis/ratis-test/target/test/data/d2acef73/MiniRaftClusterWithGrpc5f030b81/s0] (custom)
2023-03-28 15:08:17,175 [s0-impl-thread1] INFO  storage.RaftStorageDirectory (RaftStorageDirectoryImpl.java:analyzeStorage(138)) - The storage directory /home/runner/work/ratis/ratis/ratis-test/target/test/data/d2acef73/MiniRaftClusterWithGrpc5f030b81/s0/45965bbc-035d-4000-a0ce-22128bf4d9ad does not exist. Creating ...
2023-03-28 15:08:17,175 [s0-impl-thread1] TRACE util.FileUtils (LogUtils.java:runAndLog(49)) - Successfully ran Files.createDirectories /home/runner/work/ratis/ratis/ratis-test/target/test/data/d2acef73/MiniRaftClusterWithGrpc5f030b81/s0/45965bbc-035d-4000-a0ce-22128bf4d9ad
2023-03-28 15:08:17,176 [s0-impl-thread1] INFO  storage.RaftStorageDirectory (RaftStorageDirectoryImpl.java:tryLock(232)) - Lock on /home/runner/work/ratis/ratis/ratis-test/target/test/data/d2acef73/MiniRaftClusterWithGrpc5f030b81/s0/45965bbc-035d-4000-a0ce-22128bf4d9ad/in_use.lock acquired by nodename 18162@fv-az489-275
2023-03-28 15:08:17,176 [s0-impl-thread1] TRACE util.FileUtils (LogUtils.java:runAndLog(49)) - Successfully ran Files.createDirectories /home/runner/work/ratis/ratis/ratis-test/target/test/data/d2acef73/MiniRaftClusterWithGrpc5f030b81/s0/45965bbc-035d-4000-a0ce-22128bf4d9ad/current
2023-03-28 15:08:17,176 [s0-impl-thread1] TRACE util.FileUtils (LogUtils.java:runAndLog(49)) - Successfully ran Files.createDirectories /home/runner/work/ratis/ratis/ratis-test/target/test/data/d2acef73/MiniRaftClusterWithGrpc5f030b81/s0/45965bbc-035d-4000-a0ce-22128bf4d9ad/sm
2023-03-28 15:08:17,177 [s0-impl-thread1] INFO  storage.RaftStorage (RaftStorageImpl.java:format(96)) - Storage directory /home/runner/work/ratis/ratis/ratis-test/target/test/data/d2acef73/MiniRaftClusterWithGrpc5f030b81/s0/45965bbc-035d-4000-a0ce-22128bf4d9ad has been successfully formatted.
2023-03-28 15:08:17,177 [s0-impl-thread1] INFO  impl.SimpleStateMachine4Testing (SimpleStateMachine4Testing.java:initialize(213)) - Initializing StateMachineWithSeparatedSnapshotPath:uninitialized
2023-03-28 15:08:17,177 [s0-impl-thread1] INFO  impl.SimpleStateMachine4Testing (SimpleStateMachine4Testing.java:loadSnapshot(293)) - Loading snapshot null
2023-03-28 15:08:17,177 [s0-impl-thread1] TRACE util.FileUtils (FileUtils.java:deleteFully(201)) - deleteFully /tmp/ratis-tests/statemachine/s0
2023-03-28 15:08:17,177 [s0-impl-thread1] TRACE util.FileUtils (FileUtils.java:deleteFully(217)) - deleteFully: /tmp/ratis-tests/statemachine/s0 does not exist.
2023-03-28 15:08:17,178 [s0-impl-thread1] INFO  server.RaftServerConfigKeys (ConfUtils.java:logGet(46)) - raft.server.log.use.memory = false (default)
2023-03-28 15:08:17,178 [s0-impl-thread1] INFO  server.RaftServerConfigKeys (ConfUtils.java:logGet(46)) - raft.server.log.purge.gap = 8 (custom)
2023-03-28 15:08:17,178 [s0-impl-thread1] INFO  server.RaftServerConfigKeys (ConfUtils.java:logGet(46)) - raft.server.log.appender.buffer.byte-limit = 4MB (=4194304) (default)
2023-03-28 15:08:17,178 [s0-impl-thread1] INFO  server.RaftServerConfigKeys (ConfUtils.java:logGet(46)) - raft.server.log.statemachine.data.read.timeout = 1000ms (default)
2023-03-28 15:08:17,178 [s0-impl-thread1] INFO  server.RaftServerConfigKeys (ConfUtils.java:logGet(46)) - raft.server.log.purge.preservation.log.num = 0 (default)
2023-03-28 15:08:17,179 [s0-impl-thread1] INFO  server.RaftServerConfigKeys (ConfUtils.java:logGet(46)) - raft.server.log.segment.size.max = 8MB (=8388608) (default)
2023-03-28 15:08:17,179 [s0-impl-thread1] INFO  server.RaftServerConfigKeys (ConfUtils.java:logGet(46)) - raft.server.log.segment.cache.num.max = 6 (default)
2023-03-28 15:08:17,179 [s0-impl-thread1] INFO  server.RaftServerConfigKeys (ConfUtils.java:logGet(46)) - raft.server.log.segment.cache.size.max = 200MB (=209715200) (default)
2023-03-28 15:08:17,179 [s0-impl-thread1] INFO  server.RaftServerConfigKeys (ConfUtils.java:logGet(46)) - raft.server.log.appender.buffer.byte-limit = 4MB (=4194304) (default)
2023-03-28 15:08:17,179 [s0-impl-thread1] INFO  segmented.SegmentedRaftLogWorker (SegmentedRaftLogWorker.java:<init>(183)) - new s0@group-22128BF4D9AD-SegmentedRaftLogWorker for RaftStorageImpl:Storage Directory /home/runner/work/ratis/ratis/ratis-test/target/test/data/d2acef73/MiniRaftClusterWithGrpc5f030b81/s0/45965bbc-035d-4000-a0ce-22128bf4d9ad
2023-03-28 15:08:17,179 [s0-impl-thread1] INFO  server.RaftServerConfigKeys (ConfUtils.java:logGet(46)) - raft.server.log.queue.byte-limit = 64MB (=67108864) (default)
2023-03-28 15:08:17,179 [s0-impl-thread1] INFO  server.RaftServerConfigKeys (ConfUtils.java:logGet(46)) - raft.server.log.queue.element-limit = 4096 (default)
2023-03-28 15:08:17,180 [s0-impl-thread1] INFO  server.RaftServerConfigKeys (ConfUtils.java:logGet(46)) - raft.server.log.segment.size.max = 8MB (=8388608) (default)
2023-03-28 15:08:17,180 [s0-impl-thread1] INFO  server.RaftServerConfigKeys (ConfUtils.java:logGet(46)) - raft.server.log.preallocated.size = 4MB (=4194304) (default)
2023-03-28 15:08:17,180 [s0-impl-thread1] INFO  server.RaftServerConfigKeys (ConfUtils.java:logGet(46)) - raft.server.log.force.sync.num = 128 (default)
2023-03-28 15:08:17,180 [s0-impl-thread1] INFO  server.RaftServerConfigKeys (ConfUtils.java:logGet(46)) - raft.server.log.statemachine.data.sync = true (default)
2023-03-28 15:08:17,180 [s0-impl-thread1] INFO  server.RaftServerConfigKeys (ConfUtils.java:logGet(46)) - raft.server.log.statemachine.data.sync.timeout = 10s (default)
2023-03-28 15:08:17,180 [s0-impl-thread1] INFO  server.RaftServerConfigKeys (ConfUtils.java:logGet(46)) - raft.server.log.statemachine.data.sync.timeout.retry = -1 (default)
2023-03-28 15:08:17,180 [s0-impl-thread1] INFO  server.RaftServerConfigKeys (ConfUtils.java:logGet(46)) - raft.server.log.write.buffer.size = 64KB (=65536) (default)
2023-03-28 15:08:17,180 [s0-impl-thread1] INFO  server.RaftServerConfigKeys (ConfUtils.java:logGet(46)) - raft.server.log.appender.buffer.byte-limit = 4MB (=4194304) (default)
2023-03-28 15:08:17,181 [s0-impl-thread1] INFO  server.RaftServerConfigKeys (ConfUtils.java:logGet(46)) - raft.server.log.unsafe-flush.enabled = false (default)
2023-03-28 15:08:17,181 [s0-impl-thread1] INFO  server.RaftServerConfigKeys (ConfUtils.java:logGet(46)) - raft.server.log.async-flush.enabled = false (default)
2023-03-28 15:08:17,181 [s0-impl-thread1] INFO  server.RaftServerConfigKeys (ConfUtils.java:logGet(46)) - raft.server.log.statemachine.data.caching.enabled = false (default)
2023-03-28 15:08:17,181 [s0-impl-thread1] INFO  segmented.SegmentedRaftLogWorker (SegmentedRaftLogWorker.java:lambda$new$0(134)) - s0@group-22128BF4D9AD-SegmentedRaftLogWorker: flushIndex: setUnconditionally 0 -> -1
2023-03-28 15:08:17,181 [s0-impl-thread1] INFO  segmented.SegmentedRaftLogWorker (SegmentedRaftLogWorker.java:lambda$new$0(134)) - s0@group-22128BF4D9AD-SegmentedRaftLogWorker: safeCacheEvictIndex: setUnconditionally 0 -> -1
2023-03-28 15:08:17,188 [s0-impl-thread1] INFO  server.RaftServer$Division (RaftServerImpl.java:start(342)) - s0@group-22128BF4D9AD: start as a follower, conf=-1: peers:[s0|rpc:localhost:41151|admin:localhost:43491|client:localhost:38787|dataStream:localhost:36693|priority:0|startupRole:FOLLOWER]|listeners:[], old=null
2023-03-28 15:08:17,188 [s0-impl-thread1] INFO  server.RaftServer$Division (RaftServerImpl.java:setRole(329)) - s0@group-22128BF4D9AD: changes role from      null to FOLLOWER at term 0 for startAsFollower
2023-03-28 15:08:17,188 [s0-impl-thread1] INFO  impl.RoleInfo (RoleInfo.java:updateAndGet(139)) - s0: start s0@group-22128BF4D9AD-FollowerState
2023-03-28 15:08:17,194 [s0@group-22128BF4D9AD-FollowerState] INFO  server.RaftServerConfigKeys (ConfUtils.java:logFallback(53)) - raft.server.rpc.first-election.timeout.min = 150ms (fallback to raft.server.rpc.timeout.min)
2023-03-28 15:08:17,194 [s0-impl-thread1] INFO  util.JmxRegister (JmxRegister.java:tryRegister(44)) - Successfully registered JMX Bean with object name Ratis:service=RaftServer,group=group-22128BF4D9AD,id=s0
2023-03-28 15:08:17,194 [s0@group-22128BF4D9AD-FollowerState] INFO  server.RaftServerConfigKeys (ConfUtils.java:logFallback(53)) - raft.server.rpc.first-election.timeout.max = 300ms (fallback to raft.server.rpc.timeout.max)
2023-03-28 15:08:17,194 [s0-impl-thread1] INFO  server.RaftServerConfigKeys (ConfUtils.java:logGet(46)) - raft.server.snapshot.auto.trigger.enabled = true (custom)
2023-03-28 15:08:17,195 [s0-impl-thread1] INFO  server.RaftServerConfigKeys (ConfUtils.java:logGet(46)) - raft.server.snapshot.auto.trigger.threshold = 64 (custom)
2023-03-28 15:08:17,195 [s0-impl-thread1] INFO  server.RaftServerConfigKeys (ConfUtils.java:logGet(46)) - raft.server.snapshot.retention.file.num = -1 (default)
2023-03-28 15:08:17,195 [s0-impl-thread1] INFO  server.RaftServerConfigKeys (ConfUtils.java:logGet(46)) - raft.server.log.purge.upto.snapshot.index = false (default)
2023-03-28 15:08:17,195 [Time-limited test] INFO  server.RaftServer (RaftServerProxy.java:startImpl(401)) - s0: start RPC server
2023-03-28 15:08:17,196 [Time-limited test] INFO  server.GrpcService (GrpcService.java:startImpl(302)) - s0: GrpcService started, listening on 38787
2023-03-28 15:08:17,197 [Time-limited test] INFO  server.GrpcService (GrpcService.java:startImpl(302)) - s0: GrpcService started, listening on 41151
2023-03-28 15:08:17,197 [Time-limited test] INFO  server.GrpcService (GrpcService.java:startImpl(302)) - s0: GrpcService started, listening on 43491
2023-03-28 15:08:17,198 [JvmPauseMonitor3] INFO  util.JvmPauseMonitor (JvmPauseMonitor.java:run(103)) - JvmPauseMonitor-s0: Started
2023-03-28 15:08:17,198 [Time-limited test] INFO  server.RaftServerConfigKeys (ConfUtils.java:logGet(46)) - raft.server.rpc.timeout.max = 300ms (default)
2023-03-28 15:08:17,198 [Time-limited test] INFO  ratis.RaftTestUtil (RaftTestUtil.java:waitForLeader(100)) - printing ALL groups
  s0:  RUNNING  FOLLOWER s0@group-22128BF4D9AD:t0, leader=null, voted=, raftlog=Memoized:s0@group-22128BF4D9AD-SegmentedRaftLog:OPENED:c-1, conf=-1: peers:[s0|rpc:localhost:41151|admin:localhost:43491|client:localhost:38787|dataStream:localhost:36693|priority:0|startupRole:FOLLOWER]|listeners:[], old=null RUNNING
2023-03-28 15:08:17,198 [Time-limited test] WARN  ratis.RaftTestUtil (JavaUtils.java:attempt(217)) - FAILED "waitForLeader-null-(expectLeader? true)", attempt #1/100: java.lang.IllegalStateException: No leader yet : printing ALL groups
  s0:  RUNNING  FOLLOWER s0@group-22128BF4D9AD:t0, leader=null, voted=, raftlog=Memoized:s0@group-22128BF4D9AD-SegmentedRaftLog:OPENED:c-1, conf=-1: peers:[s0|rpc:localhost:41151|admin:localhost:43491|client:localhost:38787|dataStream:localhost:36693|priority:0|startupRole:FOLLOWER]|listeners:[], old=null RUNNING, sleep 450ms and then retry.
java.lang.IllegalStateException: No leader yet : printing ALL groups
  s0:  RUNNING  FOLLOWER s0@group-22128BF4D9AD:t0, leader=null, voted=, raftlog=Memoized:s0@group-22128BF4D9AD-SegmentedRaftLog:OPENED:c-1, conf=-1: peers:[s0|rpc:localhost:41151|admin:localhost:43491|client:localhost:38787|dataStream:localhost:36693|priority:0|startupRole:FOLLOWER]|listeners:[], old=null RUNNING
	at org.apache.ratis.server.impl.MiniRaftCluster.newIllegalStateExceptionForNoLeaders(MiniRaftCluster.java:581)
	at org.apache.ratis.RaftTestUtil.lambda$waitForLeader$1(RaftTestUtil.java:104)
	at org.apache.ratis.server.impl.MiniRaftCluster.getLeader(MiniRaftCluster.java:615)
	at org.apache.ratis.server.impl.MiniRaftCluster.getLeader(MiniRaftCluster.java:608)
	at org.apache.ratis.RaftTestUtil.lambda$waitForLeader$3(RaftTestUtil.java:112)
	at org.apache.ratis.util.JavaUtils.attempt(JavaUtils.java:211)
	at org.apache.ratis.util.JavaUtils.attemptRepeatedly(JavaUtils.java:197)
	at org.apache.ratis.RaftTestUtil.waitForLeader(RaftTestUtil.java:111)
	at org.apache.ratis.RaftTestUtil.waitForLeader(RaftTestUtil.java:92)
	at org.apache.ratis.RaftTestUtil.waitForLeader(RaftTestUtil.java:87)
	at org.apache.ratis.InstallSnapshotFromLeaderTests.testMultiFileInstallSnapshot(InstallSnapshotFromLeaderTests.java:92)
	at org.apache.ratis.server.impl.MiniRaftCluster$Factory$Get.runWithNewCluster(MiniRaftCluster.java:141)
	at org.apache.ratis.server.impl.MiniRaftCluster$Factory$Get.runWithNewCluster(MiniRaftCluster.java:121)
	at org.apache.ratis.InstallSnapshotFromLeaderTests.testSeparateSnapshotInstallPath(InstallSnapshotFromLeaderTests.java:86)
	at java.base/jdk.internal.reflect.NativeMethodAccessorImpl.invoke0(Native Method)
	at java.base/jdk.internal.reflect.NativeMethodAccessorImpl.invoke(NativeMethodAccessorImpl.java:62)
	at java.base/jdk.internal.reflect.DelegatingMethodAccessorImpl.invoke(DelegatingMethodAccessorImpl.java:43)
	at java.base/java.lang.reflect.Method.invoke(Method.java:566)
	at org.junit.runners.model.FrameworkMethod$1.runReflectiveCall(FrameworkMethod.java:59)
	at org.junit.internal.runners.model.ReflectiveCallable.run(ReflectiveCallable.java:12)
	at org.junit.runners.model.FrameworkMethod.invokeExplosively(FrameworkMethod.java:56)
	at org.junit.internal.runners.statements.InvokeMethod.evaluate(InvokeMethod.java:17)
	at org.junit.internal.runners.statements.RunAfters.evaluate(RunAfters.java:27)
	at org.junit.internal.runners.statements.FailOnTimeout$CallableStatement.call(FailOnTimeout.java:299)
	at org.junit.internal.runners.statements.FailOnTimeout$CallableStatement.call(FailOnTimeout.java:293)
	at java.base/java.util.concurrent.FutureTask.run(FutureTask.java:264)
	at java.base/java.lang.Thread.run(Thread.java:829)
2023-03-28 15:08:17,444 [s0@group-22128BF4D9AD-FollowerState] INFO  impl.FollowerState (FollowerState.java:run(143)) - s0@group-22128BF4D9AD-FollowerState: change to CANDIDATE, lastRpcElapsedTime:255719420ns, electionTimeout:249ms
2023-03-28 15:08:17,444 [s0@group-22128BF4D9AD-FollowerState] INFO  impl.RoleInfo (RoleInfo.java:shutdownFollowerState(110)) - s0: shutdown s0@group-22128BF4D9AD-FollowerState
2023-03-28 15:08:17,444 [s0@group-22128BF4D9AD-FollowerState] INFO  server.RaftServer$Division (RaftServerImpl.java:setRole(329)) - s0@group-22128BF4D9AD: changes role from  FOLLOWER to CANDIDATE at term 0 for changeToCandidate
2023-03-28 15:08:17,444 [s0@group-22128BF4D9AD-FollowerState] INFO  server.RaftServerConfigKeys (ConfUtils.java:logGet(46)) - raft.server.leaderelection.pre-vote = true (default)
2023-03-28 15:08:17,444 [s0@group-22128BF4D9AD-FollowerState] INFO  impl.RoleInfo (RoleInfo.java:updateAndGet(139)) - s0: start s0@group-22128BF4D9AD-LeaderElection2
2023-03-28 15:08:17,448 [s0@group-22128BF4D9AD-LeaderElection2] INFO  impl.LeaderElection (LeaderElection.java:askForVotes(320)) - s0@group-22128BF4D9AD-LeaderElection2 PRE_VOTE round 0: submit vote requests at term 0 for -1: peers:[s0|rpc:localhost:41151|admin:localhost:43491|client:localhost:38787|dataStream:localhost:36693|priority:0|startupRole:FOLLOWER]|listeners:[], old=null
2023-03-28 15:08:17,448 [s0@group-22128BF4D9AD-LeaderElection2] INFO  impl.LeaderElection (LeaderElection.java:askForVotes(322)) - s0@group-22128BF4D9AD-LeaderElection2 PRE_VOTE round 0: result PASSED (term=0)
2023-03-28 15:08:17,449 [s0@group-22128BF4D9AD-LeaderElection2] INFO  impl.LeaderElection (LeaderElection.java:askForVotes(320)) - s0@group-22128BF4D9AD-LeaderElection2 ELECTION round 0: submit vote requests at term 1 for -1: peers:[s0|rpc:localhost:41151|admin:localhost:43491|client:localhost:38787|dataStream:localhost:36693|priority:0|startupRole:FOLLOWER]|listeners:[], old=null
2023-03-28 15:08:17,449 [s0@group-22128BF4D9AD-LeaderElection2] INFO  impl.LeaderElection (LeaderElection.java:askForVotes(322)) - s0@group-22128BF4D9AD-LeaderElection2 ELECTION round 0: result PASSED (term=1)
2023-03-28 15:08:17,449 [s0@group-22128BF4D9AD-LeaderElection2] INFO  impl.RoleInfo (RoleInfo.java:shutdownLeaderElection(130)) - s0: shutdown s0@group-22128BF4D9AD-LeaderElection2
2023-03-28 15:08:17,449 [s0@group-22128BF4D9AD-LeaderElection2] INFO  server.RaftServer$Division (RaftServerImpl.java:setRole(329)) - s0@group-22128BF4D9AD: changes role from CANDIDATE to LEADER at term 1 for changeToLeader
2023-03-28 15:08:17,449 [s0@group-22128BF4D9AD-LeaderElection2] INFO  server.RaftServer$Division (ServerState.java:setLeader(260)) - s0@group-22128BF4D9AD: change Leader from null to s0 at term 1 for becomeLeader, leader elected after 278ms
2023-03-28 15:08:17,449 [s0@group-22128BF4D9AD-LeaderElection2] INFO  server.RaftServerConfigKeys (ConfUtils.java:logGet(46)) - raft.server.staging.catchup.gap = 1000 (default)
2023-03-28 15:08:17,449 [s0@group-22128BF4D9AD-LeaderElection2] INFO  server.RaftServerConfigKeys (ConfUtils.java:logGet(46)) - raft.server.write.element-limit = 4096 (default)
2023-03-28 15:08:17,449 [s0@group-22128BF4D9AD-LeaderElection2] INFO  server.RaftServerConfigKeys (ConfUtils.java:logGet(46)) - raft.server.write.byte-limit = 64MB (=67108864) (default)
2023-03-28 15:08:17,450 [s0@group-22128BF4D9AD-LeaderElection2] INFO  server.RaftServerConfigKeys (ConfUtils.java:logGet(46)) - raft.server.watch.timeout = 10s (default)
2023-03-28 15:08:17,450 [s0@group-22128BF4D9AD-LeaderElection2] INFO  server.RaftServerConfigKeys (ConfUtils.java:logGet(46)) - raft.server.watch.timeout.denomination = 1s (default)
2023-03-28 15:08:17,450 [s0@group-22128BF4D9AD-LeaderElection2] INFO  server.RaftServerConfigKeys (ConfUtils.java:logGet(46)) - raft.server.watch.element-limit = 65536 (default)
2023-03-28 15:08:17,450 [s0@group-22128BF4D9AD-LeaderElection2] INFO  server.RaftServerConfigKeys (ConfUtils.java:logGet(46)) - raft.server.write.element-limit = 4096 (default)
2023-03-28 15:08:17,450 [s0@group-22128BF4D9AD-LeaderElection2] INFO  server.RaftServerConfigKeys (ConfUtils.java:logGet(46)) - raft.server.write.follower.gap.ratio.max = -1.0 (default)
2023-03-28 15:08:17,450 [s0@group-22128BF4D9AD-LeaderElection2] INFO  impl.RoleInfo (RoleInfo.java:updateAndGet(139)) - s0: start s0@group-22128BF4D9AD-LeaderStateImpl
2023-03-28 15:08:17,450 [s0@group-22128BF4D9AD-LeaderElection2] INFO  segmented.SegmentedRaftLogWorker (SegmentedRaftLogWorker.java:startLogSegment(426)) - s0@group-22128BF4D9AD-SegmentedRaftLogWorker: Starting segment from index:0
2023-03-28 15:08:17,455 [s0@group-22128BF4D9AD-LeaderElection2] INFO  server.RaftServer$Division (ServerState.java:setRaftConf(377)) - s0@group-22128BF4D9AD: set configuration 0: peers:[s0|rpc:localhost:41151|admin:localhost:43491|client:localhost:38787|dataStream:localhost:36693|priority:0|startupRole:FOLLOWER]|listeners:[], old=null
2023-03-28 15:08:17,461 [s0@group-22128BF4D9AD-SegmentedRaftLogWorker] INFO  segmented.SegmentedRaftLogWorker (SegmentedRaftLogWorker.java:execute(630)) - s0@group-22128BF4D9AD-SegmentedRaftLogWorker: created new log segment /home/runner/work/ratis/ratis/ratis-test/target/test/data/d2acef73/MiniRaftClusterWithGrpc5f030b81/s0/45965bbc-035d-4000-a0ce-22128bf4d9ad/current/log_inprogress_0
2023-03-28 15:08:17,649 [Time-limited test] INFO  ratis.RaftTestUtil (RaftTestUtil.java:waitForLeader(119)) - printing ALL groups
  s0:  RUNNING    LEADER s0@group-22128BF4D9AD:t1, leader=s0, voted=s0, raftlog=Memoized:s0@group-22128BF4D9AD-SegmentedRaftLog:OPENED:c0, conf=0: peers:[s0|rpc:localhost:41151|admin:localhost:43491|client:localhost:38787|dataStream:localhost:36693|priority:0|startupRole:FOLLOWER]|listeners:[], old=null RUNNING
2023-03-28 15:08:17,660 [s0@group-22128BF4D9AD-StateMachineUpdater] INFO  impl.SimpleStateMachine4Testing (SimpleStateMachine4Testing.java:put(205)) - s0: put 1, m0 -> (t:1, i:1), STATEMACHINELOGENTRY, 129@client-B336F56FD24D
2023-03-28 15:08:17,667 [s0@group-22128BF4D9AD-StateMachineUpdater] INFO  impl.SimpleStateMachine4Testing (SimpleStateMachine4Testing.java:put(205)) - s0: put 3, m1 -> (t:1, i:3), STATEMACHINELOGENTRY, 130@client-B336F56FD24D
2023-03-28 15:08:17,670 [s0@group-22128BF4D9AD-StateMachineUpdater] INFO  impl.SimpleStateMachine4Testing (SimpleStateMachine4Testing.java:put(205)) - s0: put 5, m2 -> (t:1, i:5), STATEMACHINELOGENTRY, 131@client-B336F56FD24D
2023-03-28 15:08:17,674 [s0@group-22128BF4D9AD-StateMachineUpdater] INFO  impl.SimpleStateMachine4Testing (SimpleStateMachine4Testing.java:put(205)) - s0: put 7, m3 -> (t:1, i:7), STATEMACHINELOGENTRY, 132@client-B336F56FD24D
2023-03-28 15:08:17,677 [s0@group-22128BF4D9AD-StateMachineUpdater] INFO  impl.SimpleStateMachine4Testing (SimpleStateMachine4Testing.java:put(205)) - s0: put 9, m4 -> (t:1, i:9), STATEMACHINELOGENTRY, 133@client-B336F56FD24D
2023-03-28 15:08:17,681 [s0@group-22128BF4D9AD-StateMachineUpdater] INFO  impl.SimpleStateMachine4Testing (SimpleStateMachine4Testing.java:put(205)) - s0: put 11, m5 -> (t:1, i:11), STATEMACHINELOGENTRY, 134@client-B336F56FD24D
2023-03-28 15:08:17,684 [s0@group-22128BF4D9AD-StateMachineUpdater] INFO  impl.SimpleStateMachine4Testing (SimpleStateMachine4Testing.java:put(205)) - s0: put 13, m6 -> (t:1, i:13), STATEMACHINELOGENTRY, 135@client-B336F56FD24D
2023-03-28 15:08:17,686 [s0@group-22128BF4D9AD-StateMachineUpdater] INFO  impl.SimpleStateMachine4Testing (SimpleStateMachine4Testing.java:put(205)) - s0: put 15, m7 -> (t:1, i:15), STATEMACHINELOGENTRY, 136@client-B336F56FD24D
2023-03-28 15:08:17,690 [s0@group-22128BF4D9AD-StateMachineUpdater] INFO  impl.SimpleStateMachine4Testing (SimpleStateMachine4Testing.java:put(205)) - s0: put 17, m8 -> (t:1, i:17), STATEMACHINELOGENTRY, 137@client-B336F56FD24D
2023-03-28 15:08:17,695 [s0@group-22128BF4D9AD-StateMachineUpdater] INFO  impl.SimpleStateMachine4Testing (SimpleStateMachine4Testing.java:put(205)) - s0: put 19, m9 -> (t:1, i:19), STATEMACHINELOGENTRY, 138@client-B336F56FD24D
2023-03-28 15:08:17,698 [s0@group-22128BF4D9AD-StateMachineUpdater] INFO  impl.SimpleStateMachine4Testing (SimpleStateMachine4Testing.java:put(205)) - s0: put 21, m10 -> (t:1, i:21), STATEMACHINELOGENTRY, 139@client-B336F56FD24D
2023-03-28 15:08:17,709 [s0@group-22128BF4D9AD-StateMachineUpdater] INFO  impl.SimpleStateMachine4Testing (SimpleStateMachine4Testing.java:put(205)) - s0: put 23, m11 -> (t:1, i:23), STATEMACHINELOGENTRY, 140@client-B336F56FD24D
2023-03-28 15:08:17,712 [s0@group-22128BF4D9AD-StateMachineUpdater] INFO  impl.SimpleStateMachine4Testing (SimpleStateMachine4Testing.java:put(205)) - s0: put 25, m12 -> (t:1, i:25), STATEMACHINELOGENTRY, 141@client-B336F56FD24D
2023-03-28 15:08:17,717 [s0@group-22128BF4D9AD-StateMachineUpdater] INFO  impl.SimpleStateMachine4Testing (SimpleStateMachine4Testing.java:put(205)) - s0: put 27, m13 -> (t:1, i:27), STATEMACHINELOGENTRY, 142@client-B336F56FD24D
2023-03-28 15:08:17,723 [s0@group-22128BF4D9AD-StateMachineUpdater] INFO  impl.SimpleStateMachine4Testing (SimpleStateMachine4Testing.java:put(205)) - s0: put 29, m14 -> (t:1, i:29), STATEMACHINELOGENTRY, 143@client-B336F56FD24D
2023-03-28 15:08:17,728 [s0@group-22128BF4D9AD-StateMachineUpdater] INFO  impl.SimpleStateMachine4Testing (SimpleStateMachine4Testing.java:put(205)) - s0: put 31, m15 -> (t:1, i:31), STATEMACHINELOGENTRY, 144@client-B336F56FD24D
2023-03-28 15:08:17,730 [s0@group-22128BF4D9AD-StateMachineUpdater] INFO  impl.SimpleStateMachine4Testing (SimpleStateMachine4Testing.java:put(205)) - s0: put 33, m16 -> (t:1, i:33), STATEMACHINELOGENTRY, 145@client-B336F56FD24D
2023-03-28 15:08:17,732 [s0@group-22128BF4D9AD-StateMachineUpdater] INFO  impl.SimpleStateMachine4Testing (SimpleStateMachine4Testing.java:put(205)) - s0: put 35, m17 -> (t:1, i:35), STATEMACHINELOGENTRY, 146@client-B336F56FD24D
2023-03-28 15:08:17,739 [s0@group-22128BF4D9AD-StateMachineUpdater] INFO  impl.SimpleStateMachine4Testing (SimpleStateMachine4Testing.java:put(205)) - s0: put 37, m18 -> (t:1, i:37), STATEMACHINELOGENTRY, 147@client-B336F56FD24D
2023-03-28 15:08:17,741 [s0@group-22128BF4D9AD-StateMachineUpdater] INFO  impl.SimpleStateMachine4Testing (SimpleStateMachine4Testing.java:put(205)) - s0: put 39, m19 -> (t:1, i:39), STATEMACHINELOGENTRY, 148@client-B336F56FD24D
2023-03-28 15:08:17,744 [s0@group-22128BF4D9AD-StateMachineUpdater] INFO  impl.SimpleStateMachine4Testing (SimpleStateMachine4Testing.java:put(205)) - s0: put 41, m20 -> (t:1, i:41), STATEMACHINELOGENTRY, 149@client-B336F56FD24D
2023-03-28 15:08:17,746 [s0@group-22128BF4D9AD-StateMachineUpdater] INFO  impl.SimpleStateMachine4Testing (SimpleStateMachine4Testing.java:put(205)) - s0: put 43, m21 -> (t:1, i:43), STATEMACHINELOGENTRY, 150@client-B336F56FD24D
2023-03-28 15:08:17,748 [s0@group-22128BF4D9AD-StateMachineUpdater] INFO  impl.SimpleStateMachine4Testing (SimpleStateMachine4Testing.java:put(205)) - s0: put 45, m22 -> (t:1, i:45), STATEMACHINELOGENTRY, 151@client-B336F56FD24D
2023-03-28 15:08:17,751 [s0@group-22128BF4D9AD-StateMachineUpdater] INFO  impl.SimpleStateMachine4Testing (SimpleStateMachine4Testing.java:put(205)) - s0: put 47, m23 -> (t:1, i:47), STATEMACHINELOGENTRY, 152@client-B336F56FD24D
2023-03-28 15:08:17,753 [s0@group-22128BF4D9AD-StateMachineUpdater] INFO  impl.SimpleStateMachine4Testing (SimpleStateMachine4Testing.java:put(205)) - s0: put 49, m24 -> (t:1, i:49), STATEMACHINELOGENTRY, 153@client-B336F56FD24D
2023-03-28 15:08:17,756 [s0@group-22128BF4D9AD-StateMachineUpdater] INFO  impl.SimpleStateMachine4Testing (SimpleStateMachine4Testing.java:put(205)) - s0: put 51, m25 -> (t:1, i:51), STATEMACHINELOGENTRY, 154@client-B336F56FD24D
2023-03-28 15:08:17,758 [s0@group-22128BF4D9AD-StateMachineUpdater] INFO  impl.SimpleStateMachine4Testing (SimpleStateMachine4Testing.java:put(205)) - s0: put 53, m26 -> (t:1, i:53), STATEMACHINELOGENTRY, 155@client-B336F56FD24D
2023-03-28 15:08:17,761 [s0@group-22128BF4D9AD-StateMachineUpdater] INFO  impl.SimpleStateMachine4Testing (SimpleStateMachine4Testing.java:put(205)) - s0: put 55, m27 -> (t:1, i:55), STATEMACHINELOGENTRY, 156@client-B336F56FD24D
2023-03-28 15:08:17,763 [s0@group-22128BF4D9AD-StateMachineUpdater] INFO  impl.SimpleStateMachine4Testing (SimpleStateMachine4Testing.java:put(205)) - s0: put 57, m28 -> (t:1, i:57), STATEMACHINELOGENTRY, 157@client-B336F56FD24D
2023-03-28 15:08:17,766 [s0@group-22128BF4D9AD-StateMachineUpdater] INFO  impl.SimpleStateMachine4Testing (SimpleStateMachine4Testing.java:put(205)) - s0: put 59, m29 -> (t:1, i:59), STATEMACHINELOGENTRY, 158@client-B336F56FD24D
2023-03-28 15:08:17,768 [s0@group-22128BF4D9AD-StateMachineUpdater] INFO  impl.SimpleStateMachine4Testing (SimpleStateMachine4Testing.java:put(205)) - s0: put 61, m30 -> (t:1, i:61), STATEMACHINELOGENTRY, 159@client-B336F56FD24D
2023-03-28 15:08:17,770 [s0@group-22128BF4D9AD-StateMachineUpdater] INFO  impl.SimpleStateMachine4Testing (SimpleStateMachine4Testing.java:put(205)) - s0: put 63, m31 -> (t:1, i:63), STATEMACHINELOGENTRY, 160@client-B336F56FD24D
2023-03-28 15:08:17,771 [s0@group-22128BF4D9AD-StateMachineUpdater] TRACE util.FileUtils (FileUtils.java:deleteFully(201)) - deleteFully /tmp/ratis-tests/statemachine/s0/snapshot/1_63
2023-03-28 15:08:17,771 [s0@group-22128BF4D9AD-StateMachineUpdater] TRACE util.FileUtils (FileUtils.java:deleteFully(217)) - deleteFully: /tmp/ratis-tests/statemachine/s0/snapshot/1_63 does not exist.
2023-03-28 15:08:17,771 [s0@group-22128BF4D9AD-StateMachineUpdater] TRACE util.FileUtils (FileUtils.java:deleteFully(201)) - deleteFully /tmp/ratis-tests/statemachine/s0/tmp/d073f04e-5ad3-42cf-b9e9-955b011c74df
2023-03-28 15:08:17,771 [s0@group-22128BF4D9AD-StateMachineUpdater] TRACE util.FileUtils (FileUtils.java:deleteFully(217)) - deleteFully: /tmp/ratis-tests/statemachine/s0/tmp/d073f04e-5ad3-42cf-b9e9-955b011c74df does not exist.
2023-03-28 15:08:17,771 [s0@group-22128BF4D9AD-StateMachineUpdater] TRACE util.FileUtils (LogUtils.java:runAndLog(49)) - Successfully ran Atomic Files.move /tmp/ratis-tests/statemachine/s0/tmp/d073f04e-5ad3-42cf-b9e9-955b011c74df to /tmp/ratis-tests/statemachine/s0/snapshot/1_63
2023-03-28 15:08:17,771 [s0@group-22128BF4D9AD-StateMachineUpdater] INFO  impl.StateMachineUpdater (StateMachineUpdater.java:takeSnapshot(290)) - s0@group-22128BF4D9AD-StateMachineUpdater: Took a snapshot at index 63
2023-03-28 15:08:17,771 [s0@group-22128BF4D9AD-StateMachineUpdater] INFO  impl.StateMachineUpdater (StateMachineUpdater.java:lambda$new$0(96)) - s0@group-22128BF4D9AD-StateMachineUpdater: snapshotIndex: updateIncreasingly -1 -> 63
2023-03-28 15:08:17,771 [s0@group-22128BF4D9AD-StateMachineUpdater] INFO  raftlog.RaftLog (RaftLogBase.java:purge(314)) - s0@group-22128BF4D9AD-SegmentedRaftLog: purge 63
2023-03-28 15:08:17,771 [s0@group-22128BF4D9AD-StateMachineUpdater] INFO  raftlog.RaftLog (RaftLogBase.java:lambda$new$0(53)) - s0@group-22128BF4D9AD-SegmentedRaftLog: snapshotIndex: updateIncreasingly -1 -> 63
2023-03-28 15:08:17,771 [s0@group-22128BF4D9AD-StateMachineUpdater] INFO  raftlog.RaftLog (RaftLogBase.java:lambda$new$0(53)) - s0@group-22128BF4D9AD-SegmentedRaftLog: purgeIndex: updateToMax old=-1, new=63, updated? true
2023-03-28 15:08:17,774 [s0@group-22128BF4D9AD-StateMachineUpdater] INFO  impl.SimpleStateMachine4Testing (SimpleStateMachine4Testing.java:put(205)) - s0: put 65, m32 -> (t:1, i:65), STATEMACHINELOGENTRY, 161@client-B336F56FD24D
2023-03-28 15:08:17,776 [s0@group-22128BF4D9AD-StateMachineUpdater] INFO  impl.SimpleStateMachine4Testing (SimpleStateMachine4Testing.java:put(205)) - s0: put 67, m33 -> (t:1, i:67), STATEMACHINELOGENTRY, 162@client-B336F56FD24D
2023-03-28 15:08:17,779 [s0@group-22128BF4D9AD-StateMachineUpdater] INFO  impl.SimpleStateMachine4Testing (SimpleStateMachine4Testing.java:put(205)) - s0: put 69, m34 -> (t:1, i:69), STATEMACHINELOGENTRY, 163@client-B336F56FD24D
2023-03-28 15:08:17,781 [s0@group-22128BF4D9AD-StateMachineUpdater] INFO  impl.SimpleStateMachine4Testing (SimpleStateMachine4Testing.java:put(205)) - s0: put 71, m35 -> (t:1, i:71), STATEMACHINELOGENTRY, 164@client-B336F56FD24D
2023-03-28 15:08:17,784 [s0@group-22128BF4D9AD-StateMachineUpdater] INFO  impl.SimpleStateMachine4Testing (SimpleStateMachine4Testing.java:put(205)) - s0: put 73, m36 -> (t:1, i:73), STATEMACHINELOGENTRY, 165@client-B336F56FD24D
2023-03-28 15:08:17,786 [s0@group-22128BF4D9AD-StateMachineUpdater] INFO  impl.SimpleStateMachine4Testing (SimpleStateMachine4Testing.java:put(205)) - s0: put 75, m37 -> (t:1, i:75), STATEMACHINELOGENTRY, 166@client-B336F56FD24D
2023-03-28 15:08:17,789 [s0@group-22128BF4D9AD-StateMachineUpdater] INFO  impl.SimpleStateMachine4Testing (SimpleStateMachine4Testing.java:put(205)) - s0: put 77, m38 -> (t:1, i:77), STATEMACHINELOGENTRY, 167@client-B336F56FD24D
2023-03-28 15:08:17,792 [s0@group-22128BF4D9AD-StateMachineUpdater] INFO  impl.SimpleStateMachine4Testing (SimpleStateMachine4Testing.java:put(205)) - s0: put 79, m39 -> (t:1, i:79), STATEMACHINELOGENTRY, 168@client-B336F56FD24D
2023-03-28 15:08:17,795 [s0@group-22128BF4D9AD-StateMachineUpdater] INFO  impl.SimpleStateMachine4Testing (SimpleStateMachine4Testing.java:put(205)) - s0: put 81, m40 -> (t:1, i:81), STATEMACHINELOGENTRY, 169@client-B336F56FD24D
2023-03-28 15:08:17,797 [s0@group-22128BF4D9AD-StateMachineUpdater] INFO  impl.SimpleStateMachine4Testing (SimpleStateMachine4Testing.java:put(205)) - s0: put 83, m41 -> (t:1, i:83), STATEMACHINELOGENTRY, 170@client-B336F56FD24D
2023-03-28 15:08:17,800 [s0@group-22128BF4D9AD-StateMachineUpdater] INFO  impl.SimpleStateMachine4Testing (SimpleStateMachine4Testing.java:put(205)) - s0: put 85, m42 -> (t:1, i:85), STATEMACHINELOGENTRY, 171@client-B336F56FD24D
2023-03-28 15:08:17,802 [s0@group-22128BF4D9AD-StateMachineUpdater] INFO  impl.SimpleStateMachine4Testing (SimpleStateMachine4Testing.java:put(205)) - s0: put 87, m43 -> (t:1, i:87), STATEMACHINELOGENTRY, 172@client-B336F56FD24D
2023-03-28 15:08:17,805 [s0@group-22128BF4D9AD-StateMachineUpdater] INFO  impl.SimpleStateMachine4Testing (SimpleStateMachine4Testing.java:put(205)) - s0: put 89, m44 -> (t:1, i:89), STATEMACHINELOGENTRY, 173@client-B336F56FD24D
2023-03-28 15:08:17,811 [s0@group-22128BF4D9AD-StateMachineUpdater] INFO  impl.SimpleStateMachine4Testing (SimpleStateMachine4Testing.java:put(205)) - s0: put 91, m45 -> (t:1, i:91), STATEMACHINELOGENTRY, 174@client-B336F56FD24D
2023-03-28 15:08:17,813 [s0@group-22128BF4D9AD-StateMachineUpdater] INFO  impl.SimpleStateMachine4Testing (SimpleStateMachine4Testing.java:put(205)) - s0: put 93, m46 -> (t:1, i:93), STATEMACHINELOGENTRY, 175@client-B336F56FD24D
2023-03-28 15:08:17,816 [s0@group-22128BF4D9AD-StateMachineUpdater] INFO  impl.SimpleStateMachine4Testing (SimpleStateMachine4Testing.java:put(205)) - s0: put 95, m47 -> (t:1, i:95), STATEMACHINELOGENTRY, 176@client-B336F56FD24D
2023-03-28 15:08:17,818 [s0@group-22128BF4D9AD-StateMachineUpdater] INFO  impl.SimpleStateMachine4Testing (SimpleStateMachine4Testing.java:put(205)) - s0: put 97, m48 -> (t:1, i:97), STATEMACHINELOGENTRY, 177@client-B336F56FD24D
2023-03-28 15:08:17,821 [s0@group-22128BF4D9AD-StateMachineUpdater] INFO  impl.SimpleStateMachine4Testing (SimpleStateMachine4Testing.java:put(205)) - s0: put 99, m49 -> (t:1, i:99), STATEMACHINELOGENTRY, 178@client-B336F56FD24D
2023-03-28 15:08:17,824 [s0@group-22128BF4D9AD-StateMachineUpdater] INFO  impl.SimpleStateMachine4Testing (SimpleStateMachine4Testing.java:put(205)) - s0: put 101, m50 -> (t:1, i:101), STATEMACHINELOGENTRY, 179@client-B336F56FD24D
2023-03-28 15:08:17,827 [s0@group-22128BF4D9AD-StateMachineUpdater] INFO  impl.SimpleStateMachine4Testing (SimpleStateMachine4Testing.java:put(205)) - s0: put 103, m51 -> (t:1, i:103), STATEMACHINELOGENTRY, 180@client-B336F56FD24D
2023-03-28 15:08:17,829 [s0@group-22128BF4D9AD-StateMachineUpdater] INFO  impl.SimpleStateMachine4Testing (SimpleStateMachine4Testing.java:put(205)) - s0: put 105, m52 -> (t:1, i:105), STATEMACHINELOGENTRY, 181@client-B336F56FD24D
2023-03-28 15:08:17,832 [s0@group-22128BF4D9AD-StateMachineUpdater] INFO  impl.SimpleStateMachine4Testing (SimpleStateMachine4Testing.java:put(205)) - s0: put 107, m53 -> (t:1, i:107), STATEMACHINELOGENTRY, 182@client-B336F56FD24D
2023-03-28 15:08:17,837 [s0@group-22128BF4D9AD-StateMachineUpdater] INFO  impl.SimpleStateMachine4Testing (SimpleStateMachine4Testing.java:put(205)) - s0: put 109, m54 -> (t:1, i:109), STATEMACHINELOGENTRY, 183@client-B336F56FD24D
2023-03-28 15:08:17,845 [s0@group-22128BF4D9AD-StateMachineUpdater] INFO  impl.SimpleStateMachine4Testing (SimpleStateMachine4Testing.java:put(205)) - s0: put 111, m55 -> (t:1, i:111), STATEMACHINELOGENTRY, 184@client-B336F56FD24D
2023-03-28 15:08:17,854 [s0@group-22128BF4D9AD-StateMachineUpdater] INFO  impl.SimpleStateMachine4Testing (SimpleStateMachine4Testing.java:put(205)) - s0: put 113, m56 -> (t:1, i:113), STATEMACHINELOGENTRY, 185@client-B336F56FD24D
2023-03-28 15:08:17,862 [s0@group-22128BF4D9AD-StateMachineUpdater] INFO  impl.SimpleStateMachine4Testing (SimpleStateMachine4Testing.java:put(205)) - s0: put 115, m57 -> (t:1, i:115), STATEMACHINELOGENTRY, 186@client-B336F56FD24D
2023-03-28 15:08:17,865 [s0@group-22128BF4D9AD-StateMachineUpdater] INFO  impl.SimpleStateMachine4Testing (SimpleStateMachine4Testing.java:put(205)) - s0: put 117, m58 -> (t:1, i:117), STATEMACHINELOGENTRY, 187@client-B336F56FD24D
2023-03-28 15:08:17,867 [s0@group-22128BF4D9AD-StateMachineUpdater] INFO  impl.SimpleStateMachine4Testing (SimpleStateMachine4Testing.java:put(205)) - s0: put 119, m59 -> (t:1, i:119), STATEMACHINELOGENTRY, 188@client-B336F56FD24D
2023-03-28 15:08:17,870 [s0@group-22128BF4D9AD-StateMachineUpdater] INFO  impl.SimpleStateMachine4Testing (SimpleStateMachine4Testing.java:put(205)) - s0: put 121, m60 -> (t:1, i:121), STATEMACHINELOGENTRY, 189@client-B336F56FD24D
2023-03-28 15:08:17,872 [s0@group-22128BF4D9AD-StateMachineUpdater] INFO  impl.SimpleStateMachine4Testing (SimpleStateMachine4Testing.java:put(205)) - s0: put 123, m61 -> (t:1, i:123), STATEMACHINELOGENTRY, 190@client-B336F56FD24D
2023-03-28 15:08:17,875 [s0@group-22128BF4D9AD-StateMachineUpdater] INFO  impl.SimpleStateMachine4Testing (SimpleStateMachine4Testing.java:put(205)) - s0: put 125, m62 -> (t:1, i:125), STATEMACHINELOGENTRY, 191@client-B336F56FD24D
2023-03-28 15:08:17,877 [s0@group-22128BF4D9AD-StateMachineUpdater] INFO  impl.SimpleStateMachine4Testing (SimpleStateMachine4Testing.java:put(205)) - s0: put 127, m63 -> (t:1, i:127), STATEMACHINELOGENTRY, 192@client-B336F56FD24D
2023-03-28 15:08:17,878 [s0@group-22128BF4D9AD-StateMachineUpdater] TRACE util.FileUtils (FileUtils.java:deleteFully(201)) - deleteFully /tmp/ratis-tests/statemachine/s0/snapshot/1_127
2023-03-28 15:08:17,878 [s0@group-22128BF4D9AD-StateMachineUpdater] TRACE util.FileUtils (FileUtils.java:deleteFully(217)) - deleteFully: /tmp/ratis-tests/statemachine/s0/snapshot/1_127 does not exist.
2023-03-28 15:08:17,878 [s0@group-22128BF4D9AD-StateMachineUpdater] TRACE util.FileUtils (FileUtils.java:deleteFully(201)) - deleteFully /tmp/ratis-tests/statemachine/s0/tmp/6502b82b-1824-43ec-b028-70c941c75f71
2023-03-28 15:08:17,878 [s0@group-22128BF4D9AD-StateMachineUpdater] TRACE util.FileUtils (FileUtils.java:deleteFully(217)) - deleteFully: /tmp/ratis-tests/statemachine/s0/tmp/6502b82b-1824-43ec-b028-70c941c75f71 does not exist.
2023-03-28 15:08:17,878 [s0@group-22128BF4D9AD-StateMachineUpdater] TRACE util.FileUtils (LogUtils.java:runAndLog(49)) - Successfully ran Atomic Files.move /tmp/ratis-tests/statemachine/s0/tmp/6502b82b-1824-43ec-b028-70c941c75f71 to /tmp/ratis-tests/statemachine/s0/snapshot/1_127
2023-03-28 15:08:17,878 [s0@group-22128BF4D9AD-StateMachineUpdater] INFO  impl.StateMachineUpdater (StateMachineUpdater.java:takeSnapshot(290)) - s0@group-22128BF4D9AD-StateMachineUpdater: Took a snapshot at index 127
2023-03-28 15:08:17,878 [s0@group-22128BF4D9AD-StateMachineUpdater] INFO  impl.StateMachineUpdater (StateMachineUpdater.java:lambda$new$0(96)) - s0@group-22128BF4D9AD-StateMachineUpdater: snapshotIndex: updateIncreasingly 63 -> 127
2023-03-28 15:08:17,878 [s0@group-22128BF4D9AD-StateMachineUpdater] INFO  raftlog.RaftLog (RaftLogBase.java:purge(314)) - s0@group-22128BF4D9AD-SegmentedRaftLog: purge 127
2023-03-28 15:08:17,878 [s0@group-22128BF4D9AD-StateMachineUpdater] INFO  raftlog.RaftLog (RaftLogBase.java:lambda$new$0(53)) - s0@group-22128BF4D9AD-SegmentedRaftLog: snapshotIndex: updateIncreasingly 63 -> 127
2023-03-28 15:08:17,878 [s0@group-22128BF4D9AD-StateMachineUpdater] INFO  raftlog.RaftLog (RaftLogBase.java:lambda$new$0(53)) - s0@group-22128BF4D9AD-SegmentedRaftLog: purgeIndex: updateToMax old=63, new=127, updated? true
2023-03-28 15:08:17,881 [s0@group-22128BF4D9AD-StateMachineUpdater] INFO  impl.SimpleStateMachine4Testing (SimpleStateMachine4Testing.java:put(205)) - s0: put 129, m64 -> (t:1, i:129), STATEMACHINELOGENTRY, 193@client-B336F56FD24D
2023-03-28 15:08:17,883 [s0@group-22128BF4D9AD-StateMachineUpdater] INFO  impl.SimpleStateMachine4Testing (SimpleStateMachine4Testing.java:put(205)) - s0: put 131, m65 -> (t:1, i:131), STATEMACHINELOGENTRY, 194@client-B336F56FD24D
2023-03-28 15:08:17,886 [s0@group-22128BF4D9AD-StateMachineUpdater] INFO  impl.SimpleStateMachine4Testing (SimpleStateMachine4Testing.java:put(205)) - s0: put 133, m66 -> (t:1, i:133), STATEMACHINELOGENTRY, 195@client-B336F56FD24D
2023-03-28 15:08:17,888 [s0@group-22128BF4D9AD-StateMachineUpdater] INFO  impl.SimpleStateMachine4Testing (SimpleStateMachine4Testing.java:put(205)) - s0: put 135, m67 -> (t:1, i:135), STATEMACHINELOGENTRY, 196@client-B336F56FD24D
2023-03-28 15:08:17,890 [s0@group-22128BF4D9AD-StateMachineUpdater] INFO  impl.SimpleStateMachine4Testing (SimpleStateMachine4Testing.java:put(205)) - s0: put 137, m68 -> (t:1, i:137), STATEMACHINELOGENTRY, 197@client-B336F56FD24D
2023-03-28 15:08:17,893 [s0@group-22128BF4D9AD-StateMachineUpdater] INFO  impl.SimpleStateMachine4Testing (SimpleStateMachine4Testing.java:put(205)) - s0: put 139, m69 -> (t:1, i:139), STATEMACHINELOGENTRY, 198@client-B336F56FD24D
2023-03-28 15:08:17,895 [s0@group-22128BF4D9AD-StateMachineUpdater] INFO  impl.SimpleStateMachine4Testing (SimpleStateMachine4Testing.java:put(205)) - s0: put 141, m70 -> (t:1, i:141), STATEMACHINELOGENTRY, 199@client-B336F56FD24D
2023-03-28 15:08:17,897 [s0@group-22128BF4D9AD-StateMachineUpdater] INFO  impl.SimpleStateMachine4Testing (SimpleStateMachine4Testing.java:put(205)) - s0: put 143, m71 -> (t:1, i:143), STATEMACHINELOGENTRY, 200@client-B336F56FD24D
2023-03-28 15:08:17,899 [s0@group-22128BF4D9AD-StateMachineUpdater] INFO  impl.SimpleStateMachine4Testing (SimpleStateMachine4Testing.java:put(205)) - s0: put 145, m72 -> (t:1, i:145), STATEMACHINELOGENTRY, 201@client-B336F56FD24D
2023-03-28 15:08:17,902 [s0@group-22128BF4D9AD-StateMachineUpdater] INFO  impl.SimpleStateMachine4Testing (SimpleStateMachine4Testing.java:put(205)) - s0: put 147, m73 -> (t:1, i:147), STATEMACHINELOGENTRY, 202@client-B336F56FD24D
2023-03-28 15:08:17,904 [s0@group-22128BF4D9AD-StateMachineUpdater] INFO  impl.SimpleStateMachine4Testing (SimpleStateMachine4Testing.java:put(205)) - s0: put 149, m74 -> (t:1, i:149), STATEMACHINELOGENTRY, 203@client-B336F56FD24D
2023-03-28 15:08:17,906 [s0@group-22128BF4D9AD-StateMachineUpdater] INFO  impl.SimpleStateMachine4Testing (SimpleStateMachine4Testing.java:put(205)) - s0: put 151, m75 -> (t:1, i:151), STATEMACHINELOGENTRY, 204@client-B336F56FD24D
2023-03-28 15:08:17,908 [s0@group-22128BF4D9AD-StateMachineUpdater] INFO  impl.SimpleStateMachine4Testing (SimpleStateMachine4Testing.java:put(205)) - s0: put 153, m76 -> (t:1, i:153), STATEMACHINELOGENTRY, 205@client-B336F56FD24D
2023-03-28 15:08:17,911 [s0@group-22128BF4D9AD-StateMachineUpdater] INFO  impl.SimpleStateMachine4Testing (SimpleStateMachine4Testing.java:put(205)) - s0: put 155, m77 -> (t:1, i:155), STATEMACHINELOGENTRY, 206@client-B336F56FD24D
2023-03-28 15:08:17,913 [s0@group-22128BF4D9AD-StateMachineUpdater] INFO  impl.SimpleStateMachine4Testing (SimpleStateMachine4Testing.java:put(205)) - s0: put 157, m78 -> (t:1, i:157), STATEMACHINELOGENTRY, 207@client-B336F56FD24D
2023-03-28 15:08:17,916 [s0@group-22128BF4D9AD-StateMachineUpdater] INFO  impl.SimpleStateMachine4Testing (SimpleStateMachine4Testing.java:put(205)) - s0: put 159, m79 -> (t:1, i:159), STATEMACHINELOGENTRY, 208@client-B336F56FD24D
2023-03-28 15:08:17,918 [s0@group-22128BF4D9AD-StateMachineUpdater] INFO  impl.SimpleStateMachine4Testing (SimpleStateMachine4Testing.java:put(205)) - s0: put 161, m80 -> (t:1, i:161), STATEMACHINELOGENTRY, 209@client-B336F56FD24D
2023-03-28 15:08:17,921 [s0@group-22128BF4D9AD-StateMachineUpdater] INFO  impl.SimpleStateMachine4Testing (SimpleStateMachine4Testing.java:put(205)) - s0: put 163, m81 -> (t:1, i:163), STATEMACHINELOGENTRY, 210@client-B336F56FD24D
2023-03-28 15:08:17,923 [s0@group-22128BF4D9AD-StateMachineUpdater] INFO  impl.SimpleStateMachine4Testing (SimpleStateMachine4Testing.java:put(205)) - s0: put 165, m82 -> (t:1, i:165), STATEMACHINELOGENTRY, 211@client-B336F56FD24D
2023-03-28 15:08:17,926 [s0@group-22128BF4D9AD-StateMachineUpdater] INFO  impl.SimpleStateMachine4Testing (SimpleStateMachine4Testing.java:put(205)) - s0: put 167, m83 -> (t:1, i:167), STATEMACHINELOGENTRY, 212@client-B336F56FD24D
2023-03-28 15:08:17,928 [s0@group-22128BF4D9AD-StateMachineUpdater] INFO  impl.SimpleStateMachine4Testing (SimpleStateMachine4Testing.java:put(205)) - s0: put 169, m84 -> (t:1, i:169), STATEMACHINELOGENTRY, 213@client-B336F56FD24D
2023-03-28 15:08:17,931 [s0@group-22128BF4D9AD-StateMachineUpdater] INFO  impl.SimpleStateMachine4Testing (SimpleStateMachine4Testing.java:put(205)) - s0: put 171, m85 -> (t:1, i:171), STATEMACHINELOGENTRY, 214@client-B336F56FD24D
2023-03-28 15:08:17,933 [s0@group-22128BF4D9AD-StateMachineUpdater] INFO  impl.SimpleStateMachine4Testing (SimpleStateMachine4Testing.java:put(205)) - s0: put 173, m86 -> (t:1, i:173), STATEMACHINELOGENTRY, 215@client-B336F56FD24D
2023-03-28 15:08:17,935 [s0@group-22128BF4D9AD-StateMachineUpdater] INFO  impl.SimpleStateMachine4Testing (SimpleStateMachine4Testing.java:put(205)) - s0: put 175, m87 -> (t:1, i:175), STATEMACHINELOGENTRY, 216@client-B336F56FD24D
2023-03-28 15:08:17,938 [s0@group-22128BF4D9AD-StateMachineUpdater] INFO  impl.SimpleStateMachine4Testing (SimpleStateMachine4Testing.java:put(205)) - s0: put 177, m88 -> (t:1, i:177), STATEMACHINELOGENTRY, 217@client-B336F56FD24D
2023-03-28 15:08:17,940 [s0@group-22128BF4D9AD-StateMachineUpdater] INFO  impl.SimpleStateMachine4Testing (SimpleStateMachine4Testing.java:put(205)) - s0: put 179, m89 -> (t:1, i:179), STATEMACHINELOGENTRY, 218@client-B336F56FD24D
2023-03-28 15:08:17,942 [s0@group-22128BF4D9AD-StateMachineUpdater] INFO  impl.SimpleStateMachine4Testing (SimpleStateMachine4Testing.java:put(205)) - s0: put 181, m90 -> (t:1, i:181), STATEMACHINELOGENTRY, 219@client-B336F56FD24D
2023-03-28 15:08:17,945 [s0@group-22128BF4D9AD-StateMachineUpdater] INFO  impl.SimpleStateMachine4Testing (SimpleStateMachine4Testing.java:put(205)) - s0: put 183, m91 -> (t:1, i:183), STATEMACHINELOGENTRY, 220@client-B336F56FD24D
2023-03-28 15:08:17,947 [s0@group-22128BF4D9AD-StateMachineUpdater] INFO  impl.SimpleStateMachine4Testing (SimpleStateMachine4Testing.java:put(205)) - s0: put 185, m92 -> (t:1, i:185), STATEMACHINELOGENTRY, 221@client-B336F56FD24D
2023-03-28 15:08:17,949 [s0@group-22128BF4D9AD-StateMachineUpdater] INFO  impl.SimpleStateMachine4Testing (SimpleStateMachine4Testing.java:put(205)) - s0: put 187, m93 -> (t:1, i:187), STATEMACHINELOGENTRY, 222@client-B336F56FD24D
2023-03-28 15:08:17,952 [s0@group-22128BF4D9AD-StateMachineUpdater] INFO  impl.SimpleStateMachine4Testing (SimpleStateMachine4Testing.java:put(205)) - s0: put 189, m94 -> (t:1, i:189), STATEMACHINELOGENTRY, 223@client-B336F56FD24D
2023-03-28 15:08:17,954 [s0@group-22128BF4D9AD-StateMachineUpdater] INFO  impl.SimpleStateMachine4Testing (SimpleStateMachine4Testing.java:put(205)) - s0: put 191, m95 -> (t:1, i:191), STATEMACHINELOGENTRY, 224@client-B336F56FD24D
2023-03-28 15:08:17,955 [s0@group-22128BF4D9AD-StateMachineUpdater] TRACE util.FileUtils (FileUtils.java:deleteFully(201)) - deleteFully /tmp/ratis-tests/statemachine/s0/snapshot/1_191
2023-03-28 15:08:17,955 [s0@group-22128BF4D9AD-StateMachineUpdater] TRACE util.FileUtils (FileUtils.java:deleteFully(217)) - deleteFully: /tmp/ratis-tests/statemachine/s0/snapshot/1_191 does not exist.
2023-03-28 15:08:17,955 [s0@group-22128BF4D9AD-StateMachineUpdater] TRACE util.FileUtils (FileUtils.java:deleteFully(201)) - deleteFully /tmp/ratis-tests/statemachine/s0/tmp/ddab4c1d-591d-4076-b132-f6ba0758c369
2023-03-28 15:08:17,955 [s0@group-22128BF4D9AD-StateMachineUpdater] TRACE util.FileUtils (FileUtils.java:deleteFully(217)) - deleteFully: /tmp/ratis-tests/statemachine/s0/tmp/ddab4c1d-591d-4076-b132-f6ba0758c369 does not exist.
2023-03-28 15:08:17,955 [s0@group-22128BF4D9AD-StateMachineUpdater] TRACE util.FileUtils (LogUtils.java:runAndLog(49)) - Successfully ran Atomic Files.move /tmp/ratis-tests/statemachine/s0/tmp/ddab4c1d-591d-4076-b132-f6ba0758c369 to /tmp/ratis-tests/statemachine/s0/snapshot/1_191
2023-03-28 15:08:17,955 [s0@group-22128BF4D9AD-StateMachineUpdater] INFO  impl.StateMachineUpdater (StateMachineUpdater.java:takeSnapshot(290)) - s0@group-22128BF4D9AD-StateMachineUpdater: Took a snapshot at index 191
2023-03-28 15:08:17,955 [s0@group-22128BF4D9AD-StateMachineUpdater] INFO  impl.StateMachineUpdater (StateMachineUpdater.java:lambda$new$0(96)) - s0@group-22128BF4D9AD-StateMachineUpdater: snapshotIndex: updateIncreasingly 127 -> 191
2023-03-28 15:08:17,955 [s0@group-22128BF4D9AD-StateMachineUpdater] INFO  raftlog.RaftLog (RaftLogBase.java:purge(314)) - s0@group-22128BF4D9AD-SegmentedRaftLog: purge 191
2023-03-28 15:08:17,955 [s0@group-22128BF4D9AD-StateMachineUpdater] INFO  raftlog.RaftLog (RaftLogBase.java:lambda$new$0(53)) - s0@group-22128BF4D9AD-SegmentedRaftLog: snapshotIndex: updateIncreasingly 127 -> 191
2023-03-28 15:08:17,955 [s0@group-22128BF4D9AD-StateMachineUpdater] INFO  raftlog.RaftLog (RaftLogBase.java:lambda$new$0(53)) - s0@group-22128BF4D9AD-SegmentedRaftLog: purgeIndex: updateToMax old=127, new=191, updated? true
2023-03-28 15:08:17,958 [s0@group-22128BF4D9AD-StateMachineUpdater] INFO  impl.SimpleStateMachine4Testing (SimpleStateMachine4Testing.java:put(205)) - s0: put 193, m96 -> (t:1, i:193), STATEMACHINELOGENTRY, 225@client-B336F56FD24D
2023-03-28 15:08:17,961 [s0@group-22128BF4D9AD-StateMachineUpdater] INFO  impl.SimpleStateMachine4Testing (SimpleStateMachine4Testing.java:put(205)) - s0: put 195, m97 -> (t:1, i:195), STATEMACHINELOGENTRY, 226@client-B336F56FD24D
2023-03-28 15:08:17,963 [s0@group-22128BF4D9AD-StateMachineUpdater] INFO  impl.SimpleStateMachine4Testing (SimpleStateMachine4Testing.java:put(205)) - s0: put 197, m98 -> (t:1, i:197), STATEMACHINELOGENTRY, 227@client-B336F56FD24D
2023-03-28 15:08:17,966 [s0@group-22128BF4D9AD-StateMachineUpdater] INFO  impl.SimpleStateMachine4Testing (SimpleStateMachine4Testing.java:put(205)) - s0: put 199, m99 -> (t:1, i:199), STATEMACHINELOGENTRY, 228@client-B336F56FD24D
2023-03-28 15:08:17,968 [s0@group-22128BF4D9AD-StateMachineUpdater] INFO  impl.SimpleStateMachine4Testing (SimpleStateMachine4Testing.java:put(205)) - s0: put 201, m100 -> (t:1, i:201), STATEMACHINELOGENTRY, 229@client-B336F56FD24D
2023-03-28 15:08:17,971 [s0@group-22128BF4D9AD-StateMachineUpdater] INFO  impl.SimpleStateMachine4Testing (SimpleStateMachine4Testing.java:put(205)) - s0: put 203, m101 -> (t:1, i:203), STATEMACHINELOGENTRY, 230@client-B336F56FD24D
2023-03-28 15:08:17,974 [s0@group-22128BF4D9AD-StateMachineUpdater] INFO  impl.SimpleStateMachine4Testing (SimpleStateMachine4Testing.java:put(205)) - s0: put 205, m102 -> (t:1, i:205), STATEMACHINELOGENTRY, 231@client-B336F56FD24D
2023-03-28 15:08:17,977 [s0@group-22128BF4D9AD-StateMachineUpdater] INFO  impl.SimpleStateMachine4Testing (SimpleStateMachine4Testing.java:put(205)) - s0: put 207, m103 -> (t:1, i:207), STATEMACHINELOGENTRY, 232@client-B336F56FD24D
2023-03-28 15:08:17,980 [s0@group-22128BF4D9AD-StateMachineUpdater] INFO  impl.SimpleStateMachine4Testing (SimpleStateMachine4Testing.java:put(205)) - s0: put 209, m104 -> (t:1, i:209), STATEMACHINELOGENTRY, 233@client-B336F56FD24D
2023-03-28 15:08:17,983 [s0@group-22128BF4D9AD-StateMachineUpdater] INFO  impl.SimpleStateMachine4Testing (SimpleStateMachine4Testing.java:put(205)) - s0: put 211, m105 -> (t:1, i:211), STATEMACHINELOGENTRY, 234@client-B336F56FD24D
2023-03-28 15:08:17,985 [s0@group-22128BF4D9AD-StateMachineUpdater] INFO  impl.SimpleStateMachine4Testing (SimpleStateMachine4Testing.java:put(205)) - s0: put 213, m106 -> (t:1, i:213), STATEMACHINELOGENTRY, 235@client-B336F56FD24D
2023-03-28 15:08:17,989 [s0@group-22128BF4D9AD-StateMachineUpdater] INFO  impl.SimpleStateMachine4Testing (SimpleStateMachine4Testing.java:put(205)) - s0: put 215, m107 -> (t:1, i:215), STATEMACHINELOGENTRY, 236@client-B336F56FD24D
2023-03-28 15:08:17,992 [s0@group-22128BF4D9AD-StateMachineUpdater] INFO  impl.SimpleStateMachine4Testing (SimpleStateMachine4Testing.java:put(205)) - s0: put 217, m108 -> (t:1, i:217), STATEMACHINELOGENTRY, 237@client-B336F56FD24D
2023-03-28 15:08:17,994 [s0@group-22128BF4D9AD-StateMachineUpdater] INFO  impl.SimpleStateMachine4Testing (SimpleStateMachine4Testing.java:put(205)) - s0: put 219, m109 -> (t:1, i:219), STATEMACHINELOGENTRY, 238@client-B336F56FD24D
2023-03-28 15:08:17,999 [s0@group-22128BF4D9AD-StateMachineUpdater] INFO  impl.SimpleStateMachine4Testing (SimpleStateMachine4Testing.java:put(205)) - s0: put 221, m110 -> (t:1, i:221), STATEMACHINELOGENTRY, 239@client-B336F56FD24D
2023-03-28 15:08:18,002 [s0@group-22128BF4D9AD-StateMachineUpdater] INFO  impl.SimpleStateMachine4Testing (SimpleStateMachine4Testing.java:put(205)) - s0: put 223, m111 -> (t:1, i:223), STATEMACHINELOGENTRY, 240@client-B336F56FD24D
2023-03-28 15:08:18,005 [s0@group-22128BF4D9AD-StateMachineUpdater] INFO  impl.SimpleStateMachine4Testing (SimpleStateMachine4Testing.java:put(205)) - s0: put 225, m112 -> (t:1, i:225), STATEMACHINELOGENTRY, 241@client-B336F56FD24D
2023-03-28 15:08:18,007 [s0@group-22128BF4D9AD-StateMachineUpdater] INFO  impl.SimpleStateMachine4Testing (SimpleStateMachine4Testing.java:put(205)) - s0: put 227, m113 -> (t:1, i:227), STATEMACHINELOGENTRY, 242@client-B336F56FD24D
2023-03-28 15:08:18,010 [s0@group-22128BF4D9AD-StateMachineUpdater] INFO  impl.SimpleStateMachine4Testing (SimpleStateMachine4Testing.java:put(205)) - s0: put 229, m114 -> (t:1, i:229), STATEMACHINELOGENTRY, 243@client-B336F56FD24D
2023-03-28 15:08:18,012 [s0@group-22128BF4D9AD-StateMachineUpdater] INFO  impl.SimpleStateMachine4Testing (SimpleStateMachine4Testing.java:put(205)) - s0: put 231, m115 -> (t:1, i:231), STATEMACHINELOGENTRY, 244@client-B336F56FD24D
2023-03-28 15:08:18,015 [s0@group-22128BF4D9AD-StateMachineUpdater] INFO  impl.SimpleStateMachine4Testing (SimpleStateMachine4Testing.java:put(205)) - s0: put 233, m116 -> (t:1, i:233), STATEMACHINELOGENTRY, 245@client-B336F56FD24D
2023-03-28 15:08:18,017 [s0@group-22128BF4D9AD-StateMachineUpdater] INFO  impl.SimpleStateMachine4Testing (SimpleStateMachine4Testing.java:put(205)) - s0: put 235, m117 -> (t:1, i:235), STATEMACHINELOGENTRY, 246@client-B336F56FD24D
2023-03-28 15:08:18,020 [s0@group-22128BF4D9AD-StateMachineUpdater] INFO  impl.SimpleStateMachine4Testing (SimpleStateMachine4Testing.java:put(205)) - s0: put 237, m118 -> (t:1, i:237), STATEMACHINELOGENTRY, 247@client-B336F56FD24D
2023-03-28 15:08:18,022 [s0@group-22128BF4D9AD-StateMachineUpdater] INFO  impl.SimpleStateMachine4Testing (SimpleStateMachine4Testing.java:put(205)) - s0: put 239, m119 -> (t:1, i:239), STATEMACHINELOGENTRY, 248@client-B336F56FD24D
2023-03-28 15:08:18,028 [s0@group-22128BF4D9AD-StateMachineUpdater] INFO  impl.SimpleStateMachine4Testing (SimpleStateMachine4Testing.java:put(205)) - s0: put 241, m120 -> (t:1, i:241), STATEMACHINELOGENTRY, 249@client-B336F56FD24D
2023-03-28 15:08:18,031 [s0@group-22128BF4D9AD-StateMachineUpdater] INFO  impl.SimpleStateMachine4Testing (SimpleStateMachine4Testing.java:put(205)) - s0: put 243, m121 -> (t:1, i:243), STATEMACHINELOGENTRY, 250@client-B336F56FD24D
2023-03-28 15:08:18,034 [s0@group-22128BF4D9AD-StateMachineUpdater] INFO  impl.SimpleStateMachine4Testing (SimpleStateMachine4Testing.java:put(205)) - s0: put 245, m122 -> (t:1, i:245), STATEMACHINELOGENTRY, 251@client-B336F56FD24D
2023-03-28 15:08:18,038 [s0@group-22128BF4D9AD-StateMachineUpdater] INFO  impl.SimpleStateMachine4Testing (SimpleStateMachine4Testing.java:put(205)) - s0: put 247, m123 -> (t:1, i:247), STATEMACHINELOGENTRY, 252@client-B336F56FD24D
2023-03-28 15:08:18,040 [s0@group-22128BF4D9AD-StateMachineUpdater] INFO  impl.SimpleStateMachine4Testing (SimpleStateMachine4Testing.java:put(205)) - s0: put 249, m124 -> (t:1, i:249), STATEMACHINELOGENTRY, 253@client-B336F56FD24D
2023-03-28 15:08:18,043 [s0@group-22128BF4D9AD-StateMachineUpdater] INFO  impl.SimpleStateMachine4Testing (SimpleStateMachine4Testing.java:put(205)) - s0: put 251, m125 -> (t:1, i:251), STATEMACHINELOGENTRY, 254@client-B336F56FD24D
2023-03-28 15:08:18,045 [s0@group-22128BF4D9AD-StateMachineUpdater] INFO  impl.SimpleStateMachine4Testing (SimpleStateMachine4Testing.java:put(205)) - s0: put 253, m126 -> (t:1, i:253), STATEMACHINELOGENTRY, 255@client-B336F56FD24D
2023-03-28 15:08:18,058 [s0-server-thread1] INFO  server.RaftServer$Division (RaftServerImpl.java:takeSnapshotAsync(1126)) - s0@group-22128BF4D9AD: takeSnapshotAsync SnapshotManagementRequest:client-B336F56FD24D->s0@group-22128BF4D9AD, cid=256, seq=0, RO, null, Create:
2023-03-28 15:08:18,058 [s0-server-thread1] INFO  server.RaftServerConfigKeys (ConfUtils.java:logGet(46)) - raft.server.snapshot.creation.gap = 1024 (default)
2023-03-28 15:08:18,073 [Time-limited test] INFO  impl.MiniRaftCluster (MiniRaftCluster.java:addNewPeers(464)) - Add new peers [s1, s2]
2023-03-28 15:08:18,073 [Time-limited test] INFO  impl.MiniRaftCluster (MiniRaftCluster.java:newRaftServer(382)) - newRaftServer: s1, group-22128BF4D9AD:[], format? true
2023-03-28 15:08:18,073 [Time-limited test] TRACE util.FileUtils (FileUtils.java:deleteFully(201)) - deleteFully target/test/data/d2acef73/MiniRaftClusterWithGrpc5f030b81/s1
2023-03-28 15:08:18,073 [Time-limited test] TRACE util.FileUtils (FileUtils.java:deleteFully(217)) - deleteFully: target/test/data/d2acef73/MiniRaftClusterWithGrpc5f030b81/s1 does not exist.
2023-03-28 15:08:18,073 [Time-limited test] INFO  impl.MiniRaftCluster (MiniRaftCluster.java:newRaftServer(387)) - Formatted directory target/test/data/d2acef73/MiniRaftClusterWithGrpc5f030b81/s1
2023-03-28 15:08:18,073 [Time-limited test] INFO  server.RaftServer (ConfUtils.java:logGet(46)) - raft.rpc.type = GRPC (default)
2023-03-28 15:08:18,073 [Time-limited test] INFO  grpc.GrpcConfigKeys (ConfUtils.java:logFallback(53)) - raft.grpc.admin.host = null (fallback to raft.grpc.server.host)
2023-03-28 15:08:18,073 [Time-limited test] INFO  grpc.GrpcConfigKeys (ConfUtils.java:logFallback(53)) - raft.grpc.admin.port = 34875 (fallback to raft.grpc.server.port)
2023-03-28 15:08:18,073 [Time-limited test] INFO  grpc.GrpcConfigKeys (ConfUtils.java:logFallback(53)) - raft.grpc.client.host = null (fallback to raft.grpc.server.host)
2023-03-28 15:08:18,073 [Time-limited test] INFO  grpc.GrpcConfigKeys (ConfUtils.java:logFallback(53)) - raft.grpc.client.port = 34875 (fallback to raft.grpc.server.port)
2023-03-28 15:08:18,073 [Time-limited test] INFO  grpc.GrpcConfigKeys (ConfUtils.java:logGet(46)) - raft.grpc.server.host = null (default)
2023-03-28 15:08:18,074 [Time-limited test] INFO  grpc.GrpcConfigKeys (ConfUtils.java:logGet(46)) - raft.grpc.server.port = 34875 (custom)
2023-03-28 15:08:18,074 [Time-limited test] INFO  server.GrpcService (ConfUtils.java:logGet(46)) - raft.grpc.message.size.max = 64MB (=67108864) (default)
2023-03-28 15:08:18,074 [Time-limited test] INFO  server.RaftServerConfigKeys (ConfUtils.java:logGet(46)) - raft.server.log.appender.buffer.byte-limit = 4MB (=4194304) (default)
2023-03-28 15:08:18,074 [Time-limited test] INFO  server.GrpcService (ConfUtils.java:logGet(46)) - raft.grpc.flow.control.window = 1MB (=1048576) (default)
2023-03-28 15:08:18,074 [Time-limited test] INFO  server.RaftServerConfigKeys (ConfUtils.java:logGet(46)) - raft.server.rpc.request.timeout = 3000ms (default)
2023-03-28 15:08:18,074 [Time-limited test] INFO  grpc.GrpcConfigKeys (ConfUtils.java:logGet(46)) - raft.grpc.server.heartbeat.channel = false (custom)
2023-03-28 15:08:18,074 [Time-limited test] INFO  grpc.GrpcConfigKeys (ConfUtils.java:logGet(46)) - raft.grpc.server.async.request.thread.pool.cached = true (default)
2023-03-28 15:08:18,074 [Time-limited test] INFO  grpc.GrpcConfigKeys (ConfUtils.java:logGet(46)) - raft.grpc.server.async.request.thread.pool.size = 32 (default)
2023-03-28 15:08:18,074 [Time-limited test] INFO  impl.DataStreamServerImpl (ConfUtils.java:logGet(46)) - raft.datastream.type = DISABLED (default)
2023-03-28 15:08:18,075 [Time-limited test] INFO  server.RaftServerConfigKeys (ConfUtils.java:logGet(46)) - raft.server.threadpool.proxy.cached = true (default)
2023-03-28 15:08:18,075 [Time-limited test] INFO  server.RaftServerConfigKeys (ConfUtils.java:logGet(46)) - raft.server.threadpool.proxy.size = 0 (default)
2023-03-28 15:08:18,075 [Time-limited test] INFO  server.RaftServerConfigKeys (ConfUtils.java:logGet(46)) - raft.server.rpc.slowness.timeout = 60s (default)
2023-03-28 15:08:18,075 [Time-limited test] INFO  server.RaftServerConfigKeys (ConfUtils.java:logGet(46)) - raft.server.leaderelection.leader.step-down.wait-time = 10s (default)
2023-03-28 15:08:18,075 [Time-limited test] INFO  server.RaftServerConfigKeys (ConfUtils.java:logGet(46)) - raft.server.storage.dir = [/home/runner/work/ratis/ratis/ratis-test/target/test/data/d2acef73/MiniRaftClusterWithGrpc5f030b81/s1] (custom)
2023-03-28 15:08:18,078 [Time-limited test] INFO  server.RaftServer (RaftServerProxy.java:addNew(99)) - s1: addNew group-22128BF4D9AD:[] returns group-22128BF4D9AD:java.util.concurrent.CompletableFuture@1f762cf[Not completed]
2023-03-28 15:08:18,079 [Time-limited test] INFO  impl.MiniRaftCluster (MiniRaftCluster.java:newRaftServer(382)) - newRaftServer: s2, group-22128BF4D9AD:[], format? true
2023-03-28 15:08:18,079 [Time-limited test] TRACE util.FileUtils (FileUtils.java:deleteFully(201)) - deleteFully target/test/data/d2acef73/MiniRaftClusterWithGrpc5f030b81/s2
2023-03-28 15:08:18,079 [Time-limited test] TRACE util.FileUtils (FileUtils.java:deleteFully(217)) - deleteFully: target/test/data/d2acef73/MiniRaftClusterWithGrpc5f030b81/s2 does not exist.
2023-03-28 15:08:18,079 [Time-limited test] INFO  impl.MiniRaftCluster (MiniRaftCluster.java:newRaftServer(387)) - Formatted directory target/test/data/d2acef73/MiniRaftClusterWithGrpc5f030b81/s2
2023-03-28 15:08:18,079 [Time-limited test] INFO  server.RaftServer (ConfUtils.java:logGet(46)) - raft.rpc.type = GRPC (default)
2023-03-28 15:08:18,079 [Time-limited test] INFO  grpc.GrpcConfigKeys (ConfUtils.java:logFallback(53)) - raft.grpc.admin.host = null (fallback to raft.grpc.server.host)
2023-03-28 15:08:18,079 [Time-limited test] INFO  grpc.GrpcConfigKeys (ConfUtils.java:logFallback(53)) - raft.grpc.admin.port = 45817 (fallback to raft.grpc.server.port)
2023-03-28 15:08:18,079 [Time-limited test] INFO  grpc.GrpcConfigKeys (ConfUtils.java:logFallback(53)) - raft.grpc.client.host = null (fallback to raft.grpc.server.host)
2023-03-28 15:08:18,079 [Time-limited test] INFO  grpc.GrpcConfigKeys (ConfUtils.java:logFallback(53)) - raft.grpc.client.port = 45817 (fallback to raft.grpc.server.port)
2023-03-28 15:08:18,079 [Time-limited test] INFO  grpc.GrpcConfigKeys (ConfUtils.java:logGet(46)) - raft.grpc.server.host = null (default)
2023-03-28 15:08:18,079 [Time-limited test] INFO  grpc.GrpcConfigKeys (ConfUtils.java:logGet(46)) - raft.grpc.server.port = 45817 (custom)
2023-03-28 15:08:18,079 [Time-limited test] INFO  server.GrpcService (ConfUtils.java:logGet(46)) - raft.grpc.message.size.max = 64MB (=67108864) (default)
2023-03-28 15:08:18,079 [Time-limited test] INFO  server.RaftServerConfigKeys (ConfUtils.java:logGet(46)) - raft.server.log.appender.buffer.byte-limit = 4MB (=4194304) (default)
2023-03-28 15:08:18,079 [Time-limited test] INFO  server.GrpcService (ConfUtils.java:logGet(46)) - raft.grpc.flow.control.window = 1MB (=1048576) (default)
2023-03-28 15:08:18,079 [Time-limited test] INFO  server.RaftServerConfigKeys (ConfUtils.java:logGet(46)) - raft.server.rpc.request.timeout = 3000ms (default)
2023-03-28 15:08:18,079 [Time-limited test] INFO  grpc.GrpcConfigKeys (ConfUtils.java:logGet(46)) - raft.grpc.server.heartbeat.channel = false (custom)
2023-03-28 15:08:18,079 [Time-limited test] INFO  grpc.GrpcConfigKeys (ConfUtils.java:logGet(46)) - raft.grpc.server.async.request.thread.pool.cached = true (default)
2023-03-28 15:08:18,080 [Time-limited test] INFO  grpc.GrpcConfigKeys (ConfUtils.java:logGet(46)) - raft.grpc.server.async.request.thread.pool.size = 32 (default)
2023-03-28 15:08:18,080 [Time-limited test] INFO  impl.DataStreamServerImpl (ConfUtils.java:logGet(46)) - raft.datastream.type = DISABLED (default)
2023-03-28 15:08:18,080 [Time-limited test] INFO  server.RaftServerConfigKeys (ConfUtils.java:logGet(46)) - raft.server.threadpool.proxy.cached = true (default)
2023-03-28 15:08:18,080 [Time-limited test] INFO  server.RaftServerConfigKeys (ConfUtils.java:logGet(46)) - raft.server.threadpool.proxy.size = 0 (default)
2023-03-28 15:08:18,080 [Time-limited test] INFO  server.RaftServerConfigKeys (ConfUtils.java:logGet(46)) - raft.server.rpc.slowness.timeout = 60s (default)
2023-03-28 15:08:18,080 [Time-limited test] INFO  server.RaftServerConfigKeys (ConfUtils.java:logGet(46)) - raft.server.leaderelection.leader.step-down.wait-time = 10s (default)
2023-03-28 15:08:18,080 [Time-limited test] INFO  server.RaftServerConfigKeys (ConfUtils.java:logGet(46)) - raft.server.storage.dir = [/home/runner/work/ratis/ratis/ratis-test/target/test/data/d2acef73/MiniRaftClusterWithGrpc5f030b81/s2] (custom)
2023-03-28 15:08:18,081 [s1-groupManagement] INFO  server.RaftServerConfigKeys (ConfUtils.java:logGet(46)) - raft.server.log.segment.size.max = 8MB (=8388608) (default)
2023-03-28 15:08:18,081 [s1-groupManagement] INFO  server.RaftServerConfigKeys (ConfUtils.java:logGet(46)) - raft.server.log.preallocated.size = 4MB (=4194304) (default)
2023-03-28 15:08:18,081 [s1-groupManagement] INFO  server.RaftServerConfigKeys (ConfUtils.java:logGet(46)) - raft.server.log.write.buffer.size = 64KB (=65536) (default)
2023-03-28 15:08:18,081 [s1-groupManagement] INFO  server.RaftServer$Division (RaftServerImpl.java:<init>(198)) - s1: new RaftServerImpl for group-22128BF4D9AD:[] with StateMachineWithSeparatedSnapshotPath:uninitialized
2023-03-28 15:08:18,081 [s1-groupManagement] INFO  server.RaftServerConfigKeys (ConfUtils.java:logGet(46)) - raft.server.rpc.timeout.min = 150ms (default)
2023-03-28 15:08:18,081 [s1-groupManagement] INFO  server.RaftServerConfigKeys (ConfUtils.java:logGet(46)) - raft.server.rpc.timeout.max = 300ms (default)
2023-03-28 15:08:18,081 [s1-groupManagement] INFO  server.RaftServerConfigKeys (ConfUtils.java:logGet(46)) - raft.server.rpc.sleep.time = 25ms (default)
2023-03-28 15:08:18,081 [s1-groupManagement] INFO  server.RaftServerConfigKeys (ConfUtils.java:logGet(46)) - raft.server.rpc.slowness.timeout = 60s (default)
2023-03-28 15:08:18,081 [s1-groupManagement] INFO  server.RaftServerConfigKeys (ConfUtils.java:logGet(46)) - raft.server.leaderelection.leader.step-down.wait-time = 10s (default)
2023-03-28 15:08:18,081 [s1-groupManagement] INFO  server.RaftServerConfigKeys (ConfUtils.java:logGet(46)) - raft.server.sleep.deviation.threshold = 300ms (default)
2023-03-28 15:08:18,081 [s1-groupManagement] INFO  server.RaftServer$Division (ServerState.java:<init>(113)) - s1@group-22128BF4D9AD: ConfigurationManager, init=-1: peers:[]|listeners:[], old=null, confs=<EMPTY_MAP>
2023-03-28 15:08:18,081 [s1-groupManagement] INFO  server.RaftServerConfigKeys (ConfUtils.java:logGet(46)) - raft.server.notification.no-leader.timeout = 60s (default)
2023-03-28 15:08:18,081 [s1-groupManagement] INFO  server.RaftServerConfigKeys (ConfUtils.java:logGet(46)) - raft.server.read.timeout = 10s (default)
2023-03-28 15:08:18,081 [s1-groupManagement] INFO  server.RaftServerConfigKeys (ConfUtils.java:logGet(46)) - raft.server.retrycache.expirytime = 60s (default)
2023-03-28 15:08:18,081 [s1-groupManagement] INFO  server.RaftServerConfigKeys (ConfUtils.java:logGet(46)) - raft.server.retrycache.statistics.expirytime = 100μs (default)
2023-03-28 15:08:18,081 [s1-groupManagement] INFO  server.RaftServerConfigKeys (ConfUtils.java:logGet(46)) - raft.server.read.option = DEFAULT (default)
2023-03-28 15:08:18,083 [s1-groupManagement] INFO  server.RaftServerConfigKeys (ConfUtils.java:logGet(46)) - raft.server.rpc.request.timeout = 3000ms (default)
2023-03-28 15:08:18,083 [s1-groupManagement] INFO  server.RaftServerConfigKeys (ConfUtils.java:logGet(46)) - raft.server.log.appender.install.snapshot.enabled = true (default)
2023-03-28 15:08:18,083 [s1-groupManagement] INFO  server.RaftServerConfigKeys (ConfUtils.java:logGet(46)) - raft.server.threadpool.server.cached = true (default)
2023-03-28 15:08:18,083 [s1-groupManagement] INFO  server.RaftServerConfigKeys (ConfUtils.java:logGet(46)) - raft.server.threadpool.server.size = 0 (default)
2023-03-28 15:08:18,083 [s1-groupManagement] INFO  server.RaftServerConfigKeys (ConfUtils.java:logGet(46)) - raft.server.threadpool.client.cached = true (default)
2023-03-28 15:08:18,083 [s1-groupManagement] INFO  server.RaftServerConfigKeys (ConfUtils.java:logGet(46)) - raft.server.threadpool.client.size = 0 (default)
2023-03-28 15:08:18,083 [Time-limited test] INFO  server.RaftServer (RaftServerProxy.java:addNew(99)) - s2: addNew group-22128BF4D9AD:[] returns group-22128BF4D9AD:java.util.concurrent.CompletableFuture@ef533c2[Not completed]
2023-03-28 15:08:18,083 [s1-impl-thread1] INFO  server.RaftServerConfigKeys (ConfUtils.java:logGet(46)) - raft.server.storage.free-space.min = 0MB (=0) (default)
2023-03-28 15:08:18,083 [s1-impl-thread1] INFO  server.RaftServerConfigKeys (ConfUtils.java:logGet(46)) - raft.server.log.corruption.policy = EXCEPTION (default)
2023-03-28 15:08:18,083 [s1-impl-thread1] INFO  server.RaftServerConfigKeys (ConfUtils.java:logGet(46)) - raft.server.storage.dir = [/home/runner/work/ratis/ratis/ratis-test/target/test/data/d2acef73/MiniRaftClusterWithGrpc5f030b81/s1] (custom)
2023-03-28 15:08:18,084 [s1-impl-thread1] INFO  storage.RaftStorageDirectory (RaftStorageDirectoryImpl.java:analyzeStorage(138)) - The storage directory /home/runner/work/ratis/ratis/ratis-test/target/test/data/d2acef73/MiniRaftClusterWithGrpc5f030b81/s1/45965bbc-035d-4000-a0ce-22128bf4d9ad does not exist. Creating ...
2023-03-28 15:08:18,084 [s1-impl-thread1] TRACE util.FileUtils (LogUtils.java:runAndLog(49)) - Successfully ran Files.createDirectories /home/runner/work/ratis/ratis/ratis-test/target/test/data/d2acef73/MiniRaftClusterWithGrpc5f030b81/s1/45965bbc-035d-4000-a0ce-22128bf4d9ad
2023-03-28 15:08:18,084 [s2-groupManagement] INFO  server.RaftServerConfigKeys (ConfUtils.java:logGet(46)) - raft.server.log.segment.size.max = 8MB (=8388608) (default)
2023-03-28 15:08:18,084 [s2-groupManagement] INFO  server.RaftServerConfigKeys (ConfUtils.java:logGet(46)) - raft.server.log.preallocated.size = 4MB (=4194304) (default)
2023-03-28 15:08:18,084 [s2-groupManagement] INFO  server.RaftServerConfigKeys (ConfUtils.java:logGet(46)) - raft.server.log.write.buffer.size = 64KB (=65536) (default)
2023-03-28 15:08:18,084 [s2-groupManagement] INFO  server.RaftServer$Division (RaftServerImpl.java:<init>(198)) - s2: new RaftServerImpl for group-22128BF4D9AD:[] with StateMachineWithSeparatedSnapshotPath:uninitialized
2023-03-28 15:08:18,084 [s2-groupManagement] INFO  server.RaftServerConfigKeys (ConfUtils.java:logGet(46)) - raft.server.rpc.timeout.min = 150ms (default)
2023-03-28 15:08:18,084 [s2-groupManagement] INFO  server.RaftServerConfigKeys (ConfUtils.java:logGet(46)) - raft.server.rpc.timeout.max = 300ms (default)
2023-03-28 15:08:18,084 [s2-groupManagement] INFO  server.RaftServerConfigKeys (ConfUtils.java:logGet(46)) - raft.server.rpc.sleep.time = 25ms (default)
2023-03-28 15:08:18,084 [s2-groupManagement] INFO  server.RaftServerConfigKeys (ConfUtils.java:logGet(46)) - raft.server.rpc.slowness.timeout = 60s (default)
2023-03-28 15:08:18,084 [s2-groupManagement] INFO  server.RaftServerConfigKeys (ConfUtils.java:logGet(46)) - raft.server.leaderelection.leader.step-down.wait-time = 10s (default)
2023-03-28 15:08:18,084 [s2-groupManagement] INFO  server.RaftServerConfigKeys (ConfUtils.java:logGet(46)) - raft.server.sleep.deviation.threshold = 300ms (default)
2023-03-28 15:08:18,085 [s2-groupManagement] INFO  server.RaftServer$Division (ServerState.java:<init>(113)) - s2@group-22128BF4D9AD: ConfigurationManager, init=-1: peers:[]|listeners:[], old=null, confs=<EMPTY_MAP>
2023-03-28 15:08:18,085 [s2-groupManagement] INFO  server.RaftServerConfigKeys (ConfUtils.java:logGet(46)) - raft.server.notification.no-leader.timeout = 60s (default)
2023-03-28 15:08:18,085 [s2-groupManagement] INFO  server.RaftServerConfigKeys (ConfUtils.java:logGet(46)) - raft.server.read.timeout = 10s (default)
2023-03-28 15:08:18,085 [s2-groupManagement] INFO  server.RaftServerConfigKeys (ConfUtils.java:logGet(46)) - raft.server.retrycache.expirytime = 60s (default)
2023-03-28 15:08:18,085 [s1-impl-thread1] INFO  storage.RaftStorageDirectory (RaftStorageDirectoryImpl.java:tryLock(232)) - Lock on /home/runner/work/ratis/ratis/ratis-test/target/test/data/d2acef73/MiniRaftClusterWithGrpc5f030b81/s1/45965bbc-035d-4000-a0ce-22128bf4d9ad/in_use.lock acquired by nodename 18162@fv-az489-275
2023-03-28 15:08:18,085 [s1-impl-thread1] TRACE util.FileUtils (LogUtils.java:runAndLog(49)) - Successfully ran Files.createDirectories /home/runner/work/ratis/ratis/ratis-test/target/test/data/d2acef73/MiniRaftClusterWithGrpc5f030b81/s1/45965bbc-035d-4000-a0ce-22128bf4d9ad/current
2023-03-28 15:08:18,085 [s1-impl-thread1] TRACE util.FileUtils (LogUtils.java:runAndLog(49)) - Successfully ran Files.createDirectories /home/runner/work/ratis/ratis/ratis-test/target/test/data/d2acef73/MiniRaftClusterWithGrpc5f030b81/s1/45965bbc-035d-4000-a0ce-22128bf4d9ad/sm
2023-03-28 15:08:18,085 [s2-groupManagement] INFO  server.RaftServerConfigKeys (ConfUtils.java:logGet(46)) - raft.server.retrycache.statistics.expirytime = 100μs (default)
2023-03-28 15:08:18,085 [s2-groupManagement] INFO  server.RaftServerConfigKeys (ConfUtils.java:logGet(46)) - raft.server.read.option = DEFAULT (default)
2023-03-28 15:08:18,086 [s1-impl-thread1] INFO  storage.RaftStorage (RaftStorageImpl.java:format(96)) - Storage directory /home/runner/work/ratis/ratis/ratis-test/target/test/data/d2acef73/MiniRaftClusterWithGrpc5f030b81/s1/45965bbc-035d-4000-a0ce-22128bf4d9ad has been successfully formatted.
2023-03-28 15:08:18,086 [s1-impl-thread1] INFO  impl.SimpleStateMachine4Testing (SimpleStateMachine4Testing.java:initialize(213)) - Initializing StateMachineWithSeparatedSnapshotPath:uninitialized
2023-03-28 15:08:18,086 [s1-impl-thread1] INFO  impl.SimpleStateMachine4Testing (SimpleStateMachine4Testing.java:loadSnapshot(293)) - Loading snapshot null
2023-03-28 15:08:18,086 [s1-impl-thread1] TRACE util.FileUtils (FileUtils.java:deleteFully(201)) - deleteFully /tmp/ratis-tests/statemachine/s1
2023-03-28 15:08:18,086 [s1-impl-thread1] TRACE util.FileUtils (FileUtils.java:deleteFully(217)) - deleteFully: /tmp/ratis-tests/statemachine/s1 does not exist.
2023-03-28 15:08:18,086 [s1-impl-thread1] INFO  server.RaftServerConfigKeys (ConfUtils.java:logGet(46)) - raft.server.log.use.memory = false (default)
2023-03-28 15:08:18,086 [s1-impl-thread1] INFO  server.RaftServerConfigKeys (ConfUtils.java:logGet(46)) - raft.server.log.purge.gap = 8 (custom)
2023-03-28 15:08:18,087 [s1-impl-thread1] INFO  server.RaftServerConfigKeys (ConfUtils.java:logGet(46)) - raft.server.log.appender.buffer.byte-limit = 4MB (=4194304) (default)
2023-03-28 15:08:18,087 [s1-impl-thread1] INFO  server.RaftServerConfigKeys (ConfUtils.java:logGet(46)) - raft.server.log.statemachine.data.read.timeout = 1000ms (default)
2023-03-28 15:08:18,087 [s1-impl-thread1] INFO  server.RaftServerConfigKeys (ConfUtils.java:logGet(46)) - raft.server.log.purge.preservation.log.num = 0 (default)
2023-03-28 15:08:18,087 [s1-impl-thread1] INFO  server.RaftServerConfigKeys (ConfUtils.java:logGet(46)) - raft.server.log.segment.size.max = 8MB (=8388608) (default)
2023-03-28 15:08:18,087 [s1-impl-thread1] INFO  server.RaftServerConfigKeys (ConfUtils.java:logGet(46)) - raft.server.log.segment.cache.num.max = 6 (default)
2023-03-28 15:08:18,087 [s1-impl-thread1] INFO  server.RaftServerConfigKeys (ConfUtils.java:logGet(46)) - raft.server.log.segment.cache.size.max = 200MB (=209715200) (default)
2023-03-28 15:08:18,087 [s1-impl-thread1] INFO  server.RaftServerConfigKeys (ConfUtils.java:logGet(46)) - raft.server.log.appender.buffer.byte-limit = 4MB (=4194304) (default)
2023-03-28 15:08:18,087 [s1-impl-thread1] INFO  segmented.SegmentedRaftLogWorker (SegmentedRaftLogWorker.java:<init>(183)) - new s1@group-22128BF4D9AD-SegmentedRaftLogWorker for RaftStorageImpl:Storage Directory /home/runner/work/ratis/ratis/ratis-test/target/test/data/d2acef73/MiniRaftClusterWithGrpc5f030b81/s1/45965bbc-035d-4000-a0ce-22128bf4d9ad
2023-03-28 15:08:18,088 [s1-impl-thread1] INFO  server.RaftServerConfigKeys (ConfUtils.java:logGet(46)) - raft.server.log.queue.byte-limit = 64MB (=67108864) (default)
2023-03-28 15:08:18,088 [s1-impl-thread1] INFO  server.RaftServerConfigKeys (ConfUtils.java:logGet(46)) - raft.server.log.queue.element-limit = 4096 (default)
2023-03-28 15:08:18,088 [s1-impl-thread1] INFO  server.RaftServerConfigKeys (ConfUtils.java:logGet(46)) - raft.server.log.segment.size.max = 8MB (=8388608) (default)
2023-03-28 15:08:18,088 [s1-impl-thread1] INFO  server.RaftServerConfigKeys (ConfUtils.java:logGet(46)) - raft.server.log.preallocated.size = 4MB (=4194304) (default)
2023-03-28 15:08:18,088 [s1-impl-thread1] INFO  server.RaftServerConfigKeys (ConfUtils.java:logGet(46)) - raft.server.log.force.sync.num = 128 (default)
2023-03-28 15:08:18,088 [s1-impl-thread1] INFO  server.RaftServerConfigKeys (ConfUtils.java:logGet(46)) - raft.server.log.statemachine.data.sync = true (default)
2023-03-28 15:08:18,088 [s1-impl-thread1] INFO  server.RaftServerConfigKeys (ConfUtils.java:logGet(46)) - raft.server.log.statemachine.data.sync.timeout = 10s (default)
2023-03-28 15:08:18,088 [s1-impl-thread1] INFO  server.RaftServerConfigKeys (ConfUtils.java:logGet(46)) - raft.server.log.statemachine.data.sync.timeout.retry = -1 (default)
2023-03-28 15:08:18,088 [s1-impl-thread1] INFO  server.RaftServerConfigKeys (ConfUtils.java:logGet(46)) - raft.server.log.write.buffer.size = 64KB (=65536) (default)
2023-03-28 15:08:18,088 [s1-impl-thread1] INFO  server.RaftServerConfigKeys (ConfUtils.java:logGet(46)) - raft.server.log.appender.buffer.byte-limit = 4MB (=4194304) (default)
2023-03-28 15:08:18,089 [s1-impl-thread1] INFO  server.RaftServerConfigKeys (ConfUtils.java:logGet(46)) - raft.server.log.unsafe-flush.enabled = false (default)
2023-03-28 15:08:18,089 [s1-impl-thread1] INFO  server.RaftServerConfigKeys (ConfUtils.java:logGet(46)) - raft.server.log.async-flush.enabled = false (default)
2023-03-28 15:08:18,089 [s1-impl-thread1] INFO  server.RaftServerConfigKeys (ConfUtils.java:logGet(46)) - raft.server.log.statemachine.data.caching.enabled = false (default)
2023-03-28 15:08:18,090 [s1-impl-thread1] INFO  segmented.SegmentedRaftLogWorker (SegmentedRaftLogWorker.java:lambda$new$0(134)) - s1@group-22128BF4D9AD-SegmentedRaftLogWorker: flushIndex: setUnconditionally 0 -> -1
2023-03-28 15:08:18,090 [s1-impl-thread1] INFO  segmented.SegmentedRaftLogWorker (SegmentedRaftLogWorker.java:lambda$new$0(134)) - s1@group-22128BF4D9AD-SegmentedRaftLogWorker: safeCacheEvictIndex: setUnconditionally 0 -> -1
2023-03-28 15:08:18,092 [s2-groupManagement] INFO  server.RaftServerConfigKeys (ConfUtils.java:logGet(46)) - raft.server.rpc.request.timeout = 3000ms (default)
2023-03-28 15:08:18,092 [s2-groupManagement] INFO  server.RaftServerConfigKeys (ConfUtils.java:logGet(46)) - raft.server.log.appender.install.snapshot.enabled = true (default)
2023-03-28 15:08:18,092 [s2-groupManagement] INFO  server.RaftServerConfigKeys (ConfUtils.java:logGet(46)) - raft.server.threadpool.server.cached = true (default)
2023-03-28 15:08:18,092 [s2-groupManagement] INFO  server.RaftServerConfigKeys (ConfUtils.java:logGet(46)) - raft.server.threadpool.server.size = 0 (default)
2023-03-28 15:08:18,092 [s2-groupManagement] INFO  server.RaftServerConfigKeys (ConfUtils.java:logGet(46)) - raft.server.threadpool.client.cached = true (default)
2023-03-28 15:08:18,092 [s2-groupManagement] INFO  server.RaftServerConfigKeys (ConfUtils.java:logGet(46)) - raft.server.threadpool.client.size = 0 (default)
2023-03-28 15:08:18,096 [s1-impl-thread1] INFO  server.RaftServer$Division (RaftServerImpl.java:start(348)) - s1@group-22128BF4D9AD: start with initializing state, conf=-1: peers:[]|listeners:[], old=null
2023-03-28 15:08:18,096 [s1-impl-thread1] INFO  server.RaftServer$Division (RaftServerImpl.java:setRole(329)) - s1@group-22128BF4D9AD: changes role from      null to FOLLOWER at term 0 for startInitializing
2023-03-28 15:08:18,096 [s1-impl-thread1] INFO  util.JmxRegister (JmxRegister.java:tryRegister(44)) - Successfully registered JMX Bean with object name Ratis:service=RaftServer,group=group-22128BF4D9AD,id=s1
2023-03-28 15:08:18,096 [s1-impl-thread1] INFO  server.RaftServerConfigKeys (ConfUtils.java:logGet(46)) - raft.server.snapshot.auto.trigger.enabled = true (custom)
2023-03-28 15:08:18,096 [s1-impl-thread1] INFO  server.RaftServerConfigKeys (ConfUtils.java:logGet(46)) - raft.server.snapshot.auto.trigger.threshold = 64 (custom)
2023-03-28 15:08:18,096 [s1-impl-thread1] INFO  server.RaftServerConfigKeys (ConfUtils.java:logGet(46)) - raft.server.snapshot.retention.file.num = -1 (default)
2023-03-28 15:08:18,096 [s1-impl-thread1] INFO  server.RaftServerConfigKeys (ConfUtils.java:logGet(46)) - raft.server.log.purge.upto.snapshot.index = false (default)
2023-03-28 15:08:18,100 [Time-limited test] INFO  server.RaftServer (RaftServerProxy.java:startImpl(401)) - s1: start RPC server
2023-03-28 15:08:18,103 [Time-limited test] INFO  server.GrpcService (GrpcService.java:startImpl(302)) - s1: GrpcService started, listening on 34875
2023-03-28 15:08:18,104 [s2-impl-thread1] INFO  server.RaftServerConfigKeys (ConfUtils.java:logGet(46)) - raft.server.storage.free-space.min = 0MB (=0) (default)
2023-03-28 15:08:18,104 [s2-impl-thread1] INFO  server.RaftServerConfigKeys (ConfUtils.java:logGet(46)) - raft.server.log.corruption.policy = EXCEPTION (default)
2023-03-28 15:08:18,105 [s2-impl-thread1] INFO  server.RaftServerConfigKeys (ConfUtils.java:logGet(46)) - raft.server.storage.dir = [/home/runner/work/ratis/ratis/ratis-test/target/test/data/d2acef73/MiniRaftClusterWithGrpc5f030b81/s2] (custom)
2023-03-28 15:08:18,105 [s2-impl-thread1] INFO  storage.RaftStorageDirectory (RaftStorageDirectoryImpl.java:analyzeStorage(138)) - The storage directory /home/runner/work/ratis/ratis/ratis-test/target/test/data/d2acef73/MiniRaftClusterWithGrpc5f030b81/s2/45965bbc-035d-4000-a0ce-22128bf4d9ad does not exist. Creating ...
2023-03-28 15:08:18,105 [s2-impl-thread1] TRACE util.FileUtils (LogUtils.java:runAndLog(49)) - Successfully ran Files.createDirectories /home/runner/work/ratis/ratis/ratis-test/target/test/data/d2acef73/MiniRaftClusterWithGrpc5f030b81/s2/45965bbc-035d-4000-a0ce-22128bf4d9ad
2023-03-28 15:08:18,106 [JvmPauseMonitor4] INFO  util.JvmPauseMonitor (JvmPauseMonitor.java:run(103)) - JvmPauseMonitor-s1: Started
2023-03-28 15:08:18,106 [s2-impl-thread1] INFO  storage.RaftStorageDirectory (RaftStorageDirectoryImpl.java:tryLock(232)) - Lock on /home/runner/work/ratis/ratis/ratis-test/target/test/data/d2acef73/MiniRaftClusterWithGrpc5f030b81/s2/45965bbc-035d-4000-a0ce-22128bf4d9ad/in_use.lock acquired by nodename 18162@fv-az489-275
2023-03-28 15:08:18,106 [s2-impl-thread1] TRACE util.FileUtils (LogUtils.java:runAndLog(49)) - Successfully ran Files.createDirectories /home/runner/work/ratis/ratis/ratis-test/target/test/data/d2acef73/MiniRaftClusterWithGrpc5f030b81/s2/45965bbc-035d-4000-a0ce-22128bf4d9ad/current
2023-03-28 15:08:18,106 [s2-impl-thread1] TRACE util.FileUtils (LogUtils.java:runAndLog(49)) - Successfully ran Files.createDirectories /home/runner/work/ratis/ratis/ratis-test/target/test/data/d2acef73/MiniRaftClusterWithGrpc5f030b81/s2/45965bbc-035d-4000-a0ce-22128bf4d9ad/sm
2023-03-28 15:08:18,107 [s2-impl-thread1] INFO  storage.RaftStorage (RaftStorageImpl.java:format(96)) - Storage directory /home/runner/work/ratis/ratis/ratis-test/target/test/data/d2acef73/MiniRaftClusterWithGrpc5f030b81/s2/45965bbc-035d-4000-a0ce-22128bf4d9ad has been successfully formatted.
2023-03-28 15:08:18,108 [s2-impl-thread1] INFO  impl.SimpleStateMachine4Testing (SimpleStateMachine4Testing.java:initialize(213)) - Initializing StateMachineWithSeparatedSnapshotPath:uninitialized
2023-03-28 15:08:18,108 [s2-impl-thread1] INFO  impl.SimpleStateMachine4Testing (SimpleStateMachine4Testing.java:loadSnapshot(293)) - Loading snapshot null
2023-03-28 15:08:18,108 [s2-impl-thread1] TRACE util.FileUtils (FileUtils.java:deleteFully(201)) - deleteFully /tmp/ratis-tests/statemachine/s2
2023-03-28 15:08:18,108 [s2-impl-thread1] TRACE util.FileUtils (FileUtils.java:deleteFully(217)) - deleteFully: /tmp/ratis-tests/statemachine/s2 does not exist.
2023-03-28 15:08:18,108 [s2-impl-thread1] INFO  server.RaftServerConfigKeys (ConfUtils.java:logGet(46)) - raft.server.log.use.memory = false (default)
2023-03-28 15:08:18,108 [s2-impl-thread1] INFO  server.RaftServerConfigKeys (ConfUtils.java:logGet(46)) - raft.server.log.purge.gap = 8 (custom)
2023-03-28 15:08:18,108 [s2-impl-thread1] INFO  server.RaftServerConfigKeys (ConfUtils.java:logGet(46)) - raft.server.log.appender.buffer.byte-limit = 4MB (=4194304) (default)
2023-03-28 15:08:18,108 [s2-impl-thread1] INFO  server.RaftServerConfigKeys (ConfUtils.java:logGet(46)) - raft.server.log.statemachine.data.read.timeout = 1000ms (default)
2023-03-28 15:08:18,108 [s2-impl-thread1] INFO  server.RaftServerConfigKeys (ConfUtils.java:logGet(46)) - raft.server.log.purge.preservation.log.num = 0 (default)
2023-03-28 15:08:18,109 [s2-impl-thread1] INFO  server.RaftServerConfigKeys (ConfUtils.java:logGet(46)) - raft.server.log.segment.size.max = 8MB (=8388608) (default)
2023-03-28 15:08:18,109 [s2-impl-thread1] INFO  server.RaftServerConfigKeys (ConfUtils.java:logGet(46)) - raft.server.log.segment.cache.num.max = 6 (default)
2023-03-28 15:08:18,109 [s2-impl-thread1] INFO  server.RaftServerConfigKeys (ConfUtils.java:logGet(46)) - raft.server.log.segment.cache.size.max = 200MB (=209715200) (default)
2023-03-28 15:08:18,109 [s2-impl-thread1] INFO  server.RaftServerConfigKeys (ConfUtils.java:logGet(46)) - raft.server.log.appender.buffer.byte-limit = 4MB (=4194304) (default)
2023-03-28 15:08:18,109 [s2-impl-thread1] INFO  segmented.SegmentedRaftLogWorker (SegmentedRaftLogWorker.java:<init>(183)) - new s2@group-22128BF4D9AD-SegmentedRaftLogWorker for RaftStorageImpl:Storage Directory /home/runner/work/ratis/ratis/ratis-test/target/test/data/d2acef73/MiniRaftClusterWithGrpc5f030b81/s2/45965bbc-035d-4000-a0ce-22128bf4d9ad
2023-03-28 15:08:18,109 [s2-impl-thread1] INFO  server.RaftServerConfigKeys (ConfUtils.java:logGet(46)) - raft.server.log.queue.byte-limit = 64MB (=67108864) (default)
2023-03-28 15:08:18,109 [s2-impl-thread1] INFO  server.RaftServerConfigKeys (ConfUtils.java:logGet(46)) - raft.server.log.queue.element-limit = 4096 (default)
2023-03-28 15:08:18,109 [s2-impl-thread1] INFO  server.RaftServerConfigKeys (ConfUtils.java:logGet(46)) - raft.server.log.segment.size.max = 8MB (=8388608) (default)
2023-03-28 15:08:18,109 [s2-impl-thread1] INFO  server.RaftServerConfigKeys (ConfUtils.java:logGet(46)) - raft.server.log.preallocated.size = 4MB (=4194304) (default)
2023-03-28 15:08:18,109 [s2-impl-thread1] INFO  server.RaftServerConfigKeys (ConfUtils.java:logGet(46)) - raft.server.log.force.sync.num = 128 (default)
2023-03-28 15:08:18,109 [s2-impl-thread1] INFO  server.RaftServerConfigKeys (ConfUtils.java:logGet(46)) - raft.server.log.statemachine.data.sync = true (default)
2023-03-28 15:08:18,109 [s2-impl-thread1] INFO  server.RaftServerConfigKeys (ConfUtils.java:logGet(46)) - raft.server.log.statemachine.data.sync.timeout = 10s (default)
2023-03-28 15:08:18,109 [s2-impl-thread1] INFO  server.RaftServerConfigKeys (ConfUtils.java:logGet(46)) - raft.server.log.statemachine.data.sync.timeout.retry = -1 (default)
2023-03-28 15:08:18,110 [s2-impl-thread1] INFO  server.RaftServerConfigKeys (ConfUtils.java:logGet(46)) - raft.server.log.write.buffer.size = 64KB (=65536) (default)
2023-03-28 15:08:18,110 [s2-impl-thread1] INFO  server.RaftServerConfigKeys (ConfUtils.java:logGet(46)) - raft.server.log.appender.buffer.byte-limit = 4MB (=4194304) (default)
2023-03-28 15:08:18,111 [s2-impl-thread1] INFO  server.RaftServerConfigKeys (ConfUtils.java:logGet(46)) - raft.server.log.unsafe-flush.enabled = false (default)
2023-03-28 15:08:18,111 [s2-impl-thread1] INFO  server.RaftServerConfigKeys (ConfUtils.java:logGet(46)) - raft.server.log.async-flush.enabled = false (default)
2023-03-28 15:08:18,111 [s2-impl-thread1] INFO  server.RaftServerConfigKeys (ConfUtils.java:logGet(46)) - raft.server.log.statemachine.data.caching.enabled = false (default)
2023-03-28 15:08:18,111 [s2-impl-thread1] INFO  segmented.SegmentedRaftLogWorker (SegmentedRaftLogWorker.java:lambda$new$0(134)) - s2@group-22128BF4D9AD-SegmentedRaftLogWorker: flushIndex: setUnconditionally 0 -> -1
2023-03-28 15:08:18,111 [s2-impl-thread1] INFO  segmented.SegmentedRaftLogWorker (SegmentedRaftLogWorker.java:lambda$new$0(134)) - s2@group-22128BF4D9AD-SegmentedRaftLogWorker: safeCacheEvictIndex: setUnconditionally 0 -> -1
2023-03-28 15:08:18,116 [s2-impl-thread1] INFO  server.RaftServer$Division (RaftServerImpl.java:start(348)) - s2@group-22128BF4D9AD: start with initializing state, conf=-1: peers:[]|listeners:[], old=null
2023-03-28 15:08:18,116 [s2-impl-thread1] INFO  server.RaftServer$Division (RaftServerImpl.java:setRole(329)) - s2@group-22128BF4D9AD: changes role from      null to FOLLOWER at term 0 for startInitializing
2023-03-28 15:08:18,116 [s2-impl-thread1] INFO  util.JmxRegister (JmxRegister.java:tryRegister(44)) - Successfully registered JMX Bean with object name Ratis:service=RaftServer,group=group-22128BF4D9AD,id=s2
2023-03-28 15:08:18,116 [s2-impl-thread1] INFO  server.RaftServerConfigKeys (ConfUtils.java:logGet(46)) - raft.server.snapshot.auto.trigger.enabled = true (custom)
2023-03-28 15:08:18,116 [s2-impl-thread1] INFO  server.RaftServerConfigKeys (ConfUtils.java:logGet(46)) - raft.server.snapshot.auto.trigger.threshold = 64 (custom)
2023-03-28 15:08:18,116 [s2-impl-thread1] INFO  server.RaftServerConfigKeys (ConfUtils.java:logGet(46)) - raft.server.snapshot.retention.file.num = -1 (default)
2023-03-28 15:08:18,116 [s2-impl-thread1] INFO  server.RaftServerConfigKeys (ConfUtils.java:logGet(46)) - raft.server.log.purge.upto.snapshot.index = false (default)
2023-03-28 15:08:18,118 [Time-limited test] INFO  server.RaftServer (RaftServerProxy.java:startImpl(401)) - s2: start RPC server
2023-03-28 15:08:18,119 [Time-limited test] INFO  server.GrpcService (GrpcService.java:startImpl(302)) - s2: GrpcService started, listening on 45817
2023-03-28 15:08:18,119 [Time-limited test] INFO  impl.MiniRaftCluster (MiniRaftCluster.java:setConfiguration(819)) - Start changing the configuration: [s1|rpc:0.0.0.0:34875|priority:0|startupRole:FOLLOWER, s2|rpc:0.0.0.0:45817|priority:0|startupRole:FOLLOWER, s0|rpc:localhost:41151|admin:localhost:43491|client:localhost:38787|dataStream:localhost:36693|priority:0|startupRole:FOLLOWER]
2023-03-28 15:08:18,128 [JvmPauseMonitor5] INFO  util.JvmPauseMonitor (JvmPauseMonitor.java:run(103)) - JvmPauseMonitor-s2: Started
2023-03-28 15:08:18,130 [s0-server-thread1] INFO  server.RaftServer$Division (RaftServerImpl.java:setConfigurationAsync(1194)) - s0@group-22128BF4D9AD: receive setConfiguration SetConfigurationRequest:client-1EC0E64C4E22->s0@group-22128BF4D9AD, cid=257, seq=0, RW, null, SET_UNCONDITIONALLY, servers:[s1|rpc:0.0.0.0:34875|dataStream:|priority:0|startupRole:FOLLOWER, s2|rpc:0.0.0.0:45817|dataStream:|priority:0|startupRole:FOLLOWER, s0|rpc:localhost:41151|admin:localhost:43491|client:localhost:38787|dataStream:localhost:36693|priority:0|startupRole:FOLLOWER], listeners:[]
2023-03-28 15:08:18,131 [s0-server-thread1] INFO  server.RaftServer$Division (LeaderStateImpl.java:startSetConfiguration(443)) - s0@group-22128BF4D9AD-LeaderStateImpl: startSetConfiguration SetConfigurationRequest:client-1EC0E64C4E22->s0@group-22128BF4D9AD, cid=257, seq=0, RW, null, SET_UNCONDITIONALLY, servers:[s1|rpc:0.0.0.0:34875|dataStream:|priority:0|startupRole:FOLLOWER, s2|rpc:0.0.0.0:45817|dataStream:|priority:0|startupRole:FOLLOWER, s0|rpc:localhost:41151|admin:localhost:43491|client:localhost:38787|dataStream:localhost:36693|priority:0|startupRole:FOLLOWER], listeners:[]
2023-03-28 15:08:18,131 [s0-server-thread1] INFO  server.RaftServerConfigKeys (ConfUtils.java:logGet(46)) - raft.server.log.appender.snapshot.chunk.size.max = 1k (=1024) (custom)
2023-03-28 15:08:18,131 [s0-server-thread1] INFO  server.RaftServerConfigKeys (ConfUtils.java:logGet(46)) - raft.server.log.appender.buffer.byte-limit = 4MB (=4194304) (default)
2023-03-28 15:08:18,131 [s0-server-thread1] INFO  server.RaftServerConfigKeys (ConfUtils.java:logGet(46)) - raft.server.log.appender.buffer.element-limit = 0 (default)
2023-03-28 15:08:18,131 [s0-server-thread1] INFO  server.RaftServerConfigKeys (ConfUtils.java:logGet(46)) - raft.server.log.appender.wait-time.min = 10ms (default)
2023-03-28 15:08:18,131 [s0-server-thread1] INFO  grpc.GrpcConfigKeys (ConfUtils.java:logGet(46)) - raft.grpc.server.leader.outstanding.appends.max = 128 (default)
2023-03-28 15:08:18,131 [s0-server-thread1] INFO  server.RaftServerConfigKeys (ConfUtils.java:logGet(46)) - raft.server.rpc.request.timeout = 3000ms (default)
2023-03-28 15:08:18,131 [s0-server-thread1] INFO  grpc.GrpcConfigKeys (ConfUtils.java:logGet(46)) - raft.grpc.server.install_snapshot.request.element-limit = 8 (default)
2023-03-28 15:08:18,131 [s0-server-thread1] INFO  grpc.GrpcConfigKeys (ConfUtils.java:logGet(46)) - raft.grpc.server.install_snapshot.request.timeout = 3000ms (default)
2023-03-28 15:08:18,131 [s0-server-thread1] INFO  server.RaftServerConfigKeys (ConfUtils.java:logGet(46)) - raft.server.log.appender.install.snapshot.enabled = true (default)
2023-03-28 15:08:18,132 [s0-server-thread1] INFO  grpc.GrpcConfigKeys (ConfUtils.java:logGet(46)) - raft.grpc.server.heartbeat.channel = false (custom)
2023-03-28 15:08:18,132 [s0-server-thread1] INFO  server.RaftServerConfigKeys (ConfUtils.java:logGet(46)) - raft.server.log.appender.snapshot.chunk.size.max = 1k (=1024) (custom)
2023-03-28 15:08:18,132 [s0-server-thread1] INFO  server.RaftServerConfigKeys (ConfUtils.java:logGet(46)) - raft.server.log.appender.buffer.byte-limit = 4MB (=4194304) (default)
2023-03-28 15:08:18,132 [s0-server-thread1] INFO  server.RaftServerConfigKeys (ConfUtils.java:logGet(46)) - raft.server.log.appender.buffer.element-limit = 0 (default)
2023-03-28 15:08:18,132 [s0-server-thread1] INFO  server.RaftServerConfigKeys (ConfUtils.java:logGet(46)) - raft.server.log.appender.wait-time.min = 10ms (default)
2023-03-28 15:08:18,132 [s0-server-thread1] INFO  grpc.GrpcConfigKeys (ConfUtils.java:logGet(46)) - raft.grpc.server.leader.outstanding.appends.max = 128 (default)
2023-03-28 15:08:18,132 [s0-server-thread1] INFO  server.RaftServerConfigKeys (ConfUtils.java:logGet(46)) - raft.server.rpc.request.timeout = 3000ms (default)
2023-03-28 15:08:18,132 [s0-server-thread1] INFO  grpc.GrpcConfigKeys (ConfUtils.java:logGet(46)) - raft.grpc.server.install_snapshot.request.element-limit = 8 (default)
2023-03-28 15:08:18,132 [s0-server-thread1] INFO  grpc.GrpcConfigKeys (ConfUtils.java:logGet(46)) - raft.grpc.server.install_snapshot.request.timeout = 3000ms (default)
2023-03-28 15:08:18,132 [s0-server-thread1] INFO  server.RaftServerConfigKeys (ConfUtils.java:logGet(46)) - raft.server.log.appender.install.snapshot.enabled = true (default)
2023-03-28 15:08:18,132 [s0-server-thread1] INFO  grpc.GrpcConfigKeys (ConfUtils.java:logGet(46)) - raft.grpc.server.heartbeat.channel = false (custom)
2023-03-28 15:08:18,133 [s0@group-22128BF4D9AD->s1-GrpcLogAppender-LogAppenderDaemon] INFO  server.GrpcLogAppender (GrpcLogAppender.java:installSnapshot(595)) - s0@group-22128BF4D9AD->s1-GrpcLogAppender: followerNextIndex = 0 but logStartIndex = 0, send snapshot FileListSnapshotInfo(t:1, i:191):[/tmp/ratis-tests/statemachine/s0/snapshot/1_191/loves, /tmp/ratis-tests/statemachine/s0/snapshot/1_191/vegetable, /tmp/ratis-tests/statemachine/s0/snapshot/1_191/deer] to follower
2023-03-28 15:08:18,136 [s0@group-22128BF4D9AD->s1-GrpcLogAppender-LogAppenderDaemon] INFO  server.GrpcServerProtocolClient (GrpcServerProtocolClient.java:<init>(65)) - Build channel for s1
2023-03-28 15:08:18,139 [s0@group-22128BF4D9AD->s2-GrpcLogAppender-LogAppenderDaemon] INFO  server.GrpcLogAppender (GrpcLogAppender.java:installSnapshot(595)) - s0@group-22128BF4D9AD->s2-GrpcLogAppender: followerNextIndex = 0 but logStartIndex = 0, send snapshot FileListSnapshotInfo(t:1, i:191):[/tmp/ratis-tests/statemachine/s0/snapshot/1_191/loves, /tmp/ratis-tests/statemachine/s0/snapshot/1_191/vegetable, /tmp/ratis-tests/statemachine/s0/snapshot/1_191/deer] to follower
2023-03-28 15:08:18,139 [s0@group-22128BF4D9AD->s2-GrpcLogAppender-LogAppenderDaemon] INFO  server.GrpcServerProtocolClient (GrpcServerProtocolClient.java:<init>(65)) - Build channel for s2
2023-03-28 15:08:18,144 [grpc-default-executor-2] INFO  impl.SnapshotInstallationHandler (SnapshotInstallationHandler.java:installSnapshot(89)) - s2@group-22128BF4D9AD: receive installSnapshot: s0->s2#0-t1,chunk:7effefd2-8471-4449-aea8-0b67deca08fe,0
2023-03-28 15:08:18,145 [grpc-default-executor-2] INFO  server.RaftServer$Division (ServerState.java:setLeader(260)) - s2@group-22128BF4D9AD: change Leader from null to s0 at term 1 for installSnapshot, leader elected after 60ms
2023-03-28 15:08:18,146 [grpc-default-executor-2] TRACE util.FileUtils (LogUtils.java:runAndLog(49)) - Successfully ran Files.createDirectories /tmp/ratis-tests/statemachine/s2/tmp/snapshot-7effefd2-8471-4449-aea8-0b67deca08fe
2023-03-28 15:08:18,146 [grpc-default-executor-2] INFO  storage.SnapshotManager (SnapshotManager.java:installSnapshot(89)) - Installing snapshot:s0->s2#0-t1,chunk:7effefd2-8471-4449-aea8-0b67deca08fe,0, to tmp dir:/tmp/ratis-tests/statemachine/s2/tmp/snapshot-7effefd2-8471-4449-aea8-0b67deca08fe
2023-03-28 15:08:18,146 [grpc-default-executor-2] TRACE util.FileUtils (LogUtils.java:runAndLog(49)) - Successfully ran Files.createDirectories /tmp/ratis-tests/statemachine/s2/tmp/snapshot-7effefd2-8471-4449-aea8-0b67deca08fe/1_191
2023-03-28 15:08:18,148 [grpc-default-executor-1] INFO  impl.SnapshotInstallationHandler (SnapshotInstallationHandler.java:installSnapshot(89)) - s1@group-22128BF4D9AD: receive installSnapshot: s0->s1#0-t1,chunk:074212f8-55b2-4442-92c3-d4438955b430,0
2023-03-28 15:08:18,148 [grpc-default-executor-2] INFO  segmented.SegmentedRaftLogWorker (SegmentedRaftLogWorker.java:lambda$new$0(134)) - s2@group-22128BF4D9AD-SegmentedRaftLogWorker: flushIndex: setUnconditionally -1 -> 191
2023-03-28 15:08:18,148 [grpc-default-executor-2] INFO  segmented.SegmentedRaftLogWorker (SegmentedRaftLogWorker.java:lambda$new$0(134)) - s2@group-22128BF4D9AD-SegmentedRaftLogWorker: safeCacheEvictIndex: setUnconditionally -1 -> 191
2023-03-28 15:08:18,148 [grpc-default-executor-1] INFO  server.RaftServer$Division (ServerState.java:setLeader(260)) - s1@group-22128BF4D9AD: change Leader from null to s0 at term 1 for installSnapshot, leader elected after 67ms
2023-03-28 15:08:18,149 [grpc-default-executor-2] INFO  impl.SnapshotInstallationHandler (SnapshotInstallationHandler.java:installSnapshotImpl(134)) - s2@group-22128BF4D9AD: set new configuration configurationEntry {
  peers {
    id: "s0"
    address: "localhost:41151"
    dataStreamAddress: "localhost:36693"
    clientAddress: "localhost:38787"
    adminAddress: "localhost:43491"
    startupRole: FOLLOWER
  }
}
 from snapshot
2023-03-28 15:08:18,149 [grpc-default-executor-1] TRACE util.FileUtils (LogUtils.java:runAndLog(49)) - Successfully ran Files.createDirectories /tmp/ratis-tests/statemachine/s1/tmp/snapshot-074212f8-55b2-4442-92c3-d4438955b430
2023-03-28 15:08:18,149 [grpc-default-executor-1] INFO  storage.SnapshotManager (SnapshotManager.java:installSnapshot(89)) - Installing snapshot:s0->s1#0-t1,chunk:074212f8-55b2-4442-92c3-d4438955b430,0, to tmp dir:/tmp/ratis-tests/statemachine/s1/tmp/snapshot-074212f8-55b2-4442-92c3-d4438955b430
2023-03-28 15:08:18,149 [grpc-default-executor-1] TRACE util.FileUtils (LogUtils.java:runAndLog(49)) - Successfully ran Files.createDirectories /tmp/ratis-tests/statemachine/s1/tmp/snapshot-074212f8-55b2-4442-92c3-d4438955b430/1_191
2023-03-28 15:08:18,149 [grpc-default-executor-2] INFO  server.RaftServer$Division (ServerState.java:setRaftConf(377)) - s2@group-22128BF4D9AD: set configuration 0: peers:[s0|rpc:localhost:41151|admin:localhost:43491|client:localhost:38787|dataStream:localhost:36693|priority:0|startupRole:FOLLOWER]|listeners:[], old=null
2023-03-28 15:08:18,149 [grpc-default-executor-2] INFO  impl.SnapshotInstallationHandler (SnapshotInstallationHandler.java:installSnapshot(100)) - s2@group-22128BF4D9AD: reply installSnapshot: s0<-s2#0:OK-t0,SUCCESS,requestIndex=0
2023-03-28 15:08:18,150 [grpc-default-executor-1] INFO  segmented.SegmentedRaftLogWorker (SegmentedRaftLogWorker.java:lambda$new$0(134)) - s1@group-22128BF4D9AD-SegmentedRaftLogWorker: flushIndex: setUnconditionally -1 -> 191
2023-03-28 15:08:18,150 [grpc-default-executor-1] INFO  segmented.SegmentedRaftLogWorker (SegmentedRaftLogWorker.java:lambda$new$0(134)) - s1@group-22128BF4D9AD-SegmentedRaftLogWorker: safeCacheEvictIndex: setUnconditionally -1 -> 191
2023-03-28 15:08:18,151 [grpc-default-executor-1] INFO  impl.SnapshotInstallationHandler (SnapshotInstallationHandler.java:installSnapshotImpl(134)) - s1@group-22128BF4D9AD: set new configuration configurationEntry {
  peers {
    id: "s0"
    address: "localhost:41151"
    dataStreamAddress: "localhost:36693"
    clientAddress: "localhost:38787"
    adminAddress: "localhost:43491"
    startupRole: FOLLOWER
  }
}
 from snapshot
2023-03-28 15:08:18,151 [grpc-default-executor-3] INFO  server.GrpcLogAppender (GrpcLogAppender.java:onNext(501)) - s0@group-22128BF4D9AD->s2-InstallSnapshotResponseHandler: received the first reply s0<-s2#0:OK-t0,SUCCESS,requestIndex=0
2023-03-28 15:08:18,151 [grpc-default-executor-3] INFO  server.GrpcLogAppender (GrpcLogAppender.java:onNext(514)) - s0@group-22128BF4D9AD->s2-InstallSnapshotResponseHandler: Completed InstallSnapshot. Reply: serverReply {
  requestorId: "s0"
  replyId: "s2"
  raftGroupId {
    id: "E\226[\274\003]@\000\240\316\"\022\213\364\331\255"
  }
  success: true
}
requestIndex: 0

2023-03-28 15:08:18,151 [grpc-default-executor-3] INFO  leader.FollowerInfo (FollowerInfoImpl.java:setAttemptedToInstallSnapshot(126)) - Follower s0@group-22128BF4D9AD->s2 acknowledged installing snapshot
2023-03-28 15:08:18,151 [grpc-default-executor-1] INFO  server.RaftServer$Division (ServerState.java:setRaftConf(377)) - s1@group-22128BF4D9AD: set configuration 0: peers:[s0|rpc:localhost:41151|admin:localhost:43491|client:localhost:38787|dataStream:localhost:36693|priority:0|startupRole:FOLLOWER]|listeners:[], old=null
2023-03-28 15:08:18,151 [grpc-default-executor-1] INFO  impl.SnapshotInstallationHandler (SnapshotInstallationHandler.java:installSnapshot(100)) - s1@group-22128BF4D9AD: reply installSnapshot: s0<-s1#0:OK-t0,SUCCESS,requestIndex=0
2023-03-28 15:08:18,152 [grpc-default-executor-1] INFO  server.GrpcLogAppender (GrpcLogAppender.java:onNext(501)) - s0@group-22128BF4D9AD->s1-InstallSnapshotResponseHandler: received the first reply s0<-s1#0:OK-t0,SUCCESS,requestIndex=0
2023-03-28 15:08:18,152 [grpc-default-executor-1] INFO  server.GrpcLogAppender (GrpcLogAppender.java:onNext(514)) - s0@group-22128BF4D9AD->s1-InstallSnapshotResponseHandler: Completed InstallSnapshot. Reply: serverReply {
  requestorId: "s0"
  replyId: "s1"
  raftGroupId {
    id: "E\226[\274\003]@\000\240\316\"\022\213\364\331\255"
  }
  success: true
}
requestIndex: 0

2023-03-28 15:08:18,152 [grpc-default-executor-1] INFO  leader.FollowerInfo (FollowerInfoImpl.java:setAttemptedToInstallSnapshot(126)) - Follower s0@group-22128BF4D9AD->s1 acknowledged installing snapshot
2023-03-28 15:08:18,154 [grpc-default-executor-0] WARN  server.GrpcServerProtocolService (LogUtils.java:warn(122)) - s1: INSTALL_SNAPSHOT onError, lastRequest: s0->s1#0-t1,chunk:074212f8-55b2-4442-92c3-d4438955b430,0: org.apache.ratis.thirdparty.io.grpc.StatusRuntimeException: CANCELLED: client cancelled
2023-03-28 15:08:18,154 [grpc-default-executor-1] WARN  server.GrpcLogAppender (LogUtils.java:warn(122)) - s0@group-22128BF4D9AD->s1-InstallSnapshotResponseHandler: Failed InstallSnapshot: org.apache.ratis.thirdparty.io.grpc.StatusRuntimeException: CANCELLED: Failed to read message.
2023-03-28 15:08:18,154 [grpc-default-executor-2] INFO  impl.SnapshotInstallationHandler (SnapshotInstallationHandler.java:installSnapshot(89)) - s2@group-22128BF4D9AD: receive installSnapshot: s0->s2#0-t1,chunk:7effefd2-8471-4449-aea8-0b67deca08fe,1
2023-03-28 15:08:18,155 [grpc-default-executor-2] TRACE util.FileUtils (LogUtils.java:runAndLog(49)) - Successfully ran Files.createDirectories /tmp/ratis-tests/statemachine/s2/tmp/snapshot-7effefd2-8471-4449-aea8-0b67deca08fe
2023-03-28 15:08:18,155 [grpc-default-executor-2] INFO  storage.SnapshotManager (SnapshotManager.java:installSnapshot(89)) - Installing snapshot:s0->s2#0-t1,chunk:7effefd2-8471-4449-aea8-0b67deca08fe,1, to tmp dir:/tmp/ratis-tests/statemachine/s2/tmp/snapshot-7effefd2-8471-4449-aea8-0b67deca08fe
2023-03-28 15:08:18,155 [grpc-default-executor-2] TRACE util.FileUtils (LogUtils.java:runAndLog(49)) - Successfully ran Files.createDirectories /tmp/ratis-tests/statemachine/s2/tmp/snapshot-7effefd2-8471-4449-aea8-0b67deca08fe/1_191
2023-03-28 15:08:18,157 [grpc-default-executor-2] INFO  impl.SnapshotInstallationHandler (SnapshotInstallationHandler.java:installSnapshot(100)) - s2@group-22128BF4D9AD: reply installSnapshot: s0<-s2#0:OK-t1,SUCCESS,requestIndex=1
2023-03-28 15:08:18,157 [grpc-default-executor-1] INFO  server.GrpcLogAppender (GrpcLogAppender.java:onNext(501)) - s0@group-22128BF4D9AD->s2-InstallSnapshotResponseHandler: received a reply s0<-s2#0:OK-t1,SUCCESS,requestIndex=1
2023-03-28 15:08:18,158 [grpc-default-executor-1] INFO  server.GrpcLogAppender (GrpcLogAppender.java:onNext(514)) - s0@group-22128BF4D9AD->s2-InstallSnapshotResponseHandler: Completed InstallSnapshot. Reply: serverReply {
  requestorId: "s0"
  replyId: "s2"
  raftGroupId {
    id: "E\226[\274\003]@\000\240\316\"\022\213\364\331\255"
  }
  success: true
}
term: 1
requestIndex: 1

2023-03-28 15:08:18,158 [grpc-default-executor-1] INFO  leader.FollowerInfo (FollowerInfoImpl.java:setAttemptedToInstallSnapshot(126)) - Follower s0@group-22128BF4D9AD->s2 acknowledged installing snapshot
2023-03-28 15:08:18,158 [grpc-default-executor-2] INFO  impl.SnapshotInstallationHandler (SnapshotInstallationHandler.java:installSnapshot(89)) - s2@group-22128BF4D9AD: receive installSnapshot: s0->s2#0-t1,chunk:7effefd2-8471-4449-aea8-0b67deca08fe,2
2023-03-28 15:08:18,158 [grpc-default-executor-2] TRACE util.FileUtils (LogUtils.java:runAndLog(49)) - Successfully ran Files.createDirectories /tmp/ratis-tests/statemachine/s2/tmp/snapshot-7effefd2-8471-4449-aea8-0b67deca08fe
2023-03-28 15:08:18,158 [grpc-default-executor-2] INFO  storage.SnapshotManager (SnapshotManager.java:installSnapshot(89)) - Installing snapshot:s0->s2#0-t1,chunk:7effefd2-8471-4449-aea8-0b67deca08fe,2, to tmp dir:/tmp/ratis-tests/statemachine/s2/tmp/snapshot-7effefd2-8471-4449-aea8-0b67deca08fe
2023-03-28 15:08:18,158 [grpc-default-executor-2] TRACE util.FileUtils (LogUtils.java:runAndLog(49)) - Successfully ran Files.createDirectories /tmp/ratis-tests/statemachine/s2/tmp/snapshot-7effefd2-8471-4449-aea8-0b67deca08fe/1_191
2023-03-28 15:08:18,160 [grpc-default-executor-2] INFO  storage.SnapshotManager (SnapshotManager.java:rename(168)) - Installed snapshot, renaming temporary dir /tmp/ratis-tests/statemachine/s2/tmp/snapshot-7effefd2-8471-4449-aea8-0b67deca08fe to /tmp/ratis-tests/statemachine/s2/snapshot
2023-03-28 15:08:18,160 [grpc-default-executor-2] TRACE util.FileUtils (LogUtils.java:runAndLog(49)) - Successfully ran Atomic Files.move /tmp/ratis-tests/statemachine/s2/snapshot to /tmp/ratis-tests/statemachine/s2/snapshot.tmp20230328-150818_160
2023-03-28 15:08:18,160 [grpc-default-executor-2] TRACE util.FileUtils (LogUtils.java:runAndLog(49)) - Successfully ran Atomic Files.move /tmp/ratis-tests/statemachine/s2/tmp/snapshot-7effefd2-8471-4449-aea8-0b67deca08fe to /tmp/ratis-tests/statemachine/s2/snapshot
2023-03-28 15:08:18,160 [grpc-default-executor-2] TRACE util.FileUtils (FileUtils.java:deleteFully(201)) - deleteFully /tmp/ratis-tests/statemachine/s2/snapshot.tmp20230328-150818_160
2023-03-28 15:08:18,161 [grpc-default-executor-2] TRACE util.FileUtils (LogUtils.java:runAndLog(49)) - Successfully ran Files.delete /tmp/ratis-tests/statemachine/s2/snapshot.tmp20230328-150818_160
2023-03-28 15:08:18,161 [grpc-default-executor-2] INFO  raftlog.RaftLog (RaftLogBase.java:lambda$new$0(53)) - s2@group-22128BF4D9AD-SegmentedRaftLog: snapshotIndex: updateIncreasingly -1 -> 191
2023-03-28 15:08:18,161 [grpc-default-executor-2] INFO  impl.SnapshotInstallationHandler (SnapshotInstallationHandler.java:checkAndInstallSnapshot(193)) - s2@group-22128BF4D9AD: successfully install the entire snapshot-191
2023-03-28 15:08:18,161 [s2@group-22128BF4D9AD-StateMachineUpdater] INFO  impl.SimpleStateMachine4Testing (SimpleStateMachine4Testing.java:reinitialize(236)) - Reinitializing StateMachineWithSeparatedSnapshotPath:s2:group-22128BF4D9AD
2023-03-28 15:08:18,161 [grpc-default-executor-2] INFO  impl.SnapshotInstallationHandler (SnapshotInstallationHandler.java:installSnapshot(100)) - s2@group-22128BF4D9AD: reply installSnapshot: s0<-s2#0:OK-t1,SUCCESS,requestIndex=2
2023-03-28 15:08:18,161 [s2@group-22128BF4D9AD-StateMachineUpdater] INFO  impl.SimpleStateMachine4Testing (SimpleStateMachine4Testing.java:loadSnapshot(293)) - Loading snapshot null
2023-03-28 15:08:18,161 [s2@group-22128BF4D9AD-StateMachineUpdater] INFO  impl.StateMachineUpdater (StateMachineUpdater.java:lambda$new$0(96)) - s2@group-22128BF4D9AD-StateMachineUpdater: snapshotIndex: setUnconditionally -1 -> 191
2023-03-28 15:08:18,161 [s2@group-22128BF4D9AD-StateMachineUpdater] INFO  impl.StateMachineUpdater (StateMachineUpdater.java:lambda$new$0(96)) - s2@group-22128BF4D9AD-StateMachineUpdater: appliedIndex: setUnconditionally -1 -> 191
2023-03-28 15:08:18,161 [grpc-default-executor-1] INFO  server.GrpcLogAppender (GrpcLogAppender.java:onNext(501)) - s0@group-22128BF4D9AD->s2-InstallSnapshotResponseHandler: received a reply s0<-s2#0:OK-t1,SUCCESS,requestIndex=2
2023-03-28 15:08:18,162 [grpc-default-executor-1] INFO  server.GrpcLogAppender (GrpcLogAppender.java:onNext(514)) - s0@group-22128BF4D9AD->s2-InstallSnapshotResponseHandler: Completed InstallSnapshot. Reply: serverReply {
  requestorId: "s0"
  replyId: "s2"
  raftGroupId {
    id: "E\226[\274\003]@\000\240\316\"\022\213\364\331\255"
  }
  success: true
}
term: 1
requestIndex: 2

2023-03-28 15:08:18,162 [grpc-default-executor-1] INFO  leader.FollowerInfo (FollowerInfoImpl.java:setAttemptedToInstallSnapshot(126)) - Follower s0@group-22128BF4D9AD->s2 acknowledged installing snapshot
2023-03-28 15:08:18,162 [grpc-default-executor-2] INFO  server.GrpcServerProtocolService (GrpcServerProtocolService.java:onCompleted(145)) - s2: Completed INSTALL_SNAPSHOT, lastRequest: s0->s2#0-t1,chunk:7effefd2-8471-4449-aea8-0b67deca08fe,2
2023-03-28 15:08:18,163 [grpc-default-executor-1] INFO  server.GrpcLogAppender (GrpcLogAppender.java:onCompleted(579)) - s0@group-22128BF4D9AD->s2-InstallSnapshotResponseHandler: follower responded installSnapshot COMPLETED
2023-03-28 15:08:18,163 [s0@group-22128BF4D9AD->s2-GrpcLogAppender-LogAppenderDaemon] INFO  leader.FollowerInfo (FollowerInfoImpl.java:lambda$new$0(52)) - s0@group-22128BF4D9AD->s2: snapshotIndex: setUnconditionally 0 -> 191
2023-03-28 15:08:18,163 [s0@group-22128BF4D9AD->s2-GrpcLogAppender-LogAppenderDaemon] INFO  leader.FollowerInfo (FollowerInfoImpl.java:lambda$new$0(52)) - s0@group-22128BF4D9AD->s2: matchIndex: setUnconditionally -1 -> 191
2023-03-28 15:08:18,163 [s0@group-22128BF4D9AD->s2-GrpcLogAppender-LogAppenderDaemon] INFO  leader.FollowerInfo (FollowerInfoImpl.java:lambda$new$0(52)) - s0@group-22128BF4D9AD->s2: nextIndex: setUnconditionally 0 -> 192
2023-03-28 15:08:18,163 [s0@group-22128BF4D9AD->s2-GrpcLogAppender-LogAppenderDaemon] INFO  server.GrpcLogAppender (GrpcLogAppender.java:installSnapshot(634)) - s0@group-22128BF4D9AD->s2-GrpcLogAppender: installed snapshot FileListSnapshotInfo(t:1, i:191):[/tmp/ratis-tests/statemachine/s0/snapshot/1_191/loves, /tmp/ratis-tests/statemachine/s0/snapshot/1_191/vegetable, /tmp/ratis-tests/statemachine/s0/snapshot/1_191/deer] successfully
2023-03-28 15:08:18,165 [s2-server-thread1] INFO  impl.RoleInfo (RoleInfo.java:updateAndGet(139)) - s2: start s2@group-22128BF4D9AD-FollowerState
2023-03-28 15:08:18,166 [s2@group-22128BF4D9AD-FollowerState] INFO  server.RaftServerConfigKeys (ConfUtils.java:logFallback(53)) - raft.server.rpc.first-election.timeout.min = 150ms (fallback to raft.server.rpc.timeout.min)
2023-03-28 15:08:18,166 [s2@group-22128BF4D9AD-FollowerState] INFO  server.RaftServerConfigKeys (ConfUtils.java:logFallback(53)) - raft.server.rpc.first-election.timeout.max = 300ms (fallback to raft.server.rpc.timeout.max)
2023-03-28 15:08:18,170 [s1-server-thread1] INFO  impl.RoleInfo (RoleInfo.java:updateAndGet(139)) - s1: start s1@group-22128BF4D9AD-FollowerState
2023-03-28 15:08:18,171 [s1@group-22128BF4D9AD-FollowerState] INFO  server.RaftServerConfigKeys (ConfUtils.java:logFallback(53)) - raft.server.rpc.first-election.timeout.min = 150ms (fallback to raft.server.rpc.timeout.min)
2023-03-28 15:08:18,171 [s1@group-22128BF4D9AD-FollowerState] INFO  server.RaftServerConfigKeys (ConfUtils.java:logFallback(53)) - raft.server.rpc.first-election.timeout.max = 300ms (fallback to raft.server.rpc.timeout.max)
2023-03-28 15:08:18,182 [s1-server-thread1] INFO  server.RaftServer$Division (RaftServerImpl.java:checkInconsistentAppendEntries(1601)) - s1@group-22128BF4D9AD: Failed appendEntries as the first entry (index 0) already exists (snapshotIndex: 191, commitIndex: 0)
2023-03-28 15:08:18,182 [s1-server-thread1] INFO  server.RaftServer$Division (RaftServerImpl.java:checkInconsistentAppendEntries(1581)) - s1@group-22128BF4D9AD: inconsistency entries. Reply:s0<-s1#1:FAIL-t1,INCONSISTENCY,nextIndex=192,followerCommit=0,matchIndex=-1
2023-03-28 15:08:18,183 [grpc-default-executor-1] WARN  server.GrpcLogAppender (GrpcLogAppender.java:onNextImpl(395)) - s0@group-22128BF4D9AD->s1-AppendLogResponseHandler: received INCONSISTENCY reply with nextIndex 192
2023-03-28 15:08:18,184 [grpc-default-executor-1] INFO  leader.FollowerInfo (FollowerInfoImpl.java:lambda$new$0(52)) - s0@group-22128BF4D9AD->s1: setNextIndex nextIndex: updateUnconditionally 255 -> 192
2023-03-28 15:08:18,188 [s2-server-thread2] INFO  segmented.SegmentedRaftLogWorker (SegmentedRaftLogWorker.java:startLogSegment(426)) - s2@group-22128BF4D9AD-SegmentedRaftLogWorker: Starting segment from index:192
2023-03-28 15:08:18,193 [s1-server-thread1] INFO  segmented.SegmentedRaftLogWorker (SegmentedRaftLogWorker.java:startLogSegment(426)) - s1@group-22128BF4D9AD-SegmentedRaftLogWorker: Starting segment from index:192
2023-03-28 15:08:18,204 [s1@group-22128BF4D9AD-SegmentedRaftLogWorker] INFO  segmented.SegmentedRaftLogWorker (SegmentedRaftLogWorker.java:execute(630)) - s1@group-22128BF4D9AD-SegmentedRaftLogWorker: created new log segment /home/runner/work/ratis/ratis/ratis-test/target/test/data/d2acef73/MiniRaftClusterWithGrpc5f030b81/s1/45965bbc-035d-4000-a0ce-22128bf4d9ad/current/log_inprogress_192
2023-03-28 15:08:18,205 [s2@group-22128BF4D9AD-SegmentedRaftLogWorker] INFO  segmented.SegmentedRaftLogWorker (SegmentedRaftLogWorker.java:execute(630)) - s2@group-22128BF4D9AD-SegmentedRaftLogWorker: created new log segment /home/runner/work/ratis/ratis/ratis-test/target/test/data/d2acef73/MiniRaftClusterWithGrpc5f030b81/s2/45965bbc-035d-4000-a0ce-22128bf4d9ad/current/log_inprogress_192
2023-03-28 15:08:18,206 [s2@group-22128BF4D9AD-StateMachineUpdater] INFO  impl.SimpleStateMachine4Testing (SimpleStateMachine4Testing.java:put(205)) - s2: put 193, m96 -> (t:1, i:193), STATEMACHINELOGENTRY, 225@client-B336F56FD24D
2023-03-28 15:08:18,206 [s2@group-22128BF4D9AD-StateMachineUpdater] INFO  impl.SimpleStateMachine4Testing (SimpleStateMachine4Testing.java:put(205)) - s2: put 195, m97 -> (t:1, i:195), STATEMACHINELOGENTRY, 226@client-B336F56FD24D
2023-03-28 15:08:18,207 [s2@group-22128BF4D9AD-StateMachineUpdater] INFO  impl.SimpleStateMachine4Testing (SimpleStateMachine4Testing.java:put(205)) - s2: put 197, m98 -> (t:1, i:197), STATEMACHINELOGENTRY, 227@client-B336F56FD24D
2023-03-28 15:08:18,207 [s0@group-22128BF4D9AD-LeaderStateImpl] INFO  server.RaftServer$Division (ServerState.java:setRaftConf(377)) - s0@group-22128BF4D9AD: set configuration 255: peers:[s0|rpc:localhost:41151|admin:localhost:43491|client:localhost:38787|dataStream:localhost:36693|priority:0|startupRole:FOLLOWER, s1|rpc:0.0.0.0:34875|dataStream:|priority:0|startupRole:FOLLOWER, s2|rpc:0.0.0.0:45817|dataStream:|priority:0|startupRole:FOLLOWER]|listeners:[], old=peers:[s0|rpc:localhost:41151|admin:localhost:43491|client:localhost:38787|dataStream:localhost:36693|priority:0|startupRole:FOLLOWER]|listeners:[]
2023-03-28 15:08:18,207 [s2@group-22128BF4D9AD-StateMachineUpdater] INFO  impl.SimpleStateMachine4Testing (SimpleStateMachine4Testing.java:put(205)) - s2: put 199, m99 -> (t:1, i:199), STATEMACHINELOGENTRY, 228@client-B336F56FD24D
2023-03-28 15:08:18,207 [s2@group-22128BF4D9AD-StateMachineUpdater] INFO  impl.SimpleStateMachine4Testing (SimpleStateMachine4Testing.java:put(205)) - s2: put 201, m100 -> (t:1, i:201), STATEMACHINELOGENTRY, 229@client-B336F56FD24D
2023-03-28 15:08:18,207 [s2@group-22128BF4D9AD-StateMachineUpdater] INFO  impl.SimpleStateMachine4Testing (SimpleStateMachine4Testing.java:put(205)) - s2: put 203, m101 -> (t:1, i:203), STATEMACHINELOGENTRY, 230@client-B336F56FD24D
2023-03-28 15:08:18,207 [s2@group-22128BF4D9AD-StateMachineUpdater] INFO  impl.SimpleStateMachine4Testing (SimpleStateMachine4Testing.java:put(205)) - s2: put 205, m102 -> (t:1, i:205), STATEMACHINELOGENTRY, 231@client-B336F56FD24D
2023-03-28 15:08:18,207 [s2@group-22128BF4D9AD-StateMachineUpdater] INFO  impl.SimpleStateMachine4Testing (SimpleStateMachine4Testing.java:put(205)) - s2: put 207, m103 -> (t:1, i:207), STATEMACHINELOGENTRY, 232@client-B336F56FD24D
2023-03-28 15:08:18,208 [s2@group-22128BF4D9AD-StateMachineUpdater] INFO  impl.SimpleStateMachine4Testing (SimpleStateMachine4Testing.java:put(205)) - s2: put 209, m104 -> (t:1, i:209), STATEMACHINELOGENTRY, 233@client-B336F56FD24D
2023-03-28 15:08:18,208 [s2@group-22128BF4D9AD-StateMachineUpdater] INFO  impl.SimpleStateMachine4Testing (SimpleStateMachine4Testing.java:put(205)) - s2: put 211, m105 -> (t:1, i:211), STATEMACHINELOGENTRY, 234@client-B336F56FD24D
2023-03-28 15:08:18,208 [s2@group-22128BF4D9AD-StateMachineUpdater] INFO  impl.SimpleStateMachine4Testing (SimpleStateMachine4Testing.java:put(205)) - s2: put 213, m106 -> (t:1, i:213), STATEMACHINELOGENTRY, 235@client-B336F56FD24D
2023-03-28 15:08:18,208 [s2@group-22128BF4D9AD-StateMachineUpdater] INFO  impl.SimpleStateMachine4Testing (SimpleStateMachine4Testing.java:put(205)) - s2: put 215, m107 -> (t:1, i:215), STATEMACHINELOGENTRY, 236@client-B336F56FD24D
2023-03-28 15:08:18,208 [s2@group-22128BF4D9AD-StateMachineUpdater] INFO  impl.SimpleStateMachine4Testing (SimpleStateMachine4Testing.java:put(205)) - s2: put 217, m108 -> (t:1, i:217), STATEMACHINELOGENTRY, 237@client-B336F56FD24D
2023-03-28 15:08:18,208 [s2@group-22128BF4D9AD-StateMachineUpdater] INFO  impl.SimpleStateMachine4Testing (SimpleStateMachine4Testing.java:put(205)) - s2: put 219, m109 -> (t:1, i:219), STATEMACHINELOGENTRY, 238@client-B336F56FD24D
2023-03-28 15:08:18,208 [s2@group-22128BF4D9AD-StateMachineUpdater] INFO  impl.SimpleStateMachine4Testing (SimpleStateMachine4Testing.java:put(205)) - s2: put 221, m110 -> (t:1, i:221), STATEMACHINELOGENTRY, 239@client-B336F56FD24D
2023-03-28 15:08:18,209 [s2@group-22128BF4D9AD-StateMachineUpdater] INFO  impl.SimpleStateMachine4Testing (SimpleStateMachine4Testing.java:put(205)) - s2: put 223, m111 -> (t:1, i:223), STATEMACHINELOGENTRY, 240@client-B336F56FD24D
2023-03-28 15:08:18,209 [s2@group-22128BF4D9AD-StateMachineUpdater] INFO  impl.SimpleStateMachine4Testing (SimpleStateMachine4Testing.java:put(205)) - s2: put 225, m112 -> (t:1, i:225), STATEMACHINELOGENTRY, 241@client-B336F56FD24D
2023-03-28 15:08:18,209 [s2@group-22128BF4D9AD-StateMachineUpdater] INFO  impl.SimpleStateMachine4Testing (SimpleStateMachine4Testing.java:put(205)) - s2: put 227, m113 -> (t:1, i:227), STATEMACHINELOGENTRY, 242@client-B336F56FD24D
2023-03-28 15:08:18,209 [s2@group-22128BF4D9AD-StateMachineUpdater] INFO  impl.SimpleStateMachine4Testing (SimpleStateMachine4Testing.java:put(205)) - s2: put 229, m114 -> (t:1, i:229), STATEMACHINELOGENTRY, 243@client-B336F56FD24D
2023-03-28 15:08:18,209 [s2@group-22128BF4D9AD-StateMachineUpdater] INFO  impl.SimpleStateMachine4Testing (SimpleStateMachine4Testing.java:put(205)) - s2: put 231, m115 -> (t:1, i:231), STATEMACHINELOGENTRY, 244@client-B336F56FD24D
2023-03-28 15:08:18,209 [s2@group-22128BF4D9AD-StateMachineUpdater] INFO  impl.SimpleStateMachine4Testing (SimpleStateMachine4Testing.java:put(205)) - s2: put 233, m116 -> (t:1, i:233), STATEMACHINELOGENTRY, 245@client-B336F56FD24D
2023-03-28 15:08:18,209 [s2@group-22128BF4D9AD-StateMachineUpdater] INFO  impl.SimpleStateMachine4Testing (SimpleStateMachine4Testing.java:put(205)) - s2: put 235, m117 -> (t:1, i:235), STATEMACHINELOGENTRY, 246@client-B336F56FD24D
2023-03-28 15:08:18,209 [s2@group-22128BF4D9AD-StateMachineUpdater] INFO  impl.SimpleStateMachine4Testing (SimpleStateMachine4Testing.java:put(205)) - s2: put 237, m118 -> (t:1, i:237), STATEMACHINELOGENTRY, 247@client-B336F56FD24D
2023-03-28 15:08:18,210 [s2@group-22128BF4D9AD-StateMachineUpdater] INFO  impl.SimpleStateMachine4Testing (SimpleStateMachine4Testing.java:put(205)) - s2: put 239, m119 -> (t:1, i:239), STATEMACHINELOGENTRY, 248@client-B336F56FD24D
2023-03-28 15:08:18,210 [s2@group-22128BF4D9AD-StateMachineUpdater] INFO  impl.SimpleStateMachine4Testing (SimpleStateMachine4Testing.java:put(205)) - s2: put 241, m120 -> (t:1, i:241), STATEMACHINELOGENTRY, 249@client-B336F56FD24D
2023-03-28 15:08:18,210 [s2@group-22128BF4D9AD-StateMachineUpdater] INFO  impl.SimpleStateMachine4Testing (SimpleStateMachine4Testing.java:put(205)) - s2: put 243, m121 -> (t:1, i:243), STATEMACHINELOGENTRY, 250@client-B336F56FD24D
2023-03-28 15:08:18,210 [s2@group-22128BF4D9AD-StateMachineUpdater] INFO  impl.SimpleStateMachine4Testing (SimpleStateMachine4Testing.java:put(205)) - s2: put 245, m122 -> (t:1, i:245), STATEMACHINELOGENTRY, 251@client-B336F56FD24D
2023-03-28 15:08:18,210 [s2@group-22128BF4D9AD-StateMachineUpdater] INFO  impl.SimpleStateMachine4Testing (SimpleStateMachine4Testing.java:put(205)) - s2: put 247, m123 -> (t:1, i:247), STATEMACHINELOGENTRY, 252@client-B336F56FD24D
2023-03-28 15:08:18,210 [s2@group-22128BF4D9AD-StateMachineUpdater] INFO  impl.SimpleStateMachine4Testing (SimpleStateMachine4Testing.java:put(205)) - s2: put 249, m124 -> (t:1, i:249), STATEMACHINELOGENTRY, 253@client-B336F56FD24D
2023-03-28 15:08:18,210 [s2@group-22128BF4D9AD-StateMachineUpdater] INFO  impl.SimpleStateMachine4Testing (SimpleStateMachine4Testing.java:put(205)) - s2: put 251, m125 -> (t:1, i:251), STATEMACHINELOGENTRY, 254@client-B336F56FD24D
2023-03-28 15:08:18,210 [s2@group-22128BF4D9AD-StateMachineUpdater] INFO  impl.SimpleStateMachine4Testing (SimpleStateMachine4Testing.java:put(205)) - s2: put 253, m126 -> (t:1, i:253), STATEMACHINELOGENTRY, 255@client-B336F56FD24D
2023-03-28 15:08:18,211 [s2-server-thread2] INFO  server.RaftServer$Division (ServerState.java:setRaftConf(377)) - s2@group-22128BF4D9AD: set configuration 255: peers:[s0|rpc:localhost:41151|admin:localhost:43491|client:localhost:38787|dataStream:localhost:36693|priority:0|startupRole:FOLLOWER, s1|rpc:0.0.0.0:34875|dataStream:|priority:0|startupRole:FOLLOWER, s2|rpc:0.0.0.0:45817|dataStream:|priority:0|startupRole:FOLLOWER]|listeners:[], old=peers:[s0|rpc:localhost:41151|admin:localhost:43491|client:localhost:38787|dataStream:localhost:36693|priority:0|startupRole:FOLLOWER]|listeners:[]
2023-03-28 15:08:18,213 [s0@group-22128BF4D9AD-LeaderStateImpl] INFO  server.RaftServer$Division (ServerState.java:setRaftConf(377)) - s0@group-22128BF4D9AD: set configuration 257: peers:[s0|rpc:localhost:41151|admin:localhost:43491|client:localhost:38787|dataStream:localhost:36693|priority:0|startupRole:FOLLOWER, s1|rpc:0.0.0.0:34875|dataStream:|priority:0|startupRole:FOLLOWER, s2|rpc:0.0.0.0:45817|dataStream:|priority:0|startupRole:FOLLOWER]|listeners:[], old=null
2023-03-28 15:08:18,213 [s0@group-22128BF4D9AD-StateMachineUpdater] TRACE util.FileUtils (FileUtils.java:deleteFully(201)) - deleteFully /tmp/ratis-tests/statemachine/s0/snapshot/1_255
2023-03-28 15:08:18,213 [s0@group-22128BF4D9AD-StateMachineUpdater] TRACE util.FileUtils (FileUtils.java:deleteFully(217)) - deleteFully: /tmp/ratis-tests/statemachine/s0/snapshot/1_255 does not exist.
2023-03-28 15:08:18,213 [s0@group-22128BF4D9AD-StateMachineUpdater] TRACE util.FileUtils (FileUtils.java:deleteFully(201)) - deleteFully /tmp/ratis-tests/statemachine/s0/tmp/87a7b4ce-1073-441b-8db8-a0b02178a912
2023-03-28 15:08:18,213 [s0@group-22128BF4D9AD-StateMachineUpdater] TRACE util.FileUtils (FileUtils.java:deleteFully(217)) - deleteFully: /tmp/ratis-tests/statemachine/s0/tmp/87a7b4ce-1073-441b-8db8-a0b02178a912 does not exist.
2023-03-28 15:08:18,214 [s0@group-22128BF4D9AD-StateMachineUpdater] TRACE util.FileUtils (LogUtils.java:runAndLog(49)) - Successfully ran Atomic Files.move /tmp/ratis-tests/statemachine/s0/tmp/87a7b4ce-1073-441b-8db8-a0b02178a912 to /tmp/ratis-tests/statemachine/s0/snapshot/1_255
2023-03-28 15:08:18,214 [s0@group-22128BF4D9AD-StateMachineUpdater] INFO  impl.StateMachineUpdater (StateMachineUpdater.java:takeSnapshot(290)) - s0@group-22128BF4D9AD-StateMachineUpdater: Took a snapshot at index 255
2023-03-28 15:08:18,214 [s0@group-22128BF4D9AD-StateMachineUpdater] INFO  impl.StateMachineUpdater (StateMachineUpdater.java:lambda$new$0(96)) - s0@group-22128BF4D9AD-StateMachineUpdater: snapshotIndex: updateIncreasingly 191 -> 255
2023-03-28 15:08:18,214 [s0@group-22128BF4D9AD-StateMachineUpdater] INFO  raftlog.RaftLog (RaftLogBase.java:purge(314)) - s0@group-22128BF4D9AD-SegmentedRaftLog: purge 254
2023-03-28 15:08:18,214 [s0@group-22128BF4D9AD-StateMachineUpdater] INFO  raftlog.RaftLog (RaftLogBase.java:lambda$new$0(53)) - s0@group-22128BF4D9AD-SegmentedRaftLog: snapshotIndex: updateIncreasingly 191 -> 255
2023-03-28 15:08:18,214 [s0@group-22128BF4D9AD-StateMachineUpdater] INFO  raftlog.RaftLog (RaftLogBase.java:lambda$new$0(53)) - s0@group-22128BF4D9AD-SegmentedRaftLog: purgeIndex: updateToMax old=191, new=254, updated? true
2023-03-28 15:08:18,229 [s1-server-thread2] INFO  server.RaftServer$Division (ServerState.java:setRaftConf(377)) - s1@group-22128BF4D9AD: set configuration 255: peers:[s0|rpc:localhost:41151|admin:localhost:43491|client:localhost:38787|dataStream:localhost:36693|priority:0|startupRole:FOLLOWER, s1|rpc:0.0.0.0:34875|dataStream:|priority:0|startupRole:FOLLOWER, s2|rpc:0.0.0.0:45817|dataStream:|priority:0|startupRole:FOLLOWER]|listeners:[], old=peers:[s0|rpc:localhost:41151|admin:localhost:43491|client:localhost:38787|dataStream:localhost:36693|priority:0|startupRole:FOLLOWER]|listeners:[]
2023-03-28 15:08:18,229 [s2-server-thread2] INFO  server.RaftServer$Division (ServerState.java:setRaftConf(377)) - s2@group-22128BF4D9AD: set configuration 257: peers:[s0|rpc:localhost:41151|admin:localhost:43491|client:localhost:38787|dataStream:localhost:36693|priority:0|startupRole:FOLLOWER, s1|rpc:0.0.0.0:34875|dataStream:|priority:0|startupRole:FOLLOWER, s2|rpc:0.0.0.0:45817|dataStream:|priority:0|startupRole:FOLLOWER]|listeners:[], old=null
2023-03-28 15:08:18,229 [s1-server-thread2] INFO  server.RaftServer$Division (ServerState.java:setRaftConf(377)) - s1@group-22128BF4D9AD: set configuration 257: peers:[s0|rpc:localhost:41151|admin:localhost:43491|client:localhost:38787|dataStream:localhost:36693|priority:0|startupRole:FOLLOWER, s1|rpc:0.0.0.0:34875|dataStream:|priority:0|startupRole:FOLLOWER, s2|rpc:0.0.0.0:45817|dataStream:|priority:0|startupRole:FOLLOWER]|listeners:[], old=null
2023-03-28 15:08:18,230 [s2@group-22128BF4D9AD-StateMachineUpdater] TRACE util.FileUtils (FileUtils.java:deleteFully(201)) - deleteFully /tmp/ratis-tests/statemachine/s2/snapshot/1_255
2023-03-28 15:08:18,230 [s2@group-22128BF4D9AD-StateMachineUpdater] TRACE util.FileUtils (FileUtils.java:deleteFully(217)) - deleteFully: /tmp/ratis-tests/statemachine/s2/snapshot/1_255 does not exist.
2023-03-28 15:08:18,230 [s2@group-22128BF4D9AD-StateMachineUpdater] TRACE util.FileUtils (FileUtils.java:deleteFully(201)) - deleteFully /tmp/ratis-tests/statemachine/s2/tmp/6a9fa51b-70c7-44b7-a288-a495c21b4ecc
2023-03-28 15:08:18,230 [s2@group-22128BF4D9AD-StateMachineUpdater] TRACE util.FileUtils (FileUtils.java:deleteFully(217)) - deleteFully: /tmp/ratis-tests/statemachine/s2/tmp/6a9fa51b-70c7-44b7-a288-a495c21b4ecc does not exist.
2023-03-28 15:08:18,230 [s2@group-22128BF4D9AD-StateMachineUpdater] TRACE util.FileUtils (LogUtils.java:runAndLog(49)) - Successfully ran Atomic Files.move /tmp/ratis-tests/statemachine/s2/tmp/6a9fa51b-70c7-44b7-a288-a495c21b4ecc to /tmp/ratis-tests/statemachine/s2/snapshot/1_255
2023-03-28 15:08:18,230 [s2@group-22128BF4D9AD-StateMachineUpdater] INFO  impl.StateMachineUpdater (StateMachineUpdater.java:takeSnapshot(290)) - s2@group-22128BF4D9AD-StateMachineUpdater: Took a snapshot at index 255
2023-03-28 15:08:18,231 [s2@group-22128BF4D9AD-StateMachineUpdater] INFO  impl.StateMachineUpdater (StateMachineUpdater.java:lambda$new$0(96)) - s2@group-22128BF4D9AD-StateMachineUpdater: snapshotIndex: updateIncreasingly 191 -> 255
2023-03-28 15:08:18,231 [s2@group-22128BF4D9AD-StateMachineUpdater] INFO  raftlog.RaftLog (RaftLogBase.java:purge(314)) - s2@group-22128BF4D9AD-SegmentedRaftLog: purge 254
2023-03-28 15:08:18,236 [s2@group-22128BF4D9AD-StateMachineUpdater] INFO  raftlog.RaftLog (RaftLogBase.java:lambda$new$0(53)) - s2@group-22128BF4D9AD-SegmentedRaftLog: snapshotIndex: updateIncreasingly 191 -> 255
2023-03-28 15:08:18,236 [s2@group-22128BF4D9AD-StateMachineUpdater] INFO  raftlog.RaftLog (RaftLogBase.java:lambda$new$0(53)) - s2@group-22128BF4D9AD-SegmentedRaftLog: purgeIndex: updateToMax old=-1, new=254, updated? true
2023-03-28 15:08:18,276 [Time-limited test] INFO  server.RaftServerConfigKeys (ConfUtils.java:logGet(46)) - raft.server.rpc.timeout.max = 300ms (default)
2023-03-28 15:08:18,277 [Time-limited test] INFO  impl.RaftServerTestUtil (RaftServerTestUtil.java:waitAndCheckNewConf(87)) - waitAndCheckNewConf: peers=[s1|rpc:0.0.0.0:34875|priority:0|startupRole:FOLLOWER, s2|rpc:0.0.0.0:45817|priority:0|startupRole:FOLLOWER, s0|rpc:localhost:41151|admin:localhost:43491|client:localhost:38787|dataStream:localhost:36693|priority:0|startupRole:FOLLOWER], deadPeers=null, printing ALL groups
  s0:  RUNNING    LEADER s0@group-22128BF4D9AD:t1, leader=s0, voted=s0, raftlog=Memoized:s0@group-22128BF4D9AD-SegmentedRaftLog:OPENED:c258, conf=257: peers:[s0|rpc:localhost:41151|admin:localhost:43491|client:localhost:38787|dataStream:localhost:36693|priority:0|startupRole:FOLLOWER, s1|rpc:0.0.0.0:34875|dataStream:|priority:0|startupRole:FOLLOWER, s2|rpc:0.0.0.0:45817|dataStream:|priority:0|startupRole:FOLLOWER]|listeners:[], old=null RUNNING
  s1:  RUNNING  FOLLOWER s1@group-22128BF4D9AD:t1, leader=s0, voted=null, raftlog=Memoized:s1@group-22128BF4D9AD-SegmentedRaftLog:OPENED:c257, conf=257: peers:[s0|rpc:localhost:41151|admin:localhost:43491|client:localhost:38787|dataStream:localhost:36693|priority:0|startupRole:FOLLOWER, s1|rpc:0.0.0.0:34875|dataStream:|priority:0|startupRole:FOLLOWER, s2|rpc:0.0.0.0:45817|dataStream:|priority:0|startupRole:FOLLOWER]|listeners:[], old=null RUNNING
  s2:  RUNNING  FOLLOWER s2@group-22128BF4D9AD:t1, leader=s0, voted=null, raftlog=Memoized:s2@group-22128BF4D9AD-SegmentedRaftLog:OPENED:c258, conf=257: peers:[s0|rpc:localhost:41151|admin:localhost:43491|client:localhost:38787|dataStream:localhost:36693|priority:0|startupRole:FOLLOWER, s1|rpc:0.0.0.0:34875|dataStream:|priority:0|startupRole:FOLLOWER, s2|rpc:0.0.0.0:45817|dataStream:|priority:0|startupRole:FOLLOWER]|listeners:[], old=null RUNNING
2023-03-28 15:08:18,277 [Time-limited test] INFO  impl.RaftServerTestUtil (RaftServerTestUtil.java:waitAndCheckNewConf(96)) - checking    LEADER s0@group-22128BF4D9AD:t1, leader=s0, voted=s0, raftlog=Memoized:s0@group-22128BF4D9AD-SegmentedRaftLog:OPENED:c258, conf=257: peers:[s0|rpc:localhost:41151|admin:localhost:43491|client:localhost:38787|dataStream:localhost:36693|priority:0|startupRole:FOLLOWER, s1|rpc:0.0.0.0:34875|dataStream:|priority:0|startupRole:FOLLOWER, s2|rpc:0.0.0.0:45817|dataStream:|priority:0|startupRole:FOLLOWER]|listeners:[], old=null RUNNING
2023-03-28 15:08:18,277 [Time-limited test] INFO  impl.RaftServerTestUtil (RaftServerTestUtil.java:waitAndCheckNewConf(96)) - checking  FOLLOWER s1@group-22128BF4D9AD:t1, leader=s0, voted=null, raftlog=Memoized:s1@group-22128BF4D9AD-SegmentedRaftLog:OPENED:c257, conf=257: peers:[s0|rpc:localhost:41151|admin:localhost:43491|client:localhost:38787|dataStream:localhost:36693|priority:0|startupRole:FOLLOWER, s1|rpc:0.0.0.0:34875|dataStream:|priority:0|startupRole:FOLLOWER, s2|rpc:0.0.0.0:45817|dataStream:|priority:0|startupRole:FOLLOWER]|listeners:[], old=null RUNNING
2023-03-28 15:08:18,277 [Time-limited test] INFO  impl.RaftServerTestUtil (RaftServerTestUtil.java:waitAndCheckNewConf(96)) - checking  FOLLOWER s2@group-22128BF4D9AD:t1, leader=s0, voted=null, raftlog=Memoized:s2@group-22128BF4D9AD-SegmentedRaftLog:OPENED:c258, conf=257: peers:[s0|rpc:localhost:41151|admin:localhost:43491|client:localhost:38787|dataStream:localhost:36693|priority:0|startupRole:FOLLOWER, s1|rpc:0.0.0.0:34875|dataStream:|priority:0|startupRole:FOLLOWER, s2|rpc:0.0.0.0:45817|dataStream:|priority:0|startupRole:FOLLOWER]|listeners:[], old=null RUNNING
2023-03-28 15:08:18,277 [Time-limited test] INFO  impl.MiniRaftCluster (MiniRaftCluster.java:shutdown(831)) - ************************************************************** 
2023-03-28 15:08:18,277 [Time-limited test] INFO  impl.MiniRaftCluster (MiniRaftCluster.java:shutdown(832)) - *** 
2023-03-28 15:08:18,277 [Time-limited test] INFO  impl.MiniRaftCluster (MiniRaftCluster.java:shutdown(833)) - ***     Stopping MiniRaftClusterWithGrpc
2023-03-28 15:08:18,277 [Time-limited test] INFO  impl.MiniRaftCluster (MiniRaftCluster.java:shutdown(834)) - *** 
2023-03-28 15:08:18,277 [Time-limited test] INFO  impl.MiniRaftCluster (MiniRaftCluster.java:shutdown(835)) - ************************************************************** 
2023-03-28 15:08:18,277 [Time-limited test] INFO  impl.MiniRaftCluster (MiniRaftCluster.java:shutdown(836)) - printing ALL groups
  s0:  RUNNING    LEADER s0@group-22128BF4D9AD:t1, leader=s0, voted=s0, raftlog=Memoized:s0@group-22128BF4D9AD-SegmentedRaftLog:OPENED:c258, conf=257: peers:[s0|rpc:localhost:41151|admin:localhost:43491|client:localhost:38787|dataStream:localhost:36693|priority:0|startupRole:FOLLOWER, s1|rpc:0.0.0.0:34875|dataStream:|priority:0|startupRole:FOLLOWER, s2|rpc:0.0.0.0:45817|dataStream:|priority:0|startupRole:FOLLOWER]|listeners:[], old=null RUNNING
  s1:  RUNNING  FOLLOWER s1@group-22128BF4D9AD:t1, leader=s0, voted=null, raftlog=Memoized:s1@group-22128BF4D9AD-SegmentedRaftLog:OPENED:c257, conf=257: peers:[s0|rpc:localhost:41151|admin:localhost:43491|client:localhost:38787|dataStream:localhost:36693|priority:0|startupRole:FOLLOWER, s1|rpc:0.0.0.0:34875|dataStream:|priority:0|startupRole:FOLLOWER, s2|rpc:0.0.0.0:45817|dataStream:|priority:0|startupRole:FOLLOWER]|listeners:[], old=null RUNNING
  s2:  RUNNING  FOLLOWER s2@group-22128BF4D9AD:t1, leader=s0, voted=null, raftlog=Memoized:s2@group-22128BF4D9AD-SegmentedRaftLog:OPENED:c258, conf=257: peers:[s0|rpc:localhost:41151|admin:localhost:43491|client:localhost:38787|dataStream:localhost:36693|priority:0|startupRole:FOLLOWER, s1|rpc:0.0.0.0:34875|dataStream:|priority:0|startupRole:FOLLOWER, s2|rpc:0.0.0.0:45817|dataStream:|priority:0|startupRole:FOLLOWER]|listeners:[], old=null RUNNING
2023-03-28 15:08:18,300 [MiniRaftCluster-7] INFO  server.RaftServer (RaftServerProxy.java:lambda$close$7(417)) - s0: close
2023-03-28 15:08:18,300 [MiniRaftCluster-8] INFO  server.RaftServer (RaftServerProxy.java:lambda$close$7(417)) - s1: close
2023-03-28 15:08:18,313 [s0-impl-thread1] INFO  server.RaftServer$Division (RaftServerImpl.java:lambda$close$4(466)) - s0@group-22128BF4D9AD: shutdown
2023-03-28 15:08:18,313 [s0-impl-thread1] INFO  util.JmxRegister (JmxRegister.java:unregister(73)) - Successfully un-registered JMX Bean with object name Ratis:service=RaftServer,group=group-22128BF4D9AD,id=s0
2023-03-28 15:08:18,314 [s0-impl-thread1] INFO  impl.RoleInfo (RoleInfo.java:shutdownLeaderState(93)) - s0: shutdown s0@group-22128BF4D9AD-LeaderStateImpl
2023-03-28 15:08:18,313 [MiniRaftCluster-7] INFO  server.GrpcService (GrpcService.java:closeImpl(311)) - s0: shutdown server org.apache.ratis.grpc.server.GrpcClientProtocolService now
2023-03-28 15:08:18,313 [s1-impl-thread1] INFO  server.RaftServer$Division (RaftServerImpl.java:lambda$close$4(466)) - s1@group-22128BF4D9AD: shutdown
2023-03-28 15:08:18,314 [s1-impl-thread1] INFO  util.JmxRegister (JmxRegister.java:unregister(73)) - Successfully un-registered JMX Bean with object name Ratis:service=RaftServer,group=group-22128BF4D9AD,id=s1
2023-03-28 15:08:18,314 [s1-impl-thread1] INFO  impl.RoleInfo (RoleInfo.java:shutdownFollowerState(110)) - s1: shutdown s1@group-22128BF4D9AD-FollowerState
2023-03-28 15:08:18,314 [s1-impl-thread1] INFO  impl.StateMachineUpdater (StateMachineUpdater.java:stopAndJoin(154)) - s1@group-22128BF4D9AD-StateMachineUpdater: set stopIndex = 257
2023-03-28 15:08:18,313 [MiniRaftCluster-8] INFO  server.GrpcService (GrpcService.java:closeImpl(311)) - s1: shutdown server GrpcServerProtocolService now
2023-03-28 15:08:18,314 [s1@group-22128BF4D9AD-FollowerState] INFO  impl.FollowerState (FollowerState.java:run(152)) - s1@group-22128BF4D9AD-FollowerState was interrupted
2023-03-28 15:08:18,316 [s0@group-22128BF4D9AD->s1-GrpcLogAppender-LogAppenderDaemon] WARN  server.GrpcLogAppender (GrpcLogAppender.java:mayWait(195)) - s0@group-22128BF4D9AD->s1-GrpcLogAppender: Wait interrupted by java.lang.InterruptedException
2023-03-28 15:08:18,314 [s0-impl-thread1] INFO  impl.PendingRequests (PendingRequests.java:sendNotLeaderResponses(289)) - s0@group-22128BF4D9AD-PendingRequests: sendNotLeaderResponses
2023-03-28 15:08:18,324 [Thread-113] INFO  server.GrpcServerProtocolClient (GrpcServerProtocolClient.java:close(103)) - s1 Close channels
2023-03-28 15:08:18,336 [MiniRaftCluster-9] INFO  server.RaftServer (RaftServerProxy.java:lambda$close$7(417)) - s2: close
2023-03-28 15:08:18,336 [grpc-default-executor-2] INFO  server.GrpcServerProtocolService (GrpcServerProtocolService.java:onCompleted(145)) - s2: Completed APPEND_ENTRIES, lastRequest: s0->s2#89-t1,previous=(t:1, i:257),leaderCommit=258,initializing? true,entries: size=1, first=(t:1, i:258), METADATAENTRY(c:257)
2023-03-28 15:08:18,340 [grpc-default-executor-1] INFO  server.GrpcServerProtocolService (GrpcServerProtocolService.java:onCompleted(145)) - s1: Completed APPEND_ENTRIES, lastRequest: s0->s1#43-t1,previous=(t:1, i:257),leaderCommit=257,initializing? true,entries: size=1, first=(t:1, i:258), METADATAENTRY(c:257)
2023-03-28 15:08:18,341 [grpc-default-executor-2] INFO  server.GrpcLogAppender (GrpcLogAppender.java:onCompleted(422)) - s0@group-22128BF4D9AD->s2-AppendLogResponseHandler: follower responses appendEntries COMPLETED
2023-03-28 15:08:18,341 [grpc-default-executor-2] INFO  leader.FollowerInfo (FollowerInfoImpl.java:lambda$new$0(52)) - s0@group-22128BF4D9AD->s2: decreaseNextIndex nextIndex: updateUnconditionally 259 -> 258
2023-03-28 15:08:18,342 [MiniRaftCluster-8] INFO  server.GrpcService (GrpcService.java:closeImpl(320)) - s1: shutdown server GrpcServerProtocolService successfully
2023-03-28 15:08:18,342 [MiniRaftCluster-9] INFO  server.GrpcService (GrpcService.java:closeImpl(311)) - s2: shutdown server GrpcServerProtocolService now
2023-03-28 15:08:18,342 [grpc-default-executor-2] INFO  server.GrpcLogAppender (GrpcLogAppender.java:onCompleted(422)) - s0@group-22128BF4D9AD->s1-AppendLogResponseHandler: follower responses appendEntries COMPLETED
2023-03-28 15:08:18,342 [s2-impl-thread1] INFO  server.RaftServer$Division (RaftServerImpl.java:lambda$close$4(466)) - s2@group-22128BF4D9AD: shutdown
2023-03-28 15:08:18,342 [grpc-default-executor-2] WARN  server.GrpcLogAppender (GrpcLogAppender.java:resetClient(133)) - s0@group-22128BF4D9AD->s1-GrpcLogAppender: Failed to getClient for s1
org.apache.ratis.protocol.exceptions.AlreadyClosedException: s0 is already CLOSED
	at org.apache.ratis.util.PeerProxyMap$PeerAndProxy.getProxy(PeerProxyMap.java:61)
	at org.apache.ratis.util.PeerProxyMap.getProxy(PeerProxyMap.java:115)
	at org.apache.ratis.grpc.server.GrpcLogAppender.getClient(GrpcLogAppender.java:111)
	at org.apache.ratis.grpc.server.GrpcLogAppender.resetClient(GrpcLogAppender.java:116)
	at org.apache.ratis.grpc.server.GrpcLogAppender.access$500(GrpcLogAppender.java:55)
	at org.apache.ratis.grpc.server.GrpcLogAppender$AppendLogResponseHandler.onCompleted(GrpcLogAppender.java:423)
	at org.apache.ratis.thirdparty.io.grpc.stub.ClientCalls$StreamObserverToCallListenerAdapter.onClose(ClientCalls.java:485)
	at org.apache.ratis.thirdparty.io.grpc.internal.ClientCallImpl.closeObserver(ClientCallImpl.java:563)
	at org.apache.ratis.thirdparty.io.grpc.internal.ClientCallImpl.access$300(ClientCallImpl.java:70)
	at org.apache.ratis.thirdparty.io.grpc.internal.ClientCallImpl$ClientStreamListenerImpl$1StreamClosed.runInternal(ClientCallImpl.java:744)
	at org.apache.ratis.thirdparty.io.grpc.internal.ClientCallImpl$ClientStreamListenerImpl$1StreamClosed.runInContext(ClientCallImpl.java:723)
	at org.apache.ratis.thirdparty.io.grpc.internal.ContextRunnable.run(ContextRunnable.java:37)
	at org.apache.ratis.thirdparty.io.grpc.internal.SerializingExecutor.run(SerializingExecutor.java:133)
	at java.base/java.util.concurrent.ThreadPoolExecutor.runWorker(ThreadPoolExecutor.java:1128)
	at java.base/java.util.concurrent.ThreadPoolExecutor$Worker.run(ThreadPoolExecutor.java:628)
	at java.base/java.lang.Thread.run(Thread.java:829)
2023-03-28 15:08:18,342 [s2-impl-thread1] INFO  util.JmxRegister (JmxRegister.java:unregister(73)) - Successfully un-registered JMX Bean with object name Ratis:service=RaftServer,group=group-22128BF4D9AD,id=s2
2023-03-28 15:08:18,344 [s2-impl-thread1] INFO  impl.RoleInfo (RoleInfo.java:shutdownFollowerState(110)) - s2: shutdown s2@group-22128BF4D9AD-FollowerState
2023-03-28 15:08:18,344 [s2-impl-thread1] INFO  impl.StateMachineUpdater (StateMachineUpdater.java:stopAndJoin(154)) - s2@group-22128BF4D9AD-StateMachineUpdater: set stopIndex = 258
2023-03-28 15:08:18,344 [s2@group-22128BF4D9AD-FollowerState] INFO  impl.FollowerState (FollowerState.java:run(152)) - s2@group-22128BF4D9AD-FollowerState was interrupted
2023-03-28 15:08:18,345 [s2@group-22128BF4D9AD-StateMachineUpdater] TRACE util.FileUtils (FileUtils.java:deleteFully(201)) - deleteFully /tmp/ratis-tests/statemachine/s2/snapshot/1_258
2023-03-28 15:08:18,345 [s2@group-22128BF4D9AD-StateMachineUpdater] TRACE util.FileUtils (FileUtils.java:deleteFully(217)) - deleteFully: /tmp/ratis-tests/statemachine/s2/snapshot/1_258 does not exist.
2023-03-28 15:08:18,345 [s2@group-22128BF4D9AD-StateMachineUpdater] TRACE util.FileUtils (FileUtils.java:deleteFully(201)) - deleteFully /tmp/ratis-tests/statemachine/s2/tmp/03ead3aa-33db-4770-b034-5375e5120a12
2023-03-28 15:08:18,345 [s2@group-22128BF4D9AD-StateMachineUpdater] TRACE util.FileUtils (FileUtils.java:deleteFully(217)) - deleteFully: /tmp/ratis-tests/statemachine/s2/tmp/03ead3aa-33db-4770-b034-5375e5120a12 does not exist.
2023-03-28 15:08:18,345 [s2@group-22128BF4D9AD-StateMachineUpdater] TRACE util.FileUtils (LogUtils.java:runAndLog(49)) - Successfully ran Atomic Files.move /tmp/ratis-tests/statemachine/s2/tmp/03ead3aa-33db-4770-b034-5375e5120a12 to /tmp/ratis-tests/statemachine/s2/snapshot/1_258
2023-03-28 15:08:18,345 [s2@group-22128BF4D9AD-StateMachineUpdater] INFO  impl.StateMachineUpdater (StateMachineUpdater.java:takeSnapshot(290)) - s2@group-22128BF4D9AD-StateMachineUpdater: Took a snapshot at index 258
2023-03-28 15:08:18,345 [s2@group-22128BF4D9AD-StateMachineUpdater] INFO  impl.StateMachineUpdater (StateMachineUpdater.java:lambda$new$0(96)) - s2@group-22128BF4D9AD-StateMachineUpdater: snapshotIndex: updateIncreasingly 255 -> 258
2023-03-28 15:08:18,345 [s2-impl-thread1] INFO  server.RaftServer$Division (ServerState.java:close(413)) - s2@group-22128BF4D9AD: applyIndex: 258
2023-03-28 15:08:18,346 [Thread-114] INFO  server.GrpcServerProtocolClient (GrpcServerProtocolClient.java:close(103)) - s2 Close channels
2023-03-28 15:08:18,369 [MiniRaftCluster-7] INFO  server.GrpcService (GrpcService.java:closeImpl(320)) - s0: shutdown server org.apache.ratis.grpc.server.GrpcClientProtocolService successfully
2023-03-28 15:08:18,369 [MiniRaftCluster-7] INFO  server.GrpcService (GrpcService.java:closeImpl(311)) - s0: shutdown server GrpcServerProtocolService now
2023-03-28 15:08:18,369 [s0-impl-thread1] INFO  impl.StateMachineUpdater (StateMachineUpdater.java:stopAndJoin(154)) - s0@group-22128BF4D9AD-StateMachineUpdater: set stopIndex = 258
2023-03-28 15:08:18,370 [s0@group-22128BF4D9AD-StateMachineUpdater] TRACE util.FileUtils (FileUtils.java:deleteFully(201)) - deleteFully /tmp/ratis-tests/statemachine/s0/snapshot/1_258
2023-03-28 15:08:18,370 [s0@group-22128BF4D9AD-StateMachineUpdater] TRACE util.FileUtils (FileUtils.java:deleteFully(217)) - deleteFully: /tmp/ratis-tests/statemachine/s0/snapshot/1_258 does not exist.
2023-03-28 15:08:18,370 [s0@group-22128BF4D9AD-StateMachineUpdater] TRACE util.FileUtils (FileUtils.java:deleteFully(201)) - deleteFully /tmp/ratis-tests/statemachine/s0/tmp/347f47d3-97e5-46c0-911b-b9ffff612ed6
2023-03-28 15:08:18,370 [s0@group-22128BF4D9AD-StateMachineUpdater] TRACE util.FileUtils (FileUtils.java:deleteFully(217)) - deleteFully: /tmp/ratis-tests/statemachine/s0/tmp/347f47d3-97e5-46c0-911b-b9ffff612ed6 does not exist.
2023-03-28 15:08:18,370 [s0@group-22128BF4D9AD-StateMachineUpdater] TRACE util.FileUtils (LogUtils.java:runAndLog(49)) - Successfully ran Atomic Files.move /tmp/ratis-tests/statemachine/s0/tmp/347f47d3-97e5-46c0-911b-b9ffff612ed6 to /tmp/ratis-tests/statemachine/s0/snapshot/1_258
2023-03-28 15:08:18,370 [s0@group-22128BF4D9AD-StateMachineUpdater] INFO  impl.StateMachineUpdater (StateMachineUpdater.java:takeSnapshot(290)) - s0@group-22128BF4D9AD-StateMachineUpdater: Took a snapshot at index 258
2023-03-28 15:08:18,370 [s0@group-22128BF4D9AD-StateMachineUpdater] INFO  impl.StateMachineUpdater (StateMachineUpdater.java:lambda$new$0(96)) - s0@group-22128BF4D9AD-StateMachineUpdater: snapshotIndex: updateIncreasingly 255 -> 258
2023-03-28 15:08:18,371 [s0-impl-thread1] INFO  server.RaftServer$Division (ServerState.java:close(413)) - s0@group-22128BF4D9AD: applyIndex: 258
2023-03-28 15:08:18,371 [MiniRaftCluster-7] INFO  server.GrpcService (GrpcService.java:closeImpl(320)) - s0: shutdown server GrpcServerProtocolService successfully
2023-03-28 15:08:18,371 [MiniRaftCluster-7] INFO  server.GrpcService (GrpcService.java:closeImpl(311)) - s0: shutdown server org.apache.ratis.grpc.server.GrpcAdminProtocolService now
2023-03-28 15:08:18,376 [MiniRaftCluster-9] INFO  server.GrpcService (GrpcService.java:closeImpl(320)) - s2: shutdown server GrpcServerProtocolService successfully
2023-03-28 15:08:18,377 [MiniRaftCluster-7] INFO  server.GrpcService (GrpcService.java:closeImpl(320)) - s0: shutdown server org.apache.ratis.grpc.server.GrpcAdminProtocolService successfully
2023-03-28 15:08:19,235 [s0-impl-thread1] INFO  segmented.SegmentedRaftLogWorker (SegmentedRaftLogWorker.java:close(242)) - s0@group-22128BF4D9AD-SegmentedRaftLogWorker close()
2023-03-28 15:08:19,236 [JvmPauseMonitor3] INFO  util.JvmPauseMonitor (JvmPauseMonitor.java:run(109)) - JvmPauseMonitor-s0: Stopped
2023-03-28 15:08:19,253 [s2-impl-thread1] INFO  segmented.SegmentedRaftLogWorker (SegmentedRaftLogWorker.java:close(242)) - s2@group-22128BF4D9AD-SegmentedRaftLogWorker close()
2023-03-28 15:08:19,259 [JvmPauseMonitor5] INFO  util.JvmPauseMonitor (JvmPauseMonitor.java:run(109)) - JvmPauseMonitor-s2: Stopped
2023-03-28 15:08:21,314 [timer5] WARN  server.GrpcLogAppender (GrpcLogAppender.java:timeoutAppendRequest(316)) - s0@group-22128BF4D9AD->s1-GrpcLogAppender: HEARTBEAT appendEntries Timeout, request=AppendEntriesRequest:cid=233,entriesCount=0,lastEntry=null
2023-03-28 15:08:23,311 [Time-limited test] INFO  impl.MiniRaftCluster (MiniRaftCluster.java:shutdown(855)) - MiniRaftClusterWithGrpc shutdown completed
2023-03-28 15:08:23,311 [Time-limited test] INFO  impl.MiniRaftCluster (MiniRaftCluster.java:shutdown(831)) - ************************************************************** 
2023-03-28 15:08:23,311 [Time-limited test] INFO  impl.MiniRaftCluster (MiniRaftCluster.java:shutdown(832)) - *** 
2023-03-28 15:08:23,311 [Time-limited test] INFO  impl.MiniRaftCluster (MiniRaftCluster.java:shutdown(833)) - ***     Stopping MiniRaftClusterWithGrpc
2023-03-28 15:08:23,311 [Time-limited test] INFO  impl.MiniRaftCluster (MiniRaftCluster.java:shutdown(834)) - *** 
2023-03-28 15:08:23,311 [Time-limited test] INFO  impl.MiniRaftCluster (MiniRaftCluster.java:shutdown(835)) - ************************************************************** 
2023-03-28 15:08:23,312 [Time-limited test] INFO  impl.MiniRaftCluster (MiniRaftCluster.java:shutdown(836)) - printing ALL groups
  s0:   CLOSED    LEADER s0@group-22128BF4D9AD:t1, leader=s0, voted=s0, raftlog=Memoized:s0@group-22128BF4D9AD-SegmentedRaftLog:CLOSED:c258, conf=257: peers:[s0|rpc:localhost:41151|admin:localhost:43491|client:localhost:38787|dataStream:localhost:36693|priority:0|startupRole:FOLLOWER, s1|rpc:0.0.0.0:34875|dataStream:|priority:0|startupRole:FOLLOWER, s2|rpc:0.0.0.0:45817|dataStream:|priority:0|startupRole:FOLLOWER]|listeners:[], old=null CLOSED
  s1:  CLOSING  FOLLOWER s1@group-22128BF4D9AD:t1, leader=s0, voted=null, raftlog=Memoized:s1@group-22128BF4D9AD-SegmentedRaftLog:OPENED:c257, conf=257: peers:[s0|rpc:localhost:41151|admin:localhost:43491|client:localhost:38787|dataStream:localhost:36693|priority:0|startupRole:FOLLOWER, s1|rpc:0.0.0.0:34875|dataStream:|priority:0|startupRole:FOLLOWER, s2|rpc:0.0.0.0:45817|dataStream:|priority:0|startupRole:FOLLOWER]|listeners:[], old=null CLOSING
  s2:   CLOSED  FOLLOWER s2@group-22128BF4D9AD:t1, leader=s0, voted=null, raftlog=Memoized:s2@group-22128BF4D9AD-SegmentedRaftLog:CLOSED:c258, conf=257: peers:[s0|rpc:localhost:41151|admin:localhost:43491|client:localhost:38787|dataStream:localhost:36693|priority:0|startupRole:FOLLOWER, s1|rpc:0.0.0.0:34875|dataStream:|priority:0|startupRole:FOLLOWER, s2|rpc:0.0.0.0:45817|dataStream:|priority:0|startupRole:FOLLOWER]|listeners:[], old=null CLOSED
2023-03-28 15:08:23,312 [JvmPauseMonitor4] INFO  util.JvmPauseMonitor (JvmPauseMonitor.java:run(109)) - JvmPauseMonitor-s1: Stopped
2023-03-28 15:08:23,319 [Time-limited test] INFO  impl.MiniRaftCluster (MiniRaftCluster.java:shutdown(855)) - MiniRaftClusterWithGrpc shutdown completed
]]></system-out>
  </testcase>
  <testcase name="testMultiFileInstallSnapshot[1]" classname="org.apache.ratis.grpc.TestLeaderInstallSnapshot" time="2.224">
    <system-out><![CDATA[2023-03-28 15:08:23,324 [main] INFO  util.LogUtils (Slf4jUtils.java:setLogLevel(38)) - Successfully set org.apache.ratis.conf.ConfUtils log level to WARN
2023-03-28 15:08:23,324 [main] INFO  util.LogUtils (Slf4jUtils.java:setLogLevel(38)) - Successfully set org.apache.ratis.util.FileUtils log level to TRACE
2023-03-28 15:08:23,325 [Time-limited test] INFO  impl.MiniRaftCluster (MiniRaftCluster.java:runWithNewCluster(135)) - Running runWithNewCluster
2023-03-28 15:08:23,328 [Time-limited test] INFO  impl.MiniRaftCluster (MiniRaftCluster.java:<init>(306)) - new MiniRaftClusterWithGrpc with group-8E30088DAA34:[s0|rpc:localhost:42763|admin:localhost:40897|client:localhost:39999|dataStream:localhost:43253|priority:0|startupRole:FOLLOWER]
2023-03-28 15:08:23,329 [Time-limited test] INFO  impl.MiniRaftCluster (MiniRaftCluster.java:start(339)) - .............................................................. 
2023-03-28 15:08:23,329 [Time-limited test] INFO  impl.MiniRaftCluster (MiniRaftCluster.java:start(340)) - ... 
2023-03-28 15:08:23,329 [Time-limited test] INFO  impl.MiniRaftCluster (MiniRaftCluster.java:start(341)) - ...     Starting MiniRaftClusterWithGrpc
2023-03-28 15:08:23,329 [Time-limited test] INFO  impl.MiniRaftCluster (MiniRaftCluster.java:start(342)) - ... 
2023-03-28 15:08:23,329 [Time-limited test] INFO  impl.MiniRaftCluster (MiniRaftCluster.java:start(343)) - .............................................................. 
2023-03-28 15:08:23,329 [Time-limited test] INFO  impl.MiniRaftCluster (MiniRaftCluster.java:initServers(318)) - servers = {}
2023-03-28 15:08:23,329 [Time-limited test] INFO  impl.MiniRaftCluster (MiniRaftCluster.java:newRaftServer(382)) - newRaftServer: s0, group-8E30088DAA34:[s0|rpc:localhost:42763|admin:localhost:40897|client:localhost:39999|dataStream:localhost:43253|priority:0|startupRole:FOLLOWER], format? true
2023-03-28 15:08:23,329 [Time-limited test] TRACE util.FileUtils (FileUtils.java:deleteFully(201)) - deleteFully target/test/data/d2acef73/MiniRaftClusterWithGrpc1e1ad59a/s0
2023-03-28 15:08:23,329 [Time-limited test] TRACE util.FileUtils (FileUtils.java:deleteFully(217)) - deleteFully: target/test/data/d2acef73/MiniRaftClusterWithGrpc1e1ad59a/s0 does not exist.
2023-03-28 15:08:23,329 [Time-limited test] INFO  impl.MiniRaftCluster (MiniRaftCluster.java:newRaftServer(387)) - Formatted directory target/test/data/d2acef73/MiniRaftClusterWithGrpc1e1ad59a/s0
2023-03-28 15:08:23,329 [Time-limited test] INFO  server.RaftServer (ConfUtils.java:logGet(46)) - raft.rpc.type = GRPC (default)
2023-03-28 15:08:23,329 [Time-limited test] INFO  grpc.GrpcConfigKeys (ConfUtils.java:logFallback(53)) - raft.grpc.admin.host = null (fallback to raft.grpc.server.host)
2023-03-28 15:08:23,329 [Time-limited test] INFO  grpc.GrpcConfigKeys (ConfUtils.java:logGet(46)) - raft.grpc.admin.port = 40897 (custom)
2023-03-28 15:08:23,329 [Time-limited test] INFO  grpc.GrpcConfigKeys (ConfUtils.java:logFallback(53)) - raft.grpc.client.host = null (fallback to raft.grpc.server.host)
2023-03-28 15:08:23,329 [Time-limited test] INFO  grpc.GrpcConfigKeys (ConfUtils.java:logGet(46)) - raft.grpc.client.port = 39999 (custom)
2023-03-28 15:08:23,329 [Time-limited test] INFO  grpc.GrpcConfigKeys (ConfUtils.java:logGet(46)) - raft.grpc.server.host = null (default)
2023-03-28 15:08:23,330 [Time-limited test] INFO  grpc.GrpcConfigKeys (ConfUtils.java:logGet(46)) - raft.grpc.server.port = 42763 (custom)
2023-03-28 15:08:23,330 [Time-limited test] INFO  server.GrpcService (ConfUtils.java:logGet(46)) - raft.grpc.message.size.max = 64MB (=67108864) (default)
2023-03-28 15:08:23,330 [Time-limited test] INFO  server.RaftServerConfigKeys (ConfUtils.java:logGet(46)) - raft.server.log.appender.buffer.byte-limit = 4MB (=4194304) (default)
2023-03-28 15:08:23,330 [Time-limited test] INFO  server.GrpcService (ConfUtils.java:logGet(46)) - raft.grpc.flow.control.window = 1MB (=1048576) (default)
2023-03-28 15:08:23,330 [Time-limited test] INFO  server.RaftServerConfigKeys (ConfUtils.java:logGet(46)) - raft.server.rpc.request.timeout = 3000ms (default)
2023-03-28 15:08:23,330 [Time-limited test] INFO  grpc.GrpcConfigKeys (ConfUtils.java:logGet(46)) - raft.grpc.server.heartbeat.channel = true (default)
2023-03-28 15:08:23,330 [Time-limited test] INFO  grpc.GrpcConfigKeys (ConfUtils.java:logGet(46)) - raft.grpc.server.async.request.thread.pool.cached = true (default)
2023-03-28 15:08:23,330 [Time-limited test] INFO  grpc.GrpcConfigKeys (ConfUtils.java:logGet(46)) - raft.grpc.server.async.request.thread.pool.size = 32 (default)
2023-03-28 15:08:23,331 [Time-limited test] INFO  impl.DataStreamServerImpl (ConfUtils.java:logGet(46)) - raft.datastream.type = DISABLED (default)
2023-03-28 15:08:23,334 [Time-limited test] INFO  server.RaftServerConfigKeys (ConfUtils.java:logGet(46)) - raft.server.threadpool.proxy.cached = true (default)
2023-03-28 15:08:23,337 [Time-limited test] INFO  server.RaftServerConfigKeys (ConfUtils.java:logGet(46)) - raft.server.threadpool.proxy.size = 0 (default)
2023-03-28 15:08:23,338 [Time-limited test] INFO  server.RaftServerConfigKeys (ConfUtils.java:logGet(46)) - raft.server.rpc.slowness.timeout = 60s (default)
2023-03-28 15:08:23,338 [Time-limited test] INFO  server.RaftServerConfigKeys (ConfUtils.java:logGet(46)) - raft.server.leaderelection.leader.step-down.wait-time = 10s (default)
2023-03-28 15:08:23,338 [Time-limited test] INFO  server.RaftServerConfigKeys (ConfUtils.java:logGet(46)) - raft.server.storage.dir = [/home/runner/work/ratis/ratis/ratis-test/target/test/data/d2acef73/MiniRaftClusterWithGrpc1e1ad59a/s0] (custom)
2023-03-28 15:08:23,338 [Time-limited test] INFO  server.RaftServer (RaftServerProxy.java:addNew(99)) - s0: addNew group-8E30088DAA34:[s0|rpc:localhost:42763|admin:localhost:40897|client:localhost:39999|dataStream:localhost:43253|priority:0|startupRole:FOLLOWER] returns group-8E30088DAA34:java.util.concurrent.CompletableFuture@1380bf30[Not completed]
2023-03-28 15:08:23,338 [s0-groupManagement] INFO  server.RaftServerConfigKeys (ConfUtils.java:logGet(46)) - raft.server.log.segment.size.max = 8MB (=8388608) (default)
2023-03-28 15:08:23,338 [s0-groupManagement] INFO  server.RaftServerConfigKeys (ConfUtils.java:logGet(46)) - raft.server.log.preallocated.size = 4MB (=4194304) (default)
2023-03-28 15:08:23,339 [s0-groupManagement] INFO  server.RaftServerConfigKeys (ConfUtils.java:logGet(46)) - raft.server.log.write.buffer.size = 64KB (=65536) (default)
2023-03-28 15:08:23,339 [s0-groupManagement] INFO  server.RaftServer$Division (RaftServerImpl.java:<init>(198)) - s0: new RaftServerImpl for group-8E30088DAA34:[s0|rpc:localhost:42763|admin:localhost:40897|client:localhost:39999|dataStream:localhost:43253|priority:0|startupRole:FOLLOWER] with StateMachineWithMultiNestedSnapshotFile:uninitialized
2023-03-28 15:08:23,339 [s0-groupManagement] INFO  server.RaftServerConfigKeys (ConfUtils.java:logGet(46)) - raft.server.rpc.timeout.min = 150ms (default)
2023-03-28 15:08:23,339 [s0-groupManagement] INFO  server.RaftServerConfigKeys (ConfUtils.java:logGet(46)) - raft.server.rpc.timeout.max = 300ms (default)
2023-03-28 15:08:23,339 [s0-groupManagement] INFO  server.RaftServerConfigKeys (ConfUtils.java:logGet(46)) - raft.server.rpc.sleep.time = 25ms (default)
2023-03-28 15:08:23,339 [s0-groupManagement] INFO  server.RaftServerConfigKeys (ConfUtils.java:logGet(46)) - raft.server.rpc.slowness.timeout = 60s (default)
2023-03-28 15:08:23,340 [s0-groupManagement] INFO  server.RaftServerConfigKeys (ConfUtils.java:logGet(46)) - raft.server.leaderelection.leader.step-down.wait-time = 10s (default)
2023-03-28 15:08:23,340 [s0-groupManagement] INFO  server.RaftServerConfigKeys (ConfUtils.java:logGet(46)) - raft.server.sleep.deviation.threshold = 300ms (default)
2023-03-28 15:08:23,340 [s0-groupManagement] INFO  server.RaftServer$Division (ServerState.java:<init>(113)) - s0@group-8E30088DAA34: ConfigurationManager, init=-1: peers:[s0|rpc:localhost:42763|admin:localhost:40897|client:localhost:39999|dataStream:localhost:43253|priority:0|startupRole:FOLLOWER]|listeners:[], old=null, confs=<EMPTY_MAP>
2023-03-28 15:08:23,340 [s0-groupManagement] INFO  server.RaftServerConfigKeys (ConfUtils.java:logGet(46)) - raft.server.notification.no-leader.timeout = 60s (default)
2023-03-28 15:08:23,340 [s0-groupManagement] INFO  server.RaftServerConfigKeys (ConfUtils.java:logGet(46)) - raft.server.read.timeout = 10s (default)
2023-03-28 15:08:23,340 [s0-groupManagement] INFO  server.RaftServerConfigKeys (ConfUtils.java:logGet(46)) - raft.server.retrycache.expirytime = 60s (default)
2023-03-28 15:08:23,340 [s0-groupManagement] INFO  server.RaftServerConfigKeys (ConfUtils.java:logGet(46)) - raft.server.retrycache.statistics.expirytime = 100μs (default)
2023-03-28 15:08:23,340 [s0-groupManagement] INFO  server.RaftServerConfigKeys (ConfUtils.java:logGet(46)) - raft.server.read.option = DEFAULT (default)
2023-03-28 15:08:23,344 [s0-groupManagement] INFO  server.RaftServerConfigKeys (ConfUtils.java:logGet(46)) - raft.server.rpc.request.timeout = 3000ms (default)
2023-03-28 15:08:23,344 [s0-groupManagement] INFO  server.RaftServerConfigKeys (ConfUtils.java:logGet(46)) - raft.server.log.appender.install.snapshot.enabled = true (default)
2023-03-28 15:08:23,344 [s0-groupManagement] INFO  server.RaftServerConfigKeys (ConfUtils.java:logGet(46)) - raft.server.threadpool.server.cached = true (default)
2023-03-28 15:08:23,344 [s0-groupManagement] INFO  server.RaftServerConfigKeys (ConfUtils.java:logGet(46)) - raft.server.threadpool.server.size = 0 (default)
2023-03-28 15:08:23,345 [s0-groupManagement] INFO  server.RaftServerConfigKeys (ConfUtils.java:logGet(46)) - raft.server.threadpool.client.cached = true (default)
2023-03-28 15:08:23,345 [s0-groupManagement] INFO  server.RaftServerConfigKeys (ConfUtils.java:logGet(46)) - raft.server.threadpool.client.size = 0 (default)
2023-03-28 15:08:23,349 [s0-impl-thread1] INFO  server.RaftServerConfigKeys (ConfUtils.java:logGet(46)) - raft.server.storage.free-space.min = 0MB (=0) (default)
2023-03-28 15:08:23,349 [s0-impl-thread1] INFO  server.RaftServerConfigKeys (ConfUtils.java:logGet(46)) - raft.server.log.corruption.policy = EXCEPTION (default)
2023-03-28 15:08:23,349 [s0-impl-thread1] INFO  server.RaftServerConfigKeys (ConfUtils.java:logGet(46)) - raft.server.storage.dir = [/home/runner/work/ratis/ratis/ratis-test/target/test/data/d2acef73/MiniRaftClusterWithGrpc1e1ad59a/s0] (custom)
2023-03-28 15:08:23,349 [s0-impl-thread1] INFO  storage.RaftStorageDirectory (RaftStorageDirectoryImpl.java:analyzeStorage(138)) - The storage directory /home/runner/work/ratis/ratis/ratis-test/target/test/data/d2acef73/MiniRaftClusterWithGrpc1e1ad59a/s0/8ff4356c-c846-4df1-a094-8e30088daa34 does not exist. Creating ...
2023-03-28 15:08:23,350 [s0-impl-thread1] TRACE util.FileUtils (LogUtils.java:runAndLog(49)) - Successfully ran Files.createDirectories /home/runner/work/ratis/ratis/ratis-test/target/test/data/d2acef73/MiniRaftClusterWithGrpc1e1ad59a/s0/8ff4356c-c846-4df1-a094-8e30088daa34
2023-03-28 15:08:23,352 [s0-impl-thread1] INFO  storage.RaftStorageDirectory (RaftStorageDirectoryImpl.java:tryLock(232)) - Lock on /home/runner/work/ratis/ratis/ratis-test/target/test/data/d2acef73/MiniRaftClusterWithGrpc1e1ad59a/s0/8ff4356c-c846-4df1-a094-8e30088daa34/in_use.lock acquired by nodename 18162@fv-az489-275
2023-03-28 15:08:23,352 [s0-impl-thread1] TRACE util.FileUtils (LogUtils.java:runAndLog(49)) - Successfully ran Files.createDirectories /home/runner/work/ratis/ratis/ratis-test/target/test/data/d2acef73/MiniRaftClusterWithGrpc1e1ad59a/s0/8ff4356c-c846-4df1-a094-8e30088daa34/current
2023-03-28 15:08:23,352 [s0-impl-thread1] TRACE util.FileUtils (LogUtils.java:runAndLog(49)) - Successfully ran Files.createDirectories /home/runner/work/ratis/ratis/ratis-test/target/test/data/d2acef73/MiniRaftClusterWithGrpc1e1ad59a/s0/8ff4356c-c846-4df1-a094-8e30088daa34/sm
2023-03-28 15:08:23,353 [s0-impl-thread1] INFO  storage.RaftStorage (RaftStorageImpl.java:format(96)) - Storage directory /home/runner/work/ratis/ratis/ratis-test/target/test/data/d2acef73/MiniRaftClusterWithGrpc1e1ad59a/s0/8ff4356c-c846-4df1-a094-8e30088daa34 has been successfully formatted.
2023-03-28 15:08:23,353 [s0-impl-thread1] INFO  impl.SimpleStateMachine4Testing (SimpleStateMachine4Testing.java:initialize(213)) - Initializing StateMachineWithMultiNestedSnapshotFile:uninitialized
2023-03-28 15:08:23,353 [s0-impl-thread1] INFO  impl.SimpleStateMachine4Testing (SimpleStateMachine4Testing.java:loadSnapshot(293)) - Loading snapshot null
2023-03-28 15:08:23,353 [s0-impl-thread1] INFO  server.RaftServerConfigKeys (ConfUtils.java:logGet(46)) - raft.server.log.use.memory = false (default)
2023-03-28 15:08:23,353 [s0-impl-thread1] INFO  server.RaftServerConfigKeys (ConfUtils.java:logGet(46)) - raft.server.log.purge.gap = 8 (custom)
2023-03-28 15:08:23,353 [s0-impl-thread1] INFO  server.RaftServerConfigKeys (ConfUtils.java:logGet(46)) - raft.server.log.appender.buffer.byte-limit = 4MB (=4194304) (default)
2023-03-28 15:08:23,353 [s0-impl-thread1] INFO  server.RaftServerConfigKeys (ConfUtils.java:logGet(46)) - raft.server.log.statemachine.data.read.timeout = 1000ms (default)
2023-03-28 15:08:23,353 [s0-impl-thread1] INFO  server.RaftServerConfigKeys (ConfUtils.java:logGet(46)) - raft.server.log.purge.preservation.log.num = 0 (default)
2023-03-28 15:08:23,354 [s0-impl-thread1] INFO  server.RaftServerConfigKeys (ConfUtils.java:logGet(46)) - raft.server.log.segment.size.max = 8MB (=8388608) (default)
2023-03-28 15:08:23,354 [s0-impl-thread1] INFO  server.RaftServerConfigKeys (ConfUtils.java:logGet(46)) - raft.server.log.segment.cache.num.max = 6 (default)
2023-03-28 15:08:23,354 [s0-impl-thread1] INFO  server.RaftServerConfigKeys (ConfUtils.java:logGet(46)) - raft.server.log.segment.cache.size.max = 200MB (=209715200) (default)
2023-03-28 15:08:23,354 [s0-impl-thread1] INFO  server.RaftServerConfigKeys (ConfUtils.java:logGet(46)) - raft.server.log.appender.buffer.byte-limit = 4MB (=4194304) (default)
2023-03-28 15:08:23,354 [s0-impl-thread1] INFO  segmented.SegmentedRaftLogWorker (SegmentedRaftLogWorker.java:<init>(183)) - new s0@group-8E30088DAA34-SegmentedRaftLogWorker for RaftStorageImpl:Storage Directory /home/runner/work/ratis/ratis/ratis-test/target/test/data/d2acef73/MiniRaftClusterWithGrpc1e1ad59a/s0/8ff4356c-c846-4df1-a094-8e30088daa34
2023-03-28 15:08:23,354 [s0-impl-thread1] INFO  server.RaftServerConfigKeys (ConfUtils.java:logGet(46)) - raft.server.log.queue.byte-limit = 64MB (=67108864) (default)
2023-03-28 15:08:23,354 [s0-impl-thread1] INFO  server.RaftServerConfigKeys (ConfUtils.java:logGet(46)) - raft.server.log.queue.element-limit = 4096 (default)
2023-03-28 15:08:23,354 [s0-impl-thread1] INFO  server.RaftServerConfigKeys (ConfUtils.java:logGet(46)) - raft.server.log.segment.size.max = 8MB (=8388608) (default)
2023-03-28 15:08:23,354 [s0-impl-thread1] INFO  server.RaftServerConfigKeys (ConfUtils.java:logGet(46)) - raft.server.log.preallocated.size = 4MB (=4194304) (default)
2023-03-28 15:08:23,354 [s0-impl-thread1] INFO  server.RaftServerConfigKeys (ConfUtils.java:logGet(46)) - raft.server.log.force.sync.num = 128 (default)
2023-03-28 15:08:23,354 [s0-impl-thread1] INFO  server.RaftServerConfigKeys (ConfUtils.java:logGet(46)) - raft.server.log.statemachine.data.sync = true (default)
2023-03-28 15:08:23,354 [s0-impl-thread1] INFO  server.RaftServerConfigKeys (ConfUtils.java:logGet(46)) - raft.server.log.statemachine.data.sync.timeout = 10s (default)
2023-03-28 15:08:23,354 [s0-impl-thread1] INFO  server.RaftServerConfigKeys (ConfUtils.java:logGet(46)) - raft.server.log.statemachine.data.sync.timeout.retry = -1 (default)
2023-03-28 15:08:23,355 [s0-impl-thread1] INFO  server.RaftServerConfigKeys (ConfUtils.java:logGet(46)) - raft.server.log.write.buffer.size = 64KB (=65536) (default)
2023-03-28 15:08:23,355 [s0-impl-thread1] INFO  server.RaftServerConfigKeys (ConfUtils.java:logGet(46)) - raft.server.log.appender.buffer.byte-limit = 4MB (=4194304) (default)
2023-03-28 15:08:23,355 [s0-impl-thread1] INFO  server.RaftServerConfigKeys (ConfUtils.java:logGet(46)) - raft.server.log.unsafe-flush.enabled = false (default)
2023-03-28 15:08:23,355 [s0-impl-thread1] INFO  server.RaftServerConfigKeys (ConfUtils.java:logGet(46)) - raft.server.log.async-flush.enabled = false (default)
2023-03-28 15:08:23,355 [s0-impl-thread1] INFO  server.RaftServerConfigKeys (ConfUtils.java:logGet(46)) - raft.server.log.statemachine.data.caching.enabled = false (default)
2023-03-28 15:08:23,355 [s0-impl-thread1] INFO  segmented.SegmentedRaftLogWorker (SegmentedRaftLogWorker.java:lambda$new$0(134)) - s0@group-8E30088DAA34-SegmentedRaftLogWorker: flushIndex: setUnconditionally 0 -> -1
2023-03-28 15:08:23,355 [s0-impl-thread1] INFO  segmented.SegmentedRaftLogWorker (SegmentedRaftLogWorker.java:lambda$new$0(134)) - s0@group-8E30088DAA34-SegmentedRaftLogWorker: safeCacheEvictIndex: setUnconditionally 0 -> -1
2023-03-28 15:08:23,360 [s0-impl-thread1] INFO  server.RaftServer$Division (RaftServerImpl.java:start(342)) - s0@group-8E30088DAA34: start as a follower, conf=-1: peers:[s0|rpc:localhost:42763|admin:localhost:40897|client:localhost:39999|dataStream:localhost:43253|priority:0|startupRole:FOLLOWER]|listeners:[], old=null
2023-03-28 15:08:23,360 [s0-impl-thread1] INFO  server.RaftServer$Division (RaftServerImpl.java:setRole(329)) - s0@group-8E30088DAA34: changes role from      null to FOLLOWER at term 0 for startAsFollower
2023-03-28 15:08:23,360 [s0-impl-thread1] INFO  impl.RoleInfo (RoleInfo.java:updateAndGet(139)) - s0: start s0@group-8E30088DAA34-FollowerState
2023-03-28 15:08:23,364 [s0-impl-thread1] INFO  util.JmxRegister (JmxRegister.java:tryRegister(44)) - Successfully registered JMX Bean with object name Ratis:service=RaftServer,group=group-8E30088DAA34,id=s0
2023-03-28 15:08:23,364 [s0-impl-thread1] INFO  server.RaftServerConfigKeys (ConfUtils.java:logGet(46)) - raft.server.snapshot.auto.trigger.enabled = true (custom)
2023-03-28 15:08:23,364 [s0-impl-thread1] INFO  server.RaftServerConfigKeys (ConfUtils.java:logGet(46)) - raft.server.snapshot.auto.trigger.threshold = 64 (custom)
2023-03-28 15:08:23,364 [s0-impl-thread1] INFO  server.RaftServerConfigKeys (ConfUtils.java:logGet(46)) - raft.server.snapshot.retention.file.num = -1 (default)
2023-03-28 15:08:23,364 [s0-impl-thread1] INFO  server.RaftServerConfigKeys (ConfUtils.java:logGet(46)) - raft.server.log.purge.upto.snapshot.index = false (default)
2023-03-28 15:08:23,372 [Time-limited test] INFO  server.RaftServer (RaftServerProxy.java:startImpl(401)) - s0: start RPC server
2023-03-28 15:08:23,372 [s0@group-8E30088DAA34-FollowerState] INFO  server.RaftServerConfigKeys (ConfUtils.java:logFallback(53)) - raft.server.rpc.first-election.timeout.min = 150ms (fallback to raft.server.rpc.timeout.min)
2023-03-28 15:08:23,372 [s0@group-8E30088DAA34-FollowerState] INFO  server.RaftServerConfigKeys (ConfUtils.java:logFallback(53)) - raft.server.rpc.first-election.timeout.max = 300ms (fallback to raft.server.rpc.timeout.max)
2023-03-28 15:08:23,389 [Time-limited test] INFO  server.GrpcService (GrpcService.java:startImpl(302)) - s0: GrpcService started, listening on 39999
2023-03-28 15:08:23,390 [Time-limited test] INFO  server.GrpcService (GrpcService.java:startImpl(302)) - s0: GrpcService started, listening on 42763
2023-03-28 15:08:23,390 [Time-limited test] INFO  server.GrpcService (GrpcService.java:startImpl(302)) - s0: GrpcService started, listening on 40897
2023-03-28 15:08:23,391 [JvmPauseMonitor6] INFO  util.JvmPauseMonitor (JvmPauseMonitor.java:run(103)) - JvmPauseMonitor-s0: Started
2023-03-28 15:08:23,391 [Time-limited test] INFO  server.RaftServerConfigKeys (ConfUtils.java:logGet(46)) - raft.server.rpc.timeout.max = 300ms (default)
2023-03-28 15:08:23,391 [Time-limited test] INFO  ratis.RaftTestUtil (RaftTestUtil.java:waitForLeader(100)) - printing ALL groups
  s0:  RUNNING  FOLLOWER s0@group-8E30088DAA34:t0, leader=null, voted=, raftlog=Memoized:s0@group-8E30088DAA34-SegmentedRaftLog:OPENED:c-1, conf=-1: peers:[s0|rpc:localhost:42763|admin:localhost:40897|client:localhost:39999|dataStream:localhost:43253|priority:0|startupRole:FOLLOWER]|listeners:[], old=null RUNNING
2023-03-28 15:08:23,395 [Time-limited test] WARN  ratis.RaftTestUtil (JavaUtils.java:attempt(217)) - FAILED "waitForLeader-null-(expectLeader? true)", attempt #1/100: java.lang.IllegalStateException: No leader yet : printing ALL groups
  s0:  RUNNING  FOLLOWER s0@group-8E30088DAA34:t0, leader=null, voted=, raftlog=Memoized:s0@group-8E30088DAA34-SegmentedRaftLog:OPENED:c-1, conf=-1: peers:[s0|rpc:localhost:42763|admin:localhost:40897|client:localhost:39999|dataStream:localhost:43253|priority:0|startupRole:FOLLOWER]|listeners:[], old=null RUNNING, sleep 450ms and then retry.
java.lang.IllegalStateException: No leader yet : printing ALL groups
  s0:  RUNNING  FOLLOWER s0@group-8E30088DAA34:t0, leader=null, voted=, raftlog=Memoized:s0@group-8E30088DAA34-SegmentedRaftLog:OPENED:c-1, conf=-1: peers:[s0|rpc:localhost:42763|admin:localhost:40897|client:localhost:39999|dataStream:localhost:43253|priority:0|startupRole:FOLLOWER]|listeners:[], old=null RUNNING
	at org.apache.ratis.server.impl.MiniRaftCluster.newIllegalStateExceptionForNoLeaders(MiniRaftCluster.java:581)
	at org.apache.ratis.RaftTestUtil.lambda$waitForLeader$1(RaftTestUtil.java:104)
	at org.apache.ratis.server.impl.MiniRaftCluster.getLeader(MiniRaftCluster.java:615)
	at org.apache.ratis.server.impl.MiniRaftCluster.getLeader(MiniRaftCluster.java:608)
	at org.apache.ratis.RaftTestUtil.lambda$waitForLeader$3(RaftTestUtil.java:112)
	at org.apache.ratis.util.JavaUtils.attempt(JavaUtils.java:211)
	at org.apache.ratis.util.JavaUtils.attemptRepeatedly(JavaUtils.java:197)
	at org.apache.ratis.RaftTestUtil.waitForLeader(RaftTestUtil.java:111)
	at org.apache.ratis.RaftTestUtil.waitForLeader(RaftTestUtil.java:92)
	at org.apache.ratis.RaftTestUtil.waitForLeader(RaftTestUtil.java:87)
	at org.apache.ratis.InstallSnapshotFromLeaderTests.testMultiFileInstallSnapshot(InstallSnapshotFromLeaderTests.java:92)
	at org.apache.ratis.server.impl.MiniRaftCluster$Factory$Get.runWithNewCluster(MiniRaftCluster.java:141)
	at org.apache.ratis.server.impl.MiniRaftCluster$Factory$Get.runWithNewCluster(MiniRaftCluster.java:121)
	at org.apache.ratis.InstallSnapshotFromLeaderTests.testMultiFileInstallSnapshot(InstallSnapshotFromLeaderTests.java:79)
	at java.base/jdk.internal.reflect.NativeMethodAccessorImpl.invoke0(Native Method)
	at java.base/jdk.internal.reflect.NativeMethodAccessorImpl.invoke(NativeMethodAccessorImpl.java:62)
	at java.base/jdk.internal.reflect.DelegatingMethodAccessorImpl.invoke(DelegatingMethodAccessorImpl.java:43)
	at java.base/java.lang.reflect.Method.invoke(Method.java:566)
	at org.junit.runners.model.FrameworkMethod$1.runReflectiveCall(FrameworkMethod.java:59)
	at org.junit.internal.runners.model.ReflectiveCallable.run(ReflectiveCallable.java:12)
	at org.junit.runners.model.FrameworkMethod.invokeExplosively(FrameworkMethod.java:56)
	at org.junit.internal.runners.statements.InvokeMethod.evaluate(InvokeMethod.java:17)
	at org.junit.internal.runners.statements.RunAfters.evaluate(RunAfters.java:27)
	at org.junit.internal.runners.statements.FailOnTimeout$CallableStatement.call(FailOnTimeout.java:299)
	at org.junit.internal.runners.statements.FailOnTimeout$CallableStatement.call(FailOnTimeout.java:293)
	at java.base/java.util.concurrent.FutureTask.run(FutureTask.java:264)
	at java.base/java.lang.Thread.run(Thread.java:829)
2023-03-28 15:08:23,604 [s0@group-8E30088DAA34-FollowerState] INFO  impl.FollowerState (FollowerState.java:run(143)) - s0@group-8E30088DAA34-FollowerState: change to CANDIDATE, lastRpcElapsedTime:244561865ns, electionTimeout:232ms
2023-03-28 15:08:23,605 [s0@group-8E30088DAA34-FollowerState] INFO  impl.RoleInfo (RoleInfo.java:shutdownFollowerState(110)) - s0: shutdown s0@group-8E30088DAA34-FollowerState
2023-03-28 15:08:23,605 [s0@group-8E30088DAA34-FollowerState] INFO  server.RaftServer$Division (RaftServerImpl.java:setRole(329)) - s0@group-8E30088DAA34: changes role from  FOLLOWER to CANDIDATE at term 0 for changeToCandidate
2023-03-28 15:08:23,605 [s0@group-8E30088DAA34-FollowerState] INFO  server.RaftServerConfigKeys (ConfUtils.java:logGet(46)) - raft.server.leaderelection.pre-vote = true (default)
2023-03-28 15:08:23,605 [s0@group-8E30088DAA34-FollowerState] INFO  impl.RoleInfo (RoleInfo.java:updateAndGet(139)) - s0: start s0@group-8E30088DAA34-LeaderElection3
2023-03-28 15:08:23,611 [s0@group-8E30088DAA34-LeaderElection3] INFO  impl.LeaderElection (LeaderElection.java:askForVotes(320)) - s0@group-8E30088DAA34-LeaderElection3 PRE_VOTE round 0: submit vote requests at term 0 for -1: peers:[s0|rpc:localhost:42763|admin:localhost:40897|client:localhost:39999|dataStream:localhost:43253|priority:0|startupRole:FOLLOWER]|listeners:[], old=null
2023-03-28 15:08:23,612 [s0@group-8E30088DAA34-LeaderElection3] INFO  impl.LeaderElection (LeaderElection.java:askForVotes(322)) - s0@group-8E30088DAA34-LeaderElection3 PRE_VOTE round 0: result PASSED (term=0)
2023-03-28 15:08:23,616 [s0@group-8E30088DAA34-LeaderElection3] INFO  impl.LeaderElection (LeaderElection.java:askForVotes(320)) - s0@group-8E30088DAA34-LeaderElection3 ELECTION round 0: submit vote requests at term 1 for -1: peers:[s0|rpc:localhost:42763|admin:localhost:40897|client:localhost:39999|dataStream:localhost:43253|priority:0|startupRole:FOLLOWER]|listeners:[], old=null
2023-03-28 15:08:23,616 [s0@group-8E30088DAA34-LeaderElection3] INFO  impl.LeaderElection (LeaderElection.java:askForVotes(322)) - s0@group-8E30088DAA34-LeaderElection3 ELECTION round 0: result PASSED (term=1)
2023-03-28 15:08:23,616 [s0@group-8E30088DAA34-LeaderElection3] INFO  impl.RoleInfo (RoleInfo.java:shutdownLeaderElection(130)) - s0: shutdown s0@group-8E30088DAA34-LeaderElection3
2023-03-28 15:08:23,616 [s0@group-8E30088DAA34-LeaderElection3] INFO  server.RaftServer$Division (RaftServerImpl.java:setRole(329)) - s0@group-8E30088DAA34: changes role from CANDIDATE to LEADER at term 1 for changeToLeader
2023-03-28 15:08:23,616 [s0@group-8E30088DAA34-LeaderElection3] INFO  server.RaftServer$Division (ServerState.java:setLeader(260)) - s0@group-8E30088DAA34: change Leader from null to s0 at term 1 for becomeLeader, leader elected after 276ms
2023-03-28 15:08:23,617 [s0@group-8E30088DAA34-LeaderElection3] INFO  server.RaftServerConfigKeys (ConfUtils.java:logGet(46)) - raft.server.staging.catchup.gap = 1000 (default)
2023-03-28 15:08:23,617 [s0@group-8E30088DAA34-LeaderElection3] INFO  server.RaftServerConfigKeys (ConfUtils.java:logGet(46)) - raft.server.write.element-limit = 4096 (default)
2023-03-28 15:08:23,617 [s0@group-8E30088DAA34-LeaderElection3] INFO  server.RaftServerConfigKeys (ConfUtils.java:logGet(46)) - raft.server.write.byte-limit = 64MB (=67108864) (default)
2023-03-28 15:08:23,617 [s0@group-8E30088DAA34-LeaderElection3] INFO  server.RaftServerConfigKeys (ConfUtils.java:logGet(46)) - raft.server.watch.timeout = 10s (default)
2023-03-28 15:08:23,617 [s0@group-8E30088DAA34-LeaderElection3] INFO  server.RaftServerConfigKeys (ConfUtils.java:logGet(46)) - raft.server.watch.timeout.denomination = 1s (default)
2023-03-28 15:08:23,617 [s0@group-8E30088DAA34-LeaderElection3] INFO  server.RaftServerConfigKeys (ConfUtils.java:logGet(46)) - raft.server.watch.element-limit = 65536 (default)
2023-03-28 15:08:23,617 [s0@group-8E30088DAA34-LeaderElection3] INFO  server.RaftServerConfigKeys (ConfUtils.java:logGet(46)) - raft.server.write.element-limit = 4096 (default)
2023-03-28 15:08:23,617 [s0@group-8E30088DAA34-LeaderElection3] INFO  server.RaftServerConfigKeys (ConfUtils.java:logGet(46)) - raft.server.write.follower.gap.ratio.max = -1.0 (default)
2023-03-28 15:08:23,617 [s0@group-8E30088DAA34-LeaderElection3] INFO  impl.RoleInfo (RoleInfo.java:updateAndGet(139)) - s0: start s0@group-8E30088DAA34-LeaderStateImpl
2023-03-28 15:08:23,618 [s0@group-8E30088DAA34-LeaderElection3] INFO  segmented.SegmentedRaftLogWorker (SegmentedRaftLogWorker.java:startLogSegment(426)) - s0@group-8E30088DAA34-SegmentedRaftLogWorker: Starting segment from index:0
2023-03-28 15:08:23,623 [s0@group-8E30088DAA34-LeaderElection3] INFO  server.RaftServer$Division (ServerState.java:setRaftConf(377)) - s0@group-8E30088DAA34: set configuration 0: peers:[s0|rpc:localhost:42763|admin:localhost:40897|client:localhost:39999|dataStream:localhost:43253|priority:0|startupRole:FOLLOWER]|listeners:[], old=null
2023-03-28 15:08:23,628 [s0@group-8E30088DAA34-SegmentedRaftLogWorker] INFO  segmented.SegmentedRaftLogWorker (SegmentedRaftLogWorker.java:execute(630)) - s0@group-8E30088DAA34-SegmentedRaftLogWorker: created new log segment /home/runner/work/ratis/ratis/ratis-test/target/test/data/d2acef73/MiniRaftClusterWithGrpc1e1ad59a/s0/8ff4356c-c846-4df1-a094-8e30088daa34/current/log_inprogress_0
2023-03-28 15:08:23,846 [Time-limited test] INFO  ratis.RaftTestUtil (RaftTestUtil.java:waitForLeader(119)) - printing ALL groups
  s0:  RUNNING    LEADER s0@group-8E30088DAA34:t1, leader=s0, voted=s0, raftlog=Memoized:s0@group-8E30088DAA34-SegmentedRaftLog:OPENED:c0, conf=0: peers:[s0|rpc:localhost:42763|admin:localhost:40897|client:localhost:39999|dataStream:localhost:43253|priority:0|startupRole:FOLLOWER]|listeners:[], old=null RUNNING
2023-03-28 15:08:23,866 [s0@group-8E30088DAA34-StateMachineUpdater] INFO  impl.SimpleStateMachine4Testing (SimpleStateMachine4Testing.java:put(205)) - s0: put 1, m0 -> (t:1, i:1), STATEMACHINELOGENTRY, 258@client-0F1BF4C2F21A
2023-03-28 15:08:23,875 [s0@group-8E30088DAA34-StateMachineUpdater] INFO  impl.SimpleStateMachine4Testing (SimpleStateMachine4Testing.java:put(205)) - s0: put 3, m1 -> (t:1, i:3), STATEMACHINELOGENTRY, 259@client-0F1BF4C2F21A
2023-03-28 15:08:23,879 [s0@group-8E30088DAA34-StateMachineUpdater] INFO  impl.SimpleStateMachine4Testing (SimpleStateMachine4Testing.java:put(205)) - s0: put 5, m2 -> (t:1, i:5), STATEMACHINELOGENTRY, 260@client-0F1BF4C2F21A
2023-03-28 15:08:23,882 [s0@group-8E30088DAA34-StateMachineUpdater] INFO  impl.SimpleStateMachine4Testing (SimpleStateMachine4Testing.java:put(205)) - s0: put 7, m3 -> (t:1, i:7), STATEMACHINELOGENTRY, 261@client-0F1BF4C2F21A
2023-03-28 15:08:23,884 [s0@group-8E30088DAA34-StateMachineUpdater] INFO  impl.SimpleStateMachine4Testing (SimpleStateMachine4Testing.java:put(205)) - s0: put 9, m4 -> (t:1, i:9), STATEMACHINELOGENTRY, 262@client-0F1BF4C2F21A
2023-03-28 15:08:23,887 [s0@group-8E30088DAA34-StateMachineUpdater] INFO  impl.SimpleStateMachine4Testing (SimpleStateMachine4Testing.java:put(205)) - s0: put 11, m5 -> (t:1, i:11), STATEMACHINELOGENTRY, 263@client-0F1BF4C2F21A
2023-03-28 15:08:23,890 [s0@group-8E30088DAA34-StateMachineUpdater] INFO  impl.SimpleStateMachine4Testing (SimpleStateMachine4Testing.java:put(205)) - s0: put 13, m6 -> (t:1, i:13), STATEMACHINELOGENTRY, 264@client-0F1BF4C2F21A
2023-03-28 15:08:23,893 [s0@group-8E30088DAA34-StateMachineUpdater] INFO  impl.SimpleStateMachine4Testing (SimpleStateMachine4Testing.java:put(205)) - s0: put 15, m7 -> (t:1, i:15), STATEMACHINELOGENTRY, 265@client-0F1BF4C2F21A
2023-03-28 15:08:23,895 [s0@group-8E30088DAA34-StateMachineUpdater] INFO  impl.SimpleStateMachine4Testing (SimpleStateMachine4Testing.java:put(205)) - s0: put 17, m8 -> (t:1, i:17), STATEMACHINELOGENTRY, 266@client-0F1BF4C2F21A
2023-03-28 15:08:23,897 [s0@group-8E30088DAA34-StateMachineUpdater] INFO  impl.SimpleStateMachine4Testing (SimpleStateMachine4Testing.java:put(205)) - s0: put 19, m9 -> (t:1, i:19), STATEMACHINELOGENTRY, 267@client-0F1BF4C2F21A
2023-03-28 15:08:23,899 [s0@group-8E30088DAA34-StateMachineUpdater] INFO  impl.SimpleStateMachine4Testing (SimpleStateMachine4Testing.java:put(205)) - s0: put 21, m10 -> (t:1, i:21), STATEMACHINELOGENTRY, 268@client-0F1BF4C2F21A
2023-03-28 15:08:23,901 [s0@group-8E30088DAA34-StateMachineUpdater] INFO  impl.SimpleStateMachine4Testing (SimpleStateMachine4Testing.java:put(205)) - s0: put 23, m11 -> (t:1, i:23), STATEMACHINELOGENTRY, 269@client-0F1BF4C2F21A
2023-03-28 15:08:23,903 [s0@group-8E30088DAA34-StateMachineUpdater] INFO  impl.SimpleStateMachine4Testing (SimpleStateMachine4Testing.java:put(205)) - s0: put 25, m12 -> (t:1, i:25), STATEMACHINELOGENTRY, 270@client-0F1BF4C2F21A
2023-03-28 15:08:23,906 [s0@group-8E30088DAA34-StateMachineUpdater] INFO  impl.SimpleStateMachine4Testing (SimpleStateMachine4Testing.java:put(205)) - s0: put 27, m13 -> (t:1, i:27), STATEMACHINELOGENTRY, 271@client-0F1BF4C2F21A
2023-03-28 15:08:23,909 [s0@group-8E30088DAA34-StateMachineUpdater] INFO  impl.SimpleStateMachine4Testing (SimpleStateMachine4Testing.java:put(205)) - s0: put 29, m14 -> (t:1, i:29), STATEMACHINELOGENTRY, 272@client-0F1BF4C2F21A
2023-03-28 15:08:23,911 [s0@group-8E30088DAA34-StateMachineUpdater] INFO  impl.SimpleStateMachine4Testing (SimpleStateMachine4Testing.java:put(205)) - s0: put 31, m15 -> (t:1, i:31), STATEMACHINELOGENTRY, 273@client-0F1BF4C2F21A
2023-03-28 15:08:23,913 [s0@group-8E30088DAA34-StateMachineUpdater] INFO  impl.SimpleStateMachine4Testing (SimpleStateMachine4Testing.java:put(205)) - s0: put 33, m16 -> (t:1, i:33), STATEMACHINELOGENTRY, 274@client-0F1BF4C2F21A
2023-03-28 15:08:23,915 [s0@group-8E30088DAA34-StateMachineUpdater] INFO  impl.SimpleStateMachine4Testing (SimpleStateMachine4Testing.java:put(205)) - s0: put 35, m17 -> (t:1, i:35), STATEMACHINELOGENTRY, 275@client-0F1BF4C2F21A
2023-03-28 15:08:23,917 [s0@group-8E30088DAA34-StateMachineUpdater] INFO  impl.SimpleStateMachine4Testing (SimpleStateMachine4Testing.java:put(205)) - s0: put 37, m18 -> (t:1, i:37), STATEMACHINELOGENTRY, 276@client-0F1BF4C2F21A
2023-03-28 15:08:23,920 [s0@group-8E30088DAA34-StateMachineUpdater] INFO  impl.SimpleStateMachine4Testing (SimpleStateMachine4Testing.java:put(205)) - s0: put 39, m19 -> (t:1, i:39), STATEMACHINELOGENTRY, 277@client-0F1BF4C2F21A
2023-03-28 15:08:23,922 [s0@group-8E30088DAA34-StateMachineUpdater] INFO  impl.SimpleStateMachine4Testing (SimpleStateMachine4Testing.java:put(205)) - s0: put 41, m20 -> (t:1, i:41), STATEMACHINELOGENTRY, 278@client-0F1BF4C2F21A
2023-03-28 15:08:23,924 [s0@group-8E30088DAA34-StateMachineUpdater] INFO  impl.SimpleStateMachine4Testing (SimpleStateMachine4Testing.java:put(205)) - s0: put 43, m21 -> (t:1, i:43), STATEMACHINELOGENTRY, 279@client-0F1BF4C2F21A
2023-03-28 15:08:23,926 [s0@group-8E30088DAA34-StateMachineUpdater] INFO  impl.SimpleStateMachine4Testing (SimpleStateMachine4Testing.java:put(205)) - s0: put 45, m22 -> (t:1, i:45), STATEMACHINELOGENTRY, 280@client-0F1BF4C2F21A
2023-03-28 15:08:23,928 [s0@group-8E30088DAA34-StateMachineUpdater] INFO  impl.SimpleStateMachine4Testing (SimpleStateMachine4Testing.java:put(205)) - s0: put 47, m23 -> (t:1, i:47), STATEMACHINELOGENTRY, 281@client-0F1BF4C2F21A
2023-03-28 15:08:23,930 [s0@group-8E30088DAA34-StateMachineUpdater] INFO  impl.SimpleStateMachine4Testing (SimpleStateMachine4Testing.java:put(205)) - s0: put 49, m24 -> (t:1, i:49), STATEMACHINELOGENTRY, 282@client-0F1BF4C2F21A
2023-03-28 15:08:23,933 [s0@group-8E30088DAA34-StateMachineUpdater] INFO  impl.SimpleStateMachine4Testing (SimpleStateMachine4Testing.java:put(205)) - s0: put 51, m25 -> (t:1, i:51), STATEMACHINELOGENTRY, 283@client-0F1BF4C2F21A
2023-03-28 15:08:23,935 [s0@group-8E30088DAA34-StateMachineUpdater] INFO  impl.SimpleStateMachine4Testing (SimpleStateMachine4Testing.java:put(205)) - s0: put 53, m26 -> (t:1, i:53), STATEMACHINELOGENTRY, 284@client-0F1BF4C2F21A
2023-03-28 15:08:23,940 [s0@group-8E30088DAA34-StateMachineUpdater] INFO  impl.SimpleStateMachine4Testing (SimpleStateMachine4Testing.java:put(205)) - s0: put 55, m27 -> (t:1, i:55), STATEMACHINELOGENTRY, 285@client-0F1BF4C2F21A
2023-03-28 15:08:23,946 [s0@group-8E30088DAA34-StateMachineUpdater] INFO  impl.SimpleStateMachine4Testing (SimpleStateMachine4Testing.java:put(205)) - s0: put 57, m28 -> (t:1, i:57), STATEMACHINELOGENTRY, 286@client-0F1BF4C2F21A
2023-03-28 15:08:23,949 [s0@group-8E30088DAA34-StateMachineUpdater] INFO  impl.SimpleStateMachine4Testing (SimpleStateMachine4Testing.java:put(205)) - s0: put 59, m29 -> (t:1, i:59), STATEMACHINELOGENTRY, 287@client-0F1BF4C2F21A
2023-03-28 15:08:23,951 [s0@group-8E30088DAA34-StateMachineUpdater] INFO  impl.SimpleStateMachine4Testing (SimpleStateMachine4Testing.java:put(205)) - s0: put 61, m30 -> (t:1, i:61), STATEMACHINELOGENTRY, 288@client-0F1BF4C2F21A
2023-03-28 15:08:23,954 [s0@group-8E30088DAA34-StateMachineUpdater] INFO  impl.SimpleStateMachine4Testing (SimpleStateMachine4Testing.java:put(205)) - s0: put 63, m31 -> (t:1, i:63), STATEMACHINELOGENTRY, 289@client-0F1BF4C2F21A
2023-03-28 15:08:23,954 [s0@group-8E30088DAA34-StateMachineUpdater] TRACE util.FileUtils (LogUtils.java:runAndLog(49)) - Successfully ran Files.createDirectories /home/runner/work/ratis/ratis/ratis-test/target/test/data/d2acef73/MiniRaftClusterWithGrpc1e1ad59a/s0/8ff4356c-c846-4df1-a094-8e30088daa34/sm/snapshot
2023-03-28 15:08:23,954 [s0@group-8E30088DAA34-StateMachineUpdater] TRACE util.FileUtils (LogUtils.java:runAndLog(49)) - Successfully ran Files.createDirectories /home/runner/work/ratis/ratis/ratis-test/target/test/data/d2acef73/MiniRaftClusterWithGrpc1e1ad59a/s0/8ff4356c-c846-4df1-a094-8e30088daa34/sm/snapshot
2023-03-28 15:08:23,954 [s0@group-8E30088DAA34-StateMachineUpdater] TRACE util.FileUtils (LogUtils.java:runAndLog(49)) - Successfully ran Files.createDirectories /home/runner/work/ratis/ratis/ratis-test/target/test/data/d2acef73/MiniRaftClusterWithGrpc1e1ad59a/s0/8ff4356c-c846-4df1-a094-8e30088daa34/sm/snapshot/sub
2023-03-28 15:08:23,954 [s0@group-8E30088DAA34-StateMachineUpdater] TRACE util.FileUtils (LogUtils.java:supplyAndLog(70)) - Successfully supplied Files.newOutputStream CREATE_NEW /home/runner/work/ratis/ratis/ratis-test/target/test/data/d2acef73/MiniRaftClusterWithGrpc1e1ad59a/s0/8ff4356c-c846-4df1-a094-8e30088daa34/sm/snapshot/1.bin: java.nio.channels.Channels$1@3348f428
2023-03-28 15:08:23,954 [s0@group-8E30088DAA34-StateMachineUpdater] TRACE util.FileUtils (LogUtils.java:supplyAndLog(70)) - Successfully supplied Files.newOutputStream CREATE_NEW /home/runner/work/ratis/ratis/ratis-test/target/test/data/d2acef73/MiniRaftClusterWithGrpc1e1ad59a/s0/8ff4356c-c846-4df1-a094-8e30088daa34/sm/snapshot/sub/2.bin: java.nio.channels.Channels$1@37777699
2023-03-28 15:08:23,964 [s0@group-8E30088DAA34-StateMachineUpdater] INFO  impl.StateMachineUpdater (StateMachineUpdater.java:takeSnapshot(290)) - s0@group-8E30088DAA34-StateMachineUpdater: Took a snapshot at index 63
2023-03-28 15:08:23,964 [s0@group-8E30088DAA34-StateMachineUpdater] INFO  impl.StateMachineUpdater (StateMachineUpdater.java:lambda$new$0(96)) - s0@group-8E30088DAA34-StateMachineUpdater: snapshotIndex: updateIncreasingly -1 -> 63
2023-03-28 15:08:23,964 [s0@group-8E30088DAA34-StateMachineUpdater] INFO  raftlog.RaftLog (RaftLogBase.java:purge(314)) - s0@group-8E30088DAA34-SegmentedRaftLog: purge 63
2023-03-28 15:08:23,964 [s0@group-8E30088DAA34-StateMachineUpdater] INFO  raftlog.RaftLog (RaftLogBase.java:lambda$new$0(53)) - s0@group-8E30088DAA34-SegmentedRaftLog: snapshotIndex: updateIncreasingly -1 -> 63
2023-03-28 15:08:23,964 [s0@group-8E30088DAA34-StateMachineUpdater] INFO  raftlog.RaftLog (RaftLogBase.java:lambda$new$0(53)) - s0@group-8E30088DAA34-SegmentedRaftLog: purgeIndex: updateToMax old=-1, new=63, updated? true
2023-03-28 15:08:23,964 [s0@group-8E30088DAA34-StateMachineUpdater] INFO  impl.SimpleStateMachine4Testing (SimpleStateMachine4Testing.java:put(205)) - s0: put 65, m32 -> (t:1, i:65), STATEMACHINELOGENTRY, 290@client-0F1BF4C2F21A
2023-03-28 15:08:23,967 [s0@group-8E30088DAA34-StateMachineUpdater] INFO  impl.SimpleStateMachine4Testing (SimpleStateMachine4Testing.java:put(205)) - s0: put 67, m33 -> (t:1, i:67), STATEMACHINELOGENTRY, 291@client-0F1BF4C2F21A
2023-03-28 15:08:23,969 [s0@group-8E30088DAA34-StateMachineUpdater] INFO  impl.SimpleStateMachine4Testing (SimpleStateMachine4Testing.java:put(205)) - s0: put 69, m34 -> (t:1, i:69), STATEMACHINELOGENTRY, 292@client-0F1BF4C2F21A
2023-03-28 15:08:23,972 [s0@group-8E30088DAA34-StateMachineUpdater] INFO  impl.SimpleStateMachine4Testing (SimpleStateMachine4Testing.java:put(205)) - s0: put 71, m35 -> (t:1, i:71), STATEMACHINELOGENTRY, 293@client-0F1BF4C2F21A
2023-03-28 15:08:23,974 [s0@group-8E30088DAA34-StateMachineUpdater] INFO  impl.SimpleStateMachine4Testing (SimpleStateMachine4Testing.java:put(205)) - s0: put 73, m36 -> (t:1, i:73), STATEMACHINELOGENTRY, 294@client-0F1BF4C2F21A
2023-03-28 15:08:23,976 [s0@group-8E30088DAA34-StateMachineUpdater] INFO  impl.SimpleStateMachine4Testing (SimpleStateMachine4Testing.java:put(205)) - s0: put 75, m37 -> (t:1, i:75), STATEMACHINELOGENTRY, 295@client-0F1BF4C2F21A
2023-03-28 15:08:23,978 [s0@group-8E30088DAA34-StateMachineUpdater] INFO  impl.SimpleStateMachine4Testing (SimpleStateMachine4Testing.java:put(205)) - s0: put 77, m38 -> (t:1, i:77), STATEMACHINELOGENTRY, 296@client-0F1BF4C2F21A
2023-03-28 15:08:23,981 [s0@group-8E30088DAA34-StateMachineUpdater] INFO  impl.SimpleStateMachine4Testing (SimpleStateMachine4Testing.java:put(205)) - s0: put 79, m39 -> (t:1, i:79), STATEMACHINELOGENTRY, 297@client-0F1BF4C2F21A
2023-03-28 15:08:23,983 [s0@group-8E30088DAA34-StateMachineUpdater] INFO  impl.SimpleStateMachine4Testing (SimpleStateMachine4Testing.java:put(205)) - s0: put 81, m40 -> (t:1, i:81), STATEMACHINELOGENTRY, 298@client-0F1BF4C2F21A
2023-03-28 15:08:23,985 [s0@group-8E30088DAA34-StateMachineUpdater] INFO  impl.SimpleStateMachine4Testing (SimpleStateMachine4Testing.java:put(205)) - s0: put 83, m41 -> (t:1, i:83), STATEMACHINELOGENTRY, 299@client-0F1BF4C2F21A
2023-03-28 15:08:23,987 [s0@group-8E30088DAA34-StateMachineUpdater] INFO  impl.SimpleStateMachine4Testing (SimpleStateMachine4Testing.java:put(205)) - s0: put 85, m42 -> (t:1, i:85), STATEMACHINELOGENTRY, 300@client-0F1BF4C2F21A
2023-03-28 15:08:23,990 [s0@group-8E30088DAA34-StateMachineUpdater] INFO  impl.SimpleStateMachine4Testing (SimpleStateMachine4Testing.java:put(205)) - s0: put 87, m43 -> (t:1, i:87), STATEMACHINELOGENTRY, 301@client-0F1BF4C2F21A
2023-03-28 15:08:23,992 [s0@group-8E30088DAA34-StateMachineUpdater] INFO  impl.SimpleStateMachine4Testing (SimpleStateMachine4Testing.java:put(205)) - s0: put 89, m44 -> (t:1, i:89), STATEMACHINELOGENTRY, 302@client-0F1BF4C2F21A
2023-03-28 15:08:23,994 [s0@group-8E30088DAA34-StateMachineUpdater] INFO  impl.SimpleStateMachine4Testing (SimpleStateMachine4Testing.java:put(205)) - s0: put 91, m45 -> (t:1, i:91), STATEMACHINELOGENTRY, 303@client-0F1BF4C2F21A
2023-03-28 15:08:23,997 [s0@group-8E30088DAA34-StateMachineUpdater] INFO  impl.SimpleStateMachine4Testing (SimpleStateMachine4Testing.java:put(205)) - s0: put 93, m46 -> (t:1, i:93), STATEMACHINELOGENTRY, 304@client-0F1BF4C2F21A
2023-03-28 15:08:23,999 [s0@group-8E30088DAA34-StateMachineUpdater] INFO  impl.SimpleStateMachine4Testing (SimpleStateMachine4Testing.java:put(205)) - s0: put 95, m47 -> (t:1, i:95), STATEMACHINELOGENTRY, 305@client-0F1BF4C2F21A
2023-03-28 15:08:24,001 [s0@group-8E30088DAA34-StateMachineUpdater] INFO  impl.SimpleStateMachine4Testing (SimpleStateMachine4Testing.java:put(205)) - s0: put 97, m48 -> (t:1, i:97), STATEMACHINELOGENTRY, 306@client-0F1BF4C2F21A
2023-03-28 15:08:24,003 [s0@group-8E30088DAA34-StateMachineUpdater] INFO  impl.SimpleStateMachine4Testing (SimpleStateMachine4Testing.java:put(205)) - s0: put 99, m49 -> (t:1, i:99), STATEMACHINELOGENTRY, 307@client-0F1BF4C2F21A
2023-03-28 15:08:24,006 [s0@group-8E30088DAA34-StateMachineUpdater] INFO  impl.SimpleStateMachine4Testing (SimpleStateMachine4Testing.java:put(205)) - s0: put 101, m50 -> (t:1, i:101), STATEMACHINELOGENTRY, 308@client-0F1BF4C2F21A
2023-03-28 15:08:24,008 [s0@group-8E30088DAA34-StateMachineUpdater] INFO  impl.SimpleStateMachine4Testing (SimpleStateMachine4Testing.java:put(205)) - s0: put 103, m51 -> (t:1, i:103), STATEMACHINELOGENTRY, 309@client-0F1BF4C2F21A
2023-03-28 15:08:24,010 [s0@group-8E30088DAA34-StateMachineUpdater] INFO  impl.SimpleStateMachine4Testing (SimpleStateMachine4Testing.java:put(205)) - s0: put 105, m52 -> (t:1, i:105), STATEMACHINELOGENTRY, 310@client-0F1BF4C2F21A
2023-03-28 15:08:24,013 [s0@group-8E30088DAA34-StateMachineUpdater] INFO  impl.SimpleStateMachine4Testing (SimpleStateMachine4Testing.java:put(205)) - s0: put 107, m53 -> (t:1, i:107), STATEMACHINELOGENTRY, 311@client-0F1BF4C2F21A
2023-03-28 15:08:24,015 [s0@group-8E30088DAA34-StateMachineUpdater] INFO  impl.SimpleStateMachine4Testing (SimpleStateMachine4Testing.java:put(205)) - s0: put 109, m54 -> (t:1, i:109), STATEMACHINELOGENTRY, 312@client-0F1BF4C2F21A
2023-03-28 15:08:24,017 [s0@group-8E30088DAA34-StateMachineUpdater] INFO  impl.SimpleStateMachine4Testing (SimpleStateMachine4Testing.java:put(205)) - s0: put 111, m55 -> (t:1, i:111), STATEMACHINELOGENTRY, 313@client-0F1BF4C2F21A
2023-03-28 15:08:24,020 [s0@group-8E30088DAA34-StateMachineUpdater] INFO  impl.SimpleStateMachine4Testing (SimpleStateMachine4Testing.java:put(205)) - s0: put 113, m56 -> (t:1, i:113), STATEMACHINELOGENTRY, 314@client-0F1BF4C2F21A
2023-03-28 15:08:24,022 [s0@group-8E30088DAA34-StateMachineUpdater] INFO  impl.SimpleStateMachine4Testing (SimpleStateMachine4Testing.java:put(205)) - s0: put 115, m57 -> (t:1, i:115), STATEMACHINELOGENTRY, 315@client-0F1BF4C2F21A
2023-03-28 15:08:24,024 [s0@group-8E30088DAA34-StateMachineUpdater] INFO  impl.SimpleStateMachine4Testing (SimpleStateMachine4Testing.java:put(205)) - s0: put 117, m58 -> (t:1, i:117), STATEMACHINELOGENTRY, 316@client-0F1BF4C2F21A
2023-03-28 15:08:24,026 [s0@group-8E30088DAA34-StateMachineUpdater] INFO  impl.SimpleStateMachine4Testing (SimpleStateMachine4Testing.java:put(205)) - s0: put 119, m59 -> (t:1, i:119), STATEMACHINELOGENTRY, 317@client-0F1BF4C2F21A
2023-03-28 15:08:24,029 [s0@group-8E30088DAA34-StateMachineUpdater] INFO  impl.SimpleStateMachine4Testing (SimpleStateMachine4Testing.java:put(205)) - s0: put 121, m60 -> (t:1, i:121), STATEMACHINELOGENTRY, 318@client-0F1BF4C2F21A
2023-03-28 15:08:24,031 [s0@group-8E30088DAA34-StateMachineUpdater] INFO  impl.SimpleStateMachine4Testing (SimpleStateMachine4Testing.java:put(205)) - s0: put 123, m61 -> (t:1, i:123), STATEMACHINELOGENTRY, 319@client-0F1BF4C2F21A
2023-03-28 15:08:24,033 [s0@group-8E30088DAA34-StateMachineUpdater] INFO  impl.SimpleStateMachine4Testing (SimpleStateMachine4Testing.java:put(205)) - s0: put 125, m62 -> (t:1, i:125), STATEMACHINELOGENTRY, 320@client-0F1BF4C2F21A
2023-03-28 15:08:24,035 [s0@group-8E30088DAA34-StateMachineUpdater] INFO  impl.SimpleStateMachine4Testing (SimpleStateMachine4Testing.java:put(205)) - s0: put 127, m63 -> (t:1, i:127), STATEMACHINELOGENTRY, 321@client-0F1BF4C2F21A
2023-03-28 15:08:24,046 [s0@group-8E30088DAA34-StateMachineUpdater] INFO  impl.StateMachineUpdater (StateMachineUpdater.java:takeSnapshot(290)) - s0@group-8E30088DAA34-StateMachineUpdater: Took a snapshot at index 127
2023-03-28 15:08:24,046 [s0@group-8E30088DAA34-StateMachineUpdater] INFO  impl.StateMachineUpdater (StateMachineUpdater.java:lambda$new$0(96)) - s0@group-8E30088DAA34-StateMachineUpdater: snapshotIndex: updateIncreasingly 63 -> 127
2023-03-28 15:08:24,046 [s0@group-8E30088DAA34-StateMachineUpdater] INFO  raftlog.RaftLog (RaftLogBase.java:purge(314)) - s0@group-8E30088DAA34-SegmentedRaftLog: purge 127
2023-03-28 15:08:24,046 [s0@group-8E30088DAA34-StateMachineUpdater] INFO  raftlog.RaftLog (RaftLogBase.java:lambda$new$0(53)) - s0@group-8E30088DAA34-SegmentedRaftLog: snapshotIndex: updateIncreasingly 63 -> 127
2023-03-28 15:08:24,046 [s0@group-8E30088DAA34-StateMachineUpdater] INFO  raftlog.RaftLog (RaftLogBase.java:lambda$new$0(53)) - s0@group-8E30088DAA34-SegmentedRaftLog: purgeIndex: updateToMax old=63, new=127, updated? true
2023-03-28 15:08:24,046 [s0@group-8E30088DAA34-StateMachineUpdater] INFO  impl.SimpleStateMachine4Testing (SimpleStateMachine4Testing.java:put(205)) - s0: put 129, m64 -> (t:1, i:129), STATEMACHINELOGENTRY, 322@client-0F1BF4C2F21A
2023-03-28 15:08:24,059 [s0@group-8E30088DAA34-StateMachineUpdater] INFO  impl.SimpleStateMachine4Testing (SimpleStateMachine4Testing.java:put(205)) - s0: put 131, m65 -> (t:1, i:131), STATEMACHINELOGENTRY, 323@client-0F1BF4C2F21A
2023-03-28 15:08:24,062 [s0@group-8E30088DAA34-StateMachineUpdater] INFO  impl.SimpleStateMachine4Testing (SimpleStateMachine4Testing.java:put(205)) - s0: put 133, m66 -> (t:1, i:133), STATEMACHINELOGENTRY, 324@client-0F1BF4C2F21A
2023-03-28 15:08:24,064 [s0@group-8E30088DAA34-StateMachineUpdater] INFO  impl.SimpleStateMachine4Testing (SimpleStateMachine4Testing.java:put(205)) - s0: put 135, m67 -> (t:1, i:135), STATEMACHINELOGENTRY, 325@client-0F1BF4C2F21A
2023-03-28 15:08:24,067 [s0@group-8E30088DAA34-StateMachineUpdater] INFO  impl.SimpleStateMachine4Testing (SimpleStateMachine4Testing.java:put(205)) - s0: put 137, m68 -> (t:1, i:137), STATEMACHINELOGENTRY, 326@client-0F1BF4C2F21A
2023-03-28 15:08:24,069 [s0@group-8E30088DAA34-StateMachineUpdater] INFO  impl.SimpleStateMachine4Testing (SimpleStateMachine4Testing.java:put(205)) - s0: put 139, m69 -> (t:1, i:139), STATEMACHINELOGENTRY, 327@client-0F1BF4C2F21A
2023-03-28 15:08:24,071 [s0@group-8E30088DAA34-StateMachineUpdater] INFO  impl.SimpleStateMachine4Testing (SimpleStateMachine4Testing.java:put(205)) - s0: put 141, m70 -> (t:1, i:141), STATEMACHINELOGENTRY, 328@client-0F1BF4C2F21A
2023-03-28 15:08:24,073 [s0@group-8E30088DAA34-StateMachineUpdater] INFO  impl.SimpleStateMachine4Testing (SimpleStateMachine4Testing.java:put(205)) - s0: put 143, m71 -> (t:1, i:143), STATEMACHINELOGENTRY, 329@client-0F1BF4C2F21A
2023-03-28 15:08:24,076 [s0@group-8E30088DAA34-StateMachineUpdater] INFO  impl.SimpleStateMachine4Testing (SimpleStateMachine4Testing.java:put(205)) - s0: put 145, m72 -> (t:1, i:145), STATEMACHINELOGENTRY, 330@client-0F1BF4C2F21A
2023-03-28 15:08:24,078 [s0@group-8E30088DAA34-StateMachineUpdater] INFO  impl.SimpleStateMachine4Testing (SimpleStateMachine4Testing.java:put(205)) - s0: put 147, m73 -> (t:1, i:147), STATEMACHINELOGENTRY, 331@client-0F1BF4C2F21A
2023-03-28 15:08:24,080 [s0@group-8E30088DAA34-StateMachineUpdater] INFO  impl.SimpleStateMachine4Testing (SimpleStateMachine4Testing.java:put(205)) - s0: put 149, m74 -> (t:1, i:149), STATEMACHINELOGENTRY, 332@client-0F1BF4C2F21A
2023-03-28 15:08:24,082 [s0@group-8E30088DAA34-StateMachineUpdater] INFO  impl.SimpleStateMachine4Testing (SimpleStateMachine4Testing.java:put(205)) - s0: put 151, m75 -> (t:1, i:151), STATEMACHINELOGENTRY, 333@client-0F1BF4C2F21A
2023-03-28 15:08:24,084 [s0@group-8E30088DAA34-StateMachineUpdater] INFO  impl.SimpleStateMachine4Testing (SimpleStateMachine4Testing.java:put(205)) - s0: put 153, m76 -> (t:1, i:153), STATEMACHINELOGENTRY, 334@client-0F1BF4C2F21A
2023-03-28 15:08:24,090 [s0@group-8E30088DAA34-StateMachineUpdater] INFO  impl.SimpleStateMachine4Testing (SimpleStateMachine4Testing.java:put(205)) - s0: put 155, m77 -> (t:1, i:155), STATEMACHINELOGENTRY, 335@client-0F1BF4C2F21A
2023-03-28 15:08:24,093 [s0@group-8E30088DAA34-StateMachineUpdater] INFO  impl.SimpleStateMachine4Testing (SimpleStateMachine4Testing.java:put(205)) - s0: put 157, m78 -> (t:1, i:157), STATEMACHINELOGENTRY, 336@client-0F1BF4C2F21A
2023-03-28 15:08:24,095 [s0@group-8E30088DAA34-StateMachineUpdater] INFO  impl.SimpleStateMachine4Testing (SimpleStateMachine4Testing.java:put(205)) - s0: put 159, m79 -> (t:1, i:159), STATEMACHINELOGENTRY, 337@client-0F1BF4C2F21A
2023-03-28 15:08:24,097 [s0@group-8E30088DAA34-StateMachineUpdater] INFO  impl.SimpleStateMachine4Testing (SimpleStateMachine4Testing.java:put(205)) - s0: put 161, m80 -> (t:1, i:161), STATEMACHINELOGENTRY, 338@client-0F1BF4C2F21A
2023-03-28 15:08:24,099 [s0@group-8E30088DAA34-StateMachineUpdater] INFO  impl.SimpleStateMachine4Testing (SimpleStateMachine4Testing.java:put(205)) - s0: put 163, m81 -> (t:1, i:163), STATEMACHINELOGENTRY, 339@client-0F1BF4C2F21A
2023-03-28 15:08:24,102 [s0@group-8E30088DAA34-StateMachineUpdater] INFO  impl.SimpleStateMachine4Testing (SimpleStateMachine4Testing.java:put(205)) - s0: put 165, m82 -> (t:1, i:165), STATEMACHINELOGENTRY, 340@client-0F1BF4C2F21A
2023-03-28 15:08:24,104 [s0@group-8E30088DAA34-StateMachineUpdater] INFO  impl.SimpleStateMachine4Testing (SimpleStateMachine4Testing.java:put(205)) - s0: put 167, m83 -> (t:1, i:167), STATEMACHINELOGENTRY, 341@client-0F1BF4C2F21A
2023-03-28 15:08:24,106 [s0@group-8E30088DAA34-StateMachineUpdater] INFO  impl.SimpleStateMachine4Testing (SimpleStateMachine4Testing.java:put(205)) - s0: put 169, m84 -> (t:1, i:169), STATEMACHINELOGENTRY, 342@client-0F1BF4C2F21A
2023-03-28 15:08:24,108 [s0@group-8E30088DAA34-StateMachineUpdater] INFO  impl.SimpleStateMachine4Testing (SimpleStateMachine4Testing.java:put(205)) - s0: put 171, m85 -> (t:1, i:171), STATEMACHINELOGENTRY, 343@client-0F1BF4C2F21A
2023-03-28 15:08:24,115 [s0@group-8E30088DAA34-StateMachineUpdater] INFO  impl.SimpleStateMachine4Testing (SimpleStateMachine4Testing.java:put(205)) - s0: put 173, m86 -> (t:1, i:173), STATEMACHINELOGENTRY, 344@client-0F1BF4C2F21A
2023-03-28 15:08:24,118 [s0@group-8E30088DAA34-StateMachineUpdater] INFO  impl.SimpleStateMachine4Testing (SimpleStateMachine4Testing.java:put(205)) - s0: put 175, m87 -> (t:1, i:175), STATEMACHINELOGENTRY, 345@client-0F1BF4C2F21A
2023-03-28 15:08:24,120 [s0@group-8E30088DAA34-StateMachineUpdater] INFO  impl.SimpleStateMachine4Testing (SimpleStateMachine4Testing.java:put(205)) - s0: put 177, m88 -> (t:1, i:177), STATEMACHINELOGENTRY, 346@client-0F1BF4C2F21A
2023-03-28 15:08:24,123 [s0@group-8E30088DAA34-StateMachineUpdater] INFO  impl.SimpleStateMachine4Testing (SimpleStateMachine4Testing.java:put(205)) - s0: put 179, m89 -> (t:1, i:179), STATEMACHINELOGENTRY, 347@client-0F1BF4C2F21A
2023-03-28 15:08:24,125 [s0@group-8E30088DAA34-StateMachineUpdater] INFO  impl.SimpleStateMachine4Testing (SimpleStateMachine4Testing.java:put(205)) - s0: put 181, m90 -> (t:1, i:181), STATEMACHINELOGENTRY, 348@client-0F1BF4C2F21A
2023-03-28 15:08:24,127 [s0@group-8E30088DAA34-StateMachineUpdater] INFO  impl.SimpleStateMachine4Testing (SimpleStateMachine4Testing.java:put(205)) - s0: put 183, m91 -> (t:1, i:183), STATEMACHINELOGENTRY, 349@client-0F1BF4C2F21A
2023-03-28 15:08:24,129 [s0@group-8E30088DAA34-StateMachineUpdater] INFO  impl.SimpleStateMachine4Testing (SimpleStateMachine4Testing.java:put(205)) - s0: put 185, m92 -> (t:1, i:185), STATEMACHINELOGENTRY, 350@client-0F1BF4C2F21A
2023-03-28 15:08:24,131 [s0@group-8E30088DAA34-StateMachineUpdater] INFO  impl.SimpleStateMachine4Testing (SimpleStateMachine4Testing.java:put(205)) - s0: put 187, m93 -> (t:1, i:187), STATEMACHINELOGENTRY, 351@client-0F1BF4C2F21A
2023-03-28 15:08:24,133 [s0@group-8E30088DAA34-StateMachineUpdater] INFO  impl.SimpleStateMachine4Testing (SimpleStateMachine4Testing.java:put(205)) - s0: put 189, m94 -> (t:1, i:189), STATEMACHINELOGENTRY, 352@client-0F1BF4C2F21A
2023-03-28 15:08:24,135 [s0@group-8E30088DAA34-StateMachineUpdater] INFO  impl.SimpleStateMachine4Testing (SimpleStateMachine4Testing.java:put(205)) - s0: put 191, m95 -> (t:1, i:191), STATEMACHINELOGENTRY, 353@client-0F1BF4C2F21A
2023-03-28 15:08:24,145 [s0@group-8E30088DAA34-StateMachineUpdater] INFO  impl.StateMachineUpdater (StateMachineUpdater.java:takeSnapshot(290)) - s0@group-8E30088DAA34-StateMachineUpdater: Took a snapshot at index 191
2023-03-28 15:08:24,145 [s0@group-8E30088DAA34-StateMachineUpdater] INFO  impl.StateMachineUpdater (StateMachineUpdater.java:lambda$new$0(96)) - s0@group-8E30088DAA34-StateMachineUpdater: snapshotIndex: updateIncreasingly 127 -> 191
2023-03-28 15:08:24,145 [s0@group-8E30088DAA34-StateMachineUpdater] INFO  raftlog.RaftLog (RaftLogBase.java:purge(314)) - s0@group-8E30088DAA34-SegmentedRaftLog: purge 191
2023-03-28 15:08:24,145 [s0@group-8E30088DAA34-StateMachineUpdater] INFO  raftlog.RaftLog (RaftLogBase.java:lambda$new$0(53)) - s0@group-8E30088DAA34-SegmentedRaftLog: snapshotIndex: updateIncreasingly 127 -> 191
2023-03-28 15:08:24,145 [s0@group-8E30088DAA34-StateMachineUpdater] INFO  raftlog.RaftLog (RaftLogBase.java:lambda$new$0(53)) - s0@group-8E30088DAA34-SegmentedRaftLog: purgeIndex: updateToMax old=127, new=191, updated? true
2023-03-28 15:08:24,145 [s0@group-8E30088DAA34-StateMachineUpdater] INFO  impl.SimpleStateMachine4Testing (SimpleStateMachine4Testing.java:put(205)) - s0: put 193, m96 -> (t:1, i:193), STATEMACHINELOGENTRY, 354@client-0F1BF4C2F21A
2023-03-28 15:08:24,148 [s0@group-8E30088DAA34-StateMachineUpdater] INFO  impl.SimpleStateMachine4Testing (SimpleStateMachine4Testing.java:put(205)) - s0: put 195, m97 -> (t:1, i:195), STATEMACHINELOGENTRY, 355@client-0F1BF4C2F21A
2023-03-28 15:08:24,151 [s0@group-8E30088DAA34-StateMachineUpdater] INFO  impl.SimpleStateMachine4Testing (SimpleStateMachine4Testing.java:put(205)) - s0: put 197, m98 -> (t:1, i:197), STATEMACHINELOGENTRY, 356@client-0F1BF4C2F21A
2023-03-28 15:08:24,153 [s0@group-8E30088DAA34-StateMachineUpdater] INFO  impl.SimpleStateMachine4Testing (SimpleStateMachine4Testing.java:put(205)) - s0: put 199, m99 -> (t:1, i:199), STATEMACHINELOGENTRY, 357@client-0F1BF4C2F21A
2023-03-28 15:08:24,155 [s0@group-8E30088DAA34-StateMachineUpdater] INFO  impl.SimpleStateMachine4Testing (SimpleStateMachine4Testing.java:put(205)) - s0: put 201, m100 -> (t:1, i:201), STATEMACHINELOGENTRY, 358@client-0F1BF4C2F21A
2023-03-28 15:08:24,158 [s0@group-8E30088DAA34-StateMachineUpdater] INFO  impl.SimpleStateMachine4Testing (SimpleStateMachine4Testing.java:put(205)) - s0: put 203, m101 -> (t:1, i:203), STATEMACHINELOGENTRY, 359@client-0F1BF4C2F21A
2023-03-28 15:08:24,160 [s0@group-8E30088DAA34-StateMachineUpdater] INFO  impl.SimpleStateMachine4Testing (SimpleStateMachine4Testing.java:put(205)) - s0: put 205, m102 -> (t:1, i:205), STATEMACHINELOGENTRY, 360@client-0F1BF4C2F21A
2023-03-28 15:08:24,162 [s0@group-8E30088DAA34-StateMachineUpdater] INFO  impl.SimpleStateMachine4Testing (SimpleStateMachine4Testing.java:put(205)) - s0: put 207, m103 -> (t:1, i:207), STATEMACHINELOGENTRY, 361@client-0F1BF4C2F21A
2023-03-28 15:08:24,164 [s0@group-8E30088DAA34-StateMachineUpdater] INFO  impl.SimpleStateMachine4Testing (SimpleStateMachine4Testing.java:put(205)) - s0: put 209, m104 -> (t:1, i:209), STATEMACHINELOGENTRY, 362@client-0F1BF4C2F21A
2023-03-28 15:08:24,166 [s0@group-8E30088DAA34-StateMachineUpdater] INFO  impl.SimpleStateMachine4Testing (SimpleStateMachine4Testing.java:put(205)) - s0: put 211, m105 -> (t:1, i:211), STATEMACHINELOGENTRY, 363@client-0F1BF4C2F21A
2023-03-28 15:08:24,168 [s0@group-8E30088DAA34-StateMachineUpdater] INFO  impl.SimpleStateMachine4Testing (SimpleStateMachine4Testing.java:put(205)) - s0: put 213, m106 -> (t:1, i:213), STATEMACHINELOGENTRY, 364@client-0F1BF4C2F21A
2023-03-28 15:08:24,170 [s0@group-8E30088DAA34-StateMachineUpdater] INFO  impl.SimpleStateMachine4Testing (SimpleStateMachine4Testing.java:put(205)) - s0: put 215, m107 -> (t:1, i:215), STATEMACHINELOGENTRY, 365@client-0F1BF4C2F21A
2023-03-28 15:08:24,172 [s0@group-8E30088DAA34-StateMachineUpdater] INFO  impl.SimpleStateMachine4Testing (SimpleStateMachine4Testing.java:put(205)) - s0: put 217, m108 -> (t:1, i:217), STATEMACHINELOGENTRY, 366@client-0F1BF4C2F21A
2023-03-28 15:08:24,174 [s0@group-8E30088DAA34-StateMachineUpdater] INFO  impl.SimpleStateMachine4Testing (SimpleStateMachine4Testing.java:put(205)) - s0: put 219, m109 -> (t:1, i:219), STATEMACHINELOGENTRY, 367@client-0F1BF4C2F21A
2023-03-28 15:08:24,176 [s0@group-8E30088DAA34-StateMachineUpdater] INFO  impl.SimpleStateMachine4Testing (SimpleStateMachine4Testing.java:put(205)) - s0: put 221, m110 -> (t:1, i:221), STATEMACHINELOGENTRY, 368@client-0F1BF4C2F21A
2023-03-28 15:08:24,178 [s0@group-8E30088DAA34-StateMachineUpdater] INFO  impl.SimpleStateMachine4Testing (SimpleStateMachine4Testing.java:put(205)) - s0: put 223, m111 -> (t:1, i:223), STATEMACHINELOGENTRY, 369@client-0F1BF4C2F21A
2023-03-28 15:08:24,186 [s0@group-8E30088DAA34-StateMachineUpdater] INFO  impl.SimpleStateMachine4Testing (SimpleStateMachine4Testing.java:put(205)) - s0: put 225, m112 -> (t:1, i:225), STATEMACHINELOGENTRY, 370@client-0F1BF4C2F21A
2023-03-28 15:08:24,188 [s0@group-8E30088DAA34-StateMachineUpdater] INFO  impl.SimpleStateMachine4Testing (SimpleStateMachine4Testing.java:put(205)) - s0: put 227, m113 -> (t:1, i:227), STATEMACHINELOGENTRY, 371@client-0F1BF4C2F21A
2023-03-28 15:08:24,191 [s0@group-8E30088DAA34-StateMachineUpdater] INFO  impl.SimpleStateMachine4Testing (SimpleStateMachine4Testing.java:put(205)) - s0: put 229, m114 -> (t:1, i:229), STATEMACHINELOGENTRY, 372@client-0F1BF4C2F21A
2023-03-28 15:08:24,193 [s0@group-8E30088DAA34-StateMachineUpdater] INFO  impl.SimpleStateMachine4Testing (SimpleStateMachine4Testing.java:put(205)) - s0: put 231, m115 -> (t:1, i:231), STATEMACHINELOGENTRY, 373@client-0F1BF4C2F21A
2023-03-28 15:08:24,195 [s0@group-8E30088DAA34-StateMachineUpdater] INFO  impl.SimpleStateMachine4Testing (SimpleStateMachine4Testing.java:put(205)) - s0: put 233, m116 -> (t:1, i:233), STATEMACHINELOGENTRY, 374@client-0F1BF4C2F21A
2023-03-28 15:08:24,197 [s0@group-8E30088DAA34-StateMachineUpdater] INFO  impl.SimpleStateMachine4Testing (SimpleStateMachine4Testing.java:put(205)) - s0: put 235, m117 -> (t:1, i:235), STATEMACHINELOGENTRY, 375@client-0F1BF4C2F21A
2023-03-28 15:08:24,199 [s0@group-8E30088DAA34-StateMachineUpdater] INFO  impl.SimpleStateMachine4Testing (SimpleStateMachine4Testing.java:put(205)) - s0: put 237, m118 -> (t:1, i:237), STATEMACHINELOGENTRY, 376@client-0F1BF4C2F21A
2023-03-28 15:08:24,201 [s0@group-8E30088DAA34-StateMachineUpdater] INFO  impl.SimpleStateMachine4Testing (SimpleStateMachine4Testing.java:put(205)) - s0: put 239, m119 -> (t:1, i:239), STATEMACHINELOGENTRY, 377@client-0F1BF4C2F21A
2023-03-28 15:08:24,203 [s0@group-8E30088DAA34-StateMachineUpdater] INFO  impl.SimpleStateMachine4Testing (SimpleStateMachine4Testing.java:put(205)) - s0: put 241, m120 -> (t:1, i:241), STATEMACHINELOGENTRY, 378@client-0F1BF4C2F21A
2023-03-28 15:08:24,205 [s0@group-8E30088DAA34-StateMachineUpdater] INFO  impl.SimpleStateMachine4Testing (SimpleStateMachine4Testing.java:put(205)) - s0: put 243, m121 -> (t:1, i:243), STATEMACHINELOGENTRY, 379@client-0F1BF4C2F21A
2023-03-28 15:08:24,208 [s0@group-8E30088DAA34-StateMachineUpdater] INFO  impl.SimpleStateMachine4Testing (SimpleStateMachine4Testing.java:put(205)) - s0: put 245, m122 -> (t:1, i:245), STATEMACHINELOGENTRY, 380@client-0F1BF4C2F21A
2023-03-28 15:08:24,210 [s0@group-8E30088DAA34-StateMachineUpdater] INFO  impl.SimpleStateMachine4Testing (SimpleStateMachine4Testing.java:put(205)) - s0: put 247, m123 -> (t:1, i:247), STATEMACHINELOGENTRY, 381@client-0F1BF4C2F21A
2023-03-28 15:08:24,211 [s0@group-8E30088DAA34-StateMachineUpdater] INFO  impl.SimpleStateMachine4Testing (SimpleStateMachine4Testing.java:put(205)) - s0: put 249, m124 -> (t:1, i:249), STATEMACHINELOGENTRY, 382@client-0F1BF4C2F21A
2023-03-28 15:08:24,214 [s0@group-8E30088DAA34-StateMachineUpdater] INFO  impl.SimpleStateMachine4Testing (SimpleStateMachine4Testing.java:put(205)) - s0: put 251, m125 -> (t:1, i:251), STATEMACHINELOGENTRY, 383@client-0F1BF4C2F21A
2023-03-28 15:08:24,216 [s0@group-8E30088DAA34-StateMachineUpdater] INFO  impl.SimpleStateMachine4Testing (SimpleStateMachine4Testing.java:put(205)) - s0: put 253, m126 -> (t:1, i:253), STATEMACHINELOGENTRY, 384@client-0F1BF4C2F21A
2023-03-28 15:08:24,239 [s0-server-thread1] INFO  server.RaftServer$Division (RaftServerImpl.java:takeSnapshotAsync(1126)) - s0@group-8E30088DAA34: takeSnapshotAsync SnapshotManagementRequest:client-0F1BF4C2F21A->s0@group-8E30088DAA34, cid=385, seq=0, RO, null, Create:
2023-03-28 15:08:24,239 [s0-server-thread1] INFO  server.RaftServerConfigKeys (ConfUtils.java:logGet(46)) - raft.server.snapshot.creation.gap = 1024 (default)
2023-03-28 15:08:24,249 [Time-limited test] INFO  impl.MiniRaftCluster (MiniRaftCluster.java:addNewPeers(464)) - Add new peers [s1, s2]
2023-03-28 15:08:24,250 [Time-limited test] INFO  impl.MiniRaftCluster (MiniRaftCluster.java:newRaftServer(382)) - newRaftServer: s1, group-8E30088DAA34:[], format? true
2023-03-28 15:08:24,250 [Time-limited test] TRACE util.FileUtils (FileUtils.java:deleteFully(201)) - deleteFully target/test/data/d2acef73/MiniRaftClusterWithGrpc1e1ad59a/s1
2023-03-28 15:08:24,250 [Time-limited test] TRACE util.FileUtils (FileUtils.java:deleteFully(217)) - deleteFully: target/test/data/d2acef73/MiniRaftClusterWithGrpc1e1ad59a/s1 does not exist.
2023-03-28 15:08:24,250 [Time-limited test] INFO  impl.MiniRaftCluster (MiniRaftCluster.java:newRaftServer(387)) - Formatted directory target/test/data/d2acef73/MiniRaftClusterWithGrpc1e1ad59a/s1
2023-03-28 15:08:24,250 [Time-limited test] INFO  server.RaftServer (ConfUtils.java:logGet(46)) - raft.rpc.type = GRPC (default)
2023-03-28 15:08:24,250 [Time-limited test] INFO  grpc.GrpcConfigKeys (ConfUtils.java:logFallback(53)) - raft.grpc.admin.host = null (fallback to raft.grpc.server.host)
2023-03-28 15:08:24,250 [Time-limited test] INFO  grpc.GrpcConfigKeys (ConfUtils.java:logFallback(53)) - raft.grpc.admin.port = 45683 (fallback to raft.grpc.server.port)
2023-03-28 15:08:24,250 [Time-limited test] INFO  grpc.GrpcConfigKeys (ConfUtils.java:logFallback(53)) - raft.grpc.client.host = null (fallback to raft.grpc.server.host)
2023-03-28 15:08:24,250 [Time-limited test] INFO  grpc.GrpcConfigKeys (ConfUtils.java:logFallback(53)) - raft.grpc.client.port = 45683 (fallback to raft.grpc.server.port)
2023-03-28 15:08:24,250 [Time-limited test] INFO  grpc.GrpcConfigKeys (ConfUtils.java:logGet(46)) - raft.grpc.server.host = null (default)
2023-03-28 15:08:24,250 [Time-limited test] INFO  grpc.GrpcConfigKeys (ConfUtils.java:logGet(46)) - raft.grpc.server.port = 45683 (custom)
2023-03-28 15:08:24,250 [Time-limited test] INFO  server.GrpcService (ConfUtils.java:logGet(46)) - raft.grpc.message.size.max = 64MB (=67108864) (default)
2023-03-28 15:08:24,250 [Time-limited test] INFO  server.RaftServerConfigKeys (ConfUtils.java:logGet(46)) - raft.server.log.appender.buffer.byte-limit = 4MB (=4194304) (default)
2023-03-28 15:08:24,250 [Time-limited test] INFO  server.GrpcService (ConfUtils.java:logGet(46)) - raft.grpc.flow.control.window = 1MB (=1048576) (default)
2023-03-28 15:08:24,251 [Time-limited test] INFO  server.RaftServerConfigKeys (ConfUtils.java:logGet(46)) - raft.server.rpc.request.timeout = 3000ms (default)
2023-03-28 15:08:24,251 [Time-limited test] INFO  grpc.GrpcConfigKeys (ConfUtils.java:logGet(46)) - raft.grpc.server.heartbeat.channel = true (default)
2023-03-28 15:08:24,251 [Time-limited test] INFO  grpc.GrpcConfigKeys (ConfUtils.java:logGet(46)) - raft.grpc.server.async.request.thread.pool.cached = true (default)
2023-03-28 15:08:24,251 [Time-limited test] INFO  grpc.GrpcConfigKeys (ConfUtils.java:logGet(46)) - raft.grpc.server.async.request.thread.pool.size = 32 (default)
2023-03-28 15:08:24,251 [Time-limited test] INFO  impl.DataStreamServerImpl (ConfUtils.java:logGet(46)) - raft.datastream.type = DISABLED (default)
2023-03-28 15:08:24,251 [Time-limited test] INFO  server.RaftServerConfigKeys (ConfUtils.java:logGet(46)) - raft.server.threadpool.proxy.cached = true (default)
2023-03-28 15:08:24,251 [Time-limited test] INFO  server.RaftServerConfigKeys (ConfUtils.java:logGet(46)) - raft.server.threadpool.proxy.size = 0 (default)
2023-03-28 15:08:24,251 [Time-limited test] INFO  server.RaftServerConfigKeys (ConfUtils.java:logGet(46)) - raft.server.rpc.slowness.timeout = 60s (default)
2023-03-28 15:08:24,251 [Time-limited test] INFO  server.RaftServerConfigKeys (ConfUtils.java:logGet(46)) - raft.server.leaderelection.leader.step-down.wait-time = 10s (default)
2023-03-28 15:08:24,252 [Time-limited test] INFO  server.RaftServerConfigKeys (ConfUtils.java:logGet(46)) - raft.server.storage.dir = [/home/runner/work/ratis/ratis/ratis-test/target/test/data/d2acef73/MiniRaftClusterWithGrpc1e1ad59a/s1] (custom)
2023-03-28 15:08:24,260 [Time-limited test] INFO  server.RaftServer (RaftServerProxy.java:addNew(99)) - s1: addNew group-8E30088DAA34:[] returns group-8E30088DAA34:java.util.concurrent.CompletableFuture@6bfaafe2[Not completed]
2023-03-28 15:08:24,260 [Time-limited test] INFO  impl.MiniRaftCluster (MiniRaftCluster.java:newRaftServer(382)) - newRaftServer: s2, group-8E30088DAA34:[], format? true
2023-03-28 15:08:24,260 [Time-limited test] TRACE util.FileUtils (FileUtils.java:deleteFully(201)) - deleteFully target/test/data/d2acef73/MiniRaftClusterWithGrpc1e1ad59a/s2
2023-03-28 15:08:24,260 [Time-limited test] TRACE util.FileUtils (FileUtils.java:deleteFully(217)) - deleteFully: target/test/data/d2acef73/MiniRaftClusterWithGrpc1e1ad59a/s2 does not exist.
2023-03-28 15:08:24,260 [Time-limited test] INFO  impl.MiniRaftCluster (MiniRaftCluster.java:newRaftServer(387)) - Formatted directory target/test/data/d2acef73/MiniRaftClusterWithGrpc1e1ad59a/s2
2023-03-28 15:08:24,260 [Time-limited test] INFO  server.RaftServer (ConfUtils.java:logGet(46)) - raft.rpc.type = GRPC (default)
2023-03-28 15:08:24,260 [Time-limited test] INFO  grpc.GrpcConfigKeys (ConfUtils.java:logFallback(53)) - raft.grpc.admin.host = null (fallback to raft.grpc.server.host)
2023-03-28 15:08:24,261 [Time-limited test] INFO  grpc.GrpcConfigKeys (ConfUtils.java:logFallback(53)) - raft.grpc.admin.port = 40689 (fallback to raft.grpc.server.port)
2023-03-28 15:08:24,261 [Time-limited test] INFO  grpc.GrpcConfigKeys (ConfUtils.java:logFallback(53)) - raft.grpc.client.host = null (fallback to raft.grpc.server.host)
2023-03-28 15:08:24,261 [Time-limited test] INFO  grpc.GrpcConfigKeys (ConfUtils.java:logFallback(53)) - raft.grpc.client.port = 40689 (fallback to raft.grpc.server.port)
2023-03-28 15:08:24,261 [Time-limited test] INFO  grpc.GrpcConfigKeys (ConfUtils.java:logGet(46)) - raft.grpc.server.host = null (default)
2023-03-28 15:08:24,261 [Time-limited test] INFO  grpc.GrpcConfigKeys (ConfUtils.java:logGet(46)) - raft.grpc.server.port = 40689 (custom)
2023-03-28 15:08:24,261 [Time-limited test] INFO  server.GrpcService (ConfUtils.java:logGet(46)) - raft.grpc.message.size.max = 64MB (=67108864) (default)
2023-03-28 15:08:24,261 [Time-limited test] INFO  server.RaftServerConfigKeys (ConfUtils.java:logGet(46)) - raft.server.log.appender.buffer.byte-limit = 4MB (=4194304) (default)
2023-03-28 15:08:24,261 [Time-limited test] INFO  server.GrpcService (ConfUtils.java:logGet(46)) - raft.grpc.flow.control.window = 1MB (=1048576) (default)
2023-03-28 15:08:24,261 [Time-limited test] INFO  server.RaftServerConfigKeys (ConfUtils.java:logGet(46)) - raft.server.rpc.request.timeout = 3000ms (default)
2023-03-28 15:08:24,261 [Time-limited test] INFO  grpc.GrpcConfigKeys (ConfUtils.java:logGet(46)) - raft.grpc.server.heartbeat.channel = true (default)
2023-03-28 15:08:24,261 [Time-limited test] INFO  grpc.GrpcConfigKeys (ConfUtils.java:logGet(46)) - raft.grpc.server.async.request.thread.pool.cached = true (default)
2023-03-28 15:08:24,261 [Time-limited test] INFO  grpc.GrpcConfigKeys (ConfUtils.java:logGet(46)) - raft.grpc.server.async.request.thread.pool.size = 32 (default)
2023-03-28 15:08:24,262 [Time-limited test] INFO  impl.DataStreamServerImpl (ConfUtils.java:logGet(46)) - raft.datastream.type = DISABLED (default)
2023-03-28 15:08:24,262 [Time-limited test] INFO  server.RaftServerConfigKeys (ConfUtils.java:logGet(46)) - raft.server.threadpool.proxy.cached = true (default)
2023-03-28 15:08:24,262 [Time-limited test] INFO  server.RaftServerConfigKeys (ConfUtils.java:logGet(46)) - raft.server.threadpool.proxy.size = 0 (default)
2023-03-28 15:08:24,262 [Time-limited test] INFO  server.RaftServerConfigKeys (ConfUtils.java:logGet(46)) - raft.server.rpc.slowness.timeout = 60s (default)
2023-03-28 15:08:24,262 [Time-limited test] INFO  server.RaftServerConfigKeys (ConfUtils.java:logGet(46)) - raft.server.leaderelection.leader.step-down.wait-time = 10s (default)
2023-03-28 15:08:24,262 [Time-limited test] INFO  server.RaftServerConfigKeys (ConfUtils.java:logGet(46)) - raft.server.storage.dir = [/home/runner/work/ratis/ratis/ratis-test/target/test/data/d2acef73/MiniRaftClusterWithGrpc1e1ad59a/s2] (custom)
2023-03-28 15:08:24,264 [s1-groupManagement] INFO  server.RaftServerConfigKeys (ConfUtils.java:logGet(46)) - raft.server.log.segment.size.max = 8MB (=8388608) (default)
2023-03-28 15:08:24,264 [s1-groupManagement] INFO  server.RaftServerConfigKeys (ConfUtils.java:logGet(46)) - raft.server.log.preallocated.size = 4MB (=4194304) (default)
2023-03-28 15:08:24,264 [s1-groupManagement] INFO  server.RaftServerConfigKeys (ConfUtils.java:logGet(46)) - raft.server.log.write.buffer.size = 64KB (=65536) (default)
2023-03-28 15:08:24,264 [s1-groupManagement] INFO  server.RaftServer$Division (RaftServerImpl.java:<init>(198)) - s1: new RaftServerImpl for group-8E30088DAA34:[] with StateMachineWithMultiNestedSnapshotFile:uninitialized
2023-03-28 15:08:24,264 [s1-groupManagement] INFO  server.RaftServerConfigKeys (ConfUtils.java:logGet(46)) - raft.server.rpc.timeout.min = 150ms (default)
2023-03-28 15:08:24,264 [s1-groupManagement] INFO  server.RaftServerConfigKeys (ConfUtils.java:logGet(46)) - raft.server.rpc.timeout.max = 300ms (default)
2023-03-28 15:08:24,264 [s1-groupManagement] INFO  server.RaftServerConfigKeys (ConfUtils.java:logGet(46)) - raft.server.rpc.sleep.time = 25ms (default)
2023-03-28 15:08:24,265 [s1-groupManagement] INFO  server.RaftServerConfigKeys (ConfUtils.java:logGet(46)) - raft.server.rpc.slowness.timeout = 60s (default)
2023-03-28 15:08:24,265 [s1-groupManagement] INFO  server.RaftServerConfigKeys (ConfUtils.java:logGet(46)) - raft.server.leaderelection.leader.step-down.wait-time = 10s (default)
2023-03-28 15:08:24,265 [s1-groupManagement] INFO  server.RaftServerConfigKeys (ConfUtils.java:logGet(46)) - raft.server.sleep.deviation.threshold = 300ms (default)
2023-03-28 15:08:24,265 [s1-groupManagement] INFO  server.RaftServer$Division (ServerState.java:<init>(113)) - s1@group-8E30088DAA34: ConfigurationManager, init=-1: peers:[]|listeners:[], old=null, confs=<EMPTY_MAP>
2023-03-28 15:08:24,265 [s1-groupManagement] INFO  server.RaftServerConfigKeys (ConfUtils.java:logGet(46)) - raft.server.notification.no-leader.timeout = 60s (default)
2023-03-28 15:08:24,265 [s1-groupManagement] INFO  server.RaftServerConfigKeys (ConfUtils.java:logGet(46)) - raft.server.read.timeout = 10s (default)
2023-03-28 15:08:24,265 [s1-groupManagement] INFO  server.RaftServerConfigKeys (ConfUtils.java:logGet(46)) - raft.server.retrycache.expirytime = 60s (default)
2023-03-28 15:08:24,265 [s1-groupManagement] INFO  server.RaftServerConfigKeys (ConfUtils.java:logGet(46)) - raft.server.retrycache.statistics.expirytime = 100μs (default)
2023-03-28 15:08:24,265 [s1-groupManagement] INFO  server.RaftServerConfigKeys (ConfUtils.java:logGet(46)) - raft.server.read.option = DEFAULT (default)
2023-03-28 15:08:24,268 [s1-groupManagement] INFO  server.RaftServerConfigKeys (ConfUtils.java:logGet(46)) - raft.server.rpc.request.timeout = 3000ms (default)
2023-03-28 15:08:24,268 [s1-groupManagement] INFO  server.RaftServerConfigKeys (ConfUtils.java:logGet(46)) - raft.server.log.appender.install.snapshot.enabled = true (default)
2023-03-28 15:08:24,268 [s1-groupManagement] INFO  server.RaftServerConfigKeys (ConfUtils.java:logGet(46)) - raft.server.threadpool.server.cached = true (default)
2023-03-28 15:08:24,268 [s1-groupManagement] INFO  server.RaftServerConfigKeys (ConfUtils.java:logGet(46)) - raft.server.threadpool.server.size = 0 (default)
2023-03-28 15:08:24,268 [s1-groupManagement] INFO  server.RaftServerConfigKeys (ConfUtils.java:logGet(46)) - raft.server.threadpool.client.cached = true (default)
2023-03-28 15:08:24,268 [s1-groupManagement] INFO  server.RaftServerConfigKeys (ConfUtils.java:logGet(46)) - raft.server.threadpool.client.size = 0 (default)
2023-03-28 15:08:24,269 [Time-limited test] INFO  server.RaftServer (RaftServerProxy.java:addNew(99)) - s2: addNew group-8E30088DAA34:[] returns group-8E30088DAA34:java.util.concurrent.CompletableFuture@76dd218a[Not completed]
2023-03-28 15:08:24,269 [s1-impl-thread1] INFO  server.RaftServerConfigKeys (ConfUtils.java:logGet(46)) - raft.server.storage.free-space.min = 0MB (=0) (default)
2023-03-28 15:08:24,269 [s1-impl-thread1] INFO  server.RaftServerConfigKeys (ConfUtils.java:logGet(46)) - raft.server.log.corruption.policy = EXCEPTION (default)
2023-03-28 15:08:24,269 [s1-impl-thread1] INFO  server.RaftServerConfigKeys (ConfUtils.java:logGet(46)) - raft.server.storage.dir = [/home/runner/work/ratis/ratis/ratis-test/target/test/data/d2acef73/MiniRaftClusterWithGrpc1e1ad59a/s1] (custom)
2023-03-28 15:08:24,269 [s1-impl-thread1] INFO  storage.RaftStorageDirectory (RaftStorageDirectoryImpl.java:analyzeStorage(138)) - The storage directory /home/runner/work/ratis/ratis/ratis-test/target/test/data/d2acef73/MiniRaftClusterWithGrpc1e1ad59a/s1/8ff4356c-c846-4df1-a094-8e30088daa34 does not exist. Creating ...
2023-03-28 15:08:24,269 [s1-impl-thread1] TRACE util.FileUtils (LogUtils.java:runAndLog(49)) - Successfully ran Files.createDirectories /home/runner/work/ratis/ratis/ratis-test/target/test/data/d2acef73/MiniRaftClusterWithGrpc1e1ad59a/s1/8ff4356c-c846-4df1-a094-8e30088daa34
2023-03-28 15:08:24,270 [s2-groupManagement] INFO  server.RaftServerConfigKeys (ConfUtils.java:logGet(46)) - raft.server.log.segment.size.max = 8MB (=8388608) (default)
2023-03-28 15:08:24,270 [s1-impl-thread1] INFO  storage.RaftStorageDirectory (RaftStorageDirectoryImpl.java:tryLock(232)) - Lock on /home/runner/work/ratis/ratis/ratis-test/target/test/data/d2acef73/MiniRaftClusterWithGrpc1e1ad59a/s1/8ff4356c-c846-4df1-a094-8e30088daa34/in_use.lock acquired by nodename 18162@fv-az489-275
2023-03-28 15:08:24,270 [s1-impl-thread1] TRACE util.FileUtils (LogUtils.java:runAndLog(49)) - Successfully ran Files.createDirectories /home/runner/work/ratis/ratis/ratis-test/target/test/data/d2acef73/MiniRaftClusterWithGrpc1e1ad59a/s1/8ff4356c-c846-4df1-a094-8e30088daa34/current
2023-03-28 15:08:24,270 [s1-impl-thread1] TRACE util.FileUtils (LogUtils.java:runAndLog(49)) - Successfully ran Files.createDirectories /home/runner/work/ratis/ratis/ratis-test/target/test/data/d2acef73/MiniRaftClusterWithGrpc1e1ad59a/s1/8ff4356c-c846-4df1-a094-8e30088daa34/sm
2023-03-28 15:08:24,271 [s2-groupManagement] INFO  server.RaftServerConfigKeys (ConfUtils.java:logGet(46)) - raft.server.log.preallocated.size = 4MB (=4194304) (default)
2023-03-28 15:08:24,271 [s2-groupManagement] INFO  server.RaftServerConfigKeys (ConfUtils.java:logGet(46)) - raft.server.log.write.buffer.size = 64KB (=65536) (default)
2023-03-28 15:08:24,271 [s2-groupManagement] INFO  server.RaftServer$Division (RaftServerImpl.java:<init>(198)) - s2: new RaftServerImpl for group-8E30088DAA34:[] with StateMachineWithMultiNestedSnapshotFile:uninitialized
2023-03-28 15:08:24,271 [s2-groupManagement] INFO  server.RaftServerConfigKeys (ConfUtils.java:logGet(46)) - raft.server.rpc.timeout.min = 150ms (default)
2023-03-28 15:08:24,271 [s2-groupManagement] INFO  server.RaftServerConfigKeys (ConfUtils.java:logGet(46)) - raft.server.rpc.timeout.max = 300ms (default)
2023-03-28 15:08:24,271 [s2-groupManagement] INFO  server.RaftServerConfigKeys (ConfUtils.java:logGet(46)) - raft.server.rpc.sleep.time = 25ms (default)
2023-03-28 15:08:24,271 [s2-groupManagement] INFO  server.RaftServerConfigKeys (ConfUtils.java:logGet(46)) - raft.server.rpc.slowness.timeout = 60s (default)
2023-03-28 15:08:24,271 [s2-groupManagement] INFO  server.RaftServerConfigKeys (ConfUtils.java:logGet(46)) - raft.server.leaderelection.leader.step-down.wait-time = 10s (default)
2023-03-28 15:08:24,271 [s2-groupManagement] INFO  server.RaftServerConfigKeys (ConfUtils.java:logGet(46)) - raft.server.sleep.deviation.threshold = 300ms (default)
2023-03-28 15:08:24,271 [s2-groupManagement] INFO  server.RaftServer$Division (ServerState.java:<init>(113)) - s2@group-8E30088DAA34: ConfigurationManager, init=-1: peers:[]|listeners:[], old=null, confs=<EMPTY_MAP>
2023-03-28 15:08:24,271 [s1-impl-thread1] INFO  storage.RaftStorage (RaftStorageImpl.java:format(96)) - Storage directory /home/runner/work/ratis/ratis/ratis-test/target/test/data/d2acef73/MiniRaftClusterWithGrpc1e1ad59a/s1/8ff4356c-c846-4df1-a094-8e30088daa34 has been successfully formatted.
2023-03-28 15:08:24,271 [s1-impl-thread1] INFO  impl.SimpleStateMachine4Testing (SimpleStateMachine4Testing.java:initialize(213)) - Initializing StateMachineWithMultiNestedSnapshotFile:uninitialized
2023-03-28 15:08:24,271 [s1-impl-thread1] INFO  impl.SimpleStateMachine4Testing (SimpleStateMachine4Testing.java:loadSnapshot(293)) - Loading snapshot null
2023-03-28 15:08:24,272 [s1-impl-thread1] INFO  server.RaftServerConfigKeys (ConfUtils.java:logGet(46)) - raft.server.log.use.memory = false (default)
2023-03-28 15:08:24,272 [s1-impl-thread1] INFO  server.RaftServerConfigKeys (ConfUtils.java:logGet(46)) - raft.server.log.purge.gap = 8 (custom)
2023-03-28 15:08:24,272 [s1-impl-thread1] INFO  server.RaftServerConfigKeys (ConfUtils.java:logGet(46)) - raft.server.log.appender.buffer.byte-limit = 4MB (=4194304) (default)
2023-03-28 15:08:24,272 [s1-impl-thread1] INFO  server.RaftServerConfigKeys (ConfUtils.java:logGet(46)) - raft.server.log.statemachine.data.read.timeout = 1000ms (default)
2023-03-28 15:08:24,272 [s1-impl-thread1] INFO  server.RaftServerConfigKeys (ConfUtils.java:logGet(46)) - raft.server.log.purge.preservation.log.num = 0 (default)
2023-03-28 15:08:24,272 [s1-impl-thread1] INFO  server.RaftServerConfigKeys (ConfUtils.java:logGet(46)) - raft.server.log.segment.size.max = 8MB (=8388608) (default)
2023-03-28 15:08:24,272 [s1-impl-thread1] INFO  server.RaftServerConfigKeys (ConfUtils.java:logGet(46)) - raft.server.log.segment.cache.num.max = 6 (default)
2023-03-28 15:08:24,272 [s1-impl-thread1] INFO  server.RaftServerConfigKeys (ConfUtils.java:logGet(46)) - raft.server.log.segment.cache.size.max = 200MB (=209715200) (default)
2023-03-28 15:08:24,272 [s1-impl-thread1] INFO  server.RaftServerConfigKeys (ConfUtils.java:logGet(46)) - raft.server.log.appender.buffer.byte-limit = 4MB (=4194304) (default)
2023-03-28 15:08:24,272 [s1-impl-thread1] INFO  segmented.SegmentedRaftLogWorker (SegmentedRaftLogWorker.java:<init>(183)) - new s1@group-8E30088DAA34-SegmentedRaftLogWorker for RaftStorageImpl:Storage Directory /home/runner/work/ratis/ratis/ratis-test/target/test/data/d2acef73/MiniRaftClusterWithGrpc1e1ad59a/s1/8ff4356c-c846-4df1-a094-8e30088daa34
2023-03-28 15:08:24,272 [s1-impl-thread1] INFO  server.RaftServerConfigKeys (ConfUtils.java:logGet(46)) - raft.server.log.queue.byte-limit = 64MB (=67108864) (default)
2023-03-28 15:08:24,273 [s1-impl-thread1] INFO  server.RaftServerConfigKeys (ConfUtils.java:logGet(46)) - raft.server.log.queue.element-limit = 4096 (default)
2023-03-28 15:08:24,273 [s1-impl-thread1] INFO  server.RaftServerConfigKeys (ConfUtils.java:logGet(46)) - raft.server.log.segment.size.max = 8MB (=8388608) (default)
2023-03-28 15:08:24,273 [s1-impl-thread1] INFO  server.RaftServerConfigKeys (ConfUtils.java:logGet(46)) - raft.server.log.preallocated.size = 4MB (=4194304) (default)
2023-03-28 15:08:24,273 [s1-impl-thread1] INFO  server.RaftServerConfigKeys (ConfUtils.java:logGet(46)) - raft.server.log.force.sync.num = 128 (default)
2023-03-28 15:08:24,273 [s1-impl-thread1] INFO  server.RaftServerConfigKeys (ConfUtils.java:logGet(46)) - raft.server.log.statemachine.data.sync = true (default)
2023-03-28 15:08:24,273 [s1-impl-thread1] INFO  server.RaftServerConfigKeys (ConfUtils.java:logGet(46)) - raft.server.log.statemachine.data.sync.timeout = 10s (default)
2023-03-28 15:08:24,273 [s1-impl-thread1] INFO  server.RaftServerConfigKeys (ConfUtils.java:logGet(46)) - raft.server.log.statemachine.data.sync.timeout.retry = -1 (default)
2023-03-28 15:08:24,273 [s1-impl-thread1] INFO  server.RaftServerConfigKeys (ConfUtils.java:logGet(46)) - raft.server.log.write.buffer.size = 64KB (=65536) (default)
2023-03-28 15:08:24,273 [s1-impl-thread1] INFO  server.RaftServerConfigKeys (ConfUtils.java:logGet(46)) - raft.server.log.appender.buffer.byte-limit = 4MB (=4194304) (default)
2023-03-28 15:08:24,273 [s1-impl-thread1] INFO  server.RaftServerConfigKeys (ConfUtils.java:logGet(46)) - raft.server.log.unsafe-flush.enabled = false (default)
2023-03-28 15:08:24,273 [s1-impl-thread1] INFO  server.RaftServerConfigKeys (ConfUtils.java:logGet(46)) - raft.server.log.async-flush.enabled = false (default)
2023-03-28 15:08:24,273 [s1-impl-thread1] INFO  server.RaftServerConfigKeys (ConfUtils.java:logGet(46)) - raft.server.log.statemachine.data.caching.enabled = false (default)
2023-03-28 15:08:24,273 [s1-impl-thread1] INFO  segmented.SegmentedRaftLogWorker (SegmentedRaftLogWorker.java:lambda$new$0(134)) - s1@group-8E30088DAA34-SegmentedRaftLogWorker: flushIndex: setUnconditionally 0 -> -1
2023-03-28 15:08:24,273 [s1-impl-thread1] INFO  segmented.SegmentedRaftLogWorker (SegmentedRaftLogWorker.java:lambda$new$0(134)) - s1@group-8E30088DAA34-SegmentedRaftLogWorker: safeCacheEvictIndex: setUnconditionally 0 -> -1
2023-03-28 15:08:24,274 [s2-groupManagement] INFO  server.RaftServerConfigKeys (ConfUtils.java:logGet(46)) - raft.server.notification.no-leader.timeout = 60s (default)
2023-03-28 15:08:24,274 [s2-groupManagement] INFO  server.RaftServerConfigKeys (ConfUtils.java:logGet(46)) - raft.server.read.timeout = 10s (default)
2023-03-28 15:08:24,274 [s2-groupManagement] INFO  server.RaftServerConfigKeys (ConfUtils.java:logGet(46)) - raft.server.retrycache.expirytime = 60s (default)
2023-03-28 15:08:24,274 [s2-groupManagement] INFO  server.RaftServerConfigKeys (ConfUtils.java:logGet(46)) - raft.server.retrycache.statistics.expirytime = 100μs (default)
2023-03-28 15:08:24,274 [s2-groupManagement] INFO  server.RaftServerConfigKeys (ConfUtils.java:logGet(46)) - raft.server.read.option = DEFAULT (default)
2023-03-28 15:08:24,275 [s2-groupManagement] INFO  server.RaftServerConfigKeys (ConfUtils.java:logGet(46)) - raft.server.rpc.request.timeout = 3000ms (default)
2023-03-28 15:08:24,275 [s2-groupManagement] INFO  server.RaftServerConfigKeys (ConfUtils.java:logGet(46)) - raft.server.log.appender.install.snapshot.enabled = true (default)
2023-03-28 15:08:24,275 [s2-groupManagement] INFO  server.RaftServerConfigKeys (ConfUtils.java:logGet(46)) - raft.server.threadpool.server.cached = true (default)
2023-03-28 15:08:24,275 [s2-groupManagement] INFO  server.RaftServerConfigKeys (ConfUtils.java:logGet(46)) - raft.server.threadpool.server.size = 0 (default)
2023-03-28 15:08:24,275 [s2-groupManagement] INFO  server.RaftServerConfigKeys (ConfUtils.java:logGet(46)) - raft.server.threadpool.client.cached = true (default)
2023-03-28 15:08:24,275 [s2-groupManagement] INFO  server.RaftServerConfigKeys (ConfUtils.java:logGet(46)) - raft.server.threadpool.client.size = 0 (default)
2023-03-28 15:08:24,275 [s1-impl-thread1] INFO  server.RaftServer$Division (RaftServerImpl.java:start(348)) - s1@group-8E30088DAA34: start with initializing state, conf=-1: peers:[]|listeners:[], old=null
2023-03-28 15:08:24,275 [s1-impl-thread1] INFO  server.RaftServer$Division (RaftServerImpl.java:setRole(329)) - s1@group-8E30088DAA34: changes role from      null to FOLLOWER at term 0 for startInitializing
2023-03-28 15:08:24,275 [s1-impl-thread1] INFO  util.JmxRegister (JmxRegister.java:tryRegister(44)) - Successfully registered JMX Bean with object name Ratis:service=RaftServer,group=group-8E30088DAA34,id=s1
2023-03-28 15:08:24,276 [s1-impl-thread1] INFO  server.RaftServerConfigKeys (ConfUtils.java:logGet(46)) - raft.server.snapshot.auto.trigger.enabled = true (custom)
2023-03-28 15:08:24,276 [s1-impl-thread1] INFO  server.RaftServerConfigKeys (ConfUtils.java:logGet(46)) - raft.server.snapshot.auto.trigger.threshold = 64 (custom)
2023-03-28 15:08:24,276 [s1-impl-thread1] INFO  server.RaftServerConfigKeys (ConfUtils.java:logGet(46)) - raft.server.snapshot.retention.file.num = -1 (default)
2023-03-28 15:08:24,276 [s1-impl-thread1] INFO  server.RaftServerConfigKeys (ConfUtils.java:logGet(46)) - raft.server.log.purge.upto.snapshot.index = false (default)
2023-03-28 15:08:24,276 [Time-limited test] INFO  server.RaftServer (RaftServerProxy.java:startImpl(401)) - s1: start RPC server
2023-03-28 15:08:24,280 [Time-limited test] INFO  server.GrpcService (GrpcService.java:startImpl(302)) - s1: GrpcService started, listening on 45683
2023-03-28 15:08:24,280 [s2-impl-thread1] INFO  server.RaftServerConfigKeys (ConfUtils.java:logGet(46)) - raft.server.storage.free-space.min = 0MB (=0) (default)
2023-03-28 15:08:24,280 [s2-impl-thread1] INFO  server.RaftServerConfigKeys (ConfUtils.java:logGet(46)) - raft.server.log.corruption.policy = EXCEPTION (default)
2023-03-28 15:08:24,280 [s2-impl-thread1] INFO  server.RaftServerConfigKeys (ConfUtils.java:logGet(46)) - raft.server.storage.dir = [/home/runner/work/ratis/ratis/ratis-test/target/test/data/d2acef73/MiniRaftClusterWithGrpc1e1ad59a/s2] (custom)
2023-03-28 15:08:24,280 [s2-impl-thread1] INFO  storage.RaftStorageDirectory (RaftStorageDirectoryImpl.java:analyzeStorage(138)) - The storage directory /home/runner/work/ratis/ratis/ratis-test/target/test/data/d2acef73/MiniRaftClusterWithGrpc1e1ad59a/s2/8ff4356c-c846-4df1-a094-8e30088daa34 does not exist. Creating ...
2023-03-28 15:08:24,281 [s2-impl-thread1] TRACE util.FileUtils (LogUtils.java:runAndLog(49)) - Successfully ran Files.createDirectories /home/runner/work/ratis/ratis/ratis-test/target/test/data/d2acef73/MiniRaftClusterWithGrpc1e1ad59a/s2/8ff4356c-c846-4df1-a094-8e30088daa34
2023-03-28 15:08:24,281 [JvmPauseMonitor7] INFO  util.JvmPauseMonitor (JvmPauseMonitor.java:run(103)) - JvmPauseMonitor-s1: Started
2023-03-28 15:08:24,281 [s2-impl-thread1] INFO  storage.RaftStorageDirectory (RaftStorageDirectoryImpl.java:tryLock(232)) - Lock on /home/runner/work/ratis/ratis/ratis-test/target/test/data/d2acef73/MiniRaftClusterWithGrpc1e1ad59a/s2/8ff4356c-c846-4df1-a094-8e30088daa34/in_use.lock acquired by nodename 18162@fv-az489-275
2023-03-28 15:08:24,282 [s2-impl-thread1] TRACE util.FileUtils (LogUtils.java:runAndLog(49)) - Successfully ran Files.createDirectories /home/runner/work/ratis/ratis/ratis-test/target/test/data/d2acef73/MiniRaftClusterWithGrpc1e1ad59a/s2/8ff4356c-c846-4df1-a094-8e30088daa34/current
2023-03-28 15:08:24,282 [s2-impl-thread1] TRACE util.FileUtils (LogUtils.java:runAndLog(49)) - Successfully ran Files.createDirectories /home/runner/work/ratis/ratis/ratis-test/target/test/data/d2acef73/MiniRaftClusterWithGrpc1e1ad59a/s2/8ff4356c-c846-4df1-a094-8e30088daa34/sm
2023-03-28 15:08:24,282 [s2-impl-thread1] INFO  storage.RaftStorage (RaftStorageImpl.java:format(96)) - Storage directory /home/runner/work/ratis/ratis/ratis-test/target/test/data/d2acef73/MiniRaftClusterWithGrpc1e1ad59a/s2/8ff4356c-c846-4df1-a094-8e30088daa34 has been successfully formatted.
2023-03-28 15:08:24,283 [s2-impl-thread1] INFO  impl.SimpleStateMachine4Testing (SimpleStateMachine4Testing.java:initialize(213)) - Initializing StateMachineWithMultiNestedSnapshotFile:uninitialized
2023-03-28 15:08:24,283 [s2-impl-thread1] INFO  impl.SimpleStateMachine4Testing (SimpleStateMachine4Testing.java:loadSnapshot(293)) - Loading snapshot null
2023-03-28 15:08:24,283 [s2-impl-thread1] INFO  server.RaftServerConfigKeys (ConfUtils.java:logGet(46)) - raft.server.log.use.memory = false (default)
2023-03-28 15:08:24,283 [s2-impl-thread1] INFO  server.RaftServerConfigKeys (ConfUtils.java:logGet(46)) - raft.server.log.purge.gap = 8 (custom)
2023-03-28 15:08:24,283 [s2-impl-thread1] INFO  server.RaftServerConfigKeys (ConfUtils.java:logGet(46)) - raft.server.log.appender.buffer.byte-limit = 4MB (=4194304) (default)
2023-03-28 15:08:24,283 [s2-impl-thread1] INFO  server.RaftServerConfigKeys (ConfUtils.java:logGet(46)) - raft.server.log.statemachine.data.read.timeout = 1000ms (default)
2023-03-28 15:08:24,283 [s2-impl-thread1] INFO  server.RaftServerConfigKeys (ConfUtils.java:logGet(46)) - raft.server.log.purge.preservation.log.num = 0 (default)
2023-03-28 15:08:24,283 [s2-impl-thread1] INFO  server.RaftServerConfigKeys (ConfUtils.java:logGet(46)) - raft.server.log.segment.size.max = 8MB (=8388608) (default)
2023-03-28 15:08:24,284 [s2-impl-thread1] INFO  server.RaftServerConfigKeys (ConfUtils.java:logGet(46)) - raft.server.log.segment.cache.num.max = 6 (default)
2023-03-28 15:08:24,284 [s2-impl-thread1] INFO  server.RaftServerConfigKeys (ConfUtils.java:logGet(46)) - raft.server.log.segment.cache.size.max = 200MB (=209715200) (default)
2023-03-28 15:08:24,284 [s2-impl-thread1] INFO  server.RaftServerConfigKeys (ConfUtils.java:logGet(46)) - raft.server.log.appender.buffer.byte-limit = 4MB (=4194304) (default)
2023-03-28 15:08:24,284 [s2-impl-thread1] INFO  segmented.SegmentedRaftLogWorker (SegmentedRaftLogWorker.java:<init>(183)) - new s2@group-8E30088DAA34-SegmentedRaftLogWorker for RaftStorageImpl:Storage Directory /home/runner/work/ratis/ratis/ratis-test/target/test/data/d2acef73/MiniRaftClusterWithGrpc1e1ad59a/s2/8ff4356c-c846-4df1-a094-8e30088daa34
2023-03-28 15:08:24,284 [s2-impl-thread1] INFO  server.RaftServerConfigKeys (ConfUtils.java:logGet(46)) - raft.server.log.queue.byte-limit = 64MB (=67108864) (default)
2023-03-28 15:08:24,284 [s2-impl-thread1] INFO  server.RaftServerConfigKeys (ConfUtils.java:logGet(46)) - raft.server.log.queue.element-limit = 4096 (default)
2023-03-28 15:08:24,284 [s2-impl-thread1] INFO  server.RaftServerConfigKeys (ConfUtils.java:logGet(46)) - raft.server.log.segment.size.max = 8MB (=8388608) (default)
2023-03-28 15:08:24,284 [s2-impl-thread1] INFO  server.RaftServerConfigKeys (ConfUtils.java:logGet(46)) - raft.server.log.preallocated.size = 4MB (=4194304) (default)
2023-03-28 15:08:24,284 [s2-impl-thread1] INFO  server.RaftServerConfigKeys (ConfUtils.java:logGet(46)) - raft.server.log.force.sync.num = 128 (default)
2023-03-28 15:08:24,284 [s2-impl-thread1] INFO  server.RaftServerConfigKeys (ConfUtils.java:logGet(46)) - raft.server.log.statemachine.data.sync = true (default)
2023-03-28 15:08:24,284 [s2-impl-thread1] INFO  server.RaftServerConfigKeys (ConfUtils.java:logGet(46)) - raft.server.log.statemachine.data.sync.timeout = 10s (default)
2023-03-28 15:08:24,284 [s2-impl-thread1] INFO  server.RaftServerConfigKeys (ConfUtils.java:logGet(46)) - raft.server.log.statemachine.data.sync.timeout.retry = -1 (default)
2023-03-28 15:08:24,284 [s2-impl-thread1] INFO  server.RaftServerConfigKeys (ConfUtils.java:logGet(46)) - raft.server.log.write.buffer.size = 64KB (=65536) (default)
2023-03-28 15:08:24,284 [s2-impl-thread1] INFO  server.RaftServerConfigKeys (ConfUtils.java:logGet(46)) - raft.server.log.appender.buffer.byte-limit = 4MB (=4194304) (default)
2023-03-28 15:08:24,284 [s2-impl-thread1] INFO  server.RaftServerConfigKeys (ConfUtils.java:logGet(46)) - raft.server.log.unsafe-flush.enabled = false (default)
2023-03-28 15:08:24,284 [s2-impl-thread1] INFO  server.RaftServerConfigKeys (ConfUtils.java:logGet(46)) - raft.server.log.async-flush.enabled = false (default)
2023-03-28 15:08:24,285 [s2-impl-thread1] INFO  server.RaftServerConfigKeys (ConfUtils.java:logGet(46)) - raft.server.log.statemachine.data.caching.enabled = false (default)
2023-03-28 15:08:24,285 [s2-impl-thread1] INFO  segmented.SegmentedRaftLogWorker (SegmentedRaftLogWorker.java:lambda$new$0(134)) - s2@group-8E30088DAA34-SegmentedRaftLogWorker: flushIndex: setUnconditionally 0 -> -1
2023-03-28 15:08:24,285 [s2-impl-thread1] INFO  segmented.SegmentedRaftLogWorker (SegmentedRaftLogWorker.java:lambda$new$0(134)) - s2@group-8E30088DAA34-SegmentedRaftLogWorker: safeCacheEvictIndex: setUnconditionally 0 -> -1
2023-03-28 15:08:24,285 [s2-impl-thread1] INFO  server.RaftServer$Division (RaftServerImpl.java:start(348)) - s2@group-8E30088DAA34: start with initializing state, conf=-1: peers:[]|listeners:[], old=null
2023-03-28 15:08:24,285 [s2-impl-thread1] INFO  server.RaftServer$Division (RaftServerImpl.java:setRole(329)) - s2@group-8E30088DAA34: changes role from      null to FOLLOWER at term 0 for startInitializing
2023-03-28 15:08:24,285 [s2-impl-thread1] INFO  util.JmxRegister (JmxRegister.java:tryRegister(44)) - Successfully registered JMX Bean with object name Ratis:service=RaftServer,group=group-8E30088DAA34,id=s2
2023-03-28 15:08:24,285 [s2-impl-thread1] INFO  server.RaftServerConfigKeys (ConfUtils.java:logGet(46)) - raft.server.snapshot.auto.trigger.enabled = true (custom)
2023-03-28 15:08:24,285 [s2-impl-thread1] INFO  server.RaftServerConfigKeys (ConfUtils.java:logGet(46)) - raft.server.snapshot.auto.trigger.threshold = 64 (custom)
2023-03-28 15:08:24,285 [s2-impl-thread1] INFO  server.RaftServerConfigKeys (ConfUtils.java:logGet(46)) - raft.server.snapshot.retention.file.num = -1 (default)
2023-03-28 15:08:24,285 [s2-impl-thread1] INFO  server.RaftServerConfigKeys (ConfUtils.java:logGet(46)) - raft.server.log.purge.upto.snapshot.index = false (default)
2023-03-28 15:08:24,292 [Time-limited test] INFO  server.RaftServer (RaftServerProxy.java:startImpl(401)) - s2: start RPC server
2023-03-28 15:08:24,293 [Time-limited test] INFO  server.GrpcService (GrpcService.java:startImpl(302)) - s2: GrpcService started, listening on 40689
2023-03-28 15:08:24,294 [JvmPauseMonitor8] INFO  util.JvmPauseMonitor (JvmPauseMonitor.java:run(103)) - JvmPauseMonitor-s2: Started
2023-03-28 15:08:24,294 [Time-limited test] INFO  impl.MiniRaftCluster (MiniRaftCluster.java:setConfiguration(819)) - Start changing the configuration: [s1|rpc:0.0.0.0:45683|priority:0|startupRole:FOLLOWER, s2|rpc:0.0.0.0:40689|priority:0|startupRole:FOLLOWER, s0|rpc:localhost:42763|admin:localhost:40897|client:localhost:39999|dataStream:localhost:43253|priority:0|startupRole:FOLLOWER]
2023-03-28 15:08:24,299 [s0-server-thread1] INFO  server.RaftServer$Division (RaftServerImpl.java:setConfigurationAsync(1194)) - s0@group-8E30088DAA34: receive setConfiguration SetConfigurationRequest:client-A86848A84917->s0@group-8E30088DAA34, cid=386, seq=0, RW, null, SET_UNCONDITIONALLY, servers:[s1|rpc:0.0.0.0:45683|dataStream:|priority:0|startupRole:FOLLOWER, s2|rpc:0.0.0.0:40689|dataStream:|priority:0|startupRole:FOLLOWER, s0|rpc:localhost:42763|admin:localhost:40897|client:localhost:39999|dataStream:localhost:43253|priority:0|startupRole:FOLLOWER], listeners:[]
2023-03-28 15:08:24,299 [s0-server-thread1] INFO  server.RaftServer$Division (LeaderStateImpl.java:startSetConfiguration(443)) - s0@group-8E30088DAA34-LeaderStateImpl: startSetConfiguration SetConfigurationRequest:client-A86848A84917->s0@group-8E30088DAA34, cid=386, seq=0, RW, null, SET_UNCONDITIONALLY, servers:[s1|rpc:0.0.0.0:45683|dataStream:|priority:0|startupRole:FOLLOWER, s2|rpc:0.0.0.0:40689|dataStream:|priority:0|startupRole:FOLLOWER, s0|rpc:localhost:42763|admin:localhost:40897|client:localhost:39999|dataStream:localhost:43253|priority:0|startupRole:FOLLOWER], listeners:[]
2023-03-28 15:08:24,299 [s0-server-thread1] INFO  server.RaftServerConfigKeys (ConfUtils.java:logGet(46)) - raft.server.log.appender.snapshot.chunk.size.max = 1k (=1024) (custom)
2023-03-28 15:08:24,299 [s0-server-thread1] INFO  server.RaftServerConfigKeys (ConfUtils.java:logGet(46)) - raft.server.log.appender.buffer.byte-limit = 4MB (=4194304) (default)
2023-03-28 15:08:24,300 [s0-server-thread1] INFO  server.RaftServerConfigKeys (ConfUtils.java:logGet(46)) - raft.server.log.appender.buffer.element-limit = 0 (default)
2023-03-28 15:08:24,300 [s0-server-thread1] INFO  server.RaftServerConfigKeys (ConfUtils.java:logGet(46)) - raft.server.log.appender.wait-time.min = 10ms (default)
2023-03-28 15:08:24,300 [s0-server-thread1] INFO  grpc.GrpcConfigKeys (ConfUtils.java:logGet(46)) - raft.grpc.server.leader.outstanding.appends.max = 128 (default)
2023-03-28 15:08:24,300 [s0-server-thread1] INFO  server.RaftServerConfigKeys (ConfUtils.java:logGet(46)) - raft.server.rpc.request.timeout = 3000ms (default)
2023-03-28 15:08:24,300 [s0-server-thread1] INFO  grpc.GrpcConfigKeys (ConfUtils.java:logGet(46)) - raft.grpc.server.install_snapshot.request.element-limit = 8 (default)
2023-03-28 15:08:24,300 [s0-server-thread1] INFO  grpc.GrpcConfigKeys (ConfUtils.java:logGet(46)) - raft.grpc.server.install_snapshot.request.timeout = 3000ms (default)
2023-03-28 15:08:24,300 [s0-server-thread1] INFO  server.RaftServerConfigKeys (ConfUtils.java:logGet(46)) - raft.server.log.appender.install.snapshot.enabled = true (default)
2023-03-28 15:08:24,300 [s0-server-thread1] INFO  grpc.GrpcConfigKeys (ConfUtils.java:logGet(46)) - raft.grpc.server.heartbeat.channel = true (default)
2023-03-28 15:08:24,300 [s0-server-thread1] INFO  server.RaftServerConfigKeys (ConfUtils.java:logGet(46)) - raft.server.log.appender.snapshot.chunk.size.max = 1k (=1024) (custom)
2023-03-28 15:08:24,300 [s0-server-thread1] INFO  server.RaftServerConfigKeys (ConfUtils.java:logGet(46)) - raft.server.log.appender.buffer.byte-limit = 4MB (=4194304) (default)
2023-03-28 15:08:24,300 [s0-server-thread1] INFO  server.RaftServerConfigKeys (ConfUtils.java:logGet(46)) - raft.server.log.appender.buffer.element-limit = 0 (default)
2023-03-28 15:08:24,300 [s0-server-thread1] INFO  server.RaftServerConfigKeys (ConfUtils.java:logGet(46)) - raft.server.log.appender.wait-time.min = 10ms (default)
2023-03-28 15:08:24,300 [s0-server-thread1] INFO  grpc.GrpcConfigKeys (ConfUtils.java:logGet(46)) - raft.grpc.server.leader.outstanding.appends.max = 128 (default)
2023-03-28 15:08:24,300 [s0-server-thread1] INFO  server.RaftServerConfigKeys (ConfUtils.java:logGet(46)) - raft.server.rpc.request.timeout = 3000ms (default)
2023-03-28 15:08:24,301 [s0-server-thread1] INFO  grpc.GrpcConfigKeys (ConfUtils.java:logGet(46)) - raft.grpc.server.install_snapshot.request.element-limit = 8 (default)
2023-03-28 15:08:24,301 [s0-server-thread1] INFO  grpc.GrpcConfigKeys (ConfUtils.java:logGet(46)) - raft.grpc.server.install_snapshot.request.timeout = 3000ms (default)
2023-03-28 15:08:24,301 [s0-server-thread1] INFO  server.RaftServerConfigKeys (ConfUtils.java:logGet(46)) - raft.server.log.appender.install.snapshot.enabled = true (default)
2023-03-28 15:08:24,301 [s0-server-thread1] INFO  grpc.GrpcConfigKeys (ConfUtils.java:logGet(46)) - raft.grpc.server.heartbeat.channel = true (default)
2023-03-28 15:08:24,309 [s0@group-8E30088DAA34->s1-GrpcLogAppender-LogAppenderDaemon] INFO  server.GrpcLogAppender (GrpcLogAppender.java:installSnapshot(595)) - s0@group-8E30088DAA34->s1-GrpcLogAppender: followerNextIndex = 0 but logStartIndex = 0, send snapshot FileListSnapshotInfo(t:1, i:191):[/home/runner/work/ratis/ratis/ratis-test/target/test/data/d2acef73/MiniRaftClusterWithGrpc1e1ad59a/s0/8ff4356c-c846-4df1-a094-8e30088daa34/sm/snapshot/1.bin, /home/runner/work/ratis/ratis/ratis-test/target/test/data/d2acef73/MiniRaftClusterWithGrpc1e1ad59a/s0/8ff4356c-c846-4df1-a094-8e30088daa34/sm/snapshot/sub/2.bin, /home/runner/work/ratis/ratis/ratis-test/target/test/data/d2acef73/MiniRaftClusterWithGrpc1e1ad59a/s0/8ff4356c-c846-4df1-a094-8e30088daa34/sm/snapshot.1_191] to follower
2023-03-28 15:08:24,315 [s0@group-8E30088DAA34->s1-GrpcLogAppender-LogAppenderDaemon] INFO  server.GrpcServerProtocolClient (GrpcServerProtocolClient.java:<init>(65)) - Build channel for s1
2023-03-28 15:08:24,316 [s0@group-8E30088DAA34->s2-GrpcLogAppender-LogAppenderDaemon] INFO  server.GrpcLogAppender (GrpcLogAppender.java:installSnapshot(595)) - s0@group-8E30088DAA34->s2-GrpcLogAppender: followerNextIndex = 0 but logStartIndex = 0, send snapshot FileListSnapshotInfo(t:1, i:191):[/home/runner/work/ratis/ratis/ratis-test/target/test/data/d2acef73/MiniRaftClusterWithGrpc1e1ad59a/s0/8ff4356c-c846-4df1-a094-8e30088daa34/sm/snapshot/1.bin, /home/runner/work/ratis/ratis/ratis-test/target/test/data/d2acef73/MiniRaftClusterWithGrpc1e1ad59a/s0/8ff4356c-c846-4df1-a094-8e30088daa34/sm/snapshot/sub/2.bin, /home/runner/work/ratis/ratis/ratis-test/target/test/data/d2acef73/MiniRaftClusterWithGrpc1e1ad59a/s0/8ff4356c-c846-4df1-a094-8e30088daa34/sm/snapshot.1_191] to follower
2023-03-28 15:08:24,319 [s0@group-8E30088DAA34->s2-GrpcLogAppender-LogAppenderDaemon] INFO  server.GrpcServerProtocolClient (GrpcServerProtocolClient.java:<init>(65)) - Build channel for s2
2023-03-28 15:08:24,329 [grpc-default-executor-0] INFO  impl.SnapshotInstallationHandler (SnapshotInstallationHandler.java:installSnapshot(89)) - s2@group-8E30088DAA34: receive installSnapshot: s0->s2#0-t1,chunk:5bf60faa-826b-4696-b83e-36696a29360e,0
2023-03-28 15:08:24,331 [grpc-default-executor-0] INFO  server.RaftServer$Division (ServerState.java:setLeader(260)) - s2@group-8E30088DAA34: change Leader from null to s0 at term 1 for installSnapshot, leader elected after 59ms
2023-03-28 15:08:24,333 [grpc-default-executor-0] TRACE util.FileUtils (LogUtils.java:runAndLog(49)) - Successfully ran Files.createDirectories /home/runner/work/ratis/ratis/ratis-test/target/test/data/d2acef73/MiniRaftClusterWithGrpc1e1ad59a/s2/8ff4356c-c846-4df1-a094-8e30088daa34/tmp/snapshot-5bf60faa-826b-4696-b83e-36696a29360e
2023-03-28 15:08:24,333 [grpc-default-executor-0] INFO  storage.SnapshotManager (SnapshotManager.java:installSnapshot(89)) - Installing snapshot:s0->s2#0-t1,chunk:5bf60faa-826b-4696-b83e-36696a29360e,0, to tmp dir:/home/runner/work/ratis/ratis/ratis-test/target/test/data/d2acef73/MiniRaftClusterWithGrpc1e1ad59a/s2/8ff4356c-c846-4df1-a094-8e30088daa34/tmp/snapshot-5bf60faa-826b-4696-b83e-36696a29360e
2023-03-28 15:08:24,333 [grpc-default-executor-0] TRACE util.FileUtils (LogUtils.java:runAndLog(49)) - Successfully ran Files.createDirectories /home/runner/work/ratis/ratis/ratis-test/target/test/data/d2acef73/MiniRaftClusterWithGrpc1e1ad59a/s2/8ff4356c-c846-4df1-a094-8e30088daa34/tmp/snapshot-5bf60faa-826b-4696-b83e-36696a29360e/snapshot
2023-03-28 15:08:24,336 [grpc-default-executor-0] INFO  segmented.SegmentedRaftLogWorker (SegmentedRaftLogWorker.java:lambda$new$0(134)) - s2@group-8E30088DAA34-SegmentedRaftLogWorker: flushIndex: setUnconditionally -1 -> 191
2023-03-28 15:08:24,336 [grpc-default-executor-0] INFO  segmented.SegmentedRaftLogWorker (SegmentedRaftLogWorker.java:lambda$new$0(134)) - s2@group-8E30088DAA34-SegmentedRaftLogWorker: safeCacheEvictIndex: setUnconditionally -1 -> 191
2023-03-28 15:08:24,337 [grpc-default-executor-0] INFO  impl.SnapshotInstallationHandler (SnapshotInstallationHandler.java:installSnapshotImpl(134)) - s2@group-8E30088DAA34: set new configuration configurationEntry {
  peers {
    id: "s0"
    address: "localhost:42763"
    dataStreamAddress: "localhost:43253"
    clientAddress: "localhost:39999"
    adminAddress: "localhost:40897"
    startupRole: FOLLOWER
  }
}
 from snapshot
2023-03-28 15:08:24,337 [grpc-default-executor-0] INFO  server.RaftServer$Division (ServerState.java:setRaftConf(377)) - s2@group-8E30088DAA34: set configuration 0: peers:[s0|rpc:localhost:42763|admin:localhost:40897|client:localhost:39999|dataStream:localhost:43253|priority:0|startupRole:FOLLOWER]|listeners:[], old=null
2023-03-28 15:08:24,338 [grpc-default-executor-0] INFO  impl.SnapshotInstallationHandler (SnapshotInstallationHandler.java:installSnapshot(100)) - s2@group-8E30088DAA34: reply installSnapshot: s0<-s2#0:OK-t0,SUCCESS,requestIndex=0
2023-03-28 15:08:24,338 [grpc-default-executor-1] INFO  server.GrpcLogAppender (GrpcLogAppender.java:onNext(501)) - s0@group-8E30088DAA34->s2-InstallSnapshotResponseHandler: received the first reply s0<-s2#0:OK-t0,SUCCESS,requestIndex=0
2023-03-28 15:08:24,338 [grpc-default-executor-1] INFO  server.GrpcLogAppender (GrpcLogAppender.java:onNext(514)) - s0@group-8E30088DAA34->s2-InstallSnapshotResponseHandler: Completed InstallSnapshot. Reply: serverReply {
  requestorId: "s0"
  replyId: "s2"
  raftGroupId {
    id: "\217\3645l\310FM\361\240\224\2160\b\215\2524"
  }
  success: true
}
requestIndex: 0

2023-03-28 15:08:24,338 [grpc-default-executor-1] INFO  leader.FollowerInfo (FollowerInfoImpl.java:setAttemptedToInstallSnapshot(126)) - Follower s0@group-8E30088DAA34->s2 acknowledged installing snapshot
2023-03-28 15:08:24,339 [grpc-default-executor-0] INFO  impl.SnapshotInstallationHandler (SnapshotInstallationHandler.java:installSnapshot(89)) - s2@group-8E30088DAA34: receive installSnapshot: s0->s2#0-t1,chunk:5bf60faa-826b-4696-b83e-36696a29360e,1
2023-03-28 15:08:24,339 [grpc-default-executor-0] TRACE util.FileUtils (LogUtils.java:runAndLog(49)) - Successfully ran Files.createDirectories /home/runner/work/ratis/ratis/ratis-test/target/test/data/d2acef73/MiniRaftClusterWithGrpc1e1ad59a/s2/8ff4356c-c846-4df1-a094-8e30088daa34/tmp/snapshot-5bf60faa-826b-4696-b83e-36696a29360e
2023-03-28 15:08:24,340 [grpc-default-executor-0] INFO  storage.SnapshotManager (SnapshotManager.java:installSnapshot(89)) - Installing snapshot:s0->s2#0-t1,chunk:5bf60faa-826b-4696-b83e-36696a29360e,1, to tmp dir:/home/runner/work/ratis/ratis/ratis-test/target/test/data/d2acef73/MiniRaftClusterWithGrpc1e1ad59a/s2/8ff4356c-c846-4df1-a094-8e30088daa34/tmp/snapshot-5bf60faa-826b-4696-b83e-36696a29360e
2023-03-28 15:08:24,340 [grpc-default-executor-0] TRACE util.FileUtils (LogUtils.java:runAndLog(49)) - Successfully ran Files.createDirectories /home/runner/work/ratis/ratis/ratis-test/target/test/data/d2acef73/MiniRaftClusterWithGrpc1e1ad59a/s2/8ff4356c-c846-4df1-a094-8e30088daa34/tmp/snapshot-5bf60faa-826b-4696-b83e-36696a29360e/snapshot/sub
2023-03-28 15:08:24,340 [grpc-default-executor-0] INFO  impl.SnapshotInstallationHandler (SnapshotInstallationHandler.java:installSnapshot(100)) - s2@group-8E30088DAA34: reply installSnapshot: s0<-s2#0:OK-t1,SUCCESS,requestIndex=1
2023-03-28 15:08:24,341 [grpc-default-executor-1] INFO  server.GrpcLogAppender (GrpcLogAppender.java:onNext(501)) - s0@group-8E30088DAA34->s2-InstallSnapshotResponseHandler: received a reply s0<-s2#0:OK-t1,SUCCESS,requestIndex=1
2023-03-28 15:08:24,341 [grpc-default-executor-1] INFO  server.GrpcLogAppender (GrpcLogAppender.java:onNext(514)) - s0@group-8E30088DAA34->s2-InstallSnapshotResponseHandler: Completed InstallSnapshot. Reply: serverReply {
  requestorId: "s0"
  replyId: "s2"
  raftGroupId {
    id: "\217\3645l\310FM\361\240\224\2160\b\215\2524"
  }
  success: true
}
term: 1
requestIndex: 1

2023-03-28 15:08:24,341 [grpc-default-executor-1] INFO  leader.FollowerInfo (FollowerInfoImpl.java:setAttemptedToInstallSnapshot(126)) - Follower s0@group-8E30088DAA34->s2 acknowledged installing snapshot
2023-03-28 15:08:24,345 [grpc-default-executor-0] INFO  impl.SnapshotInstallationHandler (SnapshotInstallationHandler.java:installSnapshot(89)) - s2@group-8E30088DAA34: receive installSnapshot: s0->s2#0-t1,chunk:5bf60faa-826b-4696-b83e-36696a29360e,2
2023-03-28 15:08:24,345 [grpc-default-executor-0] TRACE util.FileUtils (LogUtils.java:runAndLog(49)) - Successfully ran Files.createDirectories /home/runner/work/ratis/ratis/ratis-test/target/test/data/d2acef73/MiniRaftClusterWithGrpc1e1ad59a/s2/8ff4356c-c846-4df1-a094-8e30088daa34/tmp/snapshot-5bf60faa-826b-4696-b83e-36696a29360e
2023-03-28 15:08:24,345 [grpc-default-executor-0] INFO  storage.SnapshotManager (SnapshotManager.java:installSnapshot(89)) - Installing snapshot:s0->s2#0-t1,chunk:5bf60faa-826b-4696-b83e-36696a29360e,2, to tmp dir:/home/runner/work/ratis/ratis/ratis-test/target/test/data/d2acef73/MiniRaftClusterWithGrpc1e1ad59a/s2/8ff4356c-c846-4df1-a094-8e30088daa34/tmp/snapshot-5bf60faa-826b-4696-b83e-36696a29360e
2023-03-28 15:08:24,345 [grpc-default-executor-0] TRACE util.FileUtils (LogUtils.java:runAndLog(49)) - Successfully ran Files.createDirectories /home/runner/work/ratis/ratis/ratis-test/target/test/data/d2acef73/MiniRaftClusterWithGrpc1e1ad59a/s2/8ff4356c-c846-4df1-a094-8e30088daa34/tmp/snapshot-5bf60faa-826b-4696-b83e-36696a29360e/snapshot/sub
2023-03-28 15:08:24,345 [grpc-default-executor-0] INFO  impl.SnapshotInstallationHandler (SnapshotInstallationHandler.java:installSnapshot(100)) - s2@group-8E30088DAA34: reply installSnapshot: s0<-s2#0:OK-t1,SUCCESS,requestIndex=2
2023-03-28 15:08:24,345 [grpc-default-executor-1] INFO  server.GrpcLogAppender (GrpcLogAppender.java:onNext(501)) - s0@group-8E30088DAA34->s2-InstallSnapshotResponseHandler: received a reply s0<-s2#0:OK-t1,SUCCESS,requestIndex=2
2023-03-28 15:08:24,346 [grpc-default-executor-1] INFO  server.GrpcLogAppender (GrpcLogAppender.java:onNext(514)) - s0@group-8E30088DAA34->s2-InstallSnapshotResponseHandler: Completed InstallSnapshot. Reply: serverReply {
  requestorId: "s0"
  replyId: "s2"
  raftGroupId {
    id: "\217\3645l\310FM\361\240\224\2160\b\215\2524"
  }
  success: true
}
term: 1
requestIndex: 2

2023-03-28 15:08:24,346 [grpc-default-executor-1] INFO  leader.FollowerInfo (FollowerInfoImpl.java:setAttemptedToInstallSnapshot(126)) - Follower s0@group-8E30088DAA34->s2 acknowledged installing snapshot
2023-03-28 15:08:24,346 [grpc-default-executor-0] INFO  impl.SnapshotInstallationHandler (SnapshotInstallationHandler.java:installSnapshot(89)) - s2@group-8E30088DAA34: receive installSnapshot: s0->s2#0-t1,chunk:5bf60faa-826b-4696-b83e-36696a29360e,3
2023-03-28 15:08:24,346 [grpc-default-executor-0] TRACE util.FileUtils (LogUtils.java:runAndLog(49)) - Successfully ran Files.createDirectories /home/runner/work/ratis/ratis/ratis-test/target/test/data/d2acef73/MiniRaftClusterWithGrpc1e1ad59a/s2/8ff4356c-c846-4df1-a094-8e30088daa34/tmp/snapshot-5bf60faa-826b-4696-b83e-36696a29360e
2023-03-28 15:08:24,346 [grpc-default-executor-0] INFO  storage.SnapshotManager (SnapshotManager.java:installSnapshot(89)) - Installing snapshot:s0->s2#0-t1,chunk:5bf60faa-826b-4696-b83e-36696a29360e,3, to tmp dir:/home/runner/work/ratis/ratis/ratis-test/target/test/data/d2acef73/MiniRaftClusterWithGrpc1e1ad59a/s2/8ff4356c-c846-4df1-a094-8e30088daa34/tmp/snapshot-5bf60faa-826b-4696-b83e-36696a29360e
2023-03-28 15:08:24,347 [grpc-default-executor-0] TRACE util.FileUtils (LogUtils.java:runAndLog(49)) - Successfully ran Files.createDirectories /home/runner/work/ratis/ratis/ratis-test/target/test/data/d2acef73/MiniRaftClusterWithGrpc1e1ad59a/s2/8ff4356c-c846-4df1-a094-8e30088daa34/tmp/snapshot-5bf60faa-826b-4696-b83e-36696a29360e/snapshot/sub
2023-03-28 15:08:24,347 [grpc-default-executor-0] INFO  impl.SnapshotInstallationHandler (SnapshotInstallationHandler.java:installSnapshot(100)) - s2@group-8E30088DAA34: reply installSnapshot: s0<-s2#0:OK-t1,SUCCESS,requestIndex=3
2023-03-28 15:08:24,347 [grpc-default-executor-1] INFO  server.GrpcLogAppender (GrpcLogAppender.java:onNext(501)) - s0@group-8E30088DAA34->s2-InstallSnapshotResponseHandler: received a reply s0<-s2#0:OK-t1,SUCCESS,requestIndex=3
2023-03-28 15:08:24,347 [grpc-default-executor-1] INFO  server.GrpcLogAppender (GrpcLogAppender.java:onNext(514)) - s0@group-8E30088DAA34->s2-InstallSnapshotResponseHandler: Completed InstallSnapshot. Reply: serverReply {
  requestorId: "s0"
  replyId: "s2"
  raftGroupId {
    id: "\217\3645l\310FM\361\240\224\2160\b\215\2524"
  }
  success: true
}
term: 1
requestIndex: 3

2023-03-28 15:08:24,347 [grpc-default-executor-1] INFO  leader.FollowerInfo (FollowerInfoImpl.java:setAttemptedToInstallSnapshot(126)) - Follower s0@group-8E30088DAA34->s2 acknowledged installing snapshot
2023-03-28 15:08:24,347 [grpc-default-executor-0] INFO  impl.SnapshotInstallationHandler (SnapshotInstallationHandler.java:installSnapshot(89)) - s2@group-8E30088DAA34: receive installSnapshot: s0->s2#0-t1,chunk:5bf60faa-826b-4696-b83e-36696a29360e,4
2023-03-28 15:08:24,348 [grpc-default-executor-0] TRACE util.FileUtils (LogUtils.java:runAndLog(49)) - Successfully ran Files.createDirectories /home/runner/work/ratis/ratis/ratis-test/target/test/data/d2acef73/MiniRaftClusterWithGrpc1e1ad59a/s2/8ff4356c-c846-4df1-a094-8e30088daa34/tmp/snapshot-5bf60faa-826b-4696-b83e-36696a29360e
2023-03-28 15:08:24,348 [grpc-default-executor-0] INFO  storage.SnapshotManager (SnapshotManager.java:installSnapshot(89)) - Installing snapshot:s0->s2#0-t1,chunk:5bf60faa-826b-4696-b83e-36696a29360e,4, to tmp dir:/home/runner/work/ratis/ratis/ratis-test/target/test/data/d2acef73/MiniRaftClusterWithGrpc1e1ad59a/s2/8ff4356c-c846-4df1-a094-8e30088daa34/tmp/snapshot-5bf60faa-826b-4696-b83e-36696a29360e
2023-03-28 15:08:24,348 [grpc-default-executor-0] TRACE util.FileUtils (LogUtils.java:runAndLog(49)) - Successfully ran Files.createDirectories /home/runner/work/ratis/ratis/ratis-test/target/test/data/d2acef73/MiniRaftClusterWithGrpc1e1ad59a/s2/8ff4356c-c846-4df1-a094-8e30088daa34/tmp/snapshot-5bf60faa-826b-4696-b83e-36696a29360e/snapshot/sub
2023-03-28 15:08:24,360 [grpc-default-executor-2] INFO  impl.SnapshotInstallationHandler (SnapshotInstallationHandler.java:installSnapshot(89)) - s1@group-8E30088DAA34: receive installSnapshot: s0->s1#0-t1,chunk:936e9173-291c-4fda-abfe-5a9e684237a5,0
2023-03-28 15:08:24,361 [grpc-default-executor-2] INFO  server.RaftServer$Division (ServerState.java:setLeader(260)) - s1@group-8E30088DAA34: change Leader from null to s0 at term 1 for installSnapshot, leader elected after 95ms
2023-03-28 15:08:24,361 [grpc-default-executor-0] INFO  impl.SnapshotInstallationHandler (SnapshotInstallationHandler.java:installSnapshot(100)) - s2@group-8E30088DAA34: reply installSnapshot: s0<-s2#0:OK-t1,SUCCESS,requestIndex=4
2023-03-28 15:08:24,364 [grpc-default-executor-0] INFO  impl.SnapshotInstallationHandler (SnapshotInstallationHandler.java:installSnapshot(89)) - s2@group-8E30088DAA34: receive installSnapshot: s0->s2#0-t1,chunk:5bf60faa-826b-4696-b83e-36696a29360e,5
2023-03-28 15:08:24,364 [grpc-default-executor-2] TRACE util.FileUtils (LogUtils.java:runAndLog(49)) - Successfully ran Files.createDirectories /home/runner/work/ratis/ratis/ratis-test/target/test/data/d2acef73/MiniRaftClusterWithGrpc1e1ad59a/s1/8ff4356c-c846-4df1-a094-8e30088daa34/tmp/snapshot-936e9173-291c-4fda-abfe-5a9e684237a5
2023-03-28 15:08:24,364 [grpc-default-executor-2] INFO  storage.SnapshotManager (SnapshotManager.java:installSnapshot(89)) - Installing snapshot:s0->s1#0-t1,chunk:936e9173-291c-4fda-abfe-5a9e684237a5,0, to tmp dir:/home/runner/work/ratis/ratis/ratis-test/target/test/data/d2acef73/MiniRaftClusterWithGrpc1e1ad59a/s1/8ff4356c-c846-4df1-a094-8e30088daa34/tmp/snapshot-936e9173-291c-4fda-abfe-5a9e684237a5
2023-03-28 15:08:24,364 [grpc-default-executor-0] TRACE util.FileUtils (LogUtils.java:runAndLog(49)) - Successfully ran Files.createDirectories /home/runner/work/ratis/ratis/ratis-test/target/test/data/d2acef73/MiniRaftClusterWithGrpc1e1ad59a/s2/8ff4356c-c846-4df1-a094-8e30088daa34/tmp/snapshot-5bf60faa-826b-4696-b83e-36696a29360e
2023-03-28 15:08:24,364 [grpc-default-executor-0] INFO  storage.SnapshotManager (SnapshotManager.java:installSnapshot(89)) - Installing snapshot:s0->s2#0-t1,chunk:5bf60faa-826b-4696-b83e-36696a29360e,5, to tmp dir:/home/runner/work/ratis/ratis/ratis-test/target/test/data/d2acef73/MiniRaftClusterWithGrpc1e1ad59a/s2/8ff4356c-c846-4df1-a094-8e30088daa34/tmp/snapshot-5bf60faa-826b-4696-b83e-36696a29360e
2023-03-28 15:08:24,364 [grpc-default-executor-2] TRACE util.FileUtils (LogUtils.java:runAndLog(49)) - Successfully ran Files.createDirectories /home/runner/work/ratis/ratis/ratis-test/target/test/data/d2acef73/MiniRaftClusterWithGrpc1e1ad59a/s1/8ff4356c-c846-4df1-a094-8e30088daa34/tmp/snapshot-936e9173-291c-4fda-abfe-5a9e684237a5/snapshot
2023-03-28 15:08:24,364 [grpc-default-executor-0] TRACE util.FileUtils (LogUtils.java:runAndLog(49)) - Successfully ran Files.createDirectories /home/runner/work/ratis/ratis/ratis-test/target/test/data/d2acef73/MiniRaftClusterWithGrpc1e1ad59a/s2/8ff4356c-c846-4df1-a094-8e30088daa34/tmp/snapshot-5bf60faa-826b-4696-b83e-36696a29360e
2023-03-28 15:08:24,364 [grpc-default-executor-0] INFO  impl.SnapshotInstallationHandler (SnapshotInstallationHandler.java:installSnapshot(100)) - s2@group-8E30088DAA34: reply installSnapshot: s0<-s2#0:OK-t1,SUCCESS,requestIndex=5
2023-03-28 15:08:24,365 [grpc-default-executor-0] INFO  server.GrpcLogAppender (GrpcLogAppender.java:onNext(501)) - s0@group-8E30088DAA34->s2-InstallSnapshotResponseHandler: received a reply s0<-s2#0:OK-t1,SUCCESS,requestIndex=4
2023-03-28 15:08:24,365 [grpc-default-executor-0] INFO  server.GrpcLogAppender (GrpcLogAppender.java:onNext(514)) - s0@group-8E30088DAA34->s2-InstallSnapshotResponseHandler: Completed InstallSnapshot. Reply: serverReply {
  requestorId: "s0"
  replyId: "s2"
  raftGroupId {
    id: "\217\3645l\310FM\361\240\224\2160\b\215\2524"
  }
  success: true
}
term: 1
requestIndex: 4

2023-03-28 15:08:24,365 [grpc-default-executor-0] INFO  leader.FollowerInfo (FollowerInfoImpl.java:setAttemptedToInstallSnapshot(126)) - Follower s0@group-8E30088DAA34->s2 acknowledged installing snapshot
2023-03-28 15:08:24,365 [grpc-default-executor-2] INFO  segmented.SegmentedRaftLogWorker (SegmentedRaftLogWorker.java:lambda$new$0(134)) - s1@group-8E30088DAA34-SegmentedRaftLogWorker: flushIndex: setUnconditionally -1 -> 191
2023-03-28 15:08:24,366 [grpc-default-executor-2] INFO  segmented.SegmentedRaftLogWorker (SegmentedRaftLogWorker.java:lambda$new$0(134)) - s1@group-8E30088DAA34-SegmentedRaftLogWorker: safeCacheEvictIndex: setUnconditionally -1 -> 191
2023-03-28 15:08:24,366 [grpc-default-executor-0] INFO  server.GrpcLogAppender (GrpcLogAppender.java:onNext(501)) - s0@group-8E30088DAA34->s2-InstallSnapshotResponseHandler: received a reply s0<-s2#0:OK-t1,SUCCESS,requestIndex=5
2023-03-28 15:08:24,366 [grpc-default-executor-2] INFO  impl.SnapshotInstallationHandler (SnapshotInstallationHandler.java:installSnapshotImpl(134)) - s1@group-8E30088DAA34: set new configuration configurationEntry {
  peers {
    id: "s0"
    address: "localhost:42763"
    dataStreamAddress: "localhost:43253"
    clientAddress: "localhost:39999"
    adminAddress: "localhost:40897"
    startupRole: FOLLOWER
  }
}
 from snapshot
2023-03-28 15:08:24,366 [grpc-default-executor-0] INFO  server.GrpcLogAppender (GrpcLogAppender.java:onNext(514)) - s0@group-8E30088DAA34->s2-InstallSnapshotResponseHandler: Completed InstallSnapshot. Reply: serverReply {
  requestorId: "s0"
  replyId: "s2"
  raftGroupId {
    id: "\217\3645l\310FM\361\240\224\2160\b\215\2524"
  }
  success: true
}
term: 1
requestIndex: 5

2023-03-28 15:08:24,366 [grpc-default-executor-0] INFO  leader.FollowerInfo (FollowerInfoImpl.java:setAttemptedToInstallSnapshot(126)) - Follower s0@group-8E30088DAA34->s2 acknowledged installing snapshot
2023-03-28 15:08:24,366 [grpc-default-executor-2] INFO  server.RaftServer$Division (ServerState.java:setRaftConf(377)) - s1@group-8E30088DAA34: set configuration 0: peers:[s0|rpc:localhost:42763|admin:localhost:40897|client:localhost:39999|dataStream:localhost:43253|priority:0|startupRole:FOLLOWER]|listeners:[], old=null
2023-03-28 15:08:24,367 [grpc-default-executor-2] INFO  impl.SnapshotInstallationHandler (SnapshotInstallationHandler.java:installSnapshot(100)) - s1@group-8E30088DAA34: reply installSnapshot: s0<-s1#0:OK-t0,SUCCESS,requestIndex=0
2023-03-28 15:08:24,365 [grpc-default-executor-3] INFO  impl.SnapshotInstallationHandler (SnapshotInstallationHandler.java:installSnapshot(89)) - s2@group-8E30088DAA34: receive installSnapshot: s0->s2#0-t1,chunk:5bf60faa-826b-4696-b83e-36696a29360e,6
2023-03-28 15:08:24,368 [grpc-default-executor-2] INFO  impl.SnapshotInstallationHandler (SnapshotInstallationHandler.java:installSnapshot(89)) - s1@group-8E30088DAA34: receive installSnapshot: s0->s1#0-t1,chunk:936e9173-291c-4fda-abfe-5a9e684237a5,1
2023-03-28 15:08:24,368 [grpc-default-executor-2] TRACE util.FileUtils (LogUtils.java:runAndLog(49)) - Successfully ran Files.createDirectories /home/runner/work/ratis/ratis/ratis-test/target/test/data/d2acef73/MiniRaftClusterWithGrpc1e1ad59a/s1/8ff4356c-c846-4df1-a094-8e30088daa34/tmp/snapshot-936e9173-291c-4fda-abfe-5a9e684237a5
2023-03-28 15:08:24,368 [grpc-default-executor-2] INFO  storage.SnapshotManager (SnapshotManager.java:installSnapshot(89)) - Installing snapshot:s0->s1#0-t1,chunk:936e9173-291c-4fda-abfe-5a9e684237a5,1, to tmp dir:/home/runner/work/ratis/ratis/ratis-test/target/test/data/d2acef73/MiniRaftClusterWithGrpc1e1ad59a/s1/8ff4356c-c846-4df1-a094-8e30088daa34/tmp/snapshot-936e9173-291c-4fda-abfe-5a9e684237a5
2023-03-28 15:08:24,368 [grpc-default-executor-2] TRACE util.FileUtils (LogUtils.java:runAndLog(49)) - Successfully ran Files.createDirectories /home/runner/work/ratis/ratis/ratis-test/target/test/data/d2acef73/MiniRaftClusterWithGrpc1e1ad59a/s1/8ff4356c-c846-4df1-a094-8e30088daa34/tmp/snapshot-936e9173-291c-4fda-abfe-5a9e684237a5/snapshot/sub
2023-03-28 15:08:24,368 [grpc-default-executor-2] INFO  impl.SnapshotInstallationHandler (SnapshotInstallationHandler.java:installSnapshot(100)) - s1@group-8E30088DAA34: reply installSnapshot: s0<-s1#0:OK-t1,SUCCESS,requestIndex=1
2023-03-28 15:08:24,369 [grpc-default-executor-3] TRACE util.FileUtils (LogUtils.java:runAndLog(49)) - Successfully ran Files.createDirectories /home/runner/work/ratis/ratis/ratis-test/target/test/data/d2acef73/MiniRaftClusterWithGrpc1e1ad59a/s2/8ff4356c-c846-4df1-a094-8e30088daa34/tmp/snapshot-5bf60faa-826b-4696-b83e-36696a29360e
2023-03-28 15:08:24,369 [grpc-default-executor-3] INFO  storage.SnapshotManager (SnapshotManager.java:installSnapshot(89)) - Installing snapshot:s0->s2#0-t1,chunk:5bf60faa-826b-4696-b83e-36696a29360e,6, to tmp dir:/home/runner/work/ratis/ratis/ratis-test/target/test/data/d2acef73/MiniRaftClusterWithGrpc1e1ad59a/s2/8ff4356c-c846-4df1-a094-8e30088daa34/tmp/snapshot-5bf60faa-826b-4696-b83e-36696a29360e
2023-03-28 15:08:24,369 [grpc-default-executor-3] TRACE util.FileUtils (LogUtils.java:runAndLog(49)) - Successfully ran Files.createDirectories /home/runner/work/ratis/ratis/ratis-test/target/test/data/d2acef73/MiniRaftClusterWithGrpc1e1ad59a/s2/8ff4356c-c846-4df1-a094-8e30088daa34/tmp/snapshot-5bf60faa-826b-4696-b83e-36696a29360e
2023-03-28 15:08:24,369 [grpc-default-executor-3] INFO  impl.SnapshotInstallationHandler (SnapshotInstallationHandler.java:installSnapshot(100)) - s2@group-8E30088DAA34: reply installSnapshot: s0<-s2#0:OK-t1,SUCCESS,requestIndex=6
2023-03-28 15:08:24,369 [grpc-default-executor-0] INFO  server.GrpcLogAppender (GrpcLogAppender.java:onNext(501)) - s0@group-8E30088DAA34->s1-InstallSnapshotResponseHandler: received the first reply s0<-s1#0:OK-t0,SUCCESS,requestIndex=0
2023-03-28 15:08:24,369 [grpc-default-executor-0] INFO  server.GrpcLogAppender (GrpcLogAppender.java:onNext(514)) - s0@group-8E30088DAA34->s1-InstallSnapshotResponseHandler: Completed InstallSnapshot. Reply: serverReply {
  requestorId: "s0"
  replyId: "s1"
  raftGroupId {
    id: "\217\3645l\310FM\361\240\224\2160\b\215\2524"
  }
  success: true
}
requestIndex: 0

2023-03-28 15:08:24,369 [grpc-default-executor-0] INFO  leader.FollowerInfo (FollowerInfoImpl.java:setAttemptedToInstallSnapshot(126)) - Follower s0@group-8E30088DAA34->s1 acknowledged installing snapshot
2023-03-28 15:08:24,370 [grpc-default-executor-0] INFO  server.GrpcLogAppender (GrpcLogAppender.java:onNext(501)) - s0@group-8E30088DAA34->s1-InstallSnapshotResponseHandler: received a reply s0<-s1#0:OK-t1,SUCCESS,requestIndex=1
2023-03-28 15:08:24,370 [grpc-default-executor-0] INFO  server.GrpcLogAppender (GrpcLogAppender.java:onNext(514)) - s0@group-8E30088DAA34->s1-InstallSnapshotResponseHandler: Completed InstallSnapshot. Reply: serverReply {
  requestorId: "s0"
  replyId: "s1"
  raftGroupId {
    id: "\217\3645l\310FM\361\240\224\2160\b\215\2524"
  }
  success: true
}
term: 1
requestIndex: 1

2023-03-28 15:08:24,370 [grpc-default-executor-0] INFO  leader.FollowerInfo (FollowerInfoImpl.java:setAttemptedToInstallSnapshot(126)) - Follower s0@group-8E30088DAA34->s1 acknowledged installing snapshot
2023-03-28 15:08:24,370 [grpc-default-executor-3] INFO  impl.SnapshotInstallationHandler (SnapshotInstallationHandler.java:installSnapshot(89)) - s2@group-8E30088DAA34: receive installSnapshot: s0->s2#0-t1,chunk:5bf60faa-826b-4696-b83e-36696a29360e,7
2023-03-28 15:08:24,370 [grpc-default-executor-3] TRACE util.FileUtils (LogUtils.java:runAndLog(49)) - Successfully ran Files.createDirectories /home/runner/work/ratis/ratis/ratis-test/target/test/data/d2acef73/MiniRaftClusterWithGrpc1e1ad59a/s2/8ff4356c-c846-4df1-a094-8e30088daa34/tmp/snapshot-5bf60faa-826b-4696-b83e-36696a29360e
2023-03-28 15:08:24,370 [grpc-default-executor-3] INFO  storage.SnapshotManager (SnapshotManager.java:installSnapshot(89)) - Installing snapshot:s0->s2#0-t1,chunk:5bf60faa-826b-4696-b83e-36696a29360e,7, to tmp dir:/home/runner/work/ratis/ratis/ratis-test/target/test/data/d2acef73/MiniRaftClusterWithGrpc1e1ad59a/s2/8ff4356c-c846-4df1-a094-8e30088daa34/tmp/snapshot-5bf60faa-826b-4696-b83e-36696a29360e
2023-03-28 15:08:24,371 [grpc-default-executor-3] TRACE util.FileUtils (LogUtils.java:runAndLog(49)) - Successfully ran Files.createDirectories /home/runner/work/ratis/ratis/ratis-test/target/test/data/d2acef73/MiniRaftClusterWithGrpc1e1ad59a/s2/8ff4356c-c846-4df1-a094-8e30088daa34/tmp/snapshot-5bf60faa-826b-4696-b83e-36696a29360e
2023-03-28 15:08:24,371 [grpc-default-executor-3] INFO  impl.SnapshotInstallationHandler (SnapshotInstallationHandler.java:installSnapshot(100)) - s2@group-8E30088DAA34: reply installSnapshot: s0<-s2#0:OK-t1,SUCCESS,requestIndex=7
2023-03-28 15:08:24,371 [grpc-default-executor-2] INFO  impl.SnapshotInstallationHandler (SnapshotInstallationHandler.java:installSnapshot(89)) - s1@group-8E30088DAA34: receive installSnapshot: s0->s1#0-t1,chunk:936e9173-291c-4fda-abfe-5a9e684237a5,2
2023-03-28 15:08:24,371 [grpc-default-executor-2] TRACE util.FileUtils (LogUtils.java:runAndLog(49)) - Successfully ran Files.createDirectories /home/runner/work/ratis/ratis/ratis-test/target/test/data/d2acef73/MiniRaftClusterWithGrpc1e1ad59a/s1/8ff4356c-c846-4df1-a094-8e30088daa34/tmp/snapshot-936e9173-291c-4fda-abfe-5a9e684237a5
2023-03-28 15:08:24,371 [grpc-default-executor-2] INFO  storage.SnapshotManager (SnapshotManager.java:installSnapshot(89)) - Installing snapshot:s0->s1#0-t1,chunk:936e9173-291c-4fda-abfe-5a9e684237a5,2, to tmp dir:/home/runner/work/ratis/ratis/ratis-test/target/test/data/d2acef73/MiniRaftClusterWithGrpc1e1ad59a/s1/8ff4356c-c846-4df1-a094-8e30088daa34/tmp/snapshot-936e9173-291c-4fda-abfe-5a9e684237a5
2023-03-28 15:08:24,371 [grpc-default-executor-2] TRACE util.FileUtils (LogUtils.java:runAndLog(49)) - Successfully ran Files.createDirectories /home/runner/work/ratis/ratis/ratis-test/target/test/data/d2acef73/MiniRaftClusterWithGrpc1e1ad59a/s1/8ff4356c-c846-4df1-a094-8e30088daa34/tmp/snapshot-936e9173-291c-4fda-abfe-5a9e684237a5/snapshot/sub
2023-03-28 15:08:24,371 [grpc-default-executor-2] INFO  impl.SnapshotInstallationHandler (SnapshotInstallationHandler.java:installSnapshot(100)) - s1@group-8E30088DAA34: reply installSnapshot: s0<-s1#0:OK-t1,SUCCESS,requestIndex=2
2023-03-28 15:08:24,372 [grpc-default-executor-1] INFO  server.GrpcLogAppender (GrpcLogAppender.java:onNext(501)) - s0@group-8E30088DAA34->s1-InstallSnapshotResponseHandler: received a reply s0<-s1#0:OK-t1,SUCCESS,requestIndex=2
2023-03-28 15:08:24,372 [grpc-default-executor-1] INFO  server.GrpcLogAppender (GrpcLogAppender.java:onNext(514)) - s0@group-8E30088DAA34->s1-InstallSnapshotResponseHandler: Completed InstallSnapshot. Reply: serverReply {
  requestorId: "s0"
  replyId: "s1"
  raftGroupId {
    id: "\217\3645l\310FM\361\240\224\2160\b\215\2524"
  }
  success: true
}
term: 1
requestIndex: 2

2023-03-28 15:08:24,372 [grpc-default-executor-1] INFO  leader.FollowerInfo (FollowerInfoImpl.java:setAttemptedToInstallSnapshot(126)) - Follower s0@group-8E30088DAA34->s1 acknowledged installing snapshot
2023-03-28 15:08:24,372 [grpc-default-executor-3] INFO  impl.SnapshotInstallationHandler (SnapshotInstallationHandler.java:installSnapshot(89)) - s2@group-8E30088DAA34: receive installSnapshot: s0->s2#0-t1,chunk:5bf60faa-826b-4696-b83e-36696a29360e,8
2023-03-28 15:08:24,373 [grpc-default-executor-3] TRACE util.FileUtils (LogUtils.java:runAndLog(49)) - Successfully ran Files.createDirectories /home/runner/work/ratis/ratis/ratis-test/target/test/data/d2acef73/MiniRaftClusterWithGrpc1e1ad59a/s2/8ff4356c-c846-4df1-a094-8e30088daa34/tmp/snapshot-5bf60faa-826b-4696-b83e-36696a29360e
2023-03-28 15:08:24,373 [grpc-default-executor-3] INFO  storage.SnapshotManager (SnapshotManager.java:installSnapshot(89)) - Installing snapshot:s0->s2#0-t1,chunk:5bf60faa-826b-4696-b83e-36696a29360e,8, to tmp dir:/home/runner/work/ratis/ratis/ratis-test/target/test/data/d2acef73/MiniRaftClusterWithGrpc1e1ad59a/s2/8ff4356c-c846-4df1-a094-8e30088daa34/tmp/snapshot-5bf60faa-826b-4696-b83e-36696a29360e
2023-03-28 15:08:24,373 [grpc-default-executor-3] TRACE util.FileUtils (LogUtils.java:runAndLog(49)) - Successfully ran Files.createDirectories /home/runner/work/ratis/ratis/ratis-test/target/test/data/d2acef73/MiniRaftClusterWithGrpc1e1ad59a/s2/8ff4356c-c846-4df1-a094-8e30088daa34/tmp/snapshot-5bf60faa-826b-4696-b83e-36696a29360e
2023-03-28 15:08:24,373 [grpc-default-executor-3] INFO  impl.SnapshotInstallationHandler (SnapshotInstallationHandler.java:installSnapshot(100)) - s2@group-8E30088DAA34: reply installSnapshot: s0<-s2#0:OK-t1,SUCCESS,requestIndex=8
2023-03-28 15:08:24,373 [grpc-default-executor-2] INFO  impl.SnapshotInstallationHandler (SnapshotInstallationHandler.java:installSnapshot(89)) - s1@group-8E30088DAA34: receive installSnapshot: s0->s1#0-t1,chunk:936e9173-291c-4fda-abfe-5a9e684237a5,3
2023-03-28 15:08:24,373 [grpc-default-executor-2] TRACE util.FileUtils (LogUtils.java:runAndLog(49)) - Successfully ran Files.createDirectories /home/runner/work/ratis/ratis/ratis-test/target/test/data/d2acef73/MiniRaftClusterWithGrpc1e1ad59a/s1/8ff4356c-c846-4df1-a094-8e30088daa34/tmp/snapshot-936e9173-291c-4fda-abfe-5a9e684237a5
2023-03-28 15:08:24,373 [grpc-default-executor-2] INFO  storage.SnapshotManager (SnapshotManager.java:installSnapshot(89)) - Installing snapshot:s0->s1#0-t1,chunk:936e9173-291c-4fda-abfe-5a9e684237a5,3, to tmp dir:/home/runner/work/ratis/ratis/ratis-test/target/test/data/d2acef73/MiniRaftClusterWithGrpc1e1ad59a/s1/8ff4356c-c846-4df1-a094-8e30088daa34/tmp/snapshot-936e9173-291c-4fda-abfe-5a9e684237a5
2023-03-28 15:08:24,373 [grpc-default-executor-2] TRACE util.FileUtils (LogUtils.java:runAndLog(49)) - Successfully ran Files.createDirectories /home/runner/work/ratis/ratis/ratis-test/target/test/data/d2acef73/MiniRaftClusterWithGrpc1e1ad59a/s1/8ff4356c-c846-4df1-a094-8e30088daa34/tmp/snapshot-936e9173-291c-4fda-abfe-5a9e684237a5/snapshot/sub
2023-03-28 15:08:24,374 [grpc-default-executor-2] INFO  impl.SnapshotInstallationHandler (SnapshotInstallationHandler.java:installSnapshot(100)) - s1@group-8E30088DAA34: reply installSnapshot: s0<-s1#0:OK-t1,SUCCESS,requestIndex=3
2023-03-28 15:08:24,374 [grpc-default-executor-1] INFO  server.GrpcLogAppender (GrpcLogAppender.java:onNext(501)) - s0@group-8E30088DAA34->s1-InstallSnapshotResponseHandler: received a reply s0<-s1#0:OK-t1,SUCCESS,requestIndex=3
2023-03-28 15:08:24,374 [grpc-default-executor-1] INFO  server.GrpcLogAppender (GrpcLogAppender.java:onNext(514)) - s0@group-8E30088DAA34->s1-InstallSnapshotResponseHandler: Completed InstallSnapshot. Reply: serverReply {
  requestorId: "s0"
  replyId: "s1"
  raftGroupId {
    id: "\217\3645l\310FM\361\240\224\2160\b\215\2524"
  }
  success: true
}
term: 1
requestIndex: 3

2023-03-28 15:08:24,374 [grpc-default-executor-1] INFO  leader.FollowerInfo (FollowerInfoImpl.java:setAttemptedToInstallSnapshot(126)) - Follower s0@group-8E30088DAA34->s1 acknowledged installing snapshot
2023-03-28 15:08:24,374 [grpc-default-executor-3] INFO  impl.SnapshotInstallationHandler (SnapshotInstallationHandler.java:installSnapshot(89)) - s2@group-8E30088DAA34: receive installSnapshot: s0->s2#0-t1,chunk:5bf60faa-826b-4696-b83e-36696a29360e,9
2023-03-28 15:08:24,374 [grpc-default-executor-3] TRACE util.FileUtils (LogUtils.java:runAndLog(49)) - Successfully ran Files.createDirectories /home/runner/work/ratis/ratis/ratis-test/target/test/data/d2acef73/MiniRaftClusterWithGrpc1e1ad59a/s2/8ff4356c-c846-4df1-a094-8e30088daa34/tmp/snapshot-5bf60faa-826b-4696-b83e-36696a29360e
2023-03-28 15:08:24,374 [grpc-default-executor-3] INFO  storage.SnapshotManager (SnapshotManager.java:installSnapshot(89)) - Installing snapshot:s0->s2#0-t1,chunk:5bf60faa-826b-4696-b83e-36696a29360e,9, to tmp dir:/home/runner/work/ratis/ratis/ratis-test/target/test/data/d2acef73/MiniRaftClusterWithGrpc1e1ad59a/s2/8ff4356c-c846-4df1-a094-8e30088daa34/tmp/snapshot-5bf60faa-826b-4696-b83e-36696a29360e
2023-03-28 15:08:24,375 [grpc-default-executor-3] TRACE util.FileUtils (LogUtils.java:runAndLog(49)) - Successfully ran Files.createDirectories /home/runner/work/ratis/ratis/ratis-test/target/test/data/d2acef73/MiniRaftClusterWithGrpc1e1ad59a/s2/8ff4356c-c846-4df1-a094-8e30088daa34/tmp/snapshot-5bf60faa-826b-4696-b83e-36696a29360e
2023-03-28 15:08:24,375 [grpc-default-executor-3] INFO  impl.SnapshotInstallationHandler (SnapshotInstallationHandler.java:installSnapshot(100)) - s2@group-8E30088DAA34: reply installSnapshot: s0<-s2#0:OK-t1,SUCCESS,requestIndex=9
2023-03-28 15:08:24,375 [grpc-default-executor-2] INFO  impl.SnapshotInstallationHandler (SnapshotInstallationHandler.java:installSnapshot(89)) - s1@group-8E30088DAA34: receive installSnapshot: s0->s1#0-t1,chunk:936e9173-291c-4fda-abfe-5a9e684237a5,4
2023-03-28 15:08:24,375 [grpc-default-executor-2] TRACE util.FileUtils (LogUtils.java:runAndLog(49)) - Successfully ran Files.createDirectories /home/runner/work/ratis/ratis/ratis-test/target/test/data/d2acef73/MiniRaftClusterWithGrpc1e1ad59a/s1/8ff4356c-c846-4df1-a094-8e30088daa34/tmp/snapshot-936e9173-291c-4fda-abfe-5a9e684237a5
2023-03-28 15:08:24,375 [grpc-default-executor-2] INFO  storage.SnapshotManager (SnapshotManager.java:installSnapshot(89)) - Installing snapshot:s0->s1#0-t1,chunk:936e9173-291c-4fda-abfe-5a9e684237a5,4, to tmp dir:/home/runner/work/ratis/ratis/ratis-test/target/test/data/d2acef73/MiniRaftClusterWithGrpc1e1ad59a/s1/8ff4356c-c846-4df1-a094-8e30088daa34/tmp/snapshot-936e9173-291c-4fda-abfe-5a9e684237a5
2023-03-28 15:08:24,375 [grpc-default-executor-2] TRACE util.FileUtils (LogUtils.java:runAndLog(49)) - Successfully ran Files.createDirectories /home/runner/work/ratis/ratis/ratis-test/target/test/data/d2acef73/MiniRaftClusterWithGrpc1e1ad59a/s1/8ff4356c-c846-4df1-a094-8e30088daa34/tmp/snapshot-936e9173-291c-4fda-abfe-5a9e684237a5/snapshot/sub
2023-03-28 15:08:24,376 [grpc-default-executor-0] INFO  server.GrpcLogAppender (GrpcLogAppender.java:onNext(501)) - s0@group-8E30088DAA34->s2-InstallSnapshotResponseHandler: received a reply s0<-s2#0:OK-t1,SUCCESS,requestIndex=6
2023-03-28 15:08:24,376 [grpc-default-executor-0] INFO  server.GrpcLogAppender (GrpcLogAppender.java:onNext(514)) - s0@group-8E30088DAA34->s2-InstallSnapshotResponseHandler: Completed InstallSnapshot. Reply: serverReply {
  requestorId: "s0"
  replyId: "s2"
  raftGroupId {
    id: "\217\3645l\310FM\361\240\224\2160\b\215\2524"
  }
  success: true
}
term: 1
requestIndex: 6

2023-03-28 15:08:24,376 [grpc-default-executor-0] INFO  leader.FollowerInfo (FollowerInfoImpl.java:setAttemptedToInstallSnapshot(126)) - Follower s0@group-8E30088DAA34->s2 acknowledged installing snapshot
2023-03-28 15:08:24,376 [grpc-default-executor-3] INFO  impl.SnapshotInstallationHandler (SnapshotInstallationHandler.java:installSnapshot(89)) - s2@group-8E30088DAA34: receive installSnapshot: s0->s2#0-t1,chunk:5bf60faa-826b-4696-b83e-36696a29360e,10
2023-03-28 15:08:24,376 [grpc-default-executor-3] TRACE util.FileUtils (LogUtils.java:runAndLog(49)) - Successfully ran Files.createDirectories /home/runner/work/ratis/ratis/ratis-test/target/test/data/d2acef73/MiniRaftClusterWithGrpc1e1ad59a/s2/8ff4356c-c846-4df1-a094-8e30088daa34/tmp/snapshot-5bf60faa-826b-4696-b83e-36696a29360e
2023-03-28 15:08:24,376 [grpc-default-executor-3] INFO  storage.SnapshotManager (SnapshotManager.java:installSnapshot(89)) - Installing snapshot:s0->s2#0-t1,chunk:5bf60faa-826b-4696-b83e-36696a29360e,10, to tmp dir:/home/runner/work/ratis/ratis/ratis-test/target/test/data/d2acef73/MiniRaftClusterWithGrpc1e1ad59a/s2/8ff4356c-c846-4df1-a094-8e30088daa34/tmp/snapshot-5bf60faa-826b-4696-b83e-36696a29360e
2023-03-28 15:08:24,376 [grpc-default-executor-3] TRACE util.FileUtils (LogUtils.java:runAndLog(49)) - Successfully ran Files.createDirectories /home/runner/work/ratis/ratis/ratis-test/target/test/data/d2acef73/MiniRaftClusterWithGrpc1e1ad59a/s2/8ff4356c-c846-4df1-a094-8e30088daa34/tmp/snapshot-5bf60faa-826b-4696-b83e-36696a29360e
2023-03-28 15:08:24,379 [grpc-default-executor-0] INFO  server.GrpcLogAppender (GrpcLogAppender.java:onNext(501)) - s0@group-8E30088DAA34->s2-InstallSnapshotResponseHandler: received a reply s0<-s2#0:OK-t1,SUCCESS,requestIndex=7
2023-03-28 15:08:24,379 [grpc-default-executor-0] INFO  server.GrpcLogAppender (GrpcLogAppender.java:onNext(514)) - s0@group-8E30088DAA34->s2-InstallSnapshotResponseHandler: Completed InstallSnapshot. Reply: serverReply {
  requestorId: "s0"
  replyId: "s2"
  raftGroupId {
    id: "\217\3645l\310FM\361\240\224\2160\b\215\2524"
  }
  success: true
}
term: 1
requestIndex: 7

2023-03-28 15:08:24,379 [grpc-default-executor-0] INFO  leader.FollowerInfo (FollowerInfoImpl.java:setAttemptedToInstallSnapshot(126)) - Follower s0@group-8E30088DAA34->s2 acknowledged installing snapshot
2023-03-28 15:08:24,379 [grpc-default-executor-0] INFO  server.GrpcLogAppender (GrpcLogAppender.java:onNext(501)) - s0@group-8E30088DAA34->s2-InstallSnapshotResponseHandler: received a reply s0<-s2#0:OK-t1,SUCCESS,requestIndex=8
2023-03-28 15:08:24,379 [grpc-default-executor-2] INFO  impl.SnapshotInstallationHandler (SnapshotInstallationHandler.java:installSnapshot(100)) - s1@group-8E30088DAA34: reply installSnapshot: s0<-s1#0:OK-t1,SUCCESS,requestIndex=4
2023-03-28 15:08:24,379 [grpc-default-executor-0] INFO  server.GrpcLogAppender (GrpcLogAppender.java:onNext(514)) - s0@group-8E30088DAA34->s2-InstallSnapshotResponseHandler: Completed InstallSnapshot. Reply: serverReply {
  requestorId: "s0"
  replyId: "s2"
  raftGroupId {
    id: "\217\3645l\310FM\361\240\224\2160\b\215\2524"
  }
  success: true
}
term: 1
requestIndex: 8

2023-03-28 15:08:24,379 [grpc-default-executor-0] INFO  leader.FollowerInfo (FollowerInfoImpl.java:setAttemptedToInstallSnapshot(126)) - Follower s0@group-8E30088DAA34->s2 acknowledged installing snapshot
2023-03-28 15:08:24,379 [grpc-default-executor-0] INFO  server.GrpcLogAppender (GrpcLogAppender.java:onNext(501)) - s0@group-8E30088DAA34->s2-InstallSnapshotResponseHandler: received a reply s0<-s2#0:OK-t1,SUCCESS,requestIndex=9
2023-03-28 15:08:24,379 [grpc-default-executor-0] INFO  server.GrpcLogAppender (GrpcLogAppender.java:onNext(514)) - s0@group-8E30088DAA34->s2-InstallSnapshotResponseHandler: Completed InstallSnapshot. Reply: serverReply {
  requestorId: "s0"
  replyId: "s2"
  raftGroupId {
    id: "\217\3645l\310FM\361\240\224\2160\b\215\2524"
  }
  success: true
}
term: 1
requestIndex: 9

2023-03-28 15:08:24,379 [grpc-default-executor-0] INFO  leader.FollowerInfo (FollowerInfoImpl.java:setAttemptedToInstallSnapshot(126)) - Follower s0@group-8E30088DAA34->s2 acknowledged installing snapshot
2023-03-28 15:08:24,379 [grpc-default-executor-1] INFO  server.GrpcLogAppender (GrpcLogAppender.java:onNext(501)) - s0@group-8E30088DAA34->s1-InstallSnapshotResponseHandler: received a reply s0<-s1#0:OK-t1,SUCCESS,requestIndex=4
2023-03-28 15:08:24,380 [grpc-default-executor-1] INFO  server.GrpcLogAppender (GrpcLogAppender.java:onNext(514)) - s0@group-8E30088DAA34->s1-InstallSnapshotResponseHandler: Completed InstallSnapshot. Reply: serverReply {
  requestorId: "s0"
  replyId: "s1"
  raftGroupId {
    id: "\217\3645l\310FM\361\240\224\2160\b\215\2524"
  }
  success: true
}
term: 1
requestIndex: 4

2023-03-28 15:08:24,380 [grpc-default-executor-1] INFO  leader.FollowerInfo (FollowerInfoImpl.java:setAttemptedToInstallSnapshot(126)) - Follower s0@group-8E30088DAA34->s1 acknowledged installing snapshot
2023-03-28 15:08:24,380 [grpc-default-executor-2] INFO  impl.SnapshotInstallationHandler (SnapshotInstallationHandler.java:installSnapshot(89)) - s1@group-8E30088DAA34: receive installSnapshot: s0->s1#0-t1,chunk:936e9173-291c-4fda-abfe-5a9e684237a5,5
2023-03-28 15:08:24,380 [grpc-default-executor-2] TRACE util.FileUtils (LogUtils.java:runAndLog(49)) - Successfully ran Files.createDirectories /home/runner/work/ratis/ratis/ratis-test/target/test/data/d2acef73/MiniRaftClusterWithGrpc1e1ad59a/s1/8ff4356c-c846-4df1-a094-8e30088daa34/tmp/snapshot-936e9173-291c-4fda-abfe-5a9e684237a5
2023-03-28 15:08:24,380 [grpc-default-executor-2] INFO  storage.SnapshotManager (SnapshotManager.java:installSnapshot(89)) - Installing snapshot:s0->s1#0-t1,chunk:936e9173-291c-4fda-abfe-5a9e684237a5,5, to tmp dir:/home/runner/work/ratis/ratis/ratis-test/target/test/data/d2acef73/MiniRaftClusterWithGrpc1e1ad59a/s1/8ff4356c-c846-4df1-a094-8e30088daa34/tmp/snapshot-936e9173-291c-4fda-abfe-5a9e684237a5
2023-03-28 15:08:24,380 [grpc-default-executor-3] INFO  storage.SnapshotManager (SnapshotManager.java:rename(168)) - Installed snapshot, renaming temporary dir /home/runner/work/ratis/ratis/ratis-test/target/test/data/d2acef73/MiniRaftClusterWithGrpc1e1ad59a/s2/8ff4356c-c846-4df1-a094-8e30088daa34/tmp/snapshot-5bf60faa-826b-4696-b83e-36696a29360e to /home/runner/work/ratis/ratis/ratis-test/target/test/data/d2acef73/MiniRaftClusterWithGrpc1e1ad59a/s2/8ff4356c-c846-4df1-a094-8e30088daa34/sm
2023-03-28 15:08:24,380 [grpc-default-executor-3] TRACE util.FileUtils (LogUtils.java:runAndLog(49)) - Successfully ran Atomic Files.move /home/runner/work/ratis/ratis/ratis-test/target/test/data/d2acef73/MiniRaftClusterWithGrpc1e1ad59a/s2/8ff4356c-c846-4df1-a094-8e30088daa34/sm to /home/runner/work/ratis/ratis/ratis-test/target/test/data/d2acef73/MiniRaftClusterWithGrpc1e1ad59a/s2/8ff4356c-c846-4df1-a094-8e30088daa34/sm.tmp20230328-150824_380
2023-03-28 15:08:24,381 [grpc-default-executor-3] TRACE util.FileUtils (LogUtils.java:runAndLog(49)) - Successfully ran Atomic Files.move /home/runner/work/ratis/ratis/ratis-test/target/test/data/d2acef73/MiniRaftClusterWithGrpc1e1ad59a/s2/8ff4356c-c846-4df1-a094-8e30088daa34/tmp/snapshot-5bf60faa-826b-4696-b83e-36696a29360e to /home/runner/work/ratis/ratis/ratis-test/target/test/data/d2acef73/MiniRaftClusterWithGrpc1e1ad59a/s2/8ff4356c-c846-4df1-a094-8e30088daa34/sm
2023-03-28 15:08:24,381 [grpc-default-executor-3] TRACE util.FileUtils (FileUtils.java:deleteFully(201)) - deleteFully /home/runner/work/ratis/ratis/ratis-test/target/test/data/d2acef73/MiniRaftClusterWithGrpc1e1ad59a/s2/8ff4356c-c846-4df1-a094-8e30088daa34/sm.tmp20230328-150824_380
2023-03-28 15:08:24,381 [grpc-default-executor-3] TRACE util.FileUtils (LogUtils.java:runAndLog(49)) - Successfully ran Files.delete /home/runner/work/ratis/ratis/ratis-test/target/test/data/d2acef73/MiniRaftClusterWithGrpc1e1ad59a/s2/8ff4356c-c846-4df1-a094-8e30088daa34/sm.tmp20230328-150824_380
2023-03-28 15:08:24,381 [grpc-default-executor-3] INFO  raftlog.RaftLog (RaftLogBase.java:lambda$new$0(53)) - s2@group-8E30088DAA34-SegmentedRaftLog: snapshotIndex: updateIncreasingly -1 -> 191
2023-03-28 15:08:24,381 [grpc-default-executor-3] INFO  impl.SnapshotInstallationHandler (SnapshotInstallationHandler.java:checkAndInstallSnapshot(193)) - s2@group-8E30088DAA34: successfully install the entire snapshot-191
2023-03-28 15:08:24,381 [s2@group-8E30088DAA34-StateMachineUpdater] INFO  impl.SimpleStateMachine4Testing (SimpleStateMachine4Testing.java:reinitialize(236)) - Reinitializing StateMachineWithMultiNestedSnapshotFile:s2:group-8E30088DAA34
2023-03-28 15:08:24,381 [grpc-default-executor-3] INFO  impl.SnapshotInstallationHandler (SnapshotInstallationHandler.java:installSnapshot(100)) - s2@group-8E30088DAA34: reply installSnapshot: s0<-s2#0:OK-t1,SUCCESS,requestIndex=10
2023-03-28 15:08:24,381 [s2@group-8E30088DAA34-StateMachineUpdater] INFO  impl.SimpleStateMachine4Testing (SimpleStateMachine4Testing.java:loadSnapshot(293)) - Loading snapshot SingleFileSnapshotInfo(t:1, i:191):[/home/runner/work/ratis/ratis/ratis-test/target/test/data/d2acef73/MiniRaftClusterWithGrpc1e1ad59a/s2/8ff4356c-c846-4df1-a094-8e30088daa34/sm/snapshot.1_191]
2023-03-28 15:08:24,381 [s2@group-8E30088DAA34-StateMachineUpdater] INFO  impl.SimpleStateMachine4Testing (SimpleStateMachine4Testing.java:put(205)) - s2: put 1, m0 -> (t:1, i:1), STATEMACHINELOGENTRY, 258@client-0F1BF4C2F21A
2023-03-28 15:08:24,381 [s2@group-8E30088DAA34-StateMachineUpdater] INFO  impl.SimpleStateMachine4Testing (SimpleStateMachine4Testing.java:put(205)) - s2: put 3, m1 -> (t:1, i:3), STATEMACHINELOGENTRY, 259@client-0F1BF4C2F21A
2023-03-28 15:08:24,381 [s2@group-8E30088DAA34-StateMachineUpdater] INFO  impl.SimpleStateMachine4Testing (SimpleStateMachine4Testing.java:put(205)) - s2: put 5, m2 -> (t:1, i:5), STATEMACHINELOGENTRY, 260@client-0F1BF4C2F21A
2023-03-28 15:08:24,381 [s2@group-8E30088DAA34-StateMachineUpdater] INFO  impl.SimpleStateMachine4Testing (SimpleStateMachine4Testing.java:put(205)) - s2: put 7, m3 -> (t:1, i:7), STATEMACHINELOGENTRY, 261@client-0F1BF4C2F21A
2023-03-28 15:08:24,382 [grpc-default-executor-1] INFO  server.GrpcLogAppender (GrpcLogAppender.java:onNext(501)) - s0@group-8E30088DAA34->s2-InstallSnapshotResponseHandler: received a reply s0<-s2#0:OK-t1,SUCCESS,requestIndex=10
2023-03-28 15:08:24,382 [s2@group-8E30088DAA34-StateMachineUpdater] INFO  impl.SimpleStateMachine4Testing (SimpleStateMachine4Testing.java:put(205)) - s2: put 9, m4 -> (t:1, i:9), STATEMACHINELOGENTRY, 262@client-0F1BF4C2F21A
2023-03-28 15:08:24,382 [s2@group-8E30088DAA34-StateMachineUpdater] INFO  impl.SimpleStateMachine4Testing (SimpleStateMachine4Testing.java:put(205)) - s2: put 11, m5 -> (t:1, i:11), STATEMACHINELOGENTRY, 263@client-0F1BF4C2F21A
2023-03-28 15:08:24,382 [s2@group-8E30088DAA34-StateMachineUpdater] INFO  impl.SimpleStateMachine4Testing (SimpleStateMachine4Testing.java:put(205)) - s2: put 13, m6 -> (t:1, i:13), STATEMACHINELOGENTRY, 264@client-0F1BF4C2F21A
2023-03-28 15:08:24,382 [grpc-default-executor-1] INFO  server.GrpcLogAppender (GrpcLogAppender.java:onNext(514)) - s0@group-8E30088DAA34->s2-InstallSnapshotResponseHandler: Completed InstallSnapshot. Reply: serverReply {
  requestorId: "s0"
  replyId: "s2"
  raftGroupId {
    id: "\217\3645l\310FM\361\240\224\2160\b\215\2524"
  }
  success: true
}
term: 1
requestIndex: 10

2023-03-28 15:08:24,382 [s2@group-8E30088DAA34-StateMachineUpdater] INFO  impl.SimpleStateMachine4Testing (SimpleStateMachine4Testing.java:put(205)) - s2: put 15, m7 -> (t:1, i:15), STATEMACHINELOGENTRY, 265@client-0F1BF4C2F21A
2023-03-28 15:08:24,382 [grpc-default-executor-1] INFO  leader.FollowerInfo (FollowerInfoImpl.java:setAttemptedToInstallSnapshot(126)) - Follower s0@group-8E30088DAA34->s2 acknowledged installing snapshot
2023-03-28 15:08:24,382 [s2@group-8E30088DAA34-StateMachineUpdater] INFO  impl.SimpleStateMachine4Testing (SimpleStateMachine4Testing.java:put(205)) - s2: put 17, m8 -> (t:1, i:17), STATEMACHINELOGENTRY, 266@client-0F1BF4C2F21A
2023-03-28 15:08:24,382 [s2@group-8E30088DAA34-StateMachineUpdater] INFO  impl.SimpleStateMachine4Testing (SimpleStateMachine4Testing.java:put(205)) - s2: put 19, m9 -> (t:1, i:19), STATEMACHINELOGENTRY, 267@client-0F1BF4C2F21A
2023-03-28 15:08:24,382 [s2@group-8E30088DAA34-StateMachineUpdater] INFO  impl.SimpleStateMachine4Testing (SimpleStateMachine4Testing.java:put(205)) - s2: put 21, m10 -> (t:1, i:21), STATEMACHINELOGENTRY, 268@client-0F1BF4C2F21A
2023-03-28 15:08:24,382 [grpc-default-executor-2] TRACE util.FileUtils (LogUtils.java:runAndLog(49)) - Successfully ran Files.createDirectories /home/runner/work/ratis/ratis/ratis-test/target/test/data/d2acef73/MiniRaftClusterWithGrpc1e1ad59a/s1/8ff4356c-c846-4df1-a094-8e30088daa34/tmp/snapshot-936e9173-291c-4fda-abfe-5a9e684237a5
2023-03-28 15:08:24,382 [s2@group-8E30088DAA34-StateMachineUpdater] INFO  impl.SimpleStateMachine4Testing (SimpleStateMachine4Testing.java:put(205)) - s2: put 23, m11 -> (t:1, i:23), STATEMACHINELOGENTRY, 269@client-0F1BF4C2F21A
2023-03-28 15:08:24,382 [s2@group-8E30088DAA34-StateMachineUpdater] INFO  impl.SimpleStateMachine4Testing (SimpleStateMachine4Testing.java:put(205)) - s2: put 25, m12 -> (t:1, i:25), STATEMACHINELOGENTRY, 270@client-0F1BF4C2F21A
2023-03-28 15:08:24,382 [s2@group-8E30088DAA34-StateMachineUpdater] INFO  impl.SimpleStateMachine4Testing (SimpleStateMachine4Testing.java:put(205)) - s2: put 27, m13 -> (t:1, i:27), STATEMACHINELOGENTRY, 271@client-0F1BF4C2F21A
2023-03-28 15:08:24,382 [s2@group-8E30088DAA34-StateMachineUpdater] INFO  impl.SimpleStateMachine4Testing (SimpleStateMachine4Testing.java:put(205)) - s2: put 29, m14 -> (t:1, i:29), STATEMACHINELOGENTRY, 272@client-0F1BF4C2F21A
2023-03-28 15:08:24,382 [s2@group-8E30088DAA34-StateMachineUpdater] INFO  impl.SimpleStateMachine4Testing (SimpleStateMachine4Testing.java:put(205)) - s2: put 31, m15 -> (t:1, i:31), STATEMACHINELOGENTRY, 273@client-0F1BF4C2F21A
2023-03-28 15:08:24,382 [grpc-default-executor-2] INFO  impl.SnapshotInstallationHandler (SnapshotInstallationHandler.java:installSnapshot(100)) - s1@group-8E30088DAA34: reply installSnapshot: s0<-s1#0:OK-t1,SUCCESS,requestIndex=5
2023-03-28 15:08:24,382 [s2@group-8E30088DAA34-StateMachineUpdater] INFO  impl.SimpleStateMachine4Testing (SimpleStateMachine4Testing.java:put(205)) - s2: put 33, m16 -> (t:1, i:33), STATEMACHINELOGENTRY, 274@client-0F1BF4C2F21A
2023-03-28 15:08:24,382 [s2@group-8E30088DAA34-StateMachineUpdater] INFO  impl.SimpleStateMachine4Testing (SimpleStateMachine4Testing.java:put(205)) - s2: put 35, m17 -> (t:1, i:35), STATEMACHINELOGENTRY, 275@client-0F1BF4C2F21A
2023-03-28 15:08:24,382 [s2@group-8E30088DAA34-StateMachineUpdater] INFO  impl.SimpleStateMachine4Testing (SimpleStateMachine4Testing.java:put(205)) - s2: put 37, m18 -> (t:1, i:37), STATEMACHINELOGENTRY, 276@client-0F1BF4C2F21A
2023-03-28 15:08:24,382 [s2@group-8E30088DAA34-StateMachineUpdater] INFO  impl.SimpleStateMachine4Testing (SimpleStateMachine4Testing.java:put(205)) - s2: put 39, m19 -> (t:1, i:39), STATEMACHINELOGENTRY, 277@client-0F1BF4C2F21A
2023-03-28 15:08:24,382 [s2@group-8E30088DAA34-StateMachineUpdater] INFO  impl.SimpleStateMachine4Testing (SimpleStateMachine4Testing.java:put(205)) - s2: put 41, m20 -> (t:1, i:41), STATEMACHINELOGENTRY, 278@client-0F1BF4C2F21A
2023-03-28 15:08:24,382 [s2@group-8E30088DAA34-StateMachineUpdater] INFO  impl.SimpleStateMachine4Testing (SimpleStateMachine4Testing.java:put(205)) - s2: put 43, m21 -> (t:1, i:43), STATEMACHINELOGENTRY, 279@client-0F1BF4C2F21A
2023-03-28 15:08:24,382 [s2@group-8E30088DAA34-StateMachineUpdater] INFO  impl.SimpleStateMachine4Testing (SimpleStateMachine4Testing.java:put(205)) - s2: put 45, m22 -> (t:1, i:45), STATEMACHINELOGENTRY, 280@client-0F1BF4C2F21A
2023-03-28 15:08:24,382 [grpc-default-executor-1] INFO  server.GrpcLogAppender (GrpcLogAppender.java:onNext(501)) - s0@group-8E30088DAA34->s1-InstallSnapshotResponseHandler: received a reply s0<-s1#0:OK-t1,SUCCESS,requestIndex=5
2023-03-28 15:08:24,382 [s2@group-8E30088DAA34-StateMachineUpdater] INFO  impl.SimpleStateMachine4Testing (SimpleStateMachine4Testing.java:put(205)) - s2: put 47, m23 -> (t:1, i:47), STATEMACHINELOGENTRY, 281@client-0F1BF4C2F21A
2023-03-28 15:08:24,382 [s2@group-8E30088DAA34-StateMachineUpdater] INFO  impl.SimpleStateMachine4Testing (SimpleStateMachine4Testing.java:put(205)) - s2: put 49, m24 -> (t:1, i:49), STATEMACHINELOGENTRY, 282@client-0F1BF4C2F21A
2023-03-28 15:08:24,382 [s2@group-8E30088DAA34-StateMachineUpdater] INFO  impl.SimpleStateMachine4Testing (SimpleStateMachine4Testing.java:put(205)) - s2: put 51, m25 -> (t:1, i:51), STATEMACHINELOGENTRY, 283@client-0F1BF4C2F21A
2023-03-28 15:08:24,382 [grpc-default-executor-1] INFO  server.GrpcLogAppender (GrpcLogAppender.java:onNext(514)) - s0@group-8E30088DAA34->s1-InstallSnapshotResponseHandler: Completed InstallSnapshot. Reply: serverReply {
  requestorId: "s0"
  replyId: "s1"
  raftGroupId {
    id: "\217\3645l\310FM\361\240\224\2160\b\215\2524"
  }
  success: true
}
term: 1
requestIndex: 5

2023-03-28 15:08:24,382 [s2@group-8E30088DAA34-StateMachineUpdater] INFO  impl.SimpleStateMachine4Testing (SimpleStateMachine4Testing.java:put(205)) - s2: put 53, m26 -> (t:1, i:53), STATEMACHINELOGENTRY, 284@client-0F1BF4C2F21A
2023-03-28 15:08:24,383 [grpc-default-executor-1] INFO  leader.FollowerInfo (FollowerInfoImpl.java:setAttemptedToInstallSnapshot(126)) - Follower s0@group-8E30088DAA34->s1 acknowledged installing snapshot
2023-03-28 15:08:24,383 [s2@group-8E30088DAA34-StateMachineUpdater] INFO  impl.SimpleStateMachine4Testing (SimpleStateMachine4Testing.java:put(205)) - s2: put 55, m27 -> (t:1, i:55), STATEMACHINELOGENTRY, 285@client-0F1BF4C2F21A
2023-03-28 15:08:24,383 [s2@group-8E30088DAA34-StateMachineUpdater] INFO  impl.SimpleStateMachine4Testing (SimpleStateMachine4Testing.java:put(205)) - s2: put 57, m28 -> (t:1, i:57), STATEMACHINELOGENTRY, 286@client-0F1BF4C2F21A
2023-03-28 15:08:24,383 [s2@group-8E30088DAA34-StateMachineUpdater] INFO  impl.SimpleStateMachine4Testing (SimpleStateMachine4Testing.java:put(205)) - s2: put 59, m29 -> (t:1, i:59), STATEMACHINELOGENTRY, 287@client-0F1BF4C2F21A
2023-03-28 15:08:24,383 [s2@group-8E30088DAA34-StateMachineUpdater] INFO  impl.SimpleStateMachine4Testing (SimpleStateMachine4Testing.java:put(205)) - s2: put 61, m30 -> (t:1, i:61), STATEMACHINELOGENTRY, 288@client-0F1BF4C2F21A
2023-03-28 15:08:24,383 [s2@group-8E30088DAA34-StateMachineUpdater] INFO  impl.SimpleStateMachine4Testing (SimpleStateMachine4Testing.java:put(205)) - s2: put 63, m31 -> (t:1, i:63), STATEMACHINELOGENTRY, 289@client-0F1BF4C2F21A
2023-03-28 15:08:24,383 [grpc-default-executor-2] INFO  impl.SnapshotInstallationHandler (SnapshotInstallationHandler.java:installSnapshot(89)) - s1@group-8E30088DAA34: receive installSnapshot: s0->s1#0-t1,chunk:936e9173-291c-4fda-abfe-5a9e684237a5,6
2023-03-28 15:08:24,383 [s2@group-8E30088DAA34-StateMachineUpdater] INFO  impl.SimpleStateMachine4Testing (SimpleStateMachine4Testing.java:put(205)) - s2: put 65, m32 -> (t:1, i:65), STATEMACHINELOGENTRY, 290@client-0F1BF4C2F21A
2023-03-28 15:08:24,383 [s2@group-8E30088DAA34-StateMachineUpdater] INFO  impl.SimpleStateMachine4Testing (SimpleStateMachine4Testing.java:put(205)) - s2: put 67, m33 -> (t:1, i:67), STATEMACHINELOGENTRY, 291@client-0F1BF4C2F21A
2023-03-28 15:08:24,383 [s2@group-8E30088DAA34-StateMachineUpdater] INFO  impl.SimpleStateMachine4Testing (SimpleStateMachine4Testing.java:put(205)) - s2: put 69, m34 -> (t:1, i:69), STATEMACHINELOGENTRY, 292@client-0F1BF4C2F21A
2023-03-28 15:08:24,383 [grpc-default-executor-2] TRACE util.FileUtils (LogUtils.java:runAndLog(49)) - Successfully ran Files.createDirectories /home/runner/work/ratis/ratis/ratis-test/target/test/data/d2acef73/MiniRaftClusterWithGrpc1e1ad59a/s1/8ff4356c-c846-4df1-a094-8e30088daa34/tmp/snapshot-936e9173-291c-4fda-abfe-5a9e684237a5
2023-03-28 15:08:24,383 [s2@group-8E30088DAA34-StateMachineUpdater] INFO  impl.SimpleStateMachine4Testing (SimpleStateMachine4Testing.java:put(205)) - s2: put 71, m35 -> (t:1, i:71), STATEMACHINELOGENTRY, 293@client-0F1BF4C2F21A
2023-03-28 15:08:24,383 [grpc-default-executor-2] INFO  storage.SnapshotManager (SnapshotManager.java:installSnapshot(89)) - Installing snapshot:s0->s1#0-t1,chunk:936e9173-291c-4fda-abfe-5a9e684237a5,6, to tmp dir:/home/runner/work/ratis/ratis/ratis-test/target/test/data/d2acef73/MiniRaftClusterWithGrpc1e1ad59a/s1/8ff4356c-c846-4df1-a094-8e30088daa34/tmp/snapshot-936e9173-291c-4fda-abfe-5a9e684237a5
2023-03-28 15:08:24,383 [s2@group-8E30088DAA34-StateMachineUpdater] INFO  impl.SimpleStateMachine4Testing (SimpleStateMachine4Testing.java:put(205)) - s2: put 73, m36 -> (t:1, i:73), STATEMACHINELOGENTRY, 294@client-0F1BF4C2F21A
2023-03-28 15:08:24,383 [s2@group-8E30088DAA34-StateMachineUpdater] INFO  impl.SimpleStateMachine4Testing (SimpleStateMachine4Testing.java:put(205)) - s2: put 75, m37 -> (t:1, i:75), STATEMACHINELOGENTRY, 295@client-0F1BF4C2F21A
2023-03-28 15:08:24,383 [grpc-default-executor-2] TRACE util.FileUtils (LogUtils.java:runAndLog(49)) - Successfully ran Files.createDirectories /home/runner/work/ratis/ratis/ratis-test/target/test/data/d2acef73/MiniRaftClusterWithGrpc1e1ad59a/s1/8ff4356c-c846-4df1-a094-8e30088daa34/tmp/snapshot-936e9173-291c-4fda-abfe-5a9e684237a5
2023-03-28 15:08:24,383 [s2@group-8E30088DAA34-StateMachineUpdater] INFO  impl.SimpleStateMachine4Testing (SimpleStateMachine4Testing.java:put(205)) - s2: put 77, m38 -> (t:1, i:77), STATEMACHINELOGENTRY, 296@client-0F1BF4C2F21A
2023-03-28 15:08:24,383 [s2@group-8E30088DAA34-StateMachineUpdater] INFO  impl.SimpleStateMachine4Testing (SimpleStateMachine4Testing.java:put(205)) - s2: put 79, m39 -> (t:1, i:79), STATEMACHINELOGENTRY, 297@client-0F1BF4C2F21A
2023-03-28 15:08:24,383 [s2@group-8E30088DAA34-StateMachineUpdater] INFO  impl.SimpleStateMachine4Testing (SimpleStateMachine4Testing.java:put(205)) - s2: put 81, m40 -> (t:1, i:81), STATEMACHINELOGENTRY, 298@client-0F1BF4C2F21A
2023-03-28 15:08:24,383 [s2@group-8E30088DAA34-StateMachineUpdater] INFO  impl.SimpleStateMachine4Testing (SimpleStateMachine4Testing.java:put(205)) - s2: put 83, m41 -> (t:1, i:83), STATEMACHINELOGENTRY, 299@client-0F1BF4C2F21A
2023-03-28 15:08:24,383 [s2@group-8E30088DAA34-StateMachineUpdater] INFO  impl.SimpleStateMachine4Testing (SimpleStateMachine4Testing.java:put(205)) - s2: put 85, m42 -> (t:1, i:85), STATEMACHINELOGENTRY, 300@client-0F1BF4C2F21A
2023-03-28 15:08:24,383 [s2@group-8E30088DAA34-StateMachineUpdater] INFO  impl.SimpleStateMachine4Testing (SimpleStateMachine4Testing.java:put(205)) - s2: put 87, m43 -> (t:1, i:87), STATEMACHINELOGENTRY, 301@client-0F1BF4C2F21A
2023-03-28 15:08:24,383 [s2@group-8E30088DAA34-StateMachineUpdater] INFO  impl.SimpleStateMachine4Testing (SimpleStateMachine4Testing.java:put(205)) - s2: put 89, m44 -> (t:1, i:89), STATEMACHINELOGENTRY, 302@client-0F1BF4C2F21A
2023-03-28 15:08:24,383 [s2@group-8E30088DAA34-StateMachineUpdater] INFO  impl.SimpleStateMachine4Testing (SimpleStateMachine4Testing.java:put(205)) - s2: put 91, m45 -> (t:1, i:91), STATEMACHINELOGENTRY, 303@client-0F1BF4C2F21A
2023-03-28 15:08:24,383 [s2@group-8E30088DAA34-StateMachineUpdater] INFO  impl.SimpleStateMachine4Testing (SimpleStateMachine4Testing.java:put(205)) - s2: put 93, m46 -> (t:1, i:93), STATEMACHINELOGENTRY, 304@client-0F1BF4C2F21A
2023-03-28 15:08:24,383 [s2@group-8E30088DAA34-StateMachineUpdater] INFO  impl.SimpleStateMachine4Testing (SimpleStateMachine4Testing.java:put(205)) - s2: put 95, m47 -> (t:1, i:95), STATEMACHINELOGENTRY, 305@client-0F1BF4C2F21A
2023-03-28 15:08:24,383 [s2@group-8E30088DAA34-StateMachineUpdater] INFO  impl.SimpleStateMachine4Testing (SimpleStateMachine4Testing.java:put(205)) - s2: put 97, m48 -> (t:1, i:97), STATEMACHINELOGENTRY, 306@client-0F1BF4C2F21A
2023-03-28 15:08:24,384 [s2@group-8E30088DAA34-StateMachineUpdater] INFO  impl.SimpleStateMachine4Testing (SimpleStateMachine4Testing.java:put(205)) - s2: put 99, m49 -> (t:1, i:99), STATEMACHINELOGENTRY, 307@client-0F1BF4C2F21A
2023-03-28 15:08:24,384 [s2@group-8E30088DAA34-StateMachineUpdater] INFO  impl.SimpleStateMachine4Testing (SimpleStateMachine4Testing.java:put(205)) - s2: put 101, m50 -> (t:1, i:101), STATEMACHINELOGENTRY, 308@client-0F1BF4C2F21A
2023-03-28 15:08:24,384 [s2@group-8E30088DAA34-StateMachineUpdater] INFO  impl.SimpleStateMachine4Testing (SimpleStateMachine4Testing.java:put(205)) - s2: put 103, m51 -> (t:1, i:103), STATEMACHINELOGENTRY, 309@client-0F1BF4C2F21A
2023-03-28 15:08:24,384 [s2@group-8E30088DAA34-StateMachineUpdater] INFO  impl.SimpleStateMachine4Testing (SimpleStateMachine4Testing.java:put(205)) - s2: put 105, m52 -> (t:1, i:105), STATEMACHINELOGENTRY, 310@client-0F1BF4C2F21A
2023-03-28 15:08:24,384 [grpc-default-executor-3] INFO  server.GrpcServerProtocolService (GrpcServerProtocolService.java:onCompleted(145)) - s2: Completed INSTALL_SNAPSHOT, lastRequest: s0->s2#0-t1,chunk:5bf60faa-826b-4696-b83e-36696a29360e,10
2023-03-28 15:08:24,384 [s2@group-8E30088DAA34-StateMachineUpdater] INFO  impl.SimpleStateMachine4Testing (SimpleStateMachine4Testing.java:put(205)) - s2: put 107, m53 -> (t:1, i:107), STATEMACHINELOGENTRY, 311@client-0F1BF4C2F21A
2023-03-28 15:08:24,384 [s2@group-8E30088DAA34-StateMachineUpdater] INFO  impl.SimpleStateMachine4Testing (SimpleStateMachine4Testing.java:put(205)) - s2: put 109, m54 -> (t:1, i:109), STATEMACHINELOGENTRY, 312@client-0F1BF4C2F21A
2023-03-28 15:08:24,384 [s2@group-8E30088DAA34-StateMachineUpdater] INFO  impl.SimpleStateMachine4Testing (SimpleStateMachine4Testing.java:put(205)) - s2: put 111, m55 -> (t:1, i:111), STATEMACHINELOGENTRY, 313@client-0F1BF4C2F21A
2023-03-28 15:08:24,384 [s2@group-8E30088DAA34-StateMachineUpdater] INFO  impl.SimpleStateMachine4Testing (SimpleStateMachine4Testing.java:put(205)) - s2: put 113, m56 -> (t:1, i:113), STATEMACHINELOGENTRY, 314@client-0F1BF4C2F21A
2023-03-28 15:08:24,384 [s2@group-8E30088DAA34-StateMachineUpdater] INFO  impl.SimpleStateMachine4Testing (SimpleStateMachine4Testing.java:put(205)) - s2: put 115, m57 -> (t:1, i:115), STATEMACHINELOGENTRY, 315@client-0F1BF4C2F21A
2023-03-28 15:08:24,384 [s2@group-8E30088DAA34-StateMachineUpdater] INFO  impl.SimpleStateMachine4Testing (SimpleStateMachine4Testing.java:put(205)) - s2: put 117, m58 -> (t:1, i:117), STATEMACHINELOGENTRY, 316@client-0F1BF4C2F21A
2023-03-28 15:08:24,384 [s2@group-8E30088DAA34-StateMachineUpdater] INFO  impl.SimpleStateMachine4Testing (SimpleStateMachine4Testing.java:put(205)) - s2: put 119, m59 -> (t:1, i:119), STATEMACHINELOGENTRY, 317@client-0F1BF4C2F21A
2023-03-28 15:08:24,384 [s2@group-8E30088DAA34-StateMachineUpdater] INFO  impl.SimpleStateMachine4Testing (SimpleStateMachine4Testing.java:put(205)) - s2: put 121, m60 -> (t:1, i:121), STATEMACHINELOGENTRY, 318@client-0F1BF4C2F21A
2023-03-28 15:08:24,384 [s2@group-8E30088DAA34-StateMachineUpdater] INFO  impl.SimpleStateMachine4Testing (SimpleStateMachine4Testing.java:put(205)) - s2: put 123, m61 -> (t:1, i:123), STATEMACHINELOGENTRY, 319@client-0F1BF4C2F21A
2023-03-28 15:08:24,384 [s2@group-8E30088DAA34-StateMachineUpdater] INFO  impl.SimpleStateMachine4Testing (SimpleStateMachine4Testing.java:put(205)) - s2: put 125, m62 -> (t:1, i:125), STATEMACHINELOGENTRY, 320@client-0F1BF4C2F21A
2023-03-28 15:08:24,384 [grpc-default-executor-1] INFO  server.GrpcLogAppender (GrpcLogAppender.java:onCompleted(579)) - s0@group-8E30088DAA34->s2-InstallSnapshotResponseHandler: follower responded installSnapshot COMPLETED
2023-03-28 15:08:24,384 [s0@group-8E30088DAA34->s2-GrpcLogAppender-LogAppenderDaemon] INFO  leader.FollowerInfo (FollowerInfoImpl.java:lambda$new$0(52)) - s0@group-8E30088DAA34->s2: snapshotIndex: setUnconditionally 0 -> 191
2023-03-28 15:08:24,384 [s0@group-8E30088DAA34->s2-GrpcLogAppender-LogAppenderDaemon] INFO  leader.FollowerInfo (FollowerInfoImpl.java:lambda$new$0(52)) - s0@group-8E30088DAA34->s2: matchIndex: setUnconditionally -1 -> 191
2023-03-28 15:08:24,384 [s0@group-8E30088DAA34->s2-GrpcLogAppender-LogAppenderDaemon] INFO  leader.FollowerInfo (FollowerInfoImpl.java:lambda$new$0(52)) - s0@group-8E30088DAA34->s2: nextIndex: setUnconditionally 0 -> 192
2023-03-28 15:08:24,384 [s0@group-8E30088DAA34->s2-GrpcLogAppender-LogAppenderDaemon] INFO  server.GrpcLogAppender (GrpcLogAppender.java:installSnapshot(634)) - s0@group-8E30088DAA34->s2-GrpcLogAppender: installed snapshot FileListSnapshotInfo(t:1, i:191):[/home/runner/work/ratis/ratis/ratis-test/target/test/data/d2acef73/MiniRaftClusterWithGrpc1e1ad59a/s0/8ff4356c-c846-4df1-a094-8e30088daa34/sm/snapshot/1.bin, /home/runner/work/ratis/ratis/ratis-test/target/test/data/d2acef73/MiniRaftClusterWithGrpc1e1ad59a/s0/8ff4356c-c846-4df1-a094-8e30088daa34/sm/snapshot/sub/2.bin, /home/runner/work/ratis/ratis/ratis-test/target/test/data/d2acef73/MiniRaftClusterWithGrpc1e1ad59a/s0/8ff4356c-c846-4df1-a094-8e30088daa34/sm/snapshot.1_191] successfully
2023-03-28 15:08:24,383 [grpc-default-executor-2] INFO  impl.SnapshotInstallationHandler (SnapshotInstallationHandler.java:installSnapshot(100)) - s1@group-8E30088DAA34: reply installSnapshot: s0<-s1#0:OK-t1,SUCCESS,requestIndex=6
2023-03-28 15:08:24,384 [s2@group-8E30088DAA34-StateMachineUpdater] INFO  impl.SimpleStateMachine4Testing (SimpleStateMachine4Testing.java:put(205)) - s2: put 127, m63 -> (t:1, i:127), STATEMACHINELOGENTRY, 321@client-0F1BF4C2F21A
2023-03-28 15:08:24,395 [s2@group-8E30088DAA34-StateMachineUpdater] INFO  impl.SimpleStateMachine4Testing (SimpleStateMachine4Testing.java:put(205)) - s2: put 129, m64 -> (t:1, i:129), STATEMACHINELOGENTRY, 322@client-0F1BF4C2F21A
2023-03-28 15:08:24,395 [s2@group-8E30088DAA34-StateMachineUpdater] INFO  impl.SimpleStateMachine4Testing (SimpleStateMachine4Testing.java:put(205)) - s2: put 131, m65 -> (t:1, i:131), STATEMACHINELOGENTRY, 323@client-0F1BF4C2F21A
2023-03-28 15:08:24,395 [s2@group-8E30088DAA34-StateMachineUpdater] INFO  impl.SimpleStateMachine4Testing (SimpleStateMachine4Testing.java:put(205)) - s2: put 133, m66 -> (t:1, i:133), STATEMACHINELOGENTRY, 324@client-0F1BF4C2F21A
2023-03-28 15:08:24,395 [s2@group-8E30088DAA34-StateMachineUpdater] INFO  impl.SimpleStateMachine4Testing (SimpleStateMachine4Testing.java:put(205)) - s2: put 135, m67 -> (t:1, i:135), STATEMACHINELOGENTRY, 325@client-0F1BF4C2F21A
2023-03-28 15:08:24,395 [s2@group-8E30088DAA34-StateMachineUpdater] INFO  impl.SimpleStateMachine4Testing (SimpleStateMachine4Testing.java:put(205)) - s2: put 137, m68 -> (t:1, i:137), STATEMACHINELOGENTRY, 326@client-0F1BF4C2F21A
2023-03-28 15:08:24,396 [s2@group-8E30088DAA34-StateMachineUpdater] INFO  impl.SimpleStateMachine4Testing (SimpleStateMachine4Testing.java:put(205)) - s2: put 139, m69 -> (t:1, i:139), STATEMACHINELOGENTRY, 327@client-0F1BF4C2F21A
2023-03-28 15:08:24,396 [s2@group-8E30088DAA34-StateMachineUpdater] INFO  impl.SimpleStateMachine4Testing (SimpleStateMachine4Testing.java:put(205)) - s2: put 141, m70 -> (t:1, i:141), STATEMACHINELOGENTRY, 328@client-0F1BF4C2F21A
2023-03-28 15:08:24,396 [s2@group-8E30088DAA34-StateMachineUpdater] INFO  impl.SimpleStateMachine4Testing (SimpleStateMachine4Testing.java:put(205)) - s2: put 143, m71 -> (t:1, i:143), STATEMACHINELOGENTRY, 329@client-0F1BF4C2F21A
2023-03-28 15:08:24,396 [s2@group-8E30088DAA34-StateMachineUpdater] INFO  impl.SimpleStateMachine4Testing (SimpleStateMachine4Testing.java:put(205)) - s2: put 145, m72 -> (t:1, i:145), STATEMACHINELOGENTRY, 330@client-0F1BF4C2F21A
2023-03-28 15:08:24,396 [s2@group-8E30088DAA34-StateMachineUpdater] INFO  impl.SimpleStateMachine4Testing (SimpleStateMachine4Testing.java:put(205)) - s2: put 147, m73 -> (t:1, i:147), STATEMACHINELOGENTRY, 331@client-0F1BF4C2F21A
2023-03-28 15:08:24,396 [s2@group-8E30088DAA34-StateMachineUpdater] INFO  impl.SimpleStateMachine4Testing (SimpleStateMachine4Testing.java:put(205)) - s2: put 149, m74 -> (t:1, i:149), STATEMACHINELOGENTRY, 332@client-0F1BF4C2F21A
2023-03-28 15:08:24,396 [s2@group-8E30088DAA34-StateMachineUpdater] INFO  impl.SimpleStateMachine4Testing (SimpleStateMachine4Testing.java:put(205)) - s2: put 151, m75 -> (t:1, i:151), STATEMACHINELOGENTRY, 333@client-0F1BF4C2F21A
2023-03-28 15:08:24,396 [s2@group-8E30088DAA34-StateMachineUpdater] INFO  impl.SimpleStateMachine4Testing (SimpleStateMachine4Testing.java:put(205)) - s2: put 153, m76 -> (t:1, i:153), STATEMACHINELOGENTRY, 334@client-0F1BF4C2F21A
2023-03-28 15:08:24,396 [grpc-default-executor-0] INFO  impl.SnapshotInstallationHandler (SnapshotInstallationHandler.java:installSnapshot(89)) - s1@group-8E30088DAA34: receive installSnapshot: s0->s1#0-t1,chunk:936e9173-291c-4fda-abfe-5a9e684237a5,7
2023-03-28 15:08:24,396 [s2@group-8E30088DAA34-StateMachineUpdater] INFO  impl.SimpleStateMachine4Testing (SimpleStateMachine4Testing.java:put(205)) - s2: put 155, m77 -> (t:1, i:155), STATEMACHINELOGENTRY, 335@client-0F1BF4C2F21A
2023-03-28 15:08:24,396 [s2@group-8E30088DAA34-StateMachineUpdater] INFO  impl.SimpleStateMachine4Testing (SimpleStateMachine4Testing.java:put(205)) - s2: put 157, m78 -> (t:1, i:157), STATEMACHINELOGENTRY, 336@client-0F1BF4C2F21A
2023-03-28 15:08:24,396 [s2@group-8E30088DAA34-StateMachineUpdater] INFO  impl.SimpleStateMachine4Testing (SimpleStateMachine4Testing.java:put(205)) - s2: put 159, m79 -> (t:1, i:159), STATEMACHINELOGENTRY, 337@client-0F1BF4C2F21A
2023-03-28 15:08:24,396 [s2@group-8E30088DAA34-StateMachineUpdater] INFO  impl.SimpleStateMachine4Testing (SimpleStateMachine4Testing.java:put(205)) - s2: put 161, m80 -> (t:1, i:161), STATEMACHINELOGENTRY, 338@client-0F1BF4C2F21A
2023-03-28 15:08:24,396 [s2@group-8E30088DAA34-StateMachineUpdater] INFO  impl.SimpleStateMachine4Testing (SimpleStateMachine4Testing.java:put(205)) - s2: put 163, m81 -> (t:1, i:163), STATEMACHINELOGENTRY, 339@client-0F1BF4C2F21A
2023-03-28 15:08:24,396 [s2@group-8E30088DAA34-StateMachineUpdater] INFO  impl.SimpleStateMachine4Testing (SimpleStateMachine4Testing.java:put(205)) - s2: put 165, m82 -> (t:1, i:165), STATEMACHINELOGENTRY, 340@client-0F1BF4C2F21A
2023-03-28 15:08:24,396 [s2@group-8E30088DAA34-StateMachineUpdater] INFO  impl.SimpleStateMachine4Testing (SimpleStateMachine4Testing.java:put(205)) - s2: put 167, m83 -> (t:1, i:167), STATEMACHINELOGENTRY, 341@client-0F1BF4C2F21A
2023-03-28 15:08:24,396 [s2@group-8E30088DAA34-StateMachineUpdater] INFO  impl.SimpleStateMachine4Testing (SimpleStateMachine4Testing.java:put(205)) - s2: put 169, m84 -> (t:1, i:169), STATEMACHINELOGENTRY, 342@client-0F1BF4C2F21A
2023-03-28 15:08:24,396 [s2@group-8E30088DAA34-StateMachineUpdater] INFO  impl.SimpleStateMachine4Testing (SimpleStateMachine4Testing.java:put(205)) - s2: put 171, m85 -> (t:1, i:171), STATEMACHINELOGENTRY, 343@client-0F1BF4C2F21A
2023-03-28 15:08:24,396 [s2@group-8E30088DAA34-StateMachineUpdater] INFO  impl.SimpleStateMachine4Testing (SimpleStateMachine4Testing.java:put(205)) - s2: put 173, m86 -> (t:1, i:173), STATEMACHINELOGENTRY, 344@client-0F1BF4C2F21A
2023-03-28 15:08:24,396 [s2@group-8E30088DAA34-StateMachineUpdater] INFO  impl.SimpleStateMachine4Testing (SimpleStateMachine4Testing.java:put(205)) - s2: put 175, m87 -> (t:1, i:175), STATEMACHINELOGENTRY, 345@client-0F1BF4C2F21A
2023-03-28 15:08:24,396 [s2@group-8E30088DAA34-StateMachineUpdater] INFO  impl.SimpleStateMachine4Testing (SimpleStateMachine4Testing.java:put(205)) - s2: put 177, m88 -> (t:1, i:177), STATEMACHINELOGENTRY, 346@client-0F1BF4C2F21A
2023-03-28 15:08:24,396 [s2@group-8E30088DAA34-StateMachineUpdater] INFO  impl.SimpleStateMachine4Testing (SimpleStateMachine4Testing.java:put(205)) - s2: put 179, m89 -> (t:1, i:179), STATEMACHINELOGENTRY, 347@client-0F1BF4C2F21A
2023-03-28 15:08:24,396 [s2@group-8E30088DAA34-StateMachineUpdater] INFO  impl.SimpleStateMachine4Testing (SimpleStateMachine4Testing.java:put(205)) - s2: put 181, m90 -> (t:1, i:181), STATEMACHINELOGENTRY, 348@client-0F1BF4C2F21A
2023-03-28 15:08:24,396 [s2@group-8E30088DAA34-StateMachineUpdater] INFO  impl.SimpleStateMachine4Testing (SimpleStateMachine4Testing.java:put(205)) - s2: put 183, m91 -> (t:1, i:183), STATEMACHINELOGENTRY, 349@client-0F1BF4C2F21A
2023-03-28 15:08:24,396 [s2@group-8E30088DAA34-StateMachineUpdater] INFO  impl.SimpleStateMachine4Testing (SimpleStateMachine4Testing.java:put(205)) - s2: put 185, m92 -> (t:1, i:185), STATEMACHINELOGENTRY, 350@client-0F1BF4C2F21A
2023-03-28 15:08:24,397 [s2@group-8E30088DAA34-StateMachineUpdater] INFO  impl.SimpleStateMachine4Testing (SimpleStateMachine4Testing.java:put(205)) - s2: put 187, m93 -> (t:1, i:187), STATEMACHINELOGENTRY, 351@client-0F1BF4C2F21A
2023-03-28 15:08:24,397 [s2@group-8E30088DAA34-StateMachineUpdater] INFO  impl.SimpleStateMachine4Testing (SimpleStateMachine4Testing.java:put(205)) - s2: put 189, m94 -> (t:1, i:189), STATEMACHINELOGENTRY, 352@client-0F1BF4C2F21A
2023-03-28 15:08:24,397 [s2@group-8E30088DAA34-StateMachineUpdater] INFO  impl.SimpleStateMachine4Testing (SimpleStateMachine4Testing.java:put(205)) - s2: put 191, m95 -> (t:1, i:191), STATEMACHINELOGENTRY, 353@client-0F1BF4C2F21A
2023-03-28 15:08:24,397 [grpc-default-executor-0] TRACE util.FileUtils (LogUtils.java:runAndLog(49)) - Successfully ran Files.createDirectories /home/runner/work/ratis/ratis/ratis-test/target/test/data/d2acef73/MiniRaftClusterWithGrpc1e1ad59a/s1/8ff4356c-c846-4df1-a094-8e30088daa34/tmp/snapshot-936e9173-291c-4fda-abfe-5a9e684237a5
2023-03-28 15:08:24,397 [grpc-default-executor-0] INFO  storage.SnapshotManager (SnapshotManager.java:installSnapshot(89)) - Installing snapshot:s0->s1#0-t1,chunk:936e9173-291c-4fda-abfe-5a9e684237a5,7, to tmp dir:/home/runner/work/ratis/ratis/ratis-test/target/test/data/d2acef73/MiniRaftClusterWithGrpc1e1ad59a/s1/8ff4356c-c846-4df1-a094-8e30088daa34/tmp/snapshot-936e9173-291c-4fda-abfe-5a9e684237a5
2023-03-28 15:08:24,397 [grpc-default-executor-0] TRACE util.FileUtils (LogUtils.java:runAndLog(49)) - Successfully ran Files.createDirectories /home/runner/work/ratis/ratis/ratis-test/target/test/data/d2acef73/MiniRaftClusterWithGrpc1e1ad59a/s1/8ff4356c-c846-4df1-a094-8e30088daa34/tmp/snapshot-936e9173-291c-4fda-abfe-5a9e684237a5
2023-03-28 15:08:24,397 [grpc-default-executor-0] INFO  impl.SnapshotInstallationHandler (SnapshotInstallationHandler.java:installSnapshot(100)) - s1@group-8E30088DAA34: reply installSnapshot: s0<-s1#0:OK-t1,SUCCESS,requestIndex=7
2023-03-28 15:08:24,400 [s2@group-8E30088DAA34-StateMachineUpdater] INFO  impl.StateMachineUpdater (StateMachineUpdater.java:lambda$new$0(96)) - s2@group-8E30088DAA34-StateMachineUpdater: snapshotIndex: setUnconditionally -1 -> 191
2023-03-28 15:08:24,405 [s2@group-8E30088DAA34-StateMachineUpdater] INFO  impl.StateMachineUpdater (StateMachineUpdater.java:lambda$new$0(96)) - s2@group-8E30088DAA34-StateMachineUpdater: appliedIndex: setUnconditionally -1 -> 191
2023-03-28 15:08:24,405 [grpc-default-executor-0] INFO  impl.SnapshotInstallationHandler (SnapshotInstallationHandler.java:installSnapshot(89)) - s1@group-8E30088DAA34: receive installSnapshot: s0->s1#0-t1,chunk:936e9173-291c-4fda-abfe-5a9e684237a5,8
2023-03-28 15:08:24,406 [grpc-default-executor-0] TRACE util.FileUtils (LogUtils.java:runAndLog(49)) - Successfully ran Files.createDirectories /home/runner/work/ratis/ratis/ratis-test/target/test/data/d2acef73/MiniRaftClusterWithGrpc1e1ad59a/s1/8ff4356c-c846-4df1-a094-8e30088daa34/tmp/snapshot-936e9173-291c-4fda-abfe-5a9e684237a5
2023-03-28 15:08:24,406 [grpc-default-executor-0] INFO  storage.SnapshotManager (SnapshotManager.java:installSnapshot(89)) - Installing snapshot:s0->s1#0-t1,chunk:936e9173-291c-4fda-abfe-5a9e684237a5,8, to tmp dir:/home/runner/work/ratis/ratis/ratis-test/target/test/data/d2acef73/MiniRaftClusterWithGrpc1e1ad59a/s1/8ff4356c-c846-4df1-a094-8e30088daa34/tmp/snapshot-936e9173-291c-4fda-abfe-5a9e684237a5
2023-03-28 15:08:24,406 [grpc-default-executor-0] TRACE util.FileUtils (LogUtils.java:runAndLog(49)) - Successfully ran Files.createDirectories /home/runner/work/ratis/ratis/ratis-test/target/test/data/d2acef73/MiniRaftClusterWithGrpc1e1ad59a/s1/8ff4356c-c846-4df1-a094-8e30088daa34/tmp/snapshot-936e9173-291c-4fda-abfe-5a9e684237a5
2023-03-28 15:08:24,406 [grpc-default-executor-0] INFO  impl.SnapshotInstallationHandler (SnapshotInstallationHandler.java:installSnapshot(100)) - s1@group-8E30088DAA34: reply installSnapshot: s0<-s1#0:OK-t1,SUCCESS,requestIndex=8
2023-03-28 15:08:24,404 [grpc-default-executor-4] INFO  server.GrpcLogAppender (GrpcLogAppender.java:onNext(501)) - s0@group-8E30088DAA34->s1-InstallSnapshotResponseHandler: received a reply s0<-s1#0:OK-t1,SUCCESS,requestIndex=6
2023-03-28 15:08:24,406 [grpc-default-executor-4] INFO  server.GrpcLogAppender (GrpcLogAppender.java:onNext(514)) - s0@group-8E30088DAA34->s1-InstallSnapshotResponseHandler: Completed InstallSnapshot. Reply: serverReply {
  requestorId: "s0"
  replyId: "s1"
  raftGroupId {
    id: "\217\3645l\310FM\361\240\224\2160\b\215\2524"
  }
  success: true
}
term: 1
requestIndex: 6

2023-03-28 15:08:24,406 [grpc-default-executor-4] INFO  leader.FollowerInfo (FollowerInfoImpl.java:setAttemptedToInstallSnapshot(126)) - Follower s0@group-8E30088DAA34->s1 acknowledged installing snapshot
2023-03-28 15:08:24,407 [grpc-default-executor-4] INFO  impl.SnapshotInstallationHandler (SnapshotInstallationHandler.java:installSnapshot(89)) - s1@group-8E30088DAA34: receive installSnapshot: s0->s1#0-t1,chunk:936e9173-291c-4fda-abfe-5a9e684237a5,9
2023-03-28 15:08:24,407 [grpc-default-executor-4] TRACE util.FileUtils (LogUtils.java:runAndLog(49)) - Successfully ran Files.createDirectories /home/runner/work/ratis/ratis/ratis-test/target/test/data/d2acef73/MiniRaftClusterWithGrpc1e1ad59a/s1/8ff4356c-c846-4df1-a094-8e30088daa34/tmp/snapshot-936e9173-291c-4fda-abfe-5a9e684237a5
2023-03-28 15:08:24,407 [grpc-default-executor-4] INFO  storage.SnapshotManager (SnapshotManager.java:installSnapshot(89)) - Installing snapshot:s0->s1#0-t1,chunk:936e9173-291c-4fda-abfe-5a9e684237a5,9, to tmp dir:/home/runner/work/ratis/ratis/ratis-test/target/test/data/d2acef73/MiniRaftClusterWithGrpc1e1ad59a/s1/8ff4356c-c846-4df1-a094-8e30088daa34/tmp/snapshot-936e9173-291c-4fda-abfe-5a9e684237a5
2023-03-28 15:08:24,407 [grpc-default-executor-4] TRACE util.FileUtils (LogUtils.java:runAndLog(49)) - Successfully ran Files.createDirectories /home/runner/work/ratis/ratis/ratis-test/target/test/data/d2acef73/MiniRaftClusterWithGrpc1e1ad59a/s1/8ff4356c-c846-4df1-a094-8e30088daa34/tmp/snapshot-936e9173-291c-4fda-abfe-5a9e684237a5
2023-03-28 15:08:24,407 [grpc-default-executor-4] INFO  impl.SnapshotInstallationHandler (SnapshotInstallationHandler.java:installSnapshot(100)) - s1@group-8E30088DAA34: reply installSnapshot: s0<-s1#0:OK-t1,SUCCESS,requestIndex=9
2023-03-28 15:08:24,407 [grpc-default-executor-4] INFO  impl.SnapshotInstallationHandler (SnapshotInstallationHandler.java:installSnapshot(89)) - s1@group-8E30088DAA34: receive installSnapshot: s0->s1#0-t1,chunk:936e9173-291c-4fda-abfe-5a9e684237a5,10
2023-03-28 15:08:24,408 [grpc-default-executor-4] TRACE util.FileUtils (LogUtils.java:runAndLog(49)) - Successfully ran Files.createDirectories /home/runner/work/ratis/ratis/ratis-test/target/test/data/d2acef73/MiniRaftClusterWithGrpc1e1ad59a/s1/8ff4356c-c846-4df1-a094-8e30088daa34/tmp/snapshot-936e9173-291c-4fda-abfe-5a9e684237a5
2023-03-28 15:08:24,408 [grpc-default-executor-4] INFO  storage.SnapshotManager (SnapshotManager.java:installSnapshot(89)) - Installing snapshot:s0->s1#0-t1,chunk:936e9173-291c-4fda-abfe-5a9e684237a5,10, to tmp dir:/home/runner/work/ratis/ratis/ratis-test/target/test/data/d2acef73/MiniRaftClusterWithGrpc1e1ad59a/s1/8ff4356c-c846-4df1-a094-8e30088daa34/tmp/snapshot-936e9173-291c-4fda-abfe-5a9e684237a5
2023-03-28 15:08:24,408 [grpc-default-executor-4] TRACE util.FileUtils (LogUtils.java:runAndLog(49)) - Successfully ran Files.createDirectories /home/runner/work/ratis/ratis/ratis-test/target/test/data/d2acef73/MiniRaftClusterWithGrpc1e1ad59a/s1/8ff4356c-c846-4df1-a094-8e30088daa34/tmp/snapshot-936e9173-291c-4fda-abfe-5a9e684237a5
2023-03-28 15:08:24,409 [grpc-default-executor-4] INFO  storage.SnapshotManager (SnapshotManager.java:rename(168)) - Installed snapshot, renaming temporary dir /home/runner/work/ratis/ratis/ratis-test/target/test/data/d2acef73/MiniRaftClusterWithGrpc1e1ad59a/s1/8ff4356c-c846-4df1-a094-8e30088daa34/tmp/snapshot-936e9173-291c-4fda-abfe-5a9e684237a5 to /home/runner/work/ratis/ratis/ratis-test/target/test/data/d2acef73/MiniRaftClusterWithGrpc1e1ad59a/s1/8ff4356c-c846-4df1-a094-8e30088daa34/sm
2023-03-28 15:08:24,409 [grpc-default-executor-4] TRACE util.FileUtils (LogUtils.java:runAndLog(49)) - Successfully ran Atomic Files.move /home/runner/work/ratis/ratis/ratis-test/target/test/data/d2acef73/MiniRaftClusterWithGrpc1e1ad59a/s1/8ff4356c-c846-4df1-a094-8e30088daa34/sm to /home/runner/work/ratis/ratis/ratis-test/target/test/data/d2acef73/MiniRaftClusterWithGrpc1e1ad59a/s1/8ff4356c-c846-4df1-a094-8e30088daa34/sm.tmp20230328-150824_409
2023-03-28 15:08:24,409 [grpc-default-executor-4] TRACE util.FileUtils (LogUtils.java:runAndLog(49)) - Successfully ran Atomic Files.move /home/runner/work/ratis/ratis/ratis-test/target/test/data/d2acef73/MiniRaftClusterWithGrpc1e1ad59a/s1/8ff4356c-c846-4df1-a094-8e30088daa34/tmp/snapshot-936e9173-291c-4fda-abfe-5a9e684237a5 to /home/runner/work/ratis/ratis/ratis-test/target/test/data/d2acef73/MiniRaftClusterWithGrpc1e1ad59a/s1/8ff4356c-c846-4df1-a094-8e30088daa34/sm
2023-03-28 15:08:24,409 [grpc-default-executor-4] TRACE util.FileUtils (FileUtils.java:deleteFully(201)) - deleteFully /home/runner/work/ratis/ratis/ratis-test/target/test/data/d2acef73/MiniRaftClusterWithGrpc1e1ad59a/s1/8ff4356c-c846-4df1-a094-8e30088daa34/sm.tmp20230328-150824_409
2023-03-28 15:08:24,409 [grpc-default-executor-4] TRACE util.FileUtils (LogUtils.java:runAndLog(49)) - Successfully ran Files.delete /home/runner/work/ratis/ratis/ratis-test/target/test/data/d2acef73/MiniRaftClusterWithGrpc1e1ad59a/s1/8ff4356c-c846-4df1-a094-8e30088daa34/sm.tmp20230328-150824_409
2023-03-28 15:08:24,410 [grpc-default-executor-4] INFO  raftlog.RaftLog (RaftLogBase.java:lambda$new$0(53)) - s1@group-8E30088DAA34-SegmentedRaftLog: snapshotIndex: updateIncreasingly -1 -> 191
2023-03-28 15:08:24,410 [s1@group-8E30088DAA34-StateMachineUpdater] INFO  impl.SimpleStateMachine4Testing (SimpleStateMachine4Testing.java:reinitialize(236)) - Reinitializing StateMachineWithMultiNestedSnapshotFile:s1:group-8E30088DAA34
2023-03-28 15:08:24,410 [s1@group-8E30088DAA34-StateMachineUpdater] INFO  impl.SimpleStateMachine4Testing (SimpleStateMachine4Testing.java:loadSnapshot(293)) - Loading snapshot SingleFileSnapshotInfo(t:1, i:191):[/home/runner/work/ratis/ratis/ratis-test/target/test/data/d2acef73/MiniRaftClusterWithGrpc1e1ad59a/s1/8ff4356c-c846-4df1-a094-8e30088daa34/sm/snapshot.1_191]
2023-03-28 15:08:24,410 [s1@group-8E30088DAA34-StateMachineUpdater] INFO  impl.SimpleStateMachine4Testing (SimpleStateMachine4Testing.java:put(205)) - s1: put 1, m0 -> (t:1, i:1), STATEMACHINELOGENTRY, 258@client-0F1BF4C2F21A
2023-03-28 15:08:24,410 [s1@group-8E30088DAA34-StateMachineUpdater] INFO  impl.SimpleStateMachine4Testing (SimpleStateMachine4Testing.java:put(205)) - s1: put 3, m1 -> (t:1, i:3), STATEMACHINELOGENTRY, 259@client-0F1BF4C2F21A
2023-03-28 15:08:24,410 [s1@group-8E30088DAA34-StateMachineUpdater] INFO  impl.SimpleStateMachine4Testing (SimpleStateMachine4Testing.java:put(205)) - s1: put 5, m2 -> (t:1, i:5), STATEMACHINELOGENTRY, 260@client-0F1BF4C2F21A
2023-03-28 15:08:24,410 [s1@group-8E30088DAA34-StateMachineUpdater] INFO  impl.SimpleStateMachine4Testing (SimpleStateMachine4Testing.java:put(205)) - s1: put 7, m3 -> (t:1, i:7), STATEMACHINELOGENTRY, 261@client-0F1BF4C2F21A
2023-03-28 15:08:24,410 [s1@group-8E30088DAA34-StateMachineUpdater] INFO  impl.SimpleStateMachine4Testing (SimpleStateMachine4Testing.java:put(205)) - s1: put 9, m4 -> (t:1, i:9), STATEMACHINELOGENTRY, 262@client-0F1BF4C2F21A
2023-03-28 15:08:24,410 [s1@group-8E30088DAA34-StateMachineUpdater] INFO  impl.SimpleStateMachine4Testing (SimpleStateMachine4Testing.java:put(205)) - s1: put 11, m5 -> (t:1, i:11), STATEMACHINELOGENTRY, 263@client-0F1BF4C2F21A
2023-03-28 15:08:24,410 [s1@group-8E30088DAA34-StateMachineUpdater] INFO  impl.SimpleStateMachine4Testing (SimpleStateMachine4Testing.java:put(205)) - s1: put 13, m6 -> (t:1, i:13), STATEMACHINELOGENTRY, 264@client-0F1BF4C2F21A
2023-03-28 15:08:24,410 [s1@group-8E30088DAA34-StateMachineUpdater] INFO  impl.SimpleStateMachine4Testing (SimpleStateMachine4Testing.java:put(205)) - s1: put 15, m7 -> (t:1, i:15), STATEMACHINELOGENTRY, 265@client-0F1BF4C2F21A
2023-03-28 15:08:24,410 [s1@group-8E30088DAA34-StateMachineUpdater] INFO  impl.SimpleStateMachine4Testing (SimpleStateMachine4Testing.java:put(205)) - s1: put 17, m8 -> (t:1, i:17), STATEMACHINELOGENTRY, 266@client-0F1BF4C2F21A
2023-03-28 15:08:24,410 [s1@group-8E30088DAA34-StateMachineUpdater] INFO  impl.SimpleStateMachine4Testing (SimpleStateMachine4Testing.java:put(205)) - s1: put 19, m9 -> (t:1, i:19), STATEMACHINELOGENTRY, 267@client-0F1BF4C2F21A
2023-03-28 15:08:24,410 [s1@group-8E30088DAA34-StateMachineUpdater] INFO  impl.SimpleStateMachine4Testing (SimpleStateMachine4Testing.java:put(205)) - s1: put 21, m10 -> (t:1, i:21), STATEMACHINELOGENTRY, 268@client-0F1BF4C2F21A
2023-03-28 15:08:24,410 [s1@group-8E30088DAA34-StateMachineUpdater] INFO  impl.SimpleStateMachine4Testing (SimpleStateMachine4Testing.java:put(205)) - s1: put 23, m11 -> (t:1, i:23), STATEMACHINELOGENTRY, 269@client-0F1BF4C2F21A
2023-03-28 15:08:24,410 [s1@group-8E30088DAA34-StateMachineUpdater] INFO  impl.SimpleStateMachine4Testing (SimpleStateMachine4Testing.java:put(205)) - s1: put 25, m12 -> (t:1, i:25), STATEMACHINELOGENTRY, 270@client-0F1BF4C2F21A
2023-03-28 15:08:24,410 [s1@group-8E30088DAA34-StateMachineUpdater] INFO  impl.SimpleStateMachine4Testing (SimpleStateMachine4Testing.java:put(205)) - s1: put 27, m13 -> (t:1, i:27), STATEMACHINELOGENTRY, 271@client-0F1BF4C2F21A
2023-03-28 15:08:24,410 [s1@group-8E30088DAA34-StateMachineUpdater] INFO  impl.SimpleStateMachine4Testing (SimpleStateMachine4Testing.java:put(205)) - s1: put 29, m14 -> (t:1, i:29), STATEMACHINELOGENTRY, 272@client-0F1BF4C2F21A
2023-03-28 15:08:24,410 [s1@group-8E30088DAA34-StateMachineUpdater] INFO  impl.SimpleStateMachine4Testing (SimpleStateMachine4Testing.java:put(205)) - s1: put 31, m15 -> (t:1, i:31), STATEMACHINELOGENTRY, 273@client-0F1BF4C2F21A
2023-03-28 15:08:24,410 [s1@group-8E30088DAA34-StateMachineUpdater] INFO  impl.SimpleStateMachine4Testing (SimpleStateMachine4Testing.java:put(205)) - s1: put 33, m16 -> (t:1, i:33), STATEMACHINELOGENTRY, 274@client-0F1BF4C2F21A
2023-03-28 15:08:24,410 [s1@group-8E30088DAA34-StateMachineUpdater] INFO  impl.SimpleStateMachine4Testing (SimpleStateMachine4Testing.java:put(205)) - s1: put 35, m17 -> (t:1, i:35), STATEMACHINELOGENTRY, 275@client-0F1BF4C2F21A
2023-03-28 15:08:24,410 [s1@group-8E30088DAA34-StateMachineUpdater] INFO  impl.SimpleStateMachine4Testing (SimpleStateMachine4Testing.java:put(205)) - s1: put 37, m18 -> (t:1, i:37), STATEMACHINELOGENTRY, 276@client-0F1BF4C2F21A
2023-03-28 15:08:24,411 [s1@group-8E30088DAA34-StateMachineUpdater] INFO  impl.SimpleStateMachine4Testing (SimpleStateMachine4Testing.java:put(205)) - s1: put 39, m19 -> (t:1, i:39), STATEMACHINELOGENTRY, 277@client-0F1BF4C2F21A
2023-03-28 15:08:24,411 [s1@group-8E30088DAA34-StateMachineUpdater] INFO  impl.SimpleStateMachine4Testing (SimpleStateMachine4Testing.java:put(205)) - s1: put 41, m20 -> (t:1, i:41), STATEMACHINELOGENTRY, 278@client-0F1BF4C2F21A
2023-03-28 15:08:24,411 [s1@group-8E30088DAA34-StateMachineUpdater] INFO  impl.SimpleStateMachine4Testing (SimpleStateMachine4Testing.java:put(205)) - s1: put 43, m21 -> (t:1, i:43), STATEMACHINELOGENTRY, 279@client-0F1BF4C2F21A
2023-03-28 15:08:24,411 [s1@group-8E30088DAA34-StateMachineUpdater] INFO  impl.SimpleStateMachine4Testing (SimpleStateMachine4Testing.java:put(205)) - s1: put 45, m22 -> (t:1, i:45), STATEMACHINELOGENTRY, 280@client-0F1BF4C2F21A
2023-03-28 15:08:24,411 [s1@group-8E30088DAA34-StateMachineUpdater] INFO  impl.SimpleStateMachine4Testing (SimpleStateMachine4Testing.java:put(205)) - s1: put 47, m23 -> (t:1, i:47), STATEMACHINELOGENTRY, 281@client-0F1BF4C2F21A
2023-03-28 15:08:24,411 [s1@group-8E30088DAA34-StateMachineUpdater] INFO  impl.SimpleStateMachine4Testing (SimpleStateMachine4Testing.java:put(205)) - s1: put 49, m24 -> (t:1, i:49), STATEMACHINELOGENTRY, 282@client-0F1BF4C2F21A
2023-03-28 15:08:24,411 [s1@group-8E30088DAA34-StateMachineUpdater] INFO  impl.SimpleStateMachine4Testing (SimpleStateMachine4Testing.java:put(205)) - s1: put 51, m25 -> (t:1, i:51), STATEMACHINELOGENTRY, 283@client-0F1BF4C2F21A
2023-03-28 15:08:24,411 [s1@group-8E30088DAA34-StateMachineUpdater] INFO  impl.SimpleStateMachine4Testing (SimpleStateMachine4Testing.java:put(205)) - s1: put 53, m26 -> (t:1, i:53), STATEMACHINELOGENTRY, 284@client-0F1BF4C2F21A
2023-03-28 15:08:24,411 [s1@group-8E30088DAA34-StateMachineUpdater] INFO  impl.SimpleStateMachine4Testing (SimpleStateMachine4Testing.java:put(205)) - s1: put 55, m27 -> (t:1, i:55), STATEMACHINELOGENTRY, 285@client-0F1BF4C2F21A
2023-03-28 15:08:24,411 [s1@group-8E30088DAA34-StateMachineUpdater] INFO  impl.SimpleStateMachine4Testing (SimpleStateMachine4Testing.java:put(205)) - s1: put 57, m28 -> (t:1, i:57), STATEMACHINELOGENTRY, 286@client-0F1BF4C2F21A
2023-03-28 15:08:24,411 [s1@group-8E30088DAA34-StateMachineUpdater] INFO  impl.SimpleStateMachine4Testing (SimpleStateMachine4Testing.java:put(205)) - s1: put 59, m29 -> (t:1, i:59), STATEMACHINELOGENTRY, 287@client-0F1BF4C2F21A
2023-03-28 15:08:24,411 [s1@group-8E30088DAA34-StateMachineUpdater] INFO  impl.SimpleStateMachine4Testing (SimpleStateMachine4Testing.java:put(205)) - s1: put 61, m30 -> (t:1, i:61), STATEMACHINELOGENTRY, 288@client-0F1BF4C2F21A
2023-03-28 15:08:24,411 [s1@group-8E30088DAA34-StateMachineUpdater] INFO  impl.SimpleStateMachine4Testing (SimpleStateMachine4Testing.java:put(205)) - s1: put 63, m31 -> (t:1, i:63), STATEMACHINELOGENTRY, 289@client-0F1BF4C2F21A
2023-03-28 15:08:24,411 [s1@group-8E30088DAA34-StateMachineUpdater] INFO  impl.SimpleStateMachine4Testing (SimpleStateMachine4Testing.java:put(205)) - s1: put 65, m32 -> (t:1, i:65), STATEMACHINELOGENTRY, 290@client-0F1BF4C2F21A
2023-03-28 15:08:24,411 [s1@group-8E30088DAA34-StateMachineUpdater] INFO  impl.SimpleStateMachine4Testing (SimpleStateMachine4Testing.java:put(205)) - s1: put 67, m33 -> (t:1, i:67), STATEMACHINELOGENTRY, 291@client-0F1BF4C2F21A
2023-03-28 15:08:24,411 [s1@group-8E30088DAA34-StateMachineUpdater] INFO  impl.SimpleStateMachine4Testing (SimpleStateMachine4Testing.java:put(205)) - s1: put 69, m34 -> (t:1, i:69), STATEMACHINELOGENTRY, 292@client-0F1BF4C2F21A
2023-03-28 15:08:24,411 [s1@group-8E30088DAA34-StateMachineUpdater] INFO  impl.SimpleStateMachine4Testing (SimpleStateMachine4Testing.java:put(205)) - s1: put 71, m35 -> (t:1, i:71), STATEMACHINELOGENTRY, 293@client-0F1BF4C2F21A
2023-03-28 15:08:24,411 [s1@group-8E30088DAA34-StateMachineUpdater] INFO  impl.SimpleStateMachine4Testing (SimpleStateMachine4Testing.java:put(205)) - s1: put 73, m36 -> (t:1, i:73), STATEMACHINELOGENTRY, 294@client-0F1BF4C2F21A
2023-03-28 15:08:24,411 [s1@group-8E30088DAA34-StateMachineUpdater] INFO  impl.SimpleStateMachine4Testing (SimpleStateMachine4Testing.java:put(205)) - s1: put 75, m37 -> (t:1, i:75), STATEMACHINELOGENTRY, 295@client-0F1BF4C2F21A
2023-03-28 15:08:24,411 [s1@group-8E30088DAA34-StateMachineUpdater] INFO  impl.SimpleStateMachine4Testing (SimpleStateMachine4Testing.java:put(205)) - s1: put 77, m38 -> (t:1, i:77), STATEMACHINELOGENTRY, 296@client-0F1BF4C2F21A
2023-03-28 15:08:24,411 [s1@group-8E30088DAA34-StateMachineUpdater] INFO  impl.SimpleStateMachine4Testing (SimpleStateMachine4Testing.java:put(205)) - s1: put 79, m39 -> (t:1, i:79), STATEMACHINELOGENTRY, 297@client-0F1BF4C2F21A
2023-03-28 15:08:24,411 [s1@group-8E30088DAA34-StateMachineUpdater] INFO  impl.SimpleStateMachine4Testing (SimpleStateMachine4Testing.java:put(205)) - s1: put 81, m40 -> (t:1, i:81), STATEMACHINELOGENTRY, 298@client-0F1BF4C2F21A
2023-03-28 15:08:24,411 [s1@group-8E30088DAA34-StateMachineUpdater] INFO  impl.SimpleStateMachine4Testing (SimpleStateMachine4Testing.java:put(205)) - s1: put 83, m41 -> (t:1, i:83), STATEMACHINELOGENTRY, 299@client-0F1BF4C2F21A
2023-03-28 15:08:24,411 [s1@group-8E30088DAA34-StateMachineUpdater] INFO  impl.SimpleStateMachine4Testing (SimpleStateMachine4Testing.java:put(205)) - s1: put 85, m42 -> (t:1, i:85), STATEMACHINELOGENTRY, 300@client-0F1BF4C2F21A
2023-03-28 15:08:24,411 [s1@group-8E30088DAA34-StateMachineUpdater] INFO  impl.SimpleStateMachine4Testing (SimpleStateMachine4Testing.java:put(205)) - s1: put 87, m43 -> (t:1, i:87), STATEMACHINELOGENTRY, 301@client-0F1BF4C2F21A
2023-03-28 15:08:24,411 [s1@group-8E30088DAA34-StateMachineUpdater] INFO  impl.SimpleStateMachine4Testing (SimpleStateMachine4Testing.java:put(205)) - s1: put 89, m44 -> (t:1, i:89), STATEMACHINELOGENTRY, 302@client-0F1BF4C2F21A
2023-03-28 15:08:24,411 [s1@group-8E30088DAA34-StateMachineUpdater] INFO  impl.SimpleStateMachine4Testing (SimpleStateMachine4Testing.java:put(205)) - s1: put 91, m45 -> (t:1, i:91), STATEMACHINELOGENTRY, 303@client-0F1BF4C2F21A
2023-03-28 15:08:24,411 [s1@group-8E30088DAA34-StateMachineUpdater] INFO  impl.SimpleStateMachine4Testing (SimpleStateMachine4Testing.java:put(205)) - s1: put 93, m46 -> (t:1, i:93), STATEMACHINELOGENTRY, 304@client-0F1BF4C2F21A
2023-03-28 15:08:24,411 [s1@group-8E30088DAA34-StateMachineUpdater] INFO  impl.SimpleStateMachine4Testing (SimpleStateMachine4Testing.java:put(205)) - s1: put 95, m47 -> (t:1, i:95), STATEMACHINELOGENTRY, 305@client-0F1BF4C2F21A
2023-03-28 15:08:24,411 [s1@group-8E30088DAA34-StateMachineUpdater] INFO  impl.SimpleStateMachine4Testing (SimpleStateMachine4Testing.java:put(205)) - s1: put 97, m48 -> (t:1, i:97), STATEMACHINELOGENTRY, 306@client-0F1BF4C2F21A
2023-03-28 15:08:24,411 [s1@group-8E30088DAA34-StateMachineUpdater] INFO  impl.SimpleStateMachine4Testing (SimpleStateMachine4Testing.java:put(205)) - s1: put 99, m49 -> (t:1, i:99), STATEMACHINELOGENTRY, 307@client-0F1BF4C2F21A
2023-03-28 15:08:24,411 [s1@group-8E30088DAA34-StateMachineUpdater] INFO  impl.SimpleStateMachine4Testing (SimpleStateMachine4Testing.java:put(205)) - s1: put 101, m50 -> (t:1, i:101), STATEMACHINELOGENTRY, 308@client-0F1BF4C2F21A
2023-03-28 15:08:24,412 [s1@group-8E30088DAA34-StateMachineUpdater] INFO  impl.SimpleStateMachine4Testing (SimpleStateMachine4Testing.java:put(205)) - s1: put 103, m51 -> (t:1, i:103), STATEMACHINELOGENTRY, 309@client-0F1BF4C2F21A
2023-03-28 15:08:24,412 [s1@group-8E30088DAA34-StateMachineUpdater] INFO  impl.SimpleStateMachine4Testing (SimpleStateMachine4Testing.java:put(205)) - s1: put 105, m52 -> (t:1, i:105), STATEMACHINELOGENTRY, 310@client-0F1BF4C2F21A
2023-03-28 15:08:24,412 [s1@group-8E30088DAA34-StateMachineUpdater] INFO  impl.SimpleStateMachine4Testing (SimpleStateMachine4Testing.java:put(205)) - s1: put 107, m53 -> (t:1, i:107), STATEMACHINELOGENTRY, 311@client-0F1BF4C2F21A
2023-03-28 15:08:24,412 [s1@group-8E30088DAA34-StateMachineUpdater] INFO  impl.SimpleStateMachine4Testing (SimpleStateMachine4Testing.java:put(205)) - s1: put 109, m54 -> (t:1, i:109), STATEMACHINELOGENTRY, 312@client-0F1BF4C2F21A
2023-03-28 15:08:24,412 [s1@group-8E30088DAA34-StateMachineUpdater] INFO  impl.SimpleStateMachine4Testing (SimpleStateMachine4Testing.java:put(205)) - s1: put 111, m55 -> (t:1, i:111), STATEMACHINELOGENTRY, 313@client-0F1BF4C2F21A
2023-03-28 15:08:24,412 [s1@group-8E30088DAA34-StateMachineUpdater] INFO  impl.SimpleStateMachine4Testing (SimpleStateMachine4Testing.java:put(205)) - s1: put 113, m56 -> (t:1, i:113), STATEMACHINELOGENTRY, 314@client-0F1BF4C2F21A
2023-03-28 15:08:24,412 [s1@group-8E30088DAA34-StateMachineUpdater] INFO  impl.SimpleStateMachine4Testing (SimpleStateMachine4Testing.java:put(205)) - s1: put 115, m57 -> (t:1, i:115), STATEMACHINELOGENTRY, 315@client-0F1BF4C2F21A
2023-03-28 15:08:24,412 [s1@group-8E30088DAA34-StateMachineUpdater] INFO  impl.SimpleStateMachine4Testing (SimpleStateMachine4Testing.java:put(205)) - s1: put 117, m58 -> (t:1, i:117), STATEMACHINELOGENTRY, 316@client-0F1BF4C2F21A
2023-03-28 15:08:24,412 [s1@group-8E30088DAA34-StateMachineUpdater] INFO  impl.SimpleStateMachine4Testing (SimpleStateMachine4Testing.java:put(205)) - s1: put 119, m59 -> (t:1, i:119), STATEMACHINELOGENTRY, 317@client-0F1BF4C2F21A
2023-03-28 15:08:24,412 [s1@group-8E30088DAA34-StateMachineUpdater] INFO  impl.SimpleStateMachine4Testing (SimpleStateMachine4Testing.java:put(205)) - s1: put 121, m60 -> (t:1, i:121), STATEMACHINELOGENTRY, 318@client-0F1BF4C2F21A
2023-03-28 15:08:24,412 [s1@group-8E30088DAA34-StateMachineUpdater] INFO  impl.SimpleStateMachine4Testing (SimpleStateMachine4Testing.java:put(205)) - s1: put 123, m61 -> (t:1, i:123), STATEMACHINELOGENTRY, 319@client-0F1BF4C2F21A
2023-03-28 15:08:24,412 [s1@group-8E30088DAA34-StateMachineUpdater] INFO  impl.SimpleStateMachine4Testing (SimpleStateMachine4Testing.java:put(205)) - s1: put 125, m62 -> (t:1, i:125), STATEMACHINELOGENTRY, 320@client-0F1BF4C2F21A
2023-03-28 15:08:24,412 [s1@group-8E30088DAA34-StateMachineUpdater] INFO  impl.SimpleStateMachine4Testing (SimpleStateMachine4Testing.java:put(205)) - s1: put 127, m63 -> (t:1, i:127), STATEMACHINELOGENTRY, 321@client-0F1BF4C2F21A
2023-03-28 15:08:24,412 [s1@group-8E30088DAA34-StateMachineUpdater] INFO  impl.SimpleStateMachine4Testing (SimpleStateMachine4Testing.java:put(205)) - s1: put 129, m64 -> (t:1, i:129), STATEMACHINELOGENTRY, 322@client-0F1BF4C2F21A
2023-03-28 15:08:24,412 [s1@group-8E30088DAA34-StateMachineUpdater] INFO  impl.SimpleStateMachine4Testing (SimpleStateMachine4Testing.java:put(205)) - s1: put 131, m65 -> (t:1, i:131), STATEMACHINELOGENTRY, 323@client-0F1BF4C2F21A
2023-03-28 15:08:24,412 [s1@group-8E30088DAA34-StateMachineUpdater] INFO  impl.SimpleStateMachine4Testing (SimpleStateMachine4Testing.java:put(205)) - s1: put 133, m66 -> (t:1, i:133), STATEMACHINELOGENTRY, 324@client-0F1BF4C2F21A
2023-03-28 15:08:24,412 [s1@group-8E30088DAA34-StateMachineUpdater] INFO  impl.SimpleStateMachine4Testing (SimpleStateMachine4Testing.java:put(205)) - s1: put 135, m67 -> (t:1, i:135), STATEMACHINELOGENTRY, 325@client-0F1BF4C2F21A
2023-03-28 15:08:24,412 [s1@group-8E30088DAA34-StateMachineUpdater] INFO  impl.SimpleStateMachine4Testing (SimpleStateMachine4Testing.java:put(205)) - s1: put 137, m68 -> (t:1, i:137), STATEMACHINELOGENTRY, 326@client-0F1BF4C2F21A
2023-03-28 15:08:24,412 [s1@group-8E30088DAA34-StateMachineUpdater] INFO  impl.SimpleStateMachine4Testing (SimpleStateMachine4Testing.java:put(205)) - s1: put 139, m69 -> (t:1, i:139), STATEMACHINELOGENTRY, 327@client-0F1BF4C2F21A
2023-03-28 15:08:24,412 [s1@group-8E30088DAA34-StateMachineUpdater] INFO  impl.SimpleStateMachine4Testing (SimpleStateMachine4Testing.java:put(205)) - s1: put 141, m70 -> (t:1, i:141), STATEMACHINELOGENTRY, 328@client-0F1BF4C2F21A
2023-03-28 15:08:24,412 [s1@group-8E30088DAA34-StateMachineUpdater] INFO  impl.SimpleStateMachine4Testing (SimpleStateMachine4Testing.java:put(205)) - s1: put 143, m71 -> (t:1, i:143), STATEMACHINELOGENTRY, 329@client-0F1BF4C2F21A
2023-03-28 15:08:24,412 [s1@group-8E30088DAA34-StateMachineUpdater] INFO  impl.SimpleStateMachine4Testing (SimpleStateMachine4Testing.java:put(205)) - s1: put 145, m72 -> (t:1, i:145), STATEMACHINELOGENTRY, 330@client-0F1BF4C2F21A
2023-03-28 15:08:24,412 [s1@group-8E30088DAA34-StateMachineUpdater] INFO  impl.SimpleStateMachine4Testing (SimpleStateMachine4Testing.java:put(205)) - s1: put 147, m73 -> (t:1, i:147), STATEMACHINELOGENTRY, 331@client-0F1BF4C2F21A
2023-03-28 15:08:24,412 [s1@group-8E30088DAA34-StateMachineUpdater] INFO  impl.SimpleStateMachine4Testing (SimpleStateMachine4Testing.java:put(205)) - s1: put 149, m74 -> (t:1, i:149), STATEMACHINELOGENTRY, 332@client-0F1BF4C2F21A
2023-03-28 15:08:24,412 [s1@group-8E30088DAA34-StateMachineUpdater] INFO  impl.SimpleStateMachine4Testing (SimpleStateMachine4Testing.java:put(205)) - s1: put 151, m75 -> (t:1, i:151), STATEMACHINELOGENTRY, 333@client-0F1BF4C2F21A
2023-03-28 15:08:24,412 [s1@group-8E30088DAA34-StateMachineUpdater] INFO  impl.SimpleStateMachine4Testing (SimpleStateMachine4Testing.java:put(205)) - s1: put 153, m76 -> (t:1, i:153), STATEMACHINELOGENTRY, 334@client-0F1BF4C2F21A
2023-03-28 15:08:24,412 [s1@group-8E30088DAA34-StateMachineUpdater] INFO  impl.SimpleStateMachine4Testing (SimpleStateMachine4Testing.java:put(205)) - s1: put 155, m77 -> (t:1, i:155), STATEMACHINELOGENTRY, 335@client-0F1BF4C2F21A
2023-03-28 15:08:24,412 [s1@group-8E30088DAA34-StateMachineUpdater] INFO  impl.SimpleStateMachine4Testing (SimpleStateMachine4Testing.java:put(205)) - s1: put 157, m78 -> (t:1, i:157), STATEMACHINELOGENTRY, 336@client-0F1BF4C2F21A
2023-03-28 15:08:24,412 [s1@group-8E30088DAA34-StateMachineUpdater] INFO  impl.SimpleStateMachine4Testing (SimpleStateMachine4Testing.java:put(205)) - s1: put 159, m79 -> (t:1, i:159), STATEMACHINELOGENTRY, 337@client-0F1BF4C2F21A
2023-03-28 15:08:24,412 [s1@group-8E30088DAA34-StateMachineUpdater] INFO  impl.SimpleStateMachine4Testing (SimpleStateMachine4Testing.java:put(205)) - s1: put 161, m80 -> (t:1, i:161), STATEMACHINELOGENTRY, 338@client-0F1BF4C2F21A
2023-03-28 15:08:24,413 [s1@group-8E30088DAA34-StateMachineUpdater] INFO  impl.SimpleStateMachine4Testing (SimpleStateMachine4Testing.java:put(205)) - s1: put 163, m81 -> (t:1, i:163), STATEMACHINELOGENTRY, 339@client-0F1BF4C2F21A
2023-03-28 15:08:24,413 [s1@group-8E30088DAA34-StateMachineUpdater] INFO  impl.SimpleStateMachine4Testing (SimpleStateMachine4Testing.java:put(205)) - s1: put 165, m82 -> (t:1, i:165), STATEMACHINELOGENTRY, 340@client-0F1BF4C2F21A
2023-03-28 15:08:24,413 [s1@group-8E30088DAA34-StateMachineUpdater] INFO  impl.SimpleStateMachine4Testing (SimpleStateMachine4Testing.java:put(205)) - s1: put 167, m83 -> (t:1, i:167), STATEMACHINELOGENTRY, 341@client-0F1BF4C2F21A
2023-03-28 15:08:24,413 [s1@group-8E30088DAA34-StateMachineUpdater] INFO  impl.SimpleStateMachine4Testing (SimpleStateMachine4Testing.java:put(205)) - s1: put 169, m84 -> (t:1, i:169), STATEMACHINELOGENTRY, 342@client-0F1BF4C2F21A
2023-03-28 15:08:24,413 [s1@group-8E30088DAA34-StateMachineUpdater] INFO  impl.SimpleStateMachine4Testing (SimpleStateMachine4Testing.java:put(205)) - s1: put 171, m85 -> (t:1, i:171), STATEMACHINELOGENTRY, 343@client-0F1BF4C2F21A
2023-03-28 15:08:24,413 [s1@group-8E30088DAA34-StateMachineUpdater] INFO  impl.SimpleStateMachine4Testing (SimpleStateMachine4Testing.java:put(205)) - s1: put 173, m86 -> (t:1, i:173), STATEMACHINELOGENTRY, 344@client-0F1BF4C2F21A
2023-03-28 15:08:24,413 [s1@group-8E30088DAA34-StateMachineUpdater] INFO  impl.SimpleStateMachine4Testing (SimpleStateMachine4Testing.java:put(205)) - s1: put 175, m87 -> (t:1, i:175), STATEMACHINELOGENTRY, 345@client-0F1BF4C2F21A
2023-03-28 15:08:24,413 [s1@group-8E30088DAA34-StateMachineUpdater] INFO  impl.SimpleStateMachine4Testing (SimpleStateMachine4Testing.java:put(205)) - s1: put 177, m88 -> (t:1, i:177), STATEMACHINELOGENTRY, 346@client-0F1BF4C2F21A
2023-03-28 15:08:24,413 [s1@group-8E30088DAA34-StateMachineUpdater] INFO  impl.SimpleStateMachine4Testing (SimpleStateMachine4Testing.java:put(205)) - s1: put 179, m89 -> (t:1, i:179), STATEMACHINELOGENTRY, 347@client-0F1BF4C2F21A
2023-03-28 15:08:24,413 [s1@group-8E30088DAA34-StateMachineUpdater] INFO  impl.SimpleStateMachine4Testing (SimpleStateMachine4Testing.java:put(205)) - s1: put 181, m90 -> (t:1, i:181), STATEMACHINELOGENTRY, 348@client-0F1BF4C2F21A
2023-03-28 15:08:24,413 [s1@group-8E30088DAA34-StateMachineUpdater] INFO  impl.SimpleStateMachine4Testing (SimpleStateMachine4Testing.java:put(205)) - s1: put 183, m91 -> (t:1, i:183), STATEMACHINELOGENTRY, 349@client-0F1BF4C2F21A
2023-03-28 15:08:24,413 [s1@group-8E30088DAA34-StateMachineUpdater] INFO  impl.SimpleStateMachine4Testing (SimpleStateMachine4Testing.java:put(205)) - s1: put 185, m92 -> (t:1, i:185), STATEMACHINELOGENTRY, 350@client-0F1BF4C2F21A
2023-03-28 15:08:24,413 [s1@group-8E30088DAA34-StateMachineUpdater] INFO  impl.SimpleStateMachine4Testing (SimpleStateMachine4Testing.java:put(205)) - s1: put 187, m93 -> (t:1, i:187), STATEMACHINELOGENTRY, 351@client-0F1BF4C2F21A
2023-03-28 15:08:24,413 [s1@group-8E30088DAA34-StateMachineUpdater] INFO  impl.SimpleStateMachine4Testing (SimpleStateMachine4Testing.java:put(205)) - s1: put 189, m94 -> (t:1, i:189), STATEMACHINELOGENTRY, 352@client-0F1BF4C2F21A
2023-03-28 15:08:24,413 [s1@group-8E30088DAA34-StateMachineUpdater] INFO  impl.SimpleStateMachine4Testing (SimpleStateMachine4Testing.java:put(205)) - s1: put 191, m95 -> (t:1, i:191), STATEMACHINELOGENTRY, 353@client-0F1BF4C2F21A
2023-03-28 15:08:24,413 [s1@group-8E30088DAA34-StateMachineUpdater] INFO  impl.StateMachineUpdater (StateMachineUpdater.java:lambda$new$0(96)) - s1@group-8E30088DAA34-StateMachineUpdater: snapshotIndex: setUnconditionally -1 -> 191
2023-03-28 15:08:24,413 [s1@group-8E30088DAA34-StateMachineUpdater] INFO  impl.StateMachineUpdater (StateMachineUpdater.java:lambda$new$0(96)) - s1@group-8E30088DAA34-StateMachineUpdater: appliedIndex: setUnconditionally -1 -> 191
2023-03-28 15:08:24,413 [grpc-default-executor-4] INFO  impl.SnapshotInstallationHandler (SnapshotInstallationHandler.java:checkAndInstallSnapshot(193)) - s1@group-8E30088DAA34: successfully install the entire snapshot-191
2023-03-28 15:08:24,413 [grpc-default-executor-4] INFO  impl.SnapshotInstallationHandler (SnapshotInstallationHandler.java:installSnapshot(100)) - s1@group-8E30088DAA34: reply installSnapshot: s0<-s1#0:OK-t1,SUCCESS,requestIndex=10
2023-03-28 15:08:24,414 [grpc-default-executor-4] INFO  server.GrpcServerProtocolService (GrpcServerProtocolService.java:onCompleted(145)) - s1: Completed INSTALL_SNAPSHOT, lastRequest: s0->s1#0-t1,chunk:936e9173-291c-4fda-abfe-5a9e684237a5,10
2023-03-28 15:08:24,421 [grpc-default-executor-4] INFO  server.GrpcLogAppender (GrpcLogAppender.java:onNext(501)) - s0@group-8E30088DAA34->s1-InstallSnapshotResponseHandler: received a reply s0<-s1#0:OK-t1,SUCCESS,requestIndex=7
2023-03-28 15:08:24,422 [grpc-default-executor-4] INFO  server.GrpcLogAppender (GrpcLogAppender.java:onNext(514)) - s0@group-8E30088DAA34->s1-InstallSnapshotResponseHandler: Completed InstallSnapshot. Reply: serverReply {
  requestorId: "s0"
  replyId: "s1"
  raftGroupId {
    id: "\217\3645l\310FM\361\240\224\2160\b\215\2524"
  }
  success: true
}
term: 1
requestIndex: 7

2023-03-28 15:08:24,422 [grpc-default-executor-4] INFO  leader.FollowerInfo (FollowerInfoImpl.java:setAttemptedToInstallSnapshot(126)) - Follower s0@group-8E30088DAA34->s1 acknowledged installing snapshot
2023-03-28 15:08:24,422 [grpc-default-executor-0] INFO  server.GrpcLogAppender (GrpcLogAppender.java:onNext(501)) - s0@group-8E30088DAA34->s1-InstallSnapshotResponseHandler: received a reply s0<-s1#0:OK-t1,SUCCESS,requestIndex=8
2023-03-28 15:08:24,422 [grpc-default-executor-0] INFO  server.GrpcLogAppender (GrpcLogAppender.java:onNext(514)) - s0@group-8E30088DAA34->s1-InstallSnapshotResponseHandler: Completed InstallSnapshot. Reply: serverReply {
  requestorId: "s0"
  replyId: "s1"
  raftGroupId {
    id: "\217\3645l\310FM\361\240\224\2160\b\215\2524"
  }
  success: true
}
term: 1
requestIndex: 8

2023-03-28 15:08:24,422 [grpc-default-executor-0] INFO  leader.FollowerInfo (FollowerInfoImpl.java:setAttemptedToInstallSnapshot(126)) - Follower s0@group-8E30088DAA34->s1 acknowledged installing snapshot
2023-03-28 15:08:24,423 [grpc-default-executor-4] INFO  server.GrpcLogAppender (GrpcLogAppender.java:onNext(501)) - s0@group-8E30088DAA34->s1-InstallSnapshotResponseHandler: received a reply s0<-s1#0:OK-t1,SUCCESS,requestIndex=9
2023-03-28 15:08:24,423 [grpc-default-executor-4] INFO  server.GrpcLogAppender (GrpcLogAppender.java:onNext(514)) - s0@group-8E30088DAA34->s1-InstallSnapshotResponseHandler: Completed InstallSnapshot. Reply: serverReply {
  requestorId: "s0"
  replyId: "s1"
  raftGroupId {
    id: "\217\3645l\310FM\361\240\224\2160\b\215\2524"
  }
  success: true
}
term: 1
requestIndex: 9

2023-03-28 15:08:24,423 [grpc-default-executor-4] INFO  leader.FollowerInfo (FollowerInfoImpl.java:setAttemptedToInstallSnapshot(126)) - Follower s0@group-8E30088DAA34->s1 acknowledged installing snapshot
2023-03-28 15:08:24,423 [grpc-default-executor-4] INFO  server.GrpcLogAppender (GrpcLogAppender.java:onNext(501)) - s0@group-8E30088DAA34->s1-InstallSnapshotResponseHandler: received a reply s0<-s1#0:OK-t1,SUCCESS,requestIndex=10
2023-03-28 15:08:24,423 [grpc-default-executor-4] INFO  server.GrpcLogAppender (GrpcLogAppender.java:onNext(514)) - s0@group-8E30088DAA34->s1-InstallSnapshotResponseHandler: Completed InstallSnapshot. Reply: serverReply {
  requestorId: "s0"
  replyId: "s1"
  raftGroupId {
    id: "\217\3645l\310FM\361\240\224\2160\b\215\2524"
  }
  success: true
}
term: 1
requestIndex: 10

2023-03-28 15:08:24,423 [grpc-default-executor-4] INFO  leader.FollowerInfo (FollowerInfoImpl.java:setAttemptedToInstallSnapshot(126)) - Follower s0@group-8E30088DAA34->s1 acknowledged installing snapshot
2023-03-28 15:08:24,423 [grpc-default-executor-4] INFO  server.GrpcLogAppender (GrpcLogAppender.java:onCompleted(579)) - s0@group-8E30088DAA34->s1-InstallSnapshotResponseHandler: follower responded installSnapshot COMPLETED
2023-03-28 15:08:24,423 [s0@group-8E30088DAA34->s1-GrpcLogAppender-LogAppenderDaemon] INFO  leader.FollowerInfo (FollowerInfoImpl.java:lambda$new$0(52)) - s0@group-8E30088DAA34->s1: snapshotIndex: setUnconditionally 0 -> 191
2023-03-28 15:08:24,423 [s0@group-8E30088DAA34->s1-GrpcLogAppender-LogAppenderDaemon] INFO  leader.FollowerInfo (FollowerInfoImpl.java:lambda$new$0(52)) - s0@group-8E30088DAA34->s1: matchIndex: setUnconditionally -1 -> 191
2023-03-28 15:08:24,423 [s0@group-8E30088DAA34->s1-GrpcLogAppender-LogAppenderDaemon] INFO  leader.FollowerInfo (FollowerInfoImpl.java:lambda$new$0(52)) - s0@group-8E30088DAA34->s1: nextIndex: setUnconditionally 0 -> 192
2023-03-28 15:08:24,423 [s0@group-8E30088DAA34->s1-GrpcLogAppender-LogAppenderDaemon] INFO  server.GrpcLogAppender (GrpcLogAppender.java:installSnapshot(634)) - s0@group-8E30088DAA34->s1-GrpcLogAppender: installed snapshot FileListSnapshotInfo(t:1, i:191):[/home/runner/work/ratis/ratis/ratis-test/target/test/data/d2acef73/MiniRaftClusterWithGrpc1e1ad59a/s0/8ff4356c-c846-4df1-a094-8e30088daa34/sm/snapshot/1.bin, /home/runner/work/ratis/ratis/ratis-test/target/test/data/d2acef73/MiniRaftClusterWithGrpc1e1ad59a/s0/8ff4356c-c846-4df1-a094-8e30088daa34/sm/snapshot/sub/2.bin, /home/runner/work/ratis/ratis/ratis-test/target/test/data/d2acef73/MiniRaftClusterWithGrpc1e1ad59a/s0/8ff4356c-c846-4df1-a094-8e30088daa34/sm/snapshot.1_191] successfully
2023-03-28 15:08:24,425 [s2-server-thread1] INFO  impl.RoleInfo (RoleInfo.java:updateAndGet(139)) - s2: start s2@group-8E30088DAA34-FollowerState
2023-03-28 15:08:24,428 [s2-server-thread1] INFO  segmented.SegmentedRaftLogWorker (SegmentedRaftLogWorker.java:startLogSegment(426)) - s2@group-8E30088DAA34-SegmentedRaftLogWorker: Starting segment from index:192
2023-03-28 15:08:24,449 [s2@group-8E30088DAA34-FollowerState] INFO  server.RaftServerConfigKeys (ConfUtils.java:logFallback(53)) - raft.server.rpc.first-election.timeout.min = 150ms (fallback to raft.server.rpc.timeout.min)
2023-03-28 15:08:24,450 [s2@group-8E30088DAA34-FollowerState] INFO  server.RaftServerConfigKeys (ConfUtils.java:logFallback(53)) - raft.server.rpc.first-election.timeout.max = 300ms (fallback to raft.server.rpc.timeout.max)
2023-03-28 15:08:24,454 [s2@group-8E30088DAA34-SegmentedRaftLogWorker] INFO  segmented.SegmentedRaftLogWorker (SegmentedRaftLogWorker.java:execute(630)) - s2@group-8E30088DAA34-SegmentedRaftLogWorker: created new log segment /home/runner/work/ratis/ratis/ratis-test/target/test/data/d2acef73/MiniRaftClusterWithGrpc1e1ad59a/s2/8ff4356c-c846-4df1-a094-8e30088daa34/current/log_inprogress_192
2023-03-28 15:08:24,455 [s2@group-8E30088DAA34-StateMachineUpdater] INFO  impl.SimpleStateMachine4Testing (SimpleStateMachine4Testing.java:put(205)) - s2: put 193, m96 -> (t:1, i:193), STATEMACHINELOGENTRY, 354@client-0F1BF4C2F21A
2023-03-28 15:08:24,455 [s2@group-8E30088DAA34-StateMachineUpdater] INFO  impl.SimpleStateMachine4Testing (SimpleStateMachine4Testing.java:put(205)) - s2: put 195, m97 -> (t:1, i:195), STATEMACHINELOGENTRY, 355@client-0F1BF4C2F21A
2023-03-28 15:08:24,455 [s2@group-8E30088DAA34-StateMachineUpdater] INFO  impl.SimpleStateMachine4Testing (SimpleStateMachine4Testing.java:put(205)) - s2: put 197, m98 -> (t:1, i:197), STATEMACHINELOGENTRY, 356@client-0F1BF4C2F21A
2023-03-28 15:08:24,455 [s2@group-8E30088DAA34-StateMachineUpdater] INFO  impl.SimpleStateMachine4Testing (SimpleStateMachine4Testing.java:put(205)) - s2: put 199, m99 -> (t:1, i:199), STATEMACHINELOGENTRY, 357@client-0F1BF4C2F21A
2023-03-28 15:08:24,456 [s2@group-8E30088DAA34-StateMachineUpdater] INFO  impl.SimpleStateMachine4Testing (SimpleStateMachine4Testing.java:put(205)) - s2: put 201, m100 -> (t:1, i:201), STATEMACHINELOGENTRY, 358@client-0F1BF4C2F21A
2023-03-28 15:08:24,456 [s2@group-8E30088DAA34-StateMachineUpdater] INFO  impl.SimpleStateMachine4Testing (SimpleStateMachine4Testing.java:put(205)) - s2: put 203, m101 -> (t:1, i:203), STATEMACHINELOGENTRY, 359@client-0F1BF4C2F21A
2023-03-28 15:08:24,456 [s2@group-8E30088DAA34-StateMachineUpdater] INFO  impl.SimpleStateMachine4Testing (SimpleStateMachine4Testing.java:put(205)) - s2: put 205, m102 -> (t:1, i:205), STATEMACHINELOGENTRY, 360@client-0F1BF4C2F21A
2023-03-28 15:08:24,456 [s2@group-8E30088DAA34-StateMachineUpdater] INFO  impl.SimpleStateMachine4Testing (SimpleStateMachine4Testing.java:put(205)) - s2: put 207, m103 -> (t:1, i:207), STATEMACHINELOGENTRY, 361@client-0F1BF4C2F21A
2023-03-28 15:08:24,456 [s2@group-8E30088DAA34-StateMachineUpdater] INFO  impl.SimpleStateMachine4Testing (SimpleStateMachine4Testing.java:put(205)) - s2: put 209, m104 -> (t:1, i:209), STATEMACHINELOGENTRY, 362@client-0F1BF4C2F21A
2023-03-28 15:08:24,456 [s2@group-8E30088DAA34-StateMachineUpdater] INFO  impl.SimpleStateMachine4Testing (SimpleStateMachine4Testing.java:put(205)) - s2: put 211, m105 -> (t:1, i:211), STATEMACHINELOGENTRY, 363@client-0F1BF4C2F21A
2023-03-28 15:08:24,456 [s2@group-8E30088DAA34-StateMachineUpdater] INFO  impl.SimpleStateMachine4Testing (SimpleStateMachine4Testing.java:put(205)) - s2: put 213, m106 -> (t:1, i:213), STATEMACHINELOGENTRY, 364@client-0F1BF4C2F21A
2023-03-28 15:08:24,456 [s2@group-8E30088DAA34-StateMachineUpdater] INFO  impl.SimpleStateMachine4Testing (SimpleStateMachine4Testing.java:put(205)) - s2: put 215, m107 -> (t:1, i:215), STATEMACHINELOGENTRY, 365@client-0F1BF4C2F21A
2023-03-28 15:08:24,456 [s2@group-8E30088DAA34-StateMachineUpdater] INFO  impl.SimpleStateMachine4Testing (SimpleStateMachine4Testing.java:put(205)) - s2: put 217, m108 -> (t:1, i:217), STATEMACHINELOGENTRY, 366@client-0F1BF4C2F21A
2023-03-28 15:08:24,456 [s2@group-8E30088DAA34-StateMachineUpdater] INFO  impl.SimpleStateMachine4Testing (SimpleStateMachine4Testing.java:put(205)) - s2: put 219, m109 -> (t:1, i:219), STATEMACHINELOGENTRY, 367@client-0F1BF4C2F21A
2023-03-28 15:08:24,456 [s2@group-8E30088DAA34-StateMachineUpdater] INFO  impl.SimpleStateMachine4Testing (SimpleStateMachine4Testing.java:put(205)) - s2: put 221, m110 -> (t:1, i:221), STATEMACHINELOGENTRY, 368@client-0F1BF4C2F21A
2023-03-28 15:08:24,457 [s2@group-8E30088DAA34-StateMachineUpdater] INFO  impl.SimpleStateMachine4Testing (SimpleStateMachine4Testing.java:put(205)) - s2: put 223, m111 -> (t:1, i:223), STATEMACHINELOGENTRY, 369@client-0F1BF4C2F21A
2023-03-28 15:08:24,457 [s2@group-8E30088DAA34-StateMachineUpdater] INFO  impl.SimpleStateMachine4Testing (SimpleStateMachine4Testing.java:put(205)) - s2: put 225, m112 -> (t:1, i:225), STATEMACHINELOGENTRY, 370@client-0F1BF4C2F21A
2023-03-28 15:08:24,457 [s2@group-8E30088DAA34-StateMachineUpdater] INFO  impl.SimpleStateMachine4Testing (SimpleStateMachine4Testing.java:put(205)) - s2: put 227, m113 -> (t:1, i:227), STATEMACHINELOGENTRY, 371@client-0F1BF4C2F21A
2023-03-28 15:08:24,457 [s2@group-8E30088DAA34-StateMachineUpdater] INFO  impl.SimpleStateMachine4Testing (SimpleStateMachine4Testing.java:put(205)) - s2: put 229, m114 -> (t:1, i:229), STATEMACHINELOGENTRY, 372@client-0F1BF4C2F21A
2023-03-28 15:08:24,457 [s2@group-8E30088DAA34-StateMachineUpdater] INFO  impl.SimpleStateMachine4Testing (SimpleStateMachine4Testing.java:put(205)) - s2: put 231, m115 -> (t:1, i:231), STATEMACHINELOGENTRY, 373@client-0F1BF4C2F21A
2023-03-28 15:08:24,457 [s2@group-8E30088DAA34-StateMachineUpdater] INFO  impl.SimpleStateMachine4Testing (SimpleStateMachine4Testing.java:put(205)) - s2: put 233, m116 -> (t:1, i:233), STATEMACHINELOGENTRY, 374@client-0F1BF4C2F21A
2023-03-28 15:08:24,457 [s2@group-8E30088DAA34-StateMachineUpdater] INFO  impl.SimpleStateMachine4Testing (SimpleStateMachine4Testing.java:put(205)) - s2: put 235, m117 -> (t:1, i:235), STATEMACHINELOGENTRY, 375@client-0F1BF4C2F21A
2023-03-28 15:08:24,457 [s2@group-8E30088DAA34-StateMachineUpdater] INFO  impl.SimpleStateMachine4Testing (SimpleStateMachine4Testing.java:put(205)) - s2: put 237, m118 -> (t:1, i:237), STATEMACHINELOGENTRY, 376@client-0F1BF4C2F21A
2023-03-28 15:08:24,457 [s2@group-8E30088DAA34-StateMachineUpdater] INFO  impl.SimpleStateMachine4Testing (SimpleStateMachine4Testing.java:put(205)) - s2: put 239, m119 -> (t:1, i:239), STATEMACHINELOGENTRY, 377@client-0F1BF4C2F21A
2023-03-28 15:08:24,457 [s2@group-8E30088DAA34-StateMachineUpdater] INFO  impl.SimpleStateMachine4Testing (SimpleStateMachine4Testing.java:put(205)) - s2: put 241, m120 -> (t:1, i:241), STATEMACHINELOGENTRY, 378@client-0F1BF4C2F21A
2023-03-28 15:08:24,457 [s2@group-8E30088DAA34-StateMachineUpdater] INFO  impl.SimpleStateMachine4Testing (SimpleStateMachine4Testing.java:put(205)) - s2: put 243, m121 -> (t:1, i:243), STATEMACHINELOGENTRY, 379@client-0F1BF4C2F21A
2023-03-28 15:08:24,458 [s2@group-8E30088DAA34-StateMachineUpdater] INFO  impl.SimpleStateMachine4Testing (SimpleStateMachine4Testing.java:put(205)) - s2: put 245, m122 -> (t:1, i:245), STATEMACHINELOGENTRY, 380@client-0F1BF4C2F21A
2023-03-28 15:08:24,458 [s2@group-8E30088DAA34-StateMachineUpdater] INFO  impl.SimpleStateMachine4Testing (SimpleStateMachine4Testing.java:put(205)) - s2: put 247, m123 -> (t:1, i:247), STATEMACHINELOGENTRY, 381@client-0F1BF4C2F21A
2023-03-28 15:08:24,458 [s2@group-8E30088DAA34-StateMachineUpdater] INFO  impl.SimpleStateMachine4Testing (SimpleStateMachine4Testing.java:put(205)) - s2: put 249, m124 -> (t:1, i:249), STATEMACHINELOGENTRY, 382@client-0F1BF4C2F21A
2023-03-28 15:08:24,458 [s2@group-8E30088DAA34-StateMachineUpdater] INFO  impl.SimpleStateMachine4Testing (SimpleStateMachine4Testing.java:put(205)) - s2: put 251, m125 -> (t:1, i:251), STATEMACHINELOGENTRY, 383@client-0F1BF4C2F21A
2023-03-28 15:08:24,458 [s2@group-8E30088DAA34-StateMachineUpdater] INFO  impl.SimpleStateMachine4Testing (SimpleStateMachine4Testing.java:put(205)) - s2: put 253, m126 -> (t:1, i:253), STATEMACHINELOGENTRY, 384@client-0F1BF4C2F21A
2023-03-28 15:08:24,475 [s0@group-8E30088DAA34-LeaderStateImpl] INFO  server.RaftServer$Division (ServerState.java:setRaftConf(377)) - s0@group-8E30088DAA34: set configuration 255: peers:[s0|rpc:localhost:42763|admin:localhost:40897|client:localhost:39999|dataStream:localhost:43253|priority:0|startupRole:FOLLOWER, s1|rpc:0.0.0.0:45683|dataStream:|priority:0|startupRole:FOLLOWER, s2|rpc:0.0.0.0:40689|dataStream:|priority:0|startupRole:FOLLOWER]|listeners:[], old=peers:[s0|rpc:localhost:42763|admin:localhost:40897|client:localhost:39999|dataStream:localhost:43253|priority:0|startupRole:FOLLOWER]|listeners:[]
2023-03-28 15:08:24,477 [s1-server-thread1] INFO  impl.RoleInfo (RoleInfo.java:updateAndGet(139)) - s1: start s1@group-8E30088DAA34-FollowerState
2023-03-28 15:08:24,478 [s2-server-thread2] INFO  server.RaftServer$Division (ServerState.java:setRaftConf(377)) - s2@group-8E30088DAA34: set configuration 255: peers:[s0|rpc:localhost:42763|admin:localhost:40897|client:localhost:39999|dataStream:localhost:43253|priority:0|startupRole:FOLLOWER, s1|rpc:0.0.0.0:45683|dataStream:|priority:0|startupRole:FOLLOWER, s2|rpc:0.0.0.0:40689|dataStream:|priority:0|startupRole:FOLLOWER]|listeners:[], old=peers:[s0|rpc:localhost:42763|admin:localhost:40897|client:localhost:39999|dataStream:localhost:43253|priority:0|startupRole:FOLLOWER]|listeners:[]
2023-03-28 15:08:24,480 [s1@group-8E30088DAA34-FollowerState] INFO  server.RaftServerConfigKeys (ConfUtils.java:logFallback(53)) - raft.server.rpc.first-election.timeout.min = 150ms (fallback to raft.server.rpc.timeout.min)
2023-03-28 15:08:24,488 [s1@group-8E30088DAA34-FollowerState] INFO  server.RaftServerConfigKeys (ConfUtils.java:logFallback(53)) - raft.server.rpc.first-election.timeout.max = 300ms (fallback to raft.server.rpc.timeout.max)
2023-03-28 15:08:24,479 [s1-server-thread2] INFO  segmented.SegmentedRaftLogWorker (SegmentedRaftLogWorker.java:startLogSegment(426)) - s1@group-8E30088DAA34-SegmentedRaftLogWorker: Starting segment from index:192
2023-03-28 15:08:24,490 [s0@group-8E30088DAA34-LeaderStateImpl] INFO  server.RaftServer$Division (ServerState.java:setRaftConf(377)) - s0@group-8E30088DAA34: set configuration 257: peers:[s0|rpc:localhost:42763|admin:localhost:40897|client:localhost:39999|dataStream:localhost:43253|priority:0|startupRole:FOLLOWER, s1|rpc:0.0.0.0:45683|dataStream:|priority:0|startupRole:FOLLOWER, s2|rpc:0.0.0.0:40689|dataStream:|priority:0|startupRole:FOLLOWER]|listeners:[], old=null
2023-03-28 15:08:24,492 [s2-server-thread2] INFO  server.RaftServer$Division (ServerState.java:setRaftConf(377)) - s2@group-8E30088DAA34: set configuration 257: peers:[s0|rpc:localhost:42763|admin:localhost:40897|client:localhost:39999|dataStream:localhost:43253|priority:0|startupRole:FOLLOWER, s1|rpc:0.0.0.0:45683|dataStream:|priority:0|startupRole:FOLLOWER, s2|rpc:0.0.0.0:40689|dataStream:|priority:0|startupRole:FOLLOWER]|listeners:[], old=null
2023-03-28 15:08:24,495 [s1-server-thread2] INFO  server.RaftServer$Division (ServerState.java:setRaftConf(377)) - s1@group-8E30088DAA34: set configuration 255: peers:[s0|rpc:localhost:42763|admin:localhost:40897|client:localhost:39999|dataStream:localhost:43253|priority:0|startupRole:FOLLOWER, s1|rpc:0.0.0.0:45683|dataStream:|priority:0|startupRole:FOLLOWER, s2|rpc:0.0.0.0:40689|dataStream:|priority:0|startupRole:FOLLOWER]|listeners:[], old=peers:[s0|rpc:localhost:42763|admin:localhost:40897|client:localhost:39999|dataStream:localhost:43253|priority:0|startupRole:FOLLOWER]|listeners:[]
2023-03-28 15:08:24,496 [s1-server-thread2] INFO  server.RaftServer$Division (ServerState.java:setRaftConf(377)) - s1@group-8E30088DAA34: set configuration 257: peers:[s0|rpc:localhost:42763|admin:localhost:40897|client:localhost:39999|dataStream:localhost:43253|priority:0|startupRole:FOLLOWER, s1|rpc:0.0.0.0:45683|dataStream:|priority:0|startupRole:FOLLOWER, s2|rpc:0.0.0.0:40689|dataStream:|priority:0|startupRole:FOLLOWER]|listeners:[], old=null
2023-03-28 15:08:24,500 [s1@group-8E30088DAA34-SegmentedRaftLogWorker] INFO  segmented.SegmentedRaftLogWorker (SegmentedRaftLogWorker.java:execute(630)) - s1@group-8E30088DAA34-SegmentedRaftLogWorker: created new log segment /home/runner/work/ratis/ratis/ratis-test/target/test/data/d2acef73/MiniRaftClusterWithGrpc1e1ad59a/s1/8ff4356c-c846-4df1-a094-8e30088daa34/current/log_inprogress_192
2023-03-28 15:08:24,519 [s1@group-8E30088DAA34-StateMachineUpdater] INFO  impl.SimpleStateMachine4Testing (SimpleStateMachine4Testing.java:put(205)) - s1: put 193, m96 -> (t:1, i:193), STATEMACHINELOGENTRY, 354@client-0F1BF4C2F21A
2023-03-28 15:08:24,519 [s1@group-8E30088DAA34-StateMachineUpdater] INFO  impl.SimpleStateMachine4Testing (SimpleStateMachine4Testing.java:put(205)) - s1: put 195, m97 -> (t:1, i:195), STATEMACHINELOGENTRY, 355@client-0F1BF4C2F21A
2023-03-28 15:08:24,519 [s1@group-8E30088DAA34-StateMachineUpdater] INFO  impl.SimpleStateMachine4Testing (SimpleStateMachine4Testing.java:put(205)) - s1: put 197, m98 -> (t:1, i:197), STATEMACHINELOGENTRY, 356@client-0F1BF4C2F21A
2023-03-28 15:08:24,519 [s1@group-8E30088DAA34-StateMachineUpdater] INFO  impl.SimpleStateMachine4Testing (SimpleStateMachine4Testing.java:put(205)) - s1: put 199, m99 -> (t:1, i:199), STATEMACHINELOGENTRY, 357@client-0F1BF4C2F21A
2023-03-28 15:08:24,519 [s1@group-8E30088DAA34-StateMachineUpdater] INFO  impl.SimpleStateMachine4Testing (SimpleStateMachine4Testing.java:put(205)) - s1: put 201, m100 -> (t:1, i:201), STATEMACHINELOGENTRY, 358@client-0F1BF4C2F21A
2023-03-28 15:08:24,519 [s1@group-8E30088DAA34-StateMachineUpdater] INFO  impl.SimpleStateMachine4Testing (SimpleStateMachine4Testing.java:put(205)) - s1: put 203, m101 -> (t:1, i:203), STATEMACHINELOGENTRY, 359@client-0F1BF4C2F21A
2023-03-28 15:08:24,520 [s1@group-8E30088DAA34-StateMachineUpdater] INFO  impl.SimpleStateMachine4Testing (SimpleStateMachine4Testing.java:put(205)) - s1: put 205, m102 -> (t:1, i:205), STATEMACHINELOGENTRY, 360@client-0F1BF4C2F21A
2023-03-28 15:08:24,520 [s1@group-8E30088DAA34-StateMachineUpdater] INFO  impl.SimpleStateMachine4Testing (SimpleStateMachine4Testing.java:put(205)) - s1: put 207, m103 -> (t:1, i:207), STATEMACHINELOGENTRY, 361@client-0F1BF4C2F21A
2023-03-28 15:08:24,520 [s1@group-8E30088DAA34-StateMachineUpdater] INFO  impl.SimpleStateMachine4Testing (SimpleStateMachine4Testing.java:put(205)) - s1: put 209, m104 -> (t:1, i:209), STATEMACHINELOGENTRY, 362@client-0F1BF4C2F21A
2023-03-28 15:08:24,520 [s1@group-8E30088DAA34-StateMachineUpdater] INFO  impl.SimpleStateMachine4Testing (SimpleStateMachine4Testing.java:put(205)) - s1: put 211, m105 -> (t:1, i:211), STATEMACHINELOGENTRY, 363@client-0F1BF4C2F21A
2023-03-28 15:08:24,520 [s1@group-8E30088DAA34-StateMachineUpdater] INFO  impl.SimpleStateMachine4Testing (SimpleStateMachine4Testing.java:put(205)) - s1: put 213, m106 -> (t:1, i:213), STATEMACHINELOGENTRY, 364@client-0F1BF4C2F21A
2023-03-28 15:08:24,520 [s1@group-8E30088DAA34-StateMachineUpdater] INFO  impl.SimpleStateMachine4Testing (SimpleStateMachine4Testing.java:put(205)) - s1: put 215, m107 -> (t:1, i:215), STATEMACHINELOGENTRY, 365@client-0F1BF4C2F21A
2023-03-28 15:08:24,520 [s1@group-8E30088DAA34-StateMachineUpdater] INFO  impl.SimpleStateMachine4Testing (SimpleStateMachine4Testing.java:put(205)) - s1: put 217, m108 -> (t:1, i:217), STATEMACHINELOGENTRY, 366@client-0F1BF4C2F21A
2023-03-28 15:08:24,520 [s1@group-8E30088DAA34-StateMachineUpdater] INFO  impl.SimpleStateMachine4Testing (SimpleStateMachine4Testing.java:put(205)) - s1: put 219, m109 -> (t:1, i:219), STATEMACHINELOGENTRY, 367@client-0F1BF4C2F21A
2023-03-28 15:08:24,520 [s1@group-8E30088DAA34-StateMachineUpdater] INFO  impl.SimpleStateMachine4Testing (SimpleStateMachine4Testing.java:put(205)) - s1: put 221, m110 -> (t:1, i:221), STATEMACHINELOGENTRY, 368@client-0F1BF4C2F21A
2023-03-28 15:08:24,520 [s1@group-8E30088DAA34-StateMachineUpdater] INFO  impl.SimpleStateMachine4Testing (SimpleStateMachine4Testing.java:put(205)) - s1: put 223, m111 -> (t:1, i:223), STATEMACHINELOGENTRY, 369@client-0F1BF4C2F21A
2023-03-28 15:08:24,520 [s1@group-8E30088DAA34-StateMachineUpdater] INFO  impl.SimpleStateMachine4Testing (SimpleStateMachine4Testing.java:put(205)) - s1: put 225, m112 -> (t:1, i:225), STATEMACHINELOGENTRY, 370@client-0F1BF4C2F21A
2023-03-28 15:08:24,521 [s1@group-8E30088DAA34-StateMachineUpdater] INFO  impl.SimpleStateMachine4Testing (SimpleStateMachine4Testing.java:put(205)) - s1: put 227, m113 -> (t:1, i:227), STATEMACHINELOGENTRY, 371@client-0F1BF4C2F21A
2023-03-28 15:08:24,521 [s1@group-8E30088DAA34-StateMachineUpdater] INFO  impl.SimpleStateMachine4Testing (SimpleStateMachine4Testing.java:put(205)) - s1: put 229, m114 -> (t:1, i:229), STATEMACHINELOGENTRY, 372@client-0F1BF4C2F21A
2023-03-28 15:08:24,521 [s1@group-8E30088DAA34-StateMachineUpdater] INFO  impl.SimpleStateMachine4Testing (SimpleStateMachine4Testing.java:put(205)) - s1: put 231, m115 -> (t:1, i:231), STATEMACHINELOGENTRY, 373@client-0F1BF4C2F21A
2023-03-28 15:08:24,521 [s1@group-8E30088DAA34-StateMachineUpdater] INFO  impl.SimpleStateMachine4Testing (SimpleStateMachine4Testing.java:put(205)) - s1: put 233, m116 -> (t:1, i:233), STATEMACHINELOGENTRY, 374@client-0F1BF4C2F21A
2023-03-28 15:08:24,521 [s1@group-8E30088DAA34-StateMachineUpdater] INFO  impl.SimpleStateMachine4Testing (SimpleStateMachine4Testing.java:put(205)) - s1: put 235, m117 -> (t:1, i:235), STATEMACHINELOGENTRY, 375@client-0F1BF4C2F21A
2023-03-28 15:08:24,521 [s1@group-8E30088DAA34-StateMachineUpdater] INFO  impl.SimpleStateMachine4Testing (SimpleStateMachine4Testing.java:put(205)) - s1: put 237, m118 -> (t:1, i:237), STATEMACHINELOGENTRY, 376@client-0F1BF4C2F21A
2023-03-28 15:08:24,521 [s1@group-8E30088DAA34-StateMachineUpdater] INFO  impl.SimpleStateMachine4Testing (SimpleStateMachine4Testing.java:put(205)) - s1: put 239, m119 -> (t:1, i:239), STATEMACHINELOGENTRY, 377@client-0F1BF4C2F21A
2023-03-28 15:08:24,521 [s1@group-8E30088DAA34-StateMachineUpdater] INFO  impl.SimpleStateMachine4Testing (SimpleStateMachine4Testing.java:put(205)) - s1: put 241, m120 -> (t:1, i:241), STATEMACHINELOGENTRY, 378@client-0F1BF4C2F21A
2023-03-28 15:08:24,521 [s1@group-8E30088DAA34-StateMachineUpdater] INFO  impl.SimpleStateMachine4Testing (SimpleStateMachine4Testing.java:put(205)) - s1: put 243, m121 -> (t:1, i:243), STATEMACHINELOGENTRY, 379@client-0F1BF4C2F21A
2023-03-28 15:08:24,521 [s1@group-8E30088DAA34-StateMachineUpdater] INFO  impl.SimpleStateMachine4Testing (SimpleStateMachine4Testing.java:put(205)) - s1: put 245, m122 -> (t:1, i:245), STATEMACHINELOGENTRY, 380@client-0F1BF4C2F21A
2023-03-28 15:08:24,521 [s1@group-8E30088DAA34-StateMachineUpdater] INFO  impl.SimpleStateMachine4Testing (SimpleStateMachine4Testing.java:put(205)) - s1: put 247, m123 -> (t:1, i:247), STATEMACHINELOGENTRY, 381@client-0F1BF4C2F21A
2023-03-28 15:08:24,521 [s1@group-8E30088DAA34-StateMachineUpdater] INFO  impl.SimpleStateMachine4Testing (SimpleStateMachine4Testing.java:put(205)) - s1: put 249, m124 -> (t:1, i:249), STATEMACHINELOGENTRY, 382@client-0F1BF4C2F21A
2023-03-28 15:08:24,522 [s1@group-8E30088DAA34-StateMachineUpdater] INFO  impl.SimpleStateMachine4Testing (SimpleStateMachine4Testing.java:put(205)) - s1: put 251, m125 -> (t:1, i:251), STATEMACHINELOGENTRY, 383@client-0F1BF4C2F21A
2023-03-28 15:08:24,522 [s1@group-8E30088DAA34-StateMachineUpdater] INFO  impl.SimpleStateMachine4Testing (SimpleStateMachine4Testing.java:put(205)) - s1: put 253, m126 -> (t:1, i:253), STATEMACHINELOGENTRY, 384@client-0F1BF4C2F21A
2023-03-28 15:08:24,537 [s0@group-8E30088DAA34-StateMachineUpdater] INFO  impl.StateMachineUpdater (StateMachineUpdater.java:takeSnapshot(290)) - s0@group-8E30088DAA34-StateMachineUpdater: Took a snapshot at index 255
2023-03-28 15:08:24,537 [s0@group-8E30088DAA34-StateMachineUpdater] INFO  impl.StateMachineUpdater (StateMachineUpdater.java:lambda$new$0(96)) - s0@group-8E30088DAA34-StateMachineUpdater: snapshotIndex: updateIncreasingly 191 -> 255
2023-03-28 15:08:24,537 [s0@group-8E30088DAA34-StateMachineUpdater] INFO  raftlog.RaftLog (RaftLogBase.java:purge(314)) - s0@group-8E30088DAA34-SegmentedRaftLog: purge 255
2023-03-28 15:08:24,537 [s0@group-8E30088DAA34-StateMachineUpdater] INFO  raftlog.RaftLog (RaftLogBase.java:lambda$new$0(53)) - s0@group-8E30088DAA34-SegmentedRaftLog: snapshotIndex: updateIncreasingly 191 -> 255
2023-03-28 15:08:24,537 [s0@group-8E30088DAA34-StateMachineUpdater] INFO  raftlog.RaftLog (RaftLogBase.java:lambda$new$0(53)) - s0@group-8E30088DAA34-SegmentedRaftLog: purgeIndex: updateToMax old=191, new=255, updated? true
2023-03-28 15:08:24,544 [Time-limited test] INFO  server.RaftServerConfigKeys (ConfUtils.java:logGet(46)) - raft.server.rpc.timeout.max = 300ms (default)
2023-03-28 15:08:24,544 [Time-limited test] INFO  impl.RaftServerTestUtil (RaftServerTestUtil.java:waitAndCheckNewConf(87)) - waitAndCheckNewConf: peers=[s1|rpc:0.0.0.0:45683|priority:0|startupRole:FOLLOWER, s2|rpc:0.0.0.0:40689|priority:0|startupRole:FOLLOWER, s0|rpc:localhost:42763|admin:localhost:40897|client:localhost:39999|dataStream:localhost:43253|priority:0|startupRole:FOLLOWER], deadPeers=null, printing ALL groups
  s0:  RUNNING    LEADER s0@group-8E30088DAA34:t1, leader=s0, voted=s0, raftlog=Memoized:s0@group-8E30088DAA34-SegmentedRaftLog:OPENED:c258, conf=257: peers:[s0|rpc:localhost:42763|admin:localhost:40897|client:localhost:39999|dataStream:localhost:43253|priority:0|startupRole:FOLLOWER, s1|rpc:0.0.0.0:45683|dataStream:|priority:0|startupRole:FOLLOWER, s2|rpc:0.0.0.0:40689|dataStream:|priority:0|startupRole:FOLLOWER]|listeners:[], old=null RUNNING
  s1:  RUNNING  FOLLOWER s1@group-8E30088DAA34:t1, leader=s0, voted=null, raftlog=Memoized:s1@group-8E30088DAA34-SegmentedRaftLog:OPENED:c257, conf=257: peers:[s0|rpc:localhost:42763|admin:localhost:40897|client:localhost:39999|dataStream:localhost:43253|priority:0|startupRole:FOLLOWER, s1|rpc:0.0.0.0:45683|dataStream:|priority:0|startupRole:FOLLOWER, s2|rpc:0.0.0.0:40689|dataStream:|priority:0|startupRole:FOLLOWER]|listeners:[], old=null RUNNING
  s2:  RUNNING  FOLLOWER s2@group-8E30088DAA34:t1, leader=s0, voted=null, raftlog=Memoized:s2@group-8E30088DAA34-SegmentedRaftLog:OPENED:c257, conf=257: peers:[s0|rpc:localhost:42763|admin:localhost:40897|client:localhost:39999|dataStream:localhost:43253|priority:0|startupRole:FOLLOWER, s1|rpc:0.0.0.0:45683|dataStream:|priority:0|startupRole:FOLLOWER, s2|rpc:0.0.0.0:40689|dataStream:|priority:0|startupRole:FOLLOWER]|listeners:[], old=null RUNNING
2023-03-28 15:08:24,545 [Time-limited test] INFO  impl.RaftServerTestUtil (RaftServerTestUtil.java:waitAndCheckNewConf(96)) - checking    LEADER s0@group-8E30088DAA34:t1, leader=s0, voted=s0, raftlog=Memoized:s0@group-8E30088DAA34-SegmentedRaftLog:OPENED:c258, conf=257: peers:[s0|rpc:localhost:42763|admin:localhost:40897|client:localhost:39999|dataStream:localhost:43253|priority:0|startupRole:FOLLOWER, s1|rpc:0.0.0.0:45683|dataStream:|priority:0|startupRole:FOLLOWER, s2|rpc:0.0.0.0:40689|dataStream:|priority:0|startupRole:FOLLOWER]|listeners:[], old=null RUNNING
2023-03-28 15:08:24,545 [Time-limited test] INFO  impl.RaftServerTestUtil (RaftServerTestUtil.java:waitAndCheckNewConf(96)) - checking  FOLLOWER s1@group-8E30088DAA34:t1, leader=s0, voted=null, raftlog=Memoized:s1@group-8E30088DAA34-SegmentedRaftLog:OPENED:c257, conf=257: peers:[s0|rpc:localhost:42763|admin:localhost:40897|client:localhost:39999|dataStream:localhost:43253|priority:0|startupRole:FOLLOWER, s1|rpc:0.0.0.0:45683|dataStream:|priority:0|startupRole:FOLLOWER, s2|rpc:0.0.0.0:40689|dataStream:|priority:0|startupRole:FOLLOWER]|listeners:[], old=null RUNNING
2023-03-28 15:08:24,545 [Time-limited test] INFO  impl.RaftServerTestUtil (RaftServerTestUtil.java:waitAndCheckNewConf(96)) - checking  FOLLOWER s2@group-8E30088DAA34:t1, leader=s0, voted=null, raftlog=Memoized:s2@group-8E30088DAA34-SegmentedRaftLog:OPENED:c257, conf=257: peers:[s0|rpc:localhost:42763|admin:localhost:40897|client:localhost:39999|dataStream:localhost:43253|priority:0|startupRole:FOLLOWER, s1|rpc:0.0.0.0:45683|dataStream:|priority:0|startupRole:FOLLOWER, s2|rpc:0.0.0.0:40689|dataStream:|priority:0|startupRole:FOLLOWER]|listeners:[], old=null RUNNING
2023-03-28 15:08:24,545 [Time-limited test] INFO  impl.MiniRaftCluster (MiniRaftCluster.java:shutdown(831)) - ************************************************************** 
2023-03-28 15:08:24,545 [Time-limited test] INFO  impl.MiniRaftCluster (MiniRaftCluster.java:shutdown(832)) - *** 
2023-03-28 15:08:24,545 [Time-limited test] INFO  impl.MiniRaftCluster (MiniRaftCluster.java:shutdown(833)) - ***     Stopping MiniRaftClusterWithGrpc
2023-03-28 15:08:24,545 [Time-limited test] INFO  impl.MiniRaftCluster (MiniRaftCluster.java:shutdown(834)) - *** 
2023-03-28 15:08:24,545 [Time-limited test] INFO  impl.MiniRaftCluster (MiniRaftCluster.java:shutdown(835)) - ************************************************************** 
2023-03-28 15:08:24,545 [Time-limited test] INFO  impl.MiniRaftCluster (MiniRaftCluster.java:shutdown(836)) - printing ALL groups
  s0:  RUNNING    LEADER s0@group-8E30088DAA34:t1, leader=s0, voted=s0, raftlog=Memoized:s0@group-8E30088DAA34-SegmentedRaftLog:OPENED:c258, conf=257: peers:[s0|rpc:localhost:42763|admin:localhost:40897|client:localhost:39999|dataStream:localhost:43253|priority:0|startupRole:FOLLOWER, s1|rpc:0.0.0.0:45683|dataStream:|priority:0|startupRole:FOLLOWER, s2|rpc:0.0.0.0:40689|dataStream:|priority:0|startupRole:FOLLOWER]|listeners:[], old=null RUNNING
  s1:  RUNNING  FOLLOWER s1@group-8E30088DAA34:t1, leader=s0, voted=null, raftlog=Memoized:s1@group-8E30088DAA34-SegmentedRaftLog:OPENED:c257, conf=257: peers:[s0|rpc:localhost:42763|admin:localhost:40897|client:localhost:39999|dataStream:localhost:43253|priority:0|startupRole:FOLLOWER, s1|rpc:0.0.0.0:45683|dataStream:|priority:0|startupRole:FOLLOWER, s2|rpc:0.0.0.0:40689|dataStream:|priority:0|startupRole:FOLLOWER]|listeners:[], old=null RUNNING
  s2:  RUNNING  FOLLOWER s2@group-8E30088DAA34:t1, leader=s0, voted=null, raftlog=Memoized:s2@group-8E30088DAA34-SegmentedRaftLog:OPENED:c257, conf=257: peers:[s0|rpc:localhost:42763|admin:localhost:40897|client:localhost:39999|dataStream:localhost:43253|priority:0|startupRole:FOLLOWER, s1|rpc:0.0.0.0:45683|dataStream:|priority:0|startupRole:FOLLOWER, s2|rpc:0.0.0.0:40689|dataStream:|priority:0|startupRole:FOLLOWER]|listeners:[], old=null RUNNING
2023-03-28 15:08:24,546 [MiniRaftCluster-13] INFO  server.RaftServer (RaftServerProxy.java:lambda$close$7(417)) - s0: close
2023-03-28 15:08:24,561 [s2@group-8E30088DAA34-StateMachineUpdater] INFO  impl.StateMachineUpdater (StateMachineUpdater.java:takeSnapshot(290)) - s2@group-8E30088DAA34-StateMachineUpdater: Took a snapshot at index 255
2023-03-28 15:08:24,546 [MiniRaftCluster-15] INFO  server.RaftServer (RaftServerProxy.java:lambda$close$7(417)) - s2: close
2023-03-28 15:08:24,546 [MiniRaftCluster-14] INFO  server.RaftServer (RaftServerProxy.java:lambda$close$7(417)) - s1: close
2023-03-28 15:08:24,564 [s2@group-8E30088DAA34-StateMachineUpdater] INFO  impl.StateMachineUpdater (StateMachineUpdater.java:lambda$new$0(96)) - s2@group-8E30088DAA34-StateMachineUpdater: snapshotIndex: updateIncreasingly 191 -> 255
2023-03-28 15:08:24,567 [s1@group-8E30088DAA34-StateMachineUpdater] INFO  impl.StateMachineUpdater (StateMachineUpdater.java:takeSnapshot(290)) - s1@group-8E30088DAA34-StateMachineUpdater: Took a snapshot at index 255
2023-03-28 15:08:24,567 [s1@group-8E30088DAA34-StateMachineUpdater] INFO  impl.StateMachineUpdater (StateMachineUpdater.java:lambda$new$0(96)) - s1@group-8E30088DAA34-StateMachineUpdater: snapshotIndex: updateIncreasingly 191 -> 255
2023-03-28 15:08:24,567 [s2@group-8E30088DAA34-StateMachineUpdater] INFO  raftlog.RaftLog (RaftLogBase.java:purge(314)) - s2@group-8E30088DAA34-SegmentedRaftLog: purge 191
2023-03-28 15:08:24,567 [s1@group-8E30088DAA34-StateMachineUpdater] INFO  raftlog.RaftLog (RaftLogBase.java:purge(314)) - s1@group-8E30088DAA34-SegmentedRaftLog: purge 255
2023-03-28 15:08:24,567 [s2@group-8E30088DAA34-StateMachineUpdater] INFO  raftlog.RaftLog (RaftLogBase.java:lambda$new$0(53)) - s2@group-8E30088DAA34-SegmentedRaftLog: snapshotIndex: updateIncreasingly 191 -> 255
2023-03-28 15:08:24,567 [s2@group-8E30088DAA34-StateMachineUpdater] INFO  raftlog.RaftLog (RaftLogBase.java:lambda$new$0(53)) - s2@group-8E30088DAA34-SegmentedRaftLog: purgeIndex: updateToMax old=-1, new=191, updated? true
2023-03-28 15:08:24,567 [s1@group-8E30088DAA34-StateMachineUpdater] INFO  raftlog.RaftLog (RaftLogBase.java:lambda$new$0(53)) - s1@group-8E30088DAA34-SegmentedRaftLog: snapshotIndex: updateIncreasingly 191 -> 255
2023-03-28 15:08:24,567 [s1@group-8E30088DAA34-StateMachineUpdater] INFO  raftlog.RaftLog (RaftLogBase.java:lambda$new$0(53)) - s1@group-8E30088DAA34-SegmentedRaftLog: purgeIndex: updateToMax old=-1, new=255, updated? true
2023-03-28 15:08:24,568 [s2-impl-thread1] INFO  server.RaftServer$Division (RaftServerImpl.java:lambda$close$4(466)) - s2@group-8E30088DAA34: shutdown
2023-03-28 15:08:24,568 [s2-impl-thread1] INFO  util.JmxRegister (JmxRegister.java:unregister(73)) - Successfully un-registered JMX Bean with object name Ratis:service=RaftServer,group=group-8E30088DAA34,id=s2
2023-03-28 15:08:24,568 [s2-impl-thread1] INFO  impl.RoleInfo (RoleInfo.java:shutdownFollowerState(110)) - s2: shutdown s2@group-8E30088DAA34-FollowerState
2023-03-28 15:08:24,568 [s2-impl-thread1] INFO  impl.StateMachineUpdater (StateMachineUpdater.java:stopAndJoin(154)) - s2@group-8E30088DAA34-StateMachineUpdater: set stopIndex = 257
2023-03-28 15:08:24,568 [s2@group-8E30088DAA34-FollowerState] INFO  impl.FollowerState (FollowerState.java:run(152)) - s2@group-8E30088DAA34-FollowerState was interrupted
2023-03-28 15:08:24,561 [s0-impl-thread1] INFO  server.RaftServer$Division (RaftServerImpl.java:lambda$close$4(466)) - s0@group-8E30088DAA34: shutdown
2023-03-28 15:08:24,568 [s0-impl-thread1] INFO  util.JmxRegister (JmxRegister.java:unregister(73)) - Successfully un-registered JMX Bean with object name Ratis:service=RaftServer,group=group-8E30088DAA34,id=s0
2023-03-28 15:08:24,568 [s0-impl-thread1] INFO  impl.RoleInfo (RoleInfo.java:shutdownLeaderState(93)) - s0: shutdown s0@group-8E30088DAA34-LeaderStateImpl
2023-03-28 15:08:24,568 [s0-impl-thread1] INFO  impl.PendingRequests (PendingRequests.java:sendNotLeaderResponses(289)) - s0@group-8E30088DAA34-PendingRequests: sendNotLeaderResponses
2023-03-28 15:08:24,568 [MiniRaftCluster-15] INFO  server.GrpcService (GrpcService.java:closeImpl(311)) - s2: shutdown server GrpcServerProtocolService now
2023-03-28 15:08:24,561 [MiniRaftCluster-13] INFO  server.GrpcService (GrpcService.java:closeImpl(311)) - s0: shutdown server org.apache.ratis.grpc.server.GrpcClientProtocolService now
2023-03-28 15:08:24,580 [grpc-default-executor-4] INFO  server.GrpcServerProtocolService (GrpcServerProtocolService.java:onCompleted(145)) - s1: Completed APPEND_ENTRIES, lastRequest: null
2023-03-28 15:08:24,580 [grpc-default-executor-3] INFO  server.GrpcServerProtocolService (GrpcServerProtocolService.java:onCompleted(145)) - s1: Completed APPEND_ENTRIES, lastRequest: s0->s1#806-t1,previous=(t:1, i:257),leaderCommit=257,initializing? true,entries: size=1, first=(t:1, i:258), METADATAENTRY(c:257)
2023-03-28 15:08:24,576 [s0-impl-thread1] INFO  impl.StateMachineUpdater (StateMachineUpdater.java:stopAndJoin(154)) - s0@group-8E30088DAA34-StateMachineUpdater: set stopIndex = 258
2023-03-28 15:08:24,573 [grpc-default-executor-2] INFO  server.GrpcServerProtocolService (GrpcServerProtocolService.java:onCompleted(145)) - s2: Completed APPEND_ENTRIES, lastRequest: null
2023-03-28 15:08:24,573 [grpc-default-executor-0] INFO  server.GrpcServerProtocolService (GrpcServerProtocolService.java:onCompleted(145)) - s2: Completed APPEND_ENTRIES, lastRequest: s0->s2#1859-t1,previous=(t:1, i:257),leaderCommit=257,initializing? true,entries: size=1, first=(t:1, i:258), METADATAENTRY(c:257)
2023-03-28 15:08:24,564 [s1-impl-thread1] INFO  server.RaftServer$Division (RaftServerImpl.java:lambda$close$4(466)) - s1@group-8E30088DAA34: shutdown
2023-03-28 15:08:24,580 [s1-impl-thread1] INFO  util.JmxRegister (JmxRegister.java:unregister(73)) - Successfully un-registered JMX Bean with object name Ratis:service=RaftServer,group=group-8E30088DAA34,id=s1
2023-03-28 15:08:24,580 [s1-impl-thread1] INFO  impl.RoleInfo (RoleInfo.java:shutdownFollowerState(110)) - s1: shutdown s1@group-8E30088DAA34-FollowerState
2023-03-28 15:08:24,580 [s1-impl-thread1] INFO  impl.StateMachineUpdater (StateMachineUpdater.java:stopAndJoin(154)) - s1@group-8E30088DAA34-StateMachineUpdater: set stopIndex = 257
2023-03-28 15:08:24,580 [s1@group-8E30088DAA34-FollowerState] INFO  impl.FollowerState (FollowerState.java:run(152)) - s1@group-8E30088DAA34-FollowerState was interrupted
2023-03-28 15:08:24,564 [MiniRaftCluster-14] INFO  server.GrpcService (GrpcService.java:closeImpl(311)) - s1: shutdown server GrpcServerProtocolService now
2023-03-28 15:08:24,584 [grpc-default-executor-2] INFO  server.GrpcLogAppender (GrpcLogAppender.java:onCompleted(422)) - s0@group-8E30088DAA34->s2-AppendLogResponseHandler: follower responses appendEntries COMPLETED
2023-03-28 15:08:24,585 [grpc-default-executor-2] INFO  leader.FollowerInfo (FollowerInfoImpl.java:lambda$new$0(52)) - s0@group-8E30088DAA34->s2: decreaseNextIndex nextIndex: updateUnconditionally 259 -> 258
2023-03-28 15:08:24,597 [s1@group-8E30088DAA34-StateMachineUpdater] INFO  impl.StateMachineUpdater (StateMachineUpdater.java:takeSnapshot(290)) - s1@group-8E30088DAA34-StateMachineUpdater: Took a snapshot at index 257
2023-03-28 15:08:24,597 [s1@group-8E30088DAA34-StateMachineUpdater] INFO  impl.StateMachineUpdater (StateMachineUpdater.java:lambda$new$0(96)) - s1@group-8E30088DAA34-StateMachineUpdater: snapshotIndex: updateIncreasingly 255 -> 257
2023-03-28 15:08:24,597 [s1-impl-thread1] INFO  server.RaftServer$Division (ServerState.java:close(413)) - s1@group-8E30088DAA34: applyIndex: 257
2023-03-28 15:08:24,597 [s0@group-8E30088DAA34-StateMachineUpdater] INFO  impl.StateMachineUpdater (StateMachineUpdater.java:takeSnapshot(290)) - s0@group-8E30088DAA34-StateMachineUpdater: Took a snapshot at index 258
2023-03-28 15:08:24,597 [s0@group-8E30088DAA34-StateMachineUpdater] INFO  impl.StateMachineUpdater (StateMachineUpdater.java:lambda$new$0(96)) - s0@group-8E30088DAA34-StateMachineUpdater: snapshotIndex: updateIncreasingly 255 -> 258
2023-03-28 15:08:24,598 [s0-impl-thread1] INFO  server.RaftServer$Division (ServerState.java:close(413)) - s0@group-8E30088DAA34: applyIndex: 258
2023-03-28 15:08:24,598 [s2@group-8E30088DAA34-StateMachineUpdater] INFO  impl.StateMachineUpdater (StateMachineUpdater.java:takeSnapshot(290)) - s2@group-8E30088DAA34-StateMachineUpdater: Took a snapshot at index 257
2023-03-28 15:08:24,598 [s2@group-8E30088DAA34-StateMachineUpdater] INFO  impl.StateMachineUpdater (StateMachineUpdater.java:lambda$new$0(96)) - s2@group-8E30088DAA34-StateMachineUpdater: snapshotIndex: updateIncreasingly 255 -> 257
2023-03-28 15:08:24,598 [s2-impl-thread1] INFO  server.RaftServer$Division (ServerState.java:close(413)) - s2@group-8E30088DAA34: applyIndex: 257
2023-03-28 15:08:24,615 [grpc-default-executor-2] INFO  server.GrpcLogAppender (GrpcLogAppender.java:onCompleted(422)) - s0@group-8E30088DAA34->s1-AppendLogResponseHandler: follower responses appendEntries COMPLETED
2023-03-28 15:08:24,615 [grpc-default-executor-2] INFO  leader.FollowerInfo (FollowerInfoImpl.java:lambda$new$0(52)) - s0@group-8E30088DAA34->s1: decreaseNextIndex nextIndex: updateUnconditionally 259 -> 258
2023-03-28 15:08:24,615 [grpc-default-executor-1] INFO  server.GrpcLogAppender (GrpcLogAppender.java:onCompleted(422)) - s0@group-8E30088DAA34->s2-AppendLogResponseHandler: follower responses appendEntries COMPLETED
2023-03-28 15:08:24,615 [grpc-default-executor-1] INFO  leader.FollowerInfo (FollowerInfoImpl.java:lambda$new$0(52)) - s0@group-8E30088DAA34->s2: decreaseNextIndex nextIndex: updateUnconditionally 258 -> 257
2023-03-28 15:08:24,615 [grpc-default-executor-0] INFO  server.GrpcLogAppender (GrpcLogAppender.java:onCompleted(422)) - s0@group-8E30088DAA34->s1-AppendLogResponseHandler: follower responses appendEntries COMPLETED
2023-03-28 15:08:24,615 [grpc-default-executor-0] INFO  leader.FollowerInfo (FollowerInfoImpl.java:lambda$new$0(52)) - s0@group-8E30088DAA34->s1: decreaseNextIndex nextIndex: updateUnconditionally 258 -> 257
2023-03-28 15:08:24,616 [MiniRaftCluster-15] INFO  server.GrpcService (GrpcService.java:closeImpl(320)) - s2: shutdown server GrpcServerProtocolService successfully
2023-03-28 15:08:24,619 [Thread-177] INFO  server.GrpcServerProtocolClient (GrpcServerProtocolClient.java:close(103)) - s1 Close channels
2023-03-28 15:08:24,640 [Thread-178] INFO  server.GrpcServerProtocolClient (GrpcServerProtocolClient.java:close(103)) - s2 Close channels
2023-03-28 15:08:24,648 [MiniRaftCluster-14] INFO  server.GrpcService (GrpcService.java:closeImpl(320)) - s1: shutdown server GrpcServerProtocolService successfully
2023-03-28 15:08:24,649 [MiniRaftCluster-13] INFO  server.GrpcService (GrpcService.java:closeImpl(320)) - s0: shutdown server org.apache.ratis.grpc.server.GrpcClientProtocolService successfully
2023-03-28 15:08:24,649 [MiniRaftCluster-13] INFO  server.GrpcService (GrpcService.java:closeImpl(311)) - s0: shutdown server GrpcServerProtocolService now
2023-03-28 15:08:24,660 [MiniRaftCluster-13] INFO  server.GrpcService (GrpcService.java:closeImpl(320)) - s0: shutdown server GrpcServerProtocolService successfully
2023-03-28 15:08:24,660 [MiniRaftCluster-13] INFO  server.GrpcService (GrpcService.java:closeImpl(311)) - s0: shutdown server org.apache.ratis.grpc.server.GrpcAdminProtocolService now
2023-03-28 15:08:24,664 [MiniRaftCluster-13] INFO  server.GrpcService (GrpcService.java:closeImpl(320)) - s0: shutdown server org.apache.ratis.grpc.server.GrpcAdminProtocolService successfully
2023-03-28 15:08:25,513 [s0-impl-thread1] INFO  segmented.SegmentedRaftLogWorker (SegmentedRaftLogWorker.java:close(242)) - s0@group-8E30088DAA34-SegmentedRaftLogWorker close()
2023-03-28 15:08:25,514 [JvmPauseMonitor6] INFO  util.JvmPauseMonitor (JvmPauseMonitor.java:run(109)) - JvmPauseMonitor-s0: Stopped
2023-03-28 15:08:25,526 [s1-impl-thread1] INFO  segmented.SegmentedRaftLogWorker (SegmentedRaftLogWorker.java:close(242)) - s1@group-8E30088DAA34-SegmentedRaftLogWorker close()
2023-03-28 15:08:25,532 [JvmPauseMonitor7] INFO  util.JvmPauseMonitor (JvmPauseMonitor.java:run(109)) - JvmPauseMonitor-s1: Stopped
2023-03-28 15:08:25,544 [s2-impl-thread1] INFO  segmented.SegmentedRaftLogWorker (SegmentedRaftLogWorker.java:close(242)) - s2@group-8E30088DAA34-SegmentedRaftLogWorker close()
2023-03-28 15:08:25,545 [JvmPauseMonitor8] INFO  util.JvmPauseMonitor (JvmPauseMonitor.java:run(109)) - JvmPauseMonitor-s2: Stopped
2023-03-28 15:08:25,546 [Time-limited test] INFO  impl.MiniRaftCluster (MiniRaftCluster.java:shutdown(855)) - MiniRaftClusterWithGrpc shutdown completed
2023-03-28 15:08:25,546 [Time-limited test] INFO  impl.MiniRaftCluster (MiniRaftCluster.java:shutdown(831)) - ************************************************************** 
2023-03-28 15:08:25,546 [Time-limited test] INFO  impl.MiniRaftCluster (MiniRaftCluster.java:shutdown(832)) - *** 
2023-03-28 15:08:25,546 [Time-limited test] INFO  impl.MiniRaftCluster (MiniRaftCluster.java:shutdown(833)) - ***     Stopping MiniRaftClusterWithGrpc
2023-03-28 15:08:25,546 [Time-limited test] INFO  impl.MiniRaftCluster (MiniRaftCluster.java:shutdown(834)) - *** 
2023-03-28 15:08:25,546 [Time-limited test] INFO  impl.MiniRaftCluster (MiniRaftCluster.java:shutdown(835)) - ************************************************************** 
2023-03-28 15:08:25,546 [Time-limited test] INFO  impl.MiniRaftCluster (MiniRaftCluster.java:shutdown(836)) - printing ALL groups
  s0:   CLOSED    LEADER s0@group-8E30088DAA34:t1, leader=s0, voted=s0, raftlog=Memoized:s0@group-8E30088DAA34-SegmentedRaftLog:CLOSED:c258, conf=257: peers:[s0|rpc:localhost:42763|admin:localhost:40897|client:localhost:39999|dataStream:localhost:43253|priority:0|startupRole:FOLLOWER, s1|rpc:0.0.0.0:45683|dataStream:|priority:0|startupRole:FOLLOWER, s2|rpc:0.0.0.0:40689|dataStream:|priority:0|startupRole:FOLLOWER]|listeners:[], old=null CLOSED
  s1:   CLOSED  FOLLOWER s1@group-8E30088DAA34:t1, leader=s0, voted=null, raftlog=Memoized:s1@group-8E30088DAA34-SegmentedRaftLog:CLOSED:c257, conf=257: peers:[s0|rpc:localhost:42763|admin:localhost:40897|client:localhost:39999|dataStream:localhost:43253|priority:0|startupRole:FOLLOWER, s1|rpc:0.0.0.0:45683|dataStream:|priority:0|startupRole:FOLLOWER, s2|rpc:0.0.0.0:40689|dataStream:|priority:0|startupRole:FOLLOWER]|listeners:[], old=null CLOSED
  s2:   CLOSED  FOLLOWER s2@group-8E30088DAA34:t1, leader=s0, voted=null, raftlog=Memoized:s2@group-8E30088DAA34-SegmentedRaftLog:CLOSED:c257, conf=257: peers:[s0|rpc:localhost:42763|admin:localhost:40897|client:localhost:39999|dataStream:localhost:43253|priority:0|startupRole:FOLLOWER, s1|rpc:0.0.0.0:45683|dataStream:|priority:0|startupRole:FOLLOWER, s2|rpc:0.0.0.0:40689|dataStream:|priority:0|startupRole:FOLLOWER]|listeners:[], old=null CLOSED
2023-03-28 15:08:25,548 [Time-limited test] INFO  impl.MiniRaftCluster (MiniRaftCluster.java:shutdown(855)) - MiniRaftClusterWithGrpc shutdown completed
]]></system-out>
  </testcase>
  <testcase name="testSeparateSnapshotInstallPath[1]" classname="org.apache.ratis.grpc.TestLeaderInstallSnapshot" time="2.073">
    <system-out><![CDATA[2023-03-28 15:08:25,548 [main] INFO  util.LogUtils (Slf4jUtils.java:setLogLevel(38)) - Successfully set org.apache.ratis.conf.ConfUtils log level to WARN
2023-03-28 15:08:25,549 [main] INFO  util.LogUtils (Slf4jUtils.java:setLogLevel(38)) - Successfully set org.apache.ratis.util.FileUtils log level to TRACE
2023-03-28 15:08:25,550 [Time-limited test] INFO  impl.MiniRaftCluster (MiniRaftCluster.java:runWithNewCluster(135)) - Running runWithNewCluster
2023-03-28 15:08:25,550 [Time-limited test] INFO  impl.MiniRaftCluster (MiniRaftCluster.java:<init>(306)) - new MiniRaftClusterWithGrpc with group-D8BE47583D5B:[s0|rpc:localhost:34345|admin:localhost:46595|client:localhost:38665|dataStream:localhost:35383|priority:0|startupRole:FOLLOWER]
2023-03-28 15:08:25,550 [Time-limited test] INFO  impl.MiniRaftCluster (MiniRaftCluster.java:start(339)) - .............................................................. 
2023-03-28 15:08:25,550 [Time-limited test] INFO  impl.MiniRaftCluster (MiniRaftCluster.java:start(340)) - ... 
2023-03-28 15:08:25,550 [Time-limited test] INFO  impl.MiniRaftCluster (MiniRaftCluster.java:start(341)) - ...     Starting MiniRaftClusterWithGrpc
2023-03-28 15:08:25,550 [Time-limited test] INFO  impl.MiniRaftCluster (MiniRaftCluster.java:start(342)) - ... 
2023-03-28 15:08:25,550 [Time-limited test] INFO  impl.MiniRaftCluster (MiniRaftCluster.java:start(343)) - .............................................................. 
2023-03-28 15:08:25,551 [Time-limited test] INFO  impl.MiniRaftCluster (MiniRaftCluster.java:initServers(318)) - servers = {}
2023-03-28 15:08:25,551 [Time-limited test] INFO  impl.MiniRaftCluster (MiniRaftCluster.java:newRaftServer(382)) - newRaftServer: s0, group-D8BE47583D5B:[s0|rpc:localhost:34345|admin:localhost:46595|client:localhost:38665|dataStream:localhost:35383|priority:0|startupRole:FOLLOWER], format? true
2023-03-28 15:08:25,551 [Time-limited test] TRACE util.FileUtils (FileUtils.java:deleteFully(201)) - deleteFully target/test/data/d2acef73/MiniRaftClusterWithGrpce7b3636b/s0
2023-03-28 15:08:25,551 [Time-limited test] TRACE util.FileUtils (FileUtils.java:deleteFully(217)) - deleteFully: target/test/data/d2acef73/MiniRaftClusterWithGrpce7b3636b/s0 does not exist.
2023-03-28 15:08:25,551 [Time-limited test] INFO  impl.MiniRaftCluster (MiniRaftCluster.java:newRaftServer(387)) - Formatted directory target/test/data/d2acef73/MiniRaftClusterWithGrpce7b3636b/s0
2023-03-28 15:08:25,552 [Time-limited test] INFO  server.RaftServer (ConfUtils.java:logGet(46)) - raft.rpc.type = GRPC (default)
2023-03-28 15:08:25,552 [Time-limited test] INFO  grpc.GrpcConfigKeys (ConfUtils.java:logFallback(53)) - raft.grpc.admin.host = null (fallback to raft.grpc.server.host)
2023-03-28 15:08:25,552 [Time-limited test] INFO  grpc.GrpcConfigKeys (ConfUtils.java:logGet(46)) - raft.grpc.admin.port = 46595 (custom)
2023-03-28 15:08:25,552 [Time-limited test] INFO  grpc.GrpcConfigKeys (ConfUtils.java:logFallback(53)) - raft.grpc.client.host = null (fallback to raft.grpc.server.host)
2023-03-28 15:08:25,552 [Time-limited test] INFO  grpc.GrpcConfigKeys (ConfUtils.java:logGet(46)) - raft.grpc.client.port = 38665 (custom)
2023-03-28 15:08:25,552 [Time-limited test] INFO  grpc.GrpcConfigKeys (ConfUtils.java:logGet(46)) - raft.grpc.server.host = null (default)
2023-03-28 15:08:25,552 [Time-limited test] INFO  grpc.GrpcConfigKeys (ConfUtils.java:logGet(46)) - raft.grpc.server.port = 34345 (custom)
2023-03-28 15:08:25,552 [Time-limited test] INFO  server.GrpcService (ConfUtils.java:logGet(46)) - raft.grpc.message.size.max = 64MB (=67108864) (default)
2023-03-28 15:08:25,552 [Time-limited test] INFO  server.RaftServerConfigKeys (ConfUtils.java:logGet(46)) - raft.server.log.appender.buffer.byte-limit = 4MB (=4194304) (default)
2023-03-28 15:08:25,553 [Time-limited test] INFO  server.GrpcService (ConfUtils.java:logGet(46)) - raft.grpc.flow.control.window = 1MB (=1048576) (default)
2023-03-28 15:08:25,553 [Time-limited test] INFO  server.RaftServerConfigKeys (ConfUtils.java:logGet(46)) - raft.server.rpc.request.timeout = 3000ms (default)
2023-03-28 15:08:25,553 [Time-limited test] INFO  grpc.GrpcConfigKeys (ConfUtils.java:logGet(46)) - raft.grpc.server.heartbeat.channel = true (default)
2023-03-28 15:08:25,553 [Time-limited test] INFO  grpc.GrpcConfigKeys (ConfUtils.java:logGet(46)) - raft.grpc.server.async.request.thread.pool.cached = true (default)
2023-03-28 15:08:25,553 [Time-limited test] INFO  grpc.GrpcConfigKeys (ConfUtils.java:logGet(46)) - raft.grpc.server.async.request.thread.pool.size = 32 (default)
2023-03-28 15:08:25,555 [Time-limited test] INFO  impl.DataStreamServerImpl (ConfUtils.java:logGet(46)) - raft.datastream.type = DISABLED (default)
2023-03-28 15:08:25,555 [Time-limited test] INFO  server.RaftServerConfigKeys (ConfUtils.java:logGet(46)) - raft.server.threadpool.proxy.cached = true (default)
2023-03-28 15:08:25,556 [Time-limited test] INFO  server.RaftServerConfigKeys (ConfUtils.java:logGet(46)) - raft.server.threadpool.proxy.size = 0 (default)
2023-03-28 15:08:25,556 [Time-limited test] INFO  server.RaftServerConfigKeys (ConfUtils.java:logGet(46)) - raft.server.rpc.slowness.timeout = 60s (default)
2023-03-28 15:08:25,556 [Time-limited test] INFO  server.RaftServerConfigKeys (ConfUtils.java:logGet(46)) - raft.server.leaderelection.leader.step-down.wait-time = 10s (default)
2023-03-28 15:08:25,556 [Time-limited test] INFO  server.RaftServerConfigKeys (ConfUtils.java:logGet(46)) - raft.server.storage.dir = [/home/runner/work/ratis/ratis/ratis-test/target/test/data/d2acef73/MiniRaftClusterWithGrpce7b3636b/s0] (custom)
2023-03-28 15:08:25,556 [Time-limited test] INFO  server.RaftServer (RaftServerProxy.java:addNew(99)) - s0: addNew group-D8BE47583D5B:[s0|rpc:localhost:34345|admin:localhost:46595|client:localhost:38665|dataStream:localhost:35383|priority:0|startupRole:FOLLOWER] returns group-D8BE47583D5B:java.util.concurrent.CompletableFuture@3079b7f[Not completed]
2023-03-28 15:08:25,556 [s0-groupManagement] INFO  server.RaftServerConfigKeys (ConfUtils.java:logGet(46)) - raft.server.log.segment.size.max = 8MB (=8388608) (default)
2023-03-28 15:08:25,556 [s0-groupManagement] INFO  server.RaftServerConfigKeys (ConfUtils.java:logGet(46)) - raft.server.log.preallocated.size = 4MB (=4194304) (default)
2023-03-28 15:08:25,556 [s0-groupManagement] INFO  server.RaftServerConfigKeys (ConfUtils.java:logGet(46)) - raft.server.log.write.buffer.size = 64KB (=65536) (default)
2023-03-28 15:08:25,556 [s0-groupManagement] INFO  server.RaftServer$Division (RaftServerImpl.java:<init>(198)) - s0: new RaftServerImpl for group-D8BE47583D5B:[s0|rpc:localhost:34345|admin:localhost:46595|client:localhost:38665|dataStream:localhost:35383|priority:0|startupRole:FOLLOWER] with StateMachineWithSeparatedSnapshotPath:uninitialized
2023-03-28 15:08:25,558 [s0-groupManagement] INFO  server.RaftServerConfigKeys (ConfUtils.java:logGet(46)) - raft.server.rpc.timeout.min = 150ms (default)
2023-03-28 15:08:25,558 [s0-groupManagement] INFO  server.RaftServerConfigKeys (ConfUtils.java:logGet(46)) - raft.server.rpc.timeout.max = 300ms (default)
2023-03-28 15:08:25,558 [s0-groupManagement] INFO  server.RaftServerConfigKeys (ConfUtils.java:logGet(46)) - raft.server.rpc.sleep.time = 25ms (default)
2023-03-28 15:08:25,558 [s0-groupManagement] INFO  server.RaftServerConfigKeys (ConfUtils.java:logGet(46)) - raft.server.rpc.slowness.timeout = 60s (default)
2023-03-28 15:08:25,558 [s0-groupManagement] INFO  server.RaftServerConfigKeys (ConfUtils.java:logGet(46)) - raft.server.leaderelection.leader.step-down.wait-time = 10s (default)
2023-03-28 15:08:25,558 [s0-groupManagement] INFO  server.RaftServerConfigKeys (ConfUtils.java:logGet(46)) - raft.server.sleep.deviation.threshold = 300ms (default)
2023-03-28 15:08:25,558 [s0-groupManagement] INFO  server.RaftServer$Division (ServerState.java:<init>(113)) - s0@group-D8BE47583D5B: ConfigurationManager, init=-1: peers:[s0|rpc:localhost:34345|admin:localhost:46595|client:localhost:38665|dataStream:localhost:35383|priority:0|startupRole:FOLLOWER]|listeners:[], old=null, confs=<EMPTY_MAP>
2023-03-28 15:08:25,558 [s0-groupManagement] INFO  server.RaftServerConfigKeys (ConfUtils.java:logGet(46)) - raft.server.notification.no-leader.timeout = 60s (default)
2023-03-28 15:08:25,558 [s0-groupManagement] INFO  server.RaftServerConfigKeys (ConfUtils.java:logGet(46)) - raft.server.read.timeout = 10s (default)
2023-03-28 15:08:25,559 [s0-groupManagement] INFO  server.RaftServerConfigKeys (ConfUtils.java:logGet(46)) - raft.server.retrycache.expirytime = 60s (default)
2023-03-28 15:08:25,559 [s0-groupManagement] INFO  server.RaftServerConfigKeys (ConfUtils.java:logGet(46)) - raft.server.retrycache.statistics.expirytime = 100μs (default)
2023-03-28 15:08:25,559 [s0-groupManagement] INFO  server.RaftServerConfigKeys (ConfUtils.java:logGet(46)) - raft.server.read.option = DEFAULT (default)
2023-03-28 15:08:25,560 [s0-groupManagement] INFO  server.RaftServerConfigKeys (ConfUtils.java:logGet(46)) - raft.server.rpc.request.timeout = 3000ms (default)
2023-03-28 15:08:25,560 [s0-groupManagement] INFO  server.RaftServerConfigKeys (ConfUtils.java:logGet(46)) - raft.server.log.appender.install.snapshot.enabled = true (default)
2023-03-28 15:08:25,560 [s0-groupManagement] INFO  server.RaftServerConfigKeys (ConfUtils.java:logGet(46)) - raft.server.threadpool.server.cached = true (default)
2023-03-28 15:08:25,560 [s0-groupManagement] INFO  server.RaftServerConfigKeys (ConfUtils.java:logGet(46)) - raft.server.threadpool.server.size = 0 (default)
2023-03-28 15:08:25,560 [s0-groupManagement] INFO  server.RaftServerConfigKeys (ConfUtils.java:logGet(46)) - raft.server.threadpool.client.cached = true (default)
2023-03-28 15:08:25,560 [s0-groupManagement] INFO  server.RaftServerConfigKeys (ConfUtils.java:logGet(46)) - raft.server.threadpool.client.size = 0 (default)
2023-03-28 15:08:25,561 [s0-impl-thread1] INFO  server.RaftServerConfigKeys (ConfUtils.java:logGet(46)) - raft.server.storage.free-space.min = 0MB (=0) (default)
2023-03-28 15:08:25,561 [s0-impl-thread1] INFO  server.RaftServerConfigKeys (ConfUtils.java:logGet(46)) - raft.server.log.corruption.policy = EXCEPTION (default)
2023-03-28 15:08:25,561 [s0-impl-thread1] INFO  server.RaftServerConfigKeys (ConfUtils.java:logGet(46)) - raft.server.storage.dir = [/home/runner/work/ratis/ratis/ratis-test/target/test/data/d2acef73/MiniRaftClusterWithGrpce7b3636b/s0] (custom)
2023-03-28 15:08:25,561 [s0-impl-thread1] INFO  storage.RaftStorageDirectory (RaftStorageDirectoryImpl.java:analyzeStorage(138)) - The storage directory /home/runner/work/ratis/ratis/ratis-test/target/test/data/d2acef73/MiniRaftClusterWithGrpce7b3636b/s0/a1e2a1ec-4efa-4b72-9da1-d8be47583d5b does not exist. Creating ...
2023-03-28 15:08:25,561 [s0-impl-thread1] TRACE util.FileUtils (LogUtils.java:runAndLog(49)) - Successfully ran Files.createDirectories /home/runner/work/ratis/ratis/ratis-test/target/test/data/d2acef73/MiniRaftClusterWithGrpce7b3636b/s0/a1e2a1ec-4efa-4b72-9da1-d8be47583d5b
2023-03-28 15:08:25,562 [s0-impl-thread1] INFO  storage.RaftStorageDirectory (RaftStorageDirectoryImpl.java:tryLock(232)) - Lock on /home/runner/work/ratis/ratis/ratis-test/target/test/data/d2acef73/MiniRaftClusterWithGrpce7b3636b/s0/a1e2a1ec-4efa-4b72-9da1-d8be47583d5b/in_use.lock acquired by nodename 18162@fv-az489-275
2023-03-28 15:08:25,562 [s0-impl-thread1] TRACE util.FileUtils (LogUtils.java:runAndLog(49)) - Successfully ran Files.createDirectories /home/runner/work/ratis/ratis/ratis-test/target/test/data/d2acef73/MiniRaftClusterWithGrpce7b3636b/s0/a1e2a1ec-4efa-4b72-9da1-d8be47583d5b/current
2023-03-28 15:08:25,562 [s0-impl-thread1] TRACE util.FileUtils (LogUtils.java:runAndLog(49)) - Successfully ran Files.createDirectories /home/runner/work/ratis/ratis/ratis-test/target/test/data/d2acef73/MiniRaftClusterWithGrpce7b3636b/s0/a1e2a1ec-4efa-4b72-9da1-d8be47583d5b/sm
2023-03-28 15:08:25,564 [s0-impl-thread1] INFO  storage.RaftStorage (RaftStorageImpl.java:format(96)) - Storage directory /home/runner/work/ratis/ratis/ratis-test/target/test/data/d2acef73/MiniRaftClusterWithGrpce7b3636b/s0/a1e2a1ec-4efa-4b72-9da1-d8be47583d5b has been successfully formatted.
2023-03-28 15:08:25,564 [s0-impl-thread1] INFO  impl.SimpleStateMachine4Testing (SimpleStateMachine4Testing.java:initialize(213)) - Initializing StateMachineWithSeparatedSnapshotPath:uninitialized
2023-03-28 15:08:25,564 [s0-impl-thread1] INFO  impl.SimpleStateMachine4Testing (SimpleStateMachine4Testing.java:loadSnapshot(293)) - Loading snapshot null
2023-03-28 15:08:25,564 [s0-impl-thread1] TRACE util.FileUtils (FileUtils.java:deleteFully(201)) - deleteFully /tmp/ratis-tests/statemachine/s0
2023-03-28 15:08:25,564 [s0-impl-thread1] TRACE util.FileUtils (LogUtils.java:runAndLog(49)) - Successfully ran Files.delete /tmp/ratis-tests/statemachine/s0/tmp
2023-03-28 15:08:25,564 [s0-impl-thread1] TRACE util.FileUtils (LogUtils.java:runAndLog(49)) - Successfully ran Files.delete /tmp/ratis-tests/statemachine/s0/snapshot/1_63/loves
2023-03-28 15:08:25,564 [s0-impl-thread1] TRACE util.FileUtils (LogUtils.java:runAndLog(49)) - Successfully ran Files.delete /tmp/ratis-tests/statemachine/s0/snapshot/1_63/vegetable
2023-03-28 15:08:25,564 [s0-impl-thread1] TRACE util.FileUtils (LogUtils.java:runAndLog(49)) - Successfully ran Files.delete /tmp/ratis-tests/statemachine/s0/snapshot/1_63/deer
2023-03-28 15:08:25,564 [s0-impl-thread1] TRACE util.FileUtils (LogUtils.java:runAndLog(49)) - Successfully ran Files.delete /tmp/ratis-tests/statemachine/s0/snapshot/1_63
2023-03-28 15:08:25,565 [s0-impl-thread1] TRACE util.FileUtils (LogUtils.java:runAndLog(49)) - Successfully ran Files.delete /tmp/ratis-tests/statemachine/s0/snapshot/1_258/loves
2023-03-28 15:08:25,565 [s0-impl-thread1] TRACE util.FileUtils (LogUtils.java:runAndLog(49)) - Successfully ran Files.delete /tmp/ratis-tests/statemachine/s0/snapshot/1_258/vegetable
2023-03-28 15:08:25,565 [s0-impl-thread1] TRACE util.FileUtils (LogUtils.java:runAndLog(49)) - Successfully ran Files.delete /tmp/ratis-tests/statemachine/s0/snapshot/1_258/deer
2023-03-28 15:08:25,565 [s0-impl-thread1] TRACE util.FileUtils (LogUtils.java:runAndLog(49)) - Successfully ran Files.delete /tmp/ratis-tests/statemachine/s0/snapshot/1_258
2023-03-28 15:08:25,565 [s0-impl-thread1] TRACE util.FileUtils (LogUtils.java:runAndLog(49)) - Successfully ran Files.delete /tmp/ratis-tests/statemachine/s0/snapshot/1_255/loves
2023-03-28 15:08:25,565 [s0-impl-thread1] TRACE util.FileUtils (LogUtils.java:runAndLog(49)) - Successfully ran Files.delete /tmp/ratis-tests/statemachine/s0/snapshot/1_255/vegetable
2023-03-28 15:08:25,565 [s0-impl-thread1] TRACE util.FileUtils (LogUtils.java:runAndLog(49)) - Successfully ran Files.delete /tmp/ratis-tests/statemachine/s0/snapshot/1_255/deer
2023-03-28 15:08:25,565 [s0-impl-thread1] TRACE util.FileUtils (LogUtils.java:runAndLog(49)) - Successfully ran Files.delete /tmp/ratis-tests/statemachine/s0/snapshot/1_255
2023-03-28 15:08:25,565 [s0-impl-thread1] TRACE util.FileUtils (LogUtils.java:runAndLog(49)) - Successfully ran Files.delete /tmp/ratis-tests/statemachine/s0/snapshot/1_191/loves
2023-03-28 15:08:25,565 [s0-impl-thread1] TRACE util.FileUtils (LogUtils.java:runAndLog(49)) - Successfully ran Files.delete /tmp/ratis-tests/statemachine/s0/snapshot/1_191/vegetable
2023-03-28 15:08:25,565 [s0-impl-thread1] TRACE util.FileUtils (LogUtils.java:runAndLog(49)) - Successfully ran Files.delete /tmp/ratis-tests/statemachine/s0/snapshot/1_191/deer
2023-03-28 15:08:25,565 [s0-impl-thread1] TRACE util.FileUtils (LogUtils.java:runAndLog(49)) - Successfully ran Files.delete /tmp/ratis-tests/statemachine/s0/snapshot/1_191
2023-03-28 15:08:25,565 [s0-impl-thread1] TRACE util.FileUtils (LogUtils.java:runAndLog(49)) - Successfully ran Files.delete /tmp/ratis-tests/statemachine/s0/snapshot/1_127/loves
2023-03-28 15:08:25,565 [s0-impl-thread1] TRACE util.FileUtils (LogUtils.java:runAndLog(49)) - Successfully ran Files.delete /tmp/ratis-tests/statemachine/s0/snapshot/1_127/vegetable
2023-03-28 15:08:25,565 [s0-impl-thread1] TRACE util.FileUtils (LogUtils.java:runAndLog(49)) - Successfully ran Files.delete /tmp/ratis-tests/statemachine/s0/snapshot/1_127/deer
2023-03-28 15:08:25,565 [s0-impl-thread1] TRACE util.FileUtils (LogUtils.java:runAndLog(49)) - Successfully ran Files.delete /tmp/ratis-tests/statemachine/s0/snapshot/1_127
2023-03-28 15:08:25,565 [s0-impl-thread1] TRACE util.FileUtils (LogUtils.java:runAndLog(49)) - Successfully ran Files.delete /tmp/ratis-tests/statemachine/s0/snapshot
2023-03-28 15:08:25,565 [s0-impl-thread1] TRACE util.FileUtils (LogUtils.java:runAndLog(49)) - Successfully ran Files.delete /tmp/ratis-tests/statemachine/s0
2023-03-28 15:08:25,565 [s0-impl-thread1] INFO  server.RaftServerConfigKeys (ConfUtils.java:logGet(46)) - raft.server.log.use.memory = false (default)
2023-03-28 15:08:25,566 [s0-impl-thread1] INFO  server.RaftServerConfigKeys (ConfUtils.java:logGet(46)) - raft.server.log.purge.gap = 8 (custom)
2023-03-28 15:08:25,566 [s0-impl-thread1] INFO  server.RaftServerConfigKeys (ConfUtils.java:logGet(46)) - raft.server.log.appender.buffer.byte-limit = 4MB (=4194304) (default)
2023-03-28 15:08:25,566 [s0-impl-thread1] INFO  server.RaftServerConfigKeys (ConfUtils.java:logGet(46)) - raft.server.log.statemachine.data.read.timeout = 1000ms (default)
2023-03-28 15:08:25,566 [s0-impl-thread1] INFO  server.RaftServerConfigKeys (ConfUtils.java:logGet(46)) - raft.server.log.purge.preservation.log.num = 0 (default)
2023-03-28 15:08:25,566 [s0-impl-thread1] INFO  server.RaftServerConfigKeys (ConfUtils.java:logGet(46)) - raft.server.log.segment.size.max = 8MB (=8388608) (default)
2023-03-28 15:08:25,566 [s0-impl-thread1] INFO  server.RaftServerConfigKeys (ConfUtils.java:logGet(46)) - raft.server.log.segment.cache.num.max = 6 (default)
2023-03-28 15:08:25,566 [s0-impl-thread1] INFO  server.RaftServerConfigKeys (ConfUtils.java:logGet(46)) - raft.server.log.segment.cache.size.max = 200MB (=209715200) (default)
2023-03-28 15:08:25,566 [s0-impl-thread1] INFO  server.RaftServerConfigKeys (ConfUtils.java:logGet(46)) - raft.server.log.appender.buffer.byte-limit = 4MB (=4194304) (default)
2023-03-28 15:08:25,566 [s0-impl-thread1] INFO  segmented.SegmentedRaftLogWorker (SegmentedRaftLogWorker.java:<init>(183)) - new s0@group-D8BE47583D5B-SegmentedRaftLogWorker for RaftStorageImpl:Storage Directory /home/runner/work/ratis/ratis/ratis-test/target/test/data/d2acef73/MiniRaftClusterWithGrpce7b3636b/s0/a1e2a1ec-4efa-4b72-9da1-d8be47583d5b
2023-03-28 15:08:25,566 [s0-impl-thread1] INFO  server.RaftServerConfigKeys (ConfUtils.java:logGet(46)) - raft.server.log.queue.byte-limit = 64MB (=67108864) (default)
2023-03-28 15:08:25,566 [s0-impl-thread1] INFO  server.RaftServerConfigKeys (ConfUtils.java:logGet(46)) - raft.server.log.queue.element-limit = 4096 (default)
2023-03-28 15:08:25,566 [s0-impl-thread1] INFO  server.RaftServerConfigKeys (ConfUtils.java:logGet(46)) - raft.server.log.segment.size.max = 8MB (=8388608) (default)
2023-03-28 15:08:25,566 [s0-impl-thread1] INFO  server.RaftServerConfigKeys (ConfUtils.java:logGet(46)) - raft.server.log.preallocated.size = 4MB (=4194304) (default)
2023-03-28 15:08:25,566 [s0-impl-thread1] INFO  server.RaftServerConfigKeys (ConfUtils.java:logGet(46)) - raft.server.log.force.sync.num = 128 (default)
2023-03-28 15:08:25,566 [s0-impl-thread1] INFO  server.RaftServerConfigKeys (ConfUtils.java:logGet(46)) - raft.server.log.statemachine.data.sync = true (default)
2023-03-28 15:08:25,566 [s0-impl-thread1] INFO  server.RaftServerConfigKeys (ConfUtils.java:logGet(46)) - raft.server.log.statemachine.data.sync.timeout = 10s (default)
2023-03-28 15:08:25,566 [s0-impl-thread1] INFO  server.RaftServerConfigKeys (ConfUtils.java:logGet(46)) - raft.server.log.statemachine.data.sync.timeout.retry = -1 (default)
2023-03-28 15:08:25,566 [s0-impl-thread1] INFO  server.RaftServerConfigKeys (ConfUtils.java:logGet(46)) - raft.server.log.write.buffer.size = 64KB (=65536) (default)
2023-03-28 15:08:25,566 [s0-impl-thread1] INFO  server.RaftServerConfigKeys (ConfUtils.java:logGet(46)) - raft.server.log.appender.buffer.byte-limit = 4MB (=4194304) (default)
2023-03-28 15:08:25,567 [s0-impl-thread1] INFO  server.RaftServerConfigKeys (ConfUtils.java:logGet(46)) - raft.server.log.unsafe-flush.enabled = false (default)
2023-03-28 15:08:25,567 [s0-impl-thread1] INFO  server.RaftServerConfigKeys (ConfUtils.java:logGet(46)) - raft.server.log.async-flush.enabled = false (default)
2023-03-28 15:08:25,567 [s0-impl-thread1] INFO  server.RaftServerConfigKeys (ConfUtils.java:logGet(46)) - raft.server.log.statemachine.data.caching.enabled = false (default)
2023-03-28 15:08:25,567 [s0-impl-thread1] INFO  segmented.SegmentedRaftLogWorker (SegmentedRaftLogWorker.java:lambda$new$0(134)) - s0@group-D8BE47583D5B-SegmentedRaftLogWorker: flushIndex: setUnconditionally 0 -> -1
2023-03-28 15:08:25,567 [s0-impl-thread1] INFO  segmented.SegmentedRaftLogWorker (SegmentedRaftLogWorker.java:lambda$new$0(134)) - s0@group-D8BE47583D5B-SegmentedRaftLogWorker: safeCacheEvictIndex: setUnconditionally 0 -> -1
2023-03-28 15:08:25,572 [s0-impl-thread1] INFO  server.RaftServer$Division (RaftServerImpl.java:start(342)) - s0@group-D8BE47583D5B: start as a follower, conf=-1: peers:[s0|rpc:localhost:34345|admin:localhost:46595|client:localhost:38665|dataStream:localhost:35383|priority:0|startupRole:FOLLOWER]|listeners:[], old=null
2023-03-28 15:08:25,572 [s0-impl-thread1] INFO  server.RaftServer$Division (RaftServerImpl.java:setRole(329)) - s0@group-D8BE47583D5B: changes role from      null to FOLLOWER at term 0 for startAsFollower
2023-03-28 15:08:25,572 [s0-impl-thread1] INFO  impl.RoleInfo (RoleInfo.java:updateAndGet(139)) - s0: start s0@group-D8BE47583D5B-FollowerState
2023-03-28 15:08:25,572 [s0-impl-thread1] INFO  util.JmxRegister (JmxRegister.java:tryRegister(44)) - Successfully registered JMX Bean with object name Ratis:service=RaftServer,group=group-D8BE47583D5B,id=s0
2023-03-28 15:08:25,572 [s0-impl-thread1] INFO  server.RaftServerConfigKeys (ConfUtils.java:logGet(46)) - raft.server.snapshot.auto.trigger.enabled = true (custom)
2023-03-28 15:08:25,572 [s0-impl-thread1] INFO  server.RaftServerConfigKeys (ConfUtils.java:logGet(46)) - raft.server.snapshot.auto.trigger.threshold = 64 (custom)
2023-03-28 15:08:25,573 [s0-impl-thread1] INFO  server.RaftServerConfigKeys (ConfUtils.java:logGet(46)) - raft.server.snapshot.retention.file.num = -1 (default)
2023-03-28 15:08:25,573 [s0-impl-thread1] INFO  server.RaftServerConfigKeys (ConfUtils.java:logGet(46)) - raft.server.log.purge.upto.snapshot.index = false (default)
2023-03-28 15:08:25,576 [Time-limited test] INFO  server.RaftServer (RaftServerProxy.java:startImpl(401)) - s0: start RPC server
2023-03-28 15:08:25,583 [Time-limited test] INFO  server.GrpcService (GrpcService.java:startImpl(302)) - s0: GrpcService started, listening on 38665
2023-03-28 15:08:25,584 [Time-limited test] INFO  server.GrpcService (GrpcService.java:startImpl(302)) - s0: GrpcService started, listening on 34345
2023-03-28 15:08:25,584 [s0@group-D8BE47583D5B-FollowerState] INFO  server.RaftServerConfigKeys (ConfUtils.java:logFallback(53)) - raft.server.rpc.first-election.timeout.min = 150ms (fallback to raft.server.rpc.timeout.min)
2023-03-28 15:08:25,584 [Time-limited test] INFO  server.GrpcService (GrpcService.java:startImpl(302)) - s0: GrpcService started, listening on 46595
2023-03-28 15:08:25,585 [s0@group-D8BE47583D5B-FollowerState] INFO  server.RaftServerConfigKeys (ConfUtils.java:logFallback(53)) - raft.server.rpc.first-election.timeout.max = 300ms (fallback to raft.server.rpc.timeout.max)
2023-03-28 15:08:25,585 [JvmPauseMonitor9] INFO  util.JvmPauseMonitor (JvmPauseMonitor.java:run(103)) - JvmPauseMonitor-s0: Started
2023-03-28 15:08:25,592 [Time-limited test] INFO  server.RaftServerConfigKeys (ConfUtils.java:logGet(46)) - raft.server.rpc.timeout.max = 300ms (default)
2023-03-28 15:08:25,592 [Time-limited test] INFO  ratis.RaftTestUtil (RaftTestUtil.java:waitForLeader(100)) - printing ALL groups
  s0:  RUNNING  FOLLOWER s0@group-D8BE47583D5B:t0, leader=null, voted=, raftlog=Memoized:s0@group-D8BE47583D5B-SegmentedRaftLog:OPENED:c-1, conf=-1: peers:[s0|rpc:localhost:34345|admin:localhost:46595|client:localhost:38665|dataStream:localhost:35383|priority:0|startupRole:FOLLOWER]|listeners:[], old=null RUNNING
2023-03-28 15:08:25,592 [Time-limited test] WARN  ratis.RaftTestUtil (JavaUtils.java:attempt(217)) - FAILED "waitForLeader-null-(expectLeader? true)", attempt #1/100: java.lang.IllegalStateException: No leader yet : printing ALL groups
  s0:  RUNNING  FOLLOWER s0@group-D8BE47583D5B:t0, leader=null, voted=, raftlog=Memoized:s0@group-D8BE47583D5B-SegmentedRaftLog:OPENED:c-1, conf=-1: peers:[s0|rpc:localhost:34345|admin:localhost:46595|client:localhost:38665|dataStream:localhost:35383|priority:0|startupRole:FOLLOWER]|listeners:[], old=null RUNNING, sleep 450ms and then retry.
java.lang.IllegalStateException: No leader yet : printing ALL groups
  s0:  RUNNING  FOLLOWER s0@group-D8BE47583D5B:t0, leader=null, voted=, raftlog=Memoized:s0@group-D8BE47583D5B-SegmentedRaftLog:OPENED:c-1, conf=-1: peers:[s0|rpc:localhost:34345|admin:localhost:46595|client:localhost:38665|dataStream:localhost:35383|priority:0|startupRole:FOLLOWER]|listeners:[], old=null RUNNING
	at org.apache.ratis.server.impl.MiniRaftCluster.newIllegalStateExceptionForNoLeaders(MiniRaftCluster.java:581)
	at org.apache.ratis.RaftTestUtil.lambda$waitForLeader$1(RaftTestUtil.java:104)
	at org.apache.ratis.server.impl.MiniRaftCluster.getLeader(MiniRaftCluster.java:615)
	at org.apache.ratis.server.impl.MiniRaftCluster.getLeader(MiniRaftCluster.java:608)
	at org.apache.ratis.RaftTestUtil.lambda$waitForLeader$3(RaftTestUtil.java:112)
	at org.apache.ratis.util.JavaUtils.attempt(JavaUtils.java:211)
	at org.apache.ratis.util.JavaUtils.attemptRepeatedly(JavaUtils.java:197)
	at org.apache.ratis.RaftTestUtil.waitForLeader(RaftTestUtil.java:111)
	at org.apache.ratis.RaftTestUtil.waitForLeader(RaftTestUtil.java:92)
	at org.apache.ratis.RaftTestUtil.waitForLeader(RaftTestUtil.java:87)
	at org.apache.ratis.InstallSnapshotFromLeaderTests.testMultiFileInstallSnapshot(InstallSnapshotFromLeaderTests.java:92)
	at org.apache.ratis.server.impl.MiniRaftCluster$Factory$Get.runWithNewCluster(MiniRaftCluster.java:141)
	at org.apache.ratis.server.impl.MiniRaftCluster$Factory$Get.runWithNewCluster(MiniRaftCluster.java:121)
	at org.apache.ratis.InstallSnapshotFromLeaderTests.testSeparateSnapshotInstallPath(InstallSnapshotFromLeaderTests.java:86)
	at java.base/jdk.internal.reflect.NativeMethodAccessorImpl.invoke0(Native Method)
	at java.base/jdk.internal.reflect.NativeMethodAccessorImpl.invoke(NativeMethodAccessorImpl.java:62)
	at java.base/jdk.internal.reflect.DelegatingMethodAccessorImpl.invoke(DelegatingMethodAccessorImpl.java:43)
	at java.base/java.lang.reflect.Method.invoke(Method.java:566)
	at org.junit.runners.model.FrameworkMethod$1.runReflectiveCall(FrameworkMethod.java:59)
	at org.junit.internal.runners.model.ReflectiveCallable.run(ReflectiveCallable.java:12)
	at org.junit.runners.model.FrameworkMethod.invokeExplosively(FrameworkMethod.java:56)
	at org.junit.internal.runners.statements.InvokeMethod.evaluate(InvokeMethod.java:17)
	at org.junit.internal.runners.statements.RunAfters.evaluate(RunAfters.java:27)
	at org.junit.internal.runners.statements.FailOnTimeout$CallableStatement.call(FailOnTimeout.java:299)
	at org.junit.internal.runners.statements.FailOnTimeout$CallableStatement.call(FailOnTimeout.java:293)
	at java.base/java.util.concurrent.FutureTask.run(FutureTask.java:264)
	at java.base/java.lang.Thread.run(Thread.java:829)
2023-03-28 15:08:25,763 [s0@group-D8BE47583D5B-FollowerState] INFO  impl.FollowerState (FollowerState.java:run(143)) - s0@group-D8BE47583D5B-FollowerState: change to CANDIDATE, lastRpcElapsedTime:191248455ns, electionTimeout:178ms
2023-03-28 15:08:25,763 [s0@group-D8BE47583D5B-FollowerState] INFO  impl.RoleInfo (RoleInfo.java:shutdownFollowerState(110)) - s0: shutdown s0@group-D8BE47583D5B-FollowerState
2023-03-28 15:08:25,763 [s0@group-D8BE47583D5B-FollowerState] INFO  server.RaftServer$Division (RaftServerImpl.java:setRole(329)) - s0@group-D8BE47583D5B: changes role from  FOLLOWER to CANDIDATE at term 0 for changeToCandidate
2023-03-28 15:08:25,766 [s0@group-D8BE47583D5B-FollowerState] INFO  server.RaftServerConfigKeys (ConfUtils.java:logGet(46)) - raft.server.leaderelection.pre-vote = true (default)
2023-03-28 15:08:25,766 [s0@group-D8BE47583D5B-FollowerState] INFO  impl.RoleInfo (RoleInfo.java:updateAndGet(139)) - s0: start s0@group-D8BE47583D5B-LeaderElection4
2023-03-28 15:08:25,768 [s0@group-D8BE47583D5B-LeaderElection4] INFO  impl.LeaderElection (LeaderElection.java:askForVotes(320)) - s0@group-D8BE47583D5B-LeaderElection4 PRE_VOTE round 0: submit vote requests at term 0 for -1: peers:[s0|rpc:localhost:34345|admin:localhost:46595|client:localhost:38665|dataStream:localhost:35383|priority:0|startupRole:FOLLOWER]|listeners:[], old=null
2023-03-28 15:08:25,768 [s0@group-D8BE47583D5B-LeaderElection4] INFO  impl.LeaderElection (LeaderElection.java:askForVotes(322)) - s0@group-D8BE47583D5B-LeaderElection4 PRE_VOTE round 0: result PASSED (term=0)
2023-03-28 15:08:25,770 [s0@group-D8BE47583D5B-LeaderElection4] INFO  impl.LeaderElection (LeaderElection.java:askForVotes(320)) - s0@group-D8BE47583D5B-LeaderElection4 ELECTION round 0: submit vote requests at term 1 for -1: peers:[s0|rpc:localhost:34345|admin:localhost:46595|client:localhost:38665|dataStream:localhost:35383|priority:0|startupRole:FOLLOWER]|listeners:[], old=null
2023-03-28 15:08:25,770 [s0@group-D8BE47583D5B-LeaderElection4] INFO  impl.LeaderElection (LeaderElection.java:askForVotes(322)) - s0@group-D8BE47583D5B-LeaderElection4 ELECTION round 0: result PASSED (term=1)
2023-03-28 15:08:25,770 [s0@group-D8BE47583D5B-LeaderElection4] INFO  impl.RoleInfo (RoleInfo.java:shutdownLeaderElection(130)) - s0: shutdown s0@group-D8BE47583D5B-LeaderElection4
2023-03-28 15:08:25,770 [s0@group-D8BE47583D5B-LeaderElection4] INFO  server.RaftServer$Division (RaftServerImpl.java:setRole(329)) - s0@group-D8BE47583D5B: changes role from CANDIDATE to LEADER at term 1 for changeToLeader
2023-03-28 15:08:25,770 [s0@group-D8BE47583D5B-LeaderElection4] INFO  server.RaftServer$Division (ServerState.java:setLeader(260)) - s0@group-D8BE47583D5B: change Leader from null to s0 at term 1 for becomeLeader, leader elected after 211ms
2023-03-28 15:08:25,770 [s0@group-D8BE47583D5B-LeaderElection4] INFO  server.RaftServerConfigKeys (ConfUtils.java:logGet(46)) - raft.server.staging.catchup.gap = 1000 (default)
2023-03-28 15:08:25,770 [s0@group-D8BE47583D5B-LeaderElection4] INFO  server.RaftServerConfigKeys (ConfUtils.java:logGet(46)) - raft.server.write.element-limit = 4096 (default)
2023-03-28 15:08:25,770 [s0@group-D8BE47583D5B-LeaderElection4] INFO  server.RaftServerConfigKeys (ConfUtils.java:logGet(46)) - raft.server.write.byte-limit = 64MB (=67108864) (default)
2023-03-28 15:08:25,770 [s0@group-D8BE47583D5B-LeaderElection4] INFO  server.RaftServerConfigKeys (ConfUtils.java:logGet(46)) - raft.server.watch.timeout = 10s (default)
2023-03-28 15:08:25,770 [s0@group-D8BE47583D5B-LeaderElection4] INFO  server.RaftServerConfigKeys (ConfUtils.java:logGet(46)) - raft.server.watch.timeout.denomination = 1s (default)
2023-03-28 15:08:25,770 [s0@group-D8BE47583D5B-LeaderElection4] INFO  server.RaftServerConfigKeys (ConfUtils.java:logGet(46)) - raft.server.watch.element-limit = 65536 (default)
2023-03-28 15:08:25,770 [s0@group-D8BE47583D5B-LeaderElection4] INFO  server.RaftServerConfigKeys (ConfUtils.java:logGet(46)) - raft.server.write.element-limit = 4096 (default)
2023-03-28 15:08:25,770 [s0@group-D8BE47583D5B-LeaderElection4] INFO  server.RaftServerConfigKeys (ConfUtils.java:logGet(46)) - raft.server.write.follower.gap.ratio.max = -1.0 (default)
2023-03-28 15:08:25,771 [s0@group-D8BE47583D5B-LeaderElection4] INFO  impl.RoleInfo (RoleInfo.java:updateAndGet(139)) - s0: start s0@group-D8BE47583D5B-LeaderStateImpl
2023-03-28 15:08:25,771 [s0@group-D8BE47583D5B-LeaderElection4] INFO  segmented.SegmentedRaftLogWorker (SegmentedRaftLogWorker.java:startLogSegment(426)) - s0@group-D8BE47583D5B-SegmentedRaftLogWorker: Starting segment from index:0
2023-03-28 15:08:25,772 [s0@group-D8BE47583D5B-LeaderElection4] INFO  server.RaftServer$Division (ServerState.java:setRaftConf(377)) - s0@group-D8BE47583D5B: set configuration 0: peers:[s0|rpc:localhost:34345|admin:localhost:46595|client:localhost:38665|dataStream:localhost:35383|priority:0|startupRole:FOLLOWER]|listeners:[], old=null
2023-03-28 15:08:25,783 [s0@group-D8BE47583D5B-SegmentedRaftLogWorker] INFO  segmented.SegmentedRaftLogWorker (SegmentedRaftLogWorker.java:execute(630)) - s0@group-D8BE47583D5B-SegmentedRaftLogWorker: created new log segment /home/runner/work/ratis/ratis/ratis-test/target/test/data/d2acef73/MiniRaftClusterWithGrpce7b3636b/s0/a1e2a1ec-4efa-4b72-9da1-d8be47583d5b/current/log_inprogress_0
2023-03-28 15:08:26,044 [Time-limited test] INFO  ratis.RaftTestUtil (RaftTestUtil.java:waitForLeader(119)) - printing ALL groups
  s0:  RUNNING    LEADER s0@group-D8BE47583D5B:t1, leader=s0, voted=s0, raftlog=Memoized:s0@group-D8BE47583D5B-SegmentedRaftLog:OPENED:c0, conf=0: peers:[s0|rpc:localhost:34345|admin:localhost:46595|client:localhost:38665|dataStream:localhost:35383|priority:0|startupRole:FOLLOWER]|listeners:[], old=null RUNNING
2023-03-28 15:08:26,056 [s0@group-D8BE47583D5B-StateMachineUpdater] INFO  impl.SimpleStateMachine4Testing (SimpleStateMachine4Testing.java:put(205)) - s0: put 1, m0 -> (t:1, i:1), STATEMACHINELOGENTRY, 387@client-C0EB4CED6B19
2023-03-28 15:08:26,068 [s0@group-D8BE47583D5B-StateMachineUpdater] INFO  impl.SimpleStateMachine4Testing (SimpleStateMachine4Testing.java:put(205)) - s0: put 3, m1 -> (t:1, i:3), STATEMACHINELOGENTRY, 388@client-C0EB4CED6B19
2023-03-28 15:08:26,074 [s0@group-D8BE47583D5B-StateMachineUpdater] INFO  impl.SimpleStateMachine4Testing (SimpleStateMachine4Testing.java:put(205)) - s0: put 5, m2 -> (t:1, i:5), STATEMACHINELOGENTRY, 389@client-C0EB4CED6B19
2023-03-28 15:08:26,076 [s0@group-D8BE47583D5B-StateMachineUpdater] INFO  impl.SimpleStateMachine4Testing (SimpleStateMachine4Testing.java:put(205)) - s0: put 7, m3 -> (t:1, i:7), STATEMACHINELOGENTRY, 390@client-C0EB4CED6B19
2023-03-28 15:08:26,078 [s0@group-D8BE47583D5B-StateMachineUpdater] INFO  impl.SimpleStateMachine4Testing (SimpleStateMachine4Testing.java:put(205)) - s0: put 9, m4 -> (t:1, i:9), STATEMACHINELOGENTRY, 391@client-C0EB4CED6B19
2023-03-28 15:08:26,080 [s0@group-D8BE47583D5B-StateMachineUpdater] INFO  impl.SimpleStateMachine4Testing (SimpleStateMachine4Testing.java:put(205)) - s0: put 11, m5 -> (t:1, i:11), STATEMACHINELOGENTRY, 392@client-C0EB4CED6B19
2023-03-28 15:08:26,082 [s0@group-D8BE47583D5B-StateMachineUpdater] INFO  impl.SimpleStateMachine4Testing (SimpleStateMachine4Testing.java:put(205)) - s0: put 13, m6 -> (t:1, i:13), STATEMACHINELOGENTRY, 393@client-C0EB4CED6B19
2023-03-28 15:08:26,084 [s0@group-D8BE47583D5B-StateMachineUpdater] INFO  impl.SimpleStateMachine4Testing (SimpleStateMachine4Testing.java:put(205)) - s0: put 15, m7 -> (t:1, i:15), STATEMACHINELOGENTRY, 394@client-C0EB4CED6B19
2023-03-28 15:08:26,086 [s0@group-D8BE47583D5B-StateMachineUpdater] INFO  impl.SimpleStateMachine4Testing (SimpleStateMachine4Testing.java:put(205)) - s0: put 17, m8 -> (t:1, i:17), STATEMACHINELOGENTRY, 395@client-C0EB4CED6B19
2023-03-28 15:08:26,088 [s0@group-D8BE47583D5B-StateMachineUpdater] INFO  impl.SimpleStateMachine4Testing (SimpleStateMachine4Testing.java:put(205)) - s0: put 19, m9 -> (t:1, i:19), STATEMACHINELOGENTRY, 396@client-C0EB4CED6B19
2023-03-28 15:08:26,090 [s0@group-D8BE47583D5B-StateMachineUpdater] INFO  impl.SimpleStateMachine4Testing (SimpleStateMachine4Testing.java:put(205)) - s0: put 21, m10 -> (t:1, i:21), STATEMACHINELOGENTRY, 397@client-C0EB4CED6B19
2023-03-28 15:08:26,092 [s0@group-D8BE47583D5B-StateMachineUpdater] INFO  impl.SimpleStateMachine4Testing (SimpleStateMachine4Testing.java:put(205)) - s0: put 23, m11 -> (t:1, i:23), STATEMACHINELOGENTRY, 398@client-C0EB4CED6B19
2023-03-28 15:08:26,094 [s0@group-D8BE47583D5B-StateMachineUpdater] INFO  impl.SimpleStateMachine4Testing (SimpleStateMachine4Testing.java:put(205)) - s0: put 25, m12 -> (t:1, i:25), STATEMACHINELOGENTRY, 399@client-C0EB4CED6B19
2023-03-28 15:08:26,101 [s0@group-D8BE47583D5B-StateMachineUpdater] INFO  impl.SimpleStateMachine4Testing (SimpleStateMachine4Testing.java:put(205)) - s0: put 27, m13 -> (t:1, i:27), STATEMACHINELOGENTRY, 400@client-C0EB4CED6B19
2023-03-28 15:08:26,103 [s0@group-D8BE47583D5B-StateMachineUpdater] INFO  impl.SimpleStateMachine4Testing (SimpleStateMachine4Testing.java:put(205)) - s0: put 29, m14 -> (t:1, i:29), STATEMACHINELOGENTRY, 401@client-C0EB4CED6B19
2023-03-28 15:08:26,105 [s0@group-D8BE47583D5B-StateMachineUpdater] INFO  impl.SimpleStateMachine4Testing (SimpleStateMachine4Testing.java:put(205)) - s0: put 31, m15 -> (t:1, i:31), STATEMACHINELOGENTRY, 402@client-C0EB4CED6B19
2023-03-28 15:08:26,107 [s0@group-D8BE47583D5B-StateMachineUpdater] INFO  impl.SimpleStateMachine4Testing (SimpleStateMachine4Testing.java:put(205)) - s0: put 33, m16 -> (t:1, i:33), STATEMACHINELOGENTRY, 403@client-C0EB4CED6B19
2023-03-28 15:08:26,109 [s0@group-D8BE47583D5B-StateMachineUpdater] INFO  impl.SimpleStateMachine4Testing (SimpleStateMachine4Testing.java:put(205)) - s0: put 35, m17 -> (t:1, i:35), STATEMACHINELOGENTRY, 404@client-C0EB4CED6B19
2023-03-28 15:08:26,111 [s0@group-D8BE47583D5B-StateMachineUpdater] INFO  impl.SimpleStateMachine4Testing (SimpleStateMachine4Testing.java:put(205)) - s0: put 37, m18 -> (t:1, i:37), STATEMACHINELOGENTRY, 405@client-C0EB4CED6B19
2023-03-28 15:08:26,113 [s0@group-D8BE47583D5B-StateMachineUpdater] INFO  impl.SimpleStateMachine4Testing (SimpleStateMachine4Testing.java:put(205)) - s0: put 39, m19 -> (t:1, i:39), STATEMACHINELOGENTRY, 406@client-C0EB4CED6B19
2023-03-28 15:08:26,115 [s0@group-D8BE47583D5B-StateMachineUpdater] INFO  impl.SimpleStateMachine4Testing (SimpleStateMachine4Testing.java:put(205)) - s0: put 41, m20 -> (t:1, i:41), STATEMACHINELOGENTRY, 407@client-C0EB4CED6B19
2023-03-28 15:08:26,117 [s0@group-D8BE47583D5B-StateMachineUpdater] INFO  impl.SimpleStateMachine4Testing (SimpleStateMachine4Testing.java:put(205)) - s0: put 43, m21 -> (t:1, i:43), STATEMACHINELOGENTRY, 408@client-C0EB4CED6B19
2023-03-28 15:08:26,118 [s0@group-D8BE47583D5B-StateMachineUpdater] INFO  impl.SimpleStateMachine4Testing (SimpleStateMachine4Testing.java:put(205)) - s0: put 45, m22 -> (t:1, i:45), STATEMACHINELOGENTRY, 409@client-C0EB4CED6B19
2023-03-28 15:08:26,120 [s0@group-D8BE47583D5B-StateMachineUpdater] INFO  impl.SimpleStateMachine4Testing (SimpleStateMachine4Testing.java:put(205)) - s0: put 47, m23 -> (t:1, i:47), STATEMACHINELOGENTRY, 410@client-C0EB4CED6B19
2023-03-28 15:08:26,122 [s0@group-D8BE47583D5B-StateMachineUpdater] INFO  impl.SimpleStateMachine4Testing (SimpleStateMachine4Testing.java:put(205)) - s0: put 49, m24 -> (t:1, i:49), STATEMACHINELOGENTRY, 411@client-C0EB4CED6B19
2023-03-28 15:08:26,130 [s0@group-D8BE47583D5B-StateMachineUpdater] INFO  impl.SimpleStateMachine4Testing (SimpleStateMachine4Testing.java:put(205)) - s0: put 51, m25 -> (t:1, i:51), STATEMACHINELOGENTRY, 412@client-C0EB4CED6B19
2023-03-28 15:08:26,132 [s0@group-D8BE47583D5B-StateMachineUpdater] INFO  impl.SimpleStateMachine4Testing (SimpleStateMachine4Testing.java:put(205)) - s0: put 53, m26 -> (t:1, i:53), STATEMACHINELOGENTRY, 413@client-C0EB4CED6B19
2023-03-28 15:08:26,134 [s0@group-D8BE47583D5B-StateMachineUpdater] INFO  impl.SimpleStateMachine4Testing (SimpleStateMachine4Testing.java:put(205)) - s0: put 55, m27 -> (t:1, i:55), STATEMACHINELOGENTRY, 414@client-C0EB4CED6B19
2023-03-28 15:08:26,135 [s0@group-D8BE47583D5B-StateMachineUpdater] INFO  impl.SimpleStateMachine4Testing (SimpleStateMachine4Testing.java:put(205)) - s0: put 57, m28 -> (t:1, i:57), STATEMACHINELOGENTRY, 415@client-C0EB4CED6B19
2023-03-28 15:08:26,137 [s0@group-D8BE47583D5B-StateMachineUpdater] INFO  impl.SimpleStateMachine4Testing (SimpleStateMachine4Testing.java:put(205)) - s0: put 59, m29 -> (t:1, i:59), STATEMACHINELOGENTRY, 416@client-C0EB4CED6B19
2023-03-28 15:08:26,139 [s0@group-D8BE47583D5B-StateMachineUpdater] INFO  impl.SimpleStateMachine4Testing (SimpleStateMachine4Testing.java:put(205)) - s0: put 61, m30 -> (t:1, i:61), STATEMACHINELOGENTRY, 417@client-C0EB4CED6B19
2023-03-28 15:08:26,141 [s0@group-D8BE47583D5B-StateMachineUpdater] INFO  impl.SimpleStateMachine4Testing (SimpleStateMachine4Testing.java:put(205)) - s0: put 63, m31 -> (t:1, i:63), STATEMACHINELOGENTRY, 418@client-C0EB4CED6B19
2023-03-28 15:08:26,141 [s0@group-D8BE47583D5B-StateMachineUpdater] TRACE util.FileUtils (FileUtils.java:deleteFully(201)) - deleteFully /tmp/ratis-tests/statemachine/s0/snapshot/1_63
2023-03-28 15:08:26,141 [s0@group-D8BE47583D5B-StateMachineUpdater] TRACE util.FileUtils (FileUtils.java:deleteFully(217)) - deleteFully: /tmp/ratis-tests/statemachine/s0/snapshot/1_63 does not exist.
2023-03-28 15:08:26,141 [s0@group-D8BE47583D5B-StateMachineUpdater] TRACE util.FileUtils (FileUtils.java:deleteFully(201)) - deleteFully /tmp/ratis-tests/statemachine/s0/tmp/45c20b68-bb2b-400f-984a-91e0b1e25793
2023-03-28 15:08:26,141 [s0@group-D8BE47583D5B-StateMachineUpdater] TRACE util.FileUtils (FileUtils.java:deleteFully(217)) - deleteFully: /tmp/ratis-tests/statemachine/s0/tmp/45c20b68-bb2b-400f-984a-91e0b1e25793 does not exist.
2023-03-28 15:08:26,142 [s0@group-D8BE47583D5B-StateMachineUpdater] TRACE util.FileUtils (LogUtils.java:runAndLog(49)) - Successfully ran Atomic Files.move /tmp/ratis-tests/statemachine/s0/tmp/45c20b68-bb2b-400f-984a-91e0b1e25793 to /tmp/ratis-tests/statemachine/s0/snapshot/1_63
2023-03-28 15:08:26,142 [s0@group-D8BE47583D5B-StateMachineUpdater] INFO  impl.StateMachineUpdater (StateMachineUpdater.java:takeSnapshot(290)) - s0@group-D8BE47583D5B-StateMachineUpdater: Took a snapshot at index 63
2023-03-28 15:08:26,142 [s0@group-D8BE47583D5B-StateMachineUpdater] INFO  impl.StateMachineUpdater (StateMachineUpdater.java:lambda$new$0(96)) - s0@group-D8BE47583D5B-StateMachineUpdater: snapshotIndex: updateIncreasingly -1 -> 63
2023-03-28 15:08:26,142 [s0@group-D8BE47583D5B-StateMachineUpdater] INFO  raftlog.RaftLog (RaftLogBase.java:purge(314)) - s0@group-D8BE47583D5B-SegmentedRaftLog: purge 63
2023-03-28 15:08:26,142 [s0@group-D8BE47583D5B-StateMachineUpdater] INFO  raftlog.RaftLog (RaftLogBase.java:lambda$new$0(53)) - s0@group-D8BE47583D5B-SegmentedRaftLog: snapshotIndex: updateIncreasingly -1 -> 63
2023-03-28 15:08:26,142 [s0@group-D8BE47583D5B-StateMachineUpdater] INFO  raftlog.RaftLog (RaftLogBase.java:lambda$new$0(53)) - s0@group-D8BE47583D5B-SegmentedRaftLog: purgeIndex: updateToMax old=-1, new=63, updated? true
2023-03-28 15:08:26,144 [s0@group-D8BE47583D5B-StateMachineUpdater] INFO  impl.SimpleStateMachine4Testing (SimpleStateMachine4Testing.java:put(205)) - s0: put 65, m32 -> (t:1, i:65), STATEMACHINELOGENTRY, 419@client-C0EB4CED6B19
2023-03-28 15:08:26,146 [s0@group-D8BE47583D5B-StateMachineUpdater] INFO  impl.SimpleStateMachine4Testing (SimpleStateMachine4Testing.java:put(205)) - s0: put 67, m33 -> (t:1, i:67), STATEMACHINELOGENTRY, 420@client-C0EB4CED6B19
2023-03-28 15:08:26,148 [s0@group-D8BE47583D5B-StateMachineUpdater] INFO  impl.SimpleStateMachine4Testing (SimpleStateMachine4Testing.java:put(205)) - s0: put 69, m34 -> (t:1, i:69), STATEMACHINELOGENTRY, 421@client-C0EB4CED6B19
2023-03-28 15:08:26,149 [s0@group-D8BE47583D5B-StateMachineUpdater] INFO  impl.SimpleStateMachine4Testing (SimpleStateMachine4Testing.java:put(205)) - s0: put 71, m35 -> (t:1, i:71), STATEMACHINELOGENTRY, 422@client-C0EB4CED6B19
2023-03-28 15:08:26,151 [s0@group-D8BE47583D5B-StateMachineUpdater] INFO  impl.SimpleStateMachine4Testing (SimpleStateMachine4Testing.java:put(205)) - s0: put 73, m36 -> (t:1, i:73), STATEMACHINELOGENTRY, 423@client-C0EB4CED6B19
2023-03-28 15:08:26,153 [s0@group-D8BE47583D5B-StateMachineUpdater] INFO  impl.SimpleStateMachine4Testing (SimpleStateMachine4Testing.java:put(205)) - s0: put 75, m37 -> (t:1, i:75), STATEMACHINELOGENTRY, 424@client-C0EB4CED6B19
2023-03-28 15:08:26,155 [s0@group-D8BE47583D5B-StateMachineUpdater] INFO  impl.SimpleStateMachine4Testing (SimpleStateMachine4Testing.java:put(205)) - s0: put 77, m38 -> (t:1, i:77), STATEMACHINELOGENTRY, 425@client-C0EB4CED6B19
2023-03-28 15:08:26,157 [s0@group-D8BE47583D5B-StateMachineUpdater] INFO  impl.SimpleStateMachine4Testing (SimpleStateMachine4Testing.java:put(205)) - s0: put 79, m39 -> (t:1, i:79), STATEMACHINELOGENTRY, 426@client-C0EB4CED6B19
2023-03-28 15:08:26,166 [s0@group-D8BE47583D5B-StateMachineUpdater] INFO  impl.SimpleStateMachine4Testing (SimpleStateMachine4Testing.java:put(205)) - s0: put 81, m40 -> (t:1, i:81), STATEMACHINELOGENTRY, 427@client-C0EB4CED6B19
2023-03-28 15:08:26,168 [s0@group-D8BE47583D5B-StateMachineUpdater] INFO  impl.SimpleStateMachine4Testing (SimpleStateMachine4Testing.java:put(205)) - s0: put 83, m41 -> (t:1, i:83), STATEMACHINELOGENTRY, 428@client-C0EB4CED6B19
2023-03-28 15:08:26,170 [s0@group-D8BE47583D5B-StateMachineUpdater] INFO  impl.SimpleStateMachine4Testing (SimpleStateMachine4Testing.java:put(205)) - s0: put 85, m42 -> (t:1, i:85), STATEMACHINELOGENTRY, 429@client-C0EB4CED6B19
2023-03-28 15:08:26,172 [s0@group-D8BE47583D5B-StateMachineUpdater] INFO  impl.SimpleStateMachine4Testing (SimpleStateMachine4Testing.java:put(205)) - s0: put 87, m43 -> (t:1, i:87), STATEMACHINELOGENTRY, 430@client-C0EB4CED6B19
2023-03-28 15:08:26,173 [s0@group-D8BE47583D5B-StateMachineUpdater] INFO  impl.SimpleStateMachine4Testing (SimpleStateMachine4Testing.java:put(205)) - s0: put 89, m44 -> (t:1, i:89), STATEMACHINELOGENTRY, 431@client-C0EB4CED6B19
2023-03-28 15:08:26,175 [s0@group-D8BE47583D5B-StateMachineUpdater] INFO  impl.SimpleStateMachine4Testing (SimpleStateMachine4Testing.java:put(205)) - s0: put 91, m45 -> (t:1, i:91), STATEMACHINELOGENTRY, 432@client-C0EB4CED6B19
2023-03-28 15:08:26,177 [s0@group-D8BE47583D5B-StateMachineUpdater] INFO  impl.SimpleStateMachine4Testing (SimpleStateMachine4Testing.java:put(205)) - s0: put 93, m46 -> (t:1, i:93), STATEMACHINELOGENTRY, 433@client-C0EB4CED6B19
2023-03-28 15:08:26,178 [s0@group-D8BE47583D5B-StateMachineUpdater] INFO  impl.SimpleStateMachine4Testing (SimpleStateMachine4Testing.java:put(205)) - s0: put 95, m47 -> (t:1, i:95), STATEMACHINELOGENTRY, 434@client-C0EB4CED6B19
2023-03-28 15:08:26,180 [s0@group-D8BE47583D5B-StateMachineUpdater] INFO  impl.SimpleStateMachine4Testing (SimpleStateMachine4Testing.java:put(205)) - s0: put 97, m48 -> (t:1, i:97), STATEMACHINELOGENTRY, 435@client-C0EB4CED6B19
2023-03-28 15:08:26,182 [s0@group-D8BE47583D5B-StateMachineUpdater] INFO  impl.SimpleStateMachine4Testing (SimpleStateMachine4Testing.java:put(205)) - s0: put 99, m49 -> (t:1, i:99), STATEMACHINELOGENTRY, 436@client-C0EB4CED6B19
2023-03-28 15:08:26,184 [s0@group-D8BE47583D5B-StateMachineUpdater] INFO  impl.SimpleStateMachine4Testing (SimpleStateMachine4Testing.java:put(205)) - s0: put 101, m50 -> (t:1, i:101), STATEMACHINELOGENTRY, 437@client-C0EB4CED6B19
2023-03-28 15:08:26,185 [s0@group-D8BE47583D5B-StateMachineUpdater] INFO  impl.SimpleStateMachine4Testing (SimpleStateMachine4Testing.java:put(205)) - s0: put 103, m51 -> (t:1, i:103), STATEMACHINELOGENTRY, 438@client-C0EB4CED6B19
2023-03-28 15:08:26,187 [s0@group-D8BE47583D5B-StateMachineUpdater] INFO  impl.SimpleStateMachine4Testing (SimpleStateMachine4Testing.java:put(205)) - s0: put 105, m52 -> (t:1, i:105), STATEMACHINELOGENTRY, 439@client-C0EB4CED6B19
2023-03-28 15:08:26,189 [s0@group-D8BE47583D5B-StateMachineUpdater] INFO  impl.SimpleStateMachine4Testing (SimpleStateMachine4Testing.java:put(205)) - s0: put 107, m53 -> (t:1, i:107), STATEMACHINELOGENTRY, 440@client-C0EB4CED6B19
2023-03-28 15:08:26,190 [s0@group-D8BE47583D5B-StateMachineUpdater] INFO  impl.SimpleStateMachine4Testing (SimpleStateMachine4Testing.java:put(205)) - s0: put 109, m54 -> (t:1, i:109), STATEMACHINELOGENTRY, 441@client-C0EB4CED6B19
2023-03-28 15:08:26,192 [s0@group-D8BE47583D5B-StateMachineUpdater] INFO  impl.SimpleStateMachine4Testing (SimpleStateMachine4Testing.java:put(205)) - s0: put 111, m55 -> (t:1, i:111), STATEMACHINELOGENTRY, 442@client-C0EB4CED6B19
2023-03-28 15:08:26,193 [s0@group-D8BE47583D5B-StateMachineUpdater] INFO  impl.SimpleStateMachine4Testing (SimpleStateMachine4Testing.java:put(205)) - s0: put 113, m56 -> (t:1, i:113), STATEMACHINELOGENTRY, 443@client-C0EB4CED6B19
2023-03-28 15:08:26,197 [s0@group-D8BE47583D5B-StateMachineUpdater] INFO  impl.SimpleStateMachine4Testing (SimpleStateMachine4Testing.java:put(205)) - s0: put 115, m57 -> (t:1, i:115), STATEMACHINELOGENTRY, 444@client-C0EB4CED6B19
2023-03-28 15:08:26,198 [s0@group-D8BE47583D5B-StateMachineUpdater] INFO  impl.SimpleStateMachine4Testing (SimpleStateMachine4Testing.java:put(205)) - s0: put 117, m58 -> (t:1, i:117), STATEMACHINELOGENTRY, 445@client-C0EB4CED6B19
2023-03-28 15:08:26,200 [s0@group-D8BE47583D5B-StateMachineUpdater] INFO  impl.SimpleStateMachine4Testing (SimpleStateMachine4Testing.java:put(205)) - s0: put 119, m59 -> (t:1, i:119), STATEMACHINELOGENTRY, 446@client-C0EB4CED6B19
2023-03-28 15:08:26,202 [s0@group-D8BE47583D5B-StateMachineUpdater] INFO  impl.SimpleStateMachine4Testing (SimpleStateMachine4Testing.java:put(205)) - s0: put 121, m60 -> (t:1, i:121), STATEMACHINELOGENTRY, 447@client-C0EB4CED6B19
2023-03-28 15:08:26,203 [s0@group-D8BE47583D5B-StateMachineUpdater] INFO  impl.SimpleStateMachine4Testing (SimpleStateMachine4Testing.java:put(205)) - s0: put 123, m61 -> (t:1, i:123), STATEMACHINELOGENTRY, 448@client-C0EB4CED6B19
2023-03-28 15:08:26,213 [s0@group-D8BE47583D5B-StateMachineUpdater] INFO  impl.SimpleStateMachine4Testing (SimpleStateMachine4Testing.java:put(205)) - s0: put 125, m62 -> (t:1, i:125), STATEMACHINELOGENTRY, 449@client-C0EB4CED6B19
2023-03-28 15:08:26,216 [s0@group-D8BE47583D5B-StateMachineUpdater] INFO  impl.SimpleStateMachine4Testing (SimpleStateMachine4Testing.java:put(205)) - s0: put 127, m63 -> (t:1, i:127), STATEMACHINELOGENTRY, 450@client-C0EB4CED6B19
2023-03-28 15:08:26,216 [s0@group-D8BE47583D5B-StateMachineUpdater] TRACE util.FileUtils (FileUtils.java:deleteFully(201)) - deleteFully /tmp/ratis-tests/statemachine/s0/snapshot/1_127
2023-03-28 15:08:26,216 [s0@group-D8BE47583D5B-StateMachineUpdater] TRACE util.FileUtils (FileUtils.java:deleteFully(217)) - deleteFully: /tmp/ratis-tests/statemachine/s0/snapshot/1_127 does not exist.
2023-03-28 15:08:26,216 [s0@group-D8BE47583D5B-StateMachineUpdater] TRACE util.FileUtils (FileUtils.java:deleteFully(201)) - deleteFully /tmp/ratis-tests/statemachine/s0/tmp/13d9a711-bcd8-42d0-adcc-40cd212ae1df
2023-03-28 15:08:26,216 [s0@group-D8BE47583D5B-StateMachineUpdater] TRACE util.FileUtils (FileUtils.java:deleteFully(217)) - deleteFully: /tmp/ratis-tests/statemachine/s0/tmp/13d9a711-bcd8-42d0-adcc-40cd212ae1df does not exist.
2023-03-28 15:08:26,216 [s0@group-D8BE47583D5B-StateMachineUpdater] TRACE util.FileUtils (LogUtils.java:runAndLog(49)) - Successfully ran Atomic Files.move /tmp/ratis-tests/statemachine/s0/tmp/13d9a711-bcd8-42d0-adcc-40cd212ae1df to /tmp/ratis-tests/statemachine/s0/snapshot/1_127
2023-03-28 15:08:26,216 [s0@group-D8BE47583D5B-StateMachineUpdater] INFO  impl.StateMachineUpdater (StateMachineUpdater.java:takeSnapshot(290)) - s0@group-D8BE47583D5B-StateMachineUpdater: Took a snapshot at index 127
2023-03-28 15:08:26,216 [s0@group-D8BE47583D5B-StateMachineUpdater] INFO  impl.StateMachineUpdater (StateMachineUpdater.java:lambda$new$0(96)) - s0@group-D8BE47583D5B-StateMachineUpdater: snapshotIndex: updateIncreasingly 63 -> 127
2023-03-28 15:08:26,216 [s0@group-D8BE47583D5B-StateMachineUpdater] INFO  raftlog.RaftLog (RaftLogBase.java:purge(314)) - s0@group-D8BE47583D5B-SegmentedRaftLog: purge 127
2023-03-28 15:08:26,216 [s0@group-D8BE47583D5B-StateMachineUpdater] INFO  raftlog.RaftLog (RaftLogBase.java:lambda$new$0(53)) - s0@group-D8BE47583D5B-SegmentedRaftLog: snapshotIndex: updateIncreasingly 63 -> 127
2023-03-28 15:08:26,216 [s0@group-D8BE47583D5B-StateMachineUpdater] INFO  raftlog.RaftLog (RaftLogBase.java:lambda$new$0(53)) - s0@group-D8BE47583D5B-SegmentedRaftLog: purgeIndex: updateToMax old=63, new=127, updated? true
2023-03-28 15:08:26,218 [s0@group-D8BE47583D5B-StateMachineUpdater] INFO  impl.SimpleStateMachine4Testing (SimpleStateMachine4Testing.java:put(205)) - s0: put 129, m64 -> (t:1, i:129), STATEMACHINELOGENTRY, 451@client-C0EB4CED6B19
2023-03-28 15:08:26,220 [s0@group-D8BE47583D5B-StateMachineUpdater] INFO  impl.SimpleStateMachine4Testing (SimpleStateMachine4Testing.java:put(205)) - s0: put 131, m65 -> (t:1, i:131), STATEMACHINELOGENTRY, 452@client-C0EB4CED6B19
2023-03-28 15:08:26,222 [s0@group-D8BE47583D5B-StateMachineUpdater] INFO  impl.SimpleStateMachine4Testing (SimpleStateMachine4Testing.java:put(205)) - s0: put 133, m66 -> (t:1, i:133), STATEMACHINELOGENTRY, 453@client-C0EB4CED6B19
2023-03-28 15:08:26,224 [s0@group-D8BE47583D5B-StateMachineUpdater] INFO  impl.SimpleStateMachine4Testing (SimpleStateMachine4Testing.java:put(205)) - s0: put 135, m67 -> (t:1, i:135), STATEMACHINELOGENTRY, 454@client-C0EB4CED6B19
2023-03-28 15:08:26,226 [s0@group-D8BE47583D5B-StateMachineUpdater] INFO  impl.SimpleStateMachine4Testing (SimpleStateMachine4Testing.java:put(205)) - s0: put 137, m68 -> (t:1, i:137), STATEMACHINELOGENTRY, 455@client-C0EB4CED6B19
2023-03-28 15:08:26,227 [s0@group-D8BE47583D5B-StateMachineUpdater] INFO  impl.SimpleStateMachine4Testing (SimpleStateMachine4Testing.java:put(205)) - s0: put 139, m69 -> (t:1, i:139), STATEMACHINELOGENTRY, 456@client-C0EB4CED6B19
2023-03-28 15:08:26,229 [s0@group-D8BE47583D5B-StateMachineUpdater] INFO  impl.SimpleStateMachine4Testing (SimpleStateMachine4Testing.java:put(205)) - s0: put 141, m70 -> (t:1, i:141), STATEMACHINELOGENTRY, 457@client-C0EB4CED6B19
2023-03-28 15:08:26,231 [s0@group-D8BE47583D5B-StateMachineUpdater] INFO  impl.SimpleStateMachine4Testing (SimpleStateMachine4Testing.java:put(205)) - s0: put 143, m71 -> (t:1, i:143), STATEMACHINELOGENTRY, 458@client-C0EB4CED6B19
2023-03-28 15:08:26,233 [s0@group-D8BE47583D5B-StateMachineUpdater] INFO  impl.SimpleStateMachine4Testing (SimpleStateMachine4Testing.java:put(205)) - s0: put 145, m72 -> (t:1, i:145), STATEMACHINELOGENTRY, 459@client-C0EB4CED6B19
2023-03-28 15:08:26,235 [s0@group-D8BE47583D5B-StateMachineUpdater] INFO  impl.SimpleStateMachine4Testing (SimpleStateMachine4Testing.java:put(205)) - s0: put 147, m73 -> (t:1, i:147), STATEMACHINELOGENTRY, 460@client-C0EB4CED6B19
2023-03-28 15:08:26,236 [s0@group-D8BE47583D5B-StateMachineUpdater] INFO  impl.SimpleStateMachine4Testing (SimpleStateMachine4Testing.java:put(205)) - s0: put 149, m74 -> (t:1, i:149), STATEMACHINELOGENTRY, 461@client-C0EB4CED6B19
2023-03-28 15:08:26,238 [s0@group-D8BE47583D5B-StateMachineUpdater] INFO  impl.SimpleStateMachine4Testing (SimpleStateMachine4Testing.java:put(205)) - s0: put 151, m75 -> (t:1, i:151), STATEMACHINELOGENTRY, 462@client-C0EB4CED6B19
2023-03-28 15:08:26,240 [s0@group-D8BE47583D5B-StateMachineUpdater] INFO  impl.SimpleStateMachine4Testing (SimpleStateMachine4Testing.java:put(205)) - s0: put 153, m76 -> (t:1, i:153), STATEMACHINELOGENTRY, 463@client-C0EB4CED6B19
2023-03-28 15:08:26,242 [s0@group-D8BE47583D5B-StateMachineUpdater] INFO  impl.SimpleStateMachine4Testing (SimpleStateMachine4Testing.java:put(205)) - s0: put 155, m77 -> (t:1, i:155), STATEMACHINELOGENTRY, 464@client-C0EB4CED6B19
2023-03-28 15:08:26,243 [s0@group-D8BE47583D5B-StateMachineUpdater] INFO  impl.SimpleStateMachine4Testing (SimpleStateMachine4Testing.java:put(205)) - s0: put 157, m78 -> (t:1, i:157), STATEMACHINELOGENTRY, 465@client-C0EB4CED6B19
2023-03-28 15:08:26,245 [s0@group-D8BE47583D5B-StateMachineUpdater] INFO  impl.SimpleStateMachine4Testing (SimpleStateMachine4Testing.java:put(205)) - s0: put 159, m79 -> (t:1, i:159), STATEMACHINELOGENTRY, 466@client-C0EB4CED6B19
2023-03-28 15:08:26,246 [s0@group-D8BE47583D5B-StateMachineUpdater] INFO  impl.SimpleStateMachine4Testing (SimpleStateMachine4Testing.java:put(205)) - s0: put 161, m80 -> (t:1, i:161), STATEMACHINELOGENTRY, 467@client-C0EB4CED6B19
2023-03-28 15:08:26,248 [s0@group-D8BE47583D5B-StateMachineUpdater] INFO  impl.SimpleStateMachine4Testing (SimpleStateMachine4Testing.java:put(205)) - s0: put 163, m81 -> (t:1, i:163), STATEMACHINELOGENTRY, 468@client-C0EB4CED6B19
2023-03-28 15:08:26,251 [s0@group-D8BE47583D5B-StateMachineUpdater] INFO  impl.SimpleStateMachine4Testing (SimpleStateMachine4Testing.java:put(205)) - s0: put 165, m82 -> (t:1, i:165), STATEMACHINELOGENTRY, 469@client-C0EB4CED6B19
2023-03-28 15:08:26,253 [s0@group-D8BE47583D5B-StateMachineUpdater] INFO  impl.SimpleStateMachine4Testing (SimpleStateMachine4Testing.java:put(205)) - s0: put 167, m83 -> (t:1, i:167), STATEMACHINELOGENTRY, 470@client-C0EB4CED6B19
2023-03-28 15:08:26,255 [s0@group-D8BE47583D5B-StateMachineUpdater] INFO  impl.SimpleStateMachine4Testing (SimpleStateMachine4Testing.java:put(205)) - s0: put 169, m84 -> (t:1, i:169), STATEMACHINELOGENTRY, 471@client-C0EB4CED6B19
2023-03-28 15:08:26,256 [s0@group-D8BE47583D5B-StateMachineUpdater] INFO  impl.SimpleStateMachine4Testing (SimpleStateMachine4Testing.java:put(205)) - s0: put 171, m85 -> (t:1, i:171), STATEMACHINELOGENTRY, 472@client-C0EB4CED6B19
2023-03-28 15:08:26,261 [s0@group-D8BE47583D5B-StateMachineUpdater] INFO  impl.SimpleStateMachine4Testing (SimpleStateMachine4Testing.java:put(205)) - s0: put 173, m86 -> (t:1, i:173), STATEMACHINELOGENTRY, 473@client-C0EB4CED6B19
2023-03-28 15:08:26,263 [s0@group-D8BE47583D5B-StateMachineUpdater] INFO  impl.SimpleStateMachine4Testing (SimpleStateMachine4Testing.java:put(205)) - s0: put 175, m87 -> (t:1, i:175), STATEMACHINELOGENTRY, 474@client-C0EB4CED6B19
2023-03-28 15:08:26,265 [s0@group-D8BE47583D5B-StateMachineUpdater] INFO  impl.SimpleStateMachine4Testing (SimpleStateMachine4Testing.java:put(205)) - s0: put 177, m88 -> (t:1, i:177), STATEMACHINELOGENTRY, 475@client-C0EB4CED6B19
2023-03-28 15:08:26,266 [s0@group-D8BE47583D5B-StateMachineUpdater] INFO  impl.SimpleStateMachine4Testing (SimpleStateMachine4Testing.java:put(205)) - s0: put 179, m89 -> (t:1, i:179), STATEMACHINELOGENTRY, 476@client-C0EB4CED6B19
2023-03-28 15:08:26,268 [s0@group-D8BE47583D5B-StateMachineUpdater] INFO  impl.SimpleStateMachine4Testing (SimpleStateMachine4Testing.java:put(205)) - s0: put 181, m90 -> (t:1, i:181), STATEMACHINELOGENTRY, 477@client-C0EB4CED6B19
2023-03-28 15:08:26,270 [s0@group-D8BE47583D5B-StateMachineUpdater] INFO  impl.SimpleStateMachine4Testing (SimpleStateMachine4Testing.java:put(205)) - s0: put 183, m91 -> (t:1, i:183), STATEMACHINELOGENTRY, 478@client-C0EB4CED6B19
2023-03-28 15:08:26,272 [s0@group-D8BE47583D5B-StateMachineUpdater] INFO  impl.SimpleStateMachine4Testing (SimpleStateMachine4Testing.java:put(205)) - s0: put 185, m92 -> (t:1, i:185), STATEMACHINELOGENTRY, 479@client-C0EB4CED6B19
2023-03-28 15:08:26,273 [s0@group-D8BE47583D5B-StateMachineUpdater] INFO  impl.SimpleStateMachine4Testing (SimpleStateMachine4Testing.java:put(205)) - s0: put 187, m93 -> (t:1, i:187), STATEMACHINELOGENTRY, 480@client-C0EB4CED6B19
2023-03-28 15:08:26,275 [s0@group-D8BE47583D5B-StateMachineUpdater] INFO  impl.SimpleStateMachine4Testing (SimpleStateMachine4Testing.java:put(205)) - s0: put 189, m94 -> (t:1, i:189), STATEMACHINELOGENTRY, 481@client-C0EB4CED6B19
2023-03-28 15:08:26,276 [s0@group-D8BE47583D5B-StateMachineUpdater] INFO  impl.SimpleStateMachine4Testing (SimpleStateMachine4Testing.java:put(205)) - s0: put 191, m95 -> (t:1, i:191), STATEMACHINELOGENTRY, 482@client-C0EB4CED6B19
2023-03-28 15:08:26,276 [s0@group-D8BE47583D5B-StateMachineUpdater] TRACE util.FileUtils (FileUtils.java:deleteFully(201)) - deleteFully /tmp/ratis-tests/statemachine/s0/snapshot/1_191
2023-03-28 15:08:26,277 [s0@group-D8BE47583D5B-StateMachineUpdater] TRACE util.FileUtils (FileUtils.java:deleteFully(217)) - deleteFully: /tmp/ratis-tests/statemachine/s0/snapshot/1_191 does not exist.
2023-03-28 15:08:26,277 [s0@group-D8BE47583D5B-StateMachineUpdater] TRACE util.FileUtils (FileUtils.java:deleteFully(201)) - deleteFully /tmp/ratis-tests/statemachine/s0/tmp/2942886f-657a-49f3-92e2-d55d60e22957
2023-03-28 15:08:26,277 [s0@group-D8BE47583D5B-StateMachineUpdater] TRACE util.FileUtils (FileUtils.java:deleteFully(217)) - deleteFully: /tmp/ratis-tests/statemachine/s0/tmp/2942886f-657a-49f3-92e2-d55d60e22957 does not exist.
2023-03-28 15:08:26,277 [s0@group-D8BE47583D5B-StateMachineUpdater] TRACE util.FileUtils (LogUtils.java:runAndLog(49)) - Successfully ran Atomic Files.move /tmp/ratis-tests/statemachine/s0/tmp/2942886f-657a-49f3-92e2-d55d60e22957 to /tmp/ratis-tests/statemachine/s0/snapshot/1_191
2023-03-28 15:08:26,277 [s0@group-D8BE47583D5B-StateMachineUpdater] INFO  impl.StateMachineUpdater (StateMachineUpdater.java:takeSnapshot(290)) - s0@group-D8BE47583D5B-StateMachineUpdater: Took a snapshot at index 191
2023-03-28 15:08:26,277 [s0@group-D8BE47583D5B-StateMachineUpdater] INFO  impl.StateMachineUpdater (StateMachineUpdater.java:lambda$new$0(96)) - s0@group-D8BE47583D5B-StateMachineUpdater: snapshotIndex: updateIncreasingly 127 -> 191
2023-03-28 15:08:26,277 [s0@group-D8BE47583D5B-StateMachineUpdater] INFO  raftlog.RaftLog (RaftLogBase.java:purge(314)) - s0@group-D8BE47583D5B-SegmentedRaftLog: purge 191
2023-03-28 15:08:26,277 [s0@group-D8BE47583D5B-StateMachineUpdater] INFO  raftlog.RaftLog (RaftLogBase.java:lambda$new$0(53)) - s0@group-D8BE47583D5B-SegmentedRaftLog: snapshotIndex: updateIncreasingly 127 -> 191
2023-03-28 15:08:26,277 [s0@group-D8BE47583D5B-StateMachineUpdater] INFO  raftlog.RaftLog (RaftLogBase.java:lambda$new$0(53)) - s0@group-D8BE47583D5B-SegmentedRaftLog: purgeIndex: updateToMax old=127, new=191, updated? true
2023-03-28 15:08:26,279 [s0@group-D8BE47583D5B-StateMachineUpdater] INFO  impl.SimpleStateMachine4Testing (SimpleStateMachine4Testing.java:put(205)) - s0: put 193, m96 -> (t:1, i:193), STATEMACHINELOGENTRY, 483@client-C0EB4CED6B19
2023-03-28 15:08:26,280 [s0@group-D8BE47583D5B-StateMachineUpdater] INFO  impl.SimpleStateMachine4Testing (SimpleStateMachine4Testing.java:put(205)) - s0: put 195, m97 -> (t:1, i:195), STATEMACHINELOGENTRY, 484@client-C0EB4CED6B19
2023-03-28 15:08:26,282 [s0@group-D8BE47583D5B-StateMachineUpdater] INFO  impl.SimpleStateMachine4Testing (SimpleStateMachine4Testing.java:put(205)) - s0: put 197, m98 -> (t:1, i:197), STATEMACHINELOGENTRY, 485@client-C0EB4CED6B19
2023-03-28 15:08:26,284 [s0@group-D8BE47583D5B-StateMachineUpdater] INFO  impl.SimpleStateMachine4Testing (SimpleStateMachine4Testing.java:put(205)) - s0: put 199, m99 -> (t:1, i:199), STATEMACHINELOGENTRY, 486@client-C0EB4CED6B19
2023-03-28 15:08:26,285 [s0@group-D8BE47583D5B-StateMachineUpdater] INFO  impl.SimpleStateMachine4Testing (SimpleStateMachine4Testing.java:put(205)) - s0: put 201, m100 -> (t:1, i:201), STATEMACHINELOGENTRY, 487@client-C0EB4CED6B19
2023-03-28 15:08:26,289 [s0@group-D8BE47583D5B-StateMachineUpdater] INFO  impl.SimpleStateMachine4Testing (SimpleStateMachine4Testing.java:put(205)) - s0: put 203, m101 -> (t:1, i:203), STATEMACHINELOGENTRY, 488@client-C0EB4CED6B19
2023-03-28 15:08:26,290 [s0@group-D8BE47583D5B-StateMachineUpdater] INFO  impl.SimpleStateMachine4Testing (SimpleStateMachine4Testing.java:put(205)) - s0: put 205, m102 -> (t:1, i:205), STATEMACHINELOGENTRY, 489@client-C0EB4CED6B19
2023-03-28 15:08:26,292 [s0@group-D8BE47583D5B-StateMachineUpdater] INFO  impl.SimpleStateMachine4Testing (SimpleStateMachine4Testing.java:put(205)) - s0: put 207, m103 -> (t:1, i:207), STATEMACHINELOGENTRY, 490@client-C0EB4CED6B19
2023-03-28 15:08:26,293 [s0@group-D8BE47583D5B-StateMachineUpdater] INFO  impl.SimpleStateMachine4Testing (SimpleStateMachine4Testing.java:put(205)) - s0: put 209, m104 -> (t:1, i:209), STATEMACHINELOGENTRY, 491@client-C0EB4CED6B19
2023-03-28 15:08:26,295 [s0@group-D8BE47583D5B-StateMachineUpdater] INFO  impl.SimpleStateMachine4Testing (SimpleStateMachine4Testing.java:put(205)) - s0: put 211, m105 -> (t:1, i:211), STATEMACHINELOGENTRY, 492@client-C0EB4CED6B19
2023-03-28 15:08:26,304 [s0@group-D8BE47583D5B-StateMachineUpdater] INFO  impl.SimpleStateMachine4Testing (SimpleStateMachine4Testing.java:put(205)) - s0: put 213, m106 -> (t:1, i:213), STATEMACHINELOGENTRY, 493@client-C0EB4CED6B19
2023-03-28 15:08:26,306 [s0@group-D8BE47583D5B-StateMachineUpdater] INFO  impl.SimpleStateMachine4Testing (SimpleStateMachine4Testing.java:put(205)) - s0: put 215, m107 -> (t:1, i:215), STATEMACHINELOGENTRY, 494@client-C0EB4CED6B19
2023-03-28 15:08:26,308 [s0@group-D8BE47583D5B-StateMachineUpdater] INFO  impl.SimpleStateMachine4Testing (SimpleStateMachine4Testing.java:put(205)) - s0: put 217, m108 -> (t:1, i:217), STATEMACHINELOGENTRY, 495@client-C0EB4CED6B19
2023-03-28 15:08:26,310 [s0@group-D8BE47583D5B-StateMachineUpdater] INFO  impl.SimpleStateMachine4Testing (SimpleStateMachine4Testing.java:put(205)) - s0: put 219, m109 -> (t:1, i:219), STATEMACHINELOGENTRY, 496@client-C0EB4CED6B19
2023-03-28 15:08:26,312 [s0@group-D8BE47583D5B-StateMachineUpdater] INFO  impl.SimpleStateMachine4Testing (SimpleStateMachine4Testing.java:put(205)) - s0: put 221, m110 -> (t:1, i:221), STATEMACHINELOGENTRY, 497@client-C0EB4CED6B19
2023-03-28 15:08:26,314 [s0@group-D8BE47583D5B-StateMachineUpdater] INFO  impl.SimpleStateMachine4Testing (SimpleStateMachine4Testing.java:put(205)) - s0: put 223, m111 -> (t:1, i:223), STATEMACHINELOGENTRY, 498@client-C0EB4CED6B19
2023-03-28 15:08:26,316 [s0@group-D8BE47583D5B-StateMachineUpdater] INFO  impl.SimpleStateMachine4Testing (SimpleStateMachine4Testing.java:put(205)) - s0: put 225, m112 -> (t:1, i:225), STATEMACHINELOGENTRY, 499@client-C0EB4CED6B19
2023-03-28 15:08:26,318 [s0@group-D8BE47583D5B-StateMachineUpdater] INFO  impl.SimpleStateMachine4Testing (SimpleStateMachine4Testing.java:put(205)) - s0: put 227, m113 -> (t:1, i:227), STATEMACHINELOGENTRY, 500@client-C0EB4CED6B19
2023-03-28 15:08:26,319 [s0@group-D8BE47583D5B-StateMachineUpdater] INFO  impl.SimpleStateMachine4Testing (SimpleStateMachine4Testing.java:put(205)) - s0: put 229, m114 -> (t:1, i:229), STATEMACHINELOGENTRY, 501@client-C0EB4CED6B19
2023-03-28 15:08:26,321 [s0@group-D8BE47583D5B-StateMachineUpdater] INFO  impl.SimpleStateMachine4Testing (SimpleStateMachine4Testing.java:put(205)) - s0: put 231, m115 -> (t:1, i:231), STATEMACHINELOGENTRY, 502@client-C0EB4CED6B19
2023-03-28 15:08:26,323 [s0@group-D8BE47583D5B-StateMachineUpdater] INFO  impl.SimpleStateMachine4Testing (SimpleStateMachine4Testing.java:put(205)) - s0: put 233, m116 -> (t:1, i:233), STATEMACHINELOGENTRY, 503@client-C0EB4CED6B19
2023-03-28 15:08:26,324 [s0@group-D8BE47583D5B-StateMachineUpdater] INFO  impl.SimpleStateMachine4Testing (SimpleStateMachine4Testing.java:put(205)) - s0: put 235, m117 -> (t:1, i:235), STATEMACHINELOGENTRY, 504@client-C0EB4CED6B19
2023-03-28 15:08:26,326 [s0@group-D8BE47583D5B-StateMachineUpdater] INFO  impl.SimpleStateMachine4Testing (SimpleStateMachine4Testing.java:put(205)) - s0: put 237, m118 -> (t:1, i:237), STATEMACHINELOGENTRY, 505@client-C0EB4CED6B19
2023-03-28 15:08:26,327 [s0@group-D8BE47583D5B-StateMachineUpdater] INFO  impl.SimpleStateMachine4Testing (SimpleStateMachine4Testing.java:put(205)) - s0: put 239, m119 -> (t:1, i:239), STATEMACHINELOGENTRY, 506@client-C0EB4CED6B19
2023-03-28 15:08:26,329 [s0@group-D8BE47583D5B-StateMachineUpdater] INFO  impl.SimpleStateMachine4Testing (SimpleStateMachine4Testing.java:put(205)) - s0: put 241, m120 -> (t:1, i:241), STATEMACHINELOGENTRY, 507@client-C0EB4CED6B19
2023-03-28 15:08:26,331 [s0@group-D8BE47583D5B-StateMachineUpdater] INFO  impl.SimpleStateMachine4Testing (SimpleStateMachine4Testing.java:put(205)) - s0: put 243, m121 -> (t:1, i:243), STATEMACHINELOGENTRY, 508@client-C0EB4CED6B19
2023-03-28 15:08:26,332 [s0@group-D8BE47583D5B-StateMachineUpdater] INFO  impl.SimpleStateMachine4Testing (SimpleStateMachine4Testing.java:put(205)) - s0: put 245, m122 -> (t:1, i:245), STATEMACHINELOGENTRY, 509@client-C0EB4CED6B19
2023-03-28 15:08:26,334 [s0@group-D8BE47583D5B-StateMachineUpdater] INFO  impl.SimpleStateMachine4Testing (SimpleStateMachine4Testing.java:put(205)) - s0: put 247, m123 -> (t:1, i:247), STATEMACHINELOGENTRY, 510@client-C0EB4CED6B19
2023-03-28 15:08:26,335 [s0@group-D8BE47583D5B-StateMachineUpdater] INFO  impl.SimpleStateMachine4Testing (SimpleStateMachine4Testing.java:put(205)) - s0: put 249, m124 -> (t:1, i:249), STATEMACHINELOGENTRY, 511@client-C0EB4CED6B19
2023-03-28 15:08:26,341 [s0@group-D8BE47583D5B-StateMachineUpdater] INFO  impl.SimpleStateMachine4Testing (SimpleStateMachine4Testing.java:put(205)) - s0: put 251, m125 -> (t:1, i:251), STATEMACHINELOGENTRY, 512@client-C0EB4CED6B19
2023-03-28 15:08:26,343 [s0@group-D8BE47583D5B-StateMachineUpdater] INFO  impl.SimpleStateMachine4Testing (SimpleStateMachine4Testing.java:put(205)) - s0: put 253, m126 -> (t:1, i:253), STATEMACHINELOGENTRY, 513@client-C0EB4CED6B19
2023-03-28 15:08:26,354 [s0-server-thread1] INFO  server.RaftServer$Division (RaftServerImpl.java:takeSnapshotAsync(1126)) - s0@group-D8BE47583D5B: takeSnapshotAsync SnapshotManagementRequest:client-C0EB4CED6B19->s0@group-D8BE47583D5B, cid=514, seq=0, RO, null, Create:
2023-03-28 15:08:26,354 [s0-server-thread1] INFO  server.RaftServerConfigKeys (ConfUtils.java:logGet(46)) - raft.server.snapshot.creation.gap = 1024 (default)
2023-03-28 15:08:26,371 [Time-limited test] INFO  impl.MiniRaftCluster (MiniRaftCluster.java:addNewPeers(464)) - Add new peers [s1, s2]
2023-03-28 15:08:26,371 [Time-limited test] INFO  impl.MiniRaftCluster (MiniRaftCluster.java:newRaftServer(382)) - newRaftServer: s1, group-D8BE47583D5B:[], format? true
2023-03-28 15:08:26,371 [Time-limited test] TRACE util.FileUtils (FileUtils.java:deleteFully(201)) - deleteFully target/test/data/d2acef73/MiniRaftClusterWithGrpce7b3636b/s1
2023-03-28 15:08:26,371 [Time-limited test] TRACE util.FileUtils (FileUtils.java:deleteFully(217)) - deleteFully: target/test/data/d2acef73/MiniRaftClusterWithGrpce7b3636b/s1 does not exist.
2023-03-28 15:08:26,371 [Time-limited test] INFO  impl.MiniRaftCluster (MiniRaftCluster.java:newRaftServer(387)) - Formatted directory target/test/data/d2acef73/MiniRaftClusterWithGrpce7b3636b/s1
2023-03-28 15:08:26,372 [Time-limited test] INFO  server.RaftServer (ConfUtils.java:logGet(46)) - raft.rpc.type = GRPC (default)
2023-03-28 15:08:26,372 [Time-limited test] INFO  grpc.GrpcConfigKeys (ConfUtils.java:logFallback(53)) - raft.grpc.admin.host = null (fallback to raft.grpc.server.host)
2023-03-28 15:08:26,372 [Time-limited test] INFO  grpc.GrpcConfigKeys (ConfUtils.java:logFallback(53)) - raft.grpc.admin.port = 42037 (fallback to raft.grpc.server.port)
2023-03-28 15:08:26,372 [Time-limited test] INFO  grpc.GrpcConfigKeys (ConfUtils.java:logFallback(53)) - raft.grpc.client.host = null (fallback to raft.grpc.server.host)
2023-03-28 15:08:26,372 [Time-limited test] INFO  grpc.GrpcConfigKeys (ConfUtils.java:logFallback(53)) - raft.grpc.client.port = 42037 (fallback to raft.grpc.server.port)
2023-03-28 15:08:26,372 [Time-limited test] INFO  grpc.GrpcConfigKeys (ConfUtils.java:logGet(46)) - raft.grpc.server.host = null (default)
2023-03-28 15:08:26,372 [Time-limited test] INFO  grpc.GrpcConfigKeys (ConfUtils.java:logGet(46)) - raft.grpc.server.port = 42037 (custom)
2023-03-28 15:08:26,372 [Time-limited test] INFO  server.GrpcService (ConfUtils.java:logGet(46)) - raft.grpc.message.size.max = 64MB (=67108864) (default)
2023-03-28 15:08:26,372 [Time-limited test] INFO  server.RaftServerConfigKeys (ConfUtils.java:logGet(46)) - raft.server.log.appender.buffer.byte-limit = 4MB (=4194304) (default)
2023-03-28 15:08:26,372 [Time-limited test] INFO  server.GrpcService (ConfUtils.java:logGet(46)) - raft.grpc.flow.control.window = 1MB (=1048576) (default)
2023-03-28 15:08:26,372 [Time-limited test] INFO  server.RaftServerConfigKeys (ConfUtils.java:logGet(46)) - raft.server.rpc.request.timeout = 3000ms (default)
2023-03-28 15:08:26,372 [Time-limited test] INFO  grpc.GrpcConfigKeys (ConfUtils.java:logGet(46)) - raft.grpc.server.heartbeat.channel = true (default)
2023-03-28 15:08:26,372 [Time-limited test] INFO  grpc.GrpcConfigKeys (ConfUtils.java:logGet(46)) - raft.grpc.server.async.request.thread.pool.cached = true (default)
2023-03-28 15:08:26,372 [Time-limited test] INFO  grpc.GrpcConfigKeys (ConfUtils.java:logGet(46)) - raft.grpc.server.async.request.thread.pool.size = 32 (default)
2023-03-28 15:08:26,373 [Time-limited test] INFO  impl.DataStreamServerImpl (ConfUtils.java:logGet(46)) - raft.datastream.type = DISABLED (default)
2023-03-28 15:08:26,373 [Time-limited test] INFO  server.RaftServerConfigKeys (ConfUtils.java:logGet(46)) - raft.server.threadpool.proxy.cached = true (default)
2023-03-28 15:08:26,373 [Time-limited test] INFO  server.RaftServerConfigKeys (ConfUtils.java:logGet(46)) - raft.server.threadpool.proxy.size = 0 (default)
2023-03-28 15:08:26,373 [Time-limited test] INFO  server.RaftServerConfigKeys (ConfUtils.java:logGet(46)) - raft.server.rpc.slowness.timeout = 60s (default)
2023-03-28 15:08:26,373 [Time-limited test] INFO  server.RaftServerConfigKeys (ConfUtils.java:logGet(46)) - raft.server.leaderelection.leader.step-down.wait-time = 10s (default)
2023-03-28 15:08:26,373 [Time-limited test] INFO  server.RaftServerConfigKeys (ConfUtils.java:logGet(46)) - raft.server.storage.dir = [/home/runner/work/ratis/ratis/ratis-test/target/test/data/d2acef73/MiniRaftClusterWithGrpce7b3636b/s1] (custom)
2023-03-28 15:08:26,380 [Time-limited test] INFO  server.RaftServer (RaftServerProxy.java:addNew(99)) - s1: addNew group-D8BE47583D5B:[] returns group-D8BE47583D5B:java.util.concurrent.CompletableFuture@65472db4[Not completed]
2023-03-28 15:08:26,380 [Time-limited test] INFO  impl.MiniRaftCluster (MiniRaftCluster.java:newRaftServer(382)) - newRaftServer: s2, group-D8BE47583D5B:[], format? true
2023-03-28 15:08:26,380 [Time-limited test] TRACE util.FileUtils (FileUtils.java:deleteFully(201)) - deleteFully target/test/data/d2acef73/MiniRaftClusterWithGrpce7b3636b/s2
2023-03-28 15:08:26,380 [Time-limited test] TRACE util.FileUtils (FileUtils.java:deleteFully(217)) - deleteFully: target/test/data/d2acef73/MiniRaftClusterWithGrpce7b3636b/s2 does not exist.
2023-03-28 15:08:26,380 [Time-limited test] INFO  impl.MiniRaftCluster (MiniRaftCluster.java:newRaftServer(387)) - Formatted directory target/test/data/d2acef73/MiniRaftClusterWithGrpce7b3636b/s2
2023-03-28 15:08:26,380 [Time-limited test] INFO  server.RaftServer (ConfUtils.java:logGet(46)) - raft.rpc.type = GRPC (default)
2023-03-28 15:08:26,380 [Time-limited test] INFO  grpc.GrpcConfigKeys (ConfUtils.java:logFallback(53)) - raft.grpc.admin.host = null (fallback to raft.grpc.server.host)
2023-03-28 15:08:26,380 [Time-limited test] INFO  grpc.GrpcConfigKeys (ConfUtils.java:logFallback(53)) - raft.grpc.admin.port = 39861 (fallback to raft.grpc.server.port)
2023-03-28 15:08:26,380 [Time-limited test] INFO  grpc.GrpcConfigKeys (ConfUtils.java:logFallback(53)) - raft.grpc.client.host = null (fallback to raft.grpc.server.host)
2023-03-28 15:08:26,380 [Time-limited test] INFO  grpc.GrpcConfigKeys (ConfUtils.java:logFallback(53)) - raft.grpc.client.port = 39861 (fallback to raft.grpc.server.port)
2023-03-28 15:08:26,380 [Time-limited test] INFO  grpc.GrpcConfigKeys (ConfUtils.java:logGet(46)) - raft.grpc.server.host = null (default)
2023-03-28 15:08:26,380 [Time-limited test] INFO  grpc.GrpcConfigKeys (ConfUtils.java:logGet(46)) - raft.grpc.server.port = 39861 (custom)
2023-03-28 15:08:26,380 [Time-limited test] INFO  server.GrpcService (ConfUtils.java:logGet(46)) - raft.grpc.message.size.max = 64MB (=67108864) (default)
2023-03-28 15:08:26,381 [Time-limited test] INFO  server.RaftServerConfigKeys (ConfUtils.java:logGet(46)) - raft.server.log.appender.buffer.byte-limit = 4MB (=4194304) (default)
2023-03-28 15:08:26,381 [Time-limited test] INFO  server.GrpcService (ConfUtils.java:logGet(46)) - raft.grpc.flow.control.window = 1MB (=1048576) (default)
2023-03-28 15:08:26,381 [Time-limited test] INFO  server.RaftServerConfigKeys (ConfUtils.java:logGet(46)) - raft.server.rpc.request.timeout = 3000ms (default)
2023-03-28 15:08:26,381 [Time-limited test] INFO  grpc.GrpcConfigKeys (ConfUtils.java:logGet(46)) - raft.grpc.server.heartbeat.channel = true (default)
2023-03-28 15:08:26,381 [Time-limited test] INFO  grpc.GrpcConfigKeys (ConfUtils.java:logGet(46)) - raft.grpc.server.async.request.thread.pool.cached = true (default)
2023-03-28 15:08:26,381 [Time-limited test] INFO  grpc.GrpcConfigKeys (ConfUtils.java:logGet(46)) - raft.grpc.server.async.request.thread.pool.size = 32 (default)
2023-03-28 15:08:26,381 [Time-limited test] INFO  impl.DataStreamServerImpl (ConfUtils.java:logGet(46)) - raft.datastream.type = DISABLED (default)
2023-03-28 15:08:26,381 [Time-limited test] INFO  server.RaftServerConfigKeys (ConfUtils.java:logGet(46)) - raft.server.threadpool.proxy.cached = true (default)
2023-03-28 15:08:26,381 [Time-limited test] INFO  server.RaftServerConfigKeys (ConfUtils.java:logGet(46)) - raft.server.threadpool.proxy.size = 0 (default)
2023-03-28 15:08:26,381 [Time-limited test] INFO  server.RaftServerConfigKeys (ConfUtils.java:logGet(46)) - raft.server.rpc.slowness.timeout = 60s (default)
2023-03-28 15:08:26,381 [Time-limited test] INFO  server.RaftServerConfigKeys (ConfUtils.java:logGet(46)) - raft.server.leaderelection.leader.step-down.wait-time = 10s (default)
2023-03-28 15:08:26,382 [Time-limited test] INFO  server.RaftServerConfigKeys (ConfUtils.java:logGet(46)) - raft.server.storage.dir = [/home/runner/work/ratis/ratis/ratis-test/target/test/data/d2acef73/MiniRaftClusterWithGrpce7b3636b/s2] (custom)
2023-03-28 15:08:26,382 [s1-groupManagement] INFO  server.RaftServerConfigKeys (ConfUtils.java:logGet(46)) - raft.server.log.segment.size.max = 8MB (=8388608) (default)
2023-03-28 15:08:26,382 [s1-groupManagement] INFO  server.RaftServerConfigKeys (ConfUtils.java:logGet(46)) - raft.server.log.preallocated.size = 4MB (=4194304) (default)
2023-03-28 15:08:26,382 [s1-groupManagement] INFO  server.RaftServerConfigKeys (ConfUtils.java:logGet(46)) - raft.server.log.write.buffer.size = 64KB (=65536) (default)
2023-03-28 15:08:26,383 [s1-groupManagement] INFO  server.RaftServer$Division (RaftServerImpl.java:<init>(198)) - s1: new RaftServerImpl for group-D8BE47583D5B:[] with StateMachineWithSeparatedSnapshotPath:uninitialized
2023-03-28 15:08:26,383 [s1-groupManagement] INFO  server.RaftServerConfigKeys (ConfUtils.java:logGet(46)) - raft.server.rpc.timeout.min = 150ms (default)
2023-03-28 15:08:26,383 [s1-groupManagement] INFO  server.RaftServerConfigKeys (ConfUtils.java:logGet(46)) - raft.server.rpc.timeout.max = 300ms (default)
2023-03-28 15:08:26,383 [s1-groupManagement] INFO  server.RaftServerConfigKeys (ConfUtils.java:logGet(46)) - raft.server.rpc.sleep.time = 25ms (default)
2023-03-28 15:08:26,383 [s1-groupManagement] INFO  server.RaftServerConfigKeys (ConfUtils.java:logGet(46)) - raft.server.rpc.slowness.timeout = 60s (default)
2023-03-28 15:08:26,383 [s1-groupManagement] INFO  server.RaftServerConfigKeys (ConfUtils.java:logGet(46)) - raft.server.leaderelection.leader.step-down.wait-time = 10s (default)
2023-03-28 15:08:26,383 [s1-groupManagement] INFO  server.RaftServerConfigKeys (ConfUtils.java:logGet(46)) - raft.server.sleep.deviation.threshold = 300ms (default)
2023-03-28 15:08:26,383 [s1-groupManagement] INFO  server.RaftServer$Division (ServerState.java:<init>(113)) - s1@group-D8BE47583D5B: ConfigurationManager, init=-1: peers:[]|listeners:[], old=null, confs=<EMPTY_MAP>
2023-03-28 15:08:26,383 [s1-groupManagement] INFO  server.RaftServerConfigKeys (ConfUtils.java:logGet(46)) - raft.server.notification.no-leader.timeout = 60s (default)
2023-03-28 15:08:26,383 [s1-groupManagement] INFO  server.RaftServerConfigKeys (ConfUtils.java:logGet(46)) - raft.server.read.timeout = 10s (default)
2023-03-28 15:08:26,383 [s1-groupManagement] INFO  server.RaftServerConfigKeys (ConfUtils.java:logGet(46)) - raft.server.retrycache.expirytime = 60s (default)
2023-03-28 15:08:26,383 [s1-groupManagement] INFO  server.RaftServerConfigKeys (ConfUtils.java:logGet(46)) - raft.server.retrycache.statistics.expirytime = 100μs (default)
2023-03-28 15:08:26,383 [s1-groupManagement] INFO  server.RaftServerConfigKeys (ConfUtils.java:logGet(46)) - raft.server.read.option = DEFAULT (default)
2023-03-28 15:08:26,386 [s1-groupManagement] INFO  server.RaftServerConfigKeys (ConfUtils.java:logGet(46)) - raft.server.rpc.request.timeout = 3000ms (default)
2023-03-28 15:08:26,386 [s1-groupManagement] INFO  server.RaftServerConfigKeys (ConfUtils.java:logGet(46)) - raft.server.log.appender.install.snapshot.enabled = true (default)
2023-03-28 15:08:26,386 [s1-groupManagement] INFO  server.RaftServerConfigKeys (ConfUtils.java:logGet(46)) - raft.server.threadpool.server.cached = true (default)
2023-03-28 15:08:26,386 [s1-groupManagement] INFO  server.RaftServerConfigKeys (ConfUtils.java:logGet(46)) - raft.server.threadpool.server.size = 0 (default)
2023-03-28 15:08:26,386 [s1-groupManagement] INFO  server.RaftServerConfigKeys (ConfUtils.java:logGet(46)) - raft.server.threadpool.client.cached = true (default)
2023-03-28 15:08:26,386 [s1-groupManagement] INFO  server.RaftServerConfigKeys (ConfUtils.java:logGet(46)) - raft.server.threadpool.client.size = 0 (default)
2023-03-28 15:08:26,386 [Time-limited test] INFO  server.RaftServer (RaftServerProxy.java:addNew(99)) - s2: addNew group-D8BE47583D5B:[] returns group-D8BE47583D5B:java.util.concurrent.CompletableFuture@6a56930f[Not completed]
2023-03-28 15:08:26,387 [s1-impl-thread1] INFO  server.RaftServerConfigKeys (ConfUtils.java:logGet(46)) - raft.server.storage.free-space.min = 0MB (=0) (default)
2023-03-28 15:08:26,387 [s2-groupManagement] INFO  server.RaftServerConfigKeys (ConfUtils.java:logGet(46)) - raft.server.log.segment.size.max = 8MB (=8388608) (default)
2023-03-28 15:08:26,387 [s1-impl-thread1] INFO  server.RaftServerConfigKeys (ConfUtils.java:logGet(46)) - raft.server.log.corruption.policy = EXCEPTION (default)
2023-03-28 15:08:26,387 [s2-groupManagement] INFO  server.RaftServerConfigKeys (ConfUtils.java:logGet(46)) - raft.server.log.preallocated.size = 4MB (=4194304) (default)
2023-03-28 15:08:26,387 [s2-groupManagement] INFO  server.RaftServerConfigKeys (ConfUtils.java:logGet(46)) - raft.server.log.write.buffer.size = 64KB (=65536) (default)
2023-03-28 15:08:26,387 [s1-impl-thread1] INFO  server.RaftServerConfigKeys (ConfUtils.java:logGet(46)) - raft.server.storage.dir = [/home/runner/work/ratis/ratis/ratis-test/target/test/data/d2acef73/MiniRaftClusterWithGrpce7b3636b/s1] (custom)
2023-03-28 15:08:26,387 [s2-groupManagement] INFO  server.RaftServer$Division (RaftServerImpl.java:<init>(198)) - s2: new RaftServerImpl for group-D8BE47583D5B:[] with StateMachineWithSeparatedSnapshotPath:uninitialized
2023-03-28 15:08:26,387 [s2-groupManagement] INFO  server.RaftServerConfigKeys (ConfUtils.java:logGet(46)) - raft.server.rpc.timeout.min = 150ms (default)
2023-03-28 15:08:26,387 [s2-groupManagement] INFO  server.RaftServerConfigKeys (ConfUtils.java:logGet(46)) - raft.server.rpc.timeout.max = 300ms (default)
2023-03-28 15:08:26,387 [s2-groupManagement] INFO  server.RaftServerConfigKeys (ConfUtils.java:logGet(46)) - raft.server.rpc.sleep.time = 25ms (default)
2023-03-28 15:08:26,387 [s2-groupManagement] INFO  server.RaftServerConfigKeys (ConfUtils.java:logGet(46)) - raft.server.rpc.slowness.timeout = 60s (default)
2023-03-28 15:08:26,387 [s2-groupManagement] INFO  server.RaftServerConfigKeys (ConfUtils.java:logGet(46)) - raft.server.leaderelection.leader.step-down.wait-time = 10s (default)
2023-03-28 15:08:26,387 [s1-impl-thread1] INFO  storage.RaftStorageDirectory (RaftStorageDirectoryImpl.java:analyzeStorage(138)) - The storage directory /home/runner/work/ratis/ratis/ratis-test/target/test/data/d2acef73/MiniRaftClusterWithGrpce7b3636b/s1/a1e2a1ec-4efa-4b72-9da1-d8be47583d5b does not exist. Creating ...
2023-03-28 15:08:26,387 [s2-groupManagement] INFO  server.RaftServerConfigKeys (ConfUtils.java:logGet(46)) - raft.server.sleep.deviation.threshold = 300ms (default)
2023-03-28 15:08:26,387 [s2-groupManagement] INFO  server.RaftServer$Division (ServerState.java:<init>(113)) - s2@group-D8BE47583D5B: ConfigurationManager, init=-1: peers:[]|listeners:[], old=null, confs=<EMPTY_MAP>
2023-03-28 15:08:26,387 [s2-groupManagement] INFO  server.RaftServerConfigKeys (ConfUtils.java:logGet(46)) - raft.server.notification.no-leader.timeout = 60s (default)
2023-03-28 15:08:26,387 [s2-groupManagement] INFO  server.RaftServerConfigKeys (ConfUtils.java:logGet(46)) - raft.server.read.timeout = 10s (default)
2023-03-28 15:08:26,387 [s2-groupManagement] INFO  server.RaftServerConfigKeys (ConfUtils.java:logGet(46)) - raft.server.retrycache.expirytime = 60s (default)
2023-03-28 15:08:26,387 [s1-impl-thread1] TRACE util.FileUtils (LogUtils.java:runAndLog(49)) - Successfully ran Files.createDirectories /home/runner/work/ratis/ratis/ratis-test/target/test/data/d2acef73/MiniRaftClusterWithGrpce7b3636b/s1/a1e2a1ec-4efa-4b72-9da1-d8be47583d5b
2023-03-28 15:08:26,388 [s2-groupManagement] INFO  server.RaftServerConfigKeys (ConfUtils.java:logGet(46)) - raft.server.retrycache.statistics.expirytime = 100μs (default)
2023-03-28 15:08:26,388 [s2-groupManagement] INFO  server.RaftServerConfigKeys (ConfUtils.java:logGet(46)) - raft.server.read.option = DEFAULT (default)
2023-03-28 15:08:26,388 [s1-impl-thread1] INFO  storage.RaftStorageDirectory (RaftStorageDirectoryImpl.java:tryLock(232)) - Lock on /home/runner/work/ratis/ratis/ratis-test/target/test/data/d2acef73/MiniRaftClusterWithGrpce7b3636b/s1/a1e2a1ec-4efa-4b72-9da1-d8be47583d5b/in_use.lock acquired by nodename 18162@fv-az489-275
2023-03-28 15:08:26,388 [s1-impl-thread1] TRACE util.FileUtils (LogUtils.java:runAndLog(49)) - Successfully ran Files.createDirectories /home/runner/work/ratis/ratis/ratis-test/target/test/data/d2acef73/MiniRaftClusterWithGrpce7b3636b/s1/a1e2a1ec-4efa-4b72-9da1-d8be47583d5b/current
2023-03-28 15:08:26,388 [s1-impl-thread1] TRACE util.FileUtils (LogUtils.java:runAndLog(49)) - Successfully ran Files.createDirectories /home/runner/work/ratis/ratis/ratis-test/target/test/data/d2acef73/MiniRaftClusterWithGrpce7b3636b/s1/a1e2a1ec-4efa-4b72-9da1-d8be47583d5b/sm
2023-03-28 15:08:26,388 [s2-groupManagement] INFO  server.RaftServerConfigKeys (ConfUtils.java:logGet(46)) - raft.server.rpc.request.timeout = 3000ms (default)
2023-03-28 15:08:26,388 [s2-groupManagement] INFO  server.RaftServerConfigKeys (ConfUtils.java:logGet(46)) - raft.server.log.appender.install.snapshot.enabled = true (default)
2023-03-28 15:08:26,388 [s2-groupManagement] INFO  server.RaftServerConfigKeys (ConfUtils.java:logGet(46)) - raft.server.threadpool.server.cached = true (default)
2023-03-28 15:08:26,388 [s2-groupManagement] INFO  server.RaftServerConfigKeys (ConfUtils.java:logGet(46)) - raft.server.threadpool.server.size = 0 (default)
2023-03-28 15:08:26,388 [s2-groupManagement] INFO  server.RaftServerConfigKeys (ConfUtils.java:logGet(46)) - raft.server.threadpool.client.cached = true (default)
2023-03-28 15:08:26,389 [s2-groupManagement] INFO  server.RaftServerConfigKeys (ConfUtils.java:logGet(46)) - raft.server.threadpool.client.size = 0 (default)
2023-03-28 15:08:26,389 [s1-impl-thread1] INFO  storage.RaftStorage (RaftStorageImpl.java:format(96)) - Storage directory /home/runner/work/ratis/ratis/ratis-test/target/test/data/d2acef73/MiniRaftClusterWithGrpce7b3636b/s1/a1e2a1ec-4efa-4b72-9da1-d8be47583d5b has been successfully formatted.
2023-03-28 15:08:26,389 [s1-impl-thread1] INFO  impl.SimpleStateMachine4Testing (SimpleStateMachine4Testing.java:initialize(213)) - Initializing StateMachineWithSeparatedSnapshotPath:uninitialized
2023-03-28 15:08:26,389 [s1-impl-thread1] INFO  impl.SimpleStateMachine4Testing (SimpleStateMachine4Testing.java:loadSnapshot(293)) - Loading snapshot null
2023-03-28 15:08:26,389 [s1-impl-thread1] TRACE util.FileUtils (FileUtils.java:deleteFully(201)) - deleteFully /tmp/ratis-tests/statemachine/s1
2023-03-28 15:08:26,390 [s1-impl-thread1] TRACE util.FileUtils (LogUtils.java:runAndLog(49)) - Successfully ran Files.delete /tmp/ratis-tests/statemachine/s1/tmp/snapshot-074212f8-55b2-4442-92c3-d4438955b430/1_191/loves.md5
2023-03-28 15:08:26,390 [s1-impl-thread1] TRACE util.FileUtils (LogUtils.java:runAndLog(49)) - Successfully ran Files.delete /tmp/ratis-tests/statemachine/s1/tmp/snapshot-074212f8-55b2-4442-92c3-d4438955b430/1_191/loves
2023-03-28 15:08:26,390 [s1-impl-thread1] TRACE util.FileUtils (LogUtils.java:runAndLog(49)) - Successfully ran Files.delete /tmp/ratis-tests/statemachine/s1/tmp/snapshot-074212f8-55b2-4442-92c3-d4438955b430/1_191
2023-03-28 15:08:26,390 [s1-impl-thread1] TRACE util.FileUtils (LogUtils.java:runAndLog(49)) - Successfully ran Files.delete /tmp/ratis-tests/statemachine/s1/tmp/snapshot-074212f8-55b2-4442-92c3-d4438955b430
2023-03-28 15:08:26,390 [s1-impl-thread1] TRACE util.FileUtils (LogUtils.java:runAndLog(49)) - Successfully ran Files.delete /tmp/ratis-tests/statemachine/s1/tmp
2023-03-28 15:08:26,390 [s1-impl-thread1] TRACE util.FileUtils (LogUtils.java:runAndLog(49)) - Successfully ran Files.delete /tmp/ratis-tests/statemachine/s1/snapshot
2023-03-28 15:08:26,390 [s1-impl-thread1] TRACE util.FileUtils (LogUtils.java:runAndLog(49)) - Successfully ran Files.delete /tmp/ratis-tests/statemachine/s1
2023-03-28 15:08:26,390 [s1-impl-thread1] INFO  server.RaftServerConfigKeys (ConfUtils.java:logGet(46)) - raft.server.log.use.memory = false (default)
2023-03-28 15:08:26,390 [s1-impl-thread1] INFO  server.RaftServerConfigKeys (ConfUtils.java:logGet(46)) - raft.server.log.purge.gap = 8 (custom)
2023-03-28 15:08:26,390 [s1-impl-thread1] INFO  server.RaftServerConfigKeys (ConfUtils.java:logGet(46)) - raft.server.log.appender.buffer.byte-limit = 4MB (=4194304) (default)
2023-03-28 15:08:26,390 [s1-impl-thread1] INFO  server.RaftServerConfigKeys (ConfUtils.java:logGet(46)) - raft.server.log.statemachine.data.read.timeout = 1000ms (default)
2023-03-28 15:08:26,390 [s1-impl-thread1] INFO  server.RaftServerConfigKeys (ConfUtils.java:logGet(46)) - raft.server.log.purge.preservation.log.num = 0 (default)
2023-03-28 15:08:26,391 [s1-impl-thread1] INFO  server.RaftServerConfigKeys (ConfUtils.java:logGet(46)) - raft.server.log.segment.size.max = 8MB (=8388608) (default)
2023-03-28 15:08:26,391 [s1-impl-thread1] INFO  server.RaftServerConfigKeys (ConfUtils.java:logGet(46)) - raft.server.log.segment.cache.num.max = 6 (default)
2023-03-28 15:08:26,391 [s1-impl-thread1] INFO  server.RaftServerConfigKeys (ConfUtils.java:logGet(46)) - raft.server.log.segment.cache.size.max = 200MB (=209715200) (default)
2023-03-28 15:08:26,391 [s1-impl-thread1] INFO  server.RaftServerConfigKeys (ConfUtils.java:logGet(46)) - raft.server.log.appender.buffer.byte-limit = 4MB (=4194304) (default)
2023-03-28 15:08:26,391 [s1-impl-thread1] INFO  segmented.SegmentedRaftLogWorker (SegmentedRaftLogWorker.java:<init>(183)) - new s1@group-D8BE47583D5B-SegmentedRaftLogWorker for RaftStorageImpl:Storage Directory /home/runner/work/ratis/ratis/ratis-test/target/test/data/d2acef73/MiniRaftClusterWithGrpce7b3636b/s1/a1e2a1ec-4efa-4b72-9da1-d8be47583d5b
2023-03-28 15:08:26,391 [s1-impl-thread1] INFO  server.RaftServerConfigKeys (ConfUtils.java:logGet(46)) - raft.server.log.queue.byte-limit = 64MB (=67108864) (default)
2023-03-28 15:08:26,391 [s1-impl-thread1] INFO  server.RaftServerConfigKeys (ConfUtils.java:logGet(46)) - raft.server.log.queue.element-limit = 4096 (default)
2023-03-28 15:08:26,391 [s1-impl-thread1] INFO  server.RaftServerConfigKeys (ConfUtils.java:logGet(46)) - raft.server.log.segment.size.max = 8MB (=8388608) (default)
2023-03-28 15:08:26,391 [s1-impl-thread1] INFO  server.RaftServerConfigKeys (ConfUtils.java:logGet(46)) - raft.server.log.preallocated.size = 4MB (=4194304) (default)
2023-03-28 15:08:26,391 [s1-impl-thread1] INFO  server.RaftServerConfigKeys (ConfUtils.java:logGet(46)) - raft.server.log.force.sync.num = 128 (default)
2023-03-28 15:08:26,391 [s1-impl-thread1] INFO  server.RaftServerConfigKeys (ConfUtils.java:logGet(46)) - raft.server.log.statemachine.data.sync = true (default)
2023-03-28 15:08:26,391 [s1-impl-thread1] INFO  server.RaftServerConfigKeys (ConfUtils.java:logGet(46)) - raft.server.log.statemachine.data.sync.timeout = 10s (default)
2023-03-28 15:08:26,391 [s1-impl-thread1] INFO  server.RaftServerConfigKeys (ConfUtils.java:logGet(46)) - raft.server.log.statemachine.data.sync.timeout.retry = -1 (default)
2023-03-28 15:08:26,391 [s1-impl-thread1] INFO  server.RaftServerConfigKeys (ConfUtils.java:logGet(46)) - raft.server.log.write.buffer.size = 64KB (=65536) (default)
2023-03-28 15:08:26,391 [s1-impl-thread1] INFO  server.RaftServerConfigKeys (ConfUtils.java:logGet(46)) - raft.server.log.appender.buffer.byte-limit = 4MB (=4194304) (default)
2023-03-28 15:08:26,391 [s1-impl-thread1] INFO  server.RaftServerConfigKeys (ConfUtils.java:logGet(46)) - raft.server.log.unsafe-flush.enabled = false (default)
2023-03-28 15:08:26,392 [s1-impl-thread1] INFO  server.RaftServerConfigKeys (ConfUtils.java:logGet(46)) - raft.server.log.async-flush.enabled = false (default)
2023-03-28 15:08:26,392 [s1-impl-thread1] INFO  server.RaftServerConfigKeys (ConfUtils.java:logGet(46)) - raft.server.log.statemachine.data.caching.enabled = false (default)
2023-03-28 15:08:26,392 [s1-impl-thread1] INFO  segmented.SegmentedRaftLogWorker (SegmentedRaftLogWorker.java:lambda$new$0(134)) - s1@group-D8BE47583D5B-SegmentedRaftLogWorker: flushIndex: setUnconditionally 0 -> -1
2023-03-28 15:08:26,392 [s1-impl-thread1] INFO  segmented.SegmentedRaftLogWorker (SegmentedRaftLogWorker.java:lambda$new$0(134)) - s1@group-D8BE47583D5B-SegmentedRaftLogWorker: safeCacheEvictIndex: setUnconditionally 0 -> -1
2023-03-28 15:08:26,400 [s1-impl-thread1] INFO  server.RaftServer$Division (RaftServerImpl.java:start(348)) - s1@group-D8BE47583D5B: start with initializing state, conf=-1: peers:[]|listeners:[], old=null
2023-03-28 15:08:26,400 [s1-impl-thread1] INFO  server.RaftServer$Division (RaftServerImpl.java:setRole(329)) - s1@group-D8BE47583D5B: changes role from      null to FOLLOWER at term 0 for startInitializing
2023-03-28 15:08:26,400 [s1-impl-thread1] INFO  util.JmxRegister (JmxRegister.java:tryRegister(44)) - Successfully registered JMX Bean with object name Ratis:service=RaftServer,group=group-D8BE47583D5B,id=s1
2023-03-28 15:08:26,400 [s1-impl-thread1] INFO  server.RaftServerConfigKeys (ConfUtils.java:logGet(46)) - raft.server.snapshot.auto.trigger.enabled = true (custom)
2023-03-28 15:08:26,400 [s1-impl-thread1] INFO  server.RaftServerConfigKeys (ConfUtils.java:logGet(46)) - raft.server.snapshot.auto.trigger.threshold = 64 (custom)
2023-03-28 15:08:26,400 [s1-impl-thread1] INFO  server.RaftServerConfigKeys (ConfUtils.java:logGet(46)) - raft.server.snapshot.retention.file.num = -1 (default)
2023-03-28 15:08:26,400 [s1-impl-thread1] INFO  server.RaftServerConfigKeys (ConfUtils.java:logGet(46)) - raft.server.log.purge.upto.snapshot.index = false (default)
2023-03-28 15:08:26,401 [Time-limited test] INFO  server.RaftServer (RaftServerProxy.java:startImpl(401)) - s1: start RPC server
2023-03-28 15:08:26,405 [Time-limited test] INFO  server.GrpcService (GrpcService.java:startImpl(302)) - s1: GrpcService started, listening on 42037
2023-03-28 15:08:26,405 [s2-impl-thread1] INFO  server.RaftServerConfigKeys (ConfUtils.java:logGet(46)) - raft.server.storage.free-space.min = 0MB (=0) (default)
2023-03-28 15:08:26,405 [s2-impl-thread1] INFO  server.RaftServerConfigKeys (ConfUtils.java:logGet(46)) - raft.server.log.corruption.policy = EXCEPTION (default)
2023-03-28 15:08:26,405 [s2-impl-thread1] INFO  server.RaftServerConfigKeys (ConfUtils.java:logGet(46)) - raft.server.storage.dir = [/home/runner/work/ratis/ratis/ratis-test/target/test/data/d2acef73/MiniRaftClusterWithGrpce7b3636b/s2] (custom)
2023-03-28 15:08:26,405 [s2-impl-thread1] INFO  storage.RaftStorageDirectory (RaftStorageDirectoryImpl.java:analyzeStorage(138)) - The storage directory /home/runner/work/ratis/ratis/ratis-test/target/test/data/d2acef73/MiniRaftClusterWithGrpce7b3636b/s2/a1e2a1ec-4efa-4b72-9da1-d8be47583d5b does not exist. Creating ...
2023-03-28 15:08:26,406 [s2-impl-thread1] TRACE util.FileUtils (LogUtils.java:runAndLog(49)) - Successfully ran Files.createDirectories /home/runner/work/ratis/ratis/ratis-test/target/test/data/d2acef73/MiniRaftClusterWithGrpce7b3636b/s2/a1e2a1ec-4efa-4b72-9da1-d8be47583d5b
2023-03-28 15:08:26,408 [s2-impl-thread1] INFO  storage.RaftStorageDirectory (RaftStorageDirectoryImpl.java:tryLock(232)) - Lock on /home/runner/work/ratis/ratis/ratis-test/target/test/data/d2acef73/MiniRaftClusterWithGrpce7b3636b/s2/a1e2a1ec-4efa-4b72-9da1-d8be47583d5b/in_use.lock acquired by nodename 18162@fv-az489-275
2023-03-28 15:08:26,408 [s2-impl-thread1] TRACE util.FileUtils (LogUtils.java:runAndLog(49)) - Successfully ran Files.createDirectories /home/runner/work/ratis/ratis/ratis-test/target/test/data/d2acef73/MiniRaftClusterWithGrpce7b3636b/s2/a1e2a1ec-4efa-4b72-9da1-d8be47583d5b/current
2023-03-28 15:08:26,408 [s2-impl-thread1] TRACE util.FileUtils (LogUtils.java:runAndLog(49)) - Successfully ran Files.createDirectories /home/runner/work/ratis/ratis/ratis-test/target/test/data/d2acef73/MiniRaftClusterWithGrpce7b3636b/s2/a1e2a1ec-4efa-4b72-9da1-d8be47583d5b/sm
2023-03-28 15:08:26,409 [s2-impl-thread1] INFO  storage.RaftStorage (RaftStorageImpl.java:format(96)) - Storage directory /home/runner/work/ratis/ratis/ratis-test/target/test/data/d2acef73/MiniRaftClusterWithGrpce7b3636b/s2/a1e2a1ec-4efa-4b72-9da1-d8be47583d5b has been successfully formatted.
2023-03-28 15:08:26,409 [s2-impl-thread1] INFO  impl.SimpleStateMachine4Testing (SimpleStateMachine4Testing.java:initialize(213)) - Initializing StateMachineWithSeparatedSnapshotPath:uninitialized
2023-03-28 15:08:26,409 [s2-impl-thread1] INFO  impl.SimpleStateMachine4Testing (SimpleStateMachine4Testing.java:loadSnapshot(293)) - Loading snapshot null
2023-03-28 15:08:26,409 [s2-impl-thread1] TRACE util.FileUtils (FileUtils.java:deleteFully(201)) - deleteFully /tmp/ratis-tests/statemachine/s2
2023-03-28 15:08:26,410 [s2-impl-thread1] TRACE util.FileUtils (LogUtils.java:runAndLog(49)) - Successfully ran Files.delete /tmp/ratis-tests/statemachine/s2/tmp
2023-03-28 15:08:26,410 [s2-impl-thread1] TRACE util.FileUtils (LogUtils.java:runAndLog(49)) - Successfully ran Files.delete /tmp/ratis-tests/statemachine/s2/snapshot/1_258/loves
2023-03-28 15:08:26,410 [s2-impl-thread1] TRACE util.FileUtils (LogUtils.java:runAndLog(49)) - Successfully ran Files.delete /tmp/ratis-tests/statemachine/s2/snapshot/1_258/vegetable
2023-03-28 15:08:26,410 [s2-impl-thread1] TRACE util.FileUtils (LogUtils.java:runAndLog(49)) - Successfully ran Files.delete /tmp/ratis-tests/statemachine/s2/snapshot/1_258/deer
2023-03-28 15:08:26,410 [s2-impl-thread1] TRACE util.FileUtils (LogUtils.java:runAndLog(49)) - Successfully ran Files.delete /tmp/ratis-tests/statemachine/s2/snapshot/1_258
2023-03-28 15:08:26,410 [s2-impl-thread1] TRACE util.FileUtils (LogUtils.java:runAndLog(49)) - Successfully ran Files.delete /tmp/ratis-tests/statemachine/s2/snapshot/1_255/loves
2023-03-28 15:08:26,410 [s2-impl-thread1] TRACE util.FileUtils (LogUtils.java:runAndLog(49)) - Successfully ran Files.delete /tmp/ratis-tests/statemachine/s2/snapshot/1_255/vegetable
2023-03-28 15:08:26,410 [s2-impl-thread1] TRACE util.FileUtils (LogUtils.java:runAndLog(49)) - Successfully ran Files.delete /tmp/ratis-tests/statemachine/s2/snapshot/1_255/deer
2023-03-28 15:08:26,410 [s2-impl-thread1] TRACE util.FileUtils (LogUtils.java:runAndLog(49)) - Successfully ran Files.delete /tmp/ratis-tests/statemachine/s2/snapshot/1_255
2023-03-28 15:08:26,410 [s2-impl-thread1] TRACE util.FileUtils (LogUtils.java:runAndLog(49)) - Successfully ran Files.delete /tmp/ratis-tests/statemachine/s2/snapshot/1_191/deer.md5
2023-03-28 15:08:26,410 [s2-impl-thread1] TRACE util.FileUtils (LogUtils.java:runAndLog(49)) - Successfully ran Files.delete /tmp/ratis-tests/statemachine/s2/snapshot/1_191/loves.md5
2023-03-28 15:08:26,410 [s2-impl-thread1] TRACE util.FileUtils (LogUtils.java:runAndLog(49)) - Successfully ran Files.delete /tmp/ratis-tests/statemachine/s2/snapshot/1_191/vegetable.md5
2023-03-28 15:08:26,410 [s2-impl-thread1] TRACE util.FileUtils (LogUtils.java:runAndLog(49)) - Successfully ran Files.delete /tmp/ratis-tests/statemachine/s2/snapshot/1_191/loves
2023-03-28 15:08:26,410 [s2-impl-thread1] TRACE util.FileUtils (LogUtils.java:runAndLog(49)) - Successfully ran Files.delete /tmp/ratis-tests/statemachine/s2/snapshot/1_191/vegetable
2023-03-28 15:08:26,410 [s2-impl-thread1] TRACE util.FileUtils (LogUtils.java:runAndLog(49)) - Successfully ran Files.delete /tmp/ratis-tests/statemachine/s2/snapshot/1_191/deer
2023-03-28 15:08:26,410 [s2-impl-thread1] TRACE util.FileUtils (LogUtils.java:runAndLog(49)) - Successfully ran Files.delete /tmp/ratis-tests/statemachine/s2/snapshot/1_191
2023-03-28 15:08:26,410 [s2-impl-thread1] TRACE util.FileUtils (LogUtils.java:runAndLog(49)) - Successfully ran Files.delete /tmp/ratis-tests/statemachine/s2/snapshot
2023-03-28 15:08:26,410 [s2-impl-thread1] TRACE util.FileUtils (LogUtils.java:runAndLog(49)) - Successfully ran Files.delete /tmp/ratis-tests/statemachine/s2
2023-03-28 15:08:26,411 [s2-impl-thread1] INFO  server.RaftServerConfigKeys (ConfUtils.java:logGet(46)) - raft.server.log.use.memory = false (default)
2023-03-28 15:08:26,415 [s2-impl-thread1] INFO  server.RaftServerConfigKeys (ConfUtils.java:logGet(46)) - raft.server.log.purge.gap = 8 (custom)
2023-03-28 15:08:26,415 [s2-impl-thread1] INFO  server.RaftServerConfigKeys (ConfUtils.java:logGet(46)) - raft.server.log.appender.buffer.byte-limit = 4MB (=4194304) (default)
2023-03-28 15:08:26,415 [s2-impl-thread1] INFO  server.RaftServerConfigKeys (ConfUtils.java:logGet(46)) - raft.server.log.statemachine.data.read.timeout = 1000ms (default)
2023-03-28 15:08:26,415 [s2-impl-thread1] INFO  server.RaftServerConfigKeys (ConfUtils.java:logGet(46)) - raft.server.log.purge.preservation.log.num = 0 (default)
2023-03-28 15:08:26,415 [s2-impl-thread1] INFO  server.RaftServerConfigKeys (ConfUtils.java:logGet(46)) - raft.server.log.segment.size.max = 8MB (=8388608) (default)
2023-03-28 15:08:26,415 [s2-impl-thread1] INFO  server.RaftServerConfigKeys (ConfUtils.java:logGet(46)) - raft.server.log.segment.cache.num.max = 6 (default)
2023-03-28 15:08:26,415 [s2-impl-thread1] INFO  server.RaftServerConfigKeys (ConfUtils.java:logGet(46)) - raft.server.log.segment.cache.size.max = 200MB (=209715200) (default)
2023-03-28 15:08:26,415 [s2-impl-thread1] INFO  server.RaftServerConfigKeys (ConfUtils.java:logGet(46)) - raft.server.log.appender.buffer.byte-limit = 4MB (=4194304) (default)
2023-03-28 15:08:26,415 [s2-impl-thread1] INFO  segmented.SegmentedRaftLogWorker (SegmentedRaftLogWorker.java:<init>(183)) - new s2@group-D8BE47583D5B-SegmentedRaftLogWorker for RaftStorageImpl:Storage Directory /home/runner/work/ratis/ratis/ratis-test/target/test/data/d2acef73/MiniRaftClusterWithGrpce7b3636b/s2/a1e2a1ec-4efa-4b72-9da1-d8be47583d5b
2023-03-28 15:08:26,416 [s2-impl-thread1] INFO  server.RaftServerConfigKeys (ConfUtils.java:logGet(46)) - raft.server.log.queue.byte-limit = 64MB (=67108864) (default)
2023-03-28 15:08:26,416 [s2-impl-thread1] INFO  server.RaftServerConfigKeys (ConfUtils.java:logGet(46)) - raft.server.log.queue.element-limit = 4096 (default)
2023-03-28 15:08:26,416 [s2-impl-thread1] INFO  server.RaftServerConfigKeys (ConfUtils.java:logGet(46)) - raft.server.log.segment.size.max = 8MB (=8388608) (default)
2023-03-28 15:08:26,416 [s2-impl-thread1] INFO  server.RaftServerConfigKeys (ConfUtils.java:logGet(46)) - raft.server.log.preallocated.size = 4MB (=4194304) (default)
2023-03-28 15:08:26,416 [s2-impl-thread1] INFO  server.RaftServerConfigKeys (ConfUtils.java:logGet(46)) - raft.server.log.force.sync.num = 128 (default)
2023-03-28 15:08:26,416 [s2-impl-thread1] INFO  server.RaftServerConfigKeys (ConfUtils.java:logGet(46)) - raft.server.log.statemachine.data.sync = true (default)
2023-03-28 15:08:26,416 [s2-impl-thread1] INFO  server.RaftServerConfigKeys (ConfUtils.java:logGet(46)) - raft.server.log.statemachine.data.sync.timeout = 10s (default)
2023-03-28 15:08:26,416 [s2-impl-thread1] INFO  server.RaftServerConfigKeys (ConfUtils.java:logGet(46)) - raft.server.log.statemachine.data.sync.timeout.retry = -1 (default)
2023-03-28 15:08:26,416 [s2-impl-thread1] INFO  server.RaftServerConfigKeys (ConfUtils.java:logGet(46)) - raft.server.log.write.buffer.size = 64KB (=65536) (default)
2023-03-28 15:08:26,416 [s2-impl-thread1] INFO  server.RaftServerConfigKeys (ConfUtils.java:logGet(46)) - raft.server.log.appender.buffer.byte-limit = 4MB (=4194304) (default)
2023-03-28 15:08:26,416 [s2-impl-thread1] INFO  server.RaftServerConfigKeys (ConfUtils.java:logGet(46)) - raft.server.log.unsafe-flush.enabled = false (default)
2023-03-28 15:08:26,416 [s2-impl-thread1] INFO  server.RaftServerConfigKeys (ConfUtils.java:logGet(46)) - raft.server.log.async-flush.enabled = false (default)
2023-03-28 15:08:26,416 [s2-impl-thread1] INFO  server.RaftServerConfigKeys (ConfUtils.java:logGet(46)) - raft.server.log.statemachine.data.caching.enabled = false (default)
2023-03-28 15:08:26,416 [JvmPauseMonitor10] INFO  util.JvmPauseMonitor (JvmPauseMonitor.java:run(103)) - JvmPauseMonitor-s1: Started
2023-03-28 15:08:26,416 [s2-impl-thread1] INFO  segmented.SegmentedRaftLogWorker (SegmentedRaftLogWorker.java:lambda$new$0(134)) - s2@group-D8BE47583D5B-SegmentedRaftLogWorker: flushIndex: setUnconditionally 0 -> -1
2023-03-28 15:08:26,417 [s2-impl-thread1] INFO  segmented.SegmentedRaftLogWorker (SegmentedRaftLogWorker.java:lambda$new$0(134)) - s2@group-D8BE47583D5B-SegmentedRaftLogWorker: safeCacheEvictIndex: setUnconditionally 0 -> -1
2023-03-28 15:08:26,422 [s2-impl-thread1] INFO  server.RaftServer$Division (RaftServerImpl.java:start(348)) - s2@group-D8BE47583D5B: start with initializing state, conf=-1: peers:[]|listeners:[], old=null
2023-03-28 15:08:26,422 [s2-impl-thread1] INFO  server.RaftServer$Division (RaftServerImpl.java:setRole(329)) - s2@group-D8BE47583D5B: changes role from      null to FOLLOWER at term 0 for startInitializing
2023-03-28 15:08:26,422 [s2-impl-thread1] INFO  util.JmxRegister (JmxRegister.java:tryRegister(44)) - Successfully registered JMX Bean with object name Ratis:service=RaftServer,group=group-D8BE47583D5B,id=s2
2023-03-28 15:08:26,422 [s2-impl-thread1] INFO  server.RaftServerConfigKeys (ConfUtils.java:logGet(46)) - raft.server.snapshot.auto.trigger.enabled = true (custom)
2023-03-28 15:08:26,422 [s2-impl-thread1] INFO  server.RaftServerConfigKeys (ConfUtils.java:logGet(46)) - raft.server.snapshot.auto.trigger.threshold = 64 (custom)
2023-03-28 15:08:26,422 [s2-impl-thread1] INFO  server.RaftServerConfigKeys (ConfUtils.java:logGet(46)) - raft.server.snapshot.retention.file.num = -1 (default)
2023-03-28 15:08:26,422 [s2-impl-thread1] INFO  server.RaftServerConfigKeys (ConfUtils.java:logGet(46)) - raft.server.log.purge.upto.snapshot.index = false (default)
2023-03-28 15:08:26,422 [Time-limited test] INFO  server.RaftServer (RaftServerProxy.java:startImpl(401)) - s2: start RPC server
2023-03-28 15:08:26,424 [Time-limited test] INFO  server.GrpcService (GrpcService.java:startImpl(302)) - s2: GrpcService started, listening on 39861
2023-03-28 15:08:26,425 [Time-limited test] INFO  impl.MiniRaftCluster (MiniRaftCluster.java:setConfiguration(819)) - Start changing the configuration: [s1|rpc:0.0.0.0:42037|priority:0|startupRole:FOLLOWER, s2|rpc:0.0.0.0:39861|priority:0|startupRole:FOLLOWER, s0|rpc:localhost:34345|admin:localhost:46595|client:localhost:38665|dataStream:localhost:35383|priority:0|startupRole:FOLLOWER]
2023-03-28 15:08:26,431 [s0-server-thread1] INFO  server.RaftServer$Division (RaftServerImpl.java:setConfigurationAsync(1194)) - s0@group-D8BE47583D5B: receive setConfiguration SetConfigurationRequest:client-0158C1C71404->s0@group-D8BE47583D5B, cid=515, seq=0, RW, null, SET_UNCONDITIONALLY, servers:[s1|rpc:0.0.0.0:42037|dataStream:|priority:0|startupRole:FOLLOWER, s2|rpc:0.0.0.0:39861|dataStream:|priority:0|startupRole:FOLLOWER, s0|rpc:localhost:34345|admin:localhost:46595|client:localhost:38665|dataStream:localhost:35383|priority:0|startupRole:FOLLOWER], listeners:[]
2023-03-28 15:08:26,431 [s0-server-thread1] INFO  server.RaftServer$Division (LeaderStateImpl.java:startSetConfiguration(443)) - s0@group-D8BE47583D5B-LeaderStateImpl: startSetConfiguration SetConfigurationRequest:client-0158C1C71404->s0@group-D8BE47583D5B, cid=515, seq=0, RW, null, SET_UNCONDITIONALLY, servers:[s1|rpc:0.0.0.0:42037|dataStream:|priority:0|startupRole:FOLLOWER, s2|rpc:0.0.0.0:39861|dataStream:|priority:0|startupRole:FOLLOWER, s0|rpc:localhost:34345|admin:localhost:46595|client:localhost:38665|dataStream:localhost:35383|priority:0|startupRole:FOLLOWER], listeners:[]
2023-03-28 15:08:26,431 [s0-server-thread1] INFO  server.RaftServerConfigKeys (ConfUtils.java:logGet(46)) - raft.server.log.appender.snapshot.chunk.size.max = 1k (=1024) (custom)
2023-03-28 15:08:26,431 [s0-server-thread1] INFO  server.RaftServerConfigKeys (ConfUtils.java:logGet(46)) - raft.server.log.appender.buffer.byte-limit = 4MB (=4194304) (default)
2023-03-28 15:08:26,431 [s0-server-thread1] INFO  server.RaftServerConfigKeys (ConfUtils.java:logGet(46)) - raft.server.log.appender.buffer.element-limit = 0 (default)
2023-03-28 15:08:26,431 [s0-server-thread1] INFO  server.RaftServerConfigKeys (ConfUtils.java:logGet(46)) - raft.server.log.appender.wait-time.min = 10ms (default)
2023-03-28 15:08:26,431 [s0-server-thread1] INFO  grpc.GrpcConfigKeys (ConfUtils.java:logGet(46)) - raft.grpc.server.leader.outstanding.appends.max = 128 (default)
2023-03-28 15:08:26,431 [s0-server-thread1] INFO  server.RaftServerConfigKeys (ConfUtils.java:logGet(46)) - raft.server.rpc.request.timeout = 3000ms (default)
2023-03-28 15:08:26,431 [s0-server-thread1] INFO  grpc.GrpcConfigKeys (ConfUtils.java:logGet(46)) - raft.grpc.server.install_snapshot.request.element-limit = 8 (default)
2023-03-28 15:08:26,431 [s0-server-thread1] INFO  grpc.GrpcConfigKeys (ConfUtils.java:logGet(46)) - raft.grpc.server.install_snapshot.request.timeout = 3000ms (default)
2023-03-28 15:08:26,431 [s0-server-thread1] INFO  server.RaftServerConfigKeys (ConfUtils.java:logGet(46)) - raft.server.log.appender.install.snapshot.enabled = true (default)
2023-03-28 15:08:26,431 [s0-server-thread1] INFO  grpc.GrpcConfigKeys (ConfUtils.java:logGet(46)) - raft.grpc.server.heartbeat.channel = true (default)
2023-03-28 15:08:26,432 [s0-server-thread1] INFO  server.RaftServerConfigKeys (ConfUtils.java:logGet(46)) - raft.server.log.appender.snapshot.chunk.size.max = 1k (=1024) (custom)
2023-03-28 15:08:26,432 [s0-server-thread1] INFO  server.RaftServerConfigKeys (ConfUtils.java:logGet(46)) - raft.server.log.appender.buffer.byte-limit = 4MB (=4194304) (default)
2023-03-28 15:08:26,432 [s0-server-thread1] INFO  server.RaftServerConfigKeys (ConfUtils.java:logGet(46)) - raft.server.log.appender.buffer.element-limit = 0 (default)
2023-03-28 15:08:26,432 [s0-server-thread1] INFO  server.RaftServerConfigKeys (ConfUtils.java:logGet(46)) - raft.server.log.appender.wait-time.min = 10ms (default)
2023-03-28 15:08:26,432 [s0-server-thread1] INFO  grpc.GrpcConfigKeys (ConfUtils.java:logGet(46)) - raft.grpc.server.leader.outstanding.appends.max = 128 (default)
2023-03-28 15:08:26,432 [s0-server-thread1] INFO  server.RaftServerConfigKeys (ConfUtils.java:logGet(46)) - raft.server.rpc.request.timeout = 3000ms (default)
2023-03-28 15:08:26,432 [s0-server-thread1] INFO  grpc.GrpcConfigKeys (ConfUtils.java:logGet(46)) - raft.grpc.server.install_snapshot.request.element-limit = 8 (default)
2023-03-28 15:08:26,432 [s0-server-thread1] INFO  grpc.GrpcConfigKeys (ConfUtils.java:logGet(46)) - raft.grpc.server.install_snapshot.request.timeout = 3000ms (default)
2023-03-28 15:08:26,432 [s0-server-thread1] INFO  server.RaftServerConfigKeys (ConfUtils.java:logGet(46)) - raft.server.log.appender.install.snapshot.enabled = true (default)
2023-03-28 15:08:26,432 [s0-server-thread1] INFO  grpc.GrpcConfigKeys (ConfUtils.java:logGet(46)) - raft.grpc.server.heartbeat.channel = true (default)
2023-03-28 15:08:26,432 [JvmPauseMonitor11] INFO  util.JvmPauseMonitor (JvmPauseMonitor.java:run(103)) - JvmPauseMonitor-s2: Started
2023-03-28 15:08:26,433 [s0@group-D8BE47583D5B->s1-GrpcLogAppender-LogAppenderDaemon] INFO  server.GrpcLogAppender (GrpcLogAppender.java:installSnapshot(595)) - s0@group-D8BE47583D5B->s1-GrpcLogAppender: followerNextIndex = 0 but logStartIndex = 0, send snapshot FileListSnapshotInfo(t:1, i:191):[/tmp/ratis-tests/statemachine/s0/snapshot/1_191/loves, /tmp/ratis-tests/statemachine/s0/snapshot/1_191/vegetable, /tmp/ratis-tests/statemachine/s0/snapshot/1_191/deer] to follower
2023-03-28 15:08:26,440 [s0@group-D8BE47583D5B->s1-GrpcLogAppender-LogAppenderDaemon] INFO  server.GrpcServerProtocolClient (GrpcServerProtocolClient.java:<init>(65)) - Build channel for s1
2023-03-28 15:08:26,444 [grpc-default-executor-3] INFO  impl.SnapshotInstallationHandler (SnapshotInstallationHandler.java:installSnapshot(89)) - s1@group-D8BE47583D5B: receive installSnapshot: s0->s1#0-t1,chunk:dd1fb864-2c7d-42ca-a8c4-aea280ed6717,0
2023-03-28 15:08:26,445 [grpc-default-executor-3] INFO  server.RaftServer$Division (ServerState.java:setLeader(260)) - s1@group-D8BE47583D5B: change Leader from null to s0 at term 1 for installSnapshot, leader elected after 62ms
2023-03-28 15:08:26,446 [grpc-default-executor-3] TRACE util.FileUtils (LogUtils.java:runAndLog(49)) - Successfully ran Files.createDirectories /tmp/ratis-tests/statemachine/s1/tmp/snapshot-dd1fb864-2c7d-42ca-a8c4-aea280ed6717
2023-03-28 15:08:26,446 [grpc-default-executor-3] INFO  storage.SnapshotManager (SnapshotManager.java:installSnapshot(89)) - Installing snapshot:s0->s1#0-t1,chunk:dd1fb864-2c7d-42ca-a8c4-aea280ed6717,0, to tmp dir:/tmp/ratis-tests/statemachine/s1/tmp/snapshot-dd1fb864-2c7d-42ca-a8c4-aea280ed6717
2023-03-28 15:08:26,446 [s0@group-D8BE47583D5B->s2-GrpcLogAppender-LogAppenderDaemon] INFO  server.GrpcLogAppender (GrpcLogAppender.java:installSnapshot(595)) - s0@group-D8BE47583D5B->s2-GrpcLogAppender: followerNextIndex = 0 but logStartIndex = 0, send snapshot FileListSnapshotInfo(t:1, i:191):[/tmp/ratis-tests/statemachine/s0/snapshot/1_191/loves, /tmp/ratis-tests/statemachine/s0/snapshot/1_191/vegetable, /tmp/ratis-tests/statemachine/s0/snapshot/1_191/deer] to follower
2023-03-28 15:08:26,446 [s0@group-D8BE47583D5B->s2-GrpcLogAppender-LogAppenderDaemon] INFO  server.GrpcServerProtocolClient (GrpcServerProtocolClient.java:<init>(65)) - Build channel for s2
2023-03-28 15:08:26,446 [grpc-default-executor-3] TRACE util.FileUtils (LogUtils.java:runAndLog(49)) - Successfully ran Files.createDirectories /tmp/ratis-tests/statemachine/s1/tmp/snapshot-dd1fb864-2c7d-42ca-a8c4-aea280ed6717/1_191
2023-03-28 15:08:26,450 [grpc-default-executor-3] INFO  segmented.SegmentedRaftLogWorker (SegmentedRaftLogWorker.java:lambda$new$0(134)) - s1@group-D8BE47583D5B-SegmentedRaftLogWorker: flushIndex: setUnconditionally -1 -> 191
2023-03-28 15:08:26,450 [grpc-default-executor-3] INFO  segmented.SegmentedRaftLogWorker (SegmentedRaftLogWorker.java:lambda$new$0(134)) - s1@group-D8BE47583D5B-SegmentedRaftLogWorker: safeCacheEvictIndex: setUnconditionally -1 -> 191
2023-03-28 15:08:26,450 [grpc-default-executor-3] INFO  impl.SnapshotInstallationHandler (SnapshotInstallationHandler.java:installSnapshotImpl(134)) - s1@group-D8BE47583D5B: set new configuration configurationEntry {
  peers {
    id: "s0"
    address: "localhost:34345"
    dataStreamAddress: "localhost:35383"
    clientAddress: "localhost:38665"
    adminAddress: "localhost:46595"
    startupRole: FOLLOWER
  }
}
 from snapshot
2023-03-28 15:08:26,450 [grpc-default-executor-3] INFO  server.RaftServer$Division (ServerState.java:setRaftConf(377)) - s1@group-D8BE47583D5B: set configuration 0: peers:[s0|rpc:localhost:34345|admin:localhost:46595|client:localhost:38665|dataStream:localhost:35383|priority:0|startupRole:FOLLOWER]|listeners:[], old=null
2023-03-28 15:08:26,451 [grpc-default-executor-3] INFO  impl.SnapshotInstallationHandler (SnapshotInstallationHandler.java:installSnapshot(100)) - s1@group-D8BE47583D5B: reply installSnapshot: s0<-s1#0:OK-t0,SUCCESS,requestIndex=0
2023-03-28 15:08:26,452 [grpc-default-executor-1] INFO  server.GrpcLogAppender (GrpcLogAppender.java:onNext(501)) - s0@group-D8BE47583D5B->s1-InstallSnapshotResponseHandler: received the first reply s0<-s1#0:OK-t0,SUCCESS,requestIndex=0
2023-03-28 15:08:26,452 [grpc-default-executor-1] INFO  server.GrpcLogAppender (GrpcLogAppender.java:onNext(514)) - s0@group-D8BE47583D5B->s1-InstallSnapshotResponseHandler: Completed InstallSnapshot. Reply: serverReply {
  requestorId: "s0"
  replyId: "s1"
  raftGroupId {
    id: "\241\342\241\354N\372Kr\235\241\330\276GX=["
  }
  success: true
}
requestIndex: 0

2023-03-28 15:08:26,452 [grpc-default-executor-1] INFO  leader.FollowerInfo (FollowerInfoImpl.java:setAttemptedToInstallSnapshot(126)) - Follower s0@group-D8BE47583D5B->s1 acknowledged installing snapshot
2023-03-28 15:08:26,453 [grpc-default-executor-3] INFO  impl.SnapshotInstallationHandler (SnapshotInstallationHandler.java:installSnapshot(89)) - s1@group-D8BE47583D5B: receive installSnapshot: s0->s1#0-t1,chunk:dd1fb864-2c7d-42ca-a8c4-aea280ed6717,1
2023-03-28 15:08:26,453 [grpc-default-executor-3] TRACE util.FileUtils (LogUtils.java:runAndLog(49)) - Successfully ran Files.createDirectories /tmp/ratis-tests/statemachine/s1/tmp/snapshot-dd1fb864-2c7d-42ca-a8c4-aea280ed6717
2023-03-28 15:08:26,453 [grpc-default-executor-1] INFO  impl.SnapshotInstallationHandler (SnapshotInstallationHandler.java:installSnapshot(89)) - s2@group-D8BE47583D5B: receive installSnapshot: s0->s2#0-t1,chunk:ebbd846d-3ed4-45e5-af7d-6dfb115b6f9d,0
2023-03-28 15:08:26,453 [grpc-default-executor-3] INFO  storage.SnapshotManager (SnapshotManager.java:installSnapshot(89)) - Installing snapshot:s0->s1#0-t1,chunk:dd1fb864-2c7d-42ca-a8c4-aea280ed6717,1, to tmp dir:/tmp/ratis-tests/statemachine/s1/tmp/snapshot-dd1fb864-2c7d-42ca-a8c4-aea280ed6717
2023-03-28 15:08:26,454 [grpc-default-executor-3] TRACE util.FileUtils (LogUtils.java:runAndLog(49)) - Successfully ran Files.createDirectories /tmp/ratis-tests/statemachine/s1/tmp/snapshot-dd1fb864-2c7d-42ca-a8c4-aea280ed6717/1_191
2023-03-28 15:08:26,455 [grpc-default-executor-1] INFO  server.RaftServer$Division (ServerState.java:setLeader(260)) - s2@group-D8BE47583D5B: change Leader from null to s0 at term 1 for installSnapshot, leader elected after 67ms
2023-03-28 15:08:26,458 [grpc-default-executor-1] TRACE util.FileUtils (LogUtils.java:runAndLog(49)) - Successfully ran Files.createDirectories /tmp/ratis-tests/statemachine/s2/tmp/snapshot-ebbd846d-3ed4-45e5-af7d-6dfb115b6f9d
2023-03-28 15:08:26,458 [grpc-default-executor-1] INFO  storage.SnapshotManager (SnapshotManager.java:installSnapshot(89)) - Installing snapshot:s0->s2#0-t1,chunk:ebbd846d-3ed4-45e5-af7d-6dfb115b6f9d,0, to tmp dir:/tmp/ratis-tests/statemachine/s2/tmp/snapshot-ebbd846d-3ed4-45e5-af7d-6dfb115b6f9d
2023-03-28 15:08:26,458 [grpc-default-executor-1] TRACE util.FileUtils (LogUtils.java:runAndLog(49)) - Successfully ran Files.createDirectories /tmp/ratis-tests/statemachine/s2/tmp/snapshot-ebbd846d-3ed4-45e5-af7d-6dfb115b6f9d/1_191
2023-03-28 15:08:26,459 [grpc-default-executor-3] INFO  impl.SnapshotInstallationHandler (SnapshotInstallationHandler.java:installSnapshot(100)) - s1@group-D8BE47583D5B: reply installSnapshot: s0<-s1#0:OK-t1,SUCCESS,requestIndex=1
2023-03-28 15:08:26,459 [grpc-default-executor-0] INFO  server.GrpcLogAppender (GrpcLogAppender.java:onNext(501)) - s0@group-D8BE47583D5B->s1-InstallSnapshotResponseHandler: received a reply s0<-s1#0:OK-t1,SUCCESS,requestIndex=1
2023-03-28 15:08:26,459 [grpc-default-executor-3] INFO  impl.SnapshotInstallationHandler (SnapshotInstallationHandler.java:installSnapshot(89)) - s1@group-D8BE47583D5B: receive installSnapshot: s0->s1#0-t1,chunk:dd1fb864-2c7d-42ca-a8c4-aea280ed6717,2
2023-03-28 15:08:26,459 [grpc-default-executor-1] INFO  segmented.SegmentedRaftLogWorker (SegmentedRaftLogWorker.java:lambda$new$0(134)) - s2@group-D8BE47583D5B-SegmentedRaftLogWorker: flushIndex: setUnconditionally -1 -> 191
2023-03-28 15:08:26,459 [grpc-default-executor-0] INFO  server.GrpcLogAppender (GrpcLogAppender.java:onNext(514)) - s0@group-D8BE47583D5B->s1-InstallSnapshotResponseHandler: Completed InstallSnapshot. Reply: serverReply {
  requestorId: "s0"
  replyId: "s1"
  raftGroupId {
    id: "\241\342\241\354N\372Kr\235\241\330\276GX=["
  }
  success: true
}
term: 1
requestIndex: 1

2023-03-28 15:08:26,459 [grpc-default-executor-1] INFO  segmented.SegmentedRaftLogWorker (SegmentedRaftLogWorker.java:lambda$new$0(134)) - s2@group-D8BE47583D5B-SegmentedRaftLogWorker: safeCacheEvictIndex: setUnconditionally -1 -> 191
2023-03-28 15:08:26,459 [grpc-default-executor-0] INFO  leader.FollowerInfo (FollowerInfoImpl.java:setAttemptedToInstallSnapshot(126)) - Follower s0@group-D8BE47583D5B->s1 acknowledged installing snapshot
2023-03-28 15:08:26,460 [grpc-default-executor-3] TRACE util.FileUtils (LogUtils.java:runAndLog(49)) - Successfully ran Files.createDirectories /tmp/ratis-tests/statemachine/s1/tmp/snapshot-dd1fb864-2c7d-42ca-a8c4-aea280ed6717
2023-03-28 15:08:26,460 [grpc-default-executor-3] INFO  storage.SnapshotManager (SnapshotManager.java:installSnapshot(89)) - Installing snapshot:s0->s1#0-t1,chunk:dd1fb864-2c7d-42ca-a8c4-aea280ed6717,2, to tmp dir:/tmp/ratis-tests/statemachine/s1/tmp/snapshot-dd1fb864-2c7d-42ca-a8c4-aea280ed6717
2023-03-28 15:08:26,461 [grpc-default-executor-3] TRACE util.FileUtils (LogUtils.java:runAndLog(49)) - Successfully ran Files.createDirectories /tmp/ratis-tests/statemachine/s1/tmp/snapshot-dd1fb864-2c7d-42ca-a8c4-aea280ed6717/1_191
2023-03-28 15:08:26,461 [grpc-default-executor-1] INFO  impl.SnapshotInstallationHandler (SnapshotInstallationHandler.java:installSnapshotImpl(134)) - s2@group-D8BE47583D5B: set new configuration configurationEntry {
  peers {
    id: "s0"
    address: "localhost:34345"
    dataStreamAddress: "localhost:35383"
    clientAddress: "localhost:38665"
    adminAddress: "localhost:46595"
    startupRole: FOLLOWER
  }
}
 from snapshot
2023-03-28 15:08:26,462 [grpc-default-executor-1] INFO  server.RaftServer$Division (ServerState.java:setRaftConf(377)) - s2@group-D8BE47583D5B: set configuration 0: peers:[s0|rpc:localhost:34345|admin:localhost:46595|client:localhost:38665|dataStream:localhost:35383|priority:0|startupRole:FOLLOWER]|listeners:[], old=null
2023-03-28 15:08:26,462 [grpc-default-executor-1] INFO  impl.SnapshotInstallationHandler (SnapshotInstallationHandler.java:installSnapshot(100)) - s2@group-D8BE47583D5B: reply installSnapshot: s0<-s2#0:OK-t0,SUCCESS,requestIndex=0
2023-03-28 15:08:26,463 [grpc-default-executor-0] INFO  server.GrpcLogAppender (GrpcLogAppender.java:onNext(501)) - s0@group-D8BE47583D5B->s2-InstallSnapshotResponseHandler: received the first reply s0<-s2#0:OK-t0,SUCCESS,requestIndex=0
2023-03-28 15:08:26,463 [grpc-default-executor-1] INFO  impl.SnapshotInstallationHandler (SnapshotInstallationHandler.java:installSnapshot(89)) - s2@group-D8BE47583D5B: receive installSnapshot: s0->s2#0-t1,chunk:ebbd846d-3ed4-45e5-af7d-6dfb115b6f9d,1
2023-03-28 15:08:26,463 [grpc-default-executor-0] INFO  server.GrpcLogAppender (GrpcLogAppender.java:onNext(514)) - s0@group-D8BE47583D5B->s2-InstallSnapshotResponseHandler: Completed InstallSnapshot. Reply: serverReply {
  requestorId: "s0"
  replyId: "s2"
  raftGroupId {
    id: "\241\342\241\354N\372Kr\235\241\330\276GX=["
  }
  success: true
}
requestIndex: 0

2023-03-28 15:08:26,463 [grpc-default-executor-1] TRACE util.FileUtils (LogUtils.java:runAndLog(49)) - Successfully ran Files.createDirectories /tmp/ratis-tests/statemachine/s2/tmp/snapshot-ebbd846d-3ed4-45e5-af7d-6dfb115b6f9d
2023-03-28 15:08:26,463 [grpc-default-executor-0] INFO  leader.FollowerInfo (FollowerInfoImpl.java:setAttemptedToInstallSnapshot(126)) - Follower s0@group-D8BE47583D5B->s2 acknowledged installing snapshot
2023-03-28 15:08:26,463 [grpc-default-executor-1] INFO  storage.SnapshotManager (SnapshotManager.java:installSnapshot(89)) - Installing snapshot:s0->s2#0-t1,chunk:ebbd846d-3ed4-45e5-af7d-6dfb115b6f9d,1, to tmp dir:/tmp/ratis-tests/statemachine/s2/tmp/snapshot-ebbd846d-3ed4-45e5-af7d-6dfb115b6f9d
2023-03-28 15:08:26,463 [grpc-default-executor-1] TRACE util.FileUtils (LogUtils.java:runAndLog(49)) - Successfully ran Files.createDirectories /tmp/ratis-tests/statemachine/s2/tmp/snapshot-ebbd846d-3ed4-45e5-af7d-6dfb115b6f9d/1_191
2023-03-28 15:08:26,463 [grpc-default-executor-3] INFO  storage.SnapshotManager (SnapshotManager.java:rename(168)) - Installed snapshot, renaming temporary dir /tmp/ratis-tests/statemachine/s1/tmp/snapshot-dd1fb864-2c7d-42ca-a8c4-aea280ed6717 to /tmp/ratis-tests/statemachine/s1/snapshot
2023-03-28 15:08:26,463 [grpc-default-executor-3] TRACE util.FileUtils (LogUtils.java:runAndLog(49)) - Successfully ran Atomic Files.move /tmp/ratis-tests/statemachine/s1/snapshot to /tmp/ratis-tests/statemachine/s1/snapshot.tmp20230328-150826_463
2023-03-28 15:08:26,464 [grpc-default-executor-3] TRACE util.FileUtils (LogUtils.java:runAndLog(49)) - Successfully ran Atomic Files.move /tmp/ratis-tests/statemachine/s1/tmp/snapshot-dd1fb864-2c7d-42ca-a8c4-aea280ed6717 to /tmp/ratis-tests/statemachine/s1/snapshot
2023-03-28 15:08:26,464 [grpc-default-executor-3] TRACE util.FileUtils (FileUtils.java:deleteFully(201)) - deleteFully /tmp/ratis-tests/statemachine/s1/snapshot.tmp20230328-150826_463
2023-03-28 15:08:26,464 [grpc-default-executor-3] TRACE util.FileUtils (LogUtils.java:runAndLog(49)) - Successfully ran Files.delete /tmp/ratis-tests/statemachine/s1/snapshot.tmp20230328-150826_463
2023-03-28 15:08:26,464 [grpc-default-executor-3] INFO  raftlog.RaftLog (RaftLogBase.java:lambda$new$0(53)) - s1@group-D8BE47583D5B-SegmentedRaftLog: snapshotIndex: updateIncreasingly -1 -> 191
2023-03-28 15:08:26,464 [grpc-default-executor-3] INFO  impl.SnapshotInstallationHandler (SnapshotInstallationHandler.java:checkAndInstallSnapshot(193)) - s1@group-D8BE47583D5B: successfully install the entire snapshot-191
2023-03-28 15:08:26,464 [s1@group-D8BE47583D5B-StateMachineUpdater] INFO  impl.SimpleStateMachine4Testing (SimpleStateMachine4Testing.java:reinitialize(236)) - Reinitializing StateMachineWithSeparatedSnapshotPath:s1:group-D8BE47583D5B
2023-03-28 15:08:26,464 [grpc-default-executor-3] INFO  impl.SnapshotInstallationHandler (SnapshotInstallationHandler.java:installSnapshot(100)) - s1@group-D8BE47583D5B: reply installSnapshot: s0<-s1#0:OK-t1,SUCCESS,requestIndex=2
2023-03-28 15:08:26,464 [s1@group-D8BE47583D5B-StateMachineUpdater] INFO  impl.SimpleStateMachine4Testing (SimpleStateMachine4Testing.java:loadSnapshot(293)) - Loading snapshot null
2023-03-28 15:08:26,464 [grpc-default-executor-3] INFO  server.GrpcServerProtocolService (GrpcServerProtocolService.java:onCompleted(145)) - s1: Completed INSTALL_SNAPSHOT, lastRequest: s0->s1#0-t1,chunk:dd1fb864-2c7d-42ca-a8c4-aea280ed6717,2
2023-03-28 15:08:26,464 [s1@group-D8BE47583D5B-StateMachineUpdater] INFO  impl.StateMachineUpdater (StateMachineUpdater.java:lambda$new$0(96)) - s1@group-D8BE47583D5B-StateMachineUpdater: snapshotIndex: setUnconditionally -1 -> 191
2023-03-28 15:08:26,464 [s1@group-D8BE47583D5B-StateMachineUpdater] INFO  impl.StateMachineUpdater (StateMachineUpdater.java:lambda$new$0(96)) - s1@group-D8BE47583D5B-StateMachineUpdater: appliedIndex: setUnconditionally -1 -> 191
2023-03-28 15:08:26,465 [grpc-default-executor-0] INFO  server.GrpcLogAppender (GrpcLogAppender.java:onNext(501)) - s0@group-D8BE47583D5B->s1-InstallSnapshotResponseHandler: received a reply s0<-s1#0:OK-t1,SUCCESS,requestIndex=2
2023-03-28 15:08:26,465 [grpc-default-executor-1] INFO  impl.SnapshotInstallationHandler (SnapshotInstallationHandler.java:installSnapshot(100)) - s2@group-D8BE47583D5B: reply installSnapshot: s0<-s2#0:OK-t1,SUCCESS,requestIndex=1
2023-03-28 15:08:26,465 [grpc-default-executor-0] INFO  server.GrpcLogAppender (GrpcLogAppender.java:onNext(514)) - s0@group-D8BE47583D5B->s1-InstallSnapshotResponseHandler: Completed InstallSnapshot. Reply: serverReply {
  requestorId: "s0"
  replyId: "s1"
  raftGroupId {
    id: "\241\342\241\354N\372Kr\235\241\330\276GX=["
  }
  success: true
}
term: 1
requestIndex: 2

2023-03-28 15:08:26,465 [grpc-default-executor-0] INFO  leader.FollowerInfo (FollowerInfoImpl.java:setAttemptedToInstallSnapshot(126)) - Follower s0@group-D8BE47583D5B->s1 acknowledged installing snapshot
2023-03-28 15:08:26,465 [grpc-default-executor-0] INFO  server.GrpcLogAppender (GrpcLogAppender.java:onCompleted(579)) - s0@group-D8BE47583D5B->s1-InstallSnapshotResponseHandler: follower responded installSnapshot COMPLETED
2023-03-28 15:08:26,465 [grpc-default-executor-0] INFO  server.GrpcLogAppender (GrpcLogAppender.java:onNext(501)) - s0@group-D8BE47583D5B->s2-InstallSnapshotResponseHandler: received a reply s0<-s2#0:OK-t1,SUCCESS,requestIndex=1
2023-03-28 15:08:26,465 [grpc-default-executor-0] INFO  server.GrpcLogAppender (GrpcLogAppender.java:onNext(514)) - s0@group-D8BE47583D5B->s2-InstallSnapshotResponseHandler: Completed InstallSnapshot. Reply: serverReply {
  requestorId: "s0"
  replyId: "s2"
  raftGroupId {
    id: "\241\342\241\354N\372Kr\235\241\330\276GX=["
  }
  success: true
}
term: 1
requestIndex: 1

2023-03-28 15:08:26,465 [grpc-default-executor-0] INFO  leader.FollowerInfo (FollowerInfoImpl.java:setAttemptedToInstallSnapshot(126)) - Follower s0@group-D8BE47583D5B->s2 acknowledged installing snapshot
2023-03-28 15:08:26,466 [s0@group-D8BE47583D5B->s1-GrpcLogAppender-LogAppenderDaemon] INFO  leader.FollowerInfo (FollowerInfoImpl.java:lambda$new$0(52)) - s0@group-D8BE47583D5B->s1: snapshotIndex: setUnconditionally 0 -> 191
2023-03-28 15:08:26,466 [s0@group-D8BE47583D5B->s1-GrpcLogAppender-LogAppenderDaemon] INFO  leader.FollowerInfo (FollowerInfoImpl.java:lambda$new$0(52)) - s0@group-D8BE47583D5B->s1: matchIndex: setUnconditionally -1 -> 191
2023-03-28 15:08:26,466 [s0@group-D8BE47583D5B->s1-GrpcLogAppender-LogAppenderDaemon] INFO  leader.FollowerInfo (FollowerInfoImpl.java:lambda$new$0(52)) - s0@group-D8BE47583D5B->s1: nextIndex: setUnconditionally 0 -> 192
2023-03-28 15:08:26,466 [s0@group-D8BE47583D5B->s1-GrpcLogAppender-LogAppenderDaemon] INFO  server.GrpcLogAppender (GrpcLogAppender.java:installSnapshot(634)) - s0@group-D8BE47583D5B->s1-GrpcLogAppender: installed snapshot FileListSnapshotInfo(t:1, i:191):[/tmp/ratis-tests/statemachine/s0/snapshot/1_191/loves, /tmp/ratis-tests/statemachine/s0/snapshot/1_191/vegetable, /tmp/ratis-tests/statemachine/s0/snapshot/1_191/deer] successfully
2023-03-28 15:08:26,467 [grpc-default-executor-1] INFO  impl.SnapshotInstallationHandler (SnapshotInstallationHandler.java:installSnapshot(89)) - s2@group-D8BE47583D5B: receive installSnapshot: s0->s2#0-t1,chunk:ebbd846d-3ed4-45e5-af7d-6dfb115b6f9d,2
2023-03-28 15:08:26,467 [grpc-default-executor-1] TRACE util.FileUtils (LogUtils.java:runAndLog(49)) - Successfully ran Files.createDirectories /tmp/ratis-tests/statemachine/s2/tmp/snapshot-ebbd846d-3ed4-45e5-af7d-6dfb115b6f9d
2023-03-28 15:08:26,467 [grpc-default-executor-1] INFO  storage.SnapshotManager (SnapshotManager.java:installSnapshot(89)) - Installing snapshot:s0->s2#0-t1,chunk:ebbd846d-3ed4-45e5-af7d-6dfb115b6f9d,2, to tmp dir:/tmp/ratis-tests/statemachine/s2/tmp/snapshot-ebbd846d-3ed4-45e5-af7d-6dfb115b6f9d
2023-03-28 15:08:26,467 [grpc-default-executor-1] TRACE util.FileUtils (LogUtils.java:runAndLog(49)) - Successfully ran Files.createDirectories /tmp/ratis-tests/statemachine/s2/tmp/snapshot-ebbd846d-3ed4-45e5-af7d-6dfb115b6f9d/1_191
2023-03-28 15:08:26,469 [grpc-default-executor-1] INFO  storage.SnapshotManager (SnapshotManager.java:rename(168)) - Installed snapshot, renaming temporary dir /tmp/ratis-tests/statemachine/s2/tmp/snapshot-ebbd846d-3ed4-45e5-af7d-6dfb115b6f9d to /tmp/ratis-tests/statemachine/s2/snapshot
2023-03-28 15:08:26,469 [grpc-default-executor-1] TRACE util.FileUtils (LogUtils.java:runAndLog(49)) - Successfully ran Atomic Files.move /tmp/ratis-tests/statemachine/s2/snapshot to /tmp/ratis-tests/statemachine/s2/snapshot.tmp20230328-150826_469
2023-03-28 15:08:26,469 [grpc-default-executor-1] TRACE util.FileUtils (LogUtils.java:runAndLog(49)) - Successfully ran Atomic Files.move /tmp/ratis-tests/statemachine/s2/tmp/snapshot-ebbd846d-3ed4-45e5-af7d-6dfb115b6f9d to /tmp/ratis-tests/statemachine/s2/snapshot
2023-03-28 15:08:26,469 [grpc-default-executor-1] TRACE util.FileUtils (FileUtils.java:deleteFully(201)) - deleteFully /tmp/ratis-tests/statemachine/s2/snapshot.tmp20230328-150826_469
2023-03-28 15:08:26,470 [grpc-default-executor-1] TRACE util.FileUtils (LogUtils.java:runAndLog(49)) - Successfully ran Files.delete /tmp/ratis-tests/statemachine/s2/snapshot.tmp20230328-150826_469
2023-03-28 15:08:26,470 [grpc-default-executor-1] INFO  raftlog.RaftLog (RaftLogBase.java:lambda$new$0(53)) - s2@group-D8BE47583D5B-SegmentedRaftLog: snapshotIndex: updateIncreasingly -1 -> 191
2023-03-28 15:08:26,470 [grpc-default-executor-1] INFO  impl.SnapshotInstallationHandler (SnapshotInstallationHandler.java:checkAndInstallSnapshot(193)) - s2@group-D8BE47583D5B: successfully install the entire snapshot-191
2023-03-28 15:08:26,470 [grpc-default-executor-1] INFO  impl.SnapshotInstallationHandler (SnapshotInstallationHandler.java:installSnapshot(100)) - s2@group-D8BE47583D5B: reply installSnapshot: s0<-s2#0:OK-t1,SUCCESS,requestIndex=2
2023-03-28 15:08:26,470 [grpc-default-executor-1] INFO  server.GrpcServerProtocolService (GrpcServerProtocolService.java:onCompleted(145)) - s2: Completed INSTALL_SNAPSHOT, lastRequest: s0->s2#0-t1,chunk:ebbd846d-3ed4-45e5-af7d-6dfb115b6f9d,2
2023-03-28 15:08:26,470 [s2@group-D8BE47583D5B-StateMachineUpdater] INFO  impl.SimpleStateMachine4Testing (SimpleStateMachine4Testing.java:reinitialize(236)) - Reinitializing StateMachineWithSeparatedSnapshotPath:s2:group-D8BE47583D5B
2023-03-28 15:08:26,471 [s2@group-D8BE47583D5B-StateMachineUpdater] INFO  impl.SimpleStateMachine4Testing (SimpleStateMachine4Testing.java:loadSnapshot(293)) - Loading snapshot null
2023-03-28 15:08:26,471 [s2@group-D8BE47583D5B-StateMachineUpdater] INFO  impl.StateMachineUpdater (StateMachineUpdater.java:lambda$new$0(96)) - s2@group-D8BE47583D5B-StateMachineUpdater: snapshotIndex: setUnconditionally -1 -> 191
2023-03-28 15:08:26,471 [s2@group-D8BE47583D5B-StateMachineUpdater] INFO  impl.StateMachineUpdater (StateMachineUpdater.java:lambda$new$0(96)) - s2@group-D8BE47583D5B-StateMachineUpdater: appliedIndex: setUnconditionally -1 -> 191
2023-03-28 15:08:26,471 [grpc-default-executor-2] INFO  server.GrpcLogAppender (GrpcLogAppender.java:onNext(501)) - s0@group-D8BE47583D5B->s2-InstallSnapshotResponseHandler: received a reply s0<-s2#0:OK-t1,SUCCESS,requestIndex=2
2023-03-28 15:08:26,472 [grpc-default-executor-2] INFO  server.GrpcLogAppender (GrpcLogAppender.java:onNext(514)) - s0@group-D8BE47583D5B->s2-InstallSnapshotResponseHandler: Completed InstallSnapshot. Reply: serverReply {
  requestorId: "s0"
  replyId: "s2"
  raftGroupId {
    id: "\241\342\241\354N\372Kr\235\241\330\276GX=["
  }
  success: true
}
term: 1
requestIndex: 2

2023-03-28 15:08:26,472 [grpc-default-executor-2] INFO  leader.FollowerInfo (FollowerInfoImpl.java:setAttemptedToInstallSnapshot(126)) - Follower s0@group-D8BE47583D5B->s2 acknowledged installing snapshot
2023-03-28 15:08:26,472 [grpc-default-executor-2] INFO  server.GrpcLogAppender (GrpcLogAppender.java:onCompleted(579)) - s0@group-D8BE47583D5B->s2-InstallSnapshotResponseHandler: follower responded installSnapshot COMPLETED
2023-03-28 15:08:26,472 [s0@group-D8BE47583D5B->s2-GrpcLogAppender-LogAppenderDaemon] INFO  leader.FollowerInfo (FollowerInfoImpl.java:lambda$new$0(52)) - s0@group-D8BE47583D5B->s2: snapshotIndex: setUnconditionally 0 -> 191
2023-03-28 15:08:26,472 [s0@group-D8BE47583D5B->s2-GrpcLogAppender-LogAppenderDaemon] INFO  leader.FollowerInfo (FollowerInfoImpl.java:lambda$new$0(52)) - s0@group-D8BE47583D5B->s2: matchIndex: setUnconditionally -1 -> 191
2023-03-28 15:08:26,472 [s0@group-D8BE47583D5B->s2-GrpcLogAppender-LogAppenderDaemon] INFO  leader.FollowerInfo (FollowerInfoImpl.java:lambda$new$0(52)) - s0@group-D8BE47583D5B->s2: nextIndex: setUnconditionally 0 -> 192
2023-03-28 15:08:26,472 [s0@group-D8BE47583D5B->s2-GrpcLogAppender-LogAppenderDaemon] INFO  server.GrpcLogAppender (GrpcLogAppender.java:installSnapshot(634)) - s0@group-D8BE47583D5B->s2-GrpcLogAppender: installed snapshot FileListSnapshotInfo(t:1, i:191):[/tmp/ratis-tests/statemachine/s0/snapshot/1_191/loves, /tmp/ratis-tests/statemachine/s0/snapshot/1_191/vegetable, /tmp/ratis-tests/statemachine/s0/snapshot/1_191/deer] successfully
2023-03-28 15:08:26,535 [s2-server-thread1] INFO  impl.RoleInfo (RoleInfo.java:updateAndGet(139)) - s2: start s2@group-D8BE47583D5B-FollowerState
2023-03-28 15:08:26,535 [s1-server-thread1] INFO  impl.RoleInfo (RoleInfo.java:updateAndGet(139)) - s1: start s1@group-D8BE47583D5B-FollowerState
2023-03-28 15:08:26,536 [s2-server-thread2] INFO  segmented.SegmentedRaftLogWorker (SegmentedRaftLogWorker.java:startLogSegment(426)) - s2@group-D8BE47583D5B-SegmentedRaftLogWorker: Starting segment from index:192
2023-03-28 15:08:26,537 [s2@group-D8BE47583D5B-FollowerState] INFO  server.RaftServerConfigKeys (ConfUtils.java:logFallback(53)) - raft.server.rpc.first-election.timeout.min = 150ms (fallback to raft.server.rpc.timeout.min)
2023-03-28 15:08:26,537 [s2@group-D8BE47583D5B-FollowerState] INFO  server.RaftServerConfigKeys (ConfUtils.java:logFallback(53)) - raft.server.rpc.first-election.timeout.max = 300ms (fallback to raft.server.rpc.timeout.max)
2023-03-28 15:08:26,544 [s2@group-D8BE47583D5B-SegmentedRaftLogWorker] INFO  segmented.SegmentedRaftLogWorker (SegmentedRaftLogWorker.java:execute(630)) - s2@group-D8BE47583D5B-SegmentedRaftLogWorker: created new log segment /home/runner/work/ratis/ratis/ratis-test/target/test/data/d2acef73/MiniRaftClusterWithGrpce7b3636b/s2/a1e2a1ec-4efa-4b72-9da1-d8be47583d5b/current/log_inprogress_192
2023-03-28 15:08:26,545 [s2@group-D8BE47583D5B-StateMachineUpdater] INFO  impl.SimpleStateMachine4Testing (SimpleStateMachine4Testing.java:put(205)) - s2: put 193, m96 -> (t:1, i:193), STATEMACHINELOGENTRY, 483@client-C0EB4CED6B19
2023-03-28 15:08:26,545 [s2@group-D8BE47583D5B-StateMachineUpdater] INFO  impl.SimpleStateMachine4Testing (SimpleStateMachine4Testing.java:put(205)) - s2: put 195, m97 -> (t:1, i:195), STATEMACHINELOGENTRY, 484@client-C0EB4CED6B19
2023-03-28 15:08:26,545 [s2@group-D8BE47583D5B-StateMachineUpdater] INFO  impl.SimpleStateMachine4Testing (SimpleStateMachine4Testing.java:put(205)) - s2: put 197, m98 -> (t:1, i:197), STATEMACHINELOGENTRY, 485@client-C0EB4CED6B19
2023-03-28 15:08:26,545 [s2@group-D8BE47583D5B-StateMachineUpdater] INFO  impl.SimpleStateMachine4Testing (SimpleStateMachine4Testing.java:put(205)) - s2: put 199, m99 -> (t:1, i:199), STATEMACHINELOGENTRY, 486@client-C0EB4CED6B19
2023-03-28 15:08:26,545 [s2@group-D8BE47583D5B-StateMachineUpdater] INFO  impl.SimpleStateMachine4Testing (SimpleStateMachine4Testing.java:put(205)) - s2: put 201, m100 -> (t:1, i:201), STATEMACHINELOGENTRY, 487@client-C0EB4CED6B19
2023-03-28 15:08:26,545 [s2@group-D8BE47583D5B-StateMachineUpdater] INFO  impl.SimpleStateMachine4Testing (SimpleStateMachine4Testing.java:put(205)) - s2: put 203, m101 -> (t:1, i:203), STATEMACHINELOGENTRY, 488@client-C0EB4CED6B19
2023-03-28 15:08:26,545 [s2@group-D8BE47583D5B-StateMachineUpdater] INFO  impl.SimpleStateMachine4Testing (SimpleStateMachine4Testing.java:put(205)) - s2: put 205, m102 -> (t:1, i:205), STATEMACHINELOGENTRY, 489@client-C0EB4CED6B19
2023-03-28 15:08:26,545 [s2@group-D8BE47583D5B-StateMachineUpdater] INFO  impl.SimpleStateMachine4Testing (SimpleStateMachine4Testing.java:put(205)) - s2: put 207, m103 -> (t:1, i:207), STATEMACHINELOGENTRY, 490@client-C0EB4CED6B19
2023-03-28 15:08:26,545 [s2@group-D8BE47583D5B-StateMachineUpdater] INFO  impl.SimpleStateMachine4Testing (SimpleStateMachine4Testing.java:put(205)) - s2: put 209, m104 -> (t:1, i:209), STATEMACHINELOGENTRY, 491@client-C0EB4CED6B19
2023-03-28 15:08:26,546 [s2@group-D8BE47583D5B-StateMachineUpdater] INFO  impl.SimpleStateMachine4Testing (SimpleStateMachine4Testing.java:put(205)) - s2: put 211, m105 -> (t:1, i:211), STATEMACHINELOGENTRY, 492@client-C0EB4CED6B19
2023-03-28 15:08:26,546 [s2@group-D8BE47583D5B-StateMachineUpdater] INFO  impl.SimpleStateMachine4Testing (SimpleStateMachine4Testing.java:put(205)) - s2: put 213, m106 -> (t:1, i:213), STATEMACHINELOGENTRY, 493@client-C0EB4CED6B19
2023-03-28 15:08:26,546 [s2@group-D8BE47583D5B-StateMachineUpdater] INFO  impl.SimpleStateMachine4Testing (SimpleStateMachine4Testing.java:put(205)) - s2: put 215, m107 -> (t:1, i:215), STATEMACHINELOGENTRY, 494@client-C0EB4CED6B19
2023-03-28 15:08:26,546 [s2@group-D8BE47583D5B-StateMachineUpdater] INFO  impl.SimpleStateMachine4Testing (SimpleStateMachine4Testing.java:put(205)) - s2: put 217, m108 -> (t:1, i:217), STATEMACHINELOGENTRY, 495@client-C0EB4CED6B19
2023-03-28 15:08:26,546 [s2@group-D8BE47583D5B-StateMachineUpdater] INFO  impl.SimpleStateMachine4Testing (SimpleStateMachine4Testing.java:put(205)) - s2: put 219, m109 -> (t:1, i:219), STATEMACHINELOGENTRY, 496@client-C0EB4CED6B19
2023-03-28 15:08:26,546 [s2@group-D8BE47583D5B-StateMachineUpdater] INFO  impl.SimpleStateMachine4Testing (SimpleStateMachine4Testing.java:put(205)) - s2: put 221, m110 -> (t:1, i:221), STATEMACHINELOGENTRY, 497@client-C0EB4CED6B19
2023-03-28 15:08:26,546 [s2@group-D8BE47583D5B-StateMachineUpdater] INFO  impl.SimpleStateMachine4Testing (SimpleStateMachine4Testing.java:put(205)) - s2: put 223, m111 -> (t:1, i:223), STATEMACHINELOGENTRY, 498@client-C0EB4CED6B19
2023-03-28 15:08:26,546 [s2@group-D8BE47583D5B-StateMachineUpdater] INFO  impl.SimpleStateMachine4Testing (SimpleStateMachine4Testing.java:put(205)) - s2: put 225, m112 -> (t:1, i:225), STATEMACHINELOGENTRY, 499@client-C0EB4CED6B19
2023-03-28 15:08:26,546 [s2@group-D8BE47583D5B-StateMachineUpdater] INFO  impl.SimpleStateMachine4Testing (SimpleStateMachine4Testing.java:put(205)) - s2: put 227, m113 -> (t:1, i:227), STATEMACHINELOGENTRY, 500@client-C0EB4CED6B19
2023-03-28 15:08:26,546 [s2@group-D8BE47583D5B-StateMachineUpdater] INFO  impl.SimpleStateMachine4Testing (SimpleStateMachine4Testing.java:put(205)) - s2: put 229, m114 -> (t:1, i:229), STATEMACHINELOGENTRY, 501@client-C0EB4CED6B19
2023-03-28 15:08:26,546 [s2@group-D8BE47583D5B-StateMachineUpdater] INFO  impl.SimpleStateMachine4Testing (SimpleStateMachine4Testing.java:put(205)) - s2: put 231, m115 -> (t:1, i:231), STATEMACHINELOGENTRY, 502@client-C0EB4CED6B19
2023-03-28 15:08:26,546 [s2@group-D8BE47583D5B-StateMachineUpdater] INFO  impl.SimpleStateMachine4Testing (SimpleStateMachine4Testing.java:put(205)) - s2: put 233, m116 -> (t:1, i:233), STATEMACHINELOGENTRY, 503@client-C0EB4CED6B19
2023-03-28 15:08:26,546 [s2@group-D8BE47583D5B-StateMachineUpdater] INFO  impl.SimpleStateMachine4Testing (SimpleStateMachine4Testing.java:put(205)) - s2: put 235, m117 -> (t:1, i:235), STATEMACHINELOGENTRY, 504@client-C0EB4CED6B19
2023-03-28 15:08:26,546 [s2@group-D8BE47583D5B-StateMachineUpdater] INFO  impl.SimpleStateMachine4Testing (SimpleStateMachine4Testing.java:put(205)) - s2: put 237, m118 -> (t:1, i:237), STATEMACHINELOGENTRY, 505@client-C0EB4CED6B19
2023-03-28 15:08:26,546 [s2@group-D8BE47583D5B-StateMachineUpdater] INFO  impl.SimpleStateMachine4Testing (SimpleStateMachine4Testing.java:put(205)) - s2: put 239, m119 -> (t:1, i:239), STATEMACHINELOGENTRY, 506@client-C0EB4CED6B19
2023-03-28 15:08:26,547 [s2@group-D8BE47583D5B-StateMachineUpdater] INFO  impl.SimpleStateMachine4Testing (SimpleStateMachine4Testing.java:put(205)) - s2: put 241, m120 -> (t:1, i:241), STATEMACHINELOGENTRY, 507@client-C0EB4CED6B19
2023-03-28 15:08:26,547 [s2@group-D8BE47583D5B-StateMachineUpdater] INFO  impl.SimpleStateMachine4Testing (SimpleStateMachine4Testing.java:put(205)) - s2: put 243, m121 -> (t:1, i:243), STATEMACHINELOGENTRY, 508@client-C0EB4CED6B19
2023-03-28 15:08:26,547 [s2@group-D8BE47583D5B-StateMachineUpdater] INFO  impl.SimpleStateMachine4Testing (SimpleStateMachine4Testing.java:put(205)) - s2: put 245, m122 -> (t:1, i:245), STATEMACHINELOGENTRY, 509@client-C0EB4CED6B19
2023-03-28 15:08:26,547 [s2@group-D8BE47583D5B-StateMachineUpdater] INFO  impl.SimpleStateMachine4Testing (SimpleStateMachine4Testing.java:put(205)) - s2: put 247, m123 -> (t:1, i:247), STATEMACHINELOGENTRY, 510@client-C0EB4CED6B19
2023-03-28 15:08:26,547 [s2@group-D8BE47583D5B-StateMachineUpdater] INFO  impl.SimpleStateMachine4Testing (SimpleStateMachine4Testing.java:put(205)) - s2: put 249, m124 -> (t:1, i:249), STATEMACHINELOGENTRY, 511@client-C0EB4CED6B19
2023-03-28 15:08:26,547 [s2@group-D8BE47583D5B-StateMachineUpdater] INFO  impl.SimpleStateMachine4Testing (SimpleStateMachine4Testing.java:put(205)) - s2: put 251, m125 -> (t:1, i:251), STATEMACHINELOGENTRY, 512@client-C0EB4CED6B19
2023-03-28 15:08:26,547 [s2@group-D8BE47583D5B-StateMachineUpdater] INFO  impl.SimpleStateMachine4Testing (SimpleStateMachine4Testing.java:put(205)) - s2: put 253, m126 -> (t:1, i:253), STATEMACHINELOGENTRY, 513@client-C0EB4CED6B19
2023-03-28 15:08:26,564 [s1-server-thread1] INFO  segmented.SegmentedRaftLogWorker (SegmentedRaftLogWorker.java:startLogSegment(426)) - s1@group-D8BE47583D5B-SegmentedRaftLogWorker: Starting segment from index:192
2023-03-28 15:08:26,564 [s1@group-D8BE47583D5B-FollowerState] INFO  server.RaftServerConfigKeys (ConfUtils.java:logFallback(53)) - raft.server.rpc.first-election.timeout.min = 150ms (fallback to raft.server.rpc.timeout.min)
2023-03-28 15:08:26,564 [s1@group-D8BE47583D5B-FollowerState] INFO  server.RaftServerConfigKeys (ConfUtils.java:logFallback(53)) - raft.server.rpc.first-election.timeout.max = 300ms (fallback to raft.server.rpc.timeout.max)
2023-03-28 15:08:26,575 [s0@group-D8BE47583D5B-LeaderStateImpl] INFO  server.RaftServer$Division (ServerState.java:setRaftConf(377)) - s0@group-D8BE47583D5B: set configuration 255: peers:[s0|rpc:localhost:34345|admin:localhost:46595|client:localhost:38665|dataStream:localhost:35383|priority:0|startupRole:FOLLOWER, s1|rpc:0.0.0.0:42037|dataStream:|priority:0|startupRole:FOLLOWER, s2|rpc:0.0.0.0:39861|dataStream:|priority:0|startupRole:FOLLOWER]|listeners:[], old=peers:[s0|rpc:localhost:34345|admin:localhost:46595|client:localhost:38665|dataStream:localhost:35383|priority:0|startupRole:FOLLOWER]|listeners:[]
2023-03-28 15:08:26,579 [s1@group-D8BE47583D5B-SegmentedRaftLogWorker] INFO  segmented.SegmentedRaftLogWorker (SegmentedRaftLogWorker.java:execute(630)) - s1@group-D8BE47583D5B-SegmentedRaftLogWorker: created new log segment /home/runner/work/ratis/ratis/ratis-test/target/test/data/d2acef73/MiniRaftClusterWithGrpce7b3636b/s1/a1e2a1ec-4efa-4b72-9da1-d8be47583d5b/current/log_inprogress_192
2023-03-28 15:08:26,581 [s1-server-thread2] INFO  server.RaftServer$Division (ServerState.java:setRaftConf(377)) - s1@group-D8BE47583D5B: set configuration 255: peers:[s0|rpc:localhost:34345|admin:localhost:46595|client:localhost:38665|dataStream:localhost:35383|priority:0|startupRole:FOLLOWER, s1|rpc:0.0.0.0:42037|dataStream:|priority:0|startupRole:FOLLOWER, s2|rpc:0.0.0.0:39861|dataStream:|priority:0|startupRole:FOLLOWER]|listeners:[], old=peers:[s0|rpc:localhost:34345|admin:localhost:46595|client:localhost:38665|dataStream:localhost:35383|priority:0|startupRole:FOLLOWER]|listeners:[]
2023-03-28 15:08:26,585 [s2-server-thread3] INFO  server.RaftServer$Division (ServerState.java:setRaftConf(377)) - s2@group-D8BE47583D5B: set configuration 255: peers:[s0|rpc:localhost:34345|admin:localhost:46595|client:localhost:38665|dataStream:localhost:35383|priority:0|startupRole:FOLLOWER, s1|rpc:0.0.0.0:42037|dataStream:|priority:0|startupRole:FOLLOWER, s2|rpc:0.0.0.0:39861|dataStream:|priority:0|startupRole:FOLLOWER]|listeners:[], old=peers:[s0|rpc:localhost:34345|admin:localhost:46595|client:localhost:38665|dataStream:localhost:35383|priority:0|startupRole:FOLLOWER]|listeners:[]
2023-03-28 15:08:26,585 [s1@group-D8BE47583D5B-StateMachineUpdater] INFO  impl.SimpleStateMachine4Testing (SimpleStateMachine4Testing.java:put(205)) - s1: put 193, m96 -> (t:1, i:193), STATEMACHINELOGENTRY, 483@client-C0EB4CED6B19
2023-03-28 15:08:26,590 [s1@group-D8BE47583D5B-StateMachineUpdater] INFO  impl.SimpleStateMachine4Testing (SimpleStateMachine4Testing.java:put(205)) - s1: put 195, m97 -> (t:1, i:195), STATEMACHINELOGENTRY, 484@client-C0EB4CED6B19
2023-03-28 15:08:26,590 [s1@group-D8BE47583D5B-StateMachineUpdater] INFO  impl.SimpleStateMachine4Testing (SimpleStateMachine4Testing.java:put(205)) - s1: put 197, m98 -> (t:1, i:197), STATEMACHINELOGENTRY, 485@client-C0EB4CED6B19
2023-03-28 15:08:26,590 [s1@group-D8BE47583D5B-StateMachineUpdater] INFO  impl.SimpleStateMachine4Testing (SimpleStateMachine4Testing.java:put(205)) - s1: put 199, m99 -> (t:1, i:199), STATEMACHINELOGENTRY, 486@client-C0EB4CED6B19
2023-03-28 15:08:26,590 [s1@group-D8BE47583D5B-StateMachineUpdater] INFO  impl.SimpleStateMachine4Testing (SimpleStateMachine4Testing.java:put(205)) - s1: put 201, m100 -> (t:1, i:201), STATEMACHINELOGENTRY, 487@client-C0EB4CED6B19
2023-03-28 15:08:26,590 [s1@group-D8BE47583D5B-StateMachineUpdater] INFO  impl.SimpleStateMachine4Testing (SimpleStateMachine4Testing.java:put(205)) - s1: put 203, m101 -> (t:1, i:203), STATEMACHINELOGENTRY, 488@client-C0EB4CED6B19
2023-03-28 15:08:26,590 [s1@group-D8BE47583D5B-StateMachineUpdater] INFO  impl.SimpleStateMachine4Testing (SimpleStateMachine4Testing.java:put(205)) - s1: put 205, m102 -> (t:1, i:205), STATEMACHINELOGENTRY, 489@client-C0EB4CED6B19
2023-03-28 15:08:26,590 [s1@group-D8BE47583D5B-StateMachineUpdater] INFO  impl.SimpleStateMachine4Testing (SimpleStateMachine4Testing.java:put(205)) - s1: put 207, m103 -> (t:1, i:207), STATEMACHINELOGENTRY, 490@client-C0EB4CED6B19
2023-03-28 15:08:26,591 [s1@group-D8BE47583D5B-StateMachineUpdater] INFO  impl.SimpleStateMachine4Testing (SimpleStateMachine4Testing.java:put(205)) - s1: put 209, m104 -> (t:1, i:209), STATEMACHINELOGENTRY, 491@client-C0EB4CED6B19
2023-03-28 15:08:26,591 [s1@group-D8BE47583D5B-StateMachineUpdater] INFO  impl.SimpleStateMachine4Testing (SimpleStateMachine4Testing.java:put(205)) - s1: put 211, m105 -> (t:1, i:211), STATEMACHINELOGENTRY, 492@client-C0EB4CED6B19
2023-03-28 15:08:26,591 [s1@group-D8BE47583D5B-StateMachineUpdater] INFO  impl.SimpleStateMachine4Testing (SimpleStateMachine4Testing.java:put(205)) - s1: put 213, m106 -> (t:1, i:213), STATEMACHINELOGENTRY, 493@client-C0EB4CED6B19
2023-03-28 15:08:26,591 [s1@group-D8BE47583D5B-StateMachineUpdater] INFO  impl.SimpleStateMachine4Testing (SimpleStateMachine4Testing.java:put(205)) - s1: put 215, m107 -> (t:1, i:215), STATEMACHINELOGENTRY, 494@client-C0EB4CED6B19
2023-03-28 15:08:26,591 [s1@group-D8BE47583D5B-StateMachineUpdater] INFO  impl.SimpleStateMachine4Testing (SimpleStateMachine4Testing.java:put(205)) - s1: put 217, m108 -> (t:1, i:217), STATEMACHINELOGENTRY, 495@client-C0EB4CED6B19
2023-03-28 15:08:26,591 [s1@group-D8BE47583D5B-StateMachineUpdater] INFO  impl.SimpleStateMachine4Testing (SimpleStateMachine4Testing.java:put(205)) - s1: put 219, m109 -> (t:1, i:219), STATEMACHINELOGENTRY, 496@client-C0EB4CED6B19
2023-03-28 15:08:26,591 [s1@group-D8BE47583D5B-StateMachineUpdater] INFO  impl.SimpleStateMachine4Testing (SimpleStateMachine4Testing.java:put(205)) - s1: put 221, m110 -> (t:1, i:221), STATEMACHINELOGENTRY, 497@client-C0EB4CED6B19
2023-03-28 15:08:26,591 [s1@group-D8BE47583D5B-StateMachineUpdater] INFO  impl.SimpleStateMachine4Testing (SimpleStateMachine4Testing.java:put(205)) - s1: put 223, m111 -> (t:1, i:223), STATEMACHINELOGENTRY, 498@client-C0EB4CED6B19
2023-03-28 15:08:26,591 [s1@group-D8BE47583D5B-StateMachineUpdater] INFO  impl.SimpleStateMachine4Testing (SimpleStateMachine4Testing.java:put(205)) - s1: put 225, m112 -> (t:1, i:225), STATEMACHINELOGENTRY, 499@client-C0EB4CED6B19
2023-03-28 15:08:26,591 [s1@group-D8BE47583D5B-StateMachineUpdater] INFO  impl.SimpleStateMachine4Testing (SimpleStateMachine4Testing.java:put(205)) - s1: put 227, m113 -> (t:1, i:227), STATEMACHINELOGENTRY, 500@client-C0EB4CED6B19
2023-03-28 15:08:26,591 [s1@group-D8BE47583D5B-StateMachineUpdater] INFO  impl.SimpleStateMachine4Testing (SimpleStateMachine4Testing.java:put(205)) - s1: put 229, m114 -> (t:1, i:229), STATEMACHINELOGENTRY, 501@client-C0EB4CED6B19
2023-03-28 15:08:26,591 [s1@group-D8BE47583D5B-StateMachineUpdater] INFO  impl.SimpleStateMachine4Testing (SimpleStateMachine4Testing.java:put(205)) - s1: put 231, m115 -> (t:1, i:231), STATEMACHINELOGENTRY, 502@client-C0EB4CED6B19
2023-03-28 15:08:26,591 [s1@group-D8BE47583D5B-StateMachineUpdater] INFO  impl.SimpleStateMachine4Testing (SimpleStateMachine4Testing.java:put(205)) - s1: put 233, m116 -> (t:1, i:233), STATEMACHINELOGENTRY, 503@client-C0EB4CED6B19
2023-03-28 15:08:26,591 [s1@group-D8BE47583D5B-StateMachineUpdater] INFO  impl.SimpleStateMachine4Testing (SimpleStateMachine4Testing.java:put(205)) - s1: put 235, m117 -> (t:1, i:235), STATEMACHINELOGENTRY, 504@client-C0EB4CED6B19
2023-03-28 15:08:26,591 [s1@group-D8BE47583D5B-StateMachineUpdater] INFO  impl.SimpleStateMachine4Testing (SimpleStateMachine4Testing.java:put(205)) - s1: put 237, m118 -> (t:1, i:237), STATEMACHINELOGENTRY, 505@client-C0EB4CED6B19
2023-03-28 15:08:26,592 [s1@group-D8BE47583D5B-StateMachineUpdater] INFO  impl.SimpleStateMachine4Testing (SimpleStateMachine4Testing.java:put(205)) - s1: put 239, m119 -> (t:1, i:239), STATEMACHINELOGENTRY, 506@client-C0EB4CED6B19
2023-03-28 15:08:26,592 [s1@group-D8BE47583D5B-StateMachineUpdater] INFO  impl.SimpleStateMachine4Testing (SimpleStateMachine4Testing.java:put(205)) - s1: put 241, m120 -> (t:1, i:241), STATEMACHINELOGENTRY, 507@client-C0EB4CED6B19
2023-03-28 15:08:26,592 [s1@group-D8BE47583D5B-StateMachineUpdater] INFO  impl.SimpleStateMachine4Testing (SimpleStateMachine4Testing.java:put(205)) - s1: put 243, m121 -> (t:1, i:243), STATEMACHINELOGENTRY, 508@client-C0EB4CED6B19
2023-03-28 15:08:26,592 [s1@group-D8BE47583D5B-StateMachineUpdater] INFO  impl.SimpleStateMachine4Testing (SimpleStateMachine4Testing.java:put(205)) - s1: put 245, m122 -> (t:1, i:245), STATEMACHINELOGENTRY, 509@client-C0EB4CED6B19
2023-03-28 15:08:26,592 [s1@group-D8BE47583D5B-StateMachineUpdater] INFO  impl.SimpleStateMachine4Testing (SimpleStateMachine4Testing.java:put(205)) - s1: put 247, m123 -> (t:1, i:247), STATEMACHINELOGENTRY, 510@client-C0EB4CED6B19
2023-03-28 15:08:26,592 [s1@group-D8BE47583D5B-StateMachineUpdater] INFO  impl.SimpleStateMachine4Testing (SimpleStateMachine4Testing.java:put(205)) - s1: put 249, m124 -> (t:1, i:249), STATEMACHINELOGENTRY, 511@client-C0EB4CED6B19
2023-03-28 15:08:26,592 [s1@group-D8BE47583D5B-StateMachineUpdater] INFO  impl.SimpleStateMachine4Testing (SimpleStateMachine4Testing.java:put(205)) - s1: put 251, m125 -> (t:1, i:251), STATEMACHINELOGENTRY, 512@client-C0EB4CED6B19
2023-03-28 15:08:26,592 [s1@group-D8BE47583D5B-StateMachineUpdater] INFO  impl.SimpleStateMachine4Testing (SimpleStateMachine4Testing.java:put(205)) - s1: put 253, m126 -> (t:1, i:253), STATEMACHINELOGENTRY, 513@client-C0EB4CED6B19
2023-03-28 15:08:26,593 [s0@group-D8BE47583D5B-LeaderStateImpl] INFO  server.RaftServer$Division (ServerState.java:setRaftConf(377)) - s0@group-D8BE47583D5B: set configuration 257: peers:[s0|rpc:localhost:34345|admin:localhost:46595|client:localhost:38665|dataStream:localhost:35383|priority:0|startupRole:FOLLOWER, s1|rpc:0.0.0.0:42037|dataStream:|priority:0|startupRole:FOLLOWER, s2|rpc:0.0.0.0:39861|dataStream:|priority:0|startupRole:FOLLOWER]|listeners:[], old=null
2023-03-28 15:08:26,597 [s0@group-D8BE47583D5B-StateMachineUpdater] TRACE util.FileUtils (FileUtils.java:deleteFully(201)) - deleteFully /tmp/ratis-tests/statemachine/s0/snapshot/1_255
2023-03-28 15:08:26,598 [s1-server-thread2] INFO  server.RaftServer$Division (ServerState.java:setRaftConf(377)) - s1@group-D8BE47583D5B: set configuration 257: peers:[s0|rpc:localhost:34345|admin:localhost:46595|client:localhost:38665|dataStream:localhost:35383|priority:0|startupRole:FOLLOWER, s1|rpc:0.0.0.0:42037|dataStream:|priority:0|startupRole:FOLLOWER, s2|rpc:0.0.0.0:39861|dataStream:|priority:0|startupRole:FOLLOWER]|listeners:[], old=null
2023-03-28 15:08:26,600 [s2-server-thread3] INFO  server.RaftServer$Division (ServerState.java:setRaftConf(377)) - s2@group-D8BE47583D5B: set configuration 257: peers:[s0|rpc:localhost:34345|admin:localhost:46595|client:localhost:38665|dataStream:localhost:35383|priority:0|startupRole:FOLLOWER, s1|rpc:0.0.0.0:42037|dataStream:|priority:0|startupRole:FOLLOWER, s2|rpc:0.0.0.0:39861|dataStream:|priority:0|startupRole:FOLLOWER]|listeners:[], old=null
2023-03-28 15:08:26,600 [s0@group-D8BE47583D5B-StateMachineUpdater] TRACE util.FileUtils (FileUtils.java:deleteFully(217)) - deleteFully: /tmp/ratis-tests/statemachine/s0/snapshot/1_255 does not exist.
2023-03-28 15:08:26,600 [s0@group-D8BE47583D5B-StateMachineUpdater] TRACE util.FileUtils (FileUtils.java:deleteFully(201)) - deleteFully /tmp/ratis-tests/statemachine/s0/tmp/2746a292-0957-4d1f-b0d4-55162adc7b98
2023-03-28 15:08:26,600 [s0@group-D8BE47583D5B-StateMachineUpdater] TRACE util.FileUtils (FileUtils.java:deleteFully(217)) - deleteFully: /tmp/ratis-tests/statemachine/s0/tmp/2746a292-0957-4d1f-b0d4-55162adc7b98 does not exist.
2023-03-28 15:08:26,601 [s0@group-D8BE47583D5B-StateMachineUpdater] TRACE util.FileUtils (LogUtils.java:runAndLog(49)) - Successfully ran Atomic Files.move /tmp/ratis-tests/statemachine/s0/tmp/2746a292-0957-4d1f-b0d4-55162adc7b98 to /tmp/ratis-tests/statemachine/s0/snapshot/1_255
2023-03-28 15:08:26,601 [s0@group-D8BE47583D5B-StateMachineUpdater] INFO  impl.StateMachineUpdater (StateMachineUpdater.java:takeSnapshot(290)) - s0@group-D8BE47583D5B-StateMachineUpdater: Took a snapshot at index 255
2023-03-28 15:08:26,601 [s0@group-D8BE47583D5B-StateMachineUpdater] INFO  impl.StateMachineUpdater (StateMachineUpdater.java:lambda$new$0(96)) - s0@group-D8BE47583D5B-StateMachineUpdater: snapshotIndex: updateIncreasingly 191 -> 255
2023-03-28 15:08:26,601 [s0@group-D8BE47583D5B-StateMachineUpdater] INFO  raftlog.RaftLog (RaftLogBase.java:purge(314)) - s0@group-D8BE47583D5B-SegmentedRaftLog: purge 254
2023-03-28 15:08:26,601 [s0@group-D8BE47583D5B-StateMachineUpdater] INFO  raftlog.RaftLog (RaftLogBase.java:lambda$new$0(53)) - s0@group-D8BE47583D5B-SegmentedRaftLog: snapshotIndex: updateIncreasingly 191 -> 255
2023-03-28 15:08:26,601 [s0@group-D8BE47583D5B-StateMachineUpdater] INFO  raftlog.RaftLog (RaftLogBase.java:lambda$new$0(53)) - s0@group-D8BE47583D5B-SegmentedRaftLog: purgeIndex: updateToMax old=191, new=254, updated? true
2023-03-28 15:08:26,601 [s1@group-D8BE47583D5B-StateMachineUpdater] TRACE util.FileUtils (FileUtils.java:deleteFully(201)) - deleteFully /tmp/ratis-tests/statemachine/s1/snapshot/1_255
2023-03-28 15:08:26,601 [s1@group-D8BE47583D5B-StateMachineUpdater] TRACE util.FileUtils (FileUtils.java:deleteFully(217)) - deleteFully: /tmp/ratis-tests/statemachine/s1/snapshot/1_255 does not exist.
2023-03-28 15:08:26,605 [s1@group-D8BE47583D5B-StateMachineUpdater] TRACE util.FileUtils (FileUtils.java:deleteFully(201)) - deleteFully /tmp/ratis-tests/statemachine/s1/tmp/0dabcf2b-8234-41a4-8820-3ff40a3d4503
2023-03-28 15:08:26,605 [s1@group-D8BE47583D5B-StateMachineUpdater] TRACE util.FileUtils (FileUtils.java:deleteFully(217)) - deleteFully: /tmp/ratis-tests/statemachine/s1/tmp/0dabcf2b-8234-41a4-8820-3ff40a3d4503 does not exist.
2023-03-28 15:08:26,605 [s1@group-D8BE47583D5B-StateMachineUpdater] TRACE util.FileUtils (LogUtils.java:runAndLog(49)) - Successfully ran Atomic Files.move /tmp/ratis-tests/statemachine/s1/tmp/0dabcf2b-8234-41a4-8820-3ff40a3d4503 to /tmp/ratis-tests/statemachine/s1/snapshot/1_255
2023-03-28 15:08:26,605 [s1@group-D8BE47583D5B-StateMachineUpdater] INFO  impl.StateMachineUpdater (StateMachineUpdater.java:takeSnapshot(290)) - s1@group-D8BE47583D5B-StateMachineUpdater: Took a snapshot at index 255
2023-03-28 15:08:26,605 [s1@group-D8BE47583D5B-StateMachineUpdater] INFO  impl.StateMachineUpdater (StateMachineUpdater.java:lambda$new$0(96)) - s1@group-D8BE47583D5B-StateMachineUpdater: snapshotIndex: updateIncreasingly 191 -> 255
2023-03-28 15:08:26,605 [s1@group-D8BE47583D5B-StateMachineUpdater] INFO  raftlog.RaftLog (RaftLogBase.java:purge(314)) - s1@group-D8BE47583D5B-SegmentedRaftLog: purge 254
2023-03-28 15:08:26,605 [s1@group-D8BE47583D5B-StateMachineUpdater] INFO  raftlog.RaftLog (RaftLogBase.java:lambda$new$0(53)) - s1@group-D8BE47583D5B-SegmentedRaftLog: snapshotIndex: updateIncreasingly 191 -> 255
2023-03-28 15:08:26,605 [s1@group-D8BE47583D5B-StateMachineUpdater] INFO  raftlog.RaftLog (RaftLogBase.java:lambda$new$0(53)) - s1@group-D8BE47583D5B-SegmentedRaftLog: purgeIndex: updateToMax old=-1, new=254, updated? true
2023-03-28 15:08:26,608 [s2@group-D8BE47583D5B-StateMachineUpdater] TRACE util.FileUtils (FileUtils.java:deleteFully(201)) - deleteFully /tmp/ratis-tests/statemachine/s2/snapshot/1_255
2023-03-28 15:08:26,608 [s2@group-D8BE47583D5B-StateMachineUpdater] TRACE util.FileUtils (FileUtils.java:deleteFully(217)) - deleteFully: /tmp/ratis-tests/statemachine/s2/snapshot/1_255 does not exist.
2023-03-28 15:08:26,608 [s2@group-D8BE47583D5B-StateMachineUpdater] TRACE util.FileUtils (FileUtils.java:deleteFully(201)) - deleteFully /tmp/ratis-tests/statemachine/s2/tmp/2cc37256-4dd9-4e89-a114-c7c2767e2e09
2023-03-28 15:08:26,608 [s2@group-D8BE47583D5B-StateMachineUpdater] TRACE util.FileUtils (FileUtils.java:deleteFully(217)) - deleteFully: /tmp/ratis-tests/statemachine/s2/tmp/2cc37256-4dd9-4e89-a114-c7c2767e2e09 does not exist.
2023-03-28 15:08:26,608 [s2@group-D8BE47583D5B-StateMachineUpdater] TRACE util.FileUtils (LogUtils.java:runAndLog(49)) - Successfully ran Atomic Files.move /tmp/ratis-tests/statemachine/s2/tmp/2cc37256-4dd9-4e89-a114-c7c2767e2e09 to /tmp/ratis-tests/statemachine/s2/snapshot/1_255
2023-03-28 15:08:26,608 [s2@group-D8BE47583D5B-StateMachineUpdater] INFO  impl.StateMachineUpdater (StateMachineUpdater.java:takeSnapshot(290)) - s2@group-D8BE47583D5B-StateMachineUpdater: Took a snapshot at index 255
2023-03-28 15:08:26,608 [s2@group-D8BE47583D5B-StateMachineUpdater] INFO  impl.StateMachineUpdater (StateMachineUpdater.java:lambda$new$0(96)) - s2@group-D8BE47583D5B-StateMachineUpdater: snapshotIndex: updateIncreasingly 191 -> 255
2023-03-28 15:08:26,608 [s2@group-D8BE47583D5B-StateMachineUpdater] INFO  raftlog.RaftLog (RaftLogBase.java:purge(314)) - s2@group-D8BE47583D5B-SegmentedRaftLog: purge 254
2023-03-28 15:08:26,608 [s2@group-D8BE47583D5B-StateMachineUpdater] INFO  raftlog.RaftLog (RaftLogBase.java:lambda$new$0(53)) - s2@group-D8BE47583D5B-SegmentedRaftLog: snapshotIndex: updateIncreasingly 191 -> 255
2023-03-28 15:08:26,608 [s2@group-D8BE47583D5B-StateMachineUpdater] INFO  raftlog.RaftLog (RaftLogBase.java:lambda$new$0(53)) - s2@group-D8BE47583D5B-SegmentedRaftLog: purgeIndex: updateToMax old=-1, new=254, updated? true
2023-03-28 15:08:26,632 [Time-limited test] INFO  server.RaftServerConfigKeys (ConfUtils.java:logGet(46)) - raft.server.rpc.timeout.max = 300ms (default)
2023-03-28 15:08:26,632 [Time-limited test] INFO  impl.RaftServerTestUtil (RaftServerTestUtil.java:waitAndCheckNewConf(87)) - waitAndCheckNewConf: peers=[s1|rpc:0.0.0.0:42037|priority:0|startupRole:FOLLOWER, s2|rpc:0.0.0.0:39861|priority:0|startupRole:FOLLOWER, s0|rpc:localhost:34345|admin:localhost:46595|client:localhost:38665|dataStream:localhost:35383|priority:0|startupRole:FOLLOWER], deadPeers=null, printing ALL groups
  s0:  RUNNING    LEADER s0@group-D8BE47583D5B:t1, leader=s0, voted=s0, raftlog=Memoized:s0@group-D8BE47583D5B-SegmentedRaftLog:OPENED:c258, conf=257: peers:[s0|rpc:localhost:34345|admin:localhost:46595|client:localhost:38665|dataStream:localhost:35383|priority:0|startupRole:FOLLOWER, s1|rpc:0.0.0.0:42037|dataStream:|priority:0|startupRole:FOLLOWER, s2|rpc:0.0.0.0:39861|dataStream:|priority:0|startupRole:FOLLOWER]|listeners:[], old=null RUNNING
  s1:  RUNNING  FOLLOWER s1@group-D8BE47583D5B:t1, leader=s0, voted=null, raftlog=Memoized:s1@group-D8BE47583D5B-SegmentedRaftLog:OPENED:c257, conf=257: peers:[s0|rpc:localhost:34345|admin:localhost:46595|client:localhost:38665|dataStream:localhost:35383|priority:0|startupRole:FOLLOWER, s1|rpc:0.0.0.0:42037|dataStream:|priority:0|startupRole:FOLLOWER, s2|rpc:0.0.0.0:39861|dataStream:|priority:0|startupRole:FOLLOWER]|listeners:[], old=null RUNNING
  s2:  RUNNING  FOLLOWER s2@group-D8BE47583D5B:t1, leader=s0, voted=null, raftlog=Memoized:s2@group-D8BE47583D5B-SegmentedRaftLog:OPENED:c257, conf=257: peers:[s0|rpc:localhost:34345|admin:localhost:46595|client:localhost:38665|dataStream:localhost:35383|priority:0|startupRole:FOLLOWER, s1|rpc:0.0.0.0:42037|dataStream:|priority:0|startupRole:FOLLOWER, s2|rpc:0.0.0.0:39861|dataStream:|priority:0|startupRole:FOLLOWER]|listeners:[], old=null RUNNING
2023-03-28 15:08:26,632 [Time-limited test] INFO  impl.RaftServerTestUtil (RaftServerTestUtil.java:waitAndCheckNewConf(96)) - checking    LEADER s0@group-D8BE47583D5B:t1, leader=s0, voted=s0, raftlog=Memoized:s0@group-D8BE47583D5B-SegmentedRaftLog:OPENED:c258, conf=257: peers:[s0|rpc:localhost:34345|admin:localhost:46595|client:localhost:38665|dataStream:localhost:35383|priority:0|startupRole:FOLLOWER, s1|rpc:0.0.0.0:42037|dataStream:|priority:0|startupRole:FOLLOWER, s2|rpc:0.0.0.0:39861|dataStream:|priority:0|startupRole:FOLLOWER]|listeners:[], old=null RUNNING
2023-03-28 15:08:26,632 [Time-limited test] INFO  impl.RaftServerTestUtil (RaftServerTestUtil.java:waitAndCheckNewConf(96)) - checking  FOLLOWER s1@group-D8BE47583D5B:t1, leader=s0, voted=null, raftlog=Memoized:s1@group-D8BE47583D5B-SegmentedRaftLog:OPENED:c257, conf=257: peers:[s0|rpc:localhost:34345|admin:localhost:46595|client:localhost:38665|dataStream:localhost:35383|priority:0|startupRole:FOLLOWER, s1|rpc:0.0.0.0:42037|dataStream:|priority:0|startupRole:FOLLOWER, s2|rpc:0.0.0.0:39861|dataStream:|priority:0|startupRole:FOLLOWER]|listeners:[], old=null RUNNING
2023-03-28 15:08:26,632 [Time-limited test] INFO  impl.RaftServerTestUtil (RaftServerTestUtil.java:waitAndCheckNewConf(96)) - checking  FOLLOWER s2@group-D8BE47583D5B:t1, leader=s0, voted=null, raftlog=Memoized:s2@group-D8BE47583D5B-SegmentedRaftLog:OPENED:c257, conf=257: peers:[s0|rpc:localhost:34345|admin:localhost:46595|client:localhost:38665|dataStream:localhost:35383|priority:0|startupRole:FOLLOWER, s1|rpc:0.0.0.0:42037|dataStream:|priority:0|startupRole:FOLLOWER, s2|rpc:0.0.0.0:39861|dataStream:|priority:0|startupRole:FOLLOWER]|listeners:[], old=null RUNNING
2023-03-28 15:08:26,632 [Time-limited test] INFO  impl.MiniRaftCluster (MiniRaftCluster.java:shutdown(831)) - ************************************************************** 
2023-03-28 15:08:26,633 [Time-limited test] INFO  impl.MiniRaftCluster (MiniRaftCluster.java:shutdown(832)) - *** 
2023-03-28 15:08:26,633 [Time-limited test] INFO  impl.MiniRaftCluster (MiniRaftCluster.java:shutdown(833)) - ***     Stopping MiniRaftClusterWithGrpc
2023-03-28 15:08:26,633 [Time-limited test] INFO  impl.MiniRaftCluster (MiniRaftCluster.java:shutdown(834)) - *** 
2023-03-28 15:08:26,633 [Time-limited test] INFO  impl.MiniRaftCluster (MiniRaftCluster.java:shutdown(835)) - ************************************************************** 
2023-03-28 15:08:26,633 [Time-limited test] INFO  impl.MiniRaftCluster (MiniRaftCluster.java:shutdown(836)) - printing ALL groups
  s0:  RUNNING    LEADER s0@group-D8BE47583D5B:t1, leader=s0, voted=s0, raftlog=Memoized:s0@group-D8BE47583D5B-SegmentedRaftLog:OPENED:c258, conf=257: peers:[s0|rpc:localhost:34345|admin:localhost:46595|client:localhost:38665|dataStream:localhost:35383|priority:0|startupRole:FOLLOWER, s1|rpc:0.0.0.0:42037|dataStream:|priority:0|startupRole:FOLLOWER, s2|rpc:0.0.0.0:39861|dataStream:|priority:0|startupRole:FOLLOWER]|listeners:[], old=null RUNNING
  s1:  RUNNING  FOLLOWER s1@group-D8BE47583D5B:t1, leader=s0, voted=null, raftlog=Memoized:s1@group-D8BE47583D5B-SegmentedRaftLog:OPENED:c257, conf=257: peers:[s0|rpc:localhost:34345|admin:localhost:46595|client:localhost:38665|dataStream:localhost:35383|priority:0|startupRole:FOLLOWER, s1|rpc:0.0.0.0:42037|dataStream:|priority:0|startupRole:FOLLOWER, s2|rpc:0.0.0.0:39861|dataStream:|priority:0|startupRole:FOLLOWER]|listeners:[], old=null RUNNING
  s2:  RUNNING  FOLLOWER s2@group-D8BE47583D5B:t1, leader=s0, voted=null, raftlog=Memoized:s2@group-D8BE47583D5B-SegmentedRaftLog:OPENED:c257, conf=257: peers:[s0|rpc:localhost:34345|admin:localhost:46595|client:localhost:38665|dataStream:localhost:35383|priority:0|startupRole:FOLLOWER, s1|rpc:0.0.0.0:42037|dataStream:|priority:0|startupRole:FOLLOWER, s2|rpc:0.0.0.0:39861|dataStream:|priority:0|startupRole:FOLLOWER]|listeners:[], old=null RUNNING
2023-03-28 15:08:26,652 [MiniRaftCluster-19] INFO  server.RaftServer (RaftServerProxy.java:lambda$close$7(417)) - s0: close
2023-03-28 15:08:26,665 [MiniRaftCluster-19] INFO  server.GrpcService (GrpcService.java:closeImpl(311)) - s0: shutdown server org.apache.ratis.grpc.server.GrpcClientProtocolService now
2023-03-28 15:08:26,666 [s0-impl-thread1] INFO  server.RaftServer$Division (RaftServerImpl.java:lambda$close$4(466)) - s0@group-D8BE47583D5B: shutdown
2023-03-28 15:08:26,666 [s0-impl-thread1] INFO  util.JmxRegister (JmxRegister.java:unregister(73)) - Successfully un-registered JMX Bean with object name Ratis:service=RaftServer,group=group-D8BE47583D5B,id=s0
2023-03-28 15:08:26,666 [s0-impl-thread1] INFO  impl.RoleInfo (RoleInfo.java:shutdownLeaderState(93)) - s0: shutdown s0@group-D8BE47583D5B-LeaderStateImpl
2023-03-28 15:08:26,666 [s0-impl-thread1] INFO  impl.PendingRequests (PendingRequests.java:sendNotLeaderResponses(289)) - s0@group-D8BE47583D5B-PendingRequests: sendNotLeaderResponses
2023-03-28 15:08:26,667 [Thread-235] INFO  server.GrpcServerProtocolClient (GrpcServerProtocolClient.java:close(103)) - s1 Close channels
2023-03-28 15:08:26,667 [Thread-236] INFO  server.GrpcServerProtocolClient (GrpcServerProtocolClient.java:close(103)) - s2 Close channels
2023-03-28 15:08:26,668 [grpc-default-executor-0] INFO  server.GrpcServerProtocolService (GrpcServerProtocolService.java:onCompleted(145)) - s2: Completed APPEND_ENTRIES, lastRequest: s0->s2#323-t1,previous=(t:1, i:257),leaderCommit=257,initializing? true,entries: size=1, first=(t:1, i:258), METADATAENTRY(c:257)
2023-03-28 15:08:26,668 [MiniRaftCluster-20] INFO  server.RaftServer (RaftServerProxy.java:lambda$close$7(417)) - s1: close
2023-03-28 15:08:26,669 [MiniRaftCluster-21] INFO  server.RaftServer (RaftServerProxy.java:lambda$close$7(417)) - s2: close
2023-03-28 15:08:26,669 [MiniRaftCluster-20] INFO  server.GrpcService (GrpcService.java:closeImpl(311)) - s1: shutdown server GrpcServerProtocolService now
2023-03-28 15:08:26,669 [s1-impl-thread1] INFO  server.RaftServer$Division (RaftServerImpl.java:lambda$close$4(466)) - s1@group-D8BE47583D5B: shutdown
2023-03-28 15:08:26,669 [s1-impl-thread1] INFO  util.JmxRegister (JmxRegister.java:unregister(73)) - Successfully un-registered JMX Bean with object name Ratis:service=RaftServer,group=group-D8BE47583D5B,id=s1
2023-03-28 15:08:26,669 [s1-impl-thread1] INFO  impl.RoleInfo (RoleInfo.java:shutdownFollowerState(110)) - s1: shutdown s1@group-D8BE47583D5B-FollowerState
2023-03-28 15:08:26,669 [s1-impl-thread1] INFO  impl.StateMachineUpdater (StateMachineUpdater.java:stopAndJoin(154)) - s1@group-D8BE47583D5B-StateMachineUpdater: set stopIndex = 257
2023-03-28 15:08:26,669 [grpc-default-executor-2] INFO  server.GrpcServerProtocolService (GrpcServerProtocolService.java:onCompleted(145)) - s2: Completed APPEND_ENTRIES, lastRequest: null
2023-03-28 15:08:26,670 [s1@group-D8BE47583D5B-FollowerState] INFO  impl.FollowerState (FollowerState.java:run(152)) - s1@group-D8BE47583D5B-FollowerState was interrupted
2023-03-28 15:08:26,670 [s1@group-D8BE47583D5B-StateMachineUpdater] TRACE util.FileUtils (FileUtils.java:deleteFully(201)) - deleteFully /tmp/ratis-tests/statemachine/s1/snapshot/1_257
2023-03-28 15:08:26,670 [s1@group-D8BE47583D5B-StateMachineUpdater] TRACE util.FileUtils (FileUtils.java:deleteFully(217)) - deleteFully: /tmp/ratis-tests/statemachine/s1/snapshot/1_257 does not exist.
2023-03-28 15:08:26,670 [s1@group-D8BE47583D5B-StateMachineUpdater] TRACE util.FileUtils (FileUtils.java:deleteFully(201)) - deleteFully /tmp/ratis-tests/statemachine/s1/tmp/5423a885-06c6-4209-9d9f-5ee32fe2bab9
2023-03-28 15:08:26,670 [s1@group-D8BE47583D5B-StateMachineUpdater] TRACE util.FileUtils (FileUtils.java:deleteFully(217)) - deleteFully: /tmp/ratis-tests/statemachine/s1/tmp/5423a885-06c6-4209-9d9f-5ee32fe2bab9 does not exist.
2023-03-28 15:08:26,670 [s1@group-D8BE47583D5B-StateMachineUpdater] TRACE util.FileUtils (LogUtils.java:runAndLog(49)) - Successfully ran Atomic Files.move /tmp/ratis-tests/statemachine/s1/tmp/5423a885-06c6-4209-9d9f-5ee32fe2bab9 to /tmp/ratis-tests/statemachine/s1/snapshot/1_257
2023-03-28 15:08:26,670 [s1@group-D8BE47583D5B-StateMachineUpdater] INFO  impl.StateMachineUpdater (StateMachineUpdater.java:takeSnapshot(290)) - s1@group-D8BE47583D5B-StateMachineUpdater: Took a snapshot at index 257
2023-03-28 15:08:26,670 [s1@group-D8BE47583D5B-StateMachineUpdater] INFO  impl.StateMachineUpdater (StateMachineUpdater.java:lambda$new$0(96)) - s1@group-D8BE47583D5B-StateMachineUpdater: snapshotIndex: updateIncreasingly 255 -> 257
2023-03-28 15:08:26,670 [grpc-default-executor-4] INFO  server.GrpcLogAppender (GrpcLogAppender.java:onCompleted(422)) - s0@group-D8BE47583D5B->s2-AppendLogResponseHandler: follower responses appendEntries COMPLETED
2023-03-28 15:08:26,670 [grpc-default-executor-4] WARN  server.GrpcLogAppender (GrpcLogAppender.java:resetClient(133)) - s0@group-D8BE47583D5B->s2-GrpcLogAppender: Failed to getClient for s2
org.apache.ratis.protocol.exceptions.AlreadyClosedException: s0 is already CLOSED
	at org.apache.ratis.util.PeerProxyMap$PeerAndProxy.getProxy(PeerProxyMap.java:61)
	at org.apache.ratis.util.PeerProxyMap.getProxy(PeerProxyMap.java:115)
	at org.apache.ratis.grpc.server.GrpcLogAppender.getClient(GrpcLogAppender.java:111)
	at org.apache.ratis.grpc.server.GrpcLogAppender.resetClient(GrpcLogAppender.java:116)
	at org.apache.ratis.grpc.server.GrpcLogAppender.access$500(GrpcLogAppender.java:55)
	at org.apache.ratis.grpc.server.GrpcLogAppender$AppendLogResponseHandler.onCompleted(GrpcLogAppender.java:423)
	at org.apache.ratis.thirdparty.io.grpc.stub.ClientCalls$StreamObserverToCallListenerAdapter.onClose(ClientCalls.java:485)
	at org.apache.ratis.thirdparty.io.grpc.internal.ClientCallImpl.closeObserver(ClientCallImpl.java:563)
	at org.apache.ratis.thirdparty.io.grpc.internal.ClientCallImpl.access$300(ClientCallImpl.java:70)
	at org.apache.ratis.thirdparty.io.grpc.internal.ClientCallImpl$ClientStreamListenerImpl$1StreamClosed.runInternal(ClientCallImpl.java:744)
	at org.apache.ratis.thirdparty.io.grpc.internal.ClientCallImpl$ClientStreamListenerImpl$1StreamClosed.runInContext(ClientCallImpl.java:723)
	at org.apache.ratis.thirdparty.io.grpc.internal.ContextRunnable.run(ContextRunnable.java:37)
	at org.apache.ratis.thirdparty.io.grpc.internal.SerializingExecutor.run(SerializingExecutor.java:133)
	at java.base/java.util.concurrent.ThreadPoolExecutor.runWorker(ThreadPoolExecutor.java:1128)
	at java.base/java.util.concurrent.ThreadPoolExecutor$Worker.run(ThreadPoolExecutor.java:628)
	at java.base/java.lang.Thread.run(Thread.java:829)
2023-03-28 15:08:26,671 [grpc-default-executor-0] INFO  server.GrpcServerProtocolService (GrpcServerProtocolService.java:onCompleted(145)) - s1: Completed APPEND_ENTRIES, lastRequest: s0->s1#380-t1,previous=(t:1, i:257),leaderCommit=257,initializing? true,entries: size=1, first=(t:1, i:258), METADATAENTRY(c:257)
2023-03-28 15:08:26,671 [grpc-default-executor-1] INFO  server.GrpcServerProtocolService (GrpcServerProtocolService.java:onCompleted(145)) - s1: Completed APPEND_ENTRIES, lastRequest: null
2023-03-28 15:08:26,672 [s2-impl-thread1] INFO  server.RaftServer$Division (RaftServerImpl.java:lambda$close$4(466)) - s2@group-D8BE47583D5B: shutdown
2023-03-28 15:08:26,672 [s2-impl-thread1] INFO  util.JmxRegister (JmxRegister.java:unregister(73)) - Successfully un-registered JMX Bean with object name Ratis:service=RaftServer,group=group-D8BE47583D5B,id=s2
2023-03-28 15:08:26,672 [s2-impl-thread1] INFO  impl.RoleInfo (RoleInfo.java:shutdownFollowerState(110)) - s2: shutdown s2@group-D8BE47583D5B-FollowerState
2023-03-28 15:08:26,672 [s2-impl-thread1] INFO  impl.StateMachineUpdater (StateMachineUpdater.java:stopAndJoin(154)) - s2@group-D8BE47583D5B-StateMachineUpdater: set stopIndex = 257
2023-03-28 15:08:26,672 [s0-impl-thread1] INFO  impl.StateMachineUpdater (StateMachineUpdater.java:stopAndJoin(154)) - s0@group-D8BE47583D5B-StateMachineUpdater: set stopIndex = 258
2023-03-28 15:08:26,672 [s2@group-D8BE47583D5B-StateMachineUpdater] TRACE util.FileUtils (FileUtils.java:deleteFully(201)) - deleteFully /tmp/ratis-tests/statemachine/s2/snapshot/1_257
2023-03-28 15:08:26,672 [s2@group-D8BE47583D5B-StateMachineUpdater] TRACE util.FileUtils (FileUtils.java:deleteFully(217)) - deleteFully: /tmp/ratis-tests/statemachine/s2/snapshot/1_257 does not exist.
2023-03-28 15:08:26,672 [s2@group-D8BE47583D5B-StateMachineUpdater] TRACE util.FileUtils (FileUtils.java:deleteFully(201)) - deleteFully /tmp/ratis-tests/statemachine/s2/tmp/c49419cd-78a6-4689-9e0f-81633caaaeeb
2023-03-28 15:08:26,672 [s2@group-D8BE47583D5B-FollowerState] INFO  impl.FollowerState (FollowerState.java:run(152)) - s2@group-D8BE47583D5B-FollowerState was interrupted
2023-03-28 15:08:26,672 [s2@group-D8BE47583D5B-StateMachineUpdater] TRACE util.FileUtils (FileUtils.java:deleteFully(217)) - deleteFully: /tmp/ratis-tests/statemachine/s2/tmp/c49419cd-78a6-4689-9e0f-81633caaaeeb does not exist.
2023-03-28 15:08:26,673 [s2@group-D8BE47583D5B-StateMachineUpdater] TRACE util.FileUtils (LogUtils.java:runAndLog(49)) - Successfully ran Atomic Files.move /tmp/ratis-tests/statemachine/s2/tmp/c49419cd-78a6-4689-9e0f-81633caaaeeb to /tmp/ratis-tests/statemachine/s2/snapshot/1_257
2023-03-28 15:08:26,673 [s2@group-D8BE47583D5B-StateMachineUpdater] INFO  impl.StateMachineUpdater (StateMachineUpdater.java:takeSnapshot(290)) - s2@group-D8BE47583D5B-StateMachineUpdater: Took a snapshot at index 257
2023-03-28 15:08:26,673 [s2@group-D8BE47583D5B-StateMachineUpdater] INFO  impl.StateMachineUpdater (StateMachineUpdater.java:lambda$new$0(96)) - s2@group-D8BE47583D5B-StateMachineUpdater: snapshotIndex: updateIncreasingly 255 -> 257
2023-03-28 15:08:26,673 [s0@group-D8BE47583D5B-StateMachineUpdater] TRACE util.FileUtils (FileUtils.java:deleteFully(201)) - deleteFully /tmp/ratis-tests/statemachine/s0/snapshot/1_258
2023-03-28 15:08:26,673 [s0@group-D8BE47583D5B-StateMachineUpdater] TRACE util.FileUtils (FileUtils.java:deleteFully(217)) - deleteFully: /tmp/ratis-tests/statemachine/s0/snapshot/1_258 does not exist.
2023-03-28 15:08:26,673 [s0@group-D8BE47583D5B-StateMachineUpdater] TRACE util.FileUtils (FileUtils.java:deleteFully(201)) - deleteFully /tmp/ratis-tests/statemachine/s0/tmp/8cda7274-6b6b-46cb-995e-7f47feee68c3
2023-03-28 15:08:26,673 [s0@group-D8BE47583D5B-StateMachineUpdater] TRACE util.FileUtils (FileUtils.java:deleteFully(217)) - deleteFully: /tmp/ratis-tests/statemachine/s0/tmp/8cda7274-6b6b-46cb-995e-7f47feee68c3 does not exist.
2023-03-28 15:08:26,673 [s0@group-D8BE47583D5B-StateMachineUpdater] TRACE util.FileUtils (LogUtils.java:runAndLog(49)) - Successfully ran Atomic Files.move /tmp/ratis-tests/statemachine/s0/tmp/8cda7274-6b6b-46cb-995e-7f47feee68c3 to /tmp/ratis-tests/statemachine/s0/snapshot/1_258
2023-03-28 15:08:26,673 [s0@group-D8BE47583D5B-StateMachineUpdater] INFO  impl.StateMachineUpdater (StateMachineUpdater.java:takeSnapshot(290)) - s0@group-D8BE47583D5B-StateMachineUpdater: Took a snapshot at index 258
2023-03-28 15:08:26,673 [s0@group-D8BE47583D5B-StateMachineUpdater] INFO  impl.StateMachineUpdater (StateMachineUpdater.java:lambda$new$0(96)) - s0@group-D8BE47583D5B-StateMachineUpdater: snapshotIndex: updateIncreasingly 255 -> 258
2023-03-28 15:08:26,673 [s2-impl-thread1] INFO  server.RaftServer$Division (ServerState.java:close(413)) - s2@group-D8BE47583D5B: applyIndex: 257
2023-03-28 15:08:26,673 [s0-impl-thread1] INFO  server.RaftServer$Division (ServerState.java:close(413)) - s0@group-D8BE47583D5B: applyIndex: 258
2023-03-28 15:08:26,674 [MiniRaftCluster-21] INFO  server.GrpcService (GrpcService.java:closeImpl(311)) - s2: shutdown server GrpcServerProtocolService now
2023-03-28 15:08:26,681 [s1-impl-thread1] INFO  server.RaftServer$Division (ServerState.java:close(413)) - s1@group-D8BE47583D5B: applyIndex: 257
2023-03-28 15:08:26,681 [grpc-default-executor-2] INFO  server.GrpcLogAppender (GrpcLogAppender.java:onCompleted(422)) - s0@group-D8BE47583D5B->s2-AppendLogResponseHandler: follower responses appendEntries COMPLETED
2023-03-28 15:08:26,681 [grpc-default-executor-2] WARN  server.GrpcLogAppender (GrpcLogAppender.java:resetClient(133)) - s0@group-D8BE47583D5B->s2-GrpcLogAppender: Failed to getClient for s2
org.apache.ratis.protocol.exceptions.AlreadyClosedException: s0 is already CLOSED
	at org.apache.ratis.util.PeerProxyMap$PeerAndProxy.getProxy(PeerProxyMap.java:61)
	at org.apache.ratis.util.PeerProxyMap.getProxy(PeerProxyMap.java:115)
	at org.apache.ratis.grpc.server.GrpcLogAppender.getClient(GrpcLogAppender.java:111)
	at org.apache.ratis.grpc.server.GrpcLogAppender.resetClient(GrpcLogAppender.java:116)
	at org.apache.ratis.grpc.server.GrpcLogAppender.access$500(GrpcLogAppender.java:55)
	at org.apache.ratis.grpc.server.GrpcLogAppender$AppendLogResponseHandler.onCompleted(GrpcLogAppender.java:423)
	at org.apache.ratis.thirdparty.io.grpc.stub.ClientCalls$StreamObserverToCallListenerAdapter.onClose(ClientCalls.java:485)
	at org.apache.ratis.thirdparty.io.grpc.internal.DelayedClientCall$DelayedListener$3.run(DelayedClientCall.java:471)
	at org.apache.ratis.thirdparty.io.grpc.internal.DelayedClientCall$DelayedListener.delayOrExecute(DelayedClientCall.java:435)
	at org.apache.ratis.thirdparty.io.grpc.internal.DelayedClientCall$DelayedListener.onClose(DelayedClientCall.java:468)
	at org.apache.ratis.thirdparty.io.grpc.internal.ClientCallImpl.closeObserver(ClientCallImpl.java:563)
	at org.apache.ratis.thirdparty.io.grpc.internal.ClientCallImpl.access$300(ClientCallImpl.java:70)
	at org.apache.ratis.thirdparty.io.grpc.internal.ClientCallImpl$ClientStreamListenerImpl$1StreamClosed.runInternal(ClientCallImpl.java:744)
	at org.apache.ratis.thirdparty.io.grpc.internal.ClientCallImpl$ClientStreamListenerImpl$1StreamClosed.runInContext(ClientCallImpl.java:723)
	at org.apache.ratis.thirdparty.io.grpc.internal.ContextRunnable.run(ContextRunnable.java:37)
	at org.apache.ratis.thirdparty.io.grpc.internal.SerializingExecutor.run(SerializingExecutor.java:133)
	at java.base/java.util.concurrent.ThreadPoolExecutor.runWorker(ThreadPoolExecutor.java:1128)
	at java.base/java.util.concurrent.ThreadPoolExecutor$Worker.run(ThreadPoolExecutor.java:628)
	at java.base/java.lang.Thread.run(Thread.java:829)
2023-03-28 15:08:26,685 [MiniRaftCluster-20] INFO  server.GrpcService (GrpcService.java:closeImpl(320)) - s1: shutdown server GrpcServerProtocolService successfully
2023-03-28 15:08:26,696 [grpc-default-executor-0] INFO  server.GrpcLogAppender (GrpcLogAppender.java:onCompleted(422)) - s0@group-D8BE47583D5B->s1-AppendLogResponseHandler: follower responses appendEntries COMPLETED
2023-03-28 15:08:26,696 [grpc-default-executor-0] WARN  server.GrpcLogAppender (GrpcLogAppender.java:resetClient(133)) - s0@group-D8BE47583D5B->s1-GrpcLogAppender: Failed to getClient for s1
org.apache.ratis.protocol.exceptions.AlreadyClosedException: s0 is already CLOSED
	at org.apache.ratis.util.PeerProxyMap$PeerAndProxy.getProxy(PeerProxyMap.java:61)
	at org.apache.ratis.util.PeerProxyMap.getProxy(PeerProxyMap.java:115)
	at org.apache.ratis.grpc.server.GrpcLogAppender.getClient(GrpcLogAppender.java:111)
	at org.apache.ratis.grpc.server.GrpcLogAppender.resetClient(GrpcLogAppender.java:116)
	at org.apache.ratis.grpc.server.GrpcLogAppender.access$500(GrpcLogAppender.java:55)
	at org.apache.ratis.grpc.server.GrpcLogAppender$AppendLogResponseHandler.onCompleted(GrpcLogAppender.java:423)
	at org.apache.ratis.thirdparty.io.grpc.stub.ClientCalls$StreamObserverToCallListenerAdapter.onClose(ClientCalls.java:485)
	at org.apache.ratis.thirdparty.io.grpc.internal.ClientCallImpl.closeObserver(ClientCallImpl.java:563)
	at org.apache.ratis.thirdparty.io.grpc.internal.ClientCallImpl.access$300(ClientCallImpl.java:70)
	at org.apache.ratis.thirdparty.io.grpc.internal.ClientCallImpl$ClientStreamListenerImpl$1StreamClosed.runInternal(ClientCallImpl.java:744)
	at org.apache.ratis.thirdparty.io.grpc.internal.ClientCallImpl$ClientStreamListenerImpl$1StreamClosed.runInContext(ClientCallImpl.java:723)
	at org.apache.ratis.thirdparty.io.grpc.internal.ContextRunnable.run(ContextRunnable.java:37)
	at org.apache.ratis.thirdparty.io.grpc.internal.SerializingExecutor.run(SerializingExecutor.java:133)
	at java.base/java.util.concurrent.ThreadPoolExecutor.runWorker(ThreadPoolExecutor.java:1128)
	at java.base/java.util.concurrent.ThreadPoolExecutor$Worker.run(ThreadPoolExecutor.java:628)
	at java.base/java.lang.Thread.run(Thread.java:829)
2023-03-28 15:08:26,696 [MiniRaftCluster-19] INFO  server.GrpcService (GrpcService.java:closeImpl(320)) - s0: shutdown server org.apache.ratis.grpc.server.GrpcClientProtocolService successfully
2023-03-28 15:08:26,696 [MiniRaftCluster-19] INFO  server.GrpcService (GrpcService.java:closeImpl(311)) - s0: shutdown server GrpcServerProtocolService now
2023-03-28 15:08:26,703 [grpc-default-executor-1] INFO  server.GrpcLogAppender (GrpcLogAppender.java:onCompleted(422)) - s0@group-D8BE47583D5B->s1-AppendLogResponseHandler: follower responses appendEntries COMPLETED
2023-03-28 15:08:26,704 [grpc-default-executor-1] WARN  server.GrpcLogAppender (GrpcLogAppender.java:resetClient(133)) - s0@group-D8BE47583D5B->s1-GrpcLogAppender: Failed to getClient for s1
org.apache.ratis.protocol.exceptions.AlreadyClosedException: s0 is already CLOSED
	at org.apache.ratis.util.PeerProxyMap$PeerAndProxy.getProxy(PeerProxyMap.java:61)
	at org.apache.ratis.util.PeerProxyMap.getProxy(PeerProxyMap.java:115)
	at org.apache.ratis.grpc.server.GrpcLogAppender.getClient(GrpcLogAppender.java:111)
	at org.apache.ratis.grpc.server.GrpcLogAppender.resetClient(GrpcLogAppender.java:116)
	at org.apache.ratis.grpc.server.GrpcLogAppender.access$500(GrpcLogAppender.java:55)
	at org.apache.ratis.grpc.server.GrpcLogAppender$AppendLogResponseHandler.onCompleted(GrpcLogAppender.java:423)
	at org.apache.ratis.thirdparty.io.grpc.stub.ClientCalls$StreamObserverToCallListenerAdapter.onClose(ClientCalls.java:485)
	at org.apache.ratis.thirdparty.io.grpc.internal.DelayedClientCall$DelayedListener$3.run(DelayedClientCall.java:471)
	at org.apache.ratis.thirdparty.io.grpc.internal.DelayedClientCall$DelayedListener.delayOrExecute(DelayedClientCall.java:435)
	at org.apache.ratis.thirdparty.io.grpc.internal.DelayedClientCall$DelayedListener.onClose(DelayedClientCall.java:468)
	at org.apache.ratis.thirdparty.io.grpc.internal.ClientCallImpl.closeObserver(ClientCallImpl.java:563)
	at org.apache.ratis.thirdparty.io.grpc.internal.ClientCallImpl.access$300(ClientCallImpl.java:70)
	at org.apache.ratis.thirdparty.io.grpc.internal.ClientCallImpl$ClientStreamListenerImpl$1StreamClosed.runInternal(ClientCallImpl.java:744)
	at org.apache.ratis.thirdparty.io.grpc.internal.ClientCallImpl$ClientStreamListenerImpl$1StreamClosed.runInContext(ClientCallImpl.java:723)
	at org.apache.ratis.thirdparty.io.grpc.internal.ContextRunnable.run(ContextRunnable.java:37)
	at org.apache.ratis.thirdparty.io.grpc.internal.SerializingExecutor.run(SerializingExecutor.java:133)
	at java.base/java.util.concurrent.ThreadPoolExecutor.runWorker(ThreadPoolExecutor.java:1128)
	at java.base/java.util.concurrent.ThreadPoolExecutor$Worker.run(ThreadPoolExecutor.java:628)
	at java.base/java.lang.Thread.run(Thread.java:829)
2023-03-28 15:08:26,705 [MiniRaftCluster-21] INFO  server.GrpcService (GrpcService.java:closeImpl(320)) - s2: shutdown server GrpcServerProtocolService successfully
2023-03-28 15:08:26,705 [MiniRaftCluster-19] INFO  server.GrpcService (GrpcService.java:closeImpl(320)) - s0: shutdown server GrpcServerProtocolService successfully
2023-03-28 15:08:26,705 [MiniRaftCluster-19] INFO  server.GrpcService (GrpcService.java:closeImpl(311)) - s0: shutdown server org.apache.ratis.grpc.server.GrpcAdminProtocolService now
2023-03-28 15:08:26,710 [MiniRaftCluster-19] INFO  server.GrpcService (GrpcService.java:closeImpl(320)) - s0: shutdown server org.apache.ratis.grpc.server.GrpcAdminProtocolService successfully
2023-03-28 15:08:27,611 [s0-impl-thread1] INFO  segmented.SegmentedRaftLogWorker (SegmentedRaftLogWorker.java:close(242)) - s0@group-D8BE47583D5B-SegmentedRaftLogWorker close()
2023-03-28 15:08:27,611 [JvmPauseMonitor9] INFO  util.JvmPauseMonitor (JvmPauseMonitor.java:run(109)) - JvmPauseMonitor-s0: Stopped
2023-03-28 15:08:27,613 [s2-impl-thread1] INFO  segmented.SegmentedRaftLogWorker (SegmentedRaftLogWorker.java:close(242)) - s2@group-D8BE47583D5B-SegmentedRaftLogWorker close()
2023-03-28 15:08:27,614 [JvmPauseMonitor11] INFO  util.JvmPauseMonitor (JvmPauseMonitor.java:run(109)) - JvmPauseMonitor-s2: Stopped
2023-03-28 15:08:27,614 [s1-impl-thread1] INFO  segmented.SegmentedRaftLogWorker (SegmentedRaftLogWorker.java:close(242)) - s1@group-D8BE47583D5B-SegmentedRaftLogWorker close()
2023-03-28 15:08:27,615 [JvmPauseMonitor10] INFO  util.JvmPauseMonitor (JvmPauseMonitor.java:run(109)) - JvmPauseMonitor-s1: Stopped
2023-03-28 15:08:27,615 [Time-limited test] INFO  impl.MiniRaftCluster (MiniRaftCluster.java:shutdown(855)) - MiniRaftClusterWithGrpc shutdown completed
2023-03-28 15:08:27,615 [Time-limited test] INFO  impl.MiniRaftCluster (MiniRaftCluster.java:shutdown(831)) - ************************************************************** 
2023-03-28 15:08:27,615 [Time-limited test] INFO  impl.MiniRaftCluster (MiniRaftCluster.java:shutdown(832)) - *** 
2023-03-28 15:08:27,615 [Time-limited test] INFO  impl.MiniRaftCluster (MiniRaftCluster.java:shutdown(833)) - ***     Stopping MiniRaftClusterWithGrpc
2023-03-28 15:08:27,615 [Time-limited test] INFO  impl.MiniRaftCluster (MiniRaftCluster.java:shutdown(834)) - *** 
2023-03-28 15:08:27,615 [Time-limited test] INFO  impl.MiniRaftCluster (MiniRaftCluster.java:shutdown(835)) - ************************************************************** 
2023-03-28 15:08:27,615 [Time-limited test] INFO  impl.MiniRaftCluster (MiniRaftCluster.java:shutdown(836)) - printing ALL groups
  s0:   CLOSED    LEADER s0@group-D8BE47583D5B:t1, leader=s0, voted=s0, raftlog=Memoized:s0@group-D8BE47583D5B-SegmentedRaftLog:CLOSED:c258, conf=257: peers:[s0|rpc:localhost:34345|admin:localhost:46595|client:localhost:38665|dataStream:localhost:35383|priority:0|startupRole:FOLLOWER, s1|rpc:0.0.0.0:42037|dataStream:|priority:0|startupRole:FOLLOWER, s2|rpc:0.0.0.0:39861|dataStream:|priority:0|startupRole:FOLLOWER]|listeners:[], old=null CLOSED
  s1:   CLOSED  FOLLOWER s1@group-D8BE47583D5B:t1, leader=s0, voted=null, raftlog=Memoized:s1@group-D8BE47583D5B-SegmentedRaftLog:CLOSED:c257, conf=257: peers:[s0|rpc:localhost:34345|admin:localhost:46595|client:localhost:38665|dataStream:localhost:35383|priority:0|startupRole:FOLLOWER, s1|rpc:0.0.0.0:42037|dataStream:|priority:0|startupRole:FOLLOWER, s2|rpc:0.0.0.0:39861|dataStream:|priority:0|startupRole:FOLLOWER]|listeners:[], old=null CLOSED
  s2:   CLOSED  FOLLOWER s2@group-D8BE47583D5B:t1, leader=s0, voted=null, raftlog=Memoized:s2@group-D8BE47583D5B-SegmentedRaftLog:CLOSED:c257, conf=257: peers:[s0|rpc:localhost:34345|admin:localhost:46595|client:localhost:38665|dataStream:localhost:35383|priority:0|startupRole:FOLLOWER, s1|rpc:0.0.0.0:42037|dataStream:|priority:0|startupRole:FOLLOWER, s2|rpc:0.0.0.0:39861|dataStream:|priority:0|startupRole:FOLLOWER]|listeners:[], old=null CLOSED
2023-03-28 15:08:27,620 [Time-limited test] INFO  impl.MiniRaftCluster (MiniRaftCluster.java:shutdown(855)) - MiniRaftClusterWithGrpc shutdown completed
]]></system-out>
  </testcase>
</testsuite>